number,value,datetime_start,datetime_complete,duration,params_dt_max_depth,params_dt_min_samples_leaf,params_dt_min_samples_split,params_elastic_alpha,params_elastic_l1_ratio,params_et_max_depth,params_et_max_features,params_et_min_samples_leaf,params_et_min_samples_split,params_et_n_estimators,params_knn_metric,params_knn_n_neighbors,params_knn_weights,params_quantile_alpha,params_regressor,params_rf_max_depth,params_rf_max_features,params_rf_min_samples_leaf,params_rf_min_samples_split,params_rf_n_estimators,params_rfe_n_features,params_rfe_proxy_et_max_depth,params_rfe_proxy_et_min_samples_leaf,params_rfe_proxy_et_min_samples_split,params_rfe_proxy_et_n_estimators,params_rfe_proxy_lsvr_C,params_rfe_proxy_lsvr_epsilon,params_rfe_proxy_type,params_use_scaler,params_xgb_booster,params_xgb_colsample_bytree,params_xgb_learning_rate,params_xgb_max_depth,params_xgb_n_estimators,params_xgb_reg_alpha,params_xgb_reg_lambda,params_xgb_subsample,user_attrs_d2mae_ci_lower_val,user_attrs_d2mae_ci_upper_val,user_attrs_d2mae_df_val,user_attrs_d2mae_mean_val,user_attrs_d2mae_samperror_val,user_attrs_d2mae_std_val,user_attrs_d2mae_t_critical_val,user_attrs_mae_ci_lower_val,user_attrs_mae_ci_upper_val,user_attrs_mae_df_val,user_attrs_mae_mean_val,user_attrs_mae_samperror_val,user_attrs_mae_std_val,user_attrs_mae_t_critical_val,user_attrs_mape_ci_lower_val,user_attrs_mape_ci_upper_val,user_attrs_mape_df_val,user_attrs_mape_mean_val,user_attrs_mape_samperror_val,user_attrs_mape_std_val,user_attrs_mape_t_critical_val,user_attrs_max_error_ci_lower_val,user_attrs_max_error_ci_upper_val,user_attrs_max_error_df_val,user_attrs_max_error_mean_val,user_attrs_max_error_samperror_val,user_attrs_max_error_std_val,user_attrs_max_error_t_critical_val,user_attrs_median_ae_ci_lower_val,user_attrs_median_ae_ci_upper_val,user_attrs_median_ae_df_val,user_attrs_median_ae_mean_val,user_attrs_median_ae_samperror_val,user_attrs_median_ae_std_val,user_attrs_median_ae_t_critical_val,user_attrs_n_splits_val,user_attrs_r2_below_zero_val,user_attrs_r2_ci_lower_val,user_attrs_r2_ci_upper_val,user_attrs_r2_df_val,user_attrs_r2_mean_val,user_attrs_r2_samperror_val,user_attrs_r2_std_val,user_attrs_r2_t_critical_val,user_attrs_regressor_final,user_attrs_rfe_estimator,user_attrs_rfe_n_features,user_attrs_rfe_selected_features,user_attrs_rho_ci_lower_val,user_attrs_rho_ci_upper_val,user_attrs_rho_df_val,user_attrs_rho_mean_val,user_attrs_rho_samperror_val,user_attrs_rho_std_val,user_attrs_rho_t_critical_val,user_attrs_rmse_ci_lower_val,user_attrs_rmse_ci_upper_val,user_attrs_rmse_df_val,user_attrs_rmse_mean_val,user_attrs_rmse_samperror_val,user_attrs_rmse_std_val,user_attrs_rmse_t_critical_val,user_attrs_termination_reason,user_attrs_use_scaler_final,state
197,1.1083193093652453,2026-06-13 09:25:44.582232,2026-06-13 09:26:04.316156,0 days 00:00:19.733924,,,,,,16.0,log2,4.0,6.0,350.0,,,,,ExtraTreesRegressor,,,,,,11,,,,,,,,False,,,,,,,,,-0.04329729356480097,-0.030301537649805557,98.0,-0.036799415607303265,0.006497877957497709,0.032579556398739676,1.9844674545084815,1.0951365697560393,1.1215020489744512,98.0,1.1083193093652453,0.013182739609205912,0.0660966259134569,1.9844674545084815,348658443186580.6,445932152782614.25,98.0,397295297984597.44,48636854798016.836,243859174381832.88,1.9844674545084815,3.080996497607951,3.1283095436231285,98.0,3.10465302061554,0.023656523007588828,0.11861088043897672,1.9844674545084815,0.9779707960675288,1.008910583788662,98.0,0.9934406899280954,0.015469893860566611,0.07756413444658394,1.9844674545084815,99.0,0.37373737373737376,-0.0007388096428858869,0.0203705665714962,98.0,0.009815878464305157,0.010554688107191044,0.05291990072890789,1.9844674545084815,ExtraTreesRegressor,"{'mode': 'original', 'type': 'ExtraTreesRegressor'}",11,"['nodes_T6W50', 're_T6W50', 'pe_T6W50', 'l1_T6W50', 'l2_T6W50', 'l3_T6W50', 'lcc_T6W50', 'lsc_T6W50', 'z_lsc_T6W50', 'z_density_T6W50', 'z_asp_T6W50']",0.098967212570545,0.15298879598190543,98.0,0.12597800427622521,0.02701079170568021,0.13542876882358384,1.9844674545084815,1.371582121258113,1.4029005292569487,98.0,1.3872413252575309,0.01565920399941787,0.07851331206824752,1.9844674545084815,completed,False,COMPLETE
198,1.0926752023277075,2026-06-13 09:26:04.328618,2026-06-13 09:26:05.971586,0 days 00:00:01.642968,,,,0.02854162178907665,0.9271106288584273,,,,,,,,,,ElasticNet,,,,,,4,,,,,,,,True,,,,,,,,,-0.028310391505276946,-0.015996888303977646,98.0,-0.022153639904627296,0.00615675160064965,0.030869191037198204,1.9844674545084815,1.0796750340467023,1.1056753706087128,98.0,1.0926752023277075,0.01300016828100529,0.06518123585491607,1.9844674545084815,368444221116490.4,471241331544993.9,98.0,419842776330742.1,51398555214251.73,257705998692118.4,1.9844674545084815,3.262819691895646,3.42279695885927,98.0,3.342808325377458,0.07998863348181202,0.4010531150053122,1.9844674545084815,0.9771826705877577,0.9960887974102236,98.0,0.9866357339989906,0.009453063411233014,0.04739649075614961,1.9844674545084815,99.0,0.48484848484848486,-0.02872906124807996,-0.00521790444682343,98.0,-0.016973482847451694,0.011755578400628264,0.05894101612991237,1.9844674545084815,ElasticNet,"{'mode': 'original', 'type': 'ElasticNet'}",4,"['edges_T6W50', 'pe_T6W50', 'lsc_T6W50', 'diameter_T6W50']",0.053503640508732735,0.10625655095972103,98.0,0.07988009573422689,0.02637645522549415,0.13224828416887385,1.9844674545084815,1.3892305037738883,1.4226747620324294,98.0,1.4059526329031589,0.016722129129270544,0.08384268720305053,1.9844674545084815,completed,True,COMPLETE
199,1.2053609644302674,2026-06-13 09:26:05.983822,2026-06-13 09:26:06.107376,0 days 00:00:00.123554,,,,,,,,,,,,,,,LinearRegression,,,,,,19,,,,,,,,False,,,,,,,,,,,,,,,,,,,,,,,,,,,,,,,,,,,,,,,,,,,,,,,,,,,,,LinearRegression,"{'mode': 'original', 'type': 'LinearRegression'}",19,"['nodes_T6W50', 'edges_T6W50', 're_T6W50', 'pe_T6W50', 'l1_T6W50', 'l2_T6W50', 'lcc_T6W50', 'lsc_T6W50', 'atd_T6W50', 'density_T6W50', 'diameter_T6W50', 'asp_T6W50', 'z_pe_T6W50', 'z_l1_T6W50', 'z_l2_T6W50', 'z_lsc_T6W50', 'z_density_T6W50', 'z_diameter_T6W50', 'z_asp_T6W50']",,,,,,,,,,,,,,,pruned,False,PRUNED
200,1.1904659273042668,2026-06-13 09:26:06.116534,2026-06-13 09:26:06.210558,0 days 00:00:00.094024,,,,,,,,,,,,,,,LinearRegression,,,,,,18,,,,,,,,False,,,,,,,,,,,,,,,,,,,,,,,,,,,,,,,,,,,,,,,,,,,,,,,,,,,,,LinearRegression,"{'mode': 'original', 'type': 'LinearRegression'}",18,"['nodes_T6W50', 'edges_T6W50', 're_T6W50', 'pe_T6W50', 'l2_T6W50', 'lcc_T6W50', 'lsc_T6W50', 'atd_T6W50', 'density_T6W50', 'diameter_T6W50', 'asp_T6W50', 'z_pe_T6W50', 'z_l1_T6W50', 'z_l2_T6W50', 'z_lsc_T6W50', 'z_density_T6W50', 'z_diameter_T6W50', 'z_asp_T6W50']",,,,,,,,,,,,,,,pruned,False,PRUNED
201,1.0691225985343633,2026-06-13 09:26:06.221348,2026-06-13 09:26:08.458773,0 days 00:00:02.237425,,,,,,,,,,,,,,0.05845961471326635,QuantileRegressor,,,,,,12,,,,,,,,False,,,,,,,,,-6.097507778362565e-17,-1.5282665321940662e-17,98.0,-3.812887155278315e-17,2.284620623084249e-17,1.1454805234316887e-16,1.9844674545084815,1.0575870578016928,1.0806581392670338,98.0,1.0691225985343633,0.011535540732670513,0.057837774477796554,1.9844674545084815,378756762949842.3,482894502655208.7,98.0,430825632802525.5,52068869852683.18,261066873382366.97,1.9844674545084815,3.0,3.0,98.0,3.0,6.57476821179223e-17,3.2965074623718235e-16,1.9844674545084815,0.9999999999999999,1.0,98.0,1.0,6.57476821179223e-17,3.2965074623718235e-16,1.9844674545084815,99.0,0.9292929292929293,-0.004402232239554246,-0.002812910014847299,98.0,-0.0036075711272007724,0.0007946611123534739,0.003984332530889079,1.9844674545084815,QuantileRegressor,"{'mode': 'original', 'type': 'QuantileRegressor'}",12,"['density_T6W50', 'diameter_T6W50', 'asp_T6W50', 'z_re_T6W50', 'z_pe_T6W50', 'z_l1_T6W50', 'z_l2_T6W50', 'z_l3_T6W50', 'z_lsc_T6W50', 'z_density_T6W50', 'z_diameter_T6W50', 'z_asp_T6W50']",,,,,,,,1.3817940130923385,1.413236739470511,98.0,1.3975153762814247,0.01572136318908618,0.07882497055717957,1.9844674545084815,completed,False,COMPLETE
202,1.1087916222017329,2026-06-13 09:26:08.472340,2026-06-13 09:26:10.303443,0 days 00:00:01.831103,,,,0.000787528498540362,0.6939495905101568,,,,,,,,,,ElasticNet,,,,,,6,,,,,,,,False,,,,,,,,,-0.04454971814142657,-0.029821595018916545,98.0,-0.037185656580171554,0.007364061561255009,0.03692249385537696,1.9844674545084815,1.0948001911293122,1.1227830532741536,98.0,1.1087916222017329,0.013991431072420658,0.0701513048882418,1.9844674545084815,358176890792493.2,459542425140762.7,98.0,408859657966627.94,50682767174134.73,254117125990126.97,1.9844674545084815,3.3902175601119127,3.61161811385297,98.0,3.5009178369824414,0.11070027687052854,0.5550374964334275,1.9844674545084815,0.9738568708613945,1.0001567173385055,98.0,0.98700679409995,0.013149923238555497,0.06593208868985863,1.9844674545084815,99.0,0.5858585858585859,-0.05295267536559584,-0.02172885800213229,98.0,-0.03734076668386407,0.015611908681731774,0.07827617919501888,1.9844674545084815,ElasticNet,"{'mode': 'original', 'type': 'ElasticNet'}",6,"['edges_T6W50', 'pe_T6W50', 'l2_T6W50', 'z_pe_T6W50', 'z_l2_T6W50', 'z_lsc_T6W50']",0.04705005766728298,0.10079199503555497,98.0,0.07392102635141898,0.026870968684136,0.13472771348735896,1.9844674545084815,1.4018182187785546,1.4369559509304433,98.0,1.419387084854499,0.01756886607594423,0.08808812152630079,1.9844674545084815,completed,False,COMPLETE
203,1.1066550169568161,2026-06-13 09:26:10.315898,2026-06-13 09:26:35.171025,0 days 00:00:24.855127,,,,,,6.0,,1.0,5.0,451.0,,,,,ExtraTreesRegressor,,,,,,7,,,,,,,,False,,,,,,,,,-0.045114658218076496,-0.025509188380883084,98.0,-0.03531192329947979,0.009802734918596708,0.04914970044548252,1.9844674545084815,1.0915741483142016,1.1217358855994306,98.0,1.1066550169568161,0.015080868642614544,0.07561361011976478,1.9844674545084815,339751929401265.4,435794389220835.6,98.0,387773159311050.5,48021229909785.15,240772507334867.34,1.9844674545084815,3.103504734394143,3.1882811414602052,98.0,3.145892937927174,0.04238820353303103,0.21252920979412346,1.9844674545084815,0.9780860346331778,1.0075015755959744,98.0,0.992793805114576,0.014707770481398305,0.07374294208550525,1.9844674545084815,99.0,0.3838383838383838,-0.008663385748588968,0.02509639661964275,98.0,0.008216505435526891,0.01687989118411586,0.0846336866334851,1.9844674545084815,ExtraTreesRegressor,"{'mode': 'original', 'type': 'ExtraTreesRegressor'}",7,"['edges_T6W50', 're_T6W50', 'pe_T6W50', 'l3_T6W50', 'lsc_T6W50', 'z_lsc_T6W50', 'z_density_T6W50']",0.12531797567450842,0.1846884529724604,98.0,0.1550032143234844,0.029685238648975994,0.14883811501236574,1.9844674545084815,1.3698699409377444,1.4051567089417591,98.0,1.3875133249397518,0.017643384002007486,0.08846174519094559,1.9844674545084815,completed,False,COMPLETE
204,1.1085362925957523,2026-06-13 09:26:35.183428,2026-06-13 09:26:56.088685,0 days 00:00:20.905257,,,,,,15.0,log2,3.0,3.0,364.0,,,,,ExtraTreesRegressor,,,,,,13,,,,,,,,False,,,,,,,,,-0.044249080162275654,-0.029882278262459518,98.0,-0.037065679212367586,0.00718340094990807,0.03601668389481639,1.9844674545084815,1.0951784272915406,1.121894157899964,98.0,1.1085362925957523,0.013357865304211666,0.06697468448806047,1.9844674545084815,340689348558134.06,436110808559048.8,98.0,388400078558591.44,47710730000457.375,239215699193207.0,1.9844674545084815,3.077475372886191,3.129613898528942,98.0,3.1035446357075664,0.026069262821375585,0.1307080594492487,1.9844674545084815,0.9805464064267667,1.01255706235614,98.0,0.9965517343914534,0.016005327964686678,0.08024873482028903,1.9844674545084815,99.0,0.3434343434343434,0.003395784020522109,0.026471812562753515,98.0,0.014933798291637813,0.011538014271115704,0.0578501764936249,1.9844674545084815,ExtraTreesRegressor,"{'mode': 'original', 'type': 'ExtraTreesRegressor'}",13,"['re_T6W50', 'pe_T6W50', 'l1_T6W50', 'l2_T6W50', 'l3_T6W50', 'lcc_T6W50', 'lsc_T6W50', 'diameter_T6W50', 'z_pe_T6W50', 'z_l3_T6W50', 'z_lsc_T6W50', 'z_density_T6W50', 'z_asp_T6W50']",0.10561039623523287,0.15896016585510112,98.0,0.13228528104516699,0.02667488480993412,0.13374457319444652,1.9844674545084815,1.367883833107458,1.3989915866174005,98.0,1.3834377098624293,0.015553876754971267,0.0779852142918323,1.9844674545084815,completed,False,COMPLETE
205,1.1190861383868138,2026-06-13 09:26:56.101150,2026-06-13 09:26:57.767181,0 days 00:00:01.666031,,,,,,,,,,,minkowski,18.0,distance,,KNeighborsRegressor,,,,,,16,,,,,0.1748691422370216,0.0326366689670085,LinearSVR,,,,,,,,,,-0.05538251624524248,-0.03822293983088237,98.0,-0.04680272803806242,0.008579788207180054,0.04301799689274369,1.9844674545084815,1.1042476189309656,1.133924657842662,98.0,1.1190861383868138,0.014838519455848293,0.07439850127190942,1.9844674545084815,352990298947794.7,452174686333592.7,98.0,402582492640693.7,49592193692899.01,248649125441133.7,1.9844674545084815,3.0356153703116644,3.1221494010168276,98.0,3.078882385664246,0.04326701535258167,0.21693546356284688,1.9844674545084815,0.9527872898172638,0.995319355837563,98.0,0.9740533228274134,0.02126603301014961,0.1066252592559366,1.9844674545084815,99.0,0.40404040404040403,-9.736028223078334e-05,0.02988421040590033,98.0,0.014893425061834772,0.014990785344065555,0.07516194360265593,1.9844674545084815,KNeighborsRegressor,"{'mode': 'proxy', 'type': 'LinearSVR'}",16,"['nodes_T6W50', 'edges_T6W50', 're_T6W50', 'pe_T6W50', 'l2_T6W50', 'l3_T6W50', 'lcc_T6W50', 'lsc_T6W50', 'atd_T6W50', 'density_T6W50', 'z_l1_T6W50', 'z_l2_T6W50', 'z_l3_T6W50', 'z_density_T6W50', 'z_diameter_T6W50', 'z_asp_T6W50']",0.14984061934754953,0.19972279954301306,98.0,0.1747817094452813,0.02494109009773177,0.12505154094922633,1.9844674545084815,1.365683712653614,1.4007617265848094,98.0,1.3832227196192117,0.017539006965597622,0.08793841164010155,1.9844674545084815,completed,True,COMPLETE
206,1.5406574852163086,2026-06-13 09:26:57.779420,2026-06-13 09:26:57.888482,0 days 00:00:00.109062,10.0,5.0,5.0,,,,,,,,,,,,DecisionTreeRegressor,,,,,,20,,,,,,,,False,,,,,,,,,,,,,,,,,,,,,,,,,,,,,,,,,,,,,,,,,,,,,,,,,,,,,DecisionTreeRegressor,"{'mode': 'original', 'type': 'DecisionTreeRegressor'}",20,"['nodes_T6W50', 'edges_T6W50', 're_T6W50', 'pe_T6W50', 'l2_T6W50', 'lcc_T6W50', 'lsc_T6W50', 'atd_T6W50', 'density_T6W50', 'diameter_T6W50', 'asp_T6W50', 'z_re_T6W50', 'z_pe_T6W50', 'z_l1_T6W50', 'z_l2_T6W50', 'z_l3_T6W50', 'z_lsc_T6W50', 'z_density_T6W50', 'z_diameter_T6W50', 'z_asp_T6W50']",,,,,,,,,,,,,,,pruned,False,PRUNED
207,1.0918828230944613,2026-06-13 09:26:57.898936,2026-06-13 09:27:22.449085,0 days 00:00:24.550149,,,,,,3.0,log2,1.0,9.0,486.0,,,,,ExtraTreesRegressor,,,,,,22,,,,,,,,False,,,,,,,,,-0.025582476726275744,-0.01725490847290535,98.0,-0.021418692599590547,0.004163784126685197,0.020876698619891748,1.9844674545084815,1.0798362053884365,1.103929440800486,98.0,1.0918828230944613,0.012046617706024857,0.060400251210416984,1.9844674545084815,361691774977867.25,462420672058023.4,98.0,412056223517945.3,50364448540078.04,252521115729722.97,1.9844674545084815,3.0772213026957975,3.1143821440685726,98.0,3.095801723382185,0.018580420686387412,0.09315993123046917,1.9844674545084815,0.9874493426141379,1.0051513938742138,98.0,0.9963003682441759,0.008851025630038003,0.04437794778336527,1.9844674545084815,99.0,0.40404040404040403,-0.004886046709858618,0.007914020666132176,98.0,0.001513986978136779,0.006400033687995397,0.03208897733317476,1.9844674545084815,ExtraTreesRegressor,"{'mode': 'original', 'type': 'ExtraTreesRegressor'}",22,"['nodes_T6W50', 'edges_T6W50', 're_T6W50', 'pe_T6W50', 'l1_T6W50', 'l2_T6W50', 'l3_T6W50', 'lcc_T6W50', 'lsc_T6W50', 'atd_T6W50', 'density_T6W50', 'diameter_T6W50', 'asp_T6W50', 'z_re_T6W50', 'z_pe_T6W50', 'z_l1_T6W50', 'z_l2_T6W50', 'z_l3_T6W50', 'z_lsc_T6W50', 'z_density_T6W50', 'z_diameter_T6W50', 'z_asp_T6W50']",0.06376419114908488,0.1142851164702274,98.0,0.08902465380965614,0.02526046266057127,0.1266528354781938,1.9844674545084815,1.3780001999182736,1.4091673151723216,98.0,1.3935837575452976,0.015583557627023929,0.07813403051327082,1.9844674545084815,completed,False,COMPLETE
208,1.206844521217342,2026-06-13 09:27:22.461475,2026-06-13 09:27:22.578303,0 days 00:00:00.116828,,,,,,,,,,,,,,,LinearRegression,,,,,,16,,,,,,,,True,,,,,,,,,,,,,,,,,,,,,,,,,,,,,,,,,,,,,,,,,,,,,,,,,,,,,LinearRegression,"{'mode': 'original', 'type': 'LinearRegression'}",16,"['nodes_T6W50', 'edges_T6W50', 're_T6W50', 'pe_T6W50', 'l2_T6W50', 'lcc_T6W50', 'lsc_T6W50', 'atd_T6W50', 'density_T6W50', 'diameter_T6W50', 'asp_T6W50', 'z_pe_T6W50', 'z_l2_T6W50', 'z_density_T6W50', 'z_diameter_T6W50', 'z_asp_T6W50']",,,,,,,,,,,,,,,pruned,True,PRUNED
209,1.3117647058823532,2026-06-13 09:27:22.588002,2026-06-13 09:27:23.007305,0 days 00:00:00.419303,,,,,,,,,,,minkowski,2.0,uniform,,KNeighborsRegressor,,,,,,6,8.0,1.0,10.0,60.0,,,ExtraTrees,,,,,,,,,,,,,,,,,,,,,,,,,,,,,,,,,,,,,,,,,,,,,,,,,,,,,,KNeighborsRegressor,"{'mode': 'proxy', 'type': 'ExtraTrees'}",6,"['edges_T6W50', 're_T6W50', 'pe_T6W50', 'l3_T6W50', 'z_lsc_T6W50', 'z_asp_T6W50']",,,,,,,,,,,,,,,pruned,True,PRUNED
210,1.0701614820652592,2026-06-13 09:27:23.016959,2026-06-13 09:27:25.403159,0 days 00:00:02.386200,,,,,,,,,,,,,,0.023421035943396177,QuantileRegressor,,,,,,17,,,,,,,,True,,,,,,,,,-0.0028750221533850413,0.0009483654233595777,98.0,-0.0009633283650127317,0.0019116937883723094,0.009584996209959661,1.9844674545084815,1.058410045832075,1.0819129182984433,98.0,1.0701614820652592,0.01175143623318415,0.05892024781466526,1.9844674545084815,378202914268153.8,482277075006160.56,98.0,430239994637157.2,52037080369003.39,260907484843030.44,1.9844674545084815,2.9962907477574303,3.0112448030128514,98.0,3.003767775385141,0.007477027627710324,0.037488891740547765,1.9844674545084815,0.9990483065403345,1.0028851112792325,98.0,1.0009667089097836,0.0019184023694490337,0.009618632205737708,1.9844674545084815,99.0,0.9494949494949495,-0.00638963866357999,-0.0025987955970422595,98.0,-0.004494217130311125,0.0018954215332688653,0.00950340913548012,1.9844674545084815,QuantileRegressor,"{'mode': 'original', 'type': 'QuantileRegressor'}",17,"['l2_T6W50', 'l3_T6W50', 'lcc_T6W50', 'lsc_T6W50', 'atd_T6W50', 'density_T6W50', 'diameter_T6W50', 'asp_T6W50', 'z_re_T6W50', 'z_pe_T6W50', 'z_l1_T6W50', 'z_l2_T6W50', 'z_l3_T6W50', 'z_lsc_T6W50', 'z_density_T6W50', 'z_diameter_T6W50', 'z_asp_T6W50']",-0.4575153871187652,0.09413417069988311,1.0,-0.18169060820944105,0.27582477890932416,0.030699579557503805,12.706204736174694,1.3823253246311067,1.4139368963078973,98.0,1.398131110469502,0.015805785838395307,0.07924825527912856,1.9844674545084815,completed,True,COMPLETE
211,1.5123560535325242,2026-06-13 09:27:25.415425,2026-06-13 09:27:25.555436,0 days 00:00:00.140011,15.0,5.0,9.0,,,,,,,,,,,,DecisionTreeRegressor,,,,,,15,,,,,,,,True,,,,,,,,,,,,,,,,,,,,,,,,,,,,,,,,,,,,,,,,,,,,,,,,,,,,,DecisionTreeRegressor,"{'mode': 'original', 'type': 'DecisionTreeRegressor'}",15,"['nodes_T6W50', 'edges_T6W50', 're_T6W50', 'pe_T6W50', 'l2_T6W50', 'diameter_T6W50', 'asp_T6W50', 'z_re_T6W50', 'z_pe_T6W50', 'z_l2_T6W50', 'z_l3_T6W50', 'z_lsc_T6W50', 'z_density_T6W50', 'z_diameter_T6W50', 'z_asp_T6W50']",,,,,,,,,,,,,,,pruned,True,PRUNED
212,1.0862567689349512,2026-06-13 09:27:25.564761,2026-06-13 09:27:34.392236,0 days 00:00:08.827475,,,,,,13.0,sqrt,4.0,4.0,148.0,,,,,ExtraTreesRegressor,,,,,,5,,,,,,,,False,,,,,,,,,-0.021771483562980417,-0.010421966007970535,98.0,-0.016096724785475476,0.00567475877750494,0.028452538636499995,1.9844674545084815,1.0733820341345361,1.0991315037353662,98.0,1.0862567689349512,0.012874734800414987,0.06455232789728559,1.9844674545084815,346680474893889.5,443191797728612.75,98.0,394936136311251.1,48255661417361.62,241947917918551.22,1.9844674545084815,3.0966101468347222,3.143862089523253,98.0,3.1202361181789877,0.023625971344265608,0.11845769817781011,1.9844674545084815,0.9621185485602942,0.9853489659240736,98.0,0.9737337572421839,0.011615208681889744,0.058237219721572635,1.9844674545084815,99.0,0.25252525252525254,0.019562425101836686,0.035644803939824304,98.0,0.027603614520830495,0.008041189418993807,0.040317529184549915,1.9844674545084815,ExtraTreesRegressor,"{'mode': 'original', 'type': 'ExtraTreesRegressor'}",5,"['pe_T6W50', 'l2_T6W50', 'l3_T6W50', 'lsc_T6W50', 'z_asp_T6W50']",0.14804680690137892,0.20300876007904092,98.0,0.17552778349020992,0.027480976588830995,0.1377862176735996,1.9844674545084815,1.359662937877542,1.3904044673238962,98.0,1.375033702600719,0.015370764723177204,0.07706711321235007,1.9844674545084815,completed,False,COMPLETE
