number,value,datetime_start,datetime_complete,duration,params_dt_max_depth,params_dt_min_samples_leaf,params_dt_min_samples_split,params_elastic_alpha,params_elastic_l1_ratio,params_et_max_depth,params_et_max_features,params_et_min_samples_leaf,params_et_min_samples_split,params_et_n_estimators,params_knn_metric,params_knn_n_neighbors,params_knn_weights,params_quantile_alpha,params_regressor,params_rf_max_depth,params_rf_max_features,params_rf_min_samples_leaf,params_rf_min_samples_split,params_rf_n_estimators,params_rfe_n_features,params_rfe_proxy_et_max_depth,params_rfe_proxy_et_min_samples_leaf,params_rfe_proxy_et_min_samples_split,params_rfe_proxy_et_n_estimators,params_rfe_proxy_lsvr_C,params_rfe_proxy_lsvr_epsilon,params_rfe_proxy_type,params_use_scaler,params_xgb_booster,params_xgb_colsample_bytree,params_xgb_learning_rate,params_xgb_max_depth,params_xgb_n_estimators,params_xgb_reg_alpha,params_xgb_reg_lambda,params_xgb_subsample,user_attrs_d2mae_ci_lower_val,user_attrs_d2mae_ci_upper_val,user_attrs_d2mae_df_val,user_attrs_d2mae_mean_val,user_attrs_d2mae_samperror_val,user_attrs_d2mae_std_val,user_attrs_d2mae_t_critical_val,user_attrs_mae_ci_lower_val,user_attrs_mae_ci_upper_val,user_attrs_mae_df_val,user_attrs_mae_mean_val,user_attrs_mae_samperror_val,user_attrs_mae_std_val,user_attrs_mae_t_critical_val,user_attrs_mape_ci_lower_val,user_attrs_mape_ci_upper_val,user_attrs_mape_df_val,user_attrs_mape_mean_val,user_attrs_mape_samperror_val,user_attrs_mape_std_val,user_attrs_mape_t_critical_val,user_attrs_max_error_ci_lower_val,user_attrs_max_error_ci_upper_val,user_attrs_max_error_df_val,user_attrs_max_error_mean_val,user_attrs_max_error_samperror_val,user_attrs_max_error_std_val,user_attrs_max_error_t_critical_val,user_attrs_median_ae_ci_lower_val,user_attrs_median_ae_ci_upper_val,user_attrs_median_ae_df_val,user_attrs_median_ae_mean_val,user_attrs_median_ae_samperror_val,user_attrs_median_ae_std_val,user_attrs_median_ae_t_critical_val,user_attrs_n_splits_val,user_attrs_r2_below_zero_val,user_attrs_r2_ci_lower_val,user_attrs_r2_ci_upper_val,user_attrs_r2_df_val,user_attrs_r2_mean_val,user_attrs_r2_samperror_val,user_attrs_r2_std_val,user_attrs_r2_t_critical_val,user_attrs_regressor_final,user_attrs_rfe_estimator,user_attrs_rfe_n_features,user_attrs_rfe_selected_features,user_attrs_rho_ci_lower_val,user_attrs_rho_ci_upper_val,user_attrs_rho_df_val,user_attrs_rho_mean_val,user_attrs_rho_samperror_val,user_attrs_rho_std_val,user_attrs_rho_t_critical_val,user_attrs_rmse_ci_lower_val,user_attrs_rmse_ci_upper_val,user_attrs_rmse_df_val,user_attrs_rmse_mean_val,user_attrs_rmse_samperror_val,user_attrs_rmse_std_val,user_attrs_rmse_t_critical_val,user_attrs_termination_reason,user_attrs_use_scaler_final,state
131,1.1433977329586873,2026-06-13 09:17:49.972824,2026-06-13 09:18:32.948519,0 days 00:00:42.975695,,,,,,,,,,,,,,,RandomForestRegressor,9.0,,3.0,12.0,409.0,8,,,,,,,,False,,,,,,,,,-0.08255595673758241,-0.05740550618356514,98.0,-0.06998073146057378,0.012575225277008639,0.06305062419130611,1.9844674545084815,1.1268696871253994,1.1599257787919752,98.0,1.1433977329586873,0.016528045833288024,0.08286957756189149,1.9844674545084815,337325951665031.56,432843596361438.7,98.0,385084774013235.1,47758822348203.54,239456828276577.38,1.9844674545084815,3.250281964648901,3.3681907872487487,98.0,3.309236375948825,0.058954411299924056,0.29559012657110967,1.9844674545084815,0.9766792826602124,1.0290462996192313,98.0,1.0028627911397219,0.026183508479509485,0.1312808730488316,1.9844674545084815,99.0,0.5454545454545454,-0.05478334965182134,-0.011522966735664317,98.0,-0.03315315819374283,0.021630191458078513,0.10845110467346825,1.9844674545084815,RandomForestRegressor,"{'mode': 'original', 'type': 'RandomForestRegressor'}",8,"['re_T6W50', 'pe_T6W50', 'l3_T6W50', 'lsc_T6W50', 'diameter_T6W50', 'z_lsc_T6W50', 'z_density_T6W50', 'z_asp_T6W50']",0.08754891150149342,0.14573611398859446,98.0,0.11664251274504393,0.029093601243550513,0.14587171823733516,1.9844674545084815,1.3964705964742392,1.4337825594046638,98.0,1.4151265779394515,0.018655981465212274,0.093538783629877,1.9844674545084815,completed,False,COMPLETE
132,1.135651944413348,2026-06-13 09:18:32.960824,2026-06-13 09:19:00.086561,0 days 00:00:27.125737,,,,,,,,,,,,,,,RandomForestRegressor,13.0,,5.0,2.0,248.0,10,,,,,,,,True,,,,,,,,,-0.07374215634555827,-0.05193494390630217,98.0,-0.06283855012593022,0.010903606219628045,0.05466933298926088,1.9844674545084815,1.1208090981121805,1.1504947907145153,98.0,1.135651944413348,0.014842846301167369,0.07442019553917997,1.9844674545084815,330391570498302.94,425029711169349.44,98.0,377710640833826.2,47319070335523.25,237251966075057.34,1.9844674545084815,3.224153186402321,3.337817850944765,98.0,3.280985518673543,0.05683233227122196,0.284950284787315,1.9844674545084815,0.9788629028718149,1.03035482086673,98.0,1.0046088618692723,0.025745958997457498,0.12908705406346524,1.9844674545084815,99.0,0.494949494949495,-0.03748699201394524,0.002015446623911024,98.0,-0.017735772695017107,0.01975121931892813,0.09903017076557992,1.9844674545084815,RandomForestRegressor,"{'mode': 'original', 'type': 'RandomForestRegressor'}",10,"['re_T6W50', 'pe_T6W50', 'l1_T6W50', 'l3_T6W50', 'lsc_T6W50', 'diameter_T6W50', 'z_pe_T6W50', 'z_density_T6W50', 'z_diameter_T6W50', 'z_asp_T6W50']",0.10247260908863394,0.15582678225236746,98.0,0.1291496956705007,0.026677086581866755,0.13375561260659394,1.9844674545084815,1.3873765283082342,1.4218276221493986,98.0,1.4046020752288164,0.017225546920582275,0.08636676174422359,1.9844674545084815,completed,True,COMPLETE
133,1.1832755325795146,2026-06-13 09:19:00.129333,2026-06-13 09:19:00.315475,0 days 00:00:00.186142,,,,,,,,,,,,,,,LinearRegression,,,,,,17,,,,,,,,True,,,,,,,,,,,,,,,,,,,,,,,,,,,,,,,,,,,,,,,,,,,,,,,,,,,,,LinearRegression,"{'mode': 'original', 'type': 'LinearRegression'}",17,"['nodes_T6W50', 'edges_T6W50', 're_T6W50', 'pe_T6W50', 'l2_T6W50', 'lcc_T6W50', 'lsc_T6W50', 'atd_T6W50', 'density_T6W50', 'diameter_T6W50', 'asp_T6W50', 'z_pe_T6W50', 'z_l2_T6W50', 'z_lsc_T6W50', 'z_density_T6W50', 'z_diameter_T6W50', 'z_asp_T6W50']",,,,,,,,,,,,,,,pruned,True,PRUNED
134,1.2053609644302674,2026-06-13 09:19:00.324801,2026-06-13 09:19:00.529383,0 days 00:00:00.204582,,,,,,,,,,,,,,,LinearRegression,,,,,,19,,,,,,,,False,,,,,,,,,,,,,,,,,,,,,,,,,,,,,,,,,,,,,,,,,,,,,,,,,,,,,LinearRegression,"{'mode': 'original', 'type': 'LinearRegression'}",19,"['nodes_T6W50', 'edges_T6W50', 're_T6W50', 'pe_T6W50', 'l1_T6W50', 'l2_T6W50', 'lcc_T6W50', 'lsc_T6W50', 'atd_T6W50', 'density_T6W50', 'diameter_T6W50', 'asp_T6W50', 'z_pe_T6W50', 'z_l1_T6W50', 'z_l2_T6W50', 'z_lsc_T6W50', 'z_density_T6W50', 'z_diameter_T6W50', 'z_asp_T6W50']",,,,,,,,,,,,,,,pruned,False,PRUNED
135,1.1373369948211685,2026-06-13 09:19:00.538436,2026-06-13 09:19:12.174090,0 days 00:00:11.635654,,,,,,,,,,,,,,,RandomForestRegressor,8.0,sqrt,4.0,6.0,114.0,19,,,,,,,,False,,,,,,,,,-0.07372728827762827,-0.05480599985054575,98.0,-0.06426664406408701,0.009460644213541262,0.04743449996130316,1.9844674545084815,1.1230846226039282,1.1515893670384088,98.0,1.1373369948211685,0.01425237221724037,0.07145963151425914,1.9844674545084815,339777703148879.56,436129631869317.56,98.0,387953667509098.56,48175964360219.02,241548326731247.56,1.9844674545084815,3.1536093134730963,3.2462944576581942,98.0,3.1999518855656452,0.04634257209254899,0.23235592466148464,1.9844674545084815,0.9960643064967903,1.0397675672550257,98.0,1.017915936875908,0.021851630379117727,0.10956137203522268,1.9844674545084815,99.0,0.494949494949495,-0.03292374468631836,-0.00024092605262424072,98.0,-0.0165823353694713,0.01634140931684706,0.08193380515231022,1.9844674545084815,RandomForestRegressor,"{'mode': 'original', 'type': 'RandomForestRegressor'}",19,"['nodes_T6W50', 're_T6W50', 'pe_T6W50', 'l1_T6W50', 'l2_T6W50', 'l3_T6W50', 'lcc_T6W50', 'lsc_T6W50', 'atd_T6W50', 'density_T6W50', 'diameter_T6W50', 'asp_T6W50', 'z_re_T6W50', 'z_pe_T6W50', 'z_l3_T6W50', 'z_lsc_T6W50', 'z_density_T6W50', 'z_diameter_T6W50', 'z_asp_T6W50']",0.07345600418916803,0.12685320163698646,98.0,0.10015460291307725,0.02669859872390922,0.13386347182609828,1.9844674545084815,1.3881628575522784,1.4209013338465546,98.0,1.4045320956994165,0.01636923814713819,0.08207333546542338,1.9844674545084815,completed,False,COMPLETE
136,1.1148645760267348,2026-06-13 09:19:12.188049,2026-06-13 09:19:14.773113,0 days 00:00:02.585064,,,,0.0013674069569182747,0.83704112524294,,,,,,,,,,ElasticNet,,,,,,7,,,,,,,,False,,,,,,,,,-0.05054231141844164,-0.03522242004299792,98.0,-0.04288236573071978,0.007659945687721858,0.03840602026950351,1.9844674545084815,1.1007198828146147,1.129009269238855,98.0,1.1148645760267348,0.014144693212120054,0.07091974230069988,1.9844674545084815,355980459375814.0,457488701677069.5,98.0,406734580526441.75,50754121150627.77,254474886002955.06,1.9844674545084815,3.3857652246408247,3.605313619115011,98.0,3.495539421877918,0.10977419723709302,0.550394247692133,1.9844674545084815,0.9880803444854483,1.0168199565973026,98.0,1.0024501505413754,0.014369806055927092,0.07204843025680861,1.9844674545084815,99.0,0.6060606060606061,-0.05760316904384383,-0.02609314913627879,98.0,-0.04184815909006131,0.01575500995378252,0.07899367127381808,1.9844674545084815,ElasticNet,"{'mode': 'original', 'type': 'ElasticNet'}",7,"['edges_T6W50', 'pe_T6W50', 'l2_T6W50', 'lsc_T6W50', 'z_pe_T6W50', 'z_l2_T6W50', 'z_lsc_T6W50']",0.027756706366678017,0.08619784999163414,98.0,0.05697727817915608,0.02922057181247806,0.14650833296577617,1.9844674545084815,1.4048012493021977,1.4401114343803882,98.0,1.422456341841293,0.017655092539095227,0.08852045034775091,1.9844674545084815,completed,False,COMPLETE
137,1.0844478397419572,2026-06-13 09:19:14.787149,2026-06-13 09:19:16.988701,0 days 00:00:02.201552,,,,0.6765873641051084,0.7884473432532987,,,,,,,,,,ElasticNet,,,,,,15,,,,,,,,True,,,,,,,,,-0.015362925360866643,-0.013601939939541534,98.0,-0.014482432650204088,0.0008804927106625554,0.004414681548860102,1.9844674545084815,1.0733265229737856,1.0955691565101289,98.0,1.0844478397419572,0.011121316768171546,0.05576090675245988,1.9844674545084815,370261102803136.9,472582158246560.1,98.0,421421630524848.5,51160527721711.64,256512558284590.84,1.9844674545084815,3.0623906010794792,3.073713295024417,98.0,3.068051948051948,0.005661346972469041,0.028385293504868705,1.9844674545084815,0.933402966543196,0.9519649988247691,98.0,0.9426839826839826,0.009281016140786635,0.04653386702153648,1.9844674545084815,99.0,1.0,-0.003151138210298774,-0.0019109951987363633,98.0,-0.0025310667045175686,0.0006200715057812055,0.0031089618373857154,1.9844674545084815,ElasticNet,"{'mode': 'original', 'type': 'ElasticNet'}",15,"['lcc_T6W50', 'lsc_T6W50', 'atd_T6W50', 'density_T6W50', 'diameter_T6W50', 'asp_T6W50', 'z_re_T6W50', 'z_pe_T6W50', 'z_l1_T6W50', 'z_l2_T6W50', 'z_l3_T6W50', 'z_lsc_T6W50', 'z_density_T6W50', 'z_diameter_T6W50', 'z_asp_T6W50']",,,,,,,,1.3812301907536824,1.4121686825828264,98.0,1.3966994366682544,0.015469245914571893,0.07756088572550665,1.9844674545084815,completed,True,COMPLETE
138,1.0844478397419572,2026-06-13 09:19:17.000983,2026-06-13 09:19:18.864064,0 days 00:00:01.863081,,,,7.655995024940027,0.11072059332631567,,,,,,,,,,ElasticNet,,,,,,10,,,,,,,,True,,,,,,,,,-0.015362925360866643,-0.013601939939541534,98.0,-0.014482432650204088,0.0008804927106625554,0.004414681548860102,1.9844674545084815,1.0733265229737856,1.0955691565101289,98.0,1.0844478397419572,0.011121316768171546,0.05576090675245988,1.9844674545084815,370261102803136.9,472582158246560.1,98.0,421421630524848.5,51160527721711.64,256512558284590.84,1.9844674545084815,3.0623906010794792,3.073713295024417,98.0,3.068051948051948,0.005661346972469041,0.028385293504868705,1.9844674545084815,0.933402966543196,0.9519649988247691,98.0,0.9426839826839826,0.009281016140786635,0.04653386702153648,1.9844674545084815,99.0,1.0,-0.003151138210298774,-0.0019109951987363633,98.0,-0.0025310667045175686,0.0006200715057812055,0.0031089618373857154,1.9844674545084815,ElasticNet,"{'mode': 'original', 'type': 'ElasticNet'}",10,"['asp_T6W50', 'z_re_T6W50', 'z_pe_T6W50', 'z_l1_T6W50', 'z_l2_T6W50', 'z_l3_T6W50', 'z_lsc_T6W50', 'z_density_T6W50', 'z_diameter_T6W50', 'z_asp_T6W50']",,,,,,,,1.3812301907536824,1.4121686825828264,98.0,1.3966994366682544,0.015469245914571893,0.07756088572550665,1.9844674545084815,completed,True,COMPLETE
139,1.0691225985343633,2026-06-13 09:19:18.876558,2026-06-13 09:19:21.173566,0 days 00:00:02.297008,,,,,,,,,,,,,,6.517060990074383,QuantileRegressor,,,,,,17,,,,,,,,True,,,,,,,,,0.0,0.0,98.0,0.0,0.0,0.0,1.9844674545084815,1.0575870578016928,1.0806581392670338,98.0,1.0691225985343633,0.011535540732670515,0.05783777447779657,1.9844674545084815,378756762949842.25,482894502655208.6,98.0,430825632802525.44,52068869852683.18,261066873382366.97,1.9844674545084815,3.0,3.0,98.0,3.0,0.0,0.0,1.9844674545084815,1.0,1.0,98.0,1.0,0.0,0.0,1.9844674545084815,99.0,0.9191919191919192,-0.004402232239554242,-0.002812910014847294,98.0,-0.003607571127200768,0.0007946611123534741,0.00398433253088908,1.9844674545084815,QuantileRegressor,"{'mode': 'original', 'type': 'QuantileRegressor'}",17,"['l2_T6W50', 'l3_T6W50', 'lcc_T6W50', 'lsc_T6W50', 'atd_T6W50', 'density_T6W50', 'diameter_T6W50', 'asp_T6W50', 'z_re_T6W50', 'z_pe_T6W50', 'z_l1_T6W50', 'z_l2_T6W50', 'z_l3_T6W50', 'z_lsc_T6W50', 'z_density_T6W50', 'z_diameter_T6W50', 'z_asp_T6W50']",,,,,,,,1.3817940130923385,1.413236739470511,98.0,1.3975153762814247,0.01572136318908618,0.07882497055717957,1.9844674545084815,completed,True,COMPLETE
140,1.1353341891921225,2026-06-13 09:19:21.200063,2026-06-13 09:19:45.351249,0 days 00:00:24.151186,,,,,,,,,,,,,,,RandomForestRegressor,7.0,log2,2.0,8.0,261.0,20,,,,,,,,True,,,,,,,,,-0.07207063287440946,-0.052906175277387925,98.0,-0.06248840407589869,0.009582228798510764,0.048044110032335746,1.9844674545084815,1.121361388932513,1.149306989451732,98.0,1.1353341891921225,0.013972800259609503,0.0700578922971304,1.9844674545084815,340931155952017.06,437430001345598.8,98.0,389180578648807.94,48249422696790.88,241916637745236.25,1.9844674545084815,3.1210308196121033,3.218971433399949,98.0,3.170001126506026,0.048970306893922996,0.245531061948191,1.9844674545084815,0.9971536319607522,1.036721454010638,98.0,1.016937542985695,0.019783911024942813,0.09919408293611358,1.9844674545084815,99.0,0.46464646464646464,-0.030018108282800382,0.0021041323112254238,98.0,-0.013956987985787478,0.016061120297012902,0.08052847067398293,1.9844674545084815,RandomForestRegressor,"{'mode': 'original', 'type': 'RandomForestRegressor'}",20,"['nodes_T6W50', 're_T6W50', 'pe_T6W50', 'l1_T6W50', 'l2_T6W50', 'l3_T6W50', 'lcc_T6W50', 'lsc_T6W50', 'atd_T6W50', 'density_T6W50', 'diameter_T6W50', 'asp_T6W50', 'z_re_T6W50', 'z_pe_T6W50', 'z_l1_T6W50', 'z_l3_T6W50', 'z_lsc_T6W50', 'z_density_T6W50', 'z_diameter_T6W50', 'z_asp_T6W50']",0.07284876703407206,0.12760930632180362,98.0,0.10022903667793784,0.02738026964386578,0.13728128550732935,1.9844674545084815,1.3865434230809006,1.41895470527797,98.0,1.4027490641794353,0.016205641098534795,0.08125308009797814,1.9844674545084815,completed,True,COMPLETE
141,1.1330633658765747,2026-06-13 09:19:45.363533,2026-06-13 09:20:29.305265,0 days 00:00:43.941732,,,,,,,,,,,,,,,RandomForestRegressor,18.0,sqrt,1.0,7.0,498.0,3,,,,,,,,False,,,,,,,,,-0.07234960032399775,-0.047803782306463205,98.0,-0.060076691315230475,0.012272909008767272,0.06153484781387179,1.9844674545084815,1.1161435355622176,1.149983196190932,98.0,1.1330633658765747,0.01691983031435721,0.08483393649270465,1.9844674545084815,362691815585708.0,463596245159923.9,98.0,413144030372815.94,50452214787107.945,252961164837096.1,1.9844674545084815,3.2881018552749532,3.4142504227164334,98.0,3.3511761389956933,0.06307428372074014,0.3162466573289263,1.9844674545084815,0.9324898862028876,0.9823493165778001,98.0,0.9574196013903439,0.02492971518745625,0.12499450855599335,1.9844674545084815,99.0,0.5959595959595959,-0.05446584639153012,-0.012458377873097289,98.0,-0.033462112132313704,0.021003734259216415,0.10531012576077968,1.9844674545084815,RandomForestRegressor,"{'mode': 'original', 'type': 'RandomForestRegressor'}",3,"['re_T6W50', 'l3_T6W50', 'lsc_T6W50']",0.14353152391313126,0.18986655602681793,98.0,0.1666990399699746,0.02316751605684333,0.11615906007001986,1.9844674545084815,1.3961942852258828,1.435388585300156,98.0,1.4157914352630194,0.019597150037136617,0.09825768644250209,1.9844674545084815,completed,False,COMPLETE
142,1.1354505176981569,2026-06-13 09:20:29.317726,2026-06-13 09:20:31.163314,0 days 00:00:01.845588,,,,,,,,,,,,,,,LinearRegression,,,,,,14,,,,,,,,False,,,,,,,,,-0.07598078061362808,-0.049726743687276934,98.0,-0.0628537621504525,0.01312701846317557,0.06581724697904598,1.9844674545084815,1.1192243209888888,1.151676714407425,98.0,1.1354505176981569,0.016226196709268108,0.08135614338780552,1.9844674545084815,328856336355745.06,424215075277452.06,98.0,376535705816598.56,47679369460853.48,239058461326413.7,1.9844674545084815,3.4049865225739384,3.604058934219563,98.0,3.5045227283967506,0.09953620582281235,0.49906222501132885,1.9844674545084815,0.9860506199134703,1.0276516110269105,98.0,1.0068511154701905,0.020800495556720127,0.10429111204373313,1.9844674545084815,99.0,0.5959595959595959,-0.08854924553098546,-0.03124777961622843,98.0,-0.05989851257360695,0.02865073295737852,0.14365123142595929,1.9844674545084815,LinearRegression,"{'mode': 'original', 'type': 'LinearRegression'}",14,"['nodes_T6W50', 'edges_T6W50', 'pe_T6W50', 'l2_T6W50', 'lcc_T6W50', 'lsc_T6W50', 'atd_T6W50', 'density_T6W50', 'diameter_T6W50', 'z_pe_T6W50', 'z_l2_T6W50', 'z_lsc_T6W50', 'z_diameter_T6W50', 'z_asp_T6W50']",0.0893648429710021,0.14592079526383445,98.0,0.11764281911741827,0.02827797614641617,0.1417822748796534,1.9844674545084815,1.4108161885057644,1.4521761803875624,98.0,1.4314961844466634,0.020679995940899025,0.10368694187381788,1.9844674545084815,completed,False,COMPLETE
143,1.130724723126049,2026-06-13 09:20:31.176685,2026-06-13 09:20:32.899256,0 days 00:00:01.722571,,,,,,,,,,,,,,,LinearRegression,,,,,,12,,,,,,,,False,,,,,,,,,-0.07084394354930099,-0.04567956540378752,98.0,-0.058261754476544254,0.012582189072756733,0.06308553980188056,1.9844674545084815,1.1145304919998527,1.1469189542522455,98.0,1.130724723126049,0.016194231126196418,0.0811958719078986,1.9844674545084815,339895440909665.1,437554588393225.9,98.0,388725014651445.5,48829573741780.375,244825443329713.8,1.9844674545084815,3.35501296037746,3.5188190994301904,98.0,3.4369160299038253,0.08190306952636534,0.41065186054859165,1.9844674545084815,0.9893522125590034,1.0232768410993063,98.0,1.006314526829155,0.016962314270151473,0.08504694579249363,1.9844674545084815,99.0,0.5656565656565656,-0.07583061962205793,-0.026002591221876554,98.0,-0.05091660542196724,0.02491401420009069,0.12491578574729517,1.9844674545084815,LinearRegression,"{'mode': 'original', 'type': 'LinearRegression'}",12,"['nodes_T6W50', 'edges_T6W50', 'pe_T6W50', 'l2_T6W50', 'lcc_T6W50', 'lsc_T6W50', 'atd_T6W50', 'density_T6W50', 'z_pe_T6W50', 'z_l2_T6W50', 'z_lsc_T6W50', 'z_diameter_T6W50']",0.043523526812921404,0.10134536821445952,98.0,0.07243444751369046,0.028910920700769057,0.14495578059039407,1.9844674545084815,1.4069953501742842,1.4457988409205147,98.0,1.4263970955473995,0.01940174537311517,0.09727795162542725,1.9844674545084815,completed,False,COMPLETE
144,1.1201545999338058,2026-06-13 09:20:32.911508,2026-06-13 09:20:34.778235,0 days 00:00:01.866727,,,,0.00016913898789842018,0.14002409755331768,,,,,,,,,,ElasticNet,,,,,,7,,,,,,,,False,,,,,,,,,-0.05590496135662382,-0.03978213041718644,98.0,-0.04784354588690513,0.008061415469718692,0.04041894010125616,1.9844674545084815,1.1057610910895106,1.134548108778101,98.0,1.1201545999338058,0.014393508844295157,0.07216727310604275,1.9844674545084815,354271484372407.7,455739821629514.56,98.0,405005653000961.1,50734168628553.45,254374846525071.75,1.9844674545084815,3.4054349758018807,3.6394850620237618,98.0,3.5224600189128212,0.1170250431109406,0.5867490920937593,1.9844674545084815,0.9890211946898867,1.0185462053432943,98.0,1.0037837000165906,0.014762505326703817,0.07401737583007098,1.9844674545084815,99.0,0.6060606060606061,-0.06618230814956508,-0.03254628536273981,98.0,-0.04936429675615244,0.01681801139341263,0.08432342901640691,1.9844674545084815,ElasticNet,"{'mode': 'original', 'type': 'ElasticNet'}",7,"['edges_T6W50', 'pe_T6W50', 'l2_T6W50', 'lsc_T6W50', 'z_pe_T6W50', 'z_l2_T6W50', 'z_lsc_T6W50']",0.018426044929409507,0.07706414192864329,98.0,0.0477450934290264,0.029319048499616893,0.14700208289515096,1.9844674545084815,1.4094377431257339,1.4454002104358978,98.0,1.4274189767808159,0.017981233655082,0.09015568156504063,1.9844674545084815,completed,False,COMPLETE
