number,value,datetime_start,datetime_complete,duration,params_dt_max_depth,params_dt_min_samples_leaf,params_dt_min_samples_split,params_elastic_alpha,params_elastic_l1_ratio,params_et_max_depth,params_et_max_features,params_et_min_samples_leaf,params_et_min_samples_split,params_et_n_estimators,params_knn_metric,params_knn_n_neighbors,params_knn_weights,params_quantile_alpha,params_regressor,params_rf_max_depth,params_rf_max_features,params_rf_min_samples_leaf,params_rf_min_samples_split,params_rf_n_estimators,params_rfe_n_features,params_rfe_proxy_et_max_depth,params_rfe_proxy_et_min_samples_leaf,params_rfe_proxy_et_min_samples_split,params_rfe_proxy_et_n_estimators,params_rfe_proxy_lsvr_C,params_rfe_proxy_lsvr_epsilon,params_rfe_proxy_type,params_use_scaler,params_xgb_booster,params_xgb_colsample_bytree,params_xgb_learning_rate,params_xgb_max_depth,params_xgb_n_estimators,params_xgb_reg_alpha,params_xgb_reg_lambda,params_xgb_subsample,user_attrs_d2mae_ci_lower_val,user_attrs_d2mae_ci_upper_val,user_attrs_d2mae_df_val,user_attrs_d2mae_mean_val,user_attrs_d2mae_samperror_val,user_attrs_d2mae_std_val,user_attrs_d2mae_t_critical_val,user_attrs_mae_ci_lower_val,user_attrs_mae_ci_upper_val,user_attrs_mae_df_val,user_attrs_mae_mean_val,user_attrs_mae_samperror_val,user_attrs_mae_std_val,user_attrs_mae_t_critical_val,user_attrs_mape_ci_lower_val,user_attrs_mape_ci_upper_val,user_attrs_mape_df_val,user_attrs_mape_mean_val,user_attrs_mape_samperror_val,user_attrs_mape_std_val,user_attrs_mape_t_critical_val,user_attrs_max_error_ci_lower_val,user_attrs_max_error_ci_upper_val,user_attrs_max_error_df_val,user_attrs_max_error_mean_val,user_attrs_max_error_samperror_val,user_attrs_max_error_std_val,user_attrs_max_error_t_critical_val,user_attrs_median_ae_ci_lower_val,user_attrs_median_ae_ci_upper_val,user_attrs_median_ae_df_val,user_attrs_median_ae_mean_val,user_attrs_median_ae_samperror_val,user_attrs_median_ae_std_val,user_attrs_median_ae_t_critical_val,user_attrs_n_splits_val,user_attrs_r2_below_zero_val,user_attrs_r2_ci_lower_val,user_attrs_r2_ci_upper_val,user_attrs_r2_df_val,user_attrs_r2_mean_val,user_attrs_r2_samperror_val,user_attrs_r2_std_val,user_attrs_r2_t_critical_val,user_attrs_regressor_final,user_attrs_rfe_estimator,user_attrs_rfe_n_features,user_attrs_rfe_selected_features,user_attrs_rho_ci_lower_val,user_attrs_rho_ci_upper_val,user_attrs_rho_df_val,user_attrs_rho_mean_val,user_attrs_rho_samperror_val,user_attrs_rho_std_val,user_attrs_rho_t_critical_val,user_attrs_rmse_ci_lower_val,user_attrs_rmse_ci_upper_val,user_attrs_rmse_df_val,user_attrs_rmse_mean_val,user_attrs_rmse_samperror_val,user_attrs_rmse_std_val,user_attrs_rmse_t_critical_val,user_attrs_termination_reason,user_attrs_use_scaler_final,state
65,1.0691225985343633,2026-06-13 09:12:25.980519,2026-06-13 09:12:28.199613,0 days 00:00:02.219094,,,,,,,,,,,,,,0.6940121430516972,QuantileRegressor,,,,,,10,,,,,,,,False,,,,,,,,,0.0,0.0,98.0,0.0,0.0,0.0,1.9844674545084815,1.0575870578016928,1.0806581392670338,98.0,1.0691225985343633,0.011535540732670515,0.05783777447779657,1.9844674545084815,378756762949842.25,482894502655208.6,98.0,430825632802525.44,52068869852683.18,261066873382366.97,1.9844674545084815,3.0,3.0,98.0,3.0,0.0,0.0,1.9844674545084815,1.0,1.0,98.0,1.0,0.0,0.0,1.9844674545084815,99.0,0.9191919191919192,-0.004402232239554242,-0.002812910014847294,98.0,-0.003607571127200768,0.0007946611123534741,0.00398433253088908,1.9844674545084815,QuantileRegressor,"{'mode': 'original', 'type': 'QuantileRegressor'}",10,"['asp_T6W50', 'z_re_T6W50', 'z_pe_T6W50', 'z_l1_T6W50', 'z_l2_T6W50', 'z_l3_T6W50', 'z_lsc_T6W50', 'z_density_T6W50', 'z_diameter_T6W50', 'z_asp_T6W50']",,,,,,,,1.3817940130923385,1.413236739470511,98.0,1.3975153762814247,0.01572136318908618,0.07882497055717957,1.9844674545084815,completed,False,COMPLETE
66,1.0844478397419572,2026-06-13 09:12:28.212538,2026-06-13 09:12:29.875605,0 days 00:00:01.663067,,,,8.681843415114091,0.42777313373586234,,,,,,,,,,ElasticNet,,,,,,10,,,,,,,,True,,,,,,,,,-0.015362925360866643,-0.013601939939541534,98.0,-0.014482432650204088,0.0008804927106625554,0.004414681548860102,1.9844674545084815,1.0733265229737856,1.0955691565101289,98.0,1.0844478397419572,0.011121316768171546,0.05576090675245988,1.9844674545084815,370261102803136.9,472582158246560.1,98.0,421421630524848.5,51160527721711.64,256512558284590.84,1.9844674545084815,3.0623906010794792,3.073713295024417,98.0,3.068051948051948,0.005661346972469041,0.028385293504868705,1.9844674545084815,0.933402966543196,0.9519649988247691,98.0,0.9426839826839826,0.009281016140786635,0.04653386702153648,1.9844674545084815,99.0,1.0,-0.003151138210298774,-0.0019109951987363633,98.0,-0.0025310667045175686,0.0006200715057812055,0.0031089618373857154,1.9844674545084815,ElasticNet,"{'mode': 'original', 'type': 'ElasticNet'}",10,"['asp_T6W50', 'z_re_T6W50', 'z_pe_T6W50', 'z_l1_T6W50', 'z_l2_T6W50', 'z_l3_T6W50', 'z_lsc_T6W50', 'z_density_T6W50', 'z_diameter_T6W50', 'z_asp_T6W50']",,,,,,,,1.3812301907536824,1.4121686825828264,98.0,1.3966994366682544,0.015469245914571893,0.07756088572550665,1.9844674545084815,completed,True,COMPLETE
67,1.1593332916900292,2026-06-13 09:12:29.887716,2026-06-13 09:12:30.054446,0 days 00:00:00.166730,,,,,,,,,,,,,,0.000684178985066717,QuantileRegressor,,,,,,22,,,,,,,,False,,,,,,,,,,,,,,,,,,,,,,,,,,,,,,,,,,,,,,,,,,,,,,,,,,,,,QuantileRegressor,"{'mode': 'original', 'type': 'QuantileRegressor'}",22,"['nodes_T6W50', 'edges_T6W50', 're_T6W50', 'pe_T6W50', 'l1_T6W50', 'l2_T6W50', 'l3_T6W50', 'lcc_T6W50', 'lsc_T6W50', 'atd_T6W50', 'density_T6W50', 'diameter_T6W50', 'asp_T6W50', 'z_re_T6W50', 'z_pe_T6W50', 'z_l1_T6W50', 'z_l2_T6W50', 'z_l3_T6W50', 'z_lsc_T6W50', 'z_density_T6W50', 'z_diameter_T6W50', 'z_asp_T6W50']",,,,,,,,,,,,,,,pruned,False,PRUNED
68,1.1388530901008638,2026-06-13 09:12:30.064309,2026-06-13 09:12:32.319839,0 days 00:00:02.255530,,,,0.0056315286232431,0.05784267656339637,,,,,,,,,,ElasticNet,,,,,,22,,,,,,,,False,,,,,,,,,-0.07623589871758255,-0.05564706050859793,98.0,-0.06594147961309024,0.010294419104492308,0.05161494414035223,1.9844674545084815,1.1247635128586144,1.1529426673431131,98.0,1.1388530901008638,0.014089577242249286,0.07064339764470276,1.9844674545084815,346068513141117.5,444766011495600.1,98.0,395417262318358.8,49348749177241.33,247428524749690.78,1.9844674545084815,3.270367752550218,3.383135010164951,98.0,3.3267513813575844,0.056383628807366276,0.2827005411167482,1.9844674545084815,0.9832681415896513,1.0238898149676996,98.0,1.0035789782786755,0.020310836689024208,0.10183602304381824,1.9844674545084815,99.0,0.7171717171717171,-0.08158369551481483,-0.04461736377568966,98.0,-0.06310052964525224,0.018483165869562588,0.09267230760772363,1.9844674545084815,ElasticNet,"{'mode': 'original', 'type': 'ElasticNet'}",22,"['nodes_T6W50', 'edges_T6W50', 're_T6W50', 'pe_T6W50', 'l1_T6W50', 'l2_T6W50', 'l3_T6W50', 'lcc_T6W50', 'lsc_T6W50', 'atd_T6W50', 'density_T6W50', 'diameter_T6W50', 'asp_T6W50', 'z_re_T6W50', 'z_pe_T6W50', 'z_l1_T6W50', 'z_l2_T6W50', 'z_l3_T6W50', 'z_lsc_T6W50', 'z_density_T6W50', 'z_diameter_T6W50', 'z_asp_T6W50']",-0.008574173437915396,0.047951990136193126,98.0,0.019688908349138865,0.02826308178705426,0.14170759640399896,1.9844674545084815,1.419313558770042,1.4522499006538387,98.0,1.4357817297119404,0.0164681709418983,0.0825693722619983,1.9844674545084815,completed,False,COMPLETE
69,1.107012323415119,2026-06-13 09:12:32.332476,2026-06-13 09:12:34.992983,0 days 00:00:02.660507,,,,,,,,,,,,,,0.0013154915843893178,QuantileRegressor,,,,,,13,,,,,,,,True,,,,,,,,,-0.04489172410160659,-0.02701767464787906,98.0,-0.03595469937474283,0.008937024726863764,0.04480913661818212,1.9844674545084815,1.093461970352135,1.120562676478103,98.0,1.107012323415119,0.01355035306298392,0.06793979430298883,1.9844674545084815,343491495361861.75,439087517227466.9,98.0,391289506294664.3,47798010932802.55,239653314992776.28,1.9844674545084815,3.2381228690338806,3.377221305369099,98.0,3.3076720872014898,0.06954921816760933,0.3487111778031078,1.9844674545084815,0.94338246216044,0.9818955280530798,98.0,0.9626389951067599,0.019256532946319887,0.0965498744778539,1.9844674545084815,99.0,0.5252525252525253,-0.03818517344203138,-0.005338618051974053,98.0,-0.021761895747002716,0.016423277695028663,0.08234428307474692,1.9844674545084815,QuantileRegressor,"{'mode': 'original', 'type': 'QuantileRegressor'}",13,"['edges_T6W50', 're_T6W50', 'pe_T6W50', 'l2_T6W50', 'l3_T6W50', 'lcc_T6W50', 'lsc_T6W50', 'asp_T6W50', 'z_l2_T6W50', 'z_l3_T6W50', 'z_lsc_T6W50', 'z_density_T6W50', 'z_asp_T6W50']",0.08445626651114595,0.13669281186032928,96.0,0.11057453918573762,0.02611827267459167,0.12959052225621578,1.984984311522457,1.391502988680836,1.424746649833445,98.0,1.4081248192571405,0.01662183057630432,0.08333980266375188,1.9844674545084815,completed,True,COMPLETE
70,1.1017197996442873,2026-06-13 09:12:35.005305,2026-06-13 09:12:53.679258,0 days 00:00:18.673953,,,,,,,,,,,,,,,XGBRegressor,,,,,,6,,,,,,,,True,gbtree,0.686344258506157,0.0016423917387278226,6.0,345.0,2.1766272093025525e-06,0.03241761224097118,0.7042266065353493,-0.03463053415468958,-0.026693257752996684,98.0,-0.03066189595384313,0.003968638200846447,0.019898261084063333,1.9844674545084815,1.0898761214534263,1.1135634778351484,98.0,1.1017197996442873,0.011843678190861035,0.059382737581650906,1.9844674545084815,358023449537368.56,456644125911231.7,98.0,407333787724300.1,49310338186931.57,247235936795082.6,1.9844674545084815,3.1512517878815114,3.20872378129444,98.0,3.1799877845879756,0.028735996706464397,0.14407873331815874,1.9844674545084815,0.9665016283188835,0.9898771928518079,98.0,0.9781894105853457,0.01168778226646218,0.058601094698465375,1.9844674545084815,99.0,0.5757575757575758,-0.012760089808510573,-1.6108574919500816e-05,98.0,-0.0063880991917150375,0.006371990616795537,0.031948372842643284,1.9844674545084815,XGBRegressor,"{'mode': 'original', 'type': 'XGBRegressor'}",6,"['z_l1_T6W50', 'z_l3_T6W50', 'z_lsc_T6W50', 'z_density_T6W50', 'z_diameter_T6W50', 'z_asp_T6W50']",0.028714373788224095,0.081523119677019,98.0,0.05511874673262155,0.026404372944397455,0.1323882601584944,1.9844674545084815,1.3838146055779041,1.4141554486265722,98.0,1.3989850271022382,0.015170421524334017,0.07606261719249421,1.9844674545084815,completed,True,COMPLETE
71,1.1540193275527781,2026-06-13 09:12:53.691690,2026-06-13 09:12:53.868942,0 days 00:00:00.177252,,,,,,,,,,,,,,0.0021634225433779957,QuantileRegressor,,,,,,20,,,,,,,,True,,,,,,,,,,,,,,,,,,,,,,,,,,,,,,,,,,,,,,,,,,,,,,,,,,,,,QuantileRegressor,"{'mode': 'original', 'type': 'QuantileRegressor'}",20,"['nodes_T6W50', 'edges_T6W50', 're_T6W50', 'pe_T6W50', 'l1_T6W50', 'l2_T6W50', 'l3_T6W50', 'lsc_T6W50', 'density_T6W50', 'diameter_T6W50', 'asp_T6W50', 'z_re_T6W50', 'z_pe_T6W50', 'z_l1_T6W50', 'z_l2_T6W50', 'z_l3_T6W50', 'z_lsc_T6W50', 'z_density_T6W50', 'z_diameter_T6W50', 'z_asp_T6W50']",,,,,,,,,,,,,,,pruned,True,PRUNED
72,1.1390903266525572,2026-06-13 09:12:53.878455,2026-06-13 09:13:06.356404,0 days 00:00:12.477949,,,,,,,,,,,,,,,RandomForestRegressor,18.0,sqrt,1.0,11.0,121.0,17,,,,,,,,False,,,,,,,,,-0.07629057437250314,-0.055716742676627,98.0,-0.06600365852456506,0.010286915847938068,0.05157732374001816,1.9844674545084815,1.1245832001860852,1.1535974531190292,98.0,1.1390903266525572,0.014507126466472108,0.07273693781101516,1.9844674545084815,339256182761952.25,435496378578298.1,98.0,387376280670125.2,48120097908172.91,241268219250445.53,1.9844674545084815,3.157658230218992,3.2721199106509964,98.0,3.214889070434994,0.05723084021600227,0.28694835433359434,1.9844674545084815,1.0096851630162962,1.0511587992636282,98.0,1.0304219811399622,0.02073681812366591,0.10397184127024578,1.9844674545084815,99.0,0.5050505050505051,-0.036164734694730485,-0.0006878197866814727,98.0,-0.018426277240705977,0.017738457454024505,0.08893843172034357,1.9844674545084815,RandomForestRegressor,"{'mode': 'original', 'type': 'RandomForestRegressor'}",17,"['nodes_T6W50', 're_T6W50', 'pe_T6W50', 'l3_T6W50', 'lcc_T6W50', 'lsc_T6W50', 'density_T6W50', 'diameter_T6W50', 'asp_T6W50', 'z_re_T6W50', 'z_pe_T6W50', 'z_l1_T6W50', 'z_l3_T6W50', 'z_lsc_T6W50', 'z_density_T6W50', 'z_diameter_T6W50', 'z_asp_T6W50']",0.07625532855656461,0.12994300022712324,98.0,0.10309916439184393,0.02684383583527932,0.1345916727390767,1.9844674545084815,1.388743999197692,1.4224288456733816,98.0,1.4055864224355368,0.016842423237844847,0.08444582698504821,1.9844674545084815,completed,False,COMPLETE
73,1.0904918098289156,2026-06-13 09:13:06.368658,2026-06-13 09:13:10.161030,0 days 00:00:03.792372,,,,,,,,,,,,,,,XGBRegressor,,,,,,21,,,,,,,,True,gblinear,0.8805139512510141,0.08546171499332564,6.0,335.0,0.0007437024429559987,4.644383085593196,0.5534903194134793,-0.02367913804486543,-0.01661971004413956,98.0,-0.020149424044502495,0.003529714000362935,0.017697549430511265,1.9844674545084815,1.0788137388695103,1.102169880788321,98.0,1.0904918098289156,0.011678070959405321,0.05855240340601054,1.9844674545084815,370235195293172.1,473050223616607.4,98.0,421642709454889.75,51407514161717.63,257750917746638.66,1.9844674545084815,3.115892890707829,3.148983915666923,98.0,3.132438403187376,0.016545512479546894,0.08295715316589788,1.9844674545084815,0.9762179798376786,0.9932985720181601,98.0,0.9847582759279193,0.008540296090240772,0.042819988302932564,1.9844674545084815,99.0,0.5555555555555556,-0.01389842304080299,-0.0019204503939811478,98.0,-0.007909436717392068,0.00598898632341092,0.030028036686916407,1.9844674545084815,XGBRegressor,"{'mode': 'original', 'type': 'XGBRegressor'}",21,"['nodes_T6W50', 'edges_T6W50', 're_T6W50', 'pe_T6W50', 'l1_T6W50', 'l2_T6W50', 'l3_T6W50', 'lcc_T6W50', 'lsc_T6W50', 'atd_T6W50', 'density_T6W50', 'diameter_T6W50', 'asp_T6W50', 'z_re_T6W50', 'z_pe_T6W50', 'z_l1_T6W50', 'z_l2_T6W50', 'z_l3_T6W50', 'z_lsc_T6W50', 'z_density_T6W50', 'z_asp_T6W50']",0.04966909069023979,0.1041372867913625,98.0,0.07690318874080114,0.027234098050561352,0.1365483992175122,1.9844674545084815,1.3846320552009246,1.415683640128246,98.0,1.4001578476645853,0.015525792463660783,0.07784440312876441,1.9844674545084815,completed,True,COMPLETE
74,1.2097871486866085,2026-06-13 09:13:10.173665,2026-06-13 09:13:10.563551,0 days 00:00:00.389886,,,,0.00016932074437214252,0.8715368061523763,,,,,,,,,,ElasticNet,,,,,,22,,,,,,,,False,,,,,,,,,,,,,,,,,,,,,,,,,,,,,,,,,,,,,,,,,,,,,,,,,,,,,ElasticNet,"{'mode': 'original', 'type': 'ElasticNet'}",22,"['nodes_T6W50', 'edges_T6W50', 're_T6W50', 'pe_T6W50', 'l1_T6W50', 'l2_T6W50', 'l3_T6W50', 'lcc_T6W50', 'lsc_T6W50', 'atd_T6W50', 'density_T6W50', 'diameter_T6W50', 'asp_T6W50', 'z_re_T6W50', 'z_pe_T6W50', 'z_l1_T6W50', 'z_l2_T6W50', 'z_l3_T6W50', 'z_lsc_T6W50', 'z_density_T6W50', 'z_diameter_T6W50', 'z_asp_T6W50']",,,,,,,,,,,,,,,pruned,False,PRUNED
75,1.1638434191039821,2026-06-13 09:13:10.572770,2026-06-13 09:13:10.678159,0 days 00:00:00.105389,,,,,,,,,,,,,,,LinearRegression,,,,,,11,,,,,,,,True,,,,,,,,,,,,,,,,,,,,,,,,,,,,,,,,,,,,,,,,,,,,,,,,,,,,,LinearRegression,"{'mode': 'original', 'type': 'LinearRegression'}",11,"['nodes_T6W50', 'edges_T6W50', 'pe_T6W50', 'l2_T6W50', 'lcc_T6W50', 'lsc_T6W50', 'density_T6W50', 'diameter_T6W50', 'asp_T6W50', 'z_pe_T6W50', 'z_l2_T6W50']",,,,,,,,,,,,,,,pruned,True,PRUNED
76,1.1007965256158105,2026-06-13 09:13:10.687365,2026-06-13 09:13:12.487612,0 days 00:00:01.800247,,,,0.1873078899092956,0.2732595269982093,,,,,,,,,,ElasticNet,,,,,,21,,,,,,,,False,,,,,,,,,-0.03480215731295403,-0.024775794459438394,98.0,-0.029788975886196212,0.00501318142675782,0.0251354716260425,1.9844674545084815,1.0884180318242038,1.1131750194074173,98.0,1.1007965256158105,0.01237849379160667,0.062064236855935234,1.9844674545084815,371932526376196.94,475230354484815.06,98.0,423581440430506.0,51648914054309.055,258961266950913.44,1.9844674545084815,3.1590271790346014,3.215973920659902,98.0,3.1875005498472517,0.02847337081265048,0.14276195956906007,1.9844674545084815,0.9727130171832937,0.9927154108806647,98.0,0.9827142140319792,0.010001196848685523,0.05014476401648583,1.9844674545084815,99.0,0.6060606060606061,-0.026662330132976697,-0.01097969318546177,98.0,-0.018821011659219233,0.007841318473757464,0.039315400985868804,1.9844674545084815,ElasticNet,"{'mode': 'original', 'type': 'ElasticNet'}",21,"['nodes_T6W50', 're_T6W50', 'pe_T6W50', 'l1_T6W50', 'l2_T6W50', 'l3_T6W50', 'lcc_T6W50', 'lsc_T6W50', 'atd_T6W50', 'density_T6W50', 'diameter_T6W50', 'asp_T6W50', 'z_re_T6W50', 'z_pe_T6W50', 'z_l1_T6W50', 'z_l2_T6W50', 'z_l3_T6W50', 'z_lsc_T6W50', 'z_density_T6W50', 'z_diameter_T6W50', 'z_asp_T6W50']",0.03194496146712808,0.08685457923610408,98.0,0.05939977035161608,0.027454808884488004,0.13765501604053657,1.9844674545084815,1.3916206468638157,1.4236242324273174,98.0,1.4076224396455665,0.016001792781750807,0.0802310098502923,1.9844674545084815,completed,False,COMPLETE
77,1.0810831918129002,2026-06-13 09:13:12.500032,2026-06-13 09:13:21.577405,0 days 00:00:09.077373,,,,,,,,,,,,,,,XGBRegressor,,,,,,20,,,,,,,,False,gbtree,0.6842631718618806,0.0011943260319976295,3.0,153.0,0.6014842345304589,0.00018150523695907548,0.8258334126879425,-0.012844492646871753,-0.009790890802499765,98.0,-0.011317691724685759,0.0015268009221859951,0.007655190983790328,1.9844674545084815,1.069861387487217,1.0923049961385836,98.0,1.0810831918129002,0.011221804325683222,0.056264738937172674,1.9844674545084815,365739387187978.7,466874458163136.44,98.0,416306922675557.56,50567535487578.875,253539368565991.84,1.9844674545084815,3.066274537300639,3.085505234754631,98.0,3.075889886027635,0.009615348726995857,0.04821016925737201,1.9844674545084815,0.9745345854220393,0.9871928266380143,98.0,0.9808637060300268,0.006329120607987516,0.031733427920791715,1.9844674545084815,99.0,0.3333333333333333,0.0017177871707033136,0.00632099960924747,98.0,0.004019393389975392,0.0023016062192720782,0.011539968912765028,1.9844674545084815,XGBRegressor,"{'mode': 'original', 'type': 'XGBRegressor'}",20,"['edges_T6W50', 're_T6W50', 'pe_T6W50', 'l1_T6W50', 'l2_T6W50', 'l3_T6W50', 'lcc_T6W50', 'lsc_T6W50', 'density_T6W50', 'diameter_T6W50', 'asp_T6W50', 'z_re_T6W50', 'z_pe_T6W50', 'z_l1_T6W50', 'z_l2_T6W50', 'z_l3_T6W50', 'z_lsc_T6W50', 'z_density_T6W50', 'z_diameter_T6W50', 'z_asp_T6W50']",0.06267544224100768,0.12042461428645573,98.0,0.09155002826373171,0.02887458602272403,0.14477360300867573,1.9844674545084815,1.3767547036467602,1.407373867451043,98.0,1.3920642855489016,0.015309581902141274,0.0767603501149801,1.9844674545084815,completed,False,COMPLETE
78,1.093827368788588,2026-06-13 09:13:21.590960,2026-06-13 09:13:24.197447,0 days 00:00:02.606487,,,,,,,,,,,,,,,XGBRegressor,,,,,,7,,,,,,,,False,gblinear,0.7151529474497313,0.0020422099445202985,3.0,267.0,6.378558461145747e-07,0.0002656751415700423,0.8427826436144856,-0.02566370808961115,-0.02111084380349518,98.0,-0.023387275946553165,0.0022764321430579844,0.011413749208244894,1.9844674545084815,1.0829686867752315,1.1046860508019445,98.0,1.093827368788588,0.01085868201335658,0.05444408857539789,1.9844674545084815,366912349486380.06,468728092711781.44,98.0,417820221099080.75,50907871612700.67,255245771803396.47,1.9844674545084815,3.1252798195792675,3.151190027589318,98.0,3.138234923584293,0.012955104005025366,0.06495528914885917,1.9844674545084815,0.9542561314656665,0.9713918497734212,98.0,0.9628239906195438,0.008567859153877316,0.042958186094910575,1.9844674545084815,99.0,0.8181818181818182,-0.014605442073271236,-0.008813982664050268,98.0,-0.011709712368660752,0.0028957297046104846,0.014518830584991997,1.9844674545084815,XGBRegressor,"{'mode': 'original', 'type': 'XGBRegressor'}",7,"['pe_T6W50', 'l1_T6W50', 'density_T6W50', 'z_pe_T6W50', 'z_l1_T6W50', 'z_l2_T6W50', 'z_lsc_T6W50']",-0.09121494803765107,-0.03758513643746256,98.0,-0.06440004223755681,0.026814905800094258,0.13444662112082623,1.9844674545084815,1.3878333742768638,1.4179367174068247,98.0,1.4028850458418443,0.015051671564980443,0.07546721958370355,1.9844674545084815,completed,False,COMPLETE
79,1.204881643051549,2026-06-13 09:13:24.210267,2026-06-13 09:13:24.320731,0 days 00:00:00.110464,,,,,,,,,,,,,,,LinearRegression,,,,,,20,,,,,,,,False,,,,,,,,,,,,,,,,,,,,,,,,,,,,,,,,,,,,,,,,,,,,,,,,,,,,,LinearRegression,"{'mode': 'original', 'type': 'LinearRegression'}",20,"['nodes_T6W50', 'edges_T6W50', 're_T6W50', 'pe_T6W50', 'l1_T6W50', 'l2_T6W50', 'lcc_T6W50', 'lsc_T6W50', 'atd_T6W50', 'density_T6W50', 'diameter_T6W50', 'asp_T6W50', 'z_re_T6W50', 'z_pe_T6W50', 'z_l1_T6W50', 'z_l2_T6W50', 'z_lsc_T6W50', 'z_density_T6W50', 'z_diameter_T6W50', 'z_asp_T6W50']",,,,,,,,,,,,,,,pruned,False,PRUNED
80,1.1345399698340877,2026-06-13 09:13:24.330023,2026-06-13 09:13:24.474496,0 days 00:00:00.144473,,,,,,,,,,,minkowski,13.0,uniform,,KNeighborsRegressor,,,,,,10,,,,,0.0013577269394141453,0.00020621202575348165,LinearSVR,,,,,,,,,,,,,,,,,,,,,,,,,,,,,,,,,,,,,,,,,,,,,,,,,,,,,,KNeighborsRegressor,"{'mode': 'proxy', 'type': 'LinearSVR'}",10,"['edges_T6W50', 'pe_T6W50', 'l2_T6W50', 'l3_T6W50', 'z_pe_T6W50', 'z_l2_T6W50', 'z_l3_T6W50', 'z_lsc_T6W50', 'z_diameter_T6W50', 'z_asp_T6W50']",,,,,,,,,,,,,,,pruned,True,PRUNED
