number,value,datetime_start,datetime_complete,duration,params_dt_max_depth,params_dt_min_samples_leaf,params_dt_min_samples_split,params_elastic_alpha,params_elastic_l1_ratio,params_et_max_depth,params_et_max_features,params_et_min_samples_leaf,params_et_min_samples_split,params_et_n_estimators,params_knn_metric,params_knn_n_neighbors,params_knn_weights,params_quantile_alpha,params_regressor,params_rf_max_depth,params_rf_max_features,params_rf_min_samples_leaf,params_rf_min_samples_split,params_rf_n_estimators,params_rfe_n_features,params_rfe_proxy_et_max_depth,params_rfe_proxy_et_min_samples_leaf,params_rfe_proxy_et_min_samples_split,params_rfe_proxy_et_n_estimators,params_rfe_proxy_lsvr_C,params_rfe_proxy_lsvr_epsilon,params_rfe_proxy_type,params_use_scaler,params_xgb_booster,params_xgb_colsample_bytree,params_xgb_learning_rate,params_xgb_max_depth,params_xgb_n_estimators,params_xgb_reg_alpha,params_xgb_reg_lambda,params_xgb_subsample,user_attrs_d2mae_ci_lower_val,user_attrs_d2mae_ci_upper_val,user_attrs_d2mae_df_val,user_attrs_d2mae_mean_val,user_attrs_d2mae_samperror_val,user_attrs_d2mae_std_val,user_attrs_d2mae_t_critical_val,user_attrs_mae_ci_lower_val,user_attrs_mae_ci_upper_val,user_attrs_mae_df_val,user_attrs_mae_mean_val,user_attrs_mae_samperror_val,user_attrs_mae_std_val,user_attrs_mae_t_critical_val,user_attrs_mape_ci_lower_val,user_attrs_mape_ci_upper_val,user_attrs_mape_df_val,user_attrs_mape_mean_val,user_attrs_mape_samperror_val,user_attrs_mape_std_val,user_attrs_mape_t_critical_val,user_attrs_max_error_ci_lower_val,user_attrs_max_error_ci_upper_val,user_attrs_max_error_df_val,user_attrs_max_error_mean_val,user_attrs_max_error_samperror_val,user_attrs_max_error_std_val,user_attrs_max_error_t_critical_val,user_attrs_median_ae_ci_lower_val,user_attrs_median_ae_ci_upper_val,user_attrs_median_ae_df_val,user_attrs_median_ae_mean_val,user_attrs_median_ae_samperror_val,user_attrs_median_ae_std_val,user_attrs_median_ae_t_critical_val,user_attrs_n_splits_val,user_attrs_r2_below_zero_val,user_attrs_r2_ci_lower_val,user_attrs_r2_ci_upper_val,user_attrs_r2_df_val,user_attrs_r2_mean_val,user_attrs_r2_samperror_val,user_attrs_r2_std_val,user_attrs_r2_t_critical_val,user_attrs_regressor_final,user_attrs_rfe_estimator,user_attrs_rfe_n_features,user_attrs_rfe_selected_features,user_attrs_rho_ci_lower_val,user_attrs_rho_ci_upper_val,user_attrs_rho_df_val,user_attrs_rho_mean_val,user_attrs_rho_samperror_val,user_attrs_rho_std_val,user_attrs_rho_t_critical_val,user_attrs_rmse_ci_lower_val,user_attrs_rmse_ci_upper_val,user_attrs_rmse_df_val,user_attrs_rmse_mean_val,user_attrs_rmse_samperror_val,user_attrs_rmse_std_val,user_attrs_rmse_t_critical_val,user_attrs_termination_reason,user_attrs_use_scaler_final,state
115,1.0775915970785086,2026-06-13 09:16:55.848353,2026-06-13 09:16:58.766647,0 days 00:00:02.918294,,,,,,,,,,,,,,0.00040504836317817647,QuantileRegressor,,,,,,6,,,,,,,,True,,,,,,,,,-0.012155922753201456,-0.003693470870339148,98.0,-0.007924696811770302,0.004231225941431154,0.021214843537589678,1.9844674545084815,1.0651698680578594,1.0900133260991578,98.0,1.0775915970785086,0.012421729020649105,0.06228101294687045,1.9844674545084815,373281483814929.94,476863152083395.56,98.0,425072317949162.75,51790834134232.81,259672836678481.84,1.9844674545084815,3.02293420075436,3.0731886088066407,98.0,3.0480614047805004,0.025127204026140413,0.12598469316704905,1.9844674545084815,0.998273528255425,1.0040055147377867,98.0,1.001139521496606,0.0028659932411808572,0.014369735635265104,1.9844674545084815,99.0,0.8787878787878788,-0.013864329758649645,-0.0032308768011700614,98.0,-0.008547603279909853,0.005316726478739792,0.02665740897317195,1.9844674545084815,QuantileRegressor,"{'mode': 'original', 'type': 'QuantileRegressor'}",6,"['pe_T6W50', 'l2_T6W50', 'z_pe_T6W50', 'z_l2_T6W50', 'z_density_T6W50', 'z_asp_T6W50']",-0.09237858297138732,0.013590041734495871,31.0,-0.03939427061844572,0.05298431235294159,0.14695884109994417,2.039513446396408,1.384921972166163,1.4165763467174948,98.0,1.4007491594418289,0.015827187275665875,0.07935555943859894,1.9844674545084815,completed,True,COMPLETE
116,1.3772940131763662,2026-06-13 09:16:58.779499,2026-06-13 09:16:59.050357,0 days 00:00:00.270858,17.0,4.0,15.0,,,,,,,,,,,,DecisionTreeRegressor,,,,,,15,,,,,,,,True,,,,,,,,,,,,,,,,,,,,,,,,,,,,,,,,,,,,,,,,,,,,,,,,,,,,,DecisionTreeRegressor,"{'mode': 'original', 'type': 'DecisionTreeRegressor'}",15,"['edges_T6W50', 're_T6W50', 'pe_T6W50', 'l1_T6W50', 'l3_T6W50', 'lsc_T6W50', 'diameter_T6W50', 'z_pe_T6W50', 'z_l1_T6W50', 'z_l2_T6W50', 'z_l3_T6W50', 'z_lsc_T6W50', 'z_density_T6W50', 'z_diameter_T6W50', 'z_asp_T6W50']",,,,,,,,,,,,,,,pruned,True,PRUNED
117,1.0691225985343633,2026-06-13 09:16:59.059895,2026-06-13 09:17:02.537071,0 days 00:00:03.477176,,,,,,,,,,,,,,0.03382699854685835,QuantileRegressor,,,,,,19,,,,,,,,True,,,,,,,,,-4.648482610397524e-16,1.1787552000799587e-17,98.0,-2.2653035451947636e-16,2.3831790652027595e-16,1.1948965073048062e-15,1.9844674545084815,1.0575870578016928,1.0806581392670338,98.0,1.0691225985343633,0.011535540732670487,0.05783777447779643,1.9844674545084815,378756762949842.4,482894502655208.75,98.0,430825632802525.56,52068869852683.164,261066873382366.9,1.9844674545084815,2.9999999999999996,3.0000000000000004,98.0,3.0,6.127965100727744e-16,3.0724859087004237e-15,1.9844674545084815,1.0,1.0000000000000004,98.0,1.0000000000000002,1.6515871645833493e-16,8.280853769174035e-16,1.9844674545084815,99.0,0.9393939393939394,-0.004402232239554312,-0.0028129100148473994,98.0,-0.0036075711272008557,0.0007946611123534564,0.003984332530888992,1.9844674545084815,QuantileRegressor,"{'mode': 'original', 'type': 'QuantileRegressor'}",19,"['pe_T6W50', 'l1_T6W50', 'l2_T6W50', 'l3_T6W50', 'lcc_T6W50', 'lsc_T6W50', 'atd_T6W50', 'density_T6W50', 'diameter_T6W50', 'asp_T6W50', 'z_re_T6W50', 'z_pe_T6W50', 'z_l1_T6W50', 'z_l2_T6W50', 'z_l3_T6W50', 'z_lsc_T6W50', 'z_density_T6W50', 'z_diameter_T6W50', 'z_asp_T6W50']",-0.6079329184832182,0.2944230958861911,1.0,-0.15675491129851352,0.45117800718470463,0.050216572930586095,12.706204736174694,1.3817940130923385,1.413236739470511,98.0,1.3975153762814247,0.015721363189086162,0.07882497055717949,1.9844674545084815,completed,True,COMPLETE
118,1.084447843009917,2026-06-13 09:17:02.632244,2026-06-13 09:17:04.928694,0 days 00:00:02.296450,,,,,,,,,,,,,,,XGBRegressor,,,,,,6,,,,,,,,False,gblinear,0.8632308575565024,0.001054667477065073,6.0,122.0,8.438972315176365,7.8091343805248e-08,0.6233394322608115,-0.015362928089591192,-0.013601943282307792,98.0,-0.014482435685949492,0.0008804924036416997,0.004414680009495505,1.9844674545084815,1.073326526121357,1.095569159898477,98.0,1.084447843009917,0.011121316888559989,0.055760907356072635,1.9844674545084815,370261100602386.25,472582154869431.0,98.0,421421627735908.6,51160527133522.35,256512555335482.47,1.9844674545084815,3.062390615328936,3.073713308545736,98.0,3.068051961937336,0.005661346608400292,0.02838529167947303,1.9844674545084815,0.9334029559177492,0.9519649914776525,98.0,0.9426839736977008,0.00928101777995166,0.04653387524010717,1.9844674545084815,99.0,1.0,-0.0031511375438972884,-0.0019109948338879666,98.0,-0.0025310661888926275,0.000620071355004661,0.0031089610814107704,1.9844674545084815,XGBRegressor,"{'mode': 'original', 'type': 'XGBRegressor'}",6,"['z_l2_T6W50', 'z_l3_T6W50', 'z_lsc_T6W50', 'z_density_T6W50', 'z_diameter_T6W50', 'z_asp_T6W50']",,,,,,,,1.3812301905334747,1.412168681982363,98.0,1.3966994362579188,0.015469245724444103,0.07756088477222942,1.9844674545084815,completed,False,COMPLETE
119,1.113667086055316,2026-06-13 09:17:04.941225,2026-06-13 09:17:06.957361,0 days 00:00:02.016136,,,,,,,,,,,manhattan,16.0,distance,,KNeighborsRegressor,,,,,,11,11.0,2.0,12.0,40.0,,,ExtraTrees,,,,,,,,,,-0.05153901863967909,-0.032510392473431446,98.0,-0.04202470555655527,0.009514313083123825,0.04770358903543761,1.9844674545084815,1.0992390434529211,1.1280951286577108,98.0,1.113667086055316,0.014428042602394811,0.07234042109789907,1.9844674545084815,330738311186979.44,423318642541601.7,98.0,377028476864290.56,46290165677311.12,232093165377289.7,1.9844674545084815,3.022466074998897,3.098112670538265,98.0,3.060289372768581,0.03782329776968409,0.18964133690012938,1.9844674545084815,0.9755924333097397,1.0130101073808928,98.0,0.9943012703453162,0.018708837035576544,0.09380379492232262,1.9844674545084815,99.0,0.32323232323232326,0.006019916964059933,0.03768143994482545,98.0,0.021850678454442694,0.01583076149038276,0.0793734801091181,1.9844674545084815,KNeighborsRegressor,"{'mode': 'proxy', 'type': 'ExtraTrees'}",11,"['edges_T6W50', 're_T6W50', 'pe_T6W50', 'l2_T6W50', 'l3_T6W50', 'lsc_T6W50', 'diameter_T6W50', 'z_l3_T6W50', 'z_lsc_T6W50', 'z_density_T6W50', 'z_asp_T6W50']",0.14228461791479277,0.19533916913680408,98.0,0.16881189352579842,0.026527275611005652,0.13300447892783848,1.9844674545084815,1.3610583935254124,1.3948566998092347,98.0,1.3779575466673235,0.016899153141911163,0.08473026370748481,1.9844674545084815,completed,True,COMPLETE
120,1.1151327146034002,2026-06-13 09:17:06.995068,2026-06-13 09:17:11.726900,0 days 00:00:04.731832,,,,0.0002917112640198782,0.5882022669483905,,,,,,,,,,ElasticNet,,,,,,12,,,,,,,,False,,,,,,,,,-0.054393703923117306,-0.03256890047610915,98.0,-0.04348130219961323,0.01091240172350408,0.0547134325578368,1.9844674545084815,1.0998000012889932,1.1304654279178072,98.0,1.1151327146034002,0.015332713314406892,0.07687632815510635,1.9844674545084815,337371845626393.56,434105451984765.44,98.0,385738648805579.5,48366803179185.914,242505168965938.44,1.9844674545084815,3.2598954988974196,3.36426788680809,98.0,3.3120816928527548,0.05218619395533528,0.2616551219220114,1.9844674545084815,0.9636531826622322,1.0052346639642429,98.0,0.9844439233132376,0.020790740651005384,0.1042422021530001,1.9844674545084815,99.0,0.5555555555555556,-0.03571883201432666,0.0028807838814008772,98.0,-0.01641902406646289,0.01929980794786377,0.09676684998319215,1.9844674545084815,ElasticNet,"{'mode': 'original', 'type': 'ElasticNet'}",12,"['nodes_T6W50', 'edges_T6W50', 'pe_T6W50', 'l2_T6W50', 'lcc_T6W50', 'lsc_T6W50', 'atd_T6W50', 'diameter_T6W50', 'z_pe_T6W50', 'z_l2_T6W50', 'z_lsc_T6W50', 'z_diameter_T6W50']",0.09380219402716448,0.1486225420169089,98.0,0.12121236802203669,0.02741017399487221,0.1374312222246014,1.9844674545084815,1.3863547799390772,1.4212914714578018,98.0,1.4038231256984395,0.017468345759362385,0.0875841250916619,1.9844674545084815,completed,False,COMPLETE
121,1.076785153647559,2026-06-13 09:17:11.747265,2026-06-13 09:17:18.762612,0 days 00:00:07.015347,,,,,,,,,,,,,,,XGBRegressor,,,,,,5,,,,,,,,False,gbtree,0.8924484885557338,0.0013964897465066847,2.0,274.0,0.023395288908658208,0.12517992356932114,0.6671191593480303,-0.009832344035816828,-0.004681877712528108,98.0,-0.007257110874172468,0.00257523316164436,0.012911900558687385,1.9844674545084815,1.0652346302410316,1.0883356770540864,98.0,1.076785153647559,0.011550523406527314,0.05791289575140532,1.9844674545084815,360958438172675.25,461141215801762.1,98.0,411049826987218.7,50091388814543.42,251152028038869.25,1.9844674545084815,3.0865601312042106,3.115902570882267,98.0,3.1012313510432388,0.014671219839028336,0.07355968168537284,1.9844674545084815,0.9689965464320199,0.9817264995721501,98.0,0.975361523002085,0.006364976570065024,0.0319132052798582,1.9844674545084815,99.0,0.2222222222222222,0.010851797792976767,0.01828347191687296,98.0,0.014567634854924863,0.003715837061948096,0.018630747440951428,1.9844674545084815,XGBRegressor,"{'mode': 'original', 'type': 'XGBRegressor'}",5,"['pe_T6W50', 'l3_T6W50', 'lsc_T6W50', 'z_density_T6W50', 'z_asp_T6W50']",0.1363571926912423,0.19187632796884319,98.0,0.16411676033004274,0.027759567638800442,0.13918303874103605,1.9844674545084815,1.3692612101046995,1.4000171733860947,98.0,1.384639191745397,0.01537798164069754,0.07710329794418357,1.9844674545084815,completed,False,COMPLETE
122,1.3100371741548213,2026-06-13 09:17:18.775286,2026-06-13 09:17:18.940010,0 days 00:00:00.164724,14.0,1.0,16.0,,,,,,,,,,,,DecisionTreeRegressor,,,,,,10,,,,,,,,True,,,,,,,,,,,,,,,,,,,,,,,,,,,,,,,,,,,,,,,,,,,,,,,,,,,,,DecisionTreeRegressor,"{'mode': 'original', 'type': 'DecisionTreeRegressor'}",10,"['edges_T6W50', 're_T6W50', 'pe_T6W50', 'l3_T6W50', 'diameter_T6W50', 'asp_T6W50', 'z_l1_T6W50', 'z_lsc_T6W50', 'z_diameter_T6W50', 'z_asp_T6W50']",,,,,,,,,,,,,,,pruned,True,PRUNED
123,1.1200818809463833,2026-06-13 09:17:18.951405,2026-06-13 09:17:20.922394,0 days 00:00:01.970989,,,,,,,,,,,,,,,LinearRegression,,,,,,7,,,,,,,,False,,,,,,,,,-0.05569921180261057,-0.03986264042858404,98.0,-0.047780926115597304,0.007918285687013263,0.03970130507356066,1.9844674545084815,1.1058026474470333,1.1343611144457333,98.0,1.1200818809463833,0.014279233499350058,0.07159431066046029,1.9844674545084815,360668640558563.4,463593372616673.5,98.0,412131006587618.44,51462366029055.07,258025938225198.78,1.9844674545084815,3.338602009352512,3.5469303844534568,98.0,3.4427661969029844,0.10416418755047241,0.5222663529889342,1.9844674545084815,0.9639220846482597,0.9955519661648324,98.0,0.9797370254065461,0.015814940758286336,0.07929415691514981,1.9844674545084815,99.0,0.6666666666666666,-0.06259349519362009,-0.03097690839627132,98.0,-0.046785201794945705,0.015808293398674386,0.07926082787622406,1.9844674545084815,LinearRegression,"{'mode': 'original', 'type': 'LinearRegression'}",7,"['edges_T6W50', 'pe_T6W50', 'l2_T6W50', 'atd_T6W50', 'density_T6W50', 'z_pe_T6W50', 'z_l2_T6W50']",0.026310948732391638,0.0775395801981134,98.0,0.051925264465252516,0.025614315732860878,0.12842701101687476,1.9844674545084815,1.408304582826434,1.4431684689975053,98.0,1.4257365259119696,0.017431943085535716,0.08740160658750433,1.9844674545084815,completed,False,COMPLETE
124,1.0691225985343633,2026-06-13 09:17:20.934686,2026-06-13 09:17:23.530070,0 days 00:00:02.595384,,,,,,,,,,,,,,0.025992279021942115,QuantileRegressor,,,,,,4,,,,,,,,True,,,,,,,,,-5.973109934540084e-17,-2.1012393354610547e-17,98.0,-4.0371746350005693e-17,1.9359352995395146e-17,9.706540148677584e-17,1.9844674545084815,1.0575870578016928,1.0806581392670338,98.0,1.0691225985343633,0.011535540732670513,0.057837774477796554,1.9844674545084815,378756762949842.4,482894502655208.75,98.0,430825632802525.56,52068869852683.18,261066873382366.97,1.9844674545084815,3.0,3.0,98.0,3.0,7.323538485973855e-17,3.671931616795219e-16,1.9844674545084815,0.9999999999999999,1.0,98.0,1.0,7.323538485973855e-17,3.671931616795219e-16,1.9844674545084815,99.0,0.9191919191919192,-0.004402232239554243,-0.0028129100148472936,98.0,-0.003607571127200768,0.0007946611123534746,0.003984332530889083,1.9844674545084815,QuantileRegressor,"{'mode': 'original', 'type': 'QuantileRegressor'}",4,"['z_lsc_T6W50', 'z_density_T6W50', 'z_diameter_T6W50', 'z_asp_T6W50']",,,,,,,,1.3817940130923385,1.413236739470511,98.0,1.3975153762814247,0.01572136318908618,0.07882497055717957,1.9844674545084815,completed,True,COMPLETE
125,1.1516339869281045,2026-06-13 09:17:23.542366,2026-06-13 09:17:23.755172,0 days 00:00:00.212806,,,,,,,,,,,euclidean,3.0,uniform,,KNeighborsRegressor,,,,,,17,11.0,2.0,4.0,30.0,,,ExtraTrees,,,,,,,,,,,,,,,,,,,,,,,,,,,,,,,,,,,,,,,,,,,,,,,,,,,,,,KNeighborsRegressor,"{'mode': 'proxy', 'type': 'ExtraTrees'}",17,"['nodes_T6W50', 'edges_T6W50', 're_T6W50', 'pe_T6W50', 'l1_T6W50', 'l3_T6W50', 'lcc_T6W50', 'lsc_T6W50', 'diameter_T6W50', 'asp_T6W50', 'z_re_T6W50', 'z_l1_T6W50', 'z_l3_T6W50', 'z_lsc_T6W50', 'z_density_T6W50', 'z_diameter_T6W50', 'z_asp_T6W50']",,,,,,,,,,,,,,,pruned,True,PRUNED
126,1.4025936708138964,2026-06-13 09:17:23.766726,2026-06-13 09:17:24.174927,0 days 00:00:00.408201,8.0,1.0,19.0,,,,,,,,,,,,DecisionTreeRegressor,,,,,,15,,,,,,,,True,,,,,,,,,,,,,,,,,,,,,,,,,,,,,,,,,,,,,,,,,,,,,,,,,,,,,DecisionTreeRegressor,"{'mode': 'original', 'type': 'DecisionTreeRegressor'}",15,"['edges_T6W50', 're_T6W50', 'pe_T6W50', 'l3_T6W50', 'diameter_T6W50', 'asp_T6W50', 'z_re_T6W50', 'z_pe_T6W50', 'z_l1_T6W50', 'z_l2_T6W50', 'z_l3_T6W50', 'z_lsc_T6W50', 'z_density_T6W50', 'z_diameter_T6W50', 'z_asp_T6W50']",,,,,,,,,,,,,,,pruned,True,PRUNED
127,1.1037236016961602,2026-06-13 09:17:24.184288,2026-06-13 09:17:26.655880,0 days 00:00:02.471592,,,,,,,,,,,,,,,XGBRegressor,,,,,,7,,,,,,,,False,gblinear,0.8042636363482333,0.014099932173699115,7.0,139.0,1.3981615309912755e-05,1.0638050900691945e-07,0.9860026648157685,-0.03656392662069173,-0.028777539082374255,98.0,-0.03267073285153299,0.003893193769158737,0.019519992034810956,1.9844674545084815,1.0923612684581476,1.1150859349341729,98.0,1.1037236016961602,0.011362333238012699,0.056969333522487856,1.9844674545084815,361690988866470.56,462265760819569.8,98.0,411978374843020.2,50287385976549.64,252134733567557.56,1.9844674545084815,3.171192907719616,3.215760662906383,98.0,3.1934767853129995,0.02228387759338368,0.11172860610571277,1.9844674545084815,0.9762398456430166,0.9910019762240303,98.0,0.9836209109335234,0.0073810652905069015,0.03700774845076555,1.9844674545084815,99.0,0.8181818181818182,-0.029382497662446178,-0.01705142894673119,98.0,-0.023216963304588684,0.006165534357857495,0.030913226695556368,1.9844674545084815,XGBRegressor,"{'mode': 'original', 'type': 'XGBRegressor'}",7,"['pe_T6W50', 'l1_T6W50', 'density_T6W50', 'z_pe_T6W50', 'z_l3_T6W50', 'z_lsc_T6W50', 'z_diameter_T6W50']",-0.07813778640213898,-0.02694538268084578,98.0,-0.05254158454149238,0.0255962018606466,0.12833619030197913,1.9844674545084815,1.395611607916506,1.425482712102556,98.0,1.410547160009531,0.014935552093025084,0.07488501091337967,1.9844674545084815,completed,False,COMPLETE
128,1.102216220798027,2026-06-13 09:17:26.668527,2026-06-13 09:17:40.617964,0 days 00:00:13.949437,,,,,,11.0,sqrt,5.0,3.0,256.0,,,,,ExtraTreesRegressor,,,,,,10,,,,,,,,True,,,,,,,,,-0.03683594351133361,-0.025238223880808347,98.0,-0.03103708369607098,0.005798859815262633,0.02907476589056893,1.9844674545084815,1.0892389847349753,1.1151934568610788,98.0,1.102216220798027,0.012977236063051742,0.0650662565504335,1.9844674545084815,350672372720705.06,448570990916829.3,98.0,399621681818767.2,48949309098062.12,245425781596825.0,1.9844674545084815,3.0855307555960207,3.137240662010501,98.0,3.111385708803261,0.02585495320723998,0.1296335375505315,1.9844674545084815,0.9863372882452428,1.0153724353932738,98.0,1.0008548618192583,0.014517573574015516,0.0727893183161032,1.9844674545084815,99.0,0.35353535353535354,-0.00046859184374630457,0.018156762986960534,98.0,0.008844085571607114,0.009312677415353418,0.046692612736237725,1.9844674545084815,ExtraTreesRegressor,"{'mode': 'original', 'type': 'ExtraTreesRegressor'}",10,"['re_T6W50', 'pe_T6W50', 'l3_T6W50', 'lcc_T6W50', 'lsc_T6W50', 'atd_T6W50', 'diameter_T6W50', 'z_lsc_T6W50', 'z_density_T6W50', 'z_asp_T6W50']",0.08474729175696061,0.13654642725714863,98.0,0.11064685950705462,0.025899567750094006,0.1298572293503197,1.9844674545084815,1.3724091319897656,1.4038727889992,98.0,1.3881409604944828,0.01573182850471725,0.0788774423553671,1.9844674545084815,completed,True,COMPLETE
129,1.1359401858779692,2026-06-13 09:17:40.630138,2026-06-13 09:17:49.757379,0 days 00:00:09.127241,,,,,,8.0,,3.0,10.0,124.0,,,,,ExtraTreesRegressor,,,,,,20,,,,,,,,False,,,,,,,,,-0.07302221384814211,-0.052690171843032374,98.0,-0.06285619284558724,0.010166021002554867,0.050971171937961884,1.9844674545084815,1.1209308854829463,1.150949486272992,98.0,1.1359401858779692,0.015009300395022978,0.07525477577815053,1.9844674545084815,339924645113399.75,435094118420738.4,98.0,387509381767069.06,47584736653669.3,238583984135707.06,1.9844674545084815,3.1567863559741207,3.2527316405052185,98.0,3.2047589982396696,0.047972642265548926,0.2405288948961558,1.9844674545084815,0.9893847489651946,1.0234108740788668,98.0,1.0063978115220307,0.017013062556836156,0.08530139142520596,1.9844674545084815,99.0,0.46464646464646464,-0.03548501544692322,0.0003093227000848589,98.0,-0.01758784637341918,0.01789716907350404,0.08973419215040868,1.9844674545084815,ExtraTreesRegressor,"{'mode': 'original', 'type': 'ExtraTreesRegressor'}",20,"['nodes_T6W50', 'edges_T6W50', 're_T6W50', 'pe_T6W50', 'l1_T6W50', 'l2_T6W50', 'l3_T6W50', 'lcc_T6W50', 'lsc_T6W50', 'atd_T6W50', 'density_T6W50', 'diameter_T6W50', 'asp_T6W50', 'z_re_T6W50', 'z_l1_T6W50', 'z_l3_T6W50', 'z_lsc_T6W50', 'z_density_T6W50', 'z_diameter_T6W50', 'z_asp_T6W50']",0.08373233678762576,0.1412966177195561,98.0,0.11251447725359093,0.02878214046596517,0.1443100924210749,1.9844674545084815,1.3878574254067784,1.4223482692831826,98.0,1.4051028473449805,0.017245421938202086,0.08646641262435799,1.9844674545084815,completed,False,COMPLETE
130,1.1598698731023904,2026-06-13 09:17:49.769771,2026-06-13 09:17:49.963239,0 days 00:00:00.193468,,,,,,,,,,,,,,0.00033679722132229183,QuantileRegressor,,,,,,15,,,,,,,,True,,,,,,,,,,,,,,,,,,,,,,,,,,,,,,,,,,,,,,,,,,,,,,,,,,,,,QuantileRegressor,"{'mode': 'original', 'type': 'QuantileRegressor'}",15,"['nodes_T6W50', 'edges_T6W50', 'pe_T6W50', 'l2_T6W50', 'l3_T6W50', 'lsc_T6W50', 'diameter_T6W50', 'z_re_T6W50', 'z_pe_T6W50', 'z_l2_T6W50', 'z_l3_T6W50', 'z_lsc_T6W50', 'z_density_T6W50', 'z_diameter_T6W50', 'z_asp_T6W50']",,,,,,,,,,,,,,,pruned,True,PRUNED
