number,value,datetime_start,datetime_complete,duration,params_dt_max_depth,params_dt_min_samples_leaf,params_dt_min_samples_split,params_elastic_alpha,params_elastic_l1_ratio,params_et_max_depth,params_et_max_features,params_et_min_samples_leaf,params_et_min_samples_split,params_et_n_estimators,params_knn_metric,params_knn_n_neighbors,params_knn_weights,params_quantile_alpha,params_regressor,params_rf_max_depth,params_rf_max_features,params_rf_min_samples_leaf,params_rf_min_samples_split,params_rf_n_estimators,params_rfe_n_features,params_rfe_proxy_et_max_depth,params_rfe_proxy_et_min_samples_leaf,params_rfe_proxy_et_min_samples_split,params_rfe_proxy_et_n_estimators,params_rfe_proxy_lsvr_C,params_rfe_proxy_lsvr_epsilon,params_rfe_proxy_type,params_use_scaler,params_xgb_booster,params_xgb_colsample_bytree,params_xgb_learning_rate,params_xgb_max_depth,params_xgb_n_estimators,params_xgb_reg_alpha,params_xgb_reg_lambda,params_xgb_subsample,user_attrs_d2mae_ci_lower_val,user_attrs_d2mae_ci_upper_val,user_attrs_d2mae_df_val,user_attrs_d2mae_mean_val,user_attrs_d2mae_samperror_val,user_attrs_d2mae_std_val,user_attrs_d2mae_t_critical_val,user_attrs_mae_ci_lower_val,user_attrs_mae_ci_upper_val,user_attrs_mae_df_val,user_attrs_mae_mean_val,user_attrs_mae_samperror_val,user_attrs_mae_std_val,user_attrs_mae_t_critical_val,user_attrs_mape_ci_lower_val,user_attrs_mape_ci_upper_val,user_attrs_mape_df_val,user_attrs_mape_mean_val,user_attrs_mape_samperror_val,user_attrs_mape_std_val,user_attrs_mape_t_critical_val,user_attrs_max_error_ci_lower_val,user_attrs_max_error_ci_upper_val,user_attrs_max_error_df_val,user_attrs_max_error_mean_val,user_attrs_max_error_samperror_val,user_attrs_max_error_std_val,user_attrs_max_error_t_critical_val,user_attrs_median_ae_ci_lower_val,user_attrs_median_ae_ci_upper_val,user_attrs_median_ae_df_val,user_attrs_median_ae_mean_val,user_attrs_median_ae_samperror_val,user_attrs_median_ae_std_val,user_attrs_median_ae_t_critical_val,user_attrs_n_splits_val,user_attrs_r2_below_zero_val,user_attrs_r2_ci_lower_val,user_attrs_r2_ci_upper_val,user_attrs_r2_df_val,user_attrs_r2_mean_val,user_attrs_r2_samperror_val,user_attrs_r2_std_val,user_attrs_r2_t_critical_val,user_attrs_regressor_final,user_attrs_rfe_estimator,user_attrs_rfe_n_features,user_attrs_rfe_selected_features,user_attrs_rho_ci_lower_val,user_attrs_rho_ci_upper_val,user_attrs_rho_df_val,user_attrs_rho_mean_val,user_attrs_rho_samperror_val,user_attrs_rho_std_val,user_attrs_rho_t_critical_val,user_attrs_rmse_ci_lower_val,user_attrs_rmse_ci_upper_val,user_attrs_rmse_df_val,user_attrs_rmse_mean_val,user_attrs_rmse_samperror_val,user_attrs_rmse_std_val,user_attrs_rmse_t_critical_val,user_attrs_termination_reason,user_attrs_use_scaler_final,state
98,1.1163184935225792,2026-06-13 09:16:03.527550,2026-06-13 09:16:05.557071,0 days 00:00:02.029521,,,,,,,,,,,manhattan,16.0,distance,,KNeighborsRegressor,,,,,,6,3.0,5.0,10.0,60.0,,,ExtraTrees,,,,,,,,,,-0.05294526199648739,-0.035496026650812994,98.0,-0.04422064432365019,0.008724617672837201,0.043744153920536405,1.9844674545084815,1.1014535571874031,1.1311834298577552,98.0,1.1163184935225792,0.014864936335176016,0.07453095223752706,1.9844674545084815,340794041562393.7,437447831271108.06,98.0,389120936416750.9,48326894854357.17,242305073561247.62,1.9844674545084815,3.1397397644087723,3.2356591672029706,98.0,3.1876994658058715,0.04795970139709937,0.24046401098232137,1.9844674545084815,0.9493519678944877,0.9894633105009423,98.0,0.969407639197715,0.020055671303227267,0.10055665535917509,1.9844674545084815,99.0,0.3838383838383838,-0.004035277455890343,0.024719143116763587,98.0,0.010341932830436622,0.014377210286326965,0.0720855541522526,1.9844674545084815,KNeighborsRegressor,"{'mode': 'proxy', 'type': 'ExtraTrees'}",6,"['re_T6W50', 'pe_T6W50', 'l2_T6W50', 'l3_T6W50', 'lsc_T6W50', 'z_asp_T6W50']",0.1395039581576482,0.18605346117710103,98.0,0.16277870966737462,0.023274751509726417,0.11669672536752174,1.9844674545084815,1.3694325480707779,1.4033874585215647,98.0,1.3864100032961713,0.016977455225393383,0.08512286066939052,1.9844674545084815,completed,True,COMPLETE
99,1.1600555605377554,2026-06-13 09:16:05.569448,2026-06-13 09:16:05.852132,0 days 00:00:00.282684,,,,,,,,,,,,,,0.00048105946370578004,QuantileRegressor,,,,,,16,,,,,,,,False,,,,,,,,,,,,,,,,,,,,,,,,,,,,,,,,,,,,,,,,,,,,,,,,,,,,,QuantileRegressor,"{'mode': 'original', 'type': 'QuantileRegressor'}",16,"['nodes_T6W50', 'edges_T6W50', 'pe_T6W50', 'l2_T6W50', 'l3_T6W50', 'lsc_T6W50', 'diameter_T6W50', 'z_re_T6W50', 'z_pe_T6W50', 'z_l1_T6W50', 'z_l2_T6W50', 'z_l3_T6W50', 'z_lsc_T6W50', 'z_density_T6W50', 'z_diameter_T6W50', 'z_asp_T6W50']",,,,,,,,,,,,,,,pruned,False,PRUNED
100,1.0845839316982213,2026-06-13 09:16:05.864225,2026-06-13 09:16:11.863333,0 days 00:00:05.999108,,,,,,3.0,,1.0,11.0,85.0,,,,,ExtraTreesRegressor,,,,,,3,,,,,,,,True,,,,,,,,,-0.020131934701927763,-0.008521911134836468,98.0,-0.014326922918382116,0.005805011783545648,0.029105611098643125,1.9844674545084815,1.070948406692321,1.0982194567041217,98.0,1.0845839316982213,0.013635525005900442,0.06836683589041004,1.9844674545084815,359027545286962.44,458476895454880.44,98.0,408752220370921.44,49724675083959.016,249313370750149.2,1.9844674545084815,3.0958556329576,3.141012623648216,98.0,3.118434128302908,0.022578495345308112,0.11320578307451327,1.9844674545084815,0.9826801063095196,1.0064945503587626,98.0,0.9945873283341411,0.011907222024621486,0.05970133850480336,1.9844674545084815,99.0,0.3939393939393939,0.0012383513859874316,0.019828790359711357,98.0,0.010533570872849394,0.009295219486861963,0.04660508084203891,1.9844674545084815,ExtraTreesRegressor,"{'mode': 'original', 'type': 'ExtraTreesRegressor'}",3,"['edges_T6W50', 're_T6W50', 'pe_T6W50']",0.12364992474753994,0.17818661785600043,98.0,0.15091827130177018,0.027268346554230247,0.13672011697893394,1.9844674545084815,1.3705484735642626,1.403875849122992,98.0,1.3872121613436272,0.01666368777936472,0.08354966950285221,1.9844674545084815,completed,True,COMPLETE
101,1.127323982129482,2026-06-13 09:16:11.877731,2026-06-13 09:16:12.032456,0 days 00:00:00.154725,,,,,,,,,,,euclidean,7.0,distance,,KNeighborsRegressor,,,,,,16,8.0,1.0,12.0,20.0,,,ExtraTrees,,,,,,,,,,,,,,,,,,,,,,,,,,,,,,,,,,,,,,,,,,,,,,,,,,,,,,KNeighborsRegressor,"{'mode': 'proxy', 'type': 'ExtraTrees'}",16,"['nodes_T6W50', 'edges_T6W50', 're_T6W50', 'pe_T6W50', 'l2_T6W50', 'l3_T6W50', 'lcc_T6W50', 'lsc_T6W50', 'atd_T6W50', 'density_T6W50', 'asp_T6W50', 'z_re_T6W50', 'z_l3_T6W50', 'z_lsc_T6W50', 'z_density_T6W50', 'z_diameter_T6W50']",,,,,,,,,,,,,,,pruned,True,PRUNED
102,1.2136655140156838,2026-06-13 09:16:12.041931,2026-06-13 09:16:12.823526,0 days 00:00:00.781595,,,,,,,,,,,,,,,XGBRegressor,,,,,,17,,,,,,,,True,gbtree,0.7699785651402797,0.28741006847416,3.0,230.0,0.37870378817184325,0.0004882270025709819,0.9635004839621477,,,,,,,,,,,,,,,,,,,,,,,,,,,,,,,,,,,,,,,,,,,,,XGBRegressor,"{'mode': 'original', 'type': 'XGBRegressor'}",17,"['edges_T6W50', 're_T6W50', 'pe_T6W50', 'l1_T6W50', 'l3_T6W50', 'lsc_T6W50', 'atd_T6W50', 'density_T6W50', 'diameter_T6W50', 'asp_T6W50', 'z_re_T6W50', 'z_l1_T6W50', 'z_l3_T6W50', 'z_lsc_T6W50', 'z_density_T6W50', 'z_diameter_T6W50', 'z_asp_T6W50']",,,,,,,,,,,,,,,pruned,True,PRUNED
103,1.1078489908321656,2026-06-13 09:16:12.832776,2026-06-13 09:16:14.825544,0 days 00:00:01.992768,,,,0.05875045082789027,0.30552431065802355,,,,,,,,,,ElasticNet,,,,,,10,,,,,,,,False,,,,,,,,,-0.04259278558632982,-0.030234338493214018,98.0,-0.03641356203977192,0.0061792235465579015,0.030981862594573722,1.9844674545084815,1.0949309614938938,1.1207670201704374,98.0,1.1078489908321656,0.012918029338271896,0.06476940135528106,1.9844674545084815,368340662610981.7,470807690534827.94,98.0,419574176572904.8,51233513961923.11,256878502265819.03,1.9844674545084815,3.197778841492911,3.2670469948179615,98.0,3.232412918155436,0.03463407666252509,0.17365097672279692,1.9844674545084815,0.9740456735356946,1.0001759007567808,98.0,0.9871107871462377,0.013065113610543124,0.06550686370455445,1.9844674545084815,99.0,0.6767676767676768,-0.038769908433693434,-0.017243389290213528,98.0,-0.02800664886195348,0.010763259571739951,0.0539656522553117,1.9844674545084815,ElasticNet,"{'mode': 'original', 'type': 'ElasticNet'}",10,"['nodes_T6W50', 'edges_T6W50', 'pe_T6W50', 'l3_T6W50', 'lcc_T6W50', 'lsc_T6W50', 'diameter_T6W50', 'z_density_T6W50', 'z_diameter_T6W50', 'z_asp_T6W50']",0.009143741037666846,0.06422158931717051,98.0,0.03668266517741867,0.027538924139751828,0.13807675952676193,1.9844674545084815,1.397197363884062,1.4300456018599548,98.0,1.4136214828720084,0.01642411898794633,0.08234850121338207,1.9844674545084815,completed,False,COMPLETE
104,1.1280209523642208,2026-06-13 09:16:14.837848,2026-06-13 09:16:16.635349,0 days 00:00:01.797501,,,,,,,,,,,manhattan,19.0,distance,,KNeighborsRegressor,,,,,,16,2.0,1.0,6.0,40.0,,,ExtraTrees,,,,,,,,,,-0.06276359730497066,-0.04785921201078209,98.0,-0.05531140465787637,0.007452192647094284,0.03736437221941575,1.9844674545084815,1.1143286977765219,1.1417132069519198,98.0,1.1280209523642208,0.013692254587699017,0.06865127099703604,1.9844674545084815,354304708279543.75,452578142717563.6,98.0,403441425498553.7,49136717219009.96,246365422735969.06,1.9844674545084815,3.1094855992990436,3.1781362451102924,98.0,3.143810922204668,0.03432532290562443,0.1721029235734359,1.9844674545084815,0.9964978522700051,1.0316620222492656,98.0,1.0140799372596354,0.01758208498963027,0.08815439952456136,1.9844674545084815,99.0,0.494949494949495,-0.021927049931991512,0.0044848791245813285,98.0,-0.008721085403705092,0.01320596452828642,0.06621307278518777,1.9844674545084815,KNeighborsRegressor,"{'mode': 'proxy', 'type': 'ExtraTrees'}",16,"['nodes_T6W50', 'edges_T6W50', 're_T6W50', 'pe_T6W50', 'l2_T6W50', 'l3_T6W50', 'lcc_T6W50', 'lsc_T6W50', 'atd_T6W50', 'density_T6W50', 'diameter_T6W50', 'z_l2_T6W50', 'z_lsc_T6W50', 'z_density_T6W50', 'z_diameter_T6W50', 'z_asp_T6W50']",0.05723117154630461,0.10856729485461655,98.0,0.08289923320046058,0.025668061654155968,0.1286964864187658,1.9844674545084815,1.3833980469337344,1.4162394340402393,98.0,1.3998187404869868,0.0164206935532524,0.08233132650749637,1.9844674545084815,completed,True,COMPLETE
105,1.115317338680047,2026-06-13 09:16:16.647801,2026-06-13 09:16:18.610337,0 days 00:00:01.962536,,,,0.0007485022950356935,0.5025660764634424,,,,,,,,,,ElasticNet,,,,,,10,,,,,,,,False,,,,,,,,,-0.053781924972879105,-0.033510710690857676,98.0,-0.04364631783186839,0.010135607141010711,0.050818680597871715,1.9844674545084815,1.1005827131295554,1.1300519642305387,98.0,1.115317338680047,0.01473462555049155,0.0738775900804104,1.9844674545084815,340818064006134.06,438547867509407.8,98.0,389682965757770.94,48864901751636.85,245002573601642.97,1.9844674545084815,3.259170306667085,3.4133088552049853,98.0,3.3362395809360352,0.07706927426895022,0.3864158089885279,1.9844674545084815,0.9777023397652805,1.0117096707371185,98.0,0.9947060052511996,0.01700366548591903,0.08525427567388989,1.9844674545084815,99.0,0.5353535353535354,-0.03439268778724167,0.0007928134596731917,98.0,-0.01679993716378424,0.017592750623457432,0.08820787569340804,1.9844674545084815,ElasticNet,"{'mode': 'original', 'type': 'ElasticNet'}",10,"['edges_T6W50', 'pe_T6W50', 'l2_T6W50', 'lcc_T6W50', 'lsc_T6W50', 'atd_T6W50', 'z_pe_T6W50', 'z_l2_T6W50', 'z_lsc_T6W50', 'z_diameter_T6W50']",0.05587797456596433,0.1133426651767441,98.0,0.08461031987135421,0.02873234530538989,0.14406042564478916,1.9844674545084815,1.3876964241996097,1.4210108214434376,98.0,1.4043536228215237,0.016657198621914053,0.08351713366999615,1.9844674545084815,completed,False,COMPLETE
106,1.0947265191039464,2026-06-13 09:16:18.624545,2026-06-13 09:16:41.482009,0 days 00:00:22.857464,,,,,,,,,,,,,,,XGBRegressor,,,,,,18,,,,,,,,True,gbtree,0.6080190912547998,0.0018270239281680462,5.0,278.0,0.0037695681044651328,0.0071090215639210445,0.8204131573451031,-0.02851764825398401,-0.019813289781610923,98.0,-0.024165469017797467,0.004352179236186544,0.02182128839756887,1.9844674545084815,1.082958281875294,1.1064947563325986,98.0,1.0947265191039464,0.011768237228652348,0.05900448592793723,1.9844674545084815,356503554199183.44,455934495559755.7,98.0,406219024879469.56,49715470680286.125,249267221008565.94,1.9844674545084815,3.0956648713260706,3.1420205345207273,98.0,3.118842702923399,0.023177831597328318,0.11621078091414966,1.9844674545084815,0.9867784905565827,1.0085755934968421,98.0,0.9976770420267125,0.0108985514701297,0.05464398910046518,1.9844674545084815,99.0,0.37373737373737376,0.0010182813105736425,0.014455298849888262,98.0,0.007736790080230952,0.00671850876965731,0.03368577200252143,1.9844674545084815,XGBRegressor,"{'mode': 'original', 'type': 'XGBRegressor'}",18,"['pe_T6W50', 'l1_T6W50', 'l3_T6W50', 'lcc_T6W50', 'lsc_T6W50', 'atd_T6W50', 'density_T6W50', 'diameter_T6W50', 'asp_T6W50', 'z_re_T6W50', 'z_pe_T6W50', 'z_l1_T6W50', 'z_l2_T6W50', 'z_l3_T6W50', 'z_lsc_T6W50', 'z_density_T6W50', 'z_diameter_T6W50', 'z_asp_T6W50']",0.0659151159868827,0.119366137044384,98.0,0.09264062651563335,0.02672551052875065,0.13399840428702756,1.9844674545084815,1.3739505440801008,1.4042600459858008,98.0,1.3891052950329508,0.015154750952850082,0.07598404688526457,1.9844674545084815,completed,True,COMPLETE
107,1.1653380439739902,2026-06-13 09:16:41.513638,2026-06-13 09:16:41.703839,0 days 00:00:00.190201,,,,,,,,,,,,,,0.00032005827119523133,QuantileRegressor,,,,,,16,,,,,,,,False,,,,,,,,,,,,,,,,,,,,,,,,,,,,,,,,,,,,,,,,,,,,,,,,,,,,,QuantileRegressor,"{'mode': 'original', 'type': 'QuantileRegressor'}",16,"['nodes_T6W50', 'edges_T6W50', 'pe_T6W50', 'l2_T6W50', 'l3_T6W50', 'lsc_T6W50', 'diameter_T6W50', 'z_re_T6W50', 'z_pe_T6W50', 'z_l1_T6W50', 'z_l2_T6W50', 'z_l3_T6W50', 'z_lsc_T6W50', 'z_density_T6W50', 'z_diameter_T6W50', 'z_asp_T6W50']",,,,,,,,,,,,,,,pruned,False,PRUNED
108,1.0691225985343633,2026-06-13 09:16:41.713065,2026-06-13 09:16:44.049362,0 days 00:00:02.336297,,,,,,,,,,,,,,2.710323160002809,QuantileRegressor,,,,,,11,,,,,,,,True,,,,,,,,,0.0,0.0,98.0,0.0,0.0,0.0,1.9844674545084815,1.0575870578016928,1.0806581392670338,98.0,1.0691225985343633,0.011535540732670515,0.05783777447779657,1.9844674545084815,378756762949842.25,482894502655208.6,98.0,430825632802525.44,52068869852683.18,261066873382366.97,1.9844674545084815,3.0,3.0,98.0,3.0,0.0,0.0,1.9844674545084815,1.0,1.0,98.0,1.0,0.0,0.0,1.9844674545084815,99.0,0.9191919191919192,-0.004402232239554242,-0.002812910014847294,98.0,-0.003607571127200768,0.0007946611123534741,0.00398433253088908,1.9844674545084815,QuantileRegressor,"{'mode': 'original', 'type': 'QuantileRegressor'}",11,"['diameter_T6W50', 'asp_T6W50', 'z_re_T6W50', 'z_pe_T6W50', 'z_l1_T6W50', 'z_l2_T6W50', 'z_l3_T6W50', 'z_lsc_T6W50', 'z_density_T6W50', 'z_diameter_T6W50', 'z_asp_T6W50']",,,,,,,,1.3817940130923385,1.413236739470511,98.0,1.3975153762814247,0.01572136318908618,0.07882497055717957,1.9844674545084815,completed,True,COMPLETE
109,1.0966623045981976,2026-06-13 09:16:44.061965,2026-06-13 09:16:45.567405,0 days 00:00:01.505440,,,,,,,,,,,,,,,RandomForestRegressor,16.0,,3.0,3.0,167.0,22,,,,,,,,True,,,,,,,,,,,,,,,,,,,,,,,,,,,,,,,,,,,,,,,,,,,,,,,,,,,,,RandomForestRegressor,"{'mode': 'original', 'type': 'RandomForestRegressor'}",22,"['nodes_T6W50', 'edges_T6W50', 're_T6W50', 'pe_T6W50', 'l1_T6W50', 'l2_T6W50', 'l3_T6W50', 'lcc_T6W50', 'lsc_T6W50', 'atd_T6W50', 'density_T6W50', 'diameter_T6W50', 'asp_T6W50', 'z_re_T6W50', 'z_pe_T6W50', 'z_l1_T6W50', 'z_l2_T6W50', 'z_l3_T6W50', 'z_lsc_T6W50', 'z_density_T6W50', 'z_diameter_T6W50', 'z_asp_T6W50']",,,,,,,,,,,,,,,pruned,True,PRUNED
110,1.1062796039634535,2026-06-13 09:16:45.577385,2026-06-13 09:16:47.454684,0 days 00:00:01.877299,,,,0.0042012607279230466,0.7373570773877997,,,,,,,,,,ElasticNet,,,,,,11,,,,,,,,True,,,,,,,,,-0.04441286386183983,-0.025747614255849205,98.0,-0.03508023905884452,0.009332624802995316,0.0467926264707119,1.9844674545084815,1.0918262538979262,1.1207329540289808,98.0,1.1062796039634535,0.014453350065527336,0.07246730958793045,1.9844674545084815,346682366666462.75,445476102699094.6,98.0,396079234682778.7,49396868016315.91,247669786657305.25,1.9844674545084815,3.1867655653749316,3.310315507539267,98.0,3.2485405364570994,0.06177497108216775,0.30973206446263213,1.9844674545084815,0.9646319304612372,1.002406717650174,98.0,0.9835193240557056,0.018887393594468466,0.09469905542411027,1.9844674545084815,99.0,0.5252525252525253,-0.020075406633146133,0.011721845468035588,98.0,-0.004176780582555272,0.01589862605059086,0.07971374462027658,1.9844674545084815,ElasticNet,"{'mode': 'original', 'type': 'ElasticNet'}",11,"['nodes_T6W50', 'edges_T6W50', 'pe_T6W50', 'l2_T6W50', 'lcc_T6W50', 'lsc_T6W50', 'asp_T6W50', 'z_pe_T6W50', 'z_l2_T6W50', 'z_lsc_T6W50', 'z_asp_T6W50']",0.07718816877744442,0.1317797109638616,98.0,0.104483939870653,0.027295771093208594,0.13685762022540895,1.9844674545084815,1.379669919307718,1.4121754505989819,98.0,1.39592268495335,0.01625276564563191,0.08148935674859513,1.9844674545084815,completed,True,COMPLETE
111,1.1176470588235294,2026-06-13 09:16:47.467800,2026-06-13 09:16:47.644437,0 days 00:00:00.176637,,,,,,,,,,,minkowski,14.0,uniform,,KNeighborsRegressor,,,,,,15,,,,,0.4339260158221391,0.3806019094922788,LinearSVR,,,,,,,,,,,,,,,,,,,,,,,,,,,,,,,,,,,,,,,,,,,,,,,,,,,,,,KNeighborsRegressor,"{'mode': 'proxy', 'type': 'LinearSVR'}",15,"['nodes_T6W50', 'edges_T6W50', 'pe_T6W50', 'l1_T6W50', 'l2_T6W50', 'l3_T6W50', 'lcc_T6W50', 'lsc_T6W50', 'atd_T6W50', 'diameter_T6W50', 'z_l2_T6W50', 'z_l3_T6W50', 'z_lsc_T6W50', 'z_density_T6W50', 'z_diameter_T6W50']",,,,,,,,,,,,,,,pruned,True,PRUNED
112,1.0856992003193418,2026-06-13 09:16:47.654211,2026-06-13 09:16:53.461893,0 days 00:00:05.807682,,,,,,3.0,sqrt,5.0,2.0,82.0,,,,,ExtraTreesRegressor,,,,,,9,,,,,,,,False,,,,,,,,,-0.019823561461655256,-0.011292631305218112,98.0,-0.015558096383436684,0.004265465078218571,0.021386514334626214,1.9844674545084815,1.0734054630023682,1.0979929376363153,98.0,1.0856992003193418,0.01229373731697365,0.06163927837510094,1.9844674545084815,355636472648205.5,454748977672792.5,98.0,405192725160499.0,49556252512293.52,248468920806908.06,1.9844674545084815,3.058902319763245,3.089881893055651,98.0,3.074392106409448,0.015489786646202845,0.07766387441335508,1.9844674545084815,0.9792503573632174,1.0018743772859529,98.0,0.9905623673245851,0.01131200996136773,0.05671701883754792,1.9844674545084815,99.0,0.31313131313131315,0.006417086593069617,0.019805097271681688,98.0,0.013111091932375652,0.006694005339306036,0.03356291483340966,1.9844674545084815,ExtraTreesRegressor,"{'mode': 'original', 'type': 'ExtraTreesRegressor'}",9,"['nodes_T6W50', 're_T6W50', 'pe_T6W50', 'l2_T6W50', 'lsc_T6W50', 'atd_T6W50', 'z_pe_T6W50', 'z_density_T6W50', 'z_asp_T6W50']",0.09824001187592789,0.15187486196181363,98.0,0.12505743691887075,0.026817425042942867,0.13445925229288042,1.9844674545084815,1.370056312041116,1.4007278652740576,98.0,1.3853920886575868,0.015335776616470833,0.0768916871727751,1.9844674545084815,completed,False,COMPLETE
113,1.22188388031751,2026-06-13 09:16:53.474513,2026-06-13 09:16:53.600013,0 days 00:00:00.125500,,,,,,,,,,,,,,,LinearRegression,,,,,,22,,,,,,,,False,,,,,,,,,,,,,,,,,,,,,,,,,,,,,,,,,,,,,,,,,,,,,,,,,,,,,LinearRegression,"{'mode': 'original', 'type': 'LinearRegression'}",22,"['nodes_T6W50', 'edges_T6W50', 're_T6W50', 'pe_T6W50', 'l1_T6W50', 'l2_T6W50', 'l3_T6W50', 'lcc_T6W50', 'lsc_T6W50', 'atd_T6W50', 'density_T6W50', 'diameter_T6W50', 'asp_T6W50', 'z_re_T6W50', 'z_pe_T6W50', 'z_l1_T6W50', 'z_l2_T6W50', 'z_l3_T6W50', 'z_lsc_T6W50', 'z_density_T6W50', 'z_diameter_T6W50', 'z_asp_T6W50']",,,,,,,,,,,,,,,pruned,False,PRUNED
114,1.1184701840608138,2026-06-13 09:16:53.610182,2026-06-13 09:16:55.830268,0 days 00:00:02.220086,,,,,,,,,,,,,,,XGBRegressor,,,,,,15,,,,,,,,True,gblinear,0.9899851646794253,0.09517259270730555,10.0,68.0,0.0026117662573891046,0.0017450341235732876,0.6464110183504823,-0.05393536986367662,-0.038806226386665234,98.0,-0.04637079812517093,0.0075645717385056915,0.037927827084315524,1.9844674545084815,1.104723543301226,1.1322168248204016,98.0,1.1184701840608138,0.013746640759587907,0.06892395653621597,1.9844674545084815,364617023306923.3,467166249886700.3,98.0,415891636596811.8,51274613289888.5,257084569212929.62,1.9844674545084815,3.304862960320524,3.452833322663506,98.0,3.378848141492015,0.07398518117149111,0.37095254764923263,1.9844674545084815,0.9776221819808034,1.0059641919745088,98.0,0.9917931869776562,0.014171004996852744,0.0710516663350165,1.9844674545084815,99.0,0.696969696969697,-0.061769564467927356,-0.0329723159694573,98.0,-0.04737094021869233,0.014398624249235027,0.07219292111372018,1.9844674545084815,XGBRegressor,"{'mode': 'original', 'type': 'XGBRegressor'}",15,"['nodes_T6W50', 'edges_T6W50', 'pe_T6W50', 'l1_T6W50', 'l2_T6W50', 'l3_T6W50', 'lcc_T6W50', 'lsc_T6W50', 'atd_T6W50', 'diameter_T6W50', 'asp_T6W50', 'z_pe_T6W50', 'z_lsc_T6W50', 'z_density_T6W50', 'z_asp_T6W50']",-0.0049313366858154024,0.04921952343628849,98.0,0.022144093375236543,0.027075430061051946,0.135752857542721,1.9844674545084815,1.409373570956862,1.4431891815550457,98.0,1.4262813762559539,0.01690780529909176,0.0847736445534594,1.9844674545084815,completed,True,COMPLETE
