number,value,datetime_start,datetime_complete,duration,params_dt_max_depth,params_dt_min_samples_leaf,params_dt_min_samples_split,params_elastic_alpha,params_elastic_l1_ratio,params_et_max_depth,params_et_max_features,params_et_min_samples_leaf,params_et_min_samples_split,params_et_n_estimators,params_knn_metric,params_knn_n_neighbors,params_knn_weights,params_quantile_alpha,params_regressor,params_rf_max_depth,params_rf_max_features,params_rf_min_samples_leaf,params_rf_min_samples_split,params_rf_n_estimators,params_rfe_n_features,params_rfe_proxy_et_max_depth,params_rfe_proxy_et_min_samples_leaf,params_rfe_proxy_et_min_samples_split,params_rfe_proxy_et_n_estimators,params_rfe_proxy_lsvr_C,params_rfe_proxy_lsvr_epsilon,params_rfe_proxy_type,params_use_scaler,params_xgb_booster,params_xgb_colsample_bytree,params_xgb_learning_rate,params_xgb_max_depth,params_xgb_n_estimators,params_xgb_reg_alpha,params_xgb_reg_lambda,params_xgb_subsample,user_attrs_d2mae_ci_lower_val,user_attrs_d2mae_ci_upper_val,user_attrs_d2mae_df_val,user_attrs_d2mae_mean_val,user_attrs_d2mae_samperror_val,user_attrs_d2mae_std_val,user_attrs_d2mae_t_critical_val,user_attrs_mae_ci_lower_val,user_attrs_mae_ci_upper_val,user_attrs_mae_df_val,user_attrs_mae_mean_val,user_attrs_mae_samperror_val,user_attrs_mae_std_val,user_attrs_mae_t_critical_val,user_attrs_mape_ci_lower_val,user_attrs_mape_ci_upper_val,user_attrs_mape_df_val,user_attrs_mape_mean_val,user_attrs_mape_samperror_val,user_attrs_mape_std_val,user_attrs_mape_t_critical_val,user_attrs_max_error_ci_lower_val,user_attrs_max_error_ci_upper_val,user_attrs_max_error_df_val,user_attrs_max_error_mean_val,user_attrs_max_error_samperror_val,user_attrs_max_error_std_val,user_attrs_max_error_t_critical_val,user_attrs_median_ae_ci_lower_val,user_attrs_median_ae_ci_upper_val,user_attrs_median_ae_df_val,user_attrs_median_ae_mean_val,user_attrs_median_ae_samperror_val,user_attrs_median_ae_std_val,user_attrs_median_ae_t_critical_val,user_attrs_n_splits_val,user_attrs_r2_below_zero_val,user_attrs_r2_ci_lower_val,user_attrs_r2_ci_upper_val,user_attrs_r2_df_val,user_attrs_r2_mean_val,user_attrs_r2_samperror_val,user_attrs_r2_std_val,user_attrs_r2_t_critical_val,user_attrs_regressor_final,user_attrs_rfe_estimator,user_attrs_rfe_n_features,user_attrs_rfe_selected_features,user_attrs_rho_ci_lower_val,user_attrs_rho_ci_upper_val,user_attrs_rho_df_val,user_attrs_rho_mean_val,user_attrs_rho_samperror_val,user_attrs_rho_std_val,user_attrs_rho_t_critical_val,user_attrs_rmse_ci_lower_val,user_attrs_rmse_ci_upper_val,user_attrs_rmse_df_val,user_attrs_rmse_mean_val,user_attrs_rmse_samperror_val,user_attrs_rmse_std_val,user_attrs_rmse_t_critical_val,user_attrs_termination_reason,user_attrs_use_scaler_final,state
81,1.0957946100743012,2026-06-13 09:13:24.484424,2026-06-13 09:14:04.041746,0 days 00:00:39.557322,,,,,,,,,,,,,,,RandomForestRegressor,2.0,sqrt,4.0,7.0,472.0,9,,,,,,,,True,,,,,,,,,-0.03185847217155261,-0.018302961448430324,98.0,-0.025080716809991466,0.006777755361561143,0.033982827086502625,1.9844674545084815,1.0825123638472196,1.1090768563013829,98.0,1.0957946100743012,0.013282246227081684,0.06659553978816131,1.9844674545084815,351006339056457.0,449535369661562.1,98.0,400270854359009.56,49264515302552.586,247006186520340.12,1.9844674545084815,3.1070986977991106,3.169398176596374,98.0,3.1382484371977424,0.03114973939863165,0.15618094063659108,1.9844674545084815,0.9782683661041582,1.0084581796066772,98.0,0.9933632728554177,0.015094906751259435,0.07568399546022814,1.9844674545084815,99.0,0.3434343434343434,0.0052946780269977015,0.02628719368043255,98.0,0.015790935853715125,0.010496257826717424,0.052626938529473546,1.9844674545084815,RandomForestRegressor,"{'mode': 'original', 'type': 'RandomForestRegressor'}",9,"['re_T6W50', 'pe_T6W50', 'l3_T6W50', 'lcc_T6W50', 'lsc_T6W50', 'diameter_T6W50', 'z_pe_T6W50', 'z_density_T6W50', 'z_asp_T6W50']",0.11709435166501486,0.16960018627219225,98.0,0.14334726896860356,0.026252917303588703,0.13162888030803993,1.9844674545084815,1.3671990868739952,1.3990790956381447,98.0,1.38313909125607,0.01594000438207483,0.0799212104565212,1.9844674545084815,completed,True,COMPLETE
82,1.0801726194624226,2026-06-13 09:14:04.054900,2026-06-13 09:14:06.540640,0 days 00:00:02.485740,,,,,,,,,,,,,,0.00020033665584113386,QuantileRegressor,,,,,,7,,,,,,,,True,,,,,,,,,-0.01503557213131835,-0.005635284252180217,98.0,-0.010335428191749284,0.004700143939569067,0.023565940382843657,1.9844674545084815,1.0675138412733036,1.0928313976515416,98.0,1.0801726194624226,0.012658778189118968,0.06346954815851241,1.9844674545084815,371674147392408.2,475282811782340.56,98.0,423478479587374.4,51804332194966.18,259740514285511.84,1.9844674545084815,3.0311012775984656,3.0858013003025446,98.0,3.058451288950505,0.02735001135203961,0.13712957417456376,1.9844674545084815,0.9995276920385017,1.01146842083178,98.0,1.0054980564351408,0.005970364396639065,0.029934668649307022,1.9844674545084815,99.0,0.8383838383838383,-0.014815383395596135,-0.003928257314733773,98.0,-0.009371820355164954,0.005443563040431181,0.027293351805905326,1.9844674545084815,QuantileRegressor,"{'mode': 'original', 'type': 'QuantileRegressor'}",7,"['pe_T6W50', 'l2_T6W50', 'z_pe_T6W50', 'z_l2_T6W50', 'z_l3_T6W50', 'z_density_T6W50', 'z_asp_T6W50']",-0.0788770645980355,0.021471859673073725,34.0,-0.028702602462480888,0.05017446213555461,0.14606319254748928,2.0322445093177186,1.3854890985363544,1.4171175357244965,98.0,1.4013033171304254,0.01581421859407107,0.07929053607309428,1.9844674545084815,completed,True,COMPLETE
83,1.1351092197527486,2026-06-13 09:14:06.552958,2026-06-13 09:14:41.372510,0 days 00:00:34.819552,,,,,,,,,,,,,,,RandomForestRegressor,6.0,,5.0,12.0,374.0,3,,,,,,,,False,,,,,,,,,-0.07263818048812959,-0.05120261795260731,98.0,-0.061920399220368454,0.010717781267761142,0.053737629664076816,1.9844674545084815,1.119062587772173,1.1511558517333242,98.0,1.1351092197527486,0.016046631980575723,0.08045582804733233,1.9844674545084815,341716609029727.6,440114605464211.5,98.0,390915607246969.56,49198998217241.93,246677691957973.56,1.9844674545084815,3.262984201524696,3.340122095537354,98.0,3.301553148531025,0.03856894700632911,0.19337992994817554,1.9844674545084815,0.949464139834908,1.0053700097005618,98.0,0.9774170747677349,0.027952934932826867,0.14015255843694482,1.9844674545084815,99.0,0.6767676767676768,-0.0669938612361122,-0.032150510555489786,98.0,-0.049572185895800994,0.017421675340311204,0.08735012538289909,1.9844674545084815,RandomForestRegressor,"{'mode': 'original', 'type': 'RandomForestRegressor'}",3,"['re_T6W50', 'pe_T6W50', 'z_asp_T6W50']",0.08134189387009637,0.1288067244050634,98.0,0.1050743091375799,0.023732415267483528,0.11899139484346999,1.9844674545084815,1.4099776150868302,1.4443845296735118,98.0,1.427181072380171,0.017203457293340763,0.08625600708535659,1.9844674545084815,completed,False,COMPLETE
84,1.0956136797339984,2026-06-13 09:14:41.387079,2026-06-13 09:14:42.389457,0 days 00:00:01.002378,,,,,,,,,,,,,,,RandomForestRegressor,18.0,,3.0,8.0,68.0,20,,,,,,,,False,,,,,,,,,,,,,,,,,,,,,,,,,,,,,,,,,,,,,,,,,,,,,,,,,,,,,RandomForestRegressor,"{'mode': 'original', 'type': 'RandomForestRegressor'}",20,"['edges_T6W50', 're_T6W50', 'pe_T6W50', 'l1_T6W50', 'l2_T6W50', 'l3_T6W50', 'lsc_T6W50', 'atd_T6W50', 'density_T6W50', 'diameter_T6W50', 'asp_T6W50', 'z_re_T6W50', 'z_pe_T6W50', 'z_l1_T6W50', 'z_l2_T6W50', 'z_l3_T6W50', 'z_lsc_T6W50', 'z_density_T6W50', 'z_diameter_T6W50', 'z_asp_T6W50']",,,,,,,,,,,,,,,pruned,False,PRUNED
85,1.111855929434149,2026-06-13 09:14:42.399185,2026-06-13 09:15:22.053887,0 days 00:00:39.654702,,,,,,,,,,,,,,,RandomForestRegressor,5.0,log2,5.0,4.0,459.0,7,,,,,,,,False,,,,,,,,,-0.049205360717194856,-0.031160122755689475,98.0,-0.040182741736442165,0.00902261898075269,0.04523829562058607,1.9844674545084815,1.097346530879463,1.126365327988835,98.0,1.111855929434149,0.014509398554686075,0.07274832978030021,1.9844674545084815,340156677751731.0,435971896912505.25,98.0,388064287332118.1,47907609580387.09,240202829056223.16,1.9844674545084815,3.152114198467791,3.2431317559574304,98.0,3.197622977212611,0.04550877874481947,0.22817538794243108,1.9844674545084815,0.9682534662706023,1.0077829554054456,98.0,0.988018210838024,0.0197647445674217,0.09909798468867687,1.9844674545084815,99.0,0.3939393939393939,-0.003997920133739669,0.026261276897778477,98.0,0.011131678382019405,0.015129598515759074,0.07585793567663118,1.9844674545084815,RandomForestRegressor,"{'mode': 'original', 'type': 'RandomForestRegressor'}",7,"['re_T6W50', 'pe_T6W50', 'l3_T6W50', 'lsc_T6W50', 'diameter_T6W50', 'z_density_T6W50', 'z_asp_T6W50']",0.12182953975357283,0.17723550020442932,98.0,0.14953251997900108,0.02770298022542825,0.13889931644931605,1.9844674545084815,1.368876835263909,1.4024540916111952,98.0,1.385665463437552,0.016788628173643107,0.08417610518670138,1.9844674545084815,completed,False,COMPLETE
86,1.0940863018957643,2026-06-13 09:15:22.112334,2026-06-13 09:15:24.601584,0 days 00:00:02.489250,,,,,,,,,,,,,,,XGBRegressor,,,,,,9,,,,,,,,False,gblinear,0.7268947706918196,0.0021095505016488166,8.0,196.0,1.3318464888627862e-06,4.5863872977933616e-08,0.9849105225392724,-0.02580091641712006,-0.021463642412387303,98.0,-0.023632279414753682,0.002168637002366378,0.010873277705295233,1.9844674545084815,1.0832610802530576,1.104911523538471,98.0,1.0940863018957643,0.010825221642706764,0.05427632241545478,1.9844674545084815,366447786378715.4,468075904776494.75,98.0,417261845577605.06,50814059198889.664,254775407963593.84,1.9844674545084815,3.1203184631877035,3.1435138554746898,98.0,3.1319161593311966,0.011597696143493276,0.05814941402006442,1.9844674545084815,0.9506772620392409,0.9683863349752152,98.0,0.959531798507228,0.008854536467987137,0.044395550690609575,1.9844674545084815,99.0,0.8181818181818182,-0.013289306821770465,-0.007944556594340828,98.0,-0.010616931708055647,0.0026723751137148173,0.013398958291514041,1.9844674545084815,XGBRegressor,"{'mode': 'original', 'type': 'XGBRegressor'}",9,"['pe_T6W50', 'l1_T6W50', 'l2_T6W50', 'density_T6W50', 'z_pe_T6W50', 'z_l1_T6W50', 'z_l2_T6W50', 'z_lsc_T6W50', 'z_asp_T6W50']",-0.09275906185998935,-0.03941282772154743,98.0,-0.06608594479076839,0.026673117069220955,0.13373570996115103,1.9844674545084815,1.3871140347097257,1.4171446086383872,98.0,1.4021293216740565,0.015015286964330715,0.07528479169621981,1.9844674545084815,completed,False,COMPLETE
87,1.1638434191039821,2026-06-13 09:15:24.614116,2026-06-13 09:15:24.751719,0 days 00:00:00.137603,,,,,,,,,,,,,,,LinearRegression,,,,,,11,,,,,,,,True,,,,,,,,,,,,,,,,,,,,,,,,,,,,,,,,,,,,,,,,,,,,,,,,,,,,,LinearRegression,"{'mode': 'original', 'type': 'LinearRegression'}",11,"['nodes_T6W50', 'edges_T6W50', 'pe_T6W50', 'l2_T6W50', 'lcc_T6W50', 'lsc_T6W50', 'density_T6W50', 'diameter_T6W50', 'asp_T6W50', 'z_pe_T6W50', 'z_l2_T6W50']",,,,,,,,,,,,,,,pruned,True,PRUNED
88,1.1028012468487527,2026-06-13 09:15:24.761602,2026-06-13 09:15:32.004783,0 days 00:00:07.243181,,,,,,,,,,,,,,,RandomForestRegressor,4.0,log2,5.0,6.0,67.0,5,,,,,,,,False,,,,,,,,,-0.04128227163335216,-0.022220786473044294,98.0,-0.031751529053198224,0.00953074258015393,0.047785964501489205,1.9844674545084815,1.0880514672850352,1.1175510264124702,98.0,1.1028012468487527,0.014749779563717385,0.07395357042842365,1.9844674545084815,337263950986698.4,433604170216524.75,98.0,385434060601611.56,48170109614913.19,241518971762419.38,1.9844674545084815,3.1555461744741664,3.2482134427561733,98.0,3.20187980861517,0.046333634141003284,0.2323111108779114,1.9844674545084815,0.9449350878063925,0.9866246720546139,98.0,0.9657798799305032,0.020844792124110723,0.10451320955387601,1.9844674545084815,99.0,0.37373737373737376,0.0008835965074815814,0.03238288470801441,98.0,0.016633240607748,0.015749644100266417,0.0789667675479558,1.9844674545084815,RandomForestRegressor,"{'mode': 'original', 'type': 'RandomForestRegressor'}",5,"['re_T6W50', 'pe_T6W50', 'l3_T6W50', 'lsc_T6W50', 'z_asp_T6W50']",0.1400459915221989,0.19873992402775661,98.0,0.16939295777497776,0.029346966252778856,0.1471420590565402,1.9844674545084815,1.3646680568374796,1.398728135371623,98.0,1.3816980961045513,0.017030039267071622,0.08538651055058798,1.9844674545084815,completed,False,COMPLETE
89,1.1115771859183907,2026-06-13 09:15:32.017766,2026-06-13 09:15:33.904815,0 days 00:00:01.887049,,,,,,,,,,,,,,,LinearRegression,,,,,,4,,,,,,,,False,,,,,,,,,-0.04599279195301472,-0.03364169221019463,98.0,-0.03981724208160468,0.006175549871410044,0.030963443241755286,1.9844674545084815,1.098302564913645,1.1248518069231364,98.0,1.1115771859183907,0.013274621004745692,0.06655730786648267,1.9844674545084815,369473598270694.56,473840925002021.06,98.0,421657261636357.8,52183663365663.26,261642433858388.0,1.9844674545084815,3.2127937314296866,3.2852893755271118,98.0,3.249041553478399,0.03624782204871244,0.18174209649549625,1.9844674545084815,0.9695408824220162,0.9980650466840026,98.0,0.9838029645530094,0.014262082130993189,0.07150831582085986,1.9844674545084815,99.0,0.7070707070707071,-0.039793813177811714,-0.019860138062528655,98.0,-0.029826975620170185,0.009966837557641528,0.04997249078086789,1.9844674545084815,LinearRegression,"{'mode': 'original', 'type': 'LinearRegression'}",4,"['l2_T6W50', 'density_T6W50', 'z_pe_T6W50', 'z_l2_T6W50']",0.001113723509018675,0.04894375206021527,98.0,0.02502873778461697,0.023915014275598296,0.11990692368567679,1.9844674545084815,1.3985293043386493,1.4315214379672572,98.0,1.4150253711529532,0.01649606681430386,0.08270923871598124,1.9844674545084815,completed,False,COMPLETE
90,1.1330516493915186,2026-06-13 09:15:33.943349,2026-06-13 09:15:35.837692,0 days 00:00:01.894343,,,,,,,,,,,minkowski,9.0,uniform,,KNeighborsRegressor,,,,,,21,11.0,1.0,8.0,60.0,,,ExtraTrees,,,,,,,,,,-0.07029644164911725,-0.050021304910933116,98.0,-0.060158873280025185,0.010137568369092067,0.05082851395290012,1.9844674545084815,1.1180296322781205,1.1480736665049167,98.0,1.1330516493915186,0.015022017113398081,0.07531853583123532,1.9844674545084815,336087419024726.0,432798078854729.9,98.0,384442748939727.94,48355329915001.95,242447643438373.3,1.9844674545084815,3.20397086050601,3.328015671480523,98.0,3.2659932659932664,0.062022405487256405,0.3109726699661985,1.9844674545084815,0.9798634836443176,1.0246258541783535,98.0,1.0022446689113356,0.022381185267017937,0.1122164947459633,1.9844674545084815,99.0,0.48484848484848486,-0.03046061786075587,0.006403815567636766,98.0,-0.012028401146559552,0.018432216714196318,0.09241685484428595,1.9844674545084815,KNeighborsRegressor,"{'mode': 'proxy', 'type': 'ExtraTrees'}",21,"['nodes_T6W50', 'edges_T6W50', 're_T6W50', 'pe_T6W50', 'l1_T6W50', 'l2_T6W50', 'l3_T6W50', 'lcc_T6W50', 'lsc_T6W50', 'atd_T6W50', 'density_T6W50', 'diameter_T6W50', 'asp_T6W50', 'z_re_T6W50', 'z_pe_T6W50', 'z_l1_T6W50', 'z_l3_T6W50', 'z_lsc_T6W50', 'z_density_T6W50', 'z_diameter_T6W50', 'z_asp_T6W50']",0.12993013589749278,0.1790075245572532,98.0,0.15446883022737298,0.02453869432988021,0.12303397833892722,1.9844674545084815,1.3835370556485098,1.4187805022366224,98.0,1.4011587789425661,0.017621723294056237,0.08835314108034974,1.9844674545084815,completed,True,COMPLETE
91,1.2218838803175145,2026-06-13 09:15:35.850553,2026-06-13 09:15:35.948995,0 days 00:00:00.098442,,,,,,,,,,,,,,,LinearRegression,,,,,,22,,,,,,,,True,,,,,,,,,,,,,,,,,,,,,,,,,,,,,,,,,,,,,,,,,,,,,,,,,,,,,LinearRegression,"{'mode': 'original', 'type': 'LinearRegression'}",22,"['nodes_T6W50', 'edges_T6W50', 're_T6W50', 'pe_T6W50', 'l1_T6W50', 'l2_T6W50', 'l3_T6W50', 'lcc_T6W50', 'lsc_T6W50', 'atd_T6W50', 'density_T6W50', 'diameter_T6W50', 'asp_T6W50', 'z_re_T6W50', 'z_pe_T6W50', 'z_l1_T6W50', 'z_l2_T6W50', 'z_l3_T6W50', 'z_lsc_T6W50', 'z_density_T6W50', 'z_diameter_T6W50', 'z_asp_T6W50']",,,,,,,,,,,,,,,pruned,True,PRUNED
92,1.1399569928981692,2026-06-13 09:15:35.958323,2026-06-13 09:15:38.394890,0 days 00:00:02.436567,,,,,,,,,,,minkowski,14.0,uniform,,KNeighborsRegressor,,,,,,9,,,,,0.0010544710041137256,0.0019876655910112248,LinearSVR,,,,,,,,,,-0.076648532173752,-0.056735081506515246,98.0,-0.06669180684013362,0.009956725333618376,0.04992178934033086,1.9844674545084815,1.1252511468749038,1.1546628389214346,98.0,1.1399569928981692,0.014705846023265433,0.07373329309045071,1.9844674545084815,336264137378432.4,431092254439612.4,98.0,383678195909022.4,47414058530590.016,237728225136651.66,1.9844674545084815,3.1764020524938634,3.268042391950581,98.0,3.2222222222222223,0.04582016972835872,0.22973666381997662,1.9844674545084815,0.9847217475568728,1.0239362611011358,98.0,1.0043290043290043,0.019607256772131543,0.0983083603617305,1.9844674545084815,99.0,0.5757575757575758,-0.04754170404302728,-0.01338564499617204,98.0,-0.030463674519599658,0.01707802952342762,0.08562712776035508,1.9844674545084815,KNeighborsRegressor,"{'mode': 'proxy', 'type': 'LinearSVR'}",9,"['edges_T6W50', 'pe_T6W50', 'l2_T6W50', 'z_pe_T6W50', 'z_l2_T6W50', 'z_l3_T6W50', 'z_lsc_T6W50', 'z_diameter_T6W50', 'z_asp_T6W50']",0.06968151278543327,0.12374116508085917,98.0,0.09671133893314622,0.027029826147712942,0.13552420516168992,1.9844674545084815,1.3973450791373354,1.4306525523029818,98.0,1.4139988157201586,0.016653736582823115,0.08349977543419122,1.9844674545084815,completed,True,COMPLETE
93,1.0948244839644996,2026-06-13 09:15:38.407440,2026-06-13 09:15:40.575841,0 days 00:00:02.168401,,,,0.1251560159806257,0.46349404380057235,,,,,,,,,,ElasticNet,,,,,,9,,,,,,,,False,,,,,,,,,-0.028576513500622923,-0.01987052210347831,98.0,-0.024223517802050617,0.004352995698572306,0.021825382038988175,1.9844674545084815,1.0828795268628824,1.1067694410661169,98.0,1.0948244839644996,0.011944957101617349,0.059890537513655,1.9844674545084815,370932193680439.0,474043328444130.5,98.0,422487761062284.75,51555567381845.72,258493238280623.5,1.9844674545084815,3.1431239295576496,3.1965379371499694,98.0,3.1698309333538095,0.026707003796159808,0.13390561381879415,1.9844674545084815,0.9724231154267738,0.9928258365513668,98.0,0.9826244759890703,0.010201360562296468,0.051148360119586574,1.9844674545084815,99.0,0.5252525252525253,-0.014308256839147802,-0.0008808698571621575,98.0,-0.00759456334815498,0.0067136934909928225,0.033661628790868106,1.9844674545084815,ElasticNet,"{'mode': 'original', 'type': 'ElasticNet'}",9,"['nodes_T6W50', 'pe_T6W50', 'lcc_T6W50', 'z_l2_T6W50', 'z_l3_T6W50', 'z_lsc_T6W50', 'z_density_T6W50', 'z_diameter_T6W50', 'z_asp_T6W50']",0.05695036620728662,0.11313574582753351,98.0,0.08504305601741007,0.02809268981012344,0.14085327210634038,1.9844674545084815,1.3842295984868427,1.4155806530239587,98.0,1.3999051257554007,0.01567552726855813,0.07859515492079806,1.9844674545084815,completed,False,COMPLETE
94,1.1904659273042668,2026-06-13 09:15:40.603435,2026-06-13 09:15:40.817798,0 days 00:00:00.214363,,,,,,,,,,,,,,,LinearRegression,,,,,,18,,,,,,,,False,,,,,,,,,,,,,,,,,,,,,,,,,,,,,,,,,,,,,,,,,,,,,,,,,,,,,LinearRegression,"{'mode': 'original', 'type': 'LinearRegression'}",18,"['nodes_T6W50', 'edges_T6W50', 're_T6W50', 'pe_T6W50', 'l2_T6W50', 'lcc_T6W50', 'lsc_T6W50', 'atd_T6W50', 'density_T6W50', 'diameter_T6W50', 'asp_T6W50', 'z_pe_T6W50', 'z_l1_T6W50', 'z_l2_T6W50', 'z_lsc_T6W50', 'z_density_T6W50', 'z_diameter_T6W50', 'z_asp_T6W50']",,,,,,,,,,,,,,,pruned,False,PRUNED
95,1.205616792056078,2026-06-13 09:15:40.827464,2026-06-13 09:15:41.067695,0 days 00:00:00.240231,,,,,,,,,,,,,,0.00020014140832964604,QuantileRegressor,,,,,,21,,,,,,,,False,,,,,,,,,,,,,,,,,,,,,,,,,,,,,,,,,,,,,,,,,,,,,,,,,,,,,QuantileRegressor,"{'mode': 'original', 'type': 'QuantileRegressor'}",21,"['nodes_T6W50', 'edges_T6W50', 're_T6W50', 'pe_T6W50', 'l1_T6W50', 'l2_T6W50', 'l3_T6W50', 'lcc_T6W50', 'lsc_T6W50', 'atd_T6W50', 'diameter_T6W50', 'asp_T6W50', 'z_re_T6W50', 'z_pe_T6W50', 'z_l1_T6W50', 'z_l2_T6W50', 'z_l3_T6W50', 'z_lsc_T6W50', 'z_density_T6W50', 'z_diameter_T6W50', 'z_asp_T6W50']",,,,,,,,,,,,,,,pruned,False,PRUNED
96,1.365686274509804,2026-06-13 09:15:41.077130,2026-06-13 09:15:41.265681,0 days 00:00:00.188551,15.0,3.0,7.0,,,,,,,,,,,,DecisionTreeRegressor,,,,,,4,,,,,,,,False,,,,,,,,,,,,,,,,,,,,,,,,,,,,,,,,,,,,,,,,,,,,,,,,,,,,,DecisionTreeRegressor,"{'mode': 'original', 'type': 'DecisionTreeRegressor'}",4,"['pe_T6W50', 'l3_T6W50', 'z_lsc_T6W50', 'z_asp_T6W50']",,,,,,,,,,,,,,,pruned,False,PRUNED
97,1.1165974862734087,2026-06-13 09:15:41.275041,2026-06-13 09:16:03.515121,0 days 00:00:22.240080,,,,,,12.0,sqrt,4.0,2.0,413.0,,,,,ExtraTreesRegressor,,,,,,20,,,,,,,,True,,,,,,,,,-0.05128157252112949,-0.03797844101524255,98.0,-0.04463000676818602,0.00665156575294347,0.033350127996463454,1.9844674545084815,1.1035480236284496,1.1296469489183678,98.0,1.1165974862734087,0.013049462644959195,0.06542839169888251,1.9844674545084815,349159286785485.06,446774933939056.7,98.0,397967110362270.9,48807823576785.81,244716390692567.12,1.9844674545084815,3.0951285526992494,3.1537202848187875,98.0,3.1244244187590184,0.029295866059769016,0.14688584900903853,1.9844674545084815,0.9892124802949888,1.0225003978481937,98.0,1.0058564390715912,0.016643958776602425,0.08345075072315378,1.9844674545084815,99.0,0.42424242424242425,-0.008712506979720036,0.012727177371466537,98.0,0.0020073351958732498,0.010719842175593287,0.05374796280104695,1.9844674545084815,ExtraTreesRegressor,"{'mode': 'original', 'type': 'ExtraTreesRegressor'}",20,"['nodes_T6W50', 're_T6W50', 'pe_T6W50', 'l1_T6W50', 'l2_T6W50', 'l3_T6W50', 'lcc_T6W50', 'lsc_T6W50', 'atd_T6W50', 'density_T6W50', 'diameter_T6W50', 'asp_T6W50', 'z_re_T6W50', 'z_pe_T6W50', 'z_l1_T6W50', 'z_l3_T6W50', 'z_lsc_T6W50', 'z_density_T6W50', 'z_diameter_T6W50', 'z_asp_T6W50']",0.07792428353582326,0.1288406787428863,98.0,0.10338248113935478,0.025458197603531522,0.1276442540256508,1.9844674545084815,1.3770507026790344,1.4082232159808459,98.0,1.3926369593299401,0.015586256650905832,0.07814756308519004,1.9844674545084815,completed,True,COMPLETE
