number,value,datetime_start,datetime_complete,duration,params_dt_max_depth,params_dt_min_samples_leaf,params_dt_min_samples_split,params_elastic_alpha,params_elastic_l1_ratio,params_et_max_depth,params_et_max_features,params_et_min_samples_leaf,params_et_min_samples_split,params_et_n_estimators,params_knn_metric,params_knn_n_neighbors,params_knn_weights,params_quantile_alpha,params_regressor,params_rf_max_depth,params_rf_max_features,params_rf_min_samples_leaf,params_rf_min_samples_split,params_rf_n_estimators,params_rfe_n_features,params_rfe_proxy_et_max_depth,params_rfe_proxy_et_min_samples_leaf,params_rfe_proxy_et_min_samples_split,params_rfe_proxy_et_n_estimators,params_rfe_proxy_lsvr_C,params_rfe_proxy_lsvr_epsilon,params_rfe_proxy_type,params_use_scaler,params_xgb_booster,params_xgb_colsample_bytree,params_xgb_learning_rate,params_xgb_max_depth,params_xgb_n_estimators,params_xgb_reg_alpha,params_xgb_reg_lambda,params_xgb_subsample,user_attrs_d2mae_ci_lower_val,user_attrs_d2mae_ci_upper_val,user_attrs_d2mae_df_val,user_attrs_d2mae_mean_val,user_attrs_d2mae_samperror_val,user_attrs_d2mae_std_val,user_attrs_d2mae_t_critical_val,user_attrs_mae_ci_lower_val,user_attrs_mae_ci_upper_val,user_attrs_mae_df_val,user_attrs_mae_mean_val,user_attrs_mae_samperror_val,user_attrs_mae_std_val,user_attrs_mae_t_critical_val,user_attrs_mape_ci_lower_val,user_attrs_mape_ci_upper_val,user_attrs_mape_df_val,user_attrs_mape_mean_val,user_attrs_mape_samperror_val,user_attrs_mape_std_val,user_attrs_mape_t_critical_val,user_attrs_max_error_ci_lower_val,user_attrs_max_error_ci_upper_val,user_attrs_max_error_df_val,user_attrs_max_error_mean_val,user_attrs_max_error_samperror_val,user_attrs_max_error_std_val,user_attrs_max_error_t_critical_val,user_attrs_median_ae_ci_lower_val,user_attrs_median_ae_ci_upper_val,user_attrs_median_ae_df_val,user_attrs_median_ae_mean_val,user_attrs_median_ae_samperror_val,user_attrs_median_ae_std_val,user_attrs_median_ae_t_critical_val,user_attrs_n_splits_val,user_attrs_r2_below_zero_val,user_attrs_r2_ci_lower_val,user_attrs_r2_ci_upper_val,user_attrs_r2_df_val,user_attrs_r2_mean_val,user_attrs_r2_samperror_val,user_attrs_r2_std_val,user_attrs_r2_t_critical_val,user_attrs_regressor_final,user_attrs_rfe_estimator,user_attrs_rfe_n_features,user_attrs_rfe_selected_features,user_attrs_rho_ci_lower_val,user_attrs_rho_ci_upper_val,user_attrs_rho_df_val,user_attrs_rho_mean_val,user_attrs_rho_samperror_val,user_attrs_rho_std_val,user_attrs_rho_t_critical_val,user_attrs_rmse_ci_lower_val,user_attrs_rmse_ci_upper_val,user_attrs_rmse_df_val,user_attrs_rmse_mean_val,user_attrs_rmse_samperror_val,user_attrs_rmse_std_val,user_attrs_rmse_t_critical_val,user_attrs_termination_reason,user_attrs_use_scaler_final,state
245,1.136429918552788,2026-06-13 09:32:50.126925,2026-06-13 09:33:13.045933,0 days 00:00:22.919008,,,,,,,,,,,,,,,RandomForestRegressor,15.0,log2,4.0,5.0,228.0,18,,,,,,,,True,,,,,,,,,-0.07324057584357804,-0.0536856982055916,98.0,-0.06346313702458482,0.009777438818993222,0.049022868930780256,1.9844674545084815,1.1221314890535947,1.1507283480519812,98.0,1.136429918552788,0.014298429499193159,0.07169055702944555,1.9844674545084815,337607080274483.5,432810335455648.9,98.0,385208707865066.2,47601627590582.71,238668673204261.06,1.9844674545084815,3.159744934843465,3.248420722605816,98.0,3.2040828287246406,0.044337893881175476,0.2223047160552339,1.9844674545084815,0.9958443616467026,1.0366989753662317,98.0,1.0162716685064672,0.020427306859764557,0.10241999007447439,1.9844674545084815,99.0,0.494949494949495,-0.03679065356365872,-0.003392984013405355,98.0,-0.02009181878853204,0.016698834775126684,0.08372589219249998,1.9844674545084815,RandomForestRegressor,"{'mode': 'original', 'type': 'RandomForestRegressor'}",18,"['nodes_T6W50', 're_T6W50', 'pe_T6W50', 'l1_T6W50', 'l2_T6W50', 'l3_T6W50', 'lcc_T6W50', 'lsc_T6W50', 'diameter_T6W50', 'asp_T6W50', 'z_re_T6W50', 'z_pe_T6W50', 'z_l2_T6W50', 'z_l3_T6W50', 'z_lsc_T6W50', 'z_density_T6W50', 'z_diameter_T6W50', 'z_asp_T6W50']",0.06175734615959441,0.11617763908149742,98.0,0.08896749262054592,0.0272101464609515,0.13642830890962432,1.9844674545084815,1.390623949738606,1.4230597139956627,98.0,1.4068418318671343,0.016217882128528333,0.08131445510835257,1.9844674545084815,completed,True,COMPLETE
246,1.144948715672758,2026-06-13 09:33:13.078351,2026-06-13 09:33:13.246295,0 days 00:00:00.167944,,,,0.0012983159593181188,0.3072164170212709,,,,,,,,,,ElasticNet,,,,,,13,,,,,,,,False,,,,,,,,,,,,,,,,,,,,,,,,,,,,,,,,,,,,,,,,,,,,,,,,,,,,,ElasticNet,"{'mode': 'original', 'type': 'ElasticNet'}",13,"['edges_T6W50', 'pe_T6W50', 'l2_T6W50', 'lcc_T6W50', 'lsc_T6W50', 'diameter_T6W50', 'asp_T6W50', 'z_pe_T6W50', 'z_l2_T6W50', 'z_lsc_T6W50', 'z_density_T6W50', 'z_diameter_T6W50', 'z_asp_T6W50']",,,,,,,,,,,,,,,pruned,False,PRUNED
247,1.2571935980630493,2026-06-13 09:33:13.255879,2026-06-13 09:33:13.447398,0 days 00:00:00.191519,,,,,,,,,,,euclidean,3.0,distance,,KNeighborsRegressor,,,,,,6,,,,,7.920678473390555,0.00034820752090989644,LinearSVR,,,,,,,,,,,,,,,,,,,,,,,,,,,,,,,,,,,,,,,,,,,,,,,,,,,,,,KNeighborsRegressor,"{'mode': 'proxy', 'type': 'LinearSVR'}",6,"['nodes_T6W50', 'edges_T6W50', 'pe_T6W50', 'l2_T6W50', 'z_pe_T6W50', 'z_l2_T6W50']",,,,,,,,,,,,,,,pruned,True,PRUNED
248,1.0844478397419572,2026-06-13 09:33:13.457182,2026-06-13 09:33:15.256438,0 days 00:00:01.799256,,,,0.8646887143722551,0.3064328227033716,,,,,,,,,,ElasticNet,,,,,,2,,,,,,,,True,,,,,,,,,-0.015362925360866643,-0.013601939939541534,98.0,-0.014482432650204088,0.0008804927106625554,0.004414681548860102,1.9844674545084815,1.0733265229737856,1.0955691565101289,98.0,1.0844478397419572,0.011121316768171546,0.05576090675245988,1.9844674545084815,370261102803136.9,472582158246560.1,98.0,421421630524848.5,51160527721711.64,256512558284590.84,1.9844674545084815,3.0623906010794792,3.073713295024417,98.0,3.068051948051948,0.005661346972469041,0.028385293504868705,1.9844674545084815,0.933402966543196,0.9519649988247691,98.0,0.9426839826839826,0.009281016140786635,0.04653386702153648,1.9844674545084815,99.0,1.0,-0.003151138210298774,-0.0019109951987363633,98.0,-0.0025310667045175686,0.0006200715057812055,0.0031089618373857154,1.9844674545084815,ElasticNet,"{'mode': 'original', 'type': 'ElasticNet'}",2,"['z_diameter_T6W50', 'z_asp_T6W50']",,,,,,,,1.3812301907536824,1.4121686825828264,98.0,1.3966994366682544,0.015469245914571893,0.07756088572550665,1.9844674545084815,completed,True,COMPLETE
249,1.1488896725404412,2026-06-13 09:33:15.268961,2026-06-13 09:33:15.462356,0 days 00:00:00.193395,,,,,,,,,,,,,,0.00017900514722041515,QuantileRegressor,,,,,,10,,,,,,,,False,,,,,,,,,,,,,,,,,,,,,,,,,,,,,,,,,,,,,,,,,,,,,,,,,,,,,QuantileRegressor,"{'mode': 'original', 'type': 'QuantileRegressor'}",10,"['nodes_T6W50', 'edges_T6W50', 'l2_T6W50', 'lsc_T6W50', 'atd_T6W50', 'diameter_T6W50', 'z_l2_T6W50', 'z_lsc_T6W50', 'z_diameter_T6W50', 'z_asp_T6W50']",,,,,,,,,,,,,,,pruned,False,PRUNED
250,1.1663978722802248,2026-06-13 09:33:15.472031,2026-06-13 09:33:17.346357,0 days 00:00:01.874326,,,,,,,,,,,manhattan,7.0,uniform,,KNeighborsRegressor,,,,,,14,6.0,1.0,7.0,40.0,,,ExtraTrees,,,,,,,,,,-0.10299662565036403,-0.07950794026939641,98.0,-0.09125228295988022,0.011744342690483814,0.05888468166891982,1.9844674545084815,1.149528957099199,1.1832667874612508,98.0,1.1663978722802248,0.01686891518102592,0.08457865431154239,1.9844674545084815,333726045206255.94,428278475396850.7,98.0,381002260301553.3,47276215095297.36,237037095201049.94,1.9844674545084815,3.2170156229803104,3.334210928246239,98.0,3.2756132756132748,0.05859765263296432,0.2938013827401268,1.9844674545084815,1.0149716339745154,1.0658364468335655,98.0,1.0404040404040404,0.025432406429525063,0.12751494026912455,1.9844674545084815,99.0,0.7171717171717171,-0.0827626628435256,-0.04136826781112553,98.0,-0.06206546532732556,0.02069719751620003,0.10377318844482643,1.9844674545084815,KNeighborsRegressor,"{'mode': 'proxy', 'type': 'ExtraTrees'}",14,"['nodes_T6W50', 'edges_T6W50', 're_T6W50', 'pe_T6W50', 'l2_T6W50', 'l3_T6W50', 'lcc_T6W50', 'lsc_T6W50', 'density_T6W50', 'diameter_T6W50', 'z_re_T6W50', 'z_lsc_T6W50', 'z_density_T6W50', 'z_asp_T6W50']",0.06802302222929815,0.11971004525620668,98.0,0.09386653374275242,0.02584351151345427,0.12957617031303847,1.9844674545084815,1.41647750472345,1.4535554486277908,98.0,1.4350164766756204,0.01853897195217045,0.092952112403629,1.9844674545084815,completed,True,COMPLETE
251,1.1345228348641836,2026-06-13 09:33:17.360942,2026-06-13 09:33:17.518115,0 days 00:00:00.157173,,,,,,,,,,,,,,,LinearRegression,,,,,,10,,,,,,,,True,,,,,,,,,,,,,,,,,,,,,,,,,,,,,,,,,,,,,,,,,,,,,,,,,,,,,LinearRegression,"{'mode': 'original', 'type': 'LinearRegression'}",10,"['nodes_T6W50', 'pe_T6W50', 'l2_T6W50', 'lcc_T6W50', 'lsc_T6W50', 'density_T6W50', 'diameter_T6W50', 'asp_T6W50', 'z_pe_T6W50', 'z_l2_T6W50']",,,,,,,,,,,,,,,pruned,True,PRUNED
252,1.165976521227157,2026-06-13 09:33:17.529072,2026-06-13 09:33:19.969382,0 days 00:00:02.440310,,,,,,,,,,,euclidean,9.0,distance,,KNeighborsRegressor,,,,,,3,5.0,2.0,9.0,70.0,,,ExtraTrees,,,,,,,,,,-0.10235106587547249,-0.07975851737329101,98.0,-0.09105479162438175,0.011296274251090746,0.05663812193246653,1.9844674545084815,1.150214108865486,1.1817389335888278,98.0,1.165976521227157,0.015762412361670763,0.07903078603141418,1.9844674545084815,354847960271010.44,456568359095456.3,98.0,405708159683233.4,50860199412222.914,255006749286464.62,1.9844674545084815,3.1224107178977305,3.2464933735221337,98.0,3.184452045709932,0.06204132781220179,0.31106754416309573,1.9844674545084815,1.0115765360512254,1.0601065844805198,98.0,1.0358415602658726,0.02426502421464709,0.1216618302296204,1.9844674545084815,99.0,0.6666666666666666,-0.06283431753331978,-0.026840184510006602,98.0,-0.044837251021663194,0.01799706651165659,0.09023506554964282,1.9844674545084815,KNeighborsRegressor,"{'mode': 'proxy', 'type': 'ExtraTrees'}",3,"['re_T6W50', 'pe_T6W50', 'l3_T6W50']",0.08644524605038842,0.13256531997446583,98.0,0.10950528301242712,0.023060036962038708,0.11562017318205788,1.9844674545084815,1.4062570318808294,1.4415621089166677,98.0,1.4239095703987485,0.01765253851791911,0.08850764480146407,1.9844674545084815,completed,True,COMPLETE
253,1.1441869762658332,2026-06-13 09:33:19.982483,2026-06-13 09:33:21.829946,0 days 00:00:01.847463,,,,,,,,,,,,,,,LinearRegression,,,,,,15,,,,,,,,False,,,,,,,,,-0.08477628614774782,-0.05729299772748178,98.0,-0.0710346419376148,0.013741644210133021,0.06889890445523979,1.9844674545084815,1.127350156790882,1.1610237957407845,98.0,1.1441869762658332,0.016836819474951307,0.08441773041099289,1.9844674545084815,332524314110468.1,429352519988634.9,98.0,380938417049551.5,48414102939083.41,242742324111865.62,1.9844674545084815,3.4188851074060045,3.6362809928705815,98.0,3.527583050138293,0.10869794273228865,0.5449980407199456,1.9844674545084815,0.9885258771034021,1.030116425230877,98.0,1.0093211511671396,0.02079527406373748,0.10426493212373057,1.9844674545084815,99.0,0.6363636363636364,-0.10550272165316102,-0.04447815133449465,98.0,-0.07499043649382783,0.030512285159333186,0.15298482392330676,1.9844674545084815,LinearRegression,"{'mode': 'original', 'type': 'LinearRegression'}",15,"['nodes_T6W50', 'edges_T6W50', 'pe_T6W50', 'l2_T6W50', 'lcc_T6W50', 'lsc_T6W50', 'atd_T6W50', 'density_T6W50', 'diameter_T6W50', 'asp_T6W50', 'z_pe_T6W50', 'z_l2_T6W50', 'z_lsc_T6W50', 'z_diameter_T6W50', 'z_asp_T6W50']",0.07741113701819388,0.13450690367396564,98.0,0.10595902034607976,0.028547883327885885,0.14313555610448325,1.9844674545084815,1.4197193688458245,1.4630150798086505,98.0,1.4413672243272375,0.021647855481412917,0.1085396699017191,1.9844674545084815,completed,False,COMPLETE
254,1.3024416433239963,2026-06-13 09:33:21.873231,2026-06-13 09:33:21.996499,0 days 00:00:00.123268,16.0,5.0,2.0,,,,,,,,,,,,DecisionTreeRegressor,,,,,,2,,,,,,,,True,,,,,,,,,,,,,,,,,,,,,,,,,,,,,,,,,,,,,,,,,,,,,,,,,,,,,DecisionTreeRegressor,"{'mode': 'original', 'type': 'DecisionTreeRegressor'}",2,"['pe_T6W50', 'z_asp_T6W50']",,,,,,,,,,,,,,,pruned,True,PRUNED
255,1.0858633540395388,2026-06-13 09:33:22.005935,2026-06-13 09:33:24.092637,0 days 00:00:02.086702,,,,0.2339884881450403,0.8468872244289528,,,,,,,,,,ElasticNet,,,,,,8,,,,,,,,False,,,,,,,,,-0.018352919011597017,-0.013181040113152949,98.0,-0.015766979562374984,0.002585939449222035,0.012965580560410951,1.9844674545084815,1.0742936525888223,1.0974330554902554,98.0,1.0858633540395388,0.011569701450716535,0.05800905209296285,1.9844674545084815,372450084237941.8,475444661803045.56,98.0,423947373020493.7,51497288782551.89,258201036591864.16,1.9844674545084815,3.0905327167823007,3.1218610522541193,98.0,3.10619688451821,0.015664167735909455,0.07853819962908413,1.9844674545084815,0.9577786263029493,0.9751141405926138,98.0,0.9664463834477816,0.008667757144832242,0.04345906226582748,1.9844674545084815,99.0,0.48484848484848486,-0.00573505799399794,0.0013089177692042755,98.0,-0.0022130701123968324,0.003521987881601108,0.017658811626632714,1.9844674545084815,ElasticNet,"{'mode': 'original', 'type': 'ElasticNet'}",8,"['lcc_T6W50', 'z_l1_T6W50', 'z_l2_T6W50', 'z_l3_T6W50', 'z_lsc_T6W50', 'z_density_T6W50', 'z_diameter_T6W50', 'z_asp_T6W50']",0.07878687210381823,0.12972495104501885,80.0,0.10425591157441855,0.025469039470600318,0.11518293979340222,1.990063421254446,1.3807432850642285,1.4121590199968157,98.0,1.396451152530522,0.0157078674662935,0.07875730467229503,1.9844674545084815,completed,False,COMPLETE
256,1.1583408110282,2026-06-13 09:33:24.106288,2026-06-13 09:33:25.940149,0 days 00:00:01.833861,,,,,,,,,,,,,,,XGBRegressor,,,,,,17,,,,,,,,False,gbtree,0.5299716504306542,0.07089301624794533,7.0,155.0,1.5092586963835046e-07,0.0028442823442350845,0.6093569444532696,,,,,,,,,,,,,,,,,,,,,,,,,,,,,,,,,,,,,,,,,,,,,XGBRegressor,"{'mode': 'original', 'type': 'XGBRegressor'}",17,"['l2_T6W50', 'l3_T6W50', 'lcc_T6W50', 'lsc_T6W50', 'atd_T6W50', 'density_T6W50', 'diameter_T6W50', 'asp_T6W50', 'z_re_T6W50', 'z_pe_T6W50', 'z_l1_T6W50', 'z_l2_T6W50', 'z_l3_T6W50', 'z_lsc_T6W50', 'z_density_T6W50', 'z_diameter_T6W50', 'z_asp_T6W50']",,,,,,,,,,,,,,,pruned,False,PRUNED
257,1.0691225985343642,2026-06-13 09:33:25.952747,2026-06-13 09:33:29.488202,0 days 00:00:03.535455,,,,,,,,,,,,,,0.013551637750925319,QuantileRegressor,,,,,,13,,,,,,,,False,,,,,,,,,-1.3906511393448692e-15,-2.51133212222029e-16,98.0,-8.20892175783449e-16,5.6975896356142e-16,2.8567009735259857e-15,1.9844674545084815,1.0575870578016937,1.0806581392670347,98.0,1.0691225985343642,0.011535540732670444,0.05783777447779621,1.9844674545084815,378756762949842.4,482894502655208.75,98.0,430825632802525.56,52068869852683.18,261066873382366.97,1.9844674545084815,3.0000000000000004,3.000000000000002,98.0,3.0000000000000013,7.343187305418916e-16,3.681783291841538e-15,1.9844674545084815,0.9999999999999994,1.0000000000000009,98.0,1.0000000000000002,7.474332043232791e-16,3.747537641337668e-15,1.9844674545084815,99.0,0.9191919191919192,-0.004402232239554063,-0.0028129100148471353,98.0,-0.003607571127200599,0.0007946611123534638,0.003984332530889029,1.9844674545084815,QuantileRegressor,"{'mode': 'original', 'type': 'QuantileRegressor'}",13,"['atd_T6W50', 'density_T6W50', 'diameter_T6W50', 'asp_T6W50', 'z_re_T6W50', 'z_pe_T6W50', 'z_l1_T6W50', 'z_l2_T6W50', 'z_l3_T6W50', 'z_lsc_T6W50', 'z_density_T6W50', 'z_diameter_T6W50', 'z_asp_T6W50']",-0.05715909105906895,0.115534843241907,9.0,0.02918787609141903,0.08634696715048798,0.12070473693592733,2.262157162798205,1.381794013092338,1.4132367394705105,98.0,1.3975153762814243,0.015721363189086207,0.07882497055717971,1.9844674545084815,completed,False,COMPLETE
258,1.143002705120139,2026-06-13 09:33:29.502954,2026-06-13 09:33:40.795718,0 days 00:00:11.292764,,,,,,,,,,,,,,,RandomForestRegressor,13.0,,5.0,5.0,90.0,8,,,,,,,,True,,,,,,,,,-0.08179913914999731,-0.05783916561921378,98.0,-0.06981915238460555,0.011979986765391769,0.06006617191522925,1.9844674545084815,1.1275597815026819,1.1584456287375962,98.0,1.143002705120139,0.015442923617457053,0.07742890898340613,1.9844674545084815,336186639506614.1,431246552776994.6,98.0,383716596141804.4,47529956635190.234,238309323898436.3,1.9844674545084815,3.2324410849234018,3.3557467525889533,98.0,3.2940939187561775,0.06165283383277559,0.3091196834005398,1.9844674545084815,0.9780976751710708,1.0269938239953713,98.0,1.002545749583221,0.024448074412150286,0.12257962127961611,1.9844674545084815,99.0,0.5151515151515151,-0.04620966916638074,-0.0029672155977665572,98.0,-0.024588442382073646,0.02162122678430709,0.10840615690796038,1.9844674545084815,RandomForestRegressor,"{'mode': 'original', 'type': 'RandomForestRegressor'}",8,"['re_T6W50', 'pe_T6W50', 'l1_T6W50', 'l3_T6W50', 'lsc_T6W50', 'diameter_T6W50', 'z_density_T6W50', 'z_asp_T6W50']",0.11229668110677331,0.1678441296294968,98.0,0.14007040536813506,0.02777372426136175,0.13925401829561812,1.9844674545084815,1.3910967785436619,1.4267387801222073,98.0,1.4089177793329346,0.01782100078927282,0.08935229379403174,1.9844674545084815,completed,True,COMPLETE
259,1.3390486574394667,2026-06-13 09:33:40.808780,2026-06-13 09:33:41.047632,0 days 00:00:00.238852,6.0,4.0,14.0,,,,,,,,,,,,DecisionTreeRegressor,,,,,,14,,,,,,,,False,,,,,,,,,,,,,,,,,,,,,,,,,,,,,,,,,,,,,,,,,,,,,,,,,,,,,DecisionTreeRegressor,"{'mode': 'original', 'type': 'DecisionTreeRegressor'}",14,"['edges_T6W50', 're_T6W50', 'pe_T6W50', 'l2_T6W50', 'l3_T6W50', 'diameter_T6W50', 'z_pe_T6W50', 'z_l1_T6W50', 'z_l2_T6W50', 'z_l3_T6W50', 'z_lsc_T6W50', 'z_density_T6W50', 'z_diameter_T6W50', 'z_asp_T6W50']",,,,,,,,,,,,,,,pruned,False,PRUNED
260,1.1050350097265127,2026-06-13 09:33:41.082905,2026-06-13 09:33:43.078260,0 days 00:00:01.995355,,,,0.17739453395672486,0.10343411486048337,,,,,,,,,,ElasticNet,,,,,,10,,,,,,,,False,,,,,,,,,-0.039331193028555575,-0.028173048138151746,98.0,-0.03375212058335366,0.0055790724452019136,0.027972779201151116,1.9844674545084815,1.0923409368947228,1.1177290825583026,98.0,1.1050350097265127,0.012694072831789877,0.06364651113150015,1.9844674545084815,369889653986794.2,472749808079622.3,98.0,421319731033208.25,51430077046414.05,257864045259850.38,1.9844674545084815,3.1777190091404,3.241064035925449,98.0,3.2093915225329246,0.03167251339252462,0.15880206478346398,1.9844674545084815,0.9776322777459991,1.0016042581727846,98.0,0.9896182679593919,0.011985990213392729,0.06009627246097872,1.9844674545084815,99.0,0.6565656565656566,-0.03451130770450847,-0.015472428991838878,98.0,-0.024991868348173674,0.009519439356334796,0.04772929153528211,1.9844674545084815,ElasticNet,"{'mode': 'original', 'type': 'ElasticNet'}",10,"['nodes_T6W50', 'edges_T6W50', 'pe_T6W50', 'l3_T6W50', 'lcc_T6W50', 'lsc_T6W50', 'diameter_T6W50', 'z_density_T6W50', 'z_diameter_T6W50', 'z_asp_T6W50']",0.010522392337579834,0.06439169947552949,98.0,0.03745704590655466,0.026934653568974825,0.13504702162317267,1.9844674545084815,1.395414013691161,1.4280282241729967,98.0,1.4117211189320789,0.016307105240917778,0.08176180875844827,1.9844674545084815,completed,False,COMPLETE
261,1.0844478397419572,2026-06-13 09:33:43.090903,2026-06-13 09:33:44.988913,0 days 00:00:01.898010,,,,6.139856646782011,0.5657449506132892,,,,,,,,,,ElasticNet,,,,,,12,,,,,,,,False,,,,,,,,,-0.015362925360866643,-0.013601939939541534,98.0,-0.014482432650204088,0.0008804927106625554,0.004414681548860102,1.9844674545084815,1.0733265229737856,1.0955691565101289,98.0,1.0844478397419572,0.011121316768171546,0.05576090675245988,1.9844674545084815,370261102803136.9,472582158246560.1,98.0,421421630524848.5,51160527721711.64,256512558284590.84,1.9844674545084815,3.0623906010794792,3.073713295024417,98.0,3.068051948051948,0.005661346972469041,0.028385293504868705,1.9844674545084815,0.933402966543196,0.9519649988247691,98.0,0.9426839826839826,0.009281016140786635,0.04653386702153648,1.9844674545084815,99.0,1.0,-0.003151138210298774,-0.0019109951987363633,98.0,-0.0025310667045175686,0.0006200715057812055,0.0031089618373857154,1.9844674545084815,ElasticNet,"{'mode': 'original', 'type': 'ElasticNet'}",12,"['density_T6W50', 'diameter_T6W50', 'asp_T6W50', 'z_re_T6W50', 'z_pe_T6W50', 'z_l1_T6W50', 'z_l2_T6W50', 'z_l3_T6W50', 'z_lsc_T6W50', 'z_density_T6W50', 'z_diameter_T6W50', 'z_asp_T6W50']",,,,,,,,1.3812301907536824,1.4121686825828264,98.0,1.3966994366682544,0.015469245914571893,0.07756088572550665,1.9844674545084815,completed,False,COMPLETE
262,1.1196092105256452,2026-06-13 09:33:45.001826,2026-06-13 09:34:28.850552,0 days 00:00:43.848726,,,,,,,,,,,,,,,RandomForestRegressor,10.0,sqrt,5.0,7.0,495.0,8,,,,,,,,False,,,,,,,,,-0.056833818532542886,-0.03800496074725746,98.0,-0.047419389639900174,0.00941442889264271,0.0472027820583895,1.9844674545084815,1.1047154024242731,1.1345030186270173,98.0,1.1196092105256452,0.014893808101372181,0.07467571170227415,1.9844674545084815,341405840658583.1,437289190242514.1,98.0,389347515450548.6,47941674791965.51,240373627813773.4,1.9844674545084815,3.170378255024108,3.267781329727206,98.0,3.219079792375657,0.048701537351549085,0.2441834847050803,1.9844674545084815,0.9692676375227061,1.015193572290807,98.0,0.9922306049067565,0.022962967384050476,0.11513347832392802,1.9844674545084815,99.0,0.43434343434343436,-0.009177375720391675,0.022139026006367673,98.0,0.006480825142987998,0.015658200863379674,0.07850828246822335,1.9844674545084815,RandomForestRegressor,"{'mode': 'original', 'type': 'RandomForestRegressor'}",8,"['re_T6W50', 'pe_T6W50', 'l3_T6W50', 'lsc_T6W50', 'density_T6W50', 'diameter_T6W50', 'z_density_T6W50', 'z_asp_T6W50']",0.11751890290362571,0.1716495727331896,98.0,0.14458423781840765,0.02706533491478194,0.13570224172792603,1.9844674545084815,1.371743743218164,1.4060462509622995,98.0,1.3888949970902318,0.017151253872067687,0.08599426558779416,1.9844674545084815,completed,False,COMPLETE
