number,value,datetime_start,datetime_complete,duration,params_dt_max_depth,params_dt_min_samples_leaf,params_dt_min_samples_split,params_elastic_alpha,params_elastic_l1_ratio,params_et_max_depth,params_et_max_features,params_et_min_samples_leaf,params_et_min_samples_split,params_et_n_estimators,params_knn_metric,params_knn_n_neighbors,params_knn_weights,params_quantile_alpha,params_regressor,params_rf_max_depth,params_rf_max_features,params_rf_min_samples_leaf,params_rf_min_samples_split,params_rf_n_estimators,params_rfe_n_features,params_rfe_proxy_et_max_depth,params_rfe_proxy_et_min_samples_leaf,params_rfe_proxy_et_min_samples_split,params_rfe_proxy_et_n_estimators,params_rfe_proxy_lsvr_C,params_rfe_proxy_lsvr_epsilon,params_rfe_proxy_type,params_use_scaler,params_xgb_booster,params_xgb_colsample_bytree,params_xgb_learning_rate,params_xgb_max_depth,params_xgb_n_estimators,params_xgb_reg_alpha,params_xgb_reg_lambda,params_xgb_subsample,user_attrs_d2mae_ci_lower_val,user_attrs_d2mae_ci_upper_val,user_attrs_d2mae_df_val,user_attrs_d2mae_mean_val,user_attrs_d2mae_samperror_val,user_attrs_d2mae_std_val,user_attrs_d2mae_t_critical_val,user_attrs_mae_ci_lower_val,user_attrs_mae_ci_upper_val,user_attrs_mae_df_val,user_attrs_mae_mean_val,user_attrs_mae_samperror_val,user_attrs_mae_std_val,user_attrs_mae_t_critical_val,user_attrs_mape_ci_lower_val,user_attrs_mape_ci_upper_val,user_attrs_mape_df_val,user_attrs_mape_mean_val,user_attrs_mape_samperror_val,user_attrs_mape_std_val,user_attrs_mape_t_critical_val,user_attrs_max_error_ci_lower_val,user_attrs_max_error_ci_upper_val,user_attrs_max_error_df_val,user_attrs_max_error_mean_val,user_attrs_max_error_samperror_val,user_attrs_max_error_std_val,user_attrs_max_error_t_critical_val,user_attrs_median_ae_ci_lower_val,user_attrs_median_ae_ci_upper_val,user_attrs_median_ae_df_val,user_attrs_median_ae_mean_val,user_attrs_median_ae_samperror_val,user_attrs_median_ae_std_val,user_attrs_median_ae_t_critical_val,user_attrs_n_splits_val,user_attrs_r2_below_zero_val,user_attrs_r2_ci_lower_val,user_attrs_r2_ci_upper_val,user_attrs_r2_df_val,user_attrs_r2_mean_val,user_attrs_r2_samperror_val,user_attrs_r2_std_val,user_attrs_r2_t_critical_val,user_attrs_regressor_final,user_attrs_rfe_estimator,user_attrs_rfe_n_features,user_attrs_rfe_selected_features,user_attrs_rho_ci_lower_val,user_attrs_rho_ci_upper_val,user_attrs_rho_df_val,user_attrs_rho_mean_val,user_attrs_rho_samperror_val,user_attrs_rho_std_val,user_attrs_rho_t_critical_val,user_attrs_rmse_ci_lower_val,user_attrs_rmse_ci_upper_val,user_attrs_rmse_df_val,user_attrs_rmse_mean_val,user_attrs_rmse_samperror_val,user_attrs_rmse_std_val,user_attrs_rmse_t_critical_val,user_attrs_termination_reason,user_attrs_use_scaler_final,state
179,1.0927685015942836,2026-06-13 09:24:06.577657,2026-06-13 09:24:08.450160,0 days 00:00:01.872503,,,,0.006103877323127746,0.7875490858587793,,,,,,,,,,ElasticNet,,,,,,7,,,,,,,,True,,,,,,,,,-0.02987260284921729,-0.01502912454217305,98.0,-0.02245086369569517,0.007421739153522118,0.03721168216923895,1.9844674545084815,1.0797558268890666,1.1057811762995007,98.0,1.0927685015942836,0.013012674705217107,0.06524394151907606,1.9844674545084815,356723725058735.1,456158775851773.0,98.0,406441250455254.06,49717525396518.95,249277523101622.9,1.9844674545084815,3.120324756810563,3.2194272722170854,98.0,3.1698760145138243,0.04955125770326126,0.24844387745219562,1.9844674545084815,0.958907906363876,0.9918900105264746,98.0,0.9753989584451753,0.0164910520812993,0.08268409546493599,1.9844674545084815,99.0,0.35353535353535354,0.0030213803796216056,0.028277159015423017,98.0,0.01564926969752231,0.012627889317900706,0.06331467517866711,1.9844674545084815,ElasticNet,"{'mode': 'original', 'type': 'ElasticNet'}",7,"['nodes_T6W50', 'edges_T6W50', 'lcc_T6W50', 'lsc_T6W50', 'asp_T6W50', 'z_lsc_T6W50', 'z_asp_T6W50']",0.1176056026942453,0.16990853873020118,98.0,0.14375707071222324,0.02615146801797793,0.13112022613758814,1.9844674545084815,1.3670973603133785,1.3982216849569378,98.0,1.3826595226351581,0.01556216232177958,0.07802675709902146,1.9844674545084815,completed,True,COMPLETE
180,1.1301960784313725,2026-06-13 09:24:08.462494,2026-06-13 09:24:08.789339,0 days 00:00:00.326845,,,,,,,,,,,manhattan,5.0,uniform,,KNeighborsRegressor,,,,,,7,8.0,4.0,7.0,50.0,,,ExtraTrees,,,,,,,,,,,,,,,,,,,,,,,,,,,,,,,,,,,,,,,,,,,,,,,,,,,,,,KNeighborsRegressor,"{'mode': 'proxy', 'type': 'ExtraTrees'}",7,"['re_T6W50', 'pe_T6W50', 'l3_T6W50', 'lcc_T6W50', 'lsc_T6W50', 'diameter_T6W50', 'z_density_T6W50']",,,,,,,,,,,,,,,pruned,True,PRUNED
181,1.089193581425053,2026-06-13 09:24:08.799035,2026-06-13 09:24:11.246845,0 days 00:00:02.447810,,,,,,,,,,,,,,0.0008524707546537274,QuantileRegressor,,,,,,8,,,,,,,,False,,,,,,,,,-0.02681000060493611,-0.010896915445360526,98.0,-0.018853458025148317,0.007956542579787791,0.03989312040218654,1.9844674545084815,1.074976765262754,1.1034103975873522,98.0,1.089193581425053,0.014216816162299079,0.07128135785248009,1.9844674545084815,350855343577501.56,448144062387346.3,98.0,399499702982423.94,48644359404922.4,243896801552661.5,1.9844674545084815,3.1320817500357365,3.23726964248857,98.0,3.184675696262153,0.052593946226416485,0.263699541376993,1.9844674545084815,0.9711289396418593,0.9980365189278838,98.0,0.9845827292848716,0.013453789643012293,0.06745563725855085,1.9844674545084815,99.0,0.40404040404040403,-0.003000266597199916,0.02324022219268318,98.0,0.010119977797741632,0.013120244394941548,0.06578328263876092,1.9844674545084815,QuantileRegressor,"{'mode': 'original', 'type': 'QuantileRegressor'}",8,"['edges_T6W50', 'pe_T6W50', 'l2_T6W50', 'lcc_T6W50', 'lsc_T6W50', 'asp_T6W50', 'z_l2_T6W50', 'z_lsc_T6W50']",0.0967238545153572,0.15233503315642,98.0,0.1245294438358886,0.027805589320531395,0.13941378576111332,1.9844674545084815,1.3700102742079932,1.4035380129389414,98.0,1.3867741435734673,0.016763869365474065,0.08405196758479735,1.9844674545084815,completed,False,COMPLETE
182,1.1130709110330999,2026-06-13 09:24:11.259237,2026-06-13 09:24:31.844561,0 days 00:00:20.585324,,,,,,16.0,sqrt,1.0,9.0,362.0,,,,,ExtraTreesRegressor,,,,,,10,,,,,,,,True,,,,,,,,,-0.050364883217684724,-0.031957867689825455,98.0,-0.04116137545375509,0.009203507763929634,0.0461452496064812,1.9844674545084815,1.0978751528698543,1.1282666691963454,98.0,1.1130709110330999,0.015195758163245521,0.07618965196627285,1.9844674545084815,336871306922891.3,431435002047686.94,98.0,384153154485289.1,47281847562397.82,237065335694448.56,1.9844674545084815,3.1271118544930867,3.2034546777471236,98.0,3.165283266120105,0.03817141162701845,0.1913867367248708,1.9844674545084815,0.9847809286411572,1.021284621477355,98.0,1.003032775059256,0.018251846418098877,0.09151250048847918,1.9844674545084815,99.0,0.42424242424242425,-0.011221538626633444,0.020700225161815224,98.0,0.004739343267590889,0.015960881894224333,0.08002588772023547,1.9844674545084815,ExtraTreesRegressor,"{'mode': 'original', 'type': 'ExtraTreesRegressor'}",10,"['nodes_T6W50', 'edges_T6W50', 're_T6W50', 'pe_T6W50', 'l3_T6W50', 'lcc_T6W50', 'lsc_T6W50', 'z_lsc_T6W50', 'z_density_T6W50', 'z_asp_T6W50']",0.1078507325498724,0.15965950920185376,98.0,0.13375512087586308,0.02590438832599068,0.12988139912164004,1.9844674545084815,1.3724874520279757,1.4078221690481174,98.0,1.3901548105380466,0.01766735851007092,0.08858195040912506,1.9844674545084815,completed,True,COMPLETE
183,1.0926496199651103,2026-06-13 09:24:31.857172,2026-06-13 09:24:34.497113,0 days 00:00:02.639941,,,,,,,,,,,,,,,XGBRegressor,,,,,,10,,,,,,,,False,gblinear,0.9834227498996426,0.0010084417932528184,4.0,187.0,1.0438578212275792e-06,0.009277366769193843,0.8646723970439982,-0.02383093405652147,-0.020655371954481482,98.0,-0.022243153005501476,0.0015877810510199928,0.00796093780752949,1.9844674545084815,1.081741495684006,1.1035577442462148,98.0,1.0926496199651103,0.01090812428110438,0.05469198599069366,1.9844674545084815,365982573631370.06,467285713639848.56,98.0,416634143635609.3,50651570004239.27,253960707238845.72,1.9844674545084815,3.097519826635691,3.114424623395936,98.0,3.1059722250158135,0.008452398380122555,0.04237928005589443,1.9844674545084815,0.9357663592817321,0.954135456961141,98.0,0.9449509081214366,0.00918454883970447,0.04605019190532194,1.9844674545084815,99.0,0.7676767676767676,-0.007774131188473364,-0.004435491105900866,98.0,-0.006104811147187115,0.0016693200412862491,0.008369764219698485,1.9844674545084815,XGBRegressor,"{'mode': 'original', 'type': 'XGBRegressor'}",10,"['pe_T6W50', 'l1_T6W50', 'l2_T6W50', 'z_pe_T6W50', 'z_l1_T6W50', 'z_l2_T6W50', 'z_l3_T6W50', 'z_density_T6W50', 'z_diameter_T6W50', 'z_asp_T6W50']",-0.06241661699514696,-0.011476758921011132,98.0,-0.036946687958079046,0.025469929037067914,0.12770307398241776,1.9844674545084815,1.3839578187046595,1.414162965517635,98.0,1.3990603921111473,0.015102573406487756,0.07572243512130435,1.9844674545084815,completed,False,COMPLETE
184,1.2337680896388328,2026-06-13 09:24:34.510143,2026-06-13 09:24:34.632312,0 days 00:00:00.122169,9.0,4.0,13.0,,,,,,,,,,,,DecisionTreeRegressor,,,,,,3,,,,,,,,True,,,,,,,,,,,,,,,,,,,,,,,,,,,,,,,,,,,,,,,,,,,,,,,,,,,,,DecisionTreeRegressor,"{'mode': 'original', 'type': 'DecisionTreeRegressor'}",3,"['re_T6W50', 'pe_T6W50', 'l3_T6W50']",,,,,,,,,,,,,,,pruned,True,PRUNED
185,1.1059444690660982,2026-06-13 09:24:34.641647,2026-06-13 09:24:35.022406,0 days 00:00:00.380759,,,,,,,,,,,euclidean,13.0,distance,,KNeighborsRegressor,,,,,,11,11.0,4.0,9.0,80.0,,,ExtraTrees,,,,,,,,,,,,,,,,,,,,,,,,,,,,,,,,,,,,,,,,,,,,,,,,,,,,,,KNeighborsRegressor,"{'mode': 'proxy', 'type': 'ExtraTrees'}",11,"['re_T6W50', 'pe_T6W50', 'l1_T6W50', 'l2_T6W50', 'l3_T6W50', 'lcc_T6W50', 'lsc_T6W50', 'diameter_T6W50', 'z_l3_T6W50', 'z_density_T6W50', 'z_asp_T6W50']",,,,,,,,,,,,,,,pruned,True,PRUNED
186,1.2053609644302674,2026-06-13 09:24:35.032972,2026-06-13 09:24:35.134832,0 days 00:00:00.101860,,,,,,,,,,,,,,,LinearRegression,,,,,,19,,,,,,,,False,,,,,,,,,,,,,,,,,,,,,,,,,,,,,,,,,,,,,,,,,,,,,,,,,,,,,LinearRegression,"{'mode': 'original', 'type': 'LinearRegression'}",19,"['nodes_T6W50', 'edges_T6W50', 're_T6W50', 'pe_T6W50', 'l1_T6W50', 'l2_T6W50', 'lcc_T6W50', 'lsc_T6W50', 'atd_T6W50', 'density_T6W50', 'diameter_T6W50', 'asp_T6W50', 'z_pe_T6W50', 'z_l1_T6W50', 'z_l2_T6W50', 'z_lsc_T6W50', 'z_density_T6W50', 'z_diameter_T6W50', 'z_asp_T6W50']",,,,,,,,,,,,,,,pruned,False,PRUNED
187,1.138009829558668,2026-06-13 09:24:35.144214,2026-06-13 09:24:42.477338,0 days 00:00:07.333124,,,,,,,,,,,,,,,RandomForestRegressor,17.0,sqrt,4.0,2.0,61.0,16,,,,,,,,True,,,,,,,,,-0.07486140606688987,-0.054970388404655124,98.0,-0.0649158972357725,0.009945508831117377,0.04986555118408691,1.9844674545084815,1.123401304648884,1.152618354468452,98.0,1.138009829558668,0.01460852490978401,0.07324533706446877,1.9844674545084815,336957283080538.7,432744451223235.2,98.0,384850867151886.94,47893584071348.24,240132506888626.1,1.9844674545084815,3.219148824207787,3.3291548885746085,98.0,3.2741518563911978,0.05500303218341066,0.2757784004012287,1.9844674545084815,0.9914102580680063,1.0336090614027043,98.0,1.0125096597353553,0.021099401667349,0.10578979031267857,1.9844674545084815,99.0,0.5959595959595959,-0.04610774663997995,-0.01102538107756414,98.0,-0.028566563858772043,0.017541182781207903,0.08794932091045905,1.9844674545084815,RandomForestRegressor,"{'mode': 'original', 'type': 'RandomForestRegressor'}",16,"['re_T6W50', 'pe_T6W50', 'l2_T6W50', 'l3_T6W50', 'lsc_T6W50', 'atd_T6W50', 'density_T6W50', 'diameter_T6W50', 'asp_T6W50', 'z_pe_T6W50', 'z_l2_T6W50', 'z_l3_T6W50', 'z_lsc_T6W50', 'z_density_T6W50', 'z_diameter_T6W50', 'z_asp_T6W50']",0.05604485465664526,0.11172726842184312,98.0,0.08388606153924419,0.02784120688259893,0.13959236781201595,1.9844674545084815,1.3958935665947305,1.4292312958027342,98.0,1.4125624311987324,0.016668864604001764,0.08357562546129467,1.9844674545084815,completed,True,COMPLETE
188,1.0691225985343633,2026-06-13 09:24:42.490076,2026-06-13 09:24:45.331669,0 days 00:00:02.841593,,,,,,,,,,,,,,0.009610996297600935,QuantileRegressor,,,,,,4,,,,,,,,True,,,,,,,,,-1.1662478979857022e-16,-4.037644600700748e-17,98.0,-7.850061790278885e-17,3.812417189578137e-17,1.9114988255522237e-16,1.9844674545084815,1.0575870578016928,1.0806581392670338,98.0,1.0691225985343633,0.011535540732670517,0.057837774477796575,1.9844674545084815,378756762949842.3,482894502655208.7,98.0,430825632802525.5,52068869852683.18,261066873382366.97,1.9844674545084815,3.0,3.0,98.0,3.0,1.3598454634396082e-16,6.81809696326797e-16,1.9844674545084815,0.9999999999999999,1.0000000000000002,98.0,1.0,1.3598454634396082e-16,6.81809696326797e-16,1.9844674545084815,99.0,0.9191919191919192,-0.004402232239554257,-0.002812910014847302,98.0,-0.0036075711272007794,0.0007946611123534777,0.0039843325308890985,1.9844674545084815,QuantileRegressor,"{'mode': 'original', 'type': 'QuantileRegressor'}",4,"['z_lsc_T6W50', 'z_density_T6W50', 'z_diameter_T6W50', 'z_asp_T6W50']",,,,,,,,1.3817940130923385,1.413236739470511,98.0,1.3975153762814247,0.015721363189086183,0.07882497055717959,1.9844674545084815,completed,True,COMPLETE
189,1.107656871192819,2026-06-13 09:24:45.392282,2026-06-13 09:25:09.602468,0 days 00:00:24.210186,,,,,,19.0,log2,4.0,2.0,425.0,,,,,ExtraTreesRegressor,,,,,,8,,,,,,,,True,,,,,,,,,-0.04254091070236374,-0.02977684911725473,98.0,-0.03615887990980923,0.006382030792554502,0.03199871304209487,1.9844674545084815,1.0944828496877705,1.1208308926978674,98.0,1.107656871192819,0.013174021505048462,0.0660529144174969,1.9844674545084815,348948067722712.6,446102485661959.75,98.0,397525276692336.2,48577208969623.59,243560117575472.75,1.9844674545084815,3.077863133860343,3.1314321806151897,98.0,3.1046476572377664,0.026784523377423458,0.13429428741135857,1.9844674545084815,0.9856970667925435,1.024243458772188,98.0,1.0049702627823658,0.019273195989822266,0.09663342091703163,1.9844674545084815,99.0,0.35353535353535354,0.0019492667861177818,0.02227496839718937,98.0,0.012112117591653577,0.010162850805535795,0.050955276962209264,1.9844674545084815,ExtraTreesRegressor,"{'mode': 'original', 'type': 'ExtraTreesRegressor'}",8,"['re_T6W50', 'pe_T6W50', 'l1_T6W50', 'lcc_T6W50', 'lsc_T6W50', 'diameter_T6W50', 'z_density_T6W50', 'z_asp_T6W50']",0.11334192276433394,0.16029428702660817,98.0,0.13681810489547105,0.02347618213113711,0.11770667358963485,1.9844674545084815,1.3702038732996775,1.4010729792510022,98.0,1.3856384262753398,0.015434552975662277,0.07738693962075723,1.9844674545084815,completed,True,COMPLETE
190,1.588677531618708,2026-06-13 09:25:09.614976,2026-06-13 09:25:09.752266,0 days 00:00:00.137290,8.0,2.0,3.0,,,,,,,,,,,,DecisionTreeRegressor,,,,,,21,,,,,,,,False,,,,,,,,,,,,,,,,,,,,,,,,,,,,,,,,,,,,,,,,,,,,,,,,,,,,,DecisionTreeRegressor,"{'mode': 'original', 'type': 'DecisionTreeRegressor'}",21,"['edges_T6W50', 're_T6W50', 'pe_T6W50', 'l1_T6W50', 'l2_T6W50', 'l3_T6W50', 'lcc_T6W50', 'lsc_T6W50', 'atd_T6W50', 'density_T6W50', 'diameter_T6W50', 'asp_T6W50', 'z_re_T6W50', 'z_pe_T6W50', 'z_l1_T6W50', 'z_l2_T6W50', 'z_l3_T6W50', 'z_lsc_T6W50', 'z_density_T6W50', 'z_diameter_T6W50', 'z_asp_T6W50']",,,,,,,,,,,,,,,pruned,False,PRUNED
191,1.1340328851970252,2026-06-13 09:25:09.762517,2026-06-13 09:25:10.046474,0 days 00:00:00.283957,,,,,,,,,,,manhattan,6.0,distance,,KNeighborsRegressor,,,,,,9,10.0,3.0,9.0,40.0,,,ExtraTrees,,,,,,,,,,,,,,,,,,,,,,,,,,,,,,,,,,,,,,,,,,,,,,,,,,,,,,KNeighborsRegressor,"{'mode': 'proxy', 'type': 'ExtraTrees'}",9,"['edges_T6W50', 're_T6W50', 'pe_T6W50', 'l2_T6W50', 'l3_T6W50', 'lsc_T6W50', 'diameter_T6W50', 'z_l3_T6W50', 'z_density_T6W50']",,,,,,,,,,,,,,,pruned,True,PRUNED
192,1.0971258970080424,2026-06-13 09:25:10.056186,2026-06-13 09:25:34.012677,0 days 00:00:23.956491,,,,,,,,,,,,,,,XGBRegressor,,,,,,22,,,,,,,,True,gbtree,0.7995222935751908,0.005450361842724383,10.0,84.0,0.0041005206621905965,0.006863464331724661,0.5460334930412377,-0.030668220049022046,-0.0221375662932222,98.0,-0.026402893171122124,0.004265326877899922,0.021385821415321606,1.9844674545084815,1.0853669240158184,1.1088848700002665,98.0,1.0971258970080424,0.01175897299222406,0.05895803619231879,1.9844674545084815,358609566906220.3,458241691899882.8,98.0,408425629403051.56,49816062496831.234,249771575935177.28,1.9844674545084815,3.104849887023983,3.1449213082046708,98.0,3.124885597614327,0.02003571059034404,0.100456574813589,1.9844674545084815,0.9933960501659261,1.0159758662871172,98.0,1.0046859582265217,0.011289908060595584,0.05660620264071638,1.9844674545084815,99.0,0.36363636363636365,0.00266899978875154,0.015937037818077586,98.0,0.009303018803414564,0.006634019014663024,0.03326215082096694,1.9844674545084815,XGBRegressor,"{'mode': 'original', 'type': 'XGBRegressor'}",22,"['nodes_T6W50', 'edges_T6W50', 're_T6W50', 'pe_T6W50', 'l1_T6W50', 'l2_T6W50', 'l3_T6W50', 'lcc_T6W50', 'lsc_T6W50', 'atd_T6W50', 'density_T6W50', 'diameter_T6W50', 'asp_T6W50', 'z_re_T6W50', 'z_pe_T6W50', 'z_l1_T6W50', 'z_l2_T6W50', 'z_l3_T6W50', 'z_lsc_T6W50', 'z_density_T6W50', 'z_diameter_T6W50', 'z_asp_T6W50']",0.07168454059674137,0.12651661587502913,98.0,0.09910057823588525,0.027416037639143884,0.13746062181174368,1.9844674545084815,1.3728867350885325,1.4031523846247267,98.0,1.3880195598566296,0.015132824768096995,0.07587411170681942,1.9844674545084815,completed,True,COMPLETE
193,1.3602315323025573,2026-06-13 09:25:34.025340,2026-06-13 09:25:36.056285,0 days 00:00:02.030945,,,,,,,,,,,,,,,XGBRegressor,,,,,,2,,,,,,,,True,gbtree,0.6013163170676716,0.066755502433454,10.0,119.0,0.0019421055975565888,0.02042943471222008,0.9414969124148865,,,,,,,,,,,,,,,,,,,,,,,,,,,,,,,,,,,,,,,,,,,,,XGBRegressor,"{'mode': 'original', 'type': 'XGBRegressor'}",2,"['z_diameter_T6W50', 'z_asp_T6W50']",,,,,,,,,,,,,,,pruned,True,PRUNED
194,1.1412708616131655,2026-06-13 09:25:36.066308,2026-06-13 09:25:42.195506,0 days 00:00:06.129198,,,,,,,,,,,,,,,RandomForestRegressor,10.0,sqrt,4.0,3.0,53.0,11,,,,,,,,True,,,,,,,,,-0.07930390850521157,-0.05697290990031876,98.0,-0.06813840920276516,0.011165499302446404,0.05598243251466444,1.9844674545084815,1.1263396112469437,1.1562021119793873,98.0,1.1412708616131655,0.014931250366221763,0.07486344258724036,1.9844674545084815,339111754363830.06,434574085265181.8,98.0,386842919814505.94,47731165450675.89,239318160013075.03,1.9844674545084815,3.175486654153417,3.288088109279208,98.0,3.2317873817163125,0.0563007275628957,0.28228488453048706,1.9844674545084815,0.9970919106719199,1.039385093660134,98.0,1.018238502166027,0.021146591494107067,0.10602639426744155,1.9844674545084815,99.0,0.5555555555555556,-0.04008098162204528,-0.0013262310354132147,98.0,-0.020703606328729245,0.01937737529331603,0.09715576305949064,1.9844674545084815,RandomForestRegressor,"{'mode': 'original', 'type': 'RandomForestRegressor'}",11,"['re_T6W50', 'pe_T6W50', 'l3_T6W50', 'lsc_T6W50', 'diameter_T6W50', 'asp_T6W50', 'z_re_T6W50', 'z_l3_T6W50', 'z_lsc_T6W50', 'z_density_T6W50', 'z_asp_T6W50']",0.07758945247458268,0.13772340000407277,98.0,0.10765642623932772,0.030066973764745045,0.15075208766850448,1.9844674545084815,1.3895840476262689,1.4240361624386253,98.0,1.406810105032447,0.017226057406178143,0.08636932125586262,1.9844674545084815,completed,True,COMPLETE
195,1.1832755325795135,2026-06-13 09:25:42.217969,2026-06-13 09:25:42.316131,0 days 00:00:00.098162,,,,,,,,,,,,,,,LinearRegression,,,,,,17,,,,,,,,False,,,,,,,,,,,,,,,,,,,,,,,,,,,,,,,,,,,,,,,,,,,,,,,,,,,,,LinearRegression,"{'mode': 'original', 'type': 'LinearRegression'}",17,"['nodes_T6W50', 'edges_T6W50', 're_T6W50', 'pe_T6W50', 'l2_T6W50', 'lcc_T6W50', 'lsc_T6W50', 'atd_T6W50', 'density_T6W50', 'diameter_T6W50', 'asp_T6W50', 'z_pe_T6W50', 'z_l2_T6W50', 'z_lsc_T6W50', 'z_density_T6W50', 'z_diameter_T6W50', 'z_asp_T6W50']",,,,,,,,,,,,,,,pruned,False,PRUNED
196,1.0844478336601688,2026-06-13 09:25:42.325722,2026-06-13 09:25:44.569578,0 days 00:00:02.243856,,,,,,,,,,,,,,,XGBRegressor,,,,,,17,,,,,,,,False,gblinear,0.9114919025208837,0.11941144217950807,10.0,86.0,2.4796739133918027,0.0007911989368573516,0.9025451592478313,-0.015362919987852521,-0.01360193394401199,98.0,-0.014482426965932256,0.0008804930219202652,0.004414683109467761,1.9844674545084815,1.0733265169527664,1.0955691503675713,98.0,1.0844478336601688,0.011121316707402486,0.05576090644777132,1.9844674545084815,370261105659323.8,472582161721691.8,98.0,421421633690507.8,51160528031183.98,256512559836246.84,1.9844674545084815,3.0623905775247895,3.0737132692852915,98.0,3.0680519234050405,0.005661345880251032,0.028385288028622696,1.9844674545084815,0.9334029822004124,0.9519650037272849,98.0,0.9426839929638486,0.00928101076343626,0.04653384006016678,1.9844674545084815,99.0,1.0,-0.003151139249551751,-0.0019109953719222716,98.0,-0.0025310673107370113,0.0006200719388147398,0.003108964008562298,1.9844674545084815,XGBRegressor,"{'mode': 'original', 'type': 'XGBRegressor'}",17,"['l2_T6W50', 'l3_T6W50', 'lcc_T6W50', 'lsc_T6W50', 'atd_T6W50', 'density_T6W50', 'diameter_T6W50', 'asp_T6W50', 'z_re_T6W50', 'z_pe_T6W50', 'z_l1_T6W50', 'z_l2_T6W50', 'z_l3_T6W50', 'z_lsc_T6W50', 'z_density_T6W50', 'z_diameter_T6W50', 'z_asp_T6W50']",,,,,,,,1.381230191074386,1.4121686831751745,98.0,1.3966994371247803,0.015469246050394332,0.07756088640650355,1.9844674545084815,completed,False,COMPLETE
