number,value,datetime_start,datetime_complete,duration,params_dt_max_depth,params_dt_min_samples_leaf,params_dt_min_samples_split,params_elastic_alpha,params_elastic_l1_ratio,params_et_max_depth,params_et_max_features,params_et_min_samples_leaf,params_et_min_samples_split,params_et_n_estimators,params_knn_metric,params_knn_n_neighbors,params_knn_weights,params_quantile_alpha,params_regressor,params_rf_max_depth,params_rf_max_features,params_rf_min_samples_leaf,params_rf_min_samples_split,params_rf_n_estimators,params_rfe_n_features,params_rfe_proxy_et_max_depth,params_rfe_proxy_et_min_samples_leaf,params_rfe_proxy_et_min_samples_split,params_rfe_proxy_et_n_estimators,params_rfe_proxy_lsvr_C,params_rfe_proxy_lsvr_epsilon,params_rfe_proxy_type,params_use_scaler,params_xgb_booster,params_xgb_colsample_bytree,params_xgb_learning_rate,params_xgb_max_depth,params_xgb_n_estimators,params_xgb_reg_alpha,params_xgb_reg_lambda,params_xgb_subsample,user_attrs_d2mae_ci_lower_val,user_attrs_d2mae_ci_upper_val,user_attrs_d2mae_df_val,user_attrs_d2mae_mean_val,user_attrs_d2mae_samperror_val,user_attrs_d2mae_std_val,user_attrs_d2mae_t_critical_val,user_attrs_mae_ci_lower_val,user_attrs_mae_ci_upper_val,user_attrs_mae_df_val,user_attrs_mae_mean_val,user_attrs_mae_samperror_val,user_attrs_mae_std_val,user_attrs_mae_t_critical_val,user_attrs_mape_ci_lower_val,user_attrs_mape_ci_upper_val,user_attrs_mape_df_val,user_attrs_mape_mean_val,user_attrs_mape_samperror_val,user_attrs_mape_std_val,user_attrs_mape_t_critical_val,user_attrs_max_error_ci_lower_val,user_attrs_max_error_ci_upper_val,user_attrs_max_error_df_val,user_attrs_max_error_mean_val,user_attrs_max_error_samperror_val,user_attrs_max_error_std_val,user_attrs_max_error_t_critical_val,user_attrs_median_ae_ci_lower_val,user_attrs_median_ae_ci_upper_val,user_attrs_median_ae_df_val,user_attrs_median_ae_mean_val,user_attrs_median_ae_samperror_val,user_attrs_median_ae_std_val,user_attrs_median_ae_t_critical_val,user_attrs_n_splits_val,user_attrs_r2_below_zero_val,user_attrs_r2_ci_lower_val,user_attrs_r2_ci_upper_val,user_attrs_r2_df_val,user_attrs_r2_mean_val,user_attrs_r2_samperror_val,user_attrs_r2_std_val,user_attrs_r2_t_critical_val,user_attrs_regressor_final,user_attrs_rfe_estimator,user_attrs_rfe_n_features,user_attrs_rfe_selected_features,user_attrs_rho_ci_lower_val,user_attrs_rho_ci_upper_val,user_attrs_rho_df_val,user_attrs_rho_mean_val,user_attrs_rho_samperror_val,user_attrs_rho_std_val,user_attrs_rho_t_critical_val,user_attrs_rmse_ci_lower_val,user_attrs_rmse_ci_upper_val,user_attrs_rmse_df_val,user_attrs_rmse_mean_val,user_attrs_rmse_samperror_val,user_attrs_rmse_std_val,user_attrs_rmse_t_critical_val,user_attrs_termination_reason,user_attrs_use_scaler_final,state
36,1.4551359441247944,2026-06-13 09:10:06.886502,2026-06-13 09:10:08.777199,0 days 00:00:01.890697,16.0,2.0,5.0,,,,,,,,,,,,DecisionTreeRegressor,,,,,,9,,,,,,,,False,,,,,,,,,-0.3893740519597751,-0.3364930971924001,98.0,-0.3629335745760876,0.02644047738368751,0.13256928335157206,1.9844674545084815,1.4266613020187684,1.4836105862308204,98.0,1.4551359441247944,0.028474642106026113,0.1427683336768075,1.9844674545084815,341739796602575.9,459702917834420.6,98.0,400721357218498.25,58981560615922.39,295726249883603.5,1.9844674545084815,4.2928233751829685,4.543876961517369,98.0,4.418350168350169,0.12552679316720058,0.6293758153498197,1.9844674545084815,1.1419287735871437,1.2444011927428225,98.0,1.193164983164983,0.05123620957783941,0.2568920177506202,1.9844674545084815,99.0,1.0,-0.8054191979982688,-0.6870025512668587,98.0,-0.7462108746325637,0.059208323365705084,0.29686321026420803,1.9844674545084815,DecisionTreeRegressor,"{'mode': 'original', 'type': 'DecisionTreeRegressor'}",9,"['edges_T6W50', 're_T6W50', 'pe_T6W50', 'l1_T6W50', 'l3_T6W50', 'diameter_T6W50', 'z_lsc_T6W50', 'z_diameter_T6W50', 'z_asp_T6W50']",0.033144340624239405,0.08378579494669039,98.0,0.0584650677854649,0.025320727161225496,0.126954994230751,1.9844674545084815,1.8034986438000056,1.8636688564080006,98.0,1.833583750104003,0.030085106303997532,0.1508430019776209,1.9844674545084815,completed,False,COMPLETE
37,1.093383418797365,2026-06-13 09:10:08.789590,2026-06-13 09:10:24.593408,0 days 00:00:15.803818,,,,,,4.0,,3.0,6.0,289.0,,,,,ExtraTreesRegressor,,,,,,2,,,,,,,,True,,,,,,,,,-0.028737678805187697,-0.01662185365930028,98.0,-0.02267976623224399,0.006057912572943707,0.030373624377035443,1.9844674545084815,1.079989435168613,1.106777402426117,98.0,1.093383418797365,0.013393983628751962,0.06715577730006547,1.9844674545084815,348774742736555.8,446079204964910.8,98.0,397426973850733.3,48652231114177.49,243936269329266.16,1.9844674545084815,3.0836684646096546,3.1391288863568465,98.0,3.1113986754832506,0.02773021087359609,0.1390358475512483,1.9844674545084815,0.9761096450203818,1.0079389350129484,98.0,0.992024290016665,0.015914644996283308,0.07979406163269957,1.9844674545084815,99.0,0.3434343434343434,0.008945248001081938,0.027299729097466342,98.0,0.01812248854927414,0.009177240548192201,0.04601354903559435,1.9844674545084815,ExtraTreesRegressor,"{'mode': 'original', 'type': 'ExtraTreesRegressor'}",2,"['re_T6W50', 'pe_T6W50']",0.1049763434225139,0.16054398320616364,98.0,0.13276016331433876,0.02778381989182487,0.1393046365380975,1.9844674545084815,1.3658726612039467,1.3974705754489651,98.0,1.381671618326456,0.01579895712250932,0.07921401694227555,1.9844674545084815,completed,True,COMPLETE
38,1.1359468800257915,2026-06-13 09:10:24.607288,2026-06-13 09:10:44.040636,0 days 00:00:19.433348,,,,,,13.0,,3.0,10.0,292.0,,,,,ExtraTreesRegressor,,,,,,15,,,,,,,,True,,,,,,,,,-0.07329797965914545,-0.05247342821955372,98.0,-0.06288570393934959,0.010412275719795866,0.05220586263256804,1.9844674545084815,1.120837986589679,1.151055773461904,98.0,1.1359468800257915,0.015108893436112545,0.07575412296815978,1.9844674545084815,334992148893560.1,429292727072582.75,98.0,382142437983071.44,47150289089511.28,236405717783005.1,1.9844674545084815,3.1503614065102767,3.2444261092750506,98.0,3.1973937578926637,0.04703235138238705,0.23581439270643015,1.9844674545084815,0.9901653092635979,1.0269987673096532,98.0,1.0085820382866255,0.018416729023027635,0.0923392014763377,1.9844674545084815,99.0,0.46464646464646464,-0.030887624133852834,0.005960487916872639,98.0,-0.012463568108490098,0.018424056025362737,0.09237593815981678,1.9844674545084815,ExtraTreesRegressor,"{'mode': 'original', 'type': 'ExtraTreesRegressor'}",15,"['edges_T6W50', 're_T6W50', 'pe_T6W50', 'l1_T6W50', 'l2_T6W50', 'l3_T6W50', 'lcc_T6W50', 'lsc_T6W50', 'diameter_T6W50', 'asp_T6W50', 'z_re_T6W50', 'z_l3_T6W50', 'z_lsc_T6W50', 'z_density_T6W50', 'z_asp_T6W50']",0.0896432649625546,0.14832781461624006,98.0,0.11898553978939733,0.029342274826842724,0.14711853682714832,1.9844674545084815,1.3840900789096282,1.4187428984703017,98.0,1.401416488689965,0.01732640978033679,0.0868724756479633,1.9844674545084815,completed,True,COMPLETE
39,1.070175608797926,2026-06-13 09:10:44.079387,2026-06-13 09:10:46.338745,0 days 00:00:02.259358,,,,,,,,,,,,,,0.0026636419343091617,QuantileRegressor,,,,,,5,,,,,,,,False,,,,,,,,,-0.003024083356679263,0.0009975353022756855,98.0,-0.0010132740272017886,0.002010809329477474,0.01008194927410598,1.9844674545084815,1.058560774520377,1.081790443075475,98.0,1.070175608797926,0.011614834277549129,0.05823534250451642,1.9844674545084815,378398799283472.75,482624381954343.4,98.0,430511590618908.06,52112791335435.33,261287090264524.44,1.9844674545084815,2.9889833865172792,3.0333974721536303,98.0,3.0111904293354548,0.022207042818175357,0.11134336604601057,1.9844674545084815,0.9991466746916341,1.0025869027962935,98.0,1.0008667887439637,0.001720114052329678,0.008624439108690225,1.9844674545084815,99.0,0.9494949494949495,-0.00878608127143705,-0.0018134598882391297,98.0,-0.0052997705798380895,0.00348631069159896,0.017479930608640934,1.9844674545084815,QuantileRegressor,"{'mode': 'original', 'type': 'QuantileRegressor'}",5,"['lsc_T6W50', 'z_l2_T6W50', 'z_l3_T6W50', 'z_density_T6W50', 'z_asp_T6W50']",-0.06727272001732243,0.05770150335518138,33.0,-0.004785608331070524,0.0624871116862519,0.17908901581971684,2.0345152974493383,1.3828990952602382,1.4142933117594867,98.0,1.3985962035098625,0.015697108249624243,0.07870335929065274,1.9844674545084815,completed,False,COMPLETE
40,1.0978650967458352,2026-06-13 09:10:46.378275,2026-06-13 09:10:56.216403,0 days 00:00:09.838128,,,,,,5.0,log2,5.0,9.0,166.0,,,,,ExtraTreesRegressor,,,,,,18,,,,,,,,True,,,,,,,,,-0.03266284943439619,-0.02126559544150594,98.0,-0.026964222437951067,0.005698626996445126,0.02857221093416172,1.9844674545084815,1.0849458763120996,1.1107843171795708,98.0,1.0978650967458352,0.0129192204337357,0.06477537336061774,1.9844674545084815,353229597935402.6,452241902446285.6,98.0,402735750190844.1,49506152255441.48,248217724315625.97,1.9844674545084815,3.092516404750495,3.1407446863953545,98.0,3.116630545572925,0.024114140822429887,0.12090531956282626,1.9844674545084815,0.987384169336009,1.013211405840871,98.0,1.00029778758844,0.012913618252430956,0.06474728471645304,1.9844674545084815,99.0,0.32323232323232326,-0.0009894555762623176,0.016888290933824976,98.0,0.00794941767878133,0.008938873255043648,0.044818404909843665,1.9844674545084815,ExtraTreesRegressor,"{'mode': 'original', 'type': 'ExtraTreesRegressor'}",18,"['nodes_T6W50', 'edges_T6W50', 're_T6W50', 'pe_T6W50', 'l1_T6W50', 'l2_T6W50', 'l3_T6W50', 'lcc_T6W50', 'lsc_T6W50', 'atd_T6W50', 'density_T6W50', 'diameter_T6W50', 'asp_T6W50', 'z_pe_T6W50', 'z_lsc_T6W50', 'z_density_T6W50', 'z_diameter_T6W50', 'z_asp_T6W50']",0.08387455143710978,0.1379566099021301,98.0,0.11091558066961994,0.027041029232510155,0.13558037604322665,1.9844674545084815,1.3730743790726094,1.4045876380172853,98.0,1.3888310085449473,0.015756629472337986,0.07900179133954752,1.9844674545084815,completed,True,COMPLETE
41,1.3883678245488442,2026-06-13 09:10:56.228673,2026-06-13 09:10:58.094131,0 days 00:00:01.865458,11.0,1.0,12.0,,,,,,,,,,,,DecisionTreeRegressor,,,,,,9,,,,,,,,True,,,,,,,,,-0.3266511997226769,-0.27212225003120466,98.0,-0.2993867248769408,0.027264474845736155,0.13670070471141094,1.9844674545084815,1.3573132078305898,1.4194224412670986,98.0,1.3883678245488442,0.03105461671825446,0.1557040072822839,1.9844674545084815,318526253479386.25,425189976002389.25,98.0,371858114740887.75,53331861261501.47,267399356095010.12,1.9844674545084815,4.13443757203723,4.363533480479276,98.0,4.248985526258253,0.11454795422102286,0.5743292747746841,1.9844674545084815,1.1237715663867496,1.2069533190601063,98.0,1.165362442723428,0.04159087633667836,0.20853150984781293,1.9844674545084815,99.0,0.9797979797979798,-0.6157650075427233,-0.4998352520232284,98.0,-0.5578001297829759,0.05796487775974745,0.29062872778961535,1.9844674545084815,DecisionTreeRegressor,"{'mode': 'original', 'type': 'DecisionTreeRegressor'}",9,"['edges_T6W50', 're_T6W50', 'pe_T6W50', 'l3_T6W50', 'diameter_T6W50', 'z_l1_T6W50', 'z_lsc_T6W50', 'z_diameter_T6W50', 'z_asp_T6W50']",0.04439485263901054,0.1017408769342678,98.0,0.07306786478663917,0.02867301214762863,0.14376293653030559,1.9844674545084815,1.698794916398102,1.7645917384217926,98.0,1.7316933274099473,0.032898411011845236,0.16494856382345469,1.9844674545084815,completed,True,COMPLETE
42,1.0691225985343633,2026-06-13 09:10:58.106598,2026-06-13 09:11:00.549111,0 days 00:00:02.442513,,,,,,,,,,,,,,0.011460526527150103,QuantileRegressor,,,,,,9,,,,,,,,True,,,,,,,,,-2.5685180963708404e-16,-7.509366035185166e-17,98.0,-1.6597273499446786e-16,9.08790746426162e-17,4.556564400179305e-16,1.9844674545084815,1.0575870578016928,1.0806581392670338,98.0,1.0691225985343633,0.011535540732670515,0.05783777447779657,1.9844674545084815,378756762949842.4,482894502655208.75,98.0,430825632802525.56,52068869852683.17,261066873382366.94,1.9844674545084815,3.0,3.000000000000001,98.0,3.0000000000000004,4.719132047510194e-16,2.3661144407545207e-15,1.9844674545084815,0.9999999999999999,1.0000000000000002,98.0,1.0,1.3744836189392955e-16,6.891490864445398e-16,1.9844674545084815,99.0,0.9191919191919192,-0.004402232239554257,-0.002812910014847299,98.0,-0.003607571127200778,0.0007946611123534792,0.003984332530889106,1.9844674545084815,QuantileRegressor,"{'mode': 'original', 'type': 'QuantileRegressor'}",9,"['z_re_T6W50', 'z_pe_T6W50', 'z_l1_T6W50', 'z_l2_T6W50', 'z_l3_T6W50', 'z_lsc_T6W50', 'z_density_T6W50', 'z_diameter_T6W50', 'z_asp_T6W50']",-0.11238022628198147,0.20040278688763646,3.0,0.0440112803028275,0.15639150658480896,0.0982838304766729,3.1824463052837078,1.3817940130923385,1.413236739470511,98.0,1.3975153762814247,0.01572136318908618,0.07882497055717957,1.9844674545084815,completed,True,COMPLETE
43,1.0691225985343633,2026-06-13 09:11:00.561352,2026-06-13 09:11:02.946517,0 days 00:00:02.385165,,,,,,,,,,,,,,1.6186162039332974,QuantileRegressor,,,,,,4,,,,,,,,True,,,,,,,,,0.0,0.0,98.0,0.0,0.0,0.0,1.9844674545084815,1.0575870578016928,1.0806581392670338,98.0,1.0691225985343633,0.011535540732670515,0.05783777447779657,1.9844674545084815,378756762949842.25,482894502655208.6,98.0,430825632802525.44,52068869852683.18,261066873382366.97,1.9844674545084815,3.0,3.0,98.0,3.0,0.0,0.0,1.9844674545084815,1.0,1.0,98.0,1.0,0.0,0.0,1.9844674545084815,99.0,0.9191919191919192,-0.004402232239554242,-0.002812910014847294,98.0,-0.003607571127200768,0.0007946611123534741,0.00398433253088908,1.9844674545084815,QuantileRegressor,"{'mode': 'original', 'type': 'QuantileRegressor'}",4,"['z_lsc_T6W50', 'z_density_T6W50', 'z_diameter_T6W50', 'z_asp_T6W50']",,,,,,,,1.3817940130923385,1.413236739470511,98.0,1.3975153762814247,0.01572136318908618,0.07882497055717957,1.9844674545084815,completed,True,COMPLETE
44,1.0928702920981648,2026-06-13 09:11:02.958883,2026-06-13 09:11:26.412992,0 days 00:00:23.454109,,,,,,10.0,log2,3.0,6.0,418.0,,,,,ExtraTreesRegressor,,,,,,6,,,,,,,,True,,,,,,,,,-0.028317993849765574,-0.016223193111142935,98.0,-0.022270593480454254,0.00604740036931132,0.030320917488208577,1.9844674545084815,1.0797631333930977,1.1059774508032318,98.0,1.0928702920981648,0.013107158705066993,0.06571767260821355,1.9844674545084815,345794248280609.7,442235449216053.3,98.0,394014848748331.5,48220600467721.8,241772126653517.4,1.9844674545084815,3.0747576386069597,3.129984842742569,98.0,3.1023712406747643,0.027613602067804572,0.13845118542159243,1.9844674545084815,0.9700819009447662,0.9993365708331198,98.0,0.984709235888943,0.014627334944176822,0.07333964825042384,1.9844674545084815,99.0,0.25252525252525254,0.022623879195384472,0.041416662360571954,98.0,0.03202027077797821,0.009396391582593743,0.047112345216721245,1.9844674545084815,ExtraTreesRegressor,"{'mode': 'original', 'type': 'ExtraTreesRegressor'}",6,"['re_T6W50', 'pe_T6W50', 'l3_T6W50', 'lsc_T6W50', 'z_density_T6W50', 'z_asp_T6W50']",0.15060214919330508,0.20400686558829287,98.0,0.17730450739079898,0.026702358197493888,0.13388232136166703,1.9844674545084815,1.3561995099607143,1.3873395476869628,98.0,1.3717695288238385,0.01557001886312433,0.07806614882559967,1.9844674545084815,completed,True,COMPLETE
45,1.4235848354238132,2026-06-13 09:11:26.425784,2026-06-13 09:11:28.964090,0 days 00:00:02.538306,17.0,3.0,13.0,,,,,,,,,,,,DecisionTreeRegressor,,,,,,20,,,,,,,,True,,,,,,,,,-0.357477834412106,-0.3098897898778873,98.0,-0.33368381214499665,0.023794022267109343,0.11930028471982576,1.9844674545084815,1.3990244433123278,1.4481452275352986,98.0,1.4235848354238132,0.02456039211148548,0.12314276833223894,1.9844674545084815,325929001620708.44,427546633885826.8,98.0,376737817753267.6,50808816132559.21,254749119877493.6,1.9844674545084815,4.094897486305467,4.33415858669,98.0,4.214528036497733,0.11963055019226657,0.5998127823413465,1.9844674545084815,1.1746444651703345,1.2440533353456478,98.0,1.2093489002579911,0.034704435087656686,0.17400374516423192,1.9844674545084815,99.0,1.0,-0.6700647877467082,-0.5571504746283112,98.0,-0.6136076311875097,0.05645715655919852,0.2830692001702669,1.9844674545084815,DecisionTreeRegressor,"{'mode': 'original', 'type': 'DecisionTreeRegressor'}",20,"['edges_T6W50', 're_T6W50', 'pe_T6W50', 'l1_T6W50', 'l2_T6W50', 'l3_T6W50', 'lsc_T6W50', 'atd_T6W50', 'density_T6W50', 'diameter_T6W50', 'asp_T6W50', 'z_re_T6W50', 'z_pe_T6W50', 'z_l1_T6W50', 'z_l2_T6W50', 'z_l3_T6W50', 'z_lsc_T6W50', 'z_density_T6W50', 'z_diameter_T6W50', 'z_asp_T6W50']",0.0052638923474816225,0.059286308836124804,98.0,0.03227510059180321,0.02701120824432159,0.13543085729681276,1.9844674545084815,1.7333675335720526,1.7911325604849817,98.0,1.7622500470285172,0.02888251345646455,0.1448133501809581,1.9844674545084815,completed,True,COMPLETE
46,1.1716289402755233,2026-06-13 09:11:28.976540,2026-06-13 09:11:30.826407,0 days 00:00:01.849867,,,,,,,,,,,,,,,LinearRegression,,,,,,19,,,,,,,,True,,,,,,,,,-0.11232866012200361,-0.08142504471669364,98.0,-0.09687685241934862,0.015451807702654983,0.07747345268777397,1.9844674545084815,1.153539882981911,1.1897179975691357,98.0,1.1716289402755233,0.018089057293612366,0.09069629595262911,1.9844674545084815,330654098398139.2,427275409252238.3,98.0,378964753825188.75,48310655427049.55,242223651081276.06,1.9844674545084815,3.509017599361617,3.774285198524588,98.0,3.6416513989431025,0.13263379958148572,0.6650094664917646,1.9844674545084815,1.0072620240894423,1.0546756274534768,98.0,1.0309688257714595,0.023706801682017217,0.11886297149391926,1.9844674545084815,99.0,0.7878787878787878,-0.16547699164855154,-0.09535696669092239,98.0,-0.13041697916973696,0.035060012478814566,0.17578656622444866,1.9844674545084815,LinearRegression,"{'mode': 'original', 'type': 'LinearRegression'}",19,"['nodes_T6W50', 'edges_T6W50', 're_T6W50', 'pe_T6W50', 'l2_T6W50', 'lcc_T6W50', 'lsc_T6W50', 'atd_T6W50', 'density_T6W50', 'diameter_T6W50', 'asp_T6W50', 'z_re_T6W50', 'z_pe_T6W50', 'z_l1_T6W50', 'z_l2_T6W50', 'z_lsc_T6W50', 'z_density_T6W50', 'z_diameter_T6W50', 'z_asp_T6W50']",0.03772892449334187,0.09411794359675735,98.0,0.0659234340450496,0.028194509551707735,0.14136378369722413,1.9844674545084815,1.4540023149908523,1.500258034238697,98.0,1.4771301746147747,0.023127859623922446,0.11596022762020015,1.9844674545084815,completed,True,COMPLETE
47,1.0852337407254065,2026-06-13 09:11:30.838696,2026-06-13 09:11:32.713681,0 days 00:00:01.874985,,,,0.2949458041415269,0.5427244433475962,,,,,,,,,,ElasticNet,,,,,,7,,,,,,,,True,,,,,,,,,-0.017150038938508094,-0.013252061753220875,98.0,-0.015201050345864485,0.0019489885926436096,0.009771987745824808,1.9844674545084815,1.0738898303659414,1.0965776510848715,98.0,1.0852337407254065,0.011343910359464941,0.05687696348805512,1.9844674545084815,370432782667456.56,472813208395047.3,98.0,421622995531251.94,51190212863795.375,256661395915437.0,1.9844674545084815,3.096442734170366,3.151349321451362,98.0,3.123896027810864,0.027453293640498262,0.13764741879458264,1.9844674545084815,0.9552525185131036,0.971875679374828,98.0,0.9635640989439658,0.008311580430862216,0.041673236275157004,1.9844674545084815,99.0,0.7676767676767676,-0.015101639769889893,-0.0054352529472446575,98.0,-0.010268446358567275,0.004833193411322618,0.024233033978194377,1.9844674545084815,ElasticNet,"{'mode': 'original', 'type': 'ElasticNet'}",7,"['edges_T6W50', 'pe_T6W50', 'z_l3_T6W50', 'z_lsc_T6W50', 'z_density_T6W50', 'z_diameter_T6W50', 'z_asp_T6W50']",-0.03792603243992977,0.01956946333580389,78.0,-0.009178284552062942,0.028747747887866833,0.12834515332202173,1.9908470688116906,1.386257936047734,1.4176201828731299,98.0,1.401939059460432,0.015681123412697884,0.07862321329536422,1.9844674545084815,completed,True,COMPLETE
48,1.4231950978534462,2026-06-13 09:11:32.726989,2026-06-13 09:11:34.744170,0 days 00:00:02.017181,13.0,5.0,2.0,,,,,,,,,,,,DecisionTreeRegressor,,,,,,21,,,,,,,,True,,,,,,,,,-0.3563445356543037,-0.30910820288822116,98.0,-0.3327263692712624,0.023618166383041272,0.11841856506757606,1.9844674545084815,1.397417838009143,1.4489723576977493,98.0,1.4231950978534462,0.0257772598443032,0.12924399263815195,1.9844674545084815,311152816032240.06,412260182426535.94,98.0,361706499229388.0,50553683197147.96,253469914895070.75,1.9844674545084815,4.093429942252477,4.297014181524981,98.0,4.195222061888729,0.10179211963625127,0.5103730978526422,1.9844674545084815,1.2029528594125138,1.2758065966196694,98.0,1.2393797280160916,0.036426868603577696,0.18263981377648975,1.9844674545084815,99.0,0.98989898989899,-0.642098046269476,-0.5370714633432255,98.0,-0.5895847548063508,0.052513291463125236,0.2632951483695124,1.9844674545084815,DecisionTreeRegressor,"{'mode': 'original', 'type': 'DecisionTreeRegressor'}",21,"['nodes_T6W50', 'edges_T6W50', 're_T6W50', 'pe_T6W50', 'l2_T6W50', 'l3_T6W50', 'lcc_T6W50', 'lsc_T6W50', 'atd_T6W50', 'density_T6W50', 'diameter_T6W50', 'asp_T6W50', 'z_re_T6W50', 'z_pe_T6W50', 'z_l1_T6W50', 'z_l2_T6W50', 'z_l3_T6W50', 'z_lsc_T6W50', 'z_density_T6W50', 'z_diameter_T6W50', 'z_asp_T6W50']",0.008460272684322003,0.06450045052074094,98.0,0.03648036160253147,0.02802008891820947,0.14048926021381464,1.9844674545084815,1.7219501324121917,1.7776305934302046,98.0,1.7497903629211982,0.027840230509006466,0.1395874723955846,1.9844674545084815,completed,True,COMPLETE
