number,value,datetime_start,datetime_complete,duration,params_dt_max_depth,params_dt_min_samples_leaf,params_dt_min_samples_split,params_elastic_alpha,params_elastic_l1_ratio,params_et_max_depth,params_et_max_features,params_et_min_samples_leaf,params_et_min_samples_split,params_et_n_estimators,params_knn_metric,params_knn_n_neighbors,params_knn_weights,params_quantile_alpha,params_regressor,params_rf_max_depth,params_rf_max_features,params_rf_min_samples_leaf,params_rf_min_samples_split,params_rf_n_estimators,params_rfe_n_features,params_rfe_proxy_et_max_depth,params_rfe_proxy_et_min_samples_leaf,params_rfe_proxy_et_min_samples_split,params_rfe_proxy_et_n_estimators,params_rfe_proxy_lsvr_C,params_rfe_proxy_lsvr_epsilon,params_rfe_proxy_type,params_use_scaler,params_xgb_booster,params_xgb_colsample_bytree,params_xgb_learning_rate,params_xgb_max_depth,params_xgb_n_estimators,params_xgb_reg_alpha,params_xgb_reg_lambda,params_xgb_subsample,user_attrs_d2mae_ci_lower_val,user_attrs_d2mae_ci_upper_val,user_attrs_d2mae_df_val,user_attrs_d2mae_mean_val,user_attrs_d2mae_samperror_val,user_attrs_d2mae_std_val,user_attrs_d2mae_t_critical_val,user_attrs_mae_ci_lower_val,user_attrs_mae_ci_upper_val,user_attrs_mae_df_val,user_attrs_mae_mean_val,user_attrs_mae_samperror_val,user_attrs_mae_std_val,user_attrs_mae_t_critical_val,user_attrs_mape_ci_lower_val,user_attrs_mape_ci_upper_val,user_attrs_mape_df_val,user_attrs_mape_mean_val,user_attrs_mape_samperror_val,user_attrs_mape_std_val,user_attrs_mape_t_critical_val,user_attrs_max_error_ci_lower_val,user_attrs_max_error_ci_upper_val,user_attrs_max_error_df_val,user_attrs_max_error_mean_val,user_attrs_max_error_samperror_val,user_attrs_max_error_std_val,user_attrs_max_error_t_critical_val,user_attrs_median_ae_ci_lower_val,user_attrs_median_ae_ci_upper_val,user_attrs_median_ae_df_val,user_attrs_median_ae_mean_val,user_attrs_median_ae_samperror_val,user_attrs_median_ae_std_val,user_attrs_median_ae_t_critical_val,user_attrs_n_splits_val,user_attrs_r2_below_zero_val,user_attrs_r2_ci_lower_val,user_attrs_r2_ci_upper_val,user_attrs_r2_df_val,user_attrs_r2_mean_val,user_attrs_r2_samperror_val,user_attrs_r2_std_val,user_attrs_r2_t_critical_val,user_attrs_regressor_final,user_attrs_rfe_estimator,user_attrs_rfe_n_features,user_attrs_rfe_selected_features,user_attrs_rho_ci_lower_val,user_attrs_rho_ci_upper_val,user_attrs_rho_df_val,user_attrs_rho_mean_val,user_attrs_rho_samperror_val,user_attrs_rho_std_val,user_attrs_rho_t_critical_val,user_attrs_rmse_ci_lower_val,user_attrs_rmse_ci_upper_val,user_attrs_rmse_df_val,user_attrs_rmse_mean_val,user_attrs_rmse_samperror_val,user_attrs_rmse_std_val,user_attrs_rmse_t_critical_val,user_attrs_termination_reason,user_attrs_use_scaler_final,state
23,1.1210364165978692,2026-06-13 09:07:55.392960,2026-06-13 09:08:00.081843,0 days 00:00:04.688883,,,,,,19.0,log2,2.0,3.0,54.0,,,,,ExtraTreesRegressor,,,,,,15,,,,,,,,True,,,,,,,,,-0.05714579777985594,-0.040490489191830153,98.0,-0.04881814348584305,0.008327654294012896,0.04175382863692319,1.9844674545084815,1.107091461513256,1.1349813716824824,98.0,1.1210364165978692,0.01394495508461315,0.06991828003368682,1.9844674545084815,344385408615973.5,441058139541223.25,98.0,392721774078598.4,48336365462624.9,242352558019744.2,1.9844674545084815,3.0817865898313346,3.166200896494922,98.0,3.1239937431631284,0.04220715333179372,0.2116214464780384,1.9844674545084815,0.9721536090865407,1.0095206437536086,98.0,0.9908371264200746,0.01868351733353393,0.0936768450679098,1.9844674545084815,99.0,0.36363636363636365,-0.006048452735371462,0.021430713179019744,98.0,0.007691130221824141,0.013739582957195602,0.0688885695879545,1.9844674545084815,ExtraTreesRegressor,"{'mode': 'original', 'type': 'ExtraTreesRegressor'}",15,"['nodes_T6W50', 'edges_T6W50', 're_T6W50', 'pe_T6W50', 'l1_T6W50', 'l2_T6W50', 'l3_T6W50', 'lsc_T6W50', 'atd_T6W50', 'diameter_T6W50', 'z_re_T6W50', 'z_l1_T6W50', 'z_l3_T6W50', 'z_density_T6W50', 'z_asp_T6W50']",0.12011756865388881,0.1697691517320968,98.0,0.1449433601929928,0.024825791539104,0.12447344823679359,1.9844674545084815,1.3722457628853573,1.404058087923427,98.0,1.3881519254043921,0.015906162519034827,0.07975153154091799,1.9844674545084815,completed,True,COMPLETE
24,1.1651389552146347,2026-06-13 09:08:00.094333,2026-06-13 09:08:01.748659,0 days 00:00:01.654326,,,,,,,,,,,manhattan,10.0,distance,,KNeighborsRegressor,,,,,,4,,,,,1.111840595313212,0.029707920514735964,LinearSVR,,,,,,,,,,-0.10210844343333943,-0.07887733645160531,98.0,-0.09049288994247237,0.011615553490867054,0.05823894855113769,1.9844674545084815,1.1495673932159152,1.1807105172133543,98.0,1.1651389552146347,0.015571561998719471,0.07807388591661332,1.9844674545084815,342354051782125.3,439748212868139.94,98.0,391051132325132.6,48697080543007.33,244161138818285.53,1.9844674545084815,3.285965061613568,3.39663212717099,98.0,3.341298594392279,0.05533353277871081,0.2774354895086001,1.9844674545084815,0.961152575994988,1.0173078223732293,98.0,0.9892301991841087,0.028077623189120608,0.14077772993212428,1.9844674545084815,99.0,0.7676767676767676,-0.0998595744671532,-0.060533297186015286,98.0,-0.08019643582658424,0.019663138640568956,0.09858854513841177,1.9844674545084815,KNeighborsRegressor,"{'mode': 'proxy', 'type': 'LinearSVR'}",4,"['pe_T6W50', 'l2_T6W50', 'z_pe_T6W50', 'z_l2_T6W50']",0.06605896319976913,0.11587612064192278,98.0,0.09096754192084595,0.024908578721076827,0.12488853292779863,1.9844674545084815,1.4298148610768853,1.4645660116203598,98.0,1.4471904363486225,0.017375575271737297,0.0871189853408864,1.9844674545084815,completed,True,COMPLETE
25,1.260124173379105,2026-06-13 09:08:01.761150,2026-06-13 09:08:20.554167,0 days 00:00:18.793017,,,,,,,,,,,,,,,XGBRegressor,,,,,,21,,,,,,,,True,gbtree,0.6881297927654579,0.2769773095430998,10.0,416.0,5.642953223871804e-08,0.09870115694031281,0.8766890926294708,-0.1972555598783179,-0.16281188877279423,98.0,-0.18003372432555606,0.01722183555276182,0.08634815340500672,1.9844674545084815,1.241071043255201,1.2791773035030092,98.0,1.260124173379105,0.019053130123904184,0.09553003788383034,1.9844674545084815,334039395582158.6,433038152444390.5,98.0,383538774013274.56,49499378431115.91,248183761198267.72,1.9844674545084815,3.552181182930039,3.7457428961461687,98.0,3.648962039538104,0.09678085660806487,0.4852472448397626,1.9844674545084815,1.0744142148098004,1.1341610748490256,98.0,1.104287644829413,0.029873430019612648,0.14978168326857444,1.9844674545084815,99.0,0.9494949494949495,-0.2828180766057979,-0.2165117363679915,98.0,-0.24966490648689468,0.03315317011890318,0.16622589447675049,1.9844674545084815,XGBRegressor,"{'mode': 'original', 'type': 'XGBRegressor'}",21,"['nodes_T6W50', 're_T6W50', 'pe_T6W50', 'l1_T6W50', 'l2_T6W50', 'l3_T6W50', 'lcc_T6W50', 'lsc_T6W50', 'atd_T6W50', 'density_T6W50', 'diameter_T6W50', 'asp_T6W50', 'z_re_T6W50', 'z_pe_T6W50', 'z_l1_T6W50', 'z_l2_T6W50', 'z_l3_T6W50', 'z_lsc_T6W50', 'z_density_T6W50', 'z_diameter_T6W50', 'z_asp_T6W50']",0.02696355078646709,0.07797449719946722,98.0,0.052469023992967156,0.025505473206500068,0.12788128805172402,1.9844674545084815,1.5321494187484772,1.5762101769867605,98.0,1.5541797978676188,0.022030379119141533,0.11045759610943594,1.9844674545084815,completed,True,COMPLETE
26,1.1521144177234157,2026-06-13 09:08:20.566718,2026-06-13 09:09:01.286623,0 days 00:00:40.719905,,,,,,,,,,,,,,,XGBRegressor,,,,,,20,,,,,,,,True,gbtree,0.6117979192597263,0.005102035565208404,5.0,483.0,4.666624480502756,1.286442182600391e-08,0.9342995640947301,-0.08797829675220592,-0.06795387000849543,98.0,-0.07796608338035067,0.010012213371855252,0.05019999950109693,1.9844674545084815,1.1370098279736836,1.1672190074731479,98.0,1.1521144177234157,0.015104589749732066,0.07573254481694297,1.9844674545084815,344574718294874.1,440702865509873.25,98.0,392638791902373.7,48064073607499.56,240987320336149.8,1.9844674545084815,3.1902215189457084,3.280150738864942,98.0,3.235186128905325,0.04496460995961665,0.22544699295811282,1.9844674545084815,0.9975326717299031,1.040467312259928,98.0,1.0189999919949155,0.021467320265012465,0.10763448865591091,1.9844674545084815,99.0,0.6363636363636364,-0.059876430237783926,-0.025045371858263735,98.0,-0.04246090104802383,0.017415529189760096,0.08731930934421311,1.9844674545084815,XGBRegressor,"{'mode': 'original', 'type': 'XGBRegressor'}",20,"['edges_T6W50', 're_T6W50', 'pe_T6W50', 'l1_T6W50', 'l3_T6W50', 'lcc_T6W50', 'lsc_T6W50', 'atd_T6W50', 'density_T6W50', 'diameter_T6W50', 'asp_T6W50', 'z_re_T6W50', 'z_pe_T6W50', 'z_l1_T6W50', 'z_l2_T6W50', 'z_l3_T6W50', 'z_lsc_T6W50', 'z_density_T6W50', 'z_diameter_T6W50', 'z_asp_T6W50']",0.04953019340266415,0.10530611750909266,98.0,0.0774181554558784,0.02788796205321425,0.139826792454639,1.9844674545084815,1.4050600333655232,1.4396926040075588,98.0,1.422376318686541,0.01731628532101772,0.08682171286116584,1.9844674545084815,completed,True,COMPLETE
27,1.0902652511589388,2026-06-13 09:09:01.299090,2026-06-13 09:09:03.185842,0 days 00:00:01.886752,,,,0.08347790852520648,0.901158010490989,,,,,,,,,,ElasticNet,,,,,,2,,,,,,,,False,,,,,,,,,-0.02403675872321829,-0.01583046922580523,98.0,-0.01993361397451176,0.004103144748706532,0.020572660278795972,1.9844674545084815,1.07836395636829,1.1021665459495875,98.0,1.0902652511589388,0.011901294790648772,0.05967162008676509,1.9844674545084815,372352256306018.44,475629865575191.94,98.0,423991060940605.2,51638804634586.77,258910579570794.12,1.9844674545084815,3.121738810464744,3.172166031429313,98.0,3.1469524209470285,0.025213610482284654,0.12641792445110514,1.9844674545084815,0.9711721598833551,0.9903757564371278,98.0,0.9807739581602415,0.00960179827688629,0.04814222897648946,1.9844674545084815,99.0,0.40404040404040403,-0.007881148813777333,0.004187466666394409,98.0,-0.0018468410736914617,0.006034307740085871,0.03025527266461411,1.9844674545084815,ElasticNet,"{'mode': 'original', 'type': 'ElasticNet'}",2,"['pe_T6W50', 'lcc_T6W50']",0.08697435134590438,0.14178710396886784,97.0,0.11438072765738612,0.02740637631148174,0.136698802854856,1.9847231860139845,1.3802183933469347,1.4118307590938914,98.0,1.396024576220413,0.01580618287347828,0.07925024596392789,1.9844674545084815,completed,False,COMPLETE
28,1.1749272394376558,2026-06-13 09:09:03.197947,2026-06-13 09:09:10.698123,0 days 00:00:07.500176,,,,0.0002447220966646715,0.9743948076661665,,,,,,,,,,ElasticNet,,,,,,22,,,,,,,,False,,,,,,,,,-0.11465952605431941,-0.08579309761906216,98.0,-0.10022631183669078,0.014433214217628623,0.07236635093703803,1.9844674545084815,1.1586157847375924,1.191238694137719,98.0,1.1749272394376558,0.01631145470006328,0.08178361640864758,1.9844674545084815,328737118398494.1,424853058625999.1,98.0,376795088512246.6,48057970113752.5,240956718173403.38,1.9844674545084815,3.4455905153758835,3.624960247154327,98.0,3.535275381265105,0.08968486588922185,0.4496688250323049,1.9844674545084815,1.0129611913705987,1.0608609821740473,98.0,1.036911086772323,0.023949895401724233,0.1200818133378532,1.9844674545084815,99.0,0.797979797979798,-0.16179433218320452,-0.10062698070403307,98.0,-0.1312106564436188,0.03058367573958572,0.1533427674628576,1.9844674545084815,ElasticNet,"{'mode': 'original', 'type': 'ElasticNet'}",22,"['nodes_T6W50', 'edges_T6W50', 're_T6W50', 'pe_T6W50', 'l1_T6W50', 'l2_T6W50', 'l3_T6W50', 'lcc_T6W50', 'lsc_T6W50', 'atd_T6W50', 'density_T6W50', 'diameter_T6W50', 'asp_T6W50', 'z_re_T6W50', 'z_pe_T6W50', 'z_l1_T6W50', 'z_l2_T6W50', 'z_l3_T6W50', 'z_lsc_T6W50', 'z_density_T6W50', 'z_diameter_T6W50', 'z_asp_T6W50']",0.02884797554034774,0.08653034093432863,98.0,0.05768915823733818,0.02884118269699044,0.14460612286488705,1.9844674545084815,1.4584536855497359,1.497945360846342,98.0,1.478199523198039,0.01974583764830317,0.0990031877346901,1.9844674545084815,completed,False,COMPLETE
29,1.445562041774163,2026-06-13 09:09:10.761156,2026-06-13 09:09:13.991772,0 days 00:00:03.230616,13.0,5.0,9.0,,,,,,,,,,,,DecisionTreeRegressor,,,,,,20,,,,,,,,True,,,,,,,,,-0.3761448423966256,-0.3323803176147586,98.0,-0.3542625800056921,0.021882262390933514,0.10971495715379322,1.9844674545084815,1.4230390917497597,1.4680849917985663,98.0,1.445562041774163,0.022522950024403205,0.1129272857055346,1.9844674545084815,338248548802378.44,438956418722309.56,98.0,388602483762344.0,50353934959965.54,252468401939395.03,1.9844674545084815,4.204557376543947,4.411500022846787,98.0,4.308028699695367,0.10347132315141983,0.518792416587964,1.9844674545084815,1.2117089539854105,1.2822785400020833,98.0,1.2469937469937469,0.03528479300833636,0.17691358799783294,1.9844674545084815,99.0,1.0,-0.7018206406878055,-0.6024668454673808,98.0,-0.6521437430775932,0.04967689761021229,0.24907382040606726,1.9844674545084815,DecisionTreeRegressor,"{'mode': 'original', 'type': 'DecisionTreeRegressor'}",20,"['nodes_T6W50', 'edges_T6W50', 're_T6W50', 'pe_T6W50', 'l2_T6W50', 'lcc_T6W50', 'lsc_T6W50', 'atd_T6W50', 'density_T6W50', 'diameter_T6W50', 'asp_T6W50', 'z_re_T6W50', 'z_pe_T6W50', 'z_l1_T6W50', 'z_l2_T6W50', 'z_l3_T6W50', 'z_lsc_T6W50', 'z_density_T6W50', 'z_diameter_T6W50', 'z_asp_T6W50']",-0.02459206099074933,0.023976078226739972,98.0,-0.00030799138200467824,0.02428406960874465,0.12175732148002495,1.9844674545084815,1.7596427643117576,1.8100636327399038,98.0,1.7848531985258307,0.025210434214073162,0.12640199903514462,1.9844674545084815,completed,True,COMPLETE
30,1.1202439428287243,2026-06-13 09:09:14.006384,2026-06-13 09:09:38.699613,0 days 00:00:24.693229,,,,,,10.0,log2,2.0,6.0,428.0,,,,,ExtraTreesRegressor,,,,,,22,,,,,,,,True,,,,,,,,,-0.05595946766966254,-0.040272464556080724,98.0,-0.04811596611287163,0.00784350155679091,0.0393263466941872,1.9844674545084815,1.1067066496422107,1.133781236015238,98.0,1.1202439428287243,0.0135372931865136,0.0678743136976576,1.9844674545084815,343145855867836.6,439693810551239.1,98.0,391419833209537.9,48273977341701.23,242039751697812.75,1.9844674545084815,3.120289007673711,3.1960230877688067,98.0,3.158156047721259,0.037867040047547616,0.18986065527113996,1.9844674545084815,0.997386693122493,1.0318765117110218,98.0,1.0146316024167574,0.01724490929426443,0.08646384229106016,1.9844674545084815,99.0,0.43434343434343436,-0.012514227667503111,0.013882231682781375,98.0,0.0006840020076391323,0.013198229675142243,0.06617429118819641,1.9844674545084815,ExtraTreesRegressor,"{'mode': 'original', 'type': 'ExtraTreesRegressor'}",22,"['nodes_T6W50', 'edges_T6W50', 're_T6W50', 'pe_T6W50', 'l1_T6W50', 'l2_T6W50', 'l3_T6W50', 'lcc_T6W50', 'lsc_T6W50', 'atd_T6W50', 'density_T6W50', 'diameter_T6W50', 'asp_T6W50', 'z_re_T6W50', 'z_pe_T6W50', 'z_l1_T6W50', 'z_l2_T6W50', 'z_l3_T6W50', 'z_lsc_T6W50', 'z_density_T6W50', 'z_diameter_T6W50', 'z_asp_T6W50']",0.09018423088357788,0.14196458276445062,98.0,0.11607440682401425,0.025890175940436376,0.12981013997830804,1.9844674545084815,1.377119345455792,1.4092861496130547,98.0,1.3932027475344233,0.01608340207863143,0.08064018877112997,1.9844674545084815,completed,True,COMPLETE
31,1.1170241297128642,2026-06-13 09:09:38.712487,2026-06-13 09:09:40.837267,0 days 00:00:02.124780,,,,,,,,,,,,,,,LinearRegression,,,,,,6,,,,,,,,True,,,,,,,,,-0.05464970913791245,-0.034848757803239164,98.0,-0.04474923347057581,0.009900475667336641,0.04963976047074868,1.9844674545084815,1.1008532494791898,1.1331950099465387,98.0,1.1170241297128642,0.016170880233674304,0.08107879342091236,1.9844674545084815,359295125358096.1,461693980615021.9,98.0,410494552986559.0,51199427628462.91,256707597605765.88,1.9844674545084815,3.3241222188376636,3.4752878016347513,98.0,3.3997050102362074,0.07558279139854376,0.37896276772968324,1.9844674545084815,0.964760153650221,0.9933797610500781,98.0,0.9790699573501496,0.014309803699928554,0.0717475858651321,1.9844674545084815,99.0,0.6161616161616161,-0.06520070783507226,-0.020749046424902808,98.0,-0.04297487712998753,0.022225830705084722,0.1114375661872229,1.9844674545084815,LinearRegression,"{'mode': 'original', 'type': 'LinearRegression'}",6,"['nodes_T6W50', 'pe_T6W50', 'l2_T6W50', 'lcc_T6W50', 'z_pe_T6W50', 'z_l2_T6W50']",0.051073525516769275,0.10285228012815004,98.0,0.07696290282245966,0.025889377305690384,0.12980613572246957,1.9844674545084815,1.4015766811326327,1.4440487640325352,98.0,1.422812722582584,0.02123604144995138,0.10647488528256316,1.9844674545084815,completed,True,COMPLETE
32,1.3238667930033892,2026-06-13 09:09:40.849192,2026-06-13 09:09:43.836599,0 days 00:00:02.987407,12.0,3.0,18.0,,,,,,,,,,,,DecisionTreeRegressor,,,,,,4,,,,,,,,True,,,,,,,,,-0.2590913911984994,-0.2208576914110601,98.0,-0.23997454130477974,0.019116849893719645,0.09584952092860223,1.9844674545084815,1.303241920985409,1.3444916650213694,98.0,1.3238667930033892,0.020624872017980314,0.10341055734222204,1.9844674545084815,317042839651010.4,424781353386207.1,98.0,370912096518608.75,53869256867598.375,270093791197021.72,1.9844674545084815,3.8485664111865487,4.033779349278641,98.0,3.9411728802325947,0.0926064690460461,0.464317381906578,1.9844674545084815,1.099543435370346,1.158936303679803,98.0,1.1292398695250745,0.029696434154728453,0.14889424789350947,1.9844674545084815,99.0,0.9797979797979798,-0.43762616669321097,-0.3580385983270331,98.0,-0.39783238251012204,0.03979378418308895,0.19952111206032583,1.9844674545084815,DecisionTreeRegressor,"{'mode': 'original', 'type': 'DecisionTreeRegressor'}",4,"['re_T6W50', 'pe_T6W50', 'diameter_T6W50', 'z_asp_T6W50']",0.022403458916682016,0.0730188995172292,98.0,0.04771117921695561,0.025307720300273596,0.126889779438672,1.9844674545084815,1.6189698061760371,1.6658325890597914,98.0,1.6424011976179143,0.02343139144187722,0.11748209861355406,1.9844674545084815,completed,True,COMPLETE
33,1.1057722379226747,2026-06-13 09:09:43.851324,2026-06-13 09:09:46.289874,0 days 00:00:02.438550,,,,0.015394819813084208,0.9041586944937484,,,,,,,,,,ElasticNet,,,,,,9,,,,,,,,True,,,,,,,,,-0.042234406013509,-0.027012754834684058,98.0,-0.03462358042409653,0.00761082558941247,0.0381597381719249,1.9844674545084815,1.09259518328307,1.1189492925622793,98.0,1.1057722379226747,0.01317705463960455,0.06606812217901249,1.9844674545084815,359330162536546.75,460164208133982.9,98.0,409747185335264.8,50417022798718.09,252784716559976.94,1.9844674545084815,3.230416696875217,3.365528144122788,98.0,3.2979724204990024,0.06755572362378542,0.3387160427227158,1.9844674545084815,0.9778365036221447,1.0096590107674699,98.0,0.9937477571948072,0.015911253572662546,0.07977705745412814,1.9844674545084815,99.0,0.5454545454545454,-0.031678543217122775,-0.004628593497031062,98.0,-0.01815356835707692,0.013524974860045856,0.06781255113232182,1.9844674545084815,ElasticNet,"{'mode': 'original', 'type': 'ElasticNet'}",9,"['edges_T6W50', 'pe_T6W50', 'l2_T6W50', 'lcc_T6W50', 'lsc_T6W50', 'atd_T6W50', 'diameter_T6W50', 'z_density_T6W50', 'z_asp_T6W50']",0.059103681905436065,0.11256453382674943,98.0,0.08583410786609275,0.02673042596065668,0.13402304965464668,1.9844674545084815,1.3902346764486642,1.4220270339700862,98.0,1.4061308552093752,0.015896178760710988,0.07970147421150824,1.9844674545084815,completed,True,COMPLETE
34,1.1279986318996276,2026-06-13 09:09:46.302405,2026-06-13 09:09:49.259592,0 days 00:00:02.957187,,,,,,,,,,,euclidean,10.0,distance,,KNeighborsRegressor,,,,,,4,3.0,1.0,3.0,20.0,,,ExtraTrees,,,,,,,,,,-0.06593937783655597,-0.04420719773037676,98.0,-0.05507328778346637,0.010866090053089604,0.05448123157036715,1.9844674545084815,1.1112816586724756,1.1447156051267795,98.0,1.1279986318996276,0.01671697322715188,0.08381683614752747,1.9844674545084815,352939081185598.25,453198728934250.0,98.0,403068905059924.1,50129823874325.91,251344736674836.75,1.9844674545084815,3.289128775283452,3.404958376356164,98.0,3.347043575819808,0.057914800536356045,0.29037764678525607,1.9844674545084815,0.9322334844118263,0.9775703464211019,98.0,0.9549019154164641,0.022668431004637814,0.11365670934683711,1.9844674545084815,99.0,0.5858585858585859,-0.05543565328472973,-0.016801652994257888,98.0,-0.036118653139493806,0.019317000145235918,0.09685304953442533,1.9844674545084815,KNeighborsRegressor,"{'mode': 'proxy', 'type': 'ExtraTrees'}",4,"['nodes_T6W50', 'edges_T6W50', 'pe_T6W50', 'l3_T6W50']",0.08453967633793513,0.13990906552072505,98.0,0.11222437092933009,0.02768469459139495,0.13880763454190392,1.9844674545084815,1.398371303942559,1.4380268433285763,98.0,1.4181990736355676,0.0198277696930087,0.09941398487320328,1.9844674545084815,completed,True,COMPLETE
35,1.1238148252046218,2026-06-13 09:09:49.273222,2026-06-13 09:10:06.873915,0 days 00:00:17.600693,,,,,,,,,,,,,,,RandomForestRegressor,5.0,sqrt,1.0,2.0,175.0,12,,,,,,,,False,,,,,,,,,-0.06076164791729483,-0.042365867620365254,98.0,-0.05156375776883004,0.00919789014846479,0.04611708357734669,1.9844674545084815,1.109697483104612,1.1379321673046316,98.0,1.1238148252046218,0.014117342100009892,0.07078260720746024,1.9844674545084815,343049101984089.56,440111872998215.06,98.0,391580487491152.3,48531385507062.734,243330364401797.88,1.9844674545084815,3.1367936499028435,3.237872909460065,98.0,3.187333279681454,0.05053962977861089,0.25339945279270154,1.9844674545084815,0.9950308135325213,1.0329790856894259,98.0,1.0140049496109735,0.018974136078452254,0.09513397151019275,1.9844674545084815,99.0,0.48484848484848486,-0.01776336997887119,0.011991478905748365,98.0,-0.0028859455365614116,0.014877424442309778,0.07459356606212321,1.9844674545084815,RandomForestRegressor,"{'mode': 'original', 'type': 'RandomForestRegressor'}",12,"['re_T6W50', 'pe_T6W50', 'l3_T6W50', 'lsc_T6W50', 'atd_T6W50', 'density_T6W50', 'diameter_T6W50', 'asp_T6W50', 'z_re_T6W50', 'z_lsc_T6W50', 'z_density_T6W50', 'z_asp_T6W50']",0.08530850509659268,0.13854095389254417,98.0,0.11192472949456843,0.026616224397975747,0.13345045714421108,1.9844674545084815,1.3789843679045264,1.4118738330312244,98.0,1.3954291004678754,0.01644473256334905,0.08245185513089259,1.9844674545084815,completed,False,COMPLETE
