number,value,datetime_start,datetime_complete,duration,params_dt_max_depth,params_dt_min_samples_leaf,params_dt_min_samples_split,params_elastic_alpha,params_elastic_l1_ratio,params_et_max_depth,params_et_max_features,params_et_min_samples_leaf,params_et_min_samples_split,params_et_n_estimators,params_knn_metric,params_knn_n_neighbors,params_knn_weights,params_quantile_alpha,params_regressor,params_rf_max_depth,params_rf_max_features,params_rf_min_samples_leaf,params_rf_min_samples_split,params_rf_n_estimators,params_rfe_n_features,params_rfe_proxy_et_max_depth,params_rfe_proxy_et_min_samples_leaf,params_rfe_proxy_et_min_samples_split,params_rfe_proxy_et_n_estimators,params_rfe_proxy_lsvr_C,params_rfe_proxy_lsvr_epsilon,params_rfe_proxy_type,params_use_scaler,params_xgb_booster,params_xgb_colsample_bytree,params_xgb_learning_rate,params_xgb_max_depth,params_xgb_n_estimators,params_xgb_reg_alpha,params_xgb_reg_lambda,params_xgb_subsample,user_attrs_d2mae_ci_lower_val,user_attrs_d2mae_ci_upper_val,user_attrs_d2mae_df_val,user_attrs_d2mae_mean_val,user_attrs_d2mae_samperror_val,user_attrs_d2mae_std_val,user_attrs_d2mae_t_critical_val,user_attrs_mae_ci_lower_val,user_attrs_mae_ci_upper_val,user_attrs_mae_df_val,user_attrs_mae_mean_val,user_attrs_mae_samperror_val,user_attrs_mae_std_val,user_attrs_mae_t_critical_val,user_attrs_mape_ci_lower_val,user_attrs_mape_ci_upper_val,user_attrs_mape_df_val,user_attrs_mape_mean_val,user_attrs_mape_samperror_val,user_attrs_mape_std_val,user_attrs_mape_t_critical_val,user_attrs_max_error_ci_lower_val,user_attrs_max_error_ci_upper_val,user_attrs_max_error_df_val,user_attrs_max_error_mean_val,user_attrs_max_error_samperror_val,user_attrs_max_error_std_val,user_attrs_max_error_t_critical_val,user_attrs_median_ae_ci_lower_val,user_attrs_median_ae_ci_upper_val,user_attrs_median_ae_df_val,user_attrs_median_ae_mean_val,user_attrs_median_ae_samperror_val,user_attrs_median_ae_std_val,user_attrs_median_ae_t_critical_val,user_attrs_n_splits_val,user_attrs_r2_below_zero_val,user_attrs_r2_ci_lower_val,user_attrs_r2_ci_upper_val,user_attrs_r2_df_val,user_attrs_r2_mean_val,user_attrs_r2_samperror_val,user_attrs_r2_std_val,user_attrs_r2_t_critical_val,user_attrs_regressor_final,user_attrs_rfe_estimator,user_attrs_rfe_n_features,user_attrs_rfe_selected_features,user_attrs_rho_ci_lower_val,user_attrs_rho_ci_upper_val,user_attrs_rho_df_val,user_attrs_rho_mean_val,user_attrs_rho_samperror_val,user_attrs_rho_std_val,user_attrs_rho_t_critical_val,user_attrs_rmse_ci_lower_val,user_attrs_rmse_ci_upper_val,user_attrs_rmse_df_val,user_attrs_rmse_mean_val,user_attrs_rmse_samperror_val,user_attrs_rmse_std_val,user_attrs_rmse_t_critical_val,user_attrs_termination_reason,user_attrs_use_scaler_final,state
49,1.0691225985343633,2026-06-13 09:11:34.771077,2026-06-13 09:11:37.023167,0 days 00:00:02.252090,,,,,,,,,,,,,,4.244656636175243,QuantileRegressor,,,,,,11,,,,,,,,False,,,,,,,,,0.0,0.0,98.0,0.0,0.0,0.0,1.9844674545084815,1.0575870578016928,1.0806581392670338,98.0,1.0691225985343633,0.011535540732670515,0.05783777447779657,1.9844674545084815,378756762949842.25,482894502655208.6,98.0,430825632802525.44,52068869852683.18,261066873382366.97,1.9844674545084815,3.0,3.0,98.0,3.0,0.0,0.0,1.9844674545084815,1.0,1.0,98.0,1.0,0.0,0.0,1.9844674545084815,99.0,0.9191919191919192,-0.004402232239554242,-0.002812910014847294,98.0,-0.003607571127200768,0.0007946611123534741,0.00398433253088908,1.9844674545084815,QuantileRegressor,"{'mode': 'original', 'type': 'QuantileRegressor'}",11,"['diameter_T6W50', 'asp_T6W50', 'z_re_T6W50', 'z_pe_T6W50', 'z_l1_T6W50', 'z_l2_T6W50', 'z_l3_T6W50', 'z_lsc_T6W50', 'z_density_T6W50', 'z_diameter_T6W50', 'z_asp_T6W50']",,,,,,,,1.3817940130923385,1.413236739470511,98.0,1.3975153762814247,0.01572136318908618,0.07882497055717957,1.9844674545084815,completed,False,COMPLETE
50,1.1000901078534504,2026-06-13 09:11:37.035732,2026-06-13 09:11:38.902507,0 days 00:00:01.866775,,,,0.004742269251269964,0.8028534485980114,,,,,,,,,,ElasticNet,,,,,,2,,,,,,,,True,,,,,,,,,-0.03455830202550286,-0.023525891700611735,98.0,-0.0290420968630573,0.005516205162445565,0.02765757042105505,1.9844674545084815,1.087166443094663,1.1130137726122378,98.0,1.1000901078534504,0.012923664758787383,0.0647976566567373,1.9844674545084815,373239482400932.7,476933252930795.2,98.0,425086367665863.94,51846885264931.266,259953870115205.03,1.9844674545084815,3.1601938075841747,3.2236170506988437,98.0,3.191905429141509,0.03171162155733464,0.1589981482847875,1.9844674545084815,0.9666541268741484,0.9881297698593128,98.0,0.9773919483667306,0.010737821492582223,0.05383810887268498,1.9844674545084815,99.0,0.5151515151515151,-0.02134321483920702,-0.003806859884343306,98.0,-0.012575037361775163,0.008768177477431856,0.04396255739314582,1.9844674545084815,ElasticNet,"{'mode': 'original', 'type': 'ElasticNet'}",2,"['lcc_T6W50', 'lsc_T6W50']",0.0625361110619069,0.1161547053165495,98.0,0.0893454081892282,0.026809297127321295,0.13441849992924274,1.9844674545084815,1.3867513827726006,1.419995476856395,98.0,1.4033734298144978,0.016622047041897254,0.08334088799546163,1.9844674545084815,completed,True,COMPLETE
51,1.1206955443642965,2026-06-13 09:11:38.936643,2026-06-13 09:11:50.130344,0 days 00:00:11.193701,,,,,,,,,,,,,,,RandomForestRegressor,5.0,sqrt,3.0,7.0,113.0,15,,,,,,,,False,,,,,,,,,-0.05709597167983114,-0.04031995257090997,98.0,-0.048707962125370555,0.008388009554460582,0.042056442447859284,1.9844674545084815,1.1074018906915262,1.1339891980370669,98.0,1.1206955443642965,0.013293653672770318,0.06665273530993154,1.9844674545084815,340288690939109.0,435927658106745.75,98.0,388108174522927.4,47819483583818.39,239760976209157.53,1.9844674545084815,3.1326371912234356,3.219173832469831,98.0,3.1759055118466333,0.04326832062319773,0.21694200802827535,1.9844674545084815,0.9879478515235219,1.0292262621294594,98.0,1.0085870568264907,0.020639205302968793,0.10348242266036371,1.9844674545084815,99.0,0.46464646464646464,-0.015031052397042215,0.013066808825392694,98.0,-0.0009821217858247595,0.014048930611217455,0.0704396004640259,1.9844674545084815,RandomForestRegressor,"{'mode': 'original', 'type': 'RandomForestRegressor'}",15,"['re_T6W50', 'pe_T6W50', 'l1_T6W50', 'l3_T6W50', 'lcc_T6W50', 'lsc_T6W50', 'density_T6W50', 'diameter_T6W50', 'asp_T6W50', 'z_re_T6W50', 'z_pe_T6W50', 'z_lsc_T6W50', 'z_density_T6W50', 'z_diameter_T6W50', 'z_asp_T6W50']",0.08760239803451007,0.1398672520300377,98.0,0.11373482503227388,0.026132426997763806,0.13102475681729414,1.9844674545084815,1.378347453809639,1.409826540044632,98.0,1.3940869969271354,0.01573954311749655,0.07891612246967236,1.9844674545084815,completed,False,COMPLETE
52,1.0888653362970773,2026-06-13 09:11:50.142928,2026-06-13 09:11:52.264691,0 days 00:00:02.121763,,,,,,,,,,,,,,,XGBRegressor,,,,,,3,,,,,,,,False,gblinear,0.6025698202410036,0.0033110184908801267,8.0,80.0,5.202229242282237e-07,2.1327846708235122e-08,0.9490271447203569,-0.019961720404475806,-0.017383987963079956,98.0,-0.01867285418377788,0.0012888662206979244,0.006462215819120869,1.9844674545084815,1.0779080725766776,1.099822600017477,98.0,1.0888653362970773,0.010957263720399587,0.054938365061583005,1.9844674545084815,367950004052092.1,469807697950134.6,98.0,418878851001113.4,50928846949021.26,255350939545405.3,1.9844674545084815,3.0877302137704112,3.1048596809192834,98.0,3.0962949473448473,0.00856473357443623,0.042942514826175504,1.9844674545084815,0.9353320655298012,0.9538523419837499,98.0,0.9445922037567756,0.009260138226974385,0.046429187743934876,1.9844674545084815,99.0,0.7676767676767676,-0.005911303423910208,-0.003511183049213295,98.0,-0.0047112432365617515,0.0012000601873484566,0.006016953351745824,1.9844674545084815,XGBRegressor,"{'mode': 'original', 'type': 'XGBRegressor'}",3,"['pe_T6W50', 'l1_T6W50', 'z_pe_T6W50']",-0.07426620097058223,-0.025250547423300945,98.0,-0.04975837419694159,0.024507826773640645,0.12287921222974879,1.9844674545084815,1.3828849091678597,1.4134123009565556,98.0,1.3981486050622076,0.015263695894348056,0.076530283347246,1.9844674545084815,completed,False,COMPLETE
53,1.1333063412366988,2026-06-13 09:11:52.277017,2026-06-13 09:11:54.036207,0 days 00:00:01.759190,,,,,,,,,,,,,,,LinearRegression,,,,,,9,,,,,,,,False,,,,,,,,,-0.068720061247385,-0.051540211131971124,98.0,-0.06013013618967806,0.008589925057706935,0.04306882180752453,1.9844674545084815,1.1184510431813341,1.1481616392920635,98.0,1.1333063412366988,0.014855298055364601,0.07448262709464862,1.9844674545084815,363119563950949.94,467552584030982.06,98.0,415336073990966.0,52216510040016.08,261807123021002.06,1.9844674545084815,3.4196257670017127,3.6321531460788687,98.0,3.5258894565402907,0.10626368953857808,0.5327929962835853,1.9844674545084815,0.9724836639961852,1.0052326574199633,98.0,0.9888581607080743,0.016374496711889026,0.0820997012586865,1.9844674545084815,99.0,0.7575757575757576,-0.0909194111198987,-0.055188102438241335,98.0,-0.07305375677907001,0.017865654340828676,0.08957618117862617,1.9844674545084815,LinearRegression,"{'mode': 'original', 'type': 'LinearRegression'}",9,"['nodes_T6W50', 'edges_T6W50', 'pe_T6W50', 'l2_T6W50', 'atd_T6W50', 'density_T6W50', 'z_pe_T6W50', 'z_l2_T6W50', 'z_lsc_T6W50']",-0.015259762155575144,0.038933247400310386,98.0,0.011836742622367622,0.027096504777942766,0.1358585235666173,1.9844674545084815,1.4251005760371354,1.4613674629545383,98.0,1.4432340194958369,0.01813344345870156,0.09091884269455099,1.9844674545084815,completed,False,COMPLETE
54,1.1648248028795511,2026-06-13 09:11:54.048649,2026-06-13 09:11:54.168386,0 days 00:00:00.119737,,,,,,,,,,,minkowski,5.0,distance,,KNeighborsRegressor,,,,,,7,,,,,0.008968733598183252,0.00024989960578908907,LinearSVR,,,,,,,,,,,,,,,,,,,,,,,,,,,,,,,,,,,,,,,,,,,,,,,,,,,,,,KNeighborsRegressor,"{'mode': 'proxy', 'type': 'LinearSVR'}",7,"['nodes_T6W50', 'edges_T6W50', 're_T6W50', 'pe_T6W50', 'lcc_T6W50', 'diameter_T6W50', 'asp_T6W50']",,,,,,,,,,,,,,,pruned,True,PRUNED
55,1.0798240417205456,2026-06-13 09:11:54.177655,2026-06-13 09:12:00.162763,0 days 00:00:05.985108,,,,,,,,,,,,,,,XGBRegressor,,,,,,9,,,,,,,,False,gbtree,0.7107122752962489,0.0028147353837328012,2.0,143.0,1.0815470066957966,0.22750558138165483,0.7915207804848461,-0.012551113584767312,-0.007561033893907993,98.0,-0.010056073739337652,0.002495039845429659,0.012509821189775241,1.9844674545084815,1.0681006201734526,1.0915474632676385,98.0,1.0798240417205456,0.011723421547093028,0.05877978564355823,1.9844674545084815,362475096326950.9,462973782332003.1,98.0,412724439329477.0,50249343002526.09,251943990801090.88,1.9844674545084815,3.0656672605972775,3.095465643416925,98.0,3.080566452007101,0.014899191409823577,0.07470270294502313,1.9844674545084815,0.9816051243130027,0.9948521054553842,98.0,0.9882286148841934,0.0066234905711907216,0.033209362507591336,1.9844674545084815,99.0,0.2222222222222222,0.00782557550050565,0.01532441915577737,98.0,0.01157499732814151,0.0037494218276358598,0.018799137302229204,1.9844674545084815,XGBRegressor,"{'mode': 'original', 'type': 'XGBRegressor'}",9,"['re_T6W50', 'pe_T6W50', 'l3_T6W50', 'lsc_T6W50', 'density_T6W50', 'diameter_T6W50', 'z_re_T6W50', 'z_density_T6W50', 'z_asp_T6W50']",0.11073402354346282,0.16468478354561714,98.0,0.13770940354453998,0.026975380001077163,0.13525121891654698,1.9844674545084815,1.3712899193936166,1.4022314826087234,98.0,1.38676070100117,0.015470781607553484,0.07756858550017649,1.9844674545084815,completed,False,COMPLETE
56,1.1090111911273235,2026-06-13 09:12:00.206235,2026-06-13 09:12:03.397121,0 days 00:00:03.190886,,,,,,,,,,,,,,,XGBRegressor,,,,,,7,,,,,,,,True,gblinear,0.7126067522346167,0.1644047400164349,6.0,441.0,1.5930293410397775e-08,2.6187632305518894e-06,0.8999276279736577,-0.046018809037911335,-0.02880496250752167,98.0,-0.0374118857727165,0.00860692326519483,0.04315404871747139,1.9844674545084815,1.0943182930491142,1.1237040892055328,98.0,1.1090111911273235,0.014692898078209192,0.0736683736953856,1.9844674545084815,359252111079757.0,460866655320183.5,98.0,410059383199970.25,50807272120213.234,254741378390559.72,1.9844674545084815,3.3224206988028704,3.4982126846084793,98.0,3.410316691705675,0.08789599290280439,0.44069963713244265,1.9844674545084815,0.9718761106359561,1.0023298215959084,98.0,0.9871029661159323,0.015226855479976199,0.07634557006613613,1.9844674545084815,99.0,0.5555555555555556,-0.035946369614196075,-0.004317788986032758,98.0,-0.020132079300114417,0.015814290314081658,0.07929089566835676,1.9844674545084815,XGBRegressor,"{'mode': 'original', 'type': 'XGBRegressor'}",7,"['nodes_T6W50', 'edges_T6W50', 'pe_T6W50', 'l2_T6W50', 'lsc_T6W50', 'atd_T6W50', 'z_pe_T6W50']",0.07739578110045908,0.13220460893780497,98.0,0.10480019501913203,0.02740441391867295,0.1374023419149646,1.9844674545084815,1.3898665719014767,1.4250774260567327,98.0,1.4074719989791047,0.017605427077628005,0.08827143386675133,1.9844674545084815,completed,True,COMPLETE
57,1.0970543045473713,2026-06-13 09:12:03.410359,2026-06-13 09:12:06.249026,0 days 00:00:02.838667,,,,,,,,,,,,,,0.0023457196365169446,QuantileRegressor,,,,,,13,,,,,,,,False,,,,,,,,,-0.0336480518971911,-0.018718225451576677,98.0,-0.026183138674383887,0.007464913222807212,0.03742815161271531,1.9844674545084815,1.0829621311272968,1.1111464779674458,98.0,1.0970543045473713,0.014092173420074476,0.07065641455921397,1.9844674545084815,359459654663516.06,458430443768425.8,98.0,408945049215970.94,49485394552454.85,248113647760235.97,1.9844674545084815,3.2161676670626798,3.34358864075724,98.0,3.27987815390996,0.06371048684728017,0.31943650111758176,1.9844674545084815,0.9818694602959476,1.0082601134538656,98.0,0.9950647868749065,0.01319532657895899,0.06615973542299862,1.9844674545084815,99.0,0.6363636363636364,-0.03491748139121636,-0.010858880546289142,98.0,-0.02288818096875275,0.012029300422463607,0.06031342449250276,1.9844674545084815,QuantileRegressor,"{'mode': 'original', 'type': 'QuantileRegressor'}",13,"['nodes_T6W50', 'edges_T6W50', 're_T6W50', 'pe_T6W50', 'l1_T6W50', 'l2_T6W50', 'l3_T6W50', 'lsc_T6W50', 'diameter_T6W50', 'z_l2_T6W50', 'z_l3_T6W50', 'z_density_T6W50', 'z_asp_T6W50']",0.017365043933061805,0.07466858420064988,98.0,0.04601681406685584,0.02865177013379404,0.14365643170022513,1.9844674545084815,1.393344657512616,1.4264195726023494,98.0,1.4098821150574827,0.0165374575448666,0.08291676671967325,1.9844674545084815,completed,False,COMPLETE
58,1.1357923122629003,2026-06-13 09:12:06.261390,2026-06-13 09:12:08.307765,0 days 00:00:02.046375,,,,,,,,,,,euclidean,13.0,uniform,,KNeighborsRegressor,,,,,,7,10.0,4.0,2.0,30.0,,,ExtraTrees,,,,,,,,,,-0.07195380951057626,-0.05354450808986066,98.0,-0.06274915880021846,0.009204650710357802,0.04615098019850845,1.9844674545084815,1.121539576418447,1.1500450481073536,98.0,1.1357923122629003,0.014252735844453296,0.07146145469613008,1.9844674545084815,327467632033474.9,420147608453277.6,98.0,373807620243376.25,46339988209901.35,232342969393472.97,1.9844674545084815,3.1395768278967062,3.224059535739656,98.0,3.181818181818181,0.04224135392147499,0.21179292400465236,1.9844674545084815,1.008764782413758,1.0549492813003059,98.0,1.031857031857032,0.02309224944327403,0.11578168257882004,1.9844674545084815,99.0,0.5353535353535354,-0.03149835078983618,-0.0017789167929015224,98.0,-0.01663863379136885,0.014859716998467326,0.07450478312881542,1.9844674545084815,KNeighborsRegressor,"{'mode': 'proxy', 'type': 'ExtraTrees'}",7,"['re_T6W50', 'pe_T6W50', 'l3_T6W50', 'lcc_T6W50', 'lsc_T6W50', 'z_lsc_T6W50', 'z_density_T6W50']",0.08552362453592258,0.13219029854880784,98.0,0.10885696154236521,0.023333337006442627,0.11699046580199875,1.9844674545084815,1.3890306113242044,1.420431839430779,98.0,1.4047312253774917,0.015700614053287296,0.07872093695660928,1.9844674545084815,completed,True,COMPLETE
59,1.1044333954324492,2026-06-13 09:12:08.320551,2026-06-13 09:12:23.491417,0 days 00:00:15.170866,,,,,,,,,,,,,,,RandomForestRegressor,2.0,,3.0,4.0,146.0,9,,,,,,,,True,,,,,,,,,-0.041234595786789105,-0.025387675702658704,98.0,-0.033311135744723906,0.007923460042065202,0.03972724864980884,1.9844674545084815,1.0909125366675916,1.1179542541973069,98.0,1.1044333954324492,0.01352085876485767,0.06779191354014123,1.9844674545084815,348179199228874.8,445515686632107.7,98.0,396847442930491.25,48668243701616.44,244016554462192.47,1.9844674545084815,3.1318077202700354,3.208181932425933,98.0,3.1699948263479842,0.03818710607794897,0.19146542676069211,1.9844674545084815,0.9747645589456273,1.0061480740034356,98.0,0.9904563164745315,0.01569175752890417,0.07867653143875805,1.9844674545084815,99.0,0.3838383838383838,-0.005935127470103705,0.02041700557663012,98.0,0.007240939053263207,0.013176066523366912,0.06606316788641063,1.9844674545084815,RandomForestRegressor,"{'mode': 'original', 'type': 'RandomForestRegressor'}",9,"['re_T6W50', 'pe_T6W50', 'l3_T6W50', 'lsc_T6W50', 'diameter_T6W50', 'z_pe_T6W50', 'z_lsc_T6W50', 'z_density_T6W50', 'z_asp_T6W50']",0.10680560294255528,0.16395534820835092,98.0,0.1353804755754531,0.02857487263289781,0.1432708771416819,1.9844674545084815,1.3724987458722746,1.4048552804053036,98.0,1.388677013138789,0.01617826726651444,0.08111583108991885,1.9844674545084815,completed,True,COMPLETE
60,1.206844521217342,2026-06-13 09:12:23.504887,2026-06-13 09:12:23.638430,0 days 00:00:00.133543,,,,,,,,,,,,,,,LinearRegression,,,,,,16,,,,,,,,True,,,,,,,,,,,,,,,,,,,,,,,,,,,,,,,,,,,,,,,,,,,,,,,,,,,,,LinearRegression,"{'mode': 'original', 'type': 'LinearRegression'}",16,"['nodes_T6W50', 'edges_T6W50', 're_T6W50', 'pe_T6W50', 'l2_T6W50', 'lcc_T6W50', 'lsc_T6W50', 'atd_T6W50', 'density_T6W50', 'diameter_T6W50', 'asp_T6W50', 'z_pe_T6W50', 'z_l2_T6W50', 'z_density_T6W50', 'z_diameter_T6W50', 'z_asp_T6W50']",,,,,,,,,,,,,,,pruned,True,PRUNED
61,1.4261146152322621,2026-06-13 09:12:23.647654,2026-06-13 09:12:23.801254,0 days 00:00:00.153600,18.0,5.0,15.0,,,,,,,,,,,,DecisionTreeRegressor,,,,,,15,,,,,,,,False,,,,,,,,,,,,,,,,,,,,,,,,,,,,,,,,,,,,,,,,,,,,,,,,,,,,,DecisionTreeRegressor,"{'mode': 'original', 'type': 'DecisionTreeRegressor'}",15,"['edges_T6W50', 're_T6W50', 'pe_T6W50', 'density_T6W50', 'diameter_T6W50', 'asp_T6W50', 'z_re_T6W50', 'z_pe_T6W50', 'z_l1_T6W50', 'z_l2_T6W50', 'z_l3_T6W50', 'z_lsc_T6W50', 'z_density_T6W50', 'z_diameter_T6W50', 'z_asp_T6W50']",,,,,,,,,,,,,,,pruned,False,PRUNED
62,1.1248167954050308,2026-06-13 09:12:23.812490,2026-06-13 09:12:25.715689,0 days 00:00:01.903199,,,,,,,,,,,manhattan,15.0,uniform,,KNeighborsRegressor,,,,,,20,12.0,3.0,12.0,80.0,,,ExtraTrees,,,,,,,,,,-0.060250057830044,-0.044545454719332966,98.0,-0.052397756274688484,0.007852301555355516,0.03937046879857569,1.9844674545084815,1.1112223853535583,1.1384112054565032,98.0,1.1248167954050308,0.013594410051472406,0.06816069059414848,1.9844674545084815,342035111522142.6,436364824072758.75,98.0,389199967797450.7,47164856275308.07,236478755850869.97,1.9844674545084815,3.0259142512811286,3.1006850753181974,98.0,3.063299663299663,0.0373854120185345,0.18744583190309855,1.9844674545084815,0.9693301104822044,1.0091210679689737,98.0,0.9892255892255891,0.019895478743384657,0.0997534696772974,1.9844674545084815,99.0,0.3939393939393939,-0.004620380146944037,0.02234432557855828,98.0,0.008861972715807121,0.013482352862751158,0.06759884970952312,1.9844674545084815,KNeighborsRegressor,"{'mode': 'proxy', 'type': 'ExtraTrees'}",20,"['nodes_T6W50', 'edges_T6W50', 're_T6W50', 'pe_T6W50', 'l1_T6W50', 'l2_T6W50', 'l3_T6W50', 'lcc_T6W50', 'lsc_T6W50', 'density_T6W50', 'diameter_T6W50', 'asp_T6W50', 'z_re_T6W50', 'z_pe_T6W50', 'z_l1_T6W50', 'z_l3_T6W50', 'z_lsc_T6W50', 'z_density_T6W50', 'z_diameter_T6W50', 'z_asp_T6W50']",0.11815384806303211,0.1665382411440103,98.0,0.1423460446035212,0.02419219654048909,0.12129668127897232,1.9844674545084815,1.371170453860387,1.4038079812537367,98.0,1.387489217557062,0.016318763696674805,0.08182026281365562,1.9844674545084815,completed,True,COMPLETE
63,1.1832755325795146,2026-06-13 09:12:25.728103,2026-06-13 09:12:25.831410,0 days 00:00:00.103307,,,,,,,,,,,,,,,LinearRegression,,,,,,17,,,,,,,,True,,,,,,,,,,,,,,,,,,,,,,,,,,,,,,,,,,,,,,,,,,,,,,,,,,,,,LinearRegression,"{'mode': 'original', 'type': 'LinearRegression'}",17,"['nodes_T6W50', 'edges_T6W50', 're_T6W50', 'pe_T6W50', 'l2_T6W50', 'lcc_T6W50', 'lsc_T6W50', 'atd_T6W50', 'density_T6W50', 'diameter_T6W50', 'asp_T6W50', 'z_pe_T6W50', 'z_l2_T6W50', 'z_lsc_T6W50', 'z_density_T6W50', 'z_diameter_T6W50', 'z_asp_T6W50']",,,,,,,,,,,,,,,pruned,True,PRUNED
64,1.472102396514161,2026-06-13 09:12:25.848783,2026-06-13 09:12:25.971275,0 days 00:00:00.122492,18.0,5.0,2.0,,,,,,,,,,,,DecisionTreeRegressor,,,,,,13,,,,,,,,True,,,,,,,,,,,,,,,,,,,,,,,,,,,,,,,,,,,,,,,,,,,,,,,,,,,,,DecisionTreeRegressor,"{'mode': 'original', 'type': 'DecisionTreeRegressor'}",13,"['nodes_T6W50', 'edges_T6W50', 're_T6W50', 'pe_T6W50', 'l2_T6W50', 'diameter_T6W50', 'asp_T6W50', 'z_re_T6W50', 'z_pe_T6W50', 'z_l2_T6W50', 'z_lsc_T6W50', 'z_density_T6W50', 'z_asp_T6W50']",,,,,,,,,,,,,,,pruned,True,PRUNED
