number,value,datetime_start,datetime_complete,duration,params_dt_max_depth,params_dt_min_samples_leaf,params_dt_min_samples_split,params_elastic_alpha,params_elastic_l1_ratio,params_et_max_depth,params_et_max_features,params_et_min_samples_leaf,params_et_min_samples_split,params_et_n_estimators,params_knn_metric,params_knn_n_neighbors,params_knn_weights,params_quantile_alpha,params_regressor,params_rf_max_depth,params_rf_max_features,params_rf_min_samples_leaf,params_rf_min_samples_split,params_rf_n_estimators,params_rfe_n_features,params_rfe_proxy_et_max_depth,params_rfe_proxy_et_min_samples_leaf,params_rfe_proxy_et_min_samples_split,params_rfe_proxy_et_n_estimators,params_rfe_proxy_lsvr_C,params_rfe_proxy_lsvr_epsilon,params_rfe_proxy_type,params_use_scaler,params_xgb_booster,params_xgb_colsample_bytree,params_xgb_learning_rate,params_xgb_max_depth,params_xgb_n_estimators,params_xgb_reg_alpha,params_xgb_reg_lambda,params_xgb_subsample,user_attrs_d2mae_ci_lower_val,user_attrs_d2mae_ci_upper_val,user_attrs_d2mae_df_val,user_attrs_d2mae_mean_val,user_attrs_d2mae_samperror_val,user_attrs_d2mae_std_val,user_attrs_d2mae_t_critical_val,user_attrs_mae_ci_lower_val,user_attrs_mae_ci_upper_val,user_attrs_mae_df_val,user_attrs_mae_mean_val,user_attrs_mae_samperror_val,user_attrs_mae_std_val,user_attrs_mae_t_critical_val,user_attrs_mape_ci_lower_val,user_attrs_mape_ci_upper_val,user_attrs_mape_df_val,user_attrs_mape_mean_val,user_attrs_mape_samperror_val,user_attrs_mape_std_val,user_attrs_mape_t_critical_val,user_attrs_max_error_ci_lower_val,user_attrs_max_error_ci_upper_val,user_attrs_max_error_df_val,user_attrs_max_error_mean_val,user_attrs_max_error_samperror_val,user_attrs_max_error_std_val,user_attrs_max_error_t_critical_val,user_attrs_median_ae_ci_lower_val,user_attrs_median_ae_ci_upper_val,user_attrs_median_ae_df_val,user_attrs_median_ae_mean_val,user_attrs_median_ae_samperror_val,user_attrs_median_ae_std_val,user_attrs_median_ae_t_critical_val,user_attrs_n_splits_val,user_attrs_r2_below_zero_val,user_attrs_r2_ci_lower_val,user_attrs_r2_ci_upper_val,user_attrs_r2_df_val,user_attrs_r2_mean_val,user_attrs_r2_samperror_val,user_attrs_r2_std_val,user_attrs_r2_t_critical_val,user_attrs_regressor_final,user_attrs_rfe_estimator,user_attrs_rfe_n_features,user_attrs_rfe_selected_features,user_attrs_rho_ci_lower_val,user_attrs_rho_ci_upper_val,user_attrs_rho_df_val,user_attrs_rho_mean_val,user_attrs_rho_samperror_val,user_attrs_rho_std_val,user_attrs_rho_t_critical_val,user_attrs_rmse_ci_lower_val,user_attrs_rmse_ci_upper_val,user_attrs_rmse_df_val,user_attrs_rmse_mean_val,user_attrs_rmse_samperror_val,user_attrs_rmse_std_val,user_attrs_rmse_t_critical_val,user_attrs_termination_reason,user_attrs_use_scaler_final,state
296,1.0806110061072058,2026-06-13 09:38:16.316715,2026-06-13 09:38:19.006599,0 days 00:00:02.689884,,,,,,,,,,,,,,,XGBRegressor,,,,,,9,,,,,,,,True,gblinear,0.6604272713749217,0.07295892049245895,4.0,256.0,0.002314467260697325,9.153982302423422,0.7564373711526339,-0.01245934532364234,-0.009257001268485153,98.0,-0.010858173296063747,0.0016011720275785934,0.008028078507751743,1.9844674545084815,1.0693006419794169,1.0919213702349948,98.0,1.0806110061072058,0.011310364127788939,0.0567087668315463,1.9844674545084815,370595866988545.75,473169555986091.4,98.0,421882711487318.56,51286844498772.81,257145894981477.1,1.9844674545084815,3.0773760552743683,3.0951327142907905,98.0,3.0862543847825794,0.00887832950821107,0.044514846051486374,1.9844674545084815,0.966289904367776,0.9798472975386787,98.0,0.9730686009532273,0.006778696585451389,0.03398754626667447,1.9844674545084815,99.0,0.3939393939393939,-0.002231755926494693,0.003322608343540528,98.0,0.0005454262085229176,0.0027771821350176104,0.013924447733429197,1.9844674545084815,XGBRegressor,"{'mode': 'original', 'type': 'XGBRegressor'}",9,"['nodes_T6W50', 'edges_T6W50', 'pe_T6W50', 'l2_T6W50', 'lcc_T6W50', 'atd_T6W50', 'diameter_T6W50', 'asp_T6W50', 'z_pe_T6W50']",0.09667723110544325,0.15005615953566007,98.0,0.12336669532055167,0.02668946421510841,0.13381767252875884,1.9844674545084815,1.3790055003938952,1.4100247136596027,98.0,1.394515107026749,0.015509606632853832,0.07776324937501822,1.9844674545084815,completed,True,COMPLETE
297,1.1578431372549018,2026-06-13 09:38:19.020765,2026-06-13 09:38:19.240126,0 days 00:00:00.219361,,,,,,,,,,,manhattan,4.0,uniform,,KNeighborsRegressor,,,,,,15,,,,,0.024850070766863297,0.0031571825764638364,LinearSVR,,,,,,,,,,,,,,,,,,,,,,,,,,,,,,,,,,,,,,,,,,,,,,,,,,,,,,KNeighborsRegressor,"{'mode': 'proxy', 'type': 'LinearSVR'}",15,"['nodes_T6W50', 'edges_T6W50', 're_T6W50', 'pe_T6W50', 'l1_T6W50', 'l2_T6W50', 'l3_T6W50', 'lsc_T6W50', 'diameter_T6W50', 'asp_T6W50', 'z_pe_T6W50', 'z_l3_T6W50', 'z_lsc_T6W50', 'z_density_T6W50', 'z_asp_T6W50']",,,,,,,,,,,,,,,pruned,True,PRUNED
298,1.1363578076931578,2026-06-13 09:38:19.249730,2026-06-13 09:38:38.916773,0 days 00:00:19.667043,,,,,,,,,,,,,,,RandomForestRegressor,10.0,log2,3.0,9.0,203.0,18,,,,,,,,False,,,,,,,,,-0.07326595728246782,-0.053366282688995494,98.0,-0.06331611998573165,0.00994983729673616,0.049887253575339796,1.9844674545084815,1.121699591730711,1.1510160236556044,98.0,1.1363578076931578,0.01465821596244672,0.07349448185655733,1.9844674545084815,339160150609429.1,434925689355945.75,98.0,387042919982687.44,47882769373258.29,240078283330002.56,1.9844674545084815,3.14724769609568,3.2452658745265834,98.0,3.1962567853111317,0.049009089215451995,0.24572551171160492,1.9844674545084815,0.9962624117857166,1.0379995245132123,98.0,1.0171309681494645,0.020868556363747875,0.10463236051217285,1.9844674545084815,99.0,0.5050505050505051,-0.032214399463682084,0.0011412221949712517,98.0,-0.015536588634355416,0.016677810829326668,0.08362048072857346,1.9844674545084815,RandomForestRegressor,"{'mode': 'original', 'type': 'RandomForestRegressor'}",18,"['nodes_T6W50', 're_T6W50', 'pe_T6W50', 'l1_T6W50', 'l2_T6W50', 'l3_T6W50', 'lcc_T6W50', 'lsc_T6W50', 'density_T6W50', 'diameter_T6W50', 'asp_T6W50', 'z_re_T6W50', 'z_pe_T6W50', 'z_l3_T6W50', 'z_lsc_T6W50', 'z_density_T6W50', 'z_diameter_T6W50', 'z_asp_T6W50']",0.07101138111364283,0.1258435486060349,98.0,0.09842746485983886,0.027416083746196036,0.13746085298680047,1.9844674545084815,1.3871410512773998,1.420496659223765,98.0,1.4038188552505824,0.016677803973182612,0.08362044635271518,1.9844674545084815,completed,False,COMPLETE
299,1.085909820778768,2026-06-13 09:38:38.929918,2026-06-13 09:38:55.051825,0 days 00:00:16.121907,,,,,,,,,,,,,,,XGBRegressor,,,,,,8,,,,,,,,True,gbtree,0.6173772108624856,0.0010406289634983384,5.0,368.0,0.23432759471836886,1.0863642854536062e-05,0.7017404845134998,-0.01867471905431553,-0.013025515723942555,98.0,-0.015850117389129042,0.0028246016651864874,0.014162203392683469,1.9844674545084815,1.0744639472859456,1.0973556942715905,98.0,1.085909820778768,0.011445873492822372,0.05738819402755418,1.9844674545084815,361554185644431.4,461443929722981.5,98.0,411499057683706.44,49944872039275.09,250417411049378.4,1.9844674545084815,3.1058165446460637,3.1530580980824916,98.0,3.1294373213642777,0.02362077671821398,0.11843165296527666,1.9844674545084815,0.9799320823012312,0.994330757314716,98.0,0.9871314198079736,0.007199337506742359,0.036096587819694714,1.9844674545084815,99.0,0.36363636363636365,0.0012305080751032586,0.009846967575259278,98.0,0.005538737825181268,0.0043082297500780095,0.021600931110046035,1.9844674545084815,XGBRegressor,"{'mode': 'original', 'type': 'XGBRegressor'}",8,"['lsc_T6W50', 'diameter_T6W50', 'asp_T6W50', 'z_l3_T6W50', 'z_lsc_T6W50', 'z_density_T6W50', 'z_diameter_T6W50', 'z_asp_T6W50']",0.05907205191709376,0.1141739011864021,98.0,0.08662297655174793,0.027550924634654167,0.1381369285239393,1.9844674545084815,1.375606611448771,1.4061810307456986,98.0,1.3908938210972348,0.015287209648463815,0.07664817840211949,1.9844674545084815,completed,True,COMPLETE
