number,value,datetime_start,datetime_complete,duration,params_dt_max_depth,params_dt_min_samples_leaf,params_dt_min_samples_split,params_elastic_alpha,params_elastic_l1_ratio,params_et_max_depth,params_et_max_features,params_et_min_samples_leaf,params_et_min_samples_split,params_et_n_estimators,params_knn_metric,params_knn_n_neighbors,params_knn_weights,params_quantile_alpha,params_regressor,params_rf_max_depth,params_rf_max_features,params_rf_min_samples_leaf,params_rf_min_samples_split,params_rf_n_estimators,params_rfe_n_features,params_rfe_proxy_et_max_depth,params_rfe_proxy_et_min_samples_leaf,params_rfe_proxy_et_min_samples_split,params_rfe_proxy_et_n_estimators,params_rfe_proxy_lsvr_C,params_rfe_proxy_lsvr_epsilon,params_rfe_proxy_type,params_use_scaler,params_xgb_booster,params_xgb_colsample_bytree,params_xgb_learning_rate,params_xgb_max_depth,params_xgb_n_estimators,params_xgb_reg_alpha,params_xgb_reg_lambda,params_xgb_subsample,user_attrs_d2mae_ci_lower_val,user_attrs_d2mae_ci_upper_val,user_attrs_d2mae_df_val,user_attrs_d2mae_mean_val,user_attrs_d2mae_samperror_val,user_attrs_d2mae_std_val,user_attrs_d2mae_t_critical_val,user_attrs_mae_ci_lower_val,user_attrs_mae_ci_upper_val,user_attrs_mae_df_val,user_attrs_mae_mean_val,user_attrs_mae_samperror_val,user_attrs_mae_std_val,user_attrs_mae_t_critical_val,user_attrs_mape_ci_lower_val,user_attrs_mape_ci_upper_val,user_attrs_mape_df_val,user_attrs_mape_mean_val,user_attrs_mape_samperror_val,user_attrs_mape_std_val,user_attrs_mape_t_critical_val,user_attrs_max_error_ci_lower_val,user_attrs_max_error_ci_upper_val,user_attrs_max_error_df_val,user_attrs_max_error_mean_val,user_attrs_max_error_samperror_val,user_attrs_max_error_std_val,user_attrs_max_error_t_critical_val,user_attrs_median_ae_ci_lower_val,user_attrs_median_ae_ci_upper_val,user_attrs_median_ae_df_val,user_attrs_median_ae_mean_val,user_attrs_median_ae_samperror_val,user_attrs_median_ae_std_val,user_attrs_median_ae_t_critical_val,user_attrs_n_splits_val,user_attrs_r2_below_zero_val,user_attrs_r2_ci_lower_val,user_attrs_r2_ci_upper_val,user_attrs_r2_df_val,user_attrs_r2_mean_val,user_attrs_r2_samperror_val,user_attrs_r2_std_val,user_attrs_r2_t_critical_val,user_attrs_regressor_final,user_attrs_rfe_estimator,user_attrs_rfe_n_features,user_attrs_rfe_selected_features,user_attrs_rho_ci_lower_val,user_attrs_rho_ci_upper_val,user_attrs_rho_df_val,user_attrs_rho_mean_val,user_attrs_rho_samperror_val,user_attrs_rho_std_val,user_attrs_rho_t_critical_val,user_attrs_rmse_ci_lower_val,user_attrs_rmse_ci_upper_val,user_attrs_rmse_df_val,user_attrs_rmse_mean_val,user_attrs_rmse_samperror_val,user_attrs_rmse_std_val,user_attrs_rmse_t_critical_val,user_attrs_termination_reason,user_attrs_use_scaler_final,state
228,1.1396627861992317,2026-06-13 09:30:28.208621,2026-06-13 09:30:47.391294,0 days 00:00:19.182673,,,,,,10.0,,1.0,10.0,261.0,,,,,ExtraTreesRegressor,,,,,,22,,,,,,,,False,,,,,,,,,-0.0765143455892162,-0.05610580892051887,98.0,-0.06631007725486754,0.010204268334348668,0.05116293932901294,1.9844674545084815,1.1244032393712589,1.1549223330272045,98.0,1.1396627861992317,0.015259546827972897,0.07650948044161192,1.9844674545084815,334514544769399.9,430110668908778.9,98.0,382312606839089.4,47798062069689.53,239653571386802.84,1.9844674545084815,3.1720420916606997,3.283116975779297,98.0,3.2275795337199984,0.055537442059298524,0.2784578654212576,1.9844674545084815,0.9977041111214863,1.0373907065373245,98.0,1.0175474088294054,0.01984329770791915,0.09949184041940536,1.9844674545084815,99.0,0.5454545454545454,-0.04529723131736505,-0.009412706717928973,98.0,-0.027354969017647012,0.01794226229971804,0.08996028400935856,1.9844674545084815,ExtraTreesRegressor,"{'mode': 'original', 'type': 'ExtraTreesRegressor'}",22,"['nodes_T6W50', 'edges_T6W50', 're_T6W50', 'pe_T6W50', 'l1_T6W50', 'l2_T6W50', 'l3_T6W50', 'lcc_T6W50', 'lsc_T6W50', 'atd_T6W50', 'density_T6W50', 'diameter_T6W50', 'asp_T6W50', 'z_re_T6W50', 'z_pe_T6W50', 'z_l1_T6W50', 'z_l2_T6W50', 'z_l3_T6W50', 'z_lsc_T6W50', 'z_density_T6W50', 'z_diameter_T6W50', 'z_asp_T6W50']",0.07063175204755265,0.12409439894765376,98.0,0.0973630754976032,0.02673132345005055,0.13402754955546292,1.9844674545084815,1.3940896217662064,1.4298892529325797,98.0,1.411989437349393,0.01789981558318655,0.08974746142262724,1.9844674545084815,completed,False,COMPLETE
229,1.0691225985343633,2026-06-13 09:30:47.405159,2026-06-13 09:30:49.807806,0 days 00:00:02.402647,,,,,,,,,,,,,,0.03542175278867556,QuantileRegressor,,,,,,12,,,,,,,,False,,,,,,,,,-2.0897690934407227e-16,-9.605406307819294e-17,98.0,-1.525154862111326e-16,5.646142313293968e-17,2.8309059224330035e-16,1.9844674545084815,1.0575870578016928,1.0806581392670338,98.0,1.0691225985343633,0.011535540732670506,0.057837774477796526,1.9844674545084815,378756762949842.3,482894502655208.7,98.0,430825632802525.5,52068869852683.18,261066873382366.97,1.9844674545084815,2.9999999999999996,3.0000000000000004,98.0,3.0,2.3873910621499634e-16,1.1970083504786905e-15,1.9844674545084815,0.9999999999999998,1.0000000000000002,98.0,1.0,2.363802992553954e-16,1.1851815841287031e-15,1.9844674545084815,99.0,0.9292929292929293,-0.004402232239554245,-0.002812910014847298,98.0,-0.0036075711272007716,0.0007946611123534737,0.0039843325308890785,1.9844674545084815,QuantileRegressor,"{'mode': 'original', 'type': 'QuantileRegressor'}",12,"['density_T6W50', 'diameter_T6W50', 'asp_T6W50', 'z_re_T6W50', 'z_pe_T6W50', 'z_l1_T6W50', 'z_l2_T6W50', 'z_l3_T6W50', 'z_lsc_T6W50', 'z_density_T6W50', 'z_diameter_T6W50', 'z_asp_T6W50']",-0.2873182370188292,0.34012838646069665,2.0,0.02640507472093372,0.3137233117397629,0.1262906280339477,4.302652729749462,1.3817940130923385,1.413236739470511,98.0,1.3975153762814247,0.01572136318908618,0.07882497055717957,1.9844674545084815,completed,False,COMPLETE
230,1.1004118943356553,2026-06-13 09:30:49.837440,2026-06-13 09:31:10.687282,0 days 00:00:20.849842,,,,,,4.0,,2.0,8.0,376.0,,,,,ExtraTreesRegressor,,,,,,10,,,,,,,,True,,,,,,,,,-0.0375009235091598,-0.02133451597355422,98.0,-0.029417719741357012,0.008083203767802789,0.04052818393299731,1.9844674545084815,1.0863626265118906,1.11446116215942,98.0,1.1004118943356553,0.014049267823764743,0.07044129120603039,1.9844674545084815,346143215389088.6,443784523246576.9,98.0,394963869317832.75,48820653928744.13,244780720490383.6,1.9844674545084815,3.0907056255021246,3.145689463267935,98.0,3.11819754438503,0.027491918882905322,0.13784108098270728,1.9844674545084815,0.9851858535408144,1.013384097928055,98.0,0.9992849757344348,0.01409912219362032,0.07069125485032433,1.9844674545084815,99.0,0.36363636363636365,-0.003995522651768904,0.022556269254127927,98.0,0.009280373301179512,0.013275895952948416,0.0665637002990811,1.9844674545084815,ExtraTreesRegressor,"{'mode': 'original', 'type': 'ExtraTreesRegressor'}",10,"['edges_T6W50', 're_T6W50', 'pe_T6W50', 'l2_T6W50', 'l3_T6W50', 'lcc_T6W50', 'lsc_T6W50', 'z_lsc_T6W50', 'z_density_T6W50', 'z_asp_T6W50']",0.11067723850429996,0.17019255404673533,98.0,0.14043489627551764,0.029757657771217683,0.14920121553423657,1.9844674545084815,1.3708142374885868,1.403801058476469,98.0,1.387307647982528,0.016493410493941197,0.08269592025422579,1.9844674545084815,completed,True,COMPLETE
231,1.3027201991907875,2026-06-13 09:31:10.700566,2026-06-13 09:31:10.815671,0 days 00:00:00.115105,17.0,4.0,11.0,,,,,,,,,,,,DecisionTreeRegressor,,,,,,6,,,,,,,,True,,,,,,,,,,,,,,,,,,,,,,,,,,,,,,,,,,,,,,,,,,,,,,,,,,,,,DecisionTreeRegressor,"{'mode': 'original', 'type': 'DecisionTreeRegressor'}",6,"['edges_T6W50', 're_T6W50', 'pe_T6W50', 'l3_T6W50', 'diameter_T6W50', 'z_asp_T6W50']",,,,,,,,,,,,,,,pruned,True,PRUNED
232,1.0691225985343633,2026-06-13 09:31:10.825121,2026-06-13 09:31:13.313536,0 days 00:00:02.488415,,,,,,,,,,,,,,5.442611243442007,QuantileRegressor,,,,,,20,,,,,,,,False,,,,,,,,,0.0,0.0,98.0,0.0,0.0,0.0,1.9844674545084815,1.0575870578016928,1.0806581392670338,98.0,1.0691225985343633,0.011535540732670515,0.05783777447779657,1.9844674545084815,378756762949842.25,482894502655208.6,98.0,430825632802525.44,52068869852683.18,261066873382366.97,1.9844674545084815,3.0,3.0,98.0,3.0,0.0,0.0,1.9844674545084815,1.0,1.0,98.0,1.0,0.0,0.0,1.9844674545084815,99.0,0.9191919191919192,-0.004402232239554242,-0.002812910014847294,98.0,-0.003607571127200768,0.0007946611123534741,0.00398433253088908,1.9844674545084815,QuantileRegressor,"{'mode': 'original', 'type': 'QuantileRegressor'}",20,"['re_T6W50', 'pe_T6W50', 'l1_T6W50', 'l2_T6W50', 'l3_T6W50', 'lcc_T6W50', 'lsc_T6W50', 'atd_T6W50', 'density_T6W50', 'diameter_T6W50', 'asp_T6W50', 'z_re_T6W50', 'z_pe_T6W50', 'z_l1_T6W50', 'z_l2_T6W50', 'z_l3_T6W50', 'z_lsc_T6W50', 'z_density_T6W50', 'z_diameter_T6W50', 'z_asp_T6W50']",,,,,,,,1.3817940130923385,1.413236739470511,98.0,1.3975153762814247,0.01572136318908618,0.07882497055717957,1.9844674545084815,completed,False,COMPLETE
233,1.1179188850322008,2026-06-13 09:31:13.356423,2026-06-13 09:31:32.600923,0 days 00:00:19.244500,,,,,,,,,,,,,,,RandomForestRegressor,3.0,,2.0,6.0,203.0,5,,,,,,,,True,,,,,,,,,-0.055769668452432565,-0.03603897746076907,98.0,-0.04590432295660082,0.00986534549583175,0.049463622135844994,1.9844674545084815,1.1028989456496041,1.1329388244147975,98.0,1.1179188850322008,0.015019939382596638,0.07530811834597786,1.9844674545084815,344674729166548.9,441210965668242.1,98.0,392942847417395.5,48268118250846.65,242010374940940.7,1.9844674545084815,3.1472939692715887,3.247583905957768,98.0,3.1974389376146783,0.05014496834308971,0.25142066916809785,1.9844674545084815,0.9681854008983362,1.0074258635238087,98.0,0.9878056322110724,0.019620231312736266,0.09837341310358624,1.9844674545084815,99.0,0.42424242424242425,-0.010940185856047082,0.022924691846739922,98.0,0.005992252995346421,0.016932438851393502,0.08489715413793689,1.9844674545084815,RandomForestRegressor,"{'mode': 'original', 'type': 'RandomForestRegressor'}",5,"['re_T6W50', 'pe_T6W50', 'l3_T6W50', 'lsc_T6W50', 'z_density_T6W50']",0.13135942337089423,0.18864314655893688,98.0,0.16000128496491556,0.028641861594021326,0.1436067515073274,1.9844674545084815,1.371546382240258,1.4064565625073127,98.0,1.3890014723737854,0.01745509013352734,0.08751766302322692,1.9844674545084815,completed,True,COMPLETE
234,1.2627118017159256,2026-06-13 09:31:32.614259,2026-06-13 09:31:34.263406,0 days 00:00:01.649147,,,,,,,,,,,,,,,XGBRegressor,,,,,,3,,,,,,,,False,gbtree,0.8769340413549565,0.043615447042338384,6.0,161.0,0.0015886199576773381,1.3779643280309122,0.8755885684770214,,,,,,,,,,,,,,,,,,,,,,,,,,,,,,,,,,,,,,,,,,,,,XGBRegressor,"{'mode': 'original', 'type': 'XGBRegressor'}",3,"['z_density_T6W50', 'z_diameter_T6W50', 'z_asp_T6W50']",,,,,,,,,,,,,,,pruned,False,PRUNED
235,1.085240549983589,2026-06-13 09:31:34.274404,2026-06-13 09:31:41.598502,0 days 00:00:07.324098,,,,,,,,,,,,,,,XGBRegressor,,,,,,8,,,,,,,,False,gbtree,0.7149788098899108,0.0028665332547584666,3.0,172.0,0.3009833970105686,1.1995541049382383e-07,0.671053810431797,-0.018751378537270297,-0.011625577006493323,98.0,-0.015188477771881809,0.003562900765388486,0.017863943765694813,1.9844674545084815,1.0734651527773997,1.0970159471897785,98.0,1.085240549983589,0.011775397206189454,0.05904038516973734,1.9844674545084815,358906207512162.7,458604805992465.06,98.0,408755506752313.9,49849299240151.17,249938220855347.38,1.9844674545084815,3.0660814536635432,3.105171158248115,98.0,3.085626305955829,0.019544852292285895,0.0979954720181876,1.9844674545084815,0.9819495502013135,0.9983698967862625,98.0,0.990159723493788,0.008210173292474546,0.041164793425668915,1.9844674545084815,99.0,0.20202020202020202,0.009952211105993973,0.020822612238656092,98.0,0.015387411672325033,0.005435200566331059,0.0272514233950672,1.9844674545084815,XGBRegressor,"{'mode': 'original', 'type': 'XGBRegressor'}",8,"['re_T6W50', 'pe_T6W50', 'l3_T6W50', 'diameter_T6W50', 'asp_T6W50', 'z_lsc_T6W50', 'z_density_T6W50', 'z_asp_T6W50']",0.10050969963666537,0.15657924752001304,98.0,0.1285444735783392,0.028034773941673828,0.14056288910517015,1.9844674545084815,1.368622593114819,1.3992286567708827,98.0,1.3839256249428509,0.015303031828031801,0.07672750885353116,1.9844674545084815,completed,False,COMPLETE
236,1.1342394062117034,2026-06-13 09:31:41.611405,2026-06-13 09:31:43.834468,0 days 00:00:02.223063,,,,,,,,,,,,,,,XGBRegressor,,,,,,19,,,,,,,,False,gbtree,0.8285152491170537,0.10806113572524977,10.0,347.0,1.2175258738653325,3.941568343635868e-05,0.7833026294527314,,,,,,,,,,,,,,,,,,,,,,,,,,,,,,,,,,,,,,,,,,,,,XGBRegressor,"{'mode': 'original', 'type': 'XGBRegressor'}",19,"['nodes_T6W50', 're_T6W50', 'pe_T6W50', 'l1_T6W50', 'l2_T6W50', 'l3_T6W50', 'lcc_T6W50', 'lsc_T6W50', 'atd_T6W50', 'diameter_T6W50', 'asp_T6W50', 'z_re_T6W50', 'z_pe_T6W50', 'z_l1_T6W50', 'z_l2_T6W50', 'z_lsc_T6W50', 'z_density_T6W50', 'z_diameter_T6W50', 'z_asp_T6W50']",,,,,,,,,,,,,,,pruned,False,PRUNED
237,1.1238562091503268,2026-06-13 09:31:43.847055,2026-06-13 09:31:44.034457,0 days 00:00:00.187402,,,,,,,,,,,euclidean,12.0,uniform,,KNeighborsRegressor,,,,,,19,,,,,0.015326057621818302,0.5665821846009316,LinearSVR,,,,,,,,,,,,,,,,,,,,,,,,,,,,,,,,,,,,,,,,,,,,,,,,,,,,,,KNeighborsRegressor,"{'mode': 'proxy', 'type': 'LinearSVR'}",19,"['nodes_T6W50', 'edges_T6W50', 're_T6W50', 'pe_T6W50', 'l1_T6W50', 'l2_T6W50', 'lcc_T6W50', 'lsc_T6W50', 'atd_T6W50', 'diameter_T6W50', 'asp_T6W50', 'z_re_T6W50', 'z_pe_T6W50', 'z_l1_T6W50', 'z_l2_T6W50', 'z_l3_T6W50', 'z_lsc_T6W50', 'z_density_T6W50', 'z_asp_T6W50']",,,,,,,,,,,,,,,pruned,True,PRUNED
238,1.1679155776779058,2026-06-13 09:31:44.044074,2026-06-13 09:31:44.196843,0 days 00:00:00.152769,,,,,,,,,,,,,,,LinearRegression,,,,,,14,,,,,,,,True,,,,,,,,,,,,,,,,,,,,,,,,,,,,,,,,,,,,,,,,,,,,,,,,,,,,,LinearRegression,"{'mode': 'original', 'type': 'LinearRegression'}",14,"['nodes_T6W50', 'edges_T6W50', 'pe_T6W50', 'l2_T6W50', 'lcc_T6W50', 'lsc_T6W50', 'atd_T6W50', 'density_T6W50', 'diameter_T6W50', 'asp_T6W50', 'z_pe_T6W50', 'z_l2_T6W50', 'z_density_T6W50', 'z_asp_T6W50']",,,,,,,,,,,,,,,pruned,True,PRUNED
239,1.1103720850681456,2026-06-13 09:31:44.205904,2026-06-13 09:31:57.579582,0 days 00:00:13.373678,,,,,,,,,,,,,,,RandomForestRegressor,3.0,sqrt,3.0,7.0,144.0,18,,,,,,,,True,,,,,,,,,-0.04636282687368207,-0.0314929697179239,98.0,-0.03892789829580298,0.007434928577879084,0.037277812311650886,1.9844674545084815,1.0973409007772854,1.1234032693590057,98.0,1.1103720850681456,0.013031184290860197,0.06533674629216056,1.9844674545084815,348701964756374.5,446147457494029.5,98.0,397424711125202.0,48722746368827.5,244289824094509.25,1.9844674545084815,3.10553593013278,3.178054111710296,98.0,3.141795020921538,0.036259090788758136,0.18179859656432837,1.9844674545084815,0.9838033908442333,1.0162781786988995,98.0,1.0000407847715664,0.01623739392733312,0.0814122848542726,1.9844674545084815,99.0,0.4444444444444444,-0.008874468447501687,0.0150866423895858,98.0,0.0031060869710420567,0.011980555418543743,0.060069023071800245,1.9844674545084815,RandomForestRegressor,"{'mode': 'original', 'type': 'RandomForestRegressor'}",18,"['nodes_T6W50', 're_T6W50', 'pe_T6W50', 'l1_T6W50', 'l2_T6W50', 'l3_T6W50', 'lcc_T6W50', 'lsc_T6W50', 'atd_T6W50', 'density_T6W50', 'diameter_T6W50', 'asp_T6W50', 'z_re_T6W50', 'z_pe_T6W50', 'z_lsc_T6W50', 'z_density_T6W50', 'z_diameter_T6W50', 'z_asp_T6W50']",0.08339895290101765,0.139658840382144,98.0,0.11152889664158082,0.028129943740563164,0.14104005870586941,1.9844674545084815,1.3759504583122282,1.4074045522893393,98.0,1.3916775053007837,0.015727046988555485,0.07885346842472658,1.9844674545084815,completed,True,COMPLETE
240,1.4860690943043884,2026-06-13 09:31:57.592745,2026-06-13 09:31:57.717856,0 days 00:00:00.125111,11.0,1.0,9.0,,,,,,,,,,,,DecisionTreeRegressor,,,,,,15,,,,,,,,True,,,,,,,,,,,,,,,,,,,,,,,,,,,,,,,,,,,,,,,,,,,,,,,,,,,,,DecisionTreeRegressor,"{'mode': 'original', 'type': 'DecisionTreeRegressor'}",15,"['edges_T6W50', 're_T6W50', 'pe_T6W50', 'l2_T6W50', 'l3_T6W50', 'diameter_T6W50', 'asp_T6W50', 'z_re_T6W50', 'z_pe_T6W50', 'z_l1_T6W50', 'z_l3_T6W50', 'z_lsc_T6W50', 'z_density_T6W50', 'z_diameter_T6W50', 'z_asp_T6W50']",,,,,,,,,,,,,,,pruned,True,PRUNED
241,1.1328529474173694,2026-06-13 09:31:57.727385,2026-06-13 09:31:57.907456,0 days 00:00:00.180071,,,,,,,,,,,,,,,LinearRegression,,,,,,9,,,,,,,,True,,,,,,,,,,,,,,,,,,,,,,,,,,,,,,,,,,,,,,,,,,,,,,,,,,,,,LinearRegression,"{'mode': 'original', 'type': 'LinearRegression'}",9,"['nodes_T6W50', 'pe_T6W50', 'l2_T6W50', 'lcc_T6W50', 'lsc_T6W50', 'diameter_T6W50', 'asp_T6W50', 'z_pe_T6W50', 'z_l2_T6W50']",,,,,,,,,,,,,,,pruned,True,PRUNED
242,1.0691225985343633,2026-06-13 09:31:57.916839,2026-06-13 09:32:00.251461,0 days 00:00:02.334622,,,,,,,,,,,,,,0.23939475196027465,QuantileRegressor,,,,,,15,,,,,,,,False,,,,,,,,,0.0,0.0,98.0,0.0,0.0,0.0,1.9844674545084815,1.0575870578016928,1.0806581392670338,98.0,1.0691225985343633,0.011535540732670515,0.05783777447779657,1.9844674545084815,378756762949842.25,482894502655208.6,98.0,430825632802525.44,52068869852683.18,261066873382366.97,1.9844674545084815,3.0,3.0,98.0,3.0,0.0,0.0,1.9844674545084815,1.0,1.0,98.0,1.0,0.0,0.0,1.9844674545084815,99.0,0.9191919191919192,-0.004402232239554242,-0.002812910014847294,98.0,-0.003607571127200768,0.0007946611123534741,0.00398433253088908,1.9844674545084815,QuantileRegressor,"{'mode': 'original', 'type': 'QuantileRegressor'}",15,"['lcc_T6W50', 'lsc_T6W50', 'atd_T6W50', 'density_T6W50', 'diameter_T6W50', 'asp_T6W50', 'z_re_T6W50', 'z_pe_T6W50', 'z_l1_T6W50', 'z_l2_T6W50', 'z_l3_T6W50', 'z_lsc_T6W50', 'z_density_T6W50', 'z_diameter_T6W50', 'z_asp_T6W50']",,,,,,,,1.3817940130923385,1.413236739470511,98.0,1.3975153762814247,0.01572136318908618,0.07882497055717957,1.9844674545084815,completed,False,COMPLETE
243,1.1381069589613115,2026-06-13 09:32:00.264106,2026-06-13 09:32:11.840508,0 days 00:00:11.576402,,,,,,11.0,,5.0,10.0,154.0,,,,,ExtraTreesRegressor,,,,,,21,,,,,,,,True,,,,,,,,,-0.07444320699258652,-0.055179175964086925,98.0,-0.06481119147833672,0.009632015514249798,0.048293734467257037,1.9844674545084815,1.1231677753536855,1.1530461425689376,98.0,1.1381069589613115,0.014939183607625924,0.07490321887842992,1.9844674545084815,337534657022292.75,432811821333341.6,98.0,385173239177817.2,47638582155524.414,238853958822209.6,1.9844674545084815,3.1650779921779426,3.252933431055057,98.0,3.2090057116165,0.043927719438557444,0.22024815213174928,1.9844674545084815,0.9866862793698625,1.0252971788554537,98.0,1.005991729112658,0.019305449742795605,0.09679513724518357,1.9844674545084815,99.0,0.494949494949495,-0.03801548492647423,-0.004894658019147395,98.0,-0.021455071472810814,0.01656041345366342,0.08303186480711383,1.9844674545084815,ExtraTreesRegressor,"{'mode': 'original', 'type': 'ExtraTreesRegressor'}",21,"['nodes_T6W50', 'edges_T6W50', 're_T6W50', 'pe_T6W50', 'l1_T6W50', 'l2_T6W50', 'l3_T6W50', 'lcc_T6W50', 'lsc_T6W50', 'atd_T6W50', 'density_T6W50', 'diameter_T6W50', 'asp_T6W50', 'z_re_T6W50', 'z_pe_T6W50', 'z_l1_T6W50', 'z_l3_T6W50', 'z_lsc_T6W50', 'z_density_T6W50', 'z_diameter_T6W50', 'z_asp_T6W50']",0.06656059311533148,0.12094523406965531,98.0,0.0937529135924934,0.02719232047716191,0.13633893163168304,1.9844674545084815,1.391052252648986,1.4250295194258356,98.0,1.4080408860374107,0.016988633388424806,0.08517890659627599,1.9844674545084815,completed,True,COMPLETE
244,1.1323387775557054,2026-06-13 09:32:11.852933,2026-06-13 09:32:50.112872,0 days 00:00:38.259939,,,,,,,,,,,,,,,RandomForestRegressor,12.0,log2,3.0,11.0,425.0,19,,,,,,,,True,,,,,,,,,-0.0689237764362115,-0.05008452265109373,98.0,-0.059504149543652615,0.009419626892558885,0.04722884418706249,1.9844674545084815,1.1178795213517327,1.1467980337596781,98.0,1.1323387775557054,0.014459256203972594,0.07249692223560322,1.9844674545084815,339238606989920.75,434958342214367.75,98.0,387098474602144.25,47859867612223.49,239963456732743.6,1.9844674545084815,3.1455150372640253,3.240735618518973,98.0,3.193125327891499,0.04761029062747398,0.23871210859975936,1.9844674545084815,0.9966836985589461,1.0376139097453168,98.0,1.0171488041521315,0.020465105593185373,0.1026095082487675,1.9844674545084815,99.0,0.48484848484848486,-0.027475550699842095,0.0046087520579137006,98.0,-0.011433399320964198,0.0160421513788779,0.08043336286459583,1.9844674545084815,RandomForestRegressor,"{'mode': 'original', 'type': 'RandomForestRegressor'}",19,"['edges_T6W50', 're_T6W50', 'pe_T6W50', 'l1_T6W50', 'l2_T6W50', 'l3_T6W50', 'lcc_T6W50', 'lsc_T6W50', 'atd_T6W50', 'density_T6W50', 'diameter_T6W50', 'asp_T6W50', 'z_re_T6W50', 'z_pe_T6W50', 'z_l3_T6W50', 'z_lsc_T6W50', 'z_density_T6W50', 'z_diameter_T6W50', 'z_asp_T6W50']",0.07773348169566062,0.1328869514111289,98.0,0.10531021655339477,0.02757673485773415,0.13826633779016415,1.9844674545084815,1.384421485073703,1.4179387304103206,98.0,1.4011801077420118,0.016758622668308746,0.08402566129414019,1.9844674545084815,completed,True,COMPLETE
