number,value,datetime_start,datetime_complete,duration,params_dt_max_depth,params_dt_min_samples_leaf,params_dt_min_samples_split,params_elastic_alpha,params_elastic_l1_ratio,params_et_max_depth,params_et_max_features,params_et_min_samples_leaf,params_et_min_samples_split,params_et_n_estimators,params_knn_metric,params_knn_n_neighbors,params_knn_weights,params_quantile_alpha,params_regressor,params_rf_max_depth,params_rf_max_features,params_rf_min_samples_leaf,params_rf_min_samples_split,params_rf_n_estimators,params_rfe_n_features,params_rfe_proxy_et_max_depth,params_rfe_proxy_et_min_samples_leaf,params_rfe_proxy_et_min_samples_split,params_rfe_proxy_et_n_estimators,params_rfe_proxy_lsvr_C,params_rfe_proxy_lsvr_epsilon,params_rfe_proxy_type,params_use_scaler,params_xgb_booster,params_xgb_colsample_bytree,params_xgb_learning_rate,params_xgb_max_depth,params_xgb_n_estimators,params_xgb_reg_alpha,params_xgb_reg_lambda,params_xgb_subsample,user_attrs_d2mae_ci_lower_val,user_attrs_d2mae_ci_upper_val,user_attrs_d2mae_df_val,user_attrs_d2mae_mean_val,user_attrs_d2mae_samperror_val,user_attrs_d2mae_std_val,user_attrs_d2mae_t_critical_val,user_attrs_mae_ci_lower_val,user_attrs_mae_ci_upper_val,user_attrs_mae_df_val,user_attrs_mae_mean_val,user_attrs_mae_samperror_val,user_attrs_mae_std_val,user_attrs_mae_t_critical_val,user_attrs_mape_ci_lower_val,user_attrs_mape_ci_upper_val,user_attrs_mape_df_val,user_attrs_mape_mean_val,user_attrs_mape_samperror_val,user_attrs_mape_std_val,user_attrs_mape_t_critical_val,user_attrs_max_error_ci_lower_val,user_attrs_max_error_ci_upper_val,user_attrs_max_error_df_val,user_attrs_max_error_mean_val,user_attrs_max_error_samperror_val,user_attrs_max_error_std_val,user_attrs_max_error_t_critical_val,user_attrs_median_ae_ci_lower_val,user_attrs_median_ae_ci_upper_val,user_attrs_median_ae_df_val,user_attrs_median_ae_mean_val,user_attrs_median_ae_samperror_val,user_attrs_median_ae_std_val,user_attrs_median_ae_t_critical_val,user_attrs_n_splits_val,user_attrs_r2_below_zero_val,user_attrs_r2_ci_lower_val,user_attrs_r2_ci_upper_val,user_attrs_r2_df_val,user_attrs_r2_mean_val,user_attrs_r2_samperror_val,user_attrs_r2_std_val,user_attrs_r2_t_critical_val,user_attrs_regressor_final,user_attrs_rfe_estimator,user_attrs_rfe_n_features,user_attrs_rfe_selected_features,user_attrs_rho_ci_lower_val,user_attrs_rho_ci_upper_val,user_attrs_rho_df_val,user_attrs_rho_mean_val,user_attrs_rho_samperror_val,user_attrs_rho_std_val,user_attrs_rho_t_critical_val,user_attrs_rmse_ci_lower_val,user_attrs_rmse_ci_upper_val,user_attrs_rmse_df_val,user_attrs_rmse_mean_val,user_attrs_rmse_samperror_val,user_attrs_rmse_std_val,user_attrs_rmse_t_critical_val,user_attrs_termination_reason,user_attrs_use_scaler_final,state
213,1.1020973183467,2026-06-13 09:27:34.404986,2026-06-13 09:27:54.591964,0 days 00:00:20.186978,,,,,,,,,,,,,,,XGBRegressor,,,,,,19,,,,,,,,False,gbtree,0.944059094467018,0.006312158622574144,8.0,67.0,8.46477785593672e-06,1.284245525384529,0.9489595934788329,-0.035328688042624394,-0.026684516602994902,98.0,-0.031006602322809648,0.0043220857198147476,0.021670403228551495,1.9844674545084815,1.0900390399891957,1.1141555967042043,98.0,1.1020973183467,0.012058278357504252,0.06045871627470473,1.9844674545084815,359352568459821.6,458780477783089.4,98.0,409066523121455.5,49713954661633.85,249259619878549.94,1.9844674545084815,3.1023981468497777,3.158678520242286,98.0,3.1305383335460317,0.02814018669625427,0.14109141561882022,1.9844674545084815,0.9895737409165194,1.0132394008388643,98.0,1.0014065708776918,0.011832829961172412,0.059328345899738934,1.9844674545084815,99.0,0.47474747474747475,-0.0068389621069286635,0.007075240467460859,98.0,0.00011813918026609749,0.006957101287194761,0.034882045375501505,1.9844674545084815,XGBRegressor,"{'mode': 'original', 'type': 'XGBRegressor'}",19,"['edges_T6W50', 're_T6W50', 'pe_T6W50', 'l3_T6W50', 'lcc_T6W50', 'lsc_T6W50', 'atd_T6W50', 'density_T6W50', 'diameter_T6W50', 'asp_T6W50', 'z_re_T6W50', 'z_pe_T6W50', 'z_l1_T6W50', 'z_l2_T6W50', 'z_l3_T6W50', 'z_lsc_T6W50', 'z_density_T6W50', 'z_diameter_T6W50', 'z_asp_T6W50']",0.03921876050174093,0.09381528645178193,98.0,0.06651702347676143,0.027298262975020495,0.13687011421260922,1.9844674545084815,1.3789575461279593,1.4100043939969187,98.0,1.394480970062439,0.015523423934479598,0.07783252761639788,1.9844674545084815,completed,False,COMPLETE
214,1.0924580836482674,2026-06-13 09:27:54.604594,2026-06-13 09:28:04.300598,0 days 00:00:09.696004,,,,,,2.0,,1.0,6.0,158.0,,,,,ExtraTreesRegressor,,,,,,13,,,,,,,,False,,,,,,,,,-0.02696740113497162,-0.016830750610504604,98.0,-0.02189907587273811,0.005068325262233509,0.025411955996736166,1.9844674545084815,1.079796956490348,1.1051192108061867,98.0,1.0924580836482674,0.012661127157919415,0.06348132559754922,1.9844674545084815,361930416136786.75,462889379715750.5,98.0,412409897926268.6,50479481789481.89,253097878214521.3,1.9844674545084815,3.0882792462021476,3.133185094071184,98.0,3.1107321701366657,0.022452923934518303,0.11257618355192213,1.9844674545084815,0.9869451575479803,1.0091101367177449,98.0,0.9980276471328625,0.01108248958488224,0.05556623205772841,1.9844674545084815,99.0,0.3838383838383838,-0.004081101589724594,0.011172764962627748,98.0,0.0035458316864515767,0.007626933276176171,0.03824050012110335,1.9844674545084815,ExtraTreesRegressor,"{'mode': 'original', 'type': 'ExtraTreesRegressor'}",13,"['nodes_T6W50', 'edges_T6W50', 're_T6W50', 'pe_T6W50', 'l2_T6W50', 'l3_T6W50', 'lcc_T6W50', 'lsc_T6W50', 'atd_T6W50', 'diameter_T6W50', 'z_lsc_T6W50', 'z_density_T6W50', 'z_asp_T6W50']",0.0901120348038484,0.14250921822478937,98.0,0.1163106265143189,0.02619859171047049,0.1313564985033236,1.9844674545084815,1.3761607907879083,1.4080986044679291,98.0,1.3921296976279187,0.015968906840010316,0.08006612380585316,1.9844674545084815,completed,False,COMPLETE
215,1.1132376932653827,2026-06-13 09:28:04.351329,2026-06-13 09:28:22.066753,0 days 00:00:17.715424,,,,,,13.0,log2,3.0,11.0,304.0,,,,,ExtraTreesRegressor,,,,,,11,,,,,,,,True,,,,,,,,,-0.04858041224503561,-0.03418642254978627,98.0,-0.04138341739741094,0.007196994847624669,0.03608484201662685,1.9844674545084815,1.0995562562066994,1.126919130324066,98.0,1.1132376932653827,0.013681437058683294,0.06859703324450082,1.9844674545084815,345739144896960.75,442365120912259.5,98.0,394052132904610.1,48312988007649.38,242235346351901.97,1.9844674545084815,3.114536416479127,3.1690776064929116,98.0,3.1418070114860193,0.02727059500689214,0.13673139044248422,1.9844674545084815,0.9871720727973541,1.0229126064593475,98.0,1.0050423396283508,0.017870266830996715,0.08959930763383989,1.9844674545084815,99.0,0.41414141414141414,-0.01026607464381338,0.012862690056604781,98.0,0.0012983077063957013,0.01156438235020908,0.05798238278090332,1.9844674545084815,ExtraTreesRegressor,"{'mode': 'original', 'type': 'ExtraTreesRegressor'}",11,"['nodes_T6W50', 're_T6W50', 'pe_T6W50', 'l2_T6W50', 'l3_T6W50', 'lcc_T6W50', 'lsc_T6W50', 'diameter_T6W50', 'z_lsc_T6W50', 'z_density_T6W50', 'z_asp_T6W50']",0.07697750672240325,0.13144332786516089,98.0,0.10421041729378207,0.02723291057137881,0.13654244534376248,1.9844674545084815,1.3770659979109645,1.4091516208193613,98.0,1.393108809365163,0.016042811454198475,0.08043667240061277,1.9844674545084815,completed,True,COMPLETE
216,1.1711229946524064,2026-06-13 09:28:22.079361,2026-06-13 09:28:23.738728,0 days 00:00:01.659367,,,,,,,,,,,manhattan,5.0,uniform,,KNeighborsRegressor,,,,,,21,9.0,2.0,9.0,50.0,,,ExtraTrees,,,,,,,,,,-0.10880465452867419,-0.08308903760969272,98.0,-0.09594684606918345,0.012857808459490734,0.06446746131740012,1.9844674545084815,1.1543120404074403,1.1879339488973726,98.0,1.1711229946524064,0.01681095424496617,0.08428804534694903,1.9844674545084815,341121635536770.06,440965144672866.44,98.0,391043390104818.25,49921754568048.195,250301502907896.03,1.9844674545084815,3.2716864692376366,3.399020601469434,98.0,3.3353535353535353,0.06366706611589867,0.3192187949408621,1.9844674545084815,1.0512423002922069,1.1103738613239549,98.0,1.0808080808080809,0.029565780515873955,0.14823916670798964,1.9844674545084815,99.0,0.7070707070707071,-0.08287070944842712,-0.037083984402801,98.0,-0.05997734692561406,0.022893362522813057,0.11478448815865502,1.9844674545084815,KNeighborsRegressor,"{'mode': 'proxy', 'type': 'ExtraTrees'}",21,"['nodes_T6W50', 'edges_T6W50', 're_T6W50', 'pe_T6W50', 'l1_T6W50', 'l2_T6W50', 'l3_T6W50', 'lcc_T6W50', 'lsc_T6W50', 'atd_T6W50', 'density_T6W50', 'diameter_T6W50', 'asp_T6W50', 'z_re_T6W50', 'z_pe_T6W50', 'z_l1_T6W50', 'z_l3_T6W50', 'z_lsc_T6W50', 'z_density_T6W50', 'z_diameter_T6W50', 'z_asp_T6W50']",0.12451229124285293,0.17339803639500687,98.0,0.1489551638189299,0.024442872576076975,0.12255353991692572,1.9844674545084815,1.4139481239137643,1.4522146646992804,98.0,1.4330813943065224,0.01913327039275811,0.09593185127983665,1.9844674545084815,completed,True,COMPLETE
217,1.103225121217513,2026-06-13 09:28:23.751482,2026-06-13 09:28:27.577205,0 days 00:00:03.825723,,,,,,,,,,,,,,,RandomForestRegressor,10.0,,5.0,9.0,368.0,14,,,,,,,,True,,,,,,,,,,,,,,,,,,,,,,,,,,,,,,,,,,,,,,,,,,,,,,,,,,,,,RandomForestRegressor,"{'mode': 'original', 'type': 'RandomForestRegressor'}",14,"['re_T6W50', 'pe_T6W50', 'l1_T6W50', 'l3_T6W50', 'lsc_T6W50', 'density_T6W50', 'diameter_T6W50', 'z_re_T6W50', 'z_pe_T6W50', 'z_l3_T6W50', 'z_lsc_T6W50', 'z_density_T6W50', 'z_diameter_T6W50', 'z_asp_T6W50']",,,,,,,,,,,,,,,pruned,True,PRUNED
218,1.158748347150374,2026-06-13 09:28:27.587473,2026-06-13 09:29:12.910349,0 days 00:00:45.322876,,,,,,,,,,,,,,,RandomForestRegressor,13.0,,2.0,8.0,465.0,3,,,,,,,,True,,,,,,,,,-0.09718733396031604,-0.07075442953378988,98.0,-0.08397088174705296,0.013216452213263074,0.06626565674050734,1.9844674545084815,1.1406147471733703,1.1768819471273775,98.0,1.158748347150374,0.01813359997700352,0.0909196274579583,1.9844674545084815,352269269516727.5,454388577055517.4,98.0,403328923286122.44,51059653769394.91,256006788764116.12,1.9844674545084815,3.2989775305795273,3.4665215855267344,98.0,3.382749558053131,0.08377202747360359,0.4200225845368227,1.9844674545084815,0.9853625152817687,1.0346310106346652,98.0,1.009996762958217,0.02463424767644826,0.12351307100024907,1.9844674545084815,99.0,0.6767676767676768,-0.08103599051534208,-0.031035783874616626,98.0,-0.05603588719497935,0.025000103320362725,0.12534742594853723,1.9844674545084815,RandomForestRegressor,"{'mode': 'original', 'type': 'RandomForestRegressor'}",3,"['re_T6W50', 'pe_T6W50', 'l3_T6W50']",0.11306665993901846,0.1659223383320231,98.0,0.13949449913552078,0.026427839196502323,0.1325059170441605,1.9844674545084815,1.409335880389162,1.4517743334924544,98.0,1.4305551069408082,0.021219226551646243,0.10639057746218634,1.9844674545084815,completed,True,COMPLETE
219,1.4343211117346064,2026-06-13 09:29:12.923015,2026-06-13 09:29:13.057347,0 days 00:00:00.134332,17.0,1.0,20.0,,,,,,,,,,,,DecisionTreeRegressor,,,,,,20,,,,,,,,True,,,,,,,,,,,,,,,,,,,,,,,,,,,,,,,,,,,,,,,,,,,,,,,,,,,,,DecisionTreeRegressor,"{'mode': 'original', 'type': 'DecisionTreeRegressor'}",20,"['edges_T6W50', 're_T6W50', 'pe_T6W50', 'l1_T6W50', 'l3_T6W50', 'lcc_T6W50', 'lsc_T6W50', 'atd_T6W50', 'density_T6W50', 'diameter_T6W50', 'asp_T6W50', 'z_re_T6W50', 'z_pe_T6W50', 'z_l1_T6W50', 'z_l2_T6W50', 'z_l3_T6W50', 'z_lsc_T6W50', 'z_density_T6W50', 'z_diameter_T6W50', 'z_asp_T6W50']",,,,,,,,,,,,,,,pruned,True,PRUNED
220,1.1181030319714031,2026-06-13 09:29:13.066836,2026-06-13 09:29:21.696670,0 days 00:00:08.629834,,,,,,,,,,,,,,,XGBRegressor,,,,,,5,,,,,,,,False,gbtree,0.6053965507750143,0.009019282545016091,2.0,473.0,1.1595567099204797e-06,0.00016671124676531315,0.535517444522001,-0.055539274612925627,-0.03599831055579143,98.0,-0.04576879258435853,0.009770482028567094,0.048987988444023696,1.9844674545084815,1.1021762850136314,1.134029778929175,98.0,1.1181030319714031,0.015926746957771656,0.07985473937078945,1.9844674545084815,330108454336106.5,422779084666741.9,98.0,376443769501424.2,46335315165317.72,232319539325909.06,1.9844674545084815,3.3036878984950504,3.4236675841073096,98.0,3.36367774130118,0.0599898428061296,0.30078165207745305,1.9844674545084815,0.9235550291413742,0.9691012441706647,98.0,0.9463281366560194,0.02277310751464524,0.1141815444212594,1.9844674545084815,99.0,0.5858585858585859,-0.044086642582500196,-0.013250959241210924,98.0,-0.02866880091185556,0.015417841670644637,0.07730315120431112,1.9844674545084815,XGBRegressor,"{'mode': 'original', 'type': 'XGBRegressor'}",5,"['lsc_T6W50', 'z_lsc_T6W50', 'z_density_T6W50', 'z_diameter_T6W50', 'z_asp_T6W50']",0.09038398812936833,0.140140383593869,98.0,0.11526218586161865,0.02487819773225032,0.12473620640744892,1.9844674545084815,1.395304880662379,1.4320951603373673,98.0,1.413700020499873,0.018395139837494207,0.09223095597029868,1.9844674545084815,completed,False,COMPLETE
221,1.128970575601019,2026-06-13 09:29:21.714489,2026-06-13 09:29:23.638464,0 days 00:00:01.923975,,,,0.00044503574138373846,0.25646306101676597,,,,,,,,,,ElasticNet,,,,,,9,,,,,,,,True,,,,,,,,,-0.06449080759625708,-0.047748731498680516,98.0,-0.0561197695474688,0.008371038048788287,0.04197134941751326,1.9844674545084815,1.114423496074064,1.1435176551279742,98.0,1.128970575601019,0.014547079526955074,0.07293725751474323,1.9844674545084815,355653755475807.3,457573872933822.44,98.0,406613814204814.9,50960058729007.555,255507431549875.06,1.9844674545084815,3.3140556884736223,3.4465487917367015,98.0,3.380302240105162,0.06624655163153939,0.33215201627654123,1.9844674545084815,0.9525079825450588,0.9858382802093794,98.0,0.969173131377219,0.016665148832160345,0.0835569950408614,1.9844674545084815,99.0,0.7575757575757576,-0.064944438301399,-0.03473037517455893,98.0,-0.04983740673797896,0.015107031563420031,0.07574478776876241,1.9844674545084815,ElasticNet,"{'mode': 'original', 'type': 'ElasticNet'}",9,"['pe_T6W50', 'l2_T6W50', 'lcc_T6W50', 'lsc_T6W50', 'atd_T6W50', 'diameter_T6W50', 'z_pe_T6W50', 'z_l2_T6W50', 'z_diameter_T6W50']",0.021581219657545857,0.06917531332944257,98.0,0.04537826649349422,0.02379704683594836,0.11931544953389539,1.9844674545084815,1.4106501787140189,1.4451455936782887,98.0,1.4278978861961538,0.017247707482134896,0.08647787205895306,1.9844674545084815,completed,True,COMPLETE
222,1.2874230898538854,2026-06-13 09:29:23.659171,2026-06-13 09:29:23.830422,0 days 00:00:00.171251,7.0,5.0,12.0,,,,,,,,,,,,DecisionTreeRegressor,,,,,,4,,,,,,,,False,,,,,,,,,,,,,,,,,,,,,,,,,,,,,,,,,,,,,,,,,,,,,,,,,,,,,DecisionTreeRegressor,"{'mode': 'original', 'type': 'DecisionTreeRegressor'}",4,"['re_T6W50', 'pe_T6W50', 'diameter_T6W50', 'z_lsc_T6W50']",,,,,,,,,,,,,,,pruned,False,PRUNED
223,1.1539434496485708,2026-06-13 09:29:23.846956,2026-06-13 09:29:35.436564,0 days 00:00:11.589608,,,,,,,,,,,,,,,RandomForestRegressor,9.0,,4.0,7.0,75.0,20,,,,,,,,False,,,,,,,,,-0.0915099675113324,-0.06848956162763369,98.0,-0.07999976456948305,0.01151020294184936,0.05771073392848542,1.9844674545084815,1.1386787942872514,1.1692081050098901,98.0,1.1539434496485708,0.015264655361319308,0.07653509399596964,1.9844674545084815,337785406899159.4,433034627427975.9,98.0,385410017163567.6,47624610264408.23,238783905488245.16,1.9844674545084815,3.224461942283804,3.3374813626625186,98.0,3.2809716524731614,0.056509710189357416,0.28333269757186774,1.9844674545084815,1.0106633224645625,1.055276411644093,98.0,1.0329698670543277,0.02230654458976527,0.11184225562203709,1.9844674545084815,99.0,0.6363636363636364,-0.06554461692818307,-0.024125528091394552,98.0,-0.04483507250978881,0.02070954441839426,0.10383509428532048,1.9844674545084815,RandomForestRegressor,"{'mode': 'original', 'type': 'RandomForestRegressor'}",20,"['edges_T6W50', 're_T6W50', 'pe_T6W50', 'l1_T6W50', 'l2_T6W50', 'l3_T6W50', 'lcc_T6W50', 'lsc_T6W50', 'density_T6W50', 'diameter_T6W50', 'asp_T6W50', 'z_re_T6W50', 'z_pe_T6W50', 'z_l1_T6W50', 'z_l2_T6W50', 'z_l3_T6W50', 'z_lsc_T6W50', 'z_density_T6W50', 'z_diameter_T6W50', 'z_asp_T6W50']",0.058157362900222,0.1166691118131635,98.0,0.08741323735669275,0.029255874456470755,0.1466853360564017,1.9844674545084815,1.4055161890315608,1.4407559816226814,98.0,1.423136085327121,0.017619896295560215,0.08834398073586022,1.9844674545084815,completed,False,COMPLETE
224,1.149461165956544,2026-06-13 09:29:35.449515,2026-06-13 09:30:09.069457,0 days 00:00:33.619942,,,,,,,,,,,,,,,RandomForestRegressor,17.0,,5.0,5.0,267.0,18,,,,,,,,True,,,,,,,,,-0.08643428606901339,-0.06503470574424812,98.0,-0.07573449590663076,0.010699790162382634,0.05364742448691149,1.9844674545084815,1.134633227715952,1.1642891041971357,98.0,1.149461165956544,0.01482793824059181,0.07434544836733492,1.9844674545084815,337182821105675.8,432956832479749.2,98.0,385069826792712.5,47887005687036.664,240099523683325.3,1.9844674545084815,3.207354985612881,3.3105551908821425,98.0,3.258955088247512,0.05160010263463065,0.2587165325298121,1.9844674545084815,1.0004165124511348,1.044522647175668,98.0,1.0224695798134014,0.022053067362266487,0.11057135215430361,1.9844674545084815,99.0,0.5959595959595959,-0.05502109908557226,-0.01701423986565032,98.0,-0.03601766947561129,0.01900342960996097,0.09528084565405154,1.9844674545084815,RandomForestRegressor,"{'mode': 'original', 'type': 'RandomForestRegressor'}",18,"['re_T6W50', 'pe_T6W50', 'l1_T6W50', 'l2_T6W50', 'l3_T6W50', 'lsc_T6W50', 'density_T6W50', 'diameter_T6W50', 'asp_T6W50', 'z_re_T6W50', 'z_pe_T6W50', 'z_l1_T6W50', 'z_l2_T6W50', 'z_l3_T6W50', 'z_lsc_T6W50', 'z_density_T6W50', 'z_diameter_T6W50', 'z_asp_T6W50']",0.0598779838211351,0.11641110596427495,98.0,0.08814454489270503,0.02826656107156993,0.14172504110623052,1.9844674545084815,1.4003490975967663,1.4344670528746566,98.0,1.4174080752357114,0.01705897763894519,0.08553160396796354,1.9844674545084815,completed,True,COMPLETE
225,1.0747759808022685,2026-06-13 09:30:09.083457,2026-06-13 09:30:11.858287,0 days 00:00:02.774830,,,,,,,,,,,,,,0.007258824163134309,QuantileRegressor,,,,,,15,,,,,,,,False,,,,,,,,,-0.00994859176537205,-0.0005566431854176664,98.0,-0.005252617475394858,0.004695974289977192,0.023545034275506763,1.9844674545084815,1.0620446967894392,1.0875072648150979,98.0,1.0747759808022685,0.012731284012829214,0.06383308339082304,1.9844674545084815,377686231997927.44,482009015142851.44,98.0,429847623570389.44,52161391572462.016,261530765841929.88,1.9844674545084815,2.998508568792348,3.052810349320017,98.0,3.0256594590561825,0.027150890263834427,0.13613120566629194,1.9844674545084815,0.9982015537094282,1.0098681833029912,98.0,1.0040348685062097,0.005833314796781487,0.02924751890639247,1.9844674545084815,99.0,0.9494949494949495,-0.014644632092083627,-0.0038916965858040936,98.0,-0.00926816433894386,0.005376467753139766,0.026956944334004744,1.9844674545084815,QuantileRegressor,"{'mode': 'original', 'type': 'QuantileRegressor'}",15,"['lcc_T6W50', 'lsc_T6W50', 'atd_T6W50', 'density_T6W50', 'diameter_T6W50', 'asp_T6W50', 'z_re_T6W50', 'z_pe_T6W50', 'z_l1_T6W50', 'z_l2_T6W50', 'z_l3_T6W50', 'z_lsc_T6W50', 'z_density_T6W50', 'z_diameter_T6W50', 'z_asp_T6W50']",-0.10138146766946171,-0.000856680424978308,27.0,-0.051119074047220006,0.0502623936222417,0.1296225909062,2.0518305164802846,1.3851902098137572,1.4174932521786503,98.0,1.4013417309962037,0.016151521182446577,0.08098172953245135,1.9844674545084815,completed,False,COMPLETE
226,1.5813071895424837,2026-06-13 09:30:11.874626,2026-06-13 09:30:12.308306,0 days 00:00:00.433680,12.0,2.0,4.0,,,,,,,,,,,,DecisionTreeRegressor,,,,,,18,,,,,,,,False,,,,,,,,,,,,,,,,,,,,,,,,,,,,,,,,,,,,,,,,,,,,,,,,,,,,,DecisionTreeRegressor,"{'mode': 'original', 'type': 'DecisionTreeRegressor'}",18,"['edges_T6W50', 're_T6W50', 'pe_T6W50', 'l1_T6W50', 'l2_T6W50', 'l3_T6W50', 'lcc_T6W50', 'lsc_T6W50', 'density_T6W50', 'diameter_T6W50', 'z_re_T6W50', 'z_pe_T6W50', 'z_l1_T6W50', 'z_l3_T6W50', 'z_lsc_T6W50', 'z_density_T6W50', 'z_diameter_T6W50', 'z_asp_T6W50']",,,,,,,,,,,,,,,pruned,False,PRUNED
227,1.128634545767337,2026-06-13 09:30:12.320690,2026-06-13 09:30:28.196114,0 days 00:00:15.875424,,,,,,,,,,,,,,,RandomForestRegressor,7.0,sqrt,5.0,2.0,162.0,5,,,,,,,,False,,,,,,,,,-0.06660263543513732,-0.04510393476350803,98.0,-0.05585328509932268,0.010749350335814646,0.053895913066724914,1.9844674545084815,1.1126832769165198,1.1445858146181542,98.0,1.128634545767337,0.01595126885081731,0.0799776891095673,1.9844674545084815,344060829024969.9,440386682622403.0,98.0,392223755823686.44,48162926798716.555,241482958010405.16,1.9844674545084815,3.2109125013700353,3.3179216049763087,98.0,3.264417053173172,0.05350455180313687,0.26826520511180296,1.9844674545084815,0.9663539892170108,1.0100876831383732,98.0,0.988220836177692,0.021866846960681224,0.1096376660931423,1.9844674545084815,99.0,0.43434343434343436,-0.020863966279871603,0.0156854946670267,98.0,-0.002589235806422453,0.01827473047344915,0.09162723831162586,1.9844674545084815,RandomForestRegressor,"{'mode': 'original', 'type': 'RandomForestRegressor'}",5,"['re_T6W50', 'pe_T6W50', 'l3_T6W50', 'lsc_T6W50', 'z_density_T6W50']",0.1288267961012939,0.18510065046145244,98.0,0.15696372328137317,0.028136927180079253,0.141075072807867,1.9844674545084815,1.3767098300478642,1.4128902700715864,98.0,1.3948000500597253,0.018090220011861054,0.09070212567811901,1.9844674545084815,completed,False,COMPLETE
