number,value,datetime_start,datetime_complete,duration,params_dt_max_depth,params_dt_min_samples_leaf,params_dt_min_samples_split,params_elastic_alpha,params_elastic_l1_ratio,params_et_max_depth,params_et_max_features,params_et_min_samples_leaf,params_et_min_samples_split,params_et_n_estimators,params_knn_metric,params_knn_n_neighbors,params_knn_weights,params_quantile_alpha,params_regressor,params_rf_max_depth,params_rf_max_features,params_rf_min_samples_leaf,params_rf_min_samples_split,params_rf_n_estimators,params_rfe_n_features,params_rfe_proxy_et_max_depth,params_rfe_proxy_et_min_samples_leaf,params_rfe_proxy_et_min_samples_split,params_rfe_proxy_et_n_estimators,params_rfe_proxy_lsvr_C,params_rfe_proxy_lsvr_epsilon,params_rfe_proxy_type,params_use_scaler,params_xgb_booster,params_xgb_colsample_bytree,params_xgb_learning_rate,params_xgb_max_depth,params_xgb_n_estimators,params_xgb_reg_alpha,params_xgb_reg_lambda,params_xgb_subsample,user_attrs_d2mae_ci_lower_val,user_attrs_d2mae_ci_upper_val,user_attrs_d2mae_df_val,user_attrs_d2mae_mean_val,user_attrs_d2mae_samperror_val,user_attrs_d2mae_std_val,user_attrs_d2mae_t_critical_val,user_attrs_mae_ci_lower_val,user_attrs_mae_ci_upper_val,user_attrs_mae_df_val,user_attrs_mae_mean_val,user_attrs_mae_samperror_val,user_attrs_mae_std_val,user_attrs_mae_t_critical_val,user_attrs_mape_ci_lower_val,user_attrs_mape_ci_upper_val,user_attrs_mape_df_val,user_attrs_mape_mean_val,user_attrs_mape_samperror_val,user_attrs_mape_std_val,user_attrs_mape_t_critical_val,user_attrs_max_error_ci_lower_val,user_attrs_max_error_ci_upper_val,user_attrs_max_error_df_val,user_attrs_max_error_mean_val,user_attrs_max_error_samperror_val,user_attrs_max_error_std_val,user_attrs_max_error_t_critical_val,user_attrs_median_ae_ci_lower_val,user_attrs_median_ae_ci_upper_val,user_attrs_median_ae_df_val,user_attrs_median_ae_mean_val,user_attrs_median_ae_samperror_val,user_attrs_median_ae_std_val,user_attrs_median_ae_t_critical_val,user_attrs_n_splits_val,user_attrs_r2_below_zero_val,user_attrs_r2_ci_lower_val,user_attrs_r2_ci_upper_val,user_attrs_r2_df_val,user_attrs_r2_mean_val,user_attrs_r2_samperror_val,user_attrs_r2_std_val,user_attrs_r2_t_critical_val,user_attrs_regressor_final,user_attrs_rfe_estimator,user_attrs_rfe_n_features,user_attrs_rfe_selected_features,user_attrs_rho_ci_lower_val,user_attrs_rho_ci_upper_val,user_attrs_rho_df_val,user_attrs_rho_mean_val,user_attrs_rho_samperror_val,user_attrs_rho_std_val,user_attrs_rho_t_critical_val,user_attrs_rmse_ci_lower_val,user_attrs_rmse_ci_upper_val,user_attrs_rmse_df_val,user_attrs_rmse_mean_val,user_attrs_rmse_samperror_val,user_attrs_rmse_std_val,user_attrs_rmse_t_critical_val,user_attrs_termination_reason,user_attrs_use_scaler_final,state
26,2.8308575955634785,2026-06-12 10:40:01.717137,2026-06-12 10:40:04.055794,0 days 00:00:02.338657,,,,,,,,,,,,,,1.0166219228709088,QuantileRegressor,,,,,,13,,,,,,,,True,,,,,,,,,-0.0008710167252312757,5.380273699555165e-05,98.0,-0.00040860699411786203,0.0004624097311134137,0.002318465199358251,1.9844674545084815,2.805429745831736,2.856285445295221,98.0,2.8308575955634785,0.02542784973174255,0.12749209355003127,1.9844674545084815,813460468866446.8,1032935100287233.8,98.0,923197784576840.2,109737315710393.47,550209328278897.0,1.9844674545084815,8.622879029919044,8.932676525636513,98.0,8.777777777777779,0.154898747858735,0.7766431633476233,1.9844674545084815,2.487116641790159,2.684600529927013,98.0,2.585858585858586,0.09874194406842689,0.49507989481189746,1.9844674545084815,99.0,1.0,-0.026651425313173705,-0.023247098953300478,98.0,-0.02494926213323709,0.0017021631799366132,0.008534435654737752,1.9844674545084815,QuantileRegressor,"{'mode': 'original', 'type': 'QuantileRegressor'}",13,"['nodes_T6W40', 'edges_T6W40', 're_T6W40', 'pe_T6W40', 'l1_T6W40', 'l2_T6W40', 'l3_T6W40', 'lcc_T6W40', 'lsc_T6W40', 'atd_T6W40', 'density_T6W40', 'diameter_T6W40', 'asp_T6W40']",,,,,,,,3.4768582676552087,3.554941969341382,98.0,3.5159001184982954,0.03904185084308663,0.19575101129528585,1.9844674545084815,completed,True,COMPLETE
27,2.8308575955634785,2026-06-12 10:40:04.068858,2026-06-12 10:40:06.351839,0 days 00:00:02.282981,,,,,,,,,,,,,,1.1510127440123843,QuantileRegressor,,,,,,6,,,,,,,,True,,,,,,,,,-0.0008710167252312757,5.380273699555165e-05,98.0,-0.00040860699411786203,0.0004624097311134137,0.002318465199358251,1.9844674545084815,2.805429745831736,2.856285445295221,98.0,2.8308575955634785,0.02542784973174255,0.12749209355003127,1.9844674545084815,813460468866446.8,1032935100287233.8,98.0,923197784576840.2,109737315710393.47,550209328278897.0,1.9844674545084815,8.622879029919044,8.932676525636513,98.0,8.777777777777779,0.154898747858735,0.7766431633476233,1.9844674545084815,2.487116641790159,2.684600529927013,98.0,2.585858585858586,0.09874194406842689,0.49507989481189746,1.9844674545084815,99.0,1.0,-0.026651425313173705,-0.023247098953300478,98.0,-0.02494926213323709,0.0017021631799366132,0.008534435654737752,1.9844674545084815,QuantileRegressor,"{'mode': 'original', 'type': 'QuantileRegressor'}",6,"['lcc_T6W40', 'lsc_T6W40', 'atd_T6W40', 'density_T6W40', 'diameter_T6W40', 'asp_T6W40']",,,,,,,,3.4768582676552087,3.554941969341382,98.0,3.5159001184982954,0.03904185084308663,0.19575101129528585,1.9844674545084815,completed,True,COMPLETE
28,2.8308575955634785,2026-06-12 10:40:06.364298,2026-06-12 10:40:08.586163,0 days 00:00:02.221865,,,,,,,,,,,,,,1.0118151916131557,QuantileRegressor,,,,,,9,,,,,,,,True,,,,,,,,,-0.0008710167252312757,5.380273699555165e-05,98.0,-0.00040860699411786203,0.0004624097311134137,0.002318465199358251,1.9844674545084815,2.805429745831736,2.856285445295221,98.0,2.8308575955634785,0.02542784973174255,0.12749209355003127,1.9844674545084815,813460468866446.8,1032935100287233.8,98.0,923197784576840.2,109737315710393.47,550209328278897.0,1.9844674545084815,8.622879029919044,8.932676525636513,98.0,8.777777777777779,0.154898747858735,0.7766431633476233,1.9844674545084815,2.487116641790159,2.684600529927013,98.0,2.585858585858586,0.09874194406842689,0.49507989481189746,1.9844674545084815,99.0,1.0,-0.026651425313173705,-0.023247098953300478,98.0,-0.02494926213323709,0.0017021631799366132,0.008534435654737752,1.9844674545084815,QuantileRegressor,"{'mode': 'original', 'type': 'QuantileRegressor'}",9,"['l1_T6W40', 'l2_T6W40', 'l3_T6W40', 'lcc_T6W40', 'lsc_T6W40', 'atd_T6W40', 'density_T6W40', 'diameter_T6W40', 'asp_T6W40']",,,,,,,,3.4768582676552087,3.554941969341382,98.0,3.5159001184982954,0.03904185084308663,0.19575101129528585,1.9844674545084815,completed,True,COMPLETE
29,2.8308575955634785,2026-06-12 10:40:08.643624,2026-06-12 10:40:10.894899,0 days 00:00:02.251275,,,,,,,,,,,,,,2.4092761277809087,QuantileRegressor,,,,,,11,,,,,,,,True,,,,,,,,,-0.0008710167252312757,5.380273699555165e-05,98.0,-0.00040860699411786203,0.0004624097311134137,0.002318465199358251,1.9844674545084815,2.805429745831736,2.856285445295221,98.0,2.8308575955634785,0.02542784973174255,0.12749209355003127,1.9844674545084815,813460468866446.8,1032935100287233.8,98.0,923197784576840.2,109737315710393.47,550209328278897.0,1.9844674545084815,8.622879029919044,8.932676525636513,98.0,8.777777777777779,0.154898747858735,0.7766431633476233,1.9844674545084815,2.487116641790159,2.684600529927013,98.0,2.585858585858586,0.09874194406842689,0.49507989481189746,1.9844674545084815,99.0,1.0,-0.026651425313173705,-0.023247098953300478,98.0,-0.02494926213323709,0.0017021631799366132,0.008534435654737752,1.9844674545084815,QuantileRegressor,"{'mode': 'original', 'type': 'QuantileRegressor'}",11,"['re_T6W40', 'pe_T6W40', 'l1_T6W40', 'l2_T6W40', 'l3_T6W40', 'lcc_T6W40', 'lsc_T6W40', 'atd_T6W40', 'density_T6W40', 'diameter_T6W40', 'asp_T6W40']",,,,,,,,3.4768582676552087,3.554941969341382,98.0,3.5159001184982954,0.03904185084308663,0.19575101129528585,1.9844674545084815,completed,True,COMPLETE
30,2.8830353930861103,2026-06-12 10:40:10.907693,2026-06-12 10:40:12.895205,0 days 00:00:01.987512,,,,,,,,,,,,,,,XGBRegressor,,,,,,10,,,,,,,,True,gblinear,0.9877207939898166,0.1487630406578026,10.0,50.0,5.092222138472368,0.0003486811621842339,0.5266320477783109,-0.02125202521314262,-0.0168062003668395,98.0,-0.01902911278999106,0.002222912423151559,0.011145407952139247,1.9844674545084815,2.8587110762049965,2.907359709967224,98.0,2.8830353930861103,0.024324316881113865,0.12195911632576151,1.9844674545084815,903167439361029.2,1147455529434120.0,98.0,1025311484397574.6,122144045036545.42,612415134612773.1,1.9844674545084815,8.071146616027248,8.387843307623319,98.0,8.229494961825283,0.1583483457980361,0.7939390207570037,1.9844674545084815,2.5324618867800806,2.551174425993653,98.0,2.5418181563868667,0.009356269606785955,0.04691117859244656,1.9844674545084815,99.0,1.0,-0.0023597841204371023,-0.0013248245433528983,98.0,-0.0018423043318950003,0.0005174797885421021,0.0025945796560493868,1.9844674545084815,XGBRegressor,"{'mode': 'original', 'type': 'XGBRegressor'}",10,"['pe_T6W40', 'l1_T6W40', 'l2_T6W40', 'l3_T6W40', 'lcc_T6W40', 'lsc_T6W40', 'atd_T6W40', 'density_T6W40', 'diameter_T6W40', 'asp_T6W40']",,,,,,,,3.438656665230957,3.512665858701028,98.0,3.4756612619659926,0.037004596735035505,0.18553647117219382,1.9844674545084815,completed,True,COMPLETE
31,2.8308575955634785,2026-06-12 10:40:12.907966,2026-06-12 10:40:15.129528,0 days 00:00:02.221562,,,,,,,,,,,,,,9.881925806389996,QuantileRegressor,,,,,,7,,,,,,,,True,,,,,,,,,-0.0008710167252312757,5.380273699555165e-05,98.0,-0.00040860699411786203,0.0004624097311134137,0.002318465199358251,1.9844674545084815,2.805429745831736,2.856285445295221,98.0,2.8308575955634785,0.02542784973174255,0.12749209355003127,1.9844674545084815,813460468866446.8,1032935100287233.8,98.0,923197784576840.2,109737315710393.47,550209328278897.0,1.9844674545084815,8.622879029919044,8.932676525636513,98.0,8.777777777777779,0.154898747858735,0.7766431633476233,1.9844674545084815,2.487116641790159,2.684600529927013,98.0,2.585858585858586,0.09874194406842689,0.49507989481189746,1.9844674545084815,99.0,1.0,-0.026651425313173705,-0.023247098953300478,98.0,-0.02494926213323709,0.0017021631799366132,0.008534435654737752,1.9844674545084815,QuantileRegressor,"{'mode': 'original', 'type': 'QuantileRegressor'}",7,"['l3_T6W40', 'lcc_T6W40', 'lsc_T6W40', 'atd_T6W40', 'density_T6W40', 'diameter_T6W40', 'asp_T6W40']",,,,,,,,3.4768582676552087,3.554941969341382,98.0,3.5159001184982954,0.03904185084308663,0.19575101129528585,1.9844674545084815,completed,True,COMPLETE
32,2.8308575955634785,2026-06-12 10:40:15.142177,2026-06-12 10:40:17.330959,0 days 00:00:02.188782,,,,,,,,,,,,,,8.2816321649612,QuantileRegressor,,,,,,6,,,,,,,,True,,,,,,,,,-0.0008710167252312757,5.380273699555165e-05,98.0,-0.00040860699411786203,0.0004624097311134137,0.002318465199358251,1.9844674545084815,2.805429745831736,2.856285445295221,98.0,2.8308575955634785,0.02542784973174255,0.12749209355003127,1.9844674545084815,813460468866446.8,1032935100287233.8,98.0,923197784576840.2,109737315710393.47,550209328278897.0,1.9844674545084815,8.622879029919044,8.932676525636513,98.0,8.777777777777779,0.154898747858735,0.7766431633476233,1.9844674545084815,2.487116641790159,2.684600529927013,98.0,2.585858585858586,0.09874194406842689,0.49507989481189746,1.9844674545084815,99.0,1.0,-0.026651425313173705,-0.023247098953300478,98.0,-0.02494926213323709,0.0017021631799366132,0.008534435654737752,1.9844674545084815,QuantileRegressor,"{'mode': 'original', 'type': 'QuantileRegressor'}",6,"['lcc_T6W40', 'lsc_T6W40', 'atd_T6W40', 'density_T6W40', 'diameter_T6W40', 'asp_T6W40']",,,,,,,,3.4768582676552087,3.554941969341382,98.0,3.5159001184982954,0.03904185084308663,0.19575101129528585,1.9844674545084815,completed,True,COMPLETE
33,2.886590498973168,2026-06-12 10:40:17.343117,2026-06-12 10:40:19.294414,0 days 00:00:01.951297,,,,0.0015982363229020825,0.041994011296772604,,,,,,,,,,ElasticNet,,,,,,7,,,,,,,,True,,,,,,,,,-0.027483263080606394,-0.012733344196823582,98.0,-0.020108303638714988,0.007374959441891407,0.03697713448100006,1.9844674545084815,2.8535396374446123,2.919641360501724,98.0,2.886590498973168,0.03305086152855581,0.16571293185863123,1.9844674545084815,870363856351394.5,1103303068411358.5,98.0,986833462381376.5,116469606029981.97,583964199268223.4,1.9844674545084815,8.536982440510467,8.978702412063146,98.0,8.757842426286807,0.22085998577633917,1.107364651951086,1.9844674545084815,2.4713135577444425,2.5486882202827297,98.0,2.510000889013586,0.03868733126914344,0.1939734939997491,1.9844674545084815,99.0,0.7171717171717171,-0.0597347648733202,-0.031205161518482218,98.0,-0.04546996319590121,0.014264801677418988,0.07152195129027585,1.9844674545084815,ElasticNet,"{'mode': 'original', 'type': 'ElasticNet'}",7,"['re_T6W40', 'pe_T6W40', 'l1_T6W40', 'l2_T6W40', 'lcc_T6W40', 'lsc_T6W40', 'asp_T6W40']",0.028913801159839336,0.08027636387737871,98.0,0.05459508251860903,0.02568128135876969,0.12876276838263995,1.9844674545084815,3.502397127133406,3.5962777488139506,98.0,3.549337437973678,0.04694031084027243,0.23535291281216192,1.9844674545084815,completed,True,COMPLETE
34,2.8646580564334325,2026-06-12 10:40:19.307201,2026-06-12 10:40:42.928180,0 days 00:00:23.620979,,,,,,2.0,sqrt,1.0,7.0,495.0,,,,,ExtraTreesRegressor,,,,,,8,,,,,,,,True,,,,,,,,,-0.01593638777431624,-0.008996009332382492,98.0,-0.012466198553349366,0.0034701892209668735,0.017399099548851233,1.9844674545084815,2.8384752711810357,2.8908408416858293,98.0,2.8646580564334325,0.026182785252396652,0.13127724687753908,1.9844674545084815,880137464213696.9,1117037302829485.6,98.0,998587383521591.2,118449919307894.36,593893245111639.8,1.9844674545084815,8.142880804406982,8.498209853360674,98.0,8.320545328883828,0.17766452447684575,0.8907879515603695,1.9844674545084815,2.506389482185754,2.573684514895784,98.0,2.540036998540769,0.033647516355015145,0.16870448536215343,1.9844674545084815,99.0,0.46464646464646464,-0.008032680861822197,0.0022278624946112605,98.0,-0.0029024091836054684,0.005130271678216729,0.025722547664727775,1.9844674545084815,ExtraTreesRegressor,"{'mode': 'original', 'type': 'ExtraTreesRegressor'}",8,"['nodes_T6W40', 're_T6W40', 'l1_T6W40', 'lcc_T6W40', 'atd_T6W40', 'density_T6W40', 'diameter_T6W40', 'asp_T6W40']",0.08406563917420234,0.13009965982803912,98.0,0.10708264950112073,0.02301701032691839,0.11540444295524853,1.9844674545084815,3.4385285060219077,3.5163631340006978,98.0,3.4774458200113028,0.03891731398939521,0.19512659891402842,1.9844674545084815,completed,True,COMPLETE
35,2.8308575955634785,2026-06-12 10:40:42.941397,2026-06-12 10:40:45.209090,0 days 00:00:02.267693,,,,,,,,,,,,,,0.23324248381604706,QuantileRegressor,,,,,,5,,,,,,,,False,,,,,,,,,-0.0008710167252312757,5.380273699555165e-05,98.0,-0.00040860699411786203,0.0004624097311134137,0.002318465199358251,1.9844674545084815,2.805429745831736,2.856285445295221,98.0,2.8308575955634785,0.02542784973174255,0.12749209355003127,1.9844674545084815,813460468866446.8,1032935100287233.8,98.0,923197784576840.2,109737315710393.47,550209328278897.0,1.9844674545084815,8.622879029919044,8.932676525636513,98.0,8.777777777777779,0.154898747858735,0.7766431633476233,1.9844674545084815,2.487116641790159,2.684600529927013,98.0,2.585858585858586,0.09874194406842689,0.49507989481189746,1.9844674545084815,99.0,1.0,-0.026651425313173705,-0.023247098953300478,98.0,-0.02494926213323709,0.0017021631799366132,0.008534435654737752,1.9844674545084815,QuantileRegressor,"{'mode': 'original', 'type': 'QuantileRegressor'}",5,"['lsc_T6W40', 'atd_T6W40', 'density_T6W40', 'diameter_T6W40', 'asp_T6W40']",,,,,,,,3.4768582676552087,3.554941969341382,98.0,3.5159001184982954,0.03904185084308663,0.19575101129528585,1.9844674545084815,completed,False,COMPLETE
36,2.9055500339131433,2026-06-12 10:40:45.221526,2026-06-12 10:40:46.903020,0 days 00:00:01.681494,,,,,,,,,,,,,,,LinearRegression,,,,,,7,,,,,,,,True,,,,,,,,,-0.03454831425109586,-0.019262785275448738,98.0,-0.0269055497632723,0.007642764487823561,0.03831987585824403,1.9844674545084815,2.8725374246538826,2.938562643172404,98.0,2.9055500339131433,0.033012609259260514,0.16552113971155832,1.9844674545084815,863116128032730.0,1095698011121626.8,98.0,979407069577178.4,116290941544448.36,583068397635603.0,1.9844674545084815,8.430125747681878,8.883345302067163,98.0,8.65673552487452,0.22660977719264183,1.1361933949582201,1.9844674545084815,2.513012201196533,2.587785032535642,98.0,2.5503986168660875,0.037386415669554376,0.18745086408517717,1.9844674545084815,99.0,0.7575757575757576,-0.06920471736114808,-0.037866734516461165,98.0,-0.053535725938804624,0.015668991422343456,0.07856238499625388,1.9844674545084815,LinearRegression,"{'mode': 'original', 'type': 'LinearRegression'}",7,"['nodes_T6W40', 'pe_T6W40', 'lcc_T6W40', 'lsc_T6W40', 'atd_T6W40', 'density_T6W40', 'asp_T6W40']",0.026501924489212694,0.07463849830608281,98.0,0.05057021139764775,0.024068286908435058,0.1206754137094278,1.9844674545084815,3.514674391672055,3.6099871000434414,98.0,3.5623307458577482,0.04765635418569334,0.23894306558337006,1.9844674545084815,completed,True,COMPLETE
37,3.0572184687583857,2026-06-12 10:40:46.970650,2026-06-12 10:40:48.820046,0 days 00:00:01.849396,3.0,1.0,19.0,,,,,,,,,,,,DecisionTreeRegressor,,,,,,5,,,,,,,,False,,,,,,,,,-0.09224122723691534,-0.06904789550087208,98.0,-0.08064456136889371,0.011596665868021636,0.058144248346277676,1.9844674545084815,3.0166657563708794,3.097771181145892,98.0,3.0572184687583857,0.040552712387506434,0.2033262842103942,1.9844674545084815,926957292176197.8,1173201324318099.5,98.0,1050079308247148.6,123122016070950.88,617318560420421.9,1.9844674545084815,9.098231400499595,9.675528493345242,98.0,9.386879946922418,0.28864854642282445,1.447248110707526,1.9844674545084815,2.5343967272057797,2.653776303973632,98.0,2.594086515589706,0.05968978838392618,0.2992772163163,1.9844674545084815,99.0,0.9797979797979798,-0.22415464568587862,-0.17187396189668175,98.0,-0.19801430379128018,0.02614034189459845,0.13106444113108107,1.9844674545084815,DecisionTreeRegressor,"{'mode': 'original', 'type': 'DecisionTreeRegressor'}",5,"['edges_T6W40', 'l1_T6W40', 'lcc_T6W40', 'atd_T6W40', 'density_T6W40']",-0.049936807742042726,-0.0020296207407686853,98.0,-0.025983214241405705,0.02395359350063702,0.12010035514840818,1.9844674545084815,3.7392052177149933,3.8499917712154708,98.0,3.794598494465232,0.05539327675023873,0.2777350383924988,1.9844674545084815,completed,False,COMPLETE
38,2.8774493599444955,2026-06-12 10:40:48.842263,2026-06-12 10:41:26.635641,0 days 00:00:37.793378,,,,,,,,,,,,,,,RandomForestRegressor,2.0,sqrt,1.0,2.0,479.0,8,,,,,,,,True,,,,,,,,,-0.022698665752352448,-0.01141002110764901,98.0,-0.01705434343000073,0.0056443223223517185,0.02829993401484841,1.9844674545084815,2.8491912178141914,2.9057075020747996,98.0,2.8774493599444955,0.028258142130303903,0.1416828295760066,1.9844674545084815,873002072009265.1,1108738970334691.1,98.0,990870521171978.1,117868449162713.0,590977825721951.1,1.9844674545084815,8.304308374104869,8.70053862817497,98.0,8.50242350113992,0.19811512703504994,0.9933247433855271,1.9844674545084815,2.4470050921603375,2.525367255635215,98.0,2.486186173897776,0.039181081737438686,0.19644909777900563,1.9844674545084815,99.0,0.6464646464646465,-0.03419903852813992,-0.014948074321235898,98.0,-0.02457355642468791,0.009625482103452012,0.048260976753591915,1.9844674545084815,RandomForestRegressor,"{'mode': 'original', 'type': 'RandomForestRegressor'}",8,"['nodes_T6W40', 'pe_T6W40', 'l1_T6W40', 'lcc_T6W40', 'atd_T6W40', 'density_T6W40', 'diameter_T6W40', 'asp_T6W40']",0.045200581625808686,0.0932229600139476,98.0,0.06921177081987814,0.024011189194069454,0.12038913283164265,1.9844674545084815,3.473363471145288,3.554289366743678,98.0,3.513826418944483,0.040462947799195105,0.2028762156669978,1.9844674545084815,completed,True,COMPLETE
39,2.8565112060553113,2026-06-12 10:41:26.650172,2026-06-12 10:41:28.690305,0 days 00:00:02.040133,,,,0.03879333454329101,0.5262173782558855,,,,,,,,,,ElasticNet,,,,,,6,,,,,,,,False,,,,,,,,,-0.015125840083897904,-0.0039540821214083385,98.0,-0.009539961102653122,0.005585878981244783,0.028006906331014002,1.9844674545084815,2.827190284124117,2.8858321279865056,98.0,2.8565112060553113,0.0293209219311944,0.14701147604936804,1.9844674545084815,872414357536938.4,1106224933379455.9,98.0,989319645458197.1,116905287921258.78,586148654384433.1,1.9844674545084815,8.201285676503899,8.570255596167863,98.0,8.38577063633588,0.1844849598319816,0.9249847708558456,1.9844674545084815,2.482838042436939,2.55384853942664,98.0,2.5183432909317895,0.03550524849485043,0.17801892454051285,1.9844674545084815,99.0,0.494949494949495,-0.016879218640981696,0.0036050439182158415,98.0,-0.006637087361382928,0.01024213127959877,0.05135277945347615,1.9844674545084815,ElasticNet,"{'mode': 'original', 'type': 'ElasticNet'}",6,"['nodes_T6W40', 're_T6W40', 'pe_T6W40', 'l1_T6W40', 'lcc_T6W40', 'diameter_T6W40']",0.07340138010862197,0.12241464424865507,98.0,0.09790801217863852,0.024506632070016545,0.12287322213354267,1.9844674545084815,3.4413806575597525,3.5249086167538732,98.0,3.483144637156813,0.041763979597060415,0.20939942818535504,1.9844674545084815,completed,False,COMPLETE
