number,value,datetime_start,datetime_complete,duration,params_dt_max_depth,params_dt_min_samples_leaf,params_dt_min_samples_split,params_elastic_alpha,params_elastic_l1_ratio,params_et_max_depth,params_et_max_features,params_et_min_samples_leaf,params_et_min_samples_split,params_et_n_estimators,params_knn_metric,params_knn_n_neighbors,params_knn_weights,params_quantile_alpha,params_regressor,params_rf_max_depth,params_rf_max_features,params_rf_min_samples_leaf,params_rf_min_samples_split,params_rf_n_estimators,params_rfe_n_features,params_rfe_proxy_et_max_depth,params_rfe_proxy_et_min_samples_leaf,params_rfe_proxy_et_min_samples_split,params_rfe_proxy_et_n_estimators,params_rfe_proxy_lsvr_C,params_rfe_proxy_lsvr_epsilon,params_rfe_proxy_type,params_use_scaler,params_xgb_booster,params_xgb_colsample_bytree,params_xgb_learning_rate,params_xgb_max_depth,params_xgb_n_estimators,params_xgb_reg_alpha,params_xgb_reg_lambda,params_xgb_subsample,user_attrs_d2mae_ci_lower_val,user_attrs_d2mae_ci_upper_val,user_attrs_d2mae_df_val,user_attrs_d2mae_mean_val,user_attrs_d2mae_samperror_val,user_attrs_d2mae_std_val,user_attrs_d2mae_t_critical_val,user_attrs_mae_ci_lower_val,user_attrs_mae_ci_upper_val,user_attrs_mae_df_val,user_attrs_mae_mean_val,user_attrs_mae_samperror_val,user_attrs_mae_std_val,user_attrs_mae_t_critical_val,user_attrs_mape_ci_lower_val,user_attrs_mape_ci_upper_val,user_attrs_mape_df_val,user_attrs_mape_mean_val,user_attrs_mape_samperror_val,user_attrs_mape_std_val,user_attrs_mape_t_critical_val,user_attrs_max_error_ci_lower_val,user_attrs_max_error_ci_upper_val,user_attrs_max_error_df_val,user_attrs_max_error_mean_val,user_attrs_max_error_samperror_val,user_attrs_max_error_std_val,user_attrs_max_error_t_critical_val,user_attrs_median_ae_ci_lower_val,user_attrs_median_ae_ci_upper_val,user_attrs_median_ae_df_val,user_attrs_median_ae_mean_val,user_attrs_median_ae_samperror_val,user_attrs_median_ae_std_val,user_attrs_median_ae_t_critical_val,user_attrs_n_splits_val,user_attrs_r2_below_zero_val,user_attrs_r2_ci_lower_val,user_attrs_r2_ci_upper_val,user_attrs_r2_df_val,user_attrs_r2_mean_val,user_attrs_r2_samperror_val,user_attrs_r2_std_val,user_attrs_r2_t_critical_val,user_attrs_regressor_final,user_attrs_rfe_estimator,user_attrs_rfe_n_features,user_attrs_rfe_selected_features,user_attrs_rho_ci_lower_val,user_attrs_rho_ci_upper_val,user_attrs_rho_df_val,user_attrs_rho_mean_val,user_attrs_rho_samperror_val,user_attrs_rho_std_val,user_attrs_rho_t_critical_val,user_attrs_rmse_ci_lower_val,user_attrs_rmse_ci_upper_val,user_attrs_rmse_df_val,user_attrs_rmse_mean_val,user_attrs_rmse_samperror_val,user_attrs_rmse_std_val,user_attrs_rmse_t_critical_val,user_attrs_termination_reason,user_attrs_use_scaler_final,state
249,2.8308575955634785,2026-06-12 10:48:14.283954,2026-06-12 10:48:16.618593,0 days 00:00:02.334639,,,,,,,,,,,,,,0.391863699642867,QuantileRegressor,,,,,,6,,,,,,,,True,,,,,,,,,-0.0008710167252312757,5.380273699555165e-05,98.0,-0.00040860699411786203,0.0004624097311134137,0.002318465199358251,1.9844674545084815,2.805429745831736,2.856285445295221,98.0,2.8308575955634785,0.02542784973174255,0.12749209355003127,1.9844674545084815,813460468866446.8,1032935100287233.8,98.0,923197784576840.2,109737315710393.47,550209328278897.0,1.9844674545084815,8.622879029919044,8.932676525636513,98.0,8.777777777777779,0.154898747858735,0.7766431633476233,1.9844674545084815,2.487116641790159,2.684600529927013,98.0,2.585858585858586,0.09874194406842689,0.49507989481189746,1.9844674545084815,99.0,1.0,-0.026651425313173705,-0.023247098953300478,98.0,-0.02494926213323709,0.0017021631799366132,0.008534435654737752,1.9844674545084815,QuantileRegressor,"{'mode': 'original', 'type': 'QuantileRegressor'}",6,"['lcc_T6W40', 'lsc_T6W40', 'atd_T6W40', 'density_T6W40', 'diameter_T6W40', 'asp_T6W40']",,,,,,,,3.4768582676552087,3.554941969341382,98.0,3.5159001184982954,0.03904185084308663,0.19575101129528585,1.9844674545084815,completed,True,COMPLETE
250,2.8308575955634785,2026-06-12 10:48:16.641579,2026-06-12 10:48:18.999223,0 days 00:00:02.357644,,,,,,,,,,,,,,0.7469514983173104,QuantileRegressor,,,,,,4,,,,,,,,True,,,,,,,,,-0.0008710167252312757,5.380273699555165e-05,98.0,-0.00040860699411786203,0.0004624097311134137,0.002318465199358251,1.9844674545084815,2.805429745831736,2.856285445295221,98.0,2.8308575955634785,0.02542784973174255,0.12749209355003127,1.9844674545084815,813460468866446.8,1032935100287233.8,98.0,923197784576840.2,109737315710393.47,550209328278897.0,1.9844674545084815,8.622879029919044,8.932676525636513,98.0,8.777777777777779,0.154898747858735,0.7766431633476233,1.9844674545084815,2.487116641790159,2.684600529927013,98.0,2.585858585858586,0.09874194406842689,0.49507989481189746,1.9844674545084815,99.0,1.0,-0.026651425313173705,-0.023247098953300478,98.0,-0.02494926213323709,0.0017021631799366132,0.008534435654737752,1.9844674545084815,QuantileRegressor,"{'mode': 'original', 'type': 'QuantileRegressor'}",4,"['atd_T6W40', 'density_T6W40', 'diameter_T6W40', 'asp_T6W40']",,,,,,,,3.4768582676552087,3.554941969341382,98.0,3.5159001184982954,0.03904185084308663,0.19575101129528585,1.9844674545084815,completed,True,COMPLETE
251,2.8308575955634785,2026-06-12 10:48:19.015343,2026-06-12 10:48:21.516889,0 days 00:00:02.501546,,,,,,,,,,,,,,5.149289837188655,QuantileRegressor,,,,,,8,,,,,,,,True,,,,,,,,,-0.0008710167252312757,5.380273699555165e-05,98.0,-0.00040860699411786203,0.0004624097311134137,0.002318465199358251,1.9844674545084815,2.805429745831736,2.856285445295221,98.0,2.8308575955634785,0.02542784973174255,0.12749209355003127,1.9844674545084815,813460468866446.8,1032935100287233.8,98.0,923197784576840.2,109737315710393.47,550209328278897.0,1.9844674545084815,8.622879029919044,8.932676525636513,98.0,8.777777777777779,0.154898747858735,0.7766431633476233,1.9844674545084815,2.487116641790159,2.684600529927013,98.0,2.585858585858586,0.09874194406842689,0.49507989481189746,1.9844674545084815,99.0,1.0,-0.026651425313173705,-0.023247098953300478,98.0,-0.02494926213323709,0.0017021631799366132,0.008534435654737752,1.9844674545084815,QuantileRegressor,"{'mode': 'original', 'type': 'QuantileRegressor'}",8,"['l2_T6W40', 'l3_T6W40', 'lcc_T6W40', 'lsc_T6W40', 'atd_T6W40', 'density_T6W40', 'diameter_T6W40', 'asp_T6W40']",,,,,,,,3.4768582676552087,3.554941969341382,98.0,3.5159001184982954,0.03904185084308663,0.19575101129528585,1.9844674545084815,completed,True,COMPLETE
252,2.848617163669105,2026-06-12 10:48:21.530061,2026-06-12 10:48:21.768550,0 days 00:00:00.238489,,,,,,,,,,,,,,0.0011647403081050081,QuantileRegressor,,,,,,7,,,,,,,,True,,,,,,,,,,,,,,,,,,,,,,,,,,,,,,,,,,,,,,,,,,,,,,,,,,,,,QuantileRegressor,"{'mode': 'original', 'type': 'QuantileRegressor'}",7,"['nodes_T6W40', 're_T6W40', 'l1_T6W40', 'l3_T6W40', 'lcc_T6W40', 'lsc_T6W40', 'asp_T6W40']",,,,,,,,,,,,,,,pruned,True,PRUNED
253,2.8308575955634785,2026-06-12 10:48:21.778281,2026-06-12 10:48:23.956496,0 days 00:00:02.178215,,,,,,,,,,,,,,1.3329791260154626,QuantileRegressor,,,,,,8,,,,,,,,True,,,,,,,,,-0.0008710167252312757,5.380273699555165e-05,98.0,-0.00040860699411786203,0.0004624097311134137,0.002318465199358251,1.9844674545084815,2.805429745831736,2.856285445295221,98.0,2.8308575955634785,0.02542784973174255,0.12749209355003127,1.9844674545084815,813460468866446.8,1032935100287233.8,98.0,923197784576840.2,109737315710393.47,550209328278897.0,1.9844674545084815,8.622879029919044,8.932676525636513,98.0,8.777777777777779,0.154898747858735,0.7766431633476233,1.9844674545084815,2.487116641790159,2.684600529927013,98.0,2.585858585858586,0.09874194406842689,0.49507989481189746,1.9844674545084815,99.0,1.0,-0.026651425313173705,-0.023247098953300478,98.0,-0.02494926213323709,0.0017021631799366132,0.008534435654737752,1.9844674545084815,QuantileRegressor,"{'mode': 'original', 'type': 'QuantileRegressor'}",8,"['l2_T6W40', 'l3_T6W40', 'lcc_T6W40', 'lsc_T6W40', 'atd_T6W40', 'density_T6W40', 'diameter_T6W40', 'asp_T6W40']",,,,,,,,3.4768582676552087,3.554941969341382,98.0,3.5159001184982954,0.03904185084308663,0.19575101129528585,1.9844674545084815,completed,True,COMPLETE
254,2.961505697011475,2026-06-12 10:48:23.969211,2026-06-12 10:48:25.848375,0 days 00:00:01.879164,,,,,,20.0,,4.0,5.0,408.0,,,,,ExtraTreesRegressor,,,,,,9,,,,,,,,True,,,,,,,,,,,,,,,,,,,,,,,,,,,,,,,,,,,,,,,,,,,,,,,,,,,,,ExtraTreesRegressor,"{'mode': 'original', 'type': 'ExtraTreesRegressor'}",9,"['nodes_T6W40', 're_T6W40', 'l1_T6W40', 'l2_T6W40', 'lcc_T6W40', 'atd_T6W40', 'density_T6W40', 'diameter_T6W40', 'asp_T6W40']",,,,,,,,,,,,,,,pruned,True,PRUNED
255,2.8308575955634785,2026-06-12 10:48:25.859975,2026-06-12 10:48:28.052356,0 days 00:00:02.192381,,,,,,,,,,,,,,6.685702070092559,QuantileRegressor,,,,,,6,,,,,,,,True,,,,,,,,,-0.0008710167252312757,5.380273699555165e-05,98.0,-0.00040860699411786203,0.0004624097311134137,0.002318465199358251,1.9844674545084815,2.805429745831736,2.856285445295221,98.0,2.8308575955634785,0.02542784973174255,0.12749209355003127,1.9844674545084815,813460468866446.8,1032935100287233.8,98.0,923197784576840.2,109737315710393.47,550209328278897.0,1.9844674545084815,8.622879029919044,8.932676525636513,98.0,8.777777777777779,0.154898747858735,0.7766431633476233,1.9844674545084815,2.487116641790159,2.684600529927013,98.0,2.585858585858586,0.09874194406842689,0.49507989481189746,1.9844674545084815,99.0,1.0,-0.026651425313173705,-0.023247098953300478,98.0,-0.02494926213323709,0.0017021631799366132,0.008534435654737752,1.9844674545084815,QuantileRegressor,"{'mode': 'original', 'type': 'QuantileRegressor'}",6,"['lcc_T6W40', 'lsc_T6W40', 'atd_T6W40', 'density_T6W40', 'diameter_T6W40', 'asp_T6W40']",,,,,,,,3.4768582676552087,3.554941969341382,98.0,3.5159001184982954,0.03904185084308663,0.19575101129528585,1.9844674545084815,completed,True,COMPLETE
256,2.8308575955634785,2026-06-12 10:48:28.064936,2026-06-12 10:48:30.326209,0 days 00:00:02.261273,,,,,,,,,,,,,,9.69800295229556,QuantileRegressor,,,,,,7,,,,,,,,True,,,,,,,,,-0.0008710167252312757,5.380273699555165e-05,98.0,-0.00040860699411786203,0.0004624097311134137,0.002318465199358251,1.9844674545084815,2.805429745831736,2.856285445295221,98.0,2.8308575955634785,0.02542784973174255,0.12749209355003127,1.9844674545084815,813460468866446.8,1032935100287233.8,98.0,923197784576840.2,109737315710393.47,550209328278897.0,1.9844674545084815,8.622879029919044,8.932676525636513,98.0,8.777777777777779,0.154898747858735,0.7766431633476233,1.9844674545084815,2.487116641790159,2.684600529927013,98.0,2.585858585858586,0.09874194406842689,0.49507989481189746,1.9844674545084815,99.0,1.0,-0.026651425313173705,-0.023247098953300478,98.0,-0.02494926213323709,0.0017021631799366132,0.008534435654737752,1.9844674545084815,QuantileRegressor,"{'mode': 'original', 'type': 'QuantileRegressor'}",7,"['l3_T6W40', 'lcc_T6W40', 'lsc_T6W40', 'atd_T6W40', 'density_T6W40', 'diameter_T6W40', 'asp_T6W40']",,,,,,,,3.4768582676552087,3.554941969341382,98.0,3.5159001184982954,0.03904185084308663,0.19575101129528585,1.9844674545084815,completed,True,COMPLETE
257,2.8308575955634785,2026-06-12 10:48:30.351885,2026-06-12 10:48:32.872532,0 days 00:00:02.520647,,,,,,,,,,,,,,5.554729074231451,QuantileRegressor,,,,,,13,,,,,,,,True,,,,,,,,,-0.0008710167252312757,5.380273699555165e-05,98.0,-0.00040860699411786203,0.0004624097311134137,0.002318465199358251,1.9844674545084815,2.805429745831736,2.856285445295221,98.0,2.8308575955634785,0.02542784973174255,0.12749209355003127,1.9844674545084815,813460468866446.8,1032935100287233.8,98.0,923197784576840.2,109737315710393.47,550209328278897.0,1.9844674545084815,8.622879029919044,8.932676525636513,98.0,8.777777777777779,0.154898747858735,0.7766431633476233,1.9844674545084815,2.487116641790159,2.684600529927013,98.0,2.585858585858586,0.09874194406842689,0.49507989481189746,1.9844674545084815,99.0,1.0,-0.026651425313173705,-0.023247098953300478,98.0,-0.02494926213323709,0.0017021631799366132,0.008534435654737752,1.9844674545084815,QuantileRegressor,"{'mode': 'original', 'type': 'QuantileRegressor'}",13,"['nodes_T6W40', 'edges_T6W40', 're_T6W40', 'pe_T6W40', 'l1_T6W40', 'l2_T6W40', 'l3_T6W40', 'lcc_T6W40', 'lsc_T6W40', 'atd_T6W40', 'density_T6W40', 'diameter_T6W40', 'asp_T6W40']",,,,,,,,3.4768582676552087,3.554941969341382,98.0,3.5159001184982954,0.03904185084308663,0.19575101129528585,1.9844674545084815,completed,True,COMPLETE
258,2.8308575955634785,2026-06-12 10:48:32.886158,2026-06-12 10:48:35.033502,0 days 00:00:02.147344,,,,,,,,,,,,,,0.22873315212057907,QuantileRegressor,,,,,,3,,,,,,,,True,,,,,,,,,-0.0008710167252312757,5.380273699555165e-05,98.0,-0.00040860699411786203,0.0004624097311134137,0.002318465199358251,1.9844674545084815,2.805429745831736,2.856285445295221,98.0,2.8308575955634785,0.02542784973174255,0.12749209355003127,1.9844674545084815,813460468866446.8,1032935100287233.8,98.0,923197784576840.2,109737315710393.47,550209328278897.0,1.9844674545084815,8.622879029919044,8.932676525636513,98.0,8.777777777777779,0.154898747858735,0.7766431633476233,1.9844674545084815,2.487116641790159,2.684600529927013,98.0,2.585858585858586,0.09874194406842689,0.49507989481189746,1.9844674545084815,99.0,1.0,-0.026651425313173705,-0.023247098953300478,98.0,-0.02494926213323709,0.0017021631799366132,0.008534435654737752,1.9844674545084815,QuantileRegressor,"{'mode': 'original', 'type': 'QuantileRegressor'}",3,"['density_T6W40', 'diameter_T6W40', 'asp_T6W40']",,,,,,,,3.4768582676552087,3.554941969341382,98.0,3.5159001184982954,0.03904185084308663,0.19575101129528585,1.9844674545084815,completed,True,COMPLETE
259,3.0229380247772735,2026-06-12 10:48:35.046457,2026-06-12 10:48:35.332039,0 days 00:00:00.285582,,,,,,,,,,,manhattan,6.0,distance,,KNeighborsRegressor,,,,,,5,11.0,3.0,8.0,50.0,,,ExtraTrees,,,,,,,,,,,,,,,,,,,,,,,,,,,,,,,,,,,,,,,,,,,,,,,,,,,,,,KNeighborsRegressor,"{'mode': 'proxy', 'type': 'ExtraTrees'}",5,"['l1_T6W40', 'lcc_T6W40', 'atd_T6W40', 'density_T6W40', 'diameter_T6W40']",,,,,,,,,,,,,,,pruned,True,PRUNED
260,2.911708899546482,2026-06-12 10:48:35.342300,2026-06-12 10:48:36.813547,0 days 00:00:01.471247,,,,,,,,,,,,,,,RandomForestRegressor,6.0,,2.0,9.0,159.0,7,,,,,,,,False,,,,,,,,,,,,,,,,,,,,,,,,,,,,,,,,,,,,,,,,,,,,,,,,,,,,,RandomForestRegressor,"{'mode': 'original', 'type': 'RandomForestRegressor'}",7,"['l1_T6W40', 'l2_T6W40', 'l3_T6W40', 'lsc_T6W40', 'atd_T6W40', 'density_T6W40', 'diameter_T6W40']",,,,,,,,,,,,,,,pruned,False,PRUNED
261,2.8308575955634785,2026-06-12 10:48:36.823387,2026-06-12 10:48:39.200561,0 days 00:00:02.377174,,,,,,,,,,,,,,3.317824962049451,QuantileRegressor,,,,,,11,,,,,,,,True,,,,,,,,,-0.0008710167252312757,5.380273699555165e-05,98.0,-0.00040860699411786203,0.0004624097311134137,0.002318465199358251,1.9844674545084815,2.805429745831736,2.856285445295221,98.0,2.8308575955634785,0.02542784973174255,0.12749209355003127,1.9844674545084815,813460468866446.8,1032935100287233.8,98.0,923197784576840.2,109737315710393.47,550209328278897.0,1.9844674545084815,8.622879029919044,8.932676525636513,98.0,8.777777777777779,0.154898747858735,0.7766431633476233,1.9844674545084815,2.487116641790159,2.684600529927013,98.0,2.585858585858586,0.09874194406842689,0.49507989481189746,1.9844674545084815,99.0,1.0,-0.026651425313173705,-0.023247098953300478,98.0,-0.02494926213323709,0.0017021631799366132,0.008534435654737752,1.9844674545084815,QuantileRegressor,"{'mode': 'original', 'type': 'QuantileRegressor'}",11,"['re_T6W40', 'pe_T6W40', 'l1_T6W40', 'l2_T6W40', 'l3_T6W40', 'lcc_T6W40', 'lsc_T6W40', 'atd_T6W40', 'density_T6W40', 'diameter_T6W40', 'asp_T6W40']",,,,,,,,3.4768582676552087,3.554941969341382,98.0,3.5159001184982954,0.03904185084308663,0.19575101129528585,1.9844674545084815,completed,True,COMPLETE
262,2.8308575955634785,2026-06-12 10:48:39.214102,2026-06-12 10:48:41.466173,0 days 00:00:02.252071,,,,,,,,,,,,,,7.902484857368748,QuantileRegressor,,,,,,8,,,,,,,,True,,,,,,,,,-0.0008710167252312757,5.380273699555165e-05,98.0,-0.00040860699411786203,0.0004624097311134137,0.002318465199358251,1.9844674545084815,2.805429745831736,2.856285445295221,98.0,2.8308575955634785,0.02542784973174255,0.12749209355003127,1.9844674545084815,813460468866446.8,1032935100287233.8,98.0,923197784576840.2,109737315710393.47,550209328278897.0,1.9844674545084815,8.622879029919044,8.932676525636513,98.0,8.777777777777779,0.154898747858735,0.7766431633476233,1.9844674545084815,2.487116641790159,2.684600529927013,98.0,2.585858585858586,0.09874194406842689,0.49507989481189746,1.9844674545084815,99.0,1.0,-0.026651425313173705,-0.023247098953300478,98.0,-0.02494926213323709,0.0017021631799366132,0.008534435654737752,1.9844674545084815,QuantileRegressor,"{'mode': 'original', 'type': 'QuantileRegressor'}",8,"['l2_T6W40', 'l3_T6W40', 'lcc_T6W40', 'lsc_T6W40', 'atd_T6W40', 'density_T6W40', 'diameter_T6W40', 'asp_T6W40']",,,,,,,,3.4768582676552087,3.554941969341382,98.0,3.5159001184982954,0.03904185084308663,0.19575101129528585,1.9844674545084815,completed,True,COMPLETE
263,2.8308575955634785,2026-06-12 10:48:41.496604,2026-06-12 10:48:43.972875,0 days 00:00:02.476271,,,,,,,,,,,,,,1.8969516487415266,QuantileRegressor,,,,,,6,,,,,,,,True,,,,,,,,,-0.0008710167252312757,5.380273699555165e-05,98.0,-0.00040860699411786203,0.0004624097311134137,0.002318465199358251,1.9844674545084815,2.805429745831736,2.856285445295221,98.0,2.8308575955634785,0.02542784973174255,0.12749209355003127,1.9844674545084815,813460468866446.8,1032935100287233.8,98.0,923197784576840.2,109737315710393.47,550209328278897.0,1.9844674545084815,8.622879029919044,8.932676525636513,98.0,8.777777777777779,0.154898747858735,0.7766431633476233,1.9844674545084815,2.487116641790159,2.684600529927013,98.0,2.585858585858586,0.09874194406842689,0.49507989481189746,1.9844674545084815,99.0,1.0,-0.026651425313173705,-0.023247098953300478,98.0,-0.02494926213323709,0.0017021631799366132,0.008534435654737752,1.9844674545084815,QuantileRegressor,"{'mode': 'original', 'type': 'QuantileRegressor'}",6,"['lcc_T6W40', 'lsc_T6W40', 'atd_T6W40', 'density_T6W40', 'diameter_T6W40', 'asp_T6W40']",,,,,,,,3.4768582676552087,3.554941969341382,98.0,3.5159001184982954,0.03904185084308663,0.19575101129528585,1.9844674545084815,completed,True,COMPLETE
264,2.8308575955634785,2026-06-12 10:48:43.986840,2026-06-12 10:48:46.272311,0 days 00:00:02.285471,,,,,,,,,,,,,,0.4974006463789264,QuantileRegressor,,,,,,7,,,,,,,,True,,,,,,,,,-0.0008710167252312757,5.380273699555165e-05,98.0,-0.00040860699411786203,0.0004624097311134137,0.002318465199358251,1.9844674545084815,2.805429745831736,2.856285445295221,98.0,2.8308575955634785,0.02542784973174255,0.12749209355003127,1.9844674545084815,813460468866446.8,1032935100287233.8,98.0,923197784576840.2,109737315710393.47,550209328278897.0,1.9844674545084815,8.622879029919044,8.932676525636513,98.0,8.777777777777779,0.154898747858735,0.7766431633476233,1.9844674545084815,2.487116641790159,2.684600529927013,98.0,2.585858585858586,0.09874194406842689,0.49507989481189746,1.9844674545084815,99.0,1.0,-0.026651425313173705,-0.023247098953300478,98.0,-0.02494926213323709,0.0017021631799366132,0.008534435654737752,1.9844674545084815,QuantileRegressor,"{'mode': 'original', 'type': 'QuantileRegressor'}",7,"['l3_T6W40', 'lcc_T6W40', 'lsc_T6W40', 'atd_T6W40', 'density_T6W40', 'diameter_T6W40', 'asp_T6W40']",,,,,,,,3.4768582676552087,3.554941969341382,98.0,3.5159001184982954,0.03904185084308663,0.19575101129528585,1.9844674545084815,completed,True,COMPLETE
265,2.8308575955634785,2026-06-12 10:48:46.285628,2026-06-12 10:48:48.639854,0 days 00:00:02.354226,,,,,,,,,,,,,,0.9399737933155533,QuantileRegressor,,,,,,10,,,,,,,,True,,,,,,,,,-0.0008710167252312757,5.380273699555165e-05,98.0,-0.00040860699411786203,0.0004624097311134137,0.002318465199358251,1.9844674545084815,2.805429745831736,2.856285445295221,98.0,2.8308575955634785,0.02542784973174255,0.12749209355003127,1.9844674545084815,813460468866446.8,1032935100287233.8,98.0,923197784576840.2,109737315710393.47,550209328278897.0,1.9844674545084815,8.622879029919044,8.932676525636513,98.0,8.777777777777779,0.154898747858735,0.7766431633476233,1.9844674545084815,2.487116641790159,2.684600529927013,98.0,2.585858585858586,0.09874194406842689,0.49507989481189746,1.9844674545084815,99.0,1.0,-0.026651425313173705,-0.023247098953300478,98.0,-0.02494926213323709,0.0017021631799366132,0.008534435654737752,1.9844674545084815,QuantileRegressor,"{'mode': 'original', 'type': 'QuantileRegressor'}",10,"['pe_T6W40', 'l1_T6W40', 'l2_T6W40', 'l3_T6W40', 'lcc_T6W40', 'lsc_T6W40', 'atd_T6W40', 'density_T6W40', 'diameter_T6W40', 'asp_T6W40']",,,,,,,,3.4768582676552087,3.554941969341382,98.0,3.5159001184982954,0.03904185084308663,0.19575101129528585,1.9844674545084815,completed,True,COMPLETE
266,2.945886803556947,2026-06-12 10:48:48.653000,2026-06-12 10:48:48.772662,0 days 00:00:00.119662,,,,,,,,,,,,,,,LinearRegression,,,,,,13,,,,,,,,True,,,,,,,,,,,,,,,,,,,,,,,,,,,,,,,,,,,,,,,,,,,,,,,,,,,,,LinearRegression,"{'mode': 'original', 'type': 'LinearRegression'}",13,"['nodes_T6W40', 'edges_T6W40', 're_T6W40', 'pe_T6W40', 'l1_T6W40', 'l2_T6W40', 'l3_T6W40', 'lcc_T6W40', 'lsc_T6W40', 'atd_T6W40', 'density_T6W40', 'diameter_T6W40', 'asp_T6W40']",,,,,,,,,,,,,,,pruned,True,PRUNED
