number,value,datetime_start,datetime_complete,duration,params_dt_max_depth,params_dt_min_samples_leaf,params_dt_min_samples_split,params_elastic_alpha,params_elastic_l1_ratio,params_et_max_depth,params_et_max_features,params_et_min_samples_leaf,params_et_min_samples_split,params_et_n_estimators,params_knn_metric,params_knn_n_neighbors,params_knn_weights,params_quantile_alpha,params_regressor,params_rf_max_depth,params_rf_max_features,params_rf_min_samples_leaf,params_rf_min_samples_split,params_rf_n_estimators,params_rfe_n_features,params_rfe_proxy_et_max_depth,params_rfe_proxy_et_min_samples_leaf,params_rfe_proxy_et_min_samples_split,params_rfe_proxy_et_n_estimators,params_rfe_proxy_lsvr_C,params_rfe_proxy_lsvr_epsilon,params_rfe_proxy_type,params_use_scaler,params_xgb_booster,params_xgb_colsample_bytree,params_xgb_learning_rate,params_xgb_max_depth,params_xgb_n_estimators,params_xgb_reg_alpha,params_xgb_reg_lambda,params_xgb_subsample,user_attrs_d2mae_ci_lower_val,user_attrs_d2mae_ci_upper_val,user_attrs_d2mae_df_val,user_attrs_d2mae_mean_val,user_attrs_d2mae_samperror_val,user_attrs_d2mae_std_val,user_attrs_d2mae_t_critical_val,user_attrs_mae_ci_lower_val,user_attrs_mae_ci_upper_val,user_attrs_mae_df_val,user_attrs_mae_mean_val,user_attrs_mae_samperror_val,user_attrs_mae_std_val,user_attrs_mae_t_critical_val,user_attrs_mape_ci_lower_val,user_attrs_mape_ci_upper_val,user_attrs_mape_df_val,user_attrs_mape_mean_val,user_attrs_mape_samperror_val,user_attrs_mape_std_val,user_attrs_mape_t_critical_val,user_attrs_max_error_ci_lower_val,user_attrs_max_error_ci_upper_val,user_attrs_max_error_df_val,user_attrs_max_error_mean_val,user_attrs_max_error_samperror_val,user_attrs_max_error_std_val,user_attrs_max_error_t_critical_val,user_attrs_median_ae_ci_lower_val,user_attrs_median_ae_ci_upper_val,user_attrs_median_ae_df_val,user_attrs_median_ae_mean_val,user_attrs_median_ae_samperror_val,user_attrs_median_ae_std_val,user_attrs_median_ae_t_critical_val,user_attrs_n_splits_val,user_attrs_r2_below_zero_val,user_attrs_r2_ci_lower_val,user_attrs_r2_ci_upper_val,user_attrs_r2_df_val,user_attrs_r2_mean_val,user_attrs_r2_samperror_val,user_attrs_r2_std_val,user_attrs_r2_t_critical_val,user_attrs_regressor_final,user_attrs_rfe_estimator,user_attrs_rfe_n_features,user_attrs_rfe_selected_features,user_attrs_rho_ci_lower_val,user_attrs_rho_ci_upper_val,user_attrs_rho_df_val,user_attrs_rho_mean_val,user_attrs_rho_samperror_val,user_attrs_rho_std_val,user_attrs_rho_t_critical_val,user_attrs_rmse_ci_lower_val,user_attrs_rmse_ci_upper_val,user_attrs_rmse_df_val,user_attrs_rmse_mean_val,user_attrs_rmse_samperror_val,user_attrs_rmse_std_val,user_attrs_rmse_t_critical_val,user_attrs_termination_reason,user_attrs_use_scaler_final,state
12,2.835003600320033,2026-06-12 10:39:04.731890,2026-06-12 10:39:06.981473,0 days 00:00:02.249583,,,,,,,,,,,,,,0.03445970692877745,QuantileRegressor,,,,,,3,,,,,,,,True,,,,,,,,,-0.005836175749879231,0.002164353866384014,98.0,-0.0018359109417476081,0.004000264808131622,0.020056832981302373,1.9844674545084815,2.8067177428620984,2.863289457777968,98.0,2.835003600320033,0.028285857457934764,0.14182179080081958,1.9844674545084815,805900542816045.4,1022643888874775.4,98.0,914272215845410.4,108371673029365.03,543362164783658.7,1.9844674545084815,8.554589698372041,8.907544940233052,98.0,8.731067319302547,0.17647762093050634,0.8848369639793839,1.9844674545084815,2.4952728415998027,2.625267575852123,98.0,2.560270208725963,0.06499736712615994,0.3258887596700546,1.9844674545084815,99.0,0.6565656565656566,-0.02239753638795354,-0.005852924759040177,98.0,-0.014125230573496858,0.008272305814456682,0.04147631820612085,1.9844674545084815,QuantileRegressor,"{'mode': 'original', 'type': 'QuantileRegressor'}",3,"['l1_T6W40', 'density_T6W40', 'asp_T6W40']",0.07901375671680935,0.14106244383059938,62.0,0.11003810027370436,0.03102434355689501,0.12318739452934782,1.9989715170333788,3.4547273273548056,3.538949950298317,98.0,3.4968386388265613,0.04211131147175595,0.2111409072458637,1.9844674545084815,completed,True,COMPLETE
13,2.8502323596159713,2026-06-12 10:39:06.994322,2026-06-12 10:39:09.277339,0 days 00:00:02.283017,,,,,,,,,,,,,,0.0004995399923034551,QuantileRegressor,,,,,,4,,,,,,,,True,,,,,,,,,-0.016346465860916874,0.001847399719100696,98.0,-0.007249533070908088,0.009096932790008784,0.045610895868805644,1.9844674545084815,2.813988083322008,2.8864766359099345,98.0,2.8502323596159713,0.03624427629396329,0.18172431851973525,1.9844674545084815,793751396272537.6,1002714248931418.4,98.0,898232822601978.0,104481426329440.36,523856948989483.5,1.9844674545084815,8.64672087219234,8.984585395428468,98.0,8.815653133810404,0.1689322616180634,0.8470054656230874,1.9844674545084815,2.3907572424194217,2.487863395737904,98.0,2.439310319078663,0.048553076659241044,0.2434391211559828,1.9844674545084815,99.0,0.6060606060606061,-0.05696770675681859,-0.022284676256609782,98.0,-0.03962619150671418,0.0173415152501044,0.08694821260508104,1.9844674545084815,QuantileRegressor,"{'mode': 'original', 'type': 'QuantileRegressor'}",4,"['re_T6W40', 'l1_T6W40', 'lcc_T6W40', 'asp_T6W40']",0.08693783254064658,0.13901085136492894,98.0,0.11297434195278776,0.026036509412141178,0.130543837906403,1.9844674545084815,3.4895842684394176,3.586396040191342,98.0,3.5379901543153798,0.04840588587596238,0.24270112477369177,1.9844674545084815,completed,True,COMPLETE
14,2.8732542030713857,2026-06-12 10:39:09.289960,2026-06-12 10:39:10.998504,0 days 00:00:01.708544,,,,,,,,,,,,,,,LinearRegression,,,,,,4,,,,,,,,True,,,,,,,,,-0.02194891364927816,-0.00879512643256363,98.0,-0.015372020040920894,0.006576893608357264,0.03297573109921887,1.9844674545084815,2.8411424254721998,2.9053659806705716,98.0,2.8732542030713857,0.032111777599185966,0.16100448118593855,1.9844674545084815,863342862839245.8,1097286322263105.5,98.0,980314592551175.6,116971729711929.94,586481785305106.5,1.9844674545084815,8.296826243350793,8.735874406126182,98.0,8.516350324738488,0.21952408138769447,1.1006665925757244,1.9844674545084815,2.4897607548983545,2.563363339169166,98.0,2.52656204703376,0.03680129213540587,0.1845171270550711,1.9844674545084815,99.0,0.5959595959595959,-0.03676157635266447,-0.011047000257658531,98.0,-0.023904288305161503,0.012857288047502972,0.06446485203605985,1.9844674545084815,LinearRegression,"{'mode': 'original', 'type': 'LinearRegression'}",4,"['nodes_T6W40', 'lcc_T6W40', 'atd_T6W40', 'density_T6W40']",0.0758425095802546,0.12551901052419082,98.0,0.1006807600522227,0.02483825047196811,0.12453591578521006,1.9844674545084815,3.46701798707981,3.558588839476138,98.0,3.512803413277974,0.045785426198163705,0.22956246405677946,1.9844674545084815,completed,True,COMPLETE
15,3.2134237135676225,2026-06-12 10:39:11.011062,2026-06-12 10:39:12.761517,0 days 00:00:01.750455,6.0,2.0,16.0,,,,,,,,,,,,DecisionTreeRegressor,,,,,,3,,,,,,,,True,,,,,,,,,-0.15207324638487407,-0.1202508717378273,98.0,-0.13616205906135068,0.015911187323523382,0.0797767252891383,1.9844674545084815,3.1638903041530835,3.2629571229821615,98.0,3.2134237135676225,0.04953340941453921,0.2483543883400817,1.9844674545084815,878482929831346.9,1139218851585336.2,98.0,1008850890708341.5,130367960876994.66,653648831474261.0,1.9844674545084815,9.76239311471326,10.37006581713952,98.0,10.06622946592639,0.30383635121313013,1.5233978854455794,1.9844674545084815,2.6019209789555093,2.7335409348207538,98.0,2.6677309568881316,0.06580997793262237,0.32996308974712535,1.9844674545084815,99.0,0.98989898989899,-0.386266382185335,-0.30296020819929964,98.0,-0.3446132951923173,0.041653086993017695,0.20884342638426795,1.9844674545084815,DecisionTreeRegressor,"{'mode': 'original', 'type': 'DecisionTreeRegressor'}",3,"['lcc_T6W40', 'lsc_T6W40', 'atd_T6W40']",-0.032855482829133274,0.01130907348957253,98.0,-0.010773204669780373,0.022082278159352903,0.11071781147800189,1.9844674545084815,3.9466744984546365,4.077364121460149,98.0,4.012019309957393,0.0653448115027563,0.3276308028011794,1.9844674545084815,completed,True,COMPLETE
16,2.8308575955634785,2026-06-12 10:39:12.774306,2026-06-12 10:39:15.049530,0 days 00:00:02.275224,,,,,,,,,,,,,,0.7083328371418877,QuantileRegressor,,,,,,7,,,,,,,,True,,,,,,,,,-0.0008710167252312757,5.380273699555165e-05,98.0,-0.00040860699411786203,0.0004624097311134137,0.002318465199358251,1.9844674545084815,2.805429745831736,2.856285445295221,98.0,2.8308575955634785,0.02542784973174255,0.12749209355003127,1.9844674545084815,813460468866446.8,1032935100287233.8,98.0,923197784576840.2,109737315710393.47,550209328278897.0,1.9844674545084815,8.622879029919044,8.932676525636513,98.0,8.777777777777779,0.154898747858735,0.7766431633476233,1.9844674545084815,2.487116641790159,2.684600529927013,98.0,2.585858585858586,0.09874194406842689,0.49507989481189746,1.9844674545084815,99.0,1.0,-0.026651425313173705,-0.023247098953300478,98.0,-0.02494926213323709,0.0017021631799366132,0.008534435654737752,1.9844674545084815,QuantileRegressor,"{'mode': 'original', 'type': 'QuantileRegressor'}",7,"['l3_T6W40', 'lcc_T6W40', 'lsc_T6W40', 'atd_T6W40', 'density_T6W40', 'diameter_T6W40', 'asp_T6W40']",,,,,,,,3.4768582676552087,3.554941969341382,98.0,3.5159001184982954,0.03904185084308663,0.19575101129528585,1.9844674545084815,completed,True,COMPLETE
17,2.8308575955634785,2026-06-12 10:39:15.069090,2026-06-12 10:39:17.267258,0 days 00:00:02.198168,,,,,,,,,,,,,,6.841518832612369,QuantileRegressor,,,,,,7,,,,,,,,True,,,,,,,,,-0.0008710167252312757,5.380273699555165e-05,98.0,-0.00040860699411786203,0.0004624097311134137,0.002318465199358251,1.9844674545084815,2.805429745831736,2.856285445295221,98.0,2.8308575955634785,0.02542784973174255,0.12749209355003127,1.9844674545084815,813460468866446.8,1032935100287233.8,98.0,923197784576840.2,109737315710393.47,550209328278897.0,1.9844674545084815,8.622879029919044,8.932676525636513,98.0,8.777777777777779,0.154898747858735,0.7766431633476233,1.9844674545084815,2.487116641790159,2.684600529927013,98.0,2.585858585858586,0.09874194406842689,0.49507989481189746,1.9844674545084815,99.0,1.0,-0.026651425313173705,-0.023247098953300478,98.0,-0.02494926213323709,0.0017021631799366132,0.008534435654737752,1.9844674545084815,QuantileRegressor,"{'mode': 'original', 'type': 'QuantileRegressor'}",7,"['l3_T6W40', 'lcc_T6W40', 'lsc_T6W40', 'atd_T6W40', 'density_T6W40', 'diameter_T6W40', 'asp_T6W40']",,,,,,,,3.4768582676552087,3.554941969341382,98.0,3.5159001184982954,0.03904185084308663,0.19575101129528585,1.9844674545084815,completed,True,COMPLETE
18,2.858448228309073,2026-06-12 10:39:17.279441,2026-06-12 10:39:20.637023,0 days 00:00:03.357582,,,,,,,,,,,,,,,XGBRegressor,,,,,,7,,,,,,,,True,gblinear,0.5028399812670258,0.0011379331481407092,2.0,499.0,7.051665042166708e-08,3.802656836881247,0.991697177875886,-0.012978882796048204,-0.00758113075828078,98.0,-0.010280006777164492,0.002698876018883712,0.013531830552306725,1.9844674545084815,2.8331584233801865,2.8837380332379596,98.0,2.858448228309073,0.02528980492888666,0.12679995398237334,1.9844674545084815,885971609166066.2,1125091390718572.8,98.0,1005531499942319.5,119559890776253.25,599458504768858.1,1.9844674545084815,8.087859865622098,8.424815679810253,98.0,8.256337772716176,0.16847790709407748,0.8447273882359703,1.9844674545084815,2.513002192730995,2.55883987564256,98.0,2.5359210341867775,0.02291884145578279,0.11491223637724217,1.9844674545084815,99.0,0.2222222222222222,0.005325666773901638,0.01148686028089603,98.0,0.008406263527398834,0.0030805967534971957,0.015445731103110153,1.9844674545084815,XGBRegressor,"{'mode': 'original', 'type': 'XGBRegressor'}",7,"['nodes_T6W40', 're_T6W40', 'lcc_T6W40', 'atd_T6W40', 'density_T6W40', 'diameter_T6W40', 'asp_T6W40']",0.13446440452735778,0.18859569103588006,98.0,0.16153004778161892,0.02706564325426114,0.13570378770393823,1.9844674545084815,3.41990933778577,3.4960091019769846,98.0,3.4579592198813773,0.03804988209560744,0.19077740268557125,1.9844674545084815,completed,True,COMPLETE
19,2.9491818106273957,2026-06-12 10:39:20.649743,2026-06-12 10:39:22.337211,0 days 00:00:01.687468,,,,,,,,,,,,,,,LinearRegression,,,,,,10,,,,,,,,True,,,,,,,,,-0.052129508201138625,-0.032541128330658003,98.0,-0.042335318265898314,0.009794189935240312,0.049106856955806834,1.9844674545084815,2.9118179622462756,2.9865456590085158,98.0,2.9491818106273957,0.03736384838111986,0.18733771449216727,1.9844674545084815,898736246493904.5,1141576231514907.5,98.0,1020156239004406.0,121419992510501.5,608784824800524.5,1.9844674545084815,8.696666047854674,9.22433583344976,98.0,8.960500940652217,0.26383489279754413,1.3228355204693847,1.9844674545084815,2.4786893049423457,2.5643919863448663,98.0,2.521540645643606,0.04285134070126049,0.21485132227320958,1.9844674545084815,99.0,0.8585858585858586,-0.10537741108797596,-0.06581145414385048,98.0,-0.08559443261591322,0.01978297847206275,0.09918940723131434,1.9844674545084815,LinearRegression,"{'mode': 'original', 'type': 'LinearRegression'}",10,"['nodes_T6W40', 're_T6W40', 'pe_T6W40', 'l1_T6W40', 'lcc_T6W40', 'lsc_T6W40', 'atd_T6W40', 'density_T6W40', 'diameter_T6W40', 'asp_T6W40']",-0.004142693690538275,0.05050333723136377,98.0,0.023180321770412748,0.027323015460951023,0.13699422011559131,1.9844674545084815,3.5623832710290415,3.6682554459853023,98.0,3.615319358507172,0.05293608747813045,0.2654149952958664,1.9844674545084815,completed,True,COMPLETE
20,2.953252437378472,2026-06-12 10:39:22.350036,2026-06-12 10:39:28.910055,0 days 00:00:06.560019,,,,,,,,,,,,,,,RandomForestRegressor,20.0,log2,5.0,12.0,62.0,7,,,,,,,,True,,,,,,,,,-0.05134230449223808,-0.03583150014488514,98.0,-0.04358690231856161,0.007755402173676473,0.03888462728368964,1.9844674545084815,2.9182018272246073,2.988303047532337,98.0,2.953252437378472,0.03505061015386461,0.17573942413006183,1.9844674545084815,884778401271284.8,1128771629496006.5,98.0,1006775015383645.6,121996614112360.88,611675934193681.5,1.9844674545084815,8.419447805340797,8.832943256203501,98.0,8.626195530772149,0.20674772543135284,1.036607524034785,1.9844674545084815,2.5058868802239758,2.590241530375409,98.0,2.5480642052996925,0.042177325075716705,0.21147189129133073,1.9844674545084815,99.0,0.8686868686868687,-0.09724035022240263,-0.06671322824229145,98.0,-0.08197678923234704,0.015263560990055594,0.07652960695380902,1.9844674545084815,RandomForestRegressor,"{'mode': 'original', 'type': 'RandomForestRegressor'}",7,"['nodes_T6W40', 'l1_T6W40', 'l2_T6W40', 'l3_T6W40', 'density_T6W40', 'diameter_T6W40', 'asp_T6W40']",-0.031685859925958584,0.019822333956501525,98.0,-0.005931762984728529,0.025754096941230053,0.12912785670701163,1.9844674545084815,3.564007972609368,3.655373799538634,98.0,3.609690886074001,0.045682913464632886,0.22904847788998756,1.9844674545084815,completed,True,COMPLETE
21,2.8308575955634785,2026-06-12 10:39:28.922693,2026-06-12 10:39:31.232289,0 days 00:00:02.309596,,,,,,,,,,,,,,9.397969802130334,QuantileRegressor,,,,,,7,,,,,,,,True,,,,,,,,,-0.0008710167252312757,5.380273699555165e-05,98.0,-0.00040860699411786203,0.0004624097311134137,0.002318465199358251,1.9844674545084815,2.805429745831736,2.856285445295221,98.0,2.8308575955634785,0.02542784973174255,0.12749209355003127,1.9844674545084815,813460468866446.8,1032935100287233.8,98.0,923197784576840.2,109737315710393.47,550209328278897.0,1.9844674545084815,8.622879029919044,8.932676525636513,98.0,8.777777777777779,0.154898747858735,0.7766431633476233,1.9844674545084815,2.487116641790159,2.684600529927013,98.0,2.585858585858586,0.09874194406842689,0.49507989481189746,1.9844674545084815,99.0,1.0,-0.026651425313173705,-0.023247098953300478,98.0,-0.02494926213323709,0.0017021631799366132,0.008534435654737752,1.9844674545084815,QuantileRegressor,"{'mode': 'original', 'type': 'QuantileRegressor'}",7,"['l3_T6W40', 'lcc_T6W40', 'lsc_T6W40', 'atd_T6W40', 'density_T6W40', 'diameter_T6W40', 'asp_T6W40']",,,,,,,,3.4768582676552087,3.554941969341382,98.0,3.5159001184982954,0.03904185084308663,0.19575101129528585,1.9844674545084815,completed,True,COMPLETE
22,2.8308575955634785,2026-06-12 10:39:31.244589,2026-06-12 10:39:33.446979,0 days 00:00:02.202390,,,,,,,,,,,,,,8.187775264950098,QuantileRegressor,,,,,,7,,,,,,,,True,,,,,,,,,-0.0008710167252312757,5.380273699555165e-05,98.0,-0.00040860699411786203,0.0004624097311134137,0.002318465199358251,1.9844674545084815,2.805429745831736,2.856285445295221,98.0,2.8308575955634785,0.02542784973174255,0.12749209355003127,1.9844674545084815,813460468866446.8,1032935100287233.8,98.0,923197784576840.2,109737315710393.47,550209328278897.0,1.9844674545084815,8.622879029919044,8.932676525636513,98.0,8.777777777777779,0.154898747858735,0.7766431633476233,1.9844674545084815,2.487116641790159,2.684600529927013,98.0,2.585858585858586,0.09874194406842689,0.49507989481189746,1.9844674545084815,99.0,1.0,-0.026651425313173705,-0.023247098953300478,98.0,-0.02494926213323709,0.0017021631799366132,0.008534435654737752,1.9844674545084815,QuantileRegressor,"{'mode': 'original', 'type': 'QuantileRegressor'}",7,"['l3_T6W40', 'lcc_T6W40', 'lsc_T6W40', 'atd_T6W40', 'density_T6W40', 'diameter_T6W40', 'asp_T6W40']",,,,,,,,3.4768582676552087,3.554941969341382,98.0,3.5159001184982954,0.03904185084308663,0.19575101129528585,1.9844674545084815,completed,True,COMPLETE
23,2.8308575955634785,2026-06-12 10:39:33.459608,2026-06-12 10:39:35.988326,0 days 00:00:02.528718,,,,,,,,,,,,,,8.065465716273785,QuantileRegressor,,,,,,8,,,,,,,,True,,,,,,,,,-0.0008710167252312757,5.380273699555165e-05,98.0,-0.00040860699411786203,0.0004624097311134137,0.002318465199358251,1.9844674545084815,2.805429745831736,2.856285445295221,98.0,2.8308575955634785,0.02542784973174255,0.12749209355003127,1.9844674545084815,813460468866446.8,1032935100287233.8,98.0,923197784576840.2,109737315710393.47,550209328278897.0,1.9844674545084815,8.622879029919044,8.932676525636513,98.0,8.777777777777779,0.154898747858735,0.7766431633476233,1.9844674545084815,2.487116641790159,2.684600529927013,98.0,2.585858585858586,0.09874194406842689,0.49507989481189746,1.9844674545084815,99.0,1.0,-0.026651425313173705,-0.023247098953300478,98.0,-0.02494926213323709,0.0017021631799366132,0.008534435654737752,1.9844674545084815,QuantileRegressor,"{'mode': 'original', 'type': 'QuantileRegressor'}",8,"['l2_T6W40', 'l3_T6W40', 'lcc_T6W40', 'lsc_T6W40', 'atd_T6W40', 'density_T6W40', 'diameter_T6W40', 'asp_T6W40']",,,,,,,,3.4768582676552087,3.554941969341382,98.0,3.5159001184982954,0.03904185084308663,0.19575101129528585,1.9844674545084815,completed,True,COMPLETE
24,2.8841456311593774,2026-06-12 10:39:36.001127,2026-06-12 10:39:59.962477,0 days 00:00:23.961350,,,,,,20.0,log2,5.0,12.0,457.0,,,,,ExtraTreesRegressor,,,,,,6,,,,,,,,True,,,,,,,,,-0.024450511053121037,-0.014219010171925938,98.0,-0.019334760612523486,0.0051157504405975485,0.0256497399753424,1.9844674545084815,2.8555875857146655,2.9127036766040892,98.0,2.8841456311593774,0.028558045444711674,0.1431865077013618,1.9844674545084815,875449136845918.0,1111873956585732.2,98.0,993661546715825.1,118212409869907.06,592702402165565.1,1.9844674545084815,8.275425125108587,8.677083758476538,98.0,8.476254441792562,0.2008293166839755,1.0069333545848207,1.9844674545084815,2.4835995775399065,2.5618146290146306,98.0,2.5227071032772685,0.03910752573736198,0.19608029709228303,1.9844674545084815,99.0,0.7171717171717171,-0.035527046574128474,-0.017666601502009445,98.0,-0.02659682403806896,0.008930222536059513,0.04477503127480823,1.9844674545084815,ExtraTreesRegressor,"{'mode': 'original', 'type': 'ExtraTreesRegressor'}",6,"['nodes_T6W40', 'lcc_T6W40', 'atd_T6W40', 'density_T6W40', 'diameter_T6W40', 'asp_T6W40']",0.0032888110954009224,0.05377227267373208,98.0,0.0285305418845665,0.025241730789165577,0.1265589161917887,1.9844674545084815,3.476778664932711,3.558534412688088,98.0,3.5176565388103995,0.040877873877688584,0.20495660370506308,1.9844674545084815,completed,True,COMPLETE
25,3.5525032459672983,2026-06-12 10:39:59.974847,2026-06-12 10:40:01.704751,0 days 00:00:01.729904,20.0,5.0,2.0,,,,,,,,,,,,DecisionTreeRegressor,,,,,,8,,,,,,,,True,,,,,,,,,-0.27904742416673345,-0.23442255110144053,98.0,-0.256734987634087,0.022312436532646453,0.11187179709490734,1.9844674545084815,3.489973274679997,3.6150332172545996,98.0,3.5525032459672983,0.06252997128730119,0.31351754211011895,1.9844674545084815,911746778885631.1,1190330897964357.8,98.0,1051038838424994.4,139292059539363.3,698393158403805.1,1.9844674545084815,10.041754378302528,10.543623207075061,98.0,10.292688792688795,0.25093441438626624,1.2581541172912922,1.9844674545084815,2.93998964964862,3.136481410155773,98.0,3.0382355299021966,0.09824588025357672,0.49259269219913726,1.9844674545084815,99.0,1.0,-0.653897738293805,-0.5616923436916524,98.0,-0.6077950409927287,0.046102697301076294,0.23115322212558934,1.9844674545084815,DecisionTreeRegressor,"{'mode': 'original', 'type': 'DecisionTreeRegressor'}",8,"['re_T6W40', 'l1_T6W40', 'lcc_T6W40', 'lsc_T6W40', 'atd_T6W40', 'density_T6W40', 'diameter_T6W40', 'asp_T6W40']",-0.07324930139753187,-0.020173314824759047,98.0,-0.04671130811114546,0.026537993286386414,0.13305821602659823,1.9844674545084815,4.321846764805617,4.452051763151811,98.0,4.386949263978714,0.06510249917309718,0.32641587875030054,1.9844674545084815,completed,True,COMPLETE
