number,value,datetime_start,datetime_complete,duration,params_dt_max_depth,params_dt_min_samples_leaf,params_dt_min_samples_split,params_elastic_alpha,params_elastic_l1_ratio,params_et_max_depth,params_et_max_features,params_et_min_samples_leaf,params_et_min_samples_split,params_et_n_estimators,params_knn_metric,params_knn_n_neighbors,params_knn_weights,params_quantile_alpha,params_regressor,params_rf_max_depth,params_rf_max_features,params_rf_min_samples_leaf,params_rf_min_samples_split,params_rf_n_estimators,params_rfe_n_features,params_rfe_proxy_et_max_depth,params_rfe_proxy_et_min_samples_leaf,params_rfe_proxy_et_min_samples_split,params_rfe_proxy_et_n_estimators,params_rfe_proxy_lsvr_C,params_rfe_proxy_lsvr_epsilon,params_rfe_proxy_type,params_use_scaler,user_attrs_d2mae_ci_lower_val,user_attrs_d2mae_ci_upper_val,user_attrs_d2mae_df_val,user_attrs_d2mae_mean_val,user_attrs_d2mae_samperror_val,user_attrs_d2mae_std_val,user_attrs_d2mae_t_critical_val,user_attrs_mae_ci_lower_val,user_attrs_mae_ci_upper_val,user_attrs_mae_df_val,user_attrs_mae_mean_val,user_attrs_mae_samperror_val,user_attrs_mae_std_val,user_attrs_mae_t_critical_val,user_attrs_mape_ci_lower_val,user_attrs_mape_ci_upper_val,user_attrs_mape_df_val,user_attrs_mape_mean_val,user_attrs_mape_samperror_val,user_attrs_mape_std_val,user_attrs_mape_t_critical_val,user_attrs_max_error_ci_lower_val,user_attrs_max_error_ci_upper_val,user_attrs_max_error_df_val,user_attrs_max_error_mean_val,user_attrs_max_error_samperror_val,user_attrs_max_error_std_val,user_attrs_max_error_t_critical_val,user_attrs_median_ae_ci_lower_val,user_attrs_median_ae_ci_upper_val,user_attrs_median_ae_df_val,user_attrs_median_ae_mean_val,user_attrs_median_ae_samperror_val,user_attrs_median_ae_std_val,user_attrs_median_ae_t_critical_val,user_attrs_n_splits_val,user_attrs_r2_below_zero_val,user_attrs_r2_ci_lower_val,user_attrs_r2_ci_upper_val,user_attrs_r2_df_val,user_attrs_r2_mean_val,user_attrs_r2_samperror_val,user_attrs_r2_std_val,user_attrs_r2_t_critical_val,user_attrs_regressor_final,user_attrs_rfe_estimator,user_attrs_rfe_n_features,user_attrs_rfe_selected_features,user_attrs_rho_ci_lower_val,user_attrs_rho_ci_upper_val,user_attrs_rho_df_val,user_attrs_rho_mean_val,user_attrs_rho_samperror_val,user_attrs_rho_std_val,user_attrs_rho_t_critical_val,user_attrs_rmse_ci_lower_val,user_attrs_rmse_ci_upper_val,user_attrs_rmse_df_val,user_attrs_rmse_mean_val,user_attrs_rmse_samperror_val,user_attrs_rmse_std_val,user_attrs_rmse_t_critical_val,user_attrs_termination_reason,user_attrs_use_scaler_final,state
140,6.355448214804522,2026-06-12 06:48:54.027802,2026-06-12 06:48:56.233170,0 days 00:00:02.205368,,,,,,,,,,,,,,0.01566741124879245,QuantileRegressor,,,,,,3,,,,,,,,False,0.0035582328364928886,0.013468999347269783,98.0,0.008513616091881336,0.004955383255388447,0.024845678743475395,1.9844674545084815,6.301544620652129,6.409351808956915,98.0,6.355448214804522,0.053903594152393465,0.27026595409602944,1.9844674545084815,150899172586313.56,332122703731910.8,98.0,241510938159112.2,90611765572798.62,454316185403580.94,1.9844674545084815,17.188717149734526,17.799897805611824,98.0,17.494307477673175,0.3055903279386488,1.5321921078093859,1.9844674545084815,5.752164931937713,5.95114781256326,98.0,5.851656372250487,0.09949144031277307,0.49883777628074594,1.9844674545084815,99.0,0.5858585858585859,-0.03404916232791162,-0.01632227010355999,98.0,-0.025185716215735805,0.008863446112175814,0.044440222544595814,1.9844674545084815,QuantileRegressor,"{'mode': 'original', 'type': 'QuantileRegressor'}",3,"['nodes_T6W30', 'lsc_T6W30', 'diameter_T6W30']",0.06619000358240207,0.11234498713605137,98.0,0.08926749535922672,0.023077491776824645,0.11570768946452235,1.9844674545084815,7.593642873774646,7.720518140031885,98.0,7.657080506903266,0.06343763312861947,0.31806844631971426,1.9844674545084815,completed,False,COMPLETE
141,6.319917526044832,2026-06-12 06:48:56.245541,2026-06-12 06:48:58.526126,0 days 00:00:02.280585,,,,,,,,,,,,,,0.023219745542636658,QuantileRegressor,,,,,,2,,,,,,,,False,0.00986078412453548,0.018307180114173507,98.0,0.014083982119354493,0.004223197994819013,0.021174592406200773,1.9844674545084815,6.267952415405435,6.371882636684229,98.0,6.319917526044832,0.0519651106393974,0.2605466375202526,1.9844674545084815,152385038234431.44,335343745497875.0,98.0,243864391866153.22,91479353631721.77,458666164624711.8,1.9844674545084815,17.25472892581792,17.884159144762027,98.0,17.569444035289973,0.31471510947205433,1.5779426338331535,1.9844674545084815,5.752656917705568,5.940011578657053,98.0,5.846334248181311,0.0936773304757421,0.4696865486672063,1.9844674545084815,99.0,0.5555555555555556,-0.023526208462830163,-0.0075441428069532215,98.0,-0.015535175634891693,0.007991032827938472,0.04006605024054015,1.9844674545084815,QuantileRegressor,"{'mode': 'original', 'type': 'QuantileRegressor'}",2,"['nodes_T6W30', 'lsc_T6W30']",0.07195267068093406,0.11957753945507799,98.0,0.09576510506800602,0.023812434387071958,0.11939260081204327,1.9844674545084815,7.558299851364466,7.684893803371096,98.0,7.621596827367781,0.06329697600331456,0.31736320889039815,1.9844674545084815,completed,False,COMPLETE
142,6.317608556959275,2026-06-12 06:48:58.570966,2026-06-12 06:49:00.803503,0 days 00:00:02.232537,,,,,,,,,,,,,,0.020059180837722793,QuantileRegressor,,,,,,2,,,,,,,,False,0.010098028323671782,0.018782210162712115,98.0,0.014440119243191949,0.004342090919520166,0.021770706825561755,1.9844674545084815,6.265372089722251,6.369845024196299,98.0,6.317608556959275,0.05223646723702434,0.26190718593842593,1.9844674545084815,151977682122010.12,334430858118063.56,98.0,243204270120036.84,91226587998026.7,457398829000297.8,1.9844674545084815,17.24263249800039,17.880163860059213,98.0,17.5613981790298,0.3187656810294098,1.59825169863295,1.9844674545084815,5.726733713686714,5.9100725265423035,98.0,5.8184031201145086,0.09166940642779484,0.4596190658378312,1.9844674545084815,99.0,0.5454545454545454,-0.02358123156933039,-0.007256100724942359,98.0,-0.015418666147136374,0.008162565422194014,0.04092609345238938,1.9844674545084815,QuantileRegressor,"{'mode': 'original', 'type': 'QuantileRegressor'}",2,"['nodes_T6W30', 'lsc_T6W30']",0.07550841925729257,0.12257475456745018,98.0,0.09904158691237137,0.023533167655078804,0.11799239195851063,1.9844674545084815,7.557623687459381,7.684512062841321,98.0,7.621067875150351,0.0634441876909702,0.31810131008464976,1.9844674545084815,completed,False,COMPLETE
143,6.317608556959275,2026-06-12 06:49:00.817032,2026-06-12 06:49:03.067497,0 days 00:00:02.250465,,,,,,,,,,,,,,0.020237882500027386,QuantileRegressor,,,,,,2,,,,,,,,False,0.010098028323671782,0.018782210162712115,98.0,0.014440119243191949,0.004342090919520166,0.021770706825561755,1.9844674545084815,6.265372089722251,6.369845024196299,98.0,6.317608556959275,0.05223646723702434,0.26190718593842593,1.9844674545084815,151977682122010.12,334430858118063.56,98.0,243204270120036.84,91226587998026.7,457398829000297.8,1.9844674545084815,17.24263249800039,17.880163860059213,98.0,17.5613981790298,0.3187656810294098,1.59825169863295,1.9844674545084815,5.726733713686714,5.9100725265423035,98.0,5.8184031201145086,0.09166940642779484,0.4596190658378312,1.9844674545084815,99.0,0.5454545454545454,-0.02358123156933039,-0.007256100724942359,98.0,-0.015418666147136374,0.008162565422194014,0.04092609345238938,1.9844674545084815,QuantileRegressor,"{'mode': 'original', 'type': 'QuantileRegressor'}",2,"['nodes_T6W30', 'lsc_T6W30']",0.07550841925729257,0.12257475456745018,98.0,0.09904158691237137,0.023533167655078804,0.11799239195851063,1.9844674545084815,7.557623687459381,7.684512062841321,98.0,7.621067875150351,0.0634441876909702,0.31810131008464976,1.9844674545084815,completed,False,COMPLETE
144,6.35686274509804,2026-06-12 06:49:03.079602,2026-06-12 06:49:03.267291,0 days 00:00:00.187689,,,,,,,,,,,,,,3.6649820208411423,QuantileRegressor,,,,,,2,,,,,,,,False,,,,,,,,,,,,,,,,,,,,,,,,,,,,,,,,,,,,,,,,,,,,,QuantileRegressor,"{'mode': 'original', 'type': 'QuantileRegressor'}",2,"['diameter_T6W30', 'asp_T6W30']",,,,,,,,,,,,,,,pruned,False,PRUNED
145,6.3181052473687656,2026-06-12 06:49:03.277117,2026-06-12 06:49:05.503803,0 days 00:00:02.226686,,,,,,,,,,,,,,0.03228661042583745,QuantileRegressor,,,,,,2,,,,,,,,False,0.01045902588006439,0.018365053118489127,98.0,0.014412039499276759,0.003953013619212369,0.01981992136425268,1.9844674545084815,6.265627745296342,6.370582749441189,98.0,6.3181052473687656,0.05247750207242313,0.2631157047910884,1.9844674545084815,152829156219685.0,336318925793423.9,98.0,244574041006554.44,91744884786869.45,459997504994805.25,1.9844674545084815,17.251292676894096,17.872780367484296,98.0,17.562036522189196,0.31074384529510163,1.558031206429683,1.9844674545084815,5.758017740971595,5.945879057449978,98.0,5.851948399210786,0.09393065823919107,0.4709567027406803,1.9844674545084815,99.0,0.5555555555555556,-0.022041393849023712,-0.006867874527752829,98.0,-0.01445463418838827,0.007586759660635441,0.038039074581594674,1.9844674545084815,QuantileRegressor,"{'mode': 'original', 'type': 'QuantileRegressor'}",2,"['nodes_T6W30', 'asp_T6W30']",0.08227755482745444,0.12839631774931132,98.0,0.10533693628838288,0.023059381460928438,0.11561688658056565,1.9844674545084815,7.554419020953973,7.681306466556307,98.0,7.61786274375514,0.06344372280116714,0.31809897918467633,1.9844674545084815,completed,False,COMPLETE
146,6.3654739994878415,2026-06-12 06:49:05.516642,2026-06-12 06:49:07.771222,0 days 00:00:02.254580,,,,,,,,,,,,,,0.011819634010527004,QuantileRegressor,,,,,,2,,,,,,,,False,0.0019559242839406457,0.011992678464779138,98.0,0.006974301374359892,0.005018377090419246,0.025161522041023128,1.9844674545084815,6.31058093587058,6.420367063105103,98.0,6.3654739994878415,0.05489306361726194,0.27522703161185386,1.9844674545084815,150520512402233.2,331321447162118.6,98.0,240920979782175.9,90400467379942.7,453256762398697.0,1.9844674545084815,17.1642469403344,17.72101650662716,98.0,17.44263172348078,0.2783847831463802,1.3957868710973873,1.9844674545084815,5.7699824692822235,5.977457736221088,98.0,5.873720102751656,0.10373763346943261,0.5201276635842935,1.9844674545084815,99.0,0.6363636363636364,-0.03470956010900328,-0.016785773732384254,98.0,-0.025747666920693767,0.00896189318830951,0.044933824008053264,1.9844674545084815,QuantileRegressor,"{'mode': 'original', 'type': 'QuantileRegressor'}",2,"['lsc_T6W30', 'diameter_T6W30']",0.06979715373884032,0.11552391523524055,98.0,0.09266053448704044,0.022863380748200123,0.11463416324899597,1.9844674545084815,7.594392565592268,7.7245073835502405,98.0,7.659449974571254,0.06505740897898658,0.3261898020939421,1.9844674545084815,completed,False,COMPLETE
147,6.3184924678307075,2026-06-12 06:49:07.783331,2026-06-12 06:49:10.307681,0 days 00:00:02.524350,,,,,,,,,,,,,,0.02811981362485008,QuantileRegressor,,,,,,3,,,,,,,,False,0.010187486269955005,0.018461928703280943,98.0,0.014324707486617974,0.004137221216662968,0.02074351547443342,1.9844674545084815,6.266264613595815,6.3707203220656,98.0,6.3184924678307075,0.05222785423489281,0.2618640014110245,1.9844674545084815,152539200040788.94,335681124634514.7,98.0,244110162337651.8,91570962296862.88,459125479141250.94,1.9844674545084815,17.251450935009384,17.879418482939005,98.0,17.565434708974195,0.31398377396481186,1.5742758080539596,1.9844674545084815,5.756523205001049,5.944441909205356,98.0,5.850482557103202,0.09395935210215385,0.47110057022061885,1.9844674545084815,99.0,0.5454545454545454,-0.02268268455848011,-0.0070217556540373635,98.0,-0.014852220106258737,0.007830464452221374,0.03926098026435,1.9844674545084815,QuantileRegressor,"{'mode': 'original', 'type': 'QuantileRegressor'}",3,"['nodes_T6W30', 'lsc_T6W30', 'asp_T6W30']",0.07888403414978144,0.12496269310356274,97.0,0.10192336362667209,0.023039329476890646,0.11491664283796993,1.9847231860139845,7.555595944642505,7.68284616724503,98.0,7.619221055943767,0.06362511130126243,0.31900843868939344,1.9844674545084815,completed,False,COMPLETE
148,7.2197034317375905,2026-06-12 06:49:10.321103,2026-06-12 06:49:10.447858,0 days 00:00:00.126755,7.0,2.0,15.0,,,,,,,,,,,,DecisionTreeRegressor,,,,,,2,,,,,,,,False,,,,,,,,,,,,,,,,,,,,,,,,,,,,,,,,,,,,,,,,,,,,,DecisionTreeRegressor,"{'mode': 'original', 'type': 'DecisionTreeRegressor'}",2,"['l3_T6W30', 'atd_T6W30']",,,,,,,,,,,,,,,pruned,False,PRUNED
149,6.3546412856489,2026-06-12 06:49:10.457406,2026-06-12 06:49:12.648793,0 days 00:00:02.191387,,,,,,,,,,,,,,0.01578062626577348,QuantileRegressor,,,,,,3,,,,,,,,False,0.003750378637609889,0.013527209234263529,98.0,0.008638793935936709,0.00488841529832682,0.024509909689598326,1.9844674545084815,6.301012292467849,6.408270278829951,98.0,6.3546412856489,0.05362899318105106,0.26888913878932214,1.9844674545084815,150950318988605.25,332230060740059.8,98.0,241590189864332.53,90639870875727.27,454457101916303.5,1.9844674545084815,17.19297170663167,17.804664693791775,98.0,17.498818200211723,0.30584649358005195,1.5334764906519234,1.9844674545084815,5.7509059908440845,5.949217406255344,98.0,5.850061698549714,0.09915570770563008,0.4971544545131079,1.9844674545084815,99.0,0.5858585858585859,-0.03381461104430325,-0.01619833614207552,98.0,-0.025006473593189384,0.008808137451113864,0.04416291175879883,1.9844674545084815,QuantileRegressor,"{'mode': 'original', 'type': 'QuantileRegressor'}",3,"['nodes_T6W30', 'lsc_T6W30', 'diameter_T6W30']",0.06610029265191407,0.11239557955383662,98.0,0.08924793610287535,0.02314764345096128,0.1160594212820403,1.9844674545084815,7.593136081137461,7.719708389429911,98.0,7.656422235283686,0.06328615414622567,0.3173089494374393,1.9844674545084815,completed,False,COMPLETE
150,6.348036611940326,2026-06-12 06:49:12.661295,2026-06-12 06:49:14.862058,0 days 00:00:02.200763,,,,,,,,,,,,,,0.021977415409252226,QuantileRegressor,,,,,,4,,,,,,,,False,0.004979908679335241,0.014377261697058526,98.0,0.009678585188196883,0.004698676508861643,0.023558582866773564,1.9844674545084815,6.29485866005026,6.401214563830393,98.0,6.348036611940326,0.05317795189006577,0.2666276735426781,1.9844674545084815,151607946263464.44,333654849576398.75,98.0,242631397919931.6,91023451656467.14,456380328508327.7,1.9844674545084815,17.202812202197247,17.814022280012782,98.0,17.508417241105015,0.3056050389077677,1.532265866789044,1.9844674545084815,5.762946559846904,5.957395582283416,98.0,5.86017107106516,0.0972245112182559,0.4874716741825146,1.9844674545084815,99.0,0.5959595959595959,-0.031434909887810156,-0.014594314515486626,98.0,-0.02301461220164839,0.008420297686161763,0.04221833114670053,1.9844674545084815,QuantileRegressor,"{'mode': 'original', 'type': 'QuantileRegressor'}",4,"['nodes_T6W30', 'lsc_T6W30', 'diameter_T6W30', 'asp_T6W30']",0.07087659117911724,0.11713764363691095,98.0,0.0940071174080141,0.02313052622889685,0.11597359764772683,1.9844674545084815,7.5861589876379245,7.712318199421057,98.0,7.649238593529491,0.06307960589156665,0.31627334203518576,1.9844674545084815,completed,False,COMPLETE
151,6.3184440823038805,2026-06-12 06:49:14.875716,2026-06-12 06:49:16.940273,0 days 00:00:02.064557,,,,,,,,,,,,,,0.018686876386464612,QuantileRegressor,,,,,,2,,,,,,,,False,0.009885916118050845,0.018730526920757936,98.0,0.01430822151940439,0.004422305401353545,0.022172892316268115,1.9844674545084815,6.265978497342344,6.370909667265417,98.0,6.3184440823038805,0.05246558496153648,0.26305595387105246,1.9844674545084815,151919652361636.44,334303536676454.1,98.0,243111594519045.28,91191942157408.86,457225119040558.06,1.9844674545084815,17.236130908415348,17.876477486414494,98.0,17.55630419741492,0.3201732889995732,1.6053092708974985,1.9844674545084815,5.723105636644453,5.906323594651948,98.0,5.8147146156482,0.09160897900374736,0.45931609020753117,1.9844674545084815,99.0,0.5454545454545454,-0.024035280966429567,-0.007552025545531511,98.0,-0.01579365325598054,0.008241627710449029,0.041322501987001124,1.9844674545084815,QuantileRegressor,"{'mode': 'original', 'type': 'QuantileRegressor'}",2,"['nodes_T6W30', 'lsc_T6W30']",0.07416652551866001,0.12132299171365116,98.0,0.09774475861615559,0.023578233097495578,0.11821834451293764,1.9844674545084815,7.558918411763574,7.685942443890485,98.0,7.622430427827029,0.06351201606345579,0.3184413931550434,1.9844674545084815,completed,False,COMPLETE
152,6.3146223263083625,2026-06-12 06:49:16.952563,2026-06-12 06:49:19.194739,0 days 00:00:02.242176,,,,,,,,,,,,,,0.028736665614849798,QuantileRegressor,,,,,,2,,,,,,,,False,0.010852781008866011,0.019030469893894886,98.0,0.014941625451380449,0.004088844442514438,0.02050096031226043,1.9844674545084815,6.262171012210167,6.367073640406558,98.0,6.3146223263083625,0.05245131409819624,0.26298440152733454,1.9844674545084815,152534912021522.8,335672819828310.4,98.0,244103865924916.6,91568953903393.77,459115409304801.9,1.9844674545084815,17.239922778484512,17.866876494895216,98.0,17.553399636689864,0.3134768582053525,1.571734195133135,1.9844674545084815,5.7525353680537625,5.942081184846145,98.0,5.8473082764499535,0.0947729083961912,0.475179640855449,1.9844674545084815,99.0,0.5454545454545454,-0.021953374176902015,-0.00637013972100585,98.0,-0.014161756948953932,0.007791617227948082,0.03906620508660358,1.9844674545084815,QuantileRegressor,"{'mode': 'original', 'type': 'QuantileRegressor'}",2,"['nodes_T6W30', 'asp_T6W30']",0.08227755482745444,0.12839631774931132,98.0,0.10533693628838288,0.023059381460928438,0.11561688658056565,1.9844674545084815,7.553112904124459,7.680155371442073,98.0,7.616634137783266,0.06352123365880626,0.31848760903806633,1.9844674545084815,completed,False,COMPLETE
153,6.325432008902664,2026-06-12 06:49:19.213142,2026-06-12 06:49:21.465632,0 days 00:00:02.252490,,,,,,,,,,,,,,0.038641625709053974,QuantileRegressor,,,,,,2,,,,,,,,False,0.009474517002402375,0.017064803466964203,98.0,0.01326966023468329,0.003795143232280915,0.019028378770137105,1.9844674545084815,6.273392514160019,6.3774715036453085,98.0,6.325432008902664,0.05203949474264469,0.2609195902138498,1.9844674545084815,153528238223439.62,337872696929968.44,98.0,245700467576704.03,92172229353264.42,462140157795246.75,1.9844674545084815,17.281689324225596,17.888628675195378,98.0,17.585158999710487,0.30346967548489046,1.5215594186959152,1.9844674545084815,5.774978213498756,5.965236296212965,98.0,5.870107254855861,0.09512904135710447,0.4769652474737045,1.9844674545084815,99.0,0.5858585858585859,-0.022682349235182794,-0.007956377757771296,98.0,-0.015319363496477044,0.007362985738705748,0.036917099814176436,1.9844674545084815,QuantileRegressor,"{'mode': 'original', 'type': 'QuantileRegressor'}",2,"['nodes_T6W30', 'asp_T6W30']",0.0788165492330651,0.12550276360043072,95.0,0.10215965641674792,0.02334310718368282,0.1152069970198326,1.9852510035054978,7.5580225246924355,7.684395681193254,98.0,7.621209102942845,0.06318657825040938,0.3168096882117097,1.9844674545084815,completed,False,COMPLETE
154,6.377699928422684,2026-06-12 06:49:21.478680,2026-06-12 06:49:23.614038,0 days 00:00:02.135358,,,,,,,,,,,,,,0.06049077682154082,QuantileRegressor,,,,,,3,,,,,,,,False,0.002014668916109553,0.008209626790568353,98.0,0.005112147853338953,0.0030974789372294003,0.015530376284296207,1.9844674545084815,6.327357993710231,6.428041863135138,98.0,6.377699928422684,0.05034193471245333,0.25240823418260117,1.9844674545084815,156866218514019.56,345289463770111.1,98.0,251077841142065.34,94211622628045.78,472365423435744.6,1.9844674545084815,17.340082478340253,17.882192799619286,98.0,17.61113763897977,0.2710551606395161,1.3590370504011844,1.9844674545084815,5.854432706615079,6.036763137269973,98.0,5.945597921942526,0.0911652153274469,0.4570911140207961,1.9844674545084815,99.0,0.7171717171717171,-0.029391433592658764,-0.017156960744729714,98.0,-0.02327419716869424,0.006117236423964524,0.030671066828673522,1.9844674545084815,QuantileRegressor,"{'mode': 'original', 'type': 'QuantileRegressor'}",3,"['nodes_T6W30', 'diameter_T6W30', 'asp_T6W30']",0.062256202517458295,0.11013255065122678,86.0,0.08619437658434254,0.023938174066884237,0.11231781346681237,1.98793420623902,7.588338311691449,7.715278834868541,98.0,7.651808573279995,0.06347026158854582,0.31823204138218353,1.9844674545084815,completed,False,COMPLETE
155,6.31840762701409,2026-06-12 06:49:23.626394,2026-06-12 06:49:25.861429,0 days 00:00:02.235035,,,,,,,,,,,,,,0.028313248258839442,QuantileRegressor,,,,,,2,,,,,,,,False,0.01020620653560823,0.018470346431150225,98.0,0.014338276483379228,0.0041320699477709975,0.020717687649335938,1.9844674545084815,6.266185635927501,6.370629618100679,98.0,6.31840762701409,0.05222199108658933,0.26183460431060546,1.9844674545084815,152537249055337.2,335676880517624.75,98.0,244107064786480.97,91569815731143.77,459119730402546.56,1.9844674545084815,17.25167991039498,17.87909901188041,98.0,17.565389461137695,0.31370955074271306,1.5729008867352388,1.9844674545084815,5.756811292329248,5.944980515199221,98.0,5.8508959037642345,0.09408461143498713,0.47172860502293484,1.9844674545084815,99.0,0.5454545454545454,-0.02259428456053731,-0.006962225929685919,98.0,-0.014778255245111616,0.007816029315425696,0.039188604273844414,1.9844674545084815,QuantileRegressor,"{'mode': 'original', 'type': 'QuantileRegressor'}",2,"['nodes_T6W30', 'lsc_T6W30']",0.07879843958924469,0.12490492626434065,97.0,0.10185168292679267,0.023053243337547973,0.11498604304153312,1.9847231860139845,7.555345328517149,7.68255298960775,98.0,7.618949159062449,0.06360383054530061,0.31890173961107876,1.9844674545084815,completed,False,COMPLETE
