number,value,datetime_start,datetime_complete,duration,params_dt_max_depth,params_dt_min_samples_leaf,params_dt_min_samples_split,params_elastic_alpha,params_elastic_l1_ratio,params_et_max_depth,params_et_max_features,params_et_min_samples_leaf,params_et_min_samples_split,params_et_n_estimators,params_knn_metric,params_knn_n_neighbors,params_knn_weights,params_quantile_alpha,params_regressor,params_rf_max_depth,params_rf_max_features,params_rf_min_samples_leaf,params_rf_min_samples_split,params_rf_n_estimators,params_rfe_n_features,params_rfe_proxy_et_max_depth,params_rfe_proxy_et_min_samples_leaf,params_rfe_proxy_et_min_samples_split,params_rfe_proxy_et_n_estimators,params_rfe_proxy_lsvr_C,params_rfe_proxy_lsvr_epsilon,params_rfe_proxy_type,params_use_scaler,user_attrs_d2mae_ci_lower_val,user_attrs_d2mae_ci_upper_val,user_attrs_d2mae_df_val,user_attrs_d2mae_mean_val,user_attrs_d2mae_samperror_val,user_attrs_d2mae_std_val,user_attrs_d2mae_t_critical_val,user_attrs_mae_ci_lower_val,user_attrs_mae_ci_upper_val,user_attrs_mae_df_val,user_attrs_mae_mean_val,user_attrs_mae_samperror_val,user_attrs_mae_std_val,user_attrs_mae_t_critical_val,user_attrs_mape_ci_lower_val,user_attrs_mape_ci_upper_val,user_attrs_mape_df_val,user_attrs_mape_mean_val,user_attrs_mape_samperror_val,user_attrs_mape_std_val,user_attrs_mape_t_critical_val,user_attrs_max_error_ci_lower_val,user_attrs_max_error_ci_upper_val,user_attrs_max_error_df_val,user_attrs_max_error_mean_val,user_attrs_max_error_samperror_val,user_attrs_max_error_std_val,user_attrs_max_error_t_critical_val,user_attrs_median_ae_ci_lower_val,user_attrs_median_ae_ci_upper_val,user_attrs_median_ae_df_val,user_attrs_median_ae_mean_val,user_attrs_median_ae_samperror_val,user_attrs_median_ae_std_val,user_attrs_median_ae_t_critical_val,user_attrs_n_splits_val,user_attrs_r2_below_zero_val,user_attrs_r2_ci_lower_val,user_attrs_r2_ci_upper_val,user_attrs_r2_df_val,user_attrs_r2_mean_val,user_attrs_r2_samperror_val,user_attrs_r2_std_val,user_attrs_r2_t_critical_val,user_attrs_regressor_final,user_attrs_rfe_estimator,user_attrs_rfe_n_features,user_attrs_rfe_selected_features,user_attrs_rho_ci_lower_val,user_attrs_rho_ci_upper_val,user_attrs_rho_df_val,user_attrs_rho_mean_val,user_attrs_rho_samperror_val,user_attrs_rho_std_val,user_attrs_rho_t_critical_val,user_attrs_rmse_ci_lower_val,user_attrs_rmse_ci_upper_val,user_attrs_rmse_df_val,user_attrs_rmse_mean_val,user_attrs_rmse_samperror_val,user_attrs_rmse_std_val,user_attrs_rmse_t_critical_val,user_attrs_termination_reason,user_attrs_use_scaler_final,state
222,6.3186145032619985,2026-06-12 06:51:41.290403,2026-06-12 06:51:43.507093,0 days 00:00:02.216690,,,,,,,,,,,,,,0.01837388821872132,QuantileRegressor,,,,,,2,,,,,,,,False,0.009850538624747475,0.01871345303324443,98.0,0.014281995828995952,0.004431457204248478,0.022218778324056488,1.9844674545084815,6.266103982309944,6.371125024214053,98.0,6.3186145032619985,0.0525105209520546,0.2632812573696707,1.9844674545084815,151918562569201.7,334301174923783.1,98.0,243109868746492.4,91191306177290.72,457221930314906.0,1.9844674545084815,17.237029455397334,17.877203432977268,98.0,17.5571164441873,0.32008698878996666,1.6048765723204415,1.9844674545084815,5.722597294428421,5.905439070851828,98.0,5.814018182640124,0.09142088821170362,0.4583730262399474,1.9844674545084815,99.0,0.5454545454545454,-0.02410468148544264,-0.007613449245905122,98.0,-0.015859065365673882,0.00824561611976876,0.04134249937802991,1.9844674545084815,QuantileRegressor,"{'mode': 'original', 'type': 'QuantileRegressor'}",2,"['nodes_T6W30', 'lsc_T6W30']",0.07404725163707084,0.1212087687807702,98.0,0.09762801020892052,0.023580758571849686,0.11823100692898968,1.9844674545084815,7.559152405206501,7.686197281929197,98.0,7.622674843567849,0.06352243836134772,0.3184936492676074,1.9844674545084815,completed,False,COMPLETE
223,6.3166701293442715,2026-06-12 06:51:43.519185,2026-06-12 06:51:45.922109,0 days 00:00:02.402924,,,,,,,,,,,,,,0.02093147440954322,QuantileRegressor,,,,,,2,,,,,,,,False,0.010285666750355475,0.018886883535127505,98.0,0.01458627514274149,0.004300608392386014,0.021562718565214408,1.9844674545084815,6.264587341000493,6.36875291768805,98.0,6.3166701293442715,0.05208278834377848,0.2611366589752314,1.9844674545084815,152037330118915.0,334567809595259.25,98.0,243302569857087.12,91265239738172.12,457592624044805.3,1.9844674545084815,17.243829038297697,17.879671023363954,98.0,17.561750030830826,0.3179209925331281,1.594016534986606,1.9844674545084815,5.732183902858106,5.915009436641995,98.0,5.82359666975005,0.09141276689194476,0.4583323069471496,1.9844674545084815,99.0,0.5555555555555556,-0.023288116025516566,-0.007119719792539997,98.0,-0.01520391790902828,0.008084198116488283,0.040533169474321874,1.9844674545084815,QuantileRegressor,"{'mode': 'original', 'type': 'QuantileRegressor'}",2,"['nodes_T6W30', 'lsc_T6W30']",0.07647418584569919,0.1232407787211766,98.0,0.0998574822834379,0.023383296437738704,0.11724095621136099,1.9844674545084815,7.557051912252481,7.683490466023391,98.0,7.620271189137936,0.06321927688545516,0.31697363512354826,1.9844674545084815,completed,False,COMPLETE
224,6.363825719666635,2026-06-12 06:51:45.961385,2026-06-12 06:51:48.158757,0 days 00:00:02.197372,,,,,,,,,,,,,,0.016301849630500718,QuantileRegressor,,,,,,2,,,,,,,,False,0.0026608322117600064,0.011759954141431352,98.0,0.007210393176595679,0.0045495609648356725,0.02281093597215665,1.9844674545084815,6.311232023159548,6.4164194161737225,98.0,6.363825719666635,0.05259369650708742,0.2636982893151632,1.9844674545084815,151174777479722.22,332745307526337.9,98.0,241960042503030.03,90785265023307.81,455186090189418.25,1.9844674545084815,17.19432093703693,17.736883620527184,98.0,17.465602278782058,0.27128134174512564,1.3601710944898444,1.9844674545084815,5.77767635999068,5.980317853110593,98.0,5.878997106550637,0.1013207465599566,0.5080096915491628,1.9844674545084815,99.0,0.6262626262626263,-0.03285887376546008,-0.01629594194587684,98.0,-0.024577407855668462,0.008281465909791622,0.04152224579117778,1.9844674545084815,QuantileRegressor,"{'mode': 'original', 'type': 'QuantileRegressor'}",2,"['lsc_T6W30', 'diameter_T6W30']",0.07305841478461163,0.11827715837082296,98.0,0.0956677865777173,0.02260937179310567,0.11336059376486371,1.9844674545084815,7.591819513978514,7.718710569582136,98.0,7.655265041780325,0.06344552780181083,0.3181080292346551,1.9844674545084815,completed,False,COMPLETE
225,6.317608556959275,2026-06-12 06:51:48.171634,2026-06-12 06:51:50.279208,0 days 00:00:02.107574,,,,,,,,,,,,,,0.02019058098830331,QuantileRegressor,,,,,,2,,,,,,,,False,0.010098028323671782,0.018782210162712115,98.0,0.014440119243191949,0.004342090919520166,0.021770706825561755,1.9844674545084815,6.265372089722251,6.369845024196299,98.0,6.317608556959275,0.05223646723702434,0.26190718593842593,1.9844674545084815,151977682122010.12,334430858118063.56,98.0,243204270120036.84,91226587998026.7,457398829000297.8,1.9844674545084815,17.24263249800039,17.880163860059213,98.0,17.5613981790298,0.3187656810294098,1.59825169863295,1.9844674545084815,5.726733713686714,5.9100725265423035,98.0,5.8184031201145086,0.09166940642779484,0.4596190658378312,1.9844674545084815,99.0,0.5454545454545454,-0.02358123156933039,-0.007256100724942359,98.0,-0.015418666147136374,0.008162565422194014,0.04092609345238938,1.9844674545084815,QuantileRegressor,"{'mode': 'original', 'type': 'QuantileRegressor'}",2,"['nodes_T6W30', 'lsc_T6W30']",0.07550841925729257,0.12257475456745018,98.0,0.09904158691237137,0.023533167655078804,0.11799239195851063,1.9844674545084815,7.557623687459381,7.684512062841321,98.0,7.621067875150351,0.0634441876909702,0.31810131008464976,1.9844674545084815,completed,False,COMPLETE
226,6.3654567019449475,2026-06-12 06:51:50.292436,2026-06-12 06:51:52.612773,0 days 00:00:02.320337,,,,,,,,,,,,,,0.013643670039579427,QuantileRegressor,,,,,,2,,,,,,,,False,0.0020928099735908123,0.011849408801252247,98.0,0.00697110938742153,0.004878299413830718,0.02445918989590266,1.9844674545084815,6.3112417750408865,6.4196716288490085,98.0,6.3654567019449475,0.054214926904060975,0.27182693800617236,1.9844674545084815,150812584130201.06,331949211824131.7,98.0,241380897977166.38,90568313846965.31,454098323824513.4,1.9844674545084815,17.185590337234206,17.737901276181756,98.0,17.46174580670798,0.27615546947377445,1.3846093680722134,1.9844674545084815,5.780177204429715,5.988828510062867,98.0,5.884502857246291,0.10432565281657637,0.5230759198625935,1.9844674545084815,99.0,0.6363636363636364,-0.03433845417127719,-0.01683505608208046,98.0,-0.025586755126678826,0.008751699044598365,0.043879936569028596,1.9844674545084815,QuantileRegressor,"{'mode': 'original', 'type': 'QuantileRegressor'}",2,"['lsc_T6W30', 'diameter_T6W30']",0.07073662112491363,0.11692744891035506,98.0,0.09383203501763435,0.023095413892720715,0.11579754873695561,1.9844674545084815,7.594306455300471,7.723547389470156,98.0,7.658926922385313,0.0646204670848427,0.3239990294791984,1.9844674545084815,completed,False,COMPLETE
227,6.327613016720044,2026-06-12 06:51:52.625267,2026-06-12 06:51:53.892752,0 days 00:00:01.267485,,,,,,16.0,sqrt,2.0,4.0,182.0,,,,,ExtraTreesRegressor,,,,,,2,,,,,,,,True,,,,,,,,,,,,,,,,,,,,,,,,,,,,,,,,,,,,,,,,,,,,,ExtraTreesRegressor,"{'mode': 'original', 'type': 'ExtraTreesRegressor'}",2,"['density_T6W30', 'asp_T6W30']",,,,,,,,,,,,,,,pruned,True,PRUNED
228,6.318419508552621,2026-06-12 06:51:53.902758,2026-06-12 06:51:56.093729,0 days 00:00:02.190971,,,,,,,,,,,,,,0.02827985983965524,QuantileRegressor,,,,,,2,,,,,,,,False,0.010204024848494144,0.018468764401089757,98.0,0.014336394624791951,0.004132369776297808,0.020719190952485526,1.9844674545084815,6.266197442211026,6.370641574894216,98.0,6.318419508552621,0.05222206634159476,0.2618349816298949,1.9844674545084815,152537249055337.2,335676880517624.75,98.0,244107064786480.97,91569815731143.77,459119730402546.56,1.9844674545084815,17.25219075796921,17.88001907309892,98.0,17.566104915534066,0.3139141575648565,1.5739267600349822,1.9844674545084815,5.756548197917033,5.94462010191966,98.0,5.850584149918347,0.09403595200131287,0.47148463264086016,1.9844674545084815,99.0,0.5454545454545454,-0.02263277108221636,-0.006985822758471814,98.0,-0.014809296920344087,0.007823474161872273,0.03922593181312304,1.9844674545084815,QuantileRegressor,"{'mode': 'original', 'type': 'QuantileRegressor'}",2,"['nodes_T6W30', 'lsc_T6W30']",0.07879843958924469,0.12490492626434065,97.0,0.10185168292679267,0.023053243337547973,0.11498604304153312,1.9847231860139845,7.555440293168108,7.6826890763080025,98.0,7.619064684738055,0.0636243915699474,0.3190048300455987,1.9844674545084815,completed,False,COMPLETE
229,6.321487462423697,2026-06-12 06:51:56.191341,2026-06-12 06:51:58.385518,0 days 00:00:02.194177,,,,,,,,,,,,,,0.034678433749201695,QuantileRegressor,,,,,,2,,,,,,,,False,0.009977014671934827,0.017789334688832887,98.0,0.013883174680383857,0.00390616000844903,0.019585003154902896,1.9844674545084815,6.269204056905123,6.373770867942271,98.0,6.321487462423697,0.052283405518574314,0.2621425286766275,1.9844674545084815,153118353839534.34,336971258407624.0,98.0,245044806123579.16,91926452284044.81,460907861968742.75,1.9844674545084815,17.2713972841557,17.886126552569404,98.0,17.578761918362552,0.3073646342068516,1.5410882599857822,1.9844674545084815,5.758853196130247,5.951044817928088,98.0,5.854949007029168,0.09609581089892076,0.4818125103829508,1.9844674545084815,99.0,0.5555555555555556,-0.02253815117490391,-0.00764604830264364,98.0,-0.015092099738773776,0.007446051436130136,0.03733358094720785,1.9844674545084815,QuantileRegressor,"{'mode': 'original', 'type': 'QuantileRegressor'}",2,"['nodes_T6W30', 'asp_T6W30']",0.07324591220974984,0.12302434427138252,97.0,0.09813512824056618,0.02488921603081634,0.12414359332806434,1.9847231860139845,7.557172576398259,7.683409780907193,98.0,7.620291178652726,0.06311860225446692,0.3164688649755618,1.9844674545084815,completed,False,COMPLETE
230,6.316730917935549,2026-06-12 06:51:58.397898,2026-06-12 06:52:00.672779,0 days 00:00:02.274881,,,,,,,,,,,,,,0.02047530317156555,QuantileRegressor,,,,,,2,,,,,,,,False,0.010263781064656584,0.018887322961723338,98.0,0.014575552013189962,0.004311770948533378,0.02161868624111351,1.9844674545084815,6.264648981043379,6.368812854827718,98.0,6.316730917935549,0.0520819368921691,0.26113238990217247,1.9844674545084815,152037330118915.0,334567809595259.25,98.0,243302569857087.12,91265239738172.12,457592624044805.3,1.9844674545084815,17.241733250406114,17.879139961646466,98.0,17.56043660602629,0.31870335562017554,1.5979392067396734,1.9844674545084815,5.731762208831896,5.914771458234815,98.0,5.8232668335333555,0.09150462470145976,0.4587928706427643,1.9844674545084815,99.0,0.5454545454545454,-0.023387731075273886,-0.007096173623126005,98.0,-0.015241952349199946,0.008145778726073942,0.040841927034280315,1.9844674545084815,QuantileRegressor,"{'mode': 'original', 'type': 'QuantileRegressor'}",2,"['nodes_T6W30', 'lsc_T6W30']",0.0764560155733588,0.12322690623540491,98.0,0.09984146090438185,0.023385445331023068,0.11725173049650618,1.9844674545084815,7.557061302210798,7.683729234451832,98.0,7.620395268331315,0.06333396612051669,0.3175486727629831,1.9844674545084815,completed,False,COMPLETE
231,6.317615420449077,2026-06-12 06:52:00.685873,2026-06-12 06:52:02.899088,0 days 00:00:02.213215,,,,,,,,,,,,,,0.022223382906325494,QuantileRegressor,,,,,,2,,,,,,,,False,0.01018881182412221,0.01869355860454541,98.0,0.01444118521433381,0.004252373390211599,0.021320874230184788,1.9844674545084815,6.265615048358451,6.369615792539704,98.0,6.317615420449077,0.05200037209062654,0.2607234340754565,1.9844674545084815,152387993365226.3,335350898822817.56,98.0,243869446094021.94,91481452728795.64,458676689237816.6,1.9844674545084815,17.24744075748694,17.879029436178918,98.0,17.56323509683293,0.3157943393459874,1.583353758938148,1.9844674545084815,5.747667283029233,5.934727345238902,98.0,5.841197314134067,0.09353003110483432,0.4689480078399734,1.9844674545084815,99.0,0.5454545454545454,-0.023222652100847778,-0.007077278318536646,98.0,-0.015149965209692211,0.008072686891155565,0.04047545361425202,1.9844674545084815,QuantileRegressor,"{'mode': 'original', 'type': 'QuantileRegressor'}",2,"['nodes_T6W30', 'lsc_T6W30']",0.07766071090155832,0.12447860585128082,98.0,0.10106965837641957,0.02340894747486124,0.11736956733888387,1.9844674545084815,7.556749814709609,7.6834583101002485,98.0,7.620104062404929,0.06335424769532004,0.3176503620705515,1.9844674545084815,completed,False,COMPLETE
232,6.318405031113951,2026-06-12 06:52:02.912192,2026-06-12 06:52:05.204029,0 days 00:00:02.291837,,,,,,,,,,,,,,0.018248989844674945,QuantileRegressor,,,,,,2,,,,,,,,False,0.009876645112522387,0.01875006340585542,98.0,0.014313354259188903,0.004436709146666515,0.022245110913762016,1.9844674545084815,6.265917281616175,6.370892780611727,98.0,6.318405031113951,0.05248774949777569,0.2631670841143689,1.9844674545084815,151891808667641.38,334240755438024.75,98.0,243066282052833.06,91174473385191.67,457137532777259.56,1.9844674545084815,17.237692327115816,17.87831627602828,98.0,17.558004301572048,0.3203119744562298,1.6060046226240747,1.9844674545084815,5.723981576892817,5.906717543500174,98.0,5.815349560196496,0.09136798330367864,0.4581077675745733,1.9844674545084815,99.0,0.5353535353535354,-0.024070876603245486,-0.007567723616524974,98.0,-0.01581930010988523,0.008251576493360257,0.04137238395401794,1.9844674545084815,QuantileRegressor,"{'mode': 'original', 'type': 'QuantileRegressor'}",2,"['nodes_T6W30', 'lsc_T6W30']",0.0741308624761191,0.12127626810496563,98.0,0.09770356529054236,0.023572702814423262,0.1181906163576177,1.9844674545084815,7.559021207235249,7.686009695736606,98.0,7.622515451485928,0.06349424425067848,0.31835228748385763,1.9844674545084815,completed,False,COMPLETE
233,6.318789736354887,2026-06-12 06:52:05.217881,2026-06-12 06:52:07.404153,0 days 00:00:02.186272,,,,,,,,,,,,,,0.026698148785614544,QuantileRegressor,,,,,,2,,,,,,,,False,0.01013230695609436,0.01841278902063201,98.0,0.014272547988363185,0.004140241032268823,0.020758656456379875,1.9844674545084815,6.266733062643753,6.370846410066021,98.0,6.318789736354887,0.052056673711134344,0.2610057234371023,1.9844674545084815,152507535665844.72,335612551516845.75,98.0,244060043591345.22,91552507925500.5,459032951205740.8,1.9844674545084815,17.252429671721867,17.88110028639753,98.0,17.5667649790597,0.3143353073378299,1.5760383529074011,1.9844674545084815,5.755317137828509,5.943982911994452,98.0,5.8496500249114805,0.09433288708297093,0.47297342841432966,1.9844674545084815,99.0,0.5555555555555556,-0.022884382241706032,-0.007207752683981829,98.0,-0.01504606746284393,0.0078383147788621,0.039300340831170885,1.9844674545084815,QuantileRegressor,"{'mode': 'original', 'type': 'QuantileRegressor'}",2,"['nodes_T6W30', 'lsc_T6W30']",0.07789586848091286,0.12369606504036641,97.0,0.10079596676063964,0.022900098279726777,0.11422217897466908,1.9847231860139845,7.556327925380518,7.683553716207103,98.0,7.61994082079381,0.06361289541329317,0.31894718973801905,1.9844674545084815,completed,False,COMPLETE
234,6.366899588494063,2026-06-12 06:52:07.416865,2026-06-12 06:52:09.687871,0 days 00:00:02.271006,,,,,,,,,,,,,,0.015438824192616078,QuantileRegressor,,,,,,2,,,,,,,,False,0.0020488160281973795,0.011425965859523077,98.0,0.006737390943860228,0.0046885749156628485,0.023507934727875004,1.9844674545084815,6.3135856797389245,6.420213497249202,98.0,6.366899588494063,0.05331390875513863,0.2673093444485353,1.9844674545084815,151214627541097.2,332833197506757.2,98.0,242023912523927.2,90809284982830.0,455306523295590.4,1.9844674545084815,17.190265104797287,17.735199372922335,98.0,17.46273223885981,0.2724671340625247,1.3661165105063635,1.9844674545084815,5.778758069667504,5.981867646749871,98.0,5.880312858208687,0.10155478854118341,0.5091831490959075,1.9844674545084815,99.0,0.6262626262626263,-0.03376724655709451,-0.016876150395761114,98.0,-0.025321698476427814,0.0084455480806667,0.042344933501691634,1.9844674545084815,QuantileRegressor,"{'mode': 'original', 'type': 'QuantileRegressor'}",2,"['lsc_T6W30', 'diameter_T6W30']",0.07156765172046475,0.11727361084780175,98.0,0.09442063128413325,0.022852979563668503,0.11458201299620911,1.9844674545084815,7.5941215591806035,7.721911365655979,98.0,7.658016462418291,0.06389490323768743,0.32036114208982297,1.9844674545084815,completed,False,COMPLETE
235,6.315436860694016,2026-06-12 06:52:09.701998,2026-06-12 06:52:11.844271,0 days 00:00:02.142273,,,,,,,,,,,,,,0.021549992915513988,QuantileRegressor,,,,,,2,,,,,,,,False,0.010484708395804154,0.01906536756706341,98.0,0.014775037981433781,0.004290329585629627,0.02151118189945647,1.9844674545084815,6.2635001816979585,6.367373539690073,98.0,6.315436860694016,0.05193667899605752,0.260404084777071,1.9844674545084815,152148351451867.7,334810371467778.2,98.0,243479361459822.94,91331010007955.27,457922388042802.1,1.9844674545084815,17.242880335235025,17.87824600654174,98.0,17.560563170888383,0.31768283565335886,1.5928224458475146,1.9844674545084815,5.739348781638909,5.9208850625403935,98.0,5.830116922089651,0.09076814045074236,0.4551002297006019,1.9844674545084815,99.0,0.5454545454545454,-0.022862740307367277,-0.006656814257791252,98.0,-0.014759777282579266,0.008102963024788013,0.04062725440362757,1.9844674545084815,QuantileRegressor,"{'mode': 'original', 'type': 'QuantileRegressor'}",2,"['nodes_T6W30', 'lsc_T6W30']",0.07777689645682143,0.12485499573980846,98.0,0.10131594609831494,0.023539049641493514,0.11802188351088946,1.9844674545084815,7.555320423559221,7.681883805505101,98.0,7.618602114532161,0.06328169097294033,0.3172865716386074,1.9844674545084815,completed,False,COMPLETE
236,6.317608556959275,2026-06-12 06:52:11.857352,2026-06-12 06:52:14.006683,0 days 00:00:02.149331,,,,,,,,,,,,,,0.020084880038891223,QuantileRegressor,,,,,,2,,,,,,,,False,0.010098028323671782,0.018782210162712115,98.0,0.014440119243191949,0.004342090919520166,0.021770706825561755,1.9844674545084815,6.265372089722251,6.369845024196299,98.0,6.317608556959275,0.05223646723702434,0.26190718593842593,1.9844674545084815,151977682122010.12,334430858118063.56,98.0,243204270120036.84,91226587998026.7,457398829000297.8,1.9844674545084815,17.24263249800039,17.880163860059213,98.0,17.5613981790298,0.3187656810294098,1.59825169863295,1.9844674545084815,5.726733713686714,5.9100725265423035,98.0,5.8184031201145086,0.09166940642779484,0.4596190658378312,1.9844674545084815,99.0,0.5454545454545454,-0.02358123156933039,-0.007256100724942359,98.0,-0.015418666147136374,0.008162565422194014,0.04092609345238938,1.9844674545084815,QuantileRegressor,"{'mode': 'original', 'type': 'QuantileRegressor'}",2,"['nodes_T6W30', 'lsc_T6W30']",0.07550841925729257,0.12257475456745018,98.0,0.09904158691237137,0.023533167655078804,0.11799239195851063,1.9844674545084815,7.557623687459381,7.684512062841321,98.0,7.621067875150351,0.0634441876909702,0.31810131008464976,1.9844674545084815,completed,False,COMPLETE
237,7.055816197442169,2026-06-12 06:52:14.019387,2026-06-12 06:52:14.179790,0 days 00:00:00.160403,6.0,4.0,20.0,,,,,,,,,,,,DecisionTreeRegressor,,,,,,2,,,,,,,,False,,,,,,,,,,,,,,,,,,,,,,,,,,,,,,,,,,,,,,,,,,,,,DecisionTreeRegressor,"{'mode': 'original', 'type': 'DecisionTreeRegressor'}",2,"['edges_T6W30', 'atd_T6W30']",,,,,,,,,,,,,,,pruned,False,PRUNED
