number,value,datetime_start,datetime_complete,duration,params_dt_max_depth,params_dt_min_samples_leaf,params_dt_min_samples_split,params_elastic_alpha,params_elastic_l1_ratio,params_et_max_depth,params_et_max_features,params_et_min_samples_leaf,params_et_min_samples_split,params_et_n_estimators,params_knn_metric,params_knn_n_neighbors,params_knn_weights,params_quantile_alpha,params_regressor,params_rf_max_depth,params_rf_max_features,params_rf_min_samples_leaf,params_rf_min_samples_split,params_rf_n_estimators,params_rfe_n_features,params_rfe_proxy_et_max_depth,params_rfe_proxy_et_min_samples_leaf,params_rfe_proxy_et_min_samples_split,params_rfe_proxy_et_n_estimators,params_rfe_proxy_lsvr_C,params_rfe_proxy_lsvr_epsilon,params_rfe_proxy_type,params_use_scaler,user_attrs_d2mae_ci_lower_val,user_attrs_d2mae_ci_upper_val,user_attrs_d2mae_df_val,user_attrs_d2mae_mean_val,user_attrs_d2mae_samperror_val,user_attrs_d2mae_std_val,user_attrs_d2mae_t_critical_val,user_attrs_mae_ci_lower_val,user_attrs_mae_ci_upper_val,user_attrs_mae_df_val,user_attrs_mae_mean_val,user_attrs_mae_samperror_val,user_attrs_mae_std_val,user_attrs_mae_t_critical_val,user_attrs_mape_ci_lower_val,user_attrs_mape_ci_upper_val,user_attrs_mape_df_val,user_attrs_mape_mean_val,user_attrs_mape_samperror_val,user_attrs_mape_std_val,user_attrs_mape_t_critical_val,user_attrs_max_error_ci_lower_val,user_attrs_max_error_ci_upper_val,user_attrs_max_error_df_val,user_attrs_max_error_mean_val,user_attrs_max_error_samperror_val,user_attrs_max_error_std_val,user_attrs_max_error_t_critical_val,user_attrs_median_ae_ci_lower_val,user_attrs_median_ae_ci_upper_val,user_attrs_median_ae_df_val,user_attrs_median_ae_mean_val,user_attrs_median_ae_samperror_val,user_attrs_median_ae_std_val,user_attrs_median_ae_t_critical_val,user_attrs_n_splits_val,user_attrs_r2_below_zero_val,user_attrs_r2_ci_lower_val,user_attrs_r2_ci_upper_val,user_attrs_r2_df_val,user_attrs_r2_mean_val,user_attrs_r2_samperror_val,user_attrs_r2_std_val,user_attrs_r2_t_critical_val,user_attrs_regressor_final,user_attrs_rfe_estimator,user_attrs_rfe_n_features,user_attrs_rfe_selected_features,user_attrs_rho_ci_lower_val,user_attrs_rho_ci_upper_val,user_attrs_rho_df_val,user_attrs_rho_mean_val,user_attrs_rho_samperror_val,user_attrs_rho_std_val,user_attrs_rho_t_critical_val,user_attrs_rmse_ci_lower_val,user_attrs_rmse_ci_upper_val,user_attrs_rmse_df_val,user_attrs_rmse_mean_val,user_attrs_rmse_samperror_val,user_attrs_rmse_std_val,user_attrs_rmse_t_critical_val,user_attrs_termination_reason,user_attrs_use_scaler_final,state
39,6.809393829309861,2026-06-12 06:44:55.871114,2026-06-12 06:45:02.877849,0 days 00:00:07.006735,,,,,,20.0,,1.0,12.0,99.0,,,,,ExtraTreesRegressor,,,,,,8,,,,,,,,False,-0.07099530580665803,-0.05417339036729604,98.0,-0.06258434808697703,0.008410957719680994,0.0421715017099655,1.9844674545084815,6.7453836836285905,6.873403974991131,98.0,6.809393829309861,0.06401014568127071,0.3209389534483631,1.9844674545084815,183465456327983.94,405199020906638.7,98.0,294332238617311.3,110866782289327.36,555872334009315.25,1.9844674545084815,17.34441044867439,17.91802690547883,98.0,17.63121867707661,0.28680822840221964,1.4380209837691493,1.9844674545084815,6.273660057153029,6.491843903702422,98.0,6.3827519804277255,0.10909192327469622,0.5469734104306929,1.9844674545084815,99.0,0.9696969696969697,-0.158353390773464,-0.12859279750566333,98.0,-0.14347309413956366,0.014880296633900333,0.0746079668755156,1.9844674545084815,ExtraTreesRegressor,"{'mode': 'original', 'type': 'ExtraTreesRegressor'}",8,"['edges_T6W30', 're_T6W30', 'l1_T6W30', 'l2_T6W30', 'l3_T6W30', 'lsc_T6W30', 'density_T6W30', 'asp_T6W30']",-0.11939255956340092,-0.07391783613975572,98.0,-0.09665519785157832,0.022737361711822595,0.11400231938707192,1.9844674545084815,8.012773597871815,8.152451648322996,98.0,8.082612623097406,0.06983902522559073,0.35016423454748125,1.9844674545084815,completed,False,COMPLETE
40,6.43236284412755,2026-06-12 06:45:02.889935,2026-06-12 06:45:05.253956,0 days 00:00:02.364021,,,,,,,,,,,,,,0.7855325063545449,QuantileRegressor,,,,,,10,,,,,,,,True,-0.004618760704527799,-0.0023266854860824436,98.0,-0.0034727230953051215,0.001146037609222678,0.005746090826723593,1.9844674545084815,6.387146941252938,6.477578747002163,98.0,6.43236284412755,0.04521590287461224,0.22670694455311866,1.9844674545084815,159975467009718.8,352020212552703.8,98.0,255997839781211.3,96022372771492.52,481444300695108.6,1.9844674545084815,17.65307108337025,18.14490871460955,98.0,17.8989898989899,0.24591881561964796,1.2330065254221743,1.9844674545084815,5.956835168213341,6.06336685198868,98.0,6.01010101010101,0.05326584188766987,0.26706834312012434,1.9844674545084815,99.0,1.0,-0.03940786471611372,-0.03383770038410198,98.0,-0.03662278255010785,0.0027850821660058717,0.013964057511701019,1.9844674545084815,QuantileRegressor,"{'mode': 'original', 'type': 'QuantileRegressor'}",10,"['pe_T6W30', 'l1_T6W30', 'l2_T6W30', 'l3_T6W30', 'lcc_T6W30', 'lsc_T6W30', 'atd_T6W30', 'density_T6W30', 'diameter_T6W30', 'asp_T6W30']",,,,,,,,7.641821067877172,7.76254996760978,98.0,7.702185517743476,0.06036444986630419,0.3026598855444638,1.9844674545084815,completed,True,COMPLETE
41,6.585771483769532,2026-06-12 06:45:05.266744,2026-06-12 06:45:07.649807,0 days 00:00:02.383063,,,,,,,,,,,,,,0.0028187762929634637,QuantileRegressor,,,,,,11,,,,,,,,False,-0.036436466318754,-0.018452965648557237,98.0,-0.02744471598365562,0.008991750335098385,0.04508352404921688,1.9844674545084815,6.513728501832657,6.657814465706408,98.0,6.585771483769532,0.07204298193687533,0.361214600904828,1.9844674545084815,148923362348584.0,328295796197883.8,98.0,238609579273233.9,89686216924649.89,449675598956840.3,1.9844674545084815,17.716366271813012,18.522153918501193,98.0,18.119260095157102,0.40289382334409135,2.020059798937415,1.9844674545084815,5.860701964211045,6.09519565766329,98.0,5.977948810937168,0.117246846726123,0.587861187986841,1.9844674545084815,99.0,0.9393939393939394,-0.13006804993878135,-0.08386261442514457,98.0,-0.10696533218196297,0.023102717756818394,0.11583416940817402,1.9844674545084815,QuantileRegressor,"{'mode': 'original', 'type': 'QuantileRegressor'}",11,"['nodes_T6W30', 'pe_T6W30', 'l1_T6W30', 'l2_T6W30', 'l3_T6W30', 'lcc_T6W30', 'lsc_T6W30', 'atd_T6W30', 'density_T6W30', 'diameter_T6W30', 'asp_T6W30']",-0.017334777417893937,0.027718177225175986,98.0,0.005191699903641025,0.02252647732153496,0.11294497113708485,1.9844674545084815,7.858718091475829,8.037757895420638,98.0,7.948237993448234,0.08951990197240428,0.4488417163566928,1.9844674545084815,completed,False,COMPLETE
42,6.349855189418165,2026-06-12 06:45:07.662509,2026-06-12 06:45:10.028837,0 days 00:00:02.366328,,,,,,,,,,,,,,0.03539202957819941,QuantileRegressor,,,,,,9,,,,,,,,False,0.0053189187255396,0.013555673325085466,98.0,0.009437296025312533,0.0041183772997729325,0.020649034405827986,1.9844674545084815,6.297381459030788,6.402328919805543,98.0,6.349855189418165,0.0524737303873774,0.26309679402876424,1.9844674545084815,152765567896815.8,336247305089139.0,98.0,244506436492977.4,91740868596161.58,459977368311332.4,1.9844674545084815,17.236584106302995,17.821900863572107,98.0,17.52924248493755,0.2926583786345547,1.4673529134671421,1.9844674545084815,5.776263931365546,5.968453567647697,98.0,5.872358749506621,0.09609481814107565,0.4818075328179031,1.9844674545084815,99.0,0.6363636363636364,-0.0286217133442828,-0.013489603983398688,98.0,-0.021055658663840744,0.007566054680442055,0.03793526237176903,1.9844674545084815,QuantileRegressor,"{'mode': 'original', 'type': 'QuantileRegressor'}",9,"['nodes_T6W30', 'l2_T6W30', 'l3_T6W30', 'lcc_T6W30', 'lsc_T6W30', 'atd_T6W30', 'density_T6W30', 'diameter_T6W30', 'asp_T6W30']",0.07034045900144185,0.11654320376421963,97.0,0.09344183138283074,0.023101372381388884,0.115226103332643,1.9847231860139845,7.5797566541705255,7.705184333265848,98.0,7.642470493718187,0.06271383954766131,0.3144394348260985,1.9844674545084815,completed,False,COMPLETE
43,6.365501176240389,2026-06-12 06:45:10.047005,2026-06-12 06:45:12.254021,0 days 00:00:02.207016,,,,,,,,,,,,,,0.05217499929072756,QuantileRegressor,,,,,,10,,,,,,,,False,0.0036504213028572935,0.010351096897706925,98.0,0.0070007591002821095,0.003350337797424816,0.01679817933485242,1.9844674545084815,6.315073152666582,6.415929199814195,98.0,6.365501176240389,0.05042802357380609,0.25283987308565403,1.9844674545084815,155108187703015.03,341358441111610.0,98.0,248233314407312.5,93125126704297.47,466917867255666.6,1.9844674545084815,17.297166804995044,17.843909559954717,98.0,17.57053818247488,0.2733713774798376,1.3706502751607985,1.9844674545084815,5.821757340212013,6.009648407266239,98.0,5.915702873739126,0.09394553352711309,0.47103128559449386,1.9844674545084815,99.0,0.7171717171717171,-0.02809396902938418,-0.014989592376568031,98.0,-0.021541780702976104,0.006552188326408073,0.032851861871160855,1.9844674545084815,QuantileRegressor,"{'mode': 'original', 'type': 'QuantileRegressor'}",10,"['nodes_T6W30', 'l1_T6W30', 'l2_T6W30', 'l3_T6W30', 'lcc_T6W30', 'lsc_T6W30', 'atd_T6W30', 'density_T6W30', 'diameter_T6W30', 'asp_T6W30']",0.06658993724251529,0.11270590724140513,95.0,0.0896479222419602,0.023057984999444916,0.11379981200494538,1.9852510035054978,7.582171716190142,7.707721567140287,98.0,7.644946641665214,0.06277492547507245,0.31474571211081787,1.9844674545084815,completed,False,COMPLETE
44,6.346940461017899,2026-06-12 06:45:12.265983,2026-06-12 06:45:14.522405,0 days 00:00:02.256422,,,,,,,,,,,,,,0.035243850286705285,QuantileRegressor,,,,,,7,,,,,,,,False,0.005777473254125685,0.013985249183829571,98.0,0.009881361218977628,0.004103887964851943,0.0205763866726255,1.9844674545084815,6.294858599170681,6.399022322865118,98.0,6.346940461017899,0.05208186184721901,0.2611320136360746,1.9844674545084815,153271335818472.44,337304884708923.06,98.0,245288110263697.75,92016774445225.3,461360726113542.5,1.9844674545084815,17.236745416923007,17.822315345989516,98.0,17.52953038145626,0.2927849645332536,1.467987599506634,1.9844674545084815,5.773537037234536,5.965527363696089,98.0,5.869532200465312,0.09599516323077655,0.4813078754233294,1.9844674545084815,99.0,0.6363636363636364,-0.028304194961318654,-0.013146777865726933,98.0,-0.020725486413522794,0.007578708547795861,0.03799870729760667,1.9844674545084815,QuantileRegressor,"{'mode': 'original', 'type': 'QuantileRegressor'}",7,"['nodes_T6W30', 'lcc_T6W30', 'lsc_T6W30', 'atd_T6W30', 'density_T6W30', 'diameter_T6W30', 'asp_T6W30']",0.0665519222895505,0.11476318845305598,98.0,0.09065755537130324,0.024105633081752748,0.12086266280333804,1.9844674545084815,7.5786468176855015,7.703738465834934,98.0,7.641192641760218,0.06254582407471634,0.31359702602549067,1.9844674545084815,completed,False,COMPLETE
45,6.7379886693786375,2026-06-12 06:45:14.539645,2026-06-12 06:45:16.295096,0 days 00:00:01.755451,2.0,1.0,16.0,,,,,,,,,,,,DecisionTreeRegressor,,,,,,6,,,,,,,,False,-0.06195780358991851,-0.0413223975496783,98.0,-0.051640100569798404,0.010317703020120106,0.05173168681347433,1.9844674545084815,6.669022801721139,6.806954537036136,98.0,6.7379886693786375,0.06896586765749803,0.3457863304962305,1.9844674545084815,166648038602357.44,376649010626142.5,98.0,271648524614249.97,105000486011892.53,526459450038191.25,1.9844674545084815,17.743956997714864,18.623454769037888,98.0,18.183705883376376,0.4397488856615115,2.2048465230346226,1.9844674545084815,6.197143250026605,6.4162627852915,98.0,6.306703017659053,0.10955976763244708,0.5493191241758378,1.9844674545084815,99.0,0.898989898989899,-0.15641848172168513,-0.11100496396029488,98.0,-0.13371172284099,0.022706758880695115,0.11384888057686336,1.9844674545084815,DecisionTreeRegressor,"{'mode': 'original', 'type': 'DecisionTreeRegressor'}",6,"['edges_T6W30', 'lsc_T6W30', 'atd_T6W30', 'density_T6W30', 'diameter_T6W30', 'asp_T6W30']",-0.031254783326876465,0.023872849317193537,98.0,-0.0036909670048414635,0.027563816322035,0.13820156584997806,1.9844674545084815,7.9561937258691815,8.1252542896933,98.0,8.040724007781241,0.08453028191205988,0.42382437850769533,1.9844674545084815,completed,False,COMPLETE
46,6.43236284412755,2026-06-12 06:45:16.307453,2026-06-12 06:45:18.475108,0 days 00:00:02.167655,,,,,,,,,,,,,,0.2869290759246903,QuantileRegressor,,,,,,6,,,,,,,,True,-0.004618760704527799,-0.0023266854860824436,98.0,-0.0034727230953051215,0.001146037609222678,0.005746090826723593,1.9844674545084815,6.387146941252938,6.477578747002163,98.0,6.43236284412755,0.04521590287461224,0.22670694455311866,1.9844674545084815,159975467009718.8,352020212552703.8,98.0,255997839781211.3,96022372771492.52,481444300695108.6,1.9844674545084815,17.65307108337025,18.14490871460955,98.0,17.8989898989899,0.24591881561964796,1.2330065254221743,1.9844674545084815,5.956835168213341,6.06336685198868,98.0,6.01010101010101,0.05326584188766987,0.26706834312012434,1.9844674545084815,99.0,1.0,-0.03940786471611372,-0.03383770038410198,98.0,-0.03662278255010785,0.0027850821660058717,0.013964057511701019,1.9844674545084815,QuantileRegressor,"{'mode': 'original', 'type': 'QuantileRegressor'}",6,"['lcc_T6W30', 'lsc_T6W30', 'atd_T6W30', 'density_T6W30', 'diameter_T6W30', 'asp_T6W30']",,,,,,,,7.641821067877172,7.76254996760978,98.0,7.702185517743476,0.06036444986630419,0.3026598855444638,1.9844674545084815,completed,True,COMPLETE
47,6.581693343086754,2026-06-12 06:45:18.487518,2026-06-12 06:45:20.208142,0 days 00:00:01.720624,,,,,,,,,,,,,,,LinearRegression,,,,,,7,,,,,,,,False,-0.03270443796928577,-0.021091875944674154,98.0,-0.026898156956979963,0.005806281012305808,0.029111974854663936,1.9844674545084815,6.526789144485487,6.636597541688022,98.0,6.581693343086754,0.05490419860126727,0.27528286104444305,1.9844674545084815,171275764236472.8,377053274867638.2,98.0,274164519552055.5,102888755315582.7,515871493513093.6,1.9844674545084815,17.068049248418383,17.907837155278784,98.0,17.487943201848584,0.4198939534302005,2.105296348553929,1.9844674545084815,6.127799520630284,6.3135224449509755,98.0,6.22066098279063,0.09286146216034592,0.4655958858432418,1.9844674545084815,99.0,0.8585858585858586,-0.07711395869000998,-0.05327427081515019,98.0,-0.06519411475258008,0.01191984393742989,0.0597646232145026,1.9844674545084815,LinearRegression,"{'mode': 'original', 'type': 'LinearRegression'}",7,"['pe_T6W30', 'l2_T6W30', 'lcc_T6W30', 'atd_T6W30', 'density_T6W30', 'diameter_T6W30', 'asp_T6W30']",-0.06766286216669043,-0.017142713010765538,98.0,-0.04240278758872798,0.025260074577962442,0.12665088967999255,1.9844674545084815,7.735922741274565,7.870591349116753,98.0,7.803257045195659,0.067334303921094,0.3376058717193803,1.9844674545084815,completed,False,COMPLETE
48,6.451563611927312,2026-06-12 06:45:20.219972,2026-06-12 06:45:21.940499,0 days 00:00:01.720527,,,,0.04298348505330417,0.13307659129568478,,,,,,,,,,ElasticNet,,,,,,2,,,,,,,,False,-0.009634876210615524,-0.0033389711763567756,98.0,-0.00648692369348615,0.0031479525171293743,0.0157834445711667,1.9844674545084815,6.403033990020646,6.500093233833978,98.0,6.451563611927312,0.04852962190666586,0.2433215219275362,1.9844674545084815,174859826817127.75,384742551930197.2,98.0,279801189373662.47,104941362556534.73,526163012345621.94,1.9844674545084815,16.369977689794915,16.88127357914464,98.0,16.625625634469777,0.25564794467486385,1.2817871751724945,1.9844674545084815,6.177029286574632,6.315602417657432,98.0,6.246315852116032,0.06928656554140007,0.34739427002108525,1.9844674545084815,99.0,0.4444444444444444,-0.009729557641235322,0.0012365644902831941,98.0,-0.004246496575476063,0.005483061065759257,0.027491390019647097,1.9844674545084815,ElasticNet,"{'mode': 'original', 'type': 'ElasticNet'}",2,"['re_T6W30', 'l2_T6W30']",0.04994967539447111,0.09459699188686584,98.0,0.07227333364066847,0.022323658246197364,0.11192806137871103,1.9844674545084815,7.5191336382165135,7.641311396854472,98.0,7.580222517535493,0.06108887931897941,0.30629208522022217,1.9844674545084815,completed,False,COMPLETE
49,6.484000085902763,2026-06-12 06:45:21.952630,2026-06-12 06:45:24.280432,0 days 00:00:02.327802,,,,,,,,,,,,,,0.003376483017367074,QuantileRegressor,,,,,,8,,,,,,,,False,-0.018737334789140782,-0.0043634827364264165,98.0,-0.0115504087627836,0.0071869260263571835,0.03603435819213852,1.9844674545084815,6.420425201888467,6.54757496991706,98.0,6.484000085902763,0.06357488401429613,0.31875660528482996,1.9844674545084815,148724818039103.53,327541160643704.75,98.0,238132989341404.12,89408171302300.6,448281512596030.9,1.9844674545084815,17.364730527866733,18.0117325264969,98.0,17.688231527181816,0.323500999315085,1.6219939988366847,1.9844674545084815,5.841598515149315,6.057207814095099,98.0,5.949403164622207,0.10780464947289202,0.5405191788029493,1.9844674545084815,99.0,0.7777777777777778,-0.08370655837397092,-0.05159321679917478,98.0,-0.06764988758657285,0.01605667078739807,0.08050616138310498,1.9844674545084815,QuantileRegressor,"{'mode': 'original', 'type': 'QuantileRegressor'}",8,"['nodes_T6W30', 'pe_T6W30', 'l1_T6W30', 'lsc_T6W30', 'atd_T6W30', 'density_T6W30', 'diameter_T6W30', 'asp_T6W30']",0.020808779074875397,0.066188714988595,98.0,0.043498747031735195,0.022689967956859798,0.11376469296151297,1.9844674545084815,7.73450035470968,7.884987261376005,98.0,7.8097438080428425,0.0752434533331625,0.37726136864037413,1.9844674545084815,completed,False,COMPLETE
50,6.5765537480376945,2026-06-12 06:45:24.293365,2026-06-12 06:45:26.624764,0 days 00:00:02.331399,,,,,,,,,,,,,,,RandomForestRegressor,11.0,,5.0,7.0,249.0,5,,,,,,,,False,,,,,,,,,,,,,,,,,,,,,,,,,,,,,,,,,,,,,,,,,,,,,RandomForestRegressor,"{'mode': 'original', 'type': 'RandomForestRegressor'}",5,"['l1_T6W30', 'l2_T6W30', 'lsc_T6W30', 'atd_T6W30', 'diameter_T6W30']",,,,,,,,,,,,,,,pruned,False,PRUNED
51,6.349927310217451,2026-06-12 06:45:26.636013,2026-06-12 06:45:28.843149,0 days 00:00:02.207136,,,,,,,,,,,,,,0.036513977007068,QuantileRegressor,,,,,,9,,,,,,,,False,0.005346864872454401,0.013506451613460355,98.0,0.009426658242957377,0.004079793370502976,0.020455579356663044,1.9844674545084815,6.297556138001412,6.40229848243349,98.0,6.349927310217451,0.052371172216038514,0.2625825800424225,1.9844674545084815,152873222210953.0,336482688997455.4,98.0,244677955604204.2,91804733393251.2,460297578504919.44,1.9844674545084815,17.235297864611002,17.819371513482555,98.0,17.52733468904678,0.2920368244357746,1.4642365175904448,1.9844674545084815,5.782589789096943,5.973496603891504,98.0,5.8780431964942235,0.09545340739728052,0.4785915786804268,1.9844674545084815,99.0,0.6464646464646465,-0.028147911824078976,-0.013087433552536352,98.0,-0.020617672688307664,0.007530239135771312,0.0377556876605811,1.9844674545084815,QuantileRegressor,"{'mode': 'original', 'type': 'QuantileRegressor'}",9,"['nodes_T6W30', 'l2_T6W30', 'l3_T6W30', 'lcc_T6W30', 'lsc_T6W30', 'atd_T6W30', 'density_T6W30', 'diameter_T6W30', 'asp_T6W30']",0.06612096139253956,0.11426896972000578,98.0,0.09019496555627267,0.024074004163733106,0.1207040793203622,1.9844674545084815,7.578138844179114,7.703574483942437,98.0,7.640856664060776,0.06271781988166135,0.3144593917284731,1.9844674545084815,completed,False,COMPLETE
52,6.352474387196982,2026-06-12 06:45:28.855899,2026-06-12 06:45:31.310954,0 days 00:00:02.455055,,,,,,,,,,,,,,0.02928016655597188,QuantileRegressor,,,,,,9,,,,,,,,False,0.004550651111972226,0.013500851552927812,98.0,0.00902575133245002,0.004475100220477793,0.02243759900951018,1.9844674545084815,6.29887712400649,6.406071650387474,98.0,6.352474387196982,0.05359726319049268,0.2687300485411381,1.9844674545084815,151858597484086.7,334265289699547.0,98.0,243061943591816.84,91203346107730.14,457282297036988.75,1.9844674545084815,17.209971385473253,17.79786677953031,98.0,17.50391908250178,0.2939476970285277,1.4738173964271377,1.9844674545084815,5.785564249631356,5.982657911260155,98.0,5.884111080445756,0.09854683081439902,0.49410162108848776,1.9844674545084815,99.0,0.6060606060606061,-0.030399809090131895,-0.014380628731990953,98.0,-0.022390218911061424,0.00800959017907047,0.04015909450387824,1.9844674545084815,QuantileRegressor,"{'mode': 'original', 'type': 'QuantileRegressor'}",9,"['nodes_T6W30', 'l2_T6W30', 'l3_T6W30', 'lcc_T6W30', 'lsc_T6W30', 'atd_T6W30', 'density_T6W30', 'diameter_T6W30', 'asp_T6W30']",0.066826257993996,0.11298244294017384,98.0,0.08990435046708492,0.023078092473088924,0.11571070128129524,1.9844674545084815,7.5841190860192755,7.710324349888187,98.0,7.647221717953731,0.06310263193445542,0.316388791766289,1.9844674545084815,completed,False,COMPLETE
53,6.346399206229814,2026-06-12 06:45:31.323083,2026-06-12 06:45:33.596241,0 days 00:00:02.273158,,,,,,,,,,,,,,0.032674925074397725,QuantileRegressor,,,,,,7,,,,,,,,False,0.005787269413828489,0.014128977336499399,98.0,0.009958123375163944,0.004170853961335455,0.02091214589640639,1.9844674545084815,6.294339134725503,6.3984592777341245,98.0,6.346399206229814,0.05206007150431063,0.26102275955183735,1.9844674545084815,153096216785161.22,336915680340900.25,98.0,245005948563030.75,91909731777869.53,460824027418830.2,1.9844674545084815,17.225123861219448,17.815292554188556,98.0,17.520208207704002,0.2950843464845534,1.479516416214891,1.9844674545084815,5.777341914068261,5.969721582627718,98.0,5.87353174834799,0.09618983427972844,0.4822839319851816,1.9844674545084815,99.0,0.6363636363636364,-0.028416788430584296,-0.013027755314290228,98.0,-0.020722271872437262,0.007694516558147035,0.03857935433796981,1.9844674545084815,QuantileRegressor,"{'mode': 'original', 'type': 'QuantileRegressor'}",7,"['nodes_T6W30', 'lcc_T6W30', 'lsc_T6W30', 'atd_T6W30', 'density_T6W30', 'diameter_T6W30', 'asp_T6W30']",0.07112969316605942,0.11751911511723871,98.0,0.09432440414164907,0.023194710975589644,0.11629541202905169,1.9844674545084815,7.578564567676596,7.703620154213699,98.0,7.641092360945147,0.06252779326855143,0.31350662179349265,1.9844674545084815,completed,False,COMPLETE
