number,value,datetime_start,datetime_complete,duration,params_dt_max_depth,params_dt_min_samples_leaf,params_dt_min_samples_split,params_elastic_alpha,params_elastic_l1_ratio,params_et_max_depth,params_et_max_features,params_et_min_samples_leaf,params_et_min_samples_split,params_et_n_estimators,params_knn_metric,params_knn_n_neighbors,params_knn_weights,params_quantile_alpha,params_regressor,params_rf_max_depth,params_rf_max_features,params_rf_min_samples_leaf,params_rf_min_samples_split,params_rf_n_estimators,params_rfe_n_features,params_rfe_proxy_et_max_depth,params_rfe_proxy_et_min_samples_leaf,params_rfe_proxy_et_min_samples_split,params_rfe_proxy_et_n_estimators,params_rfe_proxy_lsvr_C,params_rfe_proxy_lsvr_epsilon,params_rfe_proxy_type,params_use_scaler,user_attrs_d2mae_ci_lower_val,user_attrs_d2mae_ci_upper_val,user_attrs_d2mae_df_val,user_attrs_d2mae_mean_val,user_attrs_d2mae_samperror_val,user_attrs_d2mae_std_val,user_attrs_d2mae_t_critical_val,user_attrs_mae_ci_lower_val,user_attrs_mae_ci_upper_val,user_attrs_mae_df_val,user_attrs_mae_mean_val,user_attrs_mae_samperror_val,user_attrs_mae_std_val,user_attrs_mae_t_critical_val,user_attrs_mape_ci_lower_val,user_attrs_mape_ci_upper_val,user_attrs_mape_df_val,user_attrs_mape_mean_val,user_attrs_mape_samperror_val,user_attrs_mape_std_val,user_attrs_mape_t_critical_val,user_attrs_max_error_ci_lower_val,user_attrs_max_error_ci_upper_val,user_attrs_max_error_df_val,user_attrs_max_error_mean_val,user_attrs_max_error_samperror_val,user_attrs_max_error_std_val,user_attrs_max_error_t_critical_val,user_attrs_median_ae_ci_lower_val,user_attrs_median_ae_ci_upper_val,user_attrs_median_ae_df_val,user_attrs_median_ae_mean_val,user_attrs_median_ae_samperror_val,user_attrs_median_ae_std_val,user_attrs_median_ae_t_critical_val,user_attrs_n_splits_val,user_attrs_r2_below_zero_val,user_attrs_r2_ci_lower_val,user_attrs_r2_ci_upper_val,user_attrs_r2_df_val,user_attrs_r2_mean_val,user_attrs_r2_samperror_val,user_attrs_r2_std_val,user_attrs_r2_t_critical_val,user_attrs_regressor_final,user_attrs_rfe_estimator,user_attrs_rfe_n_features,user_attrs_rfe_selected_features,user_attrs_rho_ci_lower_val,user_attrs_rho_ci_upper_val,user_attrs_rho_df_val,user_attrs_rho_mean_val,user_attrs_rho_samperror_val,user_attrs_rho_std_val,user_attrs_rho_t_critical_val,user_attrs_rmse_ci_lower_val,user_attrs_rmse_ci_upper_val,user_attrs_rmse_df_val,user_attrs_rmse_mean_val,user_attrs_rmse_samperror_val,user_attrs_rmse_std_val,user_attrs_rmse_t_critical_val,user_attrs_termination_reason,user_attrs_use_scaler_final,state
12,6.43236284412755,2026-06-12 06:42:24.805054,2026-06-12 06:42:26.975631,0 days 00:00:02.170577,,,,,,,,,,,,,,6.88148506855692,QuantileRegressor,,,,,,7,,,,,,,,False,-0.004618760704527799,-0.0023266854860824436,98.0,-0.0034727230953051215,0.001146037609222678,0.005746090826723593,1.9844674545084815,6.387146941252938,6.477578747002163,98.0,6.43236284412755,0.04521590287461224,0.22670694455311866,1.9844674545084815,159975467009718.8,352020212552703.8,98.0,255997839781211.3,96022372771492.52,481444300695108.6,1.9844674545084815,17.65307108337025,18.14490871460955,98.0,17.8989898989899,0.24591881561964796,1.2330065254221743,1.9844674545084815,5.956835168213341,6.06336685198868,98.0,6.01010101010101,0.05326584188766987,0.26706834312012434,1.9844674545084815,99.0,1.0,-0.03940786471611372,-0.03383770038410198,98.0,-0.03662278255010785,0.0027850821660058717,0.013964057511701019,1.9844674545084815,QuantileRegressor,"{'mode': 'original', 'type': 'QuantileRegressor'}",7,"['l3_T6W30', 'lcc_T6W30', 'lsc_T6W30', 'atd_T6W30', 'density_T6W30', 'diameter_T6W30', 'asp_T6W30']",,,,,,,,7.641821067877172,7.76254996760978,98.0,7.702185517743476,0.06036444986630419,0.3026598855444638,1.9844674545084815,completed,False,COMPLETE
13,6.624925727866903,2026-06-12 06:42:26.987366,2026-06-12 06:42:28.754078,0 days 00:00:01.766712,,,,,,,,,,,euclidean,16.0,uniform,,KNeighborsRegressor,,,,,,5,,,,,0.0011396432463391681,0.00026430789875605035,LinearSVR,,-0.040347176801531104,-0.026658613452380093,98.0,-0.0335028951269556,0.006844281674575505,0.034316381791750776,1.9844674545084815,6.561409065060167,6.6884423906736385,98.0,6.624925727866903,0.06351666280673576,0.31846469135112376,1.9844674545084815,154867307452530.03,343079710170680.0,98.0,248973508811605.0,94106201359074.97,471836854231994.3,1.9844674545084815,18.067483170023355,18.841607739067552,98.0,18.454545454545453,0.3870622845220995,1.9406824213837521,1.9844674545084815,6.163707096390048,6.359020176337225,98.0,6.261363636363637,0.09765653997358781,0.4896378129269291,1.9844674545084815,99.0,0.9191919191919192,-0.10589303077141227,-0.07801134853667194,98.0,-0.0919521896540421,0.01394084111737016,0.06989765311076025,1.9844674545084815,KNeighborsRegressor,"{'mode': 'proxy', 'type': 'LinearSVR'}",5,"['nodes_T6W30', 'l3_T6W30', 'lcc_T6W30', 'atd_T6W30', 'density_T6W30']",-0.07902605909661557,-0.027800246431991405,98.0,-0.05341315276430349,0.025612906332312082,0.12841994445684268,1.9844674545084815,7.822480182917274,7.9801274153562085,98.0,7.901303799136741,0.0788236162194677,0.39521186254530616,1.9844674545084815,completed,True,COMPLETE
14,6.3511914815834185,2026-06-12 06:42:28.767026,2026-06-12 06:42:31.135171,0 days 00:00:02.368145,,,,,,,,,,,,,,0.03377108460750236,QuantileRegressor,,,,,,9,,,,,,,,False,0.0050586474436587914,0.013400335961031224,98.0,0.009229491702345008,0.0041708442586862165,0.02091209724852317,1.9844674545084815,6.298514905204404,6.403868057962433,98.0,6.3511914815834185,0.052676576379014246,0.2641138387421334,1.9844674545084815,152705546743584.5,336114000406468.7,98.0,244409773575026.6,91704226831442.08,459793651035009.7,1.9844674545084815,17.236693109114974,17.82733873331204,98.0,17.532015921213507,0.295322812098533,1.480712053309128,1.9844674545084815,5.782035670295652,5.975506260409258,98.0,5.878770965352455,0.09673529505680308,0.4850188048569471,1.9844674545084815,99.0,0.6363636363636364,-0.0292122341218707,-0.013918440451085753,98.0,-0.021565337286478227,0.007646896835392474,0.038340594937851434,1.9844674545084815,QuantileRegressor,"{'mode': 'original', 'type': 'QuantileRegressor'}",9,"['nodes_T6W30', 'l2_T6W30', 'l3_T6W30', 'lcc_T6W30', 'lsc_T6W30', 'atd_T6W30', 'density_T6W30', 'diameter_T6W30', 'asp_T6W30']",0.06441865152169897,0.11259880385063493,98.0,0.08850872768616695,0.024090076164467986,0.12078466234420591,1.9844674545084815,7.58143126771757,7.707293901274686,98.0,7.644362584496128,0.06293131677855816,0.31552983876347473,1.9844674545084815,completed,False,COMPLETE
15,6.436187838366001,2026-06-12 06:42:31.152833,2026-06-12 06:42:33.420617,0 days 00:00:02.267784,,,,,,,,,,,,,,0.007821851363031157,QuantileRegressor,,,,,,9,,,,,,,,False,-0.010568013073958677,0.0023918827993459615,98.0,-0.004088065137306357,0.006479947936652319,0.03248965749186825,1.9844674545084815,6.375755630317482,6.49662004641452,98.0,6.436187838366001,0.06043220804851947,0.3029996166895235,1.9844674545084815,150204609080856.7,330774483938113.06,98.0,240489546509484.88,90284937428628.19,452677509511952.4,1.9844674545084815,17.360118659608798,17.993853642561465,98.0,17.67698615108513,0.31686749147633525,1.5887344109885226,1.9844674545084815,5.7909824807479495,5.999579797741143,98.0,5.895281139244546,0.10429865849659695,0.5229405736809681,1.9844674545084815,99.0,0.7777777777777778,-0.06289423786853404,-0.038919836357514566,98.0,-0.0509070371130243,0.011987200755509735,0.06010234196942933,1.9844674545084815,QuantileRegressor,"{'mode': 'original', 'type': 'QuantileRegressor'}",9,"['nodes_T6W30', 'pe_T6W30', 'l3_T6W30', 'lcc_T6W30', 'lsc_T6W30', 'atd_T6W30', 'density_T6W30', 'diameter_T6W30', 'asp_T6W30']",0.031347855769047896,0.07609478370576186,98.0,0.053721319737404884,0.022373463968356988,0.11217778110947438,1.9844674545084815,7.681808779863569,7.820333456637953,98.0,7.751071118250761,0.06926233838719179,0.34727279806638356,1.9844674545084815,completed,False,COMPLETE
16,6.377598844186728,2026-06-12 06:42:33.434185,2026-06-12 06:42:35.720592,0 days 00:00:02.286407,,,,,,,,,,,,,,0.015511394289104651,QuantileRegressor,,,,,,9,,,,,,,,False,-0.00045399989069934074,0.010635803355208254,98.0,0.005090901732254457,0.005544901622953798,0.027801450924765252,1.9844674545084815,6.320288668723701,6.434909019649756,98.0,6.377598844186728,0.057310175463027295,0.28734613144971843,1.9844674545084815,149967662711288.3,330178302006621.5,98.0,240072982358954.9,90105319647666.58,451776928173963.0,1.9844674545084815,17.208313035754696,17.798428541883236,98.0,17.503370788818966,0.2950577530642693,1.4793830800947534,1.9844674545084815,5.76489187593812,5.9712733201943395,98.0,5.86808259806623,0.10319072212810948,0.5173855177627968,1.9844674545084815,99.0,0.6262626262626263,-0.04107108148603659,-0.021063279796195676,98.0,-0.031067180641116132,0.010003900844920458,0.05015832151916813,1.9844674545084815,QuantileRegressor,"{'mode': 'original', 'type': 'QuantileRegressor'}",9,"['nodes_T6W30', 'l2_T6W30', 'l3_T6W30', 'lcc_T6W30', 'lsc_T6W30', 'atd_T6W30', 'density_T6W30', 'diameter_T6W30', 'asp_T6W30']",0.054551197020863,0.10296624697193005,98.0,0.07875872199639652,0.024207524975533523,0.12137353615641092,1.9844674545084815,7.612245975572241,7.745166693957206,98.0,7.6787063347647235,0.06646035919248254,0.33322402094264714,1.9844674545084815,completed,False,COMPLETE
17,7.7281823274023465,2026-06-12 06:42:35.733213,2026-06-12 06:42:37.704953,0 days 00:00:01.971740,,,,,,,,,,,manhattan,2.0,distance,,KNeighborsRegressor,,,,,,9,11.0,4.0,8.0,80.0,,,ExtraTrees,,-0.22294548299138872,-0.18975042754947824,98.0,-0.20634795527043348,0.016597527720955255,0.08321795115289338,1.9844674545084815,7.621794424887298,7.834570229917395,98.0,7.7281823274023465,0.1063879025150485,0.5334157847845149,1.9844674545084815,212764771351572.1,476800921062533.25,98.0,344782846207052.7,132018074855480.6,661922298870551.4,1.9844674545084815,21.18692940726336,22.40817432304627,98.0,21.797551865154816,0.6106224578914572,3.061585479957637,1.9844674545084815,6.857885913789467,7.21615012750579,98.0,7.037018020647628,0.17913210685816172,0.8981462281045927,1.9844674545084815,99.0,1.0,-0.5848729720531252,-0.5078944655765614,98.0,-0.5463837188148433,0.038489253238281874,0.19298035525198926,1.9844674545084815,KNeighborsRegressor,"{'mode': 'proxy', 'type': 'ExtraTrees'}",9,"['re_T6W30', 'pe_T6W30', 'l1_T6W30', 'l2_T6W30', 'l3_T6W30', 'lsc_T6W30', 'atd_T6W30', 'density_T6W30', 'asp_T6W30']",-0.04317146401331134,0.00236537382770427,98.0,-0.020403045092803534,0.022768418920507804,0.11415803639015594,1.9844674545084815,9.264219022907872,9.502667072577934,98.0,9.383443047742903,0.11922402483503154,0.5977745144806407,1.9844674545084815,completed,True,COMPLETE
18,6.980157006028199,2026-06-12 06:42:37.718155,2026-06-12 06:42:39.432888,0 days 00:00:01.714733,3.0,1.0,20.0,,,,,,,,,,,,DecisionTreeRegressor,,,,,,11,,,,,,,,False,-0.10206164775546764,-0.07628325176069786,98.0,-0.08917244975808275,0.012889197997384886,0.06462484457803415,1.9844674545084815,6.889348346438832,7.070965665617567,98.0,6.980157006028199,0.09080865958936697,0.45530338765011763,1.9844674545084815,156967729711947.16,362229621606437.6,98.0,259598675659192.4,102630945947245.25,514578869227009.3,1.9844674545084815,18.42140930895292,19.349982257131348,98.0,18.885695783042134,0.46428647408921503,2.3278749565168178,1.9844674545084815,6.283601384260642,6.558603300067121,98.0,6.4211023421638815,0.13750095790323918,0.6894127963299611,1.9844674545084815,99.0,0.9494949494949495,-0.25307651299313866,-0.19851307014736574,98.0,-0.2257947915702522,0.027281721422886464,0.1367871769161259,1.9844674545084815,DecisionTreeRegressor,"{'mode': 'original', 'type': 'DecisionTreeRegressor'}",11,"['edges_T6W30', 're_T6W30', 'l1_T6W30', 'l2_T6W30', 'l3_T6W30', 'lcc_T6W30', 'lsc_T6W30', 'atd_T6W30', 'density_T6W30', 'diameter_T6W30', 'asp_T6W30']",-0.04259221297528425,0.010659141573688448,98.0,-0.0159665357007979,0.026625677274486347,0.13349785269787057,1.9844674545084815,8.25516796993239,8.465076559519975,98.0,8.360122264726183,0.10495429479379305,0.526227852983731,1.9844674545084815,completed,False,COMPLETE
19,6.377685526535429,2026-06-12 06:42:39.445131,2026-06-12 06:42:41.862252,0 days 00:00:02.417121,,,,,,,,,,,,,,0.015491050367732528,QuantileRegressor,,,,,,9,,,,,,,,False,-0.0004720803764302565,0.010627172059768363,98.0,0.005077545841669053,0.00554962621809931,0.027825139460470483,1.9844674545084815,6.3203512575538,6.435019795517058,98.0,6.377685526535429,0.05733426898162866,0.28746693337201545,1.9844674545084815,149967662711288.3,330178302006621.5,98.0,240072982358954.9,90105319647666.58,451776928173963.0,1.9844674545084815,17.207890009727624,17.7977917908955,98.0,17.50284090031156,0.2949508905839365,1.478847284835488,1.9844674545084815,5.765093277727712,5.971604593170624,98.0,5.868348935449168,0.1032556577214562,0.5177110967963773,1.9844674545084815,99.0,0.6262626262626263,-0.04111609660417109,-0.021083282978528448,98.0,-0.03109968979134977,0.010016406812821324,0.05022102489544145,1.9844674545084815,QuantileRegressor,"{'mode': 'original', 'type': 'QuantileRegressor'}",9,"['nodes_T6W30', 'l2_T6W30', 'l3_T6W30', 'lcc_T6W30', 'lsc_T6W30', 'atd_T6W30', 'density_T6W30', 'diameter_T6W30', 'asp_T6W30']",0.054481496197729705,0.10293802627534321,98.0,0.07870976123653646,0.024228265038806755,0.12147752426845973,1.9844674545084815,7.6123216645742176,7.7453300218706715,98.0,7.6788258432224445,0.06650417864822704,0.3334437262740073,1.9844674545084815,completed,False,COMPLETE
20,6.414905878362142,2026-06-12 06:42:41.875865,2026-06-12 06:42:44.085852,0 days 00:00:02.209987,,,,,,,,,,,,,,0.08477560861299828,QuantileRegressor,,,,,,8,,,,,,,,False,-0.0027727567092928193,0.0012984212722918333,98.0,-0.000737167718500493,0.0020355889907923263,0.010206191431103923,1.9844674545084815,6.368161919997898,6.461649836726386,98.0,6.414905878362142,0.04674395836424416,0.23436842578291356,1.9844674545084815,158627505519703.12,349108539177311.2,98.0,253868022348507.16,95240516828804.03,477524171701131.9,1.9844674545084815,17.4705528239789,17.988866532969446,98.0,17.729709678474173,0.259156854495272,1.2993804150178458,1.9844674545084815,5.937488864101463,6.077622121921366,98.0,6.007555493011415,0.0700666289099512,0.35130541127004905,1.9844674545084815,99.0,0.898989898989899,-0.03320306817102496,-0.024578783093335776,98.0,-0.02889092563218037,0.004312142538844592,0.02162054934897435,1.9844674545084815,QuantileRegressor,"{'mode': 'original', 'type': 'QuantileRegressor'}",8,"['nodes_T6W30', 'l3_T6W30', 'lcc_T6W30', 'lsc_T6W30', 'atd_T6W30', 'density_T6W30', 'diameter_T6W30', 'asp_T6W30']",0.014973835223844233,0.06915070611395194,59.0,0.04206227066889808,0.02708843544505385,0.10486087124673046,2.000995378088267,7.611282827886578,7.735330151310288,98.0,7.673306489598433,0.062023661711854645,0.31097896852095985,1.9844674545084815,completed,False,COMPLETE
21,6.377712231021786,2026-06-12 06:42:44.098392,2026-06-12 06:42:46.480508,0 days 00:00:02.382116,,,,,,,,,,,,,,0.015926679315612348,QuantileRegressor,,,,,,11,,,,,,,,False,-0.0004670502918129125,0.010610310043553365,98.0,0.005071629875870226,0.005538680167683139,0.0277702573175294,1.9844674545084815,6.320486068962097,6.434938393081476,98.0,6.377712231021786,0.05722616205968917,0.2869248986364511,1.9844674545084815,150013535839814.5,330268160513658.06,98.0,240140848176736.28,90127312336921.78,451887196797756.25,1.9844674545084815,17.20892162508184,17.800116818039736,98.0,17.504519221560788,0.29559759647894956,1.4820897882062487,1.9844674545084815,5.767944965787096,5.973401654595672,98.0,5.870673310191384,0.10272834440428832,0.5150672130440432,1.9844674545084815,99.0,0.6161616161616161,-0.04104488824835389,-0.021149897902928476,98.0,-0.031097393075641182,0.009947495172712708,0.04987551045516826,1.9844674545084815,QuantileRegressor,"{'mode': 'original', 'type': 'QuantileRegressor'}",11,"['nodes_T6W30', 'pe_T6W30', 'l1_T6W30', 'l2_T6W30', 'l3_T6W30', 'lcc_T6W30', 'lsc_T6W30', 'atd_T6W30', 'density_T6W30', 'diameter_T6W30', 'asp_T6W30']",0.05348434843416397,0.10216603694264975,98.0,0.07782519268840686,0.02434084425424289,0.12204198253046744,1.9844674545084815,7.612529889553556,7.745140457064028,98.0,7.678835173308792,0.0663052837552359,0.33244649188056213,1.9844674545084815,completed,False,COMPLETE
22,6.827830820723444,2026-06-12 06:42:46.492285,2026-06-12 06:42:48.937050,0 days 00:00:02.444765,,,,,,,,,,,,,,0.00018973132897829814,QuantileRegressor,,,,,,9,,,,,,,,False,-0.07854390312596024,-0.05224176903154476,98.0,-0.0653928360787525,0.01315106704720774,0.06593782360497073,1.9844674545084815,6.735875514476831,6.919786126970058,98.0,6.827830820723444,0.09195530624661376,0.46105253216830494,1.9844674545084815,130028607697850.22,288279954889208.9,98.0,209154281293529.53,79125673595679.31,396726340870123.94,1.9844674545084815,19.42247834210387,20.59925852543626,98.0,20.010868433770064,0.5883900916661943,2.9501151454805767,1.9844674545084815,6.015575331828351,6.262721336073141,98.0,6.139148333950746,0.12357300212239543,0.6195797487028409,1.9844674545084815,99.0,0.9595959595959596,-0.24974038515750072,-0.17938754185376046,98.0,-0.2145639635056306,0.03517642165187013,0.17637022742025765,1.9844674545084815,QuantileRegressor,"{'mode': 'original', 'type': 'QuantileRegressor'}",9,"['nodes_T6W30', 'edges_T6W30', 're_T6W30', 'l1_T6W30', 'l2_T6W30', 'lcc_T6W30', 'lsc_T6W30', 'diameter_T6W30', 'asp_T6W30']",-0.054917173931152474,-0.0036019409654281832,98.0,-0.029259557448290327,0.025657616482862144,0.1286441156217937,1.9844674545084815,8.194617449613522,8.431470776605225,98.0,8.313044113109374,0.11842666349585167,0.5937766433464174,1.9844674545084815,completed,False,COMPLETE
23,6.355590032537928,2026-06-12 06:42:48.949512,2026-06-12 06:42:51.336606,0 days 00:00:02.387094,,,,,,,,,,,,,,0.04455733599135523,QuantileRegressor,,,,,,10,,,,,,,,False,0.004768091541328559,0.012309366630944405,98.0,0.008538729086136482,0.0037706375448079235,0.018905510284096216,1.9844674545084815,6.304281451689128,6.406898613386728,98.0,6.355590032537928,0.051308580848800085,0.25725487835208644,1.9844674545084815,154265600558032.7,339492283467686.1,98.0,246878942012859.4,92613341454826.72,464351839314200.6,1.9844674545084815,17.255166482235232,17.824129552031685,98.0,17.53964801713346,0.2844815348982281,1.4263552303136835,1.9844674545084815,5.802191419197997,5.995629238344436,98.0,5.898910328771216,0.09671890957321916,0.48493665006887093,1.9844674545084815,99.0,0.6666666666666666,-0.027508715051496054,-0.013246755606484395,98.0,-0.020377735328990225,0.00713097972250583,0.03575385034426135,1.9844674545084815,QuantileRegressor,"{'mode': 'original', 'type': 'QuantileRegressor'}",10,"['nodes_T6W30', 'l1_T6W30', 'l2_T6W30', 'l3_T6W30', 'lcc_T6W30', 'lsc_T6W30', 'atd_T6W30', 'density_T6W30', 'diameter_T6W30', 'asp_T6W30']",0.06965915894414675,0.11676899456409791,96.0,0.09321407675412233,0.02355491780997558,0.11687197460291837,1.984984311522457,7.577529915913558,7.70289991229656,98.0,7.640214914105059,0.0626849981915011,0.3142948278335104,1.9844674545084815,completed,False,COMPLETE
24,6.432418981982084,2026-06-12 06:42:51.350451,2026-06-12 06:42:53.517841,0 days 00:00:02.167390,,,,,,,,,,,,,,0.13444767982895614,QuantileRegressor,,,,,,10,,,,,,,,False,-0.0046268583165889835,-0.0023367083207377027,98.0,-0.003481783318663343,0.0011450749979256402,0.005741264412739359,1.9844674545084815,6.387214731951597,6.477623232012571,98.0,6.432418981982084,0.04520425003048671,0.22664851863393756,1.9844674545084815,159970753744904.56,352009888143406.7,98.0,255990320944155.62,96019567199251.08,481430233902893.06,1.9844674545084815,17.64476795929951,18.137350431427098,98.0,17.891059195363304,0.24629123606379336,1.234873795466863,1.9844674545084815,5.962329309413675,6.072785674632649,98.0,6.017557492023162,0.05522818260948743,0.27690727679018956,1.9844674545084815,99.0,1.0,-0.03927931446914862,-0.0336162064043765,98.0,-0.03644776043676256,0.0028315540323860613,0.014197061701929165,1.9844674545084815,QuantileRegressor,"{'mode': 'original', 'type': 'QuantileRegressor'}",10,"['pe_T6W30', 'l1_T6W30', 'l2_T6W30', 'l3_T6W30', 'lcc_T6W30', 'lsc_T6W30', 'atd_T6W30', 'density_T6W30', 'diameter_T6W30', 'asp_T6W30']",-0.20761681363482723,0.6602349943171536,2.0,0.22630909034116317,0.4339259039759904,0.1746786830389709,4.302652729749462,7.641017288519788,7.7621034389807955,98.0,7.701560363750292,0.060543075230503667,0.30355549102755347,1.9844674545084815,completed,False,COMPLETE
25,6.43247686441947,2026-06-12 06:42:53.529934,2026-06-12 06:42:55.731886,0 days 00:00:02.201952,,,,,,,,,,,,,,0.1466018001366233,QuantileRegressor,,,,,,12,,,,,,,,False,-0.00463550255662099,-0.0023467476522669407,98.0,-0.0034911251044439655,0.0011443774521770246,0.005737767004630686,1.9844674545084815,6.387284344956453,6.477669383882486,98.0,6.43247686441947,0.045192519463016737,0.2265897030195205,1.9844674545084815,160031243179594.5,352142935162470.5,98.0,256087089171032.5,96055845991438.02,481612131279831.1,1.9844674545084815,17.644508282839404,18.137143143300896,98.0,17.89082571307015,0.24631743023074748,1.2350051297801852,1.9844674545084815,5.961926251915731,6.071584390514705,98.0,6.016755321215218,0.05482906929948686,0.2749061720175695,1.9844674545084815,99.0,1.0,-0.03926612983003806,-0.033585463855961256,98.0,-0.03642579684299966,0.002840332987038406,0.014241078294744367,1.9844674545084815,QuantileRegressor,"{'mode': 'original', 'type': 'QuantileRegressor'}",12,"['edges_T6W30', 're_T6W30', 'pe_T6W30', 'l1_T6W30', 'l2_T6W30', 'l3_T6W30', 'lcc_T6W30', 'lsc_T6W30', 'atd_T6W30', 'density_T6W30', 'diameter_T6W30', 'asp_T6W30']",,,0.0,0.13359060578225773,,,,7.640914169516291,7.762048900859494,98.0,7.7014815351878925,0.06056736567160129,0.3036772802948907,1.9844674545084815,completed,False,COMPLETE
