number,value,datetime_start,datetime_complete,duration,params_dt_max_depth,params_dt_min_samples_leaf,params_dt_min_samples_split,params_elastic_alpha,params_elastic_l1_ratio,params_et_max_depth,params_et_max_features,params_et_min_samples_leaf,params_et_min_samples_split,params_et_n_estimators,params_knn_metric,params_knn_n_neighbors,params_knn_weights,params_quantile_alpha,params_regressor,params_rf_max_depth,params_rf_max_features,params_rf_min_samples_leaf,params_rf_min_samples_split,params_rf_n_estimators,params_rfe_n_features,params_rfe_proxy_et_max_depth,params_rfe_proxy_et_min_samples_leaf,params_rfe_proxy_et_min_samples_split,params_rfe_proxy_et_n_estimators,params_rfe_proxy_lsvr_C,params_rfe_proxy_lsvr_epsilon,params_rfe_proxy_type,params_use_scaler,user_attrs_d2mae_ci_lower_val,user_attrs_d2mae_ci_upper_val,user_attrs_d2mae_df_val,user_attrs_d2mae_mean_val,user_attrs_d2mae_samperror_val,user_attrs_d2mae_std_val,user_attrs_d2mae_t_critical_val,user_attrs_mae_ci_lower_val,user_attrs_mae_ci_upper_val,user_attrs_mae_df_val,user_attrs_mae_mean_val,user_attrs_mae_samperror_val,user_attrs_mae_std_val,user_attrs_mae_t_critical_val,user_attrs_mape_ci_lower_val,user_attrs_mape_ci_upper_val,user_attrs_mape_df_val,user_attrs_mape_mean_val,user_attrs_mape_samperror_val,user_attrs_mape_std_val,user_attrs_mape_t_critical_val,user_attrs_max_error_ci_lower_val,user_attrs_max_error_ci_upper_val,user_attrs_max_error_df_val,user_attrs_max_error_mean_val,user_attrs_max_error_samperror_val,user_attrs_max_error_std_val,user_attrs_max_error_t_critical_val,user_attrs_median_ae_ci_lower_val,user_attrs_median_ae_ci_upper_val,user_attrs_median_ae_df_val,user_attrs_median_ae_mean_val,user_attrs_median_ae_samperror_val,user_attrs_median_ae_std_val,user_attrs_median_ae_t_critical_val,user_attrs_n_splits_val,user_attrs_r2_below_zero_val,user_attrs_r2_ci_lower_val,user_attrs_r2_ci_upper_val,user_attrs_r2_df_val,user_attrs_r2_mean_val,user_attrs_r2_samperror_val,user_attrs_r2_std_val,user_attrs_r2_t_critical_val,user_attrs_regressor_final,user_attrs_rfe_estimator,user_attrs_rfe_n_features,user_attrs_rfe_selected_features,user_attrs_rho_ci_lower_val,user_attrs_rho_ci_upper_val,user_attrs_rho_df_val,user_attrs_rho_mean_val,user_attrs_rho_samperror_val,user_attrs_rho_std_val,user_attrs_rho_t_critical_val,user_attrs_rmse_ci_lower_val,user_attrs_rmse_ci_upper_val,user_attrs_rmse_df_val,user_attrs_rmse_mean_val,user_attrs_rmse_samperror_val,user_attrs_rmse_std_val,user_attrs_rmse_t_critical_val,user_attrs_termination_reason,user_attrs_use_scaler_final,state
253,6.317615420449077,2026-06-12 06:52:46.057647,2026-06-12 06:52:48.299754,0 days 00:00:02.242107,,,,,,,,,,,,,,0.02223757473884323,QuantileRegressor,,,,,,2,,,,,,,,False,0.01018881182412221,0.01869355860454541,98.0,0.01444118521433381,0.004252373390211599,0.021320874230184788,1.9844674545084815,6.265615048358451,6.369615792539704,98.0,6.317615420449077,0.05200037209062654,0.2607234340754565,1.9844674545084815,152387993365226.3,335350898822817.56,98.0,243869446094021.94,91481452728795.64,458676689237816.6,1.9844674545084815,17.24744075748694,17.879029436178918,98.0,17.56323509683293,0.3157943393459874,1.583353758938148,1.9844674545084815,5.747667283029233,5.934727345238902,98.0,5.841197314134067,0.09353003110483432,0.4689480078399734,1.9844674545084815,99.0,0.5454545454545454,-0.023222652100847778,-0.007077278318536646,98.0,-0.015149965209692211,0.008072686891155565,0.04047545361425202,1.9844674545084815,QuantileRegressor,"{'mode': 'original', 'type': 'QuantileRegressor'}",2,"['nodes_T6W30', 'lsc_T6W30']",0.07766071090155832,0.12447860585128082,98.0,0.10106965837641957,0.02340894747486124,0.11736956733888387,1.9844674545084815,7.556749814709609,7.6834583101002485,98.0,7.620104062404929,0.06335424769532004,0.3176503620705515,1.9844674545084815,completed,False,COMPLETE
254,6.454335066343575,2026-06-12 06:52:48.312139,2026-06-12 06:52:48.504968,0 days 00:00:00.192829,,,,0.0009655183545206028,0.29444475315016594,,,,,,,,,,ElasticNet,,,,,,2,,,,,,,,False,,,,,,,,,,,,,,,,,,,,,,,,,,,,,,,,,,,,,,,,,,,,,ElasticNet,"{'mode': 'original', 'type': 'ElasticNet'}",2,"['pe_T6W30', 'l2_T6W30']",,,,,,,,,,,,,,,pruned,False,PRUNED
255,6.352362305073108,2026-06-12 06:52:48.514375,2026-06-12 06:52:48.657082,0 days 00:00:00.142707,,,,,,,,,,,,,,,LinearRegression,,,,,,2,,,,,,,,False,,,,,,,,,,,,,,,,,,,,,,,,,,,,,,,,,,,,,,,,,,,,,LinearRegression,"{'mode': 'original', 'type': 'LinearRegression'}",2,"['l2_T6W30', 'density_T6W30']",,,,,,,,,,,,,,,pruned,False,PRUNED
256,6.363455011472281,2026-06-12 06:52:48.669952,2026-06-12 06:52:50.921371,0 days 00:00:02.251419,,,,,,,,,,,,,,0.017350520627262105,QuantileRegressor,,,,,,2,,,,,,,,False,0.0027798028427606916,0.01177251894901574,98.0,0.007276160895888216,0.004496358053127525,0.02254418315317323,1.9844674545084815,6.310800379715287,6.416109643229275,98.0,6.363455011472281,0.0526546317569935,0.26400381112150856,1.9844674545084815,151172598707849.5,332738202477207.7,98.0,241955400592528.6,90782801884679.11,455173740316983.56,1.9844674545084815,17.19674369811249,17.736672641553188,98.0,17.466708169832838,0.26996447172035093,1.3535684710606903,1.9844674545084815,5.771091188490901,5.969841973569508,98.0,5.870466581030205,0.09937539253930328,0.4982559270977608,1.9844674545084815,99.0,0.6262626262626263,-0.03259775544363443,-0.016227966786874798,98.0,-0.024412861115254612,0.008184894328379815,0.04103804782628817,1.9844674545084815,QuantileRegressor,"{'mode': 'original', 'type': 'QuantileRegressor'}",2,"['lsc_T6W30', 'diameter_T6W30']",0.07478828949461536,0.1202188046418893,98.0,0.09750354706825233,0.02271525757363697,0.11389149197212592,1.9844674545084815,7.5911954747596155,7.718300152959008,98.0,7.654747813859312,0.06355233909969664,0.3186435678714616,1.9844674545084815,completed,False,COMPLETE
257,6.618363821551607,2026-06-12 06:52:50.934413,2026-06-12 06:52:53.003961,0 days 00:00:02.069548,,,,,,,,,,,,,,,RandomForestRegressor,16.0,,4.0,5.0,186.0,2,,,,,,,,True,,,,,,,,,,,,,,,,,,,,,,,,,,,,,,,,,,,,,,,,,,,,,RandomForestRegressor,"{'mode': 'original', 'type': 'RandomForestRegressor'}",2,"['l2_T6W30', 'atd_T6W30']",,,,,,,,,,,,,,,pruned,True,PRUNED
258,6.368487320503856,2026-06-12 06:52:53.014227,2026-06-12 06:52:55.192215,0 days 00:00:02.177988,,,,,,,,,,,,,,0.009033265634380548,QuantileRegressor,,,,,,2,,,,,,,,False,0.001257258825444708,0.011723722061705057,98.0,0.006490490443574882,0.005233231618130174,0.026238776069010192,1.9844674545084815,6.313198306640431,6.423776334367282,98.0,6.368487320503856,0.055289013863425156,0.27721227717361213,1.9844674545084815,150121152716965.44,330439648052524.8,98.0,240280400384745.12,90159247667779.7,452047316596805.0,1.9844674545084815,17.163765445072965,17.72615056252518,98.0,17.444958003799073,0.2811925587261062,1.4098647105786806,1.9844674545084815,5.773941604681886,5.981328096375643,98.0,5.877634850528764,0.10369324584687867,0.5199051095348236,1.9844674545084815,99.0,0.6363636363636364,-0.03644795436939801,-0.01790834315078932,98.0,-0.027178148760093664,0.009269805609304346,0.04647765880324182,1.9844674545084815,QuantileRegressor,"{'mode': 'original', 'type': 'QuantileRegressor'}",2,"['lsc_T6W30', 'diameter_T6W30']",0.06646446755871427,0.11175666937679976,98.0,0.08911056846775701,0.02264610090904274,0.11354474900938734,1.9844674545084815,7.599205118567341,7.730045188589375,98.0,7.664625153578358,0.06542003501101652,0.32800796416769096,1.9844674545084815,completed,False,COMPLETE
259,6.317629281824029,2026-06-12 06:52:55.204943,2026-06-12 06:52:57.481342,0 days 00:00:02.276399,,,,,,,,,,,,,,0.030723738061545526,QuantileRegressor,,,,,,2,,,,,,,,False,0.010506589732795914,0.018462420877963494,98.0,0.014484505305379704,0.0039779155725837905,0.019944776678496756,1.9844674545084815,6.265141478889095,6.370117084758963,98.0,6.317629281824029,0.05248780293493373,0.26316735204167,1.9844674545084815,152796702133092.38,336248260569467.3,98.0,244522481351279.84,91725779218187.47,459901712036477.0,1.9844674545084815,17.25318651776388,17.876473622513203,98.0,17.56483007013854,0.31164355237466335,1.5625422264477036,1.9844674545084815,5.756878723218859,5.944955900185581,98.0,5.85091731170222,0.09403858848336107,0.4714978516357605,1.9844674545084815,99.0,0.5555555555555556,-0.022264121224106877,-0.006969480250263444,98.0,-0.01461680073718516,0.007647320486921716,0.038342719074220356,1.9844674545084815,QuantileRegressor,"{'mode': 'original', 'type': 'QuantileRegressor'}",2,"['nodes_T6W30', 'asp_T6W30']",0.08126885385194457,0.1277480567751489,97.0,0.10450845531354673,0.023239601461602158,0.11591556879024771,1.9847231860139845,7.554879404998413,7.6820370778989115,98.0,7.618458241448662,0.06357883645024949,0.31877642230984904,1.9844674545084815,completed,False,COMPLETE
260,6.319341442965308,2026-06-12 06:52:57.494213,2026-06-12 06:52:59.739522,0 days 00:00:02.245309,,,,,,,,,,,,,,0.024207784274284567,QuantileRegressor,,,,,,2,,,,,,,,False,0.009994630716125275,0.018359292946689542,98.0,0.014176961831407408,0.004182331115282135,0.02096969092676071,1.9844674545084815,6.267411673164654,6.371271212765961,98.0,6.319341442965308,0.051929769800653634,0.2603694429258692,1.9844674545084815,152457724526131.75,335502955927015.0,98.0,243980340226573.38,91522615700441.62,458883075286470.06,1.9844674545084815,17.249169598803476,17.881114309705282,98.0,17.56514195425438,0.31597235545090213,1.5842463096705393,1.9844674545084815,5.753067747466332,5.941703030089219,98.0,5.847385388777775,0.09431764131144324,0.47289698800153984,1.9844674545084815,99.0,0.5454545454545454,-0.023261250403714517,-0.007399565039362966,98.0,-0.015330407721538743,0.007930842682175776,0.03976426429421265,1.9844674545084815,QuantileRegressor,"{'mode': 'original', 'type': 'QuantileRegressor'}",2,"['nodes_T6W30', 'lsc_T6W30']",0.07223906909326999,0.11985090245071905,98.0,0.09604498577199452,0.023805916678724538,0.11935992182852215,1.9844674545084815,7.557533667158247,7.684232563042493,98.0,7.62088311510037,0.0633494479421228,0.31762629670167064,1.9844674545084815,completed,False,COMPLETE
261,6.365544467175957,2026-06-12 06:52:59.757328,2026-06-12 06:53:02.040065,0 days 00:00:02.282737,,,,,,,,,,,,,,0.013219408593428092,QuantileRegressor,,,,,,2,,,,,,,,False,0.0020210197046141238,0.011903348619471864,98.0,0.006962184162042994,0.0049411644574288704,0.02477438744913648,1.9844674545084815,6.310976758482498,6.420112175869416,98.0,6.365544467175957,0.054567708693459394,0.2735957422649369,1.9844674545084815,150602330424877.12,331500685460580.0,98.0,241051507942728.56,90449177517851.42,453500989005532.0,1.9844674545084815,17.18498255018616,17.74037686493079,98.0,17.462679707558475,0.27769715737231704,1.3923392005141828,1.9844674545084815,5.772999388672359,5.979879525972521,98.0,5.87643945732244,0.10344006865008157,0.5186357103839195,1.9844674545084815,99.0,0.6363636363636364,-0.034814295608679255,-0.017106179793109983,98.0,-0.025960237700894617,0.008854057907784634,0.04439315124894422,1.9844674545084815,QuantileRegressor,"{'mode': 'original', 'type': 'QuantileRegressor'}",2,"['lsc_T6W30', 'diameter_T6W30']",0.07034877938768686,0.1167724316271514,98.0,0.09356060550741913,0.023211826119732278,0.1163812252449223,1.9844674545084815,7.59548118046699,7.7250759986898245,98.0,7.660278589578407,0.06479740911141721,0.32488619491563747,1.9844674545084815,completed,False,COMPLETE
262,6.3261886566103165,2026-06-12 06:53:02.053269,2026-06-12 06:53:04.308007,0 days 00:00:02.254738,,,,,,,,,,,,,,0.03949915731218201,QuantileRegressor,,,,,,2,,,,,,,,False,0.009366430523036588,0.016931829253000123,98.0,0.013149129888018356,0.003782699364981767,0.018965986758599982,1.9844674545084815,6.274257687300294,6.3781196259203385,98.0,6.3261886566103165,0.051930969310021786,0.26037545711748167,1.9844674545084815,153543557430627.7,337905500644792.25,98.0,245724529037709.97,92180971607082.27,462183990374617.06,1.9844674545084815,17.2859699050672,17.890904395193598,98.0,17.5884371501304,0.3024672450631974,1.516533356545629,1.9844674545084815,5.7763814388173556,5.966433438229077,98.0,5.8714074385232164,0.0950259997058607,0.47644860937891814,1.9844674545084815,99.0,0.5858585858585859,-0.022601862334805975,-0.00788735910724253,98.0,-0.015244610721024253,0.007357251613781723,0.0368883496210239,1.9844674545084815,QuantileRegressor,"{'mode': 'original', 'type': 'QuantileRegressor'}",2,"['nodes_T6W30', 'asp_T6W30']",0.08096232279829167,0.12811348448515267,96.0,0.10453790364172216,0.023575580843430494,0.1169744979715263,1.984984311522457,7.557744082313543,7.684122058854471,98.0,7.620933070584007,0.06318898827046386,0.31682177175418325,1.9844674545084815,completed,False,COMPLETE
263,6.317608556959275,2026-06-12 06:53:04.321188,2026-06-12 06:53:06.511537,0 days 00:00:02.190349,,,,,,,,,,,,,,0.02008776495437118,QuantileRegressor,,,,,,2,,,,,,,,False,0.010098028323671782,0.018782210162712115,98.0,0.014440119243191949,0.004342090919520166,0.021770706825561755,1.9844674545084815,6.265372089722251,6.369845024196299,98.0,6.317608556959275,0.05223646723702434,0.26190718593842593,1.9844674545084815,151977682122010.12,334430858118063.56,98.0,243204270120036.84,91226587998026.7,457398829000297.8,1.9844674545084815,17.24263249800039,17.880163860059213,98.0,17.5613981790298,0.3187656810294098,1.59825169863295,1.9844674545084815,5.726733713686714,5.9100725265423035,98.0,5.8184031201145086,0.09166940642779484,0.4596190658378312,1.9844674545084815,99.0,0.5454545454545454,-0.02358123156933039,-0.007256100724942359,98.0,-0.015418666147136374,0.008162565422194014,0.04092609345238938,1.9844674545084815,QuantileRegressor,"{'mode': 'original', 'type': 'QuantileRegressor'}",2,"['nodes_T6W30', 'lsc_T6W30']",0.07550841925729257,0.12257475456745018,98.0,0.09904158691237137,0.023533167655078804,0.11799239195851063,1.9844674545084815,7.557623687459381,7.684512062841321,98.0,7.621067875150351,0.0634441876909702,0.31810131008464976,1.9844674545084815,completed,False,COMPLETE
264,6.315405384816739,2026-06-12 06:53:06.524443,2026-06-12 06:53:08.706879,0 days 00:00:02.182436,,,,,,,,,,,,,,0.02918622979284535,QuantileRegressor,,,,,,2,,,,,,,,False,0.010756511838720395,0.018881998710300274,98.0,0.014819255274510335,0.0040627434357899395,0.020370093092807122,1.9844674545084815,6.2630415821318985,6.367769187501579,98.0,6.315405384816739,0.05236380268483995,0.2625456301244822,1.9844674545084815,152580026715065.8,335772531858837.56,98.0,244176279286951.7,91596252571885.89,459252281452227.1,1.9844674545084815,17.243197045649353,17.87012863757338,98.0,17.556662841611367,0.3134657959620148,1.5716787304132567,1.9844674545084815,5.7544588898270295,5.942855197248116,98.0,5.848657043537573,0.09419815371054313,0.4722978919492689,1.9844674545084815,99.0,0.5454545454545454,-0.022090178825254745,-0.0065701657803675885,98.0,-0.014330172302811167,0.007760006522443579,0.038907712918926037,1.9844674545084815,QuantileRegressor,"{'mode': 'original', 'type': 'QuantileRegressor'}",2,"['nodes_T6W30', 'asp_T6W30']",0.08227755482745444,0.12839631774931132,98.0,0.10533693628838288,0.023059381460928438,0.11561688658056565,1.9844674545084815,7.55378650371656,7.6807840725119965,98.0,7.617285288114278,0.06349878439771847,0.3183750512195749,1.9844674545084815,completed,False,COMPLETE
265,6.375539553197418,2026-06-12 06:53:08.753254,2026-06-12 06:53:09.177078,0 days 00:00:00.423824,,,,,,2.0,,4.0,9.0,52.0,,,,,ExtraTreesRegressor,,,,,,2,,,,,,,,False,,,,,,,,,,,,,,,,,,,,,,,,,,,,,,,,,,,,,,,,,,,,,ExtraTreesRegressor,"{'mode': 'original', 'type': 'ExtraTreesRegressor'}",2,"['re_T6W30', 'density_T6W30']",,,,,,,,,,,,,,,pruned,False,PRUNED
266,6.351225005940961,2026-06-12 06:53:09.186498,2026-06-12 06:53:11.351737,0 days 00:00:02.165239,,,,,,,,,,,,,,0.054907105371002844,QuantileRegressor,,,,,,2,,,,,,,,False,0.00606407060377951,0.012438860234644643,98.0,0.009251465419212077,0.0031873948154325666,0.01598120337649822,1.9844674545084815,6.300504426343972,6.40194558553795,98.0,6.351225005940961,0.050720579596989473,0.25430671280154865,1.9844674545084815,155450349096091.44,342111063014858.06,98.0,248780706055474.75,93330356959383.31,467946866371075.06,1.9844674545084815,17.324243195062888,17.891844651518074,98.0,17.60804392329048,0.2838007282275945,1.4229417498716643,1.9844674545084815,5.836222173646532,6.025299932083892,98.0,5.930761052865212,0.09453887921868025,0.47400624750495207,1.9844674545084815,99.0,0.6363636363636364,-0.024851797948171557,-0.011796749915160366,98.0,-0.01832427393166596,0.006527524016505596,0.0327281980718775,1.9844674545084815,QuantileRegressor,"{'mode': 'original', 'type': 'QuantileRegressor'}",2,"['nodes_T6W30', 'asp_T6W30']",0.06415771939121756,0.11385134353460624,91.0,0.0890045314629119,0.02484681207169434,0.11997834784012644,1.9863771544186177,7.569129300315175,7.697201248598069,98.0,7.633165274456622,0.06403597414144736,0.321068454153135,1.9844674545084815,completed,False,COMPLETE
267,6.317982402410343,2026-06-12 06:53:11.364772,2026-06-12 06:53:13.546288,0 days 00:00:02.181516,,,,,,,,,,,,,,0.03130058855036525,QuantileRegressor,,,,,,2,,,,,,,,False,0.010459940904330169,0.01840730346414403,98.0,0.014433622184237098,0.003973681279906929,0.019923546458727025,1.9844674545084815,6.265370582484041,6.370594222336645,98.0,6.317982402410343,0.05261181992630212,0.26378915789753815,1.9844674545084815,152798089382493.44,336251256618238.4,98.0,244524673000365.9,91726583617872.48,459905745197006.7,1.9844674545084815,17.254482719348143,17.876791734961362,98.0,17.565637227154753,0.3111545078066101,1.5600902174702183,1.9844674545084815,5.756146487027741,5.944391875743967,98.0,5.850269181385854,0.0941226943581132,0.4719195480892605,1.9844674545084815,99.0,0.5555555555555556,-0.022204304025479737,-0.006952343773168451,98.0,-0.014578323899324093,0.0076259801261556424,0.038235721144789334,1.9844674545084815,QuantileRegressor,"{'mode': 'original', 'type': 'QuantileRegressor'}",2,"['nodes_T6W30', 'asp_T6W30']",0.08227755482745444,0.12839631774931132,98.0,0.10533693628838288,0.023059381460928438,0.11561688658056565,1.9844674545084815,7.5547617540914205,7.681887796013192,98.0,7.618324775052306,0.06356302096088567,0.3186971254022936,1.9844674545084815,completed,False,COMPLETE
268,6.364170763292083,2026-06-12 06:53:13.559345,2026-06-12 06:53:15.815709,0 days 00:00:02.256364,,,,,,,,,,,,,,0.016175033380353417,QuantileRegressor,,,,,,2,,,,,,,,False,0.002596086920639112,0.011717399280735865,98.0,0.007156743100687488,0.004560656180048376,0.022866566008938327,1.9844674545084815,6.31153175673561,6.416809769848557,98.0,6.364170763292083,0.052639006556473855,0.26392546829868224,1.9844674545084815,151174777479722.22,332745307526337.9,98.0,241960042503030.03,90785265023307.81,455186090189418.25,1.9844674545084815,17.19355752187762,17.736291914388875,98.0,17.464924718133247,0.2713671962556277,1.360601558386717,1.9844674545084815,5.776562618437101,5.97788404596443,98.0,5.877223332200765,0.1006607137636645,0.5047003687437069,1.9844674545084815,99.0,0.6262626262626263,-0.03298141691872914,-0.01638249646149499,98.0,-0.024681956690112066,0.008299460228617076,0.04161246708016866,1.9844674545084815,QuantileRegressor,"{'mode': 'original', 'type': 'QuantileRegressor'}",2,"['lsc_T6W30', 'diameter_T6W30']",0.07260280197363404,0.11794523822671847,98.0,0.09527402010017626,0.022671218126542218,0.11367068363134487,1.9844674545084815,7.592202329181137,7.719079942888354,98.0,7.655641136034745,0.06343880685360812,0.3180743312316369,1.9844674545084815,completed,False,COMPLETE
269,6.317876929274694,2026-06-12 06:53:15.907588,2026-06-12 06:53:18.113600,0 days 00:00:02.206012,,,,,,,,,,,,,,0.025924131956676196,QuantileRegressor,,,,,,2,,,,,,,,False,0.010243325899026056,0.01858462551325996,98.0,0.014413975706143008,0.004170649807116951,0.020911122292405313,1.9844674545084815,6.265753735071419,6.370000123477968,98.0,6.317876929274694,0.052123194203274305,0.26133924895720617,1.9844674545084815,152501199185248.2,335597033390384.6,98.0,244049116287816.4,91547917102568.22,459009933387367.4,1.9844674545084815,17.254732217575075,17.883651119087453,98.0,17.569191668331264,0.31445945075618786,1.5766607926525582,1.9844674545084815,5.751743555191739,5.9393082364966325,98.0,5.845525895844186,0.0937823406524468,0.47021305670517966,1.9844674545084815,99.0,0.5454545454545454,-0.022749709142382543,-0.006998149427721697,98.0,-0.01487392928505212,0.007875779857330423,0.0394881861007998,1.9844674545084815,QuantileRegressor,"{'mode': 'original', 'type': 'QuantileRegressor'}",2,"['nodes_T6W30', 'lsc_T6W30']",0.07232133674598802,0.12075008777725003,98.0,0.09653571226161903,0.02421437551563101,0.12140788391716109,1.9844674545084815,7.555783347470389,7.682685674655388,98.0,7.6192345110628885,0.06345116359249915,0.3181362863921121,1.9844674545084815,completed,False,COMPLETE
