number,value,datetime_start,datetime_complete,duration,params_bag_n_estimators,params_dt_max_depth,params_dt_min_samples_split,params_elastic_alpha,params_elastic_l1_ratio,params_et_max_depth,params_et_min_samples_split,params_et_n_estimators,params_gpr_alpha,params_knn_metric,params_knn_n_neighbors,params_knn_weights,params_regressor,params_rf_max_depth,params_rf_min_samples_split,params_rf_n_estimators,params_rfe_n_features,params_rfe_proxy_et_max_depth,params_rfe_proxy_et_min_samples_split,params_rfe_proxy_et_n_estimators,params_rfe_proxy_svc_C,params_rfe_proxy_type,params_ridge_alpha,params_ridge_solver,params_stack_final_estimator,params_svr_C,params_svr_degree,params_svr_epsilon,params_svr_gamma,params_svr_kernel,params_use_scaler,user_attrs_d2mae_ci_lower_val,user_attrs_d2mae_ci_upper_val,user_attrs_d2mae_df_val,user_attrs_d2mae_mean_val,user_attrs_d2mae_samperror_val,user_attrs_d2mae_std_val,user_attrs_d2mae_t_critical_val,user_attrs_mae_ci_lower_val,user_attrs_mae_ci_upper_val,user_attrs_mae_df_val,user_attrs_mae_mean_val,user_attrs_mae_samperror_val,user_attrs_mae_std_val,user_attrs_mae_t_critical_val,user_attrs_mape_ci_lower_val,user_attrs_mape_ci_upper_val,user_attrs_mape_df_val,user_attrs_mape_mean_val,user_attrs_mape_samperror_val,user_attrs_mape_std_val,user_attrs_mape_t_critical_val,user_attrs_max_error_ci_lower_val,user_attrs_max_error_ci_upper_val,user_attrs_max_error_df_val,user_attrs_max_error_mean_val,user_attrs_max_error_samperror_val,user_attrs_max_error_std_val,user_attrs_max_error_t_critical_val,user_attrs_median_ae_ci_lower_val,user_attrs_median_ae_ci_upper_val,user_attrs_median_ae_df_val,user_attrs_median_ae_mean_val,user_attrs_median_ae_samperror_val,user_attrs_median_ae_std_val,user_attrs_median_ae_t_critical_val,user_attrs_n_splits_val,user_attrs_r2_below_zero_val,user_attrs_r2_ci_lower_val,user_attrs_r2_ci_upper_val,user_attrs_r2_df_val,user_attrs_r2_mean_val,user_attrs_r2_samperror_val,user_attrs_r2_std_val,user_attrs_r2_t_critical_val,user_attrs_regressor_final,user_attrs_rfe_clf,user_attrs_rfe_n_features,user_attrs_rfe_selected_features,user_attrs_rho_ci_lower_val,user_attrs_rho_ci_upper_val,user_attrs_rho_df_val,user_attrs_rho_mean_val,user_attrs_rho_samperror_val,user_attrs_rho_std_val,user_attrs_rho_t_critical_val,user_attrs_rmse_ci_lower_val,user_attrs_rmse_ci_upper_val,user_attrs_rmse_df_val,user_attrs_rmse_mean_val,user_attrs_rmse_samperror_val,user_attrs_rmse_std_val,user_attrs_rmse_t_critical_val,user_attrs_termination_reason,user_attrs_use_scaler_final,state
163,0.0039039220307270917,2026-06-20 17:43:45.551549,2026-06-20 17:43:45.832323,0 days 00:00:00.280774,,,,0.3485627073188297,0.5,,,,,,,,ElasticNet,,,,9,,,,,,,,,,,,,,False,,,,,,,,,,,,,,,,,,,,,,,,,,,,,,,,,,,,,,,,,,,,,ElasticNet,"{'mode': 'original', 'type': 'ElasticNet'}",9,"['re_T6W30', 'l2_T6W30', 'l3_T6W30', 'lcc_T6W30', 'lsc_T6W30', 'atd_T6W30', 'density_T6W30', 'diameter_T6W30', 'asp_T6W30']",,,,,,,,,,,,,,,pruned,False,PRUNED
164,0.004134368774554139,2026-06-20 17:43:45.842162,2026-06-20 17:43:46.080676,0 days 00:00:00.238514,,,,0.4100774546968174,0.5,,,,,,,,ElasticNet,,,,8,,,,,,,,,,,,,,False,,,,,,,,,,,,,,,,,,,,,,,,,,,,,,,,,,,,,,,,,,,,,ElasticNet,"{'mode': 'original', 'type': 'ElasticNet'}",8,"['l2_T6W30', 'l3_T6W30', 'lcc_T6W30', 'lsc_T6W30', 'atd_T6W30', 'density_T6W30', 'diameter_T6W30', 'asp_T6W30']",,,,,,,,,,,,,,,pruned,False,PRUNED
165,0.004085600922265546,2026-06-20 17:43:46.090872,2026-06-20 17:43:46.387613,0 days 00:00:00.296741,,,,0.43450118068520166,0.5,,,,,,,,ElasticNet,,,,7,,,,,,,,,,,,,,False,,,,,,,,,,,,,,,,,,,,,,,,,,,,,,,,,,,,,,,,,,,,,ElasticNet,"{'mode': 'original', 'type': 'ElasticNet'}",7,"['l3_T6W30', 'lcc_T6W30', 'lsc_T6W30', 'atd_T6W30', 'density_T6W30', 'diameter_T6W30', 'asp_T6W30']",,,,,,,,,,,,,,,pruned,False,PRUNED
166,0.0039061046496029557,2026-06-20 17:43:46.397520,2026-06-20 17:43:46.669863,0 days 00:00:00.272343,,,,0.2918896443254979,0.5,,,,,,,,ElasticNet,,,,8,,,,,,,,,,,,,,False,,,,,,,,,,,,,,,,,,,,,,,,,,,,,,,,,,,,,,,,,,,,,ElasticNet,"{'mode': 'original', 'type': 'ElasticNet'}",8,"['re_T6W30', 'pe_T6W30', 'lcc_T6W30', 'lsc_T6W30', 'atd_T6W30', 'density_T6W30', 'diameter_T6W30', 'asp_T6W30']",,,,,,,,,,,,,,,pruned,False,PRUNED
167,0.003925358146171202,2026-06-20 17:43:46.679617,2026-06-20 17:43:46.947089,0 days 00:00:00.267472,,,,0.36805324006979284,0.5,,,,,,,,ElasticNet,,,,10,,,,,,,,,,,,,,False,,,,,,,,,,,,,,,,,,,,,,,,,,,,,,,,,,,,,,,,,,,,,ElasticNet,"{'mode': 'original', 'type': 'ElasticNet'}",10,"['re_T6W30', 'l1_T6W30', 'l2_T6W30', 'l3_T6W30', 'lcc_T6W30', 'lsc_T6W30', 'atd_T6W30', 'density_T6W30', 'diameter_T6W30', 'asp_T6W30']",,,,,,,,,,,,,,,pruned,False,PRUNED
168,0.003957730447513168,2026-06-20 17:43:46.957175,2026-06-20 17:43:47.207978,0 days 00:00:00.250803,,,,0.31925013910548,0.5,,,,,,,,ElasticNet,,,,7,,,,,,,,,,,,,,False,,,,,,,,,,,,,,,,,,,,,,,,,,,,,,,,,,,,,,,,,,,,,ElasticNet,"{'mode': 'original', 'type': 'ElasticNet'}",7,"['re_T6W30', 'lcc_T6W30', 'lsc_T6W30', 'atd_T6W30', 'density_T6W30', 'diameter_T6W30', 'asp_T6W30']",,,,,,,,,,,,,,,pruned,False,PRUNED
169,6.642206915901536,2026-06-20 17:43:47.218022,2026-06-20 17:43:54.242001,0 days 00:00:07.023979,,,,,,,,,,,,,SVR,,,,6,,,,,,,,,2.560468456409729,,0.10450264591289468,auto,linear,,-0.03865741786743262,-0.028919791220557774,398.0,-0.033788604543995196,0.0048688133234374206,0.049469645563409485,1.9659423239762661,6.602435761841865,6.681978069961207,398.0,6.642206915901536,0.03977115405967071,0.40409536457450757,1.9659423239762661,179734497048228.88,267196562429751.5,398.0,223465529738990.2,43731032690761.33,444329766540830.94,1.9659423239762661,18.0157398225823,18.36478636627066,398.0,18.19026309442648,0.1745232718441781,1.7732461335368392,1.9659423239762661,5.939840699990907,6.061676121346383,398.0,6.000758410668645,0.06091771067773754,0.6189552475251593,1.9659423239762661,399.0,0.9172932330827067,-0.12688174002606487,-0.10667449321104092,398.0,-0.11677811661855289,0.010103623407511982,0.10265800630920607,1.9659423239762661,SVR,"{'mode': 'original', 'type': 'SVR'}",6,"['edges_T6W30', 'l1_T6W30', 'l2_T6W30', 'l3_T6W30', 'atd_T6W30', 'diameter_T6W30']",-0.0024600145214068968,0.023153172593507253,398.0,0.010346579036050178,0.012806593557457075,0.13012157215236225,1.9659423239762661,7.976647393376628,8.07180243749289,398.0,8.02422491543476,0.047577522058131164,0.4834120753143509,1.9659423239762661,completed,True,COMPLETE
170,0.002900948651971517,2026-06-20 17:43:54.260774,2026-06-20 17:43:54.525862,0 days 00:00:00.265088,,,,0.39521324811977226,1.0,,,,,,,,ElasticNet,,,,8,,,,,,,,,,,,,,False,,,,,,,,,,,,,,,,,,,,,,,,,,,,,,,,,,,,,,,,,,,,,ElasticNet,"{'mode': 'original', 'type': 'ElasticNet'}",8,"['l2_T6W30', 'l3_T6W30', 'lcc_T6W30', 'lsc_T6W30', 'atd_T6W30', 'density_T6W30', 'diameter_T6W30', 'asp_T6W30']",,,,,,,,,,,,,,,pruned,False,PRUNED
171,0.003915653638476465,2026-06-20 17:43:54.549034,2026-06-20 17:43:54.781592,0 days 00:00:00.232558,,,,0.35823648709492334,0.5,,,,,,,,ElasticNet,,,,10,,,,,,,,,,,,,,False,,,,,,,,,,,,,,,,,,,,,,,,,,,,,,,,,,,,,,,,,,,,,ElasticNet,"{'mode': 'original', 'type': 'ElasticNet'}",10,"['re_T6W30', 'l1_T6W30', 'l2_T6W30', 'l3_T6W30', 'lcc_T6W30', 'lsc_T6W30', 'atd_T6W30', 'density_T6W30', 'diameter_T6W30', 'asp_T6W30']",,,,,,,,,,,,,,,pruned,False,PRUNED
172,0.004127905819381421,2026-06-20 17:43:54.792509,2026-06-20 17:43:55.049777,0 days 00:00:00.257268,,,,0.41578902467709417,0.5,,,,,,,,ElasticNet,,,,9,,,,,,,,,,,,,,False,,,,,,,,,,,,,,,,,,,,,,,,,,,,,,,,,,,,,,,,,,,,,ElasticNet,"{'mode': 'original', 'type': 'ElasticNet'}",9,"['l1_T6W30', 'l2_T6W30', 'l3_T6W30', 'lcc_T6W30', 'lsc_T6W30', 'atd_T6W30', 'density_T6W30', 'diameter_T6W30', 'asp_T6W30']",,,,,,,,,,,,,,,pruned,False,PRUNED
173,0.0038898333763440762,2026-06-20 17:43:55.059808,2026-06-20 17:43:55.334091,0 days 00:00:00.274283,,,,0.3372189053956626,0.5,,,,,,,,ElasticNet,,,,9,,,,,,,,,,,,,,False,,,,,,,,,,,,,,,,,,,,,,,,,,,,,,,,,,,,,,,,,,,,,ElasticNet,"{'mode': 'original', 'type': 'ElasticNet'}",9,"['re_T6W30', 'l2_T6W30', 'l3_T6W30', 'lcc_T6W30', 'lsc_T6W30', 'atd_T6W30', 'density_T6W30', 'diameter_T6W30', 'asp_T6W30']",,,,,,,,,,,,,,,pruned,False,PRUNED
174,0.00404315360752987,2026-06-20 17:43:55.344096,2026-06-20 17:43:55.586033,0 days 00:00:00.241937,,,,0.44834141425048724,0.5,,,,,,,,ElasticNet,,,,9,,,,,,,,,,,,,,False,,,,,,,,,,,,,,,,,,,,,,,,,,,,,,,,,,,,,,,,,,,,,ElasticNet,"{'mode': 'original', 'type': 'ElasticNet'}",9,"['l1_T6W30', 'l2_T6W30', 'l3_T6W30', 'lcc_T6W30', 'lsc_T6W30', 'atd_T6W30', 'density_T6W30', 'diameter_T6W30', 'asp_T6W30']",,,,,,,,,,,,,,,pruned,False,PRUNED
175,6.738122327653127,2026-06-20 17:43:55.616719,2026-06-20 17:44:02.609237,0 days 00:00:06.992518,,,,,,,,,,euclidean,9.0,distance,KNeighborsRegressor,,,,7,4.0,4.0,60.0,,ExtraTrees,,,,,,,,,,-0.053425451936848244,-0.04429994142492697,398.0,-0.04886269668088761,0.004562755255960636,0.0463599383074309,1.9659423239762661,6.701418485275392,6.774826170030861,398.0,6.738122327653127,0.03670384237773459,0.37292990152266964,1.9659423239762661,166605927934098.75,248163979336607.2,398.0,207384953635352.97,40779025701254.234,414335858421855.94,1.9659423239762661,17.465156947777338,17.777119202005423,398.0,17.62113807489138,0.15598112711404366,1.5848484138358936,1.9659423239762661,6.237971403024511,6.3687419872365,398.0,6.303356695130505,0.06538529210599485,0.6643481708310636,1.9659423239762661,399.0,0.9323308270676691,-0.1425444665035994,-0.12512548472146942,398.0,-0.1338349756125344,0.008709490891064993,0.08849290346472789,1.9659423239762661,KNeighborsRegressor,"{'mode': 'proxy', 'type': 'ExtraTrees', 'n_estimators': 60, 'max_depth': 4, 'min_samples_split': 4}",7,"['edges_T6W30', 'pe_T6W30', 'l2_T6W30', 'lsc_T6W30', 'atd_T6W30', 'diameter_T6W30', 'asp_T6W30']",-0.046732746762074916,-0.022881997896512678,398.0,-0.0348073723292938,0.011925374432781117,0.12116793296649177,1.9659423239762661,8.043510096454094,8.12841534802063,398.0,8.085962722237362,0.04245262578326757,0.43134049535742053,1.9659423239762661,completed,True,COMPLETE
176,0.004148493514537744,2026-06-20 17:44:02.627921,2026-06-20 17:44:02.927491,0 days 00:00:00.299570,,,,0.3961349603046922,0.5,,,,,,,,ElasticNet,,,,7,,,,,,,,,,,,,,False,,,,,,,,,,,,,,,,,,,,,,,,,,,,,,,,,,,,,,,,,,,,,ElasticNet,"{'mode': 'original', 'type': 'ElasticNet'}",7,"['l3_T6W30', 'lcc_T6W30', 'lsc_T6W30', 'atd_T6W30', 'density_T6W30', 'diameter_T6W30', 'asp_T6W30']",,,,,,,,,,,,,,,pruned,False,PRUNED
177,14.455747211165168,2026-06-20 17:44:02.937605,2026-06-20 17:45:22.288233,0 days 00:01:19.350628,,,,,,,,,5.16034496805763e-05,,,,GaussianProcessRegressor,,,,7,7.0,3.0,80.0,,ExtraTrees,,,,,,,,,,-1.2597395888433578,-1.2449882114477484,398.0,-1.252363900145553,0.00737568869780476,0.0749407877089943,1.9659423239762661,14.43132470162121,14.480169720709126,398.0,14.455747211165168,0.024422509543957725,0.24814524826669562,1.9659423239762661,0.9952422435180761,0.9967966773134143,398.0,0.9960194604157452,0.0007772168976690568,0.00789692311029824,1.9659423239762661,30.752745432105396,31.006653064135204,398.0,30.8796992481203,0.12695381601490524,1.2899160152531126,1.9659423239762661,13.313129164062277,13.468825723155769,398.0,13.390977443609023,0.07784827954674532,0.7909785282504497,1.9659423239762661,399.0,1.0,-3.659307295446861,-3.6053490469546707,398.0,-3.632328171200766,0.026979124246094943,0.2741217675446288,1.9659423239762661,GaussianProcessRegressor,"{'mode': 'proxy', 'type': 'ExtraTrees', 'n_estimators': 80, 'max_depth': 7, 'min_samples_split': 3}",7,"['edges_T6W30', 'pe_T6W30', 'l2_T6W30', 'l3_T6W30', 'lsc_T6W30', 'diameter_T6W30', 'asp_T6W30']",,,,,,,,16.304941082481548,16.362932683280448,398.0,16.333936882880998,0.02899580039945164,0.2946122336798762,1.9659423239762661,completed,True,COMPLETE
178,0.003930540153859393,2026-06-20 17:45:22.328802,2026-06-20 17:45:22.634378,0 days 00:00:00.305576,,,,0.3746026707218287,0.5,,,,,,,,ElasticNet,,,,8,,,,,,,,,,,,,,False,,,,,,,,,,,,,,,,,,,,,,,,,,,,,,,,,,,,,,,,,,,,,ElasticNet,"{'mode': 'original', 'type': 'ElasticNet'}",8,"['re_T6W30', 'l3_T6W30', 'lcc_T6W30', 'lsc_T6W30', 'atd_T6W30', 'density_T6W30', 'diameter_T6W30', 'asp_T6W30']",,,,,,,,,,,,,,,pruned,False,PRUNED
179,7.078222025652367,2026-06-20 17:45:22.644470,2026-06-20 17:46:16.914564,0 days 00:00:54.270094,,,,,,,,,,,,,StackingRegressor,,,,9,,,,1.729549513342001,LinearSVC,,,RandomForestRegressor,,,5.086337810714401,,,False,-0.1092975034904841,-0.0946444882133131,398.0,-0.1019709958518986,0.007326507638585505,0.07444108287202761,1.9659423239762661,7.027140104118011,7.129303947186722,398.0,7.078222025652367,0.05108192153435531,0.5190185749858175,1.9659423239762661,212328390702984.7,319782008436745.6,398.0,266055199569865.16,53726808866880.47,545891989553865.8,1.9659423239762661,19.228011384013417,19.658655282653253,398.0,19.443333333333335,0.21532194931991938,2.187781664086991,1.9659423239762661,6.324934158088487,6.483436769229808,398.0,6.4041854636591475,0.07925130557066049,0.8052339937013864,1.9659423239762661,399.0,0.9674185463659147,-0.28315222047932953,-0.2537725550221116,398.0,-0.26846238775072057,0.01468983272860894,0.14925624997201584,1.9659423239762661,StackingRegressor,"{'mode': 'proxy', 'type': 'LinearSVC', 'C': 1.729549513342001, 'epsilon': 5.086337810714401}",9,"['nodes_T6W30', 're_T6W30', 'pe_T6W30', 'l1_T6W30', 'l2_T6W30', 'l3_T6W30', 'lcc_T6W30', 'lsc_T6W30', 'asp_T6W30']",-0.029009267254579373,-0.001520683273635283,398.0,-0.015264975264107328,0.013744291990472045,0.13964907013699746,1.9659423239762661,8.487174930699956,8.596669889700495,398.0,8.541922410200225,0.054747479500270035,0.5562625277356654,1.9659423239762661,completed,False,COMPLETE
180,8.231538033746748,2026-06-20 17:46:16.938496,2026-06-20 17:46:23.469780,0 days 00:00:06.531284,,10.0,9.0,,,,,,,,,,DecisionTreeRegressor,,,,7,,,,,,,,,,,,,,False,-0.29403542450312,-0.2705462534365158,398.0,-0.2822908389698179,0.011744585533302099,0.11933102483613206,1.9659423239762661,8.15801700209307,8.305059065400426,398.0,8.231538033746748,0.07352103165367911,0.7470114657827799,1.9659423239762661,154623434255527.28,249924442856407.78,398.0,202273938555967.53,47650504300440.25,484153612403496.1,1.9659423239762661,22.862727101277077,23.342687262971875,398.0,23.102707182124476,0.23998008084739975,2.4383209527979366,1.9659423239762661,7.020745787098194,7.236098808059012,398.0,7.128422297578603,0.10767651048040842,1.0940486839634769,1.9659423239762661,399.0,0.9974937343358395,-0.8166370748193341,-0.7587293181140011,398.0,-0.7876831964666676,0.02895387835266655,0.29418628413981723,1.9659423239762661,DecisionTreeRegressor,"{'mode': 'original', 'type': 'DecisionTreeRegressor'}",7,"['edges_T6W30', 're_T6W30', 'pe_T6W30', 'l1_T6W30', 'lsc_T6W30', 'atd_T6W30', 'diameter_T6W30']",-0.032772268840464136,-0.005512674853945139,398.0,-0.019142471847204637,0.013629796993259499,0.1384857421236553,1.9659423239762661,10.038463544164767,10.197341229746627,398.0,10.117902386955697,0.07943884279093048,0.8071394682391027,1.9659423239762661,completed,False,COMPLETE
181,0.004127151554755559,2026-06-20 17:46:23.488802,2026-06-20 17:46:23.730526,0 days 00:00:00.241724,,,,0.4164228698682544,0.5,,,,,,,,ElasticNet,,,,9,,,,,,,,,,,,,,False,,,,,,,,,,,,,,,,,,,,,,,,,,,,,,,,,,,,,,,,,,,,,ElasticNet,"{'mode': 'original', 'type': 'ElasticNet'}",9,"['l1_T6W30', 'l2_T6W30', 'l3_T6W30', 'lcc_T6W30', 'lsc_T6W30', 'atd_T6W30', 'density_T6W30', 'diameter_T6W30', 'asp_T6W30']",,,,,,,,,,,,,,,pruned,False,PRUNED
182,0.004085391760616382,2026-06-20 17:46:23.740527,2026-06-20 17:46:24.008434,0 days 00:00:00.267907,,,,0.4345787672741159,0.5,,,,,,,,ElasticNet,,,,9,,,,,,,,,,,,,,False,,,,,,,,,,,,,,,,,,,,,,,,,,,,,,,,,,,,,,,,,,,,,ElasticNet,"{'mode': 'original', 'type': 'ElasticNet'}",9,"['l1_T6W30', 'l2_T6W30', 'l3_T6W30', 'lcc_T6W30', 'lsc_T6W30', 'atd_T6W30', 'density_T6W30', 'diameter_T6W30', 'asp_T6W30']",,,,,,,,,,,,,,,pruned,False,PRUNED
183,0.003935988212831246,2026-06-20 17:46:24.048564,2026-06-20 17:46:24.290109,0 days 00:00:00.241545,,,,0.4762202333908065,0.5,,,,,,,,ElasticNet,,,,9,,,,,,,,,,,,,,False,,,,,,,,,,,,,,,,,,,,,,,,,,,,,,,,,,,,,,,,,,,,,ElasticNet,"{'mode': 'original', 'type': 'ElasticNet'}",9,"['l1_T6W30', 'l2_T6W30', 'l3_T6W30', 'lcc_T6W30', 'lsc_T6W30', 'atd_T6W30', 'density_T6W30', 'diameter_T6W30', 'asp_T6W30']",,,,,,,,,,,,,,,pruned,False,PRUNED
184,0.003796231905533576,2026-06-20 17:46:24.300125,2026-06-20 17:46:24.578172,0 days 00:00:00.278047,,,,0.5040725111136429,0.5,,,,,,,,ElasticNet,,,,10,,,,,,,,,,,,,,False,,,,,,,,,,,,,,,,,,,,,,,,,,,,,,,,,,,,,,,,,,,,,ElasticNet,"{'mode': 'original', 'type': 'ElasticNet'}",10,"['pe_T6W30', 'l1_T6W30', 'l2_T6W30', 'l3_T6W30', 'lcc_T6W30', 'lsc_T6W30', 'atd_T6W30', 'density_T6W30', 'diameter_T6W30', 'asp_T6W30']",,,,,,,,,,,,,,,pruned,False,PRUNED
185,0.003967641666674323,2026-06-20 17:46:24.593465,2026-06-20 17:46:24.857897,0 days 00:00:00.264432,,,,0.3453762028899924,0.5,,,,,,,,ElasticNet,,,,7,,,,,,,,,,,,,,False,,,,,,,,,,,,,,,,,,,,,,,,,,,,,,,,,,,,,,,,,,,,,ElasticNet,"{'mode': 'original', 'type': 'ElasticNet'}",7,"['re_T6W30', 'lcc_T6W30', 'lsc_T6W30', 'atd_T6W30', 'density_T6W30', 'diameter_T6W30', 'asp_T6W30']",,,,,,,,,,,,,,,pruned,False,PRUNED
186,0.0039343369636182755,2026-06-20 17:46:24.867841,2026-06-20 17:46:25.145959,0 days 00:00:00.278118,,,,0.38045242835304555,0.5,,,,,,,,ElasticNet,,,,8,,,,,,,,,,,,,,False,,,,,,,,,,,,,,,,,,,,,,,,,,,,,,,,,,,,,,,,,,,,,ElasticNet,"{'mode': 'original', 'type': 'ElasticNet'}",8,"['re_T6W30', 'l3_T6W30', 'lcc_T6W30', 'lsc_T6W30', 'atd_T6W30', 'density_T6W30', 'diameter_T6W30', 'asp_T6W30']",,,,,,,,,,,,,,,pruned,False,PRUNED
187,0.001750105694646117,2026-06-20 17:46:25.156107,2026-06-20 17:46:25.505241,0 days 00:00:00.349134,,,,0.35824038527893,0.0,,,,,,,,ElasticNet,,,,7,,,,,,,,,,,,,,False,,,,,,,,,,,,,,,,,,,,,,,,,,,,,,,,,,,,,,,,,,,,,ElasticNet,"{'mode': 'original', 'type': 'ElasticNet'}",7,"['nodes_T6W30', 're_T6W30', 'pe_T6W30', 'l1_T6W30', 'l3_T6W30', 'lsc_T6W30', 'diameter_T6W30']",,,,,,,,,,,,,,,pruned,False,PRUNED
188,6.615181936411801,2026-06-20 17:46:25.516352,2026-06-20 17:47:24.532505,0 days 00:00:59.016153,,,,,,,,,,,,,RandomForestRegressor,3.0,4.0,150.0,9,,,,,,,,,,,,,,True,-0.03276135103923623,-0.026605411459882804,398.0,-0.029683381249559517,0.003077969789676714,0.03127375490393377,1.9659423239762661,6.585202911398345,6.645160961425257,398.0,6.615181936411801,0.02997902501345611,0.3046023010603362,1.9659423239762661,188889196681442.3,281052102889100.2,398.0,234970649785271.25,46081453103828.94,468211245873738.8,1.9659423239762661,17.075617381539487,17.344345025454253,398.0,17.20998120349687,0.134363821957381,1.3652054838044005,1.9659423239762661,6.182514266334559,6.277266674005059,398.0,6.229890470169809,0.04737620383525003,0.4813665787077252,1.9659423239762661,399.0,0.9147869674185464,-0.07884626013820269,-0.06673284821491134,398.0,-0.07278955417655701,0.006056705961645672,0.06153924525347469,1.9659423239762661,RandomForestRegressor,"{'mode': 'original', 'type': 'RandomForestRegressor'}",9,"['edges_T6W30', 'pe_T6W30', 'l1_T6W30', 'l2_T6W30', 'l3_T6W30', 'lsc_T6W30', 'atd_T6W30', 'density_T6W30', 'diameter_T6W30']",-0.05550167012008997,-0.03342803835444064,398.0,-0.0444648542372653,0.011036815882824662,0.11213972144786875,1.9659423239762661,7.831502995281692,7.906119767067441,398.0,7.868811381174567,0.03730838589287487,0.37907237432557706,1.9659423239762661,completed,True,COMPLETE
189,0.004142929753140375,2026-06-20 17:47:24.550262,2026-06-20 17:47:24.828223,0 days 00:00:00.277961,,,,0.40192320470818876,0.5,,,,,,,,ElasticNet,,,,8,,,,,,,,,,,,,,False,,,,,,,,,,,,,,,,,,,,,,,,,,,,,,,,,,,,,,,,,,,,,ElasticNet,"{'mode': 'original', 'type': 'ElasticNet'}",8,"['l2_T6W30', 'l3_T6W30', 'lcc_T6W30', 'lsc_T6W30', 'atd_T6W30', 'density_T6W30', 'diameter_T6W30', 'asp_T6W30']",,,,,,,,,,,,,,,pruned,False,PRUNED
190,0.002923082424322221,2026-06-20 17:47:24.838456,2026-06-20 17:47:25.124509,0 days 00:00:00.286053,,,,0.30028031750143913,0.5,,,,,,,,ElasticNet,,,,7,,,,,,,,,,,,,,False,,,,,,,,,,,,,,,,,,,,,,,,,,,,,,,,,,,,,,,,,,,,,ElasticNet,"{'mode': 'original', 'type': 'ElasticNet'}",7,"['re_T6W30', 'pe_T6W30', 'lsc_T6W30', 'atd_T6W30', 'density_T6W30', 'diameter_T6W30', 'asp_T6W30']",,,,,,,,,,,,,,,pruned,False,PRUNED
191,0.003873661975891614,2026-06-20 17:47:25.135903,2026-06-20 17:47:25.378638,0 days 00:00:00.242735,,,,0.26536425822271503,0.5,,,,,,,,ElasticNet,,,,8,,,,,,,,,,,,,,False,,,,,,,,,,,,,,,,,,,,,,,,,,,,,,,,,,,,,,,,,,,,,ElasticNet,"{'mode': 'original', 'type': 'ElasticNet'}",8,"['re_T6W30', 'pe_T6W30', 'lcc_T6W30', 'lsc_T6W30', 'atd_T6W30', 'density_T6W30', 'diameter_T6W30', 'asp_T6W30']",,,,,,,,,,,,,,,pruned,False,PRUNED
192,0.0038527489028852206,2026-06-20 17:47:25.388609,2026-06-20 17:47:25.707434,0 days 00:00:00.318825,,,,0.31418883791731456,0.5,,,,,,,,ElasticNet,,,,8,,,,,,,,,,,,,,False,,,,,,,,,,,,,,,,,,,,,,,,,,,,,,,,,,,,,,,,,,,,,ElasticNet,"{'mode': 'original', 'type': 'ElasticNet'}",8,"['re_T6W30', 'l3_T6W30', 'lcc_T6W30', 'lsc_T6W30', 'atd_T6W30', 'density_T6W30', 'diameter_T6W30', 'asp_T6W30']",,,,,,,,,,,,,,,pruned,False,PRUNED
193,0.0038768464890092482,2026-06-20 17:47:25.717542,2026-06-20 17:47:25.979195,0 days 00:00:00.261653,,,,0.3283136168751433,0.5,,,,,,,,ElasticNet,,,,9,,,,,,,,,,,,,,False,,,,,,,,,,,,,,,,,,,,,,,,,,,,,,,,,,,,,,,,,,,,,ElasticNet,"{'mode': 'original', 'type': 'ElasticNet'}",9,"['re_T6W30', 'l2_T6W30', 'l3_T6W30', 'lcc_T6W30', 'lsc_T6W30', 'atd_T6W30', 'density_T6W30', 'diameter_T6W30', 'asp_T6W30']",,,,,,,,,,,,,,,pruned,False,PRUNED
194,0.004116772313293519,2026-06-20 17:47:25.989079,2026-06-20 17:47:26.265932,0 days 00:00:00.276853,,,,0.422667761374383,0.5,,,,,,,,ElasticNet,,,,7,,,,,,,,,,,,,,False,,,,,,,,,,,,,,,,,,,,,,,,,,,,,,,,,,,,,,,,,,,,,ElasticNet,"{'mode': 'original', 'type': 'ElasticNet'}",7,"['l3_T6W30', 'lcc_T6W30', 'lsc_T6W30', 'atd_T6W30', 'density_T6W30', 'diameter_T6W30', 'asp_T6W30']",,,,,,,,,,,,,,,pruned,False,PRUNED
