number,value,datetime_start,datetime_complete,duration,params_bag_n_estimators,params_dt_max_depth,params_dt_min_samples_split,params_elastic_alpha,params_elastic_l1_ratio,params_et_max_depth,params_et_min_samples_split,params_et_n_estimators,params_gpr_alpha,params_knn_metric,params_knn_n_neighbors,params_knn_weights,params_regressor,params_rf_max_depth,params_rf_min_samples_split,params_rf_n_estimators,params_rfe_n_features,params_rfe_proxy_et_max_depth,params_rfe_proxy_et_min_samples_split,params_rfe_proxy_et_n_estimators,params_rfe_proxy_svc_C,params_rfe_proxy_type,params_ridge_alpha,params_ridge_solver,params_stack_final_estimator,params_svr_C,params_svr_degree,params_svr_epsilon,params_svr_gamma,params_svr_kernel,params_use_scaler,user_attrs_d2mae_ci_lower_val,user_attrs_d2mae_ci_upper_val,user_attrs_d2mae_df_val,user_attrs_d2mae_mean_val,user_attrs_d2mae_samperror_val,user_attrs_d2mae_std_val,user_attrs_d2mae_t_critical_val,user_attrs_mae_ci_lower_val,user_attrs_mae_ci_upper_val,user_attrs_mae_df_val,user_attrs_mae_mean_val,user_attrs_mae_samperror_val,user_attrs_mae_std_val,user_attrs_mae_t_critical_val,user_attrs_mape_ci_lower_val,user_attrs_mape_ci_upper_val,user_attrs_mape_df_val,user_attrs_mape_mean_val,user_attrs_mape_samperror_val,user_attrs_mape_std_val,user_attrs_mape_t_critical_val,user_attrs_max_error_ci_lower_val,user_attrs_max_error_ci_upper_val,user_attrs_max_error_df_val,user_attrs_max_error_mean_val,user_attrs_max_error_samperror_val,user_attrs_max_error_std_val,user_attrs_max_error_t_critical_val,user_attrs_median_ae_ci_lower_val,user_attrs_median_ae_ci_upper_val,user_attrs_median_ae_df_val,user_attrs_median_ae_mean_val,user_attrs_median_ae_samperror_val,user_attrs_median_ae_std_val,user_attrs_median_ae_t_critical_val,user_attrs_n_splits_val,user_attrs_r2_below_zero_val,user_attrs_r2_ci_lower_val,user_attrs_r2_ci_upper_val,user_attrs_r2_df_val,user_attrs_r2_mean_val,user_attrs_r2_samperror_val,user_attrs_r2_std_val,user_attrs_r2_t_critical_val,user_attrs_regressor_final,user_attrs_rfe_clf,user_attrs_rfe_n_features,user_attrs_rfe_selected_features,user_attrs_rho_ci_lower_val,user_attrs_rho_ci_upper_val,user_attrs_rho_df_val,user_attrs_rho_mean_val,user_attrs_rho_samperror_val,user_attrs_rho_std_val,user_attrs_rho_t_critical_val,user_attrs_rmse_ci_lower_val,user_attrs_rmse_ci_upper_val,user_attrs_rmse_df_val,user_attrs_rmse_mean_val,user_attrs_rmse_samperror_val,user_attrs_rmse_std_val,user_attrs_rmse_t_critical_val,user_attrs_termination_reason,user_attrs_use_scaler_final,state
115,6.545052901401911,2026-06-20 17:29:37.284814,2026-06-20 17:29:56.117614,0 days 00:00:18.832800,,,,,,,,,,,,,StackingRegressor,,,,8,,,,0.006571101324835765,LinearSVC,,,Ridge,,,0.006380203768606364,,,False,-0.02082861309501273,-0.016930191270345098,398.0,-0.018879402182678914,0.0019492109123338157,0.01980498461448628,1.9659423239762661,6.521370064454932,6.568735738348891,398.0,6.545052901401911,0.023682836946978824,0.24062979454630548,1.9659423239762661,206263377694464.0,306405393024378.25,398.0,256334385359421.12,50071007664957.11,508747170540399.8,1.9659423239762661,16.52985764695718,16.800773721428786,398.0,16.665315684192983,0.13545803723580396,1.3763232733760566,1.9659423239762661,6.273996941263096,6.351007067957658,398.0,6.312502004610377,0.03850506334728064,0.391231232262932,1.9659423239762661,399.0,0.7744360902255639,-0.02299091926364997,-0.016953409848508648,398.0,-0.019972164556079308,0.00301875470757066,0.030672099237717642,1.9659423239762661,StackingRegressor,"{'mode': 'proxy', 'type': 'LinearSVC', 'C': 0.006571101324835765, 'epsilon': 0.006380203768606364}",8,"['nodes_T6W30', 'pe_T6W30', 'l1_T6W30', 'l2_T6W30', 'lcc_T6W30', 'lsc_T6W30', 'diameter_T6W30', 'asp_T6W30']",-0.048162644782188735,-0.022227482194196665,398.0,-0.0351950634881927,0.012967581293996035,0.13175729029096922,1.9659423239762661,7.643539475913477,7.706163726514036,398.0,7.674851601213756,0.03131212530027913,0.31814728508594153,1.9659423239762661,completed,False,COMPLETE
116,-0.002678499743533049,2026-06-20 17:29:56.203602,2026-06-20 17:29:56.533364,0 days 00:00:00.329762,,,,0.311073673143604,0.5,,,,,,,,ElasticNet,,,,6,,,,,,,,,,,,,,False,,,,,,,,,,,,,,,,,,,,,,,,,,,,,,,,,,,,,,,,,,,,,ElasticNet,"{'mode': 'original', 'type': 'ElasticNet'}",6,"['re_T6W30', 'lsc_T6W30', 'atd_T6W30', 'density_T6W30', 'diameter_T6W30', 'asp_T6W30']",,,,,,,,,,,,,,,pruned,False,PRUNED
117,6.4928572676397796,2026-06-20 17:29:56.543303,2026-06-20 17:30:03.042380,0 days 00:00:06.499077,,,,0.43392473170008583,0.0,,,,,,,,ElasticNet,,,,7,,,,,,,,,,,,,,True,-0.012671889152106559,-0.008676688042032622,398.0,-0.01067428859706959,0.001997600555036968,0.020296648252921882,1.9659423239762661,6.4677798704674165,6.517934664812143,398.0,6.4928572676397796,0.025077397172363434,0.2547992431333995,1.9659423239762661,199025175208671.56,295655550270518.25,398.0,247340362739594.9,48315187530923.36,490907135621495.94,1.9659423239762661,16.481037198168572,16.723329886430733,398.0,16.602183542299652,0.12114634413107883,1.2309091163175159,1.9659423239762661,6.19956550679761,6.279168390856608,398.0,6.239366948827109,0.039801442029499375,0.4044031059136644,1.9659423239762661,399.0,0.6766917293233082,-0.022764078128844192,-0.015876276705388923,398.0,-0.019320177417116557,0.0034439007117276353,0.034991801132448895,1.9659423239762661,ElasticNet,"{'mode': 'original', 'type': 'ElasticNet'}",7,"['re_T6W30', 'pe_T6W30', 'l1_T6W30', 'l3_T6W30', 'lsc_T6W30', 'density_T6W30', 'diameter_T6W30']",0.008314317524374492,0.0314946739394576,398.0,0.019904495731916046,0.011590178207541555,0.11776216705286112,1.9659423239762661,7.6400736102108375,7.70440476741676,398.0,7.672239188813799,0.0321655786029612,0.32681880925084744,1.9659423239762661,completed,True,COMPLETE
118,6.737748490193489,2026-06-20 17:30:03.060346,2026-06-20 17:30:54.384613,0 days 00:00:51.324267,,,,,,,,,,,,,RandomForestRegressor,8.0,5.0,115.0,6,,,,,,,,,,,,,,False,-0.053562856822724866,-0.044035312619525646,398.0,-0.048799084721125256,0.0047637721015996075,0.04840237276639139,1.9659423239762661,6.700033353062628,6.77546362732435,398.0,6.737748490193489,0.037715137130860624,0.38320517594250714,1.9659423239762661,178883654596026.25,266755088574978.56,398.0,222819371585502.4,43935716989476.164,446409464207832.4,1.9659423239762661,17.82280275519745,18.157032339074192,398.0,17.98991754713582,0.16711479193837156,1.6979721703023762,1.9659423239762661,6.315353940671872,6.432690930648442,398.0,6.374022435660157,0.05866849498828456,0.5961020601956556,1.9659423239762661,399.0,0.9122807017543859,-0.13101530127023459,-0.11222926093395051,398.0,-0.12162228110209256,0.009393020168142042,0.09543791220154722,1.9659423239762661,RandomForestRegressor,"{'mode': 'original', 'type': 'RandomForestRegressor'}",6,"['pe_T6W30', 'l1_T6W30', 'l2_T6W30', 'lsc_T6W30', 'atd_T6W30', 'diameter_T6W30']",-0.015642653617540567,0.00828427175654768,398.0,-0.003679190930496444,0.011963462687044124,0.12155492920425051,1.9659423239762661,7.996818600273642,8.086607361582118,398.0,8.04171298092788,0.04489438065423842,0.4561499797215439,1.9659423239762661,completed,False,COMPLETE
119,-0.002929388274492538,2026-06-20 17:30:54.403407,2026-06-20 17:30:55.069544,0 days 00:00:00.666137,,,,0.2223502434910717,0.5,,,,,,,,ElasticNet,,,,7,,,,,,,,,,,,,,False,,,,,,,,,,,,,,,,,,,,,,,,,,,,,,,,,,,,,,,,,,,,,ElasticNet,"{'mode': 'original', 'type': 'ElasticNet'}",7,"['re_T6W30', 'pe_T6W30', 'l1_T6W30', 'lsc_T6W30', 'density_T6W30', 'diameter_T6W30', 'asp_T6W30']",,,,,,,,,,,,,,,pruned,False,PRUNED
120,6.778724757964712,2026-06-20 17:30:55.079888,2026-06-20 17:31:43.443740,0 days 00:00:48.363852,,,,,,9.0,6.0,186.0,,,,,ExtraTreesRegressor,,,,8,,,,,,,,,,,,,,False,-0.059417687586660994,-0.051002125963261494,398.0,-0.055209906774961244,0.004207780811699749,0.042753215524053256,1.9659423239762661,6.74412109812731,6.813328417802114,398.0,6.778724757964712,0.03460365983740225,0.35159096757986014,1.9659423239762661,210676384973260.7,313546863346742.6,398.0,262111624160001.66,51435239186740.96,522608463912278.44,1.9659423239762661,17.364805920119036,17.619928971162185,398.0,17.49236744564061,0.1275615255215739,1.2960906561570258,1.9659423239762661,6.249248164873313,6.360760917558958,398.0,6.305004541216135,0.0557563763428223,0.566513438151731,1.9659423239762661,399.0,0.9649122807017544,-0.14449277900302673,-0.12749355484265082,398.0,-0.13599316692283878,0.008499612080187947,0.08636042688457693,1.9659423239762661,ExtraTreesRegressor,"{'mode': 'original', 'type': 'ExtraTreesRegressor'}",8,"['edges_T6W30', 'pe_T6W30', 'l1_T6W30', 'l2_T6W30', 'l3_T6W30', 'lsc_T6W30', 'diameter_T6W30', 'asp_T6W30']",-0.06430592985602243,-0.04185869882445438,398.0,-0.053082314340238405,0.011223615515784022,0.11403770171944555,1.9659423239762661,8.052859283926175,8.13436478250204,398.0,8.093612033214107,0.04075274928793168,0.4140688765584341,1.9659423239762661,completed,False,COMPLETE
121,-0.0018770136730494476,2026-06-20 17:31:43.462547,2026-06-20 17:31:43.829878,0 days 00:00:00.367331,,,,0.38063106240195216,0.5,,,,,,,,ElasticNet,,,,7,,,,,,,,,,,,,,False,,,,,,,,,,,,,,,,,,,,,,,,,,,,,,,,,,,,,,,,,,,,,ElasticNet,"{'mode': 'original', 'type': 'ElasticNet'}",7,"['re_T6W30', 'lcc_T6W30', 'lsc_T6W30', 'atd_T6W30', 'density_T6W30', 'diameter_T6W30', 'asp_T6W30']",,,,,,,,,,,,,,,pruned,False,PRUNED
122,-0.0019455448970696772,2026-06-20 17:31:43.839882,2026-06-20 17:31:44.231657,0 days 00:00:00.391775,,,,0.35283365019083707,0.5,,,,,,,,ElasticNet,,,,8,,,,,,,,,,,,,,False,,,,,,,,,,,,,,,,,,,,,,,,,,,,,,,,,,,,,,,,,,,,,ElasticNet,"{'mode': 'original', 'type': 'ElasticNet'}",8,"['re_T6W30', 'l3_T6W30', 'lcc_T6W30', 'lsc_T6W30', 'atd_T6W30', 'density_T6W30', 'diameter_T6W30', 'asp_T6W30']",,,,,,,,,,,,,,,pruned,False,PRUNED
123,6.574450833964976,2026-06-20 17:31:44.241700,2026-06-20 17:31:50.518265,0 days 00:00:06.276565,,,,,,,,,,,,,LinearRegression,,,,7,,,,,,,,,,,,,,False,-0.026271891122941714,-0.020387946785136852,398.0,-0.023329918954039283,0.0029419721689024304,0.02989194918450213,1.9659423239762661,6.54500932951062,6.603892338419332,398.0,6.574450833964976,0.029441504454355682,0.29914081593546177,1.9659423239762661,203052304904513.25,301705905075698.56,398.0,252379104990105.9,49326800085592.66,501185639068338.7,1.9659423239762661,16.64918009102048,16.90670975515687,398.0,16.777944923088675,0.12876483206819497,1.308316869078134,1.9659423239762661,6.153089722181629,6.239985098271798,398.0,6.196537410226713,0.04344768804508436,0.44145083932329837,1.9659423239762661,399.0,0.8095238095238095,-0.05820138833966249,-0.04668927971417817,398.0,-0.05244533402692033,0.005756054312742164,0.05848446998868582,1.9659423239762661,LinearRegression,"{'mode': 'original', 'type': 'LinearRegression'}",7,"['re_T6W30', 'pe_T6W30', 'l2_T6W30', 'atd_T6W30', 'density_T6W30', 'diameter_T6W30', 'asp_T6W30']",-0.013205273551397532,0.009693134944261248,398.0,-0.001756069303568141,0.01144920424782939,0.1163297991723634,1.9659423239762661,7.757739718683829,7.8300183741903,398.0,7.793879046437064,0.0361393277532356,0.3671941428204629,1.9659423239762661,completed,False,COMPLETE
124,-0.0018411026161155308,2026-06-20 17:31:50.535944,2026-06-20 17:31:50.924877,0 days 00:00:00.388933,,,,0.4852187004489898,0.5,,,,,,,,ElasticNet,,,,8,,,,,,,,,,,,,,False,,,,,,,,,,,,,,,,,,,,,,,,,,,,,,,,,,,,,,,,,,,,,ElasticNet,"{'mode': 'original', 'type': 'ElasticNet'}",8,"['l2_T6W30', 'l3_T6W30', 'lcc_T6W30', 'lsc_T6W30', 'atd_T6W30', 'density_T6W30', 'diameter_T6W30', 'asp_T6W30']",,,,,,,,,,,,,,,pruned,False,PRUNED
125,6.478023970662511,2026-06-20 17:31:50.934938,2026-06-20 17:31:57.437047,0 days 00:00:06.502109,,,,0.10006607140579865,0.5,,,,,,,,ElasticNet,,,,7,,,,,,,,,,,,,,False,-0.010468213808300684,-0.006232331935015451,398.0,-0.008350272871658068,0.0021179409366426163,0.02151936837577799,1.9659423239762661,6.452351431977706,6.503696509347315,398.0,6.478023970662511,0.025672538684804697,0.26084618675697535,1.9659423239762661,197670416028885.88,293639676193364.0,398.0,245655046111124.94,47984630082239.055,487548502061642.7,1.9659423239762661,16.42297527900645,16.6625861944977,398.0,16.542780736752075,0.1198054577456235,1.2172850215283477,1.9659423239762661,6.169626295064082,6.253665345137455,398.0,6.2116458201007685,0.04201952503668699,0.42693996919153687,1.9659423239762661,399.0,0.6190476190476191,-0.02065985224482183,-0.01325453893979299,398.0,-0.01695719559230741,0.00370265665251442,0.03762089447158549,1.9659423239762661,ElasticNet,"{'mode': 'original', 'type': 'ElasticNet'}",7,"['nodes_T6W30', 're_T6W30', 'pe_T6W30', 'l1_T6W30', 'l3_T6W30', 'lsc_T6W30', 'diameter_T6W30']",0.027107629847695117,0.05070419658199628,398.0,0.0389059132148457,0.01179828336715058,0.11987662242460803,1.9659423239762661,7.630659244537817,7.695675377739102,398.0,7.6631673111384595,0.03250806660064192,0.330298663319893,1.9659423239762661,completed,False,COMPLETE
126,6.486660799316494,2026-06-20 17:31:57.455329,2026-06-20 17:32:03.821559,0 days 00:00:06.366230,,,,,,,,,,,,,Ridge,,,,7,,,,,,0.5303096342160545,svd,,,,,,,False,-0.01228022001939181,-0.007080129415481385,398.0,-0.009680174717436598,0.0026000453019552135,0.026417796492087184,1.9659423239762661,6.458996772765821,6.514324825867168,398.0,6.486660799316494,0.02766402655067343,0.28108072694649366,1.9659423239762661,200449614663041.12,297795600335846.75,398.0,249122607499443.94,48672992836402.8,494542621409700.0,1.9659423239762661,16.3773028906665,16.57384236039843,398.0,16.475572625532465,0.0982697348659672,0.9984710093582837,1.9659423239762661,5.988098432669425,6.071945214134518,398.0,6.030021823401971,0.04192339073254643,0.42596319525579657,1.9659423239762661,399.0,0.6591478696741855,-0.027663861582236306,-0.018065481949533543,398.0,-0.022864671765884925,0.0047991898163513794,0.048762234950263134,1.9659423239762661,Ridge,"{'mode': 'original', 'type': 'Ridge'}",7,"['nodes_T6W30', 're_T6W30', 'l2_T6W30', 'lcc_T6W30', 'atd_T6W30', 'diameter_T6W30', 'asp_T6W30']",0.049277336659667326,0.07340525817241386,398.0,0.061341297416040594,0.012063960756373266,0.12257604123694799,1.9659423239762661,7.650522115902851,7.717664202955899,398.0,7.684093159429375,0.033571043526523695,0.34109905517560873,1.9659423239762661,completed,False,COMPLETE
127,0.0018125254578616554,2026-06-20 17:32:03.856876,2026-06-20 17:32:04.145198,0 days 00:00:00.288322,,,,0.42640279248573726,0.5,,,,,,,,ElasticNet,,,,8,,,,,,,,,,,,,,False,,,,,,,,,,,,,,,,,,,,,,,,,,,,,,,,,,,,,,,,,,,,,ElasticNet,"{'mode': 'original', 'type': 'ElasticNet'}",8,"['l2_T6W30', 'l3_T6W30', 'lcc_T6W30', 'lsc_T6W30', 'atd_T6W30', 'density_T6W30', 'diameter_T6W30', 'asp_T6W30']",,,,,,,,,,,,,,,pruned,False,PRUNED
128,6.826420330691284,2026-06-20 17:32:04.155064,2026-06-20 17:34:30.049983,0 days 00:02:25.894919,249.0,,,,,,,,,,,,BaggingRegressor,,,,7,5.0,3.0,30.0,,ExtraTrees,,,,,,,,,False,-0.0674632490908187,-0.05785572903751336,398.0,-0.06265948906416603,0.004803760026652669,0.04880867063566244,1.9659423239762661,6.788873204022109,6.8639674573604585,398.0,6.826420330691284,0.037547126669174646,0.38149810330726347,1.9659423239762661,169669894573442.47,253424314889728.03,398.0,211547104731585.25,41877210158142.77,425493976886575.9,1.9659423239762661,17.61843366302234,17.920916720969768,398.0,17.769675191996054,0.15124152897371454,1.5366916609395755,1.9659423239762661,6.334950985264901,6.461699274923725,398.0,6.398325130094313,0.06337414482941192,0.6439138809252569,1.9659423239762661,399.0,0.9548872180451128,-0.1614462462768044,-0.1425348485378025,398.0,-0.15199054740730344,0.009455698869500963,0.0960747600194076,1.9659423239762661,BaggingRegressor,"{'mode': 'proxy', 'type': 'ExtraTrees', 'n_estimators': 30, 'max_depth': 5, 'min_samples_split': 3}",7,"['edges_T6W30', 'pe_T6W30', 'l2_T6W30', 'lsc_T6W30', 'atd_T6W30', 'diameter_T6W30', 'asp_T6W30']",-0.0322201546317802,-0.009491211512979577,398.0,-0.020855683072379887,0.01136447155940031,0.11546887151180933,1.9659423239762661,8.105859879605738,8.191867207162666,398.0,8.148863543384202,0.04300366377846422,0.4369393245799598,1.9659423239762661,completed,False,COMPLETE
129,0.0018952708323761959,2026-06-20 17:34:30.068854,2026-06-20 17:34:30.393846,0 days 00:00:00.324992,,,,0.3926090326437118,0.5,,,,,,,,ElasticNet,,,,6,,,,,,,,,,,,,,False,,,,,,,,,,,,,,,,,,,,,,,,,,,,,,,,,,,,,,,,,,,,,ElasticNet,"{'mode': 'original', 'type': 'ElasticNet'}",6,"['lcc_T6W30', 'lsc_T6W30', 'atd_T6W30', 'density_T6W30', 'diameter_T6W30', 'asp_T6W30']",,,,,,,,,,,,,,,pruned,False,PRUNED
130,0.0017826194867075192,2026-06-20 17:34:30.404024,2026-06-20 17:34:30.708405,0 days 00:00:00.304381,,,,0.3378791769471532,0.5,,,,,,,,ElasticNet,,,,7,,,,,,,,,,,,,,False,,,,,,,,,,,,,,,,,,,,,,,,,,,,,,,,,,,,,,,,,,,,,ElasticNet,"{'mode': 'original', 'type': 'ElasticNet'}",7,"['re_T6W30', 'lcc_T6W30', 'lsc_T6W30', 'atd_T6W30', 'density_T6W30', 'diameter_T6W30', 'asp_T6W30']",,,,,,,,,,,,,,,pruned,False,PRUNED
131,0.0018517883342677541,2026-06-20 17:34:30.718622,2026-06-20 17:34:31.041664,0 days 00:00:00.323042,,,,0.4078089018453268,0.5,,,,,,,,ElasticNet,,,,8,,,,,,,,,,,,,,False,,,,,,,,,,,,,,,,,,,,,,,,,,,,,,,,,,,,,,,,,,,,,ElasticNet,"{'mode': 'original', 'type': 'ElasticNet'}",8,"['l2_T6W30', 'l3_T6W30', 'lcc_T6W30', 'lsc_T6W30', 'atd_T6W30', 'density_T6W30', 'diameter_T6W30', 'asp_T6W30']",,,,,,,,,,,,,,,pruned,False,PRUNED
132,0.0018403077151900066,2026-06-20 17:34:31.051965,2026-06-20 17:34:31.374475,0 days 00:00:00.322510,,,,0.4144714952239903,0.5,,,,,,,,ElasticNet,,,,8,,,,,,,,,,,,,,False,,,,,,,,,,,,,,,,,,,,,,,,,,,,,,,,,,,,,,,,,,,,,ElasticNet,"{'mode': 'original', 'type': 'ElasticNet'}",8,"['l2_T6W30', 'l3_T6W30', 'lcc_T6W30', 'lsc_T6W30', 'atd_T6W30', 'density_T6W30', 'diameter_T6W30', 'asp_T6W30']",,,,,,,,,,,,,,,pruned,False,PRUNED
133,0.0017371034613508903,2026-06-20 17:34:31.384521,2026-06-20 17:34:31.675857,0 days 00:00:00.291336,,,,0.38474776072275946,0.5,,,,,,,,ElasticNet,,,,7,,,,,,,,,,,,,,False,,,,,,,,,,,,,,,,,,,,,,,,,,,,,,,,,,,,,,,,,,,,,ElasticNet,"{'mode': 'original', 'type': 'ElasticNet'}",7,"['re_T6W30', 'lcc_T6W30', 'lsc_T6W30', 'atd_T6W30', 'density_T6W30', 'diameter_T6W30', 'asp_T6W30']",,,,,,,,,,,,,,,pruned,False,PRUNED
134,0.0016511244641157204,2026-06-20 17:34:31.686584,2026-06-20 17:34:31.977859,0 days 00:00:00.291275,,,,0.47220617477387905,0.5,,,,,,,,ElasticNet,,,,8,,,,,,,,,,,,,,False,,,,,,,,,,,,,,,,,,,,,,,,,,,,,,,,,,,,,,,,,,,,,ElasticNet,"{'mode': 'original', 'type': 'ElasticNet'}",8,"['l2_T6W30', 'l3_T6W30', 'lcc_T6W30', 'lsc_T6W30', 'atd_T6W30', 'density_T6W30', 'diameter_T6W30', 'asp_T6W30']",,,,,,,,,,,,,,,pruned,False,PRUNED
135,6.73885252857828,2026-06-20 17:34:31.988043,2026-06-20 17:34:38.272423,0 days 00:00:06.284380,,,,,,,,,,,,,SVR,,,,7,,,,,,,,,0.12444095232246741,,14.17829706865303,scale,linear,,-0.050969790938120096,-0.04722755970344711,398.0,-0.0490986753207836,0.0018711156173364927,0.019011496282310927,1.9659423239762661,6.715785900853116,6.761919156303445,398.0,6.73885252857828,0.023066627725163893,0.2343687921683036,1.9659423239762661,232895755361585.62,345931071636081.4,398.0,289413413498833.5,56517658137247.88,574248452423652.5,1.9659423239762661,15.537538443195325,15.694727008297539,398.0,15.616132725746432,0.07859428255110754,0.798558302163199,1.9659423239762661,6.502155758009482,6.583290538441537,398.0,6.54272314822551,0.040567390216027364,0.41218553312751466,1.9659423239762661,399.0,0.9949874686716792,-0.06546188233500987,-0.05947194518029966,398.0,-0.062466913757654764,0.0029949685773551014,0.030430419930477737,1.9659423239762661,SVR,"{'mode': 'original', 'type': 'SVR'}",7,"['re_T6W30', 'l1_T6W30', 'l2_T6W30', 'lsc_T6W30', 'density_T6W30', 'diameter_T6W30', 'asp_T6W30']",0.034429991688925965,0.06211629696610142,398.0,0.048273144327513694,0.01384315263858773,0.14065354512865705,1.9659423239762661,7.80322488452681,7.860629922464514,398.0,7.831927403495662,0.02870251896885223,0.2916323436207849,1.9659423239762661,completed,True,COMPLETE
136,0.0017923083275407136,2026-06-20 17:34:38.291702,2026-06-20 17:34:38.576435,0 days 00:00:00.284733,,,,0.30734257645808083,0.5,,,,,,,,ElasticNet,,,,7,,,,,,,,,,,,,,False,,,,,,,,,,,,,,,,,,,,,,,,,,,,,,,,,,,,,,,,,,,,,ElasticNet,"{'mode': 'original', 'type': 'ElasticNet'}",7,"['re_T6W30', 'lcc_T6W30', 'lsc_T6W30', 'atd_T6W30', 'density_T6W30', 'diameter_T6W30', 'asp_T6W30']",,,,,,,,,,,,,,,pruned,False,PRUNED
137,-0.00685922922373638,2026-06-20 17:34:38.586493,2026-06-20 17:34:38.973970,0 days 00:00:00.387477,,,,0.3439105118696908,0.5,,,,,,,,ElasticNet,,,,8,,,,,,,,,,,,,,True,,,,,,,,,,,,,,,,,,,,,,,,,,,,,,,,,,,,,,,,,,,,,ElasticNet,"{'mode': 'original', 'type': 'ElasticNet'}",8,"['re_T6W30', 'l1_T6W30', 'l3_T6W30', 'lsc_T6W30', 'atd_T6W30', 'density_T6W30', 'diameter_T6W30', 'asp_T6W30']",,,,,,,,,,,,,,,pruned,True,PRUNED
