number,value,datetime_start,datetime_complete,duration,params_dt_max_depth,params_dt_min_samples_leaf,params_dt_min_samples_split,params_elastic_alpha,params_elastic_l1_ratio,params_et_max_depth,params_et_max_features,params_et_min_samples_leaf,params_et_min_samples_split,params_et_n_estimators,params_knn_metric,params_knn_n_neighbors,params_knn_weights,params_quantile_alpha,params_regressor,params_rf_max_depth,params_rf_max_features,params_rf_min_samples_leaf,params_rf_min_samples_split,params_rf_n_estimators,params_rfe_n_features,params_rfe_proxy_et_max_depth,params_rfe_proxy_et_min_samples_leaf,params_rfe_proxy_et_min_samples_split,params_rfe_proxy_et_n_estimators,params_rfe_proxy_lsvr_C,params_rfe_proxy_lsvr_epsilon,params_rfe_proxy_type,params_use_scaler,user_attrs_d2mae_ci_lower_val,user_attrs_d2mae_ci_upper_val,user_attrs_d2mae_df_val,user_attrs_d2mae_mean_val,user_attrs_d2mae_samperror_val,user_attrs_d2mae_std_val,user_attrs_d2mae_t_critical_val,user_attrs_mae_ci_lower_val,user_attrs_mae_ci_upper_val,user_attrs_mae_df_val,user_attrs_mae_mean_val,user_attrs_mae_samperror_val,user_attrs_mae_std_val,user_attrs_mae_t_critical_val,user_attrs_mape_ci_lower_val,user_attrs_mape_ci_upper_val,user_attrs_mape_df_val,user_attrs_mape_mean_val,user_attrs_mape_samperror_val,user_attrs_mape_std_val,user_attrs_mape_t_critical_val,user_attrs_max_error_ci_lower_val,user_attrs_max_error_ci_upper_val,user_attrs_max_error_df_val,user_attrs_max_error_mean_val,user_attrs_max_error_samperror_val,user_attrs_max_error_std_val,user_attrs_max_error_t_critical_val,user_attrs_median_ae_ci_lower_val,user_attrs_median_ae_ci_upper_val,user_attrs_median_ae_df_val,user_attrs_median_ae_mean_val,user_attrs_median_ae_samperror_val,user_attrs_median_ae_std_val,user_attrs_median_ae_t_critical_val,user_attrs_n_splits_val,user_attrs_r2_below_zero_val,user_attrs_r2_ci_lower_val,user_attrs_r2_ci_upper_val,user_attrs_r2_df_val,user_attrs_r2_mean_val,user_attrs_r2_samperror_val,user_attrs_r2_std_val,user_attrs_r2_t_critical_val,user_attrs_regressor_final,user_attrs_rfe_estimator,user_attrs_rfe_n_features,user_attrs_rfe_selected_features,user_attrs_rho_ci_lower_val,user_attrs_rho_ci_upper_val,user_attrs_rho_df_val,user_attrs_rho_mean_val,user_attrs_rho_samperror_val,user_attrs_rho_std_val,user_attrs_rho_t_critical_val,user_attrs_rmse_ci_lower_val,user_attrs_rmse_ci_upper_val,user_attrs_rmse_df_val,user_attrs_rmse_mean_val,user_attrs_rmse_samperror_val,user_attrs_rmse_std_val,user_attrs_rmse_t_critical_val,user_attrs_termination_reason,user_attrs_use_scaler_final,state
54,6.393120401222878,2026-06-12 06:45:33.613646,2026-06-12 06:45:36.173755,0 days 00:00:02.560109,,,,,,,,,,,,,,0.006297545141499611,QuantileRegressor,,,,,,7,,,,,,,,False,-0.0029806979313693124,0.008226167981438217,98.0,0.002622735025034452,0.0056034329564037645,0.028094919791324415,1.9844674545084815,6.336845941014566,6.449394861431189,98.0,6.393120401222878,0.05627446020831161,0.28215318326344024,1.9844674545084815,150327243961062.25,330882755715731.1,98.0,240604999838396.7,90277755877334.45,452641502102004.9,1.9844674545084815,17.19638360754277,17.8214840078952,98.0,17.508933807718986,0.31255020017621626,1.5670880463873356,1.9844674545084815,5.787995049363631,6.0016305912275305,98.0,5.894812820295581,0.10681777093194991,0.5355710918592371,1.9844674545084815,99.0,0.696969696969697,-0.045490021837231845,-0.02596792443554134,98.0,-0.035728973136386594,0.009761048700845255,0.048940690905573195,1.9844674545084815,QuantileRegressor,"{'mode': 'original', 'type': 'QuantileRegressor'}",7,"['nodes_T6W30', 'pe_T6W30', 'lsc_T6W30', 'atd_T6W30', 'density_T6W30', 'diameter_T6W30', 'asp_T6W30']",0.04833632432949071,0.09298680469322317,98.0,0.07066156451135694,0.022325240181866223,0.1119359930084954,1.9844674545084815,7.631285108424643,7.7604749531879955,98.0,7.695880030806319,0.06459492238167636,0.3238709514969801,1.9844674545084815,completed,False,COMPLETE
55,7.49607843137255,2026-06-12 06:45:36.186286,2026-06-12 06:45:36.397999,0 days 00:00:00.211713,,,,,,,,,,,euclidean,2.0,uniform,,KNeighborsRegressor,,,,,,6,2.0,1.0,2.0,20.0,,,ExtraTrees,,,,,,,,,,,,,,,,,,,,,,,,,,,,,,,,,,,,,,,,,,,,,,KNeighborsRegressor,"{'mode': 'proxy', 'type': 'ExtraTrees'}",6,"['nodes_T6W30', 're_T6W30', 'atd_T6W30', 'density_T6W30', 'diameter_T6W30', 'asp_T6W30']",,,,,,,,,,,,,,,pruned,True,PRUNED
56,6.3515797529617375,2026-06-12 06:45:36.407353,2026-06-12 06:45:38.624958,0 days 00:00:02.217605,,,,,,,,,,,,,,0.03208617982509056,QuantileRegressor,,,,,,8,,,,,,,,False,0.004925605789000428,0.013410821332536467,98.0,0.009168213560768447,0.004242607771768019,0.02127191062715434,1.9844674545084815,6.298680804851156,6.404478701072319,98.0,6.3515797529617375,0.05289894811058206,0.2652287831005049,1.9844674545084815,152564877208515.75,335802334164283.6,98.0,244183605686399.7,91618728477883.95,459364972865003.1,1.9844674545084815,17.217742824722365,17.803358895248046,98.0,17.510550859985205,0.29280803526284094,1.4681032732913168,1.9844674545084815,5.7821507074661,5.9759695120330605,98.0,5.87906010974958,0.09690940228348018,0.48589175695731857,1.9844674545084815,99.0,0.6363636363636364,-0.029397974326153348,-0.01390008619987293,98.0,-0.02164903026301314,0.00774894406314021,0.0388522471162224,1.9844674545084815,QuantileRegressor,"{'mode': 'original', 'type': 'QuantileRegressor'}",8,"['nodes_T6W30', 'l3_T6W30', 'lcc_T6W30', 'lsc_T6W30', 'atd_T6W30', 'density_T6W30', 'diameter_T6W30', 'asp_T6W30']",0.06933263472027291,0.11556784298285126,98.0,0.09245023885156209,0.023117604131289174,0.11590880784857194,1.9844674545084815,7.581678515310729,7.707527452214059,98.0,7.644602983762394,0.0629244684516652,0.31549550209945826,1.9844674545084815,completed,False,COMPLETE
57,6.43236284412755,2026-06-12 06:45:38.638307,2026-06-12 06:45:40.862271,0 days 00:00:02.223964,,,,,,,,,,,,,,0.25990247566103086,QuantileRegressor,,,,,,7,,,,,,,,True,-0.004618760704527799,-0.0023266854860824436,98.0,-0.0034727230953051215,0.001146037609222678,0.005746090826723593,1.9844674545084815,6.387146941252938,6.477578747002163,98.0,6.43236284412755,0.04521590287461224,0.22670694455311866,1.9844674545084815,159975467009718.8,352020212552703.8,98.0,255997839781211.3,96022372771492.52,481444300695108.6,1.9844674545084815,17.65307108337025,18.14490871460955,98.0,17.8989898989899,0.24591881561964796,1.2330065254221743,1.9844674545084815,5.956835168213341,6.06336685198868,98.0,6.01010101010101,0.05326584188766987,0.26706834312012434,1.9844674545084815,99.0,1.0,-0.03940786471611372,-0.03383770038410198,98.0,-0.03662278255010785,0.0027850821660058717,0.013964057511701019,1.9844674545084815,QuantileRegressor,"{'mode': 'original', 'type': 'QuantileRegressor'}",7,"['l3_T6W30', 'lcc_T6W30', 'lsc_T6W30', 'atd_T6W30', 'density_T6W30', 'diameter_T6W30', 'asp_T6W30']",,,,,,,,7.641821067877172,7.76254996760978,98.0,7.702185517743476,0.06036444986630419,0.3026598855444638,1.9844674545084815,completed,True,COMPLETE
58,6.493992769670243,2026-06-12 06:45:40.875027,2026-06-12 06:45:43.202454,0 days 00:00:02.327427,,,,,,11.0,log2,3.0,2.0,478.0,,,,,ExtraTreesRegressor,,,,,,8,,,,,,,,False,,,,,,,,,,,,,,,,,,,,,,,,,,,,,,,,,,,,,,,,,,,,,ExtraTreesRegressor,"{'mode': 'original', 'type': 'ExtraTreesRegressor'}",8,"['nodes_T6W30', 're_T6W30', 'l2_T6W30', 'lcc_T6W30', 'atd_T6W30', 'density_T6W30', 'diameter_T6W30', 'asp_T6W30']",,,,,,,,,,,,,,,pruned,False,PRUNED
59,6.3456676654186115,2026-06-12 06:45:43.211856,2026-06-12 06:45:45.344242,0 days 00:00:02.132386,,,,,,,,,,,,,,0.02888553223296155,QuantileRegressor,,,,,,6,,,,,,,,False,0.005594673000174059,0.014548007598274917,98.0,0.010071340299224489,0.0044766672990504295,0.02244545614765165,1.9844674545084815,6.2926110566087115,6.3987242742285115,98.0,6.3456676654186115,0.053056608809900103,0.2660192743468618,1.9844674545084815,152429966323882.0,335465676233125.44,98.0,243947821278503.72,91517854954621.7,458859205495754.56,1.9844674545084815,17.211345283177074,17.816622859793853,98.0,17.513984071485464,0.302638788308388,1.5173934531599487,1.9844674545084815,5.782111212663915,5.978112946628684,98.0,5.8801120796463,0.0980008669823845,0.4913642259614733,1.9844674545084815,99.0,0.5757575757575758,-0.029207676322723357,-0.013205843903083684,98.0,-0.02120676011290352,0.008000916209819837,0.040115604294882264,1.9844674545084815,QuantileRegressor,"{'mode': 'original', 'type': 'QuantileRegressor'}",6,"['nodes_T6W30', 'lsc_T6W30', 'atd_T6W30', 'density_T6W30', 'diameter_T6W30', 'asp_T6W30']",0.07096060807015823,0.1170587757564076,98.0,0.09400969191328291,0.023049083843124676,0.11556525559854279,1.9844674545084815,7.580015859165386,7.705425881962198,98.0,7.642720870563792,0.06270501139840631,0.3143951715776301,1.9844674545084815,completed,False,COMPLETE
60,6.43236284412755,2026-06-12 06:45:45.361181,2026-06-12 06:45:47.488686,0 days 00:00:02.127505,,,,,,,,,,,,,,0.7820995856992673,QuantileRegressor,,,,,,6,,,,,,,,False,-0.004618760704527799,-0.0023266854860824436,98.0,-0.0034727230953051215,0.001146037609222678,0.005746090826723593,1.9844674545084815,6.387146941252938,6.477578747002163,98.0,6.43236284412755,0.04521590287461224,0.22670694455311866,1.9844674545084815,159975467009718.8,352020212552703.8,98.0,255997839781211.3,96022372771492.52,481444300695108.6,1.9844674545084815,17.65307108337025,18.14490871460955,98.0,17.8989898989899,0.24591881561964796,1.2330065254221743,1.9844674545084815,5.956835168213341,6.06336685198868,98.0,6.01010101010101,0.05326584188766987,0.26706834312012434,1.9844674545084815,99.0,1.0,-0.03940786471611372,-0.03383770038410198,98.0,-0.03662278255010785,0.0027850821660058717,0.013964057511701019,1.9844674545084815,QuantileRegressor,"{'mode': 'original', 'type': 'QuantileRegressor'}",6,"['lcc_T6W30', 'lsc_T6W30', 'atd_T6W30', 'density_T6W30', 'diameter_T6W30', 'asp_T6W30']",,,,,,,,7.641821067877172,7.76254996760978,98.0,7.702185517743476,0.06036444986630419,0.3026598855444638,1.9844674545084815,completed,False,COMPLETE
61,6.3474922905126085,2026-06-12 06:45:47.500824,2026-06-12 06:45:49.742326,0 days 00:00:02.241502,,,,,,,,,,,,,,0.029300792923154278,QuantileRegressor,,,,,,7,,,,,,,,False,0.005364435184763462,0.014205565053872098,98.0,0.00978500011931778,0.004420564934554318,0.02216416583100378,1.9844674545084815,6.2946665114963825,6.400318069528835,98.0,6.3474922905126085,0.052825779016226405,0.26486192231121386,1.9844674545084815,152443242383959.38,335494693080968.56,98.0,243968967732463.97,91525725348504.58,458898666677245.6,1.9844674545084815,17.210020471112582,17.800418505845,98.0,17.50521948847879,0.29519901736620696,1.4800913618326086,1.9844674545084815,5.781044720440592,5.975415451800737,98.0,5.878230086120665,0.09718536568007279,0.48727540329572083,1.9844674545084815,99.0,0.6161616161616161,-0.02930435219245778,-0.01349492173831231,98.0,-0.021399636965385046,0.007904715227072735,0.03963326446586056,1.9844674545084815,QuantileRegressor,"{'mode': 'original', 'type': 'QuantileRegressor'}",7,"['nodes_T6W30', 'lcc_T6W30', 'lsc_T6W30', 'atd_T6W30', 'density_T6W30', 'diameter_T6W30', 'asp_T6W30']",0.06915361670082268,0.11517417633934887,98.0,0.09216389652008578,0.023010279819263093,0.11537069702231748,1.9844674545084815,7.580971412545696,7.705967730673268,98.0,7.643469571609482,0.062498159063785995,0.31335803955606023,1.9844674545084815,completed,False,COMPLETE
62,6.346168732844195,2026-06-12 06:45:49.754485,2026-06-12 06:45:52.008745,0 days 00:00:02.254260,,,,,,,,,,,,,,0.026540898057509477,QuantileRegressor,,,,,,4,,,,,,,,False,0.005462256313348167,0.014510170682017145,98.0,0.009986213497682656,0.004523957184334489,0.02268256178348838,1.9844674545084815,6.29315739576814,6.3991800699202495,98.0,6.346168732844195,0.05301133707605453,0.2657922874727256,1.9844674545084815,152357280674797.9,335301837231733.4,98.0,243829558953265.62,91472278278467.72,458630689678600.4,1.9844674545084815,17.201997085332508,17.80984670582751,98.0,17.50592189558001,0.30392481024749973,1.5238414081029872,1.9844674545084815,5.7784993154128115,5.973942290409995,98.0,5.876220802911403,0.0977214874985917,0.48996345178436285,1.9844674545084815,99.0,0.5858585858585859,-0.029313694000824467,-0.013222052876667839,98.0,-0.021267873438746154,0.008045820562078315,0.04034074916317975,1.9844674545084815,QuantileRegressor,"{'mode': 'original', 'type': 'QuantileRegressor'}",4,"['nodes_T6W30', 'lsc_T6W30', 'diameter_T6W30', 'asp_T6W30']",0.0715182136485651,0.11763894701281331,98.0,0.09457858033068921,0.02306036668212411,0.11562182635778515,1.9844674545084815,7.580361164187403,7.70539769310667,98.0,7.642879428647037,0.06251826445963354,0.31345884552413456,1.9844674545084815,completed,False,COMPLETE
63,6.407118446531682,2026-06-12 06:45:52.020966,2026-06-12 06:45:54.213448,0 days 00:00:02.192482,,,,,,,,,,,,,,0.004469458564677803,QuantileRegressor,,,,,,4,,,,,,,,False,-0.005283722586376299,0.006144525917937004,98.0,0.0004304016657803523,0.005714124252156652,0.0286499122575448,1.9844674545084815,6.350555162540697,6.4636817305226675,98.0,6.407118446531682,0.05656328399098538,0.2836013099870362,1.9844674545084815,149815760792835.75,329767031246955.25,98.0,239791396019895.5,89975635227059.75,451126706528860.7,1.9844674545084815,17.197303808608655,17.817703799962555,98.0,17.507503804285605,0.31019999567695056,1.5553044117094867,1.9844674545084815,5.812493611432172,6.030293927453425,98.0,5.9213937694427985,0.10890015801062602,0.54601192311484,1.9844674545084815,99.0,0.7171717171717171,-0.04919911897575852,-0.02935503598572229,98.0,-0.039277077480740406,0.009922041495018118,0.049747888863407,1.9844674545084815,QuantileRegressor,"{'mode': 'original', 'type': 'QuantileRegressor'}",4,"['nodes_T6W30', 'pe_T6W30', 'lsc_T6W30', 'diameter_T6W30']",0.04485017583429082,0.08825695746546613,98.0,0.06655356664987848,0.02170339081558766,0.1088181171984679,1.9844674545084815,7.643969925924722,7.774023834725057,98.0,7.708996880324889,0.06502695440016773,0.3260371066024726,1.9844674545084815,completed,False,COMPLETE
64,6.350132036204338,2026-06-12 06:45:54.226125,2026-06-12 06:45:56.371909,0 days 00:00:02.145784,,,,,,,,,,,,,,0.01949484708461481,QuantileRegressor,,,,,,4,,,,,,,,False,0.004491416345585403,0.014209601692076225,98.0,0.009350509018830814,0.0048590926732454106,0.02436288967416443,1.9844674545084815,6.296381241322812,6.4038828310858635,98.0,6.350132036204338,0.05375079488152614,0.2694998374506461,1.9844674545084815,151212752389422.3,332791735052238.0,98.0,242002243720830.16,90789491331407.84,455207280375507.4,1.9844674545084815,17.200659926491642,17.811209331249263,98.0,17.505934628870452,0.30527470237880866,1.530609600290015,1.9844674545084815,5.744822350390157,5.944705901017242,98.0,5.8447641257036995,0.09994177531354229,0.501095700275603,1.9844674545084815,99.0,0.5858585858585859,-0.03229905414024062,-0.01499374549649591,98.0,-0.023646399818368264,0.008652654321872354,0.043383338579476294,1.9844674545084815,QuantileRegressor,"{'mode': 'original', 'type': 'QuantileRegressor'}",4,"['nodes_T6W30', 'lsc_T6W30', 'diameter_T6W30', 'asp_T6W30']",0.06955137774777917,0.11614986351126763,98.0,0.0928506206295234,0.023299242881744234,0.11681952207764097,1.9844674545084815,7.588164671148181,7.7147782262955324,98.0,7.651471448721857,0.06330677757367545,0.3174123527518952,1.9844674545084815,completed,False,COMPLETE
65,6.413604049240894,2026-06-12 06:45:56.432412,2026-06-12 06:45:58.669768,0 days 00:00:02.237356,,,,,,,,,,,,,,0.0012413122782880283,QuantileRegressor,,,,,,3,,,,,,,,False,-0.006785839788663463,0.005756680150315252,98.0,-0.0005145798191741055,0.006271259969489357,0.03144332183576703,1.9844674545084815,6.352811325627686,6.474396772854103,98.0,6.413604049240894,0.060792723613208394,0.3048071971410544,1.9844674545084815,149658263400265.8,329415965295514.9,98.0,239537114347890.34,89878850947624.52,450641442122388.8,1.9844674545084815,17.469346922816776,18.101692471484952,98.0,17.785519697150864,0.31617277433408914,1.5852511851623339,1.9844674545084815,5.752414626583315,5.9756463386902805,98.0,5.864030482636798,0.11161585605348272,0.5596280972147408,1.9844674545084815,99.0,0.7676767676767676,-0.07039679033807204,-0.04260575078952415,98.0,-0.0565012705637981,0.013895519774273944,0.06967041750197722,1.9844674545084815,QuantileRegressor,"{'mode': 'original', 'type': 'QuantileRegressor'}",3,"['nodes_T6W30', 'pe_T6W30', 'l1_T6W30']",0.047135018774733396,0.09346534074507823,98.0,0.07030017975990581,0.023165160985172413,0.11614725203194534,1.9844674545084815,7.6984656400479095,7.841882856597269,98.0,7.770174248322589,0.07170860827467959,0.35953809271907644,1.9844674545084815,completed,False,COMPLETE
66,7.673660130718955,2026-06-12 06:45:58.682217,2026-06-12 06:45:58.812678,0 days 00:00:00.130461,20.0,3.0,10.0,,,,,,,,,,,,DecisionTreeRegressor,,,,,,5,,,,,,,,False,,,,,,,,,,,,,,,,,,,,,,,,,,,,,,,,,,,,,,,,,,,,,DecisionTreeRegressor,"{'mode': 'original', 'type': 'DecisionTreeRegressor'}",5,"['edges_T6W30', 'pe_T6W30', 'l3_T6W30', 'atd_T6W30', 'diameter_T6W30']",,,,,,,,,,,,,,,pruned,False,PRUNED
67,6.433110443607452,2026-06-12 06:45:58.822414,2026-06-12 06:46:01.046721,0 days 00:00:02.224307,,,,,,,,,,,,,,0.1105992985331585,QuantileRegressor,,,,,,6,,,,,,,,False,-0.004842014309039327,-0.002321714650888872,98.0,-0.0035818644799640994,0.0012601498290752274,0.006318235383267894,1.9844674545084815,6.387497099217659,6.478723787997246,98.0,6.433110443607452,0.04561334438979352,0.22869966715328816,1.9844674545084815,159547055748098.5,351095917388799.2,98.0,255321486568448.84,95774430820350.34,480201150418405.0,1.9844674545084815,17.593890788832443,18.097618510943956,98.0,17.8457546498882,0.2518638610557576,1.2628142479349238,1.9844674545084815,5.947714474982553,6.068395329483871,98.0,6.008054902233212,0.06034042725065923,0.3025394391208207,1.9844674545084815,99.0,0.98989898989899,-0.037767960011979115,-0.03165352018956134,98.0,-0.03471074010077023,0.003057219911208884,0.015328522507205749,1.9844674545084815,QuantileRegressor,"{'mode': 'original', 'type': 'QuantileRegressor'}",6,"['nodes_T6W30', 'lsc_T6W30', 'atd_T6W30', 'density_T6W30', 'diameter_T6W30', 'asp_T6W30']",-0.05327439485877828,0.048386539267961014,14.0,-0.002443927795408631,0.05083046706336965,0.09178794027647373,2.144786687917804,7.633871850174278,7.756566591613438,98.0,7.695219220893858,0.061347370719580054,0.307588129131718,1.9844674545084815,completed,False,COMPLETE
68,6.519117647058823,2026-06-12 06:46:01.059142,2026-06-12 06:46:01.412309,0 days 00:00:00.353167,,,,,,,,,,,minkowski,10.0,uniform,,KNeighborsRegressor,,,,,,5,,,,,0.20337510816305113,0.00014151372109186315,LinearSVR,,,,,,,,,,,,,,,,,,,,,,,,,,,,,,,,,,,,,,,,,,,,,,KNeighborsRegressor,"{'mode': 'proxy', 'type': 'LinearSVR'}",5,"['edges_T6W30', 'l1_T6W30', 'l2_T6W30', 'lsc_T6W30', 'density_T6W30']",,,,,,,,,,,,,,,pruned,True,PRUNED
69,6.37030532059118,2026-06-12 06:46:01.423369,2026-06-12 06:46:03.715561,0 days 00:00:02.292192,,,,,,,,,,,,,,0.010747672647013123,QuantileRegressor,,,,,,7,,,,,,,,False,0.0006952239683770426,0.011712728799946445,98.0,0.006203976384161743,0.0055087524157847005,0.027620203271079113,1.9844674545084815,6.313899831239163,6.426710809943198,98.0,6.37030532059118,0.05640548935201699,0.2828101471838386,1.9844674545084815,150753310740484.38,331803828209353.5,98.0,241278569474918.94,90525258734434.55,453882450815490.2,1.9844674545084815,17.17771662433469,17.79734160965089,98.0,17.48752911699279,0.30981249265809874,1.5533615195006854,1.9844674545084815,5.747841657638631,5.955002433088172,98.0,5.851422045363401,0.10358038772477027,0.5193392528692573,1.9844674545084815,99.0,0.6161616161616161,-0.039036121629126154,-0.019760543849569358,98.0,-0.029398332739347756,0.0096377888897784,0.04832268145808627,1.9844674545084815,QuantileRegressor,"{'mode': 'original', 'type': 'QuantileRegressor'}",7,"['nodes_T6W30', 'pe_T6W30', 'lsc_T6W30', 'atd_T6W30', 'density_T6W30', 'diameter_T6W30', 'asp_T6W30']",0.05944585568641393,0.10567975734293487,98.0,0.0825628065146744,0.023116950828260475,0.11590553226798882,1.9844674545084815,7.607531160408347,7.737443057216345,98.0,7.672487108812346,0.0649559484039988,0.32568109131995027,1.9844674545084815,completed,False,COMPLETE
70,6.343666640596893,2026-06-12 06:46:03.729169,2026-06-12 06:46:05.876626,0 days 00:00:02.147457,,,,,,,,,,,,,,0.037746263478598906,QuantileRegressor,,,,,,3,,,,,,,,False,0.0064263510453449035,0.014404053300702187,98.0,0.010415202173023545,0.003988851127678642,0.01999960619919484,1.9844674545084815,6.291269561867692,6.396063719326094,98.0,6.343666640596893,0.05239707872920093,0.2627124720952112,1.9844674545084815,153678341490882.2,338202197948467.8,98.0,245940269719675.0,92261928228792.81,462589896862877.06,1.9844674545084815,17.251560854129792,17.83814969881645,98.0,17.544855276473122,0.2932944223433298,1.4705419579548415,1.9844674545084815,5.785417584788402,5.9770378480555,98.0,5.881227716421951,0.0958101316335484,0.48038014988017924,1.9844674545084815,99.0,0.6262626262626263,-0.02721904183536972,-0.012278018754530756,98.0,-0.019748530294950238,0.007470511540419483,0.03745622088480383,1.9844674545084815,QuantileRegressor,"{'mode': 'original', 'type': 'QuantileRegressor'}",3,"['nodes_T6W30', 'diameter_T6W30', 'asp_T6W30']",0.07518744387554868,0.1217162336349441,98.0,0.09845183875524639,0.023264394879697718,0.11664479850550187,1.9844674545084815,7.574948490997402,7.70032449947562,98.0,7.637636495236511,0.06268800423910935,0.31430989978441976,1.9844674545084815,completed,False,COMPLETE
