number,value,datetime_start,datetime_complete,duration,params_bag_n_estimators,params_dt_max_depth,params_dt_min_samples_split,params_elastic_alpha,params_elastic_l1_ratio,params_et_max_depth,params_et_min_samples_split,params_et_n_estimators,params_gpr_alpha,params_knn_metric,params_knn_n_neighbors,params_knn_weights,params_regressor,params_rf_max_depth,params_rf_min_samples_split,params_rf_n_estimators,params_rfe_n_features,params_rfe_proxy_et_max_depth,params_rfe_proxy_et_min_samples_split,params_rfe_proxy_et_n_estimators,params_rfe_proxy_svc_C,params_rfe_proxy_type,params_ridge_alpha,params_ridge_solver,params_stack_final_estimator,params_svr_C,params_svr_degree,params_svr_epsilon,params_svr_gamma,params_svr_kernel,params_use_scaler,user_attrs_d2mae_ci_lower_val,user_attrs_d2mae_ci_upper_val,user_attrs_d2mae_df_val,user_attrs_d2mae_mean_val,user_attrs_d2mae_samperror_val,user_attrs_d2mae_std_val,user_attrs_d2mae_t_critical_val,user_attrs_mae_ci_lower_val,user_attrs_mae_ci_upper_val,user_attrs_mae_df_val,user_attrs_mae_mean_val,user_attrs_mae_samperror_val,user_attrs_mae_std_val,user_attrs_mae_t_critical_val,user_attrs_mape_ci_lower_val,user_attrs_mape_ci_upper_val,user_attrs_mape_df_val,user_attrs_mape_mean_val,user_attrs_mape_samperror_val,user_attrs_mape_std_val,user_attrs_mape_t_critical_val,user_attrs_max_error_ci_lower_val,user_attrs_max_error_ci_upper_val,user_attrs_max_error_df_val,user_attrs_max_error_mean_val,user_attrs_max_error_samperror_val,user_attrs_max_error_std_val,user_attrs_max_error_t_critical_val,user_attrs_median_ae_ci_lower_val,user_attrs_median_ae_ci_upper_val,user_attrs_median_ae_df_val,user_attrs_median_ae_mean_val,user_attrs_median_ae_samperror_val,user_attrs_median_ae_std_val,user_attrs_median_ae_t_critical_val,user_attrs_n_splits_val,user_attrs_r2_below_zero_val,user_attrs_r2_ci_lower_val,user_attrs_r2_ci_upper_val,user_attrs_r2_df_val,user_attrs_r2_mean_val,user_attrs_r2_samperror_val,user_attrs_r2_std_val,user_attrs_r2_t_critical_val,user_attrs_regressor_final,user_attrs_rfe_clf,user_attrs_rfe_n_features,user_attrs_rfe_selected_features,user_attrs_rho_ci_lower_val,user_attrs_rho_ci_upper_val,user_attrs_rho_df_val,user_attrs_rho_mean_val,user_attrs_rho_samperror_val,user_attrs_rho_std_val,user_attrs_rho_t_critical_val,user_attrs_rmse_ci_lower_val,user_attrs_rmse_ci_upper_val,user_attrs_rmse_df_val,user_attrs_rmse_mean_val,user_attrs_rmse_samperror_val,user_attrs_rmse_std_val,user_attrs_rmse_t_critical_val,user_attrs_termination_reason,user_attrs_use_scaler_final,state
138,6.748977234981999,2026-06-20 17:34:38.983863,2026-06-20 17:34:45.708677,0 days 00:00:06.724814,,,,,,,,,,manhattan,10.0,distance,KNeighborsRegressor,,,,7,,,,0.016092229830646697,LinearSVC,,,,,,0.265032045992391,,,,-0.0547612270808133,-0.04634404783953996,398.0,-0.05055263746017663,0.004208589620636671,0.04276143343851826,1.9659423239762661,6.714063158724029,6.7838913112399695,398.0,6.748977234981999,0.034914076257970716,0.35474495794311006,1.9659423239762661,206087369308066.62,307511820152025.2,398.0,256799594730045.9,50712225421979.27,515262272488579.6,1.9659423239762661,17.919828455256464,18.270254924057717,398.0,18.09504168965709,0.17521323440062747,1.7802565076982941,1.9659423239762661,6.269037183151521,6.380732890000465,398.0,6.324885036575993,0.05584785342447235,0.5674428923135119,1.9659423239762661,399.0,0.9423558897243107,-0.13200775990400523,-0.11681210206536179,398.0,-0.1244099309846835,0.007597828919321718,0.0771978465226731,1.9659423239762661,KNeighborsRegressor,"{'mode': 'proxy', 'type': 'LinearSVC', 'C': 0.016092229830646697, 'epsilon': 0.265032045992391}",7,"['pe_T6W30', 'l1_T6W30', 'l3_T6W30', 'lcc_T6W30', 'lsc_T6W30', 'diameter_T6W30', 'asp_T6W30']",-0.07635967104599287,-0.05166739799221429,398.0,-0.06401353451910358,0.012346136526889293,0.12544309208213308,1.9659423239762661,8.013363763803314,8.09555581499252,398.0,8.054459789397917,0.041096025594604,0.41755674025196476,1.9659423239762661,completed,True,COMPLETE
139,14.455747211165168,2026-06-20 17:34:45.727244,2026-06-20 17:36:00.338490,0 days 00:01:14.611246,,,,,,,,,2.1993044464229164e-06,,,,GaussianProcessRegressor,,,,6,,,,0.266943529011727,LinearSVC,,,,,,0.006734204256217315,,,,-1.2597395888433578,-1.2449882114477484,398.0,-1.252363900145553,0.00737568869780476,0.0749407877089943,1.9659423239762661,14.43132470162121,14.480169720709126,398.0,14.455747211165168,0.024422509543957725,0.24814524826669562,1.9659423239762661,0.9952422435180761,0.9967966773134143,398.0,0.9960194604157452,0.0007772168976690568,0.00789692311029824,1.9659423239762661,30.752745432105396,31.006653064135204,398.0,30.8796992481203,0.12695381601490524,1.2899160152531126,1.9659423239762661,13.313129164062277,13.468825723155769,398.0,13.390977443609023,0.07784827954674532,0.7909785282504497,1.9659423239762661,399.0,1.0,-3.659307295446861,-3.6053490469546707,398.0,-3.632328171200766,0.026979124246094943,0.2741217675446288,1.9659423239762661,GaussianProcessRegressor,"{'mode': 'proxy', 'type': 'LinearSVC', 'C': 0.266943529011727, 'epsilon': 0.006734204256217315}",6,"['l1_T6W30', 'l2_T6W30', 'l3_T6W30', 'lsc_T6W30', 'diameter_T6W30', 'asp_T6W30']",,,,,,,,16.304941082481548,16.362932683280448,398.0,16.333936882880998,0.02899580039945164,0.2946122336798762,1.9659423239762661,completed,True,COMPLETE
140,-0.008121809375193665,2026-06-20 17:36:00.375233,2026-06-20 17:36:01.117910,0 days 00:00:00.742677,,,,0.937859699281494,1.0,,,,,,,,ElasticNet,,,,8,,,,,,,,,,,,,,False,,,,,,,,,,,,,,,,,,,,,,,,,,,,,,,,,,,,,,,,,,,,,ElasticNet,"{'mode': 'original', 'type': 'ElasticNet'}",8,"['l2_T6W30', 'l3_T6W30', 'lcc_T6W30', 'lsc_T6W30', 'atd_T6W30', 'density_T6W30', 'diameter_T6W30', 'asp_T6W30']",,,,,,,,,,,,,,,pruned,False,PRUNED
141,0.0018401308288911295,2026-06-20 17:36:01.128429,2026-06-20 17:36:01.468394,0 days 00:00:00.339965,,,,0.414571444871011,0.5,,,,,,,,ElasticNet,,,,8,,,,,,,,,,,,,,False,,,,,,,,,,,,,,,,,,,,,,,,,,,,,,,,,,,,,,,,,,,,,ElasticNet,"{'mode': 'original', 'type': 'ElasticNet'}",8,"['l2_T6W30', 'l3_T6W30', 'lcc_T6W30', 'lsc_T6W30', 'atd_T6W30', 'density_T6W30', 'diameter_T6W30', 'asp_T6W30']",,,,,,,,,,,,,,,pruned,False,PRUNED
142,0.001735927658593089,2026-06-20 17:36:01.546051,2026-06-20 17:36:01.833271,0 days 00:00:00.287220,,,,0.38578961837516984,0.5,,,,,,,,ElasticNet,,,,7,,,,,,,,,,,,,,False,,,,,,,,,,,,,,,,,,,,,,,,,,,,,,,,,,,,,,,,,,,,,ElasticNet,"{'mode': 'original', 'type': 'ElasticNet'}",7,"['re_T6W30', 'lcc_T6W30', 'lsc_T6W30', 'atd_T6W30', 'density_T6W30', 'diameter_T6W30', 'asp_T6W30']",,,,,,,,,,,,,,,pruned,False,PRUNED
143,7.775519871695589,2026-06-20 17:36:01.843093,2026-06-20 17:36:08.411945,0 days 00:00:06.568852,,12.0,19.0,,,,,,,,,,DecisionTreeRegressor,,,,7,,,,,,,,,,,,,,False,-0.22007164177992009,-0.201536937426637,398.0,-0.21080428960327854,0.00926735217664154,0.09416106082417579,1.9659423239762661,7.714541234764468,7.836498508626709,398.0,7.775519871695589,0.06097863693112082,0.619574289570963,1.9659423239762661,162219708660990.2,250911330221475.7,398.0,206565519441232.94,44345810780242.75,450576227878832.0,1.9659423239762661,21.265239713748606,21.753377564306483,398.0,21.509308639027545,0.2440689252789387,2.4798657135753626,1.9659423239762661,6.730597385349951,6.927176922134166,398.0,6.828887153742058,0.09828976839210783,0.9986745602795712,1.9659423239762661,399.0,1.0,-0.591122606087616,-0.5473629008255756,398.0,-0.5692427534565958,0.021879852631020217,0.2223105473002666,1.9659423239762661,DecisionTreeRegressor,"{'mode': 'original', 'type': 'DecisionTreeRegressor'}",7,"['edges_T6W30', 're_T6W30', 'pe_T6W30', 'l1_T6W30', 'lsc_T6W30', 'atd_T6W30', 'density_T6W30']",-0.04406502117889082,-0.019375669584085257,398.0,-0.03172034538148804,0.01234467579740278,0.125428250319847,1.9659423239762661,9.424223533368227,9.558522206070847,398.0,9.491372869719537,0.06714933635131036,0.6822717669471535,1.9659423239762661,completed,False,COMPLETE
144,0.0010147876928516002,2026-06-20 17:36:08.430397,2026-06-20 17:36:08.745143,0 days 00:00:00.314746,,,,0.27982163802566495,0.5,,,,,,,,ElasticNet,,,,4,,,,,,,,,,,,,,False,,,,,,,,,,,,,,,,,,,,,,,,,,,,,,,,,,,,,,,,,,,,,ElasticNet,"{'mode': 'original', 'type': 'ElasticNet'}",4,"['re_T6W30', 'pe_T6W30', 'lsc_T6W30', 'diameter_T6W30']",,,,,,,,,,,,,,,pruned,False,PRUNED
145,6.513874361983821,2026-06-20 17:36:08.755375,2026-06-20 17:36:28.095785,0 days 00:00:19.340410,,,,,,,,,,,,,StackingRegressor,,,,8,8.0,6.0,60.0,,ExtraTrees,,,LinearRegression,,,,,,False,-0.016253022716135657,-0.011766993333353803,398.0,-0.01401000802474473,0.002243014691390928,0.022790182002354952,1.9659423239762661,6.488937144173544,6.538811579794098,398.0,6.513874361983821,0.024937217810277322,0.25337494877314487,1.9659423239762661,207588171001840.6,308452483656694.75,398.0,258020327329267.7,50432156327427.09,512416626553857.25,1.9659423239762661,16.353081214974125,16.612881024151,398.0,16.482981119562563,0.12989990458843872,1.3198497892241832,1.9659423239762661,6.230809510999674,6.307120829111798,398.0,6.268965170055736,0.03815565905606168,0.38768110509709247,1.9659423239762661,399.0,0.6040100250626567,-0.012729268200625456,-0.006290598019813464,398.0,-0.00950993311021946,0.0032193350904059963,0.03271009901028473,1.9659423239762661,StackingRegressor,"{'mode': 'proxy', 'type': 'ExtraTrees', 'n_estimators': 60, 'max_depth': 8, 'min_samples_split': 6}",8,"['edges_T6W30', 'pe_T6W30', 'l1_T6W30', 'l2_T6W30', 'l3_T6W30', 'lsc_T6W30', 'diameter_T6W30', 'asp_T6W30']",0.004618027617974661,0.031584524402054455,398.0,0.018101276010014558,0.013483248392039897,0.13699673302050308,1.9659423239762661,7.603864083823543,7.666404095446643,398.0,7.635134089635093,0.03127000581154956,0.3177193294342566,1.9659423239762661,completed,False,COMPLETE
146,0.004813638717097533,2026-06-20 17:36:28.113909,2026-06-20 17:36:28.420691,0 days 00:00:00.306782,,,,0.34487935005640125,0.5,,,,,,,,ElasticNet,,,,7,,,,,,,,,,,,,,False,,,,,,,,,,,,,,,,,,,,,,,,,,,,,,,,,,,,,,,,,,,,,ElasticNet,"{'mode': 'original', 'type': 'ElasticNet'}",7,"['re_T6W30', 'lcc_T6W30', 'lsc_T6W30', 'atd_T6W30', 'density_T6W30', 'diameter_T6W30', 'asp_T6W30']",,,,,,,,,,,,,,,pruned,False,PRUNED
147,0.004599413951498689,2026-06-20 17:36:28.430780,2026-06-20 17:36:28.687701,0 days 00:00:00.256921,,,,0.45326596288065096,0.5,,,,,,,,ElasticNet,,,,8,,,,,,,,,,,,,,False,,,,,,,,,,,,,,,,,,,,,,,,,,,,,,,,,,,,,,,,,,,,,ElasticNet,"{'mode': 'original', 'type': 'ElasticNet'}",8,"['l2_T6W30', 'l3_T6W30', 'lcc_T6W30', 'lsc_T6W30', 'atd_T6W30', 'density_T6W30', 'diameter_T6W30', 'asp_T6W30']",,,,,,,,,,,,,,,pruned,False,PRUNED
148,0.00479936226389842,2026-06-20 17:36:28.697993,2026-06-20 17:36:28.996384,0 days 00:00:00.298391,,,,0.40484658015971675,0.5,,,,,,,,ElasticNet,,,,7,,,,,,,,,,,,,,False,,,,,,,,,,,,,,,,,,,,,,,,,,,,,,,,,,,,,,,,,,,,,ElasticNet,"{'mode': 'original', 'type': 'ElasticNet'}",7,"['l3_T6W30', 'lcc_T6W30', 'lsc_T6W30', 'atd_T6W30', 'density_T6W30', 'diameter_T6W30', 'asp_T6W30']",,,,,,,,,,,,,,,pruned,False,PRUNED
149,6.704910830694849,2026-06-20 17:36:29.006502,2026-06-20 17:37:07.056442,0 days 00:00:38.049940,,,,,,,,,,,,,RandomForestRegressor,5.0,5.0,82.0,7,,,,,,,,,,,,,,False,-0.04764383906131495,-0.03967308030997269,398.0,-0.04365845968564382,0.003985379375671128,0.04049350263669171,1.9659423239762661,6.6707376304312325,6.739084030958465,398.0,6.704910830694849,0.03417320026361679,0.3472172770869355,1.9659423239762661,188628933794174.44,281128479025136.56,398.0,234878706409655.5,46249772615481.08,469921458615466.9,1.9659423239762661,17.530502824825074,17.814920943339157,398.0,17.672711884082116,0.1422090592570424,1.4449171266202905,1.9659423239762661,6.319871239250393,6.423378697694531,398.0,6.371624968472462,0.05175372922206916,0.5258444863507071,1.9659423239762661,399.0,0.9348370927318296,-0.1143962444778489,-0.09890934443726308,398.0,-0.10665279445755599,0.0077434500202929095,0.07867743174663736,1.9659423239762661,RandomForestRegressor,"{'mode': 'original', 'type': 'RandomForestRegressor'}",7,"['pe_T6W30', 'l1_T6W30', 'l2_T6W30', 'l3_T6W30', 'lsc_T6W30', 'atd_T6W30', 'diameter_T6W30']",-0.05291475462912989,-0.02957895337864127,398.0,-0.04124685400388558,0.011667900625244308,0.11855186676009326,1.9659423239762661,7.94927476942919,8.030906156482455,398.0,7.9900904629558225,0.04081569352663316,0.4147084223721607,1.9659423239762661,completed,False,COMPLETE
150,0.0038297957014647344,2026-06-20 17:37:07.075616,2026-06-20 17:37:07.448745,0 days 00:00:00.373129,,,,0.3173952250300606,0.5,,,,,,,,ElasticNet,,,,8,,,,,,,,,,,,,,False,,,,,,,,,,,,,,,,,,,,,,,,,,,,,,,,,,,,,,,,,,,,,ElasticNet,"{'mode': 'original', 'type': 'ElasticNet'}",8,"['re_T6W30', 'l3_T6W30', 'lcc_T6W30', 'lsc_T6W30', 'atd_T6W30', 'density_T6W30', 'diameter_T6W30', 'asp_T6W30']",,,,,,,,,,,,,,,pruned,False,PRUNED
151,0.004638838615894043,2026-06-20 17:37:07.460673,2026-06-20 17:37:07.709885,0 days 00:00:00.249212,,,,0.37364701424805197,0.5,,,,,,,,ElasticNet,,,,9,,,,,,,,,,,,,,False,,,,,,,,,,,,,,,,,,,,,,,,,,,,,,,,,,,,,,,,,,,,,ElasticNet,"{'mode': 'original', 'type': 'ElasticNet'}",9,"['re_T6W30', 'l2_T6W30', 'l3_T6W30', 'lcc_T6W30', 'lsc_T6W30', 'atd_T6W30', 'density_T6W30', 'diameter_T6W30', 'asp_T6W30']",,,,,,,,,,,,,,,pruned,False,PRUNED
152,0.004809361066459579,2026-06-20 17:37:07.719797,2026-06-20 17:37:08.027300,0 days 00:00:00.307503,,,,0.39500001616502745,0.5,,,,,,,,ElasticNet,,,,7,,,,,,,,,,,,,,False,,,,,,,,,,,,,,,,,,,,,,,,,,,,,,,,,,,,,,,,,,,,,ElasticNet,"{'mode': 'original', 'type': 'ElasticNet'}",7,"['l3_T6W30', 'lcc_T6W30', 'lsc_T6W30', 'atd_T6W30', 'density_T6W30', 'diameter_T6W30', 'asp_T6W30']",,,,,,,,,,,,,,,pruned,False,PRUNED
153,0.004711917397903609,2026-06-20 17:37:08.037057,2026-06-20 17:37:08.364714,0 days 00:00:00.327657,,,,0.42795181534494964,0.5,,,,,,,,ElasticNet,,,,7,,,,,,,,,,,,,,False,,,,,,,,,,,,,,,,,,,,,,,,,,,,,,,,,,,,,,,,,,,,,ElasticNet,"{'mode': 'original', 'type': 'ElasticNet'}",7,"['l3_T6W30', 'lcc_T6W30', 'lsc_T6W30', 'atd_T6W30', 'density_T6W30', 'diameter_T6W30', 'asp_T6W30']",,,,,,,,,,,,,,,pruned,False,PRUNED
154,-0.00037555832262585974,2026-06-20 17:37:08.375197,2026-06-20 17:37:08.668471,0 days 00:00:00.293274,,,,0.3566314950969387,0.0,,,,,,,,ElasticNet,,,,7,,,,,,,,,,,,,,False,,,,,,,,,,,,,,,,,,,,,,,,,,,,,,,,,,,,,,,,,,,,,ElasticNet,"{'mode': 'original', 'type': 'ElasticNet'}",7,"['nodes_T6W30', 're_T6W30', 'pe_T6W30', 'l1_T6W30', 'l3_T6W30', 'lsc_T6W30', 'diameter_T6W30']",,,,,,,,,,,,,,,pruned,False,PRUNED
155,6.8734261866047754,2026-06-20 17:37:08.681828,2026-06-20 17:39:21.466597,0 days 00:02:12.784769,,,,,,15.0,3.0,474.0,,,,,ExtraTreesRegressor,,,,8,,,,,,,,,,,,,,False,-0.0749326660958087,-0.06500239063818566,398.0,-0.06996752836699718,0.004965137728811518,0.05044835102537995,1.9659423239762661,6.8349666498563115,6.911885723353239,398.0,6.8734261866047754,0.03845953674846401,0.39076865862176874,1.9659423239762661,210290592716364.0,313794929413109.3,398.0,262042761064736.66,51752168348372.66,525828627071781.06,1.9659423239762661,17.85333478362504,18.171051955682184,398.0,18.012193369653613,0.1588585860285705,1.6140848752010664,1.9659423239762661,6.449687674412429,6.5604694388581635,398.0,6.505078556635296,0.05539088222286746,0.562799830056995,1.9659423239762661,399.0,0.9774436090225563,-0.1810792608598804,-0.16132386887439887,398.0,-0.17120156486713964,0.009877695992740758,0.10036246766573657,1.9659423239762661,ExtraTreesRegressor,"{'mode': 'original', 'type': 'ExtraTreesRegressor'}",8,"['pe_T6W30', 'l1_T6W30', 'l2_T6W30', 'l3_T6W30', 'lsc_T6W30', 'atd_T6W30', 'diameter_T6W30', 'asp_T6W30']",-0.057868879338477244,-0.03473328634162254,398.0,-0.04630108284004989,0.01156779649842735,0.11753475738577589,1.9659423239762661,8.172025966024979,8.261604450962313,398.0,8.216815208493646,0.04478924246866745,0.4550817217231651,1.9659423239762661,completed,False,COMPLETE
156,6.566406203685468,2026-06-20 17:39:21.486527,2026-06-20 17:39:27.961083,0 days 00:00:06.474556,,,,,,,,,,,,,LinearRegression,,,,6,,,,,,,,,,,,,,False,-0.02480818337234523,-0.019395024328496005,398.0,-0.022101603850420617,0.00270657952192461,0.02750023891740891,1.9659423239762661,6.538274499168697,6.5945379082022395,398.0,6.566406203685468,0.0281317045167712,0.28583257543271556,1.9659423239762661,206587054911627.5,306919351093499.6,398.0,256753203002563.56,50166148090936.06,509713846163240.9,1.9659423239762661,16.440979300400514,16.70308713362484,398.0,16.572033217012677,0.13105391661216328,1.331575144459052,1.9659423239762661,6.190938722810904,6.275472596448514,398.0,6.233205659629709,0.0422669368188057,0.4294538000485768,1.9659423239762661,399.0,0.7844611528822055,-0.048911430090017444,-0.038248909859116484,398.0,-0.043580169974566964,0.005331260115450483,0.05416834263250775,1.9659423239762661,LinearRegression,"{'mode': 'original', 'type': 'LinearRegression'}",6,"['re_T6W30', 'pe_T6W30', 'l2_T6W30', 'atd_T6W30', 'density_T6W30', 'asp_T6W30']",-0.0010914364648448218,0.021509664925520346,398.0,0.010209114230337763,0.011300550695182585,0.11481940268092689,1.9659423239762661,7.72645170693755,7.7957861910492,398.0,7.761118948993375,0.03466724205582512,0.3522369955954289,1.9659423239762661,completed,False,COMPLETE
157,0.0015545789958699486,2026-06-20 17:39:27.978915,2026-06-20 17:39:28.396765,0 days 00:00:00.417850,,,,0.8409198192387037,0.5,,,,,,,,ElasticNet,,,,7,,,,,,,,,,,,,,False,,,,,,,,,,,,,,,,,,,,,,,,,,,,,,,,,,,,,,,,,,,,,ElasticNet,"{'mode': 'original', 'type': 'ElasticNet'}",7,"['l3_T6W30', 'lcc_T6W30', 'lsc_T6W30', 'atd_T6W30', 'density_T6W30', 'diameter_T6W30', 'asp_T6W30']",,,,,,,,,,,,,,,pruned,False,PRUNED
158,6.5415621222425075,2026-06-20 17:39:28.406828,2026-06-20 17:39:35.009077,0 days 00:00:06.602249,,,,,,,,,,,,,Ridge,,,,9,,,,,,0.9390546666712636,lsqr,,,,,,,False,-0.021086867152157785,-0.015408424896203355,398.0,-0.01824764602418057,0.002839221127977216,0.02884794580253367,1.9659423239762661,6.513081812623943,6.570042431861072,398.0,6.5415621222425075,0.028480309618564587,0.289374582423269,1.9659423239762661,199367503723948.62,296206718736899.8,398.0,247787111230424.22,48419607506475.6,491968096236979.7,1.9659423239762661,16.56377527718185,16.785237085927083,398.0,16.674506181554467,0.11073090437261662,1.1250828956329242,1.9659423239762661,6.051456606013492,6.138748705177115,398.0,6.095102655595303,0.04364604958181153,0.4434662944790894,1.9659423239762661,399.0,0.7518796992481203,-0.04586278115759201,-0.03512747594624543,398.0,-0.04049512855191872,0.005367652605673287,0.05453810903612515,1.9659423239762661,Ridge,"{'mode': 'original', 'type': 'Ridge'}",9,"['nodes_T6W30', 're_T6W30', 'l2_T6W30', 'l3_T6W30', 'lcc_T6W30', 'lsc_T6W30', 'atd_T6W30', 'diameter_T6W30', 'asp_T6W30']",0.0048123966359029345,0.029335163443665827,398.0,0.01707378003978438,0.012261383403881446,0.12458195679575695,1.9659423239762661,7.714917878251328,7.784117855235414,398.0,7.749517866743371,0.03459998849204304,0.3515536648242202,1.9659423239762661,completed,False,COMPLETE
159,-0.006646783444968353,2026-06-20 17:39:35.041943,2026-06-20 17:39:35.363711,0 days 00:00:00.321768,,,,0.32617752947374196,0.5,,,,,,,,ElasticNet,,,,12,,,,,,,,,,,,,,True,,,,,,,,,,,,,,,,,,,,,,,,,,,,,,,,,,,,,,,,,,,,,ElasticNet,"{'mode': 'original', 'type': 'ElasticNet'}",12,"['edges_T6W30', 're_T6W30', 'pe_T6W30', 'l1_T6W30', 'l2_T6W30', 'l3_T6W30', 'lcc_T6W30', 'lsc_T6W30', 'atd_T6W30', 'density_T6W30', 'diameter_T6W30', 'asp_T6W30']",,,,,,,,,,,,,,,pruned,True,PRUNED
160,6.850280730581605,2026-06-20 17:39:35.373702,2026-06-20 17:43:45.041384,0 days 00:04:09.667682,433.0,,,,,,,,,,,,BaggingRegressor,,,,7,,,,2.4926452442210305,LinearSVC,,,,,,0.019125684391234958,,,False,-0.07089643408219916,-0.06187331831488481,398.0,-0.06638487619854198,0.004511557883657171,0.04583974669329807,1.9659423239762661,6.8144190234355335,6.886142437727676,398.0,6.850280730581605,0.03586170714607091,0.3643733747759326,1.9659423239762661,197418056113835.0,294653088335033.9,398.0,246035572224434.44,48617516110599.445,493978949364748.25,1.9659423239762661,17.97843797672681,18.30028423295444,398.0,18.139361104840624,0.16092312811381415,1.6350616838037093,1.9659423239762661,6.374909963823701,6.487720052325217,398.0,6.431315008074459,0.056405044250758575,0.5731042374620053,1.9659423239762661,399.0,0.974937343358396,-0.16780446179742692,-0.14989519350449493,398.0,-0.15884982765096092,0.008954634146465988,0.09098368492446679,1.9659423239762661,BaggingRegressor,"{'mode': 'proxy', 'type': 'LinearSVC', 'C': 2.4926452442210305, 'epsilon': 0.019125684391234958}",7,"['nodes_T6W30', 'pe_T6W30', 'l1_T6W30', 'l2_T6W30', 'l3_T6W30', 'lsc_T6W30', 'diameter_T6W30']",-0.08440408556862497,-0.06191726755131788,398.0,-0.07316067655997142,0.011243409008653543,0.1142388137793398,1.9659423239762661,8.13188596422591,8.21761019347551,398.0,8.17474807885071,0.042862114624799226,0.43550111243329565,1.9659423239762661,completed,False,COMPLETE
161,0.003929956993357749,2026-06-20 17:43:45.059859,2026-06-20 17:43:45.295837,0 days 00:00:00.235978,,,,0.3737968024917331,0.5,,,,,,,,ElasticNet,,,,9,,,,,,,,,,,,,,False,,,,,,,,,,,,,,,,,,,,,,,,,,,,,,,,,,,,,,,,,,,,,ElasticNet,"{'mode': 'original', 'type': 'ElasticNet'}",9,"['re_T6W30', 'l2_T6W30', 'l3_T6W30', 'lcc_T6W30', 'lsc_T6W30', 'atd_T6W30', 'density_T6W30', 'diameter_T6W30', 'asp_T6W30']",,,,,,,,,,,,,,,pruned,False,PRUNED
162,0.003938917496949679,2026-06-20 17:43:45.305830,2026-06-20 17:43:45.541500,0 days 00:00:00.235670,,,,0.389573937941014,0.5,,,,,,,,ElasticNet,,,,9,,,,,,,,,,,,,,False,,,,,,,,,,,,,,,,,,,,,,,,,,,,,,,,,,,,,,,,,,,,,ElasticNet,"{'mode': 'original', 'type': 'ElasticNet'}",9,"['re_T6W30', 'l2_T6W30', 'l3_T6W30', 'lcc_T6W30', 'lsc_T6W30', 'atd_T6W30', 'density_T6W30', 'diameter_T6W30', 'asp_T6W30']",,,,,,,,,,,,,,,pruned,False,PRUNED
