number,value,datetime_start,datetime_complete,duration,params_dt_max_depth,params_dt_min_samples_leaf,params_dt_min_samples_split,params_elastic_alpha,params_elastic_l1_ratio,params_et_max_depth,params_et_max_features,params_et_min_samples_leaf,params_et_min_samples_split,params_et_n_estimators,params_knn_metric,params_knn_n_neighbors,params_knn_weights,params_quantile_alpha,params_regressor,params_rf_max_depth,params_rf_max_features,params_rf_min_samples_leaf,params_rf_min_samples_split,params_rf_n_estimators,params_rfe_n_features,params_rfe_proxy_et_max_depth,params_rfe_proxy_et_min_samples_leaf,params_rfe_proxy_et_min_samples_split,params_rfe_proxy_et_n_estimators,params_rfe_proxy_lsvr_C,params_rfe_proxy_lsvr_epsilon,params_rfe_proxy_type,params_use_scaler,user_attrs_d2mae_ci_lower_val,user_attrs_d2mae_ci_upper_val,user_attrs_d2mae_df_val,user_attrs_d2mae_mean_val,user_attrs_d2mae_samperror_val,user_attrs_d2mae_std_val,user_attrs_d2mae_t_critical_val,user_attrs_mae_ci_lower_val,user_attrs_mae_ci_upper_val,user_attrs_mae_df_val,user_attrs_mae_mean_val,user_attrs_mae_samperror_val,user_attrs_mae_std_val,user_attrs_mae_t_critical_val,user_attrs_mape_ci_lower_val,user_attrs_mape_ci_upper_val,user_attrs_mape_df_val,user_attrs_mape_mean_val,user_attrs_mape_samperror_val,user_attrs_mape_std_val,user_attrs_mape_t_critical_val,user_attrs_max_error_ci_lower_val,user_attrs_max_error_ci_upper_val,user_attrs_max_error_df_val,user_attrs_max_error_mean_val,user_attrs_max_error_samperror_val,user_attrs_max_error_std_val,user_attrs_max_error_t_critical_val,user_attrs_median_ae_ci_lower_val,user_attrs_median_ae_ci_upper_val,user_attrs_median_ae_df_val,user_attrs_median_ae_mean_val,user_attrs_median_ae_samperror_val,user_attrs_median_ae_std_val,user_attrs_median_ae_t_critical_val,user_attrs_n_splits_val,user_attrs_r2_below_zero_val,user_attrs_r2_ci_lower_val,user_attrs_r2_ci_upper_val,user_attrs_r2_df_val,user_attrs_r2_mean_val,user_attrs_r2_samperror_val,user_attrs_r2_std_val,user_attrs_r2_t_critical_val,user_attrs_regressor_final,user_attrs_rfe_estimator,user_attrs_rfe_n_features,user_attrs_rfe_selected_features,user_attrs_rho_ci_lower_val,user_attrs_rho_ci_upper_val,user_attrs_rho_df_val,user_attrs_rho_mean_val,user_attrs_rho_samperror_val,user_attrs_rho_std_val,user_attrs_rho_t_critical_val,user_attrs_rmse_ci_lower_val,user_attrs_rmse_ci_upper_val,user_attrs_rmse_df_val,user_attrs_rmse_mean_val,user_attrs_rmse_samperror_val,user_attrs_rmse_std_val,user_attrs_rmse_t_critical_val,user_attrs_termination_reason,user_attrs_use_scaler_final,state
238,6.319335393553279,2026-06-12 06:52:14.190314,2026-06-12 06:52:16.378866,0 days 00:00:02.188552,,,,,,,,,,,,,,0.02681035962164199,QuantileRegressor,,,,,,2,,,,,,,,False,0.010070579682188744,0.018314580709796233,98.0,0.01419258019599249,0.004122000513803745,0.020667200752846764,1.9844674545084815,6.267171716079479,6.3714990710270785,98.0,6.319335393553279,0.05216367747379959,0.2615422270685082,1.9844674545084815,152548714737621.75,335703176209912.3,98.0,244125945473767.03,91577230736145.3,459156908320510.6,1.9844674545084815,17.249378495133623,17.878473510747146,98.0,17.563926002940384,0.3145475078067611,1.5771022998129303,1.9844674545084815,5.756715543159667,5.945393086669147,98.0,5.851054314914407,0.09433877175474008,0.4730029334307435,1.9844674545084815,99.0,0.5555555555555556,-0.02290961266044314,-0.0072483195080423005,98.0,-0.01507896608424272,0.007830646576200419,0.0392618934114552,1.9844674545084815,QuantileRegressor,"{'mode': 'original', 'type': 'QuantileRegressor'}",2,"['nodes_T6W30', 'lsc_T6W30']",0.07789586848091286,0.12369606504036641,97.0,0.10079596676063964,0.022900098279726777,0.11422217897466908,1.9847231860139845,7.556426313134333,7.68372900304313,98.0,7.620077658088731,0.0636513449543981,0.3191399709815462,1.9844674545084815,completed,False,COMPLETE
239,6.366561528284557,2026-06-12 06:52:16.391573,2026-06-12 06:52:18.765118,0 days 00:00:02.373545,,,,,,,,,,,,,,0.01407925913081941,QuantileRegressor,,,,,,2,,,,,,,,False,0.0020226658070681414,0.011562080087799546,98.0,0.006792372947433844,0.004769707140365702,0.02391472166781928,1.9844674545084815,6.312888847034256,6.420234209534859,98.0,6.366561528284557,0.05367268125030127,0.2691081853650503,1.9844674545084815,150795928753856.0,331911599067871.4,98.0,241353763910863.7,90557835157007.7,454045784969106.7,1.9844674545084815,17.201344469277327,17.74632238772649,98.0,17.47383342850191,0.2724889592245811,1.3662259391695026,1.9844674545084815,5.776799942615239,5.984002673805869,98.0,5.880401308210554,0.10360136559531562,0.5194444333175556,1.9844674545084815,99.0,0.6363636363636364,-0.034367288666592666,-0.017030830626471736,98.0,-0.0256990596465322,0.008668229020060463,0.043461428189858604,1.9844674545084815,QuantileRegressor,"{'mode': 'original', 'type': 'QuantileRegressor'}",2,"['lsc_T6W30', 'diameter_T6W30']",0.07078336487405987,0.11691559677159477,98.0,0.09384948082282732,0.023066115948767445,0.11565065246964554,1.9844674545084815,7.595004772244067,7.723700693660756,98.0,7.659352732952412,0.06434796070834482,0.3226327162119748,1.9844674545084815,completed,False,COMPLETE
240,6.31773570259234,2026-06-12 06:52:18.778518,2026-06-12 06:52:20.960017,0 days 00:00:02.181499,,,,,,,,,,,,,,0.019657461528576697,QuantileRegressor,,,,,,2,,,,,,,,False,0.010078428989907915,0.01876144455904568,98.0,0.014419936774476798,0.0043415077845688835,0.021767783059040185,1.9844674545084815,6.265511917730235,6.3699594874544445,98.0,6.31773570259234,0.05222378486210506,0.26184359807918095,1.9844674545084815,151981419155339.12,334438907438730.2,98.0,243210163297034.66,91228744141695.53,457409639637974.0,1.9844674545084815,17.243271699805383,17.880901301654355,98.0,17.56208650072987,0.31881480092448705,1.5984979797115482,1.9844674545084815,5.727004265522066,5.910584003227626,98.0,5.818794134374846,0.09178986885278001,0.460223049537495,1.9844674545084815,99.0,0.5454545454545454,-0.023671210471535836,-0.007324844629950674,98.0,-0.015498027550743256,0.008173182920792582,0.04097932827715343,1.9844674545084815,QuantileRegressor,"{'mode': 'original', 'type': 'QuantileRegressor'}",2,"['nodes_T6W30', 'lsc_T6W30']",0.07510974351089207,0.12206985943583153,98.0,0.0985898014733618,0.02348005796246973,0.11772610652856032,1.9844674545084815,7.557926631432358,7.684783551257007,98.0,7.621355091344682,0.06342845991232417,0.3180224529477849,1.9844674545084815,completed,False,COMPLETE
241,6.319959000933499,2026-06-12 06:52:20.972269,2026-06-12 06:52:23.211846,0 days 00:00:02.239577,,,,,,,,,,,,,,0.023638589662899934,QuantileRegressor,,,,,,2,,,,,,,,False,0.0098670833172944,0.018290266793386592,98.0,0.014078675055340495,0.004211591738046095,0.02111640007024358,1.9844674545084815,6.267994958612309,6.371923043254689,98.0,6.319959000933499,0.051964042321190416,0.2605412811048961,1.9844674545084815,152447994123485.25,335480374031962.56,98.0,243964184077723.9,91516189954238.64,458850857389766.94,1.9844674545084815,17.252270614498208,17.88162718562088,98.0,17.566948900059543,0.3146782855613357,1.5777580032993195,1.9844674545084815,5.753250247402179,5.940984445973739,98.0,5.847117346687959,0.09386709928577984,0.47063802600946886,1.9844674545084815,99.0,0.5454545454545454,-0.02340747538692264,-0.007488397997716674,98.0,-0.015447936692319657,0.007959538694602983,0.0399081425513,1.9844674545084815,QuantileRegressor,"{'mode': 'original', 'type': 'QuantileRegressor'}",2,"['nodes_T6W30', 'lsc_T6W30']",0.07194652037257404,0.11956997904883346,98.0,0.09575824971070375,0.023811729338129712,0.11938906578384974,1.9844674545084815,7.558017444049942,7.684553289239063,98.0,7.621285366644503,0.06326792259456016,0.3172175386923302,1.9844674545084815,completed,False,COMPLETE
242,6.319462972483452,2026-06-12 06:52:23.264612,2026-06-12 06:52:25.624802,0 days 00:00:02.360190,,,,,,,,,,,,,,0.03421428543276042,QuantileRegressor,,,,,,2,,,,,,,,False,0.0102813223618398,0.018111229645057753,98.0,0.014196276003448777,0.003914953641608977,0.019629093343939728,1.9844674545084815,6.267237053153971,6.371688891812933,98.0,6.319462972483452,0.052225919329481,0.2618543000346055,1.9844674545084815,153092516703839.62,336911848209400.0,98.0,245002182456619.8,91909665752780.2,460823696377198.56,1.9844674545084815,17.265427175033274,17.8825029566784,98.0,17.573965065855838,0.30853789082256233,1.5469708235444954,1.9844674545084815,5.757758397161114,5.949268064058716,98.0,5.853513230609915,0.09575483344880076,0.48010289162132647,1.9844674545084815,99.0,0.5454545454545454,-0.02215992517599704,-0.0071055068709159385,98.0,-0.014632716023456489,0.0075272091525405505,0.03774049569942093,1.9844674545084815,QuantileRegressor,"{'mode': 'original', 'type': 'QuantileRegressor'}",2,"['nodes_T6W30', 'asp_T6W30']",0.08182066679353622,0.1284085633692815,97.0,0.10511461508140886,0.023293948287872637,0.11618664242675117,1.9847231860139845,7.555268324001696,7.681814063661398,98.0,7.618541193831547,0.06327286982985163,0.3172423435181903,1.9844674545084815,completed,False,COMPLETE
243,6.317463356468708,2026-06-12 06:52:25.637934,2026-06-12 06:52:27.845496,0 days 00:00:02.207562,,,,,,,,,,,,,,0.02243754389662993,QuantileRegressor,,,,,,2,,,,,,,,False,0.010215578066325486,0.018715040103185657,98.0,0.014465309084755571,0.004249731018430086,0.02130762570489001,1.9844674545084815,6.2654595333771965,6.369467179560219,98.0,6.317463356468708,0.0520038230915114,0.2607407369670614,1.9844674545084815,152387993365226.3,335350898822817.56,98.0,243869446094021.94,91481452728795.64,458676689237816.6,1.9844674545084815,17.244432833676697,17.873861428109635,98.0,17.559147130893166,0.31471429721646993,1.5779385612841157,1.9844674545084815,5.74821486303131,5.935447837499042,98.0,5.841831350265176,0.09361648723386529,0.4693814881777399,1.9844674545084815,99.0,0.5454545454545454,-0.02300298608687848,-0.006932730840504919,98.0,-0.0149678584636917,0.008035127623186781,0.040287136090117484,1.9844674545084815,QuantileRegressor,"{'mode': 'original', 'type': 'QuantileRegressor'}",2,"['nodes_T6W30', 'lsc_T6W30']",0.0776380138192328,0.12446192395655939,98.0,0.1010499688878961,0.023411955068663302,0.11738464704221775,1.9844674545084815,7.556131668323049,7.682742711808279,98.0,7.619437190065664,0.06330552174261495,0.31740605617028345,1.9844674545084815,completed,False,COMPLETE
244,6.363460525476586,2026-06-12 06:52:27.858554,2026-06-12 06:52:30.018938,0 days 00:00:02.160384,,,,,,,,,,,,,,0.016802150796339604,QuantileRegressor,,,,,,2,,,,,,,,False,0.002769851532017224,0.011782503094182186,98.0,0.007276177313099705,0.004506325781082481,0.022594160108296107,1.9844674545084815,6.310737875063798,6.4161831758893735,98.0,6.363460525476586,0.05272265041278762,0.2643448482488763,1.9844674545084815,151097517086768.8,332577561917400.25,98.0,241837539502084.53,90740022415315.73,454959249348709.2,1.9844674545084815,17.197981859768912,17.737985011921428,98.0,17.46798343584517,0.27000157607625885,1.353754507712017,1.9844674545084815,5.771491282400411,5.971054143373139,98.0,5.871272712886775,0.09978143048636372,0.5002917511441358,1.9844674545084815,99.0,0.6262626262626263,-0.03269769279814716,-0.016225069661428122,98.0,-0.02446138122978764,0.008236311568359517,0.04129584750808327,1.9844674545084815,QuantileRegressor,"{'mode': 'original', 'type': 'QuantileRegressor'}",2,"['lsc_T6W30', 'diameter_T6W30']",0.0743777608067684,0.1199290473746694,98.0,0.0971534040907189,0.022775643283950504,0.11419425845492322,1.9844674545084815,7.591377537592331,7.718376318688595,98.0,7.654876928140463,0.06349939054813218,0.3183780903827785,1.9844674545084815,completed,False,COMPLETE
245,6.3184924678307075,2026-06-12 06:52:30.031179,2026-06-12 06:52:32.211267,0 days 00:00:02.180088,,,,,,,,,,,,,,0.028097395662901266,QuantileRegressor,,,,,,2,,,,,,,,False,0.010187486269955005,0.018461928703280943,98.0,0.014324707486617974,0.004137221216662968,0.02074351547443342,1.9844674545084815,6.266264613595815,6.3707203220656,98.0,6.3184924678307075,0.05222785423489281,0.2618640014110245,1.9844674545084815,152539200040788.94,335681124634514.7,98.0,244110162337651.8,91570962296862.88,459125479141250.94,1.9844674545084815,17.251450935009384,17.879418482939005,98.0,17.565434708974195,0.31398377396481186,1.5742758080539596,1.9844674545084815,5.756523205001049,5.944441909205356,98.0,5.850482557103202,0.09395935210215385,0.47110057022061885,1.9844674545084815,99.0,0.5454545454545454,-0.02268268455848011,-0.0070217556540373635,98.0,-0.014852220106258737,0.007830464452221374,0.03926098026435,1.9844674545084815,QuantileRegressor,"{'mode': 'original', 'type': 'QuantileRegressor'}",2,"['nodes_T6W30', 'lsc_T6W30']",0.07888403414978144,0.12496269310356274,97.0,0.10192336362667209,0.023039329476890646,0.11491664283796993,1.9847231860139845,7.555595944642505,7.68284616724503,98.0,7.619221055943767,0.06362511130126243,0.31900843868939344,1.9844674545084815,completed,False,COMPLETE
246,6.365531194320139,2026-06-12 06:52:32.224231,2026-06-12 06:52:34.389756,0 days 00:00:02.165525,,,,,,,,,,,,,,0.011601680706354485,QuantileRegressor,,,,,,2,,,,,,,,False,0.0019466036627501645,0.011984584540016347,98.0,0.006965594101383256,0.005018990438633092,0.02516459729310631,1.9844674545084815,6.310629124047243,6.4204332645930355,98.0,6.365531194320139,0.054902070272895766,0.27527218986922736,1.9844674545084815,150520512402233.2,331321447162118.6,98.0,240920979782175.9,90400467379942.7,453256762398697.0,1.9844674545084815,17.163814626193744,17.720650187785846,98.0,17.442232406989795,0.2784177807960514,1.3959523172315744,1.9844674545084815,5.769359163838919,5.97641451315579,98.0,5.8728868384973545,0.10352767465843561,0.5190749560743908,1.9844674545084815,99.0,0.6464646464646465,-0.03472468649607205,-0.016804765312565924,98.0,-0.025764725904318986,0.008959960591753064,0.04492413420794951,1.9844674545084815,QuantileRegressor,"{'mode': 'original', 'type': 'QuantileRegressor'}",2,"['lsc_T6W30', 'diameter_T6W30']",0.06977931855031738,0.11550605616483578,98.0,0.09264268735757658,0.0228633688072592,0.11463410337859507,1.9844674545084815,7.594456878931705,7.724574194586582,98.0,7.659515536759144,0.06505865782743868,0.32619606366561893,1.9844674545084815,completed,False,COMPLETE
247,6.315399948749116,2026-06-12 06:52:34.402029,2026-06-12 06:52:36.803298,0 days 00:00:02.401269,,,,,,,,,,,,,,0.02137730571998048,QuantileRegressor,,,,,,2,,,,,,,,False,0.01048679401177912,0.019077600702603125,98.0,0.014782197357191123,0.0042954033454120025,0.021536621103465034,1.9844674545084815,6.2634030649382435,6.367396832559988,98.0,6.315399948749116,0.05199688381087282,0.26070594427221394,1.9844674545084815,152150877385254.03,334815305545656.0,98.0,243483091465455.03,91332214080201.0,457928425112118.4,1.9844674545084815,17.24121852249611,17.876695357709234,98.0,17.55895694010267,0.317738417606563,1.593101126886311,1.9844674545084815,5.737995443657983,5.919863700706749,98.0,5.828929572182366,0.09093412852438265,0.45593247337185183,1.9844674545084815,99.0,0.5454545454545454,-0.022949094158973157,-0.0067170029850095025,98.0,-0.01483304857199133,0.008116045586981828,0.04069284875237055,1.9844674545084815,QuantileRegressor,"{'mode': 'original', 'type': 'QuantileRegressor'}",2,"['nodes_T6W30', 'lsc_T6W30']",0.07767031054041368,0.12479132482649177,98.0,0.10123081768345273,0.023560507143039044,0.11812946876970029,1.9844674545084815,7.555581459218673,7.68215641879137,98.0,7.618868939005021,0.06328747978634845,0.3173155960330552,1.9844674545084815,completed,False,COMPLETE
248,6.317744556678542,2026-06-12 06:52:36.815980,2026-06-12 06:52:39.003610,0 days 00:00:02.187630,,,,,,,,,,,,,,0.019774705755996023,QuantileRegressor,,,,,,2,,,,,,,,False,0.010077391484386085,0.018759728659712257,98.0,0.01441856007204917,0.004341168587663085,0.02176608236770757,1.9844674545084815,6.265521795767845,6.369967317589238,98.0,6.317744556678542,0.052222760910696664,0.2618384641134651,1.9844674545084815,151983529972530.62,334443661783475.5,98.0,243213595878003.06,91230065905472.42,457416266798070.94,1.9844674545084815,17.243323206654143,17.880928805634607,98.0,17.562126006144375,0.3188027994902312,1.5984378060045685,1.9844674545084815,5.7268684704694905,5.910389800925884,98.0,5.818629135697687,0.09176066522819665,0.4600766261758399,1.9844674545084815,99.0,0.5454545454545454,-0.023672075408721377,-0.00732720672240288,98.0,-0.015499641065562128,0.008172434343159249,0.040975575001486575,1.9844674545084815,QuantileRegressor,"{'mode': 'original', 'type': 'QuantileRegressor'}",2,"['nodes_T6W30', 'lsc_T6W30']",0.07510974351089207,0.12206985943583153,98.0,0.0985898014733618,0.02348005796246973,0.11772610652856032,1.9844674545084815,7.557933590564545,7.684789659244149,98.0,7.621361624904347,0.06342803433980233,0.3180203191797968,1.9844674545084815,completed,False,COMPLETE
249,6.323580254722699,2026-06-12 06:52:39.016039,2026-06-12 06:52:41.270862,0 days 00:00:02.254823,,,,,,,,,,,,,,0.03661023844252083,QuantileRegressor,,,,,,2,,,,,,,,False,0.009703717743941239,0.017423505956332148,98.0,0.013563611850136693,0.0038598941061954548,0.019353031643331235,1.9844674545084815,6.271212346259586,6.375948163185812,98.0,6.323580254722699,0.052367908463113094,0.26256621598892677,1.9844674545084815,153459490602148.53,337721763618401.4,98.0,245590627110274.94,92131136508126.4,461934123352230.9,1.9844674545084815,17.27271447060538,17.88361795348903,98.0,17.578166212047204,0.3054517414418257,1.5314972522551749,1.9844674545084815,5.762160443722274,5.9542520713076135,98.0,5.858206257514944,0.09604581379266977,0.48156183107602435,1.9844674545084815,99.0,0.5757575757575758,-0.022514525386785094,-0.007675982930208544,98.0,-0.015095254158496819,0.007419271228288274,0.03719930829735804,1.9844674545084815,QuantileRegressor,"{'mode': 'original', 'type': 'QuantileRegressor'}",2,"['nodes_T6W30', 'asp_T6W30']",0.0788165492330651,0.12550276360043072,95.0,0.10215965641674792,0.02334310718368282,0.1152069970198326,1.9852510035054978,7.556978710976856,7.683774737918211,98.0,7.620376724447533,0.06339801347067735,0.3178697982550896,1.9844674545084815,completed,False,COMPLETE
250,6.318743945306849,2026-06-12 06:52:41.283002,2026-06-12 06:52:43.474551,0 days 00:00:02.191549,,,,,,,,,,,,,,0.026541353286293506,QuantileRegressor,,,,,,2,,,,,,,,False,0.010137668414163765,0.01842205596282624,98.0,0.014279862188495002,0.004142193774331238,0.020768447263558892,1.9844674545084815,6.266675808549202,6.3708120820644965,98.0,6.318743945306849,0.05206813675764737,0.2610631977345292,1.9844674545084815,152514952214342.66,335628700431618.6,98.0,244071826322980.66,91556874108638.0,459054842707967.56,1.9844674545084815,17.25207122976788,17.88077585614935,98.0,17.566423542958614,0.314352313190735,1.5761236181505245,1.9844674545084815,5.754314903320161,5.942979424100013,98.0,5.848647163710087,0.09433226038992593,0.47297028625291354,1.9844674545084815,99.0,0.5555555555555556,-0.022869323956281384,-0.007189514023530947,98.0,-0.015029418989906165,0.007839904966375218,0.03930831383468173,1.9844674545084815,QuantileRegressor,"{'mode': 'original', 'type': 'QuantileRegressor'}",2,"['nodes_T6W30', 'lsc_T6W30']",0.07789586848091286,0.12369606504036641,97.0,0.10079596676063964,0.022900098279726777,0.11422217897466908,1.9847231860139845,7.556273757902206,7.68347566219969,98.0,7.619874710050948,0.0636009521487422,0.318887307686745,1.9844674545084815,completed,False,COMPLETE
251,6.7113725490196074,2026-06-12 06:52:43.488622,2026-06-12 06:52:43.671622,0 days 00:00:00.183000,,,,,,,,,,,euclidean,5.0,uniform,,KNeighborsRegressor,,,,,,2,,,,,0.07663881235811267,0.012662797671543494,LinearSVR,,,,,,,,,,,,,,,,,,,,,,,,,,,,,,,,,,,,,,,,,,,,,,KNeighborsRegressor,"{'mode': 'proxy', 'type': 'LinearSVR'}",2,"['edges_T6W30', 're_T6W30']",,,,,,,,,,,,,,,pruned,True,PRUNED
252,6.366899588494063,2026-06-12 06:52:43.681394,2026-06-12 06:52:45.977245,0 days 00:00:02.295851,,,,,,,,,,,,,,0.015355192638728036,QuantileRegressor,,,,,,2,,,,,,,,False,0.0020488160281973795,0.011425965859523077,98.0,0.006737390943860228,0.0046885749156628485,0.023507934727875004,1.9844674545084815,6.3135856797389245,6.420213497249202,98.0,6.366899588494063,0.05331390875513863,0.2673093444485353,1.9844674545084815,151214627541097.2,332833197506757.2,98.0,242023912523927.2,90809284982830.0,455306523295590.4,1.9844674545084815,17.190265104797287,17.735199372922335,98.0,17.46273223885981,0.2724671340625247,1.3661165105063635,1.9844674545084815,5.778758069667504,5.981867646749871,98.0,5.880312858208687,0.10155478854118341,0.5091831490959075,1.9844674545084815,99.0,0.6262626262626263,-0.03376724655709451,-0.016876150395761114,98.0,-0.025321698476427814,0.0084455480806667,0.042344933501691634,1.9844674545084815,QuantileRegressor,"{'mode': 'original', 'type': 'QuantileRegressor'}",2,"['lsc_T6W30', 'diameter_T6W30']",0.07156765172046475,0.11727361084780175,98.0,0.09442063128413325,0.022852979563668503,0.11458201299620911,1.9844674545084815,7.5941215591806035,7.721911365655979,98.0,7.658016462418291,0.06389490323768743,0.32036114208982297,1.9844674545084815,completed,False,COMPLETE
