number,value,datetime_start,datetime_complete,duration,params_dt_max_depth,params_dt_min_samples_leaf,params_dt_min_samples_split,params_elastic_alpha,params_elastic_l1_ratio,params_et_max_depth,params_et_max_features,params_et_min_samples_leaf,params_et_min_samples_split,params_et_n_estimators,params_knn_metric,params_knn_n_neighbors,params_knn_weights,params_quantile_alpha,params_regressor,params_rf_max_depth,params_rf_max_features,params_rf_min_samples_leaf,params_rf_min_samples_split,params_rf_n_estimators,params_rfe_n_features,params_rfe_proxy_et_max_depth,params_rfe_proxy_et_min_samples_leaf,params_rfe_proxy_et_min_samples_split,params_rfe_proxy_et_n_estimators,params_rfe_proxy_lsvr_C,params_rfe_proxy_lsvr_epsilon,params_rfe_proxy_type,params_use_scaler,user_attrs_d2mae_ci_lower_val,user_attrs_d2mae_ci_upper_val,user_attrs_d2mae_df_val,user_attrs_d2mae_mean_val,user_attrs_d2mae_samperror_val,user_attrs_d2mae_std_val,user_attrs_d2mae_t_critical_val,user_attrs_mae_ci_lower_val,user_attrs_mae_ci_upper_val,user_attrs_mae_df_val,user_attrs_mae_mean_val,user_attrs_mae_samperror_val,user_attrs_mae_std_val,user_attrs_mae_t_critical_val,user_attrs_mape_ci_lower_val,user_attrs_mape_ci_upper_val,user_attrs_mape_df_val,user_attrs_mape_mean_val,user_attrs_mape_samperror_val,user_attrs_mape_std_val,user_attrs_mape_t_critical_val,user_attrs_max_error_ci_lower_val,user_attrs_max_error_ci_upper_val,user_attrs_max_error_df_val,user_attrs_max_error_mean_val,user_attrs_max_error_samperror_val,user_attrs_max_error_std_val,user_attrs_max_error_t_critical_val,user_attrs_median_ae_ci_lower_val,user_attrs_median_ae_ci_upper_val,user_attrs_median_ae_df_val,user_attrs_median_ae_mean_val,user_attrs_median_ae_samperror_val,user_attrs_median_ae_std_val,user_attrs_median_ae_t_critical_val,user_attrs_n_splits_val,user_attrs_r2_below_zero_val,user_attrs_r2_ci_lower_val,user_attrs_r2_ci_upper_val,user_attrs_r2_df_val,user_attrs_r2_mean_val,user_attrs_r2_samperror_val,user_attrs_r2_std_val,user_attrs_r2_t_critical_val,user_attrs_regressor_final,user_attrs_rfe_estimator,user_attrs_rfe_n_features,user_attrs_rfe_selected_features,user_attrs_rho_ci_lower_val,user_attrs_rho_ci_upper_val,user_attrs_rho_df_val,user_attrs_rho_mean_val,user_attrs_rho_samperror_val,user_attrs_rho_std_val,user_attrs_rho_t_critical_val,user_attrs_rmse_ci_lower_val,user_attrs_rmse_ci_upper_val,user_attrs_rmse_df_val,user_attrs_rmse_mean_val,user_attrs_rmse_samperror_val,user_attrs_rmse_std_val,user_attrs_rmse_t_critical_val,user_attrs_termination_reason,user_attrs_use_scaler_final,state
286,6.317623857426046,2026-06-12 06:53:49.696965,2026-06-12 06:53:51.958733,0 days 00:00:02.261768,,,,,,,,,,,,,,0.03091354503218781,QuantileRegressor,,,,,,2,,,,,,,,False,0.010507434076476047,0.018463282815766962,98.0,0.014485358446121505,0.0039779243696454565,0.019944820785875898,1.9844674545084815,6.2651358159446815,6.37011189890741,98.0,6.317623857426046,0.05248804148136423,0.26316854808396833,1.9844674545084815,152798089382493.44,336251256618238.4,98.0,244524673000365.9,91726583617872.48,459905745197006.7,1.9844674545084815,17.253249705916495,17.876514233409694,98.0,17.564881969663094,0.3116322637465982,1.5624856266628018,1.9844674545084815,5.756806930134763,5.944889182071977,98.0,5.85084805610337,0.09404112596860655,0.47151057427293636,1.9844674545084815,99.0,0.5555555555555556,-0.02226357786974627,-0.00696865576868377,98.0,-0.01461611681921502,0.0076474610505312506,0.038343423842773165,1.9844674545084815,QuantileRegressor,"{'mode': 'original', 'type': 'QuantileRegressor'}",2,"['nodes_T6W30', 'asp_T6W30']",0.08126885385194457,0.1277480567751489,97.0,0.10450845531354673,0.023239601461602158,0.11591556879024771,1.9847231860139845,7.5548767335237725,7.682034412307268,98.0,7.61845557291552,0.06357883939174769,0.3187764370581572,1.9844674545084815,completed,False,COMPLETE
287,6.352362305073108,2026-06-12 06:53:51.998276,2026-06-12 06:53:52.115348,0 days 00:00:00.117072,,,,,,,,,,,,,,,LinearRegression,,,,,,2,,,,,,,,False,,,,,,,,,,,,,,,,,,,,,,,,,,,,,,,,,,,,,,,,,,,,,LinearRegression,"{'mode': 'original', 'type': 'LinearRegression'}",2,"['l2_T6W30', 'density_T6W30']",,,,,,,,,,,,,,,pruned,False,PRUNED
288,6.395915445146694,2026-06-12 06:53:52.124531,2026-06-12 06:53:52.782145,0 days 00:00:00.657614,,,,,,,,,,,,,,,RandomForestRegressor,12.0,log2,4.0,4.0,52.0,2,,,,,,,,False,,,,,,,,,,,,,,,,,,,,,,,,,,,,,,,,,,,,,,,,,,,,,RandomForestRegressor,"{'mode': 'original', 'type': 'RandomForestRegressor'}",2,"['density_T6W30', 'diameter_T6W30']",,,,,,,,,,,,,,,pruned,False,PRUNED
289,6.329841113265795,2026-06-12 06:53:52.792065,2026-06-12 06:53:55.194007,0 days 00:00:02.401942,,,,,,,,,,,,,,0.042215220838917086,QuantileRegressor,,,,,,2,,,,,,,,False,0.008862378520961675,0.016310351453716662,98.0,0.012586364987339168,0.003723986466377493,0.01867160754681373,1.9844674545084815,6.277830281023694,6.381851945507896,98.0,6.329841113265795,0.05201083224210077,0.2607758799812004,1.9844674545084815,153907433583258.97,338705529011619.25,98.0,246306481297439.12,92399047714180.16,463277397003194.2,1.9844674545084815,17.287381246951234,17.889892124125772,98.0,17.588636685538503,0.3012554385872678,1.5104575087557588,1.9844674545084815,5.780258328483815,5.968669304241815,98.0,5.874463816362815,0.09420548787899981,0.4723346645627952,1.9844674545084815,99.0,0.5959595959595959,-0.023186425497928473,-0.008563644762574577,98.0,-0.015875035130251524,0.007311390367676947,0.03665840700533304,1.9844674545084815,QuantileRegressor,"{'mode': 'original', 'type': 'QuantileRegressor'}",2,"['nodes_T6W30', 'asp_T6W30']",0.0778044734883947,0.12434810025941745,95.0,0.10107628687390607,0.023271813385511375,0.11485513536196333,1.9852510035054978,7.5597195163334865,7.687148470908595,98.0,7.623433993621041,0.06371447728755464,0.31945650869156644,1.9844674545084815,completed,False,COMPLETE
290,6.318743945306849,2026-06-12 06:53:55.207074,2026-06-12 06:53:57.319005,0 days 00:00:02.111931,,,,,,,,,,,,,,0.02653009351082431,QuantileRegressor,,,,,,2,,,,,,,,False,0.010137668414163765,0.01842205596282624,98.0,0.014279862188495002,0.004142193774331238,0.020768447263558892,1.9844674545084815,6.266675808549202,6.3708120820644965,98.0,6.318743945306849,0.05206813675764737,0.2610631977345292,1.9844674545084815,152514952214342.66,335628700431618.6,98.0,244071826322980.66,91556874108638.0,459054842707967.56,1.9844674545084815,17.25207122976788,17.88077585614935,98.0,17.566423542958614,0.314352313190735,1.5761236181505245,1.9844674545084815,5.754314903320161,5.942979424100013,98.0,5.848647163710087,0.09433226038992593,0.47297028625291354,1.9844674545084815,99.0,0.5555555555555556,-0.022869323956281384,-0.007189514023530947,98.0,-0.015029418989906165,0.007839904966375218,0.03930831383468173,1.9844674545084815,QuantileRegressor,"{'mode': 'original', 'type': 'QuantileRegressor'}",2,"['nodes_T6W30', 'lsc_T6W30']",0.07789586848091286,0.12369606504036641,97.0,0.10079596676063964,0.022900098279726777,0.11422217897466908,1.9847231860139845,7.556273757902206,7.68347566219969,98.0,7.619874710050948,0.0636009521487422,0.318887307686745,1.9844674545084815,completed,False,COMPLETE
291,6.366749377426651,2026-06-12 06:53:57.331218,2026-06-12 06:53:59.539549,0 days 00:00:02.208331,,,,,,,,,,,,,,0.010411121345523138,QuantileRegressor,,,,,,2,,,,,,,,False,0.0016993460503570241,0.011844563813708422,98.0,0.006771954932032723,0.005072608881675699,0.025433433534806354,1.9844674545084815,6.311755747243764,6.421743007609538,98.0,6.366749377426651,0.05499363018288709,0.27573125993347564,1.9844674545084815,150267128272116.97,330756421590453.0,98.0,240511774931285.0,90244646659168.03,452475496577181.7,1.9844674545084815,17.159597918846245,17.71908552051371,98.0,17.439341719679977,0.27974380083373335,1.40260081769374,1.9844674545084815,5.765787027273704,5.9706156932938965,98.0,5.8682013602838,0.10241433301009645,0.5134927987515869,1.9844674545084815,99.0,0.6363636363636364,-0.03546252063223582,-0.017434921757844602,98.0,-0.02644872119504021,0.009013799437195609,0.045194075520022706,1.9844674545084815,QuantileRegressor,"{'mode': 'original', 'type': 'QuantileRegressor'}",2,"['lsc_T6W30', 'diameter_T6W30']",0.06825875734015671,0.11322360284545083,98.0,0.09074118009280377,0.022482422752647058,0.11272408697750325,1.9844674545084815,7.596914731894828,7.7271754427305845,98.0,7.662045087312706,0.06513035541787789,0.3265555465162737,1.9844674545084815,completed,False,COMPLETE
292,6.35686274509804,2026-06-12 06:53:59.551840,2026-06-12 06:53:59.731865,0 days 00:00:00.180025,,,,,,,,,,,,,,4.227367506497989,QuantileRegressor,,,,,,2,,,,,,,,False,,,,,,,,,,,,,,,,,,,,,,,,,,,,,,,,,,,,,,,,,,,,,QuantileRegressor,"{'mode': 'original', 'type': 'QuantileRegressor'}",2,"['diameter_T6W30', 'asp_T6W30']",,,,,,,,,,,,,,,pruned,False,PRUNED
293,6.320209649410639,2026-06-12 06:53:59.742198,2026-06-12 06:54:01.994683,0 days 00:00:02.252485,,,,,,,,,,,,,,0.03358126146947539,QuantileRegressor,,,,,,2,,,,,,,,False,0.010136219138816047,0.01803654097327749,98.0,0.014086380056046769,0.003950160917230722,0.01980561826934881,1.9844674545084815,6.2676445691260785,6.3727747296952,98.0,6.320209649410639,0.05256508028456068,0.2635548111147681,1.9844674545084815,153079591483425.6,336882956662934.0,98.0,244981274073179.8,91901682589754.22,460783669785171.6,1.9844674545084815,17.268400968983283,17.88813543982268,98.0,17.57826820440298,0.30986723541969896,1.5536359929365735,1.9844674545084815,5.756752021134725,5.947486118340201,98.0,5.852119069737463,0.09536704860273833,0.4781585863657484,1.9844674545084815,99.0,0.5454545454545454,-0.022428994600902315,-0.007283241435952992,98.0,-0.014856118018427653,0.0075728765824746615,0.03796946654480394,1.9844674545084815,QuantileRegressor,"{'mode': 'original', 'type': 'QuantileRegressor'}",2,"['nodes_T6W30', 'asp_T6W30']",0.08282480132791699,0.12904914513269702,98.0,0.10593697323030701,0.02311217190239002,0.11588157132474855,1.9844674545084815,7.555793190468044,7.683037749645601,98.0,7.619415470056823,0.06362227958877843,0.31899424083323463,1.9844674545084815,completed,False,COMPLETE
294,6.317613118779529,2026-06-12 06:54:02.008742,2026-06-12 06:54:04.278197,0 days 00:00:02.269455,,,,,,,,,,,,,,0.02216499074708315,QuantileRegressor,,,,,,3,,,,,,,,False,0.01018911092577587,0.018693954089560164,98.0,0.014441532507668017,0.004252421581892146,0.02132111585731053,1.9844674545084815,6.265612954455611,6.369613283103447,98.0,6.317613118779529,0.05200016432391756,0.260722392358875,1.9844674545084815,152387441466038.75,335349703561982.56,98.0,243868572514010.66,91481131047971.9,458675076369953.06,1.9844674545084815,17.24743580909611,17.87902441034978,98.0,17.563230109722944,0.3157943006268357,1.5833535648051105,1.9844674545084815,5.747615543165636,5.934687336139903,98.0,5.841151439652769,0.09353589648713377,0.46897741614137195,1.9844674545084815,99.0,0.5454545454545454,-0.02322241521709588,-0.0070769233124415975,98.0,-0.01514966926476874,0.008072745952327142,0.04047574973966142,1.9844674545084815,QuantileRegressor,"{'mode': 'original', 'type': 'QuantileRegressor'}",3,"['nodes_T6W30', 'lsc_T6W30', 'asp_T6W30']",0.07766071090155832,0.12447860585128082,98.0,0.10106965837641957,0.02340894747486124,0.11736956733888387,1.9844674545084815,7.556748740357963,7.683457029779409,98.0,7.620102885068686,0.06335414471072263,0.3176498457185175,1.9844674545084815,completed,False,COMPLETE
295,6.376588176189797,2026-06-12 06:54:04.290464,2026-06-12 06:54:06.034448,0 days 00:00:01.743984,,,,,,6.0,log2,4.0,10.0,277.0,,,,,ExtraTreesRegressor,,,,,,2,,,,,,,,False,,,,,,,,,,,,,,,,,,,,,,,,,,,,,,,,,,,,,,,,,,,,,ExtraTreesRegressor,"{'mode': 'original', 'type': 'ExtraTreesRegressor'}",2,"['atd_T6W30', 'density_T6W30']",,,,,,,,,,,,,,,pruned,False,PRUNED
296,6.352431057984149,2026-06-12 06:54:06.044404,2026-06-12 06:54:08.338677,0 days 00:00:02.294273,,,,,,,,,,,,,,0.01779779725063695,QuantileRegressor,,,,,,3,,,,,,,,False,0.004115072311065928,0.01387081507408192,98.0,0.008992943692573923,0.004877871381507995,0.024457043794777058,1.9844674545084815,6.298566558168382,6.4062955577999166,98.0,6.352431057984149,0.05386449981576713,0.27006993992750855,1.9844674545084815,151087279992915.94,332525745951054.25,98.0,241806512971985.1,90719232979069.16,454855013686678.6,1.9844674545084815,17.201101310840574,17.812624698920782,98.0,17.506863004880678,0.30576169404010356,1.5330513162469244,1.9844674545084815,5.742482934431662,5.9396587316077145,98.0,5.841070833019688,0.0985878985880262,0.49430752982604936,1.9844674545084815,99.0,0.5858585858585859,-0.03292049839618988,-0.01556680397175022,98.0,-0.02424365118397005,0.008676847212219828,0.04350463873941768,1.9844674545084815,QuantileRegressor,"{'mode': 'original', 'type': 'QuantileRegressor'}",3,"['nodes_T6W30', 'lsc_T6W30', 'diameter_T6W30']",0.06822792671401542,0.11458659954566044,98.0,0.09140726312983793,0.023179336415822514,0.11621832588795837,1.9844674545084815,7.590454505525134,7.716872877617622,98.0,7.653663691571378,0.06320918604624357,0.31692304090381146,1.9844674545084815,completed,False,COMPLETE
297,6.35686274509804,2026-06-12 06:54:08.350978,2026-06-12 06:54:08.554714,0 days 00:00:00.203736,,,,,,,,,,,,,,0.6714223035708105,QuantileRegressor,,,,,,2,,,,,,,,False,,,,,,,,,,,,,,,,,,,,,,,,,,,,,,,,,,,,,,,,,,,,,QuantileRegressor,"{'mode': 'original', 'type': 'QuantileRegressor'}",2,"['diameter_T6W30', 'asp_T6W30']",,,,,,,,,,,,,,,pruned,False,PRUNED
298,6.331391000994194,2026-06-12 06:54:08.564411,2026-06-12 06:54:10.780375,0 days 00:00:02.215964,,,,,,,,,,,,,,0.02644838819800374,QuantileRegressor,,,,,,2,,,,,,,,True,0.008182418360057364,0.016362187093438466,98.0,0.012272302726747916,0.004089884366690551,0.020506174363458026,1.9844674545084815,6.280517869395391,6.382264132592997,98.0,6.331391000994194,0.05087313159880285,0.2550715896704786,1.9844674545084815,151758017404612.4,334018858014313.1,98.0,242888437709462.78,91130420304850.38,456916656081066.6,1.9844674545084815,17.323132908688745,17.92153812948003,98.0,17.622335519084388,0.2992026103956436,1.5001648821038882,1.9844674545084815,5.768756910246785,5.95007015982056,98.0,5.8594135350336725,0.09065662478688748,0.4545411039546787,1.9844674545084815,99.0,0.5656565656565656,-0.024984913007139144,-0.008544648802640258,98.0,-0.0167647809048897,0.008220132102249443,0.04121472566614001,1.9844674545084815,QuantileRegressor,"{'mode': 'original', 'type': 'QuantileRegressor'}",2,"['lsc_T6W30', 'density_T6W30']",0.08130683013620504,0.13047523972381125,97.0,0.10589103493000815,0.024584204793803098,0.12262224404484948,1.9847231860139845,7.56219648084713,7.690229742484443,98.0,7.626213111665787,0.06401663081865658,0.32097146912511154,1.9844674545084815,completed,True,COMPLETE
299,6.366130364103383,2026-06-12 06:54:10.813032,2026-06-12 06:54:13.059402,0 days 00:00:02.246370,,,,,,,,,,,,,,0.014849540492029455,QuantileRegressor,,,,,,2,,,,,,,,False,0.0021192248827771806,0.01159897373487829,98.0,0.0068590993088277355,0.004739874426050555,0.023765144128057032,1.9844674545084815,6.3125845349191865,6.41967619328758,98.0,6.366130364103383,0.05354582918419677,0.2684721647951072,1.9844674545084815,150953354396240.88,332264789789230.56,98.0,241609072092735.72,90655717696494.83,454536555915642.1,1.9844674545084815,17.190339335960424,17.73579221329379,98.0,17.463065774627108,0.2727264386666856,1.367416631719931,1.9844674545084815,5.776766926156177,5.982200871075311,98.0,5.879483898615744,0.10271697245956683,0.5150101955197314,1.9844674545084815,99.0,0.6363636363636364,-0.033908702312115326,-0.016915826737167246,98.0,-0.025412264524641286,0.008496437787474042,0.042600088197407654,1.9844674545084815,QuantileRegressor,"{'mode': 'original', 'type': 'QuantileRegressor'}",2,"['lsc_T6W30', 'diameter_T6W30']",0.07158332192795411,0.11741993372917439,98.0,0.09450162782856425,0.02291830590061015,0.11490955116984589,1.9844674545084815,7.594318542597258,7.722363875339796,98.0,7.658341208968527,0.06402266637126922,0.3210017306394131,1.9844674545084815,completed,False,COMPLETE
