number,value,datetime_start,datetime_complete,duration,params_dt_max_depth,params_dt_min_samples_leaf,params_dt_min_samples_split,params_elastic_alpha,params_elastic_l1_ratio,params_et_max_depth,params_et_max_features,params_et_min_samples_leaf,params_et_min_samples_split,params_et_n_estimators,params_knn_metric,params_knn_n_neighbors,params_knn_weights,params_quantile_alpha,params_regressor,params_rf_max_depth,params_rf_max_features,params_rf_min_samples_leaf,params_rf_min_samples_split,params_rf_n_estimators,params_rfe_n_features,params_rfe_proxy_et_max_depth,params_rfe_proxy_et_min_samples_leaf,params_rfe_proxy_et_min_samples_split,params_rfe_proxy_et_n_estimators,params_rfe_proxy_lsvr_C,params_rfe_proxy_lsvr_epsilon,params_rfe_proxy_type,params_use_scaler,user_attrs_d2mae_ci_lower_val,user_attrs_d2mae_ci_upper_val,user_attrs_d2mae_df_val,user_attrs_d2mae_mean_val,user_attrs_d2mae_samperror_val,user_attrs_d2mae_std_val,user_attrs_d2mae_t_critical_val,user_attrs_mae_ci_lower_val,user_attrs_mae_ci_upper_val,user_attrs_mae_df_val,user_attrs_mae_mean_val,user_attrs_mae_samperror_val,user_attrs_mae_std_val,user_attrs_mae_t_critical_val,user_attrs_mape_ci_lower_val,user_attrs_mape_ci_upper_val,user_attrs_mape_df_val,user_attrs_mape_mean_val,user_attrs_mape_samperror_val,user_attrs_mape_std_val,user_attrs_mape_t_critical_val,user_attrs_max_error_ci_lower_val,user_attrs_max_error_ci_upper_val,user_attrs_max_error_df_val,user_attrs_max_error_mean_val,user_attrs_max_error_samperror_val,user_attrs_max_error_std_val,user_attrs_max_error_t_critical_val,user_attrs_median_ae_ci_lower_val,user_attrs_median_ae_ci_upper_val,user_attrs_median_ae_df_val,user_attrs_median_ae_mean_val,user_attrs_median_ae_samperror_val,user_attrs_median_ae_std_val,user_attrs_median_ae_t_critical_val,user_attrs_n_splits_val,user_attrs_r2_below_zero_val,user_attrs_r2_ci_lower_val,user_attrs_r2_ci_upper_val,user_attrs_r2_df_val,user_attrs_r2_mean_val,user_attrs_r2_samperror_val,user_attrs_r2_std_val,user_attrs_r2_t_critical_val,user_attrs_regressor_final,user_attrs_rfe_estimator,user_attrs_rfe_n_features,user_attrs_rfe_selected_features,user_attrs_rho_ci_lower_val,user_attrs_rho_ci_upper_val,user_attrs_rho_df_val,user_attrs_rho_mean_val,user_attrs_rho_samperror_val,user_attrs_rho_std_val,user_attrs_rho_t_critical_val,user_attrs_rmse_ci_lower_val,user_attrs_rmse_ci_upper_val,user_attrs_rmse_df_val,user_attrs_rmse_mean_val,user_attrs_rmse_samperror_val,user_attrs_rmse_std_val,user_attrs_rmse_t_critical_val,user_attrs_termination_reason,user_attrs_use_scaler_final,state
270,6.33281326658628,2026-06-12 06:53:18.126905,2026-06-12 06:53:20.383725,0 days 00:00:02.256820,,,,,,,,,,,,,,0.0452810229722596,QuantileRegressor,,,,,,2,,,,,,,,False,0.008423725832304824,0.01580323502984112,98.0,0.012113480431072974,0.003689754598768149,0.01849997319653697,1.9844674545084815,6.281180940275905,6.384445592896655,98.0,6.33281326658628,0.05163232631037441,0.258878098054455,1.9844674545084815,154118529949384.75,339164409910050.3,98.0,246641469929717.53,92522939980332.8,463898577502257.06,1.9844674545084815,17.28734357493328,17.885811512030166,98.0,17.586577543481724,0.29923396854844375,1.500322108003543,1.9844674545084815,5.7803493225413725,5.972761613116111,98.0,5.876555467828742,0.09620614528736904,0.4823657133600894,1.9844674545084815,99.0,0.6161616161616161,-0.023179482203337612,-0.008932546794633215,98.0,-0.016056014498985412,0.007123467704352198,0.03571618601435158,1.9844674545084815,QuantileRegressor,"{'mode': 'original', 'type': 'QuantileRegressor'}",2,"['nodes_T6W30', 'asp_T6W30']",0.07770948239708095,0.12474812110784336,94.0,0.10122880175246216,0.0235193193553812,0.11545467761955877,1.985523441866604,7.560616220506613,7.687819589248873,98.0,7.624217904877743,0.06360168437112988,0.318890978959233,1.9844674545084815,completed,False,COMPLETE
271,7.985824295530177,2026-06-12 06:53:20.396329,2026-06-12 06:53:20.532963,0 days 00:00:00.136634,16.0,2.0,14.0,,,,,,,,,,,,DecisionTreeRegressor,,,,,,2,,,,,,,,False,,,,,,,,,,,,,,,,,,,,,,,,,,,,,,,,,,,,,,,,,,,,,DecisionTreeRegressor,"{'mode': 'original', 'type': 'DecisionTreeRegressor'}",2,"['l3_T6W30', 'atd_T6W30']",,,,,,,,,,,,,,,pruned,False,PRUNED
272,6.36547414076618,2026-06-12 06:53:20.542880,2026-06-12 06:53:22.835137,0 days 00:00:02.292257,,,,,,,,,,,,,,0.011857035661607727,QuantileRegressor,,,,,,2,,,,,,,,False,0.001955901720219016,0.01199265408911827,98.0,0.006974277904668643,0.005018376184449627,0.025161517498603514,1.9844674545084815,6.310581120262883,6.420367161269477,98.0,6.36547414076618,0.054893020503297,0.27522681544376615,1.9844674545084815,150520512402233.2,331321447162118.6,98.0,240920979782175.9,90400467379942.7,453256762398697.0,1.9844674545084815,17.164246471110257,17.721016081556204,98.0,17.44263127633323,0.278384805222972,1.3957869817866881,1.9844674545084815,5.769985050900743,5.977459655307552,98.0,5.873722353104148,0.10373730220340438,0.5201260026574,1.9844674545084815,99.0,0.6363636363636364,-0.03470947764549498,-0.016785682251234765,98.0,-0.025747579948364872,0.008961897697130105,0.04493384661472206,1.9844674545084815,QuantileRegressor,"{'mode': 'original', 'type': 'QuantileRegressor'}",2,"['lsc_T6W30', 'diameter_T6W30']",0.06979715373884032,0.11552391523524055,98.0,0.09266053448704044,0.022863380748200123,0.11463416324899597,1.9844674545084815,7.594392171909999,7.724507158120686,98.0,7.659449665015343,0.0650574931053432,0.3261902238930891,1.9844674545084815,completed,False,COMPLETE
273,6.3204891826211105,2026-06-12 06:53:22.848507,2026-06-12 06:53:25.076980,0 days 00:00:02.228473,,,,,,,,,,,,,,0.017889747679195767,QuantileRegressor,,,,,,2,,,,,,,,False,0.009453817090383516,0.018520104420187682,98.0,0.0139869607552856,0.004533143664902083,0.02272862166083841,1.9844674545084815,6.267694047140654,6.373284318101567,98.0,6.3204891826211105,0.05279513548045641,0.2647082794129622,1.9844674545084815,151900676340574.25,334259991319290.4,98.0,243080333829932.3,91179657489358.08,457163525234361.94,1.9844674545084815,17.23497649097854,17.876558621356004,98.0,17.55576755616727,0.32079106518873424,1.6084067243012432,1.9844674545084815,5.728053955660464,5.912369844555554,98.0,5.820211900108009,0.09215794444754552,0.462068535044779,1.9844674545084815,99.0,0.5252525252525253,-0.024585215169957767,-0.00793540958525259,98.0,-0.01626031237760518,0.008324902792352588,0.0417400329479137,1.9844674545084815,QuantileRegressor,"{'mode': 'original', 'type': 'QuantileRegressor'}",2,"['nodes_T6W30', 'lsc_T6W30']",0.07294397573182876,0.12053745781044609,98.0,0.09674071677113742,0.02379674103930866,0.11931391630736594,1.9844674545084815,7.560539178880459,7.687732320800073,98.0,7.624135749840266,0.06359657095980713,0.31886534094730523,1.9844674545084815,completed,False,COMPLETE
274,6.3181052473687656,2026-06-12 06:53:25.089956,2026-06-12 06:53:27.310629,0 days 00:00:02.220673,,,,,,,,,,,,,,0.03229159860249506,QuantileRegressor,,,,,,2,,,,,,,,False,0.01045902588006439,0.018365053118489127,98.0,0.014412039499276759,0.003953013619212369,0.01981992136425268,1.9844674545084815,6.265627745296342,6.370582749441189,98.0,6.3181052473687656,0.05247750207242313,0.2631157047910884,1.9844674545084815,152829156219685.0,336318925793423.9,98.0,244574041006554.44,91744884786869.45,459997504994805.25,1.9844674545084815,17.251292676894096,17.872780367484296,98.0,17.562036522189196,0.31074384529510163,1.558031206429683,1.9844674545084815,5.758017740971595,5.945879057449978,98.0,5.851948399210786,0.09393065823919107,0.4709567027406803,1.9844674545084815,99.0,0.5555555555555556,-0.022041393849023712,-0.006867874527752829,98.0,-0.01445463418838827,0.007586759660635441,0.038039074581594674,1.9844674545084815,QuantileRegressor,"{'mode': 'original', 'type': 'QuantileRegressor'}",2,"['nodes_T6W30', 'asp_T6W30']",0.08227755482745444,0.12839631774931132,98.0,0.10533693628838288,0.023059381460928438,0.11561688658056565,1.9844674545084815,7.554419020953973,7.681306466556307,98.0,7.61786274375514,0.06344372280116714,0.31809897918467633,1.9844674545084815,completed,False,COMPLETE
275,6.3166701293442715,2026-06-12 06:53:27.323732,2026-06-12 06:53:29.524468,0 days 00:00:02.200736,,,,,,,,,,,,,,0.020911670939017586,QuantileRegressor,,,,,,2,,,,,,,,False,0.010285666750355475,0.018886883535127505,98.0,0.01458627514274149,0.004300608392386014,0.021562718565214408,1.9844674545084815,6.264587341000493,6.36875291768805,98.0,6.3166701293442715,0.05208278834377848,0.2611366589752314,1.9844674545084815,152037330118915.0,334567809595259.25,98.0,243302569857087.12,91265239738172.12,457592624044805.3,1.9844674545084815,17.243829038297697,17.879671023363954,98.0,17.561750030830826,0.3179209925331281,1.594016534986606,1.9844674545084815,5.732183902858106,5.915009436641995,98.0,5.82359666975005,0.09141276689194476,0.4583323069471496,1.9844674545084815,99.0,0.5555555555555556,-0.023288116025516566,-0.007119719792539997,98.0,-0.01520391790902828,0.008084198116488283,0.040533169474321874,1.9844674545084815,QuantileRegressor,"{'mode': 'original', 'type': 'QuantileRegressor'}",2,"['nodes_T6W30', 'lsc_T6W30']",0.07647418584569919,0.1232407787211766,98.0,0.0998574822834379,0.023383296437738704,0.11724095621136099,1.9844674545084815,7.557051912252481,7.683490466023391,98.0,7.620271189137936,0.06321927688545516,0.31697363512354826,1.9844674545084815,completed,False,COMPLETE
276,6.318562658169106,2026-06-12 06:53:29.538384,2026-06-12 06:53:31.818225,0 days 00:00:02.279841,,,,,,,,,,,,,,0.027567660244367194,QuantileRegressor,,,,,,2,,,,,,,,False,0.010175522730513767,0.018448003287244427,98.0,0.014311763008879097,0.004136240278365329,0.020738597171134923,1.9844674545084815,6.26639445852447,6.370730857813742,98.0,6.318562658169106,0.05216819964463558,0.26156490067376204,1.9844674545084815,152542628468930.94,335688578507774.5,98.0,244115603488352.72,91572975019421.77,459135570683220.6,1.9844674545084815,17.248307973207044,17.876888026679264,98.0,17.562597999943154,0.31429002673611156,1.575811321570848,1.9844674545084815,5.757298815141472,5.945589054293747,98.0,5.85144393471761,0.09414511957613719,0.4720319853588038,1.9844674545084815,99.0,0.5555555555555556,-0.022673153158897855,-0.0069904390718466825,98.0,-0.014831796115372269,0.007841357043525586,0.039315594369915725,1.9844674545084815,QuantileRegressor,"{'mode': 'original', 'type': 'QuantileRegressor'}",2,"['nodes_T6W30', 'lsc_T6W30']",0.07875146108321236,0.12487153407645123,97.0,0.1018114975798318,0.023060036496619436,0.11501992627739463,1.9847231860139845,7.555510040843717,7.682763934731459,98.0,7.619136987787588,0.06362694694387076,0.3190176423743929,1.9844674545084815,completed,False,COMPLETE
277,6.331006843618395,2026-06-12 06:53:31.830522,2026-06-12 06:53:34.060629,0 days 00:00:02.230107,,,,,,,,,,,,,,0.019882615000046396,QuantileRegressor,,,,,,2,,,,,,,,True,0.007958292720149043,0.016704030321816367,98.0,0.012331161520982705,0.004372868800833662,0.02192502331575218,1.9844674545084815,6.279233820194068,6.382779867042722,98.0,6.331006843618395,0.05177302342432758,0.2595835359819076,1.9844674545084815,150871627564766.8,332040508578746.25,98.0,241456068071756.53,90584440506989.73,454179180903274.4,1.9844674545084815,17.327353639045366,17.936465350308577,98.0,17.63190949467697,0.3045558556316054,1.5270053916090045,1.9844674545084815,5.758876184096706,5.947023457977948,98.0,5.852949821037327,0.09407363694062132,0.47167358026554834,1.9844674545084815,99.0,0.5252525252525253,-0.026629765729116038,-0.009129084625417531,98.0,-0.017879425177266785,0.008750340551849254,0.04387312525440766,1.9844674545084815,QuantileRegressor,"{'mode': 'original', 'type': 'QuantileRegressor'}",2,"['lsc_T6W30', 'density_T6W30']",0.07902767594261405,0.12754455702895456,98.0,0.1032861164857843,0.02425844054317025,0.12162882051512691,1.9844674545084815,7.565617251064317,7.694565850932316,98.0,7.6300915509983165,0.0644742999339991,0.32326616546333037,1.9844674545084815,completed,True,COMPLETE
278,6.486912341540683,2026-06-12 06:53:34.073614,2026-06-12 06:53:35.983181,0 days 00:00:01.909567,,,,,,,,,,,minkowski,15.0,distance,,KNeighborsRegressor,,,,,,2,8.0,3.0,12.0,50.0,,,ExtraTrees,,-0.021990721412568554,-0.0024337868177148336,98.0,-0.012212254115141694,0.00977846729742686,0.04902802559444073,1.9844674545084815,6.4155297399496645,6.558294943131702,98.0,6.486912341540683,0.0713826015910186,0.35790353552884113,1.9844674545084815,187193226210153.16,414890007521724.5,98.0,301041616865938.8,113848390655785.66,570821749583040.5,1.9844674545084815,17.994159757257236,18.680515970899208,98.0,18.337337864078222,0.3431781068209852,1.7206525821381495,1.9844674545084815,5.912679248754057,6.145787058698464,98.0,6.029233153726261,0.11655390497220358,0.5843868637381361,1.9844674545084815,99.0,0.7777777777777778,-0.07952877672250461,-0.04394224338255616,98.0,-0.06173551005253038,0.017793266669974224,0.08921323835012095,1.9844674545084815,KNeighborsRegressor,"{'mode': 'proxy', 'type': 'ExtraTrees'}",2,"['density_T6W30', 'asp_T6W30']",0.06054051138079912,0.10997411072907788,98.0,0.0852573110549385,0.024716799674139377,0.12392697650635404,1.9844674545084815,7.70269100827483,7.8717612811547,98.0,7.787226144714765,0.08453513643993511,0.42384871851003686,1.9844674545084815,completed,True,COMPLETE
279,6.366696958755226,2026-06-12 06:53:36.014982,2026-06-12 06:53:38.151755,0 days 00:00:02.136773,,,,,,,,,,,,,,0.015189377090842117,QuantileRegressor,,,,,,2,,,,,,,,False,0.002059533418812879,0.011482468784690376,98.0,0.0067710011017516275,0.0047114676829387485,0.023622716231539262,1.9844674545084815,6.313247284395522,6.420146633114929,98.0,6.366696958755226,0.05344967435970382,0.26799005639786283,1.9844674545084815,151214627541097.2,332833197506757.2,98.0,242023912523927.2,90809284982830.0,455306523295590.4,1.9844674545084815,17.18931986198995,17.734273521108307,98.0,17.46179669154913,0.2724768295591772,1.3661651225274065,1.9844674545084815,5.776215693306016,5.981369056521514,98.0,5.878792374913765,0.10257668160774919,0.5143067945403784,1.9844674545084815,99.0,0.6363636363636364,-0.03371397569590314,-0.016790691138054384,98.0,-0.025252333416978762,0.008461642278924377,0.042425627821169196,1.9844674545084815,QuantileRegressor,"{'mode': 'original', 'type': 'QuantileRegressor'}",2,"['lsc_T6W30', 'diameter_T6W30']",0.0715745125389278,0.11728140645899854,98.0,0.09442795949896317,0.022853446960035367,0.11458435646378336,1.9844674545084815,7.5937564323967965,7.721786011449996,98.0,7.657771221923396,0.06401478952660034,0.3209622371144789,1.9844674545084815,completed,False,COMPLETE
280,6.324468773418229,2026-06-12 06:53:38.164055,2026-06-12 06:53:40.378474,0 days 00:00:02.214419,,,,,,,,,,,,,,0.037910931857220886,QuantileRegressor,,,,,,2,,,,,,,,False,0.009584283650838962,0.017267003200768034,98.0,0.013425643425803498,0.003841359774964537,0.019260102798929986,1.9844674545084815,6.2721325518646776,6.376804994971781,98.0,6.324468773418229,0.0523362215535516,0.2624073417435327,1.9844674545084815,153519131289418.16,337852925580542.1,98.0,245686028434980.16,92166897145562.0,462113422765332.8,1.9844674545084815,17.279626796333634,17.88886927807518,98.0,17.584248037204407,0.3046212408707748,1.527333225111126,1.9844674545084815,5.768993160467661,5.9605881273628905,98.0,5.864790643915276,0.09579748344761464,0.48031673344027903,1.9844674545084815,99.0,0.5858585858585859,-0.022624383609390435,-0.007870100130808973,98.0,-0.015247241870099704,0.007377141739290731,0.03698807625024614,1.9844674545084815,QuantileRegressor,"{'mode': 'original', 'type': 'QuantileRegressor'}",2,"['nodes_T6W30', 'asp_T6W30']",0.0788165492330651,0.12550276360043072,95.0,0.10215965641674792,0.02334310718368282,0.1152069970198326,1.9852510035054978,7.557659775731446,7.6842444274036,98.0,7.620952101567523,0.06329232583607658,0.31733989352701575,1.9844674545084815,completed,False,COMPLETE
281,6.359537012886637,2026-06-12 06:53:40.392356,2026-06-12 06:53:42.683458,0 days 00:00:02.291102,,,,,,,,,,,,,,0.023541144117924986,QuantileRegressor,,,,,,13,,,,,,,,False,0.003104379179192703,0.012731413457087778,98.0,0.00791789631814024,0.004813517138947537,0.02413437958213555,1.9844674545084815,6.304854775447845,6.414219250325429,98.0,6.359537012886637,0.05468223743879202,0.27416997522872094,1.9844674545084815,151145246167870.88,332704476249488.1,98.0,241924861208679.5,90779615040808.62,455157761875976.94,1.9844674545084815,17.198503638975453,17.789730263337077,98.0,17.494116951156265,0.2956133121808123,1.4821685847916157,1.9844674545084815,5.779261154796026,5.978482899083189,98.0,5.878872026939607,0.0996108721435817,0.499436592708676,1.9844674545084815,99.0,0.6262626262626263,-0.03374694526201965,-0.016519858702271135,98.0,-0.025133401982145392,0.008613543279874257,0.04318724065228759,1.9844674545084815,QuantileRegressor,"{'mode': 'original', 'type': 'QuantileRegressor'}",13,"['nodes_T6W30', 'edges_T6W30', 're_T6W30', 'pe_T6W30', 'l1_T6W30', 'l2_T6W30', 'l3_T6W30', 'lcc_T6W30', 'lsc_T6W30', 'atd_T6W30', 'density_T6W30', 'diameter_T6W30', 'asp_T6W30']",0.06333585930608582,0.11024196868662842,98.0,0.08678891399635712,0.0234530546902713,0.11759071546161605,1.9844674545084815,7.593094946660611,7.721351402712155,98.0,7.657223174686383,0.06412822802577146,0.32153100371885474,1.9844674545084815,completed,False,COMPLETE
282,6.340864049350031,2026-06-12 06:53:42.695903,2026-06-12 06:53:42.839657,0 days 00:00:00.143754,,,,0.8741775296621762,0.2764874170872046,,,,,,,,,,ElasticNet,,,,,,2,,,,,,,,False,,,,,,,,,,,,,,,,,,,,,,,,,,,,,,,,,,,,,,,,,,,,,ElasticNet,"{'mode': 'original', 'type': 'ElasticNet'}",2,"['nodes_T6W30', 'lcc_T6W30']",,,,,,,,,,,,,,,pruned,False,PRUNED
283,6.318007016316461,2026-06-12 06:53:42.849816,2026-06-12 06:53:45.074345,0 days 00:00:02.224529,,,,,,,,,,,,,,0.018781982015569666,QuantileRegressor,,,,,,2,,,,,,,,False,0.009982802408352965,0.018769465861128785,98.0,0.014376134134740875,0.004393331726387909,0.02202762189355535,1.9844674545084815,6.265651002498816,6.370363030134105,98.0,6.318007016316461,0.052356013817644695,0.26250657770771935,1.9844674545084815,151931232440329.5,334328811980972.8,98.0,243130022210651.16,91198789770321.67,457259452124766.3,1.9844674545084815,17.236558405691706,17.876578620799304,98.0,17.556568513245505,0.3200101075537998,1.6044910993112396,1.9844674545084815,5.723634247536446,5.906939714457979,98.0,5.815286980997213,0.09165273346076674,0.45953546964332287,1.9844674545084815,99.0,0.5454545454545454,-0.023883921583214528,-0.0074517232776624975,98.0,-0.015667822430438513,0.008216099152776015,0.041194504956289464,1.9844674545084815,QuantileRegressor,"{'mode': 'original', 'type': 'QuantileRegressor'}",2,"['nodes_T6W30', 'lsc_T6W30']",0.07457919709789959,0.12156312335794345,98.0,0.09807116022792152,0.02349196313002192,0.11778579756619446,1.9844674545084815,7.558508768213372,7.685422446735313,98.0,7.621965607474342,0.06345683926097022,0.3181647434918396,1.9844674545084815,completed,False,COMPLETE
284,6.367060254826536,2026-06-12 06:53:45.087090,2026-06-12 06:53:47.360353,0 days 00:00:02.273263,,,,,,,,,,,,,,0.014006933608909075,QuantileRegressor,,,,,,2,,,,,,,,False,0.0019330097471523672,0.011491824483383642,98.0,0.006712417115268004,0.004779407368115637,0.023963357409999535,1.9844674545084815,6.3134156228335785,6.420704886819494,98.0,6.367060254826536,0.053644631992958006,0.2689675498579609,1.9844674545084815,150812584130201.06,331949211824131.7,98.0,241380897977166.38,90568313846965.31,454098323824513.4,1.9844674545084815,17.201612552164384,17.746467459998584,98.0,17.474040006081484,0.2724274539171012,1.3659175591649886,1.9844674545084815,5.778746414339944,5.986317359911709,98.0,5.882531887125826,0.10378547278588267,0.5203675240000409,1.9844674545084815,99.0,0.6363636363636364,-0.03448406872235689,-0.017110658161684812,98.0,-0.02579736344202085,0.00868670528033604,0.04355406587367219,1.9844674545084815,QuantileRegressor,"{'mode': 'original', 'type': 'QuantileRegressor'}",2,"['lsc_T6W30', 'diameter_T6W30']",0.07059908354055165,0.11682612276227254,98.0,0.0937126031514121,0.023113519610860445,0.11588832856832999,1.9844674545084815,7.595350976897256,7.724064165550162,98.0,7.659707571223709,0.06435659432645334,0.32267600410533503,1.9844674545084815,completed,False,COMPLETE
285,6.3155043334414644,2026-06-12 06:53:47.374043,2026-06-12 06:53:49.684083,0 days 00:00:02.310040,,,,,,,,,,,,,,0.029410272650609453,QuantileRegressor,,,,,,2,,,,,,,,False,0.01074993277781874,0.01886006015357837,98.0,0.014804996465698555,0.004055063687879814,0.020331587786643696,1.9844674545084815,6.263126739086903,6.3678819277960255,98.0,6.3155043334414644,0.05237759435456088,0.26261477985066123,1.9844674545084815,152628515489306.06,335881791604754.9,98.0,244255153547030.47,91626638057724.39,459404630520038.75,1.9844674545084815,17.245541505644624,17.871779810601197,98.0,17.55866065812291,0.3131191524782874,1.5699407028599197,1.9844674545084815,5.754467516019058,5.9432708806266055,98.0,5.848869198322832,0.09440168230377376,0.47331835914260273,1.9844674545084815,99.0,0.5454545454545454,-0.022085187261649875,-0.006581333852706986,98.0,-0.01433326055717843,0.007751926704471445,0.03886720171095375,1.9844674545084815,QuantileRegressor,"{'mode': 'original', 'type': 'QuantileRegressor'}",2,"['nodes_T6W30', 'asp_T6W30']",0.08227755482745444,0.12839631774931132,98.0,0.10533693628838288,0.023059381460928438,0.11561688658056565,1.9844674545084815,7.553841240111056,7.6807443413613745,98.0,7.617292790736215,0.06345155062515981,0.31813822692600313,1.9844674545084815,completed,False,COMPLETE
