number,value,datetime_start,datetime_complete,duration,params_dt_max_depth,params_dt_min_samples_leaf,params_dt_min_samples_split,params_elastic_alpha,params_elastic_l1_ratio,params_et_max_depth,params_et_max_features,params_et_min_samples_leaf,params_et_min_samples_split,params_et_n_estimators,params_knn_metric,params_knn_n_neighbors,params_knn_weights,params_quantile_alpha,params_regressor,params_rf_max_depth,params_rf_max_features,params_rf_min_samples_leaf,params_rf_min_samples_split,params_rf_n_estimators,params_rfe_n_features,params_rfe_proxy_et_max_depth,params_rfe_proxy_et_min_samples_leaf,params_rfe_proxy_et_min_samples_split,params_rfe_proxy_et_n_estimators,params_rfe_proxy_lsvr_C,params_rfe_proxy_lsvr_epsilon,params_rfe_proxy_type,params_use_scaler,user_attrs_d2mae_ci_lower_val,user_attrs_d2mae_ci_upper_val,user_attrs_d2mae_df_val,user_attrs_d2mae_mean_val,user_attrs_d2mae_samperror_val,user_attrs_d2mae_std_val,user_attrs_d2mae_t_critical_val,user_attrs_mae_ci_lower_val,user_attrs_mae_ci_upper_val,user_attrs_mae_df_val,user_attrs_mae_mean_val,user_attrs_mae_samperror_val,user_attrs_mae_std_val,user_attrs_mae_t_critical_val,user_attrs_mape_ci_lower_val,user_attrs_mape_ci_upper_val,user_attrs_mape_df_val,user_attrs_mape_mean_val,user_attrs_mape_samperror_val,user_attrs_mape_std_val,user_attrs_mape_t_critical_val,user_attrs_max_error_ci_lower_val,user_attrs_max_error_ci_upper_val,user_attrs_max_error_df_val,user_attrs_max_error_mean_val,user_attrs_max_error_samperror_val,user_attrs_max_error_std_val,user_attrs_max_error_t_critical_val,user_attrs_median_ae_ci_lower_val,user_attrs_median_ae_ci_upper_val,user_attrs_median_ae_df_val,user_attrs_median_ae_mean_val,user_attrs_median_ae_samperror_val,user_attrs_median_ae_std_val,user_attrs_median_ae_t_critical_val,user_attrs_n_splits_val,user_attrs_r2_below_zero_val,user_attrs_r2_ci_lower_val,user_attrs_r2_ci_upper_val,user_attrs_r2_df_val,user_attrs_r2_mean_val,user_attrs_r2_samperror_val,user_attrs_r2_std_val,user_attrs_r2_t_critical_val,user_attrs_regressor_final,user_attrs_rfe_estimator,user_attrs_rfe_n_features,user_attrs_rfe_selected_features,user_attrs_rho_ci_lower_val,user_attrs_rho_ci_upper_val,user_attrs_rho_df_val,user_attrs_rho_mean_val,user_attrs_rho_samperror_val,user_attrs_rho_std_val,user_attrs_rho_t_critical_val,user_attrs_rmse_ci_lower_val,user_attrs_rmse_ci_upper_val,user_attrs_rmse_df_val,user_attrs_rmse_mean_val,user_attrs_rmse_samperror_val,user_attrs_rmse_std_val,user_attrs_rmse_t_critical_val,user_attrs_termination_reason,user_attrs_use_scaler_final,state
156,6.318945447794308,2026-06-12 06:49:25.873664,2026-06-12 06:49:28.051534,0 days 00:00:02.177870,,,,,,,,,,,,,,0.02466715660811804,QuantileRegressor,,,,,,2,,,,,,,,False,0.010050074042970113,0.018423500520120328,98.0,0.01423678728154522,0.0041867132385751075,0.02099166235095542,1.9844674545084815,6.267064456492417,6.370826439096199,98.0,6.318945447794308,0.05188099130189107,0.2601248735661682,1.9844674545084815,152457724526131.75,335502955927015.0,98.0,243980340226573.38,91522615700441.62,458883075286470.06,1.9844674545084815,17.251596792167543,17.882203702271294,98.0,17.56690024721942,0.3153034550518757,1.5808925258017494,1.9844674545084815,5.750615012878378,5.938643509681859,98.0,5.844629261280119,0.09401424840174047,0.4713758134769808,1.9844674545084815,99.0,0.5454545454545454,-0.023168798263406863,-0.007308658452624062,98.0,-0.015238728358015463,0.0079300699053914,0.03976038968699551,1.9844674545084815,QuantileRegressor,"{'mode': 'original', 'type': 'QuantileRegressor'}",2,"['nodes_T6W30', 'lsc_T6W30']",0.07258787081630642,0.12029054381088601,98.0,0.09643920731359622,0.023851336497289797,0.11958765118112714,1.9844674545084815,7.557249163834335,7.683798670259142,98.0,7.6205239170467385,0.06327475321240374,0.31725178656536335,1.9844674545084815,completed,False,COMPLETE
157,6.434313725490196,2026-06-12 06:49:28.063999,2026-06-12 06:49:28.225751,0 days 00:00:00.161752,,,,,,,,,,,euclidean,20.0,uniform,,KNeighborsRegressor,,,,,,3,,,,,0.00101537654858766,0.147296437882871,LinearSVR,,,,,,,,,,,,,,,,,,,,,,,,,,,,,,,,,,,,,,,,,,,,,,KNeighborsRegressor,"{'mode': 'proxy', 'type': 'LinearSVR'}",3,"['l3_T6W30', 'atd_T6W30', 'density_T6W30']",,,,,,,,,,,,,,,pruned,True,PRUNED
158,6.366311273270762,2026-06-12 06:49:28.235007,2026-06-12 06:49:30.351001,0 days 00:00:02.115994,,,,,,,,,,,,,,0.01500816451356953,QuantileRegressor,,,,,,2,,,,,,,,False,0.0021141537438306773,0.011548677526826031,98.0,0.006831415635328354,0.004717261891497676,0.023651767676605852,1.9844674545084815,6.31283316069108,6.419789385850444,98.0,6.366311273270762,0.05347811257968156,0.2681326421154932,1.9844674545084815,151045585299355.88,332461660067327.44,98.0,241753622683341.66,90708037383985.8,454798880357640.9,1.9844674545084815,17.187940016276634,17.733310355116302,98.0,17.46062518569647,0.2726851694198327,1.3672097128205343,1.9844674545084815,5.777041762506038,5.98240519320914,98.0,5.879723477857589,0.10268171535155053,0.5148334207408595,1.9844674545084815,99.0,0.6363636363636364,-0.033755612491027834,-0.016830277948820093,98.0,-0.025292945219923965,0.008462667271103872,0.042430767005182585,1.9844674545084815,QuantileRegressor,"{'mode': 'original', 'type': 'QuantileRegressor'}",2,"['lsc_T6W30', 'diameter_T6W30']",0.07170294378726952,0.117498945419198,98.0,0.09460094460323376,0.022898000815964242,0.11480774398683484,1.9844674545084815,7.593961731045688,7.721850855720749,98.0,7.657906293383219,0.06394456233753082,0.32061012667442745,1.9844674545084815,completed,False,COMPLETE
159,6.396602131914741,2026-06-12 06:49:30.363726,2026-06-12 06:49:32.573419,0 days 00:00:02.209693,,,,,,,,,,,,,,0.010361063048757953,QuantileRegressor,,,,,,3,,,,,,,,True,-0.0038760962906966285,0.008088140748447934,98.0,0.002106022228875653,0.005982118519572282,0.02999360236790335,1.9844674545084815,6.338149047557132,6.45505521627235,98.0,6.396602131914741,0.05845308435760922,0.2930765352882036,1.9844674545084815,148108375304794.97,326078981185296.9,98.0,237093678245045.9,88985302940250.94,446161302930544.25,1.9844674545084815,17.48884124764699,18.108320363691096,98.0,17.798580805669044,0.309739558022052,1.5529958342563563,1.9844674545084815,5.80719513441976,6.014041722125758,98.0,5.910618428272759,0.1034232938529988,0.5185516036261117,1.9844674545084815,99.0,0.6868686868686869,-0.056852684002730663,-0.03199364097960876,98.0,-0.04442316249116971,0.012429521511560949,0.06232008353250004,1.9844674545084815,QuantileRegressor,"{'mode': 'original', 'type': 'QuantileRegressor'}",3,"['l1_T6W30', 'lsc_T6W30', 'density_T6W30']",0.045644170324657604,0.09713208617766604,98.0,0.07138812825116182,0.025743957926504222,0.12907702094120493,1.9844674545084815,7.656210198390144,7.797705597535107,98.0,7.726957897962626,0.0707476995724813,0.3547202153347858,1.9844674545084815,completed,True,COMPLETE
160,6.453231147209658,2026-06-12 06:49:32.586465,2026-06-12 06:49:32.764602,0 days 00:00:00.178137,,,,0.002340549093999722,0.7837812495346043,,,,,,,,,,ElasticNet,,,,,,2,,,,,,,,False,,,,,,,,,,,,,,,,,,,,,,,,,,,,,,,,,,,,,,,,,,,,,ElasticNet,"{'mode': 'original', 'type': 'ElasticNet'}",2,"['pe_T6W30', 'l2_T6W30']",,,,,,,,,,,,,,,pruned,False,PRUNED
161,6.317760831602325,2026-06-12 06:49:32.775633,2026-06-12 06:49:34.937034,0 days 00:00:02.161401,,,,,,,,,,,,,,0.01932071925021547,QuantileRegressor,,,,,,2,,,,,,,,False,0.010050102588674288,0.01877902196615409,98.0,0.01441456227741419,0.004364459688739902,0.02188286106778231,1.9844674545084815,6.2655035000859955,6.370018163118654,98.0,6.317760831602325,0.052257331516329074,0.2620117968542932,1.9844674545084815,151963633086807.3,334400372823090.56,98.0,243182002954948.94,91218369868141.62,457357624313500.94,1.9844674545084815,17.24037443294214,17.879424133447138,98.0,17.55989928319464,0.3195248502524994,1.6020580792208305,1.9844674545084815,5.723184176000134,5.906383766743214,98.0,5.814783971371674,0.09159979537153953,0.4592700446115047,1.9844674545084815,99.0,0.5454545454545454,-0.023769260187429,-0.007399112184773481,98.0,-0.01558418618610124,0.00818507400132776,0.0410389486842266,1.9844674545084815,QuantileRegressor,"{'mode': 'original', 'type': 'QuantileRegressor'}",2,"['nodes_T6W30', 'lsc_T6W30']",0.07502198248220701,0.12195891586711052,98.0,0.09849044917465877,0.02346846669245175,0.11766798933433877,1.9844674545084815,7.558256286885472,7.685074191552285,98.0,7.621665239218879,0.06340895233340639,0.31792464435985646,1.9844674545084815,completed,False,COMPLETE
162,6.315594823782562,2026-06-12 06:49:34.949884,2026-06-12 06:49:37.074838,0 days 00:00:02.124954,,,,,,,,,,,,,,0.0296587200413708,QuantileRegressor,,,,,,2,,,,,,,,False,0.010740147182552041,0.018841280216757385,98.0,0.014790713699654713,0.004050566517102672,0.02030903952859283,1.9844674545084815,6.2632367210547555,6.367952926510369,98.0,6.315594823782562,0.052358102727806353,0.26251705124490626,1.9844674545084815,152647984931391.2,335925430885715.9,98.0,244286707908553.53,91638722977162.33,459465222811395.7,1.9844674545084815,17.243258924428975,17.868152752844114,98.0,17.555705838636545,0.31244691420757015,1.5665701833153118,1.9844674545084815,5.756587446856551,5.945085606225005,98.0,5.850836526540778,0.09424907968422648,0.4725532284826156,1.9844674545084815,99.0,0.5454545454545454,-0.02197885565826908,-0.006510053419934715,98.0,-0.014244454539101897,0.007734401119167182,0.03877933059386355,1.9844674545084815,QuantileRegressor,"{'mode': 'original', 'type': 'QuantileRegressor'}",2,"['nodes_T6W30', 'asp_T6W30']",0.08227755482745444,0.12839631774931132,98.0,0.10533693628838288,0.023059381460928438,0.11561688658056565,1.9844674545084815,7.5535912001224785,7.680317302117229,98.0,7.616954251119854,0.06336305099737477,0.3176945007382308,1.9844674545084815,completed,False,COMPLETE
163,6.332247443136181,2026-06-12 06:49:37.087817,2026-06-12 06:49:39.397726,0 days 00:00:02.309909,,,,,,,,,,,,,,0.044879558442661796,QuantileRegressor,,,,,,2,,,,,,,,False,0.008516528889998673,0.01588743889782438,98.0,0.012201983893911528,0.0036854550039128547,0.018478415559721375,1.9844674545084815,6.280620430819978,6.383874455452384,98.0,6.332247443136181,0.051627012316202904,0.25885145434493234,1.9844674545084815,154065349396832.7,339048921755928.9,98.0,246557135576380.78,92491786179548.1,463742376198333.0,1.9844674545084815,17.286409855007527,17.884923621776096,98.0,17.58566673839181,0.299256883384286,1.5004370001562695,1.9844674545084815,5.782753242172396,5.9730095276177755,98.0,5.877881384895086,0.09512814272268977,0.4769607418318954,1.9844674545084815,99.0,0.6060606060606061,-0.02301392881750922,-0.008714601416933396,98.0,-0.015864265117221308,0.0071496637002879115,0.03584752949796133,1.9844674545084815,QuantileRegressor,"{'mode': 'original', 'type': 'QuantileRegressor'}",2,"['nodes_T6W30', 'asp_T6W30']",0.07770948239708095,0.12474812110784336,94.0,0.10122880175246216,0.0235193193553812,0.11545467761955877,1.985523441866604,7.559893311672363,7.687062089848732,98.0,7.623477700760548,0.06358438908818481,0.3188042625496872,1.9844674545084815,completed,False,COMPLETE
164,6.318013806715952,2026-06-12 06:49:39.411511,2026-06-12 06:49:41.688412,0 days 00:00:02.276901,,,,,,,,,,,,,,0.031918450051672084,QuantileRegressor,,,,,,2,,,,,,,,False,0.01046930452441576,0.018384067872590296,98.0,0.014426686198503028,0.003957381674087268,0.0198418222511392,1.9844674545084815,6.265512465719971,6.3705151477119335,98.0,6.318013806715952,0.05250134099598127,0.2632352302053279,1.9844674545084815,152808726653813.8,336274494856228.94,98.0,244541610755021.38,91732884101207.58,459937335041183.1,1.9844674545084815,17.251106178328488,17.87270589893745,98.0,17.56190603863297,0.31079986030448176,1.558312058758584,1.9844674545084815,5.756956605202626,5.944836688994528,98.0,5.850896647098577,0.09394004189595087,0.4710037512350706,1.9844674545084815,99.0,0.5555555555555556,-0.02204696081015052,-0.006858752469692305,98.0,-0.014452856639921413,0.007594104170229108,0.03807589904430282,1.9844674545084815,QuantileRegressor,"{'mode': 'original', 'type': 'QuantileRegressor'}",2,"['nodes_T6W30', 'asp_T6W30']",0.08227755482745444,0.12839631774931132,98.0,0.10533693628838288,0.023059381460928438,0.11561688658056565,1.9844674545084815,7.55439066146066,7.6813199599961965,98.0,7.617855310728428,0.06346464926776829,0.3182039018999564,1.9844674545084815,completed,False,COMPLETE
165,6.317438928023152,2026-06-12 06:49:41.722024,2026-06-12 06:49:43.922920,0 days 00:00:02.200896,,,,,,,,,,,,,,0.023041284379240887,QuantileRegressor,,,,,,3,,,,,,,,False,0.010238278547827773,0.018703078648869213,98.0,0.014470678598348493,0.004232400050520721,0.02122073037534687,1.9844674545084815,6.26544289113627,6.369434964910034,98.0,6.317438928023152,0.051996036886882084,0.2607016979000749,1.9844674545084815,152385038234431.44,335343745497875.0,98.0,243864391866153.22,91479353631721.77,458666164624711.8,1.9844674545084815,17.24518638574794,17.874482878772096,98.0,17.559834632260017,0.31464824651207945,1.5776073912216828,1.9844674545084815,5.749689905533406,5.93702139171318,98.0,5.843355648623293,0.09366574308988727,0.46962845094769845,1.9844674545084815,99.0,0.5454545454545454,-0.022830120894827652,-0.006847455919282468,98.0,-0.01483878840705506,0.007991332487772592,0.04006755269788546,1.9844674545084815,QuantileRegressor,"{'mode': 'original', 'type': 'QuantileRegressor'}",3,"['nodes_T6W30', 'lsc_T6W30', 'asp_T6W30']",0.07814108559826996,0.12478829954153892,98.0,0.10146469256990444,0.02332360697163447,0.11694168061091521,1.9844674545084815,7.555653998429745,7.68232703266622,98.0,7.618990515547982,0.06333651711823787,0.3175614631500409,1.9844674545084815,completed,False,COMPLETE
166,6.319289657728147,2026-06-12 06:49:43.936260,2026-06-12 06:49:46.228518,0 days 00:00:02.292258,,,,,,,,,,,,,,0.027216314657237953,QuantileRegressor,,,,,,3,,,,,,,,False,0.010079063779596824,0.018320121747955005,98.0,0.014199592763775915,0.004120528984179091,0.020659822685312648,1.9844674545084815,6.267134730921432,6.371444584534862,98.0,6.319289657728147,0.05215492680671469,0.2614983523060575,1.9844674545084815,152548714737621.75,335703176209912.3,98.0,244125945473767.03,91577230736145.3,459156908320510.6,1.9844674545084815,17.249119076487435,17.87790628664452,98.0,17.563512681565978,0.3143936050785432,1.5763306505688706,1.9844674545084815,5.756690324753513,5.945491825023132,98.0,5.8510910748883225,0.09440075013481006,0.4733136853627127,1.9844674545084815,99.0,0.5555555555555556,-0.022871189291678418,-0.007218094092022278,98.0,-0.015044641691850349,0.00782654759982807,0.03924134165089991,1.9844674545084815,QuantileRegressor,"{'mode': 'original', 'type': 'QuantileRegressor'}",3,"['nodes_T6W30', 'lsc_T6W30', 'asp_T6W30']",0.07818720443865589,0.12390425556269642,97.0,0.10104573000067615,0.022858525562020265,0.11401482063304394,1.9847231860139845,7.556314931450345,7.683581218295252,98.0,7.619948074872799,0.06363314342245413,0.31904871075160784,1.9844674545084815,completed,False,COMPLETE
167,6.344621446078993,2026-06-12 06:49:46.256595,2026-06-12 06:49:48.466335,0 days 00:00:02.209740,,,,,,,,,,,,,,0.038091539801393785,QuantileRegressor,,,,,,3,,,,,,,,False,0.0063127237179835,0.014222049440992214,98.0,0.010267386579487857,0.003954662861504357,0.019828190461120686,1.9844674545084815,6.292293133343058,6.396949758814928,98.0,6.344621446078993,0.052328312735934954,0.2623676879101929,1.9844674545084815,153843743332424.22,338568816459893.25,98.0,246206279896158.72,92362536563734.5,463094334610685.8,1.9844674545084815,17.257230406427464,17.842988165701296,98.0,17.55010928606438,0.2928788796369157,1.4684584782206491,1.9844674545084815,5.794872835059037,5.9872760648881655,98.0,5.891074449973601,0.09620161491456458,0.4823429986311801,1.9844674545084815,99.0,0.6262626262626263,-0.027229971907294752,-0.01232203807187885,98.0,-0.0197760049895868,0.007453966917707951,0.03737326819282471,1.9844674545084815,QuantileRegressor,"{'mode': 'original', 'type': 'QuantileRegressor'}",3,"['nodes_T6W30', 'diameter_T6W30', 'asp_T6W30']",0.07537335365787426,0.12212925063395047,98.0,0.09875130214591236,0.023377948488038112,0.11721414225301525,1.9844674545084815,7.5750733188911745,7.700423269858215,98.0,7.637748294374695,0.06267497548352018,0.31424457521533744,1.9844674545084815,completed,False,COMPLETE
168,6.387836464659157,2026-06-12 06:49:48.478852,2026-06-12 06:49:48.627440,0 days 00:00:00.148588,,,,,,,,,,,,,,,LinearRegression,,,,,,3,,,,,,,,False,,,,,,,,,,,,,,,,,,,,,,,,,,,,,,,,,,,,,,,,,,,,,LinearRegression,"{'mode': 'original', 'type': 'LinearRegression'}",3,"['pe_T6W30', 'l2_T6W30', 'density_T6W30']",,,,,,,,,,,,,,,pruned,False,PRUNED
169,6.767941528537484,2026-06-12 06:49:48.638027,2026-06-12 06:49:52.456440,0 days 00:00:03.818413,,,,,,,,,,,,,,,RandomForestRegressor,15.0,log2,2.0,5.0,404.0,4,,,,,,,,False,,,,,,,,,,,,,,,,,,,,,,,,,,,,,,,,,,,,,,,,,,,,,RandomForestRegressor,"{'mode': 'original', 'type': 'RandomForestRegressor'}",4,"['re_T6W30', 'l3_T6W30', 'atd_T6W30', 'density_T6W30']",,,,,,,,,,,,,,,pruned,False,PRUNED
170,6.359842545823489,2026-06-12 06:49:52.465986,2026-06-12 06:49:54.775638,0 days 00:00:02.309652,,,,,,,,,,,,,,0.012604750419258898,QuantileRegressor,,,,,,3,,,,,,,,False,0.002750937208481568,0.012894053604737145,98.0,0.007822495406609356,0.005071558198127788,0.025428165537449324,1.9844674545084815,6.305651934374975,6.414033157272003,98.0,6.359842545823489,0.05419061144851458,0.2717050233194829,1.9844674545084815,150798968399278.25,331904534127429.44,98.0,241351751263353.84,90552782864075.61,454020453397230.44,1.9844674545084815,17.185829147825082,17.79873082463569,98.0,17.492279986230386,0.30645083840530407,1.5365066008582668,1.9844674545084815,5.746269681819112,5.949580771505061,98.0,5.8479252266620865,0.1016555448429744,0.5096883287311975,1.9844674545084815,99.0,0.6060606060606061,-0.035882688265781296,-0.017377320821637673,98.0,-0.026630004543709482,0.00925268372207181,0.04639181177835247,1.9844674545084815,QuantileRegressor,"{'mode': 'original', 'type': 'QuantileRegressor'}",3,"['nodes_T6W30', 'lsc_T6W30', 'diameter_T6W30']",0.06364192667970345,0.11042395925949267,98.0,0.08703294296959806,0.023391016289894612,0.11727966259525253,1.9844674545084815,7.598389868692136,7.7261307847883405,98.0,7.662260326740238,0.06387045804810208,0.3202385769327081,1.9844674545084815,completed,False,COMPLETE
171,6.318405031113951,2026-06-12 06:49:54.817768,2026-06-12 06:49:57.174109,0 days 00:00:02.356341,,,,,,,,,,,,,,0.018228471804294162,QuantileRegressor,,,,,,2,,,,,,,,False,0.009876645112522387,0.01875006340585542,98.0,0.014313354259188903,0.004436709146666515,0.022245110913762016,1.9844674545084815,6.265917281616175,6.370892780611727,98.0,6.318405031113951,0.05248774949777569,0.2631670841143689,1.9844674545084815,151891808667641.38,334240755438024.75,98.0,243066282052833.06,91174473385191.67,457137532777259.56,1.9844674545084815,17.237692327115816,17.87831627602828,98.0,17.558004301572048,0.3203119744562298,1.6060046226240747,1.9844674545084815,5.723981576892817,5.906717543500174,98.0,5.815349560196496,0.09136798330367864,0.4581077675745733,1.9844674545084815,99.0,0.5353535353535354,-0.024070876603245486,-0.007567723616524974,98.0,-0.01581930010988523,0.008251576493360257,0.04137238395401794,1.9844674545084815,QuantileRegressor,"{'mode': 'original', 'type': 'QuantileRegressor'}",2,"['nodes_T6W30', 'lsc_T6W30']",0.0741308624761191,0.12127626810496563,98.0,0.09770356529054236,0.023572702814423262,0.1181906163576177,1.9844674545084815,7.559021207235249,7.686009695736606,98.0,7.622515451485928,0.06349424425067848,0.31835228748385763,1.9844674545084815,completed,False,COMPLETE
172,6.317605364989983,2026-06-12 06:49:57.227035,2026-06-12 06:49:59.438095,0 days 00:00:02.211060,,,,,,,,,,,,,,0.022603348445862315,QuantileRegressor,,,,,,2,,,,,,,,False,0.010195976710826563,0.018689556620950867,98.0,0.014442766665888715,0.004246789955062151,0.021292879576924138,1.9844674545084815,6.265623266007547,6.369587463972418,98.0,6.317605364989983,0.051982098982435034,0.2606318149710659,1.9844674545084815,152387993365226.3,335350898822817.56,98.0,243869446094021.94,91481452728795.64,458676689237816.6,1.9844674545084815,17.24465866524319,17.873668333123913,98.0,17.55916349918355,0.31450483394036327,1.5768883383248635,1.9844674545084815,5.74905819772855,5.936617958556315,98.0,5.8428380781424325,0.09377988041388242,0.47020072137330876,1.9844674545084815,99.0,0.5454545454545454,-0.022983159956102114,-0.006919106767366533,98.0,-0.014951133361734323,0.00803202659436779,0.0402715879151651,1.9844674545084815,QuantileRegressor,"{'mode': 'original', 'type': 'QuantileRegressor'}",2,"['nodes_T6W30', 'lsc_T6W30']",0.07762512375702568,0.12444369665261001,98.0,0.10103441020481785,0.023409286447792166,0.11737126690723416,1.9844674545084815,7.556082664439652,7.682665453505315,98.0,7.619374058972483,0.06329139453283149,0.3173352240877316,1.9844674545084815,completed,False,COMPLETE
