number,value,datetime_start,datetime_complete,duration,params_dt_max_depth,params_dt_min_samples_leaf,params_dt_min_samples_split,params_elastic_alpha,params_elastic_l1_ratio,params_et_max_depth,params_et_max_features,params_et_min_samples_leaf,params_et_min_samples_split,params_et_n_estimators,params_knn_metric,params_knn_n_neighbors,params_knn_weights,params_quantile_alpha,params_regressor,params_rf_max_depth,params_rf_max_features,params_rf_min_samples_leaf,params_rf_min_samples_split,params_rf_n_estimators,params_rfe_n_features,params_rfe_proxy_et_max_depth,params_rfe_proxy_et_min_samples_leaf,params_rfe_proxy_et_min_samples_split,params_rfe_proxy_et_n_estimators,params_rfe_proxy_lsvr_C,params_rfe_proxy_lsvr_epsilon,params_rfe_proxy_type,params_use_scaler,user_attrs_d2mae_ci_lower_val,user_attrs_d2mae_ci_upper_val,user_attrs_d2mae_df_val,user_attrs_d2mae_mean_val,user_attrs_d2mae_samperror_val,user_attrs_d2mae_std_val,user_attrs_d2mae_t_critical_val,user_attrs_mae_ci_lower_val,user_attrs_mae_ci_upper_val,user_attrs_mae_df_val,user_attrs_mae_mean_val,user_attrs_mae_samperror_val,user_attrs_mae_std_val,user_attrs_mae_t_critical_val,user_attrs_mape_ci_lower_val,user_attrs_mape_ci_upper_val,user_attrs_mape_df_val,user_attrs_mape_mean_val,user_attrs_mape_samperror_val,user_attrs_mape_std_val,user_attrs_mape_t_critical_val,user_attrs_max_error_ci_lower_val,user_attrs_max_error_ci_upper_val,user_attrs_max_error_df_val,user_attrs_max_error_mean_val,user_attrs_max_error_samperror_val,user_attrs_max_error_std_val,user_attrs_max_error_t_critical_val,user_attrs_median_ae_ci_lower_val,user_attrs_median_ae_ci_upper_val,user_attrs_median_ae_df_val,user_attrs_median_ae_mean_val,user_attrs_median_ae_samperror_val,user_attrs_median_ae_std_val,user_attrs_median_ae_t_critical_val,user_attrs_n_splits_val,user_attrs_r2_below_zero_val,user_attrs_r2_ci_lower_val,user_attrs_r2_ci_upper_val,user_attrs_r2_df_val,user_attrs_r2_mean_val,user_attrs_r2_samperror_val,user_attrs_r2_std_val,user_attrs_r2_t_critical_val,user_attrs_regressor_final,user_attrs_rfe_estimator,user_attrs_rfe_n_features,user_attrs_rfe_selected_features,user_attrs_rho_ci_lower_val,user_attrs_rho_ci_upper_val,user_attrs_rho_df_val,user_attrs_rho_mean_val,user_attrs_rho_samperror_val,user_attrs_rho_std_val,user_attrs_rho_t_critical_val,user_attrs_rmse_ci_lower_val,user_attrs_rmse_ci_upper_val,user_attrs_rmse_df_val,user_attrs_rmse_mean_val,user_attrs_rmse_samperror_val,user_attrs_rmse_std_val,user_attrs_rmse_t_critical_val,user_attrs_termination_reason,user_attrs_use_scaler_final,state
105,6.371084871018826,2026-06-12 06:47:46.573622,2026-06-12 06:47:48.768960,0 days 00:00:02.195338,,,,,,,,,,,,,,0.007254385817407123,QuantileRegressor,,,,,,2,,,,,,,,False,0.000607941951062247,0.011552910157134891,98.0,0.006080426054098569,0.005472484103036322,0.027438358436749855,1.9844674545084815,6.314997748230588,6.427171993807064,98.0,6.371084871018826,0.05608712278823836,0.2812138966097369,1.9844674545084815,149888837006773.62,329907558718742.3,98.0,239898197862757.97,90009360855984.36,451295802660985.56,1.9844674545084815,17.1613354100876,17.726501884686858,98.0,17.44391864738723,0.28258323729963114,1.4168374009423699,1.9844674545084815,5.7778542940483915,5.984057761888553,98.0,5.880956027968472,0.10310173392008075,0.516939341894112,1.9844674545084815,99.0,0.6464646464646465,-0.03827794203116929,-0.0189543333165492,98.0,-0.028616137673859246,0.009661804357310046,0.04844309204197336,1.9844674545084815,QuantileRegressor,"{'mode': 'original', 'type': 'QuantileRegressor'}",2,"['lsc_T6W30', 'diameter_T6W30']",0.06530682726605454,0.11129096021389855,98.0,0.08829889373997654,0.022992066473922,0.11527937756146718,1.9844674545084815,7.603879690281581,7.735644554275422,98.0,7.6697621222785015,0.0658824319969198,0.3303263654641419,1.9844674545084815,completed,False,COMPLETE
106,6.365535287685793,2026-06-12 06:47:48.781063,2026-06-12 06:47:51.017855,0 days 00:00:02.236792,,,,,,,,,,,,,,0.01327352508395742,QuantileRegressor,,,,,,2,,,,,,,,False,0.0020296375954100398,0.01189446699110283,98.0,0.006962052293256435,0.004932414697846395,0.024730517236790657,1.9844674545084815,6.311046589286138,6.4200239860854476,98.0,6.365535287685793,0.05448869839965453,0.2731995944240673,1.9844674545084815,150805839947841.62,331934373306540.8,98.0,241370106627191.22,90564266679349.58,454078031826655.9,1.9844674545084815,17.185241126297893,17.740253101260652,98.0,17.462747113779272,0.2775059874813808,1.3913806983255856,1.9844674545084815,5.7728296730582755,5.979675008602982,98.0,5.876252340830629,0.10342266777235279,0.5185484645351885,1.9844674545084815,99.0,0.6363636363636364,-0.034790990506035284,-0.017102331491026128,98.0,-0.025946660998530706,0.008844329507504578,0.04434437425318241,1.9844674545084815,QuantileRegressor,"{'mode': 'original', 'type': 'QuantileRegressor'}",2,"['lsc_T6W30', 'diameter_T6W30']",0.07036613905383558,0.11680543515379098,98.0,0.09358578710381328,0.023219648049977695,0.11642044343572926,1.9844674545084815,7.595501491030145,7.7249371193289935,98.0,7.660219305179569,0.0647178141494243,0.32448711562078686,1.9844674545084815,completed,False,COMPLETE
107,6.316905742335971,2026-06-12 06:47:51.031791,2026-06-12 06:47:53.329439,0 days 00:00:02.297648,,,,,,,,,,,,,,0.020653261346036192,QuantileRegressor,,,,,,3,,,,,,,,False,0.01024419732286018,0.0188527975145426,98.0,0.01454849741870139,0.004304300095841211,0.021581228309736036,1.9844674545084815,6.264841552192306,6.368969932479636,98.0,6.316905742335971,0.05206419014366495,0.2610434099001523,1.9844674545084815,152037330118915.0,334567809595259.25,98.0,243302569857087.12,91265239738172.12,457592624044805.3,1.9844674545084815,17.243491672274587,17.880340290745522,98.0,17.561915981510055,0.31842430923546683,1.5965401026801715,1.9844674545084815,5.731422799536898,5.914432370710386,98.0,5.822927585123642,0.09150478558674331,0.45879367730167725,1.9844674545084815,99.0,0.5555555555555556,-0.023428480928861926,-0.007160868825596972,98.0,-0.01529467487722945,0.008133806051632478,0.040781897525452845,1.9844674545084815,QuantileRegressor,"{'mode': 'original', 'type': 'QuantileRegressor'}",3,"['nodes_T6W30', 'lsc_T6W30', 'asp_T6W30']",0.0764560155733588,0.12322690623540491,98.0,0.09984146090438185,0.023385445331023068,0.11725173049650618,1.9844674545084815,7.557305429491293,7.683877742386376,98.0,7.6205915859388345,0.06328615644754175,0.3173089609759535,1.9844674545084815,completed,False,COMPLETE
108,6.3890591950799145,2026-06-12 06:47:53.341395,2026-06-12 06:47:55.403574,0 days 00:00:02.062179,,,,,,9.0,log2,2.0,7.0,349.0,,,,,ExtraTreesRegressor,,,,,,3,,,,,,,,False,,,,,,,,,,,,,,,,,,,,,,,,,,,,,,,,,,,,,,,,,,,,,ExtraTreesRegressor,"{'mode': 'original', 'type': 'ExtraTreesRegressor'}",3,"['re_T6W30', 'atd_T6W30', 'density_T6W30']",,,,,,,,,,,,,,,pruned,False,PRUNED
109,6.425688948101888,2026-06-12 06:47:55.413529,2026-06-12 06:47:57.690982,0 days 00:00:02.277453,,,,,,,,,,,,,,0.005153838065919017,QuantileRegressor,,,,,,3,,,,,,,,True,-0.008800271152533012,0.003907506465571664,98.0,-0.0024463823434806736,0.006353888809052338,0.03185761261751345,1.9844674545084815,6.36588943871796,6.485488457485816,98.0,6.425688948101888,0.05979950938392765,0.29982734383963233,1.9844674545084815,146675367279948.16,322955691072316.6,98.0,234815529176132.38,88140161896184.22,441923870265578.5,1.9844674545084815,17.548588305385596,18.18459059124906,98.0,17.866589448317328,0.3180011429317328,1.5944183991719296,1.9844674545084815,5.7927420362037,6.011575751494009,98.0,5.9021588938488545,0.10941685764515438,0.5486025911751566,1.9844674545084815,99.0,0.7474747474747475,-0.07209553550282208,-0.044684202600884855,98.0,-0.05838986905185346,0.013705666450968608,0.06871851642064385,1.9844674545084815,QuantileRegressor,"{'mode': 'original', 'type': 'QuantileRegressor'}",3,"['l1_T6W30', 'lsc_T6W30', 'density_T6W30']",0.03848839589101645,0.08800311335208662,98.0,0.06324575462155153,0.024757358730535084,0.1241303345986369,1.9844674545084815,7.704575961157488,7.850600846778729,98.0,7.7775884039681085,0.0730124428106204,0.36607535781949185,1.9844674545084815,completed,True,COMPLETE
110,6.3666308900171344,2026-06-12 06:47:57.704231,2026-06-12 06:48:00.052746,0 days 00:00:02.348515,,,,,,,,,,,,,,0.008800084494820183,QuantileRegressor,,,,,,3,,,,,,,,False,0.001507872907035402,0.011996247579405575,98.0,0.006752060243220489,0.005244187336185087,0.026293706684296196,1.9844674545084815,6.312101838383486,6.4211599416507825,98.0,6.3666308900171344,0.05452905163364786,0.2734019205482815,1.9844674545084815,150262946252737.75,330738282941420.1,98.0,240500614597078.94,90237668344341.17,452440508169742.1,1.9844674545084815,17.196719173102682,17.821144647130776,98.0,17.50893191011673,0.3122127370140467,1.5653960478308353,1.9844674545084815,5.751587513280762,5.955802308020835,98.0,5.853694910650798,0.10210739737003628,0.5119538614151932,1.9844674545084815,99.0,0.6262626262626263,-0.03852524058120981,-0.019714394431541472,98.0,-0.029119817506375642,0.009405423074834171,0.04715762800176837,1.9844674545084815,QuantileRegressor,"{'mode': 'original', 'type': 'QuantileRegressor'}",3,"['nodes_T6W30', 'lsc_T6W30', 'diameter_T6W30']",0.058398929097421684,0.10404906375522531,98.0,0.0812239964263235,0.022825067328901816,0.11444206450337126,1.9844674545084815,7.607590129932766,7.735257060412452,98.0,7.671423595172609,0.06383346523984292,0.3200530995674959,1.9844674545084815,completed,False,COMPLETE
111,6.316647809535816,2026-06-12 06:48:00.070629,2026-06-12 06:48:02.302992,0 days 00:00:02.232363,,,,,,,,,,,,,,0.02097353742989585,QuantileRegressor,,,,,,2,,,,,,,,False,0.01028837139356177,0.018891172313945166,98.0,0.014589771853753467,0.004301400460191698,0.021566689895226403,1.9844674545084815,6.26456192190472,6.3687336971669115,98.0,6.316647809535816,0.0520858876310958,0.2611521984185098,1.9844674545084815,152037330118915.0,334567809595259.25,98.0,243302569857087.12,91265239738172.12,457592624044805.3,1.9844674545084815,17.243458829846873,17.879380461635613,98.0,17.561419645741243,0.31796081589436925,1.594216204394377,1.9844674545084815,5.732593456520769,5.915473848400715,98.0,5.824033652460742,0.09144019593997324,0.4584698328014443,1.9844674545084815,99.0,0.5555555555555556,-0.0232739823567269,-0.0071010642731983535,98.0,-0.015187523314962627,0.008086459041764273,0.04054450547401658,1.9844674545084815,QuantileRegressor,"{'mode': 'original', 'type': 'QuantileRegressor'}",2,"['nodes_T6W30', 'lsc_T6W30']",0.0764966942781464,0.12326684291048898,98.0,0.09988176859431769,0.023385074316171282,0.11724987027392775,1.9844674545084815,7.55698111116363,7.6834388131349485,98.0,7.620209962149289,0.06322885098565957,0.31702163847781517,1.9844674545084815,completed,False,COMPLETE
112,6.316956215904186,2026-06-12 06:48:02.315862,2026-06-12 06:48:04.417065,0 days 00:00:02.101203,,,,,,,,,,,,,,0.02070253289193095,QuantileRegressor,,,,,,2,,,,,,,,False,0.010235752108980912,0.018844573149830495,98.0,0.014540162629405703,0.0043044105204247925,0.021581781964940414,1.9844674545084815,6.264905297885601,6.369007133922771,98.0,6.316956215904186,0.05205091801858507,0.2609768651065444,1.9844674545084815,152037330118915.0,334567809595259.25,98.0,243302569857087.12,91265239738172.12,457592624044805.3,1.9844674545084815,17.243138357923634,17.880049924886244,98.0,17.56159414140494,0.3184557834813062,1.596697910655966,1.9844674545084815,5.731641025263234,5.91460557370464,98.0,5.823123299483937,0.09148227422070279,0.45868080809663414,1.9844674545084815,99.0,0.5555555555555556,-0.02340248581088241,-0.007128387036500542,98.0,-0.015265436423691476,0.008137049387190934,0.040798159208795926,1.9844674545084815,QuantileRegressor,"{'mode': 'original', 'type': 'QuantileRegressor'}",2,"['nodes_T6W30', 'lsc_T6W30']",0.0764560155733588,0.12322690623540491,98.0,0.09984146090438185,0.023385445331023068,0.11725173049650618,1.9844674545084815,7.55716904894968,7.683803347298468,98.0,7.620486198124074,0.06331714917439382,0.31746435467510153,1.9844674545084815,completed,False,COMPLETE
113,6.355308326663582,2026-06-12 06:48:04.429012,2026-06-12 06:48:06.573656,0 days 00:00:02.144644,,,,,,,,,,,,,,0.05638215161179674,QuantileRegressor,,,,,,2,,,,,,,,False,0.00553964348157812,0.011691742580156596,98.0,0.008615693030867358,0.0030760495492892378,0.01542293198362549,1.9844674545084815,6.30482411297544,6.405792540351725,98.0,6.355308326663582,0.05048421368814231,0.25312160336914696,1.9844674545084815,155709848046239.44,342674836596147.1,98.0,249192342321193.28,93482494274953.83,468709664054473.1,1.9844674545084815,17.345473184878916,17.91155637690363,98.0,17.628514780891273,0.28304159601235496,1.419135554836567,1.9844674545084815,5.843647290632233,6.0339495307876065,98.0,5.93879841070992,0.09515112007768668,0.47707594744793075,1.9844674545084815,99.0,0.6464646464646465,-0.025560566103497585,-0.012784728276244807,98.0,-0.019172647189871196,0.006387918913626388,0.032028235352886,1.9844674545084815,QuantileRegressor,"{'mode': 'original', 'type': 'QuantileRegressor'}",2,"['nodes_T6W30', 'asp_T6W30']",0.07104036866602138,0.11915467962234742,89.0,0.0950975241441844,0.02405715547816302,0.11486092732855456,1.986978699506281,7.57246642583512,7.700349077551607,98.0,7.636407751693364,0.06394132585824328,0.3205938993675787,1.9844674545084815,completed,False,COMPLETE
114,6.315529472543466,2026-06-12 06:48:06.585619,2026-06-12 06:48:08.690876,0 days 00:00:02.105257,,,,,,,,,,,,,,0.021514767217539373,QuantileRegressor,,,,,,2,,,,,,,,False,0.010472361950634324,0.019048377339426256,98.0,0.01476036964503029,0.004288007694395965,0.021499540223990473,1.9844674545084815,6.263607246534259,6.3674516985526735,98.0,6.315529472543466,0.05192222600920676,0.260331619288597,1.9844674545084815,152148351451867.7,334810371467778.2,98.0,243479361459822.94,91331010007955.27,457922388042802.1,1.9844674545084815,17.24186578607592,17.8772597058162,98.0,17.55956274594606,0.31769695987014035,1.5928932629235246,1.9844674545084815,5.738769012790715,5.920591654105231,98.0,5.829680333447973,0.09091132065725814,0.4558181175470459,1.9844674545084815,99.0,0.5454545454545454,-0.022931177177239494,-0.006706136771821643,98.0,-0.014818656974530569,0.008112520202708926,0.040675172911658015,1.9844674545084815,QuantileRegressor,"{'mode': 'original', 'type': 'QuantileRegressor'}",2,"['nodes_T6W30', 'lsc_T6W30']",0.07767272440018028,0.12479257191635881,98.0,0.10123264815826954,0.023559923758089272,0.1181265437497172,1.9844674545084815,7.55552541980731,7.682111727859219,98.0,7.6188185738332646,0.0632931540259543,0.3173440459686292,1.9844674545084815,completed,False,COMPLETE
115,6.360172611803525,2026-06-12 06:48:08.702741,2026-06-12 06:48:10.937843,0 days 00:00:02.235102,,,,,,,,,,,,,,0.012410158702077597,QuantileRegressor,,,,,,3,,,,,,,,False,0.0027095109134023425,0.012835978896277852,98.0,0.007772744904840097,0.005063233991437754,0.02538642899467234,1.9844674545084815,6.305962520534868,6.414382703072182,98.0,6.360172611803525,0.05421009126865703,0.2718026927283452,1.9844674545084815,150749716950375.1,331798226396786.1,98.0,241273971673580.6,90524254723205.5,453877416827367.4,1.9844674545084815,17.18500958262589,17.796349976537446,98.0,17.49067977958167,0.3056701969557785,1.5325925611827964,1.9844674545084815,5.745924353055917,5.949387021211894,98.0,5.847655687133906,0.10173133407798815,0.5100683265816802,1.9844674545084815,99.0,0.6060606060606061,-0.03598758888154966,-0.017498813707086565,98.0,-0.026743201294318113,0.009244387587231548,0.04635021598435821,1.9844674545084815,QuantileRegressor,"{'mode': 'original', 'type': 'QuantileRegressor'}",3,"['nodes_T6W30', 'lsc_T6W30', 'diameter_T6W30']",0.06376144915391259,0.11049495973524436,98.0,0.08712820444457847,0.023366755290665887,0.1171580209458045,1.9844674545084815,7.598803246796082,7.726583516017923,98.0,7.662693381407003,0.06389013461092055,0.3203372327850142,1.9844674545084815,completed,False,COMPLETE
116,8.23762838468721,2026-06-12 06:48:10.982985,2026-06-12 06:48:11.121802,0 days 00:00:00.138817,13.0,3.0,9.0,,,,,,,,,,,,DecisionTreeRegressor,,,,,,2,,,,,,,,False,,,,,,,,,,,,,,,,,,,,,,,,,,,,,,,,,,,,,,,,,,,,,DecisionTreeRegressor,"{'mode': 'original', 'type': 'DecisionTreeRegressor'}",2,"['l3_T6W30', 'atd_T6W30']",,,,,,,,,,,,,,,pruned,False,PRUNED
117,6.317552521847991,2026-06-12 06:48:11.131074,2026-06-12 06:48:13.367879,0 days 00:00:02.236805,,,,,,,,,,,,,,0.022721524363282845,QuantileRegressor,,,,,,3,,,,,,,,False,0.010205766132217292,0.01869650318190611,98.0,0.014451134657061701,0.004245368524844409,0.02128575270161981,1.9844674545084815,6.265571213029443,6.369533830666538,98.0,6.317552521847991,0.05198130881854766,0.26062785318706483,1.9844674545084815,152389932455104.5,335355130019079.5,98.0,243872531237092.0,91482598781987.48,458682435406772.7,1.9844674545084815,17.24427966209546,17.873423108016635,98.0,17.558851385056048,0.31457172296058683,1.5772237115991978,1.9844674545084815,5.74890516070373,5.9364152200869125,98.0,5.842660190395321,0.09375502969159115,0.4700761229253641,1.9844674545084815,99.0,0.5454545454545454,-0.0229457967361495,-0.006902029513160645,98.0,-0.014923913124655073,0.008021883611494428,0.040220732253557476,1.9844674545084815,QuantileRegressor,"{'mode': 'original', 'type': 'QuantileRegressor'}",3,"['nodes_T6W30', 'lsc_T6W30', 'asp_T6W30']",0.07777588445766646,0.12454195201117614,98.0,0.1011589182344213,0.023383033776754835,0.11723963926167469,1.9844674545084815,7.555985608953255,7.682572949511957,98.0,7.619279279232606,0.06329367027935054,0.31734663439930594,1.9844674545084815,completed,False,COMPLETE
118,6.33980634255198,2026-06-12 06:48:13.385616,2026-06-12 06:48:15.534214,0 days 00:00:02.148598,,,,,,,,,,,,,,0.048400993964648455,QuantileRegressor,,,,,,2,,,,,,,,False,0.007600535782980727,0.014413817119621659,98.0,0.011007176451301193,0.0034066406683204657,0.01708047496578824,1.9844674545084815,6.289431218059135,6.390181467044825,98.0,6.33980634255198,0.0503751244928453,0.252574643636459,1.9844674545084815,154784382566130.38,340640802895769.44,98.0,247712592730949.9,92928210164819.55,465930552082047.1,1.9844674545084815,17.290578446019072,17.870325897710114,98.0,17.580452171864593,0.28987372584552207,1.4533910087984783,1.9844674545084815,5.804110544484743,5.995047549000489,98.0,5.899579046742616,0.09546850225787318,0.4786672624444535,1.9844674545084815,99.0,0.6262626262626263,-0.023353986092668463,-0.009752171202614061,98.0,-0.016553078647641262,0.006800907445027202,0.034098908769471206,1.9844674545084815,QuantileRegressor,"{'mode': 'original', 'type': 'QuantileRegressor'}",2,"['nodes_T6W30', 'asp_T6W30']",0.07801366107396741,0.1253809260315407,94.0,0.10169729355275406,0.023683632478786642,0.1162612791374338,1.985523441866604,7.563099689290688,7.689258801423211,98.0,7.6261792453569495,0.06307955606626203,0.316273092217271,1.9844674545084815,completed,False,COMPLETE
119,6.398752249195508,2026-06-12 06:48:15.546218,2026-06-12 06:48:17.745450,0 days 00:00:02.199232,,,,,,,,,,,,,,0.07419527787872392,QuantileRegressor,,,,,,2,,,,,,,,False,-0.0006257328622123752,0.004232222934527222,98.0,0.0018032450361574232,0.0024289778983697984,0.012178594757988562,1.9844674545084815,6.350609435603772,6.4468950627872434,98.0,6.398752249195508,0.04814281359173592,0.24138211287827568,1.9844674545084815,157729279048609.94,347173539360738.75,98.0,252451409204674.34,94722130156064.42,474925045039882.8,1.9844674545084815,17.458332210103528,17.987472855369482,98.0,17.722902532736505,0.26457032263297803,1.3265228747037299,1.9844674545084815,5.917897980235095,6.08344841675134,98.0,6.000673198493217,0.08277521825812253,0.4150247064192326,1.9844674545084815,99.0,0.8484848484848485,-0.031657166702795864,-0.021891416435232305,98.0,-0.026774291569014085,0.00488287513378178,0.024482131989796322,1.9844674545084815,QuantileRegressor,"{'mode': 'original', 'type': 'QuantileRegressor'}",2,"['nodes_T6W30', 'asp_T6W30']",0.04124372410865394,0.09210653501641448,66.0,0.06667512956253421,0.025431405453880274,0.10426161217165471,1.9965644189523117,7.602967349820118,7.727447289254472,98.0,7.665207319537295,0.06223996971717651,0.312063510105917,1.9844674545084815,completed,False,COMPLETE
120,6.5401836493611425,2026-06-12 06:48:17.757622,2026-06-12 06:48:18.280223,0 days 00:00:00.522601,,,,,,,,,,,manhattan,8.0,distance,,KNeighborsRegressor,,,,,,3,4.0,1.0,2.0,80.0,,,ExtraTrees,,,,,,,,,,,,,,,,,,,,,,,,,,,,,,,,,,,,,,,,,,,,,,KNeighborsRegressor,"{'mode': 'proxy', 'type': 'ExtraTrees'}",3,"['density_T6W30', 'diameter_T6W30', 'asp_T6W30']",,,,,,,,,,,,,,,pruned,True,PRUNED
121,6.317463990787438,2026-06-12 06:48:18.290302,2026-06-12 06:48:20.679446,0 days 00:00:02.389144,,,,,,,,,,,,,,0.02239650581455582,QuantileRegressor,,,,,,3,,,,,,,,False,0.010215522604040055,0.01871481579549539,98.0,0.014465169199767723,0.004249646595727669,0.021307202419901788,1.9844674545084815,6.265461678910712,6.369466302664164,98.0,6.317463990787438,0.0520023118767257,0.26073315992303825,1.9844674545084815,152387993365226.3,335350898822817.56,98.0,243869446094021.94,91481452728795.64,458676689237816.6,1.9844674545084815,17.245367146326746,17.875579613925208,98.0,17.560473380125977,0.31510623379923014,1.5799036828339952,1.9844674545084815,5.747403165966464,5.934372951318695,98.0,5.840888058642579,0.09348489267611523,0.46872168934125386,1.9844674545084815,99.0,0.5454545454545454,-0.02308075346753728,-0.006979476542780867,98.0,-0.015030115005159073,0.008050638462378206,0.040364905519388726,1.9844674545084815,QuantileRegressor,"{'mode': 'original', 'type': 'QuantileRegressor'}",3,"['nodes_T6W30', 'lsc_T6W30', 'asp_T6W30']",0.07764099043278894,0.12446352519154558,98.0,0.10105225781216726,0.02341126737937832,0.11738119905319865,1.9844674545084815,7.5563213098086095,7.683014995706946,98.0,7.619668152757778,0.0633468429491688,0.31761323558919385,1.9844674545084815,completed,False,COMPLETE
