number,value,datetime_start,datetime_complete,duration,params_bag_n_estimators,params_dt_max_depth,params_dt_min_samples_split,params_elastic_alpha,params_elastic_l1_ratio,params_et_max_depth,params_et_min_samples_split,params_et_n_estimators,params_gpr_alpha,params_knn_metric,params_knn_n_neighbors,params_knn_weights,params_regressor,params_rf_max_depth,params_rf_min_samples_split,params_rf_n_estimators,params_rfe_n_features,params_rfe_proxy_et_max_depth,params_rfe_proxy_et_min_samples_split,params_rfe_proxy_et_n_estimators,params_rfe_proxy_svc_C,params_rfe_proxy_type,params_ridge_alpha,params_ridge_solver,params_stack_final_estimator,params_svr_C,params_svr_degree,params_svr_epsilon,params_svr_gamma,params_svr_kernel,params_use_scaler,user_attrs_d2mae_ci_lower_val,user_attrs_d2mae_ci_upper_val,user_attrs_d2mae_df_val,user_attrs_d2mae_mean_val,user_attrs_d2mae_samperror_val,user_attrs_d2mae_std_val,user_attrs_d2mae_t_critical_val,user_attrs_mae_ci_lower_val,user_attrs_mae_ci_upper_val,user_attrs_mae_df_val,user_attrs_mae_mean_val,user_attrs_mae_samperror_val,user_attrs_mae_std_val,user_attrs_mae_t_critical_val,user_attrs_mape_ci_lower_val,user_attrs_mape_ci_upper_val,user_attrs_mape_df_val,user_attrs_mape_mean_val,user_attrs_mape_samperror_val,user_attrs_mape_std_val,user_attrs_mape_t_critical_val,user_attrs_max_error_ci_lower_val,user_attrs_max_error_ci_upper_val,user_attrs_max_error_df_val,user_attrs_max_error_mean_val,user_attrs_max_error_samperror_val,user_attrs_max_error_std_val,user_attrs_max_error_t_critical_val,user_attrs_median_ae_ci_lower_val,user_attrs_median_ae_ci_upper_val,user_attrs_median_ae_df_val,user_attrs_median_ae_mean_val,user_attrs_median_ae_samperror_val,user_attrs_median_ae_std_val,user_attrs_median_ae_t_critical_val,user_attrs_n_splits_val,user_attrs_r2_below_zero_val,user_attrs_r2_ci_lower_val,user_attrs_r2_ci_upper_val,user_attrs_r2_df_val,user_attrs_r2_mean_val,user_attrs_r2_samperror_val,user_attrs_r2_std_val,user_attrs_r2_t_critical_val,user_attrs_regressor_final,user_attrs_rfe_clf,user_attrs_rfe_n_features,user_attrs_rfe_selected_features,user_attrs_rho_ci_lower_val,user_attrs_rho_ci_upper_val,user_attrs_rho_df_val,user_attrs_rho_mean_val,user_attrs_rho_samperror_val,user_attrs_rho_std_val,user_attrs_rho_t_critical_val,user_attrs_rmse_ci_lower_val,user_attrs_rmse_ci_upper_val,user_attrs_rmse_df_val,user_attrs_rmse_mean_val,user_attrs_rmse_samperror_val,user_attrs_rmse_std_val,user_attrs_rmse_t_critical_val,user_attrs_termination_reason,user_attrs_use_scaler_final,state
80,6.440669386480844,2026-06-20 17:21:50.860853,2026-06-20 17:21:57.735886,0 days 00:00:06.875033,,,,0.2427621828638314,1.0,,,,,,,,ElasticNet,,,,7,,,,,,,,,,,,,,False,-0.00432760450174396,-0.0007764529460007887,398.0,-0.0025520287238723744,0.0017755757778715857,0.018040762413184648,1.9659423239762661,6.416477741507418,6.464861031454271,398.0,6.440669386480844,0.024191644973426362,0.24579954558338302,1.9659423239762661,198585325877330.8,294980750965836.3,398.0,246783038421583.56,48197712544252.74,489713529383773.4,1.9659423239762661,16.314662925446118,16.545453367264887,398.0,16.430058146355503,0.11539522090938366,1.172474748748071,1.9659423239762661,6.186226341792017,6.263413574525678,398.0,6.2248199581588475,0.038593616366830286,0.3921309764510287,1.9659423239762661,399.0,0.41854636591478694,-0.00576416756601355,0.00038449789171604576,398.0,-0.002689834837148752,0.003074332728864798,0.0312368004969139,1.9659423239762661,ElasticNet,"{'mode': 'original', 'type': 'ElasticNet'}",7,"['l3_T6W30', 'lcc_T6W30', 'lsc_T6W30', 'atd_T6W30', 'density_T6W30', 'diameter_T6W30', 'asp_T6W30']",0.07725795523590387,0.10298646046954463,398.0,0.09012220785272425,0.012864252616820383,0.13070741782783551,1.9659423239762661,7.578071780418629,7.641275943627466,398.0,7.6096738620230475,0.03160208160441867,0.3210933901513402,1.9659423239762661,completed,False,COMPLETE
81,6.437559999972325,2026-06-20 17:21:57.753457,2026-06-20 17:22:04.453382,0 days 00:00:06.699925,,,,0.3308872817970212,0.5,,,,,,,,ElasticNet,,,,7,,,,,,,,,,,,,,False,-0.0037975909248218506,-0.00034279482518210407,398.0,-0.0020701928750019773,0.0017273980498198733,0.017551251936515584,1.9659423239762661,6.413563631850324,6.4615563680943255,398.0,6.437559999972325,0.023996368122000802,0.2438154324155484,1.9659423239762661,198629229650626.5,295044746130239.1,398.0,246836987890432.8,48207758239806.3,489815598813315.9,1.9659423239762661,16.31629111384451,16.547572076990097,398.0,16.431931595417304,0.11564048157279305,1.1749667231335137,1.9659423239762661,6.184779226899549,6.261020900733103,398.0,6.222900063816326,0.03812083691677653,0.3873272942660418,1.9659423239762661,399.0,0.42105263157894735,-0.00477672769049534,0.001072143394533775,398.0,-0.0018522921479807825,0.0029244355425145576,0.029713768047918008,1.9659423239762661,ElasticNet,"{'mode': 'original', 'type': 'ElasticNet'}",7,"['re_T6W30', 'lcc_T6W30', 'lsc_T6W30', 'atd_T6W30', 'density_T6W30', 'diameter_T6W30', 'asp_T6W30']",0.07640965255333478,0.1014008150652148,398.0,0.08890523380927479,0.012495581255940011,0.12696152733243743,1.9659423239762661,7.575223933036908,7.637855334227059,398.0,7.606539633631984,0.031315700595075574,0.3181836119185012,1.9659423239762661,completed,False,COMPLETE
82,6.458511431198097,2026-06-20 17:22:04.471866,2026-06-20 17:22:11.009910,0 days 00:00:06.538044,,,,0.32560512232085936,0.0,,,,,,,,ElasticNet,,,,7,,,,,,,,,,,,,,False,-0.00718576496006956,-0.0034629696958012055,398.0,-0.005324367327935383,0.0018613976321341776,0.018912756558355035,1.9659423239762661,6.433929929603373,6.483092932792822,398.0,6.458511431198097,0.024581501594724046,0.2497606892122229,1.9659423239762661,198272455783460.03,294522030887693.25,398.0,246397243335576.62,48124787552116.59,488972573985807.4,1.9659423239762661,16.376625785650436,16.614821211969126,398.0,16.49572349880978,0.11909771315934457,1.2100939728052225,1.9659423239762661,6.18043687917795,6.259444786526149,398.0,6.21994083285205,0.03950395367409946,0.40138047133656274,1.9659423239762661,399.0,0.5513784461152882,-0.012117856984651485,-0.0058122852519314275,398.0,-0.008965071118291456,0.0031527858663600284,0.03203392469277164,1.9659423239762661,ElasticNet,"{'mode': 'original', 'type': 'ElasticNet'}",7,"['nodes_T6W30', 're_T6W30', 'pe_T6W30', 'l1_T6W30', 'l3_T6W30', 'lsc_T6W30', 'diameter_T6W30']",0.04461274372892353,0.06826622878345844,398.0,0.05643948625619098,0.011826742527267455,0.12016578211722491,1.9659423239762661,7.601715208436901,7.664958658368248,398.0,7.633336933402575,0.031621724965673496,0.3212929767968729,1.9659423239762661,completed,False,COMPLETE
83,6.441483404094875,2026-06-20 17:22:11.027513,2026-06-20 17:22:17.619734,0 days 00:00:06.592221,,,,0.2964612903107078,0.5,,,,,,,,ElasticNet,,,,6,,,,,,,,,,,,,,False,-0.0044022064538073585,-0.0009607505821934415,398.0,-0.0026814785180004,0.0017207279358069586,0.01748348015021644,1.9659423239762661,6.4175052385827005,6.465461569607049,398.0,6.441483404094875,0.02397816551217427,0.24363048454496297,1.9659423239762661,199194327624639.75,295879974391916.8,398.0,247537151008278.28,48342823383638.55,491187930087794.75,1.9659423239762661,16.31294816211508,16.540721558205153,398.0,16.426834860160117,0.11388669804503551,1.157147381181036,1.9659423239762661,6.194805505192705,6.272470886143052,398.0,6.233638195667878,0.03883269047517289,0.3945600922575774,1.9659423239762661,399.0,0.44360902255639095,-0.004774032296477063,0.0008142792579443818,398.0,-0.00197987651926634,0.002794155777210722,0.02839005867860607,1.9659423239762661,ElasticNet,"{'mode': 'original', 'type': 'ElasticNet'}",6,"['re_T6W30', 'pe_T6W30', 'lsc_T6W30', 'density_T6W30', 'diameter_T6W30', 'asp_T6W30']",0.07419437993851204,0.099228690915428,398.0,0.08671153542697002,0.01251715548845799,0.12718073262232385,1.9659423239762661,7.5759114309369835,7.638311726313447,398.0,7.607111578625215,0.031200147688231587,0.3170095349996191,1.9659423239762661,completed,False,COMPLETE
84,6.437689261666863,2026-06-20 17:22:17.637127,2026-06-20 17:22:24.366513,0 days 00:00:06.729386,,,,0.3511759048312802,0.5,,,,,,,,ElasticNet,,,,7,,,,,,,,,,,,,,False,-0.0037987354310736942,-0.00038384007470163386,398.0,-0.002091287752887664,0.00170744767818603,0.017348545907752144,1.9659423239762661,6.41376765525356,6.461610868080166,398.0,6.437689261666863,0.02392160641330279,0.24305581503338217,1.9659423239762661,198766031499389.75,295247487691874.9,398.0,247006759595632.3,48240728096242.555,490150589498690.3,1.9659423239762661,16.315151769401048,16.545954250446087,398.0,16.430553009923567,0.11540124052252058,1.1725359111111624,1.9659423239762661,6.188358548710009,6.26416327056871,398.0,6.226260909639359,0.03790236092935012,0.3851074659538588,1.9659423239762661,399.0,0.41353383458646614,-0.00447238003250731,0.0012723893000501807,398.0,-0.0015999953662285645,0.0028723846662787452,0.029184904395196852,1.9659423239762661,ElasticNet,"{'mode': 'original', 'type': 'ElasticNet'}",7,"['re_T6W30', 'lcc_T6W30', 'lsc_T6W30', 'atd_T6W30', 'density_T6W30', 'diameter_T6W30', 'asp_T6W30']",0.07713463398278184,0.10214723401539053,398.0,0.08964093399908618,0.012506300016304346,0.12707043544636126,1.9659423239762661,7.57435834465564,7.6368701749398875,398.0,7.605614259797764,0.03125591514212388,0.31757616099136643,1.9659423239762661,completed,False,COMPLETE
85,6.437693542505008,2026-06-20 17:22:24.385838,2026-06-20 17:22:31.108155,0 days 00:00:06.722317,,,,0.3517016998741864,0.5,,,,,,,,ElasticNet,,,,7,,,,,,,,,,,,,,False,-0.003798911842106973,-0.0003850483884887514,398.0,-0.002091980115297862,0.0017069317268091108,0.017343303576603138,1.9659423239762661,6.413773874971276,6.461613210038741,398.0,6.437693542505008,0.02391966753373281,0.2430361150205155,1.9659423239762661,198769581745699.8,295252749367752.4,398.0,247011165556726.1,48241583811026.266,490159284000664.6,1.9659423239762661,16.315125291011412,16.545916120174184,398.0,16.430520705592798,0.11539541458138453,1.1724767165551322,1.9659423239762661,6.18844632749275,6.264239030932485,398.0,6.2263426792126175,0.037896351719867376,0.3850464092972405,1.9659423239762661,399.0,0.41353383458646614,-0.0044648341527400775,0.0012772561345142524,398.0,-0.0015937890091129124,0.002871045143627165,0.02917129415664471,1.9659423239762661,ElasticNet,"{'mode': 'original', 'type': 'ElasticNet'}",7,"['re_T6W30', 'lcc_T6W30', 'lsc_T6W30', 'atd_T6W30', 'density_T6W30', 'diameter_T6W30', 'asp_T6W30']",0.07716603716238699,0.10217967714364565,398.0,0.08967285715301632,0.012506819990629327,0.12707571865273004,1.9659423239762661,7.574337148702218,7.636845878482152,398.0,7.605591513592185,0.031254364889967,0.3175604096327416,1.9659423239762661,completed,False,COMPLETE
86,6.762801162891513,2026-06-20 17:22:31.125793,2026-06-20 17:22:43.532390,0 days 00:00:12.406597,,,,,,,,,,,,,RandomForestRegressor,5.0,5.0,17.0,5,,,,,,,,,,,,,,False,-0.05737581118789543,-0.048099422930525305,398.0,-0.052737617059210366,0.004638194128685058,0.047126436024115904,1.9659423239762661,6.726025177573132,6.799577148209894,398.0,6.762801162891513,0.036775985318380895,0.37366291087558423,1.9659423239762661,175987772897866.0,262506038854220.2,398.0,219246905876043.1,43259132978177.1,439535022940652.25,1.9659423239762661,17.670776607763713,18.00583224256642,398.0,17.838304425165067,0.16752781740135386,1.7021687212697427,1.9659423239762661,6.350418347256006,6.471682810542261,398.0,6.411050578899133,0.06063223164312785,0.6160546338191577,1.9659423239762661,399.0,0.924812030075188,-0.13089003312169584,-0.11323794958336796,398.0,-0.1220639913525319,0.008826041769163948,0.08967712028444133,1.9659423239762661,RandomForestRegressor,"{'mode': 'original', 'type': 'RandomForestRegressor'}",5,"['pe_T6W30', 'l1_T6W30', 'l2_T6W30', 'lsc_T6W30', 'atd_T6W30']",-0.04231793675261543,-0.01700112975402233,398.0,-0.02965953325331888,0.01265840349929655,0.12861588500310706,1.9659423239762661,8.001177690706653,8.085917445714701,398.0,8.043547568210677,0.04236987750402454,0.4304997303140311,1.9659423239762661,completed,False,COMPLETE
87,6.831251702736939,2026-06-20 17:22:43.555282,2026-06-20 17:23:06.081659,0 days 00:00:22.526377,,,,,,12.0,5.0,70.0,,,,,ExtraTreesRegressor,,,,6,,,,,,,,,,,,,,False,-0.06829289018185357,-0.058591423752500385,398.0,-0.06344215696717698,0.0048507332146765884,0.04928594236660777,1.9659423239762661,6.793922654925906,6.868580750547972,398.0,6.831251702736939,0.037329047811033175,0.3792823100327094,1.9659423239762661,222782334138865.7,331738894168167.56,398.0,277260614153516.62,54478280014650.94,553527322613850.06,1.9659423239762661,17.800958419792376,18.077145675392725,398.0,17.93905204759255,0.13809362780017279,1.4031022280018093,1.9659423239762661,6.183543300446598,6.302501981740839,398.0,6.243022641093718,0.05947934064712077,0.6043406688020208,1.9659423239762661,399.0,0.9598997493734336,-0.1752775634048275,-0.15541034389292238,398.0,-0.16534395364887494,0.009933609755952557,0.1009305802353619,1.9659423239762661,ExtraTreesRegressor,"{'mode': 'original', 'type': 'ExtraTreesRegressor'}",6,"['edges_T6W30', 'pe_T6W30', 'l1_T6W30', 'l2_T6W30', 'l3_T6W30', 'diameter_T6W30']",-0.05390343033312918,-0.030058846608928408,398.0,-0.041981138471028794,0.011922291862100387,0.12113661246417022,1.9659423239762661,8.15151625807684,8.239605705341818,398.0,8.19556098170933,0.044044723632488396,0.44751702772190544,1.9659423239762661,completed,False,COMPLETE
88,6.574450833964976,2026-06-20 17:23:06.099294,2026-06-20 17:23:12.748018,0 days 00:00:06.648724,,,,,,,,,,,,,LinearRegression,,,,7,,,,,,,,,,,,,,False,-0.026271891122941714,-0.020387946785136852,398.0,-0.023329918954039283,0.0029419721689024304,0.02989194918450213,1.9659423239762661,6.54500932951062,6.603892338419332,398.0,6.574450833964976,0.029441504454355682,0.29914081593546177,1.9659423239762661,203052304904513.25,301705905075698.56,398.0,252379104990105.9,49326800085592.66,501185639068338.7,1.9659423239762661,16.64918009102048,16.90670975515687,398.0,16.777944923088675,0.12876483206819497,1.308316869078134,1.9659423239762661,6.153089722181629,6.239985098271798,398.0,6.196537410226713,0.04344768804508436,0.44145083932329837,1.9659423239762661,399.0,0.8095238095238095,-0.05820138833966249,-0.04668927971417817,398.0,-0.05244533402692033,0.005756054312742164,0.05848446998868582,1.9659423239762661,LinearRegression,"{'mode': 'original', 'type': 'LinearRegression'}",7,"['re_T6W30', 'pe_T6W30', 'l2_T6W30', 'atd_T6W30', 'density_T6W30', 'diameter_T6W30', 'asp_T6W30']",-0.013205273551397532,0.009693134944261248,398.0,-0.001756069303568141,0.01144920424782939,0.1163297991723634,1.9659423239762661,7.757739718683829,7.8300183741903,398.0,7.793879046437064,0.0361393277532356,0.3671941428204629,1.9659423239762661,completed,False,COMPLETE
89,6.486579832872731,2026-06-20 17:23:12.765746,2026-06-20 17:23:19.440054,0 days 00:00:06.674308,,,,,,,,,,,,,Ridge,,,,7,,,,,,0.5356166020125365,auto,,,,,,,False,-0.012266162275589552,-0.00706890512815165,398.0,-0.0096675337018706,0.0025986285737189503,0.0264034018051169,1.9659423239762661,6.458920963180807,6.514238702564654,398.0,6.486579832872731,0.02765886969192375,0.2810283306113664,1.9659423239762661,200453366238129.4,297801079140534.75,398.0,249127222689332.06,48673856451202.664,494551396179898.56,1.9659423239762661,16.37691321084707,16.57352933012585,398.0,16.47522127048646,0.09830805963938913,0.9988604087522498,1.9659423239762661,5.988449307493057,6.072268556076925,398.0,6.030358931784991,0.041909624291934504,0.42582332114428295,1.9659423239762661,399.0,0.6591478696741855,-0.027615644427639925,-0.018023714046629245,398.0,-0.022819679237134585,0.004795965190505341,0.048729471094456585,1.9659423239762661,Ridge,"{'mode': 'original', 'type': 'Ridge'}",7,"['nodes_T6W30', 're_T6W30', 'l2_T6W30', 'lcc_T6W30', 'atd_T6W30', 'diameter_T6W30', 'asp_T6W30']",0.04933975452917074,0.07345323911816765,398.0,0.0613964968236692,0.012056742294498454,0.12250269795456312,1.9659423239762661,7.650361069551386,7.717495076660286,398.0,7.683928073105836,0.03356700355445017,0.3410580069831054,1.9659423239762661,completed,False,COMPLETE
90,6.453747000607416,2026-06-20 17:23:19.458802,2026-06-20 17:23:26.100934,0 days 00:00:06.642132,,,,0.33900871389446063,0.0,,,,,,,,ElasticNet,,,,6,,,,,,,,,,,,,,False,-0.006396906022791813,-0.002777330397834529,398.0,-0.004587118210313171,0.001809787812478642,0.018388374267158808,1.9659423239762661,6.429409169779712,6.478084831435121,398.0,6.453747000607416,0.02433783082770476,0.24728486899118846,1.9659423239762661,198606072000545.5,295010535324628.6,398.0,246808303662587.06,48202231662041.57,489759445942988.44,1.9659423239762661,16.354546661728875,16.58689073564276,398.0,16.47071869868582,0.11617203695694328,1.180367599015251,1.9659423239762661,6.177640398967634,6.256288278474688,398.0,6.216964338721161,0.039323939753526646,0.3995514373901699,1.9659423239762661,399.0,0.531328320802005,-0.009585188675127558,-0.003702319163029953,398.0,-0.0066437539190787554,0.0029414347560488023,0.02988648879372021,1.9659423239762661,ElasticNet,"{'mode': 'original', 'type': 'ElasticNet'}",6,"['re_T6W30', 'pe_T6W30', 'l1_T6W30', 'l3_T6W30', 'lsc_T6W30', 'diameter_T6W30']",0.04994928777228053,0.0735056665548171,398.0,0.061727477163548816,0.011778189391268283,0.11967245730287872,1.9659423239762661,7.593336881911128,7.656007487119792,398.0,7.62467218451546,0.03133530260433211,0.31838277840647955,1.9659423239762661,completed,False,COMPLETE
91,6.4377031819376045,2026-06-20 17:23:26.118927,2026-06-20 17:23:33.022681,0 days 00:00:06.903754,,,,0.35287148527192447,0.5,,,,,,,,ElasticNet,,,,7,,,,,,,,,,,,,,False,-0.0037993209958878376,-0.00038775627523176723,398.0,-0.0020935386355598025,0.0017057823603280353,0.017331625422469035,1.9659423239762661,6.413787834246772,6.461618529628437,398.0,6.4377031819376045,0.02391534769083221,0.2429922231965769,1.9659423239762661,198777486839703.22,295264465251653.9,398.0,247020976045678.56,48243489205975.336,490178643792574.4,1.9659423239762661,16.315065414787234,16.545830297599586,398.0,16.43044785619341,0.11538244140617558,1.1723449024277905,1.9659423239762661,6.188641926459748,6.264408002036469,398.0,6.226524964248108,0.03788303778836106,0.3849111329107948,1.9659423239762661,399.0,0.41353383458646614,-0.004448040618815216,0.0012880979496687583,398.0,-0.0015799713345732288,0.002868069284241987,0.029141057895927417,1.9659423239762661,ElasticNet,"{'mode': 'original', 'type': 'ElasticNet'}",7,"['re_T6W30', 'lcc_T6W30', 'lsc_T6W30', 'atd_T6W30', 'density_T6W30', 'diameter_T6W30', 'asp_T6W30']",0.07721970135003188,0.1022302427598505,398.0,0.08972497205494119,0.012505270704909309,0.12705997711360043,1.9659423239762661,7.5742899459478625,7.63679178302786,398.0,7.605540864487861,0.031250918539998535,0.317525392945902,1.9659423239762661,completed,False,COMPLETE
92,6.437707475814719,2026-06-20 17:23:33.067693,2026-06-20 17:23:39.676863,0 days 00:00:06.609170,,,,0.35339248526128614,0.5,,,,,,,,ElasticNet,,,,7,,,,,,,,,,,,,,False,-0.0037995042875153865,-0.0003889614262876837,398.0,-0.002094232856901535,0.0017052714306138514,0.017326434113994173,1.9659423239762661,6.4137940484705025,6.461620903158935,398.0,6.437707475814719,0.0239134273442161,0.24297271148804608,1.9659423239762661,198781005035133.38,295269679526696.0,398.0,247025342280914.7,48244337245781.33,490187260312830.7,1.9659423239762661,16.315038812174578,16.545792173272687,398.0,16.430415492723633,0.11537668054905657,1.172286369158822,1.9659423239762661,6.188726717490748,6.264480905332493,398.0,6.2266038114116204,0.037877093920872684,0.3848507401624201,1.9659423239762661,399.0,0.41353383458646614,-0.004440579767057522,0.0012929113283273426,398.0,-0.0015738342193650895,0.002866745547692432,0.029127608052284697,1.9659423239762661,ElasticNet,"{'mode': 'original', 'type': 'ElasticNet'}",7,"['re_T6W30', 'lcc_T6W30', 'lsc_T6W30', 'atd_T6W30', 'density_T6W30', 'diameter_T6W30', 'asp_T6W30']",0.07721766126953257,0.10223182411986696,398.0,0.08972474269469977,0.0125070814251672,0.12707837496199217,1.9659423239762661,7.574268982788807,7.636767755392357,398.0,7.605518369090582,0.031249386301774915,0.31750982461809685,1.9659423239762661,completed,False,COMPLETE
93,6.441359617164143,2026-06-20 17:23:39.696367,2026-06-20 17:23:46.346555,0 days 00:00:06.650188,,,,0.2821686662542907,0.5,,,,,,,,ElasticNet,,,,7,,,,,,,,,,,,,,False,-0.0044013758234552,-0.0009213185898765582,398.0,-0.002661347206665879,0.0017400286167893208,0.01767958498806958,1.9659423239762661,6.417310324204685,6.465408910123601,398.0,6.441359617164143,0.02404929295945837,0.24435317596343173,1.9659423239762661,199063574698304.94,295686398713636.44,398.0,247374986705970.7,48311412007665.74,490868774364868.7,1.9659423239762661,16.31442431540595,16.542818749692046,398.0,16.428621532549,0.11419721714304729,1.1603024147998782,1.9659423239762661,6.1911158953803165,6.268856145909383,398.0,6.22998602064485,0.03887012526453299,0.3949404489560917,1.9659423239762661,399.0,0.44360902255639095,-0.005053792838236163,0.0006295752446342038,398.0,-0.0022121087968009798,0.0028416840414351835,0.02887297026901558,1.9659423239762661,ElasticNet,"{'mode': 'original', 'type': 'ElasticNet'}",7,"['re_T6W30', 'pe_T6W30', 'lsc_T6W30', 'atd_T6W30', 'density_T6W30', 'diameter_T6W30', 'asp_T6W30']",0.07331620913116563,0.09831934386328203,398.0,0.08581777649722383,0.012501567366058206,0.12702234928764058,1.9659423239762661,7.576711323500793,7.639216107833412,398.0,7.607963715667102,0.03125239216630973,0.3175403657465548,1.9659423239762661,completed,False,COMPLETE
