number,value,datetime_start,datetime_complete,duration,params_dt_max_depth,params_dt_min_samples_leaf,params_dt_min_samples_split,params_elastic_alpha,params_elastic_l1_ratio,params_et_max_depth,params_et_max_features,params_et_min_samples_leaf,params_et_min_samples_split,params_et_n_estimators,params_knn_metric,params_knn_n_neighbors,params_knn_weights,params_quantile_alpha,params_regressor,params_rf_max_depth,params_rf_max_features,params_rf_min_samples_leaf,params_rf_min_samples_split,params_rf_n_estimators,params_rfe_n_features,params_rfe_proxy_et_max_depth,params_rfe_proxy_et_min_samples_leaf,params_rfe_proxy_et_min_samples_split,params_rfe_proxy_et_n_estimators,params_rfe_proxy_lsvr_C,params_rfe_proxy_lsvr_epsilon,params_rfe_proxy_type,params_use_scaler,user_attrs_d2mae_ci_lower_val,user_attrs_d2mae_ci_upper_val,user_attrs_d2mae_df_val,user_attrs_d2mae_mean_val,user_attrs_d2mae_samperror_val,user_attrs_d2mae_std_val,user_attrs_d2mae_t_critical_val,user_attrs_mae_ci_lower_val,user_attrs_mae_ci_upper_val,user_attrs_mae_df_val,user_attrs_mae_mean_val,user_attrs_mae_samperror_val,user_attrs_mae_std_val,user_attrs_mae_t_critical_val,user_attrs_mape_ci_lower_val,user_attrs_mape_ci_upper_val,user_attrs_mape_df_val,user_attrs_mape_mean_val,user_attrs_mape_samperror_val,user_attrs_mape_std_val,user_attrs_mape_t_critical_val,user_attrs_max_error_ci_lower_val,user_attrs_max_error_ci_upper_val,user_attrs_max_error_df_val,user_attrs_max_error_mean_val,user_attrs_max_error_samperror_val,user_attrs_max_error_std_val,user_attrs_max_error_t_critical_val,user_attrs_median_ae_ci_lower_val,user_attrs_median_ae_ci_upper_val,user_attrs_median_ae_df_val,user_attrs_median_ae_mean_val,user_attrs_median_ae_samperror_val,user_attrs_median_ae_std_val,user_attrs_median_ae_t_critical_val,user_attrs_n_splits_val,user_attrs_r2_below_zero_val,user_attrs_r2_ci_lower_val,user_attrs_r2_ci_upper_val,user_attrs_r2_df_val,user_attrs_r2_mean_val,user_attrs_r2_samperror_val,user_attrs_r2_std_val,user_attrs_r2_t_critical_val,user_attrs_regressor_final,user_attrs_rfe_estimator,user_attrs_rfe_n_features,user_attrs_rfe_selected_features,user_attrs_rho_ci_lower_val,user_attrs_rho_ci_upper_val,user_attrs_rho_df_val,user_attrs_rho_mean_val,user_attrs_rho_samperror_val,user_attrs_rho_std_val,user_attrs_rho_t_critical_val,user_attrs_rmse_ci_lower_val,user_attrs_rmse_ci_upper_val,user_attrs_rmse_df_val,user_attrs_rmse_mean_val,user_attrs_rmse_samperror_val,user_attrs_rmse_std_val,user_attrs_rmse_t_critical_val,user_attrs_termination_reason,user_attrs_use_scaler_final,state
173,6.319857512130538,2026-06-12 06:49:59.451943,2026-06-12 06:50:01.564041,0 days 00:00:02.112098,,,,,,,,,,,,,,0.023530372042282727,QuantileRegressor,,,,,,2,,,,,,,,False,0.009874335101587452,0.018312757345767112,98.0,0.014093546223677282,0.00421921112208983,0.021154602719446938,1.9844674545084815,6.2678991012454,6.371815923015675,98.0,6.319857512130538,0.051958410885137446,0.2605130457810421,1.9844674545084815,152447994123485.25,335480374031962.56,98.0,243964184077723.9,91516189954238.64,458850857389766.94,1.9844674545084815,17.25295591078577,17.88222173258131,98.0,17.56758882168354,0.3146329108977725,1.57753050034831,1.9844674545084815,5.753770809830803,5.941447161801747,98.0,5.847608985816275,0.09383817598547224,0.470493008159061,1.9844674545084815,99.0,0.5454545454545454,-0.023418324606990646,-0.007484220225031896,98.0,-0.01545127241601127,0.007967052190979375,0.039945814292835856,1.9844674545084815,QuantileRegressor,"{'mode': 'original', 'type': 'QuantileRegressor'}",2,"['nodes_T6W30', 'lsc_T6W30']",0.07197563332112318,0.11959119046342097,98.0,0.09578341189227207,0.02380777857114889,0.11936925712685251,1.9844674545084815,7.558037410436333,7.684540493363157,98.0,7.621288951899745,0.06325154146341197,0.31713540572682847,1.9844674545084815,completed,False,COMPLETE
174,6.353895003248983,2026-06-12 06:50:01.576461,2026-06-12 06:50:03.876244,0 days 00:00:02.299783,,,,,,,,,,,,,,0.01632777572642831,QuantileRegressor,,,,,,3,,,,,,,,False,0.0038810792682655417,0.013626593567307856,98.0,0.008753836417786699,0.004872757149521157,0.024431401668141055,1.9844674545084815,6.300368599409307,6.407421407088659,98.0,6.353895003248983,0.05352640383967632,0.2683747685202759,1.9844674545084815,151047193706384.94,332440138438690.75,98.0,241743666072537.84,90696472366152.89,454740894788628.25,1.9844674545084815,17.194205887659216,17.805606029905817,98.0,17.499905958782517,0.30570007112330055,1.5327423465638108,1.9844674545084815,5.751123233805032,5.950642080339746,98.0,5.850882657072389,0.09975942326735664,0.5001814096699637,1.9844674545084815,99.0,0.5858585858585859,-0.03351310399216652,-0.015986408404046925,98.0,-0.02474975619810672,0.008763347794059795,0.043938341958070344,1.9844674545084815,QuantileRegressor,"{'mode': 'original', 'type': 'QuantileRegressor'}",3,"['nodes_T6W30', 'lsc_T6W30', 'diameter_T6W30']",0.06603858803406754,0.11235346961635567,98.0,0.0891960288252116,0.02315744079114406,0.11610854393394765,1.9844674545084815,7.592316886785097,7.718628909790375,98.0,7.655472898287736,0.06315601150263908,0.31665643031899116,1.9844674545084815,completed,False,COMPLETE
175,6.317849967744315,2026-06-12 06:50:03.889431,2026-06-12 06:50:06.268164,0 days 00:00:02.378733,,,,,,,,,,,,,,0.031629965955552945,QuantileRegressor,,,,,,2,,,,,,,,False,0.01048071966104508,0.018427204671557857,98.0,0.014453962166301468,0.003973242505256389,0.01992134649689839,1.9844674545084815,6.265249579267397,6.370450356221233,98.0,6.317849967744315,0.0526003884769184,0.26373184202420963,1.9844674545084815,152798089382493.44,336251256618238.4,98.0,244524673000365.9,91726583617872.48,459905745197006.7,1.9844674545084815,17.252958641510908,17.873936611393297,98.0,17.563447626452103,0.3104889849411955,1.5567533681372132,1.9844674545084815,5.756973380658449,5.945407934811067,98.0,5.851190657734758,0.09421727707630859,0.4723937741399725,1.9844674545084815,99.0,0.5555555555555556,-0.022099083300272167,-0.006887671010356913,98.0,-0.01449337715531454,0.007605706144957628,0.038134069910619024,1.9844674545084815,QuantileRegressor,"{'mode': 'original', 'type': 'QuantileRegressor'}",2,"['nodes_T6W30', 'asp_T6W30']",0.08227755482745444,0.12839631774931132,98.0,0.10533693628838288,0.023059381460928438,0.11561688658056565,1.9844674545084815,7.55449116835454,7.681530054084963,98.0,7.618010611219751,0.06351944286521137,0.3184786302204732,1.9844674545084815,completed,False,COMPLETE
176,6.341605050076306,2026-06-12 06:50:06.281943,2026-06-12 06:50:08.459241,0 days 00:00:02.177298,,,,,,,,,,,,,,0.04966229752385686,QuantileRegressor,,,,,,2,,,,,,,,False,0.007350456815030793,0.01412674456696974,98.0,0.010738600691000267,0.0033881438759694738,0.016987734336688,1.9844674545084815,6.290868192871861,6.392341907280751,98.0,6.341605050076306,0.05073685720444476,0.25438832671205835,1.9844674545084815,154984991283937.66,341089541219508.4,98.0,248037266251723.0,93052274967785.34,466552597659351.1,1.9844674545084815,17.297496942088287,17.879501770506153,98.0,17.58849935629722,0.2910024142089323,1.4590501126525133,1.9844674545084815,5.802674094671356,5.991230078629779,98.0,5.896952086650567,0.09427799197921159,0.4726981911536977,1.9844674545084815,99.0,0.6363636363636364,-0.023655316850436342,-0.010129746102228845,98.0,-0.016892531476332594,0.0067627853741037474,0.03390776942093138,1.9844674545084815,QuantileRegressor,"{'mode': 'original', 'type': 'QuantileRegressor'}",2,"['nodes_T6W30', 'asp_T6W30']",0.07536456970090016,0.12282167913349623,92.0,0.0990931244171982,0.023728554716298034,0.11521649023712655,1.98608631695113,7.56399099731904,7.691157455991078,98.0,7.627574226655059,0.0635832293360186,0.31879844769576804,1.9844674545084815,completed,False,COMPLETE
177,6.318831627306174,2026-06-12 06:50:08.471850,2026-06-12 06:50:10.713659,0 days 00:00:02.241809,,,,,,,,,,,,,,0.02475144152825772,QuantileRegressor,,,,,,3,,,,,,,,False,0.010070997340159238,0.018435506130732533,98.0,0.014253251735445886,0.004182254395286649,0.02096930626219234,1.9844674545084815,6.267011448574628,6.370651806037721,98.0,6.318831627306174,0.05182017873154576,0.2598199668599671,1.9844674545084815,152459303620879.8,335506367281131.75,98.0,243982835451005.78,91523531830125.98,458887668647397.3,1.9844674545084815,17.251241906335437,17.881513289795414,98.0,17.566377598065426,0.31513569172998684,1.5800513812553498,1.9844674545084815,5.750886700064585,5.939016187380105,98.0,5.844951443722345,0.09406474365775945,0.47162899044523104,1.9844674545084815,99.0,0.5454545454545454,-0.02313645720446421,-0.007288966403974868,98.0,-0.015212711804219538,0.00792374540024467,0.039728679400426604,1.9844674545084815,QuantileRegressor,"{'mode': 'original', 'type': 'QuantileRegressor'}",3,"['nodes_T6W30', 'lsc_T6W30', 'asp_T6W30']",0.07113097765717036,0.1199556853360094,98.0,0.09554333149658988,0.02441235383941952,0.12240052274598877,1.9844674545084815,7.557208701244378,7.683628916168341,98.0,7.62041880870636,0.06321010746198095,0.31692766076835477,1.9844674545084815,completed,False,COMPLETE
178,6.3463960974950835,2026-06-12 06:50:10.727402,2026-06-12 06:50:13.341720,0 days 00:00:02.614318,,,,,,7.0,,3.0,10.0,382.0,,,,,ExtraTreesRegressor,,,,,,2,,,,,,,,False,,,,,,,,,,,,,,,,,,,,,,,,,,,,,,,,,,,,,,,,,,,,,ExtraTreesRegressor,"{'mode': 'original', 'type': 'ExtraTreesRegressor'}",2,"['density_T6W30', 'asp_T6W30']",,,,,,,,,,,,,,,pruned,False,PRUNED
179,6.340474422459099,2026-06-12 06:50:13.351246,2026-06-12 06:50:15.612420,0 days 00:00:02.261174,,,,,,,,,,,,,,0.03462574331402077,QuantileRegressor,,,,,,3,,,,,,,,False,0.006791516794104174,0.015007963774561804,98.0,0.01089974028433299,0.004108223490228815,0.020598124460632274,1.9844674545084815,6.288136203745504,6.392812641172695,98.0,6.340474422459099,0.052338218713595674,0.26241735525697796,1.9844674545084815,153257114058684.25,337272215444740.4,98.0,245264664751712.3,92007550693028.08,461314479360851.44,1.9844674545084815,17.24276928466512,17.840539608216478,98.0,17.5416544464408,0.2988851617756804,1.4985732339865427,1.9844674545084815,5.7736736855105315,5.96814216172364,98.0,5.870907923617086,0.09723423810655463,0.487520443597389,1.9844674545084815,99.0,0.6060606060606061,-0.02745163330921034,-0.012157675746171244,98.0,-0.019804654527690792,0.0076469787815195474,0.0383410058055972,1.9844674545084815,QuantileRegressor,"{'mode': 'original', 'type': 'QuantileRegressor'}",3,"['nodes_T6W30', 'diameter_T6W30', 'asp_T6W30']",0.07589925056701757,0.1226526440376492,98.0,0.09927594730233338,0.023376696735315807,0.11720786611968674,1.9844674545084815,7.575192039950443,7.700186111788704,98.0,7.637689075869574,0.06249703591913014,0.31335240824767024,1.9844674545084815,completed,False,COMPLETE
180,6.365439113329754,2026-06-12 06:50:15.625013,2026-06-12 06:50:17.796867,0 days 00:00:02.171854,,,,,,,,,,,,,,0.01313803415256975,QuantileRegressor,,,,,,2,,,,,,,,False,0.002033527723770928,0.01192461437110253,98.0,0.00697907104743673,0.004945543323665802,0.024796342542855045,1.9844674545084815,6.310843399001646,6.420034827657862,98.0,6.365439113329754,0.05459571432810741,0.27373615905322773,1.9844674545084815,150599391557325.0,331494246707162.1,98.0,241046819132243.56,90447427574918.55,453492215008105.6,1.9844674545084815,17.18512026342551,17.74049779314064,98.0,17.462809028283075,0.27768876485756516,1.3922971214832323,1.9844674545084815,5.770089754653748,5.977844895374458,98.0,5.873967325014103,0.10387757036035519,0.5208292898474978,1.9844674545084815,99.0,0.6363636363636364,-0.03477053867907821,-0.017027960433457556,98.0,-0.02589924955626788,0.008871289122810327,0.044479546429866415,1.9844674545084815,QuantileRegressor,"{'mode': 'original', 'type': 'QuantileRegressor'}",2,"['lsc_T6W30', 'diameter_T6W30']",0.07023458129088311,0.1166028806519123,98.0,0.0934187309713977,0.023184149680514583,0.11624245900180306,1.9844674545084815,7.595187393608342,7.724915071594872,98.0,7.660051232601607,0.06486383899326509,0.3252192661269439,1.9844674545084815,completed,False,COMPLETE
181,6.315444676579319,2026-06-12 06:50:17.810315,2026-06-12 06:50:20.023235,0 days 00:00:02.212920,,,,,,,,,,,,,,0.02114409132076843,QuantileRegressor,,,,,,2,,,,,,,,False,0.01047543918622847,0.019077429147689392,98.0,0.01477643416695893,0.004300994980730462,0.02156465687135888,1.9844674545084815,6.263393050531748,6.36749630262689,98.0,6.315444676579319,0.05205162604757081,0.26098041507630737,1.9844674545084815,152044087171226.7,334584076937082.4,98.0,243314082054154.53,91269994882927.83,457616465752477.5,1.9844674545084815,17.242814540140415,17.878995886222114,98.0,17.560905213181265,0.31809067304085087,1.5948672920656524,1.9844674545084815,5.735710535320199,5.918263735790849,98.0,5.826987135555524,0.09127660023532548,0.4576495841724264,1.9844674545084815,99.0,0.5454545454545454,-0.022981296182023173,-0.006750724958175079,98.0,-0.014866010570099127,0.008115285611924048,0.040689038331427195,1.9844674545084815,QuantileRegressor,"{'mode': 'original', 'type': 'QuantileRegressor'}",2,"['nodes_T6W30', 'lsc_T6W30']",0.0777201398635256,0.12485135638833564,98.0,0.10128574812593062,0.02356560826240502,0.1181550451512771,1.9844674545084815,7.5556766185866,7.682325627785814,98.0,7.619001123186207,0.06332450459960683,0.31750123386737494,1.9844674545084815,completed,False,COMPLETE
182,6.31728036185929,2026-06-12 06:50:20.035830,2026-06-12 06:50:22.297529,0 days 00:00:02.261699,,,,,,,,,,,,,,0.02215921316422478,QuantileRegressor,,,,,,2,,,,,,,,False,0.010237017765290068,0.018748899389028777,98.0,0.014492958577159423,0.004255940811869354,0.02133876084114564,1.9844674545084815,6.26528345124933,6.369277272469251,98.0,6.31728036185929,0.05199691060996045,0.2607060786395247,1.9844674545084815,152384237398062.47,335342295181737.1,98.0,243863266289899.8,91479028891837.34,458664536419096.3,1.9844674545084815,17.245586109368663,17.87767772234604,98.0,17.56163191585735,0.3160458064886896,1.5846145840893255,1.9844674545084815,5.748421962774137,5.935493177790755,98.0,5.841957570282446,0.09353560750830829,0.46897596723728296,1.9844674545084815,99.0,0.5454545454545454,-0.02315975087977488,-0.006988521272276879,98.0,-0.01507413607602588,0.008085614803749001,0.0405402725690263,1.9844674545084815,QuantileRegressor,"{'mode': 'original', 'type': 'QuantileRegressor'}",2,"['nodes_T6W30', 'lsc_T6W30']",0.07766071090155832,0.12447860585128082,98.0,0.10106965837641957,0.02340894747486124,0.11736956733888387,1.9844674545084815,7.556434384444329,7.683195799614745,98.0,7.619815092029537,0.06338070758520781,0.31778302868579744,1.9844674545084815,completed,False,COMPLETE
183,6.3186031028030145,2026-06-12 06:50:22.310754,2026-06-12 06:50:24.470870,0 days 00:00:02.160116,,,,,,,,,,,,,,0.02773795689100973,QuantileRegressor,,,,,,2,,,,,,,,False,0.010169112381003036,0.018441328448995212,98.0,0.014305220414999124,0.004136108033996089,0.020737934114223994,1.9844674545084815,6.266442224497941,6.370763981108088,98.0,6.3186031028030145,0.05216087830507383,0.2615281923827282,1.9844674545084815,152542628468930.94,335688578507774.5,98.0,244115603488352.72,91572975019421.77,459135570683220.6,1.9844674545084815,17.249607918731694,17.877843952083364,98.0,17.56372593540753,0.3141180166758344,1.5749488844034212,1.9844674545084815,5.756659713576924,5.945081118396497,98.0,5.85087041598671,0.09421070240978636,0.4723608095752077,1.9844674545084815,99.0,0.5454545454545454,-0.022669241706026445,-0.00698588083379764,98.0,-0.014827561269912042,0.007841680436114402,0.03931721582035773,1.9844674545084815,QuantileRegressor,"{'mode': 'original', 'type': 'QuantileRegressor'}",2,"['nodes_T6W30', 'lsc_T6W30']",0.07875146108321236,0.12487153407645123,97.0,0.1018114975798318,0.023060036496619436,0.11501992627739463,1.9847231860139845,7.555493125548537,7.6827489983378054,98.0,7.619121061943171,0.0636279363946338,0.31902260335814,1.9844674545084815,completed,False,COMPLETE
184,6.362836351520797,2026-06-12 06:50:24.484627,2026-06-12 06:50:26.718615,0 days 00:00:02.233988,,,,,,,,,,,,,,0.01663132096835797,QuantileRegressor,,,,,,2,,,,,,,,False,0.0028414710473491705,0.011892710719457307,98.0,0.007367090883403238,0.004525619836054068,0.022690898113567795,1.9844674545084815,6.310250952730116,6.415421750311478,98.0,6.362836351520797,0.052585398790681186,0.26365668559139277,1.9844674545084815,151097517086768.8,332577561917400.25,98.0,241837539502084.53,90740022415315.73,454959249348709.2,1.9844674545084815,17.20676423899649,17.746280591937627,98.0,17.47652241546706,0.2697581764705675,1.3525341321935904,1.9844674545084815,5.7781169581355245,5.979982636718833,98.0,5.879049797427179,0.10093283929165386,0.5060647724836135,1.9844674545084815,99.0,0.6363636363636364,-0.03268719176654669,-0.016201552930982875,98.0,-0.024444372348764783,0.00824281941778191,0.04132847706017368,1.9844674545084815,QuantileRegressor,"{'mode': 'original', 'type': 'QuantileRegressor'}",2,"['lsc_T6W30', 'diameter_T6W30']",0.07422422166387885,0.11974189730832158,98.0,0.09698305948610021,0.02275883782222136,0.11410999794837128,1.9844674545084815,7.5913806238176615,7.718196910925785,98.0,7.654788767371723,0.06340814355406169,0.31792058924025474,1.9844674545084815,completed,False,COMPLETE
185,6.31669151744334,2026-06-12 06:50:26.731556,2026-06-12 06:50:29.019745,0 days 00:00:02.288189,,,,,,,,,,,,,,0.02184540341437993,QuantileRegressor,,,,,,3,,,,,,,,False,0.010325003344500483,0.018835864584161605,98.0,0.014580433964331044,0.004255430619830561,0.021336202801365462,1.9844674545084815,6.264838362559953,6.368544672326728,98.0,6.31669151744334,0.051853154883387376,0.25998530520669577,1.9844674545084815,152148554993623.1,334810812143212.0,98.0,243479683568417.56,91331128574794.47,457922982522269.1,1.9844674545084815,17.241737897952557,17.87676570264159,98.0,17.559251800297073,0.317513902344515,1.5919754351312307,1.9844674545084815,5.743729311033367,5.924649153268455,98.0,5.834189232150911,0.09045992111754393,0.4535548560855845,1.9844674545084815,99.0,0.5454545454545454,-0.0231065796010552,-0.00689741852371979,98.0,-0.015001999062387495,0.008104580538667704,0.0406353644181606,1.9844674545084815,QuantileRegressor,"{'mode': 'original', 'type': 'QuantileRegressor'}",3,"['nodes_T6W30', 'lsc_T6W30', 'asp_T6W30']",0.07744555023511038,0.12438461217466393,98.0,0.10091508120488715,0.023469530969776775,0.11767332548921293,1.9844674545084815,7.556195067827352,7.682842228006828,98.0,7.61951864791709,0.0633235800897373,0.3174965984892358,1.9844674545084815,completed,False,COMPLETE
186,6.338329616782477,2026-06-12 06:50:29.032323,2026-06-12 06:50:29.217335,0 days 00:00:00.185012,,,,,,,,,,,,,,0.0005409973442522632,QuantileRegressor,,,,,,3,,,,,,,,False,,,,,,,,,,,,,,,,,,,,,,,,,,,,,,,,,,,,,,,,,,,,,QuantileRegressor,"{'mode': 'original', 'type': 'QuantileRegressor'}",3,"['nodes_T6W30', 'l2_T6W30', 'asp_T6W30']",,,,,,,,,,,,,,,pruned,False,PRUNED
187,6.357239286121709,2026-06-12 06:50:29.227755,2026-06-12 06:50:31.605891,0 days 00:00:02.378136,,,,,,,,,,,,,,0.014114689996374682,QuantileRegressor,,,,,,3,,,,,,,,False,0.003225977480846312,0.01324555149120292,98.0,0.008235764486024616,0.005009787005178304,0.025118452416076676,1.9844674545084815,6.303082609642198,6.411395962601221,98.0,6.357239286121709,0.05415667647951165,0.27153487758209727,1.9844674545084815,150796985407936.06,331899992601626.75,98.0,241348489004781.4,90551503596845.36,454014039309562.1,1.9844674545084815,17.189157622041087,17.7977117313893,98.0,17.493434676715193,0.30427705467410565,1.5256075180911732,1.9844674545084815,5.750320386021656,5.953928955027848,98.0,5.852124670524752,0.10180428450309592,0.5104340909904082,1.9844674545084815,99.0,0.6060606060606061,-0.034987410232479234,-0.01693685775905364,98.0,-0.025962133995766436,0.0090252762367128,0.0452516187733114,1.9844674545084815,QuantileRegressor,"{'mode': 'original', 'type': 'QuantileRegressor'}",3,"['nodes_T6W30', 'lsc_T6W30', 'diameter_T6W30']",0.06483299822332961,0.11143301530496963,98.0,0.08813300676414962,0.023300008540820014,0.11682336099754756,1.9844674545084815,7.596215318287073,7.723605319348718,98.0,7.659910318817896,0.06369500053082269,0.3193588546422655,1.9844674545084815,completed,False,COMPLETE
188,7.880130718954248,2026-06-12 06:50:31.618804,2026-06-12 06:50:31.784823,0 days 00:00:00.166019,16.0,4.0,6.0,,,,,,,,,,,,DecisionTreeRegressor,,,,,,3,,,,,,,,True,,,,,,,,,,,,,,,,,,,,,,,,,,,,,,,,,,,,,,,,,,,,,DecisionTreeRegressor,"{'mode': 'original', 'type': 'DecisionTreeRegressor'}",3,"['l1_T6W30', 'l3_T6W30', 'atd_T6W30']",,,,,,,,,,,,,,,pruned,True,PRUNED
189,6.344621446078993,2026-06-12 06:50:31.794385,2026-06-12 06:50:34.014995,0 days 00:00:02.220610,,,,,,,,,,,,,,0.038042495053198885,QuantileRegressor,,,,,,3,,,,,,,,False,0.0063127237179835,0.014222049440992214,98.0,0.010267386579487857,0.003954662861504357,0.019828190461120686,1.9844674545084815,6.292293133343058,6.396949758814928,98.0,6.344621446078993,0.052328312735934954,0.2623676879101929,1.9844674545084815,153843743332424.22,338568816459893.25,98.0,246206279896158.72,92362536563734.5,463094334610685.8,1.9844674545084815,17.257230406427464,17.842988165701296,98.0,17.55010928606438,0.2928788796369157,1.4684584782206491,1.9844674545084815,5.794872835059037,5.9872760648881655,98.0,5.891074449973601,0.09620161491456458,0.4823429986311801,1.9844674545084815,99.0,0.6262626262626263,-0.027229971907294752,-0.01232203807187885,98.0,-0.0197760049895868,0.007453966917707951,0.03737326819282471,1.9844674545084815,QuantileRegressor,"{'mode': 'original', 'type': 'QuantileRegressor'}",3,"['nodes_T6W30', 'diameter_T6W30', 'asp_T6W30']",0.07537335365787426,0.12212925063395047,98.0,0.09875130214591236,0.023377948488038112,0.11721414225301525,1.9844674545084815,7.5750733188911745,7.700423269858215,98.0,7.637748294374695,0.06267497548352018,0.31424457521533744,1.9844674545084815,completed,False,COMPLETE
