number,value,datetime_start,datetime_complete,duration,params_bag_n_estimators,params_dt_max_depth,params_dt_min_samples_split,params_elastic_alpha,params_elastic_l1_ratio,params_et_max_depth,params_et_min_samples_split,params_et_n_estimators,params_gpr_alpha,params_knn_metric,params_knn_n_neighbors,params_knn_weights,params_regressor,params_rf_max_depth,params_rf_min_samples_split,params_rf_n_estimators,params_rfe_n_features,params_rfe_proxy_et_max_depth,params_rfe_proxy_et_min_samples_split,params_rfe_proxy_et_n_estimators,params_rfe_proxy_svc_C,params_rfe_proxy_type,params_ridge_alpha,params_ridge_solver,params_stack_final_estimator,params_svr_C,params_svr_degree,params_svr_epsilon,params_svr_gamma,params_svr_kernel,params_use_scaler,user_attrs_d2mae_ci_lower_val,user_attrs_d2mae_ci_upper_val,user_attrs_d2mae_df_val,user_attrs_d2mae_mean_val,user_attrs_d2mae_samperror_val,user_attrs_d2mae_std_val,user_attrs_d2mae_t_critical_val,user_attrs_mae_ci_lower_val,user_attrs_mae_ci_upper_val,user_attrs_mae_df_val,user_attrs_mae_mean_val,user_attrs_mae_samperror_val,user_attrs_mae_std_val,user_attrs_mae_t_critical_val,user_attrs_mape_ci_lower_val,user_attrs_mape_ci_upper_val,user_attrs_mape_df_val,user_attrs_mape_mean_val,user_attrs_mape_samperror_val,user_attrs_mape_std_val,user_attrs_mape_t_critical_val,user_attrs_max_error_ci_lower_val,user_attrs_max_error_ci_upper_val,user_attrs_max_error_df_val,user_attrs_max_error_mean_val,user_attrs_max_error_samperror_val,user_attrs_max_error_std_val,user_attrs_max_error_t_critical_val,user_attrs_median_ae_ci_lower_val,user_attrs_median_ae_ci_upper_val,user_attrs_median_ae_df_val,user_attrs_median_ae_mean_val,user_attrs_median_ae_samperror_val,user_attrs_median_ae_std_val,user_attrs_median_ae_t_critical_val,user_attrs_n_splits_val,user_attrs_r2_below_zero_val,user_attrs_r2_ci_lower_val,user_attrs_r2_ci_upper_val,user_attrs_r2_df_val,user_attrs_r2_mean_val,user_attrs_r2_samperror_val,user_attrs_r2_std_val,user_attrs_r2_t_critical_val,user_attrs_regressor_final,user_attrs_rfe_clf,user_attrs_rfe_n_features,user_attrs_rfe_selected_features,user_attrs_rho_ci_lower_val,user_attrs_rho_ci_upper_val,user_attrs_rho_df_val,user_attrs_rho_mean_val,user_attrs_rho_samperror_val,user_attrs_rho_std_val,user_attrs_rho_t_critical_val,user_attrs_rmse_ci_lower_val,user_attrs_rmse_ci_upper_val,user_attrs_rmse_df_val,user_attrs_rmse_mean_val,user_attrs_rmse_samperror_val,user_attrs_rmse_std_val,user_attrs_rmse_t_critical_val,user_attrs_termination_reason,user_attrs_use_scaler_final,state
66,6.440064336681648,2026-06-20 17:19:03.825034,2026-06-20 17:19:10.256096,0 days 00:00:06.431062,,,,0.2556984796300775,0.5,,,,,,,,ElasticNet,,,,8,,,,,,,,,,,,,,False,-0.0042755366058905165,-0.0006392164007499844,398.0,-0.0024573765033202503,0.001818160102570266,0.018473441037205822,1.9659423239762661,6.415742586423965,6.4643860869393315,398.0,6.440064336681648,0.02432175025768297,0.2471214821355852,1.9659423239762661,198176196547136.6,294373864788227.25,398.0,246275030667681.94,48098834120545.336,488708873782966.6,1.9659423239762661,16.32788595269162,16.562933677307026,398.0,16.445409814999323,0.11752386230770136,1.1941028393136857,1.9659423239762661,6.17146130046734,6.249008344787099,398.0,6.2102348226272195,0.03877352215987965,0.393958911766214,1.9659423239762661,399.0,0.45112781954887216,-0.006838137268955914,-0.0005500869745604146,398.0,-0.0036941121217581646,0.00314402514719775,0.03194491128374397,1.9659423239762661,ElasticNet,"{'mode': 'original', 'type': 'ElasticNet'}",8,"['re_T6W30', 'pe_T6W30', 'lcc_T6W30', 'lsc_T6W30', 'atd_T6W30', 'density_T6W30', 'diameter_T6W30', 'asp_T6W30']",0.07025346615655208,0.09502281024286414,398.0,0.08263813819970811,0.012384672043156034,0.1258346327317082,1.9659423239762661,7.581804009215304,7.644960497449704,398.0,7.613382253332504,0.03157824411719947,0.32085118903054966,1.9659423239762661,completed,False,COMPLETE
67,6.438851851551713,2026-06-20 17:19:10.275609,2026-06-20 17:19:16.845554,0 days 00:00:06.569945,,,,0.3861950577815418,0.5,,,,,,,,ElasticNet,,,,9,,,,,,,,,,,,,,False,-0.003953172898350946,-0.0005927960918407857,398.0,-0.002272984495095866,0.0016801884032550801,0.017071577665273386,1.9659423239762661,6.415018506927299,6.462685196176127,398.0,6.438851851551713,0.023833344624414318,0.24215902989847324,1.9659423239762661,199004741262892.75,295601382200187.94,398.0,247303061731540.34,48298320468647.6,490735757600395.6,1.9659423239762661,16.315132301142462,16.545142716630586,398.0,16.430137508886524,0.1150052077440602,1.1685120145514776,1.9659423239762661,6.194019344008709,6.269185087339213,398.0,6.231602215673961,0.03758287166525286,0.38186129083760934,1.9659423239762661,399.0,0.41604010025062654,-0.004241992191368978,0.0013585114017794584,398.0,-0.0014417403947947598,0.002800251796574218,0.02845199736822642,1.9659423239762661,ElasticNet,"{'mode': 'original', 'type': 'ElasticNet'}",9,"['re_T6W30', 'l2_T6W30', 'l3_T6W30', 'lcc_T6W30', 'lsc_T6W30', 'atd_T6W30', 'density_T6W30', 'diameter_T6W30', 'asp_T6W30']",0.0770660779716063,0.10224743683343751,398.0,0.08965675740252191,0.0125906794309156,0.1279277736633705,1.9659423239762661,7.573869171504147,7.63626292821296,398.0,7.605066049858554,0.031196878354406304,0.31697631688776695,1.9659423239762661,completed,False,COMPLETE
68,6.533923440525721,2026-06-20 17:19:16.874629,2026-06-20 17:19:23.696349,0 days 00:00:06.821720,,,,,,,,,,,,,SVR,,,,10,8.0,4.0,80.0,,ExtraTrees,,,,0.010024860042609498,,9.11438815472027,scale,rbf,,-0.018491884020610923,-0.015841238858389298,398.0,-0.01716656143950011,0.0013253225811108136,0.013465958538424064,1.9659423239762661,6.512468652755949,6.555378228295494,398.0,6.533923440525721,0.021454787769772315,0.21799166985919274,1.9659423239762661,216122120197136.5,321002805045405.56,398.0,268562462621271.03,52440342424134.52,532820829350309.0,1.9659423239762661,15.942811301368218,16.136675347978496,398.0,16.039743324673356,0.09693202330513867,0.9848791724189406,1.9659423239762661,6.368276728069438,6.454778716046277,398.0,6.4115277220578575,0.043250993988419216,0.43945232662189454,1.9659423239762661,399.0,0.9849624060150376,-0.007187787357505911,-0.0059158114201936455,398.0,-0.006551799388849778,0.0006359879686561331,0.006461964610670101,1.9659423239762661,SVR,"{'mode': 'proxy', 'type': 'ExtraTrees', 'n_estimators': 80, 'max_depth': 8, 'min_samples_split': 4}",10,"['edges_T6W30', 're_T6W30', 'pe_T6W30', 'l1_T6W30', 'l2_T6W30', 'l3_T6W30', 'lsc_T6W30', 'atd_T6W30', 'diameter_T6W30', 'asp_T6W30']",-0.05636508785977418,-0.03054102175284469,398.0,-0.043453054806309434,0.012912033053464743,0.13119289161962852,1.9659423239762661,7.596092855299491,7.65357083910263,398.0,7.624831847201061,0.028738991901569474,0.2920029273614871,1.9659423239762661,completed,True,COMPLETE
69,6.437688820331378,2026-06-20 17:19:23.749476,2026-06-20 17:19:30.101249,0 days 00:00:06.351773,,,,0.3984428702351085,0.5,,,,,,,,ElasticNet,,,,7,,,,,,,,,,,,,,False,-0.003759607239853021,-0.0004230353682137301,398.0,-0.0020913213040333755,0.0016682859358196453,0.016950642479172374,1.9659423239762661,6.413883412621978,6.461494228040777,398.0,6.437688820331378,0.023805407709399998,0.2418751764844923,1.9659423239762661,198987709952748.88,295576210858097.75,398.0,247281960405423.3,48294250452674.44,490694404146431.7,1.9659423239762661,16.31222422682448,16.54164956023902,398.0,16.42693689353175,0.1147126667072689,1.1655396472739823,1.9659423239762661,6.194918274953253,6.269990777188627,398.0,6.23245452607094,0.037536251117687165,0.3813876021149498,1.9659423239762661,399.0,0.41353383458646614,-0.0037050528004441145,0.001835039966163595,398.0,-0.0009350064171402597,0.0027700463833038548,0.028145094846129676,1.9659423239762661,ElasticNet,"{'mode': 'original', 'type': 'ElasticNet'}",7,"['l3_T6W30', 'lcc_T6W30', 'lsc_T6W30', 'atd_T6W30', 'density_T6W30', 'diameter_T6W30', 'asp_T6W30']",0.07948428116173362,0.10475885444663557,398.0,0.0921215678041846,0.012637286642450972,0.1284013268851083,1.9659423239762661,7.57199374531361,7.634335163696176,398.0,7.603164454504893,0.031170709191282855,0.31671042474148636,1.9659423239762661,completed,False,COMPLETE
70,9.168717662503598,2026-06-20 17:19:30.128441,2026-06-20 17:19:36.640989,0 days 00:00:06.512548,,20.0,2.0,,,,,,,,,,DecisionTreeRegressor,,,,7,,,,,,,,,,,,,,False,-0.4416457960829196,-0.41525296243782167,398.0,-0.42844937926037063,0.013196416822548957,0.13408237686500862,1.9659423239762661,9.087072636517968,9.250362688489227,398.0,9.168717662503598,0.08164502598562982,0.8295554233065018,1.9659423239762661,168326734404699.06,271653414949696.2,398.0,219990074677197.62,51663340272498.57,524926088170070.1,1.9659423239762661,24.71516943760116,25.227186452123153,398.0,24.971177944862156,0.256008507260998,2.601178002544114,1.9659423239762661,7.9840611456263755,8.226465170163097,398.0,8.105263157894736,0.12120201226836122,1.2314747332014655,1.9659423239762661,399.0,1.0,-1.2320866908853638,-1.1598120139516506,398.0,-1.1959493524185072,0.03613733846685654,0.3671739306485107,1.9659423239762661,DecisionTreeRegressor,"{'mode': 'original', 'type': 'DecisionTreeRegressor'}",7,"['edges_T6W30', 're_T6W30', 'pe_T6W30', 'l3_T6W30', 'lsc_T6W30', 'atd_T6W30', 'density_T6W30']",-0.06667378318985559,-0.039810979731113194,398.0,-0.05324238146048439,0.013431401729371198,0.13646994428257395,1.9659423239762661,11.122864106567631,11.297335789743437,398.0,11.210099948155534,0.08723584158790353,0.8863609830767817,1.9659423239762661,completed,False,COMPLETE
71,6.437780732107648,2026-06-20 17:19:36.659214,2026-06-20 17:19:43.149990,0 days 00:00:06.490776,,,,0.3939633085178044,0.5,,,,,,,,ElasticNet,,,,8,,,,,,,,,,,,,,False,-0.0037788197942194425,-0.00043185632921431726,398.0,-0.00210533806171688,0.0016734817325025626,0.017003434443712512,1.9659423239762661,6.413955187953046,6.461606276262251,398.0,6.437780732107648,0.02382554415460304,0.24207977311634638,1.9659423239762661,198952726174687.7,295524362177099.7,398.0,247238544175893.7,48285818001205.99,490608726105877.8,1.9659423239762661,16.312614123875566,16.54207116880006,398.0,16.427342646337813,0.11472852246224768,1.1657007498932108,1.9659423239762661,6.194060176603439,6.269296150147416,398.0,6.2316781633754275,0.0376179867719887,0.3822180783685219,1.9659423239762661,399.0,0.41353383458646614,-0.003803566240861956,0.001758688169926319,398.0,-0.0010224390354678186,0.0027811272053941375,0.028257681693261136,1.9659423239762661,ElasticNet,"{'mode': 'original', 'type': 'ElasticNet'}",8,"['l2_T6W30', 'l3_T6W30', 'lcc_T6W30', 'lsc_T6W30', 'atd_T6W30', 'density_T6W30', 'diameter_T6W30', 'asp_T6W30']",0.07888733787390406,0.1041918646040399,398.0,0.09153960123897198,0.012652263365067912,0.1285534980837852,1.9659423239762661,7.572306999102489,7.634672308763468,398.0,7.603489653932979,0.031182654830489293,0.31683179857496774,1.9659423239762661,completed,False,COMPLETE
72,6.43796887720551,2026-06-20 17:19:43.167816,2026-06-20 17:19:49.649021,0 days 00:00:06.481205,,,,0.406535862586476,0.5,,,,,,,,ElasticNet,,,,8,,,,,,,,,,,,,,False,-0.0037970506088925047,-0.0004736980166472366,398.0,-0.0021353743127698705,0.001661676296122634,0.01688348514300198,1.9659423239762661,6.414189499257819,6.461748255153201,398.0,6.43796887720551,0.02377937794769077,0.24161070072822194,1.9659423239762661,199052201486478.75,295671835142014.4,398.0,247362018314246.56,48309816827767.8,490852566517305.2,1.9659423239762661,16.312274820247993,16.541549256858588,398.0,16.42691203855329,0.11463721830529747,1.1647730527352502,1.9659423239762661,6.196619664499055,6.271596013937245,398.0,6.23410783921815,0.03748817471909469,0.3808991211976622,1.9659423239762661,399.0,0.41353383458646614,-0.003653454003930773,0.0018470996169673275,398.0,-0.0009031771934817227,0.00275027681044905,0.027944225825878,1.9659423239762661,ElasticNet,"{'mode': 'original', 'type': 'ElasticNet'}",8,"['l2_T6W30', 'l3_T6W30', 'lcc_T6W30', 'lsc_T6W30', 'atd_T6W30', 'density_T6W30', 'diameter_T6W30', 'asp_T6W30']",0.07948667931296031,0.10477640752969301,398.0,0.09213154342132666,0.01264486410836635,0.12847831783304586,1.9659423239762661,7.571908112656327,7.634199464329359,398.0,7.603053788492843,0.031145675836516135,0.31645607299182876,1.9659423239762661,completed,False,COMPLETE
73,6.437603530180143,2026-06-20 17:19:49.666747,2026-06-20 17:19:56.119089,0 days 00:00:06.452342,,,,0.3935367462743644,0.5,,,,,,,,ElasticNet,,,,7,,,,,,,,,,,,,,False,-0.0037506418929762787,-0.00040484869691631564,398.0,-0.002077745294946297,0.0016728965980299815,0.01699748917675677,1.9659423239762661,6.413779983502113,6.461427076858172,398.0,6.437603530180143,0.02382354667802908,0.24205947772780492,1.9659423239762661,198948525637955.9,295518119915425.06,398.0,247233322776690.5,48284797138734.586,490598353618523.1,1.9659423239762661,16.312344599733176,16.541842414460124,398.0,16.42709350709665,0.1147489073634748,1.165907870965957,1.9659423239762661,6.193968203049434,6.269140015070657,398.0,6.2315541090600455,0.03758590601061107,0.38189212134587,1.9659423239762661,399.0,0.41353383458646614,-0.003760308824212759,0.0018040134523696653,398.0,-0.000978147685921547,0.0027821611382912123,0.028268186982857768,1.9659423239762661,ElasticNet,"{'mode': 'original', 'type': 'ElasticNet'}",7,"['l3_T6W30', 'lcc_T6W30', 'lsc_T6W30', 'atd_T6W30', 'density_T6W30', 'diameter_T6W30', 'asp_T6W30']",0.07924814209536488,0.10451844412099778,398.0,0.09188329310818133,0.012635151012816459,0.12837962779047152,1.9659423239762661,7.572136183048069,7.634507165702973,398.0,7.603321674375521,0.03118549132745264,0.3168606188418577,1.9659423239762661,completed,False,COMPLETE
74,6.437493572863755,2026-06-20 17:19:56.145909,2026-06-20 17:20:02.539302,0 days 00:00:06.393393,,,,0.30879776293376054,0.5,,,,,,,,ElasticNet,,,,7,,,,,,,,,,,,,,False,-0.0038089837685060675,-0.00030886813171713276,398.0,-0.0020589259501116,0.0017500578183944674,0.017781486830619645,1.9659423239762661,6.413414387496963,6.461572758230546,398.0,6.437493572863755,0.024079185366791895,0.2446568981843491,1.9659423239762661,198482065347175.8,294826632166766.5,398.0,246654348756971.16,48172283409795.36,489455156309058.2,1.9659423239762661,16.31753990316094,16.549380442831833,398.0,16.433460172996387,0.11592026983544637,1.1778095156718176,1.9659423239762661,6.180196037524389,6.256894848600071,398.0,6.21854544306223,0.03834940553784069,0.3896496689228254,1.9659423239762661,399.0,0.42355889724310775,-0.0051345851918825364,0.0008309868947343492,398.0,-0.0021517991485740934,0.0029827860433084426,0.030306639123673894,1.9659423239762661,ElasticNet,"{'mode': 'original', 'type': 'ElasticNet'}",7,"['re_T6W30', 'lcc_T6W30', 'lsc_T6W30', 'atd_T6W30', 'density_T6W30', 'diameter_T6W30', 'asp_T6W30']",0.07543900364338721,0.10028889399572369,398.0,0.08786394881955545,0.012424945176168238,0.1262438284604192,1.9659423239762661,7.576256466909496,7.639021208335794,398.0,7.607638837622645,0.03138237071314884,0.31886101458146193,1.9659423239762661,completed,False,COMPLETE
75,6.441535854404322,2026-06-20 17:20:02.566972,2026-06-20 17:20:09.196239,0 days 00:00:06.629267,,,,0.3008178905673475,0.5,,,,,,,,ElasticNet,,,,6,,,,,,,,,,,,,,False,-0.004404824624451153,-0.000974988068409826,398.0,-0.0026899063464304895,0.0017149182780206635,0.017424451041388376,1.9659423239762661,6.4175790670394495,6.465492641769195,398.0,6.441535854404322,0.02395678736487289,0.24341327158164996,1.9659423239762661,199234133671677.66,295938911295299.1,398.0,247586522483488.4,48352388811810.75,491285119753922.0,1.9659423239762661,16.31253991797184,16.540131312601616,398.0,16.426335615286728,0.11379569731488778,1.156222766995327,1.9659423239762661,6.195977993996396,6.2736378245527815,398.0,6.234807909274589,0.038829915278192954,0.39453189483002243,1.9659423239762661,399.0,0.44360902255639095,-0.004693571146854181,0.0008661988834575505,398.0,-0.0019136861316983154,0.002779885015155866,0.02824506040204962,1.9659423239762661,ElasticNet,"{'mode': 'original', 'type': 'ElasticNet'}",6,"['re_T6W30', 'pe_T6W30', 'lsc_T6W30', 'density_T6W30', 'diameter_T6W30', 'asp_T6W30']",0.07458696892711342,0.09963791200176078,398.0,0.0871124404644371,0.012525471537323682,0.12726522795261172,1.9659423239762661,7.575684515325664,7.638053441458213,398.0,7.6068689783919385,0.031184463066275047,0.31685017117984576,1.9659423239762661,completed,False,COMPLETE
76,6.63110485651493,2026-06-20 17:20:09.214554,2026-06-20 17:20:15.726783,0 days 00:00:06.512229,,,,,,,,,,minkowski,16.0,distance,KNeighborsRegressor,,,,7,,,,0.008756475644736462,LinearSVC,,,,,,0.008566622396649756,,,,-0.035677716918860784,-0.028684348837150965,398.0,-0.032181032878005875,0.003496684040854908,0.03552810688297199,1.9659423239762661,6.5994881012647495,6.66272161176511,398.0,6.63110485651493,0.03161675525018055,0.3212424819334114,1.9659423239762661,198223195962758.06,295181043198325.94,398.0,246702119580542.0,48478923617783.92,492570778411812.06,1.9659423239762661,17.34890816021797,17.675781157308204,398.0,17.512344658763087,0.1634364985451172,1.660598819065723,1.9659423239762661,6.230034415834586,6.340333531336876,398.0,6.285183973585731,0.05514955775114473,0.5603478494019897,1.9659423239762661,399.0,0.9298245614035088,-0.08768650918158233,-0.07528669744848679,398.0,-0.08148660331503456,0.006199905866547763,0.06299422988106748,1.9659423239762661,KNeighborsRegressor,"{'mode': 'proxy', 'type': 'LinearSVC', 'C': 0.008756475644736462, 'epsilon': 0.008566622396649756}",7,"['nodes_T6W30', 'pe_T6W30', 'l1_T6W30', 'lcc_T6W30', 'lsc_T6W30', 'diameter_T6W30', 'asp_T6W30']",-0.03664139767674281,-0.013513436378983786,398.0,-0.025077417027863296,0.01156398064887951,0.11749598639331531,1.9659423239762661,7.863065563583812,7.937659695812116,398.0,7.900362629697964,0.03729706611415234,0.3789573595562565,1.9659423239762661,completed,True,COMPLETE
77,14.455747211165168,2026-06-20 17:20:15.744494,2026-06-20 17:21:25.346714,0 days 00:01:09.602220,,,,,,,,,0.09764629176436442,,,,GaussianProcessRegressor,,,,6,5.0,7.0,40.0,,ExtraTrees,,,,,,,,,,-1.2597395888433578,-1.2449882114477484,398.0,-1.252363900145553,0.00737568869780476,0.0749407877089943,1.9659423239762661,14.43132470162121,14.480169720709126,398.0,14.455747211165168,0.024422509543957725,0.24814524826669562,1.9659423239762661,0.9952422435180761,0.9967966773134143,398.0,0.9960194604157452,0.0007772168976690568,0.00789692311029824,1.9659423239762661,30.752745432105396,31.006653064135204,398.0,30.8796992481203,0.12695381601490524,1.2899160152531126,1.9659423239762661,13.313129164062277,13.468825723155769,398.0,13.390977443609023,0.07784827954674532,0.7909785282504497,1.9659423239762661,399.0,1.0,-3.659307295446861,-3.6053490469546707,398.0,-3.632328171200766,0.026979124246094943,0.2741217675446288,1.9659423239762661,GaussianProcessRegressor,"{'mode': 'proxy', 'type': 'ExtraTrees', 'n_estimators': 40, 'max_depth': 5, 'min_samples_split': 7}",6,"['edges_T6W30', 'pe_T6W30', 'l2_T6W30', 'lsc_T6W30', 'atd_T6W30', 'diameter_T6W30']",,,,,,,,16.304941082481548,16.362932683280448,398.0,16.333936882880998,0.02899580039945164,0.2946122336798762,1.9659423239762661,completed,True,COMPLETE
78,6.437573825504114,2026-06-20 17:21:25.365317,2026-06-20 17:21:31.912748,0 days 00:00:06.547431,,,,0.3337457386164425,0.5,,,,,,,,ElasticNet,,,,7,,,,,,,,,,,,,,False,-0.003797049187006154,-0.0003479097078009511,398.0,-0.0020724794474035525,0.0017245697396026014,0.017522514851173187,1.9659423239762661,6.4135880329710115,6.461559618037217,398.0,6.437573825504114,0.023985792533102977,0.24370797899730345,1.9659423239762661,198648464146153.44,295073250833982.0,398.0,246860857490067.72,48212393343914.29,489862693853141.7,1.9659423239762661,16.3161291525983,16.547341537066593,398.0,16.431735344832447,0.11560619223414728,1.1746183258307779,1.9659423239762661,6.185303674468805,6.261484333128753,398.0,6.223394003798779,0.03809032932997417,0.38701732150556595,1.9659423239762661,399.0,0.41854636591478694,-0.0047325465393444,0.0011015515227333424,398.0,-0.0018154975083055284,0.002917049031038871,0.02963871729522365,1.9659423239762661,ElasticNet,"{'mode': 'original', 'type': 'ElasticNet'}",7,"['re_T6W30', 'lcc_T6W30', 'lsc_T6W30', 'atd_T6W30', 'density_T6W30', 'diameter_T6W30', 'asp_T6W30']",0.07654439310942207,0.10154430766233247,398.0,0.08904435038587727,0.012499957276455203,0.1270059899498113,1.9659423239762661,7.575097414906349,7.637711797588182,398.0,7.606404606247265,0.031307191340916626,0.31809715352314116,1.9659423239762661,completed,False,COMPLETE
79,6.562554965687542,2026-06-20 17:21:31.930383,2026-06-20 17:21:50.843090,0 days 00:00:18.912707,,,,,,,,,,,,,StackingRegressor,,,,7,,,,9.517018378992445,LinearSVC,,,Ridge,,,0.3393904296955758,,,True,-0.023654782841769136,-0.019564052586854886,398.0,-0.02160941771431201,0.002045365127457124,0.020781960856043964,1.9659423239762661,6.5385638776195805,6.586546053755503,398.0,6.562554965687542,0.023991088067961183,0.2437617843529623,1.9659423239762661,207903716882336.9,308843134185523.06,398.0,258373425533930.0,50469708651593.086,512798177466403.4,1.9659423239762661,16.489787492613434,16.73970033286609,398.0,16.614743912739762,0.12495642012632788,1.2696214465166031,1.9659423239762661,6.297090976921654,6.376073961557649,398.0,6.3365824692396515,0.039491492317997756,0.4012538575543865,1.9659423239762661,399.0,0.7969924812030075,-0.02722150354419449,-0.020284877003239353,398.0,-0.02375319027371692,0.003468313270477568,0.03523984527553435,1.9659423239762661,StackingRegressor,"{'mode': 'proxy', 'type': 'LinearSVC', 'C': 9.517018378992445, 'epsilon': 0.3393904296955758}",7,"['edges_T6W30', 're_T6W30', 'l2_T6W30', 'lcc_T6W30', 'atd_T6W30', 'diameter_T6W30', 'asp_T6W30']",-0.06480653731857383,-0.038407565332828734,398.0,-0.051607051325701286,0.013199485992872552,0.13411356121281492,1.9659423239762661,7.656974113796528,7.720450306594914,398.0,7.688712210195721,0.03173809639919333,0.3224753703674417,1.9659423239762661,completed,True,COMPLETE
