number,value,datetime_start,datetime_complete,duration,params_dt_max_depth,params_dt_min_samples_leaf,params_dt_min_samples_split,params_elastic_alpha,params_elastic_l1_ratio,params_et_max_depth,params_et_max_features,params_et_min_samples_leaf,params_et_min_samples_split,params_et_n_estimators,params_knn_metric,params_knn_n_neighbors,params_knn_weights,params_quantile_alpha,params_regressor,params_rf_max_depth,params_rf_max_features,params_rf_min_samples_leaf,params_rf_min_samples_split,params_rf_n_estimators,params_rfe_n_features,params_rfe_proxy_et_max_depth,params_rfe_proxy_et_min_samples_leaf,params_rfe_proxy_et_min_samples_split,params_rfe_proxy_et_n_estimators,params_rfe_proxy_lsvr_C,params_rfe_proxy_lsvr_epsilon,params_rfe_proxy_type,params_use_scaler,user_attrs_d2mae_ci_lower_val,user_attrs_d2mae_ci_upper_val,user_attrs_d2mae_df_val,user_attrs_d2mae_mean_val,user_attrs_d2mae_samperror_val,user_attrs_d2mae_std_val,user_attrs_d2mae_t_critical_val,user_attrs_mae_ci_lower_val,user_attrs_mae_ci_upper_val,user_attrs_mae_df_val,user_attrs_mae_mean_val,user_attrs_mae_samperror_val,user_attrs_mae_std_val,user_attrs_mae_t_critical_val,user_attrs_mape_ci_lower_val,user_attrs_mape_ci_upper_val,user_attrs_mape_df_val,user_attrs_mape_mean_val,user_attrs_mape_samperror_val,user_attrs_mape_std_val,user_attrs_mape_t_critical_val,user_attrs_max_error_ci_lower_val,user_attrs_max_error_ci_upper_val,user_attrs_max_error_df_val,user_attrs_max_error_mean_val,user_attrs_max_error_samperror_val,user_attrs_max_error_std_val,user_attrs_max_error_t_critical_val,user_attrs_median_ae_ci_lower_val,user_attrs_median_ae_ci_upper_val,user_attrs_median_ae_df_val,user_attrs_median_ae_mean_val,user_attrs_median_ae_samperror_val,user_attrs_median_ae_std_val,user_attrs_median_ae_t_critical_val,user_attrs_n_splits_val,user_attrs_r2_below_zero_val,user_attrs_r2_ci_lower_val,user_attrs_r2_ci_upper_val,user_attrs_r2_df_val,user_attrs_r2_mean_val,user_attrs_r2_samperror_val,user_attrs_r2_std_val,user_attrs_r2_t_critical_val,user_attrs_regressor_final,user_attrs_rfe_estimator,user_attrs_rfe_n_features,user_attrs_rfe_selected_features,user_attrs_rho_ci_lower_val,user_attrs_rho_ci_upper_val,user_attrs_rho_df_val,user_attrs_rho_mean_val,user_attrs_rho_samperror_val,user_attrs_rho_std_val,user_attrs_rho_t_critical_val,user_attrs_rmse_ci_lower_val,user_attrs_rmse_ci_upper_val,user_attrs_rmse_df_val,user_attrs_rmse_mean_val,user_attrs_rmse_samperror_val,user_attrs_rmse_std_val,user_attrs_rmse_t_critical_val,user_attrs_termination_reason,user_attrs_use_scaler_final,state
26,6.732812861879579,2026-06-12 06:42:55.744346,2026-06-12 06:43:42.568819,0 days 00:00:46.824473,,,,,,,,,,,,,,,RandomForestRegressor,19.0,log2,1.0,2.0,491.0,8,,,,,,,,False,-0.05999114373959333,-0.0413486740011797,98.0,-0.05066990887038651,0.009321234869206815,0.046735518751443,1.9844674545084815,6.6650838288837555,6.800541894875403,98.0,6.732812861879579,0.06772903299582345,0.33958499447860835,1.9844674545084815,165792487733757.3,367512720346590.0,98.0,266652604040173.66,100860116306416.33,505700148430264.3,1.9844674545084815,17.390364652465006,17.979568486690614,98.0,17.68496656957781,0.29460191711280387,1.4770975750134823,1.9844674545084815,6.342719061621195,6.555193459339525,98.0,6.44895626048036,0.10623719885916466,0.5326601752934659,1.9844674545084815,99.0,0.9090909090909091,-0.13383690897880934,-0.10080829834021277,98.0,-0.11732260365951105,0.016514305319298293,0.08280068432422157,1.9844674545084815,RandomForestRegressor,"{'mode': 'original', 'type': 'RandomForestRegressor'}",8,"['re_T6W30', 'l1_T6W30', 'l2_T6W30', 'l3_T6W30', 'lsc_T6W30', 'atd_T6W30', 'density_T6W30', 'asp_T6W30']",-0.05292675498806167,-0.004546623363996326,98.0,-0.028736689176028996,0.02419006581203267,0.12128599807002774,1.9844674545084815,7.9139216817967,8.062916940813105,98.0,7.988419311304902,0.07449762950820221,0.3735219002281089,1.9844674545084815,completed,False,COMPLETE
27,6.584731620125964,2026-06-12 06:43:42.581365,2026-06-12 06:43:44.293588,0 days 00:00:01.712223,,,,,,,,,,,minkowski,20.0,distance,,KNeighborsRegressor,,,,,,10,,,,,7.4910104974988885,0.6592318760277409,LinearSVR,,-0.03411303990309206,-0.020645191530731948,98.0,-0.027379115716912,0.006733924186180053,0.03376306299433411,1.9844674545084815,6.525623843608554,6.643839396643373,98.0,6.584731620125964,0.05910777651740936,0.2963590808028373,1.9844674545084815,180955200375276.3,399202495848559.94,98.0,290078848111918.1,109123647736641.83,547132472959096.4,1.9844674545084815,16.82273653771637,17.403481733212008,98.0,17.11310913546419,0.2903725977478196,1.4558922908143854,1.9844674545084815,6.200884377324868,6.397488929961299,98.0,6.299186653643083,0.0983022763182154,0.4928754550919741,1.9844674545084815,99.0,0.8383838383838383,-0.0675200364848534,-0.04445062480689577,98.0,-0.05598533064587458,0.011534705838978813,0.05783358842408893,1.9844674545084815,KNeighborsRegressor,"{'mode': 'proxy', 'type': 'LinearSVR'}",10,"['nodes_T6W30', 're_T6W30', 'l1_T6W30', 'l2_T6W30', 'lcc_T6W30', 'lsc_T6W30', 'atd_T6W30', 'density_T6W30', 'diameter_T6W30', 'asp_T6W30']",-0.014895737095111982,0.03445447919880389,98.0,0.009779371051845955,0.024675108146957937,0.12371794034561943,1.9844674545084815,7.701217391132272,7.838777646865846,98.0,7.769997518999059,0.06878012786678675,0.34485505415854767,1.9844674545084815,completed,True,COMPLETE
28,6.613311866988916,2026-06-12 06:43:44.323763,2026-06-12 06:43:46.350804,0 days 00:00:02.027041,,,,0.0001188792504471683,0.9629635936766694,,,,,,,,,,ElasticNet,,,,,,8,,,,,,,,False,-0.03856180124106064,-0.025072130157692184,98.0,-0.031816965699376414,0.006744835541684229,0.033817771181277635,1.9844674545084815,6.553719597633219,6.672904136344612,98.0,6.613311866988916,0.059592269355695913,0.29878826797024616,1.9844674545084815,163423172838295.6,359870820635290.5,98.0,261646996736793.06,98223823898497.47,492482104362776.6,1.9844674545084815,17.50857036183887,18.297412292541246,98.0,17.90299132719006,0.39442096535118903,1.977577936913559,1.9844674545084815,6.034506196687654,6.225253532271586,98.0,6.12987986447962,0.09537366779196622,0.47819177416185277,1.9844674545084815,99.0,0.8888888888888888,-0.096418335553966,-0.06736556727962528,98.0,-0.08189195141679564,0.014526384137170367,0.07283349339004051,1.9844674545084815,ElasticNet,"{'mode': 'original', 'type': 'ElasticNet'}",8,"['nodes_T6W30', 'pe_T6W30', 'l2_T6W30', 'lcc_T6W30', 'lsc_T6W30', 'atd_T6W30', 'diameter_T6W30', 'asp_T6W30']",-0.07625273465369409,-0.023208758254260473,98.0,-0.04973074645397728,0.026521988199716805,0.13297796850160162,1.9844674545084815,7.787952582757149,7.938722138916401,98.0,7.863337360836775,0.07538477807962655,0.37796995343960854,1.9844674545084815,completed,False,COMPLETE
29,8.136659310188723,2026-06-12 06:43:46.363029,2026-06-12 06:43:48.113053,0 days 00:00:01.750024,20.0,5.0,2.0,,,,,,,,,,,,DecisionTreeRegressor,,,,,,13,,,,,,,,True,-0.29046956740069274,-0.2507409821948521,98.0,-0.2706052747977724,0.019864292602920358,0.09959710622621976,1.9844674545084815,8.018630224430588,8.254688395946857,98.0,8.136659310188723,0.11802908575813564,0.5917832377433072,1.9844674545084815,147472789821049.8,365026220486587.7,98.0,256249505153818.75,108776715332768.95,545392996795884.56,1.9844674545084815,21.67097558856233,22.493670876084135,98.0,22.082323232323233,0.41134764376090016,2.062446208909372,1.9844674545084815,7.131577528546681,7.5217734414709545,98.0,7.326675485008818,0.19509795646213654,0.9781970233070935,1.9844674545084815,99.0,1.0,-0.7640927157213161,-0.6709658232006933,98.0,-0.7175292694610047,0.04656344626031134,0.23346336042015953,1.9844674545084815,DecisionTreeRegressor,"{'mode': 'original', 'type': 'DecisionTreeRegressor'}",13,"['nodes_T6W30', 'edges_T6W30', 're_T6W30', 'pe_T6W30', 'l1_T6W30', 'l2_T6W30', 'l3_T6W30', 'lcc_T6W30', 'lsc_T6W30', 'atd_T6W30', 'density_T6W30', 'diameter_T6W30', 'asp_T6W30']",-0.06953844001538453,-0.015372414657080308,98.0,-0.04245542733623242,0.027083012679152113,0.13579087585203067,1.9844674545084815,9.759407258280115,10.002217460501475,98.0,9.880812359390795,0.1214051011106798,0.6087101611636386,1.9844674545084815,completed,True,COMPLETE
30,6.7453383172509005,2026-06-12 06:43:48.125249,2026-06-12 06:43:49.815640,0 days 00:00:01.690391,,,,,,,,,,,,,,,LinearRegression,,,,,,12,,,,,,,,False,-0.06117208383559143,-0.04344009576068715,98.0,-0.05230608979813929,0.008865994037452142,0.04445299752679505,1.9844674545084815,6.671944649226156,6.818731985275645,98.0,6.7453383172509005,0.0733936680247438,0.3679867738918457,1.9844674545084815,160014324648338.62,352807729312609.25,98.0,256411026980473.94,96396702332135.33,483321142813789.25,1.9844674545084815,17.834418786134982,18.737532702274926,98.0,18.285975744204954,0.4515569580699725,2.2640507376271666,1.9844674545084815,6.148823493716801,6.35469181577133,98.0,6.251757654744066,0.10293416102726474,0.5160991521355309,1.9844674545084815,99.0,0.9494949494949495,-0.1525690306368539,-0.11244214413056802,98.0,-0.13250558738371096,0.02006344325314294,0.10059562295479045,1.9844674545084815,LinearRegression,"{'mode': 'original', 'type': 'LinearRegression'}",12,"['nodes_T6W30', 'edges_T6W30', 're_T6W30', 'pe_T6W30', 'l1_T6W30', 'l2_T6W30', 'lcc_T6W30', 'lsc_T6W30', 'atd_T6W30', 'density_T6W30', 'diameter_T6W30', 'asp_T6W30']",-0.09980600459436903,-0.045683434683647835,98.0,-0.07274471963900843,0.027061284955360594,0.13568193573230047,1.9844674545084815,7.951816089878404,8.132118287106236,98.0,8.04196718849232,0.09015109861391618,0.4520064582486366,1.9844674545084815,completed,False,COMPLETE
31,6.417465958842238,2026-06-12 06:43:49.828312,2026-06-12 06:43:52.146205,0 days 00:00:02.317893,,,,,,,,,,,,,,0.010602231475092514,QuantileRegressor,,,,,,9,,,,,,,,False,-0.007318730035399208,0.005022683827634798,98.0,-0.0011480231038822045,0.006170706931517003,0.030939161340123235,1.9844674545084815,6.357906387784214,6.477025529900261,98.0,6.417465958842238,0.05955957105802288,0.29862432274995276,1.9844674545084815,150445451064741.22,331285292703774.1,98.0,240865371884257.7,90419920819516.47,453354299538650.8,1.9844674545084815,17.317832014241002,17.93593195108141,98.0,17.626881982661207,0.30904996842020394,1.5495383172835315,1.9844674545084815,5.7806177832789,5.989756252499002,98.0,5.885187017888951,0.10456923461005087,0.524297208848031,1.9844674545084815,99.0,0.7373737373737373,-0.05591285260788198,-0.03372485954271176,98.0,-0.04481885607529687,0.011093996532585106,0.055623926470291254,1.9844674545084815,QuantileRegressor,"{'mode': 'original', 'type': 'QuantileRegressor'}",9,"['nodes_T6W30', 'pe_T6W30', 'l3_T6W30', 'lcc_T6W30', 'lsc_T6W30', 'atd_T6W30', 'density_T6W30', 'diameter_T6W30', 'asp_T6W30']",0.03731529635958475,0.08232340794162707,98.0,0.05981935215060591,0.02250405579102116,0.11283255235626155,1.9844674545084815,7.660899473097501,7.797444074010821,98.0,7.729171773554161,0.06827230045665965,0.34230887033403135,1.9844674545084815,completed,False,COMPLETE
32,6.3556540582851895,2026-06-12 06:43:52.158431,2026-06-12 06:43:54.432439,0 days 00:00:02.274008,,,,,,,,,,,,,,0.025704077328019093,QuantileRegressor,,,,,,10,,,,,,,,False,0.003859565470202722,0.013214247051360428,98.0,0.008536906260781576,0.004677340790578854,0.023451608214179534,1.9844674545084815,6.3010883214927444,6.4102197950776345,98.0,6.3556540582851895,0.05456573679244488,0.2735858553971417,1.9844674545084815,151302465079928.44,333039215144945.25,98.0,242170840112436.84,90868375032508.4,455602793496214.94,1.9844674545084815,17.206904740263578,17.799751597194007,98.0,17.503328168728792,0.29642342846521486,1.4862304076436093,1.9844674545084815,5.776245374114103,5.973678779305741,98.0,5.874962076709922,0.09871670259581927,0.49495333719019596,1.9844674545084815,99.0,0.6161616161616161,-0.03205861653155314,-0.01540216352210283,98.0,-0.023730390026827985,0.008328226504725155,0.04175669763066145,1.9844674545084815,QuantileRegressor,"{'mode': 'original', 'type': 'QuantileRegressor'}",10,"['nodes_T6W30', 'l1_T6W30', 'l2_T6W30', 'l3_T6W30', 'lcc_T6W30', 'lsc_T6W30', 'atd_T6W30', 'density_T6W30', 'diameter_T6W30', 'asp_T6W30']",0.06476343798644521,0.11143207260535914,98.0,0.08809775529590218,0.023334317309456964,0.11699538092006534,1.9844674545084815,7.588305564088895,7.715973372479791,98.0,7.652139468284343,0.06383390419544815,0.32005530043660896,1.9844674545084815,completed,False,COMPLETE
33,6.371332797473934,2026-06-12 06:43:54.444759,2026-06-12 06:43:56.719458,0 days 00:00:02.274699,,,,,,,,,,,,,,0.05739265483105693,QuantileRegressor,,,,,,10,,,,,,,,False,0.0028727708687042177,0.009317619694469844,98.0,0.006095195281587031,0.003222424412882813,0.016156837445531265,1.9844674545084815,6.321050376375863,6.421615218572004,98.0,6.371332797473934,0.05028242109807002,0.25210984028093414,1.9844674545084815,155685650995675.3,342626537388001.75,98.0,249156094191838.53,93470443196163.2,468649241435936.25,1.9844674545084815,17.33260480065718,17.872963180873874,98.0,17.602783990765527,0.27017919010834607,1.3546450425009806,1.9844674545084815,5.842095460412306,6.025220130551469,98.0,5.933657795481888,0.0915623350695819,0.4590822232907097,1.9844674545084815,99.0,0.7070707070707071,-0.028437345661253024,-0.01575113689248472,98.0,-0.022094241276868872,0.006343104384384151,0.03180354084608232,1.9844674545084815,QuantileRegressor,"{'mode': 'original', 'type': 'QuantileRegressor'}",10,"['nodes_T6W30', 'l1_T6W30', 'l2_T6W30', 'l3_T6W30', 'lcc_T6W30', 'lsc_T6W30', 'atd_T6W30', 'density_T6W30', 'diameter_T6W30', 'asp_T6W30']",0.06003020638011718,0.10805998908868245,91.0,0.08404509773439982,0.024014891354282634,0.11596123397775146,1.9863771544186177,7.584098081139209,7.710301772513733,98.0,7.647199926826471,0.06310184568726197,0.3163848496201069,1.9844674545084815,completed,False,COMPLETE
34,6.698621477403064,2026-06-12 06:43:56.731800,2026-06-12 06:43:58.739799,0 days 00:00:02.007999,,,,0.002308227598485473,0.9566761854597826,,,,,,,,,,ElasticNet,,,,,,12,,,,,,,,False,-0.05299246778171246,-0.03716012992255434,98.0,-0.0450762988521334,0.007916168929579062,0.0396906919135935,1.9844674545084815,6.631620734898391,6.765622219907737,98.0,6.698621477403064,0.06700074250467261,0.33593343603347997,1.9844674545084815,159800722752226.66,352300051918155.25,98.0,256050387335190.94,96249664582964.28,482583913725586.06,1.9844674545084815,17.633169797693956,18.426704656393884,98.0,18.02993722704392,0.39676742934996423,1.9893428171845866,1.9844674545084815,6.079635596274803,6.284776338469129,98.0,6.182205967371966,0.102570371097163,0.5142751544208051,1.9844674545084815,99.0,0.9393939393939394,-0.12561525213824654,-0.09179974477529498,98.0,-0.10870749845677076,0.016907753681475783,0.08477338574911715,1.9844674545084815,ElasticNet,"{'mode': 'original', 'type': 'ElasticNet'}",12,"['nodes_T6W30', 'edges_T6W30', 're_T6W30', 'pe_T6W30', 'l1_T6W30', 'l2_T6W30', 'l3_T6W30', 'lcc_T6W30', 'lsc_T6W30', 'atd_T6W30', 'diameter_T6W30', 'asp_T6W30']",-0.10042957830375569,-0.05147121064870584,98.0,-0.07595039447623077,0.024479183827524925,0.12273560004058381,1.9844674545084815,7.878957866838301,8.038039884550468,98.0,7.958498875694384,0.07954100885608315,0.3988087804956787,1.9844674545084815,completed,False,COMPLETE
35,6.450741250538492,2026-06-12 06:43:58.752096,2026-06-12 06:44:20.896049,0 days 00:00:22.143953,,,,,,2.0,log2,1.0,2.0,441.0,,,,,ExtraTreesRegressor,,,,,,10,,,,,,,,False,-0.009215024407872915,-0.0035383183079010067,98.0,-0.006376671357886961,0.0028383530499859542,0.014231151135248877,1.9844674545084815,6.403732971869687,6.497749529207297,98.0,6.450741250538492,0.04700827866880536,0.2356936950979285,1.9844674545084815,171269984252940.0,376965911632139.25,98.0,274117947942539.62,102847963689599.64,515666969345664.75,1.9844674545084815,16.340883030280512,16.872044301412497,98.0,16.606463665846505,0.26558063556599176,1.3315884587908418,1.9844674545084815,6.169475699662484,6.309713727961404,98.0,6.239594713811944,0.07011901414946063,0.3515680643817607,1.9844674545084815,99.0,0.6060606060606061,-0.0130950375031258,-0.004148175314218102,98.0,-0.00862160640867195,0.004473431094453849,0.02242923021806944,1.9844674545084815,ExtraTreesRegressor,"{'mode': 'original', 'type': 'ExtraTreesRegressor'}",10,"['nodes_T6W30', 'edges_T6W30', 're_T6W30', 'l1_T6W30', 'l3_T6W30', 'lcc_T6W30', 'atd_T6W30', 'density_T6W30', 'diameter_T6W30', 'asp_T6W30']",0.002073390361510618,0.04689121092230715,98.0,0.024482300641908886,0.022408910280398268,0.11235550453392616,1.9844674545084815,7.537822780118659,7.65564910883917,98.0,7.596735944478914,0.058913164360255926,0.29538331951717867,1.9844674545084815,completed,False,COMPLETE
36,6.7019344535706304,2026-06-12 06:44:20.908574,2026-06-12 06:44:22.501046,0 days 00:00:01.592472,,,,,,,,,,,,,,,LinearRegression,,,,,,11,,,,,,,,False,-0.05406718265167977,-0.037006630710541125,98.0,-0.04553690668111045,0.008530275970569327,0.04276974866222319,1.9844674545084815,6.630314273990094,6.773554633151167,98.0,6.7019344535706304,0.07162017958053676,0.3590947221838129,1.9844674545084815,161971697851644.38,357135299209764.44,98.0,259553498530704.4,97581800679060.03,489263079348182.9,1.9844674545084815,17.632024525625354,18.48533920870286,98.0,18.058681867164108,0.42665734153875357,2.139207140010841,1.9844674545084815,6.089932452690905,6.295776276120219,98.0,6.192854364405562,0.10292191171465673,0.516037735597152,1.9844674545084815,99.0,0.9393939393939394,-0.1364783192224022,-0.09815473920975576,98.0,-0.11731652921607898,0.01916179000632321,0.09607484509484703,1.9844674545084815,LinearRegression,"{'mode': 'original', 'type': 'LinearRegression'}",11,"['nodes_T6W30', 're_T6W30', 'pe_T6W30', 'l1_T6W30', 'l2_T6W30', 'lcc_T6W30', 'lsc_T6W30', 'atd_T6W30', 'density_T6W30', 'diameter_T6W30', 'asp_T6W30']",-0.09396382523469343,-0.03936127088267582,98.0,-0.06666254805868463,0.02730127717600881,0.13688522704355777,1.9844674545084815,7.900499615925303,8.076207133869096,98.0,7.988353374897199,0.08785375897189597,0.4404878814265074,1.9844674545084815,completed,False,COMPLETE
37,6.413768969367483,2026-06-12 06:44:22.513009,2026-06-12 06:44:24.810730,0 days 00:00:02.297721,,,,,,,,,,,,,,0.0671270041045747,QuantileRegressor,,,,,,10,,,,,,,,True,-0.0030766011411849144,0.0019969112224218384,98.0,-0.000539844959381538,0.0025367561818033764,0.012718981740731435,1.9844674545084815,6.3653399194708475,6.462198019264119,98.0,6.413768969367483,0.04842904989663573,0.24281726630834127,1.9844674545084815,157464317854281.8,346602993341668.9,98.0,252033655597975.34,94569337743693.55,474158962782152.44,1.9844674545084815,17.41466271449479,17.924373233983182,98.0,17.669517974238985,0.25485525974419787,1.2778127509721655,1.9844674545084815,5.908941939832775,6.064571945194989,98.0,5.986756942513882,0.07781500268110704,0.3901547990127975,1.9844674545084815,99.0,0.8888888888888888,-0.03372020680995932,-0.02375898528606446,98.0,-0.02873959604801189,0.004980610761947427,0.02497216634113633,1.9844674545084815,QuantileRegressor,"{'mode': 'original', 'type': 'QuantileRegressor'}",10,"['nodes_T6W30', 'l1_T6W30', 'l2_T6W30', 'l3_T6W30', 'lcc_T6W30', 'lsc_T6W30', 'atd_T6W30', 'density_T6W30', 'diameter_T6W30', 'asp_T6W30']",0.026512007648649406,0.07716242174260449,68.0,0.051837214695626944,0.02532520704697754,0.10542232248087531,1.9954689314298435,7.609652110186525,7.735680583266538,98.0,7.6726663467265315,0.06301423654000571,0.3159455881915681,1.9844674545084815,completed,True,COMPLETE
38,6.529204752100707,2026-06-12 06:44:24.823150,2026-06-12 06:44:55.858679,0 days 00:00:31.035529,,,,,,,,,,,,,,,RandomForestRegressor,2.0,,1.0,12.0,353.0,12,,,,,,,,False,-0.024181673597168354,-0.013199238680959426,98.0,-0.01869045613906389,0.005491217458104465,0.027532285162054984,1.9844674545084815,6.475033617088441,6.5833758871129735,98.0,6.529204752100707,0.05417113501226642,0.271607370877048,1.9844674545084815,166921352108526.1,367951469920915.9,98.0,267436411014720.97,100515058906194.88,503970073303453.75,1.9844674545084815,16.71790198730571,17.325206430845128,98.0,17.02155420907542,0.303652221769709,1.522474683190036,1.9844674545084815,6.1392902962603335,6.3208498959622785,98.0,6.230070096111306,0.09077979985097226,0.45515868849127944,1.9844674545084815,99.0,0.8080808080808081,-0.05213079167666189,-0.03359487171764457,98.0,-0.04286283169715323,0.009267959979508657,0.04646840504372015,1.9844674545084815,RandomForestRegressor,"{'mode': 'original', 'type': 'RandomForestRegressor'}",12,"['edges_T6W30', 're_T6W30', 'pe_T6W30', 'l1_T6W30', 'l2_T6W30', 'l3_T6W30', 'lcc_T6W30', 'lsc_T6W30', 'atd_T6W30', 'density_T6W30', 'diameter_T6W30', 'asp_T6W30']",-0.04804011593905131,-0.002279786493293065,98.0,-0.025159951216172188,0.022880164722879123,0.11471831602213609,1.9844674545084815,7.657945394336717,7.787463594939884,98.0,7.7227044946383,0.06475910030158316,0.32469411928129643,1.9844674545084815,completed,False,COMPLETE
