number,value,datetime_start,datetime_complete,duration,params_bag_n_estimators,params_dt_max_depth,params_dt_min_samples_split,params_elastic_alpha,params_elastic_l1_ratio,params_et_max_depth,params_et_min_samples_split,params_et_n_estimators,params_gpr_alpha,params_knn_metric,params_knn_n_neighbors,params_knn_weights,params_regressor,params_rf_max_depth,params_rf_min_samples_split,params_rf_n_estimators,params_rfe_n_features,params_rfe_proxy_et_max_depth,params_rfe_proxy_et_min_samples_split,params_rfe_proxy_et_n_estimators,params_rfe_proxy_svc_C,params_rfe_proxy_type,params_ridge_alpha,params_ridge_solver,params_stack_final_estimator,params_svr_C,params_svr_degree,params_svr_epsilon,params_svr_gamma,params_svr_kernel,params_use_scaler,user_attrs_d2mae_ci_lower_val,user_attrs_d2mae_ci_upper_val,user_attrs_d2mae_df_val,user_attrs_d2mae_mean_val,user_attrs_d2mae_samperror_val,user_attrs_d2mae_std_val,user_attrs_d2mae_t_critical_val,user_attrs_mae_ci_lower_val,user_attrs_mae_ci_upper_val,user_attrs_mae_df_val,user_attrs_mae_mean_val,user_attrs_mae_samperror_val,user_attrs_mae_std_val,user_attrs_mae_t_critical_val,user_attrs_mape_ci_lower_val,user_attrs_mape_ci_upper_val,user_attrs_mape_df_val,user_attrs_mape_mean_val,user_attrs_mape_samperror_val,user_attrs_mape_std_val,user_attrs_mape_t_critical_val,user_attrs_max_error_ci_lower_val,user_attrs_max_error_ci_upper_val,user_attrs_max_error_df_val,user_attrs_max_error_mean_val,user_attrs_max_error_samperror_val,user_attrs_max_error_std_val,user_attrs_max_error_t_critical_val,user_attrs_median_ae_ci_lower_val,user_attrs_median_ae_ci_upper_val,user_attrs_median_ae_df_val,user_attrs_median_ae_mean_val,user_attrs_median_ae_samperror_val,user_attrs_median_ae_std_val,user_attrs_median_ae_t_critical_val,user_attrs_n_splits_val,user_attrs_r2_below_zero_val,user_attrs_r2_ci_lower_val,user_attrs_r2_ci_upper_val,user_attrs_r2_df_val,user_attrs_r2_mean_val,user_attrs_r2_samperror_val,user_attrs_r2_std_val,user_attrs_r2_t_critical_val,user_attrs_regressor_final,user_attrs_rfe_clf,user_attrs_rfe_n_features,user_attrs_rfe_selected_features,user_attrs_rho_ci_lower_val,user_attrs_rho_ci_upper_val,user_attrs_rho_df_val,user_attrs_rho_mean_val,user_attrs_rho_samperror_val,user_attrs_rho_std_val,user_attrs_rho_t_critical_val,user_attrs_rmse_ci_lower_val,user_attrs_rmse_ci_upper_val,user_attrs_rmse_df_val,user_attrs_rmse_mean_val,user_attrs_rmse_samperror_val,user_attrs_rmse_std_val,user_attrs_rmse_t_critical_val,user_attrs_termination_reason,user_attrs_use_scaler_final,state
283,0.004139176273188079,2026-06-20 18:00:56.705798,2026-06-20 18:00:56.960775,0 days 00:00:00.254977,,,,0.40561348932511576,0.5,,,,,,,,ElasticNet,,,,8,,,,,,,,,,,,,,False,,,,,,,,,,,,,,,,,,,,,,,,,,,,,,,,,,,,,,,,,,,,,ElasticNet,"{'mode': 'original', 'type': 'ElasticNet'}",8,"['l2_T6W30', 'l3_T6W30', 'lcc_T6W30', 'lsc_T6W30', 'atd_T6W30', 'density_T6W30', 'diameter_T6W30', 'asp_T6W30']",,,,,,,,,,,,,,,pruned,False,PRUNED
284,6.874558167297729,2026-06-20 18:00:56.970922,2026-06-20 18:02:42.682547,0 days 00:01:45.711625,164.0,,,,,,,,,,,,BaggingRegressor,,,,10,5.0,7.0,30.0,,ExtraTrees,,,,,,,,,False,-0.07475334293383863,-0.06570278489357213,398.0,-0.07022806391370538,0.0045252790201332545,0.04597916049150872,1.9659423239762661,6.839291499049934,6.909824835545524,398.0,6.874558167297729,0.03526666824779518,0.35832747376501445,1.9659423239762661,189400581180322.53,282972963623300.75,398.0,236186772401811.66,46786191221489.12,475371747330603.06,1.9659423239762661,17.585208685991493,17.881445754989006,398.0,17.73332722049025,0.1481185344987567,1.5049604320939447,1.9659423239762661,6.374741619170896,6.498905914296921,398.0,6.436823766733909,0.06208214756301263,0.6307865247109623,1.9659423239762661,399.0,0.9824561403508771,-0.17100494878530115,-0.15367643456519464,398.0,-0.1623406916752479,0.008664257110053256,0.08803330500294838,1.9659423239762661,BaggingRegressor,"{'mode': 'proxy', 'type': 'ExtraTrees', 'n_estimators': 30, 'max_depth': 5, 'min_samples_split': 7}",10,"['edges_T6W30', 're_T6W30', 'pe_T6W30', 'l2_T6W30', 'l3_T6W30', 'lcc_T6W30', 'lsc_T6W30', 'atd_T6W30', 'diameter_T6W30', 'asp_T6W30']",-0.0843004110173995,-0.062392935497188114,398.0,-0.07334667325729381,0.010953737760105697,0.11129560502524956,1.9659423239762661,8.146271961657042,8.226134997077708,398.0,8.186203479367375,0.03993151771033289,0.4057247416798741,1.9659423239762661,completed,False,COMPLETE
285,0.003967400189052269,2026-06-20 18:02:42.700636,2026-06-20 18:02:43.021621,0 days 00:00:00.320985,,,,0.34371381084919184,0.5,,,,,,,,ElasticNet,,,,7,,,,,,,,,,,,,,False,,,,,,,,,,,,,,,,,,,,,,,,,,,,,,,,,,,,,,,,,,,,,ElasticNet,"{'mode': 'original', 'type': 'ElasticNet'}",7,"['re_T6W30', 'lcc_T6W30', 'lsc_T6W30', 'atd_T6W30', 'density_T6W30', 'diameter_T6W30', 'asp_T6W30']",,,,,,,,,,,,,,,pruned,False,PRUNED
286,0.004107103783069303,2026-06-20 18:02:43.031835,2026-06-20 18:02:43.318440,0 days 00:00:00.286605,,,,0.42638743134508567,0.5,,,,,,,,ElasticNet,,,,7,,,,,,,,,,,,,,False,,,,,,,,,,,,,,,,,,,,,,,,,,,,,,,,,,,,,,,,,,,,,ElasticNet,"{'mode': 'original', 'type': 'ElasticNet'}",7,"['l3_T6W30', 'lcc_T6W30', 'lsc_T6W30', 'atd_T6W30', 'density_T6W30', 'diameter_T6W30', 'asp_T6W30']",,,,,,,,,,,,,,,pruned,False,PRUNED
287,0.003937401854065229,2026-06-20 18:02:43.328356,2026-06-20 18:02:43.619820,0 days 00:00:00.291464,,,,0.386151609630407,0.5,,,,,,,,ElasticNet,,,,8,,,,,,,,,,,,,,False,,,,,,,,,,,,,,,,,,,,,,,,,,,,,,,,,,,,,,,,,,,,,ElasticNet,"{'mode': 'original', 'type': 'ElasticNet'}",8,"['re_T6W30', 'l3_T6W30', 'lcc_T6W30', 'lsc_T6W30', 'atd_T6W30', 'density_T6W30', 'diameter_T6W30', 'asp_T6W30']",,,,,,,,,,,,,,,pruned,False,PRUNED
288,0.0038704883983856483,2026-06-20 18:02:43.641910,2026-06-20 18:02:43.925265,0 days 00:00:00.283355,,,,0.3245008307826428,0.5,,,,,,,,ElasticNet,,,,9,,,,,,,,,,,,,,False,,,,,,,,,,,,,,,,,,,,,,,,,,,,,,,,,,,,,,,,,,,,,ElasticNet,"{'mode': 'original', 'type': 'ElasticNet'}",9,"['re_T6W30', 'l2_T6W30', 'l3_T6W30', 'lcc_T6W30', 'lsc_T6W30', 'atd_T6W30', 'density_T6W30', 'diameter_T6W30', 'asp_T6W30']",,,,,,,,,,,,,,,pruned,False,PRUNED
289,0.003970213212378515,2026-06-20 18:02:43.935259,2026-06-20 18:02:44.212424,0 days 00:00:00.277165,,,,0.3548020482337356,0.5,,,,,,,,ElasticNet,,,,7,,,,,,,,,,,,,,False,,,,,,,,,,,,,,,,,,,,,,,,,,,,,,,,,,,,,,,,,,,,,ElasticNet,"{'mode': 'original', 'type': 'ElasticNet'}",7,"['re_T6W30', 'lcc_T6W30', 'lsc_T6W30', 'atd_T6W30', 'density_T6W30', 'diameter_T6W30', 'asp_T6W30']",,,,,,,,,,,,,,,pruned,False,PRUNED
290,7.836848634534418,2026-06-20 18:02:44.222460,2026-06-20 18:02:51.948131,0 days 00:00:07.725671,,,,,,,,,,,,,SVR,,,,9,,,,3.8882711689484157,LinearSVC,,,,94.07117583516279,,0.03921656523109631,scale,rbf,,-0.230624229223063,-0.21061577641082882,398.0,-0.2206200028169459,0.01000422640611709,0.10164808169258524,1.9659423239762661,7.773379550181377,7.900317718887458,398.0,7.836848634534418,0.06346908435304076,0.6448785152769725,1.9659423239762661,199162687449689.62,297072820993120.2,398.0,248117754221404.9,48955066771715.28,497408637556881.6,1.9659423239762661,22.922732927400062,23.6016516277855,398.0,23.26219227759278,0.339459350192718,3.449081454074546,1.9659423239762661,6.796330513565013,6.97268322939657,398.0,6.8845068714807915,0.08817635791577833,0.8959171123213749,1.9659423239762661,399.0,0.9974937343358395,-0.6395081593640749,-0.5870702345108444,398.0,-0.6132891969374596,0.026218962426615252,0.2663981327937389,1.9659423239762661,SVR,"{'mode': 'proxy', 'type': 'LinearSVC', 'C': 3.8882711689484157, 'epsilon': 0.03921656523109631}",9,"['nodes_T6W30', 'edges_T6W30', 're_T6W30', 'pe_T6W30', 'l1_T6W30', 'l2_T6W30', 'l3_T6W30', 'atd_T6W30', 'diameter_T6W30']",-0.04374719053377296,-0.01920037505066383,398.0,-0.031473782792218394,0.012273407741554564,0.12470413024610479,1.9659423239762661,9.53735918814595,9.687556343811663,398.0,9.612457765978807,0.07509857783285612,0.7630401457011753,1.9659423239762661,completed,True,COMPLETE
291,-0.0020038110190534917,2026-06-20 18:02:51.966554,2026-06-20 18:02:52.316213,0 days 00:00:00.349659,,,,0.4052082236270398,0.0,,,,,,,,ElasticNet,,,,7,,,,,,,,,,,,,,True,,,,,,,,,,,,,,,,,,,,,,,,,,,,,,,,,,,,,,,,,,,,,ElasticNet,"{'mode': 'original', 'type': 'ElasticNet'}",7,"['re_T6W30', 'pe_T6W30', 'l1_T6W30', 'l3_T6W30', 'lsc_T6W30', 'density_T6W30', 'diameter_T6W30']",,,,,,,,,,,,,,,pruned,True,PRUNED
292,0.003935974872251154,2026-06-20 18:02:52.326474,2026-06-20 18:02:52.579460,0 days 00:00:00.252986,,,,0.38337824431323514,0.5,,,,,,,,ElasticNet,,,,8,,,,,,,,,,,,,,False,,,,,,,,,,,,,,,,,,,,,,,,,,,,,,,,,,,,,,,,,,,,,ElasticNet,"{'mode': 'original', 'type': 'ElasticNet'}",8,"['re_T6W30', 'l3_T6W30', 'lcc_T6W30', 'lsc_T6W30', 'atd_T6W30', 'density_T6W30', 'diameter_T6W30', 'asp_T6W30']",,,,,,,,,,,,,,,pruned,False,PRUNED
293,6.563901483714079,2026-06-20 18:02:52.589589,2026-06-20 18:02:59.757077,0 days 00:00:07.167488,,,,,,,,,,manhattan,20.0,distance,KNeighborsRegressor,,,,7,3.0,3.0,90.0,,ExtraTrees,,,,,,,,,,-0.024691136850667962,-0.018648870624561636,398.0,-0.0216700037376148,0.0030211331130531633,0.0306962650597382,1.9659423239762661,6.533898261520887,6.593904705907271,398.0,6.563901483714079,0.030003222193191924,0.3048481568419499,1.9659423239762661,183595992185063.78,273246887021786.28,398.0,228421439603425.03,44825447418361.24,455449582618626.2,1.9659423239762661,17.118188328077725,17.376513536949187,398.0,17.247350932513456,0.1291626044357293,1.3123584407568256,1.9659423239762661,6.194045123878735,6.285664394031966,398.0,6.23985475895535,0.04580963507661527,0.4654494350235928,1.9659423239762661,399.0,0.8571428571428571,-0.0662013149431976,-0.055292952843869446,398.0,-0.06074713389353352,0.005454181049664075,0.05541728249606703,1.9659423239762661,KNeighborsRegressor,"{'mode': 'proxy', 'type': 'ExtraTrees', 'n_estimators': 90, 'max_depth': 3, 'min_samples_split': 3}",7,"['edges_T6W30', 'pe_T6W30', 'lsc_T6W30', 'atd_T6W30', 'density_T6W30', 'diameter_T6W30', 'asp_T6W30']",-0.031020277767206728,-0.008075349256202216,398.0,-0.01954781351170447,0.011472464255502255,0.11656613280418282,1.9659423239762661,7.7891751038881845,7.860544220031893,398.0,7.824859661960039,0.03568455807185399,0.36257344914082734,1.9659423239762661,completed,True,COMPLETE
294,0.004071683974661733,2026-06-20 18:02:59.775340,2026-06-20 18:03:00.057964,0 days 00:00:00.282624,,,,0.43955392964809037,0.5,,,,,,,,ElasticNet,,,,6,,,,,,,,,,,,,,False,,,,,,,,,,,,,,,,,,,,,,,,,,,,,,,,,,,,,,,,,,,,,ElasticNet,"{'mode': 'original', 'type': 'ElasticNet'}",6,"['lcc_T6W30', 'lsc_T6W30', 'atd_T6W30', 'density_T6W30', 'diameter_T6W30', 'asp_T6W30']",,,,,,,,,,,,,,,pruned,False,PRUNED
295,14.455747211165168,2026-06-20 18:03:00.068169,2026-06-20 18:04:18.442597,0 days 00:01:18.374428,,,,,,,,,4.722601214186535e-10,,,,GaussianProcessRegressor,,,,9,,,,0.7309957032303057,LinearSVC,,,,,,3.525815891888403,,,,-1.2597395888433578,-1.2449882114477484,398.0,-1.252363900145553,0.00737568869780476,0.0749407877089943,1.9659423239762661,14.43132470162121,14.480169720709126,398.0,14.455747211165168,0.024422509543957725,0.24814524826669562,1.9659423239762661,0.9952422435180761,0.9967966773134143,398.0,0.9960194604157452,0.0007772168976690568,0.00789692311029824,1.9659423239762661,30.752745432105396,31.006653064135204,398.0,30.8796992481203,0.12695381601490524,1.2899160152531126,1.9659423239762661,13.313129164062277,13.468825723155769,398.0,13.390977443609023,0.07784827954674532,0.7909785282504497,1.9659423239762661,399.0,1.0,-3.659307295446861,-3.6053490469546707,398.0,-3.632328171200766,0.026979124246094943,0.2741217675446288,1.9659423239762661,GaussianProcessRegressor,"{'mode': 'proxy', 'type': 'LinearSVC', 'C': 0.7309957032303057, 'epsilon': 3.525815891888403}",9,"['re_T6W30', 'pe_T6W30', 'l1_T6W30', 'l3_T6W30', 'lcc_T6W30', 'lsc_T6W30', 'atd_T6W30', 'diameter_T6W30', 'asp_T6W30']",,,,,,,,16.304941082481548,16.362932683280448,398.0,16.333936882880998,0.02899580039945164,0.2946122336798762,1.9659423239762661,completed,True,COMPLETE
296,0.0038326162784161418,2026-06-20 18:04:18.461793,2026-06-20 18:04:18.701825,0 days 00:00:00.240032,,,,0.30292927308463163,0.5,,,,,,,,ElasticNet,,,,8,,,,,,,,,,,,,,False,,,,,,,,,,,,,,,,,,,,,,,,,,,,,,,,,,,,,,,,,,,,,ElasticNet,"{'mode': 'original', 'type': 'ElasticNet'}",8,"['re_T6W30', 'l3_T6W30', 'lcc_T6W30', 'lsc_T6W30', 'atd_T6W30', 'density_T6W30', 'diameter_T6W30', 'asp_T6W30']",,,,,,,,,,,,,,,pruned,False,PRUNED
297,0.00397112139576931,2026-06-20 18:04:18.712115,2026-06-20 18:04:18.984048,0 days 00:00:00.271933,,,,0.36746755538183573,0.5,,,,,,,,ElasticNet,,,,7,,,,,,,,,,,,,,False,,,,,,,,,,,,,,,,,,,,,,,,,,,,,,,,,,,,,,,,,,,,,ElasticNet,"{'mode': 'original', 'type': 'ElasticNet'}",7,"['re_T6W30', 'lcc_T6W30', 'lsc_T6W30', 'atd_T6W30', 'density_T6W30', 'diameter_T6W30', 'asp_T6W30']",,,,,,,,,,,,,,,pruned,False,PRUNED
298,6.78605631572767,2026-06-20 18:04:18.994829,2026-06-20 18:04:25.349838,0 days 00:00:06.355009,,2.0,6.0,,,,,,,,,,DecisionTreeRegressor,,,,8,,,,,,,,,,,,,,False,-0.06181466856570035,-0.05078807235534481,398.0,-0.05630137046052258,0.005513298105177772,0.05601794216172665,1.9659423239762661,6.744031579081582,6.828081052373758,398.0,6.78605631572767,0.04202473664608809,0.4269929218214203,1.9659423239762661,192272753039986.6,289286007352444.94,398.0,240779380196215.75,48506627156229.164,492852260599913.5,1.9659423239762661,17.85475675636876,18.349181211218546,398.0,18.101968983793654,0.24721222742489163,2.511803278794892,1.9659423239762661,6.362877967308314,6.475523743909073,398.0,6.419200855608693,0.05632288830037972,0.5722694907842877,1.9659423239762661,399.0,0.9072681704260651,-0.1471035441390394,-0.12341250125573813,398.0,-0.13525802269738876,0.011845521441650636,0.12035658553828228,1.9659423239762661,DecisionTreeRegressor,"{'mode': 'original', 'type': 'DecisionTreeRegressor'}",8,"['l2_T6W30', 'l3_T6W30', 'lcc_T6W30', 'lsc_T6W30', 'atd_T6W30', 'density_T6W30', 'diameter_T6W30', 'asp_T6W30']",-0.023423162112468074,0.00440471851945924,398.0,-0.009509221796504418,0.013913940315963658,0.14137278431024303,1.9659423239762661,8.035694763784232,8.136711103286398,398.0,8.086202933535315,0.05050816975108354,0.5131889620032869,1.9659423239762661,completed,False,COMPLETE
299,0.0038917522457840564,2026-06-20 18:04:25.367933,2026-06-20 18:04:25.653402,0 days 00:00:00.285469,,,,0.3387557407780942,0.5,,,,,,,,ElasticNet,,,,8,,,,,,,,,,,,,,False,,,,,,,,,,,,,,,,,,,,,,,,,,,,,,,,,,,,,,,,,,,,,ElasticNet,"{'mode': 'original', 'type': 'ElasticNet'}",8,"['re_T6W30', 'l3_T6W30', 'lcc_T6W30', 'lsc_T6W30', 'atd_T6W30', 'density_T6W30', 'diameter_T6W30', 'asp_T6W30']",,,,,,,,,,,,,,,pruned,False,PRUNED
