number,value,datetime_start,datetime_complete,duration,params_dt_max_depth,params_dt_min_samples_leaf,params_dt_min_samples_split,params_elastic_alpha,params_elastic_l1_ratio,params_et_max_depth,params_et_max_features,params_et_min_samples_leaf,params_et_min_samples_split,params_et_n_estimators,params_knn_metric,params_knn_n_neighbors,params_knn_weights,params_quantile_alpha,params_regressor,params_rf_max_depth,params_rf_max_features,params_rf_min_samples_leaf,params_rf_min_samples_split,params_rf_n_estimators,params_rfe_n_features,params_rfe_proxy_et_max_depth,params_rfe_proxy_et_min_samples_leaf,params_rfe_proxy_et_min_samples_split,params_rfe_proxy_et_n_estimators,params_rfe_proxy_lsvr_C,params_rfe_proxy_lsvr_epsilon,params_rfe_proxy_type,params_use_scaler,user_attrs_d2mae_ci_lower_val,user_attrs_d2mae_ci_upper_val,user_attrs_d2mae_df_val,user_attrs_d2mae_mean_val,user_attrs_d2mae_samperror_val,user_attrs_d2mae_std_val,user_attrs_d2mae_t_critical_val,user_attrs_mae_ci_lower_val,user_attrs_mae_ci_upper_val,user_attrs_mae_df_val,user_attrs_mae_mean_val,user_attrs_mae_samperror_val,user_attrs_mae_std_val,user_attrs_mae_t_critical_val,user_attrs_mape_ci_lower_val,user_attrs_mape_ci_upper_val,user_attrs_mape_df_val,user_attrs_mape_mean_val,user_attrs_mape_samperror_val,user_attrs_mape_std_val,user_attrs_mape_t_critical_val,user_attrs_max_error_ci_lower_val,user_attrs_max_error_ci_upper_val,user_attrs_max_error_df_val,user_attrs_max_error_mean_val,user_attrs_max_error_samperror_val,user_attrs_max_error_std_val,user_attrs_max_error_t_critical_val,user_attrs_median_ae_ci_lower_val,user_attrs_median_ae_ci_upper_val,user_attrs_median_ae_df_val,user_attrs_median_ae_mean_val,user_attrs_median_ae_samperror_val,user_attrs_median_ae_std_val,user_attrs_median_ae_t_critical_val,user_attrs_n_splits_val,user_attrs_r2_below_zero_val,user_attrs_r2_ci_lower_val,user_attrs_r2_ci_upper_val,user_attrs_r2_df_val,user_attrs_r2_mean_val,user_attrs_r2_samperror_val,user_attrs_r2_std_val,user_attrs_r2_t_critical_val,user_attrs_regressor_final,user_attrs_rfe_estimator,user_attrs_rfe_n_features,user_attrs_rfe_selected_features,user_attrs_rho_ci_lower_val,user_attrs_rho_ci_upper_val,user_attrs_rho_df_val,user_attrs_rho_mean_val,user_attrs_rho_samperror_val,user_attrs_rho_std_val,user_attrs_rho_t_critical_val,user_attrs_rmse_ci_lower_val,user_attrs_rmse_ci_upper_val,user_attrs_rmse_df_val,user_attrs_rmse_mean_val,user_attrs_rmse_samperror_val,user_attrs_rmse_std_val,user_attrs_rmse_t_critical_val,user_attrs_termination_reason,user_attrs_use_scaler_final,state
88,6.3598482437382895,2026-06-12 06:47:14.413290,2026-06-12 06:47:16.605667,0 days 00:00:02.192377,,,,,,,,,,,,,,0.011309827322880947,QuantileRegressor,,,,,,3,,,,,,,,False,0.0027228361481162738,0.012908521657358037,98.0,0.007815678902737155,0.005092842754620882,0.02553488367115769,1.9844674545084815,6.3057491818518026,6.413947305624776,98.0,6.3598482437382895,0.054099061886487325,0.2712460051386466,1.9844674545084815,150587546519934.5,331438949529963.6,98.0,241013248024949.06,90425701505014.56,453383283180762.94,1.9844674545084815,17.18466827127631,17.799094165546364,98.0,17.491881218411336,0.307212947135027,1.5403277197688383,1.9844674545084815,5.741464762748967,5.946397606258058,98.0,5.8439311845035125,0.10246642175454566,0.5137539652737382,1.9844674545084815,99.0,0.6060606060606061,-0.036193117622895746,-0.017443202559293974,98.0,-0.02681816009109486,0.009374957531800888,0.04700487753708385,1.9844674545084815,QuantileRegressor,"{'mode': 'original', 'type': 'QuantileRegressor'}",3,"['nodes_T6W30', 'lsc_T6W30', 'diameter_T6W30']",0.06327162964341784,0.10973737169904549,98.0,0.08650450067123167,0.02323287102781383,0.11648674181113573,1.9844674545084815,7.599020109276368,7.726680214782243,98.0,7.662850162029305,0.06383005275293772,0.3200359897802215,1.9844674545084815,completed,False,COMPLETE
89,6.319890735426685,2026-06-12 06:47:16.644807,2026-06-12 06:47:18.802822,0 days 00:00:02.158015,,,,,,,,,,,,,,0.023344074541986202,QuantileRegressor,,,,,,2,,,,,,,,False,0.009867612156764898,0.018308995689815012,98.0,0.014088303923289955,0.004220691766525057,0.021162026487513908,1.9844674545084815,6.267929340646175,6.371852130207195,98.0,6.319890735426685,0.05196139478051039,0.2605280066633835,1.9844674545084815,152447994123485.25,335480374031962.56,98.0,243964184077723.9,91516189954238.64,458850857389766.94,1.9844674545084815,17.25306763034668,17.882543582958025,98.0,17.567805606652353,0.31473797630567246,1.578057285308665,1.9844674545084815,5.75425118389029,5.941780592421445,98.0,5.848015888155867,0.09376470426557766,0.47012463004274746,1.9844674545084815,99.0,0.5454545454545454,-0.02346407525313847,-0.00749441206027141,98.0,-0.015479243656704939,0.007984831596433529,0.04003495803276426,1.9844674545084815,QuantileRegressor,"{'mode': 'original', 'type': 'QuantileRegressor'}",2,"['nodes_T6W30', 'lsc_T6W30']",0.07197563332112318,0.11959119046342097,98.0,0.09578341189227207,0.02380777857114889,0.11936925712685251,1.9844674545084815,7.558107143843296,7.68466881173093,98.0,7.621387977787113,0.06328083394381688,0.3172822746005828,1.9844674545084815,completed,False,COMPLETE
90,6.35689721017401,2026-06-12 06:47:18.815025,2026-06-12 06:47:20.985426,0 days 00:00:02.170401,,,,,,,,,,,,,,0.006922565128423713,QuantileRegressor,,,,,,2,,,,,,,,True,0.0025425998844608904,0.013961412521904075,98.0,0.008252006203182482,0.005709406318721592,0.02862625712283184,1.9844674545084815,6.301245406457134,6.412549013890885,98.0,6.35689721017401,0.05565180371687573,0.279031260627702,1.9844674545084815,148680866182758.25,327255125336621.06,98.0,237967995759689.66,89287129576931.42,447674624355891.6,1.9844674545084815,17.33417522326446,17.979226790515142,98.0,17.6567010068898,0.32252578362534157,1.6171043879863807,1.9844674545084815,5.786717513766898,5.989305032997149,98.0,5.888011273382023,0.10129375961512598,0.5078743823456213,1.9844674545084815,99.0,0.5959595959595959,-0.04019501696337888,-0.017706454193141714,98.0,-0.028950735578260296,0.011244281385118581,0.05637743613314065,1.9844674545084815,QuantileRegressor,"{'mode': 'original', 'type': 'QuantileRegressor'}",2,"['lsc_T6W30', 'density_T6W30']",0.06660537715778005,0.1173332380194163,98.0,0.09196930758859817,0.02536393043081812,0.1271716100809577,1.9844674545084815,7.601934107876426,7.738371535073563,98.0,7.6701528214749946,0.0682187135985686,0.34204019245537187,1.9844674545084815,completed,True,COMPLETE
91,6.317534073368036,2026-06-12 06:47:20.998976,2026-06-12 06:47:23.188910,0 days 00:00:02.189934,,,,,,,,,,,,,,0.02254207622928941,QuantileRegressor,,,,,,2,,,,,,,,False,0.010206807759413985,0.01870183943269298,98.0,0.014454323596053482,0.0042475158366394985,0.021296519057373398,1.9844674545084815,6.265536603111583,6.36953154362449,98.0,6.317534073368036,0.05199747025645309,0.2607088846378198,1.9844674545084815,152387993365226.3,335350898822817.56,98.0,243869446094021.94,91481452728795.64,458676689237816.6,1.9844674545084815,17.24384532535165,17.873106943374893,98.0,17.55847613436327,0.31463080901162,1.57751996175111,1.9844674545084815,5.749215342868688,5.93672672792292,98.0,5.842971035395804,0.09375569252711606,0.4700794463007042,1.9844674545084815,99.0,0.5454545454545454,-0.02299262199073053,-0.006924821020161731,98.0,-0.01495872150544613,0.0080339004852844,0.040280983372451624,1.9844674545084815,QuantileRegressor,"{'mode': 'original', 'type': 'QuantileRegressor'}",2,"['nodes_T6W30', 'lsc_T6W30']",0.07762512375702568,0.12444369665261001,98.0,0.10103441020481785,0.023409286447792166,0.11737126690723416,1.9844674545084815,7.556110816678518,7.682691035019526,98.0,7.619400925849022,0.06329010917050389,0.31732877943999915,1.9844674545084815,completed,False,COMPLETE
92,6.318831627306174,2026-06-12 06:47:23.223600,2026-06-12 06:47:25.371133,0 days 00:00:02.147533,,,,,,,,,,,,,,0.02477158288905677,QuantileRegressor,,,,,,2,,,,,,,,False,0.010070997340159238,0.018435506130732533,98.0,0.014253251735445886,0.004182254395286649,0.02096930626219234,1.9844674545084815,6.267011448574628,6.370651806037721,98.0,6.318831627306174,0.05182017873154576,0.2598199668599671,1.9844674545084815,152459303620879.8,335506367281131.75,98.0,243982835451005.78,91523531830125.98,458887668647397.3,1.9844674545084815,17.251241906335437,17.881513289795414,98.0,17.566377598065426,0.31513569172998684,1.5800513812553498,1.9844674545084815,5.750886700064585,5.939016187380105,98.0,5.844951443722345,0.09406474365775945,0.47162899044523104,1.9844674545084815,99.0,0.5454545454545454,-0.02313645720446421,-0.007288966403974868,98.0,-0.015212711804219538,0.00792374540024467,0.039728679400426604,1.9844674545084815,QuantileRegressor,"{'mode': 'original', 'type': 'QuantileRegressor'}",2,"['nodes_T6W30', 'lsc_T6W30']",0.07113097765717036,0.1199556853360094,98.0,0.09554333149658988,0.02441235383941952,0.12240052274598877,1.9844674545084815,7.557208701244378,7.683628916168341,98.0,7.62041880870636,0.06321010746198095,0.31692766076835477,1.9844674545084815,completed,False,COMPLETE
93,6.316768826455515,2026-06-12 06:47:25.384269,2026-06-12 06:47:27.646099,0 days 00:00:02.261830,,,,,,,,,,,,,,0.020360758973347007,QuantileRegressor,,,,,,2,,,,,,,,False,0.010257233689569711,0.018881197676545027,98.0,0.01456921568305737,0.004311981993487657,0.021619744394411486,1.9844674545084815,6.264698467672236,6.368839185238794,98.0,6.316768826455515,0.0520703587832793,0.2610743386962198,1.9844674545084815,152037330118915.0,334567809595259.25,98.0,243302569857087.12,91265239738172.12,457592624044805.3,1.9844674545084815,17.24165388085163,17.87932265445159,98.0,17.56048826765161,0.3188343867999795,1.598596180868818,1.9844674545084815,5.729360406241953,5.913206449461472,98.0,5.8212834278517125,0.09192302160976004,0.46089066099219655,1.9844674545084815,99.0,0.5454545454545454,-0.02343185098845001,-0.00713303212095864,98.0,-0.015282441554704325,0.008149409433745685,0.04086013095348787,1.9844674545084815,QuantileRegressor,"{'mode': 'original', 'type': 'QuantileRegressor'}",2,"['nodes_T6W30', 'lsc_T6W30']",0.07639921384868437,0.12319308898766934,98.0,0.09979615141817685,0.02339693756949248,0.11730935115879179,1.9844674545084815,7.557223167412549,7.683858596473821,98.0,7.620540881943185,0.06331771453063627,0.3174671893013759,1.9844674545084815,completed,False,COMPLETE
94,6.31773570259234,2026-06-12 06:47:27.664123,2026-06-12 06:47:29.838487,0 days 00:00:02.174364,,,,,,,,,,,,,,0.01965753356170905,QuantileRegressor,,,,,,2,,,,,,,,False,0.010078428989907915,0.01876144455904568,98.0,0.014419936774476798,0.0043415077845688835,0.021767783059040185,1.9844674545084815,6.265511917730235,6.3699594874544445,98.0,6.31773570259234,0.05222378486210506,0.26184359807918095,1.9844674545084815,151981419155339.12,334438907438730.2,98.0,243210163297034.66,91228744141695.53,457409639637974.0,1.9844674545084815,17.243271699805383,17.880901301654355,98.0,17.56208650072987,0.31881480092448705,1.5984979797115482,1.9844674545084815,5.727004265522066,5.910584003227626,98.0,5.818794134374846,0.09178986885278001,0.460223049537495,1.9844674545084815,99.0,0.5454545454545454,-0.023671210471535836,-0.007324844629950674,98.0,-0.015498027550743256,0.008173182920792582,0.04097932827715343,1.9844674545084815,QuantileRegressor,"{'mode': 'original', 'type': 'QuantileRegressor'}",2,"['nodes_T6W30', 'lsc_T6W30']",0.07510974351089207,0.12206985943583153,98.0,0.0985898014733618,0.02348005796246973,0.11772610652856032,1.9844674545084815,7.557926631432358,7.684783551257007,98.0,7.621355091344682,0.06342845991232417,0.3180224529477849,1.9844674545084815,completed,False,COMPLETE
95,6.901176412919102,2026-06-12 06:47:29.851529,2026-06-12 06:47:30.067941,0 days 00:00:00.216412,,,,,,,,,,,manhattan,10.0,distance,,KNeighborsRegressor,,,,,,2,12.0,5.0,12.0,20.0,,,ExtraTrees,,,,,,,,,,,,,,,,,,,,,,,,,,,,,,,,,,,,,,,,,,,,,,KNeighborsRegressor,"{'mode': 'proxy', 'type': 'ExtraTrees'}",2,"['re_T6W30', 'density_T6W30']",,,,,,,,,,,,,,,pruned,True,PRUNED
96,6.318001958416027,2026-06-12 06:47:30.077485,2026-06-12 06:47:32.267280,0 days 00:00:02.189795,,,,,,,,,,,,,,0.0193071620970558,QuantileRegressor,,,,,,2,,,,,,,,False,0.009998760133057786,0.018755379863851146,98.0,0.014377069998454466,0.004378309865396679,0.021952304140501356,1.9844674545084815,6.265692854121388,6.370311062710666,98.0,6.318001958416027,0.052309104294638656,0.2622713791613001,1.9844674545084815,151963633086807.3,334400372823090.56,98.0,243182002954948.94,91218369868141.62,457357624313500.94,1.9844674545084815,17.240339055345213,17.879393307234775,98.0,17.559866181289994,0.3195271259447824,1.602069489260472,1.9844674545084815,5.7219815246756225,5.904633767322806,98.0,5.813307645999214,0.09132612132359177,0.4578978767840531,1.9844674545084815,99.0,0.5454545454545454,-0.023859630378104884,-0.007462840778796307,98.0,-0.015661235578450595,0.008198394799654288,0.04110573751947312,1.9844674545084815,QuantileRegressor,"{'mode': 'original', 'type': 'QuantileRegressor'}",2,"['nodes_T6W30', 'lsc_T6W30']",0.07467295044369031,0.1217466909357252,98.0,0.09820982068970775,0.02353687024601744,0.11801095629152764,1.9844674545084815,7.558509620041611,7.685392919456606,98.0,7.6219512697491085,0.06344164970749791,0.3180885849494263,1.9844674545084815,completed,False,COMPLETE
97,6.321300616949209,2026-06-12 06:47:32.280553,2026-06-12 06:47:32.410750,0 days 00:00:00.130197,,,,0.01312617742021626,0.5658666062988559,,,,,,,,,,ElasticNet,,,,,,2,,,,,,,,False,,,,,,,,,,,,,,,,,,,,,,,,,,,,,,,,,,,,,,,,,,,,,ElasticNet,"{'mode': 'original', 'type': 'ElasticNet'}",2,"['l2_T6W30', 'lcc_T6W30']",,,,,,,,,,,,,,,pruned,False,PRUNED
98,6.323328218675005,2026-06-12 06:47:32.420369,2026-06-12 06:47:32.548981,0 days 00:00:00.128612,,,,,,,,,,,,,,,LinearRegression,,,,,,2,,,,,,,,False,,,,,,,,,,,,,,,,,,,,,,,,,,,,,,,,,,,,,,,,,,,,,LinearRegression,"{'mode': 'original', 'type': 'LinearRegression'}",2,"['l2_T6W30', 'density_T6W30']",,,,,,,,,,,,,,,pruned,False,PRUNED
99,6.3207410341395,2026-06-12 06:47:32.559305,2026-06-12 06:47:34.711964,0 days 00:00:02.152659,,,,,,,,,,,,,,0.017710278929326834,QuantileRegressor,,,,,,2,,,,,,,,False,0.00940634844350112,0.01848746727409716,98.0,0.01394690785879914,0.004540559415298019,0.02276580331611782,1.9844674545084815,6.267944245015747,6.373537823263253,98.0,6.3207410341395,0.05279678912375282,0.26471657057592207,1.9844674545084815,151907528494031.2,334274983631589.3,98.0,243091256062810.25,91183727568779.05,457183932109177.06,1.9844674545084815,17.233624502839994,17.875507404898862,98.0,17.554565953869428,0.32094145102943483,1.609160740306272,1.9844674545084815,5.728842116294603,5.9137268449636125,98.0,5.8212844806291075,0.09244236433450499,0.46349458117995257,1.9844674545084815,99.0,0.5252525252525253,-0.02467126438568939,-0.008011143082896743,98.0,-0.016341203734293066,0.008330060651396323,0.04176589381521703,1.9844674545084815,QuantileRegressor,"{'mode': 'original', 'type': 'QuantileRegressor'}",2,"['nodes_T6W30', 'lsc_T6W30']",0.07278249300368213,0.12029346569185499,98.0,0.09653797934776856,0.023755486344086432,0.11910707036804592,1.9844674545084815,7.56085162409174,7.688013561414083,98.0,7.624432592752911,0.06358096866117169,0.3187871129516937,1.9844674545084815,completed,False,COMPLETE
100,6.365453662205299,2026-06-12 06:47:34.724660,2026-06-12 06:47:36.998646,0 days 00:00:02.273986,,,,,,,,,,,,,,0.013173822860775208,QuantileRegressor,,,,,,2,,,,,,,,False,0.002031841634985804,0.011922023845173765,98.0,0.006976932740079784,0.00494509110509398,0.024794075174867893,1.9844674545084815,6.310855657170385,6.420051667240213,98.0,6.365453662205299,0.054598005034914195,0.27374764437383436,1.9844674545084815,150602330424877.12,331500685460580.0,98.0,241051507942728.56,90449177517851.42,453500989005532.0,1.9844674545084815,17.18509494153311,17.740467151479614,98.0,17.46278104650636,0.2776861049732509,1.3922837851522643,1.9844674545084815,5.770988955724398,5.978749358206352,98.0,5.874869156965375,0.10388020124097722,0.5208424807575401,1.9844674545084815,99.0,0.6363636363636364,-0.034774039890090425,-0.017033002311883597,98.0,-0.02590352110098701,0.008870518789103412,0.04447568407193749,1.9844674545084815,QuantileRegressor,"{'mode': 'original', 'type': 'QuantileRegressor'}",2,"['lsc_T6W30', 'diameter_T6W30']",0.07029900289927202,0.1167022902553373,98.0,0.09350064657730466,0.023201643678032638,0.11633017174164012,1.9844674545084815,7.5952023729421185,7.724934108063625,98.0,7.660068240502872,0.06486586756075349,0.32522943711343044,1.9844674545084815,completed,False,COMPLETE
101,6.317699067507203,2026-06-12 06:47:37.012412,2026-06-12 06:47:39.321367,0 days 00:00:02.308955,,,,,,,,,,,,,,0.019837724403948508,QuantileRegressor,,,,,,2,,,,,,,,False,0.010085241549649421,0.018766423721334802,98.0,0.014425832635492112,0.00434059108584269,0.02176318684500754,1.9844674545084815,6.265472828241524,6.369925306772881,98.0,6.317699067507203,0.052226239265678744,0.2618559041551302,1.9844674545084815,151983529972530.62,334443661783475.5,98.0,243213595878003.06,91230065905472.42,457416266798070.94,1.9844674545084815,17.243080302826996,17.880408041625245,98.0,17.56174417222612,0.31866386939912444,1.597741227711116,1.9844674545084815,5.726381516105396,5.910046870891741,98.0,5.8182141934985685,0.09183267739317263,0.46043768626431436,1.9844674545084815,99.0,0.5454545454545454,-0.023646611302314574,-0.007308674361524738,98.0,-0.015477642831919656,0.008168968470394918,0.04095819754411742,1.9844674545084815,QuantileRegressor,"{'mode': 'original', 'type': 'QuantileRegressor'}",2,"['nodes_T6W30', 'lsc_T6W30']",0.07507442948269263,0.12204198194121998,98.0,0.09855820571195631,0.02348377622926367,0.11774474945837694,1.9844674545084815,7.557855898956948,7.684706093984692,98.0,7.62128099647082,0.06342509751387179,0.31800559429781783,1.9844674545084815,completed,False,COMPLETE
102,6.317744556678542,2026-06-12 06:47:39.333670,2026-06-12 06:47:41.483533,0 days 00:00:02.149863,,,,,,,,,,,,,,0.019789068535875205,QuantileRegressor,,,,,,2,,,,,,,,False,0.010077391484386085,0.018759728659712257,98.0,0.01441856007204917,0.004341168587663085,0.02176608236770757,1.9844674545084815,6.265521795767845,6.369967317589238,98.0,6.317744556678542,0.052222760910696664,0.2618384641134651,1.9844674545084815,151983529972530.62,334443661783475.5,98.0,243213595878003.06,91230065905472.42,457416266798070.94,1.9844674545084815,17.243323206654143,17.880928805634607,98.0,17.562126006144375,0.3188027994902312,1.5984378060045685,1.9844674545084815,5.7268684704694905,5.910389800925884,98.0,5.818629135697687,0.09176066522819665,0.4600766261758399,1.9844674545084815,99.0,0.5454545454545454,-0.023672075408721377,-0.00732720672240288,98.0,-0.015499641065562128,0.008172434343159249,0.040975575001486575,1.9844674545084815,QuantileRegressor,"{'mode': 'original', 'type': 'QuantileRegressor'}",2,"['nodes_T6W30', 'lsc_T6W30']",0.07510974351089207,0.12206985943583153,98.0,0.0985898014733618,0.02348005796246973,0.11772610652856032,1.9844674545084815,7.557933590564545,7.684789659244149,98.0,7.621361624904347,0.06342803433980233,0.3180203191797968,1.9844674545084815,completed,False,COMPLETE
103,6.315310545732786,2026-06-12 06:47:41.507848,2026-06-12 06:47:43.778959,0 days 00:00:02.271111,,,,,,,,,,,,,,0.02120797462092496,QuantileRegressor,,,,,,2,,,,,,,,False,0.010495707667129288,0.019098054182592708,98.0,0.014796880924860999,0.004301173257731711,0.02156555073019322,1.9844674545084815,6.263273559970125,6.367347531495447,98.0,6.315310545732786,0.05203698576266108,0.2609070104985314,1.9844674545084815,152150877385254.03,334815305545656.0,98.0,243483091465455.03,91332214080201.0,457928425112118.4,1.9844674545084815,17.241181721632618,17.877536706860045,98.0,17.55935921424633,0.31817749261371386,1.5953025946658406,1.9844674545084815,5.735927129590783,5.9185270111243415,98.0,5.827227070357562,0.0912999407667798,0.45776661071030017,1.9844674545084815,99.0,0.5454545454545454,-0.02295338999377684,-0.00671903867430727,98.0,-0.014836214334042055,0.008117175659734785,0.04069851479738255,1.9844674545084815,QuantileRegressor,"{'mode': 'original', 'type': 'QuantileRegressor'}",2,"['nodes_T6W30', 'lsc_T6W30']",0.0777201398635256,0.12485135638833564,98.0,0.10128574812593062,0.02356560826240502,0.1181550451512771,1.9844674545084815,7.555570878927091,7.682200962570684,98.0,7.6188859207488875,0.06331504182179706,0.3174537886698261,1.9844674545084815,completed,False,COMPLETE
104,6.7103127776092055,2026-06-12 06:47:43.797134,2026-06-12 06:47:46.564177,0 days 00:00:02.767043,,,,,,,,,,,,,,,RandomForestRegressor,20.0,sqrt,3.0,2.0,274.0,2,,,,,,,,False,,,,,,,,,,,,,,,,,,,,,,,,,,,,,,,,,,,,,,,,,,,,,RandomForestRegressor,"{'mode': 'original', 'type': 'RandomForestRegressor'}",2,"['re_T6W30', 'atd_T6W30']",,,,,,,,,,,,,,,pruned,False,PRUNED
