number,value,datetime_start,datetime_complete,duration,params_dt_max_depth,params_dt_min_samples_leaf,params_dt_min_samples_split,params_elastic_alpha,params_elastic_l1_ratio,params_et_max_depth,params_et_max_features,params_et_min_samples_leaf,params_et_min_samples_split,params_et_n_estimators,params_knn_metric,params_knn_n_neighbors,params_knn_weights,params_quantile_alpha,params_regressor,params_rf_max_depth,params_rf_max_features,params_rf_min_samples_leaf,params_rf_min_samples_split,params_rf_n_estimators,params_rfe_n_features,params_rfe_proxy_et_max_depth,params_rfe_proxy_et_min_samples_leaf,params_rfe_proxy_et_min_samples_split,params_rfe_proxy_et_n_estimators,params_rfe_proxy_lsvr_C,params_rfe_proxy_lsvr_epsilon,params_rfe_proxy_type,params_use_scaler,user_attrs_d2mae_ci_lower_val,user_attrs_d2mae_ci_upper_val,user_attrs_d2mae_df_val,user_attrs_d2mae_mean_val,user_attrs_d2mae_samperror_val,user_attrs_d2mae_std_val,user_attrs_d2mae_t_critical_val,user_attrs_mae_ci_lower_val,user_attrs_mae_ci_upper_val,user_attrs_mae_df_val,user_attrs_mae_mean_val,user_attrs_mae_samperror_val,user_attrs_mae_std_val,user_attrs_mae_t_critical_val,user_attrs_mape_ci_lower_val,user_attrs_mape_ci_upper_val,user_attrs_mape_df_val,user_attrs_mape_mean_val,user_attrs_mape_samperror_val,user_attrs_mape_std_val,user_attrs_mape_t_critical_val,user_attrs_max_error_ci_lower_val,user_attrs_max_error_ci_upper_val,user_attrs_max_error_df_val,user_attrs_max_error_mean_val,user_attrs_max_error_samperror_val,user_attrs_max_error_std_val,user_attrs_max_error_t_critical_val,user_attrs_median_ae_ci_lower_val,user_attrs_median_ae_ci_upper_val,user_attrs_median_ae_df_val,user_attrs_median_ae_mean_val,user_attrs_median_ae_samperror_val,user_attrs_median_ae_std_val,user_attrs_median_ae_t_critical_val,user_attrs_n_splits_val,user_attrs_r2_below_zero_val,user_attrs_r2_ci_lower_val,user_attrs_r2_ci_upper_val,user_attrs_r2_df_val,user_attrs_r2_mean_val,user_attrs_r2_samperror_val,user_attrs_r2_std_val,user_attrs_r2_t_critical_val,user_attrs_regressor_final,user_attrs_rfe_estimator,user_attrs_rfe_n_features,user_attrs_rfe_selected_features,user_attrs_rho_ci_lower_val,user_attrs_rho_ci_upper_val,user_attrs_rho_df_val,user_attrs_rho_mean_val,user_attrs_rho_samperror_val,user_attrs_rho_std_val,user_attrs_rho_t_critical_val,user_attrs_rmse_ci_lower_val,user_attrs_rmse_ci_upper_val,user_attrs_rmse_df_val,user_attrs_rmse_mean_val,user_attrs_rmse_samperror_val,user_attrs_rmse_std_val,user_attrs_rmse_t_critical_val,user_attrs_termination_reason,user_attrs_use_scaler_final,state
122,6.317557697423121,2026-06-12 06:48:20.695157,2026-06-12 06:48:22.869563,0 days 00:00:02.174406,,,,,,,,,,,,,,0.022313589253925105,QuantileRegressor,,,,,,3,,,,,,,,False,0.010199980570078615,0.01870039520613507,98.0,0.014450187888106843,0.004250207318028228,0.021310013812164703,1.9844674545084815,6.265564675436579,6.369550719409663,98.0,6.317557697423121,0.051993021986541994,0.26068658156266306,1.9844674545084815,152387993365226.3,335350898822817.56,98.0,243869446094021.94,91481452728795.64,458676689237816.6,1.9844674545084815,17.24699711685625,17.87885662437185,98.0,17.56292687061405,0.3159297537577983,1.5840327100504423,1.9844674545084815,5.747531237682941,5.9344793525365125,98.0,5.841005295109727,0.09347405742678565,0.4686673627412566,1.9844674545084815,99.0,0.5454545454545454,-0.023213156565929427,-0.007067077845880187,98.0,-0.015140117205904807,0.00807303936002462,0.04047722084956689,1.9844674545084815,QuantileRegressor,"{'mode': 'original', 'type': 'QuantileRegressor'}",3,"['nodes_T6W30', 'lsc_T6W30', 'asp_T6W30']",0.07766071090155832,0.12447860585128082,98.0,0.10106965837641957,0.02340894747486124,0.11736956733888387,1.9844674545084815,7.55670924515382,7.683426229082587,98.0,7.6200677371182035,0.06335849196438369,0.3176716423106906,1.9844674545084815,completed,False,COMPLETE
123,6.356637979315228,2026-06-12 06:48:22.882179,2026-06-12 06:48:25.184694,0 days 00:00:02.302515,,,,,,,,,,,,,,0.014218145085733607,QuantileRegressor,,,,,,3,,,,,,,,False,0.0033188756077226758,0.013343183230139336,98.0,0.008331029418931006,0.005012153811208331,0.025130319288776425,1.9844674545084815,6.30242913805295,6.410846820577507,98.0,6.356637979315228,0.05420884126227853,0.27179642535096854,1.9844674545084815,150796985407936.06,331899992601626.75,98.0,241348489004781.4,90551503596845.36,454014039309562.1,1.9844674545084815,17.187594918854966,17.795944118686858,98.0,17.491769518770912,0.3041745999159451,1.5250938226057171,1.9844674545084815,5.750890297585167,5.954185328007464,98.0,5.8525378127963155,0.1016475152111486,0.5096480691503559,1.9844674545084815,99.0,0.6060606060606061,-0.034791843538669966,-0.01676544586090916,98.0,-0.025778644699789563,0.009013198838880403,0.04519106419435434,1.9844674545084815,QuantileRegressor,"{'mode': 'original', 'type': 'QuantileRegressor'}",3,"['nodes_T6W30', 'lsc_T6W30', 'diameter_T6W30']",0.0654930037556127,0.11191447488186779,98.0,0.08870373931874025,0.023210735563127544,0.11637575732899,1.9844674545084815,7.595555647749589,7.722906059317432,98.0,7.6592308535335105,0.0636752057839213,0.31925960622958505,1.9844674545084815,completed,False,COMPLETE
124,6.347325342270348,2026-06-12 06:48:25.197279,2026-06-12 06:48:27.462346,0 days 00:00:02.265067,,,,,,,,,,,,,,0.024584284325283184,QuantileRegressor,,,,,,4,,,,,,,,False,0.0051579071213819746,0.014436861384379565,98.0,0.00979738425288077,0.004639477131498795,0.02326176451066121,1.9844674545084815,6.294118155353745,6.40053252918695,98.0,6.347325342270348,0.053207186916602846,0.2667742543498452,1.9844674545084815,151944374895906.38,334388035151392.6,98.0,243166205023649.5,91221830127743.14,457374973627166.0,1.9844674545084815,17.203541500066382,17.813695080343688,98.0,17.508618290205035,0.30507679013865363,1.5296172927963518,1.9844674545084815,5.773157327037218,5.970707004458562,98.0,5.87193216574789,0.09877483871067198,0.49524482447959045,1.9844674545084815,99.0,0.5959595959595959,-0.030629578516896266,-0.014064424596590656,98.0,-0.022347001556743462,0.008282576960152806,0.041527816460270185,1.9844674545084815,QuantileRegressor,"{'mode': 'original', 'type': 'QuantileRegressor'}",4,"['nodes_T6W30', 'lsc_T6W30', 'diameter_T6W30', 'asp_T6W30']",0.07082100989184792,0.11714371574976534,98.0,0.09398236282080663,0.023161352928958708,0.11612815890908347,1.9844674545084815,7.58383254808774,7.709825347842401,98.0,7.64682894796507,0.06299639987733034,0.31585615737101425,1.9844674545084815,completed,False,COMPLETE
125,6.361702674999351,2026-06-12 06:48:27.478932,2026-06-12 06:48:29.875361,0 days 00:00:02.396429,,,,,,,,,,,,,,0.010660711606228742,QuantileRegressor,,,,,,3,,,,,,,,False,0.002399249765294902,0.012650677687896829,98.0,0.007524963726595866,0.005125713961300964,0.025699695835826413,1.9844674545084815,6.307512712671636,6.415892637327065,98.0,6.361702674999351,0.05418996232771425,0.27170176870807555,1.9844674545084815,150488103843583.3,331227090758855.5,98.0,240857597301219.4,90369493457636.11,453101462983214.25,1.9844674545084815,17.18741076078921,17.802787224162874,98.0,17.49509899247604,0.3076882316868306,1.5427107377267348,1.9844674545084815,5.74743584543185,5.95284818275343,98.0,5.85014201409264,0.10270616866078976,0.5149560266089145,1.9844674545084815,99.0,0.6060606060606061,-0.03681982051442859,-0.017940260421111028,98.0,-0.02738004046776981,0.009439780046658781,0.047329889609107154,1.9844674545084815,QuantileRegressor,"{'mode': 'original', 'type': 'QuantileRegressor'}",3,"['nodes_T6W30', 'lsc_T6W30', 'diameter_T6W30']",0.062210674820769446,0.10887221898685501,98.0,0.08554144690381223,0.023330772083042777,0.11697760559331055,1.9844674545084815,7.601006841768148,7.728809741708239,98.0,7.664908291738193,0.06390144997004539,0.3203939665961431,1.9844674545084815,completed,False,COMPLETE
126,6.349554643912562,2026-06-12 06:48:29.888118,2026-06-12 06:48:32.047593,0 days 00:00:02.159475,,,,,,,,,,,,,,0.04338313582859404,QuantileRegressor,,,,,,3,,,,,,,,False,0.005655523008742519,0.013310792959555756,98.0,0.009483157984149138,0.003827634975406619,0.01919128835147755,1.9844674545084815,6.298030373406591,6.401078914418533,98.0,6.349554643912562,0.051524270505970915,0.2583363196158937,1.9844674545084815,154180933304231.0,339302767975150.75,98.0,246741850639690.88,92560917335459.86,464088991263692.7,1.9844674545084815,17.264151288572492,17.841764063186787,98.0,17.55295767587964,0.2888063873071463,1.448039505379206,1.9844674545084815,5.793734052639836,5.987539658593894,98.0,5.890636855616865,0.09690280297702893,0.4858586688509971,1.9844674545084815,99.0,0.6363636363636364,-0.026916553422375734,-0.012388984779564668,98.0,-0.0196527691009702,0.007263784321405532,0.0364197161774096,1.9844674545084815,QuantileRegressor,"{'mode': 'original', 'type': 'QuantileRegressor'}",3,"['nodes_T6W30', 'diameter_T6W30', 'asp_T6W30']",0.07343101475917607,0.12027490951866868,97.0,0.09685296213892237,0.02342194737974631,0.11682508227106977,1.9847231860139845,7.574900996927014,7.699844790220877,98.0,7.6373728935739456,0.062471896646931466,0.31322636304617874,1.9844674545084815,completed,False,COMPLETE
127,6.317438928023152,2026-06-12 06:48:32.080243,2026-06-12 06:48:34.605540,0 days 00:00:02.525297,,,,,,,,,,,,,,0.023031984705930843,QuantileRegressor,,,,,,3,,,,,,,,False,0.010238278547827773,0.018703078648869213,98.0,0.014470678598348493,0.004232400050520721,0.02122073037534687,1.9844674545084815,6.26544289113627,6.369434964910034,98.0,6.317438928023152,0.051996036886882084,0.2607016979000749,1.9844674545084815,152385038234431.44,335343745497875.0,98.0,243864391866153.22,91479353631721.77,458666164624711.8,1.9844674545084815,17.24518638574794,17.874482878772096,98.0,17.559834632260017,0.31464824651207945,1.5776073912216828,1.9844674545084815,5.749689905533406,5.93702139171318,98.0,5.843355648623293,0.09366574308988727,0.46962845094769845,1.9844674545084815,99.0,0.5454545454545454,-0.022830120894827652,-0.006847455919282468,98.0,-0.01483878840705506,0.007991332487772592,0.04006755269788546,1.9844674545084815,QuantileRegressor,"{'mode': 'original', 'type': 'QuantileRegressor'}",3,"['nodes_T6W30', 'lsc_T6W30', 'asp_T6W30']",0.07814108559826996,0.12478829954153892,98.0,0.10146469256990444,0.02332360697163447,0.11694168061091521,1.9844674545084815,7.555653998429745,7.68232703266622,98.0,7.618990515547982,0.06333651711823787,0.3175614631500409,1.9844674545084815,completed,False,COMPLETE
128,6.63748508144022,2026-06-12 06:48:34.619648,2026-06-12 06:48:36.548805,0 days 00:00:01.929157,,,,,,,,,,,,,,,RandomForestRegressor,7.0,,4.0,9.0,185.0,4,,,,,,,,False,,,,,,,,,,,,,,,,,,,,,,,,,,,,,,,,,,,,,,,,,,,,,RandomForestRegressor,"{'mode': 'original', 'type': 'RandomForestRegressor'}",4,"['l2_T6W30', 'lsc_T6W30', 'atd_T6W30', 'diameter_T6W30']",,,,,,,,,,,,,,,pruned,False,PRUNED
129,6.392706005841655,2026-06-12 06:48:36.558408,2026-06-12 06:48:36.693437,0 days 00:00:00.135029,,,,0.00012627856835010644,0.30263746093074734,,,,,,,,,,ElasticNet,,,,,,3,,,,,,,,False,,,,,,,,,,,,,,,,,,,,,,,,,,,,,,,,,,,,,,,,,,,,,ElasticNet,"{'mode': 'original', 'type': 'ElasticNet'}",3,"['pe_T6W30', 'l2_T6W30', 'asp_T6W30']",,,,,,,,,,,,,,,pruned,False,PRUNED
130,6.387836464659157,2026-06-12 06:48:36.703220,2026-06-12 06:48:36.833280,0 days 00:00:00.130060,,,,,,,,,,,,,,,LinearRegression,,,,,,3,,,,,,,,False,,,,,,,,,,,,,,,,,,,,,,,,,,,,,,,,,,,,,,,,,,,,,LinearRegression,"{'mode': 'original', 'type': 'LinearRegression'}",3,"['pe_T6W30', 'l2_T6W30', 'density_T6W30']",,,,,,,,,,,,,,,pruned,False,PRUNED
131,6.31740734885874,2026-06-12 06:48:36.842636,2026-06-12 06:48:39.071885,0 days 00:00:02.229249,,,,,,,,,,,,,,0.022909426107634724,QuantileRegressor,,,,,,2,,,,,,,,False,0.010242441242733071,0.018708919291758608,98.0,0.01447568026724584,0.004233239024512768,0.02122493688717577,1.9844674545084815,6.265406269210046,6.369408428507435,98.0,6.31740734885874,0.05200107964869418,0.2607269816840944,1.9844674545084815,152385038234431.44,335343745497875.0,98.0,243864391866153.22,91479353631721.77,458666164624711.8,1.9844674545084815,17.244129975794372,17.873428923134142,98.0,17.558779449464257,0.31464947366988355,1.5776135440391335,1.9844674545084815,5.747234106376508,5.93561706276547,98.0,5.841425584570989,0.09419147819448082,0.47226442173738353,1.9844674545084815,99.0,0.5454545454545454,-0.022857271503167693,-0.006867780651212461,98.0,-0.014862526077190078,0.007994745425977617,0.04008466474792139,1.9844674545084815,QuantileRegressor,"{'mode': 'original', 'type': 'QuantileRegressor'}",2,"['nodes_T6W30', 'lsc_T6W30']",0.07806046025319355,0.12473894348566536,98.0,0.10139970186942945,0.023339241616235906,0.11702007078519958,1.9844674545084815,7.555737661708958,7.68241824443751,98.0,7.619077953073234,0.06334029136427644,0.3175803867528664,1.9844674545084815,completed,False,COMPLETE
132,6.337968492891057,2026-06-12 06:48:39.083857,2026-06-12 06:48:41.319105,0 days 00:00:02.235248,,,,,,,,,,,,,,0.02925574371437142,QuantileRegressor,,,,,,3,,,,,,,,False,0.007007510225456651,0.015575729258781739,98.0,0.011291619742119195,0.004284109516662544,0.02147999524297528,1.9844674545084815,6.285002184036252,6.390934801745861,98.0,6.337968492891057,0.05296630885480431,0.26556652154062405,1.9844674545084815,152709956169249.44,336059228269798.6,98.0,244384592219524.03,91674636050274.58,459645286518126.6,1.9844674545084815,17.21505956809083,17.81827805407749,98.0,17.51666881108416,0.3016092429933304,1.5122314402879968,1.9844674545084815,5.7698142044601735,5.967230810783221,98.0,5.868522507621697,0.09870830316152368,0.49491122346550914,1.9844674545084815,99.0,0.5656565656565656,-0.0277924397039087,-0.0118373476958844,98.0,-0.01981489369989655,0.00797754600401215,0.03999842897347089,1.9844674545084815,QuantileRegressor,"{'mode': 'original', 'type': 'QuantileRegressor'}",3,"['nodes_T6W30', 'diameter_T6W30', 'asp_T6W30']",0.07468938841565925,0.12096019417614104,98.0,0.09782479129590015,0.023135402880240886,0.11599804857440463,1.9844674545084815,7.574653879787225,7.700493048507105,98.0,7.637573464147165,0.06291958435993968,0.3154710138676279,1.9844674545084815,completed,False,COMPLETE
133,6.366330217583791,2026-06-12 06:48:41.331910,2026-06-12 06:48:43.617775,0 days 00:00:02.285865,,,,,,,,,,,,,,0.014781711635014808,QuantileRegressor,,,,,,2,,,,,,,,False,0.002079255505617144,0.01157868497282493,98.0,0.006828970239221037,0.004749714733603893,0.023814482213046,1.9844674545084815,6.3127143733801026,6.419946061787479,98.0,6.366330217583791,0.05361584420368811,0.2688232114431356,1.9844674545084815,150952982637202.38,332264015213569.94,98.0,241608498925386.16,90655516288183.8,454535546079281.5,1.9844674545084815,17.189847087202537,17.7362614483106,98.0,17.46305426775657,0.27320718055403,1.3698270120832463,1.9844674545084815,5.776050281106128,5.981996353560497,98.0,5.879023317333313,0.10297303622718455,0.5162940675797089,1.9844674545084815,99.0,0.6363636363636364,-0.03404101286606157,-0.016998638627904884,98.0,-0.025519825746983228,0.008521187119078344,0.04272417828498818,1.9844674545084815,QuantileRegressor,"{'mode': 'original', 'type': 'QuantileRegressor'}",2,"['lsc_T6W30', 'diameter_T6W30']",0.07152648735184217,0.11738798536887907,98.0,0.09445723636036062,0.022930749008518454,0.11497193937389125,1.9844674545084815,7.5946052148359415,7.722891475808194,98.0,7.658748345322068,0.06414313048612634,0.32160572281188593,1.9844674545084815,completed,False,COMPLETE
134,6.256156894605581,2026-06-12 06:48:43.630534,2026-06-12 06:48:43.880371,0 days 00:00:00.249837,,,,,,,,,,,,,,0.00012248119592523317,QuantileRegressor,,,,,,2,,,,,,,,False,,,,,,,,,,,,,,,,,,,,,,,,,,,,,,,,,,,,,,,,,,,,,QuantileRegressor,"{'mode': 'original', 'type': 'QuantileRegressor'}",2,"['nodes_T6W30', 'lcc_T6W30']",,,,,,,,,,,,,,,pruned,False,PRUNED
135,6.348571031799985,2026-06-12 06:48:43.891327,2026-06-12 06:48:46.123987,0 days 00:00:02.232660,,,,,,,,,,,,,,0.02322180866897785,QuantileRegressor,,,,,,4,,,,,,,,False,0.00492126664366017,0.014282790593526135,98.0,0.009602028618593153,0.004680761974932983,0.02346876160938715,1.9844674545084815,6.2952463655775865,6.401895698022383,98.0,6.348571031799985,0.053324666222397926,0.26736328105885243,1.9844674545084815,151774571677338.03,334023909782131.25,98.0,242899240729734.62,91124669052396.6,456887820012598.25,1.9844674545084815,17.20220773346035,17.810883135721586,98.0,17.50654543459097,0.3043377011306156,1.5259115919231492,1.9844674545084815,5.770987587484495,5.969942050082874,98.0,5.8704648187836845,0.09947723129918987,0.49876653404406,1.9844674545084815,99.0,0.6060606060606061,-0.031112428218084756,-0.014400521418066638,98.0,-0.022756474818075696,0.008355953400009058,0.041895716854256054,1.9844674545084815,QuantileRegressor,"{'mode': 'original', 'type': 'QuantileRegressor'}",4,"['nodes_T6W30', 'lsc_T6W30', 'diameter_T6W30', 'asp_T6W30']",0.07069539897438819,0.11698825086649094,98.0,0.09384182492043956,0.02314642594605137,0.11605331686300727,1.9844674545084815,7.5852513320753925,7.711386751431071,98.0,7.648319041753232,0.06306770967783949,0.3162136958909229,1.9844674545084815,completed,False,COMPLETE
136,6.351873614749043,2026-06-12 06:48:46.135950,2026-06-12 06:48:48.293444,0 days 00:00:02.157494,,,,,,,,,,,,,,0.03370773893060169,QuantileRegressor,,,,,,3,,,,,,,,True,0.005038834735801424,0.013132517814845689,98.0,0.009085676275323556,0.0040468415395221325,0.0202903629517222,1.9844674545084815,6.300825089758185,6.402922139739902,98.0,6.351873614749043,0.051048524990858726,0.25595099044498176,1.9844674545084815,153894938542419.12,338685095690264.4,98.0,246290017116341.75,92395078573922.62,463257496224860.06,1.9844674545084815,17.256693122797202,17.831920320460988,98.0,17.544306721629095,0.28761359883189347,1.442059011492517,1.9844674545084815,5.761520032252056,5.952145403438871,98.0,5.856832717845464,0.0953126855934076,0.4778860169607703,1.9844674545084815,99.0,0.6363636363636364,-0.027422755478162402,-0.01235763095404668,98.0,-0.01989019321610454,0.007532562262057861,0.03776733552844952,1.9844674545084815,QuantileRegressor,"{'mode': 'original', 'type': 'QuantileRegressor'}",3,"['lsc_T6W30', 'density_T6W30', 'asp_T6W30']",0.0809991142517346,0.12947798834662264,97.0,0.10523855129917863,0.02423943704744402,0.12090259538883552,1.9847231860139845,7.575829538103265,7.700256356110985,98.0,7.638042947107125,0.06221340900385994,0.3119303379744691,1.9844674545084815,completed,True,COMPLETE
137,6.368798043434893,2026-06-12 06:48:48.305574,2026-06-12 06:48:50.417579,0 days 00:00:02.112005,,,,,,,,,,,,,,0.008730901899558939,QuantileRegressor,,,,,,2,,,,,,,,False,0.0011904462769183359,0.011689471731656974,98.0,0.006439959004287656,0.00524951272736932,0.026320407537031028,1.9844674545084815,6.313507969206701,6.424088117663085,98.0,6.368798043434893,0.055290074228192015,0.2772175937114036,1.9844674545084815,150110934778381.56,330417233858516.7,98.0,240264084318449.12,90153149540067.55,452016741338693.94,1.9844674545084815,17.164478684266346,17.72740364020405,98.0,17.445941162235197,0.2814624779688498,1.411218052277246,1.9844674545084815,5.777702289552331,5.984353647339064,98.0,5.881027968445697,0.10332567889336604,0.518062174291871,1.9844674545084815,99.0,0.6363636363636364,-0.036627250603914405,-0.018040444981653445,98.0,-0.027333847792783923,0.009293402811130478,0.046595972254614024,1.9844674545084815,QuantileRegressor,"{'mode': 'original', 'type': 'QuantileRegressor'}",2,"['lsc_T6W30', 'diameter_T6W30']",0.06629974491379986,0.11164672074969378,98.0,0.08897323283174682,0.02267348791794696,0.11368206408471256,1.9844674545084815,7.599715550575444,7.730686483342416,98.0,7.66520101695893,0.06548546638348589,0.3283360289764725,1.9844674545084815,completed,False,COMPLETE
138,6.349481317197108,2026-06-12 06:48:50.440748,2026-06-12 06:48:52.714789,0 days 00:00:02.274041,,,,,,,,,,,,,,0.043125231603637085,QuantileRegressor,,,,,,3,,,,,,,,False,0.00566442806574812,0.013323173229713279,98.0,0.009493800647730699,0.0038293725819825795,0.019200000495936186,1.9844674545084815,6.297978264691516,6.400984369702699,98.0,6.349481317197108,0.051503052505591104,0.25822993518630544,1.9844674545084815,154196666836316.8,339337895106510.44,98.0,246767280971413.62,92570614135096.81,464137609817738.5,1.9844674545084815,17.263349828018235,17.840508325095577,98.0,17.551929076556906,0.2885792485386704,1.446900659687381,1.9844674545084815,5.793307185237331,5.987280252297075,98.0,5.890293718767203,0.09698653352987167,0.4862784834868646,1.9844674545084815,99.0,0.6363636363636364,-0.02688837116170123,-0.012362565061160069,98.0,-0.01962546811143065,0.007262903050270581,0.036415297592937636,1.9844674545084815,QuantileRegressor,"{'mode': 'original', 'type': 'QuantileRegressor'}",3,"['nodes_T6W30', 'diameter_T6W30', 'asp_T6W30']",0.07348634379774986,0.12029663290823846,97.0,0.09689148835299416,0.0234051445552443,0.11674127235881068,1.9847231860139845,7.574823917299956,7.699706821267111,98.0,7.637265369283534,0.06244145198357768,0.31307371726962474,1.9844674545084815,completed,False,COMPLETE
139,6.359594940154049,2026-06-12 06:48:52.727106,2026-06-12 06:48:54.018323,0 days 00:00:01.291217,,,,,,15.0,sqrt,5.0,5.0,214.0,,,,,ExtraTreesRegressor,,,,,,2,,,,,,,,False,,,,,,,,,,,,,,,,,,,,,,,,,,,,,,,,,,,,,,,,,,,,,ExtraTreesRegressor,"{'mode': 'original', 'type': 'ExtraTreesRegressor'}",2,"['density_T6W30', 'asp_T6W30']",,,,,,,,,,,,,,,pruned,False,PRUNED
