number,value,datetime_start,datetime_complete,duration,params_dt_max_depth,params_dt_min_samples_leaf,params_dt_min_samples_split,params_elastic_alpha,params_elastic_l1_ratio,params_et_max_depth,params_et_max_features,params_et_min_samples_leaf,params_et_min_samples_split,params_et_n_estimators,params_knn_metric,params_knn_n_neighbors,params_knn_weights,params_quantile_alpha,params_regressor,params_rf_max_depth,params_rf_max_features,params_rf_min_samples_leaf,params_rf_min_samples_split,params_rf_n_estimators,params_rfe_n_features,params_rfe_proxy_et_max_depth,params_rfe_proxy_et_min_samples_leaf,params_rfe_proxy_et_min_samples_split,params_rfe_proxy_et_n_estimators,params_rfe_proxy_lsvr_C,params_rfe_proxy_lsvr_epsilon,params_rfe_proxy_type,params_use_scaler,user_attrs_d2mae_ci_lower_val,user_attrs_d2mae_ci_upper_val,user_attrs_d2mae_df_val,user_attrs_d2mae_mean_val,user_attrs_d2mae_samperror_val,user_attrs_d2mae_std_val,user_attrs_d2mae_t_critical_val,user_attrs_mae_ci_lower_val,user_attrs_mae_ci_upper_val,user_attrs_mae_df_val,user_attrs_mae_mean_val,user_attrs_mae_samperror_val,user_attrs_mae_std_val,user_attrs_mae_t_critical_val,user_attrs_mape_ci_lower_val,user_attrs_mape_ci_upper_val,user_attrs_mape_df_val,user_attrs_mape_mean_val,user_attrs_mape_samperror_val,user_attrs_mape_std_val,user_attrs_mape_t_critical_val,user_attrs_max_error_ci_lower_val,user_attrs_max_error_ci_upper_val,user_attrs_max_error_df_val,user_attrs_max_error_mean_val,user_attrs_max_error_samperror_val,user_attrs_max_error_std_val,user_attrs_max_error_t_critical_val,user_attrs_median_ae_ci_lower_val,user_attrs_median_ae_ci_upper_val,user_attrs_median_ae_df_val,user_attrs_median_ae_mean_val,user_attrs_median_ae_samperror_val,user_attrs_median_ae_std_val,user_attrs_median_ae_t_critical_val,user_attrs_n_splits_val,user_attrs_r2_below_zero_val,user_attrs_r2_ci_lower_val,user_attrs_r2_ci_upper_val,user_attrs_r2_df_val,user_attrs_r2_mean_val,user_attrs_r2_samperror_val,user_attrs_r2_std_val,user_attrs_r2_t_critical_val,user_attrs_regressor_final,user_attrs_rfe_estimator,user_attrs_rfe_n_features,user_attrs_rfe_selected_features,user_attrs_rho_ci_lower_val,user_attrs_rho_ci_upper_val,user_attrs_rho_df_val,user_attrs_rho_mean_val,user_attrs_rho_samperror_val,user_attrs_rho_std_val,user_attrs_rho_t_critical_val,user_attrs_rmse_ci_lower_val,user_attrs_rmse_ci_upper_val,user_attrs_rmse_df_val,user_attrs_rmse_mean_val,user_attrs_rmse_samperror_val,user_attrs_rmse_std_val,user_attrs_rmse_t_critical_val,user_attrs_termination_reason,user_attrs_use_scaler_final,state
206,6.318075587812061,2026-06-12 06:51:06.376977,2026-06-12 06:51:08.574515,0 days 00:00:02.197538,,,,,,,,,,,,,,0.018956753960819122,QuantileRegressor,,,,,,2,,,,,,,,False,0.00997621338118636,0.018754840227605978,98.0,0.014365526804396168,0.004389313423209808,0.022007474618418066,1.9844674545084815,6.265730845969559,6.3704203296545625,98.0,6.318075587812061,0.05234474184250206,0.2624500614185113,1.9844674545084815,151932670388456.94,334331928585862.25,98.0,243132299487159.6,91199629098702.64,457263660413457.5,1.9844674545084815,17.23701606251416,17.87697976113679,98.0,17.556997911825476,0.31998184931131374,1.6043494159784921,1.9844674545084815,5.72302657531862,5.906459403344801,98.0,5.814742989331711,0.09171641401309,0.45985475605643944,1.9844674545084815,99.0,0.5454545454545454,-0.023902013587138185,-0.0074813850853391595,98.0,-0.015691699336238672,0.008210314250899513,0.04116550017377747,1.9844674545084815,QuantileRegressor,"{'mode': 'original', 'type': 'QuantileRegressor'}",2,"['nodes_T6W30', 'lsc_T6W30']",0.07457919709789959,0.12156312335794345,98.0,0.09807116022792152,0.02349196313002192,0.11778579756619446,1.9844674545084815,7.558602572456542,7.685517202294817,98.0,7.62205988737568,0.06345731491913796,0.31816712838306166,1.9844674545084815,completed,False,COMPLETE
207,6.352362305073108,2026-06-12 06:51:08.587511,2026-06-12 06:51:08.749306,0 days 00:00:00.161795,,,,,,,,,,,,,,,LinearRegression,,,,,,2,,,,,,,,False,,,,,,,,,,,,,,,,,,,,,,,,,,,,,,,,,,,,,,,,,,,,,LinearRegression,"{'mode': 'original', 'type': 'LinearRegression'}",2,"['l2_T6W30', 'density_T6W30']",,,,,,,,,,,,,,,pruned,False,PRUNED
208,6.365707240616405,2026-06-12 06:51:08.758592,2026-06-12 06:51:10.926061,0 days 00:00:02.167469,,,,,,,,,,,,,,0.01574171578434426,QuantileRegressor,,,,,,2,,,,,,,,False,0.0022654702635652125,0.011571303025421923,98.0,0.006918386644493567,0.004652916380928355,0.023329147245087896,1.9844674545084815,6.312690362817358,6.418724118415451,98.0,6.365707240616405,0.05301687779904667,0.26582006797251234,1.9844674545084815,151191170792585.22,332781974441529.5,98.0,241986572617057.34,90795401824472.12,455236914856701.3,1.9844674545084815,17.189760760753106,17.734281397865136,98.0,17.46202107930912,0.27226031855601457,1.3650795631363832,1.9844674545084815,5.775129500341192,5.979193559500711,98.0,5.877161529920952,0.10203202957975917,0.5115759766364942,1.9844674545084815,99.0,0.6262626262626263,-0.033474494464253164,-0.016657514160871967,98.0,-0.025066004312562565,0.008408490151690599,0.04215912962925906,1.9844674545084815,QuantileRegressor,"{'mode': 'original', 'type': 'QuantileRegressor'}",2,"['lsc_T6W30', 'diameter_T6W30']",0.07240843590797698,0.11792175916168883,98.0,0.0951650975348329,0.022756661626855922,0.11409908677396838,1.9844674545084815,7.593387787670028,7.720694325232867,98.0,7.6570410564514475,0.06365326878141961,0.3191496168122863,1.9844674545084815,completed,False,COMPLETE
209,6.48745611375935,2026-06-12 06:51:10.939131,2026-06-12 06:51:14.096016,0 days 00:00:03.156885,,,,,,,,,,,,,,,RandomForestRegressor,6.0,sqrt,2.0,10.0,320.0,2,,,,,,,,False,,,,,,,,,,,,,,,,,,,,,,,,,,,,,,,,,,,,,,,,,,,,,RandomForestRegressor,"{'mode': 'original', 'type': 'RandomForestRegressor'}",2,"['atd_T6W30', 'density_T6W30']",,,,,,,,,,,,,,,pruned,False,PRUNED
210,6.318022132302285,2026-06-12 06:51:14.107177,2026-06-12 06:51:16.416325,0 days 00:00:02.309148,,,,,,,,,,,,,,0.025839553963350505,QuantileRegressor,,,,,,2,,,,,,,,False,0.010220935520891844,0.01856271970738067,98.0,0.014391827614136257,0.004170892093244412,0.020912337085081615,1.9844674545084815,6.265882058291079,6.37016220631349,98.0,6.318022132302285,0.05214007401120548,0.26142388222641977,1.9844674545084815,152450128167368.56,335486131562414.4,98.0,243968129864891.47,91518001697522.9,458859941246511.5,1.9844674545084815,17.254366398012372,17.88361463403907,98.0,17.56899051602572,0.31462411801334694,1.5774864139133344,1.9844674545084815,5.752407107833583,5.93996859400345,98.0,5.846187850918517,0.09378074308493374,0.47020504669926194,1.9844674545084815,99.0,0.5454545454545454,-0.022750550213143934,-0.006997831756824294,98.0,-0.014874190984984114,0.00787635922815982,0.039491090994479804,1.9844674545084815,QuantileRegressor,"{'mode': 'original', 'type': 'QuantileRegressor'}",2,"['nodes_T6W30', 'lsc_T6W30']",0.07232133674598802,0.12075008777725003,98.0,0.09653571226161903,0.02421437551563101,0.12140788391716109,1.9844674545084815,7.555782789153821,7.6826878822086835,98.0,7.619235335681252,0.06345254652743108,0.31814322025681463,1.9844674545084815,completed,False,COMPLETE
211,6.315524076655174,2026-06-12 06:51:16.429065,2026-06-12 06:51:18.566623,0 days 00:00:02.137558,,,,,,,,,,,,,,0.02098952473887666,QuantileRegressor,,,,,,2,,,,,,,,False,0.01046044245555051,0.019066436869609592,98.0,0.014763439662580051,0.00430299720702954,0.02157469578638014,1.9844674545084815,6.263484303510661,6.367563849799686,98.0,6.315524076655174,0.052039773144512406,0.2609209860863808,1.9844674545084815,152048856949247.53,334594501431669.0,98.0,243321679190458.25,91272822241210.72,457630641777210.44,1.9844674545084815,17.242633999900434,17.87878526834897,98.0,17.560709634124702,0.31807563422426705,1.5947918892993544,1.9844674545084815,5.73574498321363,5.918373405375748,98.0,5.827059194294689,0.09131421108105926,0.4578381603010953,1.9844674545084815,99.0,0.5454545454545454,-0.02301651230313525,-0.006775679755902948,98.0,-0.014896096029519098,0.00812041627361615,0.04071476283457331,1.9844674545084815,QuantileRegressor,"{'mode': 'original', 'type': 'QuantileRegressor'}",2,"['nodes_T6W30', 'lsc_T6W30']",0.07769226007189754,0.12484078551456755,98.0,0.10126652279323255,0.023574262721335,0.11819843753793845,1.9844674545084815,7.555803169331456,7.68240793518236,98.0,7.619105552256908,0.06330238292545201,0.3173903185292483,1.9844674545084815,completed,False,COMPLETE
212,6.316721315622104,2026-06-12 06:51:18.579433,2026-06-12 06:51:20.826953,0 days 00:00:02.247520,,,,,,,,,,,,,,0.020746333948342677,QuantileRegressor,,,,,,2,,,,,,,,False,0.010277290316244546,0.018878713288007776,98.0,0.01457800180212616,0.004300711485881616,0.02156323546325039,1.9844674545084815,6.264646641104082,6.368795990140126,98.0,6.316721315622104,0.052074674518022356,0.2610959772564364,1.9844674545084815,152037330118915.0,334567809595259.25,98.0,243302569857087.12,91265239738172.12,457592624044805.3,1.9844674545084815,17.2433246397403,17.879397426300883,98.0,17.561361033020592,0.31803639328029054,1.5945951400597127,1.9844674545084815,5.732624620537719,5.915517445910678,98.0,5.8240710332241985,0.09144641268647945,0.4585010027995176,1.9844674545084815,99.0,0.5555555555555556,-0.02327385307780467,-0.007107247312129363,98.0,-0.015190550194967015,0.008083302882837652,0.04052868088352322,1.9844674545084815,QuantileRegressor,"{'mode': 'original', 'type': 'QuantileRegressor'}",2,"['nodes_T6W30', 'lsc_T6W30']",0.0764560155733588,0.12322690623540491,98.0,0.09984146090438185,0.023385445331023068,0.11725173049650618,1.9844674545084815,7.556996826273381,7.683449557861748,98.0,7.620223192067565,0.06322636579418331,0.3170091780351303,1.9844674545084815,completed,False,COMPLETE
213,6.318076759352541,2026-06-12 06:51:20.839181,2026-06-12 06:51:23.084947,0 days 00:00:02.245766,,,,,,,,,,,,,,0.019439708821666558,QuantileRegressor,,,,,,2,,,,,,,,False,0.010012826511632635,0.018718824049862234,98.0,0.014365825280747434,0.004352998769114799,0.021825397434308457,1.9844674545084815,6.265842504468739,6.370311014236344,98.0,6.318076759352541,0.05223425488380266,0.26189609347300397,1.9844674545084815,151991045237333.16,334459788930043.75,98.0,243225417083688.44,91234371846355.28,457437856253083.94,1.9844674545084815,17.241207934699748,17.880205009859555,98.0,17.56070647227965,0.31949853757990204,1.6019261507348703,1.9844674545084815,5.725879383805134,5.908492771452767,98.0,5.817186077628951,0.09130669382381643,0.4578004697030402,1.9844674545084815,99.0,0.5454545454545454,-0.02376195712274156,-0.007388098663255719,98.0,-0.01557502789299864,0.008186929229742922,0.041048250570039115,1.9844674545084815,QuantileRegressor,"{'mode': 'original', 'type': 'QuantileRegressor'}",2,"['nodes_T6W30', 'lsc_T6W30']",0.07506101406137247,0.12202606383042985,98.0,0.09854353894590116,0.02348252488452869,0.11773847537064644,1.9844674545084815,7.558207617914022,7.685058614794809,98.0,7.621633116354415,0.06342549844039357,0.31800760449381,1.9844674545084815,completed,False,COMPLETE
214,6.3182410606507675,2026-06-12 06:51:23.098021,2026-06-12 06:51:25.313616,0 days 00:00:02.215595,,,,,,,,,,,,,,0.032543039187318504,QuantileRegressor,,,,,,2,,,,,,,,False,0.010442127068372165,0.018338753125416038,98.0,0.014390440096894101,0.003948313028521936,0.01979635318391626,1.9844674545084815,6.265790122170618,6.370691999130917,98.0,6.3182410606507675,0.05245093848014992,0.26298251822490804,1.9844674545084815,152843109238612.5,336349233613056.5,98.0,244596171425834.5,91753062187221.98,460038505468763.5,1.9844674545084815,17.250227828181576,17.8719574875764,98.0,17.561092657878987,0.3108648296974129,1.5586378072591003,1.9844674545084815,5.7603064861403475,5.948452232811235,98.0,5.854379359475791,0.0940728733354437,0.47166975164363306,1.9844674545084815,99.0,0.5555555555555556,-0.021981578645272407,-0.006789044215102999,98.0,-0.014385311430187703,0.007596267215084704,0.038086744283675866,1.9844674545084815,QuantileRegressor,"{'mode': 'original', 'type': 'QuantileRegressor'}",2,"['nodes_T6W30', 'asp_T6W30']",0.08227755482745444,0.12839631774931132,98.0,0.10533693628838288,0.023059381460928438,0.11561688658056565,1.9844674545084815,7.554115383292207,7.68109631669518,98.0,7.617605849993693,0.06349046670148631,0.3183333473194285,1.9844674545084815,completed,False,COMPLETE
215,6.366902282976615,2026-06-12 06:51:25.348538,2026-06-12 06:51:27.484952,0 days 00:00:02.136414,,,,,,,,,,,,,,0.015327271818395818,QuantileRegressor,,,,,,2,,,,,,,,False,0.002048464143135818,0.011425484904523237,98.0,0.006736974523829527,0.004688510380693709,0.02350761115752165,1.9844674545084815,6.313588489793225,6.420216076160005,98.0,6.366902282976615,0.05331379318339016,0.2673087649860828,1.9844674545084815,151214627541097.2,332833197506757.2,98.0,242023912523927.2,90809284982830.0,455306523295590.4,1.9844674545084815,17.190346669297355,17.735313861839956,98.0,17.462830265568655,0.2724835962712988,1.366199049985054,1.9844674545084815,5.778854330748045,5.9819693999324794,98.0,5.880411865340262,0.10155753459221771,0.5091969174561524,1.9844674545084815,99.0,0.6363636363636364,-0.033769925899796834,-0.01687956595916215,98.0,-0.025324745929479493,0.008445179970317341,0.042343087841929125,1.9844674545084815,QuantileRegressor,"{'mode': 'original', 'type': 'QuantileRegressor'}",2,"['lsc_T6W30', 'diameter_T6W30']",0.0715641611220646,0.11726977971298863,98.0,0.09441697041752661,0.02285280929546202,0.11458115929248118,1.9844674545084815,7.594133878881183,7.721922037601202,98.0,7.658027958241193,0.06389407936000925,0.32035701126904464,1.9844674545084815,completed,False,COMPLETE
216,6.315529472543466,2026-06-12 06:51:27.497451,2026-06-12 06:51:29.917218,0 days 00:00:02.419767,,,,,,,,,,,,,,0.021539466978124512,QuantileRegressor,,,,,,2,,,,,,,,False,0.010472361950634324,0.019048377339426256,98.0,0.01476036964503029,0.004288007694395965,0.021499540223990473,1.9844674545084815,6.263607246534259,6.3674516985526735,98.0,6.315529472543466,0.05192222600920676,0.260331619288597,1.9844674545084815,152148351451867.7,334810371467778.2,98.0,243479361459822.94,91331010007955.27,457922388042802.1,1.9844674545084815,17.24186578607592,17.8772597058162,98.0,17.55956274594606,0.31769695987014035,1.5928932629235246,1.9844674545084815,5.738769012790715,5.920591654105231,98.0,5.829680333447973,0.09091132065725814,0.4558181175470459,1.9844674545084815,99.0,0.5454545454545454,-0.022931177177239494,-0.006706136771821643,98.0,-0.014818656974530569,0.008112520202708926,0.040675172911658015,1.9844674545084815,QuantileRegressor,"{'mode': 'original', 'type': 'QuantileRegressor'}",2,"['nodes_T6W30', 'lsc_T6W30']",0.07767272440018028,0.12479257191635881,98.0,0.10123264815826954,0.023559923758089272,0.1181265437497172,1.9844674545084815,7.55552541980731,7.682111727859219,98.0,7.6188185738332646,0.0632931540259543,0.3173440459686292,1.9844674545084815,completed,False,COMPLETE
217,6.3654739994878415,2026-06-12 06:51:29.930596,2026-06-12 06:51:32.244157,0 days 00:00:02.313561,,,,,,,,,,,,,,0.01181723965860869,QuantileRegressor,,,,,,2,,,,,,,,False,0.0019559242839406457,0.011992678464779138,98.0,0.006974301374359892,0.005018377090419246,0.025161522041023128,1.9844674545084815,6.31058093587058,6.420367063105103,98.0,6.3654739994878415,0.05489306361726194,0.27522703161185386,1.9844674545084815,150520512402233.2,331321447162118.6,98.0,240920979782175.9,90400467379942.7,453256762398697.0,1.9844674545084815,17.1642469403344,17.72101650662716,98.0,17.44263172348078,0.2783847831463802,1.3957868710973873,1.9844674545084815,5.7699824692822235,5.977457736221088,98.0,5.873720102751656,0.10373763346943261,0.5201276635842935,1.9844674545084815,99.0,0.6363636363636364,-0.03470956010900328,-0.016785773732384254,98.0,-0.025747666920693767,0.00896189318830951,0.044933824008053264,1.9844674545084815,QuantileRegressor,"{'mode': 'original', 'type': 'QuantileRegressor'}",2,"['lsc_T6W30', 'diameter_T6W30']",0.06979715373884032,0.11552391523524055,98.0,0.09266053448704044,0.022863380748200123,0.11463416324899597,1.9844674545084815,7.594392565592268,7.7245073835502405,98.0,7.659449974571254,0.06505740897898658,0.3261898020939421,1.9844674545084815,completed,False,COMPLETE
218,6.3184924678307075,2026-06-12 06:51:32.256789,2026-06-12 06:51:34.524556,0 days 00:00:02.267767,,,,,,,,,,,,,,0.028026356778171595,QuantileRegressor,,,,,,2,,,,,,,,False,0.010187486269955005,0.018461928703280943,98.0,0.014324707486617974,0.004137221216662968,0.02074351547443342,1.9844674545084815,6.266264613595815,6.3707203220656,98.0,6.3184924678307075,0.05222785423489281,0.2618640014110245,1.9844674545084815,152539200040788.94,335681124634514.7,98.0,244110162337651.8,91570962296862.88,459125479141250.94,1.9844674545084815,17.251450935009384,17.879418482939005,98.0,17.565434708974195,0.31398377396481186,1.5742758080539596,1.9844674545084815,5.756523205001049,5.944441909205356,98.0,5.850482557103202,0.09395935210215385,0.47110057022061885,1.9844674545084815,99.0,0.5454545454545454,-0.02268268455848011,-0.0070217556540373635,98.0,-0.014852220106258737,0.007830464452221374,0.03926098026435,1.9844674545084815,QuantileRegressor,"{'mode': 'original', 'type': 'QuantileRegressor'}",2,"['nodes_T6W30', 'lsc_T6W30']",0.07888403414978144,0.12496269310356274,97.0,0.10192336362667209,0.023039329476890646,0.11491664283796993,1.9847231860139845,7.555595944642505,7.68284616724503,98.0,7.619221055943767,0.06362511130126243,0.31900843868939344,1.9844674545084815,completed,False,COMPLETE
219,6.328124339778725,2026-06-12 06:51:34.537781,2026-06-12 06:51:36.792328,0 days 00:00:02.254547,,,,,,,,,,,,,,0.04065106649022725,QuantileRegressor,,,,,,2,,,,,,,,False,0.009094816639108248,0.016622559482148375,98.0,0.012858688060628311,0.003763871421520064,0.018871585778788558,1.9844674545084815,6.275871383997192,6.380377295560258,98.0,6.328124339778725,0.052252955781533536,0.2619898574612345,1.9844674545084815,153823304441391.72,338519554784904.0,98.0,246171429613147.84,92348125171756.12,463022077673757.4,1.9844674545084815,17.284188032030748,17.887962760427044,98.0,17.586075396228896,0.30188736419814677,1.513625905609948,1.9844674545084815,5.778396629646775,5.966519625024054,98.0,5.872458127335414,0.09406149768863929,0.47161271555753537,1.9844674545084815,99.0,0.5858585858585859,-0.023032322736822937,-0.008332950875365536,98.0,-0.015682636806094236,0.0073496859307287,0.03685041622194604,1.9844674545084815,QuantileRegressor,"{'mode': 'original', 'type': 'QuantileRegressor'}",2,"['nodes_T6W30', 'asp_T6W30']",0.07925753652448234,0.1261689606736046,95.0,0.10271324859904347,0.02345571207456113,0.11576274442851107,1.9852510035054978,7.558967792197039,7.68640288440776,98.0,7.622685338302399,0.06371754610536028,0.31947189536448184,1.9844674545084815,completed,False,COMPLETE
220,6.315515109411911,2026-06-12 06:51:36.804794,2026-06-12 06:51:38.969905,0 days 00:00:02.165111,,,,,,,,,,,,,,0.021045217555635855,QuantileRegressor,,,,,,2,,,,,,,,False,0.010462055938387055,0.01906763772158164,98.0,0.014764846829984348,0.004302790891597293,0.021573661346320668,1.9844674545084815,6.263475772438957,6.367554446384865,98.0,6.315515109411911,0.05203933697295431,0.26091879917613575,1.9844674545084815,152044087171226.7,334584076937082.4,98.0,243314082054154.53,91269994882927.83,457616465752477.5,1.9844674545084815,17.24300318561039,17.87915154564852,98.0,17.561077365629455,0.31807418001906274,1.594784598094321,1.9844674545084815,5.73579565807367,5.918406431076047,98.0,5.827101044574858,0.09130538650118823,0.4577939149490767,1.9844674545084815,99.0,0.5454545454545454,-0.023013280884230727,-0.006772774762536803,98.0,-0.014893027823383765,0.008120253060846962,0.04071394450593532,1.9844674545084815,QuantileRegressor,"{'mode': 'original', 'type': 'QuantileRegressor'}",2,"['nodes_T6W30', 'lsc_T6W30']",0.07763441215613454,0.12479334291385732,98.0,0.10121387753499593,0.023579465378861394,0.11822452301929298,1.9844674545084815,7.555791360517343,7.682397169206695,98.0,7.619094264862019,0.0633029043446761,0.31739293286074693,1.9844674545084815,completed,False,COMPLETE
221,6.316730917935549,2026-06-12 06:51:38.982397,2026-06-12 06:51:41.277057,0 days 00:00:02.294660,,,,,,,,,,,,,,0.0204450480381992,QuantileRegressor,,,,,,2,,,,,,,,False,0.010263781064656584,0.018887322961723338,98.0,0.014575552013189962,0.004311770948533378,0.02161868624111351,1.9844674545084815,6.264648981043379,6.368812854827718,98.0,6.316730917935549,0.0520819368921691,0.26113238990217247,1.9844674545084815,152037330118915.0,334567809595259.25,98.0,243302569857087.12,91265239738172.12,457592624044805.3,1.9844674545084815,17.241733250406114,17.879139961646466,98.0,17.56043660602629,0.31870335562017554,1.5979392067396734,1.9844674545084815,5.731762208831896,5.914771458234815,98.0,5.8232668335333555,0.09150462470145976,0.4587928706427643,1.9844674545084815,99.0,0.5454545454545454,-0.023387731075273886,-0.007096173623126005,98.0,-0.015241952349199946,0.008145778726073942,0.040841927034280315,1.9844674545084815,QuantileRegressor,"{'mode': 'original', 'type': 'QuantileRegressor'}",2,"['nodes_T6W30', 'lsc_T6W30']",0.0764560155733588,0.12322690623540491,98.0,0.09984146090438185,0.023385445331023068,0.11725173049650618,1.9844674545084815,7.557061302210798,7.683729234451832,98.0,7.620395268331315,0.06333396612051669,0.3175486727629831,1.9844674545084815,completed,False,COMPLETE
