number,value,datetime_start,datetime_complete,duration,params_dt_max_depth,params_dt_min_samples_leaf,params_dt_min_samples_split,params_elastic_alpha,params_elastic_l1_ratio,params_et_max_depth,params_et_max_features,params_et_min_samples_leaf,params_et_min_samples_split,params_et_n_estimators,params_knn_metric,params_knn_n_neighbors,params_knn_weights,params_quantile_alpha,params_regressor,params_rf_max_depth,params_rf_max_features,params_rf_min_samples_leaf,params_rf_min_samples_split,params_rf_n_estimators,params_rfe_n_features,params_rfe_proxy_et_max_depth,params_rfe_proxy_et_min_samples_leaf,params_rfe_proxy_et_min_samples_split,params_rfe_proxy_et_n_estimators,params_rfe_proxy_lsvr_C,params_rfe_proxy_lsvr_epsilon,params_rfe_proxy_type,params_use_scaler,user_attrs_d2mae_ci_lower_val,user_attrs_d2mae_ci_upper_val,user_attrs_d2mae_df_val,user_attrs_d2mae_mean_val,user_attrs_d2mae_samperror_val,user_attrs_d2mae_std_val,user_attrs_d2mae_t_critical_val,user_attrs_mae_ci_lower_val,user_attrs_mae_ci_upper_val,user_attrs_mae_df_val,user_attrs_mae_mean_val,user_attrs_mae_samperror_val,user_attrs_mae_std_val,user_attrs_mae_t_critical_val,user_attrs_mape_ci_lower_val,user_attrs_mape_ci_upper_val,user_attrs_mape_df_val,user_attrs_mape_mean_val,user_attrs_mape_samperror_val,user_attrs_mape_std_val,user_attrs_mape_t_critical_val,user_attrs_max_error_ci_lower_val,user_attrs_max_error_ci_upper_val,user_attrs_max_error_df_val,user_attrs_max_error_mean_val,user_attrs_max_error_samperror_val,user_attrs_max_error_std_val,user_attrs_max_error_t_critical_val,user_attrs_median_ae_ci_lower_val,user_attrs_median_ae_ci_upper_val,user_attrs_median_ae_df_val,user_attrs_median_ae_mean_val,user_attrs_median_ae_samperror_val,user_attrs_median_ae_std_val,user_attrs_median_ae_t_critical_val,user_attrs_n_splits_val,user_attrs_r2_below_zero_val,user_attrs_r2_ci_lower_val,user_attrs_r2_ci_upper_val,user_attrs_r2_df_val,user_attrs_r2_mean_val,user_attrs_r2_samperror_val,user_attrs_r2_std_val,user_attrs_r2_t_critical_val,user_attrs_regressor_final,user_attrs_rfe_estimator,user_attrs_rfe_n_features,user_attrs_rfe_selected_features,user_attrs_rho_ci_lower_val,user_attrs_rho_ci_upper_val,user_attrs_rho_df_val,user_attrs_rho_mean_val,user_attrs_rho_samperror_val,user_attrs_rho_std_val,user_attrs_rho_t_critical_val,user_attrs_rmse_ci_lower_val,user_attrs_rmse_ci_upper_val,user_attrs_rmse_df_val,user_attrs_rmse_mean_val,user_attrs_rmse_samperror_val,user_attrs_rmse_std_val,user_attrs_rmse_t_critical_val,user_attrs_termination_reason,user_attrs_use_scaler_final,state
71,6.345365703321041,2026-06-12 06:46:05.921333,2026-06-12 06:46:08.123801,0 days 00:00:02.202468,,,,,,,,,,,,,,0.03846076472284626,QuantileRegressor,,,,,,3,,,,,,,,False,0.00623433560420355,0.014058302181334071,98.0,0.01014631889276881,0.00391198328856526,0.01961420036116213,1.9844674545084815,6.293304452638504,6.397426954003578,98.0,6.345365703321041,0.052061250682537405,0.26102867180562156,1.9844674545084815,153855612247395.12,338594502361522.9,98.0,246225057304459.0,92369445057063.88,463128972941772.8,1.9844674545084815,17.257728300479297,17.842408387204888,98.0,17.550068343842092,0.29234004336279634,1.4657568197873596,1.9844674545084815,5.798234912136064,5.990433362578812,98.0,5.894334137357438,0.09609922522137393,0.48182962937343565,1.9844674545084815,99.0,0.6262626262626263,-0.027262579983201852,-0.012376381692979044,98.0,-0.019819480838090448,0.0074430991451114046,0.037318778525189555,1.9844674545084815,QuantileRegressor,"{'mode': 'original', 'type': 'QuantileRegressor'}",3,"['nodes_T6W30', 'diameter_T6W30', 'asp_T6W30']",0.07525586079269356,0.12201780950056082,98.0,0.09863683514662719,0.023380974353933635,0.11722931357036577,1.9844674545084815,7.5753050711300425,7.700497315795603,98.0,7.637901193462823,0.06259612233278009,0.3138492152703587,1.9844674545084815,completed,False,COMPLETE
72,6.317438928023152,2026-06-12 06:46:08.136405,2026-06-12 06:46:10.492843,0 days 00:00:02.356438,,,,,,,,,,,,,,0.022939010371059623,QuantileRegressor,,,,,,3,,,,,,,,False,0.010238278547827773,0.018703078648869213,98.0,0.014470678598348493,0.004232400050520721,0.02122073037534687,1.9844674545084815,6.26544289113627,6.369434964910034,98.0,6.317438928023152,0.051996036886882084,0.2607016979000749,1.9844674545084815,152385038234431.44,335343745497875.0,98.0,243864391866153.22,91479353631721.77,458666164624711.8,1.9844674545084815,17.24518638574794,17.874482878772096,98.0,17.559834632260017,0.31464824651207945,1.5776073912216828,1.9844674545084815,5.749689905533406,5.93702139171318,98.0,5.843355648623293,0.09366574308988727,0.46962845094769845,1.9844674545084815,99.0,0.5454545454545454,-0.022830120894827652,-0.006847455919282468,98.0,-0.01483878840705506,0.007991332487772592,0.04006755269788546,1.9844674545084815,QuantileRegressor,"{'mode': 'original', 'type': 'QuantileRegressor'}",3,"['nodes_T6W30', 'lsc_T6W30', 'asp_T6W30']",0.07814108559826996,0.12478829954153892,98.0,0.10146469256990444,0.02332360697163447,0.11694168061091521,1.9844674545084815,7.555653998429745,7.68232703266622,98.0,7.618990515547982,0.06333651711823787,0.3175614631500409,1.9844674545084815,completed,False,COMPLETE
73,6.354458514460178,2026-06-12 06:46:10.514289,2026-06-12 06:46:12.733461,0 days 00:00:02.219172,,,,,,,,,,,,,,0.015894495608868717,QuantileRegressor,,,,,,3,,,,,,,,False,0.00378267812098999,0.013553174545722507,98.0,0.008667926333356248,0.004885248212366258,0.024494030312308283,1.9844674545084815,6.3008232886923,6.408093740228056,98.0,6.354458514460178,0.05363522576787836,0.2689203882088062,1.9844674545084815,150950318988605.25,332230060740059.8,98.0,241590189864332.53,90639870875727.27,454457101916303.5,1.9844674545084815,17.196163905222846,17.809176480008126,98.0,17.502670192615486,0.3065062873926417,1.5367846152226539,1.9844674545084815,5.7506962079844435,5.948574466765924,98.0,5.849635337375184,0.0989391293907404,0.4960685576294106,1.9844674545084815,99.0,0.5858585858585859,-0.03378421028507375,-0.01617520521346416,98.0,-0.024979707749268956,0.008804502535804795,0.04414468674301813,1.9844674545084815,QuantileRegressor,"{'mode': 'original', 'type': 'QuantileRegressor'}",3,"['nodes_T6W30', 'lsc_T6W30', 'diameter_T6W30']",0.06544308337488826,0.11194096003527117,98.0,0.08869202170507971,0.023248938330191458,0.1165673012779973,1.9844674545084815,7.593043437656057,7.719604573492008,98.0,7.6563240055740325,0.06328056791797597,0.3172809407799195,1.9844674545084815,completed,False,COMPLETE
74,6.393457430442031,2026-06-12 06:46:12.746053,2026-06-12 06:46:14.930932,0 days 00:00:02.184879,,,,,,,,,,,,,,0.06957341387488307,QuantileRegressor,,,,,,2,,,,,,,,False,6.705861792155078e-05,0.0052128893440132485,98.0,0.0026399739809673996,0.002572915363045849,0.012900279403187847,1.9844674545084815,6.344680859358217,6.442234001525845,98.0,6.393457430442031,0.048776571083814446,0.2445596945582258,1.9844674545084815,157277861117159.22,346188136050173.0,98.0,251732998583666.1,94455137466506.88,473586376717026.06,1.9844674545084815,17.452801154776672,17.98157601291745,98.0,17.71718858384706,0.26438742907038815,1.3256058690018162,1.9844674545084815,5.898411779906045,6.067883243723127,98.0,5.983147511814586,0.08473573190854085,0.4248544793792805,1.9844674545084815,99.0,0.8282828282828283,-0.03150264395557154,-0.021055734590479873,98.0,-0.026279189273025708,0.005223454682545834,0.02618975572323572,1.9844674545084815,QuantileRegressor,"{'mode': 'original', 'type': 'QuantileRegressor'}",2,"['nodes_T6W30', 'asp_T6W30']",0.03343234056584371,0.08599468343891405,72.0,0.05971351200237888,0.026281171436535168,0.11264134993001143,1.9934635666618719,7.600460174137805,7.726219939885214,98.0,7.663340057011509,0.06287988287370433,0.3152719555260618,1.9844674545084815,completed,False,COMPLETE
75,6.374565826330532,2026-06-12 06:46:14.943438,2026-06-12 06:46:15.137207,0 days 00:00:00.193769,,,,9.738747003519206,0.5616787381338313,,,,,,,,,,ElasticNet,,,,,,3,,,,,,,,False,,,,,,,,,,,,,,,,,,,,,,,,,,,,,,,,,,,,,,,,,,,,,ElasticNet,"{'mode': 'original', 'type': 'ElasticNet'}",3,"['density_T6W30', 'diameter_T6W30', 'asp_T6W30']",,,,,,,,,,,,,,,pruned,False,PRUNED
76,6.423108633912077,2026-06-12 06:46:15.147203,2026-06-12 06:46:15.253975,0 days 00:00:00.106772,,,,,,,,,,,,,,,LinearRegression,,,,,,4,,,,,,,,False,,,,,,,,,,,,,,,,,,,,,,,,,,,,,,,,,,,,,,,,,,,,,LinearRegression,"{'mode': 'original', 'type': 'LinearRegression'}",4,"['pe_T6W30', 'l2_T6W30', 'atd_T6W30', 'density_T6W30']",,,,,,,,,,,,,,,pruned,False,PRUNED
77,6.54310679275246,2026-06-12 06:46:15.263313,2026-06-12 06:46:54.123082,0 days 00:00:38.859769,,,,,,,,,,,,,,,RandomForestRegressor,9.0,log2,3.0,8.0,467.0,2,,,,,,,,True,-0.031280931134340065,-0.01087738274605438,98.0,-0.02107915694019722,0.010201774194142841,0.05115043401850486,1.9844674545084815,6.471106287594066,6.615107297910854,98.0,6.54310679275246,0.07200050515839398,0.36100162759119825,1.9844674545084815,171682960756279.5,383175564615757.0,98.0,277429262686018.25,105746301929738.75,530198878805164.5,1.9844674545084815,17.819450924393678,18.766948859112517,98.0,18.293199891753098,0.47374896735941907,2.3753187274195304,1.9844674545084815,6.070287790163541,6.328582692770758,98.0,6.19943524146715,0.12914745130360836,0.6475293474301727,1.9844674545084815,99.0,0.7878787878787878,-0.09394936986177588,-0.05513501213205186,98.0,-0.07454219099691387,0.019407178864862006,0.09730519448101273,1.9844674545084815,RandomForestRegressor,"{'mode': 'original', 'type': 'RandomForestRegressor'}",2,"['density_T6W30', 'asp_T6W30']",0.05315874633712711,0.10376928874422528,98.0,0.0784640175406762,0.025305271203549088,0.1268774999706081,1.9844674545084815,7.747400724845967,7.915992892279045,98.0,7.831696808562506,0.08429608371653868,0.4226501377217997,1.9844674545084815,completed,True,COMPLETE
78,6.350132036204338,2026-06-12 06:46:54.137688,2026-06-12 06:46:56.396894,0 days 00:00:02.259206,,,,,,,,,,,,,,0.01954984731789061,QuantileRegressor,,,,,,3,,,,,,,,False,0.004491416345585404,0.014209601692076227,98.0,0.009350509018830815,0.004859092673245411,0.024362889674164438,1.9844674545084815,6.296381241322812,6.4038828310858635,98.0,6.350132036204338,0.053750794881526155,0.2694998374506462,1.9844674545084815,151212752389422.3,332791735052238.0,98.0,242002243720830.16,90789491331407.84,455207280375507.4,1.9844674545084815,17.200659926491642,17.811209331249263,98.0,17.505934628870452,0.3052747023788087,1.5306096002900151,1.9844674545084815,5.744822350390157,5.944705901017242,98.0,5.8447641257036995,0.0999417753135423,0.5010957002756031,1.9844674545084815,99.0,0.5858585858585859,-0.03229905414024062,-0.014993745496495908,98.0,-0.023646399818368264,0.008652654321872356,0.0433833385794763,1.9844674545084815,QuantileRegressor,"{'mode': 'original', 'type': 'QuantileRegressor'}",3,"['nodes_T6W30', 'lsc_T6W30', 'diameter_T6W30']",0.06955137774777917,0.11614986351126763,98.0,0.0928506206295234,0.023299242881744234,0.11681952207764097,1.9844674545084815,7.588164671148181,7.7147782262955324,98.0,7.651471448721857,0.06330677757367545,0.3174123527518952,1.9844674545084815,completed,False,COMPLETE
79,6.364986534177818,2026-06-12 06:46:56.409477,2026-06-12 06:46:58.607344,0 days 00:00:02.197867,,,,,,,,,,,,,,0.009541471438443661,QuantileRegressor,,,,,,3,,,,,,,,False,0.0017732708720929668,0.012256591799503284,98.0,0.007014931335798126,0.005241660463705159,0.026281037258214218,1.9844674545084815,6.3102686712602445,6.419704397095391,98.0,6.364986534177818,0.0547178629175728,0.27434859697304464,1.9844674545084815,150398107562286.28,331034083123834.4,98.0,240716095343060.3,90317987780774.03,452843219889829.06,1.9844674545084815,17.187306246496703,17.80972590027214,98.0,17.498516073384422,0.3112098268877193,1.5603675805008437,1.9844674545084815,5.738391742116243,5.941949993991863,98.0,5.840170868054053,0.10177912593780998,0.5103079490557634,1.9844674545084815,99.0,0.6060606060606061,-0.0380113603217741,-0.0191689685955461,98.0,-0.0285901644586601,0.009421195863113999,0.04723671081137009,1.9844674545084815,QuantileRegressor,"{'mode': 'original', 'type': 'QuantileRegressor'}",3,"['nodes_T6W30', 'lsc_T6W30', 'diameter_T6W30']",0.05981662088810238,0.10557363214623766,98.0,0.08269512651717002,0.022878505629067646,0.11470999753096785,1.9844674545084815,7.605450205175439,7.733491097682039,98.0,7.669470651428739,0.06402044625330035,0.3209905992425091,1.9844674545084815,completed,False,COMPLETE
80,6.496037009201784,2026-06-12 06:46:58.620884,2026-06-12 06:47:00.739080,0 days 00:00:02.118196,,,,,,13.0,,3.0,7.0,235.0,,,,,ExtraTreesRegressor,,,,,,4,,,,,,,,False,,,,,,,,,,,,,,,,,,,,,,,,,,,,,,,,,,,,,,,,,,,,,ExtraTreesRegressor,"{'mode': 'original', 'type': 'ExtraTreesRegressor'}",4,"['re_T6W30', 'l2_T6W30', 'density_T6W30', 'asp_T6W30']",,,,,,,,,,,,,,,pruned,False,PRUNED
81,6.342900751575481,2026-06-12 06:47:00.748848,2026-06-12 06:47:02.974198,0 days 00:00:02.225350,,,,,,,,,,,,,,0.03732116774027611,QuantileRegressor,,,,,,3,,,,,,,,False,0.006516899411547188,0.014551121330271075,98.0,0.010534010370909131,0.004017110959361943,0.020141297499980605,1.9844674545084815,6.290435972479708,6.3953655306712545,98.0,6.342900751575481,0.052464779095773344,0.2630519133597884,1.9844674545084815,153586787257940.97,338000015673505.1,98.0,245793401465723.06,92206614207782.1,462312559202959.94,1.9844674545084815,17.244228907633673,17.8359694918009,98.0,17.540099199717286,0.2958702920836135,1.4834570502400921,1.9844674545084815,5.779508767155864,5.970401548204178,98.0,5.874955157680021,0.09544639052415732,0.47855639694645835,1.9844674545084815,99.0,0.6262626262626263,-0.027175484635742216,-0.012149587896470838,98.0,-0.019662536266106527,0.007512948369635689,0.0376689938977592,1.9844674545084815,QuantileRegressor,"{'mode': 'original', 'type': 'QuantileRegressor'}",3,"['nodes_T6W30', 'diameter_T6W30', 'asp_T6W30']",0.07536864197089446,0.1219496789614268,98.0,0.09865916046616063,0.023290518495266168,0.11677577908290242,1.9844674545084815,7.574537341000962,7.700065822673604,98.0,7.637301581837283,0.0627642408363213,0.31469214065363293,1.9844674545084815,completed,False,COMPLETE
82,6.317841312467937,2026-06-12 06:47:02.986437,2026-06-12 06:47:05.214801,0 days 00:00:02.228364,,,,,,,,,,,,,,0.025340630753727417,QuantileRegressor,,,,,,3,,,,,,,,False,0.010234914154139204,0.01860412875423434,98.0,0.014419521454186771,0.0041846073000475666,0.020981103435648133,1.9844674545084815,6.265673415210419,6.370009209725455,98.0,6.317841312467937,0.052167897257517866,0.2615633845421541,1.9844674545084815,152459303620879.8,335506367281131.75,98.0,243982835451005.78,91523531830125.98,458887668647397.3,1.9844674545084815,17.252298761054615,17.881914627795336,98.0,17.567106694424975,0.3148079333703603,1.5784080413784767,1.9844674545084815,5.75106823579272,5.93900659758122,98.0,5.84503741668697,0.09396918089425037,0.4711498505685316,1.9844674545084815,99.0,0.5454545454545454,-0.02291718474827909,-0.007117487296204518,98.0,-0.015017336022241805,0.007899848726037287,0.03960886443157459,1.9844674545084815,QuantileRegressor,"{'mode': 'original', 'type': 'QuantileRegressor'}",3,"['nodes_T6W30', 'lsc_T6W30', 'asp_T6W30']",0.0718389390043482,0.12040115782301544,98.0,0.09612004841368182,0.024281109409333618,0.1217424794063058,1.9844674545084815,7.556368122872317,7.683107700337753,98.0,7.619737911605035,0.06336978873271847,0.3177282829098976,1.9844674545084815,completed,False,COMPLETE
83,6.358928713411576,2026-06-12 06:47:05.226969,2026-06-12 06:47:07.443213,0 days 00:00:02.216244,,,,,,,,,,,,,,0.05080393391503079,QuantileRegressor,,,,,,3,,,,,,,,False,0.004648249209665926,0.011403948802731132,98.0,0.00802609900619853,0.0033778497965326034,0.016936121095599093,1.9844674545084815,6.308451180040789,6.409406246782362,98.0,6.358928713411576,0.050477533370786434,0.2530881090841695,1.9844674545084815,155205389845590.56,341569183528641.06,98.0,248387286687115.8,93181896841525.23,467202505702198.6,1.9844674545084815,17.281562362156812,17.841705763088555,98.0,17.561634062622684,0.280071700465873,1.4042448658935207,1.9844674545084815,5.818441991723882,6.005951807304459,98.0,5.9121968995141705,0.09375490779028861,0.4700755117273104,1.9844674545084815,99.0,0.6868686868686869,-0.02640810522938536,-0.013162040065895643,98.0,-0.0197850726476405,0.006623032581744857,0.033207066205155504,1.9844674545084815,QuantileRegressor,"{'mode': 'original', 'type': 'QuantileRegressor'}",3,"['nodes_T6W30', 'diameter_T6W30', 'asp_T6W30']",0.0721156867352087,0.11923054543440521,95.0,0.09567311608480696,0.02355742934959826,0.11626475736577162,1.9852510035054978,7.575996625143846,7.700441547381603,98.0,7.638219086262724,0.06222246111887838,0.31197572415957453,1.9844674545084815,completed,False,COMPLETE
84,6.3184440823038805,2026-06-12 06:47:07.466507,2026-06-12 06:47:09.724511,0 days 00:00:02.258004,,,,,,,,,,,,,,0.01862158660782207,QuantileRegressor,,,,,,2,,,,,,,,False,0.009885916118050845,0.018730526920757936,98.0,0.01430822151940439,0.004422305401353545,0.022172892316268115,1.9844674545084815,6.265978497342344,6.370909667265417,98.0,6.3184440823038805,0.05246558496153648,0.26305595387105246,1.9844674545084815,151919652361636.44,334303536676454.1,98.0,243111594519045.28,91191942157408.86,457225119040558.06,1.9844674545084815,17.236130908415348,17.876477486414494,98.0,17.55630419741492,0.3201732889995732,1.6053092708974985,1.9844674545084815,5.723105636644453,5.906323594651948,98.0,5.8147146156482,0.09160897900374736,0.45931609020753117,1.9844674545084815,99.0,0.5454545454545454,-0.024035280966429567,-0.007552025545531511,98.0,-0.01579365325598054,0.008241627710449029,0.041322501987001124,1.9844674545084815,QuantileRegressor,"{'mode': 'original', 'type': 'QuantileRegressor'}",2,"['nodes_T6W30', 'lsc_T6W30']",0.07416652551866001,0.12132299171365116,98.0,0.09774475861615559,0.023578233097495578,0.11821834451293764,1.9844674545084815,7.558918411763574,7.685942443890485,98.0,7.622430427827029,0.06351201606345579,0.3184413931550434,1.9844674545084815,completed,False,COMPLETE
85,6.36497253188616,2026-06-12 06:47:09.737462,2026-06-12 06:47:12.130097,0 days 00:00:02.392635,,,,,,,,,,,,,,0.015834386828363946,QuantileRegressor,,,,,,2,,,,,,,,False,0.0024620982796746847,0.011605823605295135,98.0,0.007033960942484909,0.0045718626628102246,0.022922753927449458,1.9844674545084815,6.312219395185922,6.417725668586398,98.0,6.36497253188616,0.05275313670023821,0.2644977027235034,1.9844674545084815,151174777479722.22,332745307526337.9,98.0,241960042503030.03,90785265023307.81,455186090189418.25,1.9844674545084815,17.19385430877036,17.737040029842166,98.0,17.465447169306263,0.27159286053590403,1.3617330111770796,1.9844674545084815,5.774452619622628,5.9774324489767485,98.0,5.875942534299688,0.10148991467706,0.5088578795650179,1.9844674545084815,99.0,0.6262626262626263,-0.033162032195320455,-0.01655247976165926,98.0,-0.024857255978489857,0.008304776216830597,0.04163912078757132,1.9844674545084815,QuantileRegressor,"{'mode': 'original', 'type': 'QuantileRegressor'}",2,"['lsc_T6W30', 'diameter_T6W30']",0.0724444824436643,0.11794615120162408,98.0,0.09519531682264419,0.02275083437897989,0.11406986967385226,1.9844674545084815,7.592785341336168,7.719833300089282,98.0,7.656309320712725,0.06352397937655654,0.3185013757272664,1.9844674545084815,completed,False,COMPLETE
86,6.426318255881835,2026-06-12 06:47:12.142249,2026-06-12 06:47:14.263445,0 days 00:00:02.121196,,,,,,,,,,,,,,0.10284240662866112,QuantileRegressor,,,,,,2,,,,,,,,False,-0.003910420465166738,-0.0011336170093960882,98.0,-0.002522018737281413,0.0013884017278853248,0.006961274541260651,1.9844674545084815,6.380598182639025,6.472038329124645,98.0,6.426318255881835,0.045720073242810466,0.22923479242171926,1.9844674545084815,159442569484168.5,350872734155929.94,98.0,255157651820049.22,95715082335880.72,479903584457701.4,1.9844674545084815,17.595960210720598,18.101709769313246,98.0,17.848834990016922,0.2528747792963255,1.267882866959246,1.9844674545084815,5.946401167976785,6.069900282685034,98.0,6.00815072533091,0.061749557354124476,0.30960464317348146,1.9844674545084815,99.0,0.9797979797979798,-0.03674981108055864,-0.030168358979602662,98.0,-0.03345908503008065,0.0032907260504779906,0.016499293408649307,1.9844674545084815,QuantileRegressor,"{'mode': 'original', 'type': 'QuantileRegressor'}",2,"['nodes_T6W30', 'asp_T6W30']",-0.009246283040424366,0.05002556564155445,26.0,0.02038964130056504,0.029635924340989408,0.07491635836908934,2.0555294386428735,7.6293690957852105,7.751553897747217,98.0,7.690461496766214,0.06109240098100375,0.3063097423980408,1.9844674545084815,completed,False,COMPLETE
87,7.306661734749641,2026-06-12 06:47:14.275455,2026-06-12 06:47:14.403325,0 days 00:00:00.127870,10.0,3.0,10.0,,,,,,,,,,,,DecisionTreeRegressor,,,,,,4,,,,,,,,False,,,,,,,,,,,,,,,,,,,,,,,,,,,,,,,,,,,,,,,,,,,,,DecisionTreeRegressor,"{'mode': 'original', 'type': 'DecisionTreeRegressor'}",4,"['edges_T6W30', 'pe_T6W30', 'l3_T6W30', 'atd_T6W30']",,,,,,,,,,,,,,,pruned,False,PRUNED
