number,value,datetime_start,datetime_complete,duration,params_bag_n_estimators,params_dt_max_depth,params_dt_min_samples_split,params_elastic_alpha,params_elastic_l1_ratio,params_et_max_depth,params_et_min_samples_split,params_et_n_estimators,params_gpr_alpha,params_knn_metric,params_knn_n_neighbors,params_knn_weights,params_regressor,params_rf_max_depth,params_rf_min_samples_split,params_rf_n_estimators,params_rfe_n_features,params_rfe_proxy_et_max_depth,params_rfe_proxy_et_min_samples_split,params_rfe_proxy_et_n_estimators,params_rfe_proxy_svc_C,params_rfe_proxy_type,params_ridge_alpha,params_ridge_solver,params_stack_final_estimator,params_svr_C,params_svr_degree,params_svr_epsilon,params_svr_gamma,params_svr_kernel,params_use_scaler,user_attrs_d2mae_ci_lower_val,user_attrs_d2mae_ci_upper_val,user_attrs_d2mae_df_val,user_attrs_d2mae_mean_val,user_attrs_d2mae_samperror_val,user_attrs_d2mae_std_val,user_attrs_d2mae_t_critical_val,user_attrs_mae_ci_lower_val,user_attrs_mae_ci_upper_val,user_attrs_mae_df_val,user_attrs_mae_mean_val,user_attrs_mae_samperror_val,user_attrs_mae_std_val,user_attrs_mae_t_critical_val,user_attrs_mape_ci_lower_val,user_attrs_mape_ci_upper_val,user_attrs_mape_df_val,user_attrs_mape_mean_val,user_attrs_mape_samperror_val,user_attrs_mape_std_val,user_attrs_mape_t_critical_val,user_attrs_max_error_ci_lower_val,user_attrs_max_error_ci_upper_val,user_attrs_max_error_df_val,user_attrs_max_error_mean_val,user_attrs_max_error_samperror_val,user_attrs_max_error_std_val,user_attrs_max_error_t_critical_val,user_attrs_median_ae_ci_lower_val,user_attrs_median_ae_ci_upper_val,user_attrs_median_ae_df_val,user_attrs_median_ae_mean_val,user_attrs_median_ae_samperror_val,user_attrs_median_ae_std_val,user_attrs_median_ae_t_critical_val,user_attrs_n_splits_val,user_attrs_r2_below_zero_val,user_attrs_r2_ci_lower_val,user_attrs_r2_ci_upper_val,user_attrs_r2_df_val,user_attrs_r2_mean_val,user_attrs_r2_samperror_val,user_attrs_r2_std_val,user_attrs_r2_t_critical_val,user_attrs_regressor_final,user_attrs_rfe_clf,user_attrs_rfe_n_features,user_attrs_rfe_selected_features,user_attrs_rho_ci_lower_val,user_attrs_rho_ci_upper_val,user_attrs_rho_df_val,user_attrs_rho_mean_val,user_attrs_rho_samperror_val,user_attrs_rho_std_val,user_attrs_rho_t_critical_val,user_attrs_rmse_ci_lower_val,user_attrs_rmse_ci_upper_val,user_attrs_rmse_df_val,user_attrs_rmse_mean_val,user_attrs_rmse_samperror_val,user_attrs_rmse_std_val,user_attrs_rmse_t_critical_val,user_attrs_termination_reason,user_attrs_use_scaler_final,state
256,6.586175191788369,2026-06-20 17:56:29.182695,2026-06-20 17:56:36.490954,0 days 00:00:07.308259,,,,,,,,,,,,,SVR,,,,9,9.0,2.0,70.0,,ExtraTrees,,,,2.194478470974321,,0.7799281697898618,auto,rbf,,-0.028535203727646306,-0.021637649013608803,398.0,-0.025086426370627555,0.0034487773570187528,0.035041350354828964,1.9659423239762661,6.553599900224373,6.618750483352365,398.0,6.586175191788369,0.0325752915639956,0.3309817034960507,1.9659423239762661,180398574050713.97,268141033397674.03,398.0,224269803724194.0,43871229673480.03,445754239935768.44,1.9659423239762661,17.6047333356856,17.893188751674188,398.0,17.748961043679895,0.14422770799429152,1.465427635221642,1.9659423239762661,6.075627365173555,6.186125420334135,398.0,6.130876392753845,0.05524902758028998,0.561358513985982,1.9659423239762661,399.0,0.8947368421052632,-0.08283011605238107,-0.0698676349224009,398.0,-0.07634887548739099,0.0064812405649900835,0.06585273500173709,1.9659423239762661,SVR,"{'mode': 'proxy', 'type': 'ExtraTrees', 'n_estimators': 70, 'max_depth': 9, 'min_samples_split': 2}",9,"['edges_T6W30', 'pe_T6W30', 'l1_T6W30', 'l2_T6W30', 'l3_T6W30', 'lsc_T6W30', 'atd_T6W30', 'diameter_T6W30', 'asp_T6W30']",-0.02665448803051322,-0.0025900619254860865,398.0,-0.014622274977999655,0.012032213052513568,0.1222534682498443,1.9659423239762661,7.842736929362479,7.92086144030046,398.0,7.881799184831469,0.03906225546899078,0.39689259057359816,1.9659423239762661,completed,True,COMPLETE
257,0.004125296538584437,2026-06-20 17:56:36.546414,2026-06-20 17:56:36.810243,0 days 00:00:00.263829,,,,0.4179632868547649,0.5,,,,,,,,ElasticNet,,,,7,,,,,,,,,,,,,,False,,,,,,,,,,,,,,,,,,,,,,,,,,,,,,,,,,,,,,,,,,,,,ElasticNet,"{'mode': 'original', 'type': 'ElasticNet'}",7,"['l3_T6W30', 'lcc_T6W30', 'lsc_T6W30', 'atd_T6W30', 'density_T6W30', 'diameter_T6W30', 'asp_T6W30']",,,,,,,,,,,,,,,pruned,False,PRUNED
258,0.0038714739571523568,2026-06-20 17:56:36.820526,2026-06-20 17:56:37.090360,0 days 00:00:00.269834,,,,0.3250750823038258,0.5,,,,,,,,ElasticNet,,,,8,,,,,,,,,,,,,,False,,,,,,,,,,,,,,,,,,,,,,,,,,,,,,,,,,,,,,,,,,,,,ElasticNet,"{'mode': 'original', 'type': 'ElasticNet'}",8,"['re_T6W30', 'l3_T6W30', 'lcc_T6W30', 'lsc_T6W30', 'atd_T6W30', 'density_T6W30', 'diameter_T6W30', 'asp_T6W30']",,,,,,,,,,,,,,,pruned,False,PRUNED
259,0.002387709115944185,2026-06-20 17:56:37.100630,2026-06-20 17:56:37.387328,0 days 00:00:00.286698,,,,0.37844974103440865,0.0,,,,,,,,ElasticNet,,,,10,,,,,,,,,,,,,,False,,,,,,,,,,,,,,,,,,,,,,,,,,,,,,,,,,,,,,,,,,,,,ElasticNet,"{'mode': 'original', 'type': 'ElasticNet'}",10,"['nodes_T6W30', 'edges_T6W30', 're_T6W30', 'pe_T6W30', 'l1_T6W30', 'l2_T6W30', 'l3_T6W30', 'lcc_T6W30', 'lsc_T6W30', 'diameter_T6W30']",,,,,,,,,,,,,,,pruned,False,PRUNED
260,0.003969100428216521,2026-06-20 17:56:37.397592,2026-06-20 17:56:37.701590,0 days 00:00:00.303998,,,,0.46837050972135363,0.5,,,,,,,,ElasticNet,,,,7,,,,,,,,,,,,,,False,,,,,,,,,,,,,,,,,,,,,,,,,,,,,,,,,,,,,,,,,,,,,ElasticNet,"{'mode': 'original', 'type': 'ElasticNet'}",7,"['l3_T6W30', 'lcc_T6W30', 'lsc_T6W30', 'atd_T6W30', 'density_T6W30', 'diameter_T6W30', 'asp_T6W30']",,,,,,,,,,,,,,,pruned,False,PRUNED
261,6.821252477599226,2026-06-20 17:56:37.711912,2026-06-20 17:56:44.454770,0 days 00:00:06.742858,,,,,,,,,,manhattan,6.0,uniform,KNeighborsRegressor,,,,8,,,,0.022064835059511276,LinearSVC,,,,,,0.01720604119348537,,,,-0.0674150456849976,-0.0562879142121661,398.0,-0.061851479948581846,0.005563565736415749,0.05652868712881839,1.9659423239762661,6.779532031793184,6.862972923405269,398.0,6.821252477599226,0.04172044580604219,0.4239011705043591,1.9659423239762661,187957554222905.75,281457886813649.2,398.0,234707720518277.47,46750166295371.7,475005715567196.2,1.9659423239762661,18.64743469577685,19.061838487180545,398.0,18.854636591478698,0.20720189570184552,2.1052777462414833,1.9659423239762661,6.301709968967541,6.426777917415081,398.0,6.364243943191311,0.06253397422377066,0.635377315788575,1.9659423239762661,399.0,0.9373433583959899,-0.16159343295334916,-0.14027200086392433,398.0,-0.15093271690863674,0.010660716044712403,0.10831835380612613,1.9659423239762661,KNeighborsRegressor,"{'mode': 'proxy', 'type': 'LinearSVC', 'C': 0.022064835059511276, 'epsilon': 0.01720604119348537}",8,"['pe_T6W30', 'l1_T6W30', 'l2_T6W30', 'l3_T6W30', 'lcc_T6W30', 'lsc_T6W30', 'diameter_T6W30', 'asp_T6W30']",-0.00110506581101193,0.02468337567923626,398.0,0.011789154934112166,0.012894220745124096,0.13101190941272478,1.9659423239762661,8.096240769284034,8.191979584019865,398.0,8.14411017665195,0.04786940736791652,0.4863777800684722,1.9659423239762661,completed,True,COMPLETE
262,8.125872509499162,2026-06-20 17:56:44.473077,2026-06-20 17:56:51.372392,0 days 00:00:06.899315,,7.0,7.0,,,,,,,,,,DecisionTreeRegressor,,,,9,,,,,,,,,,,,,,False,-0.2774525560878764,-0.2543488366400693,398.0,-0.26590069636397284,0.011551859723903542,0.11737283156633205,1.9659423239762661,8.053916909137708,8.197828109860616,398.0,8.125872509499162,0.0719556003614532,0.7311058793419318,1.9659423239762661,168645459135502.38,265990771397922.7,398.0,217318115266712.53,48672656131210.14,494539200311901.94,1.9659423239762661,22.87538154130286,23.428953384654758,398.0,23.15216746297881,0.27678592167594823,2.81228721100027,1.9659423239762661,6.961237490630451,7.1632549558400775,398.0,7.062246223235264,0.1010087326048139,1.0263006340201026,1.9659423239762661,399.0,1.0,-0.7673166765591234,-0.7085915269784645,398.0,-0.737954101768794,0.029362574790329478,0.2983388499851512,1.9659423239762661,DecisionTreeRegressor,"{'mode': 'original', 'type': 'DecisionTreeRegressor'}",9,"['edges_T6W30', 're_T6W30', 'pe_T6W30', 'l1_T6W30', 'l3_T6W30', 'lcc_T6W30', 'lsc_T6W30', 'atd_T6W30', 'diameter_T6W30']",-0.06985300665720337,-0.04253421165760208,398.0,-0.05619360915740273,0.013659397499800649,0.1387864984825075,1.9659423239762661,9.891168930612029,10.054236846026296,398.0,9.972702888319162,0.08153395770713326,0.828426912516385,1.9659423239762661,completed,False,COMPLETE
263,0.004142770187133138,2026-06-20 17:56:51.390475,2026-06-20 17:56:51.675833,0 days 00:00:00.285358,,,,0.402074525663615,0.5,,,,,,,,ElasticNet,,,,7,,,,,,,,,,,,,,False,,,,,,,,,,,,,,,,,,,,,,,,,,,,,,,,,,,,,,,,,,,,,ElasticNet,"{'mode': 'original', 'type': 'ElasticNet'}",7,"['l3_T6W30', 'lcc_T6W30', 'lsc_T6W30', 'atd_T6W30', 'density_T6W30', 'diameter_T6W30', 'asp_T6W30']",,,,,,,,,,,,,,,pruned,False,PRUNED
264,14.455747211165168,2026-06-20 17:56:51.685961,2026-06-20 17:58:05.475944,0 days 00:01:13.789983,,,,,,,,,0.0007317041317020049,,,,GaussianProcessRegressor,,,,8,7.0,8.0,50.0,,ExtraTrees,,,,,,,,,,-1.2597395888433578,-1.2449882114477484,398.0,-1.252363900145553,0.00737568869780476,0.0749407877089943,1.9659423239762661,14.43132470162121,14.480169720709126,398.0,14.455747211165168,0.024422509543957725,0.24814524826669562,1.9659423239762661,0.9952422435180761,0.9967966773134143,398.0,0.9960194604157452,0.0007772168976690568,0.00789692311029824,1.9659423239762661,30.752745432105396,31.006653064135204,398.0,30.8796992481203,0.12695381601490524,1.2899160152531126,1.9659423239762661,13.313129164062277,13.468825723155769,398.0,13.390977443609023,0.07784827954674532,0.7909785282504497,1.9659423239762661,399.0,1.0,-3.659307295446861,-3.6053490469546707,398.0,-3.632328171200766,0.026979124246094943,0.2741217675446288,1.9659423239762661,GaussianProcessRegressor,"{'mode': 'proxy', 'type': 'ExtraTrees', 'n_estimators': 50, 'max_depth': 7, 'min_samples_split': 8}",8,"['edges_T6W30', 'pe_T6W30', 'l1_T6W30', 'l2_T6W30', 'l3_T6W30', 'lsc_T6W30', 'atd_T6W30', 'diameter_T6W30']",,,,,,,,16.304941082481548,16.362932683280448,398.0,16.333936882880998,0.02899580039945164,0.2946122336798762,1.9659423239762661,completed,True,COMPLETE
265,7.239004619391617,2026-06-20 17:58:05.499012,2026-06-20 17:58:48.001238,0 days 00:00:42.502226,,,,,,,,,,,,,StackingRegressor,,,,9,,,,0.15171016926048667,LinearSVC,,,ExtraTreesRegressor,,,0.15242183567103326,,,False,-0.1351767348366649,-0.11898491157604464,398.0,-0.12708082320635478,0.00809591163031013,0.08225862284269493,1.9659423239762661,7.184100215812043,7.2939090229711905,398.0,7.239004619391617,0.05490440357957413,0.5578569570283575,1.9659423239762661,218570370553219.1,329865918434285.7,398.0,274218144493752.4,55647773940533.305,565409981931154.8,1.9659423239762661,19.90727420199795,20.369292214042147,398.0,20.13828320802005,0.23100900602209695,2.3471702221272377,1.9659423239762661,6.437866892453814,6.6024923389580525,398.0,6.520179615705933,0.0823127232521192,0.836339570679309,1.9659423239762661,399.0,0.9774436090225563,-0.35876834425174875,-0.32562684168182277,398.0,-0.34219759296678576,0.016570751284962996,0.16836734915270535,1.9659423239762661,StackingRegressor,"{'mode': 'proxy', 'type': 'LinearSVC', 'C': 0.15171016926048667, 'epsilon': 0.15242183567103326}",9,"['nodes_T6W30', 'pe_T6W30', 'l1_T6W30', 'l2_T6W30', 'l3_T6W30', 'lcc_T6W30', 'lsc_T6W30', 'diameter_T6W30', 'asp_T6W30']",-0.03016763274102016,-0.002653200770680701,398.0,-0.01641041675585043,0.01375721598516973,0.13978038456506972,1.9659423239762661,8.725272283999862,8.842740433339168,398.0,8.784006358669515,0.05873407466965283,0.5967683834612926,1.9659423239762661,completed,False,COMPLETE
266,0.0039680759160239795,2026-06-20 17:58:48.020635,2026-06-20 17:58:48.284609,0 days 00:00:00.263974,,,,0.34656507009461873,0.5,,,,,,,,ElasticNet,,,,7,,,,,,,,,,,,,,False,,,,,,,,,,,,,,,,,,,,,,,,,,,,,,,,,,,,,,,,,,,,,ElasticNet,"{'mode': 'original', 'type': 'ElasticNet'}",7,"['re_T6W30', 'lcc_T6W30', 'lsc_T6W30', 'atd_T6W30', 'density_T6W30', 'diameter_T6W30', 'asp_T6W30']",,,,,,,,,,,,,,,pruned,False,PRUNED
267,0.0029603849578226484,2026-06-20 17:58:48.294929,2026-06-20 17:58:48.569877,0 days 00:00:00.274948,,,,0.29244928449601515,0.5,,,,,,,,ElasticNet,,,,6,,,,,,,,,,,,,,False,,,,,,,,,,,,,,,,,,,,,,,,,,,,,,,,,,,,,,,,,,,,,ElasticNet,"{'mode': 'original', 'type': 'ElasticNet'}",6,"['re_T6W30', 'pe_T6W30', 'lsc_T6W30', 'density_T6W30', 'diameter_T6W30', 'asp_T6W30']",,,,,,,,,,,,,,,pruned,False,PRUNED
268,0.004086940108190425,2026-06-20 17:58:48.580111,2026-06-20 17:58:48.842261,0 days 00:00:00.262150,,,,0.434003943359393,0.5,,,,,,,,ElasticNet,,,,7,,,,,,,,,,,,,,False,,,,,,,,,,,,,,,,,,,,,,,,,,,,,,,,,,,,,,,,,,,,,ElasticNet,"{'mode': 'original', 'type': 'ElasticNet'}",7,"['l3_T6W30', 'lcc_T6W30', 'lsc_T6W30', 'atd_T6W30', 'density_T6W30', 'diameter_T6W30', 'asp_T6W30']",,,,,,,,,,,,,,,pruned,False,PRUNED
269,0.00393622134929786,2026-06-20 17:58:48.854676,2026-06-20 17:58:49.139367,0 days 00:00:00.284691,,,,0.3838479147053291,0.5,,,,,,,,ElasticNet,,,,8,,,,,,,,,,,,,,False,,,,,,,,,,,,,,,,,,,,,,,,,,,,,,,,,,,,,,,,,,,,,ElasticNet,"{'mode': 'original', 'type': 'ElasticNet'}",8,"['re_T6W30', 'l3_T6W30', 'lcc_T6W30', 'lsc_T6W30', 'atd_T6W30', 'density_T6W30', 'diameter_T6W30', 'asp_T6W30']",,,,,,,,,,,,,,,pruned,False,PRUNED
270,-0.00011198835597153363,2026-06-20 17:58:49.149852,2026-06-20 17:58:49.446966,0 days 00:00:00.297114,,,,0.37040487590543175,0.5,,,,,,,,ElasticNet,,,,7,,,,,,,,,,,,,,True,,,,,,,,,,,,,,,,,,,,,,,,,,,,,,,,,,,,,,,,,,,,,ElasticNet,"{'mode': 'original', 'type': 'ElasticNet'}",7,"['re_T6W30', 'l1_T6W30', 'l3_T6W30', 'lsc_T6W30', 'density_T6W30', 'diameter_T6W30', 'asp_T6W30']",,,,,,,,,,,,,,,pruned,True,PRUNED
271,0.0038912324039901782,2026-06-20 17:58:49.457300,2026-06-20 17:58:49.700145,0 days 00:00:00.242845,,,,0.48667058498816346,0.5,,,,,,,,ElasticNet,,,,9,,,,,,,,,,,,,,False,,,,,,,,,,,,,,,,,,,,,,,,,,,,,,,,,,,,,,,,,,,,,ElasticNet,"{'mode': 'original', 'type': 'ElasticNet'}",9,"['l1_T6W30', 'l2_T6W30', 'l3_T6W30', 'lcc_T6W30', 'lsc_T6W30', 'atd_T6W30', 'density_T6W30', 'diameter_T6W30', 'asp_T6W30']",,,,,,,,,,,,,,,pruned,False,PRUNED
272,0.00388281312615073,2026-06-20 17:58:49.710137,2026-06-20 17:58:49.984653,0 days 00:00:00.274516,,,,0.33212979180955005,0.5,,,,,,,,ElasticNet,,,,8,,,,,,,,,,,,,,False,,,,,,,,,,,,,,,,,,,,,,,,,,,,,,,,,,,,,,,,,,,,,ElasticNet,"{'mode': 'original', 'type': 'ElasticNet'}",8,"['re_T6W30', 'l3_T6W30', 'lcc_T6W30', 'lsc_T6W30', 'atd_T6W30', 'density_T6W30', 'diameter_T6W30', 'asp_T6W30']",,,,,,,,,,,,,,,pruned,False,PRUNED
273,6.656256637369504,2026-06-20 17:58:49.994771,2026-06-20 18:00:07.265564,0 days 00:01:17.270793,,,,,,,,,,,,,RandomForestRegressor,4.0,3.0,199.0,7,,,,,,,,,,,,,,False,-0.03955343482547946,-0.03262961338946091,398.0,-0.036091524107470185,0.003461910718009275,0.03517479205203471,1.9659423239762661,6.624726757293176,6.687786517445832,398.0,6.656256637369504,0.031529880076328,0.3203597855198814,1.9659423239762661,188904400125851.2,281265379335952.25,398.0,235084889730901.72,46180489605050.53,469217507623329.5,1.9659423239762661,17.27507267428146,17.552501098928914,398.0,17.413786886605187,0.13871421232372788,1.4094076856940616,1.9659423239762661,6.28671855377008,6.383195227169478,398.0,6.334956890469779,0.04823833669969893,0.4901262916808123,1.9659423239762661,399.0,0.9273182957393483,-0.09400074668990671,-0.08037453868576377,398.0,-0.08718764268783524,0.006813104002071462,0.06922463807488265,1.9659423239762661,RandomForestRegressor,"{'mode': 'original', 'type': 'RandomForestRegressor'}",7,"['pe_T6W30', 'l1_T6W30', 'l2_T6W30', 'l3_T6W30', 'lsc_T6W30', 'atd_T6W30', 'diameter_T6W30']",-0.05208180775452674,-0.029190396975437082,398.0,-0.04063610236498191,0.011445705389544831,0.11629424897404698,1.9659423239762661,7.881869927402461,7.959170566325332,398.0,7.920520246863896,0.0386503194614356,0.39270710903326805,1.9659423239762661,completed,False,COMPLETE
274,0.004128020018563997,2026-06-20 18:00:07.283563,2026-06-20 18:00:07.595354,0 days 00:00:00.311791,,,,0.4156926733374407,0.5,,,,,,,,ElasticNet,,,,8,,,,,,,,,,,,,,False,,,,,,,,,,,,,,,,,,,,,,,,,,,,,,,,,,,,,,,,,,,,,ElasticNet,"{'mode': 'original', 'type': 'ElasticNet'}",8,"['l2_T6W30', 'l3_T6W30', 'lcc_T6W30', 'lsc_T6W30', 'atd_T6W30', 'density_T6W30', 'diameter_T6W30', 'asp_T6W30']",,,,,,,,,,,,,,,pruned,False,PRUNED
275,6.64116627066018,2026-06-20 18:00:07.605561,2026-06-20 18:00:47.937580,0 days 00:00:40.332019,,,,,,5.0,7.0,169.0,,,,,ExtraTreesRegressor,,,,7,,,,,,,,,,,,,,False,-0.03686155497108763,-0.030562424258569112,398.0,-0.033711989614828373,0.0031495653562592617,0.03200120265505222,1.9659423239762661,6.610634285554504,6.671698255765856,398.0,6.64116627066018,0.030531985105675945,0.31022065977644175,1.9659423239762661,199089091454991.75,295971729467321.7,398.0,247530410461156.72,48441319006164.984,492188696231872.4,1.9659423239762661,16.982722487414012,17.21784260816099,398.0,17.1002825477875,0.11756006037348692,1.1944706302651014,1.9659423239762661,6.188898855799954,6.28619533275079,398.0,6.237547094275372,0.04864823847541775,0.4942911043802456,1.9659423239762661,399.0,0.9223057644110275,-0.09147795696650579,-0.07912410028605199,398.0,-0.08530102862627889,0.006176928340226906,0.06276076640495823,1.9659423239762661,ExtraTreesRegressor,"{'mode': 'original', 'type': 'ExtraTreesRegressor'}",7,"['edges_T6W30', 'pe_T6W30', 'l3_T6W30', 'lsc_T6W30', 'atd_T6W30', 'diameter_T6W30', 'asp_T6W30']",-0.06504429237278012,-0.04283793886544739,398.0,-0.05394111561911376,0.011103176753666363,0.11281398200002737,1.9659423239762661,7.877323632640235,7.950819317198984,398.0,7.914071474919609,0.036747842279374145,0.3733769631359083,1.9659423239762661,completed,False,COMPLETE
276,0.0038475663452306316,2026-06-20 18:00:47.955383,2026-06-20 18:00:48.200248,0 days 00:00:00.244865,,,,0.3110712591220313,0.5,,,,,,,,ElasticNet,,,,9,,,,,,,,,,,,,,False,,,,,,,,,,,,,,,,,,,,,,,,,,,,,,,,,,,,,,,,,,,,,ElasticNet,"{'mode': 'original', 'type': 'ElasticNet'}",9,"['re_T6W30', 'l2_T6W30', 'l3_T6W30', 'lcc_T6W30', 'lsc_T6W30', 'atd_T6W30', 'density_T6W30', 'diameter_T6W30', 'asp_T6W30']",,,,,,,,,,,,,,,pruned,False,PRUNED
277,0.0027715772760660952,2026-06-20 18:00:48.210198,2026-06-20 18:00:48.508708,0 days 00:00:00.298510,,,,0.357277630620237,0.5,,,,,,,,ElasticNet,,,,6,,,,,,,,,,,,,,False,,,,,,,,,,,,,,,,,,,,,,,,,,,,,,,,,,,,,,,,,,,,,ElasticNet,"{'mode': 'original', 'type': 'ElasticNet'}",6,"['re_T6W30', 'lsc_T6W30', 'atd_T6W30', 'density_T6W30', 'diameter_T6W30', 'asp_T6W30']",,,,,,,,,,,,,,,pruned,False,PRUNED
278,0.002919538136285486,2026-06-20 18:00:48.518691,2026-06-20 18:00:48.758834,0 days 00:00:00.240143,,,,0.39322691136632476,1.0,,,,,,,,ElasticNet,,,,7,,,,,,,,,,,,,,False,,,,,,,,,,,,,,,,,,,,,,,,,,,,,,,,,,,,,,,,,,,,,ElasticNet,"{'mode': 'original', 'type': 'ElasticNet'}",7,"['l3_T6W30', 'lcc_T6W30', 'lsc_T6W30', 'atd_T6W30', 'density_T6W30', 'diameter_T6W30', 'asp_T6W30']",,,,,,,,,,,,,,,pruned,False,PRUNED
279,-0.019114652449423102,2026-06-20 18:00:48.768797,2026-06-20 18:00:49.534636,0 days 00:00:00.765839,,,,,,,,,,,,,Ridge,,,,9,,,,,,0.6735925987283149,lsqr,,,,,,,False,,,,,,,,,,,,,,,,,,,,,,,,,,,,,,,,,,,,,,,,,,,,,Ridge,"{'mode': 'original', 'type': 'Ridge'}",9,"['nodes_T6W30', 're_T6W30', 'l2_T6W30', 'l3_T6W30', 'lcc_T6W30', 'lsc_T6W30', 'atd_T6W30', 'diameter_T6W30', 'asp_T6W30']",,,,,,,,,,,,,,,pruned,False,PRUNED
280,0.004036232176738489,2026-06-20 18:00:49.545248,2026-06-20 18:00:49.832941,0 days 00:00:00.287693,,,,0.4503327844788023,0.5,,,,,,,,ElasticNet,,,,8,,,,,,,,,,,,,,False,,,,,,,,,,,,,,,,,,,,,,,,,,,,,,,,,,,,,,,,,,,,,ElasticNet,"{'mode': 'original', 'type': 'ElasticNet'}",8,"['l2_T6W30', 'l3_T6W30', 'lcc_T6W30', 'lsc_T6W30', 'atd_T6W30', 'density_T6W30', 'diameter_T6W30', 'asp_T6W30']",,,,,,,,,,,,,,,pruned,False,PRUNED
281,6.574450833964976,2026-06-20 18:00:49.842979,2026-06-20 18:00:56.386603,0 days 00:00:06.543624,,,,,,,,,,,,,LinearRegression,,,,7,,,,,,,,,,,,,,False,-0.026271891122941714,-0.020387946785136852,398.0,-0.023329918954039283,0.0029419721689024304,0.02989194918450213,1.9659423239762661,6.54500932951062,6.603892338419332,398.0,6.574450833964976,0.029441504454355682,0.29914081593546177,1.9659423239762661,203052304904513.25,301705905075698.56,398.0,252379104990105.9,49326800085592.66,501185639068338.7,1.9659423239762661,16.64918009102048,16.90670975515687,398.0,16.777944923088675,0.12876483206819497,1.308316869078134,1.9659423239762661,6.153089722181629,6.239985098271798,398.0,6.196537410226713,0.04344768804508436,0.44145083932329837,1.9659423239762661,399.0,0.8095238095238095,-0.05820138833966249,-0.04668927971417817,398.0,-0.05244533402692033,0.005756054312742164,0.05848446998868582,1.9659423239762661,LinearRegression,"{'mode': 'original', 'type': 'LinearRegression'}",7,"['re_T6W30', 'pe_T6W30', 'l2_T6W30', 'atd_T6W30', 'density_T6W30', 'diameter_T6W30', 'asp_T6W30']",-0.013205273551397532,0.009693134944261248,398.0,-0.001756069303568141,0.01144920424782939,0.1163297991723634,1.9659423239762661,7.757739718683829,7.8300183741903,398.0,7.793879046437064,0.0361393277532356,0.3671941428204629,1.9659423239762661,completed,False,COMPLETE
282,0.003925238804309772,2026-06-20 18:00:56.404792,2026-06-20 18:00:56.695669,0 days 00:00:00.290877,,,,0.3679147473266293,0.5,,,,,,,,ElasticNet,,,,9,,,,,,,,,,,,,,False,,,,,,,,,,,,,,,,,,,,,,,,,,,,,,,,,,,,,,,,,,,,,ElasticNet,"{'mode': 'original', 'type': 'ElasticNet'}",9,"['re_T6W30', 'l2_T6W30', 'l3_T6W30', 'lcc_T6W30', 'lsc_T6W30', 'atd_T6W30', 'density_T6W30', 'diameter_T6W30', 'asp_T6W30']",,,,,,,,,,,,,,,pruned,False,PRUNED
