number,value,datetime_start,datetime_complete,duration,params_bag_n_estimators,params_dt_max_depth,params_dt_min_samples_split,params_elastic_alpha,params_elastic_l1_ratio,params_et_max_depth,params_et_min_samples_split,params_et_n_estimators,params_gpr_alpha,params_knn_metric,params_knn_n_neighbors,params_knn_weights,params_regressor,params_rf_max_depth,params_rf_min_samples_split,params_rf_n_estimators,params_rfe_n_features,params_rfe_proxy_et_max_depth,params_rfe_proxy_et_min_samples_split,params_rfe_proxy_et_n_estimators,params_rfe_proxy_svc_C,params_rfe_proxy_type,params_ridge_alpha,params_ridge_solver,params_stack_final_estimator,params_svr_C,params_svr_degree,params_svr_epsilon,params_svr_gamma,params_svr_kernel,params_use_scaler,user_attrs_d2mae_ci_lower_val,user_attrs_d2mae_ci_upper_val,user_attrs_d2mae_df_val,user_attrs_d2mae_mean_val,user_attrs_d2mae_samperror_val,user_attrs_d2mae_std_val,user_attrs_d2mae_t_critical_val,user_attrs_mae_ci_lower_val,user_attrs_mae_ci_upper_val,user_attrs_mae_df_val,user_attrs_mae_mean_val,user_attrs_mae_samperror_val,user_attrs_mae_std_val,user_attrs_mae_t_critical_val,user_attrs_mape_ci_lower_val,user_attrs_mape_ci_upper_val,user_attrs_mape_df_val,user_attrs_mape_mean_val,user_attrs_mape_samperror_val,user_attrs_mape_std_val,user_attrs_mape_t_critical_val,user_attrs_max_error_ci_lower_val,user_attrs_max_error_ci_upper_val,user_attrs_max_error_df_val,user_attrs_max_error_mean_val,user_attrs_max_error_samperror_val,user_attrs_max_error_std_val,user_attrs_max_error_t_critical_val,user_attrs_median_ae_ci_lower_val,user_attrs_median_ae_ci_upper_val,user_attrs_median_ae_df_val,user_attrs_median_ae_mean_val,user_attrs_median_ae_samperror_val,user_attrs_median_ae_std_val,user_attrs_median_ae_t_critical_val,user_attrs_n_splits_val,user_attrs_r2_below_zero_val,user_attrs_r2_ci_lower_val,user_attrs_r2_ci_upper_val,user_attrs_r2_df_val,user_attrs_r2_mean_val,user_attrs_r2_samperror_val,user_attrs_r2_std_val,user_attrs_r2_t_critical_val,user_attrs_regressor_final,user_attrs_rfe_clf,user_attrs_rfe_n_features,user_attrs_rfe_selected_features,user_attrs_rho_ci_lower_val,user_attrs_rho_ci_upper_val,user_attrs_rho_df_val,user_attrs_rho_mean_val,user_attrs_rho_samperror_val,user_attrs_rho_std_val,user_attrs_rho_t_critical_val,user_attrs_rmse_ci_lower_val,user_attrs_rmse_ci_upper_val,user_attrs_rmse_df_val,user_attrs_rmse_mean_val,user_attrs_rmse_samperror_val,user_attrs_rmse_std_val,user_attrs_rmse_t_critical_val,user_attrs_termination_reason,user_attrs_use_scaler_final,state
26,6.8415377120155085,2026-06-20 16:57:39.583761,2026-06-20 17:02:39.551019,0 days 00:04:59.967258,499.0,,,,,,,,,,,,BaggingRegressor,,,,9,6.0,8.0,20.0,,ExtraTrees,,,,,,,,,True,-0.06941556586905023,-0.060678415432615714,398.0,-0.06504699065083297,0.004368575218217258,0.044386969330285464,1.9659423239762661,6.806687423274356,6.876388000756661,398.0,6.8415377120155085,0.034850288741152695,0.3540968439903389,1.9659423239762661,199193325024641.38,297111585609971.7,398.0,248152455317306.53,48959130292665.17,497449925018071.2,1.9659423239762661,17.56133321605201,17.852491927970373,398.0,17.70691257201119,0.14557935595918284,1.4791610731885079,1.9659423239762661,6.348292153281428,6.462884083904725,398.0,6.4055881185930765,0.057295965311648524,0.5821564533058624,1.9659423239762661,399.0,0.9724310776942355,-0.15827230606150372,-0.14130596260820832,398.0,-0.14978913433485602,0.008483171726647705,0.08619338444352505,1.9659423239762661,BaggingRegressor,"{'mode': 'proxy', 'type': 'ExtraTrees', 'n_estimators': 20, 'max_depth': 6, 'min_samples_split': 8}",9,"['edges_T6W30', 're_T6W30', 'pe_T6W30', 'l1_T6W30', 'l2_T6W30', 'l3_T6W30', 'lsc_T6W30', 'atd_T6W30', 'diameter_T6W30']",-0.07139587173504404,-0.049443582827683324,398.0,-0.06041972728136368,0.010976144453680359,0.11152326854729314,1.9659423239762661,8.10197594248295,8.183237364139517,398.0,8.142606653311233,0.04063071082828415,0.4128289030899904,1.9659423239762661,completed,True,COMPLETE
27,6.5085642469817335,2026-06-20 17:02:39.569049,2026-06-20 17:02:46.069825,0 days 00:00:06.500776,,,,,,,,,,,,,Ridge,,,,7,,,,,,0.9539652385901858,svd,,,,,,,False,-0.015721604296226304,-0.010483391516703805,398.0,-0.013102497906465053,0.0026191063897612493,0.026611466940136295,1.9659423239762661,6.480951319215182,6.536177174748285,398.0,6.5085642469817335,0.027612927766550718,0.2805615370389441,1.9659423239762661,200614112863880.78,298040812232651.0,398.0,249327462548265.88,48713349684385.1,494952667725530.25,1.9659423239762661,16.37266855856135,16.57792126298746,398.0,16.475294910774405,0.10262635221305354,1.0427364805724488,1.9659423239762661,6.049477635113543,6.134098199343231,398.0,6.091787917228387,0.04231028211484371,0.42989421053248655,1.9659423239762661,399.0,0.7017543859649122,-0.03306948516853357,-0.02338923051385411,398.0,-0.02822935784119384,0.0048401273273397305,0.049178181100651204,1.9659423239762661,Ridge,"{'mode': 'original', 'type': 'Ridge'}",7,"['nodes_T6W30', 're_T6W30', 'l2_T6W30', 'lcc_T6W30', 'lsc_T6W30', 'atd_T6W30', 'diameter_T6W30']",0.03290791164016345,0.057081914172234946,398.0,0.0449949129061992,0.012087001266035752,0.12281014465617679,1.9659423239762661,7.670666927457718,7.737620758169157,398.0,7.704143842813438,0.03347691535571914,0.34014266458556125,1.9659423239762661,completed,False,COMPLETE
28,6.719961668878077,2026-06-20 17:02:46.087912,2026-06-20 17:02:52.497043,0 days 00:00:06.409131,,,,,,,,,,,,,SVR,,,,11,,,,7.604331145003303,LinearSVC,,,,0.0013706544029599493,,62.08689679853959,auto,rbf,,-0.04804790220274027,-0.0442341594152071,398.0,-0.046141030808973686,0.0019068713937665843,0.019374793346572234,1.9659423239762661,6.696510852904769,6.743412484851385,398.0,6.719961668878077,0.02345081597330759,0.23827234221278915,1.9659423239762661,237856416366835.6,353283915084667.3,398.0,295570165725751.44,57713749358915.85,586401353935112.6,1.9659423239762661,15.411996981500199,15.57797795584316,398.0,15.49498746867168,0.08299048717148114,0.8432260004187903,1.9659423239762661,6.477396071606109,6.567716710348779,398.0,6.522556390977444,0.04516031937133476,0.45885205375938276,1.9659423239762661,399.0,1.0,-0.05290809715753284,-0.04801685314840875,398.0,-0.050462475152970795,0.0024456220045620492,0.024848776428820628,1.9659423239762661,SVR,"{'mode': 'proxy', 'type': 'LinearSVC', 'C': 7.604331145003303, 'epsilon': 62.08689679853959}",11,"['re_T6W30', 'pe_T6W30', 'l1_T6W30', 'l2_T6W30', 'l3_T6W30', 'lcc_T6W30', 'lsc_T6W30', 'atd_T6W30', 'density_T6W30', 'diameter_T6W30', 'asp_T6W30']",,,,,,,,7.759084472655174,7.81758291919011,398.0,7.788333695922642,0.02924922326746811,0.29718714025887527,1.9659423239762661,completed,True,COMPLETE
29,14.455747211165168,2026-06-20 17:02:52.515201,2026-06-20 17:04:07.015221,0 days 00:01:14.500020,,,,,,,,,0.031245840987700637,,,,GaussianProcessRegressor,,,,6,10.0,2.0,100.0,,ExtraTrees,,,,,,,,,,-1.2597395888433578,-1.2449882114477484,398.0,-1.252363900145553,0.00737568869780476,0.0749407877089943,1.9659423239762661,14.43132470162121,14.480169720709126,398.0,14.455747211165168,0.024422509543957725,0.24814524826669562,1.9659423239762661,0.9952422435180761,0.9967966773134143,398.0,0.9960194604157452,0.0007772168976690568,0.00789692311029824,1.9659423239762661,30.752745432105396,31.006653064135204,398.0,30.8796992481203,0.12695381601490524,1.2899160152531126,1.9659423239762661,13.313129164062277,13.468825723155769,398.0,13.390977443609023,0.07784827954674532,0.7909785282504497,1.9659423239762661,399.0,1.0,-3.659307295446861,-3.6053490469546707,398.0,-3.632328171200766,0.026979124246094943,0.2741217675446288,1.9659423239762661,GaussianProcessRegressor,"{'mode': 'proxy', 'type': 'ExtraTrees', 'n_estimators': 100, 'max_depth': 10, 'min_samples_split': 2}",6,"['edges_T6W30', 'pe_T6W30', 'l3_T6W30', 'lsc_T6W30', 'diameter_T6W30', 'asp_T6W30']",,,,,,,,16.304941082481548,16.362932683280448,398.0,16.333936882880998,0.02899580039945164,0.2946122336798762,1.9659423239762661,completed,True,COMPLETE
30,6.579143938277065,2026-06-20 17:04:07.038726,2026-06-20 17:04:13.525527,0 days 00:00:06.486801,,,,,,,,,,manhattan,20.0,uniform,KNeighborsRegressor,,,,8,,,,0.0014722312948665516,LinearSVC,,,,,,0.0012346986987803192,,,,-0.027074028163488983,-0.02114405550039816,398.0,-0.02410904183194357,0.0029649863315454133,0.03012578490447244,1.9659423239762661,6.550228561620598,6.6080593149335325,398.0,6.579143938277065,0.028915376656467803,0.29379508711951385,1.9659423239762661,189519130918064.12,282020962751188.06,398.0,235770046834626.1,46250915916561.95,469933075142017.75,1.9659423239762661,17.169137162570927,17.47371998028622,398.0,17.321428571428573,0.15229140885764736,1.5473589801182133,1.9659423239762661,6.238275695272012,6.332651623023725,398.0,6.285463659147869,0.04718796387585655,0.47945396397936024,1.9659423239762661,399.0,0.8897243107769424,-0.06417693574533392,-0.053949899295392914,398.0,-0.05906341752036342,0.005113518224970504,0.05195597312257007,1.9659423239762661,KNeighborsRegressor,"{'mode': 'proxy', 'type': 'LinearSVC', 'C': 0.0014722312948665516, 'epsilon': 0.0012346986987803192}",8,"['nodes_T6W30', 'pe_T6W30', 'l1_T6W30', 'lcc_T6W30', 'lsc_T6W30', 'density_T6W30', 'diameter_T6W30', 'asp_T6W30']",-0.04618641839629183,-0.022434254722527087,398.0,-0.03431033655940946,0.011876081836882374,0.12066709485954015,1.9659423239762661,7.7839983056023865,7.854022697466455,398.0,7.819010501534421,0.03501219593203458,0.3557419042575992,1.9659423239762661,completed,True,COMPLETE
31,6.438816149103355,2026-06-20 17:04:13.544146,2026-06-20 17:04:19.766155,0 days 00:00:06.222009,,,,0.36455268816981684,0.5,,,,,,,,ElasticNet,,,,9,,,,,,,,,,,,,,False,-0.0039680844572973105,-0.0005645373946735887,398.0,-0.0022663109259854495,0.0017017735313118608,0.01729089365943351,1.9659423239762661,6.414901088584448,6.4627312096222616,398.0,6.438816149103355,0.023915060518906954,0.2429893053822319,1.9659423239762661,198852376579135.0,295375577116883.94,398.0,247113976848009.47,48261600268874.47,490362661499329.2,1.9659423239762661,16.316509990557037,16.546919289599238,398.0,16.431714640078138,0.11520464952109939,1.1705384455039995,1.9659423239762661,6.190526858165784,6.26607715646654,398.0,6.228302007316162,0.03777514915037823,0.3838149289023895,1.9659423239762661,399.0,0.41854636591478694,-0.004589258938292781,0.001122847288835244,398.0,-0.0017332058247287686,0.0028560531135640127,0.029018967426447443,1.9659423239762661,ElasticNet,"{'mode': 'original', 'type': 'ElasticNet'}",9,"['re_T6W30', 'l2_T6W30', 'l3_T6W30', 'lcc_T6W30', 'lsc_T6W30', 'atd_T6W30', 'density_T6W30', 'diameter_T6W30', 'asp_T6W30']",0.07626155062384059,0.10144975335352559,398.0,0.08885565198868309,0.0125941013648425,0.12796254227067985,1.9659423239762661,7.574876696782238,7.637403381592159,398.0,7.606140039187198,0.031263342404960245,0.3176516257988284,1.9659423239762661,completed,False,COMPLETE
32,6.444667873304072,2026-06-20 17:04:19.783891,2026-06-20 17:04:26.376414,0 days 00:00:06.592523,,,,0.35025099524183056,1.0,,,,,,,,ElasticNet,,,,9,,,,,,,,,,,,,,False,-0.004787426827777561,-0.0015760775078641216,398.0,-0.0031817521678208414,0.0016056746599567198,0.016314479739002862,1.9659423239762661,6.421086879467287,6.468248867140856,398.0,6.444667873304072,0.02358099383678434,0.23959501620716814,1.9659423239762661,199860181154867.78,296872439368722.2,398.0,248366310261794.97,48506129106927.195,492847200163046.2,1.9659423239762661,16.31144265525321,16.539966527009767,398.0,16.42570459113149,0.11426193587827911,1.1609599904103085,1.9659423239762661,6.218069073893969,6.292530745204293,398.0,6.255299909549131,0.03723083565516217,0.3782844240555312,1.9659423239762661,399.0,0.40100250626566414,-0.004119818720660643,0.001144845615286173,398.0,-0.001487486552687235,0.002632332167973408,0.02674584764380924,1.9659423239762661,ElasticNet,"{'mode': 'original', 'type': 'ElasticNet'}",9,"['l1_T6W30', 'l2_T6W30', 'l3_T6W30', 'lcc_T6W30', 'lsc_T6W30', 'atd_T6W30', 'density_T6W30', 'diameter_T6W30', 'asp_T6W30']",0.08209208904770995,0.10764943189648979,395.0,0.09487076047209987,0.012778671424389912,0.12934583930688473,1.9659878660673014,7.574296125742811,7.636420721075381,398.0,7.605358423409096,0.031062297666284756,0.31560890793228197,1.9659423239762661,completed,False,COMPLETE
33,6.438659481345207,2026-06-20 17:04:26.394384,2026-06-20 17:04:32.832312,0 days 00:00:06.437928,,,,0.44386167113264524,0.5,,,,,,,,ElasticNet,,,,8,,,,,,,,,,,,,,False,-0.0038723443614631483,-0.0006177690057545227,398.0,-0.0022450566836088354,0.0016272876778543127,0.016534079108278883,1.9659423239762661,6.415013265915157,6.462305696775257,398.0,6.438659481345207,0.023646215430049782,0.2402577011136505,1.9659423239762661,199337913645993.25,296095421327711.75,398.0,247716667486852.5,48378753840859.26,491553001998661.25,1.9659423239762661,16.31155722880712,16.540244185067234,398.0,16.425900706937178,0.11434347813005544,1.1617885015948304,1.9659423239762661,6.203624030999523,6.277863499060177,398.0,6.24074376502985,0.037119734030326555,0.3771555744494722,1.9659423239762661,399.0,0.40852130325814534,-0.003256262941182065,0.0020655765585327257,398.0,-0.0005953431913246698,0.0026609197498573952,0.027036312167578937,1.9659423239762661,ElasticNet,"{'mode': 'original', 'type': 'ElasticNet'}",8,"['l2_T6W30', 'l3_T6W30', 'lcc_T6W30', 'lsc_T6W30', 'atd_T6W30', 'density_T6W30', 'diameter_T6W30', 'asp_T6W30']",0.08034472963501833,0.1056771652866091,398.0,0.09301094746081372,0.012666217825795384,0.12869528257630075,1.9659423239762661,7.5708923902593535,7.632973124341869,398.0,7.601932757300611,0.031040367041257497,0.3153860815113428,1.9659423239762661,completed,False,COMPLETE
34,7.130085892836666,2026-06-20 17:04:32.850283,2026-06-20 17:05:14.394730,0 days 00:00:41.544447,,,,,,,,,,,,,StackingRegressor,,,,7,6.0,5.0,60.0,,ExtraTrees,,,ExtraTreesRegressor,,,,,,False,-0.11842394647873512,-0.10162936225988063,398.0,-0.11002665436930788,0.008397292109427251,0.08532080339701706,1.9659423239762661,7.072717954654814,7.1874538310185185,398.0,7.130085892836666,0.057367938181852575,0.5828877346556806,1.9659423239762661,211533266541639.28,321134853914174.06,398.0,266334060227906.66,54800793686267.38,556804227264808.3,1.9659423239762661,19.81339830644249,20.292529847275137,398.0,20.052964076858814,0.23956577041632218,2.434111345894347,1.9659423239762661,6.280538203044641,6.4481334761533535,398.0,6.364335839598997,0.08379763655435649,0.8514270529617902,1.9659423239762661,399.0,0.974937343358396,-0.32332718296266505,-0.2877301913759953,398.0,-0.3055286871693302,0.017798495793334843,0.18084186432444282,1.9659423239762661,StackingRegressor,"{'mode': 'proxy', 'type': 'ExtraTrees', 'n_estimators': 60, 'max_depth': 6, 'min_samples_split': 5}",7,"['edges_T6W30', 'pe_T6W30', 'l3_T6W30', 'lsc_T6W30', 'atd_T6W30', 'diameter_T6W30', 'asp_T6W30']",0.005700574976539773,0.03230938809234958,398.0,0.019004981534444677,0.013304406557904904,0.13517960807468118,1.9659423239762661,8.597203505882735,8.724186420260544,398.0,8.66069496307164,0.0634914571889038,0.6451058347872657,1.9659423239762661,completed,False,COMPLETE
35,6.557555739113348,2026-06-20 17:05:14.412455,2026-06-20 17:05:20.882672,0 days 00:00:06.470217,,,,,,,,,,,,,Ridge,,,,8,,,,,,0.10894990556966244,lsqr,,,,,,,False,-0.023450301478033234,-0.017953174203086616,398.0,-0.020701737840559925,0.0027485636374733106,0.027926819108004736,1.9659423239762661,6.5289253568184575,6.586186121408239,398.0,6.557555739113348,0.02863038229489067,0.2908993979406079,1.9659423239762661,204869181641955.88,304389713091279.44,398.0,254629447366617.66,49760265724661.79,505589872729432.8,1.9659423239762661,16.488856936827347,16.72552209928778,398.0,16.607189518057563,0.1183325812302172,1.2023198391860561,1.9659423239762661,6.174150675517765,6.258678290785575,398.0,6.21641448315167,0.04226380763390469,0.42942200592182106,1.9659423239762661,399.0,0.8095238095238095,-0.04942625431408049,-0.039140865663448876,398.0,-0.04428355998876468,0.005142694325315806,0.052252417296360154,1.9659423239762661,Ridge,"{'mode': 'original', 'type': 'Ridge'}",8,"['nodes_T6W30', 're_T6W30', 'pe_T6W30', 'l1_T6W30', 'l2_T6W30', 'atd_T6W30', 'diameter_T6W30', 'asp_T6W30']",-0.008033774960322303,0.014754611341172305,398.0,0.0033604181904250013,0.011394193150747304,0.11577085815451721,1.9659423239762661,7.729283608364149,7.799048057011779,398.0,7.764165832687964,0.034882224323815124,0.3544213259226337,1.9659423239762661,completed,False,COMPLETE
36,6.459274524089207,2026-06-20 17:05:20.923424,2026-06-20 17:05:27.396451,0 days 00:00:06.473027,,,,0.5251412434640182,0.5,,,,,,,,ElasticNet,,,,8,,,,,,,,,,,,,,True,-0.007060487922705949,-0.0038466162672092697,398.0,-0.005453552094957609,0.0016069358277483394,0.016327293851909404,1.9659423239762661,6.435608800707125,6.48294024747129,398.0,6.459274524089207,0.023665723382082858,0.24045591193190036,1.9659423239762661,201310128392222.62,299022268527376.7,398.0,250166198459799.66,48856070067577.03,496402780166110.44,1.9659423239762661,16.344893883809483,16.579128715244764,398.0,16.462011299527123,0.11711741571763949,1.189973133076228,1.9659423239762661,6.235468296475884,6.3111521534070425,398.0,6.273310224941463,0.03784192846557951,0.38449344106428973,1.9659423239762661,399.0,0.5012531328320802,-0.007810359981308813,-0.002627414397213704,398.0,-0.005218887189261259,0.0025914727920475548,0.026330695385811596,1.9659423239762661,ElasticNet,"{'mode': 'original', 'type': 'ElasticNet'}",8,"['re_T6W30', 'l1_T6W30', 'lcc_T6W30', 'lsc_T6W30', 'atd_T6W30', 'density_T6W30', 'diameter_T6W30', 'asp_T6W30']",0.053728825621128865,0.07753447184462249,397.0,0.06563164873287568,0.011902823111746817,0.12078622451801296,1.9659574279668237,7.588443751921484,7.650651247250685,398.0,7.619547499586084,0.031103747664600695,0.3160300612172976,1.9659423239762661,completed,True,COMPLETE
37,6.452299909029125,2026-06-20 17:05:27.414201,2026-06-20 17:05:33.887151,0 days 00:00:06.472950,,,,0.1846773752954349,0.5,,,,,,,,ElasticNet,,,,10,,,,,,,,,,,,,,False,-0.006292764404124719,-0.002416138273592685,398.0,-0.004354451338858702,0.001938313065266017,0.019694256887618403,1.9659423239762661,6.427435189692193,6.477164628366057,398.0,6.452299909029125,0.02486471933693248,0.25263832702529654,1.9659423239762661,197718729215584.3,293699424360495.44,398.0,245709076788039.88,47990347572455.57,487606594700594.75,1.9659423239762661,16.363693085675788,16.60134160636777,398.0,16.48251734602178,0.1188242603459923,1.2073155516877532,1.9659423239762661,6.164769749606899,6.245934132626559,398.0,6.205351941116729,0.04058219150982976,0.4123359218792788,1.9659423239762661,399.0,0.518796992481203,-0.011882547594541007,-0.005091155696257323,398.0,-0.008486851645399165,0.0033956959491418426,0.03450201597101989,1.9659423239762661,ElasticNet,"{'mode': 'original', 'type': 'ElasticNet'}",10,"['re_T6W30', 'pe_T6W30', 'l1_T6W30', 'l3_T6W30', 'lcc_T6W30', 'lsc_T6W30', 'atd_T6W30', 'density_T6W30', 'diameter_T6W30', 'asp_T6W30']",0.05252296183904485,0.07670732258746686,398.0,0.06461514221325586,0.012092180374211009,0.12286276705690248,1.9659423239762661,7.599405875611321,7.6633646133136395,398.0,7.63138524446248,0.03197936885115905,0.32492682247498156,1.9659423239762661,completed,False,COMPLETE
38,6.810460020414469,2026-06-20 17:05:33.904777,2026-06-20 17:07:09.361639,0 days 00:01:35.456862,157.0,,,,,,,,,,,,BaggingRegressor,,,,7,,,,0.09335004302260014,LinearSVC,,,,,,1.2620638587504522,,,True,-0.06476554165686425,-0.05566518416202752,398.0,-0.06021536290944589,0.004550178747418364,0.046232154517278905,1.9659423239762661,6.774814046455211,6.846105994373727,398.0,6.810460020414469,0.03564597395925808,0.3621814147275731,1.9659423239762661,201324237036305.1,300557283341844.1,398.0,250940760189074.6,49616523152769.51,504129374326330.4,1.9659423239762661,17.78725029978478,18.09720606405476,398.0,17.94222818191977,0.1549778821349891,1.5746549292575898,1.9659423239762661,6.342227163071208,6.464119914814591,398.0,6.4031735389429,0.06094637587169152,0.6192465006274468,1.9659423239762661,399.0,0.9573934837092731,-0.15253222470157038,-0.1344629586995392,398.0,-0.1434975917005548,0.009034633001015598,0.09179651439997726,1.9659423239762661,BaggingRegressor,"{'mode': 'proxy', 'type': 'LinearSVC', 'C': 0.09335004302260014, 'epsilon': 1.2620638587504522}",7,"['pe_T6W30', 'l1_T6W30', 'l2_T6W30', 'l3_T6W30', 'lsc_T6W30', 'diameter_T6W30', 'asp_T6W30']",-0.05544813170098416,-0.03301971938220509,398.0,-0.044233925541594624,0.011214206159389534,0.11394209782278876,1.9659423239762661,8.077221512591372,8.162645726248073,398.0,8.119933619419722,0.04271210682835118,0.433976956128861,1.9659423239762661,completed,True,COMPLETE
