number,value,datetime_start,datetime_complete,duration,params_dt_max_depth,params_dt_min_samples_leaf,params_dt_min_samples_split,params_elastic_alpha,params_elastic_l1_ratio,params_et_max_depth,params_et_max_features,params_et_min_samples_leaf,params_et_min_samples_split,params_et_n_estimators,params_knn_metric,params_knn_n_neighbors,params_knn_weights,params_quantile_alpha,params_regressor,params_rf_max_depth,params_rf_max_features,params_rf_min_samples_leaf,params_rf_min_samples_split,params_rf_n_estimators,params_rfe_n_features,params_rfe_proxy_et_max_depth,params_rfe_proxy_et_min_samples_leaf,params_rfe_proxy_et_min_samples_split,params_rfe_proxy_et_n_estimators,params_rfe_proxy_lsvr_C,params_rfe_proxy_lsvr_epsilon,params_rfe_proxy_type,params_use_scaler,user_attrs_d2mae_ci_lower_val,user_attrs_d2mae_ci_upper_val,user_attrs_d2mae_df_val,user_attrs_d2mae_mean_val,user_attrs_d2mae_samperror_val,user_attrs_d2mae_std_val,user_attrs_d2mae_t_critical_val,user_attrs_mae_ci_lower_val,user_attrs_mae_ci_upper_val,user_attrs_mae_df_val,user_attrs_mae_mean_val,user_attrs_mae_samperror_val,user_attrs_mae_std_val,user_attrs_mae_t_critical_val,user_attrs_mape_ci_lower_val,user_attrs_mape_ci_upper_val,user_attrs_mape_df_val,user_attrs_mape_mean_val,user_attrs_mape_samperror_val,user_attrs_mape_std_val,user_attrs_mape_t_critical_val,user_attrs_max_error_ci_lower_val,user_attrs_max_error_ci_upper_val,user_attrs_max_error_df_val,user_attrs_max_error_mean_val,user_attrs_max_error_samperror_val,user_attrs_max_error_std_val,user_attrs_max_error_t_critical_val,user_attrs_median_ae_ci_lower_val,user_attrs_median_ae_ci_upper_val,user_attrs_median_ae_df_val,user_attrs_median_ae_mean_val,user_attrs_median_ae_samperror_val,user_attrs_median_ae_std_val,user_attrs_median_ae_t_critical_val,user_attrs_n_splits_val,user_attrs_r2_below_zero_val,user_attrs_r2_ci_lower_val,user_attrs_r2_ci_upper_val,user_attrs_r2_df_val,user_attrs_r2_mean_val,user_attrs_r2_samperror_val,user_attrs_r2_std_val,user_attrs_r2_t_critical_val,user_attrs_regressor_final,user_attrs_rfe_estimator,user_attrs_rfe_n_features,user_attrs_rfe_selected_features,user_attrs_rho_ci_lower_val,user_attrs_rho_ci_upper_val,user_attrs_rho_df_val,user_attrs_rho_mean_val,user_attrs_rho_samperror_val,user_attrs_rho_std_val,user_attrs_rho_t_critical_val,user_attrs_rmse_ci_lower_val,user_attrs_rmse_ci_upper_val,user_attrs_rmse_df_val,user_attrs_rmse_mean_val,user_attrs_rmse_samperror_val,user_attrs_rmse_std_val,user_attrs_rmse_t_critical_val,user_attrs_termination_reason,user_attrs_use_scaler_final,state
190,6.347206847977193,2026-06-12 06:50:34.027735,2026-06-12 06:50:36.211429,0 days 00:00:02.183694,,,,,,,,,,,,,,0.02178790455391867,QuantileRegressor,,,,,,4,,,,,,,,False,0.005061024000246234,0.014550965688388633,98.0,0.009805994844317434,0.0047449708440711995,0.023790696937669834,1.9844674545084815,6.293923323605991,6.400490372348395,98.0,6.347206847977193,0.0532835243712022,0.26715700090552436,1.9844674545084815,151563232425062.06,333557071644874.8,98.0,242560152034968.44,90996919609906.36,456247300108447.75,1.9844674545084815,17.201139683938976,17.811662756839738,98.0,17.506401220389357,0.3052615364503796,1.5305435879532794,1.9844674545084815,5.757353304854432,5.953433814650415,98.0,5.855393559752423,0.09804025489799206,0.49156171209869515,1.9844674545084815,99.0,0.5959595959595959,-0.031276138731997825,-0.014383618753625213,98.0,-0.02282987874281152,0.008446259989186305,0.042348502922957616,1.9844674545084815,QuantileRegressor,"{'mode': 'original', 'type': 'QuantileRegressor'}",4,"['nodes_T6W30', 'lsc_T6W30', 'diameter_T6W30', 'asp_T6W30']",0.07106223098020294,0.11747466157530302,98.0,0.09426844627775298,0.023206215297550046,0.11635309327646659,1.9844674545084815,7.585478579178954,7.711561895772434,98.0,7.648520237475694,0.06304165829674012,0.3160830774882161,1.9844674545084815,completed,False,COMPLETE
191,6.31907310308848,2026-06-12 06:50:36.249633,2026-06-12 06:50:38.392791,0 days 00:00:02.143158,,,,,,,,,,,,,,0.024316429102472965,QuantileRegressor,,,,,,2,,,,,,,,False,0.010027252641116915,0.018405549025837298,98.0,0.014216400833477106,0.0041891481923601905,0.021003870908070273,1.9844674545084815,6.267198518352585,6.370947687824375,98.0,6.31907310308848,0.051874584735895006,0.2600927518366503,1.9844674545084815,152457724526131.75,335502955927015.0,98.0,243980340226573.38,91522615700441.62,458883075286470.06,1.9844674545084815,17.250740169295117,17.882649507969344,98.0,17.56669483863223,0.3159546693371149,1.5841576336834904,1.9844674545084815,5.752333638919497,5.940410853922662,98.0,5.84637224642108,0.09403860750158294,0.47149794699077274,1.9844674545084815,99.0,0.5454545454545454,-0.023201411270329333,-0.007319260271807642,98.0,-0.015260335771068487,0.007941075499260845,0.03981557037344676,1.9844674545084815,QuantileRegressor,"{'mode': 'original', 'type': 'QuantileRegressor'}",2,"['nodes_T6W30', 'lsc_T6W30']",0.07251071886633037,0.12018648215771949,98.0,0.09634860051202493,0.02383788164569456,0.11952019021937149,1.9844674545084815,7.557292216531825,7.6839179502719785,98.0,7.620605083401902,0.06331286687007719,0.31744288373090823,1.9844674545084815,completed,False,COMPLETE
192,6.363789714508777,2026-06-12 06:50:38.419391,2026-06-12 06:50:40.660548,0 days 00:00:02.241157,,,,,,,,,,,,,,0.017135296284804282,QuantileRegressor,,,,,,2,,,,,,,,False,0.002728723503119747,0.01171868677098023,98.0,0.007223705137049989,0.004494981633930242,0.02253728195755837,1.9844674545084815,6.311141314599418,6.416438114418137,98.0,6.363789714508777,0.05264839990935984,0.26397256540825,1.9844674545084815,151170284057450.75,332733167153148.2,98.0,241951725605299.47,90781441547848.73,455166919756367.25,1.9844674545084815,17.197740735869424,17.737043007300123,98.0,17.467391871584773,0.26965113571535043,1.351997443086105,1.9844674545084815,5.771017283343393,5.970580549892493,98.0,5.870798916617943,0.09978163327454993,0.5002927678990199,1.9844674545084815,99.0,0.6262626262626263,-0.03273321361599589,-0.016335737980588842,98.0,-0.024534475798292366,0.008198737817703524,0.041107457369546324,1.9844674545084815,QuantileRegressor,"{'mode': 'original', 'type': 'QuantileRegressor'}",2,"['lsc_T6W30', 'diameter_T6W30']",0.07457637885569127,0.1200161067156568,98.0,0.09729624278567403,0.02271986392998276,0.11391458767311353,1.9844674545084815,7.5917364119684425,7.7185927417043985,98.0,7.6551645768364205,0.06342816486797817,0.31802097363192616,1.9844674545084815,completed,False,COMPLETE
193,6.315496310407584,2026-06-12 06:50:40.672995,2026-06-12 06:50:43.224613,0 days 00:00:02.551618,,,,,,,,,,,,,,0.029459817487956785,QuantileRegressor,,,,,,2,,,,,,,,False,0.010751400629690537,0.018860917158114998,98.0,0.014806158893902768,0.00405475826421223,0.02033005643015029,1.9844674545084815,6.263122823474863,6.367869797340305,98.0,6.315496310407584,0.05237348693272068,0.2625941857455747,1.9844674545084815,152628515489306.06,335881791604754.9,98.0,244255153547030.47,91626638057724.39,459404630520038.75,1.9844674545084815,17.245332555477006,17.871361532376284,98.0,17.558347043926645,0.31301448844963986,1.5694159303654922,1.9844674545084815,5.7547033542185275,5.943590438476624,98.0,5.849146896347576,0.09444354212904879,0.4735282391291629,1.9844674545084815,99.0,0.5454545454545454,-0.022069057216993336,-0.006571216876493701,98.0,-0.014320137046743519,0.007748920170249818,0.03885212732022513,1.9844674545084815,QuantileRegressor,"{'mode': 'original', 'type': 'QuantileRegressor'}",2,"['nodes_T6W30', 'asp_T6W30']",0.08227755482745444,0.12839631774931132,98.0,0.10533693628838288,0.023059381460928438,0.11561688658056565,1.9844674545084815,7.553819461046933,7.680660154416072,98.0,7.617239807731503,0.06342034668456988,0.3179817742272972,1.9844674545084815,completed,False,COMPLETE
194,6.317920536741972,2026-06-12 06:50:43.239517,2026-06-12 06:50:45.555551,0 days 00:00:02.316034,,,,,,,,,,,,,,0.03120858087438312,QuantileRegressor,,,,,,2,,,,,,,,False,0.010467388565042895,0.018418330308577275,98.0,0.014442859436810085,0.00397547087176719,0.01993251925097142,1.9844674545084815,6.265316168568278,6.370524904915666,98.0,6.317920536741972,0.05260436817369393,0.2637517957316194,1.9844674545084815,152798089382493.44,336251256618238.4,98.0,244524673000365.9,91726583617872.48,459905745197006.7,1.9844674545084815,17.25437981609441,17.876753743216963,98.0,17.565566779655686,0.3111869635612753,1.560252946609869,1.9844674545084815,5.756446666233585,5.944710852975839,98.0,5.850578759604712,0.09413209337112725,0.4719666735780103,1.9844674545084815,99.0,0.5555555555555556,-0.022199900579529693,-0.006944195625752173,98.0,-0.014572048102640933,0.0076278524768887595,0.03824510887978633,1.9844674545084815,QuantileRegressor,"{'mode': 'original', 'type': 'QuantileRegressor'}",2,"['nodes_T6W30', 'asp_T6W30']",0.08227755482745444,0.12839631774931132,98.0,0.10533693628838288,0.023059381460928438,0.11561688658056565,1.9844674545084815,7.554734509842276,7.681866372338111,98.0,7.618300441090193,0.06356593124791717,0.3187117172215151,1.9844674545084815,completed,False,COMPLETE
195,6.350536092898542,2026-06-12 06:50:45.568246,2026-06-12 06:50:47.767250,0 days 00:00:02.199004,,,,,,,,,,,,,,0.045386786893890266,QuantileRegressor,,,,,,3,,,,,,,,False,0.005576878440480847,0.01308285490452319,98.0,0.009329866672502019,0.0037529882320211714,0.018817018812711854,1.9844674545084815,6.2992339644846345,6.40183822131245,98.0,6.350536092898542,0.05130212841390764,0.2572225266415953,1.9844674545084815,154412832332615.62,339806140383388.7,98.0,247109486358002.16,92696654025386.52,464769558238598.9,1.9844674545084815,17.266414642127785,17.844953148816685,98.0,17.555683895472235,0.2892692533444488,1.4503602584413586,1.9844674545084815,5.796850474479449,5.9913157076468355,98.0,5.894083091063142,0.09723261658369312,0.48751231348231694,1.9844674545084815,99.0,0.6363636363636364,-0.02673164014694626,-0.012469103610021418,98.0,-0.01960037187848384,0.007131268268462422,0.035755297077999335,1.9844674545084815,QuantileRegressor,"{'mode': 'original', 'type': 'QuantileRegressor'}",3,"['nodes_T6W30', 'diameter_T6W30', 'asp_T6W30']",0.07241340177335272,0.11945259546475583,96.0,0.09593299861905427,0.02351959684570155,0.11669672326589876,1.984984311522457,7.574669165396078,7.6999250266002095,98.0,7.637297095998144,0.0626279306020656,0.31400869799839887,1.9844674545084815,completed,False,COMPLETE
196,6.318588457739443,2026-06-12 06:50:47.781249,2026-06-12 06:50:50.127208,0 days 00:00:02.345959,,,,,,,,,,,,,,0.027721167732270985,QuantileRegressor,,,,,,2,,,,,,,,False,0.010171367155538447,0.018443669971334686,98.0,0.014307518563436566,0.004136151407898119,0.020738151585604138,1.9844674545084815,6.266427019888242,6.370749895590643,98.0,6.318588457739443,0.05216143785120079,0.26153099787780215,1.9844674545084815,152542628468930.94,335688578507774.5,98.0,244115603488352.72,91572975019421.77,459135570683220.6,1.9844674545084815,17.24948273806468,17.877751766769144,98.0,17.56361725241691,0.3141345143522338,1.5750316017123975,1.9844674545084815,5.756800157053689,5.9452135330629865,98.0,5.851006845058338,0.09420668800464833,0.4723406818443612,1.9844674545084815,99.0,0.5555555555555556,-0.02267315668918904,-0.006990445072091006,98.0,-0.014831800880640022,0.007841355808549015,0.03931558817789595,1.9844674545084815,QuantileRegressor,"{'mode': 'original', 'type': 'QuantileRegressor'}",2,"['nodes_T6W30', 'lsc_T6W30']",0.07875146108321236,0.12487153407645123,97.0,0.1018114975798318,0.023060036496619436,0.11501992627739463,1.9847231860139845,7.555510065198101,7.682763944774377,98.0,7.619137004986239,0.06362693978813852,0.31901760649643646,1.9844674545084815,completed,False,COMPLETE
197,6.365252552138815,2026-06-12 06:50:50.140330,2026-06-12 06:50:52.421132,0 days 00:00:02.280802,,,,,,,,,,,,,,0.009944390739950064,QuantileRegressor,,,,,,3,,,,,,,,False,0.0017571773963962565,0.012192981265701343,98.0,0.0069750793310488,0.005217901934652543,0.02616191493208194,1.9844674545084815,6.31057882006016,6.419926284217469,98.0,6.365252552138815,0.054673732078654495,0.27412733040496395,1.9844674545084815,150413872667802.8,331071352620329.7,98.0,240742612644066.25,90328739976263.42,452897130068143.94,1.9844674545084815,17.184208095278333,17.802781735964043,98.0,17.493494915621188,0.30928682034285565,1.5507258635290373,1.9844674545084815,5.743729479093917,5.9477785025135645,98.0,5.845753990803741,0.10202451170982355,0.5115382829664733,1.9844674545084815,99.0,0.6060606060606061,-0.037853952033904424,-0.018924533316461226,98.0,-0.028389242675182825,0.009464709358721598,0.04745488209644606,1.9844674545084815,QuantileRegressor,"{'mode': 'original', 'type': 'QuantileRegressor'}",3,"['nodes_T6W30', 'lsc_T6W30', 'diameter_T6W30']",0.06037005686615485,0.10643067217524241,98.0,0.08340036452069863,0.023030307654543784,0.11547111411130251,1.9844674545084815,7.604602207340929,7.732796284470578,98.0,7.668699245905754,0.06409703856482411,0.3213746236192857,1.9844674545084815,completed,False,COMPLETE
198,6.316730917935549,2026-06-12 06:50:52.433987,2026-06-12 06:50:54.589224,0 days 00:00:02.155237,,,,,,,,,,,,,,0.020445264926908468,QuantileRegressor,,,,,,2,,,,,,,,False,0.010263781064656584,0.018887322961723338,98.0,0.014575552013189962,0.004311770948533378,0.02161868624111351,1.9844674545084815,6.264648981043379,6.368812854827718,98.0,6.316730917935549,0.0520819368921691,0.26113238990217247,1.9844674545084815,152037330118915.0,334567809595259.25,98.0,243302569857087.12,91265239738172.12,457592624044805.3,1.9844674545084815,17.241733250406114,17.879139961646466,98.0,17.56043660602629,0.31870335562017554,1.5979392067396734,1.9844674545084815,5.731762208831896,5.914771458234815,98.0,5.8232668335333555,0.09150462470145976,0.4587928706427643,1.9844674545084815,99.0,0.5454545454545454,-0.023387731075273886,-0.007096173623126005,98.0,-0.015241952349199946,0.008145778726073942,0.040841927034280315,1.9844674545084815,QuantileRegressor,"{'mode': 'original', 'type': 'QuantileRegressor'}",2,"['nodes_T6W30', 'lsc_T6W30']",0.0764560155733588,0.12322690623540491,98.0,0.09984146090438185,0.023385445331023068,0.11725173049650618,1.9844674545084815,7.557061302210798,7.683729234451832,98.0,7.620395268331315,0.06333396612051669,0.3175486727629831,1.9844674545084815,completed,False,COMPLETE
199,6.583300378503883,2026-06-12 06:50:54.601486,2026-06-12 06:50:54.940867,0 days 00:00:00.339381,,,,,,,,,,,minkowski,14.0,distance,,KNeighborsRegressor,,,,,,2,7.0,3.0,7.0,50.0,,,ExtraTrees,,,,,,,,,,,,,,,,,,,,,,,,,,,,,,,,,,,,,,,,,,,,,,KNeighborsRegressor,"{'mode': 'proxy', 'type': 'ExtraTrees'}",2,"['atd_T6W30', 'density_T6W30']",,,,,,,,,,,,,,,pruned,True,PRUNED
200,6.330003979884554,2026-06-12 06:50:54.950542,2026-06-12 06:50:55.092916,0 days 00:00:00.142374,,,,0.1996540521641158,0.7316143697510668,,,,,,,,,,ElasticNet,,,,,,2,,,,,,,,False,,,,,,,,,,,,,,,,,,,,,,,,,,,,,,,,,,,,,,,,,,,,,ElasticNet,"{'mode': 'original', 'type': 'ElasticNet'}",2,"['nodes_T6W30', 'l2_T6W30']",,,,,,,,,,,,,,,pruned,False,PRUNED
201,6.3166891303606665,2026-06-12 06:50:55.105528,2026-06-12 06:50:57.251845,0 days 00:00:02.146317,,,,,,,,,,,,,,0.020339114824092203,QuantileRegressor,,,,,,2,,,,,,,,False,0.010269354825218926,0.01889312684170819,98.0,0.014581240833463557,0.0043118860082446316,0.021619263136274748,1.9844674545084815,6.264632292175784,6.368745968545549,98.0,6.3166891303606665,0.052056838184882395,0.2610065480881324,1.9844674545084815,151984328043263.2,334445585894374.94,98.0,243214956968819.06,91230628925555.86,457419089711133.0,1.9844674545084815,17.242319853966393,17.880360650095163,98.0,17.561340252030778,0.31902039806438387,1.599528818342021,1.9844674545084815,5.72835863276075,5.9123794985580025,98.0,5.820369065659376,0.09201043289862608,0.4613289303832386,1.9844674545084815,99.0,0.5454545454545454,-0.023449263407938896,-0.0071625903158668205,98.0,-0.015305926861902859,0.008143336546036039,0.040829682245627594,1.9844674545084815,QuantileRegressor,"{'mode': 'original', 'type': 'QuantileRegressor'}",2,"['nodes_T6W30', 'lsc_T6W30']",0.07636840020654137,0.12312959466885556,98.0,0.09974899743769847,0.0233805972311571,0.1172274227234081,1.9844674545084815,7.557294552588046,7.683983575468226,98.0,7.620639064028136,0.06334451144009055,0.31760154569104465,1.9844674545084815,completed,False,COMPLETE
202,6.320622116234346,2026-06-12 06:50:57.264535,2026-06-12 06:50:59.380543,0 days 00:00:02.116008,,,,,,,,,,,,,,0.01774686485890253,QuantileRegressor,,,,,,2,,,,,,,,False,0.009432696281991063,0.018499872235370043,98.0,0.013966284258680553,0.004533587976689491,0.022730849385186446,1.9844674545084815,6.267823537450956,6.373420695017736,98.0,6.320622116234346,0.05279857878338993,0.2647255437079912,1.9844674545084815,151907528494031.2,334274983631589.3,98.0,243091256062810.25,91183727568779.05,457183932109177.06,1.9844674545084815,17.234915160824333,17.876573748983535,98.0,17.555744454903934,0.3208292940796,1.6085983992317618,1.9844674545084815,5.728326249958307,5.913070574349879,98.0,5.820698412154093,0.0923721621957854,0.4631425963392573,1.9844674545084815,99.0,0.5252525252525253,-0.024620097620250445,-0.007981205662264877,98.0,-0.01630065164125766,0.008319445978992784,0.041712673160645315,1.9844674545084815,QuantileRegressor,"{'mode': 'original', 'type': 'QuantileRegressor'}",2,"['nodes_T6W30', 'lsc_T6W30']",0.07278249300368213,0.12029346569185499,98.0,0.09653797934776856,0.023755486344086432,0.11910707036804592,1.9844674545084815,7.560700194037773,7.687879922612513,98.0,7.624290058325143,0.06358986428737046,0.31883171452121234,1.9844674545084815,completed,False,COMPLETE
203,6.316905742335971,2026-06-12 06:50:59.394336,2026-06-12 06:51:01.810177,0 days 00:00:02.415841,,,,,,,,,,,,,,0.0206250324772966,QuantileRegressor,,,,,,2,,,,,,,,False,0.01024419732286018,0.0188527975145426,98.0,0.01454849741870139,0.004304300095841211,0.021581228309736036,1.9844674545084815,6.264841552192306,6.368969932479636,98.0,6.316905742335971,0.05206419014366495,0.2610434099001523,1.9844674545084815,152037330118915.0,334567809595259.25,98.0,243302569857087.12,91265239738172.12,457592624044805.3,1.9844674545084815,17.243491672274587,17.880340290745522,98.0,17.561915981510055,0.31842430923546683,1.5965401026801715,1.9844674545084815,5.731422799536898,5.914432370710386,98.0,5.822927585123642,0.09150478558674331,0.45879367730167725,1.9844674545084815,99.0,0.5555555555555556,-0.023428480928861926,-0.007160868825596972,98.0,-0.01529467487722945,0.008133806051632478,0.040781897525452845,1.9844674545084815,QuantileRegressor,"{'mode': 'original', 'type': 'QuantileRegressor'}",2,"['nodes_T6W30', 'lsc_T6W30']",0.0764560155733588,0.12322690623540491,98.0,0.09984146090438185,0.023385445331023068,0.11725173049650618,1.9844674545084815,7.557305429491293,7.683877742386376,98.0,7.6205915859388345,0.06328615644754175,0.3173089609759535,1.9844674545084815,completed,False,COMPLETE
204,6.365135019368908,2026-06-12 06:51:01.823168,2026-06-12 06:51:04.195824,0 days 00:00:02.372656,,,,,,,,,,,,,,0.012799834886994235,QuantileRegressor,,,,,,2,,,,,,,,False,0.0020605896067948434,0.01199670067657029,98.0,0.007028645141682567,0.004968055534887723,0.024909215985533147,1.9844674545084815,6.310391594162903,6.419878444574913,98.0,6.365135019368908,0.054743425206004656,0.2744767631256092,1.9844674545084815,150589011968676.38,331470758071621.8,98.0,241029885020149.1,90440873051472.73,453459351438234.56,1.9844674545084815,17.172541975512182,17.727773947512404,98.0,17.450157961512293,0.2776159860001114,1.3919322172935014,1.9844674545084815,5.76837817209443,5.977346290763574,98.0,5.872862231429002,0.10448405933457183,0.5238701505515535,1.9844674545084815,99.0,0.6363636363636364,-0.03466539192228124,-0.016889949723807036,98.0,-0.02577767082304414,0.008887721099237102,0.044561934327306256,1.9844674545084815,QuantileRegressor,"{'mode': 'original', 'type': 'QuantileRegressor'}",2,"['lsc_T6W30', 'diameter_T6W30']",0.06984641147633755,0.11563031157224596,98.0,0.09273836152429175,0.02289195004795421,0.11477740618441258,1.9844674545084815,7.5946630706356855,7.724533527517228,98.0,7.659598299076457,0.06493522844077103,0.32557720398704343,1.9844674545084815,completed,False,COMPLETE
205,6.317982402410343,2026-06-12 06:51:04.209152,2026-06-12 06:51:06.363981,0 days 00:00:02.154829,,,,,,,,,,,,,,0.03136889460242016,QuantileRegressor,,,,,,2,,,,,,,,False,0.010459940904330169,0.01840730346414403,98.0,0.014433622184237098,0.003973681279906929,0.019923546458727025,1.9844674545084815,6.265370582484041,6.370594222336645,98.0,6.317982402410343,0.05261181992630212,0.26378915789753815,1.9844674545084815,152798089382493.44,336251256618238.4,98.0,244524673000365.9,91726583617872.48,459905745197006.7,1.9844674545084815,17.254482719348143,17.876791734961362,98.0,17.565637227154753,0.3111545078066101,1.5600902174702183,1.9844674545084815,5.756146487027741,5.944391875743967,98.0,5.850269181385854,0.0941226943581132,0.4719195480892605,1.9844674545084815,99.0,0.5555555555555556,-0.022204304025479737,-0.006952343773168451,98.0,-0.014578323899324093,0.0076259801261556424,0.038235721144789334,1.9844674545084815,QuantileRegressor,"{'mode': 'original', 'type': 'QuantileRegressor'}",2,"['nodes_T6W30', 'asp_T6W30']",0.08227755482745444,0.12839631774931132,98.0,0.10533693628838288,0.023059381460928438,0.11561688658056565,1.9844674545084815,7.5547617540914205,7.681887796013192,98.0,7.618324775052306,0.06356302096088567,0.3186971254022936,1.9844674545084815,completed,False,COMPLETE
