number,value,datetime_start,datetime_complete,duration,params_et_max_depth,params_et_max_features,params_et_min_samples_leaf,params_et_min_samples_split,params_et_n_estimators,params_regressor,params_rfe_n_features,params_use_scaler,user_attrs_d2mae_ci_lower_val,user_attrs_d2mae_ci_upper_val,user_attrs_d2mae_df_val,user_attrs_d2mae_mean_val,user_attrs_d2mae_samperror_val,user_attrs_d2mae_std_val,user_attrs_d2mae_t_critical_val,user_attrs_mae_ci_lower_val,user_attrs_mae_ci_upper_val,user_attrs_mae_df_val,user_attrs_mae_mean_val,user_attrs_mae_samperror_val,user_attrs_mae_std_val,user_attrs_mae_t_critical_val,user_attrs_mape_ci_lower_val,user_attrs_mape_ci_upper_val,user_attrs_mape_df_val,user_attrs_mape_mean_val,user_attrs_mape_samperror_val,user_attrs_mape_std_val,user_attrs_mape_t_critical_val,user_attrs_max_error_ci_lower_val,user_attrs_max_error_ci_upper_val,user_attrs_max_error_df_val,user_attrs_max_error_mean_val,user_attrs_max_error_samperror_val,user_attrs_max_error_std_val,user_attrs_max_error_t_critical_val,user_attrs_median_ae_ci_lower_val,user_attrs_median_ae_ci_upper_val,user_attrs_median_ae_df_val,user_attrs_median_ae_mean_val,user_attrs_median_ae_samperror_val,user_attrs_median_ae_std_val,user_attrs_median_ae_t_critical_val,user_attrs_n_splits_val,user_attrs_r2_below_zero_val,user_attrs_r2_ci_lower_val,user_attrs_r2_ci_upper_val,user_attrs_r2_df_val,user_attrs_r2_mean_val,user_attrs_r2_samperror_val,user_attrs_r2_std_val,user_attrs_r2_t_critical_val,user_attrs_regressor_final,user_attrs_rfe_estimator,user_attrs_rfe_n_features,user_attrs_rfe_selected_features,user_attrs_rho_ci_lower_val,user_attrs_rho_ci_upper_val,user_attrs_rho_df_val,user_attrs_rho_mean_val,user_attrs_rho_samperror_val,user_attrs_rho_std_val,user_attrs_rho_t_critical_val,user_attrs_rmse_ci_lower_val,user_attrs_rmse_ci_upper_val,user_attrs_rmse_df_val,user_attrs_rmse_mean_val,user_attrs_rmse_samperror_val,user_attrs_rmse_std_val,user_attrs_rmse_t_critical_val,user_attrs_termination_reason,user_attrs_trial_time_seconds,user_attrs_use_scaler_final,state
55,2.9873735686230236,2026-06-13 16:42:31.729700,2026-06-13 16:42:43.287981,0 days 00:00:11.558281,12,,3,11,298,ExtraTreesRegressor,9,False,-0.06285020782813794,-0.048769783335103886,98.0,-0.05580999558162091,0.0070402122465170296,0.03529875344609074,1.9844674545084815,2.954861402252383,3.019885734993664,98.0,2.9873735686230236,0.03251216637064063,0.1630119809645359,1.9844674545084815,877469574393560.0,1112148914668374.8,98.0,994809244530967.4,117339670137407.31,588326593090298.0,1.9844674545084815,8.677511254942115,9.093008899758352,98.0,8.885260077350233,0.20774882240811818,1.041626900457129,1.9844674545084815,2.5818007416262305,2.696467615327904,98.0,2.639134178477067,0.05733343685083663,0.28746276117114505,1.9844674545084815,99.0,0.9595959595959596,-0.12170446322065426,-0.09556404238079885,98.0,-0.10863425280072656,0.013070210419927697,0.06553241847641758,1.9844674545084815,ExtraTreesRegressor,"{'mode': 'original', 'type': 'ExtraTreesRegressor'}",9,"['nodes_T6W30', 're_T6W30', 'l1_T6W30', 'l2_T6W30', 'l3_T6W30', 'lsc_T6W30', 'atd_T6W30', 'density_T6W30', 'asp_T6W30']",-0.07206591516766074,-0.0293842164190016,98.0,-0.05072506579333117,0.021340849374329573,0.10700037925238669,1.9844674545084815,3.6105863985520372,3.698293979480323,98.0,3.65444018901618,0.04385379046414316,0.2198774813978288,1.9844674545084815,completed,11.5522780418396,False,COMPLETE
56,2.8508798817591043,2026-06-13 16:42:43.296111,2026-06-13 16:42:47.416697,0 days 00:00:04.120586,2,,3,5,111,ExtraTreesRegressor,6,True,-0.012929291796234036,-0.002371481474166821,98.0,-0.007650386635200429,0.005278905161033608,0.02646777756406531,1.9844674545084815,2.8231132077645036,2.878646555753705,98.0,2.8508798817591043,0.027766673994600855,0.13921866913008052,1.9844674545084815,857696564834108.8,1088501643225250.2,98.0,973099104029679.5,115402539195570.7,578614058139024.0,1.9844674545084815,8.218436582939779,8.642977284477725,98.0,8.430706933708752,0.2122703507689738,1.0642972844200997,1.9844674545084815,2.4833052611736894,2.5614391676618693,98.0,2.5223722144177794,0.03906695324409014,0.19587687162916517,1.9844674545084815,99.0,0.43434343434343436,-0.011098483096479185,0.006186597590791213,98.0,-0.002455942752843986,0.008642540343635199,0.04333262834352721,1.9844674545084815,ExtraTreesRegressor,"{'mode': 'original', 'type': 'ExtraTreesRegressor'}",6,"['nodes_T6W30', 'lcc_T6W30', 'atd_T6W30', 'density_T6W30', 'diameter_T6W30', 'asp_T6W30']",0.10687897697000179,0.1555999765845323,98.0,0.13123947677726705,0.024360499807265255,0.12214053304225439,1.9844674545084815,3.435723597530618,3.5163454819239552,98.0,3.4760345397272867,0.040310942196668635,0.20211407837651185,1.9844674545084815,completed,4.113906145095825,True,COMPLETE
57,2.8588958228440506,2026-06-13 16:42:47.425483,2026-06-13 16:42:54.911865,0 days 00:00:07.486382,13,log2,5,11,228,ExtraTreesRegressor,5,False,-0.015072311277083191,-0.005955877406972922,98.0,-0.010514094342028057,0.004558216935055134,0.022854335936236526,1.9844674545084815,2.8325116326808373,2.885280013007264,98.0,2.8588958228440506,0.026384190163213455,0.13228706618991443,1.9844674545084815,865675835430211.5,1099150338387166.8,98.0,982413086908689.1,116737251478477.62,585306140443660.2,1.9844674545084815,8.296781762990395,8.71858278936736,98.0,8.507682276178878,0.21090051318848174,1.0574290882177906,1.9844674545084815,2.541706609039141,2.618572348188905,98.0,2.580139478614023,0.0384328695748822,0.19269765453743093,1.9844674545084815,99.0,0.5757575757575758,-0.022170996296239264,-0.006852897898425466,98.0,-0.014511947097332365,0.007659049198906899,0.03840152538546616,1.9844674545084815,ExtraTreesRegressor,"{'mode': 'original', 'type': 'ExtraTreesRegressor'}",5,"['nodes_T6W30', 'lcc_T6W30', 'atd_T6W30', 'density_T6W30', 'asp_T6W30']",0.04067020185834887,0.08105549062113405,98.0,0.06086284623974146,0.02019264438139259,0.10124342143178913,1.9844674545084815,3.4575365019440394,3.536278508937989,98.0,3.496907505441014,0.039371003496974755,0.19740134199113546,1.9844674545084815,completed,7.480397939682007,False,COMPLETE
58,2.853805922885917,2026-06-13 16:42:54.919894,2026-06-13 16:43:03.701613,0 days 00:00:08.781719,8,log2,2,8,272,ExtraTreesRegressor,3,False,-0.012738163783546419,-0.004558036695424149,98.0,-0.008648100239485285,0.004090063544061135,0.020507072736632857,1.9844674545084815,2.827257836289317,2.880354009482517,98.0,2.853805922885917,0.026548086596600146,0.13310882263563417,1.9844674545084815,869651275162078.0,1105349998692072.2,98.0,987500636927075.1,117849361764997.11,590882123870599.4,1.9844674545084815,8.29193049224974,8.711519917152135,98.0,8.501725204700938,0.2097947124511974,1.0518847400903295,1.9844674545084815,2.511059222877202,2.5733483166662867,98.0,2.5422037697717443,0.031144546894542578,0.1561549060633154,1.9844674545084815,99.0,0.5858585858585859,-0.018226696458557033,-0.003717744729925633,98.0,-0.010972220594241333,0.0072544758643156996,0.03637304472486354,1.9844674545084815,ExtraTreesRegressor,"{'mode': 'original', 'type': 'ExtraTreesRegressor'}",3,"['nodes_T6W30', 'atd_T6W30', 'density_T6W30']",0.05337249262015915,0.09414370830530522,98.0,0.07375810046273218,0.020385607842573032,0.10221091635975563,1.9844674545084815,3.4511194786333164,3.531118031455243,98.0,3.4911187550442797,0.03999927641096314,0.20055142467489329,1.9844674545084815,completed,8.775550365447998,False,COMPLETE
59,2.8524808132552035,2026-06-13 16:43:03.709909,2026-06-13 16:43:08.472291,0 days 00:00:04.762382,8,sqrt,3,11,132,ExtraTreesRegressor,2,False,-0.011831767004204963,-0.004608176620307241,98.0,-0.008219971812256102,0.0036117951919488614,0.01810909437303574,1.9844674545084815,2.8270016743344915,2.8779599521759156,98.0,2.8524808132552035,0.025479138920712005,0.12774925119989877,1.9844674545084815,873116764923188.2,1108997717693519.0,98.0,991057241308353.6,117940476385165.36,591338961306749.8,1.9844674545084815,8.248070009545295,8.654758968822499,98.0,8.451414489183897,0.203344479638603,1.0195440705552177,1.9844674545084815,2.510315350550471,2.571074417352649,98.0,2.54069488395156,0.030379533401088843,0.15231922302666898,1.9844674545084815,99.0,0.47474747474747475,-0.009845884506665781,0.0011430900458769813,98.0,-0.0043513972303944,0.005494487276271381,0.02754867962592142,1.9844674545084815,ExtraTreesRegressor,"{'mode': 'original', 'type': 'ExtraTreesRegressor'}",2,"['nodes_T6W30', 'density_T6W30']",0.06581702079495544,0.10717830922379015,98.0,0.0864976650093728,0.02068064421441735,0.10369019223705803,1.9844674545084815,3.440820582716656,3.5189857278604,98.0,3.479903155288528,0.039082572571872226,0.19595518500681178,1.9844674545084815,completed,4.756021976470947,False,COMPLETE
60,2.8921785819623533,2026-06-13 16:43:08.480497,2026-06-13 16:43:13.366953,0 days 00:00:04.886456,3,,3,3,129,ExtraTreesRegressor,10,False,-0.02819262649991746,-0.016223049560154898,98.0,-0.02220783803003618,0.005984788469881282,0.03000698916852393,1.9844674545084815,2.862558720684049,2.921798443240658,98.0,2.8921785819623533,0.029619861278304495,0.14851032096191952,1.9844674545084815,858921347737838.4,1089834781636600.4,98.0,974378064687219.4,115456716949380.95,578885698695735.5,1.9844674545084815,8.344025145209239,8.771855524060525,98.0,8.557940334634882,0.21391518942564344,1.0725443020052734,1.9844674545084815,2.486317952997772,2.5687028941316923,98.0,2.527510423564732,0.04119247056696033,0.20653395259465848,1.9844674545084815,99.0,0.7070707070707071,-0.043557037592028336,-0.02322346098936892,98.0,-0.03339024929069863,0.010166788301329709,0.050975019079116765,1.9844674545084815,ExtraTreesRegressor,"{'mode': 'original', 'type': 'ExtraTreesRegressor'}",10,"['nodes_T6W30', 're_T6W30', 'l1_T6W30', 'l2_T6W30', 'l3_T6W30', 'lcc_T6W30', 'atd_T6W30', 'density_T6W30', 'diameter_T6W30', 'asp_T6W30']",0.022326943947520193,0.06976704656207805,98.0,0.04604699525479912,0.023720051307278927,0.11892940347622173,1.9844674545084815,3.4872384660728546,3.5707821457654028,98.0,3.5290103059191287,0.041771839846274084,0.2094388385027294,1.9844674545084815,completed,4.879443883895874,False,COMPLETE
61,2.884624741889523,2026-06-13 16:43:13.375106,2026-06-13 16:43:24.474517,0 days 00:00:11.099411,3,,5,11,333,ExtraTreesRegressor,10,False,-0.025314498601479073,-0.013750208212999132,98.0,-0.019532353407239102,0.005782145194239969,0.02899096084808378,1.9844674545084815,2.8553119140315,2.9139375697475454,98.0,2.884624741889523,0.029312827858022632,0.14697089336758795,1.9844674545084815,859602871819503.2,1090682455797324.0,98.0,975142663808413.6,115539791988910.4,579302226668926.2,1.9844674545084815,8.334545706906617,8.760283716393225,98.0,8.547414711649921,0.21286900474330375,1.0672988614037837,1.9844674545084815,2.5008207678294823,2.581906202735158,98.0,2.54136348528232,0.040542717452837725,0.2032761708441736,1.9844674545084815,99.0,0.6464646464646465,-0.037695026779363705,-0.018413080964321274,98.0,-0.02805405387184249,0.009640972907521214,0.04833864572923834,1.9844674545084815,ExtraTreesRegressor,"{'mode': 'original', 'type': 'ExtraTreesRegressor'}",10,"['nodes_T6W30', 're_T6W30', 'l1_T6W30', 'l2_T6W30', 'l3_T6W30', 'lcc_T6W30', 'atd_T6W30', 'density_T6W30', 'diameter_T6W30', 'asp_T6W30']",0.025554495437690394,0.07400085318380673,98.0,0.04977767431074856,0.024223178873058165,0.12145202286247098,1.9844674545084815,3.478671042910134,3.561265809831235,98.0,3.5199684263706845,0.041297383460550764,0.20705997286712924,1.9844674545084815,completed,11.093040227890015,False,COMPLETE
62,2.889685097454011,2026-06-13 16:43:24.482755,2026-06-13 16:43:32.139510,0 days 00:00:07.656755,11,log2,2,8,217,ExtraTreesRegressor,5,False,-0.027467396068465065,-0.015273385801927586,98.0,-0.021370390935196326,0.006097005133268741,0.030569629639401283,1.9844674545084815,2.8604912109852036,2.9188789839228186,98.0,2.889685097454011,0.029193886468807637,0.1463745359531488,1.9844674545084815,866110437502424.2,1097755668301834.8,98.0,981933052902129.5,115822615399705.28,580720268270068.2,1.9844674545084815,8.513421281509487,8.921099048242176,98.0,8.717260164875832,0.20383888336634517,1.0220229496965438,1.9844674545084815,2.5841104024963837,2.682785366690994,98.0,2.633447884593689,0.04933748209730527,0.24737203300444305,1.9844674545084815,99.0,0.8080808080808081,-0.06008104846821499,-0.03799539620763083,98.0,-0.04903822233792291,0.01104282613029208,0.05536736440212741,1.9844674545084815,ExtraTreesRegressor,"{'mode': 'original', 'type': 'ExtraTreesRegressor'}",5,"['nodes_T6W30', 'l1_T6W30', 'atd_T6W30', 'density_T6W30', 'asp_T6W30']",0.016827136564704345,0.05815573600396062,98.0,0.037491436284332484,0.02066429971962814,0.10360824296172891,1.9844674545084815,3.514046395532441,3.595987475148693,98.0,3.555016935340567,0.04097053980812579,0.20542121921903053,1.9844674545084815,completed,7.650271892547607,False,COMPLETE
63,2.8794749281425838,2026-06-13 16:43:32.148352,2026-06-13 16:43:41.635381,0 days 00:00:09.487029,12,sqrt,3,3,280,ExtraTreesRegressor,6,False,-0.023301924976310038,-0.012299546875680769,98.0,-0.017800735925995403,0.005501189050314634,0.027582281492075554,1.9844674545084815,2.851763506923679,2.9071863493614885,98.0,2.8794749281425838,0.02771142121890458,0.13894163854659491,1.9844674545084815,868170951343051.6,1099528166444908.4,98.0,983849558893980.0,115678607550928.34,579998230727692.5,1.9844674545084815,8.413334311872665,8.818183244808898,98.0,8.615758778340782,0.20242446646811674,1.0149312383088296,1.9844674545084815,2.5667456515203995,2.652526149461246,98.0,2.6096359004908227,0.042890248970423345,0.21504640352248205,1.9844674545084815,99.0,0.7272727272727273,-0.045764820841528386,-0.02654462971516601,98.0,-0.0361547252783472,0.00961009556318119,0.048183830543734846,1.9844674545084815,ExtraTreesRegressor,"{'mode': 'original', 'type': 'ExtraTreesRegressor'}",6,"['nodes_T6W30', 'l1_T6W30', 'lcc_T6W30', 'atd_T6W30', 'density_T6W30', 'asp_T6W30']",0.01403975290916627,0.05589879727398209,98.0,0.03496927509157418,0.02092952218240791,0.1049380355864697,1.9844674545084815,3.493577980705423,3.5732012613518656,98.0,3.533389621028644,0.03981164032322141,0.1996106405384404,1.9844674545084815,completed,9.480216979980469,False,COMPLETE
64,2.929838986934672,2026-06-13 16:43:41.644212,2026-06-13 16:43:47.404943,0 days 00:00:05.760731,8,,5,3,145,ExtraTreesRegressor,7,False,-0.04231195648183253,-0.028653970315582894,98.0,-0.03548296339870771,0.006828993083124818,0.034239726685163216,1.9844674545084815,2.898223221123623,2.9614547527457207,98.0,2.929838986934672,0.03161576581104858,0.15851753942868138,1.9844674545084815,866511922243110.6,1099174962691558.9,98.0,982843442467334.8,116331520224224.17,583271854117086.6,1.9844674545084815,8.609012235134458,9.033318546624226,98.0,8.821165390879342,0.2121531557448836,1.0637096830644,1.9844674545084815,2.599478475454404,2.694690001177744,98.0,2.647084238316074,0.04760576286167001,0.23868940694202806,1.9844674545084815,99.0,0.898989898989899,-0.0814044220535329,-0.05659431011508002,98.0,-0.06899936608430646,0.012405055969226442,0.06219741632921822,1.9844674545084815,ExtraTreesRegressor,"{'mode': 'original', 'type': 'ExtraTreesRegressor'}",7,"['nodes_T6W30', 'l1_T6W30', 'l2_T6W30', 'l3_T6W30', 'atd_T6W30', 'density_T6W30', 'asp_T6W30']",-0.01822948109589278,0.026490632299713955,98.0,0.004130575601910588,0.022360056697803367,0.11211055871317639,1.9844674545084815,3.5458364407087104,3.631237346561251,98.0,3.5885368936349806,0.04270045292627018,0.21409478963173315,1.9844674545084815,completed,5.753659009933472,False,COMPLETE
65,3.0628033567747908,2026-06-13 16:43:47.413688,2026-06-13 16:44:01.365471,0 days 00:00:13.951783,16,,1,6,314,ExtraTreesRegressor,8,False,-0.0912510313523423,-0.07365715314711097,98.0,-0.08245409224972663,0.008796939102615675,0.04410676462447961,1.9844674545084815,3.0264375646633077,3.099169148886274,98.0,3.0628033567747908,0.03636579211148307,0.18233358379928033,1.9844674545084815,877974755654351.2,1112077275165668.2,98.0,995026015410009.8,117051259755658.55,586880539107809.1,1.9844674545084815,8.786076979175451,9.179805514233493,98.0,8.982941246704472,0.19686426752902114,0.9870530885329545,1.9844674545084815,2.6401430409974598,2.7549699630145907,98.0,2.6975565020060253,0.05741346100856544,0.28786399240033106,1.9844674545084815,99.0,1.0,-0.17824942541645028,-0.1444892149738063,98.0,-0.16136932019512829,0.016880105221322,0.08463475978956381,1.9844674545084815,ExtraTreesRegressor,"{'mode': 'original', 'type': 'ExtraTreesRegressor'}",8,"['re_T6W30', 'l1_T6W30', 'l2_T6W30', 'l3_T6W30', 'lsc_T6W30', 'atd_T6W30', 'density_T6W30', 'asp_T6W30']",-0.07792760687751757,-0.035214135311740453,98.0,-0.056570871094629015,0.02135673578288856,0.10708003174001518,1.9844674545084815,3.692861671403321,3.785539816981336,98.0,3.7392007441923285,0.04633907278900755,0.23233837958633388,1.9844674545084815,completed,13.94508981704712,False,COMPLETE
66,2.892465646777019,2026-06-13 16:44:01.373781,2026-06-13 16:44:12.180433,0 days 00:00:10.806652,6,sqrt,1,3,323,ExtraTreesRegressor,5,False,-0.02859257408101045,-0.01611758605654328,98.0,-0.022355080068776866,0.006237494012233587,0.03127402350237767,1.9844674545084815,2.8629876337172853,2.921943659836753,98.0,2.892465646777019,0.029478013059733847,0.14779911153828748,1.9844674545084815,856425447077934.2,1083887621131050.8,98.0,970156534104492.5,113731087026558.31,570233603694615.6,1.9844674545084815,8.46718487791893,8.86978264335208,98.0,8.668483760635505,0.2012988827165757,1.0092877005947174,1.9844674545084815,2.5444441559285114,2.6292159518642686,98.0,2.58683005389639,0.04238589796787861,0.2125176499756095,1.9844674545084815,99.0,0.696969696969697,-0.05591103223921017,-0.031318673158905914,98.0,-0.04361485269905804,0.012296179540152129,0.06165152338005518,1.9844674545084815,ExtraTreesRegressor,"{'mode': 'original', 'type': 'ExtraTreesRegressor'}",5,"['l1_T6W30', 'lcc_T6W30', 'atd_T6W30', 'density_T6W30', 'asp_T6W30']",0.029299596071302895,0.07521716819427672,98.0,0.052258382132789806,0.02295878606148691,0.11511251368975482,1.9844674545084815,3.5035262769416695,3.587609289692405,98.0,3.545567783317037,0.04204150637536767,0.21079091312631004,1.9844674545084815,completed,10.800179958343506,False,COMPLETE
67,2.978400283206658,2026-06-13 16:44:12.188798,2026-06-13 16:44:16.311947,0 days 00:00:04.123149,11,,5,6,86,ExtraTreesRegressor,12,False,-0.0594859421208426,-0.045836170767719564,98.0,-0.05266105644428108,0.006824885676561517,0.03421913265667316,1.9844674545084815,2.946531784696712,3.010268781716604,98.0,2.978400283206658,0.03186849850994598,0.15978470992209345,1.9844674545084815,881226033655419.5,1116463308334614.2,98.0,998844670995016.9,117618637339597.34,589725300138444.6,1.9844674545084815,8.633905059246336,9.062033769615377,98.0,8.847969414430857,0.21406435518452063,1.0732922006709436,1.9844674545084815,2.5753563951574634,2.6835471341946304,98.0,2.629451764676047,0.054095369518583666,0.27122749206266256,1.9844674545084815,99.0,0.9595959595959596,-0.11325888550475414,-0.08854784040246029,98.0,-0.10090336295360722,0.012355522551146926,0.06194906189743302,1.9844674545084815,ExtraTreesRegressor,"{'mode': 'original', 'type': 'ExtraTreesRegressor'}",12,"['nodes_T6W30', 're_T6W30', 'pe_T6W30', 'l1_T6W30', 'l2_T6W30', 'l3_T6W30', 'lcc_T6W30', 'lsc_T6W30', 'atd_T6W30', 'density_T6W30', 'diameter_T6W30', 'asp_T6W30']",-0.06683591781456726,-0.02374361035285097,98.0,-0.04528976408370911,0.021546153730858143,0.10802974990326382,1.9844674545084815,3.5987696952711428,3.6847257741262744,98.0,3.6417477346987086,0.042978039427565805,0.21548657401636515,1.9844674545084815,completed,4.116024971008301,False,COMPLETE
68,2.9377335982103077,2026-06-13 16:44:16.320616,2026-06-13 16:44:21.422331,0 days 00:00:05.101715,14,,3,12,127,ExtraTreesRegressor,4,True,-0.04623447045925621,-0.030383165691126028,98.0,-0.03830881807519112,0.007925652384065089,0.03973824078143979,1.9844674545084815,2.9044138956688665,2.971053300751749,98.0,2.9377335982103077,0.033319702541441155,0.16706086744604645,1.9844674545084815,863872860385599.1,1095148199123393.9,98.0,979510529754496.5,115637669368897.36,579792971746365.9,1.9844674545084815,8.636838228023109,9.022280275647216,98.0,8.829559251835162,0.19272102381205267,0.9662793769868732,1.9844674545084815,2.5539461145742166,2.656197843551948,98.0,2.6050719790630823,0.05112586448886559,0.25633876112237,1.9844674545084815,99.0,0.8585858585858586,-0.08350162004016522,-0.05511864287297201,98.0,-0.06931013145656861,0.014191488583596602,0.07115436850546893,1.9844674545084815,ExtraTreesRegressor,"{'mode': 'original', 'type': 'ExtraTreesRegressor'}",4,"['l1_T6W30', 'l3_T6W30', 'density_T6W30', 'asp_T6W30']",-0.010653677455455693,0.03932579885042527,98.0,0.014336060697484788,0.02498973815294048,0.12529545628108207,1.9844674545084815,3.545014266934177,3.6317242806718184,98.0,3.5883692738029977,0.04335500686882065,0.2173766421421722,1.9844674545084815,completed,5.094912052154541,True,COMPLETE
