number,value,datetime_start,datetime_complete,duration,params_et_max_depth,params_et_max_features,params_et_min_samples_leaf,params_et_min_samples_split,params_et_n_estimators,params_regressor,params_rfe_n_features,params_use_scaler,user_attrs_d2mae_ci_lower_val,user_attrs_d2mae_ci_upper_val,user_attrs_d2mae_df_val,user_attrs_d2mae_mean_val,user_attrs_d2mae_samperror_val,user_attrs_d2mae_std_val,user_attrs_d2mae_t_critical_val,user_attrs_mae_ci_lower_val,user_attrs_mae_ci_upper_val,user_attrs_mae_df_val,user_attrs_mae_mean_val,user_attrs_mae_samperror_val,user_attrs_mae_std_val,user_attrs_mae_t_critical_val,user_attrs_mape_ci_lower_val,user_attrs_mape_ci_upper_val,user_attrs_mape_df_val,user_attrs_mape_mean_val,user_attrs_mape_samperror_val,user_attrs_mape_std_val,user_attrs_mape_t_critical_val,user_attrs_max_error_ci_lower_val,user_attrs_max_error_ci_upper_val,user_attrs_max_error_df_val,user_attrs_max_error_mean_val,user_attrs_max_error_samperror_val,user_attrs_max_error_std_val,user_attrs_max_error_t_critical_val,user_attrs_median_ae_ci_lower_val,user_attrs_median_ae_ci_upper_val,user_attrs_median_ae_df_val,user_attrs_median_ae_mean_val,user_attrs_median_ae_samperror_val,user_attrs_median_ae_std_val,user_attrs_median_ae_t_critical_val,user_attrs_n_splits_val,user_attrs_r2_below_zero_val,user_attrs_r2_ci_lower_val,user_attrs_r2_ci_upper_val,user_attrs_r2_df_val,user_attrs_r2_mean_val,user_attrs_r2_samperror_val,user_attrs_r2_std_val,user_attrs_r2_t_critical_val,user_attrs_regressor_final,user_attrs_rfe_estimator,user_attrs_rfe_n_features,user_attrs_rfe_selected_features,user_attrs_rho_ci_lower_val,user_attrs_rho_ci_upper_val,user_attrs_rho_df_val,user_attrs_rho_mean_val,user_attrs_rho_samperror_val,user_attrs_rho_std_val,user_attrs_rho_t_critical_val,user_attrs_rmse_ci_lower_val,user_attrs_rmse_ci_upper_val,user_attrs_rmse_df_val,user_attrs_rmse_mean_val,user_attrs_rmse_samperror_val,user_attrs_rmse_std_val,user_attrs_rmse_t_critical_val,user_attrs_termination_reason,user_attrs_trial_time_seconds,user_attrs_use_scaler_final,state
456,2.855132157157445,2026-06-13 17:34:06.516935,2026-06-13 17:34:19.678840,0 days 00:00:13.161905,2,sqrt,5,4,446,ExtraTreesRegressor,12,True,-0.012721385444949725,-0.00556971911154265,98.0,-0.009145552278246188,0.0035758331667035377,0.017928785226364093,1.9844674545084815,2.829486300900818,2.880778013414072,98.0,2.855132157157445,0.025645856256627006,0.1285851513019964,1.9844674545084815,873918391219236.8,1110091468089259.8,98.0,992004929654248.2,118086538435011.55,592071298359216.0,1.9844674545084815,8.15296515078997,8.52370837695225,98.0,8.33833676387111,0.1853716130811402,0.929430340582768,1.9844674545084815,2.527658427395256,2.5953933990745126,98.0,2.561525913234884,0.03386748583962825,0.16980738515141233,1.9844674545084815,99.0,0.3333333333333333,-0.0009199842229870889,0.008686529549312844,98.0,0.0038832726631628776,0.0048032568861499664,0.02408293594363229,1.9844674545084815,ExtraTreesRegressor,"{'mode': 'original', 'type': 'ExtraTreesRegressor'}",12,"['nodes_T6W30', 're_T6W30', 'pe_T6W30', 'l1_T6W30', 'l2_T6W30', 'l3_T6W30', 'lcc_T6W30', 'lsc_T6W30', 'atd_T6W30', 'density_T6W30', 'diameter_T6W30', 'asp_T6W30']",0.0972813076761412,0.14417947284524818,98.0,0.1207303902606947,0.0234490825845535,0.11757079981483085,1.9844674545084815,3.4270258525810062,3.5043439513488703,98.0,3.4656849019649383,0.03865904938393216,0.19383169212530169,1.9844674545084815,completed,13.154413938522339,True,COMPLETE
457,2.9760375456836567,2026-06-13 17:34:19.688523,2026-06-13 17:34:20.888561,0 days 00:00:01.200038,16,,2,10,157,ExtraTreesRegressor,9,False,,,,,,,,,,,,,,,,,,,,,,,,,,,,,,,,,,,,,,,,,,,,,ExtraTreesRegressor,"{'mode': 'original', 'type': 'ExtraTreesRegressor'}",9,"['nodes_T6W30', 're_T6W30', 'l1_T6W30', 'l2_T6W30', 'l3_T6W30', 'lsc_T6W30', 'density_T6W30', 'diameter_T6W30', 'asp_T6W30']",,,,,,,,,,,,,,,pruned,,False,PRUNED
458,2.907197007181665,2026-06-13 17:34:20.894350,2026-06-13 17:34:23.634057,0 days 00:00:02.739707,16,,5,9,402,ExtraTreesRegressor,10,True,,,,,,,,,,,,,,,,,,,,,,,,,,,,,,,,,,,,,,,,,,,,,ExtraTreesRegressor,"{'mode': 'original', 'type': 'ExtraTreesRegressor'}",10,"['nodes_T6W30', 're_T6W30', 'l1_T6W30', 'l2_T6W30', 'l3_T6W30', 'lcc_T6W30', 'lsc_T6W30', 'atd_T6W30', 'density_T6W30', 'asp_T6W30']",,,,,,,,,,,,,,,pruned,,True,PRUNED
459,2.8563160081267496,2026-06-13 17:34:23.640965,2026-06-13 17:34:32.820707,0 days 00:00:09.179742,7,sqrt,4,6,277,ExtraTreesRegressor,5,True,-0.01463489649989232,-0.004626956852841854,98.0,-0.009630926676367087,0.005003969823525233,0.025089285786757443,1.9844674545084815,2.8297105723174134,2.8829214439360857,98.0,2.8563160081267496,0.026605435809336313,0.13339636449514314,1.9844674545084815,865366953178959.9,1096294882852727.1,98.0,980830918015843.5,115463964836883.62,578922038707230.0,1.9844674545084815,8.341673462557253,8.751708441467283,98.0,8.546690952012268,0.20501748945501522,1.0279323348510336,1.9844674545084815,2.5315229591406574,2.6051237828840463,98.0,2.568323371012352,0.03680041187169453,0.18451271352169646,1.9844674545084815,99.0,0.6262626262626263,-0.02671741799696737,-0.009750870977245274,98.0,-0.01823414448710632,0.008483273509861047,0.04253408413765975,1.9844674545084815,ExtraTreesRegressor,"{'mode': 'original', 'type': 'ExtraTreesRegressor'}",5,"['nodes_T6W30', 'l1_T6W30', 'lcc_T6W30', 'atd_T6W30', 'density_T6W30']",0.04416855890294841,0.08543211925472749,98.0,0.06480033907883795,0.02063178017588954,0.10344519399155389,1.9844674545084815,3.4635563306945776,3.5426010903962886,98.0,3.503078710545433,0.03952237985085557,0.19816032430673974,1.9844674545084815,completed,9.173115968704224,True,COMPLETE
460,2.910250980634622,2026-06-13 17:34:32.829914,2026-06-13 17:34:49.297473,0 days 00:00:16.467559,9,,5,10,460,ExtraTreesRegressor,6,False,-0.03515156394763235,-0.022079360677289266,98.0,-0.02861546231246081,0.006536101635171543,0.03277120519095884,1.9844674545084815,2.8799326254252415,2.9405693358440024,98.0,2.910250980634622,0.030318355209380584,0.15201248314017538,1.9844674545084815,873865658592606.0,1107707926364610.0,98.0,990786792478608.0,116921133886001.97,586228104091771.4,1.9844674545084815,8.52866490340048,8.974199685595805,98.0,8.751432294498143,0.22276739109766142,1.1169281463176692,1.9844674545084815,2.5890999509797514,2.6812202788276065,98.0,2.635160114903679,0.046060163923927436,0.23093996503324105,1.9844674545084815,99.0,0.8484848484848485,-0.07109913522345898,-0.04799116274336902,98.0,-0.059545148983414,0.01155398624004498,0.0579302579703676,1.9844674545084815,ExtraTreesRegressor,"{'mode': 'original', 'type': 'ExtraTreesRegressor'}",6,"['nodes_T6W30', 'l1_T6W30', 'l2_T6W30', 'atd_T6W30', 'density_T6W30', 'asp_T6W30']",0.0027016775499638657,0.044663674728908385,98.0,0.023682676139436126,0.02098099858947226,0.10519613192470922,1.9844674545084815,3.5314863583073905,3.6136010619561225,98.0,3.5725437101317565,0.041057351824366116,0.2058564839312473,1.9844674545084815,completed,16.459972143173218,False,COMPLETE
461,2.8857470701755514,2026-06-13 17:34:49.308013,2026-06-13 17:34:57.879566,0 days 00:00:08.571553,4,log2,2,4,269,ExtraTreesRegressor,12,True,-0.024849405022389116,-0.015041142230339026,98.0,-0.01994527362636407,0.004904131396025045,0.024588708259635585,1.9844674545084815,2.857954131223346,2.913540009127757,98.0,2.8857470701755514,0.027792938952205682,0.13935035837896978,1.9844674545084815,867793189091953.8,1101508297096811.8,98.0,984650743094382.8,116857554002429.05,585909322419318.0,1.9844674545084815,8.259450301553299,8.662311080337785,98.0,8.460880690945542,0.201430389392243,1.00994705880131,1.9844674545084815,2.5085039244145944,2.5884103648170176,98.0,2.548457144615806,0.039953220201211524,0.20032050453559094,1.9844674545084815,99.0,0.6565656565656566,-0.032236044632322526,-0.015918983423323797,98.0,-0.02407751402782316,0.008158530604499366,0.0409058633755087,1.9844674545084815,ExtraTreesRegressor,"{'mode': 'original', 'type': 'ExtraTreesRegressor'}",12,"['nodes_T6W30', 're_T6W30', 'pe_T6W30', 'l1_T6W30', 'l2_T6W30', 'l3_T6W30', 'lcc_T6W30', 'lsc_T6W30', 'atd_T6W30', 'density_T6W30', 'diameter_T6W30', 'asp_T6W30']",0.026694892729380137,0.07082868489002782,98.0,0.04876178880970398,0.02206689608032384,0.11064068763625923,1.9844674545084815,3.4730618649843215,3.55385179908906,98.0,3.513456832036691,0.040394967052369404,0.20253536861050903,1.9844674545084815,completed,8.564850091934204,True,COMPLETE
462,2.9023713451655806,2026-06-13 17:34:57.888857,2026-06-13 17:34:58.785498,0 days 00:00:00.896641,15,,4,12,116,ExtraTreesRegressor,8,True,,,,,,,,,,,,,,,,,,,,,,,,,,,,,,,,,,,,,,,,,,,,,ExtraTreesRegressor,"{'mode': 'original', 'type': 'ExtraTreesRegressor'}",8,"['nodes_T6W30', 're_T6W30', 'l1_T6W30', 'l2_T6W30', 'l3_T6W30', 'atd_T6W30', 'density_T6W30', 'asp_T6W30']",,,,,,,,,,,,,,,pruned,,True,PRUNED
463,2.9226984429686755,2026-06-13 17:34:58.791585,2026-06-13 17:35:01.460877,0 days 00:00:02.669292,18,,5,3,411,ExtraTreesRegressor,11,False,,,,,,,,,,,,,,,,,,,,,,,,,,,,,,,,,,,,,,,,,,,,,ExtraTreesRegressor,"{'mode': 'original', 'type': 'ExtraTreesRegressor'}",11,"['nodes_T6W30', 're_T6W30', 'l1_T6W30', 'l2_T6W30', 'l3_T6W30', 'lcc_T6W30', 'lsc_T6W30', 'atd_T6W30', 'density_T6W30', 'diameter_T6W30', 'asp_T6W30']",,,,,,,,,,,,,,,pruned,,False,PRUNED
464,2.8581681861656643,2026-06-13 17:35:01.467341,2026-06-13 17:35:15.502763,0 days 00:00:14.035422,4,,4,9,437,ExtraTreesRegressor,4,True,-0.015981372600463943,-0.0045070595536007,98.0,-0.010244216077032322,0.005737156523431622,0.028765393217006056,1.9844674545084815,2.8298886620669843,2.886447710264344,98.0,2.8581681861656643,0.0282795240986801,0.14179003612084862,1.9844674545084815,853677951686638.8,1082216686287469.2,98.0,967947318987054.0,114269367300415.23,572932474411357.1,1.9844674545084815,8.379487355352927,8.811659261697935,98.0,8.595573308525431,0.2160859531725035,1.0834282429444169,1.9844674545084815,2.5175227463375753,2.600205718246781,98.0,2.558864232292178,0.041341485954602894,0.2072810973175567,1.9844674545084815,99.0,0.5555555555555556,-0.03191960071349943,-0.011660259897049944,98.0,-0.021789930305274686,0.010129670408224743,0.05078891455395863,1.9844674545084815,ExtraTreesRegressor,"{'mode': 'original', 'type': 'ExtraTreesRegressor'}",4,"['nodes_T6W30', 'l1_T6W30', 'atd_T6W30', 'density_T6W30']",0.053395114189557356,0.09441831300745576,98.0,0.07390671359850656,0.020511599408949206,0.10284262249049046,1.9844674545084815,3.467774628300971,3.5503118139984253,98.0,3.5090432211496982,0.04126859284872689,0.20691562030036736,1.9844674545084815,completed,14.027976036071777,True,COMPLETE
465,2.9572989055718675,2026-06-13 17:35:15.512761,2026-06-13 17:35:17.224900,0 days 00:00:01.712139,18,sqrt,1,6,264,ExtraTreesRegressor,10,False,,,,,,,,,,,,,,,,,,,,,,,,,,,,,,,,,,,,,,,,,,,,,ExtraTreesRegressor,"{'mode': 'original', 'type': 'ExtraTreesRegressor'}",10,"['re_T6W30', 'l1_T6W30', 'l2_T6W30', 'l3_T6W30', 'lcc_T6W30', 'lsc_T6W30', 'atd_T6W30', 'density_T6W30', 'diameter_T6W30', 'asp_T6W30']",,,,,,,,,,,,,,,pruned,,False,PRUNED
466,2.9011435515726927,2026-06-13 17:35:17.231506,2026-06-13 17:35:25.787574,0 days 00:00:08.556068,17,log2,4,11,257,ExtraTreesRegressor,10,False,-0.030679891233326078,-0.020022097515592755,98.0,-0.025350994374459417,0.005328896858866661,0.026718429753853114,1.9844674545084815,2.872208187411611,2.930078915733774,98.0,2.9011435515726927,0.028935364161081296,0.14507833707714743,1.9844674545084815,868549035413253.6,1101286239632226.4,98.0,984917637522740.0,116368602109486.42,583457778103375.0,1.9844674545084815,8.420241828456641,8.835748494939322,98.0,8.627995161697982,0.20775333324134093,1.0416495172169924,1.9844674545084815,2.543894786476636,2.631333129912193,98.0,2.5876139581944146,0.0437191717177785,0.21920251965367132,1.9844674545084815,99.0,0.8282828282828283,-0.05036137052890682,-0.032155013646130666,98.0,-0.04125819208751874,0.009103178441388074,0.045642210792337504,1.9844674545084815,ExtraTreesRegressor,"{'mode': 'original', 'type': 'ExtraTreesRegressor'}",10,"['nodes_T6W30', 're_T6W30', 'l1_T6W30', 'l2_T6W30', 'l3_T6W30', 'lcc_T6W30', 'atd_T6W30', 'density_T6W30', 'diameter_T6W30', 'asp_T6W30']",-0.015598267187747508,0.027055132860505978,98.0,0.005728432836379234,0.021326700024126743,0.10692943616051055,1.9844674545084815,3.5013435609489747,3.584018458921448,98.0,3.5426810099352113,0.0413374489862364,0.20726085645747339,1.9844674545084815,completed,8.549730062484741,False,COMPLETE
467,2.861431490960282,2026-06-13 17:35:25.796726,2026-06-13 17:35:37.373296,0 days 00:00:11.576570,4,log2,5,6,377,ExtraTreesRegressor,9,False,-0.016160573146378854,-0.006563668858753469,98.0,-0.011362121002566162,0.004798452143812693,0.024058845559820453,1.9844674545084815,2.8340737906158875,2.888789191304676,98.0,2.861431490960282,0.027357700344394446,0.13716812583122956,1.9844674545084815,866542103244254.0,1099145957889915.0,98.0,982844030567084.5,116301927322830.5,583123478969651.8,1.9844674545084815,8.248888477983337,8.66380122885713,98.0,8.456344853420234,0.2074563754368965,1.0401606075142824,1.9844674545084815,2.515876343158659,2.5928602863256915,98.0,2.554368314742175,0.038491971583516305,0.1929939846987803,1.9844674545084815,99.0,0.5151515151515151,-0.01714305263212711,-0.0016903733400947,98.0,-0.009416712986110905,0.007726339646016205,0.038738911364555595,1.9844674545084815,ExtraTreesRegressor,"{'mode': 'original', 'type': 'ExtraTreesRegressor'}",9,"['nodes_T6W30', 're_T6W30', 'l1_T6W30', 'l2_T6W30', 'lcc_T6W30', 'atd_T6W30', 'density_T6W30', 'diameter_T6W30', 'asp_T6W30']",0.05905897979551383,0.10349212458562895,98.0,0.08127555219057139,0.02221657239505756,0.11139114616584671,1.9844674545084815,3.4481745069846617,3.5284825804551914,98.0,3.4883285437199265,0.04015403673526503,0.20132737379964757,1.9844674545084815,completed,11.57054591178894,False,COMPLETE
468,2.949179270163923,2026-06-13 17:35:37.382028,2026-06-13 17:35:40.243103,0 days 00:00:02.861075,7,,2,10,474,ExtraTreesRegressor,13,True,,,,,,,,,,,,,,,,,,,,,,,,,,,,,,,,,,,,,,,,,,,,,ExtraTreesRegressor,"{'mode': 'original', 'type': 'ExtraTreesRegressor'}",13,"['nodes_T6W30', 'edges_T6W30', 're_T6W30', 'pe_T6W30', 'l1_T6W30', 'l2_T6W30', 'l3_T6W30', 'lcc_T6W30', 'lsc_T6W30', 'atd_T6W30', 'density_T6W30', 'diameter_T6W30', 'asp_T6W30']",,,,,,,,,,,,,,,pruned,,True,PRUNED
469,2.884627425897361,2026-06-13 17:35:40.249855,2026-06-13 17:35:47.039531,0 days 00:00:06.789676,11,log2,5,6,205,ExtraTreesRegressor,13,True,-0.024552640536060995,-0.014542375380635825,98.0,-0.01954750795834841,0.005005132577712585,0.025095115692439343,1.9844674545084815,2.8567166130129684,2.9125382387817536,98.0,2.884627425897361,0.027910812884392348,0.13994136369589566,1.9844674545084815,873292120935407.1,1108077047338841.9,98.0,990684584137124.5,117392463201717.42,588591290985119.0,1.9844674545084815,8.321547772441155,8.721753829033146,98.0,8.52165080073715,0.20010302829599508,1.0032918344373616,1.9844674545084815,2.5197181999062788,2.6020905547518782,98.0,2.5609043773290785,0.04118617742279992,0.20650239954819616,1.9844674545084815,99.0,0.6767676767676768,-0.034124332747883936,-0.017963345378392025,98.0,-0.02604383906313798,0.008080493684745955,0.04051459591174285,1.9844674545084815,ExtraTreesRegressor,"{'mode': 'original', 'type': 'ExtraTreesRegressor'}",13,"['nodes_T6W30', 'edges_T6W30', 're_T6W30', 'pe_T6W30', 'l1_T6W30', 'l2_T6W30', 'l3_T6W30', 'lcc_T6W30', 'lsc_T6W30', 'atd_T6W30', 'density_T6W30', 'diameter_T6W30', 'asp_T6W30']",-6.72913521227933e-05,0.04646739586451234,98.0,0.023200052256194773,0.023267343608317566,0.11665958306609278,1.9844674545084815,3.4764033054729,3.5573645305955064,98.0,3.5168839180342033,0.040480612561303156,0.20296478459936831,1.9844674545084815,completed,6.782774925231934,True,COMPLETE
470,2.937536388775657,2026-06-13 17:35:47.048698,2026-06-13 17:35:49.599040,0 days 00:00:02.550342,13,,3,6,349,ExtraTreesRegressor,9,True,,,,,,,,,,,,,,,,,,,,,,,,,,,,,,,,,,,,,,,,,,,,,ExtraTreesRegressor,"{'mode': 'original', 'type': 'ExtraTreesRegressor'}",9,"['re_T6W30', 'pe_T6W30', 'l1_T6W30', 'l2_T6W30', 'l3_T6W30', 'lsc_T6W30', 'atd_T6W30', 'density_T6W30', 'asp_T6W30']",,,,,,,,,,,,,,,pruned,,True,PRUNED
471,2.9035378298129912,2026-06-13 17:35:49.605173,2026-06-13 17:35:50.560622,0 days 00:00:00.955449,16,log2,2,7,165,ExtraTreesRegressor,13,False,,,,,,,,,,,,,,,,,,,,,,,,,,,,,,,,,,,,,,,,,,,,,ExtraTreesRegressor,"{'mode': 'original', 'type': 'ExtraTreesRegressor'}",13,"['nodes_T6W30', 'edges_T6W30', 're_T6W30', 'pe_T6W30', 'l1_T6W30', 'l2_T6W30', 'l3_T6W30', 'lcc_T6W30', 'lsc_T6W30', 'atd_T6W30', 'density_T6W30', 'diameter_T6W30', 'asp_T6W30']",,,,,,,,,,,,,,,pruned,,False,PRUNED
472,2.9094857342751417,2026-06-13 17:35:50.566511,2026-06-13 17:35:55.998841,0 days 00:00:05.432330,9,sqrt,1,4,142,ExtraTreesRegressor,4,True,-0.036147060335097264,-0.020369858300049108,98.0,-0.028258459317573186,0.00788860101752408,0.0395524698122451,1.9844674545084815,2.8756996220413447,2.9432718465089387,98.0,2.9094857342751417,0.03378611223379719,0.1693993879563461,1.9844674545084815,853492506770782.5,1084874849433602.5,98.0,969183678102192.5,115691171331410.03,580061223969095.6,1.9844674545084815,8.725555808207528,9.140853514461973,98.0,8.93320466133475,0.20764885312722298,1.041125666847269,1.9844674545084815,2.5071958851029423,2.614322476801557,98.0,2.5607591809522496,0.053563295849307246,0.26855974049363324,1.9844674545084815,99.0,0.8282828282828283,-0.08298558936074726,-0.05234730187952246,98.0,-0.06766644562013487,0.015319143740612403,0.07680829199043289,1.9844674545084815,ExtraTreesRegressor,"{'mode': 'original', 'type': 'ExtraTreesRegressor'}",4,"['l1_T6W30', 'l3_T6W30', 'atd_T6W30', 'density_T6W30']",0.032910645390291884,0.07829178097605097,98.0,0.055601213183171426,0.022690567792879538,0.11376770046512613,1.9844674545084815,3.54024611412138,3.631098203085187,98.0,3.5856721586032836,0.045426044481903516,0.22776056858103197,1.9844674545084815,completed,5.42612886428833,True,COMPLETE
473,2.9592577515976233,2026-06-13 17:35:56.007400,2026-06-13 17:35:58.397631,0 days 00:00:02.390231,19,sqrt,1,6,376,ExtraTreesRegressor,9,True,,,,,,,,,,,,,,,,,,,,,,,,,,,,,,,,,,,,,,,,,,,,,ExtraTreesRegressor,"{'mode': 'original', 'type': 'ExtraTreesRegressor'}",9,"['nodes_T6W30', 're_T6W30', 'l1_T6W30', 'l2_T6W30', 'l3_T6W30', 'atd_T6W30', 'density_T6W30', 'diameter_T6W30', 'asp_T6W30']",,,,,,,,,,,,,,,pruned,,True,PRUNED
474,3.0767083211922075,2026-06-13 17:35:58.403511,2026-06-13 17:35:59.076819,0 days 00:00:00.673308,20,,1,4,66,ExtraTreesRegressor,11,True,,,,,,,,,,,,,,,,,,,,,,,,,,,,,,,,,,,,,,,,,,,,,ExtraTreesRegressor,"{'mode': 'original', 'type': 'ExtraTreesRegressor'}",11,"['nodes_T6W30', 're_T6W30', 'pe_T6W30', 'l1_T6W30', 'l2_T6W30', 'l3_T6W30', 'lsc_T6W30', 'atd_T6W30', 'density_T6W30', 'diameter_T6W30', 'asp_T6W30']",,,,,,,,,,,,,,,pruned,,True,PRUNED
475,2.8848326951987437,2026-06-13 17:35:59.083151,2026-06-13 17:36:10.169749,0 days 00:00:11.086598,11,log2,5,11,354,ExtraTreesRegressor,13,False,-0.02462843274449315,-0.01463543635532932,98.0,-0.019631934549911235,0.004996498194581915,0.02505182396335271,1.9844674545084815,2.857065264904226,2.9126001254932614,98.0,2.8848326951987437,0.027767430294517784,0.13922246112432218,1.9844674545084815,872610305608560.6,1107235390423135.6,98.0,989922848015848.1,117312542407287.52,588190578006729.4,1.9844674545084815,8.316740356272069,8.720530456548373,98.0,8.51863540641022,0.20189505013815146,1.0122768103104374,1.9844674545084815,2.5188519191296246,2.601034816836866,98.0,2.5599433679832453,0.041091448853620524,0.2060274422186897,1.9844674545084815,99.0,0.7070707070707071,-0.0342567622875451,-0.018212111257260924,98.0,-0.026234436772403013,0.008022325515142089,0.04022294790379066,1.9844674545084815,ExtraTreesRegressor,"{'mode': 'original', 'type': 'ExtraTreesRegressor'}",13,"['nodes_T6W30', 'edges_T6W30', 're_T6W30', 'pe_T6W30', 'l1_T6W30', 'l2_T6W30', 'l3_T6W30', 'lcc_T6W30', 'lsc_T6W30', 'atd_T6W30', 'density_T6W30', 'diameter_T6W30', 'asp_T6W30']",0.0009436492945174672,0.04485229006056918,98.0,0.02289796967754332,0.021954320383025853,0.11007624701376104,1.9844674545084815,3.476963090680462,3.5573083352160415,98.0,3.5171357129482517,0.04017262226778999,0.20142055936100442,1.9844674545084815,completed,11.08051586151123,False,COMPLETE
476,2.852235295271046,2026-06-13 17:36:10.178410,2026-06-13 17:36:22.351348,0 days 00:00:12.172938,6,sqrt,5,7,390,ExtraTreesRegressor,6,False,-0.012811740657878086,-0.003529790630778887,98.0,-0.008170765644328486,0.004640975013549599,0.02326927470600068,1.9844674545084815,2.825932124718347,2.878538465823745,98.0,2.852235295271046,0.026303170552699043,0.13188084388358248,1.9844674545084815,867475364560319.1,1099948689674473.6,98.0,983712027117396.4,116236662557077.25,582796249506338.2,1.9844674545084815,8.25782608232818,8.658178882889256,98.0,8.458002482608718,0.2001764002805386,1.0036597124929605,1.9844674545084815,2.5270339665176813,2.60159647458491,98.0,2.5643152205512956,0.037281254033614215,0.1869235966493302,1.9844674545084815,99.0,0.5050505050505051,-0.014237078679475289,0.0005365548640563862,98.0,-0.006850261907709451,0.007386816771765837,0.03703658566643464,1.9844674545084815,ExtraTreesRegressor,"{'mode': 'original', 'type': 'ExtraTreesRegressor'}",6,"['nodes_T6W30', 'l1_T6W30', 'lcc_T6W30', 'atd_T6W30', 'density_T6W30', 'asp_T6W30']",0.062156986002100165,0.10486358341251463,98.0,0.0835102847073074,0.02135329870520723,0.1070627986576307,1.9844674545084815,3.4446513505155556,3.52275982569083,98.0,3.483705588103193,0.039054237587637285,0.1958131169004272,1.9844674545084815,completed,12.166837930679321,False,COMPLETE
