number,value,datetime_start,datetime_complete,duration,params_et_max_depth,params_et_max_features,params_et_min_samples_leaf,params_et_min_samples_split,params_et_n_estimators,params_regressor,params_rfe_n_features,params_use_scaler,user_attrs_d2mae_ci_lower_val,user_attrs_d2mae_ci_upper_val,user_attrs_d2mae_df_val,user_attrs_d2mae_mean_val,user_attrs_d2mae_samperror_val,user_attrs_d2mae_std_val,user_attrs_d2mae_t_critical_val,user_attrs_mae_ci_lower_val,user_attrs_mae_ci_upper_val,user_attrs_mae_df_val,user_attrs_mae_mean_val,user_attrs_mae_samperror_val,user_attrs_mae_std_val,user_attrs_mae_t_critical_val,user_attrs_mape_ci_lower_val,user_attrs_mape_ci_upper_val,user_attrs_mape_df_val,user_attrs_mape_mean_val,user_attrs_mape_samperror_val,user_attrs_mape_std_val,user_attrs_mape_t_critical_val,user_attrs_max_error_ci_lower_val,user_attrs_max_error_ci_upper_val,user_attrs_max_error_df_val,user_attrs_max_error_mean_val,user_attrs_max_error_samperror_val,user_attrs_max_error_std_val,user_attrs_max_error_t_critical_val,user_attrs_median_ae_ci_lower_val,user_attrs_median_ae_ci_upper_val,user_attrs_median_ae_df_val,user_attrs_median_ae_mean_val,user_attrs_median_ae_samperror_val,user_attrs_median_ae_std_val,user_attrs_median_ae_t_critical_val,user_attrs_n_splits_val,user_attrs_r2_below_zero_val,user_attrs_r2_ci_lower_val,user_attrs_r2_ci_upper_val,user_attrs_r2_df_val,user_attrs_r2_mean_val,user_attrs_r2_samperror_val,user_attrs_r2_std_val,user_attrs_r2_t_critical_val,user_attrs_regressor_final,user_attrs_rfe_estimator,user_attrs_rfe_n_features,user_attrs_rfe_selected_features,user_attrs_rho_ci_lower_val,user_attrs_rho_ci_upper_val,user_attrs_rho_df_val,user_attrs_rho_mean_val,user_attrs_rho_samperror_val,user_attrs_rho_std_val,user_attrs_rho_t_critical_val,user_attrs_rmse_ci_lower_val,user_attrs_rmse_ci_upper_val,user_attrs_rmse_df_val,user_attrs_rmse_mean_val,user_attrs_rmse_samperror_val,user_attrs_rmse_std_val,user_attrs_rmse_t_critical_val,user_attrs_termination_reason,user_attrs_trial_time_seconds,user_attrs_use_scaler_final,state
112,2.8724781974654054,2026-06-13 16:50:49.828010,2026-06-13 16:51:04.207032,0 days 00:00:14.379022,17,log2,3,9,438,ExtraTreesRegressor,5,False,-0.020549929890656987,-0.010131640040028447,98.0,-0.015340784965342717,0.005209144925314269,0.02611800837035722,1.9844674545084815,2.8454099396427543,2.8995464552880565,98.0,2.8724781974654054,0.027068257822651143,0.13571689682646682,1.9844674545084815,866285559779844.2,1097501762776097.5,98.0,981893661277970.9,115608101498126.61,579644722099378.5,1.9844674545084815,8.427588681304503,8.841828953468955,98.0,8.634708817386729,0.2071201360822265,1.0384747449772205,1.9844674545084815,2.5567381449519284,2.640990324033879,98.0,2.5988642344929036,0.042126089540975256,0.2112150026571263,1.9844674545084815,99.0,0.7373737373737373,-0.04496051575183417,-0.026167943313069538,98.0,-0.035564229532451856,0.009396286219382318,0.04711181693861085,1.9844674545084815,ExtraTreesRegressor,"{'mode': 'original', 'type': 'ExtraTreesRegressor'}",5,"['nodes_T6W30', 'l1_T6W30', 'lcc_T6W30', 'atd_T6W30', 'density_T6W30']",0.025839294168724245,0.06638022829988488,98.0,0.04610976123430456,0.020270467065580316,0.10163361474492605,1.9844674545084815,3.492694427237667,3.572204923866997,98.0,3.532449675552332,0.03975524831466464,0.19932789798229658,1.9844674545084815,completed,14.372406959533691,False,COMPLETE
113,2.912172972892599,2026-06-13 16:51:04.216370,2026-06-13 16:51:07.807621,0 days 00:00:03.591251,6,sqrt,1,9,86,ExtraTreesRegressor,9,True,-0.035570602457588946,-0.022897960581664937,98.0,-0.029234281519626943,0.006336320937962005,0.03176952948472194,1.9844674545084815,2.881404840990031,2.942941104795167,98.0,2.912172972892599,0.03076813190256795,0.1542676078498705,1.9844674545084815,858507125733436.4,1088867248535948.4,98.0,973687187134692.4,115180061401255.97,577498581995157.6,1.9844674545084815,8.429170821921362,8.851563984656371,98.0,8.640367403288867,0.21119658136750394,1.0589135374486653,1.9844674545084815,2.534459499891464,2.620518511612089,98.0,2.5774890057517763,0.04302950586031234,0.21574462034460878,1.9844674545084815,99.0,0.7575757575757576,-0.061383925487517386,-0.038746638918675365,98.0,-0.050065282203096376,0.011318643284421009,0.05675027749890459,1.9844674545084815,ExtraTreesRegressor,"{'mode': 'original', 'type': 'ExtraTreesRegressor'}",9,"['nodes_T6W30', 'l1_T6W30', 'l2_T6W30', 'l3_T6W30', 'lcc_T6W30', 'atd_T6W30', 'density_T6W30', 'diameter_T6W30', 'asp_T6W30']",-0.005620838062637672,0.04089483097313823,98.0,0.017636996455250277,0.02325783451788795,0.11661190566279607,1.9844674545084815,3.514777943723982,3.599170791927734,98.0,3.556974367825858,0.04219642410187613,0.21156765144626005,1.9844674545084815,completed,3.5832431316375732,True,COMPLETE
114,2.9257056864319275,2026-06-13 16:51:07.816869,2026-06-13 16:51:10.227593,0 days 00:00:02.410724,12,,5,4,355,ExtraTreesRegressor,12,True,,,,,,,,,,,,,,,,,,,,,,,,,,,,,,,,,,,,,,,,,,,,,ExtraTreesRegressor,"{'mode': 'original', 'type': 'ExtraTreesRegressor'}",12,"['nodes_T6W30', 're_T6W30', 'pe_T6W30', 'l1_T6W30', 'l2_T6W30', 'l3_T6W30', 'lcc_T6W30', 'lsc_T6W30', 'atd_T6W30', 'density_T6W30', 'diameter_T6W30', 'asp_T6W30']",,,,,,,,,,,,,,,pruned,,True,PRUNED
115,2.851364074180715,2026-06-13 16:51:10.233725,2026-06-13 16:51:21.762541,0 days 00:00:11.528816,14,log2,4,8,364,ExtraTreesRegressor,2,False,-0.011254260353373041,-0.00437374403057697,98.0,-0.007814002191975006,0.003440258161398036,0.017249028918150666,1.9844674545084815,2.825947139222482,2.876781009138948,98.0,2.851364074180715,0.025416934958232825,0.12743736822563068,1.9844674545084815,873668939371505.1,1109913005883163.1,98.0,991790972627334.1,118122033255829.0,592249265000671.8,1.9844674545084815,8.221547923103694,8.618292703820137,98.0,8.419920313461915,0.19837239035822207,0.9946146298686893,1.9844674545084815,2.5195849558593544,2.5768972007813584,98.0,2.5482410783203564,0.028656122461002145,0.1436782537305356,1.9844674545084815,99.0,0.3838383838383838,-0.005353787438710821,0.0047279931488201565,98.0,-0.00031289714494533234,0.005040890293765489,0.02527440045808987,1.9844674545084815,ExtraTreesRegressor,"{'mode': 'original', 'type': 'ExtraTreesRegressor'}",2,"['nodes_T6W30', 'density_T6W30']",0.07791180349708239,0.11918606720519916,98.0,0.09854893535114077,0.020637131854058383,0.1034720266439783,1.9844674545084815,3.4341300615948738,3.511770789198474,98.0,3.472950425396674,0.0388203638018001,0.19464050266456312,1.9844674545084815,completed,11.522490739822388,False,COMPLETE
116,2.8596300156067884,2026-06-13 16:51:21.770602,2026-06-13 16:51:28.645859,0 days 00:00:06.875257,16,sqrt,5,3,201,ExtraTreesRegressor,5,True,-0.015286102021235377,-0.006234601207041858,98.0,-0.010760351614138618,0.00452575040709676,0.022691552780626373,1.9844674545084815,2.833115900453754,2.886144130759823,98.0,2.8596300156067884,0.026514115153034524,0.13293849401930247,1.9844674545084815,865310279978674.5,1098676239292697.5,98.0,981993259635686.0,116682979657011.48,585034028243356.8,1.9844674545084815,8.299699055668784,8.717462434498822,98.0,8.508580745083803,0.20888168941501906,1.0473069555127972,1.9844674545084815,2.5487466356489263,2.624229856609635,98.0,2.5864882461292806,0.037741610480354196,0.1892317669347974,1.9844674545084815,99.0,0.5959595959595959,-0.022179449937374245,-0.007085580061232515,98.0,-0.014632514999303379,0.007546934938070864,0.037839398348316136,1.9844674545084815,ExtraTreesRegressor,"{'mode': 'original', 'type': 'ExtraTreesRegressor'}",5,"['nodes_T6W30', 'lcc_T6W30', 'atd_T6W30', 'density_T6W30', 'asp_T6W30']",0.04003309469075166,0.08028448454875484,98.0,0.060158789619753246,0.020125694929001584,0.10090774515804184,1.9844674545084815,3.457782916239656,3.5365084882078697,98.0,3.497145702223763,0.039362785984106835,0.1973601403979863,1.9844674545084815,completed,6.868011951446533,True,COMPLETE
117,2.870267522639452,2026-06-13 16:51:28.654692,2026-06-13 16:51:39.992449,0 days 00:00:11.337757,6,sqrt,3,8,334,ExtraTreesRegressor,8,False,-0.019749526251686633,-0.009260646670295969,98.0,-0.014505086460991301,0.005244439790695331,0.026294972459986108,1.9844674545084815,2.8424703162459877,2.898064729032916,98.0,2.870267522639452,0.027797206393463968,0.13937175480162683,1.9844674545084815,864569081561025.5,1096802943976573.0,98.0,980686012768799.2,116116931207773.7,582195931329720.1,1.9844674545084815,8.321899158087577,8.709868550756132,98.0,8.515883854421855,0.1939846963342783,0.9726152747178983,1.9844674545084815,2.5152755045516115,2.5971134568060097,98.0,2.5561944806788106,0.04091897612719904,0.20516268530043927,1.9844674545084815,99.0,0.6161616161616161,-0.028292527061569515,-0.010656832320674239,98.0,-0.019474679691121877,0.008817847370447638,0.04421159609338176,1.9844674545084815,ExtraTreesRegressor,"{'mode': 'original', 'type': 'ExtraTreesRegressor'}",8,"['nodes_T6W30', 'l1_T6W30', 'l3_T6W30', 'lcc_T6W30', 'atd_T6W30', 'density_T6W30', 'diameter_T6W30', 'asp_T6W30']",0.03310549941048245,0.07765533360854689,98.0,0.05538041650951467,0.02227491709903222,0.11168367929529968,1.9844674545084815,3.465150343290131,3.545360427967754,98.0,3.5052553856289426,0.040105042338811514,0.2010817219556271,1.9844674545084815,completed,11.32693099975586,False,COMPLETE
118,2.887168515751974,2026-06-13 16:51:40.003654,2026-06-13 16:51:51.668632,0 days 00:00:11.664978,19,sqrt,5,3,335,ExtraTreesRegressor,10,True,-0.025593074642235272,-0.015274653102409698,98.0,-0.020433863872322485,0.005159210769912786,0.02586764469120426,1.9844674545084815,2.858830990728785,2.915506040775163,98.0,2.887168515751974,0.028337525023188793,0.14208084558257905,1.9844674545084815,867755152788015.4,1100405741239200.4,98.0,984080447013607.9,116325294225592.47,583240637730000.5,1.9844674545084815,8.365041482065934,8.774720650514073,98.0,8.569881066290003,0.2048395842240694,1.0270403400270092,1.9844674545084815,2.5465230498796707,2.6291854617455295,98.0,2.5878542558126,0.04133120593292956,0.20722955456035544,1.9844674545084815,99.0,0.696969696969697,-0.03772056353495296,-0.020559755938983633,98.0,-0.029140159736968298,0.008580403797984663,0.04302108338889958,1.9844674545084815,ExtraTreesRegressor,"{'mode': 'original', 'type': 'ExtraTreesRegressor'}",10,"['nodes_T6W30', 're_T6W30', 'l1_T6W30', 'l2_T6W30', 'l3_T6W30', 'lcc_T6W30', 'atd_T6W30', 'density_T6W30', 'diameter_T6W30', 'asp_T6W30']",0.0033097078197379497,0.0481331276005673,98.0,0.025721417710152628,0.022411709890414678,0.11236954143228292,1.9844674545084815,3.481320973127419,3.562789644225626,98.0,3.5220553086765225,0.040734335549103606,0.20423692027885787,1.9844674545084815,completed,11.65689992904663,True,COMPLETE
119,2.849694728331058,2026-06-13 16:51:51.681741,2026-06-13 16:51:59.076870,0 days 00:00:07.395129,13,sqrt,5,2,205,ExtraTreesRegressor,3,False,-0.010389173122513664,-0.0040195185277372494,98.0,-0.007204345825125457,0.0031848272973882073,0.015968330158583368,1.9844674545084815,2.824287825753019,2.8751016309090973,98.0,2.849694728331058,0.02540690257803943,0.12738706711218067,1.9844674545084815,876569285500327.4,1113332589154944.1,98.0,994950937327635.8,118381651827308.34,593550960407541.0,1.9844674545084815,8.187893541996036,8.566307991266683,98.0,8.37710076663136,0.18920722463532388,0.9486616225136627,1.9844674545084815,2.5111064158364895,2.5664773752366346,98.0,2.538791895536562,0.027685479700072492,0.13881157097970814,1.9844674545084815,99.0,0.30303030303030304,0.0006429460038433598,0.009053419446099161,98.0,0.0048481827249712605,0.004205236721127901,0.021084536801426357,1.9844674545084815,ExtraTreesRegressor,"{'mode': 'original', 'type': 'ExtraTreesRegressor'}",3,"['nodes_T6W30', 'atd_T6W30', 'density_T6W30']",0.09440898496429853,0.1386684767368183,98.0,0.11653873085055842,0.022129745886259884,0.11095580878973987,1.9844674545084815,3.4254657997374345,3.5027924749886132,98.0,3.464129137363024,0.038663337625589385,0.1938531928385864,1.9844674545084815,completed,7.385154962539673,False,COMPLETE
120,2.897447914972868,2026-06-13 16:51:59.089013,2026-06-13 16:52:02.193186,0 days 00:00:03.104173,8,sqrt,4,7,59,ExtraTreesRegressor,13,True,-0.029462361508451464,-0.01873926618103935,98.0,-0.024100813844745408,0.0053615476637060575,0.0268821368509527,1.9844674545084815,2.8691559146200696,2.925739915325666,98.0,2.897447914972868,0.028292000352798156,0.14185259051589003,1.9844674545084815,873483739067095.6,1108508579992727.6,98.0,990996159529911.6,117512420462816.05,589192741855536.1,1.9844674545084815,8.393220864571237,8.800623156955321,98.0,8.59692201076328,0.2037011461920413,1.021332352540397,1.9844674545084815,2.526408405705928,2.6101912832527376,98.0,2.568299844479333,0.041891438773404704,0.21003849273095093,1.9844674545084815,99.0,0.797979797979798,-0.0470396584478241,-0.029153217892155935,98.0,-0.03809643816999002,0.008943220277834084,0.044840200344460006,1.9844674545084815,ExtraTreesRegressor,"{'mode': 'original', 'type': 'ExtraTreesRegressor'}",13,"['nodes_T6W30', 'edges_T6W30', 're_T6W30', 'pe_T6W30', 'l1_T6W30', 'l2_T6W30', 'l3_T6W30', 'lcc_T6W30', 'lsc_T6W30', 'atd_T6W30', 'density_T6W30', 'diameter_T6W30', 'asp_T6W30']",-0.01366845859526352,0.03128365001585849,98.0,0.008807595710297485,0.022476054305561006,0.1126921563714855,1.9844674545084815,3.4963028980156836,3.5782292134192386,98.0,3.537266055717461,0.0409631577017777,0.20538420625084583,1.9844674545084815,completed,3.0939629077911377,True,COMPLETE
121,2.889719938758887,2026-06-13 16:52:02.206221,2026-06-13 16:52:07.405771,0 days 00:00:05.199550,17,log2,2,9,123,ExtraTreesRegressor,5,False,-0.02724543755512492,-0.015597109815550608,98.0,-0.021421273685337763,0.005824163869787156,0.029201637290261387,1.9844674545084815,2.8614295714838343,2.9180103060339397,98.0,2.889719938758887,0.028290367275052908,0.1418444024660601,1.9844674545084815,867125456620078.1,1098679992214822.1,98.0,982902724417450.1,115777267797372.02,580492901000718.5,1.9844674545084815,8.507417013762907,8.915735187662744,98.0,8.711576100712826,0.20415908694991727,1.023628410860681,1.9844674545084815,2.583880064131053,2.6773260512761397,98.0,2.6306030577035964,0.046722993572543295,0.23426331091032382,1.9844674545084815,99.0,0.8282828282828283,-0.060574426155781756,-0.038735996058847345,98.0,-0.04965521110731455,0.010919215048467204,0.054747593726506165,1.9844674545084815,ExtraTreesRegressor,"{'mode': 'original', 'type': 'ExtraTreesRegressor'}",5,"['nodes_T6W30', 'l1_T6W30', 'atd_T6W30', 'density_T6W30', 'asp_T6W30']",0.015419182162181102,0.055711787335701854,98.0,0.03556548474894148,0.020146302586760378,0.10101106940521762,1.9844674545084815,3.5155487687527853,3.5963705339377987,98.0,3.555959651345292,0.04041088259250662,0.20261516716026767,1.9844674545084815,completed,5.191284894943237,False,COMPLETE
122,2.938395879075691,2026-06-13 16:52:07.414256,2026-06-13 16:52:17.850405,0 days 00:00:10.436149,19,,4,6,244,ExtraTreesRegressor,6,True,-0.045840410299556676,-0.030988984677624738,98.0,-0.03841469748859071,0.007425712810965969,0.03723160559618664,1.9844674545084815,2.904675091462931,2.9721166666884513,98.0,2.938395879075691,0.03372078761276001,0.1690718583860421,1.9844674545084815,873406534943681.2,1107248694458126.2,98.0,990327614700903.8,116921079757222.55,586227832696766.2,1.9844674545084815,8.671335811512108,9.078228398435407,98.0,8.874782104973757,0.20344629346164844,1.0200545524712796,1.9844674545084815,2.5932417871702578,2.6978196401425008,98.0,2.6455307136563793,0.05228892648612157,0.26217021012505703,1.9844674545084815,99.0,0.8787878787878788,-0.08883657732744389,-0.06285187055750559,98.0,-0.07584422394247474,0.012992353384969154,0.06514205293276441,1.9844674545084815,ExtraTreesRegressor,"{'mode': 'original', 'type': 'ExtraTreesRegressor'}",6,"['l1_T6W30', 'l2_T6W30', 'l3_T6W30', 'atd_T6W30', 'density_T6W30', 'asp_T6W30']",-0.013313618096172253,0.03299717415789642,98.0,0.009841778030862086,0.02315539612703434,0.11609829224099268,1.9844674545084815,3.5561429320692652,3.643998171167571,98.0,3.600070551618418,0.043927619549152724,0.22024765129862864,1.9844674545084815,completed,10.429639101028442,True,COMPLETE
123,2.8441597628753215,2026-06-13 16:52:17.859749,2026-06-13 16:52:23.252132,0 days 00:00:05.392383,2,,2,9,146,ExtraTreesRegressor,4,True,-0.010251461791397628,-0.0002830294078955938,98.0,-0.00526724559964661,0.004984216191751017,0.02499024352023943,1.9844674545084815,2.8167734999371885,2.8715460258134544,98.0,2.8441597628753215,0.02738626293813315,0.13731133514351446,1.9844674545084815,856387622674307.8,1087247067810099.5,98.0,971817345242203.6,115429722567895.84,578750352205728.2,1.9844674545084815,8.225352423954229,8.654101047534303,98.0,8.439726735744266,0.21437431179003744,1.0748462847544935,1.9844674545084815,2.4894126480577423,2.564890545749458,98.0,2.5271515969036003,0.037738948845857836,0.18921842182863288,1.9844674545084815,99.0,0.3838383838383838,-0.006921093548212808,0.009620426770983962,98.0,0.001349666611385577,0.008270760159598385,0.041468568483833325,1.9844674545084815,ExtraTreesRegressor,"{'mode': 'original', 'type': 'ExtraTreesRegressor'}",4,"['nodes_T6W30', 'atd_T6W30', 'density_T6W30', 'asp_T6W30']",0.12533562931629028,0.17405729296422978,98.0,0.14969646114026003,0.02436083182396975,0.12214219773294575,1.9844674545084815,3.42907374225488,3.510205633743315,98.0,3.4696396879990976,0.040565945744217353,0.20339263462419516,1.9844674545084815,completed,5.385068893432617,True,COMPLETE
124,2.915693812922904,2026-06-13 16:52:23.260639,2026-06-13 16:52:26.097493,0 days 00:00:02.836854,18,,4,10,397,ExtraTreesRegressor,9,True,,,,,,,,,,,,,,,,,,,,,,,,,,,,,,,,,,,,,,,,,,,,,ExtraTreesRegressor,"{'mode': 'original', 'type': 'ExtraTreesRegressor'}",9,"['nodes_T6W30', 're_T6W30', 'l1_T6W30', 'l2_T6W30', 'l3_T6W30', 'lsc_T6W30', 'atd_T6W30', 'density_T6W30', 'asp_T6W30']",,,,,,,,,,,,,,,pruned,,True,PRUNED
125,2.8646855974909267,2026-06-13 16:52:26.106654,2026-06-13 16:52:30.398213,0 days 00:00:04.291559,4,log2,3,9,102,ExtraTreesRegressor,8,True,-0.017999463469390416,-0.007065802262101243,98.0,-0.01253263286574583,0.005466830603644586,0.02741001249004417,1.9844674545084815,2.8365919131291584,2.892779281852695,98.0,2.8646855974909267,0.028093684361768383,0.1408582586652785,1.9844674545084815,861442792565788.0,1092678928839727.0,98.0,977060860702757.5,115618068136969.47,579694693593828.0,1.9844674545084815,8.281401253057517,8.676508804651036,98.0,8.478955028854276,0.1975537757967598,0.9905101977066149,1.9844674545084815,2.493415922334103,2.572749749219321,98.0,2.533082835776712,0.039666913442609,0.19888499785937397,1.9844674545084815,99.0,0.5555555555555556,-0.025021040165002166,-0.0066726798007585245,98.0,-0.015846859982880344,0.00917418018212182,0.045998204738634176,1.9844674545084815,ExtraTreesRegressor,"{'mode': 'original', 'type': 'ExtraTreesRegressor'}",8,"['nodes_T6W30', 'l1_T6W30', 'l3_T6W30', 'lcc_T6W30', 'atd_T6W30', 'density_T6W30', 'diameter_T6W30', 'asp_T6W30']",0.05671091157460288,0.10132602841386239,98.0,0.07901846999423263,0.022307558419629753,0.1118473388395836,1.9844674545084815,3.4584018409136417,3.53966426464179,98.0,3.499033052777716,0.04063121186407419,0.20371987087681656,1.9844674545084815,completed,4.282649040222168,True,COMPLETE
126,2.945443963087033,2026-06-13 16:52:30.410114,2026-06-13 16:52:32.236835,0 days 00:00:01.826721,10,,1,2,189,ExtraTreesRegressor,5,False,,,,,,,,,,,,,,,,,,,,,,,,,,,,,,,,,,,,,,,,,,,,,ExtraTreesRegressor,"{'mode': 'original', 'type': 'ExtraTreesRegressor'}",5,"['l1_T6W30', 'l2_T6W30', 'l3_T6W30', 'density_T6W30', 'asp_T6W30']",,,,,,,,,,,,,,,pruned,,False,PRUNED
127,2.849974158256551,2026-06-13 16:52:32.245491,2026-06-13 16:52:45.372187,0 days 00:00:13.126696,2,log2,1,7,401,ExtraTreesRegressor,7,False,-0.011102879691376619,-0.00347960364837742,98.0,-0.007291241669877019,0.003811638021499599,0.019111081603146667,1.9844674545084815,2.8237032012468077,2.8762451152662942,98.0,2.849974158256551,0.026270957009743155,0.13171932916348472,1.9844674545084815,868608766239275.8,1102797345624623.5,98.0,985703055931949.6,117094289692673.9,587096285889911.9,1.9844674545084815,8.15508873034958,8.53331371567332,98.0,8.34420122301145,0.18911249266187044,0.9481866481155473,1.9844674545084815,2.515215328386024,2.5899406730808248,98.0,2.5525780007334244,0.0373626723474003,0.18733181800455334,1.9844674545084815,99.0,0.3333333333333333,-0.0009126335105787984,0.010468773630921947,98.0,0.004778070060171574,0.005690703570750372,0.028532483857725083,1.9844674545084815,ExtraTreesRegressor,"{'mode': 'original', 'type': 'ExtraTreesRegressor'}",7,"['nodes_T6W30', 'l1_T6W30', 'lcc_T6W30', 'atd_T6W30', 'density_T6W30', 'diameter_T6W30', 'asp_T6W30']",0.11997744504366668,0.16703678083093204,98.0,0.14350711293729937,0.023529667893632686,0.11797484458748247,1.9844674545084815,3.4248011670944294,3.5034163668558103,98.0,3.46410876697512,0.03930759988069054,0.19708344410106626,1.9844674545084815,completed,13.116863012313843,False,COMPLETE
