number,value,datetime_start,datetime_complete,duration,params_et_max_depth,params_et_max_features,params_et_min_samples_leaf,params_et_min_samples_split,params_et_n_estimators,params_regressor,params_rfe_n_features,params_use_scaler,user_attrs_d2mae_ci_lower_val,user_attrs_d2mae_ci_upper_val,user_attrs_d2mae_df_val,user_attrs_d2mae_mean_val,user_attrs_d2mae_samperror_val,user_attrs_d2mae_std_val,user_attrs_d2mae_t_critical_val,user_attrs_mae_ci_lower_val,user_attrs_mae_ci_upper_val,user_attrs_mae_df_val,user_attrs_mae_mean_val,user_attrs_mae_samperror_val,user_attrs_mae_std_val,user_attrs_mae_t_critical_val,user_attrs_mape_ci_lower_val,user_attrs_mape_ci_upper_val,user_attrs_mape_df_val,user_attrs_mape_mean_val,user_attrs_mape_samperror_val,user_attrs_mape_std_val,user_attrs_mape_t_critical_val,user_attrs_max_error_ci_lower_val,user_attrs_max_error_ci_upper_val,user_attrs_max_error_df_val,user_attrs_max_error_mean_val,user_attrs_max_error_samperror_val,user_attrs_max_error_std_val,user_attrs_max_error_t_critical_val,user_attrs_median_ae_ci_lower_val,user_attrs_median_ae_ci_upper_val,user_attrs_median_ae_df_val,user_attrs_median_ae_mean_val,user_attrs_median_ae_samperror_val,user_attrs_median_ae_std_val,user_attrs_median_ae_t_critical_val,user_attrs_n_splits_val,user_attrs_r2_below_zero_val,user_attrs_r2_ci_lower_val,user_attrs_r2_ci_upper_val,user_attrs_r2_df_val,user_attrs_r2_mean_val,user_attrs_r2_samperror_val,user_attrs_r2_std_val,user_attrs_r2_t_critical_val,user_attrs_regressor_final,user_attrs_rfe_estimator,user_attrs_rfe_n_features,user_attrs_rfe_selected_features,user_attrs_rho_ci_lower_val,user_attrs_rho_ci_upper_val,user_attrs_rho_df_val,user_attrs_rho_mean_val,user_attrs_rho_samperror_val,user_attrs_rho_std_val,user_attrs_rho_t_critical_val,user_attrs_rmse_ci_lower_val,user_attrs_rmse_ci_upper_val,user_attrs_rmse_df_val,user_attrs_rmse_mean_val,user_attrs_rmse_samperror_val,user_attrs_rmse_std_val,user_attrs_rmse_t_critical_val,user_attrs_termination_reason,user_attrs_trial_time_seconds,user_attrs_use_scaler_final,state
161,2.8993656798142706,2026-06-13 16:56:58.210190,2026-06-13 16:57:08.055220,0 days 00:00:09.845030,8,sqrt,4,5,290,ExtraTreesRegressor,10,True,-0.030280477430398196,-0.01917968094529248,98.0,-0.02473007918784534,0.005550398242552858,0.0278290102955939,1.9844674545084815,2.870201008381287,2.9285303512472542,98.0,2.8993656798142706,0.02916467143298376,0.14622805537694517,1.9844674545084815,867790360968734.8,1101709909287198.0,98.0,984750135127966.4,116959774159231.67,586421841642581.8,1.9844674545084815,8.419347344745265,8.829661974218794,98.0,8.62450465948203,0.2051573147367648,1.0286334015196488,1.9844674545084815,2.544667689024487,2.630309324024376,98.0,2.5874885065244313,0.04282081749994464,0.21469828271702765,1.9844674545084815,99.0,0.797979797979798,-0.04932369939259174,-0.030657433762546683,98.0,-0.03999056657756921,0.00933313281502253,0.046795173580183654,1.9844674545084815,ExtraTreesRegressor,"{'mode': 'original', 'type': 'ExtraTreesRegressor'}",10,"['nodes_T6W30', 're_T6W30', 'l1_T6W30', 'l2_T6W30', 'l3_T6W30', 'lcc_T6W30', 'atd_T6W30', 'density_T6W30', 'diameter_T6W30', 'asp_T6W30']",-0.007232393151234268,0.0356611283733909,98.0,0.014214367611078318,0.021446760762312587,0.10753140585224456,1.9844674545084815,3.4991192772584996,3.581770161317277,98.0,3.5404447192878883,0.04132544202938885,0.207200655060902,1.9844674545084815,completed,9.838249921798706,True,COMPLETE
162,2.8723948073167453,2026-06-13 16:57:08.064198,2026-06-13 16:57:17.869099,0 days 00:00:09.804901,20,log2,4,3,303,ExtraTreesRegressor,7,True,-0.020044006430372997,-0.01046469336070481,98.0,-0.015254349895538904,0.004789656534834093,0.024014745464273273,1.9844674545084815,2.8452274254993375,2.899562189134153,98.0,2.8723948073167453,0.02716738181740765,0.13621389227617536,1.9844674545084815,869330389436268.0,1101112082571229.0,98.0,985221236003748.5,115890846567480.55,581062370906225.2,1.9844674545084815,8.327322959609184,8.735163092992629,98.0,8.531243026300906,0.20392006669172275,1.0224299928489509,1.9844674545084815,2.546816014448206,2.621525329896982,98.0,2.584170672172594,0.037354657724387876,0.18729163367604548,1.9844674545084815,99.0,0.6262626262626263,-0.02916532005406449,-0.012935043568686055,98.0,-0.021050181811375274,0.008115138242689219,0.0406882994403109,1.9844674545084815,ExtraTreesRegressor,"{'mode': 'original', 'type': 'ExtraTreesRegressor'}",7,"['nodes_T6W30', 're_T6W30', 'l1_T6W30', 'lcc_T6W30', 'atd_T6W30', 'density_T6W30', 'asp_T6W30']",0.028294965567580134,0.06950201247831875,98.0,0.048898489022949444,0.02060352345536931,0.10330351828975497,1.9844674545084815,3.4681802944725875,3.5481320429835566,98.0,3.508156168728072,0.039975874255484385,0.20043408916178282,1.9844674545084815,completed,9.798545837402344,True,COMPLETE
163,2.9754512917050246,2026-06-13 16:57:17.877651,2026-06-13 16:57:20.212271,0 days 00:00:02.334620,17,,2,12,349,ExtraTreesRegressor,13,True,,,,,,,,,,,,,,,,,,,,,,,,,,,,,,,,,,,,,,,,,,,,,ExtraTreesRegressor,"{'mode': 'original', 'type': 'ExtraTreesRegressor'}",13,"['nodes_T6W30', 'edges_T6W30', 're_T6W30', 'pe_T6W30', 'l1_T6W30', 'l2_T6W30', 'l3_T6W30', 'lcc_T6W30', 'lsc_T6W30', 'atd_T6W30', 'density_T6W30', 'diameter_T6W30', 'asp_T6W30']",,,,,,,,,,,,,,,pruned,,True,PRUNED
164,2.904109169913125,2026-06-13 16:57:20.218867,2026-06-13 16:57:29.859015,0 days 00:00:09.640148,13,log2,4,2,284,ExtraTreesRegressor,10,False,-0.03178583297184912,-0.020961201397105243,98.0,-0.026373517184477183,0.00541231578737194,0.027136681943835266,1.9844674545084815,2.8747486358484067,2.9334697039778432,98.0,2.904109169913125,0.02936053406471815,0.14721008638748964,1.9844674545084815,869642760625875.4,1103972780477190.4,98.0,986807770551532.9,117165009925657.52,587450868391167.2,1.9844674545084815,8.439002140552716,8.850679324801462,98.0,8.644840732677089,0.20583859212437242,1.0320492420783556,1.9844674545084815,2.5459886535220586,2.6360218109720868,98.0,2.5910052322470727,0.04501657872501414,0.2257075579201381,1.9844674545084815,99.0,0.8282828282828283,-0.053387298187465675,-0.0347439586813913,98.0,-0.04406562843442849,0.009321669753037188,0.04673769920518053,1.9844674545084815,ExtraTreesRegressor,"{'mode': 'original', 'type': 'ExtraTreesRegressor'}",10,"['nodes_T6W30', 're_T6W30', 'l1_T6W30', 'l2_T6W30', 'l3_T6W30', 'lcc_T6W30', 'atd_T6W30', 'density_T6W30', 'diameter_T6W30', 'asp_T6W30']",-0.01594724588615093,0.02667778425596485,98.0,0.005365269184906961,0.02131251507105789,0.10685831456026768,1.9844674545084815,3.505838462882655,3.5890590152696915,98.0,3.5474487390761733,0.04161027619351819,0.20862877833056606,1.9844674545084815,completed,9.631797075271606,False,COMPLETE
165,2.8583176968687276,2026-06-13 16:57:29.867265,2026-06-13 16:57:35.688268,0 days 00:00:05.821003,8,sqrt,5,2,168,ExtraTreesRegressor,7,False,-0.015071627907485792,-0.005561035588091919,98.0,-0.010316331747788855,0.004755296159696936,0.023842466793146316,1.9844674545084815,2.831745369837611,2.8848900238998443,98.0,2.8583176968687276,0.02657232703111659,0.13323036117615836,1.9844674545084815,870887001087394.9,1104068210218500.9,98.0,987477605652947.9,116590604565553.02,584570870960056.8,1.9844674545084815,8.260496095532455,8.65121095320365,98.0,8.455853524368052,0.1953574288355983,0.9794979856951849,1.9844674545084815,2.5369487009612883,2.6131333558819922,98.0,2.5750410284216403,0.03809232746035215,0.19099021849461084,1.9844674545084815,99.0,0.5353535353535354,-0.017562251020016205,-0.002536793831346895,98.0,-0.010049522425681549,0.007512728594334654,0.037667891971582386,1.9844674545084815,ExtraTreesRegressor,"{'mode': 'original', 'type': 'ExtraTreesRegressor'}",7,"['nodes_T6W30', 'l1_T6W30', 'lcc_T6W30', 'atd_T6W30', 'density_T6W30', 'diameter_T6W30', 'asp_T6W30']",0.05331916641825599,0.09799150675706877,98.0,0.07565533658766238,0.02233617016940639,0.1119907946141629,1.9844674545084815,3.450083517790712,3.5283296134728186,98.0,3.4892065656317652,0.03912304784105337,0.19615812300036387,1.9844674545084815,completed,5.814482927322388,False,COMPLETE
166,2.8900775258535902,2026-06-13 16:57:35.696567,2026-06-13 16:57:50.204225,0 days 00:00:14.507658,11,log2,5,12,464,ExtraTreesRegressor,11,True,-0.0266461133161878,-0.01627037592245795,98.0,-0.021458244619322876,0.005187868696864926,0.026011331992430168,1.9844674545084815,2.8616423393169335,2.918512712390247,98.0,2.8900775258535902,0.028435186536656717,0.14257050833199145,1.9844674545084815,870378826528259.1,1104434977257130.9,98.0,987406901892695.0,117028075364435.9,586764295437745.0,1.9844674545084815,8.367361969880797,8.780743664027355,98.0,8.574052816954076,0.20669084707327834,1.0363223429823125,1.9844674545084815,2.5367790492755145,2.6151318028637345,98.0,2.5759554260696245,0.03917637679410993,0.196425507775079,1.9844674545084815,99.0,0.7171717171717171,-0.038940981716830504,-0.021409250445683613,98.0,-0.03017511608125706,0.008765865635573446,0.04395096610400439,1.9844674545084815,ExtraTreesRegressor,"{'mode': 'original', 'type': 'ExtraTreesRegressor'}",11,"['nodes_T6W30', 're_T6W30', 'pe_T6W30', 'l1_T6W30', 'l2_T6W30', 'l3_T6W30', 'lcc_T6W30', 'atd_T6W30', 'density_T6W30', 'diameter_T6W30', 'asp_T6W30']",0.001271435447715956,0.04614937757841107,98.0,0.02371040651306351,0.022438971065347556,0.11250622559163942,1.9844674545084815,3.482959743018159,3.564631765201602,98.0,3.5237957541098806,0.0408360110917213,0.20474670887395816,1.9844674545084815,completed,14.501451015472412,True,COMPLETE
167,2.8942315003866548,2026-06-13 16:57:50.212749,2026-06-13 16:57:52.791705,0 days 00:00:02.578956,17,log2,2,10,441,ExtraTreesRegressor,10,False,,,,,,,,,,,,,,,,,,,,,,,,,,,,,,,,,,,,,,,,,,,,,ExtraTreesRegressor,"{'mode': 'original', 'type': 'ExtraTreesRegressor'}",10,"['nodes_T6W30', 're_T6W30', 'l1_T6W30', 'l2_T6W30', 'l3_T6W30', 'lcc_T6W30', 'atd_T6W30', 'density_T6W30', 'diameter_T6W30', 'asp_T6W30']",,,,,,,,,,,,,,,pruned,,False,PRUNED
168,2.8912519292625394,2026-06-13 16:57:52.797574,2026-06-13 16:58:03.728455,0 days 00:00:10.930881,17,sqrt,5,3,339,ExtraTreesRegressor,11,False,-0.02706954088546112,-0.01664117717746032,98.0,-0.02185535903146072,0.005214181854000399,0.02614326290780461,1.9844674545084815,2.86256200021885,2.919941858306229,98.0,2.8912519292625394,0.028689929043689676,0.1438477557548151,1.9844674545084815,870619960619355.4,1104689354897601.6,98.0,987654657758478.5,117034697139123.12,586797496197022.6,1.9844674545084815,8.36821494691503,8.779370156741644,98.0,8.573792551828337,0.2055776049133076,1.030740684481883,1.9844674545084815,2.540949386136239,2.6199593726678065,98.0,2.5804543794020227,0.039504993265783626,0.19807315011962234,1.9844674545084815,99.0,0.7070707070707071,-0.04009214542501688,-0.022324562951806064,98.0,-0.03120835418841147,0.008883791236605407,0.04454223048213001,1.9844674545084815,ExtraTreesRegressor,"{'mode': 'original', 'type': 'ExtraTreesRegressor'}",11,"['nodes_T6W30', 're_T6W30', 'pe_T6W30', 'l1_T6W30', 'l2_T6W30', 'l3_T6W30', 'lcc_T6W30', 'atd_T6W30', 'density_T6W30', 'diameter_T6W30', 'asp_T6W30']",0.0006097656634379799,0.04664656732429126,98.0,0.02362816649386462,0.02301840083042664,0.11541141476785659,1.9844674545084815,3.484510204144448,3.5666597591396667,98.0,3.5255849816420572,0.04107477749760928,0.20594385410162064,1.9844674545084815,completed,10.924717903137207,False,COMPLETE
169,2.9075680385370313,2026-06-13 16:58:03.737064,2026-06-13 16:58:11.792412,0 days 00:00:08.055348,4,,1,6,229,ExtraTreesRegressor,8,False,-0.03460940051030036,-0.020700222177633495,98.0,-0.02765481134396693,0.006954589166333435,0.034869449912210665,1.9844674545084815,2.876317794778371,2.9388182822956916,98.0,2.9075680385370313,0.03125024375866043,0.1566848570670464,1.9844674545084815,851880101981656.1,1079875678769547.1,98.0,965877890375601.6,113997788393945.52,571570811364142.0,1.9844674545084815,8.435037288015616,8.863781330133131,98.0,8.649409309074374,0.21437202105875658,1.0748347993111769,1.9844674545084815,2.510605351617482,2.6019587810361515,98.0,2.556282066326817,0.04567671470933463,0.2290173980976057,1.9844674545084815,99.0,0.7171717171717171,-0.06183701588423819,-0.03606376736709352,98.0,-0.048950391625665855,0.012886624258572335,0.06461194016995699,1.9844674545084815,ExtraTreesRegressor,"{'mode': 'original', 'type': 'ExtraTreesRegressor'}",8,"['nodes_T6W30', 'l1_T6W30', 'l3_T6W30', 'lcc_T6W30', 'atd_T6W30', 'density_T6W30', 'diameter_T6W30', 'asp_T6W30']",0.01272357789073032,0.06097161384321671,98.0,0.03684759586697352,0.0241240179762432,0.12095484239040545,1.9844674545084815,3.5116831286335524,3.5974304221212385,98.0,3.5545567753773955,0.04287364674384325,0.2149631620118306,1.9844674545084815,completed,8.04939317703247,False,COMPLETE
170,2.9317886678799367,2026-06-13 16:58:11.801116,2026-06-13 16:58:13.090888,0 days 00:00:01.289772,11,sqrt,1,6,190,ExtraTreesRegressor,9,True,,,,,,,,,,,,,,,,,,,,,,,,,,,,,,,,,,,,,,,,,,,,,ExtraTreesRegressor,"{'mode': 'original', 'type': 'ExtraTreesRegressor'}",9,"['nodes_T6W30', 'l1_T6W30', 'l2_T6W30', 'l3_T6W30', 'lcc_T6W30', 'atd_T6W30', 'density_T6W30', 'diameter_T6W30', 'asp_T6W30']",,,,,,,,,,,,,,,pruned,,True,PRUNED
171,2.8848851685204617,2026-06-13 16:58:13.096711,2026-06-13 16:58:26.962072,0 days 00:00:13.865361,10,,5,2,402,ExtraTreesRegressor,4,True,-0.026114941376829952,-0.013364594457087597,98.0,-0.019739767916958775,0.006375173459871177,0.03196433122415944,1.9844674545084815,2.8560337193265664,2.913736617714357,98.0,2.8848851685204617,0.02885144919389533,0.1446575978105721,1.9844674545084815,859383319991519.5,1087707805501695.0,98.0,973545562746607.2,114162242755087.77,572395365190621.6,1.9844674545084815,8.540407252967983,8.962954588724218,98.0,8.7516809208461,0.21127366787811697,1.0593000396785512,1.9844674545084815,2.5957362522926397,2.6919631840020317,98.0,2.6438497181473357,0.04811346585469618,0.24123496695458865,1.9844674545084815,99.0,0.8282828282828283,-0.0637358526172098,-0.040517175822971443,98.0,-0.052126514220090625,0.01160933839711918,0.05820778683979027,1.9844674545084815,ExtraTreesRegressor,"{'mode': 'original', 'type': 'ExtraTreesRegressor'}",4,"['nodes_T6W30', 'l1_T6W30', 'atd_T6W30', 'density_T6W30']",0.03337377955021525,0.07148691828030787,98.0,0.05243034891526156,0.019056569365046315,0.09554728181353968,1.9844674545084815,3.519239783534866,3.600564311446502,98.0,3.559902047490684,0.04066226395581794,0.20387556222418898,1.9844674545084815,completed,13.85869574546814,True,COMPLETE
172,2.8640225872964953,2026-06-13 16:58:26.970841,2026-06-13 16:58:33.182335,0 days 00:00:06.211494,3,log2,1,9,186,ExtraTreesRegressor,9,True,-0.01705555668674251,-0.007431696042932878,98.0,-0.012243626364837694,0.004811930321904815,0.02412642347774639,1.9844674545084815,2.8362076722298952,2.8918375023630953,98.0,2.8640225872964953,0.027814915066600145,0.13946054389846133,1.9844674545084815,860395858309712.2,1092144723377285.5,98.0,976270290843498.9,115874432533786.62,580980072971428.8,1.9844674545084815,8.220386662478274,8.612785878965793,98.0,8.416586270722034,0.19619960824375973,0.9837205690840268,1.9844674545084815,2.5124870413946616,2.5855572988789883,98.0,2.549022170136825,0.036535128742163574,0.18318261672136874,1.9844674545084815,99.0,0.494949494949495,-0.017266692444314814,-0.0014323729445461768,98.0,-0.009349532694430496,0.00791715974988432,0.03969565976405596,1.9844674545084815,ExtraTreesRegressor,"{'mode': 'original', 'type': 'ExtraTreesRegressor'}",9,"['nodes_T6W30', 're_T6W30', 'l1_T6W30', 'l3_T6W30', 'lcc_T6W30', 'atd_T6W30', 'density_T6W30', 'diameter_T6W30', 'asp_T6W30']",0.0798183778296949,0.12758372334666562,98.0,0.10370105058818027,0.023882672758485365,0.11974476731898392,1.9844674545084815,3.4476205360619465,3.528971789562749,98.0,3.4882961628123477,0.040675626750401365,0.20394256162347332,1.9844674545084815,completed,6.204339981079102,True,COMPLETE
173,2.8560018084228322,2026-06-13 16:58:33.191623,2026-06-13 16:58:42.547126,0 days 00:00:09.355503,10,sqrt,5,3,287,ExtraTreesRegressor,6,False,-0.014182266762647184,-0.0048197826523433095,98.0,-0.009501024707495247,0.004681242055151937,0.023471168672226997,1.9844674545084815,2.8296119013071444,2.88239171553852,98.0,2.8560018084228322,0.02638990711568772,0.13231573028252783,1.9844674545084815,868907447821027.1,1101127142862988.1,98.0,985017295342007.6,116109847520980.52,582160414600274.1,1.9844674545084815,8.272750859118139,8.674518350895164,98.0,8.473634605006652,0.2008837458885137,1.007206255884382,1.9844674545084815,2.5441144134234954,2.6185376750802996,98.0,2.5813260442518975,0.03721163082840219,0.18657451450963738,1.9844674545084815,99.0,0.5656565656565656,-0.01812129307155774,-0.0031729745384197552,98.0,-0.010647133804988747,0.007474159266568992,0.03747451013255401,1.9844674545084815,ExtraTreesRegressor,"{'mode': 'original', 'type': 'ExtraTreesRegressor'}",6,"['nodes_T6W30', 'l1_T6W30', 'lcc_T6W30', 'atd_T6W30', 'density_T6W30', 'asp_T6W30']",0.04976311835671621,0.09164220201576151,98.0,0.07070266018623886,0.02093954182952265,0.1049882728578382,1.9844674545084815,3.451274589711876,3.5291024007985263,98.0,3.490188495255201,0.0389139055433253,0.1951095093870024,1.9844674545084815,completed,9.349076986312866,False,COMPLETE
174,2.839442803127495,2026-06-13 16:58:42.555845,2026-06-13 16:58:54.704072,0 days 00:00:12.148227,2,,3,6,396,ExtraTreesRegressor,3,True,-0.00823305555299682,0.0010411566020517866,98.0,-0.0035959494754725166,0.004637106077524303,0.02324987633929331,1.9844674545084815,2.812548913458402,2.8663366927965885,98.0,2.839442803127495,0.026893889669093514,0.13484263647098876,1.9844674545084815,857322840171854.2,1089150311342969.2,98.0,973236575757411.8,115913735585557.56,581177133611870.0,1.9844674545084815,8.221032807471168,8.647681474903301,98.0,8.434357141187235,0.21332433371606613,1.0695818245565427,1.9844674545084815,2.4772534920353944,2.5533566845183535,98.0,2.515305088276874,0.038051596241479496,0.1907859972009622,1.9844674545084815,99.0,0.36363636363636365,-0.0032382341923032744,0.01185498382241228,98.0,0.004308374815054503,0.007546609007357778,0.03783776417203297,1.9844674545084815,ExtraTreesRegressor,"{'mode': 'original', 'type': 'ExtraTreesRegressor'}",3,"['nodes_T6W30', 'atd_T6W30', 'density_T6W30']",0.12444997759943842,0.17242261971002715,98.0,0.1484362986547328,0.023986321055294368,0.12026444705960228,1.9844674545084815,3.424178370072275,3.5053419892845397,98.0,3.4647601796784073,0.04058180960613252,0.2034721740657402,1.9844674545084815,completed,12.141995906829834,True,COMPLETE
175,2.864558234360192,2026-06-13 16:58:54.712534,2026-06-13 16:58:57.363643,0 days 00:00:02.651109,6,sqrt,5,12,55,ExtraTreesRegressor,8,True,-0.01678037137959752,-0.008112132087979899,98.0,-0.012446251733788709,0.00433411964580881,0.021730739845087884,1.9844674545084815,2.8375775295566332,2.8915389391637505,98.0,2.864558234360192,0.026980704803558544,0.13527791681759854,1.9844674545084815,872762676955174.2,1107167933023316.0,98.0,989965304989245.1,117202628034070.92,587639480934013.5,1.9844674545084815,8.214868386602912,8.624925110706407,98.0,8.41989674865466,0.20502836205174693,1.0279868487062858,1.9844674545084815,2.5576411260398557,2.636967239607945,98.0,2.5973041828239003,0.03966305678404469,0.19886566105033746,1.9844674545084815,99.0,0.494949494949495,-0.013458057667880104,0.0005060475685060425,98.0,-0.0064760050496870305,0.006982052618193073,0.03500714826305961,1.9844674545084815,ExtraTreesRegressor,"{'mode': 'original', 'type': 'ExtraTreesRegressor'}",8,"['nodes_T6W30', 're_T6W30', 'l1_T6W30', 'l2_T6W30', 'atd_T6W30', 'density_T6W30', 'diameter_T6W30', 'asp_T6W30']",0.04832423347412844,0.09472105467843243,98.0,0.07152264407628044,0.023198410602151998,0.11631396149905267,1.9844674545084815,3.44375504796398,3.522901787971448,98.0,3.483328417967714,0.03957337000373399,0.19841598262663263,1.9844674545084815,completed,2.6447932720184326,True,COMPLETE
176,2.910497576614215,2026-06-13 16:58:57.371927,2026-06-13 16:59:01.231470,0 days 00:00:03.859543,11,sqrt,2,3,94,ExtraTreesRegressor,6,False,-0.035066050909625175,-0.022200795643189428,98.0,-0.0286334232764073,0.006432627633217875,0.03225239934318772,1.9844674545084815,2.879544364513689,2.9414507887147407,98.0,2.910497576614215,0.030953212100525956,0.1551955770710691,1.9844674545084815,867136724877500.6,1097708034700311.6,98.0,982422379788906.1,115285654911405.45,578028014794874.4,1.9844674545084815,8.495969235768502,8.893649529400648,98.0,8.694809382584575,0.19884014681607315,0.9969599028946085,1.9844674545084815,2.530862083078788,2.6309944930424023,98.0,2.580928288060595,0.05006620498180725,0.25102575941635413,1.9844674545084815,99.0,0.7474747474747475,-0.059004976122903695,-0.03599603019694062,98.0,-0.04750050315992216,0.011504472962981536,0.057682004523145876,1.9844674545084815,ExtraTreesRegressor,"{'mode': 'original', 'type': 'ExtraTreesRegressor'}",6,"['re_T6W30', 'l1_T6W30', 'l3_T6W30', 'atd_T6W30', 'density_T6W30', 'asp_T6W30']",0.011334293627573908,0.05753835724989777,98.0,0.034436325438735836,0.023102031811161928,0.11583073016149265,1.9844674545084815,3.5096659890156503,3.596052979662612,98.0,3.5528594843391312,0.04319349532348087,0.21656684323014844,1.9844674545084815,completed,3.853480339050293,False,COMPLETE
