number,value,datetime_start,datetime_complete,duration,params_et_max_depth,params_et_max_features,params_et_min_samples_leaf,params_et_min_samples_split,params_et_n_estimators,params_regressor,params_rfe_n_features,params_use_scaler,user_attrs_d2mae_ci_lower_val,user_attrs_d2mae_ci_upper_val,user_attrs_d2mae_df_val,user_attrs_d2mae_mean_val,user_attrs_d2mae_samperror_val,user_attrs_d2mae_std_val,user_attrs_d2mae_t_critical_val,user_attrs_mae_ci_lower_val,user_attrs_mae_ci_upper_val,user_attrs_mae_df_val,user_attrs_mae_mean_val,user_attrs_mae_samperror_val,user_attrs_mae_std_val,user_attrs_mae_t_critical_val,user_attrs_mape_ci_lower_val,user_attrs_mape_ci_upper_val,user_attrs_mape_df_val,user_attrs_mape_mean_val,user_attrs_mape_samperror_val,user_attrs_mape_std_val,user_attrs_mape_t_critical_val,user_attrs_max_error_ci_lower_val,user_attrs_max_error_ci_upper_val,user_attrs_max_error_df_val,user_attrs_max_error_mean_val,user_attrs_max_error_samperror_val,user_attrs_max_error_std_val,user_attrs_max_error_t_critical_val,user_attrs_median_ae_ci_lower_val,user_attrs_median_ae_ci_upper_val,user_attrs_median_ae_df_val,user_attrs_median_ae_mean_val,user_attrs_median_ae_samperror_val,user_attrs_median_ae_std_val,user_attrs_median_ae_t_critical_val,user_attrs_n_splits_val,user_attrs_r2_below_zero_val,user_attrs_r2_ci_lower_val,user_attrs_r2_ci_upper_val,user_attrs_r2_df_val,user_attrs_r2_mean_val,user_attrs_r2_samperror_val,user_attrs_r2_std_val,user_attrs_r2_t_critical_val,user_attrs_regressor_final,user_attrs_rfe_estimator,user_attrs_rfe_n_features,user_attrs_rfe_selected_features,user_attrs_rho_ci_lower_val,user_attrs_rho_ci_upper_val,user_attrs_rho_df_val,user_attrs_rho_mean_val,user_attrs_rho_samperror_val,user_attrs_rho_std_val,user_attrs_rho_t_critical_val,user_attrs_rmse_ci_lower_val,user_attrs_rmse_ci_upper_val,user_attrs_rmse_df_val,user_attrs_rmse_mean_val,user_attrs_rmse_samperror_val,user_attrs_rmse_std_val,user_attrs_rmse_t_critical_val,user_attrs_termination_reason,user_attrs_trial_time_seconds,user_attrs_use_scaler_final,state
314,2.910023509149657,2026-06-13 17:17:11.223209,2026-06-13 17:17:21.981493,0 days 00:00:10.758284,12,sqrt,2,4,313,ExtraTreesRegressor,7,False,-0.034460051619226696,-0.022473017068178,98.0,-0.028466534343702346,0.0059935172755243475,0.030050754320409212,1.9844674545084815,2.879714285169122,2.940332733130192,98.0,2.910023509149657,0.030309223980535076,0.15196670028812614,1.9844674545084815,870608400587626.9,1104085146646418.9,98.0,987346773617022.9,116738373029395.95,585311763761247.5,1.9844674545084815,8.563042929348734,8.970386289554755,98.0,8.766714609451745,0.203671680103011,1.0211846132144675,1.9844674545084815,2.5705136538330673,2.6574623781699303,98.0,2.6139880160014988,0.04347436216843139,0.21797507485214174,1.9844674545084815,99.0,0.8181818181818182,-0.0663760812085019,-0.044790911024910784,98.0,-0.05558349611670634,0.010792585091795561,0.05411268678578817,1.9844674545084815,ExtraTreesRegressor,"{'mode': 'original', 'type': 'ExtraTreesRegressor'}",7,"['nodes_T6W30', 'l1_T6W30', 'l2_T6W30', 'l3_T6W30', 'atd_T6W30', 'density_T6W30', 'asp_T6W30']",-0.00805154105281642,0.03433104325843415,98.0,0.013139751102808864,0.021191292155625284,0.10625051785556054,1.9844674545084815,3.5249357012681513,3.6076081165566043,98.0,3.5662719089123778,0.04133620764422638,0.2072546325221687,1.9844674545084815,completed,10.752431869506836,False,COMPLETE
315,2.8608262285520296,2026-06-13 17:17:21.989882,2026-06-13 17:17:34.351734,0 days 00:00:12.361852,10,sqrt,4,6,368,ExtraTreesRegressor,5,True,-0.016280886023610566,-0.006190077357179781,98.0,-0.011235481690395174,0.005045404333215393,0.025297033293579584,1.9844674545084815,2.8342525463082633,2.887399910795796,98.0,2.8608262285520296,0.026573682243766387,0.133237156044767,1.9844674545084815,866306663606345.6,1097199716703878.6,98.0,981753190155112.1,115446526548766.55,578834605287439.1,1.9844674545084815,8.359128615547027,8.7687242402148,98.0,8.563926427880913,0.20479781233388675,1.026830900936126,1.9844674545084815,2.540872689598373,2.6214997915619054,98.0,2.581186240580139,0.04031355098176616,0.20212715850232724,1.9844674545084815,99.0,0.6666666666666666,-0.03151058156766298,-0.014472459387781543,98.0,-0.022991520477722262,0.00851906108994072,0.042713518637846816,1.9844674545084815,ExtraTreesRegressor,"{'mode': 'original', 'type': 'ExtraTreesRegressor'}",5,"['nodes_T6W30', 'l1_T6W30', 'lcc_T6W30', 'atd_T6W30', 'density_T6W30']",0.03702982617690665,0.07737102414967825,98.0,0.057200425163292455,0.020170598986385804,0.10113288854787626,1.9844674545084815,3.4717687701387487,3.550629789833437,98.0,3.511199279986093,0.03943050984734423,0.19769969947193558,1.9844674545084815,completed,12.35472297668457,True,COMPLETE
316,2.8757803276581884,2026-06-13 17:17:34.361902,2026-06-13 17:17:41.207985,0 days 00:00:06.846083,11,sqrt,3,2,185,ExtraTreesRegressor,6,True,-0.0219587273027632,-0.011080749471902402,98.0,-0.0165197383873328,0.005438988915430399,0.027270417708895097,1.9844674545084815,2.848485489714263,2.9030751656021136,98.0,2.8757803276581884,0.027294837943925468,0.13685294153031852,1.9844674545084815,868585456697100.4,1099631454615912.4,98.0,984108455656506.4,115522998959405.97,579218028496011.4,1.9844674545084815,8.401124997593367,8.80412884121921,98.0,8.602626919406289,0.20150192181292073,1.0103057135112095,1.9844674545084815,2.558823383639125,2.638083293587975,98.0,2.59845333861355,0.03962995497442505,0.19869969267105153,1.9844674545084815,99.0,0.7171717171717171,-0.04202394265213355,-0.023041303800120053,98.0,-0.0325326232261268,0.00949131942600675,0.04758830168258811,1.9844674545084815,ExtraTreesRegressor,"{'mode': 'original', 'type': 'ExtraTreesRegressor'}",6,"['nodes_T6W30', 'l1_T6W30', 'lcc_T6W30', 'atd_T6W30', 'density_T6W30', 'asp_T6W30']",0.01826978304090881,0.06036164040755027,98.0,0.03931571172422954,0.021045928683320732,0.10552168338448555,1.9844674545084815,3.4875714094731096,3.5668555417188186,98.0,3.527213475595964,0.0396420661228544,0.1987604164713273,1.9844674545084815,completed,6.839457750320435,True,COMPLETE
317,2.902707003047334,2026-06-13 17:17:41.217692,2026-06-13 17:17:45.901149,0 days 00:00:04.683457,5,log2,1,2,121,ExtraTreesRegressor,10,True,-0.031875899205097674,-0.01979065330278306,98.0,-0.025833276253940368,0.006042622951157308,0.030296964104472062,1.9844674545084815,2.871961716658828,2.9334522894358397,98.0,2.902707003047334,0.03074528638850561,0.1541530632679746,1.9844674545084815,858624527742571.6,1089511910201127.4,98.0,974068218971849.5,115443691229277.92,578820389346205.2,1.9844674545084815,8.392352422959066,8.80759712644536,98.0,8.599974774702213,0.20762235174314764,1.0409927921852986,1.9844674545084815,2.5131463299963563,2.5944602527445513,98.0,2.553803291370454,0.04065696137409765,0.20384897573528518,1.9844674545084815,99.0,0.7272727272727273,-0.05269971201477901,-0.03071660257387411,98.0,-0.04170815729432656,0.010991554720452447,0.055110295894617856,1.9844674545084815,ExtraTreesRegressor,"{'mode': 'original', 'type': 'ExtraTreesRegressor'}",10,"['nodes_T6W30', 'pe_T6W30', 'l1_T6W30', 'l2_T6W30', 'l3_T6W30', 'lcc_T6W30', 'atd_T6W30', 'density_T6W30', 'diameter_T6W30', 'asp_T6W30']",0.01777930412038606,0.0631966457463292,98.0,0.04048797493335763,0.02270867081297157,0.11385846676882308,1.9844674545084815,3.5003461796884148,3.585961849718755,98.0,3.543154014703585,0.04280783501517024,0.21463319014408774,1.9844674545084815,completed,4.675472021102905,True,COMPLETE
318,2.917853166875123,2026-06-13 17:17:45.911149,2026-06-13 17:17:47.168937,0 days 00:00:01.257788,6,,3,7,189,ExtraTreesRegressor,11,False,,,,,,,,,,,,,,,,,,,,,,,,,,,,,,,,,,,,,,,,,,,,,ExtraTreesRegressor,"{'mode': 'original', 'type': 'ExtraTreesRegressor'}",11,"['nodes_T6W30', 're_T6W30', 'pe_T6W30', 'l1_T6W30', 'l2_T6W30', 'l3_T6W30', 'lsc_T6W30', 'atd_T6W30', 'density_T6W30', 'diameter_T6W30', 'asp_T6W30']",,,,,,,,,,,,,,,pruned,,False,PRUNED
319,2.8734344459672876,2026-06-13 17:17:47.174751,2026-06-13 17:18:02.425169,0 days 00:00:15.250418,8,sqrt,3,5,479,ExtraTreesRegressor,6,False,-0.020984573627593036,-0.010345216492601794,98.0,-0.015664895060097415,0.005319678567495621,0.02667221038106907,1.9844674545084815,2.8460216708249084,2.9008472211096668,98.0,2.8734344459672876,0.027412775142379324,0.1374442640564831,1.9844674545084815,865988713685384.0,1097176911358494.2,98.0,981582812521939.1,115594098836555.11,579574514486156.9,1.9844674545084815,8.384256398347889,8.791534881091698,98.0,8.587895639719793,0.20363924137190534,1.021021969428839,1.9844674545084815,2.5496450657184773,2.631366828988997,98.0,2.590505947353737,0.04086088163525989,0.20487140670318524,1.9844674545084815,99.0,0.6868686868686869,-0.039560609520381235,-0.020890153519885865,98.0,-0.03022538152013355,0.009335228000247685,0.04680567857976279,1.9844674545084815,ExtraTreesRegressor,"{'mode': 'original', 'type': 'ExtraTreesRegressor'}",6,"['nodes_T6W30', 'l1_T6W30', 'lcc_T6W30', 'atd_T6W30', 'density_T6W30', 'asp_T6W30']",0.021745857518209174,0.06323009357808886,98.0,0.042487975548149017,0.020742118029939843,0.10399841434479241,1.9844674545084815,3.4836196025788158,3.563109531931453,98.0,3.5233645672551344,0.03974496467631841,0.1992763370915448,1.9844674545084815,completed,15.244224071502686,False,COMPLETE
320,2.8885490616276193,2026-06-13 17:18:02.433910,2026-06-13 17:18:07.460413,0 days 00:00:05.026503,18,sqrt,5,9,137,ExtraTreesRegressor,9,True,-0.02609575517941963,-0.01581701995313913,98.0,-0.02095638756627938,0.0051393676131402475,0.02576815355741742,1.9844674545084815,2.860671040909801,2.9164270823454377,98.0,2.8885490616276193,0.027878020717818308,0.1397769478285427,1.9844674545084815,872803503297021.2,1106584827754349.5,98.0,989694165525685.4,116890662228664.19,586075322970720.4,1.9844674545084815,8.373232612432258,8.794415216861033,98.0,8.583823914646645,0.21059130221438804,1.0558787426379739,1.9844674545084815,2.5573012018257444,2.6405473738037095,98.0,2.598924287814727,0.041623085988982615,0.2086930050606646,1.9844674545084815,99.0,0.7070707070707071,-0.040096435495479546,-0.022443770666486784,98.0,-0.031270103080983165,0.008826332414496383,0.0442541390547824,1.9844674545084815,ExtraTreesRegressor,"{'mode': 'original', 'type': 'ExtraTreesRegressor'}",9,"['nodes_T6W30', 're_T6W30', 'pe_T6W30', 'l1_T6W30', 'lcc_T6W30', 'atd_T6W30', 'density_T6W30', 'diameter_T6W30', 'asp_T6W30']",0.008039804079804622,0.05224206624943141,98.0,0.030140935164618018,0.022101131084813395,0.11081233771446539,1.9844674545084815,3.4850382193285574,3.566060569462918,98.0,3.5255493943957377,0.04051117506718042,0.20311802122375985,1.9844674545084815,completed,5.020068168640137,True,COMPLETE
321,3.049738485082759,2026-06-13 17:18:07.469866,2026-06-13 17:18:08.731938,0 days 00:00:01.262072,15,,1,4,130,ExtraTreesRegressor,10,False,,,,,,,,,,,,,,,,,,,,,,,,,,,,,,,,,,,,,,,,,,,,,ExtraTreesRegressor,"{'mode': 'original', 'type': 'ExtraTreesRegressor'}",10,"['nodes_T6W30', 're_T6W30', 'pe_T6W30', 'l1_T6W30', 'l2_T6W30', 'l3_T6W30', 'lsc_T6W30', 'atd_T6W30', 'density_T6W30', 'asp_T6W30']",,,,,,,,,,,,,,,pruned,,False,PRUNED
322,2.842244675213831,2026-06-13 17:18:08.739425,2026-06-13 17:18:12.240232,0 days 00:00:03.500807,2,log2,5,3,87,ExtraTreesRegressor,4,True,-0.008619837500269154,-0.0005453300335948996,98.0,-0.004582583766932027,0.004037253733337127,0.02024229087736381,1.9844674545084815,2.816073108804215,2.8684162416234473,98.0,2.842244675213831,0.026171566409616282,0.13122099698742382,1.9844674545084815,866540098147809.2,1101072967440215.2,98.0,983806532794012.2,117266434646203.03,587959399395420.1,1.9844674545084815,8.179805216779831,8.573586155218651,98.0,8.376695685999241,0.19689046921940945,0.9871844605678453,1.9844674545084815,2.5048909857014463,2.579535201652197,98.0,2.5422130936768217,0.03732210797537516,0.18712843326036196,1.9844674545084815,99.0,0.3333333333333333,0.001638039518363406,0.013397997236109165,98.0,0.007518018377236285,0.005879978858872879,0.029481486742145152,1.9844674545084815,ExtraTreesRegressor,"{'mode': 'original', 'type': 'ExtraTreesRegressor'}",4,"['nodes_T6W30', 'lcc_T6W30', 'atd_T6W30', 'density_T6W30']",0.1238492897267969,0.17258102664396027,98.0,0.1482151581853786,0.024365868458581685,0.1221674507959415,1.9844674545084815,3.419780956689228,3.499001830282307,98.0,3.4593913934857676,0.03961043679653965,0.1986018309412103,1.9844674545084815,completed,3.4940459728240967,True,COMPLETE
323,2.859504644385069,2026-06-13 17:18:12.248701,2026-06-13 17:18:17.960226,0 days 00:00:05.711525,3,log2,2,6,160,ExtraTreesRegressor,8,False,-0.01576510353237876,-0.005590777761399698,98.0,-0.01067794064688923,0.005087162885489532,0.025506405509839077,1.9844674545084815,2.8317111583550174,2.887298130415121,98.0,2.859504644385069,0.027793486030051773,0.1393531013596256,1.9844674545084815,861096411138709.6,1093010618206581.6,98.0,977053514672645.6,115957103533936.03,581394575141140.9,1.9844674545084815,8.222283536912869,8.614119798849124,98.0,8.418201667880997,0.19591813096812855,0.9823092768381009,1.9844674545084815,2.48892073451973,2.568386114444341,98.0,2.5286534244820356,0.03973268996230544,0.1992147931936631,1.9844674545084815,99.0,0.5151515151515151,-0.016853834919472004,0.0001591553028918117,98.0,-0.008347339808290095,0.008506495111181907,0.042650514374554103,1.9844674545084815,ExtraTreesRegressor,"{'mode': 'original', 'type': 'ExtraTreesRegressor'}",8,"['nodes_T6W30', 'l1_T6W30', 'l3_T6W30', 'lcc_T6W30', 'atd_T6W30', 'density_T6W30', 'diameter_T6W30', 'asp_T6W30']",0.08346173823288691,0.1286374147607047,98.0,0.1060495764967958,0.022587838263908887,0.11325262731281287,1.9844674545084815,3.4458628634852357,3.5267422576260707,98.0,3.4863025605556532,0.04043969707041759,0.2027596393886384,1.9844674545084815,completed,5.703886032104492,False,COMPLETE
324,2.987541483711067,2026-06-13 17:18:17.970110,2026-06-13 17:18:20.227759,0 days 00:00:02.257649,15,,1,9,293,ExtraTreesRegressor,9,False,,,,,,,,,,,,,,,,,,,,,,,,,,,,,,,,,,,,,,,,,,,,,ExtraTreesRegressor,"{'mode': 'original', 'type': 'ExtraTreesRegressor'}",9,"['nodes_T6W30', 're_T6W30', 'l1_T6W30', 'l2_T6W30', 'l3_T6W30', 'lsc_T6W30', 'atd_T6W30', 'density_T6W30', 'asp_T6W30']",,,,,,,,,,,,,,,pruned,,False,PRUNED
325,2.8885190525608837,2026-06-13 17:18:20.234572,2026-06-13 17:18:30.545078,0 days 00:00:10.310506,4,sqrt,1,5,323,ExtraTreesRegressor,12,True,-0.02601385785767837,-0.015853724069248894,98.0,-0.020933790963463633,0.005080066894214738,0.02547082708724415,1.9844674545084815,2.860565096023119,2.9164730090986484,98.0,2.8885190525608837,0.027953956537764578,0.14015768063774686,1.9844674545084815,863571241604125.9,1095838560982133.1,98.0,979704901293129.5,116133659689003.61,582279805865570.1,1.9844674545084815,8.26625849766003,8.674512917891189,98.0,8.470385707775609,0.2041272101155802,1.0234685843559526,1.9844674545084815,2.5086794010364755,2.5864666823238482,98.0,2.547573041680162,0.038893640643686424,0.19500790368664636,1.9844674545084815,99.0,0.6868686868686869,-0.03438217588881589,-0.017016551373787686,98.0,-0.025699363631301788,0.008682812257514102,0.04353454673874561,1.9844674545084815,ExtraTreesRegressor,"{'mode': 'original', 'type': 'ExtraTreesRegressor'}",12,"['nodes_T6W30', 're_T6W30', 'pe_T6W30', 'l1_T6W30', 'l2_T6W30', 'l3_T6W30', 'lcc_T6W30', 'lsc_T6W30', 'atd_T6W30', 'density_T6W30', 'diameter_T6W30', 'asp_T6W30']",0.03041165621463153,0.07550436932277235,98.0,0.05295801276870194,0.02254635655407041,0.11304464315028494,1.9844674545084815,3.4754660596646563,3.5567942809932145,98.0,3.5161301703289354,0.040664110664279184,0.2038848213920063,1.9844674545084815,completed,10.302785158157349,True,COMPLETE
326,2.868287228954448,2026-06-13 17:18:30.554979,2026-06-13 17:18:38.421157,0 days 00:00:07.866178,2,,1,10,239,ExtraTreesRegressor,10,False,-0.01882371684564131,-0.008742308951031147,98.0,-0.013783012898336229,0.005040703947305082,0.02527346613998537,1.9844674545084815,2.840475801318253,2.8960986565906426,98.0,2.868287228954448,0.02781142763619452,0.13944305835374504,1.9844674545084815,859585757152772.0,1091250202243507.5,98.0,975417979698139.8,115832222545367.75,580768437310174.8,1.9844674545084815,8.23469087387462,8.651254817256767,98.0,8.442972845565693,0.20828197169107288,1.0443000450201056,1.9844674545084815,2.503796166768725,2.582647594364398,98.0,2.5432218805665614,0.0394257137978366,0.19767565267289638,1.9844674545084815,99.0,0.5353535353535354,-0.019910882345635192,-0.0038293209487229845,98.0,-0.011870101647179087,0.008040780698456103,0.040315479910325844,1.9844674545084815,ExtraTreesRegressor,"{'mode': 'original', 'type': 'ExtraTreesRegressor'}",10,"['nodes_T6W30', 're_T6W30', 'l1_T6W30', 'l2_T6W30', 'l3_T6W30', 'lcc_T6W30', 'atd_T6W30', 'density_T6W30', 'diameter_T6W30', 'asp_T6W30']",0.06646491716682125,0.11279168588884929,98.0,0.08962830152783527,0.023163384361014016,0.1161383442581542,1.9844674545084815,3.4518799165702254,3.533353346900449,98.0,3.4926166317353373,0.04073671516511199,0.20424885137920476,1.9844674545084815,completed,7.859621047973633,False,COMPLETE
327,2.8912016357123096,2026-06-13 17:18:38.429883,2026-06-13 17:18:50.284603,0 days 00:00:11.854720,12,sqrt,5,11,376,ExtraTreesRegressor,11,True,-0.027055281673432414,-0.01664260055110362,98.0,-0.021848941112268018,0.0052063405611643965,0.026103947635363268,1.9844674545084815,2.8626545576191336,2.9197487138054856,98.0,2.8912016357123096,0.0285470780931762,0.14313151875724311,1.9844674545084815,870742142188669.1,1104810022111243.9,98.0,987776082149956.5,117033939961287.36,586793699801004.5,1.9844674545084815,8.371699937689275,8.786539785199821,98.0,8.579119861444548,0.20741992375527296,1.0399778432910929,1.9844674545084815,2.537562923942834,2.616443748611497,98.0,2.5770033362771656,0.03944041233433141,0.19774934931691526,1.9844674545084815,99.0,0.7272727272727273,-0.0401084414951073,-0.02242605250202706,98.0,-0.03126724699856718,0.008841194496540116,0.04432865569595567,1.9844674545084815,ExtraTreesRegressor,"{'mode': 'original', 'type': 'ExtraTreesRegressor'}",11,"['nodes_T6W30', 're_T6W30', 'pe_T6W30', 'l1_T6W30', 'l2_T6W30', 'l3_T6W30', 'lcc_T6W30', 'atd_T6W30', 'density_T6W30', 'diameter_T6W30', 'asp_T6W30']",-0.0002522620555044687,0.045353184634516916,98.0,0.022550461289506225,0.022802723345010694,0.11433003453172284,1.9844674545084815,3.4846965206767226,3.5666432647565403,98.0,3.5256698927166314,0.04097337203990871,0.2054354196788898,1.9844674545084815,completed,11.848721981048584,True,COMPLETE
328,2.9573163723937728,2026-06-13 17:18:50.292938,2026-06-13 17:18:53.699901,0 days 00:00:03.406963,18,,1,7,435,ExtraTreesRegressor,4,True,,,,,,,,,,,,,,,,,,,,,,,,,,,,,,,,,,,,,,,,,,,,,ExtraTreesRegressor,"{'mode': 'original', 'type': 'ExtraTreesRegressor'}",4,"['l3_T6W30', 'atd_T6W30', 'density_T6W30', 'asp_T6W30']",,,,,,,,,,,,,,,pruned,,True,PRUNED
329,2.911270099232684,2026-06-13 17:18:53.705545,2026-06-13 17:18:55.021499,0 days 00:00:01.315954,12,sqrt,1,12,225,ExtraTreesRegressor,11,False,,,,,,,,,,,,,,,,,,,,,,,,,,,,,,,,,,,,,,,,,,,,,ExtraTreesRegressor,"{'mode': 'original', 'type': 'ExtraTreesRegressor'}",11,"['nodes_T6W30', 're_T6W30', 'pe_T6W30', 'l1_T6W30', 'l2_T6W30', 'l3_T6W30', 'lcc_T6W30', 'atd_T6W30', 'density_T6W30', 'diameter_T6W30', 'asp_T6W30']",,,,,,,,,,,,,,,pruned,,False,PRUNED
330,2.891599731754836,2026-06-13 17:18:55.029182,2026-06-13 17:19:05.107009,0 days 00:00:10.077827,8,sqrt,2,4,302,ExtraTreesRegressor,7,False,-0.027791361698891084,-0.016170207730322725,98.0,-0.021980784714606905,0.00581057698428418,0.029133514326822735,1.9844674545084815,2.8620133265265966,2.9211861369830756,98.0,2.891599731754836,0.029586405228239507,0.14834257646485435,1.9844674545084815,866129531628946.6,1098769004185263.9,98.0,982449267907105.2,116319736278158.61,583212770868993.4,1.9844674545084815,8.469990270561917,8.876022374962494,98.0,8.673006322762205,0.20301605220028826,1.0178973760005559,1.9844674545084815,2.5356108186555137,2.6168397022214207,98.0,2.5762252604384672,0.04061444178295348,0.20363578776425928,1.9844674545084815,99.0,0.7676767676767676,-0.049130843595543705,-0.028584608824650304,98.0,-0.038857726210097004,0.010273117385446702,0.0515081399557283,1.9844674545084815,ExtraTreesRegressor,"{'mode': 'original', 'type': 'ExtraTreesRegressor'}",7,"['nodes_T6W30', 'l1_T6W30', 'l2_T6W30', 'l3_T6W30', 'atd_T6W30', 'density_T6W30', 'asp_T6W30']",0.016435441941073374,0.058423500752959844,98.0,0.03742947134701661,0.020994029405943235,0.10526146682679798,1.9844674545084815,3.4969941870905186,3.5791733808097024,98.0,3.5380837839501105,0.04108959685959201,0.2060181565496918,1.9844674545084815,completed,10.071590900421143,False,COMPLETE
