number,value,datetime_start,datetime_complete,duration,params_et_max_depth,params_et_max_features,params_et_min_samples_leaf,params_et_min_samples_split,params_et_n_estimators,params_regressor,params_rfe_n_features,params_use_scaler,user_attrs_d2mae_ci_lower_val,user_attrs_d2mae_ci_upper_val,user_attrs_d2mae_df_val,user_attrs_d2mae_mean_val,user_attrs_d2mae_samperror_val,user_attrs_d2mae_std_val,user_attrs_d2mae_t_critical_val,user_attrs_mae_ci_lower_val,user_attrs_mae_ci_upper_val,user_attrs_mae_df_val,user_attrs_mae_mean_val,user_attrs_mae_samperror_val,user_attrs_mae_std_val,user_attrs_mae_t_critical_val,user_attrs_mape_ci_lower_val,user_attrs_mape_ci_upper_val,user_attrs_mape_df_val,user_attrs_mape_mean_val,user_attrs_mape_samperror_val,user_attrs_mape_std_val,user_attrs_mape_t_critical_val,user_attrs_max_error_ci_lower_val,user_attrs_max_error_ci_upper_val,user_attrs_max_error_df_val,user_attrs_max_error_mean_val,user_attrs_max_error_samperror_val,user_attrs_max_error_std_val,user_attrs_max_error_t_critical_val,user_attrs_median_ae_ci_lower_val,user_attrs_median_ae_ci_upper_val,user_attrs_median_ae_df_val,user_attrs_median_ae_mean_val,user_attrs_median_ae_samperror_val,user_attrs_median_ae_std_val,user_attrs_median_ae_t_critical_val,user_attrs_n_splits_val,user_attrs_r2_below_zero_val,user_attrs_r2_ci_lower_val,user_attrs_r2_ci_upper_val,user_attrs_r2_df_val,user_attrs_r2_mean_val,user_attrs_r2_samperror_val,user_attrs_r2_std_val,user_attrs_r2_t_critical_val,user_attrs_regressor_final,user_attrs_rfe_estimator,user_attrs_rfe_n_features,user_attrs_rfe_selected_features,user_attrs_rho_ci_lower_val,user_attrs_rho_ci_upper_val,user_attrs_rho_df_val,user_attrs_rho_mean_val,user_attrs_rho_samperror_val,user_attrs_rho_std_val,user_attrs_rho_t_critical_val,user_attrs_rmse_ci_lower_val,user_attrs_rmse_ci_upper_val,user_attrs_rmse_df_val,user_attrs_rmse_mean_val,user_attrs_rmse_samperror_val,user_attrs_rmse_std_val,user_attrs_rmse_t_critical_val,user_attrs_termination_reason,user_attrs_trial_time_seconds,user_attrs_use_scaler_final,state
128,2.8524779681278103,2026-06-13 16:52:45.384742,2026-06-13 16:52:55.585526,0 days 00:00:10.200784,2,log2,3,5,302,ExtraTreesRegressor,2,False,-0.011298855295858723,-0.005054030766432086,98.0,-0.008176443031145404,0.003122412264713318,0.015655388904459874,1.9844674545084815,2.826960383621211,2.8779955526344096,98.0,2.8524779681278103,0.02551758450659942,0.12794201261245444,1.9844674545084815,878048167993535.9,1115537545971683.4,98.0,996792856982609.6,118744688989073.75,595371183834933.5,1.9844674545084815,8.135778926351493,8.496465109623207,98.0,8.31612201798735,0.180343091635856,0.9042179560011411,1.9844674545084815,2.512946834715962,2.5675404903710013,98.0,2.5402436625434817,0.027296827827519812,0.13686291856054483,1.9844674545084815,99.0,0.26262626262626265,0.004012777438346859,0.011855955548011657,98.0,0.007934366493179258,0.003921589054832399,0.019662362485150967,1.9844674545084815,ExtraTreesRegressor,"{'mode': 'original', 'type': 'ExtraTreesRegressor'}",2,"['nodes_T6W30', 'density_T6W30']",0.13341060034694463,0.18378984298260048,98.0,0.15860022166477256,0.02518962131782794,0.1262976457475825,1.9844674545084815,3.4201000454267048,3.4975900585424062,98.0,3.4588450519845555,0.03874500655785066,0.19426267076384673,1.9844674545084815,completed,10.193596124649048,False,COMPLETE
129,2.9673232671987653,2026-06-13 16:52:55.593977,2026-06-13 16:52:57.795190,0 days 00:00:02.201213,15,,2,10,305,ExtraTreesRegressor,10,True,,,,,,,,,,,,,,,,,,,,,,,,,,,,,,,,,,,,,,,,,,,,,ExtraTreesRegressor,"{'mode': 'original', 'type': 'ExtraTreesRegressor'}",10,"['nodes_T6W30', 're_T6W30', 'l1_T6W30', 'l2_T6W30', 'l3_T6W30', 'lsc_T6W30', 'atd_T6W30', 'density_T6W30', 'diameter_T6W30', 'asp_T6W30']",,,,,,,,,,,,,,,pruned,,True,PRUNED
130,2.8900252408764273,2026-06-13 16:52:57.801012,2026-06-13 16:53:00.898684,0 days 00:00:03.097672,12,log2,5,9,73,ExtraTreesRegressor,11,False,-0.026655002391917322,-0.016163990072905185,98.0,-0.021409496232411254,0.005245506159506067,0.026300319101310934,1.9844674545084815,2.8611923396062413,2.9188581421466133,98.0,2.8900252408764273,0.028832901270185878,0.14456460081516465,1.9844674545084815,868309308524466.5,1101679755242559.5,98.0,984994531883513.0,116685223359046.44,585045277887851.1,1.9844674545084815,8.370379883487814,8.77673447609217,98.0,8.573557179789992,0.2031772963021774,1.0187058339841966,1.9844674545084815,2.530149963584693,2.6101122844954543,98.0,2.5701311240400737,0.03998116045538077,0.2004605935142477,1.9844674545084815,99.0,0.7171717171717171,-0.04035626102587514,-0.022569794064278684,98.0,-0.03146302754507691,0.008893233480798228,0.0445895727266632,1.9844674545084815,ExtraTreesRegressor,"{'mode': 'original', 'type': 'ExtraTreesRegressor'}",11,"['nodes_T6W30', 're_T6W30', 'pe_T6W30', 'l1_T6W30', 'l2_T6W30', 'l3_T6W30', 'lcc_T6W30', 'atd_T6W30', 'density_T6W30', 'diameter_T6W30', 'asp_T6W30']",-0.003549254351238644,0.043357927484469413,98.0,0.019904336566615385,0.02345359091785403,0.11759340404039335,1.9844674545084815,3.4849713106011717,3.567051501796389,98.0,3.5260114061987804,0.04104009559760852,0.20576996334459485,1.9844674545084815,completed,3.0910089015960693,False,COMPLETE
131,2.8467196502676657,2026-06-13 16:53:00.906968,2026-06-13 16:53:10.359956,0 days 00:00:09.452988,17,log2,4,6,296,ExtraTreesRegressor,2,False,-0.009567291865965461,-0.0027337656108561855,98.0,-0.0061505287384108235,0.003416763127554638,0.0171312277244074,1.9844674545084815,2.8210951861893356,2.872344114345996,98.0,2.8467196502676657,0.025624464078329873,0.12847789356587364,1.9844674545084815,875604534935536.8,1112617104910098.8,98.0,994110819922817.8,118506284987281.02,594175855656581.1,1.9844674545084815,8.202507700210347,8.590285976926555,98.0,8.396396838568451,0.1938891383581032,0.9721361588442993,1.9844674545084815,2.499358822105243,2.5532384596110487,98.0,2.526298640858146,0.026939818752902862,0.13507291921653994,1.9844674545084815,99.0,0.3333333333333333,-0.00042270774236892895,0.009218017243421906,98.0,0.004397654750526489,0.004820362492895418,0.02416870134017303,1.9844674545084815,ExtraTreesRegressor,"{'mode': 'original', 'type': 'ExtraTreesRegressor'}",2,"['atd_T6W30', 'density_T6W30']",0.09424102936934162,0.13596416670861336,98.0,0.11510259803897749,0.020861568669635875,0.10459732507815761,1.9844674545084815,3.4259283944327303,3.5038139379726396,98.0,3.464871166202685,0.0389427717699545,0.19525424107704584,1.9844674545084815,completed,9.446979761123657,False,COMPLETE
132,2.869260645691162,2026-06-13 16:53:10.368227,2026-06-13 16:53:24.149010,0 days 00:00:13.780783,6,log2,2,12,443,ExtraTreesRegressor,7,True,-0.019717060409104196,-0.008573048443097728,98.0,-0.014145054426100962,0.005572005983003234,0.02793734883369157,1.9844674545084815,2.8409206868749473,2.8976006045073768,98.0,2.869260645691162,0.028339958816214594,0.14209304831979042,1.9844674545084815,864963218023406.9,1096110174094139.4,98.0,980536696058773.1,115573478035366.25,579471124339448.4,1.9844674545084815,8.343965944930813,8.750991710162308,98.0,8.547478827546561,0.203512882615748,1.0203884222539565,1.9844674545084815,2.5090666776187605,2.5912769234200046,98.0,2.5501718005193825,0.04110512290062211,0.20609600219910196,1.9844674545084815,99.0,0.696969696969697,-0.03388127703251734,-0.014504465386801016,98.0,-0.024192871209659177,0.00968840582285816,0.0485764685000698,1.9844674545084815,ExtraTreesRegressor,"{'mode': 'original', 'type': 'ExtraTreesRegressor'}",7,"['nodes_T6W30', 'l1_T6W30', 'lcc_T6W30', 'atd_T6W30', 'density_T6W30', 'diameter_T6W30', 'asp_T6W30']",0.0373070919836237,0.08161690241042975,98.0,0.059461997197026724,0.022154905213403023,0.11108195454424245,1.9844674545084815,3.4726074935761004,3.553643799864236,98.0,3.513125646720168,0.04051815314406777,0.20315300843820022,1.9844674545084815,completed,13.774411678314209,True,COMPLETE
133,2.8532597955676113,2026-06-13 16:53:24.157198,2026-06-13 16:53:29.434630,0 days 00:00:05.277432,20,log2,4,12,153,ExtraTreesRegressor,2,False,-0.01180935030506389,-0.005170311999110593,98.0,-0.008489831152087242,0.0033195191529766487,0.01664365846334648,1.9844674545084815,2.828042458827598,2.8784771323076246,98.0,2.8532597955676113,0.02521733674001338,0.12643660744648047,1.9844674545084815,875867768754214.9,1112410094164998.1,98.0,994138931459606.5,118271162705391.64,592996981615929.6,1.9844674545084815,8.212715796007643,8.605834573618338,98.0,8.40927518481299,0.19655938880534823,0.98552446432092,1.9844674545084815,2.51364931337901,2.5705188074433742,98.0,2.542084060411192,0.028434747032182153,0.14256830471091542,1.9844674545084815,99.0,0.40404040404040403,-0.004929806885271516,0.004357888329155716,98.0,-0.00028595927805790056,0.004643847607213616,0.02328367753533968,1.9844674545084815,ExtraTreesRegressor,"{'mode': 'original', 'type': 'ExtraTreesRegressor'}",2,"['nodes_T6W30', 'density_T6W30']",0.07733166819464309,0.11938158515307286,98.0,0.09835662667385797,0.021024958479214886,0.10541654137476664,1.9844674545084815,3.4343516726015055,3.511488677696545,98.0,3.4729201751490253,0.03856850254751983,0.19337770148667804,1.9844674545084815,completed,5.271094799041748,False,COMPLETE
134,2.8758501511566905,2026-06-13 16:53:29.442749,2026-06-13 16:53:44.200408,0 days 00:00:14.757659,15,,3,10,441,ExtraTreesRegressor,2,False,-0.024158203241651896,-0.008843047119330372,98.0,-0.016500625180491134,0.007657578061160763,0.03839414928276247,1.9844674545084815,2.8442163338517767,2.9074839684616043,98.0,2.8758501511566905,0.031633817304913915,0.15860804738625064,1.9844674545084815,854351094167890.8,1081349867134820.2,98.0,967850480651355.5,113499386483464.69,569071885829073.5,1.9844674545084815,8.568371615433415,8.950731653333053,98.0,8.759551634383234,0.1911800189498192,0.9585529692044775,1.9844674545084815,2.5639134615330303,2.6612426533794467,98.0,2.6125780574562385,0.048664595923208064,0.24399826495242283,1.9844674545084815,99.0,0.7070707070707071,-0.05441404335597602,-0.02818528855420599,98.0,-0.041299665955091006,0.013114377400885014,0.0657538662562117,1.9844674545084815,ExtraTreesRegressor,"{'mode': 'original', 'type': 'ExtraTreesRegressor'}",2,"['l1_T6W30', 'density_T6W30']",0.054387882920256106,0.0973301706380781,98.0,0.0758590267791671,0.021471143858910993,0.10765365968280273,1.9844674545084815,3.4992071536743943,3.5832977633873035,98.0,3.541252458530849,0.04204530485645447,0.21080995824066992,1.9844674545084815,completed,14.750913858413696,False,COMPLETE
135,2.889563392275997,2026-06-13 16:53:44.208891,2026-06-13 16:53:52.633440,0 days 00:00:08.424549,15,sqrt,5,7,247,ExtraTreesRegressor,9,True,-0.02682541459901258,-0.015831160508053825,98.0,-0.021328287553533203,0.005497127045479378,0.027561915102234477,1.9844674545084815,2.8612720610322304,2.9178547235197634,98.0,2.889563392275997,0.028291331243766676,0.14184923568596391,1.9844674545084815,868706761799351.6,1100559834069713.4,98.0,984633297934532.5,115926536135180.92,581241313984465.0,1.9844674545084815,8.373764786774696,8.774925250305568,98.0,8.574345018540132,0.20058023176543546,1.0056844736109503,1.9844674545084815,2.54246407600348,2.630516768334175,98.0,2.5864904221688274,0.04402634616534765,0.22074265434137866,1.9844674545084815,99.0,0.7575757575757576,-0.04212991316345818,-0.023553412197496293,98.0,-0.03284166268047724,0.009288250482980943,0.04657013911853013,1.9844674545084815,ExtraTreesRegressor,"{'mode': 'original', 'type': 'ExtraTreesRegressor'}",9,"['nodes_T6W30', 're_T6W30', 'l1_T6W30', 'l3_T6W30', 'lcc_T6W30', 'atd_T6W30', 'density_T6W30', 'diameter_T6W30', 'asp_T6W30']",0.0012821468180811528,0.047701549884525685,98.0,0.024491848351303417,0.023209701533222264,0.11637057283093734,1.9844674545084815,3.4876877787095744,3.568324216497854,98.0,3.528005997603714,0.04031821889413957,0.2021505628376239,1.9844674545084815,completed,8.417720079421997,True,COMPLETE
136,2.9298604207378767,2026-06-13 16:53:52.641657,2026-06-13 16:54:04.234998,0 days 00:00:11.593341,13,log2,1,10,330,ExtraTreesRegressor,4,True,-0.04241391119877512,-0.028300078279345452,98.0,-0.03535699473906029,0.007056916459714835,0.03538250630502933,1.9844674545084815,2.896383853634672,2.9633369878410813,98.0,2.9298604207378767,0.033476567103204846,0.1678473669571748,1.9844674545084815,853253411165410.2,1085474742956693.2,98.0,969364077061051.8,116110665895641.52,582164517829605.0,1.9844674545084815,8.744710863007581,9.195228624820961,98.0,8.969969743914271,0.2252588809066902,1.1294201680640112,1.9844674545084815,2.5375289456495067,2.6380363281561583,98.0,2.5877826369028325,0.0502536912533258,0.2519657923927938,1.9844674545084815,99.0,0.8787878787878788,-0.0896117388784304,-0.06173098236752904,98.0,-0.07567136062297972,0.013940378255450674,0.06989533237834432,1.9844674545084815,ExtraTreesRegressor,"{'mode': 'original', 'type': 'ExtraTreesRegressor'}",4,"['l3_T6W30', 'atd_T6W30', 'density_T6W30', 'asp_T6W30']",-0.004623159044245578,0.04010026798186679,98.0,0.01773855446881061,0.022361713513056186,0.11211886577993335,1.9844674545084815,3.5545130827732905,3.644928979784379,98.0,3.599721031278835,0.04520794850554423,0.22666706233043568,1.9844674545084815,completed,11.587152004241943,True,COMPLETE
137,2.8886783813903536,2026-06-13 16:54:04.244301,2026-06-13 16:54:18.330361,0 days 00:00:14.086060,11,log2,5,4,435,ExtraTreesRegressor,9,True,-0.0264836939048755,-0.015497055277515794,98.0,-0.020990374591195647,0.005493319313679854,0.027542823605945177,1.9844674545084815,2.8601193351495486,2.9172374276311586,98.0,2.8886783813903536,0.028559046240804853,0.14319152556919104,1.9844674545084815,868818529946312.2,1100710577291777.5,98.0,984764553619044.9,115946023672732.6,581339022087462.6,1.9844674545084815,8.376329003780846,8.779256458696505,98.0,8.577792731238675,0.20146372745782978,1.0101142117387942,1.9844674545084815,2.5467585917426074,2.6345206216934045,98.0,2.590639606718006,0.04388101497539841,0.22001398173004033,1.9844674545084815,99.0,0.7575757575757576,-0.041871877868523165,-0.023347043659943258,98.0,-0.03260946076423321,0.009262417104289955,0.046440613752935664,1.9844674545084815,ExtraTreesRegressor,"{'mode': 'original', 'type': 'ExtraTreesRegressor'}",9,"['nodes_T6W30', 're_T6W30', 'l1_T6W30', 'l3_T6W30', 'lcc_T6W30', 'atd_T6W30', 'density_T6W30', 'diameter_T6W30', 'asp_T6W30']",0.004907973221195919,0.04981595133883861,98.0,0.027361962280017263,0.022453989058821344,0.11258152395343932,1.9844674545084815,3.4871613426973123,3.5681900865817116,98.0,3.527675714639512,0.04051437194219954,0.2031340499597051,1.9844674545084815,completed,14.079191207885742,True,COMPLETE
138,2.9372194433092353,2026-06-13 16:54:18.338559,2026-06-13 16:54:35.374303,0 days 00:00:17.035744,6,,2,9,487,ExtraTreesRegressor,7,False,-0.044942706966701704,-0.031181842351287768,98.0,-0.038062274658994734,0.006880432307706966,0.03449763659503584,1.9844674545084815,2.9050990889939827,2.969339797624488,98.0,2.9372194433092353,0.032120354315252404,0.16104748377949757,1.9844674545084815,864102305973977.1,1095849710226547.4,98.0,979976008100262.2,115873702126285.12,580976410798555.5,1.9844674545084815,8.592369424572723,9.023131809707145,98.0,8.807750617139934,0.2153811925672105,1.0798946604367214,1.9844674545084815,2.5720656885988946,2.665528566126662,98.0,2.6187971273627784,0.04673143876388369,0.23430565405517392,1.9844674545084815,99.0,0.9191919191919192,-0.0861401464804925,-0.05981639663588735,98.0,-0.07297827155818992,0.01316187492230257,0.06599201295394061,1.9844674545084815,ExtraTreesRegressor,"{'mode': 'original', 'type': 'ExtraTreesRegressor'}",7,"['nodes_T6W30', 'l1_T6W30', 'l2_T6W30', 'l3_T6W30', 'atd_T6W30', 'density_T6W30', 'asp_T6W30']",-0.021871494896767322,0.021860966292909702,98.0,-5.264301928808328e-06,0.021866230594838512,0.10963457571104121,1.9844674545084815,3.5516087133193217,3.6384676938760547,98.0,3.595038203597688,0.04342949027836636,0.2177500927452672,1.9844674545084815,completed,17.02889919281006,False,COMPLETE
139,2.9747418186929617,2026-06-13 16:54:35.382639,2026-06-13 16:54:40.850691,0 days 00:00:05.468052,11,,5,5,126,ExtraTreesRegressor,10,True,-0.05828576304898568,-0.044412739954985375,98.0,-0.05134925150198553,0.00693651154700015,0.03477881096477643,1.9844674545084815,2.9424922958158737,3.0069913415700498,98.0,2.9747418186929617,0.03224952287708794,0.16169511897252378,1.9844674545084815,877332479241042.0,1113420253790632.8,98.0,995376366515837.4,118043887274795.39,591857450717136.1,1.9844674545084815,8.65187271730654,9.071293667354771,98.0,8.861583192330656,0.209710475024116,1.0514623840497215,1.9844674545084815,2.604091731541407,2.7090291315518553,98.0,2.656560431546631,0.05246870000522408,0.26307157231482264,1.9844674545084815,99.0,0.9696969696969697,-0.1126526444094231,-0.08666190775544666,98.0,-0.09965727608243488,0.01299536832698822,0.0651571694791495,1.9844674545084815,ExtraTreesRegressor,"{'mode': 'original', 'type': 'ExtraTreesRegressor'}",10,"['nodes_T6W30', 're_T6W30', 'l1_T6W30', 'l2_T6W30', 'l3_T6W30', 'lcc_T6W30', 'atd_T6W30', 'density_T6W30', 'diameter_T6W30', 'asp_T6W30']",-0.06572245645594157,-0.021551523977872786,98.0,-0.04363699021690718,0.022085466239034394,0.1107337961152121,1.9844674545084815,3.596442244406069,3.6823292857099017,98.0,3.6393857650579853,0.04294352065191652,0.2153135011446619,1.9844674545084815,completed,5.46179723739624,True,COMPLETE
140,2.9335860596465744,2026-06-13 16:54:40.859251,2026-06-13 16:54:43.751269,0 days 00:00:02.892018,15,sqrt,3,9,66,ExtraTreesRegressor,12,False,-0.042675719660844776,-0.030970746860409872,98.0,-0.03682323326062732,0.005852486400217451,0.029343642954809776,1.9844674545084815,2.9037681180646175,2.963404001228531,98.0,2.9335860596465744,0.029817941581956834,0.1495034711051712,1.9844674545084815,875384406282077.0,1111454042439137.8,98.0,993419224360607.4,118034818078530.4,591811978888773.2,1.9844674545084815,8.472197721800029,8.901683988152993,98.0,8.68694085497651,0.21474313317648197,1.076695509569014,1.9844674545084815,2.5648104783146177,2.6584277144545885,98.0,2.611619096384603,0.04680861806998549,0.23469262155016324,1.9844674545084815,99.0,0.9191919191919192,-0.07254538291177233,-0.05222874439712019,98.0,-0.06238706365444626,0.010158319257326066,0.050932556339963325,1.9844674545084815,ExtraTreesRegressor,"{'mode': 'original', 'type': 'ExtraTreesRegressor'}",12,"['nodes_T6W30', 're_T6W30', 'pe_T6W30', 'l1_T6W30', 'l2_T6W30', 'l3_T6W30', 'lcc_T6W30', 'lsc_T6W30', 'atd_T6W30', 'density_T6W30', 'diameter_T6W30', 'asp_T6W30']",-0.04481247491901643,-0.003292620344825886,98.0,-0.02405254763192116,0.020759927287095272,0.10408770775745886,1.9844674545084815,3.536374587493813,3.619916098447028,98.0,3.5781453429704206,0.04177075547660758,0.20943340160734017,1.9844674545084815,completed,2.8855650424957275,False,COMPLETE
141,2.893423831625566,2026-06-13 16:54:43.759550,2026-06-13 16:54:49.846007,0 days 00:00:06.086457,3,,5,7,171,ExtraTreesRegressor,13,True,-0.028383871492388774,-0.01701561564341287,98.0,-0.02269974356790082,0.005684127924487952,0.028499514380664115,1.9844674545084815,2.864878427054231,2.921969236196901,98.0,2.893423831625566,0.028545404571334997,0.14312312792571832,1.9844674545084815,865802784432064.5,1098840643994899.2,98.0,982321714213481.9,116518929781417.4,584211502457387.5,1.9844674545084815,8.344191744410598,8.776908755751666,98.0,8.560550250081132,0.2163585056705342,1.0847947874593014,1.9844674545084815,2.4939528966597413,2.573588737021333,98.0,2.533770816840537,0.03981792018079582,0.1996421269676039,1.9844674545084815,99.0,0.7272727272727273,-0.044134180229494197,-0.025083251432980902,98.0,-0.03460871583123755,0.009525464398256646,0.04775950035028012,1.9844674545084815,ExtraTreesRegressor,"{'mode': 'original', 'type': 'ExtraTreesRegressor'}",13,"['nodes_T6W30', 'edges_T6W30', 're_T6W30', 'pe_T6W30', 'l1_T6W30', 'l2_T6W30', 'l3_T6W30', 'lcc_T6W30', 'lsc_T6W30', 'atd_T6W30', 'density_T6W30', 'diameter_T6W30', 'asp_T6W30']",0.007799764774500697,0.05396322916700082,98.0,0.030881496970750755,0.02308173219625006,0.11572895040305153,1.9844674545084815,3.4903813114090028,3.5716674281248793,98.0,3.531024369766941,0.040643058357938265,0.20377926773183547,1.9844674545084815,completed,6.079474925994873,True,COMPLETE
142,2.8701568900223173,2026-06-13 16:54:49.855945,2026-06-13 16:54:52.724006,0 days 00:00:02.868061,4,log2,5,12,68,ExtraTreesRegressor,12,False,-0.0190597565338005,-0.009850385153438312,98.0,-0.014455070843619406,0.0046046856901810936,0.02308732452702077,1.9844674545084815,2.8431279465651698,2.897185833479465,98.0,2.8701568900223173,0.027028943457147517,0.13551977946036914,1.9844674545084815,867872667547863.8,1102500246896255.5,98.0,985186457222059.6,117313789674195.84,588196831648741.5,1.9844674545084815,8.232955711789858,8.63469041762333,98.0,8.433823064706594,0.20086735291673724,1.0071240635514345,1.9844674545084815,2.517487736157908,2.593327706868129,98.0,2.5554077215130184,0.03791998535511052,0.19012611649480052,1.9844674545084815,99.0,0.5757575757575758,-0.01868274611973577,-0.0045745912355608705,98.0,-0.011628668677648321,0.007054077442087451,0.0353682718217852,1.9844674545084815,ExtraTreesRegressor,"{'mode': 'original', 'type': 'ExtraTreesRegressor'}",12,"['nodes_T6W30', 're_T6W30', 'pe_T6W30', 'l1_T6W30', 'l2_T6W30', 'l3_T6W30', 'lcc_T6W30', 'lsc_T6W30', 'atd_T6W30', 'density_T6W30', 'diameter_T6W30', 'asp_T6W30']",0.04187444434950471,0.08576168796095715,98.0,0.06381806615523093,0.021943621805726225,0.11002260567041797,1.9844674545084815,3.452315602997194,3.5322884308584435,98.0,3.4923020169278187,0.03998641393062474,0.20048693378935287,1.9844674545084815,completed,2.8604648113250732,False,COMPLETE
