number,value,datetime_start,datetime_complete,duration,params_et_max_depth,params_et_max_features,params_et_min_samples_leaf,params_et_min_samples_split,params_et_n_estimators,params_regressor,params_rfe_n_features,params_use_scaler,user_attrs_d2mae_ci_lower_val,user_attrs_d2mae_ci_upper_val,user_attrs_d2mae_df_val,user_attrs_d2mae_mean_val,user_attrs_d2mae_samperror_val,user_attrs_d2mae_std_val,user_attrs_d2mae_t_critical_val,user_attrs_mae_ci_lower_val,user_attrs_mae_ci_upper_val,user_attrs_mae_df_val,user_attrs_mae_mean_val,user_attrs_mae_samperror_val,user_attrs_mae_std_val,user_attrs_mae_t_critical_val,user_attrs_mape_ci_lower_val,user_attrs_mape_ci_upper_val,user_attrs_mape_df_val,user_attrs_mape_mean_val,user_attrs_mape_samperror_val,user_attrs_mape_std_val,user_attrs_mape_t_critical_val,user_attrs_max_error_ci_lower_val,user_attrs_max_error_ci_upper_val,user_attrs_max_error_df_val,user_attrs_max_error_mean_val,user_attrs_max_error_samperror_val,user_attrs_max_error_std_val,user_attrs_max_error_t_critical_val,user_attrs_median_ae_ci_lower_val,user_attrs_median_ae_ci_upper_val,user_attrs_median_ae_df_val,user_attrs_median_ae_mean_val,user_attrs_median_ae_samperror_val,user_attrs_median_ae_std_val,user_attrs_median_ae_t_critical_val,user_attrs_n_splits_val,user_attrs_r2_below_zero_val,user_attrs_r2_ci_lower_val,user_attrs_r2_ci_upper_val,user_attrs_r2_df_val,user_attrs_r2_mean_val,user_attrs_r2_samperror_val,user_attrs_r2_std_val,user_attrs_r2_t_critical_val,user_attrs_regressor_final,user_attrs_rfe_estimator,user_attrs_rfe_n_features,user_attrs_rfe_selected_features,user_attrs_rho_ci_lower_val,user_attrs_rho_ci_upper_val,user_attrs_rho_df_val,user_attrs_rho_mean_val,user_attrs_rho_samperror_val,user_attrs_rho_std_val,user_attrs_rho_t_critical_val,user_attrs_rmse_ci_lower_val,user_attrs_rmse_ci_upper_val,user_attrs_rmse_df_val,user_attrs_rmse_mean_val,user_attrs_rmse_samperror_val,user_attrs_rmse_std_val,user_attrs_rmse_t_critical_val,user_attrs_termination_reason,user_attrs_trial_time_seconds,user_attrs_use_scaler_final,state
69,2.859671090750689,2026-06-13 16:44:21.430685,2026-06-13 16:44:30.371262,0 days 00:00:08.940577,6,log2,4,3,278,ExtraTreesRegressor,7,False,-0.015701624314638552,-0.005837011372910724,98.0,-0.010769317843774637,0.004932306470863914,0.024729974600086385,1.9844674545084815,2.832535015120642,2.8868071663807355,98.0,2.859671090750689,0.027136075630046858,0.13605692692480653,1.9844674545084815,868080843242096.9,1100684356052863.9,98.0,984382599647480.4,116301756405383.52,583122622010712.2,1.9844674545084815,8.284917778666482,8.682314083377829,98.0,8.483615931022156,0.1986981523556739,0.9962479602325356,1.9844674545084815,2.5234011164956818,2.6010400604890056,98.0,2.5622205884923437,0.038819471996661886,0.19463603126390164,1.9844674545084815,99.0,0.6060606060606061,-0.021463958017156295,-0.00509358523867205,98.0,-0.013278771627914172,0.008185186389242122,0.04103951218332868,1.9844674545084815,ExtraTreesRegressor,"{'mode': 'original', 'type': 'ExtraTreesRegressor'}",7,"['nodes_T6W30', 'l1_T6W30', 'lcc_T6W30', 'atd_T6W30', 'density_T6W30', 'diameter_T6W30', 'asp_T6W30']",0.05029433839300416,0.09404828634568252,98.0,0.07217131236934334,0.021876973976339177,0.10968844169710674,1.9844674545084815,3.4549428887984956,3.5345268710672024,98.0,3.494734879932849,0.0397919911343534,0.19951212193573628,1.9844674545084815,completed,8.933936834335327,False,COMPLETE
70,2.865627554400796,2026-06-13 16:44:30.380116,2026-06-13 16:44:37.101966,0 days 00:00:06.721850,4,log2,5,2,201,ExtraTreesRegressor,10,True,-0.017617613269867383,-0.008053012861181156,98.0,-0.01283531306552427,0.004782300204343114,0.023977861733048056,1.9844674545084815,2.838141086785951,2.8931140220156406,98.0,2.865627554400796,0.027486467614844648,0.13781374899888285,1.9844674545084815,864245535099996.2,1096690937273629.5,98.0,980468236186812.9,116222701086816.67,582726248421255.0,1.9844674545084815,8.256050659256635,8.654314733913973,98.0,8.455182696585304,0.19913203732866944,0.9984234058227321,1.9844674545084815,2.5064335672009874,2.583194554251619,98.0,2.5448140607263032,0.03838049352531596,0.19243504750295784,1.9844674545084815,99.0,0.5050505050505051,-0.018398729927144336,-0.003184686355961126,98.0,-0.010791708141552732,0.007607021785591606,0.03814066637003478,1.9844674545084815,ExtraTreesRegressor,"{'mode': 'original', 'type': 'ExtraTreesRegressor'}",10,"['nodes_T6W30', 're_T6W30', 'l1_T6W30', 'l2_T6W30', 'l3_T6W30', 'lcc_T6W30', 'atd_T6W30', 'density_T6W30', 'diameter_T6W30', 'asp_T6W30']",0.052554936217649964,0.09740190233130648,98.0,0.07497841927447822,0.022423483056828255,0.11242857063253442,1.9844674545084815,3.450622877933784,3.530809119226237,98.0,3.4907159985800105,0.040093120646226305,0.20102194806352125,1.9844674545084815,completed,6.715286016464233,True,COMPLETE
71,2.885756712692579,2026-06-13 16:44:37.110891,2026-06-13 16:44:45.896691,0 days 00:00:08.785800,9,log2,5,5,262,ExtraTreesRegressor,10,True,-0.02507545588967543,-0.014789843577832518,98.0,-0.019932649733753974,0.005142806155921457,0.02578539398563147,1.9844674545084815,2.8574341091040982,2.9140793162810597,98.0,2.885756712692579,0.028322603588480735,0.1420060313544878,1.9844674545084815,867209229746206.2,1099972290585536.2,98.0,983590760165871.2,116381530419664.97,583522599051591.9,1.9844674545084815,8.364019200062,8.772986393926654,98.0,8.568502796994327,0.204483596932327,1.0252554637759597,1.9844674545084815,2.5398802790197386,2.6222697921741642,98.0,2.5810750355969514,0.04119475657721303,0.20654541436732385,1.9844674545084815,99.0,0.696969696969697,-0.036885888759741844,-0.019805920921536088,98.0,-0.028345904840638966,0.008539983919102878,0.042818423115457575,1.9844674545084815,ExtraTreesRegressor,"{'mode': 'original', 'type': 'ExtraTreesRegressor'}",10,"['nodes_T6W30', 're_T6W30', 'l1_T6W30', 'l2_T6W30', 'l3_T6W30', 'lcc_T6W30', 'atd_T6W30', 'density_T6W30', 'diameter_T6W30', 'asp_T6W30']",0.007614813224474951,0.05198130082064391,98.0,0.02979805702255943,0.02218324379808448,0.1112240407028205,1.9844674545084815,3.480025982366942,3.5613639897915155,98.0,3.5206949860792287,0.040669003712286565,0.20390935452952613,1.9844674545084815,completed,8.778839826583862,True,COMPLETE
72,2.8479461717614503,2026-06-13 16:44:45.905067,2026-06-13 16:44:49.074818,0 days 00:00:03.169751,16,log2,5,8,79,ExtraTreesRegressor,3,True,-0.009967580449051956,-0.003225410053538389,98.0,-0.006596495251295172,0.003371085197756783,0.016902204234006242,1.9844674545084815,2.8224781652154496,2.873414178307451,98.0,2.8479461717614503,0.02546800654600057,0.12769343484998646,1.9844674545084815,873386073932037.5,1109075965819986.5,98.0,991231019876012.0,117844945943974.53,590859983490156.2,1.9844674545084815,8.199484760374656,8.58609431038889,98.0,8.392789535381773,0.19330477500711676,0.9692062332785457,1.9844674545084815,2.512603554722688,2.5716779079458347,98.0,2.5421407313342614,0.029537176611573276,0.14809575026965646,1.9844674545084815,99.0,0.3434343434343434,-0.0006698933895321023,0.008720338866360353,98.0,0.004025222738414125,0.0046951161279462274,0.02354073155722397,1.9844674545084815,ExtraTreesRegressor,"{'mode': 'original', 'type': 'ExtraTreesRegressor'}",3,"['nodes_T6W30', 'atd_T6W30', 'density_T6W30']",0.09021438350850301,0.13329562829154729,98.0,0.11175500590002516,0.021540622391522143,0.10800201645196841,1.9844674545084815,3.4266938507681393,3.5043018083316606,98.0,3.4654978295499,0.038803978781760735,0.194558350200642,1.9844674545084815,completed,3.1630289554595947,True,COMPLETE
73,2.8552460381933606,2026-06-13 16:44:49.083594,2026-06-13 16:45:00.239949,0 days 00:00:11.156355,11,log2,5,5,350,ExtraTreesRegressor,6,False,-0.01389433358028229,-0.004557598491144555,98.0,-0.009225966035713422,0.004668367544568867,0.02340661746852775,1.9844674545084815,2.828783637441347,2.8817084389453744,98.0,2.8552460381933606,0.026462400752013858,0.1326792044088019,1.9844674545084815,868375278858644.8,1100581546143936.5,98.0,984478412501290.6,116103133642645.88,582126752044700.1,1.9844674545084815,8.276278904944691,8.678791203493232,98.0,8.477535054218961,0.20125614927427013,1.009073440400418,1.9844674545084815,2.5437725062991676,2.6180850317200877,98.0,2.5809287690096276,0.037156262710460096,0.1862969056143972,1.9844674545084815,99.0,0.5656565656565656,-0.01773455944415126,-0.002824786806389228,98.0,-0.010279673125270245,0.007454886318881017,0.03737787795659173,1.9844674545084815,ExtraTreesRegressor,"{'mode': 'original', 'type': 'ExtraTreesRegressor'}",6,"['nodes_T6W30', 'l1_T6W30', 'lcc_T6W30', 'atd_T6W30', 'density_T6W30', 'asp_T6W30']",0.05014507963221233,0.09177362221553516,98.0,0.07095935092387375,0.02081427129166141,0.1043601818748979,1.9844674545084815,3.4505944905547747,3.5285651668265117,98.0,3.489579828690643,0.03898533813586854,0.1954676635709826,1.9844674545084815,completed,11.14963674545288,False,COMPLETE
74,2.966155386553688,2026-06-13 16:45:00.248161,2026-06-13 16:45:14.692409,0 days 00:00:14.444248,11,,5,4,387,ExtraTreesRegressor,9,True,-0.054886685473226234,-0.0416817582339405,98.0,-0.048284221853583366,0.00660246361964287,0.03310393597321694,1.9844674545084815,2.9342533636342116,2.998057409473164,98.0,2.966155386553688,0.03190202291947603,0.15995279716506153,1.9844674545084815,872160973670090.5,1106011444103291.2,98.0,989086208886690.9,116925235216600.34,586248667656124.9,1.9844674545084815,8.646737800750248,9.071073642406237,98.0,8.858905721578243,0.21216792082799366,1.0637837133649168,1.9844674545084815,2.6112734377173723,2.7208491360182014,98.0,2.666061286867787,0.05478784915041467,0.274699499288373,1.9844674545084815,99.0,0.9696969696969697,-0.10506607842008392,-0.08075117533424167,98.0,-0.0929086268771628,0.012157451542921128,0.060955958360300315,1.9844674545084815,ExtraTreesRegressor,"{'mode': 'original', 'type': 'ExtraTreesRegressor'}",9,"['nodes_T6W30', 're_T6W30', 'l1_T6W30', 'l2_T6W30', 'l3_T6W30', 'lcc_T6W30', 'atd_T6W30', 'density_T6W30', 'asp_T6W30']",-0.06372081458023032,-0.02095293181081014,98.0,-0.04233687319552023,0.02138394138471009,0.10721643726266482,1.9844674545084815,3.5855496731150134,3.6717096617324763,98.0,3.628629667423745,0.043079994308731426,0.21599776318039515,1.9844674545084815,completed,14.437939882278442,True,COMPLETE
75,2.993031748165934,2026-06-13 16:45:14.700682,2026-06-13 16:45:27.917022,0 days 00:00:13.216340,8,,4,3,333,ExtraTreesRegressor,11,False,-0.06494375604238257,-0.05076024112118342,98.0,-0.057851998581783,0.007091757460599579,0.035557194774209225,1.9844674545084815,2.960839216488542,3.0252242798433255,98.0,2.993031748165934,0.032192531677391674,0.1614093721461166,1.9844674545084815,883524105167984.5,1120240618741929.0,98.0,1001882361954956.8,118358256786972.27,593433660568875.9,1.9844674545084815,8.66169415038495,9.079852083010564,98.0,8.870773116697757,0.20907896631280806,1.048296077478418,1.9844674545084815,2.6138390654877828,2.7209553533685975,98.0,2.66739720942819,0.05355814394040733,0.2685339094596151,1.9844674545084815,99.0,0.9595959595959596,-0.12531258333890227,-0.09915568110625106,98.0,-0.11223413222257667,0.013078451116325614,0.06557373630891873,1.9844674545084815,ExtraTreesRegressor,"{'mode': 'original', 'type': 'ExtraTreesRegressor'}",11,"['nodes_T6W30', 're_T6W30', 'l1_T6W30', 'l2_T6W30', 'l3_T6W30', 'lcc_T6W30', 'lsc_T6W30', 'atd_T6W30', 'density_T6W30', 'diameter_T6W30', 'asp_T6W30']",-0.07844744656636816,-0.036408440374520096,98.0,-0.05742794347044413,0.02101950309592403,0.10538918875768707,1.9844674545084815,3.617041840523292,3.7032551469641475,98.0,3.6601484937437196,0.04310665322042774,0.21613142766637353,1.9844674545084815,completed,13.210386991500854,False,COMPLETE
76,2.9275478520607336,2026-06-13 16:45:27.925105,2026-06-13 16:45:33.881694,0 days 00:00:05.956589,16,log2,3,2,162,ExtraTreesRegressor,11,False,-0.04089447941005198,-0.028590454751758178,98.0,-0.03474246708090508,0.0061520123291469025,0.030845428916053016,1.9844674545084815,2.8978559766831005,2.957239727438367,98.0,2.9275478520607336,0.029691875377633247,0.14887139074899952,1.9844674545084815,874121676958887.4,1108963761138868.1,98.0,991542719048877.8,117421042089990.39,588734581996183.4,1.9844674545084815,8.49956410579972,8.913051506697851,98.0,8.706307806248786,0.20674370044906606,1.0365873432714228,1.9844674545084815,2.5643989884290215,2.651415559589237,98.0,2.607907274009129,0.04350828558010751,0.2181451626425202,1.9844674545084815,99.0,0.9090909090909091,-0.07666662518619424,-0.055016965337861906,98.0,-0.06584179526202807,0.010824829924166172,0.05427435838714136,1.9844674545084815,ExtraTreesRegressor,"{'mode': 'original', 'type': 'ExtraTreesRegressor'}",11,"['nodes_T6W30', 're_T6W30', 'l1_T6W30', 'l2_T6W30', 'l3_T6W30', 'lcc_T6W30', 'lsc_T6W30', 'atd_T6W30', 'density_T6W30', 'diameter_T6W30', 'asp_T6W30']",-0.044174401357947875,-0.00047754915723970115,98.0,-0.022325975257593788,0.021848426100354087,0.10954530617781812,1.9844674545084815,3.5421845218624353,3.6249342785213305,98.0,3.583559400191883,0.041374878329447806,0.20744852255494398,1.9844674545084815,completed,5.949650049209595,False,COMPLETE
77,2.949764620122466,2026-06-13 16:45:33.890001,2026-06-13 16:45:38.216840,0 days 00:00:04.326839,9,log2,1,10,107,ExtraTreesRegressor,9,False,-0.04892371803835191,-0.036090281243458505,98.0,-0.04250699964090521,0.006416718397446699,0.03217263240274068,1.9844674545084815,2.918439226866834,2.9810900133780978,98.0,2.949764620122466,0.03132539325563209,0.15706164735011108,1.9844674545084815,869070640515946.0,1102173539236461.5,98.0,985622089876203.8,116551449360257.8,584374551603558.5,1.9844674545084815,8.554067830050348,8.983688382478986,98.0,8.768878106264667,0.21481027621431806,1.0770321564562397,1.9844674545084815,2.5653173371195575,2.6697152558959782,98.0,2.617516296507768,0.052198959388210404,0.26171912622357413,1.9844674545084815,99.0,0.9292929292929293,-0.08851292516421162,-0.06439527098969049,98.0,-0.07645409807695105,0.012058827087260563,0.06046146753783407,1.9844674545084815,ExtraTreesRegressor,"{'mode': 'original', 'type': 'ExtraTreesRegressor'}",9,"['nodes_T6W30', 're_T6W30', 'l1_T6W30', 'l2_T6W30', 'l3_T6W30', 'atd_T6W30', 'density_T6W30', 'diameter_T6W30', 'asp_T6W30']",-0.03333584335515763,0.010155135921890952,98.0,-0.011590353716633337,0.02174548963852429,0.10902919548974326,1.9844674545084815,3.55817771501446,3.6443487962159766,98.0,3.601263255615218,0.04308554060075824,0.2160255716026329,1.9844674545084815,completed,4.320265769958496,False,COMPLETE
78,2.8843571176394858,2026-06-13 16:45:38.225609,2026-06-13 16:45:43.874103,0 days 00:00:05.648494,8,sqrt,5,3,163,ExtraTreesRegressor,13,True,-0.024542741702126076,-0.014324355503527026,98.0,-0.01943354860282655,0.005109193099299526,0.0256168622771089,1.9844674545084815,2.85609526843054,2.9126189668484317,98.0,2.8843571176394858,0.028261849208946067,0.14170141640981404,1.9844674545084815,872322288071923.0,1107165435773757.5,98.0,989743861922840.2,117421573850917.27,588737248179700.6,1.9844674545084815,8.331792113348223,8.736457979539944,98.0,8.534125046444084,0.20233293309586045,1.0144723013015025,1.9844674545084815,2.5165604113248383,2.599919162025321,98.0,2.5582397866750797,0.04167937535024141,0.20897523295595216,1.9844674545084815,99.0,0.6767676767676768,-0.03455431542824747,-0.018219829012443366,98.0,-0.026387072220345417,0.00816724320790205,0.04094954729136466,1.9844674545084815,ExtraTreesRegressor,"{'mode': 'original', 'type': 'ExtraTreesRegressor'}",13,"['nodes_T6W30', 'edges_T6W30', 're_T6W30', 'pe_T6W30', 'l1_T6W30', 'l2_T6W30', 'l3_T6W30', 'lcc_T6W30', 'lsc_T6W30', 'atd_T6W30', 'density_T6W30', 'diameter_T6W30', 'asp_T6W30']",0.0037127502758271466,0.04955427841561895,98.0,0.026633514345723048,0.0229207640698959,0.11492187612660973,1.9844674545084815,3.476771942969914,3.5582740927207848,98.0,3.5175230178453494,0.0407510748754356,0.20432084919070836,1.9844674545084815,completed,5.640889883041382,True,COMPLETE
79,2.8840674315159296,2026-06-13 16:45:43.882684,2026-06-13 16:45:52.864835,0 days 00:00:08.982151,13,sqrt,5,2,278,ExtraTreesRegressor,13,False,-0.024415400346251004,-0.014311979700073689,98.0,-0.019363690023162346,0.005051710323088657,0.02532865074685736,1.9844674545084815,2.8562621854873953,2.911872677544464,98.0,2.8840674315159296,0.027805246028534326,0.13941206453749957,1.9844674545084815,873163252419282.8,1107744357800996.2,98.0,990453805110139.5,117290552690856.7,588080324288309.9,1.9844674545084815,8.316343997949764,8.7199321658286,98.0,8.518138081889182,0.20179408393941775,1.0117705782778372,1.9844674545084815,2.5216336698635127,2.6042539396063873,98.0,2.56294380473495,0.04131013487143737,0.20712390686417584,1.9844674545084815,99.0,0.6767676767676768,-0.03392675499888825,-0.0176949232617508,98.0,-0.025810839130319525,0.008115915868568725,0.040692198360291275,1.9844674545084815,ExtraTreesRegressor,"{'mode': 'original', 'type': 'ExtraTreesRegressor'}",13,"['nodes_T6W30', 'edges_T6W30', 're_T6W30', 'pe_T6W30', 'l1_T6W30', 'l2_T6W30', 'l3_T6W30', 'lcc_T6W30', 'lsc_T6W30', 'atd_T6W30', 'density_T6W30', 'diameter_T6W30', 'asp_T6W30']",0.004055375768583572,0.05024833621204627,98.0,0.02715185599031492,0.023096480221731348,0.11580289517872763,1.9844674545084815,3.4761068922710527,3.556745954558123,98.0,3.516426423414588,0.04031953114353502,0.20215714229378914,1.9844674545084815,completed,8.975713014602661,False,COMPLETE
80,2.848449595129649,2026-06-13 16:45:52.873448,2026-06-13 16:46:02.623205,0 days 00:00:09.749757,13,sqrt,4,6,309,ExtraTreesRegressor,3,True,-0.010078596214429093,-0.00353654015713389,98.0,-0.006807568185781492,0.0032710280286476017,0.01640052996351161,1.9844674545084815,2.823524576092695,2.8733746141666034,98.0,2.848449595129649,0.02492501903695424,0.12497096263821252,1.9844674545084815,882237693847194.5,1119775222775162.5,98.0,1001006458311178.5,118768764463983.97,595491895288394.8,1.9844674545084815,8.170027480170187,8.522331677960445,98.0,8.346179579065316,0.1761520988951283,0.8832048367556964,1.9844674545084815,2.529840015261919,2.5856292209756795,98.0,2.557734618118799,0.027894602856880404,0.1398600886228634,1.9844674545084815,99.0,0.37373737373737376,0.0012479499882777972,0.009496284902832587,98.0,0.005372117445555192,0.0041241674572773945,0.02067806553940853,1.9844674545084815,ExtraTreesRegressor,"{'mode': 'original', 'type': 'ExtraTreesRegressor'}",3,"['nodes_T6W30', 'l1_T6W30', 'density_T6W30']",0.0881008460920899,0.13342956906950948,98.0,0.11076520758079969,0.022664361488709785,0.11363630529730588,1.9844674545084815,3.425095614256956,3.5009868355525695,98.0,3.463041224904763,0.037945610647806875,0.19025459854295468,1.9844674545084815,completed,9.74324893951416,True,COMPLETE
81,2.8730012093183213,2026-06-13 16:46:02.631399,2026-06-13 16:46:06.856124,0 days 00:00:04.224725,19,sqrt,3,11,106,ExtraTreesRegressor,6,True,-0.020778264316148105,-0.010152609943354434,98.0,-0.015465437129751269,0.005312827186396835,0.026637858403642408,1.9844674545084815,2.845012505631703,2.9009899130049397,98.0,2.8730012093183213,0.027988703686618276,0.14033189854445105,1.9844674545084815,866356248904995.8,1099195951243681.5,98.0,982776100074338.6,116419851169342.89,583714734550833.2,1.9844674545084815,8.405316746298892,8.80339091996961,98.0,8.604353833134251,0.1990370868353586,0.9979473357930789,1.9844674545084815,2.5323926399203676,2.6187176418844076,98.0,2.5755551409023876,0.04316250098201992,0.21641144143555124,1.9844674545084815,99.0,0.6666666666666666,-0.03539227292341325,-0.016994989498143064,98.0,-0.026193631210778157,0.009198641712635094,0.046120851827140534,1.9844674545084815,ExtraTreesRegressor,"{'mode': 'original', 'type': 'ExtraTreesRegressor'}",6,"['nodes_T6W30', 'l1_T6W30', 'l3_T6W30', 'atd_T6W30', 'density_T6W30', 'diameter_T6W30']",0.021984774597492797,0.06658745685675038,98.0,0.04428611572712159,0.022301341129628796,0.11181616611649485,1.9844674545084815,3.4766089488687877,3.5565759432640816,98.0,3.5165924460664346,0.03998349719764691,0.20047230965095372,1.9844674545084815,completed,4.218117713928223,True,COMPLETE
82,2.9301727554851107,2026-06-13 16:46:06.864258,2026-06-13 16:46:14.543157,0 days 00:00:07.678899,9,,5,7,200,ExtraTreesRegressor,7,True,-0.04214901843006775,-0.029159933412303073,98.0,-0.03565447592118541,0.006494542508882337,0.03256283287192209,1.9844674545084815,2.8997516417798876,2.9605938691903337,98.0,2.9301727554851107,0.030421113705222876,0.15252770152880032,1.9844674545084815,874766937754831.4,1108543346314818.4,98.0,991655142034824.9,116888204279993.52,586062999120093.2,1.9844674545084815,8.537902999525782,8.975463395280249,98.0,8.756683197403015,0.21878019787723274,1.09693685266037,1.9844674545084815,2.602337153732498,2.6962463349128214,98.0,2.64929174432266,0.04695459059016159,0.235424509711937,1.9844674545084815,99.0,0.9090909090909091,-0.08382763653705091,-0.06019433206850605,98.0,-0.07201098430277848,0.011816652234272432,0.05924723277797999,1.9844674545084815,ExtraTreesRegressor,"{'mode': 'original', 'type': 'ExtraTreesRegressor'}",7,"['nodes_T6W30', 'l1_T6W30', 'l2_T6W30', 'lcc_T6W30', 'atd_T6W30', 'density_T6W30', 'asp_T6W30']",-0.013300273014862106,0.027746941621773068,98.0,0.007223334303455481,0.020523607318317587,0.10290282866288351,1.9844674545084815,3.5525794840595086,3.633933384325151,98.0,3.59325643419233,0.04067695013282124,0.203949196899246,1.9844674545084815,completed,7.6726930141448975,True,COMPLETE
