number,value,datetime_start,datetime_complete,duration,params_et_max_depth,params_et_max_features,params_et_min_samples_leaf,params_et_min_samples_split,params_et_n_estimators,params_regressor,params_rfe_n_features,params_use_scaler,user_attrs_d2mae_ci_lower_val,user_attrs_d2mae_ci_upper_val,user_attrs_d2mae_df_val,user_attrs_d2mae_mean_val,user_attrs_d2mae_samperror_val,user_attrs_d2mae_std_val,user_attrs_d2mae_t_critical_val,user_attrs_mae_ci_lower_val,user_attrs_mae_ci_upper_val,user_attrs_mae_df_val,user_attrs_mae_mean_val,user_attrs_mae_samperror_val,user_attrs_mae_std_val,user_attrs_mae_t_critical_val,user_attrs_mape_ci_lower_val,user_attrs_mape_ci_upper_val,user_attrs_mape_df_val,user_attrs_mape_mean_val,user_attrs_mape_samperror_val,user_attrs_mape_std_val,user_attrs_mape_t_critical_val,user_attrs_max_error_ci_lower_val,user_attrs_max_error_ci_upper_val,user_attrs_max_error_df_val,user_attrs_max_error_mean_val,user_attrs_max_error_samperror_val,user_attrs_max_error_std_val,user_attrs_max_error_t_critical_val,user_attrs_median_ae_ci_lower_val,user_attrs_median_ae_ci_upper_val,user_attrs_median_ae_df_val,user_attrs_median_ae_mean_val,user_attrs_median_ae_samperror_val,user_attrs_median_ae_std_val,user_attrs_median_ae_t_critical_val,user_attrs_n_splits_val,user_attrs_r2_below_zero_val,user_attrs_r2_ci_lower_val,user_attrs_r2_ci_upper_val,user_attrs_r2_df_val,user_attrs_r2_mean_val,user_attrs_r2_samperror_val,user_attrs_r2_std_val,user_attrs_r2_t_critical_val,user_attrs_regressor_final,user_attrs_rfe_estimator,user_attrs_rfe_n_features,user_attrs_rfe_selected_features,user_attrs_rho_ci_lower_val,user_attrs_rho_ci_upper_val,user_attrs_rho_df_val,user_attrs_rho_mean_val,user_attrs_rho_samperror_val,user_attrs_rho_std_val,user_attrs_rho_t_critical_val,user_attrs_rmse_ci_lower_val,user_attrs_rmse_ci_upper_val,user_attrs_rmse_df_val,user_attrs_rmse_mean_val,user_attrs_rmse_samperror_val,user_attrs_rmse_std_val,user_attrs_rmse_t_critical_val,user_attrs_termination_reason,user_attrs_trial_time_seconds,user_attrs_use_scaler_final,state
143,2.977608180757209,2026-06-13 16:54:52.732169,2026-06-13 16:54:54.592801,0 days 00:00:01.860632,14,log2,1,3,270,ExtraTreesRegressor,10,False,,,,,,,,,,,,,,,,,,,,,,,,,,,,,,,,,,,,,,,,,,,,,ExtraTreesRegressor,"{'mode': 'original', 'type': 'ExtraTreesRegressor'}",10,"['nodes_T6W30', 're_T6W30', 'pe_T6W30', 'l1_T6W30', 'l2_T6W30', 'l3_T6W30', 'lcc_T6W30', 'atd_T6W30', 'density_T6W30', 'asp_T6W30']",,,,,,,,,,,,,,,pruned,,False,PRUNED
144,2.966314561356583,2026-06-13 16:54:54.598554,2026-06-13 16:54:57.120417,0 days 00:00:02.521863,10,,1,11,353,ExtraTreesRegressor,10,True,,,,,,,,,,,,,,,,,,,,,,,,,,,,,,,,,,,,,,,,,,,,,ExtraTreesRegressor,"{'mode': 'original', 'type': 'ExtraTreesRegressor'}",10,"['nodes_T6W30', 're_T6W30', 'l1_T6W30', 'l2_T6W30', 'l3_T6W30', 'lsc_T6W30', 'atd_T6W30', 'density_T6W30', 'diameter_T6W30', 'asp_T6W30']",,,,,,,,,,,,,,,pruned,,True,PRUNED
145,2.888796238106205,2026-06-13 16:54:57.126145,2026-06-13 16:55:11.178760,0 days 00:00:14.052615,12,sqrt,5,2,441,ExtraTreesRegressor,9,False,-0.02652105712872665,-0.015544746883113376,98.0,-0.021032902005920014,0.005488155122806637,0.027516930991631963,1.9844674545084815,2.8602525225475786,2.9173399536648317,98.0,2.888796238106205,0.02854371555862645,0.14311465942490065,1.9844674545084815,869010004019232.4,1100976531291107.1,98.0,984993267655169.8,115983263635937.4,581525738657003.4,1.9844674545084815,8.375646212820465,8.778293893549906,98.0,8.576970053185185,0.201323840364721,1.0094128351556693,1.9844674545084815,2.5470323128648786,2.6351843465014246,98.0,2.5911083296831516,0.0440760168182732,0.22099169685170816,1.9844674545084815,99.0,0.7575757575757576,-0.04187142696313427,-0.023359762015247355,98.0,-0.03261559448919081,0.009255832473943456,0.04640759923078831,1.9844674545084815,ExtraTreesRegressor,"{'mode': 'original', 'type': 'ExtraTreesRegressor'}",9,"['nodes_T6W30', 're_T6W30', 'l1_T6W30', 'l3_T6W30', 'lcc_T6W30', 'atd_T6W30', 'density_T6W30', 'diameter_T6W30', 'asp_T6W30']",0.004352384402163359,0.04928664772649651,98.0,0.026819516064329935,0.022467131662166576,0.1126474193410894,1.9844674545084815,3.487175047766139,3.568202748224194,98.0,3.5276888979951666,0.04051385022902746,0.2031314341543876,1.9844674545084815,completed,14.046355962753296,False,COMPLETE
146,2.961074791525222,2026-06-13 16:55:11.187182,2026-06-13 16:55:15.175673,0 days 00:00:03.988491,14,sqrt,1,12,98,ExtraTreesRegressor,11,False,-0.0534086165613469,-0.03970963473110275,98.0,-0.04655912564622482,0.006849490915122074,0.03434250027955428,1.9844674545084815,2.9296212958039343,2.9925282872465093,98.0,2.961074791525222,0.03145349572128753,0.1577039372687488,1.9844674545084815,883003982494924.2,1119026549038783.8,98.0,1001015265766854.0,118011283271929.78,591693978279344.5,1.9844674545084815,8.656820651387918,9.110806059094404,98.0,8.883813355241161,0.22699270385324416,1.1381133418727785,1.9844674545084815,2.6120471198499398,2.7140354682167502,98.0,2.663041294033345,0.05099417418340508,0.25567848221870615,1.9844674545084815,99.0,0.9696969696969697,-0.11204939025497046,-0.08657020303035567,98.0,-0.09930979664266307,0.0127395936123074,0.0638747466948465,1.9844674545084815,ExtraTreesRegressor,"{'mode': 'original', 'type': 'ExtraTreesRegressor'}",11,"['nodes_T6W30', 'edges_T6W30', 'pe_T6W30', 'l1_T6W30', 'l2_T6W30', 'l3_T6W30', 'lcc_T6W30', 'atd_T6W30', 'density_T6W30', 'diameter_T6W30', 'asp_T6W30']",-0.06885167373084813,-0.023387661085142432,98.0,-0.04611966740799528,0.022732006322852848,0.11397546812915076,1.9844674545084815,3.596290590128898,3.6814379137587614,98.0,3.6388642519438297,0.04257366181493183,0.21345907468144845,1.9844674545084815,completed,3.982095956802368,False,COMPLETE
147,2.867277270722504,2026-06-13 16:55:15.183949,2026-06-13 16:55:29.084057,0 days 00:00:13.900108,9,sqrt,4,5,446,ExtraTreesRegressor,7,False,-0.018504564091391524,-0.008442795693891374,98.0,-0.01347367989264145,0.005030884198750075,0.025224231135271228,1.9844674545084815,2.8401406832216134,2.8944138582233947,98.0,2.867277270722504,0.027136587500890687,0.13605949338190754,1.9844674545084815,871135699298522.8,1104308837001241.5,98.0,987722268149882.1,116586568851359.31,584550636388240.6,1.9844674545084815,8.325470000653729,8.724699807588829,98.0,8.525084904121279,0.19961490346754987,1.0008444369205145,1.9844674545084815,2.550415528941043,2.627424649059714,98.0,2.5889200890003785,0.03850456005933526,0.19305710175955001,1.9844674545084815,99.0,0.6161616161616161,-0.02760196147337822,-0.01089655317115911,98.0,-0.019249257322268665,0.008352704151109556,0.041879425522152354,1.9844674545084815,ExtraTreesRegressor,"{'mode': 'original', 'type': 'ExtraTreesRegressor'}",7,"['nodes_T6W30', 'l1_T6W30', 'lcc_T6W30', 'atd_T6W30', 'density_T6W30', 'diameter_T6W30', 'asp_T6W30']",0.03630789891573297,0.07956906921803288,98.0,0.05793848406688292,0.021630585151149954,0.10845307860183515,1.9844674545084815,3.4653294435970627,3.5444215562365287,98.0,3.5048754999167957,0.03954605631973298,0.19827903519330303,1.9844674545084815,completed,13.893495798110962,False,COMPLETE
148,2.8495658973713565,2026-06-13 16:55:29.092473,2026-06-13 16:55:38.096466,0 days 00:00:09.003993,2,log2,2,5,295,ExtraTreesRegressor,7,True,-0.011009719494049974,-0.0033291421929661827,98.0,-0.0071694308435080786,0.003840288650541896,0.019254732313555258,1.9844674545084815,2.8235447697685276,2.8755870249741853,98.0,2.8495658973713565,0.02602112760282867,0.1304667154169858,1.9844674545084815,871802630655720.0,1107003003521449.2,98.0,989402817088584.6,117600186432864.67,589632789574159.4,1.9844674545084815,8.148185952520238,8.523387857138877,98.0,8.335786904829558,0.18760095230931995,0.9406079717404291,1.9844674545084815,2.516793907265454,2.591319193976703,98.0,2.5540565506210786,0.03726264335562441,0.18683028501172272,1.9844674545084815,99.0,0.3333333333333333,-0.0005214615568975029,0.010727848708018876,98.0,0.005103193575560687,0.0056246551324581895,0.028201325157228726,1.9844674545084815,ExtraTreesRegressor,"{'mode': 'original', 'type': 'ExtraTreesRegressor'}",7,"['nodes_T6W30', 'l1_T6W30', 'lcc_T6W30', 'atd_T6W30', 'density_T6W30', 'diameter_T6W30', 'asp_T6W30']",0.1185864710259338,0.165210080240557,98.0,0.1418982756332454,0.0233118046073116,0.11688250501595782,1.9844674545084815,3.4244878382286226,3.5024527904305875,98.0,3.463470314329605,0.038982476100982336,0.19545331368204963,1.9844674545084815,completed,8.998045206069946,True,COMPLETE
149,2.8600543335314157,2026-06-13 16:55:38.104589,2026-06-13 16:55:43.411830,0 days 00:00:05.307241,3,sqrt,4,8,152,ExtraTreesRegressor,12,False,-0.015185908729708179,-0.006566322212326331,98.0,-0.010876115471017255,0.004309793258690924,0.021608770348851006,1.9844674545084815,2.833379148453732,2.8867295186090995,98.0,2.8600543335314157,0.02667518507768369,0.1337460786998047,1.9844674545084815,868252576865560.1,1102793852722310.9,98.0,985523214793935.5,117270637928375.4,587980474132355.9,1.9844674545084815,8.183560931572162,8.572095413420842,98.0,8.377828172496502,0.1942672409243405,0.9740319183463723,1.9844674545084815,2.5158804542792437,2.5924501753437363,98.0,2.55416531481149,0.0382848605322464,0.19195555550392837,1.9844674545084815,99.0,0.47474747474747475,-0.010136778846866371,0.0029165442816017897,98.0,-0.0036101172826322903,0.00652666156423408,0.032723873842859214,1.9844674545084815,ExtraTreesRegressor,"{'mode': 'original', 'type': 'ExtraTreesRegressor'}",12,"['nodes_T6W30', 're_T6W30', 'pe_T6W30', 'l1_T6W30', 'l2_T6W30', 'l3_T6W30', 'lcc_T6W30', 'lsc_T6W30', 'atd_T6W30', 'density_T6W30', 'diameter_T6W30', 'asp_T6W30']",0.07602355697846311,0.12197666017773515,98.0,0.09900010857809913,0.022976551599636026,0.11520158790073093,1.9844674545084815,3.4388293130378855,3.5182408739318216,98.0,3.4785350934848536,0.03970578044696825,0.19907987221202492,1.9844674545084815,completed,5.300252914428711,False,COMPLETE
150,2.9621894569692926,2026-06-13 16:55:43.420752,2026-06-13 16:55:43.962533,0 days 00:00:00.541781,8,,2,6,61,ExtraTreesRegressor,11,True,,,,,,,,,,,,,,,,,,,,,,,,,,,,,,,,,,,,,,,,,,,,,ExtraTreesRegressor,"{'mode': 'original', 'type': 'ExtraTreesRegressor'}",11,"['re_T6W30', 'pe_T6W30', 'l1_T6W30', 'l2_T6W30', 'l3_T6W30', 'lcc_T6W30', 'lsc_T6W30', 'atd_T6W30', 'density_T6W30', 'diameter_T6W30', 'asp_T6W30']",,,,,,,,,,,,,,,pruned,,True,PRUNED
151,2.861188374381564,2026-06-13 16:55:43.969731,2026-06-13 16:55:57.835863,0 days 00:00:13.866132,2,log2,1,4,480,ExtraTreesRegressor,13,True,-0.014925165507790179,-0.0076339760802690134,98.0,-0.011279570794029596,0.003645594713760583,0.018278560994957255,1.9844674545084815,2.835339709122718,2.8870370396404095,98.0,2.861188374381564,0.02584866525884547,0.12960201055499676,1.9844674545084815,872365271992290.0,1108002143187916.2,98.0,990183707590103.1,117818435597813.12,590727063893394.9,1.9844674545084815,8.153393118505708,8.521851994320283,98.0,8.337622556412995,0.18422943790728802,0.9237036155292726,1.9844674545084815,2.527410527192447,2.5984651110560866,98.0,2.562937819124267,0.03552729193181972,0.17812944760706795,1.9844674545084815,99.0,0.45454545454545453,-0.005695969262405441,0.004578874610776968,98.0,-0.0005585473258142365,0.005137421936591204,0.02575839817584856,1.9844674545084815,ExtraTreesRegressor,"{'mode': 'original', 'type': 'ExtraTreesRegressor'}",13,"['nodes_T6W30', 'edges_T6W30', 're_T6W30', 'pe_T6W30', 'l1_T6W30', 'l2_T6W30', 'l3_T6W30', 'lcc_T6W30', 'lsc_T6W30', 'atd_T6W30', 'density_T6W30', 'diameter_T6W30', 'asp_T6W30']",0.08785752705067434,0.13322816749817906,98.0,0.1105428472744267,0.022685320223752352,0.11374138980256003,1.9844674545084815,3.4345443039023738,3.512167442454522,98.0,3.473355873178448,0.03881156927607403,0.1945964080003101,1.9844674545084815,completed,13.859747171401978,True,COMPLETE
152,2.8845481143442155,2026-06-13 16:55:57.844338,2026-06-13 16:56:05.071642,0 days 00:00:07.227304,3,,2,7,208,ExtraTreesRegressor,8,False,-0.025342866498243844,-0.013697841130718005,98.0,-0.019520353814480924,0.005822512683762919,0.029193358447760293,1.9844674545084815,2.8553318312910285,2.9137643973974026,98.0,2.8845481143442155,0.029216283053187145,0.1464868296571402,1.9844674545084815,856311895508189.1,1087159273603706.4,98.0,971735584555947.8,115423689047758.67,578720100882007.1,1.9844674545084815,8.298721829218945,8.722314796351537,98.0,8.51051831278524,0.21179648356629668,1.061921372875421,1.9844674545084815,2.496985657417695,2.578941080085425,98.0,2.53796336875156,0.040977711333864804,0.20545717636208669,1.9844674545084815,99.0,0.6262626262626263,-0.03754908043381898,-0.01766534049040825,98.0,-0.027607210462113615,0.009941869971705366,0.049847306393061876,1.9844674545084815,ExtraTreesRegressor,"{'mode': 'original', 'type': 'ExtraTreesRegressor'}",8,"['nodes_T6W30', 'l1_T6W30', 'l2_T6W30', 'l3_T6W30', 'atd_T6W30', 'density_T6W30', 'diameter_T6W30', 'asp_T6W30']",0.043900864967616846,0.09043519515456631,98.0,0.06716803006109158,0.023267165093474738,0.11665868801475017,1.9844674545084815,3.477947852711211,3.560078515257182,98.0,3.5190131839841965,0.04106533127298571,0.20589649189969997,1.9844674545084815,completed,7.22023606300354,False,COMPLETE
153,2.9336166354708957,2026-06-13 16:56:05.080820,2026-06-13 16:56:17.717474,0 days 00:00:12.636654,7,log2,1,6,372,ExtraTreesRegressor,8,False,-0.04348507488552421,-0.030080709522359195,98.0,-0.0367828922039417,0.006702182681582508,0.03360391501618175,1.9844674545084815,2.90180795887237,2.965425312069421,98.0,2.9336166354708957,0.031808676598525445,0.15948477025721303,1.9844674545084815,863616433530917.1,1094939191193735.1,98.0,979277812362326.1,115661378831408.98,579911848058930.4,1.9844674545084815,8.588227396520272,9.008135363566184,98.0,8.798181380043228,0.20995398352295616,1.0526833055449276,1.9844674545084815,2.578018931408964,2.6735000102658995,98.0,2.6257594708374317,0.04774053942846777,0.23936515997831734,1.9844674545084815,99.0,0.8484848484848485,-0.08547134872621245,-0.05907308957854815,98.0,-0.0722722191523803,0.01319912957383215,0.06617880316892501,1.9844674545084815,ExtraTreesRegressor,"{'mode': 'original', 'type': 'ExtraTreesRegressor'}",8,"['nodes_T6W30', 'l1_T6W30', 'l3_T6W30', 'lcc_T6W30', 'atd_T6W30', 'density_T6W30', 'diameter_T6W30', 'asp_T6W30']",-0.027957699688401307,0.017804584337861643,98.0,-0.005076557675269832,0.022881142013131475,0.11472321603458674,1.9844674545084815,3.5506169665320373,3.6369514107775798,98.0,3.5937841886548085,0.04316722212277111,0.2164351126513506,1.9844674545084815,completed,12.629289865493774,False,COMPLETE
154,2.888515372369194,2026-06-13 16:56:17.726961,2026-06-13 16:56:27.780270,0 days 00:00:10.053309,6,sqrt,3,12,305,ExtraTreesRegressor,9,True,-0.026657631996807932,-0.015124359979923185,98.0,-0.02089099598836556,0.005766636008442373,0.02891319970872469,1.9844674545084815,2.8590566321839654,2.9179741125544227,98.0,2.888515372369194,0.029458740185228434,0.14770247972925352,1.9844674545084815,865005370629941.6,1097448312155820.9,98.0,981226841392881.2,116221470762939.58,582720079729506.0,1.9844674545084815,8.374762001971181,8.783693706850666,98.0,8.579227854410924,0.2044658524397431,1.0251664950848447,1.9844674545084815,2.526591882774776,2.609004085723877,98.0,2.5677979842493266,0.041206101474550186,0.20660229627939594,1.9844674545084815,99.0,0.6767676767676768,-0.04389389396399295,-0.02389839640498404,98.0,-0.033896145184488496,0.009997748779504455,0.05012747582408114,1.9844674545084815,ExtraTreesRegressor,"{'mode': 'original', 'type': 'ExtraTreesRegressor'}",9,"['nodes_T6W30', 'l1_T6W30', 'l2_T6W30', 'l3_T6W30', 'lcc_T6W30', 'atd_T6W30', 'density_T6W30', 'diameter_T6W30', 'asp_T6W30']",0.006575157114861209,0.05189542314811847,98.0,0.02923529013148984,0.02266013301662863,0.11361510426128311,1.9844674545084815,3.4884922401135436,3.571125858179902,98.0,3.529809049146723,0.04131680903317903,0.20715737028566497,1.9844674545084815,completed,10.046591997146606,True,COMPLETE
155,3.031663359009933,2026-06-13 16:56:27.790912,2026-06-13 16:56:31.164140,0 days 00:00:03.373228,18,,2,4,419,ExtraTreesRegressor,12,True,,,,,,,,,,,,,,,,,,,,,,,,,,,,,,,,,,,,,,,,,,,,,ExtraTreesRegressor,"{'mode': 'original', 'type': 'ExtraTreesRegressor'}",12,"['nodes_T6W30', 're_T6W30', 'pe_T6W30', 'l1_T6W30', 'l2_T6W30', 'l3_T6W30', 'lcc_T6W30', 'lsc_T6W30', 'atd_T6W30', 'density_T6W30', 'diameter_T6W30', 'asp_T6W30']",,,,,,,,,,,,,,,pruned,,True,PRUNED
156,2.86989841602142,2026-06-13 16:56:31.169936,2026-06-13 16:56:43.887478,0 days 00:00:12.717542,7,sqrt,3,11,402,ExtraTreesRegressor,7,True,-0.0196597884641623,-0.009081255464580312,98.0,-0.014370521964371306,0.005289266499790994,0.026519728035068416,1.9844674545084815,2.8420149124857765,2.8977819195570635,98.0,2.86989841602142,0.027883503535643693,0.13980443799898518,1.9844674545084815,864718645062767.8,1097249360128465.5,98.0,980984002595616.6,116265357532848.84,582940122565762.6,1.9844674545084815,8.367206446222607,8.760499052404263,98.0,8.563852749313435,0.19664630309082817,0.9859602417984552,1.9844674545084815,2.522356567570718,2.604641645103227,98.0,2.5634991063369723,0.041142538766254295,0.20628360072165727,1.9844674545084815,99.0,0.6666666666666666,-0.031346411917095925,-0.013269889951088925,98.0,-0.022308150934092424,0.009038260983003499,0.04531672268521437,1.9844674545084815,ExtraTreesRegressor,"{'mode': 'original', 'type': 'ExtraTreesRegressor'}",7,"['nodes_T6W30', 'l1_T6W30', 'l3_T6W30', 'lcc_T6W30', 'atd_T6W30', 'density_T6W30', 'asp_T6W30']",0.02441119142078985,0.06927317422634734,98.0,0.04684218282356859,0.02243099140277874,0.11246621655047183,1.9844674545084815,3.4699429055890727,3.550134540497691,98.0,3.510038723043382,0.040095817454308964,0.2010354695256971,1.9844674545084815,completed,12.711222171783447,True,COMPLETE
157,2.9694112540614226,2026-06-13 16:56:43.896245,2026-06-13 16:56:46.643822,0 days 00:00:02.747577,18,log2,1,4,382,ExtraTreesRegressor,8,True,,,,,,,,,,,,,,,,,,,,,,,,,,,,,,,,,,,,,,,,,,,,,ExtraTreesRegressor,"{'mode': 'original', 'type': 'ExtraTreesRegressor'}",8,"['nodes_T6W30', 're_T6W30', 'pe_T6W30', 'l1_T6W30', 'l3_T6W30', 'atd_T6W30', 'density_T6W30', 'asp_T6W30']",,,,,,,,,,,,,,,pruned,,True,PRUNED
158,2.900344982953684,2026-06-13 16:56:46.650805,2026-06-13 16:56:48.603331,0 days 00:00:01.952526,11,sqrt,1,12,318,ExtraTreesRegressor,10,False,,,,,,,,,,,,,,,,,,,,,,,,,,,,,,,,,,,,,,,,,,,,,ExtraTreesRegressor,"{'mode': 'original', 'type': 'ExtraTreesRegressor'}",10,"['nodes_T6W30', 're_T6W30', 'l1_T6W30', 'l2_T6W30', 'l3_T6W30', 'lcc_T6W30', 'atd_T6W30', 'density_T6W30', 'diameter_T6W30', 'asp_T6W30']",,,,,,,,,,,,,,,pruned,,False,PRUNED
159,2.8616444934724163,2026-06-13 16:56:48.609632,2026-06-13 16:56:52.556742,0 days 00:00:03.947110,3,sqrt,3,9,107,ExtraTreesRegressor,12,False,-0.015811820741039033,-0.007010952410565669,98.0,-0.011411386575802351,0.004400434165236682,0.022063232643488744,1.9844674545084815,2.8345199671644394,2.8887690197803932,98.0,2.8616444934724163,0.02712452630797674,0.1359990200524073,1.9844674545084815,867880526411609.9,1102208952437775.9,98.0,985044739424692.9,117164213013082.97,587446872770083.4,1.9844674545084815,8.18724190618168,8.57384454707217,98.0,8.380543226626925,0.193301320445245,0.9691889125325929,1.9844674545084815,2.514803054699399,2.5921905275388393,98.0,2.553496791119119,0.03869373641972034,0.19400560863253036,1.9844674545084815,99.0,0.48484848484848486,-0.011714361029255663,0.0017375109170032097,98.0,-0.004988425056126227,0.006725935973129437,0.0337230110821083,1.9844674545084815,ExtraTreesRegressor,"{'mode': 'original', 'type': 'ExtraTreesRegressor'}",12,"['nodes_T6W30', 're_T6W30', 'pe_T6W30', 'l1_T6W30', 'l2_T6W30', 'l3_T6W30', 'lcc_T6W30', 'lsc_T6W30', 'atd_T6W30', 'density_T6W30', 'diameter_T6W30', 'asp_T6W30']",0.07372389715527186,0.11918710002739027,98.0,0.09645549859133107,0.022731601436059203,0.11397343807684523,1.9844674545084815,3.4408903148442986,3.5210469915976947,98.0,3.4809686532209967,0.04007833837669826,0.20094783159243018,1.9844674545084815,completed,3.939746856689453,False,COMPLETE
160,2.9132418365773565,2026-06-13 16:56:52.565768,2026-06-13 16:56:58.201133,0 days 00:00:05.635365,8,log2,3,2,152,ExtraTreesRegressor,8,False,-0.03612211131080179,-0.02325761385334086,98.0,-0.029689862582071326,0.006432248728730465,0.03225049956295207,1.9844674545084815,2.883210170997511,2.943273502157202,98.0,2.9132418365773565,0.030031665579845476,0.1505750567964572,1.9844674545084815,868687590988151.1,1101203937214626.1,98.0,984945764101388.6,116258173113237.53,582904100774425.5,1.9844674545084815,8.535909326520764,8.942514408973247,98.0,8.739211867747006,0.20330254122624172,1.019333796542727,1.9844674545084815,2.5808117925150804,2.6777438488478658,98.0,2.629277820681473,0.048466028166392505,0.24300267077930066,1.9844674545084815,99.0,0.8282828282828283,-0.07095658200574853,-0.04749113143844841,98.0,-0.05922385672209847,0.011732725283650063,0.05882643342793669,1.9844674545084815,ExtraTreesRegressor,"{'mode': 'original', 'type': 'ExtraTreesRegressor'}",8,"['nodes_T6W30', 'l1_T6W30', 'l3_T6W30', 'lcc_T6W30', 'atd_T6W30', 'density_T6W30', 'diameter_T6W30', 'asp_T6W30']",-0.019299577126284072,0.025623898212104097,98.0,0.0031621605429100123,0.022461737669194085,0.11262037452747313,1.9844674545084815,3.5306299991934864,3.613458384773809,98.0,3.5720441919836476,0.04141419279016105,0.20764564039841088,1.9844674545084815,completed,5.6285130977630615,False,COMPLETE
