number,value,datetime_start,datetime_complete,duration,params_et_max_depth,params_et_max_features,params_et_min_samples_leaf,params_et_min_samples_split,params_et_n_estimators,params_regressor,params_rfe_n_features,params_use_scaler,user_attrs_d2mae_ci_lower_val,user_attrs_d2mae_ci_upper_val,user_attrs_d2mae_df_val,user_attrs_d2mae_mean_val,user_attrs_d2mae_samperror_val,user_attrs_d2mae_std_val,user_attrs_d2mae_t_critical_val,user_attrs_mae_ci_lower_val,user_attrs_mae_ci_upper_val,user_attrs_mae_df_val,user_attrs_mae_mean_val,user_attrs_mae_samperror_val,user_attrs_mae_std_val,user_attrs_mae_t_critical_val,user_attrs_mape_ci_lower_val,user_attrs_mape_ci_upper_val,user_attrs_mape_df_val,user_attrs_mape_mean_val,user_attrs_mape_samperror_val,user_attrs_mape_std_val,user_attrs_mape_t_critical_val,user_attrs_max_error_ci_lower_val,user_attrs_max_error_ci_upper_val,user_attrs_max_error_df_val,user_attrs_max_error_mean_val,user_attrs_max_error_samperror_val,user_attrs_max_error_std_val,user_attrs_max_error_t_critical_val,user_attrs_median_ae_ci_lower_val,user_attrs_median_ae_ci_upper_val,user_attrs_median_ae_df_val,user_attrs_median_ae_mean_val,user_attrs_median_ae_samperror_val,user_attrs_median_ae_std_val,user_attrs_median_ae_t_critical_val,user_attrs_n_splits_val,user_attrs_r2_below_zero_val,user_attrs_r2_ci_lower_val,user_attrs_r2_ci_upper_val,user_attrs_r2_df_val,user_attrs_r2_mean_val,user_attrs_r2_samperror_val,user_attrs_r2_std_val,user_attrs_r2_t_critical_val,user_attrs_regressor_final,user_attrs_rfe_estimator,user_attrs_rfe_n_features,user_attrs_rfe_selected_features,user_attrs_rho_ci_lower_val,user_attrs_rho_ci_upper_val,user_attrs_rho_df_val,user_attrs_rho_mean_val,user_attrs_rho_samperror_val,user_attrs_rho_std_val,user_attrs_rho_t_critical_val,user_attrs_rmse_ci_lower_val,user_attrs_rmse_ci_upper_val,user_attrs_rmse_df_val,user_attrs_rmse_mean_val,user_attrs_rmse_samperror_val,user_attrs_rmse_std_val,user_attrs_rmse_t_critical_val,user_attrs_termination_reason,user_attrs_trial_time_seconds,user_attrs_use_scaler_final,state
477,2.859694057710373,2026-06-13 17:36:22.360237,2026-06-13 17:36:27.770290,0 days 00:00:05.410053,17,log2,5,5,155,ExtraTreesRegressor,4,False,-0.015485670323271718,-0.006132305179833119,98.0,-0.010808987751552418,0.004676682571719299,0.023448307986228524,1.9844674545084815,2.833297901034121,2.886090214386625,98.0,2.859694057710373,0.026396156676252214,0.1323470648062308,1.9844674545084815,860388172093060.0,1093109468095922.0,98.0,976748820094491.0,116360648001431.06,583417897189377.1,1.9844674545084815,8.343082505303823,8.773764737908245,98.0,8.558423621606034,0.21534111630221053,1.0796937230007835,1.9844674545084815,2.541155814871549,2.6113729832696575,98.0,2.5762643990706033,0.03510858419905399,0.17603009882220974,1.9844674545084815,99.0,0.6666666666666666,-0.028044571300598273,-0.012152510702148386,98.0,-0.02009854100137333,0.007946030299224943,0.039840413127639855,1.9844674545084815,ExtraTreesRegressor,"{'mode': 'original', 'type': 'ExtraTreesRegressor'}",4,"['nodes_T6W30', 'lcc_T6W30', 'atd_T6W30', 'density_T6W30']",0.03167294013416329,0.07128823269989241,98.0,0.05148058641702785,0.019807646282864563,0.09931308858367395,1.9844674545084815,3.466823371506406,3.5461423899752313,98.0,3.5064828807408186,0.039659509234412624,0.19884787407525553,1.9844674545084815,completed,5.403763294219971,False,COMPLETE
478,2.8807557031290347,2026-06-13 17:36:27.778778,2026-06-13 17:36:37.692200,0 days 00:00:09.913422,7,log2,2,6,300,ExtraTreesRegressor,5,False,-0.023990797117352206,-0.012501844738511675,98.0,-0.01824632092793194,0.005744476189420264,0.028802093116951356,1.9844674545084815,2.852549511242245,2.9089618950158243,98.0,2.8807557031290347,0.02820619188678962,0.14142235748041285,1.9844674545084815,862813725606086.5,1092299320339840.5,98.0,977556522972963.5,114742797366876.98,575306194209118.5,1.9844674545084815,8.399278124521606,8.79571492636151,98.0,8.597496525441558,0.198218400919952,0.9938425458711527,1.9844674545084815,2.5473715206488237,2.637109603766242,98.0,2.592240562207533,0.04486904155870913,0.22496782481619484,1.9844674545084815,99.0,0.7272727272727273,-0.04509099048261688,-0.023851715582104825,98.0,-0.03447135303236085,0.010619637450256028,0.053245548701875,1.9844674545084815,ExtraTreesRegressor,"{'mode': 'original', 'type': 'ExtraTreesRegressor'}",5,"['l1_T6W30', 'lcc_T6W30', 'atd_T6W30', 'density_T6W30', 'asp_T6W30']",0.02870219086189603,0.07130066193795088,98.0,0.05000142639992346,0.021299235538027428,0.10679173262411179,1.9844674545084815,3.489893930313175,3.5707044781128903,98.0,3.5302992042130326,0.04040527389985778,0.20258704586902895,1.9844674545084815,completed,9.907323122024536,False,COMPLETE
479,2.9269281029098067,2026-06-13 17:36:37.700752,2026-06-13 17:36:40.946309,0 days 00:00:03.245557,7,log2,2,5,77,ExtraTreesRegressor,9,False,-0.04117995956966767,-0.027824988694696816,98.0,-0.03450247413218224,0.006677485437485428,0.033480086088920065,1.9844674545084815,2.896111290558706,2.9577449152609074,98.0,2.9269281029098067,0.03081681235110086,0.15451168559784725,1.9844674545084815,861518718587839.8,1090764461826960.5,98.0,976141590207400.1,114622871619560.4,574704901344906.9,1.9844674545084815,8.524125295607623,8.93077628616325,98.0,8.727450790885436,0.20332549527781257,1.0194488853182664,1.9844674545084815,2.555760153879482,2.658598396624072,98.0,2.607179275251777,0.05141912137229493,0.25780911486485303,1.9844674545084815,99.0,0.8282828282828283,-0.07602081964123295,-0.05156619853234915,98.0,-0.06379350908679104,0.012227310554441895,0.061306222803659834,1.9844674545084815,ExtraTreesRegressor,"{'mode': 'original', 'type': 'ExtraTreesRegressor'}",9,"['nodes_T6W30', 're_T6W30', 'l1_T6W30', 'l3_T6W30', 'lcc_T6W30', 'atd_T6W30', 'density_T6W30', 'diameter_T6W30', 'asp_T6W30']",-0.024446241993981696,0.02003150615165635,98.0,-0.002207367921162674,0.022238874072819024,0.1115029640197936,1.9844674545084815,3.5374260697895625,3.6220925103620747,98.0,3.5797592900758186,0.04233322028625619,0.21225353059531363,1.9844674545084815,completed,3.2393569946289062,False,COMPLETE
480,2.885066773654552,2026-06-13 17:36:40.955345,2026-06-13 17:36:54.982376,0 days 00:00:14.027031,5,log2,3,11,460,ExtraTreesRegressor,12,True,-0.024772988057573,-0.01465337029877085,98.0,-0.019713179178171926,0.005059808879401075,0.025369255906550203,1.9844674545084815,2.8571602080940828,2.9129733392150214,98.0,2.885066773654552,0.027906565560469127,0.13992006813906843,1.9844674545084815,868368335477506.9,1102440810743357.1,98.0,985404573110432.0,117036237632925.12,586805220042412.2,1.9844674545084815,8.299134514196691,8.711476938061157,98.0,8.505305726128924,0.20617121193223328,1.0337169566553948,1.9844674545084815,2.5105947463331617,2.5911281525934218,98.0,2.5508614494632917,0.04026670313013,0.20189226916852882,1.9844674545084815,99.0,0.6666666666666666,-0.03358098049998885,-0.01667543567246413,98.0,-0.02512820808622649,0.008452772413762362,0.04238115541430264,1.9844674545084815,ExtraTreesRegressor,"{'mode': 'original', 'type': 'ExtraTreesRegressor'}",12,"['nodes_T6W30', 're_T6W30', 'pe_T6W30', 'l1_T6W30', 'l2_T6W30', 'l3_T6W30', 'lcc_T6W30', 'lsc_T6W30', 'atd_T6W30', 'density_T6W30', 'diameter_T6W30', 'asp_T6W30']",0.016533048960706166,0.05980167699857948,98.0,0.03816736297964282,0.021634314018936656,0.10847177468371832,1.9844674545084815,3.4746061525667384,3.5558122106613173,98.0,3.515209181614028,0.04060302904728927,0.2035785657192058,1.9844674545084815,completed,14.020871877670288,True,COMPLETE
481,2.865356086738919,2026-06-13 17:36:54.990985,2026-06-13 17:36:57.457528,0 days 00:00:02.466543,11,sqrt,5,10,55,ExtraTreesRegressor,4,False,-0.017264144039182458,-0.008214907267316118,98.0,-0.012739525653249288,0.00452461838593317,0.022685876966524448,1.9844674545084815,2.838235310459757,2.892476863018081,98.0,2.865356086738919,0.027120776279161877,0.1359802178717462,1.9844674545084815,871809982650462.0,1107651268204048.0,98.0,989730625427255.0,117920642776793.06,591239518047460.8,1.9844674545084815,8.228910935570791,8.669124735397258,98.0,8.449017835484025,0.220106899913233,1.1035887725777516,1.9844674545084815,2.53539692385702,2.6095046505885384,98.0,2.5724507872227793,0.0370538633657592,0.18578348796517413,1.9844674545084815,99.0,0.5959595959595959,-0.018232286409538126,-0.0034432523835846718,98.0,-0.010837769396561399,0.007394517012976727,0.03707519372347342,1.9844674545084815,ExtraTreesRegressor,"{'mode': 'original', 'type': 'ExtraTreesRegressor'}",4,"['nodes_T6W30', 'l2_T6W30', 'atd_T6W30', 'asp_T6W30']",0.05386269260213679,0.0986014523366502,98.0,0.0762320724693935,0.022369379867256702,0.11215730393169339,1.9844674545084815,3.4508602740206755,3.5307928148969006,98.0,3.490826544458788,0.039966270438112336,0.2003859368093129,1.9844674545084815,completed,2.4602530002593994,False,COMPLETE
482,2.8854352664667777,2026-06-13 17:36:57.466049,2026-06-13 17:36:58.869960,0 days 00:00:01.403911,9,sqrt,1,7,220,ExtraTreesRegressor,8,False,,,,,,,,,,,,,,,,,,,,,,,,,,,,,,,,,,,,,,,,,,,,,ExtraTreesRegressor,"{'mode': 'original', 'type': 'ExtraTreesRegressor'}",8,"['nodes_T6W30', 'l1_T6W30', 'l3_T6W30', 'lcc_T6W30', 'atd_T6W30', 'density_T6W30', 'diameter_T6W30', 'asp_T6W30']",,,,,,,,,,,,,,,pruned,,False,PRUNED
483,2.863418865528665,2026-06-13 17:36:58.876304,2026-06-13 17:37:09.734192,0 days 00:00:10.857888,4,log2,1,8,341,ExtraTreesRegressor,5,True,-0.017469711249155993,-0.00657658693142745,98.0,-0.01202314909029172,0.005446562158864271,0.027308389014787438,1.9844674545084815,2.8346579345156173,2.8921797965417126,98.0,2.863418865528665,0.028760931013047705,0.14420375084740567,1.9844674545084815,853437461076486.8,1082318912371700.0,98.0,967878186724093.4,114440725647606.56,573791643969977.9,1.9844674545084815,8.324764980155347,8.76154079969016,98.0,8.543152889922753,0.21838790976740627,1.0949699685972585,1.9844674545084815,2.4943070312792144,2.570114225661978,98.0,2.532210628470596,0.03790359719138191,0.19004394826881035,1.9844674545084815,99.0,0.5858585858585859,-0.028358715714407297,-0.008561203264218406,98.0,-0.018459959489312852,0.009898756225094446,0.049631139400012916,1.9844674545084815,ExtraTreesRegressor,"{'mode': 'original', 'type': 'ExtraTreesRegressor'}",5,"['nodes_T6W30', 'lcc_T6W30', 'atd_T6W30', 'density_T6W30', 'asp_T6W30']",0.06827317151736267,0.11215469747951654,98.0,0.0902139344984396,0.021940762981076924,0.11000827187721574,1.9844674545084815,3.4618342097479937,3.545267143465746,98.0,3.50355067660687,0.04171646685887616,0.20916120519263995,1.9844674545084815,completed,10.851948976516724,True,COMPLETE
484,2.857439789991694,2026-06-13 17:37:09.743712,2026-06-13 17:37:16.431637,0 days 00:00:06.687925,2,sqrt,2,3,208,ExtraTreesRegressor,3,True,-0.013035925082253501,-0.006825648475728972,98.0,-0.009930786778991237,0.003105138303262265,0.01556877939824795,1.9844674545084815,2.8319016917514874,2.882977888231901,98.0,2.857439789991694,0.025538098240206607,0.12804486593555092,1.9844674545084815,879605069648682.6,1117328303255182.4,98.0,998466686451932.5,118861616803249.89,595957445433173.8,1.9844674545084815,8.12763662194006,8.477302835378296,98.0,8.302469728659178,0.17483310671911803,0.8765915731227223,1.9844674545084815,2.51979100791504,2.572590321776203,98.0,2.5461906648456214,0.026399656930581415,0.13236461464851376,1.9844674545084815,99.0,0.2828282828282828,0.0019006555535259302,0.009807733934051151,98.0,0.005854194743788541,0.003953539190262611,0.019822556512494142,1.9844674545084815,ExtraTreesRegressor,"{'mode': 'original', 'type': 'ExtraTreesRegressor'}",3,"['lcc_T6W30', 'atd_T6W30', 'asp_T6W30']",0.13181205713870836,0.1812914283785682,98.0,0.15655174275863828,0.024739685619929938,0.1240417238079345,1.9844674545084815,3.424015325319522,3.500656188269877,98.0,3.4623357567946993,0.03832043147517764,0.19213390381224768,1.9844674545084815,completed,6.68169903755188,True,COMPLETE
485,2.9375538757149298,2026-06-13 17:37:16.440780,2026-06-13 17:37:29.477947,0 days 00:00:13.037167,8,log2,1,8,399,ExtraTreesRegressor,12,True,-0.044775601837260585,-0.03181701932758466,98.0,-0.038296310582422624,0.0064792912548379605,0.032486364970471755,1.9844674545084815,2.9074797954661604,2.967627955963699,98.0,2.9375538757149298,0.030074080248769494,0.15078771870044838,1.9844674545084815,871978966057858.5,1105282598997997.8,98.0,988630782527928.1,116651816470069.61,584877779878401.6,1.9844674545084815,8.484636347357158,8.916525918925098,98.0,8.700581133141128,0.2159447857839699,1.0827204471183831,1.9844674545084815,2.5600880862637583,2.651307958215254,98.0,2.605698022239506,0.045609935975747626,0.22868257778682657,1.9844674545084815,99.0,0.9292929292929293,-0.08794565702303453,-0.06449277009245649,98.0,-0.07621921355774551,0.011726443465289022,0.05879493716763158,1.9844674545084815,ExtraTreesRegressor,"{'mode': 'original', 'type': 'ExtraTreesRegressor'}",12,"['nodes_T6W30', 'edges_T6W30', 'pe_T6W30', 'l1_T6W30', 'l2_T6W30', 'l3_T6W30', 'lcc_T6W30', 'lsc_T6W30', 'atd_T6W30', 'density_T6W30', 'diameter_T6W30', 'asp_T6W30']",-0.0502356927154534,-0.006129099231143253,98.0,-0.02818239597329833,0.022053296742155077,0.1105725022366945,1.9844674545084815,3.559223559798101,3.6419612604876357,98.0,3.6005924101428683,0.04136885034476723,0.2074182989853177,1.9844674545084815,completed,13.031074047088623,True,COMPLETE
486,2.9453261631409946,2026-06-13 17:37:29.487159,2026-06-13 17:37:30.125622,0 days 00:00:00.638463,8,,4,5,81,ExtraTreesRegressor,11,False,,,,,,,,,,,,,,,,,,,,,,,,,,,,,,,,,,,,,,,,,,,,,ExtraTreesRegressor,"{'mode': 'original', 'type': 'ExtraTreesRegressor'}",11,"['nodes_T6W30', 're_T6W30', 'l1_T6W30', 'l2_T6W30', 'l3_T6W30', 'lcc_T6W30', 'lsc_T6W30', 'atd_T6W30', 'density_T6W30', 'diameter_T6W30', 'asp_T6W30']",,,,,,,,,,,,,,,pruned,,False,PRUNED
487,2.8913023237726856,2026-06-13 17:37:30.131600,2026-06-13 17:37:35.009925,0 days 00:00:04.878325,6,log2,4,5,138,ExtraTreesRegressor,11,True,-0.02710832863097893,-0.01662049365100532,98.0,-0.021864411140992124,0.005243917489986806,0.026292353708833538,1.9844674545084815,2.8624748742922552,2.920129773253116,98.0,2.8913023237726856,0.02882744948043058,0.1445372662156279,1.9844674545084815,869795183680502.9,1104138286053680.1,98.0,986966734867091.5,117171551186588.62,587483665464429.9,1.9844674545084815,8.338919005236313,8.754284533297973,98.0,8.546601769267143,0.2076827640308296,1.0412956919237342,1.9844674545084815,2.5265118619248295,2.6074460549128293,98.0,2.5669789584188294,0.04046709649399979,0.20289701670962348,1.9844674545084815,99.0,0.7272727272727273,-0.04029886868275701,-0.022347719719717545,98.0,-0.03132329420123728,0.008975574481519732,0.04500242032005936,1.9844674545084815,ExtraTreesRegressor,"{'mode': 'original', 'type': 'ExtraTreesRegressor'}",11,"['nodes_T6W30', 're_T6W30', 'pe_T6W30', 'l1_T6W30', 'l2_T6W30', 'l3_T6W30', 'lcc_T6W30', 'atd_T6W30', 'density_T6W30', 'diameter_T6W30', 'asp_T6W30']",0.0038736317976213117,0.04909418611433169,98.0,0.0264839089559765,0.022610277158355188,0.11336513315424608,1.9844674545084815,3.4846096679885283,3.566923451506261,98.0,3.5257665597473946,0.041156891758866256,0.2063555648513856,1.9844674545084815,completed,4.872131109237671,True,COMPLETE
488,2.8726773667705197,2026-06-13 17:37:35.019154,2026-06-13 17:37:47.715972,0 days 00:00:12.696818,5,log2,5,3,411,ExtraTreesRegressor,10,False,-0.0203595487931323,-0.010308691000878976,98.0,-0.015334119897005638,0.0050254288961266635,0.025196878922648255,1.9844674545084815,2.844894177683677,2.900460555857362,98.0,2.8726773667705197,0.027783189086842443,0.13930147375993576,1.9844674545084815,864582227335799.9,1097072194799992.9,98.0,980827211067896.4,116244983732096.53,582837970848693.1,1.9844674545084815,8.29459833569141,8.698405770224168,98.0,8.496502052957789,0.20190371726637885,1.0123202662193889,1.9844674545084815,2.5152038585180017,2.5938946504179534,98.0,2.5545492544679775,0.039345395949975714,0.1972729489177128,1.9844674545084815,99.0,0.5858585858585859,-0.02551045719538774,-0.009318887436428043,98.0,-0.017414672315907893,0.00809578487947985,0.04059126407087042,1.9844674545084815,ExtraTreesRegressor,"{'mode': 'original', 'type': 'ExtraTreesRegressor'}",10,"['nodes_T6W30', 're_T6W30', 'l1_T6W30', 'l2_T6W30', 'l3_T6W30', 'lcc_T6W30', 'atd_T6W30', 'density_T6W30', 'diameter_T6W30', 'asp_T6W30']",0.03243198978874434,0.07728928021511565,98.0,0.054860635001929996,0.02242864521318565,0.11245445304603695,1.9844674545084815,3.461689766811844,3.5423505105012403,98.0,3.502020138656542,0.04033037184469827,0.20221149622860599,1.9844674545084815,completed,12.690829992294312,False,COMPLETE
489,2.9206776377597605,2026-06-13 17:37:47.725034,2026-06-13 17:37:58.221535,0 days 00:00:10.496501,6,log2,1,6,325,ExtraTreesRegressor,12,True,-0.03805641915357254,-0.02652349049401964,98.0,-0.03228995482379609,0.005766464329776449,0.028912338933127564,1.9844674545084815,2.891364116594969,2.949991158924552,98.0,2.9206776377597605,0.029313521164791315,0.1469743695219755,1.9844674545084815,869223290601841.4,1101142254984116.1,98.0,985182772792978.8,115959482191137.39,581406501434147.9,1.9844674545084815,8.417520070120448,8.854081744886896,98.0,8.635800907503672,0.21828083738322335,1.0944331209060503,1.9844674545084815,2.522904378163798,2.611929167438864,98.0,2.567416772801331,0.04451239463753297,0.22317964126474965,1.9844674545084815,99.0,0.8686868686868687,-0.06623774853206577,-0.04549659652487048,98.0,-0.05586717252846812,0.010370576003597642,0.051996785413116135,1.9844674545084815,ExtraTreesRegressor,"{'mode': 'original', 'type': 'ExtraTreesRegressor'}",12,"['nodes_T6W30', 'edges_T6W30', 're_T6W30', 'pe_T6W30', 'l1_T6W30', 'l2_T6W30', 'l3_T6W30', 'lcc_T6W30', 'atd_T6W30', 'density_T6W30', 'diameter_T6W30', 'asp_T6W30']",-0.02487139601292057,0.019601445109799602,98.0,-0.002634975451560486,0.022236420561360087,0.11149066241679731,1.9844674545084815,3.5256670101609826,3.6082053662159916,98.0,3.566936188188487,0.04126917802750466,0.2069185543143822,1.9844674545084815,completed,10.490155935287476,True,COMPLETE
490,2.8993043950010957,2026-06-13 17:37:58.231086,2026-06-13 17:38:02.213049,0 days 00:00:03.981963,7,sqrt,1,12,105,ExtraTreesRegressor,8,False,-0.030991185613472284,-0.018416625702886102,98.0,-0.024703905658179193,0.006287279955293092,0.031523644063179375,1.9844674545084815,2.8689312559986617,2.9296775340035297,98.0,2.8993043950010957,0.030373139002434178,0.15228716230269596,1.9844674545084815,859435648405954.0,1089569473639943.2,98.0,974502561022948.6,115066912616994.6,576931267985506.4,1.9844674545084815,8.441268077973714,8.855555262228606,98.0,8.64841167010116,0.20714359212744557,1.0385923506868235,1.9844674545084815,2.5233960323221343,2.6106594398696714,98.0,2.567027736095903,0.04363170377376871,0.21876396620074587,1.9844674545084815,99.0,0.7272727272727273,-0.0554767027508851,-0.03272868463247234,98.0,-0.04410269369167872,0.01137400905920638,0.057027874645846785,1.9844674545084815,ExtraTreesRegressor,"{'mode': 'original', 'type': 'ExtraTreesRegressor'}",8,"['nodes_T6W30', 'l1_T6W30', 'l3_T6W30', 'lcc_T6W30', 'atd_T6W30', 'density_T6W30', 'diameter_T6W30', 'asp_T6W30']",0.007339403578173927,0.05380965021137315,98.0,0.030574526894773538,0.02323512331659961,0.11649803450853674,1.9844674545084815,3.504784059938261,3.588790600625869,98.0,3.546787330282065,0.04200327034380402,0.21059920239321536,1.9844674545084815,completed,3.976106882095337,False,COMPLETE
491,2.890215636673147,2026-06-13 17:38:02.222010,2026-06-13 17:38:12.201639,0 days 00:00:09.979629,5,,5,3,291,ExtraTreesRegressor,6,True,-0.02771998536092741,-0.015485978722319717,98.0,-0.021602982041623562,0.006117003319303845,0.03066989807073607,1.9844674545084815,2.861470874416117,2.918960398930177,98.0,2.890215636673147,0.028744762257030262,0.1441226827045422,1.9844674545084815,863185592902431.0,1093191511131898.5,98.0,978188552017164.8,115002959114733.69,576610613035161.9,1.9844674545084815,8.450967832299895,8.88213314081922,98.0,8.666550486559558,0.21558265425966341,1.0809047644451972,1.9844674545084815,2.580755172904941,2.670951592606989,98.0,2.625853382755965,0.04509820985102391,0.2261168462895294,1.9844674545084815,99.0,0.7575757575757576,-0.055898635204099746,-0.03375659852878094,98.0,-0.044827616866440344,0.011071018337659402,0.055508716642956875,1.9844674545084815,ExtraTreesRegressor,"{'mode': 'original', 'type': 'ExtraTreesRegressor'}",6,"['nodes_T6W30', 'l1_T6W30', 'lcc_T6W30', 'atd_T6W30', 'density_T6W30', 'asp_T6W30']",0.010108650516786378,0.05214793715714948,98.0,0.031128293836967927,0.02101964332018155,0.10538989182477085,1.9844674545084815,3.5072310147866257,3.5882088006309067,98.0,3.547719907708766,0.04048889292214032,0.20300630130446204,1.9844674545084815,completed,9.973756790161133,True,COMPLETE
492,3.0505633869530935,2026-06-13 17:38:12.210151,2026-06-13 17:38:14.685093,0 days 00:00:02.474942,18,,2,2,319,ExtraTreesRegressor,13,True,,,,,,,,,,,,,,,,,,,,,,,,,,,,,,,,,,,,,,,,,,,,,ExtraTreesRegressor,"{'mode': 'original', 'type': 'ExtraTreesRegressor'}",13,"['nodes_T6W30', 'edges_T6W30', 're_T6W30', 'pe_T6W30', 'l1_T6W30', 'l2_T6W30', 'l3_T6W30', 'lcc_T6W30', 'lsc_T6W30', 'atd_T6W30', 'density_T6W30', 'diameter_T6W30', 'asp_T6W30']",,,,,,,,,,,,,,,pruned,,True,PRUNED
