number,value,datetime_start,datetime_complete,duration,params_et_max_depth,params_et_max_features,params_et_min_samples_leaf,params_et_min_samples_split,params_et_n_estimators,params_regressor,params_rfe_n_features,params_use_scaler,user_attrs_d2mae_ci_lower_val,user_attrs_d2mae_ci_upper_val,user_attrs_d2mae_df_val,user_attrs_d2mae_mean_val,user_attrs_d2mae_samperror_val,user_attrs_d2mae_std_val,user_attrs_d2mae_t_critical_val,user_attrs_mae_ci_lower_val,user_attrs_mae_ci_upper_val,user_attrs_mae_df_val,user_attrs_mae_mean_val,user_attrs_mae_samperror_val,user_attrs_mae_std_val,user_attrs_mae_t_critical_val,user_attrs_mape_ci_lower_val,user_attrs_mape_ci_upper_val,user_attrs_mape_df_val,user_attrs_mape_mean_val,user_attrs_mape_samperror_val,user_attrs_mape_std_val,user_attrs_mape_t_critical_val,user_attrs_max_error_ci_lower_val,user_attrs_max_error_ci_upper_val,user_attrs_max_error_df_val,user_attrs_max_error_mean_val,user_attrs_max_error_samperror_val,user_attrs_max_error_std_val,user_attrs_max_error_t_critical_val,user_attrs_median_ae_ci_lower_val,user_attrs_median_ae_ci_upper_val,user_attrs_median_ae_df_val,user_attrs_median_ae_mean_val,user_attrs_median_ae_samperror_val,user_attrs_median_ae_std_val,user_attrs_median_ae_t_critical_val,user_attrs_n_splits_val,user_attrs_r2_below_zero_val,user_attrs_r2_ci_lower_val,user_attrs_r2_ci_upper_val,user_attrs_r2_df_val,user_attrs_r2_mean_val,user_attrs_r2_samperror_val,user_attrs_r2_std_val,user_attrs_r2_t_critical_val,user_attrs_regressor_final,user_attrs_rfe_estimator,user_attrs_rfe_n_features,user_attrs_rfe_selected_features,user_attrs_rho_ci_lower_val,user_attrs_rho_ci_upper_val,user_attrs_rho_df_val,user_attrs_rho_mean_val,user_attrs_rho_samperror_val,user_attrs_rho_std_val,user_attrs_rho_t_critical_val,user_attrs_rmse_ci_lower_val,user_attrs_rmse_ci_upper_val,user_attrs_rmse_df_val,user_attrs_rmse_mean_val,user_attrs_rmse_samperror_val,user_attrs_rmse_std_val,user_attrs_rmse_t_critical_val,user_attrs_termination_reason,user_attrs_trial_time_seconds,user_attrs_use_scaler_final,state
41,3.017331322968986,2026-06-13 16:40:04.989538,2026-06-13 16:40:24.263954,0 days 00:00:19.274416,12,,3,8,478,ExtraTreesRegressor,11,False,-0.07398473678911606,-0.058774689701325704,98.0,-0.06637971324522088,0.007605023543895176,0.038130647433318364,1.9844674545084815,2.983487341443373,3.0511753044945995,98.0,3.017331322968986,0.03384398152561319,0.16968953742803614,1.9844674545084815,892659763776566.5,1133034486059629.8,98.0,1012847124918098.1,120187361141531.66,602604563572646.1,1.9844674545084815,8.736811209910524,9.164281978693896,98.0,8.95054659430221,0.21373538439168574,1.0716427818039218,1.9844674545084815,2.609566658070166,2.724981891748517,98.0,2.6672742749093414,0.057707616839175684,0.28933885335279425,1.9844674545084815,99.0,0.98989898989899,-0.14551265262729915,-0.11701591616858224,98.0,-0.1312642843979407,0.01424836822935845,0.07143955601424634,1.9844674545084815,ExtraTreesRegressor,"{'mode': 'original', 'type': 'ExtraTreesRegressor'}",11,"['nodes_T6W30', 're_T6W30', 'pe_T6W30', 'l1_T6W30', 'l2_T6W30', 'l3_T6W30', 'lsc_T6W30', 'atd_T6W30', 'density_T6W30', 'diameter_T6W30', 'asp_T6W30']",-0.08506002392561496,-0.041858498278787376,98.0,-0.06345926110220117,0.021600762823413788,0.10830355313909525,1.9844674545084815,3.6465754018165573,3.7359120610475838,98.0,3.6912437314320705,0.04466832961551341,0.22396147995776297,1.9844674545084815,completed,19.267969131469727,False,COMPLETE
42,2.8495986453752455,2026-06-13 16:40:24.271984,2026-06-13 16:40:27.840891,0 days 00:00:03.568907,11,log2,3,2,91,ExtraTreesRegressor,3,True,-0.010977715611788277,-0.003509765385207054,98.0,-0.007243740498497665,0.0037339751132906113,0.0187216893870055,1.9844674545084815,2.824534150993879,2.874663139756612,98.0,2.8495986453752455,0.025064494381366657,0.12567027476430048,1.9844674545084815,882479970783412.4,1119928892948958.6,98.0,1001204431866185.5,118724461082773.08,595269763614599.8,1.9844674545084815,8.19620575577148,8.553201021718365,98.0,8.374703388744923,0.17849763297344245,0.894965054520548,1.9844674545084815,2.5424085927836515,2.603121933442795,98.0,2.572765263113223,0.030356670329571834,0.1522045904138669,1.9844674545084815,99.0,0.46464646464646464,-0.005010964631818346,0.004857695343046482,98.0,-7.663464438593148e-05,0.004934329987432414,0.024740120261885275,1.9844674545084815,ExtraTreesRegressor,"{'mode': 'original', 'type': 'ExtraTreesRegressor'}",3,"['nodes_T6W30', 'l1_T6W30', 'atd_T6W30']",0.05934433661382535,0.10382326898737854,98.0,0.08158380280060194,0.022239466186776594,0.11150593280594213,1.9844674545084815,3.43442358742064,3.5101996593262133,98.0,3.4723116233734266,0.03788803595278667,0.18996592614316196,1.9844674545084815,completed,3.562674045562744,True,COMPLETE
43,2.8489704020719944,2026-06-13 16:40:27.849328,2026-06-13 16:40:38.239867,0 days 00:00:10.390539,3,log2,4,2,328,ExtraTreesRegressor,2,False,-0.010184021543510858,-0.0037069390682173153,98.0,-0.006945480305864086,0.003238541237646771,0.01623764521151279,1.9844674545084815,2.8234876714780364,2.8744531326659524,98.0,2.8489704020719944,0.02548273059395795,0.1277672594053233,1.9844674545084815,875751860838093.6,1112848103517904.9,98.0,994299982177999.2,118548121339905.58,594385617954175.0,1.9844674545084815,8.159608246460502,8.534702742132675,98.0,8.347155494296588,0.18754724783608548,0.9403387041539876,1.9844674545084815,2.504284143154852,2.561551564457743,98.0,2.5329178538062975,0.02863371065144533,0.14356588368938833,1.9844674545084815,99.0,0.2727272727272727,0.0037945317528539383,0.012337712971061614,98.0,0.008066122361957776,0.004271590609103838,0.021417226988857976,1.9844674545084815,ExtraTreesRegressor,"{'mode': 'original', 'type': 'ExtraTreesRegressor'}",2,"['atd_T6W30', 'density_T6W30']",0.12318809834799227,0.17067737457420523,98.0,0.14693273646109875,0.023744638113106474,0.11905267867965938,1.9844674545084815,3.4197845575619383,3.497340015520231,98.0,3.4585622865410848,0.03877772897914658,0.19442673693700158,1.9844674545084815,completed,10.383766889572144,False,COMPLETE
44,2.849976258347541,2026-06-13 16:40:38.248837,2026-06-13 16:40:45.326543,0 days 00:00:07.077706,9,sqrt,5,10,218,ExtraTreesRegressor,3,False,-0.010511597889853747,-0.004100720182529847,98.0,-0.007306159036191797,0.0032054388536619507,0.016071673952430924,1.9844674545084815,2.8245788386455812,2.8753736780495007,98.0,2.849976258347541,0.0253974197019597,0.127339521144392,1.9844674545084815,876646142628588.6,1113502797271166.6,98.0,995074469949877.6,118428327321289.03,593784985561372.6,1.9844674545084815,8.186696133189434,8.56508154142954,98.0,8.375888837309487,0.1891927041200537,0.948588818446046,1.9844674545084815,2.510998985936973,2.5663301015238673,98.0,2.53866454373042,0.027665557793447176,0.13871168500389955,1.9844674545084815,99.0,0.3333333333333333,0.0003413389781016275,0.008818859788036315,98.0,0.004580099383068971,0.004238760404967344,0.021252620405871465,1.9844674545084815,ExtraTreesRegressor,"{'mode': 'original', 'type': 'ExtraTreesRegressor'}",3,"['nodes_T6W30', 'atd_T6W30', 'density_T6W30']",0.09421139629133729,0.13844223506255987,98.0,0.11632681567694858,0.022115419385611287,0.11088397748743924,1.9844674545084815,3.425944840766944,3.50321839400523,98.0,3.464581617386087,0.03863677661914306,0.1937200192374222,1.9844674545084815,completed,7.071224689483643,False,COMPLETE
45,2.8413894137210884,2026-06-13 16:40:45.334554,2026-06-13 16:40:53.412113,0 days 00:00:08.077559,19,log2,3,3,241,ExtraTreesRegressor,3,True,-0.00794542539588197,-0.0006386765764101413,98.0,-0.004292050986146056,0.0036533744097359145,0.0183175674283577,1.9844674545084815,2.8158482441054846,2.8669305833366923,98.0,2.8413894137210884,0.02554116961560377,0.1280602654319139,1.9844674545084815,877278786624424.8,1113510946743382.0,98.0,995394866683903.4,118116080059478.62,592219416410483.1,1.9844674545084815,8.18805718177838,8.549742998243733,98.0,8.368900090011056,0.18084290823267596,0.9067239745985407,1.9844674545084815,2.5486217929739396,2.6076714712567135,98.0,2.5781466321153266,0.029524839141387094,0.1480338917200842,1.9844674545084815,99.0,0.40404040404040403,0.0010101996093510686,0.0109507614741207,98.0,0.005980480541735884,0.004970280932384816,0.02492037385333866,1.9844674545084815,ExtraTreesRegressor,"{'mode': 'original', 'type': 'ExtraTreesRegressor'}",3,"['l1_T6W30', 'atd_T6W30', 'density_T6W30']",0.09013074176248353,0.13376888262623954,98.0,0.11194981219436154,0.021819070431878005,0.10939812048689025,1.9844674545084815,3.4235665269715048,3.500298419711589,98.0,3.461932473341547,0.03836594637004218,0.1923621098656579,1.9844674545084815,completed,8.071121215820312,True,COMPLETE
46,2.9326565017592032,2026-06-13 16:40:53.426270,2026-06-13 16:41:06.158491,0 days 00:00:12.732221,13,log2,2,12,386,ExtraTreesRegressor,13,False,-0.04243151025941673,-0.030571490360492243,98.0,-0.036501500309954485,0.005930009949462242,0.029732336442340863,1.9844674545084815,2.9028033974735035,2.962509606044903,98.0,2.9326565017592032,0.02985310428569957,0.14967977255269174,1.9844674545084815,875955216165905.8,1111398494676560.5,98.0,993676855421233.1,117721639255327.36,590241739004279.6,1.9844674545084815,8.48262235084425,8.90597626753931,98.0,8.69429930919178,0.21167695834752945,1.061322088211817,1.9844674545084815,2.544729808306177,2.641857438133667,98.0,2.593293623219922,0.048563814913745285,0.24349296143592236,1.9844674545084815,99.0,0.9090909090909091,-0.07839248650508941,-0.057514666761580444,98.0,-0.06795357663333493,0.010438909871754483,0.052339402976283964,1.9844674545084815,ExtraTreesRegressor,"{'mode': 'original', 'type': 'ExtraTreesRegressor'}",13,"['nodes_T6W30', 'edges_T6W30', 're_T6W30', 'pe_T6W30', 'l1_T6W30', 'l2_T6W30', 'l3_T6W30', 'lcc_T6W30', 'lsc_T6W30', 'atd_T6W30', 'density_T6W30', 'diameter_T6W30', 'asp_T6W30']",-0.0589827624107999,-0.015682849211755886,98.0,-0.037332805811277896,0.02164995659952201,0.10855020464804449,1.9844674545084815,3.5460530129883296,3.628381899757103,98.0,3.5872174563727164,0.04116444338438681,0.2063934277677343,1.9844674545084815,completed,12.725391864776611,False,COMPLETE
47,2.9484744376837106,2026-06-13 16:41:06.167162,2026-06-13 16:41:09.507426,0 days 00:00:03.340264,18,,5,7,69,ExtraTreesRegressor,8,False,-0.048863478910796766,-0.035317687258359425,98.0,-0.042090583084578095,0.006772895826218669,0.0339584619773397,1.9844674545084815,2.9169905086012715,2.97995836676615,98.0,2.9484744376837106,0.03148392908243934,0.15785652637745998,1.9844674545084815,868247998395271.2,1100772235624575.2,98.0,984510117009923.2,116262118614652.0,582923883030524.4,1.9844674545084815,8.647811919404209,9.073352853838472,98.0,8.86058238662134,0.21277046721713175,1.0668048064350213,1.9844674545084815,2.623971568610575,2.714235234539341,98.0,2.669103401574958,0.04513183296438272,0.22628542842128685,1.9844674545084815,99.0,0.9393939393939394,-0.09937907749790316,-0.07444334098688572,98.0,-0.08691120924239444,0.012467868255508718,0.06251234936379545,1.9844674545084815,ExtraTreesRegressor,"{'mode': 'original', 'type': 'ExtraTreesRegressor'}",8,"['nodes_T6W30', 'l1_T6W30', 'l2_T6W30', 'l3_T6W30', 'lcc_T6W30', 'atd_T6W30', 'density_T6W30', 'asp_T6W30']",-0.039131577042014094,0.0027691500313037215,98.0,-0.018181213505355186,0.020950363536658908,0.105042531558953,1.9844674545084815,3.5762651813548536,3.6601236267813753,98.0,3.6181944040681144,0.04192922271326073,0.21022793673213985,1.9844674545084815,completed,3.33343505859375,False,COMPLETE
48,2.9790773254393508,2026-06-13 16:41:09.515814,2026-06-13 16:41:19.912313,0 days 00:00:10.396499,13,,5,8,254,ExtraTreesRegressor,12,False,-0.05974343372272567,-0.04604490696251186,98.0,-0.052894170342618764,0.006849263380106909,0.034341359447130564,1.9844674545084815,2.9471603620570943,3.0109942888216072,98.0,2.9790773254393508,0.03191696338225634,0.16002770679755354,1.9844674545084815,884360281623826.2,1121740978454331.8,98.0,1003050630039079.0,118690348415252.7,595098726918826.0,1.9844674545084815,8.650930861557681,9.075067916573401,98.0,8.862999389065541,0.21206852750786076,1.063285367551082,1.9844674545084815,2.59009685264241,2.6910899698345103,98.0,2.64059341123846,0.050496558596050296,0.25318349921053646,1.9844674545084815,99.0,0.98989898989899,-0.11438218672018849,-0.08986700688978733,98.0,-0.10212459680498791,0.012257589915200586,0.06145803977344723,1.9844674545084815,ExtraTreesRegressor,"{'mode': 'original', 'type': 'ExtraTreesRegressor'}",12,"['nodes_T6W30', 're_T6W30', 'pe_T6W30', 'l1_T6W30', 'l2_T6W30', 'l3_T6W30', 'lcc_T6W30', 'lsc_T6W30', 'atd_T6W30', 'density_T6W30', 'diameter_T6W30', 'asp_T6W30']",-0.07387786890333511,-0.03072960445526315,98.0,-0.052303736679299134,0.021574132224035984,0.10817003060758013,1.9844674545084815,3.6010892042334026,3.686378918956952,98.0,3.643734061595177,0.0426448573617745,0.21381604034760468,1.9844674545084815,completed,10.390100002288818,False,COMPLETE
49,2.96680177121688,2026-06-13 16:41:19.920809,2026-06-13 16:41:26.941930,0 days 00:00:07.021121,5,,2,7,175,ExtraTreesRegressor,13,False,-0.055498629357536626,-0.04184269595490769,98.0,-0.048670662656222156,0.006827966701314468,0.034234580533712596,1.9844674545084815,2.9363020883615865,2.9973014540721734,98.0,2.96680177121688,0.030499682855293465,0.1529216375295484,1.9844674545084815,872767731321377.8,1104501659624812.8,98.0,988634695473095.2,115866964151717.55,580942627427449.9,1.9844674545084815,8.552416262013312,9.019837066728451,98.0,8.786126664370881,0.23371040235757057,1.1717950513051472,1.9844674545084815,2.5728042617036606,2.664353688193995,98.0,2.6185789749488277,0.045774713245167103,0.22950875063546985,1.9844674545084815,99.0,0.9595959595959596,-0.10748236118224927,-0.08117834929747977,98.0,-0.09433035523986452,0.013152005942384746,0.06594253110926242,1.9844674545084815,ExtraTreesRegressor,"{'mode': 'original', 'type': 'ExtraTreesRegressor'}",13,"['nodes_T6W30', 'edges_T6W30', 're_T6W30', 'pe_T6W30', 'l1_T6W30', 'l2_T6W30', 'l3_T6W30', 'lcc_T6W30', 'lsc_T6W30', 'atd_T6W30', 'density_T6W30', 'diameter_T6W30', 'asp_T6W30']",-0.06968298536310454,-0.024766984606785947,98.0,-0.04722498498494524,0.022458000378159294,0.11260163621246587,1.9844674545084815,3.588147263381989,3.672453482642703,98.0,3.630300373012346,0.04215310963035701,0.21135047804334775,1.9844674545084815,completed,7.013790130615234,False,COMPLETE
50,3.0443401169966893,2026-06-13 16:41:26.951333,2026-06-13 16:41:35.737713,0 days 00:00:08.786380,17,,1,9,189,ExtraTreesRegressor,10,True,-0.08434966037480328,-0.06761158401088367,98.0,-0.07598062219284347,0.008369038181959802,0.041961322332585725,1.9844674545084815,3.0095666404806507,3.079113593512728,98.0,3.0443401169966893,0.03477347651603854,0.17434991034685446,1.9844674545084815,871201628453476.9,1104571017021377.4,98.0,987886322737427.1,116684694283950.25,585042625170756.8,1.9844674545084815,8.743482775860311,9.192774757207232,98.0,8.968128766533772,0.2246459906734602,1.1263472122389926,1.9844674545084815,2.6323255461808683,2.7511923937452503,98.0,2.6917589699630593,0.05943342378219109,0.29799183591126616,1.9844674545084815,99.0,1.0,-0.1662190022831855,-0.1339069884914573,98.0,-0.1500629953873214,0.016156006895864116,0.08100422034471824,1.9844674545084815,ExtraTreesRegressor,"{'mode': 'original', 'type': 'ExtraTreesRegressor'}",10,"['nodes_T6W30', 're_T6W30', 'pe_T6W30', 'l1_T6W30', 'l2_T6W30', 'l3_T6W30', 'lsc_T6W30', 'atd_T6W30', 'density_T6W30', 'asp_T6W30']",-0.082713502302023,-0.039493139074110256,98.0,-0.06110332068806663,0.02161018161395637,0.10835077778992697,1.9844674545084815,3.6757190053819033,3.766481875162245,98.0,3.721100440272074,0.04538143489017097,0.2275369016055545,1.9844674545084815,completed,8.77968692779541,True,COMPLETE
51,3.0754844599376603,2026-06-13 16:41:35.746856,2026-06-13 16:41:55.239132,0 days 00:00:19.492276,18,,1,2,470,ExtraTreesRegressor,3,True,-0.10036126507738946,-0.07347482886292175,98.0,-0.08691804697015561,0.013443218107233855,0.06740263288568209,1.9844674545084815,3.028835031652275,3.1221338882230456,98.0,3.0754844599376603,0.04664942828538526,0.2338944636593241,1.9844674545084815,860411328494588.6,1097822054851548.9,98.0,979116691673068.8,118705363178480.1,595174009084570.0,1.9844674545084815,9.57543986585141,10.023879556784708,98.0,9.799659711318059,0.22421984546664986,1.1242105728791674,1.9844674545084815,2.5790291665808516,2.7084147843315556,98.0,2.6437219754562036,0.06469280887535188,0.32436174226932707,1.9844674545084815,99.0,0.98989898989899,-0.2470278097889068,-0.19705453827986721,98.0,-0.222041174034387,0.024986635754519797,0.1252799012391162,1.9844674545084815,ExtraTreesRegressor,"{'mode': 'original', 'type': 'ExtraTreesRegressor'}",3,"['l3_T6W30', 'density_T6W30', 'asp_T6W30']",-0.02019033114171242,0.030058403043016733,98.0,0.0049340359506521575,0.025124367092364576,0.12597046913197885,1.9844674545084815,3.778894612338767,3.887252091039356,98.0,3.8330733516890616,0.0541787393502948,0.2716454980873913,1.9844674545084815,completed,19.484829902648926,True,COMPLETE
52,2.9186405248533003,2026-06-13 16:41:55.247240,2026-06-13 16:42:10.901126,0 days 00:00:15.653886,18,sqrt,3,11,487,ExtraTreesRegressor,12,True,-0.03703510990553894,-0.026054433798024235,98.0,-0.03154477185178159,0.005490338053757353,0.02752787593742636,1.9844674545084815,2.8894928613582125,2.947788188348388,98.0,2.9186405248533003,0.029147663495087697,0.14614277967993525,1.9844674545084815,875142708824681.0,1110730252355461.0,98.0,992936480590071.0,117793771765390.05,590603402488134.1,1.9844674545084815,8.439058027051095,8.855500246487813,98.0,8.647279136769454,0.20822110971835936,1.0439948906165406,1.9844674545084815,2.5536478634132,2.6393507605328987,98.0,2.5964993119730493,0.042851448559849244,0.2148518630628333,1.9844674545084815,99.0,0.898989898989899,-0.06155391767816071,-0.04254445228561614,98.0,-0.05204918498188842,0.009504732696272288,0.04765555416069958,1.9844674545084815,ExtraTreesRegressor,"{'mode': 'original', 'type': 'ExtraTreesRegressor'}",12,"['nodes_T6W30', 're_T6W30', 'pe_T6W30', 'l1_T6W30', 'l2_T6W30', 'l3_T6W30', 'lcc_T6W30', 'lsc_T6W30', 'atd_T6W30', 'density_T6W30', 'diameter_T6W30', 'asp_T6W30']",-0.035981391304790444,0.005609129890026373,98.0,-0.015186130707382037,0.02079526059740841,0.10426486460522219,1.9844674545084815,3.519547583789828,3.6020775336971584,98.0,3.560812558743493,0.04126497495366513,0.20689748062200153,1.9844674545084815,completed,15.647493124008179,True,COMPLETE
53,2.848775068521836,2026-06-13 16:42:10.909346,2026-06-13 16:42:25.788138,0 days 00:00:14.878792,12,sqrt,5,10,499,ExtraTreesRegressor,3,False,-0.010203271096014023,-0.0035721998326661147,98.0,-0.006887735464340069,0.003315535631673954,0.016623685580230543,1.9844674545084815,2.8233521980221497,2.8741979390215224,98.0,2.848775068521836,0.025422870499686296,0.12746712829634996,1.9844674545084815,874836716096678.8,1111427012252522.8,98.0,993131864174600.8,118295148077922.03,593117241307202.8,1.9844674545084815,8.190288236726946,8.572479072059025,98.0,8.381383654392986,0.19109541766604,0.9581287888313896,1.9844674545084815,2.508469982788952,2.5659021305884244,98.0,2.537186056688688,0.028716073899736204,0.14397884282934564,1.9844674545084815,99.0,0.32323232323232326,-9.792449383010538e-05,0.008947016778696838,98.0,0.004424546142433367,0.004522470636263472,0.022675108415321735,1.9844674545084815,ExtraTreesRegressor,"{'mode': 'original', 'type': 'ExtraTreesRegressor'}",3,"['nodes_T6W30', 'atd_T6W30', 'density_T6W30']",0.0934473284895342,0.1376978193070475,98.0,0.11557257389829084,0.02212524540875664,0.11093324395217333,1.9844674545084815,3.426111367443,3.5035209656495745,98.0,3.4648161665462873,0.03870479910328727,0.1940610755596638,1.9844674545084815,completed,14.872454166412354,False,COMPLETE
54,2.959578827241146,2026-06-13 16:42:25.796354,2026-06-13 16:42:31.721155,0 days 00:00:05.924801,14,log2,2,8,153,ExtraTreesRegressor,11,True,-0.05197481634771521,-0.03987393430547295,98.0,-0.04592437532659408,0.006050441021121127,0.03033616294030455,1.9844674545084815,2.9282912449912875,2.9908664094910042,98.0,2.959578827241146,0.031287582249858316,0.15687206764375813,1.9844674545084815,877972660843331.6,1113671339591630.4,98.0,995822000217481.0,117849339374149.36,590882011605658.1,1.9844674545084815,8.610135117388518,9.034306951935294,98.0,8.822221034661906,0.21208591727338807,1.0633725576846094,1.9844674545084815,2.602173518800762,2.701477124619088,98.0,2.651825321709925,0.049651802909162844,0.2489479986788053,1.9844674545084815,99.0,0.9595959595959596,-0.09622603916836059,-0.07348005508390063,98.0,-0.0848530471261306,0.011372992042229989,0.05702277544851536,1.9844674545084815,ExtraTreesRegressor,"{'mode': 'original', 'type': 'ExtraTreesRegressor'}",11,"['nodes_T6W30', 're_T6W30', 'pe_T6W30', 'l1_T6W30', 'l2_T6W30', 'l3_T6W30', 'lcc_T6W30', 'atd_T6W30', 'density_T6W30', 'diameter_T6W30', 'asp_T6W30']",-0.061800566118873065,-0.018602286508519573,98.0,-0.04020142631369632,0.021599139805176745,0.10829541552639524,1.9844674545084815,3.573015276396016,3.6578137091695533,98.0,3.6154144927827847,0.04239921638676865,0.21258442688065576,1.9844674545084815,completed,5.918828010559082,True,COMPLETE
