number,value,datetime_start,datetime_complete,duration,params_et_max_depth,params_et_max_features,params_et_min_samples_leaf,params_et_min_samples_split,params_et_n_estimators,params_regressor,params_rfe_n_features,params_use_scaler,user_attrs_d2mae_ci_lower_val,user_attrs_d2mae_ci_upper_val,user_attrs_d2mae_df_val,user_attrs_d2mae_mean_val,user_attrs_d2mae_samperror_val,user_attrs_d2mae_std_val,user_attrs_d2mae_t_critical_val,user_attrs_mae_ci_lower_val,user_attrs_mae_ci_upper_val,user_attrs_mae_df_val,user_attrs_mae_mean_val,user_attrs_mae_samperror_val,user_attrs_mae_std_val,user_attrs_mae_t_critical_val,user_attrs_mape_ci_lower_val,user_attrs_mape_ci_upper_val,user_attrs_mape_df_val,user_attrs_mape_mean_val,user_attrs_mape_samperror_val,user_attrs_mape_std_val,user_attrs_mape_t_critical_val,user_attrs_max_error_ci_lower_val,user_attrs_max_error_ci_upper_val,user_attrs_max_error_df_val,user_attrs_max_error_mean_val,user_attrs_max_error_samperror_val,user_attrs_max_error_std_val,user_attrs_max_error_t_critical_val,user_attrs_median_ae_ci_lower_val,user_attrs_median_ae_ci_upper_val,user_attrs_median_ae_df_val,user_attrs_median_ae_mean_val,user_attrs_median_ae_samperror_val,user_attrs_median_ae_std_val,user_attrs_median_ae_t_critical_val,user_attrs_n_splits_val,user_attrs_r2_below_zero_val,user_attrs_r2_ci_lower_val,user_attrs_r2_ci_upper_val,user_attrs_r2_df_val,user_attrs_r2_mean_val,user_attrs_r2_samperror_val,user_attrs_r2_std_val,user_attrs_r2_t_critical_val,user_attrs_regressor_final,user_attrs_rfe_estimator,user_attrs_rfe_n_features,user_attrs_rfe_selected_features,user_attrs_rho_ci_lower_val,user_attrs_rho_ci_upper_val,user_attrs_rho_df_val,user_attrs_rho_mean_val,user_attrs_rho_samperror_val,user_attrs_rho_std_val,user_attrs_rho_t_critical_val,user_attrs_rmse_ci_lower_val,user_attrs_rmse_ci_upper_val,user_attrs_rmse_df_val,user_attrs_rmse_mean_val,user_attrs_rmse_samperror_val,user_attrs_rmse_std_val,user_attrs_rmse_t_critical_val,user_attrs_termination_reason,user_attrs_trial_time_seconds,user_attrs_use_scaler_final,state
27,2.929184842276857,2026-06-13 16:38:04.094016,2026-06-13 16:38:18.666212,0 days 00:00:14.572196,19,sqrt,3,7,441,ExtraTreesRegressor,11,False,-0.041070483201934724,-0.02948356433282939,98.0,-0.03527702376738206,0.005793459434552669,0.029047689049627047,1.9844674545084815,2.8995352299239108,2.958834454629803,98.0,2.929184842276857,0.02964961235294615,0.14865948917045635,1.9844674545084815,875280878635903.8,1110907952666813.2,98.0,993094415651358.5,117813537015454.81,590702503007324.0,1.9844674545084815,8.486307019271045,8.899004180571282,98.0,8.692655599921164,0.2063485806501192,1.0346062614692948,1.9844674545084815,2.5647309582005056,2.6575493437169406,98.0,2.611140150958723,0.04640919275821772,0.2326899524392719,1.9844674545084815,99.0,0.9393939393939394,-0.07395075203774555,-0.05382029443202043,98.0,-0.06388552323488299,0.010065228802862558,0.0504658123150346,1.9844674545084815,ExtraTreesRegressor,"{'mode': 'original', 'type': 'ExtraTreesRegressor'}",11,"['nodes_T6W30', 're_T6W30', 'l1_T6W30', 'l2_T6W30', 'l3_T6W30', 'lcc_T6W30', 'lsc_T6W30', 'atd_T6W30', 'density_T6W30', 'diameter_T6W30', 'asp_T6W30']",-0.045005832623227146,-0.003847855601168907,98.0,-0.024426844112198025,0.020578988511029118,0.10318050311340053,1.9844674545084815,3.5389918789104193,3.6223111170598328,98.0,3.580651497985126,0.04165961907470662,0.2088761774339456,1.9844674545084815,completed,14.56601333618164,False,COMPLETE
28,2.863443859442283,2026-06-13 16:38:18.674356,2026-06-13 16:38:25.801121,0 days 00:00:07.126765,3,log2,1,8,219,ExtraTreesRegressor,9,True,-0.016897611119516525,-0.007181762282872736,98.0,-0.012039686701194631,0.004857924418321895,0.024357032188471756,1.9844674545084815,2.835582309681461,2.8913054092031047,98.0,2.863443859442283,0.027861549760821967,0.1396943644873483,1.9844674545084815,860677790236097.2,1092284846104878.5,98.0,976481318170487.9,115803527934390.66,580624566079784.9,1.9844674545084815,8.220458883202792,8.61217312378566,98.0,8.416316003494225,0.19585712029143387,0.9820033768511665,1.9844674545084815,2.509616135419728,2.582234279381127,98.0,2.5459252074004275,0.036309071980699215,0.1820491960788732,1.9844674545084815,99.0,0.5151515151515151,-0.017051458962565727,-0.001137505231172389,98.0,-0.009094482096869057,0.007956976865696668,0.03989529785801965,1.9844674545084815,ExtraTreesRegressor,"{'mode': 'original', 'type': 'ExtraTreesRegressor'}",9,"['nodes_T6W30', 're_T6W30', 'l1_T6W30', 'l3_T6W30', 'lcc_T6W30', 'atd_T6W30', 'density_T6W30', 'diameter_T6W30', 'asp_T6W30']",0.07936036299609592,0.1267494245549643,98.0,0.10305489377553011,0.023694530779434193,0.11880144670607591,1.9844674545084815,3.4471996130104525,3.5284663864812718,98.0,3.487832999745862,0.040633386735409546,0.20373077541269635,1.9844674545084815,completed,7.12079119682312,True,COMPLETE
29,2.8510056574402367,2026-06-13 16:38:25.809386,2026-06-13 16:38:38.719553,0 days 00:00:12.910167,8,sqrt,3,3,420,ExtraTreesRegressor,3,False,-0.01135692479884336,-0.003971121091519828,98.0,-0.007664022945181595,0.0036929018536617664,0.01851575314331013,1.9844674545084815,2.825026391968434,2.8769849229120394,98.0,2.8510056574402367,0.025979265471802515,0.13025682386967466,1.9844674545084815,872985582318198.2,1109006951816138.8,98.0,990996267067168.5,118010684748970.2,591690977359252.5,1.9844674545084815,8.216360952561194,8.606370259253273,98.0,8.411365605907234,0.19500465334603967,0.9777292130230378,1.9844674545084815,2.5120814941736453,2.5715352237455047,98.0,2.541808358959575,0.029726864785929834,0.14904682331458685,1.9844674545084815,99.0,0.40404040404040403,-0.006653111309409791,0.004371947664238464,98.0,-0.001140581822585663,0.005512529486824127,0.02763914103810951,1.9844674545084815,ExtraTreesRegressor,"{'mode': 'original', 'type': 'ExtraTreesRegressor'}",3,"['lcc_T6W30', 'atd_T6W30', 'density_T6W30']",0.06951927921123303,0.11132694758132243,98.0,0.09042311339627773,0.020903834185044698,0.10480923914487145,1.9844674545084815,3.4351087541390006,3.5137376326124725,98.0,3.4744231933757366,0.0393144392367359,0.19711773578636235,1.9844674545084815,completed,12.90369200706482,False,COMPLETE
30,2.9046392997778625,2026-06-13 16:38:38.727709,2026-06-13 16:38:49.200515,0 days 00:00:10.472806,14,,5,9,293,ExtraTreesRegressor,5,False,-0.03343479189083598,-0.01995507071588596,98.0,-0.02669493130336097,0.006739860587475011,0.03379282737619226,1.9844674545084815,2.8747536500891555,2.9345249494665695,98.0,2.9046392997778625,0.029885649688707168,0.14984295117804317,1.9844674545084815,868555254806246.0,1099881547158986.5,98.0,984218400982616.2,115663146176370.27,579920709307974.9,1.9844674545084815,8.53233388256327,8.960214218459994,98.0,8.746274050511632,0.21394016794836115,1.0726695412287495,1.9844674545084815,2.609825783712319,2.7137611220243683,98.0,2.6617934528683436,0.05196766915602458,0.26055946560617504,1.9844674545084815,99.0,0.8686868686868687,-0.0710407811179217,-0.047998097136086916,98.0,-0.0595194391270043,0.011521341990917387,0.05776658374279616,1.9844674545084815,ExtraTreesRegressor,"{'mode': 'original', 'type': 'ExtraTreesRegressor'}",5,"['nodes_T6W30', 'l1_T6W30', 'atd_T6W30', 'density_T6W30', 'asp_T6W30']",0.010776680336008343,0.05174394401678374,98.0,0.03126031217639604,0.0204836318403877,0.10270239656084926,1.9844674545084815,3.5318217055093277,3.6129642350912214,98.0,3.5723929703002746,0.040571264790946956,0.2034193036666192,1.9844674545084815,completed,10.466340780258179,False,COMPLETE
31,2.857231199320812,2026-06-13 16:38:49.209465,2026-06-13 16:38:51.840094,0 days 00:00:02.630629,20,sqrt,4,11,61,ExtraTreesRegressor,5,True,-0.015059057077802987,-0.004731023414921366,98.0,-0.009895040246362176,0.00516401683144081,0.02589174168927536,1.9844674545084815,2.829685218116278,2.884777180525346,98.0,2.857231199320812,0.027545981204533984,0.13811214277673736,1.9844674545084815,868109189127541.9,1100119382918156.6,98.0,984114286022849.2,116005096895307.33,581635207919070.6,1.9844674545084815,8.320235203296498,8.73052668535573,98.0,8.525380944326114,0.20514574102961633,1.0285753723834827,1.9844674545084815,2.547562407183935,2.624951537010108,98.0,2.5862569720970217,0.03869456491308652,0.1940097625957974,1.9844674545084815,99.0,0.6161616161616161,-0.02308280469879427,-0.006636469789493461,98.0,-0.014859637244143867,0.008223167454650406,0.0412299445476555,1.9844674545084815,ExtraTreesRegressor,"{'mode': 'original', 'type': 'ExtraTreesRegressor'}",5,"['nodes_T6W30', 'l1_T6W30', 'atd_T6W30', 'density_T6W30', 'asp_T6W30']",0.04971975703696838,0.0909778814622583,98.0,0.07034881924961334,0.020629062212644954,0.10343156646001268,1.9844674545084815,3.4577006945529316,3.53716060432616,98.0,3.4974306494395457,0.03972995488661422,0.19920107986243096,1.9844674545084815,completed,2.6236698627471924,True,COMPLETE
32,2.865126288088464,2026-06-13 16:38:51.848910,2026-06-13 16:39:03.092782,0 days 00:00:11.243872,7,log2,4,12,347,ExtraTreesRegressor,4,False,-0.01763182346937562,-0.00783741969926749,98.0,-0.012734621584321554,0.004897201885054064,0.024553964548693113,1.9844674545084815,2.8384356894900926,2.891816886686835,98.0,2.865126288088464,0.026690598598371414,0.13382336018613508,1.9844674545084815,857079630980032.5,1087962059495064.8,98.0,972520845237548.6,115441214257516.14,578807970116152.2,1.9844674545084815,8.363219760117227,8.810880947377767,98.0,8.587050353747497,0.22383059363026978,1.1222589123155793,1.9844674545084815,2.5492826050214594,2.617164857206851,98.0,2.5832237311141553,0.03394112609269574,0.17017660827221004,1.9844674545084815,99.0,0.7070707070707071,-0.03498398387361737,-0.01709788806980567,98.0,-0.02604093597171152,0.008943047901905851,0.0448393360728759,1.9844674545084815,ExtraTreesRegressor,"{'mode': 'original', 'type': 'ExtraTreesRegressor'}",4,"['nodes_T6W30', 'lcc_T6W30', 'atd_T6W30', 'density_T6W30']",0.030032141406083696,0.06967223652008218,98.0,0.04985218896308294,0.019820047556999242,0.0993752670383525,1.9844674545084815,3.476301046142791,3.5565933128723644,98.0,3.5164471795075776,0.04014613336478696,0.2012877472775869,1.9844674545084815,completed,11.237677812576294,False,COMPLETE
33,2.8720235594288006,2026-06-13 16:39:03.100836,2026-06-13 16:39:05.724474,0 days 00:00:02.623638,4,sqrt,1,2,56,ExtraTreesRegressor,3,False,-0.020003929643977625,-0.010012847698196024,98.0,-0.015008388671086824,0.004995540972890801,0.025047024572185973,1.9844674545084815,2.8431728335657316,2.9008742852918696,98.0,2.8720235594288006,0.02885072586306914,0.14465397111927367,1.9844674545084815,856925148163151.9,1087934571632002.9,98.0,972429859897577.4,115504711734425.55,579126338611787.1,1.9844674545084815,8.293860512116575,8.698939889027534,98.0,8.496400200572054,0.20253968845547834,1.0155089471024044,1.9844674545084815,2.5078336135785206,2.5786749916643195,98.0,2.54325430262142,0.03542068904289944,0.17759495390703786,1.9844674545084815,99.0,0.5959595959595959,-0.02896230843944988,-0.00977635994151485,98.0,-0.019369334190482364,0.009592974248967514,0.04809798639189119,1.9844674545084815,ExtraTreesRegressor,"{'mode': 'original', 'type': 'ExtraTreesRegressor'}",3,"['nodes_T6W30', 'atd_T6W30', 'asp_T6W30']",0.06995145480486778,0.11836162889832336,98.0,0.09415654185159557,0.024205087046727792,0.12136131268291052,1.9844674545084815,3.463264943301945,3.5474501471512787,98.0,3.505357545226612,0.042092601924666816,0.21104709989082066,1.9844674545084815,completed,2.6170108318328857,False,COMPLETE
34,2.9040423815852257,2026-06-13 16:39:05.732575,2026-06-13 16:39:10.559554,0 days 00:00:04.826979,10,sqrt,4,6,128,ExtraTreesRegressor,9,True,-0.032314504043804385,-0.02047046505377125,98.0,-0.026392484548787818,0.005922019495016568,0.02969227329203746,1.9844674545084815,2.874368801514614,2.9337159616558375,98.0,2.9040423815852257,0.02967358007061201,0.14877966034242227,1.9844674545084815,871687182043474.8,1105016362218116.5,98.0,988351772130795.6,116664590087320.84,584941825215413.9,1.9844674545084815,8.425749849986904,8.83426656596015,98.0,8.630008207973527,0.20425835798662206,1.0241261435605316,1.9844674545084815,2.575205518574298,2.6627036129219914,98.0,2.618954565748145,0.04374904717384662,0.2193523114952965,1.9844674545084815,99.0,0.7878787878787878,-0.05593473421938549,-0.0351780574491917,98.0,-0.045556395834288596,0.010378338385096891,0.052035705033875015,1.9844674545084815,ExtraTreesRegressor,"{'mode': 'original', 'type': 'ExtraTreesRegressor'}",9,"['nodes_T6W30', 'l1_T6W30', 'l2_T6W30', 'l3_T6W30', 'lcc_T6W30', 'atd_T6W30', 'density_T6W30', 'diameter_T6W30', 'asp_T6W30']",-0.012769145732287265,0.03211614787553699,98.0,0.009673501071624863,0.022442646803912128,0.11252465529017405,1.9844674545084815,3.508376102304289,3.590430346118318,98.0,3.5494032242113036,0.04102712190701435,0.20570491486458695,1.9844674545084815,completed,4.819185972213745,True,COMPLETE
35,2.9208260829312724,2026-06-13 16:39:10.570314,2026-06-13 16:39:22.757778,0 days 00:00:12.187464,5,,4,2,347,ExtraTreesRegressor,8,False,-0.03892970261222572,-0.02575552341057142,98.0,-0.03234261301139857,0.006587089600827149,0.03302685254438705,1.9844674545084815,2.890141693685295,2.95151047217725,98.0,2.9208260829312724,0.03068438924597749,0.15384773252730907,1.9844674545084815,864875189209365.9,1097088770285643.6,98.0,980981979747504.8,116106790538138.84,582145087266404.4,1.9844674545084815,8.508650689401664,8.933758291673298,98.0,8.721204490537481,0.21255380113581643,1.065718469501321,1.9844674545084815,2.5698813413575716,2.658436292787471,98.0,2.6141588170725214,0.044277475714949596,0.22200178684250632,1.9844674545084815,99.0,0.8787878787878788,-0.07396565808601566,-0.05015422990438557,98.0,-0.062059943995200616,0.011905714090815046,0.059693777911204365,1.9844674545084815,ExtraTreesRegressor,"{'mode': 'original', 'type': 'ExtraTreesRegressor'}",8,"['nodes_T6W30', 'l1_T6W30', 'l2_T6W30', 'l3_T6W30', 'lcc_T6W30', 'atd_T6W30', 'density_T6W30', 'asp_T6W30']",-0.024226063233218596,0.02012174562919792,98.0,-0.002052158802010338,0.022173904431208258,0.11117721427242853,1.9844674545084815,3.534852792289808,3.6189696846158323,98.0,3.57691123845282,0.0420584461630121,0.21087584712638738,1.9844674545084815,completed,12.181053876876831,False,COMPLETE
36,2.848831945402575,2026-06-13 16:39:22.765819,2026-06-13 16:39:31.140963,0 days 00:00:08.375144,12,sqrt,2,12,256,ExtraTreesRegressor,2,False,-0.011052935945369843,-0.0027358365419408812,98.0,-0.006894386243655362,0.004158549701714481,0.020850453860500467,1.9844674545084815,2.8223147578247767,2.8753491329803733,98.0,2.848831945402575,0.02651718757779817,0.1329538987770592,1.9844674545084815,872537497022849.4,1109083760204731.4,98.0,990810628613790.4,118273131590941.03,593006853364555.8,1.9844674545084815,8.26856417331747,8.678977725593194,98.0,8.473770949455332,0.20520677613786215,1.0288813948671927,1.9844674545084815,2.50708772201712,2.5745562672472673,98.0,2.5408219946321937,0.03373427261507343,0.1691394705197696,1.9844674545084815,99.0,0.47474747474747475,-0.013542948779252353,0.00023662204216419978,98.0,-0.0066531633685440765,0.006889785410708276,0.03454453189666008,1.9844674545084815,ExtraTreesRegressor,"{'mode': 'original', 'type': 'ExtraTreesRegressor'}",2,"['atd_T6W30', 'density_T6W30']",0.06508821606459732,0.10543558695593723,98.0,0.08526190151026727,0.020173685445669953,0.10114836367298295,1.9844674545084815,3.444046679127059,3.5232943183075194,98.0,3.4836704987172893,0.03962381959023021,0.1986689306135443,1.9844674545084815,completed,8.369002103805542,False,COMPLETE
37,2.906124776512481,2026-06-13 16:39:31.149173,2026-06-13 16:39:34.999756,0 days 00:00:03.850583,14,sqrt,2,2,92,ExtraTreesRegressor,5,True,-0.03380060562972681,-0.020248623765855893,98.0,-0.02702461469779135,0.006775990931935459,0.03397398045459024,1.9844674545084815,2.873907986916705,2.9383415661082575,98.0,2.906124776512481,0.03221678959577653,0.1615309983485945,1.9844674545084815,864379669717346.5,1094823515276372.8,98.0,979601592496859.6,115221922779513.14,577708469768178.1,1.9844674545084815,8.57604918370587,8.965116106531017,98.0,8.770582645118443,0.19453346141257447,0.9753667149473011,1.9844674545084815,2.5435224738941233,2.6385701285944165,98.0,2.59104630124427,0.04752382735014651,0.23827859242131838,1.9844674545084815,99.0,0.8080808080808081,-0.06370517882152818,-0.040184304632225,98.0,-0.05194474172687659,0.01176043709465159,0.05896537702080515,1.9844674545084815,ExtraTreesRegressor,"{'mode': 'original', 'type': 'ExtraTreesRegressor'}",5,"['l1_T6W30', 'l2_T6W30', 'l3_T6W30', 'atd_T6W30', 'density_T6W30']",0.01982490210995165,0.0642836245060149,98.0,0.04205426330798327,0.022229361198031622,0.111455267642195,1.9844674545084815,3.5171515397220423,3.6032438894113934,98.0,3.560197714566718,0.04304617484467571,0.21582819657052876,1.9844674545084815,completed,3.8439090251922607,True,COMPLETE
38,2.977259052132894,2026-06-13 16:39:35.008218,2026-06-13 16:39:48.017030,0 days 00:00:13.008812,18,,5,10,333,ExtraTreesRegressor,11,False,-0.0591153252969976,-0.045476440688412806,98.0,-0.052295882992705205,0.006819442304292396,0.03419184026137101,1.9844674545084815,2.9458595474849565,3.0086585567808317,98.0,2.977259052132894,0.03139950464793769,0.1574332327047765,1.9844674545084815,879433351057363.5,1115996787946742.8,98.0,997715069502053.1,118281718444689.67,593049906787199.5,1.9844674545084815,8.632728034309633,9.051431879296278,98.0,8.842079956802955,0.20935192249332193,1.0496646460073444,1.9844674545084815,2.606275376550428,2.714057003350194,98.0,2.660166189950311,0.05389081339988304,0.27020187298371007,1.9844674545084815,99.0,0.9797979797979798,-0.11343002687577296,-0.0885193959692137,98.0,-0.10097471142249333,0.012455315453279627,0.062449411165993035,1.9844674545084815,ExtraTreesRegressor,"{'mode': 'original', 'type': 'ExtraTreesRegressor'}",11,"['nodes_T6W30', 're_T6W30', 'l1_T6W30', 'l2_T6W30', 'l3_T6W30', 'lcc_T6W30', 'lsc_T6W30', 'atd_T6W30', 'density_T6W30', 'diameter_T6W30', 'asp_T6W30']",-0.07131175967663055,-0.029174356239121197,98.0,-0.05024305795787587,0.021068701718754673,0.10563586456750307,1.9844674545084815,3.5992430385312764,3.6841322279102267,98.0,3.6416876332207515,0.042444594689474924,0.21281194807787868,1.9844674545084815,completed,13.002166986465454,False,COMPLETE
39,2.890757450091161,2026-06-13 16:39:48.025205,2026-06-13 16:39:55.379703,0 days 00:00:07.354498,16,sqrt,5,5,217,ExtraTreesRegressor,11,True,-0.02681755902679279,-0.01654207130725013,98.0,-0.02167981516702146,0.00513774385977133,0.025760012258857132,1.9844674545084815,2.862168933480009,2.919345966702313,98.0,2.890757450091161,0.028588516611152314,0.1433392863611153,1.9844674545084815,870314780481826.1,1104917666679775.1,98.0,987616223580800.6,117301443098974.47,588134927447648.9,1.9844674545084815,8.358369489360506,8.770271673635783,98.0,8.564320581498144,0.20595109213763885,1.0326133032304805,1.9844674545084815,2.541466086890649,2.6191914216472085,98.0,2.580328754268929,0.03886266737827981,0.1948526075647788,1.9844674545084815,99.0,0.7272727272727273,-0.039546806241439636,-0.022090699156902184,98.0,-0.03081875269917091,0.008728053542268728,0.043761380944905795,1.9844674545084815,ExtraTreesRegressor,"{'mode': 'original', 'type': 'ExtraTreesRegressor'}",11,"['nodes_T6W30', 're_T6W30', 'pe_T6W30', 'l1_T6W30', 'l2_T6W30', 'l3_T6W30', 'lcc_T6W30', 'atd_T6W30', 'density_T6W30', 'diameter_T6W30', 'asp_T6W30']",-2.1255962143591767e-05,0.044779079848174023,98.0,0.022378911943015216,0.022400167905158808,0.1123116713457629,1.9844674545084815,3.4839863631199295,3.5658943053597527,98.0,3.524940334239841,0.040953971119911683,0.205338145865598,1.9844674545084815,completed,7.348107814788818,True,COMPLETE
40,2.8661682594724534,2026-06-13 16:39:55.388668,2026-06-13 16:40:04.981242,0 days 00:00:09.592574,17,,5,5,277,ExtraTreesRegressor,3,False,-0.019272978163358965,-0.006809169020030932,98.0,-0.013041073591694948,0.006231904571664016,0.031245998738683303,1.9844674545084815,2.8367496009876643,2.8955869179572424,98.0,2.8661682594724534,0.02941865848478906,0.14750151504069467,1.9844674545084815,858578828033336.5,1088390110586886.2,98.0,973484469310111.4,114905641276774.94,576122673432245.5,1.9844674545084815,8.448659217193597,8.857679830395647,98.0,8.653169523794622,0.20451030660102482,1.0253893827512657,1.9844674545084815,2.5673547917096133,2.6596320965173286,98.0,2.613493444113471,0.046138652403857464,0.2313334965638819,1.9844674545084815,99.0,0.6767676767676768,-0.04056531162701791,-0.019563635118570274,98.0,-0.030064473372794092,0.010500838254223816,0.05264990422646739,1.9844674545084815,ExtraTreesRegressor,"{'mode': 'original', 'type': 'ExtraTreesRegressor'}",3,"['l1_T6W30', 'atd_T6W30', 'density_T6W30']",0.05667318608189032,0.09735020410773271,98.0,0.07701169509481151,0.02033850901292119,0.1019747686532284,1.9844674545084815,3.4819578041263823,3.564038123094481,98.0,3.5229979636104316,0.04104015948404935,0.20577028366330752,1.9844674545084815,completed,9.585307121276855,False,COMPLETE
