number,value,datetime_start,datetime_complete,duration,params_et_max_depth,params_et_max_features,params_et_min_samples_leaf,params_et_min_samples_split,params_et_n_estimators,params_regressor,params_rfe_n_features,params_use_scaler,user_attrs_d2mae_ci_lower_val,user_attrs_d2mae_ci_upper_val,user_attrs_d2mae_df_val,user_attrs_d2mae_mean_val,user_attrs_d2mae_samperror_val,user_attrs_d2mae_std_val,user_attrs_d2mae_t_critical_val,user_attrs_mae_ci_lower_val,user_attrs_mae_ci_upper_val,user_attrs_mae_df_val,user_attrs_mae_mean_val,user_attrs_mae_samperror_val,user_attrs_mae_std_val,user_attrs_mae_t_critical_val,user_attrs_mape_ci_lower_val,user_attrs_mape_ci_upper_val,user_attrs_mape_df_val,user_attrs_mape_mean_val,user_attrs_mape_samperror_val,user_attrs_mape_std_val,user_attrs_mape_t_critical_val,user_attrs_max_error_ci_lower_val,user_attrs_max_error_ci_upper_val,user_attrs_max_error_df_val,user_attrs_max_error_mean_val,user_attrs_max_error_samperror_val,user_attrs_max_error_std_val,user_attrs_max_error_t_critical_val,user_attrs_median_ae_ci_lower_val,user_attrs_median_ae_ci_upper_val,user_attrs_median_ae_df_val,user_attrs_median_ae_mean_val,user_attrs_median_ae_samperror_val,user_attrs_median_ae_std_val,user_attrs_median_ae_t_critical_val,user_attrs_n_splits_val,user_attrs_r2_below_zero_val,user_attrs_r2_ci_lower_val,user_attrs_r2_ci_upper_val,user_attrs_r2_df_val,user_attrs_r2_mean_val,user_attrs_r2_samperror_val,user_attrs_r2_std_val,user_attrs_r2_t_critical_val,user_attrs_regressor_final,user_attrs_rfe_estimator,user_attrs_rfe_n_features,user_attrs_rfe_selected_features,user_attrs_rho_ci_lower_val,user_attrs_rho_ci_upper_val,user_attrs_rho_df_val,user_attrs_rho_mean_val,user_attrs_rho_samperror_val,user_attrs_rho_std_val,user_attrs_rho_t_critical_val,user_attrs_rmse_ci_lower_val,user_attrs_rmse_ci_upper_val,user_attrs_rmse_df_val,user_attrs_rmse_mean_val,user_attrs_rmse_samperror_val,user_attrs_rmse_std_val,user_attrs_rmse_t_critical_val,user_attrs_termination_reason,user_attrs_trial_time_seconds,user_attrs_use_scaler_final,state
264,2.9127073518161146,2026-06-13 17:10:40.820362,2026-06-13 17:10:54.472770,0 days 00:00:13.652408,14,sqrt,2,2,402,ExtraTreesRegressor,7,True,-0.03545036656386478,-0.023421180005361898,98.0,-0.029435773284613338,0.006014593279251441,0.030156426796343384,1.9844674545084815,2.8825581463238064,2.942856557308423,98.0,2.9127073518161146,0.03014920549230846,0.15116438737980126,1.9844674545084815,873497395209060.8,1107818451023257.8,98.0,990657923116159.2,117160527907098.45,587428396104463.8,1.9844674545084815,8.573898062228572,8.983952217748605,98.0,8.778925139988589,0.20502707776001697,1.0279804094263973,1.9844674545084815,2.573920655993967,2.6551357361825927,98.0,2.61452819608828,0.04060754009431307,0.20360118355104112,1.9844674545084815,99.0,0.8484848484848485,-0.06935218834428486,-0.047592701380647424,98.0,-0.05847244486246614,0.010879743481818714,0.054549688173311336,1.9844674545084815,ExtraTreesRegressor,"{'mode': 'original', 'type': 'ExtraTreesRegressor'}",7,"['nodes_T6W30', 'l1_T6W30', 'l2_T6W30', 'l3_T6W30', 'atd_T6W30', 'density_T6W30', 'asp_T6W30']",-0.011029788844592882,0.031042310700438953,98.0,0.010006260927923035,0.021036049772515917,0.10547215174756826,1.9844674545084815,3.529744289386398,3.612471448927852,98.0,3.571107869157125,0.04136357977072714,0.2073918729789636,1.9844674545084815,completed,13.646067380905151,True,COMPLETE
265,2.8537287959758637,2026-06-13 17:10:54.481087,2026-06-13 17:11:01.475509,0 days 00:00:06.994422,2,log2,3,10,216,ExtraTreesRegressor,9,False,-0.012673746846073527,-0.00459197614266395,98.0,-0.008632861494368739,0.004040885351704789,0.020260499362688065,1.9844674545084815,2.827345871497227,2.8801117204545004,98.0,2.8537287959758637,0.026382924478636542,0.13228072020399007,1.9844674545084815,868217038302647.5,1103052530238976.0,98.0,985634784270811.8,117417745968164.27,588718055649023.0,1.9844674545084815,8.17965804743088,8.560722605891911,98.0,8.370190326661396,0.19053227923051452,0.9553052823665861,1.9844674545084815,2.5233515886055975,2.5978773476551145,98.0,2.560614468130356,0.037262879524758326,0.18683146913454995,1.9844674545084815,99.0,0.37373737373737376,-0.0038341101801128434,0.008152213109865353,98.0,0.0021590514648762546,0.005993161644989098,0.03004897123289109,1.9844674545084815,ExtraTreesRegressor,"{'mode': 'original', 'type': 'ExtraTreesRegressor'}",9,"['nodes_T6W30', 're_T6W30', 'pe_T6W30', 'l3_T6W30', 'lcc_T6W30', 'atd_T6W30', 'density_T6W30', 'diameter_T6W30', 'asp_T6W30']",0.10538479686630298,0.15491720634543032,98.0,0.13015100160586665,0.02476620473956367,0.12417468739380107,1.9844674545084815,3.4291014927196675,3.5081854669579733,98.0,3.4686434798388204,0.03954198711915299,0.19825863272488783,1.9844674545084815,completed,6.987795829772949,False,COMPLETE
266,2.924923705800602,2026-06-13 17:11:01.484237,2026-06-13 17:11:02.668835,0 days 00:00:01.184598,14,,2,8,147,ExtraTreesRegressor,5,False,,,,,,,,,,,,,,,,,,,,,,,,,,,,,,,,,,,,,,,,,,,,,ExtraTreesRegressor,"{'mode': 'original', 'type': 'ExtraTreesRegressor'}",5,"['l1_T6W30', 'l2_T6W30', 'l3_T6W30', 'density_T6W30', 'asp_T6W30']",,,,,,,,,,,,,,,pruned,,False,PRUNED
267,2.8672124072235676,2026-06-13 17:11:02.674981,2026-06-13 17:11:14.389430,0 days 00:00:11.714449,5,sqrt,2,11,371,ExtraTreesRegressor,8,True,-0.018717904847260335,-0.008115079998441938,98.0,-0.013416492422851136,0.005301412424409198,0.026580626198853874,1.9844674545084815,2.8392317147690687,2.8951930996780666,98.0,2.8672124072235676,0.027980692454498968,0.14029173121746188,1.9844674545084815,861601911377094.0,1093213210383026.5,98.0,977407560880060.2,115805649502966.23,580635203362219.9,1.9844674545084815,8.2879825501013,8.681616580215556,98.0,8.484799565158427,0.19681701505712776,0.9868161704832313,1.9844674545084815,2.497079097481844,2.5772370559822004,98.0,2.5371580767320223,0.04007897925017804,0.20095104485279233,1.9844674545084815,99.0,0.5656565656565656,-0.025889536670550044,-0.007765520595063205,98.0,-0.016827528632806624,0.00906200803774342,0.04543578748056197,1.9844674545084815,ExtraTreesRegressor,"{'mode': 'original', 'type': 'ExtraTreesRegressor'}",8,"['nodes_T6W30', 'l1_T6W30', 'l3_T6W30', 'lcc_T6W30', 'atd_T6W30', 'density_T6W30', 'diameter_T6W30', 'asp_T6W30']",0.04859964117321121,0.09467559702036042,98.0,0.07163761909678582,0.023037977923574603,0.11550957189153749,1.9844674545084815,3.4603230356013994,3.541045218945699,98.0,3.500684127273549,0.0403610916721497,0.20236552164391233,1.9844674545084815,completed,11.708297967910767,True,COMPLETE
268,2.9431676312900494,2026-06-13 17:11:14.397763,2026-06-13 17:11:14.944574,0 days 00:00:00.546811,9,,1,5,56,ExtraTreesRegressor,6,False,,,,,,,,,,,,,,,,,,,,,,,,,,,,,,,,,,,,,,,,,,,,,ExtraTreesRegressor,"{'mode': 'original', 'type': 'ExtraTreesRegressor'}",6,"['l1_T6W30', 'l2_T6W30', 'l3_T6W30', 'atd_T6W30', 'density_T6W30', 'asp_T6W30']",,,,,,,,,,,,,,,pruned,,False,PRUNED
269,2.94910686050812,2026-06-13 17:11:14.950426,2026-06-13 17:11:15.432004,0 days 00:00:00.481578,10,,3,12,54,ExtraTreesRegressor,11,False,,,,,,,,,,,,,,,,,,,,,,,,,,,,,,,,,,,,,,,,,,,,,ExtraTreesRegressor,"{'mode': 'original', 'type': 'ExtraTreesRegressor'}",11,"['nodes_T6W30', 're_T6W30', 'l1_T6W30', 'l2_T6W30', 'l3_T6W30', 'lcc_T6W30', 'lsc_T6W30', 'atd_T6W30', 'density_T6W30', 'diameter_T6W30', 'asp_T6W30']",,,,,,,,,,,,,,,pruned,,False,PRUNED
270,2.8446820233900767,2026-06-13 17:11:15.438281,2026-06-13 17:11:19.415955,0 days 00:00:03.977674,2,log2,5,10,106,ExtraTreesRegressor,5,False,-0.009256046312052478,-0.0016430154354843394,98.0,-0.0054495308737684085,0.003806515438284069,0.019085397604482916,1.9844674545084815,2.818834564667035,2.870529482113118,98.0,2.8446820233900767,0.02584745872304168,0.1295959611337051,1.9844674545084815,869105159176602.1,1103889698800078.6,98.0,986497428988340.4,117392269811738.28,588590321351682.8,1.9844674545084815,8.172006530561937,8.55113381112768,98.0,8.361570170844809,0.1895636402828715,0.9504486464877392,1.9844674545084815,2.518983547399972,2.595132808509433,98.0,2.5570581779547026,0.03807463055473058,0.19090148839863913,1.9844674545084815,99.0,0.29292929292929293,0.0009405186583745159,0.01215962773455608,98.0,0.006550073196465298,0.005609554538090782,0.028125612644764597,1.9844674545084815,ExtraTreesRegressor,"{'mode': 'original', 'type': 'ExtraTreesRegressor'}",5,"['nodes_T6W30', 'lcc_T6W30', 'atd_T6W30', 'density_T6W30', 'asp_T6W30']",0.12639760261759359,0.17695670821759146,98.0,0.15167715541759252,0.025279552799998953,0.12674855107614935,1.9844674545084815,3.4218623881742274,3.500155031396647,98.0,3.461008709785437,0.0391463216112099,0.19627481480534784,1.9844674545084815,completed,3.9710988998413086,False,COMPLETE
271,2.8678128361126616,2026-06-13 17:11:19.424374,2026-06-13 17:11:26.436092,0 days 00:00:07.011718,9,log2,2,2,206,ExtraTreesRegressor,2,True,-0.017747207594005193,-0.009371454757032696,98.0,-0.013559331175518944,0.0041878764184862475,0.02099749439116374,1.9844674545084815,2.840556854751469,2.895068817473854,98.0,2.8678128361126616,0.02725598136119274,0.13665811943041398,1.9844674545084815,858642430327597.2,1092583557910500.8,98.0,975612994119049.0,116970563791451.72,586475939524033.8,1.9844674545084815,8.29690772831896,8.64990757331087,98.0,8.473407650814915,0.17649992249595553,0.8849487812702108,1.9844674545084815,2.535428298573909,2.6055652883297835,98.0,2.5704967934518463,0.035068494877937305,0.1758290959245174,1.9844674545084815,99.0,0.47474747474747475,-0.012193452960183523,0.0012006262647210946,98.0,-0.005496413347731215,0.0066970396124523095,0.03357812830367562,1.9844674545084815,ExtraTreesRegressor,"{'mode': 'original', 'type': 'ExtraTreesRegressor'}",2,"['l3_T6W30', 'density_T6W30']",0.06383206677601863,0.10867698577934687,98.0,0.08625452627768275,0.022422459501664126,0.11242343865353835,1.9844674545084815,3.4418410970509448,3.5218901769980993,98.0,3.481865637024522,0.04002453997357727,0.2006780930531552,1.9844674545084815,completed,7.005366086959839,True,COMPLETE
272,2.9490691026689553,2026-06-13 17:11:26.445224,2026-06-13 17:11:29.400647,0 days 00:00:02.955423,10,,2,6,401,ExtraTreesRegressor,7,True,,,,,,,,,,,,,,,,,,,,,,,,,,,,,,,,,,,,,,,,,,,,,ExtraTreesRegressor,"{'mode': 'original', 'type': 'ExtraTreesRegressor'}",7,"['re_T6W30', 'l1_T6W30', 'l2_T6W30', 'l3_T6W30', 'atd_T6W30', 'density_T6W30', 'asp_T6W30']",,,,,,,,,,,,,,,pruned,,True,PRUNED
273,2.862252170158762,2026-06-13 17:11:29.407026,2026-06-13 17:11:32.506549,0 days 00:00:03.099523,20,sqrt,4,12,76,ExtraTreesRegressor,2,True,-0.015726308562041165,-0.007673748697417355,98.0,-0.01170002862972926,0.0040262799323119046,0.020187269596301235,1.9844674545084815,2.836533550965459,2.887970789352065,98.0,2.862252170158762,0.02571861919330326,0.128949975666918,1.9844674545084815,874067502505356.4,1110558504058117.6,98.0,992313003281737.0,118245500776380.67,592868315877825.4,1.9844674545084815,8.191262178443393,8.569989136411886,98.0,8.38062565742764,0.18936347898424621,0.9494450624930778,1.9844674545084815,2.5376263468215425,2.6073495368532598,98.0,2.572487941837401,0.03486159501585855,0.17479172560614933,1.9844674545084815,99.0,0.5151515151515151,-0.012857602322558438,-0.0007249776505683569,98.0,-0.006791289986563398,0.006066312335995041,0.03041573975006291,1.9844674545084815,ExtraTreesRegressor,"{'mode': 'original', 'type': 'ExtraTreesRegressor'}",2,"['nodes_T6W30', 'lcc_T6W30']",0.04258162051399317,0.08785364981253327,98.0,0.06521763516326322,0.02263601464927005,0.11349417775039078,1.9844674545084815,3.444981415106143,3.5229322706826127,98.0,3.483956842894378,0.03897542778823497,0.19541797431369415,1.9844674545084815,completed,3.0930659770965576,True,COMPLETE
274,2.90719333146865,2026-06-13 17:11:32.515275,2026-06-13 17:11:37.775298,0 days 00:00:05.260023,4,,4,8,138,ExtraTreesRegressor,9,True,-0.033893348066800916,-0.02122014156631547,98.0,-0.027556744816558194,0.00633660325024272,0.03177094496358008,1.9844674545084815,2.8773566789264287,2.937029984010872,98.0,2.90719333146865,0.029836652542221773,0.14959728554570295,1.9844674545084815,862188144435032.1,1093775720104625.6,98.0,977981932269828.9,115793787834796.8,580575730425110.6,1.9844674545084815,8.409550192972496,8.836145145593473,98.0,8.622847669282985,0.21329747631048943,1.0694471648467985,1.9844674545084815,2.521417855211695,2.611671325819959,98.0,2.566544590515827,0.04512673530413197,0.22625986938328593,1.9844674545084815,99.0,0.7373737373737373,-0.059504044205496154,-0.03726834127442824,98.0,-0.0483861927399622,0.011117851465533955,0.05574353215363568,1.9844674545084815,ExtraTreesRegressor,"{'mode': 'original', 'type': 'ExtraTreesRegressor'}",9,"['nodes_T6W30', 'l1_T6W30', 'l2_T6W30', 'l3_T6W30', 'lcc_T6W30', 'atd_T6W30', 'density_T6W30', 'diameter_T6W30', 'asp_T6W30']",-0.006871141123827286,0.03931972268156637,98.0,0.01622429077886954,0.023095431902696827,0.11579763903674828,1.9844674545084815,3.5128048701816432,3.5949595852186134,98.0,3.5538822277001283,0.041077357518485166,0.20595679000718636,1.9844674545084815,completed,5.253808975219727,True,COMPLETE
275,2.854698498844137,2026-06-13 17:11:37.783484,2026-06-13 17:11:43.685688,0 days 00:00:05.902204,8,log2,2,12,167,ExtraTreesRegressor,2,False,-0.012935509993333281,-0.005093264581357328,98.0,-0.009014387287345304,0.003921122705987976,0.019660024269724685,1.9844674545084815,2.8289867452574615,2.8804102524308126,98.0,2.854698498844137,0.025711753586675604,0.12891555236444904,1.9844674545084815,869325973340940.9,1104404530156125.1,98.0,986865251748533.0,117539278407592.16,589327404268759.5,1.9844674545084815,8.297054764808216,8.72358294560103,98.0,8.510318855204623,0.2132640903964082,1.0692797720028813,1.9844674545084815,2.5076092115934956,2.572849966402839,98.0,2.540229588998167,0.03262037740467168,0.16355453770525036,1.9844674545084815,99.0,0.5555555555555556,-0.01681120689147774,-0.003149072220186176,98.0,-0.00998013955583196,0.006831067335645783,0.03425012673075257,1.9844674545084815,ExtraTreesRegressor,"{'mode': 'original', 'type': 'ExtraTreesRegressor'}",2,"['nodes_T6W30', 'density_T6W30']",0.06003376125346149,0.10066868839121498,98.0,0.08035122482233824,0.02031746356887675,0.1018692493997633,1.9844674545084815,3.450070570917263,3.5285775136454776,98.0,3.4893240422813703,0.039253471364107395,0.19681205041372166,1.9844674545084815,completed,5.895356893539429,False,COMPLETE
276,2.8869673628138637,2026-06-13 17:11:43.694356,2026-06-13 17:11:54.671560,0 days 00:00:10.977204,10,sqrt,5,3,334,ExtraTreesRegressor,10,True,-0.025527172989999333,-0.015198772706367089,98.0,-0.02036297284818321,0.005164200141816123,0.025892660784824707,1.9844674545084815,2.858627111503769,2.9153076141239582,98.0,2.8869673628138637,0.028340251310094697,0.1420945148479286,1.9844674545084815,867703832954585.1,1100289997862366.9,98.0,983996915408476.0,116293082453890.89,583079131890752.8,1.9844674545084815,8.365874773596271,8.775192985180691,98.0,8.570533879388481,0.20465910579221,1.0261354434918666,1.9844674545084815,2.5453103025831263,2.628427235228231,98.0,2.5868687689056786,0.04155846632255222,0.20836901004556782,1.9844674545084815,99.0,0.696969696969697,-0.037471363752127104,-0.020310271120867005,98.0,-0.028890817436497056,0.008580546315630051,0.04302179795474649,1.9844674545084815,ExtraTreesRegressor,"{'mode': 'original', 'type': 'ExtraTreesRegressor'}",10,"['nodes_T6W30', 're_T6W30', 'l1_T6W30', 'l2_T6W30', 'l3_T6W30', 'lcc_T6W30', 'atd_T6W30', 'density_T6W30', 'diameter_T6W30', 'asp_T6W30']",0.005083109839498352,0.0497911684777481,98.0,0.02743713915862323,0.022354029319124877,0.11208033818196962,1.9844674545084815,3.4809081124296872,3.562338994683996,98.0,3.5216235535568416,0.04071544112715426,0.20414218598413172,1.9844674545084815,completed,10.970877170562744,True,COMPLETE
277,2.9135607632376384,2026-06-13 17:11:54.680123,2026-06-13 17:12:09.382269,0 days 00:00:14.702146,10,,3,8,413,ExtraTreesRegressor,4,False,-0.03785539823576743,-0.0213188401548896,98.0,-0.029587119195328516,0.008268279040438914,0.04145612845924119,1.9844674545084815,2.878053192421427,2.9490683340538495,98.0,2.9135607632376384,0.035507570816211136,0.1780305683725827,1.9844674545084815,857936486969260.4,1088099489869160.4,98.0,973017988419210.4,115081501449950.02,577004414589547.2,1.9844674545084815,8.756571446262935,9.142198667361367,98.0,8.949385056812151,0.19281361054921567,0.9667435954355587,1.9844674545084815,2.5479128640898114,2.652855680838032,98.0,2.6003842724639217,0.052471408374110094,0.26308515174143665,1.9844674545084815,99.0,0.8080808080808081,-0.08570047437824516,-0.05599676370008516,98.0,-0.07084861903916516,0.01485185533908,0.07446536574100476,1.9844674545084815,ExtraTreesRegressor,"{'mode': 'original', 'type': 'ExtraTreesRegressor'}",4,"['l1_T6W30', 'l3_T6W30', 'atd_T6W30', 'density_T6W30']",0.02611233541476379,0.0722715040095812,98.0,0.049191919712172495,0.023079584297408706,0.1157181811039206,1.9844674545084815,3.5452498611107974,3.637751173345172,98.0,3.591500517227985,0.04625065611718717,0.2318950693295081,1.9844674545084815,completed,14.69560694694519,False,COMPLETE
278,2.9356435136242274,2026-06-13 17:12:09.391221,2026-06-13 17:12:25.551747,0 days 00:00:16.160526,17,sqrt,2,11,492,ExtraTreesRegressor,13,False,-0.04343838647661721,-0.03163249414986691,98.0,-0.03753544031324206,0.005902946163375152,0.02959664196624342,1.9844674545084815,2.905570260769059,2.9657167664793955,98.0,2.9356435136242274,0.03007325285516816,0.15078357025126624,1.9844674545084815,877086604113600.0,1112714909112620.5,98.0,994900756613110.2,117814152499510.31,590705588968253.0,1.9844674545084815,8.496451480765588,8.920180053905726,98.0,8.708315767335657,0.2118642865700693,1.0622613287502256,1.9844674545084815,2.552018439878671,2.6518946993334693,98.0,2.6019565696060702,0.04993812972739927,0.2503836059315456,1.9844674545084815,99.0,0.9292929292929293,-0.08149888563248996,-0.060360325298413384,98.0,-0.07092960546545167,0.010569280167038288,0.05299306351218524,1.9844674545084815,ExtraTreesRegressor,"{'mode': 'original', 'type': 'ExtraTreesRegressor'}",13,"['nodes_T6W30', 'edges_T6W30', 're_T6W30', 'pe_T6W30', 'l1_T6W30', 'l2_T6W30', 'l3_T6W30', 'lcc_T6W30', 'lsc_T6W30', 'atd_T6W30', 'density_T6W30', 'diameter_T6W30', 'asp_T6W30']",-0.06105152833145558,-0.017902569844324756,98.0,-0.03947704908789017,0.02157447924356541,0.1081717705205801,1.9844674545084815,3.5507123740579503,3.633819330913315,98.0,3.5922658524856326,0.04155347842768213,0.20834400135760933,1.9844674545084815,completed,16.152915954589844,False,COMPLETE
279,2.8882491202588074,2026-06-13 17:12:25.562386,2026-06-13 17:12:36.318224,0 days 00:00:10.755838,6,,3,6,306,ExtraTreesRegressor,4,False,-0.028059349269228224,-0.013351481508387584,98.0,-0.020705415388807904,0.00735393388042032,0.03687171491629863,1.9844674545084815,2.8551709776357015,2.9213272628819134,98.0,2.8882491202588074,0.033078142623105745,0.16584971589248387,1.9844674545084815,849570842378397.2,1078796635973364.8,98.0,964183739175881.0,114612896797483.73,574654888820735.1,1.9844674545084815,8.557615585283733,8.95275069491486,98.0,8.755183140099296,0.1975675548155637,0.9905792840026604,1.9844674545084815,2.5235721150168757,2.6209737595588996,98.0,2.5722729372878876,0.04870082227101196,0.24417989937971082,1.9844674545084815,99.0,0.7575757575757576,-0.05889261861762817,-0.03220174937404851,98.0,-0.04554718399583834,0.01334543462178983,0.06691235858386745,1.9844674545084815,ExtraTreesRegressor,"{'mode': 'original', 'type': 'ExtraTreesRegressor'}",4,"['l1_T6W30', 'l3_T6W30', 'atd_T6W30', 'density_T6W30']",0.030054814499351174,0.07672265232415812,98.0,0.053388733411754645,0.02333391891240347,0.11699338340651426,1.9844674545084815,3.504634445665318,3.593457629397387,98.0,3.5490460375313524,0.04441159186603472,0.22267422863609496,1.9844674545084815,completed,10.748722076416016,False,COMPLETE
280,2.887631289805467,2026-06-13 17:12:36.327051,2026-06-13 17:12:51.581141,0 days 00:00:15.254090,20,sqrt,5,7,475,ExtraTreesRegressor,10,False,-0.025763337983338963,-0.015432755265310323,98.0,-0.020598046624324642,0.005165291359014319,0.025898132012890925,1.9844674545084815,2.8592863234217156,2.9159762561892184,98.0,2.887631289805467,0.028344966383751523,0.1421181556440672,1.9844674545084815,867820505591686.9,1100603757283858.6,98.0,984212131437772.8,116391625846085.86,583573216271028.8,1.9844674545084815,8.364292421913824,8.772799569002224,98.0,8.568545995458024,0.2042535735441995,1.0241021549579814,1.9844674545084815,2.5454557184357136,2.6276982288172133,98.0,2.5865769736264634,0.04112125519074976,0.2061768875065042,1.9844674545084815,99.0,0.696969696969697,-0.03813886926435732,-0.0209744297929823,98.0,-0.02955664952866981,0.00858221973568751,0.043030188275940164,1.9844674545084815,ExtraTreesRegressor,"{'mode': 'original', 'type': 'ExtraTreesRegressor'}",10,"['nodes_T6W30', 're_T6W30', 'l1_T6W30', 'l2_T6W30', 'l3_T6W30', 'lcc_T6W30', 'atd_T6W30', 'density_T6W30', 'diameter_T6W30', 'asp_T6W30']",0.0026815937498952495,0.047111792117750476,98.0,0.02489669293382286,0.02221509918392761,0.11138375966745302,1.9844674545084815,3.4820742777040032,3.56342293174167,98.0,3.5227486047228367,0.040674327018833445,0.2039360449301471,1.9844674545084815,completed,15.247834205627441,False,COMPLETE
