number,value,datetime_start,datetime_complete,duration,params_et_max_depth,params_et_max_features,params_et_min_samples_leaf,params_et_min_samples_split,params_et_n_estimators,params_regressor,params_rfe_n_features,params_use_scaler,user_attrs_d2mae_ci_lower_val,user_attrs_d2mae_ci_upper_val,user_attrs_d2mae_df_val,user_attrs_d2mae_mean_val,user_attrs_d2mae_samperror_val,user_attrs_d2mae_std_val,user_attrs_d2mae_t_critical_val,user_attrs_mae_ci_lower_val,user_attrs_mae_ci_upper_val,user_attrs_mae_df_val,user_attrs_mae_mean_val,user_attrs_mae_samperror_val,user_attrs_mae_std_val,user_attrs_mae_t_critical_val,user_attrs_mape_ci_lower_val,user_attrs_mape_ci_upper_val,user_attrs_mape_df_val,user_attrs_mape_mean_val,user_attrs_mape_samperror_val,user_attrs_mape_std_val,user_attrs_mape_t_critical_val,user_attrs_max_error_ci_lower_val,user_attrs_max_error_ci_upper_val,user_attrs_max_error_df_val,user_attrs_max_error_mean_val,user_attrs_max_error_samperror_val,user_attrs_max_error_std_val,user_attrs_max_error_t_critical_val,user_attrs_median_ae_ci_lower_val,user_attrs_median_ae_ci_upper_val,user_attrs_median_ae_df_val,user_attrs_median_ae_mean_val,user_attrs_median_ae_samperror_val,user_attrs_median_ae_std_val,user_attrs_median_ae_t_critical_val,user_attrs_n_splits_val,user_attrs_r2_below_zero_val,user_attrs_r2_ci_lower_val,user_attrs_r2_ci_upper_val,user_attrs_r2_df_val,user_attrs_r2_mean_val,user_attrs_r2_samperror_val,user_attrs_r2_std_val,user_attrs_r2_t_critical_val,user_attrs_regressor_final,user_attrs_rfe_estimator,user_attrs_rfe_n_features,user_attrs_rfe_selected_features,user_attrs_rho_ci_lower_val,user_attrs_rho_ci_upper_val,user_attrs_rho_df_val,user_attrs_rho_mean_val,user_attrs_rho_samperror_val,user_attrs_rho_std_val,user_attrs_rho_t_critical_val,user_attrs_rmse_ci_lower_val,user_attrs_rmse_ci_upper_val,user_attrs_rmse_df_val,user_attrs_rmse_mean_val,user_attrs_rmse_samperror_val,user_attrs_rmse_std_val,user_attrs_rmse_t_critical_val,user_attrs_termination_reason,user_attrs_trial_time_seconds,user_attrs_use_scaler_final,state
347,2.8554344246650554,2026-06-13 17:21:16.968350,2026-06-13 17:21:27.396378,0 days 00:00:10.428028,15,sqrt,5,11,324,ExtraTreesRegressor,6,False,-0.013936789453092688,-0.004677436131247261,98.0,-0.009307112792169975,0.004629676660922713,0.023212626163349036,1.9844674545084815,2.8291971734172723,2.8816716759128385,98.0,2.8554344246650554,0.02623725124778298,0.13155033264186233,1.9844674545084815,868142943181972.9,1100275570865775.1,98.0,984209257023874.0,116066313841901.1,581942142117766.9,1.9844674545084815,8.272162689129042,8.674826122099228,98.0,8.473494405614135,0.2013317164850924,1.0094523250490655,1.9844674545084815,2.5458361262828753,2.6207240756688677,98.0,2.5832801009758715,0.03744397469299631,0.18773945790961474,1.9844674545084815,99.0,0.5353535353535354,-0.017385412995254444,-0.002472209339000193,98.0,-0.009928811167127318,0.007456601828127125,0.037386479307771565,1.9844674545084815,ExtraTreesRegressor,"{'mode': 'original', 'type': 'ExtraTreesRegressor'}",6,"['nodes_T6W30', 'l1_T6W30', 'lcc_T6W30', 'atd_T6W30', 'density_T6W30', 'asp_T6W30']",0.049942401462593336,0.09114959842794985,98.0,0.0705459999452716,0.020603598482678256,0.10330389446740239,1.9844674545084815,3.4500781984572484,3.527803343931666,98.0,3.488940771194457,0.03886257273720885,0.1948521330461546,1.9844674545084815,completed,10.420833110809326,False,COMPLETE
348,2.8782318246814866,2026-06-13 17:21:27.404939,2026-06-13 17:21:33.705103,0 days 00:00:06.300164,19,sqrt,3,8,174,ExtraTreesRegressor,7,False,-0.022405544446135323,-0.012132205357970542,98.0,-0.017268874902052932,0.005136669544082389,0.025754625772867884,1.9844674545084815,2.8499458120836643,2.906517837279309,98.0,2.8782318246814866,0.02828601259782241,0.141822568653028,1.9844674545084815,868435591687452.4,1101848384988009.4,98.0,985141988337730.9,116706396650278.5,585151438151302.4,1.9844674545084815,8.403012140918912,8.799918520902542,98.0,8.601465330910727,0.19845318999181566,0.9950197492379478,1.9844674545084815,2.528528701328025,2.608091276616903,98.0,2.568309988972464,0.03978128764443909,0.1994584559611508,1.9844674545084815,99.0,0.696969696969697,-0.03473236491342936,-0.01742664226032472,98.0,-0.02607950358687704,0.00865286132655232,0.043384376475338576,1.9844674545084815,ExtraTreesRegressor,"{'mode': 'original', 'type': 'ExtraTreesRegressor'}",7,"['nodes_T6W30', 'l1_T6W30', 'l2_T6W30', 'l3_T6W30', 'atd_T6W30', 'density_T6W30', 'asp_T6W30']",0.020054964760701857,0.0638832273029331,98.0,0.04196909603181748,0.02191413127111562,0.10987474377737232,1.9844674545084815,3.4763000352656843,3.5571310002215184,98.0,3.5167155177436014,0.04041548247791708,0.20263823041678586,1.9844674545084815,completed,6.293492078781128,False,COMPLETE
349,2.8954798557406467,2026-06-13 17:21:33.714220,2026-06-13 17:21:36.412499,0 days 00:00:02.698279,18,log2,2,9,447,ExtraTreesRegressor,10,False,,,,,,,,,,,,,,,,,,,,,,,,,,,,,,,,,,,,,,,,,,,,,ExtraTreesRegressor,"{'mode': 'original', 'type': 'ExtraTreesRegressor'}",10,"['nodes_T6W30', 're_T6W30', 'l1_T6W30', 'l2_T6W30', 'l3_T6W30', 'lcc_T6W30', 'atd_T6W30', 'density_T6W30', 'diameter_T6W30', 'asp_T6W30']",,,,,,,,,,,,,,,pruned,,False,PRUNED
350,2.849786971400486,2026-06-13 17:21:36.419773,2026-06-13 17:21:51.402331,0 days 00:00:14.982558,2,sqrt,4,11,499,ExtraTreesRegressor,2,False,-0.010286390523046854,-0.0041724573816304105,98.0,-0.007229423952338632,0.003056966570708222,0.015327252289269464,1.9844674545084815,2.8243976540520284,2.875176288748944,98.0,2.849786971400486,0.025389317348457986,0.1272988969460617,1.9844674545084815,877144540698288.5,1114589284209387.0,98.0,995866912453837.8,118722371755549.3,595259287986315.0,1.9844674545084815,8.135462197939644,8.49879272654079,98.0,8.317127462240217,0.18166526430057336,0.9108471662111185,1.9844674545084815,2.514160289826075,2.567842582954165,98.0,2.54100143639012,0.026841146564044942,0.13457818906572597,1.9844674545084815,99.0,0.25252525252525254,0.00570911894954357,0.013403783620357821,98.0,0.009556451284950696,0.003847332335407126,0.01929004847828207,1.9844674545084815,ExtraTreesRegressor,"{'mode': 'original', 'type': 'ExtraTreesRegressor'}",2,"['atd_T6W30', 'density_T6W30']",0.14034909918728736,0.19128404670704044,98.0,0.1658165729471639,0.025467473759876548,0.12769076352625747,1.9844674545084815,3.4173908492678797,3.494598285077895,98.0,3.4559945671728873,0.038603717905007405,0.1935542669335628,1.9844674545084815,completed,14.975944995880127,False,COMPLETE
351,2.860384561767164,2026-06-13 17:21:51.411734,2026-06-13 17:22:06.773021,0 days 00:00:15.361287,17,log2,5,11,489,ExtraTreesRegressor,4,True,-0.01575877083678305,-0.006372354192263785,98.0,-0.011065562514523418,0.004693208322259633,0.023531166055475432,1.9844674545084815,2.8341036701602467,2.8866654533740816,98.0,2.860384561767164,0.026280891606917517,0.13176914000497145,1.9844674545084815,859381600811460.0,1091420636448149.0,98.0,975401118629804.5,116019517818344.52,581707512643549.1,1.9844674545084815,8.34295121035978,8.778448339416153,98.0,8.560699774887967,0.21774856452818664,1.0917643706442548,1.9844674545084815,2.545310008996815,2.614326262816808,98.0,2.5798181359068115,0.03450812690999641,0.17301948024152175,1.9844674545084815,99.0,0.6464646464646465,-0.028917395014836665,-0.012403927824506895,98.0,-0.02066066141967178,0.008256733595164885,0.04139824102461805,1.9844674545084815,ExtraTreesRegressor,"{'mode': 'original', 'type': 'ExtraTreesRegressor'}",4,"['nodes_T6W30', 'lcc_T6W30', 'atd_T6W30', 'density_T6W30']",0.03348342713662712,0.07381282080244629,98.0,0.05364812396953671,0.020164696832909588,0.10110329588034539,1.9844674545084815,3.467785050685065,3.5468151796630805,98.0,3.507300115174073,0.03951506448900768,0.1981236459872238,1.9844674545084815,completed,15.355010747909546,True,COMPLETE
352,2.8560400970128232,2026-06-13 17:22:06.782056,2026-06-13 17:22:12.435767,0 days 00:00:05.653711,3,sqrt,1,3,171,ExtraTreesRegressor,7,False,-0.014154238815331163,-0.00473324133457358,98.0,-0.009443740074952372,0.004710498740378792,0.02361785807338582,1.9844674545084815,2.8286947289122466,2.8833854651134,98.0,2.8560400970128232,0.027345368100576726,0.13710629348602235,1.9844674545084815,861875583005659.9,1093670315306369.6,98.0,977772949156014.8,115897366150354.89,581095059288392.5,1.9844674545084815,8.216077904844566,8.60869486558378,98.0,8.412386385214173,0.19630848036960782,0.9842664404573459,1.9844674545084815,2.4995793483346747,2.5714349461014034,98.0,2.535507147218039,0.03592779888336445,0.18013753992601994,1.9844674545084815,99.0,0.494949494949495,-0.014200862652128242,0.0017948507065515982,98.0,-0.006203005972788322,0.00799785667933992,0.04010026418746934,1.9844674545084815,ExtraTreesRegressor,"{'mode': 'original', 'type': 'ExtraTreesRegressor'}",7,"['nodes_T6W30', 'l1_T6W30', 'lcc_T6W30', 'atd_T6W30', 'density_T6W30', 'diameter_T6W30', 'asp_T6W30']",0.0924015762346431,0.13872439572109202,98.0,0.11556298597786756,0.023161409743224455,0.11612844376878494,1.9844674545084815,3.442372683877445,3.523147026267625,98.0,3.482759855072535,0.040387171195089944,0.2024962811463286,1.9844674545084815,completed,5.647369146347046,False,COMPLETE
353,2.9065002846055843,2026-06-13 17:22:12.444776,2026-06-13 17:22:19.540336,0 days 00:00:07.095560,7,,1,4,197,ExtraTreesRegressor,2,False,-0.035955434983775514,-0.018557442660341858,98.0,-0.027256438822058686,0.00869899616171683,0.04361569083273651,1.9844674545084815,2.871842434542767,2.9411581346684015,98.0,2.9065002846055843,0.03465785006281732,0.17377017361148528,1.9844674545084815,853526211015274.8,1081960666730044.2,98.0,967743438872659.5,114217227857384.73,572671053692789.9,1.9844674545084815,8.775187447303978,9.224035605868401,98.0,8.99961152658619,0.22442407928221245,1.1252345759700495,1.9844674545084815,2.514863112506892,2.6259191246321754,98.0,2.5703911185695336,0.0555280060626417,0.2784105545010972,1.9844674545084815,99.0,0.7474747474747475,-0.08103341723495971,-0.04636619223257804,98.0,-0.06369980473376888,0.017333612501190834,0.08690858919946788,1.9844674545084815,ExtraTreesRegressor,"{'mode': 'original', 'type': 'ExtraTreesRegressor'}",2,"['density_T6W30', 'asp_T6W30']",0.045269157925908764,0.09552282533187204,98.0,0.0703959916288904,0.02512683370298164,0.12598283641253383,1.9844674545084815,3.531741292055359,3.624333097521534,98.0,3.5780371947884464,0.04629590273308737,0.2321219302653728,1.9844674545084815,completed,7.08905816078186,False,COMPLETE
354,2.8778843526782873,2026-06-13 17:22:19.548761,2026-06-13 17:22:20.354277,0 days 00:00:00.805516,8,log2,1,11,116,ExtraTreesRegressor,8,False,,,,,,,,,,,,,,,,,,,,,,,,,,,,,,,,,,,,,,,,,,,,,ExtraTreesRegressor,"{'mode': 'original', 'type': 'ExtraTreesRegressor'}",8,"['nodes_T6W30', 'l1_T6W30', 'l3_T6W30', 'lcc_T6W30', 'atd_T6W30', 'density_T6W30', 'diameter_T6W30', 'asp_T6W30']",,,,,,,,,,,,,,,pruned,,False,PRUNED
355,2.867054265100792,2026-06-13 17:22:20.360039,2026-06-13 17:22:30.245270,0 days 00:00:09.885231,11,log2,4,3,311,ExtraTreesRegressor,7,True,-0.01843003320900778,-0.008354434930140302,98.0,-0.01339223406957404,0.005037799139433738,0.02525890179259519,1.9844674545084815,2.8398668593636476,2.8942416708379364,98.0,2.867054265100792,0.027187405737144288,0.1363142897331068,1.9844674545084815,870475050757553.6,1103649573717988.1,98.0,987062312237770.9,116587261480217.2,584554109143667.4,1.9844674545084815,8.327633517437267,8.724638294884205,98.0,8.526135906160736,0.1985023887234681,0.9952664255933829,1.9844674545084815,2.545387319776588,2.6240423616987076,98.0,2.584714840737648,0.03932752096105985,0.19718332593412946,1.9844674545084815,99.0,0.6464646464646465,-0.027978114984593627,-0.011219044168096909,98.0,-0.019598579576345268,0.00837953540824836,0.042013954126863075,1.9844674545084815,ExtraTreesRegressor,"{'mode': 'original', 'type': 'ExtraTreesRegressor'}",7,"['nodes_T6W30', 'l1_T6W30', 'lcc_T6W30', 'atd_T6W30', 'density_T6W30', 'diameter_T6W30', 'asp_T6W30']",0.035518464069919896,0.07861172071880598,98.0,0.05706509239436294,0.021546628324443047,0.10803212945679914,1.9844674545084815,3.465936222986975,3.544972394950798,98.0,3.5054543089688863,0.03951808598191153,0.198138795378935,1.9844674545084815,completed,9.879054069519043,True,COMPLETE
356,2.940968909183206,2026-06-13 17:22:30.254078,2026-06-13 17:22:30.869399,0 days 00:00:00.615321,9,,4,7,75,ExtraTreesRegressor,12,False,,,,,,,,,,,,,,,,,,,,,,,,,,,,,,,,,,,,,,,,,,,,,ExtraTreesRegressor,"{'mode': 'original', 'type': 'ExtraTreesRegressor'}",12,"['nodes_T6W30', 're_T6W30', 'pe_T6W30', 'l1_T6W30', 'l2_T6W30', 'l3_T6W30', 'lcc_T6W30', 'lsc_T6W30', 'atd_T6W30', 'density_T6W30', 'diameter_T6W30', 'asp_T6W30']",,,,,,,,,,,,,,,pruned,,False,PRUNED
357,2.9474196784867117,2026-06-13 17:22:30.875269,2026-06-13 17:22:33.842755,0 days 00:00:02.967486,20,,2,11,428,ExtraTreesRegressor,7,False,,,,,,,,,,,,,,,,,,,,,,,,,,,,,,,,,,,,,,,,,,,,,ExtraTreesRegressor,"{'mode': 'original', 'type': 'ExtraTreesRegressor'}",7,"['l1_T6W30', 'l2_T6W30', 'l3_T6W30', 'atd_T6W30', 'density_T6W30', 'diameter_T6W30', 'asp_T6W30']",,,,,,,,,,,,,,,pruned,,False,PRUNED
358,2.90545862563075,2026-06-13 17:22:33.848780,2026-06-13 17:22:41.431901,0 days 00:00:07.583121,18,log2,2,6,212,ExtraTreesRegressor,4,False,-0.03410440004303955,-0.01984547114032336,98.0,-0.026974935591681456,0.007129464451358095,0.035746252962140616,1.9844674545084815,2.87473186580875,2.93618538545275,98.0,2.90545862563075,0.03072675982200002,0.15406017335494576,1.9844674545084815,868821636658230.1,1101157778870648.6,98.0,984989707764439.4,116168071106209.27,582452340455315.5,1.9844674545084815,8.536197402652533,8.925335405331449,98.0,8.730766403991991,0.19456900133945865,0.9755449077449965,1.9844674545084815,2.5785402063499827,2.6750286573956723,98.0,2.6267844318728275,0.0482442255228448,0.24189057975787515,1.9844674545084815,99.0,0.7878787878787878,-0.06809044900468147,-0.042749173342416465,98.0,-0.055419811173548966,0.012670637831132502,0.06352901093672648,1.9844674545084815,ExtraTreesRegressor,"{'mode': 'original', 'type': 'ExtraTreesRegressor'}",4,"['l1_T6W30', 'atd_T6W30', 'density_T6W30', 'asp_T6W30']",0.02969152834159542,0.07332700949985912,98.0,0.051509268920727276,0.021817740579131856,0.10939145276970189,1.9844674545084815,3.5234966305616684,3.6071473006131987,98.0,3.5653219655874335,0.041825335025765194,0.20970705671622789,1.9844674545084815,completed,7.577352285385132,False,COMPLETE
359,2.905780397728323,2026-06-13 17:22:41.441415,2026-06-13 17:22:51.532035,0 days 00:00:10.090620,13,log2,4,7,306,ExtraTreesRegressor,9,True,-0.03294152985028545,-0.021087663493115,98.0,-0.027014596671700225,0.005926933178585226,0.02971690989370923,1.9844674545084815,2.876187165280887,2.9353736301757594,98.0,2.905780397728323,0.02959323244743602,0.14837680729749142,1.9844674545084815,870699009739420.2,1103112865631499.2,98.0,986905937685459.8,116206927946039.44,582647163844274.9,1.9844674545084815,8.44409100276254,8.841673752661272,98.0,8.642882377711906,0.19879137494936608,0.9967153667872134,1.9844674545084815,2.55452725781013,2.6456188441688813,98.0,2.6000730509895056,0.045545793179375516,0.22836097373922104,1.9844674545084815,99.0,0.8181818181818182,-0.05734506264766815,-0.03689587256122117,98.0,-0.04712046760444466,0.01022459504322349,0.05126485493323322,1.9844674545084815,ExtraTreesRegressor,"{'mode': 'original', 'type': 'ExtraTreesRegressor'}",9,"['nodes_T6W30', 're_T6W30', 'l1_T6W30', 'l3_T6W30', 'lcc_T6W30', 'atd_T6W30', 'density_T6W30', 'diameter_T6W30', 'asp_T6W30']",-0.014351874865064462,0.029924393612078253,98.0,0.007786259373506897,0.022138134238571357,0.11099786695072901,1.9844674545084815,3.5109008912633,3.5934786598878725,98.0,3.5521897755755862,0.041288884312286195,0.2070173591889349,1.9844674545084815,completed,10.084717035293579,True,COMPLETE
360,2.981570880333861,2026-06-13 17:22:51.540420,2026-06-13 17:22:52.482445,0 days 00:00:00.942025,7,,1,4,133,ExtraTreesRegressor,13,False,,,,,,,,,,,,,,,,,,,,,,,,,,,,,,,,,,,,,,,,,,,,,ExtraTreesRegressor,"{'mode': 'original', 'type': 'ExtraTreesRegressor'}",13,"['nodes_T6W30', 'edges_T6W30', 're_T6W30', 'pe_T6W30', 'l1_T6W30', 'l2_T6W30', 'l3_T6W30', 'lcc_T6W30', 'lsc_T6W30', 'atd_T6W30', 'density_T6W30', 'diameter_T6W30', 'asp_T6W30']",,,,,,,,,,,,,,,pruned,,False,PRUNED
361,2.9208103924012954,2026-06-13 17:22:52.488158,2026-06-13 17:22:54.104227,0 days 00:00:01.616069,17,log2,1,6,218,ExtraTreesRegressor,4,True,,,,,,,,,,,,,,,,,,,,,,,,,,,,,,,,,,,,,,,,,,,,,ExtraTreesRegressor,"{'mode': 'original', 'type': 'ExtraTreesRegressor'}",4,"['l3_T6W30', 'atd_T6W30', 'density_T6W30', 'asp_T6W30']",,,,,,,,,,,,,,,pruned,,True,PRUNED
362,2.9030715599568135,2026-06-13 17:22:54.110013,2026-06-13 17:22:55.109170,0 days 00:00:00.999157,18,log2,2,4,148,ExtraTreesRegressor,9,True,,,,,,,,,,,,,,,,,,,,,,,,,,,,,,,,,,,,,,,,,,,,,ExtraTreesRegressor,"{'mode': 'original', 'type': 'ExtraTreesRegressor'}",9,"['nodes_T6W30', 're_T6W30', 'pe_T6W30', 'l1_T6W30', 'l2_T6W30', 'l3_T6W30', 'atd_T6W30', 'density_T6W30', 'asp_T6W30']",,,,,,,,,,,,,,,pruned,,True,PRUNED
363,2.8719710576484494,2026-06-13 17:22:55.115716,2026-06-13 17:23:03.757075,0 days 00:00:08.641359,8,sqrt,3,3,256,ExtraTreesRegressor,4,True,-0.02058722184459126,-0.009738190563361011,98.0,-0.015162706203976136,0.005424515640615126,0.027197850499076304,1.9844674545084815,2.8445740589156747,2.899368056381224,98.0,2.8719710576484494,0.02739699873277473,0.1373651630900069,1.9844674545084815,865988128966595.5,1096533195419954.8,98.0,981260662193275.1,115272533226679.56,577962224290594.4,1.9844674545084815,8.447615674569887,8.85364418387904,98.0,8.650629929224463,0.2030142546545769,1.017888363328686,1.9844674545084815,2.5384572484070898,2.626371778159811,98.0,2.5824145132834504,0.043957264876360556,0.2203962893026115,1.9844674545084815,99.0,0.7070707070707071,-0.0456473632191009,-0.025530621404928483,98.0,-0.03558899231201469,0.010058370907086209,0.050431427673820396,1.9844674545084815,ExtraTreesRegressor,"{'mode': 'original', 'type': 'ExtraTreesRegressor'}",4,"['nodes_T6W30', 'l1_T6W30', 'lcc_T6W30', 'density_T6W30']",0.02818005211714007,0.07180000589179328,98.0,0.049990029004466675,0.021809976887326606,0.10935252657923078,1.9844674545084815,3.4922584722523653,3.5723547459740232,98.0,3.5323066091131943,0.040048136860829135,0.20079640492729092,1.9844674545084815,completed,8.635402917861938,True,COMPLETE
364,2.9969993963973036,2026-06-13 17:23:03.765711,2026-06-13 17:23:05.575813,0 days 00:00:01.810102,10,,1,10,261,ExtraTreesRegressor,13,False,,,,,,,,,,,,,,,,,,,,,,,,,,,,,,,,,,,,,,,,,,,,,ExtraTreesRegressor,"{'mode': 'original', 'type': 'ExtraTreesRegressor'}",13,"['nodes_T6W30', 'edges_T6W30', 're_T6W30', 'pe_T6W30', 'l1_T6W30', 'l2_T6W30', 'l3_T6W30', 'lcc_T6W30', 'lsc_T6W30', 'atd_T6W30', 'density_T6W30', 'diameter_T6W30', 'asp_T6W30']",,,,,,,,,,,,,,,pruned,,False,PRUNED
365,2.913542716196169,2026-06-13 17:23:05.582081,2026-06-13 17:23:08.141773,0 days 00:00:02.559692,5,,2,2,423,ExtraTreesRegressor,12,True,,,,,,,,,,,,,,,,,,,,,,,,,,,,,,,,,,,,,,,,,,,,,ExtraTreesRegressor,"{'mode': 'original', 'type': 'ExtraTreesRegressor'}",12,"['nodes_T6W30', 're_T6W30', 'pe_T6W30', 'l1_T6W30', 'l2_T6W30', 'l3_T6W30', 'lcc_T6W30', 'lsc_T6W30', 'atd_T6W30', 'density_T6W30', 'diameter_T6W30', 'asp_T6W30']",,,,,,,,,,,,,,,pruned,,True,PRUNED
366,2.8502991450252133,2026-06-13 17:23:08.147665,2026-06-13 17:23:10.983184,0 days 00:00:02.835519,2,sqrt,3,8,72,ExtraTreesRegressor,7,True,-0.011481265768066275,-0.003380540904732764,98.0,-0.007430903336399519,0.004050362431666755,0.020308016269459148,1.9844674545084815,2.8240683525867154,2.876529937463711,98.0,2.8502991450252133,0.026230792438497692,0.1315179489709539,1.9844674545084815,867911845979149.5,1102596464464629.0,98.0,985254155221889.2,117342309242739.8,588339825238021.4,1.9844674545084815,8.14784197340508,8.516077976236714,98.0,8.331959974820897,0.18411800141581577,0.9231448867438838,1.9844674545084815,2.522071910512226,2.5994938216595616,98.0,2.560782866085894,0.03871095557366795,0.19409194334069882,1.9844674545084815,99.0,0.31313131313131315,-0.0009212329621796113,0.0110057812748263,98.0,0.005042274156323344,0.0059635071185029555,0.029900287104864587,1.9844674545084815,ExtraTreesRegressor,"{'mode': 'original', 'type': 'ExtraTreesRegressor'}",7,"['nodes_T6W30', 'l3_T6W30', 'lcc_T6W30', 'atd_T6W30', 'density_T6W30', 'diameter_T6W30', 'asp_T6W30']",0.12030809655310737,0.1709255540471047,98.0,0.14561682530010603,0.025308728746998663,0.12689483566582327,1.9844674545084815,3.424425228788397,3.502626327757007,98.0,3.463525778272702,0.03910054948430489,0.19604531902230204,1.9844674545084815,completed,2.829226016998291,True,COMPLETE
