number,value,datetime_start,datetime_complete,duration,params_et_max_depth,params_et_max_features,params_et_min_samples_leaf,params_et_min_samples_split,params_et_n_estimators,params_regressor,params_rfe_n_features,params_use_scaler,user_attrs_d2mae_ci_lower_val,user_attrs_d2mae_ci_upper_val,user_attrs_d2mae_df_val,user_attrs_d2mae_mean_val,user_attrs_d2mae_samperror_val,user_attrs_d2mae_std_val,user_attrs_d2mae_t_critical_val,user_attrs_mae_ci_lower_val,user_attrs_mae_ci_upper_val,user_attrs_mae_df_val,user_attrs_mae_mean_val,user_attrs_mae_samperror_val,user_attrs_mae_std_val,user_attrs_mae_t_critical_val,user_attrs_mape_ci_lower_val,user_attrs_mape_ci_upper_val,user_attrs_mape_df_val,user_attrs_mape_mean_val,user_attrs_mape_samperror_val,user_attrs_mape_std_val,user_attrs_mape_t_critical_val,user_attrs_max_error_ci_lower_val,user_attrs_max_error_ci_upper_val,user_attrs_max_error_df_val,user_attrs_max_error_mean_val,user_attrs_max_error_samperror_val,user_attrs_max_error_std_val,user_attrs_max_error_t_critical_val,user_attrs_median_ae_ci_lower_val,user_attrs_median_ae_ci_upper_val,user_attrs_median_ae_df_val,user_attrs_median_ae_mean_val,user_attrs_median_ae_samperror_val,user_attrs_median_ae_std_val,user_attrs_median_ae_t_critical_val,user_attrs_n_splits_val,user_attrs_r2_below_zero_val,user_attrs_r2_ci_lower_val,user_attrs_r2_ci_upper_val,user_attrs_r2_df_val,user_attrs_r2_mean_val,user_attrs_r2_samperror_val,user_attrs_r2_std_val,user_attrs_r2_t_critical_val,user_attrs_regressor_final,user_attrs_rfe_estimator,user_attrs_rfe_n_features,user_attrs_rfe_selected_features,user_attrs_rho_ci_lower_val,user_attrs_rho_ci_upper_val,user_attrs_rho_df_val,user_attrs_rho_mean_val,user_attrs_rho_samperror_val,user_attrs_rho_std_val,user_attrs_rho_t_critical_val,user_attrs_rmse_ci_lower_val,user_attrs_rmse_ci_upper_val,user_attrs_rmse_df_val,user_attrs_rmse_mean_val,user_attrs_rmse_samperror_val,user_attrs_rmse_std_val,user_attrs_rmse_t_critical_val,user_attrs_termination_reason,user_attrs_trial_time_seconds,user_attrs_use_scaler_final,state
331,2.8682573411893237,2026-06-13 17:19:05.115999,2026-06-13 17:19:16.498968,0 days 00:00:11.382969,2,,4,4,369,ExtraTreesRegressor,11,True,-0.018986641871624355,-0.008647899600413164,98.0,-0.01381727073601876,0.005169371135605596,0.025918587508118627,1.9844674545084815,2.8407823174085616,2.895732364970086,98.0,2.8682573411893237,0.027475023780762116,0.13775637103020624,1.9844674545084815,862004138483778.2,1094701361030886.5,98.0,978352749757332.4,116348611273554.06,583357546524546.2,1.9844674545084815,8.244372157828634,8.662734512952104,98.0,8.45355333539037,0.20918117756173438,1.0488085520386916,1.9844674545084815,2.4877671368967427,2.566351491038204,98.0,2.5270593139674733,0.03929217707073057,0.1970061160394738,1.9844674545084815,99.0,0.5151515151515151,-0.021411172366367245,-0.005100088471420634,98.0,-0.01325563041889394,0.008155541947473305,0.04089087861882753,1.9844674545084815,ExtraTreesRegressor,"{'mode': 'original', 'type': 'ExtraTreesRegressor'}",11,"['nodes_T6W30', 'edges_T6W30', 're_T6W30', 'l1_T6W30', 'l2_T6W30', 'l3_T6W30', 'lcc_T6W30', 'atd_T6W30', 'density_T6W30', 'diameter_T6W30', 'asp_T6W30']",0.06297951333400542,0.10838320004904575,98.0,0.08568135669152559,0.022701843357520173,0.11382423475163322,1.9844674545084815,3.4546800243803286,3.5348872345709843,98.0,3.4947836294756565,0.04010360509532803,0.20107451579456417,1.9844674545084815,completed,11.376916885375977,True,COMPLETE
332,2.9023697398195543,2026-06-13 17:19:16.507637,2026-06-13 17:19:29.268248,0 days 00:00:12.760611,13,sqrt,4,10,395,ExtraTreesRegressor,10,True,-0.031101268869529915,-0.02047640931112934,98.0,-0.025788839090329627,0.005312429779200289,0.026635865853111635,1.9844674545084815,2.8735060554227694,2.931233424216339,98.0,2.9023697398195543,0.028863684396784873,0.1447189436045678,1.9844674545084815,869640374720208.9,1103202712522604.1,98.0,986421543621406.5,116781168901197.58,585526336969318.5,1.9844674545084815,8.423137479937026,8.836197792590763,98.0,8.629667636263894,0.2065301563268682,1.0355166594546026,1.9844674545084815,2.5490235324080683,2.635243948318808,98.0,2.592133740363438,0.043110207955369656,0.21614925066771026,1.9844674545084815,99.0,0.8080808080808081,-0.05168585719842906,-0.03317786041135066,98.0,-0.04243185880488986,0.009253998393539202,0.04639840337848683,1.9844674545084815,ExtraTreesRegressor,"{'mode': 'original', 'type': 'ExtraTreesRegressor'}",10,"['nodes_T6W30', 're_T6W30', 'l1_T6W30', 'l2_T6W30', 'l3_T6W30', 'lcc_T6W30', 'atd_T6W30', 'density_T6W30', 'diameter_T6W30', 'asp_T6W30']",-0.013881572455694713,0.02930927470985515,98.0,0.007713851127080218,0.02159542358277493,0.10827678284690788,1.9844674545084815,3.50328628440764,3.5859487018787863,98.0,3.544617493143213,0.041331208735573055,0.20722956861246328,1.9844674545084815,completed,12.754246234893799,True,COMPLETE
333,2.876893708412824,2026-06-13 17:19:29.276966,2026-06-13 17:19:33.928644,0 days 00:00:04.651678,5,sqrt,4,11,126,ExtraTreesRegressor,9,False,-0.022401165827106592,-0.011230749724464271,98.0,-0.016815957775785432,0.0055852080513211595,0.028003542371359904,1.9844674545084815,2.848141620067613,2.905645796758035,98.0,2.876893708412824,0.028752088345210907,0.14415941480456387,1.9844674545084815,862309646422191.1,1092743275459418.6,98.0,977526460940804.9,115216814518613.7,577682857579835.9,1.9844674545084815,8.31887663256417,8.716261968086965,98.0,8.517569300325567,0.19869266776139782,0.9962204611551889,1.9844674545084815,2.5187661863085284,2.599941545759799,98.0,2.5593538660341637,0.040587679725635296,0.2035016061188903,1.9844674545084815,99.0,0.6262626262626263,-0.03187919422720233,-0.013160858028048922,98.0,-0.022520026127625627,0.009359168099576706,0.046925711276803714,1.9844674545084815,ExtraTreesRegressor,"{'mode': 'original', 'type': 'ExtraTreesRegressor'}",9,"['nodes_T6W30', 're_T6W30', 'l1_T6W30', 'l3_T6W30', 'lcc_T6W30', 'atd_T6W30', 'density_T6W30', 'diameter_T6W30', 'asp_T6W30']",0.03299843108959126,0.07983031243663961,98.0,0.05641437176311544,0.02341594067352418,0.1174046303720367,1.9844674545084815,3.4695588112662152,3.551452320283439,98.0,3.510505565774827,0.040946754508611835,0.20530196266911618,1.9844674545084815,completed,4.644017934799194,False,COMPLETE
334,2.8578847787714827,2026-06-13 17:19:33.937456,2026-06-13 17:19:45.640067,0 days 00:00:11.702611,4,,4,7,335,ExtraTreesRegressor,4,True,-0.015936569540219103,-0.004355183408004214,98.0,-0.010145876474111658,0.005790693066107444,0.02903381882039676,1.9844674545084815,2.8295375466653017,2.886232010877664,98.0,2.8578847787714827,0.028347232106180988,0.1421295156960961,1.9844674545084815,853176212633590.0,1081575520219179.5,98.0,967375866426384.8,114199653792794.73,572582939506557.1,1.9844674545084815,8.380206859739802,8.81349743527686,98.0,8.596852147508331,0.21664528776852943,1.0862326774284419,1.9844674545084815,2.5190723897038634,2.6028223659206136,98.0,2.5609473778122385,0.04187498810837524,0.20995601113116866,1.9844674545084815,99.0,0.5555555555555556,-0.03183540351554397,-0.011413869935902859,98.0,-0.02162463672572341,0.010210766789820552,0.051195521780997386,1.9844674545084815,ExtraTreesRegressor,"{'mode': 'original', 'type': 'ExtraTreesRegressor'}",4,"['nodes_T6W30', 'l1_T6W30', 'atd_T6W30', 'density_T6W30']",0.05260156438480293,0.09323661774050801,98.0,0.07291909106265547,0.020317526677852544,0.10186956582036241,1.9844674545084815,3.467411762258064,3.5500696890258743,98.0,3.508740725641969,0.04132896338390527,0.20721831069691396,1.9844674545084815,completed,11.695544004440308,True,COMPLETE
335,2.991901829392318,2026-06-13 17:19:45.649304,2026-06-13 17:19:49.392126,0 days 00:00:03.742822,11,,1,4,459,ExtraTreesRegressor,9,False,,,,,,,,,,,,,,,,,,,,,,,,,,,,,,,,,,,,,,,,,,,,,ExtraTreesRegressor,"{'mode': 'original', 'type': 'ExtraTreesRegressor'}",9,"['re_T6W30', 'pe_T6W30', 'l1_T6W30', 'l2_T6W30', 'l3_T6W30', 'lsc_T6W30', 'atd_T6W30', 'density_T6W30', 'asp_T6W30']",,,,,,,,,,,,,,,pruned,,False,PRUNED
336,2.8921150399806126,2026-06-13 17:19:49.398271,2026-06-13 17:20:01.315168,0 days 00:00:11.916897,7,sqrt,4,12,362,ExtraTreesRegressor,10,True,-0.02747119217448748,-0.016859990216690282,98.0,-0.02216559119558888,0.005305600978898598,0.026601627093008735,1.9844674545084815,2.8633526483339558,2.9208774316272694,98.0,2.8921150399806126,0.028762391646656796,0.1442110742836654,1.9844674545084815,868288842427836.4,1101596905855915.6,98.0,984942874141876.0,116654031714039.64,584888886837678.2,1.9844674545084815,8.382272366085367,8.795798558045501,98.0,8.589035462065434,0.20676309598006706,1.036684590064955,1.9844674545084815,2.5338341007425083,2.6185330193428724,98.0,2.5761835600426903,0.042349459300182156,0.21233495100264071,1.9844674545084815,99.0,0.7171717171717171,-0.04291999949770483,-0.024795393280100976,98.0,-0.0338576963889029,0.009062303108801925,0.0454372669303539,1.9844674545084815,ExtraTreesRegressor,"{'mode': 'original', 'type': 'ExtraTreesRegressor'}",10,"['nodes_T6W30', 're_T6W30', 'l1_T6W30', 'l2_T6W30', 'l3_T6W30', 'lcc_T6W30', 'atd_T6W30', 'density_T6W30', 'diameter_T6W30', 'asp_T6W30']",-0.00045572615739879543,0.0431205465345553,98.0,0.021332410188578253,0.02178813634597705,0.10924302080621823,1.9844674545084815,3.4888532092157645,3.57130003740943,98.0,3.5300766233125973,0.041223414096832854,0.20668909962623588,1.9844674545084815,completed,11.910117864608765,True,COMPLETE
337,2.9043255776854005,2026-06-13 17:20:01.324706,2026-06-13 17:20:07.523129,0 days 00:00:06.198423,14,sqrt,4,10,169,ExtraTreesRegressor,10,False,-0.03181723972989335,-0.021118647428530337,98.0,-0.026467943579211846,0.005349296150681509,0.02682070927995737,1.9844674545084815,2.875239743090607,2.933411412280194,98.0,2.9043255776854005,0.029085834594793736,0.14583277722107482,1.9844674545084815,868577323749624.1,1102122833145941.1,98.0,985350078447782.6,116772754698158.48,585484149195978.4,1.9844674545084815,8.438238880083055,8.855669475120894,98.0,8.646954177601975,0.20871529751891973,1.0464726871256838,1.9844674545084815,2.5444344081498533,2.6370797795921144,98.0,2.590757093870984,0.04632268572113063,0.2322562168548086,1.9844674545084815,99.0,0.8080808080808081,-0.05329401356386647,-0.03453695861979883,98.0,-0.04391548609183265,0.00937852747203382,0.04702277677586914,1.9844674545084815,ExtraTreesRegressor,"{'mode': 'original', 'type': 'ExtraTreesRegressor'}",10,"['nodes_T6W30', 're_T6W30', 'l1_T6W30', 'l2_T6W30', 'l3_T6W30', 'lcc_T6W30', 'atd_T6W30', 'density_T6W30', 'diameter_T6W30', 'asp_T6W30']",-0.015348230418524943,0.029251889027394368,98.0,0.0069518293044347115,0.022300059722959654,0.11180974130194461,1.9844674545084815,3.5055935024072045,3.588708079179645,98.0,3.5471507907934248,0.04155728838622025,0.20836310401849056,1.9844674545084815,completed,6.191758871078491,False,COMPLETE
338,2.878706037907033,2026-06-13 17:20:07.531875,2026-06-13 17:20:10.251277,0 days 00:00:02.719402,6,log2,5,2,64,ExtraTreesRegressor,10,False,-0.023055620138600495,-0.011866984720237301,98.0,-0.017461302429418898,0.005594317709181596,0.02804921706915795,1.9844674545084815,2.850012657776752,2.9073994180373135,98.0,2.878706037907033,0.02869338013028067,0.14386505907613995,1.9844674545084815,864848503703358.2,1096125190401023.2,98.0,980486847052190.8,115638343348832.55,579796350998400.8,1.9844674545084815,8.328691358176496,8.730823686096187,98.0,8.529757522136341,0.20106616395984608,1.0081208775319406,1.9844674545084815,2.5147230677069765,2.5992056677482336,98.0,2.556964367727605,0.04224130002062847,0.21179265375247452,1.9844674545084815,99.0,0.6363636363636364,-0.03474818291063251,-0.01611679112817132,98.0,-0.025432487019401914,0.009315695891230597,0.0467077470009503,1.9844674545084815,ExtraTreesRegressor,"{'mode': 'original', 'type': 'ExtraTreesRegressor'}",10,"['nodes_T6W30', 're_T6W30', 'l1_T6W30', 'l3_T6W30', 'lcc_T6W30', 'lsc_T6W30', 'atd_T6W30', 'density_T6W30', 'diameter_T6W30', 'asp_T6W30']",0.021866129607564063,0.06821963780701557,98.0,0.045042883707289816,0.023176754099725753,0.11620537847443906,1.9844674545084815,3.4745554311527536,3.5565065170475063,98.0,3.51553097410013,0.040975542947376244,0.20544630434042663,1.9844674545084815,completed,2.712973117828369,False,COMPLETE
339,2.8810601631024846,2026-06-13 17:20:10.259460,2026-06-13 17:20:24.441045,0 days 00:00:14.181585,8,log2,5,11,450,ExtraTreesRegressor,8,False,-0.023871304212128366,-0.012774750072999094,98.0,-0.01832302714256373,0.005548277069564636,0.027818374996585016,1.9844674545084815,2.852778192787084,2.9093421334178853,98.0,2.8810601631024846,0.028281970315400667,0.14180230114892894,1.9844674545084815,867409962211078.6,1100467086593881.1,98.0,983938524402479.9,116528562191401.23,584259798169676.4,1.9844674545084815,8.379798209010515,8.778635931063326,98.0,8.57921707003692,0.19941886102640524,0.9998615043678265,1.9844674545084815,2.551069134040537,2.6399614669018323,98.0,2.5955153004711846,0.04444616643064774,0.2228475812267622,1.9844674545084815,99.0,0.7171717171717171,-0.039278532400670585,-0.020687592886024952,98.0,-0.02998306264334777,0.009295469757322814,0.0466063356671753,1.9844674545084815,ExtraTreesRegressor,"{'mode': 'original', 'type': 'ExtraTreesRegressor'}",8,"['nodes_T6W30', 'l1_T6W30', 'l3_T6W30', 'lcc_T6W30', 'atd_T6W30', 'density_T6W30', 'diameter_T6W30', 'asp_T6W30']",0.01170795086152504,0.05599756841150226,98.0,0.03385275963651365,0.02214480877498861,0.1110313322507952,1.9844674545084815,3.482958875856237,3.563196504175719,98.0,3.523077690015978,0.04011881415974108,0.20115077216242117,1.9844674545084815,completed,14.175297737121582,False,COMPLETE
340,2.846663103046865,2026-06-13 17:20:24.449394,2026-06-13 17:20:39.564156,0 days 00:00:15.114762,8,log2,5,10,500,ExtraTreesRegressor,2,False,-0.0094846482182653,-0.002809113362918401,98.0,-0.00614688079059185,0.0033377674276734493,0.016735153055666134,1.9844674545084815,2.821312386974147,2.872013819119583,98.0,2.846663103046865,0.025350716072717935,0.12710535492384117,1.9844674545084815,875377256655225.1,1112084273029828.6,98.0,993730764842526.9,118353508187301.72,593409851677451.1,1.9844674545084815,8.188785133169517,8.57200489261049,98.0,8.380395012890004,0.1916098797204867,0.9607082379419286,1.9844674545084815,2.4991305599011824,2.552819732656565,98.0,2.5259751462788738,0.026844586377691267,0.1345954358659005,1.9844674545084815,99.0,0.30303030303030304,0.0015818514810527875,0.010607901974584985,98.0,0.006094876727818886,0.004513025246766098,0.02262775040062054,1.9844674545084815,ExtraTreesRegressor,"{'mode': 'original', 'type': 'ExtraTreesRegressor'}",2,"['atd_T6W30', 'density_T6W30']",0.09966466825632617,0.14303272915759263,98.0,0.1213486987069594,0.02168403045063324,0.10872104672314373,1.9844674545084815,3.423237188222115,3.500582343058365,98.0,3.46190976564024,0.038672577418124736,0.19389952001554894,1.9844674545084815,completed,15.108375072479248,False,COMPLETE
341,2.8501817964714276,2026-06-13 17:20:39.573120,2026-06-13 17:20:42.317733,0 days 00:00:02.744613,8,log2,3,10,60,ExtraTreesRegressor,2,True,-0.011525707329185165,-0.0032888925587721395,98.0,-0.007407299943978652,0.004118407385206513,0.020649185250470884,1.9844674545084815,2.824122048359383,2.876241544583472,98.0,2.8501817964714276,0.026059748112044336,0.1306603538734742,1.9844674545084815,891031490714533.4,1129304109680187.0,98.0,1010167800197360.1,119136309482826.8,597334720553626.0,1.9844674545084815,8.1550794746709,8.501490696254388,98.0,8.328285085462644,0.1732056107917442,0.8684315098372289,1.9844674545084815,2.5483415234559224,2.616695379258784,98.0,2.582518451357353,0.03417692790143081,0.17135888937641952,1.9844674545084815,99.0,0.47474747474747475,-0.007471736604948452,0.004282453798724217,98.0,-0.0015946414031121176,0.005877095201836335,0.029467028442424655,1.9844674545084815,ExtraTreesRegressor,"{'mode': 'original', 'type': 'ExtraTreesRegressor'}",2,"['nodes_T6W30', 'l1_T6W30']",0.04147345412968,0.09251992683741092,98.0,0.06699669048354547,0.025523236353865462,0.12797035027560624,1.9844674545084815,3.4362906259833883,3.5135894919006576,98.0,3.474940058942023,0.038649432958634634,0.19378347655825284,1.9844674545084815,completed,2.737534999847412,True,COMPLETE
342,2.860821416762458,2026-06-13 17:20:42.327433,2026-06-13 17:20:54.432126,0 days 00:00:12.104693,2,,4,11,393,ExtraTreesRegressor,9,True,-0.016400239437934488,-0.005975504943812031,98.0,-0.01118787219087326,0.005212367247061229,0.026134164693048505,1.9844674545084815,2.8333272305330004,2.8883156029919155,98.0,2.860821416762458,0.027494186229457693,0.13785244917788755,1.9844674545084815,857678385846268.8,1089060368481725.0,98.0,973369377163996.9,115690991317728.12,580060321402759.2,1.9844674545084815,8.22186344143007,8.632771474506033,98.0,8.427317457968051,0.20545401653798107,1.030121027653836,1.9844674545084815,2.486559898681619,2.5671867294300585,98.0,2.526873314055839,0.04031341537421961,0.20212647858286129,1.9844674545084815,99.0,0.47474747474747475,-0.015663227199556276,0.0007012047033557204,98.0,-0.007481011248100278,0.008182215951455999,0.04102461877566314,1.9844674545084815,ExtraTreesRegressor,"{'mode': 'original', 'type': 'ExtraTreesRegressor'}",9,"['nodes_T6W30', 'l1_T6W30', 'l2_T6W30', 'l3_T6W30', 'lcc_T6W30', 'atd_T6W30', 'density_T6W30', 'diameter_T6W30', 'asp_T6W30']",0.08251615689176599,0.12927314307340296,98.0,0.10589464998258448,0.02337849309081849,0.11721687282399769,1.9844674545084815,3.4448649065593515,3.5246553783092014,98.0,3.4847601424342765,0.03989523587492483,0.20002977829529267,1.9844674545084815,completed,12.097540140151978,True,COMPLETE
343,2.988944321491381,2026-06-13 17:20:54.441621,2026-06-13 17:20:57.118043,0 days 00:00:02.676422,10,,2,9,391,ExtraTreesRegressor,13,False,,,,,,,,,,,,,,,,,,,,,,,,,,,,,,,,,,,,,,,,,,,,,ExtraTreesRegressor,"{'mode': 'original', 'type': 'ExtraTreesRegressor'}",13,"['nodes_T6W30', 'edges_T6W30', 're_T6W30', 'pe_T6W30', 'l1_T6W30', 'l2_T6W30', 'l3_T6W30', 'lcc_T6W30', 'lsc_T6W30', 'atd_T6W30', 'density_T6W30', 'diameter_T6W30', 'asp_T6W30']",,,,,,,,,,,,,,,pruned,,False,PRUNED
344,2.852927994367848,2026-06-13 17:20:57.123862,2026-06-13 17:21:02.278798,0 days 00:00:05.154936,20,sqrt,4,12,145,ExtraTreesRegressor,2,False,-0.011719243439726273,-0.0050284388736352055,98.0,-0.00837384115668074,0.0033454022830455344,0.016773433276196292,1.9844674545084815,2.8276999596962997,2.878156029039396,98.0,2.852927994367848,0.02522803467154821,0.1264902455520387,1.9844674545084815,875165109534449.9,1111479974304284.4,98.0,993322541919367.1,118157432384917.3,592426751855633.0,1.9844674545084815,8.216500861101496,8.611548194930348,98.0,8.414024528015922,0.19752366691442672,0.990359235494568,1.9844674545084815,2.5137356954064938,2.572017290494516,98.0,2.542876492950505,0.029140797544011072,0.14610835465044175,1.9844674545084815,99.0,0.40404040404040403,-0.005459864541541056,0.00402670114078684,98.0,-0.0007165817003771076,0.004743282841163948,0.02378223349987095,1.9844674545084815,ExtraTreesRegressor,"{'mode': 'original', 'type': 'ExtraTreesRegressor'}",2,"['nodes_T6W30', 'density_T6W30']",0.07544505901433315,0.11761847060750227,98.0,0.09653176481091771,0.021086705796584553,0.1057261347869351,1.9844674545084815,3.435040229436221,3.5122768958645985,98.0,3.4736585626504097,0.0386183332141887,0.19362754628612552,1.9844674545084815,completed,5.1483588218688965,False,COMPLETE
345,2.9487388570671365,2026-06-13 17:21:02.287403,2026-06-13 17:21:04.804140,0 days 00:00:02.516737,9,,1,12,355,ExtraTreesRegressor,9,False,,,,,,,,,,,,,,,,,,,,,,,,,,,,,,,,,,,,,,,,,,,,,ExtraTreesRegressor,"{'mode': 'original', 'type': 'ExtraTreesRegressor'}",9,"['nodes_T6W30', 'l1_T6W30', 'l2_T6W30', 'l3_T6W30', 'lsc_T6W30', 'atd_T6W30', 'density_T6W30', 'diameter_T6W30', 'asp_T6W30']",,,,,,,,,,,,,,,pruned,,False,PRUNED
346,2.900387076066259,2026-06-13 17:21:04.810559,2026-06-13 17:21:16.958787,0 days 00:00:12.148228,13,,4,3,336,ExtraTreesRegressor,4,True,-0.03271055784466285,-0.017222594214854624,98.0,-0.024966576029758738,0.0077439818149041125,0.038827367017314734,1.9844674545084815,2.866276365149133,2.9344977869833846,98.0,2.900387076066259,0.03411071091712568,0.1710268856070606,1.9844674545084815,856306785310548.8,1085716643376420.8,98.0,971011714343484.8,114704929032936.06,575116327066426.0,1.9844674545084815,8.687683591905708,9.075928959897853,98.0,8.88180627590178,0.1941226839960715,0.9733071277873353,1.9844674545084815,2.5689020660422974,2.669046884731727,98.0,2.618974475387012,0.05007240934471456,0.2510568673245942,1.9844674545084815,99.0,0.8080808080808081,-0.0714345332758866,-0.04450775361555108,98.0,-0.05797114344571884,0.013463389830167764,0.06750377140956383,1.9844674545084815,ExtraTreesRegressor,"{'mode': 'original', 'type': 'ExtraTreesRegressor'}",4,"['l1_T6W30', 'l3_T6W30', 'atd_T6W30', 'density_T6W30']",0.0300986025969049,0.07628996873029842,98.0,0.05319428566360166,0.02309568306669676,0.11579889834197911,1.9844674545084815,3.525400597146353,3.6148004968398064,98.0,3.5701005469930798,0.04469994984672673,0.22412001988616637,1.9844674545084815,completed,12.141258955001831,True,COMPLETE
