number,value,datetime_start,datetime_complete,duration,params_et_max_depth,params_et_max_features,params_et_min_samples_leaf,params_et_min_samples_split,params_et_n_estimators,params_regressor,params_rfe_n_features,params_use_scaler,user_attrs_d2mae_ci_lower_val,user_attrs_d2mae_ci_upper_val,user_attrs_d2mae_df_val,user_attrs_d2mae_mean_val,user_attrs_d2mae_samperror_val,user_attrs_d2mae_std_val,user_attrs_d2mae_t_critical_val,user_attrs_mae_ci_lower_val,user_attrs_mae_ci_upper_val,user_attrs_mae_df_val,user_attrs_mae_mean_val,user_attrs_mae_samperror_val,user_attrs_mae_std_val,user_attrs_mae_t_critical_val,user_attrs_mape_ci_lower_val,user_attrs_mape_ci_upper_val,user_attrs_mape_df_val,user_attrs_mape_mean_val,user_attrs_mape_samperror_val,user_attrs_mape_std_val,user_attrs_mape_t_critical_val,user_attrs_max_error_ci_lower_val,user_attrs_max_error_ci_upper_val,user_attrs_max_error_df_val,user_attrs_max_error_mean_val,user_attrs_max_error_samperror_val,user_attrs_max_error_std_val,user_attrs_max_error_t_critical_val,user_attrs_median_ae_ci_lower_val,user_attrs_median_ae_ci_upper_val,user_attrs_median_ae_df_val,user_attrs_median_ae_mean_val,user_attrs_median_ae_samperror_val,user_attrs_median_ae_std_val,user_attrs_median_ae_t_critical_val,user_attrs_n_splits_val,user_attrs_r2_below_zero_val,user_attrs_r2_ci_lower_val,user_attrs_r2_ci_upper_val,user_attrs_r2_df_val,user_attrs_r2_mean_val,user_attrs_r2_samperror_val,user_attrs_r2_std_val,user_attrs_r2_t_critical_val,user_attrs_regressor_final,user_attrs_rfe_estimator,user_attrs_rfe_n_features,user_attrs_rfe_selected_features,user_attrs_rho_ci_lower_val,user_attrs_rho_ci_upper_val,user_attrs_rho_df_val,user_attrs_rho_mean_val,user_attrs_rho_samperror_val,user_attrs_rho_std_val,user_attrs_rho_t_critical_val,user_attrs_rmse_ci_lower_val,user_attrs_rmse_ci_upper_val,user_attrs_rmse_df_val,user_attrs_rmse_mean_val,user_attrs_rmse_samperror_val,user_attrs_rmse_std_val,user_attrs_rmse_t_critical_val,user_attrs_termination_reason,user_attrs_trial_time_seconds,user_attrs_use_scaler_final,state
248,2.850792977274215,2026-06-13 17:08:34.017999,2026-06-13 17:08:48.483379,0 days 00:00:14.465380,4,log2,5,7,475,ExtraTreesRegressor,6,False,-0.012186547222022195,-0.0030418573343533586,98.0,-0.007614202278187777,0.0045723449438344185,0.022925172024854574,1.9844674545084815,2.8239978645970227,2.8775880899514075,98.0,2.850792977274215,0.02679511267719236,0.1343473808506784,1.9844674545084815,864893171399327.0,1098032228257086.0,98.0,981462699828206.5,116569528428879.5,584465197817545.6,1.9844674545084815,8.226495801227244,8.634903747156358,98.0,8.430699774191801,0.20420397296455642,1.0238534637864232,1.9844674545084815,2.502514623328767,2.5809156292623303,98.0,2.5417151262955486,0.03920050296678168,0.1965464734208462,1.9844674545084815,99.0,0.4444444444444444,-0.010273007548974204,0.004365263674222877,98.0,-0.002953871937375663,0.00731913561159854,0.036697240700397184,1.9844674545084815,ExtraTreesRegressor,"{'mode': 'original', 'type': 'ExtraTreesRegressor'}",6,"['nodes_T6W30', 'lcc_T6W30', 'atd_T6W30', 'density_T6W30', 'diameter_T6W30', 'asp_T6W30']",0.07937961641515946,0.12543991551013842,98.0,0.10240976596264895,0.02303014954748948,0.11547032138208746,1.9844674545084815,3.437402505119536,3.516997027123434,98.0,3.477199766121485,0.03979726100194885,0.1995385444000643,1.9844674545084815,completed,14.45871114730835,False,COMPLETE
249,2.954834302071537,2026-06-13 17:08:48.492527,2026-06-13 17:09:03.504600,0 days 00:00:15.012073,9,,3,7,393,ExtraTreesRegressor,6,True,-0.05221408177248258,-0.03619032298130614,98.0,-0.04420220237689436,0.008011879395588221,0.04017057235235998,1.9844674545084815,2.919737480849679,2.989931123293395,98.0,2.954834302071537,0.03509682122185785,0.17597112070943427,1.9844674545084815,876156578859505.2,1110383140169333.5,98.0,993269859514419.4,117113280654914.14,587191504225716.1,1.9844674545084815,8.710087564940862,9.110412739945302,98.0,8.910250152443082,0.2001625875022193,1.00359045693088,1.9844674545084815,2.582510714536314,2.6986455931255633,98.0,2.6405781538309387,0.058067439294624386,0.2911429586403208,1.9844674545084815,99.0,0.9292929292929293,-0.10218044250374275,-0.07404174687094398,98.0,-0.08811109468734336,0.014069347816399392,0.07054196980553717,1.9844674545084815,ExtraTreesRegressor,"{'mode': 'original', 'type': 'ExtraTreesRegressor'}",6,"['l1_T6W30', 'l2_T6W30', 'l3_T6W30', 'atd_T6W30', 'density_T6W30', 'asp_T6W30']",-0.017030744585122073,0.029071724742156958,98.0,0.0060204900785174415,0.023051234663639515,0.11557603954658321,1.9844674545084815,3.575551346356296,3.664908508463912,98.0,3.620229927410104,0.04467858105380786,0.2240128794014378,1.9844674545084815,completed,15.005733966827393,True,COMPLETE
250,2.992826787023466,2026-06-13 17:09:03.513645,2026-06-13 17:09:05.534649,0 days 00:00:02.021004,20,sqrt,1,4,308,ExtraTreesRegressor,12,True,,,,,,,,,,,,,,,,,,,,,,,,,,,,,,,,,,,,,,,,,,,,,ExtraTreesRegressor,"{'mode': 'original', 'type': 'ExtraTreesRegressor'}",12,"['nodes_T6W30', 're_T6W30', 'pe_T6W30', 'l1_T6W30', 'l2_T6W30', 'l3_T6W30', 'lcc_T6W30', 'lsc_T6W30', 'atd_T6W30', 'density_T6W30', 'diameter_T6W30', 'asp_T6W30']",,,,,,,,,,,,,,,pruned,,True,PRUNED
251,2.9060529950527094,2026-06-13 17:09:05.542184,2026-06-13 17:09:07.326797,0 days 00:00:01.784613,11,,5,8,252,ExtraTreesRegressor,10,False,,,,,,,,,,,,,,,,,,,,,,,,,,,,,,,,,,,,,,,,,,,,,ExtraTreesRegressor,"{'mode': 'original', 'type': 'ExtraTreesRegressor'}",10,"['nodes_T6W30', 're_T6W30', 'l1_T6W30', 'l2_T6W30', 'l3_T6W30', 'lcc_T6W30', 'lsc_T6W30', 'atd_T6W30', 'density_T6W30', 'asp_T6W30']",,,,,,,,,,,,,,,pruned,,False,PRUNED
252,2.923810581124094,2026-06-13 17:09:07.333397,2026-06-13 17:09:13.866687,0 days 00:00:06.533290,8,log2,2,10,185,ExtraTreesRegressor,13,True,-0.039189140144188825,-0.027541941397203132,98.0,-0.03336554077069598,0.005823599373492845,0.029198806975660574,1.9844674545084815,2.8940694144507297,2.9535517477974587,98.0,2.923810581124094,0.029741166673364555,0.14911853120927734,1.9844674545084815,874428678606065.4,1109760428100352.6,98.0,992094553353209.0,117665874747143.58,589962142657394.5,1.9844674545084815,8.442504883192075,8.861664640938681,98.0,8.652084762065378,0.20957987887330257,1.0508075911021293,1.9844674545084815,2.542814394305383,2.6328035235336813,98.0,2.587808958919532,0.04499456461414912,0.22559718189104272,1.9844674545084815,99.0,0.9191919191919192,-0.0697739246618337,-0.04949141747176008,98.0,-0.059632671066796886,0.01014125359503681,0.05084699121998549,1.9844674545084815,ExtraTreesRegressor,"{'mode': 'original', 'type': 'ExtraTreesRegressor'}",13,"['nodes_T6W30', 'edges_T6W30', 're_T6W30', 'pe_T6W30', 'l1_T6W30', 'l2_T6W30', 'l3_T6W30', 'lcc_T6W30', 'lsc_T6W30', 'atd_T6W30', 'density_T6W30', 'diameter_T6W30', 'asp_T6W30']",-0.04390408123079869,-0.001098250646509917,98.0,-0.022501165938654304,0.021402915292144387,0.10731157008778151,1.9844674545084815,3.531949443389357,3.614931562402622,98.0,3.5734405028959895,0.04149105950663259,0.20803104060765626,1.9844674545084815,completed,6.526335000991821,True,COMPLETE
253,2.867865145160481,2026-06-13 17:09:13.875024,2026-06-13 17:09:20.152529,0 days 00:00:06.277505,2,,5,10,182,ExtraTreesRegressor,11,False,-0.018845579302954912,-0.008505566075109904,98.0,-0.013675572689032408,0.005170006613922504,0.025921773717801435,1.9844674545084815,2.8403669981948734,2.895363292126089,98.0,2.867865145160481,0.027498146965607526,0.13787230781906518,1.9844674545084815,862291483434167.5,1095403564846085.5,98.0,978847524140126.5,116556040705959.0,584397572043030.8,1.9844674545084815,8.239378571821895,8.6563001468819,98.0,8.447839359351898,0.20846078753000177,1.04519660551993,1.9844674545084815,2.49436540915792,2.5719456616460867,98.0,2.5331555354020034,0.038790126244083165,0.19448889529005672,1.9844674545084815,99.0,0.5050505050505051,-0.020686387040048833,-0.004602155517429887,98.0,-0.01264427127873936,0.008042115761309473,0.040322173750347426,1.9844674545084815,ExtraTreesRegressor,"{'mode': 'original', 'type': 'ExtraTreesRegressor'}",11,"['nodes_T6W30', 'edges_T6W30', 're_T6W30', 'l1_T6W30', 'l2_T6W30', 'l3_T6W30', 'lcc_T6W30', 'atd_T6W30', 'density_T6W30', 'diameter_T6W30', 'asp_T6W30']",0.06161788351772622,0.1071725191554518,98.0,0.08439520133658901,0.022777317818862785,0.11420265436586109,1.9844674545084815,3.4537632783454186,3.533698442205434,98.0,3.4937308602754262,0.039967581930007594,0.20039251246746587,1.9844674545084815,completed,6.2703588008880615,False,COMPLETE
254,2.8455759931640423,2026-06-13 17:09:20.161882,2026-06-13 17:09:33.686085,0 days 00:00:13.524203,13,log2,3,2,431,ExtraTreesRegressor,2,False,-0.009482327645424053,-0.0020011475983958775,98.0,-0.005741737621909966,0.003740590023514088,0.0187548557287109,1.9844674545084815,2.8195490890827695,2.871602897245315,98.0,2.8455759931640423,0.026026904081272707,0.13049567796544922,1.9844674545084815,874071391347067.2,1110517287410765.5,98.0,992294339378916.4,118222948031849.06,592755239206145.8,1.9844674545084815,8.234054960852438,8.637139989003051,98.0,8.435597474927745,0.20154251407530624,1.0105092380942182,1.9844674545084815,2.5004489295640004,2.559311092534868,98.0,2.529880011049434,0.02943108148543381,0.1475638024294075,1.9844674545084815,99.0,0.40404040404040403,-0.0051715246667217085,0.006202670406153546,98.0,0.0005155728697159189,0.005687097536437627,0.028514403647687852,1.9844674545084815,ExtraTreesRegressor,"{'mode': 'original', 'type': 'ExtraTreesRegressor'}",2,"['atd_T6W30', 'density_T6W30']",0.08244759234118561,0.12344109584308215,98.0,0.10294434409213388,0.02049675175094827,0.10276817816968375,1.9844674545084815,3.4320127664156512,3.511141260969116,98.0,3.4715770136923836,0.0395642472767325,0.19837024240177778,1.9844674545084815,completed,13.518065929412842,False,COMPLETE
255,2.864927673007124,2026-06-13 17:09:33.694266,2026-06-13 17:09:46.738993,0 days 00:00:13.044727,20,sqrt,5,2,414,ExtraTreesRegressor,8,True,-0.01715668232848995,-0.008069994390845459,98.0,-0.012613338359667704,0.004543343968822245,0.022779764723085027,1.9844674545084815,2.8381193138398078,2.8917360321744403,98.0,2.864927673007124,0.026808359167316227,0.13441379711378748,1.9844674545084815,873265508369547.5,1106779979668419.2,98.0,990022744018983.4,116757235649435.84,585406338605133.0,1.9844674545084815,8.27365072088164,8.669912612854631,98.0,8.471781666868136,0.19813094598649486,0.9934040576515292,1.9844674545084815,2.559214767962828,2.6361150897456223,98.0,2.597664928854225,0.03845016089139722,0.19278435105978703,1.9844674545084815,99.0,0.5656565656565656,-0.019173256166424762,-0.004862902038635106,98.0,-0.012018079102529933,0.007155177063894827,0.03587517282117441,1.9844674545084815,ExtraTreesRegressor,"{'mode': 'original', 'type': 'ExtraTreesRegressor'}",8,"['nodes_T6W30', 're_T6W30', 'l1_T6W30', 'lcc_T6W30', 'atd_T6W30', 'density_T6W30', 'diameter_T6W30', 'asp_T6W30']",0.0387861494767658,0.08246250587969776,98.0,0.06062432767823178,0.02183817820146598,0.10949392448028894,1.9844674545084815,3.453273223328959,3.532368052636227,98.0,3.492820637982593,0.03954741465363393,0.19828584571147895,1.9844674545084815,completed,13.038581848144531,True,COMPLETE
256,2.906420838305047,2026-06-13 17:09:46.747752,2026-06-13 17:09:49.873626,0 days 00:00:03.125874,3,,2,6,72,ExtraTreesRegressor,13,True,-0.033094940973508735,-0.021508496411400572,98.0,-0.027301718692454655,0.005793222281054083,0.029046499991317105,1.9844674545084815,2.8777362221256135,2.9351054544844803,98.0,2.906420838305047,0.028684616179433492,0.14382111771054815,1.9844674545084815,865494972414326.0,1097914874140431.2,98.0,981704923277378.6,116209950863052.62,582662320376294.1,1.9844674545084815,8.336758043513445,8.776612426381856,98.0,8.55668523494765,0.219927191434205,1.1026877364908751,1.9844674545084815,2.4955612873146795,2.5805523839770372,98.0,2.5380568356458584,0.04249554833117886,0.21306742333525855,1.9844674545084815,99.0,0.8181818181818182,-0.054422941313295586,-0.03406962735067871,98.0,-0.04424628433198715,0.010176656981308436,0.05102449941993743,1.9844674545084815,ExtraTreesRegressor,"{'mode': 'original', 'type': 'ExtraTreesRegressor'}",13,"['nodes_T6W30', 'edges_T6W30', 're_T6W30', 'pe_T6W30', 'l1_T6W30', 'l2_T6W30', 'l3_T6W30', 'lcc_T6W30', 'lsc_T6W30', 'atd_T6W30', 'density_T6W30', 'diameter_T6W30', 'asp_T6W30']",-0.0036118778805844937,0.04126853712754339,98.0,0.018828329623479446,0.02244020750406394,0.11251242494243634,1.9844674545084815,3.506429439588479,3.5880001172141816,98.0,3.5472147784013304,0.04078533881285114,0.2044926443350269,1.9844674545084815,completed,3.1187222003936768,True,COMPLETE
257,2.9039303799912677,2026-06-13 17:09:49.882526,2026-06-13 17:09:56.779529,0 days 00:00:06.897003,11,sqrt,4,4,194,ExtraTreesRegressor,9,False,-0.032109982378727205,-0.020600143410521007,98.0,-0.026355062894624106,0.005754919484103098,0.028854454504828063,1.9844674545084815,2.8745428769506245,2.933317883031911,98.0,2.9039303799912677,0.029387503040643356,0.14734530549716185,1.9844674545084815,872189678002078.8,1106617578007957.5,98.0,989403628005018.1,117213950002939.34,587696247885579.2,1.9844674545084815,8.43756895660797,8.846968570072702,98.0,8.642268763340336,0.2046998067323659,1.0263395129717745,1.9844674545084815,2.5736019641370844,2.661520332654422,98.0,2.6175611483957533,0.04395918425866881,0.22040591284810918,1.9844674545084815,99.0,0.797979797979798,-0.05552167535751578,-0.035621897155249126,98.0,-0.04557178625638245,0.009949889101133327,0.049887513316179855,1.9844674545084815,ExtraTreesRegressor,"{'mode': 'original', 'type': 'ExtraTreesRegressor'}",9,"['nodes_T6W30', 'l1_T6W30', 'l2_T6W30', 'l3_T6W30', 'lcc_T6W30', 'atd_T6W30', 'density_T6W30', 'diameter_T6W30', 'asp_T6W30']",-0.01691877147346827,0.02705384701949054,98.0,0.005067537773011134,0.021986309246479405,0.1102366352186232,1.9844674545084815,3.5087076346560515,3.5903828776970386,98.0,3.549545256176545,0.040837621520493673,0.2047547833646394,1.9844674545084815,completed,6.889786958694458,False,COMPLETE
258,2.9043983926045054,2026-06-13 17:09:56.788845,2026-06-13 17:10:06.218635,0 days 00:00:09.429790,10,log2,4,8,276,ExtraTreesRegressor,10,False,-0.03193335244884192,-0.021022855722647716,98.0,-0.02647810408574482,0.005455248363097103,0.027351940568470894,1.9844674545084815,2.8749942305019527,2.933802554707058,98.0,2.9043983926045054,0.02940416210255289,0.1474288319731255,1.9844674545084815,869508110705161.8,1103597488039472.8,98.0,986552799372317.2,117044688667155.45,586847592482789.8,1.9844674545084815,8.437789328155537,8.848888586585717,98.0,8.643338957370627,0.20554962921508974,1.0306004177911503,1.9844674545084815,2.5466133456052917,2.6351364106238906,98.0,2.590874878114591,0.04426153250929943,0.22192184958128752,1.9844674545084815,99.0,0.8181818181818182,-0.05326224799745197,-0.03462776474813313,98.0,-0.04394500637279255,0.009317241624659415,0.04671549711718071,1.9844674545084815,ExtraTreesRegressor,"{'mode': 'original', 'type': 'ExtraTreesRegressor'}",10,"['nodes_T6W30', 're_T6W30', 'l1_T6W30', 'l2_T6W30', 'l3_T6W30', 'lcc_T6W30', 'atd_T6W30', 'density_T6W30', 'diameter_T6W30', 'asp_T6W30']",-0.017605679549041357,0.025724267876889754,98.0,0.0040592941639241995,0.021664973712965555,0.10862549859748158,1.9844674545084815,3.5056556138989077,3.588816623111499,98.0,3.5472361185052033,0.04158050460629572,0.20847950727448608,1.9844674545084815,completed,9.422384977340698,False,COMPLETE
259,2.84949860978123,2026-06-13 17:10:06.228169,2026-06-13 17:10:15.753082,0 days 00:00:09.524913,11,log2,4,3,299,ExtraTreesRegressor,3,True,-0.010560321593025135,-0.0037135778640501934,98.0,-0.007136949728537664,0.003423371864487471,0.01716436311399705,1.9844674545084815,2.823891706751541,2.875105512810919,98.0,2.84949860978123,0.025606903029689123,0.1283898446400005,1.9844674545084815,874872813683065.8,1111462389566427.0,98.0,993167601624746.4,118294787941680.66,593115435628631.4,1.9844674545084815,8.204656742323294,8.594859478646004,98.0,8.39975811048465,0.19510136816135487,0.9782141291450033,1.9844674545084815,2.5077866149912187,2.565209128243992,98.0,2.5364978716176054,0.028711256626386815,0.14395468961658892,1.9844674545084815,99.0,0.35353535353535354,-0.003170084396482596,0.00667874764480103,98.0,0.0017543316241592172,0.004924416020641813,0.02469041285859111,1.9844674545084815,ExtraTreesRegressor,"{'mode': 'original', 'type': 'ExtraTreesRegressor'}",3,"['nodes_T6W30', 'atd_T6W30', 'density_T6W30']",0.08158044557328532,0.12437482949754568,98.0,0.1029776375354155,0.021397191962130174,0.10728287401897162,1.9844674545084815,3.4304735323953004,3.508406173196282,98.0,3.4694398527957913,0.038966320400490806,0.19537231099797836,1.9844674545084815,completed,9.51815390586853,True,COMPLETE
260,2.8794864116495935,2026-06-13 17:10:15.762877,2026-06-13 17:10:28.780996,0 days 00:00:13.018119,8,,3,2,387,ExtraTreesRegressor,2,True,-0.024447095747038513,-0.010750824410421706,98.0,-0.01759896007873011,0.0068481356683084025,0.034335705239652174,1.9844674545084815,2.847281235354702,2.911691587944485,98.0,2.8794864116495935,0.032205176294891356,0.1614727706943297,1.9844674545084815,833497998360513.4,1060722868315543.9,98.0,947110433338028.6,113612434977515.23,569638696996011.9,1.9844674545084815,8.558415262871195,8.962895880856161,98.0,8.760655571863678,0.20224030899248222,1.0140078955032354,1.9844674545084815,2.5109521577205283,2.6058174158378242,98.0,2.5583847867791762,0.047432629058647986,0.2378213354674668,1.9844674545084815,99.0,0.6666666666666666,-0.04530548477860656,-0.02058425563421119,98.0,-0.03294487020640888,0.012360614572197687,0.06197459266118265,1.9844674545084815,ExtraTreesRegressor,"{'mode': 'original', 'type': 'ExtraTreesRegressor'}",2,"['l3_T6W30', 'density_T6W30']",0.04552676555183145,0.092888287359582,98.0,0.06920752645570673,0.02368076090387528,0.11873240625312964,1.9844674545084815,3.483783089847171,3.5723576237465973,98.0,3.528070356796884,0.04428726694971329,0.22205087888259753,1.9844674545084815,completed,13.011758089065552,True,COMPLETE
261,2.9838884549529374,2026-06-13 17:10:28.789721,2026-06-13 17:10:30.187383,0 days 00:00:01.397662,16,,1,5,161,ExtraTreesRegressor,5,True,,,,,,,,,,,,,,,,,,,,,,,,,,,,,,,,,,,,,,,,,,,,,ExtraTreesRegressor,"{'mode': 'original', 'type': 'ExtraTreesRegressor'}",5,"['l1_T6W30', 'l2_T6W30', 'l3_T6W30', 'density_T6W30', 'asp_T6W30']",,,,,,,,,,,,,,,pruned,,True,PRUNED
262,2.8551310155552887,2026-06-13 17:10:30.194425,2026-06-13 17:10:38.374560,0 days 00:00:08.180135,19,log2,5,6,245,ExtraTreesRegressor,6,False,-0.013816525023394664,-0.0045561424038239986,98.0,-0.009186333713609331,0.0046301913097853324,0.02321520654909265,1.9844674545084815,2.8287325688275544,2.881529462283023,98.0,2.8551310155552887,0.026398446727734465,0.13235854684112128,1.9844674545084815,869790141299909.9,1102295666865111.9,98.0,986042904082510.9,116252762782600.98,582876974045782.4,1.9844674545084815,8.266406338142481,8.666831581756838,98.0,8.46661895994966,0.20021262180717808,1.0038413227475265,1.9844674545084815,2.5482738821175963,2.6219486268573324,98.0,2.5851112544874644,0.03683737236986787,0.18469802888813464,1.9844674545084815,99.0,0.5757575757575758,-0.01695821203763731,-0.0022006626982242466,98.0,-0.00957943736793078,0.007378774669706533,0.036996263561384454,1.9844674545084815,ExtraTreesRegressor,"{'mode': 'original', 'type': 'ExtraTreesRegressor'}",6,"['nodes_T6W30', 'l1_T6W30', 'lcc_T6W30', 'atd_T6W30', 'density_T6W30', 'asp_T6W30']",0.051233139273730785,0.09342944923500303,98.0,0.0723312942543669,0.021098154980636125,0.10578353957969476,1.9844674545084815,3.449442960180452,3.5273266984551706,98.0,3.4883848293178112,0.038941869137359475,0.19524971538885516,1.9844674545084815,completed,8.173563957214355,False,COMPLETE
263,2.8838060749507264,2026-06-13 17:10:38.383840,2026-06-13 17:10:40.811421,0 days 00:00:02.427581,5,sqrt,4,9,51,ExtraTreesRegressor,10,False,-0.024400360961978382,-0.013982284761081735,98.0,-0.01919132286153006,0.005209038100448324,0.02611747276369184,1.9844674545084815,2.8548431644059393,2.9127689854955134,98.0,2.8838060749507264,0.02896291054478728,0.14521645123801666,1.9844674545084815,867774999618179.2,1103024011237779.8,98.0,985399505427979.5,117624505809800.3,589754723922209.5,1.9844674545084815,8.321704929436033,8.736512295981607,98.0,8.52910861270882,0.2074036832727873,1.0398964155205892,1.9844674545084815,2.5268094493945368,2.602996137775908,98.0,2.5649027935852224,0.0380933441906856,0.19099531625475002,1.9844674545084815,99.0,0.6565656565656566,-0.03192523495880061,-0.014463638189939102,98.0,-0.023194436574369856,0.008730798384430754,0.04377514324401457,1.9844674545084815,ExtraTreesRegressor,"{'mode': 'original', 'type': 'ExtraTreesRegressor'}",10,"['nodes_T6W30', 're_T6W30', 'pe_T6W30', 'l1_T6W30', 'l2_T6W30', 'l3_T6W30', 'atd_T6W30', 'density_T6W30', 'diameter_T6W30', 'asp_T6W30']",0.023870687239364818,0.07168644663300565,98.0,0.047778566936185235,0.023907879696820417,0.11987115179011402,1.9844674545084815,3.470492241737638,3.553666198648405,98.0,3.5120792201930215,0.041586978455383374,0.2085119663531034,1.9844674545084815,completed,2.420759916305542,False,COMPLETE
