number,value,datetime_start,datetime_complete,duration,params_et_max_depth,params_et_max_features,params_et_min_samples_leaf,params_et_min_samples_split,params_et_n_estimators,params_regressor,params_rfe_n_features,params_use_scaler,user_attrs_d2mae_ci_lower_val,user_attrs_d2mae_ci_upper_val,user_attrs_d2mae_df_val,user_attrs_d2mae_mean_val,user_attrs_d2mae_samperror_val,user_attrs_d2mae_std_val,user_attrs_d2mae_t_critical_val,user_attrs_mae_ci_lower_val,user_attrs_mae_ci_upper_val,user_attrs_mae_df_val,user_attrs_mae_mean_val,user_attrs_mae_samperror_val,user_attrs_mae_std_val,user_attrs_mae_t_critical_val,user_attrs_mape_ci_lower_val,user_attrs_mape_ci_upper_val,user_attrs_mape_df_val,user_attrs_mape_mean_val,user_attrs_mape_samperror_val,user_attrs_mape_std_val,user_attrs_mape_t_critical_val,user_attrs_max_error_ci_lower_val,user_attrs_max_error_ci_upper_val,user_attrs_max_error_df_val,user_attrs_max_error_mean_val,user_attrs_max_error_samperror_val,user_attrs_max_error_std_val,user_attrs_max_error_t_critical_val,user_attrs_median_ae_ci_lower_val,user_attrs_median_ae_ci_upper_val,user_attrs_median_ae_df_val,user_attrs_median_ae_mean_val,user_attrs_median_ae_samperror_val,user_attrs_median_ae_std_val,user_attrs_median_ae_t_critical_val,user_attrs_n_splits_val,user_attrs_r2_below_zero_val,user_attrs_r2_ci_lower_val,user_attrs_r2_ci_upper_val,user_attrs_r2_df_val,user_attrs_r2_mean_val,user_attrs_r2_samperror_val,user_attrs_r2_std_val,user_attrs_r2_t_critical_val,user_attrs_regressor_final,user_attrs_rfe_estimator,user_attrs_rfe_n_features,user_attrs_rfe_selected_features,user_attrs_rho_ci_lower_val,user_attrs_rho_ci_upper_val,user_attrs_rho_df_val,user_attrs_rho_mean_val,user_attrs_rho_samperror_val,user_attrs_rho_std_val,user_attrs_rho_t_critical_val,user_attrs_rmse_ci_lower_val,user_attrs_rmse_ci_upper_val,user_attrs_rmse_df_val,user_attrs_rmse_mean_val,user_attrs_rmse_samperror_val,user_attrs_rmse_std_val,user_attrs_rmse_t_critical_val,user_attrs_termination_reason,user_attrs_trial_time_seconds,user_attrs_use_scaler_final,state
177,2.9449003124708844,2026-06-13 16:59:01.240650,2026-06-13 16:59:16.236382,0 days 00:00:14.995732,20,sqrt,2,10,452,ExtraTreesRegressor,12,False,-0.04677224116584041,-0.03483478500957229,98.0,-0.04080351308770635,0.005968728078134064,0.02992646435070851,1.9844674545084815,2.9145891993371706,2.975211425604598,98.0,2.9449003124708844,0.030311113133713635,0.1519761722685064,1.9844674545084815,876490335829837.8,1112376569805835.5,98.0,994433452817836.6,117943116987998.92,591352200962758.2,1.9844674545084815,8.519883091523187,8.948479053023604,98.0,8.734181072273396,0.21429798075020795,1.074463570361677,1.9844674545084815,2.5739134787038136,2.672274880553619,98.0,2.6230941796287164,0.049180700924902634,0.2465859515972571,1.9844674545084815,99.0,0.9696969696969697,-0.08444575379489155,-0.06288232189082857,98.0,-0.07366403784286006,0.010781715952031486,0.054058190263344116,1.9844674545084815,ExtraTreesRegressor,"{'mode': 'original', 'type': 'ExtraTreesRegressor'}",12,"['nodes_T6W30', 're_T6W30', 'pe_T6W30', 'l1_T6W30', 'l2_T6W30', 'l3_T6W30', 'lcc_T6W30', 'lsc_T6W30', 'atd_T6W30', 'density_T6W30', 'diameter_T6W30', 'asp_T6W30']",-0.05938768292887882,-0.01803514723942253,98.0,-0.03871141508415067,0.020676267844728143,0.10366824966072098,1.9844674545084815,3.554865411230262,3.638912675690559,98.0,3.5968890434604104,0.04202363223014873,0.21070129437291876,1.9844674545084815,completed,14.989333868026733,False,COMPLETE
178,2.8659238314770303,2026-06-13 16:59:16.245142,2026-06-13 16:59:24.743287,0 days 00:00:08.498145,14,sqrt,5,9,258,ExtraTreesRegressor,8,False,-0.01750146020169444,-0.008446086300537083,98.0,-0.012973773251115761,0.004527686950578677,0.02270126237012627,1.9844674545084815,2.839231105460787,2.8926165574932736,98.0,2.8659238314770303,0.026692726016243146,0.1338340267962175,1.9844674545084815,873106142456994.6,1106896900020508.6,98.0,990001521238751.6,116895378781757.02,586098971184568.1,1.9844674545084815,8.274133102301775,8.669203302124192,98.0,8.471668202212983,0.19753509991120932,0.9904165591263631,1.9844674545084815,2.5607193082823416,2.6381840113425383,98.0,2.59945165981244,0.038732351530098234,0.19419922001991394,1.9844674545084815,99.0,0.5959595959595959,-0.019577384978339062,-0.005307919420408473,98.0,-0.012442652199373768,0.007134732778965295,0.03577266770515802,1.9844674545084815,ExtraTreesRegressor,"{'mode': 'original', 'type': 'ExtraTreesRegressor'}",8,"['nodes_T6W30', 're_T6W30', 'l1_T6W30', 'lcc_T6W30', 'atd_T6W30', 'density_T6W30', 'diameter_T6W30', 'asp_T6W30']",0.03727528986323386,0.08061841346495827,98.0,0.058946851664096064,0.0216715618008622,0.10865853045535773,1.9844674545084815,3.454107082618669,3.5329376072204903,98.0,3.4935223449195796,0.039415262300910844,0.1976232501599882,1.9844674545084815,completed,8.491941928863525,False,COMPLETE
179,3.0086502584934625,2026-06-13 16:59:24.752591,2026-06-13 16:59:26.991929,0 days 00:00:02.239338,14,sqrt,1,2,281,ExtraTreesRegressor,2,False,,,,,,,,,,,,,,,,,,,,,,,,,,,,,,,,,,,,,,,,,,,,,ExtraTreesRegressor,"{'mode': 'original', 'type': 'ExtraTreesRegressor'}",2,"['density_T6W30', 'asp_T6W30']",,,,,,,,,,,,,,,pruned,,False,PRUNED
180,2.8544194448241815,2026-06-13 16:59:26.997392,2026-06-13 16:59:33.786107,0 days 00:00:06.788715,7,sqrt,4,5,209,ExtraTreesRegressor,3,True,-0.012319552481938313,-0.005469164039363313,98.0,-0.008894358260650813,0.0034251942212874995,0.017173500185596963,1.9844674545084815,2.829014809028046,2.8798240806203173,98.0,2.8544194448241815,0.025404635796135704,0.12737570174807886,1.9844674545084815,875539468165615.8,1112293802369855.8,98.0,993916635267735.8,118377167102119.97,593528474550132.9,1.9844674545084815,8.194653117374923,8.569886695781367,98.0,8.382269906578145,0.18761678920322156,0.9406873759676896,1.9844674545084815,2.51360442138763,2.5706609716726994,98.0,2.5421326965301647,0.028528275142534632,0.14303724308834065,1.9844674545084815,99.0,0.40404040404040403,-0.004826752996855005,0.004826737194115128,98.0,-7.901369938805572e-09,0.004826745095485066,0.024200702920135028,1.9844674545084815,ExtraTreesRegressor,"{'mode': 'original', 'type': 'ExtraTreesRegressor'}",3,"['nodes_T6W30', 'lcc_T6W30', 'density_T6W30']",0.08012366906485612,0.12253982160252476,98.0,0.10133174533369044,0.021208076268834326,0.10633467132327316,1.9844674545084815,3.433753143563516,3.5110845846650696,98.0,3.472418864114293,0.03866572055077658,0.1938651405307465,1.9844674545084815,completed,6.782424211502075,True,COMPLETE
181,2.8472466036187,2026-06-13 16:59:33.796119,2026-06-13 16:59:39.442702,0 days 00:00:05.646583,2,log2,5,2,169,ExtraTreesRegressor,6,False,-0.010163529305802001,-0.00256110008148462,98.0,-0.00636231469364331,0.0038012146121586903,0.019058819917914884,1.9844674545084815,2.8214601482342934,2.873033059003107,98.0,2.8472466036187,0.025786455384406652,0.12929009793889426,1.9844674545084815,869951244613722.8,1105030108179943.5,98.0,987490676396833.1,117539431783110.44,589328173274638.1,1.9844674545084815,8.157999746215912,8.537897919457867,98.0,8.34794883283689,0.18994908662097748,0.9523812267536583,1.9844674545084815,2.516876692240597,2.5940908022346942,98.0,2.5554837472376457,0.03860705499704859,0.19357099870031413,1.9844674545084815,99.0,0.31313131313131315,0.001358879708965091,0.012283191556510347,98.0,0.006821035632737719,0.005462155923772628,0.027386574223346834,1.9844674545084815,ExtraTreesRegressor,"{'mode': 'original', 'type': 'ExtraTreesRegressor'}",6,"['nodes_T6W30', 'lcc_T6W30', 'atd_T6W30', 'density_T6W30', 'diameter_T6W30', 'asp_T6W30']",0.12818434648463534,0.17765366472851168,98.0,0.1529190056065735,0.024734659121938177,0.12401652156869857,1.9844674545084815,3.4216539694959733,3.499313483454258,98.0,3.4604837264751156,0.03882975697914212,0.19468759889397513,1.9844674545084815,completed,5.640014886856079,False,COMPLETE
182,2.8676645482921277,2026-06-13 16:59:39.451018,2026-06-13 16:59:50.109962,0 days 00:00:10.658944,16,log2,3,9,327,ExtraTreesRegressor,5,True,-0.019012295358515244,-0.00821357946038497,98.0,-0.013612937409450108,0.005399357949065138,0.02707171294523549,1.9844674545084815,2.840058148467979,2.895270948116276,98.0,2.8676645482921277,0.0276063998241484,0.13841507426269894,1.9844674545084815,866309052003132.5,1098212489416806.5,98.0,982260770709969.5,115951718706837.02,581367576284080.6,1.9844674545084815,8.396686566843934,8.80660628189033,98.0,8.601646424367132,0.20495985752319795,1.0276433754730196,1.9844674545084815,2.567694597631214,2.6478204019768583,98.0,2.6077574998040363,0.040062902172821886,0.20087043637539745,1.9844674545084815,99.0,0.6767676767676768,-0.03658679828915721,-0.01765493857810943,98.0,-0.02712086843363332,0.009465929855523891,0.04746100151645747,1.9844674545084815,ExtraTreesRegressor,"{'mode': 'original', 'type': 'ExtraTreesRegressor'}",5,"['nodes_T6W30', 'l1_T6W30', 'atd_T6W30', 'density_T6W30', 'asp_T6W30']",0.03516023053225746,0.07608845461242843,98.0,0.055624342572342944,0.02046411204008548,0.10260452669641074,1.9844674545084815,3.4780710286794574,3.5581259815997606,98.0,3.518098505139609,0.040027476460151735,0.2006928162336447,1.9844674545084815,completed,10.652700901031494,True,COMPLETE
183,2.9041843432601633,2026-06-13 16:59:50.118379,2026-06-13 17:00:01.111206,0 days 00:00:10.992827,16,,4,10,312,ExtraTreesRegressor,4,True,-0.03328321806908738,-0.01984941683930027,98.0,-0.026566317454193824,0.006716900614893553,0.03367770891343813,1.9844674545084815,2.8746481720130426,2.933720514507284,98.0,2.9041843432601633,0.02953617124712089,0.14809070949663916,1.9844674545084815,859777449517345.8,1088210606250444.2,98.0,973994027883895.0,114216578366549.2,572667797226071.9,1.9844674545084815,8.627749469464149,9.04948188322756,98.0,8.838615676345855,0.21086620688170551,1.057257080638738,1.9844674545084815,2.6053858095600555,2.7056246096307994,98.0,2.6555052095954275,0.050119400035372096,0.251292472835579,1.9844674545084815,99.0,0.898989898989899,-0.08263507548163819,-0.05762927981453876,98.0,-0.07013217764808848,0.012502897833549718,0.06268798333551293,1.9844674545084815,ExtraTreesRegressor,"{'mode': 'original', 'type': 'ExtraTreesRegressor'}",4,"['nodes_T6W30', 'l1_T6W30', 'atd_T6W30', 'density_T6W30']",0.023147240015651552,0.061103993253071504,98.0,0.042125616634361526,0.018978376618709974,0.09515523305456018,1.9844674545084815,3.548736343772726,3.631240418749131,98.0,3.5899883812609286,0.04125203748820228,0.2068326137703216,1.9844674545084815,completed,10.98640489578247,True,COMPLETE
184,2.9459093292702905,2026-06-13 17:00:01.119615,2026-06-13 17:00:02.888841,0 days 00:00:01.769226,13,,2,12,248,ExtraTreesRegressor,9,False,,,,,,,,,,,,,,,,,,,,,,,,,,,,,,,,,,,,,,,,,,,,,ExtraTreesRegressor,"{'mode': 'original', 'type': 'ExtraTreesRegressor'}",9,"['nodes_T6W30', 're_T6W30', 'l1_T6W30', 'l2_T6W30', 'l3_T6W30', 'lsc_T6W30', 'atd_T6W30', 'density_T6W30', 'asp_T6W30']",,,,,,,,,,,,,,,pruned,,False,PRUNED
185,2.9665885423250464,2026-06-13 17:00:02.895299,2026-06-13 17:00:05.969246,0 days 00:00:03.073947,18,,2,12,438,ExtraTreesRegressor,10,False,,,,,,,,,,,,,,,,,,,,,,,,,,,,,,,,,,,,,,,,,,,,,ExtraTreesRegressor,"{'mode': 'original', 'type': 'ExtraTreesRegressor'}",10,"['nodes_T6W30', 're_T6W30', 'l1_T6W30', 'l2_T6W30', 'l3_T6W30', 'lsc_T6W30', 'atd_T6W30', 'density_T6W30', 'diameter_T6W30', 'asp_T6W30']",,,,,,,,,,,,,,,pruned,,False,PRUNED
186,2.891255875699869,2026-06-13 17:00:05.975563,2026-06-13 17:00:10.735682,0 days 00:00:04.760119,12,log2,5,12,130,ExtraTreesRegressor,10,True,-0.02719089426694747,-0.016541418962272132,98.0,-0.0218661566146098,0.00532473765233767,0.026697576006741892,1.9844674545084815,2.862518977514568,2.9199927738851703,98.0,2.891255875699869,0.02873689818530103,0.14408325322154758,1.9844674545084815,870439079035115.0,1104756437210696.8,98.0,987597758122905.9,117158679087790.9,587419126353124.1,1.9844674545084815,8.375942379726553,8.791135476647295,98.0,8.583538928186924,0.20759654846037143,1.0408634177168985,1.9844674545084815,2.5396782599510943,2.625506625429179,98.0,2.5825924426901365,0.042914182739042024,0.21516640447812435,1.9844674545084815,99.0,0.7373737373737373,-0.042013643126643616,-0.02375383662701966,98.0,-0.03288373987683164,0.009129903249811978,0.04577620567635767,1.9844674545084815,ExtraTreesRegressor,"{'mode': 'original', 'type': 'ExtraTreesRegressor'}",10,"['nodes_T6W30', 're_T6W30', 'pe_T6W30', 'l1_T6W30', 'l3_T6W30', 'lcc_T6W30', 'atd_T6W30', 'density_T6W30', 'diameter_T6W30', 'asp_T6W30']",-0.00037576530036856695,0.04572661113436617,98.0,0.022675422916998804,0.02305118821736737,0.11557580667071933,1.9844674545084815,3.4873738044849016,3.5692571309504366,98.0,3.528315467717669,0.04094166323276753,0.20527643564173953,1.9844674545084815,completed,4.753400087356567,True,COMPLETE
187,2.880045200650813,2026-06-13 17:00:10.744952,2026-06-13 17:00:19.962791,0 days 00:00:09.217839,17,sqrt,3,10,278,ExtraTreesRegressor,8,True,-0.023069070553394938,-0.01282833219162102,98.0,-0.01794870137250798,0.0051203691808869595,0.025672897767891632,1.9844674545084815,2.8522292005425305,2.907861200759095,98.0,2.880045200650813,0.027816000108282328,0.13946598416325406,1.9844674545084815,873024199005403.0,1107039398598466.5,98.0,990031798801934.8,117007599796531.78,586661633472763.2,1.9844674545084815,8.34579258606725,8.762545208212495,98.0,8.554168897139872,0.2083763110726228,1.044773051010974,1.9844674545084815,2.5655097433705016,2.645593455975196,98.0,2.605551599672849,0.04004185630234736,0.20076491498386467,1.9844674545084815,99.0,0.6767676767676768,-0.036974413537799594,-0.019942911453564003,98.0,-0.0284586624956818,0.008515751042117797,0.04269692246746091,1.9844674545084815,ExtraTreesRegressor,"{'mode': 'original', 'type': 'ExtraTreesRegressor'}",8,"['nodes_T6W30', 'l1_T6W30', 'l2_T6W30', 'lcc_T6W30', 'atd_T6W30', 'density_T6W30', 'diameter_T6W30', 'asp_T6W30']",0.013579933602374684,0.05608547965020394,98.0,0.03483270662628931,0.021252773023914626,0.10655877532499562,1.9844674545084815,3.4808395770260487,3.5604867253141057,98.0,3.520663151170077,0.039823574144028644,0.1996704752399514,1.9844674545084815,completed,9.211418867111206,True,COMPLETE
188,2.984083477948814,2026-06-13 17:00:19.971325,2026-06-13 17:00:22.349938,0 days 00:00:02.378613,16,,3,3,336,ExtraTreesRegressor,13,False,,,,,,,,,,,,,,,,,,,,,,,,,,,,,,,,,,,,,,,,,,,,,ExtraTreesRegressor,"{'mode': 'original', 'type': 'ExtraTreesRegressor'}",13,"['nodes_T6W30', 'edges_T6W30', 're_T6W30', 'pe_T6W30', 'l1_T6W30', 'l2_T6W30', 'l3_T6W30', 'lcc_T6W30', 'lsc_T6W30', 'atd_T6W30', 'density_T6W30', 'diameter_T6W30', 'asp_T6W30']",,,,,,,,,,,,,,,pruned,,False,PRUNED
189,2.877468031917748,2026-06-13 17:00:22.357036,2026-06-13 17:00:35.157752,0 days 00:00:12.800716,5,sqrt,4,8,410,ExtraTreesRegressor,11,False,-0.02219039599616695,-0.011850254253133914,98.0,-0.01702032512465043,0.005170070871516518,0.02592209589743022,1.9844674545084815,2.849373132095018,2.905562931740478,98.0,2.877468031917748,0.02809489982272983,0.14086435283620677,1.9844674545084815,866720690421711.0,1100502117682392.5,98.0,983611404052051.8,116890713630340.8,586075580692369.4,1.9844674545084815,8.289097054569135,8.698848736309634,98.0,8.493972895439384,0.20487584087024982,1.0272221263666097,1.9844674545084815,2.5086413367771434,2.5846720507828764,98.0,2.54665669378001,0.038015357002866616,0.19060429814075236,1.9844674545084815,99.0,0.6464646464646465,-0.03003983022661938,-0.013274868779838736,98.0,-0.02165734950322906,0.008382480723390323,0.04202872157269807,1.9844674545084815,ExtraTreesRegressor,"{'mode': 'original', 'type': 'ExtraTreesRegressor'}",11,"['nodes_T6W30', 're_T6W30', 'l1_T6W30', 'l2_T6W30', 'l3_T6W30', 'lcc_T6W30', 'lsc_T6W30', 'atd_T6W30', 'density_T6W30', 'diameter_T6W30', 'asp_T6W30']",0.02545063365171799,0.06877226127260609,98.0,0.04711144746216204,0.02166081381044405,0.10860464136074997,1.9844674545084815,3.4685437205192997,3.5501499310603144,98.0,3.509346825789807,0.04080310527050725,0.20458172315629733,1.9844674545084815,completed,12.794477701187134,False,COMPLETE
190,2.8554977891882407,2026-06-13 17:00:35.166398,2026-06-13 17:00:47.127019,0 days 00:00:11.960621,2,sqrt,2,10,393,ExtraTreesRegressor,3,True,-0.012311704516552738,-0.006183848709860641,98.0,-0.00924777661320669,0.0030639279033460483,0.015362155550113684,1.9844674545084815,2.8300441718893388,2.8809514064871427,98.0,2.8554977891882407,0.02545361729890203,0.12762128894474653,1.9844674545084815,878673322769528.1,1115951688021752.1,98.0,997312505395640.1,118639182626111.95,594842187980437.1,1.9844674545084815,8.105429621245772,8.459098000653622,98.0,8.282263810949697,0.17683418970392534,0.8866247557076402,1.9844674545084815,2.521454459452856,2.5791702292004,98.0,2.550312344326628,0.028857884873771823,0.14468986551348556,1.9844674545084815,99.0,0.24242424242424243,0.0045857637716645375,0.012259489509430208,98.0,0.008422626640547373,0.003836862868882836,0.01923755586802933,1.9844674545084815,ExtraTreesRegressor,"{'mode': 'original', 'type': 'ExtraTreesRegressor'}",3,"['atd_T6W30', 'diameter_T6W30', 'asp_T6W30']",0.13651190691286952,0.1851190133913444,98.0,0.16081546015210696,0.024303553239237434,0.12185500999351256,1.9844674545084815,3.4197716777852554,3.4958549006063624,98.0,3.457813289195809,0.03804161141055361,0.19073593449365844,1.9844674545084815,completed,11.954434871673584,True,COMPLETE
191,2.8612834426234777,2026-06-13 17:00:47.135380,2026-06-13 17:01:02.834941,0 days 00:00:15.699561,8,sqrt,4,6,499,ExtraTreesRegressor,6,False,-0.016295458902179205,-0.006437791232797733,98.0,-0.01136662506748847,0.004928833834690736,0.024712563231821798,1.9844674545084815,2.834489360057172,2.8880775251897832,98.0,2.8612834426234777,0.026794082566305583,0.1343422160020998,1.9844674545084815,866818210650255.5,1098771184583875.5,98.0,982794697617065.5,115976486966810.02,581491761276160.6,1.9844674545084815,8.315129538165541,8.723154192383364,98.0,8.519141865274452,0.20401232710891157,1.022892575169646,1.9844674545084815,2.5434906156652413,2.619837054658625,98.0,2.581663835161933,0.038173219496691786,0.19139580115980925,1.9844674545084815,99.0,0.6363636363636364,-0.02602058520905215,-0.009481585166279012,98.0,-0.01775108518766558,0.008269500021386569,0.041462250306697555,1.9844674545084815,ExtraTreesRegressor,"{'mode': 'original', 'type': 'ExtraTreesRegressor'}",6,"['nodes_T6W30', 'l1_T6W30', 'lcc_T6W30', 'atd_T6W30', 'density_T6W30', 'asp_T6W30']",0.03976707871643838,0.08187178683981072,98.0,0.06081943277812455,0.02105235406168617,0.10555389943689669,1.9844674545084815,3.462826022458016,3.541788144911728,98.0,3.502307083684872,0.0394810612268559,0.19795315783643658,1.9844674545084815,completed,15.692911863327026,False,COMPLETE
192,2.8801866879595988,2026-06-13 17:01:02.843558,2026-06-13 17:01:05.331388,0 days 00:00:02.487830,8,,1,10,329,ExtraTreesRegressor,2,True,,,,,,,,,,,,,,,,,,,,,,,,,,,,,,,,,,,,,,,,,,,,,ExtraTreesRegressor,"{'mode': 'original', 'type': 'ExtraTreesRegressor'}",2,"['atd_T6W30', 'density_T6W30']",,,,,,,,,,,,,,,pruned,,True,PRUNED
193,2.8517629138274874,2026-06-13 17:01:05.338010,2026-06-13 17:01:14.947090,0 days 00:00:09.609080,13,log2,5,9,302,ExtraTreesRegressor,2,True,-0.01117735107249213,-0.004749865788546458,98.0,-0.007963608430519294,0.003213742641972836,0.016113308119980272,1.9844674545084815,2.826674945003719,2.8768508826512558,98.0,2.8517629138274874,0.025087968823768445,0.12578797271510234,1.9844674545084815,876307143461706.4,1113375084519157.4,98.0,994841113990431.9,118533970528725.48,594314667537139.6,1.9844674545084815,8.197387855400304,8.580095835698824,98.0,8.388741845549564,0.19135399014925927,0.9594252392811068,1.9844674545084815,2.5148550752807615,2.5704607048782395,98.0,2.5426578900795005,0.0278028147987389,0.13939987465200826,1.9844674545084815,99.0,0.3333333333333333,-0.0015792471302559967,0.00705194682175815,98.0,0.0027363498457510767,0.0043155969760070734,0.021637869469650226,1.9844674545084815,ExtraTreesRegressor,"{'mode': 'original', 'type': 'ExtraTreesRegressor'}",2,"['nodes_T6W30', 'density_T6W30']",0.08776141189588757,0.13091833168017944,98.0,0.1093398717880335,0.021578459892145938,0.10819172900022239,1.9844674545084815,3.4292955005903867,3.5061033565810815,98.0,3.467699428585734,0.038403927995347614,0.19255254503723976,1.9844674545084815,completed,9.602113008499146,True,COMPLETE
194,2.8780717588917395,2026-06-13 17:01:14.955916,2026-06-13 17:01:27.856019,0 days 00:00:12.900103,15,sqrt,3,10,403,ExtraTreesRegressor,7,False,-0.02244360141223702,-0.012086446392142926,98.0,-0.017265023902189973,0.0051785775100470464,0.025964747130891638,1.9844674545084815,2.850355105517315,2.905788412266164,98.0,2.8780717588917395,0.0277166533744248,0.1389678719272421,1.9844674545084815,870796244185147.0,1104703526424704.5,98.0,987749885304925.8,116953641119778.7,586391091341320.2,1.9844674545084815,8.354117584861225,8.77344025360697,98.0,8.563778919234098,0.20966133437287376,1.0512159989022796,1.9844674545084815,2.5565188368655085,2.637756407739246,98.0,2.597137622302377,0.04061878543686861,0.2036575663077515,1.9844674545084815,99.0,0.6868686868686869,-0.03776207497553783,-0.020056807291223992,98.0,-0.02890944113338091,0.00885263384215692,0.04438601116002024,1.9844674545084815,ExtraTreesRegressor,"{'mode': 'original', 'type': 'ExtraTreesRegressor'}",7,"['nodes_T6W30', 'l1_T6W30', 'l2_T6W30', 'lcc_T6W30', 'atd_T6W30', 'density_T6W30', 'asp_T6W30']",0.017475702445099488,0.059899330909337294,98.0,0.03868751667721839,0.021211814232118903,0.10635341300885773,1.9844674545084815,3.481426600569366,3.5612406131050034,98.0,3.5213336068371848,0.03990700626781884,0.20008879358946008,1.9844674545084815,completed,12.89374589920044,False,COMPLETE
