number,value,datetime_start,datetime_complete,duration,params_et_max_depth,params_et_max_features,params_et_min_samples_leaf,params_et_min_samples_split,params_et_n_estimators,params_regressor,params_rfe_n_features,params_use_scaler,user_attrs_d2mae_ci_lower_val,user_attrs_d2mae_ci_upper_val,user_attrs_d2mae_df_val,user_attrs_d2mae_mean_val,user_attrs_d2mae_samperror_val,user_attrs_d2mae_std_val,user_attrs_d2mae_t_critical_val,user_attrs_mae_ci_lower_val,user_attrs_mae_ci_upper_val,user_attrs_mae_df_val,user_attrs_mae_mean_val,user_attrs_mae_samperror_val,user_attrs_mae_std_val,user_attrs_mae_t_critical_val,user_attrs_mape_ci_lower_val,user_attrs_mape_ci_upper_val,user_attrs_mape_df_val,user_attrs_mape_mean_val,user_attrs_mape_samperror_val,user_attrs_mape_std_val,user_attrs_mape_t_critical_val,user_attrs_max_error_ci_lower_val,user_attrs_max_error_ci_upper_val,user_attrs_max_error_df_val,user_attrs_max_error_mean_val,user_attrs_max_error_samperror_val,user_attrs_max_error_std_val,user_attrs_max_error_t_critical_val,user_attrs_median_ae_ci_lower_val,user_attrs_median_ae_ci_upper_val,user_attrs_median_ae_df_val,user_attrs_median_ae_mean_val,user_attrs_median_ae_samperror_val,user_attrs_median_ae_std_val,user_attrs_median_ae_t_critical_val,user_attrs_n_splits_val,user_attrs_r2_below_zero_val,user_attrs_r2_ci_lower_val,user_attrs_r2_ci_upper_val,user_attrs_r2_df_val,user_attrs_r2_mean_val,user_attrs_r2_samperror_val,user_attrs_r2_std_val,user_attrs_r2_t_critical_val,user_attrs_regressor_final,user_attrs_rfe_estimator,user_attrs_rfe_n_features,user_attrs_rfe_selected_features,user_attrs_rho_ci_lower_val,user_attrs_rho_ci_upper_val,user_attrs_rho_df_val,user_attrs_rho_mean_val,user_attrs_rho_samperror_val,user_attrs_rho_std_val,user_attrs_rho_t_critical_val,user_attrs_rmse_ci_lower_val,user_attrs_rmse_ci_upper_val,user_attrs_rmse_df_val,user_attrs_rmse_mean_val,user_attrs_rmse_samperror_val,user_attrs_rmse_std_val,user_attrs_rmse_t_critical_val,user_attrs_termination_reason,user_attrs_trial_time_seconds,user_attrs_use_scaler_final,state
231,2.9153946760858886,2026-06-13 17:06:03.992884,2026-06-13 17:06:06.092691,0 days 00:00:02.099807,15,,1,12,272,ExtraTreesRegressor,6,False,,,,,,,,,,,,,,,,,,,,,,,,,,,,,,,,,,,,,,,,,,,,,ExtraTreesRegressor,"{'mode': 'original', 'type': 'ExtraTreesRegressor'}",6,"['l1_T6W30', 'l2_T6W30', 'l3_T6W30', 'atd_T6W30', 'density_T6W30', 'asp_T6W30']",,,,,,,,,,,,,,,pruned,,False,PRUNED
232,2.8512091642690485,2026-06-13 17:06:06.098334,2026-06-13 17:06:16.380140,0 days 00:00:10.281806,7,sqrt,5,11,324,ExtraTreesRegressor,2,True,-0.011001771376946077,-0.004530083834209301,98.0,-0.007765927605577689,0.003235843771368388,0.01622412044922499,1.9844674545084815,2.826077114273013,2.876341214265084,98.0,2.8512091642690485,0.025132049996035497,0.1260089902607366,1.9844674545084815,876284062642670.2,1113130021860777.2,98.0,994707042251723.8,118422979609053.44,593758172793647.1,1.9844674545084815,8.194408078997283,8.577138765235736,98.0,8.38577342211651,0.19136534311922695,0.9594821616683499,1.9844674545084815,2.512898774746999,2.5683996718090425,98.0,2.5406492232780207,0.0277504485310217,0.1391373166625164,1.9844674545084815,99.0,0.32323232323232326,-0.0011182545171303194,0.007612758326118287,98.0,0.0032472519044939837,0.004365506421624303,0.02188810925700113,1.9844674545084815,ExtraTreesRegressor,"{'mode': 'original', 'type': 'ExtraTreesRegressor'}",2,"['nodes_T6W30', 'density_T6W30']",0.08782991023965896,0.13137261308134013,98.0,0.10960126166049954,0.021771351420840582,0.10915886326760194,1.9844674545084815,3.428344155561344,3.505307378403583,98.0,3.4668257669824634,0.03848161142111947,0.1929420401259035,1.9844674545084815,completed,10.27553915977478,True,COMPLETE
233,2.9130651599436677,2026-06-13 17:06:16.388956,2026-06-13 17:06:27.340452,0 days 00:00:10.951496,15,sqrt,2,3,322,ExtraTreesRegressor,7,True,-0.03550799044932048,-0.02358720866056436,98.0,-0.02954759955494242,0.005960390894378059,0.029884662742527796,1.9844674545084815,2.882845968313922,2.9432843515734133,98.0,2.9130651599436677,0.030219191629745668,0.15151528921678245,1.9844674545084815,872825856672184.1,1106823679007828.1,98.0,989824767840006.1,116998911167822.03,586618069763052.4,1.9844674545084815,8.573139182821869,8.984273360460705,98.0,8.778706271641287,0.20556708881941815,1.0306879580877883,1.9844674545084815,2.5749156659277723,2.6598120431002688,98.0,2.6173638545140205,0.042448188586248145,0.21282996743179397,1.9844674545084815,99.0,0.8383838383838383,-0.06889557474975622,-0.04769639970774267,98.0,-0.058295987228749443,0.010599587521006775,0.053145020836464246,1.9844674545084815,ExtraTreesRegressor,"{'mode': 'original', 'type': 'ExtraTreesRegressor'}",7,"['nodes_T6W30', 'l1_T6W30', 'l2_T6W30', 'l3_T6W30', 'atd_T6W30', 'density_T6W30', 'asp_T6W30']",-0.010121658251038836,0.030857236186063272,98.0,0.010367788967512217,0.020489447218551053,0.10273155414769411,1.9844674545084815,3.5296010878153132,3.6122430293049654,98.0,3.5709220585601393,0.041320970744826095,0.20717823659312837,1.9844674545084815,completed,10.945432901382446,True,COMPLETE
234,2.8618575734926295,2026-06-13 17:06:27.348894,2026-06-13 17:06:30.758709,0 days 00:00:03.409815,8,sqrt,4,12,86,ExtraTreesRegressor,2,True,-0.01557393765017763,-0.0075244158395194605,98.0,-0.011549176744848545,0.004024760905329085,0.020179653382887918,1.9844674545084815,2.836012918524106,2.887702228461153,98.0,2.8618575734926295,0.025844654968523794,0.12958190345533055,1.9844674545084815,874555884731918.4,1111106382773646.6,98.0,992831133752782.5,118275249020864.17,593017469896299.2,1.9844674545084815,8.20057573987899,8.580235027943777,98.0,8.390405383911384,0.1898296440323931,0.9517823563875712,1.9844674545084815,2.5332078933983624,2.603151072842781,98.0,2.5681794831205718,0.034971589722209324,0.17534322545926415,1.9844674545084815,99.0,0.5151515151515151,-0.013314882163664634,-0.0011461661653873918,98.0,-0.007230524164526013,0.006084357999138621,0.03050621847311442,1.9844674545084815,ExtraTreesRegressor,"{'mode': 'original', 'type': 'ExtraTreesRegressor'}",2,"['nodes_T6W30', 'lcc_T6W30']",0.045160858622336486,0.08947172494596042,98.0,0.06731629178414845,0.02215543316181197,0.11108460161226641,1.9844674545084815,3.4456983457409422,3.523754630439346,98.0,3.484726488090144,0.039028142349201975,0.19568227860246243,1.9844674545084815,completed,3.4035701751708984,True,COMPLETE
235,2.899742496671852,2026-06-13 17:06:30.767183,2026-06-13 17:06:41.851543,0 days 00:00:11.084360,18,sqrt,1,9,326,ExtraTreesRegressor,3,False,-0.031758226832995166,-0.017916778329051537,98.0,-0.024837502581023352,0.006920724251971813,0.034699655420131925,1.9844674545084815,2.8679342035247597,2.931550789818944,98.0,2.899742496671852,0.031808293147092236,0.15948284767915352,1.9844674545084815,837997425173270.9,1065021712980104.9,98.0,951509569076687.9,113512143903417.0,569135849954832.2,1.9844674545084815,8.605740797935558,9.062462522552623,98.0,8.834101660244091,0.22836086230853217,1.1449731191489945,1.9844674545084815,2.539025618245574,2.6398170677536945,98.0,2.5894213429996342,0.05039572475406048,0.2526779307982799,1.9844674545084815,99.0,0.7878787878787878,-0.06566384148832938,-0.039923325302441165,98.0,-0.05279358339538527,0.012870258092944105,0.06452988223972135,1.9844674545084815,ExtraTreesRegressor,"{'mode': 'original', 'type': 'ExtraTreesRegressor'}",3,"['l3_T6W30', 'atd_T6W30', 'density_T6W30']",0.018755301890593032,0.061000600646757594,98.0,0.03987795126867531,0.02112264937808228,0.10590635145893748,1.9844674545084815,3.51750536273033,3.605204329476339,98.0,3.5613548461033346,0.04384948337300462,0.21985588617557617,1.9844674545084815,completed,11.078264236450195,False,COMPLETE
236,2.918698785921175,2026-06-13 17:06:41.860299,2026-06-13 17:06:43.058469,0 days 00:00:01.198170,11,log2,1,8,183,ExtraTreesRegressor,10,False,,,,,,,,,,,,,,,,,,,,,,,,,,,,,,,,,,,,,,,,,,,,,ExtraTreesRegressor,"{'mode': 'original', 'type': 'ExtraTreesRegressor'}",10,"['nodes_T6W30', 'l1_T6W30', 'l2_T6W30', 'l3_T6W30', 'lcc_T6W30', 'lsc_T6W30', 'atd_T6W30', 'density_T6W30', 'diameter_T6W30', 'asp_T6W30']",,,,,,,,,,,,,,,pruned,,False,PRUNED
237,2.9429268352260958,2026-06-13 17:06:43.064285,2026-06-13 17:06:55.239389,0 days 00:00:12.175104,10,log2,2,9,362,ExtraTreesRegressor,11,False,-0.04619733944566781,-0.03406028151730811,98.0,-0.04012881048148796,0.006068528964179854,0.030426853649621277,1.9844674545084815,2.9126842492827643,2.9731694211694273,98.0,2.9429268352260958,0.030242585943331703,0.15163258541161273,1.9844674545084815,873634575920243.0,1108019996716494.0,98.0,990827286318368.5,117192710398125.55,587589755134031.1,1.9844674545084815,8.518127542646626,8.933738047609273,98.0,8.72593279512795,0.20780525248132276,1.041909833864709,1.9844674545084815,2.5788860047933713,2.6758254190394744,98.0,2.627355711916423,0.04846970712305161,0.24302111661296324,1.9844674545084815,99.0,0.9393939393939394,-0.08493658056151245,-0.06336902150054134,98.0,-0.0741528010310269,0.010783779530485557,0.05406853679048227,1.9844674545084815,ExtraTreesRegressor,"{'mode': 'original', 'type': 'ExtraTreesRegressor'}",11,"['nodes_T6W30', 're_T6W30', 'l1_T6W30', 'l2_T6W30', 'l3_T6W30', 'lcc_T6W30', 'lsc_T6W30', 'atd_T6W30', 'density_T6W30', 'diameter_T6W30', 'asp_T6W30']",-0.054623224543709256,-0.012982853451308379,98.0,-0.03380303899750882,0.02082018554620044,0.10438983521566103,1.9844674545084815,3.5560713880126174,3.6389724161064474,98.0,3.5975219020595324,0.041450514046915236,0.20782775068743697,1.9844674545084815,completed,12.168594360351562,False,COMPLETE
238,2.9655900928436125,2026-06-13 17:06:55.248385,2026-06-13 17:06:58.606575,0 days 00:00:03.358190,10,,3,5,463,ExtraTreesRegressor,10,False,,,,,,,,,,,,,,,,,,,,,,,,,,,,,,,,,,,,,,,,,,,,,ExtraTreesRegressor,"{'mode': 'original', 'type': 'ExtraTreesRegressor'}",10,"['nodes_T6W30', 're_T6W30', 'l1_T6W30', 'l2_T6W30', 'l3_T6W30', 'lsc_T6W30', 'atd_T6W30', 'density_T6W30', 'diameter_T6W30', 'asp_T6W30']",,,,,,,,,,,,,,,pruned,,False,PRUNED
239,2.9087978751638564,2026-06-13 17:06:58.612384,2026-06-13 17:07:07.143720,0 days 00:00:08.531336,4,,2,11,244,ExtraTreesRegressor,9,True,-0.034596900414619644,-0.02163063416991305,98.0,-0.028113767292266348,0.006483133122353296,0.0325056276190181,1.9844674545084815,2.878574852855838,2.939020897471875,98.0,2.9087978751638564,0.030223022308018217,0.1515344957638494,1.9844674545084815,859584277142310.2,1089918242555287.5,98.0,974751259848798.9,115166982706488.6,577433007037212.5,1.9844674545084815,8.415584006161012,8.848145418023933,98.0,8.631864712092472,0.2162807059314605,1.0844047091901283,1.9844674545084815,2.5208326100403253,2.605573310800806,98.0,2.5632029604205657,0.04237035038024042,0.21243969629417134,1.9844674545084815,99.0,0.7777777777777778,-0.059869499717708274,-0.03684504792591099,98.0,-0.04835727382180963,0.011512225895898637,0.057720876769882495,1.9844674545084815,ExtraTreesRegressor,"{'mode': 'original', 'type': 'ExtraTreesRegressor'}",9,"['nodes_T6W30', 'l1_T6W30', 'l2_T6W30', 'l3_T6W30', 'lcc_T6W30', 'atd_T6W30', 'density_T6W30', 'diameter_T6W30', 'asp_T6W30']",-0.0035845806023927854,0.04340921007414183,98.0,0.01991231473587452,0.023496895338267307,0.11781052704830415,1.9844674545084815,3.512211600836228,3.5953914640055307,98.0,3.5538015324208794,0.04158993158465121,0.20852677297799904,1.9844674545084815,completed,8.524923086166382,True,COMPLETE
240,2.9354383935122295,2026-06-13 17:07:07.152893,2026-06-13 17:07:15.990679,0 days 00:00:08.837786,7,,4,9,234,ExtraTreesRegressor,7,True,-0.044527578734699015,-0.030309864519269834,98.0,-0.037418721626984425,0.007108857107714589,0.03564293028990003,1.9844674545084815,2.902821599056101,2.968055187968358,98.0,2.9354383935122295,0.032616794456128605,0.16353657324440696,1.9844674545084815,868768548194023.1,1101542768542089.4,98.0,985155658368056.2,116387110174033.12,583550575249870.4,1.9844674545084815,8.633611034348728,9.061722602918799,98.0,8.847666818633764,0.21405578428503594,1.073249227241006,1.9844674545084815,2.5919696960221508,2.685079719190533,98.0,2.638524707606342,0.04655501158419101,0.23342106999732223,1.9844674545084815,99.0,0.8888888888888888,-0.08675318742126789,-0.06091441971240266,98.0,-0.07383380356683528,0.012919383854432611,0.0647761927317796,1.9844674545084815,ExtraTreesRegressor,"{'mode': 'original', 'type': 'ExtraTreesRegressor'}",7,"['nodes_T6W30', 'l1_T6W30', 'l2_T6W30', 'l3_T6W30', 'atd_T6W30', 'density_T6W30', 'asp_T6W30']",-0.022069721912537737,0.023938505392284686,98.0,0.0009343917398734761,0.02300411365241121,0.11533978062437512,1.9844674545084815,3.553099147846074,3.6401934126744036,98.0,3.596646280260239,0.04354713241416454,0.21833993586377057,1.9844674545084815,completed,8.83161997795105,True,COMPLETE
241,2.8454908484091566,2026-06-13 17:07:16.000533,2026-06-13 17:07:24.477116,0 days 00:00:08.476583,2,sqrt,5,7,269,ExtraTreesRegressor,6,True,-0.009559375710721293,-0.0019154161899684096,98.0,-0.005737395950344851,0.003821979760376441,0.019162933802772907,1.9844674545084815,2.819632126681182,2.871349570137131,98.0,2.8454908484091566,0.02585872172797457,0.129652432447391,1.9844674545084815,869638158724562.0,1104525600288945.0,98.0,987081879506753.5,117443720782191.55,588848290153900.4,1.9844674545084815,8.152145344663484,8.533080531239897,98.0,8.34261293795169,0.19046759328820653,0.9549809550524362,1.9844674545084815,2.5146463649581055,2.5923132469199803,98.0,2.553479805939043,0.03883344098093758,0.1947060700233274,1.9844674545084815,99.0,0.2828282828282828,0.0022940655131579134,0.0133142156327174,98.0,0.007804140572937657,0.005510075059779743,0.027626834844481047,1.9844674545084815,ExtraTreesRegressor,"{'mode': 'original', 'type': 'ExtraTreesRegressor'}",6,"['nodes_T6W30', 'lcc_T6W30', 'atd_T6W30', 'density_T6W30', 'diameter_T6W30', 'asp_T6W30']",0.13008767383471903,0.1797368900102881,98.0,0.15491228192250356,0.024824608087784535,0.12446751455825117,1.9844674545084815,3.419855094178904,3.497728247025509,98.0,3.4587916706022064,0.03893657642330233,0.1952231783751939,1.9844674545084815,completed,8.47042202949524,True,COMPLETE
242,2.8881318438593055,2026-06-13 17:07:24.485935,2026-06-13 17:07:36.968597,0 days 00:00:12.482662,10,log2,5,5,391,ExtraTreesRegressor,12,True,-0.025759878132553614,-0.01581875109219951,98.0,-0.020789314612376562,0.0049705635201770515,0.02492179071357749,1.9844674545084815,2.8602700918400004,2.9159935958786107,98.0,2.8881318438593055,0.027861752019305224,0.13969537858636732,1.9844674545084815,870824087822189.8,1105476297817104.8,98.0,988150192819647.2,117326104997457.53,588258579156373.5,1.9844674545084815,8.327921481050627,8.735125534887306,98.0,8.531523507968966,0.20360202691833876,1.0208353807614692,1.9844674545084815,2.530173090043846,2.6100301380203335,98.0,2.57010161403209,0.03992852398824375,0.2001966807782841,1.9844674545084815,99.0,0.7070707070707071,-0.03604702432826784,-0.019729140446147833,98.0,-0.027888082387207837,0.008158941941060002,0.040907925766148184,1.9844674545084815,ExtraTreesRegressor,"{'mode': 'original', 'type': 'ExtraTreesRegressor'}",12,"['nodes_T6W30', 're_T6W30', 'pe_T6W30', 'l1_T6W30', 'l2_T6W30', 'l3_T6W30', 'lcc_T6W30', 'lsc_T6W30', 'atd_T6W30', 'density_T6W30', 'diameter_T6W30', 'asp_T6W30']",0.003342733086483956,0.04653583565958208,98.0,0.02493928437303302,0.021596551286549064,0.10828243701415305,1.9844674545084815,3.4797432259768155,3.560093334588776,98.0,3.5199182802827957,0.04017505430598028,0.20143275329968757,1.9844674545084815,completed,12.476438045501709,True,COMPLETE
243,2.8914011986575487,2026-06-13 17:07:36.977867,2026-06-13 17:07:53.272638,0 days 00:00:16.294771,7,,2,12,493,ExtraTreesRegressor,3,False,-0.0290874637749972,-0.014619760930721162,98.0,-0.02185361235285918,0.0072338514221380185,0.03626963632268741,1.9844674545084815,2.858829825856867,2.9239725714582305,98.0,2.8914011986575487,0.03257137280068174,0.16330883468190474,1.9844674545084815,841970729865903.0,1071287160299771.0,98.0,956628945082837.0,114658215216933.95,574882109770718.8,1.9844674545084815,8.58855687635676,9.033331333695335,98.0,8.810944105026048,0.22238722866928673,1.1150220589216104,1.9844674545084815,2.5156865932524597,2.6148574749653073,98.0,2.5652720341088835,0.049585440856423926,0.24861526755426194,1.9844674545084815,99.0,0.7474747474747475,-0.0607684557289106,-0.03428881587831839,98.0,-0.047528635803614494,0.013239819925296104,0.06638281955844103,1.9844674545084815,ExtraTreesRegressor,"{'mode': 'original', 'type': 'ExtraTreesRegressor'}",3,"['l3_T6W30', 'atd_T6W30', 'density_T6W30']",0.022843456398181652,0.066237026661712,98.0,0.044540241529946824,0.02169678513176517,0.1087849971167959,1.9844674545084815,3.5079803841948527,3.596971181182516,98.0,3.5524757826886844,0.044495398493831446,0.22309442470237242,1.9844674545084815,completed,16.28825306892395,False,COMPLETE
244,2.902761481416096,2026-06-13 17:07:53.281648,2026-06-13 17:08:06.578364,0 days 00:00:13.296716,17,sqrt,2,6,393,ExtraTreesRegressor,6,True,-0.03218572958078549,-0.0197212226289857,98.0,-0.025953476104885596,0.006232253475899895,0.03124774810136831,1.9844674545084815,2.872789768739832,2.9327331940923598,98.0,2.902761481416096,0.02997171267626386,0.15027446035308267,1.9844674545084815,870207790103148.8,1103987510635494.8,98.0,987097650369321.8,116889860266173.0,586071302029979.1,1.9844674545084815,8.586641902937357,8.990027434444945,98.0,8.788334668691151,0.20169276575379452,1.0112625814265082,1.9844674545084815,2.5564300115948067,2.648312134930883,98.0,2.602371073262845,0.04594106166803821,0.23034280105319385,1.9844674545084815,99.0,0.8181818181818182,-0.06680848432357822,-0.043758279905665894,98.0,-0.05528338211462206,0.011525102208956167,0.05778543701096576,1.9844674545084815,ExtraTreesRegressor,"{'mode': 'original', 'type': 'ExtraTreesRegressor'}",6,"['nodes_T6W30', 'l1_T6W30', 'l3_T6W30', 'atd_T6W30', 'density_T6W30', 'asp_T6W30']",-0.0017027260103915955,0.041112577170903775,98.0,0.019704925580256088,0.021407651590647683,0.10733531730267516,1.9844674545084815,3.5240067605601464,3.607063247749145,98.0,3.5655350041546456,0.04152824359449912,0.20821747702516172,1.9844674545084815,completed,13.290462970733643,True,COMPLETE
245,2.8998715369472188,2026-06-13 17:08:06.587038,2026-06-13 17:08:16.951872,0 days 00:00:10.364834,8,log2,1,8,301,ExtraTreesRegressor,6,False,-0.03125591332031061,-0.018444800328811243,98.0,-0.024850356824560924,0.0064055564957496815,0.03211666800817467,1.9844674545084815,2.868736877372347,2.9310061965220906,98.0,2.8998715369472188,0.03113465957487203,0.15610533226538537,1.9844674545084815,854463330241826.8,1083106103952242.2,98.0,968784717097034.5,114321386855207.7,573193294025127.0,1.9844674545084815,8.556278702171005,8.987884234260038,98.0,8.772081468215521,0.21580276604451745,1.082008377710264,1.9844674545084815,2.5332339779315705,2.630183874437373,98.0,2.5817089261844717,0.04847494825290139,0.2430473949897889,1.9844674545084815,99.0,0.7373737373737373,-0.062273039779686394,-0.03790405391238156,98.0,-0.05008854684603398,0.01218449293365242,0.06109154054885372,1.9844674545084815,ExtraTreesRegressor,"{'mode': 'original', 'type': 'ExtraTreesRegressor'}",6,"['nodes_T6W30', 'l1_T6W30', 'l3_T6W30', 'atd_T6W30', 'density_T6W30', 'asp_T6W30']",0.008397504453723979,0.053404335442540404,98.0,0.03090091994813219,0.02250341549440821,0.11282934198823834,1.9844674545084815,3.5138077329781554,3.600005917425272,98.0,3.5569068252017138,0.043099092223558545,0.21609351776324176,1.9844674545084815,completed,10.357976913452148,False,COMPLETE
246,2.9498810492791283,2026-06-13 17:08:16.961495,2026-06-13 17:08:19.575775,0 days 00:00:02.614280,12,,2,8,331,ExtraTreesRegressor,8,True,,,,,,,,,,,,,,,,,,,,,,,,,,,,,,,,,,,,,,,,,,,,,ExtraTreesRegressor,"{'mode': 'original', 'type': 'ExtraTreesRegressor'}",8,"['re_T6W30', 'l1_T6W30', 'l2_T6W30', 'l3_T6W30', 'lsc_T6W30', 'atd_T6W30', 'density_T6W30', 'asp_T6W30']",,,,,,,,,,,,,,,pruned,,True,PRUNED
247,2.8907898867777195,2026-06-13 17:08:19.581678,2026-06-13 17:08:34.009298,0 days 00:00:14.427620,15,log2,5,7,460,ExtraTreesRegressor,11,False,-0.02686853275614248,-0.016517557193448242,98.0,-0.02169304497479536,0.005175487781347119,0.0259492556133386,1.9844674545084815,2.8621809431128717,2.9193988304425673,98.0,2.8907898867777195,0.02860894366484779,0.1434417050818553,1.9844674545084815,870727936573172.9,1104690907137657.4,98.0,987709421855415.1,116981485282242.25,586530698528049.5,1.9844674545084815,8.370029227983428,8.781862032044101,98.0,8.575945630013765,0.2059164020303359,1.0324393713230566,1.9844674545084815,2.541508468600261,2.6188157663147402,98.0,2.5801621174575007,0.03865364885723946,0.19380461455242043,1.9844674545084815,99.0,0.7070707070707071,-0.039642583747841964,-0.02209802188818111,98.0,-0.030870302818011536,0.008772280929830425,0.04398313159594296,1.9844674545084815,ExtraTreesRegressor,"{'mode': 'original', 'type': 'ExtraTreesRegressor'}",11,"['nodes_T6W30', 're_T6W30', 'pe_T6W30', 'l1_T6W30', 'l2_T6W30', 'l3_T6W30', 'lcc_T6W30', 'atd_T6W30', 'density_T6W30', 'diameter_T6W30', 'asp_T6W30']",-0.001111861145459015,0.0442352026210838,98.0,0.021561670737812393,0.022673531883271408,0.11368228452141155,1.9844674545084815,3.4840254644259856,3.566037212023211,98.0,3.5250313382245984,0.04100587379861288,0.20559837947710194,1.9844674545084815,completed,14.421518087387085,False,COMPLETE
