number,value,datetime_start,datetime_complete,duration,params_et_max_depth,params_et_max_features,params_et_min_samples_leaf,params_et_min_samples_split,params_et_n_estimators,params_regressor,params_rfe_n_features,params_use_scaler,user_attrs_d2mae_ci_lower_val,user_attrs_d2mae_ci_upper_val,user_attrs_d2mae_df_val,user_attrs_d2mae_mean_val,user_attrs_d2mae_samperror_val,user_attrs_d2mae_std_val,user_attrs_d2mae_t_critical_val,user_attrs_mae_ci_lower_val,user_attrs_mae_ci_upper_val,user_attrs_mae_df_val,user_attrs_mae_mean_val,user_attrs_mae_samperror_val,user_attrs_mae_std_val,user_attrs_mae_t_critical_val,user_attrs_mape_ci_lower_val,user_attrs_mape_ci_upper_val,user_attrs_mape_df_val,user_attrs_mape_mean_val,user_attrs_mape_samperror_val,user_attrs_mape_std_val,user_attrs_mape_t_critical_val,user_attrs_max_error_ci_lower_val,user_attrs_max_error_ci_upper_val,user_attrs_max_error_df_val,user_attrs_max_error_mean_val,user_attrs_max_error_samperror_val,user_attrs_max_error_std_val,user_attrs_max_error_t_critical_val,user_attrs_median_ae_ci_lower_val,user_attrs_median_ae_ci_upper_val,user_attrs_median_ae_df_val,user_attrs_median_ae_mean_val,user_attrs_median_ae_samperror_val,user_attrs_median_ae_std_val,user_attrs_median_ae_t_critical_val,user_attrs_n_splits_val,user_attrs_r2_below_zero_val,user_attrs_r2_ci_lower_val,user_attrs_r2_ci_upper_val,user_attrs_r2_df_val,user_attrs_r2_mean_val,user_attrs_r2_samperror_val,user_attrs_r2_std_val,user_attrs_r2_t_critical_val,user_attrs_regressor_final,user_attrs_rfe_estimator,user_attrs_rfe_n_features,user_attrs_rfe_selected_features,user_attrs_rho_ci_lower_val,user_attrs_rho_ci_upper_val,user_attrs_rho_df_val,user_attrs_rho_mean_val,user_attrs_rho_samperror_val,user_attrs_rho_std_val,user_attrs_rho_t_critical_val,user_attrs_rmse_ci_lower_val,user_attrs_rmse_ci_upper_val,user_attrs_rmse_df_val,user_attrs_rmse_mean_val,user_attrs_rmse_samperror_val,user_attrs_rmse_std_val,user_attrs_rmse_t_critical_val,user_attrs_termination_reason,user_attrs_trial_time_seconds,user_attrs_use_scaler_final,state
493,2.9504427687161927,2026-06-13 17:38:14.691472,2026-06-13 17:38:30.556367,0 days 00:00:15.864895,10,sqrt,2,7,483,ExtraTreesRegressor,11,True,-0.048854658761641384,-0.03649041590500625,98.0,-0.042672537333323816,0.0061821214283175685,0.030996392215296594,1.9844674545084815,2.9187445283049622,2.982141009127423,98.0,2.9504427687161927,0.03169824041123051,0.1589310568732481,1.9844674545084815,877399488194182.0,1113326360446542.8,98.0,995362924320362.4,117963436126180.42,591454078608458.6,1.9844674545084815,8.580888796833364,9.011964539726687,98.0,8.796426668280025,0.21553787144666267,1.0806802289597057,1.9844674545084815,2.590232060257843,2.6892331514847423,98.0,2.6397326058712927,0.04950054561344975,0.24818961330612843,1.9844674545084815,99.0,0.9292929292929293,-0.09014985510299439,-0.06726368623591603,98.0,-0.07870677066945521,0.011443084433539181,0.05737421002926882,1.9844674545084815,ExtraTreesRegressor,"{'mode': 'original', 'type': 'ExtraTreesRegressor'}",11,"['nodes_T6W30', 're_T6W30', 'pe_T6W30', 'l1_T6W30', 'l2_T6W30', 'l3_T6W30', 'lcc_T6W30', 'atd_T6W30', 'density_T6W30', 'diameter_T6W30', 'asp_T6W30']",-0.05117065619413336,-0.007647149751340964,98.0,-0.02940890297273716,0.021761753221396195,0.10911073908272648,1.9844674545084815,3.5622753881834934,3.6483267663691827,98.0,3.605301077276338,0.043025689092844745,0.21572548354459734,1.9844674545084815,completed,15.858735084533691,True,COMPLETE
494,2.9192464802298455,2026-06-13 17:38:30.564977,2026-06-13 17:38:33.305819,0 days 00:00:02.740842,8,,5,10,432,ExtraTreesRegressor,12,False,,,,,,,,,,,,,,,,,,,,,,,,,,,,,,,,,,,,,,,,,,,,,ExtraTreesRegressor,"{'mode': 'original', 'type': 'ExtraTreesRegressor'}",12,"['nodes_T6W30', 're_T6W30', 'pe_T6W30', 'l1_T6W30', 'l2_T6W30', 'l3_T6W30', 'lcc_T6W30', 'lsc_T6W30', 'atd_T6W30', 'density_T6W30', 'diameter_T6W30', 'asp_T6W30']",,,,,,,,,,,,,,,pruned,,False,PRUNED
495,2.904754913038107,2026-06-13 17:38:33.312335,2026-06-13 17:38:41.499089,0 days 00:00:08.186754,14,log2,4,6,231,ExtraTreesRegressor,10,True,-0.0320736420711373,-0.02111852350192074,98.0,-0.02659608278652902,0.0054775592846082796,0.02746380476943553,1.9844674545084815,2.875241755467036,2.934268070609178,98.0,2.904754913038107,0.02951315757107079,0.1479753217713355,1.9844674545084815,869334189624857.2,1103436192908027.0,98.0,986385191266442.1,117051001641584.94,586879244955768.5,1.9844674545084815,8.441901082999976,8.851802464612923,98.0,8.64685177380645,0.20495069080647413,1.0275974146891378,1.9844674545084815,2.551003483978381,2.6427325236129904,98.0,2.5968680037956857,0.04586451981730476,0.22995902968057874,1.9844674545084815,99.0,0.8282828282828283,-0.05369696973069334,-0.034918777300475705,98.0,-0.044307873515584524,0.009389096215108821,0.04707576714646828,1.9844674545084815,ExtraTreesRegressor,"{'mode': 'original', 'type': 'ExtraTreesRegressor'}",10,"['nodes_T6W30', 're_T6W30', 'l1_T6W30', 'l2_T6W30', 'l3_T6W30', 'lcc_T6W30', 'atd_T6W30', 'density_T6W30', 'diameter_T6W30', 'asp_T6W30']",-0.017469177318546393,0.025710202130707058,98.0,0.004120512406080334,0.021589689724626725,0.10824803399133628,1.9844674545084815,3.506184857421504,3.589521501361298,98.0,3.547853179391401,0.0416683219698969,0.20891981267402535,1.9844674545084815,completed,8.180361986160278,True,COMPLETE
496,2.915154018739752,2026-06-13 17:38:41.508557,2026-06-13 17:38:48.042243,0 days 00:00:06.533686,16,sqrt,2,7,181,ExtraTreesRegressor,7,True,-0.036614856813300484,-0.024079033351059723,98.0,-0.030346945082180103,0.006267911731120381,0.03142653418270676,1.9844674545084815,2.8851519523892106,2.945156085090294,98.0,2.915154018739752,0.030002066350541652,0.1504266499216635,1.9844674545084815,876227732788572.2,1111275395425439.5,98.0,993751564107005.9,117523831318433.64,589249954474268.4,1.9844674545084815,8.558782334278986,8.9538954991912,98.0,8.756338916735093,0.19755658245610766,0.9905242699494474,1.9844674545084815,2.5563923695201196,2.6484690408180955,98.0,2.6024307051691076,0.04603833564898803,0.23083052076249183,1.9844674545084815,99.0,0.8181818181818182,-0.07004949941455721,-0.047664698480230416,98.0,-0.05885709894739381,0.011192400467163393,0.05611731162732578,1.9844674545084815,ExtraTreesRegressor,"{'mode': 'original', 'type': 'ExtraTreesRegressor'}",7,"['nodes_T6W30', 'l1_T6W30', 'l3_T6W30', 'atd_T6W30', 'density_T6W30', 'diameter_T6W30', 'asp_T6W30']",-0.014674944678607634,0.029623939321929884,98.0,0.007474497321661124,0.02214944200026876,0.11105456266929646,1.9844674545084815,3.5304915564342285,3.6126682331684266,98.0,3.5715798948013275,0.04108833836709913,0.20601184662398722,1.9844674545084815,completed,6.527245044708252,True,COMPLETE
497,2.846241985781164,2026-06-13 17:38:48.051278,2026-06-13 17:38:57.378146,0 days 00:00:09.326868,15,log2,3,4,286,ExtraTreesRegressor,2,False,-0.009744417113153969,-0.0022031902397688726,98.0,-0.0059738036764614205,0.003770613436692548,0.018905389408987498,1.9844674545084815,2.820142020070101,2.872341951492227,98.0,2.846241985781164,0.02609996571106307,0.13086199994070152,1.9844674545084815,874772929493020.6,1111625732364678.4,98.0,993199330928849.5,118426401435828.83,593775329409875.5,1.9844674545084815,8.231340512334498,8.631042876226086,98.0,8.431191694280292,0.19985118194579413,1.002029107986687,1.9844674545084815,2.507077755493941,2.5658386579721704,98.0,2.5364582067330557,0.029380451239114747,0.14730994863648875,1.9844674545084815,99.0,0.3939393939393939,-0.005338186971007838,0.006101063235306599,98.0,0.0003814381321493806,0.005719625103157219,0.02867749284409726,1.9844674545084815,ExtraTreesRegressor,"{'mode': 'original', 'type': 'ExtraTreesRegressor'}",2,"['atd_T6W30', 'density_T6W30']",0.08064972256232764,0.12244570011920095,98.0,0.10154771134076429,0.020897988778436648,0.10477993099911892,1.9844674545084815,3.432247889262063,3.5113537482105976,98.0,3.4718008187363303,0.039552929474267404,0.19831349634004294,1.9844674545084815,completed,9.32032299041748,False,COMPLETE
498,3.014723887214232,2026-06-13 17:38:57.388601,2026-06-13 17:39:00.042797,0 days 00:00:02.654196,17,,1,8,349,ExtraTreesRegressor,11,True,,,,,,,,,,,,,,,,,,,,,,,,,,,,,,,,,,,,,,,,,,,,,ExtraTreesRegressor,"{'mode': 'original', 'type': 'ExtraTreesRegressor'}",11,"['nodes_T6W30', 're_T6W30', 'pe_T6W30', 'l1_T6W30', 'l2_T6W30', 'l3_T6W30', 'lsc_T6W30', 'atd_T6W30', 'density_T6W30', 'diameter_T6W30', 'asp_T6W30']",,,,,,,,,,,,,,,pruned,,True,PRUNED
499,2.9086446990218504,2026-06-13 17:39:00.049382,2026-06-13 17:39:01.447313,0 days 00:00:01.397931,14,,5,2,204,ExtraTreesRegressor,9,True,,,,,,,,,,,,,,,,,,,,,,,,,,,,,,,,,,,,,,,,,,,,,ExtraTreesRegressor,"{'mode': 'original', 'type': 'ExtraTreesRegressor'}",9,"['nodes_T6W30', 're_T6W30', 'l1_T6W30', 'l2_T6W30', 'l3_T6W30', 'lcc_T6W30', 'atd_T6W30', 'density_T6W30', 'asp_T6W30']",,,,,,,,,,,,,,,pruned,,True,PRUNED
