number,value,datetime_start,datetime_complete,duration,params_et_max_depth,params_et_max_features,params_et_min_samples_leaf,params_et_min_samples_split,params_et_n_estimators,params_regressor,params_rfe_n_features,params_use_scaler,user_attrs_d2mae_ci_lower_val,user_attrs_d2mae_ci_upper_val,user_attrs_d2mae_df_val,user_attrs_d2mae_mean_val,user_attrs_d2mae_samperror_val,user_attrs_d2mae_std_val,user_attrs_d2mae_t_critical_val,user_attrs_mae_ci_lower_val,user_attrs_mae_ci_upper_val,user_attrs_mae_df_val,user_attrs_mae_mean_val,user_attrs_mae_samperror_val,user_attrs_mae_std_val,user_attrs_mae_t_critical_val,user_attrs_mape_ci_lower_val,user_attrs_mape_ci_upper_val,user_attrs_mape_df_val,user_attrs_mape_mean_val,user_attrs_mape_samperror_val,user_attrs_mape_std_val,user_attrs_mape_t_critical_val,user_attrs_max_error_ci_lower_val,user_attrs_max_error_ci_upper_val,user_attrs_max_error_df_val,user_attrs_max_error_mean_val,user_attrs_max_error_samperror_val,user_attrs_max_error_std_val,user_attrs_max_error_t_critical_val,user_attrs_median_ae_ci_lower_val,user_attrs_median_ae_ci_upper_val,user_attrs_median_ae_df_val,user_attrs_median_ae_mean_val,user_attrs_median_ae_samperror_val,user_attrs_median_ae_std_val,user_attrs_median_ae_t_critical_val,user_attrs_n_splits_val,user_attrs_r2_below_zero_val,user_attrs_r2_ci_lower_val,user_attrs_r2_ci_upper_val,user_attrs_r2_df_val,user_attrs_r2_mean_val,user_attrs_r2_samperror_val,user_attrs_r2_std_val,user_attrs_r2_t_critical_val,user_attrs_regressor_final,user_attrs_rfe_estimator,user_attrs_rfe_n_features,user_attrs_rfe_selected_features,user_attrs_rho_ci_lower_val,user_attrs_rho_ci_upper_val,user_attrs_rho_df_val,user_attrs_rho_mean_val,user_attrs_rho_samperror_val,user_attrs_rho_std_val,user_attrs_rho_t_critical_val,user_attrs_rmse_ci_lower_val,user_attrs_rmse_ci_upper_val,user_attrs_rmse_df_val,user_attrs_rmse_mean_val,user_attrs_rmse_samperror_val,user_attrs_rmse_std_val,user_attrs_rmse_t_critical_val,user_attrs_termination_reason,user_attrs_trial_time_seconds,user_attrs_use_scaler_final,state
367,2.890794307136013,2026-06-13 17:23:10.991493,2026-06-13 17:23:23.359661,0 days 00:00:12.368168,4,,2,8,376,ExtraTreesRegressor,6,True,-0.028239481622600128,-0.015245882327203322,98.0,-0.021742681974901725,0.006496799647698402,0.03257414988677506,1.9844674545084815,2.860612733757851,2.9209758805141752,98.0,2.890794307136013,0.030181573378161873,0.15132667595609753,1.9844674545084815,853147238279541.4,1082246424390306.9,98.0,967696831334924.1,114549593055382.78,574337491687468.0,1.9844674545084815,8.425212522997732,8.844995771531103,98.0,8.635104147264418,0.20989162426668467,1.0523706439467921,1.9844674545084815,2.510889728275176,2.5970111398800935,98.0,2.5539504340776347,0.04306070580245879,0.21590105299561368,1.9844674545084815,99.0,0.7171717171717171,-0.04992499016564664,-0.026468784232677886,98.0,-0.03819688719916226,0.011728102966484374,0.058803257701372194,1.9844674545084815,ExtraTreesRegressor,"{'mode': 'original', 'type': 'ExtraTreesRegressor'}",6,"['nodes_T6W30', 'l1_T6W30', 'l3_T6W30', 'atd_T6W30', 'density_T6W30', 'asp_T6W30']",0.022753656809369922,0.06873487132465175,98.0,0.04574426406701084,0.02299060725764092,0.11527206123151476,1.9844674545084815,3.4944560443655392,3.5788424280629076,98.0,3.5366492362142234,0.04219319184868421,0.21155144532853212,1.9844674545084815,completed,12.362306118011475,True,COMPLETE
368,2.8451484029629692,2026-06-13 17:23:23.368712,2026-06-13 17:23:35.602369,0 days 00:00:12.233657,6,sqrt,3,9,398,ExtraTreesRegressor,2,True,-0.009327135146267459,-0.0018602746191058051,98.0,-0.005593704882686632,0.0037334302635808267,0.01871895757794955,1.9844674545084815,2.819171798165335,2.8711250077606034,98.0,2.8451484029629692,0.02597660479763426,0.13024348357847648,1.9844674545084815,873315855833936.1,1109646524549494.4,98.0,991481190191715.2,118165334357779.16,592466371370218.9,1.9844674545084815,8.218560427359892,8.616901123551083,98.0,8.417730775455487,0.19917034809559514,0.9986154912696885,1.9844674545084815,2.498715118179531,2.5554426818048874,98.0,2.527078899992209,0.028363781812678266,0.1422124938775482,1.9844674545084815,99.0,0.35353535353535354,-0.0029587046047314736,0.008157057329850805,98.0,0.0025991763625596662,0.00555788096729114,0.027866527751942215,1.9844674545084815,ExtraTreesRegressor,"{'mode': 'original', 'type': 'ExtraTreesRegressor'}",2,"['atd_T6W30', 'density_T6W30']",0.09250814270765191,0.13545212531683767,98.0,0.1139801340122448,0.021471991304592885,0.10765790867063671,1.9844674545084815,3.4285282375397963,3.507399539917477,98.0,3.4679638887286366,0.03943565118884027,0.19772547752229772,1.9844674545084815,completed,12.227356195449829,True,COMPLETE
369,2.8881569634481212,2026-06-13 17:23:35.610800,2026-06-13 17:23:48.386793,0 days 00:00:12.775993,6,sqrt,1,5,399,ExtraTreesRegressor,5,True,-0.02691371347158336,-0.014677100018344621,98.0,-0.020795406744963992,0.006118306726619371,0.03067643319380617,1.9844674545084815,2.8585024624627695,2.917811464433473,98.0,2.8881569634481212,0.02965450098535192,0.14868400016869582,1.9844674545084815,858926219116245.4,1087378139429198.9,98.0,973152179272722.1,114225960156476.8,572714836360396.4,1.9844674545084815,8.42377890845532,8.828656367646397,98.0,8.626217638050859,0.20243872959553808,1.0150027518656068,1.9844674545084815,2.535443533662227,2.6226223343963175,98.0,2.5790329340292724,0.04358940036704504,0.21855186215166594,1.9844674545084815,99.0,0.7070707070707071,-0.051404288954111324,-0.028410179417173307,98.0,-0.039907234185642314,0.011497054768469007,0.05764481061336816,1.9844674545084815,ExtraTreesRegressor,"{'mode': 'original', 'type': 'ExtraTreesRegressor'}",5,"['l1_T6W30', 'lcc_T6W30', 'atd_T6W30', 'density_T6W30', 'asp_T6W30']",0.025134966191852973,0.06969671816384619,98.0,0.04741584217784958,0.02228087598599661,0.11171355641752326,1.9844674545084815,3.4977639409734813,3.5813553301717898,98.0,3.5395596355726355,0.04179569459915409,0.2095584432832309,1.9844674545084815,completed,12.769895792007446,True,COMPLETE
370,2.8851199368341915,2026-06-13 17:23:48.395582,2026-06-13 17:23:54.943908,0 days 00:00:06.548326,18,sqrt,5,12,193,ExtraTreesRegressor,13,False,-0.024628886250112128,-0.014806278437560112,98.0,-0.01971758234383612,0.004911303906276009,0.02462467033891289,1.9844674545084815,2.8572779176842618,2.9129619559841213,98.0,2.8851199368341915,0.02784201914992966,0.13959644041994818,1.9844674545084815,873018141115390.5,1107974033842761.0,98.0,990496087479075.8,117477946363685.28,589019892986371.0,1.9844674545084815,8.323103445563845,8.724966178629085,98.0,8.524034812096465,0.20093136653261917,1.0074450199040397,1.9844674545084815,2.522870278741348,2.603965885695619,98.0,2.5634180822184836,0.040547803477135616,0.20330167154094606,1.9844674545084815,99.0,0.6868686868686869,-0.033840769172058804,-0.017976406255291733,98.0,-0.02590858771367527,0.007932181458383534,0.03977097675253384,1.9844674545084815,ExtraTreesRegressor,"{'mode': 'original', 'type': 'ExtraTreesRegressor'}",13,"['nodes_T6W30', 'edges_T6W30', 're_T6W30', 'pe_T6W30', 'l1_T6W30', 'l2_T6W30', 'l3_T6W30', 'lcc_T6W30', 'lsc_T6W30', 'atd_T6W30', 'density_T6W30', 'diameter_T6W30', 'asp_T6W30']",0.0019848000562951544,0.04732334941897183,98.0,0.02465407473763349,0.022669274681338336,0.11366093943746466,1.9844674545084815,3.476225790535642,3.557161691793467,98.0,3.5166937411645547,0.04046795062891233,0.2029012992364326,1.9844674545084815,completed,6.542288780212402,False,COMPLETE
371,2.943580429538396,2026-06-13 17:23:54.953227,2026-06-13 17:24:08.133037,0 days 00:00:13.179810,13,,2,12,368,ExtraTreesRegressor,5,False,-0.04817054822082443,-0.032186216501666844,98.0,-0.040178382361245636,0.007992165859578794,0.04007173112104744,1.9844674545084815,2.9081884832922147,2.978972375784577,98.0,2.943580429538396,0.03539194624618118,0.1774508410793016,1.9844674545084815,863265171841474.1,1094861776186563.6,98.0,979063474014018.9,115798302172544.72,580598364756229.8,1.9844674545084815,8.709794396287927,9.128620150444027,98.0,8.919207273365977,0.20941287707804912,1.0499702647560916,1.9844674545084815,2.55217957237511,2.656879361529081,98.0,2.6045294669520955,0.052349894576985516,0.26247589659190323,1.9844674545084815,99.0,0.898989898989899,-0.09518943768460258,-0.0663610495958479,98.0,-0.08077524364022524,0.014414194044377337,0.07227098614083728,1.9844674545084815,ExtraTreesRegressor,"{'mode': 'original', 'type': 'ExtraTreesRegressor'}",5,"['l1_T6W30', 'l2_T6W30', 'l3_T6W30', 'atd_T6W30', 'density_T6W30']",-0.0014854759199946985,0.04335914663149609,98.0,0.020936835355750697,0.022422311275745396,0.11242269546711493,1.9844674545084815,3.5622340611170054,3.654234687752409,98.0,3.608234374434707,0.046000313317701616,0.23063988149615597,1.9844674545084815,completed,13.173468828201294,False,COMPLETE
372,2.920309386353361,2026-06-13 17:24:08.141675,2026-06-13 17:24:24.139776,0 days 00:00:15.998101,5,,5,6,471,ExtraTreesRegressor,9,False,-0.03874892196804277,-0.025581442175241866,98.0,-0.03216518207164232,0.006583739896400451,0.033010057540694686,1.9844674545084815,2.8896521364019647,2.950966636304757,98.0,2.920309386353361,0.03065724995139606,0.15371165946096016,1.9844674545084815,866412660791839.0,1098984386016131.2,98.0,982698523403985.1,116285862612146.11,583042932497219.6,1.9844674545084815,8.496197096628178,8.921025795653028,98.0,8.708611446140603,0.2124143495124254,1.0650192763095006,1.9844674545084815,2.5543702952261995,2.644322372312561,98.0,2.5993463337693803,0.04497603854318055,0.22550429446257525,1.9844674545084815,99.0,0.8787878787878788,-0.07151340064910196,-0.048122201911714305,98.0,-0.05981780128040813,0.011695599368693823,0.058640288682208434,1.9844674545084815,ExtraTreesRegressor,"{'mode': 'original', 'type': 'ExtraTreesRegressor'}",9,"['nodes_T6W30', 'l1_T6W30', 'l2_T6W30', 'l3_T6W30', 'lcc_T6W30', 'atd_T6W30', 'density_T6W30', 'diameter_T6W30', 'asp_T6W30']",-0.024596159474355506,0.020408824903112632,98.0,-0.0020936672856214384,0.02250249218873407,0.11282471264778586,1.9844674545084815,3.5316872663112577,3.6143558360622614,98.0,3.5730215511867596,0.04133428487550199,0.2072449919975993,1.9844674545084815,completed,15.991837978363037,False,COMPLETE
373,2.93881756855652,2026-06-13 17:24:24.148677,2026-06-13 17:24:26.042484,0 days 00:00:01.893807,11,,3,4,251,ExtraTreesRegressor,8,False,,,,,,,,,,,,,,,,,,,,,,,,,,,,,,,,,,,,,,,,,,,,,ExtraTreesRegressor,"{'mode': 'original', 'type': 'ExtraTreesRegressor'}",8,"['re_T6W30', 'l1_T6W30', 'l2_T6W30', 'l3_T6W30', 'lsc_T6W30', 'atd_T6W30', 'density_T6W30', 'asp_T6W30']",,,,,,,,,,,,,,,pruned,,False,PRUNED
374,2.8692573231384992,2026-06-13 17:24:26.048345,2026-06-13 17:24:37.832511,0 days 00:00:11.784166,3,sqrt,2,2,391,ExtraTreesRegressor,12,True,-0.01847728822680892,-0.009766384856011707,98.0,-0.014121836541410315,0.004355451685398607,0.021837696053170253,1.9844674545084815,2.8423710319346607,2.896143614342338,98.0,2.8692573231384992,0.02688629120383869,0.13480453870600567,1.9844674545084815,870041043937128.9,1104764853688224.9,98.0,987402948812676.9,117361904875547.98,588438075317265.6,1.9844674545084815,8.1985210875216,8.590336708026888,98.0,8.394428897774244,0.1959078102526444,0.9822575300471653,1.9844674545084815,2.5155679074392348,2.5940255642011367,98.0,2.5547967358201857,0.039228828380950896,0.19668849354410484,1.9844674545084815,99.0,0.5555555555555556,-0.016878620660776656,-0.0032533012222618904,98.0,-0.010065960941519273,0.006812659719257382,0.03415783321889917,1.9844674545084815,ExtraTreesRegressor,"{'mode': 'original', 'type': 'ExtraTreesRegressor'}",12,"['nodes_T6W30', 're_T6W30', 'pe_T6W30', 'l1_T6W30', 'l2_T6W30', 'l3_T6W30', 'lcc_T6W30', 'lsc_T6W30', 'atd_T6W30', 'density_T6W30', 'diameter_T6W30', 'asp_T6W30']",0.05823847642075895,0.10304238238235587,98.0,0.08064042940155741,0.022401952980798456,0.11232062149423572,1.9844674545084815,3.4498270594319314,3.529441080170182,98.0,3.4896340698010566,0.039807010369125456,0.1995874265212521,1.9844674545084815,completed,11.77711009979248,True,COMPLETE
375,3.0719431941974755,2026-06-13 17:24:37.842232,2026-06-13 17:24:39.544514,0 days 00:00:01.702282,15,,1,4,191,ExtraTreesRegressor,11,False,,,,,,,,,,,,,,,,,,,,,,,,,,,,,,,,,,,,,,,,,,,,,ExtraTreesRegressor,"{'mode': 'original', 'type': 'ExtraTreesRegressor'}",11,"['edges_T6W30', 're_T6W30', 'pe_T6W30', 'l1_T6W30', 'l2_T6W30', 'l3_T6W30', 'lsc_T6W30', 'atd_T6W30', 'density_T6W30', 'diameter_T6W30', 'asp_T6W30']",,,,,,,,,,,,,,,pruned,,False,PRUNED
376,2.856259683444297,2026-06-13 17:24:39.550218,2026-06-13 17:24:48.990484,0 days 00:00:09.440266,7,sqrt,2,7,289,ExtraTreesRegressor,3,False,-0.013531756616386312,-0.0054746393209009585,98.0,-0.009503197968643635,0.004028558647742677,0.020198694793631674,1.9844674545084815,2.8296094706379793,2.8829098962506143,98.0,2.856259683444297,0.026650212806317467,0.13362087081983187,1.9844674545084815,867571659407511.9,1102965616064309.4,98.0,985268637735910.6,117696978328398.78,590118092166809.0,1.9844674545084815,8.25118272347512,8.621586067393514,98.0,8.436384395434317,0.18520167195919646,0.9285782768162513,1.9844674545084815,2.5113547187829344,2.576632140907688,98.0,2.5439934298453113,0.03263871106237702,0.1636464603974144,1.9844674545084815,99.0,0.46464646464646464,-0.008556718316768809,0.00388439589937755,98.0,-0.0023361612086956296,0.00622055710807318,0.031189103959732626,1.9844674545084815,ExtraTreesRegressor,"{'mode': 'original', 'type': 'ExtraTreesRegressor'}",3,"['l3_T6W30', 'atd_T6W30', 'density_T6W30']",0.0740946407283312,0.11924453694519731,98.0,0.09666958883676426,0.022574948108433055,0.11318799766755631,1.9844674545084815,3.436870867347652,3.5158618932607566,98.0,3.476366380304204,0.03949551295655255,0.19802561702169535,1.9844674545084815,completed,9.434035062789917,False,COMPLETE
377,2.8874623034629,2026-06-13 17:24:48.999956,2026-06-13 17:24:56.015156,0 days 00:00:07.015200,15,sqrt,5,9,205,ExtraTreesRegressor,12,False,-0.025576028746629592,-0.015547334285837567,98.0,-0.02056168151623358,0.005014347230396012,0.025141316821293738,1.9844674545084815,2.859637757170918,2.9152868497548816,98.0,2.8874623034629,0.0278245462919815,0.13950883367129996,1.9844674545084815,870679632798551.4,1105232425273266.9,98.0,987956029035909.1,117276396237357.72,588009345581385.5,1.9844674545084815,8.337287717749104,8.738882880954092,98.0,8.538085299351598,0.2007975816024946,1.0067742388113807,1.9844674545084815,2.530717038109349,2.609764632224214,98.0,2.5702408351667816,0.03952379705743231,0.1981674300052305,1.9844674545084815,99.0,0.7070707070707071,-0.03645214595516332,-0.02011091949373503,98.0,-0.028281532724449176,0.008170613230714144,0.04096644416892835,1.9844674545084815,ExtraTreesRegressor,"{'mode': 'original', 'type': 'ExtraTreesRegressor'}",12,"['nodes_T6W30', 're_T6W30', 'pe_T6W30', 'l1_T6W30', 'l2_T6W30', 'l3_T6W30', 'lcc_T6W30', 'lsc_T6W30', 'atd_T6W30', 'density_T6W30', 'diameter_T6W30', 'asp_T6W30']",-0.001837338890458541,0.04100112893998863,98.0,0.019581895024765046,0.021419233915223587,0.10739338964555653,1.9844674545084815,3.4804868606456894,3.5606183669061857,98.0,3.5205526137759375,0.04006575313024829,0.20088473072331708,1.9844674545084815,completed,7.00891900062561,False,COMPLETE
378,2.9377802464538036,2026-06-13 17:24:56.024072,2026-06-13 17:24:56.430714,0 days 00:00:00.406642,17,sqrt,1,10,54,ExtraTreesRegressor,13,True,,,,,,,,,,,,,,,,,,,,,,,,,,,,,,,,,,,,,,,,,,,,,ExtraTreesRegressor,"{'mode': 'original', 'type': 'ExtraTreesRegressor'}",13,"['nodes_T6W30', 'edges_T6W30', 're_T6W30', 'pe_T6W30', 'l1_T6W30', 'l2_T6W30', 'l3_T6W30', 'lcc_T6W30', 'lsc_T6W30', 'atd_T6W30', 'density_T6W30', 'diameter_T6W30', 'asp_T6W30']",,,,,,,,,,,,,,,pruned,,True,PRUNED
379,2.8754578300142333,2026-06-13 17:24:56.437238,2026-06-13 17:25:06.781514,0 days 00:00:10.344276,16,sqrt,4,2,318,ExtraTreesRegressor,8,True,-0.02126171732089937,-0.011433832743301712,98.0,-0.01634777503210054,0.004913942288798828,0.024637898862557975,1.9844674545084815,2.8482089633295797,2.902706696698887,98.0,2.8754578300142333,0.027248866684653678,0.13662244732221507,1.9844674545084815,873617909548296.1,1106387550450416.9,98.0,990002729999356.5,116384820451060.34,583539094862085.8,1.9844674545084815,8.312228351294994,8.709685705715675,98.0,8.510957028505334,0.19872867721033965,0.9964010080784094,1.9844674545084815,2.5437128919598466,2.623918946709347,98.0,2.583815919334597,0.04010302737475023,0.2010716191750416,1.9844674545084815,99.0,0.6363636363636364,-0.02998155423618344,-0.013674002344793955,98.0,-0.021827778290488698,0.008153775945694743,0.04088202410433507,1.9844674545084815,ExtraTreesRegressor,"{'mode': 'original', 'type': 'ExtraTreesRegressor'}",8,"['nodes_T6W30', 're_T6W30', 'l1_T6W30', 'lcc_T6W30', 'atd_T6W30', 'density_T6W30', 'diameter_T6W30', 'asp_T6W30']",0.025327222658993103,0.06837931445978745,98.0,0.04685326855939028,0.021526045900397178,0.10792893172833896,1.9844674545084815,3.4695303549047867,3.5494010653206813,98.0,3.509465710112734,0.03993535520794734,0.20023093166896885,1.9844674545084815,completed,10.336638927459717,True,COMPLETE
380,2.847356430226173,2026-06-13 17:25:06.791671,2026-06-13 17:25:19.666817,0 days 00:00:12.875146,20,sqrt,5,4,419,ExtraTreesRegressor,2,False,-0.009721714355188529,-0.003067367823759095,98.0,-0.006394541089473812,0.0033271732657147173,0.016682035237927863,1.9844674545084815,2.8220479684530804,2.8726648919992654,98.0,2.847356430226173,0.025308461773092417,0.1268934970916776,1.9844674545084815,875894988575035.1,1112716151283222.9,98.0,994305569929129.0,118410581354093.92,593696009476739.4,1.9844674545084815,8.188322713218453,8.570639033526485,98.0,8.379480873372469,0.19115816015401618,0.9584433719058931,1.9844674545084815,2.5011448107217884,2.554520556723711,98.0,2.5278326837227496,0.026687873000961027,0.13380969437783077,1.9844674545084815,99.0,0.30303030303030304,0.0013016265098812537,0.010252440898782458,98.0,0.005777033704331856,0.004475407194450602,0.022439138139042237,1.9844674545084815,ExtraTreesRegressor,"{'mode': 'original', 'type': 'ExtraTreesRegressor'}",2,"['atd_T6W30', 'density_T6W30']",0.09838783444299468,0.14182453725552294,98.0,0.1201061858492588,0.02171835140626413,0.1088931277497418,1.9844674545084815,3.4238384989801935,3.5010693601045193,98.0,3.4624539295423564,0.03861543056216309,0.19361299274787924,1.9844674545084815,completed,12.868514776229858,False,COMPLETE
381,2.883935660292805,2026-06-13 17:25:19.675934,2026-06-13 17:25:25.258139,0 days 00:00:05.582205,13,log2,3,4,152,ExtraTreesRegressor,7,True,-0.024728185600368015,-0.013920238214911746,98.0,-0.01932421190763988,0.005403973692728134,0.027094855713070513,1.9844674545084815,2.8556841936652106,2.9121871269203994,98.0,2.883935660292805,0.028251466627594438,0.14164935943107074,1.9844674545084815,874274088301464.0,1108640739967007.2,98.0,991457414134235.6,117183325832771.69,587542702084062.5,1.9844674545084815,8.398375997816055,8.812516387969131,98.0,8.605446192892593,0.20707019507653726,1.038224346951572,1.9844674545084815,2.5589937349481024,2.6397104338596105,98.0,2.5993520844038565,0.040358349455754186,0.20235177251007208,1.9844674545084815,99.0,0.7474747474747475,-0.04141344239593611,-0.02277996845206416,98.0,-0.03209670542400014,0.009316736971935975,0.046712966850842585,1.9844674545084815,ExtraTreesRegressor,"{'mode': 'original', 'type': 'ExtraTreesRegressor'}",7,"['nodes_T6W30', 'l1_T6W30', 'l2_T6W30', 'atd_T6W30', 'density_T6W30', 'diameter_T6W30', 'asp_T6W30']",0.018722620073655244,0.062087070454527465,98.0,0.040404845264091355,0.02168222519043611,0.10871199537179618,1.9844674545084815,3.486469420923867,3.566945310857742,98.0,3.5267073658908044,0.040237944966937236,0.20174807929519,1.9844674545084815,completed,5.574774980545044,True,COMPLETE
382,2.894990050158126,2026-06-13 17:25:25.267841,2026-06-13 17:25:28.314650,0 days 00:00:03.046809,8,,1,4,413,ExtraTreesRegressor,4,False,,,,,,,,,,,,,,,,,,,,,,,,,,,,,,,,,,,,,,,,,,,,,ExtraTreesRegressor,"{'mode': 'original', 'type': 'ExtraTreesRegressor'}",4,"['l3_T6W30', 'atd_T6W30', 'density_T6W30', 'asp_T6W30']",,,,,,,,,,,,,,,pruned,,False,PRUNED
383,2.9729189984458078,2026-06-13 17:25:28.320841,2026-06-13 17:25:31.335888,0 days 00:00:03.015047,9,,2,7,421,ExtraTreesRegressor,10,False,,,,,,,,,,,,,,,,,,,,,,,,,,,,,,,,,,,,,,,,,,,,,ExtraTreesRegressor,"{'mode': 'original', 'type': 'ExtraTreesRegressor'}",10,"['nodes_T6W30', 're_T6W30', 'l1_T6W30', 'l2_T6W30', 'l3_T6W30', 'lsc_T6W30', 'atd_T6W30', 'density_T6W30', 'diameter_T6W30', 'asp_T6W30']",,,,,,,,,,,,,,,pruned,,False,PRUNED
384,2.8513493366307974,2026-06-13 17:25:31.341762,2026-06-13 17:25:39.915305,0 days 00:00:08.573543,9,sqrt,4,3,264,ExtraTreesRegressor,2,True,-0.01126335016945259,-0.004356834369292576,98.0,-0.007810092269372583,0.003453257900080007,0.01731420800004916,1.9844674545084815,2.8259400813936826,2.876758591867912,98.0,2.8513493366307974,0.025409255237114972,0.12739886305380038,1.9844674545084815,874417564100762.9,1110964033091582.4,98.0,992690798596172.6,118273234495409.77,593007369314834.4,1.9844674545084815,8.219124580771497,8.615756774404845,98.0,8.417440677588171,0.19831609681667414,0.994332381013949,1.9844674545084815,2.5163649656689233,2.573475171259879,98.0,2.544920068464401,0.028555102795477766,0.14317175362206006,1.9844674545084815,99.0,0.3838383838383838,-0.005408277762157929,0.004718412502649395,98.0,-0.00034493262975426707,0.005063345132403662,0.025386986241729102,1.9844674545084815,ExtraTreesRegressor,"{'mode': 'original', 'type': 'ExtraTreesRegressor'}",2,"['nodes_T6W30', 'density_T6W30']",0.07768849762194775,0.11909814985928983,98.0,0.0983933237406188,0.02070482611867104,0.10381143731408399,1.9844674545084815,3.434152390796876,3.5118746910288756,98.0,3.4730135409128757,0.03886115011599978,0.19484500019936707,1.9844674545084815,completed,8.567352056503296,True,COMPLETE
