number,value,datetime_start,datetime_complete,duration,params_et_max_depth,params_et_max_features,params_et_min_samples_leaf,params_et_min_samples_split,params_et_n_estimators,params_regressor,params_rfe_n_features,params_use_scaler,user_attrs_d2mae_ci_lower_val,user_attrs_d2mae_ci_upper_val,user_attrs_d2mae_df_val,user_attrs_d2mae_mean_val,user_attrs_d2mae_samperror_val,user_attrs_d2mae_std_val,user_attrs_d2mae_t_critical_val,user_attrs_mae_ci_lower_val,user_attrs_mae_ci_upper_val,user_attrs_mae_df_val,user_attrs_mae_mean_val,user_attrs_mae_samperror_val,user_attrs_mae_std_val,user_attrs_mae_t_critical_val,user_attrs_mape_ci_lower_val,user_attrs_mape_ci_upper_val,user_attrs_mape_df_val,user_attrs_mape_mean_val,user_attrs_mape_samperror_val,user_attrs_mape_std_val,user_attrs_mape_t_critical_val,user_attrs_max_error_ci_lower_val,user_attrs_max_error_ci_upper_val,user_attrs_max_error_df_val,user_attrs_max_error_mean_val,user_attrs_max_error_samperror_val,user_attrs_max_error_std_val,user_attrs_max_error_t_critical_val,user_attrs_median_ae_ci_lower_val,user_attrs_median_ae_ci_upper_val,user_attrs_median_ae_df_val,user_attrs_median_ae_mean_val,user_attrs_median_ae_samperror_val,user_attrs_median_ae_std_val,user_attrs_median_ae_t_critical_val,user_attrs_n_splits_val,user_attrs_r2_below_zero_val,user_attrs_r2_ci_lower_val,user_attrs_r2_ci_upper_val,user_attrs_r2_df_val,user_attrs_r2_mean_val,user_attrs_r2_samperror_val,user_attrs_r2_std_val,user_attrs_r2_t_critical_val,user_attrs_regressor_final,user_attrs_rfe_estimator,user_attrs_rfe_n_features,user_attrs_rfe_selected_features,user_attrs_rho_ci_lower_val,user_attrs_rho_ci_upper_val,user_attrs_rho_df_val,user_attrs_rho_mean_val,user_attrs_rho_samperror_val,user_attrs_rho_std_val,user_attrs_rho_t_critical_val,user_attrs_rmse_ci_lower_val,user_attrs_rmse_ci_upper_val,user_attrs_rmse_df_val,user_attrs_rmse_mean_val,user_attrs_rmse_samperror_val,user_attrs_rmse_std_val,user_attrs_rmse_t_critical_val,user_attrs_termination_reason,user_attrs_trial_time_seconds,user_attrs_use_scaler_final,state
438,2.850565916450688,2026-06-13 17:31:55.335515,2026-06-13 17:32:05.155493,0 days 00:00:09.819978,12,sqrt,3,11,308,ExtraTreesRegressor,2,False,-0.011541999303455936,-0.003645880109847087,98.0,-0.007593939706651512,0.003948059596804425,0.019795082508629977,1.9844674545084815,2.8253629765254464,2.875768856375929,98.0,2.850565916450688,0.025202939925241426,0.126364423597862,1.9844674545084815,888210331629975.9,1125230207582381.4,98.0,1006720269606178.6,118509937976202.77,594194171291220.4,1.9844674545084815,8.163318417863932,8.510667345512056,98.0,8.336992881687994,0.17367446382406138,0.8707822809518929,1.9844674545084815,2.5503436929762127,2.613551736666724,98.0,2.5819477148214682,0.031604021845255445,0.1584586566367292,1.9844674545084815,99.0,0.43434343434343436,-0.005495810053223252,0.005157081917897928,98.0,-0.0001693640676626618,0.00532644598556059,0.02670614137822901,1.9844674545084815,ExtraTreesRegressor,"{'mode': 'original', 'type': 'ExtraTreesRegressor'}",2,"['nodes_T6W30', 'l1_T6W30']",0.04811429992439263,0.09772479995408483,98.0,0.07291954993923873,0.0248052500148461,0.12437045557481168,1.9844674545084815,3.4345769701984787,3.510164249805019,98.0,3.472370610001749,0.03779363980326999,0.1894926355247295,1.9844674545084815,completed,9.813752174377441,False,COMPLETE
439,2.8524963939020638,2026-06-13 17:32:05.164792,2026-06-13 17:32:15.520889,0 days 00:00:10.356097,2,sqrt,5,12,341,ExtraTreesRegressor,3,False,-0.011165389431349282,-0.005220185110268708,98.0,-0.008192787270808995,0.0029726021605402876,0.014904259571171218,1.9844674545084815,2.827238064988576,2.8777547228155513,98.0,2.8524963939020638,0.025258328913487733,0.12664213713422623,1.9844674545084815,878847669904276.5,1116642492861731.5,98.0,997745081383004.0,118897411478727.56,596136915508808.9,1.9844674545084815,8.135107709674317,8.493285383581794,98.0,8.314196546628056,0.17908883695373923,0.8979292781555906,1.9844674545084815,2.5141758408527077,2.566260747096409,98.0,2.5402182939745583,0.02604245312185082,0.13057363893174845,1.9844674545084815,99.0,0.24242424242424243,0.005244247014264699,0.012283899505528764,98.0,0.008764073259896732,0.0035198262456320323,0.017647973451242426,1.9844674545084815,ExtraTreesRegressor,"{'mode': 'original', 'type': 'ExtraTreesRegressor'}",3,"['nodes_T6W30', 'atd_T6W30', 'density_T6W30']",0.13742129831591715,0.18866448589676865,98.0,0.1630428921063429,0.02562159379042576,0.1284635022973296,1.9844674545084815,3.41896910093736,3.4957724529963143,98.0,3.457370776966837,0.03840167602947716,0.1925412539588963,1.9844674545084815,completed,10.35013723373413,False,COMPLETE
440,2.8680030089813715,2026-06-13 17:32:15.529731,2026-06-13 17:32:21.100578,0 days 00:00:05.570847,8,sqrt,4,12,160,ExtraTreesRegressor,8,False,-0.01867945267814156,-0.00871321221169978,98.0,-0.01369633244492067,0.0049831202332208885,0.02498474851972133,1.9844674545084815,2.840516669793476,2.895489348169267,98.0,2.8680030089813715,0.027486339187895874,0.137813105082046,1.9844674545084815,869096510682246.5,1101970955400575.0,98.0,985533733041410.8,116437222359164.23,583801831548068.2,1.9844674545084815,8.307870525834101,8.69316402281574,98.0,8.50051727432492,0.19264674849081986,0.965906969712842,1.9844674545084815,2.5276271827060737,2.607142179178965,98.0,2.5673846809425194,0.03975749823644581,0.19933917881182922,1.9844674545084815,99.0,0.6363636363636364,-0.024711958449799735,-0.008477161323413366,98.0,-0.01659455988660655,0.008117398563193184,0.04069963240775348,1.9844674545084815,ExtraTreesRegressor,"{'mode': 'original', 'type': 'ExtraTreesRegressor'}",8,"['nodes_T6W30', 'l1_T6W30', 'l3_T6W30', 'lcc_T6W30', 'atd_T6W30', 'density_T6W30', 'diameter_T6W30', 'asp_T6W30']",0.031161230784618875,0.07707607119413107,98.0,0.05411865098937497,0.022957420204756093,0.11510566545304042,1.9844674545084815,3.460618656938131,3.540348743306653,98.0,3.500483700122392,0.03986504318426091,0.19987839587864079,1.9844674545084815,completed,5.5631890296936035,False,COMPLETE
441,2.87228059701843,2026-06-13 17:32:21.109974,2026-06-13 17:32:33.034361,0 days 00:00:11.924387,14,sqrt,3,6,352,ExtraTreesRegressor,4,True,-0.020886749983198977,-0.009604045986220198,98.0,-0.015245397984709587,0.005641351998489389,0.028285041178382677,1.9844674545084815,2.8442518314248995,2.900309362611961,98.0,2.87228059701843,0.0280287655935309,0.1405327639907149,1.9844674545084815,864531488239782.0,1095435425961651.5,98.0,979983457100716.8,115451968860934.78,578861892367526.5,1.9844674545084815,8.478695539565374,8.899829270609233,98.0,8.689262405087304,0.21056686552192985,1.0557562200844037,1.9844674545084815,2.555848127849096,2.648219127451081,98.0,2.6020336276500884,0.04618549980099249,0.23156838361886783,1.9844674545084815,99.0,0.7676767676767676,-0.0497606871486821,-0.029001220133797155,98.0,-0.03938095364123963,0.010379733507442474,0.05204270000476218,1.9844674545084815,ExtraTreesRegressor,"{'mode': 'original', 'type': 'ExtraTreesRegressor'}",4,"['nodes_T6W30', 'l1_T6W30', 'atd_T6W30', 'density_T6W30']",0.033407477447233394,0.0735727664020726,98.0,0.053490121924652995,0.020082644477419597,0.10069189551843939,1.9844674545084815,3.497999058999257,3.579758131104626,98.0,3.5388785950519415,0.04087953605268453,0.20496493764490917,1.9844674545084815,completed,11.917823791503906,True,COMPLETE
442,2.9146171061852737,2026-06-13 17:32:33.043482,2026-06-13 17:32:34.946390,0 days 00:00:01.902908,15,sqrt,2,5,320,ExtraTreesRegressor,11,False,,,,,,,,,,,,,,,,,,,,,,,,,,,,,,,,,,,,,,,,,,,,,ExtraTreesRegressor,"{'mode': 'original', 'type': 'ExtraTreesRegressor'}",11,"['nodes_T6W30', 're_T6W30', 'pe_T6W30', 'l1_T6W30', 'l2_T6W30', 'l3_T6W30', 'lcc_T6W30', 'atd_T6W30', 'density_T6W30', 'diameter_T6W30', 'asp_T6W30']",,,,,,,,,,,,,,,pruned,,False,PRUNED
443,2.9990804030731293,2026-06-13 17:32:34.952015,2026-06-13 17:32:45.635807,0 days 00:00:10.683792,19,,2,2,264,ExtraTreesRegressor,4,True,-0.07028414571399365,-0.049597328199838545,98.0,-0.059940736956916096,0.01034340875707755,0.05186057219920396,1.9844674545084815,2.960032292510927,3.0381285136353315,98.0,2.9990804030731293,0.03904811056220211,0.19578239675270703,1.9844674545084815,873514737384880.8,1107641654621443.2,98.0,990578196003162.0,117063458618281.25,586941702696201.6,1.9844674545084815,8.97933381073296,9.363724247347935,98.0,9.171529029040448,0.19219521830748784,0.9636430532204394,1.9844674545084815,2.5627744965857873,2.690545983681566,98.0,2.6266602401336767,0.06388574354788948,0.3203152165380784,1.9844674545084815,99.0,0.9494949494949495,-0.15040427451013652,-0.11377718212817602,98.0,-0.13209072831915628,0.018313546190980256,0.09182185551846384,1.9844674545084815,ExtraTreesRegressor,"{'mode': 'original', 'type': 'ExtraTreesRegressor'}",4,"['l1_T6W30', 'l3_T6W30', 'density_T6W30', 'asp_T6W30']",-0.017823503192423006,0.030055915231699232,98.0,0.006116206019638114,0.02393970921206112,0.12003074104274572,1.9844674545084815,3.6441277378031356,3.737911793924581,98.0,3.6910197658638584,0.04689202806072288,0.23511082892728263,1.9844674545084815,completed,10.676117181777954,True,COMPLETE
444,2.8874932771976263,2026-06-13 17:32:45.645972,2026-06-13 17:32:51.144138,0 days 00:00:05.498166,9,log2,5,6,151,ExtraTreesRegressor,10,True,-0.025533034520366045,-0.015502998650052002,98.0,-0.020518016585209024,0.0050150179351570205,0.025144679652010338,1.9844674545084815,2.8590278726476814,2.915958681747571,98.0,2.8874932771976263,0.028465404549944767,0.1427220177131487,1.9844674545084815,873204259499448.8,1107801269011811.2,98.0,990502764255630.0,117298504756181.28,588120194960308.2,1.9844674545084815,8.362217786436167,8.790187791498168,98.0,8.576202788967167,0.21398500253100122,1.0728943362808097,1.9844674545084815,2.5467314663769094,2.6281840279463116,98.0,2.5874577471616105,0.040726280784701016,0.2041965346863846,1.9844674545084815,99.0,0.696969696969697,-0.03894980926786005,-0.021652101691327662,98.0,-0.030300955479593855,0.008648853788266192,0.04336428317403821,1.9844674545084815,ExtraTreesRegressor,"{'mode': 'original', 'type': 'ExtraTreesRegressor'}",10,"['nodes_T6W30', 're_T6W30', 'pe_T6W30', 'l1_T6W30', 'l2_T6W30', 'lcc_T6W30', 'atd_T6W30', 'density_T6W30', 'diameter_T6W30', 'asp_T6W30']",0.007001742427715209,0.05128257939815109,98.0,0.02914216091293315,0.02214041848521794,0.1110093198808914,1.9844674545084815,3.4828945187283495,3.5654456129011085,98.0,3.524170065814729,0.041275547086379545,0.20695048798783347,1.9844674545084815,completed,5.491569995880127,True,COMPLETE
445,2.939734547039216,2026-06-13 17:32:51.153788,2026-06-13 17:33:05.405326,0 days 00:00:14.251538,17,sqrt,1,11,425,ExtraTreesRegressor,8,False,-0.04555638991098062,-0.03224352225934899,98.0,-0.038899956085164805,0.006656433825815812,0.03337453591174519,1.9844674545084815,2.9074407079234894,2.972028386154943,98.0,2.939734547039216,0.03229383911572682,0.16191731511187257,1.9844674545084815,874253826324636.0,1108219081280554.8,98.0,991236453802595.4,116982627477959.36,586536425356104.4,1.9844674545084815,8.612575026711525,9.045599450349116,98.0,8.82908723853032,0.21651221181879585,1.0855654510757742,1.9844674545084815,2.583908256763815,2.6791688833359717,98.0,2.6315385700498934,0.04763031328607823,0.23881249973352897,1.9844674545084815,99.0,0.9090909090909091,-0.08614702992177331,-0.06197029481526739,98.0,-0.07405866236852035,0.012088367553252957,0.0606095797806523,1.9844674545084815,ExtraTreesRegressor,"{'mode': 'original', 'type': 'ExtraTreesRegressor'}",8,"['nodes_T6W30', 'l1_T6W30', 'l2_T6W30', 'l3_T6W30', 'atd_T6W30', 'density_T6W30', 'diameter_T6W30', 'asp_T6W30']",-0.02837920064320045,0.015588065060537198,98.0,-0.0063955677913316265,0.021983632851868825,0.11022321610707156,1.9844674545084815,3.554133768796404,3.6404544951845934,98.0,3.5972941319904987,0.04316036319409451,0.2164007228313023,1.9844674545084815,completed,14.244647979736328,False,COMPLETE
446,2.924315316922097,2026-06-13 17:33:05.415049,2026-06-13 17:33:22.119170,0 days 00:00:16.704121,4,,2,9,499,ExtraTreesRegressor,12,False,-0.03987177487348334,-0.027412835209123607,98.0,-0.03364230504130347,0.006229469832179865,0.03123379125604682,1.9844674545084815,2.8949429938541007,2.9536876399900933,98.0,2.924315316922097,0.02937232306799615,0.1472691949918206,1.9844674545084815,866000346978876.4,1096794973845553.9,98.0,981397660412215.1,115397313433338.8,578587856813533.8,1.9844674545084815,8.422416951767744,8.874102752508431,98.0,8.648259852138088,0.2258429003703436,1.1323483694212104,1.9844674545084815,2.5103658120945416,2.6000944324385347,98.0,2.555230122266538,0.04486431017199638,0.22494410222841146,1.9844674545084815,99.0,0.898989898989899,-0.07307180107929681,-0.05024588036885965,98.0,-0.061658840724078234,0.011412960355218582,0.05722317162642015,1.9844674545084815,ExtraTreesRegressor,"{'mode': 'original', 'type': 'ExtraTreesRegressor'}",12,"['nodes_T6W30', 'edges_T6W30', 're_T6W30', 'l1_T6W30', 'l2_T6W30', 'l3_T6W30', 'lcc_T6W30', 'lsc_T6W30', 'atd_T6W30', 'density_T6W30', 'diameter_T6W30', 'asp_T6W30']",-0.02477056686601174,0.021616816484418582,98.0,-0.0015768751907965786,0.02319369167521516,0.11629030138304466,1.9844674545084815,3.5351300700138655,3.617217023658826,98.0,3.576173546836346,0.041043476822480385,0.20578691638790078,1.9844674545084815,completed,16.697605848312378,False,COMPLETE
447,2.9447267992293935,2026-06-13 17:33:22.128238,2026-06-13 17:33:23.197033,0 days 00:00:01.068795,8,,3,9,143,ExtraTreesRegressor,8,False,,,,,,,,,,,,,,,,,,,,,,,,,,,,,,,,,,,,,,,,,,,,,ExtraTreesRegressor,"{'mode': 'original', 'type': 'ExtraTreesRegressor'}",8,"['nodes_T6W30', 're_T6W30', 'l1_T6W30', 'l2_T6W30', 'l3_T6W30', 'lcc_T6W30', 'density_T6W30', 'asp_T6W30']",,,,,,,,,,,,,,,pruned,,False,PRUNED
448,2.9118838051612084,2026-06-13 17:33:23.203179,2026-06-13 17:33:25.337431,0 days 00:00:02.134252,12,,4,4,299,ExtraTreesRegressor,8,False,,,,,,,,,,,,,,,,,,,,,,,,,,,,,,,,,,,,,,,,,,,,,ExtraTreesRegressor,"{'mode': 'original', 'type': 'ExtraTreesRegressor'}",8,"['nodes_T6W30', 're_T6W30', 'l1_T6W30', 'l2_T6W30', 'l3_T6W30', 'atd_T6W30', 'density_T6W30', 'asp_T6W30']",,,,,,,,,,,,,,,pruned,,False,PRUNED
449,2.865912942711635,2026-06-13 17:33:25.343310,2026-06-13 17:33:35.084657,0 days 00:00:09.741347,17,sqrt,4,10,305,ExtraTreesRegressor,7,False,-0.018042524335748954,-0.00795588515216243,98.0,-0.01299920474395569,0.005043319591793261,0.025286580657937086,1.9844674545084815,2.8388568033138397,2.8929690821094307,98.0,2.865912942711635,0.02705613939779559,0.13565613654309,1.9844674545084815,870275678728360.1,1102835302526158.1,98.0,986555490627259.1,116279811898899.05,583012594969372.1,1.9844674545084815,8.324693232662039,8.72766591430818,98.0,8.52617957348511,0.20148634082306963,1.010227592355207,1.9844674545084815,2.5402984831132702,2.6218156675005186,98.0,2.5810570753068944,0.040758592193623995,0.20435854009433693,1.9844674545084815,99.0,0.6262626262626263,-0.026695629455478043,-0.010120072609177326,98.0,-0.018407851032327685,0.00828777842315036,0.04155389595240488,1.9844674545084815,ExtraTreesRegressor,"{'mode': 'original', 'type': 'ExtraTreesRegressor'}",7,"['nodes_T6W30', 'l1_T6W30', 'lcc_T6W30', 'atd_T6W30', 'density_T6W30', 'diameter_T6W30', 'asp_T6W30']",0.03997396198574249,0.0825895747084633,98.0,0.061281768347102895,0.02130780636136041,0.10683470567223412,1.9844674545084815,3.4639241908746614,3.542957078191634,98.0,3.5034406345331477,0.03951644365848626,0.19813056097240894,1.9844674545084815,completed,9.735430002212524,False,COMPLETE
450,2.858283460391011,2026-06-13 17:33:35.093116,2026-06-13 17:33:40.789129,0 days 00:00:05.696013,2,sqrt,2,7,179,ExtraTreesRegressor,13,True,-0.013881578838719962,-0.006635236236450985,98.0,-0.010258407537585473,0.0036231713011344886,0.01816613277745571,1.9844674545084815,2.8325434641327636,2.884023456649259,98.0,2.858283460391011,0.025739996258247827,0.12905715762656028,1.9844674545084815,874097379134462.1,1110167289340362.4,98.0,992132334237412.2,118034955102950.17,591812665912266.2,1.9844674545084815,8.150984243487885,8.518371669316872,98.0,8.334677956402379,0.1836937129144939,0.9210175566757342,1.9844674545084815,2.518672963849608,2.590980562089698,98.0,2.554826762969653,0.03615379912004496,0.18127067716024042,1.9844674545084815,99.0,0.42424242424242425,-0.00404663107350015,0.006086244490722553,98.0,0.0010198067086112015,0.005066437782111351,0.02540249240485378,1.9844674545084815,ExtraTreesRegressor,"{'mode': 'original', 'type': 'ExtraTreesRegressor'}",13,"['nodes_T6W30', 'edges_T6W30', 're_T6W30', 'pe_T6W30', 'l1_T6W30', 'l2_T6W30', 'l3_T6W30', 'lcc_T6W30', 'lsc_T6W30', 'atd_T6W30', 'density_T6W30', 'diameter_T6W30', 'asp_T6W30']",0.09099137798410029,0.13732099325543914,98.0,0.11415618561976972,0.023164807635669426,0.11614548038124087,1.9844674545084815,3.431855185705795,3.509391871742199,98.0,3.470623528723997,0.03876834301820212,0.19437967688971433,1.9844674545084815,completed,5.689759016036987,True,COMPLETE
451,2.851641101640651,2026-06-13 17:33:40.799339,2026-06-13 17:33:44.346468,0 days 00:00:03.547129,13,log2,3,8,91,ExtraTreesRegressor,2,False,-0.012221956377576934,-0.0037383589793361545,98.0,-0.007980157678456544,0.00424179869912039,0.021267854036968042,1.9844674545084815,2.8261168225265285,2.8771653807547732,98.0,2.851641101640651,0.02552427911412233,0.12797557854656197,1.9844674545084815,891869107102313.5,1130615845910944.5,98.0,1011242476506629.0,119373369404315.56,598523309679574.8,1.9844674545084815,8.167344598958016,8.509304233266851,98.0,8.338324416112433,0.1709798171544177,0.8572716558335751,1.9844674545084815,2.5409133296060413,2.6062956174122127,98.0,2.573604473509127,0.03269114390308561,0.1639093521756511,1.9844674545084815,99.0,0.45454545454545453,-0.008494496223923145,0.003418452535322987,98.0,-0.002538021844300079,0.005956474379623066,0.029865025821954435,1.9844674545084815,ExtraTreesRegressor,"{'mode': 'original', 'type': 'ExtraTreesRegressor'}",2,"['nodes_T6W30', 'l1_T6W30']",0.04096030642149877,0.09005743935307216,98.0,0.06550887288728546,0.024548566465786698,0.12308347600734225,1.9844674545084815,3.4382965220378034,3.514488165314413,98.0,3.476392343676108,0.03809582163830472,0.19100773787069292,1.9844674545084815,completed,3.5408217906951904,False,COMPLETE
452,2.8659595382266616,2026-06-13 17:33:44.354959,2026-06-13 17:33:59.030507,0 days 00:00:14.675548,13,log2,3,10,451,ExtraTreesRegressor,4,True,-0.018403916061115157,-0.007635058494492288,98.0,-0.013019487277803722,0.005384428783311434,0.02699685995463758,1.9844674545084815,2.838466268860048,2.8934528075932753,98.0,2.8659595382266616,0.027493269366613556,0.13784785214098783,1.9844674545084815,862612628714049.5,1093159912776348.5,98.0,977886270745199.0,115273642031149.56,577967783699066.1,1.9844674545084815,8.431362880261766,8.856301643008877,98.0,8.643832261635321,0.21246938137355606,1.0652951992546775,1.9844674545084815,2.547821370894869,2.639384969549219,98.0,2.593603170222044,0.04578179932717477,0.22954427937422503,1.9844674545084815,99.0,0.7272727272727273,-0.04160768915376565,-0.021967370677386654,98.0,-0.03178752991557615,0.009820159238189496,0.049237063828820295,1.9844674545084815,ExtraTreesRegressor,"{'mode': 'original', 'type': 'ExtraTreesRegressor'}",4,"['nodes_T6W30', 'l1_T6W30', 'atd_T6W30', 'density_T6W30']",0.04106209951810144,0.08109919036705143,98.0,0.06108064494257644,0.020018545424474992,0.10037051079496903,1.9844674545084815,3.485716139583292,3.5662685856329506,98.0,3.5259923626081213,0.04027622302482913,0.2019400007430966,1.9844674545084815,completed,14.669471979141235,True,COMPLETE
453,2.844306653962215,2026-06-13 17:33:59.039546,2026-06-13 17:34:04.528923,0 days 00:00:05.489377,7,log2,3,8,161,ExtraTreesRegressor,3,True,-0.008908960504436694,-0.0017663624264643973,98.0,-0.005337661465450546,0.0035712990389861485,0.017906051670785794,1.9844674545084815,2.8190174643764676,2.8695958435479625,98.0,2.844306653962215,0.025289189585747458,0.12679686872798115,1.9844674545084815,880424155922717.2,1116860565249552.8,98.0,998642360586135.0,118218204663417.81,592731456543507.8,1.9844674545084815,8.186543463125995,8.538799875246285,98.0,8.36267166918614,0.17612820606014537,0.8830850410362409,1.9844674545084815,2.5315861270208195,2.5888814831250855,98.0,2.5602338050729525,0.028647678052133065,0.1436359145088999,1.9844674545084815,99.0,0.3838383838383838,-0.0004043162413454168,0.009483177236625888,98.0,0.004539430497640236,0.004943746738985653,0.02478733468947662,1.9844674545084815,ExtraTreesRegressor,"{'mode': 'original', 'type': 'ExtraTreesRegressor'}",3,"['nodes_T6W30', 'l1_T6W30', 'density_T6W30']",0.08252160068271422,0.12873262099403024,98.0,0.10562711083837223,0.023105510155658003,0.11584817015058223,1.9844674545084815,3.4261499437310987,3.502676925256281,98.0,3.46441343449369,0.03826349076259122,0.19184841012196477,1.9844674545084815,completed,5.482227802276611,True,COMPLETE
454,2.9092444097032466,2026-06-13 17:34:04.537840,2026-06-13 17:34:05.578222,0 days 00:00:01.040382,7,,5,6,146,ExtraTreesRegressor,11,False,,,,,,,,,,,,,,,,,,,,,,,,,,,,,,,,,,,,,,,,,,,,,ExtraTreesRegressor,"{'mode': 'original', 'type': 'ExtraTreesRegressor'}",11,"['nodes_T6W30', 're_T6W30', 'l1_T6W30', 'l2_T6W30', 'l3_T6W30', 'lcc_T6W30', 'lsc_T6W30', 'atd_T6W30', 'density_T6W30', 'diameter_T6W30', 'asp_T6W30']",,,,,,,,,,,,,,,pruned,,False,PRUNED
455,2.9844778937312175,2026-06-13 17:34:05.584640,2026-06-13 17:34:06.510964,0 days 00:00:00.926324,18,,3,7,119,ExtraTreesRegressor,13,True,,,,,,,,,,,,,,,,,,,,,,,,,,,,,,,,,,,,,,,,,,,,,ExtraTreesRegressor,"{'mode': 'original', 'type': 'ExtraTreesRegressor'}",13,"['nodes_T6W30', 'edges_T6W30', 're_T6W30', 'pe_T6W30', 'l1_T6W30', 'l2_T6W30', 'l3_T6W30', 'lcc_T6W30', 'lsc_T6W30', 'atd_T6W30', 'density_T6W30', 'diameter_T6W30', 'asp_T6W30']",,,,,,,,,,,,,,,pruned,,True,PRUNED
