number,value,datetime_start,datetime_complete,duration,params_et_max_depth,params_et_max_features,params_et_min_samples_leaf,params_et_min_samples_split,params_et_n_estimators,params_regressor,params_rfe_n_features,params_use_scaler,user_attrs_d2mae_ci_lower_val,user_attrs_d2mae_ci_upper_val,user_attrs_d2mae_df_val,user_attrs_d2mae_mean_val,user_attrs_d2mae_samperror_val,user_attrs_d2mae_std_val,user_attrs_d2mae_t_critical_val,user_attrs_mae_ci_lower_val,user_attrs_mae_ci_upper_val,user_attrs_mae_df_val,user_attrs_mae_mean_val,user_attrs_mae_samperror_val,user_attrs_mae_std_val,user_attrs_mae_t_critical_val,user_attrs_mape_ci_lower_val,user_attrs_mape_ci_upper_val,user_attrs_mape_df_val,user_attrs_mape_mean_val,user_attrs_mape_samperror_val,user_attrs_mape_std_val,user_attrs_mape_t_critical_val,user_attrs_max_error_ci_lower_val,user_attrs_max_error_ci_upper_val,user_attrs_max_error_df_val,user_attrs_max_error_mean_val,user_attrs_max_error_samperror_val,user_attrs_max_error_std_val,user_attrs_max_error_t_critical_val,user_attrs_median_ae_ci_lower_val,user_attrs_median_ae_ci_upper_val,user_attrs_median_ae_df_val,user_attrs_median_ae_mean_val,user_attrs_median_ae_samperror_val,user_attrs_median_ae_std_val,user_attrs_median_ae_t_critical_val,user_attrs_n_splits_val,user_attrs_r2_below_zero_val,user_attrs_r2_ci_lower_val,user_attrs_r2_ci_upper_val,user_attrs_r2_df_val,user_attrs_r2_mean_val,user_attrs_r2_samperror_val,user_attrs_r2_std_val,user_attrs_r2_t_critical_val,user_attrs_regressor_final,user_attrs_rfe_estimator,user_attrs_rfe_n_features,user_attrs_rfe_selected_features,user_attrs_rho_ci_lower_val,user_attrs_rho_ci_upper_val,user_attrs_rho_df_val,user_attrs_rho_mean_val,user_attrs_rho_samperror_val,user_attrs_rho_std_val,user_attrs_rho_t_critical_val,user_attrs_rmse_ci_lower_val,user_attrs_rmse_ci_upper_val,user_attrs_rmse_df_val,user_attrs_rmse_mean_val,user_attrs_rmse_samperror_val,user_attrs_rmse_std_val,user_attrs_rmse_t_critical_val,user_attrs_termination_reason,user_attrs_trial_time_seconds,user_attrs_use_scaler_final,state
195,2.8906638468888985,2026-06-13 17:01:27.864194,2026-06-13 17:01:38.187459,0 days 00:00:10.323265,15,sqrt,5,12,319,ExtraTreesRegressor,11,False,-0.026881335660927277,-0.016461424993225456,98.0,-0.021671380327076366,0.00520995533385091,0.026122071658525786,1.9844674545084815,2.8622499279872375,2.9190777657905596,98.0,2.8906638468888985,0.028413918901660833,0.14246387504057717,1.9844674545084815,870089888883413.4,1104163533501267.6,98.0,987126711192340.5,117036822308927.16,586808151535571.6,1.9844674545084815,8.366144579021391,8.779777627435482,98.0,8.572961103228437,0.20681652420704608,1.0369524725868389,1.9844674545084815,2.5368114277913048,2.6149912093273846,98.0,2.5759013185593447,0.03908989076803996,0.1959918775372568,1.9844674545084815,99.0,0.7070707070707071,-0.039312982366404035,-0.021662591615519138,98.0,-0.030487786990961586,0.008825195375442447,0.04424843808159891,1.9844674545084815,ExtraTreesRegressor,"{'mode': 'original', 'type': 'ExtraTreesRegressor'}",11,"['nodes_T6W30', 're_T6W30', 'pe_T6W30', 'l1_T6W30', 'l2_T6W30', 'l3_T6W30', 'lcc_T6W30', 'atd_T6W30', 'density_T6W30', 'diameter_T6W30', 'asp_T6W30']",0.0016229602081265955,0.04669784650134824,98.0,0.02416040335473742,0.022537443146610825,0.11299995242772382,1.9844674545084815,3.4834872698393187,3.5651083755436628,98.0,3.5242978226914907,0.040810552852171965,0.20461906440962138,1.9844674545084815,completed,10.317259788513184,False,COMPLETE
196,2.845627264256221,2026-06-13 17:01:38.196174,2026-06-13 17:01:51.472214,0 days 00:00:13.276040,9,log2,3,8,428,ExtraTreesRegressor,2,False,-0.009482101398401435,-0.002043904063673794,98.0,-0.005763002731037615,0.0037190986673638206,0.018647100727099165,1.9844674545084815,2.819664014208835,2.8715905143036067,98.0,2.845627264256221,0.02596325004738599,0.13017652451249362,1.9844674545084815,873620585929894.4,1109969744768842.4,98.0,991795165349368.4,118174579419473.95,592512724966095.2,1.9844674545084815,8.231248479646354,8.633589691425357,98.0,8.432419085535855,0.2011706058895018,1.0086445364494931,1.9844674545084815,2.4976161853121748,2.5576515663828503,98.0,2.5276338758475125,0.030017690535337545,0.15050498765177656,1.9844674545084815,99.0,0.3939393939393939,-0.004599545944188165,0.006632451809265872,98.0,0.001016452932538854,0.005615998876727019,0.02815792376162847,1.9844674545084815,ExtraTreesRegressor,"{'mode': 'original', 'type': 'ExtraTreesRegressor'}",2,"['atd_T6W30', 'density_T6W30']",0.08473993278316133,0.12578822579952514,98.0,0.10526407929134324,0.020524146508181903,0.1029055320941743,1.9844674545084815,3.43126346495537,3.5101129829133453,98.0,3.4706882239343577,0.03942475897898739,0.19767086532928177,1.9844674545084815,completed,13.269654035568237,False,COMPLETE
197,2.926991975749087,2026-06-13 17:01:51.480818,2026-06-13 17:01:52.713719,0 days 00:00:01.232901,11,,5,5,173,ExtraTreesRegressor,12,False,,,,,,,,,,,,,,,,,,,,,,,,,,,,,,,,,,,,,,,,,,,,,ExtraTreesRegressor,"{'mode': 'original', 'type': 'ExtraTreesRegressor'}",12,"['nodes_T6W30', 're_T6W30', 'pe_T6W30', 'l1_T6W30', 'l2_T6W30', 'l3_T6W30', 'lcc_T6W30', 'lsc_T6W30', 'atd_T6W30', 'density_T6W30', 'diameter_T6W30', 'asp_T6W30']",,,,,,,,,,,,,,,pruned,,False,PRUNED
198,2.960922123812121,2026-06-13 17:01:52.719626,2026-06-13 17:01:54.454366,0 days 00:00:01.734740,11,sqrt,1,3,256,ExtraTreesRegressor,10,False,,,,,,,,,,,,,,,,,,,,,,,,,,,,,,,,,,,,,,,,,,,,,ExtraTreesRegressor,"{'mode': 'original', 'type': 'ExtraTreesRegressor'}",10,"['nodes_T6W30', 'pe_T6W30', 'l1_T6W30', 'l2_T6W30', 'l3_T6W30', 'lcc_T6W30', 'atd_T6W30', 'density_T6W30', 'diameter_T6W30', 'asp_T6W30']",,,,,,,,,,,,,,,pruned,,False,PRUNED
199,2.8510340109484966,2026-06-13 17:01:54.460302,2026-06-13 17:02:04.891060,0 days 00:00:10.430758,4,sqrt,4,10,325,ExtraTreesRegressor,5,True,-0.012396062440686306,-0.0029915403010554904,98.0,-0.007693801370870898,0.004702261069815408,0.023576555412044772,1.9844674545084815,2.8240091273207666,2.8780588945762267,98.0,2.8510340109484966,0.027024883627730086,0.13549942397780396,1.9844674545084815,862671804294963.0,1095129714854134.0,98.0,978900759574548.5,116228955279585.55,582757606170257.8,1.9844674545084815,8.263885737339544,8.677773921220131,98.0,8.470829829279838,0.2069440919402942,1.037592081423324,1.9844674545084815,2.5014566492353514,2.57377861836943,98.0,2.5376176338023906,0.03616098456703927,0.18130670410274882,1.9844674545084815,99.0,0.43434343434343436,-0.0143229084902342,0.0014270015777493603,98.0,-0.006447953456242419,0.00787495503399178,0.03948405053859686,1.9844674545084815,ExtraTreesRegressor,"{'mode': 'original', 'type': 'ExtraTreesRegressor'}",5,"['nodes_T6W30', 'lcc_T6W30', 'atd_T6W30', 'density_T6W30', 'asp_T6W30']",0.07404916744915124,0.11861654309830008,98.0,0.09633285527372566,0.022283687824574412,0.11172765462837438,1.9844674545084815,3.4428798152739137,3.523553726725866,98.0,3.48321677099989,0.04033695572597585,0.20224450699501442,1.9844674545084815,completed,10.422478199005127,True,COMPLETE
200,2.861087310878408,2026-06-13 17:02:04.902206,2026-06-13 17:02:18.896288,0 days 00:00:13.994082,6,log2,4,4,458,ExtraTreesRegressor,7,True,-0.016233572511664535,-0.006315636299918812,98.0,-0.011274604405791673,0.004958968105872861,0.024863652740417467,1.9844674545084815,2.8339583910701505,2.888216230686665,98.0,2.861087310878408,0.027128919808257528,0.13602104851941177,1.9844674545084815,868975963676992.8,1101779923439535.8,98.0,985377943558264.2,116401979881271.47,583625130122826.2,1.9844674545084815,8.289846902837327,8.688702016481576,98.0,8.489274459659452,0.19942755682212399,0.999905104012034,1.9844674545084815,2.528509886916856,2.608029451423265,98.0,2.5682696691700606,0.03975978225320467,0.19935063058936303,1.9844674545084815,99.0,0.5959595959595959,-0.02174425040303031,-0.0055535096562411585,98.0,-0.013648880029635735,0.008095370373394577,0.04058918578862642,1.9844674545084815,ExtraTreesRegressor,"{'mode': 'original', 'type': 'ExtraTreesRegressor'}",7,"['nodes_T6W30', 'l1_T6W30', 'lcc_T6W30', 'atd_T6W30', 'density_T6W30', 'diameter_T6W30', 'asp_T6W30']",0.047837737474668386,0.09212038911985049,98.0,0.06997906329725943,0.022141325822591047,0.11101386915825752,1.9844674545084815,3.455641242525552,3.5351392081295887,98.0,3.4953902253275704,0.03974898280201816,0.19929648347682757,1.9844674545084815,completed,13.986841917037964,True,COMPLETE
201,2.869697215793048,2026-06-13 17:02:18.906756,2026-06-13 17:02:32.982429,0 days 00:00:14.075673,4,log2,3,7,458,ExtraTreesRegressor,9,False,-0.019556773031327388,-0.008989612430549375,98.0,-0.014273192730938382,0.005283580300389007,0.02649121813455578,1.9844674545084815,2.841456923396442,2.8979375081896537,98.0,2.869697215793048,0.02824029239660564,0.14159333321896067,1.9844674545084815,861903667253316.6,1093855492744334.4,98.0,977879579998825.5,115975912745508.84,581488882201578.2,1.9844674545084815,8.262836744063442,8.661600667756154,98.0,8.462218705909798,0.19938196184635587,0.999676496442878,1.9844674545084815,2.4932575943513235,2.569323064360457,98.0,2.5312903293558904,0.038032735004566665,0.19069142929190466,1.9844674545084815,99.0,0.5656565656565656,-0.025326515035513347,-0.007662389976865223,98.0,-0.016494452506189285,0.008832062529324062,0.044282869141807846,1.9844674545084815,ExtraTreesRegressor,"{'mode': 'original', 'type': 'ExtraTreesRegressor'}",9,"['nodes_T6W30', 'l1_T6W30', 'l2_T6W30', 'l3_T6W30', 'lcc_T6W30', 'atd_T6W30', 'density_T6W30', 'diameter_T6W30', 'asp_T6W30']",0.049153609093373865,0.09432537067816825,98.0,0.07173948988577106,0.02258588079239719,0.11324281279276009,1.9844674545084815,3.4596210051041916,3.5409192044434206,98.0,3.500270104773806,0.04064909966961457,0.20380955812137003,1.9844674545084815,completed,14.048675060272217,False,COMPLETE
202,2.852445863909452,2026-06-13 17:02:32.991317,2026-06-13 17:02:46.924884,0 days 00:00:13.933567,2,log2,2,6,472,ExtraTreesRegressor,9,True,-0.012305227731616727,-0.004071587070608736,98.0,-0.008188407401112732,0.004116820330503996,0.020641227954484913,1.9844674545084815,2.826072913463778,2.878818814355126,98.0,2.852445863909452,0.02637295044567387,0.13223071163633832,1.9844674545084815,867946843712845.8,1102199271613406.5,98.0,985073057663126.1,117126213950280.4,587256350169047.6,1.9844674545084815,8.162274820956075,8.538636224918974,98.0,8.350455522937525,0.18818070198145076,0.9435147648910364,1.9844674545084815,2.5249551807699544,2.6010460665892716,98.0,2.563000623679613,0.03804544290965865,0.19075514515627798,1.9844674545084815,99.0,0.3838383838383838,-0.0038706082143731674,0.008449010032720472,98.0,0.0022892009091736525,0.00615980912354682,0.030884521078839544,1.9844674545084815,ExtraTreesRegressor,"{'mode': 'original', 'type': 'ExtraTreesRegressor'}",9,"['nodes_T6W30', 're_T6W30', 'l1_T6W30', 'l3_T6W30', 'lcc_T6W30', 'atd_T6W30', 'density_T6W30', 'diameter_T6W30', 'asp_T6W30']",0.10866526905502283,0.15687363601088178,98.0,0.1327694525329523,0.024104183477929482,0.12085539466906023,1.9844674545084815,3.4289878654880495,3.5076304862511467,98.0,3.468309175869598,0.03932131038154884,0.19715218685660735,1.9844674545084815,completed,13.927306175231934,True,COMPLETE
203,2.9225970976272224,2026-06-13 17:02:46.934062,2026-06-13 17:02:48.888414,0 days 00:00:01.954352,20,,2,8,259,ExtraTreesRegressor,5,False,,,,,,,,,,,,,,,,,,,,,,,,,,,,,,,,,,,,,,,,,,,,,ExtraTreesRegressor,"{'mode': 'original', 'type': 'ExtraTreesRegressor'}",5,"['l1_T6W30', 'l2_T6W30', 'l3_T6W30', 'density_T6W30', 'asp_T6W30']",,,,,,,,,,,,,,,pruned,,False,PRUNED
204,2.847375228636465,2026-06-13 17:02:48.894480,2026-06-13 17:02:57.971893,0 days 00:00:09.077413,4,log2,4,11,286,ExtraTreesRegressor,2,True,-0.009738523977517868,-0.0030099684600349364,98.0,-0.006374246218776402,0.003364277758741465,0.01686807257675118,1.9844674545084815,2.821696640380127,2.873053816892803,98.0,2.847375228636465,0.02567858825633774,0.12874926550013843,1.9844674545084815,874912152229301.1,1111816493064584.4,98.0,993364322646942.8,118452170417641.66,593904531897487.6,1.9844674545084815,8.176217375837973,8.556031683663273,98.0,8.366124529750623,0.18990715391264945,0.9521709813404848,1.9844674545084815,2.5029077579928463,2.5602259148602617,98.0,2.531566836426554,0.028659078433707588,0.1436930746120757,1.9844674545084815,99.0,0.2727272727272727,0.0021298157893005105,0.011422081430946843,98.0,0.006775948610123677,0.004646132820823166,0.023295135313734793,1.9844674545084815,ExtraTreesRegressor,"{'mode': 'original', 'type': 'ExtraTreesRegressor'}",2,"['atd_T6W30', 'density_T6W30']",0.11061113402446027,0.15678534527645827,98.0,0.13369823965045927,0.023087105625999,0.11575589211520823,1.9844674545084815,3.421800927978539,3.499783875710135,98.0,3.460792401844337,0.03899147386579779,0.19549842736195946,1.9844674545084815,completed,9.07127594947815,True,COMPLETE
205,2.9140177796224753,2026-06-13 17:02:57.980795,2026-06-13 17:02:58.936458,0 days 00:00:00.955663,19,,4,11,124,ExtraTreesRegressor,8,False,,,,,,,,,,,,,,,,,,,,,,,,,,,,,,,,,,,,,,,,,,,,,ExtraTreesRegressor,"{'mode': 'original', 'type': 'ExtraTreesRegressor'}",8,"['nodes_T6W30', 're_T6W30', 'l1_T6W30', 'l2_T6W30', 'l3_T6W30', 'atd_T6W30', 'density_T6W30', 'asp_T6W30']",,,,,,,,,,,,,,,pruned,,False,PRUNED
206,2.861001147415089,2026-06-13 17:02:58.942071,2026-06-13 17:03:12.184177,0 days 00:00:13.242106,10,log2,4,2,413,ExtraTreesRegressor,5,False,-0.016322352809720088,-0.006272486328215202,98.0,-0.011297419568967645,0.005024933240752443,0.025194393767906297,1.9844674545084815,2.834459367117596,2.8875429277125817,98.0,2.861001147415089,0.026541780297492674,0.13307720363189432,1.9844674545084815,866464474705669.9,1097439600015476.9,98.0,981952037360573.4,115487562654903.48,579040355248121.2,1.9844674545084815,8.36077892205845,8.769093349580785,98.0,8.564936135819618,0.20415721376116783,1.0236190189239738,1.9844674545084815,2.540741447975187,2.6219003497716735,98.0,2.58132089887343,0.04057945089824343,0.20346034779611744,1.9844674545084815,99.0,0.6666666666666666,-0.031706446648189404,-0.014739075944774329,98.0,-0.023222761296481865,0.008483685351707536,0.04253614906174002,1.9844674545084815,ExtraTreesRegressor,"{'mode': 'original', 'type': 'ExtraTreesRegressor'}",5,"['nodes_T6W30', 'l1_T6W30', 'lcc_T6W30', 'atd_T6W30', 'density_T6W30']",0.037723888487617235,0.07791608811378578,98.0,0.05781998830070151,0.020096099813084276,0.10075935890725937,1.9844674545084815,3.4722481321617917,3.5509174000239088,98.0,3.5115827660928502,0.03933463393105864,0.19721898948594652,1.9844674545084815,completed,13.236135005950928,False,COMPLETE
207,2.924241342588094,2026-06-13 17:03:12.192779,2026-06-13 17:03:13.194084,0 days 00:00:01.001305,18,,5,11,142,ExtraTreesRegressor,11,True,,,,,,,,,,,,,,,,,,,,,,,,,,,,,,,,,,,,,,,,,,,,,ExtraTreesRegressor,"{'mode': 'original', 'type': 'ExtraTreesRegressor'}",11,"['nodes_T6W30', 're_T6W30', 'l1_T6W30', 'l2_T6W30', 'l3_T6W30', 'lcc_T6W30', 'lsc_T6W30', 'atd_T6W30', 'density_T6W30', 'diameter_T6W30', 'asp_T6W30']",,,,,,,,,,,,,,,pruned,,True,PRUNED
208,2.9659920951150105,2026-06-13 17:03:13.199955,2026-06-13 17:03:23.442746,0 days 00:00:10.242791,19,,3,7,259,ExtraTreesRegressor,6,False,-0.056287221487844506,-0.04007196848104896,98.0,-0.04817959498444673,0.008107626503397776,0.04065063650858167,1.9844674545084815,2.930947270958825,3.001036919271196,98.0,2.9659920951150105,0.03504482415618543,0.17571041385333072,1.9844674545084815,881217640787647.2,1116471076754312.5,98.0,998844358770979.9,117626717983332.66,589765815486691.4,1.9844674545084815,8.76816001124561,9.162724670807163,98.0,8.965442341026387,0.1972823297807765,0.9891492009558622,1.9844674545084815,2.5955058427330964,2.7090461739162133,98.0,2.652276008324655,0.05677016559155851,0.2846385887444737,1.9844674545084815,99.0,0.9393939393939394,-0.11210790791470153,-0.08363692560208623,98.0,-0.09787241675839388,0.014235491156307654,0.07137499196265085,1.9844674545084815,ExtraTreesRegressor,"{'mode': 'original', 'type': 'ExtraTreesRegressor'}",6,"['l1_T6W30', 'l2_T6W30', 'l3_T6W30', 'atd_T6W30', 'density_T6W30', 'asp_T6W30']",-0.021562968797981464,0.023794296878616405,98.0,0.0011156640403174698,0.022678632838298934,0.11370786007901569,1.9844674545084815,3.5918843459724457,3.680613141581839,98.0,3.6362487437771422,0.04436439780469641,0.22243760344967034,1.9844674545084815,completed,10.2365140914917,False,COMPLETE
209,2.939465591825189,2026-06-13 17:03:23.451892,2026-06-13 17:03:29.167728,0 days 00:00:05.715836,11,,4,5,141,ExtraTreesRegressor,6,False,-0.04627588477824446,-0.03145166847607547,98.0,-0.038863776627159966,0.007412108151084489,0.03716339351421257,1.9844674545084815,2.9064866291408937,2.9724445545094844,98.0,2.939465591825189,0.0329789626842955,0.1653524399462092,1.9844674545084815,873729946014663.4,1107297883446370.4,98.0,990513914730516.9,116783968715853.45,585540374893712.2,1.9844674545084815,8.665587368026614,9.073439377926285,98.0,8.86951337297645,0.2039260049498357,1.0224597665406647,1.9844674545084815,2.6052355853721356,2.707902599405172,98.0,2.656569092388654,0.05133350701651811,0.2573798550740694,1.9844674545084815,99.0,0.898989898989899,-0.08917323858906127,-0.06320572736849299,98.0,-0.07618948297877713,0.012983755610284147,0.06509894475389648,1.9844674545084815,ExtraTreesRegressor,"{'mode': 'original', 'type': 'ExtraTreesRegressor'}",6,"['l1_T6W30', 'l2_T6W30', 'l3_T6W30', 'atd_T6W30', 'density_T6W30', 'asp_T6W30']",-0.016008644822036688,0.03067202401421557,98.0,0.007331689596089441,0.023340334418126128,0.1170255499587156,1.9844674545084815,3.5571660840270667,3.6437492197753203,98.0,3.6004576519011935,0.043291567874126684,0.21705856686913225,1.9844674545084815,completed,5.709154844284058,False,COMPLETE
210,2.8881942468635624,2026-06-13 17:03:29.175961,2026-06-13 17:03:29.901609,0 days 00:00:00.725648,15,log2,2,10,121,ExtraTreesRegressor,13,True,,,,,,,,,,,,,,,,,,,,,,,,,,,,,,,,,,,,,,,,,,,,,ExtraTreesRegressor,"{'mode': 'original', 'type': 'ExtraTreesRegressor'}",13,"['nodes_T6W30', 'edges_T6W30', 're_T6W30', 'pe_T6W30', 'l1_T6W30', 'l2_T6W30', 'l3_T6W30', 'lcc_T6W30', 'lsc_T6W30', 'atd_T6W30', 'density_T6W30', 'diameter_T6W30', 'asp_T6W30']",,,,,,,,,,,,,,,pruned,,True,PRUNED
211,2.9235774809603536,2026-06-13 17:03:29.907909,2026-06-13 17:03:30.778628,0 days 00:00:00.870719,18,log2,1,9,133,ExtraTreesRegressor,12,False,,,,,,,,,,,,,,,,,,,,,,,,,,,,,,,,,,,,,,,,,,,,,ExtraTreesRegressor,"{'mode': 'original', 'type': 'ExtraTreesRegressor'}",12,"['nodes_T6W30', 'edges_T6W30', 'pe_T6W30', 'l1_T6W30', 'l2_T6W30', 'l3_T6W30', 'lcc_T6W30', 'lsc_T6W30', 'atd_T6W30', 'density_T6W30', 'diameter_T6W30', 'asp_T6W30']",,,,,,,,,,,,,,,pruned,,False,PRUNED
212,2.939566133578076,2026-06-13 17:03:30.785510,2026-06-13 17:03:48.023563,0 days 00:00:17.238053,9,,4,12,486,ExtraTreesRegressor,7,True,-0.045867437130312286,-0.03194200526260407,98.0,-0.03890472119645818,0.0069627159338541056,0.03491019651941243,1.9844674545084815,2.907432599640908,2.9716996675152436,98.0,2.939566133578076,0.03213353393716759,0.1611135647736788,1.9844674545084815,870808801083718.8,1104379331556057.0,98.0,987594066319887.9,116785265236169.1,585546875486216.8,1.9844674545084815,8.664524200211286,9.09321789432828,98.0,8.878871047269783,0.21434684705849616,1.074708579987479,1.9844674545084815,2.6117206210717847,2.706695285200649,98.0,2.659207953136217,0.04748733206443236,0.23809560957261156,1.9844674545084815,99.0,0.9191919191919192,-0.0908725052421867,-0.06555230510627581,98.0,-0.07821240517423125,0.012660100067955435,0.06347617589550389,1.9844674545084815,ExtraTreesRegressor,"{'mode': 'original', 'type': 'ExtraTreesRegressor'}",7,"['nodes_T6W30', 'l1_T6W30', 'l2_T6W30', 'l3_T6W30', 'atd_T6W30', 'density_T6W30', 'asp_T6W30']",-0.02987737450117805,0.015059724231809742,98.0,-0.0074088251346841535,0.022468549366493895,0.11265452753523997,1.9844674545084815,3.5609223557615355,3.6469021533168053,98.0,3.6039122545391704,0.04298989877763496,0.2155460353308062,1.9844674545084815,completed,17.23135018348694,True,COMPLETE
213,2.887522920255303,2026-06-13 17:03:48.032091,2026-06-13 17:03:57.905071,0 days 00:00:09.872980,12,log2,5,9,302,ExtraTreesRegressor,12,True,-0.025524377940947487,-0.015614555790076388,98.0,-0.020569466865511938,0.004954911075435549,0.02484331129159242,1.9844674545084815,2.859629329499062,2.9154165110115446,98.0,2.887522920255303,0.027893590756241284,0.13985501407543896,1.9844674545084815,870655786880537.5,1105351343824592.8,98.0,988003565352565.1,117347778472027.62,588367247277217.2,1.9844674545084815,8.335041223369153,8.739469391716444,98.0,8.537255307542798,0.2022140841736447,1.013876407505161,1.9844674545084815,2.5311975081422546,2.611631337179382,98.0,2.571414422660818,0.040216914518563435,0.2016426352281628,1.9844674545084815,99.0,0.7070707070707071,-0.03607615972055616,-0.01980555292573228,98.0,-0.02794085632314422,0.00813530339741194,0.04078940503199413,1.9844674545084815,ExtraTreesRegressor,"{'mode': 'original', 'type': 'ExtraTreesRegressor'}",12,"['nodes_T6W30', 're_T6W30', 'pe_T6W30', 'l1_T6W30', 'l2_T6W30', 'l3_T6W30', 'lcc_T6W30', 'lsc_T6W30', 'atd_T6W30', 'density_T6W30', 'diameter_T6W30', 'asp_T6W30']",0.0017463979346260643,0.044782002834401716,98.0,0.023264200384513888,0.021517802449887824,0.1078876000870637,1.9844674545084815,3.4798452526695396,3.5601789347185777,98.0,3.5200120936940587,0.04016684102451908,0.20139157292228835,1.9844674545084815,completed,9.866767883300781,True,COMPLETE
214,2.9074416202320275,2026-06-13 17:03:57.914427,2026-06-13 17:04:00.261385,0 days 00:00:02.346958,7,,5,7,370,ExtraTreesRegressor,11,True,,,,,,,,,,,,,,,,,,,,,,,,,,,,,,,,,,,,,,,,,,,,,ExtraTreesRegressor,"{'mode': 'original', 'type': 'ExtraTreesRegressor'}",11,"['nodes_T6W30', 're_T6W30', 'l1_T6W30', 'l2_T6W30', 'l3_T6W30', 'lcc_T6W30', 'lsc_T6W30', 'atd_T6W30', 'density_T6W30', 'diameter_T6W30', 'asp_T6W30']",,,,,,,,,,,,,,,pruned,,True,PRUNED
