number,value,datetime_start,datetime_complete,duration,params_et_max_depth,params_et_max_features,params_et_min_samples_leaf,params_et_min_samples_split,params_et_n_estimators,params_regressor,params_rfe_n_features,params_use_scaler,user_attrs_d2mae_ci_lower_val,user_attrs_d2mae_ci_upper_val,user_attrs_d2mae_df_val,user_attrs_d2mae_mean_val,user_attrs_d2mae_samperror_val,user_attrs_d2mae_std_val,user_attrs_d2mae_t_critical_val,user_attrs_mae_ci_lower_val,user_attrs_mae_ci_upper_val,user_attrs_mae_df_val,user_attrs_mae_mean_val,user_attrs_mae_samperror_val,user_attrs_mae_std_val,user_attrs_mae_t_critical_val,user_attrs_mape_ci_lower_val,user_attrs_mape_ci_upper_val,user_attrs_mape_df_val,user_attrs_mape_mean_val,user_attrs_mape_samperror_val,user_attrs_mape_std_val,user_attrs_mape_t_critical_val,user_attrs_max_error_ci_lower_val,user_attrs_max_error_ci_upper_val,user_attrs_max_error_df_val,user_attrs_max_error_mean_val,user_attrs_max_error_samperror_val,user_attrs_max_error_std_val,user_attrs_max_error_t_critical_val,user_attrs_median_ae_ci_lower_val,user_attrs_median_ae_ci_upper_val,user_attrs_median_ae_df_val,user_attrs_median_ae_mean_val,user_attrs_median_ae_samperror_val,user_attrs_median_ae_std_val,user_attrs_median_ae_t_critical_val,user_attrs_n_splits_val,user_attrs_r2_below_zero_val,user_attrs_r2_ci_lower_val,user_attrs_r2_ci_upper_val,user_attrs_r2_df_val,user_attrs_r2_mean_val,user_attrs_r2_samperror_val,user_attrs_r2_std_val,user_attrs_r2_t_critical_val,user_attrs_regressor_final,user_attrs_rfe_estimator,user_attrs_rfe_n_features,user_attrs_rfe_selected_features,user_attrs_rho_ci_lower_val,user_attrs_rho_ci_upper_val,user_attrs_rho_df_val,user_attrs_rho_mean_val,user_attrs_rho_samperror_val,user_attrs_rho_std_val,user_attrs_rho_t_critical_val,user_attrs_rmse_ci_lower_val,user_attrs_rmse_ci_upper_val,user_attrs_rmse_df_val,user_attrs_rmse_mean_val,user_attrs_rmse_samperror_val,user_attrs_rmse_std_val,user_attrs_rmse_t_critical_val,user_attrs_termination_reason,user_attrs_trial_time_seconds,user_attrs_use_scaler_final,state
215,2.994401635672911,2026-06-13 17:04:00.267356,2026-06-13 17:04:03.319251,0 days 00:00:03.051895,17,,2,3,371,ExtraTreesRegressor,10,True,,,,,,,,,,,,,,,,,,,,,,,,,,,,,,,,,,,,,,,,,,,,,ExtraTreesRegressor,"{'mode': 'original', 'type': 'ExtraTreesRegressor'}",10,"['re_T6W30', 'pe_T6W30', 'l1_T6W30', 'l2_T6W30', 'l3_T6W30', 'lsc_T6W30', 'atd_T6W30', 'density_T6W30', 'diameter_T6W30', 'asp_T6W30']",,,,,,,,,,,,,,,pruned,,True,PRUNED
216,2.911842972301039,2026-06-13 17:04:03.326112,2026-06-13 17:04:11.165058,0 days 00:00:07.838946,17,,5,7,208,ExtraTreesRegressor,5,True,-0.036094541264814796,-0.022406456190111106,98.0,-0.02925049872746295,0.006844042537351847,0.03431518278728868,1.9844674545084815,2.881822754352218,2.9418631902498595,98.0,2.911842972301039,0.030020217948820854,0.15051765979038256,1.9844674545084815,874101340961289.5,1105896260220458.2,98.0,989998800590873.9,115897459629584.39,581095527981687.4,1.9844674545084815,8.50376890291646,8.923168852289946,98.0,8.713468877603203,0.20969997468674334,1.0514097366568531,1.9844674545084815,2.61647359296307,2.719662053788494,98.0,2.668067823375782,0.05159423041271217,0.2586870899354097,1.9844674545084815,99.0,0.8484848484848485,-0.07151010068029702,-0.04777940090949805,98.0,-0.05964475079489754,0.011865349885399485,0.05949139677763611,1.9844674545084815,ExtraTreesRegressor,"{'mode': 'original', 'type': 'ExtraTreesRegressor'}",5,"['l1_T6W30', 'lcc_T6W30', 'atd_T6W30', 'density_T6W30', 'asp_T6W30']",0.009323056108550498,0.051460303213615506,98.0,0.030391679661083002,0.021068623552532504,0.10563547265173298,1.9844674545084815,3.5319332811383766,3.612969553750091,98.0,3.572451417444234,0.040518136305857384,0.20315292401349594,1.9844674545084815,completed,7.832921266555786,True,COMPLETE
217,2.9504118523094656,2026-06-13 17:04:11.174105,2026-06-13 17:04:16.578964,0 days 00:00:05.404859,18,,5,4,128,ExtraTreesRegressor,8,True,-0.04915719780733585,-0.03642894533094694,98.0,-0.042793071569141396,0.006364126238194452,0.031908941821031156,1.9844674545084815,2.9198630173131734,2.9809606873057577,98.0,2.9504118523094656,0.03054883499629204,0.15316808028520745,1.9844674545084815,876361455311489.4,1109560180639893.4,98.0,992960817975691.4,116599362664201.97,584614782983450.5,1.9844674545084815,8.553008764351599,8.993553135187732,98.0,8.773280949769665,0.22027218541806642,1.1044174936559001,1.9844674545084815,2.6125919897401593,2.7108596217031344,98.0,2.661725805721647,0.04913381598148764,0.24635087628986724,1.9844674545084815,99.0,0.9696969696969697,-0.09461063976925657,-0.07134986653568795,98.0,-0.08298025315247226,0.011630386616784304,0.05831332000987416,1.9844674545084815,ExtraTreesRegressor,"{'mode': 'original', 'type': 'ExtraTreesRegressor'}",8,"['nodes_T6W30', 're_T6W30', 'l1_T6W30', 'l2_T6W30', 'lcc_T6W30', 'atd_T6W30', 'density_T6W30', 'asp_T6W30']",-0.033560017762285385,0.005354159944481575,98.0,-0.014102928908901904,0.01945708885338348,0.09755543699041837,1.9844674545084815,3.570407458887984,3.653402350252783,98.0,3.6119049045703835,0.04149744568239961,0.20806306010308767,1.9844674545084815,completed,5.398471117019653,True,COMPLETE
218,2.8798114513870607,2026-06-13 17:04:16.587282,2026-06-13 17:04:19.426341,0 days 00:00:02.839059,7,sqrt,5,9,64,ExtraTreesRegressor,9,True,-0.02291852739651035,-0.012754248483062659,98.0,-0.017836387939786504,0.0050821394567238465,0.02548121865932308,1.9844674545084815,2.851637198124281,2.9079857046498403,98.0,2.8798114513870607,0.02817425326277967,0.1412622211699071,1.9844674545084815,870110356414487.2,1102155020943267.0,98.0,986132688678877.1,116022332264389.86,581721623927920.0,1.9844674545084815,8.317938464531249,8.746432999926974,98.0,8.532185732229111,0.21424726769786195,1.0742093013895808,1.9844674545084815,2.533788630741672,2.6175001189488847,98.0,2.5756443748452784,0.04185574410360642,0.20985952407142328,1.9844674545084815,99.0,0.6565656565656566,-0.03390749671578587,-0.016256517293198457,98.0,-0.025082007004492163,0.008825489711293709,0.04424991384515266,1.9844674545084815,ExtraTreesRegressor,"{'mode': 'original', 'type': 'ExtraTreesRegressor'}",9,"['nodes_T6W30', 're_T6W30', 'l1_T6W30', 'l2_T6W30', 'lcc_T6W30', 'atd_T6W30', 'density_T6W30', 'diameter_T6W30', 'asp_T6W30']",0.02646969983529349,0.07047537965692616,98.0,0.04847253974610982,0.022002839910816332,0.1103195179250385,1.9844674545084815,3.474273628990856,3.5557594715349374,98.0,3.5150165502628967,0.04074292127204062,0.204279968031752,1.9844674545084815,completed,2.8318827152252197,True,COMPLETE
219,2.876070129120276,2026-06-13 17:04:19.436121,2026-06-13 17:04:31.109101,0 days 00:00:11.672980,12,log2,3,3,352,ExtraTreesRegressor,6,False,-0.02185766723680778,-0.011189579335330553,98.0,-0.016523623286069166,0.005334043950738613,0.02674423663588885,1.9844674545084815,2.8477747859375526,2.9043654723029997,98.0,2.876070129120276,0.028295343182723615,0.14186935105168344,1.9844674545084815,869516972030864.0,1103229342868513.5,98.0,986373157449688.8,116856185418824.73,585902460510397.1,1.9844674545084815,8.370400440650204,8.795683939810562,98.0,8.583042190230383,0.21264174958017915,1.0661594321235863,1.9844674545084815,2.548954914150038,2.6275811641534736,98.0,2.588268039151756,0.03931312500171769,0.19711114637453023,1.9844674545084815,99.0,0.6767676767676768,-0.03719706071400491,-0.01895612249189465,98.0,-0.02807659160294978,0.009120469111055131,0.04572890407147794,1.9844674545084815,ExtraTreesRegressor,"{'mode': 'original', 'type': 'ExtraTreesRegressor'}",6,"['nodes_T6W30', 'l1_T6W30', 'l2_T6W30', 'atd_T6W30', 'density_T6W30', 'asp_T6W30']",0.023966983124797878,0.06554869200531062,98.0,0.04475783756505425,0.02079085444025637,0.10424277267823069,1.9844674545084815,3.479539975016431,3.5603809607195034,98.0,3.5199604678679672,0.04042049285153612,0.20266335181041129,1.9844674545084815,completed,11.666344165802002,False,COMPLETE
220,2.854378211643662,2026-06-13 17:04:31.118026,2026-06-13 17:04:38.638705,0 days 00:00:07.520679,2,log2,5,10,240,ExtraTreesRegressor,12,True,-0.01249629823645222,-0.005253868626009106,98.0,-0.008875083431230663,0.0036212148052215576,0.018156323148934495,1.9844674545084815,2.8286345917575257,2.880121831529798,98.0,2.854378211643662,0.02574361988613621,0.12907532604860972,1.9844674545084815,873529794137841.2,1109534851575656.5,98.0,991532322856748.9,118002528718907.56,591650084033284.6,1.9844674545084815,8.153091365638527,8.526262857740605,98.0,8.339677111689566,0.18658574605103914,0.9355178531256513,1.9844674545084815,2.528626698164564,2.598072735293677,98.0,2.5633497167291206,0.03472301856455682,0.17409692041894012,1.9844674545084815,99.0,0.36363636363636365,-0.0007054099822142706,0.009132546648819065,98.0,0.004213568333302397,0.0049189783155166675,0.02466314887764792,1.9844674545084815,ExtraTreesRegressor,"{'mode': 'original', 'type': 'ExtraTreesRegressor'}",12,"['nodes_T6W30', 're_T6W30', 'pe_T6W30', 'l1_T6W30', 'l2_T6W30', 'l3_T6W30', 'lcc_T6W30', 'lsc_T6W30', 'atd_T6W30', 'density_T6W30', 'diameter_T6W30', 'asp_T6W30']",0.09738274529744931,0.14439786800962143,98.0,0.12089030665353537,0.023507561356086053,0.11786400514243715,1.9844674545084815,3.4263565330234695,3.503872369157213,98.0,3.4651144510903413,0.03875791806687161,0.19432740747313737,1.9844674545084815,completed,7.513736963272095,True,COMPLETE
221,2.944723143037945,2026-06-13 17:04:38.647565,2026-06-13 17:04:41.477504,0 days 00:00:02.829939,20,,2,9,58,ExtraTreesRegressor,3,False,-0.04885096163723619,-0.032436940938980696,98.0,-0.040643951288108444,0.008207010349127745,0.04114893481893189,1.9844674545084815,2.90943388444487,2.9800124016310194,98.0,2.944723143037945,0.03528925859307474,0.1769359778873921,1.9844674545084815,852319631559118.6,1085386752639105.1,98.0,968853192099111.9,116533560539993.22,584284859271303.5,1.9844674545084815,8.854809609140986,9.265670982024975,98.0,9.06024029558298,0.20543068644199444,1.0300040534381065,1.9844674545084815,2.528273569344097,2.6363355974999663,98.0,2.5823045834220317,0.05403101407793475,0.27090482184295367,1.9844674545084815,99.0,0.9393939393939394,-0.09962016066842451,-0.06802207014749641,98.0,-0.08382111540796046,0.01579904526046405,0.07921445885507936,1.9844674545084815,ExtraTreesRegressor,"{'mode': 'original', 'type': 'ExtraTreesRegressor'}",3,"['l3_T6W30', 'density_T6W30', 'asp_T6W30']",0.003075017681431331,0.051354532254747204,98.0,0.02721477496808927,0.024139757286657938,0.12103375734613228,1.9844674545084815,3.5662981422410964,3.6590977866641707,98.0,3.6126979644526336,0.04639982221153703,0.23264296967719675,1.9844674545084815,completed,2.8232550621032715,False,COMPLETE
222,2.862537758198608,2026-06-13 17:04:41.485958,2026-06-13 17:04:45.166212,0 days 00:00:03.680254,6,log2,3,2,93,ExtraTreesRegressor,5,True,-0.016946056067415546,-0.0067397041046636215,98.0,-0.011842880086039584,0.005103175981375962,0.025586693192058228,1.9844674545084815,2.8358963102730472,2.889179206124169,98.0,2.862537758198608,0.026641447925560766,0.13357692479178873,1.9844674545084815,865067431958169.4,1096645464195159.4,98.0,980856448076664.4,115789016118495.05,580551805629756.1,1.9844674545084815,8.346666573573723,8.759078987994995,98.0,8.552872780784359,0.20620620721063593,1.0338924186529679,1.9844674545084815,2.527786931881343,2.6050636705781547,98.0,2.566425301229749,0.038638369348405956,0.19372800498495207,1.9844674545084815,99.0,0.6666666666666666,-0.03132928636310857,-0.013625093069410267,98.0,-0.022477189716259418,0.008852096646849151,0.04438331772918928,1.9844674545084815,ExtraTreesRegressor,"{'mode': 'original', 'type': 'ExtraTreesRegressor'}",5,"['nodes_T6W30', 'l1_T6W30', 'lcc_T6W30', 'atd_T6W30', 'density_T6W30']",0.038711962582042965,0.07992027404961435,98.0,0.059316118315828656,0.02060415573378569,0.1033066884555323,1.9844674545084815,3.470594408466106,3.5499636915033865,98.0,3.5102790499847463,0.03968464151864021,0.1989738842399243,1.9844674545084815,completed,3.6730620861053467,True,COMPLETE
223,2.86670061289937,2026-06-13 17:04:45.175320,2026-06-13 17:05:00.030710,0 days 00:00:14.855390,18,sqrt,3,9,457,ExtraTreesRegressor,4,True,-0.018730481645870656,-0.007841479984948345,98.0,-0.0132859808154095,0.005444500830461154,0.027298053769126474,1.9844674545084815,2.8391693547964008,2.8942318710023396,98.0,2.86670061289937,0.02753125810296963,0.1380383229664981,1.9844674545084815,863797013009678.9,1094673256891876.9,98.0,979235134950777.9,115438121941099.0,578792465624105.1,1.9844674545084815,8.447580684081911,8.870247548161347,98.0,8.658914116121629,0.21133343203971675,1.0595996897929731,1.9844674545084815,2.548957603851788,2.6399247410277678,98.0,2.594441172439778,0.04548356858798982,0.2280489873341671,1.9844674545084815,99.0,0.7272727272727273,-0.043466368165033756,-0.023550517988518815,98.0,-0.033508443076776286,0.009957925088257468,0.049927804761701444,1.9844674545084815,ExtraTreesRegressor,"{'mode': 'original', 'type': 'ExtraTreesRegressor'}",4,"['nodes_T6W30', 'l1_T6W30', 'atd_T6W30', 'density_T6W30']",0.041765911787398136,0.0815067978171645,98.0,0.061636354802281315,0.019870443014883176,0.09962794363109696,1.9844674545084815,3.4885154719719784,3.5693082374906924,98.0,3.5289118547313354,0.04039638275935718,0.2025424667902462,1.9844674545084815,completed,14.848921060562134,True,COMPLETE
224,2.8463814886766454,2026-06-13 17:05:00.039395,2026-06-13 17:05:10.070147,0 days 00:00:10.030752,20,log2,3,11,312,ExtraTreesRegressor,3,True,-0.009731181909005229,-0.002438381798370793,98.0,-0.006084781853688011,0.003646400055317218,0.01828259887791478,1.9844674545084815,2.8211760028313044,2.8715869745219864,98.0,2.8463814886766454,0.02520548584534113,0.12637718852635368,1.9844674545084815,879337421498130.6,1115786247976080.6,98.0,997561834737105.6,118224413238975.0,592762585573453.2,1.9844674545084815,8.19247614790078,8.553212684471234,98.0,8.372844416186007,0.18036826828522587,0.9043441886071462,1.9844674545084815,2.54143623997852,2.6023844589054055,98.0,2.571910349441963,0.03047410946344259,0.1527934157058142,1.9844674545084815,99.0,0.42424242424242425,-0.002243993550688839,0.007614815624928674,98.0,0.0026854110371199178,0.004929404587808757,0.024715424917362817,1.9844674545084815,ExtraTreesRegressor,"{'mode': 'original', 'type': 'ExtraTreesRegressor'}",3,"['nodes_T6W30', 'l1_T6W30', 'density_T6W30']",0.0745599834422468,0.11852189903886913,98.0,0.09654094124055797,0.021980957798311163,0.11020980371939337,1.9844674545084815,3.429429149672459,3.5057856377317957,98.0,3.4676073937021274,0.03817824402966827,0.19142099354670164,1.9844674545084815,completed,10.024518728256226,True,COMPLETE
225,2.8759971912061735,2026-06-13 17:05:10.079624,2026-06-13 17:05:21.256599,0 days 00:00:11.176975,17,sqrt,3,11,351,ExtraTreesRegressor,7,False,-0.021963447350508165,-0.011129678611092205,98.0,-0.016546562980800185,0.005416884369707979,0.027159588250610007,1.9844674545084815,2.8481363463342246,2.9038580360781223,98.0,2.8759971912061735,0.027860844871949012,0.1396908302617224,1.9844674545084815,870619421462320.6,1103209240338150.9,98.0,986914330900235.8,116294909437915.17,583088292162682.8,1.9844674545084815,8.376753832222485,8.784139307094792,98.0,8.580446569658639,0.2036927374361528,1.0212901920783963,1.9844674545084815,2.5566384313582073,2.641016307285568,98.0,2.5988273693218877,0.04218893796368037,0.21153011687525813,1.9844674545084815,99.0,0.7171717171717171,-0.0381454387491823,-0.019770639065226085,98.0,-0.028958038907204192,0.009187399841978108,0.046064486478100075,1.9844674545084815,ExtraTreesRegressor,"{'mode': 'original', 'type': 'ExtraTreesRegressor'}",7,"['nodes_T6W30', 'l1_T6W30', 'lcc_T6W30', 'atd_T6W30', 'density_T6W30', 'diameter_T6W30', 'asp_T6W30']",0.02658320357342606,0.06880156247169796,98.0,0.047692383022562006,0.021109179449135946,0.10583881490120824,1.9844674545084815,3.4813545789645053,3.5612924922096774,98.0,3.5213235355870913,0.039968956622586094,0.2003994050060277,1.9844674545084815,completed,11.170367956161499,False,COMPLETE
226,2.9009442911657266,2026-06-13 17:05:21.265087,2026-06-13 17:05:36.154627,0 days 00:00:14.889540,10,log2,4,8,452,ExtraTreesRegressor,8,True,-0.03106187187530911,-0.019602352312725443,98.0,-0.025332112094017277,0.005729759781291834,0.02872830686677197,1.9844674545084815,2.872016029604237,2.929872552727216,98.0,2.9009442911657266,0.028928261561489407,0.14504272552126793,1.9844674545084815,870213253838717.2,1101936144537973.5,98.0,986074699188345.4,115861445349628.06,580914956836357.8,1.9844674545084815,8.42973971141076,8.845815337283769,98.0,8.637777524347264,0.20803781293650406,1.0430758632231019,1.9844674545084815,2.5663882865624514,2.6573274707813,98.0,2.611857878671876,0.04546959210942449,0.22797891099930007,1.9844674545084815,99.0,0.8383838383838383,-0.056585855327078875,-0.036226843810498226,98.0,-0.04640634956878855,0.010179505758290327,0.05103878283537798,1.9844674545084815,ExtraTreesRegressor,"{'mode': 'original', 'type': 'ExtraTreesRegressor'}",8,"['nodes_T6W30', 're_T6W30', 'l1_T6W30', 'lcc_T6W30', 'atd_T6W30', 'density_T6W30', 'diameter_T6W30', 'asp_T6W30']",3.614145914091621e-05,0.042393311716575954,98.0,0.021214726587858435,0.02117858512871752,0.10618680639429431,1.9844674545084815,3.5098202292546232,3.5920712182790164,98.0,3.55094572376682,0.04112549451219663,0.2061981429399048,1.9844674545084815,completed,14.883038997650146,True,COMPLETE
227,2.850927330815957,2026-06-13 17:05:36.164058,2026-06-13 17:05:44.863280,0 days 00:00:08.699222,14,sqrt,4,12,269,ExtraTreesRegressor,2,False,-0.011166550659349668,-0.004163326309678637,98.0,-0.007664938484514152,0.0035016121748355153,0.017556650353048337,1.9844674545084815,2.8255200818426207,2.876334579789293,98.0,2.850927330815957,0.02540724897333632,0.12738880389535592,1.9844674545084815,875563517341715.4,1112013112335418.1,98.0,993788314838566.8,118224797496851.33,592764512194918.9,1.9844674545084815,8.184214337200036,8.556815950157457,98.0,8.370515143678746,0.1863008064787114,0.9340892013523175,1.9844674545084815,2.5226999368851946,2.5792179060382043,98.0,2.5509589214616994,0.028258984576504675,0.1416870534970606,1.9844674545084815,99.0,0.3838383838383838,-0.002953081178448762,0.006943875005303132,98.0,0.001995396913427185,0.004948478091875947,0.024811057107678367,1.9844674545084815,ExtraTreesRegressor,"{'mode': 'original', 'type': 'ExtraTreesRegressor'}",2,"['lcc_T6W30', 'density_T6W30']",0.08031415225388652,0.12369068679461959,98.0,0.10200241952425305,0.021688267270366532,0.10874228961326186,1.9844674545084815,3.430378849105339,3.5074086472769093,98.0,3.468893748191124,0.03851489908578518,0.19310894035940315,1.9844674545084815,completed,8.692992925643921,False,COMPLETE
228,2.851721314666794,2026-06-13 17:05:44.872530,2026-06-13 17:05:53.335462,0 days 00:00:08.462932,2,sqrt,2,3,263,ExtraTreesRegressor,4,False,-0.011889402580811781,-0.00393982385146846,98.0,-0.00791461321614012,0.00397478936467166,0.019929102258685605,1.9844674545084815,2.8253155733676576,2.87812705596593,98.0,2.851721314666794,0.026405741299136257,0.13239512091991187,1.9844674545084815,869617021293857.9,1104004947722272.6,98.0,986810984508065.2,117193963214207.38,587596036598912.8,1.9844674545084815,8.136849573956951,8.510100301318626,98.0,8.323474937637789,0.18662536368083796,0.9357164910214162,1.9844674545084815,2.518638518521622,2.594208458997049,98.0,2.5564234887593353,0.03778497023771362,0.18944916739531192,1.9844674545084815,99.0,0.35353535353535354,-0.002280485732838351,0.010076156712743948,98.0,0.003897835489952799,0.00617832122279115,0.030977338454809773,1.9844674545084815,ExtraTreesRegressor,"{'mode': 'original', 'type': 'ExtraTreesRegressor'}",4,"['lcc_T6W30', 'atd_T6W30', 'diameter_T6W30', 'asp_T6W30']",0.12582042540612495,0.1735131081909199,98.0,0.14966676679852242,0.023846341392397476,0.11956260634300901,1.9844674545084815,3.4263606139057736,3.5045463704276014,98.0,3.4654534921666875,0.039092878260913795,0.1960068564570227,1.9844674545084815,completed,8.456282138824463,False,COMPLETE
229,2.9339441065313094,2026-06-13 17:05:53.344718,2026-06-13 17:05:54.482244,0 days 00:00:01.137526,11,sqrt,1,2,143,ExtraTreesRegressor,6,True,,,,,,,,,,,,,,,,,,,,,,,,,,,,,,,,,,,,,,,,,,,,,ExtraTreesRegressor,"{'mode': 'original', 'type': 'ExtraTreesRegressor'}",6,"['l1_T6W30', 'l3_T6W30', 'atd_T6W30', 'density_T6W30', 'diameter_T6W30', 'asp_T6W30']",,,,,,,,,,,,,,,pruned,,True,PRUNED
230,2.8716897480758115,2026-06-13 17:05:54.488735,2026-06-13 17:06:03.983674,0 days 00:00:09.494939,7,log2,2,12,281,ExtraTreesRegressor,6,True,-0.0206028752500031,-0.00950922747482631,98.0,-0.015056051362414707,0.005546823887588396,0.02781108892189075,1.9844674545084815,2.8440293743731324,2.8993501217784905,98.0,2.8716897480758115,0.027660373702678865,0.13868569261397362,1.9844674545084815,862920478487581.4,1092908985318323.9,98.0,977914731902952.6,114994253415371.3,576566963735310.0,1.9844674545084815,8.369894188193703,8.785238658282116,98.0,8.57756642323791,0.20767223504420637,1.041242900887067,1.9844674545084815,2.54002042642987,2.6197632351243523,98.0,2.579891830777111,0.03987140434724141,0.19991028996305424,1.9844674545084815,99.0,0.7070707070707071,-0.039447718084800104,-0.019407576675904713,98.0,-0.029427647380352407,0.010020070704447694,0.050239395194893205,1.9844674545084815,ExtraTreesRegressor,"{'mode': 'original', 'type': 'ExtraTreesRegressor'}",6,"['nodes_T6W30', 'l1_T6W30', 'lcc_T6W30', 'atd_T6W30', 'density_T6W30', 'asp_T6W30']",0.028101231662628963,0.0700937058072808,98.0,0.04909746873495489,0.020996237072325924,0.10527253579298891,1.9844674545084815,3.481871459796591,3.5617206966855566,98.0,3.5217960782410738,0.03992461844448294,0.2001770988649186,1.9844674545084815,completed,9.488043069839478,True,COMPLETE
