number,value,datetime_start,datetime_complete,duration,params_et_max_depth,params_et_max_features,params_et_min_samples_leaf,params_et_min_samples_split,params_et_n_estimators,params_regressor,params_rfe_n_features,params_use_scaler,user_attrs_d2mae_ci_lower_val,user_attrs_d2mae_ci_upper_val,user_attrs_d2mae_df_val,user_attrs_d2mae_mean_val,user_attrs_d2mae_samperror_val,user_attrs_d2mae_std_val,user_attrs_d2mae_t_critical_val,user_attrs_mae_ci_lower_val,user_attrs_mae_ci_upper_val,user_attrs_mae_df_val,user_attrs_mae_mean_val,user_attrs_mae_samperror_val,user_attrs_mae_std_val,user_attrs_mae_t_critical_val,user_attrs_mape_ci_lower_val,user_attrs_mape_ci_upper_val,user_attrs_mape_df_val,user_attrs_mape_mean_val,user_attrs_mape_samperror_val,user_attrs_mape_std_val,user_attrs_mape_t_critical_val,user_attrs_max_error_ci_lower_val,user_attrs_max_error_ci_upper_val,user_attrs_max_error_df_val,user_attrs_max_error_mean_val,user_attrs_max_error_samperror_val,user_attrs_max_error_std_val,user_attrs_max_error_t_critical_val,user_attrs_median_ae_ci_lower_val,user_attrs_median_ae_ci_upper_val,user_attrs_median_ae_df_val,user_attrs_median_ae_mean_val,user_attrs_median_ae_samperror_val,user_attrs_median_ae_std_val,user_attrs_median_ae_t_critical_val,user_attrs_n_splits_val,user_attrs_r2_below_zero_val,user_attrs_r2_ci_lower_val,user_attrs_r2_ci_upper_val,user_attrs_r2_df_val,user_attrs_r2_mean_val,user_attrs_r2_samperror_val,user_attrs_r2_std_val,user_attrs_r2_t_critical_val,user_attrs_regressor_final,user_attrs_rfe_estimator,user_attrs_rfe_n_features,user_attrs_rfe_selected_features,user_attrs_rho_ci_lower_val,user_attrs_rho_ci_upper_val,user_attrs_rho_df_val,user_attrs_rho_mean_val,user_attrs_rho_samperror_val,user_attrs_rho_std_val,user_attrs_rho_t_critical_val,user_attrs_rmse_ci_lower_val,user_attrs_rmse_ci_upper_val,user_attrs_rmse_df_val,user_attrs_rmse_mean_val,user_attrs_rmse_samperror_val,user_attrs_rmse_std_val,user_attrs_rmse_t_critical_val,user_attrs_termination_reason,user_attrs_trial_time_seconds,user_attrs_use_scaler_final,state
420,2.8527071826671295,2026-06-13 17:30:07.853288,2026-06-13 17:30:11.901565,0 days 00:00:04.048277,20,sqrt,3,3,106,ExtraTreesRegressor,2,True,-0.012574517689813023,-0.0041068367903484455,98.0,-0.008340677240080734,0.004233840449732289,0.02122795235884008,1.9844674545084815,2.8269966385738967,2.8784177267603623,98.0,2.8527071826671295,0.025710544093232784,0.12890948811392108,1.9844674545084815,892661070959172.9,1131071265660156.5,98.0,1011866168309664.6,119205097350491.8,597679614414175.5,1.9844674545084815,8.172282602022705,8.5129087909309,98.0,8.342595696476803,0.17031309445409884,0.8539287906767595,1.9844674545084815,2.553822314943964,2.6208027735106394,98.0,2.5873125442273017,0.033490229283337475,0.16791586743857387,1.9844674545084815,99.0,0.47474747474747475,-0.008462766619412388,0.0028918737350659275,98.0,-0.0027854464421732303,0.005677320177239158,0.028465381177964526,1.9844674545084815,ExtraTreesRegressor,"{'mode': 'original', 'type': 'ExtraTreesRegressor'}",2,"['nodes_T6W30', 'l1_T6W30']",0.04062825292497817,0.08910112259740953,98.0,0.06486468776119385,0.024236434836215685,0.12151848662219912,1.9844674545084815,3.4387848821417437,3.515013617253709,98.0,3.4768992496977265,0.03811436755598277,0.19110072480810705,1.9844674545084815,completed,4.0415427684783936,True,COMPLETE
421,2.8889601564654903,2026-06-13 17:30:11.910272,2026-06-13 17:30:22.413719,0 days 00:00:10.503447,6,,5,9,295,ExtraTreesRegressor,5,False,-0.027572884678337253,-0.014748849843320621,98.0,-0.021160867260828938,0.006412017417508317,0.03214906227076318,1.9844674545084815,2.8597902510726856,2.918130061858295,98.0,2.8889601564654903,0.029169905392804556,0.14625429780413227,1.9844674545084815,862325323668052.4,1092772119227763.6,98.0,977548721447908.0,115223397779855.61,577715865237462.1,1.9844674545084815,8.469608504945723,8.899020307872364,98.0,8.684314406409044,0.21470590146331953,1.0765088343641653,1.9844674545084815,2.5844011125897097,2.6820532735228264,98.0,2.633227193056268,0.04882608046655814,0.24480792847980995,1.9844674545084815,99.0,0.7777777777777778,-0.056178854310173096,-0.033857018753204945,98.0,-0.04501793653168902,0.011160917778484072,0.05595946132017614,1.9844674545084815,ExtraTreesRegressor,"{'mode': 'original', 'type': 'ExtraTreesRegressor'}",5,"['nodes_T6W30', 'l1_T6W30', 'atd_T6W30', 'density_T6W30', 'asp_T6W30']",0.019155563637896618,0.06108789092872861,98.0,0.04012172728331261,0.020966163645415994,0.1051217513500486,1.9844674545084815,3.507499068837421,3.588537428567703,98.0,3.548018248702562,0.04051917986514102,0.20315815629067305,1.9844674545084815,completed,10.49688196182251,False,COMPLETE
422,2.8569018784089124,2026-06-13 17:30:22.423244,2026-06-13 17:30:36.987282,0 days 00:00:14.564038,17,log2,4,8,454,ExtraTreesRegressor,4,False,-0.01506000022463171,-0.004558085595697412,98.0,-0.00980904291016456,0.005250957314467148,0.026327650518067985,1.9844674545084815,2.8295838109754876,2.884219945842337,98.0,2.8569018784089124,0.027318067433424856,0.13696941131756438,1.9844674545084815,867213643718770.2,1098555408993204.2,98.0,982884526355987.2,115670882637217.06,579959498965788.4,1.9844674545084815,8.35875484150588,8.763051105990177,98.0,8.560902973748028,0.20214813224214906,1.0135457326778061,1.9844674545084815,2.5355491663344885,2.6173166815645224,98.0,2.5764329239495054,0.04088375761501708,0.20498610403630702,1.9844674545084815,99.0,0.6464646464646465,-0.02842903118823007,-0.010923406024652233,98.0,-0.019676218606441153,0.00875281258178892,0.04388551970677588,1.9844674545084815,ExtraTreesRegressor,"{'mode': 'original', 'type': 'ExtraTreesRegressor'}",4,"['l1_T6W30', 'lcc_T6W30', 'atd_T6W30', 'density_T6W30']",0.04841593776782462,0.08874735460201616,98.0,0.0685816461849204,0.020165708417095772,0.10110836783833867,1.9844674545084815,3.465733506998716,3.545357935402955,98.0,3.5055457212008356,0.0398122142021194,0.19961351789625562,1.9844674545084815,completed,14.557411670684814,False,COMPLETE
423,2.902037042275146,2026-06-13 17:30:36.996198,2026-06-13 17:30:44.693832,0 days 00:00:07.697634,19,log2,2,2,211,ExtraTreesRegressor,5,True,-0.032358698369468274,-0.018824966361876593,98.0,-0.025591832365672435,0.006766866003795841,0.03392822919350105,1.9844674545084815,2.870071226543358,2.934002858006934,98.0,2.902037042275146,0.031965815731787875,0.1602726464358761,1.9844674545084815,879230886280503.1,1113969162352522.1,98.0,996600024316512.6,117369138036009.53,588474341489197.4,1.9844674545084815,8.479015471399837,8.882494115338933,98.0,8.680754793369385,0.20173932196954758,1.0114960085340592,1.9844674545084815,2.568843101463241,2.6543270761146887,98.0,2.611585088788965,0.042741987325723756,0.2143030379734744,1.9844674545084815,99.0,0.797979797979798,-0.06361750769894192,-0.04002399397452923,98.0,-0.051820750836735575,0.01179675686220635,0.059147479843169495,1.9844674545084815,ExtraTreesRegressor,"{'mode': 'original', 'type': 'ExtraTreesRegressor'}",5,"['l1_T6W30', 'l2_T6W30', 'atd_T6W30', 'density_T6W30', 'asp_T6W30']",0.017746550260976744,0.06147308285998196,98.0,0.03960981656047935,0.021863266299502606,0.10961971310086133,1.9844674545084815,3.5174935880301943,3.6019917885650283,98.0,3.5597426882976113,0.04224910026741721,0.21183176322511163,1.9844674545084815,completed,7.6914918422698975,True,COMPLETE
424,2.920065717758973,2026-06-13 17:30:44.702815,2026-06-13 17:30:47.138990,0 days 00:00:02.436175,10,,5,6,391,ExtraTreesRegressor,13,True,,,,,,,,,,,,,,,,,,,,,,,,,,,,,,,,,,,,,,,,,,,,,ExtraTreesRegressor,"{'mode': 'original', 'type': 'ExtraTreesRegressor'}",13,"['nodes_T6W30', 'edges_T6W30', 're_T6W30', 'pe_T6W30', 'l1_T6W30', 'l2_T6W30', 'l3_T6W30', 'lcc_T6W30', 'lsc_T6W30', 'atd_T6W30', 'density_T6W30', 'diameter_T6W30', 'asp_T6W30']",,,,,,,,,,,,,,,pruned,,True,PRUNED
425,2.8633002719748535,2026-06-13 17:30:47.145393,2026-06-13 17:30:54.145254,0 days 00:00:06.999861,11,sqrt,4,3,203,ExtraTreesRegressor,6,True,-0.01704559358241309,-0.007118760551944568,98.0,-0.01208217706717883,0.0049634165152342615,0.02488595651476078,1.9844674545084815,2.836487478992972,2.890113064956735,98.0,2.8633002719748535,0.026812792981881512,0.13443602771162821,1.9844674545084815,869759586985441.4,1102544000351293.4,98.0,986151793668367.4,116392206682926.02,583576128515105.4,1.9844674545084815,8.317325588973107,8.721398303500427,98.0,8.519361946236767,0.20203635726366095,1.012985306760385,1.9844674545084815,2.5579832016194457,2.6362399971214128,98.0,2.5971115993704292,0.0391283977509835,0.19618494678705806,1.9844674545084815,99.0,0.6464646464646465,-0.027894198617814746,-0.011475181863622008,98.0,-0.019684690240718377,0.008209508377096369,0.041161459622201794,1.9844674545084815,ExtraTreesRegressor,"{'mode': 'original', 'type': 'ExtraTreesRegressor'}",6,"['nodes_T6W30', 'l1_T6W30', 'lcc_T6W30', 'atd_T6W30', 'density_T6W30', 'asp_T6W30']",0.033198614801231666,0.07481558856635813,98.0,0.0540071016837949,0.02080848688256323,0.10433117956311547,1.9844674545084815,3.46632719602707,3.5448533270562024,98.0,3.505590261541636,0.03926306551456644,0.19686015429748538,1.9844674545084815,completed,6.992895841598511,True,COMPLETE
426,2.9501499683286214,2026-06-13 17:30:54.154340,2026-06-13 17:30:55.817062,0 days 00:00:01.662722,9,,3,9,237,ExtraTreesRegressor,13,False,,,,,,,,,,,,,,,,,,,,,,,,,,,,,,,,,,,,,,,,,,,,,ExtraTreesRegressor,"{'mode': 'original', 'type': 'ExtraTreesRegressor'}",13,"['nodes_T6W30', 'edges_T6W30', 're_T6W30', 'pe_T6W30', 'l1_T6W30', 'l2_T6W30', 'l3_T6W30', 'lcc_T6W30', 'lsc_T6W30', 'atd_T6W30', 'density_T6W30', 'diameter_T6W30', 'asp_T6W30']",,,,,,,,,,,,,,,pruned,,False,PRUNED
427,2.8832440871625695,2026-06-13 17:30:55.823212,2026-06-13 17:31:00.333424,0 days 00:00:04.510212,11,sqrt,3,8,118,ExtraTreesRegressor,6,False,-0.023927400790547768,-0.014093848542717622,98.0,-0.019010624666632694,0.004916776123915072,0.024652107361332238,1.9844674545084815,2.8548763137991338,2.9116118605260053,98.0,2.8832440871625695,0.028367773363435742,0.14223250701935727,1.9844674545084815,868577839049733.5,1100602341517902.5,98.0,984590090283818.0,116012251234084.47,581671078888825.8,1.9844674545084815,8.341784441307807,8.772242795658817,98.0,8.557013618483312,0.21522917717550472,1.0791324740645012,1.9844674545084815,2.5608862627799933,2.640015966382789,98.0,2.600451114581391,0.039564851801397835,0.19837327341368005,1.9844674545084815,99.0,0.6868686868686869,-0.03579549988128871,-0.01903316964928143,98.0,-0.02741433476528507,0.00838116511600364,0.04202212527998013,1.9844674545084815,ExtraTreesRegressor,"{'mode': 'original', 'type': 'ExtraTreesRegressor'}",6,"['nodes_T6W30', 're_T6W30', 'l1_T6W30', 'l2_T6W30', 'atd_T6W30', 'density_T6W30']",0.015006354481297411,0.05716625659323541,98.0,0.03608630553726641,0.021079951055969,0.10569226735293855,1.9844674545084815,3.4780879882655755,3.5605184622450343,98.0,3.519303225255305,0.041215236989729176,0.20664810062259112,1.9844674545084815,completed,4.50366997718811,False,COMPLETE
428,2.86130520451755,2026-06-13 17:31:00.343869,2026-06-13 17:31:05.376397,0 days 00:00:05.032528,3,sqrt,3,8,144,ExtraTreesRegressor,11,False,-0.015845245957361944,-0.006741241170761112,98.0,-0.011293243564061528,0.004552002393300416,0.02282317699251451,1.9844674545084815,2.833976949451119,2.8886334595839815,98.0,2.86130520451755,0.027328255066431332,0.13702049084941695,1.9844674545084815,867454467315476.9,1101278743258340.6,98.0,984366605286908.8,116912137971431.86,586182999688762.9,1.9844674545084815,8.214654913753188,8.605515493855643,98.0,8.410085203804416,0.1954302900512273,0.9798633028186199,1.9844674545084815,2.517503470556883,2.592476112943735,98.0,2.554989791750309,0.03748632119342579,0.18795177802520563,1.9844674545084815,99.0,0.5151515151515151,-0.013467197935967411,0.0008740857625807842,98.0,-0.006296556086693313,0.007170641849274097,0.03595271134232761,1.9844674545084815,ExtraTreesRegressor,"{'mode': 'original', 'type': 'ExtraTreesRegressor'}",11,"['nodes_T6W30', 're_T6W30', 'pe_T6W30', 'l1_T6W30', 'l2_T6W30', 'l3_T6W30', 'lcc_T6W30', 'atd_T6W30', 'density_T6W30', 'diameter_T6W30', 'asp_T6W30']",0.06709843768675873,0.11361307771785288,98.0,0.0903557577023058,0.02325732001554708,0.11660932601169438,1.9844674545084815,3.442871827536638,3.5234255084619215,98.0,3.48314866799928,0.04027684046264148,0.20194309649992084,1.9844674545084815,completed,5.025573015213013,False,COMPLETE
429,2.966701450221862,2026-06-13 17:31:05.388381,2026-06-13 17:31:07.739559,0 days 00:00:02.351178,19,,2,6,305,ExtraTreesRegressor,9,True,,,,,,,,,,,,,,,,,,,,,,,,,,,,,,,,,,,,,,,,,,,,,ExtraTreesRegressor,"{'mode': 'original', 'type': 'ExtraTreesRegressor'}",9,"['re_T6W30', 'pe_T6W30', 'l1_T6W30', 'l2_T6W30', 'l3_T6W30', 'lsc_T6W30', 'atd_T6W30', 'density_T6W30', 'asp_T6W30']",,,,,,,,,,,,,,,pruned,,True,PRUNED
430,2.992567127831547,2026-06-13 17:31:07.746589,2026-06-13 17:31:10.538050,0 days 00:00:02.791461,13,,1,11,390,ExtraTreesRegressor,11,False,,,,,,,,,,,,,,,,,,,,,,,,,,,,,,,,,,,,,,,,,,,,,ExtraTreesRegressor,"{'mode': 'original', 'type': 'ExtraTreesRegressor'}",11,"['nodes_T6W30', 're_T6W30', 'pe_T6W30', 'l1_T6W30', 'l2_T6W30', 'l3_T6W30', 'lsc_T6W30', 'atd_T6W30', 'density_T6W30', 'diameter_T6W30', 'asp_T6W30']",,,,,,,,,,,,,,,pruned,,False,PRUNED
431,2.9324043005857012,2026-06-13 17:31:10.543899,2026-06-13 17:31:14.779837,0 days 00:00:04.235938,18,sqrt,1,12,106,ExtraTreesRegressor,8,False,-0.04307281750772688,-0.029631248692070754,98.0,-0.03635203309989882,0.0067207844078280635,0.03369718177085074,1.9844674545084815,2.9005725532861275,2.964236047885275,98.0,2.9324043005857012,0.03183174729957369,0.15960044389880435,1.9844674545084815,874679341994558.1,1108511791923400.6,98.0,991595566958979.4,116916224964421.22,586203491366118.0,1.9844674545084815,8.590614925368964,9.028348159621139,98.0,8.809481542495051,0.21886661712608776,1.0973701480854958,1.9844674545084815,2.5778355917106306,2.6728512240976934,98.0,2.625343407904162,0.047507816193531296,0.23819831446236528,1.9844674545084815,99.0,0.898989898989899,-0.07972090620011771,-0.05583429069005297,98.0,-0.06777759844508534,0.011943307755032368,0.05988226789387483,1.9844674545084815,ExtraTreesRegressor,"{'mode': 'original', 'type': 'ExtraTreesRegressor'}",8,"['nodes_T6W30', 'l1_T6W30', 'l2_T6W30', 'l3_T6W30', 'atd_T6W30', 'density_T6W30', 'diameter_T6W30', 'asp_T6W30']",-0.02048157578961087,0.024878343906873913,98.0,0.00219838405863152,0.022679959848242393,0.11371451354274299,1.9844674545084815,3.543831509489259,3.6297227290430096,98.0,3.5867771192661344,0.042945609776875296,0.21532397575881498,1.9844674545084815,completed,4.229413032531738,False,COMPLETE
432,2.89094261782869,2026-06-13 17:31:14.788770,2026-06-13 17:31:26.184862,0 days 00:00:11.396092,11,log2,5,10,353,ExtraTreesRegressor,11,False,-0.026959329310152876,-0.01652795067584219,98.0,-0.021743639992997534,0.005215689317155342,0.026150821141615203,1.9844674545084815,2.8622274328258914,2.9196578028314883,98.0,2.89094261782869,0.028715185002798457,0.14397438601004164,1.9844674545084815,870688392261538.5,1104815250020836.2,98.0,987751821141187.4,117063428879648.84,586941553590376.9,1.9844674545084815,8.367063292476072,8.779165840248151,98.0,8.573114566362111,0.20605127388603997,1.0331156021261365,1.9844674545084815,2.539999543652906,2.618915000175994,98.0,2.57945727191445,0.039457728261544145,0.19783616923426578,1.9844674545084815,99.0,0.7070707070707071,-0.03991270533874468,-0.022135126334286923,98.0,-0.0310239158365158,0.00888878950222888,0.04456729116776322,1.9844674545084815,ExtraTreesRegressor,"{'mode': 'original', 'type': 'ExtraTreesRegressor'}",11,"['nodes_T6W30', 're_T6W30', 'pe_T6W30', 'l1_T6W30', 'l2_T6W30', 'l3_T6W30', 'lcc_T6W30', 'atd_T6W30', 'density_T6W30', 'diameter_T6W30', 'asp_T6W30']",0.001204550488621406,0.04674081865885073,98.0,0.023972684573736067,0.02276813408511466,0.11415660826072414,1.9844674545084815,3.4841626023750076,3.5664012955505027,98.0,3.525281948962755,0.04111934658774748,0.20616731800711344,1.9844674545084815,completed,11.389824628829956,False,COMPLETE
433,2.912604688744858,2026-06-13 17:31:26.193383,2026-06-13 17:31:28.002868,0 days 00:00:01.809485,14,log2,1,6,248,ExtraTreesRegressor,4,True,,,,,,,,,,,,,,,,,,,,,,,,,,,,,,,,,,,,,,,,,,,,,ExtraTreesRegressor,"{'mode': 'original', 'type': 'ExtraTreesRegressor'}",4,"['l3_T6W30', 'atd_T6W30', 'density_T6W30', 'asp_T6W30']",,,,,,,,,,,,,,,pruned,,True,PRUNED
434,2.9720698751419397,2026-06-13 17:31:28.008938,2026-06-13 17:31:31.042808,0 days 00:00:03.033870,17,,2,8,420,ExtraTreesRegressor,9,True,,,,,,,,,,,,,,,,,,,,,,,,,,,,,,,,,,,,,,,,,,,,,ExtraTreesRegressor,"{'mode': 'original', 'type': 'ExtraTreesRegressor'}",9,"['re_T6W30', 'l1_T6W30', 'l2_T6W30', 'l3_T6W30', 'lsc_T6W30', 'atd_T6W30', 'density_T6W30', 'diameter_T6W30', 'asp_T6W30']",,,,,,,,,,,,,,,pruned,,True,PRUNED
435,2.871929184135089,2026-06-13 17:31:31.049143,2026-06-13 17:31:39.108067,0 days 00:00:08.058924,20,log2,4,7,236,ExtraTreesRegressor,4,True,-0.02011161655011876,-0.010132047393142943,98.0,-0.015121831971630851,0.0049897845784879075,0.025018162722620755,1.9844674545084815,2.844839584061382,2.8990187842087964,98.0,2.871929184135089,0.027089600073707233,0.13582390423357815,1.9844674545084815,857409839655315.4,1088256506099348.1,98.0,972833172877331.8,115423333222016.42,578718316815745.2,1.9844674545084815,8.396372472322545,8.843402045418019,98.0,8.619887258870282,0.22351478654773654,1.1206754946638764,1.9844674545084815,2.55737389090105,2.6289225161517136,98.0,2.5931482035263818,0.03577431262533196,0.17936797881195948,1.9844674545084815,99.0,0.7272727272727273,-0.04126653721108697,-0.02297742371286568,98.0,-0.03212198046197633,0.009144556749110645,0.04584967650944541,1.9844674545084815,ExtraTreesRegressor,"{'mode': 'original', 'type': 'ExtraTreesRegressor'}",4,"['nodes_T6W30', 'lcc_T6W30', 'atd_T6W30', 'density_T6W30']",0.022370825319322475,0.06205513193588553,98.0,0.042212978627604,0.019842153308281527,0.09948610254116565,1.9844674545084815,3.486341167662357,3.5673700387827254,98.0,3.526855603222541,0.04051443556018445,0.20313436893241296,1.9844674545084815,completed,8.051951885223389,True,COMPLETE
436,2.854394694681981,2026-06-13 17:31:39.117490,2026-06-13 17:31:52.168147,0 days 00:00:13.050657,11,log2,4,4,394,ExtraTreesRegressor,4,False,-0.014040206924261923,-0.003858293448519093,98.0,-0.008949250186390508,0.005090956737871415,0.02552542741644498,1.9844674545084815,2.8276157491540266,2.8811736402099353,98.0,2.854394694681981,0.026778945527954234,0.1342663207640077,1.9844674545084815,864842105311272.8,1095969013188634.2,98.0,980405559249953.5,115563453938680.73,579420864758482.4,1.9844674545084815,8.371563316913418,8.790511711773709,98.0,8.581037514343564,0.20947419743014584,1.05027771741719,1.9844674545084815,2.5366305567060023,2.61929336028818,98.0,2.577961958497091,0.0413314017910887,0.20723053656894094,1.9844674545084815,99.0,0.6262626262626263,-0.028991859493507875,-0.011409818095590893,98.0,-0.020200838794549383,0.00879102069895849,0.04407709048055125,1.9844674545084815,ExtraTreesRegressor,"{'mode': 'original', 'type': 'ExtraTreesRegressor'}",4,"['nodes_T6W30', 'l1_T6W30', 'atd_T6W30', 'density_T6W30']",0.051260745146774325,0.0915384292934719,98.0,0.07139958722012311,0.02013884207334879,0.10097366331371417,1.9844674545084815,3.4665694132026244,3.546294907514904,98.0,3.5064321603587643,0.03986274715613993,0.19986688387762297,1.9844674545084815,completed,13.043861150741577,False,COMPLETE
437,2.916365059372796,2026-06-13 17:31:52.177931,2026-06-13 17:31:55.326667,0 days 00:00:03.148736,9,log2,3,7,73,ExtraTreesRegressor,8,False,-0.03720108319587282,-0.024427520528183977,98.0,-0.0308143018620284,0.006386781333844424,0.032022531668559055,1.9844674545084815,2.8866696966251153,2.9460604221204765,98.0,2.916365059372796,0.029695362747680715,0.14888887599108747,1.9844674545084815,870196224741518.9,1104079885230316.6,98.0,987138054985917.8,116941830244398.88,586331873072975.9,1.9844674545084815,8.482612912359176,8.893306556646124,98.0,8.68795973450265,0.2053468221434729,1.0295835682179477,1.9844674545084815,2.5736865500875847,2.657926734542995,98.0,2.61580664231529,0.04212009222770525,0.21118493287015908,1.9844674545084815,99.0,0.8585858585858586,-0.06913305814307516,-0.04715847753319931,98.0,-0.058145767838137234,0.010987290304937926,0.0550889146426658,1.9844674545084815,ExtraTreesRegressor,"{'mode': 'original', 'type': 'ExtraTreesRegressor'}",8,"['nodes_T6W30', 'l1_T6W30', 'l2_T6W30', 'l3_T6W30', 'lsc_T6W30', 'atd_T6W30', 'density_T6W30', 'diameter_T6W30']",-0.028096298293565004,0.015006791891439775,98.0,-0.006544753201062614,0.02155154509250239,0.10805678152372569,1.9844674545084815,3.529047472867084,3.612167625527801,98.0,3.5706075491974425,0.041560076330358506,0.20837708242557715,1.9844674545084815,completed,3.141335964202881,False,COMPLETE
