number,value,datetime_start,datetime_complete,duration,params_dt_max_depth,params_dt_min_samples_leaf,params_dt_min_samples_split,params_elastic_alpha,params_elastic_l1_ratio,params_et_max_depth,params_et_max_features,params_et_min_samples_leaf,params_et_min_samples_split,params_et_n_estimators,params_knn_metric,params_knn_n_neighbors,params_knn_weights,params_quantile_alpha,params_regressor,params_rf_max_depth,params_rf_max_features,params_rf_min_samples_leaf,params_rf_min_samples_split,params_rf_n_estimators,params_rfe_n_features,params_rfe_proxy_et_max_depth,params_rfe_proxy_et_min_samples_leaf,params_rfe_proxy_et_min_samples_split,params_rfe_proxy_et_n_estimators,params_rfe_proxy_lsvr_C,params_rfe_proxy_lsvr_epsilon,params_rfe_proxy_type,params_use_scaler,user_attrs_d2mae_ci_lower_val,user_attrs_d2mae_ci_upper_val,user_attrs_d2mae_df_val,user_attrs_d2mae_mean_val,user_attrs_d2mae_samperror_val,user_attrs_d2mae_std_val,user_attrs_d2mae_t_critical_val,user_attrs_mae_ci_lower_val,user_attrs_mae_ci_upper_val,user_attrs_mae_df_val,user_attrs_mae_mean_val,user_attrs_mae_samperror_val,user_attrs_mae_std_val,user_attrs_mae_t_critical_val,user_attrs_mape_ci_lower_val,user_attrs_mape_ci_upper_val,user_attrs_mape_df_val,user_attrs_mape_mean_val,user_attrs_mape_samperror_val,user_attrs_mape_std_val,user_attrs_mape_t_critical_val,user_attrs_max_error_ci_lower_val,user_attrs_max_error_ci_upper_val,user_attrs_max_error_df_val,user_attrs_max_error_mean_val,user_attrs_max_error_samperror_val,user_attrs_max_error_std_val,user_attrs_max_error_t_critical_val,user_attrs_median_ae_ci_lower_val,user_attrs_median_ae_ci_upper_val,user_attrs_median_ae_df_val,user_attrs_median_ae_mean_val,user_attrs_median_ae_samperror_val,user_attrs_median_ae_std_val,user_attrs_median_ae_t_critical_val,user_attrs_n_splits_val,user_attrs_r2_below_zero_val,user_attrs_r2_ci_lower_val,user_attrs_r2_ci_upper_val,user_attrs_r2_df_val,user_attrs_r2_mean_val,user_attrs_r2_samperror_val,user_attrs_r2_std_val,user_attrs_r2_t_critical_val,user_attrs_regressor_final,user_attrs_rfe_estimator,user_attrs_rfe_n_features,user_attrs_rfe_selected_features,user_attrs_rho_ci_lower_val,user_attrs_rho_ci_upper_val,user_attrs_rho_df_val,user_attrs_rho_mean_val,user_attrs_rho_samperror_val,user_attrs_rho_std_val,user_attrs_rho_t_critical_val,user_attrs_rmse_ci_lower_val,user_attrs_rmse_ci_upper_val,user_attrs_rmse_df_val,user_attrs_rmse_mean_val,user_attrs_rmse_samperror_val,user_attrs_rmse_std_val,user_attrs_rmse_t_critical_val,user_attrs_termination_reason,user_attrs_use_scaler_final,state
262,6.282144950922477,2026-06-11 23:37:58.053339,2026-06-11 23:38:23.046467,0 days 00:00:24.993128,,,,,,,,,,,,,,,RandomForestRegressor,13.0,sqrt,3.0,5.0,295.0,2,,,,,,,,True,-0.0015643570038053473,0.02276812906376914,98.0,0.010601886029981897,0.012166243033787244,0.06100003780814084,1.9844674545084815,6.1869348852769015,6.377355016568053,98.0,6.282144950922477,0.09521006564557631,0.4773714932347364,1.9844674545084815,239692673266848.3,484928315157425.3,98.0,362310494212136.8,122617820945288.48,614790588420958.0,1.9844674545084815,16.074299433356686,16.685120964776367,98.0,16.379710199066526,0.3054107657098405,1.5312918050030222,1.9844674545084815,5.584823002805423,5.857876313088549,98.0,5.721349657946986,0.13652665514156276,0.6845277627880709,1.9844674545084815,99.0,0.494949494949495,-0.022031259885139935,0.020322574611913512,98.0,-0.0008543426366132101,0.021176917248526723,0.1061784438493069,1.9844674545084815,RandomForestRegressor,"{'mode': 'original', 'type': 'RandomForestRegressor'}",2,"['re_T2W40', 'lsc_T2W40']",0.19165979951369655,0.24174588820307946,98.0,0.216702843858388,0.025043044344691463,0.12556272693342624,1.9844674545084815,7.447659733235367,7.65918934322265,98.0,7.553424538229009,0.10576480499364148,0.5302916508790495,1.9844674545084815,completed,True,COMPLETE
263,6.496019748292177,2026-06-11 23:38:23.059107,2026-06-11 23:38:23.529007,0 days 00:00:00.469900,,,,,,8.0,sqrt,2.0,4.0,53.0,,,,,ExtraTreesRegressor,,,,,,2,,,,,,,,True,,,,,,,,,,,,,,,,,,,,,,,,,,,,,,,,,,,,,,,,,,,,,ExtraTreesRegressor,"{'mode': 'original', 'type': 'ExtraTreesRegressor'}",2,"['pe_T2W40', 'l3_T2W40']",,,,,,,,,,,,,,,pruned,True,PRUNED
264,6.282052077299007,2026-06-11 23:38:23.538751,2026-06-11 23:38:48.816009,0 days 00:00:25.277258,,,,,,,,,,,,,,,RandomForestRegressor,13.0,sqrt,3.0,5.0,297.0,2,,,,,,,,True,-0.0015423874548953706,0.022780437330108483,98.0,0.010619024937606556,0.012161412392501927,0.06097581757020678,1.9844674545084815,6.1868163077747225,6.377287846823292,98.0,6.282052077299007,0.0952357695242848,0.47750036930343565,1.9844674545084815,239752959140576.06,485066757321951.44,98.0,362409858231263.75,122656899090687.69,614986521408668.6,1.9844674545084815,16.078619563105185,16.688496704793423,98.0,16.383558133949304,0.3049385708441203,1.528924278349005,1.9844674545084815,5.5833197381591555,5.8552513911119,98.0,5.719285564635528,0.1359658264763725,0.6817158372260477,1.9844674545084815,99.0,0.494949494949495,-0.022125178790065567,0.020223944714829706,98.0,-0.0009506170376179316,0.021174561752447637,0.1061666336833023,1.9844674545084815,RandomForestRegressor,"{'mode': 'original', 'type': 'RandomForestRegressor'}",2,"['re_T2W40', 'lsc_T2W40']",0.19088812551050005,0.2411336719932039,98.0,0.21601089875185198,0.02512277324135193,0.12596247776013447,1.9844674545084815,7.44799016636322,7.659631072536423,98.0,7.553810619449822,0.105820453086602,0.5305706635344039,1.9844674545084815,completed,True,COMPLETE
265,6.281969830118999,2026-06-11 23:38:48.828902,2026-06-11 23:39:14.688663,0 days 00:00:25.859761,,,,,,,,,,,,,,,RandomForestRegressor,13.0,sqrt,3.0,5.0,302.0,2,,,,,,,,True,-0.0015586303844786886,0.022822291312300146,98.0,0.01063183046391073,0.012190460848389418,0.06112146293521257,1.9844674545084815,6.18659175917557,6.377347901062427,98.0,6.281969830118999,0.09537807094342779,0.4782138510186839,1.9844674545084815,239768869933539.56,485036459545688.2,98.0,362402664739613.9,122633794806074.31,614870679383235.5,1.9844674545084815,16.07502189234941,16.684595157385814,98.0,16.379808524867613,0.3047866325182025,1.528162478375114,1.9844674545084815,5.5809016530485716,5.854609377079153,98.0,5.717755515063862,0.1368538620152903,0.6861683375828561,1.9844674545084815,99.0,0.48484848484848486,-0.022149893202555497,0.020269606527516484,98.0,-0.0009401433375195061,0.02120974986503599,0.10634306252763212,1.9844674545084815,RandomForestRegressor,"{'mode': 'original', 'type': 'RandomForestRegressor'}",2,"['re_T2W40', 'lsc_T2W40']",0.19142988190266497,0.2420252499434724,98.0,0.2167275659230687,0.025297684020403725,0.12683945877272645,1.9844674545084815,7.447775865860636,7.659742384823118,98.0,7.553759125341877,0.1059832594812411,0.5313869546606629,1.9844674545084815,completed,True,COMPLETE
266,6.282083689148352,2026-06-11 23:39:14.701609,2026-06-11 23:39:40.321947,0 days 00:00:25.620338,,,,,,,,,,,,,,,RandomForestRegressor,13.0,sqrt,3.0,5.0,300.0,2,,,,,,,,True,-0.0015543480472462404,0.022780222956756108,98.0,0.010612937454754933,0.012167285502001173,0.061005264614829385,1.9844674545084815,6.186839136045864,6.377328242250839,98.0,6.282083689148352,0.09524455310248732,0.47754440907815954,1.9844674545084815,239775670003107.16,485059682479256.9,98.0,362417676241182.0,122642006238074.84,614911850487667.6,1.9844674545084815,16.077522166096895,16.68633678285475,98.0,16.38192947447582,0.3044073083789285,1.5262605940569234,1.9844674545084815,5.582756787202605,5.855424167599557,98.0,5.719090477401081,0.1363336901984759,0.683560260430009,1.9844674545084815,99.0,0.48484848484848486,-0.022098893920948826,0.02026962360210948,98.0,-0.0009146351594196719,0.021184258761529153,0.1062152532874772,1.9844674545084815,RandomForestRegressor,"{'mode': 'original', 'type': 'RandomForestRegressor'}",2,"['re_T2W40', 'lsc_T2W40']",0.1914821556749764,0.2418863475857133,98.0,0.21668425163034485,0.025202095955368445,0.12636019203730403,1.9844674545084815,7.4478247687527706,7.659497639039715,98.0,7.553661203896243,0.1058364351434723,0.5306507955908351,1.9844674545084815,completed,True,COMPLETE
267,7.27555348065152,2026-06-11 23:39:40.335479,2026-06-11 23:39:40.461988,0 days 00:00:00.126509,6.0,4.0,2.0,,,,,,,,,,,,DecisionTreeRegressor,,,,,,2,,,,,,,,True,,,,,,,,,,,,,,,,,,,,,,,,,,,,,,,,,,,,,,,,,,,,,DecisionTreeRegressor,"{'mode': 'original', 'type': 'DecisionTreeRegressor'}",2,"['re_T2W40', 'lsc_T2W40']",,,,,,,,,,,,,,,pruned,True,PRUNED
268,6.281969830118999,2026-06-11 23:39:40.471970,2026-06-11 23:40:06.198600,0 days 00:00:25.726630,,,,,,,,,,,,,,,RandomForestRegressor,13.0,sqrt,3.0,5.0,302.0,2,,,,,,,,True,-0.0015586303844786886,0.022822291312300146,98.0,0.01063183046391073,0.012190460848389418,0.06112146293521257,1.9844674545084815,6.18659175917557,6.377347901062427,98.0,6.281969830118999,0.09537807094342779,0.4782138510186839,1.9844674545084815,239768869933539.56,485036459545688.2,98.0,362402664739613.9,122633794806074.31,614870679383235.5,1.9844674545084815,16.07502189234941,16.684595157385814,98.0,16.379808524867613,0.3047866325182025,1.528162478375114,1.9844674545084815,5.5809016530485716,5.854609377079153,98.0,5.717755515063862,0.1368538620152903,0.6861683375828561,1.9844674545084815,99.0,0.48484848484848486,-0.022149893202555497,0.020269606527516484,98.0,-0.0009401433375195061,0.02120974986503599,0.10634306252763212,1.9844674545084815,RandomForestRegressor,"{'mode': 'original', 'type': 'RandomForestRegressor'}",2,"['re_T2W40', 'lsc_T2W40']",0.19142988190266497,0.2420252499434724,98.0,0.2167275659230687,0.025297684020403725,0.12683945877272645,1.9844674545084815,7.447775865860636,7.659742384823118,98.0,7.553759125341877,0.1059832594812411,0.5313869546606629,1.9844674545084815,completed,True,COMPLETE
269,6.282337797382054,2026-06-11 23:40:06.211607,2026-06-11 23:40:31.966406,0 days 00:00:25.754799,,,,,,,,,,,,,,,RandomForestRegressor,13.0,sqrt,3.0,5.0,301.0,2,,,,,,,,True,-0.00160826140746634,0.0227583578614214,98.0,0.01057504822697753,0.01218330963444387,0.061085607632976616,1.9844674545084815,6.186971611944426,6.377703982819682,98.0,6.282337797382054,0.095366185437628,0.47815425856264443,1.9844674545084815,239789451502263.5,485075708680085.4,98.0,362432580091174.44,122643128588910.95,614917477815943.6,1.9844674545084815,16.07607449302669,16.685294123709657,98.0,16.380684308368174,0.30460981534148135,1.5272759389203976,1.9844674545084815,5.582584670274675,5.855549683031328,98.0,5.7190671766530015,0.13648250637832646,0.6843064063496767,1.9844674545084815,99.0,0.48484848484848486,-0.022212100982058378,0.02019117535468687,98.0,-0.001010462813685756,0.021201638168372623,0.10630239148384485,1.9844674545084815,RandomForestRegressor,"{'mode': 'original', 'type': 'RandomForestRegressor'}",2,"['re_T2W40', 'lsc_T2W40']",0.19110080788476985,0.2419465683653576,98.0,0.21652368812506373,0.025422880240293884,0.12746717713455163,1.9844674545084815,7.448067972711257,7.660011783684169,98.0,7.554039878197713,0.10597190548645598,0.5313300271351119,1.9844674545084815,completed,True,COMPLETE
270,6.28212636034209,2026-06-11 23:40:31.979500,2026-06-11 23:40:57.481419,0 days 00:00:25.501919,,,,,,,,,,,,,,,RandomForestRegressor,13.0,sqrt,3.0,5.0,299.0,2,,,,,,,,True,-0.001552401814822588,0.022764038952779952,98.0,0.010605818568978681,0.01215822038380127,0.06095981323338042,1.9844674545084815,6.1869282422465925,6.377324478437588,98.0,6.28212636034209,0.09519811809549727,0.4773115896963547,1.9844674545084815,239649495049902.5,484820927556000.5,98.0,362235211302951.5,122585716253049.02,614629619464889.4,1.9844674545084815,16.07756182093121,16.686630089249114,98.0,16.38209595509016,0.3045341341589527,1.526896482831711,1.9844674545084815,5.58309993998558,5.855511695697098,98.0,5.719305817841339,0.13620587785575908,0.682919425151902,1.9844674545084815,99.0,0.48484848484848486,-0.022063580687110007,0.020289190629465423,98.0,-0.000887195028822293,0.021176385658287715,0.10617577852159744,1.9844674545084815,RandomForestRegressor,"{'mode': 'original', 'type': 'RandomForestRegressor'}",2,"['re_T2W40', 'lsc_T2W40']",0.19157909614808066,0.2419791904131976,98.0,0.21677914328063913,0.025200047132558454,0.12634991949314026,1.9844674545084815,7.447760989595227,7.659361073819457,98.0,7.553561031707342,0.10580004211211466,0.5304683254328246,1.9844674545084815,completed,True,COMPLETE
271,6.281679544860587,2026-06-11 23:40:57.494643,2026-06-11 23:41:22.972804,0 days 00:00:25.478161,,,,,,,,,,,,,,,RandomForestRegressor,13.0,sqrt,3.0,5.0,298.0,2,,,,,,,,True,-0.0014842768239922439,0.022839397092343415,98.0,0.010677560134175586,0.01216183695816783,0.060977946289943866,1.9844674545084815,6.186446756621808,6.376912333099367,98.0,6.281679544860587,0.09523278823877915,0.4774854215066461,1.9844674545084815,239641457884469.22,484823978814868.25,98.0,362232718349668.75,122591260465199.53,614657417458884.6,1.9844674545084815,16.07747433410435,16.6865725845305,98.0,16.382023459317423,0.3045491252130755,1.5269716461229368,1.9844674545084815,5.583161429370768,5.855671542348104,98.0,5.719416485859436,0.13625505648866792,0.6831660007347226,1.9844674545084815,99.0,0.494949494949495,-0.02195969230014099,0.020398289103411772,98.0,-0.0007807015983646079,0.021178990701776382,0.10618883988744876,1.9844674545084815,RandomForestRegressor,"{'mode': 'original', 'type': 'RandomForestRegressor'}",2,"['re_T2W40', 'lsc_T2W40']",0.19198661897296015,0.2421650689985116,98.0,0.21707584398573587,0.025089225012775704,0.12579427109141492,1.9844674545084815,7.447343360542781,7.658979816309848,98.0,7.553161588426314,0.10581822788353357,0.5305595066414396,1.9844674545084815,completed,True,COMPLETE
272,6.28212636034209,2026-06-11 23:41:22.985833,2026-06-11 23:41:48.432999,0 days 00:00:25.447166,,,,,,,,,,,,,,,RandomForestRegressor,13.0,sqrt,3.0,5.0,299.0,2,,,,,,,,True,-0.001552401814822588,0.022764038952779952,98.0,0.010605818568978681,0.01215822038380127,0.06095981323338042,1.9844674545084815,6.1869282422465925,6.377324478437588,98.0,6.28212636034209,0.09519811809549727,0.4773115896963547,1.9844674545084815,239649495049902.5,484820927556000.5,98.0,362235211302951.5,122585716253049.02,614629619464889.4,1.9844674545084815,16.07756182093121,16.686630089249114,98.0,16.38209595509016,0.3045341341589527,1.526896482831711,1.9844674545084815,5.58309993998558,5.855511695697098,98.0,5.719305817841339,0.13620587785575908,0.682919425151902,1.9844674545084815,99.0,0.48484848484848486,-0.022063580687110007,0.020289190629465423,98.0,-0.000887195028822293,0.021176385658287715,0.10617577852159744,1.9844674545084815,RandomForestRegressor,"{'mode': 'original', 'type': 'RandomForestRegressor'}",2,"['re_T2W40', 'lsc_T2W40']",0.19157909614808066,0.2419791904131976,98.0,0.21677914328063913,0.025200047132558454,0.12634991949314026,1.9844674545084815,7.447760989595227,7.659361073819457,98.0,7.553561031707342,0.10580004211211466,0.5304683254328246,1.9844674545084815,completed,True,COMPLETE
273,6.585222702875891,2026-06-11 23:41:48.446438,2026-06-11 23:41:48.581929,0 days 00:00:00.135491,,,,,,,,,,,manhattan,20.0,distance,,KNeighborsRegressor,,,,,,2,,,,,0.07979207312369803,0.013188703308766436,LinearSVR,,,,,,,,,,,,,,,,,,,,,,,,,,,,,,,,,,,,,,,,,,,,,,KNeighborsRegressor,"{'mode': 'proxy', 'type': 'LinearSVR'}",2,"['pe_T2W40', 'l1_T2W40']",,,,,,,,,,,,,,,pruned,True,PRUNED
274,6.282083689148352,2026-06-11 23:41:48.592207,2026-06-11 23:42:14.356876,0 days 00:00:25.764669,,,,,,,,,,,,,,,RandomForestRegressor,13.0,sqrt,3.0,5.0,300.0,2,,,,,,,,True,-0.0015543480472462404,0.022780222956756108,98.0,0.010612937454754933,0.012167285502001173,0.061005264614829385,1.9844674545084815,6.186839136045864,6.377328242250839,98.0,6.282083689148352,0.09524455310248732,0.47754440907815954,1.9844674545084815,239775670003107.16,485059682479256.9,98.0,362417676241182.0,122642006238074.84,614911850487667.6,1.9844674545084815,16.077522166096895,16.68633678285475,98.0,16.38192947447582,0.3044073083789285,1.5262605940569234,1.9844674545084815,5.582756787202605,5.855424167599557,98.0,5.719090477401081,0.1363336901984759,0.683560260430009,1.9844674545084815,99.0,0.48484848484848486,-0.022098893920948826,0.02026962360210948,98.0,-0.0009146351594196719,0.021184258761529153,0.1062152532874772,1.9844674545084815,RandomForestRegressor,"{'mode': 'original', 'type': 'RandomForestRegressor'}",2,"['re_T2W40', 'lsc_T2W40']",0.1914821556749764,0.2418863475857133,98.0,0.21668425163034485,0.025202095955368445,0.12636019203730403,1.9844674545084815,7.4478247687527706,7.659497639039715,98.0,7.553661203896243,0.1058364351434723,0.5306507955908351,1.9844674545084815,completed,True,COMPLETE
275,6.282337797382054,2026-06-11 23:42:14.369745,2026-06-11 23:42:40.015504,0 days 00:00:25.645759,,,,,,,,,,,,,,,RandomForestRegressor,13.0,sqrt,3.0,5.0,301.0,2,,,,,,,,True,-0.00160826140746634,0.0227583578614214,98.0,0.01057504822697753,0.01218330963444387,0.061085607632976616,1.9844674545084815,6.186971611944426,6.377703982819682,98.0,6.282337797382054,0.095366185437628,0.47815425856264443,1.9844674545084815,239789451502263.5,485075708680085.4,98.0,362432580091174.44,122643128588910.95,614917477815943.6,1.9844674545084815,16.07607449302669,16.685294123709657,98.0,16.380684308368174,0.30460981534148135,1.5272759389203976,1.9844674545084815,5.582584670274675,5.855549683031328,98.0,5.7190671766530015,0.13648250637832646,0.6843064063496767,1.9844674545084815,99.0,0.48484848484848486,-0.022212100982058378,0.02019117535468687,98.0,-0.001010462813685756,0.021201638168372623,0.10630239148384485,1.9844674545084815,RandomForestRegressor,"{'mode': 'original', 'type': 'RandomForestRegressor'}",2,"['re_T2W40', 'lsc_T2W40']",0.19110080788476985,0.2419465683653576,98.0,0.21652368812506373,0.025422880240293884,0.12746717713455163,1.9844674545084815,7.448067972711257,7.660011783684169,98.0,7.554039878197713,0.10597190548645598,0.5313300271351119,1.9844674545084815,completed,True,COMPLETE
276,6.282083689148352,2026-06-11 23:42:40.028182,2026-06-11 23:43:05.629782,0 days 00:00:25.601600,,,,,,,,,,,,,,,RandomForestRegressor,13.0,sqrt,3.0,5.0,300.0,2,,,,,,,,True,-0.0015543480472462404,0.022780222956756108,98.0,0.010612937454754933,0.012167285502001173,0.061005264614829385,1.9844674545084815,6.186839136045864,6.377328242250839,98.0,6.282083689148352,0.09524455310248732,0.47754440907815954,1.9844674545084815,239775670003107.16,485059682479256.9,98.0,362417676241182.0,122642006238074.84,614911850487667.6,1.9844674545084815,16.077522166096895,16.68633678285475,98.0,16.38192947447582,0.3044073083789285,1.5262605940569234,1.9844674545084815,5.582756787202605,5.855424167599557,98.0,5.719090477401081,0.1363336901984759,0.683560260430009,1.9844674545084815,99.0,0.48484848484848486,-0.022098893920948826,0.02026962360210948,98.0,-0.0009146351594196719,0.021184258761529153,0.1062152532874772,1.9844674545084815,RandomForestRegressor,"{'mode': 'original', 'type': 'RandomForestRegressor'}",2,"['re_T2W40', 'lsc_T2W40']",0.1914821556749764,0.2418863475857133,98.0,0.21668425163034485,0.025202095955368445,0.12636019203730403,1.9844674545084815,7.4478247687527706,7.659497639039715,98.0,7.553661203896243,0.1058364351434723,0.5306507955908351,1.9844674545084815,completed,True,COMPLETE
277,6.40728901392284,2026-06-11 23:43:05.643907,2026-06-11 23:43:05.769010,0 days 00:00:00.125103,,,,0.27479247267248946,0.7708314092816264,,,,,,,,,,ElasticNet,,,,,,2,,,,,,,,True,,,,,,,,,,,,,,,,,,,,,,,,,,,,,,,,,,,,,,,,,,,,,ElasticNet,"{'mode': 'original', 'type': 'ElasticNet'}",2,"['pe_T2W40', 'density_T2W40']",,,,,,,,,,,,,,,pruned,True,PRUNED
278,6.282337797382054,2026-06-11 23:43:05.779067,2026-06-11 23:43:31.632509,0 days 00:00:25.853442,,,,,,,,,,,,,,,RandomForestRegressor,13.0,sqrt,3.0,5.0,301.0,2,,,,,,,,True,-0.00160826140746634,0.0227583578614214,98.0,0.01057504822697753,0.01218330963444387,0.061085607632976616,1.9844674545084815,6.186971611944426,6.377703982819682,98.0,6.282337797382054,0.095366185437628,0.47815425856264443,1.9844674545084815,239789451502263.5,485075708680085.4,98.0,362432580091174.44,122643128588910.95,614917477815943.6,1.9844674545084815,16.07607449302669,16.685294123709657,98.0,16.380684308368174,0.30460981534148135,1.5272759389203976,1.9844674545084815,5.582584670274675,5.855549683031328,98.0,5.7190671766530015,0.13648250637832646,0.6843064063496767,1.9844674545084815,99.0,0.48484848484848486,-0.022212100982058378,0.02019117535468687,98.0,-0.001010462813685756,0.021201638168372623,0.10630239148384485,1.9844674545084815,RandomForestRegressor,"{'mode': 'original', 'type': 'RandomForestRegressor'}",2,"['re_T2W40', 'lsc_T2W40']",0.19110080788476985,0.2419465683653576,98.0,0.21652368812506373,0.025422880240293884,0.12746717713455163,1.9844674545084815,7.448067972711257,7.660011783684169,98.0,7.554039878197713,0.10597190548645598,0.5313300271351119,1.9844674545084815,completed,True,COMPLETE
279,6.41154730952058,2026-06-11 23:43:31.645549,2026-06-11 23:43:31.761455,0 days 00:00:00.115906,,,,,,,,,,,,,,,LinearRegression,,,,,,2,,,,,,,,True,,,,,,,,,,,,,,,,,,,,,,,,,,,,,,,,,,,,,,,,,,,,,LinearRegression,"{'mode': 'original', 'type': 'LinearRegression'}",2,"['nodes_T2W40', 'pe_T2W40']",,,,,,,,,,,,,,,pruned,True,PRUNED
