number,value,datetime_start,datetime_complete,duration,params_dt_max_depth,params_dt_min_samples_leaf,params_dt_min_samples_split,params_elastic_alpha,params_elastic_l1_ratio,params_et_max_depth,params_et_max_features,params_et_min_samples_leaf,params_et_min_samples_split,params_et_n_estimators,params_knn_metric,params_knn_n_neighbors,params_knn_weights,params_quantile_alpha,params_regressor,params_rf_max_depth,params_rf_max_features,params_rf_min_samples_leaf,params_rf_min_samples_split,params_rf_n_estimators,params_rfe_n_features,params_rfe_proxy_et_max_depth,params_rfe_proxy_et_min_samples_leaf,params_rfe_proxy_et_min_samples_split,params_rfe_proxy_et_n_estimators,params_rfe_proxy_lsvr_C,params_rfe_proxy_lsvr_epsilon,params_rfe_proxy_type,params_use_scaler,user_attrs_d2mae_ci_lower_val,user_attrs_d2mae_ci_upper_val,user_attrs_d2mae_df_val,user_attrs_d2mae_mean_val,user_attrs_d2mae_samperror_val,user_attrs_d2mae_std_val,user_attrs_d2mae_t_critical_val,user_attrs_mae_ci_lower_val,user_attrs_mae_ci_upper_val,user_attrs_mae_df_val,user_attrs_mae_mean_val,user_attrs_mae_samperror_val,user_attrs_mae_std_val,user_attrs_mae_t_critical_val,user_attrs_mape_ci_lower_val,user_attrs_mape_ci_upper_val,user_attrs_mape_df_val,user_attrs_mape_mean_val,user_attrs_mape_samperror_val,user_attrs_mape_std_val,user_attrs_mape_t_critical_val,user_attrs_max_error_ci_lower_val,user_attrs_max_error_ci_upper_val,user_attrs_max_error_df_val,user_attrs_max_error_mean_val,user_attrs_max_error_samperror_val,user_attrs_max_error_std_val,user_attrs_max_error_t_critical_val,user_attrs_median_ae_ci_lower_val,user_attrs_median_ae_ci_upper_val,user_attrs_median_ae_df_val,user_attrs_median_ae_mean_val,user_attrs_median_ae_samperror_val,user_attrs_median_ae_std_val,user_attrs_median_ae_t_critical_val,user_attrs_n_splits_val,user_attrs_r2_below_zero_val,user_attrs_r2_ci_lower_val,user_attrs_r2_ci_upper_val,user_attrs_r2_df_val,user_attrs_r2_mean_val,user_attrs_r2_samperror_val,user_attrs_r2_std_val,user_attrs_r2_t_critical_val,user_attrs_regressor_final,user_attrs_rfe_estimator,user_attrs_rfe_n_features,user_attrs_rfe_selected_features,user_attrs_rho_ci_lower_val,user_attrs_rho_ci_upper_val,user_attrs_rho_df_val,user_attrs_rho_mean_val,user_attrs_rho_samperror_val,user_attrs_rho_std_val,user_attrs_rho_t_critical_val,user_attrs_rmse_ci_lower_val,user_attrs_rmse_ci_upper_val,user_attrs_rmse_df_val,user_attrs_rmse_mean_val,user_attrs_rmse_samperror_val,user_attrs_rmse_std_val,user_attrs_rmse_t_critical_val,user_attrs_termination_reason,user_attrs_use_scaler_final,state
119,6.308247080293429,2026-06-11 22:31:21.755277,2026-06-11 22:31:58.255935,0 days 00:00:36.500658,,,,,,,,,,,,,,,RandomForestRegressor,5.0,log2,4.0,9.0,438.0,4,,,,,,,,True,-0.00209796245259229,0.0151112728243225,98.0,0.006506655185865105,0.008604617638457395,0.04314248859017782,1.9844674545084815,6.228749709153983,6.387744451432876,98.0,6.308247080293429,0.07949737113944655,0.39858998638172743,1.9844674545084815,239430396693357.53,483200348211668.0,98.0,361315372452512.75,121884975759155.22,611116193298528.2,1.9844674545084815,16.009849486102134,16.626413331164734,98.0,16.318131408633434,0.3082819225313006,1.545687430191158,1.9844674545084815,5.691488935879015,5.909530061471219,98.0,5.800509498675117,0.10902056279610205,0.5466156178171341,1.9844674545084815,99.0,0.3939393939393939,0.004859048108273341,0.03353812001589565,98.0,0.019198584062084495,0.014339535953811154,0.07189665970871084,1.9844674545084815,RandomForestRegressor,"{'mode': 'original', 'type': 'RandomForestRegressor'}",4,"['re_T2W40', 'pe_T2W40', 'l3_T2W40', 'lsc_T2W40']",0.152473775289253,0.19874992372243155,98.0,0.17561184950584227,0.023138074216589276,0.11601144232445527,1.9844674545084815,7.3938813835298856,7.572664562998526,98.0,7.483272973264206,0.08939158973432029,0.4481983746650437,1.9844674545084815,completed,True,COMPLETE
120,7.267140860833672,2026-06-11 22:31:58.269221,2026-06-11 22:31:58.419849,0 days 00:00:00.150628,10.0,3.0,11.0,,,,,,,,,,,,DecisionTreeRegressor,,,,,,5,,,,,,,,True,,,,,,,,,,,,,,,,,,,,,,,,,,,,,,,,,,,,,,,,,,,,,DecisionTreeRegressor,"{'mode': 'original', 'type': 'DecisionTreeRegressor'}",5,"['re_T2W40', 'pe_T2W40', 'l3_T2W40', 'lsc_T2W40', 'density_T2W40']",,,,,,,,,,,,,,,pruned,True,PRUNED
121,6.308458598259256,2026-06-11 22:31:58.429480,2026-06-11 22:32:35.217212,0 days 00:00:36.787732,,,,,,,,,,,,,,,RandomForestRegressor,5.0,log2,4.0,9.0,440.0,4,,,,,,,,True,-0.0021333979071890352,0.015076030638244572,98.0,0.006471316365527768,0.008604714272716803,0.043142973102402435,1.9844674545084815,6.228997455565348,6.387919740953165,98.0,6.308458598259256,0.07946114269390851,0.3984083414366599,1.9844674545084815,239369911560439.5,483085818520751.9,98.0,361227865040595.7,121857953480156.17,610980706933836.5,1.9844674545084815,16.00885366442375,16.625679465776916,98.0,16.317266565100333,0.30841290067658206,1.5463441384117664,1.9844674545084815,5.69227744010777,5.910565714961708,98.0,5.801421577534739,0.10914413742696874,0.5472352057321593,1.9844674545084815,99.0,0.3939393939393939,0.004787146544208592,0.03347661224622178,98.0,0.019131879395215188,0.014344732851006596,0.07192271630847846,1.9844674545084815,RandomForestRegressor,"{'mode': 'original', 'type': 'RandomForestRegressor'}",4,"['re_T2W40', 'pe_T2W40', 'l3_T2W40', 'lsc_T2W40']",0.15228609009018762,0.1988015230980817,98.0,0.17554380659413465,0.02325771650394703,0.11661131395549268,1.9844674545084815,7.394143309659494,7.572883142729719,98.0,7.4835132261946065,0.08936991653511236,0.44808970792483177,1.9844674545084815,completed,True,COMPLETE
122,6.307583156067911,2026-06-11 22:32:35.265762,2026-06-11 22:33:13.118217,0 days 00:00:37.852455,,,,,,,,,,,,,,,RandomForestRegressor,5.0,log2,4.0,9.0,455.0,4,,,,,,,,True,-0.002005609707099543,0.015215452921418376,98.0,0.006604921607159417,0.00861053131425896,0.04317213902922287,1.9844674545084815,6.2281907317739265,6.386975580361895,98.0,6.307583156067911,0.07939242429398445,0.3980637958787715,1.9844674545084815,239462398962096.8,483241464704699.2,98.0,361351931833398.0,121889532871301.19,611139042095188.6,1.9844674545084815,16.00858142442286,16.626941695674947,98.0,16.317761560048904,0.30918013562604235,1.5501909595540722,1.9844674545084815,5.690761322613533,5.907506670050513,98.0,5.799133996332023,0.10837267371848965,0.5433671821151608,1.9844674545084815,99.0,0.3939393939393939,0.0049099678527662356,0.03358810890562317,98.0,0.019249038379194703,0.014339070526428467,0.07189432611337973,1.9844674545084815,RandomForestRegressor,"{'mode': 'original', 'type': 'RandomForestRegressor'}",4,"['re_T2W40', 'pe_T2W40', 'l3_T2W40', 'lsc_T2W40']",0.15181411782713167,0.1984569368366999,98.0,0.17513552733191579,0.023321409504784125,0.11693066278391792,1.9844674545084815,7.393796048522472,7.5722684080693705,98.0,7.483032228295921,0.08923617977344947,0.447419168342882,1.9844674545084815,completed,True,COMPLETE
123,6.418782670340799,2026-06-11 22:33:13.131897,2026-06-11 22:33:16.059132,0 days 00:00:02.927235,,,,,,,,,,,,,,,RandomForestRegressor,4.0,log2,4.0,9.0,458.0,13,,,,,,,,True,,,,,,,,,,,,,,,,,,,,,,,,,,,,,,,,,,,,,,,,,,,,,RandomForestRegressor,"{'mode': 'original', 'type': 'RandomForestRegressor'}",13,"['nodes_T2W40', 'edges_T2W40', 're_T2W40', 'pe_T2W40', 'l1_T2W40', 'l2_T2W40', 'l3_T2W40', 'lcc_T2W40', 'lsc_T2W40', 'atd_T2W40', 'density_T2W40', 'diameter_T2W40', 'asp_T2W40']",,,,,,,,,,,,,,,pruned,True,PRUNED
124,6.308509305375736,2026-06-11 22:33:16.069019,2026-06-11 22:33:52.407500,0 days 00:00:36.338481,,,,,,,,,,,,,,,RandomForestRegressor,5.0,log2,4.0,9.0,435.0,4,,,,,,,,True,-0.002139773401988093,0.01506457086951369,98.0,0.006462398733762798,0.008602172135750891,0.043130227142075706,1.9844674545084815,6.2290788776788055,6.387939733072667,98.0,6.308509305375736,0.0794304276969305,0.39825434024074985,1.9844674545084815,239525856225758.38,483374251366535.25,98.0,361450053796146.8,121924197570388.45,611312846608961.6,1.9844674545084815,16.00976204406774,16.626341064401387,98.0,16.318051554234565,0.308289510166822,1.545725473657197,1.9844674545084815,5.693635554996036,5.912761566776767,98.0,5.803198560886401,0.10956300589036548,0.5493353604005217,1.9844674545084815,99.0,0.40404040404040403,0.004726792952280791,0.03338329707140308,98.0,0.019055045011841933,0.014328252059561142,0.07184008365857258,1.9844674545084815,RandomForestRegressor,"{'mode': 'original', 'type': 'RandomForestRegressor'}",4,"['re_T2W40', 'pe_T2W40', 'l3_T2W40', 'lsc_T2W40']",0.15232017022303562,0.1985924991295243,98.0,0.17545633467627997,0.02313616445324434,0.11600186700724993,1.9844674545084815,7.394509203973533,7.573102687283151,98.0,7.483805945628342,0.0892967416548089,0.44772281812551395,1.9844674545084815,completed,True,COMPLETE
125,6.308344506146624,2026-06-11 22:33:52.420693,2026-06-11 22:34:29.467951,0 days 00:00:37.047258,,,,,,,,,,,,,,,RandomForestRegressor,5.0,log2,4.0,9.0,442.0,4,,,,,,,,True,-0.002115889033937915,0.015091161205772245,98.0,0.006487636085917165,0.00860352511985508,0.04313701083703233,1.9844674545084815,6.2289192139154235,6.387769798377825,98.0,6.308344506146624,0.07942529223120083,0.3982285916507535,1.9844674545084815,239267671346261.12,482873864812003.5,98.0,361070768079132.3,121803096732871.17,610705661987822.9,1.9844674545084815,16.010260213886408,16.62631615125809,98.0,16.31828818257225,0.3080279686858422,1.5444141370199247,1.9844674545084815,5.690928106227246,5.909005441624566,98.0,5.799966773925906,0.10903866769865972,0.5467063935592809,1.9844674545084815,99.0,0.3939393939393939,0.004799589492140948,0.033487595741516434,98.0,0.01914359261682869,0.014344003124687742,0.07191905755097082,1.9844674545084815,RandomForestRegressor,"{'mode': 'original', 'type': 'RandomForestRegressor'}",4,"['re_T2W40', 'pe_T2W40', 'l3_T2W40', 'lsc_T2W40']",0.15254861508648357,0.19892666632583775,98.0,0.17573764070616066,0.02318902561967709,0.11626690635769077,1.9844674545084815,7.3941248853705694,7.572796641212355,98.0,7.483460763291462,0.08933587792089272,0.44791904252314874,1.9844674545084815,completed,True,COMPLETE
126,6.405286260256575,2026-06-11 22:34:29.481089,2026-06-11 22:35:08.245744,0 days 00:00:38.764655,,,,,,,,,,,,,,,RandomForestRegressor,5.0,,4.0,9.0,438.0,5,,,,,,,,True,-0.017807592834640052,0.00031966292100782043,98.0,-0.008743964956816116,0.009063627877823936,0.045443909158378225,1.9844674545084815,6.322635268090674,6.487937252422475,98.0,6.405286260256575,0.08265099216590079,0.41440185215754805,1.9844674545084815,261392993600423.6,528895988804511.0,98.0,395144491202467.3,133751497602043.72,670613466126062.5,1.9844674545084815,16.42265195536366,17.076299281015704,98.0,16.74947561818968,0.32682366282602193,1.6386534227219387,1.9844674545084815,5.711627263333502,5.94609234037564,98.0,5.828859801854571,0.11723253852106866,0.587789448416387,1.9844674545084815,99.0,0.5858585858585859,-0.03204284198116365,-0.0002909757808530443,98.0,-0.016166908881008347,0.015875933100155303,0.07959996497353576,1.9844674545084815,RandomForestRegressor,"{'mode': 'original', 'type': 'RandomForestRegressor'}",5,"['re_T2W40', 'pe_T2W40', 'l3_T2W40', 'lsc_T2W40', 'density_T2W40']",0.11456482704516713,0.16170698110199433,98.0,0.13813590407358073,0.0235710770284136,0.11818246486764813,1.9844674545084815,7.522300241090397,7.710926914452026,98.0,7.616613577771211,0.09431333668081437,0.4728754051159784,1.9844674545084815,completed,True,COMPLETE
127,6.306707961947844,2026-06-11 22:35:08.258423,2026-06-11 22:35:47.311722,0 days 00:00:39.053299,,,,,,,,,,,,,,,RandomForestRegressor,4.0,log2,2.0,9.0,469.0,4,,,,,,,,True,-0.0014501150124050354,0.014824612683314373,98.0,0.006687248835454669,0.008137363847859704,0.04079973587569555,1.9844674545084815,6.230641833376278,6.382774090519411,98.0,6.306707961947844,0.07606612857156676,0.38138616053439733,1.9844674545084815,239649503016167.56,483246993555556.44,98.0,361448248285862.0,121798745269694.44,610683844289658.9,1.9844674545084815,16.090709707697116,16.688299647170652,98.0,16.389504677433884,0.2987949697367689,1.4981210222587056,1.9844674545084815,5.7230580130928965,5.9431226520711595,98.0,5.833090332582028,0.11003231948913164,0.5516884407383964,1.9844674545084815,99.0,0.3939393939393939,0.007687053992740228,0.033629525880002176,98.0,0.020658289936371203,0.012971235943630975,0.0650361726937734,1.9844674545084815,RandomForestRegressor,"{'mode': 'original', 'type': 'RandomForestRegressor'}",4,"['re_T2W40', 'pe_T2W40', 'l3_T2W40', 'lsc_T2W40']",0.14836315088950458,0.19458205325886874,98.0,0.17147260207418666,0.02310945118468208,0.11586792998266877,1.9844674545084815,7.391728589581317,7.565884282118476,98.0,7.478806435849896,0.08707784626857978,0.43659755109966275,1.9844674545084815,completed,True,COMPLETE
128,6.612182177952077,2026-06-11 22:35:47.400980,2026-06-11 22:35:47.842219,0 days 00:00:00.441239,,,,,,,,,,,manhattan,10.0,distance,,KNeighborsRegressor,,,,,,4,12.0,5.0,12.0,80.0,,,ExtraTrees,,,,,,,,,,,,,,,,,,,,,,,,,,,,,,,,,,,,,,,,,,,,,,KNeighborsRegressor,"{'mode': 'proxy', 'type': 'ExtraTrees'}",4,"['re_T2W40', 'pe_T2W40', 'l2_T2W40', 'l3_T2W40']",,,,,,,,,,,,,,,pruned,True,PRUNED
129,6.545788655334585,2026-06-11 22:35:47.852335,2026-06-11 22:35:48.038503,0 days 00:00:00.186168,,,,0.0049872786981881995,0.3617329888880053,,,,,,,,,,ElasticNet,,,,,,5,,,,,,,,True,,,,,,,,,,,,,,,,,,,,,,,,,,,,,,,,,,,,,,,,,,,,,ElasticNet,"{'mode': 'original', 'type': 'ElasticNet'}",5,"['re_T2W40', 'pe_T2W40', 'lcc_T2W40', 'density_T2W40', 'asp_T2W40']",,,,,,,,,,,,,,,pruned,True,PRUNED
130,6.454676927095644,2026-06-11 22:35:48.048158,2026-06-11 22:35:48.209285,0 days 00:00:00.161127,,,,,,,,,,,,,,,LinearRegression,,,,,,4,,,,,,,,True,,,,,,,,,,,,,,,,,,,,,,,,,,,,,,,,,,,,,,,,,,,,,LinearRegression,"{'mode': 'original', 'type': 'LinearRegression'}",4,"['nodes_T2W40', 're_T2W40', 'pe_T2W40', 'asp_T2W40']",,,,,,,,,,,,,,,pruned,True,PRUNED
131,6.324739987188555,2026-06-11 22:35:48.218847,2026-06-11 22:36:25.497915,0 days 00:00:37.279068,,,,,,,,,,,,,,,RandomForestRegressor,3.0,log2,4.0,9.0,460.0,4,,,,,,,,True,-0.0031423199136516506,0.01075253918760557,98.0,0.0038051096369769596,0.00694742955062861,0.034833552484592856,1.9844674545084815,6.254424038909859,6.395055935467251,98.0,6.324739987188555,0.07031594827869592,0.35255546774824814,1.9844674545084815,241518229618667.28,486766434927391.1,98.0,364142332273029.2,122624102654361.9,614822084133308.5,1.9844674545084815,15.940794559224974,16.49329872239135,98.0,16.217046640808164,0.2762520815831895,1.3850937692394987,1.9844674545084815,5.785869562823152,5.984604373062073,98.0,5.885236967942612,0.09936740511946043,0.49821587916258064,1.9844674545084815,99.0,0.3333333333333333,0.011029979424258735,0.03412410817140349,98.0,0.02257704379783111,0.011547064373572377,0.057895552587994496,1.9844674545084815,RandomForestRegressor,"{'mode': 'original', 'type': 'RandomForestRegressor'}",4,"['re_T2W40', 'pe_T2W40', 'l3_T2W40', 'lsc_T2W40']",0.14224425459729473,0.18867976617220267,98.0,0.1654620103847487,0.02321775578745396,0.11641095586547687,1.9844674545084815,7.38884717317313,7.555338447197745,98.0,7.472092810185438,0.08324563701230757,0.4173833278696881,1.9844674545084815,completed,True,COMPLETE
132,6.308781090044007,2026-06-11 22:36:25.511413,2026-06-11 22:37:01.771036,0 days 00:00:36.259623,,,,,,,,,,,,,,,RandomForestRegressor,5.0,log2,4.0,9.0,436.0,4,,,,,,,,True,-0.002185254504339201,0.015022755968457525,98.0,0.0064187507320591615,0.008604005236398362,0.04313941808199785,1.9844674545084815,6.229356356090454,6.388205823997559,98.0,6.308781090044007,0.07942473395355279,0.39822579251567597,1.9844674545084815,239486758317932.56,483309111264007.3,98.0,361397934790969.94,121911176473037.36,611247560437337.9,1.9844674545084815,16.00964921087384,16.626490972391267,98.0,16.318070091632553,0.3084208807587122,1.5463841495565627,1.9844674545084815,5.694354662304596,5.913240194541267,98.0,5.803797428422931,0.10944276611833584,0.5487324930552384,1.9844674545084815,99.0,0.3939393939393939,0.004686006397518237,0.03335853092203776,98.0,0.019022268659777998,0.014336262262259761,0.07188024582417372,1.9844674545084815,RandomForestRegressor,"{'mode': 'original', 'type': 'RandomForestRegressor'}",4,"['re_T2W40', 'pe_T2W40', 'l3_T2W40', 'lsc_T2W40']",0.15220781422057916,0.1983569528174659,98.0,0.17528238351902253,0.023074569298443374,0.11569303651938094,1.9844674545084815,7.394622320208487,7.573211889344314,98.0,7.483917104776401,0.08929478456791319,0.4477130055338782,1.9844674545084815,completed,True,COMPLETE
133,6.3067556283854325,2026-06-11 22:37:01.847984,2026-06-11 22:37:40.264046,0 days 00:00:38.416062,,,,,,,,,,,,,,,RandomForestRegressor,4.0,log2,2.0,9.0,467.0,4,,,,,,,,True,-0.001447763195385341,0.014807678503215928,98.0,0.006679957653915294,0.008127720849300635,0.04075138707359999,1.9844674545084815,6.230724583577529,6.382786673193336,98.0,6.3067556283854325,0.07603104480790368,0.3812102548826725,1.9844674545084815,239560908344522.88,483083946492185.75,98.0,361322427418354.3,121761519073831.44,610497196747867.1,1.9844674545084815,16.091650921303415,16.689116826989395,98.0,16.390383874146405,0.2987329528429892,1.4978100772237593,1.9844674545084815,5.723299094699061,5.944347360318759,98.0,5.83382322750891,0.11052413280984881,0.5541543318992896,1.9844674545084815,99.0,0.3838383838383838,0.007636364066001053,0.03355426154552821,98.0,0.02059531280576463,0.012958948739763576,0.0649745661733064,1.9844674545084815,RandomForestRegressor,"{'mode': 'original', 'type': 'RandomForestRegressor'}",4,"['re_T2W40', 'pe_T2W40', 'l3_T2W40', 'lsc_T2W40']",0.14846381459097613,0.19479463455675944,98.0,0.17162922457386778,0.023165409982891665,0.11614850047571278,1.9844674545084815,7.392021233383094,7.5660692208649944,98.0,7.479045227124044,0.08702399374095032,0.4363275411867966,1.9844674545084815,completed,True,COMPLETE
134,6.31034110821183,2026-06-11 22:37:40.276312,2026-06-11 22:38:18.254455,0 days 00:00:37.978143,,,,,,,,,,,,,,,RandomForestRegressor,4.0,log2,2.0,9.0,467.0,5,,,,,,,,True,-0.0018729683926288687,0.013924526210443836,98.0,0.006025778908907484,0.007898747301536353,0.039603342025354926,1.9844674545084815,6.237334457380485,6.383347759043175,98.0,6.31034110821183,0.0730066508313444,0.36604631755177414,1.9844674545084815,237845450499598.62,479853904089240.1,98.0,358849677294419.4,121004226794820.77,606700226925451.6,1.9844674545084815,16.053821473545206,16.69008138123447,98.0,16.37195142738984,0.3181299538446311,1.59506424115742,1.9844674545084815,5.72929517059133,5.9443357857805985,98.0,5.836815478185964,0.10752030759463449,0.5390935237937589,1.9844674545084815,99.0,0.40404040404040403,0.004133758325603721,0.0313818792746642,98.0,0.01775781880013396,0.01362406047453024,0.06830935414809297,1.9844674545084815,RandomForestRegressor,"{'mode': 'original', 'type': 'RandomForestRegressor'}",5,"['re_T2W40', 'pe_T2W40', 'l2_T2W40', 'l3_T2W40', 'lsc_T2W40']",0.13956653414388343,0.18715625387353013,98.0,0.16336139400870678,0.023794859864823346,0.11930448433116679,1.9844674545084815,7.40270897164053,7.574668295008143,98.0,7.488688633324337,0.08597966168380636,0.4310913894188992,1.9844674545084815,completed,True,COMPLETE
135,6.326149936854934,2026-06-11 22:38:18.267601,2026-06-11 22:38:55.712018,0 days 00:00:37.444417,,,,,,,,,,,,,,,RandomForestRegressor,3.0,log2,2.0,9.0,467.0,5,,,,,,,,True,-0.003593578226426923,0.01052078573299509,98.0,0.003463603753284083,0.007057181979711006,0.0353838375894497,1.9844674545084815,6.2582691604261855,6.394030713283683,98.0,6.326149936854934,0.06788077642874885,0.34034581728314056,1.9844674545084815,237533212961890.56,478818403093771.7,98.0,358175808027831.1,120642595065940.55,604887050164716.6,1.9844674545084815,15.943339998702548,16.538495746307362,98.0,16.240917872504955,0.2975778738024067,1.492018653778473,1.9844674545084815,5.785008971395867,5.999787857936908,98.0,5.8923984146663875,0.10738944327052032,0.5384373862584053,1.9844674545084815,99.0,0.3434343434343434,0.008342632953419762,0.03231440210995607,98.0,0.020328517531687917,0.011985884578268154,0.060095742819529424,1.9844674545084815,RandomForestRegressor,"{'mode': 'original', 'type': 'RandomForestRegressor'}",5,"['re_T2W40', 'pe_T2W40', 'l2_T2W40', 'l3_T2W40', 'lsc_T2W40']",0.13913964321933892,0.1870213822343934,98.0,0.16308051272686616,0.02394086950752724,0.12003655862070346,1.9844674545084815,7.397659270976381,7.5620309699273465,98.0,7.479845120451864,0.0821858494754832,0.41206968423826057,1.9844674545084815,completed,True,COMPLETE
136,6.339644114489136,2026-06-11 22:38:55.724647,2026-06-11 22:39:33.638814,0 days 00:00:37.914167,,,,,,,,,,,,,,,RandomForestRegressor,4.0,log2,2.0,9.0,468.0,6,,,,,,,,True,-0.005945179068200508,0.008683373670879842,98.0,0.0013690973013396673,0.007314276369540175,0.03667287706172451,1.9844674545084815,6.2700316038912165,6.409256625087056,98.0,6.339644114489136,0.06961251059791962,0.34902851822045555,1.9844674545084815,250540833558651.12,505609578211077.25,98.0,378075205884864.2,127534372326213.08,639441568948733.0,1.9844674545084815,16.079162845580466,16.709403475806273,98.0,16.39428316069337,0.31512031511290334,1.5799742847991267,1.9844674545084815,5.775908864470534,5.9753270262270135,98.0,5.875617945348774,0.09970908087823983,0.49992899915745387,1.9844674545084815,99.0,0.42424242424242425,-0.002533244913050065,0.023552793095888813,98.0,0.010509774091419373,0.013043019004469438,0.06539608408243874,1.9844674545084815,RandomForestRegressor,"{'mode': 'original', 'type': 'RandomForestRegressor'}",6,"['re_T2W40', 'pe_T2W40', 'l2_T2W40', 'l3_T2W40', 'lsc_T2W40', 'density_T2W40']",0.1267045082798795,0.17414509435090803,98.0,0.15042480131539376,0.023720293035514275,0.11893061547169599,1.9844674545084815,7.431763750685102,7.60199446078555,98.0,7.516879105735326,0.08511535505022408,0.42675786285856926,1.9844674545084815,completed,True,COMPLETE
