number,value,datetime_start,datetime_complete,duration,params_dt_max_depth,params_dt_min_samples_leaf,params_dt_min_samples_split,params_elastic_alpha,params_elastic_l1_ratio,params_et_max_depth,params_et_max_features,params_et_min_samples_leaf,params_et_min_samples_split,params_et_n_estimators,params_knn_metric,params_knn_n_neighbors,params_knn_weights,params_quantile_alpha,params_regressor,params_rf_max_depth,params_rf_max_features,params_rf_min_samples_leaf,params_rf_min_samples_split,params_rf_n_estimators,params_rfe_n_features,params_rfe_proxy_et_max_depth,params_rfe_proxy_et_min_samples_leaf,params_rfe_proxy_et_min_samples_split,params_rfe_proxy_et_n_estimators,params_rfe_proxy_lsvr_C,params_rfe_proxy_lsvr_epsilon,params_rfe_proxy_type,params_use_scaler,user_attrs_d2mae_ci_lower_val,user_attrs_d2mae_ci_upper_val,user_attrs_d2mae_df_val,user_attrs_d2mae_mean_val,user_attrs_d2mae_samperror_val,user_attrs_d2mae_std_val,user_attrs_d2mae_t_critical_val,user_attrs_mae_ci_lower_val,user_attrs_mae_ci_upper_val,user_attrs_mae_df_val,user_attrs_mae_mean_val,user_attrs_mae_samperror_val,user_attrs_mae_std_val,user_attrs_mae_t_critical_val,user_attrs_mape_ci_lower_val,user_attrs_mape_ci_upper_val,user_attrs_mape_df_val,user_attrs_mape_mean_val,user_attrs_mape_samperror_val,user_attrs_mape_std_val,user_attrs_mape_t_critical_val,user_attrs_max_error_ci_lower_val,user_attrs_max_error_ci_upper_val,user_attrs_max_error_df_val,user_attrs_max_error_mean_val,user_attrs_max_error_samperror_val,user_attrs_max_error_std_val,user_attrs_max_error_t_critical_val,user_attrs_median_ae_ci_lower_val,user_attrs_median_ae_ci_upper_val,user_attrs_median_ae_df_val,user_attrs_median_ae_mean_val,user_attrs_median_ae_samperror_val,user_attrs_median_ae_std_val,user_attrs_median_ae_t_critical_val,user_attrs_n_splits_val,user_attrs_r2_below_zero_val,user_attrs_r2_ci_lower_val,user_attrs_r2_ci_upper_val,user_attrs_r2_df_val,user_attrs_r2_mean_val,user_attrs_r2_samperror_val,user_attrs_r2_std_val,user_attrs_r2_t_critical_val,user_attrs_regressor_final,user_attrs_rfe_estimator,user_attrs_rfe_n_features,user_attrs_rfe_selected_features,user_attrs_rho_ci_lower_val,user_attrs_rho_ci_upper_val,user_attrs_rho_df_val,user_attrs_rho_mean_val,user_attrs_rho_samperror_val,user_attrs_rho_std_val,user_attrs_rho_t_critical_val,user_attrs_rmse_ci_lower_val,user_attrs_rmse_ci_upper_val,user_attrs_rmse_df_val,user_attrs_rmse_mean_val,user_attrs_rmse_samperror_val,user_attrs_rmse_std_val,user_attrs_rmse_t_critical_val,user_attrs_termination_reason,user_attrs_use_scaler_final,state
246,6.291981526509066,2026-06-11 23:31:50.199919,2026-06-11 23:32:16.955062,0 days 00:00:26.755143,,,,,,,,,,,,,,,RandomForestRegressor,4.0,sqrt,3.0,2.0,326.0,3,,,,,,,,True,0.0014994486572167034,0.016338167362429948,98.0,0.008918808009823326,0.007419359352606623,0.037199750141790715,1.9844674545084815,6.220775161706865,6.363187891311267,98.0,6.291981526509066,0.07120636480220068,0.3570199060672873,1.9844674545084815,210034075688255.53,423760782809968.9,98.0,316897429249112.2,106863353560856.66,535799637522757.44,1.9844674545084815,16.095811424480704,16.69861514564059,98.0,16.397213285060648,0.3014018605799437,1.5111916505170546,1.9844674545084815,5.733617052548522,5.955913519798968,98.0,5.844765286173745,0.11114823362522348,0.557283496196618,1.9844674545084815,99.0,0.29292929292929293,0.012545275203284544,0.03960466316573803,98.0,0.026074969184511288,0.013529693981226745,0.06783621222224546,1.9844674545084815,RandomForestRegressor,"{'mode': 'original', 'type': 'RandomForestRegressor'}",3,"['pe_T2W40', 'l3_T2W40', 'lsc_T2W40']",0.13171772097579368,0.18207926817281525,98.0,0.15689849457430446,0.025180773598510797,0.12625328437724306,1.9844674545084815,7.371709119888278,7.54181016610295,98.0,7.456759642995614,0.08505052310733625,0.42643280351556995,1.9844674545084815,completed,True,COMPLETE
247,6.280610471523842,2026-06-11 23:32:16.968767,2026-06-11 23:32:44.937036,0 days 00:00:27.968269,,,,,,,,,,,,,,,RandomForestRegressor,12.0,sqrt,3.0,2.0,330.0,2,,,,,,,,True,-0.0013636477110828271,0.023067593145787612,98.0,0.010851972717352392,0.01221562042843522,0.06124760995773782,1.9844674545084815,6.185036090212629,6.376184852835056,98.0,6.280610471523842,0.09557438131121383,0.47919812692241387,1.9844674545084815,238958327925144.72,483413419215460.9,98.0,361185873570302.8,122227545645158.1,612833796336711.2,1.9844674545084815,16.07073896460771,16.681729032957666,98.0,16.376233998782688,0.30549503417497725,1.5317143166646012,1.9844674545084815,5.575916824543482,5.847261243622359,98.0,5.7115890340829205,0.13567220953943826,0.6802436782198236,1.9844674545084815,99.0,0.5050505050505051,-0.02177327602847999,0.020734877488707268,98.0,-0.0005191992698863607,0.02125407675859363,0.1065653120894257,1.9844674545084815,RandomForestRegressor,"{'mode': 'original', 'type': 'RandomForestRegressor'}",2,"['re_T2W40', 'lsc_T2W40']",0.1917484632884439,0.24231585357275162,98.0,0.21703215843059775,0.025283695142153877,0.12676932026737486,1.9844674545084815,7.4459244304910035,7.6583720455327375,98.0,7.5521482380118705,0.10622380752086696,0.5325930327795285,1.9844674545084815,completed,True,COMPLETE
248,6.41154730952058,2026-06-11 23:32:44.955587,2026-06-11 23:32:45.066592,0 days 00:00:00.111005,,,,,,,,,,,,,,,LinearRegression,,,,,,2,,,,,,,,True,,,,,,,,,,,,,,,,,,,,,,,,,,,,,,,,,,,,,,,,,,,,,LinearRegression,"{'mode': 'original', 'type': 'LinearRegression'}",2,"['nodes_T2W40', 'pe_T2W40']",,,,,,,,,,,,,,,pruned,True,PRUNED
249,6.411499176517369,2026-06-11 23:32:45.076900,2026-06-11 23:32:45.237311,0 days 00:00:00.160411,,,,0.0013076105415334408,0.6360499912296995,,,,,,,,,,ElasticNet,,,,,,2,,,,,,,,True,,,,,,,,,,,,,,,,,,,,,,,,,,,,,,,,,,,,,,,,,,,,,ElasticNet,"{'mode': 'original', 'type': 'ElasticNet'}",2,"['nodes_T2W40', 'pe_T2W40']",,,,,,,,,,,,,,,pruned,True,PRUNED
250,6.282137434585929,2026-06-11 23:32:45.247720,2026-06-11 23:33:12.748067,0 days 00:00:27.500347,,,,,,,,,,,,,,,RandomForestRegressor,14.0,sqrt,3.0,2.0,323.0,2,,,,,,,,True,-0.0015875221200291542,0.022804716368897023,98.0,0.010608597124433935,0.012196119244463089,0.06114983343327584,1.9844674545084815,6.186687701233568,6.377587167938289,98.0,6.282137434585929,0.09544973335236077,0.4785731574736179,1.9844674545084815,239217619985828.28,483924168089086.5,98.0,361570894037457.4,122353274051629.1,613464183016230.1,1.9844674545084815,16.07080353815689,16.680902052599432,98.0,16.37585279537816,0.30504925722127113,1.529479246153963,1.9844674545084815,5.5749269258198835,5.845456198524681,98.0,5.710191562172282,0.13526463635239902,0.6782001566700787,1.9844674545084815,99.0,0.5050505050505051,-0.022092773468540886,0.02038723037560886,98.0,-0.0008527715464660124,0.021240001922074873,0.1064947425999454,1.9844674545084815,RandomForestRegressor,"{'mode': 'original', 'type': 'RandomForestRegressor'}",2,"['re_T2W40', 'lsc_T2W40']",0.19144839353943985,0.2417625474750492,98.0,0.21660547050724452,0.025157076967804677,0.1261344724017643,1.9844674545084815,7.447249471643512,7.659595656461083,98.0,7.553422564052298,0.1061730924087856,0.5323387534801741,1.9844674545084815,completed,True,COMPLETE
251,6.2816334937804825,2026-06-11 23:33:12.762495,2026-06-11 23:33:38.760378,0 days 00:00:25.997883,,,,,,,,,,,,,,,RandomForestRegressor,11.0,sqrt,3.0,2.0,305.0,2,,,,,,,,True,-0.0015188469898501158,0.022888573706399042,98.0,0.010684863358274463,0.012203710348124579,0.06118789428814044,1.9844674545084815,6.18618274480659,6.377084242754375,98.0,6.2816334937804825,0.09545074897389222,0.4785782496743609,1.9844674545084815,239628408534212.7,484792837947543.94,98.0,362210623240878.3,122582214706665.62,614612063144406.5,1.9844674545084815,16.073282911020655,16.681267478976793,98.0,16.377275194998724,0.30399228397806927,1.524179713042677,1.9844674545084815,5.582872247840094,5.8571261442285545,98.0,5.719999196034324,0.13712694819423013,0.6875375579078117,1.9844674545084815,99.0,0.494949494949495,-0.02199234654015298,0.020426393586324615,98.0,-0.0007829764769141835,0.021209370063238798,0.1063411582483962,1.9844674545084815,RandomForestRegressor,"{'mode': 'original', 'type': 'RandomForestRegressor'}",2,"['re_T2W40', 'lsc_T2W40']",0.19209060474356596,0.24248305831034553,98.0,0.21728683152695574,0.025196226783389796,0.1263307647349227,1.9844674545084815,7.447205337796961,7.659097299674245,98.0,7.553151318735603,0.1059459809386412,0.5312000446588069,1.9844674545084815,completed,True,COMPLETE
252,6.282239211344138,2026-06-11 23:33:38.773408,2026-06-11 23:34:05.447554,0 days 00:00:26.674146,,,,,,,,,,,,,,,RandomForestRegressor,13.0,sqrt,3.0,2.0,313.0,2,,,,,,,,True,-0.0015689329630296945,0.02275683079287292,98.0,0.010593948914921611,0.012162881877951306,0.06098318538849889,1.9844674545084815,6.18692020404071,6.377558218647566,98.0,6.282239211344138,0.09531900730342793,0.4779177132329212,1.9844674545084815,239287667411719.72,484134975284917.6,98.0,361711321348318.7,122423653936598.97,613817059054640.0,1.9844674545084815,16.07763237078449,16.686230069747307,98.0,16.381931220265898,0.3042988494814104,1.5257167945593417,1.9844674545084815,5.574567527431811,5.846044526319946,98.0,5.7103060268758785,0.13573849944406727,0.6805760476026673,1.9844674545084815,99.0,0.494949494949495,-0.02213057268397841,0.020225173923105473,98.0,-0.0009526993804364676,0.02117787330354194,0.10618323739090499,1.9844674545084815,RandomForestRegressor,"{'mode': 'original', 'type': 'RandomForestRegressor'}",2,"['re_T2W40', 'lsc_T2W40']",0.19194344214845535,0.24199448214831906,98.0,0.2169689621483872,0.02502551999993186,0.1254748620362735,1.9844674545084815,7.447857886610572,7.659922093047421,98.0,7.553889989828996,0.10603210321842525,0.5316318511177409,1.9844674545084815,completed,True,COMPLETE
253,6.281793867328306,2026-06-11 23:34:05.461333,2026-06-11 23:34:32.436845,0 days 00:00:26.975512,,,,,,,,,,,,,,,RandomForestRegressor,13.0,sqrt,3.0,4.0,316.0,2,,,,,,,,True,-0.0014978891088338903,0.022830514757195733,98.0,0.010666312824180922,0.012164201933014812,0.060989803981318313,1.9844674545084815,6.18643408737774,6.377153647278871,98.0,6.281793867328306,0.09535977995056585,0.47812214224276783,1.9844674545084815,239245418251645.38,484026215777607.75,98.0,361635817014626.56,122390398762981.2,613650321727236.1,1.9844674545084815,16.074463420226856,16.68288561100669,98.0,16.378674515616773,0.30421109538991775,1.5252768063983289,1.9844674545084815,5.576821550621363,5.847870723490739,98.0,5.712346137056051,0.13552458643468743,0.6795035142311422,1.9844674545084815,99.0,0.494949494949495,-0.022022742151343467,0.020376095788300765,98.0,-0.0008233231815213505,0.021199418969822116,0.10629126469679082,1.9844674545084815,RandomForestRegressor,"{'mode': 'original', 'type': 'RandomForestRegressor'}",2,"['re_T2W40', 'lsc_T2W40']",0.19132707611769892,0.24154038073437975,98.0,0.21643372842603933,0.02510665230834041,0.1258816493959078,1.9844674545084815,7.447312137769141,7.659418257220998,98.0,7.5533651974950695,0.10605305972592824,0.5317369244543871,1.9844674545084815,completed,True,COMPLETE
254,6.281870306117473,2026-06-11 23:34:32.450351,2026-06-11 23:34:58.783686,0 days 00:00:26.333335,,,,,,,,,,,,,,,RandomForestRegressor,13.0,sqrt,3.0,4.0,311.0,2,,,,,,,,True,-0.0015115355861562048,0.022814843662039428,98.0,0.010651654037941612,0.012163189624097816,0.06098472838961438,1.9844674545084815,6.186561752898969,6.377178859335977,98.0,6.281870306117473,0.0953085532185041,0.47786529774411063,1.9844674545084815,239222203067540.06,484010060289058.94,98.0,361616131678299.5,122393928610759.44,613668019947412.2,1.9844674545084815,16.07780565769963,16.68634067626719,98.0,16.38207316698341,0.3042675092837805,1.52555965868469,1.9844674545084815,5.579321610452601,5.851106455091902,98.0,5.715214032772251,0.13589242231965046,0.6813477978631247,1.9844674545084815,99.0,0.494949494949495,-0.022041661779140395,0.020321171643616215,98.0,-0.0008602450677620903,0.021181416711378305,0.1062010035995355,1.9844674545084815,RandomForestRegressor,"{'mode': 'original', 'type': 'RandomForestRegressor'}",2,"['re_T2W40', 'lsc_T2W40']",0.1920473540567613,0.2421225740888359,98.0,0.2170849640727986,0.025037610016037295,0.12553547988169092,1.9844674545084815,7.447521155850672,7.659509534073652,98.0,7.553515344962162,0.10599418911149036,0.531441754474918,1.9844674545084815,completed,True,COMPLETE
255,6.281512998834532,2026-06-11 23:34:58.796675,2026-06-11 23:35:24.699890,0 days 00:00:25.903215,,,,,,,,,,,,,,,RandomForestRegressor,13.0,sqrt,3.0,4.0,306.0,2,,,,,,,,True,-0.0014618207386142175,0.022874477855543113,98.0,0.010706328558464448,0.012168149297078665,0.06100959557651075,1.9844674545084815,6.1862057843711495,6.376820213297914,98.0,6.281512998834532,0.09530721446338251,0.47785858539151294,1.9844674545084815,239414739179332.72,484331644780390.5,98.0,361873191979861.6,122458452800528.9,613991536254340.1,1.9844674545084815,16.07158129434485,16.68093274880275,98.0,16.3762570215738,0.3046757272289507,1.5276064129719578,1.9844674545084815,5.5781062849525656,5.851129692892045,98.0,5.714617988922305,0.13651170396974005,0.6844527994617647,1.9844674545084815,99.0,0.48484848484848486,-0.02187655425422552,0.02048413281554139,98.0,-0.0006962107193420636,0.021180343534883454,0.10619562282532452,1.9844674545084815,RandomForestRegressor,"{'mode': 'original', 'type': 'RandomForestRegressor'}",2,"['re_T2W40', 'lsc_T2W40']",0.19216573618469607,0.24228307249925524,98.0,0.21722440434197565,0.025058668157279584,0.12564106279733558,1.9844674545084815,7.446924231482956,7.658841290791188,98.0,7.552882761137072,0.10595852965411634,0.5312629623661305,1.9844674545084815,completed,True,COMPLETE
256,6.281615818507782,2026-06-11 23:35:24.712444,2026-06-11 23:35:51.411809,0 days 00:00:26.699365,,,,,,,,,,,,,,,RandomForestRegressor,13.0,sqrt,3.0,5.0,310.0,2,,,,,,,,True,-0.0014656944174067498,0.02284676650440013,98.0,0.01069053604349669,0.01215623046090344,0.060949836006091294,1.9844674545084815,6.186360651683594,6.37687098533197,98.0,6.281615818507782,0.09525516682418822,0.47759762496602587,1.9844674545084815,239233015085920.7,484018213422838.06,98.0,361625614254379.4,122392599168458.7,613661354288146.5,1.9844674545084815,16.076222168390792,16.68565927572112,98.0,16.380940722055957,0.30471855366516637,1.5278211394262202,1.9844674545084815,5.5808495903880875,5.851677904519658,98.0,5.716263747453873,0.1354141570657853,0.6789498350337555,1.9844674545084815,99.0,0.494949494949495,-0.02202396693861357,0.020349867672689082,98.0,-0.0008370496329622442,0.021186917305651327,0.10622858289888779,1.9844674545084815,RandomForestRegressor,"{'mode': 'original', 'type': 'RandomForestRegressor'}",2,"['re_T2W40', 'lsc_T2W40']",0.1924197857242423,0.24286257184075205,98.0,0.21764117878249717,0.025221393058254882,0.1264569453244438,1.9844674545084815,7.447440751011842,7.659376237934695,98.0,7.553408494473269,0.10596774346142665,0.5313091592563886,1.9844674545084815,completed,True,COMPLETE
257,6.282103139585714,2026-06-11 23:35:51.424600,2026-06-11 23:36:16.634800,0 days 00:00:25.210200,,,,,,,,,,,,,,,RandomForestRegressor,13.0,sqrt,3.0,5.0,296.0,2,,,,,,,,True,-0.0015657801376190057,0.022783489993075206,98.0,0.0106088549277281,0.012174635065347106,0.06104211441642633,1.9844674545084815,6.186843770200259,6.377362508971169,98.0,6.282103139585714,0.0952593693854554,0.47761869608843205,1.9844674545084815,239784843093970.6,485109066476322.9,98.0,362446954785146.75,122662111691176.16,615012656742805.2,1.9844674545084815,16.078359586604126,16.688415108207803,98.0,16.383387347405964,0.3050277608018391,1.5293714657656827,1.9844674545084815,5.584496268945203,5.857514907110812,98.0,5.7210055880280075,0.13650931908280467,0.6844408419336419,1.9844674545084815,99.0,0.494949494949495,-0.022174196245447784,0.02019939814925423,98.0,-0.0009873990480967767,0.021186797197351007,0.1062279806907254,1.9844674545084815,RandomForestRegressor,"{'mode': 'original', 'type': 'RandomForestRegressor'}",2,"['re_T2W40', 'lsc_T2W40']",0.19163975955777368,0.24172696083778028,98.0,0.21668336019777698,0.025043600640003293,0.1255655161293152,1.9844674545084815,7.448128081450107,7.659702655140218,98.0,7.553915368295162,0.10578728684505583,0.5304043721014075,1.9844674545084815,completed,True,COMPLETE
258,6.282337797382054,2026-06-11 23:36:16.647470,2026-06-11 23:36:42.063158,0 days 00:00:25.415688,,,,,,,,,,,,,,,RandomForestRegressor,13.0,sqrt,3.0,5.0,301.0,2,,,,,,,,True,-0.00160826140746634,0.0227583578614214,98.0,0.01057504822697753,0.01218330963444387,0.061085607632976616,1.9844674545084815,6.186971611944426,6.377703982819682,98.0,6.282337797382054,0.095366185437628,0.47815425856264443,1.9844674545084815,239789451502263.5,485075708680085.4,98.0,362432580091174.44,122643128588910.95,614917477815943.6,1.9844674545084815,16.07607449302669,16.685294123709657,98.0,16.380684308368174,0.30460981534148135,1.5272759389203976,1.9844674545084815,5.582584670274675,5.855549683031328,98.0,5.7190671766530015,0.13648250637832646,0.6843064063496767,1.9844674545084815,99.0,0.48484848484848486,-0.022212100982058378,0.02019117535468687,98.0,-0.001010462813685756,0.021201638168372623,0.10630239148384485,1.9844674545084815,RandomForestRegressor,"{'mode': 'original', 'type': 'RandomForestRegressor'}",2,"['re_T2W40', 'lsc_T2W40']",0.19110080788476985,0.2419465683653576,98.0,0.21652368812506373,0.025422880240293884,0.12746717713455163,1.9844674545084815,7.448067972711257,7.660011783684169,98.0,7.554039878197713,0.10597190548645598,0.5313300271351119,1.9844674545084815,completed,True,COMPLETE
259,6.281114222548824,2026-06-11 23:36:42.076144,2026-06-11 23:37:08.081091,0 days 00:00:26.004947,,,,,,,,,,,,,,,RandomForestRegressor,13.0,sqrt,3.0,5.0,307.0,2,,,,,,,,True,-0.0013909617144160346,0.022931415190711305,98.0,0.010770226738147636,0.01216118845256367,0.06097469476305403,1.9844674545084815,6.185821658323684,6.376406786773964,98.0,6.281114222548824,0.09529256422513986,0.4777851309089567,1.9844674545084815,239363755287225.75,484253507534124.0,98.0,361808631410674.9,122444876123449.12,613923464474672.8,1.9844674545084815,16.073465714992675,16.68164657676631,98.0,16.377556145879492,0.30409043088681603,1.5246718095039824,1.9844674545084815,5.578122580464602,5.8504601951421575,98.0,5.71429138780338,0.13616880733877745,0.6827335581647666,1.9844674545084815,99.0,0.494949494949495,-0.021880683349978627,0.02051189615889803,98.0,-0.0006843935955403003,0.021196289754438328,0.10627557519788874,1.9844674545084815,RandomForestRegressor,"{'mode': 'original', 'type': 'RandomForestRegressor'}",2,"['re_T2W40', 'lsc_T2W40']",0.19180804369555346,0.2419995377772526,98.0,0.21690379073640303,0.025095747040849575,0.12582697173351018,1.9844674545084815,7.446823888577082,7.658821678487307,98.0,7.552822783532195,0.10599889495511235,0.5314653489928035,1.9844674545084815,completed,True,COMPLETE
260,6.282144950922477,2026-06-11 23:37:08.093839,2026-06-11 23:37:33.099694,0 days 00:00:25.005855,,,,,,,,,,,,,,,RandomForestRegressor,13.0,sqrt,3.0,5.0,295.0,2,,,,,,,,True,-0.0015643570038053473,0.02276812906376914,98.0,0.010601886029981897,0.012166243033787244,0.06100003780814084,1.9844674545084815,6.1869348852769015,6.377355016568053,98.0,6.282144950922477,0.09521006564557631,0.4773714932347364,1.9844674545084815,239692673266848.3,484928315157425.3,98.0,362310494212136.8,122617820945288.48,614790588420958.0,1.9844674545084815,16.074299433356686,16.685120964776367,98.0,16.379710199066526,0.3054107657098405,1.5312918050030222,1.9844674545084815,5.584823002805423,5.857876313088549,98.0,5.721349657946986,0.13652665514156276,0.6845277627880709,1.9844674545084815,99.0,0.494949494949495,-0.022031259885139935,0.020322574611913512,98.0,-0.0008543426366132101,0.021176917248526723,0.1061784438493069,1.9844674545084815,RandomForestRegressor,"{'mode': 'original', 'type': 'RandomForestRegressor'}",2,"['re_T2W40', 'lsc_T2W40']",0.19165979951369655,0.24174588820307946,98.0,0.216702843858388,0.025043044344691463,0.12556272693342624,1.9844674545084815,7.447659733235367,7.65918934322265,98.0,7.553424538229009,0.10576480499364148,0.5302916508790495,1.9844674545084815,completed,True,COMPLETE
261,6.282144950922477,2026-06-11 23:37:33.112508,2026-06-11 23:37:58.040488,0 days 00:00:24.927980,,,,,,,,,,,,,,,RandomForestRegressor,13.0,sqrt,3.0,5.0,295.0,2,,,,,,,,True,-0.0015643570038053473,0.02276812906376914,98.0,0.010601886029981897,0.012166243033787244,0.06100003780814084,1.9844674545084815,6.1869348852769015,6.377355016568053,98.0,6.282144950922477,0.09521006564557631,0.4773714932347364,1.9844674545084815,239692673266848.3,484928315157425.3,98.0,362310494212136.8,122617820945288.48,614790588420958.0,1.9844674545084815,16.074299433356686,16.685120964776367,98.0,16.379710199066526,0.3054107657098405,1.5312918050030222,1.9844674545084815,5.584823002805423,5.857876313088549,98.0,5.721349657946986,0.13652665514156276,0.6845277627880709,1.9844674545084815,99.0,0.494949494949495,-0.022031259885139935,0.020322574611913512,98.0,-0.0008543426366132101,0.021176917248526723,0.1061784438493069,1.9844674545084815,RandomForestRegressor,"{'mode': 'original', 'type': 'RandomForestRegressor'}",2,"['re_T2W40', 'lsc_T2W40']",0.19165979951369655,0.24174588820307946,98.0,0.216702843858388,0.025043044344691463,0.12556272693342624,1.9844674545084815,7.447659733235367,7.65918934322265,98.0,7.553424538229009,0.10576480499364148,0.5302916508790495,1.9844674545084815,completed,True,COMPLETE
