number,value,datetime_start,datetime_complete,duration,params_dt_max_depth,params_dt_min_samples_leaf,params_dt_min_samples_split,params_elastic_alpha,params_elastic_l1_ratio,params_et_max_depth,params_et_max_features,params_et_min_samples_leaf,params_et_min_samples_split,params_et_n_estimators,params_knn_metric,params_knn_n_neighbors,params_knn_weights,params_quantile_alpha,params_regressor,params_rf_max_depth,params_rf_max_features,params_rf_min_samples_leaf,params_rf_min_samples_split,params_rf_n_estimators,params_rfe_n_features,params_rfe_proxy_et_max_depth,params_rfe_proxy_et_min_samples_leaf,params_rfe_proxy_et_min_samples_split,params_rfe_proxy_et_n_estimators,params_rfe_proxy_lsvr_C,params_rfe_proxy_lsvr_epsilon,params_rfe_proxy_type,params_use_scaler,user_attrs_d2mae_ci_lower_val,user_attrs_d2mae_ci_upper_val,user_attrs_d2mae_df_val,user_attrs_d2mae_mean_val,user_attrs_d2mae_samperror_val,user_attrs_d2mae_std_val,user_attrs_d2mae_t_critical_val,user_attrs_mae_ci_lower_val,user_attrs_mae_ci_upper_val,user_attrs_mae_df_val,user_attrs_mae_mean_val,user_attrs_mae_samperror_val,user_attrs_mae_std_val,user_attrs_mae_t_critical_val,user_attrs_mape_ci_lower_val,user_attrs_mape_ci_upper_val,user_attrs_mape_df_val,user_attrs_mape_mean_val,user_attrs_mape_samperror_val,user_attrs_mape_std_val,user_attrs_mape_t_critical_val,user_attrs_max_error_ci_lower_val,user_attrs_max_error_ci_upper_val,user_attrs_max_error_df_val,user_attrs_max_error_mean_val,user_attrs_max_error_samperror_val,user_attrs_max_error_std_val,user_attrs_max_error_t_critical_val,user_attrs_median_ae_ci_lower_val,user_attrs_median_ae_ci_upper_val,user_attrs_median_ae_df_val,user_attrs_median_ae_mean_val,user_attrs_median_ae_samperror_val,user_attrs_median_ae_std_val,user_attrs_median_ae_t_critical_val,user_attrs_n_splits_val,user_attrs_r2_below_zero_val,user_attrs_r2_ci_lower_val,user_attrs_r2_ci_upper_val,user_attrs_r2_df_val,user_attrs_r2_mean_val,user_attrs_r2_samperror_val,user_attrs_r2_std_val,user_attrs_r2_t_critical_val,user_attrs_regressor_final,user_attrs_rfe_estimator,user_attrs_rfe_n_features,user_attrs_rfe_selected_features,user_attrs_rho_ci_lower_val,user_attrs_rho_ci_upper_val,user_attrs_rho_df_val,user_attrs_rho_mean_val,user_attrs_rho_samperror_val,user_attrs_rho_std_val,user_attrs_rho_t_critical_val,user_attrs_rmse_ci_lower_val,user_attrs_rmse_ci_upper_val,user_attrs_rmse_df_val,user_attrs_rmse_mean_val,user_attrs_rmse_samperror_val,user_attrs_rmse_std_val,user_attrs_rmse_t_critical_val,user_attrs_termination_reason,user_attrs_use_scaler_final,state
295,6.2817407373784695,2026-06-11 23:49:30.273063,2026-06-11 23:49:56.749817,0 days 00:00:26.476754,,,,,,,,,,,,,,,RandomForestRegressor,12.0,sqrt,3.0,6.0,311.0,2,,,,,,,,True,-0.0014997935734414707,0.022841410490006882,98.0,0.010670808458282706,0.012170602031724176,0.06102189328466059,1.9844674545084815,6.186421470688116,6.377060004068823,98.0,6.2817407373784695,0.09531926669035315,0.47791901376688234,1.9844674545084815,239199670342977.88,483971464405111.75,98.0,361585567374044.8,122385897031066.92,613627750600207.8,1.9844674545084815,16.07818938264169,16.687134124239883,98.0,16.382661753440786,0.30447237079909617,1.5265868089844978,1.9844674545084815,5.581993787684604,5.854013400306771,98.0,5.718003593995688,0.13600980631108311,0.6819363466777076,1.9844674545084815,99.0,0.494949494949495,-0.022028686627124167,0.020354646015703807,98.0,-0.0008370203057101786,0.021191666321413987,0.10625239387654699,1.9844674545084815,RandomForestRegressor,"{'mode': 'original', 'type': 'RandomForestRegressor'}",2,"['re_T2W40', 'lsc_T2W40']",0.19178782295495675,0.2421417762817327,98.0,0.21696479961834472,0.025176976663387984,0.12623424701415542,1.9844674545084815,7.447415655723215,7.659405850571765,98.0,7.55341075314749,0.10599509742427471,0.5314463086428755,1.9844674545084815,completed,True,COMPLETE
296,6.2817407373784695,2026-06-11 23:49:56.763504,2026-06-11 23:50:23.230399,0 days 00:00:26.466895,,,,,,,,,,,,,,,RandomForestRegressor,12.0,sqrt,3.0,6.0,311.0,2,,,,,,,,True,-0.0014997935734414707,0.022841410490006882,98.0,0.010670808458282706,0.012170602031724176,0.06102189328466059,1.9844674545084815,6.186421470688116,6.377060004068823,98.0,6.2817407373784695,0.09531926669035315,0.47791901376688234,1.9844674545084815,239199670342977.88,483971464405111.75,98.0,361585567374044.8,122385897031066.92,613627750600207.8,1.9844674545084815,16.07818938264169,16.687134124239883,98.0,16.382661753440786,0.30447237079909617,1.5265868089844978,1.9844674545084815,5.581993787684604,5.854013400306771,98.0,5.718003593995688,0.13600980631108311,0.6819363466777076,1.9844674545084815,99.0,0.494949494949495,-0.022028686627124167,0.020354646015703807,98.0,-0.0008370203057101786,0.021191666321413987,0.10625239387654699,1.9844674545084815,RandomForestRegressor,"{'mode': 'original', 'type': 'RandomForestRegressor'}",2,"['re_T2W40', 'lsc_T2W40']",0.19178782295495675,0.2421417762817327,98.0,0.21696479961834472,0.025176976663387984,0.12623424701415542,1.9844674545084815,7.447415655723215,7.659405850571765,98.0,7.55341075314749,0.10599509742427471,0.5314463086428755,1.9844674545084815,completed,True,COMPLETE
297,6.281095296690387,2026-06-11 23:50:23.244186,2026-06-11 23:50:49.555306,0 days 00:00:26.311120,,,,,,,,,,,,,,,RandomForestRegressor,12.0,sqrt,3.0,6.0,309.0,2,,,,,,,,True,-0.0013909825277527259,0.022934706078944506,98.0,0.01077186177559589,0.012162844303348616,0.06098299699408837,1.9844674545084815,6.185823655021072,6.376366938359701,98.0,6.281095296690387,0.09527164166931476,0.4776802278018241,1.9844674545084815,239358547373353.38,484275050375053.6,98.0,361816798874203.5,122458251500850.11,613990526962648.1,1.9844674545084815,16.073219641813328,16.683342840120392,98.0,16.37828124096686,0.3050615991535326,1.529541127075829,1.9844674545084815,5.583293678175472,5.854719166251306,98.0,5.719006422213389,0.13571274403791764,0.6804469131817513,1.9844674545084815,99.0,0.494949494949495,-0.021875327965554327,0.02052289349107139,98.0,-0.000676217237241468,0.021199110728312858,0.10628971921198778,1.9844674545084815,RandomForestRegressor,"{'mode': 'original', 'type': 'RandomForestRegressor'}",2,"['re_T2W40', 'lsc_T2W40']",0.19179396831541567,0.2421802816787353,98.0,0.21698712499707548,0.025193156681659803,0.12631537162456938,1.9844674545084815,7.446785208536431,7.658800822663622,98.0,7.5527930156000265,0.10600780706359524,0.5315100332024562,1.9844674545084815,completed,True,COMPLETE
298,7.050677393412687,2026-06-11 23:50:49.569522,2026-06-11 23:50:49.735109,0 days 00:00:00.165587,16.0,2.0,19.0,,,,,,,,,,,,DecisionTreeRegressor,,,,,,2,,,,,,,,True,,,,,,,,,,,,,,,,,,,,,,,,,,,,,,,,,,,,,,,,,,,,,DecisionTreeRegressor,"{'mode': 'original', 'type': 'DecisionTreeRegressor'}",2,"['re_T2W40', 'lsc_T2W40']",,,,,,,,,,,,,,,pruned,True,PRUNED
299,6.281557531783301,2026-06-11 23:50:49.745147,2026-06-11 23:51:16.286723,0 days 00:00:26.541576,,,,,,,,,,,,,,,RandomForestRegressor,12.0,sqrt,3.0,6.0,312.0,2,,,,,,,,True,-0.0014610259112753758,0.02286234346380976,98.0,0.010700658776267193,0.012161684687542569,0.06097718282386216,1.9844674545084815,6.186265458149835,6.376849605416767,98.0,6.281557531783301,0.09529207363346626,0.47778267114298334,1.9844674545084815,239206528705482.5,483987074839495.5,98.0,361596801772489.0,122390273067006.48,613649691503165.4,1.9844674545084815,16.078776461782628,16.687489172563847,98.0,16.383132817173237,0.3043563553906084,1.5260051220755293,1.9844674545084815,5.576805947603542,5.849032349681742,98.0,5.712919148642642,0.1361132010390996,0.6824547550557626,1.9844674545084815,99.0,0.494949494949495,-0.02195644563339409,0.020392067899662424,98.0,-0.0007821888668658323,0.021174256766528256,0.10616510452162424,1.9844674545084815,RandomForestRegressor,"{'mode': 'original', 'type': 'RandomForestRegressor'}",2,"['re_T2W40', 'lsc_T2W40']",0.19182394516375095,0.2421162046448035,98.0,0.21697007490427722,0.025146129740526275,0.12607958435818156,1.9844674545084815,7.447250335499754,7.65922251464164,98.0,7.553236425070697,0.10598608957094299,0.5314011443803929,1.9844674545084815,completed,True,COMPLETE
