number,value,datetime_start,datetime_complete,duration,params_dt_max_depth,params_dt_min_samples_leaf,params_dt_min_samples_split,params_elastic_alpha,params_elastic_l1_ratio,params_et_max_depth,params_et_max_features,params_et_min_samples_leaf,params_et_min_samples_split,params_et_n_estimators,params_knn_metric,params_knn_n_neighbors,params_knn_weights,params_quantile_alpha,params_regressor,params_rf_max_depth,params_rf_max_features,params_rf_min_samples_leaf,params_rf_min_samples_split,params_rf_n_estimators,params_rfe_n_features,params_rfe_proxy_et_max_depth,params_rfe_proxy_et_min_samples_leaf,params_rfe_proxy_et_min_samples_split,params_rfe_proxy_et_n_estimators,params_rfe_proxy_lsvr_C,params_rfe_proxy_lsvr_epsilon,params_rfe_proxy_type,params_use_scaler,user_attrs_d2mae_ci_lower_val,user_attrs_d2mae_ci_upper_val,user_attrs_d2mae_df_val,user_attrs_d2mae_mean_val,user_attrs_d2mae_samperror_val,user_attrs_d2mae_std_val,user_attrs_d2mae_t_critical_val,user_attrs_mae_ci_lower_val,user_attrs_mae_ci_upper_val,user_attrs_mae_df_val,user_attrs_mae_mean_val,user_attrs_mae_samperror_val,user_attrs_mae_std_val,user_attrs_mae_t_critical_val,user_attrs_mape_ci_lower_val,user_attrs_mape_ci_upper_val,user_attrs_mape_df_val,user_attrs_mape_mean_val,user_attrs_mape_samperror_val,user_attrs_mape_std_val,user_attrs_mape_t_critical_val,user_attrs_max_error_ci_lower_val,user_attrs_max_error_ci_upper_val,user_attrs_max_error_df_val,user_attrs_max_error_mean_val,user_attrs_max_error_samperror_val,user_attrs_max_error_std_val,user_attrs_max_error_t_critical_val,user_attrs_median_ae_ci_lower_val,user_attrs_median_ae_ci_upper_val,user_attrs_median_ae_df_val,user_attrs_median_ae_mean_val,user_attrs_median_ae_samperror_val,user_attrs_median_ae_std_val,user_attrs_median_ae_t_critical_val,user_attrs_n_splits_val,user_attrs_r2_below_zero_val,user_attrs_r2_ci_lower_val,user_attrs_r2_ci_upper_val,user_attrs_r2_df_val,user_attrs_r2_mean_val,user_attrs_r2_samperror_val,user_attrs_r2_std_val,user_attrs_r2_t_critical_val,user_attrs_regressor_final,user_attrs_rfe_estimator,user_attrs_rfe_n_features,user_attrs_rfe_selected_features,user_attrs_rho_ci_lower_val,user_attrs_rho_ci_upper_val,user_attrs_rho_df_val,user_attrs_rho_mean_val,user_attrs_rho_samperror_val,user_attrs_rho_std_val,user_attrs_rho_t_critical_val,user_attrs_rmse_ci_lower_val,user_attrs_rmse_ci_upper_val,user_attrs_rmse_df_val,user_attrs_rmse_mean_val,user_attrs_rmse_samperror_val,user_attrs_rmse_std_val,user_attrs_rmse_t_critical_val,user_attrs_termination_reason,user_attrs_use_scaler_final,state
42,6.396509402902433,2026-06-11 22:04:12.668590,2026-06-11 22:04:14.968515,0 days 00:00:02.299925,,,,,,,,,,,,,,0.1619209849442021,QuantileRegressor,,,,,,5,,,,,,,,False,-0.009881830352152333,-0.005328308369988918,98.0,-0.0076050693610706255,0.0022767609910817072,0.011415398011562774,1.9844674545084815,6.342271740809448,6.450747064995419,98.0,6.396509402902433,0.054237662092985396,0.27194092943147213,1.9844674545084815,232478077920532.75,467988796301511.75,98.0,350233437111022.25,117755359190489.52,590410806588583.8,1.9844674545084815,16.992187111678337,17.701201484768955,98.0,17.346694298223646,0.3545071865453102,1.7774551866559172,1.9844674545084815,5.889649470211351,6.057783209662084,98.0,5.9737163399367175,0.08406686972536612,0.4215008871200444,1.9844674545084815,99.0,0.98989898989899,-0.029501987577972184,-0.021744457298731784,98.0,-0.025623222438351984,0.003878765139620199,0.01944764867088783,1.9844674545084815,QuantileRegressor,"{'mode': 'original', 'type': 'QuantileRegressor'}",5,"['lsc_T2W40', 'atd_T2W40', 'density_T2W40', 'diameter_T2W40', 'asp_T2W40']",-0.15858050676029878,0.044439292748233675,5.0,-0.05707060700603256,0.10150989975426623,0.09672808497749082,2.5705818356363146,7.57989739046177,7.7363887443212445,98.0,7.658143067391507,0.07824567692973748,0.39231414642814105,1.9844674545084815,completed,False,COMPLETE
43,6.38047138047138,2026-06-11 22:04:14.989367,2026-06-11 22:04:17.154896,0 days 00:00:02.165529,,,,,,,,,,,,,,0.6778046611704428,QuantileRegressor,,,,,,4,,,,,,,,False,-0.006739423823159125,-0.0034599270204304375,98.0,-0.005099675421794781,0.0016397484013643434,0.008221495674653363,1.9844674545084815,6.3279254036210935,6.433017357321666,98.0,6.38047138047138,0.05254597685028612,0.2634590288580947,1.9844674545084815,232190633337363.06,467358399690782.7,98.0,349774516514072.9,117583883176709.8,589551047064242.2,1.9844674545084815,17.069855072273906,17.758427756008924,98.0,17.414141414141415,0.3442863418675072,1.726209135591044,1.9844674545084815,5.910123842569233,6.049472117026728,98.0,5.97979797979798,0.06967413722874735,0.3493375065252297,1.9844674545084815,99.0,1.0,-0.027809265311034462,-0.021834433071390977,98.0,-0.02482184919121272,0.0029874161198217442,0.014978534930766415,1.9844674545084815,QuantileRegressor,"{'mode': 'original', 'type': 'QuantileRegressor'}",4,"['atd_T2W40', 'density_T2W40', 'diameter_T2W40', 'asp_T2W40']",,,,,,,,7.578214388760596,7.7318957326818065,98.0,7.655055060721201,0.07684067196060543,0.385269625288816,1.9844674545084815,completed,False,COMPLETE
44,6.38213749372611,2026-06-11 22:04:17.167631,2026-06-11 22:04:19.357331,0 days 00:00:02.189700,,,,,,,,,,,,,,0.06922065706427469,QuantileRegressor,,,,,,4,,,,,,,,False,-0.007031326026312994,-0.0036661982157008745,98.0,-0.0053487621210069345,0.00168256390530606,0.008436167315846635,1.9844674545084815,6.329096846800857,6.435178140651363,98.0,6.38213749372611,0.05304064692525352,0.26593924343146524,1.9844674545084815,231943783976011.2,466880091229175.94,98.0,349411937602593.56,117468153626582.36,588970793413736.8,1.9844674545084815,17.075703112855138,17.765657799662698,98.0,17.420680456258918,0.34497734340377895,1.7296737318284365,1.9844674545084815,5.9133783731714935,6.0535746114463205,98.0,5.983476492308907,0.07009811913741347,0.35146329937572396,1.9844674545084815,99.0,1.0,-0.02833726707826394,-0.022043312941616534,98.0,-0.025190290009940237,0.0031469770683237018,0.01577855379150196,1.9844674545084815,QuantileRegressor,"{'mode': 'original', 'type': 'QuantileRegressor'}",4,"['atd_T2W40', 'density_T2W40', 'diameter_T2W40', 'asp_T2W40']",,,0.0,-0.27218779541151394,,,,7.579278304121501,7.733663896385642,98.0,7.6564711002535715,0.07719279613207086,0.387035132332601,1.9844674545084815,completed,False,COMPLETE
45,6.519380273477598,2026-06-11 22:04:19.370125,2026-06-11 22:04:21.115681,0 days 00:00:01.745556,2.0,1.0,17.0,,,,,,,,,,,,DecisionTreeRegressor,,,,,,3,,,,,,,,False,-0.03898160117789255,-0.01502436827134666,98.0,-0.027002984724619608,0.011978616453272948,0.060059301339750445,1.9844674545084815,6.427131532799636,6.61162901415556,98.0,6.519380273477598,0.09224874067796253,0.46252377611409623,1.9844674545084815,272084447182115.75,557305190949685.6,98.0,414694819065900.7,142610371883784.94,715030766078319.1,1.9844674545084815,17.005258956705916,17.8213538894923,98.0,17.413306423099108,0.40804746639319095,2.0458995277650973,1.9844674545084815,5.712440259880123,5.966074204646888,98.0,5.839257232263505,0.12681697238338224,0.6358446143659001,1.9844674545084815,99.0,0.7171717171717171,-0.10858665090427325,-0.061220063404475,98.0,-0.08490335715437412,0.023683293749899127,0.118745105629822,1.9844674545084815,DecisionTreeRegressor,"{'mode': 'original', 'type': 'DecisionTreeRegressor'}",3,"['re_T2W40', 'lsc_T2W40', 'asp_T2W40']",0.06760367955472298,0.1295186920506707,98.0,0.09856118580269684,0.030957506247973863,0.15521710739525782,1.9844674545084815,7.754368258520906,7.970129742834389,98.0,7.8622490006776475,0.10788074215674082,0.5409006981083593,1.9844674545084815,completed,False,COMPLETE
46,6.392592592592592,2026-06-11 22:04:21.128648,2026-06-11 22:04:23.247226,0 days 00:00:02.118578,,,,,,,,,,,,,,0.14128487265695824,QuantileRegressor,,,,,,5,,,,,,,,True,-0.008923658389494141,-0.005114322271876814,98.0,-0.007018990330685477,0.0019046680588086639,0.00954977007089422,1.9844674545084815,6.339876270023073,6.445308915162112,98.0,6.392592592592592,0.05271632256951951,0.26431312122537964,1.9844674545084815,234191657479173.8,471422829592568.56,98.0,352807243535871.2,118615586056697.36,594723877699898.1,1.9844674545084815,16.917065319086635,17.62838922636791,98.0,17.272727272727273,0.3556619536406387,1.7832450460462823,1.9844674545084815,5.9145229356457625,6.0854770643542375,98.0,6.0,0.08547706435423776,0.4285714285714286,1.9844674545084815,99.0,0.98989898989899,-0.024425404907469857,-0.017947731198838964,98.0,-0.02118656805315441,0.003238836854315448,0.016239127396926636,1.9844674545084815,QuantileRegressor,"{'mode': 'original', 'type': 'QuantileRegressor'}",5,"['lsc_T2W40', 'atd_T2W40', 'density_T2W40', 'diameter_T2W40', 'asp_T2W40']",,,,,,,,7.564508596544275,7.718424573672683,98.0,7.641466585108479,0.07695798856420381,0.38585783622913256,1.9844674545084815,completed,True,COMPLETE
47,6.51364087396788,2026-06-11 22:04:23.259884,2026-06-11 22:04:24.925066,0 days 00:00:01.665182,,,,,,,,,,,,,,,LinearRegression,,,,,,2,,,,,,,,False,-0.03125132380834164,-0.021333883318046944,98.0,-0.02629260356319429,0.004958720245147347,0.02486240999739601,1.9844674545084815,6.45887141571132,6.56841033222444,98.0,6.51364087396788,0.05476945825655975,0.27460728962123415,1.9844674545084815,239501603834471.38,482006510073643.1,98.0,360754056954057.25,121252453119585.89,607944803016328.5,1.9844674545084815,15.747148345284762,16.325608142571227,98.0,16.036378243927995,0.28922989864323273,1.4501629388369877,1.9844674545084815,6.174556853660863,6.348207961165097,98.0,6.26138240741298,0.08682555375211748,0.435332587626537,1.9844674545084815,99.0,0.6060606060606061,-0.03245350168387641,-0.012479249575655662,98.0,-0.022466375629766035,0.009987126054110373,0.05007421479281085,1.9844674545084815,LinearRegression,"{'mode': 'original', 'type': 'LinearRegression'}",2,"['atd_T2W40', 'density_T2W40']",0.027746410497978737,0.08362405784119029,98.0,0.05568523416958451,0.027938823671605776,0.14008180631851216,1.9844674545084815,7.56867358854165,7.714278389428712,98.0,7.641475988985181,0.07280240044353084,0.3650222313696756,1.9844674545084815,completed,False,COMPLETE
48,6.46368045264618,2026-06-11 22:04:24.938694,2026-06-11 22:04:26.582604,0 days 00:00:01.643910,,,,0.020556380292170846,0.13307659129568478,,,,,,,,,,ElasticNet,,,,,,3,,,,,,,,False,-0.024501804638024004,-0.012054944442598239,98.0,-0.018278374540311122,0.006223430097712883,0.031203508774444746,1.9844674545084815,6.400195259420572,6.527165645871788,98.0,6.46368045264618,0.06348519322560837,0.3183069067636184,1.9844674545084815,239157542013965.34,481511815992361.4,98.0,360334679003163.4,121177136989198.03,607567177253924.8,1.9844674545084815,16.058222894330214,16.902943715220104,98.0,16.48058330477516,0.4223604104449445,2.11766285896587,1.9844674545084815,6.208783729037513,6.375722764705532,98.0,6.292253246871523,0.08346951783400922,0.4185058386193412,1.9844674545084815,99.0,0.46464646464646464,-0.01515014411719388,0.008793075679245473,98.0,-0.003178534218974203,0.011971609898219677,0.06002417133930846,1.9844674545084815,ElasticNet,"{'mode': 'original', 'type': 'ElasticNet'}",3,"['re_T2W40', 'pe_T2W40', 'asp_T2W40']",0.06388335657868865,0.11749995005795211,98.0,0.09069165331832038,0.026808296739631726,0.13441348410909867,1.9844674545084815,7.487314024803907,7.650838898200681,98.0,7.569076461502294,0.08176243669838705,0.40994674494306593,1.9844674545084815,completed,False,COMPLETE
49,6.381593714927048,2026-06-11 22:04:26.595278,2026-06-11 22:04:28.662513,0 days 00:00:02.067235,,,,,,,,,,,,,,0.8597527379104483,QuantileRegressor,,,,,,7,,,,,,,,False,-0.006928413954297214,-0.0036499025182123554,98.0,-0.005289158236254784,0.001639255718042429,0.008219025421414072,1.9844674545084815,6.329393083599537,6.433794346254559,98.0,6.381593714927048,0.05220063132751161,0.26172750912043913,1.9844674545084815,233523302251430.22,470069366805779.9,98.0,351796334528605.06,118273032277174.84,593006355417615.5,1.9844674545084815,17.03405823535254,17.73361853232423,98.0,17.383838383838384,0.3497801484858438,1.7537544024822669,1.9844674545084815,5.904523152134609,6.055072807461351,98.0,5.97979797979798,0.07527482766337065,0.37741867565155146,1.9844674545084815,99.0,0.98989898989899,-0.02735442124756734,-0.021186723525763694,98.0,-0.024270572386665516,0.003083848860901821,0.015462036767404987,1.9844674545084815,QuantileRegressor,"{'mode': 'original', 'type': 'QuantileRegressor'}",7,"['l3_T2W40', 'lcc_T2W40', 'lsc_T2W40', 'atd_T2W40', 'density_T2W40', 'diameter_T2W40', 'asp_T2W40']",,,,,,,,7.575877164710064,7.730271341777079,98.0,7.653074253243571,0.07719708853350744,0.3870566539025048,1.9844674545084815,completed,False,COMPLETE
50,6.436770205780202,2026-06-11 22:04:28.674617,2026-06-11 22:04:51.434231,0 days 00:00:22.759614,,,,,,,,,,,,,,,RandomForestRegressor,11.0,,5.0,7.0,249.0,5,,,,,,,,False,-0.02327049207555014,-0.0041850728738261934,98.0,-0.013727782474688166,0.009542709600861973,0.047845965663196564,1.9844674545084815,6.352352226826889,6.521188184733515,98.0,6.436770205780202,0.08441797895331324,0.42326130536256035,1.9844674545084815,263763995909625.3,533293780743140.06,98.0,398528888326382.7,134764892416757.36,675694502386840.1,1.9844674545084815,16.36327977846187,16.99818183260584,98.0,16.680730805533855,0.3174510270719862,1.591660186291404,1.9844674545084815,5.754770860281668,5.981890122261599,98.0,5.868330491271633,0.1135596309899656,0.5693739443334189,1.9844674545084815,99.0,0.6262626262626263,-0.04150548738622172,-0.00823971441667981,98.0,-0.024872600901450766,0.016632886484770956,0.08339523562137037,1.9844674545084815,RandomForestRegressor,"{'mode': 'original', 'type': 'RandomForestRegressor'}",5,"['re_T2W40', 'pe_T2W40', 'l3_T2W40', 'lsc_T2W40', 'density_T2W40']",0.11175773925188358,0.15784797580834856,98.0,0.13480285753011606,0.023045118278232486,0.1155453727466482,1.9844674545084815,7.55408002538068,7.742030374901038,98.0,7.648055200140859,0.09397517476017869,0.47117990307095403,1.9844674545084815,completed,False,COMPLETE
51,6.38047138047138,2026-06-11 22:04:51.448284,2026-06-11 22:04:53.508106,0 days 00:00:02.059822,,,,,,,,,,,,,,0.19753647611322947,QuantileRegressor,,,,,,4,,,,,,,,False,-0.006739423823159125,-0.0034599270204304375,98.0,-0.005099675421794781,0.0016397484013643434,0.008221495674653363,1.9844674545084815,6.3279254036210935,6.433017357321666,98.0,6.38047138047138,0.05254597685028612,0.2634590288580947,1.9844674545084815,232190633337363.06,467358399690782.7,98.0,349774516514072.9,117583883176709.8,589551047064242.2,1.9844674545084815,17.069855072273906,17.758427756008924,98.0,17.414141414141415,0.3442863418675072,1.726209135591044,1.9844674545084815,5.910123842569233,6.049472117026728,98.0,5.97979797979798,0.06967413722874735,0.3493375065252297,1.9844674545084815,99.0,1.0,-0.027809265311034462,-0.021834433071390977,98.0,-0.02482184919121272,0.0029874161198217442,0.014978534930766415,1.9844674545084815,QuantileRegressor,"{'mode': 'original', 'type': 'QuantileRegressor'}",4,"['atd_T2W40', 'density_T2W40', 'diameter_T2W40', 'asp_T2W40']",,,,,,,,7.578214388760596,7.7318957326818065,98.0,7.655055060721201,0.07684067196060543,0.385269625288816,1.9844674545084815,completed,False,COMPLETE
52,6.38047138047138,2026-06-11 22:04:53.520785,2026-06-11 22:04:55.704915,0 days 00:00:02.184130,,,,,,,,,,,,,,0.32131524516057913,QuantileRegressor,,,,,,4,,,,,,,,False,-0.006739423823159125,-0.0034599270204304375,98.0,-0.005099675421794781,0.0016397484013643434,0.008221495674653363,1.9844674545084815,6.3279254036210935,6.433017357321666,98.0,6.38047138047138,0.05254597685028612,0.2634590288580947,1.9844674545084815,232190633337363.06,467358399690782.7,98.0,349774516514072.9,117583883176709.8,589551047064242.2,1.9844674545084815,17.069855072273906,17.758427756008924,98.0,17.414141414141415,0.3442863418675072,1.726209135591044,1.9844674545084815,5.910123842569233,6.049472117026728,98.0,5.97979797979798,0.06967413722874735,0.3493375065252297,1.9844674545084815,99.0,1.0,-0.027809265311034462,-0.021834433071390977,98.0,-0.02482184919121272,0.0029874161198217442,0.014978534930766415,1.9844674545084815,QuantileRegressor,"{'mode': 'original', 'type': 'QuantileRegressor'}",4,"['atd_T2W40', 'density_T2W40', 'diameter_T2W40', 'asp_T2W40']",,,,,,,,7.578214388760596,7.7318957326818065,98.0,7.655055060721201,0.07684067196060543,0.385269625288816,1.9844674545084815,completed,False,COMPLETE
53,6.42487480316404,2026-06-11 22:04:55.717398,2026-06-11 22:04:57.900236,0 days 00:00:02.182838,,,,,,,,,,,,,,0.08370681396839075,QuantileRegressor,,,,,,5,,,,,,,,False,-0.015390376875418159,-0.00872012812020461,98.0,-0.012055252497811385,0.003335124377606773,0.016721901129533447,1.9844674545084815,6.367794231520634,6.4819553748074465,98.0,6.42487480316404,0.05708057164340643,0.2861949262963387,1.9844674545084815,228177239353097.0,459364196824492.25,98.0,343770718088794.6,115593478735697.62,579571405377153.8,1.9844674545084815,17.01496223473887,17.71798252372852,98.0,17.366472379233695,0.3515101444948253,1.7624283884993746,1.9844674545084815,5.917993149578706,6.078531954183163,98.0,5.998262551880934,0.0802694023022281,0.40246085514441376,1.9844674545084815,99.0,0.9797979797979798,-0.04142052832791876,-0.028484357632523327,98.0,-0.03495244298022104,0.006468085347697718,0.03243017993805616,1.9844674545084815,QuantileRegressor,"{'mode': 'original', 'type': 'QuantileRegressor'}",5,"['lsc_T2W40', 'atd_T2W40', 'density_T2W40', 'diameter_T2W40', 'asp_T2W40']",-0.058629470325705424,0.03682127047203497,38.0,-0.01090409992683523,0.0477253703988702,0.14722668535944614,2.0243941639119694,7.61070630849628,7.774576032044047,98.0,7.692641170270163,0.08193486177388343,0.41081126294547154,1.9844674545084815,completed,False,COMPLETE
54,6.484929708517034,2026-06-11 22:04:57.912772,2026-06-11 22:05:00.099588,0 days 00:00:02.186816,,,,,,,,,,,,,,0.024130021683621963,QuantileRegressor,,,,,,4,,,,,,,,False,-0.02832779861182111,-0.014940378969160598,98.0,-0.021634088790490853,0.006693709821330255,0.033561433142829784,1.9844674545084815,6.419727015648373,6.550132401385694,98.0,6.484929708517034,0.06520269286866023,0.32691823754754884,1.9844674545084815,208657164769995.22,422012442080225.6,98.0,315334803425110.44,106677638655115.22,534868485955235.56,1.9844674545084815,16.982033497351594,17.755737194272214,98.0,17.368885345811904,0.3868518484603099,1.9396273209974038,1.9844674545084815,5.936481540127194,6.149962437154048,98.0,6.043221988640621,0.10674044851342689,0.5351834068162684,1.9844674545084815,99.0,0.7474747474747475,-0.06366533541986627,-0.03369276354040725,98.0,-0.04867904948013676,0.01498628593972951,0.07513938414581699,1.9844674545084815,QuantileRegressor,"{'mode': 'original', 'type': 'QuantileRegressor'}",4,"['re_T2W40', 'pe_T2W40', 'lcc_T2W40', 'lsc_T2W40']",0.023582260388440985,0.07556954255632364,98.0,0.04957590147238231,0.025993641083941327,0.13032890141091294,1.9844674545084815,7.64874436146063,7.82638608053757,98.0,7.7375652209991,0.08882085953846962,0.44533680405294473,1.9844674545084815,completed,False,COMPLETE
55,7.591111111111111,2026-06-11 22:05:00.142302,2026-06-11 22:05:00.339893,0 days 00:00:00.197591,,,,,,,,,,,euclidean,2.0,uniform,,KNeighborsRegressor,,,,,,3,2.0,1.0,2.0,20.0,,,ExtraTrees,,,,,,,,,,,,,,,,,,,,,,,,,,,,,,,,,,,,,,,,,,,,,,KNeighborsRegressor,"{'mode': 'proxy', 'type': 'ExtraTrees'}",3,"['pe_T2W40', 'l2_T2W40', 'l3_T2W40']",,,,,,,,,,,,,,,pruned,True,PRUNED
56,6.4275557650489175,2026-06-11 22:05:00.349678,2026-06-11 22:05:02.646051,0 days 00:00:02.296373,,,,,,,,,,,,,,0.10637254138480723,QuantileRegressor,,,,,,6,,,,,,,,False,-0.01584774855683365,-0.00916263230084864,98.0,-0.012505190428841146,0.003342558127992506,0.0167591730345354,1.9844674545084815,6.3712867633680945,6.48382476672974,98.0,6.4275557650489175,0.05626900168082276,0.2821258148817408,1.9844674545084815,227423674082737.78,458145043569655.0,98.0,342784358826196.4,115360684743458.6,578404205092838.1,1.9844674545084815,17.039251078482437,17.703050747586275,98.0,17.371150913034356,0.3318998345519182,1.664104719917002,1.9844674545084815,5.935079169200418,6.095456247641278,98.0,6.015267708420848,0.08018853922042941,0.4020554176537025,1.9844674545084815,99.0,0.9797979797979798,-0.04043135448594326,-0.028150753270323712,98.0,-0.034291053878133484,0.0061403006078097734,0.030786707793815093,1.9844674545084815,QuantileRegressor,"{'mode': 'original', 'type': 'QuantileRegressor'}",6,"['lcc_T2W40', 'lsc_T2W40', 'atd_T2W40', 'density_T2W40', 'diameter_T2W40', 'asp_T2W40']",-0.07717838106658653,0.009076822738369121,29.0,-0.0340507791641087,0.04312760190247782,0.11549783910063792,2.045229642132703,7.610214259455159,7.769191162701192,98.0,7.6897027110781755,0.07948845162301635,0.39854526502954324,1.9844674545084815,completed,False,COMPLETE
57,6.3872053872053876,2026-06-11 22:05:02.659790,2026-06-11 22:05:04.794257,0 days 00:00:02.134467,,,,,,,,,,,,,,1.7544048317811434,QuantileRegressor,,,,,,5,,,,,,,,True,-0.007992527421934447,-0.00429965925489195,98.0,-0.0061460933384131985,0.001846434083521248,0.009257792121383793,1.9844674545084815,6.333868776470206,6.440541997940569,98.0,6.3872053872053876,0.05333661073518113,0.2674231693686085,1.9844674545084815,234191657479173.8,471422829592568.56,98.0,352807243535871.2,118615586056697.36,594723877699898.1,1.9844674545084815,16.985539820030116,17.68112684663655,98.0,17.333333333333332,0.3477935133032172,1.7437936593905288,1.9844674545084815,5.9145229356457625,6.0854770643542375,98.0,6.0,0.08547706435423776,0.4285714285714286,1.9844674545084815,99.0,0.98989898989899,-0.025917830679462114,-0.019638213574543782,98.0,-0.02277802212700295,0.0031398085524591652,0.015742611739584158,1.9844674545084815,QuantileRegressor,"{'mode': 'original', 'type': 'QuantileRegressor'}",5,"['lsc_T2W40', 'atd_T2W40', 'density_T2W40', 'diameter_T2W40', 'asp_T2W40']",,,,,,,,7.5708224151229,7.723797549062184,98.0,7.647309982092542,0.07648756696964237,0.383499200537381,1.9844674545084815,completed,True,COMPLETE
