number,value,datetime_start,datetime_complete,duration,params_dt_max_depth,params_dt_min_samples_leaf,params_dt_min_samples_split,params_elastic_alpha,params_elastic_l1_ratio,params_et_max_depth,params_et_max_features,params_et_min_samples_leaf,params_et_min_samples_split,params_et_n_estimators,params_knn_metric,params_knn_n_neighbors,params_knn_weights,params_quantile_alpha,params_regressor,params_rf_max_depth,params_rf_max_features,params_rf_min_samples_leaf,params_rf_min_samples_split,params_rf_n_estimators,params_rfe_n_features,params_rfe_proxy_et_max_depth,params_rfe_proxy_et_min_samples_leaf,params_rfe_proxy_et_min_samples_split,params_rfe_proxy_et_n_estimators,params_rfe_proxy_lsvr_C,params_rfe_proxy_lsvr_epsilon,params_rfe_proxy_type,params_use_scaler,user_attrs_d2mae_ci_lower_val,user_attrs_d2mae_ci_upper_val,user_attrs_d2mae_df_val,user_attrs_d2mae_mean_val,user_attrs_d2mae_samperror_val,user_attrs_d2mae_std_val,user_attrs_d2mae_t_critical_val,user_attrs_mae_ci_lower_val,user_attrs_mae_ci_upper_val,user_attrs_mae_df_val,user_attrs_mae_mean_val,user_attrs_mae_samperror_val,user_attrs_mae_std_val,user_attrs_mae_t_critical_val,user_attrs_mape_ci_lower_val,user_attrs_mape_ci_upper_val,user_attrs_mape_df_val,user_attrs_mape_mean_val,user_attrs_mape_samperror_val,user_attrs_mape_std_val,user_attrs_mape_t_critical_val,user_attrs_max_error_ci_lower_val,user_attrs_max_error_ci_upper_val,user_attrs_max_error_df_val,user_attrs_max_error_mean_val,user_attrs_max_error_samperror_val,user_attrs_max_error_std_val,user_attrs_max_error_t_critical_val,user_attrs_median_ae_ci_lower_val,user_attrs_median_ae_ci_upper_val,user_attrs_median_ae_df_val,user_attrs_median_ae_mean_val,user_attrs_median_ae_samperror_val,user_attrs_median_ae_std_val,user_attrs_median_ae_t_critical_val,user_attrs_n_splits_val,user_attrs_r2_below_zero_val,user_attrs_r2_ci_lower_val,user_attrs_r2_ci_upper_val,user_attrs_r2_df_val,user_attrs_r2_mean_val,user_attrs_r2_samperror_val,user_attrs_r2_std_val,user_attrs_r2_t_critical_val,user_attrs_regressor_final,user_attrs_rfe_estimator,user_attrs_rfe_n_features,user_attrs_rfe_selected_features,user_attrs_rho_ci_lower_val,user_attrs_rho_ci_upper_val,user_attrs_rho_df_val,user_attrs_rho_mean_val,user_attrs_rho_samperror_val,user_attrs_rho_std_val,user_attrs_rho_t_critical_val,user_attrs_rmse_ci_lower_val,user_attrs_rmse_ci_upper_val,user_attrs_rmse_df_val,user_attrs_rmse_mean_val,user_attrs_rmse_samperror_val,user_attrs_rmse_std_val,user_attrs_rmse_t_critical_val,user_attrs_termination_reason,user_attrs_use_scaler_final,state
185,6.315490394908233,2026-06-11 23:02:50.654338,2026-06-11 23:03:28.648259,0 days 00:00:37.993921,,,,,,,,,,,,,,,RandomForestRegressor,7.0,log2,2.0,9.0,446.0,4,,,,,,,,True,-0.004196359040408326,0.014805285213621205,98.0,0.00530446308660644,0.009500822127014766,0.04763594705011518,1.9844674545084815,6.232982984831636,6.39799780498483,98.0,6.315490394908233,0.08250741007659682,0.41368194932051033,1.9844674545084815,235008929093352.72,474745757702619.9,98.0,354877343397986.3,119868414304633.6,601005403580893.8,1.9844674545084815,16.261182698842262,16.93190803020427,98.0,16.596545364523266,0.3353626656810048,1.68146692690324,1.9844674545084815,5.656794181188377,5.908288435738112,98.0,5.782541308463244,0.12574712727486792,0.6304805433139746,1.9844674545084815,99.0,0.45454545454545453,-0.007330663817898311,0.023421464240444986,98.0,0.008045400211273339,0.01537606402917165,0.07709368327716962,1.9844674545084815,RandomForestRegressor,"{'mode': 'original', 'type': 'RandomForestRegressor'}",4,"['re_T2W40', 'pe_T2W40', 'l3_T2W40', 'lsc_T2W40']",0.15239377501103063,0.19797127668050085,98.0,0.17518252584576574,0.022788750834735107,0.11425997809336974,1.9844674545084815,7.434417454112647,7.614341572953793,98.0,7.52437951353322,0.08996205942057323,0.4510586391142402,1.9844674545084815,completed,True,COMPLETE
186,6.305375515304745,2026-06-11 23:03:28.661827,2026-06-11 23:04:03.662471,0 days 00:00:35.000644,,,,,,,,,,,,,,,RandomForestRegressor,4.0,log2,4.0,9.0,432.0,3,,,,,,,,True,-0.0003872505813110657,0.014069554920588364,98.0,0.006841152169638649,0.007228402750949715,0.03624231735925987,1.9844674545084815,6.2342192360152255,6.376531794594265,98.0,6.305375515304745,0.07115627928951936,0.35676878350145363,1.9844674545084815,212058892688433.22,427832674146395.4,98.0,319945783417414.3,107886890728981.1,540931526289095.2,1.9844674545084815,16.02643339038213,16.624356468832936,98.0,16.325394929607533,0.2989615392254012,1.498956181072814,1.9844674545084815,5.7621496207661185,5.974327983141761,98.0,5.8682388019539395,0.10608918118782117,0.5319180329966902,1.9844674545084815,99.0,0.30303030303030304,0.011796961028774847,0.03857505042069105,98.0,0.025186005724732948,0.013389044695958101,0.06713101410190145,1.9844674545084815,RandomForestRegressor,"{'mode': 'original', 'type': 'RandomForestRegressor'}",3,"['pe_T2W40', 'l3_T2W40', 'lsc_T2W40']",0.1254321171528056,0.17695621476853635,98.0,0.15119416596067098,0.025762048807865374,0.1291677263828066,1.9844674545084815,7.37520087975277,7.545610453123738,98.0,7.460405666438254,0.08520478668548416,0.4272062620165475,1.9844674545084815,completed,True,COMPLETE
187,6.312177506997005,2026-06-11 23:04:03.675554,2026-06-11 23:04:09.633847,0 days 00:00:05.958293,,,,,,,,,,,,,,,RandomForestRegressor,6.0,log2,4.0,8.0,55.0,3,,,,,,,,True,-0.003576498953738699,0.014889728451682776,98.0,0.005656614748972039,0.009233113702710738,0.04629369012176414,1.9844674545084815,6.234370836432438,6.389984177561573,98.0,6.312177506997005,0.07780667056456753,0.39011302281101357,1.9844674545084815,198758015356454.5,402238050303725.25,98.0,300498032830089.9,101740017473635.39,510111864053462.94,1.9844674545084815,16.304577399017003,16.986192171044454,98.0,16.64538478503073,0.340807386013724,1.7087660812295395,1.9844674545084815,5.6658615792104,5.924968005446853,98.0,5.795414792328627,0.12955321311822623,0.6495637869826337,1.9844674545084815,99.0,0.40404040404040403,-0.007022099227545422,0.028138467593628744,98.0,0.010558184183041662,0.017580283410587084,0.08814536663006436,1.9844674545084815,RandomForestRegressor,"{'mode': 'original', 'type': 'RandomForestRegressor'}",3,"['pe_T2W40', 'l3_T2W40', 'lsc_T2W40']",0.11915108870347578,0.17394654837856982,98.0,0.1465488185410228,0.027397729837547024,0.1373688287589096,1.9844674545084815,7.420931902688768,7.602734708503705,98.0,7.5118333055962365,0.09090140290746916,0.4557683911762658,1.9844674545084815,completed,True,COMPLETE
188,6.318187064812374,2026-06-11 23:04:09.646756,2026-06-11 23:04:43.504959,0 days 00:00:33.858203,,,,,,,,,,,,,,,RandomForestRegressor,3.0,log2,4.0,10.0,421.0,3,,,,,,,,True,-0.0016861334104808423,0.011143019737205863,98.0,0.00472844316336251,0.006414576573843352,0.03216189356410169,1.9844674545084815,6.252510153457684,6.383863976167064,98.0,6.318187064812374,0.0656769113546899,0.3292959103835093,1.9844674545084815,220598012902854.53,444442703165623.5,98.0,332520358034239.0,111922345131384.47,561164795543704.75,1.9844674545084815,15.914461546713065,16.453814836893287,98.0,16.184138191803175,0.2696766450901106,1.3521253439360643,1.9844674545084815,5.832802794765139,6.025752248577381,98.0,5.92927752167126,0.09647472690612094,0.48371234837740235,1.9844674545084815,99.0,0.2828282828282828,0.015964247388787527,0.03913531396171542,98.0,0.027549780675251476,0.011585533286463948,0.058088430959263845,1.9844674545084815,RandomForestRegressor,"{'mode': 'original', 'type': 'RandomForestRegressor'}",3,"['pe_T2W40', 'l3_T2W40', 'lsc_T2W40']",0.12943644864512932,0.17957900312949399,98.0,0.15450772588731165,0.025071277242182336,0.12570428318950247,1.9844674545084815,7.3715584080986325,7.532990379236841,98.0,7.452274393667737,0.08071598556910432,0.4046999684095589,1.9844674545084815,completed,True,COMPLETE
189,6.311321060353744,2026-06-11 23:04:43.517843,2026-06-11 23:05:18.940768,0 days 00:00:35.422925,,,,,,,,,,,,,,,RandomForestRegressor,5.0,log2,4.0,9.0,434.0,3,,,,,,,,True,-0.0020008163991069323,0.013833247226462885,98.0,0.005916215413677976,0.007917031812784909,0.03969501830326322,1.9844674545084815,6.2369129165358785,6.385729204171609,98.0,6.311321060353744,0.0744081438178656,0.37307323004466264,1.9844674545084815,204711419359403.0,413353849827239.6,98.0,309032634593321.3,104321215233918.33,523053670372001.8,1.9844674545084815,16.143456427645006,16.780757099523044,98.0,16.462106763584025,0.31865033593901826,1.5976733726160093,1.9844674545084815,5.733518517910865,5.96609966319783,98.0,5.849809090554348,0.11629057264348218,0.5830665480117856,1.9844674545084815,99.0,0.37373737373737376,0.004420282331627286,0.03405978361111248,98.0,0.019240032971369884,0.014819750639742599,0.07430439674934794,1.9844674545084815,RandomForestRegressor,"{'mode': 'original', 'type': 'RandomForestRegressor'}",3,"['pe_T2W40', 'l3_T2W40', 'lsc_T2W40']",0.1180177171355651,0.1695293311605695,98.0,0.1437735241480673,0.025755807012502203,0.1291364307928626,1.9844674545084815,7.394295138371183,7.569399929459426,98.0,7.481847533915304,0.08755239554412113,0.43897688247332156,1.9844674545084815,completed,True,COMPLETE
190,6.308740616858814,2026-06-11 23:05:18.955693,2026-06-11 23:05:57.024658,0 days 00:00:38.068965,,,,,,,,,,,,,,,RandomForestRegressor,4.0,log2,4.0,9.0,462.0,4,,,,,,,,True,-0.001548938888848027,0.014329231890318463,98.0,0.006390146500735217,0.007939085389583244,0.039805592209666965,1.9844674545084815,6.232987594027046,6.384493639690582,98.0,6.308740616858814,0.07575302283176825,0.3798162870810549,1.9844674545084815,240713140797881.88,485424994843227.6,98.0,363069067820554.75,122355927022672.86,613477484684914.9,1.9844674545084815,15.97706092662456,16.559340035390747,98.0,16.268200481007653,0.29113955438309397,1.4597377165237857,1.9844674545084815,5.716895468189074,5.93660617989616,98.0,5.826750824042617,0.10985535585354243,0.5508011669570303,1.9844674545084815,99.0,0.37373737373737376,0.008864209885067826,0.035157495248374096,98.0,0.022010852566720963,0.013146642681653137,0.06591564038330087,1.9844674545084815,RandomForestRegressor,"{'mode': 'original', 'type': 'RandomForestRegressor'}",4,"['re_T2W40', 'pe_T2W40', 'l3_T2W40', 'lsc_T2W40']",0.1508263377177879,0.19713068019707172,98.0,0.1739785089574298,0.023152171239641917,0.11608212305447235,1.9844674545084815,7.38645137873597,7.560313673721076,98.0,7.473382526228523,0.08693114749255351,0.43586202158088205,1.9844674545084815,completed,True,COMPLETE
191,6.309296982078309,2026-06-11 23:05:57.039137,2026-06-11 23:06:34.971020,0 days 00:00:37.931883,,,,,,,,,,,,,,,RandomForestRegressor,4.0,log2,4.0,9.0,460.0,4,,,,,,,,True,-0.0016386353570393627,0.014240686751446078,98.0,0.006301025697203358,0.00793966105424272,0.03980847852106936,1.9844674545084815,6.2335653352959275,6.385028628860691,98.0,6.309296982078309,0.07573164678238183,0.3797091102132955,1.9844674545084815,240865860093741.88,485731625814369.1,98.0,363298742954055.5,122432882860313.61,613863331736679.9,1.9844674545084815,15.97701599959554,16.560001274833372,98.0,16.268508637214456,0.2914926376189156,1.4615080321976324,1.9844674545084815,5.717969840704001,5.937644278082983,98.0,5.827807059393492,0.1098372186894909,0.5507102294597435,1.9844674545084815,99.0,0.37373737373737376,0.008741984110074695,0.035049677486359926,98.0,0.02189583079821731,0.013153846688142614,0.06595176038082252,1.9844674545084815,RandomForestRegressor,"{'mode': 'original', 'type': 'RandomForestRegressor'}",4,"['re_T2W40', 'pe_T2W40', 'l3_T2W40', 'lsc_T2W40']",0.15071745633139072,0.19699419476718633,98.0,0.17385582554928852,0.023138369217897792,0.11601292142452937,1.9844674545084815,7.386905148141267,7.560700379986056,98.0,7.473802764063661,0.08689761592239482,0.4356938984354077,1.9844674545084815,completed,True,COMPLETE
192,6.3089182232278525,2026-06-11 23:06:35.024079,2026-06-11 23:07:13.009897,0 days 00:00:37.985818,,,,,,,,,,,,,,,RandomForestRegressor,4.0,log2,4.0,9.0,463.0,4,,,,,,,,True,-0.001579001930044975,0.014302326601818096,98.0,0.0063616623358865605,0.007940664265931536,0.03981350850039637,1.9844674545084815,6.23316562256983,6.384670823885875,98.0,6.3089182232278525,0.0757526006580222,0.3798141703541081,1.9844674545084815,240681702278764.3,485362047863672.7,98.0,363021875071218.5,122340172792454.17,613398494923136.4,1.9844674545084815,15.976881628969199,16.559176631704556,98.0,16.268029130336878,0.2911475013676792,1.4597775617215856,1.9844674545084815,5.716373457991781,5.935961961598934,98.0,5.8261677097953575,0.10979425180357628,0.5504947988080615,1.9844674545084815,99.0,0.37373737373737376,0.008843298539803443,0.035135430056713934,98.0,0.02198936429825869,0.013146065758455247,0.06591274776174252,1.9844674545084815,RandomForestRegressor,"{'mode': 'original', 'type': 'RandomForestRegressor'}",4,"['re_T2W40', 'pe_T2W40', 'l3_T2W40', 'lsc_T2W40']",0.15051907032288256,0.19684746415870832,98.0,0.17368326724079544,0.023164196917912872,0.1161424183179452,1.9844674545084815,7.3865141022160605,7.560433281197192,98.0,7.4734736917066265,0.08695958949056576,0.43600462624111025,1.9844674545084815,completed,True,COMPLETE
193,6.3874022617799735,2026-06-11 23:07:13.022784,2026-06-11 23:07:13.210944,0 days 00:00:00.188160,,,,,,,,,,,euclidean,15.0,distance,,KNeighborsRegressor,,,,,,4,,,,,0.0011167770489352768,0.1438736584334137,LinearSVR,,,,,,,,,,,,,,,,,,,,,,,,,,,,,,,,,,,,,,,,,,,,,,KNeighborsRegressor,"{'mode': 'proxy', 'type': 'LinearSVR'}",4,"['nodes_T2W40', 're_T2W40', 'lcc_T2W40', 'lsc_T2W40']",,,,,,,,,,,,,,,pruned,True,PRUNED
194,6.307457709242558,2026-06-11 23:07:13.221962,2026-06-11 23:07:50.490810,0 days 00:00:37.268848,,,,,,,,,,,,,,,RandomForestRegressor,5.0,log2,4.0,9.0,449.0,4,,,,,,,,True,-0.001996360084504492,0.015248105770425565,98.0,0.006625872842960537,0.008622232927465029,0.04323080947054187,1.9844674545084815,6.227985723184168,6.386929695300949,98.0,6.307457709242558,0.07947198605839009,0.39846270872502554,1.9844674545084815,239351951919592.8,483025770018456.2,98.0,361188860969024.5,121836909049431.69,610875192761032.4,1.9844674545084815,16.007120998441817,16.624949599326907,98.0,16.316035298884362,0.30891430044254625,1.5488580948234432,1.9844674545084815,5.6902786561189656,5.90775948851245,98.0,5.799019072315708,0.10874041619674177,0.5452109974174477,1.9844674545084815,99.0,0.3939393939393939,0.005027839806756808,0.033740869964837925,98.0,0.019384354885797365,0.014356515079040557,0.07198179094257379,1.9844674545084815,RandomForestRegressor,"{'mode': 'original', 'type': 'RandomForestRegressor'}",4,"['re_T2W40', 'pe_T2W40', 'l3_T2W40', 'lsc_T2W40']",0.15273757847372937,0.1992824908772451,98.0,0.17601003467548723,0.02327245620175786,0.11668521697725907,1.9844674545084815,7.393168355647875,7.571889256139178,98.0,7.482528805893526,0.08936045024565133,0.4480422451202977,1.9844674545084815,completed,True,COMPLETE
195,6.30927660660084,2026-06-11 23:07:50.503763,2026-06-11 23:08:27.465684,0 days 00:00:36.961921,,,,,,,,,,,,,,,RandomForestRegressor,5.0,log2,4.0,10.0,444.0,4,,,,,,,,True,-0.0022547366786207883,0.014896409065131098,98.0,0.006320836193255155,0.008575572871875943,0.04299686172289621,1.9844674545084815,6.23037375302242,6.388179460179261,98.0,6.30927660660084,0.07890285357842039,0.3956091488627428,1.9844674545084815,240141425311830.06,484484937325153.2,98.0,362313181318491.6,122171756006661.55,612554073989546.1,1.9844674545084815,15.987691076989798,16.59531279249125,98.0,16.291501934740523,0.30381085775072636,1.523270064378207,1.9844674545084815,5.700842607437391,5.915773117518789,98.0,5.80830786247809,0.10746525504069934,0.5388174970974194,1.9844674545084815,99.0,0.40404040404040403,0.004612269216113419,0.03328873052816273,98.0,0.018950499872138076,0.014338230656024657,0.07189011510705312,1.9844674545084815,RandomForestRegressor,"{'mode': 'original', 'type': 'RandomForestRegressor'}",4,"['re_T2W40', 'pe_T2W40', 'l3_T2W40', 'lsc_T2W40']",0.1518517509072845,0.19897715048051431,98.0,0.1754144506938994,0.023562699786614908,0.11814046241339589,1.9844674545084815,7.394954309513657,7.573361309607203,98.0,7.48415780956043,0.0892035000467734,0.4472553162352705,1.9844674545084815,completed,True,COMPLETE
196,6.314795354725409,2026-06-11 23:08:27.478501,2026-06-11 23:09:05.054808,0 days 00:00:37.576307,,,,,,,,,,,,,,,RandomForestRegressor,6.0,log2,4.0,9.0,450.0,4,,,,,,,,True,-0.0034865658516749316,0.014422350570124143,98.0,0.005467892359224606,0.008954458210899538,0.044896545950903526,1.9844674545084815,6.233790998300648,6.39579971115017,98.0,6.314795354725409,0.08100435642476113,0.40614582421311146,1.9844674545084815,238822528276613.75,481884252035340.1,98.0,360353390155976.94,121530861879363.19,609340710103287.8,1.9844674545084815,16.052045288828847,16.668745564632463,98.0,16.360395426730655,0.3083501379018067,1.5460294536217614,1.9844674545084815,5.6768861529761585,5.91385949397221,98.0,5.795372823474184,0.1184866704980256,0.5940775110334428,1.9844674545084815,99.0,0.4444444444444444,-6.79190310392229e-05,0.029892236393293064,98.0,0.01491215868112692,0.014980077712166143,0.07510825686066945,1.9844674545084815,RandomForestRegressor,"{'mode': 'original', 'type': 'RandomForestRegressor'}",4,"['re_T2W40', 'pe_T2W40', 'l3_T2W40', 'lsc_T2W40']",0.15284090262150965,0.19863766294019206,98.0,0.17573928278085085,0.022898380159341213,0.11480964596760845,1.9844674545084815,7.409063092874925,7.588561752128285,98.0,7.498812422501605,0.08974932962668038,0.4499920382388225,1.9844674545084815,completed,True,COMPLETE
197,6.311312778914322,2026-06-11 23:09:05.067990,2026-06-11 23:09:40.178536,0 days 00:00:35.110546,,,,,,,,,,,,,,,RandomForestRegressor,5.0,log2,4.0,9.0,432.0,3,,,,,,,,True,-0.002001280970325387,0.013841385634228019,98.0,0.005920052331951316,0.007921333302276703,0.03971658543955189,1.9844674545084815,6.236834527437192,6.385791030391453,98.0,6.311312778914322,0.0744782514771311,0.37342474117706065,1.9844674545084815,204616817025954.12,413177354323376.0,98.0,308897085674665.06,104280268648710.94,522848369258188.0,1.9844674545084815,16.14824058866518,16.785446200998233,98.0,16.466843394831706,0.3186028061665291,1.597435064215396,1.9844674545084815,5.733542027807819,5.965183958195063,98.0,5.849362993001441,0.1158209651936219,0.5807119943408694,1.9844674545084815,99.0,0.37373737373737376,0.004336112972418066,0.03401491055076924,98.0,0.019175511761593652,0.014839398789175586,0.07440291014045346,1.9844674545084815,RandomForestRegressor,"{'mode': 'original', 'type': 'RandomForestRegressor'}",3,"['pe_T2W40', 'l3_T2W40', 'lsc_T2W40']",0.1185847248935916,0.1702637688765725,98.0,0.14442424688508204,0.02583952199149044,0.12955616734334977,1.9844674545084815,7.394468752805349,7.569703309289838,98.0,7.482086031047594,0.08761727824224456,0.4393021962967947,1.9844674545084815,completed,True,COMPLETE
198,6.48674220598379,2026-06-11 23:09:40.221662,2026-06-11 23:09:40.330394,0 days 00:00:00.108732,,,,,,,,,,,,,,,LinearRegression,,,,,,4,,,,,,,,True,,,,,,,,,,,,,,,,,,,,,,,,,,,,,,,,,,,,,,,,,,,,,LinearRegression,"{'mode': 'original', 'type': 'LinearRegression'}",4,"['nodes_T2W40', 're_T2W40', 'pe_T2W40', 'asp_T2W40']",,,,,,,,,,,,,,,pruned,True,PRUNED
199,6.431132232283764,2026-06-11 23:09:40.340304,2026-06-11 23:09:40.508898,0 days 00:00:00.168594,,,,0.15680595435008163,0.25877276151243234,,,,,,,,,,ElasticNet,,,,,,4,,,,,,,,True,,,,,,,,,,,,,,,,,,,,,,,,,,,,,,,,,,,,,,,,,,,,,ElasticNet,"{'mode': 'original', 'type': 'ElasticNet'}",4,"['re_T2W40', 'pe_T2W40', 'lcc_T2W40', 'density_T2W40']",,,,,,,,,,,,,,,pruned,True,PRUNED
200,6.303438967289834,2026-06-11 23:09:40.518323,2026-06-11 23:10:13.449683,0 days 00:00:32.931360,,,,,,,,,,,,,,,RandomForestRegressor,4.0,log2,4.0,2.0,408.0,3,,,,,,,,True,-6.65834909743309e-05,0.014358784814546827,98.0,0.007146100661786248,0.007212684152760579,0.03616350625207045,1.9844674545084815,6.232379091137771,6.374498843441897,98.0,6.303438967289834,0.07105987615206252,0.35628543009372055,1.9844674545084815,211884651865578.94,427518759110521.06,98.0,319701705488050.0,107817053622471.08,540581371674750.4,1.9844674545084815,16.030906306505894,16.627595279925647,98.0,16.32925079321577,0.2983444867098754,1.4958623560791697,1.9844674545084815,5.749834191296467,5.966173513259831,98.0,5.858003852278149,0.10816966098168246,0.5423493013621312,1.9844674545084815,99.0,0.2727272727272727,0.011924021341542032,0.03860801136571169,98.0,0.02526601635362686,0.013341995012084827,0.06689511280622945,1.9844674545084815,RandomForestRegressor,"{'mode': 'original', 'type': 'RandomForestRegressor'}",3,"['pe_T2W40', 'l3_T2W40', 'lsc_T2W40']",0.12579470325631467,0.1767420194097938,98.0,0.15126836133305424,0.02547365807673958,0.1277217709261109,1.9844674545084815,7.374985198890094,7.5453130710460705,98.0,7.460149134968082,0.08516393607798847,0.4270014421231094,1.9844674545084815,completed,True,COMPLETE
