number,value,datetime_start,datetime_complete,duration,params_dt_max_depth,params_dt_min_samples_leaf,params_dt_min_samples_split,params_elastic_alpha,params_elastic_l1_ratio,params_et_max_depth,params_et_max_features,params_et_min_samples_leaf,params_et_min_samples_split,params_et_n_estimators,params_knn_metric,params_knn_n_neighbors,params_knn_weights,params_quantile_alpha,params_regressor,params_rf_max_depth,params_rf_max_features,params_rf_min_samples_leaf,params_rf_min_samples_split,params_rf_n_estimators,params_rfe_n_features,params_rfe_proxy_et_max_depth,params_rfe_proxy_et_min_samples_leaf,params_rfe_proxy_et_min_samples_split,params_rfe_proxy_et_n_estimators,params_rfe_proxy_lsvr_C,params_rfe_proxy_lsvr_epsilon,params_rfe_proxy_type,params_use_scaler,user_attrs_d2mae_ci_lower_val,user_attrs_d2mae_ci_upper_val,user_attrs_d2mae_df_val,user_attrs_d2mae_mean_val,user_attrs_d2mae_samperror_val,user_attrs_d2mae_std_val,user_attrs_d2mae_t_critical_val,user_attrs_mae_ci_lower_val,user_attrs_mae_ci_upper_val,user_attrs_mae_df_val,user_attrs_mae_mean_val,user_attrs_mae_samperror_val,user_attrs_mae_std_val,user_attrs_mae_t_critical_val,user_attrs_mape_ci_lower_val,user_attrs_mape_ci_upper_val,user_attrs_mape_df_val,user_attrs_mape_mean_val,user_attrs_mape_samperror_val,user_attrs_mape_std_val,user_attrs_mape_t_critical_val,user_attrs_max_error_ci_lower_val,user_attrs_max_error_ci_upper_val,user_attrs_max_error_df_val,user_attrs_max_error_mean_val,user_attrs_max_error_samperror_val,user_attrs_max_error_std_val,user_attrs_max_error_t_critical_val,user_attrs_median_ae_ci_lower_val,user_attrs_median_ae_ci_upper_val,user_attrs_median_ae_df_val,user_attrs_median_ae_mean_val,user_attrs_median_ae_samperror_val,user_attrs_median_ae_std_val,user_attrs_median_ae_t_critical_val,user_attrs_n_splits_val,user_attrs_r2_below_zero_val,user_attrs_r2_ci_lower_val,user_attrs_r2_ci_upper_val,user_attrs_r2_df_val,user_attrs_r2_mean_val,user_attrs_r2_samperror_val,user_attrs_r2_std_val,user_attrs_r2_t_critical_val,user_attrs_regressor_final,user_attrs_rfe_estimator,user_attrs_rfe_n_features,user_attrs_rfe_selected_features,user_attrs_rho_ci_lower_val,user_attrs_rho_ci_upper_val,user_attrs_rho_df_val,user_attrs_rho_mean_val,user_attrs_rho_samperror_val,user_attrs_rho_std_val,user_attrs_rho_t_critical_val,user_attrs_rmse_ci_lower_val,user_attrs_rmse_ci_upper_val,user_attrs_rmse_df_val,user_attrs_rmse_mean_val,user_attrs_rmse_samperror_val,user_attrs_rmse_std_val,user_attrs_rmse_t_critical_val,user_attrs_termination_reason,user_attrs_use_scaler_final,state
91,6.321045473413409,2026-06-11 22:15:04.960916,2026-06-11 22:15:45.969296,0 days 00:00:41.008380,,,,,,,,,,,,,,,RandomForestRegressor,9.0,log2,3.0,8.0,499.0,3,,,,,,,,True,-0.004598932922693729,0.013359530670693063,98.0,0.004380298873999667,0.008979231796693396,0.04502075764599065,1.9844674545084815,6.241802120400143,6.400288826426674,98.0,6.321045473413409,0.07924335301326554,0.3973163709149015,1.9844674545084815,187883313047048.6,380513970180191.5,98.0,284198641613620.06,96315328566571.47,482913144817842.5,1.9844674545084815,16.4190302359549,17.138123916076964,98.0,16.77857707601593,0.359546840061033,1.80272338606187,1.9844674545084815,5.653149514710746,5.914943561545895,98.0,5.784046538128321,0.1308970234175748,0.6563014856164341,1.9844674545084815,99.0,0.48484848484848486,-0.009602498083786463,0.02359165156290763,98.0,0.0069945767395605835,0.016597074823347047,0.08321568038030176,1.9844674545084815,RandomForestRegressor,"{'mode': 'original', 'type': 'RandomForestRegressor'}",3,"['pe_T2W40', 'l3_T2W40', 'lsc_T2W40']",0.11553315246034979,0.16549637883903495,98.0,0.14051476564969237,0.02498161318934259,0.12525471871852603,1.9844674545084815,7.43587974972995,7.617616372616632,98.0,7.526748061173291,0.09086831144334069,0.45560247466799303,1.9844674545084815,completed,True,COMPLETE
92,6.320977504750508,2026-06-11 22:15:45.982993,2026-06-11 22:16:26.780618,0 days 00:00:40.797625,,,,,,,,,,,,,,,RandomForestRegressor,9.0,log2,3.0,8.0,496.0,3,,,,,,,,True,-0.004588503167805482,0.013370707109607784,98.0,0.004391101970901151,0.008979605138706633,0.04502262953666878,1.9844674545084815,6.241725396509629,6.400229612991387,98.0,6.320977504750508,0.07925210824087875,0.3973602685432771,1.9844674545084815,187939633567753.5,380600853976736.1,98.0,284270243772244.8,96330610204491.31,482989765060286.5,1.9844674545084815,16.416587389318344,17.134631223095333,98.0,16.77560930620684,0.3590219168884959,1.8000914861990935,1.9844674545084815,5.654299054750015,5.9157719281637595,98.0,5.785035491456887,0.1307364367068722,0.6554963237108943,1.9844674545084815,99.0,0.48484848484848486,-0.009563292525346594,0.023640359765339132,98.0,0.00703853361999627,0.016601826145342863,0.08323950292112876,1.9844674545084815,RandomForestRegressor,"{'mode': 'original', 'type': 'RandomForestRegressor'}",3,"['pe_T2W40', 'l3_T2W40', 'lsc_T2W40']",0.11588897499314532,0.16543365849930275,98.0,0.14066131674622404,0.024772341753078707,0.12420545762051827,1.9844674545084815,7.435678234834071,7.6174837549340415,98.0,7.526580994884056,0.09090276004998542,0.4557751957209861,1.9844674545084815,completed,True,COMPLETE
93,6.321168068825738,2026-06-11 22:16:26.793240,2026-06-11 22:17:07.847396,0 days 00:00:41.054156,,,,,,,,,,,,,,,RandomForestRegressor,9.0,log2,3.0,8.0,500.0,3,,,,,,,,True,-0.0046175390300232854,0.01334387677875326,98.0,0.004363168874364988,0.008980707904388274,0.04502815866740263,1.9844674545084815,6.241874664829716,6.40046147282176,98.0,6.321168068825738,0.07929340399602251,0.3975673203519653,1.9844674545084815,187873809345546.8,380498654458261.2,98.0,284186231901904.0,96312422556357.2,482898574442053.7,1.9844674545084815,16.420471322542117,17.138898358818064,98.0,16.77968484068009,0.35921351813797436,1.8010521511660693,1.9844674545084815,5.653719420843863,5.916019181247795,98.0,5.784869301045829,0.13114988020196633,0.6575692782591663,1.9844674545084815,99.0,0.48484848484848486,-0.009704202489557383,0.023499284516810777,98.0,0.006897541013626696,0.01660174350318408,0.0832390885635661,1.9844674545084815,RandomForestRegressor,"{'mode': 'original', 'type': 'RandomForestRegressor'}",3,"['pe_T2W40', 'l3_T2W40', 'lsc_T2W40']",0.11579250437059635,0.16564771581393545,98.0,0.1407201100922659,0.024927605721669542,0.12498393195544487,1.9844674545084815,7.436219057637869,7.6180242910842395,98.0,7.527121674361054,0.09090261672318523,0.4557744770981372,1.9844674545084815,completed,True,COMPLETE
94,6.311464527137933,2026-06-11 22:17:07.860238,2026-06-11 22:17:44.103159,0 days 00:00:36.242921,,,,,,,,,,,,,,,RandomForestRegressor,7.0,log2,3.0,9.0,440.0,3,,,,,,,,True,-0.0028155586622657337,0.014631834924492548,98.0,0.005908138131113408,0.008723696793379141,0.04373953674483127,1.9844674545084815,6.233065190117136,6.38986386415873,98.0,6.311464527137933,0.07839933702079682,0.3930845791194979,1.9844674545084815,192137443685662.7,388708076141977.56,98.0,290422759913820.1,98285316228157.45,492790419298106.5,1.9844674545084815,16.352615018647285,17.06187814561573,98.0,16.707246582131507,0.35463156348422203,1.7780787972442489,1.9844674545084815,5.65500409249665,5.908819634526852,98.0,5.781911863511751,0.1269077710151006,0.6362998674750453,1.9844674545084815,99.0,0.45454545454545453,-0.004058066418010318,0.028450564079389278,98.0,0.01219624883068948,0.0162543152486998,0.08149712626671722,1.9844674545084815,RandomForestRegressor,"{'mode': 'original', 'type': 'RandomForestRegressor'}",3,"['pe_T2W40', 'l3_T2W40', 'lsc_T2W40']",0.1169667656628044,0.16844851779905806,98.0,0.14270764173093123,0.02574087606812684,0.1290615688844757,1.9844674545084815,7.416544957215281,7.5985751569769455,98.0,7.507560057096113,0.09101509988083192,0.4563384537382694,1.9844674545084815,completed,True,COMPLETE
95,6.305416106379045,2026-06-11 22:17:44.121324,2026-06-11 22:18:17.892670,0 days 00:00:33.771346,,,,,,,,,,,,,,,RandomForestRegressor,6.0,log2,3.0,9.0,412.0,3,,,,,,,,True,-0.0016535547305668273,0.015387554058017682,98.0,0.006866999663725427,0.008520554394292255,0.042721005881168325,1.9844674545084815,6.227898441092444,6.3829337716656465,98.0,6.305416106379045,0.07751766528660092,0.38866398609246733,1.9844674545084815,195519051925825.94,395367597904324.44,98.0,295443324915075.2,99924272989249.25,501007945786346.1,1.9844674545084815,16.324861162642915,17.0119135102001,98.0,16.668387336421507,0.3435261737785926,1.7223977468134606,1.9844674545084815,5.654648842659343,5.906700046692498,98.0,5.78067444467592,0.12602560201657714,0.6318767812261797,1.9844674545084815,99.0,0.3939393939393939,-0.0001446600301813726,0.03158976696502397,98.0,0.015722553467421296,0.01586721349760267,0.07955624596480763,1.9844674545084815,RandomForestRegressor,"{'mode': 'original', 'type': 'RandomForestRegressor'}",3,"['pe_T2W40', 'l3_T2W40', 'lsc_T2W40']",0.12109842153450667,0.17236024434449976,98.0,0.14672933293950322,0.025630911404996543,0.12851021966435253,1.9844674545084815,7.404203814236438,7.58486664707132,98.0,7.494535230653879,0.09033141641744113,0.4529105494131775,1.9844674545084815,completed,True,COMPLETE
96,6.29414267370461,2026-06-11 22:18:17.910729,2026-06-11 22:18:52.381271,0 days 00:00:34.470542,,,,,,,,,,,,,,,RandomForestRegressor,6.0,log2,3.0,10.0,421.0,3,,,,,,,,True,-0.00021357287873926233,0.01764821450974597,98.0,0.008717320815503355,0.008930893694242617,0.04477839637892714,1.9844674545084815,6.213991013446885,6.374294333962335,98.0,6.29414267370461,0.08015166025772498,0.40187051109602084,1.9844674545084815,240840408314308.12,485411530050398.1,98.0,363125969182353.1,122285560868045.02,613124677488741.6,1.9844674545084815,15.95010711680801,16.49965390915614,98.0,16.224880512982075,0.274773396174065,1.3776798234871046,1.9844674545084815,5.662959104682404,5.892372524846733,98.0,5.7776658147645685,0.11470671008216417,0.5751252570269694,1.9844674545084815,99.0,0.41414141414141414,-0.002631433643023453,0.027054763491929625,98.0,0.012211664924453086,0.014843098567476539,0.07442146037125298,1.9844674545084815,RandomForestRegressor,"{'mode': 'original', 'type': 'RandomForestRegressor'}",3,"['re_T2W40', 'l3_T2W40', 'lsc_T2W40']",0.16154464064452234,0.21146726334924498,98.0,0.18650595199688366,0.024961311352361328,0.1251529278189038,1.9844674545084815,7.417416758354483,7.603503444606411,98.0,7.510460101480447,0.09304334312596373,0.4665078145091788,1.9844674545084815,completed,True,COMPLETE
97,6.319374630829879,2026-06-11 22:18:52.399007,2026-06-11 22:19:25.959465,0 days 00:00:33.560458,,,,,,,,,,,,,,,RandomForestRegressor,6.0,log2,4.0,10.0,413.0,3,,,,,,,,True,-0.0036763850972434007,0.013001366823353951,98.0,0.004662490863055276,0.008338875960298676,0.04181009268374536,1.9844674545084815,6.242718136861822,6.396031124797935,98.0,6.319374630829879,0.07665649396805614,0.3843461796139488,1.9844674545084815,200949559342515.25,406001727779940.4,98.0,303475643561227.8,102526084218712.56,514053105489809.9,1.9844674545084815,16.207222767175356,16.85974918350234,98.0,16.53348597533885,0.3262632081634931,1.6358433723630017,1.9844674545084815,5.70539756393564,5.947910324198982,98.0,5.826653944067311,0.12125638013167055,0.6079644925692144,1.9844674545084815,99.0,0.40404040404040403,-0.0009804770572653092,0.030412047007886064,98.0,0.014715784975310378,0.015696262032575688,0.07869911646303435,1.9844674545084815,RandomForestRegressor,"{'mode': 'original', 'type': 'RandomForestRegressor'}",3,"['pe_T2W40', 'l3_T2W40', 'lsc_T2W40']",0.1175596879524642,0.16935584170028037,98.0,0.1434577648263723,0.025898076873908087,0.12984975428152026,1.9844674545084815,7.409084050607344,7.587629341762616,98.0,7.49835669618498,0.0892726455776358,0.44760200337485473,1.9844674545084815,completed,True,COMPLETE
98,6.3141717192151665,2026-06-11 22:19:25.972221,2026-06-11 22:20:00.595618,0 days 00:00:34.623397,,,,,,,,,,,,,,,RandomForestRegressor,6.0,log2,4.0,10.0,415.0,4,,,,,,,,True,-0.003278279623420033,0.014357439805577216,98.0,0.005539580091078591,0.008817859714498624,0.04421165798492665,1.9844674545084815,6.234312668672095,6.394030769758238,98.0,6.3141717192151665,0.07985905054307141,0.40040340217773546,1.9844674545084815,240138963773621.12,484568486073775.75,98.0,362353724923698.44,122214761150077.3,612769696459607.0,1.9844674545084815,16.047527707392753,16.66148381676561,98.0,16.35450576207918,0.3069780546864286,1.5391499980838812,1.9844674545084815,5.672067024418643,5.9003465778416295,98.0,5.786206801130136,0.11413977671149335,0.5722827232267177,1.9844674545084815,99.0,0.43434343434343436,0.00034834480429952845,0.03020653295701483,98.0,0.01527743888065718,0.014929094076357651,0.07485263121655913,1.9844674545084815,RandomForestRegressor,"{'mode': 'original', 'type': 'RandomForestRegressor'}",4,"['re_T2W40', 'pe_T2W40', 'l3_T2W40', 'lsc_T2W40']",0.153361387412706,0.19904857813584803,98.0,0.176204982774277,0.022843595361571017,0.11453496176756309,1.9844674545084815,7.4080747443476,7.5865938246427085,98.0,7.497334284495154,0.08925954014755472,0.44753629436935344,1.9844674545084815,completed,True,COMPLETE
99,6.477022566108582,2026-06-11 22:20:00.608253,2026-06-11 22:20:34.019521,0 days 00:00:33.411268,,,,,,,,,,,,,,,RandomForestRegressor,5.0,log2,4.0,10.0,404.0,10,,,,,,,,True,-0.02771447308455692,-0.012712796387820524,98.0,-0.020213634736188722,0.007500838348368197,0.037608275748933565,1.9844674545084815,6.404604605464046,6.549440526753118,98.0,6.477022566108582,0.0724179606445365,0.3630946977663699,1.9844674545084815,266067802307820.94,538201123525005.2,98.0,402134462916413.06,136066660608592.14,682221407093480.5,1.9844674545084815,16.521881319381727,17.266335117683653,98.0,16.89410821853269,0.37222689915096324,1.8662996340249545,1.9844674545084815,5.9402402293697385,6.141742289623576,98.0,6.040991259496657,0.10075103012691826,0.5051532038184192,1.9844674545084815,99.0,0.6464646464646465,-0.04258284706742221,-0.01517858352444082,98.0,-0.028880715295931513,0.013702131771490694,0.06870079397492304,1.9844674545084815,RandomForestRegressor,"{'mode': 'original', 'type': 'RandomForestRegressor'}",10,"['nodes_T2W40', 're_T2W40', 'pe_T2W40', 'l1_T2W40', 'l2_T2W40', 'l3_T2W40', 'lsc_T2W40', 'density_T2W40', 'diameter_T2W40', 'asp_T2W40']",0.04921140765663569,0.09724167138817448,98.0,0.07322653952240508,0.024015131865769396,0.1204089008999028,1.9844674545084815,7.577128979467841,7.753477803786184,98.0,7.665303391627012,0.08817441215917146,0.44209559684800487,1.9844674545084815,completed,True,COMPLETE
100,6.314494409007394,2026-06-11 22:20:34.032097,2026-06-11 22:21:08.594316,0 days 00:00:34.562219,,,,,,,,,,,,,,,RandomForestRegressor,6.0,log2,4.0,10.0,412.0,4,,,,,,,,True,-0.0033189759770690707,0.01428979600494372,98.0,0.005485410013937324,0.008804385991006395,0.044144102401813615,1.9844674545084815,6.234758716788378,6.39423010122641,98.0,6.314494409007394,0.079735692219016,0.3997848987983083,1.9844674545084815,240169999032504.2,484623722512443.56,98.0,362396860772473.9,122226861739969.69,612830367320684.4,1.9844674545084815,16.044489948684163,16.65661476742294,98.0,16.35055235805355,0.3060624093693878,1.534559065714437,1.9844674545084815,5.671972788441197,5.901825530099467,98.0,5.786899159270332,0.11492637082913514,0.5762266088438763,1.9844674545084815,99.0,0.43434343434343436,0.00031373732810566907,0.030163454436270026,98.0,0.015238595882187848,0.014924858554082179,0.07483139483173405,1.9844674545084815,RandomForestRegressor,"{'mode': 'original', 'type': 'RandomForestRegressor'}",4,"['re_T2W40', 'pe_T2W40', 'l3_T2W40', 'lsc_T2W40']",0.1533325862712558,0.19910088512578017,98.0,0.17621673569851798,0.022884149427262187,0.11473829483707067,1.9844674545084815,7.408305550843971,7.586613272232994,98.0,7.4974594115384825,0.08915386069451149,0.4470064306625971,1.9844674545084815,completed,True,COMPLETE
101,6.314176798970284,2026-06-11 22:21:08.625179,2026-06-11 22:21:43.291164,0 days 00:00:34.665985,,,,,,,,,,,,,,,RandomForestRegressor,6.0,log2,4.0,10.0,414.0,4,,,,,,,,True,-0.003276248508067344,0.014350214471939241,98.0,0.0055369829819359485,0.008813231490003293,0.04418845263974197,1.9844674545084815,6.234373709743995,6.393979888196574,98.0,6.314176798970284,0.07980308922628912,0.4001228190568794,1.9844674545084815,240209828172622.38,484702215087075.1,98.0,362456021629848.75,122246193457226.39,612927294159995.4,1.9844674545084815,16.046902630914225,16.660225562493842,98.0,16.353564096704034,0.30666146578980685,1.537562660513036,1.9844674545084815,5.670866076165019,5.899341092014772,98.0,5.785103584089896,0.11423750792487646,0.5727727354428841,1.9844674545084815,99.0,0.43434343434343436,0.0003588340740330147,0.03020447037444701,98.0,0.015281652224240012,0.014922818150206997,0.07482116449906814,1.9844674545084815,RandomForestRegressor,"{'mode': 'original', 'type': 'RandomForestRegressor'}",4,"['re_T2W40', 'pe_T2W40', 'l3_T2W40', 'lsc_T2W40']",0.15331607579696171,0.1990174046026908,98.0,0.17616674019982625,0.02285066440286455,0.11457040506628524,1.9844674545084815,7.408100231277431,7.586525082622461,98.0,7.497312656949946,0.0892124256725147,0.44730006821878493,1.9844674545084815,completed,True,COMPLETE
102,6.313777665549906,2026-06-11 22:21:43.304026,2026-06-11 22:22:18.689504,0 days 00:00:35.385478,,,,,,,,,,,,,,,RandomForestRegressor,6.0,log2,4.0,10.0,419.0,4,,,,,,,,True,-0.0032045078587156772,0.01440414909961122,98.0,0.005599820620447771,0.008804328479163449,0.04414381404454635,1.9844674545084815,6.23401759604288,6.393537735056932,98.0,6.313777665549906,0.07976006950702648,0.3999071235053251,1.9844674545084815,239976021060540.12,484257716101239.4,98.0,362116868580889.75,122140847520349.62,612399102662047.2,1.9844674545084815,16.042102260968694,16.655980132467118,98.0,16.349041196717906,0.3069389357492118,1.5389538605710429,1.9844674545084815,5.670036490572855,5.899675842235178,98.0,5.784856166404016,0.1148196758311618,0.5756916533204466,1.9844674545084815,99.0,0.43434343434343436,0.0004889173847004609,0.03030556250313631,98.0,0.015397239943918386,0.014908322559217925,0.07474848539871407,1.9844674545084815,RandomForestRegressor,"{'mode': 'original', 'type': 'RandomForestRegressor'}",4,"['re_T2W40', 'pe_T2W40', 'l3_T2W40', 'lsc_T2W40']",0.15396112540302975,0.1995934396320735,98.0,0.17677728251755162,0.02281615711452187,0.11439738979051653,1.9844674545084815,7.407691094220426,7.586090778032113,98.0,7.4968909361262694,0.08919984190584382,0.4472369747691012,1.9844674545084815,completed,True,COMPLETE
103,6.314276119167045,2026-06-11 22:22:18.702425,2026-06-11 22:22:53.352190,0 days 00:00:34.649765,,,,,,,,,,,,,,,RandomForestRegressor,6.0,log2,4.0,10.0,413.0,4,,,,,,,,True,-0.003282743840161491,0.01432222961634437,98.0,0.005519742888091439,0.00880248672825293,0.04413457973327517,1.9844674545084815,6.2345497190987755,6.394002519235314,98.0,6.314276119167045,0.07972640006826902,0.3997383091037485,1.9844674545084815,240241324578802.8,484760121091197.06,98.0,362500722834999.94,122259398256197.11,612993501388819.1,1.9844674545084815,16.045713939281526,16.658107187615897,98.0,16.351910563448712,0.3061966241671849,1.5352320021104389,1.9844674545084815,5.671627884098172,5.9008352213531365,98.0,5.7862315527256545,0.11460366862748174,0.5746086199177173,1.9844674545084815,99.0,0.43434343434343436,0.00035984453573231247,0.030174230715015474,98.0,0.015267037625373894,0.014907193089641581,0.074742822377955,1.9844674545084815,RandomForestRegressor,"{'mode': 'original', 'type': 'RandomForestRegressor'}",4,"['re_T2W40', 'pe_T2W40', 'l3_T2W40', 'lsc_T2W40']",0.15318707275916624,0.19890517774908903,98.0,0.17604612525412763,0.022859052494961406,0.11461246192259046,1.9844674545084815,7.408236225824212,7.586497938948727,98.0,7.49736708238647,0.08913085656225736,0.44689109078870604,1.9844674545084815,completed,True,COMPLETE
104,6.315300840152958,2026-06-11 22:22:53.365257,2026-06-11 22:23:27.700334,0 days 00:00:34.335077,,,,,,,,,,,,,,,RandomForestRegressor,6.0,log2,4.0,10.0,407.0,4,,,,,,,,True,-0.003453456514071535,0.014178013984440248,98.0,0.005362278735184357,0.008815735249255892,0.04420100617896084,1.9844674545084815,6.235433094452282,6.395168585853633,98.0,6.315300840152958,0.07986774570067529,0.400446998622514,1.9844674545084815,240297185318017.8,484883579801370.44,98.0,362590382559694.1,122293197241676.31,613162965321635.8,1.9844674545084815,16.042833052280777,16.655317335597097,98.0,16.349075193938937,0.30624214165815994,1.535460221180426,1.9844674545084815,5.672799048593446,5.903613261769864,98.0,5.788206155181655,0.11540710658820849,0.5786369584807989,1.9844674545084815,99.0,0.43434343434343436,0.00010727056902457878,0.030005977019316975,98.0,0.015056623794170776,0.014949353225146197,0.07495420808286289,1.9844674545084815,RandomForestRegressor,"{'mode': 'original', 'type': 'RandomForestRegressor'}",4,"['re_T2W40', 'pe_T2W40', 'l3_T2W40', 'lsc_T2W40']",0.1530957432134436,0.1988312973538071,98.0,0.17596352028362536,0.02286777707018177,0.11465620586365954,1.9844674545084815,7.408868604829632,7.587441939528439,98.0,7.498155272179035,0.08928666734940374,0.44767230680423764,1.9844674545084815,completed,True,COMPLETE
