number,value,datetime_start,datetime_complete,duration,params_dt_max_depth,params_dt_min_samples_leaf,params_dt_min_samples_split,params_elastic_alpha,params_elastic_l1_ratio,params_et_max_depth,params_et_max_features,params_et_min_samples_leaf,params_et_min_samples_split,params_et_n_estimators,params_knn_metric,params_knn_n_neighbors,params_knn_weights,params_quantile_alpha,params_regressor,params_rf_max_depth,params_rf_max_features,params_rf_min_samples_leaf,params_rf_min_samples_split,params_rf_n_estimators,params_rfe_n_features,params_rfe_proxy_et_max_depth,params_rfe_proxy_et_min_samples_leaf,params_rfe_proxy_et_min_samples_split,params_rfe_proxy_et_n_estimators,params_rfe_proxy_lsvr_C,params_rfe_proxy_lsvr_epsilon,params_rfe_proxy_type,params_use_scaler,user_attrs_d2mae_ci_lower_val,user_attrs_d2mae_ci_upper_val,user_attrs_d2mae_df_val,user_attrs_d2mae_mean_val,user_attrs_d2mae_samperror_val,user_attrs_d2mae_std_val,user_attrs_d2mae_t_critical_val,user_attrs_mae_ci_lower_val,user_attrs_mae_ci_upper_val,user_attrs_mae_df_val,user_attrs_mae_mean_val,user_attrs_mae_samperror_val,user_attrs_mae_std_val,user_attrs_mae_t_critical_val,user_attrs_mape_ci_lower_val,user_attrs_mape_ci_upper_val,user_attrs_mape_df_val,user_attrs_mape_mean_val,user_attrs_mape_samperror_val,user_attrs_mape_std_val,user_attrs_mape_t_critical_val,user_attrs_max_error_ci_lower_val,user_attrs_max_error_ci_upper_val,user_attrs_max_error_df_val,user_attrs_max_error_mean_val,user_attrs_max_error_samperror_val,user_attrs_max_error_std_val,user_attrs_max_error_t_critical_val,user_attrs_median_ae_ci_lower_val,user_attrs_median_ae_ci_upper_val,user_attrs_median_ae_df_val,user_attrs_median_ae_mean_val,user_attrs_median_ae_samperror_val,user_attrs_median_ae_std_val,user_attrs_median_ae_t_critical_val,user_attrs_n_splits_val,user_attrs_r2_below_zero_val,user_attrs_r2_ci_lower_val,user_attrs_r2_ci_upper_val,user_attrs_r2_df_val,user_attrs_r2_mean_val,user_attrs_r2_samperror_val,user_attrs_r2_std_val,user_attrs_r2_t_critical_val,user_attrs_regressor_final,user_attrs_rfe_estimator,user_attrs_rfe_n_features,user_attrs_rfe_selected_features,user_attrs_rho_ci_lower_val,user_attrs_rho_ci_upper_val,user_attrs_rho_df_val,user_attrs_rho_mean_val,user_attrs_rho_samperror_val,user_attrs_rho_std_val,user_attrs_rho_t_critical_val,user_attrs_rmse_ci_lower_val,user_attrs_rmse_ci_upper_val,user_attrs_rmse_df_val,user_attrs_rmse_mean_val,user_attrs_rmse_samperror_val,user_attrs_rmse_std_val,user_attrs_rmse_t_critical_val,user_attrs_termination_reason,user_attrs_use_scaler_final,state
169,6.3947455405973965,2026-06-11 22:55:07.855552,2026-06-11 22:55:43.608790,0 days 00:00:35.753238,,,,,,,,,,,,,,,RandomForestRegressor,5.0,log2,2.0,8.0,426.0,4,,,,,,,,True,-0.015346140156266268,0.0007786541491254404,98.0,-0.0072837430035704144,0.008062397152695855,0.040423862138285686,1.9844674545084815,6.320601718220295,6.468889362974498,98.0,6.3947455405973965,0.07414382237710145,0.3717479550328666,1.9844674545084815,229243102048446.3,464976944938826.94,98.0,347110023493636.6,117866921445190.31,590970165935245.8,1.9844674545084815,16.73097542561143,17.36509123189521,98.0,17.04803332875332,0.3170579031418889,1.5896891115288319,1.9844674545084815,5.766481197740752,5.994860214007128,98.0,5.88067070587394,0.114189508133188,0.5725320704241394,1.9844674545084815,99.0,0.5252525252525253,-0.029306152492863467,0.0016611053103343897,98.0,-0.013822523591264539,0.015483628901598928,0.07763300024352232,1.9844674545084815,RandomForestRegressor,"{'mode': 'original', 'type': 'RandomForestRegressor'}",4,"['pe_T2W40', 'l3_T2W40', 'lsc_T2W40', 'density_T2W40']",0.09741327002394397,0.14667446918686478,98.0,0.12204386960540436,0.024630599581460397,0.123494779903189,1.9844674545084815,7.516831282659323,7.697430822387851,98.0,7.607131052523587,0.0902997698642638,0.4527518775097021,1.9844674545084815,completed,True,COMPLETE
170,6.329845189021551,2026-06-11 22:55:43.622333,2026-06-11 22:56:19.434979,0 days 00:00:35.812646,,,,,,,,,,,,,,,RandomForestRegressor,3.0,log2,2.0,9.0,438.0,4,,,,,,,,True,-0.004087897840401623,0.010002498383478383,98.0,0.00295730027153838,0.007045198111940003,0.03532375195865235,1.9844674545084815,6.26009826471245,6.399592113330652,98.0,6.329845189021551,0.06974692430910054,0.34970245194356125,1.9844674545084815,241258799762731.53,486240512058457.0,98.0,363749655910594.25,122490856147862.72,614154002630113.1,1.9844674545084815,15.983923661496831,16.54131531200092,98.0,16.262619486748875,0.27869582525204406,1.3973463977444158,1.9844674545084815,5.818196323631944,6.011006370083472,98.0,5.914601346857708,0.0964050232257642,0.48336286274528734,1.9844674545084815,99.0,0.3333333333333333,0.008899782047220316,0.031431922752797284,98.0,0.020165852400008802,0.011266070352788485,0.05648668332210222,1.9844674545084815,RandomForestRegressor,"{'mode': 'original', 'type': 'RandomForestRegressor'}",4,"['re_T2W40', 'pe_T2W40', 'l3_T2W40', 'lsc_T2W40']",0.1401109651075163,0.18640261167631683,98.0,0.16325678839191657,0.02314582328440026,0.11605029519202786,1.9844674545084815,7.398601246585267,7.564394867833542,98.0,7.4814980572094045,0.08289681062413772,0.41563435550346584,1.9844674545084815,completed,True,COMPLETE
171,6.306861194141366,2026-06-11 22:56:19.464661,2026-06-11 22:56:57.860040,0 days 00:00:38.395379,,,,,,,,,,,,,,,RandomForestRegressor,4.0,log2,2.0,9.0,464.0,4,,,,,,,,True,-0.0014780405399298516,0.014800571698528601,98.0,0.0066612655792993745,0.008139306119229226,0.04080947418411545,1.9844674545084815,6.2308224602864435,6.382899927996288,98.0,6.306861194141366,0.07603873385492206,0.3812488068134146,1.9844674545084815,239541679597948.38,483046697004877.4,98.0,361294188301412.9,121752508703464.48,610452019865281.2,1.9844674545084815,16.093225024496483,16.690088458594623,98.0,16.391656741545553,0.2984317170490703,1.4962997182109408,1.9844674545084815,5.722104553721346,5.943647177927096,98.0,5.832875865824221,0.11077131210287508,0.5553936583025284,1.9844674545084815,99.0,0.3838383838383838,0.007595411064554657,0.03354705571308102,98.0,0.020571233388817837,0.01297582232426318,0.06505916823900378,1.9844674545084815,RandomForestRegressor,"{'mode': 'original', 'type': 'RandomForestRegressor'}",4,"['re_T2W40', 'pe_T2W40', 'l3_T2W40', 'lsc_T2W40']",0.14842128819867065,0.1949657408585637,98.0,0.17169351452861717,0.02327222632994651,0.11668406442842831,1.9844674545084815,7.392101377674199,7.566121604795614,98.0,7.479111491234907,0.08701011356070786,0.4362579476798099,1.9844674545084815,completed,True,COMPLETE
172,6.3078899587679444,2026-06-11 22:56:57.872909,2026-06-11 22:57:31.012467,0 days 00:00:33.139558,,,,,,,,,,,,,,,RandomForestRegressor,4.0,log2,2.0,9.0,398.0,4,,,,,,,,True,-0.001724916010414376,0.014710109721454827,98.0,0.006492596855520226,0.008217512865934602,0.04120159313921366,1.9844674545084815,6.231620278492993,6.384159639042896,98.0,6.3078899587679444,0.0762696802749516,0.38240674359918597,1.9844674545084815,239584847302184.25,483094741727979.4,98.0,361339794515081.8,121754947212897.56,610464246249975.4,1.9844674545084815,16.09079547664723,16.68821616033354,98.0,16.389505818490385,0.2987103418431561,1.4976967084672033,1.9844674545084815,5.715101467459043,5.937180286279576,98.0,5.826140876869309,0.1110394094102668,0.5567378650425827,1.9844674545084815,99.0,0.3939393939393939,0.007227903610109512,0.033385121568680544,98.0,0.020306512589395028,0.013078608979285516,0.06557452781427464,1.9844674545084815,RandomForestRegressor,"{'mode': 'original', 'type': 'RandomForestRegressor'}",4,"['re_T2W40', 'pe_T2W40', 'l3_T2W40', 'lsc_T2W40']",0.148079234394819,0.1949875867635105,98.0,0.17153341057916474,0.023454176184345744,0.11759633849419501,1.9844674545084815,7.392888520197307,7.5671957363116285,98.0,7.480042128254468,0.08715360805716099,0.43697741133712736,1.9844674545084815,completed,True,COMPLETE
173,6.3956007360715,2026-06-11 22:57:31.025902,2026-06-11 22:58:06.514141,0 days 00:00:35.488239,,,,,,,,,,,,,,,RandomForestRegressor,5.0,log2,2.0,9.0,424.0,4,,,,,,,,True,-0.01560381113337396,0.000744589460751407,98.0,-0.007429610836311276,0.008174200297062683,0.04098442927593908,1.9844674545084815,6.321216637524738,6.469984834618262,98.0,6.3956007360715,0.07438409854676246,0.3729526700293543,1.9844674545084815,230088399980268.88,466644660859916.4,98.0,348366530420092.6,118278130439823.75,593031916974578.6,1.9844674545084815,16.68032820298942,17.303611474959784,98.0,16.9919698389746,0.3116416359851838,1.562532617907879,1.9844674545084815,5.776941852781371,6.003263376409092,98.0,5.890102614595231,0.1131607618138609,0.5673740636179574,1.9844674545084815,99.0,0.5151515151515151,-0.028509996643684504,0.0022408078969426426,98.0,-0.01313459437337093,0.015375402270313573,0.07709036530010387,1.9844674545084815,RandomForestRegressor,"{'mode': 'original', 'type': 'RandomForestRegressor'}",4,"['pe_T2W40', 'l3_T2W40', 'lsc_T2W40', 'density_T2W40']",0.09760312196577856,0.14707221656105182,98.0,0.12233766926341519,0.024734547297636633,0.12401596089548146,1.9844674545084815,7.514698074321322,7.694450697678729,98.0,7.604574386000025,0.08987631167870357,0.4506287105420848,1.9844674545084815,completed,True,COMPLETE
174,6.420063959792886,2026-06-11 22:58:06.528519,2026-06-11 22:58:34.438692,0 days 00:00:27.910173,,,,,,,,,,,,,,,RandomForestRegressor,4.0,,2.0,10.0,318.0,4,,,,,,,,True,-0.019908958894599232,-0.002567062935929579,98.0,-0.011238010915264406,0.008670947979334827,0.04347506071536993,1.9844674545084815,6.342431935349922,6.4976959842358495,98.0,6.420063959792886,0.07763202444296358,0.38923736875813136,1.9844674545084815,230856298257932.56,468907798980888.56,98.0,349882048619410.56,119025750361478.0,596780390793520.0,1.9844674545084815,16.774399014089663,17.464534886589878,98.0,17.11946695033977,0.34506793625010823,1.7301279531550933,1.9844674545084815,5.8040250229176795,6.033200019659413,98.0,5.918612521288546,0.1145874983708662,0.5745275442510406,1.9844674545084815,99.0,0.6161616161616161,-0.03944917748176145,-0.0065920154012350345,98.0,-0.023020596441498245,0.01642858104026321,0.08237087339181676,1.9844674545084815,RandomForestRegressor,"{'mode': 'original', 'type': 'RandomForestRegressor'}",4,"['pe_T2W40', 'l3_T2W40', 'lsc_T2W40', 'density_T2W40']",0.08956701488765607,0.14041806531452636,98.0,0.11499254010109122,0.025425525213435145,0.12748043870274245,1.9844674545084815,7.5481100937910535,7.734186374631098,98.0,7.641148234211076,0.09303814042002259,0.4664817287850787,1.9844674545084815,completed,True,COMPLETE
175,6.310687330035103,2026-06-11 22:58:34.451605,2026-06-11 22:59:07.740979,0 days 00:00:33.289374,,,,,,,,,,,,,,,RandomForestRegressor,5.0,log2,4.0,9.0,397.0,4,,,,,,,,True,-0.0025137211451257786,0.014751620178159973,98.0,0.006118949516517098,0.008632670661642876,0.04328314297873431,1.9844674545084815,6.231112190255728,6.390262469814478,98.0,6.310687330035103,0.07957513977937475,0.3989799087236315,1.9844674545084815,239946919802310.47,484202227891319.25,98.0,362074573846814.9,122127654044504.4,612332952205974.4,1.9844674545084815,16.02254394759884,16.63534284410609,98.0,16.328943395852466,0.30639944825362364,1.536248936993854,1.9844674545084815,5.703128014558929,5.924365363456595,98.0,5.813746689007762,0.11061867444883376,0.5546283519839214,1.9844674545084815,99.0,0.40404040404040403,0.0038767415968934855,0.03271905960437113,98.0,0.01829790060063231,0.014421159003738825,0.07230590758562538,1.9844674545084815,RandomForestRegressor,"{'mode': 'original', 'type': 'RandomForestRegressor'}",4,"['re_T2W40', 'pe_T2W40', 'l3_T2W40', 'lsc_T2W40']",0.15144738687355588,0.19799873735609733,98.0,0.1747230621148266,0.02327567524127073,0.11670135684323461,1.9844674545084815,7.3971417103205885,7.576130491875886,98.0,7.486636101098237,0.08949439077764897,0.4487138063815029,1.9844674545084815,completed,True,COMPLETE
176,6.323976458172303,2026-06-11 22:59:07.754019,2026-06-11 22:59:12.277734,0 days 00:00:04.523715,,,,,,,,,,,,,,,RandomForestRegressor,2.0,log2,2.0,8.0,444.0,8,,,,,,,,True,,,,,,,,,,,,,,,,,,,,,,,,,,,,,,,,,,,,,,,,,,,,,RandomForestRegressor,"{'mode': 'original', 'type': 'RandomForestRegressor'}",8,"['re_T2W40', 'pe_T2W40', 'l2_T2W40', 'l3_T2W40', 'lsc_T2W40', 'density_T2W40', 'diameter_T2W40', 'asp_T2W40']",,,,,,,,,,,,,,,pruned,True,PRUNED
177,6.316854001482694,2026-06-11 22:59:12.288545,2026-06-11 22:59:46.108664,0 days 00:00:33.820119,,,,,,,,,,,,,,,RandomForestRegressor,6.0,log2,4.0,9.0,399.0,4,,,,,,,,True,-0.003827391245080216,0.014108739209283083,98.0,0.005140673982101433,0.00896806522718165,0.04496476984757892,1.9844674545084815,6.235827899297215,6.397880103668173,98.0,6.316854001482694,0.08102610218547883,0.4062548547677586,1.9844674545084815,239144208586964.12,482493204314050.1,98.0,360818706450507.1,121674497863543.02,610060883162567.1,1.9844674545084815,16.06685059797008,16.679053290753778,98.0,16.37295194436193,0.3061013463918486,1.5347542911291894,1.9844674545084815,5.683803394385979,5.921331299474129,98.0,5.802567346930054,0.11876395254407471,0.5954677689171247,1.9844674545084815,99.0,0.45454545454545453,-0.0008629167828217241,0.02932135695464952,98.0,0.014229220085913898,0.015092136868735622,0.07567010761184245,1.9844674545084815,RandomForestRegressor,"{'mode': 'original', 'type': 'RandomForestRegressor'}",4,"['re_T2W40', 'pe_T2W40', 'l3_T2W40', 'lsc_T2W40']",0.1509769411945653,0.19714016090726963,98.0,0.17405855105091747,0.023081609856352152,0.11572833700593486,1.9844674545084815,7.411332012039086,7.591325186692657,98.0,7.501328599365872,0.0899965873267858,0.4512317577654585,1.9844674545084815,completed,True,COMPLETE
178,6.385244329075407,2026-06-11 22:59:46.122161,2026-06-11 23:00:16.724241,0 days 00:00:30.602080,,,,,,,,,,,,,,,RandomForestRegressor,4.0,log2,4.0,10.0,367.0,4,,,,,,,,True,-0.013073472757414818,0.0015409417322614014,98.0,-0.005766265512576708,0.0073072072448381094,0.03663743334480229,1.9844674545084815,6.313998606155885,6.456490051994929,98.0,6.385244329075407,0.07124572291952196,0.35721724279958733,1.9844674545084815,236843443632115.06,479032915092340.56,98.0,357938179362227.8,121094735730112.73,607154027532545.5,1.9844674545084815,16.35056430873116,16.93507572197224,98.0,16.6428200153517,0.29225570662054157,1.465333965792756,1.9844674545084815,5.84279249762649,6.035216982598668,98.0,5.939004740112579,0.09621224248608919,0.4823962839603495,1.9844674545084815,99.0,0.48484848484848486,-0.015644223508707356,0.011953207802468389,98.0,-0.001845507853119484,0.013798715655587874,0.06918505362395548,1.9844674545084815,RandomForestRegressor,"{'mode': 'original', 'type': 'RandomForestRegressor'}",4,"['pe_T2W40', 'l3_T2W40', 'lsc_T2W40', 'density_T2W40']",0.098476156265684,0.14742662723007152,98.0,0.12295139174787777,0.024475235482193766,0.12271580352543847,1.9844674545084815,7.476336985582341,7.650228808332518,98.0,7.563282896957429,0.08694591137508861,0.43593604586186474,1.9844674545084815,completed,True,COMPLETE
179,6.5023547286034695,2026-06-11 23:00:16.766407,2026-06-11 23:00:18.820341,0 days 00:00:02.053934,,,,,,15.0,sqrt,5.0,5.0,382.0,,,,,ExtraTreesRegressor,,,,,,4,,,,,,,,True,,,,,,,,,,,,,,,,,,,,,,,,,,,,,,,,,,,,,,,,,,,,,ExtraTreesRegressor,"{'mode': 'original', 'type': 'ExtraTreesRegressor'}",4,"['pe_T2W40', 'l1_T2W40', 'l2_T2W40', 'l3_T2W40']",,,,,,,,,,,,,,,pruned,True,PRUNED
180,6.328781017261972,2026-06-11 23:00:18.830365,2026-06-11 23:00:58.630137,0 days 00:00:39.799772,,,,,,,,,,,,,,,RandomForestRegressor,3.0,log2,2.0,9.0,488.0,4,,,,,,,,True,-0.003923519162255324,0.010165581137154572,98.0,0.003121030987449624,0.007044550149704948,0.03532050315614801,1.9844674545084815,6.259140047519158,6.398421987004785,98.0,6.328781017261972,0.06964096974281335,0.34917120885302666,1.9844674545084815,241185739509769.7,486099950663629.44,98.0,363642845086699.56,122457105576929.89,613984781441844.0,1.9844674545084815,15.99206879592721,16.551633628493377,98.0,16.271851212210294,0.2797824162830843,1.4027944307806923,1.9844674545084815,5.806736300649562,5.999692783941204,98.0,5.903214542295383,0.09647824164582086,0.4837299708475425,1.9844674545084815,99.0,0.3333333333333333,0.00916707134732234,0.03173564001784676,98.0,0.02045135568258455,0.011284284335262209,0.05657800597745674,1.9844674545084815,RandomForestRegressor,"{'mode': 'original', 'type': 'RandomForestRegressor'}",4,"['re_T2W40', 'pe_T2W40', 'l3_T2W40', 'lsc_T2W40']",0.14130057612903005,0.1875662227653103,98.0,0.16443339944717017,0.023132823318140126,0.11598511496908062,1.9844674545084815,7.397508637212256,7.5632545946500604,98.0,7.480381615931158,0.08287297871890213,0.41551486527822756,1.9844674545084815,completed,True,COMPLETE
181,6.306861194141366,2026-06-11 23:00:58.642985,2026-06-11 23:01:36.889286,0 days 00:00:38.246301,,,,,,,,,,,,,,,RandomForestRegressor,4.0,log2,2.0,9.0,464.0,4,,,,,,,,True,-0.0014780405399298516,0.014800571698528601,98.0,0.0066612655792993745,0.008139306119229226,0.04080947418411545,1.9844674545084815,6.2308224602864435,6.382899927996288,98.0,6.306861194141366,0.07603873385492206,0.3812488068134146,1.9844674545084815,239541679597948.38,483046697004877.4,98.0,361294188301412.9,121752508703464.48,610452019865281.2,1.9844674545084815,16.093225024496483,16.690088458594623,98.0,16.391656741545553,0.2984317170490703,1.4962997182109408,1.9844674545084815,5.722104553721346,5.943647177927096,98.0,5.832875865824221,0.11077131210287508,0.5553936583025284,1.9844674545084815,99.0,0.3838383838383838,0.007595411064554657,0.03354705571308102,98.0,0.020571233388817837,0.01297582232426318,0.06505916823900378,1.9844674545084815,RandomForestRegressor,"{'mode': 'original', 'type': 'RandomForestRegressor'}",4,"['re_T2W40', 'pe_T2W40', 'l3_T2W40', 'lsc_T2W40']",0.14842128819867065,0.1949657408585637,98.0,0.17169351452861717,0.02327222632994651,0.11668406442842831,1.9844674545084815,7.392101377674199,7.566121604795614,98.0,7.479111491234907,0.08701011356070786,0.4362579476798099,1.9844674545084815,completed,True,COMPLETE
182,6.307315412299651,2026-06-11 23:01:36.902582,2026-06-11 23:02:13.837135,0 days 00:00:36.934553,,,,,,,,,,,,,,,RandomForestRegressor,4.0,log2,2.0,9.0,447.0,4,,,,,,,,True,-0.0015658307427689243,0.014750974689743783,98.0,0.006592571973487429,0.008158402716256353,0.040905222159675896,1.9844674545084815,6.2311243604602815,6.383506464139021,98.0,6.307315412299651,0.07619105183937008,0.38201251034821876,1.9844674545084815,239343333449714.56,482637650251027.7,98.0,360990491850371.1,121647158400656.58,609923806477094.4,1.9844674545084815,16.096225064696025,16.69390413083025,98.0,16.395064597763138,0.29883953306711436,1.49834445728531,1.9844674545084815,5.720506318985227,5.9413547051701405,98.0,5.830930512077684,0.11042419309245669,0.5536532465171775,1.9844674545084815,99.0,0.3838383838383838,0.00743834705709006,0.033433841365032094,98.0,0.020436094211061077,0.012997747153971017,0.06516909662341965,1.9844674545084815,RandomForestRegressor,"{'mode': 'original', 'type': 'RandomForestRegressor'}",4,"['re_T2W40', 'pe_T2W40', 'l3_T2W40', 'lsc_T2W40']",0.14793134315664103,0.1945588627044857,98.0,0.17124510293056336,0.023313759773922322,0.11689230797952217,1.9844674545084815,7.3925043073509995,7.566770179012248,98.0,7.479637243181624,0.08713293583062398,0.4368737633500837,1.9844674545084815,completed,True,COMPLETE
183,6.394926011040075,2026-06-11 23:02:13.850611,2026-06-11 23:02:50.500612,0 days 00:00:36.650001,,,,,,,,,,,,,,,RandomForestRegressor,5.0,log2,2.0,9.0,438.0,4,,,,,,,,True,-0.015491624228808476,0.0008462927117664169,98.0,-0.00732266575852103,0.008168958470287447,0.04095814740481541,1.9844674545084815,6.320543284752834,6.469308737327317,98.0,6.394926011040075,0.07438272628724205,0.37294578968984476,1.9844674545084815,230285101351030.1,467088091265175.6,98.0,348686596308102.9,118401494957072.78,593650451405912.6,1.9844674545084815,16.68171960120796,17.305736252108645,98.0,16.993727926658302,0.31200832545034307,1.5643711535327587,1.9844674545084815,5.774500822345349,5.9980031591419145,98.0,5.886251990743632,0.11175116839828313,0.5603065365756685,1.9844674545084815,99.0,0.5151515151515151,-0.0284858021120703,0.0023118097610769286,98.0,-0.013086996175496685,0.015398805936573614,0.07720770838808483,1.9844674545084815,RandomForestRegressor,"{'mode': 'original', 'type': 'RandomForestRegressor'}",4,"['pe_T2W40', 'l3_T2W40', 'lsc_T2W40', 'density_T2W40']",0.09840980142954953,0.1476680704553785,98.0,0.12303893594246401,0.024629134512914482,0.12348743423070457,1.9844674545084815,7.514431810562261,7.694338176030673,98.0,7.604384993296467,0.08995318273420563,0.45101413250669253,1.9844674545084815,completed,True,COMPLETE
184,7.101963761002976,2026-06-11 23:02:50.513682,2026-06-11 23:02:50.643848,0 days 00:00:00.130166,8.0,4.0,7.0,,,,,,,,,,,,DecisionTreeRegressor,,,,,,4,,,,,,,,True,,,,,,,,,,,,,,,,,,,,,,,,,,,,,,,,,,,,,,,,,,,,,DecisionTreeRegressor,"{'mode': 'original', 'type': 'DecisionTreeRegressor'}",4,"['re_T2W40', 'pe_T2W40', 'lsc_T2W40', 'density_T2W40']",,,,,,,,,,,,,,,pruned,True,PRUNED
