number,value,datetime_start,datetime_complete,duration,params_dt_max_depth,params_dt_min_samples_leaf,params_dt_min_samples_split,params_elastic_alpha,params_elastic_l1_ratio,params_et_max_depth,params_et_max_features,params_et_min_samples_leaf,params_et_min_samples_split,params_et_n_estimators,params_knn_metric,params_knn_n_neighbors,params_knn_weights,params_quantile_alpha,params_regressor,params_rf_max_depth,params_rf_max_features,params_rf_min_samples_leaf,params_rf_min_samples_split,params_rf_n_estimators,params_rfe_n_features,params_rfe_proxy_et_max_depth,params_rfe_proxy_et_min_samples_leaf,params_rfe_proxy_et_min_samples_split,params_rfe_proxy_et_n_estimators,params_rfe_proxy_lsvr_C,params_rfe_proxy_lsvr_epsilon,params_rfe_proxy_type,params_use_scaler,user_attrs_d2mae_ci_lower_val,user_attrs_d2mae_ci_upper_val,user_attrs_d2mae_df_val,user_attrs_d2mae_mean_val,user_attrs_d2mae_samperror_val,user_attrs_d2mae_std_val,user_attrs_d2mae_t_critical_val,user_attrs_mae_ci_lower_val,user_attrs_mae_ci_upper_val,user_attrs_mae_df_val,user_attrs_mae_mean_val,user_attrs_mae_samperror_val,user_attrs_mae_std_val,user_attrs_mae_t_critical_val,user_attrs_mape_ci_lower_val,user_attrs_mape_ci_upper_val,user_attrs_mape_df_val,user_attrs_mape_mean_val,user_attrs_mape_samperror_val,user_attrs_mape_std_val,user_attrs_mape_t_critical_val,user_attrs_max_error_ci_lower_val,user_attrs_max_error_ci_upper_val,user_attrs_max_error_df_val,user_attrs_max_error_mean_val,user_attrs_max_error_samperror_val,user_attrs_max_error_std_val,user_attrs_max_error_t_critical_val,user_attrs_median_ae_ci_lower_val,user_attrs_median_ae_ci_upper_val,user_attrs_median_ae_df_val,user_attrs_median_ae_mean_val,user_attrs_median_ae_samperror_val,user_attrs_median_ae_std_val,user_attrs_median_ae_t_critical_val,user_attrs_n_splits_val,user_attrs_r2_below_zero_val,user_attrs_r2_ci_lower_val,user_attrs_r2_ci_upper_val,user_attrs_r2_df_val,user_attrs_r2_mean_val,user_attrs_r2_samperror_val,user_attrs_r2_std_val,user_attrs_r2_t_critical_val,user_attrs_regressor_final,user_attrs_rfe_estimator,user_attrs_rfe_n_features,user_attrs_rfe_selected_features,user_attrs_rho_ci_lower_val,user_attrs_rho_ci_upper_val,user_attrs_rho_df_val,user_attrs_rho_mean_val,user_attrs_rho_samperror_val,user_attrs_rho_std_val,user_attrs_rho_t_critical_val,user_attrs_rmse_ci_lower_val,user_attrs_rmse_ci_upper_val,user_attrs_rmse_df_val,user_attrs_rmse_mean_val,user_attrs_rmse_samperror_val,user_attrs_rmse_std_val,user_attrs_rmse_t_critical_val,user_attrs_termination_reason,user_attrs_use_scaler_final,state
201,6.303744946710791,2026-06-11 23:10:13.464020,2026-06-11 23:10:46.365515,0 days 00:00:32.901495,,,,,,,,,,,,,,,RandomForestRegressor,4.0,log2,4.0,2.0,407.0,3,,,,,,,,True,-0.0001124112476596495,0.01430546132543439,98.0,0.00709652503888737,0.00720893628654702,0.0361447149144248,1.9844674545084815,6.23272629186167,6.374763601559911,98.0,6.303744946710791,0.07101865484912064,0.3560787515791641,1.9844674545084815,211910480936023.06,427569328408786.3,98.0,319739904672404.7,107829423736381.61,540643393895919.0,1.9844674545084815,16.03231699820848,16.628587975716158,98.0,16.33045248696232,0.29813548875384066,1.494814466177206,1.9844674545084815,5.7495073637314364,5.965644114519205,98.0,5.857575739125321,0.10806837539388459,0.5418414679522665,1.9844674545084815,99.0,0.2828282828282828,0.011886906622858063,0.038553016790721775,98.0,0.02521996170678992,0.013333055083931858,0.06685028911219189,1.9844674545084815,RandomForestRegressor,"{'mode': 'original', 'type': 'RandomForestRegressor'}",3,"['pe_T2W40', 'l3_T2W40', 'lsc_T2W40']",0.12535008044473683,0.1761852964907677,98.0,0.15076768846775226,0.025417608023015417,0.1274407428892036,1.9844674545084815,7.3751993254667525,7.545453878245416,98.0,7.460326601856084,0.08512727638933189,0.4268176349783831,1.9844674545084815,completed,True,COMPLETE
202,6.304152054407894,2026-06-11 23:10:46.378881,2026-06-11 23:11:19.035832,0 days 00:00:32.656951,,,,,,,,,,,,,,,RandomForestRegressor,4.0,log2,4.0,2.0,406.0,3,,,,,,,,True,-0.0001758881759788139,0.014239595774815835,98.0,0.007031853799418511,0.007207741975397325,0.03613872678603679,1.9844674545084815,6.233149222914866,6.375154885900923,98.0,6.304152054407894,0.07100283149302786,0.35599941522880263,1.9844674545084815,211953864924873.5,427657652000323.9,98.0,319805758462598.7,107851893537725.2,540756054700712.56,1.9844674545084815,16.033024039555098,16.628659415938,98.0,16.33084172774655,0.2978176881914495,1.4932210534640558,1.9844674545084815,5.749334941381617,5.965523600863108,98.0,5.857429271122363,0.10809432974074555,0.5419715998373035,1.9844674545084815,99.0,0.2828282828282828,0.011817825389369215,0.0384835296329307,98.0,0.02515067751114996,0.013332852121780744,0.06684927148506926,1.9844674545084815,RandomForestRegressor,"{'mode': 'original', 'type': 'RandomForestRegressor'}",3,"['pe_T2W40', 'l3_T2W40', 'lsc_T2W40']",0.1252191425806188,0.1760947091613955,98.0,0.15065692587100715,0.025437783290388337,0.12754189918446415,1.9844674545084815,7.375478003601378,7.545699340240828,98.0,7.460588671921103,0.0851106683197253,0.42673436417151955,1.9844674545084815,completed,True,COMPLETE
203,6.3178059966139575,2026-06-11 23:11:19.049767,2026-06-11 23:11:51.308297,0 days 00:00:32.258530,,,,,,,,,,,,,,,RandomForestRegressor,3.0,log2,4.0,2.0,404.0,3,,,,,,,,True,-0.0015955495397521535,0.01116694378205716,98.0,0.004785697121152503,0.006381246660904657,0.03199478150298667,1.9844674545084815,6.252326926582944,6.383285066644971,98.0,6.3178059966139575,0.06547907003101373,0.3283039584563002,1.9844674545084815,220194339549737.7,443681858129606.44,98.0,331938098839672.06,111743759289934.38,560269388222792.2,1.9844674545084815,15.92338860062614,16.46764998745443,98.0,16.195519294040285,0.2721306934141452,1.3644296387075387,1.9844674545084815,5.824985039466085,6.0185369528402894,98.0,5.921760996153187,0.09677595668710216,0.48522267724209484,1.9844674545084815,99.0,0.2727272727272727,0.01610998397074765,0.03914594395118302,98.0,0.027627963960965334,0.011517979990217685,0.0577497270871118,1.9844674545084815,RandomForestRegressor,"{'mode': 'original', 'type': 'RandomForestRegressor'}",3,"['pe_T2W40', 'l3_T2W40', 'lsc_T2W40']",0.12965973242133666,0.17975229604384302,98.0,0.15470601423258984,0.025046281811253176,0.12557895919034553,1.9844674545084815,7.3714518715127335,7.532559130845786,98.0,7.45200550117926,0.08055362966652582,0.4038859359947733,1.9844674545084815,completed,True,COMPLETE
204,6.304451633314874,2026-06-11 23:11:51.321760,2026-06-11 23:12:23.189645,0 days 00:00:31.867885,,,,,,,,,,,,,,,RandomForestRegressor,4.0,log2,4.0,2.0,389.0,3,,,,,,,,True,-0.0002525610231239976,0.014226032581557998,98.0,0.006986735779217,0.0072392968023409976,0.03629693878552158,1.9844674545084815,6.233271729645278,6.37563153698447,98.0,6.304451633314874,0.07117990366959552,0.35688723322121,1.9844674545084815,211655836519976.22,427054109561259.1,98.0,319354973040617.7,107699136520641.47,539990149910574.1,1.9844674545084815,16.040076955743093,16.637203462229554,98.0,16.338640208986323,0.2985632532432311,1.496959224419609,1.9844674545084815,5.747132428461419,5.964714723297434,98.0,5.855923575879427,0.10879114741800737,0.5454653574862595,1.9844674545084815,99.0,0.31313131313131315,0.011241894359007399,0.03811050443888252,98.0,0.02467619939894496,0.01343430503993756,0.06735794386865764,1.9844674545084815,RandomForestRegressor,"{'mode': 'original', 'type': 'RandomForestRegressor'}",3,"['pe_T2W40', 'l3_T2W40', 'lsc_T2W40']",0.12521488922938886,0.17617232633102867,98.0,0.15069360778020877,0.025478718550819908,0.1277471435172526,1.9844674545084815,7.377085076998421,7.547553654010349,98.0,7.462319365504385,0.085234288505964,0.4273541804955456,1.9844674545084815,completed,True,COMPLETE
205,6.304834452964684,2026-06-11 23:12:23.203323,2026-06-11 23:12:54.828282,0 days 00:00:31.624959,,,,,,,,,,,,,,,RandomForestRegressor,4.0,log2,4.0,2.0,388.0,3,,,,,,,,True,-0.0003168396423988461,0.014169491727707866,98.0,0.00692632604265451,0.007243165685053356,0.03631633688492447,1.9844674545084815,6.233639156642532,6.376029749286836,98.0,6.304834452964684,0.07119529632215234,0.3569644100773131,1.9844674545084815,211671689403321.78,427082654336716.5,98.0,319377171870019.1,107705482466697.34,540021967699209.56,1.9844674545084815,16.040795135533536,16.637607755441763,98.0,16.33920144548765,0.29840630995411394,1.4961723301792678,1.9844674545084815,5.748601376230686,5.966165827408253,98.0,5.857383601819469,0.10878222558878367,0.5454206245380148,1.9844674545084815,99.0,0.30303030303030304,0.01115515540779003,0.03803113503289921,98.0,0.02459314522034462,0.01343798981255459,0.06737641886281392,1.9844674545084815,RandomForestRegressor,"{'mode': 'original', 'type': 'RandomForestRegressor'}",3,"['pe_T2W40', 'l3_T2W40', 'lsc_T2W40']",0.12476967900593114,0.17571116906115944,98.0,0.1502404240335453,0.02547074502761415,0.12770716525809203,1.9844674545084815,7.377384244421272,7.547896890051993,98.0,7.462640567236632,0.08525632281536062,0.42746465779758025,1.9844674545084815,completed,True,COMPLETE
206,6.339335976222988,2026-06-11 23:12:54.841527,2026-06-11 23:13:28.035934,0 days 00:00:33.194407,,,,,,,,,,,,,,,RandomForestRegressor,4.0,,4.0,2.0,388.0,3,,,,,,,,True,-0.007653165840019688,0.010848556756713654,98.0,0.0015976954583469827,0.00925086129836667,0.0463826743712986,1.9844674545084815,6.256780680275818,6.421891272170158,98.0,6.339335976222988,0.08255529594717013,0.41392204315287384,1.9844674545084815,197174552027821.25,399077201578030.5,98.0,298125876802925.9,100951324775104.62,506157456411286.7,1.9844674545084815,16.559007779143005,17.30803200043866,98.0,16.933519889790833,0.37451211064782836,1.8777574018273275,1.9844674545084815,5.673547383706154,5.931672352296937,98.0,5.802609868001546,0.12906248429539185,0.6471033333599903,1.9844674545084815,99.0,0.47474747474747475,-0.015475752291909138,0.019776465165893965,98.0,0.0021503564369924127,0.01762610872890155,0.08837512910825832,1.9844674545084815,RandomForestRegressor,"{'mode': 'original', 'type': 'RandomForestRegressor'}",3,"['pe_T2W40', 'l3_T2W40', 'lsc_T2W40']",0.11697079314057515,0.16754696753094447,98.0,0.1422588803357598,0.02528808719518466,0.1267913414780468,1.9844674545084815,7.449490394750357,7.640682633647994,98.0,7.545086514199175,0.09559611944881873,0.4793071192557163,1.9844674545084815,completed,True,COMPLETE
207,6.318166610017203,2026-06-11 23:13:28.049691,2026-06-11 23:13:58.562455,0 days 00:00:30.512764,,,,,,,,,,,,,,,RandomForestRegressor,3.0,log2,4.0,2.0,377.0,3,,,,,,,,True,-0.001655234777247356,0.011109324359283041,98.0,0.004727044791017843,0.006382279568265199,0.031999960372738855,1.9844674545084815,6.252734204754455,6.38359901527995,98.0,6.318166610017203,0.06543240526274757,0.3280699870798746,1.9844674545084815,220207239684708.34,443707621312244.9,98.0,331957430498476.6,111750190813768.28,560301635087822.2,1.9844674545084815,15.925874177079328,16.473256629031066,98.0,16.199565403055196,0.27369122597586876,1.372253955959924,1.9844674545084815,5.820558881558424,6.015587032591875,98.0,5.918072957075149,0.09751407551672538,0.48892351376072063,1.9844674545084815,99.0,0.2727272727272727,0.015740697028941934,0.038821846413219854,98.0,0.027281271721080896,0.011540574692138962,0.057863014127953735,1.9844674545084815,RandomForestRegressor,"{'mode': 'original', 'type': 'RandomForestRegressor'}",3,"['pe_T2W40', 'l3_T2W40', 'lsc_T2W40']",0.12904527464084112,0.1787846403221118,98.0,0.15391495748147646,0.024869682840635347,0.12469351379404288,1.9844674545084815,7.372830351256036,7.533744670325051,98.0,7.453287510790544,0.08045715953450701,0.4034022466845925,1.9844674545084815,completed,True,COMPLETE
208,6.29007627979713,2026-06-11 23:13:58.576565,2026-06-11 23:14:31.700481,0 days 00:00:33.123916,,,,,,,,,,,,,,,RandomForestRegressor,4.0,log2,3.0,3.0,406.0,3,,,,,,,,True,0.0018226187347909024,0.016632438879420394,98.0,0.009227528807105648,0.007404910072314746,0.037127303237544505,1.9844674545084815,6.218733351863758,6.361419207730503,98.0,6.29007627979713,0.07134292793337214,0.3577046167163778,1.9844674545084815,209909145843330.6,423547861454067.25,98.0,316728503648698.94,106819357805368.34,535579048246287.1,1.9844674545084815,16.09817329403057,16.699477714468106,98.0,16.398825504249338,0.30065221021876937,1.507432996325491,1.9844674545084815,5.720688347856532,5.9437081191610694,98.0,5.832198233508801,0.11150988565226842,0.5590967747298403,1.9844674545084815,99.0,0.2727272727272727,0.013707997501290148,0.040718613862128876,98.0,0.027213305681709512,0.013505308180419364,0.06771394483311795,1.9844674545084815,RandomForestRegressor,"{'mode': 'original', 'type': 'RandomForestRegressor'}",3,"['pe_T2W40', 'l3_T2W40', 'lsc_T2W40']",0.13126028940002488,0.18245250492326187,98.0,0.15685639716164337,0.025596107761618497,0.1283357185010907,1.9844674545084815,7.366961681126212,7.538213352343713,98.0,7.452587516734963,0.08562583560875052,0.4293173492410092,1.9844674545084815,completed,True,COMPLETE
209,6.289556454460001,2026-06-11 23:14:31.718888,2026-06-11 23:15:04.931212,0 days 00:00:33.212324,,,,,,,,,,,,,,,RandomForestRegressor,4.0,log2,3.0,3.0,407.0,3,,,,,,,,True,0.001903061759461957,0.016717871350771428,98.0,0.009310466555116692,0.007407404795654735,0.037139811471815144,1.9844674545084815,6.218183438871065,6.360929470048938,98.0,6.289556454460001,0.07137301558893645,0.35785547250003136,1.9844674545084815,209868826164347.75,423465633322457.0,98.0,316667229743402.4,106798403579054.62,535473986347241.75,1.9844674545084815,16.097642937771877,16.69954973291031,98.0,16.398596335341093,0.3009533975692165,1.5089431124487338,1.9844674545084815,5.720709055472308,5.943860126926459,98.0,5.832284591199383,0.11157553572707503,0.559425936085091,1.9844674545084815,99.0,0.2727272727272727,0.013802418831544596,0.04081091753881016,98.0,0.027306668185177376,0.01350424935363278,0.0677086360065694,1.9844674545084815,RandomForestRegressor,"{'mode': 'original', 'type': 'RandomForestRegressor'}",3,"['pe_T2W40', 'l3_T2W40', 'lsc_T2W40']",0.13152542566803233,0.18260040778906395,98.0,0.15706291672854814,0.0255374910605158,0.12804182161167932,1.9844674545084815,7.36659122236789,7.53788117304332,98.0,7.452236197705605,0.08564497533771481,0.4294133134747679,1.9844674545084815,completed,True,COMPLETE
210,6.304171716097186,2026-06-11 23:15:04.949297,2026-06-11 23:15:38.318373,0 days 00:00:33.369076,,,,,,,,,,,,,,,RandomForestRegressor,4.0,sqrt,3.0,3.0,410.0,3,,,,,,,,True,-0.0007958367945727724,0.014925395377175299,98.0,0.007064779291301264,0.007860616085874036,0.03941215682622549,1.9844674545084815,6.230202152792851,6.378141279401522,98.0,6.304171716097186,0.07396956330433563,0.3708742415949873,1.9844674545084815,238879756133275.75,481438669102156.6,98.0,360159212617716.2,121279456484440.44,608080194547839.0,1.9844674545084815,15.839151162085356,16.374933678992097,98.0,16.107042420538725,0.26789125845337,1.343173636162278,1.9844674545084815,5.78042176593762,5.996351552261656,98.0,5.888386659099638,0.1079648931620181,0.5413226208407305,1.9844674545084815,99.0,0.3333333333333333,0.002825725106491244,0.028270805773624067,98.0,0.015548265440057656,0.012722540333566412,0.06378924366444802,1.9844674545084815,RandomForestRegressor,"{'mode': 'original', 'type': 'RandomForestRegressor'}",3,"['re_T2W40', 'l3_T2W40', 'lsc_T2W40']",0.15487271120033905,0.20707522114476704,98.0,0.18097396617255304,0.026101254972214005,0.130868464136652,1.9844674545084815,7.411336300266772,7.58649373290695,98.0,7.498915016586861,0.08757871632008885,0.43910885158857854,1.9844674545084815,completed,True,COMPLETE
211,6.290212430412383,2026-06-11 23:15:38.332782,2026-06-11 23:16:11.137716,0 days 00:00:32.804934,,,,,,,,,,,,,,,RandomForestRegressor,4.0,log2,3.0,3.0,405.0,3,,,,,,,,True,0.0018026744429132588,0.01661211981472523,98.0,0.009207397128819244,0.0074047226859059855,0.03712636370526758,1.9844674545084815,6.218840710207381,6.361584150617386,98.0,6.290212430412383,0.07137172020500222,0.35784897760520273,1.9844674545084815,209857810792576.7,423449611488065.44,98.0,316653711140321.06,106795900347744.39,535461435455060.56,1.9844674545084815,16.09784914839095,16.699562563416578,98.0,16.398705855903764,0.30085670751281524,1.5084583204649002,1.9844674545084815,5.719607519140791,5.943338870647679,98.0,5.831473194894235,0.11186567575344433,0.5608806622917787,1.9844674545084815,99.0,0.2727272727272727,0.013634311147890611,0.04066618452073408,98.0,0.027150247834312347,0.013515936686421736,0.06776723484764324,1.9844674545084815,RandomForestRegressor,"{'mode': 'original', 'type': 'RandomForestRegressor'}",3,"['pe_T2W40', 'l3_T2W40', 'lsc_T2W40']",0.1311790524022274,0.18223333716895676,98.0,0.15670619478559208,0.025527142383364676,0.12798993462440397,1.9844674545084815,7.367166018873196,7.538495027435114,98.0,7.452830523154155,0.08566450428095881,0.4295112291807857,1.9844674545084815,completed,True,COMPLETE
212,6.289556454460001,2026-06-11 23:16:11.151442,2026-06-11 23:16:44.182358,0 days 00:00:33.030916,,,,,,,,,,,,,,,RandomForestRegressor,4.0,sqrt,3.0,3.0,407.0,3,,,,,,,,True,0.001903061759461957,0.016717871350771428,98.0,0.009310466555116692,0.007407404795654735,0.037139811471815144,1.9844674545084815,6.218183438871065,6.360929470048938,98.0,6.289556454460001,0.07137301558893645,0.35785547250003136,1.9844674545084815,209868826164347.75,423465633322457.0,98.0,316667229743402.4,106798403579054.62,535473986347241.75,1.9844674545084815,16.097642937771877,16.69954973291031,98.0,16.398596335341093,0.3009533975692165,1.5089431124487338,1.9844674545084815,5.720709055472308,5.943860126926459,98.0,5.832284591199383,0.11157553572707503,0.559425936085091,1.9844674545084815,99.0,0.2727272727272727,0.013802418831544596,0.04081091753881016,98.0,0.027306668185177376,0.01350424935363278,0.0677086360065694,1.9844674545084815,RandomForestRegressor,"{'mode': 'original', 'type': 'RandomForestRegressor'}",3,"['pe_T2W40', 'l3_T2W40', 'lsc_T2W40']",0.13152542566803233,0.18260040778906395,98.0,0.15706291672854814,0.0255374910605158,0.12804182161167932,1.9844674545084815,7.36659122236789,7.53788117304332,98.0,7.452236197705605,0.08564497533771481,0.4294133134747679,1.9844674545084815,completed,True,COMPLETE
213,6.304404188438799,2026-06-11 23:16:44.195804,2026-06-11 23:17:17.486509,0 days 00:00:33.290705,,,,,,,,,,,,,,,RandomForestRegressor,4.0,sqrt,3.0,3.0,409.0,3,,,,,,,,True,-0.0008291067910846505,0.014885221693276602,98.0,0.0070280574510959756,0.007857164242180626,0.039394849708882775,1.9844674545084815,6.230451657304473,6.378356719573125,98.0,6.304404188438799,0.07395253113432584,0.3707888444011562,1.9844674545084815,238846008122783.38,481373538714322.6,98.0,360109773418553.0,121263765295769.62,608001520868584.4,1.9844674545084815,15.839841218935588,16.37578472156183,98.0,16.10781297024871,0.2679717513131211,1.3435772174054335,1.9844674545084815,5.780805739100828,5.995717422104555,98.0,5.888261580602691,0.10745584150186374,0.538770298777997,1.9844674545084815,99.0,0.3333333333333333,0.0027887899906659224,0.028214680930681996,98.0,0.01550173546067396,0.012712945470008037,0.06374113620529245,1.9844674545084815,RandomForestRegressor,"{'mode': 'original', 'type': 'RandomForestRegressor'}",3,"['re_T2W40', 'l3_T2W40', 'lsc_T2W40']",0.15477962509309867,0.20709277350824584,98.0,0.18093619930067226,0.026156574207573596,0.1311458279406695,1.9844674545084815,7.41153738048364,7.586658097476116,98.0,7.499097738979878,0.08756035849623821,0.439016807730351,1.9844674545084815,completed,True,COMPLETE
214,6.30982642410898,2026-06-11 23:17:17.514753,2026-06-11 23:17:50.462269,0 days 00:00:32.947516,,,,,,,,,,,,,,,RandomForestRegressor,3.0,sqrt,3.0,3.0,408.0,3,,,,,,,,True,-0.0004421518072196418,0.012531181663028303,98.0,0.006044514927904331,0.006486666735123972,0.032523344716400754,1.9844674545084815,6.243877501634622,6.375775346583338,98.0,6.30982642410898,0.06594892247435748,0.3306597404942408,1.9844674545084815,219931298061614.7,443163370019451.3,98.0,331547334040533.0,111616035978918.33,559628999338621.2,1.9844674545084815,15.962723494622866,16.515209715665687,98.0,16.238966605144277,0.27624311052141093,1.3850487894453132,1.9844674545084815,5.812611799451504,6.012325936957304,98.0,5.912468868204404,0.09985706875290018,0.5006709920573457,1.9844674545084815,99.0,0.2727272727272727,0.01714152262415134,0.04016881682444752,98.0,0.02865516972429943,0.011513647100148088,0.05772800251220976,1.9844674545084815,RandomForestRegressor,"{'mode': 'original', 'type': 'RandomForestRegressor'}",3,"['pe_T2W40', 'l3_T2W40', 'lsc_T2W40']",0.13631216810705288,0.1863932312964845,98.0,0.1613526997017687,0.025040531594715795,0.1255501283158339,1.9844674545084815,7.3668909824066375,7.529698791347041,98.0,7.448294886876839,0.081403904470202,0.40814910869545956,1.9844674545084815,completed,True,COMPLETE
