number,value,datetime_start,datetime_complete,duration,params_dt_max_depth,params_dt_min_samples_leaf,params_dt_min_samples_split,params_elastic_alpha,params_elastic_l1_ratio,params_et_max_depth,params_et_max_features,params_et_min_samples_leaf,params_et_min_samples_split,params_et_n_estimators,params_knn_metric,params_knn_n_neighbors,params_knn_weights,params_quantile_alpha,params_regressor,params_rf_max_depth,params_rf_max_features,params_rf_min_samples_leaf,params_rf_min_samples_split,params_rf_n_estimators,params_rfe_n_features,params_rfe_proxy_et_max_depth,params_rfe_proxy_et_min_samples_leaf,params_rfe_proxy_et_min_samples_split,params_rfe_proxy_et_n_estimators,params_rfe_proxy_lsvr_C,params_rfe_proxy_lsvr_epsilon,params_rfe_proxy_type,params_use_scaler,user_attrs_d2mae_ci_lower_val,user_attrs_d2mae_ci_upper_val,user_attrs_d2mae_df_val,user_attrs_d2mae_mean_val,user_attrs_d2mae_samperror_val,user_attrs_d2mae_std_val,user_attrs_d2mae_t_critical_val,user_attrs_mae_ci_lower_val,user_attrs_mae_ci_upper_val,user_attrs_mae_df_val,user_attrs_mae_mean_val,user_attrs_mae_samperror_val,user_attrs_mae_std_val,user_attrs_mae_t_critical_val,user_attrs_mape_ci_lower_val,user_attrs_mape_ci_upper_val,user_attrs_mape_df_val,user_attrs_mape_mean_val,user_attrs_mape_samperror_val,user_attrs_mape_std_val,user_attrs_mape_t_critical_val,user_attrs_max_error_ci_lower_val,user_attrs_max_error_ci_upper_val,user_attrs_max_error_df_val,user_attrs_max_error_mean_val,user_attrs_max_error_samperror_val,user_attrs_max_error_std_val,user_attrs_max_error_t_critical_val,user_attrs_median_ae_ci_lower_val,user_attrs_median_ae_ci_upper_val,user_attrs_median_ae_df_val,user_attrs_median_ae_mean_val,user_attrs_median_ae_samperror_val,user_attrs_median_ae_std_val,user_attrs_median_ae_t_critical_val,user_attrs_n_splits_val,user_attrs_r2_below_zero_val,user_attrs_r2_ci_lower_val,user_attrs_r2_ci_upper_val,user_attrs_r2_df_val,user_attrs_r2_mean_val,user_attrs_r2_samperror_val,user_attrs_r2_std_val,user_attrs_r2_t_critical_val,user_attrs_regressor_final,user_attrs_rfe_estimator,user_attrs_rfe_n_features,user_attrs_rfe_selected_features,user_attrs_rho_ci_lower_val,user_attrs_rho_ci_upper_val,user_attrs_rho_df_val,user_attrs_rho_mean_val,user_attrs_rho_samperror_val,user_attrs_rho_std_val,user_attrs_rho_t_critical_val,user_attrs_rmse_ci_lower_val,user_attrs_rmse_ci_upper_val,user_attrs_rmse_df_val,user_attrs_rmse_mean_val,user_attrs_rmse_samperror_val,user_attrs_rmse_std_val,user_attrs_rmse_t_critical_val,user_attrs_termination_reason,user_attrs_use_scaler_final,state
230,6.292175166688445,2026-06-11 23:25:13.239393,2026-06-11 23:25:43.007585,0 days 00:00:29.768192,,,,,,,,,,,,,,,RandomForestRegressor,4.0,sqrt,3.0,4.0,363.0,3,,,,,,,,True,0.0014487079497149833,0.01634747997201099,98.0,0.008898093960862987,0.007449386011148004,0.0373503000939156,1.9844674545084815,6.220598522033216,6.363751811343674,98.0,6.292175166688445,0.07157664465522919,0.35887644345287173,1.9844674545084815,209948010602060.06,423616676476979.56,98.0,316782343539519.8,106834332937459.73,535654131706416.9,1.9844674545084815,16.102806746605207,16.70472008299848,98.0,16.403763414801844,0.3009566681966367,1.508959510970096,1.9844674545084815,5.734251011604531,5.958284558850501,98.0,5.846267785227516,0.11201677362298482,0.5616382483213445,1.9844674545084815,99.0,0.26262626262626265,0.012629866504717261,0.03975661149672037,98.0,0.026193239000718814,0.013563372496001553,0.06800507212985046,1.9844674545084815,RandomForestRegressor,"{'mode': 'original', 'type': 'RandomForestRegressor'}",3,"['pe_T2W40', 'l3_T2W40', 'lsc_T2W40']",0.1317479395801923,0.1824915115901483,98.0,0.1571197255851703,0.025371786004978004,0.12721099695819063,1.9844674545084815,7.370808022712323,7.542038454743903,98.0,7.456423238728113,0.0856152160157903,0.42926410391537484,1.9844674545084815,completed,True,COMPLETE
231,6.29195414074331,2026-06-11 23:25:43.021344,2026-06-11 23:26:12.448511,0 days 00:00:29.427167,,,,,,,,,,,,,,,RandomForestRegressor,4.0,sqrt,3.0,4.0,360.0,3,,,,,,,,True,0.0014881357971330954,0.016372930404769982,98.0,0.00893053310095154,0.007442397303818444,0.037315259579752826,1.9844674545084815,6.220459231648589,6.363449049838031,98.0,6.29195414074331,0.07149490909472074,0.3584666314618209,1.9844674545084815,210034930521384.78,423787483195110.6,98.0,316911206858247.7,106876276336862.9,535864430723318.9,1.9844674545084815,16.100239168539282,16.703494365883472,98.0,16.401866767211377,0.30162759867209493,1.512323473391028,1.9844674545084815,5.735621473910247,5.958659872846645,98.0,5.847140673378446,0.11151919946819919,0.559143473050952,1.9844674545084815,99.0,0.2727272727272727,0.012684086194817899,0.03976834031951387,98.0,0.026226213257165887,0.013542127062347989,0.06789855015322065,1.9844674545084815,RandomForestRegressor,"{'mode': 'original', 'type': 'RandomForestRegressor'}",3,"['pe_T2W40', 'l3_T2W40', 'lsc_T2W40']",0.13158615954343575,0.18237661671217972,98.0,0.15698138812780774,0.025395228584371994,0.1273285351518123,1.9844674545084815,7.370793926621745,7.541785091479809,98.0,7.456289509050777,0.08549558242903237,0.4286642759080688,1.9844674545084815,completed,True,COMPLETE
232,6.290570782528612,2026-06-11 23:26:12.461809,2026-06-11 23:26:40.788319,0 days 00:00:28.326510,,,,,,,,,,,,,,,RandomForestRegressor,4.0,sqrt,3.0,4.0,346.0,3,,,,,,,,True,0.0017198423015631669,0.01656831861890671,98.0,0.009144080460234938,0.007424238158671771,0.03722421187197366,1.9844674545084815,6.2192678728542266,6.361873692202998,98.0,6.290570782528612,0.0713029096743858,0.3575039701154178,1.9844674545084815,209857765296692.56,423470166070682.2,98.0,316663965683687.4,106806200386994.81,535513078577917.56,1.9844674545084815,16.093236502839297,16.6967554015867,98.0,16.394995952212998,0.3017594493737019,1.512984556501132,1.9844674545084815,5.731532109035357,5.954729494071899,98.0,5.843130801553628,0.11159869251827141,0.5595420413720371,1.9844674545084815,99.0,0.29292929292929293,0.01294979835090828,0.04004484962966941,98.0,0.026497323990288844,0.013547525639380564,0.0679256179507472,1.9844674545084815,RandomForestRegressor,"{'mode': 'original', 'type': 'RandomForestRegressor'}",3,"['pe_T2W40', 'l3_T2W40', 'lsc_T2W40']",0.13254631071804557,0.18306414441899327,98.0,0.15780522756851942,0.025258916850473847,0.1266450849775565,1.9844674545084815,7.369858628508325,7.540546225026768,98.0,7.4552024267675465,0.08534379825922156,0.4279032488538317,1.9844674545084815,completed,True,COMPLETE
233,6.293404199329403,2026-06-11 23:26:40.800744,2026-06-11 23:27:10.774412,0 days 00:00:29.973668,,,,,,,,,,,,,,,RandomForestRegressor,4.0,sqrt,3.0,4.0,367.0,3,,,,,,,,True,0.001269804265064644,0.016143679782706123,98.0,0.008706742023885383,0.007436937758820739,0.037287886096389854,1.9844674545084815,6.221822256438686,6.364986142220121,98.0,6.293404199329403,0.07158194289071744,0.3589030081503057,1.9844674545084815,210067212188021.2,423850385402789.2,98.0,316958798795405.2,106891586607384.0,535941194526084.1,1.9844674545084815,16.104970939713375,16.708167060795226,98.0,16.4065690002543,0.30159806054092675,1.5121753728547298,1.9844674545084815,5.732665420081608,5.957021640041544,98.0,5.844843530061576,0.11217810997996838,0.5624471688606181,1.9844674545084815,99.0,0.2727272727272727,0.01231682427989757,0.03943334684268373,98.0,0.02587508556129065,0.01355826128139308,0.06797944513197639,1.9844674545084815,RandomForestRegressor,"{'mode': 'original', 'type': 'RandomForestRegressor'}",3,"['pe_T2W40', 'l3_T2W40', 'lsc_T2W40']",0.13039968375000502,0.1815244718071661,98.0,0.15596207777858556,0.025562394028580546,0.12816668201347023,1.9844674545084815,7.372006679148477,7.543314508342279,98.0,7.457660593745378,0.0856539145969009,0.4294581338146883,1.9844674545084815,completed,True,COMPLETE
234,6.312826724485475,2026-06-11 23:27:10.787294,2026-06-11 23:27:39.384672,0 days 00:00:28.597378,,,,,,,,,,,,,,,RandomForestRegressor,3.0,sqrt,3.0,4.0,352.0,3,,,,,,,,True,-0.000910467841682935,0.012036695242636621,98.0,0.005563113700476843,0.006473581542159778,0.03245773717730047,1.9844674545084815,6.247121312917969,6.378532136052982,98.0,6.312826724485475,0.06570541156750702,0.3294388069255688,1.9844674545084815,219982487613602.7,443273336632670.8,98.0,331627912123136.75,111645424509534.06,559776349796252.75,1.9844674545084815,15.970457773332022,16.525374422513664,98.0,16.247916097922843,0.2774583245908219,1.3911417224874356,1.9844674545084815,5.81352096854735,6.008727206569662,98.0,5.911124087558506,0.09760311901115619,0.4893699668285875,1.9844674545084815,99.0,0.26262626262626265,0.01628789657709919,0.03929832606805067,98.0,0.02779311132257493,0.01150521474547574,0.05768572372882557,1.9844674545084815,RandomForestRegressor,"{'mode': 'original', 'type': 'RandomForestRegressor'}",3,"['pe_T2W40', 'l3_T2W40', 'lsc_T2W40']",0.1345397694368738,0.18446190054036826,98.0,0.15950083498862103,0.024961065551747222,0.12515169540502616,1.9844674545084815,7.370353505090366,7.532759197790005,98.0,7.4515563514401855,0.0812028463498196,0.40714102814743003,1.9844674545084815,completed,True,COMPLETE
235,6.293325260565699,2026-06-11 23:27:39.397626,2026-06-11 23:28:09.419819,0 days 00:00:30.022193,,,,,,,,,,,,,,,RandomForestRegressor,4.0,sqrt,3.0,4.0,368.0,3,,,,,,,,True,0.0012719391478716348,0.01616427547051612,98.0,0.008718107309193878,0.007446168161322243,0.0373341661928841,1.9844674545084815,6.2217286184875515,6.364921902643847,98.0,6.293325260565699,0.07159664207814784,0.358976708058035,1.9844674545084815,209969169301553.7,423655786038587.56,98.0,316812477670070.6,106843308368516.95,535699133407625.25,1.9844674545084815,16.105154356014655,16.707707867688573,98.0,16.406431111851614,0.30127675583695723,1.5105643908091102,1.9844674545084815,5.7326506265186365,5.957030923795691,98.0,5.844840775157164,0.1121901486385271,0.5625075292056483,1.9844674545084815,99.0,0.2727272727272727,0.012308880152726095,0.03945757713654499,98.0,0.025883228644635544,0.013574348491909449,0.06806010441578329,1.9844674545084815,RandomForestRegressor,"{'mode': 'original', 'type': 'RandomForestRegressor'}",3,"['pe_T2W40', 'l3_T2W40', 'lsc_T2W40']",0.13053890162304563,0.1816801893127872,98.0,0.15610954546791642,0.0255706438448708,0.12820804557198356,1.9844674545084815,7.371965831510156,7.543244314349186,98.0,7.457605072929671,0.08563924141951519,0.42938456431810595,1.9844674545084815,completed,True,COMPLETE
236,6.307143372054824,2026-06-11 23:28:09.432577,2026-06-11 23:28:38.627873,0 days 00:00:29.195296,,,,,,,,,,,,,,,RandomForestRegressor,4.0,sqrt,3.0,4.0,355.0,3,,,,,,,,True,-0.0012860468794424094,0.014470872501859754,98.0,0.006592412811208673,0.007878459690651082,0.039501622453618476,1.9844674545084815,6.233157551833748,6.381129192275901,98.0,6.307143372054824,0.07398582022107612,0.3709557517648121,1.9844674545084815,238929629881773.88,481549496652441.75,98.0,360239563267107.8,121309933385333.95,608233001959430.0,1.9844674545084815,15.862722581340345,16.403227164685397,98.0,16.13297487301287,0.2702522916725259,1.3550115647023224,1.9844674545084815,5.771782089886971,5.987103322295569,98.0,5.87944270609127,0.10766061620429947,0.539797013808762,1.9844674545084815,99.0,0.3333333333333333,0.0015748986442671049,0.027125779278730285,98.0,0.014350338961498696,0.01277544031723159,0.0640544776396912,1.9844674545084815,RandomForestRegressor,"{'mode': 'original', 'type': 'RandomForestRegressor'}",3,"['re_T2W40', 'l3_T2W40', 'lsc_T2W40']",0.15282386428926345,0.20497275291675485,98.0,0.17889830860300915,0.026074444313745705,0.1307340388111275,1.9844674545084815,7.4158819567672,7.590936319043595,98.0,7.503409137905398,0.08752718113819777,0.4388504605606273,1.9844674545084815,completed,True,COMPLETE
237,6.312729665176511,2026-06-11 23:28:38.640645,2026-06-11 23:29:08.103902,0 days 00:00:29.463257,,,,,,,,,,,,,,,RandomForestRegressor,3.0,sqrt,3.0,4.0,364.0,3,,,,,,,,True,-0.0009100692309928866,0.012075166353915201,98.0,0.005582548561461158,0.006492617792454044,0.032553182581806256,1.9844674545084815,6.246855258973729,6.378604071379294,98.0,6.312729665176511,0.0658744062027822,0.3302861251249941,1.9844674545084815,219928915454047.5,443162372011666.9,98.0,331545643732857.2,111616728278809.7,559632470444650.5,1.9844674545084815,15.97042088404322,16.52447213553605,98.0,16.247446509789636,0.27702562574641654,1.3889722239992854,1.9844674545084815,5.8146849273808465,6.011688750468509,98.0,5.913186838924678,0.0985019115438315,0.4938764014216339,1.9844674545084815,99.0,0.26262626262626265,0.016268737782774413,0.039332012717174424,98.0,0.02780037524997442,0.011531637467200007,0.05781820398749689,1.9844674545084815,RandomForestRegressor,"{'mode': 'original', 'type': 'RandomForestRegressor'}",3,"['pe_T2W40', 'l3_T2W40', 'lsc_T2W40']",0.13455963929269976,0.18471583647348144,98.0,0.1596377378830906,0.02507809859039084,0.12573848458573184,1.9844674545084815,7.370215957942196,7.532848578275712,98.0,7.451532268108954,0.08131631016675785,0.40770992169195874,1.9844674545084815,completed,True,COMPLETE
238,6.290957122573792,2026-06-11 23:29:08.116804,2026-06-11 23:29:35.669651,0 days 00:00:27.552847,,,,,,,,,,,,,,,RandomForestRegressor,4.0,sqrt,3.0,2.0,336.0,3,,,,,,,,True,0.0016398073357565077,0.01653125158491047,98.0,0.009085529460333489,0.007445722124576981,0.037331929819810726,1.9844674545084815,6.219526676694317,6.362387568453267,98.0,6.290957122573792,0.07143044587947524,0.3581434208736146,1.9844674545084815,209882878999883.62,423489066464729.5,98.0,316685972732306.56,106803093732422.94,535497502196136.0,1.9844674545084815,16.099730307124645,16.702076857214536,98.0,16.40090358216959,0.3011732750449468,1.510045550916834,1.9844674545084815,5.733591503932156,5.958162927619699,98.0,5.845877215775928,0.11228571184377185,0.5629866712971558,1.9844674545084815,99.0,0.2828282828282828,0.012635027748253567,0.03981507285773393,98.0,0.02622505030299375,0.013590022554740185,0.06813869222819398,1.9844674545084815,RandomForestRegressor,"{'mode': 'original', 'type': 'RandomForestRegressor'}",3,"['pe_T2W40', 'l3_T2W40', 'lsc_T2W40']",0.13238676649081516,0.18278098879324622,98.0,0.1575838776420307,0.025197111151215524,0.1263351988458192,1.9844674545084815,7.3708451420384185,7.541543898184773,98.0,7.456194520111596,0.08534937807317693,0.4279312253508731,1.9844674545084815,completed,True,COMPLETE
239,7.590246309246309,2026-06-11 23:29:35.682996,2026-06-11 23:29:35.839317,0 days 00:00:00.156321,16.0,2.0,14.0,,,,,,,,,,,,DecisionTreeRegressor,,,,,,3,,,,,,,,True,,,,,,,,,,,,,,,,,,,,,,,,,,,,,,,,,,,,,,,,,,,,,DecisionTreeRegressor,"{'mode': 'original', 'type': 'DecisionTreeRegressor'}",3,"['re_T2W40', 'lsc_T2W40', 'density_T2W40']",,,,,,,,,,,,,,,pruned,True,PRUNED
240,6.8453333333333335,2026-06-11 23:29:35.849476,2026-06-11 23:29:36.142517,0 days 00:00:00.293041,,,,,,,,,,,manhattan,5.0,uniform,,KNeighborsRegressor,,,,,,3,7.0,3.0,7.0,50.0,,,ExtraTrees,,,,,,,,,,,,,,,,,,,,,,,,,,,,,,,,,,,,,,,,,,,,,,KNeighborsRegressor,"{'mode': 'proxy', 'type': 'ExtraTrees'}",3,"['pe_T2W40', 'l3_T2W40', 'lsc_T2W40']",,,,,,,,,,,,,,,pruned,True,PRUNED
241,6.2906118490854634,2026-06-11 23:29:36.152427,2026-06-11 23:30:03.881033,0 days 00:00:27.728606,,,,,,,,,,,,,,,RandomForestRegressor,4.0,sqrt,3.0,2.0,338.0,3,,,,,,,,True,0.001698654657095889,0.016581922945927044,98.0,0.009140288801511466,0.0074416341444155775,0.037311433192897064,1.9844674545084815,6.219189657248843,6.362034040922084,98.0,6.2906118490854634,0.07142219183662006,0.35810203612362757,1.9844674545084815,209816090811943.5,423352793835020.5,98.0,316584442323482.0,106768351511538.48,535323308997660.1,1.9844674545084815,16.09831941867559,16.70026040896033,98.0,16.39928991381796,0.30097049514237084,1.5090288375658423,1.9844674545084815,5.733760797996566,5.957913016225457,98.0,5.8458369071110114,0.11207610911444513,0.5619357491367064,1.9844674545084815,99.0,0.29292929292929293,0.012718410806239689,0.039913668619153325,98.0,0.02631603971269651,0.01359762890645682,0.06817682953492114,1.9844674545084815,RandomForestRegressor,"{'mode': 'original', 'type': 'RandomForestRegressor'}",3,"['pe_T2W40', 'l3_T2W40', 'lsc_T2W40']",0.13268101533949625,0.1833080974872026,98.0,0.15799455641334942,0.025313541073853158,0.1269189640774664,1.9844674545084815,7.37046467521502,7.541226223918008,98.0,7.455845449566514,0.08538077435149423,0.42808864240715516,1.9844674545084815,completed,True,COMPLETE
242,6.291436686160891,2026-06-11 23:30:03.893736,2026-06-11 23:30:30.814392,0 days 00:00:26.920656,,,,,,,,,,,,,,,RandomForestRegressor,4.0,sqrt,3.0,2.0,328.0,3,,,,,,,,True,0.0015943100127814667,0.016419564798675852,98.0,0.00900693740572866,0.007412627392947194,0.037165996928690534,1.9844674545084815,6.220214298751542,6.3626590735702395,98.0,6.291436686160891,0.07122238740934884,0.35710024143779645,1.9844674545084815,209983885405482.56,423670559527268.7,98.0,316827222466375.6,106843337060893.06,535699277267650.3,1.9844674545084815,16.097849884732362,16.699191350379962,98.0,16.398520617556162,0.3006707328237995,1.5075258663761724,1.9844674545084815,5.733316095854459,5.9562102510431565,98.0,5.844763173448808,0.11144707759434856,0.5587818628957493,1.9844674545084815,99.0,0.2727272727272727,0.012664576203212298,0.03969654204365818,98.0,0.02618055912343524,0.013515982920222942,0.06776746665820413,1.9844674545084815,RandomForestRegressor,"{'mode': 'original', 'type': 'RandomForestRegressor'}",3,"['pe_T2W40', 'l3_T2W40', 'lsc_T2W40']",0.1320146756653153,0.1823966325725261,98.0,0.1572056541189207,0.025190978453605406,0.12630445025851544,1.9844674545084815,7.371328942604993,7.541413567754123,98.0,7.456371255179558,0.08504231257456495,0.42639163691976184,1.9844674545084815,completed,True,COMPLETE
243,6.291249371842186,2026-06-11 23:30:30.827631,2026-06-11 23:30:57.284106,0 days 00:00:26.456475,,,,,,,,,,,,,,,RandomForestRegressor,4.0,sqrt,3.0,2.0,322.0,3,,,,,,,,True,0.0015908206566430843,0.016475314262800522,98.0,0.009033067459721803,0.0074422468030787186,0.0373145049876583,1.9844674545084815,6.219964898073291,6.362533845611081,98.0,6.291249371842186,0.07128447376889474,0.3574115347655025,1.9844674545084815,210004124957122.88,423698105857511.6,98.0,316851115407317.25,106846990450194.39,535717594909743.25,1.9844674545084815,16.096533067213343,16.700513453982637,98.0,16.39852326059799,0.3019901933846478,1.5141414784327922,1.9844674545084815,5.733438171136154,5.95644210772414,98.0,5.844940139430147,0.1115019682939929,0.5590570780746933,1.9844674545084815,99.0,0.29292929292929293,0.012663146610454675,0.03977272214815791,98.0,0.026217934379306293,0.013554787768851618,0.06796202936970962,1.9844674545084815,RandomForestRegressor,"{'mode': 'original', 'type': 'RandomForestRegressor'}",3,"['pe_T2W40', 'l3_T2W40', 'lsc_T2W40']",0.13135674722997187,0.18196160962341812,98.0,0.156659178426695,0.025302431196723138,0.1268632605276447,1.9844674545084815,7.371074321439332,7.541326609961455,98.0,7.456200465700394,0.0851261442610614,0.4268119586272604,1.9844674545084815,completed,True,COMPLETE
244,6.291073702085525,2026-06-11 23:30:57.374188,2026-06-11 23:31:23.773544,0 days 00:00:26.399356,,,,,,,,,,,,,,,RandomForestRegressor,4.0,sqrt,3.0,2.0,321.0,3,,,,,,,,True,0.0016282079244127595,0.016496594993790907,98.0,0.009062401459101832,0.007434193534689073,0.03727412689600887,1.9844674545084815,6.2197815590550825,6.362365845115967,98.0,6.291073702085525,0.07129214303044255,0.3574499874943424,1.9844674545084815,209972131484966.94,423633743732531.2,98.0,316802937608749.06,106830806123782.12,535636448698846.0,1.9844674545084815,16.095961073489132,16.699757682518932,98.0,16.397859378004032,0.30189830451490157,1.5136807590050199,1.9844674545084815,5.732256093419097,5.9551046580460225,98.0,5.84368037573256,0.11142428231346249,0.5586675701767861,1.9844674545084815,99.0,0.29292929292929293,0.012686675496393495,0.03977767036640392,98.0,0.02623217293139871,0.013545497435005214,0.06791544878486457,1.9844674545084815,RandomForestRegressor,"{'mode': 'original', 'type': 'RandomForestRegressor'}",3,"['pe_T2W40', 'l3_T2W40', 'lsc_T2W40']",0.13109976911274485,0.18166820325195554,98.0,0.1563839861823502,0.025284217069605347,0.12677193714706272,1.9844674545084815,7.371015167506174,7.541309142713077,98.0,7.4561621551096255,0.08514698760345145,0.426916464568027,1.9844674545084815,completed,True,COMPLETE
245,6.3120049577058115,2026-06-11 23:31:23.786663,2026-06-11 23:31:50.186877,0 days 00:00:26.400214,,,,,,,,,,,,,,,RandomForestRegressor,3.0,sqrt,3.0,2.0,323.0,3,,,,,,,,True,-0.0008344426813427031,0.012219386772778736,98.0,0.005692472045718016,0.006526914727060719,0.03272514316995992,1.9844674545084815,6.246089886884677,6.377920028526946,98.0,6.3120049577058115,0.06591507082113413,0.3304900124918692,1.9844674545084815,219733032878111.5,442757879304184.5,98.0,331245456091148.0,111512423213036.52,559109497745677.2,1.9844674545084815,15.963601181361986,16.520512306964754,98.0,16.24205674416337,0.2784555628013846,1.3961417515333052,1.9844674545084815,5.803986153794778,6.001696149066564,98.0,5.902841151430671,0.09885499763589319,0.4956467314163149,1.9844674545084815,99.0,0.26262626262626265,0.016497596207593408,0.03964339509247994,98.0,0.02807049565003667,0.011572899442443264,0.058025086427941915,1.9844674545084815,RandomForestRegressor,"{'mode': 'original', 'type': 'RandomForestRegressor'}",3,"['pe_T2W40', 'l3_T2W40', 'lsc_T2W40']",0.13552324117232395,0.1851135854125115,98.0,0.16031841329241772,0.02479517212009378,0.1243199262569926,1.9844674545084815,7.369245331228486,7.5315563482629315,98.0,7.450400839745709,0.08115550851722313,0.4069036821096991,1.9844674545084815,completed,True,COMPLETE
