number,value,datetime_start,datetime_complete,duration,params_dt_max_depth,params_dt_min_samples_leaf,params_dt_min_samples_split,params_elastic_alpha,params_elastic_l1_ratio,params_et_max_depth,params_et_max_features,params_et_min_samples_leaf,params_et_min_samples_split,params_et_n_estimators,params_knn_metric,params_knn_n_neighbors,params_knn_weights,params_quantile_alpha,params_regressor,params_rf_max_depth,params_rf_max_features,params_rf_min_samples_leaf,params_rf_min_samples_split,params_rf_n_estimators,params_rfe_n_features,params_rfe_proxy_et_max_depth,params_rfe_proxy_et_min_samples_leaf,params_rfe_proxy_et_min_samples_split,params_rfe_proxy_et_n_estimators,params_rfe_proxy_lsvr_C,params_rfe_proxy_lsvr_epsilon,params_rfe_proxy_type,params_use_scaler,user_attrs_d2mae_ci_lower_val,user_attrs_d2mae_ci_upper_val,user_attrs_d2mae_df_val,user_attrs_d2mae_mean_val,user_attrs_d2mae_samperror_val,user_attrs_d2mae_std_val,user_attrs_d2mae_t_critical_val,user_attrs_mae_ci_lower_val,user_attrs_mae_ci_upper_val,user_attrs_mae_df_val,user_attrs_mae_mean_val,user_attrs_mae_samperror_val,user_attrs_mae_std_val,user_attrs_mae_t_critical_val,user_attrs_mape_ci_lower_val,user_attrs_mape_ci_upper_val,user_attrs_mape_df_val,user_attrs_mape_mean_val,user_attrs_mape_samperror_val,user_attrs_mape_std_val,user_attrs_mape_t_critical_val,user_attrs_max_error_ci_lower_val,user_attrs_max_error_ci_upper_val,user_attrs_max_error_df_val,user_attrs_max_error_mean_val,user_attrs_max_error_samperror_val,user_attrs_max_error_std_val,user_attrs_max_error_t_critical_val,user_attrs_median_ae_ci_lower_val,user_attrs_median_ae_ci_upper_val,user_attrs_median_ae_df_val,user_attrs_median_ae_mean_val,user_attrs_median_ae_samperror_val,user_attrs_median_ae_std_val,user_attrs_median_ae_t_critical_val,user_attrs_n_splits_val,user_attrs_r2_below_zero_val,user_attrs_r2_ci_lower_val,user_attrs_r2_ci_upper_val,user_attrs_r2_df_val,user_attrs_r2_mean_val,user_attrs_r2_samperror_val,user_attrs_r2_std_val,user_attrs_r2_t_critical_val,user_attrs_regressor_final,user_attrs_rfe_estimator,user_attrs_rfe_n_features,user_attrs_rfe_selected_features,user_attrs_rho_ci_lower_val,user_attrs_rho_ci_upper_val,user_attrs_rho_df_val,user_attrs_rho_mean_val,user_attrs_rho_samperror_val,user_attrs_rho_std_val,user_attrs_rho_t_critical_val,user_attrs_rmse_ci_lower_val,user_attrs_rmse_ci_upper_val,user_attrs_rmse_df_val,user_attrs_rmse_mean_val,user_attrs_rmse_samperror_val,user_attrs_rmse_std_val,user_attrs_rmse_t_critical_val,user_attrs_termination_reason,user_attrs_use_scaler_final,state
105,6.314176798970284,2026-06-11 22:23:27.713710,2026-06-11 22:24:02.297492,0 days 00:00:34.583782,,,,,,,,,,,,,,,RandomForestRegressor,6.0,log2,4.0,10.0,414.0,4,,,,,,,,True,-0.003276248508067344,0.014350214471939241,98.0,0.0055369829819359485,0.008813231490003293,0.04418845263974197,1.9844674545084815,6.234373709743995,6.393979888196574,98.0,6.314176798970284,0.07980308922628912,0.4001228190568794,1.9844674545084815,240209828172622.38,484702215087075.1,98.0,362456021629848.75,122246193457226.39,612927294159995.4,1.9844674545084815,16.046902630914225,16.660225562493842,98.0,16.353564096704034,0.30666146578980685,1.537562660513036,1.9844674545084815,5.670866076165019,5.899341092014772,98.0,5.785103584089896,0.11423750792487646,0.5727727354428841,1.9844674545084815,99.0,0.43434343434343436,0.0003588340740330147,0.03020447037444701,98.0,0.015281652224240012,0.014922818150206997,0.07482116449906814,1.9844674545084815,RandomForestRegressor,"{'mode': 'original', 'type': 'RandomForestRegressor'}",4,"['re_T2W40', 'pe_T2W40', 'l3_T2W40', 'lsc_T2W40']",0.15331607579696171,0.1990174046026908,98.0,0.17616674019982625,0.02285066440286455,0.11457040506628524,1.9844674545084815,7.408100231277431,7.586525082622461,98.0,7.497312656949946,0.0892124256725147,0.44730006821878493,1.9844674545084815,completed,True,COMPLETE
106,6.314276119167045,2026-06-11 22:24:02.310240,2026-06-11 22:24:36.778027,0 days 00:00:34.467787,,,,,,,,,,,,,,,RandomForestRegressor,6.0,log2,4.0,10.0,413.0,4,,,,,,,,True,-0.003282743840161491,0.01432222961634437,98.0,0.005519742888091439,0.00880248672825293,0.04413457973327517,1.9844674545084815,6.2345497190987755,6.394002519235314,98.0,6.314276119167045,0.07972640006826902,0.3997383091037485,1.9844674545084815,240241324578802.8,484760121091197.06,98.0,362500722834999.94,122259398256197.11,612993501388819.1,1.9844674545084815,16.045713939281526,16.658107187615897,98.0,16.351910563448712,0.3061966241671849,1.5352320021104389,1.9844674545084815,5.671627884098172,5.9008352213531365,98.0,5.7862315527256545,0.11460366862748174,0.5746086199177173,1.9844674545084815,99.0,0.43434343434343436,0.00035984453573231247,0.030174230715015474,98.0,0.015267037625373894,0.014907193089641581,0.074742822377955,1.9844674545084815,RandomForestRegressor,"{'mode': 'original', 'type': 'RandomForestRegressor'}",4,"['re_T2W40', 'pe_T2W40', 'l3_T2W40', 'lsc_T2W40']",0.15318707275916624,0.19890517774908903,98.0,0.17604612525412763,0.022859052494961406,0.11461246192259046,1.9844674545084815,7.408236225824212,7.586497938948727,98.0,7.49736708238647,0.08913085656225736,0.44689109078870604,1.9844674545084815,completed,True,COMPLETE
107,6.3824929763340865,2026-06-11 22:24:36.790786,2026-06-11 22:25:11.188658,0 days 00:00:34.397872,,,,,,,,,,,,,,,RandomForestRegressor,6.0,log2,4.0,10.0,414.0,5,,,,,,,,True,-0.013341436123116671,0.0029044822981628424,98.0,-0.005218476912476914,0.008122959210639756,0.040727512806290375,1.9844674545084815,6.305399938898426,6.459586013769747,98.0,6.3824929763340865,0.07709303743566027,0.3865349545673009,1.9844674545084815,257282831360914.5,519663381744809.1,98.0,388473106552861.8,131190275191947.3,657771813742738.0,1.9844674545084815,16.131907028472387,16.731681532134953,98.0,16.43179428030367,0.2998872518312831,1.5035975895833502,1.9844674545084815,5.7237331783011305,5.945845330557108,98.0,5.834789254429119,0.11105607612798925,0.5568214299038454,1.9844674545084815,99.0,0.45454545454545453,-0.015258057803926212,0.012578659307105867,98.0,-0.0013396992484101724,0.01391835855551604,0.06978492832634517,1.9844674545084815,RandomForestRegressor,"{'mode': 'original', 'type': 'RandomForestRegressor'}",5,"['re_T2W40', 'pe_T2W40', 'l3_T2W40', 'lsc_T2W40', 'density_T2W40']",0.1194315196817434,0.16564318454932112,98.0,0.14253735211553226,0.02310583243378886,0.11584978601326985,1.9844674545084815,7.47325698565703,7.650079600694354,98.0,7.561668293175692,0.08841130751866212,0.4432833608804487,1.9844674545084815,completed,True,COMPLETE
108,6.317247192324405,2026-06-11 22:25:11.201542,2026-06-11 22:25:43.605992,0 days 00:00:32.404450,,,,,,,,,,,,,,,RandomForestRegressor,6.0,log2,4.0,10.0,384.0,4,,,,,,,,True,-0.003782567009694534,0.013890614517059491,98.0,0.005054023753682479,0.008836590763377013,0.0443055731472816,1.9844674545084815,6.237301754405206,6.397192630243604,98.0,6.317247192324405,0.07994543791919881,0.400836537796947,1.9844674545084815,240525185746900.88,485332167811548.6,98.0,362928676779224.75,122403491032323.88,613715964746422.9,1.9844674545084815,16.05391093059499,16.6666814196715,98.0,16.360296175133247,0.3063852445382541,1.536177721321756,1.9844674545084815,5.677939206514881,5.90895094584203,98.0,5.793445076178456,0.11550586966357436,0.5791321443253226,1.9844674545084815,99.0,0.43434343434343436,-0.0005109548842582544,0.029441487359993444,98.0,0.014465266237867595,0.014976221122125849,0.07508892039520389,1.9844674545084815,RandomForestRegressor,"{'mode': 'original', 'type': 'RandomForestRegressor'}",4,"['re_T2W40', 'pe_T2W40', 'l3_T2W40', 'lsc_T2W40']",0.15105769907753533,0.19699202387158574,98.0,0.17402486147456053,0.022967162397025204,0.1151545116001295,1.9844674545084815,7.410992272108561,7.589827188086503,98.0,7.500409730097532,0.08941745798897165,0.44832807489438986,1.9844674545084815,completed,True,COMPLETE
109,6.312514765596516,2026-06-11 22:25:43.619100,2026-06-11 22:26:20.076930,0 days 00:00:36.457830,,,,,,,,,,,,,,,RandomForestRegressor,5.0,sqrt,4.0,11.0,437.0,4,,,,,,,,True,-0.0027767328290056676,0.014395842909619396,98.0,0.005809555040306864,0.008586287869312531,0.04305058539477511,1.9844674545084815,6.233576253623443,6.391453277569589,98.0,6.312514765596516,0.07893851197307314,0.3957879356431773,1.9844674545084815,241678630294615.1,487500665635691.75,98.0,364589647965153.44,122911017670538.34,616260640537769.8,1.9844674545084815,16.003399607411254,16.601251951142665,98.0,16.30232577927696,0.29892617186570664,1.4987788535056636,1.9844674545084815,5.692948707922968,5.917693387531925,98.0,5.805321047727446,0.11237233980447817,0.5634210131776897,1.9844674545084815,99.0,0.41414141414141414,0.0036107421090613,0.03246994230901728,98.0,0.01804034220903929,0.01442960009997799,0.0723482301981444,1.9844674545084815,RandomForestRegressor,"{'mode': 'original', 'type': 'RandomForestRegressor'}",4,"['re_T2W40', 'pe_T2W40', 'l3_T2W40', 'lsc_T2W40']",0.15060735299469186,0.19837351517176077,98.0,0.17449043408322631,0.023883081088534472,0.11974681463534646,1.9844674545084815,7.398224053951957,7.576886092131462,98.0,7.487555073041709,0.08933101908975274,0.44789468094477003,1.9844674545084815,completed,True,COMPLETE
110,6.317345550170505,2026-06-11 22:26:20.089656,2026-06-11 22:26:55.405469,0 days 00:00:35.315813,,,,,,,,,,,,,,,RandomForestRegressor,4.0,sqrt,4.0,11.0,427.0,4,,,,,,,,True,-0.0028632274742767076,0.01291473116601859,98.0,0.005025751845870941,0.007888979320147649,0.03955436657480988,1.9844674545084815,6.241907081602857,6.392784018738153,98.0,6.317345550170505,0.07543846856764798,0.37823915090592164,1.9844674545084815,243068630082406.5,490171321508765.75,98.0,366619975795586.1,123551345713179.62,619471166145572.9,1.9844674545084815,15.987246054231433,16.560244864112594,98.0,16.273745459172012,0.2864994049405806,1.4364725811288512,1.9844674545084815,5.725901507638146,5.943487664589889,98.0,5.834694586114018,0.10879307847587143,0.54547503957155,1.9844674545084815,99.0,0.37373737373737376,0.0066387334531525285,0.03308853486151974,98.0,0.019863634157336135,0.013224900704183607,0.06630801642904414,1.9844674545084815,RandomForestRegressor,"{'mode': 'original', 'type': 'RandomForestRegressor'}",4,"['re_T2W40', 'pe_T2W40', 'l3_T2W40', 'lsc_T2W40']",0.14679843118223307,0.1932051728504064,98.0,0.17000180201631973,0.023203370834086676,0.11633883148847439,1.9844674545084815,7.394581117142504,7.568381629262063,98.0,7.481481373202284,0.08690025605977943,0.4357071357577127,1.9844674545084815,completed,True,COMPLETE
111,6.320457558885303,2026-06-11 22:26:55.418125,2026-06-11 22:27:32.491028,0 days 00:00:37.072903,,,,,,,,,,,,,,,RandomForestRegressor,7.0,sqrt,4.0,11.0,442.0,4,,,,,,,,True,-0.004493575656574351,0.013616934396890126,98.0,0.004561679370157887,0.009055255026732238,0.04540192871858781,1.9844674545084815,6.2392332101535795,6.401681907617026,98.0,6.320457558885303,0.08122434873172296,0.40724883843080406,1.9844674545084815,240329805920765.6,485006853634283.1,98.0,362668329777524.4,122338523856758.78,613390227363505.8,1.9844674545084815,16.06754445471612,16.670142579837375,98.0,16.368843517276748,0.30129906256062855,1.510676233962625,1.9844674545084815,5.697119396058381,5.93126897527561,98.0,5.814194185666995,0.11707478960861444,0.5869985148802759,1.9844674545084815,99.0,0.42424242424242425,-0.003041522156591531,0.027416624171360884,98.0,0.012187551007384678,0.015229073163976209,0.07635668925942131,1.9844674545084815,RandomForestRegressor,"{'mode': 'original', 'type': 'RandomForestRegressor'}",4,"['re_T2W40', 'pe_T2W40', 'l3_T2W40', 'lsc_T2W40']",0.15091189753771317,0.19703725666357752,98.0,0.17397457710064534,0.02306267956293218,0.11563342285609168,1.9844674545084815,7.418850024147432,7.598990081874564,98.0,7.508920053010998,0.09007002886356591,0.4515999845473692,1.9844674545084815,completed,True,COMPLETE
112,6.390896896519529,2026-06-11 22:27:32.522357,2026-06-11 22:28:04.038175,0 days 00:00:31.515818,,,,,,,,,,,,,,,RandomForestRegressor,7.0,sqrt,4.0,10.0,375.0,5,,,,,,,,True,-0.014996423944276017,0.0018800526407895882,98.0,-0.006558185651743214,0.008438238292532802,0.04230828312808831,1.9844674545084815,6.31275278599981,6.469041007039249,98.0,6.390896896519529,0.07814411051971931,0.3918049050103969,1.9844674545084815,257382861188551.8,519909712399056.44,98.0,388646286793804.1,131263425605252.3,658138580867551.6,1.9844674545084815,16.142425909900076,16.743362467686048,98.0,16.442894188793062,0.3004682788929841,1.5065107874072703,1.9844674545084815,5.717518893071663,5.932576460482794,98.0,5.825047676777229,0.10752878370556594,0.5391360219656143,1.9844674545084815,99.0,0.46464646464646464,-0.01907680299354214,0.009607691924191837,98.0,-0.004734555534675153,0.01434224745886699,0.07191025485969242,1.9844674545084815,RandomForestRegressor,"{'mode': 'original', 'type': 'RandomForestRegressor'}",5,"['re_T2W40', 'pe_T2W40', 'l3_T2W40', 'lsc_T2W40', 'density_T2W40']",0.11790103654877825,0.16410353166297362,98.0,0.14100228410587592,0.023101247557097682,0.1158267980086138,1.9844674545084815,7.485303232404434,7.662816226009952,98.0,7.574059729207193,0.08875649680275861,0.44501409725669683,1.9844674545084815,completed,True,COMPLETE
113,6.312490497390537,2026-06-11 22:28:04.053886,2026-06-11 22:28:40.803229,0 days 00:00:36.749343,,,,,,,,,,,,,,,RandomForestRegressor,5.0,log2,4.0,11.0,441.0,4,,,,,,,,True,-0.0027674154926920023,0.01439006602610173,98.0,0.005811325266704864,0.008578740759396866,0.04301274511911077,1.9844674545084815,6.2336217382250485,6.391359256556026,98.0,6.312490497390537,0.07886875916548879,0.3954382036932193,1.9844674545084815,241619474983624.0,487380730291689.6,98.0,364500102637656.8,122880627654032.83,616108268753754.0,1.9844674545084815,16.004233786416417,16.602080476748167,98.0,16.303157131582292,0.2989233451658733,1.4987646807823152,1.9844674545084815,5.691978887277205,5.9174196908917,98.0,5.804699289084453,0.11272040180724778,0.565166153010057,1.9844674545084815,99.0,0.41414141414141414,0.003568042238564058,0.032398792097663304,98.0,0.01798341716811368,0.014415374929549623,0.07227690695303514,1.9844674545084815,RandomForestRegressor,"{'mode': 'original', 'type': 'RandomForestRegressor'}",4,"['re_T2W40', 'pe_T2W40', 'l3_T2W40', 'lsc_T2W40']",0.15054631910350763,0.19836017423846014,98.0,0.17445324667098389,0.02390692756747625,0.11986637793134505,1.9844674545084815,7.398527251301054,7.577003916748858,98.0,7.487765584024956,0.08923833272390172,0.4474299629701652,1.9844674545084815,completed,True,COMPLETE
114,6.311276307519435,2026-06-11 22:28:40.816068,2026-06-11 22:29:18.061156,0 days 00:00:37.245088,,,,,,,,,,,,,,,RandomForestRegressor,5.0,log2,4.0,11.0,448.0,4,,,,,,,,True,-0.0025830802586866413,0.014587272489588554,98.0,0.006002096115450956,0.008585176374137598,0.04304501249544158,1.9844674545084815,6.232399305280727,6.390153309758143,98.0,6.311276307519435,0.07887700223870778,0.39547953344280734,1.9844674545084815,241598259373539.97,487329794328953.1,98.0,364464026851246.56,122865767477706.6,616033761667612.6,1.9844674545084815,16.00465010586544,16.601598671746824,98.0,16.303124388806133,0.29847428294069295,1.4965131383268395,1.9844674545084815,5.688999529020725,5.914637382352801,98.0,5.801818455686763,0.11281892666603806,0.5656601444661341,1.9844674545084815,99.0,0.41414141414141414,0.0038276621860752463,0.03264962975213702,98.0,0.018238645969106133,0.014410983783030887,0.07225489028750248,1.9844674545084815,RandomForestRegressor,"{'mode': 'original', 'type': 'RandomForestRegressor'}",4,"['re_T2W40', 'pe_T2W40', 'l3_T2W40', 'lsc_T2W40']",0.150834476541815,0.19846772587816394,98.0,0.17465110120998947,0.023816624668174472,0.11941361036322272,1.9844674545084815,7.397537196760154,7.576063611451892,98.0,7.486800404106023,0.08926320734586966,0.4475546812481327,1.9844674545084815,completed,True,COMPLETE
115,6.420374792258135,2026-06-11 22:29:18.074188,2026-06-11 22:29:54.616679,0 days 00:00:36.542491,,,,,,,,,,,,,,,RandomForestRegressor,4.0,sqrt,4.0,11.0,446.0,5,,,,,,,,True,-0.018493178934013588,-0.00400148426383891,98.0,-0.01124733159892625,0.0072458473350873395,0.036329782346519054,1.9844674545084815,6.34818096100381,6.492568623512461,98.0,6.420374792258135,0.07219383125432555,0.36197094072495495,1.9844674545084815,238734980431442.62,481700664510522.0,98.0,360217822470982.3,121482842039539.7,609099944565673.6,1.9844674545084815,16.137709387037066,16.767837712853012,98.0,16.45277354994504,0.31506416290797207,1.5796927445887017,1.9844674545084815,5.908944469966323,6.094186331831236,98.0,6.001565400898779,0.09262093093245673,0.4643898920163445,1.9844674545084815,99.0,0.494949494949495,-0.014795609836309242,0.010007969174748027,98.0,-0.0023938203307806083,0.012401789505528634,0.062181038684245016,1.9844674545084815,RandomForestRegressor,"{'mode': 'original', 'type': 'RandomForestRegressor'}",5,"['re_T2W40', 'pe_T2W40', 'l3_T2W40', 'lsc_T2W40', 'diameter_T2W40']",0.09693829396510967,0.14685544063241365,98.0,0.12189686729876166,0.024958573333651996,0.1251391997317429,1.9844674545084815,7.481380991083515,7.651697798932656,98.0,7.5665393950080855,0.08515840392456994,0.42697370459010486,1.9844674545084815,completed,True,COMPLETE
116,6.32580683166046,2026-06-11 22:29:54.630361,2026-06-11 22:30:33.585395,0 days 00:00:38.955034,,,,,,,,,,,,,,,RandomForestRegressor,5.0,,2.0,9.0,446.0,4,,,,,,,,True,-0.005795270632527187,0.013376197594153634,98.0,0.003790463480813223,0.00958573411334041,0.048061685247342056,1.9844674545084815,6.240735178517459,6.41087848480346,98.0,6.32580683166046,0.08507165314300016,0.4265387469009525,1.9844674545084815,235555260193148.3,475943302322571.06,98.0,355749281257859.7,120194021064711.36,602637955603746.6,1.9844674545084815,16.39786974322921,17.10667942366275,98.0,16.75227458344598,0.35440484021676927,1.7769420348231633,1.9844674545084815,5.64038868434738,5.893863438972225,98.0,5.767126061659803,0.1267373773124223,0.6354455345247023,1.9844674545084815,99.0,0.45454545454545453,-0.01283895992449155,0.019542051221559678,98.0,0.0033515456485340637,0.016190505573025614,0.08117719244508956,1.9844674545084815,RandomForestRegressor,"{'mode': 'original', 'type': 'RandomForestRegressor'}",4,"['re_T2W40', 'pe_T2W40', 'l3_T2W40', 'lsc_T2W40']",0.1494898043220391,0.19604072902821892,98.0,0.172765266675129,0.023275462353089915,0.11670028944822675,1.9844674545084815,7.448136745977857,7.636619446923323,98.0,7.54237809645059,0.09424135047273313,0.4725144751721638,1.9844674545084815,completed,True,COMPLETE
117,6.425108475187421,2026-06-11 22:30:33.598069,2026-06-11 22:30:49.844105,0 days 00:00:16.246036,,,,,,12.0,,3.0,7.0,287.0,,,,,ExtraTreesRegressor,,,,,,4,,,,,,,,True,-0.02026448560558395,-0.0038664047670283596,98.0,-0.012065445186306156,0.008199040419277796,0.0411089745764129,1.9844674545084815,6.350045383401988,6.5001715669728535,98.0,6.425108475187421,0.07506309178543304,0.3763570581478024,1.9844674545084815,225747124665580.38,457059788488832.25,98.0,341403456577206.3,115656331911625.95,579886543427358.9,1.9844674545084815,16.397584050457674,17.174465824490667,98.0,16.78602493747417,0.3884408870164951,1.9475945637802987,1.9844674545084815,5.8556899622947585,6.0843100338166645,98.0,5.9699999980557115,0.11431003576095335,0.5731363810424785,1.9844674545084815,99.0,0.5656565656565656,-0.028509350269551998,-0.00048534633311444336,98.0,-0.01449734830133322,0.014012001968218777,0.07025444481549359,1.9844674545084815,ExtraTreesRegressor,"{'mode': 'original', 'type': 'ExtraTreesRegressor'}",4,"['re_T2W40', 'pe_T2W40', 'l3_T2W40', 'lsc_T2W40']",0.07574812557261308,0.12401264572531269,98.0,0.09988038564896289,0.0241322600763498,0.12099616726092835,1.9844674545084815,7.526092526620587,7.693339354171027,98.0,7.609715940395807,0.08362341377521942,0.4192774538341837,1.9844674545084815,completed,True,COMPLETE
118,6.387735233575532,2026-06-11 22:30:49.857334,2026-06-11 22:31:21.742235,0 days 00:00:31.884901,,,,,,,,,,,,,,,RandomForestRegressor,7.0,log2,5.0,11.0,382.0,5,,,,,,,,True,-0.014356018222828676,0.002294351676788717,98.0,-0.006030833273019979,0.008325184949808696,0.04174144765050041,1.9844674545084815,6.309476809413041,6.465993657738024,98.0,6.387735233575532,0.07825842416249165,0.39237805947654836,1.9844674545084815,259444240177787.62,523685275050582.75,98.0,391564757614185.2,132120517436397.56,662435933300814.2,1.9844674545084815,16.004562541282315,16.5914436752081,98.0,16.298003108245208,0.29344056696289217,1.4712747090016525,1.9844674545084815,5.748918029818191,5.9688682841949,98.0,5.858893157006546,0.10997512718835402,0.5514016856160402,1.9844674545084815,99.0,0.47474747474747475,-0.015858675042415366,0.012468623639548922,98.0,-0.0016950257014332216,0.014163649340982144,0.07101478598625442,1.9844674545084815,RandomForestRegressor,"{'mode': 'original', 'type': 'RandomForestRegressor'}",5,"['re_T2W40', 'pe_T2W40', 'l3_T2W40', 'lsc_T2W40', 'density_T2W40']",0.11800779420378003,0.16548637233093816,98.0,0.1417470832673591,0.023739289063579066,0.119025859206918,1.9844674545084815,7.473881649232436,7.651811551789982,98.0,7.562846600511209,0.08896495127877291,0.44605926221705766,1.9844674545084815,completed,True,COMPLETE
