number,value,datetime_start,datetime_complete,duration,params_dt_max_depth,params_dt_min_samples_leaf,params_dt_min_samples_split,params_elastic_alpha,params_elastic_l1_ratio,params_et_max_depth,params_et_max_features,params_et_min_samples_leaf,params_et_min_samples_split,params_et_n_estimators,params_knn_metric,params_knn_n_neighbors,params_knn_weights,params_quantile_alpha,params_regressor,params_rf_max_depth,params_rf_max_features,params_rf_min_samples_leaf,params_rf_min_samples_split,params_rf_n_estimators,params_rfe_n_features,params_rfe_proxy_et_max_depth,params_rfe_proxy_et_min_samples_leaf,params_rfe_proxy_et_min_samples_split,params_rfe_proxy_et_n_estimators,params_rfe_proxy_lsvr_C,params_rfe_proxy_lsvr_epsilon,params_rfe_proxy_type,params_use_scaler,user_attrs_d2mae_ci_lower_val,user_attrs_d2mae_ci_upper_val,user_attrs_d2mae_df_val,user_attrs_d2mae_mean_val,user_attrs_d2mae_samperror_val,user_attrs_d2mae_std_val,user_attrs_d2mae_t_critical_val,user_attrs_mae_ci_lower_val,user_attrs_mae_ci_upper_val,user_attrs_mae_df_val,user_attrs_mae_mean_val,user_attrs_mae_samperror_val,user_attrs_mae_std_val,user_attrs_mae_t_critical_val,user_attrs_mape_ci_lower_val,user_attrs_mape_ci_upper_val,user_attrs_mape_df_val,user_attrs_mape_mean_val,user_attrs_mape_samperror_val,user_attrs_mape_std_val,user_attrs_mape_t_critical_val,user_attrs_max_error_ci_lower_val,user_attrs_max_error_ci_upper_val,user_attrs_max_error_df_val,user_attrs_max_error_mean_val,user_attrs_max_error_samperror_val,user_attrs_max_error_std_val,user_attrs_max_error_t_critical_val,user_attrs_median_ae_ci_lower_val,user_attrs_median_ae_ci_upper_val,user_attrs_median_ae_df_val,user_attrs_median_ae_mean_val,user_attrs_median_ae_samperror_val,user_attrs_median_ae_std_val,user_attrs_median_ae_t_critical_val,user_attrs_n_splits_val,user_attrs_r2_below_zero_val,user_attrs_r2_ci_lower_val,user_attrs_r2_ci_upper_val,user_attrs_r2_df_val,user_attrs_r2_mean_val,user_attrs_r2_samperror_val,user_attrs_r2_std_val,user_attrs_r2_t_critical_val,user_attrs_regressor_final,user_attrs_rfe_estimator,user_attrs_rfe_n_features,user_attrs_rfe_selected_features,user_attrs_rho_ci_lower_val,user_attrs_rho_ci_upper_val,user_attrs_rho_df_val,user_attrs_rho_mean_val,user_attrs_rho_samperror_val,user_attrs_rho_std_val,user_attrs_rho_t_critical_val,user_attrs_rmse_ci_lower_val,user_attrs_rmse_ci_upper_val,user_attrs_rmse_df_val,user_attrs_rmse_mean_val,user_attrs_rmse_samperror_val,user_attrs_rmse_std_val,user_attrs_rmse_t_critical_val,user_attrs_termination_reason,user_attrs_use_scaler_final,state
27,6.470641491435965,2026-06-11 22:02:51.947907,2026-06-11 22:02:53.670586,0 days 00:00:01.722679,,,,,,,,,,,minkowski,20.0,distance,,KNeighborsRegressor,,,,,,2,,,,,7.4910104974988885,0.6592318760277409,LinearSVR,,-0.02913419547712203,-0.009872223769015205,98.0,-0.019503209623068618,0.009630985854053413,0.04828857187838431,1.9844674545084815,6.394283932974274,6.546999049897656,98.0,6.470641491435965,0.07635755846169127,0.3828473539584188,1.9844674545084815,254858832314229.62,514816533880999.25,98.0,384837683097614.44,129978850783384.8,651697881591391.4,1.9844674545084815,17.393523006593142,18.50083820825312,98.0,17.94718060742313,0.5536576008299887,2.7759707322631533,1.9844674545084815,5.824331931022107,6.040242067903017,98.0,5.932286999462562,0.10795506844045438,0.5412733609019658,1.9844674545084815,99.0,0.696969696969697,-0.06340985469907504,-0.027454391224946792,98.0,-0.045432122962010914,0.017977731737064122,0.0901381233812284,1.9844674545084815,KNeighborsRegressor,"{'mode': 'proxy', 'type': 'LinearSVR'}",2,"['pe_T2W40', 'lcc_T2W40']",0.08355206244451738,0.13334655114081864,98.0,0.10844930679266801,0.024897244348150632,0.12483170378382137,1.9844674545084815,7.627430178873907,7.8181417808689,98.0,7.722785979871404,0.09535580099749667,0.4781021922642097,1.9844674545084815,completed,True,COMPLETE
28,7.263231788787344,2026-06-11 22:02:53.682972,2026-06-11 22:02:55.432007,0 days 00:00:01.749035,20.0,5.0,4.0,,,,,,,,,,,,DecisionTreeRegressor,,,,,,3,,,,,,,,False,-0.16542047711802682,-0.12385740114231392,98.0,-0.14463893913017037,0.020781537987856456,0.10419606113818877,1.9844674545084815,7.1259893885095025,7.400474189065186,98.0,7.263231788787344,0.13724240027784193,0.6881164203755259,1.9844674545084815,193416990548543.3,437176013553015.44,98.0,315296502050779.4,121879511502236.06,611088796190173.9,1.9844674545084815,20.110660640885374,21.115417601859537,98.0,20.613039121372456,0.502378480487082,2.518863565243838,1.9844674545084815,6.263034636760511,6.661656721264181,98.0,6.462345679012346,0.19931104225183457,0.9993209143675303,1.9844674545084815,99.0,0.9797979797979798,-0.442361756549398,-0.3519727498881663,98.0,-0.39716725321878216,0.045194503330615886,0.226599649886291,1.9844674545084815,DecisionTreeRegressor,"{'mode': 'original', 'type': 'DecisionTreeRegressor'}",3,"['pe_T2W40', 'lsc_T2W40', 'density_T2W40']",0.043176673466237284,0.10137907816438683,98.0,0.07227787581531206,0.02910120234907478,0.14590982924030266,1.9844674545084815,8.752687630630552,9.053090450787957,98.0,8.902889040709255,0.15020141007870183,0.753091292701617,1.9844674545084815,completed,False,COMPLETE
29,6.575044461020749,2026-06-11 22:02:55.443878,2026-06-11 22:02:57.086023,0 days 00:00:01.642145,,,,0.00016377964907056237,0.8770241030575711,,,,,,,,,,ElasticNet,,,,,,6,,,,,,,,True,-0.04349890942831844,-0.02828776527432919,98.0,-0.035893337351323815,0.007605572076994624,0.03813339771043451,1.9844674545084815,6.506617317211485,6.643471604830013,98.0,6.575044461020749,0.06842714380926367,0.3430852357524233,1.9844674545084815,237450406030073.72,478259315481567.75,98.0,357854860755820.75,120404454725747.03,603693043953012.1,1.9844674545084815,16.52799619506221,17.389299826770344,98.0,16.958648010916278,0.430651815854067,2.159234940177341,1.9844674545084815,6.217185741935335,6.406717151008282,98.0,6.3119514464718085,0.09476570453647301,0.4751435215938205,1.9844674545084815,99.0,0.6767676767676768,-0.06401054372899596,-0.03336525918844002,98.0,-0.04868790145871799,0.01532264227027797,0.07682583318546571,1.9844674545084815,ElasticNet,"{'mode': 'original', 'type': 'ElasticNet'}",6,"['nodes_T2W40', 're_T2W40', 'pe_T2W40', 'density_T2W40', 'diameter_T2W40', 'asp_T2W40']",0.010695714406092058,0.06388179093626078,98.0,0.03728875267117642,0.026593038265084364,0.13333420474163526,1.9844674545084815,7.649073198081341,7.823953229980178,98.0,7.73651321403076,0.08744001594941894,0.4384134250849841,1.9844674545084815,completed,True,COMPLETE
30,6.504524979630778,2026-06-11 22:02:57.098486,2026-06-11 22:02:58.684568,0 days 00:00:01.586082,,,,,,,,,,,,,,,LinearRegression,,,,,,4,,,,,,,,False,-0.031562427142806077,-0.018051673814426916,98.0,-0.024807050478616498,0.006755376664189582,0.03387062306575677,1.9844674545084815,6.441288803999163,6.567761155262393,98.0,6.504524979630778,0.06323617563161454,0.3170583633466957,1.9844674545084815,243175148957180.2,489462487990685.7,98.0,366318818473932.94,123143669516752.77,617427128119499.0,1.9844674545084815,16.18765232752957,16.944958587052845,98.0,16.566305457291207,0.3786531297616364,1.8985199594883089,1.9844674545084815,6.227753604049237,6.404682397565015,98.0,6.316218000807126,0.08846439675788906,0.4435495437596707,1.9844674545084815,99.0,0.5757575757575758,-0.032037118742015494,-0.007281758914908273,98.0,-0.019659438828461884,0.01237767991355361,0.062060156172040463,1.9844674545084815,LinearRegression,"{'mode': 'original', 'type': 'LinearRegression'}",4,"['pe_T2W40', 'l2_T2W40', 'atd_T2W40', 'density_T2W40']",0.04087328526801424,0.09266624875021781,98.0,0.06676976700911602,0.025896481741101783,0.12984175648292104,1.9844674545084815,7.548824993874499,7.71273265143469,98.0,7.6307788226545945,0.08195382878009523,0.41090636116871215,1.9844674545084815,completed,False,COMPLETE
31,6.38047138047138,2026-06-11 22:02:58.696585,2026-06-11 22:03:00.829363,0 days 00:00:02.132778,,,,,,,,,,,,,,0.12320722709198388,QuantileRegressor,,,,,,4,,,,,,,,False,-0.006739423823159125,-0.0034599270204304375,98.0,-0.005099675421794781,0.0016397484013643434,0.008221495674653363,1.9844674545084815,6.3279254036210935,6.433017357321666,98.0,6.38047138047138,0.05254597685028612,0.2634590288580947,1.9844674545084815,232190633337363.06,467358399690782.7,98.0,349774516514072.9,117583883176709.8,589551047064242.2,1.9844674545084815,17.069855072273906,17.758427756008924,98.0,17.414141414141415,0.3442863418675072,1.726209135591044,1.9844674545084815,5.910123842569233,6.049472117026728,98.0,5.97979797979798,0.06967413722874735,0.3493375065252297,1.9844674545084815,99.0,1.0,-0.027809265311034462,-0.021834433071390977,98.0,-0.02482184919121272,0.0029874161198217442,0.014978534930766415,1.9844674545084815,QuantileRegressor,"{'mode': 'original', 'type': 'QuantileRegressor'}",4,"['atd_T2W40', 'density_T2W40', 'diameter_T2W40', 'asp_T2W40']",,,,,,,,7.578214388760596,7.7318957326818065,98.0,7.655055060721201,0.07684067196060543,0.385269625288816,1.9844674545084815,completed,False,COMPLETE
32,6.38047138047138,2026-06-11 22:03:00.842083,2026-06-11 22:03:02.900406,0 days 00:00:02.058323,,,,,,,,,,,,,,0.24314957484189073,QuantileRegressor,,,,,,4,,,,,,,,False,-0.006739423823159125,-0.0034599270204304375,98.0,-0.005099675421794781,0.0016397484013643434,0.008221495674653363,1.9844674545084815,6.3279254036210935,6.433017357321666,98.0,6.38047138047138,0.05254597685028612,0.2634590288580947,1.9844674545084815,232190633337363.06,467358399690782.7,98.0,349774516514072.9,117583883176709.8,589551047064242.2,1.9844674545084815,17.069855072273906,17.758427756008924,98.0,17.414141414141415,0.3442863418675072,1.726209135591044,1.9844674545084815,5.910123842569233,6.049472117026728,98.0,5.97979797979798,0.06967413722874735,0.3493375065252297,1.9844674545084815,99.0,1.0,-0.027809265311034462,-0.021834433071390977,98.0,-0.02482184919121272,0.0029874161198217442,0.014978534930766415,1.9844674545084815,QuantileRegressor,"{'mode': 'original', 'type': 'QuantileRegressor'}",4,"['atd_T2W40', 'density_T2W40', 'diameter_T2W40', 'asp_T2W40']",,,,,,,,7.578214388760596,7.7318957326818065,98.0,7.655055060721201,0.07684067196060543,0.385269625288816,1.9844674545084815,completed,False,COMPLETE
33,6.433854528749873,2026-06-11 22:03:02.913275,2026-06-11 22:03:05.044457,0 days 00:00:02.131182,,,,,,,,,,,,,,0.006704397696849352,QuantileRegressor,,,,,,3,,,,,,,,False,-0.021208927581507577,-0.006179989454588193,98.0,-0.013694458518047885,0.0075144690634596925,0.037676618468508054,1.9844674545084815,6.367993290993974,6.499715766505773,98.0,6.433854528749873,0.0658612377558998,0.3302201001610451,1.9844674545084815,199381735813546.5,403792117125228.0,98.0,301586926469387.25,102205190655840.73,512444184854802.8,1.9844674545084815,17.11794535167797,17.91079999581852,98.0,17.514372673748245,0.39642732207027354,1.9876375613498691,1.9844674545084815,5.793873418675165,6.013349878124272,98.0,5.9036116483997185,0.1097382297245535,0.5502139110328469,1.9844674545084815,99.0,0.696969696969697,-0.06218023159280189,-0.029086740576067072,98.0,-0.04563348608443448,0.01654674550836741,0.08296333541989866,1.9844674545084815,QuantileRegressor,"{'mode': 'original', 'type': 'QuantileRegressor'}",3,"['re_T2W40', 'pe_T2W40', 'lcc_T2W40']",0.06158491053435944,0.11122328787371255,98.0,0.086404099204036,0.024819188669676553,0.12444034226615022,1.9844674545084815,7.636353745503166,7.8106131654948525,98.0,7.723483455499009,0.08712970999584362,0.43685758941347735,1.9844674545084815,completed,False,COMPLETE
34,6.500445122639695,2026-06-11 22:03:05.056794,2026-06-11 22:03:06.682437,0 days 00:00:01.625643,,,,0.000123469869878032,0.9566761854597826,,,,,,,,,,ElasticNet,,,,,,4,,,,,,,,False,-0.030711641513232375,-0.01753156901955565,98.0,-0.024121605266394012,0.006590036246838364,0.033041626663035846,1.9844674545084815,6.436605577641747,6.564284667637643,98.0,6.500445122639695,0.06383954499794758,0.320083582722667,1.9844674545084815,238886556364251.25,480738412979069.6,98.0,359812484671660.44,120925928307409.2,606307647993799.4,1.9844674545084815,16.144718870702455,16.999869333748954,98.0,16.572294102225705,0.42757523152324817,2.14380932686527,1.9844674545084815,6.246623255678022,6.423730458921501,98.0,6.3351768572997615,0.08855360162173906,0.4439968059138467,1.9844674545084815,99.0,0.5555555555555556,-0.027391723678262335,-0.0011850860099037637,98.0,-0.01428840484408305,0.013103318834179286,0.06569841997051118,1.9844674545084815,ElasticNet,"{'mode': 'original', 'type': 'ElasticNet'}",4,"['pe_T2W40', 'atd_T2W40', 'density_T2W40', 'asp_T2W40']",0.0467669624843742,0.10040817461901747,98.0,0.07358756855169583,0.026820606067321628,0.13447520155567536,1.9844674545084815,7.526984705531374,7.6929680542286825,98.0,7.609976379880028,0.08299167434865408,0.4161099904851153,1.9844674545084815,completed,False,COMPLETE
35,6.490012407563663,2026-06-11 22:03:06.695713,2026-06-11 22:03:28.313621,0 days 00:00:21.617908,,,,,,2.0,log2,1.0,2.0,441.0,,,,,ExtraTreesRegressor,,,,,,12,,,,,,,,False,-0.025974974988749705,-0.019085556683330132,98.0,-0.02253026583603992,0.003444709152709787,0.017271345638073695,1.9844674545084815,6.4386565468467065,6.541368268280619,98.0,6.490012407563663,0.05135586071695613,0.2574919337632822,1.9844674545084815,248187933562880.0,499329007690289.25,98.0,373758470626584.6,125570537063704.64,629595141836493.8,1.9844674545084815,15.851468022291064,16.473212562482598,98.0,16.16234029238683,0.31087227009576673,1.558675112496192,1.9844674545084815,6.245016145896655,6.398248055572345,98.0,6.3216321007345,0.0766159548378447,0.3841429214290892,1.9844674545084815,99.0,0.5353535353535354,-0.009991981170960389,-0.0006485107677748148,98.0,-0.005320245969367602,0.004671735201592787,0.023423502484322147,1.9844674545084815,ExtraTreesRegressor,"{'mode': 'original', 'type': 'ExtraTreesRegressor'}",12,"['nodes_T2W40', 'edges_T2W40', 're_T2W40', 'pe_T2W40', 'l1_T2W40', 'l2_T2W40', 'l3_T2W40', 'lcc_T2W40', 'lsc_T2W40', 'density_T2W40', 'diameter_T2W40', 'asp_T2W40']",0.006547488647149605,0.05925262959653725,98.0,0.03290005912184343,0.02635257047469382,0.13212852898251007,1.9844674545084815,7.509716348497165,7.649863460446487,98.0,7.579789904471826,0.07007355597466065,0.35134014271573877,1.9844674545084815,completed,False,COMPLETE
36,6.51364087396788,2026-06-11 22:03:28.326020,2026-06-11 22:03:29.978809,0 days 00:00:01.652789,,,,,,,,,,,,,,,LinearRegression,,,,,,2,,,,,,,,False,-0.03125132380834164,-0.021333883318046944,98.0,-0.02629260356319429,0.004958720245147347,0.02486240999739601,1.9844674545084815,6.45887141571132,6.56841033222444,98.0,6.51364087396788,0.05476945825655975,0.27460728962123415,1.9844674545084815,239501603834471.38,482006510073643.1,98.0,360754056954057.25,121252453119585.89,607944803016328.5,1.9844674545084815,15.747148345284762,16.325608142571227,98.0,16.036378243927995,0.28922989864323273,1.4501629388369877,1.9844674545084815,6.174556853660863,6.348207961165097,98.0,6.26138240741298,0.08682555375211748,0.435332587626537,1.9844674545084815,99.0,0.6060606060606061,-0.03245350168387641,-0.012479249575655662,98.0,-0.022466375629766035,0.009987126054110373,0.05007421479281085,1.9844674545084815,LinearRegression,"{'mode': 'original', 'type': 'LinearRegression'}",2,"['atd_T2W40', 'density_T2W40']",0.027746410497978737,0.08362405784119029,98.0,0.05568523416958451,0.027938823671605776,0.14008180631851216,1.9844674545084815,7.56867358854165,7.714278389428712,98.0,7.641475988985181,0.07280240044353084,0.3650222313696756,1.9844674545084815,completed,False,COMPLETE
37,6.391470258136925,2026-06-11 22:03:29.990790,2026-06-11 22:03:32.103815,0 days 00:00:02.113025,,,,,,,,,,,,,,0.20449948762959788,QuantileRegressor,,,,,,3,,,,,,,,True,-0.008748128741513305,-0.0049158613930980165,98.0,-0.006831995067305661,0.0019161336742076437,0.0096072572483975,1.9844674545084815,6.338444163633581,6.444496352640269,98.0,6.391470258136925,0.05302609450334353,0.2658662793879027,1.9844674545084815,233523302251430.22,470069366805779.9,98.0,351796334528605.06,118273032277174.84,593006355417615.5,1.9844674545084815,16.95822036764024,17.64784023842037,98.0,17.303030303030305,0.3448099353900654,1.7288343687532826,1.9844674545084815,5.9145229356457625,6.0854770643542375,98.0,6.0,0.08547706435423776,0.4285714285714286,1.9844674545084815,99.0,0.98989898989899,-0.024832567099994665,-0.01850560744357988,98.0,-0.021669087271787273,0.0031634798282073923,0.015861296588440023,1.9844674545084815,QuantileRegressor,"{'mode': 'original', 'type': 'QuantileRegressor'}",3,"['density_T2W40', 'diameter_T2W40', 'asp_T2W40']",,,,,,,,7.566771732897841,7.719486545370181,98.0,7.643129139134011,0.07635740623616992,0.3828465907184825,1.9844674545084815,completed,True,COMPLETE
38,6.409688965194419,2026-06-11 22:03:32.116675,2026-06-11 22:04:01.585922,0 days 00:00:29.469247,,,,,,,,,,,,,,,RandomForestRegressor,2.0,,1.0,12.0,353.0,6,,,,,,,,False,-0.016651827321557632,-0.0030383039680444883,98.0,-0.00984506564480106,0.0068067616767565715,0.03412826116329052,1.9844674545084815,6.345923752043085,6.473454178345753,98.0,6.409688965194419,0.06376521315133431,0.3197108920373695,1.9844674545084815,250239060685134.53,504606407778389.25,98.0,377422734231761.9,127183673546627.34,637683208643535.4,1.9844674545084815,16.032273196139503,16.607137416180844,98.0,16.319705306160174,0.2874321100206715,1.4411490490402177,1.9844674545084815,5.938217731997828,6.126597397735616,98.0,6.032407564866722,0.09418983286889401,0.4722561722783909,1.9844674545084815,99.0,0.47474747474747475,-0.015377909495517704,0.007992333997639068,98.0,-0.003692787748939318,0.011685121746578386,0.05858775518083039,1.9844674545084815,RandomForestRegressor,"{'mode': 'original', 'type': 'RandomForestRegressor'}",6,"['re_T2W40', 'pe_T2W40', 'l2_T2W40', 'l3_T2W40', 'lsc_T2W40', 'density_T2W40']",0.10612717914163922,0.15349486617772035,98.0,0.12981102265967978,0.023683843518040558,0.11874786209928591,1.9844674545084815,7.491527197654262,7.649722412619665,98.0,7.570624805136964,0.07909760748270168,0.3965856208509687,1.9844674545084815,completed,False,COMPLETE
39,6.412719149004002,2026-06-11 22:04:01.598427,2026-06-11 22:04:08.239721,0 days 00:00:06.641294,,,,,,20.0,,1.0,12.0,99.0,,,,,ExtraTreesRegressor,,,,,,3,,,,,,,,False,-0.020581210134888665,-0.00013948102150194465,98.0,-0.010360345578195304,0.01022086455669336,0.051246150735170706,1.9844674545084815,6.3335513437967785,6.491886954211226,98.0,6.412719149004002,0.07916780520722345,0.39693758355942194,1.9844674545084815,238864736289832.9,485912631923678.25,98.0,362388684106755.56,123523947816922.66,619333796482407.6,1.9844674545084815,16.943782254742402,17.90291841617009,98.0,17.423350335456245,0.4795680807138447,2.4044950420504345,1.9844674545084815,5.834318140393603,6.050110696889088,98.0,5.9422144186413455,0.1078962782477425,0.5409785941470839,1.9844674545084815,99.0,0.5656565656565656,-0.03896905203644642,0.00018950048472657008,98.0,-0.019389775775859926,0.019579276260586496,0.09816806953757065,1.9844674545084815,ExtraTreesRegressor,"{'mode': 'original', 'type': 'ExtraTreesRegressor'}",3,"['pe_T2W40', 'lsc_T2W40', 'density_T2W40']",0.09175455552823913,0.15029594919941108,98.0,0.12102525236382511,0.029270696835585978,0.146759653632002,1.9844674545084815,7.52731109709353,7.719140550696481,98.0,7.623225823895005,0.09591472680147581,0.48090457711547296,1.9844674545084815,completed,False,COMPLETE
40,6.464873009426621,2026-06-11 22:04:08.252572,2026-06-11 22:04:10.466983,0 days 00:00:02.214411,,,,,,,,,,,,,,0.014394263346415512,QuantileRegressor,,,,,,6,,,,,,,,True,-0.026709126185686764,-0.010436403610325317,98.0,-0.01857276489800604,0.008136361287680723,0.040794709162958256,1.9844674545084815,6.395932503155243,6.533813515697999,98.0,6.464873009426621,0.06894050627137784,0.3456591716430083,1.9844674545084815,223919165704462.97,450940296853725.75,98.0,337429731279094.4,113510565574631.4,569127936409514.5,1.9844674545084815,17.1626796475415,18.05492657415625,98.0,17.608803110848875,0.4461234633073782,2.236807866921056,1.9844674545084815,6.023737176656478,6.239430922053498,98.0,6.131584049354988,0.10784687269850998,0.5407308808338823,1.9844674545084815,99.0,0.6767676767676768,-0.0592447282023638,-0.02551575780264262,98.0,-0.04238024300250321,0.016864485199860592,0.08455644293389492,1.9844674545084815,QuantileRegressor,"{'mode': 'original', 'type': 'QuantileRegressor'}",6,"['pe_T2W40', 'l1_T2W40', 'l2_T2W40', 'density_T2W40', 'diameter_T2W40', 'asp_T2W40']",0.05394349134304365,0.10650755212361729,98.0,0.08022552173333047,0.02628203039028682,0.13177484972393644,1.9844674545084815,7.6205496766792,7.804198318394501,98.0,7.712373997536851,0.09182432085765081,0.46039578762877337,1.9844674545084815,completed,True,COMPLETE
41,6.38047138047138,2026-06-11 22:04:10.479759,2026-06-11 22:04:12.656513,0 days 00:00:02.176754,,,,,,,,,,,,,,0.23721873423571502,QuantileRegressor,,,,,,4,,,,,,,,False,-0.006739423823159125,-0.0034599270204304375,98.0,-0.005099675421794781,0.0016397484013643434,0.008221495674653363,1.9844674545084815,6.3279254036210935,6.433017357321666,98.0,6.38047138047138,0.05254597685028612,0.2634590288580947,1.9844674545084815,232190633337363.06,467358399690782.7,98.0,349774516514072.9,117583883176709.8,589551047064242.2,1.9844674545084815,17.069855072273906,17.758427756008924,98.0,17.414141414141415,0.3442863418675072,1.726209135591044,1.9844674545084815,5.910123842569233,6.049472117026728,98.0,5.97979797979798,0.06967413722874735,0.3493375065252297,1.9844674545084815,99.0,1.0,-0.027809265311034462,-0.021834433071390977,98.0,-0.02482184919121272,0.0029874161198217442,0.014978534930766415,1.9844674545084815,QuantileRegressor,"{'mode': 'original', 'type': 'QuantileRegressor'}",4,"['atd_T2W40', 'density_T2W40', 'diameter_T2W40', 'asp_T2W40']",,,,,,,,7.578214388760596,7.7318957326818065,98.0,7.655055060721201,0.07684067196060543,0.385269625288816,1.9844674545084815,completed,False,COMPLETE
