number,value,datetime_start,datetime_complete,duration,params_dt_max_depth,params_dt_min_samples_leaf,params_dt_min_samples_split,params_elastic_alpha,params_elastic_l1_ratio,params_et_max_depth,params_et_max_features,params_et_min_samples_leaf,params_et_min_samples_split,params_et_n_estimators,params_knn_metric,params_knn_n_neighbors,params_knn_weights,params_quantile_alpha,params_regressor,params_rf_max_depth,params_rf_max_features,params_rf_min_samples_leaf,params_rf_min_samples_split,params_rf_n_estimators,params_rfe_n_features,params_rfe_proxy_et_max_depth,params_rfe_proxy_et_min_samples_leaf,params_rfe_proxy_et_min_samples_split,params_rfe_proxy_et_n_estimators,params_rfe_proxy_lsvr_C,params_rfe_proxy_lsvr_epsilon,params_rfe_proxy_type,params_use_scaler,user_attrs_d2mae_ci_lower_val,user_attrs_d2mae_ci_upper_val,user_attrs_d2mae_df_val,user_attrs_d2mae_mean_val,user_attrs_d2mae_samperror_val,user_attrs_d2mae_std_val,user_attrs_d2mae_t_critical_val,user_attrs_mae_ci_lower_val,user_attrs_mae_ci_upper_val,user_attrs_mae_df_val,user_attrs_mae_mean_val,user_attrs_mae_samperror_val,user_attrs_mae_std_val,user_attrs_mae_t_critical_val,user_attrs_mape_ci_lower_val,user_attrs_mape_ci_upper_val,user_attrs_mape_df_val,user_attrs_mape_mean_val,user_attrs_mape_samperror_val,user_attrs_mape_std_val,user_attrs_mape_t_critical_val,user_attrs_max_error_ci_lower_val,user_attrs_max_error_ci_upper_val,user_attrs_max_error_df_val,user_attrs_max_error_mean_val,user_attrs_max_error_samperror_val,user_attrs_max_error_std_val,user_attrs_max_error_t_critical_val,user_attrs_median_ae_ci_lower_val,user_attrs_median_ae_ci_upper_val,user_attrs_median_ae_df_val,user_attrs_median_ae_mean_val,user_attrs_median_ae_samperror_val,user_attrs_median_ae_std_val,user_attrs_median_ae_t_critical_val,user_attrs_n_splits_val,user_attrs_r2_below_zero_val,user_attrs_r2_ci_lower_val,user_attrs_r2_ci_upper_val,user_attrs_r2_df_val,user_attrs_r2_mean_val,user_attrs_r2_samperror_val,user_attrs_r2_std_val,user_attrs_r2_t_critical_val,user_attrs_regressor_final,user_attrs_rfe_estimator,user_attrs_rfe_n_features,user_attrs_rfe_selected_features,user_attrs_rho_ci_lower_val,user_attrs_rho_ci_upper_val,user_attrs_rho_df_val,user_attrs_rho_mean_val,user_attrs_rho_samperror_val,user_attrs_rho_std_val,user_attrs_rho_t_critical_val,user_attrs_rmse_ci_lower_val,user_attrs_rmse_ci_upper_val,user_attrs_rmse_df_val,user_attrs_rmse_mean_val,user_attrs_rmse_samperror_val,user_attrs_rmse_std_val,user_attrs_rmse_t_critical_val,user_attrs_termination_reason,user_attrs_use_scaler_final,state
280,6.2820318933753505,2026-06-11 23:43:31.771252,2026-06-11 23:43:57.195511,0 days 00:00:25.424259,,,,,,,,,,,,,,,RandomForestRegressor,13.0,sqrt,3.0,5.0,294.0,2,,,,,,,,True,-0.0015433694899913593,0.022780672758065668,98.0,0.010618651634037154,0.012162021124028513,0.060978869674791054,1.9844674545084815,6.186859237682496,6.377204549068205,98.0,6.2820318933753505,0.09517265569285425,0.4771839243587811,1.9844674545084815,239639899038725.2,484839177333726.06,98.0,362239538186225.6,122599639147500.45,614699427135636.9,1.9844674545084815,16.07505516794719,16.685646381325547,98.0,16.38035077463637,0.30529560668917644,1.5307144119166811,1.9844674545084815,5.584115358811557,5.8568240796225695,98.0,5.720469719217063,0.1363543604055058,0.6836638982914938,1.9844674545084815,99.0,0.5050505050505051,-0.021957543808303906,0.020390229857723166,98.0,-0.0007836569752903688,0.021173886833013536,0.1061632497207361,1.9844674545084815,RandomForestRegressor,"{'mode': 'original', 'type': 'RandomForestRegressor'}",2,"['re_T2W40', 'lsc_T2W40']",0.1920685882723337,0.24232214413128694,98.0,0.21719536620181032,0.025126777929476634,0.12598255677107797,1.9844674545084815,7.447416278876442,7.658891605767197,98.0,7.55315394232182,0.10573766344537691,0.5301555665130121,1.9844674545084815,completed,True,COMPLETE
281,6.281893511448879,2026-06-11 23:43:57.209616,2026-06-11 23:44:22.167630,0 days 00:00:24.958014,,,,,,,,,,,,,,,RandomForestRegressor,13.0,sqrt,3.0,5.0,293.0,2,,,,,,,,True,-0.001525397317928433,0.022811527967769973,98.0,0.010643065324920771,0.012168462642849204,0.06101116665344853,1.9844674545084815,6.186646141683011,6.377140881214747,98.0,6.281893511448879,0.09524736976586846,0.4775585314799779,1.9844674545084815,239777637621209.56,485124778134123.7,98.0,362451207877666.6,122673570256457.06,615070108571888.5,1.9844674545084815,16.075047085408357,16.68584305849634,98.0,16.380445071952348,0.3053979865439906,1.5312277318460223,1.9844674545084815,5.58467435328061,5.858098317084723,98.0,5.721386335182666,0.13671198190205686,0.6854569682433298,1.9844674545084815,99.0,0.494949494949495,-0.021882893292170705,0.020457340004401775,98.0,-0.0007127766438844662,0.02117011664828624,0.10614434648082301,1.9844674545084815,RandomForestRegressor,"{'mode': 'original', 'type': 'RandomForestRegressor'}",2,"['re_T2W40', 'lsc_T2W40']",0.19184710013373107,0.24192500203374234,98.0,0.2168860510837367,0.025038950950005644,0.12554220315875683,1.9844674545084815,7.447126020871109,7.658689696175796,98.0,7.552907858523453,0.10578183765234317,0.5303770505231212,1.9844674545084815,completed,True,COMPLETE
282,6.282445805737557,2026-06-11 23:44:22.181299,2026-06-11 23:44:46.731070,0 days 00:00:24.549771,,,,,,,,,,,,,,,RandomForestRegressor,12.0,sqrt,3.0,5.0,286.0,2,,,,,,,,True,-0.0016487827783257074,0.02273932706466047,98.0,0.010545272143167382,0.01219405492149309,0.06113948317322691,1.9844674545084815,6.187253934867634,6.377637676607479,98.0,6.282445805737557,0.0951918708699228,0.4772802668800028,1.9844674545084815,239833712665724.2,485196169430728.94,98.0,362514941048226.56,122681228382502.38,615108505468696.0,1.9844674545084815,16.068915440917703,16.68376966930531,98.0,16.376342555111506,0.30742711419380414,1.5414015269126202,1.9844674545084815,5.5919834129134545,5.863745965066001,98.0,5.727864688989728,0.13588127607627315,0.681291911977437,1.9844674545084815,99.0,0.494949494949495,-0.021958276047331842,0.020471470376539628,98.0,-0.0007434028353961066,0.021214873211935735,0.10636875035531407,1.9844674545084815,RandomForestRegressor,"{'mode': 'original', 'type': 'RandomForestRegressor'}",2,"['re_T2W40', 'lsc_T2W40']",0.19292464649623758,0.24311257225946953,98.0,0.21801860937785356,0.02509396288161598,0.12581802617978394,1.9844674545084815,7.447214497636288,7.658609529488205,98.0,7.5529120135622465,0.10569751592595766,0.5299542718162289,1.9844674545084815,completed,True,COMPLETE
283,6.282253740150348,2026-06-11 23:44:46.758804,2026-06-11 23:45:11.732848,0 days 00:00:24.974044,,,,,,,,,,,,,,,RandomForestRegressor,14.0,sqrt,3.0,5.0,290.0,2,,,,,,,,True,-0.0015964917902853305,0.02275246966636755,98.0,0.01057798893804111,0.01217448072832644,0.06104134058969365,1.9844674545084815,6.187109819048943,6.377397661251753,98.0,6.282253740150348,0.0951439211014054,0.4770398526712509,1.9844674545084815,239726641616024.03,485010612862307.9,98.0,362368627239165.94,122641985623141.9,614911747126943.6,1.9844674545084815,16.073199289619705,16.68522983045955,98.0,16.379214560039628,0.3060152704199229,1.5343227168521296,1.9844674545084815,5.585797283207436,5.857969791468729,98.0,5.7218835373380825,0.13608625413064723,0.6823196465896698,1.9844674545084815,99.0,0.494949494949495,-0.021896054454334218,0.020454673272331445,98.0,-0.0007206905910013867,0.02117536386333283,0.10617065536807281,1.9844674545084815,RandomForestRegressor,"{'mode': 'original', 'type': 'RandomForestRegressor'}",2,"['re_T2W40', 'lsc_T2W40']",0.19287156143481327,0.24285634658852173,98.0,0.2178639540116675,0.024992392576854223,0.1253087652342772,1.9844674545084815,7.4472483298845455,7.658488762034174,98.0,7.55286854595936,0.10562021607481376,0.5295666999233078,1.9844674545084815,completed,True,COMPLETE
284,6.2841015896964425,2026-06-11 23:45:11.745594,2026-06-11 23:45:36.067113,0 days 00:00:24.321519,,,,,,,,,,,,,,,RandomForestRegressor,14.0,sqrt,3.0,5.0,284.0,2,,,,,,,,True,-0.0019050578805379914,0.022471324474547447,98.0,0.010283133297004728,0.01218819117754272,0.061110083086308005,1.9844674545084815,6.188943619732101,6.379259559660784,98.0,6.2841015896964425,0.09515796996434084,0.47711029193239685,1.9844674545084815,239848455712961.78,485231297148995.9,98.0,362539876430978.8,122691420718017.03,615159608578343.0,1.9844674545084815,16.069722269663572,16.685262737731996,98.0,16.377492503697784,0.30777023403421205,1.5431218873541694,1.9844674545084815,5.590878092599171,5.863907742564383,98.0,5.727392917581777,0.13651482498260561,0.684468447834255,1.9844674545084815,99.0,0.5050505050505051,-0.022517448763497917,0.019934178654158075,98.0,-0.0012916350546699198,0.021225813708827996,0.10642360465357315,1.9844674545084815,RandomForestRegressor,"{'mode': 'original', 'type': 'RandomForestRegressor'}",2,"['re_T2W40', 'lsc_T2W40']",0.1918644963690285,0.24206235847145477,98.0,0.21696342742024163,0.025098931051213143,0.12584293596766363,1.9844674545084815,7.4492635873283195,7.660668317619576,98.0,7.554965952473948,0.10570236514562871,0.5299785852038912,1.9844674545084815,completed,True,COMPLETE
285,6.283140022111676,2026-06-11 23:45:36.079886,2026-06-11 23:46:00.519109,0 days 00:00:24.439223,,,,,,,,,,,,,,,RandomForestRegressor,14.0,sqrt,3.0,6.0,287.0,2,,,,,,,,True,-0.001753913441946156,0.022629124549941565,98.0,0.010437605553997704,0.01219151899594386,0.06112676835617517,1.9844674545084815,6.187928068516295,6.378351975707058,98.0,6.283140022111676,0.09521195359538125,0.47738095918155016,1.9844674545084815,239800397317548.7,485145653181174.94,98.0,362473025249361.8,122672627931813.11,615065383872673.8,1.9844674545084815,16.07020463861256,16.68459511134523,98.0,16.377399874978895,0.3071952363663362,1.5402389201651523,1.9844674545084815,5.5901419221482165,5.862234293399785,98.0,5.726188107774001,0.13604618562578447,0.6821187480621,1.9844674545084815,99.0,0.494949494949495,-0.022159422590248775,0.020245490284407742,98.0,-0.0009569661529205165,0.02120245643732826,0.10630649418318205,1.9844674545084815,RandomForestRegressor,"{'mode': 'original', 'type': 'RandomForestRegressor'}",2,"['re_T2W40', 'lsc_T2W40']",0.1925974696572135,0.24269325867280897,98.0,0.21764536416501123,0.025047894507797746,0.1255870450513561,1.9844674545084815,7.448037548265448,7.659448438947546,98.0,7.553742993606497,0.10570544534104892,0.5299940289227588,1.9844674545084815,completed,True,COMPLETE
286,6.281095296690387,2026-06-11 23:46:00.532735,2026-06-11 23:46:26.828642,0 days 00:00:26.295907,,,,,,,,,,,,,,,RandomForestRegressor,12.0,sqrt,3.0,5.0,309.0,2,,,,,,,,True,-0.0013909825277527259,0.022934706078944506,98.0,0.01077186177559589,0.012162844303348616,0.06098299699408837,1.9844674545084815,6.185823655021072,6.376366938359701,98.0,6.281095296690387,0.09527164166931476,0.4776802278018241,1.9844674545084815,239358547373353.38,484275050375053.6,98.0,361816798874203.5,122458251500850.11,613990526962648.1,1.9844674545084815,16.073219641813328,16.683342840120392,98.0,16.37828124096686,0.3050615991535326,1.529541127075829,1.9844674545084815,5.583293678175472,5.854719166251306,98.0,5.719006422213389,0.13571274403791764,0.6804469131817513,1.9844674545084815,99.0,0.494949494949495,-0.021875327965554327,0.02052289349107139,98.0,-0.000676217237241468,0.021199110728312858,0.10628971921198778,1.9844674545084815,RandomForestRegressor,"{'mode': 'original', 'type': 'RandomForestRegressor'}",2,"['re_T2W40', 'lsc_T2W40']",0.19179396831541567,0.2421802816787353,98.0,0.21698712499707548,0.025193156681659803,0.12631537162456938,1.9844674545084815,7.446785208536431,7.658800822663622,98.0,7.5527930156000265,0.10600780706359524,0.5315100332024562,1.9844674545084815,completed,True,COMPLETE
287,6.281509172450393,2026-06-11 23:46:26.841413,2026-06-11 23:46:53.212161,0 days 00:00:26.370748,,,,,,,,,,,,,,,RandomForestRegressor,12.0,sqrt,3.0,5.0,310.0,2,,,,,,,,True,-0.001456349262418095,0.022868522825881393,98.0,0.01070608678173165,0.012162436044149745,0.06098095003296014,1.9844674545084815,6.186249497762897,6.37676884713789,98.0,6.281509172450393,0.09525967468749647,0.47762022683510513,1.9844674545084815,239210375222952.16,483979527488237.6,98.0,361594951355594.9,122384576132642.72,613621127778882.1,1.9844674545084815,16.076609798821643,16.686452615536993,98.0,16.381531207179318,0.30492140835767395,1.528838227764679,1.9844674545084815,5.582604554124471,5.853705821534126,98.0,5.718155187829298,0.13555063370482712,0.6796341120220056,1.9844674545084815,99.0,0.494949494949495,-0.02201488861126548,0.020377349648206484,98.0,-0.000818769481529499,0.021196119129735982,0.10627471970673465,1.9844674545084815,RandomForestRegressor,"{'mode': 'original', 'type': 'RandomForestRegressor'}",2,"['re_T2W40', 'lsc_T2W40']",0.19220120017863454,0.2425955021561018,98.0,0.21739835116736816,0.02519715098873362,0.1263353985862077,1.9844674545084815,7.447358309773843,7.6592892255894505,98.0,7.553323767681647,0.1059654579078034,0.5312976997732068,1.9844674545084815,completed,True,COMPLETE
288,6.284282533675881,2026-06-11 23:46:53.225842,2026-06-11 23:47:16.500217,0 days 00:00:23.274375,,,,,,,,,,,,,,,RandomForestRegressor,12.0,sqrt,3.0,5.0,270.0,2,,,,,,,,True,-0.002020123915791686,0.022521511645866,98.0,0.010250693865037156,0.012270817780828842,0.061524362655638855,1.9844674545084815,6.188771281157101,6.379793786194662,98.0,6.284282533675881,0.09551125251878019,0.47888160696514026,1.9844674545084815,239603275725121.38,484680490654792.4,98.0,362141883189956.9,122538607464835.48,614393421827365.6,1.9844674545084815,16.07071879381631,16.68652007139937,98.0,16.37861943260784,0.3079006387915298,1.5437757206784466,1.9844674545084815,5.597869279479023,5.872445327770076,98.0,5.73515730362455,0.13728802414552618,0.688345172805176,1.9844674545084815,99.0,0.5050505050505051,-0.0227737053169298,0.019919816660170113,98.0,-0.0014269443283798442,0.021346760988549957,0.10703001935491867,1.9844674545084815,RandomForestRegressor,"{'mode': 'original', 'type': 'RandomForestRegressor'}",2,"['re_T2W40', 'lsc_T2W40']",0.19111939392259378,0.24188402146875385,98.0,0.2165017076956738,0.02538231377308004,0.12726378188534324,1.9844674545084815,7.449419739212506,7.661220201808365,98.0,7.5553199705104355,0.10590023129792922,0.5309706616187517,1.9844674545084815,completed,True,COMPLETE
289,6.28109645337748,2026-06-11 23:47:16.513644,2026-06-11 23:47:42.516194,0 days 00:00:26.002550,,,,,,,,,,,,,,,RandomForestRegressor,12.0,sqrt,3.0,6.0,308.0,2,,,,,,,,True,-0.0013979575772577225,0.022939950210436794,98.0,0.010770996316589536,0.012168953893847258,0.06101362972519315,1.9844674545084815,6.185800725284398,6.376392181470562,98.0,6.28109645337748,0.09529572809308177,0.4778009941514993,1.9844674545084815,239368173687787.38,484299045676305.0,98.0,361833609682046.2,122465435994258.83,614026549123996.2,1.9844674545084815,16.07384006490404,16.683530649851605,98.0,16.378685357377822,0.3048452924737809,1.5284565921371167,1.9844674545084815,5.582635402386986,5.8545243244941005,98.0,5.718579863440543,0.1359444610535576,0.6816087136386034,1.9844674545084815,99.0,0.494949494949495,-0.021924090780871815,0.020506756401721764,98.0,-0.000708667189575027,0.02121542359129679,0.10637150988935755,1.9844674545084815,RandomForestRegressor,"{'mode': 'original', 'type': 'RandomForestRegressor'}",2,"['re_T2W40', 'lsc_T2W40']",0.19206016836089407,0.24244479888721476,98.0,0.21725248362405442,0.025192315263160348,0.12631115285628267,1.9844674545084815,7.446852530336748,7.658940574779597,98.0,7.552896552558172,0.10604402222142487,0.5316916115245972,1.9844674545084815,completed,True,COMPLETE
290,6.2817407373784695,2026-06-11 23:47:42.529442,2026-06-11 23:48:08.879404,0 days 00:00:26.349962,,,,,,,,,,,,,,,RandomForestRegressor,12.0,sqrt,3.0,6.0,311.0,2,,,,,,,,True,-0.0014997935734414707,0.022841410490006882,98.0,0.010670808458282706,0.012170602031724176,0.06102189328466059,1.9844674545084815,6.186421470688116,6.377060004068823,98.0,6.2817407373784695,0.09531926669035315,0.47791901376688234,1.9844674545084815,239199670342977.88,483971464405111.75,98.0,361585567374044.8,122385897031066.92,613627750600207.8,1.9844674545084815,16.07818938264169,16.687134124239883,98.0,16.382661753440786,0.30447237079909617,1.5265868089844978,1.9844674545084815,5.581993787684604,5.854013400306771,98.0,5.718003593995688,0.13600980631108311,0.6819363466777076,1.9844674545084815,99.0,0.494949494949495,-0.022028686627124167,0.020354646015703807,98.0,-0.0008370203057101786,0.021191666321413987,0.10625239387654699,1.9844674545084815,RandomForestRegressor,"{'mode': 'original', 'type': 'RandomForestRegressor'}",2,"['re_T2W40', 'lsc_T2W40']",0.19178782295495675,0.2421417762817327,98.0,0.21696479961834472,0.025176976663387984,0.12623424701415542,1.9844674545084815,7.447415655723215,7.659405850571765,98.0,7.55341075314749,0.10599509742427471,0.5314463086428755,1.9844674545084815,completed,True,COMPLETE
291,6.281509172450393,2026-06-11 23:48:08.893445,2026-06-11 23:48:35.113551,0 days 00:00:26.220106,,,,,,,,,,,,,,,RandomForestRegressor,12.0,sqrt,3.0,6.0,310.0,2,,,,,,,,True,-0.001456349262418095,0.022868522825881393,98.0,0.01070608678173165,0.012162436044149745,0.06098095003296014,1.9844674545084815,6.186249497762897,6.37676884713789,98.0,6.281509172450393,0.09525967468749647,0.47762022683510513,1.9844674545084815,239210375222952.16,483979527488237.6,98.0,361594951355594.9,122384576132642.72,613621127778882.1,1.9844674545084815,16.076609798821643,16.686452615536993,98.0,16.381531207179318,0.30492140835767395,1.528838227764679,1.9844674545084815,5.582604554124471,5.853705821534126,98.0,5.718155187829298,0.13555063370482712,0.6796341120220056,1.9844674545084815,99.0,0.494949494949495,-0.02201488861126548,0.020377349648206484,98.0,-0.000818769481529499,0.021196119129735982,0.10627471970673465,1.9844674545084815,RandomForestRegressor,"{'mode': 'original', 'type': 'RandomForestRegressor'}",2,"['re_T2W40', 'lsc_T2W40']",0.19220120017863454,0.2425955021561018,98.0,0.21739835116736816,0.02519715098873362,0.1263353985862077,1.9844674545084815,7.447358309773843,7.6592892255894505,98.0,7.553323767681647,0.1059654579078034,0.5312976997732068,1.9844674545084815,completed,True,COMPLETE
292,6.6049395990021225,2026-06-11 23:48:35.126439,2026-06-11 23:48:37.423881,0 days 00:00:02.297442,,,,,,16.0,,4.0,9.0,370.0,,,,,ExtraTreesRegressor,,,,,,2,,,,,,,,True,,,,,,,,,,,,,,,,,,,,,,,,,,,,,,,,,,,,,,,,,,,,,ExtraTreesRegressor,"{'mode': 'original', 'type': 'ExtraTreesRegressor'}",2,"['pe_T2W40', 'l3_T2W40']",,,,,,,,,,,,,,,pruned,True,PRUNED
293,6.281557531783301,2026-06-11 23:48:37.434216,2026-06-11 23:49:03.930695,0 days 00:00:26.496479,,,,,,,,,,,,,,,RandomForestRegressor,12.0,sqrt,3.0,6.0,312.0,2,,,,,,,,True,-0.0014610259112753758,0.02286234346380976,98.0,0.010700658776267193,0.012161684687542569,0.06097718282386216,1.9844674545084815,6.186265458149835,6.376849605416767,98.0,6.281557531783301,0.09529207363346626,0.47778267114298334,1.9844674545084815,239206528705482.5,483987074839495.5,98.0,361596801772489.0,122390273067006.48,613649691503165.4,1.9844674545084815,16.078776461782628,16.687489172563847,98.0,16.383132817173237,0.3043563553906084,1.5260051220755293,1.9844674545084815,5.576805947603542,5.849032349681742,98.0,5.712919148642642,0.1361132010390996,0.6824547550557626,1.9844674545084815,99.0,0.494949494949495,-0.02195644563339409,0.020392067899662424,98.0,-0.0007821888668658323,0.021174256766528256,0.10616510452162424,1.9844674545084815,RandomForestRegressor,"{'mode': 'original', 'type': 'RandomForestRegressor'}",2,"['re_T2W40', 'lsc_T2W40']",0.19182394516375095,0.2421162046448035,98.0,0.21697007490427722,0.025146129740526275,0.12607958435818156,1.9844674545084815,7.447250335499754,7.65922251464164,98.0,7.553236425070697,0.10598608957094299,0.5314011443803929,1.9844674545084815,completed,True,COMPLETE
294,6.281095296690387,2026-06-11 23:49:03.943883,2026-06-11 23:49:30.259286,0 days 00:00:26.315403,,,,,,,,,,,,,,,RandomForestRegressor,12.0,sqrt,3.0,6.0,309.0,2,,,,,,,,True,-0.0013909825277527259,0.022934706078944506,98.0,0.01077186177559589,0.012162844303348616,0.06098299699408837,1.9844674545084815,6.185823655021072,6.376366938359701,98.0,6.281095296690387,0.09527164166931476,0.4776802278018241,1.9844674545084815,239358547373353.38,484275050375053.6,98.0,361816798874203.5,122458251500850.11,613990526962648.1,1.9844674545084815,16.073219641813328,16.683342840120392,98.0,16.37828124096686,0.3050615991535326,1.529541127075829,1.9844674545084815,5.583293678175472,5.854719166251306,98.0,5.719006422213389,0.13571274403791764,0.6804469131817513,1.9844674545084815,99.0,0.494949494949495,-0.021875327965554327,0.02052289349107139,98.0,-0.000676217237241468,0.021199110728312858,0.10628971921198778,1.9844674545084815,RandomForestRegressor,"{'mode': 'original', 'type': 'RandomForestRegressor'}",2,"['re_T2W40', 'lsc_T2W40']",0.19179396831541567,0.2421802816787353,98.0,0.21698712499707548,0.025193156681659803,0.12631537162456938,1.9844674545084815,7.446785208536431,7.658800822663622,98.0,7.5527930156000265,0.10600780706359524,0.5315100332024562,1.9844674545084815,completed,True,COMPLETE
