number,value,datetime_start,datetime_complete,duration,params_dt_max_depth,params_dt_min_samples_leaf,params_dt_min_samples_split,params_elastic_alpha,params_elastic_l1_ratio,params_et_max_depth,params_et_max_features,params_et_min_samples_leaf,params_et_min_samples_split,params_et_n_estimators,params_knn_metric,params_knn_n_neighbors,params_knn_weights,params_quantile_alpha,params_regressor,params_rf_max_depth,params_rf_max_features,params_rf_min_samples_leaf,params_rf_min_samples_split,params_rf_n_estimators,params_rfe_n_features,params_rfe_proxy_et_max_depth,params_rfe_proxy_et_min_samples_leaf,params_rfe_proxy_et_min_samples_split,params_rfe_proxy_et_n_estimators,params_rfe_proxy_lsvr_C,params_rfe_proxy_lsvr_epsilon,params_rfe_proxy_type,params_use_scaler,user_attrs_d2mae_ci_lower_val,user_attrs_d2mae_ci_upper_val,user_attrs_d2mae_df_val,user_attrs_d2mae_mean_val,user_attrs_d2mae_samperror_val,user_attrs_d2mae_std_val,user_attrs_d2mae_t_critical_val,user_attrs_mae_ci_lower_val,user_attrs_mae_ci_upper_val,user_attrs_mae_df_val,user_attrs_mae_mean_val,user_attrs_mae_samperror_val,user_attrs_mae_std_val,user_attrs_mae_t_critical_val,user_attrs_mape_ci_lower_val,user_attrs_mape_ci_upper_val,user_attrs_mape_df_val,user_attrs_mape_mean_val,user_attrs_mape_samperror_val,user_attrs_mape_std_val,user_attrs_mape_t_critical_val,user_attrs_max_error_ci_lower_val,user_attrs_max_error_ci_upper_val,user_attrs_max_error_df_val,user_attrs_max_error_mean_val,user_attrs_max_error_samperror_val,user_attrs_max_error_std_val,user_attrs_max_error_t_critical_val,user_attrs_median_ae_ci_lower_val,user_attrs_median_ae_ci_upper_val,user_attrs_median_ae_df_val,user_attrs_median_ae_mean_val,user_attrs_median_ae_samperror_val,user_attrs_median_ae_std_val,user_attrs_median_ae_t_critical_val,user_attrs_n_splits_val,user_attrs_r2_below_zero_val,user_attrs_r2_ci_lower_val,user_attrs_r2_ci_upper_val,user_attrs_r2_df_val,user_attrs_r2_mean_val,user_attrs_r2_samperror_val,user_attrs_r2_std_val,user_attrs_r2_t_critical_val,user_attrs_regressor_final,user_attrs_rfe_estimator,user_attrs_rfe_n_features,user_attrs_rfe_selected_features,user_attrs_rho_ci_lower_val,user_attrs_rho_ci_upper_val,user_attrs_rho_df_val,user_attrs_rho_mean_val,user_attrs_rho_samperror_val,user_attrs_rho_std_val,user_attrs_rho_t_critical_val,user_attrs_rmse_ci_lower_val,user_attrs_rmse_ci_upper_val,user_attrs_rmse_df_val,user_attrs_rmse_mean_val,user_attrs_rmse_samperror_val,user_attrs_rmse_std_val,user_attrs_rmse_t_critical_val,user_attrs_termination_reason,user_attrs_use_scaler_final,state
207,2.802619957855115,2026-06-12 07:16:55.075210,2026-06-12 07:16:57.233739,0 days 00:00:02.158529,,,,,,,,,,,,,,0.005183470129678021,QuantileRegressor,,,,,,2,,,,,,,,True,0.0027994623206901628,0.016187247669530676,98.0,0.009493354995110418,0.006693892674420256,0.03356234994560714,1.9844674545084815,2.771719172838798,2.8335207428714324,98.0,2.802619957855115,0.030900785016317257,0.15493271415521087,1.9844674545084815,787429595841793.8,999636665160153.0,98.0,893533130500973.4,106103534659179.64,531989999526794.3,1.9844674545084815,8.493567600612288,8.89186607441367,98.0,8.692716837512979,0.19914923690069145,0.9985096423495474,1.9844674545084815,2.46737585094582,2.54698905883372,98.0,2.50718245488977,0.0398066039439499,0.19958538875568996,1.9844674545084815,99.0,0.40404040404040403,-0.0064558607570106485,0.01889283093329594,98.0,0.006218485088142646,0.012674345845153295,0.06354760246040667,1.9844674545084815,QuantileRegressor,"{'mode': 'original', 'type': 'QuantileRegressor'}",2,"['l1_T6W30', 'atd_T6W30']",0.1545469848757192,0.20398987788664316,98.0,0.17926843138118118,0.024721446505461993,0.12395027514386937,1.9844674545084815,3.4164375727378413,3.503892182850209,98.0,3.4601648777940253,0.043727305056183836,0.21924329920647612,1.9844674545084815,completed,True,COMPLETE
208,2.769858288874295,2026-06-12 07:16:57.246391,2026-06-12 07:16:57.354034,0 days 00:00:00.107643,,,,,,,,,,,,,,,LinearRegression,,,,,,2,,,,,,,,True,,,,,,,,,,,,,,,,,,,,,,,,,,,,,,,,,,,,,,,,,,,,,LinearRegression,"{'mode': 'original', 'type': 'LinearRegression'}",2,"['nodes_T6W30', 'lcc_T6W30']",,,,,,,,,,,,,,,pruned,True,PRUNED
209,2.8035749843448436,2026-06-12 07:16:57.363221,2026-06-12 07:16:59.667814,0 days 00:00:02.304593,,,,,,,,,,,,,,0.0038073236558604302,QuantileRegressor,,,,,,2,,,,,,,,True,0.00235564503517804,0.015924137939521195,98.0,0.009139891487349618,0.006784246452171578,0.034015372611982675,1.9844674545084815,2.7726769885645854,2.834472980125102,98.0,2.8035749843448436,0.030897995780258362,0.154918729270594,1.9844674545084815,787623537790666.1,999486568481101.1,98.0,893555053135883.6,105931515345217.48,531127515962535.25,1.9844674545084815,8.489663753096968,8.890146894321001,98.0,8.689905323708984,0.2002415706120169,1.0039864684744992,1.9844674545084815,2.461266448576614,2.5423725363378273,98.0,2.5018194924572206,0.04055304388060676,0.203327946275799,1.9844674545084815,99.0,0.41414141414141414,-0.007842209376453399,0.017812744850815073,98.0,0.004985267737180838,0.012827477113634236,0.06431538370076204,1.9844674545084815,QuantileRegressor,"{'mode': 'original', 'type': 'QuantileRegressor'}",2,"['l1_T6W30', 'atd_T6W30']",0.15318502988969496,0.2024645341539591,98.0,0.17782478202182703,0.024639752132132063,0.12354066966023743,1.9844674545084815,3.4185451109812117,3.5058610845014675,98.0,3.4622030977413396,0.04365798676012805,0.2188957458435804,1.9844674545084815,completed,True,COMPLETE
210,2.802750826505511,2026-06-12 07:16:59.680906,2026-06-12 07:17:02.037887,0 days 00:00:02.356981,,,,,,,,,,,,,,0.005139975222571572,QuantileRegressor,,,,,,2,,,,,,,,True,0.002749647838954347,0.01614686889220956,98.0,0.009448258365581955,0.006698610526627608,0.033586004673054434,1.9844674545084815,2.7718292207486184,2.833672432262404,98.0,2.802750826505511,0.030921605756892817,0.1550371067732751,1.9844674545084815,787506574467901.5,999692542081945.8,98.0,893599558274923.6,106092983807022.17,531937098859042.9,1.9844674545084815,8.49356642212383,8.891864740455617,98.0,8.692715581289724,0.19914915916589376,0.9985092525968865,1.9844674545084815,2.467419383162213,2.5470386047942877,98.0,2.5072289939782504,0.03980961081603713,0.19960046484043495,1.9844674545084815,99.0,0.41414141414141414,-0.006512448451949431,0.018838714320697683,98.0,0.006163132934374126,0.012675581386323556,0.06355379731101833,1.9844674545084815,QuantileRegressor,"{'mode': 'original', 'type': 'QuantileRegressor'}",2,"['l1_T6W30', 'atd_T6W30']",0.1545469848757192,0.20398987788664316,98.0,0.17926843138118118,0.024721446505461993,0.12395027514386937,1.9844674545084815,3.4165210832952093,3.504010395156496,98.0,3.4602657392258527,0.043744655930643465,0.21933029434500012,1.9844674545084815,completed,True,COMPLETE
211,2.8018641838069933,2026-06-12 07:17:02.051648,2026-06-12 07:17:04.340452,0 days 00:00:02.288804,,,,,,,,,,,,,,0.005514304496366453,QuantileRegressor,,,,,,2,,,,,,,,True,0.0031025337269031976,0.01640157871125936,98.0,0.00975205621908128,0.006649522492178082,0.0333398833397034,1.9844674545084815,2.7711365324332644,2.832591835180722,98.0,2.8018641838069933,0.030727651373728952,0.15406464348504442,1.9844674545084815,787615897017871.0,999906566567568.8,98.0,893761231792719.9,106145334774848.84,532199580136775.94,1.9844674545084815,8.496896668117738,8.895488270302138,98.0,8.696192469209938,0.19929580109219996,0.9992444970782021,1.9844674545084815,2.4657295133623465,2.544560923869898,98.0,2.5051452186161223,0.03941570525377569,0.19762547107086653,1.9844674545084815,99.0,0.3939393939393939,-0.005812471737205397,0.019308401998448823,98.0,0.006747965130621713,0.01256043686782711,0.06297647693675182,1.9844674545084815,QuantileRegressor,"{'mode': 'original', 'type': 'QuantileRegressor'}",2,"['l1_T6W30', 'atd_T6W30']",0.1549214947616211,0.20421396008828568,98.0,0.1795677274249534,0.02464623266333231,0.12357316224214081,1.9844674545084815,3.415718156927687,3.502759483204187,98.0,3.459238820065937,0.04352066313824987,0.2182072221881466,1.9844674545084815,completed,True,COMPLETE
212,2.768267482888358,2026-06-12 07:17:04.352999,2026-06-12 07:17:04.542851,0 days 00:00:00.189852,,,,,,,,,,,,,,0.006282494967151613,QuantileRegressor,,,,,,2,,,,,,,,True,,,,,,,,,,,,,,,,,,,,,,,,,,,,,,,,,,,,,,,,,,,,,QuantileRegressor,"{'mode': 'original', 'type': 'QuantileRegressor'}",2,"['l1_T6W30', 'density_T6W30']",,,,,,,,,,,,,,,pruned,True,PRUNED
213,2.772207456076012,2026-06-12 07:17:04.552324,2026-06-12 07:17:04.758025,0 days 00:00:00.205701,,,,,,,,,,,,,,0.008084726322237912,QuantileRegressor,,,,,,2,,,,,,,,True,,,,,,,,,,,,,,,,,,,,,,,,,,,,,,,,,,,,,,,,,,,,,QuantileRegressor,"{'mode': 'original', 'type': 'QuantileRegressor'}",2,"['l1_T6W30', 'density_T6W30']",,,,,,,,,,,,,,,pruned,True,PRUNED
214,2.803141433665932,2026-06-12 07:17:04.767724,2026-06-12 07:17:07.021438,0 days 00:00:02.253714,,,,,,,,,,,,,,0.004249985390812541,QuantileRegressor,,,,,,2,,,,,,,,True,0.002540191853491007,0.01606600096193215,98.0,0.009303096407711578,0.0067629045542205715,0.03390836697529652,1.9844674545084815,2.7721787039010413,2.834104163430823,98.0,2.803141433665932,0.03096272976489105,0.15524329746301785,1.9844674545084815,787178905647263.0,998999608721664.0,98.0,893089257184463.5,105910351537200.48,531021403246751.44,1.9844674545084815,8.491915705312985,8.892354381220843,98.0,8.692135043266914,0.20021933795392924,1.0038749966766602,1.9844674545084815,2.4626559800747936,2.5432023671201422,98.0,2.502929173597468,0.04027319352267439,0.20192481119399205,1.9844674545084815,99.0,0.41414141414141414,-0.007435122521850638,0.01804639853223628,98.0,0.0053056380051928215,0.01274076052704346,0.06388059746100502,1.9844674545084815,QuantileRegressor,"{'mode': 'original', 'type': 'QuantileRegressor'}",2,"['l1_T6W30', 'atd_T6W30']",0.15391237740430327,0.20303348839544808,98.0,0.17847293289987567,0.024560555495572397,0.1231435875198428,1.9844674545084815,3.4180058903447974,3.5054019569809287,98.0,3.461703923662863,0.04369803331806586,0.219096534331983,1.9844674545084815,completed,True,COMPLETE
215,2.801897300214135,2026-06-12 07:17:07.034376,2026-06-12 07:17:09.233781,0 days 00:00:02.199405,,,,,,,,,,,,,,0.005703221865550696,QuantileRegressor,,,,,,2,,,,,,,,True,0.0030984945254684095,0.016378097429029875,98.0,0.009738295977249142,0.0066398014517807325,0.03329114324548319,1.9844674545084815,2.7712080384121656,2.832586562016105,98.0,2.801897300214135,0.03068926180196954,0.15387216292039851,1.9844674545084815,787671281504431.9,1000110166451291.4,98.0,893890723977861.6,106219442473429.7,532571146971562.4,1.9844674545084815,8.497026635275597,8.895422697694853,98.0,8.696224666485225,0.19919803120962717,0.9987542909795014,1.9844674545084815,2.467505028429176,2.546122498735629,98.0,2.5068137635824024,0.03930873515322662,0.19708913621714774,1.9844674545084815,99.0,0.3939393939393939,-0.0057951397150159305,0.01928955228921052,98.0,0.006747206287097295,0.012542346002113226,0.06288577157360362,1.9844674545084815,QuantileRegressor,"{'mode': 'original', 'type': 'QuantileRegressor'}",2,"['l1_T6W30', 'atd_T6W30']",0.1547408634611592,0.20397026432600632,98.0,0.17935556389358276,0.024614700432423548,0.12341506353638032,1.9844674545084815,3.4157522337755037,3.5027332035654646,98.0,3.459242718670484,0.04349048489498059,0.21805591220894455,1.9844674545084815,completed,True,COMPLETE
216,2.768267482888358,2026-06-12 07:17:09.247284,2026-06-12 07:17:09.438840,0 days 00:00:00.191556,,,,,,,,,,,,,,0.006688121234207231,QuantileRegressor,,,,,,2,,,,,,,,True,,,,,,,,,,,,,,,,,,,,,,,,,,,,,,,,,,,,,,,,,,,,,QuantileRegressor,"{'mode': 'original', 'type': 'QuantileRegressor'}",2,"['l1_T6W30', 'density_T6W30']",,,,,,,,,,,,,,,pruned,True,PRUNED
217,2.7770945939298604,2026-06-12 07:17:09.448926,2026-06-12 07:17:09.632524,0 days 00:00:00.183598,,,,,,,,,,,,,,0.011752971649311678,QuantileRegressor,,,,,,2,,,,,,,,True,,,,,,,,,,,,,,,,,,,,,,,,,,,,,,,,,,,,,,,,,,,,,QuantileRegressor,"{'mode': 'original', 'type': 'QuantileRegressor'}",2,"['l1_T6W30', 'density_T6W30']",,,,,,,,,,,,,,,pruned,True,PRUNED
218,2.771917087583943,2026-06-12 07:17:09.642218,2026-06-12 07:17:09.824848,0 days 00:00:00.182630,,,,,,,,,,,,,,0.009045273683788355,QuantileRegressor,,,,,,2,,,,,,,,True,,,,,,,,,,,,,,,,,,,,,,,,,,,,,,,,,,,,,,,,,,,,,QuantileRegressor,"{'mode': 'original', 'type': 'QuantileRegressor'}",2,"['l1_T6W30', 'density_T6W30']",,,,,,,,,,,,,,,pruned,True,PRUNED
219,2.8174091799652725,2026-06-12 07:17:09.834557,2026-06-12 07:17:12.261495,0 days 00:00:02.426938,,,,,,,,,,,,,,0.0035579404722121824,QuantileRegressor,,,,,,3,,,,,,,,True,-0.003033917555261852,0.011573915245298626,98.0,0.0042699988450183865,0.007303916400280238,0.03662093345721223,1.9844674545084815,2.7853068266832604,2.8495115332472847,98.0,2.8174091799652725,0.03210235328201238,0.16095722882526248,1.9844674545084815,789958545481673.5,1002950876878928.0,98.0,896454711180300.8,106496165698627.2,533958602996611.3,1.9844674545084815,8.510246362270024,8.904123204993454,98.0,8.707184783631739,0.19693842136171494,0.9874248866784773,1.9844674545084815,2.476318795029483,2.553163597160025,98.0,2.514741196094754,0.038422401065271006,0.1926451667250221,1.9844674545084815,99.0,0.45454545454545453,-0.015218425680584145,0.01132199577559884,98.0,-0.0019482149524926529,0.013270210728091493,0.06653519528481688,1.9844674545084815,QuantileRegressor,"{'mode': 'original', 'type': 'QuantileRegressor'}",3,"['l1_T6W30', 'atd_T6W30', 'asp_T6W30']",0.14190839381232073,0.1895274625647349,98.0,0.16571792818852782,0.02380953437620708,0.11937806051625019,1.9844674545084815,3.4298453542584455,3.5186827730235772,98.0,3.4742640636410114,0.044418709382566014,0.22270991498366366,1.9844674545084815,completed,True,COMPLETE
220,2.783363027856682,2026-06-12 07:17:12.274595,2026-06-12 07:17:12.492514,0 days 00:00:00.217919,,,,,,,,,,,,,,0.004715467416761199,QuantileRegressor,,,,,,2,,,,,,,,False,,,,,,,,,,,,,,,,,,,,,,,,,,,,,,,,,,,,,,,,,,,,,QuantileRegressor,"{'mode': 'original', 'type': 'QuantileRegressor'}",2,"['l1_T6W30', 'lcc_T6W30']",,,,,,,,,,,,,,,pruned,False,PRUNED
221,2.801917340922111,2026-06-12 07:17:12.502220,2026-06-12 07:17:14.816495,0 days 00:00:02.314275,,,,,,,,,,,,,,0.005552129941318162,QuantileRegressor,,,,,,2,,,,,,,,True,0.0030882585926752986,0.016379671166161007,98.0,0.009733964879418152,0.006645706286742854,0.03332074935765273,1.9844674545084815,2.771189278198092,2.83264540364613,98.0,2.801917340922111,0.03072806272401938,0.15406670594452337,1.9844674545084815,787558949866416.9,999842228010315.1,98.0,893700588938366.0,106141639071949.17,532181050339534.4,1.9844674545084815,8.497953442234108,8.896123026407915,98.0,8.697038234321012,0.19908479208690438,0.998186524023978,1.9844674545084815,2.466666209424515,2.5455720577406966,98.0,2.506119133582606,0.03945292415809064,0.19781208205373813,1.9844674545084815,99.0,0.3939393939393939,-0.005904144850525756,0.019182139843011932,98.0,0.006638997496243089,0.012543142346768845,0.06288976434721222,1.9844674545084815,QuantileRegressor,"{'mode': 'original', 'type': 'QuantileRegressor'}",2,"['l1_T6W30', 'atd_T6W30']",0.15466043927653214,0.20388632888025468,98.0,0.1792733840783934,0.02461294480186126,0.1234062610218835,1.9844674545084815,3.4159258976543327,3.5029434794244256,98.0,3.459434688539379,0.04350879088504628,0.21814769617898533,1.9844674545084815,completed,True,COMPLETE
222,2.768267482888358,2026-06-12 07:17:14.840022,2026-06-12 07:17:15.080271,0 days 00:00:00.240249,,,,,,,,,,,,,,0.006614925184374502,QuantileRegressor,,,,,,2,,,,,,,,True,,,,,,,,,,,,,,,,,,,,,,,,,,,,,,,,,,,,,,,,,,,,,QuantileRegressor,"{'mode': 'original', 'type': 'QuantileRegressor'}",2,"['l1_T6W30', 'density_T6W30']",,,,,,,,,,,,,,,pruned,True,PRUNED
223,2.8018641838069933,2026-06-12 07:17:15.089634,2026-06-12 07:17:17.376755,0 days 00:00:02.287121,,,,,,,,,,,,,,0.0055164431272979935,QuantileRegressor,,,,,,2,,,,,,,,True,0.0031025337269031976,0.01640157871125936,98.0,0.00975205621908128,0.006649522492178082,0.0333398833397034,1.9844674545084815,2.7711365324332644,2.832591835180722,98.0,2.8018641838069933,0.030727651373728952,0.15406464348504442,1.9844674545084815,787615897017871.0,999906566567568.8,98.0,893761231792719.9,106145334774848.84,532199580136775.94,1.9844674545084815,8.496896668117738,8.895488270302138,98.0,8.696192469209938,0.19929580109219996,0.9992444970782021,1.9844674545084815,2.4657295133623465,2.544560923869898,98.0,2.5051452186161223,0.03941570525377569,0.19762547107086653,1.9844674545084815,99.0,0.3939393939393939,-0.005812471737205397,0.019308401998448823,98.0,0.006747965130621713,0.01256043686782711,0.06297647693675182,1.9844674545084815,QuantileRegressor,"{'mode': 'original', 'type': 'QuantileRegressor'}",2,"['l1_T6W30', 'atd_T6W30']",0.1549214947616211,0.20421396008828568,98.0,0.1795677274249534,0.02464623266333231,0.12357316224214081,1.9844674545084815,3.415718156927687,3.502759483204187,98.0,3.459238820065937,0.04352066313824987,0.2182072221881466,1.9844674545084815,completed,True,COMPLETE
224,2.8308123249299717,2026-06-12 07:17:17.389672,2026-06-12 07:17:17.751121,0 days 00:00:00.361449,,,,,,,,,,,euclidean,7.0,uniform,,KNeighborsRegressor,,,,,,2,7.0,1.0,7.0,50.0,,,ExtraTrees,,,,,,,,,,,,,,,,,,,,,,,,,,,,,,,,,,,,,,,,,,,,,,KNeighborsRegressor,"{'mode': 'proxy', 'type': 'ExtraTrees'}",2,"['density_T6W30', 'asp_T6W30']",,,,,,,,,,,,,,,pruned,True,PRUNED
225,2.7683771205282115,2026-06-12 07:17:17.761643,2026-06-12 07:17:17.950342,0 days 00:00:00.188699,,,,,,,,,,,,,,0.007773205077187364,QuantileRegressor,,,,,,2,,,,,,,,True,,,,,,,,,,,,,,,,,,,,,,,,,,,,,,,,,,,,,,,,,,,,,QuantileRegressor,"{'mode': 'original', 'type': 'QuantileRegressor'}",2,"['l1_T6W30', 'density_T6W30']",,,,,,,,,,,,,,,pruned,True,PRUNED
226,2.803022431892931,2026-06-12 07:17:17.960142,2026-06-12 07:17:20.204245,0 days 00:00:02.244103,,,,,,,,,,,,,,0.004363423634796562,QuantileRegressor,,,,,,2,,,,,,,,True,0.002586464703716022,0.016103979348669566,98.0,0.009345222026192795,0.0067587573224767725,0.03388757326827716,1.9844674545084815,2.772066558095053,2.833978305690809,98.0,2.803022431892931,0.03095587379787818,0.15520892249238516,1.9844674545084815,787234185637414.8,999049057990970.2,98.0,893141621814192.5,105907436176777.77,531006785990173.8,1.9844674545084815,8.491950927692121,8.892584582239211,98.0,8.692267754965666,0.20031682727354522,1.0043637960673966,1.9844674545084815,2.4633459221995895,2.543399496199356,98.0,2.5033727091994726,0.04002678699988327,0.20068935936513346,1.9844674545084815,99.0,0.41414141414141414,-0.007275524736838983,0.018161258403130542,98.0,0.00544286683314578,0.012718391569984763,0.06376844227698315,1.9844674545084815,QuantileRegressor,"{'mode': 'original', 'type': 'QuantileRegressor'}",2,"['l1_T6W30', 'atd_T6W30']",0.1539685015424596,0.20311151171228753,98.0,0.17854000662737357,0.024571505084913965,0.12319848740651813,1.9844674545084815,3.417804242054657,3.5051273599574437,98.0,3.4614658010060504,0.04366155895139322,0.21891365636876295,1.9844674545084815,completed,True,COMPLETE
227,2.85896840870411,2026-06-12 07:17:20.216807,2026-06-12 07:17:21.847870,0 days 00:00:01.631063,,,,,,,,,,,,,,,RandomForestRegressor,16.0,sqrt,2.0,10.0,158.0,2,,,,,,,,True,,,,,,,,,,,,,,,,,,,,,,,,,,,,,,,,,,,,,,,,,,,,,RandomForestRegressor,"{'mode': 'original', 'type': 'RandomForestRegressor'}",2,"['density_T6W30', 'asp_T6W30']",,,,,,,,,,,,,,,pruned,True,PRUNED
228,2.8020867609635283,2026-06-12 07:17:21.857194,2026-06-12 07:17:24.118018,0 days 00:00:02.260824,,,,,,,,,,,,,,0.005902804164585099,QuantileRegressor,,,,,,2,,,,,,,,True,0.003033086388335435,0.016307834980339636,98.0,0.009670460684337535,0.0066373742960021,0.0332789737866082,1.9844674545084815,2.7714095842159283,2.832763937711128,98.0,2.8020867609635283,0.030677176747599746,0.15381156995250994,1.9844674545084815,787622470418006.6,1000055314890994.4,98.0,893838892654500.5,106216422236493.83,532556003877119.3,1.9844674545084815,8.498179021517323,8.896280933017032,98.0,8.697229977267178,0.19905095574985474,0.998016872815007,1.9844674545084815,2.4689867106805083,2.5475164786734226,98.0,2.5082515946769655,0.039264883996457244,0.1968692719407697,1.9844674545084815,99.0,0.3939393939393939,-0.0059467099699056815,0.01919828360417799,98.0,0.006625786817136154,0.012572496787041835,0.06303694388008169,1.9844674545084815,QuantileRegressor,"{'mode': 'original', 'type': 'QuantileRegressor'}",2,"['l1_T6W30', 'atd_T6W30']",0.15428772132917212,0.20359074039242098,98.0,0.17893923086079655,0.02465150953162442,0.12359961980709604,1.9844674545084815,3.4159439297759744,3.502935708813921,98.0,3.4594398192949476,0.04349588951897328,0.21808301032518115,1.9844674545084815,completed,True,COMPLETE
229,2.8244609158329714,2026-06-12 07:17:24.155183,2026-06-12 07:17:26.318852,0 days 00:00:02.163669,,,,,,,,,,,,,,0.0025415249282977814,QuantileRegressor,,,,,,2,,,,,,,,True,-0.005188803875648008,0.008765065248923757,98.0,0.0017881306866378746,0.0069769345622858825,0.03498148696375992,1.9844674545084815,2.792980147874724,2.855941683791219,98.0,2.8244609158329714,0.03148076795824749,0.15784067689174086,1.9844674545084815,779935437927902.5,989649393994960.8,98.0,884792415961431.6,104856978033529.19,525739918784243.56,1.9844674545084815,8.581128175994415,8.971094342027879,98.0,8.776111259011147,0.19498308301673262,0.9776210620597857,1.9844674545084815,2.502687088517246,2.584912744513331,98.0,2.5437999165152885,0.04111282799804274,0.20613463460457576,1.9844674545084815,99.0,0.45454545454545453,-0.019678943784594224,0.006483144393907604,98.0,-0.00659789969534331,0.013081044089250914,0.06558673715445827,1.9844674545084815,QuantileRegressor,"{'mode': 'original', 'type': 'QuantileRegressor'}",2,"['lcc_T6W30', 'asp_T6W30']",0.13079507505954324,0.18153230295677525,93.0,0.15616368900815925,0.025368613948616,0.12385819970638845,1.9858018143458227,3.4376687113224653,3.527588075339957,98.0,3.482628393331211,0.04495968200874609,0.2254222848219539,1.9844674545084815,completed,True,COMPLETE
