number,value,datetime_start,datetime_complete,duration,params_dt_max_depth,params_dt_min_samples_leaf,params_dt_min_samples_split,params_elastic_alpha,params_elastic_l1_ratio,params_et_max_depth,params_et_max_features,params_et_min_samples_leaf,params_et_min_samples_split,params_et_n_estimators,params_knn_metric,params_knn_n_neighbors,params_knn_weights,params_quantile_alpha,params_regressor,params_rf_max_depth,params_rf_max_features,params_rf_min_samples_leaf,params_rf_min_samples_split,params_rf_n_estimators,params_rfe_n_features,params_rfe_proxy_et_max_depth,params_rfe_proxy_et_min_samples_leaf,params_rfe_proxy_et_min_samples_split,params_rfe_proxy_et_n_estimators,params_rfe_proxy_lsvr_C,params_rfe_proxy_lsvr_epsilon,params_rfe_proxy_type,params_use_scaler,user_attrs_d2mae_ci_lower_val,user_attrs_d2mae_ci_upper_val,user_attrs_d2mae_df_val,user_attrs_d2mae_mean_val,user_attrs_d2mae_samperror_val,user_attrs_d2mae_std_val,user_attrs_d2mae_t_critical_val,user_attrs_mae_ci_lower_val,user_attrs_mae_ci_upper_val,user_attrs_mae_df_val,user_attrs_mae_mean_val,user_attrs_mae_samperror_val,user_attrs_mae_std_val,user_attrs_mae_t_critical_val,user_attrs_mape_ci_lower_val,user_attrs_mape_ci_upper_val,user_attrs_mape_df_val,user_attrs_mape_mean_val,user_attrs_mape_samperror_val,user_attrs_mape_std_val,user_attrs_mape_t_critical_val,user_attrs_max_error_ci_lower_val,user_attrs_max_error_ci_upper_val,user_attrs_max_error_df_val,user_attrs_max_error_mean_val,user_attrs_max_error_samperror_val,user_attrs_max_error_std_val,user_attrs_max_error_t_critical_val,user_attrs_median_ae_ci_lower_val,user_attrs_median_ae_ci_upper_val,user_attrs_median_ae_df_val,user_attrs_median_ae_mean_val,user_attrs_median_ae_samperror_val,user_attrs_median_ae_std_val,user_attrs_median_ae_t_critical_val,user_attrs_n_splits_val,user_attrs_r2_below_zero_val,user_attrs_r2_ci_lower_val,user_attrs_r2_ci_upper_val,user_attrs_r2_df_val,user_attrs_r2_mean_val,user_attrs_r2_samperror_val,user_attrs_r2_std_val,user_attrs_r2_t_critical_val,user_attrs_regressor_final,user_attrs_rfe_estimator,user_attrs_rfe_n_features,user_attrs_rfe_selected_features,user_attrs_rho_ci_lower_val,user_attrs_rho_ci_upper_val,user_attrs_rho_df_val,user_attrs_rho_mean_val,user_attrs_rho_samperror_val,user_attrs_rho_std_val,user_attrs_rho_t_critical_val,user_attrs_rmse_ci_lower_val,user_attrs_rmse_ci_upper_val,user_attrs_rmse_df_val,user_attrs_rmse_mean_val,user_attrs_rmse_samperror_val,user_attrs_rmse_std_val,user_attrs_rmse_t_critical_val,user_attrs_termination_reason,user_attrs_use_scaler_final,state
255,2.755740221765399,2026-06-12 07:17:54.451290,2026-06-12 07:17:54.564135,0 days 00:00:00.112845,,,,,,,,,,,,,,,LinearRegression,,,,,,2,,,,,,,,False,,,,,,,,,,,,,,,,,,,,,,,,,,,,,,,,,,,,,,,,,,,,,LinearRegression,"{'mode': 'original', 'type': 'LinearRegression'}",2,"['atd_T6W30', 'density_T6W30']",,,,,,,,,,,,,,,pruned,False,PRUNED
256,2.802733400396566,2026-06-12 07:17:54.578103,2026-06-12 07:17:56.866352,0 days 00:00:02.288249,,,,,,,,,,,,,,0.004542720411809915,QuantileRegressor,,,,,,2,,,,,,,,True,0.0027275888832104522,0.016175286296393223,98.0,0.009451437589801838,0.006723848706591385,0.033712545785846905,1.9844674545084815,2.77179958700385,2.833667213789282,98.0,2.802733400396566,0.030933813392716152,0.15509831434941043,1.9844674545084815,787348894253045.9,999364095496793.4,98.0,893356494874919.6,106007600621873.77,531508998129198.2,1.9844674545084815,8.489189967218314,8.888828902503123,98.0,8.689009434860719,0.1998194676424039,1.0018700963920237,1.9844674545084815,2.4651690043950825,2.544515743791449,98.0,2.5048423740932657,0.03967336969818346,0.19891736872629215,1.9844674545084815,99.0,0.41414141414141414,-0.006765752551825394,0.018660533756255624,98.0,0.005947390602215115,0.01271314315404051,0.06374212736858101,1.9844674545084815,QuantileRegressor,"{'mode': 'original', 'type': 'QuantileRegressor'}",2,"['l1_T6W30', 'atd_T6W30']",0.15453990313597046,0.20376262067273296,98.0,0.1791512619043517,0.024611358768381237,0.12339830884618079,1.9844674545084815,3.4169095602537856,3.5042992337211616,98.0,3.4606043969874736,0.043694836733688104,0.21908050705327756,1.9844674545084815,completed,True,COMPLETE
257,2.763787904836676,2026-06-12 07:17:56.878960,2026-06-12 07:17:57.074580,0 days 00:00:00.195620,,,,,,,,,,,,,,0.0034073132322864704,QuantileRegressor,,,,,,2,,,,,,,,True,,,,,,,,,,,,,,,,,,,,,,,,,,,,,,,,,,,,,,,,,,,,,QuantileRegressor,"{'mode': 'original', 'type': 'QuantileRegressor'}",2,"['l1_T6W30', 'lcc_T6W30']",,,,,,,,,,,,,,,pruned,True,PRUNED
258,2.7770945939298604,2026-06-12 07:17:57.084116,2026-06-12 07:17:57.265043,0 days 00:00:00.180927,,,,,,,,,,,,,,0.012647626588917835,QuantileRegressor,,,,,,3,,,,,,,,True,,,,,,,,,,,,,,,,,,,,,,,,,,,,,,,,,,,,,,,,,,,,,QuantileRegressor,"{'mode': 'original', 'type': 'QuantileRegressor'}",3,"['l1_T6W30', 'lsc_T6W30', 'density_T6W30']",,,,,,,,,,,,,,,pruned,True,PRUNED
259,2.8020867609635283,2026-06-12 07:17:57.274861,2026-06-12 07:17:59.415828,0 days 00:00:02.140967,,,,,,,,,,,,,,0.005971112218455857,QuantileRegressor,,,,,,2,,,,,,,,True,0.003033086388335435,0.016307834980339636,98.0,0.009670460684337535,0.0066373742960021,0.0332789737866082,1.9844674545084815,2.7714095842159283,2.832763937711128,98.0,2.8020867609635283,0.030677176747599746,0.15381156995250994,1.9844674545084815,787622470418006.6,1000055314890994.4,98.0,893838892654500.5,106216422236493.83,532556003877119.3,1.9844674545084815,8.498179021517323,8.896280933017032,98.0,8.697229977267178,0.19905095574985474,0.998016872815007,1.9844674545084815,2.4689867106805083,2.5475164786734226,98.0,2.5082515946769655,0.039264883996457244,0.1968692719407697,1.9844674545084815,99.0,0.3939393939393939,-0.0059467099699056815,0.01919828360417799,98.0,0.006625786817136154,0.012572496787041835,0.06303694388008169,1.9844674545084815,QuantileRegressor,"{'mode': 'original', 'type': 'QuantileRegressor'}",2,"['l1_T6W30', 'atd_T6W30']",0.15428772132917212,0.20359074039242098,98.0,0.17893923086079655,0.02465150953162442,0.12359961980709604,1.9844674545084815,3.4159439297759744,3.502935708813921,98.0,3.4594398192949476,0.04349588951897328,0.21808301032518115,1.9844674545084815,completed,True,COMPLETE
260,2.7683771205282115,2026-06-12 07:17:59.428693,2026-06-12 07:17:59.622451,0 days 00:00:00.193758,,,,,,,,,,,,,,0.007650767744932168,QuantileRegressor,,,,,,2,,,,,,,,True,,,,,,,,,,,,,,,,,,,,,,,,,,,,,,,,,,,,,,,,,,,,,QuantileRegressor,"{'mode': 'original', 'type': 'QuantileRegressor'}",2,"['l1_T6W30', 'density_T6W30']",,,,,,,,,,,,,,,pruned,True,PRUNED
261,2.825687587160763,2026-06-12 07:17:59.631815,2026-06-12 07:18:01.950249,0 days 00:00:02.318434,,,,,,,,,,,,,,0.00020198623466708833,QuantileRegressor,,,,,,2,,,,,,,,True,-0.00572927239669574,0.008449659999907107,98.0,0.0013601938016056837,0.007089466198301424,0.03554570666843757,1.9844674545084815,2.793940067989408,2.857435106332118,98.0,2.825687587160763,0.03174751917135519,0.15917813448154472,1.9844674545084815,778337722267920.4,987703008211643.6,98.0,883020365239782.0,104682642971861.62,524865824347409.3,1.9844674545084815,8.586855120739834,8.979400105301178,98.0,8.783127613020506,0.1962724922806719,0.9840860006305532,1.9844674545084815,2.4973860930454093,2.581417113299059,98.0,2.539401603172234,0.04201551012682508,0.21066057115142398,1.9844674545084815,99.0,0.46464646464646464,-0.020989768608510484,0.005547253160477209,98.0,-0.007721257724016638,0.013268510884493847,0.06652667247926085,1.9844674545084815,QuantileRegressor,"{'mode': 'original', 'type': 'QuantileRegressor'}",2,"['lcc_T6W30', 'asp_T6W30']",0.12931979534309956,0.18020419652138886,93.0,0.1547619959322442,0.025442200589144648,0.12421747470804129,1.9858018143458227,3.4393001618585477,3.529812290683575,98.0,3.4845562262710614,0.04525606441251368,0.22690830953683772,1.9844674545084815,completed,True,COMPLETE
262,2.768267482888358,2026-06-12 07:18:01.962656,2026-06-12 07:18:02.155456,0 days 00:00:00.192800,,,,,,,,,,,,,,0.006400406483002239,QuantileRegressor,,,,,,2,,,,,,,,True,,,,,,,,,,,,,,,,,,,,,,,,,,,,,,,,,,,,,,,,,,,,,QuantileRegressor,"{'mode': 'original', 'type': 'QuantileRegressor'}",2,"['l1_T6W30', 'density_T6W30']",,,,,,,,,,,,,,,pruned,True,PRUNED
263,2.8609880663535403,2026-06-12 07:18:02.165210,2026-06-12 07:18:02.300055,0 days 00:00:00.134845,,,,,,,,,,,euclidean,6.0,distance,,KNeighborsRegressor,,,,,,3,,,,,0.08439026017178175,0.007196026649159694,LinearSVR,,,,,,,,,,,,,,,,,,,,,,,,,,,,,,,,,,,,,,,,,,,,,,KNeighborsRegressor,"{'mode': 'proxy', 'type': 'LinearSVR'}",3,"['l1_T6W30', 'l3_T6W30', 'density_T6W30']",,,,,,,,,,,,,,,pruned,True,PRUNED
264,2.8030940843846195,2026-06-12 07:18:02.309565,2026-06-12 07:18:04.540699,0 days 00:00:02.231134,,,,,,,,,,,,,,0.004112859329080072,QuantileRegressor,,,,,,2,,,,,,,,True,0.0025553793470300974,0.01608336347358401,98.0,0.009319371410307054,0.0067639920632769565,0.03391381961119833,1.9844674545084815,2.7721341818663503,2.8340539869028887,98.0,2.8030940843846195,0.030959902518269147,0.15522912199813932,1.9844674545084815,787172233024553.2,998977686457023.5,98.0,893074959740788.4,105902726716235.06,530983173337495.2,1.9844674545084815,8.491605751845308,8.892032261455453,98.0,8.69181900665038,0.2002132548050734,1.0038444965206823,1.9844674545084815,2.4626300132278622,2.543186212998225,98.0,2.5029081131130435,0.04027809988518122,0.20194941108876532,1.9844674545084815,99.0,0.41414141414141414,-0.007405466040384994,0.018078274082403558,98.0,0.0053364040210092814,0.012741870061394276,0.06388616052900895,1.9844674545084815,QuantileRegressor,"{'mode': 'original', 'type': 'QuantileRegressor'}",2,"['l1_T6W30', 'atd_T6W30']",0.15397574496170718,0.20308132557955294,98.0,0.17852853527063006,0.024552790308922864,0.12310465383440737,1.9844674545084815,3.417954214583496,3.505342796637173,98.0,3.4616485056103343,0.043694291026838604,0.2190777709466291,1.9844674545084815,completed,True,COMPLETE
265,2.8020872884186194,2026-06-12 07:18:04.553372,2026-06-12 07:18:06.921825,0 days 00:00:02.368453,,,,,,,,,,,,,,0.005377121748768048,QuantileRegressor,,,,,,2,,,,,,,,True,0.003019571655060932,0.016337260676269245,98.0,0.009678416165665088,0.006658844510604156,0.03338662278711206,1.9844674545084815,2.771284763216325,2.832889813620914,98.0,2.8020872884186194,0.030802525202294463,0.15444005160081625,1.9844674545084815,787283379133524.1,999444826916780.1,98.0,893364103025152.1,106080723891628.02,531875629159605.56,1.9844674545084815,8.495672086364937,8.893534343608483,98.0,8.69460321498671,0.19893112862177187,0.9974160744154356,1.9844674545084815,2.467976669105462,2.5476477312908123,98.0,2.507812200198137,0.039835531092675125,0.19973042590158788,1.9844674545084815,99.0,0.3939393939393939,-0.005947727066664741,0.019153306388528996,98.0,0.006602789660932126,0.012550516727596868,0.06292673858059485,1.9844674545084815,QuantileRegressor,"{'mode': 'original', 'type': 'QuantileRegressor'}",2,"['l1_T6W30', 'atd_T6W30']",0.15494865827789367,0.20426224733085147,98.0,0.17960545280437257,0.02465679452647889,0.1236261181176298,1.9844674545084815,3.415920910939459,3.503119464110415,98.0,3.459520187524937,0.04359927658547793,0.21860138028936338,1.9844674545084815,completed,True,COMPLETE
266,2.7743033716629375,2026-06-12 07:18:06.935777,2026-06-12 07:18:07.125656,0 days 00:00:00.189879,,,,,,,,,,,,,,0.010200551179218375,QuantileRegressor,,,,,,2,,,,,,,,True,,,,,,,,,,,,,,,,,,,,,,,,,,,,,,,,,,,,,,,,,,,,,QuantileRegressor,"{'mode': 'original', 'type': 'QuantileRegressor'}",2,"['l1_T6W30', 'density_T6W30']",,,,,,,,,,,,,,,pruned,True,PRUNED
267,2.858863080444558,2026-06-12 07:18:07.135501,2026-06-12 07:18:11.425640,0 days 00:00:04.290139,,,,,,,,,,,,,,,RandomForestRegressor,7.0,,4.0,4.0,395.0,2,,,,,,,,True,,,,,,,,,,,,,,,,,,,,,,,,,,,,,,,,,,,,,,,,,,,,,RandomForestRegressor,"{'mode': 'original', 'type': 'RandomForestRegressor'}",2,"['l3_T6W30', 'density_T6W30']",,,,,,,,,,,,,,,pruned,True,PRUNED
268,2.8009624854690243,2026-06-12 07:18:11.436363,2026-06-12 07:18:11.611620,0 days 00:00:00.175257,,,,,,,,,,,,,,0.008040121939503365,QuantileRegressor,,,,,,10,,,,,,,,True,,,,,,,,,,,,,,,,,,,,,,,,,,,,,,,,,,,,,,,,,,,,,QuantileRegressor,"{'mode': 'original', 'type': 'QuantileRegressor'}",10,"['pe_T6W30', 'l1_T6W30', 'l2_T6W30', 'l3_T6W30', 'lcc_T6W30', 'lsc_T6W30', 'atd_T6W30', 'density_T6W30', 'diameter_T6W30', 'asp_T6W30']",,,,,,,,,,,,,,,pruned,True,PRUNED
269,2.8020867609635283,2026-06-12 07:18:11.620958,2026-06-12 07:18:14.012570,0 days 00:00:02.391612,,,,,,,,,,,,,,0.00587419971424656,QuantileRegressor,,,,,,2,,,,,,,,True,0.003033086388335435,0.016307834980339636,98.0,0.009670460684337535,0.0066373742960021,0.0332789737866082,1.9844674545084815,2.7714095842159283,2.832763937711128,98.0,2.8020867609635283,0.030677176747599746,0.15381156995250994,1.9844674545084815,787622470418006.6,1000055314890994.4,98.0,893838892654500.5,106216422236493.83,532556003877119.3,1.9844674545084815,8.498179021517323,8.896280933017032,98.0,8.697229977267178,0.19905095574985474,0.998016872815007,1.9844674545084815,2.4689867106805083,2.5475164786734226,98.0,2.5082515946769655,0.039264883996457244,0.1968692719407697,1.9844674545084815,99.0,0.3939393939393939,-0.0059467099699056815,0.01919828360417799,98.0,0.006625786817136154,0.012572496787041835,0.06303694388008169,1.9844674545084815,QuantileRegressor,"{'mode': 'original', 'type': 'QuantileRegressor'}",2,"['l1_T6W30', 'atd_T6W30']",0.15428772132917212,0.20359074039242098,98.0,0.17893923086079655,0.02465150953162442,0.12359961980709604,1.9844674545084815,3.4159439297759744,3.502935708813921,98.0,3.4594398192949476,0.04349588951897328,0.21808301032518115,1.9844674545084815,completed,True,COMPLETE
270,2.812820972159086,2026-06-12 07:18:14.025555,2026-06-12 07:18:16.458986,0 days 00:00:02.433431,,,,,,,,,,,,,,0.003030045916738967,QuantileRegressor,,,,,,2,,,,,,,,True,-0.0007198316662818897,0.012561034397258438,98.0,0.005920601365488274,0.006640433031770164,0.03329430990943419,1.9844674545084815,2.781674203518648,2.843967740799524,98.0,2.812820972159086,0.0311467686404382,0.15616604562244282,1.9844674545084815,798235057544944.2,1012500160746252.5,98.0,905367609145598.4,107132551600654.14,537149363198951.8,1.9844674545084815,8.483441255672691,8.848014190856262,98.0,8.665727723264476,0.18228646759178524,0.9139618026806705,1.9844674545084815,2.454444198369293,2.524932370554817,98.0,2.489688284462055,0.0352440860927617,0.17670948855791455,1.9844674545084815,99.0,0.4444444444444444,-0.011563088209935391,0.013373930841560428,98.0,0.0009054213158125181,0.01246850952574791,0.06251556461346022,1.9844674545084815,QuantileRegressor,"{'mode': 'original', 'type': 'QuantileRegressor'}",2,"['l1_T6W30', 'lcc_T6W30']",0.14315000344972328,0.1920776710663435,98.0,0.1676138372580334,0.024463833808310114,0.12265863694278453,1.9844674545084815,3.4260462745578963,3.5127528086904145,98.0,3.4693995416241554,0.04335326706625922,0.21736791898731406,1.9844674545084815,completed,True,COMPLETE
271,2.814875896771368,2026-06-12 07:18:16.472495,2026-06-12 07:18:18.764543,0 days 00:00:02.292048,,,,,,,,,,,,,,0.004788802065869982,QuantileRegressor,,,,,,3,,,,,,,,True,-0.0018143718049491164,0.012201968076567963,98.0,0.005193798135809423,0.0070081699407585395,0.035138097288121534,1.9844674545084815,2.783030967259644,2.846720826283092,98.0,2.814875896771368,0.03184492951172422,0.15966653788010524,1.9844674545084815,788121089718102.9,1000701812388459.4,98.0,894411451053281.1,106290361335178.3,532926725372878.25,1.9844674545084815,8.50703737684602,8.900602929560241,98.0,8.70382015320313,0.19678277635711064,0.9866445018761071,1.9844674545084815,2.4773114193542134,2.5543455616531605,98.0,2.515828490503687,0.03851707114947373,0.19311983081808917,1.9844674545084815,99.0,0.4444444444444444,-0.012780578765639119,0.012874869907722544,98.0,4.714557104171151e-05,0.012827724336680831,0.06431662324654025,1.9844674545084815,QuantileRegressor,"{'mode': 'original', 'type': 'QuantileRegressor'}",3,"['l1_T6W30', 'atd_T6W30', 'asp_T6W30']",0.14636945323999564,0.19477279587452181,98.0,0.17057112455725873,0.02420167131726308,0.12134418663784374,1.9844674545084815,3.426618647755807,3.5154420462971427,98.0,3.471030347026475,0.04441169927066771,0.22267476714964057,1.9844674545084815,completed,True,COMPLETE
272,2.7683771205282115,2026-06-12 07:18:18.777140,2026-06-12 07:18:18.963648,0 days 00:00:00.186508,,,,,,,,,,,,,,0.006851387690359576,QuantileRegressor,,,,,,2,,,,,,,,True,,,,,,,,,,,,,,,,,,,,,,,,,,,,,,,,,,,,,,,,,,,,,QuantileRegressor,"{'mode': 'original', 'type': 'QuantileRegressor'}",2,"['l1_T6W30', 'density_T6W30']",,,,,,,,,,,,,,,pruned,True,PRUNED
273,2.825511342577966,2026-06-12 07:18:18.972954,2026-06-12 07:18:19.143870,0 days 00:00:00.170916,,,,,,,,,,,,,,0.003760089467542912,QuantileRegressor,,,,,,9,,,,,,,,True,,,,,,,,,,,,,,,,,,,,,,,,,,,,,,,,,,,,,,,,,,,,,QuantileRegressor,"{'mode': 'original', 'type': 'QuantileRegressor'}",9,"['pe_T6W30', 'l1_T6W30', 'l3_T6W30', 'lcc_T6W30', 'lsc_T6W30', 'atd_T6W30', 'density_T6W30', 'diameter_T6W30', 'asp_T6W30']",,,,,,,,,,,,,,,pruned,True,PRUNED
274,2.772207456076012,2026-06-12 07:18:19.153637,2026-06-12 07:18:19.339505,0 days 00:00:00.185868,,,,,,,,,,,,,,0.008730333946643356,QuantileRegressor,,,,,,2,,,,,,,,True,,,,,,,,,,,,,,,,,,,,,,,,,,,,,,,,,,,,,,,,,,,,,QuantileRegressor,"{'mode': 'original', 'type': 'QuantileRegressor'}",2,"['l1_T6W30', 'density_T6W30']",,,,,,,,,,,,,,,pruned,True,PRUNED
275,2.802087719402575,2026-06-12 07:18:19.349071,2026-06-12 07:18:21.582578,0 days 00:00:02.233507,,,,,,,,,,,,,,0.005402666172257184,QuantileRegressor,,,,,,2,,,,,,,,True,0.0030193731461687955,0.016337131122747685,98.0,0.00967825213445824,0.006658878988289444,0.03338679565396178,1.9844674545084815,2.7712852552350205,2.8328901835701297,98.0,2.802087719402575,0.03080246416755457,0.15443974558017942,1.9844674545084815,787285201312794.9,999446049870709.9,98.0,893365625591752.4,106080424278957.53,531874126938732.9,1.9844674545084815,8.495684423332474,8.89354313704979,98.0,8.694613780191132,0.19892935685865842,0.9974071910143225,1.9844674545084815,2.467982322106721,2.547655644756677,98.0,2.507818983431699,0.03983666132497811,0.19973609274656395,1.9844674545084815,99.0,0.3939393939393939,-0.00594693035801695,0.01915389826543471,98.0,0.00660348395370888,0.01255041431172583,0.06292622508008461,1.9844674545084815,QuantileRegressor,"{'mode': 'original', 'type': 'QuantileRegressor'}",2,"['l1_T6W30', 'atd_T6W30']",0.15494865827789367,0.20426224733085147,98.0,0.17960545280437257,0.02465679452647889,0.1236261181176298,1.9844674545084815,3.415919663377561,3.5031184902332595,98.0,3.4595190768054103,0.0435994134278493,0.2186020664000883,1.9844674545084815,completed,True,COMPLETE
276,2.785314096906651,2026-06-12 07:18:21.612679,2026-06-12 07:18:22.982958,0 days 00:00:01.370279,,,,,,8.0,,4.0,4.0,206.0,,,,,ExtraTreesRegressor,,,,,,2,,,,,,,,False,,,,,,,,,,,,,,,,,,,,,,,,,,,,,,,,,,,,,,,,,,,,,ExtraTreesRegressor,"{'mode': 'original', 'type': 'ExtraTreesRegressor'}",2,"['atd_T6W30', 'density_T6W30']",,,,,,,,,,,,,,,pruned,False,PRUNED
277,2.7683771205282115,2026-06-12 07:18:22.993130,2026-06-12 07:18:23.186016,0 days 00:00:00.192886,,,,,,,,,,,,,,0.007043957305785912,QuantileRegressor,,,,,,2,,,,,,,,True,,,,,,,,,,,,,,,,,,,,,,,,,,,,,,,,,,,,,,,,,,,,,QuantileRegressor,"{'mode': 'original', 'type': 'QuantileRegressor'}",2,"['l1_T6W30', 'density_T6W30']",,,,,,,,,,,,,,,pruned,True,PRUNED
278,2.814955032598368,2026-06-12 07:18:23.195452,2026-06-12 07:18:25.478326,0 days 00:00:02.282874,,,,,,,,,,,,,,0.004439426499889388,QuantileRegressor,,,,,,3,,,,,,,,True,-0.001907122718126447,0.012230950626031571,98.0,0.0051619139539525625,0.0070690366720790095,0.035443275550753266,1.9844674545084815,2.783034695820661,2.846875369376075,98.0,2.814955032598368,0.03192033677770713,0.16004462058511051,1.9844674545084815,787782504298204.2,999895995162964.0,98.0,893839249730584.1,106056745432379.83,531755404130674.44,1.9844674545084815,8.508583674836213,8.90350139085237,98.0,8.706042532844291,0.19745885800807844,0.9900342916539286,1.9844674545084815,2.4802377974517245,2.557422448009073,98.0,2.5188301227303986,0.03859232527867413,0.19349714571420742,1.9844674545084815,99.0,0.4444444444444444,-0.013058330827730533,0.012702306615648022,98.0,-0.00017801210604125503,0.012880318721689278,0.06458032498791608,1.9844674545084815,QuantileRegressor,"{'mode': 'original', 'type': 'QuantileRegressor'}",3,"['l1_T6W30', 'atd_T6W30', 'asp_T6W30']",0.14613861592463562,0.1941947669794073,98.0,0.17016669145202146,0.024028075527385846,0.12047379881833058,1.9844674545084815,3.426935490400208,3.5158840851847906,98.0,3.471409787792499,0.044474297392291445,0.2229886263891085,1.9844674545084815,completed,True,COMPLETE
279,3.0977762895207115,2026-06-12 07:18:25.491187,2026-06-12 07:18:25.622321,0 days 00:00:00.131134,7.0,2.0,15.0,,,,,,,,,,,,DecisionTreeRegressor,,,,,,2,,,,,,,,True,,,,,,,,,,,,,,,,,,,,,,,,,,,,,,,,,,,,,,,,,,,,,DecisionTreeRegressor,"{'mode': 'original', 'type': 'DecisionTreeRegressor'}",2,"['re_T6W30', 'density_T6W30']",,,,,,,,,,,,,,,pruned,True,PRUNED
280,2.7770945939298604,2026-06-12 07:18:25.632965,2026-06-12 07:18:25.837764,0 days 00:00:00.204799,,,,,,,,,,,,,,0.011783154857729381,QuantileRegressor,,,,,,2,,,,,,,,True,,,,,,,,,,,,,,,,,,,,,,,,,,,,,,,,,,,,,,,,,,,,,QuantileRegressor,"{'mode': 'original', 'type': 'QuantileRegressor'}",2,"['l1_T6W30', 'density_T6W30']",,,,,,,,,,,,,,,pruned,True,PRUNED
