number,value,datetime_start,datetime_complete,duration,params_dt_max_depth,params_dt_min_samples_leaf,params_dt_min_samples_split,params_elastic_alpha,params_elastic_l1_ratio,params_et_max_depth,params_et_max_features,params_et_min_samples_leaf,params_et_min_samples_split,params_et_n_estimators,params_knn_metric,params_knn_n_neighbors,params_knn_weights,params_quantile_alpha,params_regressor,params_rf_max_depth,params_rf_max_features,params_rf_min_samples_leaf,params_rf_min_samples_split,params_rf_n_estimators,params_rfe_n_features,params_rfe_proxy_et_max_depth,params_rfe_proxy_et_min_samples_leaf,params_rfe_proxy_et_min_samples_split,params_rfe_proxy_et_n_estimators,params_rfe_proxy_lsvr_C,params_rfe_proxy_lsvr_epsilon,params_rfe_proxy_type,params_use_scaler,user_attrs_d2mae_ci_lower_val,user_attrs_d2mae_ci_upper_val,user_attrs_d2mae_df_val,user_attrs_d2mae_mean_val,user_attrs_d2mae_samperror_val,user_attrs_d2mae_std_val,user_attrs_d2mae_t_critical_val,user_attrs_mae_ci_lower_val,user_attrs_mae_ci_upper_val,user_attrs_mae_df_val,user_attrs_mae_mean_val,user_attrs_mae_samperror_val,user_attrs_mae_std_val,user_attrs_mae_t_critical_val,user_attrs_mape_ci_lower_val,user_attrs_mape_ci_upper_val,user_attrs_mape_df_val,user_attrs_mape_mean_val,user_attrs_mape_samperror_val,user_attrs_mape_std_val,user_attrs_mape_t_critical_val,user_attrs_max_error_ci_lower_val,user_attrs_max_error_ci_upper_val,user_attrs_max_error_df_val,user_attrs_max_error_mean_val,user_attrs_max_error_samperror_val,user_attrs_max_error_std_val,user_attrs_max_error_t_critical_val,user_attrs_median_ae_ci_lower_val,user_attrs_median_ae_ci_upper_val,user_attrs_median_ae_df_val,user_attrs_median_ae_mean_val,user_attrs_median_ae_samperror_val,user_attrs_median_ae_std_val,user_attrs_median_ae_t_critical_val,user_attrs_n_splits_val,user_attrs_r2_below_zero_val,user_attrs_r2_ci_lower_val,user_attrs_r2_ci_upper_val,user_attrs_r2_df_val,user_attrs_r2_mean_val,user_attrs_r2_samperror_val,user_attrs_r2_std_val,user_attrs_r2_t_critical_val,user_attrs_regressor_final,user_attrs_rfe_estimator,user_attrs_rfe_n_features,user_attrs_rfe_selected_features,user_attrs_rho_ci_lower_val,user_attrs_rho_ci_upper_val,user_attrs_rho_df_val,user_attrs_rho_mean_val,user_attrs_rho_samperror_val,user_attrs_rho_std_val,user_attrs_rho_t_critical_val,user_attrs_rmse_ci_lower_val,user_attrs_rmse_ci_upper_val,user_attrs_rmse_df_val,user_attrs_rmse_mean_val,user_attrs_rmse_samperror_val,user_attrs_rmse_std_val,user_attrs_rmse_t_critical_val,user_attrs_termination_reason,user_attrs_use_scaler_final,state
97,2.7844941548891473,2026-06-12 07:14:02.448235,2026-06-12 07:14:02.706913,0 days 00:00:00.258678,,,,,,,,,,,,,,0.01814899889008516,QuantileRegressor,,,,,,3,,,,,,,,True,,,,,,,,,,,,,,,,,,,,,,,,,,,,,,,,,,,,,,,,,,,,,QuantileRegressor,"{'mode': 'original', 'type': 'QuantileRegressor'}",3,"['l1_T6W30', 'density_T6W30', 'asp_T6W30']",,,,,,,,,,,,,,,pruned,True,PRUNED
98,2.824467502036447,2026-06-12 07:14:02.717395,2026-06-12 07:14:04.939137,0 days 00:00:02.221742,,,,,,,,,,,,,,0.00240440540794425,QuantileRegressor,,,,,,2,,,,,,,,True,-0.00519250692644945,0.008763197484026713,98.0,0.0017853452787886318,0.006977852205238081,0.03498608791202497,1.9844674545084815,2.792989637669101,2.855945366403793,98.0,2.824467502036447,0.03147786436734601,0.15782611864608706,1.9844674545084815,779765435004832.2,989380752021578.5,98.0,884573093513205.4,104807658508373.08,525492636785121.25,1.9844674545084815,8.581365476276265,8.971261132421873,98.0,8.776313304349069,0.19494782807280372,0.9774442981313802,1.9844674545084815,2.50323544096563,2.5853884650506793,98.0,2.5443119530081546,0.04107651204252452,0.2059525508952911,1.9844674545084815,99.0,0.45454545454545453,-0.019672821052072506,0.006493755412943719,98.0,-0.006589532819564393,0.013083288232508112,0.06559798901118642,1.9844674545084815,QuantileRegressor,"{'mode': 'original', 'type': 'QuantileRegressor'}",2,"['lcc_T6W30', 'asp_T6W30']",0.13087707326745399,0.18164680386466583,93.0,0.1562619385660599,0.025384865298605924,0.12393754432319043,1.9858018143458227,3.437648890427025,3.527580455460261,98.0,3.482614672943643,0.044965782516617946,0.22545287201389136,1.9844674545084815,completed,True,COMPLETE
99,2.804029052600775,2026-06-12 07:14:04.990919,2026-06-12 07:14:07.208611,0 days 00:00:02.217692,,,,,,,,,,,,,,0.003717722366288461,QuantileRegressor,,,,,,2,,,,,,,,True,0.0021384743713709674,0.01578239524971455,98.0,0.008960434810542758,0.00682196043917179,0.03420446587820461,1.9844674545084815,2.7732531923199057,2.8348049128816446,98.0,2.804029052600775,0.030775860280869573,0.15430635698280212,1.9844674545084815,787821119641998.0,999689842605618.8,98.0,893755481123808.4,105934361481810.44,531141786139392.3,1.9844674545084815,8.487115941229133,8.888955256784415,98.0,8.688035599006774,0.2009196577776405,1.0073863136547563,1.9844674545084815,2.4611620440627404,2.542403556919781,98.0,2.501782800491261,0.04062075642852027,0.20366744861611386,1.9844674545084815,99.0,0.41414141414141414,-0.00810043271032377,0.017623314314562783,98.0,0.0047614408021195076,0.012861873512443276,0.06448784299012428,1.9844674545084815,QuantileRegressor,"{'mode': 'original', 'type': 'QuantileRegressor'}",2,"['l1_T6W30', 'atd_T6W30']",0.15317239835689542,0.20245419076711887,98.0,0.17781329456200715,0.024640896205111736,0.12354640590065458,1.9844674545084815,3.418979377550658,3.506102632983936,98.0,3.462541005267297,0.043561627716639094,0.21841261351754857,1.9844674545084815,completed,True,COMPLETE
100,2.8030486232383276,2026-06-12 07:14:07.222746,2026-06-12 07:14:09.353300,0 days 00:00:02.130554,,,,,,,,,,,,,,0.004292815091815098,QuantileRegressor,,,,,,2,,,,,,,,True,0.0025746352399468085,0.01609775802034114,98.0,0.009336196630143973,0.006761561390197165,0.03390163251701036,1.9844674545084815,2.7720851516824383,2.834012094794217,98.0,2.8030486232383276,0.03096347155588951,0.15524701671133684,1.9844674545084815,787181365301382.1,999001435448480.6,98.0,893091400374931.4,105910035073549.2,531019816537145.25,1.9844674545084815,8.49146741098288,8.891791683577539,98.0,8.69162954728021,0.20016213629732932,1.0035881946453682,1.9844674545084815,2.462200914523459,2.5428063675797024,98.0,2.5025036410515806,0.040302726528121655,0.20207288603055978,1.9844674545084815,99.0,0.41414141414141414,-0.007364070270223677,0.018111891669160492,98.0,0.005373910699468408,0.012737980969692085,0.06386666110423056,1.9844674545084815,QuantileRegressor,"{'mode': 'original', 'type': 'QuantileRegressor'}",2,"['l1_T6W30', 'atd_T6W30']",0.15394825771930049,0.20307013258087314,98.0,0.1785091951500868,0.024560937430786314,0.12314550249576632,1.9844674545084815,3.4178901172409026,3.505281799119279,98.0,3.4615859581800907,0.04369584093918811,0.219085542015451,1.9844674545084815,completed,True,COMPLETE
101,2.803022431892931,2026-06-12 07:14:09.367569,2026-06-12 07:14:11.757282,0 days 00:00:02.389713,,,,,,,,,,,,,,0.00440428111163691,QuantileRegressor,,,,,,2,,,,,,,,True,0.002586464703716022,0.016103979348669566,98.0,0.009345222026192795,0.0067587573224767725,0.03388757326827716,1.9844674545084815,2.772066558095053,2.833978305690809,98.0,2.803022431892931,0.03095587379787818,0.15520892249238516,1.9844674545084815,787234185637414.8,999049057990970.2,98.0,893141621814192.5,105907436176777.77,531006785990173.8,1.9844674545084815,8.491950927692121,8.892584582239211,98.0,8.692267754965666,0.20031682727354522,1.0043637960673966,1.9844674545084815,2.4633459221995895,2.543399496199356,98.0,2.5033727091994726,0.04002678699988327,0.20068935936513346,1.9844674545084815,99.0,0.41414141414141414,-0.007275524736838983,0.018161258403130542,98.0,0.00544286683314578,0.012718391569984763,0.06376844227698315,1.9844674545084815,QuantileRegressor,"{'mode': 'original', 'type': 'QuantileRegressor'}",2,"['l1_T6W30', 'atd_T6W30']",0.1539685015424596,0.20311151171228753,98.0,0.17854000662737357,0.024571505084913965,0.12319848740651813,1.9844674545084815,3.417804242054657,3.5051273599574437,98.0,3.4614658010060504,0.04366155895139322,0.21891365636876295,1.9844674545084815,completed,True,COMPLETE
102,2.802632796082886,2026-06-12 07:14:11.770170,2026-06-12 07:14:14.006750,0 days 00:00:02.236580,,,,,,,,,,,,,,0.0044773652268594345,QuantileRegressor,,,,,,2,,,,,,,,True,0.002756881536024286,0.016213066275770963,98.0,0.009484973905897625,0.006728092369873339,0.03373382298867158,1.9844674545084815,2.771710387911983,2.8335552042537886,98.0,2.802632796082886,0.03092240817090263,0.15504112997787495,1.9844674545084815,787219334611027.0,999277423560829.8,98.0,893248379085928.4,106029044474901.36,531616514956028.1,1.9844674545084815,8.491765066008114,8.892445451261985,98.0,8.69210525863505,0.20034019262693614,1.0044809470593905,1.9844674545084815,2.463697012432498,2.5435627760536073,98.0,2.5036298942430526,0.03993288181055452,0.20021853036035966,1.9844674545084815,99.0,0.41414141414141414,-0.006966665614912656,0.018426736401812756,98.0,0.00573003539345005,0.012696701008362706,0.06365968848377429,1.9844674545084815,QuantileRegressor,"{'mode': 'original', 'type': 'QuantileRegressor'}",2,"['l1_T6W30', 'atd_T6W30']",0.15429411780138289,0.20334745093874093,98.0,0.1788207843700619,0.024526666568679033,0.12297367263189989,1.9844674545084815,3.417317331526186,3.5046406293511168,98.0,3.4609789804386515,0.04366164891246519,0.2189141074224511,1.9844674545084815,completed,True,COMPLETE
103,2.8027142841881134,2026-06-12 07:14:14.038681,2026-06-12 07:14:16.254666,0 days 00:00:02.215985,,,,,,,,,,,,,,0.004737321255181618,QuantileRegressor,,,,,,2,,,,,,,,True,0.0027536614329915715,0.016170037557874616,98.0,0.009461849495433093,0.006708188062441522,0.033634025253042446,1.9844674545084815,2.7717698499978622,2.8336587183783646,98.0,2.8027142841881134,0.030944434190251172,0.15515156571463382,1.9844674545084815,787267833340021.5,999324639528534.2,98.0,893296236434277.9,106028403094256.33,531613299152802.2,1.9844674545084815,8.491969368517827,8.89082605299369,98.0,8.691397710755759,0.19942834223793196,0.9999090419897522,1.9844674545084815,2.4640475201969005,2.5434205089373023,98.0,2.5037340145671014,0.03968649437020081,0.19898317420848202,1.9844674545084815,99.0,0.41414141414141414,-0.006746155994528072,0.018613818156929033,98.0,0.00593383108120048,0.012679987075728552,0.06357588689278398,1.9844674545084815,QuantileRegressor,"{'mode': 'original', 'type': 'QuantileRegressor'}",2,"['l1_T6W30', 'atd_T6W30']",0.15458084203992256,0.203839195176301,98.0,0.17921001860811178,0.024629176568189214,0.12348764509065052,1.9844674545084815,3.4169403252314066,3.5043624773045465,98.0,3.4606514012679765,0.04371107603657001,0.21916192890939398,1.9844674545084815,completed,True,COMPLETE
104,2.802142454454564,2026-06-12 07:14:16.267852,2026-06-12 07:14:18.577130,0 days 00:00:02.309278,,,,,,,,,,,,,,0.00521109716088269,QuantileRegressor,,,,,,2,,,,,,,,True,0.002997361221846606,0.01631843894983514,98.0,0.009657900085840873,0.006660538863994267,0.03339511806544656,1.9844674545084815,2.7713471247687895,2.8329377841403387,98.0,2.802142454454564,0.030795329685774375,0.15440397417095106,1.9844674545084815,787275995567259.1,999465749041454.6,98.0,893370872304356.9,106094876737097.77,531946589776317.7,1.9844674545084815,8.49371216314521,8.892013549699493,98.0,8.692862856422352,0.19915069327714213,0.9985169444409416,1.9844674545084815,2.4673384296315786,2.5469167678691913,98.0,2.507127598750385,0.039789169118806346,0.19949797269882003,1.9844674545084815,99.0,0.40404040404040403,-0.005991404225539553,0.019108983955253886,98.0,0.006558789864857166,0.012550194090396719,0.06292512091757818,1.9844674545084815,QuantileRegressor,"{'mode': 'original', 'type': 'QuantileRegressor'}",2,"['l1_T6W30', 'atd_T6W30']",0.15470116261824973,0.20408997170404514,98.0,0.17939556716114743,0.024694404542897716,0.1238146900882161,1.9844674545084815,3.416009602464018,3.503172818487182,98.0,3.4595912104756,0.043581608011582014,0.21851279224515993,1.9844674545084815,completed,True,COMPLETE
105,2.7683771205282115,2026-06-12 07:14:18.590580,2026-06-12 07:14:18.839398,0 days 00:00:00.248818,,,,,,,,,,,,,,0.006947420166042611,QuantileRegressor,,,,,,2,,,,,,,,True,,,,,,,,,,,,,,,,,,,,,,,,,,,,,,,,,,,,,,,,,,,,,QuantileRegressor,"{'mode': 'original', 'type': 'QuantileRegressor'}",2,"['l1_T6W30', 'density_T6W30']",,,,,,,,,,,,,,,pruned,True,PRUNED
106,2.7770945939298604,2026-06-12 07:14:18.849010,2026-06-12 07:14:19.033932,0 days 00:00:00.184922,,,,,,,,,,,,,,0.010618588045056564,QuantileRegressor,,,,,,2,,,,,,,,True,,,,,,,,,,,,,,,,,,,,,,,,,,,,,,,,,,,,,,,,,,,,,QuantileRegressor,"{'mode': 'original', 'type': 'QuantileRegressor'}",2,"['l1_T6W30', 'density_T6W30']",,,,,,,,,,,,,,,pruned,True,PRUNED
107,2.8025619931795345,2026-06-12 07:14:19.043808,2026-06-12 07:14:21.395158,0 days 00:00:02.351350,,,,,,,,,,,,,,0.004943836616446876,QuantileRegressor,,,,,,2,,,,,,,,True,0.0028153831867861146,0.016221086555636196,98.0,0.009518234871211156,0.006702851684425041,0.03360726931368961,1.9844674545084815,2.7716027268012002,2.8335212595578687,98.0,2.8025619931795345,0.030959266378334314,0.15522593247118607,1.9844674545084815,787218627939993.9,999427190915185.9,98.0,893322909427589.9,106104281487596.02,531993744032103.7,1.9844674545084815,8.493211974120758,8.891591557040108,98.0,8.692401765580433,0.19918979145967566,0.9987129778923655,1.9844674545084815,2.4661102910018546,2.5455307730200505,98.0,2.5058205320109526,0.03971024100909774,0.1991022369188443,1.9844674545084815,99.0,0.41414141414141414,-0.006672397334358652,0.018669254592307557,98.0,0.0059984286289744525,0.012670825963333104,0.06352995420831146,1.9844674545084815,QuantileRegressor,"{'mode': 'original', 'type': 'QuantileRegressor'}",2,"['l1_T6W30', 'atd_T6W30']",0.15461622080218312,0.20400040132950475,98.0,0.17930831106584394,0.02469209026366082,0.1238030865783604,1.9844674545084815,3.4168388316976825,3.5042444368561556,98.0,3.460541634276919,0.04370280257923633,0.2191204468176129,1.9844674545084815,completed,True,COMPLETE
108,2.7770945939298604,2026-06-12 07:14:21.408426,2026-06-12 07:14:21.645067,0 days 00:00:00.236641,,,,,,,,,,,,,,0.012252060037456623,QuantileRegressor,,,,,,2,,,,,,,,True,,,,,,,,,,,,,,,,,,,,,,,,,,,,,,,,,,,,,,,,,,,,,QuantileRegressor,"{'mode': 'original', 'type': 'QuantileRegressor'}",2,"['l1_T6W30', 'density_T6W30']",,,,,,,,,,,,,,,pruned,True,PRUNED
109,2.803921568627451,2026-06-12 07:14:21.654282,2026-06-12 07:14:21.823372,0 days 00:00:00.169090,,,,,,,,,,,,,,0.8652475557828766,QuantileRegressor,,,,,,2,,,,,,,,True,,,,,,,,,,,,,,,,,,,,,,,,,,,,,,,,,,,,,,,,,,,,,QuantileRegressor,"{'mode': 'original', 'type': 'QuantileRegressor'}",2,"['diameter_T6W30', 'asp_T6W30']",,,,,,,,,,,,,,,pruned,True,PRUNED
110,2.8019455167652962,2026-06-12 07:14:21.832607,2026-06-12 07:14:24.071601,0 days 00:00:02.238994,,,,,,,,,,,,,,0.0060001562148112204,QuantileRegressor,,,,,,2,,,,,,,,True,0.0030972712597641195,0.016355331567978165,98.0,0.009726301413871142,0.0066290301541070224,0.03323713729117878,1.9844674545084815,2.771224938157127,2.8326660953734657,98.0,2.8019455167652962,0.030720578608169378,0.15402918151331296,1.9844674545084815,787559572246114.9,999991198076261.9,98.0,893775385161188.4,106215812915073.53,532552948814880.9,1.9844674545084815,8.49896821464821,8.89666489285729,98.0,8.69781655375275,0.19884833910453964,0.9970009780157286,1.9844674545084815,2.4691934125178174,2.5475560076412695,98.0,2.5083747100795435,0.03918129756172618,0.19645017989528923,1.9844674545084815,99.0,0.3939393939393939,-0.0058791503238376725,0.019251591538635822,98.0,0.006686220607399074,0.012565370931236747,0.06300121572042561,1.9844674545084815,QuantileRegressor,"{'mode': 'original', 'type': 'QuantileRegressor'}",2,"['l1_T6W30', 'atd_T6W30']",0.15433359649143644,0.20362849393764512,98.0,0.17898104521454078,0.02464744872310435,0.12357925941543133,1.9844674545084815,3.4158242489118855,3.5028717149601922,98.0,3.459347981936039,0.04352373302415331,0.21822261421637223,1.9844674545084815,completed,True,COMPLETE
111,2.7683771205282115,2026-06-12 07:14:24.088700,2026-06-12 07:14:24.272028,0 days 00:00:00.183328,,,,,,,,,,,,,,0.007054686639506122,QuantileRegressor,,,,,,2,,,,,,,,True,,,,,,,,,,,,,,,,,,,,,,,,,,,,,,,,,,,,,,,,,,,,,QuantileRegressor,"{'mode': 'original', 'type': 'QuantileRegressor'}",2,"['l1_T6W30', 'density_T6W30']",,,,,,,,,,,,,,,pruned,True,PRUNED
112,2.8025619931795345,2026-06-12 07:14:24.281408,2026-06-12 07:14:26.421389,0 days 00:00:02.139981,,,,,,,,,,,,,,0.004993694757965561,QuantileRegressor,,,,,,2,,,,,,,,True,0.0028153831867861146,0.016221086555636196,98.0,0.009518234871211156,0.006702851684425041,0.03360726931368961,1.9844674545084815,2.7716027268012002,2.8335212595578687,98.0,2.8025619931795345,0.030959266378334314,0.15522593247118607,1.9844674545084815,787218627939993.9,999427190915185.9,98.0,893322909427589.9,106104281487596.02,531993744032103.7,1.9844674545084815,8.493211974120758,8.891591557040108,98.0,8.692401765580433,0.19918979145967566,0.9987129778923655,1.9844674545084815,2.4661102910018546,2.5455307730200505,98.0,2.5058205320109526,0.03971024100909774,0.1991022369188443,1.9844674545084815,99.0,0.41414141414141414,-0.006672397334358652,0.018669254592307557,98.0,0.0059984286289744525,0.012670825963333104,0.06352995420831146,1.9844674545084815,QuantileRegressor,"{'mode': 'original', 'type': 'QuantileRegressor'}",2,"['l1_T6W30', 'atd_T6W30']",0.15461622080218312,0.20400040132950475,98.0,0.17930831106584394,0.02469209026366082,0.1238030865783604,1.9844674545084815,3.4168388316976825,3.5042444368561556,98.0,3.460541634276919,0.04370280257923633,0.2191204468176129,1.9844674545084815,completed,True,COMPLETE
113,2.8035789621713376,2026-06-12 07:14:26.434752,2026-06-12 07:14:28.656482,0 days 00:00:02.221730,,,,,,,,,,,,,,0.0037752988198279927,QuantileRegressor,,,,,,2,,,,,,,,True,0.0023538229939364507,0.015922932082983933,98.0,0.009138377538460191,0.00678455454452374,0.03401691734893048,1.9844674545084815,2.772681534781137,2.834476389561538,98.0,2.8035789621713376,0.030897427390200377,0.15491587943314372,1.9844674545084815,787624020259184.2,999486892040061.0,98.0,893555456149622.6,105931435890438.36,531127117586099.94,1.9844674545084815,8.489637836877344,8.890128356490782,98.0,8.689883096684063,0.2002452598067198,1.0040049656404473,1.9844674545084815,2.4613097544481133,2.542433809333272,98.0,2.5018717818906926,0.040562027442579425,0.2033729887444118,1.9844674545084815,99.0,0.41414141414141414,-0.007842985541082224,0.01781215868847333,98.0,0.004984586573695551,0.012827572114777776,0.06431586002474567,1.9844674545084815,QuantileRegressor,"{'mode': 'original', 'type': 'QuantileRegressor'}",2,"['l1_T6W30', 'atd_T6W30']",0.15318502988969496,0.2024645341539591,98.0,0.17782478202182703,0.024639752132132063,0.12354066966023743,1.9844674545084815,3.418546337313925,3.5058620375283334,98.0,3.462204187421129,0.04365785010720405,0.21889506068272122,1.9844674545084815,completed,True,COMPLETE
114,2.8035789621713376,2026-06-12 07:14:28.668818,2026-06-12 07:14:30.925610,0 days 00:00:02.256792,,,,,,,,,,,,,,0.0037714431237897187,QuantileRegressor,,,,,,2,,,,,,,,True,0.0023538229939364507,0.015922932082983933,98.0,0.009138377538460191,0.00678455454452374,0.03401691734893048,1.9844674545084815,2.772681534781137,2.834476389561538,98.0,2.8035789621713376,0.030897427390200377,0.15491587943314372,1.9844674545084815,787624020259184.2,999486892040061.0,98.0,893555456149622.6,105931435890438.36,531127117586099.94,1.9844674545084815,8.489637836877344,8.890128356490782,98.0,8.689883096684063,0.2002452598067198,1.0040049656404473,1.9844674545084815,2.4613097544481133,2.542433809333272,98.0,2.5018717818906926,0.040562027442579425,0.2033729887444118,1.9844674545084815,99.0,0.41414141414141414,-0.007842985541082224,0.01781215868847333,98.0,0.004984586573695551,0.012827572114777776,0.06431586002474567,1.9844674545084815,QuantileRegressor,"{'mode': 'original', 'type': 'QuantileRegressor'}",2,"['l1_T6W30', 'atd_T6W30']",0.15318502988969496,0.2024645341539591,98.0,0.17782478202182703,0.024639752132132063,0.12354066966023743,1.9844674545084815,3.418546337313925,3.5058620375283334,98.0,3.462204187421129,0.04365785010720405,0.21889506068272122,1.9844674545084815,completed,True,COMPLETE
115,2.7770945939298604,2026-06-12 07:14:30.938049,2026-06-12 07:14:31.120381,0 days 00:00:00.182332,,,,,,,,,,,,,,0.01224549700039696,QuantileRegressor,,,,,,2,,,,,,,,True,,,,,,,,,,,,,,,,,,,,,,,,,,,,,,,,,,,,,,,,,,,,,QuantileRegressor,"{'mode': 'original', 'type': 'QuantileRegressor'}",2,"['l1_T6W30', 'density_T6W30']",,,,,,,,,,,,,,,pruned,True,PRUNED
116,2.817288219608387,2026-06-12 07:14:31.130120,2026-06-12 07:14:31.531589,0 days 00:00:00.401469,,,,,,,,,,,minkowski,11.0,distance,,KNeighborsRegressor,,,,,,2,2.0,5.0,2.0,80.0,,,ExtraTrees,,,,,,,,,,,,,,,,,,,,,,,,,,,,,,,,,,,,,,,,,,,,,,KNeighborsRegressor,"{'mode': 'proxy', 'type': 'ExtraTrees'}",2,"['atd_T6W30', 'density_T6W30']",,,,,,,,,,,,,,,pruned,True,PRUNED
117,2.8243240876537508,2026-06-12 07:14:31.541241,2026-06-12 07:14:36.416688,0 days 00:00:04.875447,,,,,,,,,,,,,,,RandomForestRegressor,20.0,log2,3.0,2.0,495.0,2,,,,,,,,True,,,,,,,,,,,,,,,,,,,,,,,,,,,,,,,,,,,,,,,,,,,,,RandomForestRegressor,"{'mode': 'original', 'type': 'RandomForestRegressor'}",2,"['l3_T6W30', 'density_T6W30']",,,,,,,,,,,,,,,pruned,True,PRUNED
