number,value,datetime_start,datetime_complete,duration,params_dt_max_depth,params_dt_min_samples_leaf,params_dt_min_samples_split,params_elastic_alpha,params_elastic_l1_ratio,params_et_max_depth,params_et_max_features,params_et_min_samples_leaf,params_et_min_samples_split,params_et_n_estimators,params_knn_metric,params_knn_n_neighbors,params_knn_weights,params_quantile_alpha,params_regressor,params_rf_max_depth,params_rf_max_features,params_rf_min_samples_leaf,params_rf_min_samples_split,params_rf_n_estimators,params_rfe_n_features,params_rfe_proxy_et_max_depth,params_rfe_proxy_et_min_samples_leaf,params_rfe_proxy_et_min_samples_split,params_rfe_proxy_et_n_estimators,params_rfe_proxy_lsvr_C,params_rfe_proxy_lsvr_epsilon,params_rfe_proxy_type,params_use_scaler,user_attrs_d2mae_ci_lower_val,user_attrs_d2mae_ci_upper_val,user_attrs_d2mae_df_val,user_attrs_d2mae_mean_val,user_attrs_d2mae_samperror_val,user_attrs_d2mae_std_val,user_attrs_d2mae_t_critical_val,user_attrs_mae_ci_lower_val,user_attrs_mae_ci_upper_val,user_attrs_mae_df_val,user_attrs_mae_mean_val,user_attrs_mae_samperror_val,user_attrs_mae_std_val,user_attrs_mae_t_critical_val,user_attrs_mape_ci_lower_val,user_attrs_mape_ci_upper_val,user_attrs_mape_df_val,user_attrs_mape_mean_val,user_attrs_mape_samperror_val,user_attrs_mape_std_val,user_attrs_mape_t_critical_val,user_attrs_max_error_ci_lower_val,user_attrs_max_error_ci_upper_val,user_attrs_max_error_df_val,user_attrs_max_error_mean_val,user_attrs_max_error_samperror_val,user_attrs_max_error_std_val,user_attrs_max_error_t_critical_val,user_attrs_median_ae_ci_lower_val,user_attrs_median_ae_ci_upper_val,user_attrs_median_ae_df_val,user_attrs_median_ae_mean_val,user_attrs_median_ae_samperror_val,user_attrs_median_ae_std_val,user_attrs_median_ae_t_critical_val,user_attrs_n_splits_val,user_attrs_r2_below_zero_val,user_attrs_r2_ci_lower_val,user_attrs_r2_ci_upper_val,user_attrs_r2_df_val,user_attrs_r2_mean_val,user_attrs_r2_samperror_val,user_attrs_r2_std_val,user_attrs_r2_t_critical_val,user_attrs_regressor_final,user_attrs_rfe_estimator,user_attrs_rfe_n_features,user_attrs_rfe_selected_features,user_attrs_rho_ci_lower_val,user_attrs_rho_ci_upper_val,user_attrs_rho_df_val,user_attrs_rho_mean_val,user_attrs_rho_samperror_val,user_attrs_rho_std_val,user_attrs_rho_t_critical_val,user_attrs_rmse_ci_lower_val,user_attrs_rmse_ci_upper_val,user_attrs_rmse_df_val,user_attrs_rmse_mean_val,user_attrs_rmse_samperror_val,user_attrs_rmse_std_val,user_attrs_rmse_t_critical_val,user_attrs_termination_reason,user_attrs_use_scaler_final,state
140,2.771917087583943,2026-06-12 07:15:22.234195,2026-06-12 07:15:22.422135,0 days 00:00:00.187940,,,,,,,,,,,,,,0.008952616435721435,QuantileRegressor,,,,,,2,,,,,,,,True,,,,,,,,,,,,,,,,,,,,,,,,,,,,,,,,,,,,,,,,,,,,,QuantileRegressor,"{'mode': 'original', 'type': 'QuantileRegressor'}",2,"['l1_T6W30', 'density_T6W30']",,,,,,,,,,,,,,,pruned,True,PRUNED
141,2.802750826505511,2026-06-12 07:15:22.431855,2026-06-12 07:15:24.626934,0 days 00:00:02.195079,,,,,,,,,,,,,,0.005130738395888038,QuantileRegressor,,,,,,2,,,,,,,,True,0.002749647838954347,0.01614686889220956,98.0,0.009448258365581955,0.006698610526627608,0.033586004673054434,1.9844674545084815,2.7718292207486184,2.833672432262404,98.0,2.802750826505511,0.030921605756892817,0.1550371067732751,1.9844674545084815,787506574467901.5,999692542081945.8,98.0,893599558274923.6,106092983807022.17,531937098859042.9,1.9844674545084815,8.49356642212383,8.891864740455617,98.0,8.692715581289724,0.19914915916589376,0.9985092525968865,1.9844674545084815,2.467419383162213,2.5470386047942877,98.0,2.5072289939782504,0.03980961081603713,0.19960046484043495,1.9844674545084815,99.0,0.41414141414141414,-0.006512448451949431,0.018838714320697683,98.0,0.006163132934374126,0.012675581386323556,0.06355379731101833,1.9844674545084815,QuantileRegressor,"{'mode': 'original', 'type': 'QuantileRegressor'}",2,"['l1_T6W30', 'atd_T6W30']",0.1545469848757192,0.20398987788664316,98.0,0.17926843138118118,0.024721446505461993,0.12395027514386937,1.9844674545084815,3.4165210832952093,3.504010395156496,98.0,3.4602657392258527,0.043744655930643465,0.21933029434500012,1.9844674545084815,completed,True,COMPLETE
142,2.768267482888358,2026-06-12 07:15:24.639166,2026-06-12 07:15:24.824224,0 days 00:00:00.185058,,,,,,,,,,,,,,0.006375613969555428,QuantileRegressor,,,,,,2,,,,,,,,True,,,,,,,,,,,,,,,,,,,,,,,,,,,,,,,,,,,,,,,,,,,,,QuantileRegressor,"{'mode': 'original', 'type': 'QuantileRegressor'}",2,"['l1_T6W30', 'density_T6W30']",,,,,,,,,,,,,,,pruned,True,PRUNED
143,2.8127712992922724,2026-06-12 07:15:24.833489,2026-06-12 07:15:27.266964,0 days 00:00:02.433475,,,,,,,,,,,,,,0.003124959237373935,QuantileRegressor,,,,,,2,,,,,,,,True,-0.0007003527882685845,0.01257832382181211,98.0,0.0059389855167717625,0.006639338305040347,0.033288821085010495,1.9844674545084815,2.781618296256787,2.843924302327758,98.0,2.8127712992922724,0.03115300303548523,0.15619730410811694,1.9844674545084815,798197527169782.4,1012466198488839.6,98.0,905331862829311.0,107134335659528.58,537158308249489.7,1.9844674545084815,8.483966953364112,8.84848789470571,98.0,8.666227424034911,0.18226047067079987,0.9138314573342395,1.9844674545084815,2.455096689069023,2.525689333414731,98.0,2.490393011241877,0.035296322172853736,0.1769713938027559,1.9844674545084815,99.0,0.4444444444444444,-0.011552771091344703,0.013383120458038716,98.0,0.0009151746833470064,0.01246794577469171,0.06251273803539112,1.9844674545084815,QuantileRegressor,"{'mode': 'original', 'type': 'QuantileRegressor'}",2,"['l1_T6W30', 'lcc_T6W30']",0.14314949996846255,0.19207725510920054,98.0,0.16761337753883154,0.02446387757036899,0.1226588563603351,1.9844674545084815,3.426026771996529,3.512741809146962,98.0,3.4693842905717456,0.04335751857521633,0.21738923552738357,1.9844674545084815,completed,True,COMPLETE
144,2.802750826505511,2026-06-12 07:15:27.279404,2026-06-12 07:15:29.531474,0 days 00:00:02.252070,,,,,,,,,,,,,,0.005128009717580021,QuantileRegressor,,,,,,2,,,,,,,,True,0.002749647838954347,0.01614686889220956,98.0,0.009448258365581955,0.006698610526627608,0.033586004673054434,1.9844674545084815,2.7718292207486184,2.833672432262404,98.0,2.802750826505511,0.030921605756892817,0.1550371067732751,1.9844674545084815,787506574467901.5,999692542081945.8,98.0,893599558274923.6,106092983807022.17,531937098859042.9,1.9844674545084815,8.49356642212383,8.891864740455617,98.0,8.692715581289724,0.19914915916589376,0.9985092525968865,1.9844674545084815,2.467419383162213,2.5470386047942877,98.0,2.5072289939782504,0.03980961081603713,0.19960046484043495,1.9844674545084815,99.0,0.41414141414141414,-0.006512448451949431,0.018838714320697683,98.0,0.006163132934374126,0.012675581386323556,0.06355379731101833,1.9844674545084815,QuantileRegressor,"{'mode': 'original', 'type': 'QuantileRegressor'}",2,"['l1_T6W30', 'atd_T6W30']",0.1545469848757192,0.20398987788664316,98.0,0.17926843138118118,0.024721446505461993,0.12395027514386937,1.9844674545084815,3.4165210832952093,3.504010395156496,98.0,3.4602657392258527,0.043744655930643465,0.21933029434500012,1.9844674545084815,completed,True,COMPLETE
145,2.7718346631527426,2026-06-12 07:15:29.543888,2026-06-12 07:15:29.725157,0 days 00:00:00.181269,,,,,,,,,,,,,,0.010281533066007443,QuantileRegressor,,,,,,3,,,,,,,,True,,,,,,,,,,,,,,,,,,,,,,,,,,,,,,,,,,,,,,,,,,,,,QuantileRegressor,"{'mode': 'original', 'type': 'QuantileRegressor'}",3,"['l1_T6W30', 'lsc_T6W30', 'density_T6W30']",,,,,,,,,,,,,,,pruned,True,PRUNED
146,2.866600365481651,2026-06-12 07:15:29.734693,2026-06-12 07:15:32.376110,0 days 00:00:02.641417,,,,,,,,,,,,,,,RandomForestRegressor,14.0,,4.0,9.0,234.0,2,,,,,,,,True,,,,,,,,,,,,,,,,,,,,,,,,,,,,,,,,,,,,,,,,,,,,,RandomForestRegressor,"{'mode': 'original', 'type': 'RandomForestRegressor'}",2,"['l3_T6W30', 'density_T6W30']",,,,,,,,,,,,,,,pruned,True,PRUNED
147,2.7844941548891473,2026-06-12 07:15:32.386089,2026-06-12 07:15:32.570797,0 days 00:00:00.184708,,,,,,,,,,,,,,0.01693576235459961,QuantileRegressor,,,,,,2,,,,,,,,True,,,,,,,,,,,,,,,,,,,,,,,,,,,,,,,,,,,,,,,,,,,,,QuantileRegressor,"{'mode': 'original', 'type': 'QuantileRegressor'}",2,"['l1_T6W30', 'density_T6W30']",,,,,,,,,,,,,,,pruned,True,PRUNED
148,2.813184997815114,2026-06-12 07:15:32.580236,2026-06-12 07:15:34.771896,0 days 00:00:02.191660,,,,,,,,,,,,,,0.005404308210084326,QuantileRegressor,,,,,,3,,,,,,,,True,-0.0010732262362921569,0.012660310728000872,98.0,0.005793542245854358,0.006866768482146515,0.03442912786366522,1.9844674545084815,2.7815818384311406,2.844788157199088,98.0,2.813184997815114,0.03160315938397378,0.15845433236253514,1.9844674545084815,788101770405288.8,1001171588558257.0,98.0,894636679481772.9,106534909076484.19,534152857501270.5,1.9844674545084815,8.50895314780796,8.902935483462299,98.0,8.70594431563513,0.19699116782716933,0.9876893509323993,1.9844674545084815,2.4763373436109917,2.5549953096173676,98.0,2.5156663266141797,0.039328983003188135,0.19719065643253023,1.9844674545084815,99.0,0.42424242424242425,-0.011709789612116252,0.013776833294531082,98.0,0.0010335218412074153,0.012743311453323667,0.06389338748986655,1.9844674545084815,QuantileRegressor,"{'mode': 'original', 'type': 'QuantileRegressor'}",3,"['l1_T6W30', 'atd_T6W30', 'asp_T6W30']",0.14683385940704058,0.1955357575944245,98.0,0.17118480850073253,0.024350949093691943,0.1220926469456633,1.9844674545084815,3.4249804101428127,3.513721643556016,98.0,3.4693510268494143,0.04437061670660168,0.22246878425464794,1.9844674545084815,completed,True,COMPLETE
149,2.8245942824002985,2026-06-12 07:15:34.784960,2026-06-12 07:15:37.171730,0 days 00:00:02.386770,,,,,,,,,,,,,,0.0018217161207230116,QuantileRegressor,,,,,,2,,,,,,,,True,-0.0052582880886633265,0.008739895995547791,98.0,0.0017408039534422327,0.006999092042105559,0.03509258182706158,1.9844674545084815,2.793073468220775,2.856115096579822,98.0,2.8245942824002985,0.03152081417952314,0.158041463692161,1.9844674545084815,779387636132625.8,988847979347000.5,98.0,884117807739813.1,104730171607187.4,525104127046425.8,1.9844674545084815,8.58216977996923,8.972930375843548,98.0,8.777550077906389,0.19538029793715891,0.9796126485418797,1.9844674545084815,2.5032668704771535,2.5855552548136993,98.0,2.5444110626454264,0.041144192168272795,0.2062918906748795,1.9844674545084815,99.0,0.46464646464646464,-0.01981231664505375,0.006371249473775858,98.0,-0.006720533585638946,0.013091783059414804,0.06564058102262682,1.9844674545084815,QuantileRegressor,"{'mode': 'original', 'type': 'QuantileRegressor'}",2,"['lcc_T6W30', 'asp_T6W30']",0.13069629127905644,0.18156135134307963,93.0,0.15612882131106803,0.025432530032011604,0.12417025975971646,1.9858018143458227,3.437828353395752,3.5278820662750117,98.0,3.4828552098353818,0.045026856439629705,0.22575908911003703,1.9844674545084815,completed,True,COMPLETE
150,2.775343735952291,2026-06-12 07:15:37.184786,2026-06-12 07:15:37.410037,0 days 00:00:00.225251,,,,,,,,,,,,,,0.007797990280555959,QuantileRegressor,,,,,,3,,,,,,,,True,,,,,,,,,,,,,,,,,,,,,,,,,,,,,,,,,,,,,,,,,,,,,QuantileRegressor,"{'mode': 'original', 'type': 'QuantileRegressor'}",3,"['l1_T6W30', 'l3_T6W30', 'density_T6W30']",,,,,,,,,,,,,,,pruned,True,PRUNED
151,2.8025228427664604,2026-06-12 07:15:37.421060,2026-06-12 07:15:39.589903,0 days 00:00:02.168843,,,,,,,,,,,,,,0.004460259340253953,QuantileRegressor,,,,,,2,,,,,,,,True,0.0027866534776376257,0.016260640805022368,98.0,0.009523647141329998,0.006736993663692372,0.03377845297493722,1.9844674545084815,2.7715867061032107,2.83345897942971,98.0,2.8025228427664604,0.03093613666324976,0.15510996294051577,1.9844674545084815,787098103439650.0,998949128510781.8,98.0,893023615975215.9,105925512535565.81,531097418617390.2,1.9844674545084815,8.492032200232492,8.892575680829376,98.0,8.692303940530934,0.2002717402984423,1.0041377355507446,1.9844674545084815,2.4635109781655453,2.5433524742559976,98.0,2.5034317262107715,0.0399207480452263,0.20015769316175025,1.9844674545084815,99.0,0.41414141414141414,-0.006950262655526651,0.018453394145550722,98.0,0.005751565745012035,0.012701828400538686,0.06368539659397095,1.9844674545084815,QuantileRegressor,"{'mode': 'original', 'type': 'QuantileRegressor'}",2,"['l1_T6W30', 'atd_T6W30']",0.15431804381912867,0.2033841233071263,98.0,0.17885108356312748,0.024533039743998817,0.12300562694469677,1.9844674545084815,3.4172721149733647,3.5046094334197315,98.0,3.460940774196548,0.04366865922318333,0.21894925625333223,1.9844674545084815,completed,True,COMPLETE
152,2.763787904836676,2026-06-12 07:15:39.602599,2026-06-12 07:15:39.801868,0 days 00:00:00.199269,,,,,,,,,,,,,,0.0034129591742356876,QuantileRegressor,,,,,,2,,,,,,,,True,,,,,,,,,,,,,,,,,,,,,,,,,,,,,,,,,,,,,,,,,,,,,QuantileRegressor,"{'mode': 'original', 'type': 'QuantileRegressor'}",2,"['l1_T6W30', 'lcc_T6W30']",,,,,,,,,,,,,,,pruned,True,PRUNED
153,2.802684884833923,2026-06-12 07:15:39.811620,2026-06-12 07:15:42.071167,0 days 00:00:02.259547,,,,,,,,,,,,,,0.0048267635362110066,QuantileRegressor,,,,,,2,,,,,,,,True,0.00276961936812793,0.016174681633502837,98.0,0.009472150500815384,0.006702531132687454,0.033605662106924304,1.9844674545084815,2.77175184875299,2.833617920914856,98.0,2.802684884833923,0.030933036080933035,0.1550944170042705,1.9844674545084815,787293896530960.4,999480000595360.4,98.0,893386948563160.4,106093052032200.05,531937440931646.4,1.9844674545084815,8.491855256348343,8.890364268946742,98.0,8.691109762647542,0.1992545062991998,0.9990374500935829,1.9844674545084815,2.466388311011313,2.545818388639754,98.0,2.5061033498255334,0.0397150388142206,0.19912629252032113,1.9844674545084815,99.0,0.41414141414141414,-0.006707981253006319,0.018635742455174763,98.0,0.005963880601084222,0.012671861854090541,0.06353514803644668,1.9844674545084815,QuantileRegressor,"{'mode': 'original', 'type': 'QuantileRegressor'}",2,"['l1_T6W30', 'atd_T6W30']",0.15461622080218312,0.20400040132950475,98.0,0.17930831106584394,0.02469209026366082,0.1238030865783604,1.9844674545084815,3.4169052467773033,3.504290318192826,98.0,3.4605977824850647,0.04369253570776112,0.2190689699938786,1.9844674545084815,completed,True,COMPLETE
154,2.768267482888358,2026-06-12 07:15:42.085421,2026-06-12 07:15:42.291371,0 days 00:00:00.205950,,,,,,,,,,,,,,0.006507294777954557,QuantileRegressor,,,,,,2,,,,,,,,True,,,,,,,,,,,,,,,,,,,,,,,,,,,,,,,,,,,,,,,,,,,,,QuantileRegressor,"{'mode': 'original', 'type': 'QuantileRegressor'}",2,"['l1_T6W30', 'density_T6W30']",,,,,,,,,,,,,,,pruned,True,PRUNED
155,2.790714731739741,2026-06-12 07:15:42.301131,2026-06-12 07:15:43.497200,0 days 00:00:01.196069,,,,,,7.0,log2,5.0,9.0,188.0,,,,,ExtraTreesRegressor,,,,,,2,,,,,,,,True,,,,,,,,,,,,,,,,,,,,,,,,,,,,,,,,,,,,,,,,,,,,,ExtraTreesRegressor,"{'mode': 'original', 'type': 'ExtraTreesRegressor'}",2,"['nodes_T6W30', 'density_T6W30']",,,,,,,,,,,,,,,pruned,True,PRUNED
156,2.824825903500817,2026-06-12 07:15:43.506822,2026-06-12 07:15:45.864828,0 days 00:00:02.358006,,,,,,,,,,,,,,0.0027488248710541745,QuantileRegressor,,,,,,2,,,,,,,,True,-0.005291008697685537,0.008620394305638938,98.0,0.0016646928039767003,0.006955701501662237,0.03487502702397177,1.9844674545084815,2.7933270729854303,2.8563247340162037,98.0,2.824825903500817,0.0314988305153867,0.15793124031919695,1.9844674545084815,780206261820846.4,990013733958878.6,98.0,885109997889862.5,104903736069016.16,525974357790978.7,1.9844674545084815,8.578813713414075,8.9687200173802,98.0,8.773766865397137,0.19495315198306298,0.9774709915589406,1.9844674545084815,2.500237903960629,2.5832669841589637,98.0,2.5417524440597963,0.0415145400991673,0.20814876939446392,1.9844674545084815,99.0,0.45454545454545453,-0.019785662673253913,0.006329118020004287,98.0,-0.0067282723266248136,0.0130573903466291,0.0654681402145297,1.9844674545084815,QuantileRegressor,"{'mode': 'original', 'type': 'QuantileRegressor'}",2,"['lcc_T6W30', 'asp_T6W30']",0.13066582371012106,0.18134858785855276,93.0,0.1560072057843369,0.025341382074215858,0.1237252444355698,1.9858018143458227,3.437875877778394,3.527887994428685,98.0,3.4828819361035395,0.04500605832514567,0.22565480993639725,1.9844674545084815,completed,True,COMPLETE
157,2.802782061967644,2026-06-12 07:15:45.878040,2026-06-12 07:15:48.084063,0 days 00:00:02.206023,,,,,,,,,,,,,,0.004663482246550723,QuantileRegressor,,,,,,2,,,,,,,,True,0.0027304477622563973,0.016143154608956656,98.0,0.009436801185606527,0.006706353423350129,0.03362482659955275,1.9844674545084815,2.7718513187339027,2.8337128052013854,98.0,2.802782061967644,0.03093074323374127,0.15508292095203832,1.9844674545084815,787347947377635.5,999398436069367.0,98.0,893373191723501.2,106025244345865.7,531597461579056.5,1.9844674545084815,8.49118253409556,8.890149133263781,98.0,8.69066583367967,0.19948329958411115,1.0001845913261789,1.9844674545084815,2.4642682982419872,2.543550339293474,98.0,2.5039093187677306,0.03964102052574327,0.19875517397673523,1.9844674545084815,99.0,0.41414141414141414,-0.006760956221880939,0.01859724532477354,98.0,0.0059181445514463,0.01267910077332724,0.06357144308216477,1.9844674545084815,QuantileRegressor,"{'mode': 'original', 'type': 'QuantileRegressor'}",2,"['l1_T6W30', 'atd_T6W30']",0.15450364099132446,0.20374010598686465,98.0,0.17912187348909456,0.024618232497770107,0.12343277287516982,1.9844674545084815,3.4169716223104407,3.504383257405765,98.0,3.460677439858103,0.04370581754766234,0.21913556349639915,1.9844674545084815,completed,True,COMPLETE
158,2.771889282463792,2026-06-12 07:15:48.096233,2026-06-12 07:15:48.285113,0 days 00:00:00.188880,,,,,,,,,,,,,,0.009409820523040511,QuantileRegressor,,,,,,2,,,,,,,,True,,,,,,,,,,,,,,,,,,,,,,,,,,,,,,,,,,,,,,,,,,,,,QuantileRegressor,"{'mode': 'original', 'type': 'QuantileRegressor'}",2,"['l1_T6W30', 'density_T6W30']",,,,,,,,,,,,,,,pruned,True,PRUNED
159,2.7683771205282115,2026-06-12 07:15:48.294649,2026-06-12 07:15:48.482863,0 days 00:00:00.188214,,,,,,,,,,,,,,0.006864327983315613,QuantileRegressor,,,,,,2,,,,,,,,True,,,,,,,,,,,,,,,,,,,,,,,,,,,,,,,,,,,,,,,,,,,,,QuantileRegressor,"{'mode': 'original', 'type': 'QuantileRegressor'}",2,"['l1_T6W30', 'density_T6W30']",,,,,,,,,,,,,,,pruned,True,PRUNED
160,3.3800452597511415,2026-06-12 07:15:48.492551,2026-06-12 07:15:48.670236,0 days 00:00:00.177685,15.0,4.0,14.0,,,,,,,,,,,,DecisionTreeRegressor,,,,,,8,,,,,,,,True,,,,,,,,,,,,,,,,,,,,,,,,,,,,,,,,,,,,,,,,,,,,,DecisionTreeRegressor,"{'mode': 'original', 'type': 'DecisionTreeRegressor'}",8,"['re_T6W30', 'l1_T6W30', 'l2_T6W30', 'l3_T6W30', 'atd_T6W30', 'density_T6W30', 'diameter_T6W30', 'asp_T6W30']",,,,,,,,,,,,,,,pruned,True,PRUNED
161,2.803022431892931,2026-06-12 07:15:48.681669,2026-06-12 07:15:50.915498,0 days 00:00:02.233829,,,,,,,,,,,,,,0.004350827764994709,QuantileRegressor,,,,,,2,,,,,,,,True,0.002586464703716022,0.016103979348669566,98.0,0.009345222026192795,0.0067587573224767725,0.03388757326827716,1.9844674545084815,2.772066558095053,2.833978305690809,98.0,2.803022431892931,0.03095587379787818,0.15520892249238516,1.9844674545084815,787234185637414.8,999049057990970.2,98.0,893141621814192.5,105907436176777.77,531006785990173.8,1.9844674545084815,8.491950927692121,8.892584582239211,98.0,8.692267754965666,0.20031682727354522,1.0043637960673966,1.9844674545084815,2.4633459221995895,2.543399496199356,98.0,2.5033727091994726,0.04002678699988327,0.20068935936513346,1.9844674545084815,99.0,0.41414141414141414,-0.007275524736838983,0.018161258403130542,98.0,0.00544286683314578,0.012718391569984763,0.06376844227698315,1.9844674545084815,QuantileRegressor,"{'mode': 'original', 'type': 'QuantileRegressor'}",2,"['l1_T6W30', 'atd_T6W30']",0.1539685015424596,0.20311151171228753,98.0,0.17854000662737357,0.024571505084913965,0.12319848740651813,1.9844674545084815,3.417804242054657,3.5051273599574437,98.0,3.4614658010060504,0.04366155895139322,0.21891365636876295,1.9844674545084815,completed,True,COMPLETE
162,2.8020963119577877,2026-06-12 07:15:50.928079,2026-06-12 07:15:53.073610,0 days 00:00:02.145531,,,,,,,,,,,,,,0.005346399894907375,QuantileRegressor,,,,,,2,,,,,,,,True,0.003016488527076004,0.016333862107105288,98.0,0.009675175317090645,0.006658686790014641,0.03338583199558367,1.9844674545084815,2.771294577548879,2.8328980463666964,98.0,2.8020963119577877,0.030801734408908564,0.15443608666058745,1.9844674545084815,787293396915124.9,999457240534555.9,98.0,893375318724840.4,106081921809715.52,531881635372733.56,1.9844674545084815,8.49566789474658,8.89353050042394,98.0,8.69459919758526,0.19893130283868055,0.9974169479174679,1.9844674545084815,2.467956466863149,2.5476272823299153,98.0,2.507791874596532,0.0398354077333833,0.19972980739335616,1.9844674545084815,99.0,0.3939393939393939,-0.005956655323988293,0.019145048912354048,98.0,0.0065941967941828775,0.01255085211817117,0.06292842018745212,1.9844674545084815,QuantileRegressor,"{'mode': 'original', 'type': 'QuantileRegressor'}",2,"['l1_T6W30', 'atd_T6W30']",0.15491007547645289,0.20422277606607295,98.0,0.17956642577126292,0.02465635029481002,0.1236238907949862,1.9844674545084815,3.4159366803332505,3.5031323092041466,98.0,3.4595344947686986,0.04359781443544805,0.21859404924995737,1.9844674545084815,completed,True,COMPLETE
163,2.763787904836676,2026-06-12 07:15:53.107807,2026-06-12 07:15:53.353754,0 days 00:00:00.245947,,,,,,,,,,,,,,0.0033881460185873286,QuantileRegressor,,,,,,2,,,,,,,,True,,,,,,,,,,,,,,,,,,,,,,,,,,,,,,,,,,,,,,,,,,,,,QuantileRegressor,"{'mode': 'original', 'type': 'QuantileRegressor'}",2,"['l1_T6W30', 'lcc_T6W30']",,,,,,,,,,,,,,,pruned,True,PRUNED
