number,value,datetime_start,datetime_complete,duration,params_dt_max_depth,params_dt_min_samples_leaf,params_dt_min_samples_split,params_elastic_alpha,params_elastic_l1_ratio,params_et_max_depth,params_et_max_features,params_et_min_samples_leaf,params_et_min_samples_split,params_et_n_estimators,params_knn_metric,params_knn_n_neighbors,params_knn_weights,params_quantile_alpha,params_regressor,params_rf_max_depth,params_rf_max_features,params_rf_min_samples_leaf,params_rf_min_samples_split,params_rf_n_estimators,params_rfe_n_features,params_rfe_proxy_et_max_depth,params_rfe_proxy_et_min_samples_leaf,params_rfe_proxy_et_min_samples_split,params_rfe_proxy_et_n_estimators,params_rfe_proxy_lsvr_C,params_rfe_proxy_lsvr_epsilon,params_rfe_proxy_type,params_use_scaler,user_attrs_d2mae_ci_lower_val,user_attrs_d2mae_ci_upper_val,user_attrs_d2mae_df_val,user_attrs_d2mae_mean_val,user_attrs_d2mae_samperror_val,user_attrs_d2mae_std_val,user_attrs_d2mae_t_critical_val,user_attrs_mae_ci_lower_val,user_attrs_mae_ci_upper_val,user_attrs_mae_df_val,user_attrs_mae_mean_val,user_attrs_mae_samperror_val,user_attrs_mae_std_val,user_attrs_mae_t_critical_val,user_attrs_mape_ci_lower_val,user_attrs_mape_ci_upper_val,user_attrs_mape_df_val,user_attrs_mape_mean_val,user_attrs_mape_samperror_val,user_attrs_mape_std_val,user_attrs_mape_t_critical_val,user_attrs_max_error_ci_lower_val,user_attrs_max_error_ci_upper_val,user_attrs_max_error_df_val,user_attrs_max_error_mean_val,user_attrs_max_error_samperror_val,user_attrs_max_error_std_val,user_attrs_max_error_t_critical_val,user_attrs_median_ae_ci_lower_val,user_attrs_median_ae_ci_upper_val,user_attrs_median_ae_df_val,user_attrs_median_ae_mean_val,user_attrs_median_ae_samperror_val,user_attrs_median_ae_std_val,user_attrs_median_ae_t_critical_val,user_attrs_n_splits_val,user_attrs_r2_below_zero_val,user_attrs_r2_ci_lower_val,user_attrs_r2_ci_upper_val,user_attrs_r2_df_val,user_attrs_r2_mean_val,user_attrs_r2_samperror_val,user_attrs_r2_std_val,user_attrs_r2_t_critical_val,user_attrs_regressor_final,user_attrs_rfe_estimator,user_attrs_rfe_n_features,user_attrs_rfe_selected_features,user_attrs_rho_ci_lower_val,user_attrs_rho_ci_upper_val,user_attrs_rho_df_val,user_attrs_rho_mean_val,user_attrs_rho_samperror_val,user_attrs_rho_std_val,user_attrs_rho_t_critical_val,user_attrs_rmse_ci_lower_val,user_attrs_rmse_ci_upper_val,user_attrs_rmse_df_val,user_attrs_rmse_mean_val,user_attrs_rmse_samperror_val,user_attrs_rmse_std_val,user_attrs_rmse_t_critical_val,user_attrs_termination_reason,user_attrs_use_scaler_final,state
187,2.8019637198440015,2026-06-12 07:16:24.565563,2026-06-12 07:16:26.970849,0 days 00:00:02.405286,,,,,,,,,,,,,,0.005623417017489623,QuantileRegressor,,,,,,2,,,,,,,,True,0.0030756458230220872,0.01635735639144146,98.0,0.009716501107231773,0.0066408552842096855,0.0332964270309403,1.9844674545084815,2.7712536601912174,2.8326737794967856,98.0,2.8019637198440015,0.030710059652784262,0.15397644077203299,1.9844674545084815,787567306680059.0,999853121649302.8,98.0,893710214164680.9,106142907484621.81,532187410003793.25,1.9844674545084815,8.496974586414236,8.895294253925766,98.0,8.69613442017,0.1991598337557652,0.9985627736702314,1.9844674545084815,2.4672824367634925,2.5459532847615276,98.0,2.50661786076251,0.03933542399901764,0.1972229507889746,1.9844674545084815,99.0,0.3939393939393939,-0.005862236622974585,0.019232566139465574,98.0,0.0066851647582454946,0.01254740138122008,0.0629111186191785,1.9844674545084815,QuantileRegressor,"{'mode': 'original', 'type': 'QuantileRegressor'}",2,"['l1_T6W30', 'atd_T6W30']",0.15466043927653214,0.20388632888025468,98.0,0.1792733840783934,0.02461294480186126,0.1234062610218835,1.9844674545084815,3.4158297244839386,3.5028883483973927,98.0,3.4593590364406657,0.04352931195672724,0.21825058629427613,1.9844674545084815,completed,True,COMPLETE
188,2.803921568627451,2026-06-12 07:16:26.983938,2026-06-12 07:16:27.169826,0 days 00:00:00.185888,,,,,,,,,,,,,,0.2704894065512887,QuantileRegressor,,,,,,3,,,,,,,,True,,,,,,,,,,,,,,,,,,,,,,,,,,,,,,,,,,,,,,,,,,,,,QuantileRegressor,"{'mode': 'original', 'type': 'QuantileRegressor'}",3,"['density_T6W30', 'diameter_T6W30', 'asp_T6W30']",,,,,,,,,,,,,,,pruned,True,PRUNED
189,2.768267482888358,2026-06-12 07:16:27.179554,2026-06-12 07:16:27.368882,0 days 00:00:00.189328,,,,,,,,,,,,,,0.006066893746127187,QuantileRegressor,,,,,,2,,,,,,,,True,,,,,,,,,,,,,,,,,,,,,,,,,,,,,,,,,,,,,,,,,,,,,QuantileRegressor,"{'mode': 'original', 'type': 'QuantileRegressor'}",2,"['l1_T6W30', 'density_T6W30']",,,,,,,,,,,,,,,pruned,True,PRUNED
190,2.8031994959154503,2026-06-12 07:16:27.378274,2026-06-12 07:16:29.578426,0 days 00:00:02.200152,,,,,,,,,,,,,,0.004019302257261053,QuantileRegressor,,,,,,2,,,,,,,,True,0.00249382616774801,0.01606306045820514,98.0,0.009278443312976576,0.006784617145228566,0.0340172312211218,1.9844674545084815,2.7722433671524223,2.8341556246784783,98.0,2.8031994959154503,0.03095612876302819,0.15521020085611234,1.9844674545084815,787213782687308.1,999007084484057.4,98.0,893110433585682.8,105896650898374.64,530952709938221.3,1.9844674545084815,8.491637526605976,8.89203650241256,98.0,8.691837014509268,0.20019948790329253,1.0037754709778912,1.9844674545084815,2.4627659267916746,2.543487978390176,98.0,2.503126952590925,0.040361025799250445,0.20236519136534287,1.9844674545084815,99.0,0.41414141414141414,-0.007589117120177217,0.017999951684208156,98.0,0.0052054172820154695,0.012794534402192687,0.06415021302006327,1.9844674545084815,QuantileRegressor,"{'mode': 'original', 'type': 'QuantileRegressor'}",2,"['l1_T6W30', 'atd_T6W30']",0.15409321362626233,0.20317796597594878,98.0,0.17863558980110555,0.024542376174843217,0.12305243865418836,1.9844674545084815,3.418171086388917,3.505514349531801,98.0,3.461842717960359,0.04367163157144224,0.21896415923987203,1.9844674545084815,completed,True,COMPLETE
191,2.80214848664518,2026-06-12 07:16:29.591444,2026-06-12 07:16:31.827835,0 days 00:00:02.236391,,,,,,,,,,,,,,0.005313919670237195,QuantileRegressor,,,,,,2,,,,,,,,True,0.0029945893775237794,0.016317671565523727,98.0,0.009656130471523753,0.006661541093999974,0.03340014312273588,1.9844674545084815,2.7713481417741526,2.8329488315162075,98.0,2.80214848664518,0.030800344871027542,0.15442911968951487,1.9844674545084815,787314043662138.4,999482330824049.4,98.0,893398187243093.9,106084143580955.45,531892775058934.25,1.9844674545084815,8.49554710523561,8.893482277776394,98.0,8.694514691506003,0.1989675862703924,0.9975988685564101,1.9844674545084815,2.4681851425809587,2.547865757133649,98.0,2.508025449857304,0.039840307276345334,0.19975437309577526,1.9844674545084815,99.0,0.40404040404040403,-0.005986410424639459,0.019124684200035717,98.0,0.006569136887698129,0.012555547312337588,0.06295196131028459,1.9844674545084815,QuantileRegressor,"{'mode': 'original', 'type': 'QuantileRegressor'}",2,"['l1_T6W30', 'atd_T6W30']",0.15461283013596802,0.20394292359841423,98.0,0.17927787686719113,0.024665046731223113,0.12366749365155592,1.9844674545084815,3.415978929625758,3.5031708925692775,98.0,3.459574911097518,0.043595981471759665,0.21858485899673114,1.9844674545084815,completed,True,COMPLETE
192,2.8020872884186194,2026-06-12 07:16:31.840318,2026-06-12 07:16:34.078790,0 days 00:00:02.238472,,,,,,,,,,,,,,0.005359387901507519,QuantileRegressor,,,,,,2,,,,,,,,True,0.003019571655060932,0.016337260676269245,98.0,0.009678416165665088,0.006658844510604156,0.03338662278711206,1.9844674545084815,2.771284763216325,2.832889813620914,98.0,2.8020872884186194,0.030802525202294463,0.15444005160081625,1.9844674545084815,787283379133524.1,999444826916780.1,98.0,893364103025152.1,106080723891628.02,531875629159605.56,1.9844674545084815,8.495672086364937,8.893534343608483,98.0,8.69460321498671,0.19893112862177187,0.9974160744154356,1.9844674545084815,2.467976669105462,2.5476477312908123,98.0,2.507812200198137,0.039835531092675125,0.19973042590158788,1.9844674545084815,99.0,0.3939393939393939,-0.005947727066664741,0.019153306388528996,98.0,0.006602789660932126,0.012550516727596868,0.06292673858059485,1.9844674545084815,QuantileRegressor,"{'mode': 'original', 'type': 'QuantileRegressor'}",2,"['l1_T6W30', 'atd_T6W30']",0.15494865827789367,0.20426224733085147,98.0,0.17960545280437257,0.02465679452647889,0.1236261181176298,1.9844674545084815,3.415920910939459,3.503119464110415,98.0,3.459520187524937,0.04359927658547793,0.21860138028936338,1.9844674545084815,completed,True,COMPLETE
193,2.774339990106473,2026-06-12 07:16:34.092562,2026-06-12 07:16:34.280823,0 days 00:00:00.188261,,,,,,,,,,,,,,0.010530077125627502,QuantileRegressor,,,,,,2,,,,,,,,True,,,,,,,,,,,,,,,,,,,,,,,,,,,,,,,,,,,,,,,,,,,,,QuantileRegressor,"{'mode': 'original', 'type': 'QuantileRegressor'}",2,"['l1_T6W30', 'density_T6W30']",,,,,,,,,,,,,,,pruned,True,PRUNED
194,2.8020963119577877,2026-06-12 07:16:34.290362,2026-06-12 07:16:36.604433,0 days 00:00:02.314071,,,,,,,,,,,,,,0.005342645048926929,QuantileRegressor,,,,,,2,,,,,,,,True,0.003016488527076004,0.016333862107105288,98.0,0.009675175317090645,0.006658686790014641,0.03338583199558367,1.9844674545084815,2.771294577548879,2.8328980463666964,98.0,2.8020963119577877,0.030801734408908564,0.15443608666058745,1.9844674545084815,787293396915124.9,999457240534555.9,98.0,893375318724840.4,106081921809715.52,531881635372733.56,1.9844674545084815,8.49566789474658,8.89353050042394,98.0,8.69459919758526,0.19893130283868055,0.9974169479174679,1.9844674545084815,2.467956466863149,2.5476272823299153,98.0,2.507791874596532,0.0398354077333833,0.19972980739335616,1.9844674545084815,99.0,0.3939393939393939,-0.005956655323988293,0.019145048912354048,98.0,0.0065941967941828775,0.01255085211817117,0.06292842018745212,1.9844674545084815,QuantileRegressor,"{'mode': 'original', 'type': 'QuantileRegressor'}",2,"['l1_T6W30', 'atd_T6W30']",0.15491007547645289,0.20422277606607295,98.0,0.17956642577126292,0.02465635029481002,0.1236238907949862,1.9844674545084815,3.4159366803332505,3.5031323092041466,98.0,3.4595344947686986,0.04359781443544805,0.21859404924995737,1.9844674545084815,completed,True,COMPLETE
195,2.78507959647585,2026-06-12 07:16:36.617507,2026-06-12 07:16:38.946421,0 days 00:00:02.328914,,,,,,16.0,sqrt,3.0,4.0,396.0,,,,,ExtraTreesRegressor,,,,,,2,,,,,,,,True,,,,,,,,,,,,,,,,,,,,,,,,,,,,,,,,,,,,,,,,,,,,,ExtraTreesRegressor,"{'mode': 'original', 'type': 'ExtraTreesRegressor'}",2,"['atd_T6W30', 'density_T6W30']",,,,,,,,,,,,,,,pruned,True,PRUNED
196,2.7683771205282115,2026-06-12 07:16:38.956400,2026-06-12 07:16:39.145601,0 days 00:00:00.189201,,,,,,,,,,,,,,0.007342591090679991,QuantileRegressor,,,,,,2,,,,,,,,True,,,,,,,,,,,,,,,,,,,,,,,,,,,,,,,,,,,,,,,,,,,,,QuantileRegressor,"{'mode': 'original', 'type': 'QuantileRegressor'}",2,"['l1_T6W30', 'density_T6W30']",,,,,,,,,,,,,,,pruned,True,PRUNED
197,2.802081568410285,2026-06-12 07:16:39.155566,2026-06-12 07:16:41.414992,0 days 00:00:02.259426,,,,,,,,,,,,,,0.005784036654778546,QuantileRegressor,,,,,,2,,,,,,,,True,0.0030352303901726163,0.016309643519031577,98.0,0.009672436954602097,0.00663720656442948,0.03327813280124871,1.9844674545084815,2.7714032815390732,2.8327598552814965,98.0,2.802081568410285,0.030678286871211515,0.1538171359749954,1.9844674545084815,787622470418006.6,1000055314890994.4,98.0,893838892654500.5,106216422236493.83,532556003877119.3,1.9844674545084815,8.498197446052641,8.896291910088719,98.0,8.69724467807068,0.1990472320180396,0.9979982024842499,1.9844674545084815,2.468920366379489,2.547443266031614,98.0,2.5081818162055516,0.03926144982606247,0.19685205343516046,1.9844674545084815,99.0,0.3939393939393939,-0.0059460687957587095,0.01919916630762243,98.0,0.006626548755931862,0.012572617551690571,0.06303754937909385,1.9844674545084815,QuantileRegressor,"{'mode': 'original', 'type': 'QuantileRegressor'}",2,"['l1_T6W30', 'atd_T6W30']",0.15431162810983887,0.2036128013235994,98.0,0.17896221471671914,0.024650586606880277,0.12359499237657944,1.9844674545084815,3.4159422994446635,3.5029347903048325,98.0,3.459438544874748,0.043496245430084374,0.21808479481947188,1.9844674545084815,completed,True,COMPLETE
198,3.2031643205138893,2026-06-12 07:16:41.427268,2026-06-12 07:16:41.566309,0 days 00:00:00.139041,6.0,2.0,5.0,,,,,,,,,,,,DecisionTreeRegressor,,,,,,2,,,,,,,,True,,,,,,,,,,,,,,,,,,,,,,,,,,,,,,,,,,,,,,,,,,,,,DecisionTreeRegressor,"{'mode': 'original', 'type': 'DecisionTreeRegressor'}",2,"['density_T6W30', 'asp_T6W30']",,,,,,,,,,,,,,,pruned,True,PRUNED
199,2.802163331242241,2026-06-12 07:16:41.576492,2026-06-12 07:16:43.825990,0 days 00:00:02.249498,,,,,,,,,,,,,,0.005318747864686461,QuantileRegressor,,,,,,2,,,,,,,,True,0.0029902245220535,0.016311297776311757,98.0,0.009650761149182629,0.006660536627129129,0.033395106850081416,1.9844674545084815,2.771365889150061,2.832960773334421,98.0,2.802163331242241,0.030797442092179755,0.15441456551539787,1.9844674545084815,787302243080975.8,999463739143286.0,98.0,893382991112130.9,106080748031155.14,531875750192208.9,1.9844674545084815,8.49574058371581,8.893590093533328,98.0,8.694665338624569,0.19892475490875955,0.9973841174067148,1.9844674545084815,2.4678710485780293,2.547545011056534,98.0,2.5077080298172816,0.03983698123925248,0.19973769675716752,1.9844674545084815,99.0,0.40404040404040403,-0.00600145242495662,0.01910210036958489,98.0,0.006550323972314135,0.012551776397270755,0.06293305440853939,1.9844674545084815,QuantileRegressor,"{'mode': 'original', 'type': 'QuantileRegressor'}",2,"['l1_T6W30', 'atd_T6W30']",0.15466514562295766,0.20402290130407988,98.0,0.17934402346351877,0.024678877840561105,0.1237368411230969,1.9844674545084815,3.416018876446503,3.503195772245502,98.0,3.4596073243460026,0.04358844789949931,0.21854708659719616,1.9844674545084815,completed,True,COMPLETE
200,2.773020409022503,2026-06-12 07:16:43.838288,2026-06-12 07:16:44.022110,0 days 00:00:00.183822,,,,,,,,,,,,,,0.009130420187641316,QuantileRegressor,,,,,,3,,,,,,,,True,,,,,,,,,,,,,,,,,,,,,,,,,,,,,,,,,,,,,,,,,,,,,QuantileRegressor,"{'mode': 'original', 'type': 'QuantileRegressor'}",3,"['l1_T6W30', 'lsc_T6W30', 'density_T6W30']",,,,,,,,,,,,,,,pruned,True,PRUNED
201,2.801917340922111,2026-06-12 07:16:44.033403,2026-06-12 07:16:46.184888,0 days 00:00:02.151485,,,,,,,,,,,,,,0.005554386887592705,QuantileRegressor,,,,,,2,,,,,,,,True,0.0030882585926752986,0.016379671166161007,98.0,0.009733964879418152,0.006645706286742854,0.03332074935765273,1.9844674545084815,2.771189278198092,2.83264540364613,98.0,2.801917340922111,0.03072806272401938,0.15406670594452337,1.9844674545084815,787558949866416.9,999842228010315.1,98.0,893700588938366.0,106141639071949.17,532181050339534.4,1.9844674545084815,8.497953442234108,8.896123026407915,98.0,8.697038234321012,0.19908479208690438,0.998186524023978,1.9844674545084815,2.466666209424515,2.5455720577406966,98.0,2.506119133582606,0.03945292415809064,0.19781208205373813,1.9844674545084815,99.0,0.3939393939393939,-0.005904144850525756,0.019182139843011932,98.0,0.006638997496243089,0.012543142346768845,0.06288976434721222,1.9844674545084815,QuantileRegressor,"{'mode': 'original', 'type': 'QuantileRegressor'}",2,"['l1_T6W30', 'atd_T6W30']",0.15466043927653214,0.20388632888025468,98.0,0.1792733840783934,0.02461294480186126,0.1234062610218835,1.9844674545084815,3.4159258976543327,3.5029434794244256,98.0,3.459434688539379,0.04350879088504628,0.21814769617898533,1.9844674545084815,completed,True,COMPLETE
202,2.80214848664518,2026-06-12 07:16:46.198192,2026-06-12 07:16:48.394827,0 days 00:00:02.196635,,,,,,,,,,,,,,0.005306433398959015,QuantileRegressor,,,,,,2,,,,,,,,True,0.0029945893775237794,0.016317671565523727,98.0,0.009656130471523753,0.006661541093999974,0.03340014312273588,1.9844674545084815,2.7713481417741526,2.8329488315162075,98.0,2.80214848664518,0.030800344871027542,0.15442911968951487,1.9844674545084815,787314043662138.4,999482330824049.4,98.0,893398187243093.9,106084143580955.45,531892775058934.25,1.9844674545084815,8.49554710523561,8.893482277776394,98.0,8.694514691506003,0.1989675862703924,0.9975988685564101,1.9844674545084815,2.4681851425809587,2.547865757133649,98.0,2.508025449857304,0.039840307276345334,0.19975437309577526,1.9844674545084815,99.0,0.40404040404040403,-0.005986410424639459,0.019124684200035717,98.0,0.006569136887698129,0.012555547312337588,0.06295196131028459,1.9844674545084815,QuantileRegressor,"{'mode': 'original', 'type': 'QuantileRegressor'}",2,"['l1_T6W30', 'atd_T6W30']",0.15461283013596802,0.20394292359841423,98.0,0.17927787686719113,0.024665046731223113,0.12366749365155592,1.9844674545084815,3.415978929625758,3.5031708925692775,98.0,3.459574911097518,0.043595981471759665,0.21858485899673114,1.9844674545084815,completed,True,COMPLETE
203,2.8031994959154503,2026-06-12 07:16:48.407636,2026-06-12 07:16:50.640013,0 days 00:00:02.232377,,,,,,,,,,,,,,0.004008947567431639,QuantileRegressor,,,,,,2,,,,,,,,True,0.00249382616774801,0.01606306045820514,98.0,0.009278443312976576,0.006784617145228566,0.0340172312211218,1.9844674545084815,2.7722433671524223,2.8341556246784783,98.0,2.8031994959154503,0.03095612876302819,0.15521020085611234,1.9844674545084815,787213782687308.1,999007084484057.4,98.0,893110433585682.8,105896650898374.64,530952709938221.3,1.9844674545084815,8.491637526605976,8.89203650241256,98.0,8.691837014509268,0.20019948790329253,1.0037754709778912,1.9844674545084815,2.4627659267916746,2.543487978390176,98.0,2.503126952590925,0.040361025799250445,0.20236519136534287,1.9844674545084815,99.0,0.41414141414141414,-0.007589117120177217,0.017999951684208156,98.0,0.0052054172820154695,0.012794534402192687,0.06415021302006327,1.9844674545084815,QuantileRegressor,"{'mode': 'original', 'type': 'QuantileRegressor'}",2,"['l1_T6W30', 'atd_T6W30']",0.15409321362626233,0.20317796597594878,98.0,0.17863558980110555,0.024542376174843217,0.12305243865418836,1.9844674545084815,3.418171086388917,3.505514349531801,98.0,3.461842717960359,0.04367163157144224,0.21896415923987203,1.9844674545084815,completed,True,COMPLETE
204,2.812820972159086,2026-06-12 07:16:50.652242,2026-06-12 07:16:52.986479,0 days 00:00:02.334237,,,,,,,,,,,,,,0.003035516693468828,QuantileRegressor,,,,,,2,,,,,,,,True,-0.0007198316662818897,0.012561034397258438,98.0,0.005920601365488274,0.006640433031770164,0.03329430990943419,1.9844674545084815,2.781674203518648,2.843967740799524,98.0,2.812820972159086,0.0311467686404382,0.15616604562244282,1.9844674545084815,798235057544944.2,1012500160746252.5,98.0,905367609145598.4,107132551600654.14,537149363198951.8,1.9844674545084815,8.483441255672691,8.848014190856262,98.0,8.665727723264476,0.18228646759178524,0.9139618026806705,1.9844674545084815,2.454444198369293,2.524932370554817,98.0,2.489688284462055,0.0352440860927617,0.17670948855791455,1.9844674545084815,99.0,0.4444444444444444,-0.011563088209935391,0.013373930841560428,98.0,0.0009054213158125181,0.01246850952574791,0.06251556461346022,1.9844674545084815,QuantileRegressor,"{'mode': 'original', 'type': 'QuantileRegressor'}",2,"['l1_T6W30', 'lcc_T6W30']",0.14315000344972328,0.1920776710663435,98.0,0.1676138372580334,0.024463833808310114,0.12265863694278453,1.9844674545084815,3.4260462745578963,3.5127528086904145,98.0,3.4693995416241554,0.04335326706625922,0.21736791898731406,1.9844674545084815,completed,True,COMPLETE
205,2.7683771205282115,2026-06-12 07:16:52.999142,2026-06-12 07:16:53.206335,0 days 00:00:00.207193,,,,,,,,,,,,,,0.00736113304860986,QuantileRegressor,,,,,,2,,,,,,,,True,,,,,,,,,,,,,,,,,,,,,,,,,,,,,,,,,,,,,,,,,,,,,QuantileRegressor,"{'mode': 'original', 'type': 'QuantileRegressor'}",2,"['l1_T6W30', 'density_T6W30']",,,,,,,,,,,,,,,pruned,True,PRUNED
206,2.8231158540188654,2026-06-12 07:16:53.216144,2026-06-12 07:16:55.061438,0 days 00:00:01.845294,,,,0.0012032443128337873,0.24422262694820918,,,,,,,,,,ElasticNet,,,,,,2,,,,,,,,True,-0.0030151446230553868,0.007333815938838876,98.0,0.0021593356578917446,0.005174480280947131,0.025944204130944212,1.9844674545084815,2.795724960946791,2.85050674709094,98.0,2.8231158540188654,0.027390893072074703,0.13733455006242634,1.9844674545084815,864134804735289.2,1095596113377602.8,98.0,979865459056446.0,115730654321156.72,580259186796291.9,1.9844674545084815,8.115956247417774,8.472062705230897,98.0,8.294009476324335,0.17805322890656217,0.8927368674946513,1.9844674545084815,2.47108649288406,2.5324627899594296,98.0,2.5017746414217448,0.030688148537684718,0.15386658115096682,1.9844674545084815,99.0,0.32323232323232326,0.00311327890024307,0.0221540207673133,98.0,0.012633649833778186,0.009520370933535116,0.0477339623481438,1.9844674545084815,ElasticNet,"{'mode': 'original', 'type': 'ElasticNet'}",2,"['l1_T6W30', 'lcc_T6W30']",0.14355528146139657,0.18902504001357678,98.0,0.16629016073748668,0.022734879276090105,0.1139898727613455,1.9844674545084815,3.409575603970464,3.4890812602643253,98.0,3.4493284321173947,0.03975282814693053,0.19931576356061254,1.9844674545084815,completed,True,COMPLETE
