number,value,datetime_start,datetime_complete,duration,params_dt_max_depth,params_dt_min_samples_leaf,params_dt_min_samples_split,params_elastic_alpha,params_elastic_l1_ratio,params_et_max_depth,params_et_max_features,params_et_min_samples_leaf,params_et_min_samples_split,params_et_n_estimators,params_knn_metric,params_knn_n_neighbors,params_knn_weights,params_quantile_alpha,params_regressor,params_rf_max_depth,params_rf_max_features,params_rf_min_samples_leaf,params_rf_min_samples_split,params_rf_n_estimators,params_rfe_n_features,params_rfe_proxy_et_max_depth,params_rfe_proxy_et_min_samples_leaf,params_rfe_proxy_et_min_samples_split,params_rfe_proxy_et_n_estimators,params_rfe_proxy_lsvr_C,params_rfe_proxy_lsvr_epsilon,params_rfe_proxy_type,params_use_scaler,user_attrs_d2mae_ci_lower_val,user_attrs_d2mae_ci_upper_val,user_attrs_d2mae_df_val,user_attrs_d2mae_mean_val,user_attrs_d2mae_samperror_val,user_attrs_d2mae_std_val,user_attrs_d2mae_t_critical_val,user_attrs_mae_ci_lower_val,user_attrs_mae_ci_upper_val,user_attrs_mae_df_val,user_attrs_mae_mean_val,user_attrs_mae_samperror_val,user_attrs_mae_std_val,user_attrs_mae_t_critical_val,user_attrs_mape_ci_lower_val,user_attrs_mape_ci_upper_val,user_attrs_mape_df_val,user_attrs_mape_mean_val,user_attrs_mape_samperror_val,user_attrs_mape_std_val,user_attrs_mape_t_critical_val,user_attrs_max_error_ci_lower_val,user_attrs_max_error_ci_upper_val,user_attrs_max_error_df_val,user_attrs_max_error_mean_val,user_attrs_max_error_samperror_val,user_attrs_max_error_std_val,user_attrs_max_error_t_critical_val,user_attrs_median_ae_ci_lower_val,user_attrs_median_ae_ci_upper_val,user_attrs_median_ae_df_val,user_attrs_median_ae_mean_val,user_attrs_median_ae_samperror_val,user_attrs_median_ae_std_val,user_attrs_median_ae_t_critical_val,user_attrs_n_splits_val,user_attrs_r2_below_zero_val,user_attrs_r2_ci_lower_val,user_attrs_r2_ci_upper_val,user_attrs_r2_df_val,user_attrs_r2_mean_val,user_attrs_r2_samperror_val,user_attrs_r2_std_val,user_attrs_r2_t_critical_val,user_attrs_regressor_final,user_attrs_rfe_estimator,user_attrs_rfe_n_features,user_attrs_rfe_selected_features,user_attrs_rho_ci_lower_val,user_attrs_rho_ci_upper_val,user_attrs_rho_df_val,user_attrs_rho_mean_val,user_attrs_rho_samperror_val,user_attrs_rho_std_val,user_attrs_rho_t_critical_val,user_attrs_rmse_ci_lower_val,user_attrs_rmse_ci_upper_val,user_attrs_rmse_df_val,user_attrs_rmse_mean_val,user_attrs_rmse_samperror_val,user_attrs_rmse_std_val,user_attrs_rmse_t_critical_val,user_attrs_termination_reason,user_attrs_use_scaler_final,state
71,2.8025619931795345,2026-06-12 07:13:13.050892,2026-06-12 07:13:15.248520,0 days 00:00:02.197628,,,,,,,,,,,,,,0.00497268871498866,QuantileRegressor,,,,,,2,,,,,,,,True,0.0028153831867861146,0.016221086555636196,98.0,0.009518234871211156,0.006702851684425041,0.03360726931368961,1.9844674545084815,2.7716027268012002,2.8335212595578687,98.0,2.8025619931795345,0.030959266378334314,0.15522593247118607,1.9844674545084815,787218627939993.9,999427190915185.9,98.0,893322909427589.9,106104281487596.02,531993744032103.7,1.9844674545084815,8.493211974120758,8.891591557040108,98.0,8.692401765580433,0.19918979145967566,0.9987129778923655,1.9844674545084815,2.4661102910018546,2.5455307730200505,98.0,2.5058205320109526,0.03971024100909774,0.1991022369188443,1.9844674545084815,99.0,0.41414141414141414,-0.006672397334358652,0.018669254592307557,98.0,0.0059984286289744525,0.012670825963333104,0.06352995420831146,1.9844674545084815,QuantileRegressor,"{'mode': 'original', 'type': 'QuantileRegressor'}",2,"['l1_T6W30', 'atd_T6W30']",0.15461622080218312,0.20400040132950475,98.0,0.17930831106584394,0.02469209026366082,0.1238030865783604,1.9844674545084815,3.4168388316976825,3.5042444368561556,98.0,3.460541634276919,0.04370280257923633,0.2191204468176129,1.9844674545084815,completed,True,COMPLETE
72,2.8152573822774816,2026-06-12 07:13:15.260823,2026-06-12 07:13:17.544421,0 days 00:00:02.283598,,,,,,,,,,,,,,0.004339366269470819,QuantileRegressor,,,,,,3,,,,,,,,True,-0.002041763001634944,0.012134817994634934,98.0,0.005046527496499995,0.007088290498134939,0.0355398118532175,1.9844674545084815,2.783388795358739,2.8471259691962243,98.0,2.8152573822774816,0.0318685869187427,0.15978515319286546,1.9844674545084815,787845949913662.1,1000049264904336.1,98.0,893947607408999.1,106101657495336.97,531980587659461.25,1.9844674545084815,8.508878909296316,8.903818112780572,98.0,8.706348511038444,0.19746960174212871,0.9900881594076343,1.9844674545084815,2.476879674145036,2.554326935154175,98.0,2.5156033046496056,0.038723630504569354,0.1941554938765589,1.9844674545084815,99.0,0.4444444444444444,-0.013265530241448035,0.012492350018144907,98.0,-0.0003865901116515638,0.01287894012979647,0.06457341289867459,1.9844674545084815,QuantileRegressor,"{'mode': 'original', 'type': 'QuantileRegressor'}",3,"['l1_T6W30', 'atd_T6W30', 'asp_T6W30']",0.14595445201677468,0.19402222172292502,98.0,0.16998833686984985,0.024033884853075168,0.12050292605881922,1.9844674545084815,3.427356203168767,3.516131175033737,98.0,3.471743689101252,0.044387485932484996,0.2225533644667824,1.9844674545084815,completed,True,COMPLETE
73,2.8127858264220653,2026-06-12 07:13:17.648130,2026-06-12 07:13:20.112775,0 days 00:00:02.464645,,,,,,,,,,,,,,0.005865841560118858,QuantileRegressor,,,,,,3,,,,,,,,True,-0.0008989941345283565,0.012748032652144428,98.0,0.005924519258808035,0.006823513393336392,0.034212252198311144,1.9844674545084815,2.781361139771484,2.8442105130726465,98.0,2.8127858264220653,0.031424686650581284,0.15755949215143375,1.9844674545084815,787540235732382.5,1000399850920723.2,98.0,893970043326552.9,106429807594170.31,533625891668265.7,1.9844674545084815,8.509456018707244,8.903624076111672,98.0,8.706540047409458,0.1970840287022136,0.988154943874515,1.9844674545084815,2.4761328312750632,2.5544293209522535,98.0,2.5152810761136584,0.03914824483859521,0.19628445762958635,1.9844674545084815,99.0,0.42424242424242425,-0.01148847887069818,0.013978002188036364,98.0,0.0012447616586690928,0.012733240529367272,0.0638428931227561,1.9844674545084815,QuantileRegressor,"{'mode': 'original', 'type': 'QuantileRegressor'}",3,"['l1_T6W30', 'atd_T6W30', 'asp_T6W30']",0.14741847823720686,0.19606599973353447,98.0,0.17174223898537067,0.024323760748163812,0.1219563279439344,1.9844674545084815,3.4246485180803465,3.5133053773580047,98.0,3.4689769477191756,0.044328429638829214,0.22225726351468014,1.9844674545084815,completed,True,COMPLETE
74,2.775343735952291,2026-06-12 07:13:20.125863,2026-06-12 07:13:20.309562,0 days 00:00:00.183699,,,,,,,,,,,,,,0.008356490624663175,QuantileRegressor,,,,,,3,,,,,,,,True,,,,,,,,,,,,,,,,,,,,,,,,,,,,,,,,,,,,,,,,,,,,,QuantileRegressor,"{'mode': 'original', 'type': 'QuantileRegressor'}",3,"['l1_T6W30', 'l3_T6W30', 'density_T6W30']",,,,,,,,,,,,,,,pruned,True,PRUNED
75,2.7720452455879507,2026-06-12 07:13:20.319223,2026-06-12 07:13:20.539451,0 days 00:00:00.220228,,,,,,,,,,,,,,0.004921464079954391,QuantileRegressor,,,,,,4,,,,,,,,True,,,,,,,,,,,,,,,,,,,,,,,,,,,,,,,,,,,,,,,,,,,,,QuantileRegressor,"{'mode': 'original', 'type': 'QuantileRegressor'}",4,"['l1_T6W30', 'l3_T6W30', 'atd_T6W30', 'asp_T6W30']",,,,,,,,,,,,,,,pruned,True,PRUNED
76,2.892535413634714,2026-06-12 07:13:20.548919,2026-06-12 07:13:44.073194,0 days 00:00:23.524275,,,,,,12.0,,3.0,12.0,449.0,,,,,ExtraTreesRegressor,,,,,,3,,,,,,,,True,-0.029526995489307383,-0.015163024818953808,98.0,-0.022345010154130596,0.007181985335176788,0.0360095861776419,1.9844674545084815,2.861145825034803,2.923925002234625,98.0,2.892535413634714,0.03138958859991077,0.15738351486642083,1.9844674545084815,857388238894102.5,1085760465763535.8,98.0,971574352328819.1,114186113434716.56,572515049825871.8,1.9844674545084815,8.5699733650111,8.975455079459943,98.0,8.772714222235521,0.20274085722442076,1.0165175824286283,1.9844674545084815,2.5894306198596055,2.6836611513734994,98.0,2.6365458856165525,0.04711526575694672,0.23623011512533398,1.9844674545084815,99.0,0.8282828282828283,-0.06736086298987469,-0.04151944845141374,98.0,-0.054440155720644215,0.012920707269230473,0.06478282816989155,1.9844674545084815,ExtraTreesRegressor,"{'mode': 'original', 'type': 'ExtraTreesRegressor'}",3,"['l1_T6W30', 'atd_T6W30', 'density_T6W30']",0.04650023921618324,0.08524057567242735,98.0,0.06587040744430529,0.019370168228122053,0.09711962772600294,1.9844674545084815,3.5212098243532512,3.60633006905827,98.0,3.5637699467057606,0.042560122352509194,0.2133911894914692,1.9844674545084815,completed,True,COMPLETE
77,2.8026268157171286,2026-06-12 07:13:44.085701,2026-06-12 07:13:44.262668,0 days 00:00:00.176967,,,,,,,,,,,,,,0.021756331097016232,QuantileRegressor,,,,,,3,,,,,,,,True,,,,,,,,,,,,,,,,,,,,,,,,,,,,,,,,,,,,,,,,,,,,,QuantileRegressor,"{'mode': 'original', 'type': 'QuantileRegressor'}",3,"['l1_T6W30', 'density_T6W30', 'asp_T6W30']",,,,,,,,,,,,,,,pruned,True,PRUNED
78,3.367931839402427,2026-06-12 07:13:44.273249,2026-06-12 07:13:44.397047,0 days 00:00:00.123798,11.0,3.0,10.0,,,,,,,,,,,,DecisionTreeRegressor,,,,,,4,,,,,,,,True,,,,,,,,,,,,,,,,,,,,,,,,,,,,,,,,,,,,,,,,,,,,,DecisionTreeRegressor,"{'mode': 'original', 'type': 'DecisionTreeRegressor'}",4,"['re_T6W30', 'l1_T6W30', 'l3_T6W30', 'density_T6W30']",,,,,,,,,,,,,,,pruned,True,PRUNED
79,2.813426252791602,2026-06-12 07:13:44.407566,2026-06-12 07:13:46.728902,0 days 00:00:02.321336,,,,,,,,,,,,,,0.00575347826427363,QuantileRegressor,,,,,,3,,,,,,,,True,-0.0011433707088225453,0.01255786632541559,98.0,0.005707247808296522,0.006850618517119067,0.034348153936501466,1.9844674545084815,2.781861404813377,2.844991100769827,98.0,2.813426252791602,0.03156484797822478,0.1582622437125976,1.9844674545084815,787996561830926.9,1001042500151371.4,98.0,894519530991149.1,106522969160222.3,534092992237903.7,1.9844674545084815,8.50892600852345,8.902437903692427,98.0,8.705681956107938,0.19675594758448953,0.9865099857284607,1.9844674545084815,2.4774363731073064,2.555840349576249,98.0,2.5166383613417778,0.03920198823447153,0.19655392036934005,1.9844674545084815,99.0,0.42424242424242425,-0.011742697949104729,0.013707988772998208,98.0,0.0009826454119467403,0.012725343361051468,0.06380329769756991,1.9844674545084815,QuantileRegressor,"{'mode': 'original', 'type': 'QuantileRegressor'}",3,"['l1_T6W30', 'atd_T6W30', 'asp_T6W30']",0.1468099870693987,0.19546889531023418,98.0,0.17113944118981644,0.024329454120417725,0.12198487380823944,1.9844674545084815,3.4250705709882716,3.513840720163114,98.0,3.469455645575693,0.04438507458742123,0.2225412742808762,1.9844674545084815,completed,True,COMPLETE
80,2.842212974194639,2026-06-12 07:13:46.741890,2026-06-12 07:13:48.913415,0 days 00:00:02.171525,,,,,,,,,,,,,,0.005772760186744947,QuantileRegressor,,,,,,4,,,,,,,,True,-0.012499615309374013,0.0036315144084540143,98.0,-0.004434050450459999,0.008065564858914014,0.040439744625470606,1.9844674545084815,2.8079325205769057,2.8764934278123726,98.0,2.842212974194639,0.03428045361773327,0.1718779545135393,1.9844674545084815,789455959731083.5,1004498813528913.5,98.0,896977386629998.5,107521426898915.02,539099135846981.94,1.9844674545084815,8.534699910539194,8.923647369816466,98.0,8.72917364017783,0.1944737296386368,0.9750672272206111,1.9844674545084815,2.4909471675404626,2.577377563551414,98.0,2.534162365545938,0.0432151980054755,0.21667565779340628,1.9844674545084815,99.0,0.5151515151515151,-0.03160519313299212,-0.0018043401581563211,98.0,-0.016704766645574222,0.0149004264874179,0.07470889547132237,1.9844674545084815,QuantileRegressor,"{'mode': 'original', 'type': 'QuantileRegressor'}",4,"['l1_T6W30', 'l3_T6W30', 'atd_T6W30', 'asp_T6W30']",0.11252256542673542,0.16309805812323178,98.0,0.1378103117749836,0.025287746348248177,0.1267896325136644,1.9844674545084815,3.452975151839751,3.546110222037276,98.0,3.4995426869385136,0.046567535098762484,0.23348386135043178,1.9844674545084815,completed,True,COMPLETE
81,2.7682544587776428,2026-06-12 07:13:48.925665,2026-06-12 07:13:49.104133,0 days 00:00:00.178468,,,,,,,,,,,,,,0.0034586432447948194,QuantileRegressor,,,,,,3,,,,,,,,True,,,,,,,,,,,,,,,,,,,,,,,,,,,,,,,,,,,,,,,,,,,,,QuantileRegressor,"{'mode': 'original', 'type': 'QuantileRegressor'}",3,"['l1_T6W30', 'lcc_T6W30', 'asp_T6W30']",,,,,,,,,,,,,,,pruned,True,PRUNED
82,2.7961827499030862,2026-06-12 07:13:49.113427,2026-06-12 07:13:49.290476,0 days 00:00:00.177049,,,,,,,,,,,,,,0.022061257979697362,QuantileRegressor,,,,,,3,,,,,,,,True,,,,,,,,,,,,,,,,,,,,,,,,,,,,,,,,,,,,,,,,,,,,,QuantileRegressor,"{'mode': 'original', 'type': 'QuantileRegressor'}",3,"['l1_T6W30', 'density_T6W30', 'asp_T6W30']",,,,,,,,,,,,,,,pruned,True,PRUNED
83,2.8266585326252076,2026-06-12 07:13:49.299642,2026-06-12 07:13:49.475749,0 days 00:00:00.176107,,,,,,,,,,,,,,0.004519386133016952,QuantileRegressor,,,,,,10,,,,,,,,True,,,,,,,,,,,,,,,,,,,,,,,,,,,,,,,,,,,,,,,,,,,,,QuantileRegressor,"{'mode': 'original', 'type': 'QuantileRegressor'}",10,"['re_T6W30', 'l1_T6W30', 'l2_T6W30', 'l3_T6W30', 'lcc_T6W30', 'lsc_T6W30', 'atd_T6W30', 'density_T6W30', 'diameter_T6W30', 'asp_T6W30']",,,,,,,,,,,,,,,pruned,True,PRUNED
84,2.8243398615363606,2026-06-12 07:13:49.485564,2026-06-12 07:13:51.744532,0 days 00:00:02.258968,,,,,,,,,,,,,,0.0022822620334669286,QuantileRegressor,,,,,,2,,,,,,,,True,-0.0051550266159920265,0.008811361240352289,98.0,0.0018281673121801308,0.006983193928172158,0.03501287065013355,1.9844674545084815,2.792876104289309,2.8558036187834124,98.0,2.8243398615363606,0.03146375724705178,0.15775538728974953,1.9844674545084815,779407558474418.9,988913843011615.1,98.0,884160700743017.0,104753142268598.11,525219299101647.75,1.9844674545084815,8.582437545394807,8.973012874318922,98.0,8.777725209856865,0.1952876644620572,0.9791481957549502,1.9844674545084815,2.5026061994966224,2.5847629479743834,98.0,2.543684573735503,0.04107837423888067,0.20596188771749793,1.9844674545084815,99.0,0.46464646464646464,-0.019733724927849604,0.0064300171235620405,98.0,-0.006651853902143781,0.013081871025705821,0.0655908833115648,1.9844674545084815,QuantileRegressor,"{'mode': 'original', 'type': 'QuantileRegressor'}",2,"['lcc_T6W30', 'asp_T6W30']",0.13089907241515406,0.18167217679677075,93.0,0.1562856246059624,0.025386552190808348,0.12394578030453787,1.9858018143458227,3.4377374548425004,3.527726155021235,98.0,3.4827318049318676,0.044994350089367224,0.22559610629031945,1.9844674545084815,completed,True,COMPLETE
85,2.938888888888889,2026-06-12 07:13:51.756431,2026-06-12 07:13:51.927879,0 days 00:00:00.171448,,,,,,,,,,,manhattan,12.0,uniform,,KNeighborsRegressor,,,,,,13,,,,,0.0012405486794234877,0.8772171280231248,LinearSVR,,,,,,,,,,,,,,,,,,,,,,,,,,,,,,,,,,,,,,,,,,,,,,KNeighborsRegressor,"{'mode': 'proxy', 'type': 'LinearSVR'}",13,"['nodes_T6W30', 'edges_T6W30', 're_T6W30', 'pe_T6W30', 'l1_T6W30', 'l2_T6W30', 'l3_T6W30', 'lcc_T6W30', 'lsc_T6W30', 'atd_T6W30', 'density_T6W30', 'diameter_T6W30', 'asp_T6W30']",,,,,,,,,,,,,,,pruned,True,PRUNED
86,2.777988375136807,2026-06-12 07:13:51.936788,2026-06-12 07:13:52.129937,0 days 00:00:00.193149,,,,,,,,,,,,,,0.013005392997940244,QuantileRegressor,,,,,,3,,,,,,,,True,,,,,,,,,,,,,,,,,,,,,,,,,,,,,,,,,,,,,,,,,,,,,QuantileRegressor,"{'mode': 'original', 'type': 'QuantileRegressor'}",3,"['l1_T6W30', 'lsc_T6W30', 'density_T6W30']",,,,,,,,,,,,,,,pruned,True,PRUNED
87,2.824658352801834,2026-06-12 07:13:52.139060,2026-06-12 07:13:53.798713,0 days 00:00:01.659653,,,,0.01415271611947111,0.5145304137926586,,,,,,,,,,ElasticNet,,,,,,3,,,,,,,,True,-0.0036627280929045244,0.006793563241904561,98.0,0.0015654175745000187,0.005228145667404543,0.026213275741119958,1.9844674545084815,2.797718550262398,2.8515981553412697,98.0,2.824658352801834,0.02693980253943586,0.13507283792422173,1.9844674545084815,858601584036646.2,1089231684660760.8,98.0,973916634348703.5,115315050312057.31,578175399698017.4,1.9844674545084815,8.131391443329381,8.513544385104815,98.0,8.322467914217098,0.1910764708877173,0.9580337920282832,1.9844674545084815,2.489615190893983,2.559106278766146,98.0,2.5243607348300645,0.0347455439360814,0.17420985984574802,1.9844674545084815,99.0,0.3333333333333333,0.0014527137252225795,0.02087984748028461,98.0,0.011166280602753594,0.009713566877531015,0.048702622916192706,1.9844674545084815,ElasticNet,"{'mode': 'original', 'type': 'ElasticNet'}",3,"['l1_T6W30', 'lcc_T6W30', 'atd_T6W30']",0.1375734292298757,0.1829891327695886,98.0,0.16028128099973216,0.022707851769856457,0.11385436018794601,1.9844674545084815,3.4122488106546305,3.4912298884846233,98.0,3.451739349569627,0.039490538914996424,0.19800067779253974,1.9844674545084815,completed,True,COMPLETE
88,2.8254862455927077,2026-06-12 07:13:53.811023,2026-06-12 07:13:55.646681,0 days 00:00:01.835658,,,,0.009829874208654634,0.5467025533939995,,,,,,,,,,ElasticNet,,,,,,3,,,,,,,,True,-0.004006928679309371,0.006541491623436821,98.0,0.0012672814720637254,0.005274210151373096,0.026444237366322634,1.9844674545084815,2.7985329278590867,2.8524395633263286,98.0,2.8254862455927077,0.026953317733621047,0.13514060143626003,1.9844674545084815,858034386781861.0,1088673050520879.0,98.0,973353718651370.0,115319331869508.98,578196866897522.1,1.9844674545084815,8.134211232308491,8.518616439323761,98.0,8.326413835816126,0.19220260350763493,0.9636800817005496,1.9844674545084815,2.4908123203559436,2.56071676754589,98.0,2.525764543950917,0.0349522235949732,0.1752461260925722,1.9844674545084815,99.0,0.3333333333333333,0.0004381347977152946,0.02008699494588912,98.0,0.010262564871802209,0.009824430074086914,0.04925847727177811,1.9844674545084815,ElasticNet,"{'mode': 'original', 'type': 'ElasticNet'}",3,"['l1_T6W30', 'lcc_T6W30', 'atd_T6W30']",0.13565917453657894,0.18089509605261267,98.0,0.1582771352945958,0.022617960758016867,0.11340365777261541,1.9844674545084815,3.4137988096574685,3.492725084417438,98.0,3.4532619470374533,0.03946313737998487,0.19786328988510898,1.9844674545084815,completed,True,COMPLETE
89,2.841116300011816,2026-06-12 07:13:55.659843,2026-06-12 07:13:57.517110,0 days 00:00:01.857267,,,,0.004508381805899337,0.4901038209262327,,,,,,,,,,ElasticNet,,,,,,4,,,,,,,,True,-0.010133162488439443,0.001602431155447395,98.0,-0.004265365666496023,0.0058677968219434185,0.02942040751569755,1.9844674545084815,2.813220516201867,2.8690120838217648,98.0,2.841116300011816,0.02789578380994886,0.13986600977548422,1.9844674545084815,865404511932810.1,1097793495212238.1,98.0,981599003572524.1,116194491639713.97,582584809742524.6,1.9844674545084815,8.163541782912816,8.545412800113837,98.0,8.354477291513327,0.1909355086005099,0.9573270245549315,1.9844674545084815,2.504369850725607,2.570586781399638,98.0,2.5374783160626224,0.03310846533701539,0.16600175022960809,1.9844674545084815,99.0,0.46464646464646464,-0.012316799513754959,0.009024179230523281,98.0,-0.0016463101416158395,0.01067048937213912,0.05350051394865419,1.9844674545084815,ElasticNet,"{'mode': 'original', 'type': 'ElasticNet'}",4,"['l1_T6W30', 'lcc_T6W30', 'atd_T6W30', 'diameter_T6W30']",0.10838163769990905,0.15265887011253965,98.0,0.13052025390622435,0.0221386162063153,0.11100028347738568,1.9844674545084815,3.4335205872175942,3.514163005994374,98.0,3.473841796605984,0.040321209388389664,0.2021655568059191,1.9844674545084815,completed,True,COMPLETE
90,2.848896358543417,2026-06-12 07:13:57.529788,2026-06-12 07:13:57.671844,0 days 00:00:00.142056,,,,0.9985925638194928,0.7125525835355301,,,,,,,,,,ElasticNet,,,,,,3,,,,,,,,True,,,,,,,,,,,,,,,,,,,,,,,,,,,,,,,,,,,,,,,,,,,,,ElasticNet,"{'mode': 'original', 'type': 'ElasticNet'}",3,"['density_T6W30', 'diameter_T6W30', 'asp_T6W30']",,,,,,,,,,,,,,,pruned,True,PRUNED
91,2.848896358543417,2026-06-12 07:13:57.698373,2026-06-12 07:13:57.817594,0 days 00:00:00.119221,,,,9.444077430227406,0.2982510763327265,,,,,,,,,,ElasticNet,,,,,,2,,,,,,,,True,,,,,,,,,,,,,,,,,,,,,,,,,,,,,,,,,,,,,,,,,,,,,ElasticNet,"{'mode': 'original', 'type': 'ElasticNet'}",2,"['diameter_T6W30', 'asp_T6W30']",,,,,,,,,,,,,,,pruned,True,PRUNED
92,2.8533866668703407,2026-06-12 07:13:57.827558,2026-06-12 07:14:00.390527,0 days 00:00:02.562969,,,,,,,,,,,,,,,RandomForestRegressor,9.0,log2,3.0,9.0,254.0,2,,,,,,,,True,,,,,,,,,,,,,,,,,,,,,,,,,,,,,,,,,,,,,,,,,,,,,RandomForestRegressor,"{'mode': 'original', 'type': 'RandomForestRegressor'}",2,"['density_T6W30', 'asp_T6W30']",,,,,,,,,,,,,,,pruned,True,PRUNED
93,2.7683771205282115,2026-06-12 07:14:00.400200,2026-06-12 07:14:00.586646,0 days 00:00:00.186446,,,,,,,,,,,,,,0.006984275665099036,QuantileRegressor,,,,,,2,,,,,,,,True,,,,,,,,,,,,,,,,,,,,,,,,,,,,,,,,,,,,,,,,,,,,,QuantileRegressor,"{'mode': 'original', 'type': 'QuantileRegressor'}",2,"['l1_T6W30', 'density_T6W30']",,,,,,,,,,,,,,,pruned,True,PRUNED
94,2.7829632671592277,2026-06-12 07:14:00.596036,2026-06-12 07:14:00.778898,0 days 00:00:00.182862,,,,,,,,,,,,,,0.0023551508186768727,QuantileRegressor,,,,,,4,,,,,,,,True,,,,,,,,,,,,,,,,,,,,,,,,,,,,,,,,,,,,,,,,,,,,,QuantileRegressor,"{'mode': 'original', 'type': 'QuantileRegressor'}",4,"['l1_T6W30', 'l3_T6W30', 'lcc_T6W30', 'asp_T6W30']",,,,,,,,,,,,,,,pruned,True,PRUNED
95,2.7800079456195563,2026-06-12 07:14:00.788730,2026-06-12 07:14:02.278109,0 days 00:00:01.489379,,,,,,10.0,log2,3.0,7.0,254.0,,,,,ExtraTreesRegressor,,,,,,3,,,,,,,,True,,,,,,,,,,,,,,,,,,,,,,,,,,,,,,,,,,,,,,,,,,,,,ExtraTreesRegressor,"{'mode': 'original', 'type': 'ExtraTreesRegressor'}",3,"['nodes_T6W30', 'l1_T6W30', 'density_T6W30']",,,,,,,,,,,,,,,pruned,True,PRUNED
96,3.244870837223778,2026-06-12 07:14:02.287500,2026-06-12 07:14:02.438394,0 days 00:00:00.150894,20.0,3.0,10.0,,,,,,,,,,,,DecisionTreeRegressor,,,,,,2,,,,,,,,True,,,,,,,,,,,,,,,,,,,,,,,,,,,,,,,,,,,,,,,,,,,,,DecisionTreeRegressor,"{'mode': 'original', 'type': 'DecisionTreeRegressor'}",2,"['l3_T6W30', 'density_T6W30']",,,,,,,,,,,,,,,pruned,True,PRUNED
