number,value,datetime_start,datetime_complete,duration,params_dt_max_depth,params_dt_min_samples_leaf,params_dt_min_samples_split,params_elastic_alpha,params_elastic_l1_ratio,params_et_max_depth,params_et_max_features,params_et_min_samples_leaf,params_et_min_samples_split,params_et_n_estimators,params_knn_metric,params_knn_n_neighbors,params_knn_weights,params_quantile_alpha,params_regressor,params_rf_max_depth,params_rf_max_features,params_rf_min_samples_leaf,params_rf_min_samples_split,params_rf_n_estimators,params_rfe_n_features,params_rfe_proxy_et_max_depth,params_rfe_proxy_et_min_samples_leaf,params_rfe_proxy_et_min_samples_split,params_rfe_proxy_et_n_estimators,params_rfe_proxy_lsvr_C,params_rfe_proxy_lsvr_epsilon,params_rfe_proxy_type,params_use_scaler,user_attrs_d2mae_ci_lower_val,user_attrs_d2mae_ci_upper_val,user_attrs_d2mae_df_val,user_attrs_d2mae_mean_val,user_attrs_d2mae_samperror_val,user_attrs_d2mae_std_val,user_attrs_d2mae_t_critical_val,user_attrs_mae_ci_lower_val,user_attrs_mae_ci_upper_val,user_attrs_mae_df_val,user_attrs_mae_mean_val,user_attrs_mae_samperror_val,user_attrs_mae_std_val,user_attrs_mae_t_critical_val,user_attrs_mape_ci_lower_val,user_attrs_mape_ci_upper_val,user_attrs_mape_df_val,user_attrs_mape_mean_val,user_attrs_mape_samperror_val,user_attrs_mape_std_val,user_attrs_mape_t_critical_val,user_attrs_max_error_ci_lower_val,user_attrs_max_error_ci_upper_val,user_attrs_max_error_df_val,user_attrs_max_error_mean_val,user_attrs_max_error_samperror_val,user_attrs_max_error_std_val,user_attrs_max_error_t_critical_val,user_attrs_median_ae_ci_lower_val,user_attrs_median_ae_ci_upper_val,user_attrs_median_ae_df_val,user_attrs_median_ae_mean_val,user_attrs_median_ae_samperror_val,user_attrs_median_ae_std_val,user_attrs_median_ae_t_critical_val,user_attrs_n_splits_val,user_attrs_r2_below_zero_val,user_attrs_r2_ci_lower_val,user_attrs_r2_ci_upper_val,user_attrs_r2_df_val,user_attrs_r2_mean_val,user_attrs_r2_samperror_val,user_attrs_r2_std_val,user_attrs_r2_t_critical_val,user_attrs_regressor_final,user_attrs_rfe_estimator,user_attrs_rfe_n_features,user_attrs_rfe_selected_features,user_attrs_rho_ci_lower_val,user_attrs_rho_ci_upper_val,user_attrs_rho_df_val,user_attrs_rho_mean_val,user_attrs_rho_samperror_val,user_attrs_rho_std_val,user_attrs_rho_t_critical_val,user_attrs_rmse_ci_lower_val,user_attrs_rmse_ci_upper_val,user_attrs_rmse_df_val,user_attrs_rmse_mean_val,user_attrs_rmse_samperror_val,user_attrs_rmse_std_val,user_attrs_rmse_t_critical_val,user_attrs_termination_reason,user_attrs_use_scaler_final,state
281,2.802081568410285,2026-06-12 07:18:25.847673,2026-06-12 07:18:28.184353,0 days 00:00:02.336680,,,,,,,,,,,,,,0.005778664562848522,QuantileRegressor,,,,,,2,,,,,,,,True,0.0030352303901726163,0.016309643519031577,98.0,0.009672436954602097,0.00663720656442948,0.03327813280124871,1.9844674545084815,2.7714032815390732,2.8327598552814965,98.0,2.802081568410285,0.030678286871211515,0.1538171359749954,1.9844674545084815,787622470418006.6,1000055314890994.4,98.0,893838892654500.5,106216422236493.83,532556003877119.3,1.9844674545084815,8.498197446052641,8.896291910088719,98.0,8.69724467807068,0.1990472320180396,0.9979982024842499,1.9844674545084815,2.468920366379489,2.547443266031614,98.0,2.5081818162055516,0.03926144982606247,0.19685205343516046,1.9844674545084815,99.0,0.3939393939393939,-0.0059460687957587095,0.01919916630762243,98.0,0.006626548755931862,0.012572617551690571,0.06303754937909385,1.9844674545084815,QuantileRegressor,"{'mode': 'original', 'type': 'QuantileRegressor'}",2,"['l1_T6W30', 'atd_T6W30']",0.15431162810983887,0.2036128013235994,98.0,0.17896221471671914,0.024650586606880277,0.12359499237657944,1.9844674545084815,3.4159422994446635,3.5029347903048325,98.0,3.459438544874748,0.043496245430084374,0.21808479481947188,1.9844674545084815,completed,True,COMPLETE
282,2.767494005264372,2026-06-12 07:18:28.243073,2026-06-12 07:18:28.420045,0 days 00:00:00.176972,,,,0.0006647836114799544,0.17788771720297442,,,,,,,,,,ElasticNet,,,,,,2,,,,,,,,True,,,,,,,,,,,,,,,,,,,,,,,,,,,,,,,,,,,,,,,,,,,,,ElasticNet,"{'mode': 'original', 'type': 'ElasticNet'}",2,"['nodes_T6W30', 'lcc_T6W30']",,,,,,,,,,,,,,,pruned,True,PRUNED
283,2.8156043067421965,2026-06-12 07:18:28.429871,2026-06-12 07:18:30.758697,0 days 00:00:02.328826,,,,,,,,,,,,,,0.0041994420341013,QuantileRegressor,,,,,,3,,,,,,,,True,-0.002202372119868761,0.01205266442369033,98.0,0.004925146151910785,0.007127518271779546,0.035736495058444034,1.9844674545084815,2.783653373963135,2.847555239521258,98.0,2.8156043067421965,0.03195093277906153,0.1601980251516816,1.9844674545084815,788582824291868.8,1000850380649290.0,98.0,894716602470579.4,106133778178710.58,532141636793098.7,1.9844674545084815,8.50707185658929,8.90245700444464,98.0,8.704764430516965,0.19769257392767448,0.9912061143679851,1.9844674545084815,2.4764534091428394,2.554981224203439,98.0,2.5157173166731392,0.03926390753029999,0.19686437606023,1.9844674545084815,99.0,0.4444444444444444,-0.013576647200153428,0.012179870349603406,98.0,-0.0006983884252750115,0.012878258774878417,0.06456999666938781,1.9844674545084815,QuantileRegressor,"{'mode': 'original', 'type': 'QuantileRegressor'}",3,"['l1_T6W30', 'atd_T6W30', 'asp_T6W30']",0.1453302835190202,0.19318817626344234,98.0,0.16925922989123127,0.02392894637221108,0.11997677749492312,1.9844674545084815,3.427901649621525,3.51666986436247,98.0,3.4722857569919974,0.04438410737047267,0.22253642477472488,1.9844674545084815,completed,True,COMPLETE
284,2.769858288874295,2026-06-12 07:18:30.771791,2026-06-12 07:18:30.952987,0 days 00:00:00.181196,,,,,,,,,,,,,,,LinearRegression,,,,,,2,,,,,,,,True,,,,,,,,,,,,,,,,,,,,,,,,,,,,,,,,,,,,,,,,,,,,,LinearRegression,"{'mode': 'original', 'type': 'LinearRegression'}",2,"['nodes_T6W30', 'lcc_T6W30']",,,,,,,,,,,,,,,pruned,True,PRUNED
285,2.7683771205282115,2026-06-12 07:18:30.962548,2026-06-12 07:18:31.164024,0 days 00:00:00.201476,,,,,,,,,,,,,,0.007048416915295456,QuantileRegressor,,,,,,2,,,,,,,,True,,,,,,,,,,,,,,,,,,,,,,,,,,,,,,,,,,,,,,,,,,,,,QuantileRegressor,"{'mode': 'original', 'type': 'QuantileRegressor'}",2,"['l1_T6W30', 'density_T6W30']",,,,,,,,,,,,,,,pruned,True,PRUNED
286,2.828116670773948,2026-06-12 07:18:31.174130,2026-06-12 07:18:31.343566,0 days 00:00:00.169436,,,,,,,,,,,,,,0.005236183741865424,QuantileRegressor,,,,,,12,,,,,,,,True,,,,,,,,,,,,,,,,,,,,,,,,,,,,,,,,,,,,,,,,,,,,,QuantileRegressor,"{'mode': 'original', 'type': 'QuantileRegressor'}",12,"['edges_T6W30', 're_T6W30', 'pe_T6W30', 'l1_T6W30', 'l2_T6W30', 'l3_T6W30', 'lcc_T6W30', 'lsc_T6W30', 'atd_T6W30', 'density_T6W30', 'diameter_T6W30', 'asp_T6W30']",,,,,,,,,,,,,,,pruned,True,PRUNED
287,2.8127712992922724,2026-06-12 07:18:31.353112,2026-06-12 07:18:33.619858,0 days 00:00:02.266746,,,,,,,,,,,,,,0.003099091947422502,QuantileRegressor,,,,,,2,,,,,,,,True,-0.0007003527882685845,0.01257832382181211,98.0,0.0059389855167717625,0.006639338305040347,0.033288821085010495,1.9844674545084815,2.781618296256787,2.843924302327758,98.0,2.8127712992922724,0.03115300303548523,0.15619730410811694,1.9844674545084815,798197527169782.4,1012466198488839.6,98.0,905331862829311.0,107134335659528.58,537158308249489.7,1.9844674545084815,8.483966953364112,8.84848789470571,98.0,8.666227424034911,0.18226047067079987,0.9138314573342395,1.9844674545084815,2.455096689069023,2.525689333414731,98.0,2.490393011241877,0.035296322172853736,0.1769713938027559,1.9844674545084815,99.0,0.4444444444444444,-0.011552771091344703,0.013383120458038716,98.0,0.0009151746833470064,0.01246794577469171,0.06251273803539112,1.9844674545084815,QuantileRegressor,"{'mode': 'original', 'type': 'QuantileRegressor'}",2,"['l1_T6W30', 'lcc_T6W30']",0.14314949996846255,0.19207725510920054,98.0,0.16761337753883154,0.02446387757036899,0.1226588563603351,1.9844674545084815,3.426026771996529,3.512741809146962,98.0,3.4693842905717456,0.04335751857521633,0.21738923552738357,1.9844674545084815,completed,True,COMPLETE
288,2.772207456076012,2026-06-12 07:18:33.652282,2026-06-12 07:18:33.841553,0 days 00:00:00.189271,,,,,,,,,,,,,,0.008862933602711514,QuantileRegressor,,,,,,2,,,,,,,,True,,,,,,,,,,,,,,,,,,,,,,,,,,,,,,,,,,,,,,,,,,,,,QuantileRegressor,"{'mode': 'original', 'type': 'QuantileRegressor'}",2,"['l1_T6W30', 'density_T6W30']",,,,,,,,,,,,,,,pruned,True,PRUNED
289,2.803997810686395,2026-06-12 07:18:33.851558,2026-06-12 07:18:36.123089,0 days 00:00:02.271531,,,,,,,,,,,,,,0.0036902375665418988,QuantileRegressor,,,,,,2,,,,,,,,True,0.002148043571510539,0.0157957517709185,98.0,0.00897189767121452,0.00682385409970398,0.034213960457898485,1.9844674545084815,2.7732146326398412,2.834780988732949,98.0,2.803997810686395,0.030783178046554092,0.15434304735485757,1.9844674545084815,787814844595167.5,999683712137938.2,98.0,893749278366552.9,105934433771385.42,531142148590380.2,1.9844674545084815,8.48709972091867,8.888937280361054,98.0,8.688018500639862,0.200918779721192,1.0073819111883244,1.9844674545084815,2.461276074621024,2.542481092017421,98.0,2.5018785833192223,0.04060250869819842,0.20357595675322285,1.9844674545084815,99.0,0.41414141414141414,-0.008098740242882691,0.01762529541505841,98.0,0.00476327758608786,0.012862017828970552,0.06448856657534247,1.9844674545084815,QuantileRegressor,"{'mode': 'original', 'type': 'QuantileRegressor'}",2,"['l1_T6W30', 'atd_T6W30']",0.15317239835689542,0.20245419076711887,98.0,0.17781329456200715,0.024640896205111736,0.12354640590065458,1.9844674545084815,3.418975743937774,3.506100062153883,98.0,3.4625379030458285,0.04356215910805455,0.21841527784838127,1.9844674545084815,completed,True,COMPLETE
290,2.8133230977162635,2026-06-12 07:18:36.159746,2026-06-12 07:18:38.341751,0 days 00:00:02.182005,,,,,,,,,,,,,,0.005818292754108284,QuantileRegressor,,,,,,3,,,,,,,,True,-0.0011142256888862414,0.01259098824063913,98.0,0.005738381275876444,0.006852606964762685,0.03435812376704844,1.9844674545084815,2.781806938884188,2.844839256548339,98.0,2.8133230977162635,0.031516158832075473,0.15801812235584797,1.9844674545084815,787796812015716.0,1000766470230476.8,98.0,894281641123096.4,106484829107380.42,533901762730249.0,1.9844674545084815,8.508079106465777,8.902080116623841,98.0,8.705079611544809,0.19700050507903136,0.9877361667583716,1.9844674545084815,2.4766037795875846,2.5549774999847186,98.0,2.5157906397861516,0.039186860198567104,0.19647807026840333,1.9844674545084815,99.0,0.42424242424242425,-0.01172139898260207,0.01372749019049669,98.0,0.0010030456039473094,0.01272444458654938,0.06379879135338,1.9844674545084815,QuantileRegressor,"{'mode': 'original', 'type': 'QuantileRegressor'}",3,"['l1_T6W30', 'atd_T6W30', 'asp_T6W30']",0.14709990032359183,0.19569736997279435,98.0,0.1713986351481931,0.02429873482460126,0.12183085105848508,1.9844674545084815,3.425064326369966,3.5137480328344917,98.0,3.469406179602229,0.04434185323226286,0.22232456775187973,1.9844674545084815,completed,True,COMPLETE
291,2.802782061967644,2026-06-12 07:18:38.374181,2026-06-12 07:18:40.597253,0 days 00:00:02.223072,,,,,,,,,,,,,,0.004691433185842002,QuantileRegressor,,,,,,2,,,,,,,,True,0.0027304477622563973,0.016143154608956656,98.0,0.009436801185606527,0.006706353423350129,0.03362482659955275,1.9844674545084815,2.7718513187339027,2.8337128052013854,98.0,2.802782061967644,0.03093074323374127,0.15508292095203832,1.9844674545084815,787347947377635.5,999398436069367.0,98.0,893373191723501.2,106025244345865.7,531597461579056.5,1.9844674545084815,8.49118253409556,8.890149133263781,98.0,8.69066583367967,0.19948329958411115,1.0001845913261789,1.9844674545084815,2.4642682982419872,2.543550339293474,98.0,2.5039093187677306,0.03964102052574327,0.19875517397673523,1.9844674545084815,99.0,0.41414141414141414,-0.006760956221880939,0.01859724532477354,98.0,0.0059181445514463,0.01267910077332724,0.06357144308216477,1.9844674545084815,QuantileRegressor,"{'mode': 'original', 'type': 'QuantileRegressor'}",2,"['l1_T6W30', 'atd_T6W30']",0.15450364099132446,0.20374010598686465,98.0,0.17912187348909456,0.024618232497770107,0.12343277287516982,1.9844674545084815,3.4169716223104407,3.504383257405765,98.0,3.460677439858103,0.04370581754766234,0.21913556349639915,1.9844674545084815,completed,True,COMPLETE
292,2.7683771205282115,2026-06-12 07:18:40.609377,2026-06-12 07:18:40.825447,0 days 00:00:00.216070,,,,,,,,,,,,,,0.007559294713944292,QuantileRegressor,,,,,,2,,,,,,,,True,,,,,,,,,,,,,,,,,,,,,,,,,,,,,,,,,,,,,,,,,,,,,QuantileRegressor,"{'mode': 'original', 'type': 'QuantileRegressor'}",2,"['l1_T6W30', 'density_T6W30']",,,,,,,,,,,,,,,pruned,True,PRUNED
293,2.7770945939298604,2026-06-12 07:18:40.835137,2026-06-12 07:18:41.023938,0 days 00:00:00.188801,,,,,,,,,,,,,,0.010777087358022156,QuantileRegressor,,,,,,2,,,,,,,,True,,,,,,,,,,,,,,,,,,,,,,,,,,,,,,,,,,,,,,,,,,,,,QuantileRegressor,"{'mode': 'original', 'type': 'QuantileRegressor'}",2,"['l1_T6W30', 'density_T6W30']",,,,,,,,,,,,,,,pruned,True,PRUNED
294,2.8539438502673797,2026-06-12 07:18:41.033633,2026-06-12 07:18:43.086819,0 days 00:00:02.053186,,,,,,,,,,,minkowski,16.0,uniform,,KNeighborsRegressor,,,,,,2,8.0,3.0,8.0,50.0,,,ExtraTrees,,-0.01661098910640975,-0.0008475229461093799,98.0,-0.008729256026259565,0.007881733080150185,0.03951803482370278,1.9844674545084815,2.8217303996855994,2.88615730084916,98.0,2.8539438502673797,0.03221345058178028,0.1615142569453982,1.9844674545084815,838861453957572.5,1062279297832246.8,98.0,950570375894909.6,111708921937337.16,560094718045674.7,1.9844674545084815,8.559182969914293,8.940817030085707,98.0,8.75,0.1908170300857077,0.9567329879355482,1.9844674545084815,2.4624088518068348,2.569156804758822,98.0,2.5157828282828283,0.05337397647599357,0.26761051657151724,1.9844674545084815,99.0,0.6060606060606061,-0.043158547751717374,-0.015087758554642465,98.0,-0.02912315315317992,0.014035394598537454,0.07037173257062952,1.9844674545084815,KNeighborsRegressor,"{'mode': 'proxy', 'type': 'ExtraTrees'}",2,"['l1_T6W30', 'density_T6W30']",0.07691243059336828,0.1261520248575247,98.0,0.10153222772544648,0.0246197971320782,0.1234406177580712,1.9844674545084815,3.47708503796449,3.5635894759900983,98.0,3.520337256977294,0.0432522190128041,0.2168612765452649,1.9844674545084815,completed,True,COMPLETE
295,2.781161680906578,2026-06-12 07:18:43.124395,2026-06-12 07:18:43.310461,0 days 00:00:00.186066,,,,,,,,,,,,,,0.006338792063746465,QuantileRegressor,,,,,,2,,,,,,,,False,,,,,,,,,,,,,,,,,,,,,,,,,,,,,,,,,,,,,,,,,,,,,QuantileRegressor,"{'mode': 'original', 'type': 'QuantileRegressor'}",2,"['l1_T6W30', 'lcc_T6W30']",,,,,,,,,,,,,,,pruned,False,PRUNED
296,2.802684884833923,2026-06-12 07:18:43.320429,2026-06-12 07:18:45.521469,0 days 00:00:02.201040,,,,,,,,,,,,,,0.004860370172978973,QuantileRegressor,,,,,,2,,,,,,,,True,0.00276961936812793,0.016174681633502837,98.0,0.009472150500815384,0.006702531132687454,0.033605662106924304,1.9844674545084815,2.77175184875299,2.833617920914856,98.0,2.802684884833923,0.030933036080933035,0.1550944170042705,1.9844674545084815,787293896530960.4,999480000595360.4,98.0,893386948563160.4,106093052032200.05,531937440931646.4,1.9844674545084815,8.491855256348343,8.890364268946742,98.0,8.691109762647542,0.1992545062991998,0.9990374500935829,1.9844674545084815,2.466388311011313,2.545818388639754,98.0,2.5061033498255334,0.0397150388142206,0.19912629252032113,1.9844674545084815,99.0,0.41414141414141414,-0.006707981253006319,0.018635742455174763,98.0,0.005963880601084222,0.012671861854090541,0.06353514803644668,1.9844674545084815,QuantileRegressor,"{'mode': 'original', 'type': 'QuantileRegressor'}",2,"['l1_T6W30', 'atd_T6W30']",0.15461622080218312,0.20400040132950475,98.0,0.17930831106584394,0.02469209026366082,0.1238030865783604,1.9844674545084815,3.4169052467773033,3.504290318192826,98.0,3.4605977824850647,0.04369253570776112,0.2190689699938786,1.9844674545084815,completed,True,COMPLETE
297,2.82446388984291,2026-06-12 07:18:45.533834,2026-06-12 07:18:47.957694,0 days 00:00:02.423860,,,,,,,,,,,,,,0.002613426037957912,QuantileRegressor,,,,,,2,,,,,,,,True,-0.005190312840661317,0.008764310415326302,98.0,0.0017869987873324925,0.00697731162799381,0.034983377524582665,1.9844674545084815,2.792983310704873,2.8559444689809474,98.0,2.82446388984291,0.03148057913803718,0.15783973017056033,1.9844674545084815,779935437927902.5,989649393994960.8,98.0,884792415961431.6,104856978033529.19,525739918784243.56,1.9844674545084815,8.579833355899263,8.969898034426821,98.0,8.774865695163042,0.1950323392637796,0.9778680267902953,1.9844674545084815,2.5027369622458377,2.5849523298828463,98.0,2.543844646064342,0.041107683818504305,0.20610884232462,1.9844674545084815,99.0,0.45454545454545453,-0.019663802437208094,0.006493294212045438,98.0,-0.0065852541125813275,0.013078548324626765,0.06557422369931765,1.9844674545084815,QuantileRegressor,"{'mode': 'original', 'type': 'QuantileRegressor'}",2,"['lcc_T6W30', 'asp_T6W30']",0.13081289188627304,0.18154644443125328,93.0,0.15617966815876316,0.02536677627249012,0.12384922754665376,1.9858018143458227,3.437645782972452,3.527572331804434,98.0,3.482609057388443,0.04496327441599093,0.22544029670755814,1.9844674545084815,completed,True,COMPLETE
298,2.8331986062858467,2026-06-12 07:18:47.970952,2026-06-12 07:18:48.742583,0 days 00:00:00.771631,,,,,,,,,,,,,,,RandomForestRegressor,16.0,log2,4.0,7.0,70.0,3,,,,,,,,True,,,,,,,,,,,,,,,,,,,,,,,,,,,,,,,,,,,,,,,,,,,,,RandomForestRegressor,"{'mode': 'original', 'type': 'RandomForestRegressor'}",3,"['l3_T6W30', 'atd_T6W30', 'density_T6W30']",,,,,,,,,,,,,,,pruned,True,PRUNED
299,2.780803715228225,2026-06-12 07:18:48.752052,2026-06-12 07:18:48.938674,0 days 00:00:00.186622,,,,,,,,,,,,,,0.015247327371401798,QuantileRegressor,,,,,,2,,,,,,,,True,,,,,,,,,,,,,,,,,,,,,,,,,,,,,,,,,,,,,,,,,,,,,QuantileRegressor,"{'mode': 'original', 'type': 'QuantileRegressor'}",2,"['l1_T6W30', 'density_T6W30']",,,,,,,,,,,,,,,pruned,True,PRUNED
