number,value,datetime_start,datetime_complete,duration,params_dt_max_depth,params_dt_min_samples_leaf,params_dt_min_samples_split,params_elastic_alpha,params_elastic_l1_ratio,params_et_max_depth,params_et_max_features,params_et_min_samples_leaf,params_et_min_samples_split,params_et_n_estimators,params_knn_metric,params_knn_n_neighbors,params_knn_weights,params_quantile_alpha,params_regressor,params_rf_max_depth,params_rf_max_features,params_rf_min_samples_leaf,params_rf_min_samples_split,params_rf_n_estimators,params_rfe_n_features,params_rfe_proxy_et_max_depth,params_rfe_proxy_et_min_samples_leaf,params_rfe_proxy_et_min_samples_split,params_rfe_proxy_et_n_estimators,params_rfe_proxy_lsvr_C,params_rfe_proxy_lsvr_epsilon,params_rfe_proxy_type,params_use_scaler,user_attrs_d2mae_ci_lower_val,user_attrs_d2mae_ci_upper_val,user_attrs_d2mae_df_val,user_attrs_d2mae_mean_val,user_attrs_d2mae_samperror_val,user_attrs_d2mae_std_val,user_attrs_d2mae_t_critical_val,user_attrs_mae_ci_lower_val,user_attrs_mae_ci_upper_val,user_attrs_mae_df_val,user_attrs_mae_mean_val,user_attrs_mae_samperror_val,user_attrs_mae_std_val,user_attrs_mae_t_critical_val,user_attrs_mape_ci_lower_val,user_attrs_mape_ci_upper_val,user_attrs_mape_df_val,user_attrs_mape_mean_val,user_attrs_mape_samperror_val,user_attrs_mape_std_val,user_attrs_mape_t_critical_val,user_attrs_max_error_ci_lower_val,user_attrs_max_error_ci_upper_val,user_attrs_max_error_df_val,user_attrs_max_error_mean_val,user_attrs_max_error_samperror_val,user_attrs_max_error_std_val,user_attrs_max_error_t_critical_val,user_attrs_median_ae_ci_lower_val,user_attrs_median_ae_ci_upper_val,user_attrs_median_ae_df_val,user_attrs_median_ae_mean_val,user_attrs_median_ae_samperror_val,user_attrs_median_ae_std_val,user_attrs_median_ae_t_critical_val,user_attrs_n_splits_val,user_attrs_r2_below_zero_val,user_attrs_r2_ci_lower_val,user_attrs_r2_ci_upper_val,user_attrs_r2_df_val,user_attrs_r2_mean_val,user_attrs_r2_samperror_val,user_attrs_r2_std_val,user_attrs_r2_t_critical_val,user_attrs_regressor_final,user_attrs_rfe_estimator,user_attrs_rfe_n_features,user_attrs_rfe_selected_features,user_attrs_rho_ci_lower_val,user_attrs_rho_ci_upper_val,user_attrs_rho_df_val,user_attrs_rho_mean_val,user_attrs_rho_samperror_val,user_attrs_rho_std_val,user_attrs_rho_t_critical_val,user_attrs_rmse_ci_lower_val,user_attrs_rmse_ci_upper_val,user_attrs_rmse_df_val,user_attrs_rmse_mean_val,user_attrs_rmse_samperror_val,user_attrs_rmse_std_val,user_attrs_rmse_t_critical_val,user_attrs_termination_reason,user_attrs_use_scaler_final,state
118,2.803868930526894,2026-06-12 07:14:36.426485,2026-06-12 07:14:38.690864,0 days 00:00:02.264379,,,,,,,,,,,,,,0.0036580179793262303,QuantileRegressor,,,,,,2,,,,,,,,True,0.002187920120219025,0.015844163254371647,98.0,0.009016041687295336,0.006828121567076311,0.03423535701148814,1.9844674545084815,2.7730927450397664,2.834645116014021,98.0,2.803868930526894,0.030776185487127208,0.15430798752675526,1.9844674545084815,787751250429874.2,999603130861971.5,98.0,893677190645922.9,105925940216048.66,531099562954434.1,1.9844674545084815,8.487002342277778,8.888791397066102,98.0,8.68789686967194,0.2008945273941614,1.0072603130202051,1.9844674545084815,2.460580443469166,2.5416770139905096,98.0,2.501128728729838,0.040548285260671835,0.203304087144008,1.9844674545084815,99.0,0.41414141414141414,-0.008049303857798628,0.017684231103301036,98.0,0.004817463622751203,0.012866767480549832,0.06451238074090755,1.9844674545084815,QuantileRegressor,"{'mode': 'original', 'type': 'QuantileRegressor'}",2,"['l1_T6W30', 'atd_T6W30']",0.1531742225337542,0.20245696462429394,98.0,0.17781559357902407,0.024641371045269856,0.1235487866904775,1.9844674545084815,3.418882276525615,3.505996439944105,98.0,3.46243935823486,0.04355708170924514,0.21838982039874127,1.9844674545084815,completed,True,COMPLETE
119,2.771917087583943,2026-06-12 07:14:38.703520,2026-06-12 07:14:38.903069,0 days 00:00:00.199549,,,,,,,,,,,,,,0.0090275955990385,QuantileRegressor,,,,,,2,,,,,,,,True,,,,,,,,,,,,,,,,,,,,,,,,,,,,,,,,,,,,,,,,,,,,,QuantileRegressor,"{'mode': 'original', 'type': 'QuantileRegressor'}",2,"['l1_T6W30', 'density_T6W30']",,,,,,,,,,,,,,,pruned,True,PRUNED
120,2.8027142841881134,2026-06-12 07:14:38.912532,2026-06-12 07:14:41.153776,0 days 00:00:02.241244,,,,,,,,,,,,,,0.004703903626438017,QuantileRegressor,,,,,,2,,,,,,,,True,0.0027536614329915715,0.016170037557874616,98.0,0.009461849495433093,0.006708188062441522,0.033634025253042446,1.9844674545084815,2.7717698499978622,2.8336587183783646,98.0,2.8027142841881134,0.030944434190251172,0.15515156571463382,1.9844674545084815,787267833340021.5,999324639528534.2,98.0,893296236434277.9,106028403094256.33,531613299152802.2,1.9844674545084815,8.491969368517827,8.89082605299369,98.0,8.691397710755759,0.19942834223793196,0.9999090419897522,1.9844674545084815,2.4640475201969005,2.5434205089373023,98.0,2.5037340145671014,0.03968649437020081,0.19898317420848202,1.9844674545084815,99.0,0.41414141414141414,-0.006746155994528072,0.018613818156929033,98.0,0.00593383108120048,0.012679987075728552,0.06357588689278398,1.9844674545084815,QuantileRegressor,"{'mode': 'original', 'type': 'QuantileRegressor'}",2,"['l1_T6W30', 'atd_T6W30']",0.15458084203992256,0.203839195176301,98.0,0.17921001860811178,0.024629176568189214,0.12348764509065052,1.9844674545084815,3.4169403252314066,3.5043624773045465,98.0,3.4606514012679765,0.04371107603657001,0.21916192890939398,1.9844674545084815,completed,True,COMPLETE
121,2.802684884833923,2026-06-12 07:14:41.189631,2026-06-12 07:14:43.384417,0 days 00:00:02.194786,,,,,,,,,,,,,,0.00483813011387658,QuantileRegressor,,,,,,2,,,,,,,,True,0.00276961936812793,0.016174681633502837,98.0,0.009472150500815384,0.006702531132687454,0.033605662106924304,1.9844674545084815,2.77175184875299,2.833617920914856,98.0,2.802684884833923,0.030933036080933035,0.1550944170042705,1.9844674545084815,787293896530960.4,999480000595360.4,98.0,893386948563160.4,106093052032200.05,531937440931646.4,1.9844674545084815,8.491855256348343,8.890364268946742,98.0,8.691109762647542,0.1992545062991998,0.9990374500935829,1.9844674545084815,2.466388311011313,2.545818388639754,98.0,2.5061033498255334,0.0397150388142206,0.19912629252032113,1.9844674545084815,99.0,0.41414141414141414,-0.006707981253006319,0.018635742455174763,98.0,0.005963880601084222,0.012671861854090541,0.06353514803644668,1.9844674545084815,QuantileRegressor,"{'mode': 'original', 'type': 'QuantileRegressor'}",2,"['l1_T6W30', 'atd_T6W30']",0.15461622080218312,0.20400040132950475,98.0,0.17930831106584394,0.02469209026366082,0.1238030865783604,1.9844674545084815,3.4169052467773033,3.504290318192826,98.0,3.4605977824850647,0.04369253570776112,0.2190689699938786,1.9844674545084815,completed,True,COMPLETE
122,2.802087719402575,2026-06-12 07:14:43.396379,2026-06-12 07:14:45.607527,0 days 00:00:02.211148,,,,,,,,,,,,,,0.00542387200138396,QuantileRegressor,,,,,,2,,,,,,,,True,0.0030193731461687955,0.016337131122747685,98.0,0.00967825213445824,0.006658878988289444,0.03338679565396178,1.9844674545084815,2.7712852552350205,2.8328901835701297,98.0,2.802087719402575,0.03080246416755457,0.15443974558017942,1.9844674545084815,787285201312794.9,999446049870709.9,98.0,893365625591752.4,106080424278957.53,531874126938732.9,1.9844674545084815,8.495684423332474,8.89354313704979,98.0,8.694613780191132,0.19892935685865842,0.9974071910143225,1.9844674545084815,2.467982322106721,2.547655644756677,98.0,2.507818983431699,0.03983666132497811,0.19973609274656395,1.9844674545084815,99.0,0.3939393939393939,-0.00594693035801695,0.01915389826543471,98.0,0.00660348395370888,0.01255041431172583,0.06292622508008461,1.9844674545084815,QuantileRegressor,"{'mode': 'original', 'type': 'QuantileRegressor'}",2,"['l1_T6W30', 'atd_T6W30']",0.15494865827789367,0.20426224733085147,98.0,0.17960545280437257,0.02465679452647889,0.1236261181176298,1.9844674545084815,3.415919663377561,3.5031184902332595,98.0,3.4595190768054103,0.0435994134278493,0.2186020664000883,1.9844674545084815,completed,True,COMPLETE
123,2.8023385564368684,2026-06-12 07:14:45.619347,2026-06-12 07:14:47.994369,0 days 00:00:02.375022,,,,,,,,,,,,,,0.006031653226105934,QuantileRegressor,,,,,,2,,,,,,,,True,0.0029614927016738193,0.016224763202745632,98.0,0.009593127952209726,0.0066316352505359066,0.033250198922465814,1.9844674545084815,2.7715492942774635,2.833127818596273,98.0,2.8023385564368684,0.030789262159404807,0.15437355234418682,1.9844674545084815,787492175182629.5,999975584634521.0,98.0,893733879908575.2,106241704725945.69,532682767152204.7,1.9844674545084815,8.500395119125956,8.90090402818572,98.0,8.700649573655838,0.2002544545298811,1.0040510668451428,1.9844674545084815,2.4691812169619203,2.5474759155201765,98.0,2.5083285662410484,0.039147349279127976,0.19627996740518355,1.9844674545084815,99.0,0.3939393939393939,-0.006359510317935315,0.018827857194433514,98.0,0.0062341734382491,0.012593683756184415,0.06314317272288451,1.9844674545084815,QuantileRegressor,"{'mode': 'original', 'type': 'QuantileRegressor'}",2,"['l1_T6W30', 'atd_T6W30']",0.1535730293784124,0.20309043079529163,98.0,0.17833173008685202,0.0247587007084396,0.12413706310986963,1.9844674545084815,3.4164650669983008,3.503881860999841,98.0,3.460173463999071,0.04370839700077026,0.2191484965552465,1.9844674545084815,completed,True,COMPLETE
124,2.768267482888358,2026-06-12 07:14:48.007244,2026-06-12 07:14:48.195344,0 days 00:00:00.188100,,,,,,,,,,,,,,0.0062261790964879184,QuantileRegressor,,,,,,2,,,,,,,,True,,,,,,,,,,,,,,,,,,,,,,,,,,,,,,,,,,,,,,,,,,,,,QuantileRegressor,"{'mode': 'original', 'type': 'QuantileRegressor'}",2,"['l1_T6W30', 'density_T6W30']",,,,,,,,,,,,,,,pruned,True,PRUNED
125,2.7824375200165474,2026-06-12 07:14:48.204952,2026-06-12 07:14:48.390529,0 days 00:00:00.185577,,,,,,,,,,,,,,0.01397408397741342,QuantileRegressor,,,,,,2,,,,,,,,True,,,,,,,,,,,,,,,,,,,,,,,,,,,,,,,,,,,,,,,,,,,,,QuantileRegressor,"{'mode': 'original', 'type': 'QuantileRegressor'}",2,"['l1_T6W30', 'density_T6W30']",,,,,,,,,,,,,,,pruned,True,PRUNED
126,2.9058599581211837,2026-06-12 07:14:48.400244,2026-06-12 07:15:07.002407,0 days 00:00:18.602163,,,,,,12.0,,2.0,7.0,342.0,,,,,ExtraTreesRegressor,,,,,,2,,,,,,,,True,-0.03505073430223925,-0.01874830484380096,98.0,-0.026899519573020104,0.008151214729219142,0.04086918248170657,1.9844674545084815,2.8709264369073724,2.940793479334995,98.0,2.9058599581211837,0.03493352121381144,0.17515235466660273,1.9844674545084815,819201752197934.2,1042795949371900.5,98.0,930998850784917.4,111797098586983.16,560536824861004.94,1.9844674545084815,8.744572820548948,9.159491412661497,98.0,8.952032116605222,0.20745929605627497,1.0401752511386138,1.9844674545084815,2.515989552854895,2.627120972423635,98.0,2.571555262639265,0.055565709784369824,0.2785995962985145,1.9844674545084815,99.0,0.8181818181818182,-0.07667810559544042,-0.0457992732979766,98.0,-0.06123868944670851,0.015439416148731906,0.07741132296903418,1.9844674545084815,ExtraTreesRegressor,"{'mode': 'original', 'type': 'ExtraTreesRegressor'}",2,"['l3_T6W30', 'density_T6W30']",0.04268750105630903,0.08961083014912657,98.0,0.0661491656027178,0.023461664546408773,0.11763388421539236,1.9844674545084815,3.5288106372688666,3.62134696979404,98.0,3.5750788035314534,0.04626816626258682,0.23198286303282625,1.9844674545084815,completed,True,COMPLETE
127,2.772207456076012,2026-06-12 07:15:07.015454,2026-06-12 07:15:07.241960,0 days 00:00:00.226506,,,,,,,,,,,,,,0.008679930073032794,QuantileRegressor,,,,,,2,,,,,,,,True,,,,,,,,,,,,,,,,,,,,,,,,,,,,,,,,,,,,,,,,,,,,,QuantileRegressor,"{'mode': 'original', 'type': 'QuantileRegressor'}",2,"['l1_T6W30', 'density_T6W30']",,,,,,,,,,,,,,,pruned,True,PRUNED
128,3.471513329679419,2026-06-12 07:15:07.251515,2026-06-12 07:15:07.405638,0 days 00:00:00.154123,9.0,3.0,10.0,,,,,,,,,,,,DecisionTreeRegressor,,,,,,12,,,,,,,,True,,,,,,,,,,,,,,,,,,,,,,,,,,,,,,,,,,,,,,,,,,,,,DecisionTreeRegressor,"{'mode': 'original', 'type': 'DecisionTreeRegressor'}",12,"['edges_T6W30', 're_T6W30', 'pe_T6W30', 'l1_T6W30', 'l2_T6W30', 'l3_T6W30', 'lcc_T6W30', 'lsc_T6W30', 'atd_T6W30', 'density_T6W30', 'diameter_T6W30', 'asp_T6W30']",,,,,,,,,,,,,,,pruned,True,PRUNED
129,2.82459628619883,2026-06-12 07:15:07.415719,2026-06-12 07:15:09.707675,0 days 00:00:02.291956,,,,,,,,,,,,,,0.0017943666007729292,QuantileRegressor,,,,,,2,,,,,,,,True,-0.00525889726602,0.008739095604282243,98.0,0.001740099169131122,0.006998996435151121,0.03509210246561703,1.9844674545084815,2.793075608897295,2.8561169635003654,98.0,2.82459628619883,0.031520677301535294,0.15804077740285952,1.9844674545084815,779380346617008.5,988838040976154.5,98.0,884109193796581.5,104728847179572.97,525097486530176.9,1.9844674545084815,8.582261316944775,8.97301214481591,98.0,8.777636730880342,0.1953754139355667,0.9795881607619666,1.9844674545084815,2.5033179664535776,2.5856206287451053,98.0,2.5444692975993415,0.04115133114576391,0.20632768462504641,1.9844674545084815,99.0,0.46464646464646464,-0.019812191591962486,0.006371428850355984,98.0,-0.00672038137080325,0.013091810221159234,0.06564071720825394,1.9844674545084815,QuantileRegressor,"{'mode': 'original', 'type': 'QuantileRegressor'}",2,"['lcc_T6W30', 'asp_T6W30']",0.13072555092270546,0.18159977366237187,93.0,0.15616266229253867,0.0254371113698332,0.12419262740881148,1.9858018143458227,3.437828049166012,3.527881836820003,98.0,3.4828549429930074,0.0450268938269954,0.22575927656566444,1.9844674545084815,completed,True,COMPLETE
130,2.802142454454564,2026-06-12 07:15:09.721555,2026-06-12 07:15:11.960127,0 days 00:00:02.238572,,,,,,,,,,,,,,0.005191298026960043,QuantileRegressor,,,,,,2,,,,,,,,True,0.002997361221846606,0.01631843894983514,98.0,0.009657900085840873,0.006660538863994267,0.03339511806544656,1.9844674545084815,2.7713471247687895,2.8329377841403387,98.0,2.802142454454564,0.030795329685774375,0.15440397417095106,1.9844674545084815,787275995567259.1,999465749041454.6,98.0,893370872304356.9,106094876737097.77,531946589776317.7,1.9844674545084815,8.49371216314521,8.892013549699493,98.0,8.692862856422352,0.19915069327714213,0.9985169444409416,1.9844674545084815,2.4673384296315786,2.5469167678691913,98.0,2.507127598750385,0.039789169118806346,0.19949797269882003,1.9844674545084815,99.0,0.40404040404040403,-0.005991404225539553,0.019108983955253886,98.0,0.006558789864857166,0.012550194090396719,0.06292512091757818,1.9844674545084815,QuantileRegressor,"{'mode': 'original', 'type': 'QuantileRegressor'}",2,"['l1_T6W30', 'atd_T6W30']",0.15470116261824973,0.20408997170404514,98.0,0.17939556716114743,0.024694404542897716,0.1238146900882161,1.9844674545084815,3.416009602464018,3.503172818487182,98.0,3.4595912104756,0.043581608011582014,0.21851279224515993,1.9844674545084815,completed,True,COMPLETE
131,2.801701140440626,2026-06-12 07:15:11.972234,2026-06-12 07:15:14.259320,0 days 00:00:02.287086,,,,,,,,,,,,,,0.005492235174932384,QuantileRegressor,,,,,,2,,,,,,,,True,0.003140664031390579,0.016473559545491748,98.0,0.009807111788441163,0.006666447757050584,0.03342474452439848,1.9844674545084815,2.7709691926378754,2.832433088243376,98.0,2.801701140440626,0.030731947802750154,0.15408618524875942,1.9844674545084815,787607506477202.6,999902948683470.4,98.0,893755227580336.5,106147721103133.9,532211544891647.8,1.9844674545084815,8.496883526868425,8.89547518825137,98.0,8.696179357559897,0.19929583069147305,0.9992446454852965,1.9844674545084815,2.4662475841860125,2.5450283255637496,98.0,2.505637954874881,0.03939037068886866,0.1974984466958898,1.9844674545084815,99.0,0.3939393939393939,-0.0057565890349447315,0.019388999477900633,98.0,0.00681620522147795,0.012572794256422682,0.0630384353547652,1.9844674545084815,QuantileRegressor,"{'mode': 'original', 'type': 'QuantileRegressor'}",2,"['l1_T6W30', 'atd_T6W30']",0.1549954337190591,0.20432097573673585,98.0,0.17965820472789748,0.024662771008838385,0.12365608346098816,1.9844674545084815,3.4155943435894094,3.502629264538369,98.0,3.4591118040638893,0.04351746047447995,0.21819116442812078,1.9844674545084815,completed,True,COMPLETE
132,2.801922814053702,2026-06-12 07:15:14.277621,2026-06-12 07:15:16.560900,0 days 00:00:02.283279,,,,,,,,,,,,,,0.005722822843966838,QuantileRegressor,,,,,,2,,,,,,,,True,0.0030919684782241543,0.016367502347091223,98.0,0.009729735412657689,0.006637766934433535,0.033280942427140525,1.9844674545084815,2.7712324681394715,2.8326131599679325,98.0,2.801922814053702,0.030690345914230678,0.1538775985251891,1.9844674545084815,787687142519306.5,1000131725468460.2,98.0,893909433993883.4,106222291474576.89,532585431510940.0,1.9844674545084815,8.496913200741261,8.895334340087384,98.0,8.696123770414323,0.19921056967306083,0.9988171572843569,1.9844674545084815,2.467747403059686,2.546334925424695,98.0,2.5070411642421906,0.039293761182504466,0.19701405857997967,1.9844674545084815,99.0,0.3939393939393939,-0.005784583961467078,0.019304722881358868,98.0,0.006760069459945895,0.012544653421412973,0.06289734068858291,1.9844674545084815,QuantileRegressor,"{'mode': 'original', 'type': 'QuantileRegressor'}",2,"['l1_T6W30', 'atd_T6W30']",0.1547176103093821,0.20393018485408274,98.0,0.17932389758173242,0.02460628727235032,0.12337288099234206,1.9844674545084815,3.415731443815821,3.5027040243034393,98.0,3.45921773405963,0.04348629024380906,0.21803488074677954,1.9844674545084815,completed,True,COMPLETE
133,2.8020867609635283,2026-06-12 07:15:16.573726,2026-06-12 07:15:19.064659,0 days 00:00:02.490933,,,,,,,,,,,,,,0.00594470138323379,QuantileRegressor,,,,,,2,,,,,,,,True,0.003033086388335435,0.016307834980339636,98.0,0.009670460684337535,0.0066373742960021,0.0332789737866082,1.9844674545084815,2.7714095842159283,2.832763937711128,98.0,2.8020867609635283,0.030677176747599746,0.15381156995250994,1.9844674545084815,787622470418006.6,1000055314890994.4,98.0,893838892654500.5,106216422236493.83,532556003877119.3,1.9844674545084815,8.498179021517323,8.896280933017032,98.0,8.697229977267178,0.19905095574985474,0.998016872815007,1.9844674545084815,2.4689867106805083,2.5475164786734226,98.0,2.5082515946769655,0.039264883996457244,0.1968692719407697,1.9844674545084815,99.0,0.3939393939393939,-0.0059467099699056815,0.01919828360417799,98.0,0.006625786817136154,0.012572496787041835,0.06303694388008169,1.9844674545084815,QuantileRegressor,"{'mode': 'original', 'type': 'QuantileRegressor'}",2,"['l1_T6W30', 'atd_T6W30']",0.15428772132917212,0.20359074039242098,98.0,0.17893923086079655,0.02465150953162442,0.12359961980709604,1.9844674545084815,3.4159439297759744,3.502935708813921,98.0,3.4594398192949476,0.04349588951897328,0.21808301032518115,1.9844674545084815,completed,True,COMPLETE
134,2.772207456076012,2026-06-12 07:15:19.102028,2026-06-12 07:15:19.302362,0 days 00:00:00.200334,,,,,,,,,,,,,,0.008038221305054124,QuantileRegressor,,,,,,2,,,,,,,,True,,,,,,,,,,,,,,,,,,,,,,,,,,,,,,,,,,,,,,,,,,,,,QuantileRegressor,"{'mode': 'original', 'type': 'QuantileRegressor'}",2,"['l1_T6W30', 'density_T6W30']",,,,,,,,,,,,,,,pruned,True,PRUNED
135,2.8209982577448187,2026-06-12 07:15:19.312009,2026-06-12 07:15:19.490722,0 days 00:00:00.178713,,,,,,,,,,,,,,0.03030436761170501,QuantileRegressor,,,,,,3,,,,,,,,True,,,,,,,,,,,,,,,,,,,,,,,,,,,,,,,,,,,,,,,,,,,,,QuantileRegressor,"{'mode': 'original', 'type': 'QuantileRegressor'}",3,"['l1_T6W30', 'density_T6W30', 'asp_T6W30']",,,,,,,,,,,,,,,pruned,True,PRUNED
136,2.8130208786810593,2026-06-12 07:15:19.500913,2026-06-12 07:15:21.684607,0 days 00:00:02.183694,,,,,,,,,,,,,,0.002808353057896997,QuantileRegressor,,,,,,2,,,,,,,,True,-0.000826884356720751,0.012509085616252608,98.0,0.005841100629765928,0.006667984986486679,0.03343245200266117,1.9844674545084815,2.7819174586318978,2.844124298730221,98.0,2.8130208786810593,0.031103420049161567,0.15594870114728634,1.9844674545084815,798276039225634.8,1012493791806662.5,98.0,905384915516148.6,107108876290513.88,537030658122153.25,1.9844674545084815,8.484410549195147,8.84869312873846,98.0,8.666551838966804,0.18214128977165647,0.9132338990466428,1.9844674545084815,2.453042721688929,2.52369908969729,98.0,2.4883709056931096,0.03532818400418056,0.17713114508424638,1.9844674545084815,99.0,0.4444444444444444,-0.01211916001300634,0.013193753395117535,98.0,0.0005372966910555985,0.012656456704061937,0.06345790851956581,1.9844674545084815,QuantileRegressor,"{'mode': 'original', 'type': 'QuantileRegressor'}",2,"['l1_T6W30', 'lcc_T6W30']",0.1429018991331264,0.1920254297094211,98.0,0.16746366442127375,0.024561765288147342,0.12314965327018224,1.9844674545084815,3.4266391946090553,3.5132215519285377,98.0,3.4699303732687965,0.0432911786597411,0.21705661539634233,1.9844674545084815,completed,True,COMPLETE
137,2.768267482888358,2026-06-12 07:15:21.696661,2026-06-12 07:15:21.889178,0 days 00:00:00.192517,,,,,,,,,,,,,,0.006059041321009099,QuantileRegressor,,,,,,2,,,,,,,,True,,,,,,,,,,,,,,,,,,,,,,,,,,,,,,,,,,,,,,,,,,,,,QuantileRegressor,"{'mode': 'original', 'type': 'QuantileRegressor'}",2,"['l1_T6W30', 'density_T6W30']",,,,,,,,,,,,,,,pruned,True,PRUNED
138,2.7644232640454973,2026-06-12 07:15:21.898426,2026-06-12 07:15:22.082524,0 days 00:00:00.184098,,,,,,,,,,,,,,0.0029837249121227646,QuantileRegressor,,,,,,3,,,,,,,,True,,,,,,,,,,,,,,,,,,,,,,,,,,,,,,,,,,,,,,,,,,,,,QuantileRegressor,"{'mode': 'original', 'type': 'QuantileRegressor'}",3,"['l1_T6W30', 'lcc_T6W30', 'asp_T6W30']",,,,,,,,,,,,,,,pruned,True,PRUNED
139,3.9686274509803923,2026-06-12 07:15:22.091693,2026-06-12 07:15:22.224160,0 days 00:00:00.132467,,,,,,,,,,,minkowski,1.0,distance,,KNeighborsRegressor,,,,,,2,,,,,0.8583800840831962,0.00013757124658359736,LinearSVR,,,,,,,,,,,,,,,,,,,,,,,,,,,,,,,,,,,,,,,,,,,,,,KNeighborsRegressor,"{'mode': 'proxy', 'type': 'LinearSVR'}",2,"['lcc_T6W30', 'asp_T6W30']",,,,,,,,,,,,,,,pruned,True,PRUNED
