number,value,datetime_start,datetime_complete,duration,params_dt_max_depth,params_dt_min_samples_leaf,params_dt_min_samples_split,params_elastic_alpha,params_elastic_l1_ratio,params_et_max_depth,params_et_max_features,params_et_min_samples_leaf,params_et_min_samples_split,params_et_n_estimators,params_knn_metric,params_knn_n_neighbors,params_knn_weights,params_quantile_alpha,params_regressor,params_rf_max_depth,params_rf_max_features,params_rf_min_samples_leaf,params_rf_min_samples_split,params_rf_n_estimators,params_rfe_n_features,params_rfe_proxy_et_max_depth,params_rfe_proxy_et_min_samples_leaf,params_rfe_proxy_et_min_samples_split,params_rfe_proxy_et_n_estimators,params_rfe_proxy_lsvr_C,params_rfe_proxy_lsvr_epsilon,params_rfe_proxy_type,params_use_scaler,user_attrs_d2mae_ci_lower_val,user_attrs_d2mae_ci_upper_val,user_attrs_d2mae_df_val,user_attrs_d2mae_mean_val,user_attrs_d2mae_samperror_val,user_attrs_d2mae_std_val,user_attrs_d2mae_t_critical_val,user_attrs_mae_ci_lower_val,user_attrs_mae_ci_upper_val,user_attrs_mae_df_val,user_attrs_mae_mean_val,user_attrs_mae_samperror_val,user_attrs_mae_std_val,user_attrs_mae_t_critical_val,user_attrs_mape_ci_lower_val,user_attrs_mape_ci_upper_val,user_attrs_mape_df_val,user_attrs_mape_mean_val,user_attrs_mape_samperror_val,user_attrs_mape_std_val,user_attrs_mape_t_critical_val,user_attrs_max_error_ci_lower_val,user_attrs_max_error_ci_upper_val,user_attrs_max_error_df_val,user_attrs_max_error_mean_val,user_attrs_max_error_samperror_val,user_attrs_max_error_std_val,user_attrs_max_error_t_critical_val,user_attrs_median_ae_ci_lower_val,user_attrs_median_ae_ci_upper_val,user_attrs_median_ae_df_val,user_attrs_median_ae_mean_val,user_attrs_median_ae_samperror_val,user_attrs_median_ae_std_val,user_attrs_median_ae_t_critical_val,user_attrs_n_splits_val,user_attrs_r2_below_zero_val,user_attrs_r2_ci_lower_val,user_attrs_r2_ci_upper_val,user_attrs_r2_df_val,user_attrs_r2_mean_val,user_attrs_r2_samperror_val,user_attrs_r2_std_val,user_attrs_r2_t_critical_val,user_attrs_regressor_final,user_attrs_rfe_estimator,user_attrs_rfe_n_features,user_attrs_rfe_selected_features,user_attrs_rho_ci_lower_val,user_attrs_rho_ci_upper_val,user_attrs_rho_df_val,user_attrs_rho_mean_val,user_attrs_rho_samperror_val,user_attrs_rho_std_val,user_attrs_rho_t_critical_val,user_attrs_rmse_ci_lower_val,user_attrs_rmse_ci_upper_val,user_attrs_rmse_df_val,user_attrs_rmse_mean_val,user_attrs_rmse_samperror_val,user_attrs_rmse_std_val,user_attrs_rmse_t_critical_val,user_attrs_termination_reason,user_attrs_use_scaler_final,state
26,2.8555667122773896,2026-06-12 07:09:45.467133,2026-06-12 07:09:47.488716,0 days 00:00:02.021583,,,,0.0001518882107614074,0.9952537812244286,,,,,,,,,,ElasticNet,,,,,,4,,,,,,,,False,-0.016067042330512857,-0.0027135034925750024,98.0,-0.009390272911543929,0.006676769418968926,0.03347649606063799,1.9844674545084815,2.826279740569518,2.884853683985261,98.0,2.8555667122773896,0.02928697170787156,0.14684125382870908,1.9844674545084815,860922275276175.8,1093823325599598.8,98.0,977372800437887.2,116450525161711.53,583868530154703.5,1.9844674545084815,8.239572711784808,8.721619784753683,98.0,8.480596248269245,0.24102353648443703,1.208462201303382,1.9844674545084815,2.5129181842503487,2.5820728222578704,98.0,2.5474955032541096,0.034577319003760834,0.17336640084173763,1.9844674545084815,99.0,0.5353535353535354,-0.027463902458943874,-0.0016398256010299646,98.0,-0.014551864029986919,0.012912038428956954,0.06473936367695245,1.9844674545084815,ElasticNet,"{'mode': 'original', 'type': 'ElasticNet'}",4,"['nodes_T6W30', 'l1_T6W30', 'lcc_T6W30', 'atd_T6W30']",0.09586210673422457,0.14331260691712333,98.0,0.11958735682567395,0.023725250091449383,0.11895546953704869,1.9844674545084815,3.453180836243466,3.53815741358261,98.0,3.495669124913038,0.042488288669572015,0.213031024289862,1.9844674545084815,completed,False,COMPLETE
27,3.358327202935046,2026-06-12 07:09:47.501966,2026-06-12 07:09:49.367652,0 days 00:00:01.865686,19.0,5.0,2.0,,,,,,,,,,,,DecisionTreeRegressor,,,,,,3,,,,,,,,False,-0.20706272367046266,-0.16760171403386878,98.0,-0.18733221885216572,0.01973050481829693,0.09892631082145657,1.9844674545084815,3.298076633414936,3.4185777724551563,98.0,3.358327202935046,0.060250569520110174,0.3020889035737645,1.9844674545084815,789674715455933.5,1038421135323917.5,98.0,914047925389925.5,124373209933992.02,623591891697699.9,1.9844674545084815,9.965526612525926,10.438618008285365,98.0,10.202072310405645,0.2365456978797198,1.1860108723739884,1.9844674545084815,2.833400282084361,3.0117656630815843,98.0,2.9225829725829726,0.0891826904986117,0.44715097973458506,1.9844674545084815,99.0,0.9797979797979798,-0.4702494995058201,-0.38520627612348385,98.0,-0.427727887814652,0.04252161169116814,0.2131981017986377,1.9844674545084815,DecisionTreeRegressor,"{'mode': 'original', 'type': 'DecisionTreeRegressor'}",3,"['l1_T6W30', 'l2_T6W30', 'l3_T6W30']",0.012194620295992994,0.07096495205004773,98.0,0.04157978617302036,0.02938516587702737,0.1473335872478598,1.9844674545084815,4.0676145736269556,4.199908361615019,98.0,4.133761467620987,0.06614689399403138,0.3316523452080794,1.9844674545084815,completed,False,COMPLETE
28,2.884085957615369,2026-06-12 07:09:49.380220,2026-06-12 07:09:51.214956,0 days 00:00:01.834736,,,,,,,,,,,manhattan,20.0,uniform,,KNeighborsRegressor,,,,,,5,,,,,9.2280254708572,0.00016462494656141707,LinearSVR,,-0.0260102923513839,-0.012848699618496629,98.0,-0.019429495984940263,0.006580796366443634,0.03299529904555723,1.9844674545084815,2.8546351021577383,2.9135368130729997,98.0,2.884085957615369,0.029450855457630744,0.14766294668028926,1.9844674545084815,858547663193963.8,1085519555632339.2,98.0,972033609413151.5,113485946219187.72,569004498006327.4,1.9844674545084815,8.219080822272836,8.60617170297969,98.0,8.412626262626263,0.1935454403534273,0.9704128995586193,1.9844674545084815,2.5159153524108024,2.604286667791218,98.0,2.56010101010101,0.044185657690207894,0.2215414226228242,1.9844674545084815,99.0,0.6464646464646465,-0.032944321297267584,-0.011898209351668656,98.0,-0.022421265324468122,0.010523055972799466,0.05276130111944096,1.9844674545084815,KNeighborsRegressor,"{'mode': 'proxy', 'type': 'LinearSVR'}",5,"['l1_T6W30', 'lcc_T6W30', 'lsc_T6W30', 'density_T6W30', 'asp_T6W30']",0.04075758347498906,0.08834345592099518,98.0,0.06455051969799212,0.023792936223003065,0.1192948394290026,1.9844674545084815,3.46925446736498,3.550362369453225,98.0,3.5098084184091025,0.040553951044122453,0.20333249468146555,1.9844674545084815,completed,True,COMPLETE
29,2.876384075526622,2026-06-12 07:09:51.227261,2026-06-12 07:10:15.439446,0 days 00:00:24.212185,,,,,,3.0,,1.0,2.0,486.0,,,,,ExtraTreesRegressor,,,,,,7,,,,,,,,True,-0.022471753966808346,-0.01079867858041568,98.0,-0.016635216273612013,0.005836537693196334,0.02926367811039747,1.9844674545084815,2.847236755591206,2.905531395462038,98.0,2.876384075526622,0.029147319935416055,0.14614105711423428,1.9844674545084815,854801523405259.1,1083805465589376.6,98.0,969303494497317.9,114501971092058.73,574098721053411.4,1.9844674545084815,8.344822731034217,8.784556608450735,98.0,8.564689669742476,0.21986693870825866,1.102385636775247,1.9844674545084815,2.497239375541215,2.5779846281540286,98.0,2.537612001847622,0.04037262630640674,0.20242335487343344,1.9844674545084815,99.0,0.6262626262626263,-0.036415968215755504,-0.015532030644652582,98.0,-0.025973999430204044,0.010441968785551462,0.05235473999172491,1.9844674545084815,ExtraTreesRegressor,"{'mode': 'original', 'type': 'ExtraTreesRegressor'}",7,"['nodes_T6W30', 'l1_T6W30', 'lcc_T6W30', 'atd_T6W30', 'density_T6W30', 'diameter_T6W30', 'asp_T6W30']",0.06421689685173006,0.11071304176557377,98.0,0.08746496930865191,0.023248072456921856,0.11656295989651776,1.9844674545084815,3.474535444034408,3.5578466288891644,98.0,3.516191036461786,0.04165559242737804,0.20885598832226987,1.9844674545084815,completed,True,COMPLETE
30,3.1361754696499506,2026-06-12 07:10:15.452577,2026-06-12 07:10:59.297087,0 days 00:00:43.844510,,,,,,,,,,,,,,,RandomForestRegressor,20.0,log2,1.0,2.0,492.0,2,,,,,,,,False,-0.12148137522937391,-0.09509722332849205,98.0,-0.10828929927893298,0.01319207595044093,0.06614343717365812,1.9844674545084815,3.0892209562860957,3.1831299830138056,98.0,3.1361754696499506,0.0469545133638551,0.23542412250878791,1.9844674545084815,829372892411922.4,1065170532727283.1,98.0,947271712569602.8,117898820157680.36,591130102134327.1,1.9844674545084815,9.31600509457822,9.891901516202282,98.0,9.60395330539025,0.2879482108120308,1.4437367145749518,1.9844674545084815,2.668232140148224,2.783774087629729,98.0,2.7260031138889764,0.05777097374075261,0.2896565170210989,1.9844674545084815,99.0,1.0,-0.285828549205461,-0.22938111616178675,98.0,-0.2576048326836239,0.028223716521837132,0.14151022383303324,1.9844674545084815,RandomForestRegressor,"{'mode': 'original', 'type': 'RandomForestRegressor'}",2,"['atd_T6W30', 'density_T6W30']",-0.009226846064662822,0.038417477810921065,98.0,0.01459531587312912,0.023822161937791943,0.11944137354821595,1.9844674545084815,3.8276841258076932,3.9492508935254276,98.0,3.8884675096665604,0.06078338385886733,0.30476036876796164,1.9844674545084815,completed,False,COMPLETE
31,2.829425361779443,2026-06-12 07:10:59.309255,2026-06-12 07:11:01.211582,0 days 00:00:01.902327,,,,,,,,,,,,,,,LinearRegression,,,,,,3,,,,,,,,False,-0.00557029851116067,0.005331909661769263,98.0,-0.00011919442469570376,0.005451104086464966,0.027331161678015914,1.9844674545084815,2.8021260611163754,2.8567246624425104,98.0,2.829425361779443,0.027299300663067613,0.1368753170521326,1.9844674545084815,855635969114604.2,1085254203562651.2,98.0,970445086338627.8,114809117224023.52,575638713770180.5,1.9844674545084815,8.15285151515716,8.538228236434783,98.0,8.345539875795971,0.192688360638812,0.9661156078761394,1.9844674545084815,2.490516251966528,2.561288483396555,98.0,2.5259023676815415,0.03538611571501355,0.17742160751716746,1.9844674545084815,99.0,0.3838383838383838,-0.0030139495839800814,0.017016846469982038,98.0,0.007001448443000978,0.01001539802698106,0.05021596696800851,1.9844674545084815,LinearRegression,"{'mode': 'original', 'type': 'LinearRegression'}",3,"['l1_T6W30', 'atd_T6W30', 'density_T6W30']",0.13087557111581752,0.17720201997187382,98.0,0.15403879554384567,0.023163224428028154,0.11613754237394415,1.9844674545084815,3.418999357782231,3.499017745194454,98.0,3.4590085514883424,0.04000919370611163,0.20060114876616225,1.9844674545084815,completed,False,COMPLETE
32,2.829425361779443,2026-06-12 07:11:01.225716,2026-06-12 07:11:02.899860,0 days 00:00:01.674144,,,,,,,,,,,,,,,LinearRegression,,,,,,3,,,,,,,,False,-0.00557029851116067,0.005331909661769263,98.0,-0.00011919442469570376,0.005451104086464966,0.027331161678015914,1.9844674545084815,2.8021260611163754,2.8567246624425104,98.0,2.829425361779443,0.027299300663067613,0.1368753170521326,1.9844674545084815,855635969114604.2,1085254203562651.2,98.0,970445086338627.8,114809117224023.52,575638713770180.5,1.9844674545084815,8.15285151515716,8.538228236434783,98.0,8.345539875795971,0.192688360638812,0.9661156078761394,1.9844674545084815,2.490516251966528,2.561288483396555,98.0,2.5259023676815415,0.03538611571501355,0.17742160751716746,1.9844674545084815,99.0,0.3838383838383838,-0.0030139495839800814,0.017016846469982038,98.0,0.007001448443000978,0.01001539802698106,0.05021596696800851,1.9844674545084815,LinearRegression,"{'mode': 'original', 'type': 'LinearRegression'}",3,"['l1_T6W30', 'atd_T6W30', 'density_T6W30']",0.13087557111581752,0.17720201997187382,98.0,0.15403879554384567,0.023163224428028154,0.11613754237394415,1.9844674545084815,3.418999357782231,3.499017745194454,98.0,3.4590085514883424,0.04000919370611163,0.20060114876616225,1.9844674545084815,completed,False,COMPLETE
33,2.8445454196252866,2026-06-12 07:11:02.911778,2026-06-12 07:11:04.774901,0 days 00:00:01.863123,,,,,,,,,,,,,,,LinearRegression,,,,,,4,,,,,,,,False,-0.011765212150945545,0.0006601191587090128,98.0,-0.005552546496118266,0.006212665654827278,0.031149537189200074,1.9844674545084815,2.816948949188347,2.872141890062226,98.0,2.8445454196252866,0.027596470436939455,0.13836528954333446,1.9844674545084815,853921910575770.0,1084415712029520.8,98.0,969168811302645.4,115246900726875.44,577833706106893.2,1.9844674545084815,8.153387225278932,8.54975911138642,98.0,8.351573168332676,0.198185943053744,0.9936798061444876,1.9844674545084815,2.5015794714038018,2.579120190721267,98.0,2.5403498310625343,0.038770359658732594,0.194389788075909,1.9844674545084815,99.0,0.48484848484848486,-0.01526261653248355,0.007692406842754512,98.0,-0.0037851048448645187,0.01147751168761903,0.05754682402314261,1.9844674545084815,LinearRegression,"{'mode': 'original', 'type': 'LinearRegression'}",4,"['edges_T6W30', 'l1_T6W30', 'atd_T6W30', 'density_T6W30']",0.11117948883259775,0.15907023427595665,98.0,0.1351248615542772,0.02394537272167945,0.12005913717948946,1.9844674545084815,3.4367943923407327,3.5176352644906017,98.0,3.477214828415667,0.040420436074934556,0.20266306713955337,1.9844674545084815,completed,False,COMPLETE
34,2.832725988087942,2026-06-12 07:11:04.787762,2026-06-12 07:11:06.499754,0 days 00:00:01.711992,,,,,,,,,,,,,,,LinearRegression,,,,,,2,,,,,,,,False,-0.006300495651999919,0.003976392962618203,98.0,-0.0011620513446908578,0.005138444307309061,0.025763524216177527,1.9844674545084815,2.8044633875746725,2.8609885886012116,98.0,2.832725988087942,0.028262600513269363,0.1417051833567671,1.9844674545084815,848336370731264.5,1077768208297605.2,98.0,963052289514434.9,114715918783170.39,575171428314850.4,1.9844674545084815,8.207892499677246,8.588599196331508,98.0,8.398245848004377,0.190353348327131,0.9544081449478178,1.9844674545084815,2.481384557111563,2.553037610708498,98.0,2.5172110839100306,0.03582652679846757,0.1796297742180308,1.9844674545084815,99.0,0.37373737373737376,-0.0028191252218071053,0.015324088346158022,98.0,0.006252481562175459,0.009071606783982564,0.04548391440699871,1.9844674545084815,LinearRegression,"{'mode': 'original', 'type': 'LinearRegression'}",2,"['atd_T6W30', 'density_T6W30']",0.13424159244165734,0.18471936484533397,98.0,0.15948047864349565,0.0252388862018383,0.1265446537827582,1.9844674545084815,3.4196829674539413,3.5024552854463376,98.0,3.4610691264501394,0.041386158996197964,0.20750508242279717,1.9844674545084815,completed,False,COMPLETE
35,2.8470733466320013,2026-06-12 07:11:06.588136,2026-06-12 07:11:08.951899,0 days 00:00:02.363763,,,,,,,,,,,,,,0.0533868711768359,QuantileRegressor,,,,,,12,,,,,,,,False,-0.009159952308402755,-0.003127165695250896,98.0,-0.006143559001826826,0.00301639330657593,0.015123822961152625,1.9844674545084815,2.820171901985491,2.8739747912785116,98.0,2.8470733466320013,0.02690144464651054,0.13488051619333183,1.9844674545084815,810110484445410.4,1028932479615765.9,98.0,919521482030588.1,109410997585177.75,548573209559226.5,1.9844674545084815,8.592552176865935,8.927667272718663,98.0,8.760109724792299,0.16755754792636418,0.8401128212022798,1.9844674545084815,2.537207795705767,2.6973712841106043,98.0,2.6172895399081857,0.08008174420241844,0.4015199606421748,1.9844674545084815,99.0,0.8787878787878788,-0.03095913733122869,-0.01987744542015948,98.0,-0.025418291375694086,0.005540845955534606,0.027781116309944485,1.9844674545084815,QuantileRegressor,"{'mode': 'original', 'type': 'QuantileRegressor'}",12,"['edges_T6W30', 're_T6W30', 'pe_T6W30', 'l1_T6W30', 'l2_T6W30', 'l3_T6W30', 'lcc_T6W30', 'lsc_T6W30', 'atd_T6W30', 'density_T6W30', 'diameter_T6W30', 'asp_T6W30']",0.02495554579345586,0.09520944156593183,37.0,0.06008249367969385,0.03512694788623799,0.10686894427973996,2.0261924630291093,3.475872466777038,3.557318564463678,98.0,3.516595515620358,0.040723048843319905,0.20418033013203743,1.9844674545084815,completed,False,COMPLETE
36,2.8676727252622682,2026-06-12 07:11:08.965081,2026-06-12 07:11:10.734144,0 days 00:00:01.769063,,,,0.0001231007420853381,0.9952690453941779,,,,,,,,,,ElasticNet,,,,,,3,,,,,,,,False,-0.01954741008487377,-0.007664749605637742,98.0,-0.013606079845255756,0.005941330239618014,0.029789094977049027,1.9844674545084815,2.8388896917498903,2.8964557587746462,98.0,2.8676727252622682,0.028783033512377935,0.1443145700453334,1.9844674545084815,856784719383229.1,1090947129034597.9,98.0,973865924208913.5,117081204825684.38,587030679985208.2,1.9844674545084815,8.267167049111663,8.784467087902566,98.0,8.525817068507115,0.25865001939545185,1.2968392065144763,1.9844674545084815,2.5274162573263794,2.610835530544108,98.0,2.5691258939352437,0.04170963660886416,0.20912695916386886,1.9844674545084815,99.0,0.5454545454545454,-0.02910726566877685,-0.006488765192291437,98.0,-0.017798015430534143,0.011309250238242707,0.05670318192713122,1.9844674545084815,ElasticNet,"{'mode': 'original', 'type': 'ElasticNet'}",3,"['nodes_T6W30', 'lcc_T6W30', 'atd_T6W30']",0.0848367670213989,0.1340859752663434,98.0,0.10946137114387115,0.024624604122472245,0.12346471941336165,1.9844674545084815,3.4590501576321397,3.5454010493567827,98.0,3.502225603494461,0.04317544586232138,0.2164763454643149,1.9844674545084815,completed,False,COMPLETE
37,2.8847798558150233,2026-06-12 07:11:10.748525,2026-06-12 07:11:42.483393,0 days 00:00:31.734868,,,,,,,,,,,,,,,RandomForestRegressor,2.0,,1.0,12.0,381.0,5,,,,,,,,True,-0.02637192660231348,-0.012790783951682498,98.0,-0.01958135527699799,0.00679057132531549,0.03404708474364393,1.9844674545084815,2.85378797767994,2.9157717339501064,98.0,2.8847798558150233,0.03099187813508318,0.15538944378598935,1.9844674545084815,849667884988351.2,1080142778830545.2,98.0,964905331909448.2,115237446921097.05,577786305894000.0,1.9844674545084815,8.428460886558552,8.859111491516272,98.0,8.643786189037412,0.21532530247886023,1.0796144344464138,1.9844674545084815,2.5032892826754605,2.5860055087641847,98.0,2.5446473957198226,0.041358113044362314,0.20736446348911414,1.9844674545084815,99.0,0.6464646464646465,-0.0426003024503841,-0.019191642167426522,98.0,-0.03089597230890531,0.011704330141478786,0.058684063697099886,1.9844674545084815,RandomForestRegressor,"{'mode': 'original', 'type': 'RandomForestRegressor'}",5,"['l1_T6W30', 'l3_T6W30', 'atd_T6W30', 'density_T6W30', 'diameter_T6W30']",0.030310720667172282,0.07955672515224455,98.0,0.05493372290970841,0.024623002242536128,0.12345668778548805,1.9844674545084815,3.481600110478556,3.5672195055289007,98.0,3.5244098080037283,0.04280969752517218,0.2146425285388757,1.9844674545084815,completed,True,COMPLETE
38,3.016928889942039,2026-06-12 07:11:42.495520,2026-06-12 07:11:48.238335,0 days 00:00:05.742815,,,,,,20.0,log2,1.0,2.0,69.0,,,,,ExtraTreesRegressor,,,,,,4,,,,,,,,False,-0.0775384618013141,-0.05508283910830619,98.0,-0.06631065045481015,0.011227811346503956,0.0562948573965986,1.9844674545084815,2.976292803049051,3.0575649768350264,98.0,3.016928889942039,0.040636086892987686,0.2037443136688283,1.9844674545084815,875382000674941.5,1115657708342306.5,98.0,995519854508624.0,120137853833682.44,602356340054326.2,1.9844674545084815,9.17803518379552,9.575851591837319,98.0,9.37694338781642,0.19890820402089848,0.9973011333020507,1.9844674545084815,2.5109762005477756,2.6299442795776087,98.0,2.570460240062692,0.05948403951491664,0.29824561693482216,1.9844674545084815,99.0,0.9595959595959596,-0.1866315275954581,-0.14477573737425214,98.0,-0.16570363248485512,0.020927895110602973,0.10492987764968165,1.9844674545084815,ExtraTreesRegressor,"{'mode': 'original', 'type': 'ExtraTreesRegressor'}",4,"['l1_T6W30', 'l3_T6W30', 'atd_T6W30', 'density_T6W30']",0.020829618925028687,0.06665014745860261,98.0,0.04373988319181565,0.02291026426678696,0.11486923141247365,1.9844674545084815,3.694617883503516,3.794841506847764,98.0,3.74472969517564,0.050111811672124015,0.2512544257208083,1.9844674545084815,completed,False,COMPLETE
39,2.8879713366128947,2026-06-12 07:11:48.250402,2026-06-12 07:11:49.955873,0 days 00:00:01.705471,,,,,,,,,,,,,,,LinearRegression,,,,,,6,,,,,,,,True,-0.02890823793899046,-0.012947642427407247,98.0,-0.020927940183198854,0.007980297755791607,0.04001222591654685,1.9844674545084815,2.8570589191395093,2.91888375408628,98.0,2.8879713366128947,0.030912417473385675,0.15499103785620916,1.9844674545084815,861837648043970.2,1095337636075406.0,98.0,978587642059688.1,116749994015717.84,585370029949341.4,1.9844674545084815,8.257770643177668,8.728432190684792,98.0,8.49310141693123,0.23533077375356126,1.1799193930714724,1.9844674545084815,2.5184402708832003,2.6027634815758605,98.0,2.5606018762295304,0.0421616053463301,0.21139307451245715,1.9844674545084815,99.0,0.6464646464646465,-0.052025960424673466,-0.021171506603006242,98.0,-0.036598733513839854,0.015427226910833614,0.0773502076378195,1.9844674545084815,LinearRegression,"{'mode': 'original', 'type': 'LinearRegression'}",6,"['nodes_T6W30', 're_T6W30', 'l1_T6W30', 'lcc_T6W30', 'atd_T6W30', 'density_T6W30']",0.05130977896962549,0.10154899447561425,98.0,0.07642938672261987,0.025119607752994377,0.12594660639302832,1.9844674545084815,3.488742548432541,3.576315514387914,98.0,3.5325290314102276,0.043786482977686766,0.21954000998556056,1.9844674545084815,completed,True,COMPLETE
