number,value,datetime_start,datetime_complete,duration,params_dt_max_depth,params_dt_min_samples_leaf,params_dt_min_samples_split,params_elastic_alpha,params_elastic_l1_ratio,params_et_max_depth,params_et_max_features,params_et_min_samples_leaf,params_et_min_samples_split,params_et_n_estimators,params_knn_metric,params_knn_n_neighbors,params_knn_weights,params_quantile_alpha,params_regressor,params_rf_max_depth,params_rf_max_features,params_rf_min_samples_leaf,params_rf_min_samples_split,params_rf_n_estimators,params_rfe_n_features,params_rfe_proxy_et_max_depth,params_rfe_proxy_et_min_samples_leaf,params_rfe_proxy_et_min_samples_split,params_rfe_proxy_et_n_estimators,params_rfe_proxy_lsvr_C,params_rfe_proxy_lsvr_epsilon,params_rfe_proxy_type,params_use_scaler,user_attrs_d2mae_ci_lower_val,user_attrs_d2mae_ci_upper_val,user_attrs_d2mae_df_val,user_attrs_d2mae_mean_val,user_attrs_d2mae_samperror_val,user_attrs_d2mae_std_val,user_attrs_d2mae_t_critical_val,user_attrs_mae_ci_lower_val,user_attrs_mae_ci_upper_val,user_attrs_mae_df_val,user_attrs_mae_mean_val,user_attrs_mae_samperror_val,user_attrs_mae_std_val,user_attrs_mae_t_critical_val,user_attrs_mape_ci_lower_val,user_attrs_mape_ci_upper_val,user_attrs_mape_df_val,user_attrs_mape_mean_val,user_attrs_mape_samperror_val,user_attrs_mape_std_val,user_attrs_mape_t_critical_val,user_attrs_max_error_ci_lower_val,user_attrs_max_error_ci_upper_val,user_attrs_max_error_df_val,user_attrs_max_error_mean_val,user_attrs_max_error_samperror_val,user_attrs_max_error_std_val,user_attrs_max_error_t_critical_val,user_attrs_median_ae_ci_lower_val,user_attrs_median_ae_ci_upper_val,user_attrs_median_ae_df_val,user_attrs_median_ae_mean_val,user_attrs_median_ae_samperror_val,user_attrs_median_ae_std_val,user_attrs_median_ae_t_critical_val,user_attrs_n_splits_val,user_attrs_r2_below_zero_val,user_attrs_r2_ci_lower_val,user_attrs_r2_ci_upper_val,user_attrs_r2_df_val,user_attrs_r2_mean_val,user_attrs_r2_samperror_val,user_attrs_r2_std_val,user_attrs_r2_t_critical_val,user_attrs_regressor_final,user_attrs_rfe_estimator,user_attrs_rfe_n_features,user_attrs_rfe_selected_features,user_attrs_rho_ci_lower_val,user_attrs_rho_ci_upper_val,user_attrs_rho_df_val,user_attrs_rho_mean_val,user_attrs_rho_samperror_val,user_attrs_rho_std_val,user_attrs_rho_t_critical_val,user_attrs_rmse_ci_lower_val,user_attrs_rmse_ci_upper_val,user_attrs_rmse_df_val,user_attrs_rmse_mean_val,user_attrs_rmse_samperror_val,user_attrs_rmse_std_val,user_attrs_rmse_t_critical_val,user_attrs_termination_reason,user_attrs_use_scaler_final,state
164,2.801923243020849,2026-06-12 07:15:53.363635,2026-06-12 07:15:55.629936,0 days 00:00:02.266301,,,,,,,,,,,,,,0.00572932851510577,QuantileRegressor,,,,,,2,,,,,,,,True,0.003091799799717657,0.016367351648597372,98.0,0.009729575724157514,0.006637775924439857,0.03328098750192031,1.9844674545084815,2.771232962712865,2.8326135233288334,98.0,2.801923243020849,0.03069028030798447,0.15387726958358502,1.9844674545084815,787718000812114.6,1000160523992572.1,98.0,893939262402343.4,106221261590228.75,532580267798198.1,1.9844674545084815,8.497463534680852,8.895593004791822,98.0,8.696528269736337,0.1990647350554855,0.9980859605491672,1.9844674545084815,2.467999948425547,2.546533979368898,98.0,2.5072669638972225,0.039267015471675874,0.19687995889388765,1.9844674545084815,99.0,0.3939393939393939,-0.005777312312070415,0.019313047955759197,98.0,0.006767867821844391,0.012545180133914806,0.06289998155992146,1.9844674545084815,QuantileRegressor,"{'mode': 'original', 'type': 'QuantileRegressor'}",2,"['l1_T6W30', 'atd_T6W30']",0.1547176103093821,0.20393018485408274,98.0,0.17932389758173242,0.02460628727235032,0.12337288099234206,1.9844674545084815,3.415714988429756,3.5026954760670694,98.0,3.459205232248413,0.04349024381865671,0.21805470348207376,1.9844674545084815,completed,True,COMPLETE
165,2.7748089608854043,2026-06-12 07:15:55.642949,2026-06-12 07:15:55.834079,0 days 00:00:00.191130,,,,,,,,,,,,,,0.01094172903389249,QuantileRegressor,,,,,,3,,,,,,,,True,,,,,,,,,,,,,,,,,,,,,,,,,,,,,,,,,,,,,,,,,,,,,QuantileRegressor,"{'mode': 'original', 'type': 'QuantileRegressor'}",3,"['l1_T6W30', 'lsc_T6W30', 'density_T6W30']",,,,,,,,,,,,,,,pruned,True,PRUNED
166,2.801923243020849,2026-06-12 07:15:55.844937,2026-06-12 07:15:58.099393,0 days 00:00:02.254456,,,,,,,,,,,,,,0.005738672937809915,QuantileRegressor,,,,,,2,,,,,,,,True,0.003091799799717657,0.016367351648597372,98.0,0.009729575724157514,0.006637775924439857,0.03328098750192031,1.9844674545084815,2.771232962712865,2.8326135233288334,98.0,2.801923243020849,0.03069028030798447,0.15387726958358502,1.9844674545084815,787718000812114.6,1000160523992572.1,98.0,893939262402343.4,106221261590228.75,532580267798198.1,1.9844674545084815,8.497463534680852,8.895593004791822,98.0,8.696528269736337,0.1990647350554855,0.9980859605491672,1.9844674545084815,2.467999948425547,2.546533979368898,98.0,2.5072669638972225,0.039267015471675874,0.19687995889388765,1.9844674545084815,99.0,0.3939393939393939,-0.005777312312070415,0.019313047955759197,98.0,0.006767867821844391,0.012545180133914806,0.06289998155992146,1.9844674545084815,QuantileRegressor,"{'mode': 'original', 'type': 'QuantileRegressor'}",2,"['l1_T6W30', 'atd_T6W30']",0.1547176103093821,0.20393018485408274,98.0,0.17932389758173242,0.02460628727235032,0.12337288099234206,1.9844674545084815,3.415714988429756,3.5026954760670694,98.0,3.459205232248413,0.04349024381865671,0.21805470348207376,1.9844674545084815,completed,True,COMPLETE
167,2.8126807504081746,2026-06-12 07:15:58.179686,2026-06-12 07:16:00.451735,0 days 00:00:02.272049,,,,,,,,,,,,,,0.006012015629026867,QuantileRegressor,,,,,,3,,,,,,,,True,-0.0008415530074955971,0.01277363413418613,98.0,0.005966040563345266,0.006807593570840863,0.0341324321773376,1.9844674545084815,2.7812370449412,2.844124455875149,98.0,2.8126807504081746,0.031443705466974455,0.15765485014451577,1.9844674545084815,787469135072752.5,1000347866090841.5,98.0,893908500581797.0,106439365509044.44,533673813871288.44,1.9844674545084815,8.510529215142215,8.904271920600243,98.0,8.707400567871229,0.19687135272901454,0.9870886128493994,1.9844674545084815,2.475556914386511,2.5536331117410502,98.0,2.5145950130637806,0.03903809867726975,0.19573219839996092,1.9844674545084815,99.0,0.42424242424242425,-0.011386390311410288,0.014008822793577966,98.0,0.0013112162410838387,0.012697606552494127,0.06366422877004839,1.9844674545084815,QuantileRegressor,"{'mode': 'original', 'type': 'QuantileRegressor'}",3,"['l1_T6W30', 'atd_T6W30', 'asp_T6W30']",0.14735343396501455,0.19590967639679346,98.0,0.171631555180904,0.024278121215889455,0.12172749697396694,1.9844674545084815,3.4245277128679192,3.5132532593386494,98.0,3.4688904861032843,0.044362773235364986,0.222429458059975,1.9844674545084815,completed,True,COMPLETE
168,2.824378033570262,2026-06-12 07:16:00.464891,2026-06-12 07:16:02.776280,0 days 00:00:02.311389,,,,,,,,,,,,,,0.0021578469519153184,QuantileRegressor,,,,,,2,,,,,,,,True,-0.005169425038322585,0.008799802679629848,98.0,0.0018151888206536311,0.006984613858976216,0.03501999000756312,1.9844674545084815,2.7929061170016047,2.855849950138919,98.0,2.824378033570262,0.031471916568657256,0.15779629711910612,1.9844674545084815,779453181050712.2,988972545760136.8,98.0,884212863405424.5,104759682354712.22,525252090284523.3,1.9844674545084815,8.58224766719851,8.972777165889438,98.0,8.777512416543974,0.19526474934546395,0.9790333021945731,1.9844674545084815,2.502719280926625,2.584998975484708,98.0,2.5438591282056664,0.04113984727904145,0.20627010593766457,1.9844674545084815,99.0,0.46464646464646464,-0.019745719607281796,0.006419825721807153,98.0,-0.006662946942737322,0.013082772664544474,0.06559540401718399,1.9844674545084815,QuantileRegressor,"{'mode': 'original', 'type': 'QuantileRegressor'}",2,"['lcc_T6W30', 'asp_T6W30']",0.1308887166093678,0.18166508241602575,93.0,0.15627689951269677,0.02538818290332898,0.12395374199757529,1.9858018143458227,3.437753664535071,3.5277495131608823,98.0,3.4827515888479765,0.04499792431290557,0.22561402700506833,1.9844674545084815,completed,True,COMPLETE
169,2.7683771205282115,2026-06-12 07:16:02.789774,2026-06-12 07:16:02.978011,0 days 00:00:00.188237,,,,,,,,,,,,,,0.0076251492158297485,QuantileRegressor,,,,,,2,,,,,,,,True,,,,,,,,,,,,,,,,,,,,,,,,,,,,,,,,,,,,,,,,,,,,,QuantileRegressor,"{'mode': 'original', 'type': 'QuantileRegressor'}",2,"['l1_T6W30', 'density_T6W30']",,,,,,,,,,,,,,,pruned,True,PRUNED
170,2.7824375200165474,2026-06-12 07:16:02.987718,2026-06-12 07:16:03.173424,0 days 00:00:00.185706,,,,,,,,,,,,,,0.014852095918249616,QuantileRegressor,,,,,,2,,,,,,,,True,,,,,,,,,,,,,,,,,,,,,,,,,,,,,,,,,,,,,,,,,,,,,QuantileRegressor,"{'mode': 'original', 'type': 'QuantileRegressor'}",2,"['l1_T6W30', 'density_T6W30']",,,,,,,,,,,,,,,pruned,True,PRUNED
171,2.8035749843448436,2026-06-12 07:16:03.183272,2026-06-12 07:16:05.392016,0 days 00:00:02.208744,,,,,,,,,,,,,,0.003859317999272525,QuantileRegressor,,,,,,2,,,,,,,,True,0.00235564503517804,0.015924137939521195,98.0,0.009139891487349618,0.006784246452171578,0.034015372611982675,1.9844674545084815,2.7726769885645854,2.834472980125102,98.0,2.8035749843448436,0.030897995780258362,0.154918729270594,1.9844674545084815,787623537790666.1,999486568481101.1,98.0,893555053135883.6,105931515345217.48,531127515962535.25,1.9844674545084815,8.489663753096968,8.890146894321001,98.0,8.689905323708984,0.2002415706120169,1.0039864684744992,1.9844674545084815,2.461266448576614,2.5423725363378273,98.0,2.5018194924572206,0.04055304388060676,0.203327946275799,1.9844674545084815,99.0,0.41414141414141414,-0.007842209376453399,0.017812744850815073,98.0,0.004985267737180838,0.012827477113634236,0.06431538370076204,1.9844674545084815,QuantileRegressor,"{'mode': 'original', 'type': 'QuantileRegressor'}",2,"['l1_T6W30', 'atd_T6W30']",0.15318502988969496,0.2024645341539591,98.0,0.17782478202182703,0.024639752132132063,0.12354066966023743,1.9844674545084815,3.4185451109812117,3.5058610845014675,98.0,3.4622030977413396,0.04365798676012805,0.2188957458435804,1.9844674545084815,completed,True,COMPLETE
172,2.8019637198440015,2026-06-12 07:16:05.404491,2026-06-12 07:16:07.723141,0 days 00:00:02.318650,,,,,,,,,,,,,,0.0056048528568324605,QuantileRegressor,,,,,,2,,,,,,,,True,0.0030756458230220872,0.01635735639144146,98.0,0.009716501107231773,0.0066408552842096855,0.0332964270309403,1.9844674545084815,2.7712536601912174,2.8326737794967856,98.0,2.8019637198440015,0.030710059652784262,0.15397644077203299,1.9844674545084815,787567306680059.0,999853121649302.8,98.0,893710214164680.9,106142907484621.81,532187410003793.25,1.9844674545084815,8.496974586414236,8.895294253925766,98.0,8.69613442017,0.1991598337557652,0.9985627736702314,1.9844674545084815,2.4672824367634925,2.5459532847615276,98.0,2.50661786076251,0.03933542399901764,0.1972229507889746,1.9844674545084815,99.0,0.3939393939393939,-0.005862236622974585,0.019232566139465574,98.0,0.0066851647582454946,0.01254740138122008,0.0629111186191785,1.9844674545084815,QuantileRegressor,"{'mode': 'original', 'type': 'QuantileRegressor'}",2,"['l1_T6W30', 'atd_T6W30']",0.15466043927653214,0.20388632888025468,98.0,0.1792733840783934,0.02461294480186126,0.1234062610218835,1.9844674545084815,3.4158297244839386,3.5028883483973927,98.0,3.4593590364406657,0.04352931195672724,0.21825058629427613,1.9844674545084815,completed,True,COMPLETE
173,2.801897300214135,2026-06-12 07:16:07.736344,2026-06-12 07:16:10.293919,0 days 00:00:02.557575,,,,,,,,,,,,,,0.0057006799912754,QuantileRegressor,,,,,,2,,,,,,,,True,0.0030984945254684095,0.016378097429029875,98.0,0.009738295977249142,0.0066398014517807325,0.03329114324548319,1.9844674545084815,2.7712080384121656,2.832586562016105,98.0,2.801897300214135,0.03068926180196954,0.15387216292039851,1.9844674545084815,787671281504431.9,1000110166451291.4,98.0,893890723977861.6,106219442473429.7,532571146971562.4,1.9844674545084815,8.497026635275597,8.895422697694853,98.0,8.696224666485225,0.19919803120962717,0.9987542909795014,1.9844674545084815,2.467505028429176,2.546122498735629,98.0,2.5068137635824024,0.03930873515322662,0.19708913621714774,1.9844674545084815,99.0,0.3939393939393939,-0.0057951397150159305,0.01928955228921052,98.0,0.006747206287097295,0.012542346002113226,0.06288577157360362,1.9844674545084815,QuantileRegressor,"{'mode': 'original', 'type': 'QuantileRegressor'}",2,"['l1_T6W30', 'atd_T6W30']",0.1547408634611592,0.20397026432600632,98.0,0.17935556389358276,0.024614700432423548,0.12341506353638032,1.9844674545084815,3.4157522337755037,3.5027332035654646,98.0,3.459242718670484,0.04349048489498059,0.21805591220894455,1.9844674545084815,completed,True,COMPLETE
174,2.7683771205282115,2026-06-12 07:16:10.308540,2026-06-12 07:16:10.501266,0 days 00:00:00.192726,,,,,,,,,,,,,,0.0074159200603845345,QuantileRegressor,,,,,,2,,,,,,,,True,,,,,,,,,,,,,,,,,,,,,,,,,,,,,,,,,,,,,,,,,,,,,QuantileRegressor,"{'mode': 'original', 'type': 'QuantileRegressor'}",2,"['l1_T6W30', 'density_T6W30']",,,,,,,,,,,,,,,pruned,True,PRUNED
175,2.8023385564368684,2026-06-12 07:16:10.510803,2026-06-12 07:16:12.706614,0 days 00:00:02.195811,,,,,,,,,,,,,,0.006044931023055921,QuantileRegressor,,,,,,2,,,,,,,,True,0.0029614927016738193,0.016224763202745632,98.0,0.009593127952209726,0.0066316352505359066,0.033250198922465814,1.9844674545084815,2.7715492942774635,2.833127818596273,98.0,2.8023385564368684,0.030789262159404807,0.15437355234418682,1.9844674545084815,787492175182629.5,999975584634521.0,98.0,893733879908575.2,106241704725945.69,532682767152204.7,1.9844674545084815,8.500395119125956,8.90090402818572,98.0,8.700649573655838,0.2002544545298811,1.0040510668451428,1.9844674545084815,2.4691812169619203,2.5474759155201765,98.0,2.5083285662410484,0.039147349279127976,0.19627996740518355,1.9844674545084815,99.0,0.3939393939393939,-0.006359510317935315,0.018827857194433514,98.0,0.0062341734382491,0.012593683756184415,0.06314317272288451,1.9844674545084815,QuantileRegressor,"{'mode': 'original', 'type': 'QuantileRegressor'}",2,"['l1_T6W30', 'atd_T6W30']",0.1535730293784124,0.20309043079529163,98.0,0.17833173008685202,0.0247587007084396,0.12413706310986963,1.9844674545084815,3.4164650669983008,3.503881860999841,98.0,3.460173463999071,0.04370839700077026,0.2191484965552465,1.9844674545084815,completed,True,COMPLETE
176,2.8431372549019605,2026-06-12 07:16:12.719731,2026-06-12 07:16:12.935280,0 days 00:00:00.215549,,,,,,,,,,,manhattan,14.0,uniform,,KNeighborsRegressor,,,,,,2,12.0,5.0,12.0,20.0,,,ExtraTrees,,,,,,,,,,,,,,,,,,,,,,,,,,,,,,,,,,,,,,,,,,,,,,KNeighborsRegressor,"{'mode': 'proxy', 'type': 'ExtraTrees'}",2,"['lcc_T6W30', 'density_T6W30']",,,,,,,,,,,,,,,pruned,True,PRUNED
177,2.7741202961971987,2026-06-12 07:16:12.944890,2026-06-12 07:16:13.137515,0 days 00:00:00.192625,,,,,,,,,,,,,,0.010315701217869068,QuantileRegressor,,,,,,2,,,,,,,,True,,,,,,,,,,,,,,,,,,,,,,,,,,,,,,,,,,,,,,,,,,,,,QuantileRegressor,"{'mode': 'original', 'type': 'QuantileRegressor'}",2,"['l1_T6W30', 'density_T6W30']",,,,,,,,,,,,,,,pruned,True,PRUNED
178,2.8020867609635283,2026-06-12 07:16:13.147150,2026-06-12 07:16:15.299368,0 days 00:00:02.152218,,,,,,,,,,,,,,0.0059633236221947805,QuantileRegressor,,,,,,2,,,,,,,,True,0.003033086388335435,0.016307834980339636,98.0,0.009670460684337535,0.0066373742960021,0.0332789737866082,1.9844674545084815,2.7714095842159283,2.832763937711128,98.0,2.8020867609635283,0.030677176747599746,0.15381156995250994,1.9844674545084815,787622470418006.6,1000055314890994.4,98.0,893838892654500.5,106216422236493.83,532556003877119.3,1.9844674545084815,8.498179021517323,8.896280933017032,98.0,8.697229977267178,0.19905095574985474,0.998016872815007,1.9844674545084815,2.4689867106805083,2.5475164786734226,98.0,2.5082515946769655,0.039264883996457244,0.1968692719407697,1.9844674545084815,99.0,0.3939393939393939,-0.0059467099699056815,0.01919828360417799,98.0,0.006625786817136154,0.012572496787041835,0.06303694388008169,1.9844674545084815,QuantileRegressor,"{'mode': 'original', 'type': 'QuantileRegressor'}",2,"['l1_T6W30', 'atd_T6W30']",0.15428772132917212,0.20359074039242098,98.0,0.17893923086079655,0.02465150953162442,0.12359961980709604,1.9844674545084815,3.4159439297759744,3.502935708813921,98.0,3.4594398192949476,0.04349588951897328,0.21808301032518115,1.9844674545084815,completed,True,COMPLETE
179,2.803921568627451,2026-06-12 07:16:15.312352,2026-06-12 07:16:15.484761,0 days 00:00:00.172409,,,,,,,,,,,,,,9.897711738314177,QuantileRegressor,,,,,,3,,,,,,,,True,,,,,,,,,,,,,,,,,,,,,,,,,,,,,,,,,,,,,,,,,,,,,QuantileRegressor,"{'mode': 'original', 'type': 'QuantileRegressor'}",3,"['density_T6W30', 'diameter_T6W30', 'asp_T6W30']",,,,,,,,,,,,,,,pruned,True,PRUNED
180,2.768267482888358,2026-06-12 07:16:15.494287,2026-06-12 07:16:15.680834,0 days 00:00:00.186547,,,,,,,,,,,,,,0.006148031883615731,QuantileRegressor,,,,,,2,,,,,,,,True,,,,,,,,,,,,,,,,,,,,,,,,,,,,,,,,,,,,,,,,,,,,,QuantileRegressor,"{'mode': 'original', 'type': 'QuantileRegressor'}",2,"['l1_T6W30', 'density_T6W30']",,,,,,,,,,,,,,,pruned,True,PRUNED
181,2.8062906958121605,2026-06-12 07:16:15.690784,2026-06-12 07:16:15.867413,0 days 00:00:00.176629,,,,,,,,,,,,,,0.005712737091854119,QuantileRegressor,,,,,,7,,,,,,,,True,,,,,,,,,,,,,,,,,,,,,,,,,,,,,,,,,,,,,,,,,,,,,QuantileRegressor,"{'mode': 'original', 'type': 'QuantileRegressor'}",7,"['re_T6W30', 'l1_T6W30', 'l3_T6W30', 'lsc_T6W30', 'atd_T6W30', 'density_T6W30', 'asp_T6W30']",,,,,,,,,,,,,,,pruned,True,PRUNED
182,2.772207456076012,2026-06-12 07:16:15.877152,2026-06-12 07:16:16.071758,0 days 00:00:00.194606,,,,,,,,,,,,,,0.008430079405454328,QuantileRegressor,,,,,,2,,,,,,,,True,,,,,,,,,,,,,,,,,,,,,,,,,,,,,,,,,,,,,,,,,,,,,QuantileRegressor,"{'mode': 'original', 'type': 'QuantileRegressor'}",2,"['l1_T6W30', 'density_T6W30']",,,,,,,,,,,,,,,pruned,True,PRUNED
183,2.803868930526894,2026-06-12 07:16:16.081255,2026-06-12 07:16:18.446603,0 days 00:00:02.365348,,,,,,,,,,,,,,0.0036607829138273437,QuantileRegressor,,,,,,2,,,,,,,,True,0.002187920120219025,0.015844163254371647,98.0,0.009016041687295336,0.006828121567076311,0.03423535701148814,1.9844674545084815,2.7730927450397664,2.834645116014021,98.0,2.803868930526894,0.030776185487127208,0.15430798752675526,1.9844674545084815,787751250429874.2,999603130861971.5,98.0,893677190645922.9,105925940216048.66,531099562954434.1,1.9844674545084815,8.487002342277778,8.888791397066102,98.0,8.68789686967194,0.2008945273941614,1.0072603130202051,1.9844674545084815,2.460580443469166,2.5416770139905096,98.0,2.501128728729838,0.040548285260671835,0.203304087144008,1.9844674545084815,99.0,0.41414141414141414,-0.008049303857798628,0.017684231103301036,98.0,0.004817463622751203,0.012866767480549832,0.06451238074090755,1.9844674545084815,QuantileRegressor,"{'mode': 'original', 'type': 'QuantileRegressor'}",2,"['l1_T6W30', 'atd_T6W30']",0.1531742225337542,0.20245696462429394,98.0,0.17781559357902407,0.024641371045269856,0.1235487866904775,1.9844674545084815,3.418882276525615,3.505996439944105,98.0,3.46243935823486,0.04355708170924514,0.21838982039874127,1.9844674545084815,completed,True,COMPLETE
184,2.805658829669959,2026-06-12 07:16:18.460922,2026-06-12 07:16:21.834599,0 days 00:00:03.373677,,,,,,,,,,,,,,,RandomForestRegressor,7.0,sqrt,2.0,5.0,331.0,2,,,,,,,,True,,,,,,,,,,,,,,,,,,,,,,,,,,,,,,,,,,,,,,,,,,,,,RandomForestRegressor,"{'mode': 'original', 'type': 'RandomForestRegressor'}",2,"['l3_T6W30', 'density_T6W30']",,,,,,,,,,,,,,,pruned,True,PRUNED
185,2.812792193400487,2026-06-12 07:16:21.845576,2026-06-12 07:16:24.350730,0 days 00:00:02.505154,,,,,,,,,,,,,,0.00295837778491785,QuantileRegressor,,,,,,2,,,,,,,,True,-0.000712870484445724,0.012574042149959762,98.0,0.005930585832757019,0.006643456317202743,0.03330946828866268,1.9844674545084815,2.7816420168304,2.8439423699705744,98.0,2.812792193400487,0.031150176570087302,0.1561831325601988,1.9844674545084815,798239582167362.8,1012503398231300.0,98.0,905371490199331.4,107131908031968.69,537146136425161.8,1.9844674545084815,8.483298462220986,8.847894599403094,98.0,8.66559653081204,0.18229806859105435,0.914019968656154,1.9844674545084815,2.4543321784875025,2.5248370734849144,98.0,2.4895846259862084,0.035252447498705784,0.17675141161315042,1.9844674545084815,99.0,0.4444444444444444,-0.011557160656785859,0.013381187163084826,98.0,0.0009120132531494839,0.012469173909935342,0.06251889575360266,1.9844674545084815,QuantileRegressor,"{'mode': 'original', 'type': 'QuantileRegressor'}",2,"['l1_T6W30', 'lcc_T6W30']",0.14315000344972328,0.1920776710663435,98.0,0.1676138372580334,0.024463833808310114,0.12265863694278453,1.9844674545084815,3.4260344050020026,3.512741096914398,98.0,3.4693877509582003,0.043353345956197734,0.21736831453170838,1.9844674545084815,completed,True,COMPLETE
186,2.7683771205282115,2026-06-12 07:16:24.364289,2026-06-12 07:16:24.555197,0 days 00:00:00.190908,,,,,,,,,,,,,,0.007443652229045232,QuantileRegressor,,,,,,2,,,,,,,,True,,,,,,,,,,,,,,,,,,,,,,,,,,,,,,,,,,,,,,,,,,,,,QuantileRegressor,"{'mode': 'original', 'type': 'QuantileRegressor'}",2,"['l1_T6W30', 'density_T6W30']",,,,,,,,,,,,,,,pruned,True,PRUNED
