number,value,datetime_start,datetime_complete,duration,params_dt_max_depth,params_dt_min_samples_leaf,params_dt_min_samples_split,params_elastic_alpha,params_elastic_l1_ratio,params_et_max_depth,params_et_max_features,params_et_min_samples_leaf,params_et_min_samples_split,params_et_n_estimators,params_knn_metric,params_knn_n_neighbors,params_knn_weights,params_quantile_alpha,params_regressor,params_rf_max_depth,params_rf_max_features,params_rf_min_samples_leaf,params_rf_min_samples_split,params_rf_n_estimators,params_rfe_n_features,params_rfe_proxy_et_max_depth,params_rfe_proxy_et_min_samples_leaf,params_rfe_proxy_et_min_samples_split,params_rfe_proxy_et_n_estimators,params_rfe_proxy_lsvr_C,params_rfe_proxy_lsvr_epsilon,params_rfe_proxy_type,params_use_scaler,user_attrs_d2mae_ci_lower_val,user_attrs_d2mae_ci_upper_val,user_attrs_d2mae_df_val,user_attrs_d2mae_mean_val,user_attrs_d2mae_samperror_val,user_attrs_d2mae_std_val,user_attrs_d2mae_t_critical_val,user_attrs_mae_ci_lower_val,user_attrs_mae_ci_upper_val,user_attrs_mae_df_val,user_attrs_mae_mean_val,user_attrs_mae_samperror_val,user_attrs_mae_std_val,user_attrs_mae_t_critical_val,user_attrs_mape_ci_lower_val,user_attrs_mape_ci_upper_val,user_attrs_mape_df_val,user_attrs_mape_mean_val,user_attrs_mape_samperror_val,user_attrs_mape_std_val,user_attrs_mape_t_critical_val,user_attrs_max_error_ci_lower_val,user_attrs_max_error_ci_upper_val,user_attrs_max_error_df_val,user_attrs_max_error_mean_val,user_attrs_max_error_samperror_val,user_attrs_max_error_std_val,user_attrs_max_error_t_critical_val,user_attrs_median_ae_ci_lower_val,user_attrs_median_ae_ci_upper_val,user_attrs_median_ae_df_val,user_attrs_median_ae_mean_val,user_attrs_median_ae_samperror_val,user_attrs_median_ae_std_val,user_attrs_median_ae_t_critical_val,user_attrs_n_splits_val,user_attrs_r2_below_zero_val,user_attrs_r2_ci_lower_val,user_attrs_r2_ci_upper_val,user_attrs_r2_df_val,user_attrs_r2_mean_val,user_attrs_r2_samperror_val,user_attrs_r2_std_val,user_attrs_r2_t_critical_val,user_attrs_regressor_final,user_attrs_rfe_estimator,user_attrs_rfe_n_features,user_attrs_rfe_selected_features,user_attrs_rho_ci_lower_val,user_attrs_rho_ci_upper_val,user_attrs_rho_df_val,user_attrs_rho_mean_val,user_attrs_rho_samperror_val,user_attrs_rho_std_val,user_attrs_rho_t_critical_val,user_attrs_rmse_ci_lower_val,user_attrs_rmse_ci_upper_val,user_attrs_rmse_df_val,user_attrs_rmse_mean_val,user_attrs_rmse_samperror_val,user_attrs_rmse_std_val,user_attrs_rmse_t_critical_val,user_attrs_termination_reason,user_attrs_use_scaler_final,state
12,2.9581105169340467,2026-06-12 07:09:18.216400,2026-06-12 07:09:19.950298,0 days 00:00:01.733898,,,,,,,,,,,minkowski,18.0,uniform,,KNeighborsRegressor,,,,,,7,,,,,0.005090091642013827,0.13332076750198668,LinearSVR,,-0.0527906463019569,-0.037793040680068446,98.0,-0.04529184349101267,0.00749880281094423,0.03759806981605215,1.9844674545084815,2.9232354824235056,2.9929855514445878,98.0,2.9581105169340467,0.034875034510541275,0.17485910957024506,1.9844674545084815,865762996225717.2,1108681047181670.2,98.0,987222021703693.8,121459025477976.5,608980531271710.9,1.9844674545084815,8.694653537757798,9.130262287158022,98.0,8.91245791245791,0.2178043747001111,1.092044195943488,1.9844674545084815,2.5836060492365602,2.673408541111364,98.0,2.628507295173962,0.04490124593740204,0.22512929358781145,1.9844674545084815,99.0,0.8484848484848485,-0.09207067337539014,-0.06461413231103987,98.0,-0.078342402843215,0.013728270532175142,0.068831850488062,1.9844674545084815,KNeighborsRegressor,"{'mode': 'proxy', 'type': 'LinearSVR'}",7,"['nodes_T6W30', 'pe_T6W30', 'l2_T6W30', 'l3_T6W30', 'lcc_T6W30', 'atd_T6W30', 'density_T6W30']",-0.056374885653971515,-0.0035239396713336903,98.0,-0.0299494126626526,0.02642547299131891,0.13249405318403137,1.9844674545084815,3.557090687872427,3.6532700805744263,98.0,3.6051803842234267,0.048089696350999564,0.24111578960294874,1.9844674545084815,completed,True,COMPLETE
13,2.8308575955634785,2026-06-12 07:09:19.974309,2026-06-12 07:09:22.193478,0 days 00:00:02.219169,,,,,,,,,,,,,,9.693392116308539,QuantileRegressor,,,,,,2,,,,,,,,False,-0.0008710167252312757,5.380273699555165e-05,98.0,-0.00040860699411786203,0.0004624097311134137,0.002318465199358251,1.9844674545084815,2.805429745831736,2.856285445295221,98.0,2.8308575955634785,0.02542784973174255,0.12749209355003127,1.9844674545084815,813460468866446.8,1032935100287233.8,98.0,923197784576840.2,109737315710393.47,550209328278897.0,1.9844674545084815,8.622879029919044,8.932676525636513,98.0,8.777777777777779,0.154898747858735,0.7766431633476233,1.9844674545084815,2.487116641790159,2.684600529927013,98.0,2.585858585858586,0.09874194406842689,0.49507989481189746,1.9844674545084815,99.0,1.0,-0.026651425313173705,-0.023247098953300478,98.0,-0.02494926213323709,0.0017021631799366132,0.008534435654737752,1.9844674545084815,QuantileRegressor,"{'mode': 'original', 'type': 'QuantileRegressor'}",2,"['diameter_T6W30', 'asp_T6W30']",,,,,,,,3.4768582676552087,3.554941969341382,98.0,3.5159001184982954,0.03904185084308663,0.19575101129528585,1.9844674545084815,completed,False,COMPLETE
14,2.863723590304773,2026-06-12 07:09:22.206285,2026-06-12 07:09:24.553313,0 days 00:00:02.347028,,,,,,,,,,,,,,0.000330700560322168,QuantileRegressor,,,,,,4,,,,,,,,False,-0.020471908467871835,-0.0038165635166070282,98.0,-0.012144235992239433,0.008327672475632404,0.04175391979731464,1.9844674545084815,2.829898661799109,2.897548518810437,98.0,2.863723590304773,0.03382492850566393,0.16959400794255436,1.9844674545084815,811778806802765.0,1032434945464095.5,98.0,922106876133430.2,110328069330665.23,553171293864476.44,1.9844674545084815,8.557066805052022,8.923690793931536,98.0,8.74037879949178,0.18331199443975701,0.9191036674556723,1.9844674545084815,2.4726196899780803,2.546333183041235,98.0,2.5094764365096576,0.03685674653157716,0.18479516853868125,1.9844674545084815,99.0,0.6666666666666666,-0.05571875953685844,-0.022211269362709927,98.0,-0.03896501444978418,0.016753745087074254,0.08400120570510668,1.9844674545084815,QuantileRegressor,"{'mode': 'original', 'type': 'QuantileRegressor'}",4,"['l1_T6W30', 'lcc_T6W30', 'lsc_T6W30', 'asp_T6W30']",0.08908811445310211,0.13602745141595043,98.0,0.11255778293452627,0.023469668481424167,0.11767401495560502,1.9844674545084815,3.48998106593655,3.5830846192574666,98.0,3.5365328425970084,0.046551776660458205,0.23340485048983256,1.9844674545084815,completed,False,COMPLETE
15,2.8759086126047793,2026-06-12 07:09:24.597803,2026-06-12 07:09:26.217749,0 days 00:00:01.619946,,,,,,,,,,,,,,,LinearRegression,,,,,,6,,,,,,,,False,-0.02382436612804447,-0.009353880693461441,98.0,-0.016589123410752957,0.0072352427172915155,0.03627661210450682,1.9844674545084815,2.845695270440263,2.9061219547692954,98.0,2.8759086126047793,0.030213342164516117,0.1514859607216037,1.9844674545084815,859291698678435.8,1093136493995759.0,98.0,976214096337097.4,116922397658661.62,586234440491579.1,1.9844674545084815,8.162486087380824,8.549867457459566,98.0,8.356176772420195,0.19369068503937184,0.9711411384495772,1.9844674545084815,2.526270517579931,2.611603969810912,98.0,2.5689372436954216,0.04266672611549061,0.21392568757393374,1.9844674545084815,99.0,0.5555555555555556,-0.03422323504593776,-0.008016227145260525,98.0,-0.021119731095599142,0.013103503950338618,0.06569934812003826,1.9844674545084815,LinearRegression,"{'mode': 'original', 'type': 'LinearRegression'}",6,"['edges_T6W30', 're_T6W30', 'l1_T6W30', 'l2_T6W30', 'atd_T6W30', 'density_T6W30']",0.08153799321099618,0.12979040522529336,98.0,0.10566419921814478,0.024126206007148595,0.12096581290674184,1.9844674545084815,3.465266643582115,3.5478703564936223,98.0,3.5065685000378686,0.041301856455753724,0.20708239991184124,1.9844674545084815,completed,False,COMPLETE
16,4.1398296692414345,2026-06-12 07:09:26.229935,2026-06-12 07:09:28.284272,0 days 00:00:02.054337,,,,,,,,,,,euclidean,1.0,distance,,KNeighborsRegressor,,,,,,8,5.0,3.0,4.0,80.0,,,ExtraTrees,,-0.48877534133314426,-0.44178354449376844,98.0,-0.46527944291345635,0.0234958984196879,0.11780552862184937,1.9844674545084815,4.079310470090921,4.200348868391948,98.0,4.1398296692414345,0.06051919915051313,0.3034357793155576,1.9844674545084815,899433559829777.5,1178876428637892.8,98.0,1039154994233835.1,139721434404057.62,700545990868805.4,1.9844674545084815,11.96168467898904,12.603971886667525,98.0,12.282828282828282,0.3211436038392423,1.6101743094916838,1.9844674545084815,3.403471528534155,3.6268315017688755,98.0,3.515151515151515,0.11167998661736042,0.5599496399301324,1.9844674545084815,99.0,1.0,-1.2537424574559286,-1.106514738369078,98.0,-1.1801285979125034,0.07361385954342523,0.3690907869324612,1.9844674545084815,KNeighborsRegressor,"{'mode': 'proxy', 'type': 'ExtraTrees'}",8,"['nodes_T6W30', 'l1_T6W30', 'l2_T6W30', 'l3_T6W30', 'atd_T6W30', 'density_T6W30', 'diameter_T6W30', 'asp_T6W30']",-0.06262249566903823,-0.01972759230486897,98.0,-0.0411750439869536,0.021447451682084628,0.10753487003852621,1.9844674545084815,5.023291671371321,5.169831726814704,98.0,5.096561699093012,0.07327002772169196,0.36736685670460656,1.9844674545084815,completed,True,COMPLETE
17,2.9471410712844675,2026-06-12 07:09:28.297892,2026-06-12 07:09:30.147227,0 days 00:00:01.849335,2.0,1.0,20.0,,,,,,,,,,,,DecisionTreeRegressor,,,,,,4,,,,,,,,False,-0.051103526706179195,-0.03264401545438711,98.0,-0.04187377108028315,0.009229755625896039,0.04627685313995386,1.9844674545084815,2.9133198541524035,2.9809622884165314,98.0,2.9471410712844675,0.033821217132063784,0.16957539957435883,1.9844674545084815,833623432742429.6,1060106326571388.6,98.0,946864879656909.1,113241446914479.45,567778608733044.9,1.9844674545084815,8.701425783478635,9.297853452907999,98.0,8.999639618193317,0.29821383471468227,1.4952072831347645,1.9844674545084815,2.5453959698238378,2.6522434209714763,98.0,2.598819695397657,0.053423725573819074,0.2678599523948728,1.9844674545084815,99.0,0.8282828282828283,-0.10281903639750503,-0.06279323599210099,98.0,-0.08280613619480301,0.020012900202702015,0.10034220635122,1.9844674545084815,DecisionTreeRegressor,"{'mode': 'original', 'type': 'DecisionTreeRegressor'}",4,"['atd_T6W30', 'density_T6W30', 'diameter_T6W30', 'asp_T6W30']",0.04823453058053015,0.09839760231564545,98.0,0.0733160664480878,0.02508153586755765,0.1257557186683118,1.9844674545084815,3.5616333022061175,3.655392966606768,98.0,3.6085131344064427,0.04687983220032527,0.23504968039167548,1.9844674545084815,completed,False,COMPLETE
18,2.828682634529504,2026-06-12 07:09:30.159421,2026-06-12 07:09:32.403674,0 days 00:00:02.244253,,,,,,,,,,,,,,0.012521807746951325,QuantileRegressor,,,,,,5,,,,,,,,False,-0.005646679254018507,0.006306838761842066,98.0,0.0003300797539117798,0.0059767590079302865,0.029966730439413433,1.9844674545084815,2.7984932141693353,2.858872054889673,98.0,2.828682634529504,0.030189420360168782,0.15136601975333813,1.9844674545084815,788313549158640.6,1001366746053675.4,98.0,894840147606158.0,106526598447517.38,534111189035518.4,1.9844674545084815,8.53455841818506,8.914492470477128,98.0,8.724525444331094,0.18996702614603392,0.9524711733134685,1.9844674545084815,2.5267122382592695,2.606897161453896,98.0,2.5668046998565828,0.040092461597313285,0.20101864367378486,1.9844674545084815,99.0,0.47474747474747475,-0.01831917323723692,0.004380722117972831,98.0,-0.006969225559632043,0.011349947677604874,0.05690723385449223,1.9844674545084815,QuantileRegressor,"{'mode': 'original', 'type': 'QuantileRegressor'}",5,"['l1_T6W30', 'lcc_T6W30', 'density_T6W30', 'diameter_T6W30', 'asp_T6W30']",0.11273927031428199,0.16682090345891504,93.0,0.13978008688659851,0.027040816572316516,0.13202246153540906,1.9858018143458227,3.4399308536378888,3.5276946712872235,98.0,3.483812762462556,0.043881908824667325,0.2200184633797203,1.9844674545084815,completed,False,COMPLETE
19,2.829425361779443,2026-06-12 07:09:32.421782,2026-06-12 07:09:34.010616,0 days 00:00:01.588834,,,,,,,,,,,,,,,LinearRegression,,,,,,3,,,,,,,,False,-0.00557029851116067,0.005331909661769263,98.0,-0.00011919442469570376,0.005451104086464966,0.027331161678015914,1.9844674545084815,2.8021260611163754,2.8567246624425104,98.0,2.829425361779443,0.027299300663067613,0.1368753170521326,1.9844674545084815,855635969114604.2,1085254203562651.2,98.0,970445086338627.8,114809117224023.52,575638713770180.5,1.9844674545084815,8.15285151515716,8.538228236434783,98.0,8.345539875795971,0.192688360638812,0.9661156078761394,1.9844674545084815,2.490516251966528,2.561288483396555,98.0,2.5259023676815415,0.03538611571501355,0.17742160751716746,1.9844674545084815,99.0,0.3838383838383838,-0.0030139495839800814,0.017016846469982038,98.0,0.007001448443000978,0.01001539802698106,0.05021596696800851,1.9844674545084815,LinearRegression,"{'mode': 'original', 'type': 'LinearRegression'}",3,"['l1_T6W30', 'atd_T6W30', 'density_T6W30']",0.13087557111581752,0.17720201997187382,98.0,0.15403879554384567,0.023163224428028154,0.11613754237394415,1.9844674545084815,3.418999357782231,3.499017745194454,98.0,3.4590085514883424,0.04000919370611163,0.20060114876616225,1.9844674545084815,completed,False,COMPLETE
20,2.8999600770330107,2026-06-12 07:09:34.022406,2026-06-12 07:09:36.469029,0 days 00:00:02.446623,,,,,,,,,,,,,,0.002654515813360092,QuantileRegressor,,,,,,9,,,,,,,,False,-0.034407771891929784,-0.015236207228688698,98.0,-0.024821989560309243,0.009585782331620545,0.04806192700783485,1.9844674545084815,2.862184109339456,2.9377360447265652,98.0,2.8999600770330107,0.0377759676935544,0.1894040297523636,1.9844674545084815,821515342318904.2,1050303855964183.5,98.0,935909599141543.9,114394256822639.66,573558655029019.8,1.9844674545084815,8.6332842636892,9.001976306562826,98.0,8.817630285126013,0.18434602143681292,0.924288150926854,1.9844674545084815,2.5398122044976086,2.622403597208053,98.0,2.581107900852831,0.041295696355222296,0.20705151392967935,1.9844674545084815,99.0,0.6868686868686869,-0.0768446826514164,-0.03968158724277307,98.0,-0.05826313494709474,0.018581547704321664,0.09316558195899802,1.9844674545084815,QuantileRegressor,"{'mode': 'original', 'type': 'QuantileRegressor'}",9,"['pe_T6W30', 'l1_T6W30', 'l3_T6W30', 'lcc_T6W30', 'lsc_T6W30', 'atd_T6W30', 'density_T6W30', 'diameter_T6W30', 'asp_T6W30']",0.05289165365678293,0.10511014770354128,98.0,0.0790009006801621,0.026109247023379176,0.1309085352927095,1.9844674545084815,3.5191751438805072,3.6195018299368567,98.0,3.569338486908682,0.05016334302817455,0.25151279756646827,1.9844674545084815,completed,False,COMPLETE
21,2.829425361779443,2026-06-12 07:09:36.481685,2026-06-12 07:09:38.249419,0 days 00:00:01.767734,,,,,,,,,,,,,,,LinearRegression,,,,,,3,,,,,,,,False,-0.00557029851116067,0.005331909661769263,98.0,-0.00011919442469570376,0.005451104086464966,0.027331161678015914,1.9844674545084815,2.8021260611163754,2.8567246624425104,98.0,2.829425361779443,0.027299300663067613,0.1368753170521326,1.9844674545084815,855635969114604.2,1085254203562651.2,98.0,970445086338627.8,114809117224023.52,575638713770180.5,1.9844674545084815,8.15285151515716,8.538228236434783,98.0,8.345539875795971,0.192688360638812,0.9661156078761394,1.9844674545084815,2.490516251966528,2.561288483396555,98.0,2.5259023676815415,0.03538611571501355,0.17742160751716746,1.9844674545084815,99.0,0.3838383838383838,-0.0030139495839800814,0.017016846469982038,98.0,0.007001448443000978,0.01001539802698106,0.05021596696800851,1.9844674545084815,LinearRegression,"{'mode': 'original', 'type': 'LinearRegression'}",3,"['l1_T6W30', 'atd_T6W30', 'density_T6W30']",0.13087557111581752,0.17720201997187382,98.0,0.15403879554384567,0.023163224428028154,0.11613754237394415,1.9844674545084815,3.418999357782231,3.499017745194454,98.0,3.4590085514883424,0.04000919370611163,0.20060114876616225,1.9844674545084815,completed,False,COMPLETE
22,2.829425361779443,2026-06-12 07:09:38.261366,2026-06-12 07:09:40.013610,0 days 00:00:01.752244,,,,,,,,,,,,,,,LinearRegression,,,,,,3,,,,,,,,False,-0.00557029851116067,0.005331909661769263,98.0,-0.00011919442469570376,0.005451104086464966,0.027331161678015914,1.9844674545084815,2.8021260611163754,2.8567246624425104,98.0,2.829425361779443,0.027299300663067613,0.1368753170521326,1.9844674545084815,855635969114604.2,1085254203562651.2,98.0,970445086338627.8,114809117224023.52,575638713770180.5,1.9844674545084815,8.15285151515716,8.538228236434783,98.0,8.345539875795971,0.192688360638812,0.9661156078761394,1.9844674545084815,2.490516251966528,2.561288483396555,98.0,2.5259023676815415,0.03538611571501355,0.17742160751716746,1.9844674545084815,99.0,0.3838383838383838,-0.0030139495839800814,0.017016846469982038,98.0,0.007001448443000978,0.01001539802698106,0.05021596696800851,1.9844674545084815,LinearRegression,"{'mode': 'original', 'type': 'LinearRegression'}",3,"['l1_T6W30', 'atd_T6W30', 'density_T6W30']",0.13087557111581752,0.17720201997187382,98.0,0.15403879554384567,0.023163224428028154,0.11613754237394415,1.9844674545084815,3.418999357782231,3.499017745194454,98.0,3.4590085514883424,0.04000919370611163,0.20060114876616225,1.9844674545084815,completed,False,COMPLETE
23,2.858187996957277,2026-06-12 07:09:40.025685,2026-06-12 07:09:42.021910,0 days 00:00:01.996225,,,,,,,,,,,,,,,LinearRegression,,,,,,5,,,,,,,,False,-0.017089786512431857,-0.0036709777806953146,98.0,-0.010380382146563585,0.00670940436586827,0.03364012364798752,1.9844674545084815,2.8297385498265526,2.886637444088002,98.0,2.858187996957277,0.028449447130724444,0.14264200918684714,1.9844674545084815,856546076004819.2,1088281902096900.8,98.0,972413989050860.0,115867913046040.75,580947385066223.8,1.9844674545084815,8.14683240729241,8.541837906206739,98.0,8.344335156749574,0.19750274945716442,0.9902543579509987,1.9844674545084815,2.5133926302977034,2.5973820820307907,98.0,2.555387356164247,0.04199472586654385,0.2105563614410435,1.9844674545084815,99.0,0.5353535353535354,-0.025256338940607352,-0.00047833246063627537,98.0,-0.012867335700621815,0.01238900323998554,0.062116929930261744,1.9844674545084815,LinearRegression,"{'mode': 'original', 'type': 'LinearRegression'}",5,"['edges_T6W30', 're_T6W30', 'l1_T6W30', 'atd_T6W30', 'density_T6W30']",0.08705130573190127,0.13496308421978806,98.0,0.11100719497584466,0.02395588924394339,0.12011186572140078,1.9844674545084815,3.451855819448022,3.5332948515937557,98.0,3.492575335520889,0.04071951607286703,0.20416261725793208,1.9844674545084815,completed,False,COMPLETE
24,2.832725988087942,2026-06-12 07:09:42.035112,2026-06-12 07:09:43.793770,0 days 00:00:01.758658,,,,,,,,,,,,,,,LinearRegression,,,,,,2,,,,,,,,False,-0.006300495651999919,0.003976392962618203,98.0,-0.0011620513446908578,0.005138444307309061,0.025763524216177527,1.9844674545084815,2.8044633875746725,2.8609885886012116,98.0,2.832725988087942,0.028262600513269363,0.1417051833567671,1.9844674545084815,848336370731264.5,1077768208297605.2,98.0,963052289514434.9,114715918783170.39,575171428314850.4,1.9844674545084815,8.207892499677246,8.588599196331508,98.0,8.398245848004377,0.190353348327131,0.9544081449478178,1.9844674545084815,2.481384557111563,2.553037610708498,98.0,2.5172110839100306,0.03582652679846757,0.1796297742180308,1.9844674545084815,99.0,0.37373737373737376,-0.0028191252218071053,0.015324088346158022,98.0,0.006252481562175459,0.009071606783982564,0.04548391440699871,1.9844674545084815,LinearRegression,"{'mode': 'original', 'type': 'LinearRegression'}",2,"['atd_T6W30', 'density_T6W30']",0.13424159244165734,0.18471936484533397,98.0,0.15948047864349565,0.0252388862018383,0.1265446537827582,1.9844674545084815,3.4196829674539413,3.5024552854463376,98.0,3.4610691264501394,0.041386158996197964,0.20750508242279717,1.9844674545084815,completed,False,COMPLETE
25,2.8759086126047793,2026-06-12 07:09:43.805589,2026-06-12 07:09:45.454546,0 days 00:00:01.648957,,,,,,,,,,,,,,,LinearRegression,,,,,,6,,,,,,,,False,-0.02382436612804447,-0.009353880693461441,98.0,-0.016589123410752957,0.0072352427172915155,0.03627661210450682,1.9844674545084815,2.845695270440263,2.9061219547692954,98.0,2.8759086126047793,0.030213342164516117,0.1514859607216037,1.9844674545084815,859291698678435.8,1093136493995759.0,98.0,976214096337097.4,116922397658661.62,586234440491579.1,1.9844674545084815,8.162486087380824,8.549867457459566,98.0,8.356176772420195,0.19369068503937184,0.9711411384495772,1.9844674545084815,2.526270517579931,2.611603969810912,98.0,2.5689372436954216,0.04266672611549061,0.21392568757393374,1.9844674545084815,99.0,0.5555555555555556,-0.03422323504593776,-0.008016227145260525,98.0,-0.021119731095599142,0.013103503950338618,0.06569934812003826,1.9844674545084815,LinearRegression,"{'mode': 'original', 'type': 'LinearRegression'}",6,"['edges_T6W30', 're_T6W30', 'l1_T6W30', 'l2_T6W30', 'atd_T6W30', 'density_T6W30']",0.08153799321099618,0.12979040522529336,98.0,0.10566419921814478,0.024126206007148595,0.12096581290674184,1.9844674545084815,3.465266643582115,3.5478703564936223,98.0,3.5065685000378686,0.041301856455753724,0.20708239991184124,1.9844674545084815,completed,False,COMPLETE
