number,value,datetime_start,datetime_complete,duration,params_dt_max_depth,params_dt_min_samples_leaf,params_dt_min_samples_split,params_elastic_alpha,params_elastic_l1_ratio,params_et_max_depth,params_et_max_features,params_et_min_samples_leaf,params_et_min_samples_split,params_et_n_estimators,params_knn_metric,params_knn_n_neighbors,params_knn_weights,params_quantile_alpha,params_regressor,params_rf_max_depth,params_rf_max_features,params_rf_min_samples_leaf,params_rf_min_samples_split,params_rf_n_estimators,params_rfe_n_features,params_rfe_proxy_et_max_depth,params_rfe_proxy_et_min_samples_leaf,params_rfe_proxy_et_min_samples_split,params_rfe_proxy_et_n_estimators,params_rfe_proxy_lsvr_C,params_rfe_proxy_lsvr_epsilon,params_rfe_proxy_type,params_use_scaler,user_attrs_d2mae_ci_lower_val,user_attrs_d2mae_ci_upper_val,user_attrs_d2mae_df_val,user_attrs_d2mae_mean_val,user_attrs_d2mae_samperror_val,user_attrs_d2mae_std_val,user_attrs_d2mae_t_critical_val,user_attrs_mae_ci_lower_val,user_attrs_mae_ci_upper_val,user_attrs_mae_df_val,user_attrs_mae_mean_val,user_attrs_mae_samperror_val,user_attrs_mae_std_val,user_attrs_mae_t_critical_val,user_attrs_mape_ci_lower_val,user_attrs_mape_ci_upper_val,user_attrs_mape_df_val,user_attrs_mape_mean_val,user_attrs_mape_samperror_val,user_attrs_mape_std_val,user_attrs_mape_t_critical_val,user_attrs_max_error_ci_lower_val,user_attrs_max_error_ci_upper_val,user_attrs_max_error_df_val,user_attrs_max_error_mean_val,user_attrs_max_error_samperror_val,user_attrs_max_error_std_val,user_attrs_max_error_t_critical_val,user_attrs_median_ae_ci_lower_val,user_attrs_median_ae_ci_upper_val,user_attrs_median_ae_df_val,user_attrs_median_ae_mean_val,user_attrs_median_ae_samperror_val,user_attrs_median_ae_std_val,user_attrs_median_ae_t_critical_val,user_attrs_n_splits_val,user_attrs_r2_below_zero_val,user_attrs_r2_ci_lower_val,user_attrs_r2_ci_upper_val,user_attrs_r2_df_val,user_attrs_r2_mean_val,user_attrs_r2_samperror_val,user_attrs_r2_std_val,user_attrs_r2_t_critical_val,user_attrs_regressor_final,user_attrs_rfe_estimator,user_attrs_rfe_n_features,user_attrs_rfe_selected_features,user_attrs_rho_ci_lower_val,user_attrs_rho_ci_upper_val,user_attrs_rho_df_val,user_attrs_rho_mean_val,user_attrs_rho_samperror_val,user_attrs_rho_std_val,user_attrs_rho_t_critical_val,user_attrs_rmse_ci_lower_val,user_attrs_rmse_ci_upper_val,user_attrs_rmse_df_val,user_attrs_rmse_mean_val,user_attrs_rmse_samperror_val,user_attrs_rmse_std_val,user_attrs_rmse_t_critical_val,user_attrs_termination_reason,user_attrs_use_scaler_final,state
55,2.8256090101658433,2026-06-12 07:12:40.779652,2026-06-12 07:12:43.098268,0 days 00:00:02.318616,,,,,,,,,,,,,,0.00042596441312297363,QuantileRegressor,,,,,,2,,,,,,,,True,-0.005703655730910081,0.008477544411911576,98.0,0.0013869443405007472,0.0070906000714108285,0.035551391767966754,1.9844674545084815,2.7938705748342127,2.857347445497474,98.0,2.8256090101658433,0.03173843533163065,0.15913258923268678,1.9844674545084815,778348052867331.9,987705589270689.4,98.0,883026821069010.6,104678768201678.75,524846396728957.44,1.9844674545084815,8.58680850212566,8.979449101635485,98.0,8.783128801880572,0.19632029975491228,0.9843257013933997,1.9844674545084815,2.4968740918742256,2.5810379930530702,98.0,2.538956042463648,0.04208195058942228,0.2109936954132988,1.9844674545084815,99.0,0.46464646464646464,-0.020955076856408458,0.0055848425302010805,98.0,-0.0076851171631036885,0.013269959693304769,0.0665339366274451,1.9844674545084815,QuantileRegressor,"{'mode': 'original', 'type': 'QuantileRegressor'}",2,"['lcc_T6W30', 'asp_T6W30']",0.1293675797979567,0.18023065829988788,93.0,0.1547991190489223,0.025431539250965585,0.12416542242974205,1.9858018143458227,3.4392405548935225,3.529742566302929,98.0,3.484491560598226,0.045251005704703244,0.2268829458015548,1.9844674545084815,completed,True,COMPLETE
56,2.82543690604831,2026-06-12 07:12:43.110602,2026-06-12 07:12:45.330870,0 days 00:00:02.220268,,,,,,,,,,,,,,0.000497166344334014,QuantileRegressor,,,,,,2,,,,,,,,True,-0.005644041750755065,0.008532017954118717,98.0,0.0014439881016818262,0.007088029852436891,0.035538505007925054,1.9844674545084815,2.793743877756136,2.857129934340484,98.0,2.82543690604831,0.031693028292173936,0.15890492395295147,1.9844674545084815,778452949424629.5,987847892085022.5,98.0,883150420754826.0,104697471330196.56,524940171902077.75,1.9844674545084815,8.586100357304367,8.979029568230509,98.0,8.782564962767438,0.19646460546306985,0.9850492323658697,1.9844674545084815,2.497239388800159,2.581369007094166,98.0,2.5393041979471627,0.0420648091470033,0.21090775034112327,1.9844674545084815,99.0,0.46464646464646464,-0.020844956332535046,0.005678607021787302,98.0,-0.007583174655373871,0.013261781677161173,0.0664929330659866,1.9844674545084815,QuantileRegressor,"{'mode': 'original', 'type': 'QuantileRegressor'}",2,"['lcc_T6W30', 'asp_T6W30']",0.12973824326682995,0.18060004207200683,93.0,0.1551691426694184,0.02543089940258843,0.12416229847238908,1.9858018143458227,3.439110169981183,3.5294952215652136,98.0,3.484302695773198,0.045192525792015596,0.22658973475233798,1.9844674545084815,completed,True,COMPLETE
57,2.8254465675536595,2026-06-12 07:12:45.343324,2026-06-12 07:12:47.537752,0 days 00:00:02.194428,,,,,,,,,,,,,,0.000926144968262827,QuantileRegressor,,,,,,2,,,,,,,,True,-0.005624595022937435,0.008506495211348584,98.0,0.0014409500942055746,0.00706554511714301,0.03542576932615183,1.9844674545084815,2.793792255648314,2.857100879459005,98.0,2.8254465675536595,0.031654311905345435,0.15871080477797075,1.9844674545084815,778806373671496.0,988142057634368.8,98.0,883474215652932.4,104667841981436.31,524791614012054.75,1.9844674545084815,8.584657832063996,8.97717306087646,98.0,8.780915446470228,0.19625761440623257,0.9840114048082617,1.9844674545084815,2.499065666942849,2.5832746135422444,98.0,2.5411701402425466,0.042104473299697624,0.21110662149693218,1.9844674545084815,99.0,0.46464646464646464,-0.020643094676377448,0.005776786364457965,98.0,-0.007433154155959741,0.013209940520417705,0.06623300791796949,1.9844674545084815,QuantileRegressor,"{'mode': 'original', 'type': 'QuantileRegressor'}",2,"['lcc_T6W30', 'asp_T6W30']",0.1298784562808393,0.1806915464810637,93.0,0.1552850013809515,0.025406545100112195,0.12404339248619994,1.9858018143458227,3.4388969932761193,3.5292332033388614,98.0,3.4840650983074903,0.04516810503137106,0.22646729207891092,1.9844674545084815,completed,True,COMPLETE
58,2.825314045736997,2026-06-12 07:12:47.549775,2026-06-12 07:12:49.963763,0 days 00:00:02.413988,,,,,,,,,,,,,,0.0010692778345019666,QuantileRegressor,,,,,,2,,,,,,,,True,-0.005587532616603881,0.008564283095572294,98.0,0.0014883752394842067,0.007075907856088088,0.03547772681752284,1.9844674545084815,2.793635306579756,2.856992784894238,98.0,2.825314045736997,0.03167873915724125,0.1588332799977289,1.9844674545084815,778992320395910.5,988317763115852.2,98.0,883655041755881.4,104662721359970.83,524765939849363.1,1.9844674545084815,8.58793375978041,8.978274788574973,98.0,8.783104274177692,0.19517051439728114,0.9785608198196907,1.9844674545084815,2.5010613053298782,2.5843761828397844,98.0,2.5427187440848313,0.041657438754953216,0.2088652455803716,1.9844674545084815,99.0,0.46464646464646464,-0.020616112293586404,0.005795011187420504,98.0,-0.007410550553082951,0.013205561740503455,0.06621105325706217,1.9844674545084815,QuantileRegressor,"{'mode': 'original', 'type': 'QuantileRegressor'}",2,"['lcc_T6W30', 'asp_T6W30']",0.13023637321247958,0.18109908980090508,93.0,0.15566773150669233,0.025431358294212746,0.12416453893734168,1.9858018143458227,3.438881143077171,3.5291553895871823,98.0,3.4840182663321766,0.045137123255005566,0.22631195328414827,1.9844674545084815,completed,True,COMPLETE
59,2.82521214686341,2026-06-12 07:12:49.976487,2026-06-12 07:12:52.393993,0 days 00:00:02.417506,,,,,,,,,,,,,,0.0011165851064976237,QuantileRegressor,,,,,,2,,,,,,,,True,-0.005544781425062047,0.00859223724488641,98.0,0.0015237279099121815,0.007068509334974229,0.03544063154773278,1.9844674545084815,2.7935539549611383,2.8568703387656815,98.0,2.82521214686341,0.031658191902271794,0.15873025860266804,1.9844674545084815,778848644726540.4,988182830825366.6,98.0,883515737775953.5,104667093049413.1,524787858959520.9,1.9844674545084815,8.588471013077289,8.978956849369961,98.0,8.783713931223625,0.19524291814633593,0.9789238432623038,1.9844674545084815,2.50094482824669,2.5842092584179475,98.0,2.5425770433323187,0.04163221508562863,0.2087387772221293,1.9844674545084815,99.0,0.46464646464646464,-0.020643829462800474,0.005775645409571806,98.0,-0.007434092026614334,0.01320973743618614,0.06623198967875059,1.9844674545084815,QuantileRegressor,"{'mode': 'original', 'type': 'QuantileRegressor'}",2,"['lcc_T6W30', 'asp_T6W30']",0.1303250835828561,0.1811601851137441,93.0,0.1557426343483001,0.02541755076544399,0.12409712588674474,1.9858018143458227,3.4389149707031446,3.529202628497687,98.0,3.4840587996004158,0.045143828897271025,0.2263455745450901,1.9844674545084815,completed,True,COMPLETE
60,2.825056189704663,2026-06-12 07:12:52.412304,2026-06-12 07:12:54.538303,0 days 00:00:02.125999,,,,,,,,,,,,,,0.0014497476532391185,QuantileRegressor,,,,,,2,,,,,,,,True,-0.0054528780123360154,0.008611445195784056,98.0,0.0015792835917240204,0.007032161604060036,0.03525838852054285,1.9844674545084815,2.7934551858090146,2.8566571936003116,98.0,2.825056189704663,0.03160100389564828,0.15844352501066938,1.9844674545084815,779444853107544.1,988929921931576.4,98.0,884187387519560.2,104742534412016.1,525166112620762.2,1.9844674545084815,8.583334755158237,8.973948449594939,98.0,8.778641602376588,0.19530684721835162,0.9792443757224203,1.9844674545084815,2.503617355624433,2.585924132330173,98.0,2.544770743977303,0.04115338835286972,0.20633799920703239,1.9844674545084815,99.0,0.46464646464646464,-0.02010008700517165,0.006206766876312419,98.0,-0.006946660064429615,0.013153426940742034,0.06594965581927184,1.9844674545084815,QuantileRegressor,"{'mode': 'original', 'type': 'QuantileRegressor'}",2,"['lcc_T6W30', 'asp_T6W30']",0.13049524170182114,0.18139162465651626,93.0,0.1559434331791687,0.025448191477347563,0.12424672426140508,1.9858018143458227,3.4381269252576367,3.528352136585243,98.0,3.48323953092144,0.04511260566380315,0.22618902511428032,1.9844674545084815,completed,True,COMPLETE
61,2.8250457940739615,2026-06-12 07:12:54.556314,2026-06-12 07:12:56.726720,0 days 00:00:02.170406,,,,,,,,,,,,,,0.001427503765322191,QuantileRegressor,,,,,,2,,,,,,,,True,-0.00545804485850323,0.008623596921391084,98.0,0.0015827760314439273,0.007040820889947157,0.03530180510897027,1.9844674545084815,2.7934298051178774,2.8566617830300456,98.0,2.8250457940739615,0.03161598895608418,0.15851865825029057,1.9844674545084815,779314120878694.4,988757090958071.6,98.0,884035605918383.0,104721485039688.62,525060573671371.8,1.9844674545084815,8.584184557969753,8.975097590619502,98.0,8.779641074294627,0.1954565163248753,0.9799947981109342,1.9844674545084815,2.503626739687396,2.586334106658289,98.0,2.5449804231728423,0.04135368348544648,0.20734225422857339,1.9844674545084815,99.0,0.46464646464646464,-0.020198089425390774,0.006129456778229004,98.0,-0.007034316323580885,0.013163773101809889,0.06600153019121686,1.9844674545084815,QuantileRegressor,"{'mode': 'original', 'type': 'QuantileRegressor'}",2,"['lcc_T6W30', 'asp_T6W30']",0.1305011458369723,0.1813925039799712,93.0,0.15594682490847175,0.02544567907149945,0.12423445784172961,1.9858018143458227,3.438253320403139,3.528534282265521,98.0,3.48339380133433,0.045140480931190635,0.22632878825725108,1.9844674545084815,completed,True,COMPLETE
62,2.824987526055005,2026-06-12 07:12:56.762319,2026-06-12 07:12:58.928804,0 days 00:00:02.166485,,,,,,,,,,,,,,0.0016170152630818912,QuantileRegressor,,,,,,2,,,,,,,,True,-0.005424824441363124,0.008633588583302619,98.0,0.0016043820709697471,0.007029206512332871,0.03524357205611887,1.9844674545084815,2.793383083550923,2.856591968559087,98.0,2.824987526055005,0.03160444250408206,0.15846076576805726,1.9844674545084815,779423636999692.0,988888006742836.0,98.0,884155821871264.0,104732184871572.03,525114221305042.75,1.9844674545084815,8.582412909486825,8.973551803238442,98.0,8.777982356362633,0.1955694468758079,0.9805610179256669,1.9844674545084815,2.503729400584697,2.5860127799010524,98.0,2.5448710902428746,0.04114168965817779,0.20627934339878232,1.9844674545084815,99.0,0.46464646464646464,-0.020079487077596592,0.006222283176488327,98.0,-0.006928601950554132,0.01315088512704246,0.06593691147976254,1.9844674545084815,QuantileRegressor,"{'mode': 'original', 'type': 'QuantileRegressor'}",2,"['lcc_T6W30', 'asp_T6W30']",0.13053265289559873,0.1814519130662406,93.0,0.15599228298091966,0.025459630085320928,0.12430257143514495,1.9858018143458227,3.43809285217724,3.5283302834731884,98.0,3.4832115678252142,0.045118715647974095,0.22621965981920933,1.9844674545084815,completed,True,COMPLETE
63,2.8247032546785755,2026-06-12 07:12:58.964676,2026-06-12 07:13:01.150472,0 days 00:00:02.185796,,,,,,,,,,,,,,0.0019916172748978894,QuantileRegressor,,,,,,2,,,,,,,,True,-0.005299202694581414,0.008704230430734232,98.0,0.0017025138680764086,0.007001716562657823,0.0351057408485008,1.9844674545084815,2.7931762096847677,2.8562302996723834,98.0,2.8247032546785755,0.031527044993807894,0.15807270422433595,1.9844674545084815,779528439659582.0,989043527495799.8,98.0,884285983577690.9,104757543918108.81,525241368427883.1,1.9844674545084815,8.582291773763954,8.97282365187756,98.0,8.777557712820757,0.19526593905680362,0.9790392672600824,1.9844674545084815,2.502626016586239,2.5849513688159393,98.0,2.543788692701089,0.04116267611485007,0.20638456689685913,1.9844674545084815,99.0,0.46464646464646464,-0.019859429993990825,0.0063287285587011275,98.0,-0.006765350717644848,0.013094079276345975,0.06565209397031563,1.9844674545084815,QuantileRegressor,"{'mode': 'original', 'type': 'QuantileRegressor'}",2,"['lcc_T6W30', 'asp_T6W30']",0.13066103300316007,0.18148174596574201,93.0,0.15607138948445104,0.025410356481290964,0.12406200094514665,1.9858018143458227,3.437904055105167,3.527959610109833,98.0,3.4829318326075,0.04502777750233301,0.22576370720451117,1.9844674545084815,completed,True,COMPLETE
64,2.8293392925115923,2026-06-12 07:13:01.167980,2026-06-12 07:13:03.380889,0 days 00:00:02.212909,,,,,,,,,,,,,,0.0025358741793687556,QuantileRegressor,,,,,,3,,,,,,,,True,-0.007075800382876202,0.007280661535225976,98.0,0.00010243057617488686,0.007178230959051089,0.035990762200101944,1.9844674545084815,2.796991456585946,2.8616871284372385,98.0,2.8293392925115923,0.03234783592564627,0.16218804843829535,1.9844674545084815,806492172155353.1,1022994343872896.1,98.0,914743258014124.6,108251085858771.55,542757555624943.75,1.9844674545084815,8.497935034585826,8.857717129013434,98.0,8.67782608179963,0.17989104721380386,0.9019514611793986,1.9844674545084815,2.464520630194394,2.5341509225173464,98.0,2.49933577635587,0.034815146161476344,0.17455883679523287,1.9844674545084815,99.0,0.48484848484848486,-0.02147251570508304,0.0048201058661928135,98.0,-0.008326204919445114,0.013146310785637928,0.06591397629773067,1.9844674545084815,QuantileRegressor,"{'mode': 'original', 'type': 'QuantileRegressor'}",3,"['l1_T6W30', 'lcc_T6W30', 'asp_T6W30']",0.12144615997457672,0.16987275053552112,98.0,0.14565945525504892,0.02421329528047219,0.12140246775168201,1.9844674545084815,3.441129544651428,3.5294749655488857,98.0,3.485302255100157,0.04417271044872904,0.22147650675540906,1.9844674545084815,completed,True,COMPLETE
65,2.8244347727374435,2026-06-12 07:13:03.414925,2026-06-12 07:13:05.744581,0 days 00:00:02.329656,,,,,,,,,,,,,,0.0024525167425567163,QuantileRegressor,,,,,,2,,,,,,,,True,-0.0051805214054362995,0.008775229146454813,98.0,0.001797353870509256,0.006977875275945556,0.03498620358569878,1.9844674545084815,2.7929525318649477,2.855917013609939,98.0,2.8244347727374435,0.03148224087249582,0.15784806190160683,1.9844674545084815,779746420074689.8,989362717697203.2,98.0,884554568885946.5,104808148811256.8,525495095103137.8,1.9844674545084815,8.581456425354597,8.971445950244332,98.0,8.776451187799465,0.19499476244486688,0.9776796212678985,1.9844674545084815,2.503252937473365,2.58540530037588,98.0,2.5443291189246224,0.04107618145125741,0.2059508933515665,1.9844674545084815,99.0,0.45454545454545453,-0.019678931143658228,0.006485749557144822,98.0,-0.006596590793256703,0.013082340350401525,0.06559323644754135,1.9844674545084815,QuantileRegressor,"{'mode': 'original', 'type': 'QuantileRegressor'}",2,"['lcc_T6W30', 'asp_T6W30']",0.13084970108752061,0.18161603942350987,93.0,0.15623287025551524,0.02538316916799463,0.12392926323678945,1.9858018143458227,3.4376625394960674,3.527591451581769,98.0,3.482626995538918,0.0449644560428509,0.22544622123848632,1.9844674545084815,completed,True,COMPLETE
66,2.8294091472141054,2026-06-12 07:13:05.761885,2026-06-12 07:13:08.058122,0 days 00:00:02.296237,,,,,,,,,,,,,,0.003211911267179157,QuantileRegressor,,,,,,3,,,,,,,,True,-0.0070692047964832794,0.007232520049728712,98.0,8.165762662271653e-05,0.007150862423105996,0.03585353974590899,1.9844674545084815,2.7970699975678737,2.861748296860337,98.0,2.8294091472141054,0.032339149646231934,0.1621444965076611,1.9844674545084815,805950659277734.1,1022451245688814.9,98.0,914200952483274.5,108250293205540.34,542753581359680.56,1.9844674545084815,8.496145639653053,8.856339279597945,98.0,8.676242459625499,0.1800968199724463,0.9029831803405411,1.9844674545084815,2.466760723274362,2.536348198477933,98.0,2.5015544608761475,0.03479373760178547,0.17445149692482795,1.9844674545084815,99.0,0.5050505050505051,-0.020832788311024555,0.0050490460738408655,98.0,-0.007891871118591845,0.01294091719243271,0.06488415822519394,1.9844674545084815,QuantileRegressor,"{'mode': 'original', 'type': 'QuantileRegressor'}",3,"['l1_T6W30', 'lcc_T6W30', 'asp_T6W30']",0.12247576972424593,0.17137783013932303,98.0,0.14692679993178448,0.024451030207538547,0.12259444127210979,1.9844674545084815,3.4404434186808612,3.528902541301117,98.0,3.484672979990989,0.04422956131012794,0.22176154994295083,1.9844674545084815,completed,True,COMPLETE
67,2.8019637198440015,2026-06-12 07:13:08.070373,2026-06-12 07:13:10.312974,0 days 00:00:02.242601,,,,,,,,,,,,,,0.005638568025143988,QuantileRegressor,,,,,,2,,,,,,,,True,0.0030756458230220872,0.01635735639144146,98.0,0.009716501107231773,0.0066408552842096855,0.0332964270309403,1.9844674545084815,2.7712536601912174,2.8326737794967856,98.0,2.8019637198440015,0.030710059652784262,0.15397644077203299,1.9844674545084815,787567306680059.0,999853121649302.8,98.0,893710214164680.9,106142907484621.81,532187410003793.25,1.9844674545084815,8.496974586414236,8.895294253925766,98.0,8.69613442017,0.1991598337557652,0.9985627736702314,1.9844674545084815,2.4672824367634925,2.5459532847615276,98.0,2.50661786076251,0.03933542399901764,0.1972229507889746,1.9844674545084815,99.0,0.3939393939393939,-0.005862236622974585,0.019232566139465574,98.0,0.0066851647582454946,0.01254740138122008,0.0629111186191785,1.9844674545084815,QuantileRegressor,"{'mode': 'original', 'type': 'QuantileRegressor'}",2,"['l1_T6W30', 'atd_T6W30']",0.15466043927653214,0.20388632888025468,98.0,0.1792733840783934,0.02461294480186126,0.1234062610218835,1.9844674545084815,3.4158297244839386,3.5028883483973927,98.0,3.4593590364406657,0.04352931195672724,0.21825058629427613,1.9844674545084815,completed,True,COMPLETE
68,2.816072652487455,2026-06-12 07:13:10.330948,2026-06-12 07:13:12.586846,0 days 00:00:02.255898,,,,,,,,,,,,,,0.004017652804860225,QuantileRegressor,,,,,,3,,,,,,,,True,-0.002393894506273403,0.011904836034969776,98.0,0.004755470764348187,0.00714936527062159,0.03584603320852521,1.9844674545084815,2.7841223301243794,2.8480229748505304,98.0,2.816072652487455,0.03195032236307556,0.1601949646014263,1.9844674545084815,788942212888742.0,1001132858055179.8,98.0,895037535471960.9,106095322583218.9,531948825193625.3,1.9844674545084815,8.507700119570881,8.902180248233766,98.0,8.704940183902323,0.19724006433144228,0.9889372872204383,1.9844674545084815,2.4745242128217733,2.5530272040130306,98.0,2.513775708417402,0.03925149559562867,0.19680214415493924,1.9844674545084815,99.0,0.4444444444444444,-0.013850182878998496,0.011978830589329413,98.0,-0.0009356761448345415,0.012914506734163955,0.06475173945397177,1.9844674545084815,QuantileRegressor,"{'mode': 'original', 'type': 'QuantileRegressor'}",3,"['l1_T6W30', 'atd_T6W30', 'asp_T6W30']",0.14480270967814496,0.19227310850856927,98.0,0.1685379090933571,0.02373519941521214,0.11900535421582818,1.9844674545084815,3.4283042497501617,3.517053050664222,98.0,3.472678650207192,0.044374400457030005,0.22248775551130817,1.9844674545084815,completed,True,COMPLETE
69,3.1669991946706095,2026-06-12 07:13:12.599587,2026-06-12 07:13:12.850955,0 days 00:00:00.251368,,,,,,,,,,,euclidean,6.0,distance,,KNeighborsRegressor,,,,,,4,12.0,1.0,12.0,20.0,,,ExtraTrees,,,,,,,,,,,,,,,,,,,,,,,,,,,,,,,,,,,,,,,,,,,,,,KNeighborsRegressor,"{'mode': 'proxy', 'type': 'ExtraTrees'}",4,"['l2_T6W30', 'l3_T6W30', 'density_T6W30', 'diameter_T6W30']",,,,,,,,,,,,,,,pruned,True,PRUNED
70,2.773310777514572,2026-06-12 07:13:12.860885,2026-06-12 07:13:13.041206,0 days 00:00:00.180321,,,,,,,,,,,,,,0.008563281212773968,QuantileRegressor,,,,,,3,,,,,,,,True,,,,,,,,,,,,,,,,,,,,,,,,,,,,,,,,,,,,,,,,,,,,,QuantileRegressor,"{'mode': 'original', 'type': 'QuantileRegressor'}",3,"['l1_T6W30', 'lsc_T6W30', 'density_T6W30']",,,,,,,,,,,,,,,pruned,True,PRUNED
