number,value,datetime_start,datetime_complete,duration,params_dt_max_depth,params_dt_min_samples_leaf,params_dt_min_samples_split,params_elastic_alpha,params_elastic_l1_ratio,params_et_max_depth,params_et_max_features,params_et_min_samples_leaf,params_et_min_samples_split,params_et_n_estimators,params_knn_metric,params_knn_n_neighbors,params_knn_weights,params_quantile_alpha,params_regressor,params_rf_max_depth,params_rf_max_features,params_rf_min_samples_leaf,params_rf_min_samples_split,params_rf_n_estimators,params_rfe_n_features,params_rfe_proxy_et_max_depth,params_rfe_proxy_et_min_samples_leaf,params_rfe_proxy_et_min_samples_split,params_rfe_proxy_et_n_estimators,params_rfe_proxy_lsvr_C,params_rfe_proxy_lsvr_epsilon,params_rfe_proxy_type,params_use_scaler,user_attrs_d2mae_ci_lower_val,user_attrs_d2mae_ci_upper_val,user_attrs_d2mae_df_val,user_attrs_d2mae_mean_val,user_attrs_d2mae_samperror_val,user_attrs_d2mae_std_val,user_attrs_d2mae_t_critical_val,user_attrs_mae_ci_lower_val,user_attrs_mae_ci_upper_val,user_attrs_mae_df_val,user_attrs_mae_mean_val,user_attrs_mae_samperror_val,user_attrs_mae_std_val,user_attrs_mae_t_critical_val,user_attrs_mape_ci_lower_val,user_attrs_mape_ci_upper_val,user_attrs_mape_df_val,user_attrs_mape_mean_val,user_attrs_mape_samperror_val,user_attrs_mape_std_val,user_attrs_mape_t_critical_val,user_attrs_max_error_ci_lower_val,user_attrs_max_error_ci_upper_val,user_attrs_max_error_df_val,user_attrs_max_error_mean_val,user_attrs_max_error_samperror_val,user_attrs_max_error_std_val,user_attrs_max_error_t_critical_val,user_attrs_median_ae_ci_lower_val,user_attrs_median_ae_ci_upper_val,user_attrs_median_ae_df_val,user_attrs_median_ae_mean_val,user_attrs_median_ae_samperror_val,user_attrs_median_ae_std_val,user_attrs_median_ae_t_critical_val,user_attrs_n_splits_val,user_attrs_r2_below_zero_val,user_attrs_r2_ci_lower_val,user_attrs_r2_ci_upper_val,user_attrs_r2_df_val,user_attrs_r2_mean_val,user_attrs_r2_samperror_val,user_attrs_r2_std_val,user_attrs_r2_t_critical_val,user_attrs_regressor_final,user_attrs_rfe_estimator,user_attrs_rfe_n_features,user_attrs_rfe_selected_features,user_attrs_rho_ci_lower_val,user_attrs_rho_ci_upper_val,user_attrs_rho_df_val,user_attrs_rho_mean_val,user_attrs_rho_samperror_val,user_attrs_rho_std_val,user_attrs_rho_t_critical_val,user_attrs_rmse_ci_lower_val,user_attrs_rmse_ci_upper_val,user_attrs_rmse_df_val,user_attrs_rmse_mean_val,user_attrs_rmse_samperror_val,user_attrs_rmse_std_val,user_attrs_rmse_t_critical_val,user_attrs_termination_reason,user_attrs_use_scaler_final,state
303,6.394302721088435,2026-06-10 21:00:53.514029,2026-06-10 21:00:54.152131,0 days 00:00:00.638102,,,,,,,,,,,manhattan,15.0,uniform,,KNeighborsRegressor,,,,,,5,7.0,3.0,6.0,20.0,,,ExtraTrees,,,,,,,,,,,,,,,,,,,,,,,,,,,,,,,,,,,,,,,,,,,,,,KNeighborsRegressor,"{'mode': 'proxy', 'type': 'ExtraTrees'}",5,"['pe_T2W10', 'l2_T2W10', 'diameter_T2W10', 'asp_T2W10', 'z_l3_T2W10']",,,,,,,,,,,,,,,pruned,True,PRUNED
304,6.6017492711370265,2026-06-10 21:00:54.163191,2026-06-10 21:00:54.601359,0 days 00:00:00.438168,,,,,,,,,,,euclidean,14.0,uniform,,KNeighborsRegressor,,,,,,4,7.0,3.0,7.0,20.0,,,ExtraTrees,,,,,,,,,,,,,,,,,,,,,,,,,,,,,,,,,,,,,,,,,,,,,,KNeighborsRegressor,"{'mode': 'proxy', 'type': 'ExtraTrees'}",4,"['pe_T2W10', 'diameter_T2W10', 'z_pe_T2W10', 'z_l3_T2W10']",,,,,,,,,,,,,,,pruned,True,PRUNED
305,6.382820552463411,2026-06-10 21:00:54.611368,2026-06-10 21:00:56.742274,0 days 00:00:02.130906,,,,,,,,,,,manhattan,16.0,uniform,,KNeighborsRegressor,,,,,,4,7.0,3.0,6.0,20.0,,,ExtraTrees,,0.018655947420278714,0.03332616771638618,98.0,0.02599105756833245,0.007335110148053733,0.03677733505039727,1.9844674545084815,6.316994296055696,6.448646808871126,98.0,6.382820552463411,0.06582625640771464,0.33004470800785957,1.9844674545084815,141513118916187.7,330571072079051.3,98.0,236042095497619.5,94528976581431.83,473956596906581.1,1.9844674545084815,17.450198990519294,18.06242727210697,98.0,17.75631313131313,0.3061141407938396,1.534818440678316,1.9844674545084815,5.694206904278575,5.928267843196172,98.0,5.811237373737374,0.11703046945879883,0.5867762991307708,1.9844674545084815,99.0,0.4444444444444444,-0.008292209644505253,0.02112700083851952,98.0,0.006417395597007134,0.014709605241512387,0.07375214134578774,1.9844674545084815,KNeighborsRegressor,"{'mode': 'proxy', 'type': 'ExtraTrees'}",4,"['pe_T2W10', 'diameter_T2W10', 'asp_T2W10', 'z_l3_T2W10']",0.14358422462397524,0.19374927888676402,98.0,0.16866675175536963,0.025082527131394396,0.1257606887425863,1.9844674545084815,7.6347276848162435,7.789950566298985,98.0,7.712339125557614,0.07761144074137079,0.3891341646242089,1.9844674545084815,completed,True,COMPLETE
306,6.504019789734076,2026-06-10 21:00:56.754871,2026-06-10 21:00:57.394129,0 days 00:00:00.639258,,,,,,,,,,,manhattan,15.0,uniform,,KNeighborsRegressor,,,,,,5,8.0,3.0,6.0,20.0,,,ExtraTrees,,,,,,,,,,,,,,,,,,,,,,,,,,,,,,,,,,,,,,,,,,,,,,KNeighborsRegressor,"{'mode': 'proxy', 'type': 'ExtraTrees'}",5,"['pe_T2W10', 'diameter_T2W10', 'asp_T2W10', 'z_pe_T2W10', 'z_l3_T2W10']",,,,,,,,,,,,,,,pruned,True,PRUNED
307,6.8342857142857145,2026-06-10 21:00:57.404172,2026-06-10 21:00:57.569136,0 days 00:00:00.164964,,,,,,,,,,,manhattan,15.0,uniform,,KNeighborsRegressor,,,,,,3,,,,,0.053824802473418386,0.0014225791091166209,LinearSVR,,,,,,,,,,,,,,,,,,,,,,,,,,,,,,,,,,,,,,,,,,,,,,KNeighborsRegressor,"{'mode': 'proxy', 'type': 'LinearSVR'}",3,"['edges_T2W10', 'pe_T2W10', 'l2_T2W10']",,,,,,,,,,,,,,,pruned,True,PRUNED
308,6.616780045351474,2026-06-10 21:00:57.578859,2026-06-10 21:00:57.856249,0 days 00:00:00.277390,,,,,,,,,,,,,,0.2227739870265287,QuantileRegressor,,,,,,4,,,,,,,,False,,,,,,,,,,,,,,,,,,,,,,,,,,,,,,,,,,,,,,,,,,,,,QuantileRegressor,"{'mode': 'original', 'type': 'QuantileRegressor'}",4,"['z_lsc_T2W10', 'z_density_T2W10', 'z_diameter_T2W10', 'z_asp_T2W10']",,,,,,,,,,,,,,,pruned,False,PRUNED
309,6.466604823747682,2026-06-10 21:00:57.865754,2026-06-10 21:00:58.431888,0 days 00:00:00.566134,,,,,,,,,,,manhattan,16.0,uniform,,KNeighborsRegressor,,,,,,5,7.0,3.0,5.0,20.0,,,ExtraTrees,,,,,,,,,,,,,,,,,,,,,,,,,,,,,,,,,,,,,,,,,,,,,,KNeighborsRegressor,"{'mode': 'proxy', 'type': 'ExtraTrees'}",5,"['pe_T2W10', 'l2_T2W10', 'diameter_T2W10', 'asp_T2W10', 'z_l3_T2W10']",,,,,,,,,,,,,,,pruned,True,PRUNED
310,7.937968901846453,2026-06-10 21:00:58.441665,2026-06-10 21:00:58.571173,0 days 00:00:00.129508,17.0,4.0,6.0,,,,,,,,,,,,DecisionTreeRegressor,,,,,,4,,,,,,,,True,,,,,,,,,,,,,,,,,,,,,,,,,,,,,,,,,,,,,,,,,,,,,DecisionTreeRegressor,"{'mode': 'original', 'type': 'DecisionTreeRegressor'}",4,"['pe_T2W10', 'lsc_T2W10', 'density_T2W10', 'asp_T2W10']",,,,,,,,,,,,,,,pruned,True,PRUNED
311,6.5690098261526835,2026-06-10 21:00:58.580511,2026-06-10 21:00:59.174499,0 days 00:00:00.593988,,,,,,,,,,,manhattan,15.0,uniform,,KNeighborsRegressor,,,,,,3,7.0,3.0,6.0,30.0,,,ExtraTrees,,,,,,,,,,,,,,,,,,,,,,,,,,,,,,,,,,,,,,,,,,,,,,KNeighborsRegressor,"{'mode': 'proxy', 'type': 'ExtraTrees'}",3,"['pe_T2W10', 'diameter_T2W10', 'z_l3_T2W10']",,,,,,,,,,,,,,,pruned,True,PRUNED
312,6.406734988367641,2026-06-10 21:00:59.184770,2026-06-10 21:01:01.240818,0 days 00:00:02.056048,,,,,,,,,,,manhattan,14.0,uniform,,KNeighborsRegressor,,,,,,4,7.0,3.0,6.0,20.0,,,ExtraTrees,,0.014637702359712304,0.03011241924414794,98.0,0.02237506080193012,0.007737358442217818,0.03879415824586743,1.9844674545084815,6.3379345986238285,6.475535378111454,98.0,6.406734988367641,0.0688003897438124,0.34495664470389487,1.9844674545084815,141432243186008.5,330320381443873.6,98.0,235876312314941.06,94444069128932.55,473530881441398.9,1.9844674545084815,17.699026674500228,18.29520131972777,98.0,17.997113997114,0.29808732261376963,1.4945729671082457,1.9844674545084815,5.71616477299743,5.963488906656251,98.0,5.8398268398268405,0.12366206682941054,0.6200263081279819,1.9844674545084815,99.0,0.48484848484848486,-0.021896473429688854,0.008231616655267596,98.0,-0.006832428387210628,0.015064045042478224,0.07552925866948267,1.9844674545084815,KNeighborsRegressor,"{'mode': 'proxy', 'type': 'ExtraTrees'}",4,"['pe_T2W10', 'diameter_T2W10', 'asp_T2W10', 'z_l3_T2W10']",0.13097602487910392,0.17982393135081437,98.0,0.15539997811495915,0.024423953235855222,0.12245868068506367,1.9844674545084815,7.683555456612634,7.8444507729158595,98.0,7.764003114764247,0.08044765815161302,0.4033546079259261,1.9844674545084815,completed,True,COMPLETE
313,6.55891156462585,2026-06-10 21:01:01.269289,2026-06-10 21:01:01.708059,0 days 00:00:00.438770,,,,,,,,,,,manhattan,15.0,uniform,,KNeighborsRegressor,,,,,,4,6.0,3.0,6.0,20.0,,,ExtraTrees,,,,,,,,,,,,,,,,,,,,,,,,,,,,,,,,,,,,,,,,,,,,,,KNeighborsRegressor,"{'mode': 'proxy', 'type': 'ExtraTrees'}",4,"['pe_T2W10', 'l2_T2W10', 'z_pe_T2W10', 'z_density_T2W10']",,,,,,,,,,,,,,,pruned,True,PRUNED
314,6.384852607709751,2026-06-10 21:01:01.718008,2026-06-10 21:01:02.295762,0 days 00:00:00.577754,,,,,,,,,,,manhattan,15.0,uniform,,KNeighborsRegressor,,,,,,5,12.0,3.0,6.0,20.0,,,ExtraTrees,,,,,,,,,,,,,,,,,,,,,,,,,,,,,,,,,,,,,,,,,,,,,,KNeighborsRegressor,"{'mode': 'proxy', 'type': 'ExtraTrees'}",5,"['pe_T2W10', 'l2_T2W10', 'diameter_T2W10', 'asp_T2W10', 'z_l3_T2W10']",,,,,,,,,,,,,,,pruned,True,PRUNED
315,6.493904055128544,2026-06-10 21:01:02.305922,2026-06-10 21:01:02.882686,0 days 00:00:00.576764,,,,,,,,,,,manhattan,14.0,uniform,,KNeighborsRegressor,,,,,,3,7.0,3.0,6.0,20.0,,,ExtraTrees,,,,,,,,,,,,,,,,,,,,,,,,,,,,,,,,,,,,,,,,,,,,,,KNeighborsRegressor,"{'mode': 'proxy', 'type': 'ExtraTrees'}",3,"['pe_T2W10', 'asp_T2W10', 'z_l3_T2W10']",,,,,,,,,,,,,,,pruned,True,PRUNED
316,6.38169449598021,2026-06-10 21:01:02.892968,2026-06-10 21:01:05.072346,0 days 00:00:02.179378,,,,,,,,,,,manhattan,15.0,uniform,,KNeighborsRegressor,,,,,,4,7.0,3.0,6.0,20.0,,,ExtraTrees,,0.018539220615816726,0.033664020757608375,98.0,0.02610162068671255,0.007562400070895825,0.037916938611519055,1.9844674545084815,6.316283314188322,6.4471056777720985,98.0,6.38169449598021,0.0654111817918879,0.32796357522197694,1.9844674545084815,142498577772807.47,332958748379329.6,98.0,237728663076068.56,95230085303261.1,477471869322267.0,1.9844674545084815,17.490536033988263,18.09868955523733,98.0,17.794612794612796,0.3040767606245316,1.5246032684996735,1.9844674545084815,5.738008924363327,5.977815991461591,98.0,5.857912457912459,0.1199035335491315,0.6011814871291359,1.9844674545084815,99.0,0.45454545454545453,-0.012397994689645263,0.017395595170014277,98.0,0.002498800240184507,0.01489679492982977,0.07469068729073916,1.9844674545084815,KNeighborsRegressor,"{'mode': 'proxy', 'type': 'ExtraTrees'}",4,"['pe_T2W10', 'diameter_T2W10', 'asp_T2W10', 'z_l3_T2W10']",0.1415754991475786,0.19078115883771823,98.0,0.16617832899264842,0.02460282984506982,0.12335554587958426,1.9844674545084815,7.649304248369289,7.805587754635189,98.0,7.727446001502239,0.07814175313295062,0.39179308536470847,1.9844674545084815,completed,True,COMPLETE
317,6.634695416801773,2026-06-10 21:01:05.085008,2026-06-10 21:01:05.204410,0 days 00:00:00.119402,,,,0.0016766107849429895,0.2043791229342829,,,,,,,,,,ElasticNet,,,,,,4,,,,,,,,False,,,,,,,,,,,,,,,,,,,,,,,,,,,,,,,,,,,,,,,,,,,,,ElasticNet,"{'mode': 'original', 'type': 'ElasticNet'}",4,"['pe_T2W10', 'l1_T2W10', 'l3_T2W10', 'z_l3_T2W10']",,,,,,,,,,,,,,,pruned,False,PRUNED
318,6.585714285714286,2026-06-10 21:01:05.249881,2026-06-10 21:01:05.431236,0 days 00:00:00.181355,,,,,,,,,,,manhattan,16.0,uniform,,KNeighborsRegressor,,,,,,22,8.0,3.0,7.0,20.0,,,ExtraTrees,,,,,,,,,,,,,,,,,,,,,,,,,,,,,,,,,,,,,,,,,,,,,,KNeighborsRegressor,"{'mode': 'proxy', 'type': 'ExtraTrees'}",22,"['nodes_T2W10', 'edges_T2W10', 're_T2W10', 'pe_T2W10', 'l1_T2W10', 'l2_T2W10', 'l3_T2W10', 'lcc_T2W10', 'lsc_T2W10', 'atd_T2W10', 'density_T2W10', 'diameter_T2W10', 'asp_T2W10', 'z_re_T2W10', 'z_pe_T2W10', 'z_l1_T2W10', 'z_l2_T2W10', 'z_l3_T2W10', 'z_lsc_T2W10', 'z_density_T2W10', 'z_diameter_T2W10', 'z_asp_T2W10']",,,,,,,,,,,,,,,pruned,True,PRUNED
319,6.606500377928949,2026-06-10 21:01:05.441051,2026-06-10 21:01:05.980062,0 days 00:00:00.539011,,,,,,,,,,,minkowski,15.0,uniform,,KNeighborsRegressor,,,,,,2,7.0,3.0,6.0,20.0,,,ExtraTrees,,,,,,,,,,,,,,,,,,,,,,,,,,,,,,,,,,,,,,,,,,,,,,KNeighborsRegressor,"{'mode': 'proxy', 'type': 'ExtraTrees'}",2,"['pe_T2W10', 'z_l3_T2W10']",,,,,,,,,,,,,,,pruned,True,PRUNED
320,6.493904055128544,2026-06-10 21:01:05.990839,2026-06-10 21:01:06.553200,0 days 00:00:00.562361,,,,,,,,,,,manhattan,14.0,uniform,,KNeighborsRegressor,,,,,,3,7.0,3.0,6.0,20.0,,,ExtraTrees,,,,,,,,,,,,,,,,,,,,,,,,,,,,,,,,,,,,,,,,,,,,,,KNeighborsRegressor,"{'mode': 'proxy', 'type': 'ExtraTrees'}",3,"['pe_T2W10', 'asp_T2W10', 'z_l3_T2W10']",,,,,,,,,,,,,,,pruned,True,PRUNED
321,6.504019789734076,2026-06-10 21:01:06.563264,2026-06-10 21:01:07.138161,0 days 00:00:00.574897,,,,,,,,,,,manhattan,15.0,uniform,,KNeighborsRegressor,,,,,,5,8.0,3.0,5.0,20.0,,,ExtraTrees,,,,,,,,,,,,,,,,,,,,,,,,,,,,,,,,,,,,,,,,,,,,,,KNeighborsRegressor,"{'mode': 'proxy', 'type': 'ExtraTrees'}",5,"['pe_T2W10', 'diameter_T2W10', 'asp_T2W10', 'z_pe_T2W10', 'z_l3_T2W10']",,,,,,,,,,,,,,,pruned,True,PRUNED
322,6.714869413763475,2026-06-10 21:01:07.148053,2026-06-10 21:01:07.328702,0 days 00:00:00.180649,,,,,,,,,,,,,,,LinearRegression,,,,,,4,,,,,,,,True,,,,,,,,,,,,,,,,,,,,,,,,,,,,,,,,,,,,,,,,,,,,,LinearRegression,"{'mode': 'original', 'type': 'LinearRegression'}",4,"['nodes_T2W10', 'density_T2W10', 'diameter_T2W10', 'asp_T2W10']",,,,,,,,,,,,,,,pruned,True,PRUNED
323,6.382820552463411,2026-06-10 21:01:07.367270,2026-06-10 21:01:09.403044,0 days 00:00:02.035774,,,,,,,,,,,manhattan,16.0,uniform,,KNeighborsRegressor,,,,,,4,7.0,3.0,6.0,20.0,,,ExtraTrees,,0.018655947420278714,0.03332616771638618,98.0,0.02599105756833245,0.007335110148053733,0.03677733505039727,1.9844674545084815,6.316994296055696,6.448646808871126,98.0,6.382820552463411,0.06582625640771464,0.33004470800785957,1.9844674545084815,141513118916187.7,330571072079051.3,98.0,236042095497619.5,94528976581431.83,473956596906581.1,1.9844674545084815,17.450198990519294,18.06242727210697,98.0,17.75631313131313,0.3061141407938396,1.534818440678316,1.9844674545084815,5.694206904278575,5.928267843196172,98.0,5.811237373737374,0.11703046945879883,0.5867762991307708,1.9844674545084815,99.0,0.4444444444444444,-0.008292209644505253,0.02112700083851952,98.0,0.006417395597007134,0.014709605241512387,0.07375214134578774,1.9844674545084815,KNeighborsRegressor,"{'mode': 'proxy', 'type': 'ExtraTrees'}",4,"['pe_T2W10', 'diameter_T2W10', 'asp_T2W10', 'z_l3_T2W10']",0.14358422462397524,0.19374927888676402,98.0,0.16866675175536963,0.025082527131394396,0.1257606887425863,1.9844674545084815,7.6347276848162435,7.789950566298985,98.0,7.712339125557614,0.07761144074137079,0.3891341646242089,1.9844674545084815,completed,True,COMPLETE
324,6.61795918367347,2026-06-10 21:01:09.416482,2026-06-10 21:01:09.633315,0 days 00:00:00.216833,,,,,,,,,,,manhattan,15.0,uniform,,KNeighborsRegressor,,,,,,19,7.0,3.0,6.0,20.0,,,ExtraTrees,,,,,,,,,,,,,,,,,,,,,,,,,,,,,,,,,,,,,,,,,,,,,,KNeighborsRegressor,"{'mode': 'proxy', 'type': 'ExtraTrees'}",19,"['nodes_T2W10', 'edges_T2W10', 're_T2W10', 'pe_T2W10', 'l2_T2W10', 'l3_T2W10', 'lcc_T2W10', 'atd_T2W10', 'density_T2W10', 'diameter_T2W10', 'asp_T2W10', 'z_re_T2W10', 'z_pe_T2W10', 'z_l2_T2W10', 'z_l3_T2W10', 'z_lsc_T2W10', 'z_density_T2W10', 'z_diameter_T2W10', 'z_asp_T2W10']",,,,,,,,,,,,,,,pruned,True,PRUNED
325,6.637111731373007,2026-06-10 21:01:09.643065,2026-06-10 21:01:13.624899,0 days 00:00:03.981834,,,,,,,,,,,,,,,RandomForestRegressor,17.0,,2.0,10.0,305.0,3,,,,,,,,False,,,,,,,,,,,,,,,,,,,,,,,,,,,,,,,,,,,,,,,,,,,,,RandomForestRegressor,"{'mode': 'original', 'type': 'RandomForestRegressor'}",3,"['pe_T2W10', 'diameter_T2W10', 'z_l3_T2W10']",,,,,,,,,,,,,,,pruned,False,PRUNED
326,6.729433609197085,2026-06-10 21:01:13.635213,2026-06-10 21:01:17.232165,0 days 00:00:03.596952,,,,,,16.0,log2,1.0,3.0,406.0,,,,,ExtraTreesRegressor,,,,,,5,,,,,,,,True,,,,,,,,,,,,,,,,,,,,,,,,,,,,,,,,,,,,,,,,,,,,,ExtraTreesRegressor,"{'mode': 'original', 'type': 'ExtraTreesRegressor'}",5,"['pe_T2W10', 'diameter_T2W10', 'asp_T2W10', 'z_pe_T2W10', 'z_l3_T2W10']",,,,,,,,,,,,,,,pruned,True,PRUNED
327,6.682878346143652,2026-06-10 21:01:17.242572,2026-06-10 21:01:17.742599,0 days 00:00:00.500027,,,,,,,,,,,manhattan,14.0,uniform,,KNeighborsRegressor,,,,,,4,6.0,3.0,6.0,20.0,,,ExtraTrees,,,,,,,,,,,,,,,,,,,,,,,,,,,,,,,,,,,,,,,,,,,,,,KNeighborsRegressor,"{'mode': 'proxy', 'type': 'ExtraTrees'}",4,"['pe_T2W10', 'l2_T2W10', 'z_pe_T2W10', 'z_density_T2W10']",,,,,,,,,,,,,,,pruned,True,PRUNED
328,6.384852607709751,2026-06-10 21:01:17.752583,2026-06-10 21:01:18.291888,0 days 00:00:00.539305,,,,,,,,,,,manhattan,15.0,uniform,,KNeighborsRegressor,,,,,,5,7.0,3.0,6.0,20.0,,,ExtraTrees,,,,,,,,,,,,,,,,,,,,,,,,,,,,,,,,,,,,,,,,,,,,,,KNeighborsRegressor,"{'mode': 'proxy', 'type': 'ExtraTrees'}",5,"['pe_T2W10', 'l2_T2W10', 'diameter_T2W10', 'asp_T2W10', 'z_l3_T2W10']",,,,,,,,,,,,,,,pruned,True,PRUNED
329,6.382820552463411,2026-06-10 21:01:18.301999,2026-06-10 21:01:20.412824,0 days 00:00:02.110825,,,,,,,,,,,manhattan,16.0,uniform,,KNeighborsRegressor,,,,,,4,7.0,3.0,6.0,20.0,,,ExtraTrees,,0.018655947420278714,0.03332616771638618,98.0,0.02599105756833245,0.007335110148053733,0.03677733505039727,1.9844674545084815,6.316994296055696,6.448646808871126,98.0,6.382820552463411,0.06582625640771464,0.33004470800785957,1.9844674545084815,141513118916187.7,330571072079051.3,98.0,236042095497619.5,94528976581431.83,473956596906581.1,1.9844674545084815,17.450198990519294,18.06242727210697,98.0,17.75631313131313,0.3061141407938396,1.534818440678316,1.9844674545084815,5.694206904278575,5.928267843196172,98.0,5.811237373737374,0.11703046945879883,0.5867762991307708,1.9844674545084815,99.0,0.4444444444444444,-0.008292209644505253,0.02112700083851952,98.0,0.006417395597007134,0.014709605241512387,0.07375214134578774,1.9844674545084815,KNeighborsRegressor,"{'mode': 'proxy', 'type': 'ExtraTrees'}",4,"['pe_T2W10', 'diameter_T2W10', 'asp_T2W10', 'z_l3_T2W10']",0.14358422462397524,0.19374927888676402,98.0,0.16866675175536963,0.025082527131394396,0.1257606887425863,1.9844674545084815,7.6347276848162435,7.789950566298985,98.0,7.712339125557614,0.07761144074137079,0.3891341646242089,1.9844674545084815,completed,True,COMPLETE
330,6.596683673469388,2026-06-10 21:01:20.425818,2026-06-10 21:01:21.053225,0 days 00:00:00.627407,,,,,,,,,,,manhattan,16.0,uniform,,KNeighborsRegressor,,,,,,3,8.0,3.0,6.0,60.0,,,ExtraTrees,,,,,,,,,,,,,,,,,,,,,,,,,,,,,,,,,,,,,,,,,,,,,,KNeighborsRegressor,"{'mode': 'proxy', 'type': 'ExtraTrees'}",3,"['pe_T2W10', 'diameter_T2W10', 'z_l3_T2W10']",,,,,,,,,,,,,,,pruned,True,PRUNED
331,6.678911564625851,2026-06-10 21:01:21.063505,2026-06-10 21:01:21.486637,0 days 00:00:00.423132,,,,,,,,,,,manhattan,15.0,uniform,,KNeighborsRegressor,,,,,,4,7.0,3.0,7.0,20.0,,,ExtraTrees,,,,,,,,,,,,,,,,,,,,,,,,,,,,,,,,,,,,,,,,,,,,,,KNeighborsRegressor,"{'mode': 'proxy', 'type': 'ExtraTrees'}",4,"['pe_T2W10', 'diameter_T2W10', 'z_pe_T2W10', 'z_l3_T2W10']",,,,,,,,,,,,,,,pruned,True,PRUNED
332,6.790087463556851,2026-06-10 21:01:21.501248,2026-06-10 21:01:21.637432,0 days 00:00:00.136184,,,,,,,,,,,manhattan,14.0,uniform,,KNeighborsRegressor,,,,,,4,,,,,0.004485924892180271,0.020025150981560956,LinearSVR,,,,,,,,,,,,,,,,,,,,,,,,,,,,,,,,,,,,,,,,,,,,,,KNeighborsRegressor,"{'mode': 'proxy', 'type': 'LinearSVR'}",4,"['re_T2W10', 'lcc_T2W10', 'z_re_T2W10', 'z_l2_T2W10']",,,,,,,,,,,,,,,pruned,True,PRUNED
333,6.859591836734694,2026-06-10 21:01:21.646993,2026-06-10 21:01:22.103052,0 days 00:00:00.456059,,,,,,,,,,,manhattan,5.0,uniform,,KNeighborsRegressor,,,,,,3,6.0,3.0,6.0,20.0,,,ExtraTrees,,,,,,,,,,,,,,,,,,,,,,,,,,,,,,,,,,,,,,,,,,,,,,KNeighborsRegressor,"{'mode': 'proxy', 'type': 'ExtraTrees'}",3,"['pe_T2W10', 'l2_T2W10', 'z_pe_T2W10']",,,,,,,,,,,,,,,pruned,True,PRUNED
334,6.467285095856524,2026-06-10 21:01:22.112843,2026-06-10 21:01:22.718128,0 days 00:00:00.605285,,,,,,,,,,,euclidean,15.0,uniform,,KNeighborsRegressor,,,,,,5,7.0,3.0,6.0,20.0,,,ExtraTrees,,,,,,,,,,,,,,,,,,,,,,,,,,,,,,,,,,,,,,,,,,,,,,KNeighborsRegressor,"{'mode': 'proxy', 'type': 'ExtraTrees'}",5,"['pe_T2W10', 'l2_T2W10', 'diameter_T2W10', 'asp_T2W10', 'z_l3_T2W10']",,,,,,,,,,,,,,,pruned,True,PRUNED
335,6.382820552463411,2026-06-10 21:01:22.729037,2026-06-10 21:01:24.664230,0 days 00:00:01.935193,,,,,,,,,,,manhattan,16.0,uniform,,KNeighborsRegressor,,,,,,4,7.0,3.0,5.0,20.0,,,ExtraTrees,,0.018655947420278714,0.03332616771638618,98.0,0.02599105756833245,0.007335110148053733,0.03677733505039727,1.9844674545084815,6.316994296055696,6.448646808871126,98.0,6.382820552463411,0.06582625640771464,0.33004470800785957,1.9844674545084815,141513118916187.7,330571072079051.3,98.0,236042095497619.5,94528976581431.83,473956596906581.1,1.9844674545084815,17.450198990519294,18.06242727210697,98.0,17.75631313131313,0.3061141407938396,1.534818440678316,1.9844674545084815,5.694206904278575,5.928267843196172,98.0,5.811237373737374,0.11703046945879883,0.5867762991307708,1.9844674545084815,99.0,0.4444444444444444,-0.008292209644505253,0.02112700083851952,98.0,0.006417395597007134,0.014709605241512387,0.07375214134578774,1.9844674545084815,KNeighborsRegressor,"{'mode': 'proxy', 'type': 'ExtraTrees'}",4,"['pe_T2W10', 'diameter_T2W10', 'asp_T2W10', 'z_l3_T2W10']",0.14358422462397524,0.19374927888676402,98.0,0.16866675175536963,0.025082527131394396,0.1257606887425863,1.9844674545084815,7.6347276848162435,7.789950566298985,98.0,7.712339125557614,0.07761144074137079,0.3891341646242089,1.9844674545084815,completed,True,COMPLETE
336,6.421843462659789,2026-06-10 21:01:24.677816,2026-06-10 21:01:25.232769,0 days 00:00:00.554953,,,,,,,,,,,manhattan,13.0,uniform,,KNeighborsRegressor,,,,,,4,7.0,3.0,6.0,20.0,,,ExtraTrees,,,,,,,,,,,,,,,,,,,,,,,,,,,,,,,,,,,,,,,,,,,,,,KNeighborsRegressor,"{'mode': 'proxy', 'type': 'ExtraTrees'}",4,"['pe_T2W10', 'diameter_T2W10', 'asp_T2W10', 'z_l3_T2W10']",,,,,,,,,,,,,,,pruned,True,PRUNED
