number,value,datetime_start,datetime_complete,duration,params_dt_max_depth,params_dt_min_samples_leaf,params_dt_min_samples_split,params_elastic_alpha,params_elastic_l1_ratio,params_et_max_depth,params_et_max_features,params_et_min_samples_leaf,params_et_min_samples_split,params_et_n_estimators,params_knn_metric,params_knn_n_neighbors,params_knn_weights,params_quantile_alpha,params_regressor,params_rf_max_depth,params_rf_max_features,params_rf_min_samples_leaf,params_rf_min_samples_split,params_rf_n_estimators,params_rfe_n_features,params_rfe_proxy_et_max_depth,params_rfe_proxy_et_min_samples_leaf,params_rfe_proxy_et_min_samples_split,params_rfe_proxy_et_n_estimators,params_rfe_proxy_lsvr_C,params_rfe_proxy_lsvr_epsilon,params_rfe_proxy_type,params_use_scaler,user_attrs_d2mae_ci_lower_val,user_attrs_d2mae_ci_upper_val,user_attrs_d2mae_df_val,user_attrs_d2mae_mean_val,user_attrs_d2mae_samperror_val,user_attrs_d2mae_std_val,user_attrs_d2mae_t_critical_val,user_attrs_mae_ci_lower_val,user_attrs_mae_ci_upper_val,user_attrs_mae_df_val,user_attrs_mae_mean_val,user_attrs_mae_samperror_val,user_attrs_mae_std_val,user_attrs_mae_t_critical_val,user_attrs_mape_ci_lower_val,user_attrs_mape_ci_upper_val,user_attrs_mape_df_val,user_attrs_mape_mean_val,user_attrs_mape_samperror_val,user_attrs_mape_std_val,user_attrs_mape_t_critical_val,user_attrs_max_error_ci_lower_val,user_attrs_max_error_ci_upper_val,user_attrs_max_error_df_val,user_attrs_max_error_mean_val,user_attrs_max_error_samperror_val,user_attrs_max_error_std_val,user_attrs_max_error_t_critical_val,user_attrs_median_ae_ci_lower_val,user_attrs_median_ae_ci_upper_val,user_attrs_median_ae_df_val,user_attrs_median_ae_mean_val,user_attrs_median_ae_samperror_val,user_attrs_median_ae_std_val,user_attrs_median_ae_t_critical_val,user_attrs_n_splits_val,user_attrs_r2_below_zero_val,user_attrs_r2_ci_lower_val,user_attrs_r2_ci_upper_val,user_attrs_r2_df_val,user_attrs_r2_mean_val,user_attrs_r2_samperror_val,user_attrs_r2_std_val,user_attrs_r2_t_critical_val,user_attrs_regressor_final,user_attrs_rfe_estimator,user_attrs_rfe_n_features,user_attrs_rfe_selected_features,user_attrs_rho_ci_lower_val,user_attrs_rho_ci_upper_val,user_attrs_rho_df_val,user_attrs_rho_mean_val,user_attrs_rho_samperror_val,user_attrs_rho_std_val,user_attrs_rho_t_critical_val,user_attrs_rmse_ci_lower_val,user_attrs_rmse_ci_upper_val,user_attrs_rmse_df_val,user_attrs_rmse_mean_val,user_attrs_rmse_samperror_val,user_attrs_rmse_std_val,user_attrs_rmse_t_critical_val,user_attrs_termination_reason,user_attrs_use_scaler_final,state
94,6.440574242489138,2026-06-10 20:06:30.957881,2026-06-10 20:06:32.952723,0 days 00:00:01.994842,,,,,,,,,,,manhattan,13.0,distance,,KNeighborsRegressor,,,,,,4,7.0,3.0,8.0,20.0,,,ExtraTrees,,0.008729070998712542,0.025657740465706833,98.0,0.017193405732209687,0.008464334733497145,0.04243912745538491,1.9844674545084815,6.368664386572686,6.51248409840559,98.0,6.440574242489138,0.07190985591645228,0.3605471235039162,1.9844674545084815,133993563761704.66,313442001919044.0,98.0,223717782840374.3,89724219078669.66,449866137056856.7,1.9844674545084815,18.00080985166581,18.648844591699987,98.0,18.3248272216829,0.32401737001708947,1.6245830176700098,1.9844674545084815,5.686191959554869,5.939656510722112,98.0,5.812924235138491,0.1267322755836213,0.6354199550874937,1.9844674545084815,99.0,0.5757575757575758,-0.03717853489880989,-0.0034859585624269877,98.0,-0.02033224673061844,0.01684628816819145,0.08446520526777805,1.9844674545084815,KNeighborsRegressor,"{'mode': 'proxy', 'type': 'ExtraTrees'}",4,"['pe_T2W10', 'diameter_T2W10', 'asp_T2W10', 'z_l3_T2W10']",0.13446037337565667,0.1807968675696073,98.0,0.157628620472632,0.023168247096975327,0.11616272541482411,1.9844674545084815,7.731783283278814,7.896345775441642,98.0,7.814064529360228,0.08228124608141366,0.41254799102141176,1.9844674545084815,completed,True,COMPLETE
95,6.473426911270352,2026-06-10 20:06:32.965024,2026-06-10 20:06:34.979307,0 days 00:00:02.014283,,,,,,,,,,,manhattan,14.0,distance,,KNeighborsRegressor,,,,,,4,6.0,3.0,9.0,20.0,,,ExtraTrees,,0.004298890679706002,0.01984333213133314,98.0,0.012071111405519572,0.00777222072581357,0.038968953423928004,1.9844674545084815,6.407706929914145,6.53914689262656,98.0,6.473426911270352,0.06571998135620723,0.32951185804406957,1.9844674545084815,158987037048697.8,371072328706083.9,98.0,265029682877390.84,106042645828693.02,531684710461676.75,1.9844674545084815,17.093420132883296,17.684764049052895,98.0,17.389092090968095,0.2956719580848,1.4824626281006803,1.9844674545084815,5.730157095821082,5.951786769099919,98.0,5.8409719324605005,0.11081483663941884,0.5556118849454926,1.9844674545084815,99.0,0.48484848484848486,-0.028101880938792283,0.0038468729459741353,98.0,-0.012127503996409073,0.015974376942383208,0.08009355022258956,1.9844674545084815,KNeighborsRegressor,"{'mode': 'proxy', 'type': 'ExtraTrees'}",4,"['pe_T2W10', 'diameter_T2W10', 'z_l3_T2W10', 'z_density_T2W10']",0.11017223798035741,0.16329168606289873,98.0,0.13673196202162807,0.02655972404127066,0.13316717134385248,1.9844674545084815,7.706083678130221,7.858374569786469,98.0,7.782229123958345,0.07614544582812445,0.38178384744854327,1.9844674545084815,completed,True,COMPLETE
96,8.055348234531909,2026-06-10 20:06:34.992631,2026-06-10 20:06:35.124745,0 days 00:00:00.132114,19.0,3.0,11.0,,,,,,,,,,,,DecisionTreeRegressor,,,,,,2,,,,,,,,True,,,,,,,,,,,,,,,,,,,,,,,,,,,,,,,,,,,,,,,,,,,,,DecisionTreeRegressor,"{'mode': 'original', 'type': 'DecisionTreeRegressor'}",2,"['density_T2W10', 'asp_T2W10']",,,,,,,,,,,,,,,pruned,True,PRUNED
97,6.532925171210579,2026-06-10 20:06:35.134261,2026-06-10 20:06:35.351604,0 days 00:00:00.217343,,,,0.008401336043052985,0.4251636612832832,,,,,,,,,,ElasticNet,,,,,,5,,,,,,,,False,,,,,,,,,,,,,,,,,,,,,,,,,,,,,,,,,,,,,,,,,,,,,ElasticNet,"{'mode': 'original', 'type': 'ElasticNet'}",5,"['edges_T2W10', 'pe_T2W10', 'l1_T2W10', 'z_l3_T2W10', 'z_asp_T2W10']",,,,,,,,,,,,,,,pruned,False,PRUNED
98,6.444507074516686,2026-06-10 20:06:35.361220,2026-06-10 20:06:37.323054,0 days 00:00:01.961834,,,,,,,,,,,manhattan,17.0,distance,,KNeighborsRegressor,,,,,,5,12.0,3.0,9.0,20.0,,,ExtraTrees,,0.00927487000973663,0.023779722941043798,98.0,0.016527296475390214,0.007252426465653585,0.036362769293448456,1.9844674545084815,6.380289025348721,6.508725123684651,98.0,6.444507074516686,0.0642180491679649,0.32198135581642123,1.9844674545084815,138990801204336.06,324250615815152.5,98.0,231620708509744.28,92629907305408.22,464434898440094.3,1.9844674545084815,17.39798615906879,18.00209548677329,98.0,17.70004082292104,0.30205466385224855,1.5144647253834107,1.9844674545084815,5.886865994513378,6.120939299192428,98.0,6.003902646852903,0.11703665233952491,0.5868072993300112,1.9844674545084815,99.0,0.48484848484848486,-0.016311784412316885,0.013550686160265675,98.0,-0.0013805491260256055,0.01493123528629128,0.07486336697833405,1.9844674545084815,KNeighborsRegressor,"{'mode': 'proxy', 'type': 'ExtraTrees'}",5,"['pe_T2W10', 'l3_T2W10', 'diameter_T2W10', 'asp_T2W10', 'z_l3_T2W10']",0.13680271843651615,0.18611274844589148,98.0,0.16145773344120382,0.024655015004687666,0.12361719581546604,1.9844674545084815,7.666227247342459,7.818247344215919,98.0,7.742237295779189,0.07601004843673037,0.3811049816745138,1.9844674545084815,completed,True,COMPLETE
99,6.712894248608534,2026-06-10 20:06:37.335369,2026-06-10 20:06:37.560329,0 days 00:00:00.224960,,,,,,,,,,,manhattan,16.0,uniform,,KNeighborsRegressor,,,,,,4,,,,,9.339925889219597,0.01277744013645185,LinearSVR,,,,,,,,,,,,,,,,,,,,,,,,,,,,,,,,,,,,,,,,,,,,,,KNeighborsRegressor,"{'mode': 'proxy', 'type': 'LinearSVR'}",4,"['nodes_T2W10', 'pe_T2W10', 'density_T2W10', 'z_l3_T2W10']",,,,,,,,,,,,,,,pruned,True,PRUNED
100,6.676093925840631,2026-06-10 20:06:37.569877,2026-06-10 20:06:37.679267,0 days 00:00:00.109390,,,,,,,,,,,,,,,LinearRegression,,,,,,2,,,,,,,,True,,,,,,,,,,,,,,,,,,,,,,,,,,,,,,,,,,,,,,,,,,,,,LinearRegression,"{'mode': 'original', 'type': 'LinearRegression'}",2,"['diameter_T2W10', 'asp_T2W10']",,,,,,,,,,,,,,,pruned,True,PRUNED
101,6.449119473767489,2026-06-10 20:06:37.690188,2026-06-10 20:06:39.627792,0 days 00:00:01.937604,,,,,,,,,,,manhattan,14.0,distance,,KNeighborsRegressor,,,,,,6,7.0,3.0,6.0,20.0,,,ExtraTrees,,0.007763732573389937,0.02354454377512051,98.0,0.015654138174255223,0.007890405600865286,0.039561517769920757,1.9844674545084815,6.38613067709124,6.512108270443738,98.0,6.449119473767489,0.06298879667624899,0.31581803586118273,1.9844674545084815,133270251207233.8,311927371956940.06,98.0,222598811582086.94,89328560374853.14,447882353252365.8,1.9844674545084815,17.298322325498628,17.901615836317934,98.0,17.59996908090828,0.30164675540965386,1.5124195229037765,1.9844674545084815,5.680526906244938,5.911742945793018,98.0,5.796134926018978,0.11560801977403978,0.5796443123449151,1.9844674545084815,99.0,0.47474747474747475,-0.019426714306906418,0.012423892604544472,98.0,-0.003501410851180973,0.015925303455725445,0.07984750183006711,1.9844674545084815,KNeighborsRegressor,"{'mode': 'proxy', 'type': 'ExtraTrees'}",6,"['pe_T2W10', 'l2_T2W10', 'l3_T2W10', 'diameter_T2W10', 'asp_T2W10', 'z_l3_T2W10']",0.15090847957865514,0.19915502900140117,98.0,0.17503175429002815,0.024123274711373006,0.12095111575227589,1.9844674545084815,7.6742626367231415,7.82297452350103,98.0,7.748618580112086,0.07435594338894443,0.37281150355038256,1.9844674545084815,completed,True,COMPLETE
102,6.431755700217539,2026-06-10 20:06:39.640295,2026-06-10 20:06:41.644982,0 days 00:00:02.004687,,,,,,,,,,,manhattan,17.0,distance,,KNeighborsRegressor,,,,,,6,7.0,3.0,8.0,20.0,,,ExtraTrees,,0.011184762458579162,0.02593441349165186,98.0,0.01855958797511551,0.007374825516536349,0.03697646299583415,1.9844674545084815,6.365100796098308,6.49841060433677,98.0,6.431755700217539,0.06665490411923089,0.33419944514336997,1.9844674545084815,161665247104086.8,377533518800839.8,98.0,269599382952463.3,107934135848376.52,541168407474303.2,1.9844674545084815,17.225853396330212,17.81119593239747,98.0,17.51852466436384,0.29267126803363075,1.4674175393199036,1.9844674545084815,5.7669936187465884,6.00008540684204,98.0,5.883539512794314,0.11654589404772604,0.5843466979536247,1.9844674545084815,99.0,0.46464646464646464,-0.005905505903891545,0.022669439041131972,98.0,0.008381966568620215,0.01428747247251176,0.07163561985286819,1.9844674545084815,KNeighborsRegressor,"{'mode': 'proxy', 'type': 'ExtraTrees'}",6,"['pe_T2W10', 'diameter_T2W10', 'asp_T2W10', 'z_pe_T2W10', 'z_l3_T2W10', 'z_density_T2W10']",0.13573014185167392,0.18818766015769972,98.0,0.16195890100468682,0.02622875915301289,0.13150775432901693,1.9844674545084815,7.630021012548721,7.779585852370196,98.0,7.7048034324594585,0.07478241991073697,0.37494980408255035,1.9844674545084815,completed,True,COMPLETE
103,6.436758581013075,2026-06-10 20:06:41.658647,2026-06-10 20:06:42.227432,0 days 00:00:00.568785,,,,,,,,,,,manhattan,10.0,distance,,KNeighborsRegressor,,,,,,4,6.0,3.0,8.0,20.0,,,ExtraTrees,,,,,,,,,,,,,,,,,,,,,,,,,,,,,,,,,,,,,,,,,,,,,,KNeighborsRegressor,"{'mode': 'proxy', 'type': 'ExtraTrees'}",4,"['pe_T2W10', 'diameter_T2W10', 'z_l3_T2W10', 'z_density_T2W10']",,,,,,,,,,,,,,,pruned,True,PRUNED
104,6.5117419708472255,2026-06-10 20:06:42.237257,2026-06-10 20:06:42.773692,0 days 00:00:00.536435,,,,,,,,,,,manhattan,17.0,distance,,KNeighborsRegressor,,,,,,6,8.0,3.0,8.0,20.0,,,ExtraTrees,,,,,,,,,,,,,,,,,,,,,,,,,,,,,,,,,,,,,,,,,,,,,,KNeighborsRegressor,"{'mode': 'proxy', 'type': 'ExtraTrees'}",6,"['pe_T2W10', 'density_T2W10', 'diameter_T2W10', 'asp_T2W10', 'z_l3_T2W10', 'z_density_T2W10']",,,,,,,,,,,,,,,pruned,True,PRUNED
105,6.474189223081764,2026-06-10 20:06:42.783658,2026-06-10 20:06:44.773337,0 days 00:00:01.989679,,,,,,,,,,,manhattan,17.0,distance,,KNeighborsRegressor,,,,,,3,7.0,3.0,9.0,20.0,,,ExtraTrees,,0.004692677730408935,0.01915277524939116,98.0,0.011922726489900047,0.0072300487594911126,0.03625057024250237,1.9844674545084815,6.41191657248228,6.536461873681247,98.0,6.474189223081764,0.0622726505994841,0.31222736800772205,1.9844674545084815,138499770885241.56,324019408951331.3,98.0,231259589918286.44,92759819033044.88,465086259774529.94,1.9844674545084815,17.48075919434595,18.07826335052532,98.0,17.779511272435634,0.29875207808968335,1.4979059688452068,1.9844674545084815,5.881311155035746,6.097795712603844,98.0,5.989553433819795,0.10824227878404918,0.5427133980415755,1.9844674545084815,99.0,0.5252525252525253,-0.027141022262977384,0.002193954021438743,98.0,-0.01247353412076932,0.014667488142208062,0.07354097141906524,1.9844674545084815,KNeighborsRegressor,"{'mode': 'proxy', 'type': 'ExtraTrees'}",3,"['pe_T2W10', 'asp_T2W10', 'z_l3_T2W10']",0.11741012848388897,0.16558117577450215,98.0,0.14149565212919557,0.024085523645306597,0.12076183657620213,1.9844674545084815,7.711322029351699,7.858055811397691,98.0,7.784688920374695,0.0733668910229955,0.36785251731695245,1.9844674545084815,completed,True,COMPLETE
106,6.548259487515147,2026-06-10 20:06:44.785898,2026-06-10 20:06:45.336380,0 days 00:00:00.550482,,,,,,,,,,,euclidean,16.0,distance,,KNeighborsRegressor,,,,,,5,9.0,4.0,6.0,20.0,,,ExtraTrees,,,,,,,,,,,,,,,,,,,,,,,,,,,,,,,,,,,,,,,,,,,,,,KNeighborsRegressor,"{'mode': 'proxy', 'type': 'ExtraTrees'}",5,"['pe_T2W10', 'lcc_T2W10', 'diameter_T2W10', 'asp_T2W10', 'z_l3_T2W10']",,,,,,,,,,,,,,,pruned,True,PRUNED
107,6.482554686232181,2026-06-10 20:06:45.346356,2026-06-10 20:07:11.709843,0 days 00:00:26.363487,,,,,,10.0,log2,3.0,9.0,342.0,,,,,ExtraTreesRegressor,,,,,,5,,,,,,,,False,0.006179512119664602,0.015212164566351386,98.0,0.010695838343007994,0.004516326223343393,0.02264430108890282,1.9844674545084815,6.430135224633661,6.534974147830701,98.0,6.482554686232181,0.05241946159851956,0.26282469703358363,1.9844674545084815,155689715399608.8,362411249127545.1,98.0,259050482263576.97,103360766863968.14,518238101036667.6,1.9844674545084815,16.39712759422851,17.0196738991604,98.0,16.708400746694455,0.3112731524659441,1.560685087117735,1.9844674545084815,5.922469778351992,6.121891862583167,98.0,6.02218082046758,0.09971104211558789,0.49993883255894445,1.9844674545084815,99.0,0.18181818181818182,0.021320550056194987,0.03843537527173302,98.0,0.029877962663964003,0.008557412607769018,0.04290580840478874,1.9844674545084815,ExtraTreesRegressor,"{'mode': 'original', 'type': 'ExtraTreesRegressor'}",5,"['pe_T2W10', 'l2_T2W10', 'asp_T2W10', 'z_pe_T2W10', 'z_l3_T2W10']",0.13338739979258146,0.18160729428807587,98.0,0.15749734704032867,0.024109947247747204,0.12088429349804321,1.9844674545084815,7.562648245316243,7.68545999656277,98.0,7.6240541209395065,0.061405875623263446,0.3078814654826965,1.9844674545084815,completed,False,COMPLETE
108,6.50954499836699,2026-06-10 20:07:11.722181,2026-06-10 20:07:12.270877,0 days 00:00:00.548696,,,,,,,,,,,manhattan,15.0,distance,,KNeighborsRegressor,,,,,,6,8.0,3.0,8.0,20.0,,,ExtraTrees,,,,,,,,,,,,,,,,,,,,,,,,,,,,,,,,,,,,,,,,,,,,,,KNeighborsRegressor,"{'mode': 'proxy', 'type': 'ExtraTrees'}",6,"['pe_T2W10', 'density_T2W10', 'diameter_T2W10', 'asp_T2W10', 'z_l3_T2W10', 'z_density_T2W10']",,,,,,,,,,,,,,,pruned,True,PRUNED
109,6.669410192570652,2026-06-10 20:07:12.280794,2026-06-10 20:07:15.169331,0 days 00:00:02.888537,,,,,,,,,,,,,,,RandomForestRegressor,20.0,,3.0,2.0,214.0,6,,,,,,,,True,,,,,,,,,,,,,,,,,,,,,,,,,,,,,,,,,,,,,,,,,,,,,RandomForestRegressor,"{'mode': 'original', 'type': 'RandomForestRegressor'}",6,"['pe_T2W10', 'lsc_T2W10', 'diameter_T2W10', 'asp_T2W10', 'z_pe_T2W10', 'z_l3_T2W10']",,,,,,,,,,,,,,,pruned,True,PRUNED
110,6.395958915295553,2026-06-10 20:07:15.179306,2026-06-10 20:07:17.086818,0 days 00:00:01.907512,,,,,,,,,,,manhattan,18.0,distance,,KNeighborsRegressor,,,,,,4,7.0,3.0,5.0,20.0,,,ExtraTrees,,0.01644709838175545,0.03149197928429864,98.0,0.023969538833027045,0.007522440451271595,0.037716586021067956,1.9844674545084815,6.329812517342729,6.462105313248378,98.0,6.395958915295553,0.06614639795282473,0.3316498581188214,1.9844674545084815,136152690834516.44,318177573056302.8,98.0,227165131945409.62,91012441110893.19,456325122994642.44,1.9844674545084815,17.509375345271852,18.135563236604757,98.0,17.822469290938304,0.3130939456664522,1.5698143190230442,1.9844674545084815,5.769272377152955,6.015985812155101,98.0,5.892629094654028,0.12335671750107291,0.6184953243623643,1.9844674545084815,99.0,0.42424242424242425,-0.006726718438730661,0.023538856202666804,98.0,0.008406068881968072,0.015132787320698733,0.07587392395019615,1.9844674545084815,KNeighborsRegressor,"{'mode': 'proxy', 'type': 'ExtraTrees'}",4,"['pe_T2W10', 'diameter_T2W10', 'asp_T2W10', 'z_l3_T2W10']",0.1569469888888416,0.20527962425311888,98.0,0.18111330657098024,0.024166317682138647,0.12116692788399044,1.9844674545084815,7.626275552843051,7.782081402830359,98.0,7.704178477836705,0.07790292499365414,0.39059563061337116,1.9844674545084815,completed,True,COMPLETE
111,6.395958915295553,2026-06-10 20:07:17.098986,2026-06-10 20:07:19.035381,0 days 00:00:01.936395,,,,,,,,,,,manhattan,18.0,distance,,KNeighborsRegressor,,,,,,4,7.0,3.0,5.0,20.0,,,ExtraTrees,,0.01644709838175545,0.03149197928429864,98.0,0.023969538833027045,0.007522440451271595,0.037716586021067956,1.9844674545084815,6.329812517342729,6.462105313248378,98.0,6.395958915295553,0.06614639795282473,0.3316498581188214,1.9844674545084815,136152690834516.44,318177573056302.8,98.0,227165131945409.62,91012441110893.19,456325122994642.44,1.9844674545084815,17.509375345271852,18.135563236604757,98.0,17.822469290938304,0.3130939456664522,1.5698143190230442,1.9844674545084815,5.769272377152955,6.015985812155101,98.0,5.892629094654028,0.12335671750107291,0.6184953243623643,1.9844674545084815,99.0,0.42424242424242425,-0.006726718438730661,0.023538856202666804,98.0,0.008406068881968072,0.015132787320698733,0.07587392395019615,1.9844674545084815,KNeighborsRegressor,"{'mode': 'proxy', 'type': 'ExtraTrees'}",4,"['pe_T2W10', 'diameter_T2W10', 'asp_T2W10', 'z_l3_T2W10']",0.1569469888888416,0.20527962425311888,98.0,0.18111330657098024,0.024166317682138647,0.12116692788399044,1.9844674545084815,7.626275552843051,7.782081402830359,98.0,7.704178477836705,0.07790292499365414,0.39059563061337116,1.9844674545084815,completed,True,COMPLETE
112,6.657979795720813,2026-06-10 20:07:19.048109,2026-06-10 20:07:19.455262,0 days 00:00:00.407153,,,,,,,,,,,manhattan,18.0,distance,,KNeighborsRegressor,,,,,,4,7.0,3.0,12.0,20.0,,,ExtraTrees,,,,,,,,,,,,,,,,,,,,,,,,,,,,,,,,,,,,,,,,,,,,,,KNeighborsRegressor,"{'mode': 'proxy', 'type': 'ExtraTrees'}",4,"['pe_T2W10', 'diameter_T2W10', 'z_pe_T2W10', 'z_l3_T2W10']",,,,,,,,,,,,,,,pruned,True,PRUNED
113,6.6061035343012975,2026-06-10 20:07:19.465140,2026-06-10 20:07:19.887295,0 days 00:00:00.422155,,,,,,,,,,,manhattan,16.0,distance,,KNeighborsRegressor,,,,,,4,6.0,3.0,5.0,20.0,,,ExtraTrees,,,,,,,,,,,,,,,,,,,,,,,,,,,,,,,,,,,,,,,,,,,,,,KNeighborsRegressor,"{'mode': 'proxy', 'type': 'ExtraTrees'}",4,"['pe_T2W10', 'l2_T2W10', 'z_pe_T2W10', 'z_density_T2W10']",,,,,,,,,,,,,,,pruned,True,PRUNED
114,6.4691474161127225,2026-06-10 20:07:19.896840,2026-06-10 20:07:21.859599,0 days 00:00:01.962759,,,,,,,,,,,manhattan,18.0,distance,,KNeighborsRegressor,,,,,,3,7.0,3.0,5.0,20.0,,,ExtraTrees,,0.005583115197262997,0.019871646628996396,98.0,0.012727380913129697,0.0071442657158667,0.03582046467171487,1.9844674545084815,6.4063627622799935,6.5319320699454515,98.0,6.4691474161127225,0.06278465383272938,0.3147944888928726,1.9844674545084815,138665141260551.03,324348543409981.0,98.0,231506842335266.03,92841701074715.0,465496806204008.1,1.9844674545084815,17.403888106070507,17.985353343624983,98.0,17.694620724847745,0.2907326187772365,1.457697391727228,1.9844674545084815,5.8662485884912,6.091904892678257,98.0,5.979076740584729,0.11282815209352794,0.5657063996185354,1.9844674545084815,99.0,0.5252525252525253,-0.024620569605717603,0.004513905086976135,98.0,-0.010053332259370733,0.014567237346346868,0.07303832632798445,1.9844674545084815,KNeighborsRegressor,"{'mode': 'proxy', 'type': 'ExtraTrees'}",3,"['pe_T2W10', 'asp_T2W10', 'z_l3_T2W10']",0.1183249065214204,0.16602378856148972,98.0,0.14217434754145505,0.023849441020034657,0.1195781474926091,1.9844674545084815,7.702291141556081,7.848633633929124,98.0,7.775462387742603,0.0731712461865209,0.3668715783049029,1.9844674545084815,completed,True,COMPLETE
115,6.529843152712176,2026-06-10 20:07:21.871813,2026-06-10 20:07:22.382130,0 days 00:00:00.510317,,,,,,,,,,,manhattan,17.0,distance,,KNeighborsRegressor,,,,,,5,8.0,3.0,10.0,20.0,,,ExtraTrees,,,,,,,,,,,,,,,,,,,,,,,,,,,,,,,,,,,,,,,,,,,,,,KNeighborsRegressor,"{'mode': 'proxy', 'type': 'ExtraTrees'}",5,"['pe_T2W10', 'lcc_T2W10', 'asp_T2W10', 'z_l3_T2W10', 'z_density_T2W10']",,,,,,,,,,,,,,,pruned,True,PRUNED
116,6.463714768854845,2026-06-10 20:07:22.392252,2026-06-10 20:07:24.691274,0 days 00:00:02.299022,,,,,,,,,,,manhattan,17.0,distance,,KNeighborsRegressor,,,,,,3,7.0,3.0,5.0,30.0,,,ExtraTrees,,0.006078507294143084,0.02106191183798388,98.0,0.013570209566063482,0.007491702271920398,0.03756246859160602,1.9844674545084815,6.3989143059507,6.52851523175899,98.0,6.463714768854845,0.06480046290414507,0.3249015062546713,1.9844674545084815,140064268084862.05,327628185124869.75,98.0,233846226604865.9,93781958520003.86,470211140740374.25,1.9844674545084815,17.40372736924173,18.015586494116953,98.0,17.70965693167934,0.30592956243761227,1.5338929876294856,1.9844674545084815,5.78899962477996,6.03187406356726,98.0,5.91043684417361,0.12143721939365042,0.6088711982619524,1.9844674545084815,99.0,0.5353535353535354,-0.025833807399367255,0.0055763467543486975,98.0,-0.010128730322509279,0.015705077076857976,0.07874331400479039,1.9844674545084815,KNeighborsRegressor,"{'mode': 'proxy', 'type': 'ExtraTrees'}",3,"['pe_T2W10', 'diameter_T2W10', 'z_l3_T2W10']",0.12018282890102311,0.17064583108939202,98.0,0.14541432999520756,0.025231501094184455,0.12650762576639762,1.9844674545084815,7.698502847827653,7.851610130484513,98.0,7.775056489156083,0.07655364132842998,0.38383048920003554,1.9844674545084815,completed,True,COMPLETE
