number,value,datetime_start,datetime_complete,duration,params_dt_max_depth,params_dt_min_samples_leaf,params_dt_min_samples_split,params_elastic_alpha,params_elastic_l1_ratio,params_et_max_depth,params_et_max_features,params_et_min_samples_leaf,params_et_min_samples_split,params_et_n_estimators,params_knn_metric,params_knn_n_neighbors,params_knn_weights,params_quantile_alpha,params_regressor,params_rf_max_depth,params_rf_max_features,params_rf_min_samples_leaf,params_rf_min_samples_split,params_rf_n_estimators,params_rfe_n_features,params_rfe_proxy_et_max_depth,params_rfe_proxy_et_min_samples_leaf,params_rfe_proxy_et_min_samples_split,params_rfe_proxy_et_n_estimators,params_rfe_proxy_lsvr_C,params_rfe_proxy_lsvr_epsilon,params_rfe_proxy_type,params_use_scaler,user_attrs_d2mae_ci_lower_val,user_attrs_d2mae_ci_upper_val,user_attrs_d2mae_df_val,user_attrs_d2mae_mean_val,user_attrs_d2mae_samperror_val,user_attrs_d2mae_std_val,user_attrs_d2mae_t_critical_val,user_attrs_mae_ci_lower_val,user_attrs_mae_ci_upper_val,user_attrs_mae_df_val,user_attrs_mae_mean_val,user_attrs_mae_samperror_val,user_attrs_mae_std_val,user_attrs_mae_t_critical_val,user_attrs_mape_ci_lower_val,user_attrs_mape_ci_upper_val,user_attrs_mape_df_val,user_attrs_mape_mean_val,user_attrs_mape_samperror_val,user_attrs_mape_std_val,user_attrs_mape_t_critical_val,user_attrs_max_error_ci_lower_val,user_attrs_max_error_ci_upper_val,user_attrs_max_error_df_val,user_attrs_max_error_mean_val,user_attrs_max_error_samperror_val,user_attrs_max_error_std_val,user_attrs_max_error_t_critical_val,user_attrs_median_ae_ci_lower_val,user_attrs_median_ae_ci_upper_val,user_attrs_median_ae_df_val,user_attrs_median_ae_mean_val,user_attrs_median_ae_samperror_val,user_attrs_median_ae_std_val,user_attrs_median_ae_t_critical_val,user_attrs_n_splits_val,user_attrs_r2_below_zero_val,user_attrs_r2_ci_lower_val,user_attrs_r2_ci_upper_val,user_attrs_r2_df_val,user_attrs_r2_mean_val,user_attrs_r2_samperror_val,user_attrs_r2_std_val,user_attrs_r2_t_critical_val,user_attrs_regressor_final,user_attrs_rfe_estimator,user_attrs_rfe_n_features,user_attrs_rfe_selected_features,user_attrs_rho_ci_lower_val,user_attrs_rho_ci_upper_val,user_attrs_rho_df_val,user_attrs_rho_mean_val,user_attrs_rho_samperror_val,user_attrs_rho_std_val,user_attrs_rho_t_critical_val,user_attrs_rmse_ci_lower_val,user_attrs_rmse_ci_upper_val,user_attrs_rmse_df_val,user_attrs_rmse_mean_val,user_attrs_rmse_samperror_val,user_attrs_rmse_std_val,user_attrs_rmse_t_critical_val,user_attrs_termination_reason,user_attrs_use_scaler_final,state
24,6.464059110505406,2026-06-10 20:02:11.584101,2026-06-10 20:02:13.730280,0 days 00:00:02.146179,,,,,,,,,,,minkowski,15.0,distance,,KNeighborsRegressor,,,,,,5,11.0,4.0,11.0,80.0,,,ExtraTrees,,0.00578206654552724,0.021140952159652733,98.0,0.013461509352589987,0.007679442807062746,0.038503776414407165,1.9844674545084815,6.399734222583188,6.528383998427625,98.0,6.464059110505406,0.06432488792221812,0.322517032116058,1.9844674545084815,143100293123165.56,335179952482179.56,98.0,239140122802672.56,96039829679507.0,481531827472762.1,1.9844674545084815,17.4271261991059,18.008969157932782,98.0,17.71804767851934,0.29092147941344304,1.4586443155982272,1.9844674545084815,5.821943529917307,6.036584687503104,98.0,5.929264108710205,0.10732057879289837,0.5380921082850071,1.9844674545084815,99.0,0.45454545454545453,-0.017469974932491167,0.014693489460205822,98.0,-0.001388242736142673,0.016081732196348494,0.08063181618790016,1.9844674545084815,KNeighborsRegressor,"{'mode': 'proxy', 'type': 'ExtraTrees'}",5,"['pe_T2W10', 'l2_T2W10', 'diameter_T2W10', 'asp_T2W10', 'z_l3_T2W10']",0.14610891814238983,0.19636932834964896,98.0,0.1712391232460194,0.025130205103629566,0.12599974019839597,1.9844674545084815,7.66202546719231,7.820503100576767,98.0,7.741264283884538,0.07923881669222889,0.3972936263622917,1.9844674545084815,completed,True,COMPLETE
25,6.487877287343124,2026-06-10 20:02:13.742665,2026-06-10 20:02:15.675054,0 days 00:00:01.932389,,,,,,,,,,,manhattan,15.0,distance,,KNeighborsRegressor,,,,,,10,9.0,3.0,5.0,40.0,,,ExtraTrees,,0.0024885708171344424,0.01722258206140508,98.0,0.00985557643926976,0.007367005622135318,0.036937255012499136,1.9844674545084815,6.424167815653564,6.551586759032683,98.0,6.487877287343124,0.06370947168955997,0.31943141124233093,1.9844674545084815,162822215413103.78,379635658193912.75,98.0,271228936803508.28,108406721390404.5,543537892931007.4,1.9844674545084815,17.037668446386533,17.722436553321003,98.0,17.380052499853768,0.3423840534672348,1.7166712968337263,1.9844674545084815,5.832368431731785,6.068368821993911,98.0,5.950368626862848,0.11800019513106262,0.5916383837124564,1.9844674545084815,99.0,0.47474747474747475,-0.01914057970104449,0.010285150044178102,98.0,-0.004427714828433195,0.014712864872611297,0.07376848473295516,1.9844674545084815,KNeighborsRegressor,"{'mode': 'proxy', 'type': 'ExtraTrees'}",10,"['pe_T2W10', 'l2_T2W10', 'lsc_T2W10', 'density_T2W10', 'diameter_T2W10', 'asp_T2W10', 'z_pe_T2W10', 'z_l1_T2W10', 'z_l3_T2W10', 'z_density_T2W10']",0.12625687163582372,0.1740180924550539,98.0,0.1501374820454388,0.023880610409615085,0.11973442695682682,1.9844674545084815,7.681465974773945,7.825347580533909,98.0,7.753406777653927,0.07194080287998175,0.3607022877514249,1.9844674545084815,completed,True,COMPLETE
26,6.704907441176857,2026-06-10 20:02:15.687572,2026-06-10 20:02:17.345505,0 days 00:00:01.657933,2.0,1.0,19.0,,,,,,,,,,,,DecisionTreeRegressor,,,,,,7,,,,,,,,False,-0.03318749191766593,-0.013730839489056165,98.0,-0.023459165703361047,0.009728326214304882,0.04877662440529075,1.9844674545084815,6.632092757140166,6.777722125213549,98.0,6.704907441176857,0.072814684036691,0.36508381978650306,1.9844674545084815,157455198443247.47,366930201287554.1,98.0,262192699865400.78,104737501422153.31,525140877832087.9,1.9844674545084815,17.243015455365327,17.982838991603675,98.0,17.6129272234845,0.3699117681191746,1.8546918533750272,1.9844674545084815,6.018611116126774,6.274206527738674,98.0,6.146408821932724,0.12779770580595007,0.6407618904461333,1.9844674545084815,99.0,0.7676767676767676,-0.09562241042568423,-0.05490594768989637,98.0,-0.0752641790577903,0.020358231367893925,0.10207365410173219,1.9844674545084815,DecisionTreeRegressor,"{'mode': 'original', 'type': 'DecisionTreeRegressor'}",7,"['pe_T2W10', 'diameter_T2W10', 'z_l3_T2W10', 'z_lsc_T2W10', 'z_density_T2W10', 'z_diameter_T2W10', 'z_asp_T2W10']",0.0053553483220233206,0.06304386570652032,96.0,0.03419960701427182,0.0288442586922485,0.1431159937180001,1.984984311522457,7.931377865401724,8.103346221908872,98.0,8.017362043655298,0.08598417825357402,0.43111403494108913,1.9844674545084815,completed,False,COMPLETE
27,6.641577843258516,2026-06-10 20:02:17.357652,2026-06-10 20:02:19.158007,0 days 00:00:01.800355,,,,,,,,,,,manhattan,17.0,uniform,,KNeighborsRegressor,,,,,,5,,,,,8.791674502346554,0.00012579287841594516,LinearSVR,,-0.020438079561774274,-0.006787181109257436,98.0,-0.013612630335515855,0.006825449226258419,0.03422195822515164,1.9844674545084815,6.579957493415368,6.703198193101664,98.0,6.641577843258516,0.06162034984314787,0.30895681269427927,1.9844674545084815,136063554626318.69,317644058166607.1,98.0,226853806396462.9,90790251770144.22,455211093121277.9,1.9844674545084815,16.96953529451735,17.466590671020377,98.0,17.218062982768863,0.24852768825151453,1.246087090123909,1.9844674545084815,5.952931090982519,6.203931654115522,98.0,6.07843137254902,0.12550028156650098,0.6292428894629589,1.9844674545084815,99.0,0.7575757575757576,-0.05547811744869022,-0.028555830139269572,98.0,-0.042016973793979895,0.013461143654710322,0.06749250936363502,1.9844674545084815,KNeighborsRegressor,"{'mode': 'proxy', 'type': 'LinearSVR'}",5,"['nodes_T2W10', 'pe_T2W10', 'l3_T2W10', 'density_T2W10', 'z_l3_T2W10']",0.01080386658464071,0.06395053804165768,98.0,0.03737720231314919,0.026573335728508483,0.1332354186601221,1.9844674545084815,7.829400778692335,7.967302392143507,98.0,7.898351585417921,0.06895080672558557,0.34571081684640986,1.9844674545084815,completed,True,COMPLETE
28,6.521135747423293,2026-06-10 20:02:19.170564,2026-06-10 20:02:21.087258,0 days 00:00:01.916694,,,,,,,,,,,manhattan,20.0,distance,,KNeighborsRegressor,,,,,,14,2.0,2.0,4.0,40.0,,,ExtraTrees,,-0.0017487451453458997,0.011379627545711452,98.0,0.004815441200182776,0.006564186345528676,0.032912018455074805,1.9844674545084815,6.460126282016523,6.5821452128300635,98.0,6.521135747423293,0.06100946540677028,0.3058939136865946,1.9844674545084815,156933922990286.7,365867299263247.3,98.0,261400611126767.0,104466688136480.33,523783053512853.0,1.9844674545084815,17.034953521866353,17.743723925545094,98.0,17.389338723705723,0.35438520183937,1.7768435704278263,1.9844674545084815,5.9704205324336845,6.169531634149682,98.0,6.069976083291683,0.09955555085799861,0.4991592186250915,1.9844674545084815,99.0,0.47474747474747475,-0.01814063631728057,0.007192616395219197,98.0,-0.005474009961030687,0.012666626356249884,0.06350889789781822,1.9844674545084815,KNeighborsRegressor,"{'mode': 'proxy', 'type': 'ExtraTrees'}",14,"['nodes_T2W10', 'edges_T2W10', 'pe_T2W10', 'l2_T2W10', 'l3_T2W10', 'diameter_T2W10', 'asp_T2W10', 'z_re_T2W10', 'z_pe_T2W10', 'z_l2_T2W10', 'z_l3_T2W10', 'z_lsc_T2W10', 'z_density_T2W10', 'z_asp_T2W10']",0.10715369391483659,0.1541886417133742,98.0,0.1306711678141054,0.023517473899268806,0.11791370540793764,1.9844674545084815,7.690984172006132,7.827253968333167,98.0,7.75911907016965,0.06813489816351714,0.3416199522306085,1.9844674545084815,completed,True,COMPLETE
29,6.641979876927546,2026-06-10 20:02:21.099726,2026-06-10 20:02:23.130868,0 days 00:00:02.031142,,,,0.00017976275951335374,0.9610185227273449,,,,,,,,,,ElasticNet,,,,,,10,,,,,,,,False,-0.022633800616110956,-0.004443814307655303,98.0,-0.01353880746188313,0.009094993154227828,0.04560117077490083,1.9844674545084815,6.565545094270679,6.718414659584413,98.0,6.641979876927546,0.07643478265686729,0.3832345465216742,1.9844674545084815,166820445445165.72,388077017540553.0,98.0,277448731492859.34,110628286047693.62,554676543351808.7,1.9844674545084815,17.289852571307044,18.52950412262598,98.0,17.909678346966512,0.6198257756594664,3.1077297769480725,1.9844674545084815,6.083504614884484,6.2778346573996,98.0,6.180669636142042,0.09716502125755763,0.48717339887749883,1.9844674545084815,99.0,0.6666666666666666,-0.07231573913519719,-0.03231949053515357,98.0,-0.05231761483517538,0.019998124300021812,0.1002681218027165,1.9844674545084815,ElasticNet,"{'mode': 'original', 'type': 'ElasticNet'}",10,"['nodes_T2W10', 'pe_T2W10', 'l2_T2W10', 'l3_T2W10', 'density_T2W10', 'diameter_T2W10', 'asp_T2W10', 'z_pe_T2W10', 'z_l3_T2W10', 'z_asp_T2W10']",0.035175235828306846,0.08384095896242558,98.0,0.05950809739536621,0.024332861567059362,0.12200195832425577,1.9844674545084815,7.837753123621264,8.034010860696776,98.0,7.93588199215902,0.09812886853775674,0.49200600992843196,1.9844674545084815,completed,False,COMPLETE
30,6.5257332351979755,2026-06-10 20:02:23.166656,2026-06-10 20:02:25.076837,0 days 00:00:01.910181,,,,,,,,,,,euclidean,11.0,distance,,KNeighborsRegressor,,,,,,9,5.0,5.0,2.0,30.0,,,ExtraTrees,,-0.005798460428282579,0.01369589126144954,98.0,0.003948715416583481,0.00974717584486606,0.048871134121536604,1.9844674545084815,6.452650342169231,6.59881612822672,98.0,6.5257332351979755,0.07308289302874477,0.3664285864996393,1.9844674545084815,147992860757375.66,347276137327299.4,98.0,247634499042337.53,99641638284961.88,499590850336292.8,1.9844674545084815,17.041797687957114,17.693648783384283,98.0,17.3677232356707,0.3259255477135836,1.6341503846301748,1.9844674545084815,5.852372087122266,6.0859082341625985,98.0,5.969140160642432,0.116768073520166,0.5854606783485085,1.9844674545084815,99.0,0.5656565656565656,-0.03128567718057175,0.003996477523285712,98.0,-0.013644599828643019,0.01764107735192873,0.0884501799327452,1.9844674545084815,KNeighborsRegressor,"{'mode': 'proxy', 'type': 'ExtraTrees'}",9,"['pe_T2W10', 'l2_T2W10', 'lcc_T2W10', 'density_T2W10', 'diameter_T2W10', 'asp_T2W10', 'z_pe_T2W10', 'z_l2_T2W10', 'z_l3_T2W10']",0.12725105842963966,0.1789177444030041,98.0,0.15308440141632187,0.025833342986682207,0.1295251865774821,1.9844674545084815,7.7077787607394015,7.864188306242633,98.0,7.7859835334910175,0.07820477275161626,0.3921090579382123,1.9844674545084815,completed,True,COMPLETE
31,6.46251099575241,2026-06-10 20:02:25.089369,2026-06-10 20:02:27.041741,0 days 00:00:01.952372,,,,,,,,,,,manhattan,20.0,distance,,KNeighborsRegressor,,,,,,7,7.0,3.0,2.0,20.0,,,ExtraTrees,,0.006375424956214576,0.021280754755461276,98.0,0.013828089855837925,0.007452664899623349,0.03736674003518665,1.9844674545084815,6.3960642080142724,6.528957783490548,98.0,6.46251099575241,0.06644678773813775,0.33315597534912705,1.9844674545084815,139808107318056.48,326192449932209.7,98.0,233000278625133.1,93192171307076.61,467254020601691.56,1.9844674545084815,16.922417165821255,17.496433203333464,98.0,17.20942518457736,0.2870080187561044,1.439022707892761,1.9844674545084815,5.732051154528475,5.9569741002215215,98.0,5.844512627374998,0.112461472846523,0.5638679152262177,1.9844674545084815,99.0,0.45454545454545453,-0.010446064692028863,0.018549979935251988,98.0,0.0040519576216115636,0.014498022313640425,0.0726912907147504,1.9844674545084815,KNeighborsRegressor,"{'mode': 'proxy', 'type': 'ExtraTrees'}",7,"['pe_T2W10', 'l2_T2W10', 'l3_T2W10', 'diameter_T2W10', 'asp_T2W10', 'z_l2_T2W10', 'z_l3_T2W10']",0.1383728035522127,0.1862362008568083,98.0,0.1623045022045105,0.023931698652297797,0.11999057708686633,1.9844674545084815,7.647187252031337,7.795950457981199,98.0,7.721568855006268,0.07438160297493089,0.3729401575408518,1.9844674545084815,completed,True,COMPLETE
32,6.431755700217539,2026-06-10 20:02:27.053967,2026-06-10 20:02:29.121346,0 days 00:00:02.067379,,,,,,,,,,,manhattan,17.0,distance,,KNeighborsRegressor,,,,,,6,8.0,3.0,2.0,20.0,,,ExtraTrees,,0.011184762458579162,0.02593441349165186,98.0,0.01855958797511551,0.007374825516536349,0.03697646299583415,1.9844674545084815,6.365100796098308,6.49841060433677,98.0,6.431755700217539,0.06665490411923089,0.33419944514336997,1.9844674545084815,161665247104086.8,377533518800839.8,98.0,269599382952463.3,107934135848376.52,541168407474303.2,1.9844674545084815,17.225853396330212,17.81119593239747,98.0,17.51852466436384,0.29267126803363075,1.4674175393199036,1.9844674545084815,5.7669936187465884,6.00008540684204,98.0,5.883539512794314,0.11654589404772604,0.5843466979536247,1.9844674545084815,99.0,0.46464646464646464,-0.005905505903891545,0.022669439041131972,98.0,0.008381966568620215,0.01428747247251176,0.07163561985286819,1.9844674545084815,KNeighborsRegressor,"{'mode': 'proxy', 'type': 'ExtraTrees'}",6,"['pe_T2W10', 'diameter_T2W10', 'asp_T2W10', 'z_pe_T2W10', 'z_l3_T2W10', 'z_density_T2W10']",0.13573014185167392,0.18818766015769972,98.0,0.16195890100468682,0.02622875915301289,0.13150775432901693,1.9844674545084815,7.630021012548721,7.779585852370196,98.0,7.7048034324594585,0.07478241991073697,0.37494980408255035,1.9844674545084815,completed,True,COMPLETE
33,6.559549092163959,2026-06-10 20:02:29.134301,2026-06-10 20:02:30.837548,0 days 00:00:01.703247,,,,,,,,,,,,,,,LinearRegression,,,,,,4,,,,,,,,False,-0.007560312516611847,0.005392203720040498,98.0,-0.0010840543982856747,0.006476258118326172,0.03247115719915052,1.9844674545084815,6.49952630817752,6.619571876150397,98.0,6.559549092163959,0.06002278398643853,0.3009468150812422,1.9844674545084815,169830774077262.94,394894541158683.44,98.0,282362657617973.2,112531883540710.23,564220945738232.9,1.9844674545084815,16.49467670615924,17.13271551303987,98.0,16.813696109599555,0.31901940344031315,1.5995238314199491,1.9844674545084815,6.110505657674633,6.28870022522484,98.0,6.1996029414497364,0.08909728377510391,0.4467227609863177,1.9844674545084815,99.0,0.46464646464646464,-0.01609795529568527,0.011375675415226846,98.0,-0.002361139940229211,0.013736815355456056,0.06887469317513903,1.9844674545084815,LinearRegression,"{'mode': 'original', 'type': 'LinearRegression'}",4,"['pe_T2W10', 'density_T2W10', 'diameter_T2W10', 'asp_T2W10']",0.08530950152026905,0.13777416001315618,98.0,0.11154183076671262,0.026232329246443573,0.1315256543359168,1.9844674545084815,7.6742795419604395,7.819832002085954,98.0,7.747055772023197,0.07277623006275753,0.36489101631732196,1.9844674545084815,completed,False,COMPLETE
34,6.501439104900932,2026-06-10 20:02:30.849632,2026-06-10 20:02:32.948846,0 days 00:00:02.099214,,,,,,,,,,,minkowski,17.0,distance,,KNeighborsRegressor,,,,,,6,9.0,2.0,4.0,30.0,,,ExtraTrees,,0.00033310275111316043,0.01515498302474335,98.0,0.007744042887928255,0.007410940136815094,0.03715753723512989,1.9844674545084815,6.4388153867011075,6.564062823100756,98.0,6.501439104900932,0.06262371819982465,0.3139875775345673,1.9844674545084815,159400581402157.53,372201184957691.0,98.0,265800883179924.28,106400301777766.75,533477953154200.3,1.9844674545084815,16.978798316899812,17.559331378984105,98.0,17.26906484794196,0.2902665310421463,1.4553604854708384,1.9844674545084815,5.800084082771535,6.064158908273601,98.0,5.932121495522568,0.13203741275103273,0.6620192566870715,1.9844674545084815,99.0,0.5555555555555556,-0.026054517457333167,0.0025857777512464687,98.0,-0.01173436985304335,0.014320147604289818,0.07179944892222939,1.9844674545084815,KNeighborsRegressor,"{'mode': 'proxy', 'type': 'ExtraTrees'}",6,"['pe_T2W10', 'diameter_T2W10', 'asp_T2W10', 'z_pe_T2W10', 'z_l3_T2W10', 'z_density_T2W10']",0.093386753415951,0.145168768946848,98.0,0.11927776118139949,0.02589100776544849,0.12981431064603577,1.9844674545084815,7.711737890239796,7.85158128880167,98.0,7.781659589520733,0.06992169928093746,0.35057875203557487,1.9844674545084815,completed,True,COMPLETE
35,6.596871276946393,2026-06-10 20:02:33.000803,2026-06-10 20:03:23.508662,0 days 00:00:50.507859,,,,,,,,,,,,,,,RandomForestRegressor,20.0,log2,1.0,2.0,487.0,8,,,,,,,,False,-0.016399525187289238,0.0026754463434518093,98.0,-0.006862039421918715,0.009537485765370524,0.04781977399814459,1.9844674545084815,6.523365180401806,6.670377373490981,98.0,6.596871276946393,0.07350609654458712,0.36855047658478957,1.9844674545084815,160064128437361.2,373447622400879.6,98.0,266755875419120.4,106691746981759.23,534939223360061.75,1.9844674545084815,17.083992875744602,17.667787033068162,98.0,17.375889954406382,0.2918970786617789,1.4635358495638735,1.9844674545084815,5.868137508097072,6.110656729834743,98.0,5.989397118965908,0.12125961086883587,0.6079806910857725,1.9844674545084815,99.0,0.6363636363636364,-0.056428762660160114,-0.021510522020074876,98.0,-0.038969642340117495,0.01745912032004262,0.08753786987994704,1.9844674545084815,RandomForestRegressor,"{'mode': 'original', 'type': 'RandomForestRegressor'}",8,"['pe_T2W10', 'lsc_T2W10', 'density_T2W10', 'diameter_T2W10', 'asp_T2W10', 'z_pe_T2W10', 'z_l2_T2W10', 'z_l3_T2W10']",0.12025165392251697,0.1636830961011917,98.0,0.14196737501185433,0.021715721089337357,0.10887993966599771,1.9844674545084815,7.807766892125869,7.956870887562044,98.0,7.8823188898439565,0.07455199771808699,0.37379449570802176,1.9844674545084815,completed,False,COMPLETE
36,7.263905167646665,2026-06-10 20:03:23.522683,2026-06-10 20:03:25.131366,0 days 00:00:01.608683,20.0,5.0,2.0,,,,,,,,,,,,DecisionTreeRegressor,,,,,,2,,,,,,,,False,-0.12784114471829944,-0.09017500660540052,98.0,-0.10900807566184999,0.01883306905644946,0.09442667890953084,1.9844674545084815,7.1389824830324615,7.388827852260868,98.0,7.263905167646665,0.12492268461420296,0.6263468897833373,1.9844674545084815,168601260973784.38,402507067070673.6,98.0,285554164022229.0,116952903048444.61,586387390742938.2,1.9844674545084815,19.912978866493848,20.76852666501168,98.0,20.340752765752764,0.42777389925891807,2.144805422320002,1.9844674545084815,6.2950085884233475,6.674143247395157,98.0,6.484575917909252,0.18956732948590488,0.9504671436954552,1.9844674545084815,99.0,0.9797979797979798,-0.35242660675395765,-0.27282152700548934,98.0,-0.3126240668797235,0.03980253987423413,0.19956501201279336,1.9844674545084815,DecisionTreeRegressor,"{'mode': 'original', 'type': 'DecisionTreeRegressor'}",2,"['pe_T2W10', 'density_T2W10']",0.04921744360418158,0.10656285477031484,98.0,0.07789014918724821,0.02867270558306663,0.1437613994535087,1.9844674545084815,8.711340578482055,8.96999695984156,98.0,8.840668769161807,0.1293281906797517,0.6484355523076806,1.9844674545084815,completed,False,COMPLETE
37,6.48731201255609,2026-06-10 20:03:25.143405,2026-06-10 20:03:27.142269,0 days 00:00:01.998864,,,,,,,,,,,manhattan,16.0,distance,,KNeighborsRegressor,,,,,,5,9.0,4.0,3.0,20.0,,,ExtraTrees,,0.0017773904783225467,0.018212764845835575,98.0,0.00999507766207906,0.008217687183756513,0.04120246714721249,1.9844674545084815,6.418197425568802,6.556426599543378,98.0,6.48731201255609,0.06911458698728763,0.3465319908216714,1.9844674545084815,138598422545502.83,323931798171054.1,98.0,231265110358278.47,92666687812775.64,464619311354893.4,1.9844674545084815,17.3171314922002,17.892983326253347,98.0,17.605057409226774,0.28792591702657266,1.4436249362920375,1.9844674545084815,5.794325318018657,6.047842987206947,98.0,5.921084152612802,0.1267588345941444,0.6355531186813457,1.9844674545084815,99.0,0.494949494949495,-0.023221554373528963,0.008069622039192549,98.0,-0.007575966167168208,0.015645588206360757,0.07844504416590782,1.9844674545084815,KNeighborsRegressor,"{'mode': 'proxy', 'type': 'ExtraTrees'}",5,"['pe_T2W10', 'lcc_T2W10', 'diameter_T2W10', 'asp_T2W10', 'z_l3_T2W10']",0.12556948636891227,0.17632185739432185,98.0,0.15094567188161706,0.025376185512704798,0.12723305554578634,1.9844674545084815,7.686780962437508,7.844773062360185,98.0,7.765777012398846,0.07899604996133845,0.396076423999841,1.9844674545084815,completed,True,COMPLETE
