number,value,datetime_start,datetime_complete,duration,params_dt_max_depth,params_dt_min_samples_leaf,params_dt_min_samples_split,params_elastic_alpha,params_elastic_l1_ratio,params_et_max_depth,params_et_max_features,params_et_min_samples_leaf,params_et_min_samples_split,params_et_n_estimators,params_knn_metric,params_knn_n_neighbors,params_knn_weights,params_quantile_alpha,params_regressor,params_rf_max_depth,params_rf_max_features,params_rf_min_samples_leaf,params_rf_min_samples_split,params_rf_n_estimators,params_rfe_n_features,params_rfe_proxy_et_max_depth,params_rfe_proxy_et_min_samples_leaf,params_rfe_proxy_et_min_samples_split,params_rfe_proxy_et_n_estimators,params_rfe_proxy_lsvr_C,params_rfe_proxy_lsvr_epsilon,params_rfe_proxy_type,params_use_scaler,user_attrs_d2mae_ci_lower_val,user_attrs_d2mae_ci_upper_val,user_attrs_d2mae_df_val,user_attrs_d2mae_mean_val,user_attrs_d2mae_samperror_val,user_attrs_d2mae_std_val,user_attrs_d2mae_t_critical_val,user_attrs_mae_ci_lower_val,user_attrs_mae_ci_upper_val,user_attrs_mae_df_val,user_attrs_mae_mean_val,user_attrs_mae_samperror_val,user_attrs_mae_std_val,user_attrs_mae_t_critical_val,user_attrs_mape_ci_lower_val,user_attrs_mape_ci_upper_val,user_attrs_mape_df_val,user_attrs_mape_mean_val,user_attrs_mape_samperror_val,user_attrs_mape_std_val,user_attrs_mape_t_critical_val,user_attrs_max_error_ci_lower_val,user_attrs_max_error_ci_upper_val,user_attrs_max_error_df_val,user_attrs_max_error_mean_val,user_attrs_max_error_samperror_val,user_attrs_max_error_std_val,user_attrs_max_error_t_critical_val,user_attrs_median_ae_ci_lower_val,user_attrs_median_ae_ci_upper_val,user_attrs_median_ae_df_val,user_attrs_median_ae_mean_val,user_attrs_median_ae_samperror_val,user_attrs_median_ae_std_val,user_attrs_median_ae_t_critical_val,user_attrs_n_splits_val,user_attrs_r2_below_zero_val,user_attrs_r2_ci_lower_val,user_attrs_r2_ci_upper_val,user_attrs_r2_df_val,user_attrs_r2_mean_val,user_attrs_r2_samperror_val,user_attrs_r2_std_val,user_attrs_r2_t_critical_val,user_attrs_regressor_final,user_attrs_rfe_estimator,user_attrs_rfe_n_features,user_attrs_rfe_selected_features,user_attrs_rho_ci_lower_val,user_attrs_rho_ci_upper_val,user_attrs_rho_df_val,user_attrs_rho_mean_val,user_attrs_rho_samperror_val,user_attrs_rho_std_val,user_attrs_rho_t_critical_val,user_attrs_rmse_ci_lower_val,user_attrs_rmse_ci_upper_val,user_attrs_rmse_df_val,user_attrs_rmse_mean_val,user_attrs_rmse_samperror_val,user_attrs_rmse_std_val,user_attrs_rmse_t_critical_val,user_attrs_termination_reason,user_attrs_use_scaler_final,state
697,6.714869413763475,2026-06-10 21:44:45.451565,2026-06-10 21:44:45.569877,0 days 00:00:00.118312,,,,,,,,,,,,,,,LinearRegression,,,,,,4,,,,,,,,True,,,,,,,,,,,,,,,,,,,,,,,,,,,,,,,,,,,,,,,,,,,,,LinearRegression,"{'mode': 'original', 'type': 'LinearRegression'}",4,"['nodes_T2W10', 'density_T2W10', 'diameter_T2W10', 'asp_T2W10']",,,,,,,,,,,,,,,pruned,True,PRUNED
698,6.591836734693878,2026-06-10 21:44:45.579859,2026-06-10 21:44:45.850855,0 days 00:00:00.270996,,,,,,,,,,,manhattan,15.0,uniform,,KNeighborsRegressor,,,,,,3,7.0,3.0,5.0,20.0,,,ExtraTrees,,,,,,,,,,,,,,,,,,,,,,,,,,,,,,,,,,,,,,,,,,,,,,KNeighborsRegressor,"{'mode': 'proxy', 'type': 'ExtraTrees'}",3,"['pe_T2W10', 'asp_T2W10', 'z_l3_T2W10']",,,,,,,,,,,,,,,pruned,True,PRUNED
699,6.38169449598021,2026-06-10 21:44:45.860867,2026-06-10 21:44:47.765930,0 days 00:00:01.905063,,,,,,,,,,,manhattan,15.0,uniform,,KNeighborsRegressor,,,,,,4,8.0,3.0,6.0,20.0,,,ExtraTrees,,0.018539220615816726,0.033664020757608375,98.0,0.02610162068671255,0.007562400070895825,0.037916938611519055,1.9844674545084815,6.316283314188322,6.4471056777720985,98.0,6.38169449598021,0.0654111817918879,0.32796357522197694,1.9844674545084815,142498577772807.47,332958748379329.6,98.0,237728663076068.56,95230085303261.1,477471869322267.0,1.9844674545084815,17.490536033988263,18.09868955523733,98.0,17.794612794612796,0.3040767606245316,1.5246032684996735,1.9844674545084815,5.738008924363327,5.977815991461591,98.0,5.857912457912459,0.1199035335491315,0.6011814871291359,1.9844674545084815,99.0,0.45454545454545453,-0.012397994689645263,0.017395595170014277,98.0,0.002498800240184507,0.01489679492982977,0.07469068729073916,1.9844674545084815,KNeighborsRegressor,"{'mode': 'proxy', 'type': 'ExtraTrees'}",4,"['pe_T2W10', 'diameter_T2W10', 'asp_T2W10', 'z_l3_T2W10']",0.1415754991475786,0.19078115883771823,98.0,0.16617832899264842,0.02460282984506982,0.12335554587958426,1.9844674545084815,7.649304248369289,7.805587754635189,98.0,7.727446001502239,0.07814175313295062,0.39179308536470847,1.9844674545084815,completed,True,COMPLETE
700,6.565051020408163,2026-06-10 21:44:47.797722,2026-06-10 21:44:48.032089,0 days 00:00:00.234367,,,,,,,,,,,manhattan,16.0,uniform,,KNeighborsRegressor,,,,,,5,7.0,3.0,3.0,20.0,,,ExtraTrees,,,,,,,,,,,,,,,,,,,,,,,,,,,,,,,,,,,,,,,,,,,,,,KNeighborsRegressor,"{'mode': 'proxy', 'type': 'ExtraTrees'}",5,"['pe_T2W10', 'l2_T2W10', 'diameter_T2W10', 'asp_T2W10', 'z_l3_T2W10']",,,,,,,,,,,,,,,pruned,True,PRUNED
701,6.38169449598021,2026-06-10 21:44:48.043951,2026-06-10 21:44:49.862099,0 days 00:00:01.818148,,,,,,,,,,,manhattan,15.0,uniform,,KNeighborsRegressor,,,,,,4,8.0,3.0,6.0,20.0,,,ExtraTrees,,0.018539220615816726,0.033664020757608375,98.0,0.02610162068671255,0.007562400070895825,0.037916938611519055,1.9844674545084815,6.316283314188322,6.4471056777720985,98.0,6.38169449598021,0.0654111817918879,0.32796357522197694,1.9844674545084815,142498577772807.47,332958748379329.6,98.0,237728663076068.56,95230085303261.1,477471869322267.0,1.9844674545084815,17.490536033988263,18.09868955523733,98.0,17.794612794612796,0.3040767606245316,1.5246032684996735,1.9844674545084815,5.738008924363327,5.977815991461591,98.0,5.857912457912459,0.1199035335491315,0.6011814871291359,1.9844674545084815,99.0,0.45454545454545453,-0.012397994689645263,0.017395595170014277,98.0,0.002498800240184507,0.01489679492982977,0.07469068729073916,1.9844674545084815,KNeighborsRegressor,"{'mode': 'proxy', 'type': 'ExtraTrees'}",4,"['pe_T2W10', 'diameter_T2W10', 'asp_T2W10', 'z_l3_T2W10']",0.1415754991475786,0.19078115883771823,98.0,0.16617832899264842,0.02460282984506982,0.12335554587958426,1.9844674545084815,7.649304248369289,7.805587754635189,98.0,7.727446001502239,0.07814175313295062,0.39179308536470847,1.9844674545084815,completed,True,COMPLETE
702,6.493904055128544,2026-06-10 21:44:49.939986,2026-06-10 21:44:50.259962,0 days 00:00:00.319976,,,,,,,,,,,manhattan,14.0,uniform,,KNeighborsRegressor,,,,,,3,7.0,3.0,6.0,20.0,,,ExtraTrees,,,,,,,,,,,,,,,,,,,,,,,,,,,,,,,,,,,,,,,,,,,,,,KNeighborsRegressor,"{'mode': 'proxy', 'type': 'ExtraTrees'}",3,"['pe_T2W10', 'asp_T2W10', 'z_l3_T2W10']",,,,,,,,,,,,,,,pruned,True,PRUNED
703,6.669642857142857,2026-06-10 21:44:50.308456,2026-06-10 21:44:50.582568,0 days 00:00:00.274112,,,,,,,,,,,manhattan,16.0,uniform,,KNeighborsRegressor,,,,,,4,7.0,3.0,6.0,30.0,,,ExtraTrees,,,,,,,,,,,,,,,,,,,,,,,,,,,,,,,,,,,,,,,,,,,,,,KNeighborsRegressor,"{'mode': 'proxy', 'type': 'ExtraTrees'}",4,"['pe_T2W10', 'diameter_T2W10', 'z_pe_T2W10', 'z_l3_T2W10']",,,,,,,,,,,,,,,pruned,True,PRUNED
704,6.554895410200646,2026-06-10 21:44:50.592392,2026-06-10 21:44:52.515087,0 days 00:00:01.922695,,,,,,18.0,sqrt,5.0,7.0,311.0,,,,,ExtraTreesRegressor,,,,,,5,,,,,,,,False,,,,,,,,,,,,,,,,,,,,,,,,,,,,,,,,,,,,,,,,,,,,,ExtraTreesRegressor,"{'mode': 'original', 'type': 'ExtraTreesRegressor'}",5,"['pe_T2W10', 'l2_T2W10', 'l3_T2W10', 'z_pe_T2W10', 'z_l3_T2W10']",,,,,,,,,,,,,,,pruned,False,PRUNED
705,6.687951429475665,2026-06-10 21:44:52.525464,2026-06-10 21:44:56.832944,0 days 00:00:04.307480,,,,,,,,,,,,,,,RandomForestRegressor,18.0,,2.0,3.0,336.0,4,,,,,,,,True,,,,,,,,,,,,,,,,,,,,,,,,,,,,,,,,,,,,,,,,,,,,,RandomForestRegressor,"{'mode': 'original', 'type': 'RandomForestRegressor'}",4,"['pe_T2W10', 'lsc_T2W10', 'diameter_T2W10', 'z_l3_T2W10']",,,,,,,,,,,,,,,pruned,True,PRUNED
706,6.603537414965987,2026-06-10 21:44:56.843565,2026-06-10 21:44:57.095896,0 days 00:00:00.252331,,,,,,,,,,,manhattan,15.0,uniform,,KNeighborsRegressor,,,,,,2,7.0,3.0,7.0,20.0,,,ExtraTrees,,,,,,,,,,,,,,,,,,,,,,,,,,,,,,,,,,,,,,,,,,,,,,KNeighborsRegressor,"{'mode': 'proxy', 'type': 'ExtraTrees'}",2,"['pe_T2W10', 'diameter_T2W10']",,,,,,,,,,,,,,,pruned,True,PRUNED
707,6.591836734693878,2026-06-10 21:44:57.105916,2026-06-10 21:44:57.411046,0 days 00:00:00.305130,,,,,,,,,,,manhattan,15.0,uniform,,KNeighborsRegressor,,,,,,3,7.0,3.0,6.0,20.0,,,ExtraTrees,,,,,,,,,,,,,,,,,,,,,,,,,,,,,,,,,,,,,,,,,,,,,,KNeighborsRegressor,"{'mode': 'proxy', 'type': 'ExtraTrees'}",3,"['pe_T2W10', 'asp_T2W10', 'z_l3_T2W10']",,,,,,,,,,,,,,,pruned,True,PRUNED
708,6.457460906440497,2026-06-10 21:44:57.420804,2026-06-10 21:44:57.765254,0 days 00:00:00.344450,,,,,,,,,,,manhattan,14.0,uniform,,KNeighborsRegressor,,,,,,5,7.0,3.0,6.0,20.0,,,ExtraTrees,,,,,,,,,,,,,,,,,,,,,,,,,,,,,,,,,,,,,,,,,,,,,,KNeighborsRegressor,"{'mode': 'proxy', 'type': 'ExtraTrees'}",5,"['pe_T2W10', 'l2_T2W10', 'diameter_T2W10', 'asp_T2W10', 'z_l3_T2W10']",,,,,,,,,,,,,,,pruned,True,PRUNED
709,6.727040816326531,2026-06-10 21:44:57.775190,2026-06-10 21:44:58.075893,0 days 00:00:00.300703,,,,,,,,,,,minkowski,16.0,uniform,,KNeighborsRegressor,,,,,,4,7.0,3.0,7.0,20.0,,,ExtraTrees,,,,,,,,,,,,,,,,,,,,,,,,,,,,,,,,,,,,,,,,,,,,,,KNeighborsRegressor,"{'mode': 'proxy', 'type': 'ExtraTrees'}",4,"['pe_T2W10', 'diameter_T2W10', 'z_pe_T2W10', 'z_l3_T2W10']",,,,,,,,,,,,,,,pruned,True,PRUNED
710,6.38169449598021,2026-06-10 21:44:58.085699,2026-06-10 21:44:59.890582,0 days 00:00:01.804883,,,,,,,,,,,manhattan,15.0,uniform,,KNeighborsRegressor,,,,,,4,8.0,3.0,5.0,20.0,,,ExtraTrees,,0.018539220615816726,0.033664020757608375,98.0,0.02610162068671255,0.007562400070895825,0.037916938611519055,1.9844674545084815,6.316283314188322,6.4471056777720985,98.0,6.38169449598021,0.0654111817918879,0.32796357522197694,1.9844674545084815,142498577772807.47,332958748379329.6,98.0,237728663076068.56,95230085303261.1,477471869322267.0,1.9844674545084815,17.490536033988263,18.09868955523733,98.0,17.794612794612796,0.3040767606245316,1.5246032684996735,1.9844674545084815,5.738008924363327,5.977815991461591,98.0,5.857912457912459,0.1199035335491315,0.6011814871291359,1.9844674545084815,99.0,0.45454545454545453,-0.012397994689645263,0.017395595170014277,98.0,0.002498800240184507,0.01489679492982977,0.07469068729073916,1.9844674545084815,KNeighborsRegressor,"{'mode': 'proxy', 'type': 'ExtraTrees'}",4,"['pe_T2W10', 'diameter_T2W10', 'asp_T2W10', 'z_l3_T2W10']",0.1415754991475786,0.19078115883771823,98.0,0.16617832899264842,0.02460282984506982,0.12335554587958426,1.9844674545084815,7.649304248369289,7.805587754635189,98.0,7.727446001502239,0.07814175313295062,0.39179308536470847,1.9844674545084815,completed,True,COMPLETE
711,6.7353218210361065,2026-06-10 21:44:59.903460,2026-06-10 21:45:00.142024,0 days 00:00:00.238564,,,,,,,,,,,manhattan,13.0,uniform,,KNeighborsRegressor,,,,,,15,7.0,3.0,6.0,20.0,,,ExtraTrees,,,,,,,,,,,,,,,,,,,,,,,,,,,,,,,,,,,,,,,,,,,,,,KNeighborsRegressor,"{'mode': 'proxy', 'type': 'ExtraTrees'}",15,"['nodes_T2W10', 'pe_T2W10', 'l2_T2W10', 'l3_T2W10', 'lcc_T2W10', 'atd_T2W10', 'density_T2W10', 'diameter_T2W10', 'asp_T2W10', 'z_re_T2W10', 'z_pe_T2W10', 'z_l2_T2W10', 'z_l3_T2W10', 'z_lsc_T2W10', 'z_density_T2W10']",,,,,,,,,,,,,,,pruned,True,PRUNED
712,6.58874458874459,2026-06-10 21:45:00.152187,2026-06-10 21:45:00.475323,0 days 00:00:00.323136,,,,,,,,,,,manhattan,15.0,uniform,,KNeighborsRegressor,,,,,,3,6.0,3.0,6.0,20.0,,,ExtraTrees,,,,,,,,,,,,,,,,,,,,,,,,,,,,,,,,,,,,,,,,,,,,,,KNeighborsRegressor,"{'mode': 'proxy', 'type': 'ExtraTrees'}",3,"['pe_T2W10', 'l2_T2W10', 'z_pe_T2W10']",,,,,,,,,,,,,,,pruned,True,PRUNED
713,6.84517006802721,2026-06-10 21:45:00.485293,2026-06-10 21:45:00.713954,0 days 00:00:00.228661,,,,,,,,,,,manhattan,15.0,uniform,,KNeighborsRegressor,,,,,,4,4.0,3.0,6.0,20.0,,,ExtraTrees,,,,,,,,,,,,,,,,,,,,,,,,,,,,,,,,,,,,,,,,,,,,,,KNeighborsRegressor,"{'mode': 'proxy', 'type': 'ExtraTrees'}",4,"['pe_T2W10', 'z_pe_T2W10', 'z_l3_T2W10', 'z_density_T2W10']",,,,,,,,,,,,,,,pruned,True,PRUNED
714,6.406734988367641,2026-06-10 21:45:00.723971,2026-06-10 21:45:02.627566,0 days 00:00:01.903595,,,,,,,,,,,manhattan,14.0,uniform,,KNeighborsRegressor,,,,,,4,7.0,3.0,6.0,20.0,,,ExtraTrees,,0.014637702359712304,0.03011241924414794,98.0,0.02237506080193012,0.007737358442217818,0.03879415824586743,1.9844674545084815,6.3379345986238285,6.475535378111454,98.0,6.406734988367641,0.0688003897438124,0.34495664470389487,1.9844674545084815,141432243186008.5,330320381443873.6,98.0,235876312314941.06,94444069128932.55,473530881441398.9,1.9844674545084815,17.699026674500228,18.29520131972777,98.0,17.997113997114,0.29808732261376963,1.4945729671082457,1.9844674545084815,5.71616477299743,5.963488906656251,98.0,5.8398268398268405,0.12366206682941054,0.6200263081279819,1.9844674545084815,99.0,0.48484848484848486,-0.021896473429688854,0.008231616655267596,98.0,-0.006832428387210628,0.015064045042478224,0.07552925866948267,1.9844674545084815,KNeighborsRegressor,"{'mode': 'proxy', 'type': 'ExtraTrees'}",4,"['pe_T2W10', 'diameter_T2W10', 'asp_T2W10', 'z_l3_T2W10']",0.13097602487910392,0.17982393135081437,98.0,0.15539997811495915,0.024423953235855222,0.12245868068506367,1.9844674545084815,7.683555456612634,7.8444507729158595,98.0,7.764003114764247,0.08044765815161302,0.4033546079259261,1.9844674545084815,completed,True,COMPLETE
715,6.55891156462585,2026-06-10 21:45:02.642583,2026-06-10 21:45:02.906617,0 days 00:00:00.264034,,,,,,,,,,,manhattan,15.0,uniform,,KNeighborsRegressor,,,,,,4,6.0,3.0,6.0,20.0,,,ExtraTrees,,,,,,,,,,,,,,,,,,,,,,,,,,,,,,,,,,,,,,,,,,,,,,KNeighborsRegressor,"{'mode': 'proxy', 'type': 'ExtraTrees'}",4,"['pe_T2W10', 'l2_T2W10', 'z_pe_T2W10', 'z_density_T2W10']",,,,,,,,,,,,,,,pruned,True,PRUNED
716,6.496916232073515,2026-06-10 21:45:02.922682,2026-06-10 21:45:03.120797,0 days 00:00:00.198115,,,,,,,,,,,,,,0.022038044682088722,QuantileRegressor,,,,,,5,,,,,,,,False,,,,,,,,,,,,,,,,,,,,,,,,,,,,,,,,,,,,,,,,,,,,,QuantileRegressor,"{'mode': 'original', 'type': 'QuantileRegressor'}",5,"['diameter_T2W10', 'z_pe_T2W10', 'z_density_T2W10', 'z_diameter_T2W10', 'z_asp_T2W10']",,,,,,,,,,,,,,,pruned,False,PRUNED
717,6.618877551020408,2026-06-10 21:45:03.131525,2026-06-10 21:45:03.310378,0 days 00:00:00.178853,,,,,,,,,,,manhattan,16.0,uniform,,KNeighborsRegressor,,,,,,3,,,,,0.9134017257772267,0.00011299009987774911,LinearSVR,,,,,,,,,,,,,,,,,,,,,,,,,,,,,,,,,,,,,,,,,,,,,,KNeighborsRegressor,"{'mode': 'proxy', 'type': 'LinearSVR'}",3,"['l1_T2W10', 'lsc_T2W10', 'z_l3_T2W10']",,,,,,,,,,,,,,,pruned,True,PRUNED
718,6.47005035780546,2026-06-10 21:45:03.320204,2026-06-10 21:45:03.726789,0 days 00:00:00.406585,,,,,,,,,,,manhattan,14.0,uniform,,KNeighborsRegressor,,,,,,5,8.0,3.0,6.0,20.0,,,ExtraTrees,,,,,,,,,,,,,,,,,,,,,,,,,,,,,,,,,,,,,,,,,,,,,,KNeighborsRegressor,"{'mode': 'proxy', 'type': 'ExtraTrees'}",5,"['pe_T2W10', 'diameter_T2W10', 'asp_T2W10', 'z_pe_T2W10', 'z_l3_T2W10']",,,,,,,,,,,,,,,pruned,True,PRUNED
719,7.649213371662351,2026-06-10 21:45:03.741298,2026-06-10 21:45:03.872917,0 days 00:00:00.131619,16.0,2.0,14.0,,,,,,,,,,,,DecisionTreeRegressor,,,,,,5,,,,,,,,True,,,,,,,,,,,,,,,,,,,,,,,,,,,,,,,,,,,,,,,,,,,,,DecisionTreeRegressor,"{'mode': 'original', 'type': 'DecisionTreeRegressor'}",5,"['pe_T2W10', 'lsc_T2W10', 'density_T2W10', 'diameter_T2W10', 'asp_T2W10']",,,,,,,,,,,,,,,pruned,True,PRUNED
720,6.591836734693878,2026-06-10 21:45:03.882682,2026-06-10 21:45:04.131274,0 days 00:00:00.248592,,,,,,,,,,,manhattan,15.0,uniform,,KNeighborsRegressor,,,,,,3,7.0,3.0,6.0,20.0,,,ExtraTrees,,,,,,,,,,,,,,,,,,,,,,,,,,,,,,,,,,,,,,,,,,,,,,KNeighborsRegressor,"{'mode': 'proxy', 'type': 'ExtraTrees'}",3,"['pe_T2W10', 'asp_T2W10', 'z_l3_T2W10']",,,,,,,,,,,,,,,pruned,True,PRUNED
721,6.38169449598021,2026-06-10 21:45:04.141194,2026-06-10 21:45:06.051690,0 days 00:00:01.910496,,,,,,,,,,,manhattan,15.0,uniform,,KNeighborsRegressor,,,,,,4,7.0,3.0,5.0,20.0,,,ExtraTrees,,0.018539220615816726,0.033664020757608375,98.0,0.02610162068671255,0.007562400070895825,0.037916938611519055,1.9844674545084815,6.316283314188322,6.4471056777720985,98.0,6.38169449598021,0.0654111817918879,0.32796357522197694,1.9844674545084815,142498577772807.47,332958748379329.6,98.0,237728663076068.56,95230085303261.1,477471869322267.0,1.9844674545084815,17.490536033988263,18.09868955523733,98.0,17.794612794612796,0.3040767606245316,1.5246032684996735,1.9844674545084815,5.738008924363327,5.977815991461591,98.0,5.857912457912459,0.1199035335491315,0.6011814871291359,1.9844674545084815,99.0,0.45454545454545453,-0.012397994689645263,0.017395595170014277,98.0,0.002498800240184507,0.01489679492982977,0.07469068729073916,1.9844674545084815,KNeighborsRegressor,"{'mode': 'proxy', 'type': 'ExtraTrees'}",4,"['pe_T2W10', 'diameter_T2W10', 'asp_T2W10', 'z_l3_T2W10']",0.1415754991475786,0.19078115883771823,98.0,0.16617832899264842,0.02460282984506982,0.12335554587958426,1.9844674545084815,7.649304248369289,7.805587754635189,98.0,7.727446001502239,0.07814175313295062,0.39179308536470847,1.9844674545084815,completed,True,COMPLETE
722,6.669642857142857,2026-06-10 21:45:06.066129,2026-06-10 21:45:06.297209,0 days 00:00:00.231080,,,,,,,,,,,manhattan,16.0,uniform,,KNeighborsRegressor,,,,,,4,7.0,3.0,12.0,20.0,,,ExtraTrees,,,,,,,,,,,,,,,,,,,,,,,,,,,,,,,,,,,,,,,,,,,,,,KNeighborsRegressor,"{'mode': 'proxy', 'type': 'ExtraTrees'}",4,"['pe_T2W10', 'diameter_T2W10', 'z_pe_T2W10', 'z_l3_T2W10']",,,,,,,,,,,,,,,pruned,True,PRUNED
723,6.6755102040816325,2026-06-10 21:45:06.308378,2026-06-10 21:45:06.530965,0 days 00:00:00.222587,,,,,,,,,,,euclidean,14.0,uniform,,KNeighborsRegressor,,,,,,11,7.0,3.0,7.0,20.0,,,ExtraTrees,,,,,,,,,,,,,,,,,,,,,,,,,,,,,,,,,,,,,,,,,,,,,,KNeighborsRegressor,"{'mode': 'proxy', 'type': 'ExtraTrees'}",11,"['pe_T2W10', 'l2_T2W10', 'lcc_T2W10', 'density_T2W10', 'diameter_T2W10', 'asp_T2W10', 'z_re_T2W10', 'z_pe_T2W10', 'z_l2_T2W10', 'z_l3_T2W10', 'z_density_T2W10']",,,,,,,,,,,,,,,pruned,True,PRUNED
724,6.534693877551021,2026-06-10 21:45:06.540885,2026-06-10 21:45:06.702792,0 days 00:00:00.161907,,,,1.2313855436471433,0.8033403752247794,,,,,,,,,,ElasticNet,,,,,,4,,,,,,,,False,,,,,,,,,,,,,,,,,,,,,,,,,,,,,,,,,,,,,,,,,,,,,ElasticNet,"{'mode': 'original', 'type': 'ElasticNet'}",4,"['z_lsc_T2W10', 'z_density_T2W10', 'z_diameter_T2W10', 'z_asp_T2W10']",,,,,,,,,,,,,,,pruned,False,PRUNED
725,6.4935064935064934,2026-06-10 21:45:06.712449,2026-06-10 21:45:07.007934,0 days 00:00:00.295485,,,,,,,,,,,manhattan,15.0,uniform,,KNeighborsRegressor,,,,,,12,7.0,3.0,6.0,20.0,,,ExtraTrees,,,,,,,,,,,,,,,,,,,,,,,,,,,,,,,,,,,,,,,,,,,,,,KNeighborsRegressor,"{'mode': 'proxy', 'type': 'ExtraTrees'}",12,"['nodes_T2W10', 'pe_T2W10', 'l2_T2W10', 'l3_T2W10', 'lcc_T2W10', 'atd_T2W10', 'diameter_T2W10', 'asp_T2W10', 'z_l2_T2W10', 'z_l3_T2W10', 'z_lsc_T2W10', 'z_density_T2W10']",,,,,,,,,,,,,,,pruned,True,PRUNED
726,6.591836734693878,2026-06-10 21:45:07.018168,2026-06-10 21:45:07.263091,0 days 00:00:00.244923,,,,,,,,,,,manhattan,15.0,uniform,,KNeighborsRegressor,,,,,,3,7.0,3.0,6.0,20.0,,,ExtraTrees,,,,,,,,,,,,,,,,,,,,,,,,,,,,,,,,,,,,,,,,,,,,,,KNeighborsRegressor,"{'mode': 'proxy', 'type': 'ExtraTrees'}",3,"['pe_T2W10', 'asp_T2W10', 'z_l3_T2W10']",,,,,,,,,,,,,,,pruned,True,PRUNED
727,6.714869413763475,2026-06-10 21:45:07.273184,2026-06-10 21:45:07.396842,0 days 00:00:00.123658,,,,,,,,,,,,,,,LinearRegression,,,,,,4,,,,,,,,True,,,,,,,,,,,,,,,,,,,,,,,,,,,,,,,,,,,,,,,,,,,,,LinearRegression,"{'mode': 'original', 'type': 'LinearRegression'}",4,"['nodes_T2W10', 'density_T2W10', 'diameter_T2W10', 'asp_T2W10']",,,,,,,,,,,,,,,pruned,True,PRUNED
728,6.457460906440497,2026-06-10 21:45:07.406761,2026-06-10 21:45:07.758133,0 days 00:00:00.351372,,,,,,,,,,,manhattan,14.0,uniform,,KNeighborsRegressor,,,,,,5,7.0,3.0,6.0,20.0,,,ExtraTrees,,,,,,,,,,,,,,,,,,,,,,,,,,,,,,,,,,,,,,,,,,,,,,KNeighborsRegressor,"{'mode': 'proxy', 'type': 'ExtraTrees'}",5,"['pe_T2W10', 'l2_T2W10', 'diameter_T2W10', 'asp_T2W10', 'z_l3_T2W10']",,,,,,,,,,,,,,,pruned,True,PRUNED
729,6.680357142857143,2026-06-10 21:45:07.769614,2026-06-10 21:45:08.222463,0 days 00:00:00.452849,,,,,,,,,,,manhattan,16.0,uniform,,KNeighborsRegressor,,,,,,4,7.0,3.0,6.0,70.0,,,ExtraTrees,,,,,,,,,,,,,,,,,,,,,,,,,,,,,,,,,,,,,,,,,,,,,,KNeighborsRegressor,"{'mode': 'proxy', 'type': 'ExtraTrees'}",4,"['pe_T2W10', 'asp_T2W10', 'z_pe_T2W10', 'z_l3_T2W10']",,,,,,,,,,,,,,,pruned,True,PRUNED
730,6.457460906440497,2026-06-10 21:45:08.232405,2026-06-10 21:45:08.574071,0 days 00:00:00.341666,,,,,,,,,,,manhattan,14.0,uniform,,KNeighborsRegressor,,,,,,5,7.0,3.0,6.0,20.0,,,ExtraTrees,,,,,,,,,,,,,,,,,,,,,,,,,,,,,,,,,,,,,,,,,,,,,,KNeighborsRegressor,"{'mode': 'proxy', 'type': 'ExtraTrees'}",5,"['pe_T2W10', 'l2_T2W10', 'diameter_T2W10', 'asp_T2W10', 'z_l3_T2W10']",,,,,,,,,,,,,,,pruned,True,PRUNED
