number,value,datetime_start,datetime_complete,duration,params_dt_max_depth,params_dt_min_samples_leaf,params_dt_min_samples_split,params_elastic_alpha,params_elastic_l1_ratio,params_et_max_depth,params_et_max_features,params_et_min_samples_leaf,params_et_min_samples_split,params_et_n_estimators,params_knn_metric,params_knn_n_neighbors,params_knn_weights,params_quantile_alpha,params_regressor,params_rf_max_depth,params_rf_max_features,params_rf_min_samples_leaf,params_rf_min_samples_split,params_rf_n_estimators,params_rfe_n_features,params_rfe_proxy_et_max_depth,params_rfe_proxy_et_min_samples_leaf,params_rfe_proxy_et_min_samples_split,params_rfe_proxy_et_n_estimators,params_rfe_proxy_lsvr_C,params_rfe_proxy_lsvr_epsilon,params_rfe_proxy_type,params_use_scaler,user_attrs_d2mae_ci_lower_val,user_attrs_d2mae_ci_upper_val,user_attrs_d2mae_df_val,user_attrs_d2mae_mean_val,user_attrs_d2mae_samperror_val,user_attrs_d2mae_std_val,user_attrs_d2mae_t_critical_val,user_attrs_mae_ci_lower_val,user_attrs_mae_ci_upper_val,user_attrs_mae_df_val,user_attrs_mae_mean_val,user_attrs_mae_samperror_val,user_attrs_mae_std_val,user_attrs_mae_t_critical_val,user_attrs_mape_ci_lower_val,user_attrs_mape_ci_upper_val,user_attrs_mape_df_val,user_attrs_mape_mean_val,user_attrs_mape_samperror_val,user_attrs_mape_std_val,user_attrs_mape_t_critical_val,user_attrs_max_error_ci_lower_val,user_attrs_max_error_ci_upper_val,user_attrs_max_error_df_val,user_attrs_max_error_mean_val,user_attrs_max_error_samperror_val,user_attrs_max_error_std_val,user_attrs_max_error_t_critical_val,user_attrs_median_ae_ci_lower_val,user_attrs_median_ae_ci_upper_val,user_attrs_median_ae_df_val,user_attrs_median_ae_mean_val,user_attrs_median_ae_samperror_val,user_attrs_median_ae_std_val,user_attrs_median_ae_t_critical_val,user_attrs_n_splits_val,user_attrs_r2_below_zero_val,user_attrs_r2_ci_lower_val,user_attrs_r2_ci_upper_val,user_attrs_r2_df_val,user_attrs_r2_mean_val,user_attrs_r2_samperror_val,user_attrs_r2_std_val,user_attrs_r2_t_critical_val,user_attrs_regressor_final,user_attrs_rfe_estimator,user_attrs_rfe_n_features,user_attrs_rfe_selected_features,user_attrs_rho_ci_lower_val,user_attrs_rho_ci_upper_val,user_attrs_rho_df_val,user_attrs_rho_mean_val,user_attrs_rho_samperror_val,user_attrs_rho_std_val,user_attrs_rho_t_critical_val,user_attrs_rmse_ci_lower_val,user_attrs_rmse_ci_upper_val,user_attrs_rmse_df_val,user_attrs_rmse_mean_val,user_attrs_rmse_samperror_val,user_attrs_rmse_std_val,user_attrs_rmse_t_critical_val,user_attrs_termination_reason,user_attrs_use_scaler_final,state
397,8.49949156285891,2026-06-10 21:02:33.060984,2026-06-10 21:02:33.190034,0 days 00:00:00.129050,14.0,1.0,12.0,,,,,,,,,,,,DecisionTreeRegressor,,,,,,5,,,,,,,,True,,,,,,,,,,,,,,,,,,,,,,,,,,,,,,,,,,,,,,,,,,,,,DecisionTreeRegressor,"{'mode': 'original', 'type': 'DecisionTreeRegressor'}",5,"['pe_T2W10', 'density_T2W10', 'diameter_T2W10', 'asp_T2W10', 'z_l2_T2W10']",,,,,,,,,,,,,,,pruned,True,PRUNED
398,6.493904055128544,2026-06-10 21:02:33.199952,2026-06-10 21:02:33.756148,0 days 00:00:00.556196,,,,,,,,,,,manhattan,14.0,uniform,,KNeighborsRegressor,,,,,,3,7.0,3.0,6.0,20.0,,,ExtraTrees,,,,,,,,,,,,,,,,,,,,,,,,,,,,,,,,,,,,,,,,,,,,,,KNeighborsRegressor,"{'mode': 'proxy', 'type': 'ExtraTrees'}",3,"['pe_T2W10', 'asp_T2W10', 'z_l3_T2W10']",,,,,,,,,,,,,,,pruned,True,PRUNED
399,6.504019789734076,2026-06-10 21:02:33.766239,2026-06-10 21:02:34.282394,0 days 00:00:00.516155,,,,,,,,,,,manhattan,15.0,uniform,,KNeighborsRegressor,,,,,,5,8.0,3.0,6.0,20.0,,,ExtraTrees,,,,,,,,,,,,,,,,,,,,,,,,,,,,,,,,,,,,,,,,,,,,,,KNeighborsRegressor,"{'mode': 'proxy', 'type': 'ExtraTrees'}",5,"['pe_T2W10', 'diameter_T2W10', 'asp_T2W10', 'z_pe_T2W10', 'z_l3_T2W10']",,,,,,,,,,,,,,,pruned,True,PRUNED
400,6.669642857142857,2026-06-10 21:02:34.292872,2026-06-10 21:02:34.720386,0 days 00:00:00.427514,,,,,,,,,,,manhattan,16.0,uniform,,KNeighborsRegressor,,,,,,4,7.0,3.0,7.0,20.0,,,ExtraTrees,,,,,,,,,,,,,,,,,,,,,,,,,,,,,,,,,,,,,,,,,,,,,,KNeighborsRegressor,"{'mode': 'proxy', 'type': 'ExtraTrees'}",4,"['pe_T2W10', 'diameter_T2W10', 'z_pe_T2W10', 'z_l3_T2W10']",,,,,,,,,,,,,,,pruned,True,PRUNED
401,6.38169449598021,2026-06-10 21:02:34.731880,2026-06-10 21:02:36.858906,0 days 00:00:02.127026,,,,,,,,,,,manhattan,15.0,uniform,,KNeighborsRegressor,,,,,,4,7.0,3.0,6.0,60.0,,,ExtraTrees,,0.018539220615816726,0.033664020757608375,98.0,0.02610162068671255,0.007562400070895825,0.037916938611519055,1.9844674545084815,6.316283314188322,6.4471056777720985,98.0,6.38169449598021,0.0654111817918879,0.32796357522197694,1.9844674545084815,142498577772807.47,332958748379329.6,98.0,237728663076068.56,95230085303261.1,477471869322267.0,1.9844674545084815,17.490536033988263,18.09868955523733,98.0,17.794612794612796,0.3040767606245316,1.5246032684996735,1.9844674545084815,5.738008924363327,5.977815991461591,98.0,5.857912457912459,0.1199035335491315,0.6011814871291359,1.9844674545084815,99.0,0.45454545454545453,-0.012397994689645263,0.017395595170014277,98.0,0.002498800240184507,0.01489679492982977,0.07469068729073916,1.9844674545084815,KNeighborsRegressor,"{'mode': 'proxy', 'type': 'ExtraTrees'}",4,"['pe_T2W10', 'diameter_T2W10', 'asp_T2W10', 'z_l3_T2W10']",0.1415754991475786,0.19078115883771823,98.0,0.16617832899264842,0.02460282984506982,0.12335554587958426,1.9844674545084815,7.649304248369289,7.805587754635189,98.0,7.727446001502239,0.07814175313295062,0.39179308536470847,1.9844674545084815,completed,True,COMPLETE
402,6.504058441558442,2026-06-10 21:02:36.871633,2026-06-10 21:02:37.462174,0 days 00:00:00.590541,,,,,,,,,,,manhattan,16.0,uniform,,KNeighborsRegressor,,,,,,3,7.0,3.0,5.0,20.0,,,ExtraTrees,,,,,,,,,,,,,,,,,,,,,,,,,,,,,,,,,,,,,,,,,,,,,,KNeighborsRegressor,"{'mode': 'proxy', 'type': 'ExtraTrees'}",3,"['pe_T2W10', 'asp_T2W10', 'z_l3_T2W10']",,,,,,,,,,,,,,,pruned,True,PRUNED
403,6.463429885618865,2026-06-10 21:02:37.471933,2026-06-10 21:02:37.698093,0 days 00:00:00.226160,,,,0.00010235957158818577,0.351779284829165,,,,,,,,,,ElasticNet,,,,,,4,,,,,,,,False,,,,,,,,,,,,,,,,,,,,,,,,,,,,,,,,,,,,,,,,,,,,,ElasticNet,"{'mode': 'original', 'type': 'ElasticNet'}",4,"['pe_T2W10', 'diameter_T2W10', 'asp_T2W10', 'z_l3_T2W10']",,,,,,,,,,,,,,,pruned,False,PRUNED
404,6.59156462585034,2026-06-10 21:02:37.707919,2026-06-10 21:02:38.164732,0 days 00:00:00.456813,,,,,,,,,,,minkowski,15.0,uniform,,KNeighborsRegressor,,,,,,5,8.0,3.0,6.0,20.0,,,ExtraTrees,,,,,,,,,,,,,,,,,,,,,,,,,,,,,,,,,,,,,,,,,,,,,,KNeighborsRegressor,"{'mode': 'proxy', 'type': 'ExtraTrees'}",5,"['pe_T2W10', 'diameter_T2W10', 'asp_T2W10', 'z_pe_T2W10', 'z_l3_T2W10']",,,,,,,,,,,,,,,pruned,True,PRUNED
405,6.544791942751126,2026-06-10 21:02:38.174630,2026-06-10 21:02:38.737998,0 days 00:00:00.563368,,,,,,,,,,,manhattan,14.0,uniform,,KNeighborsRegressor,,,,,,2,7.0,3.0,6.0,20.0,,,ExtraTrees,,,,,,,,,,,,,,,,,,,,,,,,,,,,,,,,,,,,,,,,,,,,,,KNeighborsRegressor,"{'mode': 'proxy', 'type': 'ExtraTrees'}",2,"['pe_T2W10', 'z_l3_T2W10']",,,,,,,,,,,,,,,pruned,True,PRUNED
406,7.6938775510204085,2026-06-10 21:02:38.747767,2026-06-10 21:02:38.901599,0 days 00:00:00.153832,,,,,,,,,,,manhattan,1.0,uniform,,KNeighborsRegressor,,,,,,3,,,,,0.0035396349098707597,0.6493589304128204,LinearSVR,,,,,,,,,,,,,,,,,,,,,,,,,,,,,,,,,,,,,,,,,,,,,,KNeighborsRegressor,"{'mode': 'proxy', 'type': 'LinearSVR'}",3,"['edges_T2W10', 'atd_T2W10', 'density_T2W10']",,,,,,,,,,,,,,,pruned,True,PRUNED
407,6.714869413763475,2026-06-10 21:02:38.911143,2026-06-10 21:02:39.039961,0 days 00:00:00.128818,,,,,,,,,,,,,,,LinearRegression,,,,,,4,,,,,,,,True,,,,,,,,,,,,,,,,,,,,,,,,,,,,,,,,,,,,,,,,,,,,,LinearRegression,"{'mode': 'original', 'type': 'LinearRegression'}",4,"['nodes_T2W10', 'density_T2W10', 'diameter_T2W10', 'asp_T2W10']",,,,,,,,,,,,,,,pruned,True,PRUNED
408,6.55891156462585,2026-06-10 21:02:39.072764,2026-06-10 21:02:39.576957,0 days 00:00:00.504193,,,,,,,,,,,manhattan,15.0,uniform,,KNeighborsRegressor,,,,,,4,6.0,3.0,6.0,20.0,,,ExtraTrees,,,,,,,,,,,,,,,,,,,,,,,,,,,,,,,,,,,,,,,,,,,,,,KNeighborsRegressor,"{'mode': 'proxy', 'type': 'ExtraTrees'}",4,"['pe_T2W10', 'l2_T2W10', 'z_pe_T2W10', 'z_density_T2W10']",,,,,,,,,,,,,,,pruned,True,PRUNED
409,6.631397174254317,2026-06-10 21:02:39.587058,2026-06-10 21:02:40.020026,0 days 00:00:00.432968,,,,,,,,,,,manhattan,13.0,uniform,,KNeighborsRegressor,,,,,,6,7.0,3.0,6.0,20.0,,,ExtraTrees,,,,,,,,,,,,,,,,,,,,,,,,,,,,,,,,,,,,,,,,,,,,,,KNeighborsRegressor,"{'mode': 'proxy', 'type': 'ExtraTrees'}",6,"['pe_T2W10', 'l2_T2W10', 'l3_T2W10', 'diameter_T2W10', 'asp_T2W10', 'z_l3_T2W10']",,,,,,,,,,,,,,,pruned,True,PRUNED
410,6.493904055128544,2026-06-10 21:02:40.029931,2026-06-10 21:02:40.708606,0 days 00:00:00.678675,,,,,,,,,,,manhattan,14.0,uniform,,KNeighborsRegressor,,,,,,3,7.0,3.0,6.0,20.0,,,ExtraTrees,,,,,,,,,,,,,,,,,,,,,,,,,,,,,,,,,,,,,,,,,,,,,,KNeighborsRegressor,"{'mode': 'proxy', 'type': 'ExtraTrees'}",3,"['pe_T2W10', 'asp_T2W10', 'z_l3_T2W10']",,,,,,,,,,,,,,,pruned,True,PRUNED
411,6.466604823747682,2026-06-10 21:02:40.749380,2026-06-10 21:02:41.247266,0 days 00:00:00.497886,,,,,,,,,,,manhattan,16.0,uniform,,KNeighborsRegressor,,,,,,5,7.0,3.0,6.0,20.0,,,ExtraTrees,,,,,,,,,,,,,,,,,,,,,,,,,,,,,,,,,,,,,,,,,,,,,,KNeighborsRegressor,"{'mode': 'proxy', 'type': 'ExtraTrees'}",5,"['pe_T2W10', 'l2_T2W10', 'diameter_T2W10', 'asp_T2W10', 'z_l3_T2W10']",,,,,,,,,,,,,,,pruned,True,PRUNED
412,6.472638563609641,2026-06-10 21:02:41.257135,2026-06-10 21:02:46.003271,0 days 00:00:04.746136,,,,,,8.0,,3.0,4.0,336.0,,,,,ExtraTreesRegressor,,,,,,4,,,,,,,,False,,,,,,,,,,,,,,,,,,,,,,,,,,,,,,,,,,,,,,,,,,,,,ExtraTreesRegressor,"{'mode': 'original', 'type': 'ExtraTreesRegressor'}",4,"['pe_T2W10', 'diameter_T2W10', 'asp_T2W10', 'z_l3_T2W10']",,,,,,,,,,,,,,,pruned,False,PRUNED
413,6.38169449598021,2026-06-10 21:02:46.013635,2026-06-10 21:02:48.093943,0 days 00:00:02.080308,,,,,,,,,,,manhattan,15.0,uniform,,KNeighborsRegressor,,,,,,4,8.0,3.0,5.0,20.0,,,ExtraTrees,,0.018539220615816726,0.033664020757608375,98.0,0.02610162068671255,0.007562400070895825,0.037916938611519055,1.9844674545084815,6.316283314188322,6.4471056777720985,98.0,6.38169449598021,0.0654111817918879,0.32796357522197694,1.9844674545084815,142498577772807.47,332958748379329.6,98.0,237728663076068.56,95230085303261.1,477471869322267.0,1.9844674545084815,17.490536033988263,18.09868955523733,98.0,17.794612794612796,0.3040767606245316,1.5246032684996735,1.9844674545084815,5.738008924363327,5.977815991461591,98.0,5.857912457912459,0.1199035335491315,0.6011814871291359,1.9844674545084815,99.0,0.45454545454545453,-0.012397994689645263,0.017395595170014277,98.0,0.002498800240184507,0.01489679492982977,0.07469068729073916,1.9844674545084815,KNeighborsRegressor,"{'mode': 'proxy', 'type': 'ExtraTrees'}",4,"['pe_T2W10', 'diameter_T2W10', 'asp_T2W10', 'z_l3_T2W10']",0.1415754991475786,0.19078115883771823,98.0,0.16617832899264842,0.02460282984506982,0.12335554587958426,1.9844674545084815,7.649304248369289,7.805587754635189,98.0,7.727446001502239,0.07814175313295062,0.39179308536470847,1.9844674545084815,completed,True,COMPLETE
414,6.65706404762297,2026-06-10 21:02:48.106642,2026-06-10 21:02:49.957862,0 days 00:00:01.851220,,,,,,,,,,,,,,,RandomForestRegressor,17.0,,2.0,11.0,123.0,3,,,,,,,,True,,,,,,,,,,,,,,,,,,,,,,,,,,,,,,,,,,,,,,,,,,,,,RandomForestRegressor,"{'mode': 'original', 'type': 'RandomForestRegressor'}",3,"['pe_T2W10', 'diameter_T2W10', 'z_l3_T2W10']",,,,,,,,,,,,,,,pruned,True,PRUNED
415,6.72430426716141,2026-06-10 21:02:49.967709,2026-06-10 21:02:50.256669,0 days 00:00:00.288960,,,,,,,,,,,manhattan,11.0,uniform,,KNeighborsRegressor,,,,,,15,6.0,3.0,6.0,20.0,,,ExtraTrees,,,,,,,,,,,,,,,,,,,,,,,,,,,,,,,,,,,,,,,,,,,,,,KNeighborsRegressor,"{'mode': 'proxy', 'type': 'ExtraTrees'}",15,"['nodes_T2W10', 'pe_T2W10', 'l2_T2W10', 'l3_T2W10', 'lcc_T2W10', 'density_T2W10', 'diameter_T2W10', 'asp_T2W10', 'z_re_T2W10', 'z_pe_T2W10', 'z_l1_T2W10', 'z_l2_T2W10', 'z_l3_T2W10', 'z_density_T2W10', 'z_asp_T2W10']",,,,,,,,,,,,,,,pruned,True,PRUNED
416,6.678911564625851,2026-06-10 21:02:50.266506,2026-06-10 21:02:50.716086,0 days 00:00:00.449580,,,,,,,,,,,manhattan,15.0,uniform,,KNeighborsRegressor,,,,,,4,7.0,3.0,7.0,20.0,,,ExtraTrees,,,,,,,,,,,,,,,,,,,,,,,,,,,,,,,,,,,,,,,,,,,,,,KNeighborsRegressor,"{'mode': 'proxy', 'type': 'ExtraTrees'}",4,"['pe_T2W10', 'diameter_T2W10', 'z_pe_T2W10', 'z_l3_T2W10']",,,,,,,,,,,,,,,pruned,True,PRUNED
417,6.580867346938776,2026-06-10 21:02:50.726944,2026-06-10 21:02:51.221020,0 days 00:00:00.494076,,,,,,,,,,,euclidean,16.0,uniform,,KNeighborsRegressor,,,,,,5,7.0,3.0,6.0,20.0,,,ExtraTrees,,,,,,,,,,,,,,,,,,,,,,,,,,,,,,,,,,,,,,,,,,,,,,KNeighborsRegressor,"{'mode': 'proxy', 'type': 'ExtraTrees'}",5,"['pe_T2W10', 'l2_T2W10', 'diameter_T2W10', 'asp_T2W10', 'z_l3_T2W10']",,,,,,,,,,,,,,,pruned,True,PRUNED
418,6.406734988367641,2026-06-10 21:02:51.230651,2026-06-10 21:02:53.187099,0 days 00:00:01.956448,,,,,,,,,,,manhattan,14.0,uniform,,KNeighborsRegressor,,,,,,4,7.0,3.0,6.0,20.0,,,ExtraTrees,,0.014637702359712304,0.03011241924414794,98.0,0.02237506080193012,0.007737358442217818,0.03879415824586743,1.9844674545084815,6.3379345986238285,6.475535378111454,98.0,6.406734988367641,0.0688003897438124,0.34495664470389487,1.9844674545084815,141432243186008.5,330320381443873.6,98.0,235876312314941.06,94444069128932.55,473530881441398.9,1.9844674545084815,17.699026674500228,18.29520131972777,98.0,17.997113997114,0.29808732261376963,1.4945729671082457,1.9844674545084815,5.71616477299743,5.963488906656251,98.0,5.8398268398268405,0.12366206682941054,0.6200263081279819,1.9844674545084815,99.0,0.48484848484848486,-0.021896473429688854,0.008231616655267596,98.0,-0.006832428387210628,0.015064045042478224,0.07552925866948267,1.9844674545084815,KNeighborsRegressor,"{'mode': 'proxy', 'type': 'ExtraTrees'}",4,"['pe_T2W10', 'diameter_T2W10', 'asp_T2W10', 'z_l3_T2W10']",0.13097602487910392,0.17982393135081437,98.0,0.15539997811495915,0.024423953235855222,0.12245868068506367,1.9844674545084815,7.683555456612634,7.8444507729158595,98.0,7.764003114764247,0.08044765815161302,0.4033546079259261,1.9844674545084815,completed,True,COMPLETE
419,6.462832405689548,2026-06-10 21:02:53.199810,2026-06-10 21:02:53.714506,0 days 00:00:00.514696,,,,,,,,,,,manhattan,15.0,uniform,,KNeighborsRegressor,,,,,,5,9.0,3.0,6.0,20.0,,,ExtraTrees,,,,,,,,,,,,,,,,,,,,,,,,,,,,,,,,,,,,,,,,,,,,,,KNeighborsRegressor,"{'mode': 'proxy', 'type': 'ExtraTrees'}",5,"['pe_T2W10', 'l2_T2W10', 'diameter_T2W10', 'asp_T2W10', 'z_l3_T2W10']",,,,,,,,,,,,,,,pruned,True,PRUNED
420,6.38169449598021,2026-06-10 21:02:53.724373,2026-06-10 21:02:55.749026,0 days 00:00:02.024653,,,,,,,,,,,manhattan,15.0,uniform,,KNeighborsRegressor,,,,,,4,7.0,3.0,6.0,20.0,,,ExtraTrees,,0.018539220615816726,0.033664020757608375,98.0,0.02610162068671255,0.007562400070895825,0.037916938611519055,1.9844674545084815,6.316283314188322,6.4471056777720985,98.0,6.38169449598021,0.0654111817918879,0.32796357522197694,1.9844674545084815,142498577772807.47,332958748379329.6,98.0,237728663076068.56,95230085303261.1,477471869322267.0,1.9844674545084815,17.490536033988263,18.09868955523733,98.0,17.794612794612796,0.3040767606245316,1.5246032684996735,1.9844674545084815,5.738008924363327,5.977815991461591,98.0,5.857912457912459,0.1199035335491315,0.6011814871291359,1.9844674545084815,99.0,0.45454545454545453,-0.012397994689645263,0.017395595170014277,98.0,0.002498800240184507,0.01489679492982977,0.07469068729073916,1.9844674545084815,KNeighborsRegressor,"{'mode': 'proxy', 'type': 'ExtraTrees'}",4,"['pe_T2W10', 'diameter_T2W10', 'asp_T2W10', 'z_l3_T2W10']",0.1415754991475786,0.19078115883771823,98.0,0.16617832899264842,0.02460282984506982,0.12335554587958426,1.9844674545084815,7.649304248369289,7.805587754635189,98.0,7.727446001502239,0.07814175313295062,0.39179308536470847,1.9844674545084815,completed,True,COMPLETE
421,6.504058441558442,2026-06-10 21:02:55.761584,2026-06-10 21:02:56.301634,0 days 00:00:00.540050,,,,,,,,,,,manhattan,16.0,uniform,,KNeighborsRegressor,,,,,,3,7.0,3.0,6.0,20.0,,,ExtraTrees,,,,,,,,,,,,,,,,,,,,,,,,,,,,,,,,,,,,,,,,,,,,,,KNeighborsRegressor,"{'mode': 'proxy', 'type': 'ExtraTrees'}",3,"['pe_T2W10', 'asp_T2W10', 'z_l3_T2W10']",,,,,,,,,,,,,,,pruned,True,PRUNED
422,6.678911564625851,2026-06-10 21:02:56.311733,2026-06-10 21:02:56.851809,0 days 00:00:00.540076,,,,,,,,,,,manhattan,15.0,uniform,,KNeighborsRegressor,,,,,,4,7.0,3.0,7.0,20.0,,,ExtraTrees,,,,,,,,,,,,,,,,,,,,,,,,,,,,,,,,,,,,,,,,,,,,,,KNeighborsRegressor,"{'mode': 'proxy', 'type': 'ExtraTrees'}",4,"['pe_T2W10', 'diameter_T2W10', 'z_pe_T2W10', 'z_l3_T2W10']",,,,,,,,,,,,,,,pruned,True,PRUNED
423,6.504019789734076,2026-06-10 21:02:56.861544,2026-06-10 21:02:57.358395,0 days 00:00:00.496851,,,,,,,,,,,manhattan,15.0,uniform,,KNeighborsRegressor,,,,,,5,8.0,3.0,5.0,20.0,,,ExtraTrees,,,,,,,,,,,,,,,,,,,,,,,,,,,,,,,,,,,,,,,,,,,,,,KNeighborsRegressor,"{'mode': 'proxy', 'type': 'ExtraTrees'}",5,"['pe_T2W10', 'diameter_T2W10', 'asp_T2W10', 'z_pe_T2W10', 'z_l3_T2W10']",,,,,,,,,,,,,,,pruned,True,PRUNED
424,6.406734988367641,2026-06-10 21:02:57.368514,2026-06-10 21:02:59.592068,0 days 00:00:02.223554,,,,,,,,,,,manhattan,14.0,uniform,,KNeighborsRegressor,,,,,,4,7.0,3.0,6.0,20.0,,,ExtraTrees,,0.014637702359712304,0.03011241924414794,98.0,0.02237506080193012,0.007737358442217818,0.03879415824586743,1.9844674545084815,6.3379345986238285,6.475535378111454,98.0,6.406734988367641,0.0688003897438124,0.34495664470389487,1.9844674545084815,141432243186008.5,330320381443873.6,98.0,235876312314941.06,94444069128932.55,473530881441398.9,1.9844674545084815,17.699026674500228,18.29520131972777,98.0,17.997113997114,0.29808732261376963,1.4945729671082457,1.9844674545084815,5.71616477299743,5.963488906656251,98.0,5.8398268398268405,0.12366206682941054,0.6200263081279819,1.9844674545084815,99.0,0.48484848484848486,-0.021896473429688854,0.008231616655267596,98.0,-0.006832428387210628,0.015064045042478224,0.07552925866948267,1.9844674545084815,KNeighborsRegressor,"{'mode': 'proxy', 'type': 'ExtraTrees'}",4,"['pe_T2W10', 'diameter_T2W10', 'asp_T2W10', 'z_l3_T2W10']",0.13097602487910392,0.17982393135081437,98.0,0.15539997811495915,0.024423953235855222,0.12245868068506367,1.9844674545084815,7.683555456612634,7.8444507729158595,98.0,7.764003114764247,0.08044765815161302,0.4033546079259261,1.9844674545084815,completed,True,COMPLETE
425,6.504058441558442,2026-06-10 21:02:59.604770,2026-06-10 21:03:00.184836,0 days 00:00:00.580066,,,,,,,,,,,manhattan,16.0,uniform,,KNeighborsRegressor,,,,,,3,7.0,3.0,6.0,20.0,,,ExtraTrees,,,,,,,,,,,,,,,,,,,,,,,,,,,,,,,,,,,,,,,,,,,,,,KNeighborsRegressor,"{'mode': 'proxy', 'type': 'ExtraTrees'}",3,"['pe_T2W10', 'asp_T2W10', 'z_l3_T2W10']",,,,,,,,,,,,,,,pruned,True,PRUNED
426,7.64248708207892,2026-06-10 21:03:00.216418,2026-06-10 21:03:00.345604,0 days 00:00:00.129186,17.0,2.0,17.0,,,,,,,,,,,,DecisionTreeRegressor,,,,,,4,,,,,,,,False,,,,,,,,,,,,,,,,,,,,,,,,,,,,,,,,,,,,,,,,,,,,,DecisionTreeRegressor,"{'mode': 'original', 'type': 'DecisionTreeRegressor'}",4,"['pe_T2W10', 'density_T2W10', 'diameter_T2W10', 'asp_T2W10']",,,,,,,,,,,,,,,pruned,False,PRUNED
427,6.504019789734076,2026-06-10 21:03:00.355554,2026-06-10 21:03:00.924552,0 days 00:00:00.568998,,,,,,,,,,,manhattan,15.0,uniform,,KNeighborsRegressor,,,,,,5,6.0,5.0,6.0,20.0,,,ExtraTrees,,,,,,,,,,,,,,,,,,,,,,,,,,,,,,,,,,,,,,,,,,,,,,KNeighborsRegressor,"{'mode': 'proxy', 'type': 'ExtraTrees'}",5,"['pe_T2W10', 'diameter_T2W10', 'asp_T2W10', 'z_pe_T2W10', 'z_l3_T2W10']",,,,,,,,,,,,,,,pruned,True,PRUNED
428,6.538775510204083,2026-06-10 21:03:00.934583,2026-06-10 21:03:01.152269,0 days 00:00:00.217686,,,,,,,,,,,,,,0.13626768181826523,QuantileRegressor,,,,,,2,,,,,,,,True,,,,,,,,,,,,,,,,,,,,,,,,,,,,,,,,,,,,,,,,,,,,,QuantileRegressor,"{'mode': 'original', 'type': 'QuantileRegressor'}",2,"['z_diameter_T2W10', 'z_asp_T2W10']",,,,,,,,,,,,,,,pruned,True,PRUNED
429,6.821574344023324,2026-06-10 21:03:01.162000,2026-06-10 21:03:01.300574,0 days 00:00:00.138574,,,,,,,,,,,manhattan,14.0,uniform,,KNeighborsRegressor,,,,,,3,,,,,3.5304309895125376,0.0023246902765741116,LinearSVR,,,,,,,,,,,,,,,,,,,,,,,,,,,,,,,,,,,,,,,,,,,,,,KNeighborsRegressor,"{'mode': 'proxy', 'type': 'LinearSVR'}",3,"['nodes_T2W10', 'pe_T2W10', 'density_T2W10']",,,,,,,,,,,,,,,pruned,True,PRUNED
430,6.69795918367347,2026-06-10 21:03:01.310346,2026-06-10 21:03:01.798210,0 days 00:00:00.487864,,,,,,,,,,,minkowski,15.0,uniform,,KNeighborsRegressor,,,,,,4,7.0,3.0,6.0,30.0,,,ExtraTrees,,,,,,,,,,,,,,,,,,,,,,,,,,,,,,,,,,,,,,,,,,,,,,KNeighborsRegressor,"{'mode': 'proxy', 'type': 'ExtraTrees'}",4,"['pe_T2W10', 'diameter_T2W10', 'z_pe_T2W10', 'z_l3_T2W10']",,,,,,,,,,,,,,,pruned,True,PRUNED
431,6.38169449598021,2026-06-10 21:03:01.808195,2026-06-10 21:03:03.829784,0 days 00:00:02.021589,,,,,,,,,,,manhattan,15.0,uniform,,KNeighborsRegressor,,,,,,4,8.0,3.0,6.0,20.0,,,ExtraTrees,,0.018539220615816726,0.033664020757608375,98.0,0.02610162068671255,0.007562400070895825,0.037916938611519055,1.9844674545084815,6.316283314188322,6.4471056777720985,98.0,6.38169449598021,0.0654111817918879,0.32796357522197694,1.9844674545084815,142498577772807.47,332958748379329.6,98.0,237728663076068.56,95230085303261.1,477471869322267.0,1.9844674545084815,17.490536033988263,18.09868955523733,98.0,17.794612794612796,0.3040767606245316,1.5246032684996735,1.9844674545084815,5.738008924363327,5.977815991461591,98.0,5.857912457912459,0.1199035335491315,0.6011814871291359,1.9844674545084815,99.0,0.45454545454545453,-0.012397994689645263,0.017395595170014277,98.0,0.002498800240184507,0.01489679492982977,0.07469068729073916,1.9844674545084815,KNeighborsRegressor,"{'mode': 'proxy', 'type': 'ExtraTrees'}",4,"['pe_T2W10', 'diameter_T2W10', 'asp_T2W10', 'z_l3_T2W10']",0.1415754991475786,0.19078115883771823,98.0,0.16617832899264842,0.02460282984506982,0.12335554587958426,1.9844674545084815,7.649304248369289,7.805587754635189,98.0,7.727446001502239,0.07814175313295062,0.39179308536470847,1.9844674545084815,completed,True,COMPLETE
