number,value,datetime_start,datetime_complete,duration,params_dt_max_depth,params_dt_min_samples_leaf,params_dt_min_samples_split,params_elastic_alpha,params_elastic_l1_ratio,params_et_max_depth,params_et_max_features,params_et_min_samples_leaf,params_et_min_samples_split,params_et_n_estimators,params_knn_metric,params_knn_n_neighbors,params_knn_weights,params_quantile_alpha,params_regressor,params_rf_max_depth,params_rf_max_features,params_rf_min_samples_leaf,params_rf_min_samples_split,params_rf_n_estimators,params_rfe_n_features,params_rfe_proxy_et_max_depth,params_rfe_proxy_et_min_samples_leaf,params_rfe_proxy_et_min_samples_split,params_rfe_proxy_et_n_estimators,params_rfe_proxy_lsvr_C,params_rfe_proxy_lsvr_epsilon,params_rfe_proxy_type,params_use_scaler,user_attrs_d2mae_ci_lower_val,user_attrs_d2mae_ci_upper_val,user_attrs_d2mae_df_val,user_attrs_d2mae_mean_val,user_attrs_d2mae_samperror_val,user_attrs_d2mae_std_val,user_attrs_d2mae_t_critical_val,user_attrs_mae_ci_lower_val,user_attrs_mae_ci_upper_val,user_attrs_mae_df_val,user_attrs_mae_mean_val,user_attrs_mae_samperror_val,user_attrs_mae_std_val,user_attrs_mae_t_critical_val,user_attrs_mape_ci_lower_val,user_attrs_mape_ci_upper_val,user_attrs_mape_df_val,user_attrs_mape_mean_val,user_attrs_mape_samperror_val,user_attrs_mape_std_val,user_attrs_mape_t_critical_val,user_attrs_max_error_ci_lower_val,user_attrs_max_error_ci_upper_val,user_attrs_max_error_df_val,user_attrs_max_error_mean_val,user_attrs_max_error_samperror_val,user_attrs_max_error_std_val,user_attrs_max_error_t_critical_val,user_attrs_median_ae_ci_lower_val,user_attrs_median_ae_ci_upper_val,user_attrs_median_ae_df_val,user_attrs_median_ae_mean_val,user_attrs_median_ae_samperror_val,user_attrs_median_ae_std_val,user_attrs_median_ae_t_critical_val,user_attrs_n_splits_val,user_attrs_r2_below_zero_val,user_attrs_r2_ci_lower_val,user_attrs_r2_ci_upper_val,user_attrs_r2_df_val,user_attrs_r2_mean_val,user_attrs_r2_samperror_val,user_attrs_r2_std_val,user_attrs_r2_t_critical_val,user_attrs_regressor_final,user_attrs_rfe_estimator,user_attrs_rfe_n_features,user_attrs_rfe_selected_features,user_attrs_rho_ci_lower_val,user_attrs_rho_ci_upper_val,user_attrs_rho_df_val,user_attrs_rho_mean_val,user_attrs_rho_samperror_val,user_attrs_rho_std_val,user_attrs_rho_t_critical_val,user_attrs_rmse_ci_lower_val,user_attrs_rmse_ci_upper_val,user_attrs_rmse_df_val,user_attrs_rmse_mean_val,user_attrs_rmse_samperror_val,user_attrs_rmse_std_val,user_attrs_rmse_t_critical_val,user_attrs_termination_reason,user_attrs_use_scaler_final,state
660,6.38169449598021,2026-06-10 21:44:24.035411,2026-06-10 21:44:25.899391,0 days 00:00:01.863980,,,,,,,,,,,manhattan,15.0,uniform,,KNeighborsRegressor,,,,,,4,7.0,3.0,6.0,20.0,,,ExtraTrees,,0.018539220615816726,0.033664020757608375,98.0,0.02610162068671255,0.007562400070895825,0.037916938611519055,1.9844674545084815,6.316283314188322,6.4471056777720985,98.0,6.38169449598021,0.0654111817918879,0.32796357522197694,1.9844674545084815,142498577772807.47,332958748379329.6,98.0,237728663076068.56,95230085303261.1,477471869322267.0,1.9844674545084815,17.490536033988263,18.09868955523733,98.0,17.794612794612796,0.3040767606245316,1.5246032684996735,1.9844674545084815,5.738008924363327,5.977815991461591,98.0,5.857912457912459,0.1199035335491315,0.6011814871291359,1.9844674545084815,99.0,0.45454545454545453,-0.012397994689645263,0.017395595170014277,98.0,0.002498800240184507,0.01489679492982977,0.07469068729073916,1.9844674545084815,KNeighborsRegressor,"{'mode': 'proxy', 'type': 'ExtraTrees'}",4,"['pe_T2W10', 'diameter_T2W10', 'asp_T2W10', 'z_l3_T2W10']",0.1415754991475786,0.19078115883771823,98.0,0.16617832899264842,0.02460282984506982,0.12335554587958426,1.9844674545084815,7.649304248369289,7.805587754635189,98.0,7.727446001502239,0.07814175313295062,0.39179308536470847,1.9844674545084815,completed,True,COMPLETE
661,6.457460906440497,2026-06-10 21:44:25.912424,2026-06-10 21:44:26.226740,0 days 00:00:00.314316,,,,,,,,,,,manhattan,14.0,uniform,,KNeighborsRegressor,,,,,,5,7.0,3.0,6.0,20.0,,,ExtraTrees,,,,,,,,,,,,,,,,,,,,,,,,,,,,,,,,,,,,,,,,,,,,,,KNeighborsRegressor,"{'mode': 'proxy', 'type': 'ExtraTrees'}",5,"['pe_T2W10', 'l2_T2W10', 'diameter_T2W10', 'asp_T2W10', 'z_l3_T2W10']",,,,,,,,,,,,,,,pruned,True,PRUNED
662,6.439222153507869,2026-06-10 21:44:26.236746,2026-06-10 21:44:28.005744,0 days 00:00:01.768998,,,,,,,,,,,manhattan,15.0,uniform,,KNeighborsRegressor,,,,,,4,8.0,3.0,7.0,20.0,,,ExtraTrees,,0.009713256719725054,0.024924428315864146,98.0,0.0173188425177946,0.007605585798069547,0.03813346650620711,1.9844674545084815,6.373633502458693,6.504810804557044,98.0,6.439222153507869,0.06558865104917576,0.328853384128003,1.9844674545084815,150209053391828.66,350995506251494.25,98.0,250602279821661.47,100393226429832.81,503359220335638.94,1.9844674545084815,16.788535327872154,17.398670059333234,98.0,17.093602693602694,0.3050673657305407,1.5295700399797174,1.9844674545084815,5.748461649978471,5.992952491435671,98.0,5.870707070707071,0.12224542072859988,0.6129234197942359,1.9844674545084815,99.0,0.46464646464646464,-0.01574404684833655,0.013317910609109253,98.0,-0.0012130681196136485,0.014530978728722901,0.07285653010380985,1.9844674545084815,KNeighborsRegressor,"{'mode': 'proxy', 'type': 'ExtraTrees'}",4,"['pe_T2W10', 'asp_T2W10', 'z_l3_T2W10', 'z_density_T2W10']",0.11540487709112975,0.16981960937895813,98.0,0.14261224323504393,0.027207366143914186,0.13641436874387852,1.9844674545084815,7.666365606250379,7.817330604379375,98.0,7.741848105314877,0.07548249906449792,0.3784599143712822,1.9844674545084815,completed,True,COMPLETE
663,6.565051020408163,2026-06-10 21:44:28.018776,2026-06-10 21:44:28.305318,0 days 00:00:00.286542,,,,,,,,,,,manhattan,16.0,uniform,,KNeighborsRegressor,,,,,,5,7.0,2.0,5.0,20.0,,,ExtraTrees,,,,,,,,,,,,,,,,,,,,,,,,,,,,,,,,,,,,,,,,,,,,,,KNeighborsRegressor,"{'mode': 'proxy', 'type': 'ExtraTrees'}",5,"['pe_T2W10', 'l2_T2W10', 'diameter_T2W10', 'asp_T2W10', 'z_l3_T2W10']",,,,,,,,,,,,,,,pruned,True,PRUNED
664,6.534693877551021,2026-06-10 21:44:28.315223,2026-06-10 21:44:28.441837,0 days 00:00:00.126614,,,,3.1486770341901402,0.37062926044355116,,,,,,,,,,ElasticNet,,,,,,3,,,,,,,,False,,,,,,,,,,,,,,,,,,,,,,,,,,,,,,,,,,,,,,,,,,,,,ElasticNet,"{'mode': 'original', 'type': 'ElasticNet'}",3,"['z_density_T2W10', 'z_diameter_T2W10', 'z_asp_T2W10']",,,,,,,,,,,,,,,pruned,False,PRUNED
665,6.55891156462585,2026-06-10 21:44:28.451639,2026-06-10 21:44:28.684146,0 days 00:00:00.232507,,,,,,,,,,,manhattan,15.0,uniform,,KNeighborsRegressor,,,,,,4,6.0,3.0,6.0,20.0,,,ExtraTrees,,,,,,,,,,,,,,,,,,,,,,,,,,,,,,,,,,,,,,,,,,,,,,KNeighborsRegressor,"{'mode': 'proxy', 'type': 'ExtraTrees'}",4,"['pe_T2W10', 'l2_T2W10', 'z_pe_T2W10', 'z_density_T2W10']",,,,,,,,,,,,,,,pruned,True,PRUNED
666,6.571031009806519,2026-06-10 21:44:28.693768,2026-06-10 21:44:29.065494,0 days 00:00:00.371726,,,,,,,,,,,manhattan,14.0,uniform,,KNeighborsRegressor,,,,,,4,7.0,3.0,6.0,30.0,,,ExtraTrees,,,,,,,,,,,,,,,,,,,,,,,,,,,,,,,,,,,,,,,,,,,,,,KNeighborsRegressor,"{'mode': 'proxy', 'type': 'ExtraTrees'}",4,"['pe_T2W10', 'diameter_T2W10', 'z_pe_T2W10', 'z_l3_T2W10']",,,,,,,,,,,,,,,pruned,True,PRUNED
667,6.614965986394559,2026-06-10 21:44:29.075331,2026-06-10 21:44:29.316568,0 days 00:00:00.241237,,,,,,,,,,,euclidean,15.0,uniform,,KNeighborsRegressor,,,,,,3,7.0,3.0,6.0,20.0,,,ExtraTrees,,,,,,,,,,,,,,,,,,,,,,,,,,,,,,,,,,,,,,,,,,,,,,KNeighborsRegressor,"{'mode': 'proxy', 'type': 'ExtraTrees'}",3,"['pe_T2W10', 'asp_T2W10', 'z_l3_T2W10']",,,,,,,,,,,,,,,pruned,True,PRUNED
668,6.540680272108842,2026-06-10 21:44:29.326254,2026-06-10 21:44:29.576630,0 days 00:00:00.250376,,,,,,,,,,,manhattan,15.0,uniform,,KNeighborsRegressor,,,,,,5,7.0,3.0,6.0,20.0,,,ExtraTrees,,,,,,,,,,,,,,,,,,,,,,,,,,,,,,,,,,,,,,,,,,,,,,KNeighborsRegressor,"{'mode': 'proxy', 'type': 'ExtraTrees'}",5,"['pe_T2W10', 'l2_T2W10', 'diameter_T2W10', 'asp_T2W10', 'z_l3_T2W10']",,,,,,,,,,,,,,,pruned,True,PRUNED
669,6.501457725947523,2026-06-10 21:44:29.586284,2026-06-10 21:44:29.945459,0 days 00:00:00.359175,,,,,,,,,,,manhattan,7.0,uniform,,KNeighborsRegressor,,,,,,4,8.0,3.0,6.0,20.0,,,ExtraTrees,,,,,,,,,,,,,,,,,,,,,,,,,,,,,,,,,,,,,,,,,,,,,,KNeighborsRegressor,"{'mode': 'proxy', 'type': 'ExtraTrees'}",4,"['pe_T2W10', 'diameter_T2W10', 'asp_T2W10', 'z_l3_T2W10']",,,,,,,,,,,,,,,pruned,True,PRUNED
670,6.648877517513283,2026-06-10 21:44:29.955611,2026-06-10 21:44:30.079909,0 days 00:00:00.124298,,,,,,,,,,,,,,,LinearRegression,,,,,,6,,,,,,,,True,,,,,,,,,,,,,,,,,,,,,,,,,,,,,,,,,,,,,,,,,,,,,LinearRegression,"{'mode': 'original', 'type': 'LinearRegression'}",6,"['nodes_T2W10', 'density_T2W10', 'diameter_T2W10', 'asp_T2W10', 'z_l3_T2W10', 'z_diameter_T2W10']",,,,,,,,,,,,,,,pruned,True,PRUNED
671,6.571173469387756,2026-06-10 21:44:30.089620,2026-06-10 21:44:30.330408,0 days 00:00:00.240788,,,,,,,,,,,manhattan,16.0,uniform,,KNeighborsRegressor,,,,,,3,7.0,3.0,6.0,20.0,,,ExtraTrees,,,,,,,,,,,,,,,,,,,,,,,,,,,,,,,,,,,,,,,,,,,,,,KNeighborsRegressor,"{'mode': 'proxy', 'type': 'ExtraTrees'}",3,"['pe_T2W10', 'asp_T2W10', 'z_l3_T2W10']",,,,,,,,,,,,,,,pruned,True,PRUNED
672,6.669642857142857,2026-06-10 21:44:30.340460,2026-06-10 21:44:30.574291,0 days 00:00:00.233831,,,,,,,,,,,manhattan,16.0,uniform,,KNeighborsRegressor,,,,,,4,7.0,3.0,7.0,20.0,,,ExtraTrees,,,,,,,,,,,,,,,,,,,,,,,,,,,,,,,,,,,,,,,,,,,,,,KNeighborsRegressor,"{'mode': 'proxy', 'type': 'ExtraTrees'}",4,"['pe_T2W10', 'diameter_T2W10', 'z_pe_T2W10', 'z_l3_T2W10']",,,,,,,,,,,,,,,pruned,True,PRUNED
673,6.797823129251701,2026-06-10 21:44:30.584084,2026-06-10 21:44:30.782334,0 days 00:00:00.198250,,,,,,,,,,,manhattan,15.0,uniform,,KNeighborsRegressor,,,,,,4,,,,,0.0848661117343603,0.0038798990971301056,LinearSVR,,,,,,,,,,,,,,,,,,,,,,,,,,,,,,,,,,,,,,,,,,,,,,KNeighborsRegressor,"{'mode': 'proxy', 'type': 'LinearSVR'}",4,"['pe_T2W10', 'l2_T2W10', 'z_pe_T2W10', 'z_l3_T2W10']",,,,,,,,,,,,,,,pruned,True,PRUNED
674,6.406734988367641,2026-06-10 21:44:30.792457,2026-06-10 21:44:32.676826,0 days 00:00:01.884369,,,,,,,,,,,manhattan,14.0,uniform,,KNeighborsRegressor,,,,,,4,7.0,3.0,6.0,20.0,,,ExtraTrees,,0.014637702359712304,0.03011241924414794,98.0,0.02237506080193012,0.007737358442217818,0.03879415824586743,1.9844674545084815,6.3379345986238285,6.475535378111454,98.0,6.406734988367641,0.0688003897438124,0.34495664470389487,1.9844674545084815,141432243186008.5,330320381443873.6,98.0,235876312314941.06,94444069128932.55,473530881441398.9,1.9844674545084815,17.699026674500228,18.29520131972777,98.0,17.997113997114,0.29808732261376963,1.4945729671082457,1.9844674545084815,5.71616477299743,5.963488906656251,98.0,5.8398268398268405,0.12366206682941054,0.6200263081279819,1.9844674545084815,99.0,0.48484848484848486,-0.021896473429688854,0.008231616655267596,98.0,-0.006832428387210628,0.015064045042478224,0.07552925866948267,1.9844674545084815,KNeighborsRegressor,"{'mode': 'proxy', 'type': 'ExtraTrees'}",4,"['pe_T2W10', 'diameter_T2W10', 'asp_T2W10', 'z_l3_T2W10']",0.13097602487910392,0.17982393135081437,98.0,0.15539997811495915,0.024423953235855222,0.12245868068506367,1.9844674545084815,7.683555456612634,7.8444507729158595,98.0,7.764003114764247,0.08044765815161302,0.4033546079259261,1.9844674545084815,completed,True,COMPLETE
675,6.591836734693878,2026-06-10 21:44:32.690333,2026-06-10 21:44:32.935362,0 days 00:00:00.245029,,,,,,,,,,,manhattan,15.0,uniform,,KNeighborsRegressor,,,,,,3,7.0,3.0,5.0,20.0,,,ExtraTrees,,,,,,,,,,,,,,,,,,,,,,,,,,,,,,,,,,,,,,,,,,,,,,KNeighborsRegressor,"{'mode': 'proxy', 'type': 'ExtraTrees'}",3,"['pe_T2W10', 'asp_T2W10', 'z_l3_T2W10']",,,,,,,,,,,,,,,pruned,True,PRUNED
676,6.676734693877551,2026-06-10 21:44:32.945500,2026-06-10 21:44:33.193152,0 days 00:00:00.247652,,,,,,,,,,,manhattan,15.0,uniform,,KNeighborsRegressor,,,,,,5,6.0,3.0,6.0,20.0,,,ExtraTrees,,,,,,,,,,,,,,,,,,,,,,,,,,,,,,,,,,,,,,,,,,,,,,KNeighborsRegressor,"{'mode': 'proxy', 'type': 'ExtraTrees'}",5,"['pe_T2W10', 'l2_T2W10', 'z_pe_T2W10', 'z_l3_T2W10', 'z_density_T2W10']",,,,,,,,,,,,,,,pruned,True,PRUNED
677,6.486717276923531,2026-06-10 21:44:33.203110,2026-06-10 21:44:35.781843,0 days 00:00:02.578733,,,,,,,,,,,,,,,RandomForestRegressor,15.0,sqrt,5.0,6.0,164.0,4,,,,,,,,False,,,,,,,,,,,,,,,,,,,,,,,,,,,,,,,,,,,,,,,,,,,,,RandomForestRegressor,"{'mode': 'original', 'type': 'RandomForestRegressor'}",4,"['pe_T2W10', 'diameter_T2W10', 'asp_T2W10', 'z_l3_T2W10']",,,,,,,,,,,,,,,pruned,False,PRUNED
678,6.504309282571697,2026-06-10 21:44:35.793023,2026-06-10 21:44:37.323966,0 days 00:00:01.530943,,,,,,3.0,sqrt,2.0,10.0,253.0,,,,,ExtraTreesRegressor,,,,,,4,,,,,,,,True,,,,,,,,,,,,,,,,,,,,,,,,,,,,,,,,,,,,,,,,,,,,,ExtraTreesRegressor,"{'mode': 'original', 'type': 'ExtraTreesRegressor'}",4,"['pe_T2W10', 'l3_T2W10', 'z_pe_T2W10', 'z_l3_T2W10']",,,,,,,,,,,,,,,pruned,True,PRUNED
679,6.596683673469388,2026-06-10 21:44:37.333902,2026-06-10 21:44:37.580036,0 days 00:00:00.246134,,,,,,,,,,,manhattan,16.0,uniform,,KNeighborsRegressor,,,,,,3,8.0,3.0,6.0,20.0,,,ExtraTrees,,,,,,,,,,,,,,,,,,,,,,,,,,,,,,,,,,,,,,,,,,,,,,KNeighborsRegressor,"{'mode': 'proxy', 'type': 'ExtraTrees'}",3,"['pe_T2W10', 'diameter_T2W10', 'z_l3_T2W10']",,,,,,,,,,,,,,,pruned,True,PRUNED
680,6.457460906440497,2026-06-10 21:44:37.589882,2026-06-10 21:44:37.934106,0 days 00:00:00.344224,,,,,,,,,,,manhattan,14.0,uniform,,KNeighborsRegressor,,,,,,5,7.0,3.0,6.0,20.0,,,ExtraTrees,,,,,,,,,,,,,,,,,,,,,,,,,,,,,,,,,,,,,,,,,,,,,,KNeighborsRegressor,"{'mode': 'proxy', 'type': 'ExtraTrees'}",5,"['pe_T2W10', 'l2_T2W10', 'diameter_T2W10', 'asp_T2W10', 'z_l3_T2W10']",,,,,,,,,,,,,,,pruned,True,PRUNED
681,6.559455782312925,2026-06-10 21:44:37.944145,2026-06-10 21:44:38.196926,0 days 00:00:00.252781,,,,,,,,,,,minkowski,15.0,uniform,,KNeighborsRegressor,,,,,,4,7.0,3.0,6.0,20.0,,,ExtraTrees,,,,,,,,,,,,,,,,,,,,,,,,,,,,,,,,,,,,,,,,,,,,,,KNeighborsRegressor,"{'mode': 'proxy', 'type': 'ExtraTrees'}",4,"['pe_T2W10', 'diameter_T2W10', 'asp_T2W10', 'z_l3_T2W10']",,,,,,,,,,,,,,,pruned,True,PRUNED
682,6.592380952380952,2026-06-10 21:44:38.207103,2026-06-10 21:44:38.483814,0 days 00:00:00.276711,,,,,,,,,,,manhattan,15.0,uniform,,KNeighborsRegressor,,,,,,2,7.0,3.0,6.0,20.0,,,ExtraTrees,,,,,,,,,,,,,,,,,,,,,,,,,,,,,,,,,,,,,,,,,,,,,,KNeighborsRegressor,"{'mode': 'proxy', 'type': 'ExtraTrees'}",2,"['pe_T2W10', 'z_l3_T2W10']",,,,,,,,,,,,,,,pruned,True,PRUNED
683,6.540680272108842,2026-06-10 21:44:38.493577,2026-06-10 21:44:38.726124,0 days 00:00:00.232547,,,,,,,,,,,manhattan,15.0,uniform,,KNeighborsRegressor,,,,,,5,7.0,3.0,5.0,20.0,,,ExtraTrees,,,,,,,,,,,,,,,,,,,,,,,,,,,,,,,,,,,,,,,,,,,,,,KNeighborsRegressor,"{'mode': 'proxy', 'type': 'ExtraTrees'}",5,"['pe_T2W10', 'l2_T2W10', 'diameter_T2W10', 'asp_T2W10', 'z_l3_T2W10']",,,,,,,,,,,,,,,pruned,True,PRUNED
684,6.382820552463411,2026-06-10 21:44:38.735899,2026-06-10 21:44:40.769940,0 days 00:00:02.034041,,,,,,,,,,,manhattan,16.0,uniform,,KNeighborsRegressor,,,,,,4,7.0,3.0,6.0,20.0,,,ExtraTrees,,0.018655947420278714,0.03332616771638618,98.0,0.02599105756833245,0.007335110148053733,0.03677733505039727,1.9844674545084815,6.316994296055696,6.448646808871126,98.0,6.382820552463411,0.06582625640771464,0.33004470800785957,1.9844674545084815,141513118916187.7,330571072079051.3,98.0,236042095497619.5,94528976581431.83,473956596906581.1,1.9844674545084815,17.450198990519294,18.06242727210697,98.0,17.75631313131313,0.3061141407938396,1.534818440678316,1.9844674545084815,5.694206904278575,5.928267843196172,98.0,5.811237373737374,0.11703046945879883,0.5867762991307708,1.9844674545084815,99.0,0.4444444444444444,-0.008292209644505253,0.02112700083851952,98.0,0.006417395597007134,0.014709605241512387,0.07375214134578774,1.9844674545084815,KNeighborsRegressor,"{'mode': 'proxy', 'type': 'ExtraTrees'}",4,"['pe_T2W10', 'diameter_T2W10', 'asp_T2W10', 'z_l3_T2W10']",0.14358422462397524,0.19374927888676402,98.0,0.16866675175536963,0.025082527131394396,0.1257606887425863,1.9844674545084815,7.6347276848162435,7.789950566298985,98.0,7.712339125557614,0.07761144074137079,0.3891341646242089,1.9844674545084815,completed,True,COMPLETE
685,6.457460906440497,2026-06-10 21:44:40.805494,2026-06-10 21:44:41.117430,0 days 00:00:00.311936,,,,,,,,,,,manhattan,14.0,uniform,,KNeighborsRegressor,,,,,,5,7.0,3.0,6.0,20.0,,,ExtraTrees,,,,,,,,,,,,,,,,,,,,,,,,,,,,,,,,,,,,,,,,,,,,,,KNeighborsRegressor,"{'mode': 'proxy', 'type': 'ExtraTrees'}",5,"['pe_T2W10', 'l2_T2W10', 'diameter_T2W10', 'asp_T2W10', 'z_l3_T2W10']",,,,,,,,,,,,,,,pruned,True,PRUNED
686,6.597278911564627,2026-06-10 21:44:41.127700,2026-06-10 21:44:41.374526,0 days 00:00:00.246826,,,,,,,,,,,manhattan,15.0,uniform,,KNeighborsRegressor,,,,,,3,8.0,3.0,6.0,20.0,,,ExtraTrees,,,,,,,,,,,,,,,,,,,,,,,,,,,,,,,,,,,,,,,,,,,,,,KNeighborsRegressor,"{'mode': 'proxy', 'type': 'ExtraTrees'}",3,"['pe_T2W10', 'diameter_T2W10', 'z_l3_T2W10']",,,,,,,,,,,,,,,pruned,True,PRUNED
687,6.702343590003123,2026-06-10 21:44:41.384383,2026-06-10 21:44:41.580743,0 days 00:00:00.196360,,,,,,,,,,,,,,0.00525405413285543,QuantileRegressor,,,,,,4,,,,,,,,False,,,,,,,,,,,,,,,,,,,,,,,,,,,,,,,,,,,,,,,,,,,,,QuantileRegressor,"{'mode': 'original', 'type': 'QuantileRegressor'}",4,"['pe_T2W10', 'diameter_T2W10', 'z_re_T2W10', 'z_l3_T2W10']",,,,,,,,,,,,,,,pruned,False,PRUNED
688,7.871180758017493,2026-06-10 21:44:41.590715,2026-06-10 21:44:41.773963,0 days 00:00:00.183248,20.0,5.0,10.0,,,,,,,,,,,,DecisionTreeRegressor,,,,,,4,,,,,,,,True,,,,,,,,,,,,,,,,,,,,,,,,,,,,,,,,,,,,,,,,,,,,,DecisionTreeRegressor,"{'mode': 'original', 'type': 'DecisionTreeRegressor'}",4,"['pe_T2W10', 'density_T2W10', 'diameter_T2W10', 'asp_T2W10']",,,,,,,,,,,,,,,pruned,True,PRUNED
689,6.591836734693878,2026-06-10 21:44:41.783540,2026-06-10 21:44:42.025439,0 days 00:00:00.241899,,,,,,,,,,,manhattan,15.0,uniform,,KNeighborsRegressor,,,,,,3,7.0,3.0,6.0,20.0,,,ExtraTrees,,,,,,,,,,,,,,,,,,,,,,,,,,,,,,,,,,,,,,,,,,,,,,KNeighborsRegressor,"{'mode': 'proxy', 'type': 'ExtraTrees'}",3,"['pe_T2W10', 'asp_T2W10', 'z_l3_T2W10']",,,,,,,,,,,,,,,pruned,True,PRUNED
690,6.569642857142857,2026-06-10 21:44:42.035103,2026-06-10 21:44:42.278547,0 days 00:00:00.243444,,,,,,,,,,,manhattan,16.0,uniform,,KNeighborsRegressor,,,,,,4,6.0,3.0,6.0,20.0,,,ExtraTrees,,,,,,,,,,,,,,,,,,,,,,,,,,,,,,,,,,,,,,,,,,,,,,KNeighborsRegressor,"{'mode': 'proxy', 'type': 'ExtraTrees'}",4,"['pe_T2W10', 'l2_T2W10', 'z_pe_T2W10', 'z_density_T2W10']",,,,,,,,,,,,,,,pruned,True,PRUNED
691,6.67405247813411,2026-06-10 21:44:42.288369,2026-06-10 21:44:42.520975,0 days 00:00:00.232606,,,,,,,,,,,manhattan,14.0,uniform,,KNeighborsRegressor,,,,,,4,6.0,3.0,7.0,20.0,,,ExtraTrees,,,,,,,,,,,,,,,,,,,,,,,,,,,,,,,,,,,,,,,,,,,,,,KNeighborsRegressor,"{'mode': 'proxy', 'type': 'ExtraTrees'}",4,"['pe_T2W10', 'l2_T2W10', 'diameter_T2W10', 'z_l3_T2W10']",,,,,,,,,,,,,,,pruned,True,PRUNED
692,6.724744897959184,2026-06-10 21:44:42.530803,2026-06-10 21:44:42.793210,0 days 00:00:00.262407,,,,,,,,,,,manhattan,16.0,uniform,,KNeighborsRegressor,,,,,,6,7.0,3.0,6.0,20.0,,,ExtraTrees,,,,,,,,,,,,,,,,,,,,,,,,,,,,,,,,,,,,,,,,,,,,,,KNeighborsRegressor,"{'mode': 'proxy', 'type': 'ExtraTrees'}",6,"['pe_T2W10', 'l2_T2W10', 'l3_T2W10', 'diameter_T2W10', 'asp_T2W10', 'z_l3_T2W10']",,,,,,,,,,,,,,,pruned,True,PRUNED
693,6.678935291391196,2026-06-10 21:44:42.803160,2026-06-10 21:44:42.933502,0 days 00:00:00.130342,,,,0.0005307274019455983,0.09471725251905916,,,,,,,,,,ElasticNet,,,,,,5,,,,,,,,False,,,,,,,,,,,,,,,,,,,,,,,,,,,,,,,,,,,,,,,,,,,,,ElasticNet,"{'mode': 'original', 'type': 'ElasticNet'}",5,"['pe_T2W10', 'l3_T2W10', 'z_l3_T2W10', 'z_density_T2W10', 'z_asp_T2W10']",,,,,,,,,,,,,,,pruned,False,PRUNED
694,6.764625850340136,2026-06-10 21:44:42.943424,2026-06-10 21:44:43.134388,0 days 00:00:00.190964,,,,,,,,,,,manhattan,15.0,uniform,,KNeighborsRegressor,,,,,,3,,,,,4.955964536827243,0.10852776556514959,LinearSVR,,,,,,,,,,,,,,,,,,,,,,,,,,,,,,,,,,,,,,,,,,,,,,KNeighborsRegressor,"{'mode': 'proxy', 'type': 'LinearSVR'}",3,"['nodes_T2W10', 'pe_T2W10', 'density_T2W10']",,,,,,,,,,,,,,,pruned,True,PRUNED
695,6.467285095856524,2026-06-10 21:44:43.144366,2026-06-10 21:44:43.469712,0 days 00:00:00.325346,,,,,,,,,,,euclidean,15.0,uniform,,KNeighborsRegressor,,,,,,5,7.0,3.0,6.0,20.0,,,ExtraTrees,,,,,,,,,,,,,,,,,,,,,,,,,,,,,,,,,,,,,,,,,,,,,,KNeighborsRegressor,"{'mode': 'proxy', 'type': 'ExtraTrees'}",5,"['pe_T2W10', 'l2_T2W10', 'diameter_T2W10', 'asp_T2W10', 'z_l3_T2W10']",,,,,,,,,,,,,,,pruned,True,PRUNED
696,6.406734988367641,2026-06-10 21:44:43.480788,2026-06-10 21:44:45.438491,0 days 00:00:01.957703,,,,,,,,,,,manhattan,14.0,uniform,,KNeighborsRegressor,,,,,,4,7.0,3.0,6.0,20.0,,,ExtraTrees,,0.014637702359712304,0.03011241924414794,98.0,0.02237506080193012,0.007737358442217818,0.03879415824586743,1.9844674545084815,6.3379345986238285,6.475535378111454,98.0,6.406734988367641,0.0688003897438124,0.34495664470389487,1.9844674545084815,141432243186008.5,330320381443873.6,98.0,235876312314941.06,94444069128932.55,473530881441398.9,1.9844674545084815,17.699026674500228,18.29520131972777,98.0,17.997113997114,0.29808732261376963,1.4945729671082457,1.9844674545084815,5.71616477299743,5.963488906656251,98.0,5.8398268398268405,0.12366206682941054,0.6200263081279819,1.9844674545084815,99.0,0.48484848484848486,-0.021896473429688854,0.008231616655267596,98.0,-0.006832428387210628,0.015064045042478224,0.07552925866948267,1.9844674545084815,KNeighborsRegressor,"{'mode': 'proxy', 'type': 'ExtraTrees'}",4,"['pe_T2W10', 'diameter_T2W10', 'asp_T2W10', 'z_l3_T2W10']",0.13097602487910392,0.17982393135081437,98.0,0.15539997811495915,0.024423953235855222,0.12245868068506367,1.9844674545084815,7.683555456612634,7.8444507729158595,98.0,7.764003114764247,0.08044765815161302,0.4033546079259261,1.9844674545084815,completed,True,COMPLETE
