number,value,datetime_start,datetime_complete,duration,params_dt_max_depth,params_dt_min_samples_leaf,params_dt_min_samples_split,params_elastic_alpha,params_elastic_l1_ratio,params_et_max_depth,params_et_max_features,params_et_min_samples_leaf,params_et_min_samples_split,params_et_n_estimators,params_knn_metric,params_knn_n_neighbors,params_knn_weights,params_quantile_alpha,params_regressor,params_rf_max_depth,params_rf_max_features,params_rf_min_samples_leaf,params_rf_min_samples_split,params_rf_n_estimators,params_rfe_n_features,params_rfe_proxy_et_max_depth,params_rfe_proxy_et_min_samples_leaf,params_rfe_proxy_et_min_samples_split,params_rfe_proxy_et_n_estimators,params_rfe_proxy_lsvr_C,params_rfe_proxy_lsvr_epsilon,params_rfe_proxy_type,params_use_scaler,user_attrs_d2mae_ci_lower_val,user_attrs_d2mae_ci_upper_val,user_attrs_d2mae_df_val,user_attrs_d2mae_mean_val,user_attrs_d2mae_samperror_val,user_attrs_d2mae_std_val,user_attrs_d2mae_t_critical_val,user_attrs_mae_ci_lower_val,user_attrs_mae_ci_upper_val,user_attrs_mae_df_val,user_attrs_mae_mean_val,user_attrs_mae_samperror_val,user_attrs_mae_std_val,user_attrs_mae_t_critical_val,user_attrs_mape_ci_lower_val,user_attrs_mape_ci_upper_val,user_attrs_mape_df_val,user_attrs_mape_mean_val,user_attrs_mape_samperror_val,user_attrs_mape_std_val,user_attrs_mape_t_critical_val,user_attrs_max_error_ci_lower_val,user_attrs_max_error_ci_upper_val,user_attrs_max_error_df_val,user_attrs_max_error_mean_val,user_attrs_max_error_samperror_val,user_attrs_max_error_std_val,user_attrs_max_error_t_critical_val,user_attrs_median_ae_ci_lower_val,user_attrs_median_ae_ci_upper_val,user_attrs_median_ae_df_val,user_attrs_median_ae_mean_val,user_attrs_median_ae_samperror_val,user_attrs_median_ae_std_val,user_attrs_median_ae_t_critical_val,user_attrs_n_splits_val,user_attrs_r2_below_zero_val,user_attrs_r2_ci_lower_val,user_attrs_r2_ci_upper_val,user_attrs_r2_df_val,user_attrs_r2_mean_val,user_attrs_r2_samperror_val,user_attrs_r2_std_val,user_attrs_r2_t_critical_val,user_attrs_regressor_final,user_attrs_rfe_estimator,user_attrs_rfe_n_features,user_attrs_rfe_selected_features,user_attrs_rho_ci_lower_val,user_attrs_rho_ci_upper_val,user_attrs_rho_df_val,user_attrs_rho_mean_val,user_attrs_rho_samperror_val,user_attrs_rho_std_val,user_attrs_rho_t_critical_val,user_attrs_rmse_ci_lower_val,user_attrs_rmse_ci_upper_val,user_attrs_rmse_df_val,user_attrs_rmse_mean_val,user_attrs_rmse_samperror_val,user_attrs_rmse_std_val,user_attrs_rmse_t_critical_val,user_attrs_termination_reason,user_attrs_use_scaler_final,state
243,6.382820552463411,2026-06-10 20:11:38.847874,2026-06-10 20:11:40.934572,0 days 00:00:02.086698,,,,,,,,,,,manhattan,16.0,uniform,,KNeighborsRegressor,,,,,,4,7.0,3.0,6.0,20.0,,,ExtraTrees,,0.018655947420278714,0.03332616771638618,98.0,0.02599105756833245,0.007335110148053733,0.03677733505039727,1.9844674545084815,6.316994296055696,6.448646808871126,98.0,6.382820552463411,0.06582625640771464,0.33004470800785957,1.9844674545084815,141513118916187.7,330571072079051.3,98.0,236042095497619.5,94528976581431.83,473956596906581.1,1.9844674545084815,17.450198990519294,18.06242727210697,98.0,17.75631313131313,0.3061141407938396,1.534818440678316,1.9844674545084815,5.694206904278575,5.928267843196172,98.0,5.811237373737374,0.11703046945879883,0.5867762991307708,1.9844674545084815,99.0,0.4444444444444444,-0.008292209644505253,0.02112700083851952,98.0,0.006417395597007134,0.014709605241512387,0.07375214134578774,1.9844674545084815,KNeighborsRegressor,"{'mode': 'proxy', 'type': 'ExtraTrees'}",4,"['pe_T2W10', 'diameter_T2W10', 'asp_T2W10', 'z_l3_T2W10']",0.14358422462397524,0.19374927888676402,98.0,0.16866675175536963,0.025082527131394396,0.1257606887425863,1.9844674545084815,7.6347276848162435,7.789950566298985,98.0,7.712339125557614,0.07761144074137079,0.3891341646242089,1.9844674545084815,completed,True,COMPLETE
244,6.38169449598021,2026-06-10 20:11:40.947390,2026-06-10 20:11:42.937426,0 days 00:00:01.990036,,,,,,,,,,,manhattan,15.0,uniform,,KNeighborsRegressor,,,,,,4,7.0,3.0,6.0,20.0,,,ExtraTrees,,0.018539220615816726,0.033664020757608375,98.0,0.02610162068671255,0.007562400070895825,0.037916938611519055,1.9844674545084815,6.316283314188322,6.4471056777720985,98.0,6.38169449598021,0.0654111817918879,0.32796357522197694,1.9844674545084815,142498577772807.47,332958748379329.6,98.0,237728663076068.56,95230085303261.1,477471869322267.0,1.9844674545084815,17.490536033988263,18.09868955523733,98.0,17.794612794612796,0.3040767606245316,1.5246032684996735,1.9844674545084815,5.738008924363327,5.977815991461591,98.0,5.857912457912459,0.1199035335491315,0.6011814871291359,1.9844674545084815,99.0,0.45454545454545453,-0.012397994689645263,0.017395595170014277,98.0,0.002498800240184507,0.01489679492982977,0.07469068729073916,1.9844674545084815,KNeighborsRegressor,"{'mode': 'proxy', 'type': 'ExtraTrees'}",4,"['pe_T2W10', 'diameter_T2W10', 'asp_T2W10', 'z_l3_T2W10']",0.1415754991475786,0.19078115883771823,98.0,0.16617832899264842,0.02460282984506982,0.12335554587958426,1.9844674545084815,7.649304248369289,7.805587754635189,98.0,7.727446001502239,0.07814175313295062,0.39179308536470847,1.9844674545084815,completed,True,COMPLETE
245,6.434873516506169,2026-06-10 20:11:42.962147,2026-06-10 20:11:45.009605,0 days 00:00:02.047458,,,,,,,,,,,manhattan,14.0,uniform,,KNeighborsRegressor,,,,,,5,7.0,3.0,6.0,20.0,,,ExtraTrees,,0.0104885838084369,0.025363424313347687,98.0,0.017926004060892294,0.007437420252455394,0.037290305259797527,1.9844674545084815,6.371562935686244,6.498184097326094,98.0,6.434873516506169,0.06331058081992538,0.31743142175819367,1.9844674545084815,147645078143956.38,345195167322628.25,98.0,246420122733292.3,98775044589335.92,495245856729747.75,1.9844674545084815,17.421244847053934,18.04628762047853,98.0,17.733766233766232,0.3125213867122968,1.5669435792429924,1.9844674545084815,5.764395684529702,5.997509077375061,98.0,5.880952380952381,0.11655669642267938,0.5844008597255654,1.9844674545084815,99.0,0.494949494949495,-0.020692652535773858,0.008712395572482129,98.0,-0.005990128481645864,0.014702524054127994,0.07371663714806828,1.9844674545084815,KNeighborsRegressor,"{'mode': 'proxy', 'type': 'ExtraTrees'}",5,"['pe_T2W10', 'l2_T2W10', 'diameter_T2W10', 'asp_T2W10', 'z_l3_T2W10']",0.1272925051154093,0.1748147472049722,98.0,0.15105362616019075,0.023761121044781466,0.11913532206041143,1.9844674545084815,7.684836300149962,7.835197815049376,98.0,7.760017057599669,0.07518075744970736,0.37694701923517504,1.9844674545084815,completed,True,COMPLETE
246,6.504058441558442,2026-06-10 20:11:45.022214,2026-06-10 20:11:45.681859,0 days 00:00:00.659645,,,,,,,,,,,manhattan,16.0,uniform,,KNeighborsRegressor,,,,,,3,7.0,3.0,6.0,20.0,,,ExtraTrees,,,,,,,,,,,,,,,,,,,,,,,,,,,,,,,,,,,,,,,,,,,,,,KNeighborsRegressor,"{'mode': 'proxy', 'type': 'ExtraTrees'}",3,"['pe_T2W10', 'asp_T2W10', 'z_l3_T2W10']",,,,,,,,,,,,,,,pruned,True,PRUNED
247,6.494248608534323,2026-06-10 20:11:45.692157,2026-06-10 20:11:46.177369,0 days 00:00:00.485212,,,,,,,,,,,euclidean,15.0,uniform,,KNeighborsRegressor,,,,,,4,7.0,3.0,6.0,20.0,,,ExtraTrees,,,,,,,,,,,,,,,,,,,,,,,,,,,,,,,,,,,,,,,,,,,,,,KNeighborsRegressor,"{'mode': 'proxy', 'type': 'ExtraTrees'}",4,"['pe_T2W10', 'diameter_T2W10', 'asp_T2W10', 'z_l3_T2W10']",,,,,,,,,,,,,,,pruned,True,PRUNED
248,6.382820552463411,2026-06-10 20:11:46.187653,2026-06-10 20:11:48.122500,0 days 00:00:01.934847,,,,,,,,,,,manhattan,16.0,uniform,,KNeighborsRegressor,,,,,,4,10.0,3.0,6.0,20.0,,,ExtraTrees,,0.018655947420278714,0.03332616771638618,98.0,0.02599105756833245,0.007335110148053733,0.03677733505039727,1.9844674545084815,6.316994296055696,6.448646808871126,98.0,6.382820552463411,0.06582625640771464,0.33004470800785957,1.9844674545084815,141513118916187.7,330571072079051.3,98.0,236042095497619.5,94528976581431.83,473956596906581.1,1.9844674545084815,17.450198990519294,18.06242727210697,98.0,17.75631313131313,0.3061141407938396,1.534818440678316,1.9844674545084815,5.694206904278575,5.928267843196172,98.0,5.811237373737374,0.11703046945879883,0.5867762991307708,1.9844674545084815,99.0,0.4444444444444444,-0.008292209644505253,0.02112700083851952,98.0,0.006417395597007134,0.014709605241512387,0.07375214134578774,1.9844674545084815,KNeighborsRegressor,"{'mode': 'proxy', 'type': 'ExtraTrees'}",4,"['pe_T2W10', 'diameter_T2W10', 'asp_T2W10', 'z_l3_T2W10']",0.14358422462397524,0.19374927888676402,98.0,0.16866675175536963,0.025082527131394396,0.1257606887425863,1.9844674545084815,7.6347276848162435,7.789950566298985,98.0,7.712339125557614,0.07761144074137079,0.3891341646242089,1.9844674545084815,completed,True,COMPLETE
249,6.504019789734076,2026-06-10 20:11:48.135227,2026-06-10 20:11:48.832049,0 days 00:00:00.696822,,,,,,,,,,,manhattan,15.0,uniform,,KNeighborsRegressor,,,,,,5,7.0,3.0,6.0,70.0,,,ExtraTrees,,,,,,,,,,,,,,,,,,,,,,,,,,,,,,,,,,,,,,,,,,,,,,KNeighborsRegressor,"{'mode': 'proxy', 'type': 'ExtraTrees'}",5,"['pe_T2W10', 'diameter_T2W10', 'asp_T2W10', 'z_pe_T2W10', 'z_l3_T2W10']",,,,,,,,,,,,,,,pruned,True,PRUNED
250,6.5727681348178235,2026-06-10 20:11:48.842172,2026-06-10 20:11:49.167615,0 days 00:00:00.325443,,,,,,,,,,,,,,0.0030616767899755344,QuantileRegressor,,,,,,3,,,,,,,,False,,,,,,,,,,,,,,,,,,,,,,,,,,,,,,,,,,,,,,,,,,,,,QuantileRegressor,"{'mode': 'original', 'type': 'QuantileRegressor'}",3,"['pe_T2W10', 'diameter_T2W10', 'z_l3_T2W10']",,,,,,,,,,,,,,,pruned,False,PRUNED
251,6.406734988367641,2026-06-10 20:11:49.179246,2026-06-10 20:11:51.140447,0 days 00:00:01.961201,,,,,,,,,,,manhattan,14.0,uniform,,KNeighborsRegressor,,,,,,4,7.0,3.0,6.0,20.0,,,ExtraTrees,,0.014637702359712304,0.03011241924414794,98.0,0.02237506080193012,0.007737358442217818,0.03879415824586743,1.9844674545084815,6.3379345986238285,6.475535378111454,98.0,6.406734988367641,0.0688003897438124,0.34495664470389487,1.9844674545084815,141432243186008.5,330320381443873.6,98.0,235876312314941.06,94444069128932.55,473530881441398.9,1.9844674545084815,17.699026674500228,18.29520131972777,98.0,17.997113997114,0.29808732261376963,1.4945729671082457,1.9844674545084815,5.71616477299743,5.963488906656251,98.0,5.8398268398268405,0.12366206682941054,0.6200263081279819,1.9844674545084815,99.0,0.48484848484848486,-0.021896473429688854,0.008231616655267596,98.0,-0.006832428387210628,0.015064045042478224,0.07552925866948267,1.9844674545084815,KNeighborsRegressor,"{'mode': 'proxy', 'type': 'ExtraTrees'}",4,"['pe_T2W10', 'diameter_T2W10', 'asp_T2W10', 'z_l3_T2W10']",0.13097602487910392,0.17982393135081437,98.0,0.15539997811495915,0.024423953235855222,0.12245868068506367,1.9844674545084815,7.683555456612634,7.8444507729158595,98.0,7.764003114764247,0.08044765815161302,0.4033546079259261,1.9844674545084815,completed,True,COMPLETE
252,6.38169449598021,2026-06-10 20:11:51.153151,2026-06-10 20:11:53.255297,0 days 00:00:02.102146,,,,,,,,,,,manhattan,15.0,uniform,,KNeighborsRegressor,,,,,,4,7.0,3.0,6.0,20.0,,,ExtraTrees,,0.018539220615816726,0.033664020757608375,98.0,0.02610162068671255,0.007562400070895825,0.037916938611519055,1.9844674545084815,6.316283314188322,6.4471056777720985,98.0,6.38169449598021,0.0654111817918879,0.32796357522197694,1.9844674545084815,142498577772807.47,332958748379329.6,98.0,237728663076068.56,95230085303261.1,477471869322267.0,1.9844674545084815,17.490536033988263,18.09868955523733,98.0,17.794612794612796,0.3040767606245316,1.5246032684996735,1.9844674545084815,5.738008924363327,5.977815991461591,98.0,5.857912457912459,0.1199035335491315,0.6011814871291359,1.9844674545084815,99.0,0.45454545454545453,-0.012397994689645263,0.017395595170014277,98.0,0.002498800240184507,0.01489679492982977,0.07469068729073916,1.9844674545084815,KNeighborsRegressor,"{'mode': 'proxy', 'type': 'ExtraTrees'}",4,"['pe_T2W10', 'diameter_T2W10', 'asp_T2W10', 'z_l3_T2W10']",0.1415754991475786,0.19078115883771823,98.0,0.16617832899264842,0.02460282984506982,0.12335554587958426,1.9844674545084815,7.649304248369289,7.805587754635189,98.0,7.727446001502239,0.07814175313295062,0.39179308536470847,1.9844674545084815,completed,True,COMPLETE
253,7.42613814756672,2026-06-10 20:11:53.268090,2026-06-10 20:11:53.421098,0 days 00:00:00.153008,15.0,4.0,15.0,,,,,,,,,,,,DecisionTreeRegressor,,,,,,5,,,,,,,,True,,,,,,,,,,,,,,,,,,,,,,,,,,,,,,,,,,,,,,,,,,,,,DecisionTreeRegressor,"{'mode': 'original', 'type': 'DecisionTreeRegressor'}",5,"['pe_T2W10', 'lsc_T2W10', 'density_T2W10', 'diameter_T2W10', 'asp_T2W10']",,,,,,,,,,,,,,,pruned,True,PRUNED
254,6.38169449598021,2026-06-10 20:11:53.432317,2026-06-10 20:11:55.476087,0 days 00:00:02.043770,,,,,,,,,,,manhattan,15.0,uniform,,KNeighborsRegressor,,,,,,4,7.0,3.0,6.0,20.0,,,ExtraTrees,,0.018539220615816726,0.033664020757608375,98.0,0.02610162068671255,0.007562400070895825,0.037916938611519055,1.9844674545084815,6.316283314188322,6.4471056777720985,98.0,6.38169449598021,0.0654111817918879,0.32796357522197694,1.9844674545084815,142498577772807.47,332958748379329.6,98.0,237728663076068.56,95230085303261.1,477471869322267.0,1.9844674545084815,17.490536033988263,18.09868955523733,98.0,17.794612794612796,0.3040767606245316,1.5246032684996735,1.9844674545084815,5.738008924363327,5.977815991461591,98.0,5.857912457912459,0.1199035335491315,0.6011814871291359,1.9844674545084815,99.0,0.45454545454545453,-0.012397994689645263,0.017395595170014277,98.0,0.002498800240184507,0.01489679492982977,0.07469068729073916,1.9844674545084815,KNeighborsRegressor,"{'mode': 'proxy', 'type': 'ExtraTrees'}",4,"['pe_T2W10', 'diameter_T2W10', 'asp_T2W10', 'z_l3_T2W10']",0.1415754991475786,0.19078115883771823,98.0,0.16617832899264842,0.02460282984506982,0.12335554587958426,1.9844674545084815,7.649304248369289,7.805587754635189,98.0,7.727446001502239,0.07814175313295062,0.39179308536470847,1.9844674545084815,completed,True,COMPLETE
255,6.596683673469388,2026-06-10 20:11:55.516565,2026-06-10 20:11:55.967229,0 days 00:00:00.450664,,,,,,,,,,,manhattan,16.0,uniform,,KNeighborsRegressor,,,,,,3,8.0,3.0,6.0,20.0,,,ExtraTrees,,,,,,,,,,,,,,,,,,,,,,,,,,,,,,,,,,,,,,,,,,,,,,KNeighborsRegressor,"{'mode': 'proxy', 'type': 'ExtraTrees'}",3,"['pe_T2W10', 'diameter_T2W10', 'z_l3_T2W10']",,,,,,,,,,,,,,,pruned,True,PRUNED
256,6.394121934860095,2026-06-10 20:11:55.977313,2026-06-10 20:11:56.244615,0 days 00:00:00.267302,,,,0.10715151027402317,0.24541357649582796,,,,,,,,,,ElasticNet,,,,,,4,,,,,,,,False,,,,,,,,,,,,,,,,,,,,,,,,,,,,,,,,,,,,,,,,,,,,,ElasticNet,"{'mode': 'original', 'type': 'ElasticNet'}",4,"['pe_T2W10', 'z_pe_T2W10', 'z_l3_T2W10', 'z_density_T2W10']",,,,,,,,,,,,,,,pruned,False,PRUNED
257,6.462949465500486,2026-06-10 20:11:56.254470,2026-06-10 20:11:56.770321,0 days 00:00:00.515851,,,,,,,,,,,manhattan,14.0,uniform,,KNeighborsRegressor,,,,,,5,7.0,3.0,7.0,20.0,,,ExtraTrees,,,,,,,,,,,,,,,,,,,,,,,,,,,,,,,,,,,,,,,,,,,,,,KNeighborsRegressor,"{'mode': 'proxy', 'type': 'ExtraTrees'}",5,"['pe_T2W10', 'diameter_T2W10', 'asp_T2W10', 'z_pe_T2W10', 'z_l3_T2W10']",,,,,,,,,,,,,,,pruned,True,PRUNED
258,6.58874458874459,2026-06-10 20:11:56.780231,2026-06-10 20:11:57.301084,0 days 00:00:00.520853,,,,,,,,,,,manhattan,15.0,uniform,,KNeighborsRegressor,,,,,,3,6.0,3.0,6.0,20.0,,,ExtraTrees,,,,,,,,,,,,,,,,,,,,,,,,,,,,,,,,,,,,,,,,,,,,,,KNeighborsRegressor,"{'mode': 'proxy', 'type': 'ExtraTrees'}",3,"['pe_T2W10', 'l2_T2W10', 'z_pe_T2W10']",,,,,,,,,,,,,,,pruned,True,PRUNED
259,6.7243537414966,2026-06-10 20:11:57.311193,2026-06-10 20:11:57.470075,0 days 00:00:00.158882,,,,,,,,,,,manhattan,15.0,uniform,,KNeighborsRegressor,,,,,,4,,,,,0.011882872909603034,0.0018536167775249658,LinearSVR,,,,,,,,,,,,,,,,,,,,,,,,,,,,,,,,,,,,,,,,,,,,,,KNeighborsRegressor,"{'mode': 'proxy', 'type': 'LinearSVR'}",4,"['lsc_T2W10', 'atd_T2W10', 'density_T2W10', 'z_re_T2W10']",,,,,,,,,,,,,,,pruned,True,PRUNED
260,6.382820552463411,2026-06-10 20:11:57.479567,2026-06-10 20:11:59.478401,0 days 00:00:01.998834,,,,,,,,,,,manhattan,16.0,uniform,,KNeighborsRegressor,,,,,,4,7.0,3.0,6.0,20.0,,,ExtraTrees,,0.018655947420278714,0.03332616771638618,98.0,0.02599105756833245,0.007335110148053733,0.03677733505039727,1.9844674545084815,6.316994296055696,6.448646808871126,98.0,6.382820552463411,0.06582625640771464,0.33004470800785957,1.9844674545084815,141513118916187.7,330571072079051.3,98.0,236042095497619.5,94528976581431.83,473956596906581.1,1.9844674545084815,17.450198990519294,18.06242727210697,98.0,17.75631313131313,0.3061141407938396,1.534818440678316,1.9844674545084815,5.694206904278575,5.928267843196172,98.0,5.811237373737374,0.11703046945879883,0.5867762991307708,1.9844674545084815,99.0,0.4444444444444444,-0.008292209644505253,0.02112700083851952,98.0,0.006417395597007134,0.014709605241512387,0.07375214134578774,1.9844674545084815,KNeighborsRegressor,"{'mode': 'proxy', 'type': 'ExtraTrees'}",4,"['pe_T2W10', 'diameter_T2W10', 'asp_T2W10', 'z_l3_T2W10']",0.14358422462397524,0.19374927888676402,98.0,0.16866675175536963,0.025082527131394396,0.1257606887425863,1.9844674545084815,7.6347276848162435,7.789950566298985,98.0,7.712339125557614,0.07761144074137079,0.3891341646242089,1.9844674545084815,completed,True,COMPLETE
261,6.489928438908032,2026-06-10 20:11:59.491257,2026-06-10 20:12:00.012651,0 days 00:00:00.521394,,,,,,,,,,,minkowski,14.0,uniform,,KNeighborsRegressor,,,,,,5,7.0,3.0,6.0,20.0,,,ExtraTrees,,,,,,,,,,,,,,,,,,,,,,,,,,,,,,,,,,,,,,,,,,,,,,KNeighborsRegressor,"{'mode': 'proxy', 'type': 'ExtraTrees'}",5,"['pe_T2W10', 'l2_T2W10', 'diameter_T2W10', 'asp_T2W10', 'z_l3_T2W10']",,,,,,,,,,,,,,,pruned,True,PRUNED
262,6.707997114399907,2026-06-10 20:12:00.022916,2026-06-10 20:12:00.157264,0 days 00:00:00.134348,,,,,,,,,,,,,,,LinearRegression,,,,,,3,,,,,,,,True,,,,,,,,,,,,,,,,,,,,,,,,,,,,,,,,,,,,,,,,,,,,,LinearRegression,"{'mode': 'original', 'type': 'LinearRegression'}",3,"['nodes_T2W10', 'diameter_T2W10', 'asp_T2W10']",,,,,,,,,,,,,,,pruned,True,PRUNED
263,6.38169449598021,2026-06-10 20:12:00.166913,2026-06-10 20:12:02.078040,0 days 00:00:01.911127,,,,,,,,,,,manhattan,15.0,uniform,,KNeighborsRegressor,,,,,,4,7.0,3.0,6.0,20.0,,,ExtraTrees,,0.018539220615816726,0.033664020757608375,98.0,0.02610162068671255,0.007562400070895825,0.037916938611519055,1.9844674545084815,6.316283314188322,6.4471056777720985,98.0,6.38169449598021,0.0654111817918879,0.32796357522197694,1.9844674545084815,142498577772807.47,332958748379329.6,98.0,237728663076068.56,95230085303261.1,477471869322267.0,1.9844674545084815,17.490536033988263,18.09868955523733,98.0,17.794612794612796,0.3040767606245316,1.5246032684996735,1.9844674545084815,5.738008924363327,5.977815991461591,98.0,5.857912457912459,0.1199035335491315,0.6011814871291359,1.9844674545084815,99.0,0.45454545454545453,-0.012397994689645263,0.017395595170014277,98.0,0.002498800240184507,0.01489679492982977,0.07469068729073916,1.9844674545084815,KNeighborsRegressor,"{'mode': 'proxy', 'type': 'ExtraTrees'}",4,"['pe_T2W10', 'diameter_T2W10', 'asp_T2W10', 'z_l3_T2W10']",0.1415754991475786,0.19078115883771823,98.0,0.16617832899264842,0.02460282984506982,0.12335554587958426,1.9844674545084815,7.649304248369289,7.805587754635189,98.0,7.727446001502239,0.07814175313295062,0.39179308536470847,1.9844674545084815,completed,True,COMPLETE
264,6.38169449598021,2026-06-10 20:12:02.091749,2026-06-10 20:12:04.262799,0 days 00:00:02.171050,,,,,,,,,,,manhattan,15.0,uniform,,KNeighborsRegressor,,,,,,4,7.0,3.0,7.0,50.0,,,ExtraTrees,,0.018539220615816726,0.033664020757608375,98.0,0.02610162068671255,0.007562400070895825,0.037916938611519055,1.9844674545084815,6.316283314188322,6.4471056777720985,98.0,6.38169449598021,0.0654111817918879,0.32796357522197694,1.9844674545084815,142498577772807.47,332958748379329.6,98.0,237728663076068.56,95230085303261.1,477471869322267.0,1.9844674545084815,17.490536033988263,18.09868955523733,98.0,17.794612794612796,0.3040767606245316,1.5246032684996735,1.9844674545084815,5.738008924363327,5.977815991461591,98.0,5.857912457912459,0.1199035335491315,0.6011814871291359,1.9844674545084815,99.0,0.45454545454545453,-0.012397994689645263,0.017395595170014277,98.0,0.002498800240184507,0.01489679492982977,0.07469068729073916,1.9844674545084815,KNeighborsRegressor,"{'mode': 'proxy', 'type': 'ExtraTrees'}",4,"['pe_T2W10', 'diameter_T2W10', 'asp_T2W10', 'z_l3_T2W10']",0.1415754991475786,0.19078115883771823,98.0,0.16617832899264842,0.02460282984506982,0.12335554587958426,1.9844674545084815,7.649304248369289,7.805587754635189,98.0,7.727446001502239,0.07814175313295062,0.39179308536470847,1.9844674545084815,completed,True,COMPLETE
265,6.462949465500486,2026-06-10 20:12:04.275877,2026-06-10 20:12:04.816060,0 days 00:00:00.540183,,,,,,,,,,,manhattan,14.0,uniform,,KNeighborsRegressor,,,,,,5,8.0,3.0,6.0,20.0,,,ExtraTrees,,,,,,,,,,,,,,,,,,,,,,,,,,,,,,,,,,,,,,,,,,,,,,KNeighborsRegressor,"{'mode': 'proxy', 'type': 'ExtraTrees'}",5,"['pe_T2W10', 'diameter_T2W10', 'asp_T2W10', 'z_pe_T2W10', 'z_l3_T2W10']",,,,,,,,,,,,,,,pruned,True,PRUNED
266,6.525170068027211,2026-06-10 20:12:04.826374,2026-06-10 20:12:05.420148,0 days 00:00:00.593774,,,,,,,,,,,manhattan,15.0,uniform,,KNeighborsRegressor,,,,,,3,7.0,3.0,6.0,20.0,,,ExtraTrees,,,,,,,,,,,,,,,,,,,,,,,,,,,,,,,,,,,,,,,,,,,,,,KNeighborsRegressor,"{'mode': 'proxy', 'type': 'ExtraTrees'}",3,"['pe_T2W10', 'asp_T2W10', 'z_l3_T2W10']",,,,,,,,,,,,,,,pruned,True,PRUNED
267,6.546798306438135,2026-06-10 20:12:05.430388,2026-06-10 20:12:07.651505,0 days 00:00:02.221117,,,,,,14.0,log2,4.0,8.0,157.0,,,,,ExtraTreesRegressor,,,,,,4,,,,,,,,False,,,,,,,,,,,,,,,,,,,,,,,,,,,,,,,,,,,,,,,,,,,,,ExtraTreesRegressor,"{'mode': 'original', 'type': 'ExtraTreesRegressor'}",4,"['pe_T2W10', 'l2_T2W10', 'z_pe_T2W10', 'z_l3_T2W10']",,,,,,,,,,,,,,,pruned,False,PRUNED
