number,value,datetime_start,datetime_complete,duration,params_dt_max_depth,params_dt_min_samples_leaf,params_dt_min_samples_split,params_elastic_alpha,params_elastic_l1_ratio,params_et_max_depth,params_et_max_features,params_et_min_samples_leaf,params_et_min_samples_split,params_et_n_estimators,params_knn_metric,params_knn_n_neighbors,params_knn_weights,params_quantile_alpha,params_regressor,params_rf_max_depth,params_rf_max_features,params_rf_min_samples_leaf,params_rf_min_samples_split,params_rf_n_estimators,params_rfe_n_features,params_rfe_proxy_et_max_depth,params_rfe_proxy_et_min_samples_leaf,params_rfe_proxy_et_min_samples_split,params_rfe_proxy_et_n_estimators,params_rfe_proxy_lsvr_C,params_rfe_proxy_lsvr_epsilon,params_rfe_proxy_type,params_use_scaler,user_attrs_d2mae_ci_lower_val,user_attrs_d2mae_ci_upper_val,user_attrs_d2mae_df_val,user_attrs_d2mae_mean_val,user_attrs_d2mae_samperror_val,user_attrs_d2mae_std_val,user_attrs_d2mae_t_critical_val,user_attrs_mae_ci_lower_val,user_attrs_mae_ci_upper_val,user_attrs_mae_df_val,user_attrs_mae_mean_val,user_attrs_mae_samperror_val,user_attrs_mae_std_val,user_attrs_mae_t_critical_val,user_attrs_mape_ci_lower_val,user_attrs_mape_ci_upper_val,user_attrs_mape_df_val,user_attrs_mape_mean_val,user_attrs_mape_samperror_val,user_attrs_mape_std_val,user_attrs_mape_t_critical_val,user_attrs_max_error_ci_lower_val,user_attrs_max_error_ci_upper_val,user_attrs_max_error_df_val,user_attrs_max_error_mean_val,user_attrs_max_error_samperror_val,user_attrs_max_error_std_val,user_attrs_max_error_t_critical_val,user_attrs_median_ae_ci_lower_val,user_attrs_median_ae_ci_upper_val,user_attrs_median_ae_df_val,user_attrs_median_ae_mean_val,user_attrs_median_ae_samperror_val,user_attrs_median_ae_std_val,user_attrs_median_ae_t_critical_val,user_attrs_n_splits_val,user_attrs_r2_below_zero_val,user_attrs_r2_ci_lower_val,user_attrs_r2_ci_upper_val,user_attrs_r2_df_val,user_attrs_r2_mean_val,user_attrs_r2_samperror_val,user_attrs_r2_std_val,user_attrs_r2_t_critical_val,user_attrs_regressor_final,user_attrs_rfe_estimator,user_attrs_rfe_n_features,user_attrs_rfe_selected_features,user_attrs_rho_ci_lower_val,user_attrs_rho_ci_upper_val,user_attrs_rho_df_val,user_attrs_rho_mean_val,user_attrs_rho_samperror_val,user_attrs_rho_std_val,user_attrs_rho_t_critical_val,user_attrs_rmse_ci_lower_val,user_attrs_rmse_ci_upper_val,user_attrs_rmse_df_val,user_attrs_rmse_mean_val,user_attrs_rmse_samperror_val,user_attrs_rmse_std_val,user_attrs_rmse_t_critical_val,user_attrs_termination_reason,user_attrs_use_scaler_final,state
76,6.438980635561628,2026-06-10 20:05:29.658804,2026-06-10 20:05:31.713867,0 days 00:00:02.055063,,,,,,,,,,,manhattan,20.0,distance,,KNeighborsRegressor,,,,,,7,7.0,3.0,7.0,20.0,,,ExtraTrees,,0.010419359443274505,0.024348860237579782,98.0,0.017384109840427143,0.006964750397152638,0.03492039706676176,1.9844674545084815,6.3758970674993485,6.502064203623908,98.0,6.438980635561628,0.06308356806227951,0.316293207869085,1.9844674545084815,149649576050331.0,349323094135111.8,98.0,249486335092721.4,99836759042390.42,500569161680825.4,1.9844674545084815,16.93622215773072,17.53340544702213,98.0,17.234813802376426,0.29859164464570465,1.497101575400064,1.9844674545084815,5.7868688796189796,5.989448162594431,98.0,5.888158521106705,0.10128964148772543,0.5078537345641793,1.9844674545084815,99.0,0.3434343434343434,0.007226180320702137,0.034484717884259386,98.0,0.02085544910248076,0.013629268781778624,0.0683354679564548,1.9844674545084815,KNeighborsRegressor,"{'mode': 'proxy', 'type': 'ExtraTrees'}",7,"['pe_T2W10', 'l2_T2W10', 'lcc_T2W10', 'diameter_T2W10', 'asp_T2W10', 'z_pe_T2W10', 'z_l3_T2W10']",0.15657860636960938,0.20554502183815984,98.0,0.1810618141038846,0.024483207734275234,0.12275577541133907,1.9844674545084815,7.584227292588106,7.72836247517106,98.0,7.656294883879583,0.07206759129147677,0.361337989165029,1.9844674545084815,completed,True,COMPLETE
77,6.707406925966578,2026-06-10 20:05:31.726344,2026-06-10 20:05:32.096240,0 days 00:00:00.369896,,,,,,,,,,,manhattan,20.0,distance,,KNeighborsRegressor,,,,,,7,6.0,3.0,7.0,20.0,,,ExtraTrees,,,,,,,,,,,,,,,,,,,,,,,,,,,,,,,,,,,,,,,,,,,,,,KNeighborsRegressor,"{'mode': 'proxy', 'type': 'ExtraTrees'}",7,"['nodes_T2W10', 'pe_T2W10', 'l2_T2W10', 'lcc_T2W10', 'diameter_T2W10', 'z_l2_T2W10', 'z_l3_T2W10']",,,,,,,,,,,,,,,pruned,True,PRUNED
78,6.751273928739056,2026-06-10 20:05:32.106217,2026-06-10 20:05:32.215385,0 days 00:00:00.109168,,,,,,,,,,,,,,,LinearRegression,,,,,,9,,,,,,,,False,,,,,,,,,,,,,,,,,,,,,,,,,,,,,,,,,,,,,,,,,,,,,LinearRegression,"{'mode': 'original', 'type': 'LinearRegression'}",9,"['nodes_T2W10', 'pe_T2W10', 'l2_T2W10', 'atd_T2W10', 'density_T2W10', 'diameter_T2W10', 'asp_T2W10', 'z_pe_T2W10', 'z_diameter_T2W10']",,,,,,,,,,,,,,,pruned,False,PRUNED
79,6.4640459852088945,2026-06-10 20:05:32.224836,2026-06-10 20:06:07.077332,0 days 00:00:34.852496,,,,,,10.0,log2,2.0,9.0,466.0,,,,,ExtraTreesRegressor,,,,,,8,,,,,,,,True,0.0067852252316406925,0.020266733461689175,98.0,0.013525979346664933,0.006740754115024241,0.03379730741280951,1.9844674545084815,6.402482165823446,6.525609804594343,98.0,6.4640459852088945,0.061563819385449074,0.3086733759712612,1.9844674545084815,155287026928358.53,361820533675850.25,98.0,258553780302104.4,103266753373745.88,517766729024608.75,1.9844674545084815,16.862995393068065,17.573917364175212,98.0,17.21845637862164,0.355460985553573,1.7822374169141668,1.9844674545084815,5.842578410317409,6.073289635356004,98.0,5.957934022836707,0.11535561251929759,0.5783787735882452,1.9844674545084815,99.0,0.36363636363636365,0.0011924246702750552,0.027025589012137516,98.0,0.014109006841206286,0.01291658217093123,0.06476214543722565,1.9844674545084815,ExtraTreesRegressor,"{'mode': 'original', 'type': 'ExtraTreesRegressor'}",8,"['pe_T2W10', 'l2_T2W10', 'l3_T2W10', 'diameter_T2W10', 'asp_T2W10', 'z_pe_T2W10', 'z_l2_T2W10', 'z_l3_T2W10']",0.1466546616498216,0.19208605761662656,98.0,0.16937035963322408,0.02271569798340247,0.11389370013221872,1.9844674545084815,7.614647908794245,7.7508725884361045,98.0,7.682760248615175,0.0681123398209295,0.3415068474909683,1.9844674545084815,completed,True,COMPLETE
80,6.696200003842691,2026-06-10 20:06:07.089591,2026-06-10 20:06:09.993787,0 days 00:00:02.904196,,,,,,,,,,,,,,,RandomForestRegressor,9.0,log2,3.0,8.0,275.0,10,,,,,,,,False,,,,,,,,,,,,,,,,,,,,,,,,,,,,,,,,,,,,,,,,,,,,,RandomForestRegressor,"{'mode': 'original', 'type': 'RandomForestRegressor'}",10,"['pe_T2W10', 'l2_T2W10', 'l3_T2W10', 'density_T2W10', 'diameter_T2W10', 'asp_T2W10', 'z_re_T2W10', 'z_pe_T2W10', 'z_l2_T2W10', 'z_l3_T2W10']",,,,,,,,,,,,,,,pruned,False,PRUNED
81,6.438980635561628,2026-06-10 20:06:10.003974,2026-06-10 20:06:11.913492,0 days 00:00:01.909518,,,,,,,,,,,manhattan,20.0,distance,,KNeighborsRegressor,,,,,,7,7.0,3.0,7.0,20.0,,,ExtraTrees,,0.010419359443274505,0.024348860237579782,98.0,0.017384109840427143,0.006964750397152638,0.03492039706676176,1.9844674545084815,6.3758970674993485,6.502064203623908,98.0,6.438980635561628,0.06308356806227951,0.316293207869085,1.9844674545084815,149649576050331.0,349323094135111.8,98.0,249486335092721.4,99836759042390.42,500569161680825.4,1.9844674545084815,16.93622215773072,17.53340544702213,98.0,17.234813802376426,0.29859164464570465,1.497101575400064,1.9844674545084815,5.7868688796189796,5.989448162594431,98.0,5.888158521106705,0.10128964148772543,0.5078537345641793,1.9844674545084815,99.0,0.3434343434343434,0.007226180320702137,0.034484717884259386,98.0,0.02085544910248076,0.013629268781778624,0.0683354679564548,1.9844674545084815,KNeighborsRegressor,"{'mode': 'proxy', 'type': 'ExtraTrees'}",7,"['pe_T2W10', 'l2_T2W10', 'lcc_T2W10', 'diameter_T2W10', 'asp_T2W10', 'z_pe_T2W10', 'z_l3_T2W10']",0.15657860636960938,0.20554502183815984,98.0,0.1810618141038846,0.024483207734275234,0.12275577541133907,1.9844674545084815,7.584227292588106,7.72836247517106,98.0,7.656294883879583,0.07206759129147677,0.361337989165029,1.9844674545084815,completed,True,COMPLETE
82,6.561173161164575,2026-06-10 20:06:11.925947,2026-06-10 20:06:12.371598,0 days 00:00:00.445651,,,,,,,,,,,manhattan,20.0,distance,,KNeighborsRegressor,,,,,,8,7.0,3.0,7.0,20.0,,,ExtraTrees,,,,,,,,,,,,,,,,,,,,,,,,,,,,,,,,,,,,,,,,,,,,,,KNeighborsRegressor,"{'mode': 'proxy', 'type': 'ExtraTrees'}",8,"['pe_T2W10', 'l2_T2W10', 'lcc_T2W10', 'density_T2W10', 'diameter_T2W10', 'asp_T2W10', 'z_pe_T2W10', 'z_l3_T2W10']",,,,,,,,,,,,,,,pruned,True,PRUNED
83,6.438980635561628,2026-06-10 20:06:12.381611,2026-06-10 20:06:14.227217,0 days 00:00:01.845606,,,,,,,,,,,manhattan,20.0,distance,,KNeighborsRegressor,,,,,,7,7.0,3.0,7.0,20.0,,,ExtraTrees,,0.010419359443274505,0.024348860237579782,98.0,0.017384109840427143,0.006964750397152638,0.03492039706676176,1.9844674545084815,6.3758970674993485,6.502064203623908,98.0,6.438980635561628,0.06308356806227951,0.316293207869085,1.9844674545084815,149649576050331.0,349323094135111.8,98.0,249486335092721.4,99836759042390.42,500569161680825.4,1.9844674545084815,16.93622215773072,17.53340544702213,98.0,17.234813802376426,0.29859164464570465,1.497101575400064,1.9844674545084815,5.7868688796189796,5.989448162594431,98.0,5.888158521106705,0.10128964148772543,0.5078537345641793,1.9844674545084815,99.0,0.3434343434343434,0.007226180320702137,0.034484717884259386,98.0,0.02085544910248076,0.013629268781778624,0.0683354679564548,1.9844674545084815,KNeighborsRegressor,"{'mode': 'proxy', 'type': 'ExtraTrees'}",7,"['pe_T2W10', 'l2_T2W10', 'lcc_T2W10', 'diameter_T2W10', 'asp_T2W10', 'z_pe_T2W10', 'z_l3_T2W10']",0.15657860636960938,0.20554502183815984,98.0,0.1810618141038846,0.024483207734275234,0.12275577541133907,1.9844674545084815,7.584227292588106,7.72836247517106,98.0,7.656294883879583,0.07206759129147677,0.361337989165029,1.9844674545084815,completed,True,COMPLETE
84,6.7272520860837215,2026-06-10 20:06:14.239912,2026-06-10 20:06:14.642379,0 days 00:00:00.402467,,,,,,,,,,,manhattan,20.0,distance,,KNeighborsRegressor,,,,,,9,7.0,3.0,7.0,20.0,,,ExtraTrees,,,,,,,,,,,,,,,,,,,,,,,,,,,,,,,,,,,,,,,,,,,,,,KNeighborsRegressor,"{'mode': 'proxy', 'type': 'ExtraTrees'}",9,"['pe_T2W10', 'l2_T2W10', 'lcc_T2W10', 'density_T2W10', 'diameter_T2W10', 'asp_T2W10', 'z_re_T2W10', 'z_pe_T2W10', 'z_l3_T2W10']",,,,,,,,,,,,,,,pruned,True,PRUNED
85,6.471130394918952,2026-06-10 20:06:14.652323,2026-06-10 20:06:16.624266,0 days 00:00:01.971943,,,,,,,,,,,manhattan,20.0,distance,,KNeighborsRegressor,,,,,,7,6.0,3.0,8.0,20.0,,,ExtraTrees,,0.006086476151845904,0.01875467138675809,98.0,0.012420573769301998,0.0063340976174560935,0.03175838203069331,1.9844674545084815,6.4122768545541495,6.529983935283755,98.0,6.471130394918952,0.05885354036480303,0.2950843721784811,1.9844674545084815,155718318285028.38,363257966094364.25,98.0,259488142189696.3,103769823904667.95,520289062445138.44,1.9844674545084815,17.139933647872347,17.755387882815292,98.0,17.44766076534382,0.3077271174714735,1.5429057062414053,1.9844674545084815,5.856339025569774,6.101473213587537,98.0,5.978906119578656,0.12256709400888131,0.6145362498358965,1.9844674545084815,99.0,0.45454545454545453,-0.008721674788862297,0.016853402382488974,98.0,0.004065863796813339,0.012787538585675636,0.0641151368613137,1.9844674545084815,KNeighborsRegressor,"{'mode': 'proxy', 'type': 'ExtraTrees'}",7,"['pe_T2W10', 'l2_T2W10', 'diameter_T2W10', 'asp_T2W10', 'z_pe_T2W10', 'z_l3_T2W10', 'z_density_T2W10']",0.12067426579418952,0.17137147141436151,98.0,0.14602286860427552,0.025348602810085993,0.12709475928638028,1.9844674545084815,7.653664509554213,7.790661934253082,98.0,7.722163221903648,0.0684987123494344,0.3434440715609933,1.9844674545084815,completed,True,COMPLETE
86,6.420161360358574,2026-06-10 20:06:16.637714,2026-06-10 20:06:18.548811,0 days 00:00:01.911097,,,,,,,,,,,manhattan,17.0,distance,,KNeighborsRegressor,,,,,,5,7.0,3.0,8.0,20.0,,,ExtraTrees,,0.012810003640246374,0.027592901369141946,98.0,0.02020145250469416,0.007391448864447787,0.0370598104062286,1.9844674545084815,6.356504941987325,6.483817778729824,98.0,6.420161360358574,0.0636564183712493,0.3191654084661402,1.9844674545084815,148603302176287.5,347614387094647.7,98.0,248108844635467.6,99505542459180.08,498908482698628.2,1.9844674545084815,17.28788027513411,17.86678743146206,98.0,17.577333853298086,0.28945357816397543,1.45128444028853,1.9844674545084815,5.714268415742896,5.929465013182328,98.0,5.821866714462612,0.10759829871971587,0.5394845616487032,1.9844674545084815,99.0,0.42424242424242425,-0.007138074891994317,0.022731247511771593,98.0,0.007796586309888638,0.014934661201882955,0.07488054409538156,1.9844674545084815,KNeighborsRegressor,"{'mode': 'proxy', 'type': 'ExtraTrees'}",5,"['pe_T2W10', 'diameter_T2W10', 'asp_T2W10', 'z_pe_T2W10', 'z_l3_T2W10']",0.14465611284542895,0.19441923082759582,98.0,0.1695376718365124,0.024881558991083446,0.12475305934350601,1.9844674545084815,7.631840502135558,7.780173694612953,98.0,7.706007098374256,0.0741665962386979,0.37186214035816073,1.9844674545084815,completed,True,COMPLETE
87,6.420161360358574,2026-06-10 20:06:18.561330,2026-06-10 20:06:20.612877,0 days 00:00:02.051547,,,,,,,,,,,manhattan,17.0,distance,,KNeighborsRegressor,,,,,,5,7.0,3.0,8.0,20.0,,,ExtraTrees,,0.012810003640246374,0.027592901369141946,98.0,0.02020145250469416,0.007391448864447787,0.0370598104062286,1.9844674545084815,6.356504941987325,6.483817778729824,98.0,6.420161360358574,0.0636564183712493,0.3191654084661402,1.9844674545084815,148603302176287.5,347614387094647.7,98.0,248108844635467.6,99505542459180.08,498908482698628.2,1.9844674545084815,17.28788027513411,17.86678743146206,98.0,17.577333853298086,0.28945357816397543,1.45128444028853,1.9844674545084815,5.714268415742896,5.929465013182328,98.0,5.821866714462612,0.10759829871971587,0.5394845616487032,1.9844674545084815,99.0,0.42424242424242425,-0.007138074891994317,0.022731247511771593,98.0,0.007796586309888638,0.014934661201882955,0.07488054409538156,1.9844674545084815,KNeighborsRegressor,"{'mode': 'proxy', 'type': 'ExtraTrees'}",5,"['pe_T2W10', 'diameter_T2W10', 'asp_T2W10', 'z_pe_T2W10', 'z_l3_T2W10']",0.14465611284542895,0.19441923082759582,98.0,0.1695376718365124,0.024881558991083446,0.12475305934350601,1.9844674545084815,7.631840502135558,7.780173694612953,98.0,7.706007098374256,0.0741665962386979,0.37186214035816073,1.9844674545084815,completed,True,COMPLETE
88,6.453063026420355,2026-06-10 20:06:20.625146,2026-06-10 20:06:22.667338,0 days 00:00:02.042192,,,,,,,,,,,manhattan,15.0,distance,,KNeighborsRegressor,,,,,,5,6.0,3.0,8.0,20.0,,,ExtraTrees,,0.0072559584247574496,0.023514713847172436,98.0,0.015385336135964942,0.008129377711207492,0.04075969437427452,1.9844674545084815,6.380721698503571,6.525404354337139,98.0,6.453063026420355,0.0723413279167841,0.3627104707476217,1.9844674545084815,153359927385370.2,358385938532737.7,98.0,255872932959053.94,102513005573683.77,513987530781247.75,1.9844674545084815,17.092034355954983,17.66593068048527,98.0,17.378982518220127,0.2869481622651432,1.4387225948503408,1.9844674545084815,5.844351950309316,6.098018851896534,98.0,5.971185401102925,0.12683345079360875,0.6359272350766687,1.9844674545084815,99.0,0.48484848484848486,-0.013568221753577666,0.01749447951004822,98.0,0.0019631288782352777,0.015531350631812943,0.07787227109642576,1.9844674545084815,KNeighborsRegressor,"{'mode': 'proxy', 'type': 'ExtraTrees'}",5,"['pe_T2W10', 'diameter_T2W10', 'asp_T2W10', 'z_l3_T2W10', 'z_density_T2W10']",0.13683885383502162,0.1886230222499176,98.0,0.1627309380424696,0.025892084207447975,0.1298197077930831,1.9844674545084815,7.648447836458094,7.810300721959073,98.0,7.729374279208583,0.08092644275048928,0.4057551746869467,1.9844674545084815,completed,True,COMPLETE
89,6.394922583338172,2026-06-10 20:06:22.679864,2026-06-10 20:06:24.614715,0 days 00:00:01.934851,,,,,,,,,,,manhattan,17.0,distance,,KNeighborsRegressor,,,,,,4,7.0,3.0,8.0,20.0,,,ExtraTrees,,0.016516518400161672,0.03178770140499226,98.0,0.024152109902576963,0.007635591502415291,0.03828391139658675,1.9844674545084815,6.327575113722776,6.462270052953568,98.0,6.394922583338172,0.06734746961539602,0.3376718828822317,1.9844674545084815,135374526457286.72,316306326827971.9,98.0,225840426642629.28,90465900185342.56,453584834392014.94,1.9844674545084815,17.600455724291947,18.231413104725192,98.0,17.91593441450857,0.31547869021662317,1.5817711332440985,1.9844674545084815,5.707416029749684,5.962405104832579,98.0,5.834910567291131,0.12749453754144752,0.6392418422648232,1.9844674545084815,99.0,0.4444444444444444,-0.010338914551295526,0.020595978212918524,98.0,0.005128531830811498,0.015467446382107024,0.07755186309230022,1.9844674545084815,KNeighborsRegressor,"{'mode': 'proxy', 'type': 'ExtraTrees'}",4,"['pe_T2W10', 'diameter_T2W10', 'asp_T2W10', 'z_l3_T2W10']",0.15367747661837355,0.2018431308045459,98.0,0.17776030371145973,0.024082827093086182,0.1207483163968879,1.9844674545084815,7.637856934300531,7.7954852380962105,98.0,7.716671086198371,0.07881415189783998,0.395164409607245,1.9844674545084815,completed,True,COMPLETE
90,6.572027433558926,2026-06-10 20:06:24.627309,2026-06-10 20:06:24.917435,0 days 00:00:00.290126,,,,,,,,,,,,,,0.05686842526434626,QuantileRegressor,,,,,,3,,,,,,,,True,,,,,,,,,,,,,,,,,,,,,,,,,,,,,,,,,,,,,,,,,,,,,QuantileRegressor,"{'mode': 'original', 'type': 'QuantileRegressor'}",3,"['pe_T2W10', 'z_pe_T2W10', 'z_l3_T2W10']",,,,,,,,,,,,,,,pruned,True,PRUNED
91,6.420161360358574,2026-06-10 20:06:24.927973,2026-06-10 20:06:26.988075,0 days 00:00:02.060102,,,,,,,,,,,manhattan,17.0,distance,,KNeighborsRegressor,,,,,,5,7.0,3.0,8.0,20.0,,,ExtraTrees,,0.012810003640246374,0.027592901369141946,98.0,0.02020145250469416,0.007391448864447787,0.0370598104062286,1.9844674545084815,6.356504941987325,6.483817778729824,98.0,6.420161360358574,0.0636564183712493,0.3191654084661402,1.9844674545084815,148603302176287.5,347614387094647.7,98.0,248108844635467.6,99505542459180.08,498908482698628.2,1.9844674545084815,17.28788027513411,17.86678743146206,98.0,17.577333853298086,0.28945357816397543,1.45128444028853,1.9844674545084815,5.714268415742896,5.929465013182328,98.0,5.821866714462612,0.10759829871971587,0.5394845616487032,1.9844674545084815,99.0,0.42424242424242425,-0.007138074891994317,0.022731247511771593,98.0,0.007796586309888638,0.014934661201882955,0.07488054409538156,1.9844674545084815,KNeighborsRegressor,"{'mode': 'proxy', 'type': 'ExtraTrees'}",5,"['pe_T2W10', 'diameter_T2W10', 'asp_T2W10', 'z_pe_T2W10', 'z_l3_T2W10']",0.14465611284542895,0.19441923082759582,98.0,0.1695376718365124,0.024881558991083446,0.12475305934350601,1.9844674545084815,7.631840502135558,7.780173694612953,98.0,7.706007098374256,0.0741665962386979,0.37186214035816073,1.9844674545084815,completed,True,COMPLETE
92,6.474189223081764,2026-06-10 20:06:27.000881,2026-06-10 20:06:29.007670,0 days 00:00:02.006789,,,,,,,,,,,manhattan,17.0,distance,,KNeighborsRegressor,,,,,,3,7.0,3.0,9.0,20.0,,,ExtraTrees,,0.004692677730408935,0.01915277524939116,98.0,0.011922726489900047,0.0072300487594911126,0.03625057024250237,1.9844674545084815,6.41191657248228,6.536461873681247,98.0,6.474189223081764,0.0622726505994841,0.31222736800772205,1.9844674545084815,138499770885241.56,324019408951331.3,98.0,231259589918286.44,92759819033044.88,465086259774529.94,1.9844674545084815,17.48075919434595,18.07826335052532,98.0,17.779511272435634,0.29875207808968335,1.4979059688452068,1.9844674545084815,5.881311155035746,6.097795712603844,98.0,5.989553433819795,0.10824227878404918,0.5427133980415755,1.9844674545084815,99.0,0.5252525252525253,-0.027141022262977384,0.002193954021438743,98.0,-0.01247353412076932,0.014667488142208062,0.07354097141906524,1.9844674545084815,KNeighborsRegressor,"{'mode': 'proxy', 'type': 'ExtraTrees'}",3,"['pe_T2W10', 'asp_T2W10', 'z_l3_T2W10']",0.11741012848388897,0.16558117577450215,98.0,0.14149565212919557,0.024085523645306597,0.12076183657620213,1.9844674545084815,7.711322029351699,7.858055811397691,98.0,7.784688920374695,0.0733668910229955,0.36785251731695245,1.9844674545084815,completed,True,COMPLETE
93,6.42453853459832,2026-06-10 20:06:29.020543,2026-06-10 20:06:30.945711,0 days 00:00:01.925168,,,,,,,,,,,manhattan,14.0,distance,,KNeighborsRegressor,,,,,,4,7.0,3.0,8.0,20.0,,,ExtraTrees,,0.011498910498020433,0.027829934147137823,98.0,0.019664422322579127,0.008165511824558694,0.040940866349424586,1.9844674545084815,6.353605400321892,6.495471668874749,98.0,6.42453853459832,0.07093313427642843,0.35564996200516735,1.9844674545084815,135014862242460.94,315667340032251.1,98.0,225341101137356.03,90326238894895.1,452884589955505.6,1.9844674545084815,17.917249086869475,18.545434262996018,98.0,18.231341674932747,0.3140925880632722,1.5748213884851339,1.9844674545084815,5.714708375011888,5.957387488703963,98.0,5.836047931857926,0.12133955684603785,0.6083815303274667,1.9844674545084815,99.0,0.5454545454545454,-0.028117043498679897,0.004936475580198553,98.0,-0.011590283959240671,0.016526759539439224,0.0828631282436269,1.9844674545084815,KNeighborsRegressor,"{'mode': 'proxy', 'type': 'ExtraTrees'}",4,"['pe_T2W10', 'diameter_T2W10', 'asp_T2W10', 'z_l3_T2W10']",0.14233323863042627,0.19015771853418903,98.0,0.16624547858230765,0.02391223995188137,0.11989301356969814,1.9844674545084815,7.698423317703832,7.863403454018118,98.0,7.780913385860975,0.08249006815714262,0.4135949990812759,1.9844674545084815,completed,True,COMPLETE
