number,value,datetime_start,datetime_complete,duration,params_dt_max_depth,params_dt_min_samples_leaf,params_dt_min_samples_split,params_elastic_alpha,params_elastic_l1_ratio,params_et_max_depth,params_et_max_features,params_et_min_samples_leaf,params_et_min_samples_split,params_et_n_estimators,params_knn_metric,params_knn_n_neighbors,params_knn_weights,params_quantile_alpha,params_regressor,params_rf_max_depth,params_rf_max_features,params_rf_min_samples_leaf,params_rf_min_samples_split,params_rf_n_estimators,params_rfe_n_features,params_rfe_proxy_et_max_depth,params_rfe_proxy_et_min_samples_leaf,params_rfe_proxy_et_min_samples_split,params_rfe_proxy_et_n_estimators,params_rfe_proxy_lsvr_C,params_rfe_proxy_lsvr_epsilon,params_rfe_proxy_type,params_use_scaler,user_attrs_d2mae_ci_lower_val,user_attrs_d2mae_ci_upper_val,user_attrs_d2mae_df_val,user_attrs_d2mae_mean_val,user_attrs_d2mae_samperror_val,user_attrs_d2mae_std_val,user_attrs_d2mae_t_critical_val,user_attrs_mae_ci_lower_val,user_attrs_mae_ci_upper_val,user_attrs_mae_df_val,user_attrs_mae_mean_val,user_attrs_mae_samperror_val,user_attrs_mae_std_val,user_attrs_mae_t_critical_val,user_attrs_mape_ci_lower_val,user_attrs_mape_ci_upper_val,user_attrs_mape_df_val,user_attrs_mape_mean_val,user_attrs_mape_samperror_val,user_attrs_mape_std_val,user_attrs_mape_t_critical_val,user_attrs_max_error_ci_lower_val,user_attrs_max_error_ci_upper_val,user_attrs_max_error_df_val,user_attrs_max_error_mean_val,user_attrs_max_error_samperror_val,user_attrs_max_error_std_val,user_attrs_max_error_t_critical_val,user_attrs_median_ae_ci_lower_val,user_attrs_median_ae_ci_upper_val,user_attrs_median_ae_df_val,user_attrs_median_ae_mean_val,user_attrs_median_ae_samperror_val,user_attrs_median_ae_std_val,user_attrs_median_ae_t_critical_val,user_attrs_n_splits_val,user_attrs_r2_below_zero_val,user_attrs_r2_ci_lower_val,user_attrs_r2_ci_upper_val,user_attrs_r2_df_val,user_attrs_r2_mean_val,user_attrs_r2_samperror_val,user_attrs_r2_std_val,user_attrs_r2_t_critical_val,user_attrs_regressor_final,user_attrs_rfe_estimator,user_attrs_rfe_n_features,user_attrs_rfe_selected_features,user_attrs_rho_ci_lower_val,user_attrs_rho_ci_upper_val,user_attrs_rho_df_val,user_attrs_rho_mean_val,user_attrs_rho_samperror_val,user_attrs_rho_std_val,user_attrs_rho_t_critical_val,user_attrs_rmse_ci_lower_val,user_attrs_rmse_ci_upper_val,user_attrs_rmse_df_val,user_attrs_rmse_mean_val,user_attrs_rmse_samperror_val,user_attrs_rmse_std_val,user_attrs_rmse_t_critical_val,user_attrs_termination_reason,user_attrs_use_scaler_final,state
561,6.5744897959183675,2026-06-10 21:05:39.634569,2026-06-10 21:05:40.160013,0 days 00:00:00.525444,,,,,,,,,,,manhattan,16.0,uniform,,KNeighborsRegressor,,,,,,3,2.0,1.0,7.0,20.0,,,ExtraTrees,,,,,,,,,,,,,,,,,,,,,,,,,,,,,,,,,,,,,,,,,,,,,,KNeighborsRegressor,"{'mode': 'proxy', 'type': 'ExtraTrees'}",3,"['pe_T2W10', 'z_l3_T2W10', 'z_density_T2W10']",,,,,,,,,,,,,,,pruned,True,PRUNED
562,6.665314009984877,2026-06-10 21:05:40.175375,2026-06-10 21:05:41.533490,0 days 00:00:01.358115,,,,,,,,,,,,,,,RandomForestRegressor,8.0,sqrt,2.0,8.0,92.0,4,,,,,,,,True,,,,,,,,,,,,,,,,,,,,,,,,,,,,,,,,,,,,,,,,,,,,,RandomForestRegressor,"{'mode': 'original', 'type': 'RandomForestRegressor'}",4,"['pe_T2W10', 'diameter_T2W10', 'asp_T2W10', 'z_l3_T2W10']",,,,,,,,,,,,,,,pruned,True,PRUNED
563,6.406734988367641,2026-06-10 21:05:41.543567,2026-06-10 21:05:43.606242,0 days 00:00:02.062675,,,,,,,,,,,manhattan,14.0,uniform,,KNeighborsRegressor,,,,,,4,7.0,3.0,6.0,20.0,,,ExtraTrees,,0.014637702359712304,0.03011241924414794,98.0,0.02237506080193012,0.007737358442217818,0.03879415824586743,1.9844674545084815,6.3379345986238285,6.475535378111454,98.0,6.406734988367641,0.0688003897438124,0.34495664470389487,1.9844674545084815,141432243186008.5,330320381443873.6,98.0,235876312314941.06,94444069128932.55,473530881441398.9,1.9844674545084815,17.699026674500228,18.29520131972777,98.0,17.997113997114,0.29808732261376963,1.4945729671082457,1.9844674545084815,5.71616477299743,5.963488906656251,98.0,5.8398268398268405,0.12366206682941054,0.6200263081279819,1.9844674545084815,99.0,0.48484848484848486,-0.021896473429688854,0.008231616655267596,98.0,-0.006832428387210628,0.015064045042478224,0.07552925866948267,1.9844674545084815,KNeighborsRegressor,"{'mode': 'proxy', 'type': 'ExtraTrees'}",4,"['pe_T2W10', 'diameter_T2W10', 'asp_T2W10', 'z_l3_T2W10']",0.13097602487910392,0.17982393135081437,98.0,0.15539997811495915,0.024423953235855222,0.12245868068506367,1.9844674545084815,7.683555456612634,7.8444507729158595,98.0,7.764003114764247,0.08044765815161302,0.4033546079259261,1.9844674545084815,completed,True,COMPLETE
564,6.678911564625851,2026-06-10 21:05:43.619114,2026-06-10 21:05:44.110265,0 days 00:00:00.491151,,,,,,,,,,,manhattan,15.0,uniform,,KNeighborsRegressor,,,,,,4,7.0,4.0,6.0,20.0,,,ExtraTrees,,,,,,,,,,,,,,,,,,,,,,,,,,,,,,,,,,,,,,,,,,,,,,KNeighborsRegressor,"{'mode': 'proxy', 'type': 'ExtraTrees'}",4,"['pe_T2W10', 'diameter_T2W10', 'z_pe_T2W10', 'z_l3_T2W10']",,,,,,,,,,,,,,,pruned,True,PRUNED
565,6.540680272108842,2026-06-10 21:05:44.120397,2026-06-10 21:05:44.618448,0 days 00:00:00.498051,,,,,,,,,,,manhattan,15.0,uniform,,KNeighborsRegressor,,,,,,5,7.0,3.0,6.0,20.0,,,ExtraTrees,,,,,,,,,,,,,,,,,,,,,,,,,,,,,,,,,,,,,,,,,,,,,,KNeighborsRegressor,"{'mode': 'proxy', 'type': 'ExtraTrees'}",5,"['pe_T2W10', 'l2_T2W10', 'diameter_T2W10', 'asp_T2W10', 'z_l3_T2W10']",,,,,,,,,,,,,,,pruned,True,PRUNED
566,6.596683673469388,2026-06-10 21:05:44.628864,2026-06-10 21:05:45.102347,0 days 00:00:00.473483,,,,,,,,,,,manhattan,16.0,uniform,,KNeighborsRegressor,,,,,,3,8.0,3.0,5.0,20.0,,,ExtraTrees,,,,,,,,,,,,,,,,,,,,,,,,,,,,,,,,,,,,,,,,,,,,,,KNeighborsRegressor,"{'mode': 'proxy', 'type': 'ExtraTrees'}",3,"['pe_T2W10', 'diameter_T2W10', 'z_l3_T2W10']",,,,,,,,,,,,,,,pruned,True,PRUNED
567,6.406734988367641,2026-06-10 21:05:45.112726,2026-06-10 21:05:47.124513,0 days 00:00:02.011787,,,,,,,,,,,manhattan,14.0,uniform,,KNeighborsRegressor,,,,,,4,7.0,3.0,6.0,20.0,,,ExtraTrees,,0.014637702359712304,0.03011241924414794,98.0,0.02237506080193012,0.007737358442217818,0.03879415824586743,1.9844674545084815,6.3379345986238285,6.475535378111454,98.0,6.406734988367641,0.0688003897438124,0.34495664470389487,1.9844674545084815,141432243186008.5,330320381443873.6,98.0,235876312314941.06,94444069128932.55,473530881441398.9,1.9844674545084815,17.699026674500228,18.29520131972777,98.0,17.997113997114,0.29808732261376963,1.4945729671082457,1.9844674545084815,5.71616477299743,5.963488906656251,98.0,5.8398268398268405,0.12366206682941054,0.6200263081279819,1.9844674545084815,99.0,0.48484848484848486,-0.021896473429688854,0.008231616655267596,98.0,-0.006832428387210628,0.015064045042478224,0.07552925866948267,1.9844674545084815,KNeighborsRegressor,"{'mode': 'proxy', 'type': 'ExtraTrees'}",4,"['pe_T2W10', 'diameter_T2W10', 'asp_T2W10', 'z_l3_T2W10']",0.13097602487910392,0.17982393135081437,98.0,0.15539997811495915,0.024423953235855222,0.12245868068506367,1.9844674545084815,7.683555456612634,7.8444507729158595,98.0,7.764003114764247,0.08044765815161302,0.4033546079259261,1.9844674545084815,completed,True,COMPLETE
568,6.38169449598021,2026-06-10 21:05:47.138451,2026-06-10 21:05:49.089669,0 days 00:00:01.951218,,,,,,,,,,,manhattan,15.0,uniform,,KNeighborsRegressor,,,,,,4,7.0,3.0,6.0,20.0,,,ExtraTrees,,0.018539220615816726,0.033664020757608375,98.0,0.02610162068671255,0.007562400070895825,0.037916938611519055,1.9844674545084815,6.316283314188322,6.4471056777720985,98.0,6.38169449598021,0.0654111817918879,0.32796357522197694,1.9844674545084815,142498577772807.47,332958748379329.6,98.0,237728663076068.56,95230085303261.1,477471869322267.0,1.9844674545084815,17.490536033988263,18.09868955523733,98.0,17.794612794612796,0.3040767606245316,1.5246032684996735,1.9844674545084815,5.738008924363327,5.977815991461591,98.0,5.857912457912459,0.1199035335491315,0.6011814871291359,1.9844674545084815,99.0,0.45454545454545453,-0.012397994689645263,0.017395595170014277,98.0,0.002498800240184507,0.01489679492982977,0.07469068729073916,1.9844674545084815,KNeighborsRegressor,"{'mode': 'proxy', 'type': 'ExtraTrees'}",4,"['pe_T2W10', 'diameter_T2W10', 'asp_T2W10', 'z_l3_T2W10']",0.1415754991475786,0.19078115883771823,98.0,0.16617832899264842,0.02460282984506982,0.12335554587958426,1.9844674545084815,7.649304248369289,7.805587754635189,98.0,7.727446001502239,0.07814175313295062,0.39179308536470847,1.9844674545084815,completed,True,COMPLETE
569,6.571173469387756,2026-06-10 21:05:49.102534,2026-06-10 21:05:49.615881,0 days 00:00:00.513347,,,,,,,,,,,manhattan,16.0,uniform,,KNeighborsRegressor,,,,,,3,7.0,3.0,6.0,20.0,,,ExtraTrees,,,,,,,,,,,,,,,,,,,,,,,,,,,,,,,,,,,,,,,,,,,,,,KNeighborsRegressor,"{'mode': 'proxy', 'type': 'ExtraTrees'}",3,"['pe_T2W10', 'asp_T2W10', 'z_l3_T2W10']",,,,,,,,,,,,,,,pruned,True,PRUNED
570,6.538775510204083,2026-06-10 21:05:49.625809,2026-06-10 21:05:49.807872,0 days 00:00:00.182063,,,,,,,,,,,,,,0.0563765452643876,QuantileRegressor,,,,,,5,,,,,,,,False,,,,,,,,,,,,,,,,,,,,,,,,,,,,,,,,,,,,,,,,,,,,,QuantileRegressor,"{'mode': 'original', 'type': 'QuantileRegressor'}",5,"['z_l3_T2W10', 'z_lsc_T2W10', 'z_density_T2W10', 'z_diameter_T2W10', 'z_asp_T2W10']",,,,,,,,,,,,,,,pruned,False,PRUNED
571,6.406734988367641,2026-06-10 21:05:49.818980,2026-06-10 21:05:51.893283,0 days 00:00:02.074303,,,,,,,,,,,manhattan,14.0,uniform,,KNeighborsRegressor,,,,,,4,7.0,3.0,6.0,20.0,,,ExtraTrees,,0.014637702359712304,0.03011241924414794,98.0,0.02237506080193012,0.007737358442217818,0.03879415824586743,1.9844674545084815,6.3379345986238285,6.475535378111454,98.0,6.406734988367641,0.0688003897438124,0.34495664470389487,1.9844674545084815,141432243186008.5,330320381443873.6,98.0,235876312314941.06,94444069128932.55,473530881441398.9,1.9844674545084815,17.699026674500228,18.29520131972777,98.0,17.997113997114,0.29808732261376963,1.4945729671082457,1.9844674545084815,5.71616477299743,5.963488906656251,98.0,5.8398268398268405,0.12366206682941054,0.6200263081279819,1.9844674545084815,99.0,0.48484848484848486,-0.021896473429688854,0.008231616655267596,98.0,-0.006832428387210628,0.015064045042478224,0.07552925866948267,1.9844674545084815,KNeighborsRegressor,"{'mode': 'proxy', 'type': 'ExtraTrees'}",4,"['pe_T2W10', 'diameter_T2W10', 'asp_T2W10', 'z_l3_T2W10']",0.13097602487910392,0.17982393135081437,98.0,0.15539997811495915,0.024423953235855222,0.12245868068506367,1.9844674545084815,7.683555456612634,7.8444507729158595,98.0,7.764003114764247,0.08044765815161302,0.4033546079259261,1.9844674545084815,completed,True,COMPLETE
572,8.657331206208756,2026-06-10 21:05:51.906823,2026-06-10 21:05:52.038097,0 days 00:00:00.131274,11.0,1.0,4.0,,,,,,,,,,,,DecisionTreeRegressor,,,,,,4,,,,,,,,True,,,,,,,,,,,,,,,,,,,,,,,,,,,,,,,,,,,,,,,,,,,,,DecisionTreeRegressor,"{'mode': 'original', 'type': 'DecisionTreeRegressor'}",4,"['pe_T2W10', 'density_T2W10', 'asp_T2W10', 'z_l2_T2W10']",,,,,,,,,,,,,,,pruned,True,PRUNED
573,6.605965463108321,2026-06-10 21:05:52.047760,2026-06-10 21:05:52.528363,0 days 00:00:00.480603,,,,,,,,,,,minkowski,13.0,uniform,,KNeighborsRegressor,,,,,,5,8.0,3.0,6.0,20.0,,,ExtraTrees,,,,,,,,,,,,,,,,,,,,,,,,,,,,,,,,,,,,,,,,,,,,,,KNeighborsRegressor,"{'mode': 'proxy', 'type': 'ExtraTrees'}",5,"['pe_T2W10', 'diameter_T2W10', 'asp_T2W10', 'z_pe_T2W10', 'z_l3_T2W10']",,,,,,,,,,,,,,,pruned,True,PRUNED
574,6.591836734693878,2026-06-10 21:05:52.538326,2026-06-10 21:05:53.065225,0 days 00:00:00.526899,,,,,,,,,,,manhattan,15.0,uniform,,KNeighborsRegressor,,,,,,3,7.0,3.0,6.0,20.0,,,ExtraTrees,,,,,,,,,,,,,,,,,,,,,,,,,,,,,,,,,,,,,,,,,,,,,,KNeighborsRegressor,"{'mode': 'proxy', 'type': 'ExtraTrees'}",3,"['pe_T2W10', 'asp_T2W10', 'z_l3_T2W10']",,,,,,,,,,,,,,,pruned,True,PRUNED
575,6.584761904761905,2026-06-10 21:05:53.075339,2026-06-10 21:05:53.209588,0 days 00:00:00.134249,,,,,,,,,,,manhattan,15.0,uniform,,KNeighborsRegressor,,,,,,4,,,,,0.03261792572208572,0.0009053976916308632,LinearSVR,,,,,,,,,,,,,,,,,,,,,,,,,,,,,,,,,,,,,,,,,,,,,,KNeighborsRegressor,"{'mode': 'proxy', 'type': 'LinearSVR'}",4,"['edges_T2W10', 'pe_T2W10', 'lsc_T2W10', 'z_pe_T2W10']",,,,,,,,,,,,,,,pruned,True,PRUNED
576,6.382820552463411,2026-06-10 21:05:53.221915,2026-06-10 21:05:55.236435,0 days 00:00:02.014520,,,,,,,,,,,manhattan,16.0,uniform,,KNeighborsRegressor,,,,,,4,7.0,3.0,6.0,20.0,,,ExtraTrees,,0.018655947420278714,0.03332616771638618,98.0,0.02599105756833245,0.007335110148053733,0.03677733505039727,1.9844674545084815,6.316994296055696,6.448646808871126,98.0,6.382820552463411,0.06582625640771464,0.33004470800785957,1.9844674545084815,141513118916187.7,330571072079051.3,98.0,236042095497619.5,94528976581431.83,473956596906581.1,1.9844674545084815,17.450198990519294,18.06242727210697,98.0,17.75631313131313,0.3061141407938396,1.534818440678316,1.9844674545084815,5.694206904278575,5.928267843196172,98.0,5.811237373737374,0.11703046945879883,0.5867762991307708,1.9844674545084815,99.0,0.4444444444444444,-0.008292209644505253,0.02112700083851952,98.0,0.006417395597007134,0.014709605241512387,0.07375214134578774,1.9844674545084815,KNeighborsRegressor,"{'mode': 'proxy', 'type': 'ExtraTrees'}",4,"['pe_T2W10', 'diameter_T2W10', 'asp_T2W10', 'z_l3_T2W10']",0.14358422462397524,0.19374927888676402,98.0,0.16866675175536963,0.025082527131394396,0.1257606887425863,1.9844674545084815,7.6347276848162435,7.789950566298985,98.0,7.712339125557614,0.07761144074137079,0.3891341646242089,1.9844674545084815,completed,True,COMPLETE
577,6.534693877551021,2026-06-10 21:05:55.249782,2026-06-10 21:05:55.370927,0 days 00:00:00.121145,,,,9.084239690144596,0.6673235973114715,,,,,,,,,,ElasticNet,,,,,,4,,,,,,,,False,,,,,,,,,,,,,,,,,,,,,,,,,,,,,,,,,,,,,,,,,,,,,ElasticNet,"{'mode': 'original', 'type': 'ElasticNet'}",4,"['z_lsc_T2W10', 'z_density_T2W10', 'z_diameter_T2W10', 'z_asp_T2W10']",,,,,,,,,,,,,,,pruned,False,PRUNED
578,6.676734693877551,2026-06-10 21:05:55.380871,2026-06-10 21:05:55.868567,0 days 00:00:00.487696,,,,,,,,,,,manhattan,15.0,uniform,,KNeighborsRegressor,,,,,,5,6.0,3.0,6.0,20.0,,,ExtraTrees,,,,,,,,,,,,,,,,,,,,,,,,,,,,,,,,,,,,,,,,,,,,,,KNeighborsRegressor,"{'mode': 'proxy', 'type': 'ExtraTrees'}",5,"['pe_T2W10', 'l2_T2W10', 'z_pe_T2W10', 'z_l3_T2W10', 'z_density_T2W10']",,,,,,,,,,,,,,,pruned,True,PRUNED
579,6.493904055128544,2026-06-10 21:05:55.878723,2026-06-10 21:05:56.503467,0 days 00:00:00.624744,,,,,,,,,,,manhattan,14.0,uniform,,KNeighborsRegressor,,,,,,3,7.0,3.0,5.0,20.0,,,ExtraTrees,,,,,,,,,,,,,,,,,,,,,,,,,,,,,,,,,,,,,,,,,,,,,,KNeighborsRegressor,"{'mode': 'proxy', 'type': 'ExtraTrees'}",3,"['pe_T2W10', 'asp_T2W10', 'z_l3_T2W10']",,,,,,,,,,,,,,,pruned,True,PRUNED
580,6.566258503401362,2026-06-10 21:05:56.513504,2026-06-10 21:05:56.941567,0 days 00:00:00.428063,,,,,,,,,,,manhattan,15.0,uniform,,KNeighborsRegressor,,,,,,5,8.0,3.0,6.0,20.0,,,ExtraTrees,,,,,,,,,,,,,,,,,,,,,,,,,,,,,,,,,,,,,,,,,,,,,,KNeighborsRegressor,"{'mode': 'proxy', 'type': 'ExtraTrees'}",5,"['pe_T2W10', 'diameter_T2W10', 'asp_T2W10', 'z_pe_T2W10', 'z_l3_T2W10']",,,,,,,,,,,,,,,pruned,True,PRUNED
581,6.714869413763475,2026-06-10 21:05:56.951756,2026-06-10 21:05:57.067363,0 days 00:00:00.115607,,,,,,,,,,,,,,,LinearRegression,,,,,,4,,,,,,,,True,,,,,,,,,,,,,,,,,,,,,,,,,,,,,,,,,,,,,,,,,,,,,LinearRegression,"{'mode': 'original', 'type': 'LinearRegression'}",4,"['nodes_T2W10', 'density_T2W10', 'diameter_T2W10', 'asp_T2W10']",,,,,,,,,,,,,,,pruned,True,PRUNED
582,6.38169449598021,2026-06-10 21:05:57.077539,2026-06-10 21:05:58.982513,0 days 00:00:01.904974,,,,,,,,,,,manhattan,15.0,uniform,,KNeighborsRegressor,,,,,,4,7.0,3.0,6.0,20.0,,,ExtraTrees,,0.018539220615816726,0.033664020757608375,98.0,0.02610162068671255,0.007562400070895825,0.037916938611519055,1.9844674545084815,6.316283314188322,6.4471056777720985,98.0,6.38169449598021,0.0654111817918879,0.32796357522197694,1.9844674545084815,142498577772807.47,332958748379329.6,98.0,237728663076068.56,95230085303261.1,477471869322267.0,1.9844674545084815,17.490536033988263,18.09868955523733,98.0,17.794612794612796,0.3040767606245316,1.5246032684996735,1.9844674545084815,5.738008924363327,5.977815991461591,98.0,5.857912457912459,0.1199035335491315,0.6011814871291359,1.9844674545084815,99.0,0.45454545454545453,-0.012397994689645263,0.017395595170014277,98.0,0.002498800240184507,0.01489679492982977,0.07469068729073916,1.9844674545084815,KNeighborsRegressor,"{'mode': 'proxy', 'type': 'ExtraTrees'}",4,"['pe_T2W10', 'diameter_T2W10', 'asp_T2W10', 'z_l3_T2W10']",0.1415754991475786,0.19078115883771823,98.0,0.16617832899264842,0.02460282984506982,0.12335554587958426,1.9844674545084815,7.649304248369289,7.805587754635189,98.0,7.727446001502239,0.07814175313295062,0.39179308536470847,1.9844674545084815,completed,True,COMPLETE
583,6.597278911564627,2026-06-10 21:05:58.995322,2026-06-10 21:05:59.548850,0 days 00:00:00.553528,,,,,,,,,,,manhattan,15.0,uniform,,KNeighborsRegressor,,,,,,3,7.0,3.0,2.0,30.0,,,ExtraTrees,,,,,,,,,,,,,,,,,,,,,,,,,,,,,,,,,,,,,,,,,,,,,,KNeighborsRegressor,"{'mode': 'proxy', 'type': 'ExtraTrees'}",3,"['pe_T2W10', 'diameter_T2W10', 'z_l3_T2W10']",,,,,,,,,,,,,,,pruned,True,PRUNED
584,6.5709183673469385,2026-06-10 21:05:59.558899,2026-06-10 21:06:00.039986,0 days 00:00:00.481087,,,,,,,,,,,manhattan,16.0,uniform,,KNeighborsRegressor,,,,,,5,7.0,3.0,7.0,20.0,,,ExtraTrees,,,,,,,,,,,,,,,,,,,,,,,,,,,,,,,,,,,,,,,,,,,,,,KNeighborsRegressor,"{'mode': 'proxy', 'type': 'ExtraTrees'}",5,"['pe_T2W10', 'diameter_T2W10', 'asp_T2W10', 'z_pe_T2W10', 'z_l3_T2W10']",,,,,,,,,,,,,,,pruned,True,PRUNED
585,6.623032069970845,2026-06-10 21:06:00.050248,2026-06-10 21:06:00.559502,0 days 00:00:00.509254,,,,,,,,,,,euclidean,14.0,uniform,,KNeighborsRegressor,,,,,,2,8.0,3.0,6.0,20.0,,,ExtraTrees,,,,,,,,,,,,,,,,,,,,,,,,,,,,,,,,,,,,,,,,,,,,,,KNeighborsRegressor,"{'mode': 'proxy', 'type': 'ExtraTrees'}",2,"['pe_T2W10', 'z_l3_T2W10']",,,,,,,,,,,,,,,pruned,True,PRUNED
586,6.55891156462585,2026-06-10 21:06:00.569673,2026-06-10 21:06:01.050296,0 days 00:00:00.480623,,,,,,,,,,,manhattan,15.0,uniform,,KNeighborsRegressor,,,,,,4,6.0,3.0,6.0,20.0,,,ExtraTrees,,,,,,,,,,,,,,,,,,,,,,,,,,,,,,,,,,,,,,,,,,,,,,KNeighborsRegressor,"{'mode': 'proxy', 'type': 'ExtraTrees'}",4,"['pe_T2W10', 'l2_T2W10', 'z_pe_T2W10', 'z_density_T2W10']",,,,,,,,,,,,,,,pruned,True,PRUNED
587,6.571173469387756,2026-06-10 21:06:01.060337,2026-06-10 21:06:01.602340,0 days 00:00:00.542003,,,,,,,,,,,manhattan,16.0,uniform,,KNeighborsRegressor,,,,,,3,10.0,3.0,6.0,20.0,,,ExtraTrees,,,,,,,,,,,,,,,,,,,,,,,,,,,,,,,,,,,,,,,,,,,,,,KNeighborsRegressor,"{'mode': 'proxy', 'type': 'ExtraTrees'}",3,"['pe_T2W10', 'asp_T2W10', 'z_l3_T2W10']",,,,,,,,,,,,,,,pruned,True,PRUNED
588,6.593280963055905,2026-06-10 21:06:01.612426,2026-06-10 21:06:04.089992,0 days 00:00:02.477566,,,,,,7.0,sqrt,1.0,11.0,286.0,,,,,ExtraTreesRegressor,,,,,,6,,,,,,,,False,,,,,,,,,,,,,,,,,,,,,,,,,,,,,,,,,,,,,,,,,,,,,ExtraTreesRegressor,"{'mode': 'original', 'type': 'ExtraTreesRegressor'}",6,"['pe_T2W10', 'l2_T2W10', 'density_T2W10', 'z_pe_T2W10', 'z_l3_T2W10', 'z_density_T2W10']",,,,,,,,,,,,,,,pruned,False,PRUNED
589,6.678911564625851,2026-06-10 21:06:04.100354,2026-06-10 21:06:04.533366,0 days 00:00:00.433012,,,,,,,,,,,manhattan,15.0,uniform,,KNeighborsRegressor,,,,,,4,7.0,3.0,7.0,20.0,,,ExtraTrees,,,,,,,,,,,,,,,,,,,,,,,,,,,,,,,,,,,,,,,,,,,,,,KNeighborsRegressor,"{'mode': 'proxy', 'type': 'ExtraTrees'}",4,"['pe_T2W10', 'diameter_T2W10', 'z_pe_T2W10', 'z_l3_T2W10']",,,,,,,,,,,,,,,pruned,True,PRUNED
590,6.714706709582077,2026-06-10 21:06:04.543534,2026-06-10 21:06:07.202978,0 days 00:00:02.659444,,,,,,,,,,,,,,,RandomForestRegressor,11.0,log2,4.0,9.0,327.0,16,,,,,,,,True,,,,,,,,,,,,,,,,,,,,,,,,,,,,,,,,,,,,,,,,,,,,,RandomForestRegressor,"{'mode': 'original', 'type': 'RandomForestRegressor'}",16,"['nodes_T2W10', 'pe_T2W10', 'l1_T2W10', 'l2_T2W10', 'l3_T2W10', 'lcc_T2W10', 'lsc_T2W10', 'density_T2W10', 'diameter_T2W10', 'asp_T2W10', 'z_re_T2W10', 'z_pe_T2W10', 'z_l1_T2W10', 'z_l2_T2W10', 'z_l3_T2W10', 'z_asp_T2W10']",,,,,,,,,,,,,,,pruned,True,PRUNED
591,6.38169449598021,2026-06-10 21:06:07.213333,2026-06-10 21:06:09.239793,0 days 00:00:02.026460,,,,,,,,,,,manhattan,15.0,uniform,,KNeighborsRegressor,,,,,,4,7.0,3.0,6.0,20.0,,,ExtraTrees,,0.018539220615816726,0.033664020757608375,98.0,0.02610162068671255,0.007562400070895825,0.037916938611519055,1.9844674545084815,6.316283314188322,6.4471056777720985,98.0,6.38169449598021,0.0654111817918879,0.32796357522197694,1.9844674545084815,142498577772807.47,332958748379329.6,98.0,237728663076068.56,95230085303261.1,477471869322267.0,1.9844674545084815,17.490536033988263,18.09868955523733,98.0,17.794612794612796,0.3040767606245316,1.5246032684996735,1.9844674545084815,5.738008924363327,5.977815991461591,98.0,5.857912457912459,0.1199035335491315,0.6011814871291359,1.9844674545084815,99.0,0.45454545454545453,-0.012397994689645263,0.017395595170014277,98.0,0.002498800240184507,0.01489679492982977,0.07469068729073916,1.9844674545084815,KNeighborsRegressor,"{'mode': 'proxy', 'type': 'ExtraTrees'}",4,"['pe_T2W10', 'diameter_T2W10', 'asp_T2W10', 'z_l3_T2W10']",0.1415754991475786,0.19078115883771823,98.0,0.16617832899264842,0.02460282984506982,0.12335554587958426,1.9844674545084815,7.649304248369289,7.805587754635189,98.0,7.727446001502239,0.07814175313295062,0.39179308536470847,1.9844674545084815,completed,True,COMPLETE
