number,value,datetime_start,datetime_complete,duration,params_dt_max_depth,params_dt_min_samples_leaf,params_dt_min_samples_split,params_elastic_alpha,params_elastic_l1_ratio,params_et_max_depth,params_et_max_features,params_et_min_samples_leaf,params_et_min_samples_split,params_et_n_estimators,params_knn_metric,params_knn_n_neighbors,params_knn_weights,params_quantile_alpha,params_regressor,params_rf_max_depth,params_rf_max_features,params_rf_min_samples_leaf,params_rf_min_samples_split,params_rf_n_estimators,params_rfe_n_features,params_rfe_proxy_et_max_depth,params_rfe_proxy_et_min_samples_leaf,params_rfe_proxy_et_min_samples_split,params_rfe_proxy_et_n_estimators,params_rfe_proxy_lsvr_C,params_rfe_proxy_lsvr_epsilon,params_rfe_proxy_type,params_use_scaler,user_attrs_d2mae_ci_lower_val,user_attrs_d2mae_ci_upper_val,user_attrs_d2mae_df_val,user_attrs_d2mae_mean_val,user_attrs_d2mae_samperror_val,user_attrs_d2mae_std_val,user_attrs_d2mae_t_critical_val,user_attrs_mae_ci_lower_val,user_attrs_mae_ci_upper_val,user_attrs_mae_df_val,user_attrs_mae_mean_val,user_attrs_mae_samperror_val,user_attrs_mae_std_val,user_attrs_mae_t_critical_val,user_attrs_mape_ci_lower_val,user_attrs_mape_ci_upper_val,user_attrs_mape_df_val,user_attrs_mape_mean_val,user_attrs_mape_samperror_val,user_attrs_mape_std_val,user_attrs_mape_t_critical_val,user_attrs_max_error_ci_lower_val,user_attrs_max_error_ci_upper_val,user_attrs_max_error_df_val,user_attrs_max_error_mean_val,user_attrs_max_error_samperror_val,user_attrs_max_error_std_val,user_attrs_max_error_t_critical_val,user_attrs_median_ae_ci_lower_val,user_attrs_median_ae_ci_upper_val,user_attrs_median_ae_df_val,user_attrs_median_ae_mean_val,user_attrs_median_ae_samperror_val,user_attrs_median_ae_std_val,user_attrs_median_ae_t_critical_val,user_attrs_n_splits_val,user_attrs_r2_below_zero_val,user_attrs_r2_ci_lower_val,user_attrs_r2_ci_upper_val,user_attrs_r2_df_val,user_attrs_r2_mean_val,user_attrs_r2_samperror_val,user_attrs_r2_std_val,user_attrs_r2_t_critical_val,user_attrs_regressor_final,user_attrs_rfe_estimator,user_attrs_rfe_n_features,user_attrs_rfe_selected_features,user_attrs_rho_ci_lower_val,user_attrs_rho_ci_upper_val,user_attrs_rho_df_val,user_attrs_rho_mean_val,user_attrs_rho_samperror_val,user_attrs_rho_std_val,user_attrs_rho_t_critical_val,user_attrs_rmse_ci_lower_val,user_attrs_rmse_ci_upper_val,user_attrs_rmse_df_val,user_attrs_rmse_mean_val,user_attrs_rmse_samperror_val,user_attrs_rmse_std_val,user_attrs_rmse_t_critical_val,user_attrs_termination_reason,user_attrs_use_scaler_final,state
117,6.55603926034602,2026-06-10 20:07:24.704424,2026-06-10 20:07:25.242573,0 days 00:00:00.538149,,,,,,,,,,,manhattan,16.0,distance,,KNeighborsRegressor,,,,,,4,6.0,4.0,5.0,20.0,,,ExtraTrees,,,,,,,,,,,,,,,,,,,,,,,,,,,,,,,,,,,,,,,,,,,,,,KNeighborsRegressor,"{'mode': 'proxy', 'type': 'ExtraTrees'}",4,"['pe_T2W10', 'l2_T2W10', 'diameter_T2W10', 'z_l3_T2W10']",,,,,,,,,,,,,,,pruned,True,PRUNED
118,7.810709755097511,2026-06-10 20:07:25.252659,2026-06-10 20:07:25.407881,0 days 00:00:00.155222,9.0,3.0,9.0,,,,,,,,,,,,DecisionTreeRegressor,,,,,,5,,,,,,,,True,,,,,,,,,,,,,,,,,,,,,,,,,,,,,,,,,,,,,,,,,,,,,DecisionTreeRegressor,"{'mode': 'original', 'type': 'DecisionTreeRegressor'}",5,"['pe_T2W10', 'lsc_T2W10', 'density_T2W10', 'diameter_T2W10', 'asp_T2W10']",,,,,,,,,,,,,,,pruned,True,PRUNED
119,6.509291398097708,2026-06-10 20:07:25.417633,2026-06-10 20:07:27.212048,0 days 00:00:01.794415,,,,,,,,,,,manhattan,19.0,distance,,KNeighborsRegressor,,,,,,17,5.0,3.0,8.0,20.0,,,ExtraTrees,,-0.0007236994352580964,0.014222540714374156,98.0,0.00674942063955803,0.007473120074816126,0.03746929975363599,1.9844674545084815,6.4409356277215615,6.577647168473854,98.0,6.509291398097708,0.06835577037614664,0.342727378186489,1.9844674545084815,152167071142863.78,354599581525354.4,98.0,253383326334109.06,101216255191245.28,507485784750300.3,1.9844674545084815,16.962770597549074,17.709103713214276,98.0,17.335937155381675,0.37316655783260144,1.8710109664344334,1.9844674545084815,5.998321419196915,6.2172086962904105,98.0,6.107765057743663,0.10944363854674798,0.5487368673033919,1.9844674545084815,99.0,0.494949494949495,-0.01580281793286953,0.012020940677885355,98.0,-0.0018909386274920878,0.013911879305377442,0.06975244216752644,1.9844674545084815,KNeighborsRegressor,"{'mode': 'proxy', 'type': 'ExtraTrees'}",17,"['nodes_T2W10', 'pe_T2W10', 'l1_T2W10', 'l2_T2W10', 'l3_T2W10', 'lcc_T2W10', 'lsc_T2W10', 'atd_T2W10', 'density_T2W10', 'diameter_T2W10', 'asp_T2W10', 'z_pe_T2W10', 'z_l1_T2W10', 'z_l2_T2W10', 'z_l3_T2W10', 'z_density_T2W10', 'z_asp_T2W10']",0.11322950291822438,0.16135072308360462,98.0,0.1372901130009145,0.024060610082690125,0.12063692305463923,1.9844674545084815,7.669732803646944,7.821179954664641,98.0,7.745456379155793,0.07572357550884812,0.3796686418460807,1.9844674545084815,completed,True,COMPLETE
120,6.5693060602022255,2026-06-10 20:07:27.233493,2026-06-10 20:07:27.561847,0 days 00:00:00.328354,,,,,,,,,,,,,,0.017098814546539276,QuantileRegressor,,,,,,5,,,,,,,,False,,,,,,,,,,,,,,,,,,,,,,,,,,,,,,,,,,,,,,,,,,,,,QuantileRegressor,"{'mode': 'original', 'type': 'QuantileRegressor'}",5,"['diameter_T2W10', 'z_pe_T2W10', 'z_l3_T2W10', 'z_diameter_T2W10', 'z_asp_T2W10']",,,,,,,,,,,,,,,pruned,False,PRUNED
121,6.634977171756158,2026-06-10 20:07:27.571647,2026-06-10 20:07:28.007194,0 days 00:00:00.435547,,,,,,,,,,,manhattan,19.0,distance,,KNeighborsRegressor,,,,,,6,7.0,3.0,6.0,20.0,,,ExtraTrees,,,,,,,,,,,,,,,,,,,,,,,,,,,,,,,,,,,,,,,,,,,,,,KNeighborsRegressor,"{'mode': 'proxy', 'type': 'ExtraTrees'}",6,"['pe_T2W10', 'l2_T2W10', 'l3_T2W10', 'diameter_T2W10', 'asp_T2W10', 'z_l3_T2W10']",,,,,,,,,,,,,,,pruned,True,PRUNED
122,6.395958915295553,2026-06-10 20:07:28.016979,2026-06-10 20:07:29.985128,0 days 00:00:01.968149,,,,,,,,,,,manhattan,18.0,distance,,KNeighborsRegressor,,,,,,4,7.0,3.0,8.0,20.0,,,ExtraTrees,,0.01644709838175545,0.03149197928429864,98.0,0.023969538833027045,0.007522440451271595,0.037716586021067956,1.9844674545084815,6.329812517342729,6.462105313248378,98.0,6.395958915295553,0.06614639795282473,0.3316498581188214,1.9844674545084815,136152690834516.44,318177573056302.8,98.0,227165131945409.62,91012441110893.19,456325122994642.44,1.9844674545084815,17.509375345271852,18.135563236604757,98.0,17.822469290938304,0.3130939456664522,1.5698143190230442,1.9844674545084815,5.769272377152955,6.015985812155101,98.0,5.892629094654028,0.12335671750107291,0.6184953243623643,1.9844674545084815,99.0,0.42424242424242425,-0.006726718438730661,0.023538856202666804,98.0,0.008406068881968072,0.015132787320698733,0.07587392395019615,1.9844674545084815,KNeighborsRegressor,"{'mode': 'proxy', 'type': 'ExtraTrees'}",4,"['pe_T2W10', 'diameter_T2W10', 'asp_T2W10', 'z_l3_T2W10']",0.1569469888888416,0.20527962425311888,98.0,0.18111330657098024,0.024166317682138647,0.12116692788399044,1.9844674545084815,7.626275552843051,7.782081402830359,98.0,7.704178477836705,0.07790292499365414,0.39059563061337116,1.9844674545084815,completed,True,COMPLETE
123,6.395958915295553,2026-06-10 20:07:29.997679,2026-06-10 20:07:32.018416,0 days 00:00:02.020737,,,,,,,,,,,manhattan,18.0,distance,,KNeighborsRegressor,,,,,,4,7.0,3.0,8.0,20.0,,,ExtraTrees,,0.01644709838175545,0.03149197928429864,98.0,0.023969538833027045,0.007522440451271595,0.037716586021067956,1.9844674545084815,6.329812517342729,6.462105313248378,98.0,6.395958915295553,0.06614639795282473,0.3316498581188214,1.9844674545084815,136152690834516.44,318177573056302.8,98.0,227165131945409.62,91012441110893.19,456325122994642.44,1.9844674545084815,17.509375345271852,18.135563236604757,98.0,17.822469290938304,0.3130939456664522,1.5698143190230442,1.9844674545084815,5.769272377152955,6.015985812155101,98.0,5.892629094654028,0.12335671750107291,0.6184953243623643,1.9844674545084815,99.0,0.42424242424242425,-0.006726718438730661,0.023538856202666804,98.0,0.008406068881968072,0.015132787320698733,0.07587392395019615,1.9844674545084815,KNeighborsRegressor,"{'mode': 'proxy', 'type': 'ExtraTrees'}",4,"['pe_T2W10', 'diameter_T2W10', 'asp_T2W10', 'z_l3_T2W10']",0.1569469888888416,0.20527962425311888,98.0,0.18111330657098024,0.024166317682138647,0.12116692788399044,1.9844674545084815,7.626275552843051,7.782081402830359,98.0,7.704178477836705,0.07790292499365414,0.39059563061337116,1.9844674545084815,completed,True,COMPLETE
124,6.754921757483506,2026-06-10 20:07:32.030869,2026-06-10 20:07:32.590681,0 days 00:00:00.559812,,,,,,,,,,,manhattan,18.0,distance,,KNeighborsRegressor,,,,,,2,3.0,3.0,9.0,30.0,,,ExtraTrees,,,,,,,,,,,,,,,,,,,,,,,,,,,,,,,,,,,,,,,,,,,,,,KNeighborsRegressor,"{'mode': 'proxy', 'type': 'ExtraTrees'}",2,"['pe_T2W10', 'z_l3_T2W10']",,,,,,,,,,,,,,,pruned,True,PRUNED
125,6.468025997676658,2026-06-10 20:07:32.600513,2026-06-10 20:07:34.385019,0 days 00:00:01.784506,,,,,,,,,,,manhattan,18.0,distance,,KNeighborsRegressor,,,,,,3,,,,,0.1953278107507804,0.005453772166634898,LinearSVR,,0.005585480602289288,0.02025168821948805,98.0,0.012918584410888669,0.007333103808599381,0.03676727551252419,1.9844674545084815,6.403834494117687,6.532217501235628,98.0,6.468025997676658,0.06419150355897073,0.32184825941617773,1.9844674545084815,140195165412872.62,327796443861371.44,98.0,233995804637122.03,93800639224249.4,470304803480966.9,1.9844674545084815,17.34003399868945,17.95007463017805,98.0,17.64505431443375,0.3050203157443021,1.5293341371680231,1.9844674545084815,5.791519143447861,6.029429621410463,98.0,5.910474382429162,0.11895523898130127,0.5964268554544067,1.9844674545084815,99.0,0.48484848484848486,-0.025364628277040377,0.005448381750330087,98.0,-0.009958123263355144,0.015406505013685231,0.07724631060847384,1.9844674545084815,KNeighborsRegressor,"{'mode': 'proxy', 'type': 'LinearSVR'}",3,"['pe_T2W10', 'diameter_T2W10', 'z_l3_T2W10']",0.11722025909508482,0.16750687836274253,98.0,0.14236356872891368,0.025143309633828853,0.1260654446920013,1.9844674545084815,7.698669993112509,7.850682629951936,98.0,7.774676311532223,0.07600631841971314,0.3810862798305309,1.9844674545084815,completed,True,COMPLETE
126,6.562835660580021,2026-06-10 20:07:34.398570,2026-06-10 20:07:34.983586,0 days 00:00:00.585016,,,,,,,,,,,euclidean,19.0,uniform,,KNeighborsRegressor,,,,,,4,8.0,3.0,8.0,20.0,,,ExtraTrees,,,,,,,,,,,,,,,,,,,,,,,,,,,,,,,,,,,,,,,,,,,,,,KNeighborsRegressor,"{'mode': 'proxy', 'type': 'ExtraTrees'}",4,"['pe_T2W10', 'asp_T2W10', 'z_l3_T2W10', 'z_density_T2W10']",,,,,,,,,,,,,,,pruned,True,PRUNED
127,6.4691474161127225,2026-06-10 20:07:34.993537,2026-06-10 20:07:36.972957,0 days 00:00:01.979420,,,,,,,,,,,manhattan,18.0,distance,,KNeighborsRegressor,,,,,,3,10.0,3.0,4.0,20.0,,,ExtraTrees,,0.005583115197262997,0.019871646628996396,98.0,0.012727380913129697,0.0071442657158667,0.03582046467171487,1.9844674545084815,6.4063627622799935,6.5319320699454515,98.0,6.4691474161127225,0.06278465383272938,0.3147944888928726,1.9844674545084815,138665141260551.03,324348543409981.0,98.0,231506842335266.03,92841701074715.0,465496806204008.1,1.9844674545084815,17.403888106070507,17.985353343624983,98.0,17.694620724847745,0.2907326187772365,1.457697391727228,1.9844674545084815,5.8662485884912,6.091904892678257,98.0,5.979076740584729,0.11282815209352794,0.5657063996185354,1.9844674545084815,99.0,0.5252525252525253,-0.024620569605717603,0.004513905086976135,98.0,-0.010053332259370733,0.014567237346346868,0.07303832632798445,1.9844674545084815,KNeighborsRegressor,"{'mode': 'proxy', 'type': 'ExtraTrees'}",3,"['pe_T2W10', 'asp_T2W10', 'z_l3_T2W10']",0.1183249065214204,0.16602378856148972,98.0,0.14217434754145505,0.023849441020034657,0.1195781474926091,1.9844674545084815,7.702291141556081,7.848633633929124,98.0,7.775462387742603,0.0731712461865209,0.3668715783049029,1.9844674545084815,completed,True,COMPLETE
128,6.57056202992901,2026-06-10 20:07:37.005024,2026-06-10 20:07:37.209487,0 days 00:00:00.204463,,,,2.8216077835859146,0.731960695999967,,,,,,,,,,ElasticNet,,,,,,4,,,,,,,,True,,,,,,,,,,,,,,,,,,,,,,,,,,,,,,,,,,,,,,,,,,,,,ElasticNet,"{'mode': 'original', 'type': 'ElasticNet'}",4,"['z_lsc_T2W10', 'z_density_T2W10', 'z_diameter_T2W10', 'z_asp_T2W10']",,,,,,,,,,,,,,,pruned,True,PRUNED
129,6.394922583338172,2026-06-10 20:07:37.218966,2026-06-10 20:07:39.300290,0 days 00:00:02.081324,,,,,,,,,,,manhattan,17.0,distance,,KNeighborsRegressor,,,,,,4,7.0,3.0,8.0,20.0,,,ExtraTrees,,0.016516518400161672,0.03178770140499226,98.0,0.024152109902576963,0.007635591502415291,0.03828391139658675,1.9844674545084815,6.327575113722776,6.462270052953568,98.0,6.394922583338172,0.06734746961539602,0.3376718828822317,1.9844674545084815,135374526457286.72,316306326827971.9,98.0,225840426642629.28,90465900185342.56,453584834392014.94,1.9844674545084815,17.600455724291947,18.231413104725192,98.0,17.91593441450857,0.31547869021662317,1.5817711332440985,1.9844674545084815,5.707416029749684,5.962405104832579,98.0,5.834910567291131,0.12749453754144752,0.6392418422648232,1.9844674545084815,99.0,0.4444444444444444,-0.010338914551295526,0.020595978212918524,98.0,0.005128531830811498,0.015467446382107024,0.07755186309230022,1.9844674545084815,KNeighborsRegressor,"{'mode': 'proxy', 'type': 'ExtraTrees'}",4,"['pe_T2W10', 'diameter_T2W10', 'asp_T2W10', 'z_l3_T2W10']",0.15367747661837355,0.2018431308045459,98.0,0.17776030371145973,0.024082827093086182,0.1207483163968879,1.9844674545084815,7.637856934300531,7.7954852380962105,98.0,7.716671086198371,0.07881415189783998,0.395164409607245,1.9844674545084815,completed,True,COMPLETE
130,6.43004079361956,2026-06-10 20:07:39.312782,2026-06-10 20:07:39.546912,0 days 00:00:00.234130,,,,,,,,,,,,,,,LinearRegression,,,,,,2,,,,,,,,False,,,,,,,,,,,,,,,,,,,,,,,,,,,,,,,,,,,,,,,,,,,,,LinearRegression,"{'mode': 'original', 'type': 'LinearRegression'}",2,"['pe_T2W10', 'asp_T2W10']",,,,,,,,,,,,,,,pruned,False,PRUNED
131,6.394922583338172,2026-06-10 20:07:39.556542,2026-06-10 20:07:41.509550,0 days 00:00:01.953008,,,,,,,,,,,manhattan,17.0,distance,,KNeighborsRegressor,,,,,,4,7.0,3.0,8.0,20.0,,,ExtraTrees,,0.016516518400161672,0.03178770140499226,98.0,0.024152109902576963,0.007635591502415291,0.03828391139658675,1.9844674545084815,6.327575113722776,6.462270052953568,98.0,6.394922583338172,0.06734746961539602,0.3376718828822317,1.9844674545084815,135374526457286.72,316306326827971.9,98.0,225840426642629.28,90465900185342.56,453584834392014.94,1.9844674545084815,17.600455724291947,18.231413104725192,98.0,17.91593441450857,0.31547869021662317,1.5817711332440985,1.9844674545084815,5.707416029749684,5.962405104832579,98.0,5.834910567291131,0.12749453754144752,0.6392418422648232,1.9844674545084815,99.0,0.4444444444444444,-0.010338914551295526,0.020595978212918524,98.0,0.005128531830811498,0.015467446382107024,0.07755186309230022,1.9844674545084815,KNeighborsRegressor,"{'mode': 'proxy', 'type': 'ExtraTrees'}",4,"['pe_T2W10', 'diameter_T2W10', 'asp_T2W10', 'z_l3_T2W10']",0.15367747661837355,0.2018431308045459,98.0,0.17776030371145973,0.024082827093086182,0.1207483163968879,1.9844674545084815,7.637856934300531,7.7954852380962105,98.0,7.716671086198371,0.07881415189783998,0.395164409607245,1.9844674545084815,completed,True,COMPLETE
132,6.394922583338172,2026-06-10 20:07:41.522208,2026-06-10 20:07:43.617126,0 days 00:00:02.094918,,,,,,,,,,,manhattan,17.0,distance,,KNeighborsRegressor,,,,,,4,7.0,3.0,8.0,20.0,,,ExtraTrees,,0.016516518400161672,0.03178770140499226,98.0,0.024152109902576963,0.007635591502415291,0.03828391139658675,1.9844674545084815,6.327575113722776,6.462270052953568,98.0,6.394922583338172,0.06734746961539602,0.3376718828822317,1.9844674545084815,135374526457286.72,316306326827971.9,98.0,225840426642629.28,90465900185342.56,453584834392014.94,1.9844674545084815,17.600455724291947,18.231413104725192,98.0,17.91593441450857,0.31547869021662317,1.5817711332440985,1.9844674545084815,5.707416029749684,5.962405104832579,98.0,5.834910567291131,0.12749453754144752,0.6392418422648232,1.9844674545084815,99.0,0.4444444444444444,-0.010338914551295526,0.020595978212918524,98.0,0.005128531830811498,0.015467446382107024,0.07755186309230022,1.9844674545084815,KNeighborsRegressor,"{'mode': 'proxy', 'type': 'ExtraTrees'}",4,"['pe_T2W10', 'diameter_T2W10', 'asp_T2W10', 'z_l3_T2W10']",0.15367747661837355,0.2018431308045459,98.0,0.17776030371145973,0.024082827093086182,0.1207483163968879,1.9844674545084815,7.637856934300531,7.7954852380962105,98.0,7.716671086198371,0.07881415189783998,0.395164409607245,1.9844674545084815,completed,True,COMPLETE
133,6.474189223081764,2026-06-10 20:07:43.629617,2026-06-10 20:07:45.676935,0 days 00:00:02.047318,,,,,,,,,,,manhattan,17.0,distance,,KNeighborsRegressor,,,,,,3,7.0,3.0,8.0,20.0,,,ExtraTrees,,0.004692677730408935,0.01915277524939116,98.0,0.011922726489900047,0.0072300487594911126,0.03625057024250237,1.9844674545084815,6.41191657248228,6.536461873681247,98.0,6.474189223081764,0.0622726505994841,0.31222736800772205,1.9844674545084815,138499770885241.56,324019408951331.3,98.0,231259589918286.44,92759819033044.88,465086259774529.94,1.9844674545084815,17.48075919434595,18.07826335052532,98.0,17.779511272435634,0.29875207808968335,1.4979059688452068,1.9844674545084815,5.881311155035746,6.097795712603844,98.0,5.989553433819795,0.10824227878404918,0.5427133980415755,1.9844674545084815,99.0,0.5252525252525253,-0.027141022262977384,0.002193954021438743,98.0,-0.01247353412076932,0.014667488142208062,0.07354097141906524,1.9844674545084815,KNeighborsRegressor,"{'mode': 'proxy', 'type': 'ExtraTrees'}",3,"['pe_T2W10', 'asp_T2W10', 'z_l3_T2W10']",0.11741012848388897,0.16558117577450215,98.0,0.14149565212919557,0.024085523645306597,0.12076183657620213,1.9844674545084815,7.711322029351699,7.858055811397691,98.0,7.784688920374695,0.0733668910229955,0.36785251731695245,1.9844674545084815,completed,True,COMPLETE
134,6.394922583338172,2026-06-10 20:07:45.690136,2026-06-10 20:07:47.728399,0 days 00:00:02.038263,,,,,,,,,,,manhattan,17.0,distance,,KNeighborsRegressor,,,,,,4,7.0,3.0,9.0,20.0,,,ExtraTrees,,0.016516518400161672,0.03178770140499226,98.0,0.024152109902576963,0.007635591502415291,0.03828391139658675,1.9844674545084815,6.327575113722776,6.462270052953568,98.0,6.394922583338172,0.06734746961539602,0.3376718828822317,1.9844674545084815,135374526457286.72,316306326827971.9,98.0,225840426642629.28,90465900185342.56,453584834392014.94,1.9844674545084815,17.600455724291947,18.231413104725192,98.0,17.91593441450857,0.31547869021662317,1.5817711332440985,1.9844674545084815,5.707416029749684,5.962405104832579,98.0,5.834910567291131,0.12749453754144752,0.6392418422648232,1.9844674545084815,99.0,0.4444444444444444,-0.010338914551295526,0.020595978212918524,98.0,0.005128531830811498,0.015467446382107024,0.07755186309230022,1.9844674545084815,KNeighborsRegressor,"{'mode': 'proxy', 'type': 'ExtraTrees'}",4,"['pe_T2W10', 'diameter_T2W10', 'asp_T2W10', 'z_l3_T2W10']",0.15367747661837355,0.2018431308045459,98.0,0.17776030371145973,0.024082827093086182,0.1207483163968879,1.9844674545084815,7.637856934300531,7.7954852380962105,98.0,7.716671086198371,0.07881415189783998,0.395164409607245,1.9844674545084815,completed,True,COMPLETE
135,6.557485113572147,2026-06-10 20:07:47.741561,2026-06-10 20:07:48.241335,0 days 00:00:00.499774,,,,,,,,,,,manhattan,18.0,distance,,KNeighborsRegressor,,,,,,4,7.0,3.0,10.0,20.0,,,ExtraTrees,,,,,,,,,,,,,,,,,,,,,,,,,,,,,,,,,,,,,,,,,,,,,,KNeighborsRegressor,"{'mode': 'proxy', 'type': 'ExtraTrees'}",4,"['pe_T2W10', 'l2_T2W10', 'diameter_T2W10', 'z_l3_T2W10']",,,,,,,,,,,,,,,pruned,True,PRUNED
136,6.46940206934043,2026-06-10 20:07:48.251176,2026-06-10 20:07:50.390194,0 days 00:00:02.139018,,,,,,,,,,,manhattan,16.0,distance,,KNeighborsRegressor,,,,,,3,6.0,3.0,9.0,20.0,,,ExtraTrees,,0.004928422508755308,0.02043462715281729,98.0,0.012681524830786299,0.007753102322030991,0.03887309611199285,1.9844674545084815,6.4037772543049085,6.535026884375951,98.0,6.46940206934043,0.0656248150355213,0.32903470588265193,1.9844674545084815,140526088389840.02,328912220734378.3,98.0,234719154562109.16,94193066172269.14,472272383661607.6,1.9844674545084815,17.51026741010128,18.130387125665198,98.0,17.82032726788324,0.3100598577819587,1.5546017776367398,1.9844674545084815,5.7629726582903515,6.009036283839977,98.0,5.8860044710651644,0.12303181277481312,0.6168662922502447,1.9844674545084815,99.0,0.5151515151515151,-0.030349466405368182,0.001905782779754608,98.0,-0.014221841812806788,0.016127624592561396,0.08086191498638043,1.9844674545084815,KNeighborsRegressor,"{'mode': 'proxy', 'type': 'ExtraTrees'}",3,"['pe_T2W10', 'diameter_T2W10', 'z_l3_T2W10']",0.1166160434090823,0.16749422194058003,98.0,0.14205513267483116,0.02543908926574886,0.12754844718339423,1.9844674545084815,7.712533472502212,7.868594407104043,98.0,7.7905639398031274,0.078030467300915,0.39123511196710076,1.9844674545084815,completed,True,COMPLETE
137,6.683694091791148,2026-06-10 20:07:50.403081,2026-06-10 20:07:50.808267,0 days 00:00:00.405186,,,,,,,,,,,manhattan,19.0,distance,,KNeighborsRegressor,,,,,,4,7.0,3.0,7.0,20.0,,,ExtraTrees,,,,,,,,,,,,,,,,,,,,,,,,,,,,,,,,,,,,,,,,,,,,,,KNeighborsRegressor,"{'mode': 'proxy', 'type': 'ExtraTrees'}",4,"['pe_T2W10', 'diameter_T2W10', 'z_pe_T2W10', 'z_l3_T2W10']",,,,,,,,,,,,,,,pruned,True,PRUNED
