number,value,datetime_start,datetime_complete,duration,params_et_max_depth,params_et_max_features,params_et_min_samples_leaf,params_et_min_samples_split,params_et_n_estimators,params_regressor,params_rfe_n_features,params_use_scaler,user_attrs_d2mae_ci_lower_val,user_attrs_d2mae_ci_upper_val,user_attrs_d2mae_df_val,user_attrs_d2mae_mean_val,user_attrs_d2mae_samperror_val,user_attrs_d2mae_std_val,user_attrs_d2mae_t_critical_val,user_attrs_mae_ci_lower_val,user_attrs_mae_ci_upper_val,user_attrs_mae_df_val,user_attrs_mae_mean_val,user_attrs_mae_samperror_val,user_attrs_mae_std_val,user_attrs_mae_t_critical_val,user_attrs_mape_ci_lower_val,user_attrs_mape_ci_upper_val,user_attrs_mape_df_val,user_attrs_mape_mean_val,user_attrs_mape_samperror_val,user_attrs_mape_std_val,user_attrs_mape_t_critical_val,user_attrs_max_error_ci_lower_val,user_attrs_max_error_ci_upper_val,user_attrs_max_error_df_val,user_attrs_max_error_mean_val,user_attrs_max_error_samperror_val,user_attrs_max_error_std_val,user_attrs_max_error_t_critical_val,user_attrs_median_ae_ci_lower_val,user_attrs_median_ae_ci_upper_val,user_attrs_median_ae_df_val,user_attrs_median_ae_mean_val,user_attrs_median_ae_samperror_val,user_attrs_median_ae_std_val,user_attrs_median_ae_t_critical_val,user_attrs_n_splits_val,user_attrs_r2_below_zero_val,user_attrs_r2_ci_lower_val,user_attrs_r2_ci_upper_val,user_attrs_r2_df_val,user_attrs_r2_mean_val,user_attrs_r2_samperror_val,user_attrs_r2_std_val,user_attrs_r2_t_critical_val,user_attrs_regressor_final,user_attrs_rfe_estimator,user_attrs_rfe_n_features,user_attrs_rfe_selected_features,user_attrs_rho_ci_lower_val,user_attrs_rho_ci_upper_val,user_attrs_rho_df_val,user_attrs_rho_mean_val,user_attrs_rho_samperror_val,user_attrs_rho_std_val,user_attrs_rho_t_critical_val,user_attrs_rmse_ci_lower_val,user_attrs_rmse_ci_upper_val,user_attrs_rmse_df_val,user_attrs_rmse_mean_val,user_attrs_rmse_samperror_val,user_attrs_rmse_std_val,user_attrs_rmse_t_critical_val,user_attrs_termination_reason,user_attrs_trial_time_seconds,user_attrs_use_scaler_final,state
347,2.843298725119105,2026-06-14 12:01:50.505144,2026-06-14 12:02:48.862497,0 days 00:00:58.357353,15,sqrt,5,11,324,ExtraTreesRegressor,6,False,-0.010917378713557935,-0.0071238511273711055,598.0,-0.00902061492046452,0.0018967637930934148,0.023637344791150375,1.9639388980555033,2.8332951477169432,2.853302302521267,598.0,2.843298725119105,0.010003577402161805,0.12466391917689537,1.9639388980555033,920905109944683.2,1010439405968560.0,598.0,965672257956621.6,44767148011938.414,557885234169764.5,1.9639388980555033,8.316796001420037,8.493277309266169,598.0,8.405036655343103,0.0882406539230663,1.0996491861405806,1.9639388980555033,2.5811678590827967,2.6121378376132265,598.0,2.5966528483480116,0.015484989265214842,0.1929729108505389,1.9639388980555033,599.0,0.5659432387312187,-0.013811442634108056,-0.0074007735941439435,598.0,-0.010606108114126,0.0032053345199820563,0.03994466653975239,1.9639388980555033,ExtraTreesRegressor,"{'mode': 'original', 'type': 'ExtraTreesRegressor'}",6,"['nodes_T6W30', 'l1_T6W30', 'lcc_T6W30', 'atd_T6W30', 'density_T6W30', 'asp_T6W30']",0.062179037327854694,0.08016501396043595,598.0,0.07117202564414532,0.00899298831629063,0.11207002490714428,1.9639388980555033,3.451700414989576,3.480464455320318,598.0,3.466082435154947,0.014382020165370851,0.1792277829638041,1.9639388980555033,completed,58.349021911621094,False,COMPLETE
348,2.8652972818712095,2026-06-14 12:02:48.876719,2026-06-14 12:03:23.773697,0 days 00:00:34.896978,19,sqrt,3,8,174,ExtraTreesRegressor,7,False,-0.01892740978250314,-0.014693817428469268,598.0,-0.016810613605486205,0.0021167961770169365,0.02637937378967782,1.9639388980555033,2.854818408290495,2.875776155451924,598.0,2.8652972818712095,0.010478873580714568,0.1305870286812397,1.9639388980555033,917430872840160.5,1006938291448822.8,598.0,962184582144491.6,44753709304331.15,557717761885436.25,1.9639388980555033,8.437051281355737,8.610725472126783,598.0,8.52388837674126,0.08683709538552183,1.082158132585412,1.9639388980555033,2.5822913941395504,2.6145136819255685,598.0,2.5984025380325595,0.016111143893009022,0.20077600835990628,1.9639388980555033,599.0,0.7045075125208681,-0.02966619204202512,-0.022440448375242693,598.0,-0.026053320208633907,0.0036128718333912142,0.04502336955347917,1.9639388980555033,ExtraTreesRegressor,"{'mode': 'original', 'type': 'ExtraTreesRegressor'}",7,"['nodes_T6W30', 'l1_T6W30', 'l2_T6W30', 'l3_T6W30', 'atd_T6W30', 'density_T6W30', 'asp_T6W30']",0.03295282358297351,0.0508159557618033,598.0,0.0418843896723884,0.008931566089414894,0.11130458518302651,1.9639388980555033,3.4775775415283796,3.5071124206514224,598.0,3.492344981089901,0.014767439561521437,0.184030853957241,1.9639388980555033,completed,34.88857698440552,False,COMPLETE
349,2.8954798557406467,2026-06-14 12:03:23.788530,2026-06-14 12:03:26.304067,0 days 00:00:02.515537,18,log2,2,9,447,ExtraTreesRegressor,10,False,,,,,,,,,,,,,,,,,,,,,,,,,,,,,,,,,,,,,,,,,,,,,ExtraTreesRegressor,"{'mode': 'original', 'type': 'ExtraTreesRegressor'}",10,"['nodes_T6W30', 're_T6W30', 'l1_T6W30', 'l2_T6W30', 'l3_T6W30', 'lcc_T6W30', 'atd_T6W30', 'density_T6W30', 'diameter_T6W30', 'asp_T6W30']",,,,,,,,,,,,,,,pruned,,False,PRUNED
350,2.8370950560014556,2026-06-14 12:03:26.309804,2026-06-14 12:04:49.075656,0 days 00:01:22.765852,2,sqrt,4,11,499,ExtraTreesRegressor,2,False,-0.007964320536980938,-0.00563550058773424,598.0,-0.006799910562357589,0.001164409974623349,0.014510799999792717,1.9639388980555033,2.827934454946975,2.846255657055936,598.0,2.8370950560014556,0.009160601054480579,0.11415880375162192,1.9639388980555033,934118067651624.0,1024171329465830.0,598.0,979144698558727.0,45026630907102.98,561118892827075.56,1.9639388980555033,8.1873291728411,8.344422166277415,598.0,8.265875669559257,0.07854649671815805,0.9788412409729211,1.9639388980555033,2.527205779509594,2.5488792460892524,598.0,2.5380425127994233,0.010836733289829094,0.13504665267975843,1.9639388980555033,599.0,0.2637729549248748,0.007328918305592531,0.010393769403596334,598.0,0.008861343854594432,0.001532425549001902,0.019096985718738843,1.9639388980555033,ExtraTreesRegressor,"{'mode': 'original', 'type': 'ExtraTreesRegressor'}",2,"['atd_T6W30', 'density_T6W30']",0.14354335167956878,0.16333322267260558,598.0,0.15343828717608718,0.009894935496518396,0.12331003094272955,1.9639388980555033,3.419485539937894,3.446989412758469,598.0,3.4332374763481814,0.013751936410287493,0.17137572093033476,1.9639388980555033,completed,82.75728607177734,False,COMPLETE
351,2.8487035626472177,2026-06-14 12:04:49.092228,2026-06-14 12:06:16.902676,0 days 00:01:27.810448,17,log2,5,11,489,ExtraTreesRegressor,4,True,-0.012984073160159962,-0.00888404085231632,598.0,-0.01093405700623814,0.002050016153921821,0.025547165563852368,1.9639388980555033,2.838416198582034,2.8589909267124014,598.0,2.8487035626472177,0.01028736406518382,0.12820044977991865,1.9639388980555033,912538580464842.2,1001923504989599.2,598.0,957231042727220.8,44692462262378.53,556954505304230.1,1.9639388980555033,8.40082295199465,8.592655893821393,598.0,8.496739422908021,0.09591647091337088,1.1953047092026785,1.9639388980555033,2.5690705285791404,2.5971468300024148,598.0,2.5831086792907776,0.014038150711636969,0.17494250460144345,1.9639388980555033,599.0,0.6377295492487479,-0.023847118373390392,-0.016407933121716445,598.0,-0.02012752574755342,0.0037195926258369733,0.046353317002186596,1.9639388980555033,ExtraTreesRegressor,"{'mode': 'original', 'type': 'ExtraTreesRegressor'}",4,"['nodes_T6W30', 'lcc_T6W30', 'atd_T6W30', 'density_T6W30']",0.05033098907211796,0.06881015794666352,598.0,0.05957057350939074,0.009239584437272779,0.11514308943792018,1.9639388980555033,3.4673420532927346,3.4970674316837687,598.0,3.4822047424882516,0.014862689195517113,0.18521784858893145,1.9639388980555033,completed,87.80122995376587,True,COMPLETE
352,2.8440605994060983,2026-06-14 12:06:16.918371,2026-06-14 12:06:49.765730,0 days 00:00:32.847359,3,sqrt,1,3,171,ExtraTreesRegressor,7,False,-0.011138715968073313,-0.007437027836493057,598.0,-0.009287871902283185,0.0018508440657901283,0.0230650961901724,1.9639388980555033,2.834113627639713,2.8540075711724837,598.0,2.8440605994060983,0.009946971766385464,0.12395850349211708,1.9639388980555033,917889879887704.5,1006804851205614.8,598.0,962347365546659.6,44457485658955.13,554026242431859.5,1.9639388980555033,8.262423364833664,8.43299919428131,598.0,8.347711279557487,0.08528791472382254,1.062852345761715,1.9639388980555033,2.537798593636117,2.5667372040785428,598.0,2.55226789885733,0.014469305221212815,0.180315523549935,1.9639388980555033,599.0,0.5008347245409015,-0.01051592341532941,-0.004039567832099253,598.0,-0.0072777456237143314,0.003238177791615078,0.04035395721605375,1.9639388980555033,ExtraTreesRegressor,"{'mode': 'original', 'type': 'ExtraTreesRegressor'}",7,"['nodes_T6W30', 'l1_T6W30', 'lcc_T6W30', 'atd_T6W30', 'density_T6W30', 'diameter_T6W30', 'asp_T6W30']",0.0998939291602385,0.1185218128327118,598.0,0.10920787099647515,0.00931394183623666,0.11606972642006962,1.9639388980555033,3.4460062774790563,3.4746014910004446,598.0,3.4603038842397504,0.014297606760694017,0.17817582870434034,1.9639388980555033,completed,32.83886003494263,False,COMPLETE
353,2.8922256064609746,2026-06-14 12:06:49.781659,2026-06-14 12:07:29.661238,0 days 00:00:39.879579,7,,1,4,197,ExtraTreesRegressor,2,False,-0.029920691044222503,-0.02283046810876516,598.0,-0.02637557957649383,0.0035451114677286714,0.044178944363493976,1.9639388980555033,2.8790493931453196,2.9054018197766296,598.0,2.8922256064609746,0.013176213315655045,0.16420109784779416,1.9639388980555033,907369379124370.8,997296206659912.2,598.0,952332792892141.5,44963413767770.71,560331085022778.5,1.9639388980555033,8.810865875398814,9.00914547002574,598.0,8.910005672712277,0.09913979731346236,1.2354735893609825,1.9639388980555033,2.5928129448481236,2.6358356524140314,598.0,2.6143242986310775,0.021511353782954046,0.2680730664216447,1.9639388980555033,599.0,0.7562604340567612,-0.07000884387434475,-0.0562561337492454,598.0,-0.06313248881179508,0.006876355062549676,0.08569268145654346,1.9639388980555033,ExtraTreesRegressor,"{'mode': 'original', 'type': 'ExtraTreesRegressor'}",2,"['density_T6W30', 'asp_T6W30']",0.0608936138685734,0.08040531711320262,598.0,0.070649465490888,0.009755851622314606,0.12157677691214606,1.9639388980555033,3.53522696418252,3.5696823306675616,598.0,3.5524546474250407,0.017227683242520945,0.21469024779941898,1.9639388980555033,completed,39.87103199958801,False,COMPLETE
354,2.8778843526782873,2026-06-14 12:07:29.677400,2026-06-14 12:07:30.436953,0 days 00:00:00.759553,8,log2,1,11,116,ExtraTreesRegressor,8,False,,,,,,,,,,,,,,,,,,,,,,,,,,,,,,,,,,,,,,,,,,,,,ExtraTreesRegressor,"{'mode': 'original', 'type': 'ExtraTreesRegressor'}",8,"['nodes_T6W30', 'l1_T6W30', 'l3_T6W30', 'lcc_T6W30', 'atd_T6W30', 'density_T6W30', 'diameter_T6W30', 'asp_T6W30']",,,,,,,,,,,,,,,pruned,,False,PRUNED
355,2.856489143722054,2026-06-14 12:07:30.442674,2026-06-14 12:08:27.570982,0 days 00:00:57.128308,11,log2,4,3,311,ExtraTreesRegressor,7,True,-0.01577394760986706,-0.011619645795270207,598.0,-0.013696796702568634,0.0020771509072984268,0.025885317063644348,1.9639388980555033,2.846151497431651,2.8668267900124573,598.0,2.856489143722054,0.010337646290403046,0.12882706354105267,1.9639388980555033,923094009022614.2,1013013893890598.2,598.0,968053951456606.2,44959942433991.98,560287825491089.9,1.9639388980555033,8.371376478345438,8.546377173754335,598.0,8.458876826049886,0.08750034770444944,1.090423539065179,1.9639388980555033,2.5930267255970345,2.6253254356606086,598.0,2.6091760806288216,0.016149355031787143,0.20125219304112474,1.9639388980555033,599.0,0.657762938230384,-0.024361970621721765,-0.017231532272773863,598.0,-0.020796751447247814,0.0035652191744739493,0.044429525273477675,1.9639388980555033,ExtraTreesRegressor,"{'mode': 'original', 'type': 'ExtraTreesRegressor'}",7,"['nodes_T6W30', 'l1_T6W30', 'lcc_T6W30', 'atd_T6W30', 'density_T6W30', 'diameter_T6W30', 'asp_T6W30']",0.04705172136096505,0.06510501074947367,598.0,0.05607836605521936,0.009026644694254312,0.11248944846069674,1.9639388980555033,3.468726060483593,3.4979225927810185,598.0,3.4833243266323057,0.014598266148712544,0.1819226260890056,1.9639388980555033,completed,57.119868755340576,True,COMPLETE
356,2.940968909183206,2026-06-14 12:08:27.586165,2026-06-14 12:08:28.164329,0 days 00:00:00.578164,9,,4,7,75,ExtraTreesRegressor,12,False,,,,,,,,,,,,,,,,,,,,,,,,,,,,,,,,,,,,,,,,,,,,,ExtraTreesRegressor,"{'mode': 'original', 'type': 'ExtraTreesRegressor'}",12,"['nodes_T6W30', 're_T6W30', 'pe_T6W30', 'l1_T6W30', 'l2_T6W30', 'l3_T6W30', 'lcc_T6W30', 'lsc_T6W30', 'atd_T6W30', 'density_T6W30', 'diameter_T6W30', 'asp_T6W30']",,,,,,,,,,,,,,,pruned,,False,PRUNED
357,2.9474196784867117,2026-06-14 12:08:28.170037,2026-06-14 12:08:31.042399,0 days 00:00:02.872362,20,,2,11,428,ExtraTreesRegressor,7,False,,,,,,,,,,,,,,,,,,,,,,,,,,,,,,,,,,,,,,,,,,,,,ExtraTreesRegressor,"{'mode': 'original', 'type': 'ExtraTreesRegressor'}",7,"['l1_T6W30', 'l2_T6W30', 'l3_T6W30', 'atd_T6W30', 'density_T6W30', 'diameter_T6W30', 'asp_T6W30']",,,,,,,,,,,,,,,pruned,,False,PRUNED
358,2.897282053141522,2026-06-14 12:08:31.048101,2026-06-14 12:09:13.979854,0 days 00:00:42.931753,18,log2,2,6,212,ExtraTreesRegressor,4,False,-0.031222748092381396,-0.025121517829045634,598.0,-0.028172132960713515,0.003050615131667882,0.0380165637676652,1.9639388980555033,2.8851068227209358,2.909457283562108,598.0,2.897282053141522,0.012175230420586141,0.151726915291726,1.9639388980555033,921773520584397.5,1013160944677902.2,598.0,967467232631149.9,45693712046752.34,569432013817143.4,1.9639388980555033,8.60389729155308,8.776457751013409,598.0,8.690177521283244,0.08628022973016472,1.075218509662434,1.9639388980555033,2.614793303965494,2.6551131359477727,598.0,2.6349532199566332,0.020159915991139615,0.2512315381484743,1.9639388980555033,599.0,0.8046744574290484,-0.06454687219169888,-0.05366336620188363,598.0,-0.059105119196791255,0.005441752994907623,0.06781476548491441,1.9639388980555033,ExtraTreesRegressor,"{'mode': 'original', 'type': 'ExtraTreesRegressor'}",4,"['l1_T6W30', 'atd_T6W30', 'density_T6W30', 'asp_T6W30']",0.04166788990604396,0.06005306095496675,598.0,0.050860475430505356,0.009192585524461396,0.11455739209860094,1.9639388980555033,3.5309669176271723,3.5627525792367103,598.0,3.5468597484319413,0.015892830804768977,0.1980554051103394,1.9639388980555033,completed,42.92339086532593,False,COMPLETE
359,2.893219358801001,2026-06-14 12:09:13.995048,2026-06-14 12:10:13.005025,0 days 00:00:59.009977,13,log2,4,7,306,ExtraTreesRegressor,9,True,-0.029125340966524103,-0.02435457024417917,598.0,-0.026739955605351636,0.0023853853611724685,0.02972651441740142,1.9639388980555033,2.8823212896445294,2.904117427957473,598.0,2.893219358801001,0.010898069156471861,0.13581101618837152,1.9639388980555033,922789789625502.8,1012983534755000.5,598.0,967886662190251.6,45096872564748.89,561994239713453.25,1.9639388980555033,8.49044140746351,8.667466809635535,598.0,8.578954108549523,0.08851270108601228,1.1030394198710132,1.9639388980555033,2.607330410999639,2.6443683926689605,598.0,2.6258494018342997,0.018518990834660982,0.23078243750590025,1.9639388980555033,599.0,0.8096828046744574,-0.052215128032831584,-0.04383582916341483,598.0,-0.04802547859812321,0.004189649434708379,0.05221113382849823,1.9639388980555033,ExtraTreesRegressor,"{'mode': 'original', 'type': 'ExtraTreesRegressor'}",9,"['nodes_T6W30', 're_T6W30', 'l1_T6W30', 'l3_T6W30', 'lcc_T6W30', 'atd_T6W30', 'density_T6W30', 'diameter_T6W30', 'asp_T6W30']",-0.0017460910788209176,0.016179153294478547,598.0,0.0072165311078288144,0.008962622186649732,0.11169160421031939,1.9639388980555033,3.514051817641128,3.5443465247077675,598.0,3.5291991711744477,0.01514735353331974,0.18876531671695354,1.9639388980555033,completed,58.99979209899902,True,COMPLETE
360,2.981570880333861,2026-06-14 12:10:13.022270,2026-06-14 12:10:13.931353,0 days 00:00:00.909083,7,,1,4,133,ExtraTreesRegressor,13,False,,,,,,,,,,,,,,,,,,,,,,,,,,,,,,,,,,,,,,,,,,,,,ExtraTreesRegressor,"{'mode': 'original', 'type': 'ExtraTreesRegressor'}",13,"['nodes_T6W30', 'edges_T6W30', 're_T6W30', 'pe_T6W30', 'l1_T6W30', 'l2_T6W30', 'l3_T6W30', 'lcc_T6W30', 'lsc_T6W30', 'atd_T6W30', 'density_T6W30', 'diameter_T6W30', 'asp_T6W30']",,,,,,,,,,,,,,,pruned,,False,PRUNED
361,2.9208103924012954,2026-06-14 12:10:13.937558,2026-06-14 12:10:15.486224,0 days 00:00:01.548666,17,log2,1,6,218,ExtraTreesRegressor,4,True,,,,,,,,,,,,,,,,,,,,,,,,,,,,,,,,,,,,,,,,,,,,,ExtraTreesRegressor,"{'mode': 'original', 'type': 'ExtraTreesRegressor'}",4,"['l3_T6W30', 'atd_T6W30', 'density_T6W30', 'asp_T6W30']",,,,,,,,,,,,,,,pruned,,True,PRUNED
362,2.9030715599568135,2026-06-14 12:10:15.492320,2026-06-14 12:10:16.450084,0 days 00:00:00.957764,18,log2,2,4,148,ExtraTreesRegressor,9,True,,,,,,,,,,,,,,,,,,,,,,,,,,,,,,,,,,,,,,,,,,,,,ExtraTreesRegressor,"{'mode': 'original', 'type': 'ExtraTreesRegressor'}",9,"['nodes_T6W30', 're_T6W30', 'pe_T6W30', 'l1_T6W30', 'l2_T6W30', 'l3_T6W30', 'atd_T6W30', 'density_T6W30', 'asp_T6W30']",,,,,,,,,,,,,,,pruned,,True,PRUNED
363,2.863140189922696,2026-06-14 12:10:16.455609,2026-06-14 12:11:05.471306,0 days 00:00:49.015697,8,sqrt,3,3,256,ExtraTreesRegressor,4,True,-0.018579174364657728,-0.013633738598963285,598.0,-0.016106456481810506,0.002472717882847221,0.030814846519597486,1.9639388980555033,2.8523502910025518,2.87393008884284,598.0,2.863140189922696,0.01078989892014392,0.13446300586598245,1.9639388980555033,913593808563155.6,1003017291254484.9,598.0,958305549908820.2,44711741345664.6,557194759963534.2,1.9639388980555033,8.509350231305163,8.690913886216489,598.0,8.600132058760826,0.09078182745566368,1.1313171224344234,1.9639388980555033,2.5872257924067688,2.621955952048385,598.0,2.604590872227577,0.017365079820808066,0.2164024748600169,1.9639388980555033,599.0,0.7312186978297162,-0.042180964642238535,-0.033228467769562654,598.0,-0.037704716205900594,0.004476248436337942,0.055782711609023594,1.9639388980555033,ExtraTreesRegressor,"{'mode': 'original', 'type': 'ExtraTreesRegressor'}",4,"['nodes_T6W30', 'l1_T6W30', 'lcc_T6W30', 'density_T6W30']",0.04264922226213926,0.06084186938158869,598.0,0.05174554582186398,0.009096323559724713,0.11335778186824978,1.9639388980555033,3.4963990457316925,3.526270692104628,598.0,3.5113348689181603,0.014935823186467847,0.18612923954143168,1.9639388980555033,completed,49.00698184967041,True,COMPLETE
364,2.9969993963973036,2026-06-14 12:11:05.486849,2026-06-14 12:11:07.217837,0 days 00:00:01.730988,10,,1,10,261,ExtraTreesRegressor,13,False,,,,,,,,,,,,,,,,,,,,,,,,,,,,,,,,,,,,,,,,,,,,,ExtraTreesRegressor,"{'mode': 'original', 'type': 'ExtraTreesRegressor'}",13,"['nodes_T6W30', 'edges_T6W30', 're_T6W30', 'pe_T6W30', 'l1_T6W30', 'l2_T6W30', 'l3_T6W30', 'lcc_T6W30', 'lsc_T6W30', 'atd_T6W30', 'density_T6W30', 'diameter_T6W30', 'asp_T6W30']",,,,,,,,,,,,,,,pruned,,False,PRUNED
365,2.913542716196169,2026-06-14 12:11:07.223476,2026-06-14 12:11:09.685288,0 days 00:00:02.461812,5,,2,2,423,ExtraTreesRegressor,12,True,,,,,,,,,,,,,,,,,,,,,,,,,,,,,,,,,,,,,,,,,,,,,ExtraTreesRegressor,"{'mode': 'original', 'type': 'ExtraTreesRegressor'}",12,"['nodes_T6W30', 're_T6W30', 'pe_T6W30', 'l1_T6W30', 'l2_T6W30', 'l3_T6W30', 'lcc_T6W30', 'lsc_T6W30', 'atd_T6W30', 'density_T6W30', 'diameter_T6W30', 'asp_T6W30']",,,,,,,,,,,,,,,pruned,,True,PRUNED
366,2.83601591186172,2026-06-14 12:11:09.690894,2026-06-14 12:11:26.444239,0 days 00:00:16.753345,2,sqrt,3,8,72,ExtraTreesRegressor,7,True,-0.007920918577484948,-0.00492871313571114,598.0,-0.006424815856598044,0.0014961027208869042,0.018644333039965568,1.9639388980555033,2.8265287530211776,2.8455030707022626,598.0,2.83601591186172,0.009487158840542595,0.11822834525778586,1.9639388980555033,924187704138706.4,1013575713466852.9,598.0,968881708802779.6,44694004664073.195,556973726612015.44,1.9639388980555033,8.19078471149385,8.350433831538437,598.0,8.270609271516143,0.07982456002229421,0.9947683812392977,1.9639388980555033,2.5454026389743545,2.575099715171982,598.0,2.560251177073168,0.014848538098813755,0.18504149855886012,1.9639388980555033,599.0,0.35058430717863104,0.002341469250074745,0.006923156420863288,598.0,0.004632312835469016,0.0022908435853942716,0.028548341067944825,1.9639388980555033,ExtraTreesRegressor,"{'mode': 'original', 'type': 'ExtraTreesRegressor'}",7,"['nodes_T6W30', 'l3_T6W30', 'lcc_T6W30', 'atd_T6W30', 'density_T6W30', 'diameter_T6W30', 'asp_T6W30']",0.12080989206210231,0.14016596760044225,598.0,0.13048792983127228,0.009678037769169966,0.12060706582687274,1.9639388980555033,3.4263436934317686,3.454162474264305,598.0,3.4402530838480367,0.013909390416268352,0.17333790232670546,1.9639388980555033,completed,16.744897842407227,True,COMPLETE
