number,value,datetime_start,datetime_complete,duration,params_et_max_depth,params_et_max_features,params_et_min_samples_leaf,params_et_min_samples_split,params_et_n_estimators,params_regressor,params_rfe_n_features,params_use_scaler,user_attrs_d2mae_ci_lower_val,user_attrs_d2mae_ci_upper_val,user_attrs_d2mae_df_val,user_attrs_d2mae_mean_val,user_attrs_d2mae_samperror_val,user_attrs_d2mae_std_val,user_attrs_d2mae_t_critical_val,user_attrs_mae_ci_lower_val,user_attrs_mae_ci_upper_val,user_attrs_mae_df_val,user_attrs_mae_mean_val,user_attrs_mae_samperror_val,user_attrs_mae_std_val,user_attrs_mae_t_critical_val,user_attrs_mape_ci_lower_val,user_attrs_mape_ci_upper_val,user_attrs_mape_df_val,user_attrs_mape_mean_val,user_attrs_mape_samperror_val,user_attrs_mape_std_val,user_attrs_mape_t_critical_val,user_attrs_max_error_ci_lower_val,user_attrs_max_error_ci_upper_val,user_attrs_max_error_df_val,user_attrs_max_error_mean_val,user_attrs_max_error_samperror_val,user_attrs_max_error_std_val,user_attrs_max_error_t_critical_val,user_attrs_median_ae_ci_lower_val,user_attrs_median_ae_ci_upper_val,user_attrs_median_ae_df_val,user_attrs_median_ae_mean_val,user_attrs_median_ae_samperror_val,user_attrs_median_ae_std_val,user_attrs_median_ae_t_critical_val,user_attrs_n_splits_val,user_attrs_r2_below_zero_val,user_attrs_r2_ci_lower_val,user_attrs_r2_ci_upper_val,user_attrs_r2_df_val,user_attrs_r2_mean_val,user_attrs_r2_samperror_val,user_attrs_r2_std_val,user_attrs_r2_t_critical_val,user_attrs_regressor_final,user_attrs_rfe_estimator,user_attrs_rfe_n_features,user_attrs_rfe_selected_features,user_attrs_rho_ci_lower_val,user_attrs_rho_ci_upper_val,user_attrs_rho_df_val,user_attrs_rho_mean_val,user_attrs_rho_samperror_val,user_attrs_rho_std_val,user_attrs_rho_t_critical_val,user_attrs_rmse_ci_lower_val,user_attrs_rmse_ci_upper_val,user_attrs_rmse_df_val,user_attrs_rmse_mean_val,user_attrs_rmse_samperror_val,user_attrs_rmse_std_val,user_attrs_rmse_t_critical_val,user_attrs_termination_reason,user_attrs_trial_time_seconds,user_attrs_use_scaler_final,state
420,2.8398909201535623,2026-06-14 12:48:28.976181,2026-06-14 12:48:52.203994,0 days 00:00:23.227813,20,sqrt,3,3,106,ExtraTreesRegressor,2,True,-0.009432491795414912,-0.00615972946192278,598.0,-0.007796110628668846,0.0016363811667460665,0.02039247374341711,1.9639388980555033,2.830184911399341,2.8495969289077836,598.0,2.8398909201535623,0.009706008754221201,0.12095563839042103,1.9639388980555033,945028233814323.6,1035922656203260.1,598.0,990475445008791.9,45447211194468.2,566360136518573.6,1.9639388980555033,8.202349317534376,8.352149471689993,598.0,8.277249394612184,0.07490007707780817,0.9333998008705647,1.9639388980555033,2.58010283927593,2.6080112748666218,598.0,2.594057057071276,0.013954217795345687,0.17389653815642384,1.9639388980555033,599.0,0.48914858096828046,-0.0049692159670172344,-0.0003808028913821959,598.0,-0.002675009429199715,0.0022942065378175193,0.028590249958358058,1.9639388980555033,ExtraTreesRegressor,"{'mode': 'original', 'type': 'ExtraTreesRegressor'}",2,"['nodes_T6W30', 'l1_T6W30']",0.054991080656026085,0.07373213312804594,598.0,0.06436160689203602,0.009370526236009931,0.11677487746318382,1.9639388980555033,3.438953799231487,3.466599595028966,598.0,3.4527766971302265,0.013822897898739467,0.17226003830055248,1.9639388980555033,completed,23.219507932662964,True,COMPLETE
421,2.8790661563189364,2026-06-14 12:48:52.219337,2026-06-14 12:49:50.183886,0 days 00:00:57.964549,6,,5,9,295,ExtraTreesRegressor,5,False,-0.024469315629552436,-0.018970836627126834,598.0,-0.021720076128339635,0.0027492395012128023,0.03426084061718317,1.9639388980555033,2.8675457655702723,2.8905865470676004,598.0,2.8790661563189364,0.01152039074866411,0.1435663466618805,1.9639388980555033,913204292173103.9,1002993879811755.4,598.0,958099085992429.6,44894793819325.78,559475947769078.4,1.9639388980555033,8.529446325534623,8.718892539614073,598.0,8.624169432574348,0.09472310703972459,1.1804330876305078,1.9639388980555033,2.623288678834199,2.6624187381947824,598.0,2.6428537085144908,0.01956502968029176,0.2438181043343918,1.9639388980555033,599.0,0.7595993322203672,-0.051722414254590725,-0.04173977592726425,598.0,-0.04673109509092749,0.004991319163663237,0.06220148890641214,1.9639388980555033,ExtraTreesRegressor,"{'mode': 'original', 'type': 'ExtraTreesRegressor'}",5,"['nodes_T6W30', 'l1_T6W30', 'atd_T6W30', 'density_T6W30', 'asp_T6W30']",0.034586554345774845,0.0527419554963478,598.0,0.043664254921061324,0.009077700575286476,0.1131257034693423,1.9639388980555033,3.510842183772574,3.5419012704919353,598.0,3.5263717271322546,0.01552954335968072,0.19352814102552549,1.9639388980555033,completed,57.955790758132935,False,COMPLETE
422,2.8462845226086864,2026-06-14 12:49:50.200765,2026-06-14 12:51:11.419596,0 days 00:01:21.218831,17,log2,4,8,454,ExtraTreesRegressor,4,False,-0.01227209163806687,-0.00788641487650083,598.0,-0.01007925325728385,0.0021928383807830205,0.027327006697709252,1.9639388980555033,2.8358027950797378,2.856766250137635,598.0,2.8462845226086864,0.010481727528948522,0.13062259439515078,1.9639388980555033,917263556723708.2,1006942499017837.0,598.0,962103027870772.6,44839471147064.39,558786520290669.1,1.9639388980555033,8.40814892455386,8.585971846809613,598.0,8.497060385681737,0.08891146112787604,1.1080087411079473,1.9639388980555033,2.5888694173995055,2.622054803757672,598.0,2.6054621105785887,0.01659269317908331,0.20677704367612063,1.9639388980555033,599.0,0.6377295492487479,-0.024751869725081786,-0.01706493560615734,598.0,-0.020908402665619562,0.0038434670594622244,0.04789703199140683,1.9639388980555033,ExtraTreesRegressor,"{'mode': 'original', 'type': 'ExtraTreesRegressor'}",4,"['l1_T6W30', 'lcc_T6W30', 'atd_T6W30', 'density_T6W30']",0.06300911030654634,0.08077162506218181,598.0,0.07189036768436408,0.00888125737781774,0.11067764135040462,1.9639388980555033,3.468584750937348,3.498196099408538,598.0,3.483390425172943,0.014805674235594694,0.18450733193374905,1.9639388980555033,completed,81.2093300819397,False,COMPLETE
423,2.899943559016757,2026-06-14 12:51:11.435208,2026-06-14 12:51:54.918289,0 days 00:00:43.483081,19,log2,2,2,211,ExtraTreesRegressor,5,True,-0.03206638520093089,-0.026185850251768897,598.0,-0.029126117726349897,0.002940267474580999,0.0366414185719609,1.9639388980555033,2.888010299121761,2.9118768189117525,598.0,2.899943559016757,0.011933259894995878,0.14871149462442984,1.9639388980555033,929095639822032.6,1020760946284577.4,598.0,974928293053305.0,45832653231272.42,571163489658337.0,1.9639388980555033,8.534162271126423,8.71022315003475,598.0,8.622192710580586,0.0880304394541639,1.0970295073489316,1.9639388980555033,2.6078661597137462,2.6465552505565513,598.0,2.6272107051351488,0.019344545421402345,0.24107044409996126,1.9639388980555033,599.0,0.8030050083472454,-0.06270482009446512,-0.05233397289203831,598.0,-0.05751939649325172,0.0051854236012134035,0.06462040555411075,1.9639388980555033,ExtraTreesRegressor,"{'mode': 'original', 'type': 'ExtraTreesRegressor'}",5,"['l1_T6W30', 'l2_T6W30', 'atd_T6W30', 'density_T6W30', 'asp_T6W30']",0.025759635598982165,0.044269740904814885,598.0,0.035014688251898525,0.009255052652916361,0.11533585331700864,1.9639388980555033,3.528714016535482,3.5598876480347186,598.0,3.5443008322851,0.015586815749618597,0.1942418657565142,1.9639388980555033,completed,43.47456407546997,True,COMPLETE
424,2.920065717758973,2026-06-14 12:51:54.933804,2026-06-14 12:51:57.265447,0 days 00:00:02.331643,10,,5,6,391,ExtraTreesRegressor,13,True,,,,,,,,,,,,,,,,,,,,,,,,,,,,,,,,,,,,,,,,,,,,,ExtraTreesRegressor,"{'mode': 'original', 'type': 'ExtraTreesRegressor'}",13,"['nodes_T6W30', 'edges_T6W30', 're_T6W30', 'pe_T6W30', 'l1_T6W30', 'l2_T6W30', 'l3_T6W30', 'lcc_T6W30', 'lsc_T6W30', 'atd_T6W30', 'density_T6W30', 'diameter_T6W30', 'asp_T6W30']",,,,,,,,,,,,,,,pruned,,True,PRUNED
425,2.8522175257240883,2026-06-14 12:51:57.271467,2026-06-14 12:52:37.015796,0 days 00:00:39.744329,11,sqrt,4,3,203,ExtraTreesRegressor,6,True,-0.014258010489797657,-0.010124806997779253,598.0,-0.012191408743788455,0.0020666017460092023,0.02575385411419391,1.9639388980555033,2.841955727608058,2.8624793238401187,598.0,2.8522175257240883,0.010261798116030622,0.12788184861447693,1.9639388980555033,920603966191654.1,1010349886461793.4,598.0,965476926326723.8,44872960135069.664,559203857841643.94,1.9639388980555033,8.370621356861955,8.547846054845314,598.0,8.459233705853634,0.08861234899168016,1.1042812254730414,1.9639388980555033,2.5943193507993323,2.626495635622141,598.0,2.6104074932107366,0.016088142411404407,0.20048936541924317,1.9639388980555033,599.0,0.6444073455759599,-0.02357723688731846,-0.01637370613871565,598.0,-0.019975471513017054,0.0036017653743014065,0.04488496159574057,1.9639388980555033,ExtraTreesRegressor,"{'mode': 'original', 'type': 'ExtraTreesRegressor'}",6,"['nodes_T6W30', 'l1_T6W30', 'lcc_T6W30', 'atd_T6W30', 'density_T6W30', 'asp_T6W30']",0.048383032972404136,0.06629184291437171,598.0,0.05733743794338792,0.008954404970983782,0.1115892018128113,1.9639388980555033,3.4673034193865706,3.4964199929601496,598.0,3.48186170617336,0.014558286786789413,0.1814244059280408,1.9639388980555033,completed,39.735848903656006,True,COMPLETE
426,2.9501499683286214,2026-06-14 12:52:37.031164,2026-06-14 12:52:38.547739,0 days 00:00:01.516575,9,,3,9,237,ExtraTreesRegressor,13,False,,,,,,,,,,,,,,,,,,,,,,,,,,,,,,,,,,,,,,,,,,,,,ExtraTreesRegressor,"{'mode': 'original', 'type': 'ExtraTreesRegressor'}",13,"['nodes_T6W30', 'edges_T6W30', 're_T6W30', 'pe_T6W30', 'l1_T6W30', 'l2_T6W30', 'l3_T6W30', 'lcc_T6W30', 'lsc_T6W30', 'atd_T6W30', 'density_T6W30', 'diameter_T6W30', 'asp_T6W30']",,,,,,,,,,,,,,,pruned,,False,PRUNED
427,2.8763949088877485,2026-06-14 12:52:38.553559,2026-06-14 12:53:04.523662,0 days 00:00:25.970103,11,sqrt,3,8,118,ExtraTreesRegressor,6,False,-0.022949016755949243,-0.018571419890383696,598.0,-0.02076021832316647,0.0021887984327827728,0.027276661133244194,1.9639388980555033,2.8658231048799476,2.8869667128955494,598.0,2.8763949088877485,0.010571804007800858,0.13174512150999673,1.9639388980555033,920973400080653.4,1010942581599486.6,598.0,965957990840070.0,44984590759416.59,560594991290388.44,1.9639388980555033,8.413250247273956,8.59710482437494,598.0,8.505177535824448,0.09192728855049198,1.145591782748952,1.9639388980555033,2.599174651708818,2.631796723715003,598.0,2.6154856877119106,0.016311036003092555,0.20326705059947223,1.9639388980555033,599.0,0.7262103505843072,-0.03472640826925071,-0.027267878680145907,598.0,-0.03099714347469831,0.0037292647945524034,0.046473850928254394,1.9639388980555033,ExtraTreesRegressor,"{'mode': 'original', 'type': 'ExtraTreesRegressor'}",6,"['nodes_T6W30', 're_T6W30', 'l1_T6W30', 'l2_T6W30', 'atd_T6W30', 'density_T6W30']",0.025089913835683837,0.04359072588536486,598.0,0.03434031986052435,0.00925040602484051,0.11527794734561407,1.9639388980555033,3.4858189534324966,3.5155988975514374,598.0,3.500708925491967,0.01488997205947022,0.18555784583292032,1.9639388980555033,completed,25.96181893348694,False,COMPLETE
428,2.848597371361609,2026-06-14 12:53:04.538870,2026-06-14 12:53:33.352781,0 days 00:00:28.813911,3,sqrt,3,8,144,ExtraTreesRegressor,11,False,-0.012642482506563909,-0.009136285221699667,598.0,-0.010889383864131788,0.001753098642432122,0.021846999196712777,1.9639388980555033,2.83873419966803,2.8584605430551875,598.0,2.848597371361609,0.009863171693578603,0.12291419253380381,1.9639388980555033,922182771696089.0,1011557688304784.5,598.0,966870230000436.8,44687458304347.734,556892146310598.4,1.9639388980555033,8.266872036512261,8.43504075892411,598.0,8.350956397718186,0.08408436120592423,1.0478537415176055,1.9639388980555033,2.549135111377791,2.576663270656039,598.0,2.562899191016915,0.013764079639124044,0.1715270490440053,1.9639388980555033,599.0,0.5358931552587646,-0.010615636167189893,-0.0048753216438530925,598.0,-0.007745478905521493,0.0028701572616684004,0.0357677097411458,1.9639388980555033,ExtraTreesRegressor,"{'mode': 'original', 'type': 'ExtraTreesRegressor'}",11,"['nodes_T6W30', 're_T6W30', 'pe_T6W30', 'l1_T6W30', 'l2_T6W30', 'l3_T6W30', 'lcc_T6W30', 'atd_T6W30', 'density_T6W30', 'diameter_T6W30', 'asp_T6W30']",0.07764625633512186,0.09587024826532119,598.0,0.08675825230022152,0.009111995965099666,0.1135530903462497,1.9639388980555033,3.447123964632715,3.4755840779201193,598.0,3.461354021276417,0.014230056643702152,0.17733402361936704,1.9639388980555033,completed,28.805294275283813,False,COMPLETE
429,2.966701450221862,2026-06-14 12:53:33.368080,2026-06-14 12:53:35.633225,0 days 00:00:02.265145,19,,2,6,305,ExtraTreesRegressor,9,True,,,,,,,,,,,,,,,,,,,,,,,,,,,,,,,,,,,,,,,,,,,,,ExtraTreesRegressor,"{'mode': 'original', 'type': 'ExtraTreesRegressor'}",9,"['re_T6W30', 'pe_T6W30', 'l1_T6W30', 'l2_T6W30', 'l3_T6W30', 'lsc_T6W30', 'atd_T6W30', 'density_T6W30', 'asp_T6W30']",,,,,,,,,,,,,,,pruned,,True,PRUNED
430,2.992567127831547,2026-06-14 12:53:35.639953,2026-06-14 12:53:38.286407,0 days 00:00:02.646454,13,,1,11,390,ExtraTreesRegressor,11,False,,,,,,,,,,,,,,,,,,,,,,,,,,,,,,,,,,,,,,,,,,,,,ExtraTreesRegressor,"{'mode': 'original', 'type': 'ExtraTreesRegressor'}",11,"['nodes_T6W30', 're_T6W30', 'pe_T6W30', 'l1_T6W30', 'l2_T6W30', 'l3_T6W30', 'lsc_T6W30', 'atd_T6W30', 'density_T6W30', 'diameter_T6W30', 'asp_T6W30']",,,,,,,,,,,,,,,pruned,,False,PRUNED
431,2.919094188984973,2026-06-14 12:53:38.293228,2026-06-14 12:54:03.580527,0 days 00:00:25.287299,18,sqrt,1,12,106,ExtraTreesRegressor,8,False,-0.0387538449442567,-0.03310052711320043,598.0,-0.03592718602872857,0.002826658915528134,0.03522563623188431,1.9639388980555033,2.9073670480463685,2.9308213299235772,598.0,2.919094188984973,0.011727140938604504,0.14614285383849984,1.9639388980555033,924462683601059.4,1015576802586583.6,598.0,970019743093821.5,45557059492762.11,567729058738066.0,1.9639388980555033,8.654008684573329,8.842318175353826,598.0,8.748163429963578,0.09415474539024923,1.1733502023900606,1.9639388980555033,2.6314370627948773,2.6690959799651393,598.0,2.6502665213800083,0.018829458585131124,0.2346514660539553,1.9639388980555033,599.0,0.8764607679465777,-0.0735356973839598,-0.06355537915288086,598.0,-0.06854553826842033,0.004990159115539477,0.062187032463508984,1.9639388980555033,ExtraTreesRegressor,"{'mode': 'original', 'type': 'ExtraTreesRegressor'}",8,"['nodes_T6W30', 'l1_T6W30', 'l2_T6W30', 'l3_T6W30', 'atd_T6W30', 'density_T6W30', 'diameter_T6W30', 'asp_T6W30']",-0.00637971494100541,0.011801482048473505,598.0,0.002710883553734048,0.009090598494739458,0.11328643648750128,1.9639388980555033,3.5473766804374587,3.57870163970104,598.0,3.5630391600692493,0.015662479631790755,0.1951847840458935,1.9639388980555033,completed,25.27861499786377,False,COMPLETE
432,2.8776127149176234,2026-06-14 12:54:03.595882,2026-06-14 12:55:09.367746,0 days 00:01:05.771864,11,log2,5,10,353,ExtraTreesRegressor,11,False,-0.023306385357046263,-0.0190463782678234,598.0,-0.021176381812434832,0.0021300035446114303,0.026543963130085554,1.9639388980555033,2.8670646137269613,2.8881608161082855,598.0,2.8776127149176234,0.01054810119066212,0.1314497385723479,1.9639388980555033,925564288676030.9,1015774755294504.9,598.0,970669521985267.9,45105233309237.01,562098430757639.2,1.9639388980555033,8.417658098877435,8.595372855415743,598.0,8.50651547714659,0.08885737826915446,1.1073347641037745,1.9639388980555033,2.5859384447495395,2.6173450582948283,598.0,2.601641751522184,0.015703306772644365,0.19569356917175246,1.9639388980555033,599.0,0.7412353923205343,-0.035504799449955146,-0.028209295276913224,598.0,-0.031857047363434185,0.0036477520865209616,0.04545804495830953,1.9639388980555033,ExtraTreesRegressor,"{'mode': 'original', 'type': 'ExtraTreesRegressor'}",11,"['nodes_T6W30', 're_T6W30', 'pe_T6W30', 'l1_T6W30', 'l2_T6W30', 'l3_T6W30', 'lcc_T6W30', 'atd_T6W30', 'density_T6W30', 'diameter_T6W30', 'asp_T6W30']",0.01148811653915818,0.029674147455190727,598.0,0.020581131997174453,0.009093015458016274,0.11331655652381242,1.9639388980555033,3.4873604244207783,3.517140000930282,598.0,3.50225021267553,0.01488978825475163,0.1855555552706883,1.9639388980555033,completed,65.76275515556335,False,COMPLETE
433,2.912604688744858,2026-06-14 12:55:09.383603,2026-06-14 12:55:11.133183,0 days 00:00:01.749580,14,log2,1,6,248,ExtraTreesRegressor,4,True,,,,,,,,,,,,,,,,,,,,,,,,,,,,,,,,,,,,,,,,,,,,,ExtraTreesRegressor,"{'mode': 'original', 'type': 'ExtraTreesRegressor'}",4,"['l3_T6W30', 'atd_T6W30', 'density_T6W30', 'asp_T6W30']",,,,,,,,,,,,,,,pruned,,True,PRUNED
434,2.9720698751419397,2026-06-14 12:55:11.139272,2026-06-14 12:55:14.047691,0 days 00:00:02.908419,17,,2,8,420,ExtraTreesRegressor,9,True,,,,,,,,,,,,,,,,,,,,,,,,,,,,,,,,,,,,,,,,,,,,,ExtraTreesRegressor,"{'mode': 'original', 'type': 'ExtraTreesRegressor'}",9,"['re_T6W30', 'l1_T6W30', 'l2_T6W30', 'l3_T6W30', 'lsc_T6W30', 'atd_T6W30', 'density_T6W30', 'diameter_T6W30', 'asp_T6W30']",,,,,,,,,,,,,,,pruned,,True,PRUNED
435,2.861015016535534,2026-06-14 12:55:14.053638,2026-06-14 12:55:59.092610,0 days 00:00:45.038972,20,log2,4,7,236,ExtraTreesRegressor,4,True,-0.017562235021697847,-0.01304827146491272,598.0,-0.015305253243305283,0.0022569817783925643,0.028126357471323454,1.9639388980555033,2.8503649527945347,2.871665080276533,598.0,2.861015016535534,0.010650063740999265,0.1327203891229752,1.9639388980555033,909555053116867.0,998867448310078.8,598.0,954211250713472.9,44656197596605.92,556502577440716.3,1.9639388980555033,8.45998726202492,8.656627057626103,598.0,8.558307159825512,0.0983198978005916,1.2252560559230339,1.9639388980555033,2.5758840230481432,2.606103595644819,598.0,2.590993809346481,0.015109786298337861,0.18829715632220634,1.9639388980555033,599.0,0.7045075125208681,-0.037120994114598245,-0.028622058202172722,598.0,-0.03287152615838548,0.004249467956212763,0.052956588282471115,1.9639388980555033,ExtraTreesRegressor,"{'mode': 'original', 'type': 'ExtraTreesRegressor'}",4,"['nodes_T6W30', 'lcc_T6W30', 'atd_T6W30', 'density_T6W30']",0.03649371402235117,0.05507332890432923,598.0,0.0457835214633402,0.009289807440989027,0.1157689651846056,1.9639388980555033,3.4883643821999586,3.518745111103521,598.0,3.50355474665174,0.015190364451781338,0.18930131593475955,1.9639388980555033,completed,45.03010892868042,True,COMPLETE
436,2.84407903017547,2026-06-14 12:55:59.108682,2026-06-14 12:57:11.288956,0 days 00:01:12.180274,11,log2,4,4,394,ExtraTreesRegressor,4,False,-0.01148227048744134,-0.007101073915226329,598.0,-0.009291672201333834,0.002190598286107505,0.027299090786195763,1.9639388980555033,2.8335766407540794,2.8545814195968604,598.0,2.84407903017547,0.010502389421390524,0.13088008153059044,1.9639388980555033,914209267450315.4,1003700304525718.4,598.0,958954785988016.9,44745518537701.48,557615689094066.94,1.9639388980555033,8.424648124091453,8.607752842156627,598.0,8.51620048312404,0.09155235903258668,1.1409194359235975,1.9639388980555033,2.581789119297974,2.616441580061119,598.0,2.5991153496795465,0.017326230381572518,0.21591833572076446,1.9639388980555033,599.0,0.6427378964941569,-0.02532317414064724,-0.017566060983162088,598.0,-0.021444617561904664,0.003878556578742575,0.04833431525714899,1.9639388980555033,ExtraTreesRegressor,"{'mode': 'original', 'type': 'ExtraTreesRegressor'}",4,"['nodes_T6W30', 'l1_T6W30', 'atd_T6W30', 'density_T6W30']",0.06545479296596551,0.08339867896829373,598.0,0.07442673596712962,0.008971943001164107,0.11180775958359933,1.9639388980555033,3.46943914921574,3.4991625073057215,598.0,3.484300828260731,0.0148616790449907,0.1852052601599606,1.9639388980555033,completed,72.17077493667603,False,COMPLETE
437,2.903789836245804,2026-06-14 12:57:11.306506,2026-06-14 12:57:30.442562,0 days 00:00:19.136056,9,log2,3,7,73,ExtraTreesRegressor,8,False,-0.033078282750439614,-0.02796910840429024,598.0,-0.030523695577364927,0.002554587173074686,0.03183509619325733,1.9639388980555033,2.8927317364523515,2.9148479360392563,598.0,2.903789836245804,0.011058099793452247,0.13780530738964103,1.9639388980555033,920039340002319.2,1010048669869384.8,598.0,965044004935852.0,45004664933532.81,560845154318969.25,1.9639388980555033,8.56383167956268,8.745889145320836,598.0,8.654860412441758,0.09102873287907841,1.134394041471633,1.9639388980555033,2.6085452768218196,2.6446975128254135,598.0,2.6266213948236166,0.018076118001796766,0.22526338558854356,1.9639388980555033,599.0,0.8580968280467446,-0.06400000124468948,-0.05491804573344351,598.0,-0.059459023489066495,0.004540977755622986,0.056589364099759794,1.9639388980555033,ExtraTreesRegressor,"{'mode': 'original', 'type': 'ExtraTreesRegressor'}",8,"['nodes_T6W30', 'l1_T6W30', 'l2_T6W30', 'l3_T6W30', 'lsc_T6W30', 'atd_T6W30', 'density_T6W30', 'diameter_T6W30']",-0.01010532251158679,0.00820377120102174,598.0,-0.0009507756552825253,0.009154546856304265,0.11408335673484071,1.9639388980555033,3.532862754841972,3.5632513031969135,598.0,3.548057029019443,0.015194274177470721,0.18935003867740957,1.9639388980555033,completed,19.127376079559326,False,COMPLETE
