number,value,datetime_start,datetime_complete,duration,params_et_max_depth,params_et_max_features,params_et_min_samples_leaf,params_et_min_samples_split,params_et_n_estimators,params_regressor,params_rfe_n_features,params_use_scaler,user_attrs_d2mae_ci_lower_val,user_attrs_d2mae_ci_upper_val,user_attrs_d2mae_df_val,user_attrs_d2mae_mean_val,user_attrs_d2mae_samperror_val,user_attrs_d2mae_std_val,user_attrs_d2mae_t_critical_val,user_attrs_mae_ci_lower_val,user_attrs_mae_ci_upper_val,user_attrs_mae_df_val,user_attrs_mae_mean_val,user_attrs_mae_samperror_val,user_attrs_mae_std_val,user_attrs_mae_t_critical_val,user_attrs_mape_ci_lower_val,user_attrs_mape_ci_upper_val,user_attrs_mape_df_val,user_attrs_mape_mean_val,user_attrs_mape_samperror_val,user_attrs_mape_std_val,user_attrs_mape_t_critical_val,user_attrs_max_error_ci_lower_val,user_attrs_max_error_ci_upper_val,user_attrs_max_error_df_val,user_attrs_max_error_mean_val,user_attrs_max_error_samperror_val,user_attrs_max_error_std_val,user_attrs_max_error_t_critical_val,user_attrs_median_ae_ci_lower_val,user_attrs_median_ae_ci_upper_val,user_attrs_median_ae_df_val,user_attrs_median_ae_mean_val,user_attrs_median_ae_samperror_val,user_attrs_median_ae_std_val,user_attrs_median_ae_t_critical_val,user_attrs_n_splits_val,user_attrs_r2_below_zero_val,user_attrs_r2_ci_lower_val,user_attrs_r2_ci_upper_val,user_attrs_r2_df_val,user_attrs_r2_mean_val,user_attrs_r2_samperror_val,user_attrs_r2_std_val,user_attrs_r2_t_critical_val,user_attrs_regressor_final,user_attrs_rfe_estimator,user_attrs_rfe_n_features,user_attrs_rfe_selected_features,user_attrs_rho_ci_lower_val,user_attrs_rho_ci_upper_val,user_attrs_rho_df_val,user_attrs_rho_mean_val,user_attrs_rho_samperror_val,user_attrs_rho_std_val,user_attrs_rho_t_critical_val,user_attrs_rmse_ci_lower_val,user_attrs_rmse_ci_upper_val,user_attrs_rmse_df_val,user_attrs_rmse_mean_val,user_attrs_rmse_samperror_val,user_attrs_rmse_std_val,user_attrs_rmse_t_critical_val,user_attrs_termination_reason,user_attrs_trial_time_seconds,user_attrs_use_scaler_final,state
27,2.917304435262352,2026-06-14 08:04:28.965800,2026-06-14 08:05:52.426985,0 days 00:01:23.461185,19,sqrt,3,7,441,ExtraTreesRegressor,11,False,-0.03778664748221528,-0.03282364515886437,598.0,-0.035305146320539826,0.0024815011616754574,0.030924303158750874,1.9639388980555033,2.9062745272153374,2.9283343433093667,598.0,2.917304435262352,0.011029908047014515,0.1374539837123124,1.9639388980555033,927136353809841.6,1017867367568976.1,598.0,972501860689408.9,45365506879567.195,565341942756507.9,1.9639388980555033,8.55853473307327,8.737976508896683,598.0,8.648255620984976,0.08972088791170708,1.118095764090078,1.9639388980555033,2.618377812601054,2.655929359947559,598.0,2.6371535862743065,0.018775773673252356,0.2339824482369864,1.9639388980555033,599.0,0.8964941569282137,-0.0693327804335074,-0.06064486904471443,598.0,-0.06498882473911091,0.004343955694396483,0.054134088219003555,1.9639388980555033,ExtraTreesRegressor,"{'mode': 'original', 'type': 'ExtraTreesRegressor'}",11,"['nodes_T6W30', 're_T6W30', 'l1_T6W30', 'l2_T6W30', 'l3_T6W30', 'lcc_T6W30', 'lsc_T6W30', 'atd_T6W30', 'density_T6W30', 'diameter_T6W30', 'asp_T6W30']",-0.029560623647180005,-0.011966323386738623,598.0,-0.020763473516959313,0.00879715013022069,0.10962950240019624,1.9639388980555033,3.542310422024356,3.5727286975300427,598.0,3.5575195597771994,0.01520913775284348,0.1895352675694806,1.9639388980555033,completed,83.4526641368866,False,COMPLETE
28,2.8509025679563518,2026-06-14 08:05:52.440995,2026-06-14 08:06:32.829251,0 days 00:00:40.388256,3,log2,1,8,219,ExtraTreesRegressor,9,True,-0.013584931619974846,-0.00985086725242504,598.0,-0.011717899436199943,0.0018670321837749024,0.023266831444566875,1.9639388980555033,2.8409249177107614,2.860880218201942,598.0,2.8509025679563518,0.009977650245590415,0.12434081666852631,1.9639388980555033,916675661798202.6,1005565644801448.4,598.0,961120653299825.5,44444991501622.86,553870541070512.8,1.9639388980555033,8.273950672797818,8.44387605676332,598.0,8.35891336478057,0.08496269198275182,1.0587994414978295,1.9639388980555033,2.554057156354937,2.583060550641554,598.0,2.5685588534982453,0.014501697143308432,0.18071918953818833,1.9639388980555033,599.0,0.5392320534223706,-0.013884137889536172,-0.007494426496402397,598.0,-0.010689282192969284,0.003194855696566888,0.03981408013623086,1.9639388980555033,ExtraTreesRegressor,"{'mode': 'original', 'type': 'ExtraTreesRegressor'}",9,"['nodes_T6W30', 're_T6W30', 'l1_T6W30', 'l3_T6W30', 'lcc_T6W30', 'atd_T6W30', 'density_T6W30', 'diameter_T6W30', 'asp_T6W30']",0.08447735366970555,0.10305020311655186,598.0,0.0937637783931287,0.009286424723423163,0.11572680998229387,1.9639388980555033,3.4518721233228304,3.4805752490246076,598.0,3.466223686173719,0.014351562850888785,0.17884822592752653,1.9639388980555033,completed,40.379904985427856,True,COMPLETE
29,2.8400541614510812,2026-06-14 08:06:32.842907,2026-06-14 08:07:44.814849,0 days 00:01:11.971942,8,sqrt,3,3,420,ExtraTreesRegressor,3,False,-0.009336542180330963,-0.006363850016096544,598.0,-0.007850196098213753,0.0014863460821172095,0.018522746453674892,1.9639388980555033,2.830525758088926,2.8495825648132365,598.0,2.8400541614510812,0.00952840336215515,0.11874233175502495,1.9639388980555033,927833388158243.6,1017865571786047.6,598.0,972849479972145.6,45016091813902.01,560987555345474.25,1.9639388980555033,8.275693324889513,8.445155379441605,598.0,8.360424352165559,0.08473102727604533,1.0559124512630407,1.9639388980555033,2.5417451777978166,2.5654929772430264,598.0,2.5536190775204215,0.011873899722605078,0.14797175208675983,1.9639388980555033,599.0,0.4507512520868113,-0.004778318543489505,8.205594239560441e-05,598.0,-0.0023481313005469504,0.002430187242942555,0.030284832501365253,1.9639388980555033,ExtraTreesRegressor,"{'mode': 'original', 'type': 'ExtraTreesRegressor'}",3,"['lcc_T6W30', 'atd_T6W30', 'density_T6W30']",0.08208767539349221,0.10088726420117125,598.0,0.09148746979733173,0.009399794403839515,0.11713961543262008,1.9639388980555033,3.438194001771172,3.4664604028204744,598.0,3.452327202295823,0.01413320052465147,0.17612700907729806,1.9639388980555033,completed,71.9632420539856,False,COMPLETE
30,2.8950416651972004,2026-06-14 08:07:44.828458,2026-06-14 08:08:43.622307,0 days 00:00:58.793849,14,,5,9,293,ExtraTreesRegressor,5,False,-0.030322989118555833,-0.024485324550426693,598.0,-0.027404156834491263,0.0029188322840645693,0.03637429464712336,1.9639388980555033,2.883232508186981,2.90685082220742,598.0,2.8950416651972004,0.011809157010219395,0.14716493269209033,1.9639388980555033,917834051532934.8,1008344812862217.8,598.0,963089432197576.2,45255380664641.49,563969557158353.0,1.9639388980555033,8.58771985046401,8.7759254345219,598.0,8.681822642492955,0.09410279202894521,1.1727027630416957,1.9639388980555033,2.6458460421902026,2.687249055757046,598.0,2.6665475489736243,0.020701506783421843,0.2579808067392719,1.9639388980555033,599.0,0.8247078464106845,-0.06563828900269586,-0.055110745583601024,598.0,-0.060374517293148446,0.0052637717095474195,0.06559677449217721,1.9639388980555033,ExtraTreesRegressor,"{'mode': 'original', 'type': 'ExtraTreesRegressor'}",5,"['nodes_T6W30', 'l1_T6W30', 'atd_T6W30', 'density_T6W30', 'asp_T6W30']",0.026691475643314182,0.044615405354621634,598.0,0.03565344049896791,0.008961964855653728,0.11168341259497382,1.9639388980555033,3.533369730250215,3.564756593617401,598.0,3.549063161933808,0.015693431683592978,0.19557050646589474,1.9639388980555033,completed,58.785545110702515,False,COMPLETE
31,2.846732684899533,2026-06-14 08:08:43.636067,2026-06-14 08:08:59.207455,0 days 00:00:15.571388,20,sqrt,4,11,61,ExtraTreesRegressor,5,True,-0.012311179656925188,-0.008132394723769741,598.0,-0.010221787190347465,0.0020893924665777238,0.026037870564781216,1.9639388980555033,2.836332083225906,2.85713328657316,598.0,2.846732684899533,0.010400601673627052,0.1296116093580613,1.9639388980555033,920507429392741.5,1010281512824176.2,598.0,965394471108458.9,44887041715717.34,559379341567232.56,1.9639388980555033,8.36345299352201,8.542201995191839,598.0,8.452827494356924,0.08937450083491497,1.1137791112758755,1.9639388980555033,2.5896198481559027,2.6224895116353855,598.0,2.606054679895644,0.016434831739741574,0.20480978487218576,1.9639388980555033,599.0,0.6227045075125208,-0.01951187390107796,-0.012361980717976506,598.0,-0.015936927309527234,0.003574946591550728,0.0445507477009662,1.9639388980555033,ExtraTreesRegressor,"{'mode': 'original', 'type': 'ExtraTreesRegressor'}",5,"['nodes_T6W30', 'l1_T6W30', 'atd_T6W30', 'density_T6W30', 'asp_T6W30']",0.0633339116494312,0.08108622708613814,598.0,0.07221006936778467,0.008876157718353475,0.11061408973184607,1.9639388980555033,3.460408502528923,3.4896783423903943,598.0,3.4750434224596587,0.014634919930735547,0.18237940309346562,1.9639388980555033,completed,15.562879085540771,True,COMPLETE
32,2.8543917687011087,2026-06-14 08:08:59.221159,2026-06-14 08:10:01.596094,0 days 00:01:02.374935,7,log2,4,12,347,ExtraTreesRegressor,4,False,-0.015143160103099334,-0.010776752618112357,598.0,-0.012959956360605845,0.002183203742493488,0.027206940473323827,1.9639388980555033,2.8439117515645496,2.8648717858376678,598.0,2.8543917687011087,0.010480017136559262,0.13060127959845322,1.9639388980555033,909890696858228.2,999146146247021.5,598.0,954518421552624.9,44627724694396.61,556147750018779.56,1.9639388980555033,8.433934994065233,8.630197881457882,598.0,8.532066437761557,0.09813144369632532,1.22290755335457,1.9639388980555033,2.5712238631654056,2.599766402682544,598.0,2.585495132923975,0.014271269758569096,0.177847618727822,1.9639388980555033,599.0,0.674457429048414,-0.03080126108416873,-0.022660677053074944,598.0,-0.026730969068621838,0.004070292015546892,0.0507237095744214,1.9639388980555033,ExtraTreesRegressor,"{'mode': 'original', 'type': 'ExtraTreesRegressor'}",4,"['nodes_T6W30', 'lcc_T6W30', 'atd_T6W30', 'density_T6W30']",0.043822958273699086,0.06228630179596889,598.0,0.05305463003483399,0.009231671761134904,0.11504448219184521,1.9639388980555033,3.478171413162177,3.508307925152062,598.0,3.4932396691571195,0.01506825599494234,0.18777960843131158,1.9639388980555033,completed,62.36617708206177,False,COMPLETE
33,2.863162778837693,2026-06-14 08:10:01.610415,2026-06-14 08:10:15.925177,0 days 00:00:14.314762,4,sqrt,1,2,56,ExtraTreesRegressor,3,False,-0.018092618593272665,-0.014063710245353599,598.0,-0.016078164419313132,0.0020144541739595323,0.025103994524376918,1.9639388980555033,2.8529777758937,2.873347781781686,598.0,2.863162778837693,0.010185002943992815,0.12692483226570275,1.9639388980555033,915868914011418.8,1004615026321622.8,598.0,960241970166520.8,44373056155101.945,552974087545526.1,1.9639388980555033,8.345513252023538,8.518651411882038,598.0,8.432082331952788,0.08656907992925024,1.0788181417165876,1.9639388980555033,2.5478115720992576,2.5753553479937055,598.0,2.5615834600464815,0.013771887947223789,0.17162435566250003,1.9639388980555033,599.0,0.6260434056761269,-0.02599436134165975,-0.01841438537030657,598.0,-0.02220437335598316,0.003789987985676591,0.047230579315124574,1.9639388980555033,ExtraTreesRegressor,"{'mode': 'original', 'type': 'ExtraTreesRegressor'}",3,"['nodes_T6W30', 'atd_T6W30', 'asp_T6W30']",0.07252876522607155,0.09117167341048876,598.0,0.08185021931828015,0.009321454092208616,0.11616334365655161,1.9639388980555033,3.4709065004641237,3.500250026879958,598.0,3.485578263672041,0.01467176320791704,0.18283854157404286,1.9639388980555033,completed,14.306353092193604,False,COMPLETE
34,2.891224920119427,2026-06-14 08:10:15.939150,2026-06-14 08:10:43.488878,0 days 00:00:27.549728,10,sqrt,4,6,128,ExtraTreesRegressor,9,True,-0.028435198115326507,-0.023615398819668086,598.0,-0.026025298467497297,0.00240989964782921,0.030032009834450413,1.9639388980555033,2.880264760163666,2.902185080075188,598.0,2.891224920119427,0.010960159955760723,0.13658478761763068,1.9639388980555033,922781743454766.9,1013006894725248.4,598.0,967894319090007.6,45112575635240.77,562189930338109.8,1.9639388980555033,8.48691195686659,8.667230242224234,598.0,8.577071099545412,0.0901591426788222,1.1235572659778648,1.9639388980555033,2.616273949504604,2.6514101605480858,598.0,2.633842055026345,0.017568105521741043,0.21893256770125105,1.9639388980555033,599.0,0.7946577629382304,-0.05027163397853322,-0.041694686223955335,598.0,-0.04598316010124428,0.004288473877288943,0.05344267748805974,1.9639388980555033,ExtraTreesRegressor,"{'mode': 'original', 'type': 'ExtraTreesRegressor'}",9,"['nodes_T6W30', 'l1_T6W30', 'l2_T6W30', 'l3_T6W30', 'lcc_T6W30', 'atd_T6W30', 'density_T6W30', 'diameter_T6W30', 'asp_T6W30']",0.003503606381346794,0.02197435929537381,598.0,0.012738982838360302,0.009235376457013509,0.1150906498665698,1.9639388980555033,3.510548142257992,3.540647771200674,598.0,3.525597956729333,0.015049814471341072,0.18754979138533856,1.9639388980555033,completed,27.541023015975952,True,COMPLETE
35,2.906679500207157,2026-06-14 08:10:43.502574,2026-06-14 08:11:52.282905,0 days 00:01:08.780331,5,,4,2,347,ExtraTreesRegressor,8,False,-0.03424586826510474,-0.028825274548765992,598.0,-0.031535571406935366,0.0027102968581693737,0.033775539978248593,1.9639388980555033,2.895261717001768,2.9180972834125463,598.0,2.906679500207157,0.011417783205389229,0.14228765825197273,1.9639388980555033,912249103648697.5,1001879724822426.2,598.0,957064414235561.9,44815310586864.37,558485432989301.0,1.9639388980555033,8.573236466942516,8.761740608231639,598.0,8.667488537587078,0.09425207064456058,1.1745630632646833,1.9639388980555033,2.6169815469390714,2.652136670980853,598.0,2.6345591089599623,0.017577562020891068,0.21905041396747582,1.9639388980555033,599.0,0.8414023372287145,-0.06654150708869674,-0.056527999941134874,598.0,-0.06153475351491581,0.0050067535737809326,0.062393831503275515,1.9639388980555033,ExtraTreesRegressor,"{'mode': 'original', 'type': 'ExtraTreesRegressor'}",8,"['nodes_T6W30', 'l1_T6W30', 'l2_T6W30', 'l3_T6W30', 'lcc_T6W30', 'atd_T6W30', 'density_T6W30', 'asp_T6W30']",-0.007794708235111062,0.010608184781987705,598.0,0.001406738273438322,0.009201446508549383,0.11466781709555592,1.9639388980555033,3.53571458860573,3.566676134705628,598.0,3.551195361655679,0.01548077304994903,0.1929203686550823,1.9639388980555033,completed,68.77194094657898,False,COMPLETE
36,2.83823074245144,2026-06-14 08:11:52.296849,2026-06-14 08:12:39.025630,0 days 00:00:46.728781,12,sqrt,2,12,256,ExtraTreesRegressor,2,False,-0.008905645447244502,-0.005458419718168067,598.0,-0.007182032582706285,0.001723612864538218,0.021479549385064477,1.9639388980555033,2.828284529294615,2.8481769556082654,598.0,2.83823074245144,0.009946213156825218,0.1239490497500103,1.9639388980555033,926328251612511.4,1017012638859518.1,598.0,971670445236014.8,45342193623503.42,565051414503179.6,1.9639388980555033,8.321272785570772,8.498404544754036,598.0,8.409838665162404,0.08856587959163234,1.1037021268867186,1.9639388980555033,2.5372213869473748,2.565055503402314,598.0,2.5511384451748444,0.013917058227469508,0.1734334580821533,1.9639388980555033,599.0,0.5208681135225376,-0.010937544068558801,-0.004855228882216424,598.0,-0.007896386475387613,0.0030411575931711893,0.037898704549171096,1.9639388980555033,ExtraTreesRegressor,"{'mode': 'original', 'type': 'ExtraTreesRegressor'}",2,"['atd_T6W30', 'density_T6W30']",0.0768947284725893,0.09554208226934455,598.0,0.08621840537096692,0.009323676898377624,0.11619104411984178,1.9639388980555033,3.4471573623232334,3.4761360640467958,598.0,3.4616467131850146,0.014489350861781282,0.18056533099533312,1.9639388980555033,completed,46.72028422355652,False,COMPLETE
37,2.8904034293832437,2026-06-14 08:12:39.039362,2026-06-14 08:13:00.663866,0 days 00:00:21.624504,14,sqrt,2,2,92,ExtraTreesRegressor,5,True,-0.028505046172968698,-0.022960248550341674,598.0,-0.025732647361655186,0.0027723988113135126,0.03454945040611365,1.9639388980555033,2.8787872669833123,2.902019591783175,598.0,2.8904034293832437,0.011616162399931483,0.14475984663824432,1.9639388980555033,906487714642565.8,995520190043055.2,598.0,951003952342810.5,44516237700244.72,554758406480014.9,1.9639388980555033,8.60854048192804,8.781747058375322,598.0,8.695143770151681,0.08660328822364124,1.079244443216111,1.9639388980555033,2.5978521173137556,2.6342512018317974,598.0,2.6160516595727765,0.018199542259020866,0.22680149050926207,1.9639388980555033,599.0,0.8013355592654424,-0.0538532642622187,-0.044291891518198706,598.0,-0.049072577890208705,0.004780686372009995,0.05957659700434228,1.9639388980555033,ExtraTreesRegressor,"{'mode': 'original', 'type': 'ExtraTreesRegressor'}",5,"['l1_T6W30', 'l2_T6W30', 'l3_T6W30', 'atd_T6W30', 'density_T6W30']",0.03824955787451017,0.0566671540732124,598.0,0.047458355973861284,0.009208798099351117,0.1147594321333254,1.9639388980555033,3.5150133163830684,3.546251083398499,598.0,3.5306321998907837,0.01561888350771522,0.1946414920344773,1.9639388980555033,completed,21.616163730621338,True,COMPLETE
38,2.9643380784982587,2026-06-14 08:13:00.678002,2026-06-14 08:14:15.408849,0 days 00:01:14.730847,18,,5,10,333,ExtraTreesRegressor,11,False,-0.05501136472449798,-0.04903338303019911,598.0,-0.052022373877348545,0.0029889908471494413,0.03724860601458371,1.9639388980555033,2.9523727178304,2.9763034391661174,598.0,2.9643380784982587,0.011965360667858858,0.14911153233022512,1.9639388980555033,931880703010280.4,1023669073441560.9,598.0,977774888225920.6,45894185215640.28,571930297173053.8,1.9639388980555033,8.700564666153445,8.88241342954929,598.0,8.791489047851368,0.09092438169792232,1.1330936239619083,1.9639388980555033,2.657869489921129,2.699165272459695,598.0,2.678517381190412,0.020647891269283222,0.25731265375234535,1.9639388980555033,599.0,0.9565943238731218,-0.10627765724136118,-0.09550208492816323,598.0,-0.1008898710847622,0.00538778615659898,0.06714223431944481,1.9639388980555033,ExtraTreesRegressor,"{'mode': 'original', 'type': 'ExtraTreesRegressor'}",11,"['nodes_T6W30', 're_T6W30', 'l1_T6W30', 'l2_T6W30', 'l3_T6W30', 'lcc_T6W30', 'lsc_T6W30', 'atd_T6W30', 'density_T6W30', 'diameter_T6W30', 'asp_T6W30']",-0.050496223522840444,-0.03232172499352186,598.0,-0.04140897425818115,0.00908724926465929,0.11324469860401887,1.9639388980555033,3.6003757611241993,3.632181017394815,598.0,3.616278389259507,0.015902628135307764,0.19817749879476199,1.9639388980555033,completed,74.72242879867554,False,COMPLETE
39,2.8781647434678024,2026-06-14 08:14:15.422484,2026-06-14 08:14:57.593687,0 days 00:00:42.171203,16,sqrt,5,5,217,ExtraTreesRegressor,11,True,-0.023492194275361512,-0.019248815689592018,598.0,-0.021370504982476765,0.002121689292884746,0.02644035147561405,1.9639388980555033,2.867620536163316,2.8887089507722887,598.0,2.8781647434678024,0.010544207304486224,0.1314012132206661,1.9639388980555033,925683358734428.0,1015961562736795.5,598.0,970822460735611.8,45139102001183.72,562520500153989.2,1.9639388980555033,8.417758792822472,8.595331859926393,598.0,8.506545326374432,0.08878653355196152,1.1064519019292545,1.9639388980555033,2.5859010560673132,2.6170595791417854,598.0,2.6014803176045493,0.015579261537235928,0.19414772566202015,1.9639388980555033,599.0,0.7378964941569283,-0.03566034760738708,-0.028415215899829756,598.0,-0.03203778175360842,0.0036225658537786623,0.0451441757936367,1.9639388980555033,ExtraTreesRegressor,"{'mode': 'original', 'type': 'ExtraTreesRegressor'}",11,"['nodes_T6W30', 're_T6W30', 'pe_T6W30', 'l1_T6W30', 'l2_T6W30', 'l3_T6W30', 'lcc_T6W30', 'atd_T6W30', 'density_T6W30', 'diameter_T6W30', 'asp_T6W30']",0.010118724099244837,0.028177832465889598,598.0,0.019148278282567217,0.00902955418332238,0.11252570632080479,1.9639388980555033,3.4876925103006067,3.517460950417114,598.0,3.5025767303588604,0.014884220058253527,0.18548616477463928,1.9639388980555033,completed,42.16291689872742,True,COMPLETE
40,2.8520031042154548,2026-06-14 08:14:57.607625,2026-06-14 08:15:50.542826,0 days 00:00:52.935201,17,,5,5,277,ExtraTreesRegressor,3,False,-0.014768223650986649,-0.00939901473616457,598.0,-0.012083619193575609,0.0026846044574110398,0.03345536298127697,1.9639388980555033,2.8405342351482745,2.863471973282635,598.0,2.8520031042154548,0.011468869067180447,0.14292428687885236,1.9639388980555033,906359331026427.4,995797744290343.6,598.0,951078537658385.5,44719206631958.125,557287791866993.9,1.9639388980555033,8.49800642094879,8.679112564507431,598.0,8.58855949272811,0.09055307177931997,1.1284663843433873,1.9639388980555033,2.6123339729451858,2.6500775256158042,598.0,2.631205749280495,0.018871776335309304,0.235178827054513,1.9639388980555033,599.0,0.6828046744574291,-0.03539575514490607,-0.02597028763679067,598.0,-0.03068302139084837,0.004712733754057698,0.05872977597905258,1.9639388980555033,ExtraTreesRegressor,"{'mode': 'original', 'type': 'ExtraTreesRegressor'}",3,"['l1_T6W30', 'atd_T6W30', 'density_T6W30']",0.07192859712016901,0.08987709143231691,598.0,0.08090284427624296,0.008974247156073955,0.11183647380951119,1.9639388980555033,3.4840646099172594,3.514987652624898,598.0,3.499526131271079,0.015461521353819372,0.1926804552927078,1.9639388980555033,completed,52.926429986953735,False,COMPLETE
