number,value,datetime_start,datetime_complete,duration,params_et_max_depth,params_et_max_features,params_et_min_samples_leaf,params_et_min_samples_split,params_et_n_estimators,params_regressor,params_rfe_n_features,params_use_scaler,user_attrs_d2mae_ci_lower_val,user_attrs_d2mae_ci_upper_val,user_attrs_d2mae_df_val,user_attrs_d2mae_mean_val,user_attrs_d2mae_samperror_val,user_attrs_d2mae_std_val,user_attrs_d2mae_t_critical_val,user_attrs_mae_ci_lower_val,user_attrs_mae_ci_upper_val,user_attrs_mae_df_val,user_attrs_mae_mean_val,user_attrs_mae_samperror_val,user_attrs_mae_std_val,user_attrs_mae_t_critical_val,user_attrs_mape_ci_lower_val,user_attrs_mape_ci_upper_val,user_attrs_mape_df_val,user_attrs_mape_mean_val,user_attrs_mape_samperror_val,user_attrs_mape_std_val,user_attrs_mape_t_critical_val,user_attrs_max_error_ci_lower_val,user_attrs_max_error_ci_upper_val,user_attrs_max_error_df_val,user_attrs_max_error_mean_val,user_attrs_max_error_samperror_val,user_attrs_max_error_std_val,user_attrs_max_error_t_critical_val,user_attrs_median_ae_ci_lower_val,user_attrs_median_ae_ci_upper_val,user_attrs_median_ae_df_val,user_attrs_median_ae_mean_val,user_attrs_median_ae_samperror_val,user_attrs_median_ae_std_val,user_attrs_median_ae_t_critical_val,user_attrs_n_splits_val,user_attrs_r2_below_zero_val,user_attrs_r2_ci_lower_val,user_attrs_r2_ci_upper_val,user_attrs_r2_df_val,user_attrs_r2_mean_val,user_attrs_r2_samperror_val,user_attrs_r2_std_val,user_attrs_r2_t_critical_val,user_attrs_regressor_final,user_attrs_rfe_estimator,user_attrs_rfe_n_features,user_attrs_rfe_selected_features,user_attrs_rho_ci_lower_val,user_attrs_rho_ci_upper_val,user_attrs_rho_df_val,user_attrs_rho_mean_val,user_attrs_rho_samperror_val,user_attrs_rho_std_val,user_attrs_rho_t_critical_val,user_attrs_rmse_ci_lower_val,user_attrs_rmse_ci_upper_val,user_attrs_rmse_df_val,user_attrs_rmse_mean_val,user_attrs_rmse_samperror_val,user_attrs_rmse_std_val,user_attrs_rmse_t_critical_val,user_attrs_termination_reason,user_attrs_trial_time_seconds,user_attrs_use_scaler_final,state
177,2.934163620236587,2026-06-14 10:01:08.895826,2026-06-14 10:02:34.939233,0 days 00:01:26.043407,20,sqrt,2,10,452,ExtraTreesRegressor,12,False,-0.0438549618950622,-0.0387206177044795,598.0,-0.04128778979977085,0.002567172095291354,0.03199192866058318,1.9639388980555033,2.9229474941275955,2.945379746345578,598.0,2.934163620236587,0.011216126108991186,0.13977462086982778,1.9639388980555033,931676837085800.0,1022867590365603.0,598.0,977272213725701.5,45595376639901.55,568206564488463.6,1.9639388980555033,8.607850009163892,8.790688015329765,598.0,8.699269012246829,0.09141900308293728,1.1392575629095236,1.9639388980555033,2.6344140979062125,2.6716223671193786,598.0,2.6530182325127956,0.018604134606583052,0.23184349355361125,1.9639388980555033,599.0,0.9398998330550918,-0.0806556117545337,-0.07156095775571739,598.0,-0.07610828475512554,0.004547326999408152,0.05666848795538141,1.9639388980555033,ExtraTreesRegressor,"{'mode': 'original', 'type': 'ExtraTreesRegressor'}",12,"['nodes_T6W30', 're_T6W30', 'pe_T6W30', 'l1_T6W30', 'l2_T6W30', 'l3_T6W30', 'lcc_T6W30', 'lsc_T6W30', 'atd_T6W30', 'density_T6W30', 'diameter_T6W30', 'asp_T6W30']",-0.04701435400373136,-0.029155517864597514,598.0,-0.038084935934164434,0.00892941806956692,0.11127781670191692,1.9639388980555033,3.5606058933086624,3.5911344539315264,598.0,3.5758701736200944,0.015264280311431807,0.19022245048322275,1.9639388980555033,completed,86.03379392623901,False,COMPLETE
178,2.8531597422062265,2026-06-14 10:02:34.955449,2026-06-14 10:03:22.579396,0 days 00:00:47.623947,14,sqrt,5,9,258,ExtraTreesRegressor,8,False,-0.014368084507144437,-0.010662259080438552,598.0,-0.012515171793791495,0.001852912713352943,0.02309087553912016,1.9639388980555033,2.843171705939423,2.86314777847303,598.0,2.8531597422062265,0.009988036266803588,0.12447024657715168,1.9639388980555033,926387907481496.1,1016278458720293.1,598.0,971333183100894.6,44945275619398.47,560105048618820.94,1.9639388980555033,8.311371245097884,8.482950243201024,598.0,8.397160744149454,0.08578949905157009,1.0691030564405972,1.9639388980555033,2.5904322558303043,2.6217299398440863,598.0,2.6060810978371953,0.0156488420068909,0.1950148328674368,1.9639388980555033,599.0,0.5993322203672788,-0.01645637093142724,-0.010458478123101751,598.0,-0.013457424527264495,0.002998946404162743,0.037372671506854416,1.9639388980555033,ExtraTreesRegressor,"{'mode': 'original', 'type': 'ExtraTreesRegressor'}",8,"['nodes_T6W30', 're_T6W30', 'l1_T6W30', 'lcc_T6W30', 'atd_T6W30', 'density_T6W30', 'diameter_T6W30', 'asp_T6W30']",0.05201619127608356,0.06981297886111514,598.0,0.06091458506859935,0.008898393792515785,0.1108911942156463,1.9639388980555033,3.4567567652566704,3.4854731231629636,598.0,3.471114944209817,0.01435817895314673,0.1789306753557653,1.9639388980555033,completed,47.614896059036255,False,COMPLETE
179,3.0086502584934625,2026-06-14 10:03:22.593397,2026-06-14 10:03:24.754568,0 days 00:00:02.161171,14,sqrt,1,2,281,ExtraTreesRegressor,2,False,,,,,,,,,,,,,,,,,,,,,,,,,,,,,,,,,,,,,,,,,,,,,ExtraTreesRegressor,"{'mode': 'original', 'type': 'ExtraTreesRegressor'}",2,"['density_T6W30', 'asp_T6W30']",,,,,,,,,,,,,,,pruned,,False,PRUNED
180,2.8428006789422384,2026-06-14 10:03:24.762739,2026-06-14 10:04:03.242800,0 days 00:00:38.480061,7,sqrt,4,5,209,ExtraTreesRegressor,3,True,-0.010188647153853096,-0.007478621307342996,598.0,-0.008833634230598046,0.00135501292325505,0.016886081324448177,1.9639388980555033,2.83346944000176,2.852131917882717,598.0,2.8428006789422384,0.00933123894047867,0.11628528178776779,1.9639388980555033,931467115968095.0,1021515407002282.8,598.0,976491261485188.9,45024145517093.836,561087920061357.1,1.9639388980555033,8.243438501950523,8.40669282305968,598.0,8.325065662505102,0.08162716055457951,1.0172322697094844,1.9639388980555033,2.5436456850428026,2.5653363830025553,598.0,2.554491034022679,0.010845348979876282,0.13515402083861966,1.9639388980555033,599.0,0.42070116861435725,-0.002466262702236967,0.0016864481021784626,598.0,-0.0003899073000292522,0.002076355402207715,0.02587540353188001,1.9639388980555033,ExtraTreesRegressor,"{'mode': 'original', 'type': 'ExtraTreesRegressor'}",3,"['nodes_T6W30', 'lcc_T6W30', 'density_T6W30']",0.08844247600804625,0.1071831650655933,598.0,0.09781282053681978,0.00937034452877352,0.1167726130396358,1.9639388980555033,3.435108967340478,3.4629691775692906,598.0,3.4490390724548843,0.013930105114406477,0.17359604752323354,1.9639388980555033,completed,38.47117781639099,True,COMPLETE
181,2.834332865957189,2026-06-14 10:04:03.257362,2026-06-14 10:04:35.198109,0 days 00:00:31.940747,2,log2,5,2,169,ExtraTreesRegressor,6,False,-0.007268620637614137,-0.004381509532667607,598.0,-0.005825065085140872,0.0014435555524732646,0.017989493706720937,1.9639388980555033,2.8249019216134568,2.843763810300921,598.0,2.834332865957189,0.00943094434373228,0.11752780392090206,1.9639388980555033,926643254845467.9,1016234223039822.9,598.0,971438738942645.4,44795484097177.53,558238356587678.2,1.9639388980555033,8.202885856134735,8.366204535694536,598.0,8.284545195914635,0.08165933977990113,1.0176332850846244,1.9639388980555033,2.543263750656483,2.572059533804533,598.0,2.557661642230508,0.014397891574025191,0.1794255714074943,1.9639388980555033,599.0,0.34223706176961605,0.0036175874802253085,0.007984093431681123,598.0,0.005800840455953215,0.0021832529757279066,0.02720755401463107,1.9639388980555033,ExtraTreesRegressor,"{'mode': 'original', 'type': 'ExtraTreesRegressor'}",6,"['nodes_T6W30', 'lcc_T6W30', 'atd_T6W30', 'density_T6W30', 'diameter_T6W30', 'asp_T6W30']",0.12857858468836778,0.14802306099545534,598.0,0.13830082284191156,0.00972223815354379,0.12115788809011381,1.9639388980555033,3.4243998197939107,3.452167335274886,598.0,3.4382835775343983,0.013883757740487435,0.17301846961844758,1.9639388980555033,completed,31.932321071624756,False,COMPLETE
182,2.858634979935512,2026-06-14 10:04:35.212178,2026-06-14 10:05:35.730907,0 days 00:01:00.518729,16,log2,3,9,327,ExtraTreesRegressor,5,True,-0.016786243502497893,-0.012126115816295937,598.0,-0.014456179659396915,0.002330063843100978,0.02903710132243031,1.9639388980555033,2.8478624900354723,2.869407469835552,598.0,2.858634979935512,0.010772489900039999,0.1342460558102239,1.9639388980555033,918010755323396.4,1007895220426032.1,598.0,962952987874714.2,44942232551317.836,560067126105903.5,1.9639388980555033,8.43954170431114,8.619150848316664,598.0,8.529346276313902,0.08980457200276319,1.1191386296914934,1.9639388980555033,2.6048492178995803,2.6401166869027066,598.0,2.6224829524011435,0.0176337345015631,0.21975043170202654,1.9639388980555033,599.0,0.7011686143572621,-0.03329768080913448,-0.025050290379265754,598.0,-0.029173985594200116,0.004123695214934361,0.051389216708977926,1.9639388980555033,ExtraTreesRegressor,"{'mode': 'original', 'type': 'ExtraTreesRegressor'}",5,"['nodes_T6W30', 'l1_T6W30', 'atd_T6W30', 'density_T6W30', 'asp_T6W30']",0.04813730439438569,0.0660470424373417,598.0,0.0570921734158637,0.00895486902147801,0.11159498477934225,1.9639388980555033,3.482320323018891,3.51219414707051,598.0,3.4972572350447004,0.014936912025809667,0.18614280858520954,1.9639388980555033,completed,60.50969386100769,True,COMPLETE
183,2.8914988674565483,2026-06-14 10:05:35.745747,2026-06-14 10:06:37.983554,0 days 00:01:02.237807,16,,4,10,312,ExtraTreesRegressor,4,True,-0.02925636385187025,-0.023077577032073304,598.0,-0.026166970441971776,0.003089393409898472,0.038499816103185966,1.9639388980555033,2.879443901413342,2.9035538334997546,598.0,2.8914988674565483,0.012054966043206387,0.15022818858438933,1.9639388980555033,906139986285205.6,996042761436555.4,598.0,951091373860880.5,44951387575674.93,560181215413221.56,1.9639388980555033,8.680187442498235,8.866026356004108,598.0,8.773106899251172,0.0929194567529361,1.157956117189214,1.9639388980555033,2.6165671523493046,2.658708723537231,598.0,2.6376379379432677,0.021070785593963123,0.2625827348236299,1.9639388980555033,599.0,0.8480801335559266,-0.07551248518734748,-0.06412620151548905,598.0,-0.06981934335141826,0.005693141835929212,0.07094755657546131,1.9639388980555033,ExtraTreesRegressor,"{'mode': 'original', 'type': 'ExtraTreesRegressor'}",4,"['nodes_T6W30', 'l1_T6W30', 'atd_T6W30', 'density_T6W30']",0.038876013302862694,0.05627017096404366,598.0,0.047573092133453176,0.008697078830590484,0.10838242049064548,1.9639388980555033,3.5485044095090688,3.5804786104894113,598.0,3.56449150999924,0.015987100490171102,0.1992301876875464,1.9639388980555033,completed,62.226826906204224,True,COMPLETE
184,2.9459093292702905,2026-06-14 10:06:38.000949,2026-06-14 10:06:39.797206,0 days 00:00:01.796257,13,,2,12,248,ExtraTreesRegressor,9,False,,,,,,,,,,,,,,,,,,,,,,,,,,,,,,,,,,,,,,,,,,,,,ExtraTreesRegressor,"{'mode': 'original', 'type': 'ExtraTreesRegressor'}",9,"['nodes_T6W30', 're_T6W30', 'l1_T6W30', 'l2_T6W30', 'l3_T6W30', 'lsc_T6W30', 'atd_T6W30', 'density_T6W30', 'asp_T6W30']",,,,,,,,,,,,,,,pruned,,False,PRUNED
185,2.9665885423250464,2026-06-14 10:06:39.802804,2026-06-14 10:06:42.811978,0 days 00:00:03.009174,18,,2,12,438,ExtraTreesRegressor,10,False,,,,,,,,,,,,,,,,,,,,,,,,,,,,,,,,,,,,,,,,,,,,,ExtraTreesRegressor,"{'mode': 'original', 'type': 'ExtraTreesRegressor'}",10,"['nodes_T6W30', 're_T6W30', 'l1_T6W30', 'l2_T6W30', 'l3_T6W30', 'lsc_T6W30', 'atd_T6W30', 'density_T6W30', 'diameter_T6W30', 'asp_T6W30']",,,,,,,,,,,,,,,pruned,,False,PRUNED
186,2.8777862777717016,2026-06-14 10:06:42.818860,2026-06-14 10:07:10.829983,0 days 00:00:28.011123,12,log2,5,12,130,ExtraTreesRegressor,10,True,-0.02336231854868328,-0.019103906182153983,598.0,-0.02123311236541863,0.0021292061832646463,0.026534026465780968,1.9639388980555033,2.8672123901281337,2.8883601654152695,598.0,2.8777862777717016,0.010573887643568,0.13177108764095435,1.9639388980555033,925197175620055.6,1015316694597050.9,598.0,970256935108553.2,45059759488497.58,561531739014733.25,1.9639388980555033,8.42766753085797,8.604115871598474,598.0,8.515891701228222,0.08822417037025228,1.099443769196907,1.9639388980555033,2.58919241146955,2.621892008802868,598.0,2.605542210136209,0.016349798666659084,0.20375010834608345,1.9639388980555033,599.0,0.7545909849749582,-0.03693487499126764,-0.029614094057231165,598.0,-0.0332744845242494,0.0036603904670182374,0.045615543619188466,1.9639388980555033,ExtraTreesRegressor,"{'mode': 'original', 'type': 'ExtraTreesRegressor'}",10,"['nodes_T6W30', 're_T6W30', 'pe_T6W30', 'l1_T6W30', 'l3_T6W30', 'lcc_T6W30', 'atd_T6W30', 'density_T6W30', 'diameter_T6W30', 'asp_T6W30']",0.01116709414027222,0.029328413776197458,598.0,0.02024775395823484,0.009080659817962619,0.11316258135561962,1.9639388980555033,3.4897400800902463,3.519563077737635,598.0,3.5046515789139407,0.01491149882369445,0.1858261109432407,1.9639388980555033,completed,28.00129008293152,True,COMPLETE
187,2.8700725884285463,2026-06-14 10:07:10.846895,2026-06-14 10:08:05.532197,0 days 00:00:54.685302,17,sqrt,3,10,278,ExtraTreesRegressor,8,True,-0.020721196131188162,-0.01633358090990418,598.0,-0.01852738852054617,0.0021938076106419913,0.027339085176032063,1.9639388980555033,2.859566285160116,2.8805788916969766,598.0,2.8700725884285463,0.010506303268430436,0.13092885563323783,1.9639388980555033,925662131122050.4,1016120617766914.6,598.0,970891374444482.5,45229243322432.086,563643835330480.9,1.9639388980555033,8.403024926954588,8.58288605708398,598.0,8.492955492019284,0.08993056506469546,1.120708746886386,1.9639388980555033,2.609091137917029,2.6419613514678675,598.0,2.6255262446924483,0.016435106775419293,0.2048132123485894,1.9639388980555033,599.0,0.7061769616026711,-0.03342462884889937,-0.025857751982391135,598.0,-0.029641190415645256,0.0037834384332541197,0.04714895922652874,1.9639388980555033,ExtraTreesRegressor,"{'mode': 'original', 'type': 'ExtraTreesRegressor'}",8,"['nodes_T6W30', 'l1_T6W30', 'l2_T6W30', 'lcc_T6W30', 'atd_T6W30', 'density_T6W30', 'diameter_T6W30', 'asp_T6W30']",0.027597558150591107,0.04594942962339861,598.0,0.03677349388699486,0.00917593573640375,0.11434990354232884,1.9639388980555033,3.483535339139428,3.51291957403144,598.0,3.498227456585434,0.014692117446005827,0.18309219474130475,1.9639388980555033,completed,54.674927949905396,True,COMPLETE
188,2.984083477948814,2026-06-14 10:08:05.548457,2026-06-14 10:08:07.952317,0 days 00:00:02.403860,16,,3,3,336,ExtraTreesRegressor,13,False,,,,,,,,,,,,,,,,,,,,,,,,,,,,,,,,,,,,,,,,,,,,,ExtraTreesRegressor,"{'mode': 'original', 'type': 'ExtraTreesRegressor'}",13,"['nodes_T6W30', 'edges_T6W30', 're_T6W30', 'pe_T6W30', 'l1_T6W30', 'l2_T6W30', 'l3_T6W30', 'lcc_T6W30', 'lsc_T6W30', 'atd_T6W30', 'density_T6W30', 'diameter_T6W30', 'asp_T6W30']",,,,,,,,,,,,,,,pruned,,False,PRUNED
189,2.8654842375839302,2026-06-14 10:08:07.959044,2026-06-14 10:09:23.515907,0 days 00:01:15.556863,5,sqrt,4,8,410,ExtraTreesRegressor,11,False,-0.018937824262004237,-0.014852019268992425,598.0,-0.01689492176549833,0.0020429024965059064,0.025458515636181685,1.9639388980555033,2.855213042967024,2.8757554322008363,598.0,2.8654842375839302,0.010271194616905933,0.12799894718617513,1.9639388980555033,920231644543671.6,1009708889286356.6,598.0,964970266915014.1,44738622371342.5,557529749525546.1,1.9639388980555033,8.34934295341022,8.526004019474842,598.0,8.437673486442531,0.088330533032311,1.1007692536484455,1.9639388980555033,2.558467166819012,2.589535650201782,598.0,2.574001408510397,0.015534241691384626,0.19358669132410916,1.9639388980555033,599.0,0.676126878130217,-0.02660959576677199,-0.019724950300732815,598.0,-0.023167273033752402,0.003442322733019588,0.042897997957931165,1.9639388980555033,ExtraTreesRegressor,"{'mode': 'original', 'type': 'ExtraTreesRegressor'}",11,"['nodes_T6W30', 're_T6W30', 'l1_T6W30', 'l2_T6W30', 'l3_T6W30', 'lcc_T6W30', 'lsc_T6W30', 'atd_T6W30', 'density_T6W30', 'diameter_T6W30', 'asp_T6W30']",0.03395422051895661,0.05195937602915243,598.0,0.04295679827405452,0.00900257775509791,0.1121895278585749,1.9639388980555033,3.472869860452182,3.5021154808918644,598.0,3.4874926706720233,0.014622810219840972,0.1822284926781685,1.9639388980555033,completed,75.54685997962952,False,COMPLETE
190,2.841131412953592,2026-06-14 10:09:23.532018,2026-06-14 10:10:32.525184,0 days 00:01:08.993166,2,sqrt,2,10,393,ExtraTreesRegressor,3,True,-0.009410534752303749,-0.007061253997183453,598.0,-0.008235894374743601,0.0011746403775601483,0.014638290603762514,1.9639388980555033,2.8319661780548997,2.8502966478522844,598.0,2.841131412953592,0.009165234898692282,0.11421655041134798,1.9639388980555033,935494847284257.6,1025628600351602.1,598.0,980561723817929.9,45066876533672.26,561620431160429.4,1.9639388980555033,8.146843374208991,8.299498446093118,598.0,8.223170910151055,0.07632753594206398,0.9511886987145975,1.9639388980555033,2.545566939252905,2.5688857934256033,598.0,2.557226366339254,0.011659427086349122,0.1452990082955147,1.9639388980555033,599.0,0.25041736227045075,0.006802858839259931,0.009825865556873876,598.0,0.008314362198066904,0.001511503358806973,0.01883625476993841,1.9639388980555033,ExtraTreesRegressor,"{'mode': 'original', 'type': 'ExtraTreesRegressor'}",3,"['atd_T6W30', 'diameter_T6W30', 'asp_T6W30']",0.14162603902023582,0.16108951842206917,598.0,0.1513577787211525,0.009731739700916682,0.12127629574430897,1.9639388980555033,3.4204973788818913,3.4476968466756714,598.0,3.4340971127787814,0.013599733896889872,0.16947898328679725,1.9639388980555033,completed,68.98348689079285,True,COMPLETE
191,2.8510737699880124,2026-06-14 10:10:32.547802,2026-06-14 10:12:01.562203,0 days 00:01:29.014401,8,sqrt,4,6,499,ExtraTreesRegressor,6,False,-0.013837992633129743,-0.009733597441544336,598.0,-0.01178579503733704,0.0020521975957927038,0.025574350547998344,1.9639388980555033,2.840840365691807,2.8613071742842178,598.0,2.8510737699880124,0.010233404296205473,0.1275280067119751,1.9639388980555033,919316224387340.5,1008853426914476.5,598.0,964084825650908.5,44768601263568.01,557903344495342.25,1.9639388980555033,8.367309136908792,8.54597855332649,598.0,8.456643845117641,0.08933470820884948,1.1132832182048034,1.9639388980555033,2.586515492448084,2.6180829628457833,598.0,2.6022992276469337,0.015783735198849812,0.19669586289337987,1.9639388980555033,599.0,0.6343906510851419,-0.02260097609650697,-0.015429236561097452,598.0,-0.01901510632880221,0.0035858697677047593,0.04468687159889565,1.9639388980555033,ExtraTreesRegressor,"{'mode': 'original', 'type': 'ExtraTreesRegressor'}",6,"['nodes_T6W30', 'l1_T6W30', 'lcc_T6W30', 'atd_T6W30', 'density_T6W30', 'asp_T6W30']",0.051372265918451024,0.06927416230480292,598.0,0.06032321411162697,0.008950948193175948,0.1115461236766682,1.9639388980555033,3.465681330005699,3.4947969603200932,598.0,3.480239145162896,0.014557815157197191,0.1814185285112925,1.9639388980555033,completed,89.00406885147095,False,COMPLETE
192,2.8801866879595988,2026-06-14 10:12:01.577498,2026-06-14 10:12:03.996627,0 days 00:00:02.419129,8,,1,10,329,ExtraTreesRegressor,2,True,,,,,,,,,,,,,,,,,,,,,,,,,,,,,,,,,,,,,,,,,,,,,ExtraTreesRegressor,"{'mode': 'original', 'type': 'ExtraTreesRegressor'}",2,"['atd_T6W30', 'density_T6W30']",,,,,,,,,,,,,,,pruned,,True,PRUNED
193,2.8386524924708914,2026-06-14 10:12:04.002656,2026-06-14 10:12:58.033510,0 days 00:00:54.030854,13,log2,5,9,302,ExtraTreesRegressor,2,True,-0.008630389351662538,-0.006084176425604799,598.0,-0.007357282888633669,0.0012731064630288698,0.015865368440725645,1.9639388980555033,2.8293981540107294,2.8479068309310533,598.0,2.8386524924708914,0.009254338460162066,0.11532695309419644,1.9639388980555033,931712707932927.0,1021779343966628.8,598.0,976746025949777.9,45033318016850.88,561202227145952.25,1.9639388980555033,8.245312262619024,8.41095823358264,598.0,8.328135248100832,0.08282298548180836,1.032134560768437,1.9639388980555033,2.5377470023890423,2.5606465543833563,598.0,2.5491967783861993,0.011449775997157194,0.14268635030451216,1.9639388980555033,599.0,0.3656093489148581,0.0013521696599144725,0.00508839777719461,598.0,0.003220283718554541,0.0018681140586400684,0.02328031369749785,1.9639388980555033,ExtraTreesRegressor,"{'mode': 'original', 'type': 'ExtraTreesRegressor'}",2,"['nodes_T6W30', 'density_T6W30']",0.10223337510064354,0.1211173704658147,598.0,0.11167537278322912,0.009441997682585575,0.11766554989777073,1.9639388980555033,3.429005157526991,3.4568378744879236,598.0,3.4429215160074573,0.013916358480466375,0.17342473788133556,1.9639388980555033,completed,54.02193522453308,True,COMPLETE
194,2.8677768294822603,2026-06-14 10:12:58.048770,2026-06-14 10:14:13.078054,0 days 00:01:15.029284,15,sqrt,3,10,403,ExtraTreesRegressor,7,False,-0.019911743325657275,-0.01552155338080702,598.0,-0.017716648353232146,0.0021950949724251264,0.027355128193328002,1.9639388980555033,2.857289899735434,2.8782637592290867,598.0,2.8677768294822603,0.010486929746826436,0.13068742408986908,1.9639388980555033,922649728222788.0,1012933469687616.5,598.0,967791598955202.2,45141870732414.234,562555003899246.3,1.9639388980555033,8.414408520580988,8.597202095173127,598.0,8.505805307877058,0.09139678729607045,1.1389807112446564,1.9639388980555033,2.595702389684239,2.628202748146111,598.0,2.611952568915175,0.016250179230936253,0.2025086575346252,1.9639388980555033,599.0,0.7045075125208681,-0.03419237594939713,-0.026474318870841673,598.0,-0.0303333474101194,0.0038590285392777275,0.048090958122430076,1.9639388980555033,ExtraTreesRegressor,"{'mode': 'original', 'type': 'ExtraTreesRegressor'}",7,"['nodes_T6W30', 'l1_T6W30', 'l2_T6W30', 'lcc_T6W30', 'atd_T6W30', 'density_T6W30', 'asp_T6W30']",0.029754065957825548,0.04774329368833316,598.0,0.038748679823079356,0.008994613865253808,0.11209028239068412,1.9639388980555033,3.484622281355737,3.5140874888976246,598.0,3.4993548851266807,0.014732603770943938,0.18359673264179258,1.9639388980555033,completed,75.01921916007996,False,COMPLETE
