number,value,datetime_start,datetime_complete,duration,params_et_max_depth,params_et_max_features,params_et_min_samples_leaf,params_et_min_samples_split,params_et_n_estimators,params_regressor,params_rfe_n_features,params_use_scaler,user_attrs_d2mae_ci_lower_val,user_attrs_d2mae_ci_upper_val,user_attrs_d2mae_df_val,user_attrs_d2mae_mean_val,user_attrs_d2mae_samperror_val,user_attrs_d2mae_std_val,user_attrs_d2mae_t_critical_val,user_attrs_mae_ci_lower_val,user_attrs_mae_ci_upper_val,user_attrs_mae_df_val,user_attrs_mae_mean_val,user_attrs_mae_samperror_val,user_attrs_mae_std_val,user_attrs_mae_t_critical_val,user_attrs_mape_ci_lower_val,user_attrs_mape_ci_upper_val,user_attrs_mape_df_val,user_attrs_mape_mean_val,user_attrs_mape_samperror_val,user_attrs_mape_std_val,user_attrs_mape_t_critical_val,user_attrs_max_error_ci_lower_val,user_attrs_max_error_ci_upper_val,user_attrs_max_error_df_val,user_attrs_max_error_mean_val,user_attrs_max_error_samperror_val,user_attrs_max_error_std_val,user_attrs_max_error_t_critical_val,user_attrs_median_ae_ci_lower_val,user_attrs_median_ae_ci_upper_val,user_attrs_median_ae_df_val,user_attrs_median_ae_mean_val,user_attrs_median_ae_samperror_val,user_attrs_median_ae_std_val,user_attrs_median_ae_t_critical_val,user_attrs_n_splits_val,user_attrs_r2_below_zero_val,user_attrs_r2_ci_lower_val,user_attrs_r2_ci_upper_val,user_attrs_r2_df_val,user_attrs_r2_mean_val,user_attrs_r2_samperror_val,user_attrs_r2_std_val,user_attrs_r2_t_critical_val,user_attrs_regressor_final,user_attrs_rfe_estimator,user_attrs_rfe_n_features,user_attrs_rfe_selected_features,user_attrs_rho_ci_lower_val,user_attrs_rho_ci_upper_val,user_attrs_rho_df_val,user_attrs_rho_mean_val,user_attrs_rho_samperror_val,user_attrs_rho_std_val,user_attrs_rho_t_critical_val,user_attrs_rmse_ci_lower_val,user_attrs_rmse_ci_upper_val,user_attrs_rmse_df_val,user_attrs_rmse_mean_val,user_attrs_rmse_samperror_val,user_attrs_rmse_std_val,user_attrs_rmse_t_critical_val,user_attrs_termination_reason,user_attrs_trial_time_seconds,user_attrs_use_scaler_final,state
477,2.848734757589722,2026-06-14 13:20:53.867741,2026-06-14 13:21:27.027632,0 days 00:00:33.159891,17,log2,5,5,155,ExtraTreesRegressor,4,False,-0.012964426144105846,-0.008918234866640375,598.0,-0.01094133050537311,0.0020230956387327355,0.025211683886167013,1.9639388980555033,2.8384728088834406,2.8589967062960033,598.0,2.848734757589722,0.010261948706281387,0.12788372526021033,1.9639388980555033,913902267953506.0,1003351579156719.2,598.0,958626923555112.6,44724655601606.62,557355696565937.8,1.9639388980555033,8.398339630838608,8.58817301811891,598.0,8.493256324478759,0.0949166936401511,1.1828455510262612,1.9639388980555033,2.564790364109022,2.5930705319840857,598.0,2.578930448046554,0.014140083937531663,0.17621278971281074,1.9639388980555033,599.0,0.6460767946577629,-0.023520102294129697,-0.01624420469664448,598.0,-0.01988215349538709,0.003637948798742608,0.04533587703516191,1.9639388980555033,ExtraTreesRegressor,"{'mode': 'original', 'type': 'ExtraTreesRegressor'}",4,"['nodes_T6W30', 'lcc_T6W30', 'atd_T6W30', 'density_T6W30']",0.0489753299506576,0.06748704097763752,598.0,0.05823118546414756,0.009255855513489961,0.11534585851231366,1.9639388980555033,3.467014353214388,3.496658234411217,598.0,3.4818362938128025,0.014821940598414898,0.18471004227010146,1.9639388980555033,completed,33.15137791633606,False,COMPLETE
478,2.8722172036940514,2026-06-14 13:21:27.043195,2026-06-14 13:22:23.291400,0 days 00:00:56.248205,7,log2,2,6,300,ExtraTreesRegressor,5,False,-0.02176921348911468,-0.016850982114861548,598.0,-0.019310097801988113,0.002459115687126566,0.03064533685722595,1.9639388980555033,2.861352861579472,2.883081545808631,598.0,2.8722172036940514,0.01086434211457941,0.13539071202561792,1.9639388980555033,914872959821386.0,1004441828359597.5,598.0,959657394090491.8,44784434269105.77,558100654361936.56,1.9639388980555033,8.447643239149096,8.624283181894624,598.0,8.53596321052186,0.08831997137276382,1.1006376349465319,1.9639388980555033,2.6022875161477703,2.6381282783971356,598.0,2.620207897272453,0.01792038112468276,0.2233226029384081,1.9639388980555033,599.0,0.7312186978297162,-0.04173971178246382,-0.03270607033335408,598.0,-0.03722289105790895,0.004516820724554871,0.05628832077819981,1.9639388980555033,ExtraTreesRegressor,"{'mode': 'original', 'type': 'ExtraTreesRegressor'}",5,"['l1_T6W30', 'lcc_T6W30', 'atd_T6W30', 'density_T6W30', 'asp_T6W30']",0.03911102414929273,0.0572282172178376,598.0,0.048169620683565166,0.009058596534272436,0.11288763017524134,1.9639388980555033,3.495547243210376,3.5254111254866616,598.0,3.510479184348519,0.014931941138142911,0.18608086171226468,1.9639388980555033,completed,56.239333152770996,False,COMPLETE
479,2.915139380324533,2026-06-14 13:22:23.309563,2026-06-14 13:22:42.658026,0 days 00:00:19.348463,7,log2,2,5,77,ExtraTreesRegressor,9,False,-0.03723774230056583,-0.03183304340369484,598.0,-0.03453539285213034,0.0027023494484354985,0.033676499884400225,1.9639388980555033,2.9036974611733894,2.926581299475677,598.0,2.915139380324533,0.011441919151143625,0.14258843880974936,1.9639388980555033,913865353182481.4,1003414059430228.9,598.0,958639706306355.1,44774353123873.805,557975023797601.0,1.9639388980555033,8.574243681345477,8.751024431151864,598.0,8.66263405624867,0.08839037490319282,1.1015149990808137,1.9639388980555033,2.6132516583507712,2.652083218632267,598.0,2.632667438491519,0.01941578014074778,0.24195816645548066,1.9639388980555033,599.0,0.8614357262103506,-0.07117833725431817,-0.061334446246288574,598.0,-0.06625639175030337,0.0049219455040147965,0.0613369589536025,1.9639388980555033,ExtraTreesRegressor,"{'mode': 'original', 'type': 'ExtraTreesRegressor'}",9,"['nodes_T6W30', 're_T6W30', 'l1_T6W30', 'l3_T6W30', 'lcc_T6W30', 'atd_T6W30', 'density_T6W30', 'diameter_T6W30', 'asp_T6W30']",-0.011571224910254892,0.006803738352662974,598.0,-0.0023837432787959588,0.009187481631458933,0.11449378772196972,1.9639388980555033,3.5437040352734717,3.574651481616091,598.0,3.5591777584447812,0.015473723171309446,0.19283251353429898,1.9639388980555033,completed,19.33975315093994,False,COMPLETE
480,2.8732305813309313,2026-06-14 13:22:42.673387,2026-06-14 13:24:04.203243,0 days 00:01:21.529856,5,log2,3,11,460,ExtraTreesRegressor,12,True,-0.021668006804373623,-0.01761237081665658,598.0,-0.019640188810515102,0.0020278179938585206,0.025270533563043433,1.9639388980555033,2.862945420702019,2.883515741959844,598.0,2.8732305813309313,0.010285160628912663,0.12817299070301286,1.9639388980555033,923256593707971.9,1012958700335326.1,598.0,968107647021649.0,44851053313677.15,558930856484058.8,1.9639388980555033,8.36328925021333,8.539810176160755,598.0,8.451549713187042,0.08826046297371241,1.0998960452180326,1.9639388980555033,2.5644089362701954,2.5948736975568996,598.0,2.5796413169135475,0.015232380643351919,0.18982491893191775,1.9639388980555033,599.0,0.7145242070116862,-0.030447593815122756,-0.02353962460762582,598.0,-0.026993609211374288,0.00345398460374847,0.04304332741873811,1.9639388980555033,ExtraTreesRegressor,"{'mode': 'original', 'type': 'ExtraTreesRegressor'}",12,"['nodes_T6W30', 're_T6W30', 'pe_T6W30', 'l1_T6W30', 'l2_T6W30', 'l3_T6W30', 'lcc_T6W30', 'lsc_T6W30', 'atd_T6W30', 'density_T6W30', 'diameter_T6W30', 'asp_T6W30']",0.024211233653955753,0.042118050285461395,598.0,0.03316464196970857,0.00895340831575282,0.11157678156131876,1.9639388980555033,3.479376903603077,3.5085747015238127,598.0,3.493975802563445,0.014598898960368024,0.18193051214595318,1.9639388980555033,completed,81.52120923995972,True,COMPLETE
481,2.855606635979296,2026-06-14 13:24:04.218811,2026-06-14 13:24:18.932115,0 days 00:00:14.713304,11,sqrt,5,10,55,ExtraTreesRegressor,4,False,-0.015214082402651147,-0.011538362955780599,598.0,-0.013376222679215873,0.0018378597234352749,0.022903286175532958,1.9639388980555033,2.845599434144773,2.8656138378138194,598.0,2.855606635979296,0.010007201834523095,0.12470908661298201,1.9639388980555033,927213921038010.8,1017506715258386.8,598.0,972360318148198.8,45146397110188.0,562611411319338.94,1.9639388980555033,8.311227839637136,8.496697825293131,598.0,8.403962832465133,0.09273499282799837,1.155657339971324,1.9639388980555033,2.569007653030811,2.597586401908841,598.0,2.583297027469826,0.014289374439015179,0.17807323805669992,1.9639388980555033,599.0,0.5976627712854758,-0.01598551095524362,-0.009766368192006873,598.0,-0.012875939573625247,0.0031095713816183747,0.038751272650630685,1.9639388980555033,ExtraTreesRegressor,"{'mode': 'original', 'type': 'ExtraTreesRegressor'}",4,"['nodes_T6W30', 'l2_T6W30', 'atd_T6W30', 'asp_T6W30']",0.05758562881966629,0.07628326161332498,598.0,0.06693444521649564,0.009348816396829341,0.11650433088487998,1.9639388980555033,3.4556360796078898,3.4845732067624087,598.0,3.470104643185149,0.014468563577259423,0.1803062812320974,1.9639388980555033,completed,14.7047700881958,False,COMPLETE
482,2.8854352664667777,2026-06-14 13:24:19.044081,2026-06-14 13:24:20.403429,0 days 00:00:01.359348,9,sqrt,1,7,220,ExtraTreesRegressor,8,False,,,,,,,,,,,,,,,,,,,,,,,,,,,,,,,,,,,,,,,,,,,,,ExtraTreesRegressor,"{'mode': 'original', 'type': 'ExtraTreesRegressor'}",8,"['nodes_T6W30', 'l1_T6W30', 'l3_T6W30', 'lcc_T6W30', 'atd_T6W30', 'density_T6W30', 'diameter_T6W30', 'asp_T6W30']",,,,,,,,,,,,,,,pruned,,False,PRUNED
483,2.854239748297043,2026-06-14 13:24:20.409143,2026-06-14 13:25:21.542357,0 days 00:01:01.133214,4,log2,1,8,341,ExtraTreesRegressor,5,True,-0.015173057096468118,-0.0106705811591431,598.0,-0.01292181912780561,0.0022512379686625093,0.02805477849480649,1.9639388980555033,2.8437446130940964,2.86473488349999,598.0,2.854239748297043,0.01049513520294667,0.13078967994069715,1.9639388980555033,909302949323926.1,997805103010486.1,598.0,953554026167206.1,44251076843279.945,551453989438728.3,1.9639388980555033,8.388664421320778,8.57780508080115,598.0,8.483234751060964,0.09457032974018556,1.1785291870401369,1.9639388980555033,2.5467747404864634,2.577541336481109,598.0,2.562158038483786,0.015383297997322853,0.19170564100377951,1.9639388980555033,599.0,0.6143572621035058,-0.025995848314258958,-0.017537802341055755,598.0,-0.021766825327657356,0.004229022986601601,0.05270180442498536,1.9639388980555033,ExtraTreesRegressor,"{'mode': 'original', 'type': 'ExtraTreesRegressor'}",5,"['nodes_T6W30', 'lcc_T6W30', 'atd_T6W30', 'density_T6W30', 'asp_T6W30']",0.07188422627328361,0.09054536185961515,598.0,0.08121479406644938,0.009330567793165765,0.11627691799439588,1.9639388980555033,3.4696104917411463,3.4995505048125586,598.0,3.4845804982768525,0.014970006535706248,0.18655523017611508,1.9639388980555033,completed,61.124735832214355,True,COMPLETE
484,2.8441403982241145,2026-06-14 13:25:21.557881,2026-06-14 13:25:59.576869,0 days 00:00:38.018988,2,sqrt,2,3,208,ExtraTreesRegressor,3,True,-0.010465646855910603,-0.00814451945808531,598.0,-0.009305083156997957,0.001160563698912647,0.014462867966575543,1.9639388980555033,2.834991701492535,2.8532890949556937,598.0,2.8441403982241145,0.009148696731579453,0.11401045286789897,1.9639388980555033,937407259158718.5,1027654654671170.2,598.0,982530956914944.4,45123697756225.82,562328533473349.9,1.9639388980555033,8.171297000041484,8.322464193922407,598.0,8.246880596981946,0.07558359694046149,0.9419177801381817,1.9639388980555033,2.534225595330848,2.555823174106706,598.0,2.545024384718777,0.010798789387929005,0.1345737982868183,1.9639388980555033,599.0,0.3038397328881469,0.0039562663957557025,0.006994754553551974,598.0,0.005475510474653838,0.0015192440788981357,0.018932719111145697,1.9639388980555033,ExtraTreesRegressor,"{'mode': 'original', 'type': 'ExtraTreesRegressor'}",3,"['lcc_T6W30', 'atd_T6W30', 'asp_T6W30']",0.1359555482992332,0.15551494235225125,598.0,0.14573524532574222,0.00977969702650903,0.12187393676024118,1.9639388980555033,3.425378750839073,3.45267890268081,598.0,3.4390288267599414,0.01365007592086827,0.17010634225610838,1.9639388980555033,completed,38.01037120819092,True,COMPLETE
485,2.9262997493868186,2026-06-14 13:25:59.592460,2026-06-14 13:27:15.399533,0 days 00:01:15.807073,8,log2,1,8,399,ExtraTreesRegressor,12,True,-0.04124884533248629,-0.035855541484362104,598.0,-0.038552193408424196,0.0026966519240620933,0.03360549771293294,1.9639388980555033,2.915123784108653,2.937475714664984,598.0,2.9262997493868186,0.011175965278165553,0.13927413925541635,1.9639388980555033,923379289655655.9,1013456179811452.4,598.0,968417734733554.1,45038445077898.23,561266120241224.6,1.9639388980555033,8.576200192545128,8.762354642226812,598.0,8.66927741738597,0.09307722484084115,1.1599222126537265,1.9639388980555033,2.6206389938831847,2.6566745175007624,598.0,2.6386567556919736,0.018017761808788953,0.22453615457546364,1.9639388980555033,599.0,0.9115191986644408,-0.08150263075486516,-0.07169435735361515,598.0,-0.07659849405424016,0.004904136700625007,0.06111502682500796,1.9639388980555033,ExtraTreesRegressor,"{'mode': 'original', 'type': 'ExtraTreesRegressor'}",12,"['nodes_T6W30', 'edges_T6W30', 'pe_T6W30', 'l1_T6W30', 'l2_T6W30', 'l3_T6W30', 'lcc_T6W30', 'lsc_T6W30', 'atd_T6W30', 'density_T6W30', 'diameter_T6W30', 'asp_T6W30']",-0.03534933311711458,-0.01737151803815312,598.0,-0.02636042557763385,0.008988907539480732,0.11201917053675695,1.9639388980555033,3.561082189889684,3.5912752192836286,598.0,3.576178704586656,0.015096514696972391,0.18813176650479807,1.9639388980555033,completed,75.7983090877533,True,COMPLETE
486,2.9453261631409946,2026-06-14 13:27:15.415238,2026-06-14 13:27:16.025635,0 days 00:00:00.610397,8,,4,5,81,ExtraTreesRegressor,11,False,,,,,,,,,,,,,,,,,,,,,,,,,,,,,,,,,,,,,,,,,,,,,ExtraTreesRegressor,"{'mode': 'original', 'type': 'ExtraTreesRegressor'}",11,"['nodes_T6W30', 're_T6W30', 'l1_T6W30', 'l2_T6W30', 'l3_T6W30', 'lcc_T6W30', 'lsc_T6W30', 'atd_T6W30', 'density_T6W30', 'diameter_T6W30', 'asp_T6W30']",,,,,,,,,,,,,,,pruned,,False,PRUNED
487,2.877687432523393,2026-06-14 13:27:16.031467,2026-06-14 13:27:45.028407,0 days 00:00:28.996940,6,log2,4,5,138,ExtraTreesRegressor,11,True,-0.02334716049340848,-0.019077180642845498,598.0,-0.02121217056812699,0.00213498992528149,0.026606103075811696,1.9639388980555033,2.867178658349571,2.888196206697215,598.0,2.877687432523393,0.010508774173822259,0.13095964789261433,1.9639388980555033,923745428608243.0,1013848528588678.0,598.0,968796978598460.5,45051549990217.53,561429432790777.25,1.9639388980555033,8.415413135879838,8.595050918907333,598.0,8.505232027393586,0.08981889151374799,1.119317078489188,1.9639388980555033,2.578922795576682,2.609813046355685,598.0,2.5943679209661834,0.015445125389501775,0.19247612987107673,1.9639388980555033,599.0,0.7445742904841403,-0.03625873034502451,-0.02886681505872678,598.0,-0.032562772701875645,0.0036959576431488637,0.04605877941296966,1.9639388980555033,ExtraTreesRegressor,"{'mode': 'original', 'type': 'ExtraTreesRegressor'}",11,"['nodes_T6W30', 're_T6W30', 'pe_T6W30', 'l1_T6W30', 'l2_T6W30', 'l3_T6W30', 'lcc_T6W30', 'atd_T6W30', 'density_T6W30', 'diameter_T6W30', 'asp_T6W30']",0.013676938043699455,0.03187374178050045,598.0,0.022775339912099953,0.009098401868400498,0.11338368161334765,1.9639388980555033,3.4885330296004926,3.5181869260073317,598.0,3.503359977803912,0.014826948203419489,0.18477244671207912,1.9639388980555033,completed,28.98819589614868,True,COMPLETE
488,2.8601859278121187,2026-06-14 13:27:45.044592,2026-06-14 13:28:58.515936,0 days 00:01:13.471344,5,log2,5,3,411,ExtraTreesRegressor,10,False,-0.017006076192235764,-0.012998384227703361,598.0,-0.015002230209969563,0.0020038459822662017,0.02497179594193934,1.9639388980555033,2.849926056293189,2.870445799331048,598.0,2.8601859278121187,0.010259871518929679,0.12785783948897886,1.9639388980555033,918597409610965.9,1007941858052975.9,598.0,963269633831970.9,44672224221005.055,556702300172740.2,1.9639388980555033,8.349273132439432,8.52427895181648,598.0,8.436776042127956,0.08750290968852412,1.0904554663410704,1.9639388980555033,2.566102167923262,2.596779700156848,598.0,2.581440934040055,0.015338766116792807,0.19115068765739035,1.9639388980555033,599.0,0.6427378964941569,-0.02202821890716952,-0.015295908380438147,598.0,-0.018662063643803833,0.0033661552633656865,0.04194880399470051,1.9639388980555033,ExtraTreesRegressor,"{'mode': 'original', 'type': 'ExtraTreesRegressor'}",10,"['nodes_T6W30', 're_T6W30', 'l1_T6W30', 'l2_T6W30', 'l3_T6W30', 'lcc_T6W30', 'atd_T6W30', 'density_T6W30', 'diameter_T6W30', 'asp_T6W30']",0.043549489496612775,0.061689224538114734,598.0,0.052619357017363755,0.009069867520750978,0.11302808846240382,1.9639388980555033,3.465249890751675,3.494547864360605,598.0,3.47989887755614,0.014648986804465157,0.18255470354241507,1.9639388980555033,completed,73.46261477470398,False,COMPLETE
489,2.9082525220800677,2026-06-14 13:28:58.535542,2026-06-14 13:29:59.895111,0 days 00:01:01.359569,6,log2,1,6,325,ExtraTreesRegressor,12,True,-0.03451734635357391,-0.029730477722850587,598.0,-0.03212391203821225,0.0023934343153616624,0.02982681995152798,1.9639388980555033,2.8975573290614833,2.918947715098652,598.0,2.9082525220800677,0.010695193018584253,0.13328278719190512,1.9639388980555033,921545791465311.1,1011154290040770.6,598.0,966350040753040.9,44804249287729.7,558347587811933.0,1.9639388980555033,8.494903234981136,8.68231984260881,598.0,8.588611538794973,0.09370830381383698,1.1677866770269205,1.9639388980555033,2.591802138701736,2.6257896403845367,598.0,2.6087958895431362,0.016993750841400295,0.21177499770700103,1.9639388980555033,599.0,0.8580968280467446,-0.06146524784265375,-0.05278207931154705,598.0,-0.0571236635771004,0.004341584265553355,0.05410453562978987,1.9639388980555033,ExtraTreesRegressor,"{'mode': 'original', 'type': 'ExtraTreesRegressor'}",12,"['nodes_T6W30', 'edges_T6W30', 're_T6W30', 'pe_T6W30', 'l1_T6W30', 'l2_T6W30', 'l3_T6W30', 'lcc_T6W30', 'atd_T6W30', 'density_T6W30', 'diameter_T6W30', 'asp_T6W30']",-0.0172279992942082,0.0003402436714080616,598.0,-0.00844387781140007,0.008784121482808131,0.10946714025886142,1.9639388980555033,3.529281910380264,3.55905025986713,598.0,3.544166085123697,0.014884174743433135,0.18548560006434817,1.9639388980555033,completed,61.35035991668701,True,COMPLETE
490,2.884642763782814,2026-06-14 13:29:59.910651,2026-06-14 13:30:23.293808,0 days 00:00:23.383157,7,sqrt,1,12,105,ExtraTreesRegressor,8,False,-0.026212671803434676,-0.021204366517790268,598.0,-0.023708519160612472,0.002504152642822204,0.03120658441688406,1.9639388980555033,2.8736177388053505,2.895667788760277,598.0,2.884642763782814,0.011025024977463146,0.13739313122290644,1.9639388980555033,911707418606124.6,1000653451632685.9,598.0,956180435119405.2,44473016513280.63,554219786910054.25,1.9639388980555033,8.487473858183865,8.670364531760065,598.0,8.578919194971965,0.09144533678809968,1.1395857317995133,1.9639388980555033,2.5793056916003656,2.614119547703386,598.0,2.5967126196518757,0.01740692805151021,0.21692398473995456,1.9639388980555033,599.0,0.7562604340567612,-0.04866694830087673,-0.03945816907036813,598.0,-0.04406255868562243,0.004604389615254303,0.05737959849552973,1.9639388980555033,ExtraTreesRegressor,"{'mode': 'original', 'type': 'ExtraTreesRegressor'}",8,"['nodes_T6W30', 'l1_T6W30', 'l3_T6W30', 'lcc_T6W30', 'atd_T6W30', 'density_T6W30', 'diameter_T6W30', 'asp_T6W30']",0.019574529707793734,0.03800076023842678,598.0,0.028787644973110257,0.009213115265316523,0.11481323236971566,1.9639388980555033,3.5069356308829307,3.5371779724282795,598.0,3.522056801655605,0.015121170772674336,0.18843902888753952,1.9639388980555033,completed,23.37469983100891,False,COMPLETE
491,2.880148363894761,2026-06-14 13:30:23.309136,2026-06-14 13:31:20.427590,0 days 00:00:57.118454,5,,5,3,291,ExtraTreesRegressor,6,True,-0.024778608710745838,-0.01947209805201431,598.0,-0.022125353381380074,0.002653255329365764,0.0330646922234281,1.9639388980555033,2.8689028371216465,2.8913938906678758,598.0,2.880148363894761,0.011245526773114516,0.14014100999930318,1.9639388980555033,913212893506345.1,1002893743585114.6,598.0,958053318545729.9,44840425039384.805,558798407633602.06,1.9639388980555033,8.506543890928834,8.698905231478784,598.0,8.602724561203809,0.09618067027497476,1.1985971441524452,1.9639388980555033,2.6136586910703965,2.6505611370790643,598.0,2.6321099140747304,0.01845122300433372,0.22993791929175758,1.9639388980555033,599.0,0.7545909849749582,-0.050712433800297975,-0.040911256808481476,598.0,-0.045811845304389726,0.004900588495908248,0.06107080933277987,1.9639388980555033,ExtraTreesRegressor,"{'mode': 'original', 'type': 'ExtraTreesRegressor'}",6,"['nodes_T6W30', 'l1_T6W30', 'lcc_T6W30', 'atd_T6W30', 'density_T6W30', 'asp_T6W30']",0.02627924084923349,0.044544646955714744,598.0,0.03541194390247412,0.009132703053240624,0.11381114070749701,1.9639388980555033,3.509453533240765,3.5401931073531454,598.0,3.524823320296955,0.015369787056190395,0.1915372685500435,1.9639388980555033,completed,57.10981774330139,True,COMPLETE
492,3.0505633869530935,2026-06-14 13:31:20.443309,2026-06-14 13:31:22.836171,0 days 00:00:02.392862,18,,2,2,319,ExtraTreesRegressor,13,True,,,,,,,,,,,,,,,,,,,,,,,,,,,,,,,,,,,,,,,,,,,,,ExtraTreesRegressor,"{'mode': 'original', 'type': 'ExtraTreesRegressor'}",13,"['nodes_T6W30', 'edges_T6W30', 're_T6W30', 'pe_T6W30', 'l1_T6W30', 'l2_T6W30', 'l3_T6W30', 'lcc_T6W30', 'lsc_T6W30', 'atd_T6W30', 'density_T6W30', 'diameter_T6W30', 'asp_T6W30']",,,,,,,,,,,,,,,pruned,,True,PRUNED
