number,value,datetime_start,datetime_complete,duration,params_et_max_depth,params_et_max_features,params_et_min_samples_leaf,params_et_min_samples_split,params_et_n_estimators,params_regressor,params_rfe_n_features,params_use_scaler,user_attrs_d2mae_ci_lower_val,user_attrs_d2mae_ci_upper_val,user_attrs_d2mae_df_val,user_attrs_d2mae_mean_val,user_attrs_d2mae_samperror_val,user_attrs_d2mae_std_val,user_attrs_d2mae_t_critical_val,user_attrs_mae_ci_lower_val,user_attrs_mae_ci_upper_val,user_attrs_mae_df_val,user_attrs_mae_mean_val,user_attrs_mae_samperror_val,user_attrs_mae_std_val,user_attrs_mae_t_critical_val,user_attrs_mape_ci_lower_val,user_attrs_mape_ci_upper_val,user_attrs_mape_df_val,user_attrs_mape_mean_val,user_attrs_mape_samperror_val,user_attrs_mape_std_val,user_attrs_mape_t_critical_val,user_attrs_max_error_ci_lower_val,user_attrs_max_error_ci_upper_val,user_attrs_max_error_df_val,user_attrs_max_error_mean_val,user_attrs_max_error_samperror_val,user_attrs_max_error_std_val,user_attrs_max_error_t_critical_val,user_attrs_median_ae_ci_lower_val,user_attrs_median_ae_ci_upper_val,user_attrs_median_ae_df_val,user_attrs_median_ae_mean_val,user_attrs_median_ae_samperror_val,user_attrs_median_ae_std_val,user_attrs_median_ae_t_critical_val,user_attrs_n_splits_val,user_attrs_r2_below_zero_val,user_attrs_r2_ci_lower_val,user_attrs_r2_ci_upper_val,user_attrs_r2_df_val,user_attrs_r2_mean_val,user_attrs_r2_samperror_val,user_attrs_r2_std_val,user_attrs_r2_t_critical_val,user_attrs_regressor_final,user_attrs_rfe_estimator,user_attrs_rfe_n_features,user_attrs_rfe_selected_features,user_attrs_rho_ci_lower_val,user_attrs_rho_ci_upper_val,user_attrs_rho_df_val,user_attrs_rho_mean_val,user_attrs_rho_samperror_val,user_attrs_rho_std_val,user_attrs_rho_t_critical_val,user_attrs_rmse_ci_lower_val,user_attrs_rmse_ci_upper_val,user_attrs_rmse_df_val,user_attrs_rmse_mean_val,user_attrs_rmse_samperror_val,user_attrs_rmse_std_val,user_attrs_rmse_t_critical_val,user_attrs_termination_reason,user_attrs_trial_time_seconds,user_attrs_use_scaler_final,state
401,2.8515021072713234,2026-06-14 12:37:31.605828,2026-06-14 12:38:36.958203,0 days 00:01:05.352375,5,log2,2,9,364,ExtraTreesRegressor,4,False,-0.014137529657192203,-0.009672236048647965,598.0,-0.011904882852920084,0.0022326468042721194,0.027823096635228223,1.9639388980555033,2.84081797385102,2.8621862406916265,598.0,2.8515021072713234,0.010684133420303147,0.13314496321046154,1.9639388980555033,910456381349633.9,999515228399471.9,598.0,954985804874552.9,44529423524919.016,554922727353977.6,1.9639388980555033,8.441347188197556,8.633648752455416,598.0,8.537497970326486,0.0961507821289303,1.1982246800555483,1.9639388980555033,2.5529778228529096,2.584016572482086,598.0,2.5684971976674977,0.015519374814587945,0.19340142128991183,1.9639388980555033,599.0,0.6327212020033389,-0.02794946458631657,-0.01943673764376368,598.0,-0.023693101115040124,0.004256363471276445,0.05304251973459304,1.9639388980555033,ExtraTreesRegressor,"{'mode': 'original', 'type': 'ExtraTreesRegressor'}",4,"['nodes_T6W30', 'atd_T6W30', 'density_T6W30', 'asp_T6W30']",0.06270160861646762,0.08132380085632815,598.0,0.07201270473639788,0.00931109611993027,0.11603426329189474,1.9639388980555033,3.4727844221411948,3.5031603449936597,598.0,3.4879723835674272,0.015187961426232563,0.18927136958949234,1.9639388980555033,completed,65.34365677833557,False,COMPLETE
402,2.91387122282128,2026-06-14 12:38:36.973777,2026-06-14 12:39:48.380955,0 days 00:01:11.407178,17,,5,9,353,ExtraTreesRegressor,6,True,-0.03712351472878731,-0.031115561569532955,598.0,-0.034119538149160134,0.0030039765796271794,0.037435357220408104,1.9639388980555033,2.902001791114126,2.925740654528434,598.0,2.91387122282128,0.011869431707153821,0.14791607197406573,1.9639388980555033,920718483485128.5,1011597250647024.5,598.0,966157867066076.5,45439383580948.03,566262589317207.9,1.9639388980555033,8.616211283564034,8.807571717759444,598.0,8.71189150066174,0.09568021709770491,1.1923605297959146,1.9639388980555033,2.658068499390716,2.699293689130504,598.0,2.67868109426061,0.020612594869894044,0.256872792360386,1.9639388980555033,599.0,0.8731218697829716,-0.07943387677098582,-0.0684428296096811,598.0,-0.07393835319033346,0.005495523580652366,0.06848485096392799,1.9639388980555033,ExtraTreesRegressor,"{'mode': 'original', 'type': 'ExtraTreesRegressor'}",6,"['nodes_T6W30', 'l1_T6W30', 'lcc_T6W30', 'atd_T6W30', 'density_T6W30', 'asp_T6W30']",0.007009468109637398,0.02486977752964584,598.0,0.01593962281964162,0.008930154710004221,0.1112869966662683,1.9639388980555033,3.5557187808387796,3.5870788339662165,598.0,3.571398807402498,0.01568002656371856,0.19540345274966922,1.9639388980555033,completed,71.39838528633118,True,COMPLETE
403,2.8485578278148336,2026-06-14 12:39:48.396671,2026-06-14 12:40:08.216961,0 days 00:00:19.820290,20,sqrt,5,3,86,ExtraTreesRegressor,8,True,-0.012673751683207831,-0.009073320834089332,598.0,-0.010873536258648581,0.0018002154245592501,0.02243416541563985,1.9639388980555033,2.838622625789791,2.858493029839876,598.0,2.8485578278148336,0.009935202025042573,0.12381182975486123,1.9639388980555033,926299010957246.5,1016260501079583.0,598.0,971279756018414.8,44980745061168.266,560547066453469.1,1.9639388980555033,8.287859762761457,8.459954779961407,598.0,8.373907271361432,0.08604750859997518,1.0723183543481525,1.9639388980555033,2.5845283397147765,2.614056559240082,598.0,2.599292449477429,0.014764109762652657,0.1839893582242282,1.9639388980555033,599.0,0.5692821368948247,-0.01182864846592158,-0.005973063528310761,598.0,-0.00890085599711617,0.002927792468805409,0.036485955876045396,1.9639388980555033,ExtraTreesRegressor,"{'mode': 'original', 'type': 'ExtraTreesRegressor'}",8,"['nodes_T6W30', 'l1_T6W30', 'l2_T6W30', 'lcc_T6W30', 'atd_T6W30', 'density_T6W30', 'diameter_T6W30', 'asp_T6W30']",0.061531575161146386,0.07998875374374623,598.0,0.0707601644524463,0.009228589291299917,0.1150060686568741,1.9639388980555033,3.4490350714894125,3.4776358023306115,598.0,3.463335436910012,0.01430036542059959,0.17821020694141287,1.9639388980555033,completed,19.811610221862793,True,COMPLETE
404,2.905317702785834,2026-06-14 12:40:08.232186,2026-06-14 12:41:03.147350,0 days 00:00:54.915164,13,,3,6,260,ExtraTreesRegressor,4,True,-0.03436398459882644,-0.027752789257232215,598.0,-0.031058386928029327,0.0033055976707971136,0.041194139286064926,1.9639388980555033,2.8927565077484494,2.917878897823219,598.0,2.905317702785834,0.012561195037384653,0.15653678078877437,1.9639388980555033,890546987164339.2,977610056484648.5,598.0,934078521824493.9,43531534660154.58,542487102398685.7,1.9639388980555033,8.727911995069537,8.902803684531204,598.0,8.81535783980037,0.0874458447308335,1.0897443266170115,1.9639388980555033,2.574854329667952,2.6151355717005753,598.0,2.5949949506842636,0.02014062101631166,0.2509910854498275,1.9639388980555033,599.0,0.8180300500834724,-0.06831544038341524,-0.05671433910765688,598.0,-0.06251488974553605,0.005800550637879176,0.07228607795305209,1.9639388980555033,ExtraTreesRegressor,"{'mode': 'original', 'type': 'ExtraTreesRegressor'}",4,"['l1_T6W30', 'l2_T6W30', 'l3_T6W30', 'density_T6W30']",0.04515091813906233,0.06394507220534162,598.0,0.05454799517220198,0.009397077033139647,0.11710575173889502,1.9639388980555033,3.5360819176005776,3.568598177883598,598.0,3.5523400477420877,0.01625813014150993,0.20260774125570735,1.9639388980555033,completed,54.90665602684021,True,COMPLETE
405,3.0186651258916672,2026-06-14 12:41:03.162542,2026-06-14 12:41:05.967087,0 days 00:00:02.804545,12,,1,10,421,ExtraTreesRegressor,13,True,,,,,,,,,,,,,,,,,,,,,,,,,,,,,,,,,,,,,,,,,,,,,ExtraTreesRegressor,"{'mode': 'original', 'type': 'ExtraTreesRegressor'}",13,"['nodes_T6W30', 'edges_T6W30', 're_T6W30', 'pe_T6W30', 'l1_T6W30', 'l2_T6W30', 'l3_T6W30', 'lcc_T6W30', 'lsc_T6W30', 'atd_T6W30', 'density_T6W30', 'diameter_T6W30', 'asp_T6W30']",,,,,,,,,,,,,,,pruned,,True,PRUNED
406,2.8980509104477585,2026-06-14 12:41:05.973066,2026-06-14 12:42:18.507873,0 days 00:01:12.534807,6,log2,1,11,395,ExtraTreesRegressor,12,True,-0.030803003432182736,-0.02618060709744919,598.0,-0.028491805264815963,0.002311198167366775,0.028801998520662817,1.9639388980555033,2.887462171129929,2.908639649765588,598.0,2.8980509104477585,0.010588739317829436,0.13195616822216413,1.9639388980555033,921559922263489.1,1011178821754694.1,598.0,966369372009091.6,44809449745602.484,558412395573583.94,1.9639388980555033,8.468885088878983,8.656140231304535,598.0,8.562512660091759,0.0936275712127758,1.1667805926983827,1.9639388980555033,2.5834797758612233,2.616816586054601,598.0,2.600148180957912,0.016668405096688644,0.20772056057988741,1.9639388980555033,599.0,0.8297161936560935,-0.05302532624594973,-0.044776004463192645,598.0,-0.04890066535457119,0.004124660891378544,0.051401250904880944,1.9639388980555033,ExtraTreesRegressor,"{'mode': 'original', 'type': 'ExtraTreesRegressor'}",12,"['nodes_T6W30', 'edges_T6W30', 're_T6W30', 'pe_T6W30', 'l1_T6W30', 'l2_T6W30', 'l3_T6W30', 'lcc_T6W30', 'atd_T6W30', 'density_T6W30', 'diameter_T6W30', 'asp_T6W30']",-0.007799544384894136,0.009990988144284764,598.0,0.0010957218796953144,0.00889526626458945,0.11085221916972444,1.9639388980555033,3.5157077844296567,3.5453861573366594,598.0,3.530546970883158,0.01483918645350134,0.18492495897421654,1.9639388980555033,completed,72.52583408355713,True,COMPLETE
407,2.893576473059384,2026-06-14 12:42:18.523398,2026-06-14 12:43:22.690780,0 days 00:01:04.167382,13,,3,9,318,ExtraTreesRegressor,4,False,-0.030022350919622687,-0.02359206956952581,598.0,-0.026807210244574248,0.0032151406750484373,0.040066870194853534,1.9639388980555033,2.8808640383157798,2.9062889078029883,598.0,2.893576473059384,0.012712434743604444,0.15842151999301615,1.9639388980555033,901332113375638.5,990832435464850.0,598.0,946082274420244.2,44750161044605.805,557673543707694.8,1.9639388980555033,8.784519758058064,8.957382237584497,598.0,8.87095099782128,0.08643123976321644,1.0771003866948636,1.9639388980555033,2.6039891680617573,2.6448023793100384,598.0,2.624395773685898,0.02040660562414071,0.25430576801983823,1.9639388980555033,599.0,0.8230383973288815,-0.0734632439658926,-0.06169713376821832,598.0,-0.06758018886705545,0.00588305509883714,0.07331424308229617,1.9639388980555033,ExtraTreesRegressor,"{'mode': 'original', 'type': 'ExtraTreesRegressor'}",4,"['l1_T6W30', 'l3_T6W30', 'atd_T6W30', 'density_T6W30']",0.045138071861261064,0.06371285506530514,598.0,0.0544254634632831,0.009287391602022037,0.11573885915936903,1.9639388980555033,3.5443476098398112,3.5774645707935053,598.0,3.5609060903166583,0.016558480476847142,0.2063506872463227,1.9639388980555033,completed,64.15844488143921,False,COMPLETE
408,3.0237758010260345,2026-06-14 12:43:22.706013,2026-06-14 12:43:25.393130,0 days 00:00:02.687117,16,,1,4,332,ExtraTreesRegressor,2,True,,,,,,,,,,,,,,,,,,,,,,,,,,,,,,,,,,,,,,,,,,,,,ExtraTreesRegressor,"{'mode': 'original', 'type': 'ExtraTreesRegressor'}",2,"['density_T6W30', 'asp_T6W30']",,,,,,,,,,,,,,,pruned,,True,PRUNED
409,2.8752609031397314,2026-06-14 12:43:25.398872,2026-06-14 12:44:17.152110,0 days 00:00:51.753238,19,,3,5,265,ExtraTreesRegressor,2,True,-0.02363993500960289,-0.01712195314831888,598.0,-0.020380944078960885,0.0032589909306420047,0.040613329176419605,1.9639388980555033,2.862806051000997,2.8877157552784656,598.0,2.8752609031397314,0.012454852138734214,0.15521154262752115,1.9639388980555033,901827707388496.4,990255618925996.4,598.0,946041663157246.4,44213955768750.055,550991389065990.25,1.9639388980555033,8.632987708753967,8.80351783583817,598.0,8.718252772296069,0.08526506354210137,1.062567575848247,1.9639388980555033,2.622594711567751,2.66329441230433,598.0,2.6429445619360403,0.020349850368289547,0.2535984877795949,1.9639388980555033,599.0,0.7762938230383973,-0.0599502498974983,-0.048493055320185226,598.0,-0.054221652608841764,0.005728597288656538,0.07138940007958859,1.9639388980555033,ExtraTreesRegressor,"{'mode': 'original', 'type': 'ExtraTreesRegressor'}",2,"['l1_T6W30', 'density_T6W30']",0.059152550657322604,0.07752966232791061,598.0,0.06834110649261661,0.009188555835294007,0.11450717437903166,1.9639388980555033,3.522411549481207,3.5541728708217946,598.0,3.538292210151501,0.01588066067029377,0.19790374170038152,1.9639388980555033,completed,51.74467396736145,True,COMPLETE
410,2.846837428159806,2026-06-14 12:44:17.167659,2026-06-14 12:45:11.137435,0 days 00:00:53.969776,5,sqrt,4,5,297,ExtraTreesRegressor,8,True,-0.012089284272863786,-0.008455858098457319,598.0,-0.010272571185660552,0.0018167130872032342,0.022639758195080222,1.9639388980555033,2.8369258365541135,2.8567490197654988,598.0,2.846837428159806,0.009911591605692525,0.12351759827233671,1.9639388980555033,918929799909019.5,1008073811210562.0,598.0,963501805559790.8,44572005650771.22,555453382986678.9,1.9639388980555033,8.291508179763092,8.459228270942123,598.0,8.375368225352608,0.083860045589515,1.0450583351594647,1.9639388980555033,2.5611637468552906,2.590879101298118,598.0,2.5760214240767043,0.014857677221413589,0.18515538969953219,1.9639388980555033,599.0,0.5626043405676127,-0.012607442610132844,-0.0065327391482101135,598.0,-0.009570090879171479,0.0030373517309613654,0.037851276146325795,1.9639388980555033,ExtraTreesRegressor,"{'mode': 'original', 'type': 'ExtraTreesRegressor'}",8,"['nodes_T6W30', 'l1_T6W30', 'l3_T6W30', 'lcc_T6W30', 'atd_T6W30', 'density_T6W30', 'diameter_T6W30', 'asp_T6W30']",0.06484090425944684,0.08287910534502634,598.0,0.07386000480223659,0.009019100542789742,0.1123954337446978,1.9639388980555033,3.45010087880751,3.478660349320268,598.0,3.464380614063889,0.014279735256379237,0.17795311520097046,1.9639388980555033,completed,53.96115493774414,True,COMPLETE
411,2.8541078005290204,2026-06-14 12:45:11.153804,2026-06-14 12:45:30.377808,0 days 00:00:19.224004,3,sqrt,2,8,81,ExtraTreesRegressor,10,True,-0.014654022528786287,-0.011048912313424966,598.0,-0.012851467421105626,0.0018025551076806604,0.02246332239177161,1.9639388980555033,2.8441954625194468,2.864020138538594,598.0,2.8541078005290204,0.009912338009573713,0.12352689990807929,1.9639388980555033,919627282943026.8,1008792178044776.0,598.0,964209730493901.4,44582447550874.56,555583509254333.4,1.9639388980555033,8.287671224903987,8.454663598062881,598.0,8.371167411483434,0.08349618657944725,1.0405239482697237,1.9639388980555033,2.551667484969901,2.5807613805079646,598.0,2.5662144327389327,0.014546947769031844,0.18128309983958393,1.9639388980555033,599.0,0.5776293823038398,-0.015098591132319513,-0.009044059378061674,598.0,-0.012071325255190593,0.0030272658771289197,0.03772558690372282,1.9639388980555033,ExtraTreesRegressor,"{'mode': 'original', 'type': 'ExtraTreesRegressor'}",10,"['nodes_T6W30', 're_T6W30', 'pe_T6W30', 'l1_T6W30', 'l3_T6W30', 'lcc_T6W30', 'atd_T6W30', 'density_T6W30', 'diameter_T6W30', 'asp_T6W30']",0.07215893251421933,0.09019504780501504,598.0,0.08117699015961719,0.00901805764539786,0.11238243722645792,1.9639388980555033,3.4543872172923784,3.483012385707821,598.0,3.4686998015000996,0.014312584207721132,0.1783624766574277,1.9639388980555033,completed,19.214925050735474,True,COMPLETE
412,2.8340761820982925,2026-06-14 12:45:30.393600,2026-06-14 12:46:33.507656,0 days 00:01:03.114056,19,log2,4,10,364,ExtraTreesRegressor,2,False,-0.007109060067045029,-0.004338117358248004,598.0,-0.005723588712646516,0.0013854713543985126,0.017265652276486104,1.9639388980555033,2.82465472378593,2.843497640410655,598.0,2.8340761820982925,0.009421458312362546,0.11740958962611082,1.9639388980555033,929862278355963.0,1020144487067502.5,598.0,975003382711732.8,45141104355769.81,562545453364250.8,1.9639388980555033,8.257405693850481,8.425892337473035,598.0,8.341649015661758,0.0842433218112775,1.0498346980555922,1.9639388980555033,2.5305805428999073,2.5546822883629408,598.0,2.542631415631424,0.012050872731516603,0.15017717800515887,1.9639388980555033,599.0,0.3672787979966611,0.0013243305885600582,0.0055670288198256,598.0,0.0034456797041928287,0.0021213491156327705,0.026436112209225513,1.9639388980555033,ExtraTreesRegressor,"{'mode': 'original', 'type': 'ExtraTreesRegressor'}",2,"['atd_T6W30', 'density_T6W30']",0.10195539831191945,0.12084201687614406,598.0,0.11139870759403175,0.009443309282112303,0.11768189496422235,1.9639388980555033,3.4284301943969724,3.456547618784669,598.0,3.4424889065908206,0.014058712193848286,0.17519874043123718,1.9639388980555033,completed,63.10502910614014,False,COMPLETE
413,2.909511813406131,2026-06-14 12:46:33.523055,2026-06-14 12:46:35.644736,0 days 00:00:02.121681,14,sqrt,1,8,348,ExtraTreesRegressor,8,True,,,,,,,,,,,,,,,,,,,,,,,,,,,,,,,,,,,,,,,,,,,,,ExtraTreesRegressor,"{'mode': 'original', 'type': 'ExtraTreesRegressor'}",8,"['nodes_T6W30', 'pe_T6W30', 'l1_T6W30', 'l3_T6W30', 'atd_T6W30', 'density_T6W30', 'diameter_T6W30', 'asp_T6W30']",,,,,,,,,,,,,,,pruned,,True,PRUNED
414,2.9334028759150366,2026-06-14 12:46:35.650551,2026-06-14 12:46:36.323333,0 days 00:00:00.672782,17,,4,12,92,ExtraTreesRegressor,11,True,,,,,,,,,,,,,,,,,,,,,,,,,,,,,,,,,,,,,,,,,,,,,ExtraTreesRegressor,"{'mode': 'original', 'type': 'ExtraTreesRegressor'}",11,"['nodes_T6W30', 're_T6W30', 'pe_T6W30', 'l1_T6W30', 'l2_T6W30', 'l3_T6W30', 'lcc_T6W30', 'atd_T6W30', 'density_T6W30', 'diameter_T6W30', 'asp_T6W30']",,,,,,,,,,,,,,,pruned,,True,PRUNED
415,2.94718607483465,2026-06-14 12:46:36.329184,2026-06-14 12:46:38.982191,0 days 00:00:02.653007,8,,1,4,371,ExtraTreesRegressor,8,True,,,,,,,,,,,,,,,,,,,,,,,,,,,,,,,,,,,,,,,,,,,,,ExtraTreesRegressor,"{'mode': 'original', 'type': 'ExtraTreesRegressor'}",8,"['nodes_T6W30', 'l1_T6W30', 'l2_T6W30', 'l3_T6W30', 'lsc_T6W30', 'atd_T6W30', 'density_T6W30', 'asp_T6W30']",,,,,,,,,,,,,,,pruned,,True,PRUNED
416,2.910391314393745,2026-06-14 12:46:38.989095,2026-06-14 12:47:38.013246,0 days 00:00:59.024151,9,,2,8,297,ExtraTreesRegressor,3,True,-0.03597053003328584,-0.02956066488273263,598.0,-0.032765597458009235,0.0032049325752766047,0.0399396575314487,1.9639388980555033,2.8976308719905073,2.9231517567969827,598.0,2.910391314393745,0.012760442403237801,0.15901978826843444,1.9639388980555033,908163849148809.9,997920331195218.6,598.0,953042090172014.2,44878241023204.42,559269667919893.75,1.9639388980555033,8.803011922498774,8.990458459490965,598.0,8.89673519099487,0.09372326849609561,1.1679731659063082,1.9639388980555033,2.5893090038152207,2.629016286132433,598.0,2.6091626449738268,0.019853641158606324,0.24741476146610505,1.9639388980555033,599.0,0.8297161936560935,-0.07654552600859983,-0.06458445031813138,598.0,-0.07056498816336561,0.0059805378452342265,0.07452906661286254,1.9639388980555033,ExtraTreesRegressor,"{'mode': 'original', 'type': 'ExtraTreesRegressor'}",3,"['l3_T6W30', 'density_T6W30', 'asp_T6W30']",0.021848326279777466,0.0413484684447699,598.0,0.031598397362273684,0.009750071082496217,0.12150474020770044,1.9639388980555033,3.5490573332792255,3.5831097534661285,598.0,3.566083543372677,0.017026210093451483,0.21217950275670228,1.9639388980555033,completed,59.015419006347656,True,COMPLETE
417,2.8470310351705943,2026-06-14 12:47:38.028505,2026-06-14 12:48:24.595780,0 days 00:00:46.567275,12,log2,5,11,250,ExtraTreesRegressor,5,False,-0.012252427996858651,-0.008405830100028787,598.0,-0.010329129048443719,0.0019232989484149314,0.023968024139683537,1.9639388980555033,2.8368936135178457,2.857168456823343,598.0,2.8470310351705943,0.01013742165274863,0.1263318773649174,1.9639388980555033,918929246814795.2,1008577961855445.8,598.0,963753604335120.5,44824357520325.25,558598175275027.94,1.9639388980555033,8.355838214139842,8.538027176282275,598.0,8.446932695211059,0.09109448107121722,1.1352133910884057,1.9639388980555033,2.5734073576724747,2.6035058376397306,598.0,2.5884565976561027,0.015049239983628053,0.1875426321574999,1.9639388980555033,599.0,0.5893155258764607,-0.018161002636323136,-0.011357954408853108,598.0,-0.014759478522588122,0.0034015241137350135,0.042389568265976965,1.9639388980555033,ExtraTreesRegressor,"{'mode': 'original', 'type': 'ExtraTreesRegressor'}",5,"['nodes_T6W30', 'lcc_T6W30', 'atd_T6W30', 'density_T6W30', 'asp_T6W30']",0.054962790439824126,0.07329662675158409,598.0,0.0641297085957041,0.00916691815587998,0.1142375270509605,1.9639388980555033,3.458552294240855,3.487808550587773,598.0,3.473180422414314,0.014628128173459036,0.18229476466401684,1.9639388980555033,completed,46.55794811248779,False,COMPLETE
418,2.927175582571352,2026-06-14 12:48:24.612204,2026-06-14 12:48:26.910904,0 days 00:00:02.298700,7,,4,3,357,ExtraTreesRegressor,10,False,,,,,,,,,,,,,,,,,,,,,,,,,,,,,,,,,,,,,,,,,,,,,ExtraTreesRegressor,"{'mode': 'original', 'type': 'ExtraTreesRegressor'}",10,"['nodes_T6W30', 're_T6W30', 'l1_T6W30', 'l2_T6W30', 'l3_T6W30', 'lcc_T6W30', 'atd_T6W30', 'density_T6W30', 'diameter_T6W30', 'asp_T6W30']",,,,,,,,,,,,,,,pruned,,False,PRUNED
419,3.0011159303564177,2026-06-14 12:48:26.916652,2026-06-14 12:48:28.970412,0 days 00:00:02.053760,15,,1,8,275,ExtraTreesRegressor,9,False,,,,,,,,,,,,,,,,,,,,,,,,,,,,,,,,,,,,,,,,,,,,,ExtraTreesRegressor,"{'mode': 'original', 'type': 'ExtraTreesRegressor'}",9,"['nodes_T6W30', 're_T6W30', 'l1_T6W30', 'l2_T6W30', 'l3_T6W30', 'lsc_T6W30', 'atd_T6W30', 'density_T6W30', 'asp_T6W30']",,,,,,,,,,,,,,,pruned,,False,PRUNED
