number,value,datetime_start,datetime_complete,duration,params_et_max_depth,params_et_max_features,params_et_min_samples_leaf,params_et_min_samples_split,params_et_n_estimators,params_regressor,params_rfe_n_features,params_use_scaler,user_attrs_d2mae_ci_lower_val,user_attrs_d2mae_ci_upper_val,user_attrs_d2mae_df_val,user_attrs_d2mae_mean_val,user_attrs_d2mae_samperror_val,user_attrs_d2mae_std_val,user_attrs_d2mae_t_critical_val,user_attrs_mae_ci_lower_val,user_attrs_mae_ci_upper_val,user_attrs_mae_df_val,user_attrs_mae_mean_val,user_attrs_mae_samperror_val,user_attrs_mae_std_val,user_attrs_mae_t_critical_val,user_attrs_mape_ci_lower_val,user_attrs_mape_ci_upper_val,user_attrs_mape_df_val,user_attrs_mape_mean_val,user_attrs_mape_samperror_val,user_attrs_mape_std_val,user_attrs_mape_t_critical_val,user_attrs_max_error_ci_lower_val,user_attrs_max_error_ci_upper_val,user_attrs_max_error_df_val,user_attrs_max_error_mean_val,user_attrs_max_error_samperror_val,user_attrs_max_error_std_val,user_attrs_max_error_t_critical_val,user_attrs_median_ae_ci_lower_val,user_attrs_median_ae_ci_upper_val,user_attrs_median_ae_df_val,user_attrs_median_ae_mean_val,user_attrs_median_ae_samperror_val,user_attrs_median_ae_std_val,user_attrs_median_ae_t_critical_val,user_attrs_n_splits_val,user_attrs_r2_below_zero_val,user_attrs_r2_ci_lower_val,user_attrs_r2_ci_upper_val,user_attrs_r2_df_val,user_attrs_r2_mean_val,user_attrs_r2_samperror_val,user_attrs_r2_std_val,user_attrs_r2_t_critical_val,user_attrs_regressor_final,user_attrs_rfe_estimator,user_attrs_rfe_n_features,user_attrs_rfe_selected_features,user_attrs_rho_ci_lower_val,user_attrs_rho_ci_upper_val,user_attrs_rho_df_val,user_attrs_rho_mean_val,user_attrs_rho_samperror_val,user_attrs_rho_std_val,user_attrs_rho_t_critical_val,user_attrs_rmse_ci_lower_val,user_attrs_rmse_ci_upper_val,user_attrs_rmse_df_val,user_attrs_rmse_mean_val,user_attrs_rmse_samperror_val,user_attrs_rmse_std_val,user_attrs_rmse_t_critical_val,user_attrs_termination_reason,user_attrs_trial_time_seconds,user_attrs_use_scaler_final,state
41,3.005287446908563,2026-06-14 08:15:50.556480,2026-06-14 08:17:41.663498,0 days 00:01:51.107018,12,,3,8,478,ExtraTreesRegressor,11,False,-0.06986525665701654,-0.06321654017366712,598.0,-0.06654089841534183,0.0033243582416747136,0.04142793227806918,1.9639388980555033,2.992517665166835,3.0180572286502914,598.0,3.005287446908563,0.01276978174172814,0.15913617448627623,1.9639388980555033,944164762252221.0,1037470068723088.8,598.0,990817415487654.9,46652653235433.81,581382275412095.2,1.9639388980555033,8.842872932297615,9.022351951568195,598.0,8.932612441932905,0.08973950963529059,1.1183278267762973,1.9639388980555033,2.6816218353219026,2.722083882572645,598.0,2.701852858947274,0.020231023625371533,0.25211767677772434,1.9639388980555033,599.0,0.9799666110183639,-0.13858905635537033,-0.12648535180790882,598.0,-0.13253720408163958,0.006051852273730763,0.07541778229854489,1.9639388980555033,ExtraTreesRegressor,"{'mode': 'original', 'type': 'ExtraTreesRegressor'}",11,"['nodes_T6W30', 're_T6W30', 'pe_T6W30', 'l1_T6W30', 'l2_T6W30', 'l3_T6W30', 'lsc_T6W30', 'atd_T6W30', 'density_T6W30', 'diameter_T6W30', 'asp_T6W30']",-0.06545634339500105,-0.04699270933482985,598.0,-0.05622452636491545,0.009231817030085595,0.11504629252388944,1.9639388980555033,3.6510340661807636,3.683854249676528,598.0,3.667444157928646,0.016410091747881998,0.2045014767318446,1.9639388980555033,completed,111.09824991226196,False,COMPLETE
42,2.8381787856074743,2026-06-14 08:17:41.691450,2026-06-14 08:18:01.904004,0 days 00:00:20.212554,11,log2,3,2,91,ExtraTreesRegressor,3,True,-0.008645610499245763,-0.005728594136808734,598.0,-0.007187102318027248,0.0014585081812185142,0.01817583237602309,1.9639388980555033,2.828696452601019,2.8476611186139293,598.0,2.8381787856074743,0.009482333006455077,0.1181682060329404,1.9639388980555033,936351688336021.4,1026700596548432.6,598.0,981526142442227.0,45174454106205.586,562961055745854.5,1.9639388980555033,8.237508206406146,8.39539155791996,598.0,8.316449882163052,0.0789416757569067,0.983765935986159,1.9639388980555033,2.577340050047172,2.602450980915493,598.0,2.5898955154813326,0.012555465434160366,0.15646537885279158,1.9639388980555033,599.0,0.48247078464106846,-0.0033963692622448706,0.0008742802426977743,598.0,-0.001261044509773548,0.0021353247524713223,0.026610275670080067,1.9639388980555033,ExtraTreesRegressor,"{'mode': 'original', 'type': 'ExtraTreesRegressor'}",3,"['nodes_T6W30', 'l1_T6W30', 'atd_T6W30']",0.06997876342893757,0.08806093169074487,598.0,0.07901984755984122,0.009041084130903652,0.1126693917640818,1.9639388980555033,3.436575176830113,3.464434206619756,598.0,3.4505046917249347,0.013929514894821518,0.17358869224584847,1.9639388980555033,completed,20.201935291290283,True,COMPLETE
43,2.8364478296531828,2026-06-14 08:18:01.917908,2026-06-14 08:18:58.434504,0 days 00:00:56.516596,3,log2,4,2,328,ExtraTreesRegressor,2,False,-0.00781018813150509,-0.00532948603804802,598.0,-0.006569837084776555,0.0012403510467285347,0.01545717261176269,1.9639388980555033,2.827209091147692,2.8456865681586736,598.0,2.8364478296531828,0.009238738505490875,0.11513254749206933,1.9639388980555033,932055166018008.5,1022089166227290.8,598.0,977072166122649.6,45017000104641.18,560998874404521.3,1.9639388980555033,8.212656137559154,8.37438826314099,598.0,8.293522200350072,0.08086606279091844,1.0077475197765,1.9639388980555033,2.5275366609057923,2.5501605230989433,598.0,2.538848592002368,0.01131193109657566,0.14096853628116787,1.9639388980555033,599.0,0.3088480801335559,0.005532596604392943,0.008992723113479264,598.0,0.007262659858936103,0.0017300632545431609,0.021559933718179335,1.9639388980555033,ExtraTreesRegressor,"{'mode': 'original', 'type': 'ExtraTreesRegressor'}",2,"['atd_T6W30', 'density_T6W30']",0.1298369267543016,0.14925320437349707,598.0,0.13954506556389934,0.00970813880959773,0.12098218299947705,1.9639388980555033,3.4221187431342592,3.4498456852051476,598.0,3.4359822141697034,0.013863471035444042,0.17276565804352553,1.9639388980555033,completed,56.50809597969055,False,COMPLETE
44,2.8370291568858415,2026-06-14 08:18:58.448263,2026-06-14 08:19:38.171801,0 days 00:00:39.723538,9,sqrt,5,10,218,ExtraTreesRegressor,3,False,-0.008024359393322534,-0.0055189586983091675,598.0,-0.00677165904581585,0.0012527003475066832,0.015611068780323907,1.9639388980555033,2.8277473454318294,2.8463109683398535,598.0,2.8370291568858415,0.009281811454012025,0.11566931972437001,1.9639388980555033,932278070657046.4,1022364344828640.6,598.0,977321207742843.5,45043137085797.14,561324591732969.25,1.9639388980555033,8.239203706472683,8.40357055738734,598.0,8.321387131930011,0.08218342545732932,1.0241644060932504,1.9639388980555033,2.5325257053135757,2.554997697964667,598.0,2.5437617016391214,0.011235996325545625,0.14002224219277917,1.9639388980555033,599.0,0.35392320534223703,0.0025604799455592655,0.006205422132170157,598.0,0.004382951038864711,0.0018224710933054456,0.022711514085846964,1.9639388980555033,ExtraTreesRegressor,"{'mode': 'original', 'type': 'ExtraTreesRegressor'}",3,"['nodes_T6W30', 'atd_T6W30', 'density_T6W30']",0.10468105584056574,0.12355278591273809,598.0,0.11411692087665191,0.00943586503608618,0.11758912526318192,1.9639388980555033,3.4270163624495464,3.454884832957138,598.0,3.4409505977033423,0.013934235253796013,0.1736475170468197,1.9639388980555033,completed,39.71496295928955,False,COMPLETE
45,2.8296651319121935,2026-06-14 08:19:38.187372,2026-06-14 08:20:22.038360,0 days 00:00:43.850988,19,log2,3,3,241,ExtraTreesRegressor,3,True,-0.005584261053171259,-0.0027219259046430046,598.0,-0.004153093478907132,0.001431167574264127,0.017835115542575847,1.9639388980555033,2.820170083057858,2.839160180766529,598.0,2.8296651319121935,0.009495048854335553,0.1183266700872191,1.9639388980555033,932196882756562.6,1022339697714190.1,598.0,977268290235376.4,45071407478813.78,561676895498756.56,1.9639388980555033,8.226091797112916,8.383260897553702,598.0,8.30467634733331,0.07858455022039311,0.9793154611979783,1.9639388980555033,2.573748285376477,2.5995891223170164,598.0,2.5866687038467466,0.012920418470269663,0.1610133994226189,1.9639388980555033,599.0,0.3973288814691152,0.002832575909929843,0.007045179009566124,598.0,0.004938877459747984,0.0021063015498181408,0.026248590440451212,1.9639388980555033,ExtraTreesRegressor,"{'mode': 'original', 'type': 'ExtraTreesRegressor'}",3,"['l1_T6W30', 'atd_T6W30', 'density_T6W30']",0.0998763613540969,0.11814841986053527,598.0,0.10901239060731609,0.00913602925321918,0.11385259159137814,1.9639388980555033,3.42591217523797,3.453772934884306,598.0,3.439842555061138,0.013930379823167721,0.17359947092562572,1.9639388980555033,completed,43.84240484237671,True,COMPLETE
46,2.920251649604969,2026-06-14 08:20:22.064724,2026-06-14 08:21:35.032501,0 days 00:01:12.967777,13,log2,2,12,386,ExtraTreesRegressor,13,False,-0.038836529879868006,-0.033860907905534476,598.0,-0.03634871889270124,0.002487810987166768,0.03100293578620464,1.9639388980555033,2.90920335281764,2.9312999463922975,598.0,2.920251649604969,0.011048296787328504,0.13768314297645454,1.9639388980555033,930527371331336.0,1021434014412618.0,598.0,975980692871977.0,45453321540641.016,566436283247969.2,1.9639388980555033,8.557297148433317,8.737761371847473,598.0,8.647529260140395,0.09023211170707766,1.12446660117618,1.9639388980555033,2.6217867929686043,2.658666399479529,598.0,2.6402265962240667,0.018439803255462676,0.2297956071375104,1.9639388980555033,599.0,0.9165275459098498,-0.07252399955503915,-0.06379291938034128,598.0,-0.06815845946769021,0.004365540087348931,0.054403071494718985,1.9639388980555033,ExtraTreesRegressor,"{'mode': 'original', 'type': 'ExtraTreesRegressor'}",13,"['nodes_T6W30', 'edges_T6W30', 're_T6W30', 'pe_T6W30', 'l1_T6W30', 'l2_T6W30', 'l3_T6W30', 'lcc_T6W30', 'lsc_T6W30', 'atd_T6W30', 'density_T6W30', 'diameter_T6W30', 'asp_T6W30']",-0.04233352052966256,-0.02428414791451691,598.0,-0.03330883422208974,0.009024686307572829,0.11246504317555096,1.9639388980555033,3.54760288217497,3.577905421926241,598.0,3.5627541520506054,0.015151269875635412,0.18881412191556224,1.9639388980555033,completed,72.95902514457703,False,COMPLETE
47,2.9332478754431692,2026-06-14 08:21:35.046304,2026-06-14 08:21:54.044034,0 days 00:00:18.997730,18,,5,7,69,ExtraTreesRegressor,8,False,-0.04395394517655352,-0.03796015575089238,598.0,-0.04095705046372295,0.002996894712830573,0.037347103465330156,1.9639388980555033,2.9211836480612816,2.945312102825057,598.0,2.9332478754431692,0.012064227381887482,0.15034360277377326,1.9639388980555033,918501572464743.2,1009344651924926.2,598.0,963923112194834.8,45421539730091.48,566040220429403.2,1.9639388980555033,8.694943215775496,8.885173737430371,598.0,8.790058476602933,0.09511526082743826,1.1853200821656715,1.9639388980555033,2.6538604242379824,2.6921778386454918,598.0,2.673019131441737,0.019158707203754483,0.2387545405373193,1.9639388980555033,599.0,0.8981636060100167,-0.09020256803855509,-0.07923882510070249,598.0,-0.08472069656962879,0.005481871468926305,0.06831471925160237,1.9639388980555033,ExtraTreesRegressor,"{'mode': 'original', 'type': 'ExtraTreesRegressor'}",8,"['nodes_T6W30', 'l1_T6W30', 'l2_T6W30', 'l3_T6W30', 'lcc_T6W30', 'atd_T6W30', 'density_T6W30', 'asp_T6W30']",-0.020901529865707567,-0.002704471050891985,598.0,-0.011803000458299776,0.00909852940740779,0.11338527099601124,1.9639388980555033,3.5735780067381757,3.605352909745732,598.0,3.589465458241954,0.015887451503778214,0.1979883686175947,1.9639388980555033,completed,18.989527940750122,False,COMPLETE
48,2.967242756221442,2026-06-14 08:21:54.057906,2026-06-14 08:22:53.410190,0 days 00:00:59.352284,13,,5,8,254,ExtraTreesRegressor,12,False,-0.05603584530463435,-0.05003063588038018,598.0,-0.05303324059250727,0.0030026047121270855,0.037418261098463156,1.9639388980555033,2.955170806207751,2.979314706235133,598.0,2.967242756221442,0.012071950013690913,0.15043984169993657,1.9639388980555033,937583020322022.8,1029820643676775.0,598.0,983701831999398.9,46118811677376.11,574729577265071.1,1.9639388980555033,8.708032462913522,8.89192580573442,598.0,8.799979134323971,0.09194667141044857,1.1458333306662523,1.9639388980555033,2.6587255068019306,2.6980875200190555,598.0,2.678406513410493,0.01968100660856246,0.24526340113483427,1.9639388980555033,599.0,0.9649415692821369,-0.10821056984764765,-0.09740103075346887,598.0,-0.10280580030055826,0.005404769547089393,0.06735388020714385,1.9639388980555033,ExtraTreesRegressor,"{'mode': 'original', 'type': 'ExtraTreesRegressor'}",12,"['nodes_T6W30', 're_T6W30', 'pe_T6W30', 'l1_T6W30', 'l2_T6W30', 'l3_T6W30', 'lcc_T6W30', 'lsc_T6W30', 'atd_T6W30', 'density_T6W30', 'diameter_T6W30', 'asp_T6W30']",-0.05601977360703978,-0.03780897042351004,598.0,-0.04691437201527491,0.00910540159176487,0.11347091170241241,1.9639388980555033,3.6035064215326473,3.6353634989780517,598.0,3.6194349602553495,0.015928538722701974,0.1985003948191422,1.9639388980555033,completed,59.343822717666626,False,COMPLETE
49,2.9514009266755368,2026-06-14 08:22:53.423780,2026-06-14 08:23:33.400210,0 days 00:00:39.976430,5,,2,7,175,ExtraTreesRegressor,13,False,-0.05028837859877621,-0.0446081698842905,598.0,-0.047448274241533354,0.002840104357242858,0.03539319243621375,1.9639388980555033,2.939844912062991,2.9629569412880827,598.0,2.9514009266755368,0.01155601461254599,0.1440102888946641,1.9639388980555033,923569909456012.4,1013819577125533.9,598.0,968694743290773.1,45124833834760.74,562342691208824.1,1.9639388980555033,8.64307245685389,8.838449970906918,598.0,8.740761213880404,0.0976887570265137,1.2173908213888474,1.9639388980555033,2.6275139426063885,2.6644142896911958,598.0,2.645964116148792,0.018450173542403792,0.22992484096667926,1.9639388980555033,599.0,0.9465776293823038,-0.09837945903545892,-0.08769305660200385,598.0,-0.09303625781873139,0.0053432012167275314,0.06658661975105652,1.9639388980555033,ExtraTreesRegressor,"{'mode': 'original', 'type': 'ExtraTreesRegressor'}",13,"['nodes_T6W30', 'edges_T6W30', 're_T6W30', 'pe_T6W30', 'l1_T6W30', 'l2_T6W30', 'l3_T6W30', 'lcc_T6W30', 'lsc_T6W30', 'atd_T6W30', 'density_T6W30', 'diameter_T6W30', 'asp_T6W30']",-0.054847523797323876,-0.03627397297787944,598.0,-0.04556074838760166,0.009286775409722217,0.11573118021173122,1.9639388980555033,3.5876363508071005,3.6186814501291567,598.0,3.6031589004681286,0.015522549661028003,0.19344098601601842,1.9639388980555033,completed,39.96803402900696,False,COMPLETE
50,3.0403667227256346,2026-06-14 08:23:33.414199,2026-06-14 08:24:23.030553,0 days 00:00:49.616354,17,,1,9,189,ExtraTreesRegressor,10,True,-0.08279515773453419,-0.07535359790249616,598.0,-0.07907437781851517,0.0037207799160190115,0.04636811293381613,1.9639388980555033,3.0270436094807898,3.0536898359704794,598.0,3.0403667227256346,0.013323113244844722,0.1660317550380545,1.9639388980555033,926496072483917.2,1018400479347379.2,598.0,972448275915648.2,45952203431731.05,572653316340173.2,1.9639388980555033,8.888248489326608,9.072772700803005,598.0,8.980510595064807,0.09226210573819826,1.1497642523714922,1.9639388980555033,2.7142688048320296,2.7558549676059196,598.0,2.7350618862189746,0.02079308138694507,0.25912200338456487,1.9639388980555033,599.0,0.988313856427379,-0.16518522957465598,-0.1513286491068377,598.0,-0.15825693934074683,0.006928290233909134,0.0863398941230236,1.9639388980555033,ExtraTreesRegressor,"{'mode': 'original', 'type': 'ExtraTreesRegressor'}",10,"['nodes_T6W30', 're_T6W30', 'pe_T6W30', 'l1_T6W30', 'l2_T6W30', 'l3_T6W30', 'lsc_T6W30', 'atd_T6W30', 'density_T6W30', 'asp_T6W30']",-0.07202241576700313,-0.053289423419409426,598.0,-0.06265591959320628,0.009366496173796857,0.11672465509474392,1.9639388980555033,3.691233407996313,3.7246012139161055,598.0,3.7079173109562094,0.016683902959896278,0.2079136939249559,1.9639388980555033,completed,49.60779118537903,True,COMPLETE
51,3.0601715754328485,2026-06-14 08:24:23.045372,2026-06-14 08:26:10.076086,0 days 00:01:47.030714,18,,1,2,470,ExtraTreesRegressor,3,True,-0.09104919564170826,-0.08079049253062369,598.0,-0.08591984408616597,0.005129351555542279,0.06392163943389081,1.9639388980555033,3.0429108286628814,3.0774323222028155,598.0,3.0601715754328485,0.017260746769967136,0.2151022832890793,1.9639388980555033,916132070875890.0,1009841193766673.5,598.0,962986632321281.8,46854561445391.79,583898442154796.0,1.9639388980555033,9.65369872782946,9.845952278226898,598.0,9.749825503028179,0.09612677519871973,1.1979255072809358,1.9639388980555033,2.6160664233141446,2.664693897746294,598.0,2.6403801605302193,0.024313737216074816,0.30299618319922283,1.9639388980555033,599.0,0.9682804674457429,-0.23214720777749534,-0.21202265348069874,598.0,-0.22208493062909704,0.010062277148398302,0.125395431527562,1.9639388980555033,ExtraTreesRegressor,"{'mode': 'original', 'type': 'ExtraTreesRegressor'}",3,"['l3_T6W30', 'density_T6W30', 'asp_T6W30']",0.009865189197411387,0.030544421585828617,598.0,0.020204805391620003,0.010339616194208616,0.12885161235183618,1.9639388980555033,3.785951768874485,3.8280725989893494,598.0,3.807012183931917,0.021060415057432287,0.2624534978840905,1.9639388980555033,completed,107.02014112472534,True,COMPLETE
52,2.906215600503625,2026-06-14 08:26:10.090346,2026-06-14 08:27:39.844946,0 days 00:01:29.754600,18,sqrt,3,11,487,ExtraTreesRegressor,12,True,-0.0336881745820475,-0.029008676871332927,598.0,-0.031348425726690214,0.0023397488553572893,0.029157795303854105,1.9639388980555033,2.8953594795679503,2.9170717214393,598.0,2.906215600503625,0.01085612093567499,0.13528826023849444,1.9639388980555033,929181551863728.5,1019916975704332.0,598.0,974549263784030.2,45367711920301.7,565369421828129.8,1.9639388980555033,8.506309656056263,8.686011073667789,598.0,8.596160364862026,0.08985070880576347,1.119713583475433,1.9639388980555033,2.6069135671236747,2.641523504808781,598.0,2.624218535966228,0.01730496884255296,0.2156533758293822,1.9639388980555033,599.0,0.8697829716193656,-0.05778253579610771,-0.04965174531826753,598.0,-0.05371714055718762,0.004065395238920094,0.050662686268349064,1.9639388980555033,ExtraTreesRegressor,"{'mode': 'original', 'type': 'ExtraTreesRegressor'}",12,"['nodes_T6W30', 're_T6W30', 'pe_T6W30', 'l1_T6W30', 'l2_T6W30', 'l3_T6W30', 'lcc_T6W30', 'lsc_T6W30', 'atd_T6W30', 'density_T6W30', 'diameter_T6W30', 'asp_T6W30']",-0.022864497282750258,-0.004827968213308826,598.0,-0.013846232748029543,0.009018264534720717,0.11238501546749974,1.9639388980555033,3.5237815900969984,3.553895183046201,598.0,3.5388383865715998,0.015056796474601416,0.1876368006476403,1.9639388980555033,completed,89.74580192565918,True,COMPLETE
53,2.8364809787207435,2026-06-14 08:27:39.860863,2026-06-14 08:29:03.599659,0 days 00:01:23.738796,12,sqrt,5,10,499,ExtraTreesRegressor,3,False,-0.007875173642340222,-0.005283098790410715,598.0,-0.006579136216375469,0.0012960374259647538,0.016151132582408568,1.9639388980555033,2.827165147847508,2.845796809593979,598.0,2.8364809787207435,0.009315830873235512,0.11609326747406257,1.9639388980555033,930618086613648.9,1020631018573406.9,598.0,975624552593527.9,45006465979879.01,560867598839275.3,1.9639388980555033,8.242351696220327,8.408161748165815,598.0,8.325256722193071,0.08290502597274424,1.0331569439339885,1.9639388980555033,2.5341773189510706,2.557489857009707,598.0,2.545833587980389,0.011656269029318487,0.1452596527979166,1.9639388980555033,599.0,0.35225375626043404,0.002134470479880533,0.005957467879155627,598.0,0.00404596917951808,0.0019114986996375469,0.023820970220799154,1.9639388980555033,ExtraTreesRegressor,"{'mode': 'original', 'type': 'ExtraTreesRegressor'}",3,"['nodes_T6W30', 'atd_T6W30', 'density_T6W30']",0.10215722929015261,0.12094312670676072,598.0,0.11155017799845666,0.00939294870830405,0.1170543048281599,1.9639388980555033,3.4275440650586892,3.455460998427969,598.0,3.441502531743329,0.013958466684639993,0.17394948753345996,1.9639388980555033,completed,83.72950005531311,False,COMPLETE
54,2.9458348995406918,2026-06-14 08:29:03.613533,2026-06-14 08:29:36.880764,0 days 00:00:33.267231,14,log2,2,8,153,ExtraTreesRegressor,11,True,-0.04815368642638696,-0.04262164029171953,598.0,-0.04538766335905325,0.002766023067333716,0.034469996306821314,1.9639388980555033,2.9340348554353035,2.95763494364608,598.0,2.9458348995406918,0.011800044105388074,0.14705136827551343,1.9639388980555033,932387241619015.0,1024044051798039.0,598.0,978215646708527.0,45828405089511.95,571110549597018.0,1.9639388980555033,8.679021641433971,8.863240713551177,598.0,8.771131177492574,0.09210953605860268,1.1478629391271085,1.9639388980555033,2.6531937592810135,2.691733067573852,598.0,2.6724634134274328,0.01926965414641944,0.24013715399021454,1.9639388980555033,599.0,0.9298831385642737,-0.09136458401585612,-0.08138219108508843,598.0,-0.08637338755047227,0.0049911964653838485,0.06219995984857914,1.9639388980555033,ExtraTreesRegressor,"{'mode': 'original', 'type': 'ExtraTreesRegressor'}",11,"['nodes_T6W30', 're_T6W30', 'pe_T6W30', 'l1_T6W30', 'l2_T6W30', 'l3_T6W30', 'lcc_T6W30', 'atd_T6W30', 'density_T6W30', 'diameter_T6W30', 'asp_T6W30']",-0.04566826253860906,-0.02724033308136599,598.0,-0.036454297809987525,0.009213964728621534,0.11482381832517363,1.9639388980555033,3.576963233958038,3.608456186538251,598.0,3.5927097102481445,0.015746476290106486,0.19623154483980096,1.9639388980555033,completed,33.25890016555786,True,COMPLETE
