number,value,datetime_start,datetime_complete,duration,params_et_max_depth,params_et_max_features,params_et_min_samples_leaf,params_et_min_samples_split,params_et_n_estimators,params_regressor,params_rfe_n_features,params_use_scaler,user_attrs_d2mae_ci_lower_val,user_attrs_d2mae_ci_upper_val,user_attrs_d2mae_df_val,user_attrs_d2mae_mean_val,user_attrs_d2mae_samperror_val,user_attrs_d2mae_std_val,user_attrs_d2mae_t_critical_val,user_attrs_mae_ci_lower_val,user_attrs_mae_ci_upper_val,user_attrs_mae_df_val,user_attrs_mae_mean_val,user_attrs_mae_samperror_val,user_attrs_mae_std_val,user_attrs_mae_t_critical_val,user_attrs_mape_ci_lower_val,user_attrs_mape_ci_upper_val,user_attrs_mape_df_val,user_attrs_mape_mean_val,user_attrs_mape_samperror_val,user_attrs_mape_std_val,user_attrs_mape_t_critical_val,user_attrs_max_error_ci_lower_val,user_attrs_max_error_ci_upper_val,user_attrs_max_error_df_val,user_attrs_max_error_mean_val,user_attrs_max_error_samperror_val,user_attrs_max_error_std_val,user_attrs_max_error_t_critical_val,user_attrs_median_ae_ci_lower_val,user_attrs_median_ae_ci_upper_val,user_attrs_median_ae_df_val,user_attrs_median_ae_mean_val,user_attrs_median_ae_samperror_val,user_attrs_median_ae_std_val,user_attrs_median_ae_t_critical_val,user_attrs_n_splits_val,user_attrs_r2_below_zero_val,user_attrs_r2_ci_lower_val,user_attrs_r2_ci_upper_val,user_attrs_r2_df_val,user_attrs_r2_mean_val,user_attrs_r2_samperror_val,user_attrs_r2_std_val,user_attrs_r2_t_critical_val,user_attrs_regressor_final,user_attrs_rfe_estimator,user_attrs_rfe_n_features,user_attrs_rfe_selected_features,user_attrs_rho_ci_lower_val,user_attrs_rho_ci_upper_val,user_attrs_rho_df_val,user_attrs_rho_mean_val,user_attrs_rho_samperror_val,user_attrs_rho_std_val,user_attrs_rho_t_critical_val,user_attrs_rmse_ci_lower_val,user_attrs_rmse_ci_upper_val,user_attrs_rmse_df_val,user_attrs_rmse_mean_val,user_attrs_rmse_samperror_val,user_attrs_rmse_std_val,user_attrs_rmse_t_critical_val,user_attrs_termination_reason,user_attrs_trial_time_seconds,user_attrs_use_scaler_final,state
69,2.848330526227596,2026-06-14 08:39:55.994954,2026-06-14 08:40:46.979262,0 days 00:00:50.984308,6,log2,4,3,278,ExtraTreesRegressor,7,False,-0.01278828164805864,-0.008812949461474713,598.0,-0.010800615554766677,0.0019876660932919643,0.024770163236929276,1.9639388980555033,2.8381498617009195,2.8585111907542724,598.0,2.848330526227596,0.01018066452667646,0.12687076719638418,1.9639388980555033,920788061306037.5,1010333875934965.5,598.0,965560968620501.5,44772907314463.984,557957006216473.25,1.9639388980555033,8.330176755525441,8.504656780932534,598.0,8.417416768228987,0.08724001270354532,1.087179261522566,1.9639388980555033,2.5733772009963265,2.6043812009489513,598.0,2.588879200972639,0.015501999976312372,0.1931848972058347,1.9639388980555033,599.0,0.5959933222036727,-0.01791659765136381,-0.011082902006935864,598.0,-0.014499749829149837,0.003416847822213972,0.04258053130634874,1.9639388980555033,ExtraTreesRegressor,"{'mode': 'original', 'type': 'ExtraTreesRegressor'}",7,"['nodes_T6W30', 'l1_T6W30', 'lcc_T6W30', 'atd_T6W30', 'density_T6W30', 'diameter_T6W30', 'asp_T6W30']",0.06125399498802195,0.07926616169560755,598.0,0.07026007834181475,0.009006083353792799,0.11223321439737967,1.9639388980555033,3.4581491146989474,3.487119990220425,598.0,3.472634552459686,0.014485437760738717,0.18051656618925524,1.9639388980555033,completed,50.97587323188782,False,COMPLETE
70,2.853556034655282,2026-06-14 08:40:46.993125,2026-06-14 08:41:25.924554,0 days 00:00:38.931429,4,log2,5,2,201,ExtraTreesRegressor,10,True,-0.014546546740809154,-0.010755563610301225,598.0,-0.01265105517555519,0.0018954915652539652,0.023621490372058514,1.9639388980555033,2.8434844945904256,2.8636275747201383,598.0,2.853556034655282,0.010071540064856388,0.1255108653790983,1.9639388980555033,917971866735699.4,1007098732098764.4,598.0,962535299417231.9,44563432681532.52,555346547211704.25,1.9639388980555033,8.312715034672882,8.485717536193254,598.0,8.399216285433068,0.08650125076018671,1.0779728591031752,1.9639388980555033,2.5569871657105607,2.5865291103338772,598.0,2.571758138022219,0.014770972311658396,0.184074878855519,1.9639388980555033,599.0,0.5792988313856428,-0.015609533017102193,-0.00932937673007685,598.0,-0.012469454873589522,0.0031400781435126715,0.03913144589728518,1.9639388980555033,ExtraTreesRegressor,"{'mode': 'original', 'type': 'ExtraTreesRegressor'}",10,"['nodes_T6W30', 're_T6W30', 'l1_T6W30', 'l2_T6W30', 'l3_T6W30', 'lcc_T6W30', 'atd_T6W30', 'density_T6W30', 'diameter_T6W30', 'asp_T6W30']",0.061223710585271394,0.07926301970794124,598.0,0.07024336514660631,0.00901965456133492,0.11240233788712228,1.9639388980555033,3.454928242963014,3.4838210868638457,598.0,3.46937466491343,0.014446421950416056,0.1800303537445318,1.9639388980555033,completed,38.92104887962341,True,COMPLETE
71,2.8747454738987654,2026-06-14 08:41:25.939637,2026-06-14 08:42:15.696061,0 days 00:00:49.756424,9,log2,5,5,262,ExtraTreesRegressor,10,True,-0.022303533517292407,-0.01802044278532296,598.0,-0.020161988151307684,0.002141545365984723,0.02668779654377248,1.9639388980555033,2.86419831440399,2.885292633393541,598.0,2.8747454738987654,0.010547159494775585,0.13143800322056637,1.9639388980555033,920697269841804.2,1010470871036199.2,598.0,965584070439001.8,44886800597197.516,559376336764204.6,1.9639388980555033,8.420595809604547,8.597911247501907,598.0,8.509253528553227,0.08865771894867988,1.1048466228729004,1.9639388980555033,2.5896854107028195,2.6219287517114314,598.0,2.6058070812071255,0.016121670504305782,0.2009071902928438,1.9639388980555033,599.0,0.7395659432387313,-0.0339299886771975,-0.026684364743507088,598.0,-0.030307176710352296,0.003622811966845208,0.04514724283837508,1.9639388980555033,ExtraTreesRegressor,"{'mode': 'original', 'type': 'ExtraTreesRegressor'}",10,"['nodes_T6W30', 're_T6W30', 'l1_T6W30', 'l2_T6W30', 'l3_T6W30', 'lcc_T6W30', 'atd_T6W30', 'density_T6W30', 'diameter_T6W30', 'asp_T6W30']",0.016281389644493455,0.034470771153543106,598.0,0.02537608039901828,0.009094690754524824,0.11333743395796854,1.9639388980555033,3.484753125334947,3.5145263724052653,598.0,3.499639748870106,0.014886623535159063,0.18551611674468454,1.9639388980555033,completed,49.747689962387085,True,COMPLETE
72,2.8349070712223305,2026-06-14 08:42:15.711137,2026-06-14 08:42:33.426168,0 days 00:00:17.715031,16,log2,5,8,79,ExtraTreesRegressor,3,True,-0.007347140651169712,-0.004687792195240735,598.0,-0.006017466423205223,0.0013296742279644892,0.01657031218159456,1.9639388980555033,2.82553890153084,2.844275240913821,598.0,2.8349070712223305,0.009368169691490385,0.11674551036142503,1.9639388980555033,929280770780943.0,1019204251827738.0,598.0,974242511304340.5,44961740523397.516,560310233162197.25,1.9639388980555033,8.249623985058939,8.416934102283342,598.0,8.33327904367114,0.08365505861220077,1.0425038010218375,1.9639388980555033,2.534126524652254,2.5572203575311065,598.0,2.5456734410916804,0.011546916439426236,0.14389690806370126,1.9639388980555033,599.0,0.3622704507512521,0.001978653841643021,0.006007093018348465,598.0,0.003992873429995743,0.0020142195883527223,0.025101071134078452,1.9639388980555033,ExtraTreesRegressor,"{'mode': 'original', 'type': 'ExtraTreesRegressor'}",3,"['nodes_T6W30', 'atd_T6W30', 'density_T6W30']",0.10267727515138439,0.12154454068488213,598.0,0.11211090791813326,0.00943363276674887,0.11756130687051498,1.9639388980555033,3.4275580381877946,3.455595182554715,598.0,3.441576610371255,0.01401857218346021,0.17469851827973992,1.9639388980555033,completed,17.706256866455078,True,COMPLETE
73,2.8433313422875335,2026-06-14 08:42:33.439842,2026-06-14 08:43:35.965403,0 days 00:01:02.525561,11,log2,5,5,350,ExtraTreesRegressor,6,False,-0.010934604890416009,-0.007121059550859246,598.0,-0.009027832220637627,0.0019067726697783813,0.02376207474963868,1.9639388980555033,2.833290386773216,2.853372297801851,598.0,2.8433313422875335,0.010040955514317277,0.12512972273550307,1.9639388980555033,920845503631563.1,1010407154212866.1,598.0,965626328922214.6,44780825290651.45,558055679511415.3,1.9639388980555033,8.321169766768358,8.497800447171285,598.0,8.409485106969822,0.08831534020146257,1.100579921596439,1.9639388980555033,2.581267366631418,2.6122368474915607,598.0,2.5967521070614894,0.0154847404300715,0.19296980988345971,1.9639388980555033,599.0,0.5709515859766278,-0.014068758441815222,-0.007636651806274932,598.0,-0.010852705124045077,0.0032160533177701452,0.04007824348801882,1.9639388980555033,ExtraTreesRegressor,"{'mode': 'original', 'type': 'ExtraTreesRegressor'}",6,"['nodes_T6W30', 'l1_T6W30', 'lcc_T6W30', 'atd_T6W30', 'density_T6W30', 'asp_T6W30']",0.06258129376954119,0.0805131801575513,598.0,0.07154723696354624,0.008965943194005057,0.11173299038407367,1.9639388980555033,3.452103470056398,3.480924674269303,598.0,3.4665140721628505,0.014410602106452475,0.17958396922094727,1.9639388980555033,completed,62.517080783843994,False,COMPLETE
74,2.9503188855340383,2026-06-14 08:43:35.979456,2026-06-14 08:44:59.617115,0 days 00:01:23.637659,11,,5,4,387,ExtraTreesRegressor,9,True,-0.04991211739447382,-0.04408112582364247,598.0,-0.046996621609058147,0.002915495785415671,0.036332715421894375,1.9639388980555033,2.9382971249924736,2.962340646075603,598.0,2.9503188855340383,0.012021760541564888,0.14981438382170817,1.9639388980555033,921183640815327.9,1012056148242082.9,598.0,966619894528705.4,45436253713377.54,566223585114795.5,1.9639388980555033,8.687577082320882,8.872624160391545,598.0,8.780100621356214,0.09252353903533145,1.153022216808986,1.9639388980555033,2.657531012127893,2.6981716364457364,598.0,2.6778513242868147,0.020320312158921567,0.25323038457038854,1.9639388980555033,599.0,0.9332220367278798,-0.09658538220186846,-0.08601630858125894,598.0,-0.0913008453915637,0.005284536810304761,0.06585554780280845,1.9639388980555033,ExtraTreesRegressor,"{'mode': 'original', 'type': 'ExtraTreesRegressor'}",9,"['nodes_T6W30', 're_T6W30', 'l1_T6W30', 'l2_T6W30', 'l3_T6W30', 'lcc_T6W30', 'atd_T6W30', 'density_T6W30', 'asp_T6W30']",-0.04147905192196093,-0.02317602991882475,598.0,-0.03232754092039284,0.00915151100156809,0.11404552411414431,1.9639388980555033,3.5846865403069446,3.6166117751473044,598.0,3.6006491577271245,0.015962617420180028,0.1989250812905179,1.9639388980555033,completed,83.62920188903809,True,COMPLETE
75,2.9804208951969193,2026-06-14 08:44:59.630858,2026-06-14 08:46:14.865712,0 days 00:01:15.234854,8,,4,3,333,ExtraTreesRegressor,11,False,-0.06079967707971585,-0.05464622947516864,598.0,-0.05772295327744224,0.0030767238022736077,0.0383419282919108,1.9639388980555033,2.96821612445856,2.992625665935279,598.0,2.9804208951969193,0.012204770738359284,0.15209504477573788,1.9639388980555033,932879245621907.2,1024779984933704.0,598.0,978829615277805.6,45950369655898.43,572630463947174.6,1.9639388980555033,8.746415129472663,8.928174080653282,598.0,8.837294605062972,0.09087947559031001,1.1325340070224004,1.9639388980555033,2.6692178393420325,2.710298183144666,598.0,2.6897580112433492,0.02054017190131667,0.25597026212162066,1.9639388980555033,599.0,0.9616026711185309,-0.11891312636350065,-0.1076584725010763,598.0,-0.11328579943228848,0.005627326931212181,0.07012737559095612,1.9639388980555033,ExtraTreesRegressor,"{'mode': 'original', 'type': 'ExtraTreesRegressor'}",11,"['nodes_T6W30', 're_T6W30', 'l1_T6W30', 'l2_T6W30', 'l3_T6W30', 'lcc_T6W30', 'lsc_T6W30', 'atd_T6W30', 'density_T6W30', 'diameter_T6W30', 'asp_T6W30']",-0.059597128849850224,-0.041549075057865946,598.0,-0.050573101953858085,0.009024026895992137,0.11245682563209677,1.9639388980555033,3.620352065190161,3.6524113561860108,598.0,3.636381710688086,0.01602964549792502,0.19976038075696462,1.9639388980555033,completed,75.22612404823303,False,COMPLETE
76,2.91926487614139,2026-06-14 08:46:14.879529,2026-06-14 08:46:49.452642,0 days 00:00:34.573113,16,log2,3,2,162,ExtraTreesRegressor,11,False,-0.0385177048652006,-0.033497804641068045,598.0,-0.03600775475313432,0.0025099501120662785,0.031278832094711564,1.9639388980555033,2.9082101518014953,2.930319600481285,598.0,2.91926487614139,0.011054724339894746,0.13776324271092052,1.9639388980555033,926926606607794.8,1017681517003214.0,598.0,972304061805504.4,45377455197709.56,565490841906014.0,1.9639388980555033,8.572510319823355,8.752288518910468,598.0,8.662399419366912,0.08988909954355756,1.120192006307696,1.9639388980555033,2.6214453682078047,2.6585543466125405,598.0,2.6399998574101726,0.018554489202368043,0.23122481581366328,1.9639388980555033,599.0,0.8898163606010017,-0.07199454476699277,-0.0630983453642538,598.0,-0.06754644506562328,0.004448099701369487,0.05543192393777701,1.9639388980555033,ExtraTreesRegressor,"{'mode': 'original', 'type': 'ExtraTreesRegressor'}",11,"['nodes_T6W30', 're_T6W30', 'l1_T6W30', 'l2_T6W30', 'l3_T6W30', 'lcc_T6W30', 'lsc_T6W30', 'atd_T6W30', 'density_T6W30', 'diameter_T6W30', 'asp_T6W30']",-0.02895545876603787,-0.011425876700115101,598.0,-0.020190667733076484,0.008764791032961383,0.10922624547287946,1.9639388980555033,3.546486681949953,3.57680211792555,598.0,3.5616443999377516,0.015157717987798223,0.1888944778623593,1.9639388980555033,completed,34.56451201438904,False,COMPLETE
77,2.9347327614533913,2026-06-14 08:46:49.466475,2026-06-14 08:47:14.209713,0 days 00:00:24.743238,9,log2,1,10,107,ExtraTreesRegressor,9,False,-0.04434825369179628,-0.03862660923440585,598.0,-0.04148743146310106,0.0028608222286952115,0.035651377178373626,1.9639388980555033,2.9229535821330823,2.9465119407737004,598.0,2.9347327614533913,0.011779179320309084,0.1467913527054666,1.9639388980555033,922061772023580.4,1012676958778175.6,598.0,967369365400878.0,45307593377297.58,564620228526093.6,1.9639388980555033,8.655768940887889,8.841478746073328,598.0,8.748623843480608,0.09285490259271882,1.1571516475191819,1.9639388980555033,2.6385952033972573,2.678860024538992,598.0,2.6587276139681246,0.020132410570867447,0.25088876742237437,1.9639388980555033,599.0,0.9031719532554258,-0.08262700681092497,-0.07236360038687817,598.0,-0.07749530359890157,0.005131703212023407,0.06395094562123854,1.9639388980555033,ExtraTreesRegressor,"{'mode': 'original', 'type': 'ExtraTreesRegressor'}",9,"['nodes_T6W30', 're_T6W30', 'l1_T6W30', 'l2_T6W30', 'l3_T6W30', 'atd_T6W30', 'density_T6W30', 'diameter_T6W30', 'asp_T6W30']",-0.02084705633680077,-0.0025079384084397294,598.0,-0.011677497372620249,0.00916955896418052,0.11427043662913493,1.9639388980555033,3.5620517999910986,3.5937312062861677,598.0,3.577891503138633,0.015839703147534447,0.19739333176384713,1.9639388980555033,completed,24.73460102081299,False,COMPLETE
78,2.8725395755335836,2026-06-14 08:47:14.232575,2026-06-14 08:47:48.957722,0 days 00:00:34.725147,8,sqrt,5,3,163,ExtraTreesRegressor,13,True,-0.0213830747389178,-0.017384729391385616,598.0,-0.01938390206515171,0.0019991726737660915,0.024913557480864355,1.9639388980555033,2.8622517406259242,2.882827410441243,598.0,2.8725395755335836,0.010287834907659443,0.128206317387672,1.9639388980555033,926384272830317.0,1016347964258675.2,598.0,971366118544496.1,44981845714179.08,560560782718407.75,1.9639388980555033,8.383380012936982,8.557857948632929,598.0,8.470618980784955,0.0872389678479742,1.087166240601626,1.9639388980555033,2.575984239298142,2.60729100605487,598.0,2.591637622676506,0.015653383378363955,0.19507142713801714,1.9639388980555033,599.0,0.7278797996661102,-0.030609183967520298,-0.023948279624479166,598.0,-0.027278731795999732,0.0033304521715205675,0.041503874428285265,1.9639388980555033,ExtraTreesRegressor,"{'mode': 'original', 'type': 'ExtraTreesRegressor'}",13,"['nodes_T6W30', 'edges_T6W30', 're_T6W30', 'pe_T6W30', 'l1_T6W30', 'l2_T6W30', 'l3_T6W30', 'lcc_T6W30', 'lsc_T6W30', 'atd_T6W30', 'density_T6W30', 'diameter_T6W30', 'asp_T6W30']",0.016129656437661448,0.03383551974421763,598.0,0.02498258809093954,0.008852931653278094,0.1103246480468416,1.9639388980555033,3.4799459994207407,3.509307499131946,598.0,3.4946267492763434,0.014680749855602955,0.18295053258243413,1.9639388980555033,completed,34.7156879901886,True,COMPLETE
79,2.8726290250518143,2026-06-14 08:47:48.973671,2026-06-14 08:48:43.364206,0 days 00:00:54.390535,13,sqrt,5,2,278,ExtraTreesRegressor,13,False,-0.021413845855408366,-0.017432438473322823,598.0,-0.019423142164365595,0.0019907036910427724,0.02480801757895864,1.9639388980555033,2.8623909284287947,2.882867121674834,598.0,2.8726290250518143,0.01023809662301969,0.12758648217802113,1.9639388980555033,927073865989022.5,1017091385262638.2,598.0,972082625625830.4,45008759636807.91,560896182240043.7,1.9639388980555033,8.374808015953572,8.547772266702449,598.0,8.46129014132801,0.08648212537443752,1.0777345198123982,1.9639388980555033,2.5784158374121087,2.6099257667475677,598.0,2.594170802079838,0.01575496466772931,0.19633732643966004,1.9639388980555033,599.0,0.7178631051752922,-0.030259430652447898,-0.023660224633360358,598.0,-0.026959827642904128,0.00329960300954377,0.04111943421447542,1.9639388980555033,ExtraTreesRegressor,"{'mode': 'original', 'type': 'ExtraTreesRegressor'}",13,"['nodes_T6W30', 'edges_T6W30', 're_T6W30', 'pe_T6W30', 'l1_T6W30', 'l2_T6W30', 'l3_T6W30', 'lcc_T6W30', 'lsc_T6W30', 'atd_T6W30', 'density_T6W30', 'diameter_T6W30', 'asp_T6W30']",0.014135616408932662,0.03200271016706123,598.0,0.023069163287996946,0.008933546879064284,0.11132926965247487,1.9639388980555033,3.4794520749411664,3.508670600466881,598.0,3.4940613377040237,0.014609262762857475,0.18205966516631478,1.9639388980555033,completed,54.38116097450256,False,COMPLETE
80,2.8363061744709586,2026-06-14 08:48:43.379270,2026-06-14 08:49:38.078058,0 days 00:00:54.698788,13,sqrt,4,6,309,ExtraTreesRegressor,3,True,-0.0077869821297908304,-0.005266358034251932,598.0,-0.006526670082021381,0.0012603120477694496,0.015705925284973055,1.9639388980555033,2.82708029741173,2.845532051530187,598.0,2.8363061744709586,0.00922587705922841,0.1149722690003954,1.9639388980555033,936818266490299.4,1027088102205191.6,598.0,981953184347745.5,45134917857446.164,562468357631794.1,1.9639388980555033,8.206711785246625,8.361300587004294,598.0,8.28400618612546,0.07729440087883478,0.96323770553355,1.9639388980555033,2.5584729674979267,2.5823417992276076,598.0,2.570407383362767,0.01193441586484039,0.14872590024408705,1.9639388980555033,599.0,0.35058430717863104,0.0032667423894536156,0.006660769089688818,598.0,0.004963755739571217,0.0016970133501176014,0.021148067997700012,1.9639388980555033,ExtraTreesRegressor,"{'mode': 'original', 'type': 'ExtraTreesRegressor'}",3,"['nodes_T6W30', 'l1_T6W30', 'density_T6W30']",0.09641288331104977,0.11465463168499013,598.0,0.10553375749801995,0.009120874186970182,0.11366373015930913,1.9639388980555033,3.426153895039428,3.453597004466309,598.0,3.4398754497528685,0.0137215547134402,0.17099710623601455,1.9639388980555033,completed,54.689892053604126,True,COMPLETE
81,2.861382158637545,2026-06-14 08:49:38.092607,2026-06-14 08:50:01.272015,0 days 00:00:23.179408,19,sqrt,3,11,106,ExtraTreesRegressor,6,True,-0.017548483767243404,-0.013278690130074405,598.0,-0.015413586948658905,0.0021348968185844995,0.02660494278631906,1.9639388980555033,2.8508463153340955,2.871918001940995,598.0,2.861382158637545,0.0105358433034496,0.13129698159358838,1.9639388980555033,916899796908476.8,1006323253797277.5,598.0,961611525352877.1,44711728444400.41,557194599188834.06,1.9639388980555033,8.442863191368376,8.618840845235818,598.0,8.530852018302097,0.08798882693372136,1.096510934874641,1.9639388980555033,2.586424135090023,2.619641222561526,598.0,2.6030326788257745,0.016608543735751737,0.20697457226374313,1.9639388980555033,599.0,0.6844741235392321,-0.030231065621675306,-0.02276774033535991,598.0,-0.02649940297851761,0.003731662643157696,0.04650373275879474,1.9639388980555033,ExtraTreesRegressor,"{'mode': 'original', 'type': 'ExtraTreesRegressor'}",6,"['nodes_T6W30', 'l1_T6W30', 'l3_T6W30', 'atd_T6W30', 'density_T6W30', 'diameter_T6W30']",0.03703067876699663,0.055003049863690576,598.0,0.0460168643153436,0.008986185548346973,0.11198524926349067,1.9639388980555033,3.4782194143504075,3.5077600932826565,598.0,3.492989753816532,0.01477033946612432,0.18406699237637858,1.9639388980555033,completed,23.170982122421265,True,COMPLETE
82,2.9194330587882416,2026-06-14 08:50:01.286112,2026-06-14 08:50:45.819784,0 days 00:00:44.533672,9,,5,7,200,ExtraTreesRegressor,7,True,-0.039067328335968314,-0.03308361798704059,598.0,-0.03607547316150445,0.0029918551744638625,0.03728430107190831,1.9639388980555033,2.907505274154933,2.93136084342155,598.0,2.9194330587882416,0.011927784633308583,0.14864326227583924,1.9639388980555033,925834508306451.0,1017286632305265.0,598.0,971560570305858.0,45726061999407.04,569835156785003.0,1.9639388980555033,8.605333585155133,8.799584439703253,598.0,8.702459012429193,0.09712542727405898,1.2103706433158734,1.9639388980555033,2.6414489081712547,2.681838890139772,598.0,2.6616438991555134,0.020194990984258848,0.2516686403901585,1.9639388980555033,599.0,0.8731218697829716,-0.07944271831140405,-0.06846253518477939,598.0,-0.07395262674809172,0.005490091563312325,0.06841715752352935,1.9639388980555033,ExtraTreesRegressor,"{'mode': 'original', 'type': 'ExtraTreesRegressor'}",7,"['nodes_T6W30', 'l1_T6W30', 'l2_T6W30', 'lcc_T6W30', 'atd_T6W30', 'density_T6W30', 'asp_T6W30']",0.0013014892473086816,0.019624237269284778,598.0,0.010462863258296729,0.009161374010988047,0.11416843628443497,1.9639388980555033,3.5557425250912518,3.5872491767372665,598.0,3.571495850914259,0.015753325823007425,0.19631690326525558,1.9639388980555033,completed,44.525177001953125,True,COMPLETE
