number,value,datetime_start,datetime_complete,duration,params_et_max_depth,params_et_max_features,params_et_min_samples_leaf,params_et_min_samples_split,params_et_n_estimators,params_regressor,params_rfe_n_features,params_use_scaler,user_attrs_d2mae_ci_lower_val,user_attrs_d2mae_ci_upper_val,user_attrs_d2mae_df_val,user_attrs_d2mae_mean_val,user_attrs_d2mae_samperror_val,user_attrs_d2mae_std_val,user_attrs_d2mae_t_critical_val,user_attrs_mae_ci_lower_val,user_attrs_mae_ci_upper_val,user_attrs_mae_df_val,user_attrs_mae_mean_val,user_attrs_mae_samperror_val,user_attrs_mae_std_val,user_attrs_mae_t_critical_val,user_attrs_mape_ci_lower_val,user_attrs_mape_ci_upper_val,user_attrs_mape_df_val,user_attrs_mape_mean_val,user_attrs_mape_samperror_val,user_attrs_mape_std_val,user_attrs_mape_t_critical_val,user_attrs_max_error_ci_lower_val,user_attrs_max_error_ci_upper_val,user_attrs_max_error_df_val,user_attrs_max_error_mean_val,user_attrs_max_error_samperror_val,user_attrs_max_error_std_val,user_attrs_max_error_t_critical_val,user_attrs_median_ae_ci_lower_val,user_attrs_median_ae_ci_upper_val,user_attrs_median_ae_df_val,user_attrs_median_ae_mean_val,user_attrs_median_ae_samperror_val,user_attrs_median_ae_std_val,user_attrs_median_ae_t_critical_val,user_attrs_n_splits_val,user_attrs_r2_below_zero_val,user_attrs_r2_ci_lower_val,user_attrs_r2_ci_upper_val,user_attrs_r2_df_val,user_attrs_r2_mean_val,user_attrs_r2_samperror_val,user_attrs_r2_std_val,user_attrs_r2_t_critical_val,user_attrs_regressor_final,user_attrs_rfe_estimator,user_attrs_rfe_n_features,user_attrs_rfe_selected_features,user_attrs_rho_ci_lower_val,user_attrs_rho_ci_upper_val,user_attrs_rho_df_val,user_attrs_rho_mean_val,user_attrs_rho_samperror_val,user_attrs_rho_std_val,user_attrs_rho_t_critical_val,user_attrs_rmse_ci_lower_val,user_attrs_rmse_ci_upper_val,user_attrs_rmse_df_val,user_attrs_rmse_mean_val,user_attrs_rmse_samperror_val,user_attrs_rmse_std_val,user_attrs_rmse_t_critical_val,user_attrs_termination_reason,user_attrs_trial_time_seconds,user_attrs_use_scaler_final,state
331,2.853291201995114,2026-06-14 11:50:12.570464,2026-06-14 11:51:18.667317,0 days 00:01:06.096853,2,,4,4,369,ExtraTreesRegressor,11,True,-0.014545402843040574,-0.010635840853753246,598.0,-0.01259062184839691,0.0019547809946436636,0.024360351315133175,1.9639388980555033,2.843298069392653,2.863284334597575,598.0,2.853291201995114,0.009993132602461324,0.12453375677465331,1.9639388980555033,917260945834388.0,1006376956967518.0,598.0,961818951400953.0,44558005566565.0,555278914864347.25,1.9639388980555033,8.30008328366181,8.480064312837182,598.0,8.390073798249496,0.08999051458768643,1.12145583387221,1.9639388980555033,2.5478926183873454,2.5788867797590505,598.0,2.563389699073198,0.01549708068585244,0.19312359333386467,1.9639388980555033,599.0,0.5609348914858097,-0.0166905623896486,-0.01002384049783199,598.0,-0.013357201443740295,0.0033333609459083057,0.041540123382094375,1.9639388980555033,ExtraTreesRegressor,"{'mode': 'original', 'type': 'ExtraTreesRegressor'}",11,"['nodes_T6W30', 'edges_T6W30', 're_T6W30', 'l1_T6W30', 'l2_T6W30', 'l3_T6W30', 'lcc_T6W30', 'atd_T6W30', 'density_T6W30', 'diameter_T6W30', 'asp_T6W30']",0.07113728780170747,0.08925287036427629,598.0,0.08019507908299188,0.009057791281284401,0.11287759516582604,1.9639388980555033,3.4563070986685647,3.4850738046855803,598.0,3.4706904516770725,0.014383353008507958,0.17924439276672158,1.9639388980555033,completed,66.08838987350464,True,COMPLETE
332,2.8900341755172763,2026-06-14 11:51:18.682291,2026-06-14 11:52:32.087796,0 days 00:01:13.405505,13,sqrt,4,10,395,ExtraTreesRegressor,10,True,-0.027879803661239013,-0.023305960418331887,598.0,-0.02559288203978545,0.0022869216214535617,0.028499465813017148,1.9639388980555033,2.879236828331347,2.9008315227032053,598.0,2.8900341755172763,0.01079734718592918,0.13455582566099508,1.9639388980555033,922558090158812.5,1012708642787203.2,598.0,967633366473007.9,45075276314195.32,561725108669097.9,1.9639388980555033,8.480218924865559,8.658193612370644,598.0,8.569206268618101,0.08898734375254218,1.1089543853518022,1.9639388980555033,2.600891662724843,2.635594316634246,598.0,2.6182429896795445,0.017351326954701433,0.21623108755327225,1.9639388980555033,599.0,0.8080133555926544,-0.04714043884448307,-0.03922224943509516,598.0,-0.043181344139789114,0.00395909470469395,0.04933797604974615,1.9639388980555033,ExtraTreesRegressor,"{'mode': 'original', 'type': 'ExtraTreesRegressor'}",10,"['nodes_T6W30', 're_T6W30', 'l1_T6W30', 'l2_T6W30', 'l3_T6W30', 'lcc_T6W30', 'atd_T6W30', 'density_T6W30', 'diameter_T6W30', 'asp_T6W30']",-0.0014849548020305662,0.016421136218622685,598.0,0.00746809070829606,0.008953045510326626,0.1115722603041215,1.9639388980555033,3.506137895390427,3.536368126022556,598.0,3.5212530107064914,0.015115115316064277,0.18836356618824032,1.9639388980555033,completed,73.39692378044128,True,COMPLETE
333,2.863430077580293,2026-06-14 11:52:32.102871,2026-06-14 11:52:58.425614,0 days 00:00:26.322743,5,sqrt,4,11,126,ExtraTreesRegressor,9,False,-0.01832583310046136,-0.014007059865332726,598.0,-0.016166446482897043,0.002159386617564317,0.02691013303955973,1.9639388980555033,2.8529723753283682,2.8738877798322178,598.0,2.863430077580293,0.01045770225192481,0.13032319298376777,1.9639388980555033,914893862161364.9,1003895609295556.6,598.0,959394735728460.8,44500873567095.914,554566939670084.25,1.9639388980555033,8.36023066673303,8.533784456789176,598.0,8.447007561761103,0.08677689502807293,1.0814079197171826,1.9639388980555033,2.5635323989478884,2.5964678091423394,598.0,2.580000104045114,0.016467705097225626,0.20521945047637044,1.9639388980555033,599.0,0.672787979966611,-0.02776461914887128,-0.02033234205179335,598.0,-0.024048480600332316,0.0037161385485389668,0.046310272519618154,1.9639388980555033,ExtraTreesRegressor,"{'mode': 'original', 'type': 'ExtraTreesRegressor'}",9,"['nodes_T6W30', 're_T6W30', 'l1_T6W30', 'l3_T6W30', 'lcc_T6W30', 'atd_T6W30', 'density_T6W30', 'diameter_T6W30', 'asp_T6W30']",0.04189228453621157,0.06022862671844074,598.0,0.051060455627326154,0.009168171091114582,0.11425314104688827,1.9639388980555033,3.47407347376634,3.503575042145503,598.0,3.4888242579559217,0.01475078418958161,0.1838232958149989,1.9639388980555033,completed,26.314357042312622,False,COMPLETE
334,2.8481865098001227,2026-06-14 11:52:58.440365,2026-06-14 11:54:00.206519,0 days 00:01:01.766154,4,,4,7,335,ExtraTreesRegressor,4,True,-0.013179702511456452,-0.008356255826521174,598.0,-0.010767979168988813,0.0024117233424676377,0.030054736596274553,1.9639388980555033,2.837384021867145,2.8589889977331002,598.0,2.8481865098001227,0.010802487932977368,0.13461988931030375,1.9639388980555033,903225775629277.5,991660050583659.5,598.0,947442913106468.5,44217137477191.01,551031039305897.56,1.9639388980555033,8.432999073283616,8.623754390834536,598.0,8.528376732059076,0.09537765877546013,1.1885900680186636,1.9639388980555033,2.5692016047553152,2.602492528643047,598.0,2.585847066699181,0.01664546194386604,0.20743464452864338,1.9639388980555033,599.0,0.6293823038397329,-0.028073452385196814,-0.019202075143474214,598.0,-0.023637763764335514,0.004435688620861301,0.055277257874310946,1.9639388980555033,ExtraTreesRegressor,"{'mode': 'original', 'type': 'ExtraTreesRegressor'}",4,"['nodes_T6W30', 'l1_T6W30', 'atd_T6W30', 'density_T6W30']",0.0661631573512405,0.08460781067568472,598.0,0.07538548401346261,0.009222326662222115,0.11492802418800027,1.9639388980555033,3.4724923153984837,3.502834218477028,598.0,3.487663266937756,0.015170951539272368,0.1890593935045414,1.9639388980555033,completed,61.7569739818573,True,COMPLETE
335,2.991901829392318,2026-06-14 11:54:00.221606,2026-06-14 11:54:03.657523,0 days 00:00:03.435917,11,,1,4,459,ExtraTreesRegressor,9,False,,,,,,,,,,,,,,,,,,,,,,,,,,,,,,,,,,,,,,,,,,,,,ExtraTreesRegressor,"{'mode': 'original', 'type': 'ExtraTreesRegressor'}",9,"['re_T6W30', 'pe_T6W30', 'l1_T6W30', 'l2_T6W30', 'l3_T6W30', 'lsc_T6W30', 'atd_T6W30', 'density_T6W30', 'asp_T6W30']",,,,,,,,,,,,,,,pruned,,False,PRUNED
336,2.879452400646414,2026-06-14 11:54:03.663138,2026-06-14 11:55:10.398051,0 days 00:01:06.734913,7,sqrt,4,12,362,ExtraTreesRegressor,10,True,-0.02403822657989854,-0.019626989185475528,598.0,-0.021832607882687035,0.0022056186972115076,0.027486274154764342,1.9639388980555033,2.8687923580031645,2.8901124432896634,598.0,2.879452400646414,0.010660042643249403,0.1328447455420415,1.9639388980555033,920221064880366.9,1010006046161220.4,598.0,965113555520793.6,44892490640426.695,559447245706148.06,1.9639388980555033,8.437509653611423,8.615646593692345,598.0,8.526578123651884,0.08906847004046173,1.1099653757799004,1.9639388980555033,2.5876077739258423,2.621091492753862,598.0,2.604349633339852,0.016741859414009963,0.20863594341840677,1.9639388980555033,599.0,0.7562604340567612,-0.03867128880848483,-0.031058661951661,598.0,-0.03486497538007292,0.003806313428411916,0.047434025901467156,1.9639388980555033,ExtraTreesRegressor,"{'mode': 'original', 'type': 'ExtraTreesRegressor'}",10,"['nodes_T6W30', 're_T6W30', 'l1_T6W30', 'l2_T6W30', 'l3_T6W30', 'lcc_T6W30', 'atd_T6W30', 'density_T6W30', 'diameter_T6W30', 'asp_T6W30']",0.010992149703120374,0.02890104219605849,598.0,0.019946595949589432,0.008954446246469058,0.11158971618517567,1.9639388980555033,3.4922769007048857,3.522232156955232,598.0,3.507254528830059,0.014977628125173314,0.1866502099193734,1.9639388980555033,completed,66.72628593444824,True,COMPLETE
337,2.8912668601208154,2026-06-14 11:55:10.412831,2026-06-14 11:55:45.066275,0 days 00:00:34.653444,14,sqrt,4,10,169,ExtraTreesRegressor,10,False,-0.028356276682521546,-0.023709834881696534,598.0,-0.02603305578210904,0.002323220900412507,0.02895182502376706,1.9639388980555033,2.880420849862895,2.9021128703787356,598.0,2.8912668601208154,0.01084601025792008,0.13516226164181352,1.9639388980555033,921385819514935.0,1011412885916744.2,598.0,966399352715839.6,45013533200904.62,560955670079724.94,1.9639388980555033,8.49047394775604,8.66973380128099,598.0,8.580103874518516,0.08962992676247451,1.116962212271534,1.9639388980555033,2.601655152202051,2.6366726030981456,598.0,2.6191638776500983,0.017508725448047477,0.21819257715486381,1.9639388980555033,599.0,0.8063439065108514,-0.04808297132659892,-0.04006974716704452,598.0,-0.04407635924682172,0.004006612079777201,0.04993013443156629,1.9639388980555033,ExtraTreesRegressor,"{'mode': 'original', 'type': 'ExtraTreesRegressor'}",10,"['nodes_T6W30', 're_T6W30', 'l1_T6W30', 'l2_T6W30', 'l3_T6W30', 'lcc_T6W30', 'atd_T6W30', 'density_T6W30', 'diameter_T6W30', 'asp_T6W30']",-0.001705885607100356,0.01631432813957485,598.0,0.007304221266237248,0.009010106873337604,0.11228335523152085,1.9639388980555033,3.507589790958788,3.5378884508435973,598.0,3.5227391209011927,0.015149329942404394,0.18878994659609424,1.9639388980555033,completed,34.64454174041748,False,COMPLETE
338,2.866287991939856,2026-06-14 11:55:45.081128,2026-06-14 11:56:01.359948,0 days 00:00:16.278820,6,log2,5,2,64,ExtraTreesRegressor,10,False,-0.019285656898648473,-0.015045882891353071,598.0,-0.017165769895000772,0.0021198870036477015,0.02641789146648454,1.9639388980555033,2.855818947174083,2.8767570367056288,598.0,2.866287991939856,0.010469044765773063,0.13046454264027524,1.9639388980555033,918940442807278.4,1008118155765868.1,598.0,963529299286573.2,44588856479294.83,555663376895925.44,1.9639388980555033,8.381453421268253,8.556600549195922,598.0,8.469026985232087,0.08757356396383387,1.0913359552414525,1.9639388980555033,2.5649127438526937,2.596306928333269,598.0,2.5806098360929814,0.015697092240287695,0.19561612408103254,1.9639388980555033,599.0,0.7078464106844741,-0.03012092310513467,-0.022849053845963526,598.0,-0.026484988475549098,0.0036359346295855703,0.04531077659249954,1.9639388980555033,ExtraTreesRegressor,"{'mode': 'original', 'type': 'ExtraTreesRegressor'}",10,"['nodes_T6W30', 're_T6W30', 'l1_T6W30', 'l3_T6W30', 'lcc_T6W30', 'lsc_T6W30', 'atd_T6W30', 'density_T6W30', 'diameter_T6W30', 'asp_T6W30']",0.03018257337123347,0.04801300211259302,598.0,0.03909778774191324,0.008915214370679773,0.11110081114691439,1.9639388980555033,3.478263558114683,3.5079240243732843,598.0,3.4930937912439837,0.014830233129300607,0.18481338324089103,1.9639388980555033,completed,16.270414113998413,False,COMPLETE
339,2.8683753794974676,2026-06-14 11:56:01.373981,2026-06-14 11:57:22.716920,0 days 00:01:21.342939,8,log2,5,11,450,ExtraTreesRegressor,8,False,-0.02009845000112409,-0.01571467497414321,598.0,-0.01790656248763365,0.002191887513490441,0.027315157052472894,1.9639388980555033,2.857785537007449,2.878965221987486,598.0,2.8683753794974676,0.010589842490018517,0.1319699158809355,1.9639388980555033,918947941901502.0,1008672957556047.8,598.0,963810449728774.9,44862507827272.81,559073601874002.1,1.9639388980555033,8.41690223736997,8.593249744252388,598.0,8.505075990811179,0.08817375344120945,1.0988154767656428,1.9639388980555033,2.592217655317266,2.625801129113892,598.0,2.609009392215579,0.0167917368983132,0.20925751332504655,1.9639388980555033,599.0,0.7212020033388982,-0.03395406708274006,-0.026257407340265344,598.0,-0.030105737211502705,0.00384832987123736,0.047957632029746816,1.9639388980555033,ExtraTreesRegressor,"{'mode': 'original', 'type': 'ExtraTreesRegressor'}",8,"['nodes_T6W30', 'l1_T6W30', 'l3_T6W30', 'lcc_T6W30', 'atd_T6W30', 'density_T6W30', 'diameter_T6W30', 'asp_T6W30']",0.025959820055343016,0.043793376378332916,598.0,0.034876598216837966,0.008916778161494951,0.11112029900450332,1.9639388980555033,3.48420928731615,3.513910086610936,598.0,3.499059686963543,0.014850399647393176,0.18506469705399034,1.9639388980555033,completed,81.33396291732788,False,COMPLETE
340,2.833452620003775,2026-06-14 11:57:22.733431,2026-06-14 11:58:46.352126,0 days 00:01:23.618695,8,log2,5,10,500,ExtraTreesRegressor,2,False,-0.006812701150325697,-0.004196086900117642,598.0,-0.0055043940252216695,0.0013083071251040277,0.016304036760617126,1.9639388980555033,2.8241320817602205,2.8427731582473292,598.0,2.833452620003775,0.009320538243554173,0.11615193041126487,1.9639388980555033,930576932665268.6,1020731524010213.1,598.0,975654228337740.9,45077295672472.234,561750273778228.44,1.9639388980555033,8.240211750883137,8.406103826082479,598.0,8.323157788482808,0.08294603759967119,1.0336680281130772,1.9639388980555033,2.5285418654295415,2.552200728470901,598.0,2.5403712969502212,0.011829431520679586,0.147417592298924,1.9639388980555033,599.0,0.330550918196995,0.003992043843379129,0.007856734416530188,598.0,0.0059243891299546585,0.0019323452865755287,0.024080759006817755,1.9639388980555033,ExtraTreesRegressor,"{'mode': 'original', 'type': 'ExtraTreesRegressor'}",2,"['atd_T6W30', 'density_T6W30']",0.11137686822862719,0.13042040344056863,598.0,0.12089863583459791,0.009521767605970717,0.11865963740085571,1.9639388980555033,3.4242884691323328,3.4522349168470114,598.0,3.438261692989672,0.0139732238573392,0.17413339044245887,1.9639388980555033,completed,83.60975980758667,False,COMPLETE
341,2.8391405126130596,2026-06-14 11:58:46.367717,2026-06-14 11:59:01.415909,0 days 00:00:15.048192,8,log2,3,10,60,ExtraTreesRegressor,2,True,-0.009130374941664842,-0.005920744950237658,598.0,-0.00752555994595125,0.0016048149957135914,0.01999909821023374,1.9639388980555033,2.8294561141694916,2.8488249110566275,598.0,2.8391405126130596,0.00968439844356799,0.12068633213003488,1.9639388980555033,942750244941745.8,1033455336097872.8,598.0,988102790519809.2,45352545578063.555,565180419875430.6,1.9639388980555033,8.206041463149969,8.356357790833577,598.0,8.281199626991773,0.07515816384180408,0.9366160610337001,1.9639388980555033,2.5782117843395858,2.605516626477135,598.0,2.5918642054083603,0.013652421068774487,0.17013556733402654,1.9639388980555033,599.0,0.4991652754590985,-0.00482009218207571,-0.0001988424927067919,598.0,-0.002509467337391251,0.002310624844684459,0.028794853811359617,1.9639388980555033,ExtraTreesRegressor,"{'mode': 'original', 'type': 'ExtraTreesRegressor'}",2,"['nodes_T6W30', 'l1_T6W30']",0.052516240028623644,0.07122289272692897,598.0,0.061869566377776304,0.00935332634915266,0.1165605336120968,1.9639388980555033,3.4386425645408076,3.466368126089381,598.0,3.4525053453150942,0.013862780774286695,0.17275705605468986,1.9639388980555033,completed,15.039522171020508,True,COMPLETE
342,2.8466965799324337,2026-06-14 11:59:01.521782,2026-06-14 12:00:10.949447,0 days 00:01:09.427665,2,,4,11,393,ExtraTreesRegressor,9,True,-0.012206043793833856,-0.00827931504298797,598.0,-0.010242679418410913,0.0019633643754229427,0.024467316838037143,1.9639388980555033,2.83667149314366,2.8567216667212074,598.0,2.8466965799324337,0.010025086788773488,0.12493196772855888,1.9639388980555033,912704004941786.4,1001538943095828.9,598.0,957121474018807.6,44417469077021.26,553527558437585.44,1.9639388980555033,8.277226740106448,8.454835393979588,598.0,8.366031067043018,0.08880432693656921,1.1066736419100076,1.9639388980555033,2.5394519904362878,2.570663938240544,598.0,2.555057964338416,0.015605973902128234,0.1944806133844902,1.9639388980555033,599.0,0.5225375626043406,-0.011991797371781765,-0.00530219209301201,598.0,-0.008646994732396888,0.003344802639384877,0.04168270900856255,1.9639388980555033,ExtraTreesRegressor,"{'mode': 'original', 'type': 'ExtraTreesRegressor'}",9,"['nodes_T6W30', 'l1_T6W30', 'l2_T6W30', 'l3_T6W30', 'lcc_T6W30', 'atd_T6W30', 'density_T6W30', 'diameter_T6W30', 'asp_T6W30']",0.08817472448264255,0.10644377583269485,598.0,0.0973092501576687,0.009134525675026145,0.11383385409949928,1.9639388980555033,3.4482443617424887,3.4769424157186033,598.0,3.462593388730546,0.014349026988057442,0.17881662417284008,1.9639388980555033,completed,69.41810727119446,True,COMPLETE
343,2.988944321491381,2026-06-14 12:00:10.964224,2026-06-14 12:00:13.444297,0 days 00:00:02.480073,10,,2,9,391,ExtraTreesRegressor,13,False,,,,,,,,,,,,,,,,,,,,,,,,,,,,,,,,,,,,,,,,,,,,,ExtraTreesRegressor,"{'mode': 'original', 'type': 'ExtraTreesRegressor'}",13,"['nodes_T6W30', 'edges_T6W30', 're_T6W30', 'pe_T6W30', 'l1_T6W30', 'l2_T6W30', 'l3_T6W30', 'lcc_T6W30', 'lsc_T6W30', 'atd_T6W30', 'density_T6W30', 'diameter_T6W30', 'asp_T6W30']",,,,,,,,,,,,,,,pruned,,False,PRUNED
344,2.8405236893581978,2026-06-14 12:00:13.450259,2026-06-14 12:00:41.737373,0 days 00:00:28.287114,20,sqrt,4,12,145,ExtraTreesRegressor,2,False,-0.009388280334756534,-0.0066570875652352075,598.0,-0.008022683949995871,0.0013655963847606634,0.017017971720923987,1.9639388980555033,2.8311679028307126,2.849879475885683,598.0,2.8405236893581978,0.009355786527485276,0.11659119219157174,1.9639388980555033,930048188463300.9,1020044624838693.4,598.0,975046406650997.1,44998218187696.195,560764815399238.8,1.9639388980555033,8.271005505756365,8.441226558317814,598.0,8.35611603203709,0.08511052628072346,1.0606417427299795,1.9639388980555033,2.5380280061747094,2.561868064122942,598.0,2.5499480351488257,0.011920028974116304,0.14854661176454306,1.9639388980555033,599.0,0.4290484140233723,-0.0025827060263655744,0.0016756097289988246,598.0,-0.000453548148683375,0.0021291578776821995,0.02653342448481117,1.9639388980555033,ExtraTreesRegressor,"{'mode': 'original', 'type': 'ExtraTreesRegressor'}",2,"['nodes_T6W30', 'density_T6W30']",0.08762374311921889,0.10636297775734915,598.0,0.09699336043828402,0.009369617319065127,0.11676355060040362,1.9639388980555033,3.435153137595344,3.463197640508777,598.0,3.4491753890520607,0.014022251456716702,0.17474436913943114,1.9639388980555033,completed,28.278857946395874,False,COMPLETE
345,2.9487388570671365,2026-06-14 12:00:41.752379,2026-06-14 12:00:44.079404,0 days 00:00:02.327025,9,,1,12,355,ExtraTreesRegressor,9,False,,,,,,,,,,,,,,,,,,,,,,,,,,,,,,,,,,,,,,,,,,,,,ExtraTreesRegressor,"{'mode': 'original', 'type': 'ExtraTreesRegressor'}",9,"['nodes_T6W30', 'l1_T6W30', 'l2_T6W30', 'l3_T6W30', 'lsc_T6W30', 'atd_T6W30', 'density_T6W30', 'diameter_T6W30', 'asp_T6W30']",,,,,,,,,,,,,,,pruned,,False,PRUNED
346,2.881316719687335,2026-06-14 12:00:44.088260,2026-06-14 12:01:50.490312,0 days 00:01:06.402052,13,,4,3,336,ExtraTreesRegressor,4,True,-0.02542796583752707,-0.019450416889606057,598.0,-0.022439191363566563,0.002988774473960506,0.03724590958623083,1.9639388980555033,2.8690013799430356,2.8936320594316345,598.0,2.881316719687335,0.012315339744299382,0.15347294840619385,1.9639388980555033,900626903917265.8,989672922453389.5,598.0,945149913185327.6,44523009268061.82,554842793309757.4,1.9639388980555033,8.707363183301158,8.88112432796962,598.0,8.794243755635389,0.0868805723342313,1.0826999394413077,1.9639388980555033,2.6069094768751366,2.6461976131089306,598.0,2.6265535449920336,0.01964406811689708,0.24480307609766364,1.9639388980555033,599.0,0.7863105175292153,-0.06030377120523842,-0.04946208080953566,598.0,-0.05488292600738704,0.005420845197851384,0.06755421390245527,1.9639388980555033,ExtraTreesRegressor,"{'mode': 'original', 'type': 'ExtraTreesRegressor'}",4,"['l1_T6W30', 'l3_T6W30', 'atd_T6W30', 'density_T6W30']",0.047498543237412545,0.06579151822787056,598.0,0.05664503073264155,0.009146487495229007,0.11398292151078915,1.9639388980555033,3.5237970936392746,3.556327766824196,598.0,3.5400624302317354,0.01626533659246062,0.2026975475702639,1.9639388980555033,completed,66.39361596107483,True,COMPLETE
