number,value,datetime_start,datetime_complete,duration,params_et_max_depth,params_et_max_features,params_et_min_samples_leaf,params_et_min_samples_split,params_et_n_estimators,params_regressor,params_rfe_n_features,params_use_scaler,user_attrs_d2mae_ci_lower_val,user_attrs_d2mae_ci_upper_val,user_attrs_d2mae_df_val,user_attrs_d2mae_mean_val,user_attrs_d2mae_samperror_val,user_attrs_d2mae_std_val,user_attrs_d2mae_t_critical_val,user_attrs_mae_ci_lower_val,user_attrs_mae_ci_upper_val,user_attrs_mae_df_val,user_attrs_mae_mean_val,user_attrs_mae_samperror_val,user_attrs_mae_std_val,user_attrs_mae_t_critical_val,user_attrs_mape_ci_lower_val,user_attrs_mape_ci_upper_val,user_attrs_mape_df_val,user_attrs_mape_mean_val,user_attrs_mape_samperror_val,user_attrs_mape_std_val,user_attrs_mape_t_critical_val,user_attrs_max_error_ci_lower_val,user_attrs_max_error_ci_upper_val,user_attrs_max_error_df_val,user_attrs_max_error_mean_val,user_attrs_max_error_samperror_val,user_attrs_max_error_std_val,user_attrs_max_error_t_critical_val,user_attrs_median_ae_ci_lower_val,user_attrs_median_ae_ci_upper_val,user_attrs_median_ae_df_val,user_attrs_median_ae_mean_val,user_attrs_median_ae_samperror_val,user_attrs_median_ae_std_val,user_attrs_median_ae_t_critical_val,user_attrs_n_splits_val,user_attrs_r2_below_zero_val,user_attrs_r2_ci_lower_val,user_attrs_r2_ci_upper_val,user_attrs_r2_df_val,user_attrs_r2_mean_val,user_attrs_r2_samperror_val,user_attrs_r2_std_val,user_attrs_r2_t_critical_val,user_attrs_regressor_final,user_attrs_rfe_estimator,user_attrs_rfe_n_features,user_attrs_rfe_selected_features,user_attrs_rho_ci_lower_val,user_attrs_rho_ci_upper_val,user_attrs_rho_df_val,user_attrs_rho_mean_val,user_attrs_rho_samperror_val,user_attrs_rho_std_val,user_attrs_rho_t_critical_val,user_attrs_rmse_ci_lower_val,user_attrs_rmse_ci_upper_val,user_attrs_rmse_df_val,user_attrs_rmse_mean_val,user_attrs_rmse_samperror_val,user_attrs_rmse_std_val,user_attrs_rmse_t_critical_val,user_attrs_termination_reason,user_attrs_trial_time_seconds,user_attrs_use_scaler_final,state
264,2.89877711724696,2026-06-14 11:05:00.158005,2026-06-14 11:06:17.175058,0 days 00:01:17.017053,14,sqrt,2,2,402,ExtraTreesRegressor,7,True,-0.03127125939407173,-0.02611853252615704,598.0,-0.028694895960114385,0.0025763634339573444,0.03210647051441408,1.9639388980555033,2.887445253051559,2.9101089814423613,598.0,2.89877711724696,0.011331864195401406,0.1412169412388204,1.9639388980555033,921499960087222.1,1011871675704191.4,598.0,966685817895706.8,45185857808484.67,563103167928535.2,1.9639388980555033,8.607904777911154,8.789721784345163,598.0,8.698813281128158,0.09090850321700389,1.1328957473841312,1.9639388980555033,2.6182363951820062,2.6539068711488354,598.0,2.636071633165421,0.017835237983414572,0.22226155474986403,1.9639388980555033,599.0,0.8330550918196995,-0.06144912302511697,-0.05221469706803636,598.0,-0.056831910046576666,0.004617212978540303,0.05753940239967271,1.9639388980555033,ExtraTreesRegressor,"{'mode': 'original', 'type': 'ExtraTreesRegressor'}",7,"['nodes_T6W30', 'l1_T6W30', 'l2_T6W30', 'l3_T6W30', 'atd_T6W30', 'density_T6W30', 'asp_T6W30']",0.006904805677704811,0.02500015329482177,598.0,0.01595247948626329,0.009047673808558478,0.11275151189066628,1.9639388980555033,3.528281281929931,3.5592092829506696,598.0,3.5437452824403004,0.015464000510369344,0.1927113503774708,1.9639388980555033,completed,77.00806212425232,True,COMPLETE
265,2.840341523620758,2026-06-14 11:06:17.190275,2026-06-14 11:06:56.691496,0 days 00:00:39.501221,2,log2,3,10,216,ExtraTreesRegressor,9,False,-0.009494453052006656,-0.006430778151880622,598.0,-0.007962615601943638,0.0015318374500630167,0.01908965686870472,1.9639388980555033,2.8308128982581504,2.8498701489833653,598.0,2.840341523620758,0.009528625362607328,0.11874509830995976,1.9639388980555033,925037508177380.0,1014498726418420.8,598.0,969768117297900.4,44730609120520.33,557429888924415.25,1.9639388980555033,8.226480586191405,8.390707304100408,598.0,8.308593945145907,0.0821133589545012,1.0232912419746139,1.9639388980555033,2.5505289837502594,2.579105723899844,598.0,2.5648173538250516,0.014288370074792363,0.17806072173626136,1.9639388980555033,599.0,0.41068447412353926,-0.0011483196321313883,0.003613965973488789,598.0,0.0012328231706787002,0.0023811428028100885,0.02967364393601976,1.9639388980555033,ExtraTreesRegressor,"{'mode': 'original', 'type': 'ExtraTreesRegressor'}",9,"['nodes_T6W30', 're_T6W30', 'pe_T6W30', 'l3_T6W30', 'lcc_T6W30', 'atd_T6W30', 'density_T6W30', 'diameter_T6W30', 'asp_T6W30']",0.1112353936758159,0.13035718281597888,598.0,0.1207962882458974,0.009560894570081493,0.11914723503672635,1.9639388980555033,3.432113371441332,3.4601143356549002,598.0,3.446113853548116,0.014000482106784229,0.174473080942078,1.9639388980555033,completed,39.492583990097046,False,COMPLETE
266,2.924923705800602,2026-06-14 11:06:56.706277,2026-06-14 11:06:57.804127,0 days 00:00:01.097850,14,,2,8,147,ExtraTreesRegressor,5,False,,,,,,,,,,,,,,,,,,,,,,,,,,,,,,,,,,,,,,,,,,,,,ExtraTreesRegressor,"{'mode': 'original', 'type': 'ExtraTreesRegressor'}",5,"['l1_T6W30', 'l2_T6W30', 'l3_T6W30', 'density_T6W30', 'asp_T6W30']",,,,,,,,,,,,,,,pruned,,False,PRUNED
267,2.85416705627505,2026-06-14 11:06:57.809708,2026-06-14 11:08:03.685511,0 days 00:01:05.875803,5,sqrt,2,11,371,ExtraTreesRegressor,8,True,-0.014897443617620748,-0.010850184127954599,598.0,-0.012873813872787673,0.002023629744833075,0.02521833988102243,1.9639388980555033,2.8439279211030555,2.8644061914470442,598.0,2.85416705627505,0.010239135171994507,0.1275994245065755,1.9639388980555033,914378267594463.4,1003267357778013.6,598.0,958822812686238.5,44444545091775.14,553864977940550.5,1.9639388980555033,8.329377012624201,8.501957103961113,598.0,8.415667058292657,0.08629004566845601,1.075340835235436,1.9639388980555033,2.553716272984974,2.584344520136697,598.0,2.5690303965608354,0.01531412357586146,0.19084359394406386,1.9639388980555033,599.0,0.6176961602671118,-0.0210994024927315,-0.013969077529047993,598.0,-0.017534240010889747,0.003565162481841755,0.04442881877364929,1.9639388980555033,ExtraTreesRegressor,"{'mode': 'original', 'type': 'ExtraTreesRegressor'}",8,"['nodes_T6W30', 'l1_T6W30', 'l3_T6W30', 'lcc_T6W30', 'atd_T6W30', 'density_T6W30', 'diameter_T6W30', 'asp_T6W30']",0.05710837398801436,0.07523804588038191,598.0,0.06617320993419813,0.00906483594618377,0.11296538531332403,1.9639388980555033,3.4631842069392023,3.492262284571489,598.0,3.4777232457553455,0.014539038816143457,0.18118453899239753,1.9639388980555033,completed,65.86719417572021,True,COMPLETE
268,2.9431676312900494,2026-06-14 11:08:03.700307,2026-06-14 11:08:04.215418,0 days 00:00:00.515111,9,,1,5,56,ExtraTreesRegressor,6,False,,,,,,,,,,,,,,,,,,,,,,,,,,,,,,,,,,,,,,,,,,,,,ExtraTreesRegressor,"{'mode': 'original', 'type': 'ExtraTreesRegressor'}",6,"['l1_T6W30', 'l2_T6W30', 'l3_T6W30', 'atd_T6W30', 'density_T6W30', 'asp_T6W30']",,,,,,,,,,,,,,,pruned,,False,PRUNED
269,2.94910686050812,2026-06-14 11:08:04.220924,2026-06-14 11:08:04.657553,0 days 00:00:00.436629,10,,3,12,54,ExtraTreesRegressor,11,False,,,,,,,,,,,,,,,,,,,,,,,,,,,,,,,,,,,,,,,,,,,,,ExtraTreesRegressor,"{'mode': 'original', 'type': 'ExtraTreesRegressor'}",11,"['nodes_T6W30', 're_T6W30', 'l1_T6W30', 'l2_T6W30', 'l3_T6W30', 'lcc_T6W30', 'lsc_T6W30', 'atd_T6W30', 'density_T6W30', 'diameter_T6W30', 'asp_T6W30']",,,,,,,,,,,,,,,pruned,,False,PRUNED
270,2.8332491733097402,2026-06-14 11:08:04.663057,2026-06-14 11:08:26.690383,0 days 00:00:22.027326,2,log2,5,10,106,ExtraTreesRegressor,5,False,-0.006912158900766957,-0.00397171754372027,598.0,-0.005441938222243614,0.0014702206785233442,0.018321792741867154,1.9639388980555033,2.8237970746083305,2.84270127201115,598.0,2.8332491733097402,0.009452098701409692,0.11779142812549571,1.9639388980555033,926643819231693.9,1016185895956343.4,598.0,971414857594018.6,44771038362324.805,557933715458671.5,1.9639388980555033,8.217336069484576,8.381234658785209,598.0,8.299285364134892,0.08194929465031586,1.0212466834797345,1.9639388980555033,2.5411799627100184,2.5697721019156963,598.0,2.5554760323128574,0.014296069602838715,0.17815667274493382,1.9639388980555033,599.0,0.33889816360601,0.0030571367180149737,0.007584004502463604,598.0,0.005320570610239289,0.0022634338922243153,0.028206763286653853,1.9639388980555033,ExtraTreesRegressor,"{'mode': 'original', 'type': 'ExtraTreesRegressor'}",5,"['nodes_T6W30', 'lcc_T6W30', 'atd_T6W30', 'density_T6W30', 'asp_T6W30']",0.12820669007048802,0.1476403321714974,598.0,0.13792351112099271,0.009716821050504693,0.12109038051074597,1.9639388980555033,3.425151463584186,3.4530858323263582,598.0,3.4391186479552722,0.013967184371086126,0.1740581267646909,1.9639388980555033,completed,22.01903796195984,False,COMPLETE
271,2.848327918278321,2026-06-14 11:08:26.704411,2026-06-14 11:09:05.668705,0 days 00:00:38.964294,9,log2,2,2,206,ExtraTreesRegressor,2,True,-0.012460586947461298,-0.009098571819155308,598.0,-0.010779579383308303,0.0016810075641529945,0.020948604952867347,1.9639388980555033,2.838494871058344,2.8581609654982985,598.0,2.848327918278321,0.009833047219977345,0.12253878333854311,1.9639388980555033,910896710433790.5,999155243314074.5,598.0,955025976873932.5,44129266440141.97,549935996260766.1,1.9639388980555033,8.31720804611538,8.474373906627827,598.0,8.395790976371604,0.07858293025622352,0.9792952733117664,1.9639388980555033,2.56050645746465,2.5889067344284933,598.0,2.5747065959465716,0.014200138481921868,0.17696118546835793,1.9639388980555033,599.0,0.49081803005008345,-0.004876586664942247,0.0005073822615375223,598.0,-0.002184602201702362,0.0026919844632398845,0.03354733212523274,1.9639388980555033,ExtraTreesRegressor,"{'mode': 'original', 'type': 'ExtraTreesRegressor'}",2,"['l3_T6W30', 'density_T6W30']",0.08865335103918759,0.10803373379517958,598.0,0.09834354241718359,0.009690191377995991,0.12075852329528478,1.9639388980555033,3.437670312430453,3.4663116466440282,598.0,3.4519909795372405,0.01432066710678772,0.1784632052103686,1.9639388980555033,completed,38.95599603652954,True,COMPLETE
272,2.9490691026689553,2026-06-14 11:09:05.683949,2026-06-14 11:09:08.514926,0 days 00:00:02.830977,10,,2,6,401,ExtraTreesRegressor,7,True,,,,,,,,,,,,,,,,,,,,,,,,,,,,,,,,,,,,,,,,,,,,,ExtraTreesRegressor,"{'mode': 'original', 'type': 'ExtraTreesRegressor'}",7,"['re_T6W30', 'l1_T6W30', 'l2_T6W30', 'l3_T6W30', 'atd_T6W30', 'density_T6W30', 'asp_T6W30']",,,,,,,,,,,,,,,pruned,,True,PRUNED
273,2.8515443912415277,2026-06-14 11:09:08.520548,2026-06-14 11:09:26.015662,0 days 00:00:17.495114,20,sqrt,4,12,76,ExtraTreesRegressor,2,True,-0.01349631922742148,-0.010400378053568339,598.0,-0.01194834864049491,0.0015479705869265704,0.019290706952007238,1.9639388980555033,2.842013695842587,2.8610750866404686,598.0,2.8515443912415277,0.009530695398940707,0.1187708949656743,1.9639388980555033,931657121702262.6,1021898474648058.6,598.0,976777798175160.6,45120676472898.03,562290882440579.8,1.9639388980555033,8.247402789249598,8.413787663306849,598.0,8.330595226278223,0.08319243702862551,1.0367386414808268,1.9639388980555033,2.5622597512180425,2.5881808255493386,598.0,2.5752202883836905,0.012960537165647993,0.16151335594787616,1.9639388980555033,599.0,0.5425709515859767,-0.0101671827577099,-0.005248503331315789,598.0,-0.007707843044512845,0.0024593397131970557,0.03064812865528201,1.9639388980555033,ExtraTreesRegressor,"{'mode': 'original', 'type': 'ExtraTreesRegressor'}",2,"['nodes_T6W30', 'lcc_T6W30']",0.05555107803246597,0.07460223846897916,598.0,0.06507665825072256,0.009525580218256594,0.11870714992270182,1.9639388980555033,3.4473882463053895,3.475579543146389,598.0,3.4614838947258892,0.014095648420499615,0.17565903724195267,1.9639388980555033,completed,17.486801147460938,True,COMPLETE
274,2.8932188089323154,2026-06-14 11:09:26.029536,2026-06-14 11:09:56.050537,0 days 00:00:30.021001,4,,4,8,138,ExtraTreesRegressor,9,True,-0.02928856857798401,-0.02423975912570287,598.0,-0.02676416385184344,0.002524404726140569,0.03145896453816136,1.9639388980555033,2.8821963064464273,2.9042413114182035,598.0,2.8932188089323154,0.011022502485888317,0.13736169609993323,1.9639388980555033,912982265950839.8,1002563846238734.5,598.0,957773056094787.1,44790790143947.34,558179860853344.0,1.9639388980555033,8.479270569175746,8.666932295140622,598.0,8.573101432158184,0.0938308629824385,1.1693140012705083,1.9639388980555033,2.587733961575164,2.622126273341842,598.0,2.604930117458503,0.01719615588333899,0.21429735593694677,1.9639388980555033,599.0,0.7896494156928213,-0.05333776847823802,-0.044079284197078177,598.0,-0.0487085263376581,0.004629242140579921,0.057689309020473055,1.9639388980555033,ExtraTreesRegressor,"{'mode': 'original', 'type': 'ExtraTreesRegressor'}",9,"['nodes_T6W30', 'l1_T6W30', 'l2_T6W30', 'l3_T6W30', 'lcc_T6W30', 'atd_T6W30', 'density_T6W30', 'diameter_T6W30', 'asp_T6W30']",0.006390182820904363,0.024825962593388005,598.0,0.015608072707146184,0.009217889886241821,0.11487273337952471,1.9639388980555033,3.514738127813921,3.5449925616596345,598.0,3.529865344736778,0.015127216922856608,0.18851437561075188,1.9639388980555033,completed,30.012606143951416,True,COMPLETE
275,2.845310691783917,2026-06-14 11:09:56.065259,2026-06-14 11:10:28.369196,0 days 00:00:32.303937,8,log2,2,12,167,ExtraTreesRegressor,2,False,-0.011382216325723837,-0.008059937987532004,598.0,-0.00972107715662792,0.0016611391690959166,0.02070100632929545,1.9639388980555033,2.835569550287189,2.8550518332806445,598.0,2.845310691783917,0.009741141496727784,0.12139346030114638,1.9639388980555033,921188480542047.2,1010828294976205.2,598.0,966008387759126.2,44819907217079.05,558542715890660.44,1.9639388980555033,8.353967220395747,8.536872784195785,598.0,8.445420002295766,0.09145278190001863,1.1396785122912527,1.9639388980555033,2.5391522833465583,2.564971188262735,598.0,2.5520617358046467,0.012909452458088371,0.16087674170495425,1.9639388980555033,599.0,0.5492487479131887,-0.013482630661293694,-0.007422066579972459,598.0,-0.010452348620633076,0.0030302820406606177,0.037763174133932945,1.9639388980555033,ExtraTreesRegressor,"{'mode': 'original', 'type': 'ExtraTreesRegressor'}",2,"['nodes_T6W30', 'density_T6W30']",0.0699317674073088,0.08873816924326075,598.0,0.07933496832528478,0.00940320091797598,0.11718206718621892,1.9639388980555033,3.451563408888218,3.4804436510785233,598.0,3.4660035299833707,0.014440121095152447,0.17995183290346167,1.9639388980555033,completed,32.29548740386963,False,COMPLETE
276,2.8751293259690316,2026-06-14 11:10:28.384007,2026-06-14 11:11:30.481203,0 days 00:01:02.097196,10,sqrt,5,3,334,ExtraTreesRegressor,10,True,-0.022443531110777258,-0.018156039587940348,598.0,-0.020299785349358803,0.0021437457614184546,0.02671521772596363,1.9639388980555033,2.8645850550547367,2.8856735968833265,598.0,2.8751293259690316,0.010544270914294876,0.13140200592188944,1.9639388980555033,921102401001136.4,1010892964680315.1,598.0,965997682840725.8,44895281839589.42,559482029445288.5,1.9639388980555033,8.4209613743067,8.598176339255907,598.0,8.509568856781303,0.08860748247460419,1.1042205792594877,1.9639388980555033,2.5923763763723144,2.6249432197085314,598.0,2.608659798040423,0.016283421668108696,0.2029229225854472,1.9639388980555033,599.0,0.7328881469115192,-0.034152606260816544,-0.02690584021791582,598.0,-0.030529223239366184,0.0036233830214503623,0.04515435928305088,1.9639388980555033,ExtraTreesRegressor,"{'mode': 'original', 'type': 'ExtraTreesRegressor'}",10,"['nodes_T6W30', 're_T6W30', 'l1_T6W30', 'l2_T6W30', 'l3_T6W30', 'lcc_T6W30', 'atd_T6W30', 'density_T6W30', 'diameter_T6W30', 'asp_T6W30']",0.01605750601105696,0.03426395713640751,598.0,0.025160731573732234,0.009103225562675274,0.11344379417198838,1.9639388980555033,3.4851320418536686,3.5148868468560566,598.0,3.5000094443548626,0.014877402501194008,0.18540120483000305,1.9639388980555033,completed,62.088643074035645,True,COMPLETE
277,2.89251288603585,2026-06-14 11:11:30.496568,2026-06-14 11:12:51.845238,0 days 00:01:21.348670,10,,3,8,413,ExtraTreesRegressor,4,False,-0.02966427751596901,-0.023180778304408612,598.0,-0.02642252791018881,0.003241749605780199,0.040398468927663966,1.9639388980555033,2.8797210793482186,2.9053046927234814,598.0,2.89251288603585,0.012791806687631448,0.15941064790369308,1.9639388980555033,900273523525057.5,989747907433132.5,598.0,945010715479095.0,44737191954037.48,557511923759809.1,1.9639388980555033,8.787514995615561,8.960071488164472,598.0,8.873793241890017,0.08627824627445585,1.0751937919687289,1.9639388980555033,2.597659207368338,2.638069933408962,598.0,2.61786457038865,0.020205363020312044,0.2517978960166463,1.9639388980555033,599.0,0.8096828046744574,-0.07314581981453121,-0.06131388426284819,598.0,-0.0672298520386897,0.005915967775841511,0.07372439868373946,1.9639388980555033,ExtraTreesRegressor,"{'mode': 'original', 'type': 'ExtraTreesRegressor'}",4,"['l1_T6W30', 'l3_T6W30', 'atd_T6W30', 'density_T6W30']",0.04595423726291903,0.06446273464068818,598.0,0.0552084859518036,0.009254248688884576,0.11532583437048079,1.9639388980555033,3.5437134354856394,3.5768792927508293,598.0,3.5602963641182344,0.016582928632595046,0.20665535854436476,1.9639388980555033,completed,81.33962607383728,False,COMPLETE
278,2.9244092245772126,2026-06-14 11:12:51.861413,2026-06-14 11:14:24.753142,0 days 00:01:32.891729,17,sqrt,2,11,492,ExtraTreesRegressor,13,False,-0.04035110534128598,-0.0352870870531,598.0,-0.03781909619719299,0.002532009144092988,0.03155373029114117,1.9639388980555033,2.9132488270597454,2.93556962209468,598.0,2.9244092245772126,0.011160397517467354,0.13908013485244886,1.9639388980555033,931019649515764.8,1022052244163383.8,598.0,976535946839574.2,45516297323809.56,567221083287735.9,1.9639388980555033,8.577905471710725,8.758698981043164,598.0,8.668302226376944,0.09039675466621887,1.1265183708308024,1.9639388980555033,2.625193525404643,2.66288848183515,598.0,2.6440410036198965,0.018847478215253587,0.23487602549133205,1.9639388980555033,599.0,0.9265442404006677,-0.0762905657401478,-0.06736656891456068,598.0,-0.07182856732735424,0.004461998412793559,0.0556051287592101,1.9639388980555033,ExtraTreesRegressor,"{'mode': 'original', 'type': 'ExtraTreesRegressor'}",13,"['nodes_T6W30', 'edges_T6W30', 're_T6W30', 'pe_T6W30', 'l1_T6W30', 'l2_T6W30', 'l3_T6W30', 'lcc_T6W30', 'lsc_T6W30', 'atd_T6W30', 'density_T6W30', 'diameter_T6W30', 'asp_T6W30']",-0.04528905499913612,-0.027120824982941417,598.0,-0.03620493999103877,0.009084115008097351,0.11320563970628567,1.9639388980555033,3.553583604021244,3.584070946302836,598.0,3.56882727516204,0.015243671140796075,0.18996562036344175,1.9639388980555033,completed,92.88229203224182,False,COMPLETE
279,2.8709086909789705,2026-06-14 11:14:24.768190,2026-06-14 11:15:24.072966,0 days 00:00:59.304776,6,,3,6,306,ExtraTreesRegressor,4,False,-0.021599566572259938,-0.015940402836782466,598.0,-0.018769984704521202,0.002829581867738735,0.03526206186878312,1.9639388980555033,2.8590245736079267,2.8827928083500143,598.0,2.8709086909789705,0.011884117371043624,0.14809908374501699,1.9639388980555033,896580062550418.5,985078804523615.2,598.0,940829433537016.9,44249370986598.31,551432731165718.8,1.9639388980555033,8.601986519306362,8.777571127392498,598.0,8.68977882334943,0.08779230404306777,1.0940618796245107,1.9639388980555033,2.5791200073664355,2.6156666446660677,598.0,2.5973933260162516,0.018273318649816194,0.2277208870060877,1.9639388980555033,599.0,0.7412353923205343,-0.04892818767109887,-0.03859056562900791,598.0,-0.04375937665005339,0.005168811021045481,0.06441338068009657,1.9639388980555033,ExtraTreesRegressor,"{'mode': 'original', 'type': 'ExtraTreesRegressor'}",4,"['l1_T6W30', 'l3_T6W30', 'atd_T6W30', 'density_T6W30']",0.04941109510589404,0.06794588634478486,598.0,0.05867849072533945,0.009267395619445411,0.115489670548577,1.9639388980555033,3.505504407386082,3.537323631601502,598.0,3.521414019493792,0.015909612107709872,0.198264532596378,1.9639388980555033,completed,59.296273946762085,False,COMPLETE
280,2.8753376369292356,2026-06-14 11:15:24.088272,2026-06-14 11:16:49.972085,0 days 00:01:25.883813,20,sqrt,5,7,475,ExtraTreesRegressor,10,False,-0.02251000723078972,-0.018235367291929448,598.0,-0.020372687261359584,0.002137319969430136,0.026635139931703126,1.9639388980555033,2.86479664611774,2.8858786277407313,598.0,2.8753376369292356,0.010540990811495538,0.1313611294980033,1.9639388980555033,921344096303097.1,1011160760724624.1,598.0,966252428513860.6,44908332210763.445,559644662306700.2,1.9639388980555033,8.417911746619684,8.594563989096514,598.0,8.506237867858099,0.08832612123841524,1.100714274165053,1.9639388980555033,2.5918410683495328,2.6243601128311713,598.0,2.608100590590352,0.016259522240819276,0.2026250895051195,1.9639388980555033,599.0,0.7345575959933222,-0.03434820109317219,-0.02711756086070029,598.0,-0.03073288097693624,0.0036153201162359492,0.045053879892171834,1.9639388980555033,ExtraTreesRegressor,"{'mode': 'original', 'type': 'ExtraTreesRegressor'}",10,"['nodes_T6W30', 're_T6W30', 'l1_T6W30', 'l2_T6W30', 'l3_T6W30', 'lcc_T6W30', 'atd_T6W30', 'density_T6W30', 'diameter_T6W30', 'asp_T6W30']",0.015443711714854275,0.033566342268368785,598.0,0.024505026991611528,0.009061315276757253,0.11292151096405961,1.9639388980555033,3.485487213034006,3.515225006296039,598.0,3.5003561096650224,0.01486889663101646,0.18529520523908535,1.9639388980555033,completed,85.87510395050049,False,COMPLETE
