number,value,datetime_start,datetime_complete,duration,params_et_max_depth,params_et_max_features,params_et_min_samples_leaf,params_et_min_samples_split,params_et_n_estimators,params_regressor,params_rfe_n_features,params_use_scaler,user_attrs_d2mae_ci_lower_val,user_attrs_d2mae_ci_upper_val,user_attrs_d2mae_df_val,user_attrs_d2mae_mean_val,user_attrs_d2mae_samperror_val,user_attrs_d2mae_std_val,user_attrs_d2mae_t_critical_val,user_attrs_mae_ci_lower_val,user_attrs_mae_ci_upper_val,user_attrs_mae_df_val,user_attrs_mae_mean_val,user_attrs_mae_samperror_val,user_attrs_mae_std_val,user_attrs_mae_t_critical_val,user_attrs_mape_ci_lower_val,user_attrs_mape_ci_upper_val,user_attrs_mape_df_val,user_attrs_mape_mean_val,user_attrs_mape_samperror_val,user_attrs_mape_std_val,user_attrs_mape_t_critical_val,user_attrs_max_error_ci_lower_val,user_attrs_max_error_ci_upper_val,user_attrs_max_error_df_val,user_attrs_max_error_mean_val,user_attrs_max_error_samperror_val,user_attrs_max_error_std_val,user_attrs_max_error_t_critical_val,user_attrs_median_ae_ci_lower_val,user_attrs_median_ae_ci_upper_val,user_attrs_median_ae_df_val,user_attrs_median_ae_mean_val,user_attrs_median_ae_samperror_val,user_attrs_median_ae_std_val,user_attrs_median_ae_t_critical_val,user_attrs_n_splits_val,user_attrs_r2_below_zero_val,user_attrs_r2_ci_lower_val,user_attrs_r2_ci_upper_val,user_attrs_r2_df_val,user_attrs_r2_mean_val,user_attrs_r2_samperror_val,user_attrs_r2_std_val,user_attrs_r2_t_critical_val,user_attrs_regressor_final,user_attrs_rfe_estimator,user_attrs_rfe_n_features,user_attrs_rfe_selected_features,user_attrs_rho_ci_lower_val,user_attrs_rho_ci_upper_val,user_attrs_rho_df_val,user_attrs_rho_mean_val,user_attrs_rho_samperror_val,user_attrs_rho_std_val,user_attrs_rho_t_critical_val,user_attrs_rmse_ci_lower_val,user_attrs_rmse_ci_upper_val,user_attrs_rmse_df_val,user_attrs_rmse_mean_val,user_attrs_rmse_samperror_val,user_attrs_rmse_std_val,user_attrs_rmse_t_critical_val,user_attrs_termination_reason,user_attrs_trial_time_seconds,user_attrs_use_scaler_final,state
161,2.887380472278394,2026-06-14 09:49:46.228665,2026-06-14 09:50:42.451162,0 days 00:00:56.222497,8,sqrt,4,5,290,ExtraTreesRegressor,10,True,-0.02695785464147295,-0.022363367110449336,598.0,-0.024660610875961143,0.0022972437655118067,0.02862809968876757,1.9639388980555033,2.8766188127706878,2.8981421317861003,598.0,2.887380472278394,0.010761659507706375,0.13411108817812045,1.9639388980555033,921293746184715.9,1011296005830775.4,598.0,966294876007745.6,45001129823029.766,560801100005965.5,1.9639388980555033,8.473060009254784,8.651236920915522,598.0,8.562148465085153,0.08908845583036981,1.110214437370332,1.9639388980555033,2.5989614531451593,2.632436133220756,598.0,2.6156987931829576,0.016737340037798202,0.20857962325131618,1.9639388980555033,599.0,0.7913188647746243,-0.04524859398339275,-0.03726453900036072,598.0,-0.041256566491876735,0.003992027491516018,0.04974838225840598,1.9639388980555033,ExtraTreesRegressor,"{'mode': 'original', 'type': 'ExtraTreesRegressor'}",10,"['nodes_T6W30', 're_T6W30', 'l1_T6W30', 'l2_T6W30', 'l3_T6W30', 'lcc_T6W30', 'atd_T6W30', 'density_T6W30', 'diameter_T6W30', 'asp_T6W30']",0.002786410762729296,0.020984850188884404,598.0,0.01188563047580685,0.009099219713077554,0.11339387353955772,1.9639388980555033,3.502876582270653,3.5330121613978664,598.0,3.51794437183426,0.015067789563606765,0.18777379579489342,1.9639388980555033,completed,56.21384286880493,True,COMPLETE
162,2.8602659129168515,2026-06-14 09:50:42.465619,2026-06-14 09:51:38.446946,0 days 00:00:55.981327,20,log2,4,3,303,ExtraTreesRegressor,7,True,-0.01704614035104865,-0.013022368550271952,598.0,-0.015034254450660301,0.0020118859003883482,0.0250719888691967,1.9639388980555033,2.850003942930115,2.870527882903588,598.0,2.8602659129168515,0.010261969986736582,0.12788399045583382,1.9639388980555033,921974886221559.6,1011653109461146.9,598.0,966813997841353.2,44839111619793.625,558782039885627.75,1.9639388980555033,8.372621674399507,8.55075021827837,598.0,8.461685946338939,0.08906427193943144,1.1099130593228472,1.9639388980555033,2.587769178169814,2.618999728022598,598.0,2.603384453096206,0.015615274926391726,0.19459652213297404,1.9639388980555033,599.0,0.659432387312187,-0.025639133705424675,-0.01873457676953692,598.0,-0.022186855237480797,0.0034522784679438764,0.0430220656673168,1.9639388980555033,ExtraTreesRegressor,"{'mode': 'original', 'type': 'ExtraTreesRegressor'}",7,"['nodes_T6W30', 're_T6W30', 'l1_T6W30', 'lcc_T6W30', 'atd_T6W30', 'density_T6W30', 'asp_T6W30']",0.03956450738634108,0.05724331153716353,598.0,0.048403909461752305,0.00883940207541122,0.11015604334335531,1.9639388980555033,3.4711754625182825,3.5004883203294477,598.0,3.485831891423865,0.014656428905582719,0.18264744651374706,1.9639388980555033,completed,55.97251892089844,True,COMPLETE
163,2.9754512917050246,2026-06-14 09:51:38.461043,2026-06-14 09:51:40.652882,0 days 00:00:02.191839,17,,2,12,349,ExtraTreesRegressor,13,True,,,,,,,,,,,,,,,,,,,,,,,,,,,,,,,,,,,,,,,,,,,,,ExtraTreesRegressor,"{'mode': 'original', 'type': 'ExtraTreesRegressor'}",13,"['nodes_T6W30', 'edges_T6W30', 're_T6W30', 'pe_T6W30', 'l1_T6W30', 'l2_T6W30', 'l3_T6W30', 'lcc_T6W30', 'lsc_T6W30', 'atd_T6W30', 'density_T6W30', 'diameter_T6W30', 'asp_T6W30']",,,,,,,,,,,,,,,pruned,,True,PRUNED
164,2.89255306434853,2026-06-14 09:51:40.658712,2026-06-14 09:52:36.122319,0 days 00:00:55.463607,13,log2,4,2,284,ExtraTreesRegressor,10,False,-0.02881815090564379,-0.024159867687626797,598.0,-0.026489009296635294,0.0023291416090084954,0.02902560850223755,1.9639388980555033,2.8816899881974645,2.9034161404995955,598.0,2.89255306434853,0.010863076151065479,0.13537493567213588,1.9639388980555033,923187043566451.0,1013450868531340.2,598.0,968318956048895.6,45131912482444.64,562430904847532.6,1.9639388980555033,8.496658359149134,8.675212719262607,598.0,8.58593553920587,0.08927718005673754,1.1125663061825375,1.9639388980555033,2.6044743411219193,2.638903805142228,598.0,2.6216890731320737,0.0172147320101543,0.21452885039926015,1.9639388980555033,599.0,0.8113522537562604,-0.04955882883293709,-0.041427067583038664,598.0,-0.045492948207987875,0.004065880624949211,0.050668735116903015,1.9639388980555033,ExtraTreesRegressor,"{'mode': 'original', 'type': 'ExtraTreesRegressor'}",10,"['nodes_T6W30', 're_T6W30', 'l1_T6W30', 'l2_T6W30', 'l3_T6W30', 'lcc_T6W30', 'atd_T6W30', 'density_T6W30', 'diameter_T6W30', 'asp_T6W30']",-0.003568751615892672,0.014585315367223437,598.0,0.0055082818756653825,0.009077033491558055,0.1131173903160911,1.9639388980555033,3.5099157810410033,3.5402302428179344,598.0,3.525073011929469,0.015157230888465587,0.18888840766273032,1.9639388980555033,completed,55.45461130142212,False,COMPLETE
165,2.846132608309429,2026-06-14 09:52:36.137187,2026-06-14 09:53:09.507710,0 days 00:00:33.370523,8,sqrt,5,2,168,ExtraTreesRegressor,7,False,-0.011912950703991693,-0.008124783573127344,598.0,-0.010018867138559519,0.0018940835654321752,0.023603943971513167,1.9639388980555033,2.836088650781405,2.856176565837453,598.0,2.846132608309429,0.010043957528023801,0.12516713363152884,1.9639388980555033,923863635112659.2,1013562868279218.0,598.0,968713251695938.6,44849616583279.375,558912952044977.9,1.9639388980555033,8.307133931938653,8.478001861887412,598.0,8.392567896913032,0.085433964974379,1.0646724143131114,1.9639388980555033,2.5819253362523704,2.613078478584194,598.0,2.597501907418282,0.015576571165911776,0.19411419843272743,1.9639388980555033,599.0,0.5676126878130217,-0.013815624831703998,-0.007534236699962371,598.0,-0.010674930765833184,0.003140694065870814,0.0391391214809277,1.9639388980555033,ExtraTreesRegressor,"{'mode': 'original', 'type': 'ExtraTreesRegressor'}",7,"['nodes_T6W30', 'l1_T6W30', 'lcc_T6W30', 'atd_T6W30', 'density_T6W30', 'diameter_T6W30', 'asp_T6W30']",0.06428589167073617,0.08245086783710523,598.0,0.0733683797539207,0.009082488083184523,0.1131853650757524,1.9639388980555033,3.4518923867230575,3.4805494933399346,598.0,3.466220940031496,0.01432855330843855,0.17856148253313908,1.9639388980555033,completed,33.361961126327515,False,COMPLETE
166,2.876341593189941,2026-06-14 09:53:09.522455,2026-06-14 09:54:34.214728,0 days 00:01:24.692273,11,log2,5,12,464,ExtraTreesRegressor,11,True,-0.022856198195124997,-0.018611407134387702,598.0,-0.02073380266475635,0.0021223955303686474,0.026449152560373366,1.9639388980555033,2.8658513764740228,2.8868318099058596,598.0,2.876341593189941,0.010490216715918637,0.1307283860810422,1.9639388980555033,925221009139055.9,1015401308154491.6,598.0,970311158646773.8,45090149507717.93,561910457421915.5,1.9639388980555033,8.416806261811812,8.594055224618275,598.0,8.505430743215044,0.08862448140323172,1.1044324187824224,1.9639388980555033,2.583808219398133,2.6151922387804474,598.0,2.59950022908929,0.015692009691157166,0.19555278569032,1.9639388980555033,599.0,0.7395659432387313,-0.03415562014067344,-0.026948961618081253,598.0,-0.030552290879377348,0.0036033292612960943,0.044904450651912155,1.9639388980555033,ExtraTreesRegressor,"{'mode': 'original', 'type': 'ExtraTreesRegressor'}",11,"['nodes_T6W30', 're_T6W30', 'pe_T6W30', 'l1_T6W30', 'l2_T6W30', 'l3_T6W30', 'lcc_T6W30', 'atd_T6W30', 'density_T6W30', 'diameter_T6W30', 'asp_T6W30']",0.013361020312052252,0.03159388055963168,598.0,0.022477450435841966,0.009116430123789715,0.11360834853822753,1.9639388980555033,3.4852071730524927,3.5148680306800997,598.0,3.500037601866296,0.014830428813803323,0.18481582184820622,1.9639388980555033,completed,84.68166494369507,True,COMPLETE
167,2.8942315003866548,2026-06-14 09:54:34.232003,2026-06-14 09:54:36.756204,0 days 00:00:02.524201,17,log2,2,10,441,ExtraTreesRegressor,10,False,,,,,,,,,,,,,,,,,,,,,,,,,,,,,,,,,,,,,,,,,,,,,ExtraTreesRegressor,"{'mode': 'original', 'type': 'ExtraTreesRegressor'}",10,"['nodes_T6W30', 're_T6W30', 'l1_T6W30', 'l2_T6W30', 'l3_T6W30', 'lcc_T6W30', 'atd_T6W30', 'density_T6W30', 'diameter_T6W30', 'asp_T6W30']",,,,,,,,,,,,,,,pruned,,False,PRUNED
168,2.877866068766222,2026-06-14 09:54:36.762033,2026-06-14 09:55:40.222989,0 days 00:01:03.460956,17,sqrt,5,3,339,ExtraTreesRegressor,11,False,-0.023398009050603307,-0.01913574422839572,598.0,-0.021266876639499513,0.0021311324111037942,0.02655803098956302,1.9639388980555033,2.8673181462954833,2.888413991236961,598.0,2.877866068766222,0.010547922470738946,0.13144751137649963,1.9639388980555033,925615054675927.5,1015838273111542.0,598.0,970726663893734.8,45111609217807.19,562177886908045.94,1.9639388980555033,8.417827585155806,8.595183951598823,598.0,8.506505768377314,0.08867818322150957,1.1051016472858173,1.9639388980555033,2.586678857908403,2.618035025577094,598.0,2.6023569417427486,0.015678083834345335,0.19537924258486217,1.9639388980555033,599.0,0.7445742904841403,-0.03565769875945786,-0.028373504911197958,598.0,-0.03201560183532791,0.003642096924129949,0.04538757069906173,1.9639388980555033,ExtraTreesRegressor,"{'mode': 'original', 'type': 'ExtraTreesRegressor'}",11,"['nodes_T6W30', 're_T6W30', 'pe_T6W30', 'l1_T6W30', 'l2_T6W30', 'l3_T6W30', 'lcc_T6W30', 'atd_T6W30', 'density_T6W30', 'diameter_T6W30', 'asp_T6W30']",0.010833442939347092,0.029084399703298576,598.0,0.019958921321322834,0.009125478381975742,0.11372110733259151,1.9639388980555033,3.4876351395036056,3.5174093756825884,598.0,3.502522257593097,0.014887118089491417,0.18552227984802636,1.9639388980555033,completed,63.45193099975586,False,COMPLETE
169,2.893347444355112,2026-06-14 09:55:40.237994,2026-06-14 09:56:26.778201,0 days 00:00:46.540207,4,,1,6,229,ExtraTreesRegressor,8,False,-0.029479331326968866,-0.02413209399556062,598.0,-0.026805712661264743,0.0026736186657041225,0.03331845877247369,1.9639388980555033,2.8820359541125584,2.904658934597666,598.0,2.893347444355112,0.011311490242553845,0.14096304238754012,1.9639388980555033,907205512131733.6,995963338351461.1,598.0,951584425241597.4,44378913109863.77,553047076527936.8,1.9639388980555033,8.50903122928473,8.698121182000595,598.0,8.603576205642662,0.09454497635793142,1.1782132348693157,1.9639388980555033,2.5710834167768892,2.6062595435045646,598.0,2.588671480140727,0.017588063363837503,0.2191812810079048,1.9639388980555033,599.0,0.7696160267111853,-0.055682764542007226,-0.045605895104716465,598.0,-0.050644329823361846,0.005038434718645384,0.06278863983273973,1.9639388980555033,ExtraTreesRegressor,"{'mode': 'original', 'type': 'ExtraTreesRegressor'}",8,"['nodes_T6W30', 'l1_T6W30', 'l3_T6W30', 'lcc_T6W30', 'atd_T6W30', 'density_T6W30', 'diameter_T6W30', 'asp_T6W30']",0.017408727044349044,0.036200780271233905,598.0,0.026804753657791475,0.00939602661344243,0.11709266147818415,1.9639388980555033,3.517445072079285,3.5481796174356415,598.0,3.5328123447574633,0.015367272678178043,0.1915059345377486,1.9639388980555033,completed,46.530811071395874,False,COMPLETE
170,2.9317886678799367,2026-06-14 09:56:26.794823,2026-06-14 09:56:28.003499,0 days 00:00:01.208676,11,sqrt,1,6,190,ExtraTreesRegressor,9,True,,,,,,,,,,,,,,,,,,,,,,,,,,,,,,,,,,,,,,,,,,,,,ExtraTreesRegressor,"{'mode': 'original', 'type': 'ExtraTreesRegressor'}",9,"['nodes_T6W30', 'l1_T6W30', 'l2_T6W30', 'l3_T6W30', 'lcc_T6W30', 'atd_T6W30', 'density_T6W30', 'diameter_T6W30', 'asp_T6W30']",,,,,,,,,,,,,,,pruned,,True,PRUNED
171,2.8734917806571114,2026-06-14 09:56:28.010024,2026-06-14 09:57:52.668926,0 days 00:01:24.658902,10,,5,2,402,ExtraTreesRegressor,4,True,-0.02262662621214681,-0.01687599835636982,598.0,-0.019751312284258315,0.002875313927888496,0.035831971774120654,1.9639388980555033,2.8617874163964014,2.8851961449178214,598.0,2.8734917806571114,0.011704364260709959,0.14585901238678578,1.9639388980555033,905592829413823.5,995070669788939.5,598.0,950331749601381.5,44738920187558.055,557533460891503.8,1.9639388980555033,8.593142532083561,8.782220732931908,598.0,8.687681632507735,0.09453910042417334,1.1781400093719103,1.9639388980555033,2.6120882282401605,2.6523846619392724,598.0,2.6322364450897164,0.020148216849555936,0.25108574422074287,1.9639388980555033,599.0,0.7813021702838063,-0.05771190186018818,-0.047225689910943475,598.0,-0.05246879588556583,0.005243105974622355,0.06533923947196807,1.9639388980555033,ExtraTreesRegressor,"{'mode': 'original', 'type': 'ExtraTreesRegressor'}",4,"['nodes_T6W30', 'l1_T6W30', 'atd_T6W30', 'density_T6W30']",0.048470483692082705,0.06605621825657258,598.0,0.057263350974327644,0.008792867282244937,0.1095761298323206,1.9639388980555033,3.520108990641625,3.551632640875548,598.0,3.5358708157585865,0.015761825116961208,0.19642282090370827,1.9639388980555033,completed,84.64892578125,True,COMPLETE
172,2.8512207965439877,2026-06-14 09:57:52.684429,2026-06-14 09:58:29.364440,0 days 00:00:36.680011,3,log2,1,9,186,ExtraTreesRegressor,9,True,-0.013683577060863915,-0.009974955908852093,598.0,-0.011829266484858004,0.0018543105760059112,0.0231082956109389,1.9639388980555033,2.8412528922489146,2.861188700839061,598.0,2.8512207965439877,0.009967904295073203,0.12421936327853034,1.9639388980555033,916680883493073.9,1005555632011720.9,598.0,961118257752397.4,44437374259323.484,553775615501370.4,1.9639388980555033,8.275233577287334,8.444819202685892,598.0,8.360026389986613,0.08479281269927937,1.0566824171161258,1.9639388980555033,2.556044926981352,2.585110294875612,598.0,2.570577610928482,0.014532683947130184,0.18110534503555573,1.9639388980555033,599.0,0.5342237061769616,-0.013996359955152719,-0.007634740114102085,598.0,-0.010815550034627402,0.0031808099205253167,0.039639042605272706,1.9639388980555033,ExtraTreesRegressor,"{'mode': 'original', 'type': 'ExtraTreesRegressor'}",9,"['nodes_T6W30', 're_T6W30', 'l1_T6W30', 'l3_T6W30', 'lcc_T6W30', 'atd_T6W30', 'density_T6W30', 'diameter_T6W30', 'asp_T6W30']",0.08496638575766494,0.10360370195092089,598.0,0.09428504385429291,0.009318658096627975,0.11612850014476865,1.9639388980555033,3.45209955746488,3.480801844394173,598.0,3.4664507009295265,0.01435114346464633,0.17884299956394364,1.9639388980555033,completed,36.671348094940186,True,COMPLETE
173,2.843950549438693,2026-06-14 09:58:29.379843,2026-06-14 09:59:22.712415,0 days 00:00:53.332572,10,sqrt,5,3,287,ExtraTreesRegressor,6,False,-0.011156466973589695,-0.007339979028648042,598.0,-0.009248223001118869,0.0019082439724708267,0.023780410026366394,1.9639388980555033,2.83390884534358,2.8539922535338063,598.0,2.843950549438693,0.010041704095113143,0.12513905149981225,1.9639388980555033,921328051079678.6,1010914985963497.4,598.0,966121518521588.0,44793467441909.39,558213225163263.9,1.9639388980555033,8.318774770020777,8.494730079387331,598.0,8.406752424704054,0.08797765468327656,1.096371707029393,1.9639388980555033,2.581510703714374,2.612481462777852,598.0,2.596996083246113,0.0154853795317387,0.19297777432611685,1.9639388980555033,599.0,0.5709515859766278,-0.014424060985229208,-0.008009808894968265,598.0,-0.011216934940098736,0.0032071260451304712,0.03996699240752216,1.9639388980555033,ExtraTreesRegressor,"{'mode': 'original', 'type': 'ExtraTreesRegressor'}",6,"['nodes_T6W30', 'l1_T6W30', 'lcc_T6W30', 'atd_T6W30', 'density_T6W30', 'asp_T6W30']",0.061417647559706155,0.07939033207908243,598.0,0.07040398981939429,0.008986342259688135,0.11198720218984723,1.9639388980555033,3.452739858820238,3.4815334561392395,598.0,3.4671366574797386,0.014396798659501036,0.179411951579064,1.9639388980555033,completed,53.3223443031311,False,COMPLETE
174,2.8296134448449255,2026-06-14 09:59:22.729035,2026-06-14 10:00:31.335622,0 days 00:01:08.606587,2,,3,6,396,ExtraTreesRegressor,3,True,-0.005979750955862064,-0.0023445606293541806,598.0,-0.004162155792608122,0.0018175951632539418,0.022650750568415538,1.9639388980555033,2.81976197322124,2.839464916468611,598.0,2.8296134448449255,0.00985147162368584,0.12276838703754603,1.9639388980555033,913592923717640.4,1002342775130996.4,598.0,957967849424318.4,44374925706678.055,552997385773471.0,1.9639388980555033,8.2897213869104,8.473310583347217,598.0,8.381515985128809,0.09179459821840867,1.1439382046169113,1.9639388980555033,2.5183024033726893,2.5475642344508316,598.0,2.5329333189117604,0.014630915539071357,0.18232950062970604,1.9639388980555033,599.0,0.41068447412353926,-0.00181194848715711,0.004461768656681011,598.0,0.0013249100847619508,0.003136858571919061,0.03909132380927661,1.9639388980555033,ExtraTreesRegressor,"{'mode': 'original', 'type': 'ExtraTreesRegressor'}",3,"['nodes_T6W30', 'atd_T6W30', 'density_T6W30']",0.12492166047669043,0.14442085832894477,598.0,0.1346712594028176,0.009749598926127173,0.12149885622629429,1.9639388980555033,3.4312394121279834,3.460178846730089,598.0,3.4457091294290363,0.014469717301052813,0.18032065886161427,1.9639388980555033,completed,68.59765601158142,True,COMPLETE
175,2.8529746278516606,2026-06-14 10:00:31.350635,2026-06-14 10:00:45.843609,0 days 00:00:14.492974,6,sqrt,5,12,55,ExtraTreesRegressor,8,True,-0.014193104037454211,-0.010676137396572822,598.0,-0.012434620717013517,0.0017584833204406939,0.02191410269749732,1.9639388980555033,2.843046887079161,2.86290236862416,598.0,2.8529746278516606,0.009927740772499668,0.12371884811973477,1.9639388980555033,928347881361462.6,1018177748911082.4,598.0,973262815136272.5,44914933774809.93,559726930560710.4,1.9639388980555033,8.2746243503989,8.447804797557046,598.0,8.361214573977973,0.08659022357907296,1.0790816324806052,1.9639388980555033,2.5909148536478597,2.620728730898799,598.0,2.6058217922733293,0.014906938625469653,0.18576928205492682,1.9639388980555033,599.0,0.5375626043405676,-0.011302568515289312,-0.005715199872844289,598.0,-0.0085088841940668,0.0027936843212225115,0.03481470902113282,1.9639388980555033,ExtraTreesRegressor,"{'mode': 'original', 'type': 'ExtraTreesRegressor'}",8,"['nodes_T6W30', 're_T6W30', 'l1_T6W30', 'l2_T6W30', 'atd_T6W30', 'density_T6W30', 'diameter_T6W30', 'asp_T6W30']",0.059077587523056606,0.07715424554713589,598.0,0.06811591653509624,0.00903832901203964,0.11263505765523472,1.9639388980555033,3.4484821495826536,3.476975241722244,598.0,3.462728695652449,0.01424654606979517,0.17753951375545468,1.9639388980555033,completed,14.484459161758423,True,COMPLETE
176,2.898365552334911,2026-06-14 10:00:45.857636,2026-06-14 10:01:08.880236,0 days 00:00:23.022600,11,sqrt,2,3,94,ExtraTreesRegressor,6,False,-0.031116391984227738,-0.02594913254467449,598.0,-0.028532762264451113,0.002583629719776624,0.03219702248714087,1.9639388980555033,2.886939102092889,2.9097920025769333,598.0,2.898365552334911,0.011426450242021923,0.1423956662885825,1.9639388980555033,918586227564897.5,1008476124050008.8,598.0,963531175807453.1,44944948242555.59,560100968870283.0,1.9639388980555033,8.547127298450814,8.72392280461554,598.0,8.635525051533177,0.08839775308236276,1.1016069454610673,1.9639388980555033,2.5949067065678,2.632836680362369,598.0,2.6138716934650845,0.01896498689728448,0.2363404109057056,1.9639388980555033,599.0,0.8013355592654424,-0.054001870850711294,-0.04486037360839915,598.0,-0.04943112222955522,0.0045707486211560705,0.05696036665468986,1.9639388980555033,ExtraTreesRegressor,"{'mode': 'original', 'type': 'ExtraTreesRegressor'}",6,"['re_T6W30', 'l1_T6W30', 'l3_T6W30', 'atd_T6W30', 'density_T6W30', 'asp_T6W30']",0.022906971809654862,0.041221301117961524,598.0,0.03206413646380819,0.009157164654153333,0.11411597955829257,1.9639388980555033,3.515852912457791,3.5470874387002196,598.0,3.531470175579005,0.01561726312121456,0.19462129888520355,1.9639388980555033,completed,23.013874053955078,False,COMPLETE
