number,value,datetime_start,datetime_complete,duration,params_et_max_depth,params_et_max_features,params_et_min_samples_leaf,params_et_min_samples_split,params_et_n_estimators,params_regressor,params_rfe_n_features,params_use_scaler,user_attrs_d2mae_ci_lower_val,user_attrs_d2mae_ci_upper_val,user_attrs_d2mae_df_val,user_attrs_d2mae_mean_val,user_attrs_d2mae_samperror_val,user_attrs_d2mae_std_val,user_attrs_d2mae_t_critical_val,user_attrs_mae_ci_lower_val,user_attrs_mae_ci_upper_val,user_attrs_mae_df_val,user_attrs_mae_mean_val,user_attrs_mae_samperror_val,user_attrs_mae_std_val,user_attrs_mae_t_critical_val,user_attrs_mape_ci_lower_val,user_attrs_mape_ci_upper_val,user_attrs_mape_df_val,user_attrs_mape_mean_val,user_attrs_mape_samperror_val,user_attrs_mape_std_val,user_attrs_mape_t_critical_val,user_attrs_max_error_ci_lower_val,user_attrs_max_error_ci_upper_val,user_attrs_max_error_df_val,user_attrs_max_error_mean_val,user_attrs_max_error_samperror_val,user_attrs_max_error_std_val,user_attrs_max_error_t_critical_val,user_attrs_median_ae_ci_lower_val,user_attrs_median_ae_ci_upper_val,user_attrs_median_ae_df_val,user_attrs_median_ae_mean_val,user_attrs_median_ae_samperror_val,user_attrs_median_ae_std_val,user_attrs_median_ae_t_critical_val,user_attrs_n_splits_val,user_attrs_r2_below_zero_val,user_attrs_r2_ci_lower_val,user_attrs_r2_ci_upper_val,user_attrs_r2_df_val,user_attrs_r2_mean_val,user_attrs_r2_samperror_val,user_attrs_r2_std_val,user_attrs_r2_t_critical_val,user_attrs_regressor_final,user_attrs_rfe_estimator,user_attrs_rfe_n_features,user_attrs_rfe_selected_features,user_attrs_rho_ci_lower_val,user_attrs_rho_ci_upper_val,user_attrs_rho_df_val,user_attrs_rho_mean_val,user_attrs_rho_samperror_val,user_attrs_rho_std_val,user_attrs_rho_t_critical_val,user_attrs_rmse_ci_lower_val,user_attrs_rmse_ci_upper_val,user_attrs_rmse_df_val,user_attrs_rmse_mean_val,user_attrs_rmse_samperror_val,user_attrs_rmse_std_val,user_attrs_rmse_t_critical_val,user_attrs_termination_reason,user_attrs_trial_time_seconds,user_attrs_use_scaler_final,state
143,2.977608180757209,2026-06-14 09:38:34.325943,2026-06-14 09:38:36.116046,0 days 00:00:01.790103,14,log2,1,3,270,ExtraTreesRegressor,10,False,,,,,,,,,,,,,,,,,,,,,,,,,,,,,,,,,,,,,,,,,,,,,ExtraTreesRegressor,"{'mode': 'original', 'type': 'ExtraTreesRegressor'}",10,"['nodes_T6W30', 're_T6W30', 'pe_T6W30', 'l1_T6W30', 'l2_T6W30', 'l3_T6W30', 'lcc_T6W30', 'atd_T6W30', 'density_T6W30', 'asp_T6W30']",,,,,,,,,,,,,,,pruned,,False,PRUNED
144,2.966314561356583,2026-06-14 09:38:36.121739,2026-06-14 09:38:38.558070,0 days 00:00:02.436331,10,,1,11,353,ExtraTreesRegressor,10,True,,,,,,,,,,,,,,,,,,,,,,,,,,,,,,,,,,,,,,,,,,,,,ExtraTreesRegressor,"{'mode': 'original', 'type': 'ExtraTreesRegressor'}",10,"['nodes_T6W30', 're_T6W30', 'l1_T6W30', 'l2_T6W30', 'l3_T6W30', 'lsc_T6W30', 'atd_T6W30', 'density_T6W30', 'diameter_T6W30', 'asp_T6W30']",,,,,,,,,,,,,,,pruned,,True,PRUNED
145,2.8757256286450974,2026-06-14 09:38:38.563573,2026-06-14 09:40:00.692491,0 days 00:01:22.128918,12,sqrt,5,2,441,ExtraTreesRegressor,9,False,-0.022710988365016456,-0.018326516930602284,598.0,-0.02051875264780937,0.0021922357172070865,0.027319496344132655,1.9639388980555033,2.8651332830981304,2.8863179741920644,598.0,2.8757256286450974,0.010592345546967138,0.1320011088108838,1.9639388980555033,921890999656353.9,1011767111860218.1,598.0,966829055758286.0,44938056101932.14,560015079470211.8,1.9639388980555033,8.423170526137376,8.598948504165524,598.0,8.51105951515145,0.08788898901407335,1.0952667613309746,1.9639388980555033,2.590336035580583,2.6251198769714326,598.0,2.607727956276008,0.01739192069542462,0.21673696406216095,1.9639388980555033,599.0,0.7495826377295493,-0.037299756846502705,-0.029747042451969075,598.0,-0.03352339964923589,0.0037763571972668133,0.047060713332554516,1.9639388980555033,ExtraTreesRegressor,"{'mode': 'original', 'type': 'ExtraTreesRegressor'}",9,"['nodes_T6W30', 're_T6W30', 'l1_T6W30', 'l3_T6W30', 'lcc_T6W30', 'atd_T6W30', 'density_T6W30', 'diameter_T6W30', 'asp_T6W30']",0.0160907887676167,0.03391574486347155,598.0,0.025003266815544125,0.008912478047927424,0.11106671127396625,1.9639388980555033,3.4900575376717233,3.519846268970273,598.0,3.504951903320998,0.01489436564927463,0.1856125984581317,1.9639388980555033,completed,82.11889624595642,False,COMPLETE
146,2.947502743507527,2026-06-14 09:40:00.708697,2026-06-14 09:40:26.071622,0 days 00:00:25.362925,14,sqrt,1,12,98,ExtraTreesRegressor,11,False,-0.04899315709679805,-0.04311198749384941,598.0,-0.04605257229532373,0.00294058480147432,0.036645373078692964,1.9639388980555033,2.9357034538256084,2.959302033189446,598.0,2.947502743507527,0.011799289681918944,0.14704196670019692,1.9639388980555033,933030456837146.9,1024821930632663.4,598.0,978926193734905.1,45895736897758.21,571949634132859.4,1.9639388980555033,8.719498937025373,8.912525339092793,598.0,8.816012138059083,0.09651320103371035,1.2027411204485536,1.9639388980555033,2.6648454354002684,2.703790545107151,598.0,2.6843179902537098,0.019472554853441394,0.24266568916560624,1.9639388980555033,599.0,0.9449081803005008,-0.10211106018100591,-0.09146185534577456,598.0,-0.09678645776339023,0.005324602417615683,0.06635484274808498,1.9639388980555033,ExtraTreesRegressor,"{'mode': 'original', 'type': 'ExtraTreesRegressor'}",11,"['nodes_T6W30', 'edges_T6W30', 'pe_T6W30', 'l1_T6W30', 'l2_T6W30', 'l3_T6W30', 'lcc_T6W30', 'atd_T6W30', 'density_T6W30', 'diameter_T6W30', 'asp_T6W30']",-0.04941944713883309,-0.03143092494805011,598.0,-0.0404251860434416,0.008994261095391493,0.11208588619601939,1.9639388980555033,3.5937579148363694,3.6251694553892326,598.0,3.609463685112801,0.015705770276431618,0.19572426919282288,1.9639388980555033,completed,25.252161026000977,False,COMPLETE
147,2.8558304310824774,2026-06-14 09:40:26.089602,2026-06-14 09:41:47.506400,0 days 00:01:21.416798,9,sqrt,4,5,446,ExtraTreesRegressor,7,False,-0.01553773779934748,-0.01139728652167881,598.0,-0.013467512160513145,0.002070225638834334,0.025799014826616683,1.9639388980555033,2.8455285085004216,2.866132353664533,598.0,2.8558304310824774,0.01030192258205563,0.12838187705315096,1.9639388980555033,923312462966281.4,1013279319589519.6,598.0,968295891277900.5,44983428311619.08,560580504942909.9,1.9639388980555033,8.364301550065004,8.53949487897966,598.0,8.451898214522332,0.0875966644573282,1.0916238320617289,1.9639388980555033,2.5941995180050306,2.6262299751005482,598.0,2.6102147465527894,0.01601522854775876,0.19958071767864277,1.9639388980555033,599.0,0.6444073455759599,-0.02368546388875582,-0.016594749908528984,598.0,-0.0201401068986424,0.003545356990113418,0.044182004047194884,1.9639388980555033,ExtraTreesRegressor,"{'mode': 'original', 'type': 'ExtraTreesRegressor'}",7,"['nodes_T6W30', 'l1_T6W30', 'lcc_T6W30', 'atd_T6W30', 'density_T6W30', 'diameter_T6W30', 'asp_T6W30']",0.048883508518718734,0.06684659038125891,598.0,0.05786504944998882,0.008981540931270087,0.11192736835303205,1.9639388980555033,3.4676367714590937,3.496770082671162,598.0,3.482203427065128,0.014566655606034378,0.1815286975993118,1.9639388980555033,completed,81.40662288665771,False,COMPLETE
148,2.835733433146032,2026-06-14 09:41:47.522528,2026-06-14 09:42:40.824429,0 days 00:00:53.301901,2,log2,2,5,295,ExtraTreesRegressor,7,True,-0.007778166164323611,-0.004872210917143822,598.0,-0.006325188540733716,0.0014529776235898942,0.018106910933073248,1.9639388980555033,2.8263008411847643,2.8451660251073,598.0,2.835733433146032,0.00943259196126781,0.11754833642152925,1.9639388980555033,927641992020660.2,1017288809461261.0,598.0,972465400740960.6,44823408720300.43,558586351391945.5,1.9639388980555033,8.193534161234183,8.355817329007081,598.0,8.274675745120632,0.08114158388644994,1.0111810454247792,1.9639388980555033,2.5428765878478927,2.5710682304661416,598.0,2.556972409157017,0.014095821309124498,0.17566119176854778,1.9639388980555033,599.0,0.34724540901502504,0.0024351374266029123,0.006891990994345489,598.0,0.004663564210474201,0.0022284267838712886,0.027770507020430987,1.9639388980555033,ExtraTreesRegressor,"{'mode': 'original', 'type': 'ExtraTreesRegressor'}",7,"['nodes_T6W30', 'l1_T6W30', 'lcc_T6W30', 'atd_T6W30', 'density_T6W30', 'diameter_T6W30', 'asp_T6W30']",0.1221502994589635,0.14092708103663693,598.0,0.1315386902478002,0.00938839078883672,0.11699750433757068,1.9639388980555033,3.4263437289614127,3.454067990327696,598.0,3.4402058596445544,0.013862130683141604,0.17274895466188692,1.9639388980555033,completed,53.2912380695343,True,COMPLETE
149,2.8489685925888146,2026-06-14 09:42:40.840889,2026-06-14 09:43:12.664340,0 days 00:00:31.823451,3,sqrt,4,8,152,ExtraTreesRegressor,12,False,-0.012676107754456519,-0.009380115635814012,598.0,-0.011028111695135265,0.0016479960593212533,0.02053721776558347,1.9639388980555033,2.839285724598913,2.858651460578716,598.0,2.8489685925888146,0.009682867989901466,0.12066725971778501,1.9639388980555033,923958118838075.4,1013301523655160.4,598.0,968629821246617.9,44671702408542.516,556695797380384.94,1.9639388980555033,8.244452118521329,8.411242776471214,598.0,8.327847447496271,0.0833953289749419,1.0392670674808857,1.9639388980555033,2.5485770228289795,2.5766770984480187,598.0,2.562627060638499,0.014050037809519817,0.1750906408281292,1.9639388980555033,599.0,0.5175292153589316,-0.008437005251984875,-0.003184284891926566,598.0,-0.005810645071955721,0.0026263601800291547,0.032729526653316646,1.9639388980555033,ExtraTreesRegressor,"{'mode': 'original', 'type': 'ExtraTreesRegressor'}",12,"['nodes_T6W30', 're_T6W30', 'pe_T6W30', 'l1_T6W30', 'l2_T6W30', 'l3_T6W30', 'lcc_T6W30', 'lsc_T6W30', 'atd_T6W30', 'density_T6W30', 'diameter_T6W30', 'asp_T6W30']",0.076781729063015,0.09505876685875703,598.0,0.08592024796088601,0.009138518897871017,0.11388361737817207,1.9639388980555033,3.4440405995709438,3.4721579021637514,598.0,3.4580992508673476,0.01405865129640381,0.17519798153131658,1.9639388980555033,completed,31.814354181289673,False,COMPLETE
150,2.9621894569692926,2026-06-14 09:43:12.679084,2026-06-14 09:43:13.179736,0 days 00:00:00.500652,8,,2,6,61,ExtraTreesRegressor,11,True,,,,,,,,,,,,,,,,,,,,,,,,,,,,,,,,,,,,,,,,,,,,,ExtraTreesRegressor,"{'mode': 'original', 'type': 'ExtraTreesRegressor'}",11,"['re_T6W30', 'pe_T6W30', 'l1_T6W30', 'l2_T6W30', 'l3_T6W30', 'lcc_T6W30', 'lsc_T6W30', 'atd_T6W30', 'density_T6W30', 'diameter_T6W30', 'asp_T6W30']",,,,,,,,,,,,,,,pruned,,True,PRUNED
151,2.848336312117836,2026-06-14 09:43:13.186677,2026-06-14 09:44:37.163192,0 days 00:01:23.976515,2,log2,1,4,480,ExtraTreesRegressor,13,True,-0.01220586783927247,-0.009425139852507248,598.0,-0.010815503845889859,0.0013903639933826111,0.017326624019529106,1.9639388980555033,2.839043119697006,2.8576295045386657,598.0,2.848336312117836,0.00929319242082999,0.1158111485792398,1.9639388980555033,929218997832033.0,1018822205103137.2,598.0,974020601467585.1,44801603635552.17,558314617869684.3,1.9639388980555033,8.201824699019921,8.360640814677039,598.0,8.28123275684848,0.07940805782855874,0.9895779584805737,1.9639388980555033,2.549978358706386,2.577949273492443,598.0,2.5639638160994145,0.013985457393028694,0.17428584395415092,1.9639388980555033,599.0,0.4540901502504174,-0.0030265035784644958,0.0010339324297309665,598.0,-0.0009962855743667646,0.002030218004097731,0.025300442331722524,1.9639388980555033,ExtraTreesRegressor,"{'mode': 'original', 'type': 'ExtraTreesRegressor'}",13,"['nodes_T6W30', 'edges_T6W30', 're_T6W30', 'pe_T6W30', 'l1_T6W30', 'l2_T6W30', 'l3_T6W30', 'lcc_T6W30', 'lsc_T6W30', 'atd_T6W30', 'density_T6W30', 'diameter_T6W30', 'asp_T6W30']",0.09477619368946223,0.11299702163330992,598.0,0.10388660766138608,0.009110413971923845,0.11353337565204777,1.9639388980555033,3.4362545390491785,3.463713462873798,598.0,3.4499840009614884,0.01372946191230999,0.17109564522473736,1.9639388980555033,completed,83.96753478050232,True,COMPLETE
152,2.870573308846453,2026-06-14 09:44:37.177917,2026-06-14 09:45:18.294293,0 days 00:00:41.116376,3,,2,7,208,ExtraTreesRegressor,8,False,-0.020960435214875634,-0.01645843370454549,598.0,-0.018709434459710562,0.0022510007551650715,0.02805182235590903,1.9639388980555033,2.859995381329998,2.8811512363629084,598.0,2.870573308846453,0.010577927516455102,0.13182143226936435,1.9639388980555033,910827856974787.4,999705432571010.4,598.0,955266644772898.9,44438787798111.54,553793230928146.5,1.9639388980555033,8.368351691440152,8.551340236883538,598.0,8.459845964161845,0.09149427272169268,1.140195568163549,1.9639388980555033,2.554101731542458,2.58652204169585,598.0,2.570311886619154,0.016210155076696126,0.202009879174772,1.9639388980555033,599.0,0.667779632721202,-0.03258809011289159,-0.02445844781364444,598.0,-0.02852326896326802,0.004064821149623576,0.05065553200555044,1.9639388980555033,ExtraTreesRegressor,"{'mode': 'original', 'type': 'ExtraTreesRegressor'}",8,"['nodes_T6W30', 'l1_T6W30', 'l2_T6W30', 'l3_T6W30', 'atd_T6W30', 'density_T6W30', 'diameter_T6W30', 'asp_T6W30']",0.051684316517645865,0.06991381973449008,598.0,0.06079906812606797,0.009114751608422105,0.11358743099086298,1.9639388980555033,3.481352608993766,3.5108212046549205,598.0,3.496086906824343,0.014734297830577307,0.18361784390076774,1.9639388980555033,completed,41.10760974884033,False,COMPLETE
153,2.9180364157448433,2026-06-14 09:45:18.309246,2026-06-14 09:46:29.337039,0 days 00:01:11.027793,7,log2,1,6,372,ExtraTreesRegressor,8,False,-0.038377305657027426,-0.03273593711711351,598.0,-0.03555662138707047,0.0028206842699569565,0.035151180594400575,1.9639388980555033,2.9063436483107172,2.9297291831789694,598.0,2.9180364157448433,0.011692767434125853,0.145714493501804,1.9639388980555033,913278356162162.0,1002907547045665.8,598.0,958092951603913.9,44814595441751.91,558476520898264.4,1.9639388980555033,8.655913936519294,8.844631933084795,598.0,8.750272934802044,0.09435899828274995,1.175895588411351,1.9639388980555033,2.620027923826763,2.6580613370999213,598.0,2.639044630463342,0.01901670663657906,0.23698493887205857,1.9639388980555033,599.0,0.8530884808013356,-0.07762208441888298,-0.0668129101474992,598.0,-0.07221749728319109,0.005404587135691895,0.067351607008387,1.9639388980555033,ExtraTreesRegressor,"{'mode': 'original', 'type': 'ExtraTreesRegressor'}",8,"['nodes_T6W30', 'l1_T6W30', 'l3_T6W30', 'lcc_T6W30', 'atd_T6W30', 'density_T6W30', 'diameter_T6W30', 'asp_T6W30']",-0.011252430146882432,0.006999725234949241,598.0,-0.0021263524559665963,0.009126077690915836,0.11372857588091842,1.9639388980555033,3.552960397464953,3.5845066895172915,598.0,3.5687335434911223,0.015773146026169287,0.19656390132462045,1.9639388980555033,completed,71.0174469947815,False,COMPLETE
154,2.8769220556428983,2026-06-14 09:46:29.354227,2026-06-14 09:47:28.408983,0 days 00:00:59.054756,6,sqrt,3,12,305,ExtraTreesRegressor,9,True,-0.023234113008058322,-0.0186491308218153,598.0,-0.02094162191493681,0.0022924910931215116,0.028568872200148348,1.9639388980555033,2.8661590301577107,2.887685081128086,598.0,2.8769220556428983,0.01076302548518747,0.13412811089903867,1.9639388980555033,916830326683383.6,1006289689024614.6,598.0,961560007853999.1,44729681170615.5,557418324874147.44,1.9639388980555033,8.42568926546879,8.604443641144577,598.0,8.515066453306684,0.08937718783789317,1.1138125965290642,1.9639388980555033,2.5842923913857594,2.6170682918016257,598.0,2.6006803415936925,0.01638795020793335,0.20422555032715525,1.9639388980555033,599.0,0.7378964941569283,-0.039130097760930585,-0.03098957861884229,598.0,-0.035059838189886436,0.004070259571044146,0.05072330525317656,1.9639388980555033,ExtraTreesRegressor,"{'mode': 'original', 'type': 'ExtraTreesRegressor'}",9,"['nodes_T6W30', 'l1_T6W30', 'l2_T6W30', 'l3_T6W30', 'lcc_T6W30', 'atd_T6W30', 'density_T6W30', 'diameter_T6W30', 'asp_T6W30']",0.01959059319330062,0.03788797284747439,598.0,0.028739283020387505,0.009148689827086887,0.1140103668245698,1.9639388980555033,3.4923516532172805,3.52226366269133,598.0,3.507307657954305,0.014956004737024799,0.18638074068810673,1.9639388980555033,completed,59.04455804824829,True,COMPLETE
155,3.031663359009933,2026-06-14 09:47:28.424661,2026-06-14 09:47:31.791666,0 days 00:00:03.367005,18,,2,4,419,ExtraTreesRegressor,12,True,,,,,,,,,,,,,,,,,,,,,,,,,,,,,,,,,,,,,,,,,,,,,ExtraTreesRegressor,"{'mode': 'original', 'type': 'ExtraTreesRegressor'}",12,"['nodes_T6W30', 're_T6W30', 'pe_T6W30', 'l1_T6W30', 'l2_T6W30', 'l3_T6W30', 'lcc_T6W30', 'lsc_T6W30', 'atd_T6W30', 'density_T6W30', 'diameter_T6W30', 'asp_T6W30']",,,,,,,,,,,,,,,pruned,,True,PRUNED
156,2.857054394430189,2026-06-14 09:47:31.798492,2026-06-14 09:48:45.475897,0 days 00:01:13.677405,7,sqrt,3,11,402,ExtraTreesRegressor,7,True,-0.01596772482834868,-0.011817632519514731,598.0,-0.013892678673931706,0.002075046154416974,0.025859087772606516,1.9639388980555033,2.846696757781198,2.8674120310791804,598.0,2.857054394430189,0.010357636648991335,0.12907618206607444,1.9639388980555033,916190309663405.8,1005485914365037.2,598.0,960838112014221.5,44647802350815.74,556397956443588.75,1.9639388980555033,8.400249373897914,8.575077595458897,598.0,8.487663484678405,0.08741411078049137,1.089348860229181,1.9639388980555033,2.569432870887908,2.6005433668366273,598.0,2.5849881188622676,0.015555247974359858,0.19384847023156937,1.9639388980555033,599.0,0.66110183639399,-0.02607334856182438,-0.01877752614859517,598.0,-0.022425437355209774,0.0036479112066146045,0.04546002790238002,1.9639388980555033,ExtraTreesRegressor,"{'mode': 'original', 'type': 'ExtraTreesRegressor'}",7,"['nodes_T6W30', 'l1_T6W30', 'l3_T6W30', 'lcc_T6W30', 'atd_T6W30', 'density_T6W30', 'asp_T6W30']",0.03827211979896777,0.05639504909135928,598.0,0.04733358444516352,0.009061464646195755,0.11292337239611142,1.9639388980555033,3.47139270071506,3.5007822100725914,598.0,3.4860874553938257,0.014694754678765768,0.18312505976132898,1.9639388980555033,completed,73.66728711128235,True,COMPLETE
157,2.9694112540614226,2026-06-14 09:48:45.490622,2026-06-14 09:48:48.065768,0 days 00:00:02.575146,18,log2,1,4,382,ExtraTreesRegressor,8,True,,,,,,,,,,,,,,,,,,,,,,,,,,,,,,,,,,,,,,,,,,,,,ExtraTreesRegressor,"{'mode': 'original', 'type': 'ExtraTreesRegressor'}",8,"['nodes_T6W30', 're_T6W30', 'pe_T6W30', 'l1_T6W30', 'l3_T6W30', 'atd_T6W30', 'density_T6W30', 'asp_T6W30']",,,,,,,,,,,,,,,pruned,,True,PRUNED
158,2.900344982953684,2026-06-14 09:48:48.071881,2026-06-14 09:48:50.000428,0 days 00:00:01.928547,11,sqrt,1,12,318,ExtraTreesRegressor,10,False,,,,,,,,,,,,,,,,,,,,,,,,,,,,,,,,,,,,,,,,,,,,,ExtraTreesRegressor,"{'mode': 'original', 'type': 'ExtraTreesRegressor'}",10,"['nodes_T6W30', 're_T6W30', 'l1_T6W30', 'l2_T6W30', 'l3_T6W30', 'lcc_T6W30', 'atd_T6W30', 'density_T6W30', 'diameter_T6W30', 'asp_T6W30']",,,,,,,,,,,,,,,pruned,,False,PRUNED
159,2.850144570167285,2026-06-14 09:48:50.007211,2026-06-14 09:49:13.123230,0 days 00:00:23.116019,3,sqrt,3,9,107,ExtraTreesRegressor,12,False,-0.013133908572824425,-0.009754939386957364,598.0,-0.011444423979890895,0.0016894845929335306,0.021054245124205312,1.9639388980555033,2.8403978980272746,2.8598912423072957,598.0,2.850144570167285,0.009746672140010605,0.12146238281151321,1.9639388980555033,922980217588379.1,1012203752106328.9,598.0,967591984847354.0,44611767258974.87,555948889515210.56,1.9639388980555033,8.249783377645807,8.415930379264493,598.0,8.33285687845515,0.08307350080934384,1.0352564661917614,1.9639388980555033,2.5492982040944274,2.577372059251904,598.0,2.5633351316731656,0.014036927578738017,0.17492726200024913,1.9639388980555033,599.0,0.5308848080133556,-0.009802729193798274,-0.004367576758967217,598.0,-0.007085152976382745,0.002717576217415528,0.03386625487115541,1.9639388980555033,ExtraTreesRegressor,"{'mode': 'original', 'type': 'ExtraTreesRegressor'}",12,"['nodes_T6W30', 're_T6W30', 'pe_T6W30', 'l1_T6W30', 'l2_T6W30', 'l3_T6W30', 'lcc_T6W30', 'lsc_T6W30', 'atd_T6W30', 'density_T6W30', 'diameter_T6W30', 'asp_T6W30']",0.07684271783276032,0.09505985695704723,598.0,0.08595128739490378,0.009108569562143452,0.11351039073949618,1.9639388980555033,3.446149037564879,3.4743489911230605,598.0,3.4602490143439697,0.014099976779091016,0.17571297696010696,1.9639388980555033,completed,23.10622811317444,False,COMPLETE
160,2.9008432144869207,2026-06-14 09:49:13.139824,2026-06-14 09:49:46.214140,0 days 00:00:33.074316,8,log2,3,2,152,ExtraTreesRegressor,8,False,-0.032056068270431656,-0.026835947695186185,598.0,-0.02944600798280892,0.002610060287622737,0.03252639847348104,1.9639388980555033,2.8895328779573592,2.912153551016482,598.0,2.9008432144869207,0.011310336529561567,0.140948664892626,1.9639388980555033,919126158141673.8,1009202985815794.0,598.0,964164571978733.9,45038413837060.14,561265730919969.1,1.9639388980555033,8.583846218762629,8.765421079501527,598.0,8.674633649132078,0.09078743036944996,1.1313869455750187,1.9639388980555033,2.62298190623463,2.66012835128884,598.0,2.641555128761735,0.018573222527104995,0.23145826926606694,1.9639388980555033,599.0,0.8263772954924875,-0.06438259494140527,-0.05479939675782115,598.0,-0.059590995849613214,0.00479159909179206,0.059712590595656666,1.9639388980555033,ExtraTreesRegressor,"{'mode': 'original', 'type': 'ExtraTreesRegressor'}",8,"['nodes_T6W30', 'l1_T6W30', 'l3_T6W30', 'lcc_T6W30', 'atd_T6W30', 'density_T6W30', 'diameter_T6W30', 'asp_T6W30']",-0.003050538039563691,0.015112379629010065,598.0,0.006030920794723187,0.009081458834286878,0.11317253864414392,1.9639388980555033,3.532728710671821,3.5635090254754176,598.0,3.5481188680736193,0.015390157401798166,0.19179112244814034,1.9639388980555033,completed,33.06520080566406,False,COMPLETE
