number,value,datetime_start,datetime_complete,duration,params_et_max_depth,params_et_max_features,params_et_min_samples_leaf,params_et_min_samples_split,params_et_n_estimators,params_regressor,params_rfe_n_features,params_use_scaler,user_attrs_d2mae_ci_lower_val,user_attrs_d2mae_ci_upper_val,user_attrs_d2mae_df_val,user_attrs_d2mae_mean_val,user_attrs_d2mae_samperror_val,user_attrs_d2mae_std_val,user_attrs_d2mae_t_critical_val,user_attrs_mae_ci_lower_val,user_attrs_mae_ci_upper_val,user_attrs_mae_df_val,user_attrs_mae_mean_val,user_attrs_mae_samperror_val,user_attrs_mae_std_val,user_attrs_mae_t_critical_val,user_attrs_mape_ci_lower_val,user_attrs_mape_ci_upper_val,user_attrs_mape_df_val,user_attrs_mape_mean_val,user_attrs_mape_samperror_val,user_attrs_mape_std_val,user_attrs_mape_t_critical_val,user_attrs_max_error_ci_lower_val,user_attrs_max_error_ci_upper_val,user_attrs_max_error_df_val,user_attrs_max_error_mean_val,user_attrs_max_error_samperror_val,user_attrs_max_error_std_val,user_attrs_max_error_t_critical_val,user_attrs_median_ae_ci_lower_val,user_attrs_median_ae_ci_upper_val,user_attrs_median_ae_df_val,user_attrs_median_ae_mean_val,user_attrs_median_ae_samperror_val,user_attrs_median_ae_std_val,user_attrs_median_ae_t_critical_val,user_attrs_n_splits_val,user_attrs_r2_below_zero_val,user_attrs_r2_ci_lower_val,user_attrs_r2_ci_upper_val,user_attrs_r2_df_val,user_attrs_r2_mean_val,user_attrs_r2_samperror_val,user_attrs_r2_std_val,user_attrs_r2_t_critical_val,user_attrs_regressor_final,user_attrs_rfe_estimator,user_attrs_rfe_n_features,user_attrs_rfe_selected_features,user_attrs_rho_ci_lower_val,user_attrs_rho_ci_upper_val,user_attrs_rho_df_val,user_attrs_rho_mean_val,user_attrs_rho_samperror_val,user_attrs_rho_std_val,user_attrs_rho_t_critical_val,user_attrs_rmse_ci_lower_val,user_attrs_rmse_ci_upper_val,user_attrs_rmse_df_val,user_attrs_rmse_mean_val,user_attrs_rmse_samperror_val,user_attrs_rmse_std_val,user_attrs_rmse_t_critical_val,user_attrs_termination_reason,user_attrs_trial_time_seconds,user_attrs_use_scaler_final,state
195,2.876953341790352,2026-06-14 10:14:13.095991,2026-06-14 10:15:13.923078,0 days 00:01:00.827087,15,sqrt,5,12,319,ExtraTreesRegressor,11,False,-0.02308325915171009,-0.018813045901164206,598.0,-0.02094815252643715,0.002135106625272941,0.02660755738337761,1.9639388980555033,2.866428136390556,2.8874785471901476,598.0,2.876953341790352,0.010525205399795772,0.13116441274266652,1.9639388980555033,925113184066648.2,1015296261619794.8,598.0,970204722843221.5,45091538776573.3,561927770398397.5,1.9639388980555033,8.416298519493198,8.593763281546606,598.0,8.505030900519902,0.08873238102670314,1.105777056745313,1.9639388980555033,2.584677267885205,2.615951392964437,598.0,2.600314330424821,0.015637062539616203,0.19486803792626284,1.9639388980555033,599.0,0.7462437395659433,-0.034662119175248626,-0.02742875798218396,598.0,-0.031045438578716295,0.0036166805965323332,0.045070834107538184,1.9639388980555033,ExtraTreesRegressor,"{'mode': 'original', 'type': 'ExtraTreesRegressor'}",11,"['nodes_T6W30', 're_T6W30', 'pe_T6W30', 'l1_T6W30', 'l2_T6W30', 'l3_T6W30', 'lcc_T6W30', 'atd_T6W30', 'density_T6W30', 'diameter_T6W30', 'asp_T6W30']",0.012113211711166848,0.030328636826854882,598.0,0.021220924269010864,0.009107712557844016,0.11349971080866501,1.9639388980555033,3.48602195162749,3.515737082071562,598.0,3.500879516849526,0.01485756522203594,0.1851539939707042,1.9639388980555033,completed,60.817421197891235,False,COMPLETE
196,2.834701763473023,2026-06-14 10:15:13.937796,2026-06-14 10:16:27.339843,0 days 00:01:13.402047,9,log2,3,8,428,ExtraTreesRegressor,2,False,-0.007463549218583172,-0.004418993378031097,598.0,-0.005941271298307135,0.001522277920276037,0.018970526641504636,1.9639388980555033,2.8250898469332886,2.8443136800127573,598.0,2.834701763473023,0.009611916539734344,0.1197830674440084,1.9639388980555033,928146922724956.0,1018552886417131.2,598.0,973349904571043.6,45202981846087.625,563316566551237.5,1.9639388980555033,8.286970707149985,8.459592110851803,598.0,8.373281409000894,0.08631070185090918,1.075598251213373,1.9639388980555033,2.531119364872002,2.5563189090123406,598.0,2.543719136942171,0.012599772070169487,0.15701752521687604,1.9639388980555033,599.0,0.4257095158597663,-0.0029486357832723127,0.0020615242395329264,598.0,-0.0004435557718696932,0.0025050800114026195,0.031218141222725457,1.9639388980555033,ExtraTreesRegressor,"{'mode': 'original', 'type': 'ExtraTreesRegressor'}",2,"['atd_T6W30', 'density_T6W30']",0.09412551834262745,0.11284166129751266,598.0,0.10348358982007005,0.009358071477442605,0.116619667086637,1.9639388980555033,3.4348304088988812,3.463313251333354,598.0,3.4490718301161176,0.01424142121723627,0.17747564818221903,1.9639388980555033,completed,73.39293694496155,False,COMPLETE
197,2.926991975749087,2026-06-14 10:16:27.367433,2026-06-14 10:16:28.526877,0 days 00:00:01.159444,11,,5,5,173,ExtraTreesRegressor,12,False,,,,,,,,,,,,,,,,,,,,,,,,,,,,,,,,,,,,,,,,,,,,,ExtraTreesRegressor,"{'mode': 'original', 'type': 'ExtraTreesRegressor'}",12,"['nodes_T6W30', 're_T6W30', 'pe_T6W30', 'l1_T6W30', 'l2_T6W30', 'l3_T6W30', 'lcc_T6W30', 'lsc_T6W30', 'atd_T6W30', 'density_T6W30', 'diameter_T6W30', 'asp_T6W30']",,,,,,,,,,,,,,,pruned,,False,PRUNED
198,2.960922123812121,2026-06-14 10:16:28.532661,2026-06-14 10:16:30.159667,0 days 00:00:01.627006,11,sqrt,1,3,256,ExtraTreesRegressor,10,False,,,,,,,,,,,,,,,,,,,,,,,,,,,,,,,,,,,,,,,,,,,,,ExtraTreesRegressor,"{'mode': 'original', 'type': 'ExtraTreesRegressor'}",10,"['nodes_T6W30', 'pe_T6W30', 'l1_T6W30', 'l2_T6W30', 'l3_T6W30', 'lcc_T6W30', 'atd_T6W30', 'density_T6W30', 'diameter_T6W30', 'asp_T6W30']",,,,,,,,,,,,,,,pruned,,False,PRUNED
199,2.839987353458014,2026-06-14 10:16:30.166020,2026-06-14 10:17:28.986512,0 days 00:00:58.820492,4,sqrt,4,10,325,ExtraTreesRegressor,5,True,-0.009699821681797205,-0.0059663631538402605,598.0,-0.007833092417818733,0.0018667292639784716,0.023263056478122254,1.9639388980555033,2.829977605337961,2.8499971015780665,598.0,2.839987353458014,0.010009748120052824,0.1247408182546456,1.9639388980555033,917397476204567.9,1006614663390752.6,598.0,962006069797660.2,44608593593092.414,555909339501134.56,1.9639388980555033,8.317253785937892,8.496498873316275,598.0,8.406876329627083,0.08962254368919163,1.116870204901169,1.9639388980555033,2.5413486783787964,2.5694623052230043,598.0,2.5554054918009004,0.014056813422103803,0.17517507806348878,1.9639388980555033,599.0,0.5041736227045075,-0.011109561941157016,-0.00456836498518347,598.0,-0.007838963463170243,0.003270598477986773,0.04075798166281087,1.9639388980555033,ExtraTreesRegressor,"{'mode': 'original', 'type': 'ExtraTreesRegressor'}",5,"['nodes_T6W30', 'lcc_T6W30', 'atd_T6W30', 'density_T6W30', 'asp_T6W30']",0.08188870935528775,0.10047936803962307,598.0,0.09118403869745541,0.009295329342167665,0.11583777875144897,1.9639388980555033,3.446853892126185,3.4759288978426546,598.0,3.4613913949844197,0.014537502858234824,0.18116539798664696,1.9639388980555033,completed,58.81153106689453,True,COMPLETE
200,2.8487791681280084,2026-06-14 10:17:29.002396,2026-06-14 10:18:49.554008,0 days 00:01:20.551612,6,log2,4,4,458,ExtraTreesRegressor,7,True,-0.01294767404666184,-0.008974517511496645,598.0,-0.010961095779079243,0.0019865782675825973,0.02475660682497191,1.9639388980555033,2.838604512467575,2.8589538237884415,598.0,2.8487791681280084,0.01017465566043334,0.12679588510315268,1.9639388980555033,921688424715569.9,1011325890833063.6,598.0,966507157774316.8,44818733058746.92,558528083607274.9,1.9639388980555033,8.330857363768853,8.50533135991019,598.0,8.418094361839522,0.08723699807066848,1.0871416933672753,1.9639388980555033,2.5743617822396385,2.605739685086634,598.0,2.590050733663136,0.015688951423497886,0.19551467376125994,1.9639388980555033,599.0,0.5976627712854758,-0.017955774649973773,-0.011167834631499046,598.0,-0.01456180464073641,0.0033939700092373644,0.042295429515938884,1.9639388980555033,ExtraTreesRegressor,"{'mode': 'original', 'type': 'ExtraTreesRegressor'}",7,"['nodes_T6W30', 'l1_T6W30', 'lcc_T6W30', 'atd_T6W30', 'density_T6W30', 'diameter_T6W30', 'asp_T6W30']",0.0609335573987442,0.07897078794887392,598.0,0.06995217267380906,0.009018615275064862,0.11238938637044345,1.9639388980555033,3.458277658548095,3.487232502318525,598.0,3.47275508043331,0.014477421885215174,0.18041667287926966,1.9639388980555033,completed,80.54254102706909,True,COMPLETE
201,2.857214460266804,2026-06-14 10:18:49.571781,2026-06-14 10:20:09.964946,0 days 00:01:20.393165,4,log2,3,7,458,ExtraTreesRegressor,9,False,-0.01601219222634695,-0.011919797769477079,598.0,-0.013965994997912014,0.0020461972284349364,0.02549957436731335,1.9639388980555033,2.8469908694537924,2.867438051079816,598.0,2.857214460266804,0.010223590813011661,0.12740571173423512,1.9639388980555033,915511101979398.6,1004520224894216.1,598.0,960015663436807.4,44504561457408.8,554612897914961.6,1.9639388980555033,8.315166836964039,8.489036376531875,598.0,8.402101606747957,0.08693476978391791,1.0833753444704992,1.9639388980555033,2.549602207112511,2.5800809744730393,598.0,2.564841590792775,0.015239383680264063,0.18991219031419543,1.9639388980555033,599.0,0.6210350584307178,-0.021524694181260517,-0.0144260387739212,598.0,-0.01797536647759086,0.003549327703669658,0.04423148681660323,1.9639388980555033,ExtraTreesRegressor,"{'mode': 'original', 'type': 'ExtraTreesRegressor'}",9,"['nodes_T6W30', 'l1_T6W30', 'l2_T6W30', 'l3_T6W30', 'lcc_T6W30', 'atd_T6W30', 'density_T6W30', 'diameter_T6W30', 'asp_T6W30']",0.05766937918791306,0.07594409594723556,598.0,0.06680673756757431,0.00913735837966125,0.1138691550770882,1.9639388980555033,3.463972290528435,3.4929460823517715,598.0,3.4784591864401033,0.014486895911668131,0.18053473756958294,1.9639388980555033,completed,80.38397216796875,False,COMPLETE
202,2.8386728446661125,2026-06-14 10:20:09.980320,2026-06-14 10:21:29.920500,0 days 00:01:19.940180,2,log2,2,6,472,ExtraTreesRegressor,9,True,-0.008927205195137657,-0.005814911621570652,598.0,-0.007371058408354154,0.001556146786783502,0.019392598213219293,1.9639388980555033,2.8291185877746496,2.8482271015575753,598.0,2.8386728446661125,0.009554256891462656,0.11906451672530687,1.9639388980555033,923824454713266.2,1013195652077256.8,598.0,968510053395261.5,44685598681995.28,556868971819981.06,1.9639388980555033,8.209596527873341,8.372733875489192,598.0,8.291165201681267,0.08156867380792515,1.0165034117455063,1.9639388980555033,2.5536829150087863,2.5828898428277807,598.0,2.5682863789182835,0.014603463909497207,0.18198740023972293,1.9639388980555033,599.0,0.4056761268781302,-0.000749447580388619,0.004124478502642158,598.0,0.0016875154611267697,0.0024369630415153887,0.030369272054505528,1.9639388980555033,ExtraTreesRegressor,"{'mode': 'original', 'type': 'ExtraTreesRegressor'}",9,"['nodes_T6W30', 're_T6W30', 'l1_T6W30', 'l3_T6W30', 'lcc_T6W30', 'atd_T6W30', 'density_T6W30', 'diameter_T6W30', 'asp_T6W30']",0.11421487108740484,0.1327188213247899,598.0,0.12346684620609738,0.009251975118692532,0.11529750128929697,1.9639388980555033,3.4313050733818837,3.4592473650843942,598.0,3.445276219233139,0.013971145851255449,0.17410749446824292,1.9639388980555033,completed,79.93152523040771,True,COMPLETE
203,2.9225970976272224,2026-06-14 10:21:29.935682,2026-06-14 10:21:31.849911,0 days 00:00:01.914229,20,,2,8,259,ExtraTreesRegressor,5,False,,,,,,,,,,,,,,,,,,,,,,,,,,,,,,,,,,,,,,,,,,,,,ExtraTreesRegressor,"{'mode': 'original', 'type': 'ExtraTreesRegressor'}",5,"['l1_T6W30', 'l2_T6W30', 'l3_T6W30', 'density_T6W30', 'asp_T6W30']",,,,,,,,,,,,,,,pruned,,False,PRUNED
204,2.8350205485389672,2026-06-14 10:21:31.855734,2026-06-14 10:22:23.024690,0 days 00:00:51.168956,4,log2,4,11,286,ExtraTreesRegressor,2,True,-0.007360350256720954,-0.004760667409687243,598.0,-0.006060508833204099,0.0012998414235168554,0.016198537748012807,1.9639388980555033,2.8257060014706106,2.844335095607324,598.0,2.8350205485389672,0.009314547068356478,0.11607726878267001,1.9639388980555033,930644646219209.1,1020730053608001.1,598.0,975687349913605.1,45042703694396.02,561319190838026.56,1.9639388980555033,8.22983772047567,8.39367469669155,598.0,8.31175620858361,0.08191848810793904,1.0208627743885572,1.9639388980555033,2.529102434533205,2.5524607507670067,598.0,2.540781592650106,0.011679158116900701,0.14554489509171498,1.9639388980555033,599.0,0.335559265442404,0.003985148218033434,0.007796761214199612,598.0,0.005890954716116523,0.0019058064980830888,0.023750034381949125,1.9639388980555033,ExtraTreesRegressor,"{'mode': 'original', 'type': 'ExtraTreesRegressor'}",2,"['atd_T6W30', 'density_T6W30']",0.11923293091531897,0.13836901693569228,598.0,0.12880097392550563,0.009568043010186657,0.11923631842396724,1.9639388980555033,3.4243682834307396,3.4522743825477544,598.0,3.438321332989247,0.013953049558507373,0.17388197966630214,1.9639388980555033,completed,51.16035199165344,True,COMPLETE
205,2.9140177796224753,2026-06-14 10:22:23.039629,2026-06-14 10:22:23.966139,0 days 00:00:00.926510,19,,4,11,124,ExtraTreesRegressor,8,False,,,,,,,,,,,,,,,,,,,,,,,,,,,,,,,,,,,,,,,,,,,,,ExtraTreesRegressor,"{'mode': 'original', 'type': 'ExtraTreesRegressor'}",8,"['nodes_T6W30', 're_T6W30', 'l1_T6W30', 'l2_T6W30', 'l3_T6W30', 'atd_T6W30', 'density_T6W30', 'asp_T6W30']",,,,,,,,,,,,,,,pruned,,False,PRUNED
206,2.849834331038813,2026-06-14 10:22:23.971922,2026-06-14 10:23:38.249743,0 days 00:01:14.277821,10,log2,4,2,413,ExtraTreesRegressor,5,False,-0.013510822181529835,-0.009186979490877642,598.0,-0.011348900836203739,0.0021619213453260965,0.026941720649084462,1.9639388980555033,2.8394386119905928,2.860230050087033,598.0,2.849834331038813,0.010395719048220035,0.12955076240355282,1.9639388980555033,917102853619724.2,1006663035288575.8,598.0,961882944454150.0,44780090834425.734,558046526766564.0,1.9639388980555033,8.414805856172546,8.595781040716915,598.0,8.50529344844473,0.09048759227218421,1.127650383061331,1.9639388980555033,2.5851839424009717,2.618358019307577,598.0,2.6017709808542744,0.01658703845330265,0.20670657485788216,1.9639388980555033,599.0,0.657762938230384,-0.02765592974147905,-0.020020960772939887,598.0,-0.02383844525720947,0.0038174844842695827,0.047573238859849404,1.9639388980555033,ExtraTreesRegressor,"{'mode': 'original', 'type': 'ExtraTreesRegressor'}",5,"['nodes_T6W30', 'l1_T6W30', 'lcc_T6W30', 'atd_T6W30', 'density_T6W30']",0.05232209837403366,0.0700660437632299,598.0,0.061194071068631783,0.00887197269459812,0.11056193624292737,1.9639388980555033,3.473614937290715,3.5031240680158042,598.0,3.4883695026532595,0.014754565362544799,0.1838704165420875,1.9639388980555033,completed,74.26919889450073,False,COMPLETE
207,2.924241342588094,2026-06-14 10:23:38.264737,2026-06-14 10:23:39.239885,0 days 00:00:00.975148,18,,5,11,142,ExtraTreesRegressor,11,True,,,,,,,,,,,,,,,,,,,,,,,,,,,,,,,,,,,,,,,,,,,,,ExtraTreesRegressor,"{'mode': 'original', 'type': 'ExtraTreesRegressor'}",11,"['nodes_T6W30', 're_T6W30', 'l1_T6W30', 'l2_T6W30', 'l3_T6W30', 'lcc_T6W30', 'lsc_T6W30', 'atd_T6W30', 'density_T6W30', 'diameter_T6W30', 'asp_T6W30']",,,,,,,,,,,,,,,pruned,,True,PRUNED
208,2.945723512016161,2026-06-14 10:23:39.245669,2026-06-14 10:24:36.675896,0 days 00:00:57.430227,19,,3,7,259,ExtraTreesRegressor,6,False,-0.048689749777146886,-0.04206985189233973,598.0,-0.04537980083474331,0.003309948942403582,0.04124836454469573,1.9639388980555033,2.9330006888922218,2.9584463351401005,598.0,2.945723512016161,0.012722823123939239,0.15855097930085893,1.9639388980555033,924656753173665.2,1016246173530166.2,598.0,970451463351915.8,45794710178250.516,570690645844060.5,1.9639388980555033,8.79525522826043,8.972470978883486,598.0,8.883863103571958,0.08860787531152714,1.104225474767209,1.9639388980555033,2.6464149307710225,2.6866383577132944,598.0,2.6665266442421585,0.020111713471136078,0.25063084153602594,1.9639388980555033,599.0,0.9115191986644408,-0.09922870099844258,-0.08731604123107276,598.0,-0.09327237111475767,0.005956329883684907,0.07422738859901826,1.9639388980555033,ExtraTreesRegressor,"{'mode': 'original', 'type': 'ExtraTreesRegressor'}",6,"['l1_T6W30', 'l2_T6W30', 'l3_T6W30', 'atd_T6W30', 'density_T6W30', 'asp_T6W30']",-0.0011475326504558677,0.017316730977032825,598.0,0.008084599163288478,0.009232131813744346,0.11505021533700067,1.9639388980555033,3.586942212641934,3.619678287901058,598.0,3.603310250271496,0.016368037629561894,0.20397740109404525,1.9639388980555033,completed,57.42164468765259,False,COMPLETE
209,2.9221769584371544,2026-06-14 10:24:36.691511,2026-06-14 10:25:09.904628,0 days 00:00:33.213117,11,,4,5,141,ExtraTreesRegressor,6,False,-0.04005342142351846,-0.03396411562421775,598.0,-0.037008768523868106,0.003044652899650357,0.03794226282706509,1.9639388980555033,2.9099657764804663,2.9343881403938425,598.0,2.9221769584371544,0.012211181956688048,0.15217494095401804,1.9639388980555033,920097690089407.5,1010837813345987.2,598.0,965467751717697.4,45370061628289.91,565398703733487.6,1.9639388980555033,8.70068793514137,8.881967175975614,598.0,8.791327555558492,0.09063962041712223,1.129544947736671,1.9639388980555033,2.632323327444149,2.67109916019766,598.0,2.6517112438209045,0.019387916376755302,0.24161093007366677,1.9639388980555033,599.0,0.8647746243739566,-0.07910135944224159,-0.06820213224561922,598.0,-0.0736517458439304,0.005449613598311188,0.06791272380402252,1.9639388980555033,ExtraTreesRegressor,"{'mode': 'original', 'type': 'ExtraTreesRegressor'}",6,"['l1_T6W30', 'l2_T6W30', 'l3_T6W30', 'atd_T6W30', 'density_T6W30', 'asp_T6W30']",0.005964670358114472,0.02450879996391451,598.0,0.01523673516101449,0.009272064802900017,0.1155478576036081,1.9639388980555033,3.555190410259579,3.5872925136908513,598.0,3.571241461975215,0.016051051715636203,0.20002714362462168,1.9639388980555033,completed,33.20393204689026,False,COMPLETE
210,2.8881942468635624,2026-06-14 10:25:09.920145,2026-06-14 10:25:10.624276,0 days 00:00:00.704131,15,log2,2,10,121,ExtraTreesRegressor,13,True,,,,,,,,,,,,,,,,,,,,,,,,,,,,,,,,,,,,,,,,,,,,,ExtraTreesRegressor,"{'mode': 'original', 'type': 'ExtraTreesRegressor'}",13,"['nodes_T6W30', 'edges_T6W30', 're_T6W30', 'pe_T6W30', 'l1_T6W30', 'l2_T6W30', 'l3_T6W30', 'lcc_T6W30', 'lsc_T6W30', 'atd_T6W30', 'density_T6W30', 'diameter_T6W30', 'asp_T6W30']",,,,,,,,,,,,,,,pruned,,True,PRUNED
211,2.9235774809603536,2026-06-14 10:25:10.629870,2026-06-14 10:25:11.476491,0 days 00:00:00.846621,18,log2,1,9,133,ExtraTreesRegressor,12,False,,,,,,,,,,,,,,,,,,,,,,,,,,,,,,,,,,,,,,,,,,,,,ExtraTreesRegressor,"{'mode': 'original', 'type': 'ExtraTreesRegressor'}",12,"['nodes_T6W30', 'edges_T6W30', 'pe_T6W30', 'l1_T6W30', 'l2_T6W30', 'l3_T6W30', 'lcc_T6W30', 'lsc_T6W30', 'atd_T6W30', 'density_T6W30', 'diameter_T6W30', 'asp_T6W30']",,,,,,,,,,,,,,,pruned,,False,PRUNED
212,2.92398766317367,2026-06-14 10:25:11.482248,2026-06-14 10:26:50.158365,0 days 00:01:38.676117,9,,4,12,486,ExtraTreesRegressor,7,True,-0.04058909899214438,-0.03470903850559676,598.0,-0.03764906874887057,0.002940030243273804,0.036638462211119424,1.9639388980555033,2.9119619429350108,2.9360133834123294,598.0,2.92398766317367,0.012025720238659204,0.1498637293046975,1.9639388980555033,919374363494771.2,1010066622512094.5,598.0,964720493003432.9,45346129508661.56,565100463243397.1,1.9639388980555033,8.692629786396786,8.880509493613097,598.0,8.786569640004942,0.09393985360815622,1.170672235231149,1.9639388980555033,2.6496543805668162,2.6880334704805904,598.0,2.6688439255237033,0.019189544956886982,0.23913883857486698,1.9639388980555033,599.0,0.8781302170283807,-0.0816790386188547,-0.07098574187338244,598.0,-0.07633239024611857,0.005346648372736122,0.06662957798097457,1.9639388980555033,ExtraTreesRegressor,"{'mode': 'original', 'type': 'ExtraTreesRegressor'}",7,"['nodes_T6W30', 'l1_T6W30', 'l2_T6W30', 'l3_T6W30', 'atd_T6W30', 'density_T6W30', 'asp_T6W30']",-0.010138647054873504,0.00824510779088035,598.0,-0.000946769631996577,0.009191877422876927,0.1145485677835438,1.9639388980555033,3.559803645000931,3.591789231818217,598.0,3.575796438409574,0.01599279340864314,0.19930113246057582,1.9639388980555033,completed,98.66692399978638,True,COMPLETE
213,2.876148251985879,2026-06-14 10:26:50.174450,2026-06-14 10:27:48.824731,0 days 00:00:58.650281,12,log2,5,9,302,ExtraTreesRegressor,12,True,-0.022718194517736278,-0.018618920483873137,598.0,-0.020668557500804707,0.00204963701693157,0.02554244078378524,1.9639388980555033,2.865791621824137,2.886504882147621,598.0,2.876148251985879,0.010356630161742259,0.12906363928862322,1.9639388980555033,926021828632226.6,1016135437067571.4,598.0,971078632849899.0,45056804217672.38,561494910625399.44,1.9639388980555033,8.393168845967448,8.568703576476821,598.0,8.480936211222135,0.08776736525468722,1.093751094095089,1.9639388980555033,2.582046269113031,2.613163367803414,598.0,2.5976048184582226,0.015558549345191396,0.19388961169626448,1.9639388980555033,599.0,0.7278797996661102,-0.03273837304399157,-0.02589749955813633,598.0,-0.029317936301063947,0.0034204367429276185,0.042625256198633936,1.9639388980555033,ExtraTreesRegressor,"{'mode': 'original', 'type': 'ExtraTreesRegressor'}",12,"['nodes_T6W30', 're_T6W30', 'pe_T6W30', 'l1_T6W30', 'l2_T6W30', 'l3_T6W30', 'lcc_T6W30', 'lsc_T6W30', 'atd_T6W30', 'density_T6W30', 'diameter_T6W30', 'asp_T6W30']",0.011204746932858011,0.029246365256546215,598.0,0.020225556094702113,0.009020809161844102,0.11241672644221329,1.9639388980555033,3.4833315064026453,3.512664244516102,598.0,3.4979978754593737,0.014666369056728178,0.18277132001911284,1.9639388980555033,completed,58.6405189037323,True,COMPLETE
214,2.9074416202320275,2026-06-14 10:27:48.841382,2026-06-14 10:27:51.093740,0 days 00:00:02.252358,7,,5,7,370,ExtraTreesRegressor,11,True,,,,,,,,,,,,,,,,,,,,,,,,,,,,,,,,,,,,,,,,,,,,,ExtraTreesRegressor,"{'mode': 'original', 'type': 'ExtraTreesRegressor'}",11,"['nodes_T6W30', 're_T6W30', 'l1_T6W30', 'l2_T6W30', 'l3_T6W30', 'lcc_T6W30', 'lsc_T6W30', 'atd_T6W30', 'density_T6W30', 'diameter_T6W30', 'asp_T6W30']",,,,,,,,,,,,,,,pruned,,True,PRUNED
