number,value,datetime_start,datetime_complete,duration,params_et_max_depth,params_et_max_features,params_et_min_samples_leaf,params_et_min_samples_split,params_et_n_estimators,params_regressor,params_rfe_n_features,params_use_scaler,user_attrs_d2mae_ci_lower_val,user_attrs_d2mae_ci_upper_val,user_attrs_d2mae_df_val,user_attrs_d2mae_mean_val,user_attrs_d2mae_samperror_val,user_attrs_d2mae_std_val,user_attrs_d2mae_t_critical_val,user_attrs_mae_ci_lower_val,user_attrs_mae_ci_upper_val,user_attrs_mae_df_val,user_attrs_mae_mean_val,user_attrs_mae_samperror_val,user_attrs_mae_std_val,user_attrs_mae_t_critical_val,user_attrs_mape_ci_lower_val,user_attrs_mape_ci_upper_val,user_attrs_mape_df_val,user_attrs_mape_mean_val,user_attrs_mape_samperror_val,user_attrs_mape_std_val,user_attrs_mape_t_critical_val,user_attrs_max_error_ci_lower_val,user_attrs_max_error_ci_upper_val,user_attrs_max_error_df_val,user_attrs_max_error_mean_val,user_attrs_max_error_samperror_val,user_attrs_max_error_std_val,user_attrs_max_error_t_critical_val,user_attrs_median_ae_ci_lower_val,user_attrs_median_ae_ci_upper_val,user_attrs_median_ae_df_val,user_attrs_median_ae_mean_val,user_attrs_median_ae_samperror_val,user_attrs_median_ae_std_val,user_attrs_median_ae_t_critical_val,user_attrs_n_splits_val,user_attrs_r2_below_zero_val,user_attrs_r2_ci_lower_val,user_attrs_r2_ci_upper_val,user_attrs_r2_df_val,user_attrs_r2_mean_val,user_attrs_r2_samperror_val,user_attrs_r2_std_val,user_attrs_r2_t_critical_val,user_attrs_regressor_final,user_attrs_rfe_estimator,user_attrs_rfe_n_features,user_attrs_rfe_selected_features,user_attrs_rho_ci_lower_val,user_attrs_rho_ci_upper_val,user_attrs_rho_df_val,user_attrs_rho_mean_val,user_attrs_rho_samperror_val,user_attrs_rho_std_val,user_attrs_rho_t_critical_val,user_attrs_rmse_ci_lower_val,user_attrs_rmse_ci_upper_val,user_attrs_rmse_df_val,user_attrs_rmse_mean_val,user_attrs_rmse_samperror_val,user_attrs_rmse_std_val,user_attrs_rmse_t_critical_val,user_attrs_termination_reason,user_attrs_trial_time_seconds,user_attrs_use_scaler_final,state
281,2.840778580967492,2026-06-14 11:16:49.989778,2026-06-14 11:17:52.298699,0 days 00:01:02.308921,5,sqrt,4,8,350,ExtraTreesRegressor,6,False,-0.010039129779666423,-0.0062154974068228085,598.0,-0.008127313593244615,0.0019118161864218066,0.023824926720081515,1.9639388980555033,2.830763761363058,2.850793400571926,598.0,2.840778580967492,0.010014819604434259,0.12480401875718758,1.9639388980555033,918380552342416.5,1007682657816345.2,598.0,963031605079380.9,44651052736964.39,556438462540541.8,1.9639388980555033,8.308292661228945,8.484164726075894,598.0,8.39622869365242,0.08793603242347492,1.0958530131838542,1.9639388980555033,2.559460059596073,2.5891066566955696,598.0,2.5742833581458213,0.014823298549748358,0.18472696496969934,1.9639388980555033,599.0,0.5509181969949917,-0.012170432803006254,-0.005591181801079751,598.0,-0.008880807302043003,0.003289625500963252,0.04099509516322764,1.9639388980555033,ExtraTreesRegressor,"{'mode': 'original', 'type': 'ExtraTreesRegressor'}",6,"['nodes_T6W30', 'l1_T6W30', 'lcc_T6W30', 'atd_T6W30', 'density_T6W30', 'asp_T6W30']",0.07569615805253228,0.09381980027362284,598.0,0.08475797916307756,0.00906182111054528,0.11292781463123114,1.9639388980555033,3.4486645028791942,3.4774861012922926,598.0,3.4630753020857434,0.014410799206549073,0.17958642546929968,1.9639388980555033,completed,62.29869103431702,False,COMPLETE
282,2.8379741754802676,2026-06-14 11:17:52.315832,2026-06-14 11:18:50.859905,0 days 00:00:58.544073,6,sqrt,5,5,336,ExtraTreesRegressor,2,True,-0.008397639730222891,-0.005832703248105498,598.0,-0.007115171489164194,0.001282468241058697,0.015982034298622664,1.9639388980555033,2.828704217877618,2.8472441330829175,598.0,2.8379741754802676,0.009269957602649696,0.11552159781362148,1.9639388980555033,931223682474787.4,1021246051445358.9,598.0,976234866960073.1,45011184485285.75,560926400541208.0,1.9639388980555033,8.24197113771237,8.40751737526204,598.0,8.324744256487206,0.08277311877483412,1.0315131251681575,1.9639388980555033,2.535339881430457,2.558395400567915,598.0,2.546867640999186,0.011527759568729028,0.1436581764095869,1.9639388980555033,599.0,0.3555926544240401,0.001880374579883222,0.005622020050611928,598.0,0.003751197315247575,0.001870822735364353,0.02331406904747491,1.9639388980555033,ExtraTreesRegressor,"{'mode': 'original', 'type': 'ExtraTreesRegressor'}",2,"['nodes_T6W30', 'density_T6W30']",0.10435981692097807,0.1231129101681171,598.0,0.11373636354454758,0.009376546623569515,0.11684990313429816,1.9639388980555033,3.4280865702023418,3.4559309715520854,598.0,3.4420087708772136,0.013922200674872043,0.17349754292116523,1.9639388980555033,completed,58.53444981575012,True,COMPLETE
283,2.8407140497546295,2026-06-14 11:18:50.874929,2026-06-14 11:19:13.314129,0 days 00:00:22.439200,7,sqrt,5,6,103,ExtraTreesRegressor,6,False,-0.009953808396050028,-0.006233976326255518,598.0,-0.008093892361152773,0.0018599160348972544,0.02317815046846505,1.9639388980555033,2.8307198688980995,2.8507082306111595,598.0,2.8407140497546295,0.009994180856530178,0.12454682004744694,1.9639388980555033,921754857191723.5,1011283967649419.5,598.0,966519412420571.5,44764555228847.945,557852923078577.9,1.9639388980555033,8.299840602028898,8.474569709228383,598.0,8.38720515562864,0.08736455359974209,1.088731281924221,1.9639388980555033,2.577246015924533,2.6076277617806505,598.0,2.5924368888525917,0.015190872928058938,0.18930765253246115,1.9639388980555033,599.0,0.5425709515859767,-0.011046808071758642,-0.004824916079648054,598.0,-0.007935862075703348,0.003110945996055294,0.03876840300472046,1.9639388980555033,ExtraTreesRegressor,"{'mode': 'original', 'type': 'ExtraTreesRegressor'}",6,"['nodes_T6W30', 'l1_T6W30', 'lcc_T6W30', 'atd_T6W30', 'density_T6W30', 'asp_T6W30']",0.06994192935863668,0.08798113610747431,598.0,0.07896153273305549,0.009019603374418818,0.11240169999916327,1.9639388980555033,3.4472067622126903,3.4759245370142557,598.0,3.461565649613473,0.014358887400782854,0.17893950398329528,1.9639388980555033,completed,22.430848836898804,False,COMPLETE
284,2.883519908030493,2026-06-14 11:19:13.329181,2026-06-14 11:20:39.130164,0 days 00:01:25.800983,20,sqrt,2,8,464,ExtraTreesRegressor,6,False,-0.025786402500537067,-0.02076381480130125,598.0,-0.023275108650919158,0.0025112938496179085,0.03129557766310145,1.9639388980555033,2.8723175204330307,2.8947222956279557,598.0,2.883519908030493,0.011202387597462437,0.13960341244888222,1.9639388980555033,915878413214612.5,1005844011365214.8,598.0,960861212289913.6,44982799075301.15,560572663441582.1,1.9639388980555033,8.584805160611754,8.765423141398834,598.0,8.675114151005294,0.09030899039353965,1.125424658276178,1.9639388980555033,2.5976711836692434,2.6344618014646697,598.0,2.6160664925669566,0.01839530889771305,0.22924112139752614,1.9639388980555033,599.0,0.7779632721202003,-0.052963695603965834,-0.04379989965060973,598.0,-0.04838179762728778,0.0045818979766780515,0.05709930918492573,1.9639388980555033,ExtraTreesRegressor,"{'mode': 'original', 'type': 'ExtraTreesRegressor'}",6,"['nodes_T6W30', 'l1_T6W30', 'l3_T6W30', 'atd_T6W30', 'density_T6W30', 'asp_T6W30']",0.016289783119112985,0.034725538252093825,598.0,0.025507660685603405,0.009217877566490418,0.11487257985159852,1.9639388980555033,3.514148276743967,3.544976304745072,598.0,3.5295622907445194,0.015414014000552633,0.19208842180210145,1.9639388980555033,completed,85.79195094108582,False,COMPLETE
285,2.86619064862073,2026-06-14 11:20:39.145596,2026-06-14 11:21:08.138182,0 days 00:00:28.992586,19,sqrt,3,3,136,ExtraTreesRegressor,4,True,-0.019740409017088574,-0.014553775318035096,598.0,-0.017147092167561835,0.0025933168495267393,0.03231774285663224,1.9639388980555033,2.854983352794922,2.877397944446538,598.0,2.86619064862073,0.011207295825808239,0.13966457846551847,1.9639388980555033,917193731028569.6,1007438319498140.9,598.0,962316025263355.2,45122294234785.66,562311042882099.75,1.9639388980555033,8.53406407503378,8.714326164592348,598.0,8.624195119813065,0.09013104477928466,1.123207111814392,1.9639388980555033,2.5955132479699925,2.6328332467020505,598.0,2.6141732473360215,0.018659999366028916,0.23253967648661786,1.9639388980555033,599.0,0.7495826377295493,-0.0463898218719542,-0.03709463650552919,598.0,-0.041742229188741695,0.004647592683212506,0.05791799226763884,1.9639388980555033,ExtraTreesRegressor,"{'mode': 'original', 'type': 'ExtraTreesRegressor'}",4,"['l1_T6W30', 'lcc_T6W30', 'atd_T6W30', 'density_T6W30']",0.04762696814832939,0.06527284672446866,598.0,0.05644990743639902,0.008822939288069634,0.10995088517762407,1.9639388980555033,3.5029161070772976,3.533542195827725,598.0,3.5182291514525112,0.015313044375213787,0.1908301450170542,1.9639388980555033,completed,28.984074115753174,True,COMPLETE
286,2.8714054587794333,2026-06-14 11:21:08.152412,2026-06-14 11:22:34.282823,0 days 00:01:26.130411,13,log2,3,6,478,ExtraTreesRegressor,6,True,-0.021374657005829488,-0.01665731656300179,598.0,-0.01901598678441564,0.002358670221413851,0.029393592114731172,1.9639388980555033,2.860688124899566,2.8821227926593007,598.0,2.8714054587794333,0.010717333879867499,0.13355870513911117,1.9639388980555033,918386850386829.5,1008310358006633.0,598.0,963348604196731.2,44961753809901.76,560310398737733.3,1.9639388980555033,8.46532127383044,8.64611669100223,598.0,8.555718982416336,0.09039770858589483,1.1265302585146384,1.9639388980555033,2.6112747672067442,2.646428888881087,598.0,2.6288518280439157,0.017577060837171365,0.21904416824914785,1.9639388980555033,599.0,0.7495826377295493,-0.042621650723120054,-0.034195262006327186,598.0,-0.03840845636472362,0.004213194358396433,0.05250454910841994,1.9639388980555033,ExtraTreesRegressor,"{'mode': 'original', 'type': 'ExtraTreesRegressor'}",6,"['nodes_T6W30', 'l1_T6W30', 'lcc_T6W30', 'atd_T6W30', 'density_T6W30', 'asp_T6W30']",0.02725655029843068,0.04515403325695142,598.0,0.03620529177769105,0.00894874147926037,0.11151862375397469,1.9639388980555033,3.497894980396291,3.5276299717718365,598.0,3.5127624760840637,0.014867495687772807,0.18527774677714945,1.9639388980555033,completed,86.12179827690125,True,COMPLETE
287,2.8877822111982034,2026-06-14 11:22:34.298064,2026-06-14 11:24:02.108775,0 days 00:01:27.810711,9,,3,10,452,ExtraTreesRegressor,4,False,-0.027833095691797413,-0.02166474511896852,598.0,-0.024748920405382967,0.003084175286414445,0.038434788193857525,1.9639388980555033,2.875333126940886,2.9002312954555207,598.0,2.8877822111982034,0.012449084257317482,0.1551396636712388,1.9639388980555033,899379296498740.0,988465731709475.5,598.0,943922514104107.8,44543217605367.79,555094628271124.9,1.9639388980555033,8.727918100774803,8.903082085935429,598.0,8.815500093355116,0.08758199258031299,1.091440992101896,1.9639388980555033,2.602168459900449,2.6420035689090096,598.0,2.6220860144047293,0.01991755450428032,0.24821124534773187,1.9639388980555033,599.0,0.7879799666110183,-0.0652523298776601,-0.053979407322135325,598.0,-0.05961586859989771,0.005636461277762386,0.07024120721281395,1.9639388980555033,ExtraTreesRegressor,"{'mode': 'original', 'type': 'ExtraTreesRegressor'}",4,"['l1_T6W30', 'l3_T6W30', 'atd_T6W30', 'density_T6W30']",0.044821939657069,0.06338200144553974,598.0,0.05410197055130437,0.009280030894235368,0.11564713050633699,1.9639388980555033,3.531428077588011,3.5641079154514927,598.0,3.547767996519752,0.016339918931740992,0.20362698774374252,1.9639388980555033,completed,87.80133509635925,False,COMPLETE
288,2.8767490528634823,2026-06-14 11:24:02.124221,2026-06-14 11:24:32.606801,0 days 00:00:30.482580,3,,5,2,143,ExtraTreesRegressor,12,False,-0.02313255654119477,-0.01863794841072523,598.0,-0.02088525247596,0.002247304065234772,0.02800575445078208,1.9639388980555033,2.8660809547673667,2.887417150959598,598.0,2.8767490528634823,0.010668098096115375,0.13294513206224776,1.9639388980555033,916776021432263.4,1006270716908353.6,598.0,961523369170308.5,44747347738045.086,557638484467624.44,1.9639388980555033,8.39525682603218,8.581989265775045,598.0,8.488623045903612,0.09336621987143243,1.1635236495885144,1.9639388980555033,2.558725308777828,2.5910407184701914,598.0,2.5748830136240097,0.016157704846181807,0.20135624787520975,1.9639388980555033,599.0,0.7161936560934892,-0.035982990145054884,-0.028098956074469533,598.0,-0.03204097310976221,0.003942017035292675,0.04912515526450284,1.9639388980555033,ExtraTreesRegressor,"{'mode': 'original', 'type': 'ExtraTreesRegressor'}",12,"['nodes_T6W30', 're_T6W30', 'pe_T6W30', 'l1_T6W30', 'l2_T6W30', 'l3_T6W30', 'lcc_T6W30', 'lsc_T6W30', 'atd_T6W30', 'density_T6W30', 'diameter_T6W30', 'asp_T6W30']",0.029230338646764956,0.04762846009189113,598.0,0.03842939936932804,0.00919906072256309,0.11463808558857479,1.9639388980555033,3.487377248233796,3.517273071895937,598.0,3.5023251600648666,0.014947911831070422,0.18627988742999282,1.9639388980555033,completed,30.473660707473755,False,COMPLETE
289,2.833887536711186,2026-06-14 11:24:32.621782,2026-06-14 11:25:40.422000,0 days 00:01:07.800218,14,sqrt,5,3,397,ExtraTreesRegressor,2,False,-0.0069598639533991185,-0.004359239303324051,598.0,-0.005659551628361585,0.001300312325037534,0.016204406091581726,1.9639388980555033,2.8245790832296302,2.8431959901927417,598.0,2.833887536711186,0.009308453481555767,0.11600133090745979,1.9639388980555033,931251489397781.6,1021473123497293.9,598.0,976362306447537.8,45110817049756.11,562168014962248.56,1.9639388980555033,8.239729990778251,8.405286622484034,598.0,8.322508306631143,0.08277831585289104,1.031577890810767,1.9639388980555033,2.5301638681211354,2.5538438866522006,598.0,2.542003877386668,0.011840009265532475,0.1475494114548521,1.9639388980555033,599.0,0.327212020033389,0.0038753002751051075,0.0076751121490798175,598.0,0.005775206212092462,0.0018999059369873548,0.023676501980292697,1.9639388980555033,ExtraTreesRegressor,"{'mode': 'original', 'type': 'ExtraTreesRegressor'}",2,"['atd_T6W30', 'density_T6W30']",0.11011638027271556,0.12913976105269423,598.0,0.1196280706627049,0.009511690389989334,0.1185340558025807,1.9639388980555033,3.424566400310884,3.4524907554792166,598.0,3.4385285778950503,0.013962177584166156,0.17399573251762962,1.9639388980555033,completed,67.79172492027283,False,COMPLETE
290,2.8982499463781743,2026-06-14 11:25:40.436757,2026-06-14 11:25:40.844413,0 days 00:00:00.407656,9,sqrt,1,7,50,ExtraTreesRegressor,5,False,,,,,,,,,,,,,,,,,,,,,,,,,,,,,,,,,,,,,,,,,,,,,ExtraTreesRegressor,"{'mode': 'original', 'type': 'ExtraTreesRegressor'}",5,"['nodes_T6W30', 'l3_T6W30', 'atd_T6W30', 'density_T6W30', 'asp_T6W30']",,,,,,,,,,,,,,,pruned,,False,PRUNED
291,2.8500865616202664,2026-06-14 11:25:40.849971,2026-06-14 11:26:49.246920,0 days 00:01:08.396949,20,log2,4,4,378,ExtraTreesRegressor,5,True,-0.013612513643345986,-0.00926420197730859,598.0,-0.011438357810327288,0.0021741558330186975,0.02709418602457618,1.9639388980555033,2.8396693401382285,2.8605037831023044,598.0,2.8500865616202664,0.010417221482037773,0.12981872430995858,1.9639388980555033,917176179472904.1,1006734986216751.6,598.0,961955582844827.9,44779403371923.74,558037959654386.0,1.9639388980555033,8.416867375792519,8.598528642896612,598.0,8.507698009344566,0.09083063355204707,1.1319253407757504,1.9639388980555033,2.585590143324158,2.6189456464484624,598.0,2.6022678948863103,0.016677751562152038,0.20783703561359546,1.9639388980555033,599.0,0.656093489148581,-0.02809405293161479,-0.020423430607817806,598.0,-0.024258741769716298,0.003835311161898493,0.04779539373602828,1.9639388980555033,ExtraTreesRegressor,"{'mode': 'original', 'type': 'ExtraTreesRegressor'}",5,"['nodes_T6W30', 'l1_T6W30', 'lcc_T6W30', 'atd_T6W30', 'density_T6W30']",0.05169862969302165,0.06942845133075733,598.0,0.06056354051188949,0.008864910818867837,0.1104739316151942,1.9639388980555033,3.4743033905449012,3.503855334099331,598.0,3.489079362322116,0.014775971777214797,0.18413718186423225,1.9639388980555033,completed,68.38849711418152,True,COMPLETE
292,2.8374564175884163,2026-06-14 11:26:49.261692,2026-06-14 11:28:02.183192,0 days 00:01:12.921500,5,log2,5,6,418,ExtraTreesRegressor,6,False,-0.008746827336553003,-0.00513807523864554,598.0,-0.006942451287599271,0.0018043760489537316,0.022486014841339,1.9639388980555033,2.8275786913358427,2.84733414384099,598.0,2.8374564175884163,0.009877726252573644,0.12309557048423793,1.9639388980555033,919862004068875.0,1009173567390683.0,598.0,964517785729779.0,44655781660904.03,556497394077541.5,1.9639388980555033,8.283743316503893,8.457832995621986,598.0,8.37078815606294,0.08704483955904642,1.0847470267196389,1.9639388980555033,2.5578752346567533,2.5872223187685424,598.0,2.572548776712648,0.014673542055894712,0.1828607094597503,1.9639388980555033,599.0,0.5058430717863105,-0.007675392860721652,-0.0016693566905863575,598.0,-0.0046723747756540045,0.003003018085067647,0.037423412524676035,1.9639388980555033,ExtraTreesRegressor,"{'mode': 'original', 'type': 'ExtraTreesRegressor'}",6,"['nodes_T6W30', 'l1_T6W30', 'lcc_T6W30', 'atd_T6W30', 'density_T6W30', 'asp_T6W30']",0.08244449074926508,0.10054921062134542,598.0,0.09149685068530525,0.009052359936040177,0.11280991010104098,1.9639388980555033,3.4417168375762106,3.470315564714051,598.0,3.4560162011451308,0.014299363568920219,0.17819772193212435,1.9639388980555033,completed,72.91285395622253,False,COMPLETE
293,2.886312403286097,2026-06-14 11:28:02.198108,2026-06-14 11:28:22.694644,0 days 00:00:20.496536,12,,1,9,85,ExtraTreesRegressor,2,False,-0.02822050020437173,-0.020302056766974663,598.0,-0.024261278485673197,0.003959221718698533,0.04933955888986075,1.9639388980555033,2.8721569078682543,2.90046789870394,598.0,2.886312403286097,0.014155495417842908,0.17640484655994446,1.9639388980555033,851833368227164.8,936324233501538.8,598.0,894078800864351.8,42245432637187.06,526459784150534.25,1.9639388980555033,8.875503470941435,9.078454614088429,598.0,8.976979042514932,0.10147557157349703,1.2645818535211129,1.9639388980555033,2.541353799344533,2.586232526685126,598.0,2.5637931630148296,0.022439363670296274,0.279637864187491,1.9639388980555033,599.0,0.7662771285475793,-0.0770048664640631,-0.062458596737380134,598.0,-0.06973173160072162,0.007273134863341482,0.09063732506036512,1.9639388980555033,ExtraTreesRegressor,"{'mode': 'original', 'type': 'ExtraTreesRegressor'}",2,"['l3_T6W30', 'density_T6W30']",0.07172243705955823,0.09206410611331413,598.0,0.08189327158643618,0.010170834526877948,0.12674826638981013,1.9639388980555033,3.545391862411585,3.58148564522601,598.0,3.5634387538187977,0.018046891407212672,0.2248991657021397,1.9639388980555033,completed,20.488161087036133,False,COMPLETE
294,2.92818256573024,2026-06-14 11:28:22.708547,2026-06-14 11:28:23.714010,0 days 00:00:01.005463,15,sqrt,1,10,183,ExtraTreesRegressor,13,False,,,,,,,,,,,,,,,,,,,,,,,,,,,,,,,,,,,,,,,,,,,,,ExtraTreesRegressor,"{'mode': 'original', 'type': 'ExtraTreesRegressor'}",13,"['nodes_T6W30', 'edges_T6W30', 're_T6W30', 'pe_T6W30', 'l1_T6W30', 'l2_T6W30', 'l3_T6W30', 'lcc_T6W30', 'lsc_T6W30', 'atd_T6W30', 'density_T6W30', 'diameter_T6W30', 'asp_T6W30']",,,,,,,,,,,,,,,pruned,,False,PRUNED
295,2.887398556657419,2026-06-14 11:28:23.720452,2026-06-14 11:29:32.639153,0 days 00:01:08.918701,10,log2,4,12,372,ExtraTreesRegressor,11,True,-0.026918136042105065,-0.022406815549884142,598.0,-0.024662475795994603,0.0022556602461104623,0.02810988862353207,1.9639388980555033,2.8766902735214464,2.8981068397933916,598.0,2.887398556657419,0.010708283135972602,0.13344591536800784,1.9639388980555033,926124518375035.6,1016410537723597.4,598.0,971267528049316.5,45143009674280.875,562569197317370.9,1.9639388980555033,8.461931228682596,8.641356041003176,598.0,8.551643634842886,0.08971240616028957,1.1179900650655505,1.9639388980555033,2.595708695116419,2.6285142355913504,598.0,2.612111465353885,0.016402770237465687,0.2044102365538464,1.9639388980555033,599.0,0.7796327212020033,-0.044062181511592344,-0.03624970342767356,598.0,-0.04015594246963295,0.0039062390419593905,0.04867929228070185,1.9639388980555033,ExtraTreesRegressor,"{'mode': 'original', 'type': 'ExtraTreesRegressor'}",11,"['nodes_T6W30', 're_T6W30', 'pe_T6W30', 'l1_T6W30', 'l2_T6W30', 'l3_T6W30', 'lcc_T6W30', 'atd_T6W30', 'density_T6W30', 'diameter_T6W30', 'asp_T6W30']",-7.095778624429706e-05,0.0182218028990751,598.0,0.009075422556415401,0.009146380342659698,0.11398158618256575,1.9639388980555033,3.5011238709942547,3.5311269134049934,598.0,3.516125392199624,0.015001521205369194,0.18694796390264168,1.9639388980555033,completed,68.91016983985901,True,COMPLETE
296,2.934768860519995,2026-06-14 11:29:32.654069,2026-06-14 11:30:16.928962,0 days 00:00:44.274893,20,,4,11,201,ExtraTreesRegressor,7,False,-0.04452190710744835,-0.03844851755195403,598.0,-0.04148521232970119,0.003036694777747158,0.03784308923887194,1.9639388980555033,2.922582815084433,2.9469549059555566,598.0,2.934768860519995,0.0121860454355617,0.15186169129221144,1.9639388980555033,922840366498518.8,1014071954285730.2,598.0,968456160392124.5,45615793893605.7,568461002952151.5,1.9639388980555033,8.688928197025493,8.870971380450456,598.0,8.779949788737975,0.09102159171248067,1.13430504872636,1.9639388980555033,2.658055979480794,2.696807453561131,598.0,2.6774317165209625,0.019375737040168636,0.24145915198760523,1.9639388980555033,599.0,0.9015025041736227,-0.08806199390464042,-0.07715773250228575,598.0,-0.08260986320346309,0.0054521307011773405,0.06794409177326503,1.9639388980555033,ExtraTreesRegressor,"{'mode': 'original', 'type': 'ExtraTreesRegressor'}",7,"['l1_T6W30', 'l2_T6W30', 'l3_T6W30', 'lcc_T6W30', 'atd_T6W30', 'density_T6W30', 'asp_T6W30']",-0.016221183215223096,0.0021425642033483213,598.0,-0.007039309505937387,0.009181873709285708,0.11442390216718788,1.9639388980555033,3.57009767927864,3.602039797743754,598.0,3.586068738511197,0.015971059232557216,0.1990302825973693,1.9639388980555033,completed,44.26639103889465,False,COMPLETE
