number,value,datetime_start,datetime_complete,duration,params_et_max_depth,params_et_max_features,params_et_min_samples_leaf,params_et_min_samples_split,params_et_n_estimators,params_regressor,params_rfe_n_features,params_use_scaler,user_attrs_d2mae_ci_lower_val,user_attrs_d2mae_ci_upper_val,user_attrs_d2mae_df_val,user_attrs_d2mae_mean_val,user_attrs_d2mae_samperror_val,user_attrs_d2mae_std_val,user_attrs_d2mae_t_critical_val,user_attrs_mae_ci_lower_val,user_attrs_mae_ci_upper_val,user_attrs_mae_df_val,user_attrs_mae_mean_val,user_attrs_mae_samperror_val,user_attrs_mae_std_val,user_attrs_mae_t_critical_val,user_attrs_mape_ci_lower_val,user_attrs_mape_ci_upper_val,user_attrs_mape_df_val,user_attrs_mape_mean_val,user_attrs_mape_samperror_val,user_attrs_mape_std_val,user_attrs_mape_t_critical_val,user_attrs_max_error_ci_lower_val,user_attrs_max_error_ci_upper_val,user_attrs_max_error_df_val,user_attrs_max_error_mean_val,user_attrs_max_error_samperror_val,user_attrs_max_error_std_val,user_attrs_max_error_t_critical_val,user_attrs_median_ae_ci_lower_val,user_attrs_median_ae_ci_upper_val,user_attrs_median_ae_df_val,user_attrs_median_ae_mean_val,user_attrs_median_ae_samperror_val,user_attrs_median_ae_std_val,user_attrs_median_ae_t_critical_val,user_attrs_n_splits_val,user_attrs_r2_below_zero_val,user_attrs_r2_ci_lower_val,user_attrs_r2_ci_upper_val,user_attrs_r2_df_val,user_attrs_r2_mean_val,user_attrs_r2_samperror_val,user_attrs_r2_std_val,user_attrs_r2_t_critical_val,user_attrs_regressor_final,user_attrs_rfe_estimator,user_attrs_rfe_n_features,user_attrs_rfe_selected_features,user_attrs_rho_ci_lower_val,user_attrs_rho_ci_upper_val,user_attrs_rho_df_val,user_attrs_rho_mean_val,user_attrs_rho_samperror_val,user_attrs_rho_std_val,user_attrs_rho_t_critical_val,user_attrs_rmse_ci_lower_val,user_attrs_rmse_ci_upper_val,user_attrs_rmse_df_val,user_attrs_rmse_mean_val,user_attrs_rmse_samperror_val,user_attrs_rmse_std_val,user_attrs_rmse_t_critical_val,user_attrs_termination_reason,user_attrs_trial_time_seconds,user_attrs_use_scaler_final,state
493,2.9399892197831177,2026-06-14 13:31:22.841846,2026-06-14 13:32:55.479796,0 days 00:01:32.637950,10,sqrt,2,7,483,ExtraTreesRegressor,11,True,-0.04605296421005074,-0.040595555022719526,598.0,-0.043324259616385134,0.0027287045936656047,0.03400493595909399,1.9639388980555033,2.928320126021375,2.9516583135448604,598.0,2.9399892197831177,0.011669093761742699,0.1454194737641693,1.9639388980555033,930572591694157.8,1021992337897193.0,598.0,976282464795675.4,45709873101517.57,569633411811487.9,1.9639388980555033,8.652812849290147,8.838321285375653,598.0,8.7455670673329,0.09275421804275262,1.1558969233245517,1.9639388980555033,2.64997186114603,2.688189325139093,598.0,2.6690805931425614,0.019108731996531715,0.23813175281412724,1.9639388980555033,599.0,0.9232053422370617,-0.08615076743823319,-0.07636639569992837,598.0,-0.08125858156908078,0.004892185869152416,0.060966096354547084,1.9639388980555033,ExtraTreesRegressor,"{'mode': 'original', 'type': 'ExtraTreesRegressor'}",11,"['nodes_T6W30', 're_T6W30', 'pe_T6W30', 'l1_T6W30', 'l2_T6W30', 'l3_T6W30', 'lcc_T6W30', 'atd_T6W30', 'density_T6W30', 'diameter_T6W30', 'asp_T6W30']",-0.040176900632723264,-0.021874762316313322,598.0,-0.031025831474518293,0.009151069158204971,0.11404001789141076,1.9639388980555033,3.568630834974307,3.5999582303923967,598.0,3.584294532683352,0.015663697709044556,0.19519996364397277,1.9639388980555033,completed,92.62929320335388,True,COMPLETE
494,2.9192464802298455,2026-06-14 13:32:55.496511,2026-06-14 13:32:58.153024,0 days 00:00:02.656513,8,,5,10,432,ExtraTreesRegressor,12,False,,,,,,,,,,,,,,,,,,,,,,,,,,,,,,,,,,,,,,,,,,,,,ExtraTreesRegressor,"{'mode': 'original', 'type': 'ExtraTreesRegressor'}",12,"['nodes_T6W30', 're_T6W30', 'pe_T6W30', 'l1_T6W30', 'l2_T6W30', 'l3_T6W30', 'lcc_T6W30', 'lsc_T6W30', 'atd_T6W30', 'density_T6W30', 'diameter_T6W30', 'asp_T6W30']",,,,,,,,,,,,,,,pruned,,False,PRUNED
495,2.8930158676710356,2026-06-14 13:32:58.158793,2026-06-14 13:33:44.173355,0 days 00:00:46.014562,14,log2,4,6,231,ExtraTreesRegressor,10,True,-0.028976709879645367,-0.024326680599268555,598.0,-0.02665169523945696,0.0023250146401884047,0.02897417849007788,1.9639388980555033,2.882151870042907,2.903879865299164,598.0,2.8930158676710356,0.010863997628128515,0.13538641905827778,1.9639388980555033,922715566075693.6,1012935589680659.9,598.0,967825577878176.8,45110011802483.1,562157980024053.5,1.9639388980555033,8.496102321797775,8.674359367460806,598.0,8.58523084462929,0.08912852283151508,1.1107137496854798,1.9639388980555033,2.607106629373037,2.6414285364198857,598.0,2.6242675828964614,0.017160953523424144,0.21385866645868948,1.9639388980555033,599.0,0.8130217028380634,-0.04989501473412855,-0.04178472349774699,598.0,-0.04583986911593777,0.0040551456181907785,0.050534956173521474,1.9639388980555033,ExtraTreesRegressor,"{'mode': 'original', 'type': 'ExtraTreesRegressor'}",10,"['nodes_T6W30', 're_T6W30', 'l1_T6W30', 'l2_T6W30', 'l3_T6W30', 'lcc_T6W30', 'atd_T6W30', 'density_T6W30', 'diameter_T6W30', 'asp_T6W30']",-0.004630039263291069,0.013479165495749224,598.0,0.004424563116229077,0.009054602379520146,0.11283785528320003,1.9639388980555033,3.51050924174503,3.5408321648980046,598.0,3.5256707033215173,0.015161461576487087,0.18894113021670994,1.9639388980555033,completed,46.00589299201965,True,COMPLETE
496,2.9015280103915773,2026-06-14 13:33:44.188903,2026-06-14 13:34:21.658289,0 days 00:00:37.469386,16,sqrt,2,7,181,ExtraTreesRegressor,7,True,-0.032264428375428214,-0.027069591754423576,598.0,-0.029667010064925895,0.002597418310502319,0.032368854991722665,1.9639388980555033,2.8901413420905864,2.912914678692568,598.0,2.9015280103915773,0.011386668300990919,0.14189990637370273,1.9639388980555033,925091774249575.8,1016026618046813.2,598.0,970559196148194.5,45467421898618.69,566612000975400.9,1.9639388980555033,8.5963988275804,8.774235270540371,598.0,8.685317049060385,0.08891822147998567,1.1080929881682862,1.9639388980555033,2.6107618532407746,2.647997860601684,598.0,2.629379856921229,0.018618003680454517,0.23201632903382624,1.9639388980555033,599.0,0.8196994991652755,-0.06267128091347686,-0.05330914293085098,598.0,-0.05799021192216392,0.004681068991312941,0.058335171802479206,1.9639388980555033,ExtraTreesRegressor,"{'mode': 'original', 'type': 'ExtraTreesRegressor'}",7,"['nodes_T6W30', 'l1_T6W30', 'l3_T6W30', 'atd_T6W30', 'density_T6W30', 'diameter_T6W30', 'asp_T6W30']",0.002624175819509302,0.021111661679863336,598.0,0.011867918749686318,0.009243742930177016,0.11519491230112905,1.9639388980555033,3.5301546960906096,3.561101380726364,598.0,3.545628038408487,0.015473342317877226,0.1928277673640457,1.9639388980555033,completed,37.46078586578369,True,COMPLETE
497,2.835679757027392,2026-06-14 13:34:21.673904,2026-06-14 13:35:13.160794,0 days 00:00:51.486890,15,log2,3,4,286,ExtraTreesRegressor,2,False,-0.007815516308390023,-0.004762009407841781,598.0,-0.006288762858115902,0.0015267534502741208,0.019026300399983705,1.9639388980555033,2.82606227443804,2.845297239616744,598.0,2.835679757027392,0.00961748258935191,0.11985243118577432,1.9639388980555033,929765335872206.6,1020320130039798.9,598.0,975042732956002.8,45277397083796.18,564243924315993.1,1.9639388980555033,8.286826550010993,8.45834789320022,598.0,8.372587221605606,0.08576067159461394,1.068743810580883,1.9639388980555033,2.5321823246149338,2.5572765751253907,598.0,2.5447294498701623,0.012547125255228567,0.15636144409520675,1.9639388980555033,599.0,0.44574290484140233,-0.0038237050837086175,0.001205869417433052,598.0,-0.0013089178331377827,0.0025147872505708346,0.031339112194453594,1.9639388980555033,ExtraTreesRegressor,"{'mode': 'original', 'type': 'ExtraTreesRegressor'}",2,"['atd_T6W30', 'density_T6W30']",0.0900887853921172,0.10881753271148875,598.0,0.09945315905180298,0.009364373659685772,0.11669820446443852,1.9639388980555033,3.436310477582265,3.4648038236749885,598.0,3.450557150628627,0.014246673046361832,0.1775410961290204,1.9639388980555033,completed,51.47836685180664,False,COMPLETE
498,3.014723887214232,2026-06-14 13:35:13.176368,2026-06-14 13:35:15.706300,0 days 00:00:02.529932,17,,1,8,349,ExtraTreesRegressor,11,True,,,,,,,,,,,,,,,,,,,,,,,,,,,,,,,,,,,,,,,,,,,,,ExtraTreesRegressor,"{'mode': 'original', 'type': 'ExtraTreesRegressor'}",11,"['nodes_T6W30', 're_T6W30', 'pe_T6W30', 'l1_T6W30', 'l2_T6W30', 'l3_T6W30', 'lsc_T6W30', 'atd_T6W30', 'density_T6W30', 'diameter_T6W30', 'asp_T6W30']",,,,,,,,,,,,,,,pruned,,True,PRUNED
499,2.9086446990218504,2026-06-14 13:35:15.712268,2026-06-14 13:35:17.061633,0 days 00:00:01.349365,14,,5,2,204,ExtraTreesRegressor,9,True,,,,,,,,,,,,,,,,,,,,,,,,,,,,,,,,,,,,,,,,,,,,,ExtraTreesRegressor,"{'mode': 'original', 'type': 'ExtraTreesRegressor'}",9,"['nodes_T6W30', 're_T6W30', 'l1_T6W30', 'l2_T6W30', 'l3_T6W30', 'lcc_T6W30', 'atd_T6W30', 'density_T6W30', 'asp_T6W30']",,,,,,,,,,,,,,,pruned,,True,PRUNED
