number,value,datetime_start,datetime_complete,duration,params_et_max_depth,params_et_max_features,params_et_min_samples_leaf,params_et_min_samples_split,params_et_n_estimators,params_regressor,params_rfe_n_features,params_use_scaler,user_attrs_d2mae_ci_lower_val,user_attrs_d2mae_ci_upper_val,user_attrs_d2mae_df_val,user_attrs_d2mae_mean_val,user_attrs_d2mae_samperror_val,user_attrs_d2mae_std_val,user_attrs_d2mae_t_critical_val,user_attrs_mae_ci_lower_val,user_attrs_mae_ci_upper_val,user_attrs_mae_df_val,user_attrs_mae_mean_val,user_attrs_mae_samperror_val,user_attrs_mae_std_val,user_attrs_mae_t_critical_val,user_attrs_mape_ci_lower_val,user_attrs_mape_ci_upper_val,user_attrs_mape_df_val,user_attrs_mape_mean_val,user_attrs_mape_samperror_val,user_attrs_mape_std_val,user_attrs_mape_t_critical_val,user_attrs_max_error_ci_lower_val,user_attrs_max_error_ci_upper_val,user_attrs_max_error_df_val,user_attrs_max_error_mean_val,user_attrs_max_error_samperror_val,user_attrs_max_error_std_val,user_attrs_max_error_t_critical_val,user_attrs_median_ae_ci_lower_val,user_attrs_median_ae_ci_upper_val,user_attrs_median_ae_df_val,user_attrs_median_ae_mean_val,user_attrs_median_ae_samperror_val,user_attrs_median_ae_std_val,user_attrs_median_ae_t_critical_val,user_attrs_n_splits_val,user_attrs_r2_below_zero_val,user_attrs_r2_ci_lower_val,user_attrs_r2_ci_upper_val,user_attrs_r2_df_val,user_attrs_r2_mean_val,user_attrs_r2_samperror_val,user_attrs_r2_std_val,user_attrs_r2_t_critical_val,user_attrs_regressor_final,user_attrs_rfe_estimator,user_attrs_rfe_n_features,user_attrs_rfe_selected_features,user_attrs_rho_ci_lower_val,user_attrs_rho_ci_upper_val,user_attrs_rho_df_val,user_attrs_rho_mean_val,user_attrs_rho_samperror_val,user_attrs_rho_std_val,user_attrs_rho_t_critical_val,user_attrs_rmse_ci_lower_val,user_attrs_rmse_ci_upper_val,user_attrs_rmse_df_val,user_attrs_rmse_mean_val,user_attrs_rmse_samperror_val,user_attrs_rmse_std_val,user_attrs_rmse_t_critical_val,user_attrs_termination_reason,user_attrs_trial_time_seconds,user_attrs_use_scaler_final,state
385,2.9224834031176616,2026-06-14 12:24:43.601935,2026-06-14 12:24:45.457531,0 days 00:00:01.855596,19,log2,1,9,326,ExtraTreesRegressor,12,True,,,,,,,,,,,,,,,,,,,,,,,,,,,,,,,,,,,,,,,,,,,,,ExtraTreesRegressor,"{'mode': 'original', 'type': 'ExtraTreesRegressor'}",12,"['nodes_T6W30', 're_T6W30', 'pe_T6W30', 'l1_T6W30', 'l2_T6W30', 'l3_T6W30', 'lcc_T6W30', 'lsc_T6W30', 'atd_T6W30', 'density_T6W30', 'diameter_T6W30', 'asp_T6W30']",,,,,,,,,,,,,,,pruned,,True,PRUNED
386,2.8389355422439415,2026-06-14 12:24:45.463562,2026-06-14 12:25:26.185902,0 days 00:00:40.722340,6,log2,2,3,218,ExtraTreesRegressor,2,True,-0.00907528553921668,-0.005778040629423628,598.0,-0.007426663084320154,0.0016486224548965267,0.02054502386576437,1.9639388980555033,2.8290652205025295,2.8488058639853535,598.0,2.8389355422439415,0.00987032174141207,0.12300329595644838,1.9639388980555033,925078588900024.8,1015249275925173.0,598.0,970163932412598.9,45085343512574.07,561850565428672.1,1.9639388980555033,8.313125207186241,8.487205448609467,598.0,8.400165327897854,0.087040120711613,1.0846882207553925,1.9639388980555033,2.5255132475679374,2.5505673405062397,598.0,2.5380402940370885,0.012527046469151062,0.1561112235926698,1.9639388980555033,599.0,0.48247078464106846,-0.007925052463376749,-0.0021523502647521515,598.0,-0.00503870136406445,0.0028863510993122985,0.035969516273553534,1.9639388980555033,ExtraTreesRegressor,"{'mode': 'original', 'type': 'ExtraTreesRegressor'}",2,"['atd_T6W30', 'density_T6W30']",0.08658889310944415,0.10526042940637337,598.0,0.09592466125790876,0.009335768148464605,0.11634172447777706,1.9639388980555033,3.442386263260362,3.4713034185382066,598.0,3.4568448408992842,0.01445857763892233,0.1801818371297814,1.9639388980555033,completed,40.713850021362305,True,COMPLETE
387,2.8665414938813067,2026-06-14 12:25:26.201281,2026-06-14 12:25:52.664423,0 days 00:00:26.463142,17,log2,3,2,120,ExtraTreesRegressor,4,True,-0.019876803764875856,-0.014672259163133639,598.0,-0.017274531464004747,0.0026022723008711094,0.0324293450982809,1.9639388980555033,2.855330101710946,2.8777528860516677,598.0,2.8665414938813067,0.011211392170360724,0.13971562684008312,1.9639388980555033,917851556156881.5,1008150982995596.0,598.0,963001269576238.8,45149713419357.305,562652738944610.1,1.9639388980555033,8.534491736647725,8.714707281986398,598.0,8.624599509317061,0.09010777266933681,1.1229170963212358,1.9639388980555033,2.5954759625681927,2.6328890281161783,598.0,2.6141824953421855,0.018706532773992864,0.2331195727353528,1.9639388980555033,599.0,0.7512520868113522,-0.04659671320336872,-0.0372717032782128,598.0,-0.04193420824079076,0.004662504962577957,0.05810382810564177,1.9639388980555033,ExtraTreesRegressor,"{'mode': 'original', 'type': 'ExtraTreesRegressor'}",4,"['l1_T6W30', 'lcc_T6W30', 'atd_T6W30', 'density_T6W30']",0.048252782676264955,0.06596524686695641,598.0,0.057109014771610685,0.008856232095345732,0.11036577793734245,1.9639388980555033,3.503216977343873,3.533868040833346,598.0,3.5185425090886095,0.015325531744736661,0.19098576178916968,1.9639388980555033,completed,26.454469919204712,True,COMPLETE
388,2.8401303888915885,2026-06-14 12:25:52.680143,2026-06-14 12:27:16.801736,0 days 00:01:24.121593,6,sqrt,5,11,482,ExtraTreesRegressor,6,False,-0.00973699526453631,-0.006046940347584294,598.0,-0.007891967806060302,0.0018450274584760084,0.022992610014983265,1.9639388980555033,2.8301895899116207,2.8500711878715563,598.0,2.8401303888915885,0.0099407989799676,0.12388157863652227,1.9639388980555033,920222576555585.8,1009650912646187.2,598.0,964936744600886.5,44714168045300.79,557225001333711.2,1.9639388980555033,8.29997151271121,8.475804709980636,598.0,8.387888111345923,0.08791659863471239,1.0956108305951466,1.9639388980555033,2.565565990803648,2.5954125939752966,598.0,2.5804892923894722,0.014923301585824451,0.18597319618335897,1.9639388980555033,599.0,0.5409015025041736,-0.01040945371890514,-0.004206070544242499,598.0,-0.007307762131573819,0.0031016915873313205,0.0386530751760033,1.9639388980555033,ExtraTreesRegressor,"{'mode': 'original', 'type': 'ExtraTreesRegressor'}",6,"['nodes_T6W30', 'l1_T6W30', 'lcc_T6W30', 'atd_T6W30', 'density_T6W30', 'asp_T6W30']",0.07287878280248897,0.09098374024452005,598.0,0.08193126152350451,0.009052478721015545,0.11281139039153841,1.9639388980555033,3.4461439526025077,3.474844199956769,598.0,3.4604940762796383,0.014350123677130504,0.1788302910394489,1.9639388980555033,completed,84.1128351688385,False,COMPLETE
389,2.876310841331699,2026-06-14 12:27:16.817233,2026-06-14 12:28:23.233472,0 days 00:01:06.416239,10,log2,5,10,355,ExtraTreesRegressor,12,True,-0.022772248118845054,-0.018672744754429163,598.0,-0.02072249643663711,0.002049751682207946,0.025543869734866633,1.9639388980555033,2.8659340910638607,2.8866875915995376,598.0,2.876310841331699,0.010376750267838299,0.12931437471849505,1.9639388980555033,926204451245927.9,1016310357801239.1,598.0,971257404523583.5,45052953277655.664,561446920465909.5,1.9639388980555033,8.392744726337039,8.568021672934115,598.0,8.480383199635577,0.08763847329853806,1.092144851072422,1.9639388980555033,2.582644839960561,2.613882276932948,598.0,2.5982635584467544,0.015618718486193521,0.19463943554720115,1.9639388980555033,599.0,0.7362270450751253,-0.03277925888223214,-0.025934787436446314,598.0,-0.02935702315933923,0.0034222357228929144,0.04264767496783805,1.9639388980555033,ExtraTreesRegressor,"{'mode': 'original', 'type': 'ExtraTreesRegressor'}",12,"['nodes_T6W30', 're_T6W30', 'pe_T6W30', 'l1_T6W30', 'l2_T6W30', 'l3_T6W30', 'lcc_T6W30', 'lsc_T6W30', 'atd_T6W30', 'density_T6W30', 'diameter_T6W30', 'asp_T6W30']",0.010984344899419185,0.02905225448225318,598.0,0.020018299690836183,0.009033954791416998,0.11258054640748401,1.9639388980555033,3.4833902145850764,3.512760202754159,598.0,3.4980752086696176,0.014684994084541363,0.18300342388242363,1.9639388980555033,completed,66.40714597702026,True,COMPLETE
390,2.890744130540243,2026-06-14 12:28:23.249302,2026-06-14 12:29:52.735464,0 days 00:01:29.486162,6,,3,11,462,ExtraTreesRegressor,5,True,-0.028600796561184635,-0.023066731071681074,598.0,-0.025833763816432855,0.0027670327447517815,0.03448257883994724,1.9639388980555033,2.8790377574171386,2.902450503663347,598.0,2.890744130540243,0.011706373123104083,0.14588404669692012,1.9639388980555033,908244565459809.8,997550569520306.8,598.0,952897567490058.2,44653002030248.51,556462754504371.7,1.9639388980555033,8.573807959291061,8.751874081654146,598.0,8.662841020472603,0.0890330611815421,1.1095241129247193,1.9639388980555033,2.5943509237976192,2.6314591774763603,598.0,2.6129050506369897,0.018554126839370556,0.23122030006998326,1.9639388980555033,599.0,0.7746243739565943,-0.055662730992118103,-0.0455894659145034,598.0,-0.05062609845331075,0.005036632538807353,0.06276618118693349,1.9639388980555033,ExtraTreesRegressor,"{'mode': 'original', 'type': 'ExtraTreesRegressor'}",5,"['l1_T6W30', 'l3_T6W30', 'atd_T6W30', 'density_T6W30', 'asp_T6W30']",0.022107890370890275,0.040522991842081794,598.0,0.031315441106486035,0.009207550735595758,0.11474388756880305,1.9639388980555033,3.517315678650226,3.5486085309587048,598.0,3.5329621048044655,0.01564642615423944,0.19498472667166528,1.9639388980555033,completed,89.47663807868958,True,COMPLETE
391,2.8829244868863326,2026-06-14 12:29:52.751022,2026-06-14 12:29:53.156081,0 days 00:00:00.405059,20,sqrt,2,12,52,ExtraTreesRegressor,11,False,,,,,,,,,,,,,,,,,,,,,,,,,,,,,,,,,,,,,,,,,,,,,ExtraTreesRegressor,"{'mode': 'original', 'type': 'ExtraTreesRegressor'}",11,"['nodes_T6W30', 're_T6W30', 'pe_T6W30', 'l1_T6W30', 'l2_T6W30', 'l3_T6W30', 'lcc_T6W30', 'atd_T6W30', 'density_T6W30', 'diameter_T6W30', 'asp_T6W30']",,,,,,,,,,,,,,,pruned,,False,PRUNED
392,2.8957319569788136,2026-06-14 12:29:53.164658,2026-06-14 12:31:09.421711,0 days 00:01:16.257053,7,,1,12,403,ExtraTreesRegressor,3,True,-0.03053921091022993,-0.024614526858306743,598.0,-0.027576868884268337,0.0029623420259615937,0.03691651016955098,1.9639388980555033,2.8835430433365548,2.9079208706210724,598.0,2.8957319569788136,0.012188913642258787,0.15189743469414593,1.9639388980555033,901407895971204.9,990186437591206.6,598.0,945797166781205.8,44389270810000.89,553176153501187.7,1.9639388980555033,8.65202808842961,8.835434207666864,598.0,8.743731148048237,0.09170305961862797,1.1427974566478738,1.9639388980555033,2.584103054154813,2.621703244473556,598.0,2.6029031493141845,0.018800095159371782,0.23428554098650606,1.9639388980555033,599.0,0.7879799666110183,-0.061287847121309934,-0.05042721240330226,598.0,-0.055857529762306096,0.0054303173590038376,0.06767225534751718,1.9639388980555033,ExtraTreesRegressor,"{'mode': 'original', 'type': 'ExtraTreesRegressor'}",3,"['l3_T6W30', 'density_T6W30', 'asp_T6W30']",0.023644241752517114,0.0429270939885161,598.0,0.03328566787051661,0.009641426117999495,0.12015081385430719,1.9639388980555033,3.525399322969632,3.5580935686154427,598.0,3.5417464457925374,0.016347122822905263,0.2037167621584102,1.9639388980555033,completed,76.24711084365845,True,COMPLETE
393,2.854302156486072,2026-06-14 12:31:09.437364,2026-06-14 12:32:09.310273,0 days 00:00:59.872909,6,sqrt,3,5,330,ExtraTreesRegressor,7,True,-0.014979368082581815,-0.010866066089895368,598.0,-0.012922717086238591,0.0020566509963432233,0.02562984853076722,1.9639388980555033,2.8440159771270466,2.864588335845098,598.0,2.854302156486072,0.010286179359025522,0.12818568605022185,1.9639388980555033,915256681202360.4,1004320056093445.9,598.0,959788368647903.1,44531687445542.71,554950940182879.7,1.9639388980555033,8.383825471664125,8.557995399481161,598.0,8.470910435572643,0.08708496390851739,1.0852470537058243,1.9639388980555033,2.5567249767363527,2.58719606674186,598.0,2.5719605217391064,0.01523554500275375,0.18986435296924836,1.9639388980555033,599.0,0.6343906510851419,-0.023705577217724674,-0.016482394824657635,598.0,-0.020093986021191154,0.0036115911965335186,0.04500741034175875,1.9639388980555033,ExtraTreesRegressor,"{'mode': 'original', 'type': 'ExtraTreesRegressor'}",7,"['nodes_T6W30', 'l1_T6W30', 'l3_T6W30', 'lcc_T6W30', 'atd_T6W30', 'density_T6W30', 'asp_T6W30']",0.04418368757914582,0.06241611641688002,598.0,0.05329990199801292,0.009116214418867096,0.11360566043776525,1.9639388980555033,3.4674701224938316,3.4967651420989005,598.0,3.482117632296366,0.014647509802534282,0.18253629724215542,1.9639388980555033,completed,59.86430597305298,True,COMPLETE
394,2.917272181014954,2026-06-14 12:32:09.326317,2026-06-14 12:32:31.139362,0 days 00:00:21.813045,9,sqrt,1,3,87,ExtraTreesRegressor,4,False,-0.038560744176453374,-0.031736648029934644,598.0,-0.03514869610319401,0.003412048073259362,0.04252071715270231,1.9639388980555033,2.903834395849021,2.9307099661808866,598.0,2.917272181014954,0.01343778516593271,0.16746078892539995,1.9639388980555033,904846749106252.5,994751506551475.5,598.0,949799127828864.0,44952378722611.516,560193567020714.4,1.9639388980555033,8.882375771036124,9.082945392773205,598.0,8.982660581904664,0.10028481086854026,1.2497426724647764,1.9639388980555033,2.569064374632409,2.6121758393270107,598.0,2.59062010697971,0.021555732347300585,0.2686261091519072,1.9639388980555033,599.0,0.8580968280467446,-0.09266530639375142,-0.0794545448860006,598.0,-0.08605992563987601,0.0066053807538754075,0.08231581756500363,1.9639388980555033,ExtraTreesRegressor,"{'mode': 'original', 'type': 'ExtraTreesRegressor'}",4,"['l3_T6W30', 'atd_T6W30', 'density_T6W30', 'asp_T6W30']",0.018338967712857465,0.0377365460252672,598.0,0.028037756869062333,0.009698789156204866,0.120865668238003,1.9639388980555033,3.5737218050303725,3.6092041716631367,598.0,3.5914629883467546,0.01774118331638188,0.2210894517173389,1.9639388980555033,completed,21.80413794517517,False,COMPLETE
395,2.8343316552888544,2026-06-14 12:32:31.154666,2026-06-14 12:33:52.904296,0 days 00:01:21.749630,4,sqrt,5,4,489,ExtraTreesRegressor,2,False,-0.007086010414162904,-0.004549533083324611,598.0,-0.005817771748743757,0.001268238665419147,0.015804706269245187,1.9639388980555033,2.8250614775073286,2.8436018330703803,598.0,2.8343316552888544,0.009270177781526045,0.11552434166819892,1.9639388980555033,930999441411062.8,1021040885191108.5,598.0,976020163301085.6,45020721890022.836,561045255047501.3,1.9639388980555033,8.223825840392262,8.387202268784499,598.0,8.30551405458838,0.08168821419611838,1.0179931161475408,1.9639388980555033,2.5281522046621667,2.5514548492613303,598.0,2.5398035269617485,0.011651322299581659,0.14519800697949484,1.9639388980555033,599.0,0.3055091819699499,0.0053738007305174544,0.009001899477014179,598.0,0.007187850103765816,0.001814049373248362,0.022606563168158275,1.9639388980555033,ExtraTreesRegressor,"{'mode': 'original', 'type': 'ExtraTreesRegressor'}",2,"['atd_T6W30', 'density_T6W30']",0.12337972756693556,0.14260075245872708,598.0,0.13299024001283133,0.009610512445895761,0.11976556971956716,1.9639388980555033,3.4221874014902594,3.4500226172808524,598.0,3.436105009385556,0.013917607895296504,0.17344030800621588,1.9639388980555033,completed,81.74079823493958,False,COMPLETE
396,2.930611291729087,2026-06-14 12:33:52.921747,2026-06-14 12:34:10.554586,0 days 00:00:17.632839,13,,4,2,62,ExtraTreesRegressor,6,True,-0.04334877018230273,-0.0367527185416348,598.0,-0.04005074436196877,0.0032980258203339614,0.04109977938697983,1.9639388980555033,2.9180716878592143,2.9431508955989596,598.0,2.930611291729087,0.012539603869872492,0.15626771308894438,1.9639388980555033,930581261849431.4,1022856478993716.9,598.0,976718870421574.1,46137608572142.72,574963822922975.0,1.9639388980555033,8.687154559603208,8.877853770006467,598.0,8.782504164804838,0.0953496052016297,1.1882404662392179,1.9639388980555033,2.6503341330395287,2.6919368034312425,598.0,2.6711354682353856,0.02080133519585676,0.25922486180467824,1.9639388980555033,599.0,0.8781302170283807,-0.09181352300530998,-0.07969379934571008,598.0,-0.08575366117551003,0.006059861829799944,0.07551759685590868,1.9639388980555033,ExtraTreesRegressor,"{'mode': 'original', 'type': 'ExtraTreesRegressor'}",6,"['nodes_T6W30', 'l1_T6W30', 'l2_T6W30', 'atd_T6W30', 'density_T6W30', 'asp_T6W30']",0.006682963227118166,0.025515762600579354,598.0,0.01609936291384876,0.009416399686730593,0.11734654936845344,1.9639388980555033,3.57447295969945,3.6065351228943685,598.0,3.590504041296909,0.016031081597459237,0.19977827733426556,1.9639388980555033,completed,17.624008893966675,True,COMPLETE
397,2.8470251281737573,2026-06-14 12:34:10.571461,2026-06-14 12:34:44.905687,0 days 00:00:34.334226,15,log2,5,4,174,ExtraTreesRegressor,7,True,-0.01223840876991446,-0.008424732028967307,598.0,-0.010331570399440883,0.0019068383704735762,0.02376289350735168,1.9639388980555033,2.836939344402777,2.8571109119447375,598.0,2.8470251281737573,0.01008578377098046,0.1256883695016382,1.9639388980555033,923956809493037.1,1013668744897980.6,598.0,968812777195508.9,44855967702471.75,558992099271800.0,1.9639388980555033,8.311946915214001,8.48286104187682,598.0,8.39740397854541,0.08545706333140979,1.0649602645089207,1.9639388980555033,2.583837337741556,2.615278242249135,598.0,2.5995577899953455,0.015720452253789284,0.19590723502245472,1.9639388980555033,599.0,0.5776293823038398,-0.014518996607731434,-0.008206450198672267,598.0,-0.01136272340320185,0.0031562732045295827,0.0393332676752864,1.9639388980555033,ExtraTreesRegressor,"{'mode': 'original', 'type': 'ExtraTreesRegressor'}",7,"['nodes_T6W30', 'l1_T6W30', 'lcc_T6W30', 'atd_T6W30', 'density_T6W30', 'diameter_T6W30', 'asp_T6W30']",0.06256440952480063,0.08052131024367182,598.0,0.07154285988423623,0.008978450359435595,0.11188885385147959,1.9639388980555033,3.453047956207864,3.481759892782201,598.0,3.4674039244950325,0.014355968287168348,0.17890312618272683,1.9639388980555033,completed,34.32428574562073,True,COMPLETE
398,2.868688834115412,2026-06-14 12:34:44.922453,2026-06-14 12:35:15.868311,0 days 00:00:30.945858,6,log2,5,10,151,ExtraTreesRegressor,12,True,-0.020004126679302858,-0.016039373235997755,598.0,-0.018021749957650306,0.0019823767216525508,0.024704247437806262,1.9639388980555033,2.8584549499243592,2.8789227183064647,598.0,2.868688834115412,0.010233884191052672,0.1275339871297836,1.9639388980555033,923465961970126.9,1013240500699327.9,598.0,968353231334727.4,44887269364600.555,559382178512540.94,1.9639388980555033,8.36206230040299,8.536250469695698,598.0,8.449156385049344,0.08709408464635376,1.0853607157367915,1.9639388980555033,2.5699757094262243,2.5998710960723845,598.0,2.5849234027493044,0.014947693323080203,0.1862771643978877,1.9639388980555033,599.0,0.6844741235392321,-0.02671939723490025,-0.020134850364898614,598.0,-0.023427123799899432,0.0032922734350008193,0.04102809354186504,1.9639388980555033,ExtraTreesRegressor,"{'mode': 'original', 'type': 'ExtraTreesRegressor'}",12,"['nodes_T6W30', 're_T6W30', 'pe_T6W30', 'l1_T6W30', 'l2_T6W30', 'l3_T6W30', 'lcc_T6W30', 'lsc_T6W30', 'atd_T6W30', 'density_T6W30', 'diameter_T6W30', 'asp_T6W30']",0.02496242810135683,0.04304226730269084,598.0,0.03400234770202384,0.009039919600667006,0.11265487946538465,1.9639388980555033,3.473481518077639,3.5025052219908455,598.0,3.4879933700342423,0.014511851956603358,0.18084573814904642,1.9639388980555033,completed,30.93713092803955,True,COMPLETE
399,2.829494249852359,2026-06-14 12:35:15.883466,2026-06-14 12:36:22.807269,0 days 00:01:06.923803,2,,3,7,389,ExtraTreesRegressor,3,False,-0.005939334733553415,-0.0023011578665758418,598.0,-0.004120246300064629,0.001819088433488787,0.02266935960320201,1.9639388980555033,2.819642827726013,2.8393456719787054,598.0,2.829494249852359,0.009851422126345951,0.12276777020497393,1.9639388980555033,913523428556134.0,1002266530353865.5,598.0,957894979454999.8,44371550898865.75,552955329141984.44,1.9639388980555033,8.29010365508882,8.473924590349878,598.0,8.38201412271935,0.09191046763052892,1.1453821615582063,1.9639388980555033,2.5181607767655314,2.547396957992919,598.0,2.5327788673792253,0.01461809061369376,0.18216967725888103,1.9639388980555033,599.0,0.4073455759599332,-0.001735672085182766,0.004539366802412856,598.0,0.0014018473586150451,0.003137519443797811,0.03909955955086851,1.9639388980555033,ExtraTreesRegressor,"{'mode': 'original', 'type': 'ExtraTreesRegressor'}",3,"['nodes_T6W30', 'atd_T6W30', 'density_T6W30']",0.12487591569241288,0.14438012451658064,598.0,0.13462802010449676,0.00975210441208388,0.12153007942638051,1.9639388980555033,3.431105479649793,3.4600483079155624,598.0,3.4455768937826776,0.014471414132884842,0.18034180466754557,1.9639388980555033,completed,66.9150230884552,False,COMPLETE
400,2.840138330192416,2026-06-14 12:36:22.822741,2026-06-14 12:37:31.588829,0 days 00:01:08.766088,4,,2,3,392,ExtraTreesRegressor,2,False,-0.010092574835422084,-0.005646294825001981,598.0,-0.007869434830212033,0.0022231400052100513,0.02770462353483031,1.9639388980555033,2.8294911155615883,2.850785544823244,598.0,2.840138330192416,0.01064721463082802,0.13268488370068124,1.9639388980555033,911213027028499.5,1000154128442313.5,598.0,955683577735406.5,44470550706907.02,554189058194305.1,1.9639388980555033,8.353099828743371,8.528471139863928,598.0,8.44078548430365,0.08768565556027823,1.092732833293951,1.9639388980555033,2.5516241736213408,2.5828974092711476,598.0,2.567260791446244,0.015636617824903422,0.19486249592095992,1.9639388980555033,599.0,0.5141903171953256,-0.012730917904784646,-0.004555321191965641,598.0,-0.008643119548375143,0.004087798356409503,0.05094187243503045,1.9639388980555033,ExtraTreesRegressor,"{'mode': 'original', 'type': 'ExtraTreesRegressor'}",2,"['density_T6W30', 'asp_T6W30']",0.09917272999647656,0.11865394142770569,598.0,0.10891333571209112,0.00974060571561456,0.1213867834323913,1.9639388980555033,3.4473415003107575,3.477146999026146,598.0,3.462244249668452,0.014902749357694313,0.1857170756773121,1.9639388980555033,completed,68.75743174552917,False,COMPLETE
