number,value,datetime_start,datetime_complete,duration,params_et_max_depth,params_et_max_features,params_et_min_samples_leaf,params_et_min_samples_split,params_et_n_estimators,params_regressor,params_rfe_n_features,params_use_scaler,user_attrs_d2mae_ci_lower_val,user_attrs_d2mae_ci_upper_val,user_attrs_d2mae_df_val,user_attrs_d2mae_mean_val,user_attrs_d2mae_samperror_val,user_attrs_d2mae_std_val,user_attrs_d2mae_t_critical_val,user_attrs_mae_ci_lower_val,user_attrs_mae_ci_upper_val,user_attrs_mae_df_val,user_attrs_mae_mean_val,user_attrs_mae_samperror_val,user_attrs_mae_std_val,user_attrs_mae_t_critical_val,user_attrs_mape_ci_lower_val,user_attrs_mape_ci_upper_val,user_attrs_mape_df_val,user_attrs_mape_mean_val,user_attrs_mape_samperror_val,user_attrs_mape_std_val,user_attrs_mape_t_critical_val,user_attrs_max_error_ci_lower_val,user_attrs_max_error_ci_upper_val,user_attrs_max_error_df_val,user_attrs_max_error_mean_val,user_attrs_max_error_samperror_val,user_attrs_max_error_std_val,user_attrs_max_error_t_critical_val,user_attrs_median_ae_ci_lower_val,user_attrs_median_ae_ci_upper_val,user_attrs_median_ae_df_val,user_attrs_median_ae_mean_val,user_attrs_median_ae_samperror_val,user_attrs_median_ae_std_val,user_attrs_median_ae_t_critical_val,user_attrs_n_splits_val,user_attrs_r2_below_zero_val,user_attrs_r2_ci_lower_val,user_attrs_r2_ci_upper_val,user_attrs_r2_df_val,user_attrs_r2_mean_val,user_attrs_r2_samperror_val,user_attrs_r2_std_val,user_attrs_r2_t_critical_val,user_attrs_regressor_final,user_attrs_rfe_estimator,user_attrs_rfe_n_features,user_attrs_rfe_selected_features,user_attrs_rho_ci_lower_val,user_attrs_rho_ci_upper_val,user_attrs_rho_df_val,user_attrs_rho_mean_val,user_attrs_rho_samperror_val,user_attrs_rho_std_val,user_attrs_rho_t_critical_val,user_attrs_rmse_ci_lower_val,user_attrs_rmse_ci_upper_val,user_attrs_rmse_df_val,user_attrs_rmse_mean_val,user_attrs_rmse_samperror_val,user_attrs_rmse_std_val,user_attrs_rmse_t_critical_val,user_attrs_termination_reason,user_attrs_trial_time_seconds,user_attrs_use_scaler_final,state
112,2.8623831271351245,2026-06-14 09:16:59.088054,2026-06-14 09:18:20.126663,0 days 00:01:21.038609,17,log2,3,9,438,ExtraTreesRegressor,5,False,-0.018219239080847785,-0.013403368301720064,598.0,-0.015811303691283925,0.0024079353895638607,0.030007531378015304,1.9639388980555033,2.851581406751053,2.873184847519196,598.0,2.8623831271351245,0.01080172038407122,0.13461032416666027,1.9639388980555033,915476937501031.8,1005291500727188.5,598.0,960384219114110.1,44907281613078.33,559631569827915.9,1.9639388980555033,8.486275461417241,8.670010738507473,598.0,8.578143099962357,0.09186763854511519,1.1448484283318023,1.9639388980555033,2.591987543987916,2.625888885647931,598.0,2.6089382148179237,0.0169506708300074,0.2112381374576604,1.9639388980555033,599.0,0.7362270450751253,-0.04177671582522258,-0.033062559979983266,598.0,-0.03741963790260292,0.0043570779226196526,0.054297616558203525,1.9639388980555033,ExtraTreesRegressor,"{'mode': 'original', 'type': 'ExtraTreesRegressor'}",5,"['nodes_T6W30', 'l1_T6W30', 'lcc_T6W30', 'atd_T6W30', 'density_T6W30']",0.04033017500825322,0.05823533156436122,598.0,0.04928275328630722,0.008952578278054001,0.11156643768647886,1.9639388980555033,3.4960127466765893,3.5260838814965716,598.0,3.5110483140865805,0.015035567409991141,0.18737224545019618,1.9639388980555033,completed,81.02915620803833,False,COMPLETE
113,2.8998281401759036,2026-06-14 09:18:20.141460,2026-06-14 09:18:41.178336,0 days 00:00:21.036876,6,sqrt,1,9,86,ExtraTreesRegressor,9,True,-0.031665125026032734,-0.02651551048418268,598.0,-0.029090317755107706,0.0025748072709250256,0.03208707771375007,1.9639388980555033,2.88860682427986,2.911049456071947,598.0,2.8998281401759036,0.011221315896043287,0.13983929565241793,1.9639388980555033,913959809071835.2,1003182405178943.8,598.0,958571107125389.5,44611298053554.23,555943042308327.94,1.9639388980555033,8.498554264081537,8.684868548057054,598.0,8.591711406069296,0.09315714198775873,1.1609181348467241,1.9639388980555033,2.596422907447097,2.6300202346333132,598.0,2.613221571040205,0.016798663593107964,0.20934383333691256,1.9639388980555033,599.0,0.7963272120200334,-0.0565574245157255,-0.04715148159907752,598.0,-0.05185445305740151,0.004702971458323989,0.05860811889605095,1.9639388980555033,ExtraTreesRegressor,"{'mode': 'original', 'type': 'ExtraTreesRegressor'}",9,"['nodes_T6W30', 'l1_T6W30', 'l2_T6W30', 'l3_T6W30', 'lcc_T6W30', 'atd_T6W30', 'density_T6W30', 'diameter_T6W30', 'asp_T6W30']",0.00641093940661068,0.02485765095574479,598.0,0.015634295181177735,0.009223355774567055,0.114940848917898,1.9639388980555033,3.5199254774824915,3.550318765002208,598.0,3.53512212124235,0.01519664375985851,0.1893795682562191,1.9639388980555033,completed,21.02822709083557,True,COMPLETE
114,2.9257056864319275,2026-06-14 09:18:41.192963,2026-06-14 09:18:43.435453,0 days 00:00:02.242490,12,,5,4,355,ExtraTreesRegressor,12,True,,,,,,,,,,,,,,,,,,,,,,,,,,,,,,,,,,,,,,,,,,,,,ExtraTreesRegressor,"{'mode': 'original', 'type': 'ExtraTreesRegressor'}",12,"['nodes_T6W30', 're_T6W30', 'pe_T6W30', 'l1_T6W30', 'l2_T6W30', 'l3_T6W30', 'lcc_T6W30', 'lsc_T6W30', 'atd_T6W30', 'density_T6W30', 'diameter_T6W30', 'asp_T6W30']",,,,,,,,,,,,,,,pruned,,True,PRUNED
115,2.839467759966576,2026-06-14 09:18:43.440981,2026-06-14 09:19:46.561631,0 days 00:01:03.120650,14,log2,4,8,364,ExtraTreesRegressor,2,False,-0.009033129843317216,-0.006267338624190906,598.0,-0.007650234233754061,0.0013828956095631544,0.01723355351490647,1.9639388980555033,2.830106788483123,2.8488287314500287,598.0,2.839467759966576,0.009360971483452689,0.11665580676950439,1.9639388980555033,927971082228411.2,1017838597453761.5,598.0,972904839841086.4,44933757612675.19,559961511981725.5,1.9639388980555033,8.274351515748574,8.444910001423178,598.0,8.359630758585876,0.08527924283730207,1.0627442772861249,1.9639388980555033,2.539231042423891,2.563032147120773,598.0,2.551131594772332,0.011900552348440903,0.14830389534506375,1.9639388980555033,599.0,0.41903171953255425,-0.00233084149589819,0.002042804184891369,598.0,-0.0001440186555034105,0.0021868228403947795,0.027252041431723207,1.9639388980555033,ExtraTreesRegressor,"{'mode': 'original', 'type': 'ExtraTreesRegressor'}",2,"['nodes_T6W30', 'density_T6W30']",0.09141307341369648,0.11005627276939023,598.0,0.10073467309154335,0.009321599677846872,0.11616515793513527,1.9639388980555033,3.4345879938563124,3.462636302414513,598.0,3.4486121481354126,0.01402415427910033,0.17476808198597635,1.9639388980555033,completed,63.11224317550659,False,COMPLETE
116,2.8472076969030318,2026-06-14 09:19:46.576223,2026-06-14 09:20:25.027683,0 days 00:00:38.451460,16,sqrt,5,3,201,ExtraTreesRegressor,5,True,-0.012293238968417117,-0.008495331675566738,598.0,-0.010394285321991928,0.0018989536464251902,0.023664634598365014,1.9639388980555033,2.8371197995659907,2.857295594240073,598.0,2.8472076969030318,0.010087897337040852,0.12571470862192838,1.9639388980555033,919367406757524.9,1009017017925981.4,598.0,964192212341753.1,44824805584228.27,558603759017717.9,1.9639388980555033,8.353438494918548,8.534642264897398,598.0,8.444040379907973,0.09060188498942565,1.1290746913354506,1.9639388980555033,2.5767713383807176,2.6065993803030207,598.0,2.591685359341869,0.014914020961151629,0.1858575416532232,1.9639388980555033,599.0,0.5909849749582637,-0.017801312853576855,-0.011131036275596402,598.0,-0.01446617456458663,0.0033351382889902272,0.04156227251389061,1.9639388980555033,ExtraTreesRegressor,"{'mode': 'original', 'type': 'ExtraTreesRegressor'}",5,"['nodes_T6W30', 'lcc_T6W30', 'atd_T6W30', 'density_T6W30', 'asp_T6W30']",0.05519786388373391,0.073563600647688,598.0,0.06438073226571095,0.009182868381977039,0.11443629771240281,1.9639388980555033,3.4581296493658003,3.4872665274613257,598.0,3.472698088413563,0.014568439047762644,0.18155092273203494,1.9639388980555033,completed,38.44285726547241,True,COMPLETE
117,2.857070461854167,2026-06-14 09:20:25.041900,2026-06-14 09:21:26.038691,0 days 00:01:00.996791,6,sqrt,3,8,334,ExtraTreesRegressor,8,False,-0.01592868320395864,-0.011886793943350345,598.0,-0.013907738573654493,0.002020944630304147,0.02518487816156369,1.9639388980555033,2.8468470463240823,2.867293877384252,598.0,2.857070461854167,0.010223415530084684,0.12740352737000588,1.9639388980555033,916959181690948.0,1006171134621662.5,598.0,961565158156305.2,44605976465357.19,555876725028597.06,1.9639388980555033,8.358981988019229,8.530055377571413,598.0,8.444518682795321,0.08553669477609238,1.0659526262995842,1.9639388980555033,2.5642033713520664,2.595125250803524,598.0,2.5796643110777953,0.015460939725728678,0.19267320708195537,1.9639388980555033,599.0,0.659432387312187,-0.02372312008501997,-0.016690138291923243,598.0,-0.020206629188471607,0.0035164908965483648,0.043822276700618966,1.9639388980555033,ExtraTreesRegressor,"{'mode': 'original', 'type': 'ExtraTreesRegressor'}",8,"['nodes_T6W30', 'l1_T6W30', 'l3_T6W30', 'lcc_T6W30', 'atd_T6W30', 'density_T6W30', 'diameter_T6W30', 'asp_T6W30']",0.0425464069187864,0.060663628285529445,598.0,0.051605017602157924,0.009058610683371522,0.11288780650037723,1.9639388980555033,3.4677991564365067,3.4968093829117173,598.0,3.482304269674112,0.014505113237605404,0.180761760679113,1.9639388980555033,completed,60.98822021484375,False,COMPLETE
118,2.8753992500006986,2026-06-14 09:21:26.147188,2026-06-14 09:22:28.400603,0 days 00:01:02.253415,19,sqrt,5,3,335,ExtraTreesRegressor,10,True,-0.022541911117928158,-0.018249075536095123,598.0,-0.02039549332701164,0.0021464177909165166,0.026748516380634177,1.9639388980555033,2.8648494170721257,2.8859490829292715,598.0,2.8753992500006986,0.010549832928573023,0.13147131937552273,1.9639388980555033,921127559206751.8,1010943679565243.5,598.0,966035619385997.6,44908060179245.836,559641272267940.94,1.9639388980555033,8.421120891511483,8.598451744361443,598.0,8.509786317936463,0.08866542642497904,1.1049426729321732,1.9639388980555033,2.592525694218521,2.6250007689484223,598.0,2.6087632315834717,0.01623753736495069,0.20235111543782205,1.9639388980555033,599.0,0.7378964941569283,-0.034331396345323804,-0.027076946534157875,598.0,-0.03070417143974084,0.0036272249055829663,0.04520223658871259,1.9639388980555033,ExtraTreesRegressor,"{'mode': 'original', 'type': 'ExtraTreesRegressor'}",10,"['nodes_T6W30', 're_T6W30', 'l1_T6W30', 'l2_T6W30', 'l3_T6W30', 'lcc_T6W30', 'atd_T6W30', 'density_T6W30', 'diameter_T6W30', 'asp_T6W30']",0.015690538338714553,0.03390642772920832,598.0,0.024798483033961437,0.009107944695246882,0.11350260368960806,1.9639388980555033,3.4854217828972165,3.5151971988988255,598.0,3.500309490898021,0.014887708000804628,0.18552963128374933,1.9639388980555033,completed,62.244189977645874,True,COMPLETE
119,2.83681693439167,2026-06-14 09:22:28.414975,2026-06-14 09:23:06.255406,0 days 00:00:37.840431,13,sqrt,5,2,205,ExtraTreesRegressor,3,False,-0.007944833201336526,-0.00544758411198083,598.0,-0.006696208656658678,0.0012486245446778482,0.0155602763953592,1.9639388980555033,2.8275389276766547,2.8460949411066854,598.0,2.83681693439167,0.009278006715015163,0.11562190531893028,1.9639388980555033,932207016839606.4,1022287924977021.4,598.0,977247470908313.9,45040454068707.47,561291156151659.75,1.9639388980555033,8.239864602357276,8.404268036245448,598.0,8.322066319301362,0.08220171694408537,1.0243923533899935,1.9639388980555033,2.53308628308021,2.555644005944992,598.0,2.544365144512601,0.011278861432391226,0.1405564243158819,1.9639388980555033,599.0,0.34557595993322204,0.002782154754927849,0.006403286071635235,598.0,0.0045927204132815425,0.0018105656583536933,0.022563149343822746,1.9639388980555033,ExtraTreesRegressor,"{'mode': 'original', 'type': 'ExtraTreesRegressor'}",3,"['nodes_T6W30', 'atd_T6W30', 'density_T6W30']",0.10559850314946924,0.12440211620165052,598.0,0.11500030967555988,0.009401806526090645,0.1171646903668766,1.9639388980555033,3.426660618725956,3.4545264140151515,598.0,3.4405935163705537,0.013932897644597887,0.17363084784956537,1.9639388980555033,completed,37.831255197525024,False,COMPLETE
120,2.886133059749876,2026-06-14 09:23:06.270215,2026-06-14 09:23:22.533282,0 days 00:00:16.263067,8,sqrt,4,7,59,ExtraTreesRegressor,13,True,-0.02642530691405321,-0.02200561029198799,598.0,-0.0242154586030206,0.0022098483110326098,0.02753898332212975,1.9639388980555033,2.87551318051951,2.896752938980242,598.0,2.886133059749876,0.010619879230365923,0.13234423175019616,1.9639388980555033,927558634095984.2,1017654438508131.2,598.0,972606536302057.8,45047902206073.46,561383974346319.9,1.9639388980555033,8.43526505503214,8.611150609234475,598.0,8.523207832133307,0.08794277710116814,1.0959370649106535,1.9639388980555033,2.5831420736507162,2.616934615424028,598.0,2.600038344537372,0.016896270886655722,0.21056020896582345,1.9639388980555033,599.0,0.8130217028380634,-0.04290034845378875,-0.035394160448640063,598.0,-0.039147254451214406,0.00375309400257434,0.04677080894072043,1.9639388980555033,ExtraTreesRegressor,"{'mode': 'original', 'type': 'ExtraTreesRegressor'}",13,"['nodes_T6W30', 'edges_T6W30', 're_T6W30', 'pe_T6W30', 'l1_T6W30', 'l2_T6W30', 'l3_T6W30', 'lcc_T6W30', 'lsc_T6W30', 'atd_T6W30', 'density_T6W30', 'diameter_T6W30', 'asp_T6W30']",-0.0013592901653837475,0.017046506884635573,598.0,0.007843608359625913,0.00920289852500966,0.11468591202853544,1.9639388980555033,3.4995859473062256,3.5294577935851437,598.0,3.5145218704456846,0.014935923139459049,0.18613048514898942,1.9639388980555033,completed,16.25273609161377,True,COMPLETE
121,2.8824775364019684,2026-06-14 09:23:22.550191,2026-06-14 09:23:49.658005,0 days 00:00:27.107814,17,log2,2,9,123,ExtraTreesRegressor,5,False,-0.025577780799471123,-0.020276989268165277,598.0,-0.0229273850338182,0.002650395765652923,0.03302905652979096,1.9639388980555033,2.871127906505803,2.893827166298134,598.0,2.8824775364019684,0.011349629896165399,0.14143833622534638,1.9639388980555033,916161533203641.2,1006500851953775.8,598.0,961331192578708.5,45169659375067.22,562901304123901.75,1.9639388980555033,8.553099874502452,8.73398128349523,598.0,8.643540578998842,0.09044070449639002,1.1270660707041609,1.9639388980555033,2.6209959528804982,2.660491971317479,598.0,2.6407439620989885,0.01974800921849023,0.2460983832230292,1.9639388980555033,599.0,0.8030050083472454,-0.0568390617170858,-0.047168050339461386,598.0,-0.05200355602827359,0.004835505688812208,0.06025975170035002,1.9639388980555033,ExtraTreesRegressor,"{'mode': 'original', 'type': 'ExtraTreesRegressor'}",5,"['nodes_T6W30', 'l1_T6W30', 'atd_T6W30', 'density_T6W30', 'asp_T6W30']",0.026594257834459827,0.0444155520238045,598.0,0.035504904929132164,0.008910647094672337,0.11104389405574194,1.9639388980555033,3.519969579740249,3.550667884272237,598.0,3.535318732006243,0.015349152265994054,0.1912801191609946,1.9639388980555033,completed,27.09680414199829,False,COMPLETE
122,2.9220182559133097,2026-06-14 09:23:49.673848,2026-06-14 09:24:42.558323,0 days 00:00:52.884475,19,,4,6,244,ExtraTreesRegressor,6,True,-0.040004955266445916,-0.033900403997632264,598.0,-0.03695267963203909,0.003052275634406823,0.03803725684284405,1.9639388980555033,2.909796126225575,2.9342403856010444,598.0,2.9220182559133097,0.012222129687734758,0.15231137085339408,1.9639388980555033,919759927117212.4,1010471557577064.9,598.0,965115742347138.6,45355815229926.23,565221166060436.0,1.9639388980555033,8.700121003369077,8.880492953635493,598.0,8.790306978502285,0.0901859751332073,1.123891650247642,1.9639388980555033,2.636029360764711,2.674705988271019,598.0,2.655367674517865,0.019338313753153997,0.24099278546289396,1.9639388980555033,599.0,0.8614357262103506,-0.07872705390863634,-0.0678157672288076,598.0,-0.07327141056872197,0.005455643339914371,0.06798786604460882,1.9639388980555033,ExtraTreesRegressor,"{'mode': 'original', 'type': 'ExtraTreesRegressor'}",6,"['l1_T6W30', 'l2_T6W30', 'l3_T6W30', 'atd_T6W30', 'density_T6W30', 'asp_T6W30']",0.005453178228608156,0.024021454624944812,598.0,0.014737316426776484,0.009284138198168328,0.1156983154559754,1.9639388980555033,3.5545513687586907,3.5866729219870064,598.0,3.5706121453728485,0.016060776614157987,0.20014833466604467,1.9639388980555033,completed,52.87528324127197,True,COMPLETE
123,2.8324083215125166,2026-06-14 09:24:42.572531,2026-06-14 09:25:11.656577,0 days 00:00:29.084046,2,,2,9,146,ExtraTreesRegressor,4,True,-0.007063492571587012,-0.0032500642605657005,598.0,-0.005156778416076356,0.001906714155510656,0.023761345548708936,1.9639388980555033,2.8224317497998324,2.842384893225201,598.0,2.8324083215125166,0.009976571712684358,0.12432737606286846,1.9639388980555033,912107399797190.1,1000675450537155.9,598.0,956391425167173.0,44284025369982.86,551864591796741.0,1.9639388980555033,8.292264833194587,8.476534306041348,598.0,8.384399569617967,0.0921347364233803,1.1481769844042697,1.9639388980555033,2.5293178880956333,2.558632796467359,598.0,2.543975342281496,0.014657454185863042,0.18266022348870925,1.9639388980555033,599.0,0.4340567612687813,-0.004257626499959487,0.002507377976421755,598.0,-0.0008751242617688656,0.0033825022381906208,0.042152518912518006,1.9639388980555033,ExtraTreesRegressor,"{'mode': 'original', 'type': 'ExtraTreesRegressor'}",4,"['nodes_T6W30', 'atd_T6W30', 'density_T6W30', 'asp_T6W30']",0.1272511560536034,0.14700545634553777,598.0,0.1371283061995706,0.009877150145967179,0.12308839108185635,1.9639388980555033,3.434803290597672,3.463839711355099,598.0,3.4493215009763856,0.014518210378713273,0.1809249763843433,1.9639388980555033,completed,29.075047254562378,True,COMPLETE
124,2.915693812922904,2026-06-14 09:25:11.673298,2026-06-14 09:25:14.277557,0 days 00:00:02.604259,18,,4,10,397,ExtraTreesRegressor,9,True,,,,,,,,,,,,,,,,,,,,,,,,,,,,,,,,,,,,,,,,,,,,,ExtraTreesRegressor,"{'mode': 'original', 'type': 'ExtraTreesRegressor'}",9,"['nodes_T6W30', 're_T6W30', 'l1_T6W30', 'l2_T6W30', 'l3_T6W30', 'lsc_T6W30', 'atd_T6W30', 'density_T6W30', 'asp_T6W30']",,,,,,,,,,,,,,,pruned,,True,PRUNED
125,2.852504029644074,2026-06-14 09:25:14.283191,2026-06-14 09:25:36.968091,0 days 00:00:22.684900,4,log2,3,9,102,ExtraTreesRegressor,8,True,-0.014389478043329794,-0.01020690708027395,598.0,-0.012298192561801872,0.0020912854815279217,0.026061461191740444,1.9639388980555033,2.8422360591988207,2.8627720000893273,598.0,2.852504029644074,0.010267970445253327,0.12795876777253595,1.9639388980555033,913852881425660.8,1002740417597526.5,598.0,958296649511593.6,44443768085932.914,553855294945195.9,1.9639388980555033,8.326144923916925,8.499373354032475,598.0,8.4127591389747,0.08661421505777424,1.0793806126995318,1.9639388980555033,2.551894272077551,2.5823396878312077,598.0,2.5671169799543794,0.015222707876828284,0.1897043775560037,1.9639388980555033,599.0,0.5943238731218697,-0.021081512718167064,-0.013658743177618783,598.0,-0.017370127947892923,0.00371138477027414,0.046251031249663746,1.9639388980555033,ExtraTreesRegressor,"{'mode': 'original', 'type': 'ExtraTreesRegressor'}",8,"['nodes_T6W30', 'l1_T6W30', 'l3_T6W30', 'lcc_T6W30', 'atd_T6W30', 'density_T6W30', 'diameter_T6W30', 'asp_T6W30']",0.06493099748641246,0.08311788572314005,598.0,0.07402444160477625,0.009093444118363792,0.11332189846067851,1.9639388980555033,3.4627489748299896,3.49195397338163,598.0,3.47735147410581,0.01460249927582007,0.1819753790387138,1.9639388980555033,completed,22.676488161087036,True,COMPLETE
126,2.945443963087033,2026-06-14 09:25:36.982540,2026-06-14 09:25:38.548620,0 days 00:00:01.566080,10,,1,2,189,ExtraTreesRegressor,5,False,,,,,,,,,,,,,,,,,,,,,,,,,,,,,,,,,,,,,,,,,,,,,ExtraTreesRegressor,"{'mode': 'original', 'type': 'ExtraTreesRegressor'}",5,"['l1_T6W30', 'l2_T6W30', 'l3_T6W30', 'density_T6W30', 'asp_T6W30']",,,,,,,,,,,,,,,pruned,,False,PRUNED
127,2.836641810478066,2026-06-14 09:25:38.554662,2026-06-14 09:26:47.980346,0 days 00:01:09.425684,2,log2,1,7,401,ExtraTreesRegressor,7,False,-0.008106141041286801,-0.0051884759583408,598.0,-0.0066473084998138,0.0014588325414730005,0.018179874532036275,1.9639388980555033,2.8271979844321686,2.8460856365239637,598.0,2.836641810478066,0.00944382604589746,0.11768833484029433,1.9639388980555033,925158272495689.5,1014553416317839.2,598.0,969855844406764.4,44697571911074.89,557018181407937.56,1.9639388980555033,8.201633294187609,8.364881486042766,598.0,8.283257390115187,0.08162409592757905,1.0171940785307358,1.9639388980555033,2.5452840068368654,2.573994317464582,598.0,2.5596391621507237,0.014355155313858281,0.17889299496316957,1.9639388980555033,599.0,0.3606010016694491,0.0018093650310231683,0.006335135852144265,598.0,0.004072250441583717,0.0022628854105605487,0.028199928144478914,1.9639388980555033,ExtraTreesRegressor,"{'mode': 'original', 'type': 'ExtraTreesRegressor'}",7,"['nodes_T6W30', 'l1_T6W30', 'lcc_T6W30', 'atd_T6W30', 'density_T6W30', 'diameter_T6W30', 'asp_T6W30']",0.12270742849362386,0.1414743453752176,598.0,0.13209088693442073,0.00938345844079687,0.11693603774290431,1.9639388980555033,3.427334680459298,3.455105869330697,598.0,3.4412202748949974,0.013885594435699306,0.1730413583925571,1.9639388980555033,completed,69.41689276695251,False,COMPLETE
