number,value,datetime_start,datetime_complete,duration,params_et_max_depth,params_et_max_features,params_et_min_samples_leaf,params_et_min_samples_split,params_et_n_estimators,params_regressor,params_rfe_n_features,params_use_scaler,user_attrs_d2mae_ci_lower_val,user_attrs_d2mae_ci_upper_val,user_attrs_d2mae_df_val,user_attrs_d2mae_mean_val,user_attrs_d2mae_samperror_val,user_attrs_d2mae_std_val,user_attrs_d2mae_t_critical_val,user_attrs_mae_ci_lower_val,user_attrs_mae_ci_upper_val,user_attrs_mae_df_val,user_attrs_mae_mean_val,user_attrs_mae_samperror_val,user_attrs_mae_std_val,user_attrs_mae_t_critical_val,user_attrs_mape_ci_lower_val,user_attrs_mape_ci_upper_val,user_attrs_mape_df_val,user_attrs_mape_mean_val,user_attrs_mape_samperror_val,user_attrs_mape_std_val,user_attrs_mape_t_critical_val,user_attrs_max_error_ci_lower_val,user_attrs_max_error_ci_upper_val,user_attrs_max_error_df_val,user_attrs_max_error_mean_val,user_attrs_max_error_samperror_val,user_attrs_max_error_std_val,user_attrs_max_error_t_critical_val,user_attrs_median_ae_ci_lower_val,user_attrs_median_ae_ci_upper_val,user_attrs_median_ae_df_val,user_attrs_median_ae_mean_val,user_attrs_median_ae_samperror_val,user_attrs_median_ae_std_val,user_attrs_median_ae_t_critical_val,user_attrs_n_splits_val,user_attrs_r2_below_zero_val,user_attrs_r2_ci_lower_val,user_attrs_r2_ci_upper_val,user_attrs_r2_df_val,user_attrs_r2_mean_val,user_attrs_r2_samperror_val,user_attrs_r2_std_val,user_attrs_r2_t_critical_val,user_attrs_regressor_final,user_attrs_rfe_estimator,user_attrs_rfe_n_features,user_attrs_rfe_selected_features,user_attrs_rho_ci_lower_val,user_attrs_rho_ci_upper_val,user_attrs_rho_df_val,user_attrs_rho_mean_val,user_attrs_rho_samperror_val,user_attrs_rho_std_val,user_attrs_rho_t_critical_val,user_attrs_rmse_ci_lower_val,user_attrs_rmse_ci_upper_val,user_attrs_rmse_df_val,user_attrs_rmse_mean_val,user_attrs_rmse_samperror_val,user_attrs_rmse_std_val,user_attrs_rmse_t_critical_val,user_attrs_termination_reason,user_attrs_trial_time_seconds,user_attrs_use_scaler_final,state
128,2.8403113025842246,2026-06-14 09:26:47.995151,2026-06-14 09:27:41.195803,0 days 00:00:53.200652,2,log2,3,5,302,ExtraTreesRegressor,2,False,-0.009128076144804305,-0.0067597890150478835,598.0,-0.007943932579926094,0.00118414356487821,0.014756718694845785,1.9639388980555033,2.8311389038245918,2.8494837013438574,598.0,2.8403113025842246,0.009172398759632898,0.11430582597201917,1.9639388980555033,935467654388134.1,1025572811955942.9,598.0,980520233172038.5,45052578783904.33,561442253549578.3,1.9639388980555033,8.184579935784166,8.34015705800372,598.0,8.262368496893943,0.07778856110977657,0.9693958976096417,1.9639388980555033,2.5288413505365317,2.5505567524767394,598.0,2.5396990515066356,0.010857700970104014,0.13530795052292352,1.9639388980555033,599.0,0.2854757929883139,0.0054311911026493674,0.008544787019848725,598.0,0.006987989061249046,0.0015567979585996785,0.019400713073273713,1.9639388980555033,ExtraTreesRegressor,"{'mode': 'original', 'type': 'ExtraTreesRegressor'}",2,"['nodes_T6W30', 'density_T6W30']",0.13804144864384565,0.157746961746562,598.0,0.14789420519520383,0.009852756551358165,0.12278439972111424,1.9639388980555033,3.4227221414274145,3.4501792603228716,598.0,3.436450700875143,0.013728559447728553,0.17108439877088216,1.9639388980555033,completed,53.19192290306091,False,COMPLETE
129,2.9673232671987653,2026-06-14 09:27:41.210275,2026-06-14 09:27:43.331517,0 days 00:00:02.121242,15,,2,10,305,ExtraTreesRegressor,10,True,,,,,,,,,,,,,,,,,,,,,,,,,,,,,,,,,,,,,,,,,,,,,ExtraTreesRegressor,"{'mode': 'original', 'type': 'ExtraTreesRegressor'}",10,"['nodes_T6W30', 're_T6W30', 'l1_T6W30', 'l2_T6W30', 'l3_T6W30', 'lsc_T6W30', 'atd_T6W30', 'density_T6W30', 'diameter_T6W30', 'asp_T6W30']",,,,,,,,,,,,,,,pruned,,True,PRUNED
130,2.876766293861957,2026-06-14 09:27:43.337182,2026-06-14 09:28:01.273291,0 days 00:00:17.936109,12,log2,5,9,73,ExtraTreesRegressor,11,False,-0.023059720060501145,-0.018693664368514377,598.0,-0.02087669221450776,0.0021830278459933853,0.02720474846278692,1.9639388980555033,2.866144174232631,2.887388413491283,598.0,2.876766293861957,0.010622119629326267,0.13237215145368703,1.9639388980555033,923673299450407.8,1013743382965506.5,598.0,968708341207957.1,45035041757549.336,561223708288395.1,1.9639388980555033,8.418040190811167,8.594512496543059,598.0,8.506276343677113,0.08823615286594547,1.0995930942647882,1.9639388980555033,2.580481866373945,2.612037433900455,598.0,2.5962596501372,0.015777783763255324,0.19662169649708872,1.9639388980555033,599.0,0.7278797996661102,-0.03527299812569051,-0.02782837922739806,598.0,-0.031550688676544286,0.0037223094491462285,0.04638717387436612,1.9639388980555033,ExtraTreesRegressor,"{'mode': 'original', 'type': 'ExtraTreesRegressor'}",11,"['nodes_T6W30', 're_T6W30', 'pe_T6W30', 'l1_T6W30', 'l2_T6W30', 'l3_T6W30', 'lcc_T6W30', 'atd_T6W30', 'density_T6W30', 'diameter_T6W30', 'asp_T6W30']",0.01243089751885864,0.030902424302516107,598.0,0.021666660910687374,0.009235763391828734,0.11509547182261541,1.9639388980555033,3.4867705362201877,3.5165879137361746,598.0,3.501679224978181,0.014908688757993277,0.18579109209054737,1.9639388980555033,completed,17.926937103271484,False,COMPLETE
131,2.834746770122745,2026-06-14 09:28:01.288249,2026-06-14 09:28:53.902134,0 days 00:00:52.613885,17,log2,4,6,296,ExtraTreesRegressor,2,False,-0.007315697510002108,-0.004602970803981209,598.0,-0.0059593341569916585,0.0013563633530104494,0.01690291029063829,1.9639388980555033,2.8253450969385416,2.8441484433069486,598.0,2.834746770122745,0.009401673184203332,0.11716302866910643,1.9639388980555033,930920806790591.6,1021273835480783.1,598.0,976097321135687.4,45176514345095.78,562986730306480.9,1.9639388980555033,8.25588049230326,8.42286665707209,598.0,8.339373574687675,0.08349308238441464,1.0404852639967783,1.9639388980555033,2.5289872294918267,2.55272325639612,598.0,2.5408552429439735,0.011868013452146872,0.147898397774082,1.9639388980555033,599.0,0.3606010016694491,0.0014523218825438096,0.005594985118167025,598.0,0.0035236535003554175,0.002071331617811608,0.02581279746339664,1.9639388980555033,ExtraTreesRegressor,"{'mode': 'original', 'type': 'ExtraTreesRegressor'}",2,"['atd_T6W30', 'density_T6W30']",0.10334685859735587,0.12207187003727707,598.0,0.11270936431731647,0.009362505719960591,0.11667492632327305,1.9639388980555033,3.428327437336323,3.4564302191246057,598.0,3.4423788282304644,0.01405139089414117,0.17510750287908303,1.9639388980555033,completed,52.60503387451172,False,COMPLETE
132,2.858674574356858,2026-06-14 09:28:53.917546,2026-06-14 09:30:12.452781,0 days 00:01:18.535235,6,log2,2,12,443,ExtraTreesRegressor,7,True,-0.016739225318911866,-0.012219981409393784,598.0,-0.014479603364152825,0.002259621954759041,0.028159259174377418,1.9639388980555033,2.848066932562732,2.8692822161509834,598.0,2.858674574356858,0.010607641794125707,0.1321917296300993,1.9639388980555033,916979805415344.2,1006374491307194.5,598.0,961677148361269.4,44697342945925.14,557015328059402.8,1.9639388980555033,8.388588952269236,8.567607922195881,598.0,8.478098437232559,0.08950948496332216,1.1154612745458155,1.9639388980555033,2.577468925630347,2.61014941217263,598.0,2.5938091689014886,0.01634024327114148,0.2036310296398746,1.9639388980555033,599.0,0.667779632721202,-0.029562549550647698,-0.02149144115365992,598.0,-0.02552699535215381,0.004035554198493888,0.0502908091985477,1.9639388980555033,ExtraTreesRegressor,"{'mode': 'original', 'type': 'ExtraTreesRegressor'}",7,"['nodes_T6W30', 'l1_T6W30', 'lcc_T6W30', 'atd_T6W30', 'density_T6W30', 'diameter_T6W30', 'asp_T6W30']",0.048313895080828534,0.06654132794045177,598.0,0.05742761151064015,0.009113716429811614,0.11357453066356567,1.9639388980555033,3.476266857538093,3.505818402119381,598.0,3.491042629828737,0.014775772290644236,0.18413469587579936,1.9639388980555033,completed,78.52547097206116,True,COMPLETE
133,2.8408184647661825,2026-06-14 09:30:12.467582,2026-06-14 09:30:42.044839,0 days 00:00:29.577257,20,log2,4,12,153,ExtraTreesRegressor,2,False,-0.009472971669623577,-0.006782840714510946,598.0,-0.008127906192067262,0.0013450654775563158,0.01676211691484251,1.9639388980555033,2.8314892263835887,2.8501477031487763,598.0,2.8408184647661825,0.009329238382593983,0.11626035096788015,1.9639388980555033,930801340834640.5,1020851788358034.5,598.0,975826564596337.5,45025223761696.94,561101357074202.7,1.9639388980555033,8.267255870400659,8.43663740886801,598.0,8.351946639634335,0.08469076923367685,1.0554107582048193,1.9639388980555033,2.5377923915656573,2.5612881544993837,598.0,2.5495402730325205,0.011747881466863407,0.14640132092828267,1.9639388980555033,599.0,0.42070116861435725,-0.0021922104832279425,0.001957292518323645,598.0,-0.00011745898245214855,0.0020747515007757938,0.025855415818441262,1.9639388980555033,ExtraTreesRegressor,"{'mode': 'original', 'type': 'ExtraTreesRegressor'}",2,"['nodes_T6W30', 'density_T6W30']",0.08908368862720051,0.10778906692146256,598.0,0.09843637777433153,0.009352689147131029,0.11655259284269695,1.9639388980555033,3.4346146783556324,3.4626088554668555,598.0,3.448611766911244,0.013997088555611555,0.17443079073207554,1.9639388980555033,completed,29.56857681274414,False,COMPLETE
134,2.8642393172732254,2026-06-14 09:30:42.059304,2026-06-14 09:32:02.276427,0 days 00:01:20.217123,15,,3,10,441,ExtraTreesRegressor,2,False,-0.01947894613934006,-0.013426657719684262,598.0,-0.01645280192951216,0.0030261442098279,0.03771160876009117,1.9639388980555033,2.85220405914365,2.876274575402801,598.0,2.8642393172732254,0.0120352581295754,0.14998258986972277,1.9639388980555033,903421536894742.1,991908444276515.9,598.0,947664990585629.0,44243453690886.91,551358990218390.06,1.9639388980555033,8.557557880759944,8.728357290787521,598.0,8.642957585773733,0.0853997050137885,1.0642454689528311,1.9639388980555033,2.618142477089633,2.6575296144198277,598.0,2.6378360457547303,0.01969356866509729,0.24541994865154715,1.9639388980555033,599.0,0.7245409015025042,-0.04713549588443202,-0.036572555055940266,598.0,-0.04185402547018614,0.005281470414245878,0.06581733457817081,1.9639388980555033,ExtraTreesRegressor,"{'mode': 'original', 'type': 'ExtraTreesRegressor'}",2,"['l1_T6W30', 'density_T6W30']",0.06434948615443953,0.08260769658679579,598.0,0.07347859137061766,0.009129105216178131,0.1137663047002629,1.9639388980555033,3.50226083828425,3.5334121209181677,598.0,3.517836479601209,0.01557564131695882,0.19410261071664767,1.9639388980555033,completed,80.20818305015564,False,COMPLETE
135,2.8761149957911982,2026-06-14 09:32:02.290811,2026-06-14 09:32:49.842619,0 days 00:00:47.551808,15,sqrt,5,7,247,ExtraTreesRegressor,9,True,-0.02285904878125831,-0.018467758451133288,598.0,-0.0206634036161958,0.002195645165062512,0.02736198465754289,1.9639388980555033,2.8655465389134624,2.886683452668934,598.0,2.8761149957911982,0.010568456877735673,0.13170340979676198,1.9639388980555033,922254454120147.8,1012174865628093.5,598.0,967214659874120.6,44960205753972.87,560291106967255.44,1.9639388980555033,8.424761541132167,8.600532987495622,598.0,8.512647264313895,0.0878857231817284,1.095226062744546,1.9639388980555033,2.594243985448621,2.628716320868545,598.0,2.611480153158583,0.017236167709961836,0.2147959806708497,1.9639388980555033,599.0,0.7545909849749582,-0.03744923855549233,-0.029879080711357604,598.0,-0.033664159633424964,0.003785078922067362,0.04716940288949079,1.9639388980555033,ExtraTreesRegressor,"{'mode': 'original', 'type': 'ExtraTreesRegressor'}",9,"['nodes_T6W30', 're_T6W30', 'l1_T6W30', 'l3_T6W30', 'lcc_T6W30', 'atd_T6W30', 'density_T6W30', 'diameter_T6W30', 'asp_T6W30']",0.014872666279366219,0.03283046288378374,598.0,0.023851564581574978,0.008978898302208759,0.11189443608465727,1.9639388980555033,3.490289942509664,3.5200569343599666,598.0,3.505173438434815,0.014883495925151176,0.18547714067586785,1.9639388980555033,completed,47.5431809425354,True,COMPLETE
136,2.9056498171947256,2026-06-14 09:32:49.857044,2026-06-14 09:33:54.934748,0 days 00:01:05.077704,13,log2,1,10,330,ExtraTreesRegressor,4,True,-0.03414279294008344,-0.027973357767204953,598.0,-0.031058075353644198,0.003084717586439244,0.03844154630085698,1.9639388980555033,2.893024435258108,2.9182751991313434,598.0,2.9056498171947256,0.012625381936617878,0.15733667367674234,1.9639388980555033,907713049470236.4,998066658469622.4,598.0,952889853969929.4,45176804499692.97,562990346193857.8,1.9639388980555033,8.796690770291109,8.995848884848824,598.0,8.896269827569967,0.09957905727885683,1.2409476179631653,1.9639388980555033,2.5771146003804164,2.6199986935218424,598.0,2.5985566469511294,0.021442046570713243,0.2672093645320291,1.9639388980555033,599.0,0.8330550918196995,-0.07726775892326698,-0.06556011192646657,598.0,-0.07141393542486678,0.005853823498400211,0.07294996081328578,1.9639388980555033,ExtraTreesRegressor,"{'mode': 'original', 'type': 'ExtraTreesRegressor'}",4,"['l3_T6W30', 'atd_T6W30', 'density_T6W30', 'asp_T6W30']",0.01838061930592072,0.03747807181552708,598.0,0.0279293455607239,0.009548726254803179,0.1189955942974797,1.9639388980555033,3.5506712187187857,3.5845721353292896,598.0,3.5676216770240377,0.016950458305251836,0.2112354889882293,1.9639388980555033,completed,65.06903910636902,True,COMPLETE
137,2.8756871973342437,2026-06-14 09:33:54.949676,2026-06-14 09:35:14.867824,0 days 00:01:19.918148,11,log2,5,4,435,ExtraTreesRegressor,9,True,-0.022699829077828183,-0.018310633978236308,598.0,-0.020505231528032245,0.002194597549795936,0.02734892934546097,1.9639388980555033,2.865091454993399,2.8862829396750884,598.0,2.8756871973342437,0.010595742340844873,0.13204343943126198,1.9639388980555033,921737721769555.9,1011609392121255.9,598.0,966673556945405.9,44935835175849.97,559987402436439.25,1.9639388980555033,8.42330329647488,8.599085483756653,598.0,8.511194390115767,0.08789109364088556,1.095292989050946,1.9639388980555033,2.5904793730893583,2.6251852853003528,598.0,2.6078323291948555,0.017352956105497162,0.21625138992261086,1.9639388980555033,599.0,0.7479131886477463,-0.03729820789953685,-0.029738002252133036,598.0,-0.03351810507583494,0.0037801028237019053,0.04710739108116375,1.9639388980555033,ExtraTreesRegressor,"{'mode': 'original', 'type': 'ExtraTreesRegressor'}",9,"['nodes_T6W30', 're_T6W30', 'l1_T6W30', 'l3_T6W30', 'lcc_T6W30', 'atd_T6W30', 'density_T6W30', 'diameter_T6W30', 'asp_T6W30']",0.01630389239224131,0.034133949503847905,598.0,0.025218920948044607,0.008915028555803296,0.11109849553422788,1.9639388980555033,3.490044753523768,3.519832815748594,598.0,3.504938784636181,0.01489403111241289,0.18560842948191275,1.9639388980555033,completed,79.90910220146179,True,COMPLETE
138,2.9243192168903187,2026-06-14 09:35:14.882256,2026-06-14 09:36:51.067196,0 days 00:01:36.184940,6,,2,9,487,ExtraTreesRegressor,7,False,-0.040695630316054866,-0.03487146352003973,598.0,-0.0377835469180473,0.0029120833980075646,0.036290190475973275,1.9639388980555033,2.912425388917669,2.9362130448629684,598.0,2.9243192168903187,0.011893827972649627,0.14822009661922217,1.9639388980555033,913085995740642.5,1003011499854152.0,598.0,958048747797397.2,44962752056754.79,560322838823914.75,1.9639388980555033,8.646435723078735,8.83635025065325,598.0,8.741392986865993,0.09495726378725709,1.1833511335130547,1.9639388980555033,2.629764992888104,2.6659325874256696,598.0,2.647848790156887,0.018083797268783026,0.22535908410522676,1.9639388980555033,599.0,0.8797996661101837,-0.07897747126768608,-0.06823218429432555,598.0,-0.07360482778100581,0.005372643486680256,0.06695352736962282,1.9639388980555033,ExtraTreesRegressor,"{'mode': 'original', 'type': 'ExtraTreesRegressor'}",7,"['nodes_T6W30', 'l1_T6W30', 'l2_T6W30', 'l3_T6W30', 'atd_T6W30', 'density_T6W30', 'asp_T6W30']",-0.009337384343663779,0.00872680503116778,598.0,-0.0003052896562479992,0.00903209468741578,0.11255736591459167,1.9639388980555033,3.555299828437607,3.5868941350550303,598.0,3.5710969817463187,0.01579715330871164,0.19686307848996834,1.9639388980555033,completed,96.1750328540802,False,COMPLETE
139,2.9606595445943644,2026-06-14 09:36:51.082932,2026-06-14 09:37:23.239941,0 days 00:00:32.157009,11,,5,5,126,ExtraTreesRegressor,10,True,-0.05371384388618242,-0.04766208304995665,598.0,-0.05068796346806954,0.003025880418112883,0.03770832140520618,1.9639388980555033,2.948500718612313,2.972818370576416,598.0,2.9606595445943644,0.012158825982051636,0.1515224842649649,1.9639388980555033,929586045020193.5,1021435345532398.0,598.0,975510695276295.8,45924650256102.23,572309950489981.0,1.9639388980555033,8.71687266837384,8.899128573159055,598.0,8.808000620766448,0.09112795239260803,1.1356305084792009,1.9639388980555033,2.6635788513100294,2.705686900320217,598.0,2.684632875815123,0.021054024505094023,0.2623738592440155,1.9639388980555033,599.0,0.9382303839732888,-0.10480051074319949,-0.09387812635914566,598.0,-0.09933931855117258,0.005461192192026919,0.06805701547220595,1.9639388980555033,ExtraTreesRegressor,"{'mode': 'original', 'type': 'ExtraTreesRegressor'}",10,"['nodes_T6W30', 're_T6W30', 'l1_T6W30', 'l2_T6W30', 'l3_T6W30', 'lcc_T6W30', 'atd_T6W30', 'density_T6W30', 'diameter_T6W30', 'asp_T6W30']",-0.04728821786206871,-0.028871185705159626,598.0,-0.03807970178361417,0.00920851607845454,0.11475591760758688,1.9639388980555033,3.5976965698813292,3.6297025796854023,598.0,3.613699574783366,0.016003004902036336,0.1994283874150654,1.9639388980555033,completed,32.14816069602966,True,COMPLETE
140,2.916063163938257,2026-06-14 09:37:23.254472,2026-06-14 09:37:40.938717,0 days 00:00:17.684245,15,sqrt,3,9,66,ExtraTreesRegressor,12,False,-0.03737751196191798,-0.03233695274382997,598.0,-0.034857232352873975,0.0025202796090440017,0.03140755760205762,1.9639388980555033,2.9049495702630037,2.9271767576135104,598.0,2.916063163938257,0.011113593675253521,0.13849686846999928,1.9639388980555033,927352202525320.1,1017965597758339.4,598.0,972658900141829.8,45306697616509.64,564609065614469.1,1.9639388980555033,8.541257674916839,8.721667105476659,598.0,8.631462390196749,0.09020471527990943,1.124125188714924,1.9639388980555033,2.609221916319142,2.6445261408250538,598.0,2.626874028572098,0.01765211225295604,0.21997945402296218,1.9639388980555033,599.0,0.8814691151919867,-0.06589426676999938,-0.057125969461472074,598.0,-0.06151011811573573,0.004384148654263655,0.054634970223403155,1.9639388980555033,ExtraTreesRegressor,"{'mode': 'original', 'type': 'ExtraTreesRegressor'}",12,"['nodes_T6W30', 're_T6W30', 'pe_T6W30', 'l1_T6W30', 'l2_T6W30', 'l3_T6W30', 'lcc_T6W30', 'lsc_T6W30', 'atd_T6W30', 'density_T6W30', 'diameter_T6W30', 'asp_T6W30']",-0.024866450411116674,-0.006273531070491846,598.0,-0.015569990740804259,0.009296459670312413,0.11585186482594163,1.9639388980555033,3.5364775776599786,3.566837912093241,598.0,3.55165774487661,0.015180167216631053,0.18917423866554903,1.9639388980555033,completed,17.675489902496338,False,COMPLETE
141,2.878572425734391,2026-06-14 09:37:40.954522,2026-06-14 09:38:17.534845,0 days 00:00:36.580323,3,,5,7,171,ExtraTreesRegressor,13,True,-0.023817743108301277,-0.01929608351535046,598.0,-0.021556913311825868,0.0022608297964754097,0.02817431121786691,1.9639388980555033,2.8680020960480697,2.8891427554207123,598.0,2.878572425734391,0.010570329686321423,0.13172674861334546,1.9639388980555033,918543849800918.4,1008086190869106.6,598.0,963315020335012.5,44771170534094.086,557935362574508.25,1.9639388980555033,8.405961148753816,8.592209616842611,598.0,8.499085382798214,0.0931242340443972,1.1605080382356243,1.9639388980555033,2.5579505113469834,2.5898302839293033,598.0,2.5738903976381433,0.015939886291160024,0.1986418074658622,1.9639388980555033,599.0,0.7412353923205343,-0.038438654452638124,-0.030447052438766706,598.0,-0.034442853445702415,0.003995801006935711,0.049795407557694564,1.9639388980555033,ExtraTreesRegressor,"{'mode': 'original', 'type': 'ExtraTreesRegressor'}",13,"['nodes_T6W30', 'edges_T6W30', 're_T6W30', 'pe_T6W30', 'l1_T6W30', 'l2_T6W30', 'l3_T6W30', 'lcc_T6W30', 'lsc_T6W30', 'atd_T6W30', 'density_T6W30', 'diameter_T6W30', 'asp_T6W30']",0.02332200091975123,0.041640897541054406,598.0,0.03248144923040282,0.009159448310651588,0.1141444383343565,1.9639388980555033,3.491427806745631,3.521125638882774,598.0,3.5062767228142024,0.014848916068571588,0.18504620879295414,1.9639388980555033,completed,36.57162117958069,True,COMPLETE
142,2.856601746926638,2026-06-14 09:38:17.549349,2026-06-14 09:38:34.311582,0 days 00:00:16.762233,4,log2,5,12,68,ExtraTreesRegressor,12,False,-0.015570165881109724,-0.011910916528046097,598.0,-0.01374054120457791,0.001829624676531814,0.022800661566323745,1.9639388980555033,2.8466620065192507,2.866541487334025,598.0,2.856601746926638,0.00993974040738719,0.1238683867751209,1.9639388980555033,922319161341861.2,1011706164638083.8,598.0,967012662989972.5,44693501648111.22,556967458060405.6,1.9639388980555033,8.290740157422894,8.462629726594743,598.0,8.376684942008819,0.085944784585925,1.0710382144871553,1.9639388980555033,2.5601898387605853,2.588119678870386,598.0,2.5741547588154856,0.013964920054900552,0.17402990900632295,1.9639388980555033,599.0,0.5742904841402338,-0.015346392575510329,-0.009483983063260868,598.0,-0.012415187819385599,0.0029312047561247307,0.036528479574666685,1.9639388980555033,ExtraTreesRegressor,"{'mode': 'original', 'type': 'ExtraTreesRegressor'}",12,"['nodes_T6W30', 're_T6W30', 'pe_T6W30', 'l1_T6W30', 'l2_T6W30', 'l3_T6W30', 'lcc_T6W30', 'lsc_T6W30', 'atd_T6W30', 'density_T6W30', 'diameter_T6W30', 'asp_T6W30']",0.05322515968404182,0.07127608812732968,598.0,0.06225062390568575,0.009025464221643928,0.1124747374891937,1.9639388980555033,3.455041751041216,3.483674240981401,598.0,3.4693579960113086,0.014316244970092694,0.1784080968356967,1.9639388980555033,completed,16.753740072250366,False,COMPLETE
