number,value,datetime_start,datetime_complete,duration,params_et_max_depth,params_et_max_features,params_et_min_samples_leaf,params_et_min_samples_split,params_et_n_estimators,params_regressor,params_rfe_n_features,params_use_scaler,user_attrs_d2mae_ci_lower_val,user_attrs_d2mae_ci_upper_val,user_attrs_d2mae_df_val,user_attrs_d2mae_mean_val,user_attrs_d2mae_samperror_val,user_attrs_d2mae_std_val,user_attrs_d2mae_t_critical_val,user_attrs_mae_ci_lower_val,user_attrs_mae_ci_upper_val,user_attrs_mae_df_val,user_attrs_mae_mean_val,user_attrs_mae_samperror_val,user_attrs_mae_std_val,user_attrs_mae_t_critical_val,user_attrs_mape_ci_lower_val,user_attrs_mape_ci_upper_val,user_attrs_mape_df_val,user_attrs_mape_mean_val,user_attrs_mape_samperror_val,user_attrs_mape_std_val,user_attrs_mape_t_critical_val,user_attrs_max_error_ci_lower_val,user_attrs_max_error_ci_upper_val,user_attrs_max_error_df_val,user_attrs_max_error_mean_val,user_attrs_max_error_samperror_val,user_attrs_max_error_std_val,user_attrs_max_error_t_critical_val,user_attrs_median_ae_ci_lower_val,user_attrs_median_ae_ci_upper_val,user_attrs_median_ae_df_val,user_attrs_median_ae_mean_val,user_attrs_median_ae_samperror_val,user_attrs_median_ae_std_val,user_attrs_median_ae_t_critical_val,user_attrs_n_splits_val,user_attrs_r2_below_zero_val,user_attrs_r2_ci_lower_val,user_attrs_r2_ci_upper_val,user_attrs_r2_df_val,user_attrs_r2_mean_val,user_attrs_r2_samperror_val,user_attrs_r2_std_val,user_attrs_r2_t_critical_val,user_attrs_regressor_final,user_attrs_rfe_estimator,user_attrs_rfe_n_features,user_attrs_rfe_selected_features,user_attrs_rho_ci_lower_val,user_attrs_rho_ci_upper_val,user_attrs_rho_df_val,user_attrs_rho_mean_val,user_attrs_rho_samperror_val,user_attrs_rho_std_val,user_attrs_rho_t_critical_val,user_attrs_rmse_ci_lower_val,user_attrs_rmse_ci_upper_val,user_attrs_rmse_df_val,user_attrs_rmse_mean_val,user_attrs_rmse_samperror_val,user_attrs_rmse_std_val,user_attrs_rmse_t_critical_val,user_attrs_termination_reason,user_attrs_trial_time_seconds,user_attrs_use_scaler_final,state
367,2.877555556070971,2026-06-14 12:11:26.459302,2026-06-14 12:12:36.322642,0 days 00:01:09.863340,4,,2,8,376,ExtraTreesRegressor,6,True,-0.02365364968205103,-0.01868634318288848,598.0,-0.021169996432469754,0.0024836532495812733,0.030951122335727926,1.9639388980555033,2.866474766744862,2.8886363453970803,598.0,2.877555556070971,0.01108078932610917,0.13808806284317438,1.9639388980555033,904496105022498.2,992983243055797.2,598.0,948739674039147.8,44243569016649.516,551360427400407.06,1.9639388980555033,8.474301866189968,8.659759175502103,598.0,8.567030520846036,0.09272865465606725,1.1555783540924145,1.9639388980555033,2.5634007025822347,2.5972753952301737,598.0,2.580338048906204,0.016937346323969312,0.21107208834572513,1.9639388980555033,599.0,0.7245409015025042,-0.04397411742788287,-0.03473399109580861,598.0,-0.03935405426184574,0.004620063166037129,0.057574921247526736,1.9639388980555033,ExtraTreesRegressor,"{'mode': 'original', 'type': 'ExtraTreesRegressor'}",6,"['nodes_T6W30', 'l1_T6W30', 'l3_T6W30', 'atd_T6W30', 'density_T6W30', 'asp_T6W30']",0.032813054359106635,0.05116923236591755,598.0,0.04199114336251209,0.009178089003405455,0.11437673741312078,1.9639388980555033,3.498930886121561,3.5294355727099664,598.0,3.5141832294157638,0.015252343294202669,0.19007369216494904,1.9639388980555033,completed,69.85475611686707,True,COMPLETE
368,2.8344895455791894,2026-06-14 12:12:36.337745,2026-06-14 12:13:44.530097,0 days 00:01:08.192352,6,sqrt,3,9,398,ExtraTreesRegressor,2,True,-0.0073455452621828225,-0.004388183906117636,598.0,-0.005866864584150229,0.0014786806780325934,0.018427220695553973,1.9639388980555033,2.8249386979045243,2.8440403932538545,598.0,2.8344895455791894,0.009550847674664926,0.11902203129132231,1.9639388980555033,928005830645143.1,1018232765600809.1,598.0,973119298122976.1,45113467477833.02,562201044421439.1,1.9639388980555033,8.274054232828814,8.445063068202451,598.0,8.359558650515632,0.08550441768681898,1.0655503913503575,1.9639388980555033,2.5280504851921983,2.5517544577100257,598.0,2.539902471451112,0.011851986258913823,0.14769866795328754,1.9639388980555033,599.0,0.3989983305509182,-0.0011017795388167065,0.003684000354088869,598.0,0.0012911104076360812,0.0023928899464527877,0.029820036062232165,1.9639388980555033,ExtraTreesRegressor,"{'mode': 'original', 'type': 'ExtraTreesRegressor'}",2,"['atd_T6W30', 'density_T6W30']",0.10049379675277975,0.11949125117332607,598.0,0.10999252396305291,0.009498727210273153,0.11837250951534307,1.9639388980555033,3.431933879047119,3.460316947372658,598.0,3.4461254132098884,0.01419153416276948,0.17685395901283477,1.9639388980555033,completed,68.18384790420532,True,COMPLETE
369,2.8779054515969373,2026-06-14 12:13:44.545598,2026-06-14 12:14:57.212645,0 days 00:01:12.667047,6,sqrt,1,5,399,ExtraTreesRegressor,5,True,-0.02393787033914644,-0.01873216769807904,598.0,-0.02133501901861274,0.002602851320533701,0.03243656080297506,1.9639388980555033,2.8667933523545184,2.8890175508393563,598.0,2.8779054515969373,0.011112099242418861,0.1384782449469709,1.9639388980555033,910462985799621.2,999558237326723.5,598.0,955010611563172.4,44547625763551.125,555149562446509.8,1.9639388980555033,8.46626220297908,8.646065134785664,598.0,8.556163668882371,0.08990146590329165,1.1203461150638365,1.9639388980555033,2.5864286147166955,2.6209783234521997,598.0,2.6037034690844476,0.017274854367752005,0.2152780912385088,1.9639388980555033,599.0,0.7212020033388982,-0.04698501254454126,-0.0370883521418772,598.0,-0.04203668234320923,0.004948330201332026,0.061665763304449124,1.9639388980555033,ExtraTreesRegressor,"{'mode': 'original', 'type': 'ExtraTreesRegressor'}",5,"['l1_T6W30', 'lcc_T6W30', 'atd_T6W30', 'density_T6W30', 'asp_T6W30']",0.039528403992918626,0.058069825647178705,598.0,0.048799114820048665,0.00927071082713004,0.1155309844472191,1.9639388980555033,3.5030884845127495,3.5335229890340787,598.0,3.518305736773414,0.015217252260664461,0.18963639002862573,1.9639388980555033,completed,72.65844821929932,True,COMPLETE
370,2.8725752987024147,2026-06-14 12:14:57.227706,2026-06-14 12:15:35.368213,0 days 00:00:38.140507,18,sqrt,5,12,193,ExtraTreesRegressor,13,False,-0.021368714367718703,-0.017432882347259124,598.0,-0.019400798357488914,0.0019679160102297898,0.024524039009603576,1.9639388980555033,2.8623532370237386,2.882797360381091,598.0,2.8725752987024147,0.010222061678675906,0.12738665576339794,1.9639388980555033,927874405337953.0,1018004148099252.2,598.0,972939276718602.6,45064871380649.664,561595443076237.4,1.9639388980555033,8.373421829540115,8.546614047062176,598.0,8.460017938301146,0.08659610876103065,1.0791549732284613,1.9639388980555033,2.5761387275785683,2.607357751751894,598.0,2.591748239665231,0.015609512086663037,0.19452470600587424,1.9639388980555033,599.0,0.7212020033388982,-0.029958315193375377,-0.023409545220639247,598.0,-0.026683930207007312,0.0032743849863680645,0.04080516887952656,1.9639388980555033,ExtraTreesRegressor,"{'mode': 'original', 'type': 'ExtraTreesRegressor'}",13,"['nodes_T6W30', 'edges_T6W30', 're_T6W30', 'pe_T6W30', 'l1_T6W30', 'l2_T6W30', 'l3_T6W30', 'lcc_T6W30', 'lsc_T6W30', 'atd_T6W30', 'density_T6W30', 'diameter_T6W30', 'asp_T6W30']",0.012796949537763608,0.030519351408948216,598.0,0.02165815047335591,0.008861200935592303,0.11042769929547257,1.9639388980555033,3.4790029391648067,3.508223576450881,598.0,3.493613257807844,0.014610318643036989,0.18207282347519446,1.9639388980555033,completed,38.13213610649109,False,COMPLETE
371,2.924179866009184,2026-06-14 12:15:35.383457,2026-06-14 12:16:49.639082,0 days 00:01:14.255625,13,,2,12,368,ExtraTreesRegressor,5,False,-0.040898389708270255,-0.03455487610819134,598.0,-0.0377266329082308,0.0031717568000394565,0.03952622321725017,1.9639388980555033,2.911744148675437,2.936615583342931,598.0,2.924179866009184,0.012435717333747211,0.15497308595482626,1.9639388980555033,905083594405629.4,994598612778428.6,598.0,949841103592029.0,44757509186399.586,557765115764155.56,1.9639388980555033,8.75541618329274,8.937062402048317,598.0,8.846239292670528,0.09082310937778953,1.1318315750143826,1.9639388980555033,2.62059004698128,2.6595827485303083,598.0,2.6400863977557942,0.019496350774513924,0.24296223235831296,1.9639388980555033,599.0,0.8614357262103506,-0.08302327855934934,-0.071575919802231,598.0,-0.07729959918079017,0.0057236793785591655,0.07132811340960535,1.9639388980555033,ExtraTreesRegressor,"{'mode': 'original', 'type': 'ExtraTreesRegressor'}",5,"['l1_T6W30', 'l2_T6W30', 'l3_T6W30', 'atd_T6W30', 'density_T6W30']",0.018657934076286957,0.03669687728060405,598.0,0.027677405678445503,0.009019471602158548,0.11240005786198137,1.9639388980555033,3.5608385138738843,3.593343412128652,598.0,3.577090963001268,0.016252449127383977,0.20253694483385057,1.9639388980555033,completed,74.2467691898346,False,COMPLETE
372,2.9075270451770803,2026-06-14 12:16:49.655549,2026-06-14 12:18:21.868034,0 days 00:01:32.212485,5,,5,6,471,ExtraTreesRegressor,9,False,-0.03453590451807038,-0.0291264798315255,598.0,-0.03183119217479794,0.002704712343272439,0.03370594612339391,1.9639388980555033,2.89609623170295,2.9189578586512104,598.0,2.9075270451770803,0.011430813474130299,0.14245004059819608,1.9639388980555033,917485723571824.8,1007634280409134.8,598.0,962560001990479.8,45074278418655.03,561712672960952.6,1.9639388980555033,8.551478178779648,8.73942577928833,598.0,8.64545197903399,0.09397380025434161,1.1710952760880595,1.9639388980555033,2.61643832656628,2.6521012871474983,598.0,2.634269806856889,0.017831480290609256,0.22221472663094805,1.9639388980555033,599.0,0.8414023372287145,-0.06512578215555287,-0.05533146870277471,598.0,-0.06022862542916379,0.0048971567263890806,0.06102804284827417,1.9639388980555033,ExtraTreesRegressor,"{'mode': 'original', 'type': 'ExtraTreesRegressor'}",9,"['nodes_T6W30', 'l1_T6W30', 'l2_T6W30', 'l3_T6W30', 'lcc_T6W30', 'atd_T6W30', 'density_T6W30', 'diameter_T6W30', 'asp_T6W30']",-0.009665351098780615,0.008787829407777486,598.0,-0.0004387608455015647,0.00922659025327905,0.11498115677742876,1.9639388980555033,3.53369268255875,3.5644368784737934,598.0,3.5490647805162716,0.015372097957522004,0.1915660668494166,1.9639388980555033,completed,92.20294976234436,False,COMPLETE
373,2.93881756855652,2026-06-14 12:18:21.884437,2026-06-14 12:18:23.711936,0 days 00:00:01.827499,11,,3,4,251,ExtraTreesRegressor,8,False,,,,,,,,,,,,,,,,,,,,,,,,,,,,,,,,,,,,,,,,,,,,,ExtraTreesRegressor,"{'mode': 'original', 'type': 'ExtraTreesRegressor'}",8,"['re_T6W30', 'l1_T6W30', 'l2_T6W30', 'l3_T6W30', 'lsc_T6W30', 'atd_T6W30', 'density_T6W30', 'asp_T6W30']",,,,,,,,,,,,,,,pruned,,False,PRUNED
374,2.8567571467786568,2026-06-14 12:18:23.717661,2026-06-14 12:19:32.104786,0 days 00:01:08.387125,3,sqrt,2,2,391,ExtraTreesRegressor,12,True,-0.015486242881266913,-0.012108152664817387,598.0,-0.01379719777304215,0.001689045108224762,0.021048768294866082,1.9639388980555033,2.847025674811763,2.8664886187455507,598.0,2.8567571467786568,0.009731471966893866,0.12127295926064523,1.9639388980555033,924809421911699.9,1014295971031806.4,598.0,969552696471753.1,44743274560053.25,557587724793204.56,1.9639388980555033,8.261873282578419,8.42960665908341,598.0,8.345739970830914,0.08386668825249527,1.0451411155856662,1.9639388980555033,2.550707301805631,2.5795425243092973,598.0,2.5651249130574643,0.014417611251833036,0.1796713167265539,1.9639388980555033,599.0,0.5676126878130217,-0.014011467551880933,-0.0085477278766364,598.0,-0.011279597714258667,0.002731869837622267,0.03404438101968834,1.9639388980555033,ExtraTreesRegressor,"{'mode': 'original', 'type': 'ExtraTreesRegressor'}",12,"['nodes_T6W30', 're_T6W30', 'pe_T6W30', 'l1_T6W30', 'l2_T6W30', 'l3_T6W30', 'lcc_T6W30', 'lsc_T6W30', 'atd_T6W30', 'density_T6W30', 'diameter_T6W30', 'asp_T6W30']",0.06523816744837285,0.08304277238661767,598.0,0.07414046991749526,0.008902302469122405,0.1109399038846964,1.9639388980555033,3.4533269184802564,3.4815293325879746,598.0,3.4674281255341155,0.014101207053859293,0.1757283085628039,1.9639388980555033,completed,68.37867903709412,True,COMPLETE
375,3.0719431941974755,2026-06-14 12:19:32.120537,2026-06-14 12:19:33.709734,0 days 00:00:01.589197,15,,1,4,191,ExtraTreesRegressor,11,False,,,,,,,,,,,,,,,,,,,,,,,,,,,,,,,,,,,,,,,,,,,,,ExtraTreesRegressor,"{'mode': 'original', 'type': 'ExtraTreesRegressor'}",11,"['edges_T6W30', 're_T6W30', 'pe_T6W30', 'l1_T6W30', 'l2_T6W30', 'l3_T6W30', 'lsc_T6W30', 'atd_T6W30', 'density_T6W30', 'diameter_T6W30', 'asp_T6W30']",,,,,,,,,,,,,,,pruned,,False,PRUNED
376,2.842127686640136,2026-06-14 12:19:33.716509,2026-06-14 12:20:26.615653,0 days 00:00:52.899144,7,sqrt,2,7,289,ExtraTreesRegressor,3,False,-0.010087669108465766,-0.0070363663617446,598.0,-0.008562017735105183,0.0015256513733605836,0.01901256639046365,1.9639388980555033,2.832418096515784,2.851837276764488,598.0,2.842127686640136,0.009709590124352182,0.12100026918784502,1.9639388980555033,921585839813043.2,1010971760477500.0,598.0,966278800145271.6,44692960332228.39,556960712217718.25,1.9639388980555033,8.293442241492869,8.456784417506658,598.0,8.375113329499763,0.0816710880068938,1.0177796907114722,1.9639388980555033,2.5418816039494776,2.5685251034881538,598.0,2.5552033537188157,0.013321749769338144,0.16601476349657707,1.9639388980555033,599.0,0.48414023372287146,-0.004890447297843687,4.493612592814181e-05,598.0,-0.0024227555859577727,0.0024676917118859145,0.030752210709896633,1.9639388980555033,ExtraTreesRegressor,"{'mode': 'original', 'type': 'ExtraTreesRegressor'}",3,"['l3_T6W30', 'atd_T6W30', 'density_T6W30']",0.0881024060223365,0.10701583599066512,598.0,0.09755912100650081,0.009456714984164309,0.11784895593550646,1.9639388980555033,3.4382440789563975,3.4668085905431494,598.0,3.4525263347497734,0.014282255793376072,0.17798452596612213,1.9639388980555033,completed,52.88995122909546,False,COMPLETE
377,2.8760980805252623,2026-06-14 12:20:26.631471,2026-06-14 12:21:08.221276,0 days 00:00:41.589805,15,sqrt,5,9,205,ExtraTreesRegressor,12,False,-0.022713678733858142,-0.018595760354945853,598.0,-0.020654719544401998,0.0020589591894561447,0.025658613080498372,1.9639388980555033,2.8657465092639756,2.886449651786549,598.0,2.8760980805252623,0.010351571261286694,0.12900059560613217,1.9639388980555033,925964071687276.5,1016071727971532.2,598.0,971017899829404.4,45053828142127.9,561457822969031.44,1.9639388980555033,8.392667210845753,8.567366248737256,598.0,8.480016729791505,0.08734951894575137,1.0885439210617414,1.9639388980555033,2.579791881671361,2.6103191406883752,598.0,2.595055511179868,0.015263629508507182,0.19021434022027042,1.9639388980555033,599.0,0.7295492487479132,-0.0328188707101651,-0.0259520013460614,598.0,-0.029385436028113252,0.0034334346820518503,0.04278723565531303,1.9639388980555033,ExtraTreesRegressor,"{'mode': 'original', 'type': 'ExtraTreesRegressor'}",12,"['nodes_T6W30', 're_T6W30', 'pe_T6W30', 'l1_T6W30', 'l2_T6W30', 'l3_T6W30', 'lcc_T6W30', 'lsc_T6W30', 'atd_T6W30', 'density_T6W30', 'diameter_T6W30', 'asp_T6W30']",0.009469896910604712,0.027689463389563077,598.0,0.018579680150083894,0.009109783239479183,0.11352551550608773,1.9639388980555033,3.4834457356764568,3.5127112143056576,598.0,3.498078474991057,0.014632739314600313,0.18235222839958262,1.9639388980555033,completed,41.58079409599304,False,COMPLETE
378,2.9377802464538036,2026-06-14 12:21:08.236632,2026-06-14 12:21:08.632817,0 days 00:00:00.396185,17,sqrt,1,10,54,ExtraTreesRegressor,13,True,,,,,,,,,,,,,,,,,,,,,,,,,,,,,,,,,,,,,,,,,,,,,ExtraTreesRegressor,"{'mode': 'original', 'type': 'ExtraTreesRegressor'}",13,"['nodes_T6W30', 'edges_T6W30', 're_T6W30', 'pe_T6W30', 'l1_T6W30', 'l2_T6W30', 'l3_T6W30', 'lcc_T6W30', 'lsc_T6W30', 'atd_T6W30', 'density_T6W30', 'diameter_T6W30', 'asp_T6W30']",,,,,,,,,,,,,,,pruned,,True,PRUNED
379,2.8628314826212597,2026-06-14 12:21:08.638587,2026-06-14 12:22:07.508563,0 days 00:00:58.869976,16,sqrt,4,2,318,ExtraTreesRegressor,8,True,-0.017979678216579795,-0.013935716218469956,598.0,-0.015957697217524876,0.00202198099905492,0.02519779332031039,1.9639388980555033,2.8526113315338657,2.873051633708654,598.0,2.8628314826212597,0.010220151087393863,0.12736284610135512,1.9639388980555033,925551974286887.0,1015466188052100.8,598.0,970509081169493.9,44957106882606.875,560252489037491.0,1.9639388980555033,8.35531108870552,8.528820911206882,598.0,8.4420659999562,0.08675491125068141,1.0811339593390337,1.9639388980555033,2.589958163561622,2.6227382935968833,598.0,2.6063482285792525,0.01639006501763089,0.2042519049455692,1.9639388980555033,599.0,0.666110183639399,-0.026120301164139728,-0.019346942887255268,598.0,-0.022733622025697498,0.0033866791384422295,0.04220457116687093,1.9639388980555033,ExtraTreesRegressor,"{'mode': 'original', 'type': 'ExtraTreesRegressor'}",8,"['nodes_T6W30', 're_T6W30', 'l1_T6W30', 'lcc_T6W30', 'atd_T6W30', 'density_T6W30', 'diameter_T6W30', 'asp_T6W30']",0.03690609485272819,0.05481632937157364,598.0,0.04586121211215091,0.008955117259422723,0.11159807830417165,1.9639388980555033,3.4722028922236263,3.5012783933886236,598.0,3.486740642806125,0.014537750582498557,0.181168485110018,1.9639388980555033,completed,58.86088275909424,True,COMPLETE
380,2.8339357886574508,2026-06-14 12:22:07.524013,2026-06-14 12:23:18.752226,0 days 00:01:11.228213,20,sqrt,5,4,419,ExtraTreesRegressor,2,False,-0.006979920762674067,-0.004372076067184523,598.0,-0.005675998414929295,0.0013039223477447723,0.01624939395551375,1.9639388980555033,2.824619456226691,2.8432521210882107,598.0,2.8339357886574508,0.009316332430759801,0.11609951785071854,1.9639388980555033,931120430050558.2,1021331364083159.8,598.0,976225897066859.0,45105467016300.734,562101343199591.9,1.9639388980555033,8.240412073241107,8.405923432856081,598.0,8.323167753048594,0.08275567980748748,1.031295801911843,1.9639388980555033,2.5298019468907484,2.5535222555804586,598.0,2.5416621012356035,0.011860154344855005,0.14780045809941883,1.9639388980555033,599.0,0.32554257095158595,0.003760178301702468,0.007581745640596478,598.0,0.005670961971149473,0.0019107836694470049,0.023812059561911916,1.9639388980555033,ExtraTreesRegressor,"{'mode': 'original', 'type': 'ExtraTreesRegressor'}",2,"['atd_T6W30', 'density_T6W30']",0.10988334793498294,0.12890837610936065,598.0,0.1193958620221718,0.00951251408718885,0.11854432066253816,1.9639388980555033,3.4247385465959397,3.452674904694482,598.0,3.438706725645211,0.01396817904927126,0.17407052237836926,1.9639388980555033,completed,71.219722032547,False,COMPLETE
381,2.8738116115131405,2026-06-14 12:23:18.767465,2026-06-14 12:23:50.191012,0 days 00:00:31.423547,13,log2,3,4,152,ExtraTreesRegressor,7,True,-0.022164181682435023,-0.017520087665356975,598.0,-0.019842134673896,0.0023220470085390243,0.02893719606097155,1.9639388980555033,2.8630222073758813,2.8846010156503996,598.0,2.8738116115131405,0.01078940413725913,0.13445683991443533,1.9639388980555033,926737246333567.6,1017430317967187.9,598.0,972083782150377.8,45346535816810.13,565105526628640.0,1.9639388980555033,8.446275111972213,8.625795123501476,598.0,8.536035117736844,0.0897600057646309,1.11858324818294,1.9639388980555033,2.603286003522569,2.637261316672365,598.0,2.620273660097467,0.016987656574897658,0.21169905136139044,1.9639388980555033,599.0,0.7295492487479132,-0.037301018044739224,-0.029232606206891047,598.0,-0.033266812125815136,0.00403420591892409,0.05027400702782818,1.9639388980555033,ExtraTreesRegressor,"{'mode': 'original', 'type': 'ExtraTreesRegressor'}",7,"['nodes_T6W30', 'l1_T6W30', 'l2_T6W30', 'atd_T6W30', 'density_T6W30', 'diameter_T6W30', 'asp_T6W30']",0.030547034393742116,0.0494236601310453,598.0,0.03998534726239371,0.00943831286865159,0.11761962999052346,1.9639388980555033,3.489379544462018,3.5191221489658684,598.0,3.5042508467139433,0.014871302251925044,0.18532518392755465,1.9639388980555033,completed,31.415085792541504,True,COMPLETE
382,2.894990050158126,2026-06-14 12:23:50.206449,2026-06-14 12:23:53.150412,0 days 00:00:02.943963,8,,1,4,413,ExtraTreesRegressor,4,False,,,,,,,,,,,,,,,,,,,,,,,,,,,,,,,,,,,,,,,,,,,,,ExtraTreesRegressor,"{'mode': 'original', 'type': 'ExtraTreesRegressor'}",4,"['l3_T6W30', 'atd_T6W30', 'density_T6W30', 'asp_T6W30']",,,,,,,,,,,,,,,pruned,,False,PRUNED
383,2.9729189984458078,2026-06-14 12:23:53.156469,2026-06-14 12:23:56.037761,0 days 00:00:02.881292,9,,2,7,421,ExtraTreesRegressor,10,False,,,,,,,,,,,,,,,,,,,,,,,,,,,,,,,,,,,,,,,,,,,,,ExtraTreesRegressor,"{'mode': 'original', 'type': 'ExtraTreesRegressor'}",10,"['nodes_T6W30', 're_T6W30', 'l1_T6W30', 'l2_T6W30', 'l3_T6W30', 'lsc_T6W30', 'atd_T6W30', 'density_T6W30', 'diameter_T6W30', 'asp_T6W30']",,,,,,,,,,,,,,,pruned,,False,PRUNED
384,2.8395083589745966,2026-06-14 12:23:56.043528,2026-06-14 12:24:43.585072,0 days 00:00:47.541544,9,sqrt,4,3,264,ExtraTreesRegressor,2,True,-0.009045343581377704,-0.006285221585728069,598.0,-0.007665282583552886,0.001380060997824817,0.017198228771123352,1.9639388980555033,2.830153824836954,2.8488628931122393,598.0,2.8395083589745966,0.009354534137642501,0.11657558499228081,1.9639388980555033,928612198611615.5,1018526533651640.5,598.0,973569366131628.0,44957167520012.48,560253244696824.44,1.9639388980555033,8.27484545011633,8.445454742808305,598.0,8.360150096462318,0.08530464634598643,1.0630608541292002,1.9639388980555033,2.5373967711917587,2.5610599492063617,598.0,2.54922836019906,0.011831589007301305,0.14744447875434116,1.9639388980555033,599.0,0.41402337228714525,-0.002355049895627299,0.0020112704465070634,598.0,-0.00017188972456011763,0.002183160171067181,0.027206397489094373,1.9639388980555033,ExtraTreesRegressor,"{'mode': 'original', 'type': 'ExtraTreesRegressor'}",2,"['nodes_T6W30', 'density_T6W30']",0.09166828902931456,0.11019203825102616,598.0,0.10093016364017036,0.009261874610855803,0.11542086810511903,1.9639388980555033,3.4346342748610152,3.4627004386622917,598.0,3.4486673567616535,0.01403308190063844,0.17487933741442221,1.9639388980555033,completed,47.53247117996216,True,COMPLETE
