number,value,datetime_start,datetime_complete,duration,params_et_max_depth,params_et_max_features,params_et_min_samples_leaf,params_et_min_samples_split,params_et_n_estimators,params_regressor,params_rfe_n_features,params_use_scaler,user_attrs_d2mae_ci_lower_val,user_attrs_d2mae_ci_upper_val,user_attrs_d2mae_df_val,user_attrs_d2mae_mean_val,user_attrs_d2mae_samperror_val,user_attrs_d2mae_std_val,user_attrs_d2mae_t_critical_val,user_attrs_mae_ci_lower_val,user_attrs_mae_ci_upper_val,user_attrs_mae_df_val,user_attrs_mae_mean_val,user_attrs_mae_samperror_val,user_attrs_mae_std_val,user_attrs_mae_t_critical_val,user_attrs_mape_ci_lower_val,user_attrs_mape_ci_upper_val,user_attrs_mape_df_val,user_attrs_mape_mean_val,user_attrs_mape_samperror_val,user_attrs_mape_std_val,user_attrs_mape_t_critical_val,user_attrs_max_error_ci_lower_val,user_attrs_max_error_ci_upper_val,user_attrs_max_error_df_val,user_attrs_max_error_mean_val,user_attrs_max_error_samperror_val,user_attrs_max_error_std_val,user_attrs_max_error_t_critical_val,user_attrs_median_ae_ci_lower_val,user_attrs_median_ae_ci_upper_val,user_attrs_median_ae_df_val,user_attrs_median_ae_mean_val,user_attrs_median_ae_samperror_val,user_attrs_median_ae_std_val,user_attrs_median_ae_t_critical_val,user_attrs_n_splits_val,user_attrs_r2_below_zero_val,user_attrs_r2_ci_lower_val,user_attrs_r2_ci_upper_val,user_attrs_r2_df_val,user_attrs_r2_mean_val,user_attrs_r2_samperror_val,user_attrs_r2_std_val,user_attrs_r2_t_critical_val,user_attrs_regressor_final,user_attrs_rfe_estimator,user_attrs_rfe_n_features,user_attrs_rfe_selected_features,user_attrs_rho_ci_lower_val,user_attrs_rho_ci_upper_val,user_attrs_rho_df_val,user_attrs_rho_mean_val,user_attrs_rho_samperror_val,user_attrs_rho_std_val,user_attrs_rho_t_critical_val,user_attrs_rmse_ci_lower_val,user_attrs_rmse_ci_upper_val,user_attrs_rmse_df_val,user_attrs_rmse_mean_val,user_attrs_rmse_samperror_val,user_attrs_rmse_std_val,user_attrs_rmse_t_critical_val,user_attrs_termination_reason,user_attrs_trial_time_seconds,user_attrs_use_scaler_final,state
231,2.9153946760858886,2026-06-14 10:39:20.954146,2026-06-14 10:39:23.105664,0 days 00:00:02.151518,15,,1,12,272,ExtraTreesRegressor,6,False,,,,,,,,,,,,,,,,,,,,,,,,,,,,,,,,,,,,,,,,,,,,,ExtraTreesRegressor,"{'mode': 'original', 'type': 'ExtraTreesRegressor'}",6,"['l1_T6W30', 'l2_T6W30', 'l3_T6W30', 'atd_T6W30', 'density_T6W30', 'asp_T6W30']",,,,,,,,,,,,,,,pruned,,False,PRUNED
232,2.8381531542044627,2026-06-14 10:39:23.112571,2026-06-14 10:40:22.051579,0 days 00:00:58.939008,7,sqrt,5,11,324,ExtraTreesRegressor,2,True,-0.008449446417360089,-0.005906948339526725,598.0,-0.007178197378443407,0.0012712490389166816,0.015842221344432972,1.9639388980555033,2.8288920629709526,2.8474142454379727,598.0,2.8381531542044627,0.009261091233510009,0.11541110570850881,1.9639388980555033,931542845247391.4,1021578341300832.6,598.0,976560593274112.0,45017748026720.58,561008194959949.5,1.9639388980555033,8.243791298638785,8.409542554728285,598.0,8.326666926683535,0.08287562804475067,1.032790588901981,1.9639388980555033,2.5371334554922513,2.5599571760484188,598.0,2.548545315770335,0.011411860278083694,0.1422138471240908,1.9639388980555033,599.0,0.3572621035058431,0.0017031548799333754,0.005439226182829131,598.0,0.0035711905313812534,0.001868035651447878,0.02327933659226068,1.9639388980555033,ExtraTreesRegressor,"{'mode': 'original', 'type': 'ExtraTreesRegressor'}",2,"['nodes_T6W30', 'density_T6W30']",0.10235744730567463,0.12130310251114725,598.0,0.11183027490841094,0.00947282760273631,0.11804975032121832,1.9639388980555033,3.4283979457995137,3.4562436635345257,598.0,3.4423208046670197,0.013922858867505928,0.17350574527418505,1.9639388980555033,completed,58.92938303947449,True,COMPLETE
233,2.899241608714644,2026-06-14 10:40:22.068725,2026-06-14 10:41:26.015597,0 days 00:01:03.946872,15,sqrt,2,3,322,ExtraTreesRegressor,7,True,-0.03143264077852564,-0.02628459003746775,598.0,-0.028858615407996693,0.002574025370528942,0.032077333722789335,1.9639388980555033,2.8879084207231163,2.9105747967061717,598.0,2.899241608714644,0.011333187991527754,0.1412334382984889,1.9639388980555033,920821864161730.4,1011110155283881.4,598.0,965966009722805.9,45144145561075.46,562583352663389.75,1.9639388980555033,8.610326698806114,8.791982085697244,598.0,8.701154392251679,0.09082769344556471,1.1318887013634529,1.9639388980555033,2.6182042310497193,2.6541881414489614,598.0,2.6361961862493404,0.017991955199621237,0.22421455432085685,1.9639388980555033,599.0,0.8297161936560935,-0.06155825352723318,-0.05233658841363047,598.0,-0.056947420970431824,0.0046108325568013555,0.057459890006455586,1.9639388980555033,ExtraTreesRegressor,"{'mode': 'original', 'type': 'ExtraTreesRegressor'}",7,"['nodes_T6W30', 'l1_T6W30', 'l2_T6W30', 'l3_T6W30', 'atd_T6W30', 'density_T6W30', 'asp_T6W30']",0.006619969545921431,0.02473305212458774,598.0,0.015676510835254585,0.009056541289333154,0.11286201784890057,1.9639388980555033,3.528487824123089,3.5593973673612345,598.0,3.5439425957421617,0.015454771619072619,0.1925963405452423,1.9639388980555033,completed,63.93658995628357,True,COMPLETE
234,2.8515900523554527,2026-06-14 10:41:26.030992,2026-06-14 10:41:46.493805,0 days 00:00:20.462813,8,sqrt,4,12,86,ExtraTreesRegressor,2,True,-0.01350428306369085,-0.010419334188242198,598.0,-0.011961808625966524,0.0015424744377243265,0.019222214304588463,1.9639388980555033,2.84205121767884,2.8611288870320655,598.0,2.8515900523554527,0.009538834676612628,0.11887232610506164,1.9639388980555033,931920239770995.0,1022219987090773.8,598.0,977070113430884.4,45149873659889.32,562654735851509.44,1.9639388980555033,8.25077649104693,8.41741256876204,598.0,8.334094529904485,0.08331803885755625,1.0383038831559606,1.9639388980555033,2.560073971099156,2.585880577971463,598.0,2.5729772745353094,0.012903303436153485,0.16080011300077268,1.9639388980555033,599.0,0.5375626043405676,-0.010456892334436977,-0.005516985947158954,598.0,-0.007986939140797965,0.0024699531936390115,0.030780393145754748,1.9639388980555033,ExtraTreesRegressor,"{'mode': 'original', 'type': 'ExtraTreesRegressor'}",2,"['nodes_T6W30', 'lcc_T6W30']",0.05729605349002321,0.07620409131915191,598.0,0.06675007240458757,0.009454018914564355,0.11781535769467799,1.9639388980555033,3.4478533950982624,3.4760798197078624,598.0,3.4619666074030624,0.014113212304800183,0.1758779172050752,1.9639388980555033,completed,20.454001903533936,True,COMPLETE
235,2.8735874172139657,2026-06-14 10:41:46.509235,2026-06-14 10:42:49.377029,0 days 00:01:02.867794,18,sqrt,1,9,326,ExtraTreesRegressor,3,False,-0.022728828507466763,-0.016748401856917623,598.0,-0.019738615182192193,0.0029902133252745697,0.03726384045602999,1.9639388980555033,2.8614533899072057,2.8857214445207258,598.0,2.8735874172139657,0.012134027306760196,0.15121344481558172,1.9639388980555033,887101335951330.8,975290114173635.0,598.0,931195725062482.9,44094389111152.15,549501357296374.0,1.9639388980555033,8.6707372065307,8.873848450910597,598.0,8.772292828720648,0.10155562218994907,1.2655794390026107,1.9639388980555033,2.557286147519019,2.5962758283265592,598.0,2.576780987922789,0.019494840403770135,0.24294341021811636,1.9639388980555033,599.0,0.7412353923205343,-0.05308808981084684,-0.04199552001788444,598.0,-0.04754180491436564,0.005546284896481203,0.06911743512051496,1.9639388980555033,ExtraTreesRegressor,"{'mode': 'original', 'type': 'ExtraTreesRegressor'}",3,"['l3_T6W30', 'atd_T6W30', 'density_T6W30']",0.04759530445207327,0.06667418642648539,598.0,0.05713474543927933,0.009539440987206058,0.11887988190752877,1.9639388980555033,3.5112212590271774,3.544123838440937,598.0,3.5276725487340572,0.016451289706879795,0.20501488296886186,1.9639388980555033,completed,62.85824704170227,False,COMPLETE
236,2.918698785921175,2026-06-14 10:42:49.392582,2026-06-14 10:42:50.524193,0 days 00:00:01.131611,11,log2,1,8,183,ExtraTreesRegressor,10,False,,,,,,,,,,,,,,,,,,,,,,,,,,,,,,,,,,,,,,,,,,,,,ExtraTreesRegressor,"{'mode': 'original', 'type': 'ExtraTreesRegressor'}",10,"['nodes_T6W30', 'l1_T6W30', 'l2_T6W30', 'l3_T6W30', 'lcc_T6W30', 'lsc_T6W30', 'atd_T6W30', 'density_T6W30', 'diameter_T6W30', 'asp_T6W30']",,,,,,,,,,,,,,,pruned,,False,PRUNED
237,2.932113102137123,2026-06-14 10:42:50.529745,2026-06-14 10:44:04.126629,0 days 00:01:13.596884,10,log2,2,9,362,ExtraTreesRegressor,11,False,-0.043191906586780786,-0.03793248871663386,598.0,-0.04056219765170732,0.0026297089350734632,0.032771258616933654,1.9639388980555033,2.920791427590967,2.943434776683279,598.0,2.932113102137123,0.011321674546156119,0.14108995850465564,1.9639388980555033,925190282275240.8,1015766333232776.0,598.0,970478307754008.4,45288025478767.56,564376374670344.0,1.9639388980555033,8.5919507171993,8.77593347305536,598.0,8.68394209512733,0.09199137792802967,1.1463904603280075,1.9639388980555033,2.639025635763849,2.678404706661511,598.0,2.65871517121268,0.01968953544883134,0.24536968697750916,1.9639388980555033,599.0,0.9232053422370617,-0.08026581438884445,-0.07095851303600986,598.0,-0.07561216371242716,0.004653650676417295,0.057993486577813606,1.9639388980555033,ExtraTreesRegressor,"{'mode': 'original', 'type': 'ExtraTreesRegressor'}",11,"['nodes_T6W30', 're_T6W30', 'l1_T6W30', 'l2_T6W30', 'l3_T6W30', 'lcc_T6W30', 'lsc_T6W30', 'atd_T6W30', 'density_T6W30', 'diameter_T6W30', 'asp_T6W30']",-0.03937441086139959,-0.021582523925922966,598.0,-0.03047846739366128,0.008895943467738313,0.11086065843052309,1.9639388980555033,3.559635353177064,3.590307893739538,598.0,3.574971623458301,0.015336270281237036,0.19111958471996157,1.9639388980555033,completed,73.58407497406006,False,COMPLETE
238,2.9655900928436125,2026-06-14 10:44:04.146555,2026-06-14 10:44:07.528733,0 days 00:00:03.382178,10,,3,5,463,ExtraTreesRegressor,10,False,,,,,,,,,,,,,,,,,,,,,,,,,,,,,,,,,,,,,,,,,,,,,ExtraTreesRegressor,"{'mode': 'original', 'type': 'ExtraTreesRegressor'}",10,"['nodes_T6W30', 're_T6W30', 'l1_T6W30', 'l2_T6W30', 'l3_T6W30', 'lsc_T6W30', 'atd_T6W30', 'density_T6W30', 'diameter_T6W30', 'asp_T6W30']",,,,,,,,,,,,,,,pruned,,False,PRUNED
239,2.895293117172968,2026-06-14 10:44:07.535588,2026-06-14 10:44:59.859256,0 days 00:00:52.323668,4,,2,11,244,ExtraTreesRegressor,9,True,-0.030068056878137985,-0.024920100946649103,598.0,-0.027494078912393544,0.0025739779657444417,0.0320767429675039,1.9639388980555033,2.8841493398812554,2.9064368944646803,598.0,2.895293117172968,0.01114377729171251,0.13887301469963675,1.9639388980555033,911586812293796.1,1000958239755888.6,598.0,956272526024842.4,44685713731046.26,556870405553636.1,1.9639388980555033,8.48435115197409,8.674695845177665,598.0,8.579523498575877,0.09517234660178661,1.1860314813055408,1.9639388980555033,2.584202797439452,2.6183013521260263,598.0,2.6012520747827392,0.017049277343287043,0.21246696529670447,1.9639388980555033,599.0,0.7846410684474123,-0.053732214448348595,-0.04431188071999445,598.0,-0.04902204758417152,0.004710166864177071,0.05869778756733245,1.9639388980555033,ExtraTreesRegressor,"{'mode': 'original', 'type': 'ExtraTreesRegressor'}",9,"['nodes_T6W30', 'l1_T6W30', 'l2_T6W30', 'l3_T6W30', 'lcc_T6W30', 'atd_T6W30', 'density_T6W30', 'diameter_T6W30', 'asp_T6W30']",0.007816830139681603,0.026390346138955717,598.0,0.01710358813931866,0.009286757999637057,0.11573096324840278,1.9639388980555033,3.5151647418285115,3.545504173222968,598.0,3.53033445752574,0.015169715697228456,0.18904399252282417,1.9639388980555033,completed,52.31325888633728,True,COMPLETE
240,2.920444759103693,2026-06-14 10:44:59.878314,2026-06-14 10:45:52.483057,0 days 00:00:52.604743,7,,4,9,234,ExtraTreesRegressor,7,True,-0.03934008326068333,-0.033450203923588044,598.0,-0.036395143592135686,0.0029449396685476406,0.0366996431437936,1.9639388980555033,2.9084363350061078,2.9324531832012783,598.0,2.920444759103693,0.01200842409758524,0.14964818593993573,1.9639388980555033,915916552695594.6,1006166163891342.9,598.0,961041358293468.8,45124805597874.07,562342339322612.2,1.9639388980555033,8.66563202355299,8.853660522179277,598.0,8.759646272866133,0.09401424931314326,1.1715993495804222,1.9639388980555033,2.6385477334473872,2.677232576542547,598.0,2.657890154994967,0.019342421547580143,0.24104397652502593,1.9639388980555033,599.0,0.8647746243739566,-0.0783164747707816,-0.06752099117678817,598.0,-0.07291873297378489,0.005397741796996721,0.06726630085084688,1.9639388980555033,ExtraTreesRegressor,"{'mode': 'original', 'type': 'ExtraTreesRegressor'}",7,"['nodes_T6W30', 'l1_T6W30', 'l2_T6W30', 'l3_T6W30', 'atd_T6W30', 'density_T6W30', 'asp_T6W30']",-0.004973673030429821,0.013657677255191313,598.0,0.0043420021123807455,0.009315675142810566,0.11609132677181892,1.9639388980555033,3.554074527865512,3.586009255163348,598.0,3.57004189151443,0.01596736364891799,0.19898422847876845,1.9639388980555033,completed,52.59531879425049,True,COMPLETE
241,2.83251745895784,2026-06-14 10:45:52.498099,2026-06-14 10:46:42.131300,0 days 00:00:49.633201,2,sqrt,5,7,269,ExtraTreesRegressor,6,True,-0.006634353636347647,-0.003722525271780732,598.0,-0.00517843945406419,0.0014559141822834579,0.018143506133061756,1.9639388980555033,2.823062146395918,2.841972771519762,598.0,2.83251745895784,0.009455312561922303,0.11783147904239104,1.9639388980555033,926106105395718.6,1015647953004024.6,598.0,970877029199871.6,44770923804152.99,557932287842320.1,1.9639388980555033,8.19931671704596,8.363404615147843,598.0,8.281360666096901,0.08204394905094164,1.022426260352584,1.9639388980555033,2.5411055195563033,2.569997399832823,598.0,2.555551459694563,0.014445940138259828,0.18002434943334514,1.9639388980555033,599.0,0.330550918196995,0.00458285477709954,0.00900029618797644,598.0,0.00679157548253799,0.0022087207054384502,0.027524931175882214,1.9639388980555033,ExtraTreesRegressor,"{'mode': 'original', 'type': 'ExtraTreesRegressor'}",6,"['nodes_T6W30', 'lcc_T6W30', 'atd_T6W30', 'density_T6W30', 'diameter_T6W30', 'asp_T6W30']",0.13041621983817897,0.1499406980167891,598.0,0.14017845892748404,0.009762239089305071,0.1216563771028211,1.9639388980555033,3.4226623104942706,3.4504909241953423,598.0,3.4365766173448065,0.013914306850535992,0.1733991706049963,1.9639388980555033,completed,49.62337017059326,True,COMPLETE
242,2.876444928965802,2026-06-14 10:46:42.148843,2026-06-14 10:47:58.089059,0 days 00:01:15.940216,10,log2,5,5,391,ExtraTreesRegressor,12,True,-0.022818025886768983,-0.018724479906459757,598.0,-0.02077125289661437,0.0020467729901546116,0.025506749471738612,1.9639388980555033,2.8660782918406222,2.8868115660909814,598.0,2.876444928965802,0.010366637125179637,0.12918834540434676,1.9639388980555033,926240236861475.1,1016353947068552.4,598.0,971297091965013.8,45056855103538.6,561495544761694.75,1.9639388980555033,8.393083216739088,8.568636724465266,598.0,8.480859970602177,0.08777675386308885,1.0938680943113026,1.9639388980555033,2.5822080204147495,2.6132708731833407,598.0,2.597739446799045,0.015531426384295784,0.19355160715358977,1.9639388980555033,599.0,0.7328881469115192,-0.0327633205830427,-0.025936024144846075,598.0,-0.02934967236394439,0.003413648219098314,0.042540658064190155,1.9639388980555033,ExtraTreesRegressor,"{'mode': 'original', 'type': 'ExtraTreesRegressor'}",12,"['nodes_T6W30', 're_T6W30', 'pe_T6W30', 'l1_T6W30', 'l2_T6W30', 'l3_T6W30', 'lcc_T6W30', 'lsc_T6W30', 'atd_T6W30', 'density_T6W30', 'diameter_T6W30', 'asp_T6W30']",0.010908894286669545,0.028931798902741182,598.0,0.019920346594705363,0.009011452308035819,0.11230012194963908,1.9639388980555033,3.483388558779046,3.5127399265376447,598.0,3.4980642426583453,0.014675683879299222,0.18288740072119175,1.9639388980555033,completed,75.93027091026306,True,COMPLETE
243,2.8674644969885463,2026-06-14 10:47:58.105114,2026-06-14 10:49:39.062235,0 days 00:01:40.957121,7,,2,12,493,ExtraTreesRegressor,3,False,-0.02037531661022015,-0.014651957237351776,598.0,-0.017513636923785963,0.0028616796864341875,0.0356620627599383,1.9639388980555033,2.855381152912524,2.8795478410645687,598.0,2.8674644969885463,0.012083344076022365,0.1505818337502283,1.9639388980555033,890763939359669.0,979136942636644.8,598.0,934950440998156.9,44186501638487.81,550649257512597.75,1.9639388980555033,8.634635993088436,8.832114115233354,598.0,8.733375054160895,0.09873906107245874,1.2304796408612257,1.9639388980555033,2.549572193086605,2.5868092590758938,598.0,2.5681907260812493,0.018618532994644287,0.23202292531220944,1.9639388980555033,599.0,0.7161936560934892,-0.047549321042646434,-0.036691496752260674,598.0,-0.042120408897453554,0.005428912145192876,0.06765474366605431,1.9639388980555033,ExtraTreesRegressor,"{'mode': 'original', 'type': 'ExtraTreesRegressor'}",3,"['l3_T6W30', 'atd_T6W30', 'density_T6W30']",0.047461627348157814,0.06727119253557051,598.0,0.05736640994186416,0.00990478259370635,0.12343274481583869,1.9639388980555033,3.5022088845132044,3.535378179604698,598.0,3.518793532058951,0.016584647545746813,0.20667677952624047,1.9639388980555033,completed,100.94512605667114,False,COMPLETE
244,2.8892222598461377,2026-06-14 10:49:39.080310,2026-06-14 10:50:56.365174,0 days 00:01:17.284864,17,sqrt,2,6,393,ExtraTreesRegressor,6,True,-0.027895469563823758,-0.0226722771037969,598.0,-0.02528387333381033,0.002611596230013431,0.032545539285848066,1.9639388980555033,2.8777603457659997,2.9006841739262756,598.0,2.8892222598461377,0.011461914080137968,0.14283761429086872,1.9639388980555033,918851442320827.8,1009363907015405.5,598.0,964107674668116.6,45256232347288.93,563980170771109.2,1.9639388980555033,8.625292559225736,8.806715661449696,598.0,8.716004110337716,0.09071155111198026,1.130441343292943,1.9639388980555033,2.6018251667130166,2.639489477093832,598.0,2.6206573219034244,0.018832155190407887,0.23468507097035268,1.9639388980555033,599.0,0.8046744574290484,-0.05941475063080021,-0.04982067779277758,598.0,-0.0546177142117889,0.004797036419011314,0.059780350207418446,1.9639388980555033,ExtraTreesRegressor,"{'mode': 'original', 'type': 'ExtraTreesRegressor'}",6,"['nodes_T6W30', 'l1_T6W30', 'l3_T6W30', 'atd_T6W30', 'density_T6W30', 'asp_T6W30']",0.01478707072464333,0.03302063492901561,598.0,0.02390385282682947,0.009116782102186138,0.11361273486969675,1.9639388980555033,3.5243247955506662,3.555532269908052,598.0,3.539928532729359,0.015603737178692938,0.19445273948514907,1.9639388980555033,completed,77.27500796318054,True,COMPLETE
245,2.888424490940977,2026-06-14 10:50:56.381016,2026-06-14 10:51:55.327081,0 days 00:00:58.946065,8,log2,1,8,301,ExtraTreesRegressor,6,False,-0.027686068525362283,-0.022367300300841476,598.0,-0.02502668441310188,0.0026593841122604027,0.033141068710030266,1.9639388980555033,2.876997042637025,2.899851939244929,598.0,2.888424490940977,0.011427448303951952,0.14240810407026566,1.9639388980555033,905634852219737.6,994537287273235.4,598.0,950086069746486.5,44451217526748.85,553948129383362.9,1.9639388980555033,8.615940523961969,8.807337897022252,598.0,8.71163921049211,0.0956986865301422,1.1925906946399538,1.9639388980555033,2.584509694442351,2.62152243420392,598.0,2.6030160643231355,0.018506369880784766,0.23062515601441902,1.9639388980555033,599.0,0.7729549248747913,-0.05726618721246289,-0.0472740138768831,598.0,-0.052270100544672994,0.004996086667789893,0.06226090122714778,1.9639388980555033,ExtraTreesRegressor,"{'mode': 'original', 'type': 'ExtraTreesRegressor'}",6,"['nodes_T6W30', 'l1_T6W30', 'l3_T6W30', 'atd_T6W30', 'density_T6W30', 'asp_T6W30']",0.020677685025221083,0.038839872926848935,598.0,0.02975877897603501,0.009081093950813926,0.11316799149046555,1.9639388980555033,3.520127885325913,3.5514456908967245,598.0,3.5357867881113187,0.015658902785405594,0.19514020962309042,1.9639388980555033,completed,58.935543060302734,False,COMPLETE
246,2.9498810492791283,2026-06-14 10:51:55.344320,2026-06-14 10:51:57.790655,0 days 00:00:02.446335,12,,2,8,331,ExtraTreesRegressor,8,True,,,,,,,,,,,,,,,,,,,,,,,,,,,,,,,,,,,,,,,,,,,,,ExtraTreesRegressor,"{'mode': 'original', 'type': 'ExtraTreesRegressor'}",8,"['re_T6W30', 'l1_T6W30', 'l2_T6W30', 'l3_T6W30', 'lsc_T6W30', 'atd_T6W30', 'density_T6W30', 'asp_T6W30']",,,,,,,,,,,,,,,pruned,,True,PRUNED
247,2.8774923419037632,2026-06-14 10:51:57.797434,2026-06-14 10:53:23.730430,0 days 00:01:25.932996,15,log2,5,7,460,ExtraTreesRegressor,11,False,-0.023249700542606073,-0.01902245766284034,598.0,-0.021136079102723207,0.002113621439882866,0.026339810425735223,1.9639388980555033,2.8669824604692167,2.88800222333831,598.0,2.8774923419037632,0.01050988143454638,0.1309734465024386,1.9639388980555033,925422069120057.1,1015604407798310.6,598.0,970513238459183.9,45091169339126.695,561923166493401.1,1.9639388980555033,8.419107981760773,8.59641046145204,598.0,8.507759221606406,0.0886512398456344,1.1047658807197758,1.9639388980555033,2.5861786099374497,2.6173153168038197,598.0,2.6017469633706347,0.015568353433185123,0.19401178959164309,1.9639388980555033,599.0,0.7412353923205343,-0.03520136402031567,-0.027982297167775918,598.0,-0.03159183059404579,0.0036095334262698764,0.04498176654499302,1.9639388980555033,ExtraTreesRegressor,"{'mode': 'original', 'type': 'ExtraTreesRegressor'}",11,"['nodes_T6W30', 're_T6W30', 'pe_T6W30', 'l1_T6W30', 'l2_T6W30', 'l3_T6W30', 'lcc_T6W30', 'atd_T6W30', 'density_T6W30', 'diameter_T6W30', 'asp_T6W30']",0.011060378318868252,0.02915121965756102,598.0,0.020105798988214636,0.009045420669346384,0.11272343341900172,1.9639388980555033,3.4869587925475622,3.5166607358868465,598.0,3.5018097642172044,0.014850971669642304,0.18507182555738128,1.9639388980555033,completed,85.92370414733887,False,COMPLETE
