number,value,datetime_start,datetime_complete,duration,params_et_max_depth,params_et_max_features,params_et_min_samples_leaf,params_et_min_samples_split,params_et_n_estimators,params_regressor,params_rfe_n_features,params_use_scaler,user_attrs_d2mae_ci_lower_val,user_attrs_d2mae_ci_upper_val,user_attrs_d2mae_df_val,user_attrs_d2mae_mean_val,user_attrs_d2mae_samperror_val,user_attrs_d2mae_std_val,user_attrs_d2mae_t_critical_val,user_attrs_mae_ci_lower_val,user_attrs_mae_ci_upper_val,user_attrs_mae_df_val,user_attrs_mae_mean_val,user_attrs_mae_samperror_val,user_attrs_mae_std_val,user_attrs_mae_t_critical_val,user_attrs_mape_ci_lower_val,user_attrs_mape_ci_upper_val,user_attrs_mape_df_val,user_attrs_mape_mean_val,user_attrs_mape_samperror_val,user_attrs_mape_std_val,user_attrs_mape_t_critical_val,user_attrs_max_error_ci_lower_val,user_attrs_max_error_ci_upper_val,user_attrs_max_error_df_val,user_attrs_max_error_mean_val,user_attrs_max_error_samperror_val,user_attrs_max_error_std_val,user_attrs_max_error_t_critical_val,user_attrs_median_ae_ci_lower_val,user_attrs_median_ae_ci_upper_val,user_attrs_median_ae_df_val,user_attrs_median_ae_mean_val,user_attrs_median_ae_samperror_val,user_attrs_median_ae_std_val,user_attrs_median_ae_t_critical_val,user_attrs_n_splits_val,user_attrs_r2_below_zero_val,user_attrs_r2_ci_lower_val,user_attrs_r2_ci_upper_val,user_attrs_r2_df_val,user_attrs_r2_mean_val,user_attrs_r2_samperror_val,user_attrs_r2_std_val,user_attrs_r2_t_critical_val,user_attrs_regressor_final,user_attrs_rfe_estimator,user_attrs_rfe_n_features,user_attrs_rfe_selected_features,user_attrs_rho_ci_lower_val,user_attrs_rho_ci_upper_val,user_attrs_rho_df_val,user_attrs_rho_mean_val,user_attrs_rho_samperror_val,user_attrs_rho_std_val,user_attrs_rho_t_critical_val,user_attrs_rmse_ci_lower_val,user_attrs_rmse_ci_upper_val,user_attrs_rmse_df_val,user_attrs_rmse_mean_val,user_attrs_rmse_samperror_val,user_attrs_rmse_std_val,user_attrs_rmse_t_critical_val,user_attrs_termination_reason,user_attrs_trial_time_seconds,user_attrs_use_scaler_final,state
55,2.9762458610588522,2026-06-14 08:29:36.894652,2026-06-14 08:30:43.149879,0 days 00:01:06.255227,12,,3,11,298,ExtraTreesRegressor,9,False,-0.05927877781784347,-0.05316379334424077,598.0,-0.05622128558104212,0.0030574922368013543,0.03810226579645592,1.9639388980555033,2.963994007586846,2.9884977145308587,598.0,2.9762458610588522,0.012251853472006276,0.1526817866847601,1.9639388980555033,926427401774872.8,1017668963267066.5,598.0,972048182520969.6,45620780746096.83,568523148777680.6,1.9639388980555033,8.74243685159224,8.922116246086999,598.0,8.83227654883962,0.0898396972473799,1.1195763581640115,1.9639388980555033,2.6621478167274706,2.70338022168045,598.0,2.6827640192039603,0.020616202476489636,0.2569177501148947,1.9639388980555033,599.0,0.9549248747913188,-0.11519807031828071,-0.1041370557575274,598.0,-0.10966756303790405,0.005530507280376661,0.06892081551336965,1.9639388980555033,ExtraTreesRegressor,"{'mode': 'original', 'type': 'ExtraTreesRegressor'}",9,"['nodes_T6W30', 're_T6W30', 'l1_T6W30', 'l2_T6W30', 'l3_T6W30', 'lsc_T6W30', 'atd_T6W30', 'density_T6W30', 'asp_T6W30']",-0.05260570858949831,-0.03467508227706917,598.0,-0.04364039543328374,0.008965313156214568,0.1117251388948479,1.9639388980555033,3.614519578140195,3.64673688272702,598.0,3.6306282304336075,0.01610865229341268,0.20074495821072344,1.9639388980555033,completed,66.24665808677673,False,COMPLETE
56,2.837042633331626,2026-06-14 08:30:43.163692,2026-06-14 08:31:06.959585,0 days 00:00:23.795893,2,,3,5,111,ExtraTreesRegressor,6,True,-0.008854814751293261,-0.0047771677028090025,598.0,-0.006815991227051132,0.002038823524242129,0.025407683753928594,1.9639388980555033,2.8269216260912993,2.847163640571953,598.0,2.837042633331626,0.01012100724032699,0.1261273220442353,1.9639388980555033,912440330095971.1,1001233468373232.6,598.0,956836899234601.9,44396569138630.805,553267104789298.9,1.9639388980555033,8.288745348667126,8.470633945010116,598.0,8.37968964683862,0.09094429817149541,1.1333418217367632,1.9639388980555033,2.528399907732559,2.5592596167176143,598.0,2.5438297622250867,0.015429854492527697,0.19228582496418176,1.9639388980555033,599.0,0.4724540901502504,-0.007828702492370698,-0.0007276660414950935,598.0,-0.004278184266932896,0.0035505182254378024,0.04424632302004483,1.9639388980555033,ExtraTreesRegressor,"{'mode': 'original', 'type': 'ExtraTreesRegressor'}",6,"['nodes_T6W30', 'lcc_T6W30', 'atd_T6W30', 'density_T6W30', 'diameter_T6W30', 'asp_T6W30']",0.11143865766584284,0.13087579328511584,598.0,0.12115722547547933,0.009718567809636496,0.121112148507381,1.9639388980555033,3.4405073693134587,3.469513559859609,598.0,3.455010464586534,0.014503095273075197,0.1807366129387615,1.9639388980555033,completed,23.787487030029297,True,COMPLETE
57,2.8471567962962134,2026-06-14 08:31:06.973693,2026-06-14 08:31:49.710827,0 days 00:00:42.737134,13,log2,5,11,228,ExtraTreesRegressor,5,False,-0.012283168280344856,-0.008463140269273299,598.0,-0.010373154274809077,0.0019100140055357776,0.023802468061215186,1.9639388980555033,2.83703550056984,2.857278092022587,598.0,2.8471567962962134,0.010121295726373412,0.12613091713824306,1.9639388980555033,919358788065516.2,1009043009401914.8,598.0,964200898733715.5,44842110668199.2,558819413828269.44,1.9639388980555033,8.355389733069774,8.53744650433168,598.0,8.446418118700727,0.09102838563095231,1.134389714088479,1.9639388980555033,2.573956719078416,2.6039187550615552,598.0,2.5889377370699855,0.014981017991569557,0.1866924542099359,1.9639388980555033,599.0,0.5976627712854758,-0.017990035408867667,-0.011244326764749435,598.0,-0.01461718108680855,0.0033728543220591157,0.04203228722054514,1.9639388980555033,ExtraTreesRegressor,"{'mode': 'original', 'type': 'ExtraTreesRegressor'}",5,"['nodes_T6W30', 'lcc_T6W30', 'atd_T6W30', 'density_T6W30', 'asp_T6W30']",0.05446279670326707,0.07275572169332788,598.0,0.06360925919829748,0.009146462495030405,0.1139826099599696,1.9639388980555033,3.458337881263778,3.487572753352589,598.0,3.4729553173081835,0.014617436044405371,0.18216152005975286,1.9639388980555033,completed,42.728657960891724,False,COMPLETE
58,2.845403475467472,2026-06-14 08:31:49.724703,2026-06-14 08:32:38.835500,0 days 00:00:49.110797,8,log2,2,8,272,ExtraTreesRegressor,3,False,-0.011443168883216146,-0.008022515444065771,598.0,-0.009732842163640959,0.0017103267195751866,0.021313978326306444,1.9639388980555033,2.8354821340129845,2.85532481692196,598.0,2.845403475467472,0.009921341454487559,0.12363910024241276,1.9639388980555033,923321467115339.4,1013357334304339.1,598.0,968339400709839.2,45017933594499.84,561010507493326.9,1.9639388980555033,8.349871888396164,8.531143361212836,598.0,8.4405076248045,0.09063573640833632,1.1294965454763692,1.9639388980555033,2.5345431552391946,2.560814555052415,598.0,2.5476788551458047,0.013135699906609906,0.16369622242695797,1.9639388980555033,599.0,0.5759599332220368,-0.015756650841152988,-0.009528468492066828,598.0,-0.012642559666609907,0.0031140911745430795,0.03880759801077034,1.9639388980555033,ExtraTreesRegressor,"{'mode': 'original', 'type': 'ExtraTreesRegressor'}",3,"['nodes_T6W30', 'atd_T6W30', 'density_T6W30']",0.06261463853986421,0.08118378954751918,598.0,0.07189921404369169,0.00928457550382749,0.11570376513014272,1.9639388980555033,3.45519239285444,3.4843738783494205,598.0,3.46978313560193,0.014590742747490166,0.18182886996115086,1.9639388980555033,completed,49.102311849594116,False,COMPLETE
59,2.842167357809972,2026-06-14 08:32:38.849452,2026-06-14 08:33:05.178494,0 days 00:00:26.329042,8,sqrt,3,11,132,ExtraTreesRegressor,2,False,-0.01010386047227315,-0.007109396565335199,598.0,-0.008606628518804175,0.0014972319534689751,0.01865840546162872,1.9639388980555033,2.8326530708602307,2.8516816447597138,598.0,2.842167357809972,0.009514286949741466,0.11856641395827487,1.9639388980555033,926883488693160.2,1016768634116170.0,598.0,971826061404665.1,44942572711504.875,560071365159630.0,1.9639388980555033,8.303869361111362,8.478649039028367,598.0,8.391259200069864,0.08738983895850186,1.0890463863907598,1.9639388980555033,2.5390525624673717,2.5642284042517747,598.0,2.551640483359573,0.012587920892201315,0.15686983662178847,1.9639388980555033,599.0,0.48414023372287146,-0.007055789592465998,-0.002073750579447042,598.0,-0.00456477008595652,0.0024910195065094777,0.031042920141794328,1.9639388980555033,ExtraTreesRegressor,"{'mode': 'original', 'type': 'ExtraTreesRegressor'}",2,"['nodes_T6W30', 'density_T6W30']",0.07796417538387103,0.09658835984241466,598.0,0.08727626761314285,0.009312092229271816,0.1160466767405495,1.9639388980555033,3.441945086132478,3.470294314833429,598.0,3.4561197004829536,0.014174614350475324,0.17664310543240752,1.9639388980555033,completed,26.319401264190674,False,COMPLETE
60,2.8787459214436493,2026-06-14 08:33:05.196430,2026-06-14 08:33:33.203785,0 days 00:00:28.007355,3,,3,3,129,ExtraTreesRegressor,10,False,-0.023927364707536085,-0.019295874473512248,598.0,-0.021611619590524166,0.0023157451170119194,0.02885866230605435,1.9639388980555033,2.868045770062007,2.8894460728252915,598.0,2.8787459214436493,0.010700151381642051,0.1333445779840025,1.9639388980555033,912613691090903.9,1001777328996578.1,598.0,957195510043741.0,44581818952837.1,555575675707214.5,1.9639388980555033,8.409456202205885,8.5929869153329,598.0,8.501221558769393,0.09176535656350877,1.1435737970498492,1.9639388980555033,2.5542295006199716,2.5875151858143184,598.0,2.570872343217145,0.016642842597173423,0.20740200240360576,1.9639388980555033,599.0,0.7429048414023373,-0.03885306619699427,-0.03061909959008571,598.0,-0.034736082893539987,0.004116983303454278,0.05130557331255708,1.9639388980555033,ExtraTreesRegressor,"{'mode': 'original', 'type': 'ExtraTreesRegressor'}",10,"['nodes_T6W30', 're_T6W30', 'l1_T6W30', 'l2_T6W30', 'l3_T6W30', 'lcc_T6W30', 'atd_T6W30', 'density_T6W30', 'diameter_T6W30', 'asp_T6W30']",0.029589078481086856,0.047992648375928856,598.0,0.038790863428507856,0.009201784947421002,0.11467203469836357,1.9639388980555033,3.491779043351099,3.5216012500023224,598.0,3.5066901466767106,0.014911103325611678,0.18582118227232197,1.9639388980555033,completed,27.997406005859375,False,COMPLETE
61,2.8725523654808756,2026-06-14 08:33:33.219362,2026-06-14 08:34:35.798578,0 days 00:01:02.579216,3,,5,11,333,ExtraTreesRegressor,10,False,-0.021674538967129803,-0.017125625353851943,598.0,-0.019400082160490873,0.0022744568066389312,0.028344130116182312,1.9639388980555033,2.8618706760379102,2.883234054923841,598.0,2.8725523654808756,0.010681689442965343,0.13311450652671117,1.9639388980555033,913475700030778.5,1002625926767109.5,598.0,958050813398944.0,44575113368165.45,555492111155061.4,1.9639388980555033,8.395151410236574,8.579170476639623,598.0,8.487160943438099,0.09200953320152558,1.1466167101441223,1.9639388980555033,2.560687343161181,2.593149660447007,598.0,2.576918501804094,0.016231158642913038,0.20227162422616987,1.9639388980555033,599.0,0.7011686143572621,-0.03415708288327254,-0.02619595404952576,598.0,-0.030176518466399148,0.003980564416873391,0.049605530181262215,1.9639388980555033,ExtraTreesRegressor,"{'mode': 'original', 'type': 'ExtraTreesRegressor'}",10,"['nodes_T6W30', 're_T6W30', 'l1_T6W30', 'l2_T6W30', 'l3_T6W30', 'lcc_T6W30', 'atd_T6W30', 'density_T6W30', 'diameter_T6W30', 'asp_T6W30']",0.03285490320100151,0.05143200475543061,598.0,0.04214345397821606,0.00928855077721455,0.1157533047238608,1.9639388980555033,3.4841806455827204,3.5140373182421283,598.0,3.4991089819124244,0.01492833632970406,0.18603593882820002,1.9639388980555033,completed,62.568907022476196,False,COMPLETE
62,2.8826908885048703,2026-06-14 08:34:35.813024,2026-06-14 08:35:18.843450,0 days 00:00:43.030426,11,log2,2,8,217,ExtraTreesRegressor,5,False,-0.025676554851626093,-0.02032254754134588,598.0,-0.022999551196485987,0.002677003655140107,0.03336064228668042,1.9639388980555033,2.871271248518034,2.894110528491707,598.0,2.8826908885048703,0.011419639986836637,0.14231079733941948,1.9639388980555033,914391386439599.2,1004522013010927.0,598.0,959456699725263.1,45065313285663.89,561600950067262.94,1.9639388980555033,8.56049696107826,8.73948380515654,598.0,8.6499903831174,0.0894934220391408,1.1152610994483092,1.9639388980555033,2.6174264133414225,2.656527373961082,598.0,2.6369768936512523,0.01955048030983001,0.24363679104311595,1.9639388980555033,599.0,0.7929883138564274,-0.056652955532147914,-0.04693036529097307,598.0,-0.05179166041156049,0.004861295120587422,0.060581137891428875,1.9639388980555033,ExtraTreesRegressor,"{'mode': 'original', 'type': 'ExtraTreesRegressor'}",5,"['nodes_T6W30', 'l1_T6W30', 'atd_T6W30', 'density_T6W30', 'asp_T6W30']",0.028532671479849787,0.04636230065877236,598.0,0.03744748606931107,0.008914814589461287,0.111095829099842,1.9639388980555033,3.519579221021529,3.5502685779943755,598.0,3.534923899507952,0.015344678486423097,0.1912243672162225,1.9639388980555033,completed,43.02186989784241,False,COMPLETE
63,2.8707114528749904,2026-06-14 08:35:18.857176,2026-06-14 08:36:11.900205,0 days 00:00:53.043029,12,sqrt,3,3,280,ExtraTreesRegressor,6,False,-0.021130292635757438,-0.016404335471058826,598.0,-0.018767314053408132,0.0023629785823493063,0.029447282623421236,1.9639388980555033,2.8599805724470873,2.8814423333028936,598.0,2.8707114528749904,0.010730880427903228,0.133727521323718,1.9639388980555033,918933655700497.2,1008980367827625.0,598.0,963957011764061.1,45023356063563.86,561078081943742.0,1.9639388980555033,8.45939532514128,8.63987423944457,598.0,8.549634782292925,0.09023945715164473,1.12455813961998,1.9639388980555033,2.60982134799841,2.64512457084912,598.0,2.627472959423765,0.017651611425355155,0.21997321274256332,1.9639388980555033,599.0,0.7445742904841403,-0.042157433820422856,-0.03375683791759413,598.0,-0.03795713586900849,0.004200297951414361,0.052343834938573267,1.9639388980555033,ExtraTreesRegressor,"{'mode': 'original', 'type': 'ExtraTreesRegressor'}",6,"['nodes_T6W30', 'l1_T6W30', 'lcc_T6W30', 'atd_T6W30', 'density_T6W30', 'asp_T6W30']",0.02808564409788744,0.046012668705311566,598.0,0.0370491564015995,0.008963512303712062,0.1117026967902091,1.9639388980555033,3.4971489836065763,3.526873575437493,598.0,3.5120112795220346,0.014862295915458174,0.18521294755887885,1.9639388980555033,completed,53.03441882133484,False,COMPLETE
64,2.913081186192681,2026-06-14 08:36:11.914148,2026-06-14 08:36:44.912984,0 days 00:00:32.998836,8,,5,3,145,ExtraTreesRegressor,7,False,-0.03665546363824027,-0.030859059392125143,598.0,-0.033757261515182706,0.0028982021230575645,0.036117202946725484,1.9639388980555033,2.9010763717166648,2.925086000668697,598.0,2.913081186192681,0.012004814476016083,0.14960320307495992,1.9639388980555033,916042355539705.0,1006177375306185.0,598.0,961109865422945.0,45067509883239.97,561628323920803.5,1.9639388980555033,8.63868164690636,8.827254908622603,598.0,8.732968277764481,0.09428663085812215,1.1749937503576071,1.9639388980555033,2.633266363420502,2.6709829950724875,598.0,2.6521246792464948,0.01885831582599293,0.23501108307872956,1.9639388980555033,599.0,0.8447412353923205,-0.07230616965321392,-0.061809284227108914,598.0,-0.06705772694016142,0.005248442713052503,0.06540574555290073,1.9639388980555033,ExtraTreesRegressor,"{'mode': 'original', 'type': 'ExtraTreesRegressor'}",7,"['nodes_T6W30', 'l1_T6W30', 'l2_T6W30', 'l3_T6W30', 'atd_T6W30', 'density_T6W30', 'asp_T6W30']",-0.00127948712645202,0.01736372295729234,598.0,0.00804211791542016,0.00932160504187218,0.11616522478126347,1.9639388980555033,3.5444900909189903,3.5764704852797307,598.0,3.5604802880993605,0.015990197180370366,0.19926877843575552,1.9639388980555033,completed,32.990296840667725,False,COMPLETE
65,3.054200258755125,2026-06-14 08:36:44.926980,2026-06-14 08:38:03.508763,0 days 00:01:18.581783,16,,1,6,314,ExtraTreesRegressor,8,False,-0.08782406458375713,-0.08016459520408381,598.0,-0.08399432989392047,0.0038297346898366618,0.04772590011045208,1.9639388980555033,3.0406249699664594,3.067775547543791,598.0,3.054200258755125,0.013575288788665773,0.16917434996679503,1.9639388980555033,931745449957897.5,1024475895374343.5,598.0,978110672666120.5,46365222708222.98,577800335214837.4,1.9639388980555033,8.906269079519609,9.076414820697474,598.0,8.991341950108541,0.08507287058893245,1.0601724799923342,1.9639388980555033,2.7204093106550316,2.76319833335618,598.0,2.741803822005606,0.02139451135057425,0.26661698376630594,1.9639388980555033,599.0,0.986644407345576,-0.17239384139374128,-0.1583437339068988,598.0,-0.16536878765032004,0.0070250537434212446,0.08754575457115525,1.9639388980555033,ExtraTreesRegressor,"{'mode': 'original', 'type': 'ExtraTreesRegressor'}",8,"['re_T6W30', 'l1_T6W30', 'l2_T6W30', 'l3_T6W30', 'lsc_T6W30', 'atd_T6W30', 'density_T6W30', 'asp_T6W30']",-0.06201519918844605,-0.04363603945368152,598.0,-0.052825619321063784,0.009189579867382267,0.114519935799107,1.9639388980555033,3.7024004601466465,3.7360740277961466,598.0,3.7192372439713965,0.016836783824750092,0.20981888513942193,1.9639388980555033,completed,78.57263493537903,False,COMPLETE
66,2.882774078637747,2026-06-14 08:38:03.523205,2026-06-14 08:39:03.839239,0 days 00:01:00.316034,6,sqrt,1,3,323,ExtraTreesRegressor,5,False,-0.025743864373216713,-0.02039247360722401,598.0,-0.02306816899022036,0.002675695382996352,0.03334433868585506,1.9639388980555033,2.8715400929175026,2.8940080643579913,598.0,2.882774078637747,0.011233985720244387,0.1399971861626518,1.9639388980555033,908282491371104.4,997196365860106.6,598.0,952739428615605.5,44456937244501.16,554019408127248.56,1.9639388980555033,8.497905449093153,8.676015980107731,598.0,8.586960714600442,0.08905526550729004,1.109800821761882,1.9639388980555033,2.590365914621058,2.6248081994416164,598.0,2.607587057031337,0.01722114241027908,0.2146087363811364,1.9639388980555033,599.0,0.7429048414023373,-0.05156550864570413,-0.04113133329809245,598.0,-0.04634842097189829,0.005217087673805837,0.06501500113005154,1.9639388980555033,ExtraTreesRegressor,"{'mode': 'original', 'type': 'ExtraTreesRegressor'}",5,"['l1_T6W30', 'lcc_T6W30', 'atd_T6W30', 'density_T6W30', 'asp_T6W30']",0.041222867366659616,0.05984567445170755,598.0,0.05053427090918358,0.00931140354252397,0.11603809437190075,1.9639388980555033,3.5099627913062905,3.540825148166377,598.0,3.5253939697363337,0.015431178430043076,0.19230232378583098,1.9639388980555033,completed,60.30719995498657,False,COMPLETE
67,2.9667115386481164,2026-06-14 08:39:03.853673,2026-06-14 08:39:27.493648,0 days 00:00:23.639975,11,,5,6,86,ExtraTreesRegressor,12,False,-0.055848002755665406,-0.04984726783374862,598.0,-0.05284763529470701,0.003000367460958394,0.03739038062254342,1.9639388980555033,2.9546527199484776,2.9787703573477553,598.0,2.9667115386481164,0.012058818699638811,0.1502762001337381,1.9639388980555033,936697786319115.5,1028735039426405.8,598.0,982716412872760.6,46018626553645.08,573481076887113.1,1.9639388980555033,8.70766610065468,8.893646404703553,598.0,8.800656252679117,0.0929901520244361,1.1588371169814045,1.9639388980555033,2.6559347925018253,2.695631098785203,598.0,2.675782945643514,0.019848153141688727,0.24734637016267907,1.9639388980555033,599.0,0.9565943238731218,-0.10787042313082036,-0.09691149868630218,598.0,-0.10239096090856127,0.005479462222259097,0.06828469537916917,1.9639388980555033,ExtraTreesRegressor,"{'mode': 'original', 'type': 'ExtraTreesRegressor'}",12,"['nodes_T6W30', 're_T6W30', 'pe_T6W30', 'l1_T6W30', 'l2_T6W30', 'l3_T6W30', 'lcc_T6W30', 'lsc_T6W30', 'atd_T6W30', 'density_T6W30', 'diameter_T6W30', 'asp_T6W30']",-0.05091755382823505,-0.0324157688158919,598.0,-0.041666661322063474,0.009250892506171575,0.11528400984374838,1.9639388980555033,3.6026946860970934,3.6347842862809276,598.0,3.6187394861890105,0.016044800091917236,0.19994923630380093,1.9639388980555033,completed,23.631441831588745,False,COMPLETE
68,2.9204440146982025,2026-06-14 08:39:27.507773,2026-06-14 08:39:55.980995,0 days 00:00:28.473222,14,,3,12,127,ExtraTreesRegressor,4,True,-0.03942214072199887,-0.033352391172752904,598.0,-0.03638726594737589,0.0030348747746229807,0.03782040848045395,1.9639388980555033,2.908218517042204,2.932669512354201,598.0,2.9204440146982025,0.012225497655998702,0.15235334225088193,1.9639388980555033,915418279756686.5,1005295621056546.0,598.0,960356950406616.2,44938670649929.7,560022737926663.75,1.9639388980555033,8.62938552077968,8.803146870008936,598.0,8.716266195394308,0.08688067461462724,1.0827012140528294,1.9639388980555033,2.599186935444253,2.6376554207751495,598.0,2.6184211781097013,0.01923424266544807,0.2396958584591983,1.9639388980555033,599.0,0.8414023372287145,-0.0726271885133396,-0.061960372890746095,598.0,-0.06729378070204285,0.0053334078112967555,0.06646457498107004,1.9639388980555033,ExtraTreesRegressor,"{'mode': 'original', 'type': 'ExtraTreesRegressor'}",4,"['l1_T6W30', 'l3_T6W30', 'density_T6W30', 'asp_T6W30']",0.007855894083131866,0.026120073100397607,598.0,0.016987983591764736,0.00913208950863287,0.11380349475522239,1.9639388980555033,3.5448094782708495,3.5765092245801897,598.0,3.5606593514255196,0.015849873154669944,0.19752006971934039,1.9639388980555033,completed,28.464864015579224,True,COMPLETE
