number,value,datetime_start,datetime_complete,duration,params_et_max_depth,params_et_max_features,params_et_min_samples_leaf,params_et_min_samples_split,params_et_n_estimators,params_regressor,params_rfe_n_features,params_use_scaler,user_attrs_d2mae_ci_lower_val,user_attrs_d2mae_ci_upper_val,user_attrs_d2mae_df_val,user_attrs_d2mae_mean_val,user_attrs_d2mae_samperror_val,user_attrs_d2mae_std_val,user_attrs_d2mae_t_critical_val,user_attrs_mae_ci_lower_val,user_attrs_mae_ci_upper_val,user_attrs_mae_df_val,user_attrs_mae_mean_val,user_attrs_mae_samperror_val,user_attrs_mae_std_val,user_attrs_mae_t_critical_val,user_attrs_mape_ci_lower_val,user_attrs_mape_ci_upper_val,user_attrs_mape_df_val,user_attrs_mape_mean_val,user_attrs_mape_samperror_val,user_attrs_mape_std_val,user_attrs_mape_t_critical_val,user_attrs_max_error_ci_lower_val,user_attrs_max_error_ci_upper_val,user_attrs_max_error_df_val,user_attrs_max_error_mean_val,user_attrs_max_error_samperror_val,user_attrs_max_error_std_val,user_attrs_max_error_t_critical_val,user_attrs_median_ae_ci_lower_val,user_attrs_median_ae_ci_upper_val,user_attrs_median_ae_df_val,user_attrs_median_ae_mean_val,user_attrs_median_ae_samperror_val,user_attrs_median_ae_std_val,user_attrs_median_ae_t_critical_val,user_attrs_n_splits_val,user_attrs_r2_below_zero_val,user_attrs_r2_ci_lower_val,user_attrs_r2_ci_upper_val,user_attrs_r2_df_val,user_attrs_r2_mean_val,user_attrs_r2_samperror_val,user_attrs_r2_std_val,user_attrs_r2_t_critical_val,user_attrs_regressor_final,user_attrs_rfe_estimator,user_attrs_rfe_n_features,user_attrs_rfe_selected_features,user_attrs_rho_ci_lower_val,user_attrs_rho_ci_upper_val,user_attrs_rho_df_val,user_attrs_rho_mean_val,user_attrs_rho_samperror_val,user_attrs_rho_std_val,user_attrs_rho_t_critical_val,user_attrs_rmse_ci_lower_val,user_attrs_rmse_ci_upper_val,user_attrs_rmse_df_val,user_attrs_rmse_mean_val,user_attrs_rmse_samperror_val,user_attrs_rmse_std_val,user_attrs_rmse_t_critical_val,user_attrs_termination_reason,user_attrs_trial_time_seconds,user_attrs_use_scaler_final,state
297,2.96543902690209,2026-06-14 11:30:16.944499,2026-06-14 11:30:19.136581,0 days 00:00:02.192082,15,sqrt,1,6,404,ExtraTreesRegressor,13,True,,,,,,,,,,,,,,,,,,,,,,,,,,,,,,,,,,,,,,,,,,,,,ExtraTreesRegressor,"{'mode': 'original', 'type': 'ExtraTreesRegressor'}",13,"['nodes_T6W30', 'edges_T6W30', 're_T6W30', 'pe_T6W30', 'l1_T6W30', 'l2_T6W30', 'l3_T6W30', 'lcc_T6W30', 'lsc_T6W30', 'atd_T6W30', 'density_T6W30', 'diameter_T6W30', 'asp_T6W30']",,,,,,,,,,,,,,,pruned,,True,PRUNED
298,2.9251153816533386,2026-06-14 11:30:19.142834,2026-06-14 11:30:21.441024,0 days 00:00:02.298190,17,,5,8,367,ExtraTreesRegressor,12,True,,,,,,,,,,,,,,,,,,,,,,,,,,,,,,,,,,,,,,,,,,,,,ExtraTreesRegressor,"{'mode': 'original', 'type': 'ExtraTreesRegressor'}",12,"['nodes_T6W30', 're_T6W30', 'pe_T6W30', 'l1_T6W30', 'l2_T6W30', 'l3_T6W30', 'lcc_T6W30', 'lsc_T6W30', 'atd_T6W30', 'density_T6W30', 'diameter_T6W30', 'asp_T6W30']",,,,,,,,,,,,,,,pruned,,True,PRUNED
299,2.875509754784574,2026-06-14 11:30:21.446596,2026-06-14 11:31:17.426250,0 days 00:00:55.979654,9,log2,5,3,299,ExtraTreesRegressor,12,False,-0.02248665333811076,-0.018394063420576038,598.0,-0.0204403583793434,0.0020462949587673617,0.0255007922762446,1.9639388980555033,2.8651499416344386,2.8858695679347095,598.0,2.875509754784574,0.01035981315013554,0.12910330547921173,1.9639388980555033,925813724207995.4,1015906772793326.1,598.0,970860248500660.8,45046524292665.36,561366802880669.75,1.9639388980555033,8.391732167054842,8.567560046976658,598.0,8.47964610701575,0.0879139399609073,1.0955776983782375,1.9639388980555033,2.5810918553106847,2.6122515553125463,598.0,2.5966717053116155,0.015579850000930895,0.1941550590576204,1.9639388980555033,599.0,0.7245409015025042,-0.03220963638251154,-0.02538024635709133,598.0,-0.028794941369801437,0.003414695012710105,0.04255370313686456,1.9639388980555033,ExtraTreesRegressor,"{'mode': 'original', 'type': 'ExtraTreesRegressor'}",12,"['nodes_T6W30', 're_T6W30', 'pe_T6W30', 'l1_T6W30', 'l2_T6W30', 'l3_T6W30', 'lcc_T6W30', 'lsc_T6W30', 'atd_T6W30', 'density_T6W30', 'diameter_T6W30', 'asp_T6W30']",0.013174472652213722,0.03123490979467107,598.0,0.022204691223442395,0.009030218571228673,0.11253398587889912,1.9639388980555033,3.482446904012922,3.5117831476162777,598.0,3.4971150258145998,0.014668121801678048,0.18279316261061626,1.9639388980555033,completed,55.97106099128723,False,COMPLETE
300,2.849464244743178,2026-06-14 11:31:17.441294,2026-06-14 11:31:48.248211,0 days 00:00:30.806917,13,sqrt,5,8,162,ExtraTreesRegressor,2,False,-0.012553868577410138,-0.009846303090431522,598.0,-0.01120008583392083,0.0013537827434893079,0.016870750905666552,1.9639388980555033,2.8401211839415805,2.8588073055447754,598.0,2.849464244743178,0.009343060801597582,0.1164326050382212,1.9639388980555033,936278017672016.2,1026738608233467.5,598.0,981508312952741.9,45230295280725.65,563656944765077.5,1.9639388980555033,8.225218278683535,8.386137825761487,598.0,8.305678052222511,0.0804597735389768,1.0026843700221384,1.9639388980555033,2.556838018121594,2.580372895162303,598.0,2.5686054566419485,0.011767438520354761,0.14664503963387868,1.9639388980555033,599.0,0.4974958263772955,-0.005198136077692688,-0.0012755453333789689,598.0,-0.0032368407055358285,0.0019612953721568596,0.02444153305633881,1.9639388980555033,ExtraTreesRegressor,"{'mode': 'original', 'type': 'ExtraTreesRegressor'}",2,"['nodes_T6W30', 'lcc_T6W30']",0.0655856836168937,0.08426521437005914,598.0,0.07492544899347642,0.009339765376582725,0.11639153766989983,1.9639388980555033,3.4400762178789726,3.467872305685424,598.0,3.4539742617821982,0.013898043903225812,0.1731965028325036,1.9639388980555033,completed,30.798712015151978,False,COMPLETE
301,2.922798081679208,2026-06-14 11:31:48.263647,2026-06-14 11:32:26.851883,0 days 00:00:38.588236,8,sqrt,2,8,188,ExtraTreesRegressor,11,True,-0.03975630447478017,-0.034676918355088175,598.0,-0.037216611414934174,0.0025396930598460005,0.03164948674044786,1.9639388980555033,2.911481032043357,2.934115131315059,598.0,2.922798081679208,0.01131704963585086,0.14103232317868009,1.9639388980555033,926910194571777.2,1017777474458060.2,598.0,972343834514918.8,45433639943141.44,566191012483189.8,1.9639388980555033,8.58315545268709,8.767744264606323,598.0,8.675449858646706,0.09229440595961773,1.1501667755919915,1.9639388980555033,2.6253410594324067,2.6604749301116493,598.0,2.642907994772028,0.01756693533962144,0.21891798496916276,1.9639388980555033,599.0,0.8881469115191987,-0.0718513904995245,-0.06273691070306296,598.0,-0.06729415060129373,0.004557239898230772,0.05679202184410454,1.9639388980555033,ExtraTreesRegressor,"{'mode': 'original', 'type': 'ExtraTreesRegressor'}",11,"['nodes_T6W30', 're_T6W30', 'pe_T6W30', 'l1_T6W30', 'l2_T6W30', 'l3_T6W30', 'lcc_T6W30', 'atd_T6W30', 'density_T6W30', 'diameter_T6W30', 'asp_T6W30']",-0.02697028827453442,-0.008929372402871321,598.0,-0.01794983033870287,0.00902045793583155,0.11241234948690207,1.9639388980555033,3.54587226258843,3.5766665430352353,598.0,3.5612694028118326,0.015397140223402566,0.1918781419085915,1.9639388980555033,completed,38.580063819885254,True,COMPLETE
302,2.8866896432424367,2026-06-14 11:32:26.866094,2026-06-14 11:32:28.925023,0 days 00:00:02.058929,8,sqrt,2,2,359,ExtraTreesRegressor,9,False,,,,,,,,,,,,,,,,,,,,,,,,,,,,,,,,,,,,,,,,,,,,,ExtraTreesRegressor,"{'mode': 'original', 'type': 'ExtraTreesRegressor'}",9,"['nodes_T6W30', 're_T6W30', 'l1_T6W30', 'l2_T6W30', 'l3_T6W30', 'atd_T6W30', 'density_T6W30', 'diameter_T6W30', 'asp_T6W30']",,,,,,,,,,,,,,,pruned,,False,PRUNED
303,2.84719890608775,2026-06-14 11:32:28.932142,2026-06-14 11:33:36.560737,0 days 00:01:07.628595,3,log2,2,5,388,ExtraTreesRegressor,8,False,-0.012305736787450937,-0.008512268202338831,598.0,-0.010409002494894884,0.0018967342925560531,0.023636977157407216,1.9639388980555033,2.837214489175946,2.857183322999554,598.0,2.84719890608775,0.00998441691180413,0.12442514241481197,1.9639388980555033,915866598025639.0,1004790594815946.2,598.0,960328596420792.6,44461998395153.69,554082479851545.06,1.9639388980555033,8.26829605630334,8.43965479791562,598.0,8.35397542710948,0.08567937080614096,1.067730645538443,1.9639388980555033,2.540140177295548,2.5703230406707585,598.0,2.5552316089831533,0.01509143168760534,0.18806842237864851,1.9639388980555033,599.0,0.5392320534223706,-0.01335977719220676,-0.006728691491250504,598.0,-0.010044234341728632,0.003315542850478128,0.04131807545670781,1.9639388980555033,ExtraTreesRegressor,"{'mode': 'original', 'type': 'ExtraTreesRegressor'}",8,"['nodes_T6W30', 'l1_T6W30', 'l3_T6W30', 'lcc_T6W30', 'atd_T6W30', 'density_T6W30', 'diameter_T6W30', 'asp_T6W30']",0.0852750181277001,0.10349095167294149,598.0,0.0943829849003208,0.009107966772620695,0.1135028788163786,1.9639388980555033,3.4506692805157715,3.4793530130533648,598.0,3.465011146784568,0.014341866268796464,0.1787273877635725,1.9639388980555033,completed,67.61999320983887,False,COMPLETE
304,2.8491372366449372,2026-06-14 11:33:36.575569,2026-06-14 11:33:58.785256,0 days 00:00:22.209687,9,sqrt,4,10,101,ExtraTreesRegressor,5,False,-0.013211088640746157,-0.009001327957061957,598.0,-0.011106208298904057,0.0021048803418421006,0.02623087944076221,1.9639388980555033,2.8388607695084906,2.859413703781384,598.0,2.8491372366449372,0.010276467136446395,0.12806465297555691,1.9639388980555033,918299205879210.9,1007934687080510.1,598.0,963116946479860.5,44817740600649.65,558515715660184.5,1.9639388980555033,8.391523385684021,8.573994225186492,598.0,8.482758805435257,0.09123541975123649,1.1369697595862418,1.9639388980555033,2.5837362296283595,2.616011203832287,598.0,2.599873716730323,0.016137487101963742,0.20110429568552657,1.9639388980555033,599.0,0.6460767946577629,-0.025981920279648,-0.018488904194189765,598.0,-0.022235412236918883,0.0037465080427291192,0.046688735145233085,1.9639388980555033,ExtraTreesRegressor,"{'mode': 'original', 'type': 'ExtraTreesRegressor'}",5,"['nodes_T6W30', 'l1_T6W30', 'lcc_T6W30', 'atd_T6W30', 'density_T6W30']",0.05077411757423371,0.06880899197816878,598.0,0.059791554776201246,0.009017437201967534,0.11237470530151324,1.9639388980555033,3.470984837623336,3.500304067387271,598.0,3.4856444525053036,0.014659614881967554,0.18268714994048846,1.9639388980555033,completed,22.20144486427307,False,COMPLETE
305,2.8699424301289866,2026-06-14 11:33:58.800752,2026-06-14 11:34:32.892109,0 days 00:00:34.091357,7,sqrt,5,9,171,ExtraTreesRegressor,13,False,-0.020442174794409455,-0.0164818362035686,598.0,-0.018462005498989027,0.0019801692954204263,0.024676738638271103,1.9639388980555033,2.8596850439132675,2.880199816344706,598.0,2.8699424301289866,0.010257386215719113,0.1278268678049386,1.9639388980555033,925884778838380.0,1015767302195149.8,598.0,970826040516764.9,44941261678384.87,560055027151701.4,1.9639388980555033,8.373072529183178,8.546934522240926,598.0,8.460003525712052,0.08693099652887375,1.0833283224159933,1.9639388980555033,2.5729494353081632,2.604102253925138,598.0,2.5885258446166506,0.015576409308487556,0.19411218137622452,1.9639388980555033,599.0,0.7028380634390651,-0.028295871088297023,-0.021724450969274646,598.0,-0.025010161028785834,0.0032857100595111866,0.04094630119112156,1.9639388980555033,ExtraTreesRegressor,"{'mode': 'original', 'type': 'ExtraTreesRegressor'}",13,"['nodes_T6W30', 'edges_T6W30', 're_T6W30', 'pe_T6W30', 'l1_T6W30', 'l2_T6W30', 'l3_T6W30', 'lcc_T6W30', 'lsc_T6W30', 'atd_T6W30', 'density_T6W30', 'diameter_T6W30', 'asp_T6W30']",0.02103088376852197,0.03889192930667808,598.0,0.029961406537600023,0.008930522769078054,0.11129158339407456,1.9639388980555033,3.4761345930438425,3.505439898018537,598.0,3.4907872455311897,0.014652652487347035,0.18260038503975778,1.9639388980555033,completed,34.08300709724426,False,COMPLETE
306,2.8967167311393363,2026-06-14 11:34:32.907021,2026-06-14 11:34:34.747503,0 days 00:00:01.840482,13,log2,2,9,320,ExtraTreesRegressor,10,True,,,,,,,,,,,,,,,,,,,,,,,,,,,,,,,,,,,,,,,,,,,,,ExtraTreesRegressor,"{'mode': 'original', 'type': 'ExtraTreesRegressor'}",10,"['nodes_T6W30', 're_T6W30', 'l1_T6W30', 'l2_T6W30', 'l3_T6W30', 'lcc_T6W30', 'atd_T6W30', 'density_T6W30', 'diameter_T6W30', 'asp_T6W30']",,,,,,,,,,,,,,,pruned,,True,PRUNED
307,2.8689074087718716,2026-06-14 11:34:34.754157,2026-06-14 11:35:12.240377,0 days 00:00:37.486220,7,sqrt,5,8,191,ExtraTreesRegressor,13,True,-0.020042137571013682,-0.016148844420955162,598.0,-0.018095490995984422,0.001946646575029259,0.024258980716536916,1.9639388980555033,2.8587072647632503,2.879107552780493,598.0,2.8689074087718716,0.010200144008621374,0.127113519210505,1.9639388980555033,926460912392270.6,1016354778999802.9,598.0,971407845696036.8,44946933303766.086,560125706571642.94,1.9639388980555033,8.362672256387356,8.535385980952348,598.0,8.449029118669852,0.08635686228249696,1.0761734994552057,1.9639388980555033,2.5731885137912385,2.604100490552653,598.0,2.5886445021719457,0.015455988380707091,0.19261150374816055,1.9639388980555033,599.0,0.6961602671118531,-0.02690503967403938,-0.020469506418836644,598.0,-0.02368727304643801,0.003217766627601369,0.04009959464168496,1.9639388980555033,ExtraTreesRegressor,"{'mode': 'original', 'type': 'ExtraTreesRegressor'}",13,"['nodes_T6W30', 'edges_T6W30', 're_T6W30', 'pe_T6W30', 'l1_T6W30', 'l2_T6W30', 'l3_T6W30', 'lcc_T6W30', 'lsc_T6W30', 'atd_T6W30', 'density_T6W30', 'diameter_T6W30', 'asp_T6W30']",0.021441079752840386,0.03938406842784695,598.0,0.030412574090343668,0.008971494337503282,0.11180216836676737,1.9639388980555033,3.4739614167029473,3.503141671763759,598.0,3.4885515442333532,0.01459012753040591,0.18182120316658482,1.9639388980555033,completed,37.47708225250244,True,COMPLETE
308,2.9014169301418256,2026-06-14 11:35:12.255393,2026-06-14 11:35:43.895986,0 days 00:00:31.640593,13,,4,9,141,ExtraTreesRegressor,5,False,-0.03264456818411693,-0.026588059985714417,598.0,-0.029616314084915673,0.0030282540992012576,0.037737902061751,1.9639388980555033,2.8891744742818495,2.9136593860018016,598.0,2.9014169301418256,0.012242455859975906,0.15256467426592113,1.9639388980555033,903798599458858.5,992882862726833.2,598.0,948340731092845.9,44542131633987.38,555081094967692.3,1.9639388980555033,8.699186474662447,8.878896036185296,598.0,8.789041255423871,0.08985478076142504,1.119764327917254,1.9639388980555033,2.6017636396986497,2.6393159094686824,598.0,2.620539774583666,0.01877613488501644,0.23398694963407193,1.9639388980555033,599.0,0.8113522537562604,-0.06616145291353741,-0.05539484425904399,598.0,-0.0607781485862907,0.005383304327246704,0.06708638205883093,1.9639388980555033,ExtraTreesRegressor,"{'mode': 'original', 'type': 'ExtraTreesRegressor'}",5,"['l1_T6W30', 'l2_T6W30', 'l3_T6W30', 'atd_T6W30', 'density_T6W30']",0.031911518785592494,0.05052056160767715,598.0,0.04121604019663482,0.009304521411042328,0.11595232970509198,1.9639388980555033,3.53374239928384,3.5661608713362236,598.0,3.5499516353100318,0.016209236026191714,0.20199842602824294,1.9639388980555033,completed,31.632133960723877,False,COMPLETE
309,2.8575881532314162,2026-06-14 11:35:43.910879,2026-06-14 11:36:27.395753,0 days 00:00:43.484874,17,sqrt,4,4,229,ExtraTreesRegressor,7,False,-0.01614519204663556,-0.012025026306297218,598.0,-0.014085109176466389,0.0020600828701691706,0.02567261631513712,1.9639388980555033,2.847267177427034,2.8679091290357985,598.0,2.8575881532314162,0.010320975804382149,0.1286193170481331,1.9639388980555033,922779476385357.4,1012618746704969.4,598.0,967699111545163.4,44919635159805.97,559785518909218.56,1.9639388980555033,8.368221047044226,8.541746460917441,598.0,8.454983753980834,0.0867627069366075,1.0812311086608362,1.9639388980555033,2.5971700152063226,2.629195296691572,598.0,2.6131826559489473,0.016012640742624824,0.19954846862242082,1.9639388980555033,599.0,0.659432387312187,-0.024882162646020466,-0.017807281152954137,598.0,-0.0213447218994873,0.0035374407465331645,0.04408335234388922,1.9639388980555033,ExtraTreesRegressor,"{'mode': 'original', 'type': 'ExtraTreesRegressor'}",7,"['nodes_T6W30', 'l1_T6W30', 'lcc_T6W30', 'atd_T6W30', 'density_T6W30', 'diameter_T6W30', 'asp_T6W30']",0.04458951311688879,0.06249625325474541,598.0,0.0535428831858171,0.00895337006892831,0.11157630493192432,1.9639388980555033,3.469693928590636,3.4988360547117043,598.0,3.48426499165117,0.01457106306053442,0.18158362300544204,1.9639388980555033,completed,43.47644901275635,False,COMPLETE
310,2.9185159136965244,2026-06-14 11:36:27.409854,2026-06-14 11:37:54.791534,0 days 00:01:27.381680,10,sqrt,3,4,462,ExtraTreesRegressor,9,False,-0.03842256661659843,-0.033051229967117235,598.0,-0.03573689829185783,0.002685668324740598,0.03346862082549161,1.9639388980555033,2.9071150592774817,2.929916768115567,598.0,2.9185159136965244,0.011400854419042608,0.1420766928374979,1.9639388980555033,926836538690406.0,1017780313490389.5,598.0,972308426090397.8,45471887399991.78,566667649757819.4,1.9639388980555033,8.558550298607276,8.743041070174694,598.0,8.650795684390985,0.0922453857837097,1.1495558894058042,1.9639388980555033,2.636193389993452,2.6752683211472306,598.0,2.6557308555703414,0.01953746557688939,0.24347460230300907,1.9639388980555033,599.0,0.8747913188647746,-0.07248625676094599,-0.0628934135356425,598.0,-0.06768983514829424,0.0047964216126517405,0.059772688531276194,1.9639388980555033,ExtraTreesRegressor,"{'mode': 'original', 'type': 'ExtraTreesRegressor'}",9,"['nodes_T6W30', 're_T6W30', 'l1_T6W30', 'l2_T6W30', 'lcc_T6W30', 'atd_T6W30', 'density_T6W30', 'diameter_T6W30', 'asp_T6W30']",-0.011243615677795409,0.007184625349832181,598.0,-0.002029495163981614,0.009214120513813795,0.11482575970992392,1.9639388980555033,3.546255524093891,3.5770794279939433,598.0,3.561667476043917,0.015411951950026054,0.19206272466498242,1.9639388980555033,completed,87.37288188934326,False,COMPLETE
311,2.832305771359048,2026-06-14 11:37:54.807185,2026-06-14 11:38:58.980444,0 days 00:01:04.173259,3,sqrt,5,4,372,ExtraTreesRegressor,4,True,-0.006867679363331549,-0.003357781778457112,598.0,-0.00511273057089433,0.0017549487924372186,0.021870055643564545,1.9639388980555033,2.8225071696555504,2.8421043730625457,598.0,2.832305771359048,0.009798601703497766,0.12210952559306011,1.9639388980555033,918241115404367.2,1007424185092930.5,598.0,962832650248648.9,44591534844281.62,555696754503037.0,1.9639388980555033,8.292498573008817,8.471695040067143,598.0,8.38209680653798,0.0895982335291623,1.1165672532966342,1.9639388980555033,2.52715277699175,2.55489093840547,598.0,2.54102185769861,0.013869080706860144,0.17283556539725628,1.9639388980555033,599.0,0.42070116861435725,-0.0031197474163532596,0.0027324347465524216,598.0,-0.00019365633490041906,0.0029260910814528406,0.03646475329951879,1.9639388980555033,ExtraTreesRegressor,"{'mode': 'original', 'type': 'ExtraTreesRegressor'}",4,"['nodes_T6W30', 'lcc_T6W30', 'atd_T6W30', 'density_T6W30']",0.10507473124987088,0.12395806889726238,598.0,0.11451640007356663,0.009441668823695747,0.1176614516800618,1.9639388980555033,3.434038861987205,3.462866340652901,598.0,3.448452601320053,0.014413739332848145,0.1796230651285518,1.9639388980555033,completed,64.16452193260193,True,COMPLETE
312,2.9505197039936246,2026-06-14 11:38:58.997739,2026-06-14 11:38:59.586721,0 days 00:00:00.588982,10,,4,10,78,ExtraTreesRegressor,12,True,,,,,,,,,,,,,,,,,,,,,,,,,,,,,,,,,,,,,,,,,,,,,ExtraTreesRegressor,"{'mode': 'original', 'type': 'ExtraTreesRegressor'}",12,"['nodes_T6W30', 're_T6W30', 'pe_T6W30', 'l1_T6W30', 'l2_T6W30', 'l3_T6W30', 'lcc_T6W30', 'lsc_T6W30', 'atd_T6W30', 'density_T6W30', 'diameter_T6W30', 'asp_T6W30']",,,,,,,,,,,,,,,pruned,,True,PRUNED
313,2.8382452977282586,2026-06-14 11:38:59.592753,2026-06-14 11:40:18.931608,0 days 00:01:19.338855,12,sqrt,4,4,470,ExtraTreesRegressor,2,False,-0.008627053285294287,-0.005825546498909692,598.0,-0.00722629989210199,0.001400753393192297,0.01745609603200049,1.9639388980555033,2.828923791804643,2.8475668036518744,598.0,2.8382452977282586,0.009321505923615627,0.11616398957611364,1.9639388980555033,929176057668755.5,1019161157356321.8,598.0,974168607512538.6,44992549843783.11,560694176872735.75,1.9639388980555033,8.238641456521046,8.401849368667962,598.0,8.320245412594504,0.08160395607345829,1.0169430970022875,1.9639388980555033,2.546254687611289,2.568820820122885,598.0,2.557537753867087,0.011283066255797914,0.14060882454674442,1.9639388980555033,599.0,0.39398998330550916,-0.00026553551996615315,0.00408772431055156,598.0,0.0019110943952927036,0.002176629915258857,0.02712501787362626,1.9639388980555033,ExtraTreesRegressor,"{'mode': 'original', 'type': 'ExtraTreesRegressor'}",2,"['lcc_T6W30', 'density_T6W30']",0.09249516791352395,0.11121762293238556,598.0,0.10185639542295476,0.009361227509430803,0.11665899734829033,1.9639388980555033,3.431098643212494,3.4589266076725953,598.0,3.4450126254425446,0.013913982230050788,0.1733951252060051,1.9639388980555033,completed,79.33005213737488,False,COMPLETE
