number,value,datetime_start,datetime_complete,duration,params_et_max_depth,params_et_max_features,params_et_min_samples_leaf,params_et_min_samples_split,params_et_n_estimators,params_regressor,params_rfe_n_features,params_use_scaler,user_attrs_d2mae_ci_lower_val,user_attrs_d2mae_ci_upper_val,user_attrs_d2mae_df_val,user_attrs_d2mae_mean_val,user_attrs_d2mae_samperror_val,user_attrs_d2mae_std_val,user_attrs_d2mae_t_critical_val,user_attrs_mae_ci_lower_val,user_attrs_mae_ci_upper_val,user_attrs_mae_df_val,user_attrs_mae_mean_val,user_attrs_mae_samperror_val,user_attrs_mae_std_val,user_attrs_mae_t_critical_val,user_attrs_mape_ci_lower_val,user_attrs_mape_ci_upper_val,user_attrs_mape_df_val,user_attrs_mape_mean_val,user_attrs_mape_samperror_val,user_attrs_mape_std_val,user_attrs_mape_t_critical_val,user_attrs_max_error_ci_lower_val,user_attrs_max_error_ci_upper_val,user_attrs_max_error_df_val,user_attrs_max_error_mean_val,user_attrs_max_error_samperror_val,user_attrs_max_error_std_val,user_attrs_max_error_t_critical_val,user_attrs_median_ae_ci_lower_val,user_attrs_median_ae_ci_upper_val,user_attrs_median_ae_df_val,user_attrs_median_ae_mean_val,user_attrs_median_ae_samperror_val,user_attrs_median_ae_std_val,user_attrs_median_ae_t_critical_val,user_attrs_n_splits_val,user_attrs_r2_below_zero_val,user_attrs_r2_ci_lower_val,user_attrs_r2_ci_upper_val,user_attrs_r2_df_val,user_attrs_r2_mean_val,user_attrs_r2_samperror_val,user_attrs_r2_std_val,user_attrs_r2_t_critical_val,user_attrs_regressor_final,user_attrs_rfe_estimator,user_attrs_rfe_n_features,user_attrs_rfe_selected_features,user_attrs_rho_ci_lower_val,user_attrs_rho_ci_upper_val,user_attrs_rho_df_val,user_attrs_rho_mean_val,user_attrs_rho_samperror_val,user_attrs_rho_std_val,user_attrs_rho_t_critical_val,user_attrs_rmse_ci_lower_val,user_attrs_rmse_ci_upper_val,user_attrs_rmse_df_val,user_attrs_rmse_mean_val,user_attrs_rmse_samperror_val,user_attrs_rmse_std_val,user_attrs_rmse_t_critical_val,user_attrs_termination_reason,user_attrs_trial_time_seconds,user_attrs_use_scaler_final,state
215,2.994401635672911,2026-06-14 10:27:51.099315,2026-06-14 10:27:54.029751,0 days 00:00:02.930436,17,,2,3,371,ExtraTreesRegressor,10,True,,,,,,,,,,,,,,,,,,,,,,,,,,,,,,,,,,,,,,,,,,,,,ExtraTreesRegressor,"{'mode': 'original', 'type': 'ExtraTreesRegressor'}",10,"['re_T6W30', 'pe_T6W30', 'l1_T6W30', 'l2_T6W30', 'l3_T6W30', 'lsc_T6W30', 'atd_T6W30', 'density_T6W30', 'diameter_T6W30', 'asp_T6W30']",,,,,,,,,,,,,,,pruned,,True,PRUNED
216,2.9003920209736824,2026-06-14 10:27:54.035933,2026-06-14 10:28:39.483062,0 days 00:00:45.447129,17,,5,7,208,ExtraTreesRegressor,5,True,-0.03225874167011154,-0.026388600322088018,598.0,-0.029323670996099782,0.0029350706740117636,0.03657665638738465,1.9639388980555033,2.8886347203997977,2.912149321547567,598.0,2.9003920209736824,0.011757300573884579,0.14651870121627367,1.9639388980555033,922720104547978.6,1013739605650438.6,598.0,968229855099208.6,45509750551229.96,567139497841357.9,1.9639388980555033,8.559896242261342,8.744991576015611,598.0,8.652443909138476,0.09254766687713467,1.15332289637586,1.9639388980555033,2.648554828562112,2.6889094365549706,598.0,2.6687321325585414,0.02017730399642946,0.2514482263190114,1.9639388980555033,599.0,0.8213689482470785,-0.06519211227644245,-0.054647691791240044,598.0,-0.059919902033841246,0.005272210242601204,0.06570193493231748,1.9639388980555033,ExtraTreesRegressor,"{'mode': 'original', 'type': 'ExtraTreesRegressor'}",5,"['l1_T6W30', 'lcc_T6W30', 'atd_T6W30', 'density_T6W30', 'asp_T6W30']",0.024732795630932104,0.042985745147932186,598.0,0.03385927038943214,0.00912647475850004,0.11373352411086007,1.9639388980555033,3.5326325770241196,3.5638261040922075,598.0,3.5482293405581635,0.01559676353404372,0.1943658343873057,1.9639388980555033,completed,45.43822383880615,True,COMPLETE
217,2.9433657759232656,2026-06-14 10:28:39.498097,2026-06-14 10:29:10.570101,0 days 00:00:31.072004,18,,5,4,128,ExtraTreesRegressor,8,True,-0.0475181072056376,-0.04162287996946241,598.0,-0.044570493587550004,0.0029476136180875976,0.036732965725899104,1.9639388980555033,2.931477829920601,2.9552537219259305,598.0,2.9433657759232656,0.011887946002664915,0.14814679589876026,1.9639388980555033,925361656072052.2,1016740788114087.5,598.0,971051222093069.9,45689566021017.65,569380346318975.9,1.9639388980555033,8.62431076062025,8.814258522050118,598.0,8.719284641335184,0.09497388071493278,1.1835582125654227,1.9639388980555033,2.654282314841466,2.694651672290451,598.0,2.6744669935659586,0.02018467872449237,0.2515401296917976,1.9639388980555033,599.0,0.9265442404006677,-0.09222482611986087,-0.08146719697847497,598.0,-0.08684601154916792,0.005378814570692953,0.06703043100995716,1.9639388980555033,ExtraTreesRegressor,"{'mode': 'original', 'type': 'ExtraTreesRegressor'}",8,"['nodes_T6W30', 're_T6W30', 'l1_T6W30', 'l2_T6W30', 'lcc_T6W30', 'atd_T6W30', 'density_T6W30', 'asp_T6W30']",-0.02239568045256881,-0.004515198501907401,598.0,-0.013455439477238106,0.008940240975330705,0.11141269103688274,1.9639388980555033,3.5772826176745367,3.6087767127159873,598.0,3.593029665195262,0.015747047520725317,0.19623866347794758,1.9639388980555033,completed,31.06304907798767,True,COMPLETE
218,2.870450899417146,2026-06-14 10:29:10.586109,2026-06-14 10:29:27.554089,0 days 00:00:16.967980,7,sqrt,5,9,64,ExtraTreesRegressor,9,True,-0.020924807161878584,-0.01638033063574399,598.0,-0.018652568898811287,0.002272238263067297,0.028316482773098336,1.9639388980555033,2.8597611160415743,2.8811406827927177,598.0,2.870450899417146,0.01068978337557183,0.1332153725788957,1.9639388980555033,924016496419669.9,1014087944451792.6,598.0,969052220435731.2,45035724016061.414,561232210548795.44,1.9639388980555033,8.385747842683802,8.568107123230654,598.0,8.476927482957228,0.09117964027342537,1.1362746394273202,1.9639388980555033,2.580286131167008,2.6140958546897703,598.0,2.597190992928389,0.016904861761380962,0.21066726787778575,1.9639388980555033,599.0,0.6961602671118531,-0.03227750219976125,-0.024395813980648745,598.0,-0.028336658090204997,0.003940844109556254,0.04911053834164342,1.9639388980555033,ExtraTreesRegressor,"{'mode': 'original', 'type': 'ExtraTreesRegressor'}",9,"['nodes_T6W30', 're_T6W30', 'l1_T6W30', 'l2_T6W30', 'lcc_T6W30', 'atd_T6W30', 'density_T6W30', 'diameter_T6W30', 'asp_T6W30']",0.03526210850921972,0.05428201273353306,598.0,0.04477206062137639,0.009509952112156668,0.1185123934993339,1.9639388980555033,3.481074487937139,3.5109986711076715,598.0,3.4960365795224053,0.014962091585266287,0.18645659458783811,1.9639388980555033,completed,16.959086894989014,True,COMPLETE
219,2.8676647493342813,2026-06-14 10:29:27.568809,2026-06-14 10:30:33.257993,0 days 00:01:05.689184,12,log2,3,3,352,ExtraTreesRegressor,6,False,-0.019944532062496842,-0.01537508046890418,598.0,-0.01765980626570051,0.0022847257967963303,0.02847210159154009,1.9639388980555033,2.8569486457678397,2.878380852900723,598.0,2.8676647493342813,0.010716103566441777,0.13354337305466774,1.9639388980555033,921911438217034.2,1012212230716717.5,598.0,967061834466875.9,45150396249841.68,562661248332891.25,1.9639388980555033,8.424198509753417,8.60755475616293,598.0,8.515876632958173,0.09167812320475625,1.1424867007094237,1.9639388980555033,2.595999343553494,2.628816729067486,598.0,2.61240803631049,0.016408692756996,0.20448404260006053,1.9639388980555033,599.0,0.7128547579298832,-0.034320802970062486,-0.026395525802096295,598.0,-0.03035816438607939,0.003962638583983096,0.04938213963878175,1.9639388980555033,ExtraTreesRegressor,"{'mode': 'original', 'type': 'ExtraTreesRegressor'}",6,"['nodes_T6W30', 'l1_T6W30', 'l2_T6W30', 'atd_T6W30', 'density_T6W30', 'asp_T6W30']",0.03551134450842724,0.05361949595307391,598.0,0.04456542023075057,0.009054075722323337,0.11283129211608717,1.9639388980555033,3.484512512837956,3.514271704993878,598.0,3.499392108915917,0.014879596077961035,0.18542854103842127,1.9639388980555033,completed,65.67833280563354,False,COMPLETE
220,2.8415706209829543,2026-06-14 10:30:33.275563,2026-06-14 10:31:18.647662,0 days 00:00:45.372099,2,log2,5,10,240,ExtraTreesRegressor,12,True,-0.00979078763066064,-0.007001985732083826,598.0,-0.008396386681372233,0.0013944009492884075,0.01737693229671124,1.9639388980555033,2.832190652547717,2.8509505894181917,598.0,2.8415706209829543,0.009379968435237506,0.1168925455247219,1.9639388980555033,929973981871484.1,1019716505493562.4,598.0,974845243682523.2,44871261811039.17,559182693440034.2,1.9639388980555033,8.200651152480228,8.362310861313103,598.0,8.281481006896666,0.08082985441643731,1.0072962934113332,1.9639388980555033,2.5524901936855966,2.579442972275967,598.0,2.565966582980782,0.013476389295185154,0.1679418710278867,1.9639388980555033,599.0,0.38397328881469117,0.0012558348038227613,0.00524037759999323,598.0,0.0032481062019079957,0.0019922713980852344,0.02482755424031264,1.9639388980555033,ExtraTreesRegressor,"{'mode': 'original', 'type': 'ExtraTreesRegressor'}",12,"['nodes_T6W30', 're_T6W30', 'pe_T6W30', 'l1_T6W30', 'l2_T6W30', 'l3_T6W30', 'lcc_T6W30', 'lsc_T6W30', 'atd_T6W30', 'density_T6W30', 'diameter_T6W30', 'asp_T6W30']",0.10194089127784133,0.12028456670387751,598.0,0.11111272899085942,0.009171837713018091,0.11429883424625639,1.9639388980555033,3.4289251129595955,3.4565992759241655,598.0,3.4427621944418805,0.013837081482285006,0.17243679317949984,1.9639388980555033,completed,45.35878300666809,True,COMPLETE
221,2.9227769264461503,2026-06-14 10:31:18.663192,2026-06-14 10:31:35.345591,0 days 00:00:16.682399,20,,2,9,58,ExtraTreesRegressor,3,False,-0.04054831408671983,-0.03377247984490847,598.0,-0.03716039696581415,0.003387917120905676,0.04221999882235467,1.9639388980555033,2.9096216208787298,2.935932232013571,598.0,2.9227769264461503,0.013155305567420483,0.1639405468737475,1.9639388980555033,907285503245686.6,997166341639363.6,598.0,952225922442525.1,44940419196838.5,560044528202457.3,1.9639388980555033,8.863948011363044,9.053836335008542,598.0,8.958892173185793,0.0949441618227484,1.1831878576989228,1.9639388980555033,2.601574545195837,2.642598601761658,598.0,2.6220865734787475,0.020512028282910322,0.2556195382126323,1.9639388980555033,599.0,0.8731218697829716,-0.08740256675563694,-0.07471049154064867,598.0,-0.0810565291481428,0.006346037607494137,0.07908390044777616,1.9639388980555033,ExtraTreesRegressor,"{'mode': 'original', 'type': 'ExtraTreesRegressor'}",3,"['l3_T6W30', 'density_T6W30', 'asp_T6W30']",0.02036816694467497,0.0400173145864809,598.0,0.030192740765577934,0.009824573820902965,0.12243318840036292,1.9639388980555033,3.5658988968568783,3.6005693598254025,598.0,3.5832341283411404,0.0173352314842622,0.21603050686645547,1.9639388980555033,completed,16.67389488220215,False,COMPLETE
222,2.850913170819428,2026-06-14 10:31:35.360424,2026-06-14 10:31:56.907187,0 days 00:00:21.546763,6,log2,3,2,93,ExtraTreesRegressor,5,True,-0.013906915166697136,-0.009581949757354347,598.0,-0.011744432462025741,0.002162482704671394,0.026948716272073917,1.9639388980555033,2.8405834081332753,2.861242933505581,598.0,2.850913170819428,0.010329762686152783,0.12872881858691607,1.9639388980555033,915708856927353.1,1005242410684483.9,598.0,960475633805918.5,44766776878565.34,557880609130244.7,1.9639388980555033,8.410835841667488,8.593919361150459,598.0,8.502377601408973,0.09154175974148446,1.1407873482597368,1.9639388980555033,2.5707101501521556,2.6017958174328486,598.0,2.586252983792502,0.015542833640346452,0.1936937636231367,1.9639388980555033,599.0,0.662771285475793,-0.028166853688592015,-0.020376199506390878,598.0,-0.024271526597491447,0.0038953270911005677,0.04854330827165799,1.9639388980555033,ExtraTreesRegressor,"{'mode': 'original', 'type': 'ExtraTreesRegressor'}",5,"['nodes_T6W30', 'l1_T6W30', 'lcc_T6W30', 'atd_T6W30', 'density_T6W30']",0.050978795039277415,0.06899603515656709,598.0,0.059987415097922256,0.00900862005864484,0.11226482664527232,1.9639388980555033,3.474304405478161,3.5036759987114743,598.0,3.4889902020948176,0.014685796616656826,0.1830134249845051,1.9639388980555033,completed,21.53796410560608,True,COMPLETE
223,2.8574628174555246,2026-06-14 10:31:56.922855,2026-06-14 10:33:20.651345,0 days 00:01:23.728490,18,sqrt,3,9,457,ExtraTreesRegressor,4,True,-0.016493486627075695,-0.011593987062547266,598.0,-0.01404373684481148,0.0024497497822642137,0.03052861957101527,1.9639388980555033,2.846499085880609,2.86842654903044,598.0,2.8574628174555246,0.01096373157491573,0.13662929689903777,1.9639388980555033,913164708731444.8,1002903682591566.5,598.0,958034195661505.6,44869486930060.88,559160574990810.44,1.9639388980555033,8.505794659613727,8.690151386717684,598.0,8.597973023165705,0.09217836355197848,1.148720662791994,1.9639388980555033,2.5919909301639525,2.6287555037751233,598.0,2.610373216969538,0.01838228680558528,0.22907884094771633,1.9639388980555033,599.0,0.7328881469115192,-0.040622563999082505,-0.03174849506597988,598.0,-0.036185529532531194,0.0044370344665513135,0.05529402971418176,1.9639388980555033,ExtraTreesRegressor,"{'mode': 'original', 'type': 'ExtraTreesRegressor'}",4,"['nodes_T6W30', 'l1_T6W30', 'atd_T6W30', 'density_T6W30']",0.05320596770452507,0.07086364966370841,598.0,0.06203480868411674,0.00882884097959167,0.11002443166657822,1.9639388980555033,3.493789981366929,3.524162320534503,598.0,3.508976150950716,0.015186169583786782,0.18924903976758378,1.9639388980555033,completed,83.71934270858765,True,COMPLETE
224,2.8351776406211764,2026-06-14 10:33:20.667289,2026-06-14 10:34:17.549640,0 days 00:00:56.882351,20,log2,3,11,312,ExtraTreesRegressor,3,True,-0.007539362524221998,-0.004710466373234048,598.0,-0.006124914448728023,0.0014144480754939752,0.01762675825602054,1.9639388980555033,2.8257725191740994,2.8445827620682533,598.0,2.8351776406211764,0.00940512144707699,0.11720600069270364,1.9639388980555033,933218557620763.0,1023290906713261.0,598.0,978254732167012.0,45036174546249.02,561237825026160.44,1.9639388980555033,8.230545031078805,8.388415636779019,598.0,8.309480333928912,0.07893530285010794,0.9836865172436289,1.9639388980555033,2.567426220633396,2.593215839297198,598.0,2.580321029965297,0.012894809331900639,0.1606942600360295,1.9639388980555033,599.0,0.4056761268781302,7.317398015304483e-05,0.004191091278464772,598.0,0.0021321326293089085,0.0020589586491558637,0.025658606347312048,1.9639388980555033,ExtraTreesRegressor,"{'mode': 'original', 'type': 'ExtraTreesRegressor'}",3,"['nodes_T6W30', 'l1_T6W30', 'density_T6W30']",0.08560639683458356,0.10377371306188875,598.0,0.09469005494823615,0.00908365811365259,0.11319994591796931,1.9639388980555033,3.4308117387849815,3.4584780482296593,598.0,3.4446448935073204,0.01383315472233889,0.1723878581570704,1.9639388980555033,completed,56.87270712852478,True,COMPLETE
225,2.8668809695983892,2026-06-14 10:34:17.566235,2026-06-14 10:35:23.105350,0 days 00:01:05.539115,17,sqrt,3,11,351,ExtraTreesRegressor,7,False,-0.019680343258322647,-0.015115097627235934,598.0,-0.01739772044277929,0.002282622815543357,0.02844589437841906,1.9639388980555033,2.856245540670049,2.8775163985267294,598.0,2.8668809695983892,0.010635428928340185,0.13253801105669402,1.9639388980555033,922541580560285.2,1012666987317532.8,598.0,967604283938909.0,45062703378623.73,561568425578549.2,1.9639388980555033,8.4280456016488,8.606523973758277,598.0,8.517284787703538,0.08923918605473961,1.1120928274454955,1.9639388980555033,2.6101040678682392,2.644611050419733,598.0,2.627357559143986,0.017253491275747098,0.21501186580054768,1.9639388980555033,599.0,0.7078464106844741,-0.035038530093315826,-0.02708940923256664,598.0,-0.031063969662941233,0.003974560430374591,0.049530708899081316,1.9639388980555033,ExtraTreesRegressor,"{'mode': 'original', 'type': 'ExtraTreesRegressor'}",7,"['nodes_T6W30', 'l1_T6W30', 'lcc_T6W30', 'atd_T6W30', 'density_T6W30', 'diameter_T6W30', 'asp_T6W30']",0.03584010932787579,0.05371701436345322,598.0,0.044778561845664505,0.008938452517788714,0.11139040339742108,1.9639388980555033,3.485722048165067,3.5153267073726924,598.0,3.5005243777688797,0.014802329603812527,0.1844656513539518,1.9639388980555033,completed,65.52876377105713,False,COMPLETE
226,2.891038157618432,2026-06-14 10:35:23.121339,2026-06-14 10:36:48.045774,0 days 00:01:24.924435,10,log2,4,8,452,ExtraTreesRegressor,8,True,-0.028441201766340213,-0.023527000976085004,598.0,-0.02598410137121261,0.0024571003951276054,0.030620222421781883,1.9639388980555033,2.880102944510738,2.901973370726126,598.0,2.891038157618432,0.010935213107694202,0.13627390164893602,1.9639388980555033,923427163956004.4,1013689029510931.6,598.0,968558096733468.0,45130932777463.68,562418695828933.1,1.9639388980555033,8.487528349612868,8.668856503778537,598.0,8.578192426695702,0.09066407708283548,1.1298497250853379,1.9639388980555033,2.614512468869612,2.6514680960694337,598.0,2.632990282469523,0.01847781359991105,0.23026928953308762,1.9639388980555033,599.0,0.8080133555926544,-0.05260018211091272,-0.04384791014568999,598.0,-0.048224046128301355,0.004376135982611364,0.05453511683984895,1.9639388980555033,ExtraTreesRegressor,"{'mode': 'original', 'type': 'ExtraTreesRegressor'}",8,"['nodes_T6W30', 're_T6W30', 'l1_T6W30', 'lcc_T6W30', 'atd_T6W30', 'density_T6W30', 'diameter_T6W30', 'asp_T6W30']",0.01143955486639128,0.029533767686127272,598.0,0.020486661276259276,0.009047106409867996,0.11274444100575703,1.9639388980555033,3.5141848938370837,3.5444872262552884,598.0,3.529336060046186,0.015151166209102573,0.1888128300300945,1.9639388980555033,completed,84.91457796096802,True,COMPLETE
227,2.838667392169601,2026-06-14 10:36:48.061716,2026-06-14 10:37:38.836552,0 days 00:00:50.774836,14,sqrt,4,12,269,ExtraTreesRegressor,2,False,-0.008753235776002947,-0.005989504213340324,598.0,-0.007371369994671636,0.0013818657813313116,0.017220719863673586,1.9639388980555033,2.829341066287544,2.847993718051658,598.0,2.838667392169601,0.00932632588205686,0.11622405557904414,1.9639388980555033,930163999786242.2,1020208738934654.0,598.0,975186369360448.1,45022369574205.9,561065788378685.6,1.9639388980555033,8.233346295727925,8.39519671547284,598.0,8.314271505600383,0.08092520987245717,1.0084846067900817,1.9639388980555033,2.545752685358879,2.568270002783306,598.0,2.5570113440710927,0.011258658712213265,0.1403046593547916,1.9639388980555033,599.0,0.39065108514190316,-0.00019170937789584415,0.004096055166205638,598.0,0.0019521728941548969,0.002143882272050741,0.02671691891242383,1.9639388980555033,ExtraTreesRegressor,"{'mode': 'original', 'type': 'ExtraTreesRegressor'}",2,"['lcc_T6W30', 'density_T6W30']",0.09318768718458463,0.11211705490551953,598.0,0.10265237104505208,0.009464683860467449,0.11794826354431955,1.9639388980555033,3.431050032053015,3.458861329809419,598.0,3.444955680931217,0.013905648878202,0.17329127552707674,1.9639388980555033,completed,50.76529002189636,False,COMPLETE
228,2.837635675957338,2026-06-14 10:37:38.852080,2026-06-14 10:38:25.967007,0 days 00:00:47.114927,2,sqrt,2,3,263,ExtraTreesRegressor,4,False,-0.008514592923469632,-0.005481656127856008,598.0,-0.00699812452566282,0.0015164683978068124,0.018898128757183445,1.9639388980555033,2.828108719339593,2.8471626325750825,598.0,2.837635675957338,0.009526956617744678,0.11872430252198099,1.9639388980555033,925968931455436.6,1015438546224099.9,598.0,970703738839768.2,44734807384331.68,557482207410035.0,1.9639388980555033,8.182181487734548,8.34267469062843,598.0,8.262428089181489,0.08024660144694128,1.0000278335268498,1.9639388980555033,2.5460295520364546,2.5750710124684018,598.0,2.560550282252428,0.014520730215973453,0.1809563784294231,1.9639388980555033,599.0,0.3722871452420701,0.0009526796120369932,0.0058048736971175515,598.0,0.003378776654577272,0.002426097042540279,0.030233860694793693,1.9639388980555033,ExtraTreesRegressor,"{'mode': 'original', 'type': 'ExtraTreesRegressor'}",4,"['lcc_T6W30', 'atd_T6W30', 'diameter_T6W30', 'asp_T6W30']",0.12716872730571682,0.14659317731119903,598.0,0.13688095230845793,0.009712225002741114,0.12103310486785364,1.9639388980555033,3.4284311507135996,3.456203725685631,598.0,3.4423174381996153,0.013886287486015721,0.17304999513970842,1.9639388980555033,completed,47.10578918457031,False,COMPLETE
229,2.9339441065313094,2026-06-14 10:38:25.982719,2026-06-14 10:38:27.046167,0 days 00:00:01.063448,11,sqrt,1,2,143,ExtraTreesRegressor,6,True,,,,,,,,,,,,,,,,,,,,,,,,,,,,,,,,,,,,,,,,,,,,,ExtraTreesRegressor,"{'mode': 'original', 'type': 'ExtraTreesRegressor'}",6,"['l1_T6W30', 'l3_T6W30', 'atd_T6W30', 'density_T6W30', 'diameter_T6W30', 'asp_T6W30']",,,,,,,,,,,,,,,pruned,,True,PRUNED
230,2.861561843493047,2026-06-14 10:38:27.051762,2026-06-14 10:39:20.937075,0 days 00:00:53.885313,7,log2,2,12,281,ExtraTreesRegressor,6,True,-0.017841139370240237,-0.013193798345696537,598.0,-0.015517468857968387,0.0023236705122718507,0.028957428056986166,1.9639388980555033,2.8509039275282455,2.8722197594578485,598.0,2.861561843493047,0.010657915964801338,0.1328182430160444,1.9639388980555033,913871677166372.9,1003222824233406.9,598.0,958547250699889.9,44675573533516.984,556744039083481.7,1.9639388980555033,8.42318729663589,8.60740596239505,598.0,8.51529662951547,0.09210933287958019,1.147860407123584,1.9639388980555033,2.5906508646081288,2.6243789232013293,598.0,2.607514893904729,0.01686402929660024,0.21015841640549976,1.9639388980555033,599.0,0.6928213689482471,-0.03520738224823181,-0.02677745976266117,598.0,-0.03099242100544649,0.00421496124278532,0.05252656790467612,1.9639388980555033,ExtraTreesRegressor,"{'mode': 'original', 'type': 'ExtraTreesRegressor'}",6,"['nodes_T6W30', 'l1_T6W30', 'lcc_T6W30', 'atd_T6W30', 'density_T6W30', 'asp_T6W30']",0.04104208229907586,0.05916487005481914,598.0,0.0501034761769475,0.00906139387787164,0.11292249048594237,1.9639388980555033,3.485333408120141,3.5150667085390417,598.0,3.5002000583295914,0.014866650209450443,0.18526721048228137,1.9639388980555033,completed,53.87635898590088,True,COMPLETE
