number,value,datetime_start,datetime_complete,duration,params_et_max_depth,params_et_max_features,params_et_min_samples_leaf,params_et_min_samples_split,params_et_n_estimators,params_regressor,params_rfe_n_features,params_use_scaler,user_attrs_d2mae_ci_lower_val,user_attrs_d2mae_ci_upper_val,user_attrs_d2mae_df_val,user_attrs_d2mae_mean_val,user_attrs_d2mae_samperror_val,user_attrs_d2mae_std_val,user_attrs_d2mae_t_critical_val,user_attrs_mae_ci_lower_val,user_attrs_mae_ci_upper_val,user_attrs_mae_df_val,user_attrs_mae_mean_val,user_attrs_mae_samperror_val,user_attrs_mae_std_val,user_attrs_mae_t_critical_val,user_attrs_mape_ci_lower_val,user_attrs_mape_ci_upper_val,user_attrs_mape_df_val,user_attrs_mape_mean_val,user_attrs_mape_samperror_val,user_attrs_mape_std_val,user_attrs_mape_t_critical_val,user_attrs_max_error_ci_lower_val,user_attrs_max_error_ci_upper_val,user_attrs_max_error_df_val,user_attrs_max_error_mean_val,user_attrs_max_error_samperror_val,user_attrs_max_error_std_val,user_attrs_max_error_t_critical_val,user_attrs_median_ae_ci_lower_val,user_attrs_median_ae_ci_upper_val,user_attrs_median_ae_df_val,user_attrs_median_ae_mean_val,user_attrs_median_ae_samperror_val,user_attrs_median_ae_std_val,user_attrs_median_ae_t_critical_val,user_attrs_n_splits_val,user_attrs_r2_below_zero_val,user_attrs_r2_ci_lower_val,user_attrs_r2_ci_upper_val,user_attrs_r2_df_val,user_attrs_r2_mean_val,user_attrs_r2_samperror_val,user_attrs_r2_std_val,user_attrs_r2_t_critical_val,user_attrs_regressor_final,user_attrs_rfe_estimator,user_attrs_rfe_n_features,user_attrs_rfe_selected_features,user_attrs_rho_ci_lower_val,user_attrs_rho_ci_upper_val,user_attrs_rho_df_val,user_attrs_rho_mean_val,user_attrs_rho_samperror_val,user_attrs_rho_std_val,user_attrs_rho_t_critical_val,user_attrs_rmse_ci_lower_val,user_attrs_rmse_ci_upper_val,user_attrs_rmse_df_val,user_attrs_rmse_mean_val,user_attrs_rmse_samperror_val,user_attrs_rmse_std_val,user_attrs_rmse_t_critical_val,user_attrs_termination_reason,user_attrs_trial_time_seconds,user_attrs_use_scaler_final,state
314,2.8974218440440267,2026-06-14 11:40:18.946647,2026-06-14 11:41:19.733289,0 days 00:01:00.786642,12,sqrt,2,4,313,ExtraTreesRegressor,7,False,-0.030777533458881203,-0.025655221108658022,598.0,-0.028216377283769613,0.002561156175111591,0.03191695866166034,1.9639388980555033,2.8861343066621963,2.908709381425857,598.0,2.8974218440440267,0.01128753738183032,0.14066454342329482,1.9639388980555033,919739020510240.4,1009908440992215.6,598.0,964823730751228.0,45084710240987.66,561842673640095.8,1.9639388980555033,8.598489735891778,8.779183413845274,598.0,8.688836574868526,0.0903468389767485,1.1258963248138998,1.9639388980555033,2.6137561207125977,2.649797414118301,598.0,2.6317767674154493,0.018020646702851858,0.22457210593424598,1.9639388980555033,599.0,0.8213689482470785,-0.0597431447939269,-0.050550133406750956,598.0,-0.05514663910033893,0.004596505693587975,0.05728134958577514,1.9639388980555033,ExtraTreesRegressor,"{'mode': 'original', 'type': 'ExtraTreesRegressor'}",7,"['nodes_T6W30', 'l1_T6W30', 'l2_T6W30', 'l3_T6W30', 'atd_T6W30', 'density_T6W30', 'asp_T6W30']",0.008075357699738833,0.02623888757787613,598.0,0.017157122638807483,0.00908176493906865,0.11317635330166498,1.9639388980555033,3.525505811816433,3.5562798156690136,598.0,3.5408928137427234,0.015387001926290063,0.19175179912130508,1.9639388980555033,completed,60.77828001976013,False,COMPLETE
315,2.8496802397302576,2026-06-14 11:41:19.748355,2026-06-14 11:42:26.291338,0 days 00:01:06.542983,10,sqrt,4,6,368,ExtraTreesRegressor,5,True,-0.013457237247257964,-0.00912860018234568,598.0,-0.011292918714801823,0.002164318532456141,0.02697159423636407,1.9639388980555033,2.8392735679506815,2.8600869115098337,598.0,2.8496802397302576,0.010406671779575969,0.1296872546164513,1.9639388980555033,917115179139479.6,1006678724055187.9,598.0,961896951597333.8,44781772457854.08,558067483046375.7,1.9639388980555033,8.414806634644371,8.59643831612194,598.0,8.505622475383156,0.0908158407387846,1.131740993716412,1.9639388980555033,2.58530427167525,2.6183447491590703,598.0,2.6018245104171602,0.016520238741909905,0.20587412127779528,1.9639388980555033,599.0,0.657762938230384,-0.027489532603211866,-0.019843502532816262,598.0,-0.023666517568014064,0.0038230150351978034,0.04764216021929932,1.9639388980555033,ExtraTreesRegressor,"{'mode': 'original', 'type': 'ExtraTreesRegressor'}",5,"['nodes_T6W30', 'l1_T6W30', 'lcc_T6W30', 'atd_T6W30', 'density_T6W30']",0.05207221956408334,0.06984901366098016,598.0,0.06096061661253175,0.008888397048448415,0.11076661545303508,1.9639388980555033,3.4733092308859392,3.5028540838147,598.0,3.4880816573503197,0.01477242646438039,0.18409300041045054,1.9639388980555033,completed,66.53444719314575,True,COMPLETE
316,2.8672205573625926,2026-06-14 11:42:26.306188,2026-06-14 11:43:03.218337,0 days 00:00:36.912149,11,sqrt,3,2,185,ExtraTreesRegressor,6,True,-0.019870782742395152,-0.015200952047183431,598.0,-0.01753586739478929,0.00233491534760586,0.029097560450317122,1.9639388980555033,2.85658150482327,2.877859609901915,598.0,2.8672205573625926,0.010639052539322355,0.13258316825680846,1.9639388980555033,919362678348534.9,1009392546899226.1,598.0,964377612623880.5,45014934275345.586,560973130176633.06,1.9639388980555033,8.449287648982743,8.628598362030463,598.0,8.538943005506603,0.08965535652385935,1.1172791162740243,1.9639388980555033,2.606159791820722,2.6403447549228534,598.0,2.623252273371788,0.0170924815510657,0.21300537327318056,1.9639388980555033,599.0,0.7262103505843072,-0.039025775912632434,-0.0307840846236276,598.0,-0.03490493026813002,0.004120845644502417,0.0513537055509456,1.9639388980555033,ExtraTreesRegressor,"{'mode': 'original', 'type': 'ExtraTreesRegressor'}",6,"['nodes_T6W30', 'l1_T6W30', 'lcc_T6W30', 'atd_T6W30', 'density_T6W30', 'asp_T6W30']",0.030352669962588473,0.04828676183673932,598.0,0.0393197158996639,0.008967045937075426,0.11174673269519603,1.9639388980555033,3.4920830324420624,3.5216982729609176,598.0,3.50689065270149,0.014807620259427558,0.18453158315389395,1.9639388980555033,completed,36.903470039367676,True,COMPLETE
317,2.892381095745327,2026-06-14 11:43:03.234186,2026-06-14 11:43:29.166119,0 days 00:00:25.931933,5,log2,1,2,121,ExtraTreesRegressor,10,True,-0.028887451958667175,-0.024035396988199294,598.0,-0.026461424473433234,0.0024260274852339393,0.030232993876247984,1.9639388980555033,2.88152220883476,2.903239982655894,598.0,2.892381095745327,0.010858886910567082,0.1353227296344446,1.9639388980555033,914249356708708.6,1003562293166597.4,598.0,958905824937653.0,44656468228944.375,556505950042997.56,1.9639388980555033,8.454241243691069,8.634333192919907,598.0,8.544287218305488,0.0900459746144197,1.1221469730529527,1.9639388980555033,2.574210945930689,2.6060548735997475,598.0,2.5901329097652184,0.015921963834529027,0.19841845899810154,1.9639388980555033,599.0,0.7796327212020033,-0.04951071890326775,-0.04056360610175387,598.0,-0.04503716250251081,0.00447355640075694,0.055749163639872194,1.9639388980555033,ExtraTreesRegressor,"{'mode': 'original', 'type': 'ExtraTreesRegressor'}",10,"['nodes_T6W30', 'pe_T6W30', 'l1_T6W30', 'l2_T6W30', 'l3_T6W30', 'lcc_T6W30', 'atd_T6W30', 'density_T6W30', 'diameter_T6W30', 'asp_T6W30']",0.022498867003513418,0.040549586986154254,598.0,0.031524226994833836,0.009025359991320417,0.11247343857780397,1.9639388980555033,3.5087613389934362,3.538890178300235,598.0,3.5238257586468356,0.015064419653399417,0.18773180019703545,1.9639388980555033,completed,25.922965049743652,True,COMPLETE
318,2.917853166875123,2026-06-14 11:43:29.180105,2026-06-14 11:43:30.369762,0 days 00:00:01.189657,6,,3,7,189,ExtraTreesRegressor,11,False,,,,,,,,,,,,,,,,,,,,,,,,,,,,,,,,,,,,,,,,,,,,,ExtraTreesRegressor,"{'mode': 'original', 'type': 'ExtraTreesRegressor'}",11,"['nodes_T6W30', 're_T6W30', 'pe_T6W30', 'l1_T6W30', 'l2_T6W30', 'l3_T6W30', 'lsc_T6W30', 'atd_T6W30', 'density_T6W30', 'diameter_T6W30', 'asp_T6W30']",,,,,,,,,,,,,,,pruned,,False,PRUNED
319,2.864525941550668,2026-06-14 11:43:30.375783,2026-06-14 11:44:55.991542,0 days 00:01:25.615759,8,sqrt,3,5,479,ExtraTreesRegressor,6,False,-0.018842995069805725,-0.01429484592541986,598.0,-0.016568920497612792,0.0022740745721929333,0.028339366735826776,1.9639388980555033,2.853941797873772,2.8751100852275644,598.0,2.864525941550668,0.010584143676896227,0.13189889764916496,1.9639388980555033,917204531493104.4,1006864313355033.4,598.0,962034422424068.9,44829890930964.46,558667132272006.9,1.9639388980555033,8.432832947075939,8.613849268133707,598.0,8.523341107604823,0.09050816052888354,1.1279067033143457,1.9639388980555033,2.6001401672512277,2.6338562774667063,598.0,2.616998222358967,0.016858055107739377,0.21008396645950972,1.9639388980555033,599.0,0.7111853088480802,-0.036322086382139816,-0.028137832273398437,598.0,-0.03222995932776913,0.004092127054370689,0.0509958163823885,1.9639388980555033,ExtraTreesRegressor,"{'mode': 'original', 'type': 'ExtraTreesRegressor'}",6,"['nodes_T6W30', 'l1_T6W30', 'lcc_T6W30', 'atd_T6W30', 'density_T6W30', 'asp_T6W30']",0.03565280248867563,0.0536541653183979,598.0,0.04465348390353677,0.009000681414861135,0.11216589579211453,1.9639388980555033,3.487575793995431,3.5172157433260276,598.0,3.502395768660729,0.014819974665298554,0.1846855429417842,1.9639388980555033,completed,85.60674500465393,False,COMPLETE
320,2.876696524199514,2026-06-14 11:44:56.010995,2026-06-14 11:45:24.789060,0 days 00:00:28.778065,18,sqrt,5,9,137,ExtraTreesRegressor,9,True,-0.023093381238636707,-0.01863009046435508,598.0,-0.020861735851495894,0.002231645387140813,0.027810617041248917,1.9639388980555033,2.8660305904528274,2.8873624579462005,598.0,2.876696524199514,0.010665933746686763,0.13291816008298554,1.9639388980555033,928376881621055.4,1018901852964505.4,598.0,973639367292780.4,45262485671725.01,564058099286154.1,1.9639388980555033,8.418684645476162,8.600499996971688,598.0,8.509592321223925,0.09090767574776346,1.1328854355172497,1.9639388980555033,2.599088375047463,2.633247491365489,598.0,2.616167933206476,0.017079558159012877,0.21284432281716908,1.9639388980555033,599.0,0.7228714524207012,-0.037019614275926635,-0.029323369889544024,598.0,-0.03317149208273533,0.0038481221931913057,0.04795504395968875,1.9639388980555033,ExtraTreesRegressor,"{'mode': 'original', 'type': 'ExtraTreesRegressor'}",9,"['nodes_T6W30', 're_T6W30', 'pe_T6W30', 'l1_T6W30', 'lcc_T6W30', 'atd_T6W30', 'density_T6W30', 'diameter_T6W30', 'asp_T6W30']",0.02107070988953067,0.03951057287713819,598.0,0.03029064138333443,0.009219931493803759,0.11489817575777207,1.9639388980555033,3.4893773479400325,3.5192698847009627,598.0,3.5043236163204976,0.014946268380465148,0.18625940685737458,1.9639388980555033,completed,28.769027948379517,True,COMPLETE
321,3.049738485082759,2026-06-14 11:45:24.804479,2026-06-14 11:45:25.957412,0 days 00:00:01.152933,15,,1,4,130,ExtraTreesRegressor,10,False,,,,,,,,,,,,,,,,,,,,,,,,,,,,,,,,,,,,,,,,,,,,,ExtraTreesRegressor,"{'mode': 'original', 'type': 'ExtraTreesRegressor'}",10,"['nodes_T6W30', 're_T6W30', 'pe_T6W30', 'l1_T6W30', 'l2_T6W30', 'l3_T6W30', 'lsc_T6W30', 'atd_T6W30', 'density_T6W30', 'asp_T6W30']",,,,,,,,,,,,,,,pruned,,False,PRUNED
322,2.831243256423678,2026-06-14 11:45:25.963114,2026-06-14 11:45:45.182785,0 days 00:00:19.219671,2,log2,5,3,87,ExtraTreesRegressor,4,True,-0.0062871761418090925,-0.0031783351299055945,598.0,-0.004732755635857343,0.0015544205059517487,0.01937108541580346,1.9639388980555033,2.8217058491639833,2.840780663683373,598.0,2.831243256423678,0.009537407259694567,0.11885453772994832,1.9639388980555033,923503190264867.5,1012910909886916.2,598.0,968207050075891.9,44703859811024.34,557096540800740.44,1.9639388980555033,8.238593027687813,8.408252002609132,598.0,8.323422515148472,0.08482948746065876,1.0571394555639357,1.9639388980555033,2.5329197652615654,2.56081346172232,598.0,2.5468666134919427,0.013946848230377385,0.1738046991257808,1.9639388980555033,599.0,0.35225375626043404,0.0034654475966622374,0.00825827136578741,598.0,0.0058618594812248235,0.002396411884562586,0.029863926221743612,1.9639388980555033,ExtraTreesRegressor,"{'mode': 'original', 'type': 'ExtraTreesRegressor'}",4,"['nodes_T6W30', 'lcc_T6W30', 'atd_T6W30', 'density_T6W30']",0.12847451867749154,0.14797225835632882,598.0,0.13822338851691018,0.009748869839418643,0.12148977039601065,1.9639388980555033,3.424076201079342,3.4523279430416682,598.0,3.438202072060505,0.014125870981163165,0.1760356687916886,1.9639388980555033,completed,19.21150279045105,True,COMPLETE
323,2.846046966133764,2026-06-14 11:45:45.197605,2026-06-14 11:46:16.351996,0 days 00:00:31.154391,3,log2,2,6,160,ExtraTreesRegressor,8,False,-0.011906720880477617,-0.008092514534597531,598.0,-0.009999617707537574,0.001907103172940042,0.0237661934581543,1.9639388980555033,2.8360458218520836,2.8560481104154443,598.0,2.846046966133764,0.0100011442816802,0.12463359779056803,1.9639388980555033,915617826219809.0,1004514086560820.5,598.0,960065956390314.8,44448130170505.81,553909654954298.25,1.9639388980555033,8.271571159173064,8.443286150306346,598.0,8.357428654739705,0.08585749556664167,1.0699504245088807,1.9639388980555033,2.5404956070106017,2.5703881956692785,598.0,2.55544190133994,0.014946294329338574,0.18625973023051695,1.9639388980555033,599.0,0.5225375626043406,-0.012795798529876133,-0.006110670178949267,598.0,-0.0094532343544127,0.0033425641754634334,0.04165481341939832,1.9639388980555033,ExtraTreesRegressor,"{'mode': 'original', 'type': 'ExtraTreesRegressor'}",8,"['nodes_T6W30', 'l1_T6W30', 'l3_T6W30', 'lcc_T6W30', 'atd_T6W30', 'density_T6W30', 'diameter_T6W30', 'asp_T6W30']",0.08779879105080311,0.10604383927288537,598.0,0.09692131516184424,0.009122524111041122,0.11368429140382784,1.9639388980555033,3.4496197252150447,3.478370763173541,598.0,3.463995244194293,0.014375518979248077,0.17914676561283238,1.9639388980555033,completed,31.14627194404602,False,COMPLETE
324,2.987541483711067,2026-06-14 11:46:16.366075,2026-06-14 11:46:18.472232,0 days 00:00:02.106157,15,,1,9,293,ExtraTreesRegressor,9,False,,,,,,,,,,,,,,,,,,,,,,,,,,,,,,,,,,,,,,,,,,,,,ExtraTreesRegressor,"{'mode': 'original', 'type': 'ExtraTreesRegressor'}",9,"['nodes_T6W30', 're_T6W30', 'l1_T6W30', 'l2_T6W30', 'l3_T6W30', 'lsc_T6W30', 'atd_T6W30', 'density_T6W30', 'asp_T6W30']",,,,,,,,,,,,,,,pruned,,False,PRUNED
325,2.876468436769683,2026-06-14 11:46:18.478772,2026-06-14 11:47:16.836704,0 days 00:00:58.357932,4,sqrt,1,5,323,ExtraTreesRegressor,12,True,-0.02285741737053257,-0.018788652360300025,598.0,-0.0208230348654163,0.002034382505116272,0.025352340067654,1.9639388980555033,2.866342151279488,2.8865947222598782,598.0,2.876468436769683,0.010126285490195201,0.12619309924458202,1.9639388980555033,918290839862675.9,1007333402605933.4,598.0,962812121234304.6,44521281371628.8,554821260378825.5,1.9639388980555033,8.336256716394871,8.512124743904174,598.0,8.424190730149522,0.08793401375465223,1.0958278566666566,1.9639388980555033,2.557480335259573,2.5884973137057967,598.0,2.572988824482685,0.015508489223111741,0.19326576576974872,1.9639388980555033,599.0,0.7111853088480802,-0.03131374288410329,-0.024241777554231687,598.0,-0.02777776021916749,0.0035359826649358,0.044065181827572936,1.9639388980555033,ExtraTreesRegressor,"{'mode': 'original', 'type': 'ExtraTreesRegressor'}",12,"['nodes_T6W30', 're_T6W30', 'pe_T6W30', 'l1_T6W30', 'l2_T6W30', 'l3_T6W30', 'lcc_T6W30', 'lsc_T6W30', 'atd_T6W30', 'density_T6W30', 'diameter_T6W30', 'asp_T6W30']",0.03533038258284582,0.05330699162515326,598.0,0.04431868710399954,0.00898830452115372,0.11201165576229591,1.9639388980555033,3.480711859167419,3.509540194247229,598.0,3.495126026707324,0.014414167539904921,0.17962840141653869,1.9639388980555033,completed,58.349498987197876,True,COMPLETE
326,2.8536885299847605,2026-06-14 11:47:16.851601,2026-06-14 11:48:01.565285,0 days 00:00:44.713684,2,,1,10,239,ExtraTreesRegressor,10,False,-0.01467413763913471,-0.010743679113584863,598.0,-0.012708908376359787,0.0019652292627749235,0.02449055694072991,1.9639388980555033,2.8435670984241495,2.8638099615453716,598.0,2.8536885299847605,0.010121431560610876,0.12613260989551578,1.9639388980555033,914907738400927.2,1003837204851877.8,598.0,959372471626402.5,44464733225475.29,554116561125920.1,1.9639388980555033,8.300815685711157,8.480051646373177,598.0,8.390433666042167,0.08961798033101034,1.1168133366336865,1.9639388980555033,2.5525389721913725,2.5836522999023264,598.0,2.5680956360468494,0.015556663855476854,0.1938661148482937,1.9639388980555033,599.0,0.5642737896494157,-0.016080334680878352,-0.009424106083817583,598.0,-0.012752220382347967,0.003328114298530385,0.041474740009889,1.9639388980555033,ExtraTreesRegressor,"{'mode': 'original', 'type': 'ExtraTreesRegressor'}",10,"['nodes_T6W30', 're_T6W30', 'l1_T6W30', 'l2_T6W30', 'l3_T6W30', 'lcc_T6W30', 'atd_T6W30', 'density_T6W30', 'diameter_T6W30', 'asp_T6W30']",0.07691066522500668,0.09532349154070217,598.0,0.08611707838285443,0.009206413157847742,0.11472971115023446,1.9639388980555033,3.4552477686873435,3.484190472317876,598.0,3.4697191205026097,0.014471351815266143,0.18034102806950786,1.9639388980555033,completed,44.70534706115723,False,COMPLETE
327,2.8773790098118353,2026-06-14 11:48:01.579465,2026-06-14 11:49:10.556974,0 days 00:01:08.977509,12,sqrt,5,11,376,ExtraTreesRegressor,11,True,-0.02323297096996513,-0.018964737871027464,598.0,-0.021098854420496298,0.002134116549468834,0.026595219124266867,1.9639388980555033,2.866851279638495,2.8879067399851754,598.0,2.8773790098118353,0.010527730173340048,0.13119587630339188,1.9639388980555033,925513371519401.5,1015696454590195.8,598.0,970604913054798.6,45091541535397.086,561927804778676.94,1.9639388980555033,8.421798926996411,8.599952588241694,598.0,8.510875757619052,0.08907683062264078,1.1100695648014014,1.9639388980555033,2.585713277458365,2.617346420558417,598.0,2.601529849008391,0.015816571550025957,0.19710506732740585,1.9639388980555033,599.0,0.7512520868113522,-0.03530318823892495,-0.02804273702809572,598.0,-0.03167296263351033,0.003630225605414617,0.045239631111316694,1.9639388980555033,ExtraTreesRegressor,"{'mode': 'original', 'type': 'ExtraTreesRegressor'}",11,"['nodes_T6W30', 're_T6W30', 'pe_T6W30', 'l1_T6W30', 'l2_T6W30', 'l3_T6W30', 'lcc_T6W30', 'atd_T6W30', 'density_T6W30', 'diameter_T6W30', 'asp_T6W30']",0.012188716926951379,0.03037497810661903,598.0,0.021281847516785204,0.009093130589833825,0.11331799128889904,1.9639388980555033,3.4870730175633646,3.5167939537890476,598.0,3.501933485676206,0.014860468112841422,0.18519016960370085,1.9639388980555033,completed,68.96898198127747,True,COMPLETE
328,2.9573163723937728,2026-06-14 11:49:10.571780,2026-06-14 11:49:13.851297,0 days 00:00:03.279517,18,,1,7,435,ExtraTreesRegressor,4,True,,,,,,,,,,,,,,,,,,,,,,,,,,,,,,,,,,,,,,,,,,,,,ExtraTreesRegressor,"{'mode': 'original', 'type': 'ExtraTreesRegressor'}",4,"['l3_T6W30', 'atd_T6W30', 'density_T6W30', 'asp_T6W30']",,,,,,,,,,,,,,,pruned,,True,PRUNED
329,2.911270099232684,2026-06-14 11:49:13.856867,2026-06-14 11:49:15.120356,0 days 00:00:01.263489,12,sqrt,1,12,225,ExtraTreesRegressor,11,False,,,,,,,,,,,,,,,,,,,,,,,,,,,,,,,,,,,,,,,,,,,,,ExtraTreesRegressor,"{'mode': 'original', 'type': 'ExtraTreesRegressor'}",11,"['nodes_T6W30', 're_T6W30', 'pe_T6W30', 'l1_T6W30', 'l2_T6W30', 'l3_T6W30', 'lcc_T6W30', 'atd_T6W30', 'density_T6W30', 'diameter_T6W30', 'asp_T6W30']",,,,,,,,,,,,,,,pruned,,False,PRUNED
330,2.880276983232989,2026-06-14 11:49:15.126508,2026-06-14 11:50:12.555738,0 days 00:00:57.429230,8,sqrt,2,4,302,ExtraTreesRegressor,7,False,-0.02449534571375051,-0.019788710569005736,598.0,-0.022142028141378122,0.0023533175723723858,0.029326887756813847,1.9639388980555033,2.8694446008773133,2.891109365588665,598.0,2.880276983232989,0.010832382355675824,0.13499243162644706,1.9639388980555033,916385776989510.1,1005890299500638.4,598.0,961138038245074.2,44752261255564.164,557699716397587.8,1.9639388980555033,8.500488734979117,8.680415408420318,598.0,8.590452071699717,0.0899633367206015,1.12111714509224,1.9639388980555033,2.5875117558971543,2.6209370123568365,598.0,2.6042243841269954,0.016712628229841278,0.20827166633690364,1.9639388980555033,599.0,0.7579298831385642,-0.04375711168038457,-0.03526833149536232,598.0,-0.039512721587873445,0.004244390092511122,0.05289330828126315,1.9639388980555033,ExtraTreesRegressor,"{'mode': 'original', 'type': 'ExtraTreesRegressor'}",7,"['nodes_T6W30', 'l1_T6W30', 'l2_T6W30', 'l3_T6W30', 'atd_T6W30', 'density_T6W30', 'asp_T6W30']",0.024420384589335067,0.042417728129565346,598.0,0.03341905635945021,0.008998671770115142,0.11214085173236299,1.9639388980555033,3.4996677191600085,3.5297832433930107,598.0,3.5147254812765096,0.015057762116501028,0.18764883441305116,1.9639388980555033,completed,57.42064690589905,False,COMPLETE
