number,value,datetime_start,datetime_complete,duration,params_dt_max_depth,params_dt_min_samples_leaf,params_dt_min_samples_split,params_elastic_alpha,params_elastic_l1_ratio,params_et_max_depth,params_et_max_features,params_et_min_samples_leaf,params_et_min_samples_split,params_et_n_estimators,params_knn_metric,params_knn_n_neighbors,params_knn_weights,params_quantile_alpha,params_regressor,params_rf_max_depth,params_rf_max_features,params_rf_min_samples_leaf,params_rf_min_samples_split,params_rf_n_estimators,params_rfe_n_features,params_rfe_proxy_et_max_depth,params_rfe_proxy_et_min_samples_leaf,params_rfe_proxy_et_min_samples_split,params_rfe_proxy_et_n_estimators,params_rfe_proxy_lsvr_C,params_rfe_proxy_lsvr_epsilon,params_rfe_proxy_type,params_use_scaler,params_xgb_booster,params_xgb_colsample_bytree,params_xgb_learning_rate,params_xgb_max_depth,params_xgb_n_estimators,params_xgb_reg_alpha,params_xgb_reg_lambda,params_xgb_subsample,user_attrs_d2mae_ci_lower_val,user_attrs_d2mae_ci_upper_val,user_attrs_d2mae_df_val,user_attrs_d2mae_mean_val,user_attrs_d2mae_samperror_val,user_attrs_d2mae_std_val,user_attrs_d2mae_t_critical_val,user_attrs_mae_ci_lower_val,user_attrs_mae_ci_upper_val,user_attrs_mae_df_val,user_attrs_mae_mean_val,user_attrs_mae_samperror_val,user_attrs_mae_std_val,user_attrs_mae_t_critical_val,user_attrs_mape_ci_lower_val,user_attrs_mape_ci_upper_val,user_attrs_mape_df_val,user_attrs_mape_mean_val,user_attrs_mape_samperror_val,user_attrs_mape_std_val,user_attrs_mape_t_critical_val,user_attrs_max_error_ci_lower_val,user_attrs_max_error_ci_upper_val,user_attrs_max_error_df_val,user_attrs_max_error_mean_val,user_attrs_max_error_samperror_val,user_attrs_max_error_std_val,user_attrs_max_error_t_critical_val,user_attrs_median_ae_ci_lower_val,user_attrs_median_ae_ci_upper_val,user_attrs_median_ae_df_val,user_attrs_median_ae_mean_val,user_attrs_median_ae_samperror_val,user_attrs_median_ae_std_val,user_attrs_median_ae_t_critical_val,user_attrs_n_splits_val,user_attrs_r2_below_zero_val,user_attrs_r2_ci_lower_val,user_attrs_r2_ci_upper_val,user_attrs_r2_df_val,user_attrs_r2_mean_val,user_attrs_r2_samperror_val,user_attrs_r2_std_val,user_attrs_r2_t_critical_val,user_attrs_regressor_final,user_attrs_rfe_estimator,user_attrs_rfe_n_features,user_attrs_rfe_selected_features,user_attrs_rho_ci_lower_val,user_attrs_rho_ci_upper_val,user_attrs_rho_df_val,user_attrs_rho_mean_val,user_attrs_rho_samperror_val,user_attrs_rho_std_val,user_attrs_rho_t_critical_val,user_attrs_rmse_ci_lower_val,user_attrs_rmse_ci_upper_val,user_attrs_rmse_df_val,user_attrs_rmse_mean_val,user_attrs_rmse_samperror_val,user_attrs_rmse_std_val,user_attrs_rmse_t_critical_val,user_attrs_termination_reason,user_attrs_use_scaler_final,state
173,2.8308575955634785,2026-06-12 11:40:30.421496,2026-06-12 11:40:32.873639,0 days 00:00:02.452143,,,,,,,,,,,,,,0.034990419505151894,QuantileRegressor,,,,,,4,,,,,,,,True,,,,,,,,,-0.0008710167252312757,5.380273699555165e-05,98.0,-0.00040860699411786203,0.0004624097311134137,0.002318465199358251,1.9844674545084815,2.805429745831736,2.856285445295221,98.0,2.8308575955634785,0.02542784973174255,0.12749209355003127,1.9844674545084815,813460468866446.8,1032935100287233.8,98.0,923197784576840.2,109737315710393.5,550209328278897.1,1.9844674545084815,8.622879029919044,8.932676525636513,98.0,8.777777777777779,0.154898747858735,0.7766431633476233,1.9844674545084815,2.487116641790159,2.684600529927013,98.0,2.585858585858586,0.09874194406842686,0.4950798948118973,1.9844674545084815,99.0,1.0,-0.026651425313173698,-0.02324709895330047,98.0,-0.024949262133237084,0.0017021631799366127,0.008534435654737748,1.9844674545084815,QuantileRegressor,"{'mode': 'original', 'type': 'QuantileRegressor'}",4,"['z_lsc_T6W40', 'z_density_T6W40', 'z_diameter_T6W40', 'z_asp_T6W40']",,,,,,,,3.4768582676552087,3.554941969341382,98.0,3.5159001184982954,0.03904185084308663,0.19575101129528585,1.9844674545084815,completed,True,COMPLETE
174,2.8485999987499264,2026-06-12 11:40:32.886529,2026-06-12 11:40:33.964183,0 days 00:00:01.077654,,,,,,6.0,sqrt,3.0,4.0,184.0,,,,,ExtraTreesRegressor,,,,,,4,,,,,,,,True,,,,,,,,,,,,,,,,,,,,,,,,,,,,,,,,,,,,,,,,,,,,,,,,,,,,,ExtraTreesRegressor,"{'mode': 'original', 'type': 'ExtraTreesRegressor'}",4,"['z_l1_T6W40', 'z_l2_T6W40', 'z_l3_T6W40', 'z_diameter_T6W40']",,,,,,,,,,,,,,,pruned,True,PRUNED
175,2.8308575955634785,2026-06-12 11:40:33.975046,2026-06-12 11:40:36.266477,0 days 00:00:02.291431,,,,,,,,,,,,,,4.772016736962022,QuantileRegressor,,,,,,2,,,,,,,,True,,,,,,,,,-0.0008710167252312757,5.380273699555165e-05,98.0,-0.00040860699411786203,0.0004624097311134137,0.002318465199358251,1.9844674545084815,2.805429745831736,2.856285445295221,98.0,2.8308575955634785,0.02542784973174255,0.12749209355003127,1.9844674545084815,813460468866446.8,1032935100287233.8,98.0,923197784576840.2,109737315710393.47,550209328278897.0,1.9844674545084815,8.622879029919044,8.932676525636513,98.0,8.777777777777779,0.154898747858735,0.7766431633476233,1.9844674545084815,2.487116641790159,2.684600529927013,98.0,2.585858585858586,0.09874194406842689,0.49507989481189746,1.9844674545084815,99.0,1.0,-0.026651425313173705,-0.023247098953300478,98.0,-0.02494926213323709,0.0017021631799366132,0.008534435654737752,1.9844674545084815,QuantileRegressor,"{'mode': 'original', 'type': 'QuantileRegressor'}",2,"['z_diameter_T6W40', 'z_asp_T6W40']",,,,,,,,3.4768582676552087,3.554941969341382,98.0,3.5159001184982954,0.03904185084308663,0.19575101129528585,1.9844674545084815,completed,True,COMPLETE
176,2.8308575955634785,2026-06-12 11:40:36.298874,2026-06-12 11:40:38.505308,0 days 00:00:02.206434,,,,,,,,,,,,,,0.07943032169131267,QuantileRegressor,,,,,,3,,,,,,,,True,,,,,,,,,-0.0008710167252312757,5.380273699555165e-05,98.0,-0.00040860699411786203,0.0004624097311134137,0.002318465199358251,1.9844674545084815,2.805429745831736,2.856285445295221,98.0,2.8308575955634785,0.02542784973174255,0.12749209355003127,1.9844674545084815,813460468866446.8,1032935100287233.8,98.0,923197784576840.2,109737315710393.47,550209328278897.0,1.9844674545084815,8.622879029919044,8.932676525636513,98.0,8.777777777777779,0.154898747858735,0.7766431633476233,1.9844674545084815,2.487116641790159,2.684600529927013,98.0,2.585858585858586,0.09874194406842689,0.49507989481189746,1.9844674545084815,99.0,1.0,-0.026651425313173705,-0.023247098953300478,98.0,-0.02494926213323709,0.0017021631799366132,0.008534435654737752,1.9844674545084815,QuantileRegressor,"{'mode': 'original', 'type': 'QuantileRegressor'}",3,"['z_density_T6W40', 'z_diameter_T6W40', 'z_asp_T6W40']",,,,,,,,3.4768582676552087,3.554941969341382,98.0,3.5159001184982954,0.03904185084308663,0.19575101129528585,1.9844674545084815,completed,True,COMPLETE
177,2.8308575955634785,2026-06-12 11:40:38.518998,2026-06-12 11:40:40.868246,0 days 00:00:02.349248,,,,,,,,,,,,,,0.16790490658139648,QuantileRegressor,,,,,,2,,,,,,,,False,,,,,,,,,-0.0008710167252312757,5.380273699555165e-05,98.0,-0.00040860699411786203,0.0004624097311134137,0.002318465199358251,1.9844674545084815,2.805429745831736,2.856285445295221,98.0,2.8308575955634785,0.02542784973174255,0.12749209355003127,1.9844674545084815,813460468866446.8,1032935100287233.8,98.0,923197784576840.2,109737315710393.47,550209328278897.0,1.9844674545084815,8.622879029919044,8.932676525636513,98.0,8.777777777777779,0.154898747858735,0.7766431633476233,1.9844674545084815,2.487116641790159,2.684600529927013,98.0,2.585858585858586,0.09874194406842689,0.49507989481189746,1.9844674545084815,99.0,1.0,-0.026651425313173705,-0.023247098953300478,98.0,-0.02494926213323709,0.0017021631799366132,0.008534435654737752,1.9844674545084815,QuantileRegressor,"{'mode': 'original', 'type': 'QuantileRegressor'}",2,"['z_diameter_T6W40', 'z_asp_T6W40']",,,,,,,,3.4768582676552087,3.554941969341382,98.0,3.5159001184982954,0.03904185084308663,0.19575101129528585,1.9844674545084815,completed,False,COMPLETE
178,2.9363773733547633,2026-06-12 11:40:40.901804,2026-06-12 11:40:41.169317,0 days 00:00:00.267513,,,,,,,,,,,euclidean,14.0,distance,,KNeighborsRegressor,,,,,,5,2.0,5.0,7.0,50.0,,,ExtraTrees,,,,,,,,,,,,,,,,,,,,,,,,,,,,,,,,,,,,,,,,,,,,,,,,,,,,,,KNeighborsRegressor,"{'mode': 'proxy', 'type': 'ExtraTrees'}",5,"['z_l1_T6W40', 'z_l2_T6W40', 'z_l3_T6W40', 'z_lsc_T6W40', 'z_density_T6W40']",,,,,,,,,,,,,,,pruned,True,PRUNED
179,2.8308575955634785,2026-06-12 11:40:41.179558,2026-06-12 11:40:43.382274,0 days 00:00:02.202716,,,,,,,,,,,,,,2.3217134537536372,QuantileRegressor,,,,,,2,,,,,,,,True,,,,,,,,,-0.0008710167252312757,5.380273699555165e-05,98.0,-0.00040860699411786203,0.0004624097311134137,0.002318465199358251,1.9844674545084815,2.805429745831736,2.856285445295221,98.0,2.8308575955634785,0.02542784973174255,0.12749209355003127,1.9844674545084815,813460468866446.8,1032935100287233.8,98.0,923197784576840.2,109737315710393.47,550209328278897.0,1.9844674545084815,8.622879029919044,8.932676525636513,98.0,8.777777777777779,0.154898747858735,0.7766431633476233,1.9844674545084815,2.487116641790159,2.684600529927013,98.0,2.585858585858586,0.09874194406842689,0.49507989481189746,1.9844674545084815,99.0,1.0,-0.026651425313173705,-0.023247098953300478,98.0,-0.02494926213323709,0.0017021631799366132,0.008534435654737752,1.9844674545084815,QuantileRegressor,"{'mode': 'original', 'type': 'QuantileRegressor'}",2,"['z_diameter_T6W40', 'z_asp_T6W40']",,,,,,,,3.4768582676552087,3.554941969341382,98.0,3.5159001184982954,0.03904185084308663,0.19575101129528585,1.9844674545084815,completed,True,COMPLETE
180,2.958497999637855,2026-06-12 11:40:43.395384,2026-06-12 11:40:47.741820,0 days 00:00:04.346436,,,,,,,,,,,,,,,RandomForestRegressor,15.0,,2.0,5.0,382.0,3,,,,,,,,True,,,,,,,,,,,,,,,,,,,,,,,,,,,,,,,,,,,,,,,,,,,,,,,,,,,,,RandomForestRegressor,"{'mode': 'original', 'type': 'RandomForestRegressor'}",3,"['z_re_T6W40', 'z_l3_T6W40', 'z_lsc_T6W40']",,,,,,,,,,,,,,,pruned,True,PRUNED
181,2.8308575955634785,2026-06-12 11:40:47.752101,2026-06-12 11:40:49.990515,0 days 00:00:02.238414,,,,,,,,,,,,,,0.1423920939127785,QuantileRegressor,,,,,,2,,,,,,,,True,,,,,,,,,-0.0008710167252312757,5.380273699555165e-05,98.0,-0.00040860699411786203,0.0004624097311134137,0.002318465199358251,1.9844674545084815,2.805429745831736,2.856285445295221,98.0,2.8308575955634785,0.02542784973174255,0.12749209355003127,1.9844674545084815,813460468866446.8,1032935100287233.8,98.0,923197784576840.2,109737315710393.47,550209328278897.0,1.9844674545084815,8.622879029919044,8.932676525636513,98.0,8.777777777777779,0.154898747858735,0.7766431633476233,1.9844674545084815,2.487116641790159,2.684600529927013,98.0,2.585858585858586,0.09874194406842689,0.49507989481189746,1.9844674545084815,99.0,1.0,-0.026651425313173705,-0.023247098953300478,98.0,-0.02494926213323709,0.0017021631799366132,0.008534435654737752,1.9844674545084815,QuantileRegressor,"{'mode': 'original', 'type': 'QuantileRegressor'}",2,"['z_diameter_T6W40', 'z_asp_T6W40']",,,,,,,,3.4768582676552087,3.554941969341382,98.0,3.5159001184982954,0.03904185084308663,0.19575101129528585,1.9844674545084815,completed,True,COMPLETE
182,2.8308575955634785,2026-06-12 11:40:50.003999,2026-06-12 11:40:52.376133,0 days 00:00:02.372134,,,,,,,,,,,,,,0.3342614632643684,QuantileRegressor,,,,,,2,,,,,,,,True,,,,,,,,,-0.0008710167252312757,5.380273699555165e-05,98.0,-0.00040860699411786203,0.0004624097311134137,0.002318465199358251,1.9844674545084815,2.805429745831736,2.856285445295221,98.0,2.8308575955634785,0.02542784973174255,0.12749209355003127,1.9844674545084815,813460468866446.8,1032935100287233.8,98.0,923197784576840.2,109737315710393.47,550209328278897.0,1.9844674545084815,8.622879029919044,8.932676525636513,98.0,8.777777777777779,0.154898747858735,0.7766431633476233,1.9844674545084815,2.487116641790159,2.684600529927013,98.0,2.585858585858586,0.09874194406842689,0.49507989481189746,1.9844674545084815,99.0,1.0,-0.026651425313173705,-0.023247098953300478,98.0,-0.02494926213323709,0.0017021631799366132,0.008534435654737752,1.9844674545084815,QuantileRegressor,"{'mode': 'original', 'type': 'QuantileRegressor'}",2,"['z_diameter_T6W40', 'z_asp_T6W40']",,,,,,,,3.4768582676552087,3.554941969341382,98.0,3.5159001184982954,0.03904185084308663,0.19575101129528585,1.9844674545084815,completed,True,COMPLETE
183,2.8308575955634785,2026-06-12 11:40:52.389434,2026-06-12 11:40:54.744993,0 days 00:00:02.355559,,,,,,,,,,,,,,0.1042641482925946,QuantileRegressor,,,,,,2,,,,,,,,True,,,,,,,,,-0.0008710167252312757,5.380273699555165e-05,98.0,-0.00040860699411786203,0.0004624097311134137,0.002318465199358251,1.9844674545084815,2.805429745831736,2.856285445295221,98.0,2.8308575955634785,0.02542784973174255,0.12749209355003127,1.9844674545084815,813460468866446.8,1032935100287233.8,98.0,923197784576840.2,109737315710393.47,550209328278897.0,1.9844674545084815,8.622879029919044,8.932676525636513,98.0,8.777777777777779,0.154898747858735,0.7766431633476233,1.9844674545084815,2.487116641790159,2.684600529927013,98.0,2.585858585858586,0.09874194406842689,0.49507989481189746,1.9844674545084815,99.0,1.0,-0.026651425313173705,-0.023247098953300478,98.0,-0.02494926213323709,0.0017021631799366132,0.008534435654737752,1.9844674545084815,QuantileRegressor,"{'mode': 'original', 'type': 'QuantileRegressor'}",2,"['z_diameter_T6W40', 'z_asp_T6W40']",,,,,,,,3.4768582676552087,3.554941969341382,98.0,3.5159001184982954,0.03904185084308663,0.19575101129528585,1.9844674545084815,completed,True,COMPLETE
184,2.8308575955634785,2026-06-12 11:40:54.757385,2026-06-12 11:40:56.913128,0 days 00:00:02.155743,,,,,,,,,,,,,,3.180772171351022,QuantileRegressor,,,,,,2,,,,,,,,True,,,,,,,,,-0.0008710167252312757,5.380273699555165e-05,98.0,-0.00040860699411786203,0.0004624097311134137,0.002318465199358251,1.9844674545084815,2.805429745831736,2.856285445295221,98.0,2.8308575955634785,0.02542784973174255,0.12749209355003127,1.9844674545084815,813460468866446.8,1032935100287233.8,98.0,923197784576840.2,109737315710393.47,550209328278897.0,1.9844674545084815,8.622879029919044,8.932676525636513,98.0,8.777777777777779,0.154898747858735,0.7766431633476233,1.9844674545084815,2.487116641790159,2.684600529927013,98.0,2.585858585858586,0.09874194406842689,0.49507989481189746,1.9844674545084815,99.0,1.0,-0.026651425313173705,-0.023247098953300478,98.0,-0.02494926213323709,0.0017021631799366132,0.008534435654737752,1.9844674545084815,QuantileRegressor,"{'mode': 'original', 'type': 'QuantileRegressor'}",2,"['z_diameter_T6W40', 'z_asp_T6W40']",,,,,,,,3.4768582676552087,3.554941969341382,98.0,3.5159001184982954,0.03904185084308663,0.19575101129528585,1.9844674545084815,completed,True,COMPLETE
185,2.8308575955634785,2026-06-12 11:40:56.930791,2026-06-12 11:40:59.382341,0 days 00:00:02.451550,,,,,,,,,,,,,,5.6523802667001135,QuantileRegressor,,,,,,3,,,,,,,,False,,,,,,,,,-0.0008710167252312757,5.380273699555165e-05,98.0,-0.00040860699411786203,0.0004624097311134137,0.002318465199358251,1.9844674545084815,2.805429745831736,2.856285445295221,98.0,2.8308575955634785,0.02542784973174255,0.12749209355003127,1.9844674545084815,813460468866446.8,1032935100287233.8,98.0,923197784576840.2,109737315710393.47,550209328278897.0,1.9844674545084815,8.622879029919044,8.932676525636513,98.0,8.777777777777779,0.154898747858735,0.7766431633476233,1.9844674545084815,2.487116641790159,2.684600529927013,98.0,2.585858585858586,0.09874194406842689,0.49507989481189746,1.9844674545084815,99.0,1.0,-0.026651425313173705,-0.023247098953300478,98.0,-0.02494926213323709,0.0017021631799366132,0.008534435654737752,1.9844674545084815,QuantileRegressor,"{'mode': 'original', 'type': 'QuantileRegressor'}",3,"['z_density_T6W40', 'z_diameter_T6W40', 'z_asp_T6W40']",,,,,,,,3.4768582676552087,3.554941969341382,98.0,3.5159001184982954,0.03904185084308663,0.19575101129528585,1.9844674545084815,completed,False,COMPLETE
186,2.8308575955634785,2026-06-12 11:40:59.395819,2026-06-12 11:41:01.803037,0 days 00:00:02.407218,,,,,,,,,,,,,,0.06547909715552964,QuantileRegressor,,,,,,2,,,,,,,,True,,,,,,,,,-0.0008710167252312757,5.380273699555165e-05,98.0,-0.00040860699411786203,0.0004624097311134137,0.002318465199358251,1.9844674545084815,2.805429745831736,2.856285445295221,98.0,2.8308575955634785,0.02542784973174255,0.12749209355003127,1.9844674545084815,813460468866446.8,1032935100287233.8,98.0,923197784576840.2,109737315710393.47,550209328278897.0,1.9844674545084815,8.622879029919044,8.932676525636513,98.0,8.777777777777779,0.154898747858735,0.7766431633476233,1.9844674545084815,2.487116641790159,2.684600529927013,98.0,2.585858585858586,0.09874194406842689,0.49507989481189746,1.9844674545084815,99.0,1.0,-0.026651425313173705,-0.023247098953300478,98.0,-0.02494926213323709,0.0017021631799366132,0.008534435654737752,1.9844674545084815,QuantileRegressor,"{'mode': 'original', 'type': 'QuantileRegressor'}",2,"['z_diameter_T6W40', 'z_asp_T6W40']",,,,,,,,3.4768582676552087,3.554941969341382,98.0,3.5159001184982954,0.03904185084308663,0.19575101129528585,1.9844674545084815,completed,True,COMPLETE
187,2.823829006969683,2026-06-12 11:41:01.820741,2026-06-12 11:41:02.031271,0 days 00:00:00.210530,,,,,,,,,,,,,,,LinearRegression,,,,,,3,,,,,,,,True,,,,,,,,,,,,,,,,,,,,,,,,,,,,,,,,,,,,,,,,,,,,,,,,,,,,,LinearRegression,"{'mode': 'original', 'type': 'LinearRegression'}",3,"['z_re_T6W40', 'z_l1_T6W40', 'z_asp_T6W40']",,,,,,,,,,,,,,,pruned,True,PRUNED
188,2.8308575955634785,2026-06-12 11:41:02.040977,2026-06-12 11:41:04.378771,0 days 00:00:02.337794,,,,,,,,,,,,,,0.5629554349682357,QuantileRegressor,,,,,,2,,,,,,,,False,,,,,,,,,-0.0008710167252312757,5.380273699555165e-05,98.0,-0.00040860699411786203,0.0004624097311134137,0.002318465199358251,1.9844674545084815,2.805429745831736,2.856285445295221,98.0,2.8308575955634785,0.02542784973174255,0.12749209355003127,1.9844674545084815,813460468866446.8,1032935100287233.8,98.0,923197784576840.2,109737315710393.47,550209328278897.0,1.9844674545084815,8.622879029919044,8.932676525636513,98.0,8.777777777777779,0.154898747858735,0.7766431633476233,1.9844674545084815,2.487116641790159,2.684600529927013,98.0,2.585858585858586,0.09874194406842689,0.49507989481189746,1.9844674545084815,99.0,1.0,-0.026651425313173705,-0.023247098953300478,98.0,-0.02494926213323709,0.0017021631799366132,0.008534435654737752,1.9844674545084815,QuantileRegressor,"{'mode': 'original', 'type': 'QuantileRegressor'}",2,"['z_diameter_T6W40', 'z_asp_T6W40']",,,,,,,,3.4768582676552087,3.554941969341382,98.0,3.5159001184982954,0.03904185084308663,0.19575101129528585,1.9844674545084815,completed,False,COMPLETE
189,2.8308575955634785,2026-06-12 11:41:04.392034,2026-06-12 11:41:06.767095,0 days 00:00:02.375061,,,,,,,,,,,,,,1.2224165078884146,QuantileRegressor,,,,,,4,,,,,,,,True,,,,,,,,,-0.0008710167252312757,5.380273699555165e-05,98.0,-0.00040860699411786203,0.0004624097311134137,0.002318465199358251,1.9844674545084815,2.805429745831736,2.856285445295221,98.0,2.8308575955634785,0.02542784973174255,0.12749209355003127,1.9844674545084815,813460468866446.8,1032935100287233.8,98.0,923197784576840.2,109737315710393.47,550209328278897.0,1.9844674545084815,8.622879029919044,8.932676525636513,98.0,8.777777777777779,0.154898747858735,0.7766431633476233,1.9844674545084815,2.487116641790159,2.684600529927013,98.0,2.585858585858586,0.09874194406842689,0.49507989481189746,1.9844674545084815,99.0,1.0,-0.026651425313173705,-0.023247098953300478,98.0,-0.02494926213323709,0.0017021631799366132,0.008534435654737752,1.9844674545084815,QuantileRegressor,"{'mode': 'original', 'type': 'QuantileRegressor'}",4,"['z_lsc_T6W40', 'z_density_T6W40', 'z_diameter_T6W40', 'z_asp_T6W40']",,,,,,,,3.4768582676552087,3.554941969341382,98.0,3.5159001184982954,0.03904185084308663,0.19575101129528585,1.9844674545084815,completed,True,COMPLETE
190,2.9362864055042315,2026-06-12 11:41:06.780113,2026-06-12 11:41:06.971963,0 days 00:00:00.191850,2.0,3.0,13.0,,,,,,,,,,,,DecisionTreeRegressor,,,,,,2,,,,,,,,False,,,,,,,,,,,,,,,,,,,,,,,,,,,,,,,,,,,,,,,,,,,,,,,,,,,,,DecisionTreeRegressor,"{'mode': 'original', 'type': 'DecisionTreeRegressor'}",2,"['z_lsc_T6W40', 'z_asp_T6W40']",,,,,,,,,,,,,,,pruned,False,PRUNED
191,2.8308575955634785,2026-06-12 11:41:06.981754,2026-06-12 11:41:09.143830,0 days 00:00:02.162076,,,,,,,,,,,,,,1.7677955314311733,QuantileRegressor,,,,,,2,,,,,,,,True,,,,,,,,,-0.0008710167252312757,5.380273699555165e-05,98.0,-0.00040860699411786203,0.0004624097311134137,0.002318465199358251,1.9844674545084815,2.805429745831736,2.856285445295221,98.0,2.8308575955634785,0.02542784973174255,0.12749209355003127,1.9844674545084815,813460468866446.8,1032935100287233.8,98.0,923197784576840.2,109737315710393.47,550209328278897.0,1.9844674545084815,8.622879029919044,8.932676525636513,98.0,8.777777777777779,0.154898747858735,0.7766431633476233,1.9844674545084815,2.487116641790159,2.684600529927013,98.0,2.585858585858586,0.09874194406842689,0.49507989481189746,1.9844674545084815,99.0,1.0,-0.026651425313173705,-0.023247098953300478,98.0,-0.02494926213323709,0.0017021631799366132,0.008534435654737752,1.9844674545084815,QuantileRegressor,"{'mode': 'original', 'type': 'QuantileRegressor'}",2,"['z_diameter_T6W40', 'z_asp_T6W40']",,,,,,,,3.4768582676552087,3.554941969341382,98.0,3.5159001184982954,0.03904185084308663,0.19575101129528585,1.9844674545084815,completed,True,COMPLETE
