number,value,datetime_start,datetime_complete,duration,params_dt_max_depth,params_dt_min_samples_leaf,params_dt_min_samples_split,params_elastic_alpha,params_elastic_l1_ratio,params_et_max_depth,params_et_max_features,params_et_min_samples_leaf,params_et_min_samples_split,params_et_n_estimators,params_knn_metric,params_knn_n_neighbors,params_knn_weights,params_quantile_alpha,params_regressor,params_rf_max_depth,params_rf_max_features,params_rf_min_samples_leaf,params_rf_min_samples_split,params_rf_n_estimators,params_rfe_n_features,params_rfe_proxy_et_max_depth,params_rfe_proxy_et_min_samples_leaf,params_rfe_proxy_et_min_samples_split,params_rfe_proxy_et_n_estimators,params_rfe_proxy_lsvr_C,params_rfe_proxy_lsvr_epsilon,params_rfe_proxy_type,params_use_scaler,params_xgb_booster,params_xgb_colsample_bytree,params_xgb_learning_rate,params_xgb_max_depth,params_xgb_n_estimators,params_xgb_reg_alpha,params_xgb_reg_lambda,params_xgb_subsample,user_attrs_d2mae_ci_lower_val,user_attrs_d2mae_ci_upper_val,user_attrs_d2mae_df_val,user_attrs_d2mae_mean_val,user_attrs_d2mae_samperror_val,user_attrs_d2mae_std_val,user_attrs_d2mae_t_critical_val,user_attrs_mae_ci_lower_val,user_attrs_mae_ci_upper_val,user_attrs_mae_df_val,user_attrs_mae_mean_val,user_attrs_mae_samperror_val,user_attrs_mae_std_val,user_attrs_mae_t_critical_val,user_attrs_mape_ci_lower_val,user_attrs_mape_ci_upper_val,user_attrs_mape_df_val,user_attrs_mape_mean_val,user_attrs_mape_samperror_val,user_attrs_mape_std_val,user_attrs_mape_t_critical_val,user_attrs_max_error_ci_lower_val,user_attrs_max_error_ci_upper_val,user_attrs_max_error_df_val,user_attrs_max_error_mean_val,user_attrs_max_error_samperror_val,user_attrs_max_error_std_val,user_attrs_max_error_t_critical_val,user_attrs_median_ae_ci_lower_val,user_attrs_median_ae_ci_upper_val,user_attrs_median_ae_df_val,user_attrs_median_ae_mean_val,user_attrs_median_ae_samperror_val,user_attrs_median_ae_std_val,user_attrs_median_ae_t_critical_val,user_attrs_n_splits_val,user_attrs_r2_below_zero_val,user_attrs_r2_ci_lower_val,user_attrs_r2_ci_upper_val,user_attrs_r2_df_val,user_attrs_r2_mean_val,user_attrs_r2_samperror_val,user_attrs_r2_std_val,user_attrs_r2_t_critical_val,user_attrs_regressor_final,user_attrs_rfe_estimator,user_attrs_rfe_n_features,user_attrs_rfe_selected_features,user_attrs_rho_ci_lower_val,user_attrs_rho_ci_upper_val,user_attrs_rho_df_val,user_attrs_rho_mean_val,user_attrs_rho_samperror_val,user_attrs_rho_std_val,user_attrs_rho_t_critical_val,user_attrs_rmse_ci_lower_val,user_attrs_rmse_ci_upper_val,user_attrs_rmse_df_val,user_attrs_rmse_mean_val,user_attrs_rmse_samperror_val,user_attrs_rmse_std_val,user_attrs_rmse_t_critical_val,user_attrs_termination_reason,user_attrs_use_scaler_final,state
26,2.8345386680369318,2026-06-12 11:34:54.560503,2026-06-12 11:34:56.861083,0 days 00:00:02.300580,,,,,,,,,,,,,,0.0010158231469556064,QuantileRegressor,,,,,,3,,,,,,,,False,,,,,,,,,-0.009357389669605677,0.005820123128290808,98.0,-0.0017686332706574345,0.007588756398948242,0.03804908598053152,1.9844674545084815,2.8019004551714186,2.867176880902445,98.0,2.8345386680369318,0.032638212865513376,0.1636439624999588,1.9844674545084815,848323778178367.5,1075345220552222.5,98.0,961834499365295.0,113510721186927.48,569128716630320.4,1.9844674545084815,8.574784739004102,8.895902548677519,98.0,8.73534364384081,0.16055890483670843,0.8050224903672736,1.9844674545084815,2.404311408577969,2.4965097909605283,98.0,2.4504105997692487,0.046099191191279386,0.23113564292471547,1.9844674545084815,99.0,0.5555555555555556,-0.033746471015461146,-0.007149857093939534,98.0,-0.02044816405470034,0.013298306960760805,0.066676066320381,1.9844674545084815,QuantileRegressor,"{'mode': 'original', 'type': 'QuantileRegressor'}",3,"['z_l1_T6W40', 'z_l2_T6W40', 'z_asp_T6W40']",0.12590083811788025,0.17331819608779667,97.0,0.14960951710283846,0.023708678984958213,0.11825525555365357,1.9847231860139845,3.4623837936111035,3.5496082263308524,98.0,3.505996009970978,0.043612216359874646,0.2186662587177522,1.9844674545084815,completed,False,COMPLETE
27,2.859478602588399,2026-06-12 11:34:56.874054,2026-06-12 11:34:59.062108,0 days 00:00:02.188054,,,,,,,,,,,,,,0.0071621029429151245,QuantileRegressor,,,,,,5,,,,,,,,True,,,,,,,,,-0.01908096240986324,-0.002172659148150546,98.0,-0.010626810779006894,0.008454151630856348,0.042388070638225514,1.9844674545084815,2.825399161698845,2.893558043477953,98.0,2.859478602588399,0.03407944088955412,0.17087010155640264,1.9844674545084815,860787124677194.5,1092799765635527.2,98.0,976793445156360.9,116006320479166.4,581641342817203.0,1.9844674545084815,8.808886390271226,9.246109863434096,98.0,9.027498126852661,0.21861173658143576,1.0960922085591231,1.9844674545084815,2.407864172973299,2.495006193893329,98.0,2.451435183433314,0.04357101046001522,0.2184596574323461,1.9844674545084815,99.0,0.7373737373737373,-0.06659823919725208,-0.03499767994837065,98.0,-0.050797959572811364,0.01580027962444072,0.07922064780338794,1.9844674545084815,QuantileRegressor,"{'mode': 'original', 'type': 'QuantileRegressor'}",5,"['z_re_T6W40', 'z_l1_T6W40', 'z_l2_T6W40', 'z_l3_T6W40', 'z_asp_T6W40']",0.06986524703410293,0.11870624867019317,98.0,0.09428574785214805,0.02442050081804511,0.1224413706891708,1.9844674545084815,3.510418757405946,3.604460950364992,98.0,3.557439853885469,0.04702109647952307,0.2357579620155157,1.9844674545084815,completed,True,COMPLETE
28,2.836494552843839,2026-06-12 11:34:59.124590,2026-06-12 11:35:01.301336,0 days 00:00:02.176746,,,,,,,,,,,,,,0.00015534948867460826,QuantileRegressor,,,,,,2,,,,,,,,True,,,,,,,,,-0.009421367242204853,0.004112239914967637,98.0,-0.0026545636636186075,0.006766803578586245,0.033927916201221105,1.9844674545084815,2.807477637763402,2.8655114679242755,98.0,2.836494552843839,0.029016915080436866,0.14548722330029482,1.9844674545084815,848544035413068.1,1074213239633966.4,98.0,961378637523517.2,112834602110449.1,565738739205617.5,1.9844674545084815,8.501877282211632,8.840572626053257,98.0,8.671224954132445,0.16934767192081163,0.8490882815016754,1.9844674545084815,2.418696575010263,2.5149170236191,98.0,2.4668067993146816,0.04811022430441848,0.24121871422242247,1.9844674545084815,99.0,0.5555555555555556,-0.03157308196149107,-0.007316049269010506,98.0,-0.01944456561525079,0.012128516346240282,0.06081088086294835,1.9844674545084815,QuantileRegressor,"{'mode': 'original', 'type': 'QuantileRegressor'}",2,"['z_l1_T6W40', 'z_asp_T6W40']",0.1163563386072338,0.164105901781727,95.0,0.1402311201944804,0.023874781587246596,0.11783100979349238,1.9852510035054978,3.4637281530252286,3.544068316909315,98.0,3.503898234967272,0.04017008194204307,0.2014078224819057,1.9844674545084815,completed,True,COMPLETE
29,2.8308575955634785,2026-06-12 11:35:01.314074,2026-06-12 11:35:03.477245,0 days 00:00:02.163171,,,,,,,,,,,,,,0.522260738812074,QuantileRegressor,,,,,,3,,,,,,,,False,,,,,,,,,-0.0008710167252312757,5.380273699555165e-05,98.0,-0.00040860699411786203,0.0004624097311134137,0.002318465199358251,1.9844674545084815,2.805429745831736,2.856285445295221,98.0,2.8308575955634785,0.02542784973174255,0.12749209355003127,1.9844674545084815,813460468866446.8,1032935100287233.8,98.0,923197784576840.2,109737315710393.47,550209328278897.0,1.9844674545084815,8.622879029919044,8.932676525636513,98.0,8.777777777777779,0.154898747858735,0.7766431633476233,1.9844674545084815,2.487116641790159,2.684600529927013,98.0,2.585858585858586,0.09874194406842689,0.49507989481189746,1.9844674545084815,99.0,1.0,-0.026651425313173705,-0.023247098953300478,98.0,-0.02494926213323709,0.0017021631799366132,0.008534435654737752,1.9844674545084815,QuantileRegressor,"{'mode': 'original', 'type': 'QuantileRegressor'}",3,"['z_density_T6W40', 'z_diameter_T6W40', 'z_asp_T6W40']",,,,,,,,3.4768582676552087,3.554941969341382,98.0,3.5159001184982954,0.03904185084308663,0.19575101129528585,1.9844674545084815,completed,False,COMPLETE
30,2.8830353930861103,2026-06-12 11:35:03.489417,2026-06-12 11:35:05.427168,0 days 00:00:01.937751,,,,,,,,,,,,,,,XGBRegressor,,,,,,4,,,,,,,,True,gblinear,0.9877207939898166,0.1487630406578026,10.0,50.0,5.092222138472368,0.0003486811621842339,0.5266320477783109,-0.02125202521314262,-0.0168062003668395,98.0,-0.01902911278999106,0.002222912423151559,0.011145407952139247,1.9844674545084815,2.8587110762049965,2.907359709967224,98.0,2.8830353930861103,0.024324316881113865,0.12195911632576151,1.9844674545084815,903167439361029.2,1147455529434120.0,98.0,1025311484397574.6,122144045036545.42,612415134612773.1,1.9844674545084815,8.071146616027248,8.387843307623319,98.0,8.229494961825283,0.1583483457980361,0.7939390207570037,1.9844674545084815,2.5324618867800806,2.551174425993653,98.0,2.5418181563868667,0.009356269606785955,0.04691117859244656,1.9844674545084815,99.0,1.0,-0.0023597841204371023,-0.0013248245433528983,98.0,-0.0018423043318950003,0.0005174797885421021,0.0025945796560493868,1.9844674545084815,XGBRegressor,"{'mode': 'original', 'type': 'XGBRegressor'}",4,"['z_lsc_T6W40', 'z_density_T6W40', 'z_diameter_T6W40', 'z_asp_T6W40']",,,,,,,,3.438656665230957,3.512665858701028,98.0,3.4756612619659926,0.037004596735035505,0.18553647117219382,1.9844674545084815,completed,True,COMPLETE
31,2.8308575955634785,2026-06-12 11:35:05.439999,2026-06-12 11:35:07.556939,0 days 00:00:02.116940,,,,,,,,,,,,,,0.05706364658140001,QuantileRegressor,,,,,,2,,,,,,,,False,,,,,,,,,-0.0008710167252312757,5.380273699555165e-05,98.0,-0.00040860699411786203,0.0004624097311134137,0.002318465199358251,1.9844674545084815,2.805429745831736,2.856285445295221,98.0,2.8308575955634785,0.02542784973174255,0.12749209355003127,1.9844674545084815,813460468866446.8,1032935100287233.8,98.0,923197784576840.2,109737315710393.47,550209328278897.0,1.9844674545084815,8.622879029919044,8.932676525636513,98.0,8.777777777777779,0.154898747858735,0.7766431633476233,1.9844674545084815,2.487116641790159,2.684600529927013,98.0,2.585858585858586,0.09874194406842689,0.49507989481189746,1.9844674545084815,99.0,1.0,-0.026651425313173705,-0.023247098953300478,98.0,-0.02494926213323709,0.0017021631799366132,0.008534435654737752,1.9844674545084815,QuantileRegressor,"{'mode': 'original', 'type': 'QuantileRegressor'}",2,"['z_diameter_T6W40', 'z_asp_T6W40']",,,,,,,,3.4768582676552087,3.554941969341382,98.0,3.5159001184982954,0.03904185084308663,0.19575101129528585,1.9844674545084815,completed,False,COMPLETE
32,2.8308575955634785,2026-06-12 11:35:07.569265,2026-06-12 11:35:09.755879,0 days 00:00:02.186614,,,,,,,,,,,,,,0.18055598601633718,QuantileRegressor,,,,,,2,,,,,,,,False,,,,,,,,,-0.0008710167252312757,5.380273699555165e-05,98.0,-0.00040860699411786203,0.0004624097311134137,0.002318465199358251,1.9844674545084815,2.805429745831736,2.856285445295221,98.0,2.8308575955634785,0.02542784973174255,0.12749209355003127,1.9844674545084815,813460468866446.8,1032935100287233.8,98.0,923197784576840.2,109737315710393.47,550209328278897.0,1.9844674545084815,8.622879029919044,8.932676525636513,98.0,8.777777777777779,0.154898747858735,0.7766431633476233,1.9844674545084815,2.487116641790159,2.684600529927013,98.0,2.585858585858586,0.09874194406842689,0.49507989481189746,1.9844674545084815,99.0,1.0,-0.026651425313173705,-0.023247098953300478,98.0,-0.02494926213323709,0.0017021631799366132,0.008534435654737752,1.9844674545084815,QuantileRegressor,"{'mode': 'original', 'type': 'QuantileRegressor'}",2,"['z_diameter_T6W40', 'z_asp_T6W40']",,,,,,,,3.4768582676552087,3.554941969341382,98.0,3.5159001184982954,0.03904185084308663,0.19575101129528585,1.9844674545084815,completed,False,COMPLETE
33,2.8394541034630847,2026-06-12 11:35:09.768988,2026-06-12 11:35:11.450013,0 days 00:00:01.681025,,,,0.0015982363229020825,0.041994011296772604,,,,,,,,,,ElasticNet,,,,,,2,,,,,,,,False,,,,,,,,,-0.008434536446655021,0.0010115810977277965,98.0,-0.003711477674463613,0.004723058772191409,0.023680832519425855,1.9844674545084815,2.813905177792542,2.8650030291336273,98.0,2.8394541034630847,0.02554892567054263,0.1280991533320815,1.9844674545084815,913060044842976.5,1155988043996895.5,98.0,1034524044419936.0,121463999576959.55,609005470788798.0,1.9844674545084815,8.073584119275823,8.407526608415084,98.0,8.240555363845454,0.16697124456962967,0.8371731686876521,1.9844674545084815,2.4830994770225985,2.546664584594649,98.0,2.5148820308086237,0.03178255378602502,0.15935379370629624,1.9844674545084815,99.0,0.3838383838383838,-0.0003403672653259082,0.014645216429635378,98.0,0.007152424582154735,0.007492791847480643,0.0375679315887026,1.9844674545084815,ElasticNet,"{'mode': 'original', 'type': 'ElasticNet'}",2,"['z_l1_T6W40', 'z_asp_T6W40']",0.12456897536273198,0.17204348856549045,98.0,0.14830623196411122,0.023737256601379243,0.11901566869283009,1.9844674545084815,3.4216370810618937,3.496327351483818,98.0,3.458982216272856,0.03734513521096203,0.18724388897150587,1.9844674545084815,completed,False,COMPLETE
34,2.8843651919009536,2026-06-12 11:35:11.467045,2026-06-12 11:35:35.473790,0 days 00:00:24.006745,,,,,,2.0,sqrt,1.0,7.0,495.0,,,,,ExtraTreesRegressor,,,,,,3,,,,,,,,False,,,,,,,,,-0.02179998407036976,-0.017119160360590226,98.0,-0.019459572215479993,0.002340411854889768,0.011734535570136094,1.9844674545084815,2.859430812982895,2.9092995708190124,98.0,2.8843651919009536,0.024934378918058525,0.12501789192440674,1.9844674545084815,903369766661041.5,1147494815330423.2,98.0,1025432290995732.4,122062524334690.81,612006399896438.1,1.9844674545084815,8.130560766634053,8.437117634570852,98.0,8.283839200602452,0.15327843396839985,0.7685191099075424,1.9844674545084815,2.5393563855704526,2.558916653985828,98.0,2.5491365197781404,0.009780134207687544,0.04903638327631854,1.9844674545084815,99.0,0.7474747474747475,-0.007513678729950402,-0.0035754558656810606,98.0,-0.0055445672978157315,0.001969111432134671,0.009872881174170189,1.9844674545084815,ExtraTreesRegressor,"{'mode': 'original', 'type': 'ExtraTreesRegressor'}",3,"['z_pe_T6W40', 'z_l1_T6W40', 'z_l2_T6W40']",-0.01833359137117875,0.0306247412415274,98.0,0.006145574935174324,0.024479166306353075,0.12273551219159523,1.9844674545084815,3.4446572395941244,3.5195462864905513,98.0,3.482101763042338,0.03744452344821348,0.18774220930040167,1.9844674545084815,completed,False,COMPLETE
35,2.8518344879514412,2026-06-12 11:35:35.486382,2026-06-12 11:35:37.557457,0 days 00:00:02.071075,,,,,,,,,,,,,,0.010540607413037027,QuantileRegressor,,,,,,2,,,,,,,,False,,,,,,,,,-0.011283875476311142,-0.004715583738311518,98.0,-0.00799972960731133,0.0032841458689998127,0.01646630119257746,1.9844674545084815,2.8268450108617427,2.87682396504114,98.0,2.8518344879514412,0.024989477089698644,0.1252941473422767,1.9844674545084815,831748520742583.1,1052521847779261.6,98.0,942135184260922.4,110386663518339.28,553465077874341.1,1.9844674545084815,8.56115109741141,8.871070532549703,98.0,8.716110814980556,0.15495971756914786,0.7769488579346874,1.9844674545084815,2.531552882906845,2.6775851240088056,98.0,2.6045690034578253,0.07301612055098033,0.36609379755478083,1.9844674545084815,99.0,0.8383838383838383,-0.031948556090628875,-0.020259332569111877,98.0,-0.026103944329870378,0.0058446117607585,0.029304160486525403,1.9844674545084815,QuantileRegressor,"{'mode': 'original', 'type': 'QuantileRegressor'}",2,"['z_l1_T6W40', 'z_asp_T6W40']",0.026366592681432793,0.09535148221244884,47.0,0.060859037446940815,0.03449244476550802,0.11878801744735995,2.0117405137297655,3.4790657559182776,3.5547638493244875,98.0,3.5169148026213826,0.03784904670310491,0.1897704388675837,1.9844674545084815,completed,False,COMPLETE
36,2.8560051955233865,2026-06-12 11:35:37.569901,2026-06-12 11:35:39.357093,0 days 00:00:01.787192,,,,,,,,,,,,,,,LinearRegression,,,,,,3,,,,,,,,False,,,,,,,,,-0.01466081325864779,-0.004556851582829645,98.0,-0.009608832420738718,0.005051980837909073,0.025330007074708713,1.9844674545084815,2.830436767909934,2.881573623136839,98.0,2.8560051955233865,0.02556842761345266,0.12819693366176424,1.9844674545084815,915439041014010.8,1160064630834611.5,98.0,1037751835924311.1,122312794910300.33,613261225608208.8,1.9844674545084815,8.068304259958518,8.398668663434142,98.0,8.23348646169633,0.16518220173781234,0.8282031292039621,1.9844674545084815,2.492320147682162,2.552115809636067,98.0,2.5222179786591146,0.029897830976952505,0.14990402665068117,1.9844674545084815,99.0,0.46464646464646464,-0.011666089109135542,0.004264122712902544,98.0,-0.0037009831981164995,0.007965105911019043,0.039936055885837436,1.9844674545084815,LinearRegression,"{'mode': 'original', 'type': 'LinearRegression'}",3,"['z_l1_T6W40', 'z_lsc_T6W40', 'z_asp_T6W40']",0.07854754542785974,0.12332644169384033,98.0,0.10093699356085004,0.022389448132990285,0.11225792373396865,1.9844674545084815,3.4404744270017655,3.5147344448734152,98.0,3.4776044359375904,0.03713000893582488,0.1861652724355344,1.9844674545084815,completed,False,COMPLETE
37,3.0719060643092715,2026-06-12 11:35:39.369002,2026-06-12 11:35:41.081307,0 days 00:00:01.712305,3.0,1.0,19.0,,,,,,,,,,,,DecisionTreeRegressor,,,,,,4,,,,,,,,False,,,,,,,,,-0.100194597999421,-0.07174388990298487,98.0,-0.08596924395120294,0.014225354048218062,0.07132416575648244,1.9844674545084815,3.0263523224200486,3.1174598061984944,98.0,3.0719060643092715,0.045553741889222725,0.22840082758727084,1.9844674545084815,937446869735487.0,1201883258776732.2,98.0,1069665064256109.6,132218194520622.64,662925674120077.1,1.9844674545084815,8.814010071501873,9.227288103575692,98.0,9.020649087538782,0.2066390160369095,1.0360624685766022,1.9844674545084815,2.631459939360865,2.759897671849293,98.0,2.695678805605079,0.06421886624421394,0.32198545253567507,1.9844674545084815,99.0,0.9393939393939394,-0.2090472072404039,-0.14906684624506464,98.0,-0.17905702674273427,0.029990180497669636,0.15036705572544684,1.9844674545084815,DecisionTreeRegressor,"{'mode': 'original', 'type': 'DecisionTreeRegressor'}",4,"['z_l1_T6W40', 'z_lsc_T6W40', 'z_density_T6W40', 'z_asp_T6W40']",-0.03965803569982151,0.013879662250264059,98.0,-0.012889186724778725,0.026768848975042784,0.1342156978964865,1.9844674545084815,3.7061187579073676,3.8156193874578963,98.0,3.760869072682632,0.05475031477526444,0.27451130657375183,1.9844674545084815,completed,False,COMPLETE
38,2.8943310951851666,2026-06-12 11:35:41.094047,2026-06-12 11:36:19.935105,0 days 00:00:38.841058,,,,,,,,,,,,,,,RandomForestRegressor,2.0,sqrt,1.0,2.0,479.0,2,,,,,,,,False,,,,,,,,,-0.02770680086919792,-0.018328831796871788,98.0,-0.023017816333034853,0.004688984536163067,0.023509988514399817,1.9844674545084815,2.867250775194377,2.9214114151759563,98.0,2.8943310951851666,0.02708031999078956,0.1357773750456219,1.9844674545084815,884197048555243.5,1121062128526541.8,98.0,1002629588540892.6,118432539985649.06,593806107339436.9,1.9844674545084815,8.238099390181615,8.506389890451862,98.0,8.372244640316739,0.13414525013512313,0.6725876926262394,1.9844674545084815,2.5194807267633603,2.6011877761058635,98.0,2.560334251434612,0.04085352467125142,0.20483451979558168,1.9844674545084815,99.0,0.6868686868686869,-0.036260301769760556,-0.021116295643908482,98.0,-0.02868829870683452,0.007572003062926037,0.037965086825827075,1.9844674545084815,RandomForestRegressor,"{'mode': 'original', 'type': 'RandomForestRegressor'}",2,"['z_l1_T6W40', 'z_l3_T6W40']",-0.02401706324363797,0.024674480053336195,98.0,0.0003287084048491113,0.024345771648487082,0.12206668787577055,1.9844674545084815,3.4823869214264156,3.559734307341143,98.0,3.5210606143837793,0.0386736929573636,0.19390511319131884,1.9844674545084815,completed,False,COMPLETE
39,2.8495499998550557,2026-06-12 11:36:19.948132,2026-06-12 11:36:21.608246,0 days 00:00:01.660114,,,,0.03879333454329101,0.5262173782558855,,,,,,,,,,ElasticNet,,,,,,4,,,,,,,,False,,,,,,,,,-0.011795229528951904,-0.002571330059671982,98.0,-0.007183279794311943,0.0046119497346399614,0.02312374554749524,1.9844674545084815,2.8228809694586254,2.876219030251486,98.0,2.8495499998550557,0.026669030396430423,0.1337152198892332,1.9844674545084815,899146759157470.0,1141204306324120.8,98.0,1020175532740795.4,121028773583325.36,606823301486981.4,1.9844674545084815,8.124357039862252,8.447194978524093,98.0,8.285776009193173,0.1614189693309199,0.8093347473654809,1.9844674545084815,2.489350385038553,2.545068982306062,98.0,2.5172096836723075,0.027859298633754682,0.13968307761466017,1.9844674545084815,99.0,0.41414141414141414,-0.0013314237999040865,0.01272150723907093,98.0,0.005695041719583422,0.0070264655194875085,0.03522982905700775,1.9844674545084815,ElasticNet,"{'mode': 'original', 'type': 'ElasticNet'}",4,"['z_re_T6W40', 'z_l1_T6W40', 'z_l2_T6W40', 'z_asp_T6W40']",0.10087797100083784,0.15478755229780428,98.0,0.12783276164932106,0.026954790648483214,0.1351479864492037,1.9844674545084815,3.4231075436197793,3.501058043488568,98.0,3.4620827935541736,0.03897524993439436,0.19541708257653492,1.9844674545084815,completed,False,COMPLETE
