number,value,datetime_start,datetime_complete,duration,params_dt_max_depth,params_dt_min_samples_leaf,params_dt_min_samples_split,params_elastic_alpha,params_elastic_l1_ratio,params_et_max_depth,params_et_max_features,params_et_min_samples_leaf,params_et_min_samples_split,params_et_n_estimators,params_knn_metric,params_knn_n_neighbors,params_knn_weights,params_quantile_alpha,params_regressor,params_rf_max_depth,params_rf_max_features,params_rf_min_samples_leaf,params_rf_min_samples_split,params_rf_n_estimators,params_rfe_n_features,params_rfe_proxy_et_max_depth,params_rfe_proxy_et_min_samples_leaf,params_rfe_proxy_et_min_samples_split,params_rfe_proxy_et_n_estimators,params_rfe_proxy_lsvr_C,params_rfe_proxy_lsvr_epsilon,params_rfe_proxy_type,params_use_scaler,params_xgb_booster,params_xgb_colsample_bytree,params_xgb_learning_rate,params_xgb_max_depth,params_xgb_n_estimators,params_xgb_reg_alpha,params_xgb_reg_lambda,params_xgb_subsample,user_attrs_d2mae_ci_lower_val,user_attrs_d2mae_ci_upper_val,user_attrs_d2mae_df_val,user_attrs_d2mae_mean_val,user_attrs_d2mae_samperror_val,user_attrs_d2mae_std_val,user_attrs_d2mae_t_critical_val,user_attrs_mae_ci_lower_val,user_attrs_mae_ci_upper_val,user_attrs_mae_df_val,user_attrs_mae_mean_val,user_attrs_mae_samperror_val,user_attrs_mae_std_val,user_attrs_mae_t_critical_val,user_attrs_mape_ci_lower_val,user_attrs_mape_ci_upper_val,user_attrs_mape_df_val,user_attrs_mape_mean_val,user_attrs_mape_samperror_val,user_attrs_mape_std_val,user_attrs_mape_t_critical_val,user_attrs_max_error_ci_lower_val,user_attrs_max_error_ci_upper_val,user_attrs_max_error_df_val,user_attrs_max_error_mean_val,user_attrs_max_error_samperror_val,user_attrs_max_error_std_val,user_attrs_max_error_t_critical_val,user_attrs_median_ae_ci_lower_val,user_attrs_median_ae_ci_upper_val,user_attrs_median_ae_df_val,user_attrs_median_ae_mean_val,user_attrs_median_ae_samperror_val,user_attrs_median_ae_std_val,user_attrs_median_ae_t_critical_val,user_attrs_n_splits_val,user_attrs_r2_below_zero_val,user_attrs_r2_ci_lower_val,user_attrs_r2_ci_upper_val,user_attrs_r2_df_val,user_attrs_r2_mean_val,user_attrs_r2_samperror_val,user_attrs_r2_std_val,user_attrs_r2_t_critical_val,user_attrs_regressor_final,user_attrs_rfe_estimator,user_attrs_rfe_n_features,user_attrs_rfe_selected_features,user_attrs_rho_ci_lower_val,user_attrs_rho_ci_upper_val,user_attrs_rho_df_val,user_attrs_rho_mean_val,user_attrs_rho_samperror_val,user_attrs_rho_std_val,user_attrs_rho_t_critical_val,user_attrs_rmse_ci_lower_val,user_attrs_rmse_ci_upper_val,user_attrs_rmse_df_val,user_attrs_rmse_mean_val,user_attrs_rmse_samperror_val,user_attrs_rmse_std_val,user_attrs_rmse_t_critical_val,user_attrs_termination_reason,user_attrs_use_scaler_final,state
12,2.831612163300036,2026-06-12 11:33:58.142649,2026-06-12 11:34:00.283971,0 days 00:00:02.141322,,,,,,,,,,,,,,0.03445970692877745,QuantileRegressor,,,,,,2,,,,,,,,True,,,,,,,,,-0.001351013702705272,1.724998877214597e-05,98.0,-0.0006668818569665631,0.000684131845738709,0.0034301524587269077,1.9844674545084815,2.806032505314917,2.857191821285155,98.0,2.831612163300036,0.025579657985118954,0.1282532413562876,1.9844674545084815,813651743969979.5,1033069821484646.8,98.0,923360782727313.1,109709038757333.66,550067551133647.06,1.9844674545084815,8.621076453473307,8.930747298915026,98.0,8.775911876194167,0.15483542272086015,0.7763256589385922,1.9844674545084815,2.4921077448593527,2.688270157075422,98.0,2.5901889509673874,0.09808120610803465,0.49176703640086056,1.9844674545084815,99.0,1.0,-0.02686120604648023,-0.02335275292668486,98.0,-0.025106979486582547,0.0017542265598976833,0.008795475002482579,1.9844674545084815,QuantileRegressor,"{'mode': 'original', 'type': 'QuantileRegressor'}",2,"['z_diameter_T6W40', 'z_asp_T6W40']",-0.8506435785622463,0.7419720431390605,1.0,-0.05433576771159286,0.7963078108506534,0.08862987251594213,12.706204736174694,3.4770810120683575,3.5552840116099564,98.0,3.516182511839157,0.03910149977079956,0.19605008364125157,1.9844674545084815,completed,True,COMPLETE
13,2.8308575955634785,2026-06-12 11:34:00.296280,2026-06-12 11:34:02.560055,0 days 00:00:02.263775,,,,,,,,,,,,,,3.105159811005672,QuantileRegressor,,,,,,3,,,,,,,,True,,,,,,,,,-0.0008710167252312757,5.380273699555165e-05,98.0,-0.00040860699411786203,0.0004624097311134137,0.002318465199358251,1.9844674545084815,2.805429745831736,2.856285445295221,98.0,2.8308575955634785,0.02542784973174255,0.12749209355003127,1.9844674545084815,813460468866446.8,1032935100287233.8,98.0,923197784576840.2,109737315710393.47,550209328278897.0,1.9844674545084815,8.622879029919044,8.932676525636513,98.0,8.777777777777779,0.154898747858735,0.7766431633476233,1.9844674545084815,2.487116641790159,2.684600529927013,98.0,2.585858585858586,0.09874194406842689,0.49507989481189746,1.9844674545084815,99.0,1.0,-0.026651425313173705,-0.023247098953300478,98.0,-0.02494926213323709,0.0017021631799366132,0.008534435654737752,1.9844674545084815,QuantileRegressor,"{'mode': 'original', 'type': 'QuantileRegressor'}",3,"['z_density_T6W40', 'z_diameter_T6W40', 'z_asp_T6W40']",,,,,,,,3.4768582676552087,3.554941969341382,98.0,3.5159001184982954,0.03904185084308663,0.19575101129528585,1.9844674545084815,completed,True,COMPLETE
14,2.8425263701405457,2026-06-12 11:34:02.572343,2026-06-12 11:34:04.263241,0 days 00:00:01.690898,,,,,,,,,,,,,,,LinearRegression,,,,,,3,,,,,,,,True,,,,,,,,,-0.011325250632428664,0.0016317755735509231,98.0,-0.004846737529438871,0.006478513102989794,0.03248246341334957,1.9844674545084815,2.8146583055679724,2.870394434713119,98.0,2.8425263701405457,0.027868064572573282,0.13972702894769481,1.9844674545084815,896944824867043.6,1136581890722426.0,98.0,1016763357794734.8,119818532927691.14,600755304526406.5,1.9844674545084815,8.087392355790008,8.431065158406938,98.0,8.259228757098473,0.17183640130846456,0.8615664628366575,1.9844674545084815,2.46221480062394,2.5248960178891666,98.0,2.4935554092565533,0.03134060863261353,0.15713793536840526,1.9844674545084815,99.0,0.40404040404040403,-0.003797010199321817,0.01714201173242778,98.0,0.006672500766552981,0.010469510965874798,0.052492833077353425,1.9844674545084815,LinearRegression,"{'mode': 'original', 'type': 'LinearRegression'}",3,"['z_re_T6W40', 'z_l1_T6W40', 'z_asp_T6W40']",0.12349044844623917,0.17625392760604014,98.0,0.14987218802613966,0.026381739579900487,0.13227477926827988,1.9844674545084815,3.419806334835255,3.4987662322311213,98.0,3.459286283533188,0.039479948697933184,0.19794757975401953,1.9844674545084815,completed,True,COMPLETE
15,3.3375234623378445,2026-06-12 11:34:04.275287,2026-06-12 11:34:06.162270,0 days 00:00:01.886983,6.0,2.0,16.0,,,,,,,,,,,,DecisionTreeRegressor,,,,,,3,,,,,,,,False,,,,,,,,,-0.1997677663673435,-0.16049794878839835,98.0,-0.18013285757787093,0.019634908789472563,0.09844700415658066,1.9844674545084815,3.278983378354038,3.396063546321651,98.0,3.3375234623378445,0.05854008398380647,0.2935127406535401,1.9844674545084815,885288308995555.1,1141608984593730.0,98.0,1013448646794642.6,128160337799087.5,642580082408137.8,1.9844674545084815,9.534632781291885,10.025727452650424,98.0,9.780180116971154,0.24554733567926895,1.2311439709470453,1.9844674545084815,2.8244606215867294,2.9845731253454653,98.0,2.9045168734660973,0.08005625187936788,0.4013921452873786,1.9844674545084815,99.0,1.0,-0.4419406619520386,-0.35712732877156517,98.0,-0.3995339953618019,0.04240666659023674,0.2126217812793777,1.9844674545084815,DecisionTreeRegressor,"{'mode': 'original', 'type': 'DecisionTreeRegressor'}",3,"['z_l2_T6W40', 'z_l3_T6W40', 'z_diameter_T6W40']",-0.09152698619415973,-0.03584196659111889,98.0,-0.06368447639263931,0.027842509801520417,0.13959890048633875,1.9844674545084815,4.025681240523765,4.161866070362851,98.0,4.093773655443308,0.06809241491954365,0.34140694649980086,1.9844674545084815,completed,False,COMPLETE
16,2.8625595012812095,2026-06-12 11:34:06.174939,2026-06-12 11:34:08.440897,0 days 00:00:02.265958,,,,,,,,,,,,,,0.0022006082375455867,QuantileRegressor,,,,,,5,,,,,,,,True,,,,,,,,,-0.021745320728211094,-0.00198088720269512,98.0,-0.011863103965453106,0.009882216762757986,0.04954821258151615,1.9844674545084815,2.8269982403982468,2.8981207621641722,98.0,2.8625595012812095,0.035561260882962825,0.1782997637267014,1.9844674545084815,816492608402173.8,1035782439114404.5,98.0,926137523758289.1,109644915356115.33,549746044330943.75,1.9844674545084815,8.626944914400497,8.985428436587842,98.0,8.80618667549417,0.17924176109367354,0.8986960208790317,1.9844674545084815,2.4056748058358357,2.504576066428135,98.0,2.4551254361319854,0.04945063029614949,0.24793934407888504,1.9844674545084815,99.0,0.6464646464646465,-0.05271856379225945,-0.01995694019885126,98.0,-0.036337751995555355,0.016380811796704094,0.08213136431287758,1.9844674545084815,QuantileRegressor,"{'mode': 'original', 'type': 'QuantileRegressor'}",5,"['z_re_T6W40', 'z_l1_T6W40', 'z_l2_T6W40', 'z_diameter_T6W40', 'z_asp_T6W40']",0.11719352450084493,0.16979839063648172,98.0,0.14349595756866332,0.02630243306781839,0.1318771462256056,1.9844674545084815,3.4857060612370416,3.5787587613425202,98.0,3.532232411289781,0.04652635005273929,0.23327736462358126,1.9844674545084815,completed,True,COMPLETE
17,2.8308575955634785,2026-06-12 11:34:08.453708,2026-06-12 11:34:10.720672,0 days 00:00:02.266964,,,,,,,,,,,,,,0.09195615048398126,QuantileRegressor,,,,,,2,,,,,,,,False,,,,,,,,,-0.0008710167252312757,5.380273699555165e-05,98.0,-0.00040860699411786203,0.0004624097311134137,0.002318465199358251,1.9844674545084815,2.805429745831736,2.856285445295221,98.0,2.8308575955634785,0.02542784973174255,0.12749209355003127,1.9844674545084815,813460468866446.8,1032935100287233.8,98.0,923197784576840.2,109737315710393.47,550209328278897.0,1.9844674545084815,8.622879029919044,8.932676525636513,98.0,8.777777777777779,0.154898747858735,0.7766431633476233,1.9844674545084815,2.487116641790159,2.684600529927013,98.0,2.585858585858586,0.09874194406842689,0.49507989481189746,1.9844674545084815,99.0,1.0,-0.026651425313173705,-0.023247098953300478,98.0,-0.02494926213323709,0.0017021631799366132,0.008534435654737752,1.9844674545084815,QuantileRegressor,"{'mode': 'original', 'type': 'QuantileRegressor'}",2,"['z_diameter_T6W40', 'z_asp_T6W40']",,,,,,,,3.4768582676552087,3.554941969341382,98.0,3.5159001184982954,0.03904185084308663,0.19575101129528585,1.9844674545084815,completed,False,COMPLETE
18,2.88219484798411,2026-06-12 11:34:10.733164,2026-06-12 11:34:13.885439,0 days 00:00:03.152275,,,,,,,,,,,,,,,XGBRegressor,,,,,,3,,,,,,,,True,gblinear,0.5028399812670258,0.0011379331481407092,2.0,499.0,7.051665042166708e-08,3.802656836881247,0.991697177875886,-0.020986469960122253,-0.016479135429872414,98.0,-0.018732802694997334,0.0022536672651249185,0.011299608925927811,1.9844674545084815,2.8578742822664043,2.906515413701816,98.0,2.88219484798411,0.024320565717705845,0.12194030845639064,1.9844674545084815,901470249126505.4,1145207500857238.5,98.0,1023338874991872.0,121868625865366.58,611034216953283.8,1.9844674545084815,8.077528124838434,8.383615927532198,98.0,8.230572026185316,0.15304390134688098,0.7673431923510574,1.9844674545084815,2.524878682787018,2.5436277314530384,98.0,2.5342532071200283,0.00937452433301016,0.047002705531926675,1.9844674545084815,99.0,0.5454545454545454,-0.0021315717237826337,-0.0004175784364067736,98.0,-0.0012745750800947037,0.0008569966436879301,0.004296875175124643,1.9844674545084815,XGBRegressor,"{'mode': 'original', 'type': 'XGBRegressor'}",3,"['z_l1_T6W40', 'z_l2_T6W40', 'z_l3_T6W40']",0.017347915614821293,0.06608122345274435,98.0,0.04171456953378282,0.02436665391896153,0.12217138899713757,1.9844674545084815,3.437749498984071,3.51153015664256,98.0,3.4746398278133155,0.036890328829244236,0.18496354602560855,1.9844674545084815,completed,True,COMPLETE
19,2.84021694021953,2026-06-12 11:34:13.897971,2026-06-12 11:34:15.601655,0 days 00:00:01.703684,,,,,,,,,,,,,,,LinearRegression,,,,,,5,,,,,,,,True,,,,,,,,,-0.01189950447127954,0.003927618457351732,98.0,-0.003985943006963904,0.007913561464315636,0.03967761840526306,1.9844674545084815,2.809112882093096,2.871320998345964,98.0,2.84021694021953,0.031104058126433694,0.15595190038780918,1.9844674545084815,874728141593999.4,1111389105906498.6,98.0,993058623750249.0,118330482156249.6,593294402005695.4,1.9844674545084815,8.202220069748277,8.570415691126813,98.0,8.386317880437545,0.1840978106892687,0.9230436529382361,1.9844674545084815,2.420583370975303,2.487955842823013,98.0,2.454269606899158,0.03368623592385501,0.16889862049134552,1.9844674545084815,99.0,0.4444444444444444,-0.01086812483180679,0.015259625581099986,98.0,0.002195750374646598,0.013063875206453388,0.06550065449961864,1.9844674545084815,LinearRegression,"{'mode': 'original', 'type': 'LinearRegression'}",5,"['z_re_T6W40', 'z_l1_T6W40', 'z_l2_T6W40', 'z_density_T6W40', 'z_asp_T6W40']",0.13200976235016448,0.1844892087126468,98.0,0.15824948553140564,0.026239723181241167,0.13156272661048435,1.9844674545084815,3.423974213936331,3.5094846516845077,98.0,3.4667294328104195,0.04275521887408846,0.21436937932045105,1.9844674545084815,completed,True,COMPLETE
20,2.923626287537097,2026-06-12 11:34:15.613624,2026-06-12 11:34:22.279574,0 days 00:00:06.665950,,,,,,,,,,,,,,,RandomForestRegressor,20.0,log2,5.0,12.0,62.0,2,,,,,,,,False,,,,,,,,,-0.043546672208314145,-0.023476111703589216,98.0,-0.03351139195595168,0.010035280252362465,0.05031565398696806,1.9844674545084815,2.887823063204175,2.959429511870019,98.0,2.923626287537097,0.03580322433292185,0.17951293853791458,1.9844674545084815,849054717518385.9,1086692999920094.6,98.0,967873858719240.2,118819141200854.4,595744478016293.1,1.9844674545084815,8.129434903253104,8.370055490120349,98.0,8.249745196686726,0.12031029343362291,0.6032209308804981,1.9844674545084815,2.5489193964262613,2.664857241957262,98.0,2.6068883191917616,0.0579689227655002,0.2906490089481592,1.9844674545084815,99.0,0.797979797979798,-0.08284689615350813,-0.05102720360958504,98.0,-0.06693704988154658,0.015909846271961542,0.07977000142247316,1.9844674545084815,RandomForestRegressor,"{'mode': 'original', 'type': 'RandomForestRegressor'}",2,"['z_l3_T6W40', 'z_lsc_T6W40']",0.027437544964659503,0.07765311866877507,98.0,0.052545331816717285,0.025107786852057782,0.1258873378577824,1.9844674545084815,3.5405118653674057,3.6256225858441775,98.0,3.5830672256057916,0.04255536023838607,0.21336731284025068,1.9844674545084815,completed,False,COMPLETE
21,2.8308575955634785,2026-06-12 11:34:22.292428,2026-06-12 11:34:24.534619,0 days 00:00:02.242191,,,,,,,,,,,,,,8.830926390455554,QuantileRegressor,,,,,,3,,,,,,,,True,,,,,,,,,-0.0008710167252312757,5.380273699555165e-05,98.0,-0.00040860699411786203,0.0004624097311134137,0.002318465199358251,1.9844674545084815,2.805429745831736,2.856285445295221,98.0,2.8308575955634785,0.02542784973174255,0.12749209355003127,1.9844674545084815,813460468866446.8,1032935100287233.8,98.0,923197784576840.2,109737315710393.47,550209328278897.0,1.9844674545084815,8.622879029919044,8.932676525636513,98.0,8.777777777777779,0.154898747858735,0.7766431633476233,1.9844674545084815,2.487116641790159,2.684600529927013,98.0,2.585858585858586,0.09874194406842689,0.49507989481189746,1.9844674545084815,99.0,1.0,-0.026651425313173705,-0.023247098953300478,98.0,-0.02494926213323709,0.0017021631799366132,0.008534435654737752,1.9844674545084815,QuantileRegressor,"{'mode': 'original', 'type': 'QuantileRegressor'}",3,"['z_density_T6W40', 'z_diameter_T6W40', 'z_asp_T6W40']",,,,,,,,3.4768582676552087,3.554941969341382,98.0,3.5159001184982954,0.03904185084308663,0.19575101129528585,1.9844674545084815,completed,True,COMPLETE
22,2.8308575955634785,2026-06-12 11:34:24.548069,2026-06-12 11:34:26.743116,0 days 00:00:02.195047,,,,,,,,,,,,,,2.6903636849915777,QuantileRegressor,,,,,,3,,,,,,,,True,,,,,,,,,-0.0008710167252312757,5.380273699555165e-05,98.0,-0.00040860699411786203,0.0004624097311134137,0.002318465199358251,1.9844674545084815,2.805429745831736,2.856285445295221,98.0,2.8308575955634785,0.02542784973174255,0.12749209355003127,1.9844674545084815,813460468866446.8,1032935100287233.8,98.0,923197784576840.2,109737315710393.47,550209328278897.0,1.9844674545084815,8.622879029919044,8.932676525636513,98.0,8.777777777777779,0.154898747858735,0.7766431633476233,1.9844674545084815,2.487116641790159,2.684600529927013,98.0,2.585858585858586,0.09874194406842689,0.49507989481189746,1.9844674545084815,99.0,1.0,-0.026651425313173705,-0.023247098953300478,98.0,-0.02494926213323709,0.0017021631799366132,0.008534435654737752,1.9844674545084815,QuantileRegressor,"{'mode': 'original', 'type': 'QuantileRegressor'}",3,"['z_density_T6W40', 'z_diameter_T6W40', 'z_asp_T6W40']",,,,,,,,3.4768582676552087,3.554941969341382,98.0,3.5159001184982954,0.03904185084308663,0.19575101129528585,1.9844674545084815,completed,True,COMPLETE
23,2.8308575955634785,2026-06-12 11:34:26.755746,2026-06-12 11:34:28.935937,0 days 00:00:02.180191,,,,,,,,,,,,,,0.3108411721608046,QuantileRegressor,,,,,,4,,,,,,,,True,,,,,,,,,-0.0008710167252312757,5.380273699555165e-05,98.0,-0.00040860699411786203,0.0004624097311134137,0.002318465199358251,1.9844674545084815,2.805429745831736,2.856285445295221,98.0,2.8308575955634785,0.02542784973174255,0.12749209355003127,1.9844674545084815,813460468866446.8,1032935100287233.8,98.0,923197784576840.2,109737315710393.47,550209328278897.0,1.9844674545084815,8.622879029919044,8.932676525636513,98.0,8.777777777777779,0.154898747858735,0.7766431633476233,1.9844674545084815,2.487116641790159,2.684600529927013,98.0,2.585858585858586,0.09874194406842689,0.49507989481189746,1.9844674545084815,99.0,1.0,-0.026651425313173705,-0.023247098953300478,98.0,-0.02494926213323709,0.0017021631799366132,0.008534435654737752,1.9844674545084815,QuantileRegressor,"{'mode': 'original', 'type': 'QuantileRegressor'}",4,"['z_lsc_T6W40', 'z_density_T6W40', 'z_diameter_T6W40', 'z_asp_T6W40']",,,,,,,,3.4768582676552087,3.554941969341382,98.0,3.5159001184982954,0.03904185084308663,0.19575101129528585,1.9844674545084815,completed,True,COMPLETE
24,2.8789941649565503,2026-06-12 11:34:28.948419,2026-06-12 11:34:52.865268,0 days 00:00:23.916849,,,,,,20.0,log2,5.0,12.0,457.0,,,,,ExtraTreesRegressor,,,,,,2,,,,,,,,True,,,,,,,,,-0.020846510379390858,-0.01438430869154358,98.0,-0.017615409535467218,0.0032311008439236386,0.016200339997638785,1.9844674545084815,2.854017574996174,2.9039707549169265,98.0,2.8789941649565503,0.0249765899603763,0.12522953286977948,1.9844674545084815,890806788982905.1,1130098890922965.0,98.0,1010452839952935.1,119646050970029.98,599890501323862.1,1.9844674545084815,8.1352681390079,8.416562401292166,98.0,8.275915270150033,0.1406471311421335,0.7051873198201245,1.9844674545084815,2.537304541337981,2.587956197214005,98.0,2.562630369275993,0.02532582793801209,0.12698056889467715,1.9844674545084815,99.0,0.6161616161616161,-0.00985342707072488,-0.0031362399537325,98.0,-0.00649483351222869,0.0033585935584961903,0.016839572699763036,1.9844674545084815,ExtraTreesRegressor,"{'mode': 'original', 'type': 'ExtraTreesRegressor'}",2,"['z_l1_T6W40', 'z_l3_T6W40']",-0.006609079228284895,0.03906495535080739,98.0,0.016227938061261247,0.02283701728954614,0.1145019801280292,1.9844674545084815,3.446412099522878,3.5205488893582095,98.0,3.4834804944405438,0.03706839491766573,0.18585634736912057,1.9844674545084815,completed,True,COMPLETE
25,3.592274676425003,2026-06-12 11:34:52.878127,2026-06-12 11:34:54.547383,0 days 00:00:01.669256,20.0,5.0,2.0,,,,,,,,,,,,DecisionTreeRegressor,,,,,,9,,,,,,,,True,,,,,,,,,-0.2935505137580187,-0.24800770967180047,98.0,-0.2707791117149096,0.022771402043109137,0.11417299339791603,1.9844674545084815,3.5277616993425562,3.6567876535074495,98.0,3.592274676425003,0.06451297708244667,0.3234600879019222,1.9844674545084815,908476652449117.6,1188998131988235.2,98.0,1048737392218676.5,140260739769558.83,703250001268264.4,1.9844674545084815,10.099681695038303,10.575378430021818,98.0,10.33753006253006,0.237848367491757,1.192542296690033,1.9844674545084815,3.055549403956444,3.25422292248255,98.0,3.154886163219497,0.09933675926305291,0.4980622246289395,1.9844674545084815,99.0,1.0,-0.6899886171898032,-0.5875971429614663,98.0,-0.6387928800756347,0.05119573711416844,0.25668909382354904,1.9844674545084815,DecisionTreeRegressor,"{'mode': 'original', 'type': 'DecisionTreeRegressor'}",9,"['z_re_T6W40', 'z_pe_T6W40', 'z_l1_T6W40', 'z_l2_T6W40', 'z_l3_T6W40', 'z_lsc_T6W40', 'z_density_T6W40', 'z_diameter_T6W40', 'z_asp_T6W40']",-0.05579981923783145,-0.00294027465644367,98.0,-0.02937004694713756,0.02642977229069389,0.1325156093393452,1.9844674545084815,4.359410608931672,4.4903830126539415,98.0,4.424896810792807,0.06548620186113492,0.3283397165704383,1.9844674545084815,completed,True,COMPLETE
