number,value,datetime_start,datetime_complete,duration,params_dt_max_depth,params_dt_min_samples_leaf,params_dt_min_samples_split,params_elastic_alpha,params_elastic_l1_ratio,params_et_max_depth,params_et_max_features,params_et_min_samples_leaf,params_et_min_samples_split,params_et_n_estimators,params_knn_metric,params_knn_n_neighbors,params_knn_weights,params_quantile_alpha,params_regressor,params_rf_max_depth,params_rf_max_features,params_rf_min_samples_leaf,params_rf_min_samples_split,params_rf_n_estimators,params_rfe_n_features,params_rfe_proxy_et_max_depth,params_rfe_proxy_et_min_samples_leaf,params_rfe_proxy_et_min_samples_split,params_rfe_proxy_et_n_estimators,params_rfe_proxy_lsvr_C,params_rfe_proxy_lsvr_epsilon,params_rfe_proxy_type,params_use_scaler,params_xgb_booster,params_xgb_colsample_bytree,params_xgb_learning_rate,params_xgb_max_depth,params_xgb_n_estimators,params_xgb_reg_alpha,params_xgb_reg_lambda,params_xgb_subsample,user_attrs_d2mae_ci_lower_val,user_attrs_d2mae_ci_upper_val,user_attrs_d2mae_df_val,user_attrs_d2mae_mean_val,user_attrs_d2mae_samperror_val,user_attrs_d2mae_std_val,user_attrs_d2mae_t_critical_val,user_attrs_mae_ci_lower_val,user_attrs_mae_ci_upper_val,user_attrs_mae_df_val,user_attrs_mae_mean_val,user_attrs_mae_samperror_val,user_attrs_mae_std_val,user_attrs_mae_t_critical_val,user_attrs_mape_ci_lower_val,user_attrs_mape_ci_upper_val,user_attrs_mape_df_val,user_attrs_mape_mean_val,user_attrs_mape_samperror_val,user_attrs_mape_std_val,user_attrs_mape_t_critical_val,user_attrs_max_error_ci_lower_val,user_attrs_max_error_ci_upper_val,user_attrs_max_error_df_val,user_attrs_max_error_mean_val,user_attrs_max_error_samperror_val,user_attrs_max_error_std_val,user_attrs_max_error_t_critical_val,user_attrs_median_ae_ci_lower_val,user_attrs_median_ae_ci_upper_val,user_attrs_median_ae_df_val,user_attrs_median_ae_mean_val,user_attrs_median_ae_samperror_val,user_attrs_median_ae_std_val,user_attrs_median_ae_t_critical_val,user_attrs_n_splits_val,user_attrs_r2_below_zero_val,user_attrs_r2_ci_lower_val,user_attrs_r2_ci_upper_val,user_attrs_r2_df_val,user_attrs_r2_mean_val,user_attrs_r2_samperror_val,user_attrs_r2_std_val,user_attrs_r2_t_critical_val,user_attrs_regressor_final,user_attrs_rfe_estimator,user_attrs_rfe_n_features,user_attrs_rfe_selected_features,user_attrs_rho_ci_lower_val,user_attrs_rho_ci_upper_val,user_attrs_rho_df_val,user_attrs_rho_mean_val,user_attrs_rho_samperror_val,user_attrs_rho_std_val,user_attrs_rho_t_critical_val,user_attrs_rmse_ci_lower_val,user_attrs_rmse_ci_upper_val,user_attrs_rmse_df_val,user_attrs_rmse_mean_val,user_attrs_rmse_samperror_val,user_attrs_rmse_std_val,user_attrs_rmse_t_critical_val,user_attrs_termination_reason,user_attrs_use_scaler_final,state
40,2.9680542448708533,2026-06-12 11:36:21.620268,2026-06-12 11:36:23.357722,0 days 00:00:01.737454,,,,,,,,,,,manhattan,17.0,uniform,,KNeighborsRegressor,,,,,,3,,,,,0.001626177801572578,0.00034732124654332394,LinearSVR,,,,,,,,,,-0.056931165316812575,-0.04131633734167211,98.0,-0.04912375132924234,0.007807413987570234,0.03914540808555085,1.9844674545084815,2.9358839954455065,3.0002244942962,98.0,2.9680542448708533,0.03217024942534689,0.1612976516903105,1.9844674545084815,877486421126072.9,1117817094184417.9,98.0,997651757655245.4,120165336529172.52,602494134890358.1,1.9844674545084815,8.298694392711386,8.596136266825155,98.0,8.44741532976827,0.14872093705688388,0.7456683840802761,1.9844674545084815,2.5624586347292766,2.641344098485221,98.0,2.601901366607249,0.03944273187797204,0.1977609792218401,1.9844674545084815,99.0,0.8686868686868687,-0.08144879252443826,-0.057548228742321766,98.0,-0.06949851063338001,0.011950281891058246,0.059917235349323174,1.9844674545084815,KNeighborsRegressor,"{'mode': 'proxy', 'type': 'LinearSVR'}",3,"['z_re_T6W40', 'z_pe_T6W40', 'z_l3_T6W40']",-0.07701742694586447,-0.02467986544629053,98.0,-0.0508486461960775,0.026168780749786968,0.13120703003357975,1.9844674545084815,3.5472245813543397,3.631819453380544,98.0,3.589522017367442,0.0422974360131023,0.21207411267564347,1.9844674545084815,completed,True,COMPLETE
41,2.8308575955634785,2026-06-12 11:36:23.369817,2026-06-12 11:36:25.640532,0 days 00:00:02.270715,,,,,,,,,,,,,,7.926635726754488,QuantileRegressor,,,,,,3,,,,,,,,True,,,,,,,,,-0.0008710167252312757,5.380273699555165e-05,98.0,-0.00040860699411786203,0.0004624097311134137,0.002318465199358251,1.9844674545084815,2.805429745831736,2.856285445295221,98.0,2.8308575955634785,0.02542784973174255,0.12749209355003127,1.9844674545084815,813460468866446.8,1032935100287233.8,98.0,923197784576840.2,109737315710393.47,550209328278897.0,1.9844674545084815,8.622879029919044,8.932676525636513,98.0,8.777777777777779,0.154898747858735,0.7766431633476233,1.9844674545084815,2.487116641790159,2.684600529927013,98.0,2.585858585858586,0.09874194406842689,0.49507989481189746,1.9844674545084815,99.0,1.0,-0.026651425313173705,-0.023247098953300478,98.0,-0.02494926213323709,0.0017021631799366132,0.008534435654737752,1.9844674545084815,QuantileRegressor,"{'mode': 'original', 'type': 'QuantileRegressor'}",3,"['z_density_T6W40', 'z_diameter_T6W40', 'z_asp_T6W40']",,,,,,,,3.4768582676552087,3.554941969341382,98.0,3.5159001184982954,0.03904185084308663,0.19575101129528585,1.9844674545084815,completed,True,COMPLETE
42,2.8308575955634785,2026-06-12 11:36:25.653779,2026-06-12 11:36:27.827234,0 days 00:00:02.173455,,,,,,,,,,,,,,2.3881026536514387,QuantileRegressor,,,,,,2,,,,,,,,True,,,,,,,,,-0.0008710167252312757,5.380273699555165e-05,98.0,-0.00040860699411786203,0.0004624097311134137,0.002318465199358251,1.9844674545084815,2.805429745831736,2.856285445295221,98.0,2.8308575955634785,0.02542784973174255,0.12749209355003127,1.9844674545084815,813460468866446.8,1032935100287233.8,98.0,923197784576840.2,109737315710393.47,550209328278897.0,1.9844674545084815,8.622879029919044,8.932676525636513,98.0,8.777777777777779,0.154898747858735,0.7766431633476233,1.9844674545084815,2.487116641790159,2.684600529927013,98.0,2.585858585858586,0.09874194406842689,0.49507989481189746,1.9844674545084815,99.0,1.0,-0.026651425313173705,-0.023247098953300478,98.0,-0.02494926213323709,0.0017021631799366132,0.008534435654737752,1.9844674545084815,QuantileRegressor,"{'mode': 'original', 'type': 'QuantileRegressor'}",2,"['z_diameter_T6W40', 'z_asp_T6W40']",,,,,,,,3.4768582676552087,3.554941969341382,98.0,3.5159001184982954,0.03904185084308663,0.19575101129528585,1.9844674545084815,completed,True,COMPLETE
43,2.8308575955634785,2026-06-12 11:36:27.840281,2026-06-12 11:36:29.983545,0 days 00:00:02.143264,,,,,,,,,,,,,,5.801304223332737,QuantileRegressor,,,,,,3,,,,,,,,True,,,,,,,,,-0.0008710167252312757,5.380273699555165e-05,98.0,-0.00040860699411786203,0.0004624097311134137,0.002318465199358251,1.9844674545084815,2.805429745831736,2.856285445295221,98.0,2.8308575955634785,0.02542784973174255,0.12749209355003127,1.9844674545084815,813460468866446.8,1032935100287233.8,98.0,923197784576840.2,109737315710393.47,550209328278897.0,1.9844674545084815,8.622879029919044,8.932676525636513,98.0,8.777777777777779,0.154898747858735,0.7766431633476233,1.9844674545084815,2.487116641790159,2.684600529927013,98.0,2.585858585858586,0.09874194406842689,0.49507989481189746,1.9844674545084815,99.0,1.0,-0.026651425313173705,-0.023247098953300478,98.0,-0.02494926213323709,0.0017021631799366132,0.008534435654737752,1.9844674545084815,QuantileRegressor,"{'mode': 'original', 'type': 'QuantileRegressor'}",3,"['z_density_T6W40', 'z_diameter_T6W40', 'z_asp_T6W40']",,,,,,,,3.4768582676552087,3.554941969341382,98.0,3.5159001184982954,0.03904185084308663,0.19575101129528585,1.9844674545084815,completed,True,COMPLETE
44,2.8308575955634785,2026-06-12 11:36:29.996236,2026-06-12 11:36:32.193065,0 days 00:00:02.196829,,,,,,,,,,,,,,0.800924705287448,QuantileRegressor,,,,,,2,,,,,,,,True,,,,,,,,,-0.0008710167252312757,5.380273699555165e-05,98.0,-0.00040860699411786203,0.0004624097311134137,0.002318465199358251,1.9844674545084815,2.805429745831736,2.856285445295221,98.0,2.8308575955634785,0.02542784973174255,0.12749209355003127,1.9844674545084815,813460468866446.8,1032935100287233.8,98.0,923197784576840.2,109737315710393.47,550209328278897.0,1.9844674545084815,8.622879029919044,8.932676525636513,98.0,8.777777777777779,0.154898747858735,0.7766431633476233,1.9844674545084815,2.487116641790159,2.684600529927013,98.0,2.585858585858586,0.09874194406842689,0.49507989481189746,1.9844674545084815,99.0,1.0,-0.026651425313173705,-0.023247098953300478,98.0,-0.02494926213323709,0.0017021631799366132,0.008534435654737752,1.9844674545084815,QuantileRegressor,"{'mode': 'original', 'type': 'QuantileRegressor'}",2,"['z_diameter_T6W40', 'z_asp_T6W40']",,,,,,,,3.4768582676552087,3.554941969341382,98.0,3.5159001184982954,0.03904185084308663,0.19575101129528585,1.9844674545084815,completed,True,COMPLETE
45,2.8308575955634785,2026-06-12 11:36:32.205566,2026-06-12 11:36:34.602637,0 days 00:00:02.397071,,,,,,,,,,,,,,0.08988829619914254,QuantileRegressor,,,,,,4,,,,,,,,True,,,,,,,,,-0.0008710167252312757,5.380273699555165e-05,98.0,-0.00040860699411786203,0.0004624097311134137,0.002318465199358251,1.9844674545084815,2.805429745831736,2.856285445295221,98.0,2.8308575955634785,0.02542784973174255,0.12749209355003127,1.9844674545084815,813460468866446.8,1032935100287233.8,98.0,923197784576840.2,109737315710393.47,550209328278897.0,1.9844674545084815,8.622879029919044,8.932676525636513,98.0,8.777777777777779,0.154898747858735,0.7766431633476233,1.9844674545084815,2.487116641790159,2.684600529927013,98.0,2.585858585858586,0.09874194406842689,0.49507989481189746,1.9844674545084815,99.0,1.0,-0.026651425313173705,-0.023247098953300478,98.0,-0.02494926213323709,0.0017021631799366132,0.008534435654737752,1.9844674545084815,QuantileRegressor,"{'mode': 'original', 'type': 'QuantileRegressor'}",4,"['z_lsc_T6W40', 'z_density_T6W40', 'z_diameter_T6W40', 'z_asp_T6W40']",,,,,,,,3.4768582676552087,3.554941969341382,98.0,3.5159001184982954,0.03904185084308663,0.19575101129528585,1.9844674545084815,completed,True,COMPLETE
46,2.9018411670351614,2026-06-12 11:36:34.615897,2026-06-12 11:36:40.039210,0 days 00:00:05.423313,,,,,,,,,,,,,,,XGBRegressor,,,,,,2,,,,,,,,True,gbtree,0.5459014601239864,0.0018729728982673688,2.0,494.0,1.5764831080476822e-07,1.691256138704184e-08,0.8719869142267375,-0.030262710284452737,-0.021290352737831808,98.0,-0.025776531511142273,0.004486178773310464,0.02249314550317923,1.9844674545084815,2.876295019983352,2.9273873140869706,98.0,2.9018411670351614,0.025546147051809204,0.12808522168142134,1.9844674545084815,897537386745336.5,1141828810477834.0,98.0,1019683098611585.2,122145711866248.72,612423491890746.1,1.9844674545084815,8.112221164188675,8.41072187012788,98.0,8.261471517158277,0.1492503529696025,0.7483228099866454,1.9844674545084815,2.5138677431060885,2.571524178120336,98.0,2.5426959606132122,0.028828217507123822,0.1445411170064756,1.9844674545084815,99.0,0.7777777777777778,-0.028421342762963476,-0.01678243395975647,98.0,-0.022601888361359974,0.005819454401603502,0.029178024599271955,1.9844674545084815,XGBRegressor,"{'mode': 'original', 'type': 'XGBRegressor'}",2,"['z_l3_T6W40', 'z_lsc_T6W40']",0.0033120162684779457,0.05398989470266001,98.0,0.028650955485568976,0.02533893921709103,0.12704630722633034,1.9844674545084815,3.47312861229531,3.5486114548014887,98.0,3.5108700335483993,0.03774142125308911,0.18923081817269458,1.9844674545084815,completed,True,COMPLETE
47,2.8668767717239914,2026-06-12 11:36:40.129064,2026-06-12 11:36:42.453805,0 days 00:00:02.324741,,,,,,,,,,,,,,0.013608915574069121,QuantileRegressor,,,,,,3,,,,,,,,True,,,,,,,,,-0.018192387729447472,-0.008361702561578964,98.0,-0.013277045145513217,0.004915342583934253,0.024644919769173622,1.9844674545084815,2.839264639739106,2.8944889037088766,98.0,2.8668767717239914,0.0276121319848853,0.13844381460766017,1.9844674545084815,853488689442854.4,1081023180502003.1,98.0,967255934972428.8,113767245529574.39,570414897956528.8,1.9844674545084815,8.597791326521895,8.968980747494792,98.0,8.783386037008343,0.18559471048644838,0.93054892337952,1.9844674545084815,2.4810036325637967,2.596457183935844,98.0,2.5387304082498203,0.057726775686023496,0.2894349134412563,1.9844674545084815,99.0,0.8383838383838383,-0.04877277615212701,-0.02837820216763301,98.0,-0.03857548915988001,0.010197286992246998,0.05112793574319185,1.9844674545084815,QuantileRegressor,"{'mode': 'original', 'type': 'QuantileRegressor'}",3,"['z_l1_T6W40', 'z_l3_T6W40', 'z_asp_T6W40']",0.008903820867281746,0.06228179535154554,77.0,0.03559280810941364,0.026688987242131895,0.11837299826324271,1.9912543953883846,3.497151607935949,3.577978791153521,98.0,3.537565199544735,0.04041359160878584,0.2026287498328311,1.9844674545084815,completed,True,COMPLETE
48,2.983283818577936,2026-06-12 11:36:42.466651,2026-06-12 11:36:44.196130,0 days 00:00:01.729479,,,,,,,,,,,euclidean,10.0,uniform,,KNeighborsRegressor,,,,,,7,,,,,9.527260601973241,0.9561311598960182,LinearSVR,,,,,,,,,,-0.06439386657017616,-0.04453528469045853,98.0,-0.05446457563031735,0.009929290939858818,0.04978423668320171,1.9844674545084815,2.946118820814424,3.0204488163414474,98.0,2.983283818577936,0.03716499776351145,0.1863407020900149,1.9844674545084815,923541927131345.5,1189555224233422.2,98.0,1056548575682383.9,133006648551038.4,666878885109844.0,1.9844674545084815,8.465350199674605,8.722528588204183,98.0,8.593939393939394,0.12858919426478815,0.6447303156847011,1.9844674545084815,2.5269223583905203,2.6346938032256415,98.0,2.580808080808081,0.05388572241756081,0.2701763474280168,1.9844674545084815,99.0,0.9090909090909091,-0.11561425467291465,-0.084378147089942,98.0,-0.09999620088142833,0.015618053791486324,0.07830699001527965,1.9844674545084815,KNeighborsRegressor,"{'mode': 'proxy', 'type': 'LinearSVR'}",7,"['z_re_T6W40', 'z_l1_T6W40', 'z_l2_T6W40', 'z_l3_T6W40', 'z_density_T6W40', 'z_diameter_T6W40', 'z_asp_T6W40']",-0.028493055516552363,0.02401320720881087,98.0,-0.0022399241538707468,0.026253131362681616,0.13162995357385623,1.9844674545084815,3.5945563044080773,3.683485557749168,98.0,3.6390209310786226,0.04446462667054513,0.22294013858638104,1.9844674545084815,completed,True,COMPLETE
49,2.8308575955634785,2026-06-12 11:36:44.209267,2026-06-12 11:36:46.294562,0 days 00:00:02.085295,,,,,,,,,,,,,,1.427715413382824,QuantileRegressor,,,,,,3,,,,,,,,False,,,,,,,,,-0.0008710167252312757,5.380273699555165e-05,98.0,-0.00040860699411786203,0.0004624097311134137,0.002318465199358251,1.9844674545084815,2.805429745831736,2.856285445295221,98.0,2.8308575955634785,0.02542784973174255,0.12749209355003127,1.9844674545084815,813460468866446.8,1032935100287233.8,98.0,923197784576840.2,109737315710393.47,550209328278897.0,1.9844674545084815,8.622879029919044,8.932676525636513,98.0,8.777777777777779,0.154898747858735,0.7766431633476233,1.9844674545084815,2.487116641790159,2.684600529927013,98.0,2.585858585858586,0.09874194406842689,0.49507989481189746,1.9844674545084815,99.0,1.0,-0.026651425313173705,-0.023247098953300478,98.0,-0.02494926213323709,0.0017021631799366132,0.008534435654737752,1.9844674545084815,QuantileRegressor,"{'mode': 'original', 'type': 'QuantileRegressor'}",3,"['z_density_T6W40', 'z_diameter_T6W40', 'z_asp_T6W40']",,,,,,,,3.4768582676552087,3.554941969341382,98.0,3.5159001184982954,0.03904185084308663,0.19575101129528585,1.9844674545084815,completed,False,COMPLETE
50,2.8565676232591675,2026-06-12 11:36:46.308422,2026-06-12 11:36:51.411455,0 days 00:00:05.103033,,,,,,,,,,,,,,,RandomForestRegressor,20.0,log2,5.0,12.0,489.0,2,,,,,,,,True,,,,,,,,,,,,,,,,,,,,,,,,,,,,,,,,,,,,,,,,,,,,,,,,,,,,,RandomForestRegressor,"{'mode': 'original', 'type': 'RandomForestRegressor'}",2,"['z_l3_T6W40', 'z_lsc_T6W40']",,,,,,,,,,,,,,,pruned,True,PRUNED
51,2.8308575955634785,2026-06-12 11:36:51.422676,2026-06-12 11:36:53.575539,0 days 00:00:02.152863,,,,,,,,,,,,,,2.91675159736597,QuantileRegressor,,,,,,3,,,,,,,,True,,,,,,,,,-0.0008710167252312757,5.380273699555165e-05,98.0,-0.00040860699411786203,0.0004624097311134137,0.002318465199358251,1.9844674545084815,2.805429745831736,2.856285445295221,98.0,2.8308575955634785,0.02542784973174255,0.12749209355003127,1.9844674545084815,813460468866446.8,1032935100287233.8,98.0,923197784576840.2,109737315710393.47,550209328278897.0,1.9844674545084815,8.622879029919044,8.932676525636513,98.0,8.777777777777779,0.154898747858735,0.7766431633476233,1.9844674545084815,2.487116641790159,2.684600529927013,98.0,2.585858585858586,0.09874194406842689,0.49507989481189746,1.9844674545084815,99.0,1.0,-0.026651425313173705,-0.023247098953300478,98.0,-0.02494926213323709,0.0017021631799366132,0.008534435654737752,1.9844674545084815,QuantileRegressor,"{'mode': 'original', 'type': 'QuantileRegressor'}",3,"['z_density_T6W40', 'z_diameter_T6W40', 'z_asp_T6W40']",,,,,,,,3.4768582676552087,3.554941969341382,98.0,3.5159001184982954,0.03904185084308663,0.19575101129528585,1.9844674545084815,completed,True,COMPLETE
52,2.8308575955634785,2026-06-12 11:36:53.595381,2026-06-12 11:36:55.842182,0 days 00:00:02.246801,,,,,,,,,,,,,,7.373438891241535,QuantileRegressor,,,,,,4,,,,,,,,True,,,,,,,,,-0.0008710167252312757,5.380273699555165e-05,98.0,-0.00040860699411786203,0.0004624097311134137,0.002318465199358251,1.9844674545084815,2.805429745831736,2.856285445295221,98.0,2.8308575955634785,0.02542784973174255,0.12749209355003127,1.9844674545084815,813460468866446.8,1032935100287233.8,98.0,923197784576840.2,109737315710393.47,550209328278897.0,1.9844674545084815,8.622879029919044,8.932676525636513,98.0,8.777777777777779,0.154898747858735,0.7766431633476233,1.9844674545084815,2.487116641790159,2.684600529927013,98.0,2.585858585858586,0.09874194406842689,0.49507989481189746,1.9844674545084815,99.0,1.0,-0.026651425313173705,-0.023247098953300478,98.0,-0.02494926213323709,0.0017021631799366132,0.008534435654737752,1.9844674545084815,QuantileRegressor,"{'mode': 'original', 'type': 'QuantileRegressor'}",4,"['z_lsc_T6W40', 'z_density_T6W40', 'z_diameter_T6W40', 'z_asp_T6W40']",,,,,,,,3.4768582676552087,3.554941969341382,98.0,3.5159001184982954,0.03904185084308663,0.19575101129528585,1.9844674545084815,completed,True,COMPLETE
53,2.8495619427308503,2026-06-12 11:36:55.855243,2026-06-12 11:36:56.408770,0 days 00:00:00.553527,,,,,,15.0,sqrt,5.0,2.0,68.0,,,,,ExtraTreesRegressor,,,,,,3,,,,,,,,True,,,,,,,,,,,,,,,,,,,,,,,,,,,,,,,,,,,,,,,,,,,,,,,,,,,,,ExtraTreesRegressor,"{'mode': 'original', 'type': 'ExtraTreesRegressor'}",3,"['z_l1_T6W40', 'z_l2_T6W40', 'z_l3_T6W40']",,,,,,,,,,,,,,,pruned,True,PRUNED
54,2.8308575955634785,2026-06-12 11:36:56.418207,2026-06-12 11:36:58.511974,0 days 00:00:02.093767,,,,,,,,,,,,,,0.14058998264301856,QuantileRegressor,,,,,,2,,,,,,,,True,,,,,,,,,-0.0008710167252312757,5.380273699555165e-05,98.0,-0.00040860699411786203,0.0004624097311134137,0.002318465199358251,1.9844674545084815,2.805429745831736,2.856285445295221,98.0,2.8308575955634785,0.02542784973174255,0.12749209355003127,1.9844674545084815,813460468866446.8,1032935100287233.8,98.0,923197784576840.2,109737315710393.47,550209328278897.0,1.9844674545084815,8.622879029919044,8.932676525636513,98.0,8.777777777777779,0.154898747858735,0.7766431633476233,1.9844674545084815,2.487116641790159,2.684600529927013,98.0,2.585858585858586,0.09874194406842689,0.49507989481189746,1.9844674545084815,99.0,1.0,-0.026651425313173705,-0.023247098953300478,98.0,-0.02494926213323709,0.0017021631799366132,0.008534435654737752,1.9844674545084815,QuantileRegressor,"{'mode': 'original', 'type': 'QuantileRegressor'}",2,"['z_diameter_T6W40', 'z_asp_T6W40']",,,,,,,,3.4768582676552087,3.554941969341382,98.0,3.5159001184982954,0.03904185084308663,0.19575101129528585,1.9844674545084815,completed,True,COMPLETE
55,2.8425263701405457,2026-06-12 11:36:58.524756,2026-06-12 11:37:00.278659,0 days 00:00:01.753903,,,,,,,,,,,,,,,LinearRegression,,,,,,3,,,,,,,,True,,,,,,,,,-0.011325250632428664,0.0016317755735509231,98.0,-0.004846737529438871,0.006478513102989794,0.03248246341334957,1.9844674545084815,2.8146583055679724,2.870394434713119,98.0,2.8425263701405457,0.027868064572573282,0.13972702894769481,1.9844674545084815,896944824867043.6,1136581890722426.0,98.0,1016763357794734.8,119818532927691.14,600755304526406.5,1.9844674545084815,8.087392355790008,8.431065158406938,98.0,8.259228757098473,0.17183640130846456,0.8615664628366575,1.9844674545084815,2.46221480062394,2.5248960178891666,98.0,2.4935554092565533,0.03134060863261353,0.15713793536840526,1.9844674545084815,99.0,0.40404040404040403,-0.003797010199321817,0.01714201173242778,98.0,0.006672500766552981,0.010469510965874798,0.052492833077353425,1.9844674545084815,LinearRegression,"{'mode': 'original', 'type': 'LinearRegression'}",3,"['z_re_T6W40', 'z_l1_T6W40', 'z_asp_T6W40']",0.12349044844623917,0.17625392760604014,98.0,0.14987218802613966,0.026381739579900487,0.13227477926827988,1.9844674545084815,3.419806334835255,3.4987662322311213,98.0,3.459286283533188,0.039479948697933184,0.19794757975401953,1.9844674545084815,completed,True,COMPLETE
