number,value,datetime_start,datetime_complete,duration,params_dt_max_depth,params_dt_min_samples_leaf,params_dt_min_samples_split,params_elastic_alpha,params_elastic_l1_ratio,params_et_max_depth,params_et_max_features,params_et_min_samples_leaf,params_et_min_samples_split,params_et_n_estimators,params_knn_metric,params_knn_n_neighbors,params_knn_weights,params_quantile_alpha,params_regressor,params_rf_max_depth,params_rf_max_features,params_rf_min_samples_leaf,params_rf_min_samples_split,params_rf_n_estimators,params_rfe_n_features,params_rfe_proxy_et_max_depth,params_rfe_proxy_et_min_samples_leaf,params_rfe_proxy_et_min_samples_split,params_rfe_proxy_et_n_estimators,params_rfe_proxy_lsvr_C,params_rfe_proxy_lsvr_epsilon,params_rfe_proxy_type,params_use_scaler,user_attrs_d2mae_ci_lower_val,user_attrs_d2mae_ci_upper_val,user_attrs_d2mae_df_val,user_attrs_d2mae_mean_val,user_attrs_d2mae_samperror_val,user_attrs_d2mae_std_val,user_attrs_d2mae_t_critical_val,user_attrs_mae_ci_lower_val,user_attrs_mae_ci_upper_val,user_attrs_mae_df_val,user_attrs_mae_mean_val,user_attrs_mae_samperror_val,user_attrs_mae_std_val,user_attrs_mae_t_critical_val,user_attrs_mape_ci_lower_val,user_attrs_mape_ci_upper_val,user_attrs_mape_df_val,user_attrs_mape_mean_val,user_attrs_mape_samperror_val,user_attrs_mape_std_val,user_attrs_mape_t_critical_val,user_attrs_max_error_ci_lower_val,user_attrs_max_error_ci_upper_val,user_attrs_max_error_df_val,user_attrs_max_error_mean_val,user_attrs_max_error_samperror_val,user_attrs_max_error_std_val,user_attrs_max_error_t_critical_val,user_attrs_median_ae_ci_lower_val,user_attrs_median_ae_ci_upper_val,user_attrs_median_ae_df_val,user_attrs_median_ae_mean_val,user_attrs_median_ae_samperror_val,user_attrs_median_ae_std_val,user_attrs_median_ae_t_critical_val,user_attrs_n_splits_val,user_attrs_r2_below_zero_val,user_attrs_r2_ci_lower_val,user_attrs_r2_ci_upper_val,user_attrs_r2_df_val,user_attrs_r2_mean_val,user_attrs_r2_samperror_val,user_attrs_r2_std_val,user_attrs_r2_t_critical_val,user_attrs_regressor_final,user_attrs_rfe_estimator,user_attrs_rfe_n_features,user_attrs_rfe_selected_features,user_attrs_rho_ci_lower_val,user_attrs_rho_ci_upper_val,user_attrs_rho_df_val,user_attrs_rho_mean_val,user_attrs_rho_samperror_val,user_attrs_rho_std_val,user_attrs_rho_t_critical_val,user_attrs_rmse_ci_lower_val,user_attrs_rmse_ci_upper_val,user_attrs_rmse_df_val,user_attrs_rmse_mean_val,user_attrs_rmse_samperror_val,user_attrs_rmse_std_val,user_attrs_rmse_t_critical_val,user_attrs_termination_reason,user_attrs_use_scaler_final,state
137,2.870899101821329,2026-06-11 10:37:27.477502,2026-06-11 10:37:29.008870,0 days 00:00:01.531368,,,,,,,,,,,,,,,LinearRegression,,,,,,9,,,,,,,,False,-0.03721997304425276,-0.017509150424673606,98.0,-0.027364561734463184,0.009855411309789577,0.04941381335572424,1.9844674545084815,2.837804270471084,2.9039939331715736,98.0,2.870899101821329,0.033094831350244644,0.16593339110623848,1.9844674545084815,922258473052509.4,1169314581951710.8,98.0,1045786527502110.0,123528054449600.64,619354386630732.4,1.9844674545084815,8.469836547553852,9.0585684910129,98.0,8.764202519283376,0.2943659717295249,1.4759145740442676,1.9844674545084815,2.438003120958533,2.521720775902203,98.0,2.479861948430368,0.04185882747183512,0.20987498369836027,1.9844674545084815,99.0,0.6363636363636364,-0.05928926079328753,-0.022703594087697756,98.0,-0.040996427440492644,0.01829283335279489,0.09171800390963829,1.9844674545084815,LinearRegression,"{'mode': 'original', 'type': 'LinearRegression'}",9,"['z_re_T2W20', 'z_pe_T2W20', 'z_l1_T2W20', 'z_l2_T2W20', 'z_l3_T2W20', 'z_lsc_T2W20', 'z_density_T2W20', 'z_diameter_T2W20', 'z_asp_T2W20']",0.03714542401699255,0.0909984656540686,98.0,0.06407194483553058,0.02692652081853803,0.13500624501836947,1.9844674545084815,3.4594584799972927,3.548223582724805,98.0,3.503841031361049,0.04438255136375597,0.22252862314949964,1.9844674545084815,completed,False,COMPLETE
138,2.7956649831649836,2026-06-11 10:37:29.021464,2026-06-11 10:37:31.161988,0 days 00:00:02.140524,,,,,,,,,,,,,,0.4477048932681668,QuantileRegressor,,,,,,5,,,,,,,,False,-0.0009466070487002694,5.9487806499319634e-05,98.0,-0.00044355962110047487,0.0005030474275997945,0.0025222175833292722,1.9844674545084815,2.777693032469059,2.813636933860908,98.0,2.7956649831649836,0.017971950695924464,0.09010913795597343,1.9844674545084815,824394433015304.0,1033150867836164.5,98.0,928772650425734.2,104378217410430.31,523339472234805.4,1.9844674545084815,8.561579990668083,8.89296546387737,98.0,8.727272727272727,0.16569273660464476,0.8307628878815312,1.9844674545084815,2.421970472839772,2.578029527160228,98.0,2.5,0.07802952716022794,0.3912303982179758,1.9844674545084815,99.0,1.0,-0.03129339557959086,-0.027338781343306924,98.0,-0.029316088461448894,0.001977307118141968,0.009913973330139818,1.9844674545084815,QuantileRegressor,"{'mode': 'original', 'type': 'QuantileRegressor'}",5,"['z_l3_T2W20', 'z_lsc_T2W20', 'z_density_T2W20', 'z_diameter_T2W20', 'z_asp_T2W20']",,,,,,,,3.4585342181766117,3.514098957988369,98.0,3.4863165880824902,0.027782369905878717,0.13929736648790278,1.9844674545084815,completed,False,COMPLETE
139,2.7956649831649836,2026-06-11 10:37:31.174327,2026-06-11 10:37:33.179800,0 days 00:00:02.005473,,,,,,,,,,,,,,0.6509192288795803,QuantileRegressor,,,,,,6,,,,,,,,False,-0.0009466070487002694,5.9487806499319634e-05,98.0,-0.00044355962110047487,0.0005030474275997945,0.0025222175833292722,1.9844674545084815,2.777693032469059,2.813636933860908,98.0,2.7956649831649836,0.017971950695924464,0.09010913795597343,1.9844674545084815,824394433015304.0,1033150867836164.5,98.0,928772650425734.2,104378217410430.31,523339472234805.4,1.9844674545084815,8.561579990668083,8.89296546387737,98.0,8.727272727272727,0.16569273660464476,0.8307628878815312,1.9844674545084815,2.421970472839772,2.578029527160228,98.0,2.5,0.07802952716022794,0.3912303982179758,1.9844674545084815,99.0,1.0,-0.03129339557959086,-0.027338781343306924,98.0,-0.029316088461448894,0.001977307118141968,0.009913973330139818,1.9844674545084815,QuantileRegressor,"{'mode': 'original', 'type': 'QuantileRegressor'}",6,"['z_l2_T2W20', 'z_l3_T2W20', 'z_lsc_T2W20', 'z_density_T2W20', 'z_diameter_T2W20', 'z_asp_T2W20']",,,,,,,,3.4585342181766117,3.514098957988369,98.0,3.4863165880824902,0.027782369905878717,0.13929736648790278,1.9844674545084815,completed,False,COMPLETE
140,2.7956649831649836,2026-06-11 10:37:33.191949,2026-06-11 10:37:35.234481,0 days 00:00:02.042532,,,,,,,,,,,,,,1.2379782672882316,QuantileRegressor,,,,,,4,,,,,,,,False,-0.0009466070487002694,5.9487806499319634e-05,98.0,-0.00044355962110047487,0.0005030474275997945,0.0025222175833292722,1.9844674545084815,2.777693032469059,2.813636933860908,98.0,2.7956649831649836,0.017971950695924464,0.09010913795597343,1.9844674545084815,824394433015304.0,1033150867836164.5,98.0,928772650425734.2,104378217410430.31,523339472234805.4,1.9844674545084815,8.561579990668083,8.89296546387737,98.0,8.727272727272727,0.16569273660464476,0.8307628878815312,1.9844674545084815,2.421970472839772,2.578029527160228,98.0,2.5,0.07802952716022794,0.3912303982179758,1.9844674545084815,99.0,1.0,-0.03129339557959086,-0.027338781343306924,98.0,-0.029316088461448894,0.001977307118141968,0.009913973330139818,1.9844674545084815,QuantileRegressor,"{'mode': 'original', 'type': 'QuantileRegressor'}",4,"['z_lsc_T2W20', 'z_density_T2W20', 'z_diameter_T2W20', 'z_asp_T2W20']",,,,,,,,3.4585342181766117,3.514098957988369,98.0,3.4863165880824902,0.027782369905878717,0.13929736648790278,1.9844674545084815,completed,False,COMPLETE
141,2.7956649831649836,2026-06-11 10:37:35.246946,2026-06-11 10:37:37.310375,0 days 00:00:02.063429,,,,,,,,,,,,,,3.4188877218564913,QuantileRegressor,,,,,,5,,,,,,,,False,-0.0009466070487002694,5.9487806499319634e-05,98.0,-0.00044355962110047487,0.0005030474275997945,0.0025222175833292722,1.9844674545084815,2.777693032469059,2.813636933860908,98.0,2.7956649831649836,0.017971950695924464,0.09010913795597343,1.9844674545084815,824394433015304.0,1033150867836164.5,98.0,928772650425734.2,104378217410430.31,523339472234805.4,1.9844674545084815,8.561579990668083,8.89296546387737,98.0,8.727272727272727,0.16569273660464476,0.8307628878815312,1.9844674545084815,2.421970472839772,2.578029527160228,98.0,2.5,0.07802952716022794,0.3912303982179758,1.9844674545084815,99.0,1.0,-0.03129339557959086,-0.027338781343306924,98.0,-0.029316088461448894,0.001977307118141968,0.009913973330139818,1.9844674545084815,QuantileRegressor,"{'mode': 'original', 'type': 'QuantileRegressor'}",5,"['z_l3_T2W20', 'z_lsc_T2W20', 'z_density_T2W20', 'z_diameter_T2W20', 'z_asp_T2W20']",,,,,,,,3.4585342181766117,3.514098957988369,98.0,3.4863165880824902,0.027782369905878717,0.13929736648790278,1.9844674545084815,completed,False,COMPLETE
142,2.7956649831649836,2026-06-11 10:37:37.322696,2026-06-11 10:37:39.451932,0 days 00:00:02.129236,,,,,,,,,,,,,,1.9376395429568947,QuantileRegressor,,,,,,5,,,,,,,,False,-0.0009466070487002694,5.9487806499319634e-05,98.0,-0.00044355962110047487,0.0005030474275997945,0.0025222175833292722,1.9844674545084815,2.777693032469059,2.813636933860908,98.0,2.7956649831649836,0.017971950695924464,0.09010913795597343,1.9844674545084815,824394433015304.0,1033150867836164.5,98.0,928772650425734.2,104378217410430.31,523339472234805.4,1.9844674545084815,8.561579990668083,8.89296546387737,98.0,8.727272727272727,0.16569273660464476,0.8307628878815312,1.9844674545084815,2.421970472839772,2.578029527160228,98.0,2.5,0.07802952716022794,0.3912303982179758,1.9844674545084815,99.0,1.0,-0.03129339557959086,-0.027338781343306924,98.0,-0.029316088461448894,0.001977307118141968,0.009913973330139818,1.9844674545084815,QuantileRegressor,"{'mode': 'original', 'type': 'QuantileRegressor'}",5,"['z_l3_T2W20', 'z_lsc_T2W20', 'z_density_T2W20', 'z_diameter_T2W20', 'z_asp_T2W20']",,,,,,,,3.4585342181766117,3.514098957988369,98.0,3.4863165880824902,0.027782369905878717,0.13929736648790278,1.9844674545084815,completed,False,COMPLETE
143,2.7956649831649836,2026-06-11 10:37:39.464292,2026-06-11 10:37:41.608539,0 days 00:00:02.144247,,,,,,,,,,,,,,7.415643640313205,QuantileRegressor,,,,,,5,,,,,,,,False,-0.0009466070487002694,5.9487806499319634e-05,98.0,-0.00044355962110047487,0.0005030474275997945,0.0025222175833292722,1.9844674545084815,2.777693032469059,2.813636933860908,98.0,2.7956649831649836,0.017971950695924464,0.09010913795597343,1.9844674545084815,824394433015304.0,1033150867836164.5,98.0,928772650425734.2,104378217410430.31,523339472234805.4,1.9844674545084815,8.561579990668083,8.89296546387737,98.0,8.727272727272727,0.16569273660464476,0.8307628878815312,1.9844674545084815,2.421970472839772,2.578029527160228,98.0,2.5,0.07802952716022794,0.3912303982179758,1.9844674545084815,99.0,1.0,-0.03129339557959086,-0.027338781343306924,98.0,-0.029316088461448894,0.001977307118141968,0.009913973330139818,1.9844674545084815,QuantileRegressor,"{'mode': 'original', 'type': 'QuantileRegressor'}",5,"['z_l3_T2W20', 'z_lsc_T2W20', 'z_density_T2W20', 'z_diameter_T2W20', 'z_asp_T2W20']",,,,,,,,3.4585342181766117,3.514098957988369,98.0,3.4863165880824902,0.027782369905878717,0.13929736648790278,1.9844674545084815,completed,False,COMPLETE
144,2.7956649831649836,2026-06-11 10:37:41.620839,2026-06-11 10:37:43.724962,0 days 00:00:02.104123,,,,,,,,,,,,,,9.936151502763057,QuantileRegressor,,,,,,6,,,,,,,,False,-0.0009466070487002694,5.9487806499319634e-05,98.0,-0.00044355962110047487,0.0005030474275997945,0.0025222175833292722,1.9844674545084815,2.777693032469059,2.813636933860908,98.0,2.7956649831649836,0.017971950695924464,0.09010913795597343,1.9844674545084815,824394433015304.0,1033150867836164.5,98.0,928772650425734.2,104378217410430.31,523339472234805.4,1.9844674545084815,8.561579990668083,8.89296546387737,98.0,8.727272727272727,0.16569273660464476,0.8307628878815312,1.9844674545084815,2.421970472839772,2.578029527160228,98.0,2.5,0.07802952716022794,0.3912303982179758,1.9844674545084815,99.0,1.0,-0.03129339557959086,-0.027338781343306924,98.0,-0.029316088461448894,0.001977307118141968,0.009913973330139818,1.9844674545084815,QuantileRegressor,"{'mode': 'original', 'type': 'QuantileRegressor'}",6,"['z_l2_T2W20', 'z_l3_T2W20', 'z_lsc_T2W20', 'z_density_T2W20', 'z_diameter_T2W20', 'z_asp_T2W20']",,,,,,,,3.4585342181766117,3.514098957988369,98.0,3.4863165880824902,0.027782369905878717,0.13929736648790278,1.9844674545084815,completed,False,COMPLETE
145,2.7956649831649836,2026-06-11 10:37:43.737794,2026-06-11 10:37:45.790844,0 days 00:00:02.053050,,,,,,,,,,,,,,5.414210733316442,QuantileRegressor,,,,,,5,,,,,,,,False,-0.0009466070487002694,5.9487806499319634e-05,98.0,-0.00044355962110047487,0.0005030474275997945,0.0025222175833292722,1.9844674545084815,2.777693032469059,2.813636933860908,98.0,2.7956649831649836,0.017971950695924464,0.09010913795597343,1.9844674545084815,824394433015304.0,1033150867836164.5,98.0,928772650425734.2,104378217410430.31,523339472234805.4,1.9844674545084815,8.561579990668083,8.89296546387737,98.0,8.727272727272727,0.16569273660464476,0.8307628878815312,1.9844674545084815,2.421970472839772,2.578029527160228,98.0,2.5,0.07802952716022794,0.3912303982179758,1.9844674545084815,99.0,1.0,-0.03129339557959086,-0.027338781343306924,98.0,-0.029316088461448894,0.001977307118141968,0.009913973330139818,1.9844674545084815,QuantileRegressor,"{'mode': 'original', 'type': 'QuantileRegressor'}",5,"['z_l3_T2W20', 'z_lsc_T2W20', 'z_density_T2W20', 'z_diameter_T2W20', 'z_asp_T2W20']",,,,,,,,3.4585342181766117,3.514098957988369,98.0,3.4863165880824902,0.027782369905878717,0.13929736648790278,1.9844674545084815,completed,False,COMPLETE
146,2.7956649831649836,2026-06-11 10:37:45.830121,2026-06-11 10:37:47.946488,0 days 00:00:02.116367,,,,,,,,,,,,,,3.6816695524557943,QuantileRegressor,,,,,,6,,,,,,,,False,-0.0009466070487002694,5.9487806499319634e-05,98.0,-0.00044355962110047487,0.0005030474275997945,0.0025222175833292722,1.9844674545084815,2.777693032469059,2.813636933860908,98.0,2.7956649831649836,0.017971950695924464,0.09010913795597343,1.9844674545084815,824394433015304.0,1033150867836164.5,98.0,928772650425734.2,104378217410430.31,523339472234805.4,1.9844674545084815,8.561579990668083,8.89296546387737,98.0,8.727272727272727,0.16569273660464476,0.8307628878815312,1.9844674545084815,2.421970472839772,2.578029527160228,98.0,2.5,0.07802952716022794,0.3912303982179758,1.9844674545084815,99.0,1.0,-0.03129339557959086,-0.027338781343306924,98.0,-0.029316088461448894,0.001977307118141968,0.009913973330139818,1.9844674545084815,QuantileRegressor,"{'mode': 'original', 'type': 'QuantileRegressor'}",6,"['z_l2_T2W20', 'z_l3_T2W20', 'z_lsc_T2W20', 'z_density_T2W20', 'z_diameter_T2W20', 'z_asp_T2W20']",,,,,,,,3.4585342181766117,3.514098957988369,98.0,3.4863165880824902,0.027782369905878717,0.13929736648790278,1.9844674545084815,completed,False,COMPLETE
147,2.9301524899457427,2026-06-11 10:37:47.960015,2026-06-11 10:38:09.444735,0 days 00:00:21.484720,,,,,,,,,,,,,,,RandomForestRegressor,11.0,,2.0,11.0,211.0,7,,,,,,,,False,-0.05924775493561599,-0.03795762517965097,98.0,-0.04860269005763348,0.01064506487798251,0.05337303867954284,1.9844674545084815,2.8954468263894295,2.964858153502056,98.0,2.9301524899457427,0.034705663556313056,0.17400990455413368,1.9844674545084815,977419224928529.2,1226627951772384.5,98.0,1102023588350456.9,124604363421927.67,624750866696341.6,1.9844674545084815,8.324690978750976,8.760073655965979,98.0,8.542382317358477,0.21769133860750106,1.0914774469558384,1.9844674545084815,2.555629958440863,2.667496418487303,98.0,2.611563188464083,0.055933230023220246,0.2804422973199287,1.9844674545084815,99.0,0.8080808080808081,-0.11327856279744256,-0.07181859790977627,98.0,-0.09254858035360941,0.02072998244383315,0.10393756801702497,1.9844674545084815,RandomForestRegressor,"{'mode': 'original', 'type': 'RandomForestRegressor'}",7,"['z_re_T2W20', 'z_pe_T2W20', 'z_l1_T2W20', 'z_l2_T2W20', 'z_l3_T2W20', 'z_lsc_T2W20', 'z_density_T2W20']",0.02039959348111662,0.07179847846970999,98.0,0.04609903597541331,0.02569944249429669,0.1288538260699399,1.9844674545084815,3.5436275671468285,3.6321503994224247,98.0,3.5878889832846266,0.044261416137797896,0.2219212661089721,1.9844674545084815,completed,False,COMPLETE
148,2.8915480228971755,2026-06-11 10:38:09.457313,2026-06-11 10:38:31.482533,0 days 00:00:22.025220,,,,,,14.0,,3.0,10.0,399.0,,,,,ExtraTreesRegressor,,,,,,5,,,,,,,,True,-0.04301260200363481,-0.02660201157781926,98.0,-0.034807306790727036,0.008205295212907778,0.041140335338059,1.9844674545084815,2.862767433777551,2.9203286120168,98.0,2.8915480228971755,0.028780589119624472,0.14430231416239855,1.9844674545084815,960395971853794.1,1203524415355735.5,98.0,1081960193604764.8,121564221750970.64,609507972373462.5,1.9844674545084815,8.04367381154438,8.39142530484478,98.0,8.21754955819458,0.17387574665019961,0.8717914881467896,1.9844674545084815,2.562948543072311,2.6706514903263407,98.0,2.616800016699326,0.05385147362701467,0.27000462822822807,1.9844674545084815,99.0,0.7272727272727273,-0.06344756968637516,-0.032793797542649224,98.0,-0.048120683614512196,0.01532688607186297,0.07684711108172476,1.9844674545084815,ExtraTreesRegressor,"{'mode': 'original', 'type': 'ExtraTreesRegressor'}",5,"['z_re_T2W20', 'z_pe_T2W20', 'z_l2_T2W20', 'z_l3_T2W20', 'z_density_T2W20']",0.02374054829570837,0.07002831324201489,98.0,0.04688443076886163,0.02314388247315326,0.11604056420448171,1.9844674545084815,3.4793041697596037,3.5512921126462285,98.0,3.515298141202916,0.03599397144331262,0.18046932095714766,1.9844674545084815,completed,True,COMPLETE
149,2.7956649831649836,2026-06-11 10:38:31.495033,2026-06-11 10:38:33.548603,0 days 00:00:02.053570,,,,,,,,,,,,,,5.675996956952434,QuantileRegressor,,,,,,2,,,,,,,,False,-0.0009466070487002694,5.9487806499319634e-05,98.0,-0.00044355962110047487,0.0005030474275997945,0.0025222175833292722,1.9844674545084815,2.777693032469059,2.813636933860908,98.0,2.7956649831649836,0.017971950695924464,0.09010913795597343,1.9844674545084815,824394433015304.0,1033150867836164.5,98.0,928772650425734.2,104378217410430.31,523339472234805.4,1.9844674545084815,8.561579990668083,8.89296546387737,98.0,8.727272727272727,0.16569273660464476,0.8307628878815312,1.9844674545084815,2.421970472839772,2.578029527160228,98.0,2.5,0.07802952716022794,0.3912303982179758,1.9844674545084815,99.0,1.0,-0.03129339557959086,-0.027338781343306924,98.0,-0.029316088461448894,0.001977307118141968,0.009913973330139818,1.9844674545084815,QuantileRegressor,"{'mode': 'original', 'type': 'QuantileRegressor'}",2,"['z_diameter_T2W20', 'z_asp_T2W20']",,,,,,,,3.4585342181766117,3.514098957988369,98.0,3.4863165880824902,0.027782369905878717,0.13929736648790278,1.9844674545084815,completed,False,COMPLETE
150,3.248530050217153,2026-06-11 10:38:33.560783,2026-06-11 10:38:33.736861,0 days 00:00:00.176078,7.0,4.0,8.0,,,,,,,,,,,,DecisionTreeRegressor,,,,,,3,,,,,,,,False,,,,,,,,,,,,,,,,,,,,,,,,,,,,,,,,,,,,,,,,,,,,,DecisionTreeRegressor,"{'mode': 'original', 'type': 'DecisionTreeRegressor'}",3,"['z_re_T2W20', 'z_l2_T2W20', 'z_lsc_T2W20']",,,,,,,,,,,,,,,pruned,False,PRUNED
151,2.7956649831649836,2026-06-11 10:38:33.747873,2026-06-11 10:38:35.847685,0 days 00:00:02.099812,,,,,,,,,,,,,,2.5860538293768536,QuantileRegressor,,,,,,4,,,,,,,,False,-0.0009466070487002694,5.9487806499319634e-05,98.0,-0.00044355962110047487,0.0005030474275997945,0.0025222175833292722,1.9844674545084815,2.777693032469059,2.813636933860908,98.0,2.7956649831649836,0.017971950695924464,0.09010913795597343,1.9844674545084815,824394433015304.0,1033150867836164.5,98.0,928772650425734.2,104378217410430.31,523339472234805.4,1.9844674545084815,8.561579990668083,8.89296546387737,98.0,8.727272727272727,0.16569273660464476,0.8307628878815312,1.9844674545084815,2.421970472839772,2.578029527160228,98.0,2.5,0.07802952716022794,0.3912303982179758,1.9844674545084815,99.0,1.0,-0.03129339557959086,-0.027338781343306924,98.0,-0.029316088461448894,0.001977307118141968,0.009913973330139818,1.9844674545084815,QuantileRegressor,"{'mode': 'original', 'type': 'QuantileRegressor'}",4,"['z_lsc_T2W20', 'z_density_T2W20', 'z_diameter_T2W20', 'z_asp_T2W20']",,,,,,,,3.4585342181766117,3.514098957988369,98.0,3.4863165880824902,0.027782369905878717,0.13929736648790278,1.9844674545084815,completed,False,COMPLETE
152,2.7956649831649836,2026-06-11 10:38:35.860310,2026-06-11 10:38:37.963834,0 days 00:00:02.103524,,,,,,,,,,,,,,7.333744334090131,QuantileRegressor,,,,,,4,,,,,,,,False,-0.0009466070487002694,5.9487806499319634e-05,98.0,-0.00044355962110047487,0.0005030474275997945,0.0025222175833292722,1.9844674545084815,2.777693032469059,2.813636933860908,98.0,2.7956649831649836,0.017971950695924464,0.09010913795597343,1.9844674545084815,824394433015304.0,1033150867836164.5,98.0,928772650425734.2,104378217410430.31,523339472234805.4,1.9844674545084815,8.561579990668083,8.89296546387737,98.0,8.727272727272727,0.16569273660464476,0.8307628878815312,1.9844674545084815,2.421970472839772,2.578029527160228,98.0,2.5,0.07802952716022794,0.3912303982179758,1.9844674545084815,99.0,1.0,-0.03129339557959086,-0.027338781343306924,98.0,-0.029316088461448894,0.001977307118141968,0.009913973330139818,1.9844674545084815,QuantileRegressor,"{'mode': 'original', 'type': 'QuantileRegressor'}",4,"['z_lsc_T2W20', 'z_density_T2W20', 'z_diameter_T2W20', 'z_asp_T2W20']",,,,,,,,3.4585342181766117,3.514098957988369,98.0,3.4863165880824902,0.027782369905878717,0.13929736648790278,1.9844674545084815,completed,False,COMPLETE
