number,value,datetime_start,datetime_complete,duration,params_dt_max_depth,params_dt_min_samples_leaf,params_dt_min_samples_split,params_elastic_alpha,params_elastic_l1_ratio,params_et_max_depth,params_et_max_features,params_et_min_samples_leaf,params_et_min_samples_split,params_et_n_estimators,params_knn_metric,params_knn_n_neighbors,params_knn_weights,params_quantile_alpha,params_regressor,params_rf_max_depth,params_rf_max_features,params_rf_min_samples_leaf,params_rf_min_samples_split,params_rf_n_estimators,params_rfe_n_features,params_rfe_proxy_et_max_depth,params_rfe_proxy_et_min_samples_leaf,params_rfe_proxy_et_min_samples_split,params_rfe_proxy_et_n_estimators,params_rfe_proxy_lsvr_C,params_rfe_proxy_lsvr_epsilon,params_rfe_proxy_type,params_use_scaler,user_attrs_d2mae_ci_lower_val,user_attrs_d2mae_ci_upper_val,user_attrs_d2mae_df_val,user_attrs_d2mae_mean_val,user_attrs_d2mae_samperror_val,user_attrs_d2mae_std_val,user_attrs_d2mae_t_critical_val,user_attrs_mae_ci_lower_val,user_attrs_mae_ci_upper_val,user_attrs_mae_df_val,user_attrs_mae_mean_val,user_attrs_mae_samperror_val,user_attrs_mae_std_val,user_attrs_mae_t_critical_val,user_attrs_mape_ci_lower_val,user_attrs_mape_ci_upper_val,user_attrs_mape_df_val,user_attrs_mape_mean_val,user_attrs_mape_samperror_val,user_attrs_mape_std_val,user_attrs_mape_t_critical_val,user_attrs_max_error_ci_lower_val,user_attrs_max_error_ci_upper_val,user_attrs_max_error_df_val,user_attrs_max_error_mean_val,user_attrs_max_error_samperror_val,user_attrs_max_error_std_val,user_attrs_max_error_t_critical_val,user_attrs_median_ae_ci_lower_val,user_attrs_median_ae_ci_upper_val,user_attrs_median_ae_df_val,user_attrs_median_ae_mean_val,user_attrs_median_ae_samperror_val,user_attrs_median_ae_std_val,user_attrs_median_ae_t_critical_val,user_attrs_n_splits_val,user_attrs_r2_below_zero_val,user_attrs_r2_ci_lower_val,user_attrs_r2_ci_upper_val,user_attrs_r2_df_val,user_attrs_r2_mean_val,user_attrs_r2_samperror_val,user_attrs_r2_std_val,user_attrs_r2_t_critical_val,user_attrs_regressor_final,user_attrs_rfe_estimator,user_attrs_rfe_n_features,user_attrs_rfe_selected_features,user_attrs_rho_ci_lower_val,user_attrs_rho_ci_upper_val,user_attrs_rho_df_val,user_attrs_rho_mean_val,user_attrs_rho_samperror_val,user_attrs_rho_std_val,user_attrs_rho_t_critical_val,user_attrs_rmse_ci_lower_val,user_attrs_rmse_ci_upper_val,user_attrs_rmse_df_val,user_attrs_rmse_mean_val,user_attrs_rmse_samperror_val,user_attrs_rmse_std_val,user_attrs_rmse_t_critical_val,user_attrs_termination_reason,user_attrs_use_scaler_final,state
272,2.7735339945276243,2026-06-11 10:44:06.028976,2026-06-11 10:44:08.236903,0 days 00:00:02.207927,,,,,,,,,,,,,,0.0037617903189349987,QuantileRegressor,,,,,,2,,,,,,,,False,0.0029845094279292187,0.011865033514259521,98.0,0.00742477147109437,0.0044402620431651515,0.022262924697371574,1.9844674545084815,2.752528032243682,2.7945399568115667,98.0,2.7735339945276243,0.02100596228394247,0.10532129680118626,1.9844674545084815,837272327097384.5,1050965494957416.8,98.0,944118911027400.6,106846583930016.1,535715556667849.1,1.9844674545084815,8.268999271592117,8.618331793032704,98.0,8.44366553231241,0.1746662607202944,0.8757550279207142,1.9844674545084815,2.3575977652730806,2.4327967991174244,98.0,2.3951972821952525,0.037599516922171845,0.18851932740869679,1.9844674545084815,99.0,0.3434343434343434,0.0002921877108119199,0.015175364980331296,98.0,0.007733776345571608,0.007441588634759688,0.03731120501311123,1.9844674545084815,QuantileRegressor,"{'mode': 'original', 'type': 'QuantileRegressor'}",2,"['z_pe_T2W20', 'z_l2_T2W20']",0.08641340424317824,0.12447699744921369,97.0,0.10544520084619596,0.019031796603017726,0.09492768333330165,1.9847231860139845,3.3934078560044267,3.4509879907275445,98.0,3.4221979233659856,0.02879006736155894,0.14434983689515604,1.9844674545084815,completed,False,COMPLETE
273,2.814747031290553,2026-06-11 10:44:08.254956,2026-06-11 10:44:10.097844,0 days 00:00:01.842888,,,,0.0012926366957000377,0.7419423528491289,,,,,,,,,,ElasticNet,,,,,,2,,,,,,,,False,-0.012320737583186477,-0.002505779779667503,98.0,-0.007413258681426989,0.004907478901759486,0.024605492239356916,1.9844674545084815,2.794103854836001,2.835390207745105,98.0,2.814747031290553,0.020643176454551885,0.1035023335232355,1.9844674545084815,911811091023515.5,1144718472825077.2,98.0,1028264781924296.4,116453690900780.88,583884402778847.6,1.9844674545084815,7.923353303535752,8.276111491051314,98.0,8.099732397293533,0.1763790937577812,0.8843429609215236,1.9844674545084815,2.404337239125918,2.4731686669102455,98.0,2.438752953018082,0.0344157138921639,0.1725561328000731,1.9844674545084815,99.0,0.31313131313131315,0.003216155004436341,0.018158629056337246,98.0,0.010687392030386794,0.007471237025950453,0.03745985837952554,1.9844674545084815,ElasticNet,"{'mode': 'original', 'type': 'ElasticNet'}",2,"['z_pe_T2W20', 'z_l2_T2W20']",0.07035733636562407,0.11166860321896523,98.0,0.09101296979229465,0.02065563342667058,0.10356479124071696,1.9844674545084815,3.389075383347005,3.444736722397958,98.0,3.4169060528724815,0.02783066952547664,0.13953953480670178,1.9844674545084815,completed,False,COMPLETE
274,2.7739104916058124,2026-06-11 10:44:10.110835,2026-06-11 10:44:12.339071,0 days 00:00:02.228236,,,,,,,,,,,,,,0.003362726674681188,QuantileRegressor,,,,,,2,,,,,,,,False,0.0029159249183336455,0.011638984513041545,98.0,0.007277454715687595,0.00436152979735395,0.021868170954752308,1.9844674545084815,2.753228483687439,2.7945924995241858,98.0,2.7739104916058124,0.020682007918373595,0.10369702968002699,1.9844674545084815,837750844791097.6,1051323017705692.6,98.0,944536931248395.1,106786086457297.55,535412229822176.25,1.9844674545084815,8.274076657686177,8.620390546189345,98.0,8.44723360193776,0.17315694425158384,0.8681875018241119,1.9844674545084815,2.356897281305321,2.4318463404918202,98.0,2.3943718108985705,0.0374745295932496,0.18789265640034836,1.9844674545084815,99.0,0.3434343434343434,0.00011418180084052029,0.014583742856386145,98.0,0.007348962328613332,0.007234780527772812,0.03627429474342525,1.9844674545084815,QuantileRegressor,"{'mode': 'original', 'type': 'QuantileRegressor'}",2,"['z_pe_T2W20', 'z_l2_T2W20']",0.08515683206227485,0.12367727272714428,97.0,0.10441705239470957,0.019260220332434713,0.09606702587169708,1.9847231860139845,3.394465828338459,3.451207608265983,98.0,3.422836718302221,0.02837088996376186,0.14224813326792046,1.9844674545084815,completed,False,COMPLETE
275,2.7738680376582545,2026-06-11 10:44:12.351475,2026-06-11 10:44:14.601453,0 days 00:00:02.249978,,,,,,,,,,,,,,0.0032772650640463495,QuantileRegressor,,,,,,2,,,,,,,,False,0.0029758928199330927,0.01160781860899943,98.0,0.007291855714466261,0.0043159628945331685,0.021639704139881994,1.9844674545084815,2.7532772193839126,2.7944588559325965,98.0,2.7738680376582545,0.020590818274341977,0.10323981608350492,1.9844674545084815,837506103828742.1,1050922415048191.4,98.0,944214259438466.8,106708155609724.61,535021494191203.9,1.9844674545084815,8.273549437319957,8.619731040788174,98.0,8.446640239054066,0.17309080173410876,0.8678558714222284,1.9844674545084815,2.355512360280509,2.43159812225012,98.0,2.3935552412653145,0.038042880984805356,0.19074229998193135,1.9844674545084815,99.0,0.3434343434343434,9.73361443821789e-05,0.014482516563064277,98.0,0.007289926353723228,0.007192590209341049,0.036062757705053766,1.9844674545084815,QuantileRegressor,"{'mode': 'original', 'type': 'QuantileRegressor'}",2,"['z_pe_T2W20', 'z_l2_T2W20']",0.0846918410810386,0.12317285842060745,97.0,0.10393234975082302,0.019240508669784422,0.09596870712076302,1.9847231860139845,3.3945849615476997,3.451314885891543,98.0,3.4229499237196213,0.028364962171921523,0.14221841205280294,1.9844674545084815,completed,False,COMPLETE
276,2.7738388321351395,2026-06-11 10:44:14.662940,2026-06-11 10:44:16.801909,0 days 00:00:02.138969,,,,,,,,,,,,,,0.0032464433800606734,QuantileRegressor,,,,,,2,,,,,,,,False,0.0029854498800279423,0.01161965825191835,98.0,0.007302554065973146,0.004317104185945204,0.021645426433863045,1.9844674545084815,2.7532426459319796,2.7944350183382993,98.0,2.7738388321351395,0.020596186203159707,0.10326673021467289,1.9844674545084815,837403652177504.9,1050829019079472.6,98.0,944116335628488.8,106712683450983.89,535044196227258.8,1.9844674545084815,8.274240696637227,8.620278653980757,98.0,8.447259675308992,0.17301897867176474,0.8674957594709618,1.9844674545084815,2.3560696739331366,2.432155861839683,98.0,2.39411276788641,0.038043093953273065,0.19074336777948778,1.9844674545084815,99.0,0.3434343434343434,3.380366395672966e-05,0.014392239623184776,98.0,0.007213021643570752,0.007179217979614023,0.03599571099912635,1.9844674545084815,QuantileRegressor,"{'mode': 'original', 'type': 'QuantileRegressor'}",2,"['z_pe_T2W20', 'z_l2_T2W20']",0.08459314756557092,0.12304090130804081,97.0,0.10381702443680586,0.019223876871234943,0.09588575025973194,1.9847231860139845,3.3947403893680645,3.4514225749118292,98.0,3.423081482139947,0.028341092771882386,0.14209873383325716,1.9844674545084815,completed,False,COMPLETE
277,2.773808053934838,2026-06-11 10:44:16.814673,2026-06-11 10:44:18.959920,0 days 00:00:02.145247,,,,,,,,,,,,,,0.0033495641900551133,QuantileRegressor,,,,,,2,,,,,,,,False,0.0029450822978864134,0.011683215315679134,98.0,0.007314148806782774,0.00436906650889636,0.02190595909425925,1.9844674545084815,2.753113143112961,2.7945029647567154,98.0,2.773808053934838,0.020694910821877233,0.10376172324231824,1.9844674545084815,837738936527179.5,1051311127478084.2,98.0,944525032002631.9,106786095475452.4,535412275038089.4,1.9844674545084815,8.2739091336049,8.62024256504716,98.0,8.44707584932603,0.17316671572113088,0.8682364947638512,1.9844674545084815,2.356509842122584,2.4316013155573746,98.0,2.3940555788399793,0.037545736717395244,0.18824968011366974,1.9844674545084815,99.0,0.3434343434343434,0.00015925431069194543,0.014646786061450048,98.0,0.007403020186070997,0.0072437658753790515,0.036319346164983876,1.9844674545084815,QuantileRegressor,"{'mode': 'original', 'type': 'QuantileRegressor'}",2,"['z_pe_T2W20', 'z_l2_T2W20']",0.08518718408994512,0.12372263742154431,97.0,0.10445491075574471,0.019267726665799595,0.09610446631158401,1.9847231860139845,3.3943573431991214,3.4511306276102443,98.0,3.422743985404683,0.02838664220556139,0.14232711306001125,1.9844674545084815,completed,False,COMPLETE
278,2.8162811938908257,2026-06-11 10:44:18.973838,2026-06-11 10:44:20.540534,0 days 00:00:01.566696,,,,,,,,,,,,,,,LinearRegression,,,,,,2,,,,,,,,False,-0.012939987752978596,-0.0029900017372333984,98.0,-0.007964994745105997,0.004974993007872599,0.024943999617028513,1.9844674545084815,2.7955520868930184,2.837010300888633,98.0,2.8162811938908257,0.0207291069978071,0.10393317863892859,1.9844674545084815,911729397664757.2,1144619680719632.2,98.0,1028174539192194.8,116445141527437.48,583841537278320.1,1.9844674545084815,7.927335213557095,8.28342249588845,98.0,8.105378854722773,0.17804364116567792,0.8926887957477029,1.9844674545084815,2.4051202084074017,2.4738753368462296,98.0,2.4394977726268157,0.034377564219413986,0.17236485505938928,1.9844674545084815,99.0,0.32323232323232326,0.0017982444672080171,0.01735511293001359,98.0,0.009576678698610803,0.007778434231402786,0.039000107172444336,1.9844674545084815,LinearRegression,"{'mode': 'original', 'type': 'LinearRegression'}",2,"['z_pe_T2W20', 'z_l2_T2W20']",0.06921368281952575,0.11066099951935976,98.0,0.08993734116944276,0.020723658349917,0.10390585979231534,1.9844674545084815,3.3907615082115634,3.4467681211433114,98.0,3.4187648146774374,0.02800330646587411,0.14040511507351724,1.9844674545084815,completed,False,COMPLETE
279,2.7738007785104393,2026-06-11 10:44:20.553224,2026-06-11 10:44:22.784929,0 days 00:00:02.231705,,,,,,,,,,,,,,0.0030600280350446827,QuantileRegressor,,,,,,2,,,,,,,,False,0.003001925283355485,0.011632411737830202,98.0,0.007317168510592843,0.004315243227237358,0.02163609581707175,1.9844674545084815,2.7531932254167506,2.794408331604128,98.0,2.7738007785104393,0.02060755309368889,0.10332372239788966,1.9844674545084815,837018093862481.1,1050456847836039.1,98.0,943737470849260.1,106719376986779.03,535077756787855.9,1.9844674545084815,8.278687207993908,8.622877242551276,98.0,8.450782225272592,0.1720950172786838,0.8628631313248137,1.9844674545084815,2.3569324293423763,2.4336043014716946,98.0,2.3952683654070355,0.03833593606465902,0.19221164190624573,1.9844674545084815,99.0,0.35353535353535354,-6.19357393483351e-05,0.014292695253966764,98.0,0.007115379757309214,0.007177315496657549,0.03598617218488831,1.9844674545084815,QuantileRegressor,"{'mode': 'original', 'type': 'QuantileRegressor'}",2,"['z_pe_T2W20', 'z_l2_T2W20']",0.08412957169036554,0.12247784233936525,97.0,0.1033037070148654,0.019174135324499852,0.09563764705142902,1.9847231860139845,3.3949226467152434,3.4515701817706086,98.0,3.423246414242926,0.028323767527682633,0.14201186720168607,1.9844674545084815,completed,False,COMPLETE
280,2.7738388321351395,2026-06-11 10:44:22.797389,2026-06-11 10:44:24.922911,0 days 00:00:02.125522,,,,,,,,,,,,,,0.0032503210938798627,QuantileRegressor,,,,,,2,,,,,,,,False,0.0029854498800279423,0.01161965825191835,98.0,0.007302554065973146,0.004317104185945204,0.021645426433863045,1.9844674545084815,2.7532426459319796,2.7944350183382993,98.0,2.7738388321351395,0.020596186203159707,0.10326673021467289,1.9844674545084815,837403652177504.9,1050829019079472.6,98.0,944116335628488.8,106712683450983.89,535044196227258.8,1.9844674545084815,8.274240696637227,8.620278653980757,98.0,8.447259675308992,0.17301897867176474,0.8674957594709618,1.9844674545084815,2.3560696739331366,2.432155861839683,98.0,2.39411276788641,0.038043093953273065,0.19074336777948778,1.9844674545084815,99.0,0.3434343434343434,3.380366395672966e-05,0.014392239623184776,98.0,0.007213021643570752,0.007179217979614023,0.03599571099912635,1.9844674545084815,QuantileRegressor,"{'mode': 'original', 'type': 'QuantileRegressor'}",2,"['z_pe_T2W20', 'z_l2_T2W20']",0.08459314756557092,0.12304090130804081,97.0,0.10381702443680586,0.019223876871234943,0.09588575025973194,1.9847231860139845,3.3947403893680645,3.4514225749118292,98.0,3.423081482139947,0.028341092771882386,0.14209873383325716,1.9844674545084815,completed,False,COMPLETE
281,2.7738240261693243,2026-06-11 10:44:24.935391,2026-06-11 10:44:27.139810,0 days 00:00:02.204419,,,,,,,,,,,,,,0.003180617404131985,QuantileRegressor,,,,,,2,,,,,,,,False,0.0029976315375669334,0.011620552507459539,98.0,0.007309092022513236,0.004311460484946302,0.021617129615087126,1.9844674545084815,2.7532193240863796,2.794428728252269,98.0,2.7738240261693243,0.02060470208294496,0.10330942778264252,1.9844674545084815,837146741906802.5,1050584806331952.8,98.0,943865774119377.6,106719032212575.06,535076028132640.0,1.9844674545084815,8.2783969575475,8.62211474650329,98.0,8.450255852025395,0.17185889447789413,0.8616792408061439,1.9844674545084815,2.35708183409094,2.4336583733886354,98.0,2.3953701037397876,0.03828826964884773,0.19197264839291608,1.9844674545084815,99.0,0.35353535353535354,-4.9520555304884487e-05,0.014303345619162926,98.0,0.007126912531929021,0.007176433087233905,0.035981747893177624,1.9844674545084815,QuantileRegressor,"{'mode': 'original', 'type': 'QuantileRegressor'}",2,"['z_pe_T2W20', 'z_l2_T2W20']",0.08428462633308761,0.12267796118212679,97.0,0.1034812937576072,0.019196667424519587,0.09575003371150757,1.9847231860139845,3.394913009531659,3.451535854477102,98.0,3.4232244320043805,0.028311422472721854,0.14194997062299208,1.9844674545084815,completed,False,COMPLETE
282,2.7739390394962795,2026-06-11 10:44:27.152429,2026-06-11 10:44:29.335828,0 days 00:00:02.183399,,,,,,,,,,,,,,0.002944879782753283,QuantileRegressor,,,,,,2,,,,,,,,False,0.0029550787653628355,0.011581563056562567,98.0,0.007268320910962701,0.004313242145599866,0.021626062641242106,1.9844674545084815,2.753323427698625,2.794554651293934,98.0,2.7739390394962795,0.020615611797654462,0.1033641277428445,1.9844674545084815,836929060512219.1,1050395884134272.4,98.0,943662472323245.8,106733411811026.58,535148125660757.2,1.9844674545084815,8.278591948321306,8.622811969298837,98.0,8.450701958810072,0.17211001048876481,0.8629383054257476,1.9844674545084815,2.3564956624288893,2.433187443966169,98.0,2.394841553197529,0.03834589076863989,0.19226155356077337,1.9844674545084815,99.0,0.35353535353535354,-9.2586679490499e-05,0.014249689059888894,98.0,0.007078551190199197,0.007171137869689696,0.03595519832734189,1.9844674545084815,QuantileRegressor,"{'mode': 'original', 'type': 'QuantileRegressor'}",2,"['z_pe_T2W20', 'z_l2_T2W20']",0.08409989017391686,0.12242401505530942,97.0,0.10326195261461314,0.01916206244069628,0.0955774293581376,1.9847231860139845,3.3949909578275475,3.4516303745363683,98.0,3.423310666181958,0.02831970835441024,0.14199151500895096,1.9844674545084815,completed,False,COMPLETE
283,2.7738388321351395,2026-06-11 10:44:29.348266,2026-06-11 10:44:31.520523,0 days 00:00:02.172257,,,,,,,,,,,,,,0.0032465542510331405,QuantileRegressor,,,,,,2,,,,,,,,False,0.0029854498800279423,0.01161965825191835,98.0,0.007302554065973146,0.004317104185945204,0.021645426433863045,1.9844674545084815,2.7532426459319796,2.7944350183382993,98.0,2.7738388321351395,0.020596186203159707,0.10326673021467289,1.9844674545084815,837403652177504.9,1050829019079472.6,98.0,944116335628488.8,106712683450983.89,535044196227258.8,1.9844674545084815,8.274240696637227,8.620278653980757,98.0,8.447259675308992,0.17301897867176474,0.8674957594709618,1.9844674545084815,2.3560696739331366,2.432155861839683,98.0,2.39411276788641,0.038043093953273065,0.19074336777948778,1.9844674545084815,99.0,0.3434343434343434,3.380366395672966e-05,0.014392239623184776,98.0,0.007213021643570752,0.007179217979614023,0.03599571099912635,1.9844674545084815,QuantileRegressor,"{'mode': 'original', 'type': 'QuantileRegressor'}",2,"['z_pe_T2W20', 'z_l2_T2W20']",0.08459314756557092,0.12304090130804081,97.0,0.10381702443680586,0.019223876871234943,0.09588575025973194,1.9847231860139845,3.3947403893680645,3.4514225749118292,98.0,3.423081482139947,0.028341092771882386,0.14209873383325716,1.9844674545084815,completed,False,COMPLETE
284,2.7742248124450994,2026-06-11 10:44:31.533188,2026-06-11 10:44:33.698481,0 days 00:00:02.165293,,,,,,,,,,,,,,0.003564880318280282,QuantileRegressor,,,,,,2,,,,,,,,False,0.0026816686943030516,0.011655342348638461,98.0,0.007168505521470756,0.004486836827167704,0.022496444903829047,1.9844674545084815,2.7532854359010983,2.7951641889891006,98.0,2.7742248124450994,0.02093937654400112,0.10498744413667634,1.9844674545084815,837353438585723.1,1050943382382615.9,98.0,944148410484169.5,106794971898446.33,535456780325114.0,1.9844674545084815,8.273118430715565,8.621204547894264,98.0,8.447161489304914,0.17404305858934901,0.8726303695159621,1.9844674545084815,2.358850472751641,2.4335659619906034,98.0,2.396208217371122,0.03735774461948143,0.18730711098624664,1.9844674545084815,99.0,0.3434343434343434,-3.136886684348972e-05,0.01479447474455601,98.0,0.0073815529388562605,0.00741292180569975,0.037167473077817856,1.9844674545084815,QuantileRegressor,"{'mode': 'original', 'type': 'QuantileRegressor'}",2,"['z_pe_T2W20', 'z_l2_T2W20']",0.08614787869274271,0.12414079301531192,97.0,0.10514433585402731,0.0189964571612846,0.09475141561649106,1.9847231860139845,3.394151526130761,3.451410551010814,98.0,3.4227810385707875,0.028629512440026327,0.14354483437658283,1.9844674545084815,completed,False,COMPLETE
285,2.7737246339889787,2026-06-11 10:44:33.711117,2026-06-11 10:44:35.896340,0 days 00:00:02.185223,,,,,,,,,,,,,,0.0036479990064375812,QuantileRegressor,,,,,,2,,,,,,,,False,0.002941889474744939,0.011773141980727571,98.0,0.007357515727736255,0.004415626252991316,0.022139403892480213,1.9844674545084815,2.7527435715641304,2.794705696413827,98.0,2.7737246339889787,0.020981062424848207,0.10519645198738883,1.9844674545084815,837187230021979.2,1050839831461845.2,98.0,944013530741912.2,106826300719932.95,535613859161190.25,1.9844674545084815,8.268999909653353,8.618202150332483,98.0,8.443601029992918,0.17460112033956426,0.8754284221085225,1.9844674545084815,2.356901020523642,2.432329192589683,98.0,2.3946151065566625,0.03771408603302049,0.1890937627601856,1.9844674545084815,99.0,0.3434343434343434,0.0002762305473137097,0.015053540238440067,98.0,0.007664885392876889,0.007388654845563179,0.03704580154111515,1.9844674545084815,QuantileRegressor,"{'mode': 'original', 'type': 'QuantileRegressor'}",2,"['z_pe_T2W20', 'z_l2_T2W20']",0.08648516108539915,0.12461910462283486,97.0,0.105552132854117,0.01906697176871786,0.09510313166644793,1.9847231860139845,3.393590212880537,3.451051868926551,98.0,3.422321040903544,0.028730828023006975,0.14405281817858398,1.9844674545084815,completed,False,COMPLETE
