number,value,datetime_start,datetime_complete,duration,params_dt_max_depth,params_dt_min_samples_leaf,params_dt_min_samples_split,params_elastic_alpha,params_elastic_l1_ratio,params_et_max_depth,params_et_max_features,params_et_min_samples_leaf,params_et_min_samples_split,params_et_n_estimators,params_knn_metric,params_knn_n_neighbors,params_knn_weights,params_quantile_alpha,params_regressor,params_rf_max_depth,params_rf_max_features,params_rf_min_samples_leaf,params_rf_min_samples_split,params_rf_n_estimators,params_rfe_n_features,params_rfe_proxy_et_max_depth,params_rfe_proxy_et_min_samples_leaf,params_rfe_proxy_et_min_samples_split,params_rfe_proxy_et_n_estimators,params_rfe_proxy_lsvr_C,params_rfe_proxy_lsvr_epsilon,params_rfe_proxy_type,params_use_scaler,user_attrs_d2mae_ci_lower_val,user_attrs_d2mae_ci_upper_val,user_attrs_d2mae_df_val,user_attrs_d2mae_mean_val,user_attrs_d2mae_samperror_val,user_attrs_d2mae_std_val,user_attrs_d2mae_t_critical_val,user_attrs_mae_ci_lower_val,user_attrs_mae_ci_upper_val,user_attrs_mae_df_val,user_attrs_mae_mean_val,user_attrs_mae_samperror_val,user_attrs_mae_std_val,user_attrs_mae_t_critical_val,user_attrs_mape_ci_lower_val,user_attrs_mape_ci_upper_val,user_attrs_mape_df_val,user_attrs_mape_mean_val,user_attrs_mape_samperror_val,user_attrs_mape_std_val,user_attrs_mape_t_critical_val,user_attrs_max_error_ci_lower_val,user_attrs_max_error_ci_upper_val,user_attrs_max_error_df_val,user_attrs_max_error_mean_val,user_attrs_max_error_samperror_val,user_attrs_max_error_std_val,user_attrs_max_error_t_critical_val,user_attrs_median_ae_ci_lower_val,user_attrs_median_ae_ci_upper_val,user_attrs_median_ae_df_val,user_attrs_median_ae_mean_val,user_attrs_median_ae_samperror_val,user_attrs_median_ae_std_val,user_attrs_median_ae_t_critical_val,user_attrs_n_splits_val,user_attrs_r2_below_zero_val,user_attrs_r2_ci_lower_val,user_attrs_r2_ci_upper_val,user_attrs_r2_df_val,user_attrs_r2_mean_val,user_attrs_r2_samperror_val,user_attrs_r2_std_val,user_attrs_r2_t_critical_val,user_attrs_regressor_final,user_attrs_rfe_estimator,user_attrs_rfe_n_features,user_attrs_rfe_selected_features,user_attrs_rho_ci_lower_val,user_attrs_rho_ci_upper_val,user_attrs_rho_df_val,user_attrs_rho_mean_val,user_attrs_rho_samperror_val,user_attrs_rho_std_val,user_attrs_rho_t_critical_val,user_attrs_rmse_ci_lower_val,user_attrs_rmse_ci_upper_val,user_attrs_rmse_df_val,user_attrs_rmse_mean_val,user_attrs_rmse_samperror_val,user_attrs_rmse_std_val,user_attrs_rmse_t_critical_val,user_attrs_termination_reason,user_attrs_use_scaler_final,state
105,2.7956649831649836,2026-06-11 10:35:12.356552,2026-06-11 10:35:14.546067,0 days 00:00:02.189515,,,,,,,,,,,,,,2.2327149978666534,QuantileRegressor,,,,,,6,,,,,,,,False,-0.0009466070487002694,5.9487806499319634e-05,98.0,-0.00044355962110047487,0.0005030474275997945,0.0025222175833292722,1.9844674545084815,2.777693032469059,2.813636933860908,98.0,2.7956649831649836,0.017971950695924464,0.09010913795597343,1.9844674545084815,824394433015304.0,1033150867836164.5,98.0,928772650425734.2,104378217410430.31,523339472234805.4,1.9844674545084815,8.561579990668083,8.89296546387737,98.0,8.727272727272727,0.16569273660464476,0.8307628878815312,1.9844674545084815,2.421970472839772,2.578029527160228,98.0,2.5,0.07802952716022794,0.3912303982179758,1.9844674545084815,99.0,1.0,-0.03129339557959086,-0.027338781343306924,98.0,-0.029316088461448894,0.001977307118141968,0.009913973330139818,1.9844674545084815,QuantileRegressor,"{'mode': 'original', 'type': 'QuantileRegressor'}",6,"['z_l2_T2W20', 'z_l3_T2W20', 'z_lsc_T2W20', 'z_density_T2W20', 'z_diameter_T2W20', 'z_asp_T2W20']",,,,,,,,3.4585342181766117,3.514098957988369,98.0,3.4863165880824902,0.027782369905878717,0.13929736648790278,1.9844674545084815,completed,False,COMPLETE
106,2.7956649831649836,2026-06-11 10:35:14.558571,2026-06-11 10:35:16.693242,0 days 00:00:02.134671,,,,,,,,,,,,,,9.850025500289908,QuantileRegressor,,,,,,3,,,,,,,,False,-0.0009466070487002694,5.9487806499319634e-05,98.0,-0.00044355962110047487,0.0005030474275997945,0.0025222175833292722,1.9844674545084815,2.777693032469059,2.813636933860908,98.0,2.7956649831649836,0.017971950695924464,0.09010913795597343,1.9844674545084815,824394433015304.0,1033150867836164.5,98.0,928772650425734.2,104378217410430.31,523339472234805.4,1.9844674545084815,8.561579990668083,8.89296546387737,98.0,8.727272727272727,0.16569273660464476,0.8307628878815312,1.9844674545084815,2.421970472839772,2.578029527160228,98.0,2.5,0.07802952716022794,0.3912303982179758,1.9844674545084815,99.0,1.0,-0.03129339557959086,-0.027338781343306924,98.0,-0.029316088461448894,0.001977307118141968,0.009913973330139818,1.9844674545084815,QuantileRegressor,"{'mode': 'original', 'type': 'QuantileRegressor'}",3,"['z_density_T2W20', 'z_diameter_T2W20', 'z_asp_T2W20']",,,,,,,,3.4585342181766117,3.514098957988369,98.0,3.4863165880824902,0.027782369905878717,0.13929736648790278,1.9844674545084815,completed,False,COMPLETE
107,2.798710955270494,2026-06-11 10:35:16.728065,2026-06-11 10:35:45.871371,0 days 00:00:29.143306,,,,,,,,,,,,,,,RandomForestRegressor,2.0,,4.0,10.0,342.0,5,,,,,,,,False,-0.00842245516254387,0.005318001281194348,98.0,-0.0015522269406747608,0.006870228221869109,0.03444647457072166,1.9844674545084815,2.772620498622836,2.824801411918152,98.0,2.798710955270494,0.026090456647657755,0.13081432267290133,1.9844674545084815,912838040525228.6,1145113717112556.8,98.0,1028975878818892.8,116137838293664.1,582300756872513.5,1.9844674545084815,8.151015297889451,8.529164496219312,98.0,8.340089897054382,0.1890745991649304,0.9479966548086896,1.9844674545084815,2.4212319030203404,2.518850544525758,98.0,2.470041223773049,0.04880932075270855,0.2447238973474678,1.9844674545084815,99.0,0.4444444444444444,-0.007856554122570757,0.01708390790123765,98.0,0.004613676889333447,0.012470231011904203,0.06252419593212848,1.9844674545084815,RandomForestRegressor,"{'mode': 'original', 'type': 'RandomForestRegressor'}",5,"['z_re_T2W20', 'z_pe_T2W20', 'z_l2_T2W20', 'z_l3_T2W20', 'z_lsc_T2W20']",0.0925057494717386,0.14582074848323823,98.0,0.11916324897748841,0.026657499505749804,0.13365740542954127,1.9844674545084815,3.391198212953422,3.462929860207865,98.0,3.4270640365806435,0.03586582362722134,0.17982680365703368,1.9844674545084815,completed,False,COMPLETE
108,2.8327704009167602,2026-06-11 10:35:45.883858,2026-06-11 10:35:47.606020,0 days 00:00:01.722162,,,,0.003393292325144105,0.7164443961744024,,,,,,,,,,ElasticNet,,,,,,4,,,,,,,,False,-0.019443198190006578,-0.007994367178159382,98.0,-0.01371878268408298,0.005724415505923599,0.028701511331074205,1.9844674545084815,2.8084029466267917,2.857137855206729,98.0,2.8327704009167602,0.024367454289968643,0.12217540195837456,1.9844674545084815,918863489183101.1,1156349305097037.8,98.0,1037606397140069.5,118742907956968.36,595362253960241.2,1.9844674545084815,8.093745325559293,8.513304820397465,98.0,8.30352507297838,0.20977974741908542,1.0518097072702473,1.9844674545084815,2.4234740911652803,2.493998636251807,98.0,2.4587363637085438,0.03526227254326355,0.17680067317136736,1.9844674545084815,99.0,0.46464646464646464,-0.010185651311406183,0.009892949712498943,98.0,-0.00014635079945361996,0.010039300511952563,0.05033581107131312,1.9844674545084815,ElasticNet,"{'mode': 'original', 'type': 'ElasticNet'}",4,"['z_pe_T2W20', 'z_l1_T2W20', 'z_l2_T2W20', 'z_asp_T2W20']",0.08795723195147032,0.1356177654022401,98.0,0.11178749867685521,0.023830266725384894,0.11948200995077866,1.9844674545084815,3.401959568303868,3.4699359348415197,98.0,3.435947751572694,0.033988183268825876,0.17041254713313125,1.9844674545084815,completed,False,COMPLETE
109,2.7956649831649836,2026-06-11 10:35:47.619782,2026-06-11 10:35:49.718666,0 days 00:00:02.098884,,,,,,,,,,,,,,3.489441152789872,QuantileRegressor,,,,,,8,,,,,,,,False,-0.0009466070487002694,5.9487806499319634e-05,98.0,-0.00044355962110047487,0.0005030474275997945,0.0025222175833292722,1.9844674545084815,2.777693032469059,2.813636933860908,98.0,2.7956649831649836,0.017971950695924464,0.09010913795597343,1.9844674545084815,824394433015304.0,1033150867836164.5,98.0,928772650425734.2,104378217410430.31,523339472234805.4,1.9844674545084815,8.561579990668083,8.89296546387737,98.0,8.727272727272727,0.16569273660464476,0.8307628878815312,1.9844674545084815,2.421970472839772,2.578029527160228,98.0,2.5,0.07802952716022794,0.3912303982179758,1.9844674545084815,99.0,1.0,-0.03129339557959086,-0.027338781343306924,98.0,-0.029316088461448894,0.001977307118141968,0.009913973330139818,1.9844674545084815,QuantileRegressor,"{'mode': 'original', 'type': 'QuantileRegressor'}",8,"['z_pe_T2W20', 'z_l1_T2W20', 'z_l2_T2W20', 'z_l3_T2W20', 'z_lsc_T2W20', 'z_density_T2W20', 'z_diameter_T2W20', 'z_asp_T2W20']",,,,,,,,3.4585342181766117,3.514098957988369,98.0,3.4863165880824902,0.027782369905878717,0.13929736648790278,1.9844674545084815,completed,False,COMPLETE
110,2.8596685566531246,2026-06-11 10:35:49.730863,2026-06-11 10:35:51.327405,0 days 00:00:01.596542,,,,,,,,,,,,,,,LinearRegression,,,,,,7,,,,,,,,True,-0.0322107017335066,-0.014572230330608046,98.0,-0.02339146603205732,0.008819235701449275,0.04421855701331037,1.9844674545084815,2.829456855060293,2.889880258245956,98.0,2.8596685566531246,0.03021170159283135,0.15147773509808787,1.9844674545084815,912011702478677.0,1152912603459689.0,98.0,1032462152969183.0,120450450490505.95,603923661028597.2,1.9844674545084815,8.390728719239611,8.93937543069865,98.0,8.66505207496913,0.27432335572951955,1.3754233763607218,1.9844674545084815,2.4204775144247694,2.499585121011931,98.0,2.46003131771835,0.03955380329358056,0.19831787756200212,1.9844674545084815,99.0,0.6060606060606061,-0.047685058284024064,-0.015065350327914555,98.0,-0.03137520430596931,0.016309853978054754,0.08177559058647971,1.9844674545084815,LinearRegression,"{'mode': 'original', 'type': 'LinearRegression'}",7,"['z_re_T2W20', 'z_pe_T2W20', 'z_l1_T2W20', 'z_l2_T2W20', 'z_density_T2W20', 'z_diameter_T2W20', 'z_asp_T2W20']",0.04796491488367411,0.10159674505749933,98.0,0.07478082997058672,0.026815915086912605,0.1344516815601013,1.9844674545084815,3.4469614251101,3.528795667287066,98.0,3.487878546198583,0.04091712108848294,0.2051533843657544,1.9844674545084815,completed,True,COMPLETE
111,2.7956649831649836,2026-06-11 10:35:51.339375,2026-06-11 10:35:53.553990,0 days 00:00:02.214615,,,,,,,,,,,,,,6.578767232554975,QuantileRegressor,,,,,,9,,,,,,,,False,-0.0009466070487002694,5.9487806499319634e-05,98.0,-0.00044355962110047487,0.0005030474275997945,0.0025222175833292722,1.9844674545084815,2.777693032469059,2.813636933860908,98.0,2.7956649831649836,0.017971950695924464,0.09010913795597343,1.9844674545084815,824394433015304.0,1033150867836164.5,98.0,928772650425734.2,104378217410430.31,523339472234805.4,1.9844674545084815,8.561579990668083,8.89296546387737,98.0,8.727272727272727,0.16569273660464476,0.8307628878815312,1.9844674545084815,2.421970472839772,2.578029527160228,98.0,2.5,0.07802952716022794,0.3912303982179758,1.9844674545084815,99.0,1.0,-0.03129339557959086,-0.027338781343306924,98.0,-0.029316088461448894,0.001977307118141968,0.009913973330139818,1.9844674545084815,QuantileRegressor,"{'mode': 'original', 'type': 'QuantileRegressor'}",9,"['z_re_T2W20', 'z_pe_T2W20', 'z_l1_T2W20', 'z_l2_T2W20', 'z_l3_T2W20', 'z_lsc_T2W20', 'z_density_T2W20', 'z_diameter_T2W20', 'z_asp_T2W20']",,,,,,,,3.4585342181766117,3.514098957988369,98.0,3.4863165880824902,0.027782369905878717,0.13929736648790278,1.9844674545084815,completed,False,COMPLETE
112,2.7956649831649836,2026-06-11 10:35:53.588157,2026-06-11 10:35:55.668459,0 days 00:00:02.080302,,,,,,,,,,,,,,4.0545025921320805,QuantileRegressor,,,,,,8,,,,,,,,False,-0.0009466070487002694,5.9487806499319634e-05,98.0,-0.00044355962110047487,0.0005030474275997945,0.0025222175833292722,1.9844674545084815,2.777693032469059,2.813636933860908,98.0,2.7956649831649836,0.017971950695924464,0.09010913795597343,1.9844674545084815,824394433015304.0,1033150867836164.5,98.0,928772650425734.2,104378217410430.31,523339472234805.4,1.9844674545084815,8.561579990668083,8.89296546387737,98.0,8.727272727272727,0.16569273660464476,0.8307628878815312,1.9844674545084815,2.421970472839772,2.578029527160228,98.0,2.5,0.07802952716022794,0.3912303982179758,1.9844674545084815,99.0,1.0,-0.03129339557959086,-0.027338781343306924,98.0,-0.029316088461448894,0.001977307118141968,0.009913973330139818,1.9844674545084815,QuantileRegressor,"{'mode': 'original', 'type': 'QuantileRegressor'}",8,"['z_pe_T2W20', 'z_l1_T2W20', 'z_l2_T2W20', 'z_l3_T2W20', 'z_lsc_T2W20', 'z_density_T2W20', 'z_diameter_T2W20', 'z_asp_T2W20']",,,,,,,,3.4585342181766117,3.514098957988369,98.0,3.4863165880824902,0.027782369905878717,0.13929736648790278,1.9844674545084815,completed,False,COMPLETE
113,2.7956649831649836,2026-06-11 10:35:55.682528,2026-06-11 10:35:57.921129,0 days 00:00:02.238601,,,,,,,,,,,,,,0.8979252950959967,QuantileRegressor,,,,,,8,,,,,,,,False,-0.0009466070487002694,5.9487806499319634e-05,98.0,-0.00044355962110047487,0.0005030474275997945,0.0025222175833292722,1.9844674545084815,2.777693032469059,2.813636933860908,98.0,2.7956649831649836,0.017971950695924464,0.09010913795597343,1.9844674545084815,824394433015304.0,1033150867836164.5,98.0,928772650425734.2,104378217410430.31,523339472234805.4,1.9844674545084815,8.561579990668083,8.89296546387737,98.0,8.727272727272727,0.16569273660464476,0.8307628878815312,1.9844674545084815,2.421970472839772,2.578029527160228,98.0,2.5,0.07802952716022794,0.3912303982179758,1.9844674545084815,99.0,1.0,-0.03129339557959086,-0.027338781343306924,98.0,-0.029316088461448894,0.001977307118141968,0.009913973330139818,1.9844674545084815,QuantileRegressor,"{'mode': 'original', 'type': 'QuantileRegressor'}",8,"['z_pe_T2W20', 'z_l1_T2W20', 'z_l2_T2W20', 'z_l3_T2W20', 'z_lsc_T2W20', 'z_density_T2W20', 'z_diameter_T2W20', 'z_asp_T2W20']",,,,,,,,3.4585342181766117,3.514098957988369,98.0,3.4863165880824902,0.027782369905878717,0.13929736648790278,1.9844674545084815,completed,False,COMPLETE
114,2.7956649831649836,2026-06-11 10:35:57.933225,2026-06-11 10:36:00.031175,0 days 00:00:02.097950,,,,,,,,,,,,,,0.5354572648789853,QuantileRegressor,,,,,,6,,,,,,,,False,-0.0009466070487002694,5.9487806499319634e-05,98.0,-0.00044355962110047487,0.0005030474275997945,0.0025222175833292722,1.9844674545084815,2.777693032469059,2.813636933860908,98.0,2.7956649831649836,0.017971950695924464,0.09010913795597343,1.9844674545084815,824394433015304.0,1033150867836164.5,98.0,928772650425734.2,104378217410430.31,523339472234805.4,1.9844674545084815,8.561579990668083,8.89296546387737,98.0,8.727272727272727,0.16569273660464476,0.8307628878815312,1.9844674545084815,2.421970472839772,2.578029527160228,98.0,2.5,0.07802952716022794,0.3912303982179758,1.9844674545084815,99.0,1.0,-0.03129339557959086,-0.027338781343306924,98.0,-0.029316088461448894,0.001977307118141968,0.009913973330139818,1.9844674545084815,QuantileRegressor,"{'mode': 'original', 'type': 'QuantileRegressor'}",6,"['z_l2_T2W20', 'z_l3_T2W20', 'z_lsc_T2W20', 'z_density_T2W20', 'z_diameter_T2W20', 'z_asp_T2W20']",,,,,,,,3.4585342181766117,3.514098957988369,98.0,3.4863165880824902,0.027782369905878717,0.13929736648790278,1.9844674545084815,completed,False,COMPLETE
115,2.7956649831649836,2026-06-11 10:36:00.043312,2026-06-11 10:36:02.331111,0 days 00:00:02.287799,,,,,,,,,,,,,,6.286193231736987,QuantileRegressor,,,,,,5,,,,,,,,False,-0.0009466070487002694,5.9487806499319634e-05,98.0,-0.00044355962110047487,0.0005030474275997945,0.0025222175833292722,1.9844674545084815,2.777693032469059,2.813636933860908,98.0,2.7956649831649836,0.017971950695924464,0.09010913795597343,1.9844674545084815,824394433015304.0,1033150867836164.5,98.0,928772650425734.2,104378217410430.31,523339472234805.4,1.9844674545084815,8.561579990668083,8.89296546387737,98.0,8.727272727272727,0.16569273660464476,0.8307628878815312,1.9844674545084815,2.421970472839772,2.578029527160228,98.0,2.5,0.07802952716022794,0.3912303982179758,1.9844674545084815,99.0,1.0,-0.03129339557959086,-0.027338781343306924,98.0,-0.029316088461448894,0.001977307118141968,0.009913973330139818,1.9844674545084815,QuantileRegressor,"{'mode': 'original', 'type': 'QuantileRegressor'}",5,"['z_l3_T2W20', 'z_lsc_T2W20', 'z_density_T2W20', 'z_diameter_T2W20', 'z_asp_T2W20']",,,,,,,,3.4585342181766117,3.514098957988369,98.0,3.4863165880824902,0.027782369905878717,0.13929736648790278,1.9844674545084815,completed,False,COMPLETE
116,2.7956649831649836,2026-06-11 10:36:02.392116,2026-06-11 10:36:04.594283,0 days 00:00:02.202167,,,,,,,,,,,,,,3.832765314803617,QuantileRegressor,,,,,,6,,,,,,,,False,-0.0009466070487002694,5.9487806499319634e-05,98.0,-0.00044355962110047487,0.0005030474275997945,0.0025222175833292722,1.9844674545084815,2.777693032469059,2.813636933860908,98.0,2.7956649831649836,0.017971950695924464,0.09010913795597343,1.9844674545084815,824394433015304.0,1033150867836164.5,98.0,928772650425734.2,104378217410430.31,523339472234805.4,1.9844674545084815,8.561579990668083,8.89296546387737,98.0,8.727272727272727,0.16569273660464476,0.8307628878815312,1.9844674545084815,2.421970472839772,2.578029527160228,98.0,2.5,0.07802952716022794,0.3912303982179758,1.9844674545084815,99.0,1.0,-0.03129339557959086,-0.027338781343306924,98.0,-0.029316088461448894,0.001977307118141968,0.009913973330139818,1.9844674545084815,QuantileRegressor,"{'mode': 'original', 'type': 'QuantileRegressor'}",6,"['z_l2_T2W20', 'z_l3_T2W20', 'z_lsc_T2W20', 'z_density_T2W20', 'z_diameter_T2W20', 'z_asp_T2W20']",,,,,,,,3.4585342181766117,3.514098957988369,98.0,3.4863165880824902,0.027782369905878717,0.13929736648790278,1.9844674545084815,completed,False,COMPLETE
117,2.7956649831649836,2026-06-11 10:36:04.606772,2026-06-11 10:36:06.964204,0 days 00:00:02.357432,,,,,,,,,,,,,,0.18810000996756474,QuantileRegressor,,,,,,7,,,,,,,,False,-0.0009466070487002694,5.9487806499319634e-05,98.0,-0.00044355962110047487,0.0005030474275997945,0.0025222175833292722,1.9844674545084815,2.777693032469059,2.813636933860908,98.0,2.7956649831649836,0.017971950695924464,0.09010913795597343,1.9844674545084815,824394433015304.0,1033150867836164.5,98.0,928772650425734.2,104378217410430.31,523339472234805.4,1.9844674545084815,8.561579990668083,8.89296546387737,98.0,8.727272727272727,0.16569273660464476,0.8307628878815312,1.9844674545084815,2.421970472839772,2.578029527160228,98.0,2.5,0.07802952716022794,0.3912303982179758,1.9844674545084815,99.0,1.0,-0.03129339557959086,-0.027338781343306924,98.0,-0.029316088461448894,0.001977307118141968,0.009913973330139818,1.9844674545084815,QuantileRegressor,"{'mode': 'original', 'type': 'QuantileRegressor'}",7,"['z_l1_T2W20', 'z_l2_T2W20', 'z_l3_T2W20', 'z_lsc_T2W20', 'z_density_T2W20', 'z_diameter_T2W20', 'z_asp_T2W20']",,,,,,,,3.4585342181766117,3.514098957988369,98.0,3.4863165880824902,0.027782369905878717,0.13929736648790278,1.9844674545084815,completed,False,COMPLETE
118,3.0532279368566373,2026-06-11 10:36:06.976639,2026-06-11 10:36:07.804195,0 days 00:00:00.827556,,,,,,,,,,,,,,,RandomForestRegressor,17.0,sqrt,1.0,7.0,76.0,4,,,,,,,,False,,,,,,,,,,,,,,,,,,,,,,,,,,,,,,,,,,,,,,,,,,,,,RandomForestRegressor,"{'mode': 'original', 'type': 'RandomForestRegressor'}",4,"['z_re_T2W20', 'z_pe_T2W20', 'z_l2_T2W20', 'z_l3_T2W20']",,,,,,,,,,,,,,,pruned,False,PRUNED
119,2.7956649831649836,2026-06-11 10:36:07.813678,2026-06-11 10:36:09.979981,0 days 00:00:02.166303,,,,,,,,,,,,,,2.45229889301904,QuantileRegressor,,,,,,6,,,,,,,,False,-0.0009466070487002694,5.9487806499319634e-05,98.0,-0.00044355962110047487,0.0005030474275997945,0.0025222175833292722,1.9844674545084815,2.777693032469059,2.813636933860908,98.0,2.7956649831649836,0.017971950695924464,0.09010913795597343,1.9844674545084815,824394433015304.0,1033150867836164.5,98.0,928772650425734.2,104378217410430.31,523339472234805.4,1.9844674545084815,8.561579990668083,8.89296546387737,98.0,8.727272727272727,0.16569273660464476,0.8307628878815312,1.9844674545084815,2.421970472839772,2.578029527160228,98.0,2.5,0.07802952716022794,0.3912303982179758,1.9844674545084815,99.0,1.0,-0.03129339557959086,-0.027338781343306924,98.0,-0.029316088461448894,0.001977307118141968,0.009913973330139818,1.9844674545084815,QuantileRegressor,"{'mode': 'original', 'type': 'QuantileRegressor'}",6,"['z_l2_T2W20', 'z_l3_T2W20', 'z_lsc_T2W20', 'z_density_T2W20', 'z_diameter_T2W20', 'z_asp_T2W20']",,,,,,,,3.4585342181766117,3.514098957988369,98.0,3.4863165880824902,0.027782369905878717,0.13929736648790278,1.9844674545084815,completed,False,COMPLETE
120,2.81418376159748,2026-06-11 10:36:09.992249,2026-06-11 10:36:20.708372,0 days 00:00:10.716123,,,,,,6.0,log2,5.0,5.0,186.0,,,,,ExtraTreesRegressor,,,,,,5,,,,,,,,False,-0.010725015111989474,-0.003596773749342797,98.0,-0.007160894430666136,0.0035641206813233385,0.017870060273308716,1.9844674545084815,2.7949929438981402,2.83337457929682,98.0,2.81418376159748,0.01919081769933979,0.09622038635738608,1.9844674545084815,929955680287812.0,1165972034696802.5,98.0,1047963857492307.2,118008177204495.28,591678404841397.1,1.9844674545084815,7.895574319664501,8.22007842671212,98.0,8.05782637318831,0.16225205352381034,0.813511728469882,1.9844674545084815,2.479664523306097,2.5400851603545314,98.0,2.5098748418303143,0.03021031852421711,0.15147080056311882,1.9844674545084815,99.0,0.2828282828282828,0.009363576008904306,0.020244426574589885,98.0,0.014804001291747096,0.005440425282842789,0.0272776194774459,1.9844674545084815,ExtraTreesRegressor,"{'mode': 'original', 'type': 'ExtraTreesRegressor'}",5,"['z_re_T2W20', 'z_pe_T2W20', 'z_l2_T2W20', 'z_l3_T2W20', 'z_density_T2W20']",0.06610670161507895,0.1148972221441068,98.0,0.09050196187959288,0.024395260264513923,0.12231481767560491,1.9844674545084815,3.3826187143503565,3.438031244877256,98.0,3.410324979613806,0.027706265263449822,0.13891578722365128,1.9844674545084815,completed,False,COMPLETE
