number,value,datetime_start,datetime_complete,duration,params_dt_max_depth,params_dt_min_samples_leaf,params_dt_min_samples_split,params_elastic_alpha,params_elastic_l1_ratio,params_et_max_depth,params_et_max_features,params_et_min_samples_leaf,params_et_min_samples_split,params_et_n_estimators,params_knn_metric,params_knn_n_neighbors,params_knn_weights,params_quantile_alpha,params_regressor,params_rf_max_depth,params_rf_max_features,params_rf_min_samples_leaf,params_rf_min_samples_split,params_rf_n_estimators,params_rfe_n_features,params_rfe_proxy_et_max_depth,params_rfe_proxy_et_min_samples_leaf,params_rfe_proxy_et_min_samples_split,params_rfe_proxy_et_n_estimators,params_rfe_proxy_lsvr_C,params_rfe_proxy_lsvr_epsilon,params_rfe_proxy_type,params_use_scaler,user_attrs_d2mae_ci_lower_val,user_attrs_d2mae_ci_upper_val,user_attrs_d2mae_df_val,user_attrs_d2mae_mean_val,user_attrs_d2mae_samperror_val,user_attrs_d2mae_std_val,user_attrs_d2mae_t_critical_val,user_attrs_mae_ci_lower_val,user_attrs_mae_ci_upper_val,user_attrs_mae_df_val,user_attrs_mae_mean_val,user_attrs_mae_samperror_val,user_attrs_mae_std_val,user_attrs_mae_t_critical_val,user_attrs_mape_ci_lower_val,user_attrs_mape_ci_upper_val,user_attrs_mape_df_val,user_attrs_mape_mean_val,user_attrs_mape_samperror_val,user_attrs_mape_std_val,user_attrs_mape_t_critical_val,user_attrs_max_error_ci_lower_val,user_attrs_max_error_ci_upper_val,user_attrs_max_error_df_val,user_attrs_max_error_mean_val,user_attrs_max_error_samperror_val,user_attrs_max_error_std_val,user_attrs_max_error_t_critical_val,user_attrs_median_ae_ci_lower_val,user_attrs_median_ae_ci_upper_val,user_attrs_median_ae_df_val,user_attrs_median_ae_mean_val,user_attrs_median_ae_samperror_val,user_attrs_median_ae_std_val,user_attrs_median_ae_t_critical_val,user_attrs_n_splits_val,user_attrs_r2_below_zero_val,user_attrs_r2_ci_lower_val,user_attrs_r2_ci_upper_val,user_attrs_r2_df_val,user_attrs_r2_mean_val,user_attrs_r2_samperror_val,user_attrs_r2_std_val,user_attrs_r2_t_critical_val,user_attrs_regressor_final,user_attrs_rfe_estimator,user_attrs_rfe_n_features,user_attrs_rfe_selected_features,user_attrs_rho_ci_lower_val,user_attrs_rho_ci_upper_val,user_attrs_rho_df_val,user_attrs_rho_mean_val,user_attrs_rho_samperror_val,user_attrs_rho_std_val,user_attrs_rho_t_critical_val,user_attrs_rmse_ci_lower_val,user_attrs_rmse_ci_upper_val,user_attrs_rmse_df_val,user_attrs_rmse_mean_val,user_attrs_rmse_samperror_val,user_attrs_rmse_std_val,user_attrs_rmse_t_critical_val,user_attrs_termination_reason,user_attrs_use_scaler_final,state
200,2.7997273439856256,2026-06-11 10:40:49.233116,2026-06-11 10:40:51.380483,0 days 00:00:02.147367,,,,,,,,,,,,,,0.017901272658250394,QuantileRegressor,,,,,,4,,,,,,,,False,-0.005716307574557961,0.0019151050049366412,98.0,-0.0019006012848106595,0.0038157062897473007,0.01913147939696307,1.9844674545084815,2.7788150913148932,2.820639596656358,98.0,2.7997273439856256,0.02091225267073251,0.10485144839088253,1.9844674545084815,841360829111269.8,1054952986700531.8,98.0,948156907905900.8,106796078794631.05,535462330165679.44,1.9844674545084815,8.308641793400245,8.651534401383067,98.0,8.480088097391656,0.17144630399141053,0.859610563137542,1.9844674545084815,2.4004797231437216,2.4905015531406445,98.0,2.445490638142183,0.04501091499846165,0.22567916069571337,1.9844674545084815,99.0,0.5858585858585859,-0.016279609060560227,-0.0015979653562663001,98.0,-0.008938787208413264,0.007340821852146964,0.0368059728282773,1.9844674545084815,QuantileRegressor,"{'mode': 'original', 'type': 'QuantileRegressor'}",4,"['z_re_T2W20', 'z_pe_T2W20', 'z_diameter_T2W20', 'z_asp_T2W20']",0.046033068661791,0.09509196733616909,77.0,0.07056251799898004,0.024529449337189042,0.10879485375172443,1.9912543953883846,3.4215546112542667,3.4803805124067773,98.0,3.450967561830522,0.029412950576255145,0.14747289629327962,1.9844674545084815,completed,False,COMPLETE
201,2.785214973492541,2026-06-11 10:40:51.394590,2026-06-11 10:40:53.558933,0 days 00:00:02.164343,,,,,,,,,,,,,,0.012733360601181366,QuantileRegressor,,,,,,2,,,,,,,,False,-0.0007660503258019999,0.007299414080629869,98.0,0.0032666818774139345,0.004032732203215934,0.020219620484574728,1.9844674545084815,2.7644875840370995,2.8059423629479827,98.0,2.785214973492541,0.020727389455441555,0.10392456709393934,1.9844674545084815,836837046254289.8,1050594189671704.2,98.0,943715617962997.0,106878571708707.28,535875939433847.0,1.9844674545084815,8.255272961832933,8.589887180314875,98.0,8.422580071073904,0.16730710924097056,0.8388571526088442,1.9844674545084815,2.3927663660908256,2.4729527449087736,98.0,2.4328595554997996,0.040093189408974085,0.20102229283143383,1.9844674545084815,99.0,0.41414141414141414,-0.005884017192886949,0.008786814328441694,98.0,0.0014513985677773727,0.007335415760664321,0.03677886735422753,1.9844674545084815,QuantileRegressor,"{'mode': 'original', 'type': 'QuantileRegressor'}",2,"['z_re_T2W20', 'z_pe_T2W20']",0.0629793155063837,0.10838815534001005,89.0,0.08568373542319688,0.02270441991681317,0.10840228922614077,1.986978699506281,3.404531233089639,3.461422212092024,98.0,3.4329767225908316,0.02844548950119241,0.14262216612186693,1.9844674545084815,completed,False,COMPLETE
202,2.7953017810630216,2026-06-11 10:40:53.576798,2026-06-11 10:40:55.727255,0 days 00:00:02.150457,,,,,,,,,,,,,,0.019467106772536467,QuantileRegressor,,,,,,2,,,,,,,,False,-0.0030929601137071948,0.0025062809649955132,98.0,-0.0002933395743558409,0.002799620539351354,0.01403695111749867,1.9844674545084815,2.7753489084330396,2.8152546536930037,98.0,2.7953017810630216,0.01995287262998199,0.10004123552602083,1.9844674545084815,840420021609286.5,1054640835108968.2,98.0,947530428359127.4,107110406749840.81,537038331655926.06,1.9844674545084815,8.364134935277402,8.697782687055764,98.0,8.530958811166583,0.16682387588918102,0.8364342803509537,1.9844674545084815,2.3963483233315115,2.5030987612539253,98.0,2.4497235422927184,0.053375218961207095,0.26761674623870296,1.9844674545084815,99.0,0.5858585858585859,-0.014453735913024767,-0.0016186428072282547,98.0,-0.008036189360126511,0.006417546552898256,0.03217678467174564,1.9844674545084815,QuantileRegressor,"{'mode': 'original', 'type': 'QuantileRegressor'}",2,"['z_pe_T2W20', 'z_asp_T2W20']",0.06490703880989507,0.11506177308864249,66.0,0.08998440594926878,0.025077367139373714,0.10281015462213271,1.9965644189523117,3.420953881172777,3.478065450756007,98.0,3.449509665964392,0.028555784791615302,0.143175173066342,1.9844674545084815,completed,False,COMPLETE
203,2.791351532056512,2026-06-11 10:40:55.740038,2026-06-11 10:40:57.848571,0 days 00:00:02.108533,,,,,,,,,,,,,,0.016886629713774238,QuantileRegressor,,,,,,2,,,,,,,,False,-0.002412212201344788,0.004613400273072605,98.0,0.0011005940358639085,0.0035128062372086965,0.017612775997266888,1.9844674545084815,2.770923033364066,2.8117800307489578,98.0,2.791351532056512,0.020428498692445993,0.10242596577612909,1.9844674545084815,837830857534526.0,1050691885680017.5,98.0,944261371607271.8,106430514072745.77,533629433864463.3,1.9844674545084815,8.284733101686394,8.622919636374027,98.0,8.45382636903021,0.16909326734381702,0.8478127284182676,1.9844674545084815,2.399017831459579,2.485427563185734,98.0,2.4422226973226566,0.04320486586307745,0.21662385370933782,1.9844674545084815,99.0,0.5151515151515151,-0.010755083756670046,0.0032505193935603756,98.0,-0.0037522821815548354,0.007002801575115211,0.03511118096676403,1.9844674545084815,QuantileRegressor,"{'mode': 'original', 'type': 'QuantileRegressor'}",2,"['z_re_T2W20', 'z_pe_T2W20']",0.05807088515333486,0.10614965958849412,80.0,0.08211027237091449,0.024039387217579634,0.10871738189219951,1.990063421254446,3.413074298785148,3.471199806891893,98.0,3.4421370528385205,0.02906275405337237,0.14571705424106976,1.9844674545084815,completed,False,COMPLETE
204,2.7940757277123707,2026-06-11 10:40:57.861122,2026-06-11 10:40:59.951611,0 days 00:00:02.090489,,,,,,,,,,,,,,0.023924490664555636,QuantileRegressor,,,,,,2,,,,,,,,False,-0.002099717965240612,0.002333159401728758,98.0,0.0001167207182440731,0.002216438683484685,0.011112949422144186,1.9844674545084815,2.7752336988268174,2.812917756597924,98.0,2.7940757277123707,0.01884202888555341,0.09447160238447519,1.9844674545084815,837521394299860.0,1051948990686302.5,98.0,944735192493081.2,107213798193221.25,537556723565222.06,1.9844674545084815,8.372112207265825,8.704273592525631,98.0,8.538192899895728,0.16608069262990205,0.8327080514084202,1.9844674545084815,2.394602967885363,2.507584928984116,98.0,2.4510939484347394,0.056490980549376686,0.2832387894735514,1.9844674545084815,99.0,0.6060606060606061,-0.01516325018469735,-0.004130454741643145,98.0,-0.009646852463170248,0.005516397721527103,0.027658535888473505,1.9844674545084815,QuantileRegressor,"{'mode': 'original', 'type': 'QuantileRegressor'}",2,"['z_pe_T2W20', 'z_asp_T2W20']",0.06918008018423771,0.12091205663671642,58.0,0.09504606841047707,0.02586598822623935,0.09925497831340443,2.0017174841452356,3.4248495513035446,3.479664510426852,98.0,3.4522570308651983,0.027407479561653462,0.1374177126696995,1.9844674545084815,completed,False,COMPLETE
205,2.795524777692594,2026-06-11 10:40:59.964307,2026-06-11 10:41:02.063496,0 days 00:00:02.099189,,,,,,,,,,,,,,0.01925354965034759,QuantileRegressor,,,,,,2,,,,,,,,False,-0.003181448174004733,0.00244726500815106,98.0,-0.0003670915829268365,0.0028143565910778963,0.014110835858249404,1.9844674545084815,2.775452980667081,2.8155965747181075,98.0,2.795524777692594,0.020071797025513483,0.10063750773623273,1.9844674545084815,840280100112749.5,1054478420791670.5,98.0,947379260452210.0,107099160339460.55,536981943545274.5,1.9844674545084815,8.36426341821136,8.698724230743919,98.0,8.53149382447764,0.16723040626627883,0.8384725733806306,1.9844674545084815,2.397068292646165,2.504087592917309,98.0,2.450577942781737,0.05350965013557213,0.2682907675200539,1.9844674545084815,99.0,0.5858585858585859,-0.014578323317409,-0.0016364493546886776,98.0,-0.00810738633604884,0.006470936981360162,0.03244447767653968,1.9844674545084815,QuantileRegressor,"{'mode': 'original', 'type': 'QuantileRegressor'}",2,"['z_pe_T2W20', 'z_asp_T2W20']",0.06455890684557031,0.1146990453542891,66.0,0.0896289760999297,0.025070069254359402,0.10278023534541735,1.9965644189523117,3.4209502797954343,3.4783339967584475,98.0,3.449642138276941,0.028691858481506745,0.1438574297173903,1.9844674545084815,completed,False,COMPLETE
206,2.79338956341486,2026-06-11 10:41:02.115201,2026-06-11 10:41:04.292801,0 days 00:00:02.177600,,,,,,,,,,,,,,0.017995078370814453,QuantileRegressor,,,,,,2,,,,,,,,False,-0.003031230658297625,0.0037399643433532375,98.0,0.0003543668425278061,0.003385597500825431,0.016974967126660308,1.9844674545084815,2.773374494193602,2.813404632636118,98.0,2.79338956341486,0.02001506922125776,0.10035308154198672,1.9844674545084815,838149476357553.9,1051779332599105.6,98.0,944964404478329.8,106814928120775.83,535556838355619.1,1.9844674545084815,8.303636632585302,8.642338804681323,98.0,8.472987718633313,0.16935108604800958,0.8491053995131748,1.9844674545084815,2.393278451235076,2.4854641311745005,98.0,2.4393712912047882,0.04609283996971221,0.23110379868531886,1.9844674545084815,99.0,0.5555555555555556,-0.013164267150426658,0.0005294545182790182,98.0,-0.006317406316073819,0.0068468608343528374,0.03432931337987487,1.9844674545084815,QuantileRegressor,"{'mode': 'original', 'type': 'QuantileRegressor'}",2,"['z_re_T2W20', 'z_pe_T2W20']",0.05391935398907796,0.1043745014169426,75.0,0.07914692770301028,0.025227573713932323,0.11040040711650205,1.9921021540022417,3.418072647327671,3.474774127830842,98.0,3.4464233875792565,0.02835074025158556,0.142147105103255,1.9844674545084815,completed,False,COMPLETE
207,2.7935598290369517,2026-06-11 10:41:04.311225,2026-06-11 10:41:06.480125,0 days 00:00:02.168900,,,,,,,,,,,,,,0.01757305563442232,QuantileRegressor,,,,,,2,,,,,,,,False,-0.0030788523024951834,0.0036678877321319452,98.0,0.000294517714818381,0.0033733700173135643,0.01691366003666951,1.9844674545084815,2.7735437708743325,2.813575887199571,98.0,2.7935598290369517,0.020016058162619095,0.10035803997165678,1.9844674545084815,837975531846563.9,1051170803299818.6,98.0,944573167573191.2,106597635726627.38,534467361166838.06,1.9844674545084815,8.29794168481124,8.63556028648778,98.0,8.46675098564951,0.16880930083826917,0.8463889554814161,1.9844674545084815,2.3928326140379106,2.4853525202061144,98.0,2.4390925671220125,0.04625995308410174,0.23194168317173652,1.9844674545084815,99.0,0.5555555555555556,-0.01293264532806585,0.0006352225328438172,98.0,-0.0061487113976110164,0.006783933930454834,0.03401380566674869,1.9844674545084815,QuantileRegressor,"{'mode': 'original', 'type': 'QuantileRegressor'}",2,"['z_re_T2W20', 'z_pe_T2W20']",0.05307084172465319,0.10246990664256529,76.0,0.07777037418360924,0.02469953245895605,0.1088218599096181,1.9916726096446642,3.4178355935721667,3.47445143464211,98.0,3.4461435141071384,0.02830792053497177,0.141932412340245,1.9844674545084815,completed,False,COMPLETE
208,2.7935655977955602,2026-06-11 10:41:06.493634,2026-06-11 10:41:08.628722,0 days 00:00:02.135088,,,,,,,,,,,,,,0.01810429529778079,QuantileRegressor,,,,,,2,,,,,,,,False,-0.0030799658624119384,0.0036576972176438185,98.0,0.0002888656776159399,0.0033688315400278784,0.016890904672893742,1.9844674545084815,2.773608807219679,2.8135223883714415,98.0,2.7935655977955602,0.019956790575881473,0.10006087962217566,1.9844674545084815,838071854467173.5,1051700963559232.2,98.0,944886409013202.9,106814554546029.44,535554965298045.75,1.9844674545084815,8.302823731173124,8.641628218280935,98.0,8.47222597472703,0.16940224355390587,0.8493618969204005,1.9844674545084815,2.3932658325581135,2.4854535429051143,98.0,2.439359687731614,0.0460938551735002,0.2311088887915479,1.9844674545084815,99.0,0.5555555555555556,-0.013212558853398143,0.00045424746325133537,98.0,-0.006379155695073404,0.00683340315832474,0.03426183825676218,1.9844674545084815,QuantileRegressor,"{'mode': 'original', 'type': 'QuantileRegressor'}",2,"['z_re_T2W20', 'z_pe_T2W20']",0.05391935398907796,0.1043745014169426,75.0,0.07914692770301028,0.025227573713932323,0.11040040711650205,1.9921021540022417,3.4182112173286234,3.47483879383061,98.0,3.4465250055796166,0.028313788250993295,0.1419618323426374,1.9844674545084815,completed,False,COMPLETE
209,2.7944871455390192,2026-06-11 10:41:08.641200,2026-06-11 10:41:10.784372,0 days 00:00:02.143172,,,,,,,,,,,,,,0.018363864870899964,QuantileRegressor,,,,,,2,,,,,,,,False,-0.003314580108323476,0.00320356354354259,98.0,-5.5508282390443085e-05,0.003259071825933033,0.016340583041885515,1.9844674545084815,2.7748961019410525,2.814078189136986,98.0,2.7944871455390192,0.019591043597966505,0.0982270695117688,1.9844674545084815,837168951450828.2,1051038972362727.2,98.0,944103961906777.8,106935010455949.5,536158916331978.9,1.9844674545084815,8.311671865581893,8.648876144217038,98.0,8.480274004899465,0.168602139317572,0.8453502732390983,1.9844674545084815,2.3951890969535,2.487354917215167,98.0,2.4412720070843337,0.04608291013083371,0.23105401170133907,1.9844674545084815,99.0,0.5757575757575758,-0.013741363057524724,-0.0001618580915627296,98.0,-0.006951610574543727,0.006789752482980998,0.034042979169456054,1.9844674545084815,QuantileRegressor,"{'mode': 'original', 'type': 'QuantileRegressor'}",2,"['z_re_T2W20', 'z_pe_T2W20']",0.05193314641270809,0.10341479367303315,73.0,0.07767397004287062,0.025740823630162526,0.11110449414690858,1.992997125889855,3.419412266091297,3.4755136879833133,98.0,3.447462977037305,0.028050710946008302,0.14064279527375906,1.9844674545084815,completed,False,COMPLETE
210,2.790519150505367,2026-06-11 10:41:10.796943,2026-06-11 10:41:12.819909,0 days 00:00:02.022966,,,,,,,,,,,,,,0.01664638876859926,QuantileRegressor,,,,,,2,,,,,,,,False,-0.002161959934663002,0.004955402150674399,98.0,0.0013967211080056984,0.0035586810426687008,0.017842786597887798,1.9844674545084815,2.770055252328861,2.810983048681873,98.0,2.790519150505367,0.020463898176506085,0.10260345441087504,1.9844674545084815,837822063834509.0,1050674653414929.8,98.0,944248358624719.4,106426294790210.31,533608278903686.06,1.9844674545084815,8.282008062836836,8.619648097948216,98.0,8.450828080392526,0.16882001755568965,0.8464426877770814,1.9844674545084815,2.3970704013749224,2.4811471878820766,98.0,2.4391087946284995,0.04203839325357685,0.21077530431869262,1.9844674545084815,99.0,0.5050505050505051,-0.009994709032036041,0.003959290135616519,98.0,-0.0030177094482097618,0.00697699958382628,0.03498181297372138,1.9844674545084815,QuantileRegressor,"{'mode': 'original', 'type': 'QuantileRegressor'}",2,"['z_re_T2W20', 'z_pe_T2W20']",0.05994642246646498,0.10789069285297193,81.0,0.08391855765971845,0.023972135193253478,0.1091010749781185,1.9896863234569029,3.411768416099567,3.4700298970794523,98.0,3.4408991565895097,0.029130740489942627,0.14605792982523402,1.9844674545084815,completed,False,COMPLETE
211,2.794942780361164,2026-06-11 10:41:12.833247,2026-06-11 10:41:14.929679,0 days 00:00:02.096432,,,,,,,,,,,,,,0.018902801754494495,QuantileRegressor,,,,,,2,,,,,,,,False,-0.0030529259916459196,0.0027456171307521622,98.0,-0.00015365443044687875,0.002899271561199041,0.014536589015857873,1.9844674545084815,2.7746821888385504,2.8152033718837775,98.0,2.794942780361164,0.02026059152261351,0.10158409999393199,1.9844674545084815,839689397104564.1,1053900629438738.1,98.0,946795013271651.1,107105616167086.95,537014312266514.1,1.9844674545084815,8.363415402277031,8.697132980727083,98.0,8.530274191502057,0.16685878922502534,0.8366093314986743,1.9844674545084815,2.3889760335495525,2.4908546072269844,98.0,2.4399153203882684,0.05093928683871604,0.25540328386109307,1.9844674545084815,99.0,0.5757575757575758,-0.014182231796848351,-0.0010173763135767682,98.0,-0.007599804055212559,0.006582427741635791,0.033003478558996546,1.9844674545084815,QuantileRegressor,"{'mode': 'original', 'type': 'QuantileRegressor'}",2,"['z_pe_T2W20', 'z_asp_T2W20']",0.06502325099853162,0.11431203582205307,68.0,0.08966764341029235,0.024644392411760727,0.10258826628183262,1.9954689314298435,3.4198655847232438,3.477712819748972,98.0,3.448789202236108,0.02892361751286437,0.14501944083585408,1.9844674545084815,completed,False,COMPLETE
212,2.7914274204265044,2026-06-11 10:41:14.947583,2026-06-11 10:41:17.093899,0 days 00:00:02.146316,,,,,,,,,,,,,,0.01708646213093509,QuantileRegressor,,,,,,2,,,,,,,,False,-0.002433539582799418,0.004570906134498823,98.0,0.0010686832758497028,0.0035022228586491207,0.01755971224615826,1.9844674545084815,2.771082003067444,2.811772837785565,98.0,2.7914274204265044,0.0203454173590604,0.10200940624632211,1.9844674545084815,838128734516951.9,1051136306923978.1,98.0,944632520720465.0,106503786203513.11,533996811265578.7,1.9844674545084815,8.285355611198309,8.622812282944533,98.0,8.454083947071421,0.16872833587311148,0.845983007160144,1.9844674545084815,2.402218225968426,2.4914546572690877,98.0,2.446836441618757,0.04461821565033093,0.22371021473460762,1.9844674545084815,99.0,0.5252525252525253,-0.01120780853628402,0.0027831450460093004,98.0,-0.0042123317451373595,0.00699547679114666,0.03507445540590048,1.9844674545084815,QuantileRegressor,"{'mode': 'original', 'type': 'QuantileRegressor'}",2,"['z_re_T2W20', 'z_pe_T2W20']",0.05680592771476716,0.10527867985269879,79.0,0.08104230378373298,0.024236376068965816,0.10890839497500612,1.9904502102301285,3.4140940975931313,3.4716330305123364,98.0,3.442863564052734,0.028769466459602502,0.14424654652073768,1.9844674545084815,completed,False,COMPLETE
213,2.7953195103422166,2026-06-11 10:41:17.147912,2026-06-11 10:41:19.479570,0 days 00:00:02.331658,,,,,,,,,,,,,,0.019077529963445108,QuantileRegressor,,,,,,2,,,,,,,,False,-0.0031267748764655153,0.00255406909568377,98.0,-0.00028635289039087255,0.0028404219860746426,0.014241524524904346,1.9844674545084815,2.7751005445060986,2.8155384761783346,98.0,2.7953195103422166,0.02021896583611791,0.1013753939502528,1.9844674545084815,839881270501883.6,1054192934135894.9,98.0,947037102318889.2,107155831817005.67,537266087324360.25,1.9844674545084815,8.36750936541587,8.701692410134989,98.0,8.53460088777543,0.1670915223595591,0.8377762266499826,1.9844674545084815,2.391916368710209,2.4961535952331824,98.0,2.4440349819716958,0.05211861326148663,0.2613162806816696,1.9844674545084815,99.0,0.5858585858585859,-0.014357256678699712,-0.001405693078094952,98.0,-0.007881474878397332,0.00647578180030238,0.0324687689994919,1.9844674545084815,QuantileRegressor,"{'mode': 'original', 'type': 'QuantileRegressor'}",2,"['z_pe_T2W20', 'z_asp_T2W20']",0.06367680820907784,0.11327449031566492,67.0,0.08847564926237138,0.02479884105329353,0.1024527185464244,1.996008354025296,3.420482973621154,3.4780651556491167,98.0,3.4492740646351354,0.028791091013981217,0.14435496936179243,1.9844674545084815,completed,False,COMPLETE
