number,value,datetime_start,datetime_complete,duration,params_dt_max_depth,params_dt_min_samples_leaf,params_dt_min_samples_split,params_elastic_alpha,params_elastic_l1_ratio,params_et_max_depth,params_et_max_features,params_et_min_samples_leaf,params_et_min_samples_split,params_et_n_estimators,params_knn_metric,params_knn_n_neighbors,params_knn_weights,params_quantile_alpha,params_regressor,params_rf_max_depth,params_rf_max_features,params_rf_min_samples_leaf,params_rf_min_samples_split,params_rf_n_estimators,params_rfe_n_features,params_rfe_proxy_et_max_depth,params_rfe_proxy_et_min_samples_leaf,params_rfe_proxy_et_min_samples_split,params_rfe_proxy_et_n_estimators,params_rfe_proxy_lsvr_C,params_rfe_proxy_lsvr_epsilon,params_rfe_proxy_type,params_use_scaler,user_attrs_d2mae_ci_lower_val,user_attrs_d2mae_ci_upper_val,user_attrs_d2mae_df_val,user_attrs_d2mae_mean_val,user_attrs_d2mae_samperror_val,user_attrs_d2mae_std_val,user_attrs_d2mae_t_critical_val,user_attrs_mae_ci_lower_val,user_attrs_mae_ci_upper_val,user_attrs_mae_df_val,user_attrs_mae_mean_val,user_attrs_mae_samperror_val,user_attrs_mae_std_val,user_attrs_mae_t_critical_val,user_attrs_mape_ci_lower_val,user_attrs_mape_ci_upper_val,user_attrs_mape_df_val,user_attrs_mape_mean_val,user_attrs_mape_samperror_val,user_attrs_mape_std_val,user_attrs_mape_t_critical_val,user_attrs_max_error_ci_lower_val,user_attrs_max_error_ci_upper_val,user_attrs_max_error_df_val,user_attrs_max_error_mean_val,user_attrs_max_error_samperror_val,user_attrs_max_error_std_val,user_attrs_max_error_t_critical_val,user_attrs_median_ae_ci_lower_val,user_attrs_median_ae_ci_upper_val,user_attrs_median_ae_df_val,user_attrs_median_ae_mean_val,user_attrs_median_ae_samperror_val,user_attrs_median_ae_std_val,user_attrs_median_ae_t_critical_val,user_attrs_n_splits_val,user_attrs_r2_below_zero_val,user_attrs_r2_ci_lower_val,user_attrs_r2_ci_upper_val,user_attrs_r2_df_val,user_attrs_r2_mean_val,user_attrs_r2_samperror_val,user_attrs_r2_std_val,user_attrs_r2_t_critical_val,user_attrs_regressor_final,user_attrs_rfe_estimator,user_attrs_rfe_n_features,user_attrs_rfe_selected_features,user_attrs_rho_ci_lower_val,user_attrs_rho_ci_upper_val,user_attrs_rho_df_val,user_attrs_rho_mean_val,user_attrs_rho_samperror_val,user_attrs_rho_std_val,user_attrs_rho_t_critical_val,user_attrs_rmse_ci_lower_val,user_attrs_rmse_ci_upper_val,user_attrs_rmse_df_val,user_attrs_rmse_mean_val,user_attrs_rmse_samperror_val,user_attrs_rmse_std_val,user_attrs_rmse_t_critical_val,user_attrs_termination_reason,user_attrs_use_scaler_final,state
121,2.7956649831649836,2026-06-11 10:36:20.721153,2026-06-11 10:36:22.916223,0 days 00:00:02.195070,,,,,,,,,,,,,,1.2931419217627167,QuantileRegressor,,,,,,2,,,,,,,,False,-0.0009466070487002694,5.9487806499319634e-05,98.0,-0.00044355962110047487,0.0005030474275997945,0.0025222175833292722,1.9844674545084815,2.777693032469059,2.813636933860908,98.0,2.7956649831649836,0.017971950695924464,0.09010913795597343,1.9844674545084815,824394433015304.0,1033150867836164.5,98.0,928772650425734.2,104378217410430.31,523339472234805.4,1.9844674545084815,8.561579990668083,8.89296546387737,98.0,8.727272727272727,0.16569273660464476,0.8307628878815312,1.9844674545084815,2.421970472839772,2.578029527160228,98.0,2.5,0.07802952716022794,0.3912303982179758,1.9844674545084815,99.0,1.0,-0.03129339557959086,-0.027338781343306924,98.0,-0.029316088461448894,0.001977307118141968,0.009913973330139818,1.9844674545084815,QuantileRegressor,"{'mode': 'original', 'type': 'QuantileRegressor'}",2,"['z_diameter_T2W20', 'z_asp_T2W20']",,,,,,,,3.4585342181766117,3.514098957988369,98.0,3.4863165880824902,0.027782369905878717,0.13929736648790278,1.9844674545084815,completed,False,COMPLETE
122,2.7956649831649836,2026-06-11 10:36:22.928443,2026-06-11 10:36:25.177319,0 days 00:00:02.248876,,,,,,,,,,,,,,9.542887273933363,QuantileRegressor,,,,,,3,,,,,,,,False,-0.0009466070487002694,5.9487806499319634e-05,98.0,-0.00044355962110047487,0.0005030474275997945,0.0025222175833292722,1.9844674545084815,2.777693032469059,2.813636933860908,98.0,2.7956649831649836,0.017971950695924464,0.09010913795597343,1.9844674545084815,824394433015304.0,1033150867836164.5,98.0,928772650425734.2,104378217410430.31,523339472234805.4,1.9844674545084815,8.561579990668083,8.89296546387737,98.0,8.727272727272727,0.16569273660464476,0.8307628878815312,1.9844674545084815,2.421970472839772,2.578029527160228,98.0,2.5,0.07802952716022794,0.3912303982179758,1.9844674545084815,99.0,1.0,-0.03129339557959086,-0.027338781343306924,98.0,-0.029316088461448894,0.001977307118141968,0.009913973330139818,1.9844674545084815,QuantileRegressor,"{'mode': 'original', 'type': 'QuantileRegressor'}",3,"['z_density_T2W20', 'z_diameter_T2W20', 'z_asp_T2W20']",,,,,,,,3.4585342181766117,3.514098957988369,98.0,3.4863165880824902,0.027782369905878717,0.13929736648790278,1.9844674545084815,completed,False,COMPLETE
123,2.7956649831649836,2026-06-11 10:36:25.190098,2026-06-11 10:36:27.298549,0 days 00:00:02.108451,,,,,,,,,,,,,,6.087683567476212,QuantileRegressor,,,,,,2,,,,,,,,False,-0.0009466070487002694,5.9487806499319634e-05,98.0,-0.00044355962110047487,0.0005030474275997945,0.0025222175833292722,1.9844674545084815,2.777693032469059,2.813636933860908,98.0,2.7956649831649836,0.017971950695924464,0.09010913795597343,1.9844674545084815,824394433015304.0,1033150867836164.5,98.0,928772650425734.2,104378217410430.31,523339472234805.4,1.9844674545084815,8.561579990668083,8.89296546387737,98.0,8.727272727272727,0.16569273660464476,0.8307628878815312,1.9844674545084815,2.421970472839772,2.578029527160228,98.0,2.5,0.07802952716022794,0.3912303982179758,1.9844674545084815,99.0,1.0,-0.03129339557959086,-0.027338781343306924,98.0,-0.029316088461448894,0.001977307118141968,0.009913973330139818,1.9844674545084815,QuantileRegressor,"{'mode': 'original', 'type': 'QuantileRegressor'}",2,"['z_diameter_T2W20', 'z_asp_T2W20']",,,,,,,,3.4585342181766117,3.514098957988369,98.0,3.4863165880824902,0.027782369905878717,0.13929736648790278,1.9844674545084815,completed,False,COMPLETE
124,2.7956649831649836,2026-06-11 10:36:27.312540,2026-06-11 10:36:29.357339,0 days 00:00:02.044799,,,,,,,,,,,,,,0.7728956196346818,QuantileRegressor,,,,,,3,,,,,,,,False,-0.0009466070487002694,5.9487806499319634e-05,98.0,-0.00044355962110047487,0.0005030474275997945,0.0025222175833292722,1.9844674545084815,2.777693032469059,2.813636933860908,98.0,2.7956649831649836,0.017971950695924464,0.09010913795597343,1.9844674545084815,824394433015304.0,1033150867836164.5,98.0,928772650425734.2,104378217410430.31,523339472234805.4,1.9844674545084815,8.561579990668083,8.89296546387737,98.0,8.727272727272727,0.16569273660464476,0.8307628878815312,1.9844674545084815,2.421970472839772,2.578029527160228,98.0,2.5,0.07802952716022794,0.3912303982179758,1.9844674545084815,99.0,1.0,-0.03129339557959086,-0.027338781343306924,98.0,-0.029316088461448894,0.001977307118141968,0.009913973330139818,1.9844674545084815,QuantileRegressor,"{'mode': 'original', 'type': 'QuantileRegressor'}",3,"['z_density_T2W20', 'z_diameter_T2W20', 'z_asp_T2W20']",,,,,,,,3.4585342181766117,3.514098957988369,98.0,3.4863165880824902,0.027782369905878717,0.13929736648790278,1.9844674545084815,completed,False,COMPLETE
125,3.8076388888888886,2026-06-11 10:36:29.369458,2026-06-11 10:36:29.524404,0 days 00:00:00.154946,15.0,2.0,2.0,,,,,,,,,,,,DecisionTreeRegressor,,,,,,4,,,,,,,,False,,,,,,,,,,,,,,,,,,,,,,,,,,,,,,,,,,,,,,,,,,,,,DecisionTreeRegressor,"{'mode': 'original', 'type': 'DecisionTreeRegressor'}",4,"['z_re_T2W20', 'z_l2_T2W20', 'z_lsc_T2W20', 'z_density_T2W20']",,,,,,,,,,,,,,,pruned,False,PRUNED
126,2.863501082251082,2026-06-11 10:36:29.534087,2026-06-11 10:36:31.298013,0 days 00:00:01.763926,,,,,,,,,,,minkowski,14.0,uniform,,KNeighborsRegressor,,,,,,5,4.0,1.0,2.0,20.0,,,ExtraTrees,,-0.033072066500038855,-0.01633920924932799,98.0,-0.024705637874683422,0.008366428625355435,0.041948238338530466,1.9844674545084815,2.8336331694340777,2.893368995068086,98.0,2.863501082251082,0.02986791281700407,0.14975402069708182,1.9844674545084815,914169560814055.0,1142398450842928.2,98.0,1028284005828491.6,114114445014436.62,572155713230787.8,1.9844674545084815,8.378776849483346,8.73810626739977,98.0,8.558441558441558,0.1796647089582113,0.9008166291601605,1.9844674545084815,2.4968994862952614,2.5940096046138303,98.0,2.545454545454546,0.04855505915928443,0.2434490611659978,1.9844674545084815,99.0,0.696969696969697,-0.05671461548363912,-0.02740415656236695,98.0,-0.042059386023003034,0.014655229460636084,0.07347950790585972,1.9844674545084815,KNeighborsRegressor,"{'mode': 'proxy', 'type': 'ExtraTrees'}",5,"['z_re_T2W20', 'z_pe_T2W20', 'z_l1_T2W20', 'z_l2_T2W20', 'z_l3_T2W20']",0.024300526203331983,0.07833497299956764,98.0,0.05131774960144981,0.027017223398117827,0.13546101653397194,1.9844674545084815,3.4683890444981795,3.543171773840303,98.0,3.5057804091692413,0.037391364671061654,0.1874756777666249,1.9844674545084815,completed,True,COMPLETE
127,2.7956649831649836,2026-06-11 10:36:31.315835,2026-06-11 10:36:33.360105,0 days 00:00:02.044270,,,,,,,,,,,,,,0.32800362566241753,QuantileRegressor,,,,,,6,,,,,,,,False,-0.0009466070487002694,5.9487806499319634e-05,98.0,-0.00044355962110047487,0.0005030474275997945,0.0025222175833292722,1.9844674545084815,2.777693032469059,2.813636933860908,98.0,2.7956649831649836,0.017971950695924464,0.09010913795597343,1.9844674545084815,824394433015304.0,1033150867836164.5,98.0,928772650425734.2,104378217410430.31,523339472234805.4,1.9844674545084815,8.561579990668083,8.89296546387737,98.0,8.727272727272727,0.16569273660464476,0.8307628878815312,1.9844674545084815,2.421970472839772,2.578029527160228,98.0,2.5,0.07802952716022794,0.3912303982179758,1.9844674545084815,99.0,1.0,-0.03129339557959086,-0.027338781343306924,98.0,-0.029316088461448894,0.001977307118141968,0.009913973330139818,1.9844674545084815,QuantileRegressor,"{'mode': 'original', 'type': 'QuantileRegressor'}",6,"['z_l2_T2W20', 'z_l3_T2W20', 'z_lsc_T2W20', 'z_density_T2W20', 'z_diameter_T2W20', 'z_asp_T2W20']",,,,,,,,3.4585342181766117,3.514098957988369,98.0,3.4863165880824902,0.027782369905878717,0.13929736648790278,1.9844674545084815,completed,False,COMPLETE
128,2.7956649831649836,2026-06-11 10:36:33.372418,2026-06-11 10:36:35.470583,0 days 00:00:02.098165,,,,,,,,,,,,,,4.424760914364619,QuantileRegressor,,,,,,7,,,,,,,,False,-0.0009466070487002694,5.9487806499319634e-05,98.0,-0.00044355962110047487,0.0005030474275997945,0.0025222175833292722,1.9844674545084815,2.777693032469059,2.813636933860908,98.0,2.7956649831649836,0.017971950695924464,0.09010913795597343,1.9844674545084815,824394433015304.0,1033150867836164.5,98.0,928772650425734.2,104378217410430.31,523339472234805.4,1.9844674545084815,8.561579990668083,8.89296546387737,98.0,8.727272727272727,0.16569273660464476,0.8307628878815312,1.9844674545084815,2.421970472839772,2.578029527160228,98.0,2.5,0.07802952716022794,0.3912303982179758,1.9844674545084815,99.0,1.0,-0.03129339557959086,-0.027338781343306924,98.0,-0.029316088461448894,0.001977307118141968,0.009913973330139818,1.9844674545084815,QuantileRegressor,"{'mode': 'original', 'type': 'QuantileRegressor'}",7,"['z_l1_T2W20', 'z_l2_T2W20', 'z_l3_T2W20', 'z_lsc_T2W20', 'z_density_T2W20', 'z_diameter_T2W20', 'z_asp_T2W20']",,,,,,,,3.4585342181766117,3.514098957988369,98.0,3.4863165880824902,0.027782369905878717,0.13929736648790278,1.9844674545084815,completed,False,COMPLETE
129,2.7956649831649836,2026-06-11 10:36:35.483488,2026-06-11 10:36:37.573430,0 days 00:00:02.089942,,,,,,,,,,,,,,1.664096341000408,QuantileRegressor,,,,,,5,,,,,,,,True,-0.0009466070487002694,5.9487806499319634e-05,98.0,-0.00044355962110047487,0.0005030474275997945,0.0025222175833292722,1.9844674545084815,2.777693032469059,2.813636933860908,98.0,2.7956649831649836,0.017971950695924464,0.09010913795597343,1.9844674545084815,824394433015304.0,1033150867836164.5,98.0,928772650425734.2,104378217410430.31,523339472234805.4,1.9844674545084815,8.561579990668083,8.89296546387737,98.0,8.727272727272727,0.16569273660464476,0.8307628878815312,1.9844674545084815,2.421970472839772,2.578029527160228,98.0,2.5,0.07802952716022794,0.3912303982179758,1.9844674545084815,99.0,1.0,-0.03129339557959086,-0.027338781343306924,98.0,-0.029316088461448894,0.001977307118141968,0.009913973330139818,1.9844674545084815,QuantileRegressor,"{'mode': 'original', 'type': 'QuantileRegressor'}",5,"['z_l3_T2W20', 'z_lsc_T2W20', 'z_density_T2W20', 'z_diameter_T2W20', 'z_asp_T2W20']",,,,,,,,3.4585342181766117,3.514098957988369,98.0,3.4863165880824902,0.027782369905878717,0.13929736648790278,1.9844674545084815,completed,True,COMPLETE
130,2.8713014174962392,2026-06-11 10:36:37.585474,2026-06-11 10:36:39.808568,0 days 00:00:02.223094,,,,,,,,,,,,,,0.002905477827999414,QuantileRegressor,,,,,,8,,,,,,,,False,-0.03574317588683152,-0.019227904124123896,98.0,-0.027485540005477708,0.008257635881353814,0.04140276497597144,1.9844674545084815,2.841431823102026,2.9011710118904523,98.0,2.8713014174962392,0.0298695943942133,0.1497624519172256,1.9844674545084815,847328686031921.2,1075775766750205.0,98.0,961552226391063.1,114223540359141.9,572702703795848.2,1.9844674545084815,8.431834397541724,8.863552778313558,98.0,8.647693587927641,0.21585919038591636,1.0822912823792792,1.9844674545084815,2.480202493269399,2.5626660567429687,98.0,2.521434275006184,0.04123178173678474,0.20673105393801586,1.9844674545084815,99.0,0.6868686868686869,-0.061385135396156434,-0.029083432028909974,98.0,-0.045234283712533206,0.01615085168362323,0.08097837274815704,1.9844674545084815,QuantileRegressor,"{'mode': 'original', 'type': 'QuantileRegressor'}",8,"['z_re_T2W20', 'z_pe_T2W20', 'z_l2_T2W20', 'z_l3_T2W20', 'z_lsc_T2W20', 'z_density_T2W20', 'z_diameter_T2W20', 'z_asp_T2W20']",0.03768223208254366,0.08568404543312559,98.0,0.06168313875783463,0.024000906675290964,0.12033757755426498,1.9844674545084815,3.4716001116610076,3.550141586336562,98.0,3.5108708489987848,0.03927073733777706,0.19689861987018567,1.9844674545084815,completed,False,COMPLETE
131,2.7956649831649836,2026-06-11 10:36:39.820770,2026-06-11 10:36:42.203995,0 days 00:00:02.383225,,,,,,,,,,,,,,7.562372896072365,QuantileRegressor,,,,,,5,,,,,,,,False,-0.0009466070487002694,5.9487806499319634e-05,98.0,-0.00044355962110047487,0.0005030474275997945,0.0025222175833292722,1.9844674545084815,2.777693032469059,2.813636933860908,98.0,2.7956649831649836,0.017971950695924464,0.09010913795597343,1.9844674545084815,824394433015304.0,1033150867836164.5,98.0,928772650425734.2,104378217410430.31,523339472234805.4,1.9844674545084815,8.561579990668083,8.89296546387737,98.0,8.727272727272727,0.16569273660464476,0.8307628878815312,1.9844674545084815,2.421970472839772,2.578029527160228,98.0,2.5,0.07802952716022794,0.3912303982179758,1.9844674545084815,99.0,1.0,-0.03129339557959086,-0.027338781343306924,98.0,-0.029316088461448894,0.001977307118141968,0.009913973330139818,1.9844674545084815,QuantileRegressor,"{'mode': 'original', 'type': 'QuantileRegressor'}",5,"['z_l3_T2W20', 'z_lsc_T2W20', 'z_density_T2W20', 'z_diameter_T2W20', 'z_asp_T2W20']",,,,,,,,3.4585342181766117,3.514098957988369,98.0,3.4863165880824902,0.027782369905878717,0.13929736648790278,1.9844674545084815,completed,False,COMPLETE
132,2.7956649831649836,2026-06-11 10:36:42.222562,2026-06-11 10:36:44.390758,0 days 00:00:02.168196,,,,,,,,,,,,,,7.402669348642637,QuantileRegressor,,,,,,5,,,,,,,,False,-0.0009466070487002694,5.9487806499319634e-05,98.0,-0.00044355962110047487,0.0005030474275997945,0.0025222175833292722,1.9844674545084815,2.777693032469059,2.813636933860908,98.0,2.7956649831649836,0.017971950695924464,0.09010913795597343,1.9844674545084815,824394433015304.0,1033150867836164.5,98.0,928772650425734.2,104378217410430.31,523339472234805.4,1.9844674545084815,8.561579990668083,8.89296546387737,98.0,8.727272727272727,0.16569273660464476,0.8307628878815312,1.9844674545084815,2.421970472839772,2.578029527160228,98.0,2.5,0.07802952716022794,0.3912303982179758,1.9844674545084815,99.0,1.0,-0.03129339557959086,-0.027338781343306924,98.0,-0.029316088461448894,0.001977307118141968,0.009913973330139818,1.9844674545084815,QuantileRegressor,"{'mode': 'original', 'type': 'QuantileRegressor'}",5,"['z_l3_T2W20', 'z_lsc_T2W20', 'z_density_T2W20', 'z_diameter_T2W20', 'z_asp_T2W20']",,,,,,,,3.4585342181766117,3.514098957988369,98.0,3.4863165880824902,0.027782369905878717,0.13929736648790278,1.9844674545084815,completed,False,COMPLETE
133,2.7956649831649836,2026-06-11 10:36:44.403254,2026-06-11 10:36:46.491514,0 days 00:00:02.088260,,,,,,,,,,,,,,4.814484261739697,QuantileRegressor,,,,,,6,,,,,,,,False,-0.0009466070487002694,5.9487806499319634e-05,98.0,-0.00044355962110047487,0.0005030474275997945,0.0025222175833292722,1.9844674545084815,2.777693032469059,2.813636933860908,98.0,2.7956649831649836,0.017971950695924464,0.09010913795597343,1.9844674545084815,824394433015304.0,1033150867836164.5,98.0,928772650425734.2,104378217410430.31,523339472234805.4,1.9844674545084815,8.561579990668083,8.89296546387737,98.0,8.727272727272727,0.16569273660464476,0.8307628878815312,1.9844674545084815,2.421970472839772,2.578029527160228,98.0,2.5,0.07802952716022794,0.3912303982179758,1.9844674545084815,99.0,1.0,-0.03129339557959086,-0.027338781343306924,98.0,-0.029316088461448894,0.001977307118141968,0.009913973330139818,1.9844674545084815,QuantileRegressor,"{'mode': 'original', 'type': 'QuantileRegressor'}",6,"['z_l2_T2W20', 'z_l3_T2W20', 'z_lsc_T2W20', 'z_density_T2W20', 'z_diameter_T2W20', 'z_asp_T2W20']",,,,,,,,3.4585342181766117,3.514098957988369,98.0,3.4863165880824902,0.027782369905878717,0.13929736648790278,1.9844674545084815,completed,False,COMPLETE
134,2.7956649831649836,2026-06-11 10:36:46.504969,2026-06-11 10:36:48.561322,0 days 00:00:02.056353,,,,,,,,,,,,,,2.7943204241786845,QuantileRegressor,,,,,,5,,,,,,,,False,-0.0009466070487002694,5.9487806499319634e-05,98.0,-0.00044355962110047487,0.0005030474275997945,0.0025222175833292722,1.9844674545084815,2.777693032469059,2.813636933860908,98.0,2.7956649831649836,0.017971950695924464,0.09010913795597343,1.9844674545084815,824394433015304.0,1033150867836164.5,98.0,928772650425734.2,104378217410430.31,523339472234805.4,1.9844674545084815,8.561579990668083,8.89296546387737,98.0,8.727272727272727,0.16569273660464476,0.8307628878815312,1.9844674545084815,2.421970472839772,2.578029527160228,98.0,2.5,0.07802952716022794,0.3912303982179758,1.9844674545084815,99.0,1.0,-0.03129339557959086,-0.027338781343306924,98.0,-0.029316088461448894,0.001977307118141968,0.009913973330139818,1.9844674545084815,QuantileRegressor,"{'mode': 'original', 'type': 'QuantileRegressor'}",5,"['z_l3_T2W20', 'z_lsc_T2W20', 'z_density_T2W20', 'z_diameter_T2W20', 'z_asp_T2W20']",,,,,,,,3.4585342181766117,3.514098957988369,98.0,3.4863165880824902,0.027782369905878717,0.13929736648790278,1.9844674545084815,completed,False,COMPLETE
135,2.9007422308652773,2026-06-11 10:36:48.573510,2026-06-11 10:37:25.772076,0 days 00:00:37.198566,,,,,,,,,,,,,,,RandomForestRegressor,6.0,log2,5.0,3.0,438.0,4,,,,,,,,False,-0.046787218351676416,-0.02940495808302981,98.0,-0.038096088217353115,0.008691130134323304,0.04357625154428301,1.9844674545084815,2.870801699261028,2.9306827624695266,98.0,2.9007422308652773,0.02994053160424915,0.1501181223145844,1.9844674545084815,956489461175105.4,1201739067430011.0,98.0,1079114264302558.2,122624803127452.86,614825596218749.6,1.9844674545084815,8.294004964246529,8.705355875733819,98.0,8.499680419990174,0.20567545574364454,1.031231296442661,1.9844674545084815,2.5237941288591395,2.6208385643068506,98.0,2.572316346582995,0.04852221772385568,0.24328439827070109,1.9844674545084815,99.0,0.7575757575757576,-0.07670143242134456,-0.04370570756248706,98.0,-0.06020356999191581,0.01649786242942875,0.08271824170812951,1.9844674545084815,RandomForestRegressor,"{'mode': 'original', 'type': 'RandomForestRegressor'}",4,"['z_re_T2W20', 'z_pe_T2W20', 'z_l2_T2W20', 'z_l3_T2W20']",0.023531055696293633,0.0726612232909056,98.0,0.048096139493599616,0.024565083797305983,0.12316629186465891,1.9844674545084815,3.4965341858822256,3.574768183063556,98.0,3.535651184472891,0.03911699859066535,0.19612779280711068,1.9844674545084815,completed,False,COMPLETE
136,2.8399385897988374,2026-06-11 10:37:25.784848,2026-06-11 10:37:27.463891,0 days 00:00:01.679043,,,,0.0017527965696425031,0.26912695114025237,,,,,,,,,,ElasticNet,,,,,,6,,,,,,,,False,-0.0239414096925588,-0.008763140206832366,98.0,-0.016352274949695583,0.007589134742863217,0.038050982950126315,1.9844674545084815,2.812759818885753,2.8671173607119216,98.0,2.8399385897988374,0.027178770913084013,0.13627099579325366,1.9844674545084815,903061098591284.9,1137506025999460.2,98.0,1020283562295372.5,117222463704087.67,587738934530132.9,1.9844674545084815,8.235640661147457,8.712652073029442,98.0,8.47414636708845,0.23850570594099338,1.1958381103725977,1.9844674545084815,2.410803200654767,2.4856202621333594,98.0,2.4482117313940632,0.03740853073929638,0.18756174630959482,1.9844674545084815,99.0,0.5151515151515151,-0.023166703332279354,0.002057200404907677,98.0,-0.010554751463685837,0.012611951868593515,0.06323476677904004,1.9844674545084815,ElasticNet,"{'mode': 'original', 'type': 'ElasticNet'}",6,"['z_re_T2W20', 'z_pe_T2W20', 'z_l1_T2W20', 'z_l2_T2W20', 'z_density_T2W20', 'z_asp_T2W20']",0.06372807223350134,0.11438254291017015,98.0,0.08905530757183575,0.025327235338334402,0.12698762542582104,1.9844674545084815,3.4166103267613397,3.489998679854391,98.0,3.4533045033078653,0.03669417654652553,0.18398006274085374,1.9844674545084815,completed,False,COMPLETE
