number,value,datetime_start,datetime_complete,duration,params_dt_max_depth,params_dt_min_samples_leaf,params_dt_min_samples_split,params_elastic_alpha,params_elastic_l1_ratio,params_et_max_depth,params_et_max_features,params_et_min_samples_leaf,params_et_min_samples_split,params_et_n_estimators,params_knn_metric,params_knn_n_neighbors,params_knn_weights,params_quantile_alpha,params_regressor,params_rf_max_depth,params_rf_max_features,params_rf_min_samples_leaf,params_rf_min_samples_split,params_rf_n_estimators,params_rfe_n_features,params_rfe_proxy_et_max_depth,params_rfe_proxy_et_min_samples_leaf,params_rfe_proxy_et_min_samples_split,params_rfe_proxy_et_n_estimators,params_rfe_proxy_lsvr_C,params_rfe_proxy_lsvr_epsilon,params_rfe_proxy_type,params_use_scaler,user_attrs_d2mae_ci_lower_val,user_attrs_d2mae_ci_upper_val,user_attrs_d2mae_df_val,user_attrs_d2mae_mean_val,user_attrs_d2mae_samperror_val,user_attrs_d2mae_std_val,user_attrs_d2mae_t_critical_val,user_attrs_mae_ci_lower_val,user_attrs_mae_ci_upper_val,user_attrs_mae_df_val,user_attrs_mae_mean_val,user_attrs_mae_samperror_val,user_attrs_mae_std_val,user_attrs_mae_t_critical_val,user_attrs_mape_ci_lower_val,user_attrs_mape_ci_upper_val,user_attrs_mape_df_val,user_attrs_mape_mean_val,user_attrs_mape_samperror_val,user_attrs_mape_std_val,user_attrs_mape_t_critical_val,user_attrs_max_error_ci_lower_val,user_attrs_max_error_ci_upper_val,user_attrs_max_error_df_val,user_attrs_max_error_mean_val,user_attrs_max_error_samperror_val,user_attrs_max_error_std_val,user_attrs_max_error_t_critical_val,user_attrs_median_ae_ci_lower_val,user_attrs_median_ae_ci_upper_val,user_attrs_median_ae_df_val,user_attrs_median_ae_mean_val,user_attrs_median_ae_samperror_val,user_attrs_median_ae_std_val,user_attrs_median_ae_t_critical_val,user_attrs_n_splits_val,user_attrs_r2_below_zero_val,user_attrs_r2_ci_lower_val,user_attrs_r2_ci_upper_val,user_attrs_r2_df_val,user_attrs_r2_mean_val,user_attrs_r2_samperror_val,user_attrs_r2_std_val,user_attrs_r2_t_critical_val,user_attrs_regressor_final,user_attrs_rfe_estimator,user_attrs_rfe_n_features,user_attrs_rfe_selected_features,user_attrs_rho_ci_lower_val,user_attrs_rho_ci_upper_val,user_attrs_rho_df_val,user_attrs_rho_mean_val,user_attrs_rho_samperror_val,user_attrs_rho_std_val,user_attrs_rho_t_critical_val,user_attrs_rmse_ci_lower_val,user_attrs_rmse_ci_upper_val,user_attrs_rmse_df_val,user_attrs_rmse_mean_val,user_attrs_rmse_samperror_val,user_attrs_rmse_std_val,user_attrs_rmse_t_critical_val,user_attrs_termination_reason,user_attrs_use_scaler_final,state
256,2.7855754784332567,2026-06-11 10:43:30.498186,2026-06-11 10:43:32.687047,0 days 00:00:02.188861,,,,,,,,,,,,,,0.007361475346414292,QuantileRegressor,,,,,,2,,,,,,,,False,-0.0014577382958955972,0.00776084460413855,98.0,0.0031515531541214765,0.004609291450017074,0.023110417237181973,1.9844674545084815,2.7636918257767435,2.80745913108977,98.0,2.7855754784332567,0.021883652656513375,0.10972192777345777,1.9844674545084815,832062415469103.0,1044773599632153.8,98.0,938418007550628.4,106355592081525.31,533253784267096.44,1.9844674545084815,8.22738766614333,8.55915308568272,98.0,8.393270375913024,0.1658827097696958,0.8317153898345551,1.9844674545084815,2.3984930194207443,2.4724734420026984,98.0,2.4354832307117213,0.0369902112909771,0.18546434433492673,1.9844674545084815,99.0,0.45454545454545453,-0.007472704869366164,0.008633374213362242,98.0,0.0005803346719980385,0.008053039541364203,0.04037694423245071,1.9844674545084815,QuantileRegressor,"{'mode': 'original', 'type': 'QuantileRegressor'}",2,"['z_re_T2W20', 'z_pe_T2W20']",0.06077681463930969,0.10540651066587885,93.0,0.08309166265259427,0.022314848013284583,0.10894867599961615,1.9858018143458227,3.405183074042085,3.463616881048806,98.0,3.4343999775454455,0.029216903503360283,0.14648994051756886,1.9844674545084815,completed,False,COMPLETE
257,2.7854580511873586,2026-06-11 10:43:32.699793,2026-06-11 10:43:34.814804,0 days 00:00:02.115011,,,,,,,,,,,,,,0.007151248829462828,QuantileRegressor,,,,,,2,,,,,,,,False,-0.0014206551799555438,0.007803963443502204,98.0,0.00319165413177333,0.004612309311728874,0.023125548422545304,1.9844674545084815,2.7635967429782538,2.8073193593964634,98.0,2.7854580511873586,0.021861308209104854,0.10960989547779044,1.9844674545084815,832105671369683.9,1044833934655065.1,98.0,938469803012374.5,106364131642690.62,533296600570576.7,1.9844674545084815,8.225928088038094,8.557765480173602,98.0,8.391846784105848,0.16591869606775456,0.8318958206821112,1.9844674545084815,2.398799510093355,2.472578754495124,98.0,2.4356891322942396,0.03688962220088435,0.18496000307841032,1.9844674545084815,99.0,0.45454545454545453,-0.007408358565453951,0.008726075217979946,98.0,0.0006588583262629976,0.008067216891716949,0.04044802771361537,1.9844674545084815,QuantileRegressor,"{'mode': 'original', 'type': 'QuantileRegressor'}",2,"['z_re_T2W20', 'z_pe_T2W20']",0.060853557984545614,0.10556672645237114,93.0,0.08321014221845838,0.02235658423391276,0.10915244642081555,1.9858018143458227,3.4050617006294868,3.4634492498353557,98.0,3.4342554752324213,0.02919377460293434,0.14637397507149605,1.9844674545084815,completed,False,COMPLETE
258,2.8077555838796373,2026-06-11 10:43:34.827614,2026-06-11 10:43:40.855343,0 days 00:00:06.027729,,,,,,16.0,,4.0,9.0,90.0,,,,,ExtraTreesRegressor,,,,,,2,,,,,,,,False,-0.011011886138713973,0.0012803503197474564,98.0,-0.004865767909483258,0.006146118229230714,0.030815876628076035,1.9844674545084815,2.784131728481928,2.8313794392773466,98.0,2.8077555838796373,0.023623855397709274,0.11844708908348428,1.9844674545084815,898763733381796.2,1130866136559756.0,98.0,1014814934970776.1,116051201588979.92,581866371150756.1,1.9844674545084815,7.842628535891768,8.15031114337753,98.0,7.996469839634649,0.15384130374288102,0.7713412693390987,1.9844674545084815,2.438765786375827,2.5239453281021276,98.0,2.4813555572389774,0.0425897708631502,0.21353984345679225,1.9844674545084815,99.0,0.4444444444444444,0.0025615418174173617,0.025652730029681603,98.0,0.014107135923549481,0.01154559410613212,0.05788818084889684,1.9844674545084815,ExtraTreesRegressor,"{'mode': 'original', 'type': 'ExtraTreesRegressor'}",2,"['z_re_T2W20', 'z_l2_T2W20']",0.12262500845176032,0.17101614861798542,98.0,0.14682057853487288,0.024195570083112558,0.12131359580443489,1.9844674545084815,3.3786331537036784,3.441570374692835,98.0,3.4101017641982567,0.031468610494578275,0.15777972087258085,1.9844674545084815,completed,False,COMPLETE
259,2.7857605304195996,2026-06-11 10:43:40.874152,2026-06-11 10:43:42.971364,0 days 00:00:02.097212,,,,,,,,,,,,,,0.006852173273920005,QuantileRegressor,,,,,,2,,,,,,,,False,-0.0015408176557094215,0.007713931246690041,98.0,0.0030865567954903098,0.004627374451199731,0.023201083168543316,1.9844674545084815,2.763825784390627,2.8076952764485723,98.0,2.7857605304195996,0.021934746028972548,0.10997810362356197,1.9844674545084815,831743136328484.6,1044027358770994.4,98.0,937885247549739.5,106142111221254.9,532183417637756.25,1.9844674545084815,8.227597061155981,8.561032362898372,98.0,8.394314712027176,0.1667176508711953,0.8359016812490531,1.9844674545084815,2.3986269519109387,2.4726306418649253,98.0,2.435628796887932,0.037001844976993235,0.1855226741977169,1.9844674545084815,99.0,0.45454545454545453,-0.007693565919793592,0.008469641837283295,98.0,0.00038803795874485107,0.008081603878538443,0.04052016228610574,1.9844674545084815,QuantileRegressor,"{'mode': 'original', 'type': 'QuantileRegressor'}",2,"['z_re_T2W20', 'z_pe_T2W20']",0.061043960602930776,0.10566321412316088,93.0,0.08335358736304582,0.022309626760115046,0.108923184066194,1.9858018143458227,3.4054793540309385,3.463974766000523,98.0,3.4347270600157307,0.029247705984792007,0.14664438034970945,1.9844674545084815,completed,False,COMPLETE
260,2.7854580511873586,2026-06-11 10:43:43.018661,2026-06-11 10:43:45.401006,0 days 00:00:02.382345,,,,,,,,,,,,,,0.007101888766773356,QuantileRegressor,,,,,,2,,,,,,,,False,-0.0014206551799555438,0.007803963443502204,98.0,0.00319165413177333,0.004612309311728874,0.023125548422545304,1.9844674545084815,2.7635967429782538,2.8073193593964634,98.0,2.7854580511873586,0.021861308209104854,0.10960989547779044,1.9844674545084815,832105671369683.9,1044833934655065.1,98.0,938469803012374.5,106364131642690.62,533296600570576.7,1.9844674545084815,8.225928088038094,8.557765480173602,98.0,8.391846784105848,0.16591869606775456,0.8318958206821112,1.9844674545084815,2.398799510093355,2.472578754495124,98.0,2.4356891322942396,0.03688962220088435,0.18496000307841032,1.9844674545084815,99.0,0.45454545454545453,-0.007408358565453955,0.008726075217979946,98.0,0.0006588583262629954,0.00806721689171695,0.04044802771361538,1.9844674545084815,QuantileRegressor,"{'mode': 'original', 'type': 'QuantileRegressor'}",2,"['z_re_T2W20', 'z_pe_T2W20']",0.060853557984545614,0.10556672645237114,93.0,0.08321014221845838,0.02235658423391276,0.10915244642081555,1.9858018143458227,3.4050617006294868,3.4634492498353557,98.0,3.4342554752324213,0.02919377460293434,0.14637397507149605,1.9844674545084815,completed,False,COMPLETE
261,2.7855596819922948,2026-06-11 10:43:45.413554,2026-06-11 10:43:47.584506,0 days 00:00:02.170952,,,,,,,,,,,,,,0.0072886749797205115,QuantileRegressor,,,,,,2,,,,,,,,False,-0.0014507534551561206,0.007764421797649166,98.0,0.0031568341712465225,0.004607587626402643,0.02310187447631405,1.9844674545084815,2.7636836818564454,2.807435682128144,98.0,2.7855596819922948,0.02187600013584946,0.10968355898133926,1.9844674545084815,832062134656352.9,1044765295057430.6,98.0,938413714856891.8,106351580200538.84,533233669192033.75,1.9844674545084815,8.226199976013564,8.558022718154476,98.0,8.39211134708402,0.16591137107045525,0.8318590940516336,1.9844674545084815,2.399097330308114,2.472883059405494,98.0,2.435990194856804,0.03689286454868971,0.18497625980928153,1.9844674545084815,99.0,0.45454545454545453,-0.007460969230305567,0.00865429971390705,98.0,0.0005966652418007418,0.008057634472106308,0.04039998264687461,1.9844674545084815,QuantileRegressor,"{'mode': 'original', 'type': 'QuantileRegressor'}",2,"['z_re_T2W20', 'z_pe_T2W20']",0.060853557984545614,0.10556672645237114,93.0,0.08321014221845838,0.02235658423391276,0.10915244642081555,1.9858018143458227,3.4051477324929644,3.4635959764918987,98.0,3.4343718544924315,0.029224121999467206,0.14652613316424026,1.9844674545084815,completed,False,COMPLETE
262,3.0481288193696283,2026-06-11 10:43:47.597044,2026-06-11 10:43:47.750042,0 days 00:00:00.152998,16.0,4.0,19.0,,,,,,,,,,,,DecisionTreeRegressor,,,,,,2,,,,,,,,False,,,,,,,,,,,,,,,,,,,,,,,,,,,,,,,,,,,,,,,,,,,,,DecisionTreeRegressor,"{'mode': 'original', 'type': 'DecisionTreeRegressor'}",2,"['z_l2_T2W20', 'z_lsc_T2W20']",,,,,,,,,,,,,,,pruned,False,PRUNED
263,2.7857525099503806,2026-06-11 10:43:47.759597,2026-06-11 10:43:50.211624,0 days 00:00:02.452027,,,,,,,,,,,,,,0.006968418422024783,QuantileRegressor,,,,,,2,,,,,,,,False,-0.0015363682134100416,0.007715271015255603,98.0,0.0030894514009227807,0.004625819614332822,0.023193287408800264,1.9844674545084815,2.7638199369076375,2.8076850829931237,98.0,2.7857525099503806,0.0219325730427429,0.10996720853936903,1.9844674545084815,831742440198375.9,1044026340921100.9,98.0,937884390559738.4,106141950361362.48,532182611106151.3,1.9844674545084815,8.227578806716885,8.561012324630216,98.0,8.39429556567355,0.1667167589566654,0.8358972092999154,1.9844674545084815,2.3986108895333205,2.4726075835617376,98.0,2.435609236547529,0.036998347014208614,0.18550513584495498,1.9844674545084815,99.0,0.45454545454545453,-0.007684876741960102,0.008471499274963885,98.0,0.0003933112665018913,0.008078188008461993,0.040503035536029124,1.9844674545084815,QuantileRegressor,"{'mode': 'original', 'type': 'QuantileRegressor'}",2,"['z_re_T2W20', 'z_pe_T2W20']",0.061043960602930776,0.10566321412316088,93.0,0.08335358736304582,0.022309626760115046,0.108923184066194,1.9858018143458227,3.405474072794691,3.4639626864011817,98.0,3.4347183795979364,0.029244306803245374,0.14662733727385724,1.9844674545084815,completed,False,COMPLETE
264,2.784657670635092,2026-06-11 10:43:50.224031,2026-06-11 10:43:52.469829,0 days 00:00:02.245798,,,,,,,,,,,,,,0.006743027176057741,QuantileRegressor,,,,,,2,,,,,,,,False,-0.0011614643332934016,0.008125975141268869,98.0,0.003482255403987734,0.004643719737281136,0.023283036411313622,1.9844674545084815,2.762679823337497,2.806635517932687,98.0,2.784657670635092,0.021977847297595082,0.1101942080535205,1.9844674545084815,831818109341470.5,1044124254958057.0,98.0,937971182149763.8,106153072808293.19,532238377679399.0,1.9844674545084815,8.230017891274622,8.563093569943286,98.0,8.396555730608954,0.16653783933433247,0.8350001284429394,1.9844674545084815,2.4017194980193968,2.474201903878162,98.0,2.4379607009487794,0.03624120292938274,0.1817089090498528,1.9844674545084815,99.0,0.4444444444444444,-0.007275066038572157,0.008963062926003481,98.0,0.0008439984437156625,0.00811906448228782,0.040707985120047314,1.9844674545084815,QuantileRegressor,"{'mode': 'original', 'type': 'QuantileRegressor'}",2,"['z_re_T2W20', 'z_pe_T2W20']",0.06229684559449228,0.1066332547180481,94.0,0.08446505015627019,0.02216820456177791,0.10882215052277465,1.985523441866604,3.4045808237181925,3.463337117745942,98.0,3.4339589707320672,0.029378147013874693,0.14729839553612972,1.9844674545084815,completed,False,COMPLETE
265,2.7845622094352254,2026-06-11 10:43:52.489082,2026-06-11 10:43:54.601634,0 days 00:00:02.112552,,,,,,,,,,,,,,0.0067203740538358285,QuantileRegressor,,,,,,2,,,,,,,,False,-0.0011313189692586634,0.00816620657331277,98.0,0.003517443802027053,0.004648762771285717,0.023308321560072603,1.9844674545084815,2.762562120844835,2.8065622980256157,98.0,2.7845622094352254,0.022000088590390328,0.11030572314471539,1.9844674545084815,831803783453818.4,1044109782781309.6,98.0,937956783117564.0,106152999663745.6,532238010941684.1,1.9844674545084815,8.228658032341817,8.561638443119486,98.0,8.395148237730652,0.16649020538883436,0.834761297731744,1.9844674545084815,2.4031032514064594,2.4750379599242387,98.0,2.439070605665349,0.035967354258889576,0.18033586568655646,1.9844674545084815,99.0,0.4444444444444444,-0.007342845960245039,0.008875951771552303,98.0,0.0007665529056536324,0.00810939886589867,0.04065952291494919,1.9844674545084815,QuantileRegressor,"{'mode': 'original', 'type': 'QuantileRegressor'}",2,"['z_re_T2W20', 'z_pe_T2W20']",0.06195409772454012,0.10621831429691218,94.0,0.08408620601072615,0.022132108286186027,0.10864495645526122,1.985523441866604,3.4047214223230866,3.4634673183857694,98.0,3.434094370354428,0.029372948031341165,0.14727232848073485,1.9844674545084815,completed,False,COMPLETE
266,2.784716525056444,2026-06-11 10:43:54.632083,2026-06-11 10:43:56.734174,0 days 00:00:02.102091,,,,,,,,,,,,,,0.00676201025114327,QuantileRegressor,,,,,,2,,,,,,,,False,-0.0011796771445580626,0.008102335919572363,98.0,0.00346132938750715,0.004641006532065213,0.023269432735939646,1.9844674545084815,2.7627412690749162,2.806691781037972,98.0,2.784716525056444,0.02197525598152798,0.11018121551526303,1.9844674545084815,831819456891012.9,1044126182933803.4,98.0,937972819912408.1,106153363021395.27,532239832771998.25,1.9844674545084815,8.229901602715954,8.562993484030867,98.0,8.39644754337341,0.16654594065745723,0.8350407474750872,1.9844674545084815,2.4017244960622346,2.4742075862268305,98.0,2.4379660411445325,0.03624154508229773,0.18171062456224993,1.9844674545084815,99.0,0.4444444444444444,-0.0072709926314012425,0.008967670086456029,98.0,0.0008483387275273931,0.008119331358928636,0.04070932320651613,1.9844674545084815,QuantileRegressor,"{'mode': 'original', 'type': 'QuantileRegressor'}",2,"['z_re_T2W20', 'z_pe_T2W20']",0.06229684559449228,0.1066332547180481,94.0,0.08446505015627019,0.02216820456177791,0.10882215052277465,1.985523441866604,3.4045732798255486,3.4633295522692737,98.0,3.433951416047411,0.02937813622186237,0.14729834142631473,1.9844674545084815,completed,False,COMPLETE
267,2.9745923927729567,2026-06-11 10:43:56.746662,2026-06-11 10:43:56.999472,0 days 00:00:00.252810,,,,,,,,,,,minkowski,15.0,distance,,KNeighborsRegressor,,,,,,2,,,,,3.6618733418313045,0.0034636570792762663,LinearSVR,,,,,,,,,,,,,,,,,,,,,,,,,,,,,,,,,,,,,,,,,,,,,,KNeighborsRegressor,"{'mode': 'proxy', 'type': 'LinearSVR'}",2,"['z_pe_T2W20', 'z_l2_T2W20']",,,,,,,,,,,,,,,pruned,True,PRUNED
268,2.7857605304195996,2026-06-11 10:43:57.009243,2026-06-11 10:43:59.183386,0 days 00:00:02.174143,,,,,,,,,,,,,,0.006928935020148606,QuantileRegressor,,,,,,2,,,,,,,,False,-0.0015408176557094215,0.007713931246690041,98.0,0.0030865567954903098,0.004627374451199731,0.023201083168543316,1.9844674545084815,2.763825784390627,2.8076952764485723,98.0,2.7857605304195996,0.021934746028972548,0.10997810362356197,1.9844674545084815,831743136328484.6,1044027358770994.4,98.0,937885247549739.5,106142111221254.9,532183417637756.25,1.9844674545084815,8.227597061155981,8.561032362898372,98.0,8.394314712027176,0.1667176508711953,0.8359016812490531,1.9844674545084815,2.3986269519109387,2.4726306418649253,98.0,2.435628796887932,0.03700184497699324,0.18552267419771692,1.9844674545084815,99.0,0.45454545454545453,-0.007693565919793594,0.008469641837283291,98.0,0.00038803795874484885,0.008081603878538443,0.04052016228610574,1.9844674545084815,QuantileRegressor,"{'mode': 'original', 'type': 'QuantileRegressor'}",2,"['z_re_T2W20', 'z_pe_T2W20']",0.061043960602930776,0.10566321412316088,93.0,0.08335358736304582,0.022309626760115046,0.108923184066194,1.9858018143458227,3.4054793540309385,3.463974766000523,98.0,3.4347270600157307,0.029247705984792007,0.14664438034970945,1.9844674545084815,completed,False,COMPLETE
269,2.800654511615553,2026-06-11 10:43:59.196874,2026-06-11 10:44:01.485868,0 days 00:00:02.288994,,,,,,,,,,,,,,0.006610036188233197,QuantileRegressor,,,,,,2,,,,,,,,False,-0.00713943161836327,0.0026954678851214982,98.0,-0.002221981866620886,0.0049174497517423844,0.024655484847941746,1.9844674545084815,2.7777778515923126,2.823531171638793,98.0,2.800654511615553,0.02287666002324001,0.11470074389161902,1.9844674545084815,845134493299514.8,1061757272538038.5,98.0,953445882918776.6,108311389619261.88,543059911221463.3,1.9844674545084815,8.345466526842102,8.707381578923638,98.0,8.52642405288287,0.18095752604076742,0.9072986541119821,1.9844674545084815,2.3569608767485892,2.4264411750819344,98.0,2.391701025915262,0.03474014916667234,0.17418281113917483,1.9844674545084815,99.0,0.48484848484848486,-0.013895788338617994,0.004652504673678652,98.0,-0.0046216418324696714,0.009274146506148323,0.046499423523120295,1.9844674545084815,QuantileRegressor,"{'mode': 'original', 'type': 'QuantileRegressor'}",2,"['z_pe_T2W20', 'z_asp_T2W20']",0.06981425683060244,0.11391961062058084,95.0,0.09186693372559164,0.0220526768949892,0.10883823911395502,1.9852510035054978,3.411577221365375,3.475286926402912,98.0,3.4434320738841433,0.03185485251876846,0.15971629061011303,1.9844674545084815,completed,False,COMPLETE
270,2.775310395221629,2026-06-11 10:44:01.498201,2026-06-11 10:44:03.668905,0 days 00:00:02.170704,,,,,,,,,,,,,,0.004442695836106958,QuantileRegressor,,,,,,2,,,,,,,,False,0.0024129299587760103,0.011181301039613914,98.0,0.0067971154991949626,0.004384185540418952,0.021981764048339104,1.9844674545084815,2.754253184338478,2.7963676061047797,98.0,2.775310395221629,0.021057210883150997,0.10557825093901275,1.9844674545084815,838651644595295.1,1052723726268313.1,98.0,945687685431804.1,107036040836508.98,536665470164315.1,1.9844674545084815,8.271107517875157,8.619459278164621,98.0,8.445283398019889,0.17417588014473173,0.8732963203668188,1.9844674545084815,2.357765449590315,2.4330381357149697,98.0,2.3954017926526423,0.03763634306232761,0.18870396912065265,1.9844674545084815,99.0,0.3434343434343434,6.025219283563223e-05,0.014942586090699997,98.0,0.007501419141767814,0.007441166948932182,0.03730909073252768,1.9844674545084815,QuantileRegressor,"{'mode': 'original', 'type': 'QuantileRegressor'}",2,"['z_pe_T2W20', 'z_l2_T2W20']",0.08763305913771827,0.1261488175358765,97.0,0.10689093833679739,0.01925787919907912,0.09605534865748255,1.9847231860139845,3.3937059691692113,3.4515400455600878,98.0,3.4226230073646495,0.028917038195438283,0.14498645295203255,1.9844674545084815,completed,False,COMPLETE
271,2.7742380838164817,2026-06-11 10:44:03.686735,2026-06-11 10:44:06.010687,0 days 00:00:02.323952,,,,,,,,,,,,,,0.004143149215016419,QuantileRegressor,,,,,,2,,,,,,,,False,0.0028845092359471728,0.011472729462500462,98.0,0.007178619349223818,0.004294110113276645,0.0215301369974898,1.9844674545084815,2.7533768887112715,2.795099278921692,98.0,2.7742380838164817,0.020861195105210364,0.10459545207233185,1.9844674545084815,838350264332884.9,1052436961021973.4,98.0,945393612677429.1,107043348344544.2,536702109105785.75,1.9844674545084815,8.268989551574585,8.616659431628602,98.0,8.442824491601593,0.17383494002700844,0.8715868887852142,1.9844674545084815,2.3592661791690164,2.4337203877910305,98.0,2.3964932834800234,0.037227104311007106,0.18665209663760424,1.9844674545084815,99.0,0.3434343434343434,0.0005680510487674085,0.015111637992845336,98.0,0.007839844520806372,0.007271793472038964,0.036459873068086006,1.9844674545084815,QuantileRegressor,"{'mode': 'original', 'type': 'QuantileRegressor'}",2,"['z_pe_T2W20', 'z_l2_T2W20']",0.08721603801796536,0.12570554822154034,97.0,0.10646079311975284,0.019244755101787483,0.09598988767249397,1.9847231860139845,3.39338233239403,3.4506911193551084,98.0,3.422036725874569,0.02865439348053901,0.14366958483633976,1.9844674545084815,completed,False,COMPLETE
