number,value,datetime_start,datetime_complete,duration,params_dt_max_depth,params_dt_min_samples_leaf,params_dt_min_samples_split,params_elastic_alpha,params_elastic_l1_ratio,params_et_max_depth,params_et_max_features,params_et_min_samples_leaf,params_et_min_samples_split,params_et_n_estimators,params_knn_metric,params_knn_n_neighbors,params_knn_weights,params_quantile_alpha,params_regressor,params_rf_max_depth,params_rf_max_features,params_rf_min_samples_leaf,params_rf_min_samples_split,params_rf_n_estimators,params_rfe_n_features,params_rfe_proxy_et_max_depth,params_rfe_proxy_et_min_samples_leaf,params_rfe_proxy_et_min_samples_split,params_rfe_proxy_et_n_estimators,params_rfe_proxy_lsvr_C,params_rfe_proxy_lsvr_epsilon,params_rfe_proxy_type,params_use_scaler,user_attrs_d2mae_ci_lower_val,user_attrs_d2mae_ci_upper_val,user_attrs_d2mae_df_val,user_attrs_d2mae_mean_val,user_attrs_d2mae_samperror_val,user_attrs_d2mae_std_val,user_attrs_d2mae_t_critical_val,user_attrs_mae_ci_lower_val,user_attrs_mae_ci_upper_val,user_attrs_mae_df_val,user_attrs_mae_mean_val,user_attrs_mae_samperror_val,user_attrs_mae_std_val,user_attrs_mae_t_critical_val,user_attrs_mape_ci_lower_val,user_attrs_mape_ci_upper_val,user_attrs_mape_df_val,user_attrs_mape_mean_val,user_attrs_mape_samperror_val,user_attrs_mape_std_val,user_attrs_mape_t_critical_val,user_attrs_max_error_ci_lower_val,user_attrs_max_error_ci_upper_val,user_attrs_max_error_df_val,user_attrs_max_error_mean_val,user_attrs_max_error_samperror_val,user_attrs_max_error_std_val,user_attrs_max_error_t_critical_val,user_attrs_median_ae_ci_lower_val,user_attrs_median_ae_ci_upper_val,user_attrs_median_ae_df_val,user_attrs_median_ae_mean_val,user_attrs_median_ae_samperror_val,user_attrs_median_ae_std_val,user_attrs_median_ae_t_critical_val,user_attrs_n_splits_val,user_attrs_r2_below_zero_val,user_attrs_r2_ci_lower_val,user_attrs_r2_ci_upper_val,user_attrs_r2_df_val,user_attrs_r2_mean_val,user_attrs_r2_samperror_val,user_attrs_r2_std_val,user_attrs_r2_t_critical_val,user_attrs_regressor_final,user_attrs_rfe_estimator,user_attrs_rfe_n_features,user_attrs_rfe_selected_features,user_attrs_rho_ci_lower_val,user_attrs_rho_ci_upper_val,user_attrs_rho_df_val,user_attrs_rho_mean_val,user_attrs_rho_samperror_val,user_attrs_rho_std_val,user_attrs_rho_t_critical_val,user_attrs_rmse_ci_lower_val,user_attrs_rmse_ci_upper_val,user_attrs_rmse_df_val,user_attrs_rmse_mean_val,user_attrs_rmse_samperror_val,user_attrs_rmse_std_val,user_attrs_rmse_t_critical_val,user_attrs_termination_reason,user_attrs_use_scaler_final,state
28,3.421802933434878,2026-06-11 10:27:33.961450,2026-06-11 10:27:35.525374,0 days 00:00:01.563924,20.0,5.0,4.0,,,,,,,,,,,,DecisionTreeRegressor,,,,,,7,,,,,,,,False,-0.2476035366951538,-0.20286501081151828,98.0,-0.22523427375333605,0.022369262941817753,0.11215671768200423,1.9844674545084815,3.3597311960251206,3.483874670844635,98.0,3.421802933434878,0.06207173740975727,0.3112200141240741,1.9844674545084815,890300699360435.2,1133983662370306.5,98.0,1012142180865370.9,121841481504935.6,610898118487391.8,1.9844674545084815,9.583746437502104,10.252929849174183,98.0,9.918338143338143,0.3345917058360392,1.6776014295955786,1.9844674545084815,2.918395209854233,3.1108456110532536,98.0,3.0146204104537433,0.09622520059951012,0.4824612543383375,1.9844674545084815,99.0,0.98989898989899,-0.5466490186580703,-0.4532599698862956,98.0,-0.4999544942721829,0.04669452438588735,0.23412056992959895,1.9844674545084815,DecisionTreeRegressor,"{'mode': 'original', 'type': 'DecisionTreeRegressor'}",7,"['z_re_T2W20', 'z_pe_T2W20', 'z_l1_T2W20', 'z_l2_T2W20', 'z_lsc_T2W20', 'z_density_T2W20', 'z_diameter_T2W20']",0.026258983776677576,0.08517402040864619,98.0,0.05571650209266188,0.029457518315984303,0.1476963534279885,1.9844674545084815,4.123496675760702,4.2632532074757155,98.0,4.193374941618209,0.06987826585750717,0.3503609822224924,1.9844674545084815,completed,False,COMPLETE
29,2.84057763182515,2026-06-11 10:27:35.538286,2026-06-11 10:27:37.455074,0 days 00:00:01.916788,,,,0.00016377964907056237,0.8770241030575711,,,,,,,,,,ElasticNet,,,,,,6,,,,,,,,True,-0.023956073985247288,-0.009188320583955557,98.0,-0.016572197284601423,0.007383876700645864,0.03702184451347732,1.9844674545084815,2.81370240845075,2.8674528551995504,98.0,2.84057763182515,0.026875223374400375,0.13474904597810963,1.9844674545084815,900765932399194.5,1137878928673379.5,98.0,1019322430536287.0,118556498137092.47,594427618179198.8,1.9844674545084815,8.207785080964939,8.674206216721998,98.0,8.440995648843469,0.2332105678785302,1.1692889430485063,1.9844674545084815,2.427070668481538,2.506893041314756,98.0,2.466981854898147,0.03991118641660887,0.20010975233847794,1.9844674545084815,99.0,0.5151515151515151,-0.025908481253451177,0.0007343888806581392,98.0,-0.012587046186396519,0.013321435067054658,0.06679202778477372,1.9844674545084815,ElasticNet,"{'mode': 'original', 'type': 'ElasticNet'}",6,"['z_pe_T2W20', 'z_l1_T2W20', 'z_l2_T2W20', 'z_density_T2W20', 'z_diameter_T2W20', 'z_asp_T2W20']",0.06594877884741297,0.1165772457967623,98.0,0.09126301232208764,0.025314233474674663,0.12692243568954686,1.9844674545084815,3.420065634088249,3.492572135009262,98.0,3.4563188845487556,0.03625325046050629,0.18176931388082573,1.9844674545084815,completed,True,COMPLETE
30,2.8302186694238474,2026-06-11 10:27:37.467227,2026-06-11 10:27:39.065970,0 days 00:00:01.598743,,,,,,,,,,,,,,,LinearRegression,,,,,,5,,,,,,,,False,-0.020094329784179465,-0.005715696630132157,98.0,-0.012905013207155812,0.007189316577023655,0.03604634411750859,1.9844674545084815,2.804306532927692,2.8561308059200026,98.0,2.8302186694238474,0.025912136496154984,0.1299202474885232,1.9844674545084815,898339299295256.4,1135658633468036.8,98.0,1016998966381646.5,118659667086390.14,594944894530682.6,1.9844674545084815,8.161058258528913,8.622987152674893,98.0,8.392022705601903,0.23096444707298985,1.1580271711375631,1.9844674545084815,2.417192474798786,2.490594027001663,98.0,2.4538932509002245,0.03670077610143855,0.18401315209293173,1.9844674545084815,99.0,0.43434343434343436,-0.013756664411631857,0.011785024547408643,98.0,-0.0009858199321116073,0.01277084447952025,0.06403143467783573,1.9844674545084815,LinearRegression,"{'mode': 'original', 'type': 'LinearRegression'}",5,"['z_pe_T2W20', 'z_l2_T2W20', 'z_density_T2W20', 'z_diameter_T2W20', 'z_asp_T2W20']",0.08641271724096443,0.13866259654693244,98.0,0.11253765689394843,0.026124939652984003,0.13098721619662906,1.9844674545084815,3.401292499520184,3.47165612271219,98.0,3.436474311116187,0.03518181159600304,0.17639725193349304,1.9844674545084815,completed,False,COMPLETE
31,2.7956649831649836,2026-06-11 10:27:39.077863,2026-06-11 10:27:41.197476,0 days 00:00:02.119613,,,,,,,,,,,,,,8.632405665578633,QuantileRegressor,,,,,,5,,,,,,,,False,-0.0009466070487002694,5.9487806499319634e-05,98.0,-0.00044355962110047487,0.0005030474275997945,0.0025222175833292722,1.9844674545084815,2.777693032469059,2.813636933860908,98.0,2.7956649831649836,0.017971950695924464,0.09010913795597343,1.9844674545084815,824394433015304.0,1033150867836164.5,98.0,928772650425734.2,104378217410430.31,523339472234805.4,1.9844674545084815,8.561579990668083,8.89296546387737,98.0,8.727272727272727,0.16569273660464476,0.8307628878815312,1.9844674545084815,2.421970472839772,2.578029527160228,98.0,2.5,0.07802952716022794,0.3912303982179758,1.9844674545084815,99.0,1.0,-0.03129339557959086,-0.027338781343306924,98.0,-0.029316088461448894,0.001977307118141968,0.009913973330139818,1.9844674545084815,QuantileRegressor,"{'mode': 'original', 'type': 'QuantileRegressor'}",5,"['z_l3_T2W20', 'z_lsc_T2W20', 'z_density_T2W20', 'z_diameter_T2W20', 'z_asp_T2W20']",,,,,,,,3.4585342181766117,3.514098957988369,98.0,3.4863165880824902,0.027782369905878717,0.13929736648790278,1.9844674545084815,completed,False,COMPLETE
32,2.7956649831649836,2026-06-11 10:27:41.209776,2026-06-11 10:27:43.470567,0 days 00:00:02.260791,,,,,,,,,,,,,,2.2931680347694705,QuantileRegressor,,,,,,5,,,,,,,,False,-0.0009466070487002694,5.9487806499319634e-05,98.0,-0.00044355962110047487,0.0005030474275997945,0.0025222175833292722,1.9844674545084815,2.777693032469059,2.813636933860908,98.0,2.7956649831649836,0.017971950695924464,0.09010913795597343,1.9844674545084815,824394433015304.0,1033150867836164.5,98.0,928772650425734.2,104378217410430.31,523339472234805.4,1.9844674545084815,8.561579990668083,8.89296546387737,98.0,8.727272727272727,0.16569273660464476,0.8307628878815312,1.9844674545084815,2.421970472839772,2.578029527160228,98.0,2.5,0.07802952716022794,0.3912303982179758,1.9844674545084815,99.0,1.0,-0.03129339557959086,-0.027338781343306924,98.0,-0.029316088461448894,0.001977307118141968,0.009913973330139818,1.9844674545084815,QuantileRegressor,"{'mode': 'original', 'type': 'QuantileRegressor'}",5,"['z_l3_T2W20', 'z_lsc_T2W20', 'z_density_T2W20', 'z_diameter_T2W20', 'z_asp_T2W20']",,,,,,,,3.4585342181766117,3.514098957988369,98.0,3.4863165880824902,0.027782369905878717,0.13929736648790278,1.9844674545084815,completed,False,COMPLETE
33,2.7956649831649836,2026-06-11 10:27:43.483959,2026-06-11 10:27:45.622003,0 days 00:00:02.138044,,,,,,,,,,,,,,3.227908133236349,QuantileRegressor,,,,,,4,,,,,,,,False,-0.0009466070487002694,5.9487806499319634e-05,98.0,-0.00044355962110047487,0.0005030474275997945,0.0025222175833292722,1.9844674545084815,2.777693032469059,2.813636933860908,98.0,2.7956649831649836,0.017971950695924464,0.09010913795597343,1.9844674545084815,824394433015304.0,1033150867836164.5,98.0,928772650425734.2,104378217410430.31,523339472234805.4,1.9844674545084815,8.561579990668083,8.89296546387737,98.0,8.727272727272727,0.16569273660464476,0.8307628878815312,1.9844674545084815,2.421970472839772,2.578029527160228,98.0,2.5,0.07802952716022794,0.3912303982179758,1.9844674545084815,99.0,1.0,-0.03129339557959086,-0.027338781343306924,98.0,-0.029316088461448894,0.001977307118141968,0.009913973330139818,1.9844674545084815,QuantileRegressor,"{'mode': 'original', 'type': 'QuantileRegressor'}",4,"['z_lsc_T2W20', 'z_density_T2W20', 'z_diameter_T2W20', 'z_asp_T2W20']",,,,,,,,3.4585342181766117,3.514098957988369,98.0,3.4863165880824902,0.027782369905878717,0.13929736648790278,1.9844674545084815,completed,False,COMPLETE
34,2.844827826168196,2026-06-11 10:27:45.634558,2026-06-11 10:27:47.382320,0 days 00:00:01.747762,,,,0.000123469869878032,0.9566761854597826,,,,,,,,,,ElasticNet,,,,,,6,,,,,,,,False,-0.025490924926206773,-0.010845671846679079,98.0,-0.018168298386442926,0.007322626539763847,0.03671474378244789,1.9844674545084815,2.8189836709274543,2.870671981408938,98.0,2.844827826168196,0.025844155240741813,0.12957939788203976,1.9844674545084815,902147450734648.8,1140654056619320.5,98.0,1021400753676984.6,119253302942335.86,597921311289446.4,1.9844674545084815,8.202323661782415,8.67185549827294,98.0,8.437089580027678,0.23476591824526263,1.1770872774161578,1.9844674545084815,2.4395085039174877,2.5145828628787776,98.0,2.4770456833981327,0.03753717948064509,0.1882067751869933,1.9844674545084815,99.0,0.5252525252525253,-0.023831337893425293,0.0025515989736058214,98.0,-0.010639869459909735,0.013191468433515556,0.0661403911589341,1.9844674545084815,ElasticNet,"{'mode': 'original', 'type': 'ElasticNet'}",6,"['z_pe_T2W20', 'z_l2_T2W20', 'z_l3_T2W20', 'z_density_T2W20', 'z_diameter_T2W20', 'z_asp_T2W20']",0.06640649685535385,0.11617542660355704,98.0,0.09129096172945544,0.02488446487410159,0.12476762908154929,1.9844674545084815,3.4173665598580567,3.488389253696901,98.0,3.452877906777479,0.035511346919421975,0.17804950128704022,1.9844674545084815,completed,False,COMPLETE
35,2.8095492546500034,2026-06-11 10:27:47.395500,2026-06-11 10:28:10.435018,0 days 00:00:23.039518,,,,,,2.0,log2,1.0,2.0,441.0,,,,,ExtraTreesRegressor,,,,,,3,,,,,,,,False,-0.00863532520176555,-0.0024113212379711954,98.0,-0.005523323219868373,0.0031120019818971774,0.015603193033999745,1.9844674545084815,2.7913443463056473,2.8277541629943594,98.0,2.8095492546500034,0.01820490834435586,0.09127715879219594,1.9844674545084815,919773948472062.0,1154187379662417.2,98.0,1036980664067239.6,117206715595177.66,587659975459838.9,1.9844674545084815,7.870112334914011,8.180308150368418,98.0,8.025210242641215,0.15509790772720372,0.7776417262953399,1.9844674545084815,2.4870295850947497,2.519782976009402,98.0,2.503406280552076,0.0163766954573263,0.08211072549636049,1.9844674545084815,99.0,0.08080808080808081,0.017670847077461447,0.023759059165323646,98.0,0.020714953121392547,0.003044106043931101,0.015262771198643676,1.9844674545084815,ExtraTreesRegressor,"{'mode': 'original', 'type': 'ExtraTreesRegressor'}",3,"['z_re_T2W20', 'z_pe_T2W20', 'z_l2_T2W20']",0.09283370200356011,0.14046880014505986,98.0,0.11665125107430999,0.02381754907074988,0.11941824520340248,1.9844674545084815,3.3737893248883113,3.426789757263224,98.0,3.4002895410757676,0.026500216187456183,0.1328688063249651,1.9844674545084815,completed,False,COMPLETE
36,2.8302186694238474,2026-06-11 10:28:10.447733,2026-06-11 10:28:12.055492,0 days 00:00:01.607759,,,,,,,,,,,,,,,LinearRegression,,,,,,5,,,,,,,,False,-0.020094329784179465,-0.005715696630132157,98.0,-0.012905013207155812,0.007189316577023655,0.03604634411750859,1.9844674545084815,2.804306532927692,2.8561308059200026,98.0,2.8302186694238474,0.025912136496154984,0.1299202474885232,1.9844674545084815,898339299295256.4,1135658633468036.8,98.0,1016998966381646.5,118659667086390.14,594944894530682.6,1.9844674545084815,8.161058258528913,8.622987152674893,98.0,8.392022705601903,0.23096444707298985,1.1580271711375631,1.9844674545084815,2.417192474798786,2.490594027001663,98.0,2.4538932509002245,0.03670077610143855,0.18401315209293173,1.9844674545084815,99.0,0.43434343434343436,-0.013756664411631857,0.011785024547408643,98.0,-0.0009858199321116073,0.01277084447952025,0.06403143467783573,1.9844674545084815,LinearRegression,"{'mode': 'original', 'type': 'LinearRegression'}",5,"['z_pe_T2W20', 'z_l2_T2W20', 'z_density_T2W20', 'z_diameter_T2W20', 'z_asp_T2W20']",0.08641271724096443,0.13866259654693244,98.0,0.11253765689394843,0.026124939652984003,0.13098721619662906,1.9844674545084815,3.401292499520184,3.47165612271219,98.0,3.436474311116187,0.03518181159600304,0.17639725193349304,1.9844674545084815,completed,False,COMPLETE
37,2.7956649831649836,2026-06-11 10:28:12.067613,2026-06-11 10:28:14.235495,0 days 00:00:02.167882,,,,,,,,,,,,,,0.21980426427532332,QuantileRegressor,,,,,,7,,,,,,,,True,-0.0009466070487002694,5.9487806499319634e-05,98.0,-0.00044355962110047487,0.0005030474275997945,0.0025222175833292722,1.9844674545084815,2.777693032469059,2.813636933860908,98.0,2.7956649831649836,0.017971950695924464,0.09010913795597343,1.9844674545084815,824394433015304.0,1033150867836164.5,98.0,928772650425734.2,104378217410430.31,523339472234805.4,1.9844674545084815,8.561579990668083,8.89296546387737,98.0,8.727272727272727,0.16569273660464476,0.8307628878815312,1.9844674545084815,2.421970472839772,2.578029527160228,98.0,2.5,0.07802952716022794,0.3912303982179758,1.9844674545084815,99.0,1.0,-0.03129339557959086,-0.027338781343306924,98.0,-0.029316088461448894,0.001977307118141968,0.009913973330139818,1.9844674545084815,QuantileRegressor,"{'mode': 'original', 'type': 'QuantileRegressor'}",7,"['z_l1_T2W20', 'z_l2_T2W20', 'z_l3_T2W20', 'z_lsc_T2W20', 'z_density_T2W20', 'z_diameter_T2W20', 'z_asp_T2W20']",,,,,,,,3.4585342181766117,3.514098957988369,98.0,3.4863165880824902,0.027782369905878717,0.13929736648790278,1.9844674545084815,completed,True,COMPLETE
38,2.7867289526207513,2026-06-11 10:28:14.248601,2026-06-11 10:28:44.047625,0 days 00:00:29.799024,,,,,,,,,,,,,,,RandomForestRegressor,2.0,,1.0,12.0,353.0,4,,,,,,,,False,-0.003990955043850945,0.009362567802782646,98.0,0.002685806379465851,0.0066767614233167955,0.033476455971427135,1.9844674545084815,2.7617214069418656,2.811736498299637,98.0,2.7867289526207513,0.025007545678885662,0.12538474101367444,1.9844674545084815,906155867734469.4,1136786475787493.5,98.0,1021471171760981.4,115315304026512.02,578176671790913.0,1.9844674545084815,8.126656049824874,8.494891847782082,98.0,8.310773948803478,0.18411789897860395,0.9231443731363735,1.9844674545084815,2.4059055153160855,2.510806585870415,98.0,2.4583560505932502,0.052450535277164555,0.262980496615009,1.9844674545084815,99.0,0.42424242424242425,-0.003362280894299614,0.021214459834309196,98.0,0.00892608947000479,0.012288370364304404,0.06161236913822073,1.9844674545084815,RandomForestRegressor,"{'mode': 'original', 'type': 'RandomForestRegressor'}",4,"['z_re_T2W20', 'z_pe_T2W20', 'z_l2_T2W20', 'z_l3_T2W20']",0.09952114327122738,0.14929772100701774,98.0,0.12440943213912256,0.024888288867895177,0.12478680211346548,1.9844674545084815,3.3850614093182028,3.4536022436317264,98.0,3.4193318264749646,0.034270417156762024,0.17182763293957384,1.9844674545084815,completed,False,COMPLETE
39,2.840238867596815,2026-06-11 10:28:44.065932,2026-06-11 10:29:18.892282,0 days 00:00:34.826350,,,,,,,,,,,,,,,RandomForestRegressor,4.0,,1.0,12.0,403.0,2,,,,,,,,False,-0.026169102299206604,-0.0070949494869640695,98.0,-0.016632025893085337,0.009537076406121267,0.047817721521499795,1.9844674545084815,2.810677228129311,2.869800507064319,98.0,2.840238867596815,0.02956163946750384,0.14821840400364117,1.9844674545084815,886813615913620.6,1115149856633113.4,98.0,1000981736273367.0,114168120359746.38,572424834773417.4,1.9844674545084815,8.145905992670567,8.504352052175907,98.0,8.325129022423237,0.1792230297526695,0.8986021042519947,1.9844674545084815,2.4249647790833246,2.5198302183538606,98.0,2.4723974987185926,0.047432719635268114,0.23782178960743727,1.9844674545084815,99.0,0.5656565656565656,-0.047281336963633555,-0.007801337401143613,98.0,-0.027541337182388586,0.019739999781244973,0.09897391739130802,1.9844674545084815,RandomForestRegressor,"{'mode': 'original', 'type': 'RandomForestRegressor'}",2,"['z_re_T2W20', 'z_l2_T2W20']",0.12609926248653983,0.17533209586296553,98.0,0.15071567917475268,0.024616416688212853,0.12342366863063542,1.9844674545084815,3.439721308598492,3.5169727020899844,98.0,3.4783470053442382,0.038625696745745994,0.1936644661226066,1.9844674545084815,completed,False,COMPLETE
40,2.9291861804667234,2026-06-11 10:29:18.904563,2026-06-11 10:29:43.962796,0 days 00:00:25.058233,,,,,,,,,,,,,,,RandomForestRegressor,10.0,,5.0,8.0,275.0,3,,,,,,,,True,-0.05774972050037933,-0.03905493915836552,98.0,-0.048402329829372426,0.009347390671006907,0.04686666070662809,1.9844674545084815,2.8990863068817765,2.9592860540516703,98.0,2.9291861804667234,0.0300998735849469,0.15091704329783234,1.9844674545084815,928926579081292.8,1171108289648997.8,98.0,1050017434365145.2,121090855283852.55,607134571454944.0,1.9844674545084815,8.514049821332307,8.987598680328865,98.0,8.750824250830586,0.2367744294982801,1.1871577044191273,1.9844674545084815,2.4889699164772656,2.5997090880021023,98.0,2.544339502239684,0.055369585762418266,0.2776162547097508,1.9844674545084815,99.0,0.8181818181818182,-0.11408139660574407,-0.07631181495550318,98.0,-0.09519660578062362,0.01888479082512044,0.09468600546051882,1.9844674545084815,RandomForestRegressor,"{'mode': 'original', 'type': 'RandomForestRegressor'}",3,"['z_re_T2W20', 'z_pe_T2W20', 'z_l2_T2W20']",0.04200059609093386,0.08683801047014676,98.0,0.06441930328054031,0.02241870718960645,0.11240462502498018,1.9844674545084815,3.5520131383772537,3.6330207915732617,98.0,3.5925169649752577,0.04050382659800387,0.20308117690819288,1.9844674545084815,completed,True,COMPLETE
41,2.966487946295825,2026-06-11 10:29:43.975182,2026-06-11 10:30:07.765141,0 days 00:00:23.789959,,,,,,,,,,,,,,,RandomForestRegressor,9.0,,3.0,8.0,250.0,4,,,,,,,,False,-0.07218439698287489,-0.05105659445574249,98.0,-0.06162049571930869,0.010563901263566202,0.052966094355457696,1.9844674545084815,2.9319227355574573,3.001053157034193,98.0,2.966487946295825,0.03456521073836798,0.17330569149665026,1.9844674545084815,967686862477298.9,1218281034421478.2,98.0,1092983948449388.5,125297085972089.66,628224091884518.6,1.9844674545084815,8.446832601861894,8.85874447531477,98.0,8.652788538588332,0.20595593672643728,1.0326375933995202,1.9844674545084815,2.5604064307452576,2.671550622572063,98.0,2.6159785266586604,0.055572095913402716,0.2786316155596268,1.9844674545084815,99.0,0.8787878787878788,-0.14035340879041056,-0.09903248114368891,98.0,-0.11969294496704973,0.020660463823360817,0.10358901025228155,1.9844674545084815,RandomForestRegressor,"{'mode': 'original', 'type': 'RandomForestRegressor'}",4,"['z_re_T2W20', 'z_pe_T2W20', 'z_l2_T2W20', 'z_l3_T2W20']",-0.003811085437971637,0.04420685106729556,98.0,0.020197882814661963,0.0240089682526336,0.12037799730597704,1.9844674545084815,3.5895229163336757,3.6746092383465485,98.0,3.632066077340112,0.042543161006436216,0.2133061474000976,1.9844674545084815,completed,False,COMPLETE
