number,value,datetime_start,datetime_complete,duration,params_dt_max_depth,params_dt_min_samples_leaf,params_dt_min_samples_split,params_elastic_alpha,params_elastic_l1_ratio,params_et_max_depth,params_et_max_features,params_et_min_samples_leaf,params_et_min_samples_split,params_et_n_estimators,params_knn_metric,params_knn_n_neighbors,params_knn_weights,params_quantile_alpha,params_regressor,params_rf_max_depth,params_rf_max_features,params_rf_min_samples_leaf,params_rf_min_samples_split,params_rf_n_estimators,params_rfe_n_features,params_rfe_proxy_et_max_depth,params_rfe_proxy_et_min_samples_leaf,params_rfe_proxy_et_min_samples_split,params_rfe_proxy_et_n_estimators,params_rfe_proxy_lsvr_C,params_rfe_proxy_lsvr_epsilon,params_rfe_proxy_type,params_use_scaler,user_attrs_d2mae_ci_lower_val,user_attrs_d2mae_ci_upper_val,user_attrs_d2mae_df_val,user_attrs_d2mae_mean_val,user_attrs_d2mae_samperror_val,user_attrs_d2mae_std_val,user_attrs_d2mae_t_critical_val,user_attrs_mae_ci_lower_val,user_attrs_mae_ci_upper_val,user_attrs_mae_df_val,user_attrs_mae_mean_val,user_attrs_mae_samperror_val,user_attrs_mae_std_val,user_attrs_mae_t_critical_val,user_attrs_mape_ci_lower_val,user_attrs_mape_ci_upper_val,user_attrs_mape_df_val,user_attrs_mape_mean_val,user_attrs_mape_samperror_val,user_attrs_mape_std_val,user_attrs_mape_t_critical_val,user_attrs_max_error_ci_lower_val,user_attrs_max_error_ci_upper_val,user_attrs_max_error_df_val,user_attrs_max_error_mean_val,user_attrs_max_error_samperror_val,user_attrs_max_error_std_val,user_attrs_max_error_t_critical_val,user_attrs_median_ae_ci_lower_val,user_attrs_median_ae_ci_upper_val,user_attrs_median_ae_df_val,user_attrs_median_ae_mean_val,user_attrs_median_ae_samperror_val,user_attrs_median_ae_std_val,user_attrs_median_ae_t_critical_val,user_attrs_n_splits_val,user_attrs_r2_below_zero_val,user_attrs_r2_ci_lower_val,user_attrs_r2_ci_upper_val,user_attrs_r2_df_val,user_attrs_r2_mean_val,user_attrs_r2_samperror_val,user_attrs_r2_std_val,user_attrs_r2_t_critical_val,user_attrs_regressor_final,user_attrs_rfe_estimator,user_attrs_rfe_n_features,user_attrs_rfe_selected_features,user_attrs_rho_ci_lower_val,user_attrs_rho_ci_upper_val,user_attrs_rho_df_val,user_attrs_rho_mean_val,user_attrs_rho_samperror_val,user_attrs_rho_std_val,user_attrs_rho_t_critical_val,user_attrs_rmse_ci_lower_val,user_attrs_rmse_ci_upper_val,user_attrs_rmse_df_val,user_attrs_rmse_mean_val,user_attrs_rmse_samperror_val,user_attrs_rmse_std_val,user_attrs_rmse_t_critical_val,user_attrs_termination_reason,user_attrs_use_scaler_final,state
184,2.7956649831649836,2026-06-11 10:40:18.740419,2026-06-11 10:40:20.824795,0 days 00:00:02.084376,,,,,,,,,,,,,,6.805899057776909,QuantileRegressor,,,,,,5,,,,,,,,True,-0.0009466070487002694,5.9487806499319634e-05,98.0,-0.00044355962110047487,0.0005030474275997945,0.0025222175833292722,1.9844674545084815,2.777693032469059,2.813636933860908,98.0,2.7956649831649836,0.017971950695924464,0.09010913795597343,1.9844674545084815,824394433015304.0,1033150867836164.5,98.0,928772650425734.2,104378217410430.31,523339472234805.4,1.9844674545084815,8.561579990668083,8.89296546387737,98.0,8.727272727272727,0.16569273660464476,0.8307628878815312,1.9844674545084815,2.421970472839772,2.578029527160228,98.0,2.5,0.07802952716022794,0.3912303982179758,1.9844674545084815,99.0,1.0,-0.03129339557959086,-0.027338781343306924,98.0,-0.029316088461448894,0.001977307118141968,0.009913973330139818,1.9844674545084815,QuantileRegressor,"{'mode': 'original', 'type': 'QuantileRegressor'}",5,"['z_l3_T2W20', 'z_lsc_T2W20', 'z_density_T2W20', 'z_diameter_T2W20', 'z_asp_T2W20']",,,,,,,,3.4585342181766117,3.514098957988369,98.0,3.4863165880824902,0.027782369905878717,0.13929736648790278,1.9844674545084815,completed,True,COMPLETE
185,3.2257969472656973,2026-06-11 10:40:20.837265,2026-06-11 10:40:20.973972,0 days 00:00:00.136707,7.0,2.0,15.0,,,,,,,,,,,,DecisionTreeRegressor,,,,,,6,,,,,,,,True,,,,,,,,,,,,,,,,,,,,,,,,,,,,,,,,,,,,,,,,,,,,,DecisionTreeRegressor,"{'mode': 'original', 'type': 'DecisionTreeRegressor'}",6,"['z_re_T2W20', 'z_l1_T2W20', 'z_l2_T2W20', 'z_l3_T2W20', 'z_lsc_T2W20', 'z_density_T2W20']",,,,,,,,,,,,,,,pruned,True,PRUNED
186,2.7956649831649836,2026-06-11 10:40:20.983517,2026-06-11 10:40:23.229034,0 days 00:00:02.245517,,,,,,,,,,,,,,1.0359235164670315,QuantileRegressor,,,,,,8,,,,,,,,False,-0.0009466070487002694,5.9487806499319634e-05,98.0,-0.00044355962110047487,0.0005030474275997945,0.0025222175833292722,1.9844674545084815,2.777693032469059,2.813636933860908,98.0,2.7956649831649836,0.017971950695924464,0.09010913795597343,1.9844674545084815,824394433015304.0,1033150867836164.5,98.0,928772650425734.2,104378217410430.31,523339472234805.4,1.9844674545084815,8.561579990668083,8.89296546387737,98.0,8.727272727272727,0.16569273660464476,0.8307628878815312,1.9844674545084815,2.421970472839772,2.578029527160228,98.0,2.5,0.07802952716022794,0.3912303982179758,1.9844674545084815,99.0,1.0,-0.03129339557959086,-0.027338781343306924,98.0,-0.029316088461448894,0.001977307118141968,0.009913973330139818,1.9844674545084815,QuantileRegressor,"{'mode': 'original', 'type': 'QuantileRegressor'}",8,"['z_pe_T2W20', 'z_l1_T2W20', 'z_l2_T2W20', 'z_l3_T2W20', 'z_lsc_T2W20', 'z_density_T2W20', 'z_diameter_T2W20', 'z_asp_T2W20']",,,,,,,,3.4585342181766117,3.514098957988369,98.0,3.4863165880824902,0.027782369905878717,0.13929736648790278,1.9844674545084815,completed,False,COMPLETE
187,2.7956649831649836,2026-06-11 10:40:23.242643,2026-06-11 10:40:25.351952,0 days 00:00:02.109309,,,,,,,,,,,,,,0.29714442488523735,QuantileRegressor,,,,,,4,,,,,,,,False,-0.0009466070487002694,5.9487806499319634e-05,98.0,-0.00044355962110047487,0.0005030474275997945,0.0025222175833292722,1.9844674545084815,2.777693032469059,2.813636933860908,98.0,2.7956649831649836,0.017971950695924464,0.09010913795597343,1.9844674545084815,824394433015304.0,1033150867836164.5,98.0,928772650425734.2,104378217410430.31,523339472234805.4,1.9844674545084815,8.561579990668083,8.89296546387737,98.0,8.727272727272727,0.16569273660464476,0.8307628878815312,1.9844674545084815,2.421970472839772,2.578029527160228,98.0,2.5,0.07802952716022794,0.3912303982179758,1.9844674545084815,99.0,1.0,-0.03129339557959086,-0.027338781343306924,98.0,-0.029316088461448894,0.001977307118141968,0.009913973330139818,1.9844674545084815,QuantileRegressor,"{'mode': 'original', 'type': 'QuantileRegressor'}",4,"['z_lsc_T2W20', 'z_density_T2W20', 'z_diameter_T2W20', 'z_asp_T2W20']",,,,,,,,3.4585342181766117,3.514098957988369,98.0,3.4863165880824902,0.027782369905878717,0.13929736648790278,1.9844674545084815,completed,False,COMPLETE
188,2.7956649831649836,2026-06-11 10:40:25.364726,2026-06-11 10:40:27.615980,0 days 00:00:02.251254,,,,,,,,,,,,,,9.950571186050981,QuantileRegressor,,,,,,6,,,,,,,,False,-0.0009466070487002694,5.9487806499319634e-05,98.0,-0.00044355962110047487,0.0005030474275997945,0.0025222175833292722,1.9844674545084815,2.777693032469059,2.813636933860908,98.0,2.7956649831649836,0.017971950695924464,0.09010913795597343,1.9844674545084815,824394433015304.0,1033150867836164.5,98.0,928772650425734.2,104378217410430.31,523339472234805.4,1.9844674545084815,8.561579990668083,8.89296546387737,98.0,8.727272727272727,0.16569273660464476,0.8307628878815312,1.9844674545084815,2.421970472839772,2.578029527160228,98.0,2.5,0.07802952716022794,0.3912303982179758,1.9844674545084815,99.0,1.0,-0.03129339557959086,-0.027338781343306924,98.0,-0.029316088461448894,0.001977307118141968,0.009913973330139818,1.9844674545084815,QuantileRegressor,"{'mode': 'original', 'type': 'QuantileRegressor'}",6,"['z_l2_T2W20', 'z_l3_T2W20', 'z_lsc_T2W20', 'z_density_T2W20', 'z_diameter_T2W20', 'z_asp_T2W20']",,,,,,,,3.4585342181766117,3.514098957988369,98.0,3.4863165880824902,0.027782369905878717,0.13929736648790278,1.9844674545084815,completed,False,COMPLETE
189,2.7956649831649836,2026-06-11 10:40:27.643781,2026-06-11 10:40:29.773873,0 days 00:00:02.130092,,,,,,,,,,,,,,5.403627571983732,QuantileRegressor,,,,,,5,,,,,,,,False,-0.0009466070487002694,5.9487806499319634e-05,98.0,-0.00044355962110047487,0.0005030474275997945,0.0025222175833292722,1.9844674545084815,2.777693032469059,2.813636933860908,98.0,2.7956649831649836,0.017971950695924464,0.09010913795597343,1.9844674545084815,824394433015304.0,1033150867836164.5,98.0,928772650425734.2,104378217410430.31,523339472234805.4,1.9844674545084815,8.561579990668083,8.89296546387737,98.0,8.727272727272727,0.16569273660464476,0.8307628878815312,1.9844674545084815,2.421970472839772,2.578029527160228,98.0,2.5,0.07802952716022794,0.3912303982179758,1.9844674545084815,99.0,1.0,-0.03129339557959086,-0.027338781343306924,98.0,-0.029316088461448894,0.001977307118141968,0.009913973330139818,1.9844674545084815,QuantileRegressor,"{'mode': 'original', 'type': 'QuantileRegressor'}",5,"['z_l3_T2W20', 'z_lsc_T2W20', 'z_density_T2W20', 'z_diameter_T2W20', 'z_asp_T2W20']",,,,,,,,3.4585342181766117,3.514098957988369,98.0,3.4863165880824902,0.027782369905878717,0.13929736648790278,1.9844674545084815,completed,False,COMPLETE
190,3.001096368853066,2026-06-11 10:40:29.786264,2026-06-11 10:40:30.027573,0 days 00:00:00.241309,,,,,,,,,,,euclidean,6.0,distance,,KNeighborsRegressor,,,,,,7,8.0,3.0,7.0,50.0,,,ExtraTrees,,,,,,,,,,,,,,,,,,,,,,,,,,,,,,,,,,,,,,,,,,,,,,KNeighborsRegressor,"{'mode': 'proxy', 'type': 'ExtraTrees'}",7,"['z_re_T2W20', 'z_pe_T2W20', 'z_l2_T2W20', 'z_l3_T2W20', 'z_density_T2W20', 'z_diameter_T2W20', 'z_asp_T2W20']",,,,,,,,,,,,,,,pruned,True,PRUNED
191,2.7956649831649836,2026-06-11 10:40:30.037465,2026-06-11 10:40:32.298892,0 days 00:00:02.261427,,,,,,,,,,,,,,2.571004535189773,QuantileRegressor,,,,,,3,,,,,,,,False,-0.0009466070487002694,5.9487806499319634e-05,98.0,-0.00044355962110047487,0.0005030474275997945,0.0025222175833292722,1.9844674545084815,2.777693032469059,2.813636933860908,98.0,2.7956649831649836,0.017971950695924464,0.09010913795597343,1.9844674545084815,824394433015304.0,1033150867836164.5,98.0,928772650425734.2,104378217410430.31,523339472234805.4,1.9844674545084815,8.561579990668083,8.89296546387737,98.0,8.727272727272727,0.16569273660464476,0.8307628878815312,1.9844674545084815,2.421970472839772,2.578029527160228,98.0,2.5,0.07802952716022794,0.3912303982179758,1.9844674545084815,99.0,1.0,-0.03129339557959086,-0.027338781343306924,98.0,-0.029316088461448894,0.001977307118141968,0.009913973330139818,1.9844674545084815,QuantileRegressor,"{'mode': 'original', 'type': 'QuantileRegressor'}",3,"['z_density_T2W20', 'z_diameter_T2W20', 'z_asp_T2W20']",,,,,,,,3.4585342181766117,3.514098957988369,98.0,3.4863165880824902,0.027782369905878717,0.13929736648790278,1.9844674545084815,completed,False,COMPLETE
192,2.7956649831649836,2026-06-11 10:40:32.311575,2026-06-11 10:40:34.349539,0 days 00:00:02.037964,,,,,,,,,,,,,,3.8276005678761718,QuantileRegressor,,,,,,3,,,,,,,,False,-0.0009466070487002694,5.9487806499319634e-05,98.0,-0.00044355962110047487,0.0005030474275997945,0.0025222175833292722,1.9844674545084815,2.777693032469059,2.813636933860908,98.0,2.7956649831649836,0.017971950695924464,0.09010913795597343,1.9844674545084815,824394433015304.0,1033150867836164.5,98.0,928772650425734.2,104378217410430.31,523339472234805.4,1.9844674545084815,8.561579990668083,8.89296546387737,98.0,8.727272727272727,0.16569273660464476,0.8307628878815312,1.9844674545084815,2.421970472839772,2.578029527160228,98.0,2.5,0.07802952716022794,0.3912303982179758,1.9844674545084815,99.0,1.0,-0.03129339557959086,-0.027338781343306924,98.0,-0.029316088461448894,0.001977307118141968,0.009913973330139818,1.9844674545084815,QuantileRegressor,"{'mode': 'original', 'type': 'QuantileRegressor'}",3,"['z_density_T2W20', 'z_diameter_T2W20', 'z_asp_T2W20']",,,,,,,,3.4585342181766117,3.514098957988369,98.0,3.4863165880824902,0.027782369905878717,0.13929736648790278,1.9844674545084815,completed,False,COMPLETE
193,2.7956649831649836,2026-06-11 10:40:34.362343,2026-06-11 10:40:36.428848,0 days 00:00:02.066505,,,,,,,,,,,,,,1.4951603212952165,QuantileRegressor,,,,,,3,,,,,,,,False,-0.0009466070487002694,5.9487806499319634e-05,98.0,-0.00044355962110047487,0.0005030474275997945,0.0025222175833292722,1.9844674545084815,2.777693032469059,2.813636933860908,98.0,2.7956649831649836,0.017971950695924464,0.09010913795597343,1.9844674545084815,824394433015304.0,1033150867836164.5,98.0,928772650425734.2,104378217410430.31,523339472234805.4,1.9844674545084815,8.561579990668083,8.89296546387737,98.0,8.727272727272727,0.16569273660464476,0.8307628878815312,1.9844674545084815,2.421970472839772,2.578029527160228,98.0,2.5,0.07802952716022794,0.3912303982179758,1.9844674545084815,99.0,1.0,-0.03129339557959086,-0.027338781343306924,98.0,-0.029316088461448894,0.001977307118141968,0.009913973330139818,1.9844674545084815,QuantileRegressor,"{'mode': 'original', 'type': 'QuantileRegressor'}",3,"['z_density_T2W20', 'z_diameter_T2W20', 'z_asp_T2W20']",,,,,,,,3.4585342181766117,3.514098957988369,98.0,3.4863165880824902,0.027782369905878717,0.13929736648790278,1.9844674545084815,completed,False,COMPLETE
194,2.7956649831649836,2026-06-11 10:40:36.441752,2026-06-11 10:40:38.603481,0 days 00:00:02.161729,,,,,,,,,,,,,,0.1533478310390435,QuantileRegressor,,,,,,9,,,,,,,,False,-0.0009466070487002694,5.9487806499319634e-05,98.0,-0.00044355962110047487,0.0005030474275997945,0.0025222175833292722,1.9844674545084815,2.777693032469059,2.813636933860908,98.0,2.7956649831649836,0.017971950695924464,0.09010913795597343,1.9844674545084815,824394433015304.0,1033150867836164.5,98.0,928772650425734.2,104378217410430.31,523339472234805.4,1.9844674545084815,8.561579990668083,8.89296546387737,98.0,8.727272727272727,0.16569273660464476,0.8307628878815312,1.9844674545084815,2.421970472839772,2.578029527160228,98.0,2.5,0.07802952716022794,0.3912303982179758,1.9844674545084815,99.0,1.0,-0.03129339557959086,-0.027338781343306924,98.0,-0.029316088461448894,0.001977307118141968,0.009913973330139818,1.9844674545084815,QuantileRegressor,"{'mode': 'original', 'type': 'QuantileRegressor'}",9,"['z_re_T2W20', 'z_pe_T2W20', 'z_l1_T2W20', 'z_l2_T2W20', 'z_l3_T2W20', 'z_lsc_T2W20', 'z_density_T2W20', 'z_diameter_T2W20', 'z_asp_T2W20']",,,,,,,,3.4585342181766117,3.514098957988369,98.0,3.4863165880824902,0.027782369905878717,0.13929736648790278,1.9844674545084815,completed,False,COMPLETE
195,2.7956649831649836,2026-06-11 10:40:38.616026,2026-06-11 10:40:40.727977,0 days 00:00:02.111951,,,,,,,,,,,,,,7.479025344056126,QuantileRegressor,,,,,,3,,,,,,,,False,-0.0009466070487002694,5.9487806499319634e-05,98.0,-0.00044355962110047487,0.0005030474275997945,0.0025222175833292722,1.9844674545084815,2.777693032469059,2.813636933860908,98.0,2.7956649831649836,0.017971950695924464,0.09010913795597343,1.9844674545084815,824394433015304.0,1033150867836164.5,98.0,928772650425734.2,104378217410430.31,523339472234805.4,1.9844674545084815,8.561579990668083,8.89296546387737,98.0,8.727272727272727,0.16569273660464476,0.8307628878815312,1.9844674545084815,2.421970472839772,2.578029527160228,98.0,2.5,0.07802952716022794,0.3912303982179758,1.9844674545084815,99.0,1.0,-0.03129339557959086,-0.027338781343306924,98.0,-0.029316088461448894,0.001977307118141968,0.009913973330139818,1.9844674545084815,QuantileRegressor,"{'mode': 'original', 'type': 'QuantileRegressor'}",3,"['z_density_T2W20', 'z_diameter_T2W20', 'z_asp_T2W20']",,,,,,,,3.4585342181766117,3.514098957988369,98.0,3.4863165880824902,0.027782369905878717,0.13929736648790278,1.9844674545084815,completed,False,COMPLETE
196,2.793814831386079,2026-06-11 10:40:40.740975,2026-06-11 10:40:42.902547,0 days 00:00:02.161572,,,,,,,,,,,,,,0.022559940933911206,QuantileRegressor,,,,,,4,,,,,,,,False,-0.0022305194017823563,0.002663114615163721,98.0,0.0002162976066906825,0.0024468170084730387,0.012268037849643003,1.9844674545084815,2.7746563929700554,2.8129732698021024,98.0,2.793814831386079,0.019158438416023604,0.09605804063562115,1.9844674545084815,838155838796889.2,1052858229286788.5,98.0,945507034041838.9,107351195244949.66,538245615388842.9,1.9844674545084815,8.368761460669885,8.700058994390806,98.0,8.534410227530346,0.16564876686046112,0.8305424290225255,1.9844674545084815,2.396817948331643,2.50842081106659,98.0,2.4526193796991165,0.055801431367473474,0.2797814751613307,1.9844674545084815,99.0,0.5858585858585859,-0.014255362312463923,-0.0024748802682677566,98.0,-0.00836512129036584,0.005890241022098084,0.029532939959296275,1.9844674545084815,QuantileRegressor,"{'mode': 'original', 'type': 'QuantileRegressor'}",4,"['z_pe_T2W20', 'z_density_T2W20', 'z_diameter_T2W20', 'z_asp_T2W20']",0.06875661021873636,0.11891687327359471,64.0,0.09383674174616553,0.025080131527429182,0.1012161401811013,1.997729654317693,3.422247586980829,3.477887206070628,98.0,3.4500673965257285,0.027819809544899415,0.13948508420728775,1.9844674545084815,completed,False,COMPLETE
197,2.796586977805105,2026-06-11 10:40:42.934434,2026-06-11 10:40:45.113336,0 days 00:00:02.178902,,,,,,,,,,,,,,0.03639254183207503,QuantileRegressor,,,,,,4,,,,,,,,False,-0.0015992507629218604,4.663163010702569e-05,98.0,-0.0007763095664074174,0.0008229411965144431,0.004126125375092975,1.9844674545084815,2.77857313135053,2.8146008242596796,98.0,2.796586977805105,0.018013846454574534,0.09031919810803167,1.9844674545084815,824513705022945.9,1033271558517375.1,98.0,928892631770160.5,104378926747214.58,523343028761708.44,1.9844674545084815,8.557509212598609,8.888754413539795,98.0,8.723131813069202,0.16562260047059385,0.8304112339800811,1.9844674545084815,2.417470507500228,2.572210390804114,98.0,2.494840449152171,0.0773699416519429,0.38792331805926517,1.9844674545084815,99.0,1.0,-0.0312900274682643,-0.02733281542087693,98.0,-0.029311421444570617,0.001978606023693686,0.00992048588192297,1.9844674545084815,QuantileRegressor,"{'mode': 'original', 'type': 'QuantileRegressor'}",4,"['z_lsc_T2W20', 'z_density_T2W20', 'z_diameter_T2W20', 'z_asp_T2W20']",,,0.0,-0.0806539894339296,,,,3.4585263598622555,3.5140907210400014,98.0,3.4863085404511285,0.027782180588872975,0.13929641727585138,1.9844674545084815,completed,False,COMPLETE
198,2.8612284010536593,2026-06-11 10:40:45.145050,2026-06-11 10:40:47.381080,0 days 00:00:02.236030,,,,,,,,,,,,,,0.0004852100050328303,QuantileRegressor,,,,,,4,,,,,,,,True,-0.0315826715412311,-0.016063163367120728,98.0,-0.023822917454175915,0.0077597540870551875,0.03890644723911073,1.9844674545084815,2.831715676948598,2.8907411251587205,98.0,2.8612284010536593,0.02951272410506139,0.14797314842637693,1.9844674545084815,844980598998845.0,1066427274625829.5,98.0,955703936812337.2,110723337813492.3,555153121149190.1,1.9844674545084815,8.500069962742527,8.927935766862179,98.0,8.714002864802353,0.21393290205982546,1.0726331109623017,1.9844674545084815,2.434519218136611,2.522594700096115,98.0,2.478556959116363,0.04403774097975189,0.2207997865314512,1.9844674545084815,99.0,0.7272727272727273,-0.06032215027974395,-0.028752534792887217,98.0,-0.04453734253631558,0.015784807743428365,0.07914307370560807,1.9844674545084815,QuantileRegressor,"{'mode': 'original', 'type': 'QuantileRegressor'}",4,"['z_pe_T2W20', 'z_l1_T2W20', 'z_l2_T2W20', 'z_asp_T2W20']",0.05543005810479417,0.101093037818317,98.0,0.07826154796155559,0.022831489856761415,0.1144742662636987,1.9844674545084815,3.470475093934204,3.5497730100465947,98.0,3.5101240519903993,0.03964895805619559,0.19879497177268177,1.9844674545084815,completed,True,COMPLETE
199,2.821394322011272,2026-06-11 10:40:47.394252,2026-06-11 10:40:49.220394,0 days 00:00:01.826142,,,,0.2497485240188562,0.2497304811597948,,,,,,,,,,ElasticNet,,,,,,4,,,,,,,,False,-0.013089638936473753,-0.006424773335853807,98.0,-0.00975720613616378,0.0033324328003099734,0.016708405893870938,1.9844674545084815,2.8027320947950347,2.8400565492275094,98.0,2.821394322011272,0.018662227216237233,0.09357009905301994,1.9844674545084815,930831301682607.0,1167846248084003.0,98.0,1049338774883305.0,118507473200697.94,594181813211691.2,1.9844674545084815,7.908265979599325,8.234031323331472,98.0,8.071148651465398,0.16288267186607283,0.8166735708409154,1.9844674545084815,2.477831192821167,2.535254604048948,98.0,2.5065428984350575,0.02871170561389049,0.14395694078440002,1.9844674545084815,99.0,0.30303030303030304,0.008209222500096224,0.017078794065409904,98.0,0.012644008282753064,0.0044347857826568405,0.022235467404505858,1.9844674545084815,ElasticNet,"{'mode': 'original', 'type': 'ElasticNet'}",4,"['z_pe_T2W20', 'z_l2_T2W20', 'z_l3_T2W20', 'z_asp_T2W20']",0.08055021706520056,0.12543856964106653,98.0,0.10299439335313355,0.02244417628793299,0.11253232393388275,1.9844674545084815,3.3864889065943435,3.4420652923883006,98.0,3.414277099491322,0.027788192896978668,0.13932656224507015,1.9844674545084815,completed,False,COMPLETE
