number,value,datetime_start,datetime_complete,duration,params_dt_max_depth,params_dt_min_samples_leaf,params_dt_min_samples_split,params_elastic_alpha,params_elastic_l1_ratio,params_et_max_depth,params_et_max_features,params_et_min_samples_leaf,params_et_min_samples_split,params_et_n_estimators,params_knn_metric,params_knn_n_neighbors,params_knn_weights,params_quantile_alpha,params_regressor,params_rf_max_depth,params_rf_max_features,params_rf_min_samples_leaf,params_rf_min_samples_split,params_rf_n_estimators,params_rfe_n_features,params_rfe_proxy_et_max_depth,params_rfe_proxy_et_min_samples_leaf,params_rfe_proxy_et_min_samples_split,params_rfe_proxy_et_n_estimators,params_rfe_proxy_lsvr_C,params_rfe_proxy_lsvr_epsilon,params_rfe_proxy_type,params_use_scaler,user_attrs_d2mae_ci_lower_val,user_attrs_d2mae_ci_upper_val,user_attrs_d2mae_df_val,user_attrs_d2mae_mean_val,user_attrs_d2mae_samperror_val,user_attrs_d2mae_std_val,user_attrs_d2mae_t_critical_val,user_attrs_mae_ci_lower_val,user_attrs_mae_ci_upper_val,user_attrs_mae_df_val,user_attrs_mae_mean_val,user_attrs_mae_samperror_val,user_attrs_mae_std_val,user_attrs_mae_t_critical_val,user_attrs_mape_ci_lower_val,user_attrs_mape_ci_upper_val,user_attrs_mape_df_val,user_attrs_mape_mean_val,user_attrs_mape_samperror_val,user_attrs_mape_std_val,user_attrs_mape_t_critical_val,user_attrs_max_error_ci_lower_val,user_attrs_max_error_ci_upper_val,user_attrs_max_error_df_val,user_attrs_max_error_mean_val,user_attrs_max_error_samperror_val,user_attrs_max_error_std_val,user_attrs_max_error_t_critical_val,user_attrs_median_ae_ci_lower_val,user_attrs_median_ae_ci_upper_val,user_attrs_median_ae_df_val,user_attrs_median_ae_mean_val,user_attrs_median_ae_samperror_val,user_attrs_median_ae_std_val,user_attrs_median_ae_t_critical_val,user_attrs_n_splits_val,user_attrs_r2_below_zero_val,user_attrs_r2_ci_lower_val,user_attrs_r2_ci_upper_val,user_attrs_r2_df_val,user_attrs_r2_mean_val,user_attrs_r2_samperror_val,user_attrs_r2_std_val,user_attrs_r2_t_critical_val,user_attrs_regressor_final,user_attrs_rfe_estimator,user_attrs_rfe_n_features,user_attrs_rfe_selected_features,user_attrs_rho_ci_lower_val,user_attrs_rho_ci_upper_val,user_attrs_rho_df_val,user_attrs_rho_mean_val,user_attrs_rho_samperror_val,user_attrs_rho_std_val,user_attrs_rho_t_critical_val,user_attrs_rmse_ci_lower_val,user_attrs_rmse_ci_upper_val,user_attrs_rmse_df_val,user_attrs_rmse_mean_val,user_attrs_rmse_samperror_val,user_attrs_rmse_std_val,user_attrs_rmse_t_critical_val,user_attrs_termination_reason,user_attrs_use_scaler_final,state
73,2.7956649831649836,2026-06-11 10:32:50.478318,2026-06-11 10:32:52.615378,0 days 00:00:02.137060,,,,,,,,,,,,,,0.5636063456300824,QuantileRegressor,,,,,,7,,,,,,,,False,-0.0009466070487002694,5.9487806499319634e-05,98.0,-0.00044355962110047487,0.0005030474275997945,0.0025222175833292722,1.9844674545084815,2.777693032469059,2.813636933860908,98.0,2.7956649831649836,0.017971950695924464,0.09010913795597343,1.9844674545084815,824394433015304.0,1033150867836164.5,98.0,928772650425734.2,104378217410430.31,523339472234805.4,1.9844674545084815,8.561579990668083,8.89296546387737,98.0,8.727272727272727,0.16569273660464476,0.8307628878815312,1.9844674545084815,2.421970472839772,2.578029527160228,98.0,2.5,0.07802952716022794,0.3912303982179758,1.9844674545084815,99.0,1.0,-0.03129339557959086,-0.027338781343306924,98.0,-0.029316088461448894,0.001977307118141968,0.009913973330139818,1.9844674545084815,QuantileRegressor,"{'mode': 'original', 'type': 'QuantileRegressor'}",7,"['z_l1_T2W20', 'z_l2_T2W20', 'z_l3_T2W20', 'z_lsc_T2W20', 'z_density_T2W20', 'z_diameter_T2W20', 'z_asp_T2W20']",,,,,,,,3.4585342181766117,3.514098957988369,98.0,3.4863165880824902,0.027782369905878717,0.13929736648790278,1.9844674545084815,completed,False,COMPLETE
74,2.7975047181148622,2026-06-11 10:32:52.627766,2026-06-11 10:32:54.823905,0 days 00:00:02.196139,,,,,,,,,,,,,,0.041374970514437094,QuantileRegressor,,,,,,8,,,,,,,,False,-0.0019873053983776034,-0.0002604954367682775,98.0,-0.0011239004175729406,0.0008634049808046631,0.004329005784822512,1.9844674545084815,2.7798034766154216,2.815205959614303,98.0,2.7975047181148622,0.017701241499440416,0.08875183552705769,1.9844674545084815,829045155918484.2,1039671156963341.2,98.0,934358156440912.8,105313000522428.52,528026359141136.6,1.9844674545084815,8.524574923262659,8.857562617402529,98.0,8.691068770332594,0.16649384706993445,0.834779556670364,1.9844674545084815,2.4083740421584108,2.5546931406275015,98.0,2.481533591392956,0.07315954923454544,0.36681293123441766,1.9844674545084815,99.0,0.9191919191919192,-0.02917586056951276,-0.02326606972353075,98.0,-0.026220965146521755,0.0029548954229910054,0.014815480179130024,1.9844674545084815,QuantileRegressor,"{'mode': 'original', 'type': 'QuantileRegressor'}",8,"['z_pe_T2W20', 'z_l1_T2W20', 'z_l2_T2W20', 'z_l3_T2W20', 'z_lsc_T2W20', 'z_density_T2W20', 'z_diameter_T2W20', 'z_asp_T2W20']",0.016742920695450768,0.0913221494634037,12.0,0.05403253507942723,0.03728961438397646,0.06170774050575112,2.1788128296672284,3.4530163745508187,3.5090247675006143,98.0,3.4810205710257165,0.02800419647489786,0.1404095774686829,1.9844674545084815,completed,False,COMPLETE
75,2.9692540827949543,2026-06-11 10:32:54.836341,2026-06-11 10:32:59.387263,0 days 00:00:04.550922,,,,,,,,,,,,,,,RandomForestRegressor,15.0,log2,2.0,10.0,492.0,4,,,,,,,,False,,,,,,,,,,,,,,,,,,,,,,,,,,,,,,,,,,,,,,,,,,,,,RandomForestRegressor,"{'mode': 'original', 'type': 'RandomForestRegressor'}",4,"['z_re_T2W20', 'z_pe_T2W20', 'z_l2_T2W20', 'z_l3_T2W20']",,,,,,,,,,,,,,,pruned,False,PRUNED
76,2.871842691182638,2026-06-11 10:32:59.396799,2026-06-11 10:33:01.686257,0 days 00:00:02.289458,,,,,,,,,,,,,,0.0001914771376407066,QuantileRegressor,,,,,,6,,,,,,,,False,-0.03649186773292612,-0.018821283691810298,98.0,-0.02765657571236821,0.008835292020557913,0.04429906141141966,1.9844674545084815,2.840531265191094,2.9031541171741817,98.0,2.871842691182638,0.03131142599154406,0.1569916172154935,1.9844674545084815,853928466150910.6,1080117119665286.6,98.0,967022792908098.6,113094326757188.05,567040966460718.8,1.9844674545084815,8.443501398900322,8.885136546238902,98.0,8.664318972569612,0.2208175736692907,1.107152002892022,1.9844674545084815,2.4523404423811153,2.541325194600706,98.0,2.4968328184909105,0.04449237610979519,0.2230792708426336,1.9844674545084815,99.0,0.696969696969697,-0.06407536767049488,-0.030240800305655673,98.0,-0.04715808398807527,0.016917283682419598,0.08482116799514576,1.9844674545084815,QuantileRegressor,"{'mode': 'original', 'type': 'QuantileRegressor'}",6,"['z_pe_T2W20', 'z_l1_T2W20', 'z_l2_T2W20', 'z_lsc_T2W20', 'z_density_T2W20', 'z_asp_T2W20']",0.04569022295647136,0.09097519392867105,98.0,0.06833270844257121,0.022642485486099845,0.11352662172591975,1.9844674545084815,3.4722672827203978,3.556705560794085,98.0,3.5144864217572414,0.04221913903684341,0.21168154132072386,1.9844674545084815,completed,False,COMPLETE
77,2.8977723091303433,2026-06-11 10:33:01.698419,2026-06-11 10:33:17.394482,0 days 00:00:15.696063,,,,,,11.0,,3.0,7.0,266.0,,,,,ExtraTreesRegressor,,,,,,6,,,,,,,,False,-0.04644606446432405,-0.027715825068898484,98.0,-0.037080944766611265,0.009365119697712783,0.046955551853743636,1.9844674545084815,2.8668376315273205,2.928706986733366,98.0,2.8977723091303433,0.03093467760302261,0.15510264739299848,1.9844674545084815,948493424564667.0,1191874047658806.5,98.0,1070183736111736.8,121690311547069.73,610140171015878.8,1.9844674545084815,7.979273088115672,8.330891801646452,98.0,8.155082444881062,0.17580935676539008,0.881486370108728,1.9844674545084815,2.5974018077145895,2.720109423682222,98.0,2.658755615698406,0.06135380798381649,0.3076204047784163,1.9844674545084815,99.0,0.6868686868686869,-0.06626062309908569,-0.03205528570810577,98.0,-0.04915795440359573,0.017102668695489955,0.08575066552161711,1.9844674545084815,ExtraTreesRegressor,"{'mode': 'original', 'type': 'ExtraTreesRegressor'}",6,"['z_re_T2W20', 'z_pe_T2W20', 'z_l2_T2W20', 'z_l3_T2W20', 'z_density_T2W20', 'z_asp_T2W20']",0.035448533636615986,0.08389095521008601,98.0,0.059669744423351,0.02422121078673501,0.12144215512106643,1.9844674545084815,3.478467509277418,3.554479132122857,98.0,3.5164733207001375,0.03800581142271925,0.190556437782524,1.9844674545084815,completed,False,COMPLETE
78,3.727332401394901,2026-06-11 10:33:17.407047,2026-06-11 10:33:17.530823,0 days 00:00:00.123776,18.0,3.0,12.0,,,,,,,,,,,,DecisionTreeRegressor,,,,,,4,,,,,,,,False,,,,,,,,,,,,,,,,,,,,,,,,,,,,,,,,,,,,,,,,,,,,,DecisionTreeRegressor,"{'mode': 'original', 'type': 'DecisionTreeRegressor'}",4,"['z_l1_T2W20', 'z_l2_T2W20', 'z_l3_T2W20', 'z_lsc_T2W20']",,,,,,,,,,,,,,,pruned,False,PRUNED
79,2.9014362336693713,2026-06-11 10:33:17.540169,2026-06-11 10:33:19.321202,0 days 00:00:01.781033,,,,,,,,,,,euclidean,8.0,distance,,KNeighborsRegressor,,,,,,9,,,,,0.19366976693412816,0.00012829262229552336,LinearSVR,,-0.048154846274873174,-0.02841672643927117,98.0,-0.03828578635707217,0.009869059917801003,0.049482245788186205,1.9844674545084815,2.86809305115079,2.934779416187953,98.0,2.9014362336693713,0.03334318251858155,0.16717859314734315,1.9844674545084815,872588958197944.0,1095699061895221.2,98.0,984144010046582.6,111555051848638.67,559323232452128.44,1.9844674545084815,8.474412189305578,8.913847785197518,98.0,8.694129987251548,0.21971779794596982,1.101637863439379,1.9844674545084815,2.458382180194951,2.572396524814148,98.0,2.5153893525045494,0.05700717230959846,0.2858269111149105,1.9844674545084815,99.0,0.8080808080808081,-0.09991719318789063,-0.06576380998850176,98.0,-0.0828405015881962,0.01707669159969443,0.08562041957623592,1.9844674545084815,KNeighborsRegressor,"{'mode': 'proxy', 'type': 'LinearSVR'}",9,"['z_re_T2W20', 'z_pe_T2W20', 'z_l1_T2W20', 'z_l2_T2W20', 'z_l3_T2W20', 'z_lsc_T2W20', 'z_density_T2W20', 'z_diameter_T2W20', 'z_asp_T2W20']",0.041611288097341756,0.0870354721654517,98.0,0.06432338013139673,0.022712092034054974,0.11387562034818673,1.9844674545084815,3.5338018861651515,3.6119226815240237,98.0,3.5728622838445876,0.03906039767943616,0.19584400283880515,1.9844674545084815,completed,True,COMPLETE
80,2.7956649831649836,2026-06-11 10:33:19.333724,2026-06-11 10:33:21.459573,0 days 00:00:02.125849,,,,,,,,,,,,,,5.698462749103468,QuantileRegressor,,,,,,5,,,,,,,,False,-0.0009466070487002694,5.9487806499319634e-05,98.0,-0.00044355962110047487,0.0005030474275997945,0.0025222175833292722,1.9844674545084815,2.777693032469059,2.813636933860908,98.0,2.7956649831649836,0.017971950695924464,0.09010913795597343,1.9844674545084815,824394433015304.0,1033150867836164.5,98.0,928772650425734.2,104378217410430.31,523339472234805.4,1.9844674545084815,8.561579990668083,8.89296546387737,98.0,8.727272727272727,0.16569273660464476,0.8307628878815312,1.9844674545084815,2.421970472839772,2.578029527160228,98.0,2.5,0.07802952716022794,0.3912303982179758,1.9844674545084815,99.0,1.0,-0.03129339557959086,-0.027338781343306924,98.0,-0.029316088461448894,0.001977307118141968,0.009913973330139818,1.9844674545084815,QuantileRegressor,"{'mode': 'original', 'type': 'QuantileRegressor'}",5,"['z_l3_T2W20', 'z_lsc_T2W20', 'z_density_T2W20', 'z_diameter_T2W20', 'z_asp_T2W20']",,,,,,,,3.4585342181766117,3.514098957988369,98.0,3.4863165880824902,0.027782369905878717,0.13929736648790278,1.9844674545084815,completed,False,COMPLETE
81,2.7956649831649836,2026-06-11 10:33:21.471867,2026-06-11 10:33:23.619087,0 days 00:00:02.147220,,,,,,,,,,,,,,6.568165555875283,QuantileRegressor,,,,,,6,,,,,,,,False,-0.0009466070487002694,5.9487806499319634e-05,98.0,-0.00044355962110047487,0.0005030474275997945,0.0025222175833292722,1.9844674545084815,2.777693032469059,2.813636933860908,98.0,2.7956649831649836,0.017971950695924464,0.09010913795597343,1.9844674545084815,824394433015304.0,1033150867836164.5,98.0,928772650425734.2,104378217410430.31,523339472234805.4,1.9844674545084815,8.561579990668083,8.89296546387737,98.0,8.727272727272727,0.16569273660464476,0.8307628878815312,1.9844674545084815,2.421970472839772,2.578029527160228,98.0,2.5,0.07802952716022794,0.3912303982179758,1.9844674545084815,99.0,1.0,-0.03129339557959086,-0.027338781343306924,98.0,-0.029316088461448894,0.001977307118141968,0.009913973330139818,1.9844674545084815,QuantileRegressor,"{'mode': 'original', 'type': 'QuantileRegressor'}",6,"['z_l2_T2W20', 'z_l3_T2W20', 'z_lsc_T2W20', 'z_density_T2W20', 'z_diameter_T2W20', 'z_asp_T2W20']",,,,,,,,3.4585342181766117,3.514098957988369,98.0,3.4863165880824902,0.027782369905878717,0.13929736648790278,1.9844674545084815,completed,False,COMPLETE
82,2.7956649831649836,2026-06-11 10:33:23.631065,2026-06-11 10:33:25.681062,0 days 00:00:02.049997,,,,,,,,,,,,,,9.309598101481113,QuantileRegressor,,,,,,7,,,,,,,,False,-0.0009466070487002694,5.9487806499319634e-05,98.0,-0.00044355962110047487,0.0005030474275997945,0.0025222175833292722,1.9844674545084815,2.777693032469059,2.813636933860908,98.0,2.7956649831649836,0.017971950695924464,0.09010913795597343,1.9844674545084815,824394433015304.0,1033150867836164.5,98.0,928772650425734.2,104378217410430.31,523339472234805.4,1.9844674545084815,8.561579990668083,8.89296546387737,98.0,8.727272727272727,0.16569273660464476,0.8307628878815312,1.9844674545084815,2.421970472839772,2.578029527160228,98.0,2.5,0.07802952716022794,0.3912303982179758,1.9844674545084815,99.0,1.0,-0.03129339557959086,-0.027338781343306924,98.0,-0.029316088461448894,0.001977307118141968,0.009913973330139818,1.9844674545084815,QuantileRegressor,"{'mode': 'original', 'type': 'QuantileRegressor'}",7,"['z_l1_T2W20', 'z_l2_T2W20', 'z_l3_T2W20', 'z_lsc_T2W20', 'z_density_T2W20', 'z_diameter_T2W20', 'z_asp_T2W20']",,,,,,,,3.4585342181766117,3.514098957988369,98.0,3.4863165880824902,0.027782369905878717,0.13929736648790278,1.9844674545084815,completed,False,COMPLETE
83,2.7956649831649836,2026-06-11 10:33:25.693102,2026-06-11 10:33:27.754544,0 days 00:00:02.061442,,,,,,,,,,,,,,1.3492395980260794,QuantileRegressor,,,,,,5,,,,,,,,False,-0.0009466070487002694,5.9487806499319634e-05,98.0,-0.00044355962110047487,0.0005030474275997945,0.0025222175833292722,1.9844674545084815,2.777693032469059,2.813636933860908,98.0,2.7956649831649836,0.017971950695924464,0.09010913795597343,1.9844674545084815,824394433015304.0,1033150867836164.5,98.0,928772650425734.2,104378217410430.31,523339472234805.4,1.9844674545084815,8.561579990668083,8.89296546387737,98.0,8.727272727272727,0.16569273660464476,0.8307628878815312,1.9844674545084815,2.421970472839772,2.578029527160228,98.0,2.5,0.07802952716022794,0.3912303982179758,1.9844674545084815,99.0,1.0,-0.03129339557959086,-0.027338781343306924,98.0,-0.029316088461448894,0.001977307118141968,0.009913973330139818,1.9844674545084815,QuantileRegressor,"{'mode': 'original', 'type': 'QuantileRegressor'}",5,"['z_l3_T2W20', 'z_lsc_T2W20', 'z_density_T2W20', 'z_diameter_T2W20', 'z_asp_T2W20']",,,,,,,,3.4585342181766117,3.514098957988369,98.0,3.4863165880824902,0.027782369905878717,0.13929736648790278,1.9844674545084815,completed,False,COMPLETE
84,2.7956649831649836,2026-06-11 10:33:27.766952,2026-06-11 10:33:29.935995,0 days 00:00:02.169043,,,,,,,,,,,,,,4.828505775436484,QuantileRegressor,,,,,,6,,,,,,,,False,-0.0009466070487002694,5.9487806499319634e-05,98.0,-0.00044355962110047487,0.0005030474275997945,0.0025222175833292722,1.9844674545084815,2.777693032469059,2.813636933860908,98.0,2.7956649831649836,0.017971950695924464,0.09010913795597343,1.9844674545084815,824394433015304.0,1033150867836164.5,98.0,928772650425734.2,104378217410430.31,523339472234805.4,1.9844674545084815,8.561579990668083,8.89296546387737,98.0,8.727272727272727,0.16569273660464476,0.8307628878815312,1.9844674545084815,2.421970472839772,2.578029527160228,98.0,2.5,0.07802952716022794,0.3912303982179758,1.9844674545084815,99.0,1.0,-0.03129339557959086,-0.027338781343306924,98.0,-0.029316088461448894,0.001977307118141968,0.009913973330139818,1.9844674545084815,QuantileRegressor,"{'mode': 'original', 'type': 'QuantileRegressor'}",6,"['z_l2_T2W20', 'z_l3_T2W20', 'z_lsc_T2W20', 'z_density_T2W20', 'z_diameter_T2W20', 'z_asp_T2W20']",,,,,,,,3.4585342181766117,3.514098957988369,98.0,3.4863165880824902,0.027782369905878717,0.13929736648790278,1.9844674545084815,completed,False,COMPLETE
85,2.8674344224523827,2026-06-11 10:33:29.948368,2026-06-11 10:34:00.511116,0 days 00:00:30.562748,,,,,,,,,,,,,,,RandomForestRegressor,6.0,sqrt,4.0,5.0,366.0,7,,,,,,,,True,-0.034453904931462116,-0.017830074448553508,98.0,-0.026141989690007812,0.008311915241454304,0.041674914974055184,1.9844674545084815,2.838090791268272,2.8967780536364933,98.0,2.8674344224523827,0.029343631184110593,0.14712533743473044,1.9844674545084815,969303452688509.4,1215027623180442.0,98.0,1092165537934475.8,122862085245966.34,616015299413098.2,1.9844674545084815,8.182359548770284,8.565164141280198,98.0,8.373761845025241,0.19140229625495694,0.9596674401204078,1.9844674545084815,2.522120972870203,2.6271722727585605,98.0,2.574646622814382,0.05252564994417866,0.2633571122649743,1.9844674545084815,99.0,0.6767676767676768,-0.05735546539381561,-0.02675391319685187,98.0,-0.04205468929533374,0.015300776098481874,0.0767161989045643,1.9844674545084815,RandomForestRegressor,"{'mode': 'original', 'type': 'RandomForestRegressor'}",7,"['z_re_T2W20', 'z_pe_T2W20', 'z_l1_T2W20', 'z_l2_T2W20', 'z_l3_T2W20', 'z_lsc_T2W20', 'z_density_T2W20']",0.029627477602680023,0.0803864166216115,98.0,0.055006947112145765,0.025379469509465742,0.12724952109936957,1.9844674545084815,3.467284538755974,3.544165617346191,98.0,3.5057250780510825,0.03844053929510844,0.1927361095660276,1.9844674545084815,completed,True,COMPLETE
86,2.7956649831649836,2026-06-11 10:34:00.523863,2026-06-11 10:34:02.808661,0 days 00:00:02.284798,,,,,,,,,,,,,,2.018510721903899,QuantileRegressor,,,,,,6,,,,,,,,False,-0.0009466070487002694,5.9487806499319634e-05,98.0,-0.00044355962110047487,0.0005030474275997945,0.0025222175833292722,1.9844674545084815,2.777693032469059,2.813636933860908,98.0,2.7956649831649836,0.017971950695924464,0.09010913795597343,1.9844674545084815,824394433015304.0,1033150867836164.5,98.0,928772650425734.2,104378217410430.31,523339472234805.4,1.9844674545084815,8.561579990668083,8.89296546387737,98.0,8.727272727272727,0.16569273660464476,0.8307628878815312,1.9844674545084815,2.421970472839772,2.578029527160228,98.0,2.5,0.07802952716022794,0.3912303982179758,1.9844674545084815,99.0,1.0,-0.03129339557959086,-0.027338781343306924,98.0,-0.029316088461448894,0.001977307118141968,0.009913973330139818,1.9844674545084815,QuantileRegressor,"{'mode': 'original', 'type': 'QuantileRegressor'}",6,"['z_l2_T2W20', 'z_l3_T2W20', 'z_lsc_T2W20', 'z_density_T2W20', 'z_diameter_T2W20', 'z_asp_T2W20']",,,,,,,,3.4585342181766117,3.514098957988369,98.0,3.4863165880824902,0.027782369905878717,0.13929736648790278,1.9844674545084815,completed,False,COMPLETE
87,2.8515189776553416,2026-06-11 10:34:02.820983,2026-06-11 10:34:04.602205,0 days 00:00:01.781222,,,,9.912680070025985,0.5598692971713618,,,,,,,,,,ElasticNet,,,,,,4,,,,,,,,False,-0.02320027081333279,-0.017935534663423815,98.0,-0.020567902738378302,0.0026323680749544857,0.013198367947379488,1.9844674545084815,2.834162168142441,2.868875787168242,98.0,2.8515189776553416,0.017356809512900515,0.0870248961470931,1.9844674545084815,931974330060255.6,1169039215109370.0,98.0,1050506772584812.9,118532442524557.2,594307006313228.8,1.9844674545084815,7.91021925108189,8.24649945109136,98.0,8.078359351086625,0.16814010000473534,0.8430336652711649,1.9844674545084815,2.566377480928293,2.614338772515233,98.0,2.590358126721763,0.023980645793470222,0.12023599199875215,1.9844674545084815,99.0,1.0,-0.002507478320247669,-0.001559800277886418,98.0,-0.0020336392990670435,0.00047383902118062565,0.0023757702461408904,1.9844674545084815,ElasticNet,"{'mode': 'original', 'type': 'ElasticNet'}",4,"['z_lsc_T2W20', 'z_density_T2W20', 'z_diameter_T2W20', 'z_asp_T2W20']",,,,,,,,3.413528871241101,3.465723244696707,98.0,3.439626057968904,0.026097186727803045,0.1308480664623501,1.9844674545084815,completed,False,COMPLETE
88,2.8302186694238474,2026-06-11 10:34:04.614426,2026-06-11 10:34:06.271655,0 days 00:00:01.657229,,,,,,,,,,,,,,,LinearRegression,,,,,,5,,,,,,,,False,-0.020094329784179465,-0.005715696630132157,98.0,-0.012905013207155812,0.007189316577023655,0.03604634411750859,1.9844674545084815,2.804306532927692,2.8561308059200026,98.0,2.8302186694238474,0.025912136496154984,0.1299202474885232,1.9844674545084815,898339299295256.4,1135658633468036.8,98.0,1016998966381646.5,118659667086390.14,594944894530682.6,1.9844674545084815,8.161058258528913,8.622987152674893,98.0,8.392022705601903,0.23096444707298985,1.1580271711375631,1.9844674545084815,2.417192474798786,2.490594027001663,98.0,2.4538932509002245,0.03670077610143855,0.18401315209293173,1.9844674545084815,99.0,0.43434343434343436,-0.013756664411631857,0.011785024547408643,98.0,-0.0009858199321116073,0.01277084447952025,0.06403143467783573,1.9844674545084815,LinearRegression,"{'mode': 'original', 'type': 'LinearRegression'}",5,"['z_pe_T2W20', 'z_l2_T2W20', 'z_density_T2W20', 'z_diameter_T2W20', 'z_asp_T2W20']",0.08641271724096443,0.13866259654693244,98.0,0.11253765689394843,0.026124939652984003,0.13098721619662906,1.9844674545084815,3.401292499520184,3.47165612271219,98.0,3.436474311116187,0.03518181159600304,0.17639725193349304,1.9844674545084815,completed,False,COMPLETE
