number,value,datetime_start,datetime_complete,duration,params_dt_max_depth,params_dt_min_samples_leaf,params_dt_min_samples_split,params_elastic_alpha,params_elastic_l1_ratio,params_et_max_depth,params_et_max_features,params_et_min_samples_leaf,params_et_min_samples_split,params_et_n_estimators,params_knn_metric,params_knn_n_neighbors,params_knn_weights,params_quantile_alpha,params_regressor,params_rf_max_depth,params_rf_max_features,params_rf_min_samples_leaf,params_rf_min_samples_split,params_rf_n_estimators,params_rfe_n_features,params_rfe_proxy_et_max_depth,params_rfe_proxy_et_min_samples_leaf,params_rfe_proxy_et_min_samples_split,params_rfe_proxy_et_n_estimators,params_rfe_proxy_lsvr_C,params_rfe_proxy_lsvr_epsilon,params_rfe_proxy_type,params_use_scaler,user_attrs_d2mae_ci_lower_val,user_attrs_d2mae_ci_upper_val,user_attrs_d2mae_df_val,user_attrs_d2mae_mean_val,user_attrs_d2mae_samperror_val,user_attrs_d2mae_std_val,user_attrs_d2mae_t_critical_val,user_attrs_mae_ci_lower_val,user_attrs_mae_ci_upper_val,user_attrs_mae_df_val,user_attrs_mae_mean_val,user_attrs_mae_samperror_val,user_attrs_mae_std_val,user_attrs_mae_t_critical_val,user_attrs_mape_ci_lower_val,user_attrs_mape_ci_upper_val,user_attrs_mape_df_val,user_attrs_mape_mean_val,user_attrs_mape_samperror_val,user_attrs_mape_std_val,user_attrs_mape_t_critical_val,user_attrs_max_error_ci_lower_val,user_attrs_max_error_ci_upper_val,user_attrs_max_error_df_val,user_attrs_max_error_mean_val,user_attrs_max_error_samperror_val,user_attrs_max_error_std_val,user_attrs_max_error_t_critical_val,user_attrs_median_ae_ci_lower_val,user_attrs_median_ae_ci_upper_val,user_attrs_median_ae_df_val,user_attrs_median_ae_mean_val,user_attrs_median_ae_samperror_val,user_attrs_median_ae_std_val,user_attrs_median_ae_t_critical_val,user_attrs_n_splits_val,user_attrs_r2_below_zero_val,user_attrs_r2_ci_lower_val,user_attrs_r2_ci_upper_val,user_attrs_r2_df_val,user_attrs_r2_mean_val,user_attrs_r2_samperror_val,user_attrs_r2_std_val,user_attrs_r2_t_critical_val,user_attrs_regressor_final,user_attrs_rfe_estimator,user_attrs_rfe_n_features,user_attrs_rfe_selected_features,user_attrs_rho_ci_lower_val,user_attrs_rho_ci_upper_val,user_attrs_rho_df_val,user_attrs_rho_mean_val,user_attrs_rho_samperror_val,user_attrs_rho_std_val,user_attrs_rho_t_critical_val,user_attrs_rmse_ci_lower_val,user_attrs_rmse_ci_upper_val,user_attrs_rmse_df_val,user_attrs_rmse_mean_val,user_attrs_rmse_samperror_val,user_attrs_rmse_std_val,user_attrs_rmse_t_critical_val,user_attrs_termination_reason,user_attrs_use_scaler_final,state
286,2.773961256152998,2026-06-11 10:44:35.909763,2026-06-11 10:44:38.086627,0 days 00:00:02.176864,,,,,,,,,,,,,,0.0034571926893536722,QuantileRegressor,,,,,,2,,,,,,,,False,0.0028396330853829284,0.011687114419640966,98.0,0.007263373752511947,0.0044237406671290185,0.022180088561347677,1.9844674545084815,2.7531208649747034,2.794801647331292,98.0,2.773961256152998,0.020840391178294556,0.10449114375587805,1.9844674545084815,837599552396325.5,1051183508795454.8,98.0,944391530595890.1,106791978199564.6,535441770289192.06,1.9844674545084815,8.275396141422085,8.621537171264361,98.0,8.448466656343223,0.17307051492113795,0.8677541558511364,1.9844674545084815,2.359443648191943,2.4338164629712042,98.0,2.3966300555815736,0.03718640738963069,0.18644804730735973,1.9844674545084815,99.0,0.3434343434343434,0.00015707115381786898,0.014750288877082084,98.0,0.007453680015449977,0.007296608861632108,0.03658429436225231,1.9844674545084815,QuantileRegressor,"{'mode': 'original', 'type': 'QuantileRegressor'}",2,"['z_pe_T2W20', 'z_l2_T2W20']",0.08580376705063718,0.12378290350534303,97.0,0.1047933352779901,0.018989568227352926,0.09471705467031183,1.9847231860139845,3.3941765515238247,3.451147961822035,98.0,3.42266225667293,0.028485705149105103,0.1428238024064899,1.9844674545084815,completed,False,COMPLETE
287,2.8181484249668687,2026-06-11 10:44:38.099175,2026-06-11 10:44:57.114717,0 days 00:00:19.015542,,,,,,3.0,log2,4.0,10.0,358.0,,,,,ExtraTreesRegressor,,,,,,2,,,,,,,,False,-0.011621456292194826,-0.005574358127914449,98.0,-0.008597907210054637,0.0030235490821401883,0.015159701134780596,1.9844674545084815,2.799986088797524,2.8363107611362133,98.0,2.8181484249668687,0.018162336169344578,0.09106370717216411,1.9844674545084815,924459212438341.0,1160535023778664.2,98.0,1042497118108502.6,118037905670161.69,591827459691328.4,1.9844674545084815,7.870844956680839,8.160522597423641,98.0,8.01568377705224,0.14483882037140122,0.7262039311729649,1.9844674545084815,2.4807466643508262,2.5235715672193373,98.0,2.5021591157850818,0.021412451434255644,0.10735938312486411,1.9844674545084815,99.0,0.1414141414141414,0.01327159359327301,0.01941762045397783,98.0,0.01634460702362542,0.0030730134303524107,0.015407709258793994,1.9844674545084815,ExtraTreesRegressor,"{'mode': 'original', 'type': 'ExtraTreesRegressor'}",2,"['z_re_T2W20', 'z_l2_T2W20']",0.11532110724788928,0.16628979788633852,98.0,0.1408054525671139,0.025484345319224624,0.12777535543809557,1.9844674545084815,3.3814582215263784,3.4342107979474394,98.0,3.407834509736909,0.02637628821053048,0.132247446776503,1.9844674545084815,completed,False,COMPLETE
288,2.7739345308085794,2026-06-11 10:44:57.127259,2026-06-11 10:44:59.269605,0 days 00:00:02.142346,,,,,,,,,,,,,,0.003313452407719815,QuantileRegressor,,,,,,2,,,,,,,,False,0.002903555001056589,0.011636418472272947,98.0,0.007269986736664768,0.004366431735608179,0.021892748666870236,1.9844674545084815,2.7532273400839924,2.7946417215331665,98.0,2.7739345308085794,0.020707190724587245,0.10382329315568514,1.9844674545084815,837491062300492.5,1050901000774307.8,98.0,944196031537400.1,106704969236907.61,535005518112001.2,1.9844674545084815,8.274920956484497,8.621357789691547,98.0,8.448139373088022,0.17321841660352588,0.8684957165936347,1.9844674545084815,2.3556029377070624,2.431292941398972,98.0,2.3934479395530173,0.03784500184595499,0.18975015845411597,1.9844674545084815,99.0,0.3434343434343434,3.4449402995981836e-05,0.014522716717436539,98.0,0.00727858306021626,0.007244133657220278,0.036321190177647254,1.9844674545084815,QuantileRegressor,"{'mode': 'original', 'type': 'QuantileRegressor'}",2,"['z_pe_T2W20', 'z_l2_T2W20']",0.08485303713279388,0.12346038076174862,97.0,0.10415670894727125,0.019303671814477372,0.09628375520176223,1.9847231860139845,3.3945609258898752,3.451361767432733,98.0,3.422961346661304,0.028400420771428743,0.1423961970850892,1.9844674545084815,completed,False,COMPLETE
289,2.7735800291383965,2026-06-11 10:44:59.322935,2026-06-11 10:45:01.525954,0 days 00:00:02.203019,,,,,,,,,,,,,,0.0038172034207163788,QuantileRegressor,,,,,,2,,,,,,,,False,0.002971547776043663,0.011845239786779725,98.0,0.007408393781411694,0.004436846005368031,0.022245797106364252,1.9844674545084815,2.7525783423365247,2.7945817159402684,98.0,2.7735800291383965,0.021001686801871845,0.10529986006289066,1.9844674545084815,837250726017691.2,1050945810237714.8,98.0,944098268127703.0,106847542110011.73,535720360863836.3,1.9844674545084815,8.269244310663645,8.618562790189856,98.0,8.44390355042675,0.17465923976310557,0.8757198257097459,1.9844674545084815,2.357588920000503,2.4327842734988616,98.0,2.3951865967496824,0.037597676749179125,0.1885101010089103,1.9844674545084815,99.0,0.3434343434343434,0.00028290012358876855,0.015154931700864639,98.0,0.007718915912226704,0.007436015788637935,0.03728326345192576,1.9844674545084815,QuantileRegressor,"{'mode': 'original', 'type': 'QuantileRegressor'}",2,"['z_pe_T2W20', 'z_l2_T2W20']",0.08649592754071218,0.1245325591872473,97.0,0.10551424336397974,0.01901831582326756,0.09486044327089961,1.9847231860139845,3.3934385782955307,3.451010573717307,98.0,3.422224576006419,0.02878599771088821,0.14432943217004154,1.9844674545084815,completed,False,COMPLETE
290,2.773808053934838,2026-06-11 10:45:01.544605,2026-06-11 10:45:03.714756,0 days 00:00:02.170151,,,,,,,,,,,,,,0.003355536827904961,QuantileRegressor,,,,,,2,,,,,,,,False,0.0029450822978864134,0.011683215315679134,98.0,0.007314148806782774,0.00436906650889636,0.02190595909425925,1.9844674545084815,2.753113143112961,2.7945029647567154,98.0,2.773808053934838,0.020694910821877233,0.10376172324231824,1.9844674545084815,837738936527179.5,1051311127478084.2,98.0,944525032002631.9,106786095475452.4,535412275038089.4,1.9844674545084815,8.2739091336049,8.62024256504716,98.0,8.44707584932603,0.17316671572113088,0.8682364947638512,1.9844674545084815,2.356509842122584,2.4316013155573746,98.0,2.3940555788399793,0.037545736717395244,0.18824968011366974,1.9844674545084815,99.0,0.3434343434343434,0.00015925431069194543,0.014646786061450048,98.0,0.007403020186070997,0.0072437658753790515,0.036319346164983876,1.9844674545084815,QuantileRegressor,"{'mode': 'original', 'type': 'QuantileRegressor'}",2,"['z_pe_T2W20', 'z_l2_T2W20']",0.08518718408994512,0.12372263742154431,97.0,0.10445491075574471,0.019267726665799595,0.09610446631158401,1.9847231860139845,3.3943573431991214,3.4511306276102443,98.0,3.422743985404683,0.02838664220556139,0.14232711306001125,1.9844674545084815,completed,False,COMPLETE
291,2.7738388321351395,2026-06-11 10:45:03.727312,2026-06-11 10:45:05.827778,0 days 00:00:02.100466,,,,,,,,,,,,,,0.0032442634811918228,QuantileRegressor,,,,,,2,,,,,,,,False,0.0029854498800279423,0.01161965825191835,98.0,0.007302554065973146,0.004317104185945204,0.021645426433863045,1.9844674545084815,2.7532426459319796,2.7944350183382993,98.0,2.7738388321351395,0.020596186203159707,0.10326673021467289,1.9844674545084815,837403652177504.9,1050829019079472.6,98.0,944116335628488.8,106712683450983.89,535044196227258.8,1.9844674545084815,8.274240696637227,8.620278653980757,98.0,8.447259675308992,0.17301897867176474,0.8674957594709618,1.9844674545084815,2.3560696739331366,2.432155861839683,98.0,2.39411276788641,0.038043093953273065,0.19074336777948778,1.9844674545084815,99.0,0.3434343434343434,3.380366395672966e-05,0.014392239623184776,98.0,0.007213021643570752,0.007179217979614023,0.03599571099912635,1.9844674545084815,QuantileRegressor,"{'mode': 'original', 'type': 'QuantileRegressor'}",2,"['z_pe_T2W20', 'z_l2_T2W20']",0.08459314756557092,0.12304090130804081,97.0,0.10381702443680586,0.019223876871234943,0.09588575025973194,1.9847231860139845,3.3947403893680645,3.4514225749118292,98.0,3.423081482139947,0.028341092771882386,0.14209873383325716,1.9844674545084815,completed,False,COMPLETE
292,2.7739345308085794,2026-06-11 10:45:05.840609,2026-06-11 10:45:08.098323,0 days 00:00:02.257714,,,,,,,,,,,,,,0.0033114257049625005,QuantileRegressor,,,,,,2,,,,,,,,False,0.002903555001056589,0.011636418472272947,98.0,0.007269986736664768,0.004366431735608179,0.021892748666870236,1.9844674545084815,2.7532273400839924,2.7946417215331665,98.0,2.7739345308085794,0.020707190724587245,0.10382329315568514,1.9844674545084815,837491062300492.5,1050901000774307.8,98.0,944196031537400.1,106704969236907.61,535005518112001.2,1.9844674545084815,8.274920956484497,8.621357789691547,98.0,8.448139373088022,0.17321841660352588,0.8684957165936347,1.9844674545084815,2.3556029377070624,2.431292941398972,98.0,2.3934479395530173,0.03784500184595499,0.18975015845411597,1.9844674545084815,99.0,0.3434343434343434,3.4449402995981836e-05,0.014522716717436539,98.0,0.00727858306021626,0.007244133657220278,0.036321190177647254,1.9844674545084815,QuantileRegressor,"{'mode': 'original', 'type': 'QuantileRegressor'}",2,"['z_pe_T2W20', 'z_l2_T2W20']",0.08485303713279388,0.12346038076174862,97.0,0.10415670894727125,0.019303671814477372,0.09628375520176223,1.9847231860139845,3.3945609258898752,3.451361767432733,98.0,3.422961346661304,0.028400420771428743,0.1423961970850892,1.9844674545084815,completed,False,COMPLETE
293,3.4274007936507944,2026-06-11 10:45:08.110919,2026-06-11 10:45:08.235412,0 days 00:00:00.124493,11.0,4.0,9.0,,,,,,,,,,,,DecisionTreeRegressor,,,,,,2,,,,,,,,False,,,,,,,,,,,,,,,,,,,,,,,,,,,,,,,,,,,,,,,,,,,,,DecisionTreeRegressor,"{'mode': 'original', 'type': 'DecisionTreeRegressor'}",2,"['z_re_T2W20', 'z_lsc_T2W20']",,,,,,,,,,,,,,,pruned,False,PRUNED
294,2.959560886644219,2026-06-11 10:45:08.245072,2026-06-11 10:45:10.031066,0 days 00:00:01.785994,,,,,,,,,,,manhattan,6.0,uniform,,KNeighborsRegressor,,,,,,2,7.0,3.0,12.0,50.0,,,ExtraTrees,,-0.07208328150883195,-0.04625077272443919,98.0,-0.059167027116635566,0.012916254392196375,0.0647605019951899,1.9844674545084815,2.919367625818275,2.9997541474701634,98.0,2.959560886644219,0.040193260825944224,0.20152403853894107,1.9844674545084815,926694790063846.5,1176943672243964.5,98.0,1051819231153905.5,125124441090058.98,627358471799336.5,1.9844674545084815,8.216484925212894,8.63536692663896,98.0,8.425925925925927,0.2094410007130337,1.0501112731834752,1.9844674545084815,2.560275683622014,2.6922495689032386,98.0,2.6262626262626263,0.06598694264061239,0.3308503689053765,1.9844674545084815,99.0,0.7878787878787878,-0.13223300722252523,-0.08404050933902059,98.0,-0.10813675828077292,0.02409624894175233,0.12081561188603905,1.9844674545084815,KNeighborsRegressor,"{'mode': 'proxy', 'type': 'ExtraTrees'}",2,"['z_re_T2W20', 'z_l2_T2W20']",0.06445837365278817,0.11879506777097526,98.0,0.09162672071188172,0.02716834705909354,0.13621873187860398,1.9844674545084815,3.56575265001878,3.6562529725773816,98.0,3.6110028112980808,0.04525016127930093,0.22687871195702905,1.9844674545084815,completed,True,COMPLETE
295,2.773790253109343,2026-06-11 10:45:10.065755,2026-06-11 10:45:12.169088,0 days 00:00:02.103333,,,,,,,,,,,,,,0.003474427695952959,QuantileRegressor,,,,,,2,,,,,,,,False,0.002888897746097901,0.011759451923303185,98.0,0.007324174834700542,0.004435277088602641,0.022237930751751678,1.9844674545084815,2.7529364421287226,2.794644064089963,98.0,2.773790253109343,0.020853810980620332,0.10455842898493165,1.9844674545084815,837748255596873.9,1051394989748268.9,98.0,944571622672571.4,106823367075697.5,535599150231837.06,1.9844674545084815,8.270417583399954,8.618983956619271,98.0,8.444700770009613,0.17428318660965916,0.873834341709928,1.9844674545084815,2.3590091101283472,2.4335275066656146,98.0,2.396268308396981,0.03725919826863379,0.1868130117716521,1.9844674545084815,99.0,0.3434343434343434,0.0003163289134326128,0.014961075214964582,98.0,0.007638702064198597,0.007322373150765984,0.03671347332135264,1.9844674545084815,QuantileRegressor,"{'mode': 'original', 'type': 'QuantileRegressor'}",2,"['z_pe_T2W20', 'z_l2_T2W20']",0.08599527247060396,0.12404731317020584,97.0,0.1050212928204049,0.01902602034980094,0.09489887226792229,1.9847231860139845,3.3938181306808723,3.450868372142645,98.0,3.4223432514117587,0.02852512073088649,0.1430214272584855,1.9844674545084815,completed,False,COMPLETE
296,2.7739686704706195,2026-06-11 10:45:12.181997,2026-06-11 10:45:14.266729,0 days 00:00:02.084732,,,,,,,,,,,,,,0.0035270162209337513,QuantileRegressor,,,,,,2,,,,,,,,False,0.0028099766502538547,0.011713454901300522,98.0,0.007261715775777188,0.004451739125523334,0.022320469368790025,1.9844674545084815,2.75306584986445,2.794871491076789,98.0,2.7739686704706195,0.020902820606169742,0.10480415718575538,1.9844674545084815,837594706912423.9,1051245203390029.4,98.0,944419955151226.6,106825248238802.77,535608582150978.06,1.9844674545084815,8.272289126568745,8.620081323338502,98.0,8.446185224953624,0.17389609838487724,0.8718935292272899,1.9844674545084815,2.358494549030779,2.433054623577028,98.0,2.3957745863039035,0.037280037273124615,0.18691749596272852,1.9844674545084815,99.0,0.3434343434343434,0.00022230228564395788,0.014888005136023234,98.0,0.007555153710833595,0.0073328514251896374,0.0367660100933234,1.9844674545084815,QuantileRegressor,"{'mode': 'original', 'type': 'QuantileRegressor'}",2,"['z_pe_T2W20', 'z_l2_T2W20']",0.0861296879225168,0.12409540167251518,97.0,0.10511254479751599,0.018982856874999194,0.09468357947381502,1.9847231860139845,3.393912720126832,3.451079851895714,98.0,3.422496286011273,0.028583565884441005,0.14331446402970788,1.9844674545084815,completed,False,COMPLETE
297,2.7736743339587755,2026-06-11 10:45:14.279349,2026-06-11 10:45:16.367967,0 days 00:00:02.088618,,,,,,,,,,,,,,0.003415618489607692,QuantileRegressor,,,,,,2,,,,,,,,False,0.0029847582246586143,0.01174178006730828,98.0,0.007363269145983447,0.004378510921324833,0.021953312210057817,1.9844674545084815,2.752945340424727,2.794403327492824,98.0,2.7736743339587755,0.020728993534048393,0.10393260974567602,1.9844674545084815,837660147309179.5,1051166723845113.8,98.0,944413435577146.6,106753288267967.12,535247783757467.7,1.9844674545084815,8.2744826320473,8.621044518015564,98.0,8.447763575031432,0.17328094298413185,0.8688092161325128,1.9844674545084815,2.3585020192047783,2.4332039925264977,98.0,2.395853005865638,0.03735098666085964,0.18727322741756483,1.9844674545084815,99.0,0.3434343434343434,0.0002787452027387645,0.01474501268711062,98.0,0.007511878944924693,0.007233133742185928,0.036266037964172784,1.9844674545084815,QuantileRegressor,"{'mode': 'original', 'type': 'QuantileRegressor'}",2,"['z_pe_T2W20', 'z_l2_T2W20']",0.08524425938907847,0.12377215508860133,97.0,0.1045082072388399,0.019263947849761435,0.09608561815658699,1.9847231860139845,3.3941714159581995,3.4509494814484976,98.0,3.4225604487033485,0.028389032745148996,0.14233909892983324,1.9844674545084815,completed,False,COMPLETE
298,2.773816788998484,2026-06-11 10:45:16.380318,2026-06-11 10:45:18.438674,0 days 00:00:02.058356,,,,,,,,,,,,,,0.003391595366732585,QuantileRegressor,,,,,,2,,,,,,,,False,0.002952682813705537,0.011672554116690964,98.0,0.0073126184651982505,0.004359935651492714,0.021860178104573573,1.9844674545084815,2.7531137790538978,2.79451979894307,98.0,2.773816788998484,0.02070300994458616,0.10380233124185313,1.9844674545084815,837787580535487.1,1051349412610707.4,98.0,944568496573097.2,106780916037610.12,535386305977359.06,1.9844674545084815,8.273768813793929,8.620407165757602,98.0,8.447087989775765,0.1733191759818372,0.8690009116542172,1.9844674545084815,2.3571929829639457,2.432425341618042,98.0,2.394809162290994,0.03761617932704805,0.18860287064588185,1.9844674545084815,99.0,0.3434343434343434,0.00017374173362548744,0.014621952703600848,98.0,0.007397847218613167,0.00722410548498768,0.03622077139922703,1.9844674545084815,QuantileRegressor,"{'mode': 'original', 'type': 'QuantileRegressor'}",2,"['z_pe_T2W20', 'z_l2_T2W20']",0.08505559953640898,0.12351671018278149,97.0,0.10428615485959523,0.019230555323186252,0.09591906135406604,1.9847231860139845,3.394362458834408,3.4511617190832995,98.0,3.4227620889588537,0.028399630124445817,0.14239223287890676,1.9844674545084815,completed,False,COMPLETE
299,2.7739104916058124,2026-06-11 10:45:18.451047,2026-06-11 10:45:20.691907,0 days 00:00:02.240860,,,,,,,,,,,,,,0.003373104873079149,QuantileRegressor,,,,,,2,,,,,,,,False,0.0029159249183336455,0.011638984513041545,98.0,0.007277454715687595,0.00436152979735395,0.021868170954752308,1.9844674545084815,2.753228483687439,2.7945924995241858,98.0,2.7739104916058124,0.020682007918373595,0.10369702968002699,1.9844674545084815,837750844791097.6,1051323017705692.6,98.0,944536931248395.1,106786086457297.55,535412229822176.25,1.9844674545084815,8.274076657686177,8.620390546189345,98.0,8.44723360193776,0.17315694425158384,0.8681875018241119,1.9844674545084815,2.356897281305321,2.4318463404918202,98.0,2.3943718108985705,0.0374745295932496,0.18789265640034836,1.9844674545084815,99.0,0.3434343434343434,0.00011418180084052029,0.014583742856386145,98.0,0.007348962328613332,0.007234780527772812,0.03627429474342525,1.9844674545084815,QuantileRegressor,"{'mode': 'original', 'type': 'QuantileRegressor'}",2,"['z_pe_T2W20', 'z_l2_T2W20']",0.08515683206227485,0.12367727272714428,97.0,0.10441705239470957,0.019260220332434713,0.09606702587169708,1.9847231860139845,3.394465828338459,3.451207608265983,98.0,3.422836718302221,0.02837088996376186,0.14224813326792046,1.9844674545084815,completed,False,COMPLETE
