number,value,datetime_start,datetime_complete,duration,params_dt_max_depth,params_dt_min_samples_leaf,params_dt_min_samples_split,params_elastic_alpha,params_elastic_l1_ratio,params_et_max_depth,params_et_max_features,params_et_min_samples_leaf,params_et_min_samples_split,params_et_n_estimators,params_knn_metric,params_knn_n_neighbors,params_knn_weights,params_quantile_alpha,params_regressor,params_rf_max_depth,params_rf_max_features,params_rf_min_samples_leaf,params_rf_min_samples_split,params_rf_n_estimators,params_rfe_n_features,params_rfe_proxy_et_max_depth,params_rfe_proxy_et_min_samples_leaf,params_rfe_proxy_et_min_samples_split,params_rfe_proxy_et_n_estimators,params_rfe_proxy_lsvr_C,params_rfe_proxy_lsvr_epsilon,params_rfe_proxy_type,params_use_scaler,user_attrs_d2mae_ci_lower_val,user_attrs_d2mae_ci_upper_val,user_attrs_d2mae_df_val,user_attrs_d2mae_mean_val,user_attrs_d2mae_samperror_val,user_attrs_d2mae_std_val,user_attrs_d2mae_t_critical_val,user_attrs_mae_ci_lower_val,user_attrs_mae_ci_upper_val,user_attrs_mae_df_val,user_attrs_mae_mean_val,user_attrs_mae_samperror_val,user_attrs_mae_std_val,user_attrs_mae_t_critical_val,user_attrs_mape_ci_lower_val,user_attrs_mape_ci_upper_val,user_attrs_mape_df_val,user_attrs_mape_mean_val,user_attrs_mape_samperror_val,user_attrs_mape_std_val,user_attrs_mape_t_critical_val,user_attrs_max_error_ci_lower_val,user_attrs_max_error_ci_upper_val,user_attrs_max_error_df_val,user_attrs_max_error_mean_val,user_attrs_max_error_samperror_val,user_attrs_max_error_std_val,user_attrs_max_error_t_critical_val,user_attrs_median_ae_ci_lower_val,user_attrs_median_ae_ci_upper_val,user_attrs_median_ae_df_val,user_attrs_median_ae_mean_val,user_attrs_median_ae_samperror_val,user_attrs_median_ae_std_val,user_attrs_median_ae_t_critical_val,user_attrs_n_splits_val,user_attrs_r2_below_zero_val,user_attrs_r2_ci_lower_val,user_attrs_r2_ci_upper_val,user_attrs_r2_df_val,user_attrs_r2_mean_val,user_attrs_r2_samperror_val,user_attrs_r2_std_val,user_attrs_r2_t_critical_val,user_attrs_regressor_final,user_attrs_rfe_estimator,user_attrs_rfe_n_features,user_attrs_rfe_selected_features,user_attrs_rho_ci_lower_val,user_attrs_rho_ci_upper_val,user_attrs_rho_df_val,user_attrs_rho_mean_val,user_attrs_rho_samperror_val,user_attrs_rho_std_val,user_attrs_rho_t_critical_val,user_attrs_rmse_ci_lower_val,user_attrs_rmse_ci_upper_val,user_attrs_rmse_df_val,user_attrs_rmse_mean_val,user_attrs_rmse_samperror_val,user_attrs_rmse_std_val,user_attrs_rmse_t_critical_val,user_attrs_termination_reason,user_attrs_use_scaler_final,state
214,2.794957064618322,2026-06-11 10:41:19.492769,2026-06-11 10:41:21.807344,0 days 00:00:02.314575,,,,,,,,,,,,,,0.01867871267111209,QuantileRegressor,,,,,,2,,,,,,,,False,-0.0030570199640238237,0.002739162333438922,98.0,-0.00015892881529245065,0.002898091148731373,0.014530670573742506,1.9844674545084815,2.7747001570592555,2.8152139721773883,98.0,2.794957064618322,0.02025690755906622,0.1015656290563513,1.9844674545084815,839650959574817.4,1053862093712590.4,98.0,946756526643703.9,107105567068886.48,537014066094209.6,1.9844674545084815,8.363365262866944,8.697106200891549,98.0,8.530235731879246,0.16687046901230196,0.8366678925074825,1.9844674545084815,2.389190176549461,2.4909944690183425,98.0,2.4400923227839018,0.05090214623444088,0.25521706546493655,1.9844674545084815,99.0,0.5757575757575758,-0.014221310660335162,-0.001074061280180165,98.0,-0.007647685970257664,0.006573624690077499,0.03295934114727531,1.9844674545084815,QuantileRegressor,"{'mode': 'original', 'type': 'QuantileRegressor'}",2,"['z_pe_T2W20', 'z_asp_T2W20']",0.06505654679237774,0.11434195880961862,68.0,0.08969925280099818,0.02464270600862043,0.10258124621935655,1.9954689314298435,3.419972316165477,3.477762024030563,98.0,3.44886717009802,0.028894853932543017,0.1448752238017025,1.9844674545084815,completed,False,COMPLETE
215,2.7900212044872235,2026-06-11 10:41:21.819858,2026-06-11 10:41:24.047214,0 days 00:00:02.227356,,,,,,,,,,,,,,0.01547268886801323,QuantileRegressor,,,,,,2,,,,,,,,False,-0.0020733250782539485,0.005229837903732942,98.0,0.0015782564127394965,0.0036515814909934452,0.01830857795553739,1.9844674545084815,2.7693787102188594,2.8106636987555875,98.0,2.7900212044872235,0.020642494268364103,0.10349891312606511,1.9844674545084815,836859512381151.2,1049582286613570.2,98.0,943220899497360.8,106361387116209.56,533282839854253.25,1.9844674545084815,8.277209401666298,8.613644073889589,98.0,8.445426737777943,0.16821733611164633,0.8434209175583862,1.9844674545084815,2.4002848427449526,2.483717848782496,98.0,2.442001345763724,0.04171650301877153,0.20916138649388297,1.9844674545084815,99.0,0.5050505050505051,-0.009787273958401344,0.0042366798696870395,98.0,-0.002775297044357152,0.0070119769140441915,0.03515718498131609,1.9844674545084815,QuantileRegressor,"{'mode': 'original', 'type': 'QuantileRegressor'}",2,"['z_re_T2W20', 'z_pe_T2W20']",0.0596041940001696,0.10729512634694864,82.0,0.08344966017355912,0.023845466173389524,0.10920449867471034,1.989318557136572,3.4113420325250785,3.4696007158791526,98.0,3.4404713742021156,0.029129341677036936,0.14605091635033493,1.9844674545084815,completed,False,COMPLETE
216,2.795435637448353,2026-06-11 10:41:24.060725,2026-06-11 10:41:26.226118,0 days 00:00:02.165393,,,,,,,,,,,,,,0.019314605248057545,QuantileRegressor,,,,,,2,,,,,,,,False,-0.003149531011150427,0.0024773365276552404,98.0,-0.0003360972417475932,0.0028134337694028337,0.014106208944508434,1.9844674545084815,2.775379660775433,2.815491614121273,98.0,2.795435637448353,0.020055976672920108,0.1005581864450458,1.9844674545084815,840325994797167.2,1054494734722308.5,98.0,947410364759737.9,107084369962570.6,536907786424873.56,1.9844674545084815,8.36377481235651,8.6982122072173,98.0,8.530993509786905,0.16721869743039453,0.8384138667256964,1.9844674545084815,2.3966314290445037,2.503746113286194,98.0,2.4501887711653487,0.05355734212084514,0.2685298892355021,1.9844674545084815,99.0,0.5858585858585859,-0.014538790023111162,-0.0015812644265021268,98.0,-0.008060027224806645,0.006478762798304518,0.032483715354774415,1.9844674545084815,QuantileRegressor,"{'mode': 'original', 'type': 'QuantileRegressor'}",2,"['z_pe_T2W20', 'z_asp_T2W20']",0.06464857832599868,0.11477528492183584,66.0,0.08971193162391726,0.025063353297918572,0.10275270181224061,1.9965644189523117,3.420873065898106,3.4782417561798704,98.0,3.449557411038988,0.028684345140882424,0.14381975875677608,1.9844674545084815,completed,False,COMPLETE
217,2.7944871455390192,2026-06-11 10:41:26.238298,2026-06-11 10:41:28.464533,0 days 00:00:02.226235,,,,,,,,,,,,,,0.01827773849008557,QuantileRegressor,,,,,,2,,,,,,,,False,-0.003314580108323476,0.00320356354354259,98.0,-5.5508282390443085e-05,0.003259071825933033,0.016340583041885515,1.9844674545084815,2.7748961019410525,2.814078189136986,98.0,2.7944871455390192,0.019591043597966505,0.0982270695117688,1.9844674545084815,837168951450828.2,1051038972362727.2,98.0,944103961906777.8,106935010455949.52,536158916331978.94,1.9844674545084815,8.311671865581893,8.648876144217038,98.0,8.480274004899465,0.168602139317572,0.8453502732390983,1.9844674545084815,2.3951890969535,2.487354917215167,98.0,2.4412720070843337,0.046082910130833724,0.23105401170133916,1.9844674545084815,99.0,0.5757575757575758,-0.013741363057524724,-0.0001618580915627296,98.0,-0.006951610574543727,0.006789752482980998,0.034042979169456054,1.9844674545084815,QuantileRegressor,"{'mode': 'original', 'type': 'QuantileRegressor'}",2,"['z_re_T2W20', 'z_pe_T2W20']",0.05193314641270809,0.10341479367303315,73.0,0.07767397004287062,0.025740823630162526,0.11110449414690858,1.992997125889855,3.419412266091297,3.4755136879833133,98.0,3.447462977037305,0.028050710946008302,0.14064279527375906,1.9844674545084815,completed,False,COMPLETE
218,2.793621414458871,2026-06-11 10:41:28.516087,2026-06-11 10:41:30.717914,0 days 00:00:02.201827,,,,,,,,,,,,,,0.017823239963991818,QuantileRegressor,,,,,,2,,,,,,,,False,-0.003103890799442887,0.003648473593709373,98.0,0.00027229139713324293,0.00337618219657613,0.0169277599556719,1.9844674545084815,2.7736046268844943,2.813638202033248,98.0,2.793621414458871,0.020016787574376832,0.10036169715199388,1.9844674545084815,838319965001303.9,1051512083099127.6,98.0,944916024050215.8,106596059048911.88,534459455899781.56,1.9844674545084815,8.298532748673201,8.636566031765488,98.0,8.467549390219345,0.16901664154614265,0.8474285361460736,1.9844674545084815,2.39223842118439,2.484906837713592,98.0,2.438572629448991,0.04633420826460079,0.2323139894626197,1.9844674545084815,99.0,0.5555555555555556,-0.012888043406423511,0.0006902695270456817,98.0,-0.006098886939688915,0.0067891564667345965,0.034039990817713965,1.9844674545084815,QuantileRegressor,"{'mode': 'original', 'type': 'QuantileRegressor'}",2,"['z_re_T2W20', 'z_pe_T2W20']",0.05311763805728323,0.10237539974804852,76.0,0.07774651890266587,0.024628880845382648,0.10851058114321029,1.9916726096446642,3.417751441606656,3.4743604650617286,98.0,3.4460559533341923,0.028304511727536025,0.14191532100137536,1.9844674545084815,completed,False,COMPLETE
219,2.794957064618322,2026-06-11 10:41:30.731401,2026-06-11 10:41:33.021966,0 days 00:00:02.290565,,,,,,,,,,,,,,0.018635533265102186,QuantileRegressor,,,,,,2,,,,,,,,False,-0.0030570199640238237,0.002739162333438922,98.0,-0.00015892881529245065,0.002898091148731373,0.014530670573742506,1.9844674545084815,2.7747001570592555,2.8152139721773883,98.0,2.794957064618322,0.02025690755906622,0.1015656290563513,1.9844674545084815,839650959574817.6,1053862093712590.6,98.0,946756526643704.1,107105567068886.5,537014066094209.7,1.9844674545084815,8.363365262866944,8.697106200891549,98.0,8.530235731879246,0.16687046901230196,0.8366678925074825,1.9844674545084815,2.389190176549461,2.4909944690183425,98.0,2.4400923227839018,0.05090214623444088,0.25521706546493655,1.9844674545084815,99.0,0.5757575757575758,-0.014221310660335162,-0.001074061280180165,98.0,-0.007647685970257664,0.006573624690077499,0.03295934114727531,1.9844674545084815,QuantileRegressor,"{'mode': 'original', 'type': 'QuantileRegressor'}",2,"['z_pe_T2W20', 'z_asp_T2W20']",0.06505654679237774,0.11434195880961862,68.0,0.08969925280099818,0.02464270600862043,0.10258124621935655,1.9954689314298435,3.419972316165477,3.477762024030563,98.0,3.44886717009802,0.028894853932543017,0.1448752238017025,1.9844674545084815,completed,False,COMPLETE
220,2.79453677779449,2026-06-11 10:41:33.034638,2026-06-11 10:41:35.290826,0 days 00:00:02.256188,,,,,,,,,,,,,,0.01856255192720355,QuantileRegressor,,,,,,2,,,,,,,,False,-0.0029264797014432863,0.002898892107461748,98.0,-1.3793796990768994e-05,0.002912685904452517,0.014603846873798156,1.9844674545084815,2.774346916280354,2.8147266393086263,98.0,2.79453677779449,0.020189861514136265,0.10122946847956062,1.9844674545084815,839920504182125.9,1054051341592704.9,98.0,946985922887415.4,107065418705289.53,536812767164823.75,1.9844674545084815,8.361092937325159,8.69441760903545,98.0,8.527755273180304,0.16666233585514498,0.8356243386001305,1.9844674545084815,2.386271627234107,2.485726450002815,98.0,2.435999038618461,0.04972741138435401,0.24932709022189453,1.9844674545084815,99.0,0.5757575757575758,-0.01369908750471373,-0.0006731711293338789,98.0,-0.007186129317023804,0.006512958187689925,0.03265516680774811,1.9844674545084815,QuantileRegressor,"{'mode': 'original', 'type': 'QuantileRegressor'}",2,"['z_pe_T2W20', 'z_asp_T2W20']",0.06620749444999754,0.11488897449291849,69.0,0.09054823447145802,0.024340740021460475,0.10208261357927655,1.9949454151072374,3.4193598830004808,3.4767477755291596,98.0,3.44805382926482,0.02869394626433919,0.14386789760228794,1.9844674545084815,completed,False,COMPLETE
221,2.794942780361164,2026-06-11 10:41:35.314446,2026-06-11 10:41:37.505472,0 days 00:00:02.191026,,,,,,,,,,,,,,0.01882048681995043,QuantileRegressor,,,,,,2,,,,,,,,False,-0.0030529259916459196,0.0027456171307521622,98.0,-0.00015365443044687875,0.002899271561199041,0.014536589015857873,1.9844674545084815,2.7746821888385504,2.8152033718837775,98.0,2.794942780361164,0.02026059152261351,0.10158409999393199,1.9844674545084815,839689397104564.1,1053900629438738.1,98.0,946795013271651.1,107105616167086.95,537014312266514.1,1.9844674545084815,8.363415402277031,8.697132980727083,98.0,8.530274191502057,0.16685878922502534,0.8366093314986743,1.9844674545084815,2.3889760335495525,2.4908546072269844,98.0,2.4399153203882684,0.05093928683871601,0.2554032838610929,1.9844674545084815,99.0,0.5757575757575758,-0.014182231796848351,-0.0010173763135767682,98.0,-0.007599804055212559,0.006582427741635791,0.033003478558996546,1.9844674545084815,QuantileRegressor,"{'mode': 'original', 'type': 'QuantileRegressor'}",2,"['z_pe_T2W20', 'z_asp_T2W20']",0.06502325099853162,0.11431203582205307,68.0,0.08966764341029235,0.024644392411760727,0.10258826628183262,1.9954689314298435,3.4198655847232438,3.477712819748972,98.0,3.448789202236108,0.02892361751286437,0.14501944083585408,1.9844674545084815,completed,False,COMPLETE
222,2.79453677779449,2026-06-11 10:41:37.518346,2026-06-11 10:41:39.625644,0 days 00:00:02.107298,,,,,,,,,,,,,,0.018546733769114195,QuantileRegressor,,,,,,2,,,,,,,,False,-0.0029264797014432863,0.002898892107461748,98.0,-1.3793796990768994e-05,0.002912685904452517,0.014603846873798156,1.9844674545084815,2.774346916280354,2.8147266393086263,98.0,2.79453677779449,0.020189861514136265,0.10122946847956062,1.9844674545084815,839920504182125.9,1054051341592704.9,98.0,946985922887415.4,107065418705289.53,536812767164823.75,1.9844674545084815,8.361092937325159,8.69441760903545,98.0,8.527755273180304,0.16666233585514498,0.8356243386001305,1.9844674545084815,2.386271627234107,2.485726450002815,98.0,2.435999038618461,0.04972741138435401,0.24932709022189453,1.9844674545084815,99.0,0.5757575757575758,-0.01369908750471373,-0.0006731711293338789,98.0,-0.007186129317023804,0.006512958187689925,0.03265516680774811,1.9844674545084815,QuantileRegressor,"{'mode': 'original', 'type': 'QuantileRegressor'}",2,"['z_pe_T2W20', 'z_asp_T2W20']",0.06620749444999754,0.11488897449291849,69.0,0.09054823447145802,0.024340740021460475,0.10208261357927655,1.9949454151072374,3.4193598830004808,3.4767477755291596,98.0,3.44805382926482,0.02869394626433919,0.14386789760228794,1.9844674545084815,completed,False,COMPLETE
223,2.791317062078243,2026-06-11 10:41:39.638396,2026-06-11 10:41:41.946772,0 days 00:00:02.308376,,,,,,,,,,,,,,0.016836626466764867,QuantileRegressor,,,,,,2,,,,,,,,False,-0.0024044547235060366,0.004630493154361349,98.0,0.0011130192154276558,0.0035174739389336926,0.01763617927639843,1.9844674545084815,2.7708812529285045,2.811752871227981,98.0,2.791317062078243,0.020435809149738388,0.10246261950481036,1.9844674545084815,837822063834509.0,1050674653414929.8,98.0,944248358624719.4,106426294790210.31,533608278903686.06,1.9844674545084815,8.284237686284365,8.622379391898571,98.0,8.453308539091468,0.16907085280710318,0.8477003447034923,1.9844674545084815,2.3989493560937922,2.485376696910277,98.0,2.4421630265020347,0.043213670408242304,0.21666799860981759,1.9844674545084815,99.0,0.5151515151515151,-0.01073605241779486,0.0032830102837408536,98.0,-0.0037265210670270033,0.007009531350767857,0.035144923229524325,1.9844674545084815,QuantileRegressor,"{'mode': 'original', 'type': 'QuantileRegressor'}",2,"['z_re_T2W20', 'z_pe_T2W20']",0.058172095490832285,0.10622343807279779,80.0,0.08219776678181503,0.024025671290982747,0.10865535204025933,1.990063421254446,3.4130258841252887,3.471157484334533,98.0,3.442091684229911,0.029065800104622116,0.14573232676528977,1.9844674545084815,completed,False,COMPLETE
224,2.786304559312136,2026-06-11 10:41:41.959349,2026-06-11 10:41:44.087985,0 days 00:00:02.128636,,,,,,,,,,,,,,0.012094805238273535,QuantileRegressor,,,,,,2,,,,,,,,False,-0.0013668516973703998,0.007139569830494467,98.0,0.0028863590665620335,0.004253210763932433,0.02132507271845175,1.9844674545084815,2.7650643104321397,2.8075448081921324,98.0,2.786304559312136,0.021240248879996326,0.10649598081641894,1.9844674545084815,836268639753314.9,1049740265278239.4,98.0,943004452515777.1,106735812762462.28,535160163734297.8,1.9844674545084815,8.262793751495678,8.597150600724248,98.0,8.429972176109963,0.16717842461428403,0.8382119438068004,1.9844674545084815,2.3950397832038086,2.4753526134922725,98.0,2.4351961983480406,0.040156415144231836,0.20133929884803725,1.9844674545084815,99.0,0.42424242424242425,-0.007118280326989034,0.00833102541764012,98.0,0.0006063725453255426,0.007724652872314577,0.03873045408984167,1.9844674545084815,QuantileRegressor,"{'mode': 'original', 'type': 'QuantileRegressor'}",2,"['z_re_T2W20', 'z_pe_T2W20']",0.061861239825990386,0.10758278337189657,89.0,0.08472201159894348,0.02286077177295309,0.10914879141348678,1.986978699506281,3.405449248642794,3.4633748595349965,98.0,3.434412054088895,0.02896280544610124,0.14521592428620383,1.9844674545084815,completed,False,COMPLETE
225,2.788007185001794,2026-06-11 10:41:44.100758,2026-06-11 10:41:46.366239,0 days 00:00:02.265481,,,,,,,,,,,,,,0.01443779842733146,QuantileRegressor,,,,,,2,,,,,,,,False,-0.0014645192857215602,0.006053550729727212,98.0,0.002294515722002826,0.003759035007724386,0.018847336598201515,1.9844674545084815,2.7672845469983196,2.808729823005268,98.0,2.788007185001794,0.02072263800347414,0.10390074390145083,1.9844674545084815,836602527822080.0,1050007158818475.2,98.0,943304843320277.6,106702315498197.6,534992212594332.8,1.9844674545084815,8.258638078409145,8.592500874309735,98.0,8.42556947635944,0.16693139795029513,0.8369733826666773,1.9844674545084815,2.3955394152623493,2.4755739406759103,98.0,2.43555667796913,0.04001726270678071,0.20064160573751494,1.9844674545084815,99.0,0.4444444444444444,-0.007271156435910354,0.0068575398073288385,98.0,-0.00020680831429075724,0.007064348121619596,0.035419767738646,1.9844674545084815,QuantileRegressor,"{'mode': 'original', 'type': 'QuantileRegressor'}",2,"['z_re_T2W20', 'z_pe_T2W20']",0.06252833501199824,0.10891084461315857,86.0,0.0857195898125784,0.023191254800580163,0.1088132713662699,1.98793420623902,3.407123541726822,3.4648672521209978,98.0,3.43599539692391,0.02887185519708788,0.14475991098669408,1.9844674545084815,completed,False,COMPLETE
226,2.7852098871604984,2026-06-11 10:41:46.379468,2026-06-11 10:41:48.581805,0 days 00:00:02.202337,,,,,,,,,,,,,,0.012847279605519384,QuantileRegressor,,,,,,2,,,,,,,,False,-0.0007692873590032408,0.007308097841630223,98.0,0.0032694052413134913,0.004038692600316732,0.020249505178435472,1.9844674545084815,2.7644598088000887,2.805959965520908,98.0,2.7852098871604984,0.020750078360409718,0.104038326457207,1.9844674545084815,837095178889147.2,1050916468847655.2,98.0,944005823868401.2,106910644979254.0,536036750845434.6,1.9844674545084815,8.257981012093623,8.592351545037655,98.0,8.425166278565639,0.16718526647201665,0.8382462480352469,1.9844674545084815,2.392281569439879,2.4726067319910587,98.0,2.432444150715469,0.04016258127558979,0.20137021506801744,1.9844674545084815,99.0,0.41414141414141414,-0.005906638709051771,0.00872246371188726,98.0,0.0014079125014177444,0.007314551210469516,0.03667425508015094,1.9844674545084815,QuantileRegressor,"{'mode': 'original', 'type': 'QuantileRegressor'}",2,"['z_re_T2W20', 'z_pe_T2W20']",0.06347951966012949,0.10893191628372015,89.0,0.08620571797192482,0.022726198311795336,0.10850627020783453,1.986978699506281,3.40460885214083,3.461510125099966,98.0,3.433059488620398,0.028450636479567963,0.14264797243484573,1.9844674545084815,completed,False,COMPLETE
227,2.7876210619848485,2026-06-11 10:41:48.599603,2026-06-11 10:41:50.832129,0 days 00:00:02.232526,,,,,,,,,,,,,,0.013589110936512876,QuantileRegressor,,,,,,2,,,,,,,,False,-0.0014607277666835194,0.006276128806638054,98.0,0.002407700519977267,0.0038684282866607864,0.019395820968647275,1.9844674545084815,2.7671091753893804,2.8081329485803166,98.0,2.7876210619848485,0.02051188659546823,0.10284406240817662,1.9844674545084815,836828881871881.5,1050209024105584.2,98.0,943518952988732.9,106690071116851.36,534930820780690.44,1.9844674545084815,8.254198003799516,8.590702391717965,98.0,8.42245019775874,0.16825219395922528,0.8435956904948072,1.9844674545084815,2.3975096149145276,2.47713818476457,98.0,2.437323899839549,0.03981428492502109,0.19962390024477047,1.9844674545084815,99.0,0.4444444444444444,-0.007507055933082627,0.00698209475716184,98.0,-0.000262480587960394,0.007244575345122233,0.03632340474615816,1.9844674545084815,QuantileRegressor,"{'mode': 'original', 'type': 'QuantileRegressor'}",2,"['z_re_T2W20', 'z_pe_T2W20']",0.061411943021747024,0.10812534700459858,86.0,0.0847686450131728,0.023356701991425775,0.10958954889972275,1.98793420623902,3.4072951798728406,3.4647061340350227,98.0,3.4360006569539316,0.028705477081091176,0.14392571169131085,1.9844674545084815,completed,False,COMPLETE
