number,value,datetime_start,datetime_complete,duration,params_dt_max_depth,params_dt_min_samples_leaf,params_dt_min_samples_split,params_elastic_alpha,params_elastic_l1_ratio,params_et_max_depth,params_et_max_features,params_et_min_samples_leaf,params_et_min_samples_split,params_et_n_estimators,params_knn_metric,params_knn_n_neighbors,params_knn_weights,params_quantile_alpha,params_regressor,params_rf_max_depth,params_rf_max_features,params_rf_min_samples_leaf,params_rf_min_samples_split,params_rf_n_estimators,params_rfe_n_features,params_rfe_proxy_et_max_depth,params_rfe_proxy_et_min_samples_leaf,params_rfe_proxy_et_min_samples_split,params_rfe_proxy_et_n_estimators,params_rfe_proxy_lsvr_C,params_rfe_proxy_lsvr_epsilon,params_rfe_proxy_type,params_use_scaler,user_attrs_d2mae_ci_lower_val,user_attrs_d2mae_ci_upper_val,user_attrs_d2mae_df_val,user_attrs_d2mae_mean_val,user_attrs_d2mae_samperror_val,user_attrs_d2mae_std_val,user_attrs_d2mae_t_critical_val,user_attrs_mae_ci_lower_val,user_attrs_mae_ci_upper_val,user_attrs_mae_df_val,user_attrs_mae_mean_val,user_attrs_mae_samperror_val,user_attrs_mae_std_val,user_attrs_mae_t_critical_val,user_attrs_mape_ci_lower_val,user_attrs_mape_ci_upper_val,user_attrs_mape_df_val,user_attrs_mape_mean_val,user_attrs_mape_samperror_val,user_attrs_mape_std_val,user_attrs_mape_t_critical_val,user_attrs_max_error_ci_lower_val,user_attrs_max_error_ci_upper_val,user_attrs_max_error_df_val,user_attrs_max_error_mean_val,user_attrs_max_error_samperror_val,user_attrs_max_error_std_val,user_attrs_max_error_t_critical_val,user_attrs_median_ae_ci_lower_val,user_attrs_median_ae_ci_upper_val,user_attrs_median_ae_df_val,user_attrs_median_ae_mean_val,user_attrs_median_ae_samperror_val,user_attrs_median_ae_std_val,user_attrs_median_ae_t_critical_val,user_attrs_n_splits_val,user_attrs_r2_below_zero_val,user_attrs_r2_ci_lower_val,user_attrs_r2_ci_upper_val,user_attrs_r2_df_val,user_attrs_r2_mean_val,user_attrs_r2_samperror_val,user_attrs_r2_std_val,user_attrs_r2_t_critical_val,user_attrs_regressor_final,user_attrs_rfe_estimator,user_attrs_rfe_n_features,user_attrs_rfe_selected_features,user_attrs_rho_ci_lower_val,user_attrs_rho_ci_upper_val,user_attrs_rho_df_val,user_attrs_rho_mean_val,user_attrs_rho_samperror_val,user_attrs_rho_std_val,user_attrs_rho_t_critical_val,user_attrs_rmse_ci_lower_val,user_attrs_rmse_ci_upper_val,user_attrs_rmse_df_val,user_attrs_rmse_mean_val,user_attrs_rmse_samperror_val,user_attrs_rmse_std_val,user_attrs_rmse_t_critical_val,user_attrs_termination_reason,user_attrs_use_scaler_final,state
290,1.730429292929293,2026-06-11 11:22:44.090930,2026-06-11 11:22:46.441863,0 days 00:00:02.350933,,,,,,,,,,,,,,1.900025085112447,QuantileRegressor,,,,,,9,,,,,,,,False,0.0,0.0,98.0,0.0,0.0,0.0,1.9844674545084815,1.703831273589163,1.757027312269423,98.0,1.730429292929293,0.026598019340130143,0.13335917923583812,1.9844674545084815,0.2513313776234922,0.2700227172154511,98.0,0.2606770474194717,0.009345669795979426,0.04685803245208411,1.9844674545084815,5.741143215500266,6.036634562277513,98.0,5.888888888888889,0.1477456733886233,0.7407785326716213,1.9844674545084815,1.0918333330018555,1.2212979801294577,98.0,1.1565656565656566,0.06473232356380107,0.32455986402989717,1.9844674545084815,99.0,0.98989898989899,-0.019303137227380068,-0.013876117497859181,98.0,-0.016589627362619624,0.0027135098647604436,0.013605202845567682,1.9844674545084815,QuantileRegressor,"{'mode': 'original', 'type': 'QuantileRegressor'}",9,"['z_re_T2W20', 'z_pe_T2W20', 'z_l1_T2W20', 'z_l2_T2W20', 'z_l3_T2W20', 'z_lsc_T2W20', 'z_density_T2W20', 'z_diameter_T2W20', 'z_asp_T2W20']",,,,,,,,2.2213423232383795,2.296754018527032,98.0,2.2590481708827057,0.037705847644326204,0.18905245649822508,1.9844674545084815,completed,False,COMPLETE
291,1.730429292929293,2026-06-11 11:22:46.455158,2026-06-11 11:22:48.683128,0 days 00:00:02.227970,,,,,,,,,,,,,,7.326683942303303,QuantileRegressor,,,,,,11,,,,,,,,True,0.0,0.0,98.0,0.0,0.0,0.0,1.9844674545084815,1.703831273589163,1.757027312269423,98.0,1.730429292929293,0.026598019340130143,0.13335917923583812,1.9844674545084815,0.2513313776234922,0.2700227172154511,98.0,0.2606770474194717,0.009345669795979426,0.04685803245208411,1.9844674545084815,5.741143215500266,6.036634562277513,98.0,5.888888888888889,0.1477456733886233,0.7407785326716213,1.9844674545084815,1.0918333330018555,1.2212979801294577,98.0,1.1565656565656566,0.06473232356380107,0.32455986402989717,1.9844674545084815,99.0,0.98989898989899,-0.019303137227380068,-0.013876117497859181,98.0,-0.016589627362619624,0.0027135098647604436,0.013605202845567682,1.9844674545084815,QuantileRegressor,"{'mode': 'original', 'type': 'QuantileRegressor'}",11,"['diameter_T2W20', 'asp_T2W20', 'z_re_T2W20', 'z_pe_T2W20', 'z_l1_T2W20', 'z_l2_T2W20', 'z_l3_T2W20', 'z_lsc_T2W20', 'z_density_T2W20', 'z_diameter_T2W20', 'z_asp_T2W20']",,,,,,,,2.2213423232383795,2.296754018527032,98.0,2.2590481708827057,0.037705847644326204,0.18905245649822508,1.9844674545084815,completed,True,COMPLETE
292,1.730429292929293,2026-06-11 11:22:48.695581,2026-06-11 11:22:51.035777,0 days 00:00:02.340196,,,,,,,,,,,,,,0.4650865459277856,QuantileRegressor,,,,,,14,,,,,,,,False,0.0,0.0,98.0,0.0,0.0,0.0,1.9844674545084815,1.703831273589163,1.757027312269423,98.0,1.730429292929293,0.026598019340130143,0.13335917923583812,1.9844674545084815,0.2513313776234922,0.2700227172154511,98.0,0.2606770474194717,0.009345669795979426,0.04685803245208411,1.9844674545084815,5.741143215500266,6.036634562277513,98.0,5.888888888888889,0.1477456733886233,0.7407785326716213,1.9844674545084815,1.0918333330018555,1.2212979801294577,98.0,1.1565656565656566,0.06473232356380107,0.32455986402989717,1.9844674545084815,99.0,0.98989898989899,-0.019303137227380068,-0.013876117497859181,98.0,-0.016589627362619624,0.0027135098647604436,0.013605202845567682,1.9844674545084815,QuantileRegressor,"{'mode': 'original', 'type': 'QuantileRegressor'}",14,"['lsc_T2W20', 'atd_T2W20', 'density_T2W20', 'diameter_T2W20', 'asp_T2W20', 'z_re_T2W20', 'z_pe_T2W20', 'z_l1_T2W20', 'z_l2_T2W20', 'z_l3_T2W20', 'z_lsc_T2W20', 'z_density_T2W20', 'z_diameter_T2W20', 'z_asp_T2W20']",,,,,,,,2.2213423232383795,2.296754018527032,98.0,2.2590481708827057,0.037705847644326204,0.18905245649822508,1.9844674545084815,completed,False,COMPLETE
293,1.823126235264636,2026-06-11 11:22:51.049229,2026-06-11 11:22:51.339157,0 days 00:00:00.289928,,,,,,,,,,,minkowski,17.0,distance,,KNeighborsRegressor,,,,,,12,7.0,2.0,12.0,50.0,,,ExtraTrees,,,,,,,,,,,,,,,,,,,,,,,,,,,,,,,,,,,,,,,,,,,,,,KNeighborsRegressor,"{'mode': 'proxy', 'type': 'ExtraTrees'}",12,"['edges_T2W20', 're_T2W20', 'pe_T2W20', 'l2_T2W20', 'lcc_T2W20', 'lsc_T2W20', 'atd_T2W20', 'z_re_T2W20', 'z_pe_T2W20', 'z_l2_T2W20', 'z_l3_T2W20', 'z_asp_T2W20']",,,,,,,,,,,,,,,pruned,True,PRUNED
294,1.730429292929293,2026-06-11 11:22:51.349638,2026-06-11 11:22:53.635120,0 days 00:00:02.285482,,,,,,,,,,,,,,5.077544043542985,QuantileRegressor,,,,,,8,,,,,,,,False,0.0,0.0,98.0,0.0,0.0,0.0,1.9844674545084815,1.703831273589163,1.757027312269423,98.0,1.730429292929293,0.026598019340130143,0.13335917923583812,1.9844674545084815,0.2513313776234922,0.2700227172154511,98.0,0.2606770474194717,0.009345669795979426,0.04685803245208411,1.9844674545084815,5.741143215500266,6.036634562277513,98.0,5.888888888888889,0.1477456733886233,0.7407785326716213,1.9844674545084815,1.0918333330018555,1.2212979801294577,98.0,1.1565656565656566,0.06473232356380107,0.32455986402989717,1.9844674545084815,99.0,0.98989898989899,-0.019303137227380068,-0.013876117497859181,98.0,-0.016589627362619624,0.0027135098647604436,0.013605202845567682,1.9844674545084815,QuantileRegressor,"{'mode': 'original', 'type': 'QuantileRegressor'}",8,"['z_pe_T2W20', 'z_l1_T2W20', 'z_l2_T2W20', 'z_l3_T2W20', 'z_lsc_T2W20', 'z_density_T2W20', 'z_diameter_T2W20', 'z_asp_T2W20']",,,,,,,,2.2213423232383795,2.296754018527032,98.0,2.2590481708827057,0.037705847644326204,0.18905245649822508,1.9844674545084815,completed,False,COMPLETE
295,1.7785861000883039,2026-06-11 11:22:53.647609,2026-06-11 11:22:53.850936,0 days 00:00:00.203327,,,,,,,,,,,,,,0.0006064016726751112,QuantileRegressor,,,,,,10,,,,,,,,False,,,,,,,,,,,,,,,,,,,,,,,,,,,,,,,,,,,,,,,,,,,,,QuantileRegressor,"{'mode': 'original', 'type': 'QuantileRegressor'}",10,"['edges_T2W20', 'l1_T2W20', 'l2_T2W20', 'diameter_T2W20', 'asp_T2W20', 'z_re_T2W20', 'z_l1_T2W20', 'z_lsc_T2W20', 'z_density_T2W20', 'z_diameter_T2W20']",,,,,,,,,,,,,,,pruned,False,PRUNED
296,1.730429292929293,2026-06-11 11:22:53.860609,2026-06-11 11:22:56.018317,0 days 00:00:02.157708,,,,,,,,,,,,,,0.24993487269277856,QuantileRegressor,,,,,,6,,,,,,,,False,0.0,0.0,98.0,0.0,0.0,0.0,1.9844674545084815,1.703831273589163,1.757027312269423,98.0,1.730429292929293,0.026598019340130143,0.13335917923583812,1.9844674545084815,0.2513313776234922,0.2700227172154511,98.0,0.2606770474194717,0.009345669795979426,0.04685803245208411,1.9844674545084815,5.741143215500266,6.036634562277513,98.0,5.888888888888889,0.1477456733886233,0.7407785326716213,1.9844674545084815,1.0918333330018555,1.2212979801294577,98.0,1.1565656565656566,0.06473232356380107,0.32455986402989717,1.9844674545084815,99.0,0.98989898989899,-0.019303137227380068,-0.013876117497859181,98.0,-0.016589627362619624,0.0027135098647604436,0.013605202845567682,1.9844674545084815,QuantileRegressor,"{'mode': 'original', 'type': 'QuantileRegressor'}",6,"['z_l2_T2W20', 'z_l3_T2W20', 'z_lsc_T2W20', 'z_density_T2W20', 'z_diameter_T2W20', 'z_asp_T2W20']",,,,,,,,2.2213423232383795,2.296754018527032,98.0,2.2590481708827057,0.037705847644326204,0.18905245649822508,1.9844674545084815,completed,False,COMPLETE
297,1.730429292929293,2026-06-11 11:22:56.031141,2026-06-11 11:22:58.276792,0 days 00:00:02.245651,,,,,,,,,,,,,,0.739710580440065,QuantileRegressor,,,,,,7,,,,,,,,False,0.0,0.0,98.0,0.0,0.0,0.0,1.9844674545084815,1.703831273589163,1.757027312269423,98.0,1.730429292929293,0.026598019340130143,0.13335917923583812,1.9844674545084815,0.2513313776234922,0.2700227172154511,98.0,0.2606770474194717,0.009345669795979426,0.04685803245208411,1.9844674545084815,5.741143215500266,6.036634562277513,98.0,5.888888888888889,0.1477456733886233,0.7407785326716213,1.9844674545084815,1.0918333330018555,1.2212979801294577,98.0,1.1565656565656566,0.06473232356380107,0.32455986402989717,1.9844674545084815,99.0,0.98989898989899,-0.019303137227380068,-0.013876117497859181,98.0,-0.016589627362619624,0.0027135098647604436,0.013605202845567682,1.9844674545084815,QuantileRegressor,"{'mode': 'original', 'type': 'QuantileRegressor'}",7,"['z_l1_T2W20', 'z_l2_T2W20', 'z_l3_T2W20', 'z_lsc_T2W20', 'z_density_T2W20', 'z_diameter_T2W20', 'z_asp_T2W20']",,,,,,,,2.2213423232383795,2.296754018527032,98.0,2.2590481708827057,0.037705847644326204,0.18905245649822508,1.9844674545084815,completed,False,COMPLETE
298,1.730429292929293,2026-06-11 11:22:58.289955,2026-06-11 11:23:00.567125,0 days 00:00:02.277170,,,,,,,,,,,,,,1.3447018965397586,QuantileRegressor,,,,,,11,,,,,,,,False,0.0,0.0,98.0,0.0,0.0,0.0,1.9844674545084815,1.703831273589163,1.757027312269423,98.0,1.730429292929293,0.026598019340130143,0.13335917923583812,1.9844674545084815,0.2513313776234922,0.2700227172154511,98.0,0.2606770474194717,0.009345669795979426,0.04685803245208411,1.9844674545084815,5.741143215500266,6.036634562277513,98.0,5.888888888888889,0.1477456733886233,0.7407785326716213,1.9844674545084815,1.0918333330018555,1.2212979801294577,98.0,1.1565656565656566,0.06473232356380107,0.32455986402989717,1.9844674545084815,99.0,0.98989898989899,-0.019303137227380068,-0.013876117497859181,98.0,-0.016589627362619624,0.0027135098647604436,0.013605202845567682,1.9844674545084815,QuantileRegressor,"{'mode': 'original', 'type': 'QuantileRegressor'}",11,"['diameter_T2W20', 'asp_T2W20', 'z_re_T2W20', 'z_pe_T2W20', 'z_l1_T2W20', 'z_l2_T2W20', 'z_l3_T2W20', 'z_lsc_T2W20', 'z_density_T2W20', 'z_diameter_T2W20', 'z_asp_T2W20']",,,,,,,,2.2213423232383795,2.296754018527032,98.0,2.2590481708827057,0.037705847644326204,0.18905245649822508,1.9844674545084815,completed,False,COMPLETE
299,1.7738630023796425,2026-06-11 11:23:00.579442,2026-06-11 11:23:00.723472,0 days 00:00:00.144030,,,,0.0010316074014581266,0.5784109213328703,,,,,,,,,,ElasticNet,,,,,,8,,,,,,,,False,,,,,,,,,,,,,,,,,,,,,,,,,,,,,,,,,,,,,,,,,,,,,ElasticNet,"{'mode': 'original', 'type': 'ElasticNet'}",8,"['edges_T2W20', 'l1_T2W20', 'l2_T2W20', 'diameter_T2W20', 'asp_T2W20', 'z_pe_T2W20', 'z_density_T2W20', 'z_diameter_T2W20']",,,,,,,,,,,,,,,pruned,False,PRUNED
