number,value,datetime_start,datetime_complete,duration,params_dt_max_depth,params_dt_min_samples_leaf,params_dt_min_samples_split,params_elastic_alpha,params_elastic_l1_ratio,params_et_max_depth,params_et_max_features,params_et_min_samples_leaf,params_et_min_samples_split,params_et_n_estimators,params_knn_metric,params_knn_n_neighbors,params_knn_weights,params_quantile_alpha,params_regressor,params_rf_max_depth,params_rf_max_features,params_rf_min_samples_leaf,params_rf_min_samples_split,params_rf_n_estimators,params_rfe_n_features,params_rfe_proxy_et_max_depth,params_rfe_proxy_et_min_samples_leaf,params_rfe_proxy_et_min_samples_split,params_rfe_proxy_et_n_estimators,params_rfe_proxy_lsvr_C,params_rfe_proxy_lsvr_epsilon,params_rfe_proxy_type,params_use_scaler,user_attrs_d2mae_ci_lower_val,user_attrs_d2mae_ci_upper_val,user_attrs_d2mae_df_val,user_attrs_d2mae_mean_val,user_attrs_d2mae_samperror_val,user_attrs_d2mae_std_val,user_attrs_d2mae_t_critical_val,user_attrs_mae_ci_lower_val,user_attrs_mae_ci_upper_val,user_attrs_mae_df_val,user_attrs_mae_mean_val,user_attrs_mae_samperror_val,user_attrs_mae_std_val,user_attrs_mae_t_critical_val,user_attrs_mape_ci_lower_val,user_attrs_mape_ci_upper_val,user_attrs_mape_df_val,user_attrs_mape_mean_val,user_attrs_mape_samperror_val,user_attrs_mape_std_val,user_attrs_mape_t_critical_val,user_attrs_max_error_ci_lower_val,user_attrs_max_error_ci_upper_val,user_attrs_max_error_df_val,user_attrs_max_error_mean_val,user_attrs_max_error_samperror_val,user_attrs_max_error_std_val,user_attrs_max_error_t_critical_val,user_attrs_median_ae_ci_lower_val,user_attrs_median_ae_ci_upper_val,user_attrs_median_ae_df_val,user_attrs_median_ae_mean_val,user_attrs_median_ae_samperror_val,user_attrs_median_ae_std_val,user_attrs_median_ae_t_critical_val,user_attrs_n_splits_val,user_attrs_r2_below_zero_val,user_attrs_r2_ci_lower_val,user_attrs_r2_ci_upper_val,user_attrs_r2_df_val,user_attrs_r2_mean_val,user_attrs_r2_samperror_val,user_attrs_r2_std_val,user_attrs_r2_t_critical_val,user_attrs_regressor_final,user_attrs_rfe_estimator,user_attrs_rfe_n_features,user_attrs_rfe_selected_features,user_attrs_rho_ci_lower_val,user_attrs_rho_ci_upper_val,user_attrs_rho_df_val,user_attrs_rho_mean_val,user_attrs_rho_samperror_val,user_attrs_rho_std_val,user_attrs_rho_t_critical_val,user_attrs_rmse_ci_lower_val,user_attrs_rmse_ci_upper_val,user_attrs_rmse_df_val,user_attrs_rmse_mean_val,user_attrs_rmse_samperror_val,user_attrs_rmse_std_val,user_attrs_rmse_t_critical_val,user_attrs_termination_reason,user_attrs_use_scaler_final,state
236,1.730429292929293,2026-06-11 11:20:52.595917,2026-06-11 11:20:54.873542,0 days 00:00:02.277625,,,,,,,,,,,,,,5.1953435724936154,QuantileRegressor,,,,,,6,,,,,,,,False,0.0,0.0,98.0,0.0,0.0,0.0,1.9844674545084815,1.703831273589163,1.757027312269423,98.0,1.730429292929293,0.026598019340130143,0.13335917923583812,1.9844674545084815,0.2513313776234922,0.2700227172154511,98.0,0.2606770474194717,0.009345669795979426,0.04685803245208411,1.9844674545084815,5.741143215500266,6.036634562277513,98.0,5.888888888888889,0.1477456733886233,0.7407785326716213,1.9844674545084815,1.0918333330018555,1.2212979801294577,98.0,1.1565656565656566,0.06473232356380107,0.32455986402989717,1.9844674545084815,99.0,0.98989898989899,-0.019303137227380068,-0.013876117497859181,98.0,-0.016589627362619624,0.0027135098647604436,0.013605202845567682,1.9844674545084815,QuantileRegressor,"{'mode': 'original', 'type': 'QuantileRegressor'}",6,"['z_l2_T2W20', 'z_l3_T2W20', 'z_lsc_T2W20', 'z_density_T2W20', 'z_diameter_T2W20', 'z_asp_T2W20']",,,,,,,,2.2213423232383795,2.296754018527032,98.0,2.2590481708827057,0.037705847644326204,0.18905245649822508,1.9844674545084815,completed,False,COMPLETE
237,1.8611535620556712,2026-06-11 11:20:54.886482,2026-06-11 11:20:55.045182,0 days 00:00:00.158700,,,,0.0011470622114320918,0.7460865228934012,,,,,,,,,,ElasticNet,,,,,,17,,,,,,,,False,,,,,,,,,,,,,,,,,,,,,,,,,,,,,,,,,,,,,,,,,,,,,ElasticNet,"{'mode': 'original', 'type': 'ElasticNet'}",17,"['nodes_T2W20', 'edges_T2W20', 're_T2W20', 'l1_T2W20', 'l2_T2W20', 'l3_T2W20', 'lsc_T2W20', 'diameter_T2W20', 'asp_T2W20', 'z_re_T2W20', 'z_pe_T2W20', 'z_l2_T2W20', 'z_l3_T2W20', 'z_lsc_T2W20', 'z_density_T2W20', 'z_diameter_T2W20', 'z_asp_T2W20']",,,,,,,,,,,,,,,pruned,False,PRUNED
238,1.730429292929293,2026-06-11 11:20:55.055458,2026-06-11 11:20:57.242585,0 days 00:00:02.187127,,,,,,,,,,,,,,7.108434466469806,QuantileRegressor,,,,,,7,,,,,,,,True,0.0,0.0,98.0,0.0,0.0,0.0,1.9844674545084815,1.703831273589163,1.757027312269423,98.0,1.730429292929293,0.026598019340130143,0.13335917923583812,1.9844674545084815,0.2513313776234922,0.2700227172154511,98.0,0.2606770474194717,0.009345669795979426,0.04685803245208411,1.9844674545084815,5.741143215500266,6.036634562277513,98.0,5.888888888888889,0.1477456733886233,0.7407785326716213,1.9844674545084815,1.0918333330018555,1.2212979801294577,98.0,1.1565656565656566,0.06473232356380107,0.32455986402989717,1.9844674545084815,99.0,0.98989898989899,-0.019303137227380068,-0.013876117497859181,98.0,-0.016589627362619624,0.0027135098647604436,0.013605202845567682,1.9844674545084815,QuantileRegressor,"{'mode': 'original', 'type': 'QuantileRegressor'}",7,"['z_l1_T2W20', 'z_l2_T2W20', 'z_l3_T2W20', 'z_lsc_T2W20', 'z_density_T2W20', 'z_diameter_T2W20', 'z_asp_T2W20']",,,,,,,,2.2213423232383795,2.296754018527032,98.0,2.2590481708827057,0.037705847644326204,0.18905245649822508,1.9844674545084815,completed,True,COMPLETE
239,1.730429292929293,2026-06-11 11:20:57.255562,2026-06-11 11:20:59.622869,0 days 00:00:02.367307,,,,,,,,,,,,,,1.2193383230374217,QuantileRegressor,,,,,,11,,,,,,,,False,0.0,0.0,98.0,0.0,0.0,0.0,1.9844674545084815,1.703831273589163,1.757027312269423,98.0,1.730429292929293,0.026598019340130143,0.13335917923583812,1.9844674545084815,0.2513313776234922,0.2700227172154511,98.0,0.2606770474194717,0.009345669795979426,0.04685803245208411,1.9844674545084815,5.741143215500266,6.036634562277513,98.0,5.888888888888889,0.1477456733886233,0.7407785326716213,1.9844674545084815,1.0918333330018555,1.2212979801294577,98.0,1.1565656565656566,0.06473232356380107,0.32455986402989717,1.9844674545084815,99.0,0.98989898989899,-0.019303137227380068,-0.013876117497859181,98.0,-0.016589627362619624,0.0027135098647604436,0.013605202845567682,1.9844674545084815,QuantileRegressor,"{'mode': 'original', 'type': 'QuantileRegressor'}",11,"['diameter_T2W20', 'asp_T2W20', 'z_re_T2W20', 'z_pe_T2W20', 'z_l1_T2W20', 'z_l2_T2W20', 'z_l3_T2W20', 'z_lsc_T2W20', 'z_density_T2W20', 'z_diameter_T2W20', 'z_asp_T2W20']",,,,,,,,2.2213423232383795,2.296754018527032,98.0,2.2590481708827057,0.037705847644326204,0.18905245649822508,1.9844674545084815,completed,False,COMPLETE
240,1.730429292929293,2026-06-11 11:20:59.636051,2026-06-11 11:21:01.903040,0 days 00:00:02.266989,,,,,,,,,,,,,,0.38624942038082943,QuantileRegressor,,,,,,9,,,,,,,,False,0.0,0.0,98.0,0.0,0.0,0.0,1.9844674545084815,1.703831273589163,1.757027312269423,98.0,1.730429292929293,0.026598019340130143,0.13335917923583812,1.9844674545084815,0.2513313776234922,0.2700227172154511,98.0,0.2606770474194717,0.009345669795979426,0.04685803245208411,1.9844674545084815,5.741143215500266,6.036634562277513,98.0,5.888888888888889,0.1477456733886233,0.7407785326716213,1.9844674545084815,1.0918333330018555,1.2212979801294577,98.0,1.1565656565656566,0.06473232356380107,0.32455986402989717,1.9844674545084815,99.0,0.98989898989899,-0.019303137227380068,-0.013876117497859181,98.0,-0.016589627362619624,0.0027135098647604436,0.013605202845567682,1.9844674545084815,QuantileRegressor,"{'mode': 'original', 'type': 'QuantileRegressor'}",9,"['z_re_T2W20', 'z_pe_T2W20', 'z_l1_T2W20', 'z_l2_T2W20', 'z_l3_T2W20', 'z_lsc_T2W20', 'z_density_T2W20', 'z_diameter_T2W20', 'z_asp_T2W20']",,,,,,,,2.2213423232383795,2.296754018527032,98.0,2.2590481708827057,0.037705847644326204,0.18905245649822508,1.9844674545084815,completed,False,COMPLETE
241,1.730429292929293,2026-06-11 11:21:01.916355,2026-06-11 11:21:04.311064,0 days 00:00:02.394709,,,,,,,,,,,,,,4.332510358892195,QuantileRegressor,,,,,,6,,,,,,,,False,0.0,0.0,98.0,0.0,0.0,0.0,1.9844674545084815,1.703831273589163,1.757027312269423,98.0,1.730429292929293,0.026598019340130143,0.13335917923583812,1.9844674545084815,0.2513313776234922,0.2700227172154511,98.0,0.2606770474194717,0.009345669795979426,0.04685803245208411,1.9844674545084815,5.741143215500266,6.036634562277513,98.0,5.888888888888889,0.1477456733886233,0.7407785326716213,1.9844674545084815,1.0918333330018555,1.2212979801294577,98.0,1.1565656565656566,0.06473232356380107,0.32455986402989717,1.9844674545084815,99.0,0.98989898989899,-0.019303137227380068,-0.013876117497859181,98.0,-0.016589627362619624,0.0027135098647604436,0.013605202845567682,1.9844674545084815,QuantileRegressor,"{'mode': 'original', 'type': 'QuantileRegressor'}",6,"['z_l2_T2W20', 'z_l3_T2W20', 'z_lsc_T2W20', 'z_density_T2W20', 'z_diameter_T2W20', 'z_asp_T2W20']",,,,,,,,2.2213423232383795,2.296754018527032,98.0,2.2590481708827057,0.037705847644326204,0.18905245649822508,1.9844674545084815,completed,False,COMPLETE
242,1.730429292929293,2026-06-11 11:21:04.324779,2026-06-11 11:21:06.665293,0 days 00:00:02.340514,,,,,,,,,,,,,,8.078599336678877,QuantileRegressor,,,,,,7,,,,,,,,False,0.0,0.0,98.0,0.0,0.0,0.0,1.9844674545084815,1.703831273589163,1.757027312269423,98.0,1.730429292929293,0.026598019340130143,0.13335917923583812,1.9844674545084815,0.2513313776234922,0.2700227172154511,98.0,0.2606770474194717,0.009345669795979426,0.04685803245208411,1.9844674545084815,5.741143215500266,6.036634562277513,98.0,5.888888888888889,0.1477456733886233,0.7407785326716213,1.9844674545084815,1.0918333330018555,1.2212979801294577,98.0,1.1565656565656566,0.06473232356380107,0.32455986402989717,1.9844674545084815,99.0,0.98989898989899,-0.019303137227380068,-0.013876117497859181,98.0,-0.016589627362619624,0.0027135098647604436,0.013605202845567682,1.9844674545084815,QuantileRegressor,"{'mode': 'original', 'type': 'QuantileRegressor'}",7,"['z_l1_T2W20', 'z_l2_T2W20', 'z_l3_T2W20', 'z_lsc_T2W20', 'z_density_T2W20', 'z_diameter_T2W20', 'z_asp_T2W20']",,,,,,,,2.2213423232383795,2.296754018527032,98.0,2.2590481708827057,0.037705847644326204,0.18905245649822508,1.9844674545084815,completed,False,COMPLETE
243,1.730429292929293,2026-06-11 11:21:06.679508,2026-06-11 11:21:08.882890,0 days 00:00:02.203382,,,,,,,,,,,,,,3.124246466674101,QuantileRegressor,,,,,,5,,,,,,,,False,0.0,0.0,98.0,0.0,0.0,0.0,1.9844674545084815,1.703831273589163,1.757027312269423,98.0,1.730429292929293,0.026598019340130143,0.13335917923583812,1.9844674545084815,0.2513313776234922,0.2700227172154511,98.0,0.2606770474194717,0.009345669795979426,0.04685803245208411,1.9844674545084815,5.741143215500266,6.036634562277513,98.0,5.888888888888889,0.1477456733886233,0.7407785326716213,1.9844674545084815,1.0918333330018555,1.2212979801294577,98.0,1.1565656565656566,0.06473232356380107,0.32455986402989717,1.9844674545084815,99.0,0.98989898989899,-0.019303137227380068,-0.013876117497859181,98.0,-0.016589627362619624,0.0027135098647604436,0.013605202845567682,1.9844674545084815,QuantileRegressor,"{'mode': 'original', 'type': 'QuantileRegressor'}",5,"['z_l3_T2W20', 'z_lsc_T2W20', 'z_density_T2W20', 'z_diameter_T2W20', 'z_asp_T2W20']",,,,,,,,2.2213423232383795,2.296754018527032,98.0,2.2590481708827057,0.037705847644326204,0.18905245649822508,1.9844674545084815,completed,False,COMPLETE
244,1.730429292929293,2026-06-11 11:21:08.895658,2026-06-11 11:21:11.139183,0 days 00:00:02.243525,,,,,,,,,,,,,,9.9225689194301,QuantileRegressor,,,,,,6,,,,,,,,False,0.0,0.0,98.0,0.0,0.0,0.0,1.9844674545084815,1.703831273589163,1.757027312269423,98.0,1.730429292929293,0.026598019340130143,0.13335917923583812,1.9844674545084815,0.2513313776234922,0.2700227172154511,98.0,0.2606770474194717,0.009345669795979426,0.04685803245208411,1.9844674545084815,5.741143215500266,6.036634562277513,98.0,5.888888888888889,0.1477456733886233,0.7407785326716213,1.9844674545084815,1.0918333330018555,1.2212979801294577,98.0,1.1565656565656566,0.06473232356380107,0.32455986402989717,1.9844674545084815,99.0,0.98989898989899,-0.019303137227380068,-0.013876117497859181,98.0,-0.016589627362619624,0.0027135098647604436,0.013605202845567682,1.9844674545084815,QuantileRegressor,"{'mode': 'original', 'type': 'QuantileRegressor'}",6,"['z_l2_T2W20', 'z_l3_T2W20', 'z_lsc_T2W20', 'z_density_T2W20', 'z_diameter_T2W20', 'z_asp_T2W20']",,,,,,,,2.2213423232383795,2.296754018527032,98.0,2.2590481708827057,0.037705847644326204,0.18905245649822508,1.9844674545084815,completed,False,COMPLETE
245,1.8250227874896467,2026-06-11 11:21:11.151650,2026-06-11 11:21:11.295549,0 days 00:00:00.143899,,,,,,,,,,,,,,,LinearRegression,,,,,,8,,,,,,,,False,,,,,,,,,,,,,,,,,,,,,,,,,,,,,,,,,,,,,,,,,,,,,LinearRegression,"{'mode': 'original', 'type': 'LinearRegression'}",8,"['l1_T2W20', 'l2_T2W20', 'atd_T2W20', 'density_T2W20', 'diameter_T2W20', 'asp_T2W20', 'z_diameter_T2W20', 'z_asp_T2W20']",,,,,,,,,,,,,,,pruned,False,PRUNED
246,1.730429292929293,2026-06-11 11:21:11.305725,2026-06-11 11:21:13.669387,0 days 00:00:02.363662,,,,,,,,,,,,,,0.11528321060420477,QuantileRegressor,,,,,,11,,,,,,,,False,0.0,0.0,98.0,0.0,0.0,0.0,1.9844674545084815,1.703831273589163,1.757027312269423,98.0,1.730429292929293,0.026598019340130143,0.13335917923583812,1.9844674545084815,0.2513313776234922,0.2700227172154511,98.0,0.2606770474194717,0.009345669795979426,0.04685803245208411,1.9844674545084815,5.741143215500266,6.036634562277513,98.0,5.888888888888889,0.1477456733886233,0.7407785326716213,1.9844674545084815,1.0918333330018555,1.2212979801294577,98.0,1.1565656565656566,0.06473232356380107,0.32455986402989717,1.9844674545084815,99.0,0.98989898989899,-0.019303137227380068,-0.013876117497859181,98.0,-0.016589627362619624,0.0027135098647604436,0.013605202845567682,1.9844674545084815,QuantileRegressor,"{'mode': 'original', 'type': 'QuantileRegressor'}",11,"['diameter_T2W20', 'asp_T2W20', 'z_re_T2W20', 'z_pe_T2W20', 'z_l1_T2W20', 'z_l2_T2W20', 'z_l3_T2W20', 'z_lsc_T2W20', 'z_density_T2W20', 'z_diameter_T2W20', 'z_asp_T2W20']",,,,,,,,2.2213423232383795,2.296754018527032,98.0,2.2590481708827057,0.037705847644326204,0.18905245649822508,1.9844674545084815,completed,False,COMPLETE
247,1.730429292929293,2026-06-11 11:21:13.682235,2026-06-11 11:21:15.885439,0 days 00:00:02.203204,,,,,,,,,,,,,,0.22625889797409013,QuantileRegressor,,,,,,14,,,,,,,,False,0.0,0.0,98.0,0.0,0.0,0.0,1.9844674545084815,1.703831273589163,1.757027312269423,98.0,1.730429292929293,0.026598019340130143,0.13335917923583812,1.9844674545084815,0.2513313776234922,0.2700227172154511,98.0,0.2606770474194717,0.009345669795979426,0.04685803245208411,1.9844674545084815,5.741143215500266,6.036634562277513,98.0,5.888888888888889,0.1477456733886233,0.7407785326716213,1.9844674545084815,1.0918333330018555,1.2212979801294577,98.0,1.1565656565656566,0.06473232356380107,0.32455986402989717,1.9844674545084815,99.0,0.98989898989899,-0.019303137227380068,-0.013876117497859181,98.0,-0.016589627362619624,0.0027135098647604436,0.013605202845567682,1.9844674545084815,QuantileRegressor,"{'mode': 'original', 'type': 'QuantileRegressor'}",14,"['lsc_T2W20', 'atd_T2W20', 'density_T2W20', 'diameter_T2W20', 'asp_T2W20', 'z_re_T2W20', 'z_pe_T2W20', 'z_l1_T2W20', 'z_l2_T2W20', 'z_l3_T2W20', 'z_lsc_T2W20', 'z_density_T2W20', 'z_diameter_T2W20', 'z_asp_T2W20']",,,,,,,,2.2213423232383795,2.296754018527032,98.0,2.2590481708827057,0.037705847644326204,0.18905245649822508,1.9844674545084815,completed,False,COMPLETE
248,1.730429292929293,2026-06-11 11:21:15.897906,2026-06-11 11:21:18.211200,0 days 00:00:02.313294,,,,,,,,,,,,,,6.853715118770213,QuantileRegressor,,,,,,12,,,,,,,,False,0.0,0.0,98.0,0.0,0.0,0.0,1.9844674545084815,1.703831273589163,1.757027312269423,98.0,1.730429292929293,0.026598019340130143,0.13335917923583812,1.9844674545084815,0.2513313776234922,0.2700227172154511,98.0,0.2606770474194717,0.009345669795979426,0.04685803245208411,1.9844674545084815,5.741143215500266,6.036634562277513,98.0,5.888888888888889,0.1477456733886233,0.7407785326716213,1.9844674545084815,1.0918333330018555,1.2212979801294577,98.0,1.1565656565656566,0.06473232356380107,0.32455986402989717,1.9844674545084815,99.0,0.98989898989899,-0.019303137227380068,-0.013876117497859181,98.0,-0.016589627362619624,0.0027135098647604436,0.013605202845567682,1.9844674545084815,QuantileRegressor,"{'mode': 'original', 'type': 'QuantileRegressor'}",12,"['density_T2W20', 'diameter_T2W20', 'asp_T2W20', 'z_re_T2W20', 'z_pe_T2W20', 'z_l1_T2W20', 'z_l2_T2W20', 'z_l3_T2W20', 'z_lsc_T2W20', 'z_density_T2W20', 'z_diameter_T2W20', 'z_asp_T2W20']",,,,,,,,2.2213423232383795,2.296754018527032,98.0,2.2590481708827057,0.037705847644326204,0.18905245649822508,1.9844674545084815,completed,False,COMPLETE
249,1.7999446663242658,2026-06-11 11:21:18.224268,2026-06-11 11:21:19.884393,0 days 00:00:01.660125,,,,,,,,,,,,,,,RandomForestRegressor,12.0,sqrt,4.0,4.0,153.0,6,,,,,,,,False,,,,,,,,,,,,,,,,,,,,,,,,,,,,,,,,,,,,,,,,,,,,,RandomForestRegressor,"{'mode': 'original', 'type': 'RandomForestRegressor'}",6,"['re_T2W20', 'lcc_T2W20', 'lsc_T2W20', 'atd_T2W20', 'diameter_T2W20', 'z_pe_T2W20']",,,,,,,,,,,,,,,pruned,False,PRUNED
250,1.7376425013898928,2026-06-11 11:21:19.893973,2026-06-11 11:21:20.147785,0 days 00:00:00.253812,,,,,,,,,,,,,,0.052298642543258354,QuantileRegressor,,,,,,15,,,,,,,,True,,,,,,,,,,,,,,,,,,,,,,,,,,,,,,,,,,,,,,,,,,,,,QuantileRegressor,"{'mode': 'original', 'type': 'QuantileRegressor'}",15,"['lcc_T2W20', 'lsc_T2W20', 'atd_T2W20', 'density_T2W20', 'diameter_T2W20', 'asp_T2W20', 'z_re_T2W20', 'z_pe_T2W20', 'z_l1_T2W20', 'z_l2_T2W20', 'z_l3_T2W20', 'z_lsc_T2W20', 'z_density_T2W20', 'z_diameter_T2W20', 'z_asp_T2W20']",,,,,,,,,,,,,,,pruned,True,PRUNED
251,1.730429292929293,2026-06-11 11:21:20.159261,2026-06-11 11:21:22.455727,0 days 00:00:02.296466,,,,,,,,,,,,,,0.4393370492161113,QuantileRegressor,,,,,,11,,,,,,,,False,0.0,0.0,98.0,0.0,0.0,0.0,1.9844674545084815,1.703831273589163,1.757027312269423,98.0,1.730429292929293,0.026598019340130143,0.13335917923583812,1.9844674545084815,0.2513313776234922,0.2700227172154511,98.0,0.2606770474194717,0.009345669795979426,0.04685803245208411,1.9844674545084815,5.741143215500266,6.036634562277513,98.0,5.888888888888889,0.1477456733886233,0.7407785326716213,1.9844674545084815,1.0918333330018555,1.2212979801294577,98.0,1.1565656565656566,0.06473232356380107,0.32455986402989717,1.9844674545084815,99.0,0.98989898989899,-0.019303137227380068,-0.013876117497859181,98.0,-0.016589627362619624,0.0027135098647604436,0.013605202845567682,1.9844674545084815,QuantileRegressor,"{'mode': 'original', 'type': 'QuantileRegressor'}",11,"['diameter_T2W20', 'asp_T2W20', 'z_re_T2W20', 'z_pe_T2W20', 'z_l1_T2W20', 'z_l2_T2W20', 'z_l3_T2W20', 'z_lsc_T2W20', 'z_density_T2W20', 'z_diameter_T2W20', 'z_asp_T2W20']",,,,,,,,2.2213423232383795,2.296754018527032,98.0,2.2590481708827057,0.037705847644326204,0.18905245649822508,1.9844674545084815,completed,False,COMPLETE
252,1.730429292929293,2026-06-11 11:21:22.468861,2026-06-11 11:21:24.835060,0 days 00:00:02.366199,,,,,,,,,,,,,,0.07126301904837072,QuantileRegressor,,,,,,10,,,,,,,,False,0.0,0.0,98.0,0.0,0.0,0.0,1.9844674545084815,1.703831273589163,1.757027312269423,98.0,1.730429292929293,0.026598019340130143,0.13335917923583812,1.9844674545084815,0.2513313776234922,0.2700227172154511,98.0,0.2606770474194717,0.009345669795979426,0.04685803245208411,1.9844674545084815,5.741143215500266,6.036634562277513,98.0,5.888888888888889,0.1477456733886233,0.7407785326716213,1.9844674545084815,1.0918333330018555,1.2212979801294577,98.0,1.1565656565656566,0.06473232356380107,0.32455986402989717,1.9844674545084815,99.0,0.98989898989899,-0.019303137227380068,-0.013876117497859181,98.0,-0.016589627362619624,0.0027135098647604436,0.013605202845567682,1.9844674545084815,QuantileRegressor,"{'mode': 'original', 'type': 'QuantileRegressor'}",10,"['asp_T2W20', 'z_re_T2W20', 'z_pe_T2W20', 'z_l1_T2W20', 'z_l2_T2W20', 'z_l3_T2W20', 'z_lsc_T2W20', 'z_density_T2W20', 'z_diameter_T2W20', 'z_asp_T2W20']",,,,,,,,2.2213423232383795,2.296754018527032,98.0,2.2590481708827057,0.037705847644326204,0.18905245649822508,1.9844674545084815,completed,False,COMPLETE
253,1.730429292929293,2026-06-11 11:21:24.878535,2026-06-11 11:21:27.111380,0 days 00:00:02.232845,,,,,,,,,,,,,,5.704179861440715,QuantileRegressor,,,,,,8,,,,,,,,False,0.0,0.0,98.0,0.0,0.0,0.0,1.9844674545084815,1.703831273589163,1.757027312269423,98.0,1.730429292929293,0.026598019340130143,0.13335917923583812,1.9844674545084815,0.2513313776234922,0.2700227172154511,98.0,0.2606770474194717,0.009345669795979426,0.04685803245208411,1.9844674545084815,5.741143215500266,6.036634562277513,98.0,5.888888888888889,0.1477456733886233,0.7407785326716213,1.9844674545084815,1.0918333330018555,1.2212979801294577,98.0,1.1565656565656566,0.06473232356380107,0.32455986402989717,1.9844674545084815,99.0,0.98989898989899,-0.019303137227380068,-0.013876117497859181,98.0,-0.016589627362619624,0.0027135098647604436,0.013605202845567682,1.9844674545084815,QuantileRegressor,"{'mode': 'original', 'type': 'QuantileRegressor'}",8,"['z_pe_T2W20', 'z_l1_T2W20', 'z_l2_T2W20', 'z_l3_T2W20', 'z_lsc_T2W20', 'z_density_T2W20', 'z_diameter_T2W20', 'z_asp_T2W20']",,,,,,,,2.2213423232383795,2.296754018527032,98.0,2.2590481708827057,0.037705847644326204,0.18905245649822508,1.9844674545084815,completed,False,COMPLETE
