number,value,datetime_start,datetime_complete,duration,params_dt_max_depth,params_dt_min_samples_leaf,params_dt_min_samples_split,params_elastic_alpha,params_elastic_l1_ratio,params_et_max_depth,params_et_max_features,params_et_min_samples_leaf,params_et_min_samples_split,params_et_n_estimators,params_knn_metric,params_knn_n_neighbors,params_knn_weights,params_quantile_alpha,params_regressor,params_rf_max_depth,params_rf_max_features,params_rf_min_samples_leaf,params_rf_min_samples_split,params_rf_n_estimators,params_rfe_n_features,params_rfe_proxy_et_max_depth,params_rfe_proxy_et_min_samples_leaf,params_rfe_proxy_et_min_samples_split,params_rfe_proxy_et_n_estimators,params_rfe_proxy_lsvr_C,params_rfe_proxy_lsvr_epsilon,params_rfe_proxy_type,params_use_scaler,user_attrs_d2mae_ci_lower_val,user_attrs_d2mae_ci_upper_val,user_attrs_d2mae_df_val,user_attrs_d2mae_mean_val,user_attrs_d2mae_samperror_val,user_attrs_d2mae_std_val,user_attrs_d2mae_t_critical_val,user_attrs_mae_ci_lower_val,user_attrs_mae_ci_upper_val,user_attrs_mae_df_val,user_attrs_mae_mean_val,user_attrs_mae_samperror_val,user_attrs_mae_std_val,user_attrs_mae_t_critical_val,user_attrs_mape_ci_lower_val,user_attrs_mape_ci_upper_val,user_attrs_mape_df_val,user_attrs_mape_mean_val,user_attrs_mape_samperror_val,user_attrs_mape_std_val,user_attrs_mape_t_critical_val,user_attrs_max_error_ci_lower_val,user_attrs_max_error_ci_upper_val,user_attrs_max_error_df_val,user_attrs_max_error_mean_val,user_attrs_max_error_samperror_val,user_attrs_max_error_std_val,user_attrs_max_error_t_critical_val,user_attrs_median_ae_ci_lower_val,user_attrs_median_ae_ci_upper_val,user_attrs_median_ae_df_val,user_attrs_median_ae_mean_val,user_attrs_median_ae_samperror_val,user_attrs_median_ae_std_val,user_attrs_median_ae_t_critical_val,user_attrs_n_splits_val,user_attrs_r2_below_zero_val,user_attrs_r2_ci_lower_val,user_attrs_r2_ci_upper_val,user_attrs_r2_df_val,user_attrs_r2_mean_val,user_attrs_r2_samperror_val,user_attrs_r2_std_val,user_attrs_r2_t_critical_val,user_attrs_regressor_final,user_attrs_rfe_estimator,user_attrs_rfe_n_features,user_attrs_rfe_selected_features,user_attrs_rho_ci_lower_val,user_attrs_rho_ci_upper_val,user_attrs_rho_df_val,user_attrs_rho_mean_val,user_attrs_rho_samperror_val,user_attrs_rho_std_val,user_attrs_rho_t_critical_val,user_attrs_rmse_ci_lower_val,user_attrs_rmse_ci_upper_val,user_attrs_rmse_df_val,user_attrs_rmse_mean_val,user_attrs_rmse_samperror_val,user_attrs_rmse_std_val,user_attrs_rmse_t_critical_val,user_attrs_termination_reason,user_attrs_use_scaler_final,state
131,1.730429292929293,2026-06-11 11:17:24.632324,2026-06-11 11:17:26.824108,0 days 00:00:02.191784,,,,,,,,,,,,,,3.1974077542497974,QuantileRegressor,,,,,,9,,,,,,,,False,0.0,0.0,98.0,0.0,0.0,0.0,1.9844674545084815,1.703831273589163,1.757027312269423,98.0,1.730429292929293,0.026598019340130143,0.13335917923583812,1.9844674545084815,0.2513313776234922,0.2700227172154511,98.0,0.2606770474194717,0.009345669795979426,0.04685803245208411,1.9844674545084815,5.741143215500266,6.036634562277513,98.0,5.888888888888889,0.1477456733886233,0.7407785326716213,1.9844674545084815,1.0918333330018555,1.2212979801294577,98.0,1.1565656565656566,0.06473232356380107,0.32455986402989717,1.9844674545084815,99.0,0.98989898989899,-0.019303137227380068,-0.013876117497859181,98.0,-0.016589627362619624,0.0027135098647604436,0.013605202845567682,1.9844674545084815,QuantileRegressor,"{'mode': 'original', 'type': 'QuantileRegressor'}",9,"['z_re_T2W20', 'z_pe_T2W20', 'z_l1_T2W20', 'z_l2_T2W20', 'z_l3_T2W20', 'z_lsc_T2W20', 'z_density_T2W20', 'z_diameter_T2W20', 'z_asp_T2W20']",,,,,,,,2.2213423232383795,2.296754018527032,98.0,2.2590481708827057,0.037705847644326204,0.18905245649822508,1.9844674545084815,completed,False,COMPLETE
132,1.730429292929293,2026-06-11 11:17:26.836401,2026-06-11 11:17:29.035414,0 days 00:00:02.199013,,,,,,,,,,,,,,6.497558998781836,QuantileRegressor,,,,,,8,,,,,,,,False,0.0,0.0,98.0,0.0,0.0,0.0,1.9844674545084815,1.703831273589163,1.757027312269423,98.0,1.730429292929293,0.026598019340130143,0.13335917923583812,1.9844674545084815,0.2513313776234922,0.2700227172154511,98.0,0.2606770474194717,0.009345669795979426,0.04685803245208411,1.9844674545084815,5.741143215500266,6.036634562277513,98.0,5.888888888888889,0.1477456733886233,0.7407785326716213,1.9844674545084815,1.0918333330018555,1.2212979801294577,98.0,1.1565656565656566,0.06473232356380107,0.32455986402989717,1.9844674545084815,99.0,0.98989898989899,-0.019303137227380068,-0.013876117497859181,98.0,-0.016589627362619624,0.0027135098647604436,0.013605202845567682,1.9844674545084815,QuantileRegressor,"{'mode': 'original', 'type': 'QuantileRegressor'}",8,"['z_pe_T2W20', 'z_l1_T2W20', 'z_l2_T2W20', 'z_l3_T2W20', 'z_lsc_T2W20', 'z_density_T2W20', 'z_diameter_T2W20', 'z_asp_T2W20']",,,,,,,,2.2213423232383795,2.296754018527032,98.0,2.2590481708827057,0.037705847644326204,0.18905245649822508,1.9844674545084815,completed,False,COMPLETE
133,1.7743269599037974,2026-06-11 11:17:29.047932,2026-06-11 11:17:29.190347,0 days 00:00:00.142415,,,,0.1259680067534269,0.2203237923661382,,,,,,,,,,ElasticNet,,,,,,10,,,,,,,,False,,,,,,,,,,,,,,,,,,,,,,,,,,,,,,,,,,,,,,,,,,,,,ElasticNet,"{'mode': 'original', 'type': 'ElasticNet'}",10,"['edges_T2W20', 'pe_T2W20', 'lcc_T2W20', 'lsc_T2W20', 'z_re_T2W20', 'z_pe_T2W20', 'z_l3_T2W20', 'z_density_T2W20', 'z_diameter_T2W20', 'z_asp_T2W20']",,,,,,,,,,,,,,,pruned,False,PRUNED
134,1.730429292929293,2026-06-11 11:17:29.199750,2026-06-11 11:17:31.464303,0 days 00:00:02.264553,,,,,,,,,,,,,,3.819442028441396,QuantileRegressor,,,,,,9,,,,,,,,False,0.0,0.0,98.0,0.0,0.0,0.0,1.9844674545084815,1.703831273589163,1.757027312269423,98.0,1.730429292929293,0.026598019340130143,0.13335917923583812,1.9844674545084815,0.2513313776234922,0.2700227172154511,98.0,0.2606770474194717,0.009345669795979426,0.04685803245208411,1.9844674545084815,5.741143215500266,6.036634562277513,98.0,5.888888888888889,0.1477456733886233,0.7407785326716213,1.9844674545084815,1.0918333330018555,1.2212979801294577,98.0,1.1565656565656566,0.06473232356380107,0.32455986402989717,1.9844674545084815,99.0,0.98989898989899,-0.019303137227380068,-0.013876117497859181,98.0,-0.016589627362619624,0.0027135098647604436,0.013605202845567682,1.9844674545084815,QuantileRegressor,"{'mode': 'original', 'type': 'QuantileRegressor'}",9,"['z_re_T2W20', 'z_pe_T2W20', 'z_l1_T2W20', 'z_l2_T2W20', 'z_l3_T2W20', 'z_lsc_T2W20', 'z_density_T2W20', 'z_diameter_T2W20', 'z_asp_T2W20']",,,,,,,,2.2213423232383795,2.296754018527032,98.0,2.2590481708827057,0.037705847644326204,0.18905245649822508,1.9844674545084815,completed,False,COMPLETE
135,1.730429292929293,2026-06-11 11:17:31.476690,2026-06-11 11:17:33.696451,0 days 00:00:02.219761,,,,,,,,,,,,,,1.9813214779648405,QuantileRegressor,,,,,,8,,,,,,,,False,0.0,0.0,98.0,0.0,0.0,0.0,1.9844674545084815,1.703831273589163,1.757027312269423,98.0,1.730429292929293,0.026598019340130143,0.13335917923583812,1.9844674545084815,0.2513313776234922,0.2700227172154511,98.0,0.2606770474194717,0.009345669795979426,0.04685803245208411,1.9844674545084815,5.741143215500266,6.036634562277513,98.0,5.888888888888889,0.1477456733886233,0.7407785326716213,1.9844674545084815,1.0918333330018555,1.2212979801294577,98.0,1.1565656565656566,0.06473232356380107,0.32455986402989717,1.9844674545084815,99.0,0.98989898989899,-0.019303137227380068,-0.013876117497859181,98.0,-0.016589627362619624,0.0027135098647604436,0.013605202845567682,1.9844674545084815,QuantileRegressor,"{'mode': 'original', 'type': 'QuantileRegressor'}",8,"['z_pe_T2W20', 'z_l1_T2W20', 'z_l2_T2W20', 'z_l3_T2W20', 'z_lsc_T2W20', 'z_density_T2W20', 'z_diameter_T2W20', 'z_asp_T2W20']",,,,,,,,2.2213423232383795,2.296754018527032,98.0,2.2590481708827057,0.037705847644326204,0.18905245649822508,1.9844674545084815,completed,False,COMPLETE
136,1.730429292929293,2026-06-11 11:17:33.710325,2026-06-11 11:17:35.962435,0 days 00:00:02.252110,,,,,,,,,,,,,,7.29157023760785,QuantileRegressor,,,,,,12,,,,,,,,False,0.0,0.0,98.0,0.0,0.0,0.0,1.9844674545084815,1.703831273589163,1.757027312269423,98.0,1.730429292929293,0.026598019340130143,0.13335917923583812,1.9844674545084815,0.2513313776234922,0.2700227172154511,98.0,0.2606770474194717,0.009345669795979426,0.04685803245208411,1.9844674545084815,5.741143215500266,6.036634562277513,98.0,5.888888888888889,0.1477456733886233,0.7407785326716213,1.9844674545084815,1.0918333330018555,1.2212979801294577,98.0,1.1565656565656566,0.06473232356380107,0.32455986402989717,1.9844674545084815,99.0,0.98989898989899,-0.019303137227380068,-0.013876117497859181,98.0,-0.016589627362619624,0.0027135098647604436,0.013605202845567682,1.9844674545084815,QuantileRegressor,"{'mode': 'original', 'type': 'QuantileRegressor'}",12,"['density_T2W20', 'diameter_T2W20', 'asp_T2W20', 'z_re_T2W20', 'z_pe_T2W20', 'z_l1_T2W20', 'z_l2_T2W20', 'z_l3_T2W20', 'z_lsc_T2W20', 'z_density_T2W20', 'z_diameter_T2W20', 'z_asp_T2W20']",,,,,,,,2.2213423232383795,2.296754018527032,98.0,2.2590481708827057,0.037705847644326204,0.18905245649822508,1.9844674545084815,completed,False,COMPLETE
137,1.7883135542592856,2026-06-11 11:17:35.976114,2026-06-11 11:17:36.085444,0 days 00:00:00.109330,,,,,,,,,,,,,,,LinearRegression,,,,,,14,,,,,,,,False,,,,,,,,,,,,,,,,,,,,,,,,,,,,,,,,,,,,,,,,,,,,,LinearRegression,"{'mode': 'original', 'type': 'LinearRegression'}",14,"['nodes_T2W20', 'pe_T2W20', 'l1_T2W20', 'l2_T2W20', 'atd_T2W20', 'density_T2W20', 'diameter_T2W20', 'asp_T2W20', 'z_pe_T2W20', 'z_l1_T2W20', 'z_l2_T2W20', 'z_density_T2W20', 'z_diameter_T2W20', 'z_asp_T2W20']",,,,,,,,,,,,,,,pruned,False,PRUNED
138,1.8259306483898663,2026-06-11 11:17:36.123174,2026-06-11 11:17:39.761768,0 days 00:00:03.638594,,,,,,,,,,,,,,,RandomForestRegressor,15.0,sqrt,2.0,5.0,384.0,7,,,,,,,,False,,,,,,,,,,,,,,,,,,,,,,,,,,,,,,,,,,,,,,,,,,,,,RandomForestRegressor,"{'mode': 'original', 'type': 'RandomForestRegressor'}",7,"['re_T2W20', 'lcc_T2W20', 'lsc_T2W20', 'atd_T2W20', 'z_pe_T2W20', 'z_l2_T2W20', 'z_l3_T2W20']",,,,,,,,,,,,,,,pruned,False,PRUNED
139,1.730429292929293,2026-06-11 11:17:39.771565,2026-06-11 11:17:42.003612,0 days 00:00:02.232047,,,,,,,,,,,,,,0.3604093817407204,QuantileRegressor,,,,,,12,,,,,,,,False,0.0,0.0,98.0,0.0,0.0,0.0,1.9844674545084815,1.703831273589163,1.757027312269423,98.0,1.730429292929293,0.026598019340130143,0.13335917923583812,1.9844674545084815,0.2513313776234922,0.2700227172154511,98.0,0.2606770474194717,0.009345669795979426,0.04685803245208411,1.9844674545084815,5.741143215500266,6.036634562277513,98.0,5.888888888888889,0.1477456733886233,0.7407785326716213,1.9844674545084815,1.0918333330018555,1.2212979801294577,98.0,1.1565656565656566,0.06473232356380107,0.32455986402989717,1.9844674545084815,99.0,0.98989898989899,-0.019303137227380068,-0.013876117497859181,98.0,-0.016589627362619624,0.0027135098647604436,0.013605202845567682,1.9844674545084815,QuantileRegressor,"{'mode': 'original', 'type': 'QuantileRegressor'}",12,"['density_T2W20', 'diameter_T2W20', 'asp_T2W20', 'z_re_T2W20', 'z_pe_T2W20', 'z_l1_T2W20', 'z_l2_T2W20', 'z_l3_T2W20', 'z_lsc_T2W20', 'z_density_T2W20', 'z_diameter_T2W20', 'z_asp_T2W20']",,,,,,,,2.2213423232383795,2.296754018527032,98.0,2.2590481708827057,0.037705847644326204,0.18905245649822508,1.9844674545084815,completed,False,COMPLETE
140,1.730429292929293,2026-06-11 11:17:42.090476,2026-06-11 11:17:44.349823,0 days 00:00:02.259347,,,,,,,,,,,,,,4.841246819862025,QuantileRegressor,,,,,,10,,,,,,,,False,0.0,0.0,98.0,0.0,0.0,0.0,1.9844674545084815,1.703831273589163,1.757027312269423,98.0,1.730429292929293,0.026598019340130143,0.13335917923583812,1.9844674545084815,0.2513313776234922,0.2700227172154511,98.0,0.2606770474194717,0.009345669795979426,0.04685803245208411,1.9844674545084815,5.741143215500266,6.036634562277513,98.0,5.888888888888889,0.1477456733886233,0.7407785326716213,1.9844674545084815,1.0918333330018555,1.2212979801294577,98.0,1.1565656565656566,0.06473232356380107,0.32455986402989717,1.9844674545084815,99.0,0.98989898989899,-0.019303137227380068,-0.013876117497859181,98.0,-0.016589627362619624,0.0027135098647604436,0.013605202845567682,1.9844674545084815,QuantileRegressor,"{'mode': 'original', 'type': 'QuantileRegressor'}",10,"['asp_T2W20', 'z_re_T2W20', 'z_pe_T2W20', 'z_l1_T2W20', 'z_l2_T2W20', 'z_l3_T2W20', 'z_lsc_T2W20', 'z_density_T2W20', 'z_diameter_T2W20', 'z_asp_T2W20']",,,,,,,,2.2213423232383795,2.296754018527032,98.0,2.2590481708827057,0.037705847644326204,0.18905245649822508,1.9844674545084815,completed,False,COMPLETE
141,1.730429292929293,2026-06-11 11:17:44.362067,2026-06-11 11:17:46.555184,0 days 00:00:02.193117,,,,,,,,,,,,,,9.874344284833892,QuantileRegressor,,,,,,11,,,,,,,,False,0.0,0.0,98.0,0.0,0.0,0.0,1.9844674545084815,1.703831273589163,1.757027312269423,98.0,1.730429292929293,0.026598019340130143,0.13335917923583812,1.9844674545084815,0.2513313776234922,0.2700227172154511,98.0,0.2606770474194717,0.009345669795979426,0.04685803245208411,1.9844674545084815,5.741143215500266,6.036634562277513,98.0,5.888888888888889,0.1477456733886233,0.7407785326716213,1.9844674545084815,1.0918333330018555,1.2212979801294577,98.0,1.1565656565656566,0.06473232356380107,0.32455986402989717,1.9844674545084815,99.0,0.98989898989899,-0.019303137227380068,-0.013876117497859181,98.0,-0.016589627362619624,0.0027135098647604436,0.013605202845567682,1.9844674545084815,QuantileRegressor,"{'mode': 'original', 'type': 'QuantileRegressor'}",11,"['diameter_T2W20', 'asp_T2W20', 'z_re_T2W20', 'z_pe_T2W20', 'z_l1_T2W20', 'z_l2_T2W20', 'z_l3_T2W20', 'z_lsc_T2W20', 'z_density_T2W20', 'z_diameter_T2W20', 'z_asp_T2W20']",,,,,,,,2.2213423232383795,2.296754018527032,98.0,2.2590481708827057,0.037705847644326204,0.18905245649822508,1.9844674545084815,completed,False,COMPLETE
142,1.730429292929293,2026-06-11 11:17:46.567635,2026-06-11 11:17:48.851488,0 days 00:00:02.283853,,,,,,,,,,,,,,2.7838827923761724,QuantileRegressor,,,,,,13,,,,,,,,False,0.0,0.0,98.0,0.0,0.0,0.0,1.9844674545084815,1.703831273589163,1.757027312269423,98.0,1.730429292929293,0.026598019340130143,0.13335917923583812,1.9844674545084815,0.2513313776234922,0.2700227172154511,98.0,0.2606770474194717,0.009345669795979426,0.04685803245208411,1.9844674545084815,5.741143215500266,6.036634562277513,98.0,5.888888888888889,0.1477456733886233,0.7407785326716213,1.9844674545084815,1.0918333330018555,1.2212979801294577,98.0,1.1565656565656566,0.06473232356380107,0.32455986402989717,1.9844674545084815,99.0,0.98989898989899,-0.019303137227380068,-0.013876117497859181,98.0,-0.016589627362619624,0.0027135098647604436,0.013605202845567682,1.9844674545084815,QuantileRegressor,"{'mode': 'original', 'type': 'QuantileRegressor'}",13,"['atd_T2W20', 'density_T2W20', 'diameter_T2W20', 'asp_T2W20', 'z_re_T2W20', 'z_pe_T2W20', 'z_l1_T2W20', 'z_l2_T2W20', 'z_l3_T2W20', 'z_lsc_T2W20', 'z_density_T2W20', 'z_diameter_T2W20', 'z_asp_T2W20']",,,,,,,,2.2213423232383795,2.296754018527032,98.0,2.2590481708827057,0.037705847644326204,0.18905245649822508,1.9844674545084815,completed,False,COMPLETE
143,1.730429292929293,2026-06-11 11:17:48.864444,2026-06-11 11:17:51.078714,0 days 00:00:02.214270,,,,,,,,,,,,,,0.20774711748543048,QuantileRegressor,,,,,,10,,,,,,,,False,0.0,0.0,98.0,0.0,0.0,0.0,1.9844674545084815,1.703831273589163,1.757027312269423,98.0,1.730429292929293,0.026598019340130143,0.13335917923583812,1.9844674545084815,0.2513313776234922,0.2700227172154511,98.0,0.2606770474194717,0.009345669795979426,0.04685803245208411,1.9844674545084815,5.741143215500266,6.036634562277513,98.0,5.888888888888889,0.1477456733886233,0.7407785326716213,1.9844674545084815,1.0918333330018555,1.2212979801294577,98.0,1.1565656565656566,0.06473232356380107,0.32455986402989717,1.9844674545084815,99.0,0.98989898989899,-0.019303137227380068,-0.013876117497859181,98.0,-0.016589627362619624,0.0027135098647604436,0.013605202845567682,1.9844674545084815,QuantileRegressor,"{'mode': 'original', 'type': 'QuantileRegressor'}",10,"['asp_T2W20', 'z_re_T2W20', 'z_pe_T2W20', 'z_l1_T2W20', 'z_l2_T2W20', 'z_l3_T2W20', 'z_lsc_T2W20', 'z_density_T2W20', 'z_diameter_T2W20', 'z_asp_T2W20']",,,,,,,,2.2213423232383795,2.296754018527032,98.0,2.2590481708827057,0.037705847644326204,0.18905245649822508,1.9844674545084815,completed,False,COMPLETE
144,1.730429292929293,2026-06-11 11:17:51.092011,2026-06-11 11:17:53.429557,0 days 00:00:02.337546,,,,,,,,,,,,,,5.562957374701979,QuantileRegressor,,,,,,12,,,,,,,,False,0.0,0.0,98.0,0.0,0.0,0.0,1.9844674545084815,1.703831273589163,1.757027312269423,98.0,1.730429292929293,0.026598019340130143,0.13335917923583812,1.9844674545084815,0.2513313776234922,0.2700227172154511,98.0,0.2606770474194717,0.009345669795979426,0.04685803245208411,1.9844674545084815,5.741143215500266,6.036634562277513,98.0,5.888888888888889,0.1477456733886233,0.7407785326716213,1.9844674545084815,1.0918333330018555,1.2212979801294577,98.0,1.1565656565656566,0.06473232356380107,0.32455986402989717,1.9844674545084815,99.0,0.98989898989899,-0.019303137227380068,-0.013876117497859181,98.0,-0.016589627362619624,0.0027135098647604436,0.013605202845567682,1.9844674545084815,QuantileRegressor,"{'mode': 'original', 'type': 'QuantileRegressor'}",12,"['density_T2W20', 'diameter_T2W20', 'asp_T2W20', 'z_re_T2W20', 'z_pe_T2W20', 'z_l1_T2W20', 'z_l2_T2W20', 'z_l3_T2W20', 'z_lsc_T2W20', 'z_density_T2W20', 'z_diameter_T2W20', 'z_asp_T2W20']",,,,,,,,2.2213423232383795,2.296754018527032,98.0,2.2590481708827057,0.037705847644326204,0.18905245649822508,1.9844674545084815,completed,False,COMPLETE
145,1.730429292929293,2026-06-11 11:17:53.442484,2026-06-11 11:17:55.596804,0 days 00:00:02.154320,,,,,,,,,,,,,,0.5403009601028613,QuantileRegressor,,,,,,7,,,,,,,,False,0.0,0.0,98.0,0.0,0.0,0.0,1.9844674545084815,1.703831273589163,1.757027312269423,98.0,1.730429292929293,0.026598019340130143,0.13335917923583812,1.9844674545084815,0.2513313776234922,0.2700227172154511,98.0,0.2606770474194717,0.009345669795979426,0.04685803245208411,1.9844674545084815,5.741143215500266,6.036634562277513,98.0,5.888888888888889,0.1477456733886233,0.7407785326716213,1.9844674545084815,1.0918333330018555,1.2212979801294577,98.0,1.1565656565656566,0.06473232356380107,0.32455986402989717,1.9844674545084815,99.0,0.98989898989899,-0.019303137227380068,-0.013876117497859181,98.0,-0.016589627362619624,0.0027135098647604436,0.013605202845567682,1.9844674545084815,QuantileRegressor,"{'mode': 'original', 'type': 'QuantileRegressor'}",7,"['z_l1_T2W20', 'z_l2_T2W20', 'z_l3_T2W20', 'z_lsc_T2W20', 'z_density_T2W20', 'z_diameter_T2W20', 'z_asp_T2W20']",,,,,,,,2.2213423232383795,2.296754018527032,98.0,2.2590481708827057,0.037705847644326204,0.18905245649822508,1.9844674545084815,completed,False,COMPLETE
146,1.730429292929293,2026-06-11 11:17:55.628493,2026-06-11 11:17:57.940173,0 days 00:00:02.311680,,,,,,,,,,,,,,3.8265219711385714,QuantileRegressor,,,,,,14,,,,,,,,False,0.0,0.0,98.0,0.0,0.0,0.0,1.9844674545084815,1.703831273589163,1.757027312269423,98.0,1.730429292929293,0.026598019340130143,0.13335917923583812,1.9844674545084815,0.2513313776234922,0.2700227172154511,98.0,0.2606770474194717,0.009345669795979426,0.04685803245208411,1.9844674545084815,5.741143215500266,6.036634562277513,98.0,5.888888888888889,0.1477456733886233,0.7407785326716213,1.9844674545084815,1.0918333330018555,1.2212979801294577,98.0,1.1565656565656566,0.06473232356380107,0.32455986402989717,1.9844674545084815,99.0,0.98989898989899,-0.019303137227380068,-0.013876117497859181,98.0,-0.016589627362619624,0.0027135098647604436,0.013605202845567682,1.9844674545084815,QuantileRegressor,"{'mode': 'original', 'type': 'QuantileRegressor'}",14,"['lsc_T2W20', 'atd_T2W20', 'density_T2W20', 'diameter_T2W20', 'asp_T2W20', 'z_re_T2W20', 'z_pe_T2W20', 'z_l1_T2W20', 'z_l2_T2W20', 'z_l3_T2W20', 'z_lsc_T2W20', 'z_density_T2W20', 'z_diameter_T2W20', 'z_asp_T2W20']",,,,,,,,2.2213423232383795,2.296754018527032,98.0,2.2590481708827057,0.037705847644326204,0.18905245649822508,1.9844674545084815,completed,False,COMPLETE
147,1.7815892534374265,2026-06-11 11:17:57.953852,2026-06-11 11:17:58.158251,0 days 00:00:00.204399,,,,,,,,,,,,,,0.003955073235457366,QuantileRegressor,,,,,,12,,,,,,,,True,,,,,,,,,,,,,,,,,,,,,,,,,,,,,,,,,,,,,,,,,,,,,QuantileRegressor,"{'mode': 'original', 'type': 'QuantileRegressor'}",12,"['nodes_T2W20', 'edges_T2W20', 're_T2W20', 'l1_T2W20', 'l2_T2W20', 'asp_T2W20', 'z_re_T2W20', 'z_pe_T2W20', 'z_l2_T2W20', 'z_lsc_T2W20', 'z_density_T2W20', 'z_asp_T2W20']",,,,,,,,,,,,,,,pruned,True,PRUNED
148,2.133023828023828,2026-06-11 11:17:58.168943,2026-06-11 11:17:58.342501,0 days 00:00:00.173558,16.0,4.0,15.0,,,,,,,,,,,,DecisionTreeRegressor,,,,,,11,,,,,,,,False,,,,,,,,,,,,,,,,,,,,,,,,,,,,,,,,,,,,,,,,,,,,,DecisionTreeRegressor,"{'mode': 'original', 'type': 'DecisionTreeRegressor'}",11,"['edges_T2W20', 're_T2W20', 'pe_T2W20', 'l1_T2W20', 'diameter_T2W20', 'asp_T2W20', 'z_re_T2W20', 'z_l1_T2W20', 'z_l2_T2W20', 'z_l3_T2W20', 'z_asp_T2W20']",,,,,,,,,,,,,,,pruned,False,PRUNED
149,1.758922687063835,2026-06-11 11:17:58.352285,2026-06-11 11:17:58.813020,0 days 00:00:00.460735,,,,,,7.0,log2,3.0,10.0,53.0,,,,,ExtraTreesRegressor,,,,,,9,,,,,,,,False,,,,,,,,,,,,,,,,,,,,,,,,,,,,,,,,,,,,,,,,,,,,,ExtraTreesRegressor,"{'mode': 'original', 'type': 'ExtraTreesRegressor'}",9,"['edges_T2W20', 'pe_T2W20', 'l1_T2W20', 'lcc_T2W20', 'lsc_T2W20', 'z_re_T2W20', 'z_l3_T2W20', 'z_lsc_T2W20', 'z_diameter_T2W20']",,,,,,,,,,,,,,,pruned,False,PRUNED
