number,value,datetime_start,datetime_complete,duration,params_dt_max_depth,params_dt_min_samples_leaf,params_dt_min_samples_split,params_elastic_alpha,params_elastic_l1_ratio,params_et_max_depth,params_et_max_features,params_et_min_samples_leaf,params_et_min_samples_split,params_et_n_estimators,params_knn_metric,params_knn_n_neighbors,params_knn_weights,params_quantile_alpha,params_regressor,params_rf_max_depth,params_rf_max_features,params_rf_min_samples_leaf,params_rf_min_samples_split,params_rf_n_estimators,params_rfe_n_features,params_rfe_proxy_et_max_depth,params_rfe_proxy_et_min_samples_leaf,params_rfe_proxy_et_min_samples_split,params_rfe_proxy_et_n_estimators,params_rfe_proxy_lsvr_C,params_rfe_proxy_lsvr_epsilon,params_rfe_proxy_type,params_use_scaler,user_attrs_d2mae_ci_lower_val,user_attrs_d2mae_ci_upper_val,user_attrs_d2mae_df_val,user_attrs_d2mae_mean_val,user_attrs_d2mae_samperror_val,user_attrs_d2mae_std_val,user_attrs_d2mae_t_critical_val,user_attrs_mae_ci_lower_val,user_attrs_mae_ci_upper_val,user_attrs_mae_df_val,user_attrs_mae_mean_val,user_attrs_mae_samperror_val,user_attrs_mae_std_val,user_attrs_mae_t_critical_val,user_attrs_mape_ci_lower_val,user_attrs_mape_ci_upper_val,user_attrs_mape_df_val,user_attrs_mape_mean_val,user_attrs_mape_samperror_val,user_attrs_mape_std_val,user_attrs_mape_t_critical_val,user_attrs_max_error_ci_lower_val,user_attrs_max_error_ci_upper_val,user_attrs_max_error_df_val,user_attrs_max_error_mean_val,user_attrs_max_error_samperror_val,user_attrs_max_error_std_val,user_attrs_max_error_t_critical_val,user_attrs_median_ae_ci_lower_val,user_attrs_median_ae_ci_upper_val,user_attrs_median_ae_df_val,user_attrs_median_ae_mean_val,user_attrs_median_ae_samperror_val,user_attrs_median_ae_std_val,user_attrs_median_ae_t_critical_val,user_attrs_n_splits_val,user_attrs_r2_below_zero_val,user_attrs_r2_ci_lower_val,user_attrs_r2_ci_upper_val,user_attrs_r2_df_val,user_attrs_r2_mean_val,user_attrs_r2_samperror_val,user_attrs_r2_std_val,user_attrs_r2_t_critical_val,user_attrs_regressor_final,user_attrs_rfe_estimator,user_attrs_rfe_n_features,user_attrs_rfe_selected_features,user_attrs_rho_ci_lower_val,user_attrs_rho_ci_upper_val,user_attrs_rho_df_val,user_attrs_rho_mean_val,user_attrs_rho_samperror_val,user_attrs_rho_std_val,user_attrs_rho_t_critical_val,user_attrs_rmse_ci_lower_val,user_attrs_rmse_ci_upper_val,user_attrs_rmse_df_val,user_attrs_rmse_mean_val,user_attrs_rmse_samperror_val,user_attrs_rmse_std_val,user_attrs_rmse_t_critical_val,user_attrs_termination_reason,user_attrs_use_scaler_final,state
114,1.730429292929293,2026-06-11 11:16:49.988069,2026-06-11 11:16:52.344049,0 days 00:00:02.355980,,,,,,,,,,,,,,1.407482760592586,QuantileRegressor,,,,,,15,,,,,,,,False,0.0,0.0,98.0,0.0,0.0,0.0,1.9844674545084815,1.703831273589163,1.757027312269423,98.0,1.730429292929293,0.026598019340130143,0.13335917923583812,1.9844674545084815,0.2513313776234922,0.2700227172154511,98.0,0.2606770474194717,0.009345669795979426,0.04685803245208411,1.9844674545084815,5.741143215500266,6.036634562277513,98.0,5.888888888888889,0.1477456733886233,0.7407785326716213,1.9844674545084815,1.0918333330018555,1.2212979801294577,98.0,1.1565656565656566,0.06473232356380107,0.32455986402989717,1.9844674545084815,99.0,0.98989898989899,-0.019303137227380068,-0.013876117497859181,98.0,-0.016589627362619624,0.0027135098647604436,0.013605202845567682,1.9844674545084815,QuantileRegressor,"{'mode': 'original', 'type': 'QuantileRegressor'}",15,"['lcc_T2W20', 'lsc_T2W20', 'atd_T2W20', 'density_T2W20', 'diameter_T2W20', 'asp_T2W20', 'z_re_T2W20', 'z_pe_T2W20', 'z_l1_T2W20', 'z_l2_T2W20', 'z_l3_T2W20', 'z_lsc_T2W20', 'z_density_T2W20', 'z_diameter_T2W20', 'z_asp_T2W20']",,,,,,,,2.2213423232383795,2.296754018527032,98.0,2.2590481708827057,0.037705847644326204,0.18905245649822508,1.9844674545084815,completed,False,COMPLETE
115,1.730429292929293,2026-06-11 11:16:52.425758,2026-06-11 11:16:54.847940,0 days 00:00:02.422182,,,,,,,,,,,,,,7.585297478472263,QuantileRegressor,,,,,,12,,,,,,,,False,0.0,0.0,98.0,0.0,0.0,0.0,1.9844674545084815,1.703831273589163,1.757027312269423,98.0,1.730429292929293,0.026598019340130143,0.13335917923583812,1.9844674545084815,0.2513313776234922,0.2700227172154511,98.0,0.2606770474194717,0.009345669795979426,0.04685803245208411,1.9844674545084815,5.741143215500266,6.036634562277513,98.0,5.888888888888889,0.1477456733886233,0.7407785326716213,1.9844674545084815,1.0918333330018555,1.2212979801294577,98.0,1.1565656565656566,0.06473232356380107,0.32455986402989717,1.9844674545084815,99.0,0.98989898989899,-0.019303137227380068,-0.013876117497859181,98.0,-0.016589627362619624,0.0027135098647604436,0.013605202845567682,1.9844674545084815,QuantileRegressor,"{'mode': 'original', 'type': 'QuantileRegressor'}",12,"['density_T2W20', 'diameter_T2W20', 'asp_T2W20', 'z_re_T2W20', 'z_pe_T2W20', 'z_l1_T2W20', 'z_l2_T2W20', 'z_l3_T2W20', 'z_lsc_T2W20', 'z_density_T2W20', 'z_diameter_T2W20', 'z_asp_T2W20']",,,,,,,,2.2213423232383795,2.296754018527032,98.0,2.2590481708827057,0.037705847644326204,0.18905245649822508,1.9844674545084815,completed,False,COMPLETE
116,1.730429292929293,2026-06-11 11:16:54.861877,2026-06-11 11:16:57.258873,0 days 00:00:02.396996,,,,,,,,,,,,,,5.005504469028128,QuantileRegressor,,,,,,17,,,,,,,,False,0.0,0.0,98.0,0.0,0.0,0.0,1.9844674545084815,1.703831273589163,1.757027312269423,98.0,1.730429292929293,0.026598019340130143,0.13335917923583812,1.9844674545084815,0.2513313776234922,0.2700227172154511,98.0,0.2606770474194717,0.009345669795979426,0.04685803245208411,1.9844674545084815,5.741143215500266,6.036634562277513,98.0,5.888888888888889,0.1477456733886233,0.7407785326716213,1.9844674545084815,1.0918333330018555,1.2212979801294577,98.0,1.1565656565656566,0.06473232356380107,0.32455986402989717,1.9844674545084815,99.0,0.98989898989899,-0.019303137227380068,-0.013876117497859181,98.0,-0.016589627362619624,0.0027135098647604436,0.013605202845567682,1.9844674545084815,QuantileRegressor,"{'mode': 'original', 'type': 'QuantileRegressor'}",17,"['l2_T2W20', 'l3_T2W20', 'lcc_T2W20', 'lsc_T2W20', 'atd_T2W20', 'density_T2W20', 'diameter_T2W20', 'asp_T2W20', 'z_re_T2W20', 'z_pe_T2W20', 'z_l1_T2W20', 'z_l2_T2W20', 'z_l3_T2W20', 'z_lsc_T2W20', 'z_density_T2W20', 'z_diameter_T2W20', 'z_asp_T2W20']",,,,,,,,2.2213423232383795,2.296754018527032,98.0,2.2590481708827057,0.037705847644326204,0.18905245649822508,1.9844674545084815,completed,False,COMPLETE
117,1.730429292929293,2026-06-11 11:16:57.272934,2026-06-11 11:16:59.433009,0 days 00:00:02.160075,,,,,,,,,,,,,,0.83963277141917,QuantileRegressor,,,,,,11,,,,,,,,False,0.0,0.0,98.0,0.0,0.0,0.0,1.9844674545084815,1.703831273589163,1.757027312269423,98.0,1.730429292929293,0.026598019340130143,0.13335917923583812,1.9844674545084815,0.2513313776234922,0.2700227172154511,98.0,0.2606770474194717,0.009345669795979426,0.04685803245208411,1.9844674545084815,5.741143215500266,6.036634562277513,98.0,5.888888888888889,0.1477456733886233,0.7407785326716213,1.9844674545084815,1.0918333330018555,1.2212979801294577,98.0,1.1565656565656566,0.06473232356380107,0.32455986402989717,1.9844674545084815,99.0,0.98989898989899,-0.019303137227380068,-0.013876117497859181,98.0,-0.016589627362619624,0.0027135098647604436,0.013605202845567682,1.9844674545084815,QuantileRegressor,"{'mode': 'original', 'type': 'QuantileRegressor'}",11,"['diameter_T2W20', 'asp_T2W20', 'z_re_T2W20', 'z_pe_T2W20', 'z_l1_T2W20', 'z_l2_T2W20', 'z_l3_T2W20', 'z_lsc_T2W20', 'z_density_T2W20', 'z_diameter_T2W20', 'z_asp_T2W20']",,,,,,,,2.2213423232383795,2.296754018527032,98.0,2.2590481708827057,0.037705847644326204,0.18905245649822508,1.9844674545084815,completed,False,COMPLETE
118,1.730429292929293,2026-06-11 11:16:59.445869,2026-06-11 11:17:01.736978,0 days 00:00:02.291109,,,,,,,,,,,,,,7.312260858357425,QuantileRegressor,,,,,,13,,,,,,,,False,0.0,0.0,98.0,0.0,0.0,0.0,1.9844674545084815,1.703831273589163,1.757027312269423,98.0,1.730429292929293,0.026598019340130143,0.13335917923583812,1.9844674545084815,0.2513313776234922,0.2700227172154511,98.0,0.2606770474194717,0.009345669795979426,0.04685803245208411,1.9844674545084815,5.741143215500266,6.036634562277513,98.0,5.888888888888889,0.1477456733886233,0.7407785326716213,1.9844674545084815,1.0918333330018555,1.2212979801294577,98.0,1.1565656565656566,0.06473232356380107,0.32455986402989717,1.9844674545084815,99.0,0.98989898989899,-0.019303137227380068,-0.013876117497859181,98.0,-0.016589627362619624,0.0027135098647604436,0.013605202845567682,1.9844674545084815,QuantileRegressor,"{'mode': 'original', 'type': 'QuantileRegressor'}",13,"['atd_T2W20', 'density_T2W20', 'diameter_T2W20', 'asp_T2W20', 'z_re_T2W20', 'z_pe_T2W20', 'z_l1_T2W20', 'z_l2_T2W20', 'z_l3_T2W20', 'z_lsc_T2W20', 'z_density_T2W20', 'z_diameter_T2W20', 'z_asp_T2W20']",,,,,,,,2.2213423232383795,2.296754018527032,98.0,2.2590481708827057,0.037705847644326204,0.18905245649822508,1.9844674545084815,completed,False,COMPLETE
119,1.772964309037326,2026-06-11 11:17:01.749382,2026-06-11 11:17:03.038217,0 days 00:00:01.288835,,,,,,15.0,,5.0,5.0,193.0,,,,,ExtraTreesRegressor,,,,,,7,,,,,,,,False,,,,,,,,,,,,,,,,,,,,,,,,,,,,,,,,,,,,,,,,,,,,,ExtraTreesRegressor,"{'mode': 'original', 'type': 'ExtraTreesRegressor'}",7,"['edges_T2W20', 'pe_T2W20', 'l2_T2W20', 'lcc_T2W20', 'z_l2_T2W20', 'z_l3_T2W20', 'z_asp_T2W20']",,,,,,,,,,,,,,,pruned,False,PRUNED
120,1.730429292929293,2026-06-11 11:17:03.047430,2026-06-11 11:17:05.427923,0 days 00:00:02.380493,,,,,,,,,,,,,,0.1455904610309854,QuantileRegressor,,,,,,12,,,,,,,,False,0.0,0.0,98.0,0.0,0.0,0.0,1.9844674545084815,1.703831273589163,1.757027312269423,98.0,1.730429292929293,0.026598019340130143,0.13335917923583812,1.9844674545084815,0.2513313776234922,0.2700227172154511,98.0,0.2606770474194717,0.009345669795979426,0.04685803245208411,1.9844674545084815,5.741143215500266,6.036634562277513,98.0,5.888888888888889,0.1477456733886233,0.7407785326716213,1.9844674545084815,1.0918333330018555,1.2212979801294577,98.0,1.1565656565656566,0.06473232356380107,0.32455986402989717,1.9844674545084815,99.0,0.98989898989899,-0.019303137227380068,-0.013876117497859181,98.0,-0.016589627362619624,0.0027135098647604436,0.013605202845567682,1.9844674545084815,QuantileRegressor,"{'mode': 'original', 'type': 'QuantileRegressor'}",12,"['density_T2W20', 'diameter_T2W20', 'asp_T2W20', 'z_re_T2W20', 'z_pe_T2W20', 'z_l1_T2W20', 'z_l2_T2W20', 'z_l3_T2W20', 'z_lsc_T2W20', 'z_density_T2W20', 'z_diameter_T2W20', 'z_asp_T2W20']",,,,,,,,2.2213423232383795,2.296754018527032,98.0,2.2590481708827057,0.037705847644326204,0.18905245649822508,1.9844674545084815,completed,False,COMPLETE
121,1.730429292929293,2026-06-11 11:17:05.441136,2026-06-11 11:17:07.775055,0 days 00:00:02.333919,,,,,,,,,,,,,,4.468404744925182,QuantileRegressor,,,,,,11,,,,,,,,False,0.0,0.0,98.0,0.0,0.0,0.0,1.9844674545084815,1.703831273589163,1.757027312269423,98.0,1.730429292929293,0.026598019340130143,0.13335917923583812,1.9844674545084815,0.2513313776234922,0.2700227172154511,98.0,0.2606770474194717,0.009345669795979426,0.04685803245208411,1.9844674545084815,5.741143215500266,6.036634562277513,98.0,5.888888888888889,0.1477456733886233,0.7407785326716213,1.9844674545084815,1.0918333330018555,1.2212979801294577,98.0,1.1565656565656566,0.06473232356380107,0.32455986402989717,1.9844674545084815,99.0,0.98989898989899,-0.019303137227380068,-0.013876117497859181,98.0,-0.016589627362619624,0.0027135098647604436,0.013605202845567682,1.9844674545084815,QuantileRegressor,"{'mode': 'original', 'type': 'QuantileRegressor'}",11,"['diameter_T2W20', 'asp_T2W20', 'z_re_T2W20', 'z_pe_T2W20', 'z_l1_T2W20', 'z_l2_T2W20', 'z_l3_T2W20', 'z_lsc_T2W20', 'z_density_T2W20', 'z_diameter_T2W20', 'z_asp_T2W20']",,,,,,,,2.2213423232383795,2.296754018527032,98.0,2.2590481708827057,0.037705847644326204,0.18905245649822508,1.9844674545084815,completed,False,COMPLETE
122,1.730429292929293,2026-06-11 11:17:07.788432,2026-06-11 11:17:10.074837,0 days 00:00:02.286405,,,,,,,,,,,,,,7.591942586900507,QuantileRegressor,,,,,,10,,,,,,,,False,0.0,0.0,98.0,0.0,0.0,0.0,1.9844674545084815,1.703831273589163,1.757027312269423,98.0,1.730429292929293,0.026598019340130143,0.13335917923583812,1.9844674545084815,0.2513313776234922,0.2700227172154511,98.0,0.2606770474194717,0.009345669795979426,0.04685803245208411,1.9844674545084815,5.741143215500266,6.036634562277513,98.0,5.888888888888889,0.1477456733886233,0.7407785326716213,1.9844674545084815,1.0918333330018555,1.2212979801294577,98.0,1.1565656565656566,0.06473232356380107,0.32455986402989717,1.9844674545084815,99.0,0.98989898989899,-0.019303137227380068,-0.013876117497859181,98.0,-0.016589627362619624,0.0027135098647604436,0.013605202845567682,1.9844674545084815,QuantileRegressor,"{'mode': 'original', 'type': 'QuantileRegressor'}",10,"['asp_T2W20', 'z_re_T2W20', 'z_pe_T2W20', 'z_l1_T2W20', 'z_l2_T2W20', 'z_l3_T2W20', 'z_lsc_T2W20', 'z_density_T2W20', 'z_diameter_T2W20', 'z_asp_T2W20']",,,,,,,,2.2213423232383795,2.296754018527032,98.0,2.2590481708827057,0.037705847644326204,0.18905245649822508,1.9844674545084815,completed,False,COMPLETE
123,1.730429292929293,2026-06-11 11:17:10.087526,2026-06-11 11:17:12.352343,0 days 00:00:02.264817,,,,,,,,,,,,,,9.720916256167888,QuantileRegressor,,,,,,12,,,,,,,,False,0.0,0.0,98.0,0.0,0.0,0.0,1.9844674545084815,1.703831273589163,1.757027312269423,98.0,1.730429292929293,0.026598019340130143,0.13335917923583812,1.9844674545084815,0.2513313776234922,0.2700227172154511,98.0,0.2606770474194717,0.009345669795979426,0.04685803245208411,1.9844674545084815,5.741143215500266,6.036634562277513,98.0,5.888888888888889,0.1477456733886233,0.7407785326716213,1.9844674545084815,1.0918333330018555,1.2212979801294577,98.0,1.1565656565656566,0.06473232356380107,0.32455986402989717,1.9844674545084815,99.0,0.98989898989899,-0.019303137227380068,-0.013876117497859181,98.0,-0.016589627362619624,0.0027135098647604436,0.013605202845567682,1.9844674545084815,QuantileRegressor,"{'mode': 'original', 'type': 'QuantileRegressor'}",12,"['density_T2W20', 'diameter_T2W20', 'asp_T2W20', 'z_re_T2W20', 'z_pe_T2W20', 'z_l1_T2W20', 'z_l2_T2W20', 'z_l3_T2W20', 'z_lsc_T2W20', 'z_density_T2W20', 'z_diameter_T2W20', 'z_asp_T2W20']",,,,,,,,2.2213423232383795,2.296754018527032,98.0,2.2590481708827057,0.037705847644326204,0.18905245649822508,1.9844674545084815,completed,False,COMPLETE
124,1.730429292929293,2026-06-11 11:17:12.364730,2026-06-11 11:17:14.840907,0 days 00:00:02.476177,,,,,,,,,,,,,,2.5972090534519667,QuantileRegressor,,,,,,15,,,,,,,,False,0.0,0.0,98.0,0.0,0.0,0.0,1.9844674545084815,1.703831273589163,1.757027312269423,98.0,1.730429292929293,0.026598019340130143,0.13335917923583812,1.9844674545084815,0.2513313776234922,0.2700227172154511,98.0,0.2606770474194717,0.009345669795979426,0.04685803245208411,1.9844674545084815,5.741143215500266,6.036634562277513,98.0,5.888888888888889,0.1477456733886233,0.7407785326716213,1.9844674545084815,1.0918333330018555,1.2212979801294577,98.0,1.1565656565656566,0.06473232356380107,0.32455986402989717,1.9844674545084815,99.0,0.98989898989899,-0.019303137227380068,-0.013876117497859181,98.0,-0.016589627362619624,0.0027135098647604436,0.013605202845567682,1.9844674545084815,QuantileRegressor,"{'mode': 'original', 'type': 'QuantileRegressor'}",15,"['lcc_T2W20', 'lsc_T2W20', 'atd_T2W20', 'density_T2W20', 'diameter_T2W20', 'asp_T2W20', 'z_re_T2W20', 'z_pe_T2W20', 'z_l1_T2W20', 'z_l2_T2W20', 'z_l3_T2W20', 'z_lsc_T2W20', 'z_density_T2W20', 'z_diameter_T2W20', 'z_asp_T2W20']",,,,,,,,2.2213423232383795,2.296754018527032,98.0,2.2590481708827057,0.037705847644326204,0.18905245649822508,1.9844674545084815,completed,False,COMPLETE
125,2.395131956429364,2026-06-11 11:17:14.854973,2026-06-11 11:17:14.980359,0 days 00:00:00.125386,7.0,2.0,2.0,,,,,,,,,,,,DecisionTreeRegressor,,,,,,11,,,,,,,,False,,,,,,,,,,,,,,,,,,,,,,,,,,,,,,,,,,,,,,,,,,,,,DecisionTreeRegressor,"{'mode': 'original', 'type': 'DecisionTreeRegressor'}",11,"['nodes_T2W20', 'edges_T2W20', 're_T2W20', 'pe_T2W20', 'lsc_T2W20', 'diameter_T2W20', 'asp_T2W20', 'z_re_T2W20', 'z_l2_T2W20', 'z_diameter_T2W20', 'z_asp_T2W20']",,,,,,,,,,,,,,,pruned,False,PRUNED
126,1.8394444444444447,2026-06-11 11:17:14.990205,2026-06-11 11:17:15.163187,0 days 00:00:00.172982,,,,,,,,,,,minkowski,15.0,uniform,,KNeighborsRegressor,,,,,,6,,,,,9.941138102772776,0.1770704538008152,LinearSVR,,,,,,,,,,,,,,,,,,,,,,,,,,,,,,,,,,,,,,,,,,,,,,KNeighborsRegressor,"{'mode': 'proxy', 'type': 'LinearSVR'}",6,"['l2_T2W20', 'atd_T2W20', 'density_T2W20', 'diameter_T2W20', 'asp_T2W20', 'z_l2_T2W20']",,,,,,,,,,,,,,,pruned,True,PRUNED
127,1.730429292929293,2026-06-11 11:17:15.172702,2026-06-11 11:17:17.517461,0 days 00:00:02.344759,,,,,,,,,,,,,,5.228518085277656,QuantileRegressor,,,,,,8,,,,,,,,False,0.0,0.0,98.0,0.0,0.0,0.0,1.9844674545084815,1.703831273589163,1.757027312269423,98.0,1.730429292929293,0.026598019340130143,0.13335917923583812,1.9844674545084815,0.2513313776234922,0.2700227172154511,98.0,0.2606770474194717,0.009345669795979426,0.04685803245208411,1.9844674545084815,5.741143215500266,6.036634562277513,98.0,5.888888888888889,0.1477456733886233,0.7407785326716213,1.9844674545084815,1.0918333330018555,1.2212979801294577,98.0,1.1565656565656566,0.06473232356380107,0.32455986402989717,1.9844674545084815,99.0,0.98989898989899,-0.019303137227380068,-0.013876117497859181,98.0,-0.016589627362619624,0.0027135098647604436,0.013605202845567682,1.9844674545084815,QuantileRegressor,"{'mode': 'original', 'type': 'QuantileRegressor'}",8,"['z_pe_T2W20', 'z_l1_T2W20', 'z_l2_T2W20', 'z_l3_T2W20', 'z_lsc_T2W20', 'z_density_T2W20', 'z_diameter_T2W20', 'z_asp_T2W20']",,,,,,,,2.2213423232383795,2.296754018527032,98.0,2.2590481708827057,0.037705847644326204,0.18905245649822508,1.9844674545084815,completed,False,COMPLETE
128,1.730429292929293,2026-06-11 11:17:17.577798,2026-06-11 11:17:19.832050,0 days 00:00:02.254252,,,,,,,,,,,,,,0.7063170549083062,QuantileRegressor,,,,,,13,,,,,,,,True,0.0,0.0,98.0,0.0,0.0,0.0,1.9844674545084815,1.703831273589163,1.757027312269423,98.0,1.730429292929293,0.026598019340130143,0.13335917923583812,1.9844674545084815,0.2513313776234922,0.2700227172154511,98.0,0.2606770474194717,0.009345669795979426,0.04685803245208411,1.9844674545084815,5.741143215500266,6.036634562277513,98.0,5.888888888888889,0.1477456733886233,0.7407785326716213,1.9844674545084815,1.0918333330018555,1.2212979801294577,98.0,1.1565656565656566,0.06473232356380107,0.32455986402989717,1.9844674545084815,99.0,0.98989898989899,-0.019303137227380068,-0.013876117497859181,98.0,-0.016589627362619624,0.0027135098647604436,0.013605202845567682,1.9844674545084815,QuantileRegressor,"{'mode': 'original', 'type': 'QuantileRegressor'}",13,"['atd_T2W20', 'density_T2W20', 'diameter_T2W20', 'asp_T2W20', 'z_re_T2W20', 'z_pe_T2W20', 'z_l1_T2W20', 'z_l2_T2W20', 'z_l3_T2W20', 'z_lsc_T2W20', 'z_density_T2W20', 'z_diameter_T2W20', 'z_asp_T2W20']",,,,,,,,2.2213423232383795,2.296754018527032,98.0,2.2590481708827057,0.037705847644326204,0.18905245649822508,1.9844674545084815,completed,True,COMPLETE
129,1.730429292929293,2026-06-11 11:17:19.844156,2026-06-11 11:17:22.184358,0 days 00:00:02.340202,,,,,,,,,,,,,,1.182600786411631,QuantileRegressor,,,,,,10,,,,,,,,False,0.0,0.0,98.0,0.0,0.0,0.0,1.9844674545084815,1.703831273589163,1.757027312269423,98.0,1.730429292929293,0.026598019340130143,0.13335917923583812,1.9844674545084815,0.2513313776234922,0.2700227172154511,98.0,0.2606770474194717,0.009345669795979426,0.04685803245208411,1.9844674545084815,5.741143215500266,6.036634562277513,98.0,5.888888888888889,0.1477456733886233,0.7407785326716213,1.9844674545084815,1.0918333330018555,1.2212979801294577,98.0,1.1565656565656566,0.06473232356380107,0.32455986402989717,1.9844674545084815,99.0,0.98989898989899,-0.019303137227380068,-0.013876117497859181,98.0,-0.016589627362619624,0.0027135098647604436,0.013605202845567682,1.9844674545084815,QuantileRegressor,"{'mode': 'original', 'type': 'QuantileRegressor'}",10,"['asp_T2W20', 'z_re_T2W20', 'z_pe_T2W20', 'z_l1_T2W20', 'z_l2_T2W20', 'z_l3_T2W20', 'z_lsc_T2W20', 'z_density_T2W20', 'z_diameter_T2W20', 'z_asp_T2W20']",,,,,,,,2.2213423232383795,2.296754018527032,98.0,2.2590481708827057,0.037705847644326204,0.18905245649822508,1.9844674545084815,completed,False,COMPLETE
130,1.730429292929293,2026-06-11 11:17:22.235714,2026-06-11 11:17:24.564435,0 days 00:00:02.328721,,,,,,,,,,,,,,1.9136817110714195,QuantileRegressor,,,,,,11,,,,,,,,False,0.0,0.0,98.0,0.0,0.0,0.0,1.9844674545084815,1.703831273589163,1.757027312269423,98.0,1.730429292929293,0.026598019340130143,0.13335917923583812,1.9844674545084815,0.2513313776234922,0.2700227172154511,98.0,0.2606770474194717,0.009345669795979426,0.04685803245208411,1.9844674545084815,5.741143215500266,6.036634562277513,98.0,5.888888888888889,0.1477456733886233,0.7407785326716213,1.9844674545084815,1.0918333330018555,1.2212979801294577,98.0,1.1565656565656566,0.06473232356380107,0.32455986402989717,1.9844674545084815,99.0,0.98989898989899,-0.019303137227380068,-0.013876117497859181,98.0,-0.016589627362619624,0.0027135098647604436,0.013605202845567682,1.9844674545084815,QuantileRegressor,"{'mode': 'original', 'type': 'QuantileRegressor'}",11,"['diameter_T2W20', 'asp_T2W20', 'z_re_T2W20', 'z_pe_T2W20', 'z_l1_T2W20', 'z_l2_T2W20', 'z_l3_T2W20', 'z_lsc_T2W20', 'z_density_T2W20', 'z_diameter_T2W20', 'z_asp_T2W20']",,,,,,,,2.2213423232383795,2.296754018527032,98.0,2.2590481708827057,0.037705847644326204,0.18905245649822508,1.9844674545084815,completed,False,COMPLETE
