number,value,datetime_start,datetime_complete,duration,params_dt_max_depth,params_dt_min_samples_leaf,params_dt_min_samples_split,params_elastic_alpha,params_elastic_l1_ratio,params_et_max_depth,params_et_max_features,params_et_min_samples_leaf,params_et_min_samples_split,params_et_n_estimators,params_knn_metric,params_knn_n_neighbors,params_knn_weights,params_quantile_alpha,params_regressor,params_rf_max_depth,params_rf_max_features,params_rf_min_samples_leaf,params_rf_min_samples_split,params_rf_n_estimators,params_rfe_n_features,params_rfe_proxy_et_max_depth,params_rfe_proxy_et_min_samples_leaf,params_rfe_proxy_et_min_samples_split,params_rfe_proxy_et_n_estimators,params_rfe_proxy_lsvr_C,params_rfe_proxy_lsvr_epsilon,params_rfe_proxy_type,params_use_scaler,user_attrs_d2mae_ci_lower_val,user_attrs_d2mae_ci_upper_val,user_attrs_d2mae_df_val,user_attrs_d2mae_mean_val,user_attrs_d2mae_samperror_val,user_attrs_d2mae_std_val,user_attrs_d2mae_t_critical_val,user_attrs_mae_ci_lower_val,user_attrs_mae_ci_upper_val,user_attrs_mae_df_val,user_attrs_mae_mean_val,user_attrs_mae_samperror_val,user_attrs_mae_std_val,user_attrs_mae_t_critical_val,user_attrs_mape_ci_lower_val,user_attrs_mape_ci_upper_val,user_attrs_mape_df_val,user_attrs_mape_mean_val,user_attrs_mape_samperror_val,user_attrs_mape_std_val,user_attrs_mape_t_critical_val,user_attrs_max_error_ci_lower_val,user_attrs_max_error_ci_upper_val,user_attrs_max_error_df_val,user_attrs_max_error_mean_val,user_attrs_max_error_samperror_val,user_attrs_max_error_std_val,user_attrs_max_error_t_critical_val,user_attrs_median_ae_ci_lower_val,user_attrs_median_ae_ci_upper_val,user_attrs_median_ae_df_val,user_attrs_median_ae_mean_val,user_attrs_median_ae_samperror_val,user_attrs_median_ae_std_val,user_attrs_median_ae_t_critical_val,user_attrs_n_splits_val,user_attrs_r2_below_zero_val,user_attrs_r2_ci_lower_val,user_attrs_r2_ci_upper_val,user_attrs_r2_df_val,user_attrs_r2_mean_val,user_attrs_r2_samperror_val,user_attrs_r2_std_val,user_attrs_r2_t_critical_val,user_attrs_regressor_final,user_attrs_rfe_estimator,user_attrs_rfe_n_features,user_attrs_rfe_selected_features,user_attrs_rho_ci_lower_val,user_attrs_rho_ci_upper_val,user_attrs_rho_df_val,user_attrs_rho_mean_val,user_attrs_rho_samperror_val,user_attrs_rho_std_val,user_attrs_rho_t_critical_val,user_attrs_rmse_ci_lower_val,user_attrs_rmse_ci_upper_val,user_attrs_rmse_df_val,user_attrs_rmse_mean_val,user_attrs_rmse_samperror_val,user_attrs_rmse_std_val,user_attrs_rmse_t_critical_val,user_attrs_termination_reason,user_attrs_use_scaler_final,state
26,1.8289937301219614,2026-06-11 11:12:21.294747,2026-06-11 11:13:07.140942,0 days 00:00:45.846195,,,,,,,,,,,,,,,RandomForestRegressor,19.0,log2,1.0,2.0,491.0,10,,,,,,,,False,-0.06779371680732704,-0.04814492369382176,98.0,-0.057969320250574406,0.009824396556752641,0.0492583092200096,1.9844674545084815,1.8001813506951716,1.8578061095487512,98.0,1.8289937301219614,0.028812379426789835,0.14446170683058987,1.9844674545084815,0.27036070636004056,0.2905875780377169,98.0,0.28047414219887873,0.010113435838838149,0.05070751643100228,1.9844674545084815,6.217504462562071,6.615677774556164,98.0,6.416591118559118,0.19908665599704664,0.9981958694388965,1.9844674545084815,1.4340719887383193,1.5015961429399904,98.0,1.4678340658391549,0.03376207710083548,0.16927887877242495,1.9844674545084815,99.0,0.8484848484848485,-0.12591138149807363,-0.08754781190956057,98.0,-0.1067295967038171,0.019181784794256536,0.09617509648851977,1.9844674545084815,RandomForestRegressor,"{'mode': 'original', 'type': 'RandomForestRegressor'}",10,"['re_T2W20', 'lcc_T2W20', 'lsc_T2W20', 'atd_T2W20', 'z_re_T2W20', 'z_pe_T2W20', 'z_l2_T2W20', 'z_l3_T2W20', 'z_lsc_T2W20', 'z_diameter_T2W20']",0.00242859730494149,0.05273217944335816,98.0,0.027580388374149823,0.025151791069208333,0.12610796955998058,1.9844674545084815,2.3127886517434324,2.393903179778752,98.0,2.3533459157610923,0.040557264017659696,0.2033491055210212,1.9844674545084815,completed,False,COMPLETE
27,1.792891430823372,2026-06-11 11:13:07.153131,2026-06-11 11:13:08.814831,0 days 00:00:01.661700,,,,,,,,,,,minkowski,20.0,distance,,KNeighborsRegressor,,,,,,12,,,,,7.4910104974988885,0.6592318760277409,LinearSVR,,-0.04361892870544595,-0.029661272100591315,98.0,-0.036640100403018634,0.006978828302427317,0.0349909819426047,1.9844674545084815,1.7652468404618622,1.820536021184882,98.0,1.792891430823372,0.02764459036150983,0.1386065568934906,1.9844674545084815,0.2617636929669875,0.281168205093489,98.0,0.27146594903023824,0.009702256063250753,0.04864591189235233,1.9844674545084815,5.973077721488016,6.310860160762971,98.0,6.141968941125493,0.1688912196374776,0.8467996862086451,1.9844674545084815,1.3830972588285426,1.4538428560827883,98.0,1.4184700574556655,0.0353727986271229,0.1773548372855875,1.9844674545084815,99.0,0.8686868686868687,-0.07356616770431497,-0.049329707566139996,98.0,-0.06144793763522748,0.012118230069087483,0.06075930674154676,1.9844674545084815,KNeighborsRegressor,"{'mode': 'proxy', 'type': 'LinearSVR'}",12,"['edges_T2W20', 'l1_T2W20', 'l2_T2W20', 'atd_T2W20', 'density_T2W20', 'diameter_T2W20', 'asp_T2W20', 'z_re_T2W20', 'z_pe_T2W20', 'z_l1_T2W20', 'z_density_T2W20', 'z_diameter_T2W20']",-0.028665697475949232,0.01914292199849015,98.0,-0.004761387738729542,0.02390430973721969,0.119853252454221,1.9844674545084815,2.268216922649512,2.3448495876234565,98.0,2.3065332551364843,0.03831633248697212,0.1921133519923623,1.9844674545084815,completed,True,COMPLETE
28,2.1444056136764473,2026-06-11 11:13:08.827431,2026-06-11 11:13:10.402565,0 days 00:00:01.575134,20.0,5.0,4.0,,,,,,,,,,,,DecisionTreeRegressor,,,,,,2,,,,,,,,False,-0.2605807630047451,-0.22303037794547256,98.0,-0.24180557047510884,0.01877519252963627,0.0941364931624597,1.9844674545084815,2.1074608916737216,2.181350335679173,98.0,2.1444056136764473,0.036944722002725645,0.1852362666699074,1.9844674545084815,0.31112466518191123,0.3320206661691631,98.0,0.32157266567553716,0.010448000493625905,0.052384982229987526,1.9844674545084815,6.795950149413618,7.249849113052311,98.0,7.022899631232964,0.22694948181934682,1.1378966319406687,1.9844674545084815,1.7193685381752293,1.8312848208114627,98.0,1.775326679493346,0.05595814131811669,0.28056719947142383,1.9844674545084815,99.0,0.98989898989899,-0.5141033948572686,-0.4339472316911185,98.0,-0.47402531327419356,0.04007808158307507,0.2009465440609646,1.9844674545084815,DecisionTreeRegressor,"{'mode': 'original', 'type': 'DecisionTreeRegressor'}",2,"['l2_T2W20', 'asp_T2W20']",-0.08545360289959641,-0.030133191548362335,98.0,-0.05779339722397937,0.027660205675617038,0.13868485014706777,1.9844674545084815,2.663061927619818,2.752415014239946,98.0,2.707738470929882,0.04467654331006377,0.22400266240634015,1.9844674545084815,completed,False,COMPLETE
29,1.9583446328693177,2026-06-11 11:13:10.415343,2026-06-11 11:13:14.682076,0 days 00:00:04.266733,,,,0.00016377964907056237,0.8770241030575711,,,,,,,,,,ElasticNet,,,,,,20,,,,,,,,True,-0.16670930025029024,-0.10120662691357019,98.0,-0.1339579635819302,0.032751336668360026,0.1642111512558864,1.9844674545084815,1.9010035357518196,2.015685729986816,98.0,1.9583446328693177,0.05734109711749813,0.2875011688007374,1.9844674545084815,0.283490011011904,0.3050643062360216,98.0,0.2942771586239628,0.010787147612058783,0.054085423934914376,1.9844674545084815,7.668042915750384,11.214445766492368,98.0,9.441244341121376,1.7732014253709922,8.89061263108837,1.9844674545084815,1.570493666703406,1.6470679978130243,98.0,1.608780832258215,0.03828716555480923,0.1919671126019652,1.9844674545084815,99.0,0.9292929292929293,-1.2266300337874996,-0.2959848300694247,98.0,-0.7613074319284622,0.46532260185903745,2.33306997300282,1.9844674545084815,ElasticNet,"{'mode': 'original', 'type': 'ElasticNet'}",20,"['nodes_T2W20', 'edges_T2W20', 're_T2W20', 'pe_T2W20', 'l1_T2W20', 'l2_T2W20', 'l3_T2W20', 'lsc_T2W20', 'atd_T2W20', 'density_T2W20', 'diameter_T2W20', 'asp_T2W20', 'z_re_T2W20', 'z_pe_T2W20', 'z_l1_T2W20', 'z_l2_T2W20', 'z_lsc_T2W20', 'z_density_T2W20', 'z_diameter_T2W20', 'z_asp_T2W20']",0.06582330516884963,0.1127371553197522,98.0,0.08928023024430091,0.02345692507545128,0.11761012109420575,1.9844674545084815,2.520952090312899,2.936757193318198,98.0,2.7288546418155484,0.20790255150264936,1.0423976791233591,1.9844674545084815,completed,True,COMPLETE
30,1.9043217110281478,2026-06-11 11:13:14.734985,2026-06-11 11:13:16.505688,0 days 00:00:01.770703,,,,,,,,,,,,,,,LinearRegression,,,,,,16,,,,,,,,False,-0.13109111543295193,-0.07262619261522288,98.0,-0.1018586540240874,0.029232461408864523,0.14656794593151123,1.9844674545084815,1.8501223040325665,1.9585211180237292,98.0,1.9043217110281478,0.05419940699558134,0.27174912310461175,1.9844674545084815,0.275011974221117,0.2964479636931431,98.0,0.28572996895713004,0.010717994736013049,0.05373869996748938,1.9844674545084815,7.222393169585262,10.354980337009605,98.0,8.788686753297434,1.5662935837121723,7.853202304092796,1.9844674545084815,1.51927087013456,1.5967753951485912,98.0,1.5580231326415757,0.03875226250701562,0.19429905119551877,1.9844674545084815,99.0,0.8282828282828283,-0.9001310251981642,-0.2335405648419237,98.0,-0.566835795020044,0.3332952301781203,1.6711010609993935,1.9844674545084815,LinearRegression,"{'mode': 'original', 'type': 'LinearRegression'}",16,"['nodes_T2W20', 'edges_T2W20', 'pe_T2W20', 'l1_T2W20', 'l2_T2W20', 'atd_T2W20', 'density_T2W20', 'diameter_T2W20', 'asp_T2W20', 'z_pe_T2W20', 'z_l1_T2W20', 'z_l2_T2W20', 'z_lsc_T2W20', 'z_density_T2W20', 'z_diameter_T2W20', 'z_asp_T2W20']",0.09651542938402279,0.14244670068563528,98.0,0.11948106503482904,0.02296563565080625,0.11514685668342095,1.9844674545084815,2.4471656518061415,2.805304422524192,98.0,2.626235037165167,0.17906938535902517,0.8978317502655353,1.9844674545084815,completed,False,COMPLETE
31,1.730429292929293,2026-06-11 11:13:16.518059,2026-06-11 11:13:18.846592,0 days 00:00:02.328533,,,,,,,,,,,,,,8.632405665578633,QuantileRegressor,,,,,,11,,,,,,,,False,0.0,0.0,98.0,0.0,0.0,0.0,1.9844674545084815,1.703831273589163,1.757027312269423,98.0,1.730429292929293,0.026598019340130143,0.13335917923583812,1.9844674545084815,0.2513313776234922,0.2700227172154511,98.0,0.2606770474194717,0.009345669795979426,0.04685803245208411,1.9844674545084815,5.741143215500266,6.036634562277513,98.0,5.888888888888889,0.1477456733886233,0.7407785326716213,1.9844674545084815,1.0918333330018555,1.2212979801294577,98.0,1.1565656565656566,0.06473232356380107,0.32455986402989717,1.9844674545084815,99.0,0.98989898989899,-0.019303137227380068,-0.013876117497859181,98.0,-0.016589627362619624,0.0027135098647604436,0.013605202845567682,1.9844674545084815,QuantileRegressor,"{'mode': 'original', 'type': 'QuantileRegressor'}",11,"['diameter_T2W20', 'asp_T2W20', 'z_re_T2W20', 'z_pe_T2W20', 'z_l1_T2W20', 'z_l2_T2W20', 'z_l3_T2W20', 'z_lsc_T2W20', 'z_density_T2W20', 'z_diameter_T2W20', 'z_asp_T2W20']",,,,,,,,2.2213423232383795,2.296754018527032,98.0,2.2590481708827057,0.037705847644326204,0.18905245649822508,1.9844674545084815,completed,False,COMPLETE
32,1.730429292929293,2026-06-11 11:13:18.859283,2026-06-11 11:13:21.113701,0 days 00:00:02.254418,,,,,,,,,,,,,,2.2931680347694705,QuantileRegressor,,,,,,9,,,,,,,,False,0.0,0.0,98.0,0.0,0.0,0.0,1.9844674545084815,1.703831273589163,1.757027312269423,98.0,1.730429292929293,0.026598019340130143,0.13335917923583812,1.9844674545084815,0.2513313776234922,0.2700227172154511,98.0,0.2606770474194717,0.009345669795979426,0.04685803245208411,1.9844674545084815,5.741143215500266,6.036634562277513,98.0,5.888888888888889,0.1477456733886233,0.7407785326716213,1.9844674545084815,1.0918333330018555,1.2212979801294577,98.0,1.1565656565656566,0.06473232356380107,0.32455986402989717,1.9844674545084815,99.0,0.98989898989899,-0.019303137227380068,-0.013876117497859181,98.0,-0.016589627362619624,0.0027135098647604436,0.013605202845567682,1.9844674545084815,QuantileRegressor,"{'mode': 'original', 'type': 'QuantileRegressor'}",9,"['z_re_T2W20', 'z_pe_T2W20', 'z_l1_T2W20', 'z_l2_T2W20', 'z_l3_T2W20', 'z_lsc_T2W20', 'z_density_T2W20', 'z_diameter_T2W20', 'z_asp_T2W20']",,,,,,,,2.2213423232383795,2.296754018527032,98.0,2.2590481708827057,0.037705847644326204,0.18905245649822508,1.9844674545084815,completed,False,COMPLETE
33,1.730429292929293,2026-06-11 11:13:21.154069,2026-06-11 11:13:23.334153,0 days 00:00:02.180084,,,,,,,,,,,,,,3.227908133236349,QuantileRegressor,,,,,,12,,,,,,,,False,0.0,0.0,98.0,0.0,0.0,0.0,1.9844674545084815,1.703831273589163,1.757027312269423,98.0,1.730429292929293,0.026598019340130143,0.13335917923583812,1.9844674545084815,0.2513313776234922,0.2700227172154511,98.0,0.2606770474194717,0.009345669795979426,0.04685803245208411,1.9844674545084815,5.741143215500266,6.036634562277513,98.0,5.888888888888889,0.1477456733886233,0.7407785326716213,1.9844674545084815,1.0918333330018555,1.2212979801294577,98.0,1.1565656565656566,0.06473232356380107,0.32455986402989717,1.9844674545084815,99.0,0.98989898989899,-0.019303137227380068,-0.013876117497859181,98.0,-0.016589627362619624,0.0027135098647604436,0.013605202845567682,1.9844674545084815,QuantileRegressor,"{'mode': 'original', 'type': 'QuantileRegressor'}",12,"['density_T2W20', 'diameter_T2W20', 'asp_T2W20', 'z_re_T2W20', 'z_pe_T2W20', 'z_l1_T2W20', 'z_l2_T2W20', 'z_l3_T2W20', 'z_lsc_T2W20', 'z_density_T2W20', 'z_diameter_T2W20', 'z_asp_T2W20']",,,,,,,,2.2213423232383795,2.296754018527032,98.0,2.2590481708827057,0.037705847644326204,0.18905245649822508,1.9844674545084815,completed,False,COMPLETE
34,1.8058113593688052,2026-06-11 11:13:23.347012,2026-06-11 11:13:25.282712,0 days 00:00:01.935700,,,,0.000123469869878032,0.9566761854597826,,,,,,,,,,ElasticNet,,,,,,5,,,,,,,,False,-0.05008475696486231,-0.03749667936044583,98.0,-0.04379071816265407,0.0062940388022082365,0.031557532085654205,1.9844674545084815,1.7769421456419592,1.8346805730956512,98.0,1.8058113593688052,0.028869213726846005,0.14474666698160754,1.9844674545084815,0.267514191674573,0.28777440495660456,98.0,0.2776442983155888,0.010130106641015772,0.05079110177121806,1.9844674545084815,5.801452284146043,6.069866473995182,98.0,5.9356593790706125,0.13420709492456911,0.6728977747513428,1.9844674545084815,1.3852817369912882,1.4437727773477536,98.0,1.4145272571695209,0.029245520178232613,0.14663342098596882,1.9844674545084815,99.0,0.8484848484848485,-0.060834765935410755,-0.041145789420025385,98.0,-0.05099027767771807,0.009844488257692683,0.049359046523511495,1.9844674545084815,ElasticNet,"{'mode': 'original', 'type': 'ElasticNet'}",5,"['l1_T2W20', 'diameter_T2W20', 'asp_T2W20', 'z_diameter_T2W20', 'z_asp_T2W20']",-0.08609719284323904,-0.03425488893467421,98.0,-0.060176040888956624,0.025921151954282417,0.12996544988051092,1.9844674545084815,2.256739857212275,2.335911490763162,98.0,2.2963256739877185,0.03958581677544331,0.1984783892005231,1.9844674545084815,completed,False,COMPLETE
35,1.7423362884296292,2026-06-11 11:13:25.295090,2026-06-11 11:13:47.833793,0 days 00:00:22.538703,,,,,,2.0,log2,1.0,2.0,441.0,,,,,ExtraTreesRegressor,,,,,,8,,,,,,,,False,-0.009481960102019363,-0.003945371339116022,98.0,-0.006713665720567692,0.00276829438145167,0.013879885636317852,1.9844674545084815,1.7143384209174866,1.7703341559417718,98.0,1.7423362884296292,0.02799786751214263,0.14037784483221633,1.9844674545084815,0.2588436202903588,0.27899517453686706,98.0,0.2689193974136129,0.010075777123254163,0.050518700288825144,1.9844674545084815,5.8066821625645515,6.0645983766591,98.0,5.935640269611826,0.12895810704727423,0.6465799987476698,1.9844674545084815,1.2924040542861321,1.3507397261648288,98.0,1.3215718902254805,0.029167835939348425,0.14624392182046045,1.9844674545084815,99.0,0.45454545454545453,-0.0031322658042115606,0.004431445019974713,98.0,0.0006495896078815759,0.0037818554120931367,0.01896175528319942,1.9844674545084815,ExtraTreesRegressor,"{'mode': 'original', 'type': 'ExtraTreesRegressor'}",8,"['edges_T2W20', 'l1_T2W20', 'lcc_T2W20', 'lsc_T2W20', 'z_re_T2W20', 'z_l3_T2W20', 'z_diameter_T2W20', 'z_asp_T2W20']",0.06379269893903217,0.12144224107337301,98.0,0.09261747000620259,0.028824771067170418,0.14452383698281693,1.9844674545084815,2.200730992354697,2.280955355404946,98.0,2.2408431738798216,0.04011218152512433,0.20111751695280017,1.9844674545084815,completed,False,COMPLETE
36,1.8050487552564138,2026-06-11 11:13:47.845924,2026-06-11 11:13:49.404101,0 days 00:00:01.558177,,,,,,,,,,,,,,,LinearRegression,,,,,,10,,,,,,,,False,-0.0546106204952176,-0.03319672529413327,98.0,-0.043903672894675436,0.010706947600542166,0.05368331099658653,1.9844674545084815,1.7747742921854515,1.8353232183273762,98.0,1.8050487552564138,0.030274463070962307,0.15179241338687852,1.9844674545084815,0.2661397542846055,0.2860294526571468,98.0,0.27608460347087616,0.00994484918627067,0.04986224380641268,1.9844674545084815,5.821889991536877,6.087326914233169,98.0,5.954608452885023,0.13271846134814622,0.6654339501185386,1.9844674545084815,1.468601937229502,1.5422083536296403,98.0,1.5054051454295712,0.0368032082000691,0.18452673396630695,1.9844674545084815,99.0,0.6464646464646465,-0.08402360183479933,-0.04055024566747133,98.0,-0.06228692375113533,0.021736678083664005,0.10898501544351756,1.9844674545084815,LinearRegression,"{'mode': 'original', 'type': 'LinearRegression'}",10,"['l1_T2W20', 'l2_T2W20', 'atd_T2W20', 'density_T2W20', 'diameter_T2W20', 'asp_T2W20', 'z_pe_T2W20', 'z_l1_T2W20', 'z_diameter_T2W20', 'z_asp_T2W20']",0.13843889851448343,0.17827975187559514,98.0,0.15835932519503929,0.019920426680555867,0.09987855554862617,1.9844674545084815,2.2642590950054013,2.344677557972236,98.0,2.3044683264888186,0.04020923148341739,0.201604113440205,1.9844674545084815,completed,False,COMPLETE
37,1.730429292929293,2026-06-11 11:13:49.417362,2026-06-11 11:13:51.796958,0 days 00:00:02.379596,,,,,,,,,,,,,,0.21980426427532332,QuantileRegressor,,,,,,15,,,,,,,,True,0.0,0.0,98.0,0.0,0.0,0.0,1.9844674545084815,1.703831273589163,1.757027312269423,98.0,1.730429292929293,0.026598019340130143,0.13335917923583812,1.9844674545084815,0.2513313776234922,0.2700227172154511,98.0,0.2606770474194717,0.009345669795979426,0.04685803245208411,1.9844674545084815,5.741143215500266,6.036634562277513,98.0,5.888888888888889,0.1477456733886233,0.7407785326716213,1.9844674545084815,1.0918333330018555,1.2212979801294577,98.0,1.1565656565656566,0.06473232356380107,0.32455986402989717,1.9844674545084815,99.0,0.98989898989899,-0.019303137227380068,-0.013876117497859181,98.0,-0.016589627362619624,0.0027135098647604436,0.013605202845567682,1.9844674545084815,QuantileRegressor,"{'mode': 'original', 'type': 'QuantileRegressor'}",15,"['lcc_T2W20', 'lsc_T2W20', 'atd_T2W20', 'density_T2W20', 'diameter_T2W20', 'asp_T2W20', 'z_re_T2W20', 'z_pe_T2W20', 'z_l1_T2W20', 'z_l2_T2W20', 'z_l3_T2W20', 'z_lsc_T2W20', 'z_density_T2W20', 'z_diameter_T2W20', 'z_asp_T2W20']",,,,,,,,2.2213423232383795,2.296754018527032,98.0,2.2590481708827057,0.037705847644326204,0.18905245649822508,1.9844674545084815,completed,True,COMPLETE
38,1.76671575844351,2026-06-11 11:13:51.852164,2026-06-11 11:14:23.090833,0 days 00:00:31.238669,,,,,,,,,,,,,,,RandomForestRegressor,2.0,,1.0,12.0,353.0,11,,,,,,,,False,-0.028094367367008932,-0.014113238289132001,98.0,-0.021103802828070468,0.006990564538938466,0.03504982598089304,1.9844674545084815,1.737409423543048,1.7960220933439721,98.0,1.76671575844351,0.029306334900462184,0.14693833848145144,1.9844674545084815,0.26224632704089135,0.2823921965325781,98.0,0.2723192617867347,0.010072934745843386,0.05050444896004263,1.9844674545084815,5.903055708828287,6.196488009721657,98.0,6.049771859274972,0.14671615044668537,0.735616631975724,1.9844674545084815,1.3920121119900646,1.4552808482679063,98.0,1.4236464801289854,0.03163436813892077,0.15861080919983192,1.9844674545084815,99.0,0.6868686868686869,-0.04697027180706624,-0.022632730281432298,98.0,-0.03480150104424927,0.012168770762816972,0.06101271152885757,1.9844674545084815,RandomForestRegressor,"{'mode': 'original', 'type': 'RandomForestRegressor'}",11,"['edges_T2W20', 'lcc_T2W20', 'lsc_T2W20', 'atd_T2W20', 'density_T2W20', 'z_re_T2W20', 'z_pe_T2W20', 'z_l2_T2W20', 'z_l3_T2W20', 'z_lsc_T2W20', 'z_diameter_T2W20']",0.03508214766602549,0.08671112993586069,98.0,0.06089663880094309,0.025814491134917596,0.12943066572439696,1.9844674545084815,2.237015905637311,2.3212610855975533,98.0,2.279138495617432,0.04212258998012113,0.2111974562918416,1.9844674545084815,completed,False,COMPLETE
39,1.8196021080207379,2026-06-11 11:14:23.180101,2026-06-11 11:14:30.516997,0 days 00:00:07.336896,,,,,,20.0,,1.0,12.0,99.0,,,,,ExtraTreesRegressor,,,,,,13,,,,,,,,False,-0.06218048020715918,-0.041890281422301494,98.0,-0.05203538081473034,0.010145099392428842,0.05086627357244754,1.9844674545084815,1.788524915496639,1.8506793005448368,98.0,1.8196021080207379,0.031077192524098834,0.15581719958053336,1.9844674545084815,0.2680747791161718,0.288692037909516,98.0,0.2783834085128439,0.010308629396672124,0.05168619278776346,1.9844674545084815,6.023301925586483,6.3379296270439065,98.0,6.180615776315195,0.15731385072871196,0.788752190429362,1.9844674545084815,1.4704143008510573,1.5442330703925795,98.0,1.5073236856218184,0.03690938477076117,0.1850590901594693,1.9844674545084815,99.0,0.8282828282828283,-0.09845997790976688,-0.06358404733925402,98.0,-0.08102201262451045,0.017437965285256426,0.08743180115205737,1.9844674545084815,ExtraTreesRegressor,"{'mode': 'original', 'type': 'ExtraTreesRegressor'}",13,"['edges_T2W20', 're_T2W20', 'pe_T2W20', 'l1_T2W20', 'l2_T2W20', 'atd_T2W20', 'z_re_T2W20', 'z_pe_T2W20', 'z_l2_T2W20', 'z_l3_T2W20', 'z_lsc_T2W20', 'z_density_T2W20', 'z_diameter_T2W20']",0.024118895705378014,0.07636060610889109,98.0,0.05023975090713455,0.026120855201756533,0.13096673726335367,1.9844674545084815,2.285840661443321,2.3681257905974293,98.0,2.326983226020375,0.04114256457705445,0.20628373013381687,1.9844674545084815,completed,False,COMPLETE
