number,value,datetime_start,datetime_complete,duration,params_dt_max_depth,params_dt_min_samples_leaf,params_dt_min_samples_split,params_elastic_alpha,params_elastic_l1_ratio,params_et_max_depth,params_et_max_features,params_et_min_samples_leaf,params_et_min_samples_split,params_et_n_estimators,params_knn_metric,params_knn_n_neighbors,params_knn_weights,params_quantile_alpha,params_regressor,params_rf_max_depth,params_rf_max_features,params_rf_min_samples_leaf,params_rf_min_samples_split,params_rf_n_estimators,params_rfe_n_features,params_rfe_proxy_et_max_depth,params_rfe_proxy_et_min_samples_leaf,params_rfe_proxy_et_min_samples_split,params_rfe_proxy_et_n_estimators,params_rfe_proxy_lsvr_C,params_rfe_proxy_lsvr_epsilon,params_rfe_proxy_type,params_use_scaler,user_attrs_d2mae_ci_lower_val,user_attrs_d2mae_ci_upper_val,user_attrs_d2mae_df_val,user_attrs_d2mae_mean_val,user_attrs_d2mae_samperror_val,user_attrs_d2mae_std_val,user_attrs_d2mae_t_critical_val,user_attrs_mae_ci_lower_val,user_attrs_mae_ci_upper_val,user_attrs_mae_df_val,user_attrs_mae_mean_val,user_attrs_mae_samperror_val,user_attrs_mae_std_val,user_attrs_mae_t_critical_val,user_attrs_mape_ci_lower_val,user_attrs_mape_ci_upper_val,user_attrs_mape_df_val,user_attrs_mape_mean_val,user_attrs_mape_samperror_val,user_attrs_mape_std_val,user_attrs_mape_t_critical_val,user_attrs_max_error_ci_lower_val,user_attrs_max_error_ci_upper_val,user_attrs_max_error_df_val,user_attrs_max_error_mean_val,user_attrs_max_error_samperror_val,user_attrs_max_error_std_val,user_attrs_max_error_t_critical_val,user_attrs_median_ae_ci_lower_val,user_attrs_median_ae_ci_upper_val,user_attrs_median_ae_df_val,user_attrs_median_ae_mean_val,user_attrs_median_ae_samperror_val,user_attrs_median_ae_std_val,user_attrs_median_ae_t_critical_val,user_attrs_n_splits_val,user_attrs_r2_below_zero_val,user_attrs_r2_ci_lower_val,user_attrs_r2_ci_upper_val,user_attrs_r2_df_val,user_attrs_r2_mean_val,user_attrs_r2_samperror_val,user_attrs_r2_std_val,user_attrs_r2_t_critical_val,user_attrs_regressor_final,user_attrs_rfe_estimator,user_attrs_rfe_n_features,user_attrs_rfe_selected_features,user_attrs_rho_ci_lower_val,user_attrs_rho_ci_upper_val,user_attrs_rho_df_val,user_attrs_rho_mean_val,user_attrs_rho_samperror_val,user_attrs_rho_std_val,user_attrs_rho_t_critical_val,user_attrs_rmse_ci_lower_val,user_attrs_rmse_ci_upper_val,user_attrs_rmse_df_val,user_attrs_rmse_mean_val,user_attrs_rmse_samperror_val,user_attrs_rmse_std_val,user_attrs_rmse_t_critical_val,user_attrs_termination_reason,user_attrs_use_scaler_final,state
225,6.434648731595217,2026-06-12 07:47:02.769473,2026-06-12 07:47:05.005018,0 days 00:00:02.235545,,,,,,,,,,,,,,0.00020836071944897928,QuantileRegressor,,,,,,3,,,,,,,,False,-0.012755478976445552,0.00478812422335014,98.0,-0.003983677376547706,0.008771801599897846,0.04398072829494622,1.9844674545084815,6.366420155879811,6.502877307310624,98.0,6.434648731595217,0.06822857571540637,0.34208963988941554,1.9844674545084815,130010086118587.92,286485681150690.5,98.0,208247883634639.22,78237797516051.3,392274640022471.9,1.9844674545084815,18.211003503119198,19.137044169932,98.0,18.6740238365256,0.46302033340640103,2.3215266837338735,1.9844674545084815,5.570952039211826,5.788695137853426,98.0,5.679823588532626,0.10887154932080033,0.5458684826824763,1.9844674545084815,99.0,0.8282828282828283,-0.10328092556457627,-0.06448069137996759,98.0,-0.08388080847227193,0.019400117092304346,0.09726978762683323,1.9844674545084815,QuantileRegressor,"{'mode': 'original', 'type': 'QuantileRegressor'}",3,"['z_lsc_T6W30', 'z_diameter_T6W30', 'z_asp_T6W30']",0.05865653027801759,0.10953169029818538,98.0,0.08409411028810149,0.025437580010083893,0.12754087996216007,1.9844674545084815,7.781579955878249,7.950312986176912,98.0,7.865946471027581,0.0843665151493311,0.42300327221461625,1.9844674545084815,completed,False,COMPLETE
226,6.432974288532121,2026-06-12 07:47:05.017730,2026-06-12 07:47:07.320760,0 days 00:00:02.303030,,,,,,,,,,,,,,0.00014755520957057856,QuantileRegressor,,,,,,3,,,,,,,,False,-0.012588469124037004,0.005160584207209402,98.0,-0.0037139424584138013,0.008874526665623203,0.044495779069099614,1.9844674545084815,6.364051139532056,6.501897437532185,98.0,6.432974288532121,0.06892314900006445,0.3455721444314507,1.9844674545084815,129572807745749.16,285550891120872.6,98.0,207561849433310.88,77989041687561.72,391027409065411.44,1.9844674545084815,18.218320312580637,19.14462821030496,98.0,18.681474261442798,0.463153948862161,2.3221966151030293,1.9844674545084815,5.553437250096792,5.777866571077221,98.0,5.665651910587006,0.11221466049021414,0.562630428598296,1.9844674545084815,99.0,0.8282828282828283,-0.104047353374282,-0.06493607185247735,98.0,-0.08449171261337968,0.01955564076090233,0.09804956406547508,1.9844674545084815,QuantileRegressor,"{'mode': 'original', 'type': 'QuantileRegressor'}",3,"['z_lsc_T6W30', 'z_diameter_T6W30', 'z_asp_T6W30']",0.058986189756525045,0.11027414009946408,98.0,0.08463016492799456,0.02564397517146952,0.12857571977367593,1.9844674545084815,7.783307073277026,7.952763766817322,98.0,7.868035420047174,0.08472834677014787,0.42481745120879777,1.9844674545084815,completed,False,COMPLETE
227,6.429382295590655,2026-06-12 07:47:07.333356,2026-06-12 07:47:09.788617,0 days 00:00:02.455261,,,,,,,,,,,,,,0.0001005327368596511,QuantileRegressor,,,,,,3,,,,,,,,False,-0.01201548470135676,0.005705903658190913,98.0,-0.0031547905215829238,0.008860694179773837,0.04442642469590087,1.9844674545084815,6.360551553824754,6.498213037356557,98.0,6.429382295590655,0.06883074176590159,0.3451088259886063,1.9844674545084815,128580216828215.02,283315074585416.4,98.0,205947645706815.7,77367428878600.67,387910719324515.75,1.9844674545084815,18.246279423063477,19.17665285577786,98.0,18.71146613942067,0.4651867163571929,2.332388659903363,1.9844674545084815,5.534812331709292,5.7604790287286605,98.0,5.647645680218976,0.11283334850968416,0.5657324538064319,1.9844674545084815,99.0,0.8181818181818182,-0.1048366946584057,-0.06582065683487498,98.0,-0.08532867574664034,0.01950801891176536,0.09781079400393829,1.9844674545084815,QuantileRegressor,"{'mode': 'original', 'type': 'QuantileRegressor'}",3,"['z_lsc_T6W30', 'z_diameter_T6W30', 'z_asp_T6W30']",0.05991181528538445,0.11089672633827485,98.0,0.08540427081182965,0.025492455526445197,0.12781601901400086,1.9844674545084815,7.786309251821846,7.956031457512601,98.0,7.871170354667224,0.08486110284537751,0.42548307375026584,1.9844674545084815,completed,False,COMPLETE
228,6.432288893509872,2026-06-12 07:47:09.801470,2026-06-12 07:47:12.037421,0 days 00:00:02.235951,,,,,,,,,,,,,,0.00013690218351689214,QuantileRegressor,,,,,,3,,,,,,,,False,-0.012506627217639746,0.005275206710473347,98.0,-0.0036157102535832,0.008890916964056547,0.04457795799823527,1.9844674545084815,6.363490561565713,6.5010872254540315,98.0,6.432288893509872,0.0687983319441594,0.3449463271509504,1.9844674545084815,129605426182156.44,285629156768609.0,98.0,207617291475382.72,78011865293226.28,391141843801310.6,1.9844674545084815,18.229022181206496,19.15629877890845,98.0,18.692660480057473,0.463638298850978,2.324625086040866,1.9844674545084815,5.544918892221198,5.771071454258945,98.0,5.657995173240072,0.11307628101887346,0.566950487360769,1.9844674545084815,99.0,0.8181818181818182,-0.10422933258233803,-0.06518931838006901,98.0,-0.08470932548120352,0.01952000710113451,0.09787090130269425,1.9844674545084815,QuantileRegressor,"{'mode': 'original', 'type': 'QuantileRegressor'}",3,"['z_lsc_T6W30', 'z_diameter_T6W30', 'z_asp_T6W30']",0.05856412291251645,0.10968909983326233,98.0,0.08412661137288939,0.02556248846037294,0.12816715548279764,1.9844674545084815,7.784303209432949,7.953367707403972,98.0,7.86883545841846,0.08453224898551115,0.42383424117068547,1.9844674545084815,completed,False,COMPLETE
229,6.434276717166245,2026-06-12 07:47:12.050282,2026-06-12 07:47:14.403006,0 days 00:00:02.352724,,,,,,,,,,,,,,0.0001735904707229271,QuantileRegressor,,,,,,3,,,,,,,,False,-0.01273223202880567,0.004889837815806076,98.0,-0.003921197106499797,0.008811034922305873,0.044177439320986236,1.9844674545084815,6.365768648105997,6.502784786226493,98.0,6.434276717166245,0.06850806906024774,0.34349098495174085,1.9844674545084815,129595896588778.39,285602728744657.25,98.0,207599312666717.8,78003416077939.42,391099480480890.6,1.9844674545084815,18.225843513832448,19.151193592365598,98.0,18.688518553099023,0.46267503926657416,2.319795421623962,1.9844674545084815,5.559113369966434,5.782549919251842,98.0,5.670831644609138,0.11171827464270363,0.5601416113536071,1.9844674545084815,99.0,0.8383838383838383,-0.10443658255538875,-0.0655414222757016,98.0,-0.08498900241554518,0.019447580139843573,0.09750776147680006,1.9844674545084815,QuantileRegressor,"{'mode': 'original', 'type': 'QuantileRegressor'}",3,"['z_lsc_T6W30', 'z_diameter_T6W30', 'z_asp_T6W30']",0.05873329835074913,0.10983996269277778,98.0,0.08428663052176345,0.025553332171014322,0.12812124698043525,1.9844674545084815,7.785672040862359,7.954112599867493,98.0,7.869892320364926,0.08422027950256736,0.42227006476867646,1.9844674545084815,completed,False,COMPLETE
230,6.4294189478351464,2026-06-12 07:47:14.415987,2026-06-12 07:47:16.743062,0 days 00:00:02.327075,,,,,,,,,,,,,,0.00010207479827216621,QuantileRegressor,,,,,,3,,,,,,,,False,-0.012021277944248666,0.005699940520774212,98.0,-0.0031606687117372275,0.008860609232511439,0.044425998780833774,1.9844674545084815,6.360592363585472,6.4982455320848205,98.0,6.4294189478351464,0.06882658424967428,0.34508798071645863,1.9844674545084815,128580216828215.02,283315074585416.4,98.0,205947645706815.7,77367428878600.67,387910719324515.75,1.9844674545084815,18.24445955388046,19.17431556848814,98.0,18.7093875611843,0.46492800730384115,2.3310915247078934,1.9844674545084815,5.535387128915798,5.761006296055405,98.0,5.648196712485602,0.11280958356980335,0.5656132993372,1.9844674545084815,99.0,0.8181818181818182,-0.10473969555600804,-0.0657223659496913,98.0,-0.08523103075284967,0.01950866480315837,0.09781403242349677,1.9844674545084815,QuantileRegressor,"{'mode': 'original', 'type': 'QuantileRegressor'}",3,"['z_lsc_T6W30', 'z_diameter_T6W30', 'z_asp_T6W30']",0.06004930263438896,0.11101273675527473,98.0,0.08553101969483184,0.025481717060442888,0.12776217767363612,1.9844674545084815,7.785947360021068,7.955688075232376,98.0,7.870817717626722,0.08487035760565426,0.42552947597363255,1.9844674545084815,completed,False,COMPLETE
231,6.429382295590655,2026-06-12 07:47:16.757086,2026-06-12 07:47:19.098800,0 days 00:00:02.341714,,,,,,,,,,,,,,0.0001000059204591338,QuantileRegressor,,,,,,3,,,,,,,,False,-0.01201548470135676,0.005705903658190913,98.0,-0.0031547905215829238,0.008860694179773837,0.04442642469590087,1.9844674545084815,6.360551553824754,6.498213037356557,98.0,6.429382295590655,0.06883074176590159,0.3451088259886063,1.9844674545084815,128580216828215.02,283315074585416.4,98.0,205947645706815.7,77367428878600.67,387910719324515.75,1.9844674545084815,18.246279423063477,19.17665285577786,98.0,18.71146613942067,0.4651867163571929,2.332388659903363,1.9844674545084815,5.534812331709292,5.7604790287286605,98.0,5.647645680218976,0.11283334850968416,0.5657324538064319,1.9844674545084815,99.0,0.8181818181818182,-0.1048366946584057,-0.06582065683487498,98.0,-0.08532867574664034,0.01950801891176536,0.09781079400393829,1.9844674545084815,QuantileRegressor,"{'mode': 'original', 'type': 'QuantileRegressor'}",3,"['z_lsc_T6W30', 'z_diameter_T6W30', 'z_asp_T6W30']",0.05991181528538445,0.11089672633827485,98.0,0.08540427081182965,0.025492455526445197,0.12781601901400086,1.9844674545084815,7.786309251821846,7.956031457512601,98.0,7.871170354667224,0.08486110284537751,0.42548307375026584,1.9844674545084815,completed,False,COMPLETE
232,6.432302277829418,2026-06-12 07:47:19.111641,2026-06-12 07:47:21.329719,0 days 00:00:02.218078,,,,,,,,,,,,,,0.00013178181053697297,QuantileRegressor,,,,,,3,,,,,,,,False,-0.012517394435711843,0.005283897297050689,98.0,-0.0036167485693305765,0.008900645866381266,0.04462673751118691,1.9844674545084815,6.363431401956681,6.5011731537021555,98.0,6.432302277829418,0.0688708758727375,0.3453100534363556,1.9844674545084815,129400766951165.44,285184250117574.75,98.0,207292508534370.1,77891741583204.66,390539558376580.6,1.9844674545084815,18.233200862423534,19.159895999395705,98.0,18.69654843090962,0.4633475684860866,2.3231673999498437,1.9844674545084815,5.548050662494417,5.775155659518759,98.0,5.661603161006588,0.1135524985121711,0.569338182971927,1.9844674545084815,99.0,0.8181818181818182,-0.10440596116938272,-0.06536273771980944,98.0,-0.08488434944459608,0.019521611724786638,0.09787894668722058,1.9844674545084815,QuantileRegressor,"{'mode': 'original', 'type': 'QuantileRegressor'}",3,"['z_lsc_T6W30', 'z_diameter_T6W30', 'z_asp_T6W30']",0.058779308346097126,0.10991975121999104,98.0,0.08434952978304408,0.025570221436946955,0.1282059276708983,1.9844674545084815,7.7849726992066195,7.953939114654606,98.0,7.869455906930613,0.08448320772399309,0.4235883543510278,1.9844674545084815,completed,False,COMPLETE
233,6.429382295590655,2026-06-12 07:47:21.342196,2026-06-12 07:47:23.506887,0 days 00:00:02.164691,,,,,,,,,,,,,,0.0001007270587522117,QuantileRegressor,,,,,,3,,,,,,,,False,-0.01201548470135676,0.005705903658190913,98.0,-0.0031547905215829238,0.008860694179773837,0.04442642469590087,1.9844674545084815,6.360551553824754,6.498213037356557,98.0,6.429382295590655,0.06883074176590159,0.3451088259886063,1.9844674545084815,128580216828215.02,283315074585416.4,98.0,205947645706815.7,77367428878600.67,387910719324515.75,1.9844674545084815,18.246279423063477,19.17665285577786,98.0,18.71146613942067,0.4651867163571929,2.332388659903363,1.9844674545084815,5.534812331709292,5.7604790287286605,98.0,5.647645680218976,0.11283334850968416,0.5657324538064319,1.9844674545084815,99.0,0.8181818181818182,-0.1048366946584057,-0.06582065683487498,98.0,-0.08532867574664034,0.01950801891176536,0.09781079400393829,1.9844674545084815,QuantileRegressor,"{'mode': 'original', 'type': 'QuantileRegressor'}",3,"['z_lsc_T6W30', 'z_diameter_T6W30', 'z_asp_T6W30']",0.05991181528538445,0.11089672633827485,98.0,0.08540427081182965,0.025492455526445197,0.12781601901400086,1.9844674545084815,7.786309251821846,7.956031457512601,98.0,7.871170354667224,0.08486110284537751,0.42548307375026584,1.9844674545084815,completed,False,COMPLETE
234,6.432344852896238,2026-06-12 07:47:23.535038,2026-06-12 07:47:25.733599,0 days 00:00:02.198561,,,,,,,,,,,,,,0.00013444257649818206,QuantileRegressor,,,,,,3,,,,,,,,False,-0.012516235773005771,0.005267293532047801,98.0,-0.0036244711204789855,0.008891764652526786,0.044582208203379985,1.9844674545084815,6.363543002006306,6.501146703786169,98.0,6.432344852896238,0.06880185088993138,0.3449639707098157,1.9844674545084815,129523526511680.3,285452142475892.2,98.0,207487834493786.25,77964307982105.95,390903397325407.0,1.9844674545084815,18.230511423753143,19.15782958467849,98.0,18.694170504215815,0.4636590804626738,2.3247292824715666,1.9844674545084815,5.54709196696435,5.773637133323504,98.0,5.660364550143927,0.11327258317957713,0.567934722115203,1.9844674545084815,99.0,0.8181818181818182,-0.10432904775886406,-0.06530970280890033,98.0,-0.0848193752838822,0.019509672474981858,0.09781908476538737,1.9844674545084815,QuantileRegressor,"{'mode': 'original', 'type': 'QuantileRegressor'}",3,"['z_lsc_T6W30', 'z_diameter_T6W30', 'z_asp_T6W30']",0.05846572824991819,0.10958157803810756,98.0,0.08402365314401287,0.02555792489409468,0.12814427432591619,1.9844674545084815,7.784782198088172,7.953672362929534,98.0,7.869227280508853,0.08444508242068083,0.42339719879569027,1.9844674545084815,completed,False,COMPLETE
235,6.429382295590655,2026-06-12 07:47:25.746367,2026-06-12 07:47:28.067871,0 days 00:00:02.321504,,,,,,,,,,,,,,0.00010104642381613264,QuantileRegressor,,,,,,3,,,,,,,,False,-0.01201548470135676,0.005705903658190913,98.0,-0.0031547905215829238,0.008860694179773837,0.04442642469590087,1.9844674545084815,6.360551553824754,6.498213037356557,98.0,6.429382295590655,0.06883074176590159,0.3451088259886063,1.9844674545084815,128580216828215.02,283315074585416.4,98.0,205947645706815.7,77367428878600.67,387910719324515.75,1.9844674545084815,18.246279423063477,19.17665285577786,98.0,18.71146613942067,0.4651867163571929,2.332388659903363,1.9844674545084815,5.534812331709292,5.7604790287286605,98.0,5.647645680218976,0.11283334850968416,0.5657324538064319,1.9844674545084815,99.0,0.8181818181818182,-0.1048366946584057,-0.06582065683487498,98.0,-0.08532867574664034,0.01950801891176536,0.09781079400393829,1.9844674545084815,QuantileRegressor,"{'mode': 'original', 'type': 'QuantileRegressor'}",3,"['z_lsc_T6W30', 'z_diameter_T6W30', 'z_asp_T6W30']",0.05991181528538445,0.11089672633827485,98.0,0.08540427081182965,0.025492455526445197,0.12781601901400086,1.9844674545084815,7.786309251821846,7.956031457512601,98.0,7.871170354667224,0.08486110284537751,0.42548307375026584,1.9844674545084815,completed,False,COMPLETE
236,6.3846919806089835,2026-06-12 07:47:28.081374,2026-06-12 07:47:28.218357,0 days 00:00:00.136983,,,,0.3086751964767327,0.2612613185615572,,,,,,,,,,ElasticNet,,,,,,3,,,,,,,,False,,,,,,,,,,,,,,,,,,,,,,,,,,,,,,,,,,,,,,,,,,,,,ElasticNet,"{'mode': 'original', 'type': 'ElasticNet'}",3,"['z_re_T6W30', 'z_pe_T6W30', 'z_l2_T6W30']",,,,,,,,,,,,,,,pruned,False,PRUNED
237,6.434222942735644,2026-06-12 07:47:28.228161,2026-06-12 07:47:30.461564,0 days 00:00:02.233403,,,,,,,,,,,,,,0.0001703207070312181,QuantileRegressor,,,,,,3,,,,,,,,False,-0.012725473920910018,0.0048999048365034065,98.0,-0.003912784542203306,0.008812689378706712,0.04418573456075112,1.9844674545084815,6.365705641210723,6.502740244260566,98.0,6.434222942735644,0.0685173015249213,0.34353727538771067,1.9844674545084815,129595896588778.39,285602728744657.25,98.0,207599312666717.8,78003416077939.42,391099480480890.6,1.9844674545084815,18.22518712978108,19.15066360465416,98.0,18.68792536721762,0.46273823743653947,2.3201122894315986,1.9844674545084815,5.559057381016388,5.7825068026049005,98.0,5.670782091810644,0.1117247107942559,0.5601738814214445,1.9844674545084815,99.0,0.8383838383838383,-0.10441860030331598,-0.0655123883386137,98.0,-0.08496549432096484,0.01945310598235115,0.09753546736767763,1.9844674545084815,QuantileRegressor,"{'mode': 'original', 'type': 'QuantileRegressor'}",3,"['z_lsc_T6W30', 'z_diameter_T6W30', 'z_asp_T6W30']",0.05876349133616682,0.10989309979088766,98.0,0.08432829556352724,0.025564804227360415,0.1281787664520507,1.9844674545084815,7.7855691939227425,7.9540307118007165,98.0,7.8697999528617295,0.08423075893898714,0.42232260736675203,1.9844674545084815,completed,False,COMPLETE
238,6.432302277829418,2026-06-12 07:47:30.474238,2026-06-12 07:47:32.763689,0 days 00:00:02.289451,,,,,,,,,,,,,,0.00012927913650459416,QuantileRegressor,,,,,,3,,,,,,,,False,-0.012517394435711843,0.005283897297050689,98.0,-0.0036167485693305765,0.008900645866381266,0.04462673751118691,1.9844674545084815,6.363431401956681,6.5011731537021555,98.0,6.432302277829418,0.0688708758727375,0.3453100534363556,1.9844674545084815,129400766951165.44,285184250117574.75,98.0,207292508534370.1,77891741583204.66,390539558376580.6,1.9844674545084815,18.233200862423534,19.159895999395705,98.0,18.69654843090962,0.4633475684860866,2.3231673999498437,1.9844674545084815,5.548050662494417,5.775155659518759,98.0,5.661603161006588,0.1135524985121711,0.569338182971927,1.9844674545084815,99.0,0.8181818181818182,-0.10440596116938272,-0.06536273771980944,98.0,-0.08488434944459608,0.019521611724786638,0.09787894668722058,1.9844674545084815,QuantileRegressor,"{'mode': 'original', 'type': 'QuantileRegressor'}",3,"['z_lsc_T6W30', 'z_diameter_T6W30', 'z_asp_T6W30']",0.058779308346097126,0.10991975121999104,98.0,0.08434952978304408,0.025570221436946955,0.1282059276708983,1.9844674545084815,7.7849726992066195,7.953939114654606,98.0,7.869455906930613,0.08448320772399309,0.4235883543510278,1.9844674545084815,completed,False,COMPLETE
239,6.470040404283877,2026-06-12 07:47:32.776219,2026-06-12 07:47:34.534256,0 days 00:00:01.758037,,,,,,,,,,,,,,,LinearRegression,,,,,,3,,,,,,,,False,-0.014582446205636078,-0.004378164729330383,98.0,-0.00948030546748323,0.005102140738152848,0.025581502610580016,1.9844674545084815,6.4184830313794174,6.521597777188336,98.0,6.470040404283877,0.05155737290445875,0.2585022909476919,1.9844674545084815,162895133658252.94,358543029361200.6,98.0,260719081509726.78,97823947851473.84,490477175321060.94,1.9844674545084815,16.699490806705303,17.26143661736805,98.0,16.980463712036677,0.28097290533137514,1.408763395624995,1.9844674545084815,5.9665650727249755,6.132066130104837,98.0,6.049315601414906,0.08275052868993087,0.41490091597801126,1.9844674545084815,99.0,0.5454545454545454,-0.026263253178154013,-0.0063114319725077,98.0,-0.016287342575330856,0.009975910602823155,0.05001798190722278,1.9844674545084815,LinearRegression,"{'mode': 'original', 'type': 'LinearRegression'}",3,"['z_lsc_T6W30', 'z_diameter_T6W30', 'z_asp_T6W30']",0.02427876417383097,0.07781104827472973,98.0,0.05104490622428035,0.026766142050449384,0.13420212571137705,1.9844674545084815,7.558270425614508,7.688105858910215,98.0,7.623188142262362,0.06491771664785333,0.32548940202327353,1.9844674545084815,completed,False,COMPLETE
