number,value,datetime_start,datetime_complete,duration,params_dt_max_depth,params_dt_min_samples_leaf,params_dt_min_samples_split,params_elastic_alpha,params_elastic_l1_ratio,params_et_max_depth,params_et_max_features,params_et_min_samples_leaf,params_et_min_samples_split,params_et_n_estimators,params_knn_metric,params_knn_n_neighbors,params_knn_weights,params_quantile_alpha,params_regressor,params_rf_max_depth,params_rf_max_features,params_rf_min_samples_leaf,params_rf_min_samples_split,params_rf_n_estimators,params_rfe_n_features,params_rfe_proxy_et_max_depth,params_rfe_proxy_et_min_samples_leaf,params_rfe_proxy_et_min_samples_split,params_rfe_proxy_et_n_estimators,params_rfe_proxy_lsvr_C,params_rfe_proxy_lsvr_epsilon,params_rfe_proxy_type,params_use_scaler,user_attrs_d2mae_ci_lower_val,user_attrs_d2mae_ci_upper_val,user_attrs_d2mae_df_val,user_attrs_d2mae_mean_val,user_attrs_d2mae_samperror_val,user_attrs_d2mae_std_val,user_attrs_d2mae_t_critical_val,user_attrs_mae_ci_lower_val,user_attrs_mae_ci_upper_val,user_attrs_mae_df_val,user_attrs_mae_mean_val,user_attrs_mae_samperror_val,user_attrs_mae_std_val,user_attrs_mae_t_critical_val,user_attrs_mape_ci_lower_val,user_attrs_mape_ci_upper_val,user_attrs_mape_df_val,user_attrs_mape_mean_val,user_attrs_mape_samperror_val,user_attrs_mape_std_val,user_attrs_mape_t_critical_val,user_attrs_max_error_ci_lower_val,user_attrs_max_error_ci_upper_val,user_attrs_max_error_df_val,user_attrs_max_error_mean_val,user_attrs_max_error_samperror_val,user_attrs_max_error_std_val,user_attrs_max_error_t_critical_val,user_attrs_median_ae_ci_lower_val,user_attrs_median_ae_ci_upper_val,user_attrs_median_ae_df_val,user_attrs_median_ae_mean_val,user_attrs_median_ae_samperror_val,user_attrs_median_ae_std_val,user_attrs_median_ae_t_critical_val,user_attrs_n_splits_val,user_attrs_r2_below_zero_val,user_attrs_r2_ci_lower_val,user_attrs_r2_ci_upper_val,user_attrs_r2_df_val,user_attrs_r2_mean_val,user_attrs_r2_samperror_val,user_attrs_r2_std_val,user_attrs_r2_t_critical_val,user_attrs_regressor_final,user_attrs_rfe_estimator,user_attrs_rfe_n_features,user_attrs_rfe_selected_features,user_attrs_rho_ci_lower_val,user_attrs_rho_ci_upper_val,user_attrs_rho_df_val,user_attrs_rho_mean_val,user_attrs_rho_samperror_val,user_attrs_rho_std_val,user_attrs_rho_t_critical_val,user_attrs_rmse_ci_lower_val,user_attrs_rmse_ci_upper_val,user_attrs_rmse_df_val,user_attrs_rmse_mean_val,user_attrs_rmse_samperror_val,user_attrs_rmse_std_val,user_attrs_rmse_t_critical_val,user_attrs_termination_reason,user_attrs_use_scaler_final,state
256,6.432291022155662,2026-06-12 07:48:08.475726,2026-06-12 07:48:10.715446,0 days 00:00:02.239720,,,,,,,,,,,,,,0.0001245140690136628,QuantileRegressor,,,,,,3,,,,,,,,False,-0.012494461346116597,0.005272298504464803,98.0,-0.003611081420825897,0.0088833799252907,0.04454016821807049,1.9844674545084815,6.36340537607768,6.5011766682336445,98.0,6.432291022155662,0.06888564607798209,0.3453841094186216,1.9844674545084815,129236417093978.36,284844188429067.4,98.0,207040302761522.88,77803885667544.52,390099059681786.0,1.9844674545084815,18.2347098147788,19.15746549209148,98.0,18.69608765343514,0.461377838656338,2.3132914182065227,1.9844674545084815,5.553412469298115,5.782032492012574,98.0,5.667722480655344,0.11431001135722996,0.5731362586852278,1.9844674545084815,99.0,0.8181818181818182,-0.10449892385017749,-0.06571664327235767,98.0,-0.08510778356126758,0.019391140288909908,0.09722477904489579,1.9844674545084815,QuantileRegressor,"{'mode': 'original', 'type': 'QuantileRegressor'}",3,"['z_lsc_T6W30', 'z_diameter_T6W30', 'z_asp_T6W30']",0.05888003852832467,0.1099416593817907,98.0,0.08441084895505768,0.02553081042673301,0.12800832574017645,1.9844674545084815,7.785930358520607,7.954948016239408,98.0,7.870439187380008,0.08450882885940059,0.4237168155550498,1.9844674545084815,completed,False,COMPLETE
257,6.429382295590655,2026-06-12 07:48:10.728438,2026-06-12 07:48:13.090271,0 days 00:00:02.361833,,,,,,,,,,,,,,0.00010014803122290403,QuantileRegressor,,,,,,3,,,,,,,,False,-0.01201548470135676,0.005705903658190913,98.0,-0.0031547905215829238,0.008860694179773837,0.04442642469590087,1.9844674545084815,6.360551553824754,6.498213037356557,98.0,6.429382295590655,0.06883074176590159,0.3451088259886063,1.9844674545084815,128580216828215.02,283315074585416.4,98.0,205947645706815.7,77367428878600.67,387910719324515.75,1.9844674545084815,18.246279423063477,19.17665285577786,98.0,18.71146613942067,0.4651867163571929,2.332388659903363,1.9844674545084815,5.534812331709292,5.7604790287286605,98.0,5.647645680218976,0.11283334850968416,0.5657324538064319,1.9844674545084815,99.0,0.8181818181818182,-0.1048366946584057,-0.06582065683487498,98.0,-0.08532867574664034,0.01950801891176536,0.09781079400393829,1.9844674545084815,QuantileRegressor,"{'mode': 'original', 'type': 'QuantileRegressor'}",3,"['z_lsc_T6W30', 'z_diameter_T6W30', 'z_asp_T6W30']",0.05991181528538445,0.11089672633827485,98.0,0.08540427081182965,0.025492455526445197,0.12781601901400086,1.9844674545084815,7.786309251821846,7.956031457512601,98.0,7.871170354667224,0.08486110284537751,0.42548307375026584,1.9844674545084815,completed,False,COMPLETE
258,6.434125224670149,2026-06-12 07:48:13.103198,2026-06-12 07:48:15.319841,0 days 00:00:02.216643,,,,,,,,,,,,,,0.00017438401760523474,QuantileRegressor,,,,,,3,,,,,,,,False,-0.012702940593225466,0.004909138312935735,98.0,-0.0038969011401448653,0.0088060394530806,0.04415239265614774,1.9844674545084815,6.365626619040543,6.502623830299755,98.0,6.434125224670149,0.06849860562960634,0.3434435364809749,1.9844674545084815,129660640243018.12,285734168210757.25,98.0,207697404226887.7,78036763983869.56,391266682756639.3,1.9844674545084815,18.22447247706241,19.14939014305566,98.0,18.686931310059034,0.46245883299662277,2.3187113901275698,1.9844674545084815,5.558782358547546,5.782227871002872,98.0,5.670505114775209,0.11172275622766328,0.5601640814662967,1.9844674545084815,99.0,0.8383838383838383,-0.10428251773160645,-0.06546488268927435,98.0,-0.0848737002104404,0.019408817521166053,0.09731341050104651,1.9844674545084815,QuantileRegressor,"{'mode': 'original', 'type': 'QuantileRegressor'}",3,"['z_lsc_T6W30', 'z_diameter_T6W30', 'z_asp_T6W30']",0.05882323502094261,0.10990935685067826,98.0,0.08436629593581044,0.025543060914867827,0.1280697481725014,1.9844674545084815,7.785344769882731,7.953687237198838,98.0,7.8695160035407845,0.08417123365805339,0.42202415497044404,1.9844674545084815,completed,False,COMPLETE
259,6.432560307467131,2026-06-12 07:48:15.373447,2026-06-12 07:48:17.670135,0 days 00:00:02.296688,,,,,,,,,,,,,,0.0001278431338142477,QuantileRegressor,,,,,,3,,,,,,,,False,-0.012559226836664017,0.005249774510670416,98.0,-0.003654726162996801,0.008904500673667217,0.04464606503814269,1.9844674545084815,6.363608019290599,6.501512595643664,98.0,6.432560307467131,0.068952288176533,0.3457182446582292,1.9844674545084815,129236417093978.36,284844188429067.4,98.0,207040302761522.88,77803885667544.52,390099059681786.0,1.9844674545084815,18.237558137385772,19.166021446330998,98.0,18.701789791858385,0.4642316544726134,2.327600097739458,1.9844674545084815,5.546832188706194,5.773311771451999,98.0,5.660071980079096,0.11323979137290283,0.5677703080523429,1.9844674545084815,99.0,0.8181818181818182,-0.10461997327392722,-0.06555255693610751,98.0,-0.08508626510501736,0.019533708168909862,0.09793959676192414,1.9844674545084815,QuantileRegressor,"{'mode': 'original', 'type': 'QuantileRegressor'}",3,"['z_lsc_T6W30', 'z_diameter_T6W30', 'z_asp_T6W30']",0.05903584410236566,0.11010721870061595,98.0,0.0845715314014908,0.02553568729912514,0.12803277777516203,1.9844674545084815,7.7856230961524275,7.954765309723289,98.0,7.870194202937858,0.0845711067854309,0.4240290693734152,1.9844674545084815,completed,False,COMPLETE
260,6.4334868663873115,2026-06-12 07:48:17.684384,2026-06-12 07:48:19.946685,0 days 00:00:02.262301,,,,,,,,,,,,,,0.00015022353361686164,QuantileRegressor,,,,,,3,,,,,,,,False,-0.012642278904318275,0.0050504976200001685,98.0,-0.0037958906421590526,0.008846388262159222,0.04435469659438686,1.9844674545084815,6.36475177328272,6.502221959491903,98.0,6.4334868663873115,0.06873509310459189,0.3446292554309587,1.9844674545084815,129572807745749.16,285550891120872.6,98.0,207561849433310.88,77989041687561.72,391027409065411.44,1.9844674545084815,18.222637253323462,19.14789394945712,98.0,18.68526560139029,0.46262834806682895,2.3195613177233696,1.9844674545084815,5.555810469477933,5.7787372276022335,98.0,5.667273848540083,0.11146337906214979,0.5588635964390823,1.9844674545084815,99.0,0.8282828282828283,-0.10415217040217867,-0.06511383928806158,98.0,-0.08463300484512012,0.01951916555705854,0.09786668190478243,1.9844674545084815,QuantileRegressor,"{'mode': 'original', 'type': 'QuantileRegressor'}",3,"['z_lsc_T6W30', 'z_diameter_T6W30', 'z_asp_T6W30']",0.058986189756525045,0.11027414009946408,98.0,0.08463016492799456,0.02564397517146952,0.12857571977367593,1.9844674545084815,7.783982138981401,7.953171163059816,98.0,7.868576651020608,0.08459451203920744,0.4241464204210076,1.9844674545084815,completed,False,COMPLETE
261,7.843986408715966,2026-06-12 07:48:19.959669,2026-06-12 07:48:20.127734,0 days 00:00:00.168065,16.0,2.0,20.0,,,,,,,,,,,,DecisionTreeRegressor,,,,,,3,,,,,,,,False,,,,,,,,,,,,,,,,,,,,,,,,,,,,,,,,,,,,,,,,,,,,,DecisionTreeRegressor,"{'mode': 'original', 'type': 'DecisionTreeRegressor'}",3,"['z_re_T6W30', 'z_pe_T6W30', 'z_lsc_T6W30']",,,,,,,,,,,,,,,pruned,False,PRUNED
262,6.429382295590655,2026-06-12 07:48:20.138142,2026-06-12 07:48:22.520119,0 days 00:00:02.381977,,,,,,,,,,,,,,0.00010059496388012356,QuantileRegressor,,,,,,3,,,,,,,,False,-0.01201548470135676,0.005705903658190913,98.0,-0.0031547905215829238,0.008860694179773837,0.04442642469590087,1.9844674545084815,6.360551553824754,6.498213037356557,98.0,6.429382295590655,0.06883074176590159,0.3451088259886063,1.9844674545084815,128580216828215.02,283315074585416.4,98.0,205947645706815.7,77367428878600.67,387910719324515.75,1.9844674545084815,18.246279423063477,19.17665285577786,98.0,18.71146613942067,0.4651867163571929,2.332388659903363,1.9844674545084815,5.534812331709292,5.7604790287286605,98.0,5.647645680218976,0.11283334850968416,0.5657324538064319,1.9844674545084815,99.0,0.8181818181818182,-0.1048366946584057,-0.06582065683487498,98.0,-0.08532867574664034,0.01950801891176536,0.09781079400393829,1.9844674545084815,QuantileRegressor,"{'mode': 'original', 'type': 'QuantileRegressor'}",3,"['z_lsc_T6W30', 'z_diameter_T6W30', 'z_asp_T6W30']",0.05991181528538445,0.11089672633827485,98.0,0.08540427081182965,0.025492455526445197,0.12781601901400086,1.9844674545084815,7.786309251821846,7.956031457512601,98.0,7.871170354667224,0.08486110284537751,0.42548307375026584,1.9844674545084815,completed,False,COMPLETE
263,6.434316648710636,2026-06-12 07:48:22.533067,2026-06-12 07:48:24.772670,0 days 00:00:02.239603,,,,,,,,,,,,,,0.00019425759944456198,QuantileRegressor,,,,,,3,,,,,,,,False,-0.012719522104010578,0.00485937890556425,98.0,-0.003930071599223164,0.008789450504787414,0.04406921772118455,1.9844674545084815,6.36595457573946,6.5026787216818125,98.0,6.434316648710636,0.06836207297117604,0.3427589786184396,1.9844674545084815,130010086118587.92,286485681150690.5,98.0,208247883634639.22,78237797516051.3,392274640022471.9,1.9844674545084815,18.21295220810941,19.138847317799165,98.0,18.675899762954288,0.46294755484487643,2.321161781027895,1.9844674545084815,5.567973196378494,5.78628591012127,98.0,5.677129553249882,0.10915635687138814,0.5472964725151348,1.9844674545084815,99.0,0.8383838383838383,-0.10333568560107574,-0.06450397402179424,98.0,-0.08391982981143499,0.019415855789640755,0.09734869950866114,1.9844674545084815,QuantileRegressor,"{'mode': 'original', 'type': 'QuantileRegressor'}",3,"['z_lsc_T6W30', 'z_diameter_T6W30', 'z_asp_T6W30']",0.05884079513429373,0.10972188017433511,98.0,0.08428133765431442,0.025440542520020686,0.12755573362056963,1.9844674545084815,7.781672513169608,7.950477045206946,98.0,7.866074779188277,0.08440226601866894,0.42318252265168427,1.9844674545084815,completed,False,COMPLETE
264,6.483861236802413,2026-06-12 07:48:24.785005,2026-06-12 07:48:25.149758,0 days 00:00:00.364753,,,,,,,,,,,minkowski,13.0,uniform,,KNeighborsRegressor,,,,,,3,8.0,3.0,12.0,50.0,,,ExtraTrees,,,,,,,,,,,,,,,,,,,,,,,,,,,,,,,,,,,,,,,,,,,,,,KNeighborsRegressor,"{'mode': 'proxy', 'type': 'ExtraTrees'}",3,"['z_pe_T6W30', 'z_l2_T6W30', 'z_lsc_T6W30']",,,,,,,,,,,,,,,pruned,True,PRUNED
265,6.432302277829418,2026-06-12 07:48:25.160214,2026-06-12 07:48:27.512931,0 days 00:00:02.352717,,,,,,,,,,,,,,0.00013208673338495054,QuantileRegressor,,,,,,3,,,,,,,,False,-0.012517394435711843,0.005283897297050689,98.0,-0.0036167485693305765,0.008900645866381266,0.04462673751118691,1.9844674545084815,6.363431401956681,6.5011731537021555,98.0,6.432302277829418,0.0688708758727375,0.3453100534363556,1.9844674545084815,129400766951165.44,285184250117574.75,98.0,207292508534370.1,77891741583204.66,390539558376580.6,1.9844674545084815,18.233200862423534,19.159895999395705,98.0,18.69654843090962,0.4633475684860866,2.3231673999498437,1.9844674545084815,5.548050662494417,5.775155659518759,98.0,5.661603161006588,0.1135524985121711,0.569338182971927,1.9844674545084815,99.0,0.8181818181818182,-0.10440596116938272,-0.06536273771980944,98.0,-0.08488434944459608,0.019521611724786638,0.09787894668722058,1.9844674545084815,QuantileRegressor,"{'mode': 'original', 'type': 'QuantileRegressor'}",3,"['z_lsc_T6W30', 'z_diameter_T6W30', 'z_asp_T6W30']",0.058779308346097126,0.10991975121999104,98.0,0.08434952978304408,0.025570221436946955,0.1282059276708983,1.9844674545084815,7.7849726992066195,7.953939114654606,98.0,7.869455906930613,0.08448320772399309,0.4235883543510278,1.9844674545084815,completed,False,COMPLETE
266,6.426603179612673,2026-06-12 07:48:27.526477,2026-06-12 07:48:29.842165,0 days 00:00:02.315688,,,,,,,,,,,,,,0.00010014095128145186,QuantileRegressor,,,,,,2,,,,,,,,False,-0.011442616618491247,0.005903470969342414,98.0,-0.0027695728245744162,0.00867304379391683,0.04348556887046645,1.9844674545084815,6.359955768550804,6.493250590674543,98.0,6.426603179612673,0.0666474110618698,0.33416187588052887,1.9844674545084815,137343038381016.64,302443756079615.6,98.0,219893397230316.12,82550358849299.48,413897289154787.9,1.9844674545084815,17.799932337413182,18.76001489026661,98.0,18.279973613839896,0.48004127642671407,2.406867586828269,1.9844674545084815,5.704651811895966,5.917534490367274,98.0,5.81109315113162,0.10644133923565369,0.5336837098923898,1.9844674545084815,99.0,0.7474747474747475,-0.07746211537819153,-0.04271240592677754,98.0,-0.060087260652484535,0.017374854725706993,0.0871153726122101,1.9844674545084815,QuantileRegressor,"{'mode': 'original', 'type': 'QuantileRegressor'}",2,"['z_lsc_T6W30', 'z_diameter_T6W30']",0.046113836426110416,0.10027749115745996,98.0,0.07319566379178519,0.02708182736567477,0.13578493283685897,1.9844674545084815,7.7003829139927875,7.861419546675044,98.0,7.780901230333916,0.08051831634112765,0.40370887934890176,1.9844674545084815,completed,False,COMPLETE
267,6.426777923035536,2026-06-12 07:48:29.861097,2026-06-12 07:48:32.120501,0 days 00:00:02.259404,,,,,,,,,,,,,,0.0001285516526063479,QuantileRegressor,,,,,,2,,,,,,,,False,-0.01144906650520345,0.005863776376055892,98.0,-0.002792645064573779,0.00865642144062967,0.043402226446995124,1.9844674545084815,6.360114837511792,6.493441008559281,98.0,6.426777923035536,0.06666308552374495,0.33424046569369886,1.9844674545084815,137358497432339.56,302483369352473.94,98.0,219920933392406.75,82562435960067.19,413957842294438.0,1.9844674545084815,17.794329673936268,18.75344334269296,98.0,18.273886508314614,0.47955683437834623,2.404438654315231,1.9844674545084815,5.714528933567871,5.92376533771943,98.0,5.81914713564365,0.10461820207577949,0.5245427256647277,1.9844674545084815,99.0,0.7373737373737373,-0.07706431706543691,-0.04234778902412552,98.0,-0.059706053044781215,0.0173582640206557,0.08703218886907904,1.9844674545084815,QuantileRegressor,"{'mode': 'original', 'type': 'QuantileRegressor'}",2,"['z_lsc_T6W30', 'z_diameter_T6W30']",0.04634501905826105,0.10055210090175162,98.0,0.07344855998000634,0.027103540921745287,0.13589380192138836,1.9844674545084815,7.698902358217838,7.8602270320719505,98.0,7.779564695144894,0.08066233692705632,0.404430980753781,1.9844674545084815,completed,False,COMPLETE
268,6.430317918585463,2026-06-12 07:48:32.133684,2026-06-12 07:48:34.333484,0 days 00:00:02.199800,,,,,,,,,,,,,,0.00016140926937847113,QuantileRegressor,,,,,,2,,,,,,,,False,-0.012017487658597809,0.005351163587045949,98.0,-0.0033331620357759293,0.008684325622821879,0.04354213456522051,1.9844674545084815,6.363198277636236,6.49743755953469,98.0,6.430317918585463,0.06711964094922677,0.3365295781287012,1.9844674545084815,137687243116161.02,303267916494772.06,98.0,220477579805466.53,82790336689305.52,415100508363283.9,1.9844674545084815,17.799021776902553,18.757043667111038,98.0,18.278032722006795,0.479010945104242,2.4017016330123573,1.9844674545084815,5.720898092823209,5.934437947057003,98.0,5.827668019940106,0.1067699271168967,0.5353312088880499,1.9844674545084815,99.0,0.7373737373737373,-0.07748719806389145,-0.042769704090574776,98.0,-0.060128451077233115,0.017358746986658336,0.08703461040088133,1.9844674545084815,QuantileRegressor,"{'mode': 'original', 'type': 'QuantileRegressor'}",2,"['z_lsc_T6W30', 'z_diameter_T6W30']",0.045514292933701725,0.09968080300822031,98.0,0.07259754797096102,0.027083255037259293,0.13579209100560438,1.9844674545084815,7.700340657138606,7.861970771747797,98.0,7.7811557144432015,0.08081505730459554,0.40519670183777495,1.9844674545084815,completed,False,COMPLETE
269,6.456259388486145,2026-06-12 07:48:34.346150,2026-06-12 07:48:36.161043,0 days 00:00:01.814893,,,,0.0010290609804433572,0.25407236832531066,,,,,,,,,,ElasticNet,,,,,,2,,,,,,,,False,-0.01180488201723057,-0.0028219486547645762,98.0,-0.007313415335997574,0.0044914666812329975,0.022519658419475966,1.9844674545084815,6.4065808200382,6.50593795693409,98.0,6.456259388486145,0.04967856844794458,0.24908219777980192,1.9844674545084815,166042429209697.8,365433270339812.6,98.0,265737849774755.22,99695420565057.42,499860508036712.4,1.9844674545084815,16.49962623955364,17.12223189844511,98.0,16.810929068999375,0.31130282944573645,1.5608338838238616,1.9844674545084815,6.172681276520451,6.337268309198261,98.0,6.254974792859356,0.08229351633890482,0.4126095125748443,1.9844674545084815,99.0,0.4444444444444444,-0.017792764923750273,-0.0012152182723980526,98.0,-0.009503991598074163,0.00828877332567611,0.041558884270615985,1.9844674545084815,ElasticNet,"{'mode': 'original', 'type': 'ElasticNet'}",2,"['z_lsc_T6W30', 'z_diameter_T6W30']",0.022711132211610318,0.07655388768792486,98.0,0.04963250994976759,0.02692137773815727,0.13498045824945443,1.9844674545084815,7.535570549970889,7.661816329919351,98.0,7.59869343994512,0.06312288997423132,0.3164903630721405,1.9844674545084815,completed,False,COMPLETE
270,6.426452378072326,2026-06-12 07:48:36.174496,2026-06-12 07:48:38.485726,0 days 00:00:02.311230,,,,,,,,,,,,,,0.00012617870458516534,QuantileRegressor,,,,,,2,,,,,,,,False,-0.011404163886495535,0.005918890583394916,98.0,-0.002742636651550309,0.008661527234945225,0.0434278262681909,1.9844674545084815,6.359781048856923,6.493123707287729,98.0,6.426452378072326,0.06667132921540263,0.334281798544062,1.9844674545084815,137358497432339.56,302483369352473.94,98.0,219920933392406.75,82562435960067.19,413957842294438.0,1.9844674545084815,17.79948436618631,18.76013584887698,98.0,18.279810107531645,0.48032574134533673,2.4082938587466325,1.9844674545084815,5.710024105673053,5.921016244211783,98.0,5.815520174942418,0.1054960692693645,0.5289442431956941,1.9844674545084815,99.0,0.7373737373737373,-0.07717915328962538,-0.04245931320339385,98.0,-0.05981923324650961,0.017359920043115762,0.08704049196087116,1.9844674545084815,QuantileRegressor,"{'mode': 'original', 'type': 'QuantileRegressor'}",2,"['z_lsc_T6W30', 'z_diameter_T6W30']",0.04637992724179879,0.1005859275603265,98.0,0.07348292740106264,0.027103000159263854,0.13589109060518986,1.9844674545084815,7.699286962711335,7.86068750581857,98.0,7.7799872342649525,0.08070027155361746,0.40462118027947197,1.9844674545084815,completed,False,COMPLETE
271,6.426715218331713,2026-06-12 07:48:38.503491,2026-06-12 07:48:40.782596,0 days 00:00:02.279105,,,,,,,,,,,,,,0.00013172833926167174,QuantileRegressor,,,,,,2,,,,,,,,False,-0.011439964461075048,0.005875043375844614,98.0,-0.002782460542615217,0.008657503918459831,0.043407653856950924,1.9844674545084815,6.3600372532789535,6.493393183384473,98.0,6.426715218331713,0.06667796505275944,0.3343150698118256,1.9844674545084815,137358497432339.56,302483369352473.94,98.0,219920933392406.75,82562435960067.19,413957842294438.0,1.9844674545084815,17.793175959378797,18.752400334580624,98.0,18.27278814697971,0.47961218760091495,2.4047161885269115,1.9844674545084815,5.713012757929726,5.922834929782753,98.0,5.8179238438562395,0.10491108592651341,0.5260112090674139,1.9844674545084815,99.0,0.7373737373737373,-0.07705474297493241,-0.042338284719066865,98.0,-0.05969651384699964,0.017358229127932768,0.08703201392128192,1.9844674545084815,QuantileRegressor,"{'mode': 'original', 'type': 'QuantileRegressor'}",2,"['z_lsc_T6W30', 'z_diameter_T6W30']",0.04638696419673642,0.10058986280783767,98.0,0.07348841350228705,0.027101449305550626,0.13588331481648672,1.9844674545084815,7.698863037523187,7.8601996596998225,98.0,7.7795313486115045,0.08066831108831805,0.40446093445944226,1.9844674545084815,completed,False,COMPLETE
