number,value,datetime_start,datetime_complete,duration,params_dt_max_depth,params_dt_min_samples_leaf,params_dt_min_samples_split,params_elastic_alpha,params_elastic_l1_ratio,params_et_max_depth,params_et_max_features,params_et_min_samples_leaf,params_et_min_samples_split,params_et_n_estimators,params_knn_metric,params_knn_n_neighbors,params_knn_weights,params_quantile_alpha,params_regressor,params_rf_max_depth,params_rf_max_features,params_rf_min_samples_leaf,params_rf_min_samples_split,params_rf_n_estimators,params_rfe_n_features,params_rfe_proxy_et_max_depth,params_rfe_proxy_et_min_samples_leaf,params_rfe_proxy_et_min_samples_split,params_rfe_proxy_et_n_estimators,params_rfe_proxy_lsvr_C,params_rfe_proxy_lsvr_epsilon,params_rfe_proxy_type,params_use_scaler,user_attrs_d2mae_ci_lower_val,user_attrs_d2mae_ci_upper_val,user_attrs_d2mae_df_val,user_attrs_d2mae_mean_val,user_attrs_d2mae_samperror_val,user_attrs_d2mae_std_val,user_attrs_d2mae_t_critical_val,user_attrs_mae_ci_lower_val,user_attrs_mae_ci_upper_val,user_attrs_mae_df_val,user_attrs_mae_mean_val,user_attrs_mae_samperror_val,user_attrs_mae_std_val,user_attrs_mae_t_critical_val,user_attrs_mape_ci_lower_val,user_attrs_mape_ci_upper_val,user_attrs_mape_df_val,user_attrs_mape_mean_val,user_attrs_mape_samperror_val,user_attrs_mape_std_val,user_attrs_mape_t_critical_val,user_attrs_max_error_ci_lower_val,user_attrs_max_error_ci_upper_val,user_attrs_max_error_df_val,user_attrs_max_error_mean_val,user_attrs_max_error_samperror_val,user_attrs_max_error_std_val,user_attrs_max_error_t_critical_val,user_attrs_median_ae_ci_lower_val,user_attrs_median_ae_ci_upper_val,user_attrs_median_ae_df_val,user_attrs_median_ae_mean_val,user_attrs_median_ae_samperror_val,user_attrs_median_ae_std_val,user_attrs_median_ae_t_critical_val,user_attrs_n_splits_val,user_attrs_r2_below_zero_val,user_attrs_r2_ci_lower_val,user_attrs_r2_ci_upper_val,user_attrs_r2_df_val,user_attrs_r2_mean_val,user_attrs_r2_samperror_val,user_attrs_r2_std_val,user_attrs_r2_t_critical_val,user_attrs_regressor_final,user_attrs_rfe_estimator,user_attrs_rfe_n_features,user_attrs_rfe_selected_features,user_attrs_rho_ci_lower_val,user_attrs_rho_ci_upper_val,user_attrs_rho_df_val,user_attrs_rho_mean_val,user_attrs_rho_samperror_val,user_attrs_rho_std_val,user_attrs_rho_t_critical_val,user_attrs_rmse_ci_lower_val,user_attrs_rmse_ci_upper_val,user_attrs_rmse_df_val,user_attrs_rmse_mean_val,user_attrs_rmse_samperror_val,user_attrs_rmse_std_val,user_attrs_rmse_t_critical_val,user_attrs_termination_reason,user_attrs_use_scaler_final,state
13,6.647801544860369,2026-06-12 07:37:30.949787,2026-06-12 07:37:32.688474,0 days 00:00:01.738687,,,,,,,,,,,euclidean,16.0,uniform,,KNeighborsRegressor,,,,,,5,,,,,0.0011396432463391681,0.00026430789875605035,LinearSVR,,-0.044751228351243955,-0.029672489952875705,98.0,-0.03721185915205983,0.0075393691991841255,0.03780146466929494,1.9844674545084815,6.584285429114221,6.711317660606516,98.0,6.647801544860369,0.06351611574614795,0.3184619484569988,1.9844674545084815,174176227800535.88,384648324892596.2,98.0,279412276346566.03,105236048546030.14,527640531449163.44,1.9844674545084815,16.400337996394406,17.121126650070238,98.0,16.76073232323232,0.36039432683791733,1.806972579941055,1.9844674545084815,6.219569626236571,6.409218252551308,98.0,6.3143939393939394,0.09482431315736853,0.47543737797007246,1.9844674545084815,99.0,0.7777777777777778,-0.07028294860105408,-0.043649121968291384,98.0,-0.056966035284672735,0.013316913316381351,0.06676935628616362,1.9844674545084815,KNeighborsRegressor,"{'mode': 'proxy', 'type': 'LinearSVR'}",5,"['z_re_T6W30', 'z_l3_T6W30', 'z_lsc_T6W30', 'z_diameter_T6W30', 'z_asp_T6W30']",-0.050316069178086426,0.002892277774484659,98.0,-0.023711895701800885,0.026604173476285544,0.13339003531335633,1.9844674545084815,7.700264888790472,7.844801144713668,98.0,7.77253301675207,0.07226812796159837,0.3623434552259456,1.9844674545084815,completed,True,COMPLETE
14,6.43236284412755,2026-06-12 07:37:32.701461,2026-06-12 07:37:34.914148,0 days 00:00:02.212687,,,,,,,,,,,,,,0.03377108460750236,QuantileRegressor,,,,,,6,,,,,,,,False,-0.004618760704527799,-0.0023266854860824436,98.0,-0.0034727230953051215,0.001146037609222678,0.005746090826723593,1.9844674545084815,6.387146941252938,6.477578747002163,98.0,6.43236284412755,0.04521590287461224,0.22670694455311866,1.9844674545084815,159975467009718.8,352020212552703.8,98.0,255997839781211.3,96022372771492.52,481444300695108.6,1.9844674545084815,17.65307108337025,18.14490871460955,98.0,17.8989898989899,0.24591881561964796,1.2330065254221743,1.9844674545084815,5.956835168213341,6.06336685198868,98.0,6.01010101010101,0.05326584188766987,0.26706834312012434,1.9844674545084815,99.0,1.0,-0.03940786471611372,-0.03383770038410198,98.0,-0.03662278255010785,0.0027850821660058717,0.013964057511701019,1.9844674545084815,QuantileRegressor,"{'mode': 'original', 'type': 'QuantileRegressor'}",6,"['z_l2_T6W30', 'z_l3_T6W30', 'z_lsc_T6W30', 'z_density_T6W30', 'z_diameter_T6W30', 'z_asp_T6W30']",,,,,,,,7.641821067877172,7.76254996760978,98.0,7.702185517743476,0.06036444986630419,0.3026598855444638,1.9844674545084815,completed,False,COMPLETE
15,6.43236284412755,2026-06-12 07:37:34.926884,2026-06-12 07:37:37.068319,0 days 00:00:02.141435,,,,,,,,,,,,,,1.4657437167969012,QuantileRegressor,,,,,,5,,,,,,,,False,-0.004618760704527799,-0.0023266854860824436,98.0,-0.0034727230953051215,0.001146037609222678,0.005746090826723593,1.9844674545084815,6.387146941252938,6.477578747002163,98.0,6.43236284412755,0.04521590287461224,0.22670694455311866,1.9844674545084815,159975467009718.8,352020212552703.8,98.0,255997839781211.3,96022372771492.52,481444300695108.6,1.9844674545084815,17.65307108337025,18.14490871460955,98.0,17.8989898989899,0.24591881561964796,1.2330065254221743,1.9844674545084815,5.956835168213341,6.06336685198868,98.0,6.01010101010101,0.05326584188766987,0.26706834312012434,1.9844674545084815,99.0,1.0,-0.03940786471611372,-0.03383770038410198,98.0,-0.03662278255010785,0.0027850821660058717,0.013964057511701019,1.9844674545084815,QuantileRegressor,"{'mode': 'original', 'type': 'QuantileRegressor'}",5,"['z_l3_T6W30', 'z_lsc_T6W30', 'z_density_T6W30', 'z_diameter_T6W30', 'z_asp_T6W30']",,,,,,,,7.641821067877172,7.76254996760978,98.0,7.702185517743476,0.06036444986630419,0.3026598855444638,1.9844674545084815,completed,False,COMPLETE
16,6.43236284412755,2026-06-12 07:37:37.081044,2026-06-12 07:37:39.316926,0 days 00:00:02.235882,,,,,,,,,,,,,,0.451394758168731,QuantileRegressor,,,,,,7,,,,,,,,False,-0.004618760704527799,-0.0023266854860824436,98.0,-0.0034727230953051215,0.001146037609222678,0.005746090826723593,1.9844674545084815,6.387146941252938,6.477578747002163,98.0,6.43236284412755,0.04521590287461224,0.22670694455311866,1.9844674545084815,159975467009718.8,352020212552703.8,98.0,255997839781211.3,96022372771492.52,481444300695108.6,1.9844674545084815,17.65307108337025,18.14490871460955,98.0,17.8989898989899,0.24591881561964796,1.2330065254221743,1.9844674545084815,5.956835168213341,6.06336685198868,98.0,6.01010101010101,0.05326584188766987,0.26706834312012434,1.9844674545084815,99.0,1.0,-0.03940786471611372,-0.03383770038410198,98.0,-0.03662278255010785,0.0027850821660058717,0.013964057511701019,1.9844674545084815,QuantileRegressor,"{'mode': 'original', 'type': 'QuantileRegressor'}",7,"['z_l1_T6W30', 'z_l2_T6W30', 'z_l3_T6W30', 'z_lsc_T6W30', 'z_density_T6W30', 'z_diameter_T6W30', 'z_asp_T6W30']",,,,,,,,7.641821067877172,7.76254996760978,98.0,7.702185517743476,0.06036444986630419,0.3026598855444638,1.9844674545084815,completed,False,COMPLETE
17,7.8681728251325245,2026-06-12 07:37:39.329325,2026-06-12 07:37:41.316114,0 days 00:00:01.986789,,,,,,,,,,,manhattan,2.0,distance,,KNeighborsRegressor,,,,,,4,11.0,4.0,8.0,80.0,,,ExtraTrees,,-0.24423865783846643,-0.2104002118012953,98.0,-0.22731943481988087,0.016919223018585557,0.08483089158681803,1.9844674545084815,7.743774869478939,7.99257078078611,98.0,7.8681728251325245,0.12439795565358566,0.6237159636751057,1.9844674545084815,178867183221587.22,435253143284026.4,98.0,307060163252806.8,128192980031219.6,642743746522743.2,1.9844674545084815,22.46201544090491,23.804077285345908,98.0,23.13304636312541,0.6710309222204999,3.3644660485744096,1.9844674545084815,6.845916455865939,7.192022238923616,98.0,7.018969347394777,0.17305289152883893,0.8676657943418715,1.9844674545084815,99.0,1.0,-0.6591554834916744,-0.5836581067575501,98.0,-0.6214067951246123,0.03774868836706214,0.1892672545833334,1.9844674545084815,KNeighborsRegressor,"{'mode': 'proxy', 'type': 'ExtraTrees'}",4,"['z_pe_T6W30', 'z_l2_T6W30', 'z_lsc_T6W30', 'z_density_T6W30']",-0.09180439814110819,-0.04253547190276858,98.0,-0.06716993502193838,0.0246344631191698,0.12351415120340818,1.9844674545084815,9.480897067822179,9.753567109400537,98.0,9.617232088611358,0.1363350207891783,0.6835669318472187,1.9844674545084815,completed,True,COMPLETE
18,6.94758296805858,2026-06-12 07:37:41.329097,2026-06-12 07:37:43.064261,0 days 00:00:01.735164,3.0,1.0,20.0,,,,,,,,,,,,DecisionTreeRegressor,,,,,,6,,,,,,,,False,-0.09608442033763014,-0.07114527424885116,98.0,-0.08361484729324065,0.01246957304438949,0.06252089696438941,1.9844674545084815,6.849171728117178,7.045994207999981,98.0,6.94758296805858,0.09841123994140105,0.49342178522162694,1.9844674545084815,159211475679886.06,353966277871681.75,98.0,256588876775783.9,97377401095897.86,488238245119059.4,1.9844674545084815,18.853877742632722,19.91219074993249,98.0,19.383034246282605,0.5291565036498823,2.6531252613830456,1.9844674545084815,6.246674619425889,6.4985259066996335,98.0,6.372600263062761,0.12592564363687236,0.6313756022735403,1.9844674545084815,99.0,0.9797979797979798,-0.24711969519527924,-0.187378753914017,98.0,-0.21724922455464812,0.02987047064063112,0.14976684530838735,1.9844674545084815,DecisionTreeRegressor,"{'mode': 'original', 'type': 'DecisionTreeRegressor'}",6,"['z_pe_T6W30', 'z_l2_T6W30', 'z_l3_T6W30', 'z_lsc_T6W30', 'z_diameter_T6W30', 'z_asp_T6W30']",-0.07985435714078642,-0.025844439766938225,98.0,-0.05284939845386233,0.027004958686924103,0.13539952278898876,1.9844674545084815,8.208564512906301,8.457910360003522,98.0,8.333237436454912,0.12467292354861,0.6250946186917717,1.9844674545084815,completed,False,COMPLETE
19,6.468402438729214,2026-06-12 07:37:43.076368,2026-06-12 07:37:45.284728,0 days 00:00:02.208360,,,,,,,,,,,,,,0.0006433288892232992,QuantileRegressor,,,,,,4,,,,,,,,False,-0.01854669372962854,0.00018618485191715037,98.0,-0.009180254438855695,0.009366439290772846,0.04696216813013493,1.9844674545084815,6.3952780420414355,6.541526835416993,98.0,6.468402438729214,0.07312439668777816,0.36663668071271577,1.9844674545084815,133919956232344.48,295189471984192.7,98.0,214554714108268.6,80634757875924.11,404292702802477.0,1.9844674545084815,17.959918364041947,18.77936433953871,98.0,18.369641351790328,0.4097229877483808,2.054300384605708,1.9844674545084815,5.597175274227489,5.8110412115297585,98.0,5.704108242878624,0.10693296865113468,0.5361486789751748,1.9844674545084815,99.0,0.7373737373737373,-0.09858454585910036,-0.05616155685670972,98.0,-0.07737305135790504,0.021211494501195315,0.10635180991755229,1.9844674545084815,QuantileRegressor,"{'mode': 'original', 'type': 'QuantileRegressor'}",4,"['z_l2_T6W30', 'z_lsc_T6W30', 'z_diameter_T6W30', 'z_asp_T6W30']",0.061223126479209425,0.1156282175519421,98.0,0.08842567201557576,0.02720254553636633,0.1363901988138631,1.9844674545084815,7.751502348042611,7.930141018585371,98.0,7.840821683313991,0.08931933527138053,0.447836099724547,1.9844674545084815,completed,False,COMPLETE
20,6.43236284412755,2026-06-12 07:37:45.314453,2026-06-12 07:37:47.501132,0 days 00:00:02.186679,,,,,,,,,,,,,,0.33860550288793867,QuantileRegressor,,,,,,7,,,,,,,,False,-0.004618760704527799,-0.0023266854860824436,98.0,-0.0034727230953051215,0.001146037609222678,0.005746090826723593,1.9844674545084815,6.387146941252938,6.477578747002163,98.0,6.43236284412755,0.04521590287461224,0.22670694455311866,1.9844674545084815,159975467009718.8,352020212552703.8,98.0,255997839781211.3,96022372771492.52,481444300695108.6,1.9844674545084815,17.65307108337025,18.14490871460955,98.0,17.8989898989899,0.24591881561964796,1.2330065254221743,1.9844674545084815,5.956835168213341,6.06336685198868,98.0,6.01010101010101,0.05326584188766987,0.26706834312012434,1.9844674545084815,99.0,1.0,-0.03940786471611372,-0.03383770038410198,98.0,-0.03662278255010785,0.0027850821660058717,0.013964057511701019,1.9844674545084815,QuantileRegressor,"{'mode': 'original', 'type': 'QuantileRegressor'}",7,"['z_l1_T6W30', 'z_l2_T6W30', 'z_l3_T6W30', 'z_lsc_T6W30', 'z_density_T6W30', 'z_diameter_T6W30', 'z_asp_T6W30']",,,,,,,,7.641821067877172,7.76254996760978,98.0,7.702185517743476,0.06036444986630419,0.3026598855444638,1.9844674545084815,completed,False,COMPLETE
21,6.43236284412755,2026-06-12 07:37:47.513005,2026-06-12 07:37:49.645077,0 days 00:00:02.132072,,,,,,,,,,,,,,7.650436292875533,QuantileRegressor,,,,,,6,,,,,,,,False,-0.004618760704527799,-0.0023266854860824436,98.0,-0.0034727230953051215,0.001146037609222678,0.005746090826723593,1.9844674545084815,6.387146941252938,6.477578747002163,98.0,6.43236284412755,0.04521590287461224,0.22670694455311866,1.9844674545084815,159975467009718.8,352020212552703.8,98.0,255997839781211.3,96022372771492.52,481444300695108.6,1.9844674545084815,17.65307108337025,18.14490871460955,98.0,17.8989898989899,0.24591881561964796,1.2330065254221743,1.9844674545084815,5.956835168213341,6.06336685198868,98.0,6.01010101010101,0.05326584188766987,0.26706834312012434,1.9844674545084815,99.0,1.0,-0.03940786471611372,-0.03383770038410198,98.0,-0.03662278255010785,0.0027850821660058717,0.013964057511701019,1.9844674545084815,QuantileRegressor,"{'mode': 'original', 'type': 'QuantileRegressor'}",6,"['z_l2_T6W30', 'z_l3_T6W30', 'z_lsc_T6W30', 'z_density_T6W30', 'z_diameter_T6W30', 'z_asp_T6W30']",,,,,,,,7.641821067877172,7.76254996760978,98.0,7.702185517743476,0.06036444986630419,0.3026598855444638,1.9844674545084815,completed,False,COMPLETE
22,6.43236284412755,2026-06-12 07:37:49.657543,2026-06-12 07:37:51.915307,0 days 00:00:02.257764,,,,,,,,,,,,,,7.519102299872907,QuantileRegressor,,,,,,6,,,,,,,,False,-0.004618760704527799,-0.0023266854860824436,98.0,-0.0034727230953051215,0.001146037609222678,0.005746090826723593,1.9844674545084815,6.387146941252938,6.477578747002163,98.0,6.43236284412755,0.04521590287461224,0.22670694455311866,1.9844674545084815,159975467009718.8,352020212552703.8,98.0,255997839781211.3,96022372771492.52,481444300695108.6,1.9844674545084815,17.65307108337025,18.14490871460955,98.0,17.8989898989899,0.24591881561964796,1.2330065254221743,1.9844674545084815,5.956835168213341,6.06336685198868,98.0,6.01010101010101,0.05326584188766987,0.26706834312012434,1.9844674545084815,99.0,1.0,-0.03940786471611372,-0.03383770038410198,98.0,-0.03662278255010785,0.0027850821660058717,0.013964057511701019,1.9844674545084815,QuantileRegressor,"{'mode': 'original', 'type': 'QuantileRegressor'}",6,"['z_l2_T6W30', 'z_l3_T6W30', 'z_lsc_T6W30', 'z_density_T6W30', 'z_diameter_T6W30', 'z_asp_T6W30']",,,,,,,,7.641821067877172,7.76254996760978,98.0,7.702185517743476,0.06036444986630419,0.3026598855444638,1.9844674545084815,completed,False,COMPLETE
23,6.43236284412755,2026-06-12 07:37:51.927637,2026-06-12 07:37:54.111144,0 days 00:00:02.183507,,,,,,,,,,,,,,1.1065975650776998,QuantileRegressor,,,,,,5,,,,,,,,False,-0.004618760704527799,-0.0023266854860824436,98.0,-0.0034727230953051215,0.001146037609222678,0.005746090826723593,1.9844674545084815,6.387146941252938,6.477578747002163,98.0,6.43236284412755,0.04521590287461224,0.22670694455311866,1.9844674545084815,159975467009718.8,352020212552703.8,98.0,255997839781211.3,96022372771492.52,481444300695108.6,1.9844674545084815,17.65307108337025,18.14490871460955,98.0,17.8989898989899,0.24591881561964796,1.2330065254221743,1.9844674545084815,5.956835168213341,6.06336685198868,98.0,6.01010101010101,0.05326584188766987,0.26706834312012434,1.9844674545084815,99.0,1.0,-0.03940786471611372,-0.03383770038410198,98.0,-0.03662278255010785,0.0027850821660058717,0.013964057511701019,1.9844674545084815,QuantileRegressor,"{'mode': 'original', 'type': 'QuantileRegressor'}",5,"['z_l3_T6W30', 'z_lsc_T6W30', 'z_density_T6W30', 'z_diameter_T6W30', 'z_asp_T6W30']",,,,,,,,7.641821067877172,7.76254996760978,98.0,7.702185517743476,0.06036444986630419,0.3026598855444638,1.9844674545084815,completed,False,COMPLETE
24,6.43236284412755,2026-06-12 07:37:54.124120,2026-06-12 07:37:56.331758,0 days 00:00:02.207638,,,,,,,,,,,,,,9.959327167494518,QuantileRegressor,,,,,,8,,,,,,,,False,-0.004618760704527799,-0.0023266854860824436,98.0,-0.0034727230953051215,0.001146037609222678,0.005746090826723593,1.9844674545084815,6.387146941252938,6.477578747002163,98.0,6.43236284412755,0.04521590287461224,0.22670694455311866,1.9844674545084815,159975467009718.8,352020212552703.8,98.0,255997839781211.3,96022372771492.52,481444300695108.6,1.9844674545084815,17.65307108337025,18.14490871460955,98.0,17.8989898989899,0.24591881561964796,1.2330065254221743,1.9844674545084815,5.956835168213341,6.06336685198868,98.0,6.01010101010101,0.05326584188766987,0.26706834312012434,1.9844674545084815,99.0,1.0,-0.03940786471611372,-0.03383770038410198,98.0,-0.03662278255010785,0.0027850821660058717,0.013964057511701019,1.9844674545084815,QuantileRegressor,"{'mode': 'original', 'type': 'QuantileRegressor'}",8,"['z_pe_T6W30', 'z_l1_T6W30', 'z_l2_T6W30', 'z_l3_T6W30', 'z_lsc_T6W30', 'z_density_T6W30', 'z_diameter_T6W30', 'z_asp_T6W30']",,,,,,,,7.641821067877172,7.76254996760978,98.0,7.702185517743476,0.06036444986630419,0.3026598855444638,1.9844674545084815,completed,False,COMPLETE
25,6.43236284412755,2026-06-12 07:37:56.344630,2026-06-12 07:37:58.425835,0 days 00:00:02.081205,,,,,,,,,,,,,,1.3358589404922976,QuantileRegressor,,,,,,3,,,,,,,,False,-0.004618760704527799,-0.0023266854860824436,98.0,-0.0034727230953051215,0.001146037609222678,0.005746090826723593,1.9844674545084815,6.387146941252938,6.477578747002163,98.0,6.43236284412755,0.04521590287461224,0.22670694455311866,1.9844674545084815,159975467009718.8,352020212552703.8,98.0,255997839781211.3,96022372771492.52,481444300695108.6,1.9844674545084815,17.65307108337025,18.14490871460955,98.0,17.8989898989899,0.24591881561964796,1.2330065254221743,1.9844674545084815,5.956835168213341,6.06336685198868,98.0,6.01010101010101,0.05326584188766987,0.26706834312012434,1.9844674545084815,99.0,1.0,-0.03940786471611372,-0.03383770038410198,98.0,-0.03662278255010785,0.0027850821660058717,0.013964057511701019,1.9844674545084815,QuantileRegressor,"{'mode': 'original', 'type': 'QuantileRegressor'}",3,"['z_density_T6W30', 'z_diameter_T6W30', 'z_asp_T6W30']",,,,,,,,7.641821067877172,7.76254996760978,98.0,7.702185517743476,0.06036444986630419,0.3026598855444638,1.9844674545084815,completed,False,COMPLETE
26,6.809469526561171,2026-06-12 07:37:58.438760,2026-06-12 07:38:44.687583,0 days 00:00:46.248823,,,,,,,,,,,,,,,RandomForestRegressor,19.0,log2,1.0,2.0,491.0,8,,,,,,,,False,-0.07127813251255558,-0.0532669586513043,98.0,-0.06227254558192993,0.009005586930625637,0.04515289902783224,1.9844674545084815,6.734032762811409,6.884906290310933,98.0,6.809469526561171,0.07543676374976234,0.37823060315990087,1.9844674545084815,160261225222423.2,354965071527603.6,98.0,257613148375013.4,97351923152590.22,488110501862515.5,1.9844674545084815,18.17523885247128,19.006853830321887,98.0,18.591046341396584,0.41580748892530467,2.0848073209545293,1.9844674545084815,6.25112689634056,6.472687634423508,98.0,6.361907265382034,0.11078036904147383,0.5554390686724688,1.9844674545084815,99.0,0.98989898989899,-0.17701889530677975,-0.14235631966869974,98.0,-0.15968760748773975,0.017331287819040014,0.08689693353068845,1.9844674545084815,RandomForestRegressor,"{'mode': 'original', 'type': 'RandomForestRegressor'}",8,"['z_re_T6W30', 'z_pe_T6W30', 'z_l1_T6W30', 'z_l2_T6W30', 'z_l3_T6W30', 'z_lsc_T6W30', 'z_density_T6W30', 'z_diameter_T6W30']",-0.11341804987751654,-0.06301467843553941,98.0,-0.08821636415652798,0.02520168572098856,0.12635813517286248,1.9844674545084815,8.05324046424834,8.229673534370654,98.0,8.141456999309497,0.0882165350611564,0.44230679586865024,1.9844674545084815,completed,False,COMPLETE
27,6.6229134604799365,2026-06-12 07:38:44.717105,2026-06-12 07:38:46.495444,0 days 00:00:01.778339,,,,,,,,,,,minkowski,20.0,distance,,KNeighborsRegressor,,,,,,4,,,,,7.4910104974988885,0.6592318760277409,LinearSVR,,-0.040307480382658245,-0.02609392530916385,98.0,-0.03320070284591105,0.007106777536747196,0.0356325035782781,1.9844674545084815,6.558002185357068,6.687824735602805,98.0,6.6229134604799365,0.06491127512286929,0.3254571050137138,1.9844674545084815,165582980272703.1,365117061595860.0,98.0,265350020934281.56,99767040661578.47,500219602342446.2,1.9844674545084815,17.078208635827412,17.682139972706,98.0,17.380174304266706,0.30196566843929284,1.5140185133901134,1.9844674545084815,6.327193686208872,6.527280379312817,98.0,6.427237032760845,0.10004334655197275,0.5016049659024092,1.9844674545084815,99.0,0.8282828282828283,-0.08450778682447029,-0.056625057176198985,98.0,-0.07056642200033464,0.013941364824135652,0.06990027891170855,1.9844674545084815,KNeighborsRegressor,"{'mode': 'proxy', 'type': 'LinearSVR'}",4,"['z_l2_T6W30', 'z_lsc_T6W30', 'z_diameter_T6W30', 'z_asp_T6W30']",-0.05577753928245194,-0.0004174772657129476,98.0,-0.028097508274082444,0.027680031008369497,0.13878425191342247,1.9844674545084815,7.7440854903031155,7.902526333887579,98.0,7.823305912095347,0.07922042179223178,0.39720139660885145,1.9844674545084815,completed,True,COMPLETE
