number,value,datetime_start,datetime_complete,duration,params_dt_max_depth,params_dt_min_samples_leaf,params_dt_min_samples_split,params_elastic_alpha,params_elastic_l1_ratio,params_et_max_depth,params_et_max_features,params_et_min_samples_leaf,params_et_min_samples_split,params_et_n_estimators,params_knn_metric,params_knn_n_neighbors,params_knn_weights,params_quantile_alpha,params_regressor,params_rf_max_depth,params_rf_max_features,params_rf_min_samples_leaf,params_rf_min_samples_split,params_rf_n_estimators,params_rfe_n_features,params_rfe_proxy_et_max_depth,params_rfe_proxy_et_min_samples_leaf,params_rfe_proxy_et_min_samples_split,params_rfe_proxy_et_n_estimators,params_rfe_proxy_lsvr_C,params_rfe_proxy_lsvr_epsilon,params_rfe_proxy_type,params_use_scaler,user_attrs_d2mae_ci_lower_val,user_attrs_d2mae_ci_upper_val,user_attrs_d2mae_df_val,user_attrs_d2mae_mean_val,user_attrs_d2mae_samperror_val,user_attrs_d2mae_std_val,user_attrs_d2mae_t_critical_val,user_attrs_mae_ci_lower_val,user_attrs_mae_ci_upper_val,user_attrs_mae_df_val,user_attrs_mae_mean_val,user_attrs_mae_samperror_val,user_attrs_mae_std_val,user_attrs_mae_t_critical_val,user_attrs_mape_ci_lower_val,user_attrs_mape_ci_upper_val,user_attrs_mape_df_val,user_attrs_mape_mean_val,user_attrs_mape_samperror_val,user_attrs_mape_std_val,user_attrs_mape_t_critical_val,user_attrs_max_error_ci_lower_val,user_attrs_max_error_ci_upper_val,user_attrs_max_error_df_val,user_attrs_max_error_mean_val,user_attrs_max_error_samperror_val,user_attrs_max_error_std_val,user_attrs_max_error_t_critical_val,user_attrs_median_ae_ci_lower_val,user_attrs_median_ae_ci_upper_val,user_attrs_median_ae_df_val,user_attrs_median_ae_mean_val,user_attrs_median_ae_samperror_val,user_attrs_median_ae_std_val,user_attrs_median_ae_t_critical_val,user_attrs_n_splits_val,user_attrs_r2_below_zero_val,user_attrs_r2_ci_lower_val,user_attrs_r2_ci_upper_val,user_attrs_r2_df_val,user_attrs_r2_mean_val,user_attrs_r2_samperror_val,user_attrs_r2_std_val,user_attrs_r2_t_critical_val,user_attrs_regressor_final,user_attrs_rfe_estimator,user_attrs_rfe_n_features,user_attrs_rfe_selected_features,user_attrs_rho_ci_lower_val,user_attrs_rho_ci_upper_val,user_attrs_rho_df_val,user_attrs_rho_mean_val,user_attrs_rho_samperror_val,user_attrs_rho_std_val,user_attrs_rho_t_critical_val,user_attrs_rmse_ci_lower_val,user_attrs_rmse_ci_upper_val,user_attrs_rmse_df_val,user_attrs_rmse_mean_val,user_attrs_rmse_samperror_val,user_attrs_rmse_std_val,user_attrs_rmse_t_critical_val,user_attrs_termination_reason,user_attrs_use_scaler_final,state
113,6.43236284412755,2026-06-12 07:43:04.682243,2026-06-12 07:43:06.919389,0 days 00:00:02.237146,,,,,,,,,,,,,,4.3140016623312505,QuantileRegressor,,,,,,8,,,,,,,,False,-0.004618760704527799,-0.0023266854860824436,98.0,-0.0034727230953051215,0.001146037609222678,0.005746090826723593,1.9844674545084815,6.387146941252938,6.477578747002163,98.0,6.43236284412755,0.04521590287461224,0.22670694455311866,1.9844674545084815,159975467009718.8,352020212552703.8,98.0,255997839781211.3,96022372771492.52,481444300695108.6,1.9844674545084815,17.65307108337025,18.14490871460955,98.0,17.8989898989899,0.24591881561964796,1.2330065254221743,1.9844674545084815,5.956835168213341,6.06336685198868,98.0,6.01010101010101,0.05326584188766987,0.26706834312012434,1.9844674545084815,99.0,1.0,-0.03940786471611372,-0.03383770038410198,98.0,-0.03662278255010785,0.0027850821660058717,0.013964057511701019,1.9844674545084815,QuantileRegressor,"{'mode': 'original', 'type': 'QuantileRegressor'}",8,"['z_pe_T6W30', 'z_l1_T6W30', 'z_l2_T6W30', 'z_l3_T6W30', 'z_lsc_T6W30', 'z_density_T6W30', 'z_diameter_T6W30', 'z_asp_T6W30']",,,,,,,,7.641821067877172,7.76254996760978,98.0,7.702185517743476,0.06036444986630419,0.3026598855444638,1.9844674545084815,completed,False,COMPLETE
114,6.43236284412755,2026-06-12 07:43:06.932352,2026-06-12 07:43:09.169337,0 days 00:00:02.236985,,,,,,,,,,,,,,4.431384898594523,QuantileRegressor,,,,,,6,,,,,,,,False,-0.004618760704527799,-0.0023266854860824436,98.0,-0.0034727230953051215,0.001146037609222678,0.005746090826723593,1.9844674545084815,6.387146941252938,6.477578747002163,98.0,6.43236284412755,0.04521590287461224,0.22670694455311866,1.9844674545084815,159975467009718.8,352020212552703.8,98.0,255997839781211.3,96022372771492.52,481444300695108.6,1.9844674545084815,17.65307108337025,18.14490871460955,98.0,17.8989898989899,0.24591881561964796,1.2330065254221743,1.9844674545084815,5.956835168213341,6.06336685198868,98.0,6.01010101010101,0.05326584188766987,0.26706834312012434,1.9844674545084815,99.0,1.0,-0.03940786471611372,-0.03383770038410198,98.0,-0.03662278255010785,0.0027850821660058717,0.013964057511701019,1.9844674545084815,QuantileRegressor,"{'mode': 'original', 'type': 'QuantileRegressor'}",6,"['z_l2_T6W30', 'z_l3_T6W30', 'z_lsc_T6W30', 'z_density_T6W30', 'z_diameter_T6W30', 'z_asp_T6W30']",,,,,,,,7.641821067877172,7.76254996760978,98.0,7.702185517743476,0.06036444986630419,0.3026598855444638,1.9844674545084815,completed,False,COMPLETE
115,6.43236284412755,2026-06-12 07:43:09.182214,2026-06-12 07:43:11.424673,0 days 00:00:02.242459,,,,,,,,,,,,,,0.6146926913891221,QuantileRegressor,,,,,,8,,,,,,,,False,-0.004618760704527799,-0.0023266854860824436,98.0,-0.0034727230953051215,0.001146037609222678,0.005746090826723593,1.9844674545084815,6.387146941252938,6.477578747002163,98.0,6.43236284412755,0.04521590287461224,0.22670694455311866,1.9844674545084815,159975467009718.8,352020212552703.8,98.0,255997839781211.3,96022372771492.52,481444300695108.6,1.9844674545084815,17.65307108337025,18.14490871460955,98.0,17.8989898989899,0.24591881561964796,1.2330065254221743,1.9844674545084815,5.956835168213341,6.06336685198868,98.0,6.01010101010101,0.05326584188766987,0.26706834312012434,1.9844674545084815,99.0,1.0,-0.03940786471611372,-0.03383770038410198,98.0,-0.03662278255010785,0.0027850821660058717,0.013964057511701019,1.9844674545084815,QuantileRegressor,"{'mode': 'original', 'type': 'QuantileRegressor'}",8,"['z_pe_T6W30', 'z_l1_T6W30', 'z_l2_T6W30', 'z_l3_T6W30', 'z_lsc_T6W30', 'z_density_T6W30', 'z_diameter_T6W30', 'z_asp_T6W30']",,,,,,,,7.641821067877172,7.76254996760978,98.0,7.702185517743476,0.06036444986630419,0.3026598855444638,1.9844674545084815,completed,False,COMPLETE
116,6.493310428994991,2026-06-12 07:43:11.437146,2026-06-12 07:43:13.668064,0 days 00:00:02.230918,,,,,,,,,,,,,,0.007479037838436921,QuantileRegressor,,,,,,3,,,,,,,,False,-0.016835867797730993,-0.009113890343162095,98.0,-0.012974879070446544,0.003860988727284448,0.019358519938084903,1.9844674545084815,6.441683947075449,6.544936910914533,98.0,6.493310428994991,0.051626481919541854,0.2588487950016751,1.9844674545084815,157718805300215.03,347221211811502.9,98.0,252470008555858.94,94751203255643.9,475070813965312.25,1.9844674545084815,17.44967480133949,17.972893556779816,98.0,17.711284179059653,0.2616093777201631,1.3116770631308445,1.9844674545084815,5.95578995061492,6.1308331900417565,98.0,6.043311570328338,0.08752161971341779,0.4388225762646369,1.9844674545084815,99.0,0.9393939393939394,-0.05179032355487592,-0.034311360967670554,98.0,-0.04305084226127324,0.008739481293602688,0.04381867827667023,1.9844674545084815,QuantileRegressor,"{'mode': 'original', 'type': 'QuantileRegressor'}",3,"['z_pe_T6W30', 'z_l1_T6W30', 'z_lsc_T6W30']",-0.014075191989858283,0.03750661736601235,81.0,0.011715712688077033,0.025790904677935315,0.11737858986431986,1.9896863234569029,7.658310265065927,7.7901644278135525,98.0,7.72423734643974,0.06592708137381302,0.3305502319174942,1.9844674545084815,completed,False,COMPLETE
117,6.43236284412755,2026-06-12 07:43:13.680316,2026-06-12 07:43:15.931734,0 days 00:00:02.251418,,,,,,,,,,,,,,0.060561576387805835,QuantileRegressor,,,,,,7,,,,,,,,False,-0.004618760704527799,-0.0023266854860824436,98.0,-0.0034727230953051215,0.001146037609222678,0.005746090826723593,1.9844674545084815,6.387146941252938,6.477578747002163,98.0,6.43236284412755,0.04521590287461224,0.22670694455311866,1.9844674545084815,159975467009718.8,352020212552703.8,98.0,255997839781211.3,96022372771492.52,481444300695108.6,1.9844674545084815,17.65307108337025,18.14490871460955,98.0,17.8989898989899,0.24591881561964796,1.2330065254221743,1.9844674545084815,5.956835168213341,6.06336685198868,98.0,6.01010101010101,0.05326584188766987,0.26706834312012434,1.9844674545084815,99.0,1.0,-0.03940786471611372,-0.03383770038410198,98.0,-0.03662278255010785,0.0027850821660058717,0.013964057511701019,1.9844674545084815,QuantileRegressor,"{'mode': 'original', 'type': 'QuantileRegressor'}",7,"['z_l1_T6W30', 'z_l2_T6W30', 'z_l3_T6W30', 'z_lsc_T6W30', 'z_density_T6W30', 'z_diameter_T6W30', 'z_asp_T6W30']",,,,,,,,7.641821067877172,7.76254996760978,98.0,7.702185517743476,0.06036444986630419,0.3026598855444638,1.9844674545084815,completed,False,COMPLETE
118,6.43236284412755,2026-06-12 07:43:15.944637,2026-06-12 07:43:18.165307,0 days 00:00:02.220670,,,,,,,,,,,,,,2.969245708818057,QuantileRegressor,,,,,,6,,,,,,,,False,-0.004618760704527799,-0.0023266854860824436,98.0,-0.0034727230953051215,0.001146037609222678,0.005746090826723593,1.9844674545084815,6.387146941252938,6.477578747002163,98.0,6.43236284412755,0.04521590287461224,0.22670694455311866,1.9844674545084815,159975467009718.8,352020212552703.8,98.0,255997839781211.3,96022372771492.52,481444300695108.6,1.9844674545084815,17.65307108337025,18.14490871460955,98.0,17.8989898989899,0.24591881561964796,1.2330065254221743,1.9844674545084815,5.956835168213341,6.06336685198868,98.0,6.01010101010101,0.05326584188766987,0.26706834312012434,1.9844674545084815,99.0,1.0,-0.03940786471611372,-0.03383770038410198,98.0,-0.03662278255010785,0.0027850821660058717,0.013964057511701019,1.9844674545084815,QuantileRegressor,"{'mode': 'original', 'type': 'QuantileRegressor'}",6,"['z_l2_T6W30', 'z_l3_T6W30', 'z_lsc_T6W30', 'z_density_T6W30', 'z_diameter_T6W30', 'z_asp_T6W30']",,,,,,,,7.641821067877172,7.76254996760978,98.0,7.702185517743476,0.06036444986630419,0.3026598855444638,1.9844674545084815,completed,False,COMPLETE
119,6.426215606947554,2026-06-12 07:43:18.177545,2026-06-12 07:43:19.376079,0 days 00:00:01.198534,,,,,,15.0,,5.0,5.0,193.0,,,,,ExtraTreesRegressor,,,,,,5,,,,,,,,False,,,,,,,,,,,,,,,,,,,,,,,,,,,,,,,,,,,,,,,,,,,,,ExtraTreesRegressor,"{'mode': 'original', 'type': 'ExtraTreesRegressor'}",5,"['z_re_T6W30', 'z_pe_T6W30', 'z_l2_T6W30', 'z_lsc_T6W30', 'z_density_T6W30']",,,,,,,,,,,,,,,pruned,False,PRUNED
120,6.43236284412755,2026-06-12 07:43:19.385769,2026-06-12 07:43:21.479855,0 days 00:00:02.094086,,,,,,,,,,,,,,5.603196397200604,QuantileRegressor,,,,,,7,,,,,,,,False,-0.004618760704527799,-0.0023266854860824436,98.0,-0.0034727230953051215,0.001146037609222678,0.005746090826723593,1.9844674545084815,6.387146941252938,6.477578747002163,98.0,6.43236284412755,0.04521590287461224,0.22670694455311866,1.9844674545084815,159975467009718.8,352020212552703.8,98.0,255997839781211.3,96022372771492.52,481444300695108.6,1.9844674545084815,17.65307108337025,18.14490871460955,98.0,17.8989898989899,0.24591881561964796,1.2330065254221743,1.9844674545084815,5.956835168213341,6.06336685198868,98.0,6.01010101010101,0.05326584188766987,0.26706834312012434,1.9844674545084815,99.0,1.0,-0.03940786471611372,-0.03383770038410198,98.0,-0.03662278255010785,0.0027850821660058717,0.013964057511701019,1.9844674545084815,QuantileRegressor,"{'mode': 'original', 'type': 'QuantileRegressor'}",7,"['z_l1_T6W30', 'z_l2_T6W30', 'z_l3_T6W30', 'z_lsc_T6W30', 'z_density_T6W30', 'z_diameter_T6W30', 'z_asp_T6W30']",,,,,,,,7.641821067877172,7.76254996760978,98.0,7.702185517743476,0.06036444986630419,0.3026598855444638,1.9844674545084815,completed,False,COMPLETE
121,6.43236284412755,2026-06-12 07:43:21.491881,2026-06-12 07:43:23.785508,0 days 00:00:02.293627,,,,,,,,,,,,,,1.6422025114645085,QuantileRegressor,,,,,,3,,,,,,,,False,-0.004618760704527799,-0.0023266854860824436,98.0,-0.0034727230953051215,0.001146037609222678,0.005746090826723593,1.9844674545084815,6.387146941252938,6.477578747002163,98.0,6.43236284412755,0.04521590287461224,0.22670694455311866,1.9844674545084815,159975467009718.8,352020212552703.8,98.0,255997839781211.3,96022372771492.52,481444300695108.6,1.9844674545084815,17.65307108337025,18.14490871460955,98.0,17.8989898989899,0.24591881561964796,1.2330065254221743,1.9844674545084815,5.956835168213341,6.06336685198868,98.0,6.01010101010101,0.05326584188766987,0.26706834312012434,1.9844674545084815,99.0,1.0,-0.03940786471611372,-0.03383770038410198,98.0,-0.03662278255010785,0.0027850821660058717,0.013964057511701019,1.9844674545084815,QuantileRegressor,"{'mode': 'original', 'type': 'QuantileRegressor'}",3,"['z_density_T6W30', 'z_diameter_T6W30', 'z_asp_T6W30']",,,,,,,,7.641821067877172,7.76254996760978,98.0,7.702185517743476,0.06036444986630419,0.3026598855444638,1.9844674545084815,completed,False,COMPLETE
122,6.434414859156069,2026-06-12 07:43:23.798359,2026-06-12 07:43:25.968927,0 days 00:00:02.170568,,,,,,,,,,,,,,0.0001821574770875798,QuantileRegressor,,,,,,3,,,,,,,,False,-0.012704566024568018,0.004815931036103162,98.0,-0.003944317494232428,0.00876024853033559,0.0439228026330849,1.9844674545084815,6.3661941911237205,6.502635527188418,98.0,6.434414859156069,0.06822066803234869,0.3420499917446141,1.9844674545084815,130016023864903.53,286506844066262.4,98.0,208261433965582.94,78245410100679.4,392312808580246.2,1.9844674545084815,18.225764346893563,19.150512478101277,98.0,18.68813841249742,0.4623740656038588,2.318286376904577,1.9844674545084815,5.56612226186239,5.78749028256169,98.0,5.67680627221204,0.11068401034965027,0.5549559381096437,1.9844674545084815,99.0,0.8383838383838383,-0.10408436829759943,-0.0653026916416587,98.0,-0.08469352996962906,0.019390838327970367,0.09722326505009252,1.9844674545084815,QuantileRegressor,"{'mode': 'original', 'type': 'QuantileRegressor'}",3,"['z_lsc_T6W30', 'z_diameter_T6W30', 'z_asp_T6W30']",0.05901396835977603,0.1100149836736347,98.0,0.08451447601670536,0.025500507656929336,0.1278563914003328,1.9844674545084815,7.78473343766426,7.953019650339483,98.0,7.868876544001871,0.08414310633761173,0.4218831280646344,1.9844674545084815,completed,False,COMPLETE
123,6.43236284412755,2026-06-12 07:43:25.981388,2026-06-12 07:43:28.114797,0 days 00:00:02.133409,,,,,,,,,,,,,,1.0077317148457332,QuantileRegressor,,,,,,4,,,,,,,,False,-0.004618760704527799,-0.0023266854860824436,98.0,-0.0034727230953051215,0.001146037609222678,0.005746090826723593,1.9844674545084815,6.387146941252938,6.477578747002163,98.0,6.43236284412755,0.04521590287461224,0.22670694455311866,1.9844674545084815,159975467009718.8,352020212552703.8,98.0,255997839781211.3,96022372771492.52,481444300695108.6,1.9844674545084815,17.65307108337025,18.14490871460955,98.0,17.8989898989899,0.24591881561964796,1.2330065254221743,1.9844674545084815,5.956835168213341,6.06336685198868,98.0,6.01010101010101,0.05326584188766987,0.26706834312012434,1.9844674545084815,99.0,1.0,-0.03940786471611372,-0.03383770038410198,98.0,-0.03662278255010785,0.0027850821660058717,0.013964057511701019,1.9844674545084815,QuantileRegressor,"{'mode': 'original', 'type': 'QuantileRegressor'}",4,"['z_lsc_T6W30', 'z_density_T6W30', 'z_diameter_T6W30', 'z_asp_T6W30']",,,,,,,,7.641821067877172,7.76254996760978,98.0,7.702185517743476,0.06036444986630419,0.3026598855444638,1.9844674545084815,completed,False,COMPLETE
124,6.503081232492997,2026-06-12 07:43:28.141545,2026-06-12 07:43:28.324650,0 days 00:00:00.183105,,,,,,,,,,,minkowski,14.0,uniform,,KNeighborsRegressor,,,,,,2,,,,,0.0014923452239241776,0.14448311718081885,LinearSVR,,,,,,,,,,,,,,,,,,,,,,,,,,,,,,,,,,,,,,,,,,,,,,KNeighborsRegressor,"{'mode': 'proxy', 'type': 'LinearSVR'}",2,"['z_re_T6W30', 'z_l3_T6W30']",,,,,,,,,,,,,,,pruned,True,PRUNED
125,6.43236284412755,2026-06-12 07:43:28.333985,2026-06-12 07:43:30.460176,0 days 00:00:02.126191,,,,,,,,,,,,,,7.303364719880241,QuantileRegressor,,,,,,4,,,,,,,,False,-0.004618760704527799,-0.0023266854860824436,98.0,-0.0034727230953051215,0.001146037609222678,0.005746090826723593,1.9844674545084815,6.387146941252938,6.477578747002163,98.0,6.43236284412755,0.04521590287461224,0.22670694455311866,1.9844674545084815,159975467009718.8,352020212552703.8,98.0,255997839781211.3,96022372771492.52,481444300695108.6,1.9844674545084815,17.65307108337025,18.14490871460955,98.0,17.8989898989899,0.24591881561964796,1.2330065254221743,1.9844674545084815,5.956835168213341,6.06336685198868,98.0,6.01010101010101,0.05326584188766987,0.26706834312012434,1.9844674545084815,99.0,1.0,-0.03940786471611372,-0.03383770038410198,98.0,-0.03662278255010785,0.0027850821660058717,0.013964057511701019,1.9844674545084815,QuantileRegressor,"{'mode': 'original', 'type': 'QuantileRegressor'}",4,"['z_lsc_T6W30', 'z_density_T6W30', 'z_diameter_T6W30', 'z_asp_T6W30']",,,,,,,,7.641821067877172,7.76254996760978,98.0,7.702185517743476,0.06036444986630419,0.3026598855444638,1.9844674545084815,completed,False,COMPLETE
126,7.99415810768752,2026-06-12 07:43:30.473163,2026-06-12 07:43:30.650939,0 days 00:00:00.177776,9.0,4.0,2.0,,,,,,,,,,,,DecisionTreeRegressor,,,,,,2,,,,,,,,False,,,,,,,,,,,,,,,,,,,,,,,,,,,,,,,,,,,,,,,,,,,,,DecisionTreeRegressor,"{'mode': 'original', 'type': 'DecisionTreeRegressor'}",2,"['z_l2_T6W30', 'z_lsc_T6W30']",,,,,,,,,,,,,,,pruned,False,PRUNED
127,6.43236284412755,2026-06-12 07:43:30.660956,2026-06-12 07:43:33.004864,0 days 00:00:02.343908,,,,,,,,,,,,,,1.699986310290658,QuantileRegressor,,,,,,6,,,,,,,,False,-0.004618760704527799,-0.0023266854860824436,98.0,-0.0034727230953051215,0.001146037609222678,0.005746090826723593,1.9844674545084815,6.387146941252938,6.477578747002163,98.0,6.43236284412755,0.04521590287461224,0.22670694455311866,1.9844674545084815,159975467009718.8,352020212552703.8,98.0,255997839781211.3,96022372771492.52,481444300695108.6,1.9844674545084815,17.65307108337025,18.14490871460955,98.0,17.8989898989899,0.24591881561964796,1.2330065254221743,1.9844674545084815,5.956835168213341,6.06336685198868,98.0,6.01010101010101,0.05326584188766987,0.26706834312012434,1.9844674545084815,99.0,1.0,-0.03940786471611372,-0.03383770038410198,98.0,-0.03662278255010785,0.0027850821660058717,0.013964057511701019,1.9844674545084815,QuantileRegressor,"{'mode': 'original', 'type': 'QuantileRegressor'}",6,"['z_l2_T6W30', 'z_l3_T6W30', 'z_lsc_T6W30', 'z_density_T6W30', 'z_diameter_T6W30', 'z_asp_T6W30']",,,,,,,,7.641821067877172,7.76254996760978,98.0,7.702185517743476,0.06036444986630419,0.3026598855444638,1.9844674545084815,completed,False,COMPLETE
128,6.43236284412755,2026-06-12 07:43:33.017767,2026-06-12 07:43:35.115123,0 days 00:00:02.097356,,,,,,,,,,,,,,0.4908802403393619,QuantileRegressor,,,,,,8,,,,,,,,True,-0.004618760704527799,-0.0023266854860824436,98.0,-0.0034727230953051215,0.001146037609222678,0.005746090826723593,1.9844674545084815,6.387146941252938,6.477578747002163,98.0,6.43236284412755,0.04521590287461224,0.22670694455311866,1.9844674545084815,159975467009718.8,352020212552703.8,98.0,255997839781211.3,96022372771492.52,481444300695108.6,1.9844674545084815,17.65307108337025,18.14490871460955,98.0,17.8989898989899,0.24591881561964796,1.2330065254221743,1.9844674545084815,5.956835168213341,6.06336685198868,98.0,6.01010101010101,0.05326584188766987,0.26706834312012434,1.9844674545084815,99.0,1.0,-0.03940786471611372,-0.03383770038410198,98.0,-0.03662278255010785,0.0027850821660058717,0.013964057511701019,1.9844674545084815,QuantileRegressor,"{'mode': 'original', 'type': 'QuantileRegressor'}",8,"['z_pe_T6W30', 'z_l1_T6W30', 'z_l2_T6W30', 'z_l3_T6W30', 'z_lsc_T6W30', 'z_density_T6W30', 'z_diameter_T6W30', 'z_asp_T6W30']",,,,,,,,7.641821067877172,7.76254996760978,98.0,7.702185517743476,0.06036444986630419,0.3026598855444638,1.9844674545084815,completed,True,COMPLETE
129,6.503616823613894,2026-06-12 07:43:35.127510,2026-06-12 07:43:37.585312,0 days 00:00:02.457802,,,,,,,,,,,,,,0.0007485395814199961,QuantileRegressor,,,,,,5,,,,,,,,False,-0.02388940350782785,-0.005290810609619348,98.0,-0.014590107058723599,0.00929929644910425,0.04662552222646887,1.9844674545084815,6.428911622484495,6.578322024743292,98.0,6.503616823613894,0.07470520112939784,0.37456263866360345,1.9844674545084815,132582629436730.55,292423072859273.4,98.0,212502851148001.97,79920221711271.42,400710106849227.44,1.9844674545084815,18.083300732664462,18.78897939940405,98.0,18.436140066034255,0.35283933336979173,1.7690927771197513,1.9844674545084815,5.611479581358773,5.841532915706863,98.0,5.726506248532818,0.11502666717404515,0.5767294823122543,1.9844674545084815,99.0,0.8080808080808081,-0.11257716939441978,-0.0718213527326953,98.0,-0.09219926106355754,0.02037790833086224,0.10217231196034009,1.9844674545084815,QuantileRegressor,"{'mode': 'original', 'type': 'QuantileRegressor'}",5,"['z_l1_T6W30', 'z_l2_T6W30', 'z_lsc_T6W30', 'z_diameter_T6W30', 'z_asp_T6W30']",0.04835363502028929,0.10063177578306161,98.0,0.07449270540167545,0.026139070381386156,0.1310580659210998,1.9844674545084815,7.8075948426873,7.984289451652603,98.0,7.895942147169952,0.08834730448265092,0.4429624575740067,1.9844674545084815,completed,False,COMPLETE
