number,value,datetime_start,datetime_complete,duration,params_dt_max_depth,params_dt_min_samples_leaf,params_dt_min_samples_split,params_elastic_alpha,params_elastic_l1_ratio,params_et_max_depth,params_et_max_features,params_et_min_samples_leaf,params_et_min_samples_split,params_et_n_estimators,params_knn_metric,params_knn_n_neighbors,params_knn_weights,params_quantile_alpha,params_regressor,params_rf_max_depth,params_rf_max_features,params_rf_min_samples_leaf,params_rf_min_samples_split,params_rf_n_estimators,params_rfe_n_features,params_rfe_proxy_et_max_depth,params_rfe_proxy_et_min_samples_leaf,params_rfe_proxy_et_min_samples_split,params_rfe_proxy_et_n_estimators,params_rfe_proxy_lsvr_C,params_rfe_proxy_lsvr_epsilon,params_rfe_proxy_type,params_use_scaler,user_attrs_d2mae_ci_lower_val,user_attrs_d2mae_ci_upper_val,user_attrs_d2mae_df_val,user_attrs_d2mae_mean_val,user_attrs_d2mae_samperror_val,user_attrs_d2mae_std_val,user_attrs_d2mae_t_critical_val,user_attrs_mae_ci_lower_val,user_attrs_mae_ci_upper_val,user_attrs_mae_df_val,user_attrs_mae_mean_val,user_attrs_mae_samperror_val,user_attrs_mae_std_val,user_attrs_mae_t_critical_val,user_attrs_mape_ci_lower_val,user_attrs_mape_ci_upper_val,user_attrs_mape_df_val,user_attrs_mape_mean_val,user_attrs_mape_samperror_val,user_attrs_mape_std_val,user_attrs_mape_t_critical_val,user_attrs_max_error_ci_lower_val,user_attrs_max_error_ci_upper_val,user_attrs_max_error_df_val,user_attrs_max_error_mean_val,user_attrs_max_error_samperror_val,user_attrs_max_error_std_val,user_attrs_max_error_t_critical_val,user_attrs_median_ae_ci_lower_val,user_attrs_median_ae_ci_upper_val,user_attrs_median_ae_df_val,user_attrs_median_ae_mean_val,user_attrs_median_ae_samperror_val,user_attrs_median_ae_std_val,user_attrs_median_ae_t_critical_val,user_attrs_n_splits_val,user_attrs_r2_below_zero_val,user_attrs_r2_ci_lower_val,user_attrs_r2_ci_upper_val,user_attrs_r2_df_val,user_attrs_r2_mean_val,user_attrs_r2_samperror_val,user_attrs_r2_std_val,user_attrs_r2_t_critical_val,user_attrs_regressor_final,user_attrs_rfe_estimator,user_attrs_rfe_n_features,user_attrs_rfe_selected_features,user_attrs_rho_ci_lower_val,user_attrs_rho_ci_upper_val,user_attrs_rho_df_val,user_attrs_rho_mean_val,user_attrs_rho_samperror_val,user_attrs_rho_std_val,user_attrs_rho_t_critical_val,user_attrs_rmse_ci_lower_val,user_attrs_rmse_ci_upper_val,user_attrs_rmse_df_val,user_attrs_rmse_mean_val,user_attrs_rmse_samperror_val,user_attrs_rmse_std_val,user_attrs_rmse_t_critical_val,user_attrs_termination_reason,user_attrs_use_scaler_final,state
289,6.427412185543604,2026-06-12 07:49:20.273231,2026-06-12 07:49:22.412302,0 days 00:00:02.139071,,,,,,,,,,,,,,0.00014607485695979235,QuantileRegressor,,,,,,2,,,,,,,,False,-0.011525324144749072,0.005746489318245082,98.0,-0.0028894174132519956,0.008635906731497077,0.043299368232734906,1.9844674545084815,6.360805768121775,6.494018602965433,98.0,6.427412185543604,0.06660641742182895,0.3339563388396001,1.9844674545084815,137687243116161.02,303267916494772.06,98.0,220477579805466.53,82790336689305.52,415100508363283.9,1.9844674545084815,17.790884132304683,18.751109291329364,98.0,18.270996711817023,0.4801125795123398,2.407225091680583,1.9844674545084815,5.7167158956214745,5.926796875378759,98.0,5.821756385500117,0.10504048987864266,0.526660024478259,1.9844674545084815,99.0,0.7373737373737373,-0.07706626967983872,-0.0423885749907917,98.0,-0.05972742233531521,0.017338847344523508,0.08693483605647429,1.9844674545084815,QuantileRegressor,"{'mode': 'original', 'type': 'QuantileRegressor'}",2,"['z_lsc_T6W30', 'z_diameter_T6W30']",0.046375399316357244,0.1005602413406907,98.0,0.07346782032852398,0.027092421012166728,0.13583804807011057,1.9844674545084815,7.699077594817851,7.860230003409482,98.0,7.7796537991136665,0.08057620429581572,0.40399912239392405,1.9844674545084815,completed,False,COMPLETE
290,6.4296091154228,2026-06-12 07:49:22.425017,2026-06-12 07:49:24.607377,0 days 00:00:02.182360,,,,,,,,,,,,,,0.00031974656999918857,QuantileRegressor,,,,,,2,,,,,,,,False,-0.011682821100625563,0.005259322985435115,98.0,-0.0032117490575952245,0.00847107204303034,0.042472907492090456,1.9844674545084815,6.363350072510167,6.495868158335433,98.0,6.4296091154228,0.06625904291263347,0.33221464601498185,1.9844674545084815,137950607577112.16,303870564381580.9,98.0,220910585979346.5,82959978402234.34,415951070930031.75,1.9844674545084815,17.778702870581483,18.723745940067793,98.0,18.25122440532464,0.4725215347431553,2.3691645320947203,1.9844674545084815,5.718345652539175,5.9339935538375075,98.0,5.826169603188341,0.10782395064916593,0.5406159525135501,1.9844674545084815,99.0,0.7373737373737373,-0.07572970614724414,-0.04169365281115743,98.0,-0.058711679479200786,0.017018026668043352,0.08532628086482028,1.9844674545084815,QuantileRegressor,"{'mode': 'original', 'type': 'QuantileRegressor'}",2,"['z_lsc_T6W30', 'z_diameter_T6W30']",0.045558363025854934,0.099440772533171,98.0,0.07249956777951297,0.02694120475365804,0.135079868452901,1.9844674545084815,7.696097454606117,7.856376772781158,98.0,7.776237113693638,0.08013965908752013,0.40181033871296024,1.9844674545084815,completed,False,COMPLETE
291,6.427423526753461,2026-06-12 07:49:24.621044,2026-06-12 07:49:26.865136,0 days 00:00:02.244092,,,,,,,,,,,,,,0.00014781566385433962,QuantileRegressor,,,,,,2,,,,,,,,False,-0.01152713305528858,0.005744760603691392,98.0,-0.002891186225798594,0.008635946829489986,0.04329956927911189,1.9844674545084815,6.360816875901842,6.49403017760508,98.0,6.427423526753461,0.06660665085161867,0.3339575092276943,1.9844674545084815,137687243116161.02,303267916494772.06,98.0,220477579805466.53,82790336689305.52,415100508363283.9,1.9844674545084815,17.790516630933258,18.750393223678184,98.0,18.27045492730572,0.479938296372464,2.4063512575731907,1.9844674545084815,5.716611389803968,5.9267218885208885,98.0,5.821666639162428,0.10505524935846042,0.5267340266845614,1.9844674545084815,99.0,0.7373737373737373,-0.07705886131107886,-0.04238237345638952,98.0,-0.059720617383734194,0.017338243927344676,0.08693181059737236,1.9844674545084815,QuantileRegressor,"{'mode': 'original', 'type': 'QuantileRegressor'}",2,"['z_lsc_T6W30', 'z_diameter_T6W30']",0.046375399316357244,0.1005602413406907,98.0,0.07346782032852398,0.027092421012166728,0.13583804807011057,1.9844674545084815,7.699056624963599,7.860200696973062,98.0,7.7796286609683305,0.08057203600473173,0.4039782230979777,1.9844674545084815,completed,False,COMPLETE
292,6.429865337131282,2026-06-12 07:49:26.877569,2026-06-12 07:49:29.059835,0 days 00:00:02.182266,,,,,,,,,,,,,,0.00019212262075573317,QuantileRegressor,,,,,,2,,,,,,,,False,-0.01194284581451073,0.005418365109961704,98.0,-0.0032622403522745134,0.008680605462236217,0.04352348214016641,1.9844674545084815,6.362759028731198,6.496971645531366,98.0,6.429865337131282,0.06710630840008364,0.3364627303763136,1.9844674545084815,137687243116161.02,303267916494772.06,98.0,220477579805466.53,82790336689305.52,415100508363283.9,1.9844674545084815,17.79674628622485,18.752441183239615,98.0,18.274593734732232,0.47784744850738337,2.3958680049810153,1.9844674545084815,5.7176483456291765,5.931729808754521,98.0,5.824689077191849,0.10704073156267267,0.5366889888851345,1.9844674545084815,99.0,0.7373737373737373,-0.07722152968556317,-0.042562447097940104,98.0,-0.05989198839175164,0.01732954129381153,0.08688817666920917,1.9844674545084815,QuantileRegressor,"{'mode': 'original', 'type': 'QuantileRegressor'}",2,"['z_lsc_T6W30', 'z_diameter_T6W30']",0.04572942350946798,0.09990060930770644,98.0,0.07281501640858722,0.027085592899119236,0.13580381275581524,1.9844674545084815,7.699580511332183,7.86103093577959,98.0,7.780305723555887,0.08072521222370363,0.4047462297145351,1.9844674545084815,completed,False,COMPLETE
293,6.696554815204259,2026-06-12 07:49:29.072648,2026-06-12 07:49:29.226156,0 days 00:00:00.153508,,,,,,,,,,,euclidean,5.0,distance,,KNeighborsRegressor,,,,,,2,,,,,7.246522235844114,0.007960099248445797,LinearSVR,,,,,,,,,,,,,,,,,,,,,,,,,,,,,,,,,,,,,,,,,,,,,,KNeighborsRegressor,"{'mode': 'proxy', 'type': 'LinearSVR'}",2,"['z_lsc_T6W30', 'z_diameter_T6W30']",,,,,,,,,,,,,,,pruned,True,PRUNED
294,6.430553219523142,2026-06-12 07:49:29.235873,2026-06-12 07:49:31.491661,0 days 00:00:02.255788,,,,,,,,,,,,,,0.00024349096551430475,QuantileRegressor,,,,,,2,,,,,,,,False,-0.012020139665778484,0.0052853921424400145,98.0,-0.003367373761669235,0.008652765904109249,0.0433838980390112,1.9844674545084815,6.363541864512174,6.497564574534109,98.0,6.430553219523142,0.0670113550109672,0.33598664582744925,1.9844674545084815,137731427251641.25,303357935856294.94,98.0,220544681553968.1,82813254302326.84,415215414440442.75,1.9844674545084815,17.788785432130886,18.7394363099011,98.0,18.264110871015994,0.4753254388851089,2.383222960665856,1.9844674545084815,5.723070649697757,5.936909707979829,98.0,5.829990178838793,0.1069195291410359,0.536081294933785,1.9844674545084815,99.0,0.7373737373737373,-0.07690019587119151,-0.042345566711915444,98.0,-0.05962288129155348,0.017277314579638037,0.08662631838392498,1.9844674545084815,QuantileRegressor,"{'mode': 'original', 'type': 'QuantileRegressor'}",2,"['z_lsc_T6W30', 'z_diameter_T6W30']",0.0456598625589055,0.09972851492301835,98.0,0.07269418874096192,0.027034326182056426,0.13554676777730826,1.9844674545084815,7.698790748497344,7.8599102884856284,98.0,7.779350518491486,0.0805597699941424,0.40391672283798563,1.9844674545084815,completed,False,COMPLETE
295,6.43031322094402,2026-06-12 07:49:31.505183,2026-06-12 07:49:33.717058,0 days 00:00:02.211875,,,,,,,,,,,,,,0.00015515831928565132,QuantileRegressor,,,,,,2,,,,,,,,False,-0.012016966131739632,0.005352144127357626,98.0,-0.003332411002191003,0.008684555129548629,0.04354328528356225,1.9844674545084815,6.363191983500789,6.497434458387252,98.0,6.43031322094402,0.06712123744323158,0.3365375827521814,1.9844674545084815,137687243116161.02,303267916494772.06,98.0,220477579805466.53,82790336689305.52,415100508363283.9,1.9844674545084815,17.799019721342475,18.757041840169073,98.0,18.278030780755774,0.4790110594132976,2.4017022061438236,1.9844674545084815,5.720853400989543,5.934419167275466,98.0,5.827636284132504,0.10678288314296158,0.5353961688002928,1.9844674545084815,99.0,0.7373737373737373,-0.07748797538577666,-0.042771013209744996,98.0,-0.06012949429776083,0.01735848108801583,0.08703327721797509,1.9844674545084815,QuantileRegressor,"{'mode': 'original', 'type': 'QuantileRegressor'}",2,"['z_lsc_T6W30', 'z_diameter_T6W30']",0.045514292933701725,0.09968080300822031,98.0,0.07259754797096102,0.027083255037259293,0.13579209100560438,1.9844674545084815,7.700345607357187,7.861973851616492,98.0,7.7811597294868395,0.08081412212965194,0.4051920129862735,1.9844674545084815,completed,False,COMPLETE
296,6.426792198153004,2026-06-12 07:49:33.731700,2026-06-12 07:49:35.896547,0 days 00:00:02.164847,,,,,,,,,,,,,,0.00013842757602594566,QuantileRegressor,,,,,,2,,,,,,,,False,-0.011450525809884107,0.0058631706053058575,98.0,-0.0027936776022891253,0.008656848207594983,0.04340436620377518,1.9844674545084815,6.360097130085491,6.493487266220517,98.0,6.426792198153004,0.06669506806751244,0.3344008222124367,1.9844674545084815,137402309145801.31,302578771771948.5,98.0,219990540458874.9,82588231313073.6,414087177003953.2,1.9844674545084815,17.79352675218785,18.75273506868873,98.0,18.27313091043829,0.47960415825043756,2.404675930356716,1.9844674545084815,5.713495884305739,5.923349956437526,98.0,5.818422920371632,0.1049270360658937,0.526091181093498,1.9844674545084815,99.0,0.7373737373737373,-0.07703075269068868,-0.04231374973227146,98.0,-0.05967225121148007,0.017358501479208612,0.08703337945689364,1.9844674545084815,QuantileRegressor,"{'mode': 'original', 'type': 'QuantileRegressor'}",2,"['z_lsc_T6W30', 'z_diameter_T6W30']",0.04638696419673642,0.10058986280783767,98.0,0.07348841350228705,0.027101449305550626,0.13588331481648672,1.9844674545084815,7.698792477928383,7.860079225002148,98.0,7.779435851465266,0.08064337353688224,0.4043359006609062,1.9844674545084815,completed,False,COMPLETE
297,6.426792198153004,2026-06-12 07:49:35.909603,2026-06-12 07:49:38.112547,0 days 00:00:02.202944,,,,,,,,,,,,,,0.00014246588436029302,QuantileRegressor,,,,,,2,,,,,,,,False,-0.011450525809884107,0.0058631706053058575,98.0,-0.0027936776022891253,0.008656848207594983,0.04340436620377518,1.9844674545084815,6.360097130085491,6.493487266220517,98.0,6.426792198153004,0.06669506806751244,0.3344008222124367,1.9844674545084815,137402309145801.31,302578771771948.5,98.0,219990540458874.9,82588231313073.6,414087177003953.2,1.9844674545084815,17.79352675218785,18.75273506868873,98.0,18.27313091043829,0.47960415825043756,2.404675930356716,1.9844674545084815,5.713495884305739,5.923349956437526,98.0,5.818422920371632,0.1049270360658937,0.526091181093498,1.9844674545084815,99.0,0.7373737373737373,-0.07703075269068868,-0.04231374973227146,98.0,-0.05967225121148007,0.017358501479208612,0.08703337945689364,1.9844674545084815,QuantileRegressor,"{'mode': 'original', 'type': 'QuantileRegressor'}",2,"['z_lsc_T6W30', 'z_diameter_T6W30']",0.04638696419673642,0.10058986280783767,98.0,0.07348841350228705,0.027101449305550626,0.13588331481648672,1.9844674545084815,7.698792477928383,7.860079225002148,98.0,7.779435851465266,0.08064337353688224,0.4043359006609062,1.9844674545084815,completed,False,COMPLETE
298,6.427412185543604,2026-06-12 07:49:38.126320,2026-06-12 07:49:40.392050,0 days 00:00:02.265730,,,,,,,,,,,,,,0.00014578775244614836,QuantileRegressor,,,,,,2,,,,,,,,False,-0.011525324144749072,0.005746489318245082,98.0,-0.0028894174132519956,0.008635906731497077,0.043299368232734906,1.9844674545084815,6.360805768121775,6.494018602965433,98.0,6.427412185543604,0.06660641742182895,0.3339563388396001,1.9844674545084815,137687243116161.02,303267916494772.06,98.0,220477579805466.53,82790336689305.52,415100508363283.9,1.9844674545084815,17.790884132304683,18.751109291329364,98.0,18.270996711817023,0.4801125795123398,2.407225091680583,1.9844674545084815,5.7167158956214745,5.926796875378759,98.0,5.821756385500117,0.10504048987864266,0.526660024478259,1.9844674545084815,99.0,0.7373737373737373,-0.07706626967983872,-0.0423885749907917,98.0,-0.05972742233531521,0.017338847344523508,0.08693483605647429,1.9844674545084815,QuantileRegressor,"{'mode': 'original', 'type': 'QuantileRegressor'}",2,"['z_lsc_T6W30', 'z_diameter_T6W30']",0.046375399316357244,0.1005602413406907,98.0,0.07346782032852398,0.027092421012166728,0.13583804807011057,1.9844674545084815,7.699077594817851,7.860230003409482,98.0,7.7796537991136665,0.08057620429581572,0.40399912239392405,1.9844674545084815,completed,False,COMPLETE
299,6.429646137133343,2026-06-12 07:49:40.408772,2026-06-12 07:49:42.569768,0 days 00:00:02.160996,,,,,,,,,,,,,,0.00020644196811173924,QuantileRegressor,,,,,,2,,,,,,,,False,-0.011907701108208723,0.005453770656814971,98.0,-0.003226965225696876,0.008680735882511847,0.04352413605129758,1.9844674545084815,6.362513251551832,6.496779022714854,98.0,6.429646137133343,0.0671328855815113,0.33659598507683364,1.9844674545084815,137687243116161.02,303267916494772.06,98.0,220477579805466.53,82790336689305.52,415100508363283.9,1.9844674545084815,17.797496402460194,18.753149894211926,98.0,18.27532314833606,0.4778267458758652,2.3957642045471568,1.9844674545084815,5.71789828228732,5.932015704964548,98.0,5.824956993625934,0.10705871133861437,0.5367791372579049,1.9844674545084815,99.0,0.7373737373737373,-0.07719314632606276,-0.04253172538025475,98.0,-0.05986243585315876,0.017330710472904003,0.08689403878857067,1.9844674545084815,QuantileRegressor,"{'mode': 'original', 'type': 'QuantileRegressor'}",2,"['z_lsc_T6W30', 'z_diameter_T6W30']",0.04563424087207968,0.09976421241066208,98.0,0.07269922664137088,0.027064985769291203,0.135700491155619,1.9844674545084815,7.69945434327789,7.860948044820524,98.0,7.780201194049207,0.08074685077131705,0.4048547227159379,1.9844674545084815,completed,False,COMPLETE
