number,value,datetime_start,datetime_complete,duration,params_dt_max_depth,params_dt_min_samples_leaf,params_dt_min_samples_split,params_elastic_alpha,params_elastic_l1_ratio,params_et_max_depth,params_et_max_features,params_et_min_samples_leaf,params_et_min_samples_split,params_et_n_estimators,params_knn_metric,params_knn_n_neighbors,params_knn_weights,params_quantile_alpha,params_regressor,params_rf_max_depth,params_rf_max_features,params_rf_min_samples_leaf,params_rf_min_samples_split,params_rf_n_estimators,params_rfe_n_features,params_rfe_proxy_et_max_depth,params_rfe_proxy_et_min_samples_leaf,params_rfe_proxy_et_min_samples_split,params_rfe_proxy_et_n_estimators,params_rfe_proxy_lsvr_C,params_rfe_proxy_lsvr_epsilon,params_rfe_proxy_type,params_use_scaler,user_attrs_d2mae_ci_lower_val,user_attrs_d2mae_ci_upper_val,user_attrs_d2mae_df_val,user_attrs_d2mae_mean_val,user_attrs_d2mae_samperror_val,user_attrs_d2mae_std_val,user_attrs_d2mae_t_critical_val,user_attrs_mae_ci_lower_val,user_attrs_mae_ci_upper_val,user_attrs_mae_df_val,user_attrs_mae_mean_val,user_attrs_mae_samperror_val,user_attrs_mae_std_val,user_attrs_mae_t_critical_val,user_attrs_mape_ci_lower_val,user_attrs_mape_ci_upper_val,user_attrs_mape_df_val,user_attrs_mape_mean_val,user_attrs_mape_samperror_val,user_attrs_mape_std_val,user_attrs_mape_t_critical_val,user_attrs_max_error_ci_lower_val,user_attrs_max_error_ci_upper_val,user_attrs_max_error_df_val,user_attrs_max_error_mean_val,user_attrs_max_error_samperror_val,user_attrs_max_error_std_val,user_attrs_max_error_t_critical_val,user_attrs_median_ae_ci_lower_val,user_attrs_median_ae_ci_upper_val,user_attrs_median_ae_df_val,user_attrs_median_ae_mean_val,user_attrs_median_ae_samperror_val,user_attrs_median_ae_std_val,user_attrs_median_ae_t_critical_val,user_attrs_n_splits_val,user_attrs_r2_below_zero_val,user_attrs_r2_ci_lower_val,user_attrs_r2_ci_upper_val,user_attrs_r2_df_val,user_attrs_r2_mean_val,user_attrs_r2_samperror_val,user_attrs_r2_std_val,user_attrs_r2_t_critical_val,user_attrs_regressor_final,user_attrs_rfe_estimator,user_attrs_rfe_n_features,user_attrs_rfe_selected_features,user_attrs_rho_ci_lower_val,user_attrs_rho_ci_upper_val,user_attrs_rho_df_val,user_attrs_rho_mean_val,user_attrs_rho_samperror_val,user_attrs_rho_std_val,user_attrs_rho_t_critical_val,user_attrs_rmse_ci_lower_val,user_attrs_rmse_ci_upper_val,user_attrs_rmse_df_val,user_attrs_rmse_mean_val,user_attrs_rmse_samperror_val,user_attrs_rmse_std_val,user_attrs_rmse_t_critical_val,user_attrs_termination_reason,user_attrs_use_scaler_final,state
164,6.43236284412755,2026-06-12 07:44:48.998182,2026-06-12 07:44:51.444509,0 days 00:00:02.446327,,,,,,,,,,,,,,0.11586305943170501,QuantileRegressor,,,,,,7,,,,,,,,True,-0.004618760704527799,-0.0023266854860824436,98.0,-0.0034727230953051215,0.001146037609222678,0.005746090826723593,1.9844674545084815,6.387146941252938,6.477578747002163,98.0,6.43236284412755,0.04521590287461224,0.22670694455311866,1.9844674545084815,159975467009718.8,352020212552703.8,98.0,255997839781211.3,96022372771492.52,481444300695108.6,1.9844674545084815,17.65307108337025,18.14490871460955,98.0,17.8989898989899,0.24591881561964796,1.2330065254221743,1.9844674545084815,5.956835168213341,6.06336685198868,98.0,6.01010101010101,0.05326584188766987,0.26706834312012434,1.9844674545084815,99.0,1.0,-0.03940786471611372,-0.03383770038410198,98.0,-0.03662278255010785,0.0027850821660058717,0.013964057511701019,1.9844674545084815,QuantileRegressor,"{'mode': 'original', 'type': 'QuantileRegressor'}",7,"['z_l1_T6W30', 'z_l2_T6W30', 'z_l3_T6W30', 'z_lsc_T6W30', 'z_density_T6W30', 'z_diameter_T6W30', 'z_asp_T6W30']",,,,,,,,7.641821067877172,7.76254996760978,98.0,7.702185517743476,0.06036444986630419,0.3026598855444638,1.9844674545084815,completed,True,COMPLETE
165,6.43236284412755,2026-06-12 07:44:51.476924,2026-06-12 07:44:53.659671,0 days 00:00:02.182747,,,,,,,,,,,,,,1.0963316508853411,QuantileRegressor,,,,,,6,,,,,,,,True,-0.004618760704527799,-0.0023266854860824436,98.0,-0.0034727230953051215,0.001146037609222678,0.005746090826723593,1.9844674545084815,6.387146941252938,6.477578747002163,98.0,6.43236284412755,0.04521590287461224,0.22670694455311866,1.9844674545084815,159975467009718.8,352020212552703.8,98.0,255997839781211.3,96022372771492.52,481444300695108.6,1.9844674545084815,17.65307108337025,18.14490871460955,98.0,17.8989898989899,0.24591881561964796,1.2330065254221743,1.9844674545084815,5.956835168213341,6.06336685198868,98.0,6.01010101010101,0.05326584188766987,0.26706834312012434,1.9844674545084815,99.0,1.0,-0.03940786471611372,-0.03383770038410198,98.0,-0.03662278255010785,0.0027850821660058717,0.013964057511701019,1.9844674545084815,QuantileRegressor,"{'mode': 'original', 'type': 'QuantileRegressor'}",6,"['z_l2_T6W30', 'z_l3_T6W30', 'z_lsc_T6W30', 'z_density_T6W30', 'z_diameter_T6W30', 'z_asp_T6W30']",,,,,,,,7.641821067877172,7.76254996760978,98.0,7.702185517743476,0.06036444986630419,0.3026598855444638,1.9844674545084815,completed,True,COMPLETE
166,6.548541060527535,2026-06-12 07:44:53.672263,2026-06-12 07:44:55.458033,0 days 00:00:01.785770,,,,,,,,,,,,,,,LinearRegression,,,,,,8,,,,,,,,False,-0.029469003491925314,-0.013948337704075185,98.0,-0.02170867059800025,0.007760332893925065,0.03890934930516744,1.9844674545084815,6.483709138764277,6.613372982290794,98.0,6.548541060527535,0.0648319217632588,0.32505923708332635,1.9844674545084815,155068471379101.97,341842405576804.6,98.0,248455438477953.28,93386967098851.31,468230702608628.6,1.9844674545084815,17.280382776361453,17.897521103255347,98.0,17.5889519398084,0.3085691634469456,1.5471276206152462,1.9844674545084815,5.856943051366696,6.069630975284418,98.0,5.963287013325557,0.10634396195886053,0.5331954722705093,1.9844674545084815,99.0,0.7676767676767676,-0.0751935617759614,-0.0439849126176397,98.0,-0.059589237196800544,0.015604324579160847,0.07823815344275645,1.9844674545084815,LinearRegression,"{'mode': 'original', 'type': 'LinearRegression'}",8,"['z_re_T6W30', 'z_pe_T6W30', 'z_l1_T6W30', 'z_l2_T6W30', 'z_l3_T6W30', 'z_lsc_T6W30', 'z_diameter_T6W30', 'z_asp_T6W30']",-0.017081243188753585,0.03455641424725493,98.0,0.008737585529250672,0.02581882871800426,0.12945241382950612,1.9844674545084815,7.7035593793073,7.857992033515653,98.0,7.780775706411476,0.07721632710417639,0.38715311371634564,1.9844674545084815,completed,False,COMPLETE
167,6.43236284412755,2026-06-12 07:44:55.470142,2026-06-12 07:44:57.628861,0 days 00:00:02.158719,,,,,,,,,,,,,,5.921536004023373,QuantileRegressor,,,,,,5,,,,,,,,False,-0.004618760704527799,-0.0023266854860824436,98.0,-0.0034727230953051215,0.001146037609222678,0.005746090826723593,1.9844674545084815,6.387146941252938,6.477578747002163,98.0,6.43236284412755,0.04521590287461224,0.22670694455311866,1.9844674545084815,159975467009718.8,352020212552703.8,98.0,255997839781211.3,96022372771492.52,481444300695108.6,1.9844674545084815,17.65307108337025,18.14490871460955,98.0,17.8989898989899,0.24591881561964796,1.2330065254221743,1.9844674545084815,5.956835168213341,6.06336685198868,98.0,6.01010101010101,0.05326584188766987,0.26706834312012434,1.9844674545084815,99.0,1.0,-0.03940786471611372,-0.03383770038410198,98.0,-0.03662278255010785,0.0027850821660058717,0.013964057511701019,1.9844674545084815,QuantileRegressor,"{'mode': 'original', 'type': 'QuantileRegressor'}",5,"['z_l3_T6W30', 'z_lsc_T6W30', 'z_density_T6W30', 'z_diameter_T6W30', 'z_asp_T6W30']",,,,,,,,7.641821067877172,7.76254996760978,98.0,7.702185517743476,0.06036444986630419,0.3026598855444638,1.9844674545084815,completed,False,COMPLETE
168,6.289110226398017,2026-06-12 07:44:57.653971,2026-06-12 07:44:57.948410,0 days 00:00:00.294439,,,,,,,,,,,,,,0.012852896176623175,QuantileRegressor,,,,,,5,,,,,,,,False,,,,,,,,,,,,,,,,,,,,,,,,,,,,,,,,,,,,,,,,,,,,,QuantileRegressor,"{'mode': 'original', 'type': 'QuantileRegressor'}",5,"['z_l3_T6W30', 'z_lsc_T6W30', 'z_density_T6W30', 'z_diameter_T6W30', 'z_asp_T6W30']",,,,,,,,,,,,,,,pruned,False,PRUNED
169,6.556584895233206,2026-06-12 07:44:57.959391,2026-06-12 07:44:59.564569,0 days 00:00:01.605178,,,,,,,,,,,,,,,RandomForestRegressor,15.0,log2,2.0,10.0,204.0,6,,,,,,,,False,,,,,,,,,,,,,,,,,,,,,,,,,,,,,,,,,,,,,,,,,,,,,RandomForestRegressor,"{'mode': 'original', 'type': 'RandomForestRegressor'}",6,"['z_re_T6W30', 'z_pe_T6W30', 'z_l2_T6W30', 'z_l3_T6W30', 'z_lsc_T6W30', 'z_density_T6W30']",,,,,,,,,,,,,,,pruned,False,PRUNED
170,6.43236284412755,2026-06-12 07:44:59.574397,2026-06-12 07:45:01.768234,0 days 00:00:02.193837,,,,,,,,,,,,,,0.22846544030666122,QuantileRegressor,,,,,,4,,,,,,,,False,-0.004618760704527799,-0.0023266854860824436,98.0,-0.0034727230953051215,0.001146037609222678,0.005746090826723593,1.9844674545084815,6.387146941252938,6.477578747002163,98.0,6.43236284412755,0.04521590287461224,0.22670694455311866,1.9844674545084815,159975467009718.8,352020212552703.8,98.0,255997839781211.3,96022372771492.52,481444300695108.6,1.9844674545084815,17.65307108337025,18.14490871460955,98.0,17.8989898989899,0.24591881561964796,1.2330065254221743,1.9844674545084815,5.956835168213341,6.06336685198868,98.0,6.01010101010101,0.05326584188766987,0.26706834312012434,1.9844674545084815,99.0,1.0,-0.03940786471611372,-0.03383770038410198,98.0,-0.03662278255010785,0.0027850821660058717,0.013964057511701019,1.9844674545084815,QuantileRegressor,"{'mode': 'original', 'type': 'QuantileRegressor'}",4,"['z_lsc_T6W30', 'z_density_T6W30', 'z_diameter_T6W30', 'z_asp_T6W30']",,,,,,,,7.641821067877172,7.76254996760978,98.0,7.702185517743476,0.06036444986630419,0.3026598855444638,1.9844674545084815,completed,False,COMPLETE
171,6.43236284412755,2026-06-12 07:45:01.809057,2026-06-12 07:45:04.018268,0 days 00:00:02.209211,,,,,,,,,,,,,,2.0340997429250165,QuantileRegressor,,,,,,2,,,,,,,,True,-0.004618760704527799,-0.0023266854860824436,98.0,-0.0034727230953051215,0.001146037609222678,0.005746090826723593,1.9844674545084815,6.387146941252938,6.477578747002163,98.0,6.43236284412755,0.04521590287461224,0.22670694455311866,1.9844674545084815,159975467009718.8,352020212552703.8,98.0,255997839781211.3,96022372771492.52,481444300695108.6,1.9844674545084815,17.65307108337025,18.14490871460955,98.0,17.8989898989899,0.24591881561964796,1.2330065254221743,1.9844674545084815,5.956835168213341,6.06336685198868,98.0,6.01010101010101,0.05326584188766987,0.26706834312012434,1.9844674545084815,99.0,1.0,-0.03940786471611372,-0.03383770038410198,98.0,-0.03662278255010785,0.0027850821660058717,0.013964057511701019,1.9844674545084815,QuantileRegressor,"{'mode': 'original', 'type': 'QuantileRegressor'}",2,"['z_diameter_T6W30', 'z_asp_T6W30']",,,,,,,,7.641821067877172,7.76254996760978,98.0,7.702185517743476,0.06036444986630419,0.3026598855444638,1.9844674545084815,completed,True,COMPLETE
172,6.431598291506876,2026-06-12 07:45:04.031194,2026-06-12 07:45:06.322543,0 days 00:00:02.291349,,,,,,,,,,,,,,0.00011139238551084134,QuantileRegressor,,,,,,3,,,,,,,,True,-0.012456893846746336,0.005486898477613335,98.0,-0.0034849976845665004,0.008971896162179836,0.04498397768183646,1.9844674545084815,6.361785615395893,6.501410967617859,98.0,6.431598291506876,0.0698126761109827,0.35003212334578676,1.9844674545084815,128140617411285.38,282404828595649.8,98.0,205272723003467.6,77132105592182.22,386730837472016.44,1.9844674545084815,18.270810824211935,19.198901810304825,98.0,18.73485631725838,0.4640454930464467,2.3266667073737515,1.9844674545084815,5.5354035621921795,5.758762833748664,98.0,5.647083197970422,0.11167963577824239,0.5599478808661875,1.9844674545084815,99.0,0.8181818181818182,-0.10651291117662387,-0.06727669319920504,98.0,-0.08689480218791445,0.01961810898870942,0.09836277203341205,1.9844674545084815,QuantileRegressor,"{'mode': 'original', 'type': 'QuantileRegressor'}",3,"['z_lsc_T6W30', 'z_diameter_T6W30', 'z_asp_T6W30']",0.05917824913423459,0.11007635285859071,98.0,0.08462730099641265,0.02544905186217806,0.12759839840968165,1.9844674545084815,7.791030995872798,7.962854075948612,98.0,7.876942535910705,0.08591154003790742,0.4307498359118841,1.9844674545084815,completed,True,COMPLETE
173,6.451651678109443,2026-06-12 07:45:06.381240,2026-06-12 07:45:08.542064,0 days 00:00:02.160824,,,,,,,,,,,,,,0.002295657191499111,QuantileRegressor,,,,,,3,,,,,,,,True,-0.014355425533677076,0.0011542455296996686,98.0,-0.006600590001988703,0.007754835531688372,0.03888178621084556,1.9844674545084815,6.387624820109658,6.515678536109228,98.0,6.451651678109443,0.06402685799978493,0.3210227469463557,1.9844674545084815,136026865146226.45,300005743029869.75,98.0,218016304088048.1,81989438941821.64,411084906115219.75,1.9844674545084815,18.036168395716,18.93222261688837,98.0,18.484195506302186,0.4480271105861858,2.2463525189272784,1.9844674545084815,5.687900549464672,5.910822934655457,98.0,5.799361742060064,0.11146119259539203,0.5588526337651888,1.9844674545084815,99.0,0.7878787878787878,-0.08945461547716582,-0.05411731915521617,98.0,-0.071785967316191,0.017668648160974822,0.08858841655924872,1.9844674545084815,QuantileRegressor,"{'mode': 'original', 'type': 'QuantileRegressor'}",3,"['z_lsc_T6W30', 'z_diameter_T6W30', 'z_asp_T6W30']",0.042530329747483886,0.09490490597595727,98.0,0.06871761786172058,0.02618728811423669,0.13129982366987542,1.9844674545084815,7.742187826607743,7.9051369937752805,98.0,7.8236624101915115,0.08147458358376931,0.4085034850290474,1.9844674545084815,completed,True,COMPLETE
174,6.43236284412755,2026-06-12 07:45:08.554282,2026-06-12 07:45:10.852050,0 days 00:00:02.297768,,,,,,,,,,,,,,6.438186028396629,QuantileRegressor,,,,,,7,,,,,,,,True,-0.004618760704527799,-0.0023266854860824436,98.0,-0.0034727230953051215,0.001146037609222678,0.005746090826723593,1.9844674545084815,6.387146941252938,6.477578747002163,98.0,6.43236284412755,0.04521590287461224,0.22670694455311866,1.9844674545084815,159975467009718.8,352020212552703.8,98.0,255997839781211.3,96022372771492.52,481444300695108.6,1.9844674545084815,17.65307108337025,18.14490871460955,98.0,17.8989898989899,0.24591881561964796,1.2330065254221743,1.9844674545084815,5.956835168213341,6.06336685198868,98.0,6.01010101010101,0.05326584188766987,0.26706834312012434,1.9844674545084815,99.0,1.0,-0.03940786471611372,-0.03383770038410198,98.0,-0.03662278255010785,0.0027850821660058717,0.013964057511701019,1.9844674545084815,QuantileRegressor,"{'mode': 'original', 'type': 'QuantileRegressor'}",7,"['z_l1_T6W30', 'z_l2_T6W30', 'z_l3_T6W30', 'z_lsc_T6W30', 'z_density_T6W30', 'z_diameter_T6W30', 'z_asp_T6W30']",,,,,,,,7.641821067877172,7.76254996760978,98.0,7.702185517743476,0.06036444986630419,0.3026598855444638,1.9844674545084815,completed,True,COMPLETE
175,6.43236284412755,2026-06-12 07:45:10.864440,2026-06-12 07:45:13.143534,0 days 00:00:02.279094,,,,,,,,,,,,,,8.22614568524754,QuantileRegressor,,,,,,3,,,,,,,,True,-0.004618760704527799,-0.0023266854860824436,98.0,-0.0034727230953051215,0.001146037609222678,0.005746090826723593,1.9844674545084815,6.387146941252938,6.477578747002163,98.0,6.43236284412755,0.04521590287461224,0.22670694455311866,1.9844674545084815,159975467009718.8,352020212552703.8,98.0,255997839781211.3,96022372771492.52,481444300695108.6,1.9844674545084815,17.65307108337025,18.14490871460955,98.0,17.8989898989899,0.24591881561964796,1.2330065254221743,1.9844674545084815,5.956835168213341,6.06336685198868,98.0,6.01010101010101,0.05326584188766987,0.26706834312012434,1.9844674545084815,99.0,1.0,-0.03940786471611372,-0.03383770038410198,98.0,-0.03662278255010785,0.0027850821660058717,0.013964057511701019,1.9844674545084815,QuantileRegressor,"{'mode': 'original', 'type': 'QuantileRegressor'}",3,"['z_density_T6W30', 'z_diameter_T6W30', 'z_asp_T6W30']",,,,,,,,7.641821067877172,7.76254996760978,98.0,7.702185517743476,0.06036444986630419,0.3026598855444638,1.9844674545084815,completed,True,COMPLETE
176,6.4546172525033985,2026-06-12 07:45:13.156014,2026-06-12 07:45:15.531580,0 days 00:00:02.375566,,,,,,,,,,,,,,0.0007111153303574623,QuantileRegressor,,,,,,3,,,,,,,,False,-0.014906948292196204,0.0007075536849957612,98.0,-0.007099697303600222,0.007807250988595983,0.039144590828854235,1.9844674545084815,6.391316980739082,6.517917524267715,98.0,6.4546172525033985,0.06330027176431699,0.31737973342843306,1.9844674545084815,134982954481597.25,297737289501527.94,98.0,216360121991562.6,81377167509965.34,408015052883753.2,1.9844674545084815,18.076207276566432,18.977987020854524,98.0,18.527097148710478,0.4508898721440462,2.2607060513020807,1.9844674545084815,5.665118574157664,5.887220396900726,98.0,5.776169485529195,0.1110509113715304,0.5567955344537558,1.9844674545084815,99.0,0.797979797979798,-0.0928149433651916,-0.05674888785043626,98.0,-0.07478191560781393,0.01803302775737767,0.09041537078787633,1.9844674545084815,QuantileRegressor,"{'mode': 'original', 'type': 'QuantileRegressor'}",3,"['z_lsc_T6W30', 'z_diameter_T6W30', 'z_asp_T6W30']",0.04584379053723221,0.09745964816093901,98.0,0.07165171934908561,0.025807928811853398,0.12939776304820402,1.9844674545084815,7.752115376073846,7.916501138442367,98.0,7.834308257258106,0.08219288118426041,0.4121049403563633,1.9844674545084815,completed,False,COMPLETE
177,6.432288893509872,2026-06-12 07:45:15.546065,2026-06-12 07:45:17.771739,0 days 00:00:02.225674,,,,,,,,,,,,,,0.00013635924240026253,QuantileRegressor,,,,,,3,,,,,,,,False,-0.012506627217639746,0.005275206710473347,98.0,-0.0036157102535832,0.008890916964056547,0.04457795799823527,1.9844674545084815,6.363490561565713,6.5010872254540315,98.0,6.432288893509872,0.0687983319441594,0.3449463271509504,1.9844674545084815,129605426182156.44,285629156768609.0,98.0,207617291475382.72,78011865293226.28,391141843801310.6,1.9844674545084815,18.229022181206496,19.15629877890845,98.0,18.692660480057473,0.463638298850978,2.324625086040866,1.9844674545084815,5.544918892221198,5.771071454258945,98.0,5.657995173240072,0.11307628101887346,0.566950487360769,1.9844674545084815,99.0,0.8181818181818182,-0.10422933258233803,-0.06518931838006901,98.0,-0.08470932548120352,0.01952000710113451,0.09787090130269425,1.9844674545084815,QuantileRegressor,"{'mode': 'original', 'type': 'QuantileRegressor'}",3,"['z_lsc_T6W30', 'z_diameter_T6W30', 'z_asp_T6W30']",0.05856412291251645,0.10968909983326233,98.0,0.08412661137288939,0.02556248846037294,0.12816715548279764,1.9844674545084815,7.784303209432949,7.953367707403972,98.0,7.86883545841846,0.08453224898551115,0.42383424117068547,1.9844674545084815,completed,False,COMPLETE
178,6.43236284412755,2026-06-12 07:45:17.784442,2026-06-12 07:45:20.010269,0 days 00:00:02.225827,,,,,,,,,,,,,,3.637944456039167,QuantileRegressor,,,,,,3,,,,,,,,False,-0.004618760704527799,-0.0023266854860824436,98.0,-0.0034727230953051215,0.001146037609222678,0.005746090826723593,1.9844674545084815,6.387146941252938,6.477578747002163,98.0,6.43236284412755,0.04521590287461224,0.22670694455311866,1.9844674545084815,159975467009718.8,352020212552703.8,98.0,255997839781211.3,96022372771492.52,481444300695108.6,1.9844674545084815,17.65307108337025,18.14490871460955,98.0,17.8989898989899,0.24591881561964796,1.2330065254221743,1.9844674545084815,5.956835168213341,6.06336685198868,98.0,6.01010101010101,0.05326584188766987,0.26706834312012434,1.9844674545084815,99.0,1.0,-0.03940786471611372,-0.03383770038410198,98.0,-0.03662278255010785,0.0027850821660058717,0.013964057511701019,1.9844674545084815,QuantileRegressor,"{'mode': 'original', 'type': 'QuantileRegressor'}",3,"['z_density_T6W30', 'z_diameter_T6W30', 'z_asp_T6W30']",,,,,,,,7.641821067877172,7.76254996760978,98.0,7.702185517743476,0.06036444986630419,0.3026598855444638,1.9844674545084815,completed,False,COMPLETE
179,6.382466311755265,2026-06-12 07:45:20.022527,2026-06-12 07:45:22.565384,0 days 00:00:02.542857,,,,,,15.0,log2,2.0,4.0,364.0,,,,,ExtraTreesRegressor,,,,,,3,,,,,,,,False,,,,,,,,,,,,,,,,,,,,,,,,,,,,,,,,,,,,,,,,,,,,,ExtraTreesRegressor,"{'mode': 'original', 'type': 'ExtraTreesRegressor'}",3,"['z_pe_T6W30', 'z_l2_T6W30', 'z_lsc_T6W30']",,,,,,,,,,,,,,,pruned,False,PRUNED
180,6.435417228338036,2026-06-12 07:45:22.575601,2026-06-12 07:45:24.824226,0 days 00:00:02.248625,,,,,,,,,,,,,,0.00026183746126180307,QuantileRegressor,,,,,,3,,,,,,,,False,-0.012784066030305793,0.004579117912656857,98.0,-0.004102474058824468,0.008681591971481325,0.04352842837550649,1.9844674545084815,6.367624240904397,6.5032102157716745,98.0,6.435417228338036,0.0677929874336388,0.3399056541197072,1.9844674545084815,130527062221900.22,287677984067859.0,98.0,209102523144879.6,78575460922979.38,393967642581424.2,1.9844674545084815,18.201722719431167,19.12423475756237,98.0,18.66297873849677,0.4612560190656021,2.312680629845644,1.9844674545084815,5.590542100063718,5.806983046162699,98.0,5.698762573113209,0.10822047304949045,0.5426040667855071,1.9844674545084815,99.0,0.8181818181818182,-0.10147459098567813,-0.06284096171021405,98.0,-0.08215777634794609,0.019316814637732035,0.09685211942274509,1.9844674545084815,QuantileRegressor,"{'mode': 'original', 'type': 'QuantileRegressor'}",3,"['z_lsc_T6W30', 'z_diameter_T6W30', 'z_asp_T6W30']",0.05730697642225679,0.10815146582995896,98.0,0.08272922112610788,0.025422244703851092,0.12746399063343286,1.9844674545084815,7.77531268802814,7.9444336985064234,98.0,7.859873193267282,0.08456050523914198,0.4239759145315587,1.9844674545084815,completed,False,COMPLETE
