number,value,datetime_start,datetime_complete,duration,params_dt_max_depth,params_dt_min_samples_leaf,params_dt_min_samples_split,params_elastic_alpha,params_elastic_l1_ratio,params_et_max_depth,params_et_max_features,params_et_min_samples_leaf,params_et_min_samples_split,params_et_n_estimators,params_knn_metric,params_knn_n_neighbors,params_knn_weights,params_quantile_alpha,params_regressor,params_rf_max_depth,params_rf_max_features,params_rf_min_samples_leaf,params_rf_min_samples_split,params_rf_n_estimators,params_rfe_n_features,params_rfe_proxy_et_max_depth,params_rfe_proxy_et_min_samples_leaf,params_rfe_proxy_et_min_samples_split,params_rfe_proxy_et_n_estimators,params_rfe_proxy_lsvr_C,params_rfe_proxy_lsvr_epsilon,params_rfe_proxy_type,params_use_scaler,user_attrs_d2mae_ci_lower_val,user_attrs_d2mae_ci_upper_val,user_attrs_d2mae_df_val,user_attrs_d2mae_mean_val,user_attrs_d2mae_samperror_val,user_attrs_d2mae_std_val,user_attrs_d2mae_t_critical_val,user_attrs_mae_ci_lower_val,user_attrs_mae_ci_upper_val,user_attrs_mae_df_val,user_attrs_mae_mean_val,user_attrs_mae_samperror_val,user_attrs_mae_std_val,user_attrs_mae_t_critical_val,user_attrs_mape_ci_lower_val,user_attrs_mape_ci_upper_val,user_attrs_mape_df_val,user_attrs_mape_mean_val,user_attrs_mape_samperror_val,user_attrs_mape_std_val,user_attrs_mape_t_critical_val,user_attrs_max_error_ci_lower_val,user_attrs_max_error_ci_upper_val,user_attrs_max_error_df_val,user_attrs_max_error_mean_val,user_attrs_max_error_samperror_val,user_attrs_max_error_std_val,user_attrs_max_error_t_critical_val,user_attrs_median_ae_ci_lower_val,user_attrs_median_ae_ci_upper_val,user_attrs_median_ae_df_val,user_attrs_median_ae_mean_val,user_attrs_median_ae_samperror_val,user_attrs_median_ae_std_val,user_attrs_median_ae_t_critical_val,user_attrs_n_splits_val,user_attrs_r2_below_zero_val,user_attrs_r2_ci_lower_val,user_attrs_r2_ci_upper_val,user_attrs_r2_df_val,user_attrs_r2_mean_val,user_attrs_r2_samperror_val,user_attrs_r2_std_val,user_attrs_r2_t_critical_val,user_attrs_regressor_final,user_attrs_rfe_estimator,user_attrs_rfe_n_features,user_attrs_rfe_selected_features,user_attrs_rho_ci_lower_val,user_attrs_rho_ci_upper_val,user_attrs_rho_df_val,user_attrs_rho_mean_val,user_attrs_rho_samperror_val,user_attrs_rho_std_val,user_attrs_rho_t_critical_val,user_attrs_rmse_ci_lower_val,user_attrs_rmse_ci_upper_val,user_attrs_rmse_df_val,user_attrs_rmse_mean_val,user_attrs_rmse_samperror_val,user_attrs_rmse_std_val,user_attrs_rmse_t_critical_val,user_attrs_termination_reason,user_attrs_use_scaler_final,state
210,6.430436458052238,2026-06-12 07:46:29.700064,2026-06-12 07:46:31.950536,0 days 00:00:02.250472,,,,,,,,,,,,,,0.00010650369368848744,QuantileRegressor,,,,,,3,,,,,,,,False,-0.012198847442691655,0.005560475839744084,98.0,-0.003319185801473786,0.00887966164121787,0.04452152520161962,1.9844674545084815,6.361502331952291,6.499370584152185,98.0,6.430436458052238,0.06893412609994663,0.34562718225257405,1.9844674545084815,128580392888690.78,283315455442157.1,98.0,205947924165423.97,77367531276733.19,387911232736087.25,1.9844674545084815,18.24666679549528,19.176751903904666,98.0,18.711709349699973,0.4650425542046934,2.331665848701207,1.9844674545084815,5.538512222046307,5.765731613910287,98.0,5.652121917978297,0.1136096959319899,0.5696249637605225,1.9844674545084815,99.0,0.8181818181818182,-0.1049495414361647,-0.06593065301812709,98.0,-0.08544009722714589,0.019509444209018803,0.09781794026808133,1.9844674545084815,QuantileRegressor,"{'mode': 'original', 'type': 'QuantileRegressor'}",3,"['z_lsc_T6W30', 'z_diameter_T6W30', 'z_asp_T6W30']",0.05988722902821489,0.1108226483721744,98.0,0.08535493870019464,0.025467709671979758,0.12769194636036454,1.9844674545084815,7.7866439251834185,7.956546168307475,98.0,7.871595046745447,0.08495112156202812,0.42593441646172403,1.9844674545084815,completed,False,COMPLETE
211,6.4294189478351464,2026-06-12 07:46:31.964327,2026-06-12 07:46:34.332791,0 days 00:00:02.368464,,,,,,,,,,,,,,0.00010347006109317759,QuantileRegressor,,,,,,3,,,,,,,,False,-0.012021277944248666,0.005699940520774212,98.0,-0.0031606687117372275,0.008860609232511439,0.044425998780833774,1.9844674545084815,6.360592363585472,6.4982455320848205,98.0,6.4294189478351464,0.06882658424967428,0.34508798071645863,1.9844674545084815,128580216828215.02,283315074585416.4,98.0,205947645706815.7,77367428878600.67,387910719324515.75,1.9844674545084815,18.24445955388046,19.17431556848814,98.0,18.7093875611843,0.46492800730384115,2.3310915247078934,1.9844674545084815,5.535387128915798,5.761006296055405,98.0,5.648196712485602,0.11280958356980335,0.5656132993372,1.9844674545084815,99.0,0.8181818181818182,-0.10473969555600804,-0.0657223659496913,98.0,-0.08523103075284967,0.01950866480315837,0.09781403242349677,1.9844674545084815,QuantileRegressor,"{'mode': 'original', 'type': 'QuantileRegressor'}",3,"['z_lsc_T6W30', 'z_diameter_T6W30', 'z_asp_T6W30']",0.06004930263438896,0.11101273675527473,98.0,0.08553101969483184,0.025481717060442888,0.12776217767363612,1.9844674545084815,7.785947360021068,7.955688075232376,98.0,7.870817717626722,0.08487035760565426,0.42552947597363255,1.9844674545084815,completed,False,COMPLETE
212,6.429382295590655,2026-06-12 07:46:34.345624,2026-06-12 07:46:36.690666,0 days 00:00:02.345042,,,,,,,,,,,,,,0.00010011938904605122,QuantileRegressor,,,,,,3,,,,,,,,False,-0.01201548470135676,0.005705903658190913,98.0,-0.0031547905215829238,0.008860694179773837,0.04442642469590087,1.9844674545084815,6.360551553824754,6.498213037356557,98.0,6.429382295590655,0.06883074176590159,0.3451088259886063,1.9844674545084815,128580216828215.02,283315074585416.4,98.0,205947645706815.7,77367428878600.67,387910719324515.75,1.9844674545084815,18.246279423063477,19.17665285577786,98.0,18.71146613942067,0.4651867163571929,2.332388659903363,1.9844674545084815,5.534812331709292,5.7604790287286605,98.0,5.647645680218976,0.11283334850968416,0.5657324538064319,1.9844674545084815,99.0,0.8181818181818182,-0.1048366946584057,-0.06582065683487498,98.0,-0.08532867574664034,0.01950801891176536,0.09781079400393829,1.9844674545084815,QuantileRegressor,"{'mode': 'original', 'type': 'QuantileRegressor'}",3,"['z_lsc_T6W30', 'z_diameter_T6W30', 'z_asp_T6W30']",0.05991181528538445,0.11089672633827485,98.0,0.08540427081182965,0.025492455526445197,0.12781601901400086,1.9844674545084815,7.786309251821846,7.956031457512601,98.0,7.871170354667224,0.08486110284537751,0.42548307375026584,1.9844674545084815,completed,False,COMPLETE
213,6.429382295590655,2026-06-12 07:46:36.703467,2026-06-12 07:46:39.090693,0 days 00:00:02.387226,,,,,,,,,,,,,,0.00010158162349476427,QuantileRegressor,,,,,,3,,,,,,,,False,-0.01201548470135676,0.005705903658190913,98.0,-0.0031547905215829238,0.008860694179773837,0.04442642469590087,1.9844674545084815,6.360551553824754,6.498213037356557,98.0,6.429382295590655,0.06883074176590159,0.3451088259886063,1.9844674545084815,128580216828215.02,283315074585416.4,98.0,205947645706815.7,77367428878600.67,387910719324515.75,1.9844674545084815,18.246279423063477,19.17665285577786,98.0,18.71146613942067,0.4651867163571929,2.332388659903363,1.9844674545084815,5.534812331709292,5.7604790287286605,98.0,5.647645680218976,0.11283334850968416,0.5657324538064319,1.9844674545084815,99.0,0.8181818181818182,-0.1048366946584057,-0.06582065683487498,98.0,-0.08532867574664034,0.01950801891176536,0.09781079400393829,1.9844674545084815,QuantileRegressor,"{'mode': 'original', 'type': 'QuantileRegressor'}",3,"['z_lsc_T6W30', 'z_diameter_T6W30', 'z_asp_T6W30']",0.05991181528538445,0.11089672633827485,98.0,0.08540427081182965,0.025492455526445197,0.12781601901400086,1.9844674545084815,7.786309251821846,7.956031457512601,98.0,7.871170354667224,0.08486110284537751,0.42548307375026584,1.9844674545084815,completed,False,COMPLETE
214,6.429382295590655,2026-06-12 07:46:39.103859,2026-06-12 07:46:41.383673,0 days 00:00:02.279814,,,,,,,,,,,,,,0.00010152565087619939,QuantileRegressor,,,,,,3,,,,,,,,False,-0.01201548470135676,0.005705903658190913,98.0,-0.0031547905215829238,0.008860694179773837,0.04442642469590087,1.9844674545084815,6.360551553824754,6.498213037356557,98.0,6.429382295590655,0.06883074176590159,0.3451088259886063,1.9844674545084815,128580216828215.02,283315074585416.4,98.0,205947645706815.7,77367428878600.67,387910719324515.75,1.9844674545084815,18.246279423063477,19.17665285577786,98.0,18.71146613942067,0.4651867163571929,2.332388659903363,1.9844674545084815,5.534812331709292,5.7604790287286605,98.0,5.647645680218976,0.11283334850968416,0.5657324538064319,1.9844674545084815,99.0,0.8181818181818182,-0.1048366946584057,-0.06582065683487498,98.0,-0.08532867574664034,0.01950801891176536,0.09781079400393829,1.9844674545084815,QuantileRegressor,"{'mode': 'original', 'type': 'QuantileRegressor'}",3,"['z_lsc_T6W30', 'z_diameter_T6W30', 'z_asp_T6W30']",0.05991181528538445,0.11089672633827485,98.0,0.08540427081182965,0.025492455526445197,0.12781601901400086,1.9844674545084815,7.786309251821846,7.956031457512601,98.0,7.871170354667224,0.08486110284537751,0.42548307375026584,1.9844674545084815,completed,False,COMPLETE
215,6.4294189478351464,2026-06-12 07:46:41.472756,2026-06-12 07:46:43.786550,0 days 00:00:02.313794,,,,,,,,,,,,,,0.00010262020619212456,QuantileRegressor,,,,,,3,,,,,,,,False,-0.012021277944248666,0.005699940520774212,98.0,-0.0031606687117372275,0.008860609232511439,0.044425998780833774,1.9844674545084815,6.360592363585472,6.4982455320848205,98.0,6.4294189478351464,0.06882658424967428,0.34508798071645863,1.9844674545084815,128580216828215.02,283315074585416.4,98.0,205947645706815.7,77367428878600.67,387910719324515.75,1.9844674545084815,18.24445955388046,19.17431556848814,98.0,18.7093875611843,0.46492800730384115,2.3310915247078934,1.9844674545084815,5.535387128915798,5.761006296055405,98.0,5.648196712485602,0.11280958356980335,0.5656132993372,1.9844674545084815,99.0,0.8181818181818182,-0.10473969555600804,-0.0657223659496913,98.0,-0.08523103075284967,0.01950866480315837,0.09781403242349677,1.9844674545084815,QuantileRegressor,"{'mode': 'original', 'type': 'QuantileRegressor'}",3,"['z_lsc_T6W30', 'z_diameter_T6W30', 'z_asp_T6W30']",0.06004930263438896,0.11101273675527473,98.0,0.08553101969483184,0.025481717060442888,0.12776217767363612,1.9844674545084815,7.785947360021068,7.955688075232376,98.0,7.870817717626722,0.08487035760565426,0.42552947597363255,1.9844674545084815,completed,False,COMPLETE
216,6.429382295590655,2026-06-12 07:46:43.800606,2026-06-12 07:46:46.097376,0 days 00:00:02.296770,,,,,,,,,,,,,,0.00010012558458664142,QuantileRegressor,,,,,,3,,,,,,,,False,-0.01201548470135676,0.005705903658190913,98.0,-0.0031547905215829238,0.008860694179773837,0.04442642469590087,1.9844674545084815,6.360551553824754,6.498213037356557,98.0,6.429382295590655,0.06883074176590159,0.3451088259886063,1.9844674545084815,128580216828215.02,283315074585416.4,98.0,205947645706815.7,77367428878600.67,387910719324515.75,1.9844674545084815,18.246279423063477,19.17665285577786,98.0,18.71146613942067,0.4651867163571929,2.332388659903363,1.9844674545084815,5.534812331709292,5.7604790287286605,98.0,5.647645680218976,0.11283334850968416,0.5657324538064319,1.9844674545084815,99.0,0.8181818181818182,-0.1048366946584057,-0.06582065683487498,98.0,-0.08532867574664034,0.01950801891176536,0.09781079400393829,1.9844674545084815,QuantileRegressor,"{'mode': 'original', 'type': 'QuantileRegressor'}",3,"['z_lsc_T6W30', 'z_diameter_T6W30', 'z_asp_T6W30']",0.05991181528538445,0.11089672633827485,98.0,0.08540427081182965,0.025492455526445197,0.12781601901400086,1.9844674545084815,7.786309251821846,7.956031457512601,98.0,7.871170354667224,0.08486110284537751,0.42548307375026584,1.9844674545084815,completed,False,COMPLETE
217,6.434922817536749,2026-06-12 07:46:46.110685,2026-06-12 07:46:48.467970,0 days 00:00:02.357285,,,,,,,,,,,,,,0.00021245237653232842,QuantileRegressor,,,,,,3,,,,,,,,False,-0.012785303405866165,0.004731133477157238,98.0,-0.004027084964354464,0.008758218441511702,0.043912624018810374,1.9844674545084815,6.366779232254207,6.50306640281929,98.0,6.434922817536749,0.06814358528254176,0.34166350837094484,1.9844674545084815,130010086118587.92,286485681150690.5,98.0,208247883634639.22,78237797516051.3,392274640022471.9,1.9844674545084815,18.209432197724876,19.136293223154713,98.0,18.672862710439794,0.4634305127149169,2.323583272054368,1.9844674545084815,5.5738371308211185,5.791929339148917,98.0,5.682883234985018,0.10904610416389866,0.546743679076221,1.9844674545084815,99.0,0.8282828282828283,-0.10326122967424803,-0.06445883111893116,98.0,-0.0838600303965896,0.01940119927765844,0.09727521357035021,1.9844674545084815,QuantileRegressor,"{'mode': 'original', 'type': 'QuantileRegressor'}",3,"['z_lsc_T6W30', 'z_diameter_T6W30', 'z_asp_T6W30']",0.058598612486835344,0.1094376048899447,98.0,0.08401810868839002,0.025419496201554672,0.1274502099828629,1.9844674545084815,7.781507996143657,7.950226864283745,98.0,7.865867430213701,0.08435943407004397,0.4229677685588831,1.9844674545084815,completed,False,COMPLETE
218,6.429382295590655,2026-06-12 07:46:48.481347,2026-06-12 07:46:50.759623,0 days 00:00:02.278276,,,,,,,,,,,,,,0.00010053755281774303,QuantileRegressor,,,,,,3,,,,,,,,False,-0.01201548470135676,0.005705903658190913,98.0,-0.0031547905215829238,0.008860694179773837,0.04442642469590087,1.9844674545084815,6.360551553824754,6.498213037356557,98.0,6.429382295590655,0.06883074176590159,0.3451088259886063,1.9844674545084815,128580216828215.02,283315074585416.4,98.0,205947645706815.7,77367428878600.67,387910719324515.75,1.9844674545084815,18.246279423063477,19.17665285577786,98.0,18.71146613942067,0.4651867163571929,2.332388659903363,1.9844674545084815,5.534812331709292,5.7604790287286605,98.0,5.647645680218976,0.11283334850968416,0.5657324538064319,1.9844674545084815,99.0,0.8181818181818182,-0.1048366946584057,-0.06582065683487498,98.0,-0.08532867574664034,0.01950801891176536,0.09781079400393829,1.9844674545084815,QuantileRegressor,"{'mode': 'original', 'type': 'QuantileRegressor'}",3,"['z_lsc_T6W30', 'z_diameter_T6W30', 'z_asp_T6W30']",0.05991181528538445,0.11089672633827485,98.0,0.08540427081182965,0.025492455526445197,0.12781601901400086,1.9844674545084815,7.786309251821846,7.956031457512601,98.0,7.871170354667224,0.08486110284537751,0.42548307375026584,1.9844674545084815,completed,False,COMPLETE
219,6.429382295590655,2026-06-12 07:46:50.773252,2026-06-12 07:46:53.112651,0 days 00:00:02.339399,,,,,,,,,,,,,,0.00010033042337905662,QuantileRegressor,,,,,,3,,,,,,,,False,-0.01201548470135676,0.005705903658190913,98.0,-0.0031547905215829238,0.008860694179773837,0.04442642469590087,1.9844674545084815,6.360551553824754,6.498213037356557,98.0,6.429382295590655,0.06883074176590159,0.3451088259886063,1.9844674545084815,128580216828215.02,283315074585416.4,98.0,205947645706815.7,77367428878600.67,387910719324515.75,1.9844674545084815,18.246279423063477,19.17665285577786,98.0,18.71146613942067,0.4651867163571929,2.332388659903363,1.9844674545084815,5.534812331709292,5.7604790287286605,98.0,5.647645680218976,0.11283334850968416,0.5657324538064319,1.9844674545084815,99.0,0.8181818181818182,-0.1048366946584057,-0.06582065683487498,98.0,-0.08532867574664034,0.01950801891176536,0.09781079400393829,1.9844674545084815,QuantileRegressor,"{'mode': 'original', 'type': 'QuantileRegressor'}",3,"['z_lsc_T6W30', 'z_diameter_T6W30', 'z_asp_T6W30']",0.05991181528538445,0.11089672633827485,98.0,0.08540427081182965,0.025492455526445197,0.12781601901400086,1.9844674545084815,7.786309251821846,7.956031457512601,98.0,7.871170354667224,0.08486110284537751,0.42548307375026584,1.9844674545084815,completed,False,COMPLETE
220,6.394408481095787,2026-06-12 07:46:53.126070,2026-06-12 07:46:53.530528,0 days 00:00:00.404458,,,,,,,,,,,manhattan,19.0,uniform,,KNeighborsRegressor,,,,,,3,7.0,3.0,7.0,50.0,,,ExtraTrees,,,,,,,,,,,,,,,,,,,,,,,,,,,,,,,,,,,,,,,,,,,,,,KNeighborsRegressor,"{'mode': 'proxy', 'type': 'ExtraTrees'}",3,"['z_pe_T6W30', 'z_l2_T6W30', 'z_lsc_T6W30']",,,,,,,,,,,,,,,pruned,True,PRUNED
221,6.429382295590655,2026-06-12 07:46:53.540517,2026-06-12 07:46:55.793634,0 days 00:00:02.253117,,,,,,,,,,,,,,0.00010145954322060399,QuantileRegressor,,,,,,3,,,,,,,,False,-0.01201548470135676,0.005705903658190913,98.0,-0.0031547905215829238,0.008860694179773837,0.04442642469590087,1.9844674545084815,6.360551553824754,6.498213037356557,98.0,6.429382295590655,0.06883074176590159,0.3451088259886063,1.9844674545084815,128580216828215.02,283315074585416.4,98.0,205947645706815.7,77367428878600.67,387910719324515.75,1.9844674545084815,18.246279423063477,19.17665285577786,98.0,18.71146613942067,0.4651867163571929,2.332388659903363,1.9844674545084815,5.534812331709292,5.7604790287286605,98.0,5.647645680218976,0.11283334850968416,0.5657324538064319,1.9844674545084815,99.0,0.8181818181818182,-0.1048366946584057,-0.06582065683487498,98.0,-0.08532867574664034,0.01950801891176536,0.09781079400393829,1.9844674545084815,QuantileRegressor,"{'mode': 'original', 'type': 'QuantileRegressor'}",3,"['z_lsc_T6W30', 'z_diameter_T6W30', 'z_asp_T6W30']",0.05991181528538445,0.11089672633827485,98.0,0.08540427081182965,0.025492455526445197,0.12781601901400086,1.9844674545084815,7.786309251821846,7.956031457512601,98.0,7.871170354667224,0.08486110284537751,0.42548307375026584,1.9844674545084815,completed,False,COMPLETE
222,6.43386712077311,2026-06-12 07:46:55.807247,2026-06-12 07:46:58.021419,0 days 00:00:02.214172,,,,,,,,,,,,,,0.000186804510921913,QuantileRegressor,,,,,,3,,,,,,,,False,-0.012656777100769036,0.0049371881932549905,98.0,-0.0038597944537570234,0.008796982647012013,0.044106982950697135,1.9844674545084815,6.3654641927633,6.50227004878292,98.0,6.43386712077311,0.06840292800980985,0.3429638207290562,1.9844674545084815,129950825986951.55,286357755207356.3,98.0,208154290597153.94,78203464610202.39,392102499078958.7,1.9844674545084815,18.216827850453285,19.143420369023666,98.0,18.680124109738475,0.46329625928519175,2.3229101419626574,1.9844674545084815,5.562824344402906,5.7820924579999255,98.0,5.672458401201416,0.10963405679850942,0.5496916008661319,1.9844674545084815,99.0,0.8383838383838383,-0.10346216852989795,-0.06458179191907878,98.0,-0.08402198022448837,0.01944018830540959,0.09747069973319587,1.9844674545084815,QuantileRegressor,"{'mode': 'original', 'type': 'QuantileRegressor'}",3,"['z_lsc_T6W30', 'z_diameter_T6W30', 'z_asp_T6W30']",0.059048665909011366,0.10994073971572221,98.0,0.08449470281236679,0.025446036903355423,0.12758328177904554,1.9844674545084815,7.781995246128592,7.95083409071309,98.0,7.866414668420841,0.08441942229224882,0.42326854208546616,1.9844674545084815,completed,False,COMPLETE
223,6.433801217496924,2026-06-12 07:46:58.036056,2026-06-12 07:47:00.383046,0 days 00:00:02.346990,,,,,,,,,,,,,,0.0001542472854373813,QuantileRegressor,,,,,,3,,,,,,,,False,-0.012682514117363491,0.004990571326248869,98.0,-0.0038459713955573105,0.00883654272180618,0.04430533227278739,1.9844674545084815,6.3651376801413795,6.502464754852469,98.0,6.433801217496924,0.06866353735554517,0.34427048375550245,1.9844674545084815,129572807745749.16,285550891120872.6,98.0,207561849433310.88,77989041687561.72,391027409065411.44,1.9844674545084815,18.231409069294358,19.155186320185067,98.0,18.693297694739712,0.4618886254453558,2.315852439990771,1.9844674545084815,5.556082701219395,5.778629210469379,98.0,5.667355955844387,0.11127325462499175,0.5579103360264238,1.9844674545084815,99.0,0.8383838383838383,-0.1043193577787151,-0.06535105134814942,98.0,-0.08483520456343226,0.01948415321528284,0.09769113435356734,1.9844674545084815,QuantileRegressor,"{'mode': 'original', 'type': 'QuantileRegressor'}",3,"['z_lsc_T6W30', 'z_diameter_T6W30', 'z_asp_T6W30']",0.058821352661728554,0.10993318095365945,98.0,0.084377266807694,0.025555914145965447,0.12813419268349255,1.9844674545084815,7.784898145039453,7.953748930230536,98.0,7.869323537634995,0.08442539259554141,0.4232984764477474,1.9844674545084815,completed,False,COMPLETE
224,6.4294189478351464,2026-06-12 07:47:00.409959,2026-06-12 07:47:02.757321,0 days 00:00:02.347362,,,,,,,,,,,,,,0.0001027193889642068,QuantileRegressor,,,,,,3,,,,,,,,False,-0.012021277944248666,0.005699940520774212,98.0,-0.0031606687117372275,0.008860609232511439,0.044425998780833774,1.9844674545084815,6.360592363585472,6.4982455320848205,98.0,6.4294189478351464,0.06882658424967428,0.34508798071645863,1.9844674545084815,128580216828215.02,283315074585416.4,98.0,205947645706815.7,77367428878600.67,387910719324515.75,1.9844674545084815,18.24445955388046,19.17431556848814,98.0,18.7093875611843,0.46492800730384115,2.3310915247078934,1.9844674545084815,5.535387128915798,5.761006296055405,98.0,5.648196712485602,0.11280958356980335,0.5656132993372,1.9844674545084815,99.0,0.8181818181818182,-0.10473969555600804,-0.0657223659496913,98.0,-0.08523103075284967,0.01950866480315837,0.09781403242349677,1.9844674545084815,QuantileRegressor,"{'mode': 'original', 'type': 'QuantileRegressor'}",3,"['z_lsc_T6W30', 'z_diameter_T6W30', 'z_asp_T6W30']",0.06004930263438896,0.11101273675527473,98.0,0.08553101969483184,0.025481717060442888,0.12776217767363612,1.9844674545084815,7.785947360021068,7.955688075232376,98.0,7.870817717626722,0.08487035760565426,0.42552947597363255,1.9844674545084815,completed,False,COMPLETE
