number,value,datetime_start,datetime_complete,duration,params_dt_max_depth,params_dt_min_samples_leaf,params_dt_min_samples_split,params_elastic_alpha,params_elastic_l1_ratio,params_et_max_depth,params_et_max_features,params_et_min_samples_leaf,params_et_min_samples_split,params_et_n_estimators,params_knn_metric,params_knn_n_neighbors,params_knn_weights,params_quantile_alpha,params_regressor,params_rf_max_depth,params_rf_max_features,params_rf_min_samples_leaf,params_rf_min_samples_split,params_rf_n_estimators,params_rfe_n_features,params_rfe_proxy_et_max_depth,params_rfe_proxy_et_min_samples_leaf,params_rfe_proxy_et_min_samples_split,params_rfe_proxy_et_n_estimators,params_rfe_proxy_lsvr_C,params_rfe_proxy_lsvr_epsilon,params_rfe_proxy_type,params_use_scaler,user_attrs_d2mae_ci_lower_val,user_attrs_d2mae_ci_upper_val,user_attrs_d2mae_df_val,user_attrs_d2mae_mean_val,user_attrs_d2mae_samperror_val,user_attrs_d2mae_std_val,user_attrs_d2mae_t_critical_val,user_attrs_mae_ci_lower_val,user_attrs_mae_ci_upper_val,user_attrs_mae_df_val,user_attrs_mae_mean_val,user_attrs_mae_samperror_val,user_attrs_mae_std_val,user_attrs_mae_t_critical_val,user_attrs_mape_ci_lower_val,user_attrs_mape_ci_upper_val,user_attrs_mape_df_val,user_attrs_mape_mean_val,user_attrs_mape_samperror_val,user_attrs_mape_std_val,user_attrs_mape_t_critical_val,user_attrs_max_error_ci_lower_val,user_attrs_max_error_ci_upper_val,user_attrs_max_error_df_val,user_attrs_max_error_mean_val,user_attrs_max_error_samperror_val,user_attrs_max_error_std_val,user_attrs_max_error_t_critical_val,user_attrs_median_ae_ci_lower_val,user_attrs_median_ae_ci_upper_val,user_attrs_median_ae_df_val,user_attrs_median_ae_mean_val,user_attrs_median_ae_samperror_val,user_attrs_median_ae_std_val,user_attrs_median_ae_t_critical_val,user_attrs_n_splits_val,user_attrs_r2_below_zero_val,user_attrs_r2_ci_lower_val,user_attrs_r2_ci_upper_val,user_attrs_r2_df_val,user_attrs_r2_mean_val,user_attrs_r2_samperror_val,user_attrs_r2_std_val,user_attrs_r2_t_critical_val,user_attrs_regressor_final,user_attrs_rfe_estimator,user_attrs_rfe_n_features,user_attrs_rfe_selected_features,user_attrs_rho_ci_lower_val,user_attrs_rho_ci_upper_val,user_attrs_rho_df_val,user_attrs_rho_mean_val,user_attrs_rho_samperror_val,user_attrs_rho_std_val,user_attrs_rho_t_critical_val,user_attrs_rmse_ci_lower_val,user_attrs_rmse_ci_upper_val,user_attrs_rmse_df_val,user_attrs_rmse_mean_val,user_attrs_rmse_samperror_val,user_attrs_rmse_std_val,user_attrs_rmse_t_critical_val,user_attrs_termination_reason,user_attrs_use_scaler_final,state
240,6.430077339460859,2026-06-12 07:47:34.546767,2026-06-12 07:47:36.747947,0 days 00:00:02.201180,,,,,,,,,,,,,,0.00021699608923159323,QuantileRegressor,,,,,,2,,,,,,,,False,-0.011960691747959289,0.005372037587936805,98.0,-0.0032943270800112417,0.008666364667948047,0.04345208055895652,1.9844674545084815,6.36302371099193,6.497130967929788,98.0,6.430077339460859,0.06705362846892864,0.3361985997171396,1.9844674545084815,137697793989835.03,303289245187478.1,98.0,220493519588656.56,82795725598821.53,415127527689078.1,1.9844674545084815,17.796684382138857,18.750250307715604,98.0,18.27346734492723,0.47678296278837473,2.3905308052452034,1.9844674545084815,5.7205742908443815,5.934878555984754,98.0,5.827726423414568,0.1071521325701863,0.5372475397583436,1.9844674545084815,99.0,0.7373737373737373,-0.07716919552138941,-0.042561938819583825,98.0,-0.05986556717048662,0.017303628350902798,0.08675825237846771,1.9844674545084815,QuantileRegressor,"{'mode': 'original', 'type': 'QuantileRegressor'}",2,"['z_lsc_T6W30', 'z_diameter_T6W30']",0.04567988708569094,0.09974687604602371,98.0,0.07271338156585733,0.027033494480166384,0.13554259772689936,1.9844674545084815,7.699559383597506,7.86091016448989,98.0,7.780234774043698,0.08067539044619214,0.40449642948422326,1.9844674545084815,completed,False,COMPLETE
241,6.429382295590655,2026-06-12 07:47:36.760493,2026-06-12 07:47:39.034735,0 days 00:00:02.274242,,,,,,,,,,,,,,0.0001000342352594623,QuantileRegressor,,,,,,3,,,,,,,,False,-0.01201548470135676,0.005705903658190913,98.0,-0.0031547905215829238,0.008860694179773837,0.04442642469590087,1.9844674545084815,6.360551553824754,6.498213037356557,98.0,6.429382295590655,0.06883074176590159,0.3451088259886063,1.9844674545084815,128580216828215.02,283315074585416.4,98.0,205947645706815.7,77367428878600.67,387910719324515.75,1.9844674545084815,18.246279423063477,19.17665285577786,98.0,18.71146613942067,0.4651867163571929,2.332388659903363,1.9844674545084815,5.534812331709292,5.7604790287286605,98.0,5.647645680218976,0.11283334850968416,0.5657324538064319,1.9844674545084815,99.0,0.8181818181818182,-0.1048366946584057,-0.06582065683487498,98.0,-0.08532867574664034,0.01950801891176536,0.09781079400393829,1.9844674545084815,QuantileRegressor,"{'mode': 'original', 'type': 'QuantileRegressor'}",3,"['z_lsc_T6W30', 'z_diameter_T6W30', 'z_asp_T6W30']",0.05991181528538445,0.11089672633827485,98.0,0.08540427081182965,0.025492455526445197,0.12781601901400086,1.9844674545084815,7.786309251821846,7.956031457512601,98.0,7.871170354667224,0.08486110284537751,0.42548307375026584,1.9844674545084815,completed,False,COMPLETE
242,6.429382295590655,2026-06-12 07:47:39.047652,2026-06-12 07:47:41.252730,0 days 00:00:02.205078,,,,,,,,,,,,,,0.00010059388165299724,QuantileRegressor,,,,,,3,,,,,,,,False,-0.01201548470135676,0.005705903658190913,98.0,-0.0031547905215829238,0.008860694179773837,0.04442642469590087,1.9844674545084815,6.360551553824754,6.498213037356557,98.0,6.429382295590655,0.06883074176590159,0.3451088259886063,1.9844674545084815,128580216828215.02,283315074585416.4,98.0,205947645706815.7,77367428878600.67,387910719324515.75,1.9844674545084815,18.246279423063477,19.17665285577786,98.0,18.71146613942067,0.4651867163571929,2.332388659903363,1.9844674545084815,5.534812331709292,5.7604790287286605,98.0,5.647645680218976,0.11283334850968416,0.5657324538064319,1.9844674545084815,99.0,0.8181818181818182,-0.1048366946584057,-0.06582065683487498,98.0,-0.08532867574664034,0.01950801891176536,0.09781079400393829,1.9844674545084815,QuantileRegressor,"{'mode': 'original', 'type': 'QuantileRegressor'}",3,"['z_lsc_T6W30', 'z_diameter_T6W30', 'z_asp_T6W30']",0.05991181528538445,0.11089672633827485,98.0,0.08540427081182965,0.025492455526445197,0.12781601901400086,1.9844674545084815,7.786309251821846,7.956031457512601,98.0,7.871170354667224,0.08486110284537751,0.42548307375026584,1.9844674545084815,completed,False,COMPLETE
243,6.432302277829418,2026-06-12 07:47:41.265549,2026-06-12 07:47:43.435043,0 days 00:00:02.169494,,,,,,,,,,,,,,0.00013109608807518122,QuantileRegressor,,,,,,3,,,,,,,,False,-0.012517394435711843,0.005283897297050689,98.0,-0.0036167485693305765,0.008900645866381266,0.04462673751118691,1.9844674545084815,6.363431401956681,6.5011731537021555,98.0,6.432302277829418,0.0688708758727375,0.3453100534363556,1.9844674545084815,129400766951165.44,285184250117574.75,98.0,207292508534370.1,77891741583204.66,390539558376580.6,1.9844674545084815,18.233200862423534,19.159895999395705,98.0,18.69654843090962,0.4633475684860866,2.3231673999498437,1.9844674545084815,5.548050662494417,5.775155659518759,98.0,5.661603161006588,0.1135524985121711,0.569338182971927,1.9844674545084815,99.0,0.8181818181818182,-0.10440596116938272,-0.06536273771980944,98.0,-0.08488434944459608,0.019521611724786638,0.09787894668722058,1.9844674545084815,QuantileRegressor,"{'mode': 'original', 'type': 'QuantileRegressor'}",3,"['z_lsc_T6W30', 'z_diameter_T6W30', 'z_asp_T6W30']",0.058779308346097126,0.10991975121999104,98.0,0.08434952978304408,0.025570221436946955,0.1282059276708983,1.9844674545084815,7.7849726992066195,7.953939114654606,98.0,7.869455906930613,0.08448320772399309,0.4235883543510278,1.9844674545084815,completed,False,COMPLETE
244,6.4338836625889435,2026-06-12 07:47:43.447830,2026-06-12 07:47:45.628434,0 days 00:00:02.180604,,,,,,,,,,,,,,0.0001597100874418934,QuantileRegressor,,,,,,3,,,,,,,,False,-0.01269447917233936,0.004976749506273757,98.0,-0.0038588648330328016,0.008835614339306559,0.04430067747775987,1.9844674545084815,6.3652257191222485,6.5025416060556385,98.0,6.4338836625889435,0.06865794346669465,0.3442424366886776,1.9844674545084815,129603984867994.9,285619840875546.75,98.0,207611912871770.84,78007928003775.94,391122102718984.2,1.9844674545084815,18.230621363836136,19.15474194932684,98.0,18.692681656581488,0.4620602927453512,2.316713158600539,1.9844674545084815,5.556722509203804,5.779438144861387,98.0,5.6680803270325955,0.1113578178287911,0.5583343254712025,1.9844674545084815,99.0,0.8383838383838383,-0.10434797883140438,-0.06538399957118073,98.0,-0.08486598920129255,0.01948198963011183,0.09768028640511962,1.9844674545084815,QuantileRegressor,"{'mode': 'original', 'type': 'QuantileRegressor'}",3,"['z_lsc_T6W30', 'z_diameter_T6W30', 'z_asp_T6W30']",0.05867385182497863,0.10981524488114897,98.0,0.0842445483530638,0.02557069652808517,0.12820830971910438,1.9844674545084815,7.785020898862917,7.953851091037012,98.0,7.869435994949964,0.0844150960870477,0.4232468510276679,1.9844674545084815,completed,False,COMPLETE
245,6.432302277829418,2026-06-12 07:47:45.641268,2026-06-12 07:47:47.962287,0 days 00:00:02.321019,,,,,,,,,,,,,,0.00012866578658835023,QuantileRegressor,,,,,,3,,,,,,,,False,-0.012517394435711843,0.005283897297050689,98.0,-0.0036167485693305765,0.008900645866381266,0.04462673751118691,1.9844674545084815,6.363431401956681,6.5011731537021555,98.0,6.432302277829418,0.0688708758727375,0.3453100534363556,1.9844674545084815,129400766951165.44,285184250117574.75,98.0,207292508534370.1,77891741583204.66,390539558376580.6,1.9844674545084815,18.233200862423534,19.159895999395705,98.0,18.69654843090962,0.4633475684860866,2.3231673999498437,1.9844674545084815,5.548050662494417,5.775155659518759,98.0,5.661603161006588,0.1135524985121711,0.569338182971927,1.9844674545084815,99.0,0.8181818181818182,-0.10440596116938272,-0.06536273771980944,98.0,-0.08488434944459608,0.019521611724786638,0.09787894668722058,1.9844674545084815,QuantileRegressor,"{'mode': 'original', 'type': 'QuantileRegressor'}",3,"['z_lsc_T6W30', 'z_diameter_T6W30', 'z_asp_T6W30']",0.058779308346097126,0.10991975121999104,98.0,0.08434952978304408,0.025570221436946955,0.1282059276708983,1.9844674545084815,7.7849726992066195,7.953939114654606,98.0,7.869455906930613,0.08448320772399309,0.4235883543510278,1.9844674545084815,completed,False,COMPLETE
246,6.849088895094454,2026-06-12 07:47:47.975092,2026-06-12 07:47:48.691818,0 days 00:00:00.716726,,,,,,,,,,,,,,,RandomForestRegressor,7.0,,4.0,5.0,50.0,3,,,,,,,,False,,,,,,,,,,,,,,,,,,,,,,,,,,,,,,,,,,,,,,,,,,,,,RandomForestRegressor,"{'mode': 'original', 'type': 'RandomForestRegressor'}",3,"['z_re_T6W30', 'z_pe_T6W30', 'z_lsc_T6W30']",,,,,,,,,,,,,,,pruned,False,PRUNED
247,6.429382295590655,2026-06-12 07:47:48.701403,2026-06-12 07:47:50.935885,0 days 00:00:02.234482,,,,,,,,,,,,,,0.00010003128768890249,QuantileRegressor,,,,,,3,,,,,,,,False,-0.01201548470135676,0.005705903658190913,98.0,-0.0031547905215829238,0.008860694179773837,0.04442642469590087,1.9844674545084815,6.360551553824754,6.498213037356557,98.0,6.429382295590655,0.06883074176590159,0.3451088259886063,1.9844674545084815,128580216828215.02,283315074585416.4,98.0,205947645706815.7,77367428878600.67,387910719324515.75,1.9844674545084815,18.246279423063477,19.17665285577786,98.0,18.71146613942067,0.4651867163571929,2.332388659903363,1.9844674545084815,5.534812331709292,5.7604790287286605,98.0,5.647645680218976,0.11283334850968416,0.5657324538064319,1.9844674545084815,99.0,0.8181818181818182,-0.1048366946584057,-0.06582065683487498,98.0,-0.08532867574664034,0.01950801891176536,0.09781079400393829,1.9844674545084815,QuantileRegressor,"{'mode': 'original', 'type': 'QuantileRegressor'}",3,"['z_lsc_T6W30', 'z_diameter_T6W30', 'z_asp_T6W30']",0.05991181528538445,0.11089672633827485,98.0,0.08540427081182965,0.025492455526445197,0.12781601901400086,1.9844674545084815,7.786309251821846,7.956031457512601,98.0,7.871170354667224,0.08486110284537751,0.42548307375026584,1.9844674545084815,completed,False,COMPLETE
248,6.432302277829418,2026-06-12 07:47:50.972673,2026-06-12 07:47:53.211485,0 days 00:00:02.238812,,,,,,,,,,,,,,0.00012844505074938783,QuantileRegressor,,,,,,3,,,,,,,,False,-0.012517394435711843,0.005283897297050689,98.0,-0.0036167485693305765,0.008900645866381266,0.04462673751118691,1.9844674545084815,6.363431401956681,6.5011731537021555,98.0,6.432302277829418,0.0688708758727375,0.3453100534363556,1.9844674545084815,129400766951165.44,285184250117574.75,98.0,207292508534370.1,77891741583204.66,390539558376580.6,1.9844674545084815,18.233200862423534,19.159895999395705,98.0,18.69654843090962,0.4633475684860866,2.3231673999498437,1.9844674545084815,5.548050662494417,5.775155659518759,98.0,5.661603161006588,0.1135524985121711,0.569338182971927,1.9844674545084815,99.0,0.8181818181818182,-0.10440596116938272,-0.06536273771980944,98.0,-0.08488434944459608,0.019521611724786638,0.09787894668722058,1.9844674545084815,QuantileRegressor,"{'mode': 'original', 'type': 'QuantileRegressor'}",3,"['z_lsc_T6W30', 'z_diameter_T6W30', 'z_asp_T6W30']",0.058779308346097126,0.10991975121999104,98.0,0.08434952978304408,0.025570221436946955,0.1282059276708983,1.9844674545084815,7.7849726992066195,7.953939114654606,98.0,7.869455906930613,0.08448320772399309,0.4235883543510278,1.9844674545084815,completed,False,COMPLETE
249,6.429382295590655,2026-06-12 07:47:53.224415,2026-06-12 07:47:55.441805,0 days 00:00:02.217390,,,,,,,,,,,,,,0.00010043852034302076,QuantileRegressor,,,,,,3,,,,,,,,False,-0.01201548470135676,0.005705903658190913,98.0,-0.0031547905215829238,0.008860694179773837,0.04442642469590087,1.9844674545084815,6.360551553824754,6.498213037356557,98.0,6.429382295590655,0.06883074176590159,0.3451088259886063,1.9844674545084815,128580216828215.02,283315074585416.4,98.0,205947645706815.7,77367428878600.67,387910719324515.75,1.9844674545084815,18.246279423063477,19.17665285577786,98.0,18.71146613942067,0.4651867163571929,2.332388659903363,1.9844674545084815,5.534812331709292,5.7604790287286605,98.0,5.647645680218976,0.11283334850968416,0.5657324538064319,1.9844674545084815,99.0,0.8181818181818182,-0.1048366946584057,-0.06582065683487498,98.0,-0.08532867574664034,0.01950801891176536,0.09781079400393829,1.9844674545084815,QuantileRegressor,"{'mode': 'original', 'type': 'QuantileRegressor'}",3,"['z_lsc_T6W30', 'z_diameter_T6W30', 'z_asp_T6W30']",0.05991181528538445,0.11089672633827485,98.0,0.08540427081182965,0.025492455526445197,0.12781601901400086,1.9844674545084815,7.786309251821846,7.956031457512601,98.0,7.871170354667224,0.08486110284537751,0.42548307375026584,1.9844674545084815,completed,False,COMPLETE
250,6.433760427163364,2026-06-12 07:47:55.481769,2026-06-12 07:47:57.762867,0 days 00:00:02.281098,,,,,,,,,,,,,,0.00016376583057534205,QuantileRegressor,,,,,,3,,,,,,,,False,-0.012674864363719077,0.004995036259395531,98.0,-0.0038399140521617734,0.008834950311557304,0.04429734812475437,1.9844674545084815,6.365112941645224,6.5024079126815035,98.0,6.433760427163364,0.06864748551813937,0.3441900018280969,1.9844674545084815,129595896588778.39,285602728744657.25,98.0,207599312666717.8,78003416077939.42,391099480480890.6,1.9844674545084815,18.229578352846598,19.153472026097152,98.0,18.691525189471875,0.4619468366252778,2.3161443036471385,1.9844674545084815,5.557058620001543,5.779643948653025,98.0,5.668351284327284,0.11129266432574096,0.558007653865321,1.9844674545084815,99.0,0.8383838383838383,-0.10431027157943407,-0.06534940417029991,98.0,-0.08482983787486699,0.01948043370456708,0.09767248518688053,1.9844674545084815,QuantileRegressor,"{'mode': 'original', 'type': 'QuantileRegressor'}",3,"['z_lsc_T6W30', 'z_diameter_T6W30', 'z_asp_T6W30']",0.05861468888353936,0.10976090252029425,98.0,0.0841877957019168,0.02557310681837744,0.12822039461651674,1.9844674545084815,7.784907465221597,7.953696735502742,98.0,7.8693021003621695,0.08439463514057284,0.42314426237272396,1.9844674545084815,completed,False,COMPLETE
251,6.438250070483404,2026-06-12 07:47:57.792382,2026-06-12 07:48:00.016601,0 days 00:00:02.224219,,,,,,,,,,,,,,0.00034230346494648617,QuantileRegressor,,,,,,3,,,,,,,,False,-0.013044088644974538,0.003957219721516842,98.0,-0.004543434461728848,0.00850065418324569,0.0426212286843082,1.9844674545084815,6.371374856194087,6.5051252847727215,98.0,6.438250070483404,0.06687521428931728,0.3353040530874547,1.9844674545084815,131113770829284.62,289134178768450.2,98.0,210123974798867.4,79010203969582.78,396147390446561.1,1.9844674545084815,18.182394455272068,19.10280255481699,98.0,18.64259850504453,0.46020404977246115,2.3074061859210575,1.9844674545084815,5.626037100158876,5.835184865305254,98.0,5.730610982732065,0.10457388257318935,0.524320513160331,1.9844674545084815,99.0,0.8181818181818182,-0.09984748998995374,-0.061838954912998845,98.0,-0.0808432224514763,0.019004267538477452,0.09528504692399528,1.9844674545084815,QuantileRegressor,"{'mode': 'original', 'type': 'QuantileRegressor'}",3,"['z_lsc_T6W30', 'z_diameter_T6W30', 'z_asp_T6W30']",0.055015003448832395,0.10709260555686914,98.0,0.08105380450285077,0.026038801054018377,0.13055532791533703,1.9844674545084815,7.771289359893764,7.939700464608773,98.0,7.8554949122512685,0.08420555235750474,0.42219622468483703,1.9844674545084815,completed,False,COMPLETE
252,6.4324284354902135,2026-06-12 07:48:00.029840,2026-06-12 07:48:02.251702,0 days 00:00:02.221862,,,,,,,,,,,,,,0.00012633981745565717,QuantileRegressor,,,,,,3,,,,,,,,False,-0.0125163830995211,0.0052517470453719555,98.0,-0.003632318027074573,0.008884065072446528,0.044543603461168424,1.9844674545084815,6.363534147542294,6.5013227234381326,98.0,6.4324284354902135,0.06889428794791944,0.3454274386856309,1.9844674545084815,129236417093978.36,284844188429067.4,98.0,207040302761522.88,77803885667544.52,390099059681786.0,1.9844674545084815,18.231779700823648,19.154143439761217,98.0,18.692961570292432,0.46118186946878525,2.3123088529382843,1.9844674545084815,5.5510420275040255,5.779674439999446,98.0,5.665358233751736,0.11431620624770981,0.5731673190998882,1.9844674545084815,99.0,0.8181818181818182,-0.10429468981672096,-0.06552748763228863,98.0,-0.0849110887245048,0.01938360109221616,0.09718697844514741,1.9844674545084815,QuantileRegressor,"{'mode': 'original', 'type': 'QuantileRegressor'}",3,"['z_lsc_T6W30', 'z_diameter_T6W30', 'z_asp_T6W30']",0.05890604502686475,0.10996508467296329,98.0,0.08443556484991402,0.025529519823049265,0.1280018548129325,1.9844674545084815,7.785302216207906,7.954122440095219,98.0,7.869712328151563,0.0844101119436559,0.4232218611491576,1.9844674545084815,completed,False,COMPLETE
253,6.429382295590655,2026-06-12 07:48:02.265193,2026-06-12 07:48:04.510730,0 days 00:00:02.245537,,,,,,,,,,,,,,0.00010187259009566793,QuantileRegressor,,,,,,3,,,,,,,,False,-0.01201548470135676,0.005705903658190913,98.0,-0.0031547905215829238,0.008860694179773837,0.04442642469590087,1.9844674545084815,6.360551553824754,6.498213037356557,98.0,6.429382295590655,0.06883074176590159,0.3451088259886063,1.9844674545084815,128580216828215.02,283315074585416.4,98.0,205947645706815.7,77367428878600.67,387910719324515.75,1.9844674545084815,18.246279423063477,19.17665285577786,98.0,18.71146613942067,0.4651867163571929,2.332388659903363,1.9844674545084815,5.534812331709292,5.7604790287286605,98.0,5.647645680218976,0.11283334850968416,0.5657324538064319,1.9844674545084815,99.0,0.8181818181818182,-0.1048366946584057,-0.06582065683487498,98.0,-0.08532867574664034,0.01950801891176536,0.09781079400393829,1.9844674545084815,QuantileRegressor,"{'mode': 'original', 'type': 'QuantileRegressor'}",3,"['z_lsc_T6W30', 'z_diameter_T6W30', 'z_asp_T6W30']",0.05991181528538445,0.11089672633827485,98.0,0.08540427081182965,0.025492455526445197,0.12781601901400086,1.9844674545084815,7.786309251821846,7.956031457512601,98.0,7.871170354667224,0.08486110284537751,0.42548307375026584,1.9844674545084815,completed,False,COMPLETE
254,6.373829576707523,2026-06-12 07:48:04.523864,2026-06-12 07:48:06.216668,0 days 00:00:01.692804,,,,,,2.0,,4.0,9.0,199.0,,,,,ExtraTreesRegressor,,,,,,3,,,,,,,,False,,,,,,,,,,,,,,,,,,,,,,,,,,,,,,,,,,,,,,,,,,,,,ExtraTreesRegressor,"{'mode': 'original', 'type': 'ExtraTreesRegressor'}",3,"['z_pe_T6W30', 'z_l2_T6W30', 'z_lsc_T6W30']",,,,,,,,,,,,,,,pruned,False,PRUNED
255,6.43334001904544,2026-06-12 07:48:06.226851,2026-06-12 07:48:08.463619,0 days 00:00:02.236768,,,,,,,,,,,,,,0.0001530007123915313,QuantileRegressor,,,,,,3,,,,,,,,False,-0.012619030941312588,0.0050759560047909606,98.0,-0.0037715374682608144,0.008847493473051775,0.044360237985105785,1.9844674545084815,6.3645647021551754,6.502115335935705,98.0,6.43334001904544,0.0687753168902646,0.34483093251730396,1.9844674545084815,129572807745749.16,285550891120872.6,98.0,207561849433310.88,77989041687561.72,391027409065411.44,1.9844674545084815,18.223264227162886,19.149303032443065,98.0,18.686283629802976,0.4630194026400883,2.3215220169867017,1.9844674545084815,5.55403087553119,5.77688300866393,98.0,5.66545694209756,0.11142606656636984,0.558676516200181,1.9844674545084815,99.0,0.8282828282828283,-0.10413202753794595,-0.06509279855534222,98.0,-0.08461241304664409,0.01951961449130186,0.0978689328055527,1.9844674545084815,QuantileRegressor,"{'mode': 'original', 'type': 'QuantileRegressor'}",3,"['z_lsc_T6W30', 'z_diameter_T6W30', 'z_asp_T6W30']",0.05912721304119945,0.11034653266626557,98.0,0.0847368728537325,0.025609659812533055,0.1284036668082115,1.9844674545084815,7.783927581571793,7.953057389198391,98.0,7.868492485385092,0.08456490381329924,0.4239979684383523,1.9844674545084815,completed,False,COMPLETE
