number,value,datetime_start,datetime_complete,duration,params_dt_max_depth,params_dt_min_samples_leaf,params_dt_min_samples_split,params_elastic_alpha,params_elastic_l1_ratio,params_et_max_depth,params_et_max_features,params_et_min_samples_leaf,params_et_min_samples_split,params_et_n_estimators,params_knn_metric,params_knn_n_neighbors,params_knn_weights,params_quantile_alpha,params_regressor,params_rf_max_depth,params_rf_max_features,params_rf_min_samples_leaf,params_rf_min_samples_split,params_rf_n_estimators,params_rfe_n_features,params_rfe_proxy_et_max_depth,params_rfe_proxy_et_min_samples_leaf,params_rfe_proxy_et_min_samples_split,params_rfe_proxy_et_n_estimators,params_rfe_proxy_lsvr_C,params_rfe_proxy_lsvr_epsilon,params_rfe_proxy_type,params_use_scaler,user_attrs_d2mae_ci_lower_val,user_attrs_d2mae_ci_upper_val,user_attrs_d2mae_df_val,user_attrs_d2mae_mean_val,user_attrs_d2mae_samperror_val,user_attrs_d2mae_std_val,user_attrs_d2mae_t_critical_val,user_attrs_mae_ci_lower_val,user_attrs_mae_ci_upper_val,user_attrs_mae_df_val,user_attrs_mae_mean_val,user_attrs_mae_samperror_val,user_attrs_mae_std_val,user_attrs_mae_t_critical_val,user_attrs_mape_ci_lower_val,user_attrs_mape_ci_upper_val,user_attrs_mape_df_val,user_attrs_mape_mean_val,user_attrs_mape_samperror_val,user_attrs_mape_std_val,user_attrs_mape_t_critical_val,user_attrs_max_error_ci_lower_val,user_attrs_max_error_ci_upper_val,user_attrs_max_error_df_val,user_attrs_max_error_mean_val,user_attrs_max_error_samperror_val,user_attrs_max_error_std_val,user_attrs_max_error_t_critical_val,user_attrs_median_ae_ci_lower_val,user_attrs_median_ae_ci_upper_val,user_attrs_median_ae_df_val,user_attrs_median_ae_mean_val,user_attrs_median_ae_samperror_val,user_attrs_median_ae_std_val,user_attrs_median_ae_t_critical_val,user_attrs_n_splits_val,user_attrs_r2_below_zero_val,user_attrs_r2_ci_lower_val,user_attrs_r2_ci_upper_val,user_attrs_r2_df_val,user_attrs_r2_mean_val,user_attrs_r2_samperror_val,user_attrs_r2_std_val,user_attrs_r2_t_critical_val,user_attrs_regressor_final,user_attrs_rfe_estimator,user_attrs_rfe_n_features,user_attrs_rfe_selected_features,user_attrs_rho_ci_lower_val,user_attrs_rho_ci_upper_val,user_attrs_rho_df_val,user_attrs_rho_mean_val,user_attrs_rho_samperror_val,user_attrs_rho_std_val,user_attrs_rho_t_critical_val,user_attrs_rmse_ci_lower_val,user_attrs_rmse_ci_upper_val,user_attrs_rmse_df_val,user_attrs_rmse_mean_val,user_attrs_rmse_samperror_val,user_attrs_rmse_std_val,user_attrs_rmse_t_critical_val,user_attrs_termination_reason,user_attrs_use_scaler_final,state
272,6.426792198153004,2026-06-12 07:48:40.795222,2026-06-12 07:48:43.104685,0 days 00:00:02.309463,,,,,,,,,,,,,,0.0001332077570284092,QuantileRegressor,,,,,,2,,,,,,,,False,-0.011450525809884107,0.0058631706053058575,98.0,-0.0027936776022891253,0.008656848207594983,0.04340436620377518,1.9844674545084815,6.360097130085491,6.493487266220517,98.0,6.426792198153004,0.06669506806751244,0.3344008222124367,1.9844674545084815,137402309145801.31,302578771771948.5,98.0,219990540458874.9,82588231313073.6,414087177003953.2,1.9844674545084815,17.79352675218785,18.75273506868873,98.0,18.27313091043829,0.47960415825043756,2.404675930356716,1.9844674545084815,5.713495884305739,5.923349956437526,98.0,5.818422920371632,0.1049270360658937,0.526091181093498,1.9844674545084815,99.0,0.7373737373737373,-0.07703075269068868,-0.04231374973227146,98.0,-0.05967225121148007,0.017358501479208612,0.08703337945689364,1.9844674545084815,QuantileRegressor,"{'mode': 'original', 'type': 'QuantileRegressor'}",2,"['z_lsc_T6W30', 'z_diameter_T6W30']",0.04638696419673642,0.10058986280783767,98.0,0.07348841350228705,0.027101449305550626,0.13588331481648672,1.9844674545084815,7.698792477928383,7.860079225002148,98.0,7.779435851465266,0.08064337353688224,0.4043359006609062,1.9844674545084815,completed,False,COMPLETE
273,6.429977215639701,2026-06-12 07:48:43.117531,2026-06-12 07:48:45.397267,0 days 00:00:02.279736,,,,,,,,,,,,,,0.00020866451735193363,QuantileRegressor,,,,,,2,,,,,,,,False,-0.011952425516233793,0.005394906084323211,98.0,-0.0032787597159552907,0.008673665800278502,0.04348868753343196,1.9844674545084815,6.362885023169406,6.497069408109995,98.0,6.429977215639701,0.0670921924702942,0.3363919548502567,1.9844674545084815,137687243116161.02,303267916494772.06,98.0,220477579805466.53,82790336689305.52,415100508363283.9,1.9844674545084815,17.79956561778746,18.755134334638516,98.0,18.27734997621299,0.47778435842552874,2.395551679113797,1.9844674545084815,5.716982816518851,5.931547735837277,98.0,5.824265276178064,0.10728245965921296,0.5379009836634155,1.9844674545084815,99.0,0.7373737373737373,-0.07728748497722128,-0.04267092179697929,98.0,-0.059979203387100284,0.017308281590121,0.08678158314437896,1.9844674545084815,QuantileRegressor,"{'mode': 'original', 'type': 'QuantileRegressor'}",2,"['z_lsc_T6W30', 'z_diameter_T6W30']",0.04556379093907541,0.09962496356204213,98.0,0.07259437725055877,0.027030586311483362,0.1355280165288151,1.9844674545084815,7.699940241525888,7.861376961837693,98.0,7.7806586016817905,0.08071836015590239,0.4047118742940673,1.9844674545084815,completed,False,COMPLETE
274,6.4543614320167295,2026-06-12 07:48:45.410360,2026-06-12 07:48:47.045404,0 days 00:00:01.635044,,,,,,,,,,,,,,,LinearRegression,,,,,,2,,,,,,,,False,-0.011846799496649376,-0.0021815490499966454,98.0,-0.007014174273323011,0.004832625223326365,0.02423018515385663,1.9844674545084815,6.403289670409108,6.505433193624351,98.0,6.4543614320167295,0.05107176160762203,0.2560674959674474,1.9844674545084815,165088144764573.0,363349012972570.44,98.0,264218578868571.72,99130434103998.73,497027735800455.4,1.9844674545084815,16.520159216483396,17.171518322008748,98.0,16.845838769246072,0.3256795527626752,1.6329169963718317,1.9844674545084815,6.159602752028959,6.32616007232403,98.0,6.242881412176494,0.08327866014753542,0.4175489017853043,1.9844674545084815,99.0,0.4444444444444444,-0.020086924756521532,-0.0018629246869847783,98.0,-0.010974924721753154,0.009112000034768376,0.04568644117046098,1.9844674545084815,LinearRegression,"{'mode': 'original', 'type': 'LinearRegression'}",2,"['z_lsc_T6W30', 'z_diameter_T6W30']",0.025236566085766153,0.07898485992314652,98.0,0.05211071300445634,0.026874146918690188,0.13474364876231854,1.9844674545084815,7.539378182248585,7.668386651411625,98.0,7.603882416830105,0.06450423458151974,0.32341625408357755,1.9844674545084815,completed,False,COMPLETE
275,6.426792198153004,2026-06-12 07:48:47.059791,2026-06-12 07:48:49.226656,0 days 00:00:02.166865,,,,,,,,,,,,,,0.00013994242478846717,QuantileRegressor,,,,,,2,,,,,,,,False,-0.011450525809884107,0.0058631706053058575,98.0,-0.0027936776022891253,0.008656848207594983,0.04340436620377518,1.9844674545084815,6.360097130085491,6.493487266220517,98.0,6.426792198153004,0.06669506806751244,0.3344008222124367,1.9844674545084815,137402309145801.31,302578771771948.5,98.0,219990540458874.9,82588231313073.6,414087177003953.2,1.9844674545084815,17.79352675218785,18.75273506868873,98.0,18.27313091043829,0.47960415825043756,2.404675930356716,1.9844674545084815,5.713495884305739,5.923349956437526,98.0,5.818422920371632,0.1049270360658937,0.526091181093498,1.9844674545084815,99.0,0.7373737373737373,-0.07703075269068868,-0.04231374973227146,98.0,-0.05967225121148007,0.017358501479208612,0.08703337945689364,1.9844674545084815,QuantileRegressor,"{'mode': 'original', 'type': 'QuantileRegressor'}",2,"['z_lsc_T6W30', 'z_diameter_T6W30']",0.04638696419673642,0.10058986280783767,98.0,0.07348841350228705,0.027101449305550626,0.13588331481648672,1.9844674545084815,7.698792477928383,7.860079225002148,98.0,7.779435851465266,0.08064337353688224,0.4043359006609062,1.9844674545084815,completed,False,COMPLETE
276,6.578195711791979,2026-06-12 07:48:49.239053,2026-06-12 07:48:53.525474,0 days 00:00:04.286421,,,,,,,,,,,,,,,RandomForestRegressor,12.0,sqrt,4.0,4.0,410.0,2,,,,,,,,False,,,,,,,,,,,,,,,,,,,,,,,,,,,,,,,,,,,,,,,,,,,,,RandomForestRegressor,"{'mode': 'original', 'type': 'RandomForestRegressor'}",2,"['z_pe_T6W30', 'z_lsc_T6W30']",,,,,,,,,,,,,,,pruned,False,PRUNED
277,6.429935286691646,2026-06-12 07:48:53.535771,2026-06-12 07:48:55.714169,0 days 00:00:02.178398,,,,,,,,,,,,,,0.00031417764717764867,QuantileRegressor,,,,,,2,,,,,,,,False,-0.011738013957024167,0.005208200393834615,98.0,-0.0032649067815947756,0.00847310717542939,0.042483111394227044,1.9844674545084815,6.363720524049605,6.496150049333687,98.0,6.429935286691646,0.06621476264204079,0.3319926302149681,1.9844674545084815,137950607577112.16,303870564381580.9,98.0,220910585979346.5,82959978402234.34,415951070930031.75,1.9844674545084815,17.776641048578416,18.72152922604013,98.0,18.249085137309272,0.4724440887308574,2.368776227367851,1.9844674545084815,5.726879284080079,5.94141372804077,98.0,5.834146506060424,0.10726722198034502,0.5378245838262208,1.9844674545084815,99.0,0.7373737373737373,-0.07563437052216458,-0.04159937193040282,98.0,-0.0586168712262837,0.01701749929588088,0.08532363668602487,1.9844674545084815,QuantileRegressor,"{'mode': 'original', 'type': 'QuantileRegressor'}",2,"['z_lsc_T6W30', 'z_diameter_T6W30']",0.04554863532854964,0.09942578545705627,98.0,0.07248721039280295,0.02693857506425331,0.13506668351547482,1.9844674545084815,7.695728766376121,7.856067285683258,98.0,7.775898026029689,0.08016925965356841,0.4019587522900253,1.9844674545084815,completed,False,COMPLETE
278,6.43031322094402,2026-06-12 07:48:55.727210,2026-06-12 07:48:57.972836,0 days 00:00:02.245626,,,,,,,,,,,,,,0.00015084209386601597,QuantileRegressor,,,,,,2,,,,,,,,False,-0.012016966131739632,0.005352144127357626,98.0,-0.003332411002191003,0.008684555129548629,0.04354328528356225,1.9844674545084815,6.363191983500789,6.497434458387252,98.0,6.43031322094402,0.06712123744323158,0.3365375827521814,1.9844674545084815,137687243116161.02,303267916494772.06,98.0,220477579805466.53,82790336689305.52,415100508363283.9,1.9844674545084815,17.799019721342475,18.757041840169073,98.0,18.278030780755774,0.4790110594132976,2.4017022061438236,1.9844674545084815,5.720853400989543,5.934419167275466,98.0,5.827636284132504,0.10678288314296158,0.5353961688002928,1.9844674545084815,99.0,0.7373737373737373,-0.07748797538577666,-0.042771013209744996,98.0,-0.06012949429776083,0.01735848108801583,0.08703327721797509,1.9844674545084815,QuantileRegressor,"{'mode': 'original', 'type': 'QuantileRegressor'}",2,"['z_lsc_T6W30', 'z_diameter_T6W30']",0.045514292933701725,0.09968080300822031,98.0,0.07259754797096102,0.027083255037259293,0.13579209100560438,1.9844674545084815,7.700345607357187,7.861973851616492,98.0,7.7811597294868395,0.08081412212965194,0.4051920129862735,1.9844674545084815,completed,False,COMPLETE
279,6.429865337131282,2026-06-12 07:48:57.985158,2026-06-12 07:49:00.332615,0 days 00:00:02.347457,,,,,,,,,,,,,,0.00019028635799757377,QuantileRegressor,,,,,,2,,,,,,,,False,-0.01194284581451073,0.005418365109961704,98.0,-0.0032622403522745134,0.008680605462236217,0.04352348214016641,1.9844674545084815,6.362759028731198,6.496971645531366,98.0,6.429865337131282,0.06710630840008364,0.3364627303763136,1.9844674545084815,137687243116161.02,303267916494772.06,98.0,220477579805466.53,82790336689305.52,415100508363283.9,1.9844674545084815,17.79674628622485,18.752441183239615,98.0,18.274593734732232,0.47784744850738337,2.3958680049810153,1.9844674545084815,5.7176483456291765,5.931729808754521,98.0,5.824689077191849,0.10704073156267267,0.5366889888851345,1.9844674545084815,99.0,0.7373737373737373,-0.07722152968556317,-0.042562447097940104,98.0,-0.05989198839175164,0.01732954129381153,0.08688817666920917,1.9844674545084815,QuantileRegressor,"{'mode': 'original', 'type': 'QuantileRegressor'}",2,"['z_lsc_T6W30', 'z_diameter_T6W30']",0.04572942350946798,0.09990060930770644,98.0,0.07281501640858722,0.027085592899119236,0.13580381275581524,1.9844674545084815,7.699580511332183,7.86103093577959,98.0,7.780305723555887,0.08072521222370363,0.4047462297145351,1.9844674545084815,completed,False,COMPLETE
280,6.426715218331713,2026-06-12 07:49:00.345877,2026-06-12 07:49:02.588896,0 days 00:00:02.243019,,,,,,,,,,,,,,0.0001317651144646107,QuantileRegressor,,,,,,2,,,,,,,,False,-0.011439964461075048,0.005875043375844614,98.0,-0.002782460542615217,0.008657503918459831,0.043407653856950924,1.9844674545084815,6.3600372532789535,6.493393183384473,98.0,6.426715218331713,0.06667796505275944,0.3343150698118256,1.9844674545084815,137358497432339.56,302483369352473.94,98.0,219920933392406.75,82562435960067.19,413957842294438.0,1.9844674545084815,17.793175959378797,18.752400334580624,98.0,18.27278814697971,0.47961218760091495,2.4047161885269115,1.9844674545084815,5.713012757929726,5.922834929782753,98.0,5.8179238438562395,0.10491108592651341,0.5260112090674139,1.9844674545084815,99.0,0.7373737373737373,-0.07705474297493241,-0.042338284719066865,98.0,-0.05969651384699964,0.017358229127932768,0.08703201392128192,1.9844674545084815,QuantileRegressor,"{'mode': 'original', 'type': 'QuantileRegressor'}",2,"['z_lsc_T6W30', 'z_diameter_T6W30']",0.04638696419673642,0.10058986280783767,98.0,0.07348841350228705,0.027101449305550626,0.13588331481648672,1.9844674545084815,7.698863037523187,7.8601996596998225,98.0,7.7795313486115045,0.08066831108831805,0.40446093445944226,1.9844674545084815,completed,False,COMPLETE
281,6.426792198153004,2026-06-12 07:49:02.620600,2026-06-12 07:49:04.813267,0 days 00:00:02.192667,,,,,,,,,,,,,,0.00013627242368539335,QuantileRegressor,,,,,,2,,,,,,,,False,-0.011450525809884107,0.0058631706053058575,98.0,-0.0027936776022891253,0.008656848207594983,0.04340436620377518,1.9844674545084815,6.360097130085491,6.493487266220517,98.0,6.426792198153004,0.06669506806751244,0.3344008222124367,1.9844674545084815,137402309145801.31,302578771771948.5,98.0,219990540458874.9,82588231313073.6,414087177003953.2,1.9844674545084815,17.79352675218785,18.75273506868873,98.0,18.27313091043829,0.47960415825043756,2.404675930356716,1.9844674545084815,5.713495884305739,5.923349956437526,98.0,5.818422920371632,0.1049270360658937,0.526091181093498,1.9844674545084815,99.0,0.7373737373737373,-0.07703075269068868,-0.04231374973227146,98.0,-0.05967225121148007,0.017358501479208612,0.08703337945689364,1.9844674545084815,QuantileRegressor,"{'mode': 'original', 'type': 'QuantileRegressor'}",2,"['z_lsc_T6W30', 'z_diameter_T6W30']",0.04638696419673642,0.10058986280783767,98.0,0.07348841350228705,0.027101449305550626,0.13588331481648672,1.9844674545084815,7.698792477928383,7.860079225002148,98.0,7.779435851465266,0.08064337353688224,0.4043359006609062,1.9844674545084815,completed,False,COMPLETE
282,6.429948366420107,2026-06-12 07:49:04.826023,2026-06-12 07:49:07.083968,0 days 00:00:02.257945,,,,,,,,,,,,,,0.00023129414545156355,QuantileRegressor,,,,,,2,,,,,,,,False,-0.011935586319657578,0.005385229437051326,98.0,-0.003275178441303126,0.008660407878354452,0.04342221395269069,1.9844674545084815,6.362949869023784,6.49694686381643,98.0,6.429948366420107,0.06699849739632331,0.3359221793378994,1.9844674545084815,137731427251641.25,303357935856294.94,98.0,220544681553968.1,82813254302326.84,415215414440442.75,1.9844674545084815,17.795610728098765,18.74893885242541,98.0,18.272274790262088,0.4766640621633229,2.3899346522172364,1.9844674545084815,5.722687169098634,5.936574264021081,98.0,5.8296307165598575,0.10694354746122338,0.5362017198205355,1.9844674545084815,99.0,0.7373737373737373,-0.07701124605996156,-0.04248516452747218,98.0,-0.05974820529371687,0.017263040766244683,0.08655475124900562,1.9844674545084815,QuantileRegressor,"{'mode': 'original', 'type': 'QuantileRegressor'}",2,"['z_lsc_T6W30', 'z_diameter_T6W30']",0.04566292549022493,0.09973277621690821,98.0,0.07269785085356657,0.027034925363341643,0.1355497719981635,1.9844674545084815,7.699268809043036,7.860399796683226,98.0,7.779834302863131,0.0805654938200953,0.40394542139337086,1.9844674545084815,completed,False,COMPLETE
283,6.426792198153004,2026-06-12 07:49:07.097452,2026-06-12 07:49:09.399548,0 days 00:00:02.302096,,,,,,,,,,,,,,0.00013877774785882936,QuantileRegressor,,,,,,2,,,,,,,,False,-0.011450525809884107,0.0058631706053058575,98.0,-0.0027936776022891253,0.008656848207594983,0.04340436620377518,1.9844674545084815,6.360097130085491,6.493487266220517,98.0,6.426792198153004,0.06669506806751244,0.3344008222124367,1.9844674545084815,137402309145801.31,302578771771948.5,98.0,219990540458874.9,82588231313073.6,414087177003953.2,1.9844674545084815,17.79352675218785,18.75273506868873,98.0,18.27313091043829,0.47960415825043756,2.404675930356716,1.9844674545084815,5.713495884305739,5.923349956437526,98.0,5.818422920371632,0.1049270360658937,0.526091181093498,1.9844674545084815,99.0,0.7373737373737373,-0.07703075269068868,-0.04231374973227146,98.0,-0.05967225121148007,0.017358501479208612,0.08703337945689364,1.9844674545084815,QuantileRegressor,"{'mode': 'original', 'type': 'QuantileRegressor'}",2,"['z_lsc_T6W30', 'z_diameter_T6W30']",0.04638696419673642,0.10058986280783767,98.0,0.07348841350228705,0.027101449305550626,0.13588331481648672,1.9844674545084815,7.698792477928383,7.860079225002148,98.0,7.779435851465266,0.08064337353688224,0.4043359006609062,1.9844674545084815,completed,False,COMPLETE
284,6.426792198153004,2026-06-12 07:49:09.412649,2026-06-12 07:49:11.523105,0 days 00:00:02.110456,,,,,,,,,,,,,,0.0001422935256644274,QuantileRegressor,,,,,,2,,,,,,,,False,-0.011450525809884107,0.0058631706053058575,98.0,-0.0027936776022891253,0.008656848207594983,0.04340436620377518,1.9844674545084815,6.360097130085491,6.493487266220517,98.0,6.426792198153004,0.06669506806751244,0.3344008222124367,1.9844674545084815,137402309145801.31,302578771771948.5,98.0,219990540458874.9,82588231313073.6,414087177003953.2,1.9844674545084815,17.79352675218785,18.75273506868873,98.0,18.27313091043829,0.47960415825043756,2.404675930356716,1.9844674545084815,5.713495884305739,5.923349956437526,98.0,5.818422920371632,0.1049270360658937,0.526091181093498,1.9844674545084815,99.0,0.7373737373737373,-0.07703075269068868,-0.04231374973227146,98.0,-0.05967225121148007,0.017358501479208612,0.08703337945689364,1.9844674545084815,QuantileRegressor,"{'mode': 'original', 'type': 'QuantileRegressor'}",2,"['z_lsc_T6W30', 'z_diameter_T6W30']",0.04638696419673642,0.10058986280783767,98.0,0.07348841350228705,0.027101449305550626,0.13588331481648672,1.9844674545084815,7.698792477928383,7.860079225002148,98.0,7.779435851465266,0.08064337353688224,0.4043359006609062,1.9844674545084815,completed,False,COMPLETE
285,6.430295280848809,2026-06-12 07:49:11.570639,2026-06-12 07:49:13.887937,0 days 00:00:02.317298,,,,,,,,,,,,,,0.00017692588015495676,QuantileRegressor,,,,,,2,,,,,,,,False,-0.012014585955410623,0.005358538068755372,98.0,-0.003328023943327626,0.008686562012082998,0.04355334754437137,1.9844674545084815,6.36312349552284,6.497467066174778,98.0,6.430295280848809,0.06717178532596889,0.3367910235842883,1.9844674545084815,137687243116161.02,303267916494772.06,98.0,220477579805466.53,82790336689305.52,415100508363283.9,1.9844674545084815,17.798006535764106,18.754097272091702,98.0,18.276051903927904,0.47804536816379956,2.3968603496588945,1.9844674545084815,5.719684624527844,5.933021772387605,98.0,5.826353198457724,0.1066685739298802,0.5348230365440639,1.9844674545084815,99.0,0.7373737373737373,-0.0774514896535765,-0.04274237500669295,98.0,-0.060096932330134724,0.01735455732344177,0.08701360394770559,1.9844674545084815,QuantileRegressor,"{'mode': 'original', 'type': 'QuantileRegressor'}",2,"['z_lsc_T6W30', 'z_diameter_T6W30']",0.04559653560342472,0.09981839566856326,98.0,0.07270746563599399,0.02711093003256927,0.1359308500091489,1.9844674545084815,7.700225499877392,7.861869754871431,98.0,7.781047627374411,0.0808221274970199,0.40523215090812476,1.9844674545084815,completed,False,COMPLETE
286,6.426792198153004,2026-06-12 07:49:13.900764,2026-06-12 07:49:16.104545,0 days 00:00:02.203781,,,,,,,,,,,,,,0.00014350644726778252,QuantileRegressor,,,,,,2,,,,,,,,False,-0.011450525809884107,0.0058631706053058575,98.0,-0.0027936776022891253,0.008656848207594983,0.04340436620377518,1.9844674545084815,6.360097130085491,6.493487266220517,98.0,6.426792198153004,0.06669506806751244,0.3344008222124367,1.9844674545084815,137402309145801.31,302578771771948.5,98.0,219990540458874.9,82588231313073.6,414087177003953.2,1.9844674545084815,17.79352675218785,18.75273506868873,98.0,18.27313091043829,0.47960415825043756,2.404675930356716,1.9844674545084815,5.713495884305739,5.923349956437526,98.0,5.818422920371632,0.1049270360658937,0.526091181093498,1.9844674545084815,99.0,0.7373737373737373,-0.07703075269068868,-0.04231374973227146,98.0,-0.05967225121148007,0.017358501479208612,0.08703337945689364,1.9844674545084815,QuantileRegressor,"{'mode': 'original', 'type': 'QuantileRegressor'}",2,"['z_lsc_T6W30', 'z_diameter_T6W30']",0.04638696419673642,0.10058986280783767,98.0,0.07348841350228705,0.027101449305550626,0.13588331481648672,1.9844674545084815,7.698792477928383,7.860079225002148,98.0,7.779435851465266,0.08064337353688224,0.4043359006609062,1.9844674545084815,completed,False,COMPLETE
287,7.598878554079792,2026-06-12 07:49:16.118535,2026-06-12 07:49:16.286302,0 days 00:00:00.167767,7.0,4.0,8.0,,,,,,,,,,,,DecisionTreeRegressor,,,,,,2,,,,,,,,False,,,,,,,,,,,,,,,,,,,,,,,,,,,,,,,,,,,,,,,,,,,,,DecisionTreeRegressor,"{'mode': 'original', 'type': 'DecisionTreeRegressor'}",2,"['z_pe_T6W30', 'z_lsc_T6W30']",,,,,,,,,,,,,,,pruned,False,PRUNED
288,6.332910784483983,2026-06-12 07:49:16.296075,2026-06-12 07:49:20.262380,0 days 00:00:03.966305,,,,,,7.0,sqrt,4.0,4.0,418.0,,,,,ExtraTreesRegressor,,,,,,2,,,,,,,,False,,,,,,,,,,,,,,,,,,,,,,,,,,,,,,,,,,,,,,,,,,,,,ExtraTreesRegressor,"{'mode': 'original', 'type': 'ExtraTreesRegressor'}",2,"['z_l2_T6W30', 'z_lsc_T6W30']",,,,,,,,,,,,,,,pruned,False,PRUNED
