number,value,datetime_start,datetime_complete,duration,params_dt_max_depth,params_dt_min_samples_leaf,params_dt_min_samples_split,params_elastic_alpha,params_elastic_l1_ratio,params_et_max_depth,params_et_max_features,params_et_min_samples_leaf,params_et_min_samples_split,params_et_n_estimators,params_knn_metric,params_knn_n_neighbors,params_knn_weights,params_quantile_alpha,params_regressor,params_rf_max_depth,params_rf_max_features,params_rf_min_samples_leaf,params_rf_min_samples_split,params_rf_n_estimators,params_rfe_n_features,params_rfe_proxy_et_max_depth,params_rfe_proxy_et_min_samples_leaf,params_rfe_proxy_et_min_samples_split,params_rfe_proxy_et_n_estimators,params_rfe_proxy_lsvr_C,params_rfe_proxy_lsvr_epsilon,params_rfe_proxy_type,params_use_scaler,user_attrs_d2mae_ci_lower_val,user_attrs_d2mae_ci_upper_val,user_attrs_d2mae_df_val,user_attrs_d2mae_mean_val,user_attrs_d2mae_samperror_val,user_attrs_d2mae_std_val,user_attrs_d2mae_t_critical_val,user_attrs_mae_ci_lower_val,user_attrs_mae_ci_upper_val,user_attrs_mae_df_val,user_attrs_mae_mean_val,user_attrs_mae_samperror_val,user_attrs_mae_std_val,user_attrs_mae_t_critical_val,user_attrs_mape_ci_lower_val,user_attrs_mape_ci_upper_val,user_attrs_mape_df_val,user_attrs_mape_mean_val,user_attrs_mape_samperror_val,user_attrs_mape_std_val,user_attrs_mape_t_critical_val,user_attrs_max_error_ci_lower_val,user_attrs_max_error_ci_upper_val,user_attrs_max_error_df_val,user_attrs_max_error_mean_val,user_attrs_max_error_samperror_val,user_attrs_max_error_std_val,user_attrs_max_error_t_critical_val,user_attrs_median_ae_ci_lower_val,user_attrs_median_ae_ci_upper_val,user_attrs_median_ae_df_val,user_attrs_median_ae_mean_val,user_attrs_median_ae_samperror_val,user_attrs_median_ae_std_val,user_attrs_median_ae_t_critical_val,user_attrs_n_splits_val,user_attrs_r2_below_zero_val,user_attrs_r2_ci_lower_val,user_attrs_r2_ci_upper_val,user_attrs_r2_df_val,user_attrs_r2_mean_val,user_attrs_r2_samperror_val,user_attrs_r2_std_val,user_attrs_r2_t_critical_val,user_attrs_regressor_final,user_attrs_rfe_estimator,user_attrs_rfe_n_features,user_attrs_rfe_selected_features,user_attrs_rho_ci_lower_val,user_attrs_rho_ci_upper_val,user_attrs_rho_df_val,user_attrs_rho_mean_val,user_attrs_rho_samperror_val,user_attrs_rho_std_val,user_attrs_rho_t_critical_val,user_attrs_rmse_ci_lower_val,user_attrs_rmse_ci_upper_val,user_attrs_rmse_df_val,user_attrs_rmse_mean_val,user_attrs_rmse_samperror_val,user_attrs_rmse_std_val,user_attrs_rmse_t_critical_val,user_attrs_termination_reason,user_attrs_use_scaler_final,state
43,6.564670931365839,2026-06-12 07:40:09.512843,2026-06-12 07:40:11.771087,0 days 00:00:02.258244,,,,,,,,,,,,,,0.00019021800936698172,QuantileRegressor,,,,,,7,,,,,,,,False,-0.03468222938966767,-0.013689215160849233,98.0,-0.02418572227525845,0.010496507114409219,0.05262818842712744,1.9844674545084815,6.485020367137936,6.644321495593743,98.0,6.564670931365839,0.07965056422790356,0.39935807757979674,1.9844674545084815,139553828098838.39,308505587602017.94,98.0,224029707850428.16,84475879751589.77,423551612803746.7,1.9844674545084815,18.800938476014924,19.793607295190466,98.0,19.297272885602695,0.49633440958777225,2.4885593413064173,1.9844674545084815,5.526959810804522,5.771162403547933,98.0,5.649061107176228,0.12210129637170519,0.6122007980945678,1.9844674545084815,99.0,0.898989898989899,-0.17105152260265302,-0.1219194402126456,98.0,-0.1464854814076493,0.024566041195003708,0.12317109213830102,1.9844674545084815,QuantileRegressor,"{'mode': 'original', 'type': 'QuantileRegressor'}",7,"['z_l1_T6W30', 'z_l2_T6W30', 'z_l3_T6W30', 'z_lsc_T6W30', 'z_density_T6W30', 'z_diameter_T6W30', 'z_asp_T6W30']",0.05638881327192767,0.10315495617804339,98.0,0.07977188472498553,0.02338307145305786,0.11723982816599812,1.9844674545084815,7.988398826662585,8.184588805500951,98.0,8.086493816081768,0.09809498941918342,0.4918361442181926,1.9844674545084815,completed,False,COMPLETE
44,6.498356554928517,2026-06-12 07:40:11.783323,2026-06-12 07:40:14.025538,0 days 00:00:02.242215,,,,,,,,,,,,,,0.006338434758339061,QuantileRegressor,,,,,,5,,,,,,,,False,-0.018227028311236466,-0.009407461106611387,98.0,-0.013817244708923926,0.004409783602312539,0.022110109564616186,1.9844674545084815,6.4468508083855145,6.549862301471519,98.0,6.498356554928517,0.0515057465430025,0.25824344275667827,1.9844674545084815,156524889410590.8,344624063576275.6,98.0,250574476493433.22,94049587082842.39,471552997253214.9,1.9844674545084815,17.45827872650431,17.977172153266935,98.0,17.717725439885623,0.25944671338131303,1.3008337316217002,1.9844674545084815,5.948183080090552,6.129068839893663,98.0,6.038625959992108,0.09044287990155593,0.4534694135363375,1.9844674545084815,99.0,0.898989898989899,-0.05691658087305293,-0.03575553780765432,98.0,-0.046336059340353626,0.010580521532699307,0.053049426329238376,1.9844674545084815,QuantileRegressor,"{'mode': 'original', 'type': 'QuantileRegressor'}",5,"['z_l1_T6W30', 'z_l2_T6W30', 'z_lsc_T6W30', 'z_diameter_T6W30', 'z_asp_T6W30']",0.010420163962291732,0.0591426778607059,88.0,0.034781420911498814,0.024361256949207082,0.11564676219567352,1.9872898648311692,7.6689557870095,7.801241830161706,98.0,7.735098808585603,0.06614302157610324,0.3316329293835419,1.9844674545084815,completed,False,COMPLETE
45,6.718907938179133,2026-06-12 07:40:14.038988,2026-06-12 07:40:15.768085,0 days 00:00:01.729097,2.0,1.0,17.0,,,,,,,,,,,,DecisionTreeRegressor,,,,,,6,,,,,,,,False,-0.05660459058018327,-0.03964612583564839,98.0,-0.04812535820791583,0.008479232372267444,0.04251382237358738,1.9844674545084815,6.645692473164358,6.792123403193909,98.0,6.718907938179133,0.07321546501477526,0.3670932860406317,1.9844674545084815,153816150233760.84,340830559783592.5,98.0,247323355008676.66,93507204774915.81,468833559445001.94,1.9844674545084815,17.738340323466858,18.50020498523056,98.0,18.11927265434871,0.38093233088184963,1.9099475920055335,1.9844674545084815,6.207113258391139,6.412005314100551,98.0,6.309559286245845,0.1024460278547057,0.5136517127823291,1.9844674545084815,99.0,0.9292929292929293,-0.13420327354165498,-0.09929195647207886,98.0,-0.11674761500686692,0.017455658534788053,0.08752051291684629,1.9844674545084815,DecisionTreeRegressor,"{'mode': 'original', 'type': 'DecisionTreeRegressor'}",6,"['z_pe_T6W30', 'z_l2_T6W30', 'z_lsc_T6W30', 'z_density_T6W30', 'z_diameter_T6W30', 'z_asp_T6W30']",-0.04310965927022919,0.006682586491744594,98.0,-0.018213536389242297,0.02489612288098689,0.12482608088616932,1.9844674545084815,7.90041630415429,8.07644556661254,98.0,7.988430935383415,0.08801463122912487,0.4412944750270125,1.9844674545084815,completed,False,COMPLETE
46,6.459617925440189,2026-06-12 07:40:15.780944,2026-06-12 07:40:17.535241,0 days 00:00:01.754297,,,,0.011866566188088819,0.04359534820671335,,,,,,,,,,ElasticNet,,,,,,5,,,,,,,,True,-0.01372905395823492,-0.001836662000074451,98.0,-0.007782857979154685,0.005946195979080234,0.029813491192901016,1.9844674545084815,6.4022022260931255,6.517033624787253,98.0,6.459617925440189,0.05741569934706356,0.28787521515271514,1.9844674545084815,161430430240920.44,355289483715837.56,98.0,258359956978379.0,96929526737458.55,485992658480503.56,1.9844674545084815,16.454729734066067,16.92941479159634,98.0,16.692072262831203,0.23734252876513603,1.190006083878649,1.9844674545084815,5.965506887938714,6.119836984663229,98.0,6.042671936300971,0.07716504836225685,0.38689600844669425,1.9844674545084815,99.0,0.5454545454545454,-0.026360152955271582,-0.004703606590673643,98.0,-0.015531879772972613,0.01082827318229897,0.05429162245754506,1.9844674545084815,ElasticNet,"{'mode': 'original', 'type': 'ElasticNet'}",5,"['z_l1_T6W30', 'z_l2_T6W30', 'z_lsc_T6W30', 'z_diameter_T6W30', 'z_asp_T6W30']",0.04073881740101822,0.09324206847105038,98.0,0.0669904429360343,0.02625162553501608,0.13162240354018723,1.9844674545084815,7.552891060007575,7.687231383897624,98.0,7.620061221952599,0.06717016194502418,0.3367828841530169,1.9844674545084815,completed,True,COMPLETE
47,8.75420875420875,2026-06-12 07:40:17.547590,2026-06-12 07:40:19.292012,0 days 00:00:01.744422,,,,,,,,,,,minkowski,1.0,uniform,,KNeighborsRegressor,,,,,,4,2.0,1.0,2.0,20.0,,,ExtraTrees,,-0.39276110308202505,-0.33945431955297733,98.0,-0.3661077113175012,0.026653391764523856,0.13363680972309408,1.9844674545084815,8.577917955135444,8.930499553282058,98.0,8.75420875420875,0.17629079907330733,0.8839002622941654,1.9844674545084815,78753107821150.11,194192324140700.06,98.0,136472715980925.1,57719608159774.984,289398976351150.9,1.9844674545084815,23.77137625723325,24.895290409433414,98.0,24.333333333333332,0.5619570761000837,2.8175832747594316,1.9844674545084815,7.3920902692617805,7.921041043869533,98.0,7.656565656565657,0.2644753873038759,1.3260468807055434,1.9844674545084815,99.0,1.0,-1.1014211330721142,-0.9626374063858015,98.0,-1.032029269728958,0.06939186334315638,0.34792222017549285,1.9844674545084815,KNeighborsRegressor,"{'mode': 'proxy', 'type': 'ExtraTrees'}",4,"['z_pe_T6W30', 'z_l2_T6W30', 'z_lsc_T6W30', 'z_asp_T6W30']",-0.012839546297745107,0.04436554565766735,98.0,0.015762999679961122,0.02860254597770623,0.14340962786981573,1.9844674545084815,10.543828847553385,10.935445411704173,98.0,10.739637129628779,0.19580828207539283,0.9817585080764173,1.9844674545084815,completed,True,COMPLETE
48,6.43236284412755,2026-06-12 07:40:19.315205,2026-06-12 07:40:21.444211,0 days 00:00:02.129006,,,,,,,,,,,,,,3.854965436088981,QuantileRegressor,,,,,,7,,,,,,,,False,-0.004618760704527799,-0.0023266854860824436,98.0,-0.0034727230953051215,0.001146037609222678,0.005746090826723593,1.9844674545084815,6.387146941252938,6.477578747002163,98.0,6.43236284412755,0.04521590287461224,0.22670694455311866,1.9844674545084815,159975467009718.8,352020212552703.8,98.0,255997839781211.3,96022372771492.52,481444300695108.6,1.9844674545084815,17.65307108337025,18.14490871460955,98.0,17.8989898989899,0.24591881561964796,1.2330065254221743,1.9844674545084815,5.956835168213341,6.06336685198868,98.0,6.01010101010101,0.05326584188766987,0.26706834312012434,1.9844674545084815,99.0,1.0,-0.03940786471611372,-0.03383770038410198,98.0,-0.03662278255010785,0.0027850821660058717,0.013964057511701019,1.9844674545084815,QuantileRegressor,"{'mode': 'original', 'type': 'QuantileRegressor'}",7,"['z_l1_T6W30', 'z_l2_T6W30', 'z_l3_T6W30', 'z_lsc_T6W30', 'z_density_T6W30', 'z_diameter_T6W30', 'z_asp_T6W30']",,,,,,,,7.641821067877172,7.76254996760978,98.0,7.702185517743476,0.06036444986630419,0.3026598855444638,1.9844674545084815,completed,False,COMPLETE
49,6.48500171292805,2026-06-12 07:40:21.456428,2026-06-12 07:40:23.063447,0 days 00:00:01.607019,,,,,,,,,,,,,,,LinearRegression,,,,,,6,,,,,,,,False,-0.018672452185837903,-0.004883214824494637,98.0,-0.01177783350516627,0.006894618680671633,0.03456876531446071,1.9844674545084815,6.4243327044648995,6.545670721391201,98.0,6.48500171292805,0.06066900846315052,0.30418690468018444,1.9844674545084815,158888676162657.38,349775992957715.94,98.0,254332334560186.66,95443658397529.28,478542698401464.3,1.9844674545084815,16.885624540410586,17.420498433940967,98.0,17.153061487175776,0.26743694676518925,1.34089577354859,1.9844674545084815,5.849705701739788,6.0182595054394294,98.0,5.933982603589609,0.08427690184982083,0.42255396221455643,1.9844674545084815,99.0,0.6666666666666666,-0.04671648834285948,-0.020161739669278284,98.0,-0.03343911400606888,0.013277374336790599,0.06657111273281414,1.9844674545084815,LinearRegression,"{'mode': 'original', 'type': 'LinearRegression'}",6,"['z_pe_T6W30', 'z_l1_T6W30', 'z_l2_T6W30', 'z_lsc_T6W30', 'z_diameter_T6W30', 'z_asp_T6W30']",0.01790898797554342,0.06927321076637764,98.0,0.043591099370960534,0.025682111395417113,0.1287669300837283,1.9844674545084815,7.613887449345447,7.757135432806211,98.0,7.685511441075829,0.07162399173038192,0.35911383583163653,1.9844674545084815,completed,False,COMPLETE
50,6.43236284412755,2026-06-12 07:40:23.112096,2026-06-12 07:40:25.352122,0 days 00:00:02.240026,,,,,,,,,,,,,,0.14333997003672974,QuantileRegressor,,,,,,6,,,,,,,,False,-0.004618760704527799,-0.0023266854860824436,98.0,-0.0034727230953051215,0.001146037609222678,0.005746090826723593,1.9844674545084815,6.387146941252938,6.477578747002163,98.0,6.43236284412755,0.04521590287461224,0.22670694455311866,1.9844674545084815,159975467009718.8,352020212552703.8,98.0,255997839781211.3,96022372771492.52,481444300695108.6,1.9844674545084815,17.65307108337025,18.14490871460955,98.0,17.8989898989899,0.24591881561964796,1.2330065254221743,1.9844674545084815,5.956835168213341,6.06336685198868,98.0,6.01010101010101,0.05326584188766987,0.26706834312012434,1.9844674545084815,99.0,1.0,-0.03940786471611372,-0.03383770038410198,98.0,-0.03662278255010785,0.0027850821660058717,0.013964057511701019,1.9844674545084815,QuantileRegressor,"{'mode': 'original', 'type': 'QuantileRegressor'}",6,"['z_l2_T6W30', 'z_l3_T6W30', 'z_lsc_T6W30', 'z_density_T6W30', 'z_diameter_T6W30', 'z_asp_T6W30']",,,,,,,,7.641821067877172,7.76254996760978,98.0,7.702185517743476,0.06036444986630419,0.3026598855444638,1.9844674545084815,completed,False,COMPLETE
51,6.43236284412755,2026-06-12 07:40:25.365868,2026-06-12 07:40:27.494543,0 days 00:00:02.128675,,,,,,,,,,,,,,1.1668456156594451,QuantileRegressor,,,,,,5,,,,,,,,False,-0.004618760704527799,-0.0023266854860824436,98.0,-0.0034727230953051215,0.001146037609222678,0.005746090826723593,1.9844674545084815,6.387146941252938,6.477578747002163,98.0,6.43236284412755,0.04521590287461224,0.22670694455311866,1.9844674545084815,159975467009718.8,352020212552703.8,98.0,255997839781211.3,96022372771492.52,481444300695108.6,1.9844674545084815,17.65307108337025,18.14490871460955,98.0,17.8989898989899,0.24591881561964796,1.2330065254221743,1.9844674545084815,5.956835168213341,6.06336685198868,98.0,6.01010101010101,0.05326584188766987,0.26706834312012434,1.9844674545084815,99.0,1.0,-0.03940786471611372,-0.03383770038410198,98.0,-0.03662278255010785,0.0027850821660058717,0.013964057511701019,1.9844674545084815,QuantileRegressor,"{'mode': 'original', 'type': 'QuantileRegressor'}",5,"['z_l3_T6W30', 'z_lsc_T6W30', 'z_density_T6W30', 'z_diameter_T6W30', 'z_asp_T6W30']",,,,,,,,7.641821067877172,7.76254996760978,98.0,7.702185517743476,0.06036444986630419,0.3026598855444638,1.9844674545084815,completed,False,COMPLETE
52,6.43236284412755,2026-06-12 07:40:27.506818,2026-06-12 07:40:29.666348,0 days 00:00:02.159530,,,,,,,,,,,,,,3.8881359622897174,QuantileRegressor,,,,,,5,,,,,,,,False,-0.004618760704527799,-0.0023266854860824436,98.0,-0.0034727230953051215,0.001146037609222678,0.005746090826723593,1.9844674545084815,6.387146941252938,6.477578747002163,98.0,6.43236284412755,0.04521590287461224,0.22670694455311866,1.9844674545084815,159975467009718.8,352020212552703.8,98.0,255997839781211.3,96022372771492.52,481444300695108.6,1.9844674545084815,17.65307108337025,18.14490871460955,98.0,17.8989898989899,0.24591881561964796,1.2330065254221743,1.9844674545084815,5.956835168213341,6.06336685198868,98.0,6.01010101010101,0.05326584188766987,0.26706834312012434,1.9844674545084815,99.0,1.0,-0.03940786471611372,-0.03383770038410198,98.0,-0.03662278255010785,0.0027850821660058717,0.013964057511701019,1.9844674545084815,QuantileRegressor,"{'mode': 'original', 'type': 'QuantileRegressor'}",5,"['z_l3_T6W30', 'z_lsc_T6W30', 'z_density_T6W30', 'z_diameter_T6W30', 'z_asp_T6W30']",,,,,,,,7.641821067877172,7.76254996760978,98.0,7.702185517743476,0.06036444986630419,0.3026598855444638,1.9844674545084815,completed,False,COMPLETE
53,6.43236284412755,2026-06-12 07:40:29.679047,2026-06-12 07:40:31.918985,0 days 00:00:02.239938,,,,,,,,,,,,,,0.7696970462887499,QuantileRegressor,,,,,,4,,,,,,,,False,-0.004618760704527799,-0.0023266854860824436,98.0,-0.0034727230953051215,0.001146037609222678,0.005746090826723593,1.9844674545084815,6.387146941252938,6.477578747002163,98.0,6.43236284412755,0.04521590287461224,0.22670694455311866,1.9844674545084815,159975467009718.8,352020212552703.8,98.0,255997839781211.3,96022372771492.52,481444300695108.6,1.9844674545084815,17.65307108337025,18.14490871460955,98.0,17.8989898989899,0.24591881561964796,1.2330065254221743,1.9844674545084815,5.956835168213341,6.06336685198868,98.0,6.01010101010101,0.05326584188766987,0.26706834312012434,1.9844674545084815,99.0,1.0,-0.03940786471611372,-0.03383770038410198,98.0,-0.03662278255010785,0.0027850821660058717,0.013964057511701019,1.9844674545084815,QuantileRegressor,"{'mode': 'original', 'type': 'QuantileRegressor'}",4,"['z_lsc_T6W30', 'z_density_T6W30', 'z_diameter_T6W30', 'z_asp_T6W30']",,,,,,,,7.641821067877172,7.76254996760978,98.0,7.702185517743476,0.06036444986630419,0.3026598855444638,1.9844674545084815,completed,False,COMPLETE
54,6.579101564114196,2026-06-12 07:40:31.931688,2026-06-12 07:40:34.637404,0 days 00:00:02.705716,,,,,,,,,,,,,,,RandomForestRegressor,10.0,,5.0,7.0,264.0,5,,,,,,,,False,,,,,,,,,,,,,,,,,,,,,,,,,,,,,,,,,,,,,,,,,,,,,RandomForestRegressor,"{'mode': 'original', 'type': 'RandomForestRegressor'}",5,"['z_re_T6W30', 'z_pe_T6W30', 'z_l1_T6W30', 'z_l2_T6W30', 'z_lsc_T6W30']",,,,,,,,,,,,,,,pruned,False,PRUNED
55,6.43236284412755,2026-06-12 07:40:34.648379,2026-06-12 07:40:36.832024,0 days 00:00:02.183645,,,,,,,,,,,,,,0.0711423526142679,QuantileRegressor,,,,,,6,,,,,,,,False,-0.004618760704527799,-0.0023266854860824436,98.0,-0.0034727230953051215,0.001146037609222678,0.005746090826723593,1.9844674545084815,6.387146941252938,6.477578747002163,98.0,6.43236284412755,0.04521590287461224,0.22670694455311866,1.9844674545084815,159975467009718.8,352020212552703.8,98.0,255997839781211.3,96022372771492.52,481444300695108.6,1.9844674545084815,17.65307108337025,18.14490871460955,98.0,17.8989898989899,0.24591881561964796,1.2330065254221743,1.9844674545084815,5.956835168213341,6.06336685198868,98.0,6.01010101010101,0.05326584188766987,0.26706834312012434,1.9844674545084815,99.0,1.0,-0.03940786471611372,-0.03383770038410198,98.0,-0.03662278255010785,0.0027850821660058717,0.013964057511701019,1.9844674545084815,QuantileRegressor,"{'mode': 'original', 'type': 'QuantileRegressor'}",6,"['z_l2_T6W30', 'z_l3_T6W30', 'z_lsc_T6W30', 'z_density_T6W30', 'z_diameter_T6W30', 'z_asp_T6W30']",,,,,,,,7.641821067877172,7.76254996760978,98.0,7.702185517743476,0.06036444986630419,0.3026598855444638,1.9844674545084815,completed,False,COMPLETE
56,6.531605708094001,2026-06-12 07:40:36.845818,2026-06-12 07:40:39.092637,0 days 00:00:02.246819,,,,,,,,,,,,,,0.00451780815885725,QuantileRegressor,,,,,,4,,,,,,,,False,-0.02446230345432536,-0.013396363038933615,98.0,-0.018929333246629487,0.005532970207695872,0.02774162828438096,1.9844674545084815,6.472957917831163,6.590253498356839,98.0,6.531605708094001,0.058647790262837535,0.2940527666151146,1.9844674545084815,157096112473231.25,346678193942733.7,98.0,251887153207982.47,94791040734751.22,475270554158318.3,1.9844674545084815,17.77062238070155,18.41617904449571,98.0,18.09340071259863,0.322778331897079,1.6183706337848232,1.9844674545084815,5.917894867616095,6.125010384341094,98.0,6.021452625978594,0.10355775836249963,0.5192257920457106,1.9844674545084815,99.0,0.898989898989899,-0.07830532443370103,-0.055558170564731724,98.0,-0.06693174749921638,0.011373576934484653,0.05702570802593873,1.9844674545084815,QuantileRegressor,"{'mode': 'original', 'type': 'QuantileRegressor'}",4,"['z_l1_T6W30', 'z_l2_T6W30', 'z_l3_T6W30', 'z_lsc_T6W30']",-0.008298800574900225,0.035033796322603485,94.0,0.01336749787385163,0.021666298448751856,0.10635832886198962,1.985523441866604,7.738704469195519,7.883825081924837,98.0,7.811264775560178,0.07256030636465914,0.3638084016012509,1.9844674545084815,completed,False,COMPLETE
57,6.3980663556917206,2026-06-12 07:40:39.106355,2026-06-12 07:40:41.458251,0 days 00:00:02.351896,,,,,,11.0,log2,3.0,2.0,491.0,,,,,ExtraTreesRegressor,,,,,,7,,,,,,,,True,,,,,,,,,,,,,,,,,,,,,,,,,,,,,,,,,,,,,,,,,,,,,ExtraTreesRegressor,"{'mode': 'original', 'type': 'ExtraTreesRegressor'}",7,"['z_re_T6W30', 'z_pe_T6W30', 'z_l2_T6W30', 'z_l3_T6W30', 'z_lsc_T6W30', 'z_density_T6W30', 'z_asp_T6W30']",,,,,,,,,,,,,,,pruned,True,PRUNED
58,7.717299040828452,2026-06-12 07:40:41.467666,2026-06-12 07:40:41.596754,0 days 00:00:00.129088,20.0,3.0,12.0,,,,,,,,,,,,DecisionTreeRegressor,,,,,,5,,,,,,,,False,,,,,,,,,,,,,,,,,,,,,,,,,,,,,,,,,,,,,,,,,,,,,DecisionTreeRegressor,"{'mode': 'original', 'type': 'DecisionTreeRegressor'}",5,"['z_pe_T6W30', 'z_l1_T6W30', 'z_l2_T6W30', 'z_lsc_T6W30', 'z_density_T6W30']",,,,,,,,,,,,,,,pruned,False,PRUNED
59,6.43236284412755,2026-06-12 07:40:41.605937,2026-06-12 07:40:43.734267,0 days 00:00:02.128330,,,,,,,,,,,,,,3.9547495154467516,QuantileRegressor,,,,,,3,,,,,,,,False,-0.004618760704527799,-0.0023266854860824436,98.0,-0.0034727230953051215,0.001146037609222678,0.005746090826723593,1.9844674545084815,6.387146941252938,6.477578747002163,98.0,6.43236284412755,0.04521590287461224,0.22670694455311866,1.9844674545084815,159975467009718.8,352020212552703.8,98.0,255997839781211.3,96022372771492.52,481444300695108.6,1.9844674545084815,17.65307108337025,18.14490871460955,98.0,17.8989898989899,0.24591881561964796,1.2330065254221743,1.9844674545084815,5.956835168213341,6.06336685198868,98.0,6.01010101010101,0.05326584188766987,0.26706834312012434,1.9844674545084815,99.0,1.0,-0.03940786471611372,-0.03383770038410198,98.0,-0.03662278255010785,0.0027850821660058717,0.013964057511701019,1.9844674545084815,QuantileRegressor,"{'mode': 'original', 'type': 'QuantileRegressor'}",3,"['z_density_T6W30', 'z_diameter_T6W30', 'z_asp_T6W30']",,,,,,,,7.641821067877172,7.76254996760978,98.0,7.702185517743476,0.06036444986630419,0.3026598855444638,1.9844674545084815,completed,False,COMPLETE
