number,value,datetime_start,datetime_complete,duration,params_dt_max_depth,params_dt_min_samples_leaf,params_dt_min_samples_split,params_elastic_alpha,params_elastic_l1_ratio,params_et_max_depth,params_et_max_features,params_et_min_samples_leaf,params_et_min_samples_split,params_et_n_estimators,params_knn_metric,params_knn_n_neighbors,params_knn_weights,params_quantile_alpha,params_regressor,params_rf_max_depth,params_rf_max_features,params_rf_min_samples_leaf,params_rf_min_samples_split,params_rf_n_estimators,params_rfe_n_features,params_rfe_proxy_et_max_depth,params_rfe_proxy_et_min_samples_leaf,params_rfe_proxy_et_min_samples_split,params_rfe_proxy_et_n_estimators,params_rfe_proxy_lsvr_C,params_rfe_proxy_lsvr_epsilon,params_rfe_proxy_type,params_use_scaler,user_attrs_d2mae_ci_lower_val,user_attrs_d2mae_ci_upper_val,user_attrs_d2mae_df_val,user_attrs_d2mae_mean_val,user_attrs_d2mae_samperror_val,user_attrs_d2mae_std_val,user_attrs_d2mae_t_critical_val,user_attrs_mae_ci_lower_val,user_attrs_mae_ci_upper_val,user_attrs_mae_df_val,user_attrs_mae_mean_val,user_attrs_mae_samperror_val,user_attrs_mae_std_val,user_attrs_mae_t_critical_val,user_attrs_mape_ci_lower_val,user_attrs_mape_ci_upper_val,user_attrs_mape_df_val,user_attrs_mape_mean_val,user_attrs_mape_samperror_val,user_attrs_mape_std_val,user_attrs_mape_t_critical_val,user_attrs_max_error_ci_lower_val,user_attrs_max_error_ci_upper_val,user_attrs_max_error_df_val,user_attrs_max_error_mean_val,user_attrs_max_error_samperror_val,user_attrs_max_error_std_val,user_attrs_max_error_t_critical_val,user_attrs_median_ae_ci_lower_val,user_attrs_median_ae_ci_upper_val,user_attrs_median_ae_df_val,user_attrs_median_ae_mean_val,user_attrs_median_ae_samperror_val,user_attrs_median_ae_std_val,user_attrs_median_ae_t_critical_val,user_attrs_n_splits_val,user_attrs_r2_below_zero_val,user_attrs_r2_ci_lower_val,user_attrs_r2_ci_upper_val,user_attrs_r2_df_val,user_attrs_r2_mean_val,user_attrs_r2_samperror_val,user_attrs_r2_std_val,user_attrs_r2_t_critical_val,user_attrs_regressor_final,user_attrs_rfe_estimator,user_attrs_rfe_n_features,user_attrs_rfe_selected_features,user_attrs_rho_ci_lower_val,user_attrs_rho_ci_upper_val,user_attrs_rho_df_val,user_attrs_rho_mean_val,user_attrs_rho_samperror_val,user_attrs_rho_std_val,user_attrs_rho_t_critical_val,user_attrs_rmse_ci_lower_val,user_attrs_rmse_ci_upper_val,user_attrs_rmse_df_val,user_attrs_rmse_mean_val,user_attrs_rmse_samperror_val,user_attrs_rmse_std_val,user_attrs_rmse_t_critical_val,user_attrs_termination_reason,user_attrs_use_scaler_final,state
195,6.435210688151417,2026-06-12 07:45:57.069105,2026-06-12 07:45:59.292030,0 days 00:00:02.222925,,,,,,,,,,,,,,0.00024812435418080205,QuantileRegressor,,,,,,3,,,,,,,,False,-0.012762654363738286,0.004618699469645519,98.0,-0.0040719774470463835,0.008690676916691903,0.043573979167134694,1.9844674545084815,6.36741123384979,6.503010142453045,98.0,6.435210688151417,0.06779945430162722,0.33993807819595634,1.9844674545084815,130264057881443.11,287052537493868.56,98.0,208658297687655.84,78394239806212.73,393059022316014.56,1.9844674545084815,18.21110201192613,19.135984710433064,98.0,18.673543361179597,0.46244134925346736,2.3186237288018385,1.9844674545084815,5.583296098962353,5.799988058597957,98.0,5.691642078780155,0.10834597981780196,0.5432333421987072,1.9844674545084815,99.0,0.8181818181818182,-0.10206588998106578,-0.06349739225518711,98.0,-0.08278164111812644,0.019284248862939342,0.09668883865578284,1.9844674545084815,QuantileRegressor,"{'mode': 'original', 'type': 'QuantileRegressor'}",3,"['z_lsc_T6W30', 'z_diameter_T6W30', 'z_asp_T6W30']",0.057183944186850355,0.10803636968797051,98.0,0.08261015693741043,0.025426212750560073,0.12748388592884985,1.9844674545084815,7.777773490347646,7.946522441702824,98.0,7.862147966025235,0.0843744756775889,0.42304318531871504,1.9844674545084815,completed,False,COMPLETE
196,6.429382295590655,2026-06-12 07:45:59.304786,2026-06-12 07:46:01.533823,0 days 00:00:02.229037,,,,,,,,,,,,,,0.00010020441996427447,QuantileRegressor,,,,,,3,,,,,,,,False,-0.01201548470135676,0.005705903658190913,98.0,-0.0031547905215829238,0.008860694179773837,0.04442642469590087,1.9844674545084815,6.360551553824754,6.498213037356557,98.0,6.429382295590655,0.06883074176590159,0.3451088259886063,1.9844674545084815,128580216828215.02,283315074585416.4,98.0,205947645706815.7,77367428878600.67,387910719324515.75,1.9844674545084815,18.246279423063477,19.17665285577786,98.0,18.71146613942067,0.4651867163571929,2.332388659903363,1.9844674545084815,5.534812331709292,5.7604790287286605,98.0,5.647645680218976,0.11283334850968416,0.5657324538064319,1.9844674545084815,99.0,0.8181818181818182,-0.1048366946584057,-0.06582065683487498,98.0,-0.08532867574664034,0.01950801891176536,0.09781079400393829,1.9844674545084815,QuantileRegressor,"{'mode': 'original', 'type': 'QuantileRegressor'}",3,"['z_lsc_T6W30', 'z_diameter_T6W30', 'z_asp_T6W30']",0.05991181528538445,0.11089672633827485,98.0,0.08540427081182965,0.025492455526445197,0.12781601901400086,1.9844674545084815,7.786309251821846,7.956031457512601,98.0,7.871170354667224,0.08486110284537751,0.42548307375026584,1.9844674545084815,completed,False,COMPLETE
197,6.432955318867534,2026-06-12 07:46:01.550513,2026-06-12 07:46:03.833060,0 days 00:00:02.282547,,,,,,,,,,,,,,0.0001436477821827937,QuantileRegressor,,,,,,3,,,,,,,,False,-0.012585441149710176,0.005163768508190147,98.0,-0.003710836320760014,0.008874604828950161,0.04449617097035347,1.9844674545084815,6.3640284565145295,6.501882181220538,98.0,6.432955318867534,0.06892686235300405,0.3455907627238094,1.9844674545084815,129572807745749.16,285550891120872.6,98.0,207561849433310.88,77989041687561.72,391027409065411.44,1.9844674545084815,18.217174547344804,19.143876436777596,98.0,18.6805254920612,0.4633509447163953,2.3231843279510276,1.9844674545084815,5.550269012038743,5.7770117317885505,98.0,5.6636403719136466,0.11337135987490427,0.568429976248528,1.9844674545084815,99.0,0.8282828282828283,-0.10413456606604182,-0.06508141498832545,98.0,-0.08460799052718364,0.019526575538858188,0.09790383463703355,1.9844674545084815,QuantileRegressor,"{'mode': 'original', 'type': 'QuantileRegressor'}",3,"['z_lsc_T6W30', 'z_diameter_T6W30', 'z_asp_T6W30']",0.058983616053203826,0.11022908139101095,98.0,0.08460634872210739,0.02562273266890356,0.12846921249315685,1.9844674545084815,7.783860067542227,7.953099220696654,98.0,7.86847964411944,0.08461957657721347,0.4242720909145006,1.9844674545084815,completed,False,COMPLETE
198,7.269023553726329,2026-06-12 07:46:03.845886,2026-06-12 07:46:04.012375,0 days 00:00:00.166489,6.0,4.0,7.0,,,,,,,,,,,,DecisionTreeRegressor,,,,,,3,,,,,,,,False,,,,,,,,,,,,,,,,,,,,,,,,,,,,,,,,,,,,,,,,,,,,,DecisionTreeRegressor,"{'mode': 'original', 'type': 'DecisionTreeRegressor'}",3,"['z_pe_T6W30', 'z_l1_T6W30', 'z_lsc_T6W30']",,,,,,,,,,,,,,,pruned,False,PRUNED
199,6.4294189478351464,2026-06-12 07:46:04.022511,2026-06-12 07:46:06.341448,0 days 00:00:02.318937,,,,,,,,,,,,,,0.00010198971589382457,QuantileRegressor,,,,,,3,,,,,,,,False,-0.012021277944248666,0.005699940520774212,98.0,-0.0031606687117372275,0.008860609232511439,0.044425998780833774,1.9844674545084815,6.360592363585472,6.4982455320848205,98.0,6.4294189478351464,0.06882658424967428,0.34508798071645863,1.9844674545084815,128580216828215.02,283315074585416.4,98.0,205947645706815.7,77367428878600.67,387910719324515.75,1.9844674545084815,18.24445955388046,19.17431556848814,98.0,18.7093875611843,0.46492800730384115,2.3310915247078934,1.9844674545084815,5.535387128915798,5.761006296055405,98.0,5.648196712485602,0.11280958356980335,0.5656132993372,1.9844674545084815,99.0,0.8181818181818182,-0.10473969555600804,-0.0657223659496913,98.0,-0.08523103075284967,0.01950866480315837,0.09781403242349677,1.9844674545084815,QuantileRegressor,"{'mode': 'original', 'type': 'QuantileRegressor'}",3,"['z_lsc_T6W30', 'z_diameter_T6W30', 'z_asp_T6W30']",0.06004930263438896,0.11101273675527473,98.0,0.08553101969483184,0.025481717060442888,0.12776217767363612,1.9844674545084815,7.785947360021068,7.955688075232376,98.0,7.870817717626722,0.08487035760565426,0.42552947597363255,1.9844674545084815,completed,False,COMPLETE
200,6.432523062444299,2026-06-12 07:46:06.353966,2026-06-12 07:46:08.705926,0 days 00:00:02.351960,,,,,,,,,,,,,,0.00010966719176284702,QuantileRegressor,,,,,,3,,,,,,,,False,-0.012579095097340301,0.0052913559681362935,98.0,-0.003643869564602004,0.008935225532738298,0.044800115681367624,1.9844674545084815,6.36327182593731,6.501774298951289,98.0,6.432523062444299,0.06925123650698986,0.3472171346121703,1.9844674545084815,129236417093978.36,284844188429067.4,98.0,207040302761522.88,77803885667544.52,390099059681786.0,1.9844674545084815,18.239418293745747,19.163332317631127,98.0,18.701375305688437,0.4619570119426909,2.316195321430129,1.9844674545084815,5.54979061711023,5.778155743383825,98.0,5.6639731802470275,0.11418256313679753,0.5724972490712189,1.9844674545084815,99.0,0.8181818181818182,-0.10475268452993926,-0.0657996687324638,98.0,-0.08527617663120153,0.01947650789873773,0.09765280168200949,1.9844674545084815,QuantileRegressor,"{'mode': 'original', 'type': 'QuantileRegressor'}",3,"['z_lsc_T6W30', 'z_diameter_T6W30', 'z_asp_T6W30']",0.05912040544957232,0.11012509956852484,98.0,0.08462275250904858,0.02550234705947626,0.1278656139371994,1.9844674545084815,7.786209533263569,7.955814322604453,98.0,7.871011927934011,0.08480239467044168,0.4251887182223689,1.9844674545084815,completed,False,COMPLETE
201,6.4294189478351464,2026-06-12 07:46:08.720129,2026-06-12 07:46:11.028417,0 days 00:00:02.308288,,,,,,,,,,,,,,0.00010379786634934712,QuantileRegressor,,,,,,3,,,,,,,,False,-0.012021277944248666,0.005699940520774212,98.0,-0.0031606687117372275,0.008860609232511439,0.044425998780833774,1.9844674545084815,6.360592363585472,6.4982455320848205,98.0,6.4294189478351464,0.06882658424967428,0.34508798071645863,1.9844674545084815,128580216828215.02,283315074585416.4,98.0,205947645706815.7,77367428878600.67,387910719324515.75,1.9844674545084815,18.24445955388046,19.17431556848814,98.0,18.7093875611843,0.46492800730384115,2.3310915247078934,1.9844674545084815,5.535387128915798,5.761006296055405,98.0,5.648196712485602,0.11280958356980335,0.5656132993372,1.9844674545084815,99.0,0.8181818181818182,-0.10473969555600804,-0.0657223659496913,98.0,-0.08523103075284967,0.01950866480315837,0.09781403242349677,1.9844674545084815,QuantileRegressor,"{'mode': 'original', 'type': 'QuantileRegressor'}",3,"['z_lsc_T6W30', 'z_diameter_T6W30', 'z_asp_T6W30']",0.06004930263438896,0.11101273675527473,98.0,0.08553101969483184,0.025481717060442888,0.12776217767363612,1.9844674545084815,7.785947360021068,7.955688075232376,98.0,7.870817717626722,0.08487035760565426,0.42552947597363255,1.9844674545084815,completed,False,COMPLETE
202,6.429382295590655,2026-06-12 07:46:11.041021,2026-06-12 07:46:13.332013,0 days 00:00:02.290992,,,,,,,,,,,,,,0.00010103229432805174,QuantileRegressor,,,,,,3,,,,,,,,False,-0.01201548470135676,0.005705903658190913,98.0,-0.0031547905215829238,0.008860694179773837,0.04442642469590087,1.9844674545084815,6.360551553824754,6.498213037356557,98.0,6.429382295590655,0.06883074176590159,0.3451088259886063,1.9844674545084815,128580216828215.02,283315074585416.4,98.0,205947645706815.7,77367428878600.67,387910719324515.75,1.9844674545084815,18.246279423063477,19.17665285577786,98.0,18.71146613942067,0.4651867163571929,2.332388659903363,1.9844674545084815,5.534812331709292,5.7604790287286605,98.0,5.647645680218976,0.11283334850968416,0.5657324538064319,1.9844674545084815,99.0,0.8181818181818182,-0.1048366946584057,-0.06582065683487498,98.0,-0.08532867574664034,0.01950801891176536,0.09781079400393829,1.9844674545084815,QuantileRegressor,"{'mode': 'original', 'type': 'QuantileRegressor'}",3,"['z_lsc_T6W30', 'z_diameter_T6W30', 'z_asp_T6W30']",0.05991181528538445,0.11089672633827485,98.0,0.08540427081182965,0.025492455526445197,0.12781601901400086,1.9844674545084815,7.786309251821846,7.956031457512601,98.0,7.871170354667224,0.08486110284537751,0.42548307375026584,1.9844674545084815,completed,False,COMPLETE
203,6.429382295590655,2026-06-12 07:46:13.344670,2026-06-12 07:46:15.717953,0 days 00:00:02.373283,,,,,,,,,,,,,,0.00010024405651643372,QuantileRegressor,,,,,,3,,,,,,,,False,-0.01201548470135676,0.005705903658190913,98.0,-0.0031547905215829238,0.008860694179773837,0.04442642469590087,1.9844674545084815,6.360551553824754,6.498213037356557,98.0,6.429382295590655,0.06883074176590159,0.3451088259886063,1.9844674545084815,128580216828215.02,283315074585416.4,98.0,205947645706815.7,77367428878600.67,387910719324515.75,1.9844674545084815,18.246279423063477,19.17665285577786,98.0,18.71146613942067,0.4651867163571929,2.332388659903363,1.9844674545084815,5.534812331709292,5.7604790287286605,98.0,5.647645680218976,0.11283334850968416,0.5657324538064319,1.9844674545084815,99.0,0.8181818181818182,-0.1048366946584057,-0.06582065683487498,98.0,-0.08532867574664034,0.01950801891176536,0.09781079400393829,1.9844674545084815,QuantileRegressor,"{'mode': 'original', 'type': 'QuantileRegressor'}",3,"['z_lsc_T6W30', 'z_diameter_T6W30', 'z_asp_T6W30']",0.05991181528538445,0.11089672633827485,98.0,0.08540427081182965,0.025492455526445197,0.12781601901400086,1.9844674545084815,7.786309251821846,7.956031457512601,98.0,7.871170354667224,0.08486110284537751,0.42548307375026584,1.9844674545084815,completed,False,COMPLETE
204,6.43378631482951,2026-06-12 07:46:15.731147,2026-06-12 07:46:18.024658,0 days 00:00:02.293511,,,,,,,,,,,,,,0.00016129645200067854,QuantileRegressor,,,,,,3,,,,,,,,False,-0.01267894122411568,0.0049913008655116066,98.0,-0.003843820179302037,0.008835121044813644,0.04429820416018477,1.9844674545084815,6.365134543434764,6.502438086224255,98.0,6.43378631482951,0.06865177139474515,0.34421149068330614,1.9844674545084815,129603984867994.9,285619840875546.75,98.0,207611912871770.84,78007928003775.94,391122102718984.2,1.9844674545084815,18.230550443860952,19.15466372617428,98.0,18.692607085017617,0.4620566411566657,2.316694849986511,1.9844674545084815,5.557162316543057,5.779845760440411,98.0,5.668504038491734,0.11134172194867722,0.558253622719106,1.9844674545084815,99.0,0.8383838383838383,-0.10433696415035332,-0.06537335870673947,98.0,-0.08485516142854639,0.019481802721806923,0.09767934926999629,1.9844674545084815,QuantileRegressor,"{'mode': 'original', 'type': 'QuantileRegressor'}",3,"['z_lsc_T6W30', 'z_diameter_T6W30', 'z_asp_T6W30']",0.058623215782211344,0.1097697635550305,98.0,0.08419648966862092,0.02557327388640958,0.12822123227496635,1.9844674545084815,7.784985447803407,7.953806142636981,98.0,7.869395795220194,0.08441034741678712,0.4232230417823134,1.9844674545084815,completed,False,COMPLETE
205,6.429382295590655,2026-06-12 07:46:18.037803,2026-06-12 07:46:20.372589,0 days 00:00:02.334786,,,,,,,,,,,,,,0.00010004607600389336,QuantileRegressor,,,,,,3,,,,,,,,False,-0.01201548470135676,0.005705903658190913,98.0,-0.0031547905215829238,0.008860694179773837,0.04442642469590087,1.9844674545084815,6.360551553824754,6.498213037356557,98.0,6.429382295590655,0.06883074176590159,0.3451088259886063,1.9844674545084815,128580216828215.02,283315074585416.4,98.0,205947645706815.7,77367428878600.67,387910719324515.75,1.9844674545084815,18.246279423063477,19.17665285577786,98.0,18.71146613942067,0.4651867163571929,2.332388659903363,1.9844674545084815,5.534812331709292,5.7604790287286605,98.0,5.647645680218976,0.11283334850968416,0.5657324538064319,1.9844674545084815,99.0,0.8181818181818182,-0.1048366946584057,-0.06582065683487498,98.0,-0.08532867574664034,0.01950801891176536,0.09781079400393829,1.9844674545084815,QuantileRegressor,"{'mode': 'original', 'type': 'QuantileRegressor'}",3,"['z_lsc_T6W30', 'z_diameter_T6W30', 'z_asp_T6W30']",0.05991181528538445,0.11089672633827485,98.0,0.08540427081182965,0.025492455526445197,0.12781601901400086,1.9844674545084815,7.786309251821846,7.956031457512601,98.0,7.871170354667224,0.08486110284537751,0.42548307375026584,1.9844674545084815,completed,False,COMPLETE
206,6.429382295590655,2026-06-12 07:46:20.385307,2026-06-12 07:46:22.647103,0 days 00:00:02.261796,,,,,,,,,,,,,,0.00010095774174816876,QuantileRegressor,,,,,,3,,,,,,,,False,-0.01201548470135676,0.005705903658190913,98.0,-0.0031547905215829238,0.008860694179773837,0.04442642469590087,1.9844674545084815,6.360551553824754,6.498213037356557,98.0,6.429382295590655,0.06883074176590159,0.3451088259886063,1.9844674545084815,128580216828215.02,283315074585416.4,98.0,205947645706815.7,77367428878600.67,387910719324515.75,1.9844674545084815,18.246279423063477,19.17665285577786,98.0,18.71146613942067,0.4651867163571929,2.332388659903363,1.9844674545084815,5.534812331709292,5.7604790287286605,98.0,5.647645680218976,0.11283334850968416,0.5657324538064319,1.9844674545084815,99.0,0.8181818181818182,-0.1048366946584057,-0.06582065683487498,98.0,-0.08532867574664034,0.01950801891176536,0.09781079400393829,1.9844674545084815,QuantileRegressor,"{'mode': 'original', 'type': 'QuantileRegressor'}",3,"['z_lsc_T6W30', 'z_diameter_T6W30', 'z_asp_T6W30']",0.05991181528538445,0.11089672633827485,98.0,0.08540427081182965,0.025492455526445197,0.12781601901400086,1.9844674545084815,7.786309251821846,7.956031457512601,98.0,7.871170354667224,0.08486110284537751,0.42548307375026584,1.9844674545084815,completed,False,COMPLETE
207,6.429288672069011,2026-06-12 07:46:22.660448,2026-06-12 07:46:24.989678,0 days 00:00:02.329230,,,,,,,,,,,,,,0.0001040318370666486,QuantileRegressor,,,,,,3,,,,,,,,False,-0.012003089536529295,0.005719502477105508,98.0,-0.0031417935297118936,0.008861296006817402,0.04442944218226125,1.9844674545084815,6.360495485863287,6.498081858274735,98.0,6.429288672069011,0.06879318620572378,0.34492052705487714,1.9844674545084815,128580392888690.78,283315455442157.1,98.0,205947924165423.97,77367531276733.19,387911232736087.25,1.9844674545084815,18.245373845770107,19.17572912156866,98.0,18.710551483669384,0.46517763789927685,2.332343141638227,1.9844674545084815,5.535126635966389,5.7606413002779,98.0,5.647883968122144,0.11275733215575552,0.5653513172098008,1.9844674545084815,99.0,0.8181818181818182,-0.10476775109600395,-0.06574954822982729,98.0,-0.08525864966291562,0.019509101433088327,0.09781622163196164,1.9844674545084815,QuantileRegressor,"{'mode': 'original', 'type': 'QuantileRegressor'}",3,"['z_lsc_T6W30', 'z_diameter_T6W30', 'z_asp_T6W30']",0.05998489775828029,0.1109435351495704,98.0,0.08546421645392534,0.02547931869564505,0.12775015256917788,1.9844674545084815,7.786021748462839,7.955829103791401,98.0,7.87092542612712,0.08490367766428096,0.4256965386264461,1.9844674545084815,completed,False,COMPLETE
208,6.429382295590655,2026-06-12 07:46:25.085989,2026-06-12 07:46:27.374950,0 days 00:00:02.288961,,,,,,,,,,,,,,0.00010013823216164612,QuantileRegressor,,,,,,3,,,,,,,,False,-0.01201548470135676,0.005705903658190913,98.0,-0.0031547905215829238,0.008860694179773837,0.04442642469590087,1.9844674545084815,6.360551553824754,6.498213037356557,98.0,6.429382295590655,0.06883074176590159,0.3451088259886063,1.9844674545084815,128580216828215.02,283315074585416.4,98.0,205947645706815.7,77367428878600.67,387910719324515.75,1.9844674545084815,18.246279423063477,19.17665285577786,98.0,18.71146613942067,0.4651867163571929,2.332388659903363,1.9844674545084815,5.534812331709292,5.7604790287286605,98.0,5.647645680218976,0.11283334850968416,0.5657324538064319,1.9844674545084815,99.0,0.8181818181818182,-0.1048366946584057,-0.06582065683487498,98.0,-0.08532867574664034,0.01950801891176536,0.09781079400393829,1.9844674545084815,QuantileRegressor,"{'mode': 'original', 'type': 'QuantileRegressor'}",3,"['z_lsc_T6W30', 'z_diameter_T6W30', 'z_asp_T6W30']",0.05991181528538445,0.11089672633827485,98.0,0.08540427081182965,0.025492455526445197,0.12781601901400086,1.9844674545084815,7.786309251821846,7.956031457512601,98.0,7.871170354667224,0.08486110284537751,0.42548307375026584,1.9844674545084815,completed,False,COMPLETE
209,6.4294189478351464,2026-06-12 07:46:27.387999,2026-06-12 07:46:29.687772,0 days 00:00:02.299773,,,,,,,,,,,,,,0.00010229833702948058,QuantileRegressor,,,,,,3,,,,,,,,False,-0.012021277944248666,0.005699940520774212,98.0,-0.0031606687117372275,0.008860609232511439,0.044425998780833774,1.9844674545084815,6.360592363585472,6.4982455320848205,98.0,6.4294189478351464,0.06882658424967428,0.34508798071645863,1.9844674545084815,128580216828215.02,283315074585416.4,98.0,205947645706815.7,77367428878600.67,387910719324515.75,1.9844674545084815,18.24445955388046,19.17431556848814,98.0,18.7093875611843,0.46492800730384115,2.3310915247078934,1.9844674545084815,5.535387128915798,5.761006296055405,98.0,5.648196712485602,0.11280958356980335,0.5656132993372,1.9844674545084815,99.0,0.8181818181818182,-0.10473969555600804,-0.0657223659496913,98.0,-0.08523103075284967,0.01950866480315837,0.09781403242349677,1.9844674545084815,QuantileRegressor,"{'mode': 'original', 'type': 'QuantileRegressor'}",3,"['z_lsc_T6W30', 'z_diameter_T6W30', 'z_asp_T6W30']",0.06004930263438896,0.11101273675527473,98.0,0.08553101969483184,0.025481717060442888,0.12776217767363612,1.9844674545084815,7.785947360021068,7.955688075232376,98.0,7.870817717626722,0.08487035760565426,0.42552947597363255,1.9844674545084815,completed,False,COMPLETE
