number,value,datetime_start,datetime_complete,duration,params_dt_max_depth,params_dt_min_samples_leaf,params_dt_min_samples_split,params_elastic_alpha,params_elastic_l1_ratio,params_et_max_depth,params_et_max_features,params_et_min_samples_leaf,params_et_min_samples_split,params_et_n_estimators,params_knn_metric,params_knn_n_neighbors,params_knn_weights,params_quantile_alpha,params_regressor,params_rf_max_depth,params_rf_max_features,params_rf_min_samples_leaf,params_rf_min_samples_split,params_rf_n_estimators,params_rfe_n_features,params_rfe_proxy_et_max_depth,params_rfe_proxy_et_min_samples_leaf,params_rfe_proxy_et_min_samples_split,params_rfe_proxy_et_n_estimators,params_rfe_proxy_lsvr_C,params_rfe_proxy_lsvr_epsilon,params_rfe_proxy_type,params_use_scaler,user_attrs_d2mae_ci_lower_val,user_attrs_d2mae_ci_upper_val,user_attrs_d2mae_df_val,user_attrs_d2mae_mean_val,user_attrs_d2mae_samperror_val,user_attrs_d2mae_std_val,user_attrs_d2mae_t_critical_val,user_attrs_mae_ci_lower_val,user_attrs_mae_ci_upper_val,user_attrs_mae_df_val,user_attrs_mae_mean_val,user_attrs_mae_samperror_val,user_attrs_mae_std_val,user_attrs_mae_t_critical_val,user_attrs_mape_ci_lower_val,user_attrs_mape_ci_upper_val,user_attrs_mape_df_val,user_attrs_mape_mean_val,user_attrs_mape_samperror_val,user_attrs_mape_std_val,user_attrs_mape_t_critical_val,user_attrs_max_error_ci_lower_val,user_attrs_max_error_ci_upper_val,user_attrs_max_error_df_val,user_attrs_max_error_mean_val,user_attrs_max_error_samperror_val,user_attrs_max_error_std_val,user_attrs_max_error_t_critical_val,user_attrs_median_ae_ci_lower_val,user_attrs_median_ae_ci_upper_val,user_attrs_median_ae_df_val,user_attrs_median_ae_mean_val,user_attrs_median_ae_samperror_val,user_attrs_median_ae_std_val,user_attrs_median_ae_t_critical_val,user_attrs_n_splits_val,user_attrs_r2_below_zero_val,user_attrs_r2_ci_lower_val,user_attrs_r2_ci_upper_val,user_attrs_r2_df_val,user_attrs_r2_mean_val,user_attrs_r2_samperror_val,user_attrs_r2_std_val,user_attrs_r2_t_critical_val,user_attrs_regressor_final,user_attrs_rfe_estimator,user_attrs_rfe_n_features,user_attrs_rfe_selected_features,user_attrs_rho_ci_lower_val,user_attrs_rho_ci_upper_val,user_attrs_rho_df_val,user_attrs_rho_mean_val,user_attrs_rho_samperror_val,user_attrs_rho_std_val,user_attrs_rho_t_critical_val,user_attrs_rmse_ci_lower_val,user_attrs_rmse_ci_upper_val,user_attrs_rmse_df_val,user_attrs_rmse_mean_val,user_attrs_rmse_samperror_val,user_attrs_rmse_std_val,user_attrs_rmse_t_critical_val,user_attrs_termination_reason,user_attrs_use_scaler_final,state
147,6.43236284412755,2026-06-12 07:44:14.888572,2026-06-12 07:44:17.171513,0 days 00:00:02.282941,,,,,,,,,,,,,,1.9441904108920303,QuantileRegressor,,,,,,6,,,,,,,,True,-0.004618760704527799,-0.0023266854860824436,98.0,-0.0034727230953051215,0.001146037609222678,0.005746090826723593,1.9844674545084815,6.387146941252938,6.477578747002163,98.0,6.43236284412755,0.04521590287461224,0.22670694455311866,1.9844674545084815,159975467009718.8,352020212552703.8,98.0,255997839781211.3,96022372771492.52,481444300695108.6,1.9844674545084815,17.65307108337025,18.14490871460955,98.0,17.8989898989899,0.24591881561964796,1.2330065254221743,1.9844674545084815,5.956835168213341,6.06336685198868,98.0,6.01010101010101,0.05326584188766987,0.26706834312012434,1.9844674545084815,99.0,1.0,-0.03940786471611372,-0.03383770038410198,98.0,-0.03662278255010785,0.0027850821660058717,0.013964057511701019,1.9844674545084815,QuantileRegressor,"{'mode': 'original', 'type': 'QuantileRegressor'}",6,"['z_l2_T6W30', 'z_l3_T6W30', 'z_lsc_T6W30', 'z_density_T6W30', 'z_diameter_T6W30', 'z_asp_T6W30']",,,,,,,,7.641821067877172,7.76254996760978,98.0,7.702185517743476,0.06036444986630419,0.3026598855444638,1.9844674545084815,completed,True,COMPLETE
148,7.921339357809946,2026-06-12 07:44:17.184684,2026-06-12 07:44:17.315451,0 days 00:00:00.130767,16.0,2.0,15.0,,,,,,,,,,,,DecisionTreeRegressor,,,,,,6,,,,,,,,False,,,,,,,,,,,,,,,,,,,,,,,,,,,,,,,,,,,,,,,,,,,,,DecisionTreeRegressor,"{'mode': 'original', 'type': 'DecisionTreeRegressor'}",6,"['z_re_T6W30', 'z_pe_T6W30', 'z_l1_T6W30', 'z_l2_T6W30', 'z_l3_T6W30', 'z_lsc_T6W30']",,,,,,,,,,,,,,,pruned,False,PRUNED
149,6.398108252738556,2026-06-12 07:44:17.325163,2026-06-12 07:44:17.793097,0 days 00:00:00.467934,,,,,,7.0,log2,3.0,10.0,53.0,,,,,ExtraTreesRegressor,,,,,,5,,,,,,,,False,,,,,,,,,,,,,,,,,,,,,,,,,,,,,,,,,,,,,,,,,,,,,ExtraTreesRegressor,"{'mode': 'original', 'type': 'ExtraTreesRegressor'}",5,"['z_re_T6W30', 'z_pe_T6W30', 'z_l2_T6W30', 'z_lsc_T6W30', 'z_density_T6W30']",,,,,,,,,,,,,,,pruned,False,PRUNED
150,6.43236284412755,2026-06-12 07:44:17.803408,2026-06-12 07:44:19.950268,0 days 00:00:02.146860,,,,,,,,,,,,,,6.079613495383697,QuantileRegressor,,,,,,6,,,,,,,,False,-0.004618760704527799,-0.0023266854860824436,98.0,-0.0034727230953051215,0.001146037609222678,0.005746090826723593,1.9844674545084815,6.387146941252938,6.477578747002163,98.0,6.43236284412755,0.04521590287461224,0.22670694455311866,1.9844674545084815,159975467009718.8,352020212552703.8,98.0,255997839781211.3,96022372771492.52,481444300695108.6,1.9844674545084815,17.65307108337025,18.14490871460955,98.0,17.8989898989899,0.24591881561964796,1.2330065254221743,1.9844674545084815,5.956835168213341,6.06336685198868,98.0,6.01010101010101,0.05326584188766987,0.26706834312012434,1.9844674545084815,99.0,1.0,-0.03940786471611372,-0.03383770038410198,98.0,-0.03662278255010785,0.0027850821660058717,0.013964057511701019,1.9844674545084815,QuantileRegressor,"{'mode': 'original', 'type': 'QuantileRegressor'}",6,"['z_l2_T6W30', 'z_l3_T6W30', 'z_lsc_T6W30', 'z_density_T6W30', 'z_diameter_T6W30', 'z_asp_T6W30']",,,,,,,,7.641821067877172,7.76254996760978,98.0,7.702185517743476,0.06036444986630419,0.3026598855444638,1.9844674545084815,completed,False,COMPLETE
151,6.43236284412755,2026-06-12 07:44:19.965040,2026-06-12 07:44:22.240541,0 days 00:00:02.275501,,,,,,,,,,,,,,4.322280862225862,QuantileRegressor,,,,,,3,,,,,,,,False,-0.004618760704527799,-0.0023266854860824436,98.0,-0.0034727230953051215,0.001146037609222678,0.005746090826723593,1.9844674545084815,6.387146941252938,6.477578747002163,98.0,6.43236284412755,0.04521590287461224,0.22670694455311866,1.9844674545084815,159975467009718.8,352020212552703.8,98.0,255997839781211.3,96022372771492.52,481444300695108.6,1.9844674545084815,17.65307108337025,18.14490871460955,98.0,17.8989898989899,0.24591881561964796,1.2330065254221743,1.9844674545084815,5.956835168213341,6.06336685198868,98.0,6.01010101010101,0.05326584188766987,0.26706834312012434,1.9844674545084815,99.0,1.0,-0.03940786471611372,-0.03383770038410198,98.0,-0.03662278255010785,0.0027850821660058717,0.013964057511701019,1.9844674545084815,QuantileRegressor,"{'mode': 'original', 'type': 'QuantileRegressor'}",3,"['z_density_T6W30', 'z_diameter_T6W30', 'z_asp_T6W30']",,,,,,,,7.641821067877172,7.76254996760978,98.0,7.702185517743476,0.06036444986630419,0.3026598855444638,1.9844674545084815,completed,False,COMPLETE
152,6.43236284412755,2026-06-12 07:44:22.253244,2026-06-12 07:44:24.600339,0 days 00:00:02.347095,,,,,,,,,,,,,,2.9605833340535193,QuantileRegressor,,,,,,4,,,,,,,,False,-0.004618760704527799,-0.0023266854860824436,98.0,-0.0034727230953051215,0.001146037609222678,0.005746090826723593,1.9844674545084815,6.387146941252938,6.477578747002163,98.0,6.43236284412755,0.04521590287461224,0.22670694455311866,1.9844674545084815,159975467009718.8,352020212552703.8,98.0,255997839781211.3,96022372771492.52,481444300695108.6,1.9844674545084815,17.65307108337025,18.14490871460955,98.0,17.8989898989899,0.24591881561964796,1.2330065254221743,1.9844674545084815,5.956835168213341,6.06336685198868,98.0,6.01010101010101,0.05326584188766987,0.26706834312012434,1.9844674545084815,99.0,1.0,-0.03940786471611372,-0.03383770038410198,98.0,-0.03662278255010785,0.0027850821660058717,0.013964057511701019,1.9844674545084815,QuantileRegressor,"{'mode': 'original', 'type': 'QuantileRegressor'}",4,"['z_lsc_T6W30', 'z_density_T6W30', 'z_diameter_T6W30', 'z_asp_T6W30']",,,,,,,,7.641821067877172,7.76254996760978,98.0,7.702185517743476,0.06036444986630419,0.3026598855444638,1.9844674545084815,completed,False,COMPLETE
153,6.43236284412755,2026-06-12 07:44:24.614465,2026-06-12 07:44:26.782432,0 days 00:00:02.167967,,,,,,,,,,,,,,0.294906368923024,QuantileRegressor,,,,,,4,,,,,,,,False,-0.004618760704527799,-0.0023266854860824436,98.0,-0.0034727230953051215,0.001146037609222678,0.005746090826723593,1.9844674545084815,6.387146941252938,6.477578747002163,98.0,6.43236284412755,0.04521590287461224,0.22670694455311866,1.9844674545084815,159975467009718.8,352020212552703.8,98.0,255997839781211.3,96022372771492.52,481444300695108.6,1.9844674545084815,17.65307108337025,18.14490871460955,98.0,17.8989898989899,0.24591881561964796,1.2330065254221743,1.9844674545084815,5.956835168213341,6.06336685198868,98.0,6.01010101010101,0.05326584188766987,0.26706834312012434,1.9844674545084815,99.0,1.0,-0.03940786471611372,-0.03383770038410198,98.0,-0.03662278255010785,0.0027850821660058717,0.013964057511701019,1.9844674545084815,QuantileRegressor,"{'mode': 'original', 'type': 'QuantileRegressor'}",4,"['z_lsc_T6W30', 'z_density_T6W30', 'z_diameter_T6W30', 'z_asp_T6W30']",,,,,,,,7.641821067877172,7.76254996760978,98.0,7.702185517743476,0.06036444986630419,0.3026598855444638,1.9844674545084815,completed,False,COMPLETE
154,6.864116690949765,2026-06-12 07:44:26.796498,2026-06-12 07:44:28.753563,0 days 00:00:01.957065,,,,,,,,,,,euclidean,6.0,distance,,KNeighborsRegressor,,,,,,5,,,,,0.1120208470071885,0.008967152917200912,LinearSVR,,-0.08305100244912345,-0.05872245464312845,98.0,-0.07088672854612595,0.012164273902997496,0.060990164829909994,1.9844674545084815,6.7736159057967305,6.9546174761028,98.0,6.864116690949765,0.09050078515303461,0.45375974330532864,1.9844674545084815,150366501076078.78,333204894651427.1,98.0,241785697863752.97,91419196787674.19,458364545649065.06,1.9844674545084815,18.445206804834196,19.452627895627966,98.0,18.94891735023108,0.5037105453968838,2.5255423739471614,1.9844674545084815,6.044619278744676,6.3174415505172,98.0,6.181030414630938,0.13641113588626239,0.6839485635298181,1.9844674545084815,99.0,0.98989898989899,-0.23637377313816754,-0.18484315128805162,98.0,-0.21060846221310958,0.025765310925057974,0.1291840822349403,1.9844674545084815,KNeighborsRegressor,"{'mode': 'proxy', 'type': 'LinearSVR'}",5,"['z_re_T6W30', 'z_l1_T6W30', 'z_l2_T6W30', 'z_lsc_T6W30', 'z_density_T6W30']",-0.03438547564108423,0.014807899251434763,98.0,-0.009788788194824734,0.024596687446259497,0.12332474865166257,1.9844674545084815,8.205303751534318,8.417324197211917,98.0,8.311313974373117,0.10601022283879975,0.5315221456005401,1.9844674545084815,completed,True,COMPLETE
155,6.43236284412755,2026-06-12 07:44:28.766596,2026-06-12 07:44:30.975631,0 days 00:00:02.209035,,,,,,,,,,,,,,7.949530779913007,QuantileRegressor,,,,,,3,,,,,,,,False,-0.004618760704527799,-0.0023266854860824436,98.0,-0.0034727230953051215,0.001146037609222678,0.005746090826723593,1.9844674545084815,6.387146941252938,6.477578747002163,98.0,6.43236284412755,0.04521590287461224,0.22670694455311866,1.9844674545084815,159975467009718.8,352020212552703.8,98.0,255997839781211.3,96022372771492.52,481444300695108.6,1.9844674545084815,17.65307108337025,18.14490871460955,98.0,17.8989898989899,0.24591881561964796,1.2330065254221743,1.9844674545084815,5.956835168213341,6.06336685198868,98.0,6.01010101010101,0.05326584188766987,0.26706834312012434,1.9844674545084815,99.0,1.0,-0.03940786471611372,-0.03383770038410198,98.0,-0.03662278255010785,0.0027850821660058717,0.013964057511701019,1.9844674545084815,QuantileRegressor,"{'mode': 'original', 'type': 'QuantileRegressor'}",3,"['z_density_T6W30', 'z_diameter_T6W30', 'z_asp_T6W30']",,,,,,,,7.641821067877172,7.76254996760978,98.0,7.702185517743476,0.06036444986630419,0.3026598855444638,1.9844674545084815,completed,False,COMPLETE
156,6.43236284412755,2026-06-12 07:44:30.989425,2026-06-12 07:44:33.257697,0 days 00:00:02.268272,,,,,,,,,,,,,,9.997114747829508,QuantileRegressor,,,,,,4,,,,,,,,False,-0.004618760704527799,-0.0023266854860824436,98.0,-0.0034727230953051215,0.001146037609222678,0.005746090826723593,1.9844674545084815,6.387146941252938,6.477578747002163,98.0,6.43236284412755,0.04521590287461224,0.22670694455311866,1.9844674545084815,159975467009718.8,352020212552703.8,98.0,255997839781211.3,96022372771492.52,481444300695108.6,1.9844674545084815,17.65307108337025,18.14490871460955,98.0,17.8989898989899,0.24591881561964796,1.2330065254221743,1.9844674545084815,5.956835168213341,6.06336685198868,98.0,6.01010101010101,0.05326584188766987,0.26706834312012434,1.9844674545084815,99.0,1.0,-0.03940786471611372,-0.03383770038410198,98.0,-0.03662278255010785,0.0027850821660058717,0.013964057511701019,1.9844674545084815,QuantileRegressor,"{'mode': 'original', 'type': 'QuantileRegressor'}",4,"['z_lsc_T6W30', 'z_density_T6W30', 'z_diameter_T6W30', 'z_asp_T6W30']",,,,,,,,7.641821067877172,7.76254996760978,98.0,7.702185517743476,0.06036444986630419,0.3026598855444638,1.9844674545084815,completed,False,COMPLETE
157,6.43236284412755,2026-06-12 07:44:33.270068,2026-06-12 07:44:35.539450,0 days 00:00:02.269382,,,,,,,,,,,,,,1.532070710760232,QuantileRegressor,,,,,,8,,,,,,,,False,-0.004618760704527799,-0.0023266854860824436,98.0,-0.0034727230953051215,0.001146037609222678,0.005746090826723593,1.9844674545084815,6.387146941252938,6.477578747002163,98.0,6.43236284412755,0.04521590287461224,0.22670694455311866,1.9844674545084815,159975467009718.8,352020212552703.8,98.0,255997839781211.3,96022372771492.52,481444300695108.6,1.9844674545084815,17.65307108337025,18.14490871460955,98.0,17.8989898989899,0.24591881561964796,1.2330065254221743,1.9844674545084815,5.956835168213341,6.06336685198868,98.0,6.01010101010101,0.05326584188766987,0.26706834312012434,1.9844674545084815,99.0,1.0,-0.03940786471611372,-0.03383770038410198,98.0,-0.03662278255010785,0.0027850821660058717,0.013964057511701019,1.9844674545084815,QuantileRegressor,"{'mode': 'original', 'type': 'QuantileRegressor'}",8,"['z_pe_T6W30', 'z_l1_T6W30', 'z_l2_T6W30', 'z_l3_T6W30', 'z_lsc_T6W30', 'z_density_T6W30', 'z_diameter_T6W30', 'z_asp_T6W30']",,,,,,,,7.641821067877172,7.76254996760978,98.0,7.702185517743476,0.06036444986630419,0.3026598855444638,1.9844674545084815,completed,False,COMPLETE
158,6.43236284412755,2026-06-12 07:44:35.552751,2026-06-12 07:44:37.996345,0 days 00:00:02.443594,,,,,,,,,,,,,,0.575629959247531,QuantileRegressor,,,,,,5,,,,,,,,False,-0.004618760704527799,-0.0023266854860824436,98.0,-0.0034727230953051215,0.001146037609222678,0.005746090826723593,1.9844674545084815,6.387146941252938,6.477578747002163,98.0,6.43236284412755,0.04521590287461224,0.22670694455311866,1.9844674545084815,159975467009718.8,352020212552703.8,98.0,255997839781211.3,96022372771492.52,481444300695108.6,1.9844674545084815,17.65307108337025,18.14490871460955,98.0,17.8989898989899,0.24591881561964796,1.2330065254221743,1.9844674545084815,5.956835168213341,6.06336685198868,98.0,6.01010101010101,0.05326584188766987,0.26706834312012434,1.9844674545084815,99.0,1.0,-0.03940786471611372,-0.03383770038410198,98.0,-0.03662278255010785,0.0027850821660058717,0.013964057511701019,1.9844674545084815,QuantileRegressor,"{'mode': 'original', 'type': 'QuantileRegressor'}",5,"['z_l3_T6W30', 'z_lsc_T6W30', 'z_density_T6W30', 'z_diameter_T6W30', 'z_asp_T6W30']",,,,,,,,7.641821067877172,7.76254996760978,98.0,7.702185517743476,0.06036444986630419,0.3026598855444638,1.9844674545084815,completed,False,COMPLETE
159,6.43236284412755,2026-06-12 07:44:38.010419,2026-06-12 07:44:40.187288,0 days 00:00:02.176869,,,,,,,,,,,,,,0.035018149678067996,QuantileRegressor,,,,,,7,,,,,,,,False,-0.004618760704527799,-0.0023266854860824436,98.0,-0.0034727230953051215,0.001146037609222678,0.005746090826723593,1.9844674545084815,6.387146941252938,6.477578747002163,98.0,6.43236284412755,0.04521590287461224,0.22670694455311866,1.9844674545084815,159975467009718.8,352020212552703.8,98.0,255997839781211.3,96022372771492.52,481444300695108.6,1.9844674545084815,17.65307108337025,18.14490871460955,98.0,17.8989898989899,0.24591881561964796,1.2330065254221743,1.9844674545084815,5.956835168213341,6.06336685198868,98.0,6.01010101010101,0.05326584188766987,0.26706834312012434,1.9844674545084815,99.0,1.0,-0.03940786471611372,-0.03383770038410198,98.0,-0.03662278255010785,0.0027850821660058717,0.013964057511701019,1.9844674545084815,QuantileRegressor,"{'mode': 'original', 'type': 'QuantileRegressor'}",7,"['z_l1_T6W30', 'z_l2_T6W30', 'z_l3_T6W30', 'z_lsc_T6W30', 'z_density_T6W30', 'z_diameter_T6W30', 'z_asp_T6W30']",,,,,,,,7.641821067877172,7.76254996760978,98.0,7.702185517743476,0.06036444986630419,0.3026598855444638,1.9844674545084815,completed,False,COMPLETE
160,6.485793136043193,2026-06-12 07:44:40.200164,2026-06-12 07:44:42.188222,0 days 00:00:01.988058,,,,0.0013024366432403058,0.6843244327062211,,,,,,,,,,ElasticNet,,,,,,6,,,,,,,,False,-0.018490911510840834,-0.005303878929159896,98.0,-0.011897395220000365,0.006593516290840469,0.03305907517323845,1.9844674545084815,6.426378691984312,6.5452075801020735,98.0,6.485793136043193,0.05941444405888094,0.2978966739260673,1.9844674545084815,160251878806192.16,352753558176169.4,98.0,256502718491180.78,96250839684988.62,482589805541795.4,1.9844674545084815,16.80127825015851,17.33795595395368,98.0,17.069617102056096,0.268338851897585,1.3454178143316577,1.9844674545084815,5.9139409515082555,6.08053546542558,98.0,5.997238208466918,0.08329725695866254,0.4176421438961774,1.9844674545084815,99.0,0.6565656565656566,-0.04228948795107558,-0.017525557028965008,98.0,-0.029907522490020294,0.012381965461055288,0.06208164337716244,1.9844674545084815,ElasticNet,"{'mode': 'original', 'type': 'ElasticNet'}",6,"['z_pe_T6W30', 'z_l1_T6W30', 'z_l2_T6W30', 'z_lsc_T6W30', 'z_diameter_T6W30', 'z_asp_T6W30']",0.015585951603192715,0.06700996328938566,98.0,0.04129795744628919,0.025712005843096474,0.1289168171469433,1.9844674545084815,7.602892300319367,7.743030821255325,98.0,7.672961560787346,0.07006926046797912,0.35131860557652084,1.9844674545084815,completed,False,COMPLETE
161,6.43236284412755,2026-06-12 07:44:42.203031,2026-06-12 07:44:44.491044,0 days 00:00:02.288013,,,,,,,,,,,,,,0.16674928000237332,QuantileRegressor,,,,,,7,,,,,,,,True,-0.004618760704527799,-0.0023266854860824436,98.0,-0.0034727230953051215,0.001146037609222678,0.005746090826723593,1.9844674545084815,6.387146941252938,6.477578747002163,98.0,6.43236284412755,0.04521590287461224,0.22670694455311866,1.9844674545084815,159975467009718.8,352020212552703.8,98.0,255997839781211.3,96022372771492.52,481444300695108.6,1.9844674545084815,17.65307108337025,18.14490871460955,98.0,17.8989898989899,0.24591881561964796,1.2330065254221743,1.9844674545084815,5.956835168213341,6.06336685198868,98.0,6.01010101010101,0.05326584188766987,0.26706834312012434,1.9844674545084815,99.0,1.0,-0.03940786471611372,-0.03383770038410198,98.0,-0.03662278255010785,0.0027850821660058717,0.013964057511701019,1.9844674545084815,QuantileRegressor,"{'mode': 'original', 'type': 'QuantileRegressor'}",7,"['z_l1_T6W30', 'z_l2_T6W30', 'z_l3_T6W30', 'z_lsc_T6W30', 'z_density_T6W30', 'z_diameter_T6W30', 'z_asp_T6W30']",,,,,,,,7.641821067877172,7.76254996760978,98.0,7.702185517743476,0.06036444986630419,0.3026598855444638,1.9844674545084815,completed,True,COMPLETE
162,6.43236284412755,2026-06-12 07:44:44.504097,2026-06-12 07:44:46.718583,0 days 00:00:02.214486,,,,,,,,,,,,,,0.35334514634908315,QuantileRegressor,,,,,,7,,,,,,,,True,-0.004618760704527799,-0.0023266854860824436,98.0,-0.0034727230953051215,0.001146037609222678,0.005746090826723593,1.9844674545084815,6.387146941252938,6.477578747002163,98.0,6.43236284412755,0.04521590287461224,0.22670694455311866,1.9844674545084815,159975467009718.8,352020212552703.8,98.0,255997839781211.3,96022372771492.52,481444300695108.6,1.9844674545084815,17.65307108337025,18.14490871460955,98.0,17.8989898989899,0.24591881561964796,1.2330065254221743,1.9844674545084815,5.956835168213341,6.06336685198868,98.0,6.01010101010101,0.05326584188766987,0.26706834312012434,1.9844674545084815,99.0,1.0,-0.03940786471611372,-0.03383770038410198,98.0,-0.03662278255010785,0.0027850821660058717,0.013964057511701019,1.9844674545084815,QuantileRegressor,"{'mode': 'original', 'type': 'QuantileRegressor'}",7,"['z_l1_T6W30', 'z_l2_T6W30', 'z_l3_T6W30', 'z_lsc_T6W30', 'z_density_T6W30', 'z_diameter_T6W30', 'z_asp_T6W30']",,,,,,,,7.641821067877172,7.76254996760978,98.0,7.702185517743476,0.06036444986630419,0.3026598855444638,1.9844674545084815,completed,True,COMPLETE
163,6.43236284412755,2026-06-12 07:44:46.730846,2026-06-12 07:44:48.985259,0 days 00:00:02.254413,,,,,,,,,,,,,,4.76965181799522,QuantileRegressor,,,,,,7,,,,,,,,True,-0.004618760704527799,-0.0023266854860824436,98.0,-0.0034727230953051215,0.001146037609222678,0.005746090826723593,1.9844674545084815,6.387146941252938,6.477578747002163,98.0,6.43236284412755,0.04521590287461224,0.22670694455311866,1.9844674545084815,159975467009718.8,352020212552703.8,98.0,255997839781211.3,96022372771492.52,481444300695108.6,1.9844674545084815,17.65307108337025,18.14490871460955,98.0,17.8989898989899,0.24591881561964796,1.2330065254221743,1.9844674545084815,5.956835168213341,6.06336685198868,98.0,6.01010101010101,0.05326584188766987,0.26706834312012434,1.9844674545084815,99.0,1.0,-0.03940786471611372,-0.03383770038410198,98.0,-0.03662278255010785,0.0027850821660058717,0.013964057511701019,1.9844674545084815,QuantileRegressor,"{'mode': 'original', 'type': 'QuantileRegressor'}",7,"['z_l1_T6W30', 'z_l2_T6W30', 'z_l3_T6W30', 'z_lsc_T6W30', 'z_density_T6W30', 'z_diameter_T6W30', 'z_asp_T6W30']",,,,,,,,7.641821067877172,7.76254996760978,98.0,7.702185517743476,0.06036444986630419,0.3026598855444638,1.9844674545084815,completed,True,COMPLETE
