number,value,datetime_start,datetime_complete,duration,params_dt_max_depth,params_dt_min_samples_leaf,params_dt_min_samples_split,params_elastic_alpha,params_elastic_l1_ratio,params_et_max_depth,params_et_max_features,params_et_min_samples_leaf,params_et_min_samples_split,params_et_n_estimators,params_knn_metric,params_knn_n_neighbors,params_knn_weights,params_quantile_alpha,params_regressor,params_rf_max_depth,params_rf_max_features,params_rf_min_samples_leaf,params_rf_min_samples_split,params_rf_n_estimators,params_rfe_n_features,params_rfe_proxy_et_max_depth,params_rfe_proxy_et_min_samples_leaf,params_rfe_proxy_et_min_samples_split,params_rfe_proxy_et_n_estimators,params_rfe_proxy_lsvr_C,params_rfe_proxy_lsvr_epsilon,params_rfe_proxy_type,params_use_scaler,user_attrs_d2mae_ci_lower_val,user_attrs_d2mae_ci_upper_val,user_attrs_d2mae_df_val,user_attrs_d2mae_mean_val,user_attrs_d2mae_samperror_val,user_attrs_d2mae_std_val,user_attrs_d2mae_t_critical_val,user_attrs_mae_ci_lower_val,user_attrs_mae_ci_upper_val,user_attrs_mae_df_val,user_attrs_mae_mean_val,user_attrs_mae_samperror_val,user_attrs_mae_std_val,user_attrs_mae_t_critical_val,user_attrs_mape_ci_lower_val,user_attrs_mape_ci_upper_val,user_attrs_mape_df_val,user_attrs_mape_mean_val,user_attrs_mape_samperror_val,user_attrs_mape_std_val,user_attrs_mape_t_critical_val,user_attrs_max_error_ci_lower_val,user_attrs_max_error_ci_upper_val,user_attrs_max_error_df_val,user_attrs_max_error_mean_val,user_attrs_max_error_samperror_val,user_attrs_max_error_std_val,user_attrs_max_error_t_critical_val,user_attrs_median_ae_ci_lower_val,user_attrs_median_ae_ci_upper_val,user_attrs_median_ae_df_val,user_attrs_median_ae_mean_val,user_attrs_median_ae_samperror_val,user_attrs_median_ae_std_val,user_attrs_median_ae_t_critical_val,user_attrs_n_splits_val,user_attrs_r2_below_zero_val,user_attrs_r2_ci_lower_val,user_attrs_r2_ci_upper_val,user_attrs_r2_df_val,user_attrs_r2_mean_val,user_attrs_r2_samperror_val,user_attrs_r2_std_val,user_attrs_r2_t_critical_val,user_attrs_regressor_final,user_attrs_rfe_estimator,user_attrs_rfe_n_features,user_attrs_rfe_selected_features,user_attrs_rho_ci_lower_val,user_attrs_rho_ci_upper_val,user_attrs_rho_df_val,user_attrs_rho_mean_val,user_attrs_rho_samperror_val,user_attrs_rho_std_val,user_attrs_rho_t_critical_val,user_attrs_rmse_ci_lower_val,user_attrs_rmse_ci_upper_val,user_attrs_rmse_df_val,user_attrs_rmse_mean_val,user_attrs_rmse_samperror_val,user_attrs_rmse_std_val,user_attrs_rmse_t_critical_val,user_attrs_termination_reason,user_attrs_use_scaler_final,state
181,6.432871250147217,2026-06-12 07:45:24.836913,2026-06-12 07:45:27.144923,0 days 00:00:02.308010,,,,,,,,,,,,,,0.00011633874753051708,QuantileRegressor,,,,,,3,,,,,,,,False,-0.01263739189467162,0.0052363143184953635,98.0,-0.0037005387880881284,0.008936853106583492,0.04480827613532343,1.9844674545084815,6.363667198197803,6.502075302096632,98.0,6.432871250147217,0.06920405194941502,0.3469805570764403,1.9844674545084815,129236417093978.36,284844188429067.4,98.0,207040302761522.88,77803885667544.52,390099059681786.0,1.9844674545084815,18.235942438875536,19.159816312980215,98.0,18.697879375927876,0.4619369370523384,2.316094668412834,1.9844674545084815,5.5535624000217485,5.7820219305010045,98.0,5.6677921652613765,0.11422976523962776,0.5727339145766894,1.9844674545084815,99.0,0.8181818181818182,-0.10478854584265117,-0.0658118406814207,98.0,-0.08530019326203593,0.019488352580615233,0.09771218945195183,1.9844674545084815,QuantileRegressor,"{'mode': 'original', 'type': 'QuantileRegressor'}",3,"['z_lsc_T6W30', 'z_diameter_T6W30', 'z_asp_T6W30']",0.05895794959625135,0.10996992440303023,98.0,0.08446393699964079,0.025505987403389444,0.12788386617132969,1.9844674545084815,7.786294918743321,7.95585192109184,98.0,7.871073419917581,0.08477850117425953,0.42506891918774237,1.9844674545084815,completed,False,COMPLETE
182,6.430436458052238,2026-06-12 07:45:27.157353,2026-06-12 07:45:29.465291,0 days 00:00:02.307938,,,,,,,,,,,,,,0.00010556829012548431,QuantileRegressor,,,,,,3,,,,,,,,False,-0.012198847442691655,0.005560475839744084,98.0,-0.003319185801473786,0.00887966164121787,0.04452152520161962,1.9844674545084815,6.361502331952291,6.499370584152185,98.0,6.430436458052238,0.06893412609994663,0.34562718225257405,1.9844674545084815,128580392888690.78,283315455442157.1,98.0,205947924165423.97,77367531276733.19,387911232736087.25,1.9844674545084815,18.24666679549528,19.176751903904666,98.0,18.711709349699973,0.4650425542046934,2.331665848701207,1.9844674545084815,5.538512222046307,5.765731613910287,98.0,5.652121917978297,0.1136096959319899,0.5696249637605225,1.9844674545084815,99.0,0.8181818181818182,-0.1049495414361647,-0.06593065301812709,98.0,-0.08544009722714589,0.019509444209018803,0.09781794026808133,1.9844674545084815,QuantileRegressor,"{'mode': 'original', 'type': 'QuantileRegressor'}",3,"['z_lsc_T6W30', 'z_diameter_T6W30', 'z_asp_T6W30']",0.05988722902821489,0.1108226483721744,98.0,0.08535493870019464,0.025467709671979758,0.12769194636036454,1.9844674545084815,7.7866439251834185,7.956546168307475,98.0,7.871595046745447,0.08495112156202812,0.42593441646172403,1.9844674545084815,completed,False,COMPLETE
183,6.432560307467131,2026-06-12 07:45:29.483322,2026-06-12 07:45:31.713912,0 days 00:00:02.230590,,,,,,,,,,,,,,0.00012765220665204234,QuantileRegressor,,,,,,3,,,,,,,,False,-0.012559226836664017,0.005249774510670416,98.0,-0.003654726162996801,0.008904500673667217,0.04464606503814269,1.9844674545084815,6.363608019290599,6.501512595643664,98.0,6.432560307467131,0.068952288176533,0.3457182446582292,1.9844674545084815,129236417093978.36,284844188429067.4,98.0,207040302761522.88,77803885667544.52,390099059681786.0,1.9844674545084815,18.237558137385772,19.166021446330998,98.0,18.701789791858385,0.4642316544726134,2.327600097739458,1.9844674545084815,5.546832188706194,5.773311771451999,98.0,5.660071980079096,0.11323979137290283,0.5677703080523429,1.9844674545084815,99.0,0.8181818181818182,-0.10461997327392722,-0.06555255693610751,98.0,-0.08508626510501736,0.019533708168909862,0.09793959676192414,1.9844674545084815,QuantileRegressor,"{'mode': 'original', 'type': 'QuantileRegressor'}",3,"['z_lsc_T6W30', 'z_diameter_T6W30', 'z_asp_T6W30']",0.05903584410236566,0.11010721870061595,98.0,0.0845715314014908,0.02553568729912514,0.12803277777516203,1.9844674545084815,7.7856230961524275,7.954765309723289,98.0,7.870194202937858,0.0845711067854309,0.4240290693734152,1.9844674545084815,completed,False,COMPLETE
184,6.4294189478351464,2026-06-12 07:45:31.733725,2026-06-12 07:45:33.955083,0 days 00:00:02.221358,,,,,,,,,,,,,,0.00010369137857079553,QuantileRegressor,,,,,,3,,,,,,,,False,-0.012021277944248666,0.005699940520774212,98.0,-0.0031606687117372275,0.008860609232511439,0.044425998780833774,1.9844674545084815,6.360592363585472,6.4982455320848205,98.0,6.4294189478351464,0.06882658424967428,0.34508798071645863,1.9844674545084815,128580216828215.02,283315074585416.4,98.0,205947645706815.7,77367428878600.67,387910719324515.75,1.9844674545084815,18.24445955388046,19.17431556848814,98.0,18.7093875611843,0.46492800730384115,2.3310915247078934,1.9844674545084815,5.535387128915798,5.761006296055405,98.0,5.648196712485602,0.11280958356980335,0.5656132993372,1.9844674545084815,99.0,0.8181818181818182,-0.10473969555600804,-0.0657223659496913,98.0,-0.08523103075284967,0.01950866480315837,0.09781403242349677,1.9844674545084815,QuantileRegressor,"{'mode': 'original', 'type': 'QuantileRegressor'}",3,"['z_lsc_T6W30', 'z_diameter_T6W30', 'z_asp_T6W30']",0.06004930263438896,0.11101273675527473,98.0,0.08553101969483184,0.025481717060442888,0.12776217767363612,1.9844674545084815,7.785947360021068,7.955688075232376,98.0,7.870817717626722,0.08487035760565426,0.42552947597363255,1.9844674545084815,completed,False,COMPLETE
185,6.429382295590655,2026-06-12 07:45:33.974171,2026-06-12 07:45:36.330076,0 days 00:00:02.355905,,,,,,,,,,,,,,0.00010097936506594401,QuantileRegressor,,,,,,3,,,,,,,,False,-0.01201548470135676,0.005705903658190913,98.0,-0.0031547905215829238,0.008860694179773837,0.04442642469590087,1.9844674545084815,6.360551553824754,6.498213037356557,98.0,6.429382295590655,0.06883074176590159,0.3451088259886063,1.9844674545084815,128580216828215.02,283315074585416.4,98.0,205947645706815.7,77367428878600.67,387910719324515.75,1.9844674545084815,18.246279423063477,19.17665285577786,98.0,18.71146613942067,0.4651867163571929,2.332388659903363,1.9844674545084815,5.534812331709292,5.7604790287286605,98.0,5.647645680218976,0.11283334850968416,0.5657324538064319,1.9844674545084815,99.0,0.8181818181818182,-0.1048366946584057,-0.06582065683487498,98.0,-0.08532867574664034,0.01950801891176536,0.09781079400393829,1.9844674545084815,QuantileRegressor,"{'mode': 'original', 'type': 'QuantileRegressor'}",3,"['z_lsc_T6W30', 'z_diameter_T6W30', 'z_asp_T6W30']",0.05991181528538445,0.11089672633827485,98.0,0.08540427081182965,0.025492455526445197,0.12781601901400086,1.9844674545084815,7.786309251821846,7.956031457512601,98.0,7.871170354667224,0.08486110284537751,0.42548307375026584,1.9844674545084815,completed,False,COMPLETE
186,6.429382295590655,2026-06-12 07:45:36.348020,2026-06-12 07:45:38.616793,0 days 00:00:02.268773,,,,,,,,,,,,,,0.0001003629260490575,QuantileRegressor,,,,,,3,,,,,,,,False,-0.01201548470135676,0.005705903658190913,98.0,-0.0031547905215829238,0.008860694179773837,0.04442642469590087,1.9844674545084815,6.360551553824754,6.498213037356557,98.0,6.429382295590655,0.06883074176590159,0.3451088259886063,1.9844674545084815,128580216828215.02,283315074585416.4,98.0,205947645706815.7,77367428878600.67,387910719324515.75,1.9844674545084815,18.246279423063477,19.17665285577786,98.0,18.71146613942067,0.4651867163571929,2.332388659903363,1.9844674545084815,5.534812331709292,5.7604790287286605,98.0,5.647645680218976,0.11283334850968416,0.5657324538064319,1.9844674545084815,99.0,0.8181818181818182,-0.1048366946584057,-0.06582065683487498,98.0,-0.08532867574664034,0.01950801891176536,0.09781079400393829,1.9844674545084815,QuantileRegressor,"{'mode': 'original', 'type': 'QuantileRegressor'}",3,"['z_lsc_T6W30', 'z_diameter_T6W30', 'z_asp_T6W30']",0.05991181528538445,0.11089672633827485,98.0,0.08540427081182965,0.025492455526445197,0.12781601901400086,1.9844674545084815,7.786309251821846,7.956031457512601,98.0,7.871170354667224,0.08486110284537751,0.42548307375026584,1.9844674545084815,completed,False,COMPLETE
187,6.434222942735644,2026-06-12 07:45:38.629315,2026-06-12 07:45:40.870554,0 days 00:00:02.241239,,,,,,,,,,,,,,0.00017148157309733347,QuantileRegressor,,,,,,3,,,,,,,,False,-0.012725473920910018,0.0048999048365034065,98.0,-0.003912784542203306,0.008812689378706712,0.04418573456075112,1.9844674545084815,6.365705641210723,6.502740244260566,98.0,6.434222942735644,0.0685173015249213,0.34353727538771067,1.9844674545084815,129595896588778.39,285602728744657.25,98.0,207599312666717.8,78003416077939.42,391099480480890.6,1.9844674545084815,18.22518712978108,19.15066360465416,98.0,18.68792536721762,0.46273823743653947,2.3201122894315986,1.9844674545084815,5.559057381016388,5.7825068026049005,98.0,5.670782091810644,0.1117247107942559,0.5601738814214445,1.9844674545084815,99.0,0.8383838383838383,-0.10441860030331598,-0.0655123883386137,98.0,-0.08496549432096484,0.01945310598235115,0.09753546736767763,1.9844674545084815,QuantileRegressor,"{'mode': 'original', 'type': 'QuantileRegressor'}",3,"['z_lsc_T6W30', 'z_diameter_T6W30', 'z_asp_T6W30']",0.05876349133616682,0.10989309979088766,98.0,0.08432829556352724,0.025564804227360415,0.1281787664520507,1.9844674545084815,7.7855691939227425,7.9540307118007165,98.0,7.8697999528617295,0.08423075893898714,0.42232260736675203,1.9844674545084815,completed,False,COMPLETE
188,6.432291022155662,2026-06-12 07:45:40.883440,2026-06-12 07:45:43.150150,0 days 00:00:02.266710,,,,,,,,,,,,,,0.00012377485905894748,QuantileRegressor,,,,,,3,,,,,,,,False,-0.012494461346116597,0.005272298504464803,98.0,-0.003611081420825897,0.0088833799252907,0.04454016821807049,1.9844674545084815,6.36340537607768,6.5011766682336445,98.0,6.432291022155662,0.06888564607798209,0.3453841094186216,1.9844674545084815,129236417093978.36,284844188429067.4,98.0,207040302761522.88,77803885667544.52,390099059681786.0,1.9844674545084815,18.2347098147788,19.15746549209148,98.0,18.69608765343514,0.461377838656338,2.3132914182065227,1.9844674545084815,5.553412469298115,5.782032492012574,98.0,5.667722480655344,0.11431001135722996,0.5731362586852278,1.9844674545084815,99.0,0.8181818181818182,-0.10449892385017749,-0.06571664327235767,98.0,-0.08510778356126758,0.019391140288909908,0.09722477904489579,1.9844674545084815,QuantileRegressor,"{'mode': 'original', 'type': 'QuantileRegressor'}",3,"['z_lsc_T6W30', 'z_diameter_T6W30', 'z_asp_T6W30']",0.05888003852832467,0.1099416593817907,98.0,0.08441084895505768,0.02553081042673301,0.12800832574017645,1.9844674545084815,7.785930358520607,7.954948016239408,98.0,7.870439187380008,0.08450882885940059,0.4237168155550498,1.9844674545084815,completed,False,COMPLETE
189,6.432288893509872,2026-06-12 07:45:43.163212,2026-06-12 07:45:45.609236,0 days 00:00:02.446024,,,,,,,,,,,,,,0.00013648696477109175,QuantileRegressor,,,,,,3,,,,,,,,False,-0.012506627217639746,0.005275206710473347,98.0,-0.0036157102535832,0.008890916964056547,0.04457795799823527,1.9844674545084815,6.363490561565713,6.5010872254540315,98.0,6.432288893509872,0.0687983319441594,0.3449463271509504,1.9844674545084815,129605426182156.44,285629156768609.0,98.0,207617291475382.72,78011865293226.28,391141843801310.6,1.9844674545084815,18.229022181206496,19.15629877890845,98.0,18.692660480057473,0.463638298850978,2.324625086040866,1.9844674545084815,5.544918892221198,5.771071454258945,98.0,5.657995173240072,0.11307628101887346,0.566950487360769,1.9844674545084815,99.0,0.8181818181818182,-0.10422933258233803,-0.06518931838006901,98.0,-0.08470932548120352,0.01952000710113451,0.09787090130269425,1.9844674545084815,QuantileRegressor,"{'mode': 'original', 'type': 'QuantileRegressor'}",3,"['z_lsc_T6W30', 'z_diameter_T6W30', 'z_asp_T6W30']",0.05856412291251645,0.10968909983326233,98.0,0.08412661137288939,0.02556248846037294,0.12816715548279764,1.9844674545084815,7.784303209432949,7.953367707403972,98.0,7.86883545841846,0.08453224898551115,0.42383424117068547,1.9844674545084815,completed,False,COMPLETE
190,6.432955318867534,2026-06-12 07:45:45.621816,2026-06-12 07:45:47.936363,0 days 00:00:02.314547,,,,,,,,,,,,,,0.0001427915832529585,QuantileRegressor,,,,,,3,,,,,,,,False,-0.012585441149710176,0.005163768508190147,98.0,-0.003710836320760014,0.008874604828950161,0.04449617097035347,1.9844674545084815,6.3640284565145295,6.501882181220538,98.0,6.432955318867534,0.06892686235300405,0.3455907627238094,1.9844674545084815,129572807745749.16,285550891120872.6,98.0,207561849433310.88,77989041687561.72,391027409065411.44,1.9844674545084815,18.217174547344804,19.143876436777596,98.0,18.6805254920612,0.4633509447163953,2.3231843279510276,1.9844674545084815,5.550269012038743,5.7770117317885505,98.0,5.6636403719136466,0.11337135987490427,0.568429976248528,1.9844674545084815,99.0,0.8282828282828283,-0.10413456606604182,-0.06508141498832545,98.0,-0.08460799052718364,0.019526575538858188,0.09790383463703355,1.9844674545084815,QuantileRegressor,"{'mode': 'original', 'type': 'QuantileRegressor'}",3,"['z_lsc_T6W30', 'z_diameter_T6W30', 'z_asp_T6W30']",0.058983616053203826,0.11022908139101095,98.0,0.08460634872210739,0.02562273266890356,0.12846921249315685,1.9844674545084815,7.783860067542227,7.953099220696654,98.0,7.86847964411944,0.08461957657721347,0.4242720909145006,1.9844674545084815,completed,False,COMPLETE
191,6.4294189478351464,2026-06-12 07:45:47.949302,2026-06-12 07:45:50.201089,0 days 00:00:02.251787,,,,,,,,,,,,,,0.00010232315314230965,QuantileRegressor,,,,,,3,,,,,,,,False,-0.012021277944248666,0.005699940520774212,98.0,-0.0031606687117372275,0.008860609232511439,0.044425998780833774,1.9844674545084815,6.360592363585472,6.4982455320848205,98.0,6.4294189478351464,0.06882658424967428,0.34508798071645863,1.9844674545084815,128580216828215.02,283315074585416.4,98.0,205947645706815.7,77367428878600.67,387910719324515.75,1.9844674545084815,18.24445955388046,19.17431556848814,98.0,18.7093875611843,0.46492800730384115,2.3310915247078934,1.9844674545084815,5.535387128915798,5.761006296055405,98.0,5.648196712485602,0.11280958356980335,0.5656132993372,1.9844674545084815,99.0,0.8181818181818182,-0.10473969555600804,-0.0657223659496913,98.0,-0.08523103075284967,0.01950866480315837,0.09781403242349677,1.9844674545084815,QuantileRegressor,"{'mode': 'original', 'type': 'QuantileRegressor'}",3,"['z_lsc_T6W30', 'z_diameter_T6W30', 'z_asp_T6W30']",0.06004930263438896,0.11101273675527473,98.0,0.08553101969483184,0.025481717060442888,0.12776217767363612,1.9844674545084815,7.785947360021068,7.955688075232376,98.0,7.870817717626722,0.08487035760565426,0.42552947597363255,1.9844674545084815,completed,False,COMPLETE
192,6.435781864340465,2026-06-12 07:45:50.214272,2026-06-12 07:45:52.552322,0 days 00:00:02.338050,,,,,,,,,,,,,,0.0002689565778751134,QuantileRegressor,,,,,,3,,,,,,,,False,-0.012840743700269733,0.004520742693695717,98.0,-0.004160000503287008,0.008680743196982725,0.043524172725149884,1.9844674545084815,6.368010753741394,6.503552974939537,98.0,6.435781864340465,0.06777111059907183,0.33979596637699144,1.9844674545084815,130561081178347.06,287759965150441.6,98.0,209160523164394.34,78599441986047.28,394087880665585.4,1.9844674545084815,18.2085988637437,19.12937481417428,98.0,18.66898683895899,0.4603879752152905,2.3083283653428652,1.9844674545084815,5.591419740764155,5.806057944684583,98.0,5.698738842724369,0.10731910196021409,0.5380847036285878,1.9844674545084815,99.0,0.8181818181818182,-0.1011462378737214,-0.06248264579630263,98.0,-0.08181444183501202,0.019331796038709388,0.09692723431429373,1.9844674545084815,QuantileRegressor,"{'mode': 'original', 'type': 'QuantileRegressor'}",3,"['z_lsc_T6W30', 'z_diameter_T6W30', 'z_asp_T6W30']",0.05610132533323799,0.10743560498199814,98.0,0.08176846515761807,0.025667139824380077,0.1286918644782846,1.9844674545084815,7.7739594172220725,7.943301276107348,98.0,7.85863034666471,0.0846709294426377,0.4245295678302366,1.9844674545084815,completed,False,COMPLETE
193,6.432637192882511,2026-06-12 07:45:52.564783,2026-06-12 07:45:54.739927,0 days 00:00:02.175144,,,,,,,,,,,,,,0.0001110157865453237,QuantileRegressor,,,,,,3,,,,,,,,False,-0.012592987409080695,0.005269756497262147,98.0,-0.003661615455909274,0.00893137195317142,0.044780794310043434,1.9844674545084815,6.363405044720205,6.5018693410448165,98.0,6.432637192882511,0.06923214816230615,0.3471214280128391,1.9844674545084815,129236417093978.36,284844188429067.4,98.0,207040302761522.88,77803885667544.52,390099059681786.0,1.9844674545084815,18.23833664289488,19.162684640161714,98.0,18.700510641528297,0.4621739986334165,2.3172832658597584,1.9844674545084815,5.5511087571387385,5.77941140239332,98.0,5.665260079766029,0.11415132262729105,0.5723406130204883,1.9844674545084815,99.0,0.8181818181818182,-0.10473290842141691,-0.06577159893183313,98.0,-0.08525225367662502,0.019480654744791895,0.09767359345522872,1.9844674545084815,QuantileRegressor,"{'mode': 'original', 'type': 'QuantileRegressor'}",3,"['z_lsc_T6W30', 'z_diameter_T6W30', 'z_asp_T6W30']",0.05906702437795968,0.1100521291526228,98.0,0.08455957676529124,0.025492552387331564,0.12781650466250502,1.9844674545084815,7.786104062616423,7.955740695834426,98.0,7.870922379225425,0.08481831660900162,0.42526854885302773,1.9844674545084815,completed,False,COMPLETE
194,6.429382295590655,2026-06-12 07:45:54.755385,2026-06-12 07:45:57.055567,0 days 00:00:02.300182,,,,,,,,,,,,,,0.0001006827547621785,QuantileRegressor,,,,,,3,,,,,,,,False,-0.01201548470135676,0.005705903658190913,98.0,-0.0031547905215829238,0.008860694179773837,0.04442642469590087,1.9844674545084815,6.360551553824754,6.498213037356557,98.0,6.429382295590655,0.06883074176590159,0.3451088259886063,1.9844674545084815,128580216828215.02,283315074585416.4,98.0,205947645706815.7,77367428878600.67,387910719324515.75,1.9844674545084815,18.246279423063477,19.17665285577786,98.0,18.71146613942067,0.4651867163571929,2.332388659903363,1.9844674545084815,5.534812331709292,5.7604790287286605,98.0,5.647645680218976,0.11283334850968416,0.5657324538064319,1.9844674545084815,99.0,0.8181818181818182,-0.1048366946584057,-0.06582065683487498,98.0,-0.08532867574664034,0.01950801891176536,0.09781079400393829,1.9844674545084815,QuantileRegressor,"{'mode': 'original', 'type': 'QuantileRegressor'}",3,"['z_lsc_T6W30', 'z_diameter_T6W30', 'z_asp_T6W30']",0.05991181528538445,0.11089672633827485,98.0,0.08540427081182965,0.025492455526445197,0.12781601901400086,1.9844674545084815,7.786309251821846,7.956031457512601,98.0,7.871170354667224,0.08486110284537751,0.42548307375026584,1.9844674545084815,completed,False,COMPLETE
