number,value,datetime_start,datetime_complete,duration,params_dt_max_depth,params_dt_min_samples_leaf,params_dt_min_samples_split,params_elastic_alpha,params_elastic_l1_ratio,params_et_max_depth,params_et_max_features,params_et_min_samples_leaf,params_et_min_samples_split,params_et_n_estimators,params_knn_metric,params_knn_n_neighbors,params_knn_weights,params_quantile_alpha,params_regressor,params_rf_max_depth,params_rf_max_features,params_rf_min_samples_leaf,params_rf_min_samples_split,params_rf_n_estimators,params_rfe_n_features,params_rfe_proxy_et_max_depth,params_rfe_proxy_et_min_samples_leaf,params_rfe_proxy_et_min_samples_split,params_rfe_proxy_et_n_estimators,params_rfe_proxy_lsvr_C,params_rfe_proxy_lsvr_epsilon,params_rfe_proxy_type,params_use_scaler,user_attrs_d2mae_ci_lower_val,user_attrs_d2mae_ci_upper_val,user_attrs_d2mae_df_val,user_attrs_d2mae_mean_val,user_attrs_d2mae_samperror_val,user_attrs_d2mae_std_val,user_attrs_d2mae_t_critical_val,user_attrs_mae_ci_lower_val,user_attrs_mae_ci_upper_val,user_attrs_mae_df_val,user_attrs_mae_mean_val,user_attrs_mae_samperror_val,user_attrs_mae_std_val,user_attrs_mae_t_critical_val,user_attrs_mape_ci_lower_val,user_attrs_mape_ci_upper_val,user_attrs_mape_df_val,user_attrs_mape_mean_val,user_attrs_mape_samperror_val,user_attrs_mape_std_val,user_attrs_mape_t_critical_val,user_attrs_max_error_ci_lower_val,user_attrs_max_error_ci_upper_val,user_attrs_max_error_df_val,user_attrs_max_error_mean_val,user_attrs_max_error_samperror_val,user_attrs_max_error_std_val,user_attrs_max_error_t_critical_val,user_attrs_median_ae_ci_lower_val,user_attrs_median_ae_ci_upper_val,user_attrs_median_ae_df_val,user_attrs_median_ae_mean_val,user_attrs_median_ae_samperror_val,user_attrs_median_ae_std_val,user_attrs_median_ae_t_critical_val,user_attrs_n_splits_val,user_attrs_r2_below_zero_val,user_attrs_r2_ci_lower_val,user_attrs_r2_ci_upper_val,user_attrs_r2_df_val,user_attrs_r2_mean_val,user_attrs_r2_samperror_val,user_attrs_r2_std_val,user_attrs_r2_t_critical_val,user_attrs_regressor_final,user_attrs_rfe_estimator,user_attrs_rfe_n_features,user_attrs_rfe_selected_features,user_attrs_rho_ci_lower_val,user_attrs_rho_ci_upper_val,user_attrs_rho_df_val,user_attrs_rho_mean_val,user_attrs_rho_samperror_val,user_attrs_rho_std_val,user_attrs_rho_t_critical_val,user_attrs_rmse_ci_lower_val,user_attrs_rmse_ci_upper_val,user_attrs_rmse_df_val,user_attrs_rmse_mean_val,user_attrs_rmse_samperror_val,user_attrs_rmse_std_val,user_attrs_rmse_t_critical_val,user_attrs_termination_reason,user_attrs_use_scaler_final,state
28,7.9535499721774245,2026-06-12 07:38:46.508434,2026-06-12 07:38:48.233856,0 days 00:00:01.725422,20.0,5.0,4.0,,,,,,,,,,,,DecisionTreeRegressor,,,,,,7,,,,,,,,False,-0.264292556318994,-0.216967678596451,98.0,-0.2406301174577225,0.023662438861271513,0.11864054179764832,1.9844674545084815,7.789026779537675,8.118073164817174,98.0,7.9535499721774245,0.1645231926397499,0.8248989390948152,1.9844674545084815,125418438046177.7,304155593128305.56,98.0,214787015587241.62,89368577541063.92,448082994374284.3,1.9844674545084815,22.064479904654714,22.99251865234385,98.0,22.528499278499282,0.4640193738445674,2.3265357489260423,1.9844674545084815,6.766203147903631,7.226405478038328,98.0,6.996304312970979,0.2301011650673486,1.1536987819349998,1.9844674545084815,99.0,0.98989898989899,-0.7202502575031813,-0.6157234308372039,98.0,-0.6679868441701926,0.05226341333298872,0.26204229033080445,1.9844674545084815,DecisionTreeRegressor,"{'mode': 'original', 'type': 'DecisionTreeRegressor'}",7,"['z_pe_T6W30', 'z_l1_T6W30', 'z_l2_T6W30', 'z_l3_T6W30', 'z_lsc_T6W30', 'z_density_T6W30', 'z_diameter_T6W30']",-0.08074187909191116,-0.018874812805388018,98.0,-0.04980834594864959,0.030933533143261575,0.1550969092133074,1.9844674545084815,9.569577877246168,9.905154139626838,98.0,9.737366008436503,0.16778813119033426,0.8412689371684855,1.9844674545084815,completed,False,COMPLETE
29,6.485036334790312,2026-06-12 07:38:48.246544,2026-06-12 07:38:49.977791,0 days 00:00:01.731247,,,,0.00016377964907056237,0.8770241030575711,,,,,,,,,,ElasticNet,,,,,,6,,,,,,,,True,-0.01867210917677145,-0.00489418919184673,98.0,-0.01178314918430909,0.006888959992462361,0.034540393351665664,1.9844674545084815,6.424390617551804,6.54568205202882,98.0,6.485036334790312,0.06064571723850741,0.3040701253605636,1.9844674545084815,158913814545949.5,349831004482622.44,98.0,254372409514285.97,95458594968336.47,478617588520084.5,1.9844674545084815,16.883815655196173,17.41869430507606,98.0,17.151254980136116,0.2674393249399416,1.3409076974226575,1.9844674545084815,5.8510331704462075,6.0194725024927145,98.0,5.935252836469461,0.08421966602325305,0.4222669888592718,1.9844674545084815,99.0,0.6666666666666666,-0.04663598947983028,-0.020113761889711153,98.0,-0.03337487568477072,0.013261113795059567,0.06648958438773513,1.9844674545084815,ElasticNet,"{'mode': 'original', 'type': 'ElasticNet'}",6,"['z_pe_T6W30', 'z_l1_T6W30', 'z_l2_T6W30', 'z_lsc_T6W30', 'z_diameter_T6W30', 'z_asp_T6W30']",0.018258444740223374,0.06957097492556527,98.0,0.04391470983289432,0.025656265092670945,0.12863733991851967,1.9844674545084815,7.613689671645377,7.756876998701511,98.0,7.685283335173444,0.07159366352806726,0.3589617739763284,1.9844674545084815,completed,True,COMPLETE
30,6.482273595980686,2026-06-12 07:38:49.990148,2026-06-12 07:38:51.614128,0 days 00:00:01.623980,,,,,,,,,,,,,,,LinearRegression,,,,,,5,,,,,,,,False,-0.01796303442758589,-0.004809663632528463,98.0,-0.011386349030057176,0.006576685397528713,0.03297468715587675,1.9844674545084815,6.424150445885403,6.540396746075969,98.0,6.482273595980686,0.05812315009528313,0.29142228570431805,1.9844674545084815,161817387837743.12,356223236558494.1,98.0,259020312198118.62,97202924360375.5,487363440347039.94,1.9844674545084815,16.88366549269428,17.413145127238725,98.0,17.148405309966503,0.26473981727222357,1.3273726998612199,1.9844674545084815,5.935844705288566,6.106912429002402,98.0,6.021378567145484,0.08553386185691852,0.4288562042249573,1.9844674545084815,99.0,0.6464646464646465,-0.043674794866990586,-0.01745422625211291,98.0,-0.03056451055955175,0.01311028430743884,0.06573334399192061,1.9844674545084815,LinearRegression,"{'mode': 'original', 'type': 'LinearRegression'}",5,"['z_pe_T6W30', 'z_l2_T6W30', 'z_lsc_T6W30', 'z_diameter_T6W30', 'z_asp_T6W30']",0.017123586817896563,0.073159004923346,98.0,0.04514129587062128,0.02801770905272472,0.14047732786262415,1.9844674545084815,7.603894923918208,7.745708128189133,98.0,7.67480152605367,0.07090660213546238,0.35551693313195104,1.9844674545084815,completed,False,COMPLETE
31,6.43236284412755,2026-06-12 07:38:51.627160,2026-06-12 07:38:53.793732,0 days 00:00:02.166572,,,,,,,,,,,,,,8.632405665578633,QuantileRegressor,,,,,,5,,,,,,,,False,-0.004618760704527799,-0.0023266854860824436,98.0,-0.0034727230953051215,0.001146037609222678,0.005746090826723593,1.9844674545084815,6.387146941252938,6.477578747002163,98.0,6.43236284412755,0.04521590287461224,0.22670694455311866,1.9844674545084815,159975467009718.8,352020212552703.8,98.0,255997839781211.3,96022372771492.52,481444300695108.6,1.9844674545084815,17.65307108337025,18.14490871460955,98.0,17.8989898989899,0.24591881561964796,1.2330065254221743,1.9844674545084815,5.956835168213341,6.06336685198868,98.0,6.01010101010101,0.05326584188766987,0.26706834312012434,1.9844674545084815,99.0,1.0,-0.03940786471611372,-0.03383770038410198,98.0,-0.03662278255010785,0.0027850821660058717,0.013964057511701019,1.9844674545084815,QuantileRegressor,"{'mode': 'original', 'type': 'QuantileRegressor'}",5,"['z_l3_T6W30', 'z_lsc_T6W30', 'z_density_T6W30', 'z_diameter_T6W30', 'z_asp_T6W30']",,,,,,,,7.641821067877172,7.76254996760978,98.0,7.702185517743476,0.06036444986630419,0.3026598855444638,1.9844674545084815,completed,False,COMPLETE
32,6.43236284412755,2026-06-12 07:38:53.805823,2026-06-12 07:38:55.970035,0 days 00:00:02.164212,,,,,,,,,,,,,,2.2931680347694705,QuantileRegressor,,,,,,5,,,,,,,,False,-0.004618760704527799,-0.0023266854860824436,98.0,-0.0034727230953051215,0.001146037609222678,0.005746090826723593,1.9844674545084815,6.387146941252938,6.477578747002163,98.0,6.43236284412755,0.04521590287461224,0.22670694455311866,1.9844674545084815,159975467009718.8,352020212552703.8,98.0,255997839781211.3,96022372771492.52,481444300695108.6,1.9844674545084815,17.65307108337025,18.14490871460955,98.0,17.8989898989899,0.24591881561964796,1.2330065254221743,1.9844674545084815,5.956835168213341,6.06336685198868,98.0,6.01010101010101,0.05326584188766987,0.26706834312012434,1.9844674545084815,99.0,1.0,-0.03940786471611372,-0.03383770038410198,98.0,-0.03662278255010785,0.0027850821660058717,0.013964057511701019,1.9844674545084815,QuantileRegressor,"{'mode': 'original', 'type': 'QuantileRegressor'}",5,"['z_l3_T6W30', 'z_lsc_T6W30', 'z_density_T6W30', 'z_diameter_T6W30', 'z_asp_T6W30']",,,,,,,,7.641821067877172,7.76254996760978,98.0,7.702185517743476,0.06036444986630419,0.3026598855444638,1.9844674545084815,completed,False,COMPLETE
33,6.43236284412755,2026-06-12 07:38:55.982208,2026-06-12 07:38:58.121474,0 days 00:00:02.139266,,,,,,,,,,,,,,3.227908133236349,QuantileRegressor,,,,,,4,,,,,,,,False,-0.004618760704527799,-0.0023266854860824436,98.0,-0.0034727230953051215,0.001146037609222678,0.005746090826723593,1.9844674545084815,6.387146941252938,6.477578747002163,98.0,6.43236284412755,0.04521590287461224,0.22670694455311866,1.9844674545084815,159975467009718.8,352020212552703.8,98.0,255997839781211.3,96022372771492.52,481444300695108.6,1.9844674545084815,17.65307108337025,18.14490871460955,98.0,17.8989898989899,0.24591881561964796,1.2330065254221743,1.9844674545084815,5.956835168213341,6.06336685198868,98.0,6.01010101010101,0.05326584188766987,0.26706834312012434,1.9844674545084815,99.0,1.0,-0.03940786471611372,-0.03383770038410198,98.0,-0.03662278255010785,0.0027850821660058717,0.013964057511701019,1.9844674545084815,QuantileRegressor,"{'mode': 'original', 'type': 'QuantileRegressor'}",4,"['z_lsc_T6W30', 'z_density_T6W30', 'z_diameter_T6W30', 'z_asp_T6W30']",,,,,,,,7.641821067877172,7.76254996760978,98.0,7.702185517743476,0.06036444986630419,0.3026598855444638,1.9844674545084815,completed,False,COMPLETE
34,6.485082661275371,2026-06-12 07:38:58.134186,2026-06-12 07:38:59.836652,0 days 00:00:01.702466,,,,0.000123469869878032,0.9566761854597826,,,,,,,,,,ElasticNet,,,,,,6,,,,,,,,False,-0.018673129933788196,-0.004907560582083895,98.0,-0.011790345257936045,0.00688278467585215,0.03450943107796671,1.9844674545084815,6.424464104625672,6.545701217925069,98.0,6.485082661275371,0.060618556649699014,0.3039339455275944,1.9844674545084815,158942091356521.9,349892937677188.6,98.0,254417514516855.28,95475423160333.38,478701962993387.7,1.9844674545084815,16.882043781729852,17.416841514617975,98.0,17.149442648173913,0.26739886644406025,1.3407048435283562,1.9844674545084815,5.852339102078147,6.020686216332321,98.0,5.936512659205234,0.08417355712708773,0.4220358045568075,1.9844674545084815,99.0,0.6666666666666666,-0.04655542389923239,-0.02006751535354661,98.0,-0.0333114696263895,0.013243954272842891,0.06640354866569013,1.9844674545084815,ElasticNet,"{'mode': 'original', 'type': 'ElasticNet'}",6,"['z_pe_T6W30', 'z_l1_T6W30', 'z_l2_T6W30', 'z_lsc_T6W30', 'z_diameter_T6W30', 'z_asp_T6W30']",0.018333711322586876,0.0696301992188766,98.0,0.04398195527073174,0.025648243948144862,0.12859712289194897,1.9844674545084815,7.613497454909709,7.756620217370623,98.0,7.685058836140166,0.07156138123045701,0.35879991452889753,1.9844674545084815,completed,False,COMPLETE
35,6.484404594048223,2026-06-12 07:38:59.849007,2026-06-12 07:39:22.631444,0 days 00:00:22.782437,,,,,,2.0,log2,1.0,2.0,441.0,,,,,ExtraTreesRegressor,,,,,,3,,,,,,,,False,-0.013665879194807492,-0.009582730188029583,98.0,-0.011624304691418537,0.0020415745033889555,0.0102362020509544,1.9844674545084815,6.438678697461639,6.530130490634806,98.0,6.484404594048223,0.045725896586583645,0.22926398994714658,1.9844674545084815,177772729696739.7,391145242477088.06,98.0,284458986086913.9,106686256390174.19,534911694212949.8,1.9844674545084815,16.344968164905357,16.79050113454483,98.0,16.567734649725093,0.2227664848197361,1.1169236023522433,1.9844674545084815,6.246021204360978,6.400447049366998,98.0,6.323234126863988,0.07721292250301043,0.3871360434671924,1.9844674545084815,99.0,0.7373737373737373,-0.008220742721039856,-0.004191806422675268,98.0,-0.0062062745718575625,0.0020144681491822943,0.010100294143570398,1.9844674545084815,ExtraTreesRegressor,"{'mode': 'original', 'type': 'ExtraTreesRegressor'}",3,"['z_re_T6W30', 'z_pe_T6W30', 'z_l2_T6W30']",-0.0366498130137193,0.011729558448135296,98.0,-0.012460127282792001,0.024189685730927297,0.12128409239037514,1.9844674545084815,7.529112351792763,7.647800672392249,98.0,7.588456512092506,0.05934416029974241,0.29754427985068654,1.9844674545084815,completed,False,COMPLETE
36,6.482273595980686,2026-06-12 07:39:22.645117,2026-06-12 07:39:24.311094,0 days 00:00:01.665977,,,,,,,,,,,,,,,LinearRegression,,,,,,5,,,,,,,,False,-0.01796303442758589,-0.004809663632528463,98.0,-0.011386349030057176,0.006576685397528713,0.03297468715587675,1.9844674545084815,6.424150445885403,6.540396746075969,98.0,6.482273595980686,0.05812315009528313,0.29142228570431805,1.9844674545084815,161817387837743.12,356223236558494.1,98.0,259020312198118.62,97202924360375.5,487363440347039.94,1.9844674545084815,16.88366549269428,17.413145127238725,98.0,17.148405309966503,0.26473981727222357,1.3273726998612199,1.9844674545084815,5.935844705288566,6.106912429002402,98.0,6.021378567145484,0.08553386185691852,0.4288562042249573,1.9844674545084815,99.0,0.6464646464646465,-0.043674794866990586,-0.01745422625211291,98.0,-0.03056451055955175,0.01311028430743884,0.06573334399192061,1.9844674545084815,LinearRegression,"{'mode': 'original', 'type': 'LinearRegression'}",5,"['z_pe_T6W30', 'z_l2_T6W30', 'z_lsc_T6W30', 'z_diameter_T6W30', 'z_asp_T6W30']",0.017123586817896563,0.073159004923346,98.0,0.04514129587062128,0.02801770905272472,0.14047732786262415,1.9844674545084815,7.603894923918208,7.745708128189133,98.0,7.67480152605367,0.07090660213546238,0.35551693313195104,1.9844674545084815,completed,False,COMPLETE
37,6.43236284412755,2026-06-12 07:39:24.323648,2026-06-12 07:39:26.600983,0 days 00:00:02.277335,,,,,,,,,,,,,,0.21980426427532332,QuantileRegressor,,,,,,7,,,,,,,,True,-0.004618760704527799,-0.0023266854860824436,98.0,-0.0034727230953051215,0.001146037609222678,0.005746090826723593,1.9844674545084815,6.387146941252938,6.477578747002163,98.0,6.43236284412755,0.04521590287461224,0.22670694455311866,1.9844674545084815,159975467009718.8,352020212552703.8,98.0,255997839781211.3,96022372771492.52,481444300695108.6,1.9844674545084815,17.65307108337025,18.14490871460955,98.0,17.8989898989899,0.24591881561964796,1.2330065254221743,1.9844674545084815,5.956835168213341,6.06336685198868,98.0,6.01010101010101,0.05326584188766987,0.26706834312012434,1.9844674545084815,99.0,1.0,-0.03940786471611372,-0.03383770038410198,98.0,-0.03662278255010785,0.0027850821660058717,0.013964057511701019,1.9844674545084815,QuantileRegressor,"{'mode': 'original', 'type': 'QuantileRegressor'}",7,"['z_l1_T6W30', 'z_l2_T6W30', 'z_l3_T6W30', 'z_lsc_T6W30', 'z_density_T6W30', 'z_diameter_T6W30', 'z_asp_T6W30']",,,,,,,,7.641821067877172,7.76254996760978,98.0,7.702185517743476,0.06036444986630419,0.3026598855444638,1.9844674545084815,completed,True,COMPLETE
38,6.50691963412534,2026-06-12 07:39:26.613644,2026-06-12 07:39:56.153359,0 days 00:00:29.539715,,,,,,,,,,,,,,,RandomForestRegressor,2.0,,1.0,12.0,353.0,4,,,,,,,,False,-0.020865099857336124,-0.009290176171404058,98.0,-0.015077638014370091,0.005787461842966032,0.029017617867214643,1.9844674545084815,6.447651129738377,6.566188138512302,98.0,6.50691963412534,0.05926850438696261,0.2971649504613952,1.9844674545084815,171208922567475.25,377398490967705.7,98.0,274303706767590.47,103094784200115.23,516904496857770.44,1.9844674545084815,17.06989022033874,17.70682849033663,98.0,17.388359355337684,0.31846913499894447,1.596764853514042,1.9844674545084815,6.146126704976193,6.308995800765101,98.0,6.227561252870647,0.08143454789445367,0.40830275103457214,1.9844674545084815,99.0,0.6565656565656566,-0.04106411445166527,-0.020008249412924055,98.0,-0.030536181932294664,0.01052793251937061,0.05278575152080043,1.9844674545084815,RandomForestRegressor,"{'mode': 'original', 'type': 'RandomForestRegressor'}",4,"['z_re_T6W30', 'z_pe_T6W30', 'z_l2_T6W30', 'z_lsc_T6W30']",0.011612358029703285,0.06329558845467646,98.0,0.037453973242189874,0.02584161521248659,0.1295666624945276,1.9844674545084815,7.604879110408532,7.750566635466234,98.0,7.677722872937383,0.07284376252885177,0.3652296157496681,1.9844674545084815,completed,False,COMPLETE
39,6.790036662689117,2026-06-12 07:39:56.166140,2026-06-12 07:40:03.122256,0 days 00:00:06.956116,,,,,,20.0,,1.0,12.0,99.0,,,,,ExtraTreesRegressor,,,,,,9,,,,,,,,False,-0.06743138974471952,-0.05125783505683308,98.0,-0.0593446124007763,0.008086777343943218,0.04054610140177309,1.9844674545084815,6.721630713978324,6.8584426113999095,98.0,6.790036662689117,0.06840594871079324,0.3429789661501761,1.9844674545084815,159884506685699.12,353501010570797.75,98.0,256692758628248.44,96808251942549.3,485384601658517.2,1.9844674545084815,17.894710618417413,18.713103408861123,98.0,18.303907013639268,0.40919639522185347,2.051660114808496,1.9844674545084815,6.202137275387146,6.4363431146613195,98.0,6.319240195024233,0.11710291963708623,0.5871395553638137,1.9844674545084815,99.0,0.9797979797979798,-0.15624094376700248,-0.12565590462622767,98.0,-0.14094842419661507,0.015292519570387412,0.07667480169389479,1.9844674545084815,ExtraTreesRegressor,"{'mode': 'original', 'type': 'ExtraTreesRegressor'}",9,"['z_re_T6W30', 'z_pe_T6W30', 'z_l1_T6W30', 'z_l2_T6W30', 'z_l3_T6W30', 'z_lsc_T6W30', 'z_density_T6W30', 'z_diameter_T6W30', 'z_asp_T6W30']",-0.11449441387363377,-0.06497497679660683,98.0,-0.0897346953351203,0.02475971853851347,0.12414216638397127,1.9844674545084815,7.995270671529367,8.15575045535209,98.0,8.075510563440728,0.08023989191136154,0.40231289369455664,1.9844674545084815,completed,False,COMPLETE
40,6.43236284412755,2026-06-12 07:40:03.134610,2026-06-12 07:40:05.256964,0 days 00:00:02.122354,,,,,,,,,,,,,,2.8828145009000483,QuantileRegressor,,,,,,2,,,,,,,,True,-0.004618760704527799,-0.0023266854860824436,98.0,-0.0034727230953051215,0.001146037609222678,0.005746090826723593,1.9844674545084815,6.387146941252938,6.477578747002163,98.0,6.43236284412755,0.04521590287461224,0.22670694455311866,1.9844674545084815,159975467009718.8,352020212552703.8,98.0,255997839781211.3,96022372771492.52,481444300695108.6,1.9844674545084815,17.65307108337025,18.14490871460955,98.0,17.8989898989899,0.24591881561964796,1.2330065254221743,1.9844674545084815,5.956835168213341,6.06336685198868,98.0,6.01010101010101,0.05326584188766987,0.26706834312012434,1.9844674545084815,99.0,1.0,-0.03940786471611372,-0.03383770038410198,98.0,-0.03662278255010785,0.0027850821660058717,0.013964057511701019,1.9844674545084815,QuantileRegressor,"{'mode': 'original', 'type': 'QuantileRegressor'}",2,"['z_diameter_T6W30', 'z_asp_T6W30']",,,,,,,,7.641821067877172,7.76254996760978,98.0,7.702185517743476,0.06036444986630419,0.3026598855444638,1.9844674545084815,completed,True,COMPLETE
41,6.4458457753749245,2026-06-12 07:40:05.269645,2026-06-12 07:40:07.399290,0 days 00:00:02.129645,,,,,,,,,,,,,,0.017653936240550082,QuantileRegressor,,,,,,6,,,,,,,,False,-0.007621082482384389,-0.003513724260102191,98.0,-0.00556740337124329,0.002053679111141099,0.010296893057083643,1.9844674545084815,6.398924102810236,6.492767447939613,98.0,6.4458457753749245,0.046921672564688224,0.2352594628036295,1.9844674545084815,159522503449505.94,351041192060937.1,98.0,255281847755221.53,95759344305715.61,480125508499979.0,1.9844674545084815,17.659264906996498,18.143064625577765,98.0,17.90116476628713,0.24189985929063393,1.2128559754669999,1.9844674545084815,5.958660659712144,6.071348721726957,98.0,6.01500469071955,0.05634403100740678,0.2825020026453449,1.9844674545084815,99.0,1.0,-0.042017050694164414,-0.035741574529823676,98.0,-0.038879312611994045,0.003137738082170367,0.015732230657639092,1.9844674545084815,QuantileRegressor,"{'mode': 'original', 'type': 'QuantileRegressor'}",6,"['z_l2_T6W30', 'z_l3_T6W30', 'z_lsc_T6W30', 'z_density_T6W30', 'z_diameter_T6W30', 'z_asp_T6W30']",-0.31185181110499904,-0.0629939290387614,7.0,-0.18742287007188022,0.12442894103311881,0.14883472149304733,2.364624251592784,7.6492677560621605,7.77203972568052,98.0,7.71065374087134,0.06138598480917933,0.30778173540104387,1.9844674545084815,completed,False,COMPLETE
42,6.432942182240284,2026-06-12 07:40:07.412108,2026-06-12 07:40:09.500074,0 days 00:00:02.087966,,,,,,,,,,,,,,0.03032702434692847,QuantileRegressor,,,,,,6,,,,,,,,False,-0.004752770385480639,-0.0023864216657812918,98.0,-0.003569596025630965,0.0011831743598496734,0.00593228990116482,1.9844674545084815,6.387914477039176,6.477969887441392,98.0,6.432942182240284,0.0450277052011087,0.22576334469511497,1.9844674545084815,159975467009718.8,352020212552703.8,98.0,255997839781211.3,96022372771492.52,481444300695108.6,1.9844674545084815,17.655588072971597,18.14583809632485,98.0,17.900713084648224,0.24512501167662828,1.2290264906323072,1.9844674545084815,5.95765468696644,6.064225636039345,98.0,6.010940161502893,0.05328547453645268,0.267166778792887,1.9844674545084815,99.0,1.0,-0.03948309525946081,-0.0340295772792443,98.0,-0.036756336269352555,0.0027267589901082572,0.013671632321363699,1.9844674545084815,QuantileRegressor,"{'mode': 'original', 'type': 'QuantileRegressor'}",6,"['z_l2_T6W30', 'z_l3_T6W30', 'z_lsc_T6W30', 'z_density_T6W30', 'z_diameter_T6W30', 'z_asp_T6W30']",,,0.0,-0.18091187405489204,,,,7.64251850982607,7.762771259411792,98.0,7.702644884618931,0.06012637479286142,0.3014662065721752,1.9844674545084815,completed,False,COMPLETE
