number,value,datetime_start,datetime_complete,duration,params_dt_max_depth,params_dt_min_samples_leaf,params_dt_min_samples_split,params_elastic_alpha,params_elastic_l1_ratio,params_et_max_depth,params_et_max_features,params_et_min_samples_leaf,params_et_min_samples_split,params_et_n_estimators,params_knn_metric,params_knn_n_neighbors,params_knn_weights,params_quantile_alpha,params_regressor,params_rf_max_depth,params_rf_max_features,params_rf_min_samples_leaf,params_rf_min_samples_split,params_rf_n_estimators,params_rfe_n_features,params_rfe_proxy_et_max_depth,params_rfe_proxy_et_min_samples_leaf,params_rfe_proxy_et_min_samples_split,params_rfe_proxy_et_n_estimators,params_rfe_proxy_lsvr_C,params_rfe_proxy_lsvr_epsilon,params_rfe_proxy_type,params_use_scaler,user_attrs_d2mae_ci_lower_val,user_attrs_d2mae_ci_upper_val,user_attrs_d2mae_df_val,user_attrs_d2mae_mean_val,user_attrs_d2mae_samperror_val,user_attrs_d2mae_std_val,user_attrs_d2mae_t_critical_val,user_attrs_mae_ci_lower_val,user_attrs_mae_ci_upper_val,user_attrs_mae_df_val,user_attrs_mae_mean_val,user_attrs_mae_samperror_val,user_attrs_mae_std_val,user_attrs_mae_t_critical_val,user_attrs_mape_ci_lower_val,user_attrs_mape_ci_upper_val,user_attrs_mape_df_val,user_attrs_mape_mean_val,user_attrs_mape_samperror_val,user_attrs_mape_std_val,user_attrs_mape_t_critical_val,user_attrs_max_error_ci_lower_val,user_attrs_max_error_ci_upper_val,user_attrs_max_error_df_val,user_attrs_max_error_mean_val,user_attrs_max_error_samperror_val,user_attrs_max_error_std_val,user_attrs_max_error_t_critical_val,user_attrs_median_ae_ci_lower_val,user_attrs_median_ae_ci_upper_val,user_attrs_median_ae_df_val,user_attrs_median_ae_mean_val,user_attrs_median_ae_samperror_val,user_attrs_median_ae_std_val,user_attrs_median_ae_t_critical_val,user_attrs_n_splits_val,user_attrs_r2_below_zero_val,user_attrs_r2_ci_lower_val,user_attrs_r2_ci_upper_val,user_attrs_r2_df_val,user_attrs_r2_mean_val,user_attrs_r2_samperror_val,user_attrs_r2_std_val,user_attrs_r2_t_critical_val,user_attrs_regressor_final,user_attrs_rfe_estimator,user_attrs_rfe_n_features,user_attrs_rfe_selected_features,user_attrs_rho_ci_lower_val,user_attrs_rho_ci_upper_val,user_attrs_rho_df_val,user_attrs_rho_mean_val,user_attrs_rho_samperror_val,user_attrs_rho_std_val,user_attrs_rho_t_critical_val,user_attrs_rmse_ci_lower_val,user_attrs_rmse_ci_upper_val,user_attrs_rmse_df_val,user_attrs_rmse_mean_val,user_attrs_rmse_samperror_val,user_attrs_rmse_std_val,user_attrs_rmse_t_critical_val,user_attrs_termination_reason,user_attrs_use_scaler_final,state
79,6.43236284412755,2026-06-12 07:41:17.497665,2026-06-12 07:41:19.668179,0 days 00:00:02.170514,,,,,,,,,,,,,,8.61103587138425,QuantileRegressor,,,,,,6,,,,,,,,False,-0.004618760704527799,-0.0023266854860824436,98.0,-0.0034727230953051215,0.001146037609222678,0.005746090826723593,1.9844674545084815,6.387146941252938,6.477578747002163,98.0,6.43236284412755,0.04521590287461224,0.22670694455311866,1.9844674545084815,159975467009718.8,352020212552703.8,98.0,255997839781211.3,96022372771492.52,481444300695108.6,1.9844674545084815,17.65307108337025,18.14490871460955,98.0,17.8989898989899,0.24591881561964796,1.2330065254221743,1.9844674545084815,5.956835168213341,6.06336685198868,98.0,6.01010101010101,0.05326584188766987,0.26706834312012434,1.9844674545084815,99.0,1.0,-0.03940786471611372,-0.03383770038410198,98.0,-0.03662278255010785,0.0027850821660058717,0.013964057511701019,1.9844674545084815,QuantileRegressor,"{'mode': 'original', 'type': 'QuantileRegressor'}",6,"['z_l2_T6W30', 'z_l3_T6W30', 'z_lsc_T6W30', 'z_density_T6W30', 'z_diameter_T6W30', 'z_asp_T6W30']",,,,,,,,7.641821067877172,7.76254996760978,98.0,7.702185517743476,0.06036444986630419,0.3026598855444638,1.9844674545084815,completed,False,COMPLETE
80,6.43236284412755,2026-06-12 07:41:19.681056,2026-06-12 07:41:21.905797,0 days 00:00:02.224741,,,,,,,,,,,,,,0.7668748353844509,QuantileRegressor,,,,,,3,,,,,,,,True,-0.004618760704527799,-0.0023266854860824436,98.0,-0.0034727230953051215,0.001146037609222678,0.005746090826723593,1.9844674545084815,6.387146941252938,6.477578747002163,98.0,6.43236284412755,0.04521590287461224,0.22670694455311866,1.9844674545084815,159975467009718.8,352020212552703.8,98.0,255997839781211.3,96022372771492.52,481444300695108.6,1.9844674545084815,17.65307108337025,18.14490871460955,98.0,17.8989898989899,0.24591881561964796,1.2330065254221743,1.9844674545084815,5.956835168213341,6.06336685198868,98.0,6.01010101010101,0.05326584188766987,0.26706834312012434,1.9844674545084815,99.0,1.0,-0.03940786471611372,-0.03383770038410198,98.0,-0.03662278255010785,0.0027850821660058717,0.013964057511701019,1.9844674545084815,QuantileRegressor,"{'mode': 'original', 'type': 'QuantileRegressor'}",3,"['z_density_T6W30', 'z_diameter_T6W30', 'z_asp_T6W30']",,,,,,,,7.641821067877172,7.76254996760978,98.0,7.702185517743476,0.06036444986630419,0.3026598855444638,1.9844674545084815,completed,True,COMPLETE
81,6.43236284412755,2026-06-12 07:41:21.919214,2026-06-12 07:41:24.027537,0 days 00:00:02.108323,,,,,,,,,,,,,,6.830562926281388,QuantileRegressor,,,,,,6,,,,,,,,False,-0.004618760704527799,-0.0023266854860824436,98.0,-0.0034727230953051215,0.001146037609222678,0.005746090826723593,1.9844674545084815,6.387146941252938,6.477578747002163,98.0,6.43236284412755,0.04521590287461224,0.22670694455311866,1.9844674545084815,159975467009718.8,352020212552703.8,98.0,255997839781211.3,96022372771492.52,481444300695108.6,1.9844674545084815,17.65307108337025,18.14490871460955,98.0,17.8989898989899,0.24591881561964796,1.2330065254221743,1.9844674545084815,5.956835168213341,6.06336685198868,98.0,6.01010101010101,0.05326584188766987,0.26706834312012434,1.9844674545084815,99.0,1.0,-0.03940786471611372,-0.03383770038410198,98.0,-0.03662278255010785,0.0027850821660058717,0.013964057511701019,1.9844674545084815,QuantileRegressor,"{'mode': 'original', 'type': 'QuantileRegressor'}",6,"['z_l2_T6W30', 'z_l3_T6W30', 'z_lsc_T6W30', 'z_density_T6W30', 'z_diameter_T6W30', 'z_asp_T6W30']",,,,,,,,7.641821067877172,7.76254996760978,98.0,7.702185517743476,0.06036444986630419,0.3026598855444638,1.9844674545084815,completed,False,COMPLETE
82,6.43236284412755,2026-06-12 07:41:24.039994,2026-06-12 07:41:26.366422,0 days 00:00:02.326428,,,,,,,,,,,,,,2.625455361204765,QuantileRegressor,,,,,,6,,,,,,,,False,-0.004618760704527799,-0.0023266854860824436,98.0,-0.0034727230953051215,0.001146037609222678,0.005746090826723593,1.9844674545084815,6.387146941252938,6.477578747002163,98.0,6.43236284412755,0.04521590287461224,0.22670694455311866,1.9844674545084815,159975467009718.8,352020212552703.8,98.0,255997839781211.3,96022372771492.52,481444300695108.6,1.9844674545084815,17.65307108337025,18.14490871460955,98.0,17.8989898989899,0.24591881561964796,1.2330065254221743,1.9844674545084815,5.956835168213341,6.06336685198868,98.0,6.01010101010101,0.05326584188766987,0.26706834312012434,1.9844674545084815,99.0,1.0,-0.03940786471611372,-0.03383770038410198,98.0,-0.03662278255010785,0.0027850821660058717,0.013964057511701019,1.9844674545084815,QuantileRegressor,"{'mode': 'original', 'type': 'QuantileRegressor'}",6,"['z_l2_T6W30', 'z_l3_T6W30', 'z_lsc_T6W30', 'z_density_T6W30', 'z_diameter_T6W30', 'z_asp_T6W30']",,,,,,,,7.641821067877172,7.76254996760978,98.0,7.702185517743476,0.06036444986630419,0.3026598855444638,1.9844674545084815,completed,False,COMPLETE
83,6.43236284412755,2026-06-12 07:41:26.379922,2026-06-12 07:41:28.496521,0 days 00:00:02.116599,,,,,,,,,,,,,,6.5752977848496075,QuantileRegressor,,,,,,5,,,,,,,,False,-0.004618760704527799,-0.0023266854860824436,98.0,-0.0034727230953051215,0.001146037609222678,0.005746090826723593,1.9844674545084815,6.387146941252938,6.477578747002163,98.0,6.43236284412755,0.04521590287461224,0.22670694455311866,1.9844674545084815,159975467009718.8,352020212552703.8,98.0,255997839781211.3,96022372771492.52,481444300695108.6,1.9844674545084815,17.65307108337025,18.14490871460955,98.0,17.8989898989899,0.24591881561964796,1.2330065254221743,1.9844674545084815,5.956835168213341,6.06336685198868,98.0,6.01010101010101,0.05326584188766987,0.26706834312012434,1.9844674545084815,99.0,1.0,-0.03940786471611372,-0.03383770038410198,98.0,-0.03662278255010785,0.0027850821660058717,0.013964057511701019,1.9844674545084815,QuantileRegressor,"{'mode': 'original', 'type': 'QuantileRegressor'}",5,"['z_l3_T6W30', 'z_lsc_T6W30', 'z_density_T6W30', 'z_diameter_T6W30', 'z_asp_T6W30']",,,,,,,,7.641821067877172,7.76254996760978,98.0,7.702185517743476,0.06036444986630419,0.3026598855444638,1.9844674545084815,completed,False,COMPLETE
84,6.43236284412755,2026-06-12 07:41:28.509023,2026-06-12 07:41:30.838460,0 days 00:00:02.329437,,,,,,,,,,,,,,9.548305671542245,QuantileRegressor,,,,,,7,,,,,,,,False,-0.004618760704527799,-0.0023266854860824436,98.0,-0.0034727230953051215,0.001146037609222678,0.005746090826723593,1.9844674545084815,6.387146941252938,6.477578747002163,98.0,6.43236284412755,0.04521590287461224,0.22670694455311866,1.9844674545084815,159975467009718.8,352020212552703.8,98.0,255997839781211.3,96022372771492.52,481444300695108.6,1.9844674545084815,17.65307108337025,18.14490871460955,98.0,17.8989898989899,0.24591881561964796,1.2330065254221743,1.9844674545084815,5.956835168213341,6.06336685198868,98.0,6.01010101010101,0.05326584188766987,0.26706834312012434,1.9844674545084815,99.0,1.0,-0.03940786471611372,-0.03383770038410198,98.0,-0.03662278255010785,0.0027850821660058717,0.013964057511701019,1.9844674545084815,QuantileRegressor,"{'mode': 'original', 'type': 'QuantileRegressor'}",7,"['z_l1_T6W30', 'z_l2_T6W30', 'z_l3_T6W30', 'z_lsc_T6W30', 'z_density_T6W30', 'z_diameter_T6W30', 'z_asp_T6W30']",,,,,,,,7.641821067877172,7.76254996760978,98.0,7.702185517743476,0.06036444986630419,0.3026598855444638,1.9844674545084815,completed,False,COMPLETE
85,6.37455527284245,2026-06-12 07:41:30.851542,2026-06-12 07:41:30.983394,0 days 00:00:00.131852,,,,0.01606255996965112,0.4509576275373732,,,,,,,,,,ElasticNet,,,,,,6,,,,,,,,False,,,,,,,,,,,,,,,,,,,,,,,,,,,,,,,,,,,,,,,,,,,,,ElasticNet,"{'mode': 'original', 'type': 'ElasticNet'}",6,"['z_l1_T6W30', 'z_l2_T6W30', 'z_l3_T6W30', 'z_lsc_T6W30', 'z_diameter_T6W30', 'z_asp_T6W30']",,,,,,,,,,,,,,,pruned,False,PRUNED
86,6.43236284412755,2026-06-12 07:41:30.992895,2026-06-12 07:41:33.230477,0 days 00:00:02.237582,,,,,,,,,,,,,,2.43983869904985,QuantileRegressor,,,,,,5,,,,,,,,False,-0.004618760704527799,-0.0023266854860824436,98.0,-0.0034727230953051215,0.001146037609222678,0.005746090826723593,1.9844674545084815,6.387146941252938,6.477578747002163,98.0,6.43236284412755,0.04521590287461224,0.22670694455311866,1.9844674545084815,159975467009718.8,352020212552703.8,98.0,255997839781211.3,96022372771492.52,481444300695108.6,1.9844674545084815,17.65307108337025,18.14490871460955,98.0,17.8989898989899,0.24591881561964796,1.2330065254221743,1.9844674545084815,5.956835168213341,6.06336685198868,98.0,6.01010101010101,0.05326584188766987,0.26706834312012434,1.9844674545084815,99.0,1.0,-0.03940786471611372,-0.03383770038410198,98.0,-0.03662278255010785,0.0027850821660058717,0.013964057511701019,1.9844674545084815,QuantileRegressor,"{'mode': 'original', 'type': 'QuantileRegressor'}",5,"['z_l3_T6W30', 'z_lsc_T6W30', 'z_density_T6W30', 'z_diameter_T6W30', 'z_asp_T6W30']",,,,,,,,7.641821067877172,7.76254996760978,98.0,7.702185517743476,0.06036444986630419,0.3026598855444638,1.9844674545084815,completed,False,COMPLETE
87,6.574419339877408,2026-06-12 07:41:33.244391,2026-06-12 07:41:35.092105,0 days 00:00:01.847714,,,,,,,,,,,,,,,LinearRegression,,,,,,9,,,,,,,,False,-0.033666274548875455,-0.017859250285261558,98.0,-0.025762762417068506,0.007903512131806947,0.0396272322950009,1.9844674545084815,6.509306102602152,6.639532577152663,98.0,6.574419339877408,0.06511323727525539,0.326469718266396,1.9844674545084815,154814102914523.75,341258124222999.94,98.0,248036113568761.84,93222010654238.1,467403631397725.0,1.9844674545084815,17.310219607144884,17.93154201875745,98.0,17.620880812951167,0.31066120580628415,1.5576168622538915,1.9844674545084815,5.873255151013413,6.098448858569134,98.0,5.9858520047912736,0.11259685377786119,0.5645466984715628,1.9844674545084815,99.0,0.8484848484848485,-0.08634303017920758,-0.054598574951324114,98.0,-0.07047080256526585,0.01587222761394173,0.07958138612396834,1.9844674545084815,LinearRegression,"{'mode': 'original', 'type': 'LinearRegression'}",9,"['z_re_T6W30', 'z_pe_T6W30', 'z_l1_T6W30', 'z_l2_T6W30', 'z_l3_T6W30', 'z_lsc_T6W30', 'z_density_T6W30', 'z_diameter_T6W30', 'z_asp_T6W30']",-0.034306871446351916,0.01661021779102937,98.0,-0.008848326827661275,0.025458544618690643,0.1276459939167386,1.9844674545084815,7.743184807256475,7.897561245857298,98.0,7.8203730265568865,0.07718821930041138,0.38701218466473875,1.9844674545084815,completed,False,COMPLETE
88,6.4684641573719235,2026-06-12 07:41:35.104626,2026-06-12 07:41:35.293213,0 days 00:00:00.188587,,,,,,,,,,,,,,0.0021361301175131567,QuantileRegressor,,,,,,7,,,,,,,,False,,,,,,,,,,,,,,,,,,,,,,,,,,,,,,,,,,,,,,,,,,,,,QuantileRegressor,"{'mode': 'original', 'type': 'QuantileRegressor'}",7,"['z_pe_T6W30', 'z_l1_T6W30', 'z_l2_T6W30', 'z_l3_T6W30', 'z_lsc_T6W30', 'z_density_T6W30', 'z_diameter_T6W30']",,,,,,,,,,,,,,,pruned,False,PRUNED
89,6.650243039005294,2026-06-12 07:41:35.302603,2026-06-12 07:41:37.263259,0 days 00:00:01.960656,,,,,,,,,,,,,,,RandomForestRegressor,20.0,,3.0,2.0,216.0,6,,,,,,,,False,,,,,,,,,,,,,,,,,,,,,,,,,,,,,,,,,,,,,,,,,,,,,RandomForestRegressor,"{'mode': 'original', 'type': 'RandomForestRegressor'}",6,"['z_re_T6W30', 'z_pe_T6W30', 'z_l1_T6W30', 'z_l2_T6W30', 'z_l3_T6W30', 'z_lsc_T6W30']",,,,,,,,,,,,,,,pruned,False,PRUNED
90,6.43236284412755,2026-06-12 07:41:37.272857,2026-06-12 07:41:39.400904,0 days 00:00:02.128047,,,,,,,,,,,,,,4.910982051941129,QuantileRegressor,,,,,,5,,,,,,,,False,-0.004618760704527799,-0.0023266854860824436,98.0,-0.0034727230953051215,0.001146037609222678,0.005746090826723593,1.9844674545084815,6.387146941252938,6.477578747002163,98.0,6.43236284412755,0.04521590287461224,0.22670694455311866,1.9844674545084815,159975467009718.8,352020212552703.8,98.0,255997839781211.3,96022372771492.52,481444300695108.6,1.9844674545084815,17.65307108337025,18.14490871460955,98.0,17.8989898989899,0.24591881561964796,1.2330065254221743,1.9844674545084815,5.956835168213341,6.06336685198868,98.0,6.01010101010101,0.05326584188766987,0.26706834312012434,1.9844674545084815,99.0,1.0,-0.03940786471611372,-0.03383770038410198,98.0,-0.03662278255010785,0.0027850821660058717,0.013964057511701019,1.9844674545084815,QuantileRegressor,"{'mode': 'original', 'type': 'QuantileRegressor'}",5,"['z_l3_T6W30', 'z_lsc_T6W30', 'z_density_T6W30', 'z_diameter_T6W30', 'z_asp_T6W30']",,,,,,,,7.641821067877172,7.76254996760978,98.0,7.702185517743476,0.06036444986630419,0.3026598855444638,1.9844674545084815,completed,False,COMPLETE
91,6.43236284412755,2026-06-12 07:41:39.413619,2026-06-12 07:41:41.695501,0 days 00:00:02.281882,,,,,,,,,,,,,,3.5338891814330946,QuantileRegressor,,,,,,6,,,,,,,,False,-0.004618760704527799,-0.0023266854860824436,98.0,-0.0034727230953051215,0.001146037609222678,0.005746090826723593,1.9844674545084815,6.387146941252938,6.477578747002163,98.0,6.43236284412755,0.04521590287461224,0.22670694455311866,1.9844674545084815,159975467009718.8,352020212552703.8,98.0,255997839781211.3,96022372771492.52,481444300695108.6,1.9844674545084815,17.65307108337025,18.14490871460955,98.0,17.8989898989899,0.24591881561964796,1.2330065254221743,1.9844674545084815,5.956835168213341,6.06336685198868,98.0,6.01010101010101,0.05326584188766987,0.26706834312012434,1.9844674545084815,99.0,1.0,-0.03940786471611372,-0.03383770038410198,98.0,-0.03662278255010785,0.0027850821660058717,0.013964057511701019,1.9844674545084815,QuantileRegressor,"{'mode': 'original', 'type': 'QuantileRegressor'}",6,"['z_l2_T6W30', 'z_l3_T6W30', 'z_lsc_T6W30', 'z_density_T6W30', 'z_diameter_T6W30', 'z_asp_T6W30']",,,,,,,,7.641821067877172,7.76254996760978,98.0,7.702185517743476,0.06036444986630419,0.3026598855444638,1.9844674545084815,completed,False,COMPLETE
92,6.43236284412755,2026-06-12 07:41:41.708274,2026-06-12 07:41:43.894017,0 days 00:00:02.185743,,,,,,,,,,,,,,9.93454832293435,QuantileRegressor,,,,,,6,,,,,,,,False,-0.004618760704527799,-0.0023266854860824436,98.0,-0.0034727230953051215,0.001146037609222678,0.005746090826723593,1.9844674545084815,6.387146941252938,6.477578747002163,98.0,6.43236284412755,0.04521590287461224,0.22670694455311866,1.9844674545084815,159975467009718.8,352020212552703.8,98.0,255997839781211.3,96022372771492.52,481444300695108.6,1.9844674545084815,17.65307108337025,18.14490871460955,98.0,17.8989898989899,0.24591881561964796,1.2330065254221743,1.9844674545084815,5.956835168213341,6.06336685198868,98.0,6.01010101010101,0.05326584188766987,0.26706834312012434,1.9844674545084815,99.0,1.0,-0.03940786471611372,-0.03383770038410198,98.0,-0.03662278255010785,0.0027850821660058717,0.013964057511701019,1.9844674545084815,QuantileRegressor,"{'mode': 'original', 'type': 'QuantileRegressor'}",6,"['z_l2_T6W30', 'z_l3_T6W30', 'z_lsc_T6W30', 'z_density_T6W30', 'z_diameter_T6W30', 'z_asp_T6W30']",,,,,,,,7.641821067877172,7.76254996760978,98.0,7.702185517743476,0.06036444986630419,0.3026598855444638,1.9844674545084815,completed,False,COMPLETE
93,6.43863717546629,2026-06-12 07:41:43.906066,2026-06-12 07:41:46.241441,0 days 00:00:02.335375,,,,,,,,,,,,,,0.0213046407839766,QuantileRegressor,,,,,,7,,,,,,,,False,-0.00602792655782603,-0.0028493335995962796,98.0,-0.004438630078711155,0.0015892964791148748,0.00796853597656381,1.9844674545084815,6.392330221251193,6.484944129681388,98.0,6.43863717546629,0.04630695421509748,0.23217734102928575,1.9844674545084815,159763113211051.7,351603809686102.75,98.0,255683461448577.22,95920348237525.53,480932762300547.5,1.9844674545084815,17.64373410630505,18.124997085822468,98.0,17.88436559606376,0.24063148975870824,1.2064965275102812,1.9844674545084815,5.955688249678281,6.0676411456393575,98.0,6.011664697658819,0.05597644798053859,0.28065898681257556,1.9844674545084815,99.0,1.0,-0.03976145323741453,-0.03414572454829196,98.0,-0.036953588892853245,0.0028078643445612838,0.014078284537198745,1.9844674545084815,QuantileRegressor,"{'mode': 'original', 'type': 'QuantileRegressor'}",7,"['z_l1_T6W30', 'z_l2_T6W30', 'z_l3_T6W30', 'z_lsc_T6W30', 'z_density_T6W30', 'z_diameter_T6W30', 'z_asp_T6W30']",-0.21720341794135095,0.047886642100183285,5.0,-0.08465838792058383,0.13254503002076712,0.1263012470530393,2.5705818356363146,7.643358318251544,7.7632831712313175,98.0,7.703320744741431,0.0599624264898867,0.30064419005875653,1.9844674545084815,completed,False,COMPLETE
94,6.43236284412755,2026-06-12 07:41:46.254643,2026-06-12 07:41:48.428412,0 days 00:00:02.173769,,,,,,,,,,,,,,6.303921928757115,QuantileRegressor,,,,,,4,,,,,,,,False,-0.004618760704527799,-0.0023266854860824436,98.0,-0.0034727230953051215,0.001146037609222678,0.005746090826723593,1.9844674545084815,6.387146941252938,6.477578747002163,98.0,6.43236284412755,0.04521590287461224,0.22670694455311866,1.9844674545084815,159975467009718.8,352020212552703.8,98.0,255997839781211.3,96022372771492.52,481444300695108.6,1.9844674545084815,17.65307108337025,18.14490871460955,98.0,17.8989898989899,0.24591881561964796,1.2330065254221743,1.9844674545084815,5.956835168213341,6.06336685198868,98.0,6.01010101010101,0.05326584188766987,0.26706834312012434,1.9844674545084815,99.0,1.0,-0.03940786471611372,-0.03383770038410198,98.0,-0.03662278255010785,0.0027850821660058717,0.013964057511701019,1.9844674545084815,QuantileRegressor,"{'mode': 'original', 'type': 'QuantileRegressor'}",4,"['z_lsc_T6W30', 'z_density_T6W30', 'z_diameter_T6W30', 'z_asp_T6W30']",,,,,,,,7.641821067877172,7.76254996760978,98.0,7.702185517743476,0.06036444986630419,0.3026598855444638,1.9844674545084815,completed,False,COMPLETE
95,6.576361980483213,2026-06-12 07:41:48.463175,2026-06-12 07:42:06.440027,0 days 00:00:17.976852,,,,,,10.0,sqrt,2.0,7.0,341.0,,,,,ExtraTreesRegressor,,,,,,6,,,,,,,,False,-0.030936009134741347,-0.020896996067864344,98.0,-0.025916502601302845,0.0050195065334385025,0.025167184928628236,1.9844674545084815,6.519592048131065,6.633131912835362,98.0,6.576361980483213,0.056769932352148396,0.28463741931091924,1.9844674545084815,178192636927763.97,392524357428665.4,98.0,285358497178214.7,107165860250450.72,537316368649302.2,1.9844674545084815,16.95502830001903,17.448615702921373,98.0,17.2018220014702,0.2467937014511715,1.2373930947725096,1.9844674545084815,6.125739283610293,6.309236539046281,98.0,6.217487911328287,0.09174862771799389,0.4600162715885244,1.9844674545084815,99.0,0.9090909090909091,-0.06896260884071509,-0.050873861089836644,98.0,-0.05991823496527587,0.009044373875439224,0.04534737197182329,1.9844674545084815,ExtraTreesRegressor,"{'mode': 'original', 'type': 'ExtraTreesRegressor'}",6,"['z_re_T6W30', 'z_pe_T6W30', 'z_l1_T6W30', 'z_l2_T6W30', 'z_l3_T6W30', 'z_lsc_T6W30']",-0.09067383927807321,-0.0429572643021397,98.0,-0.06681555179010645,0.023858287487966756,0.11962250258865871,1.9844674545084815,7.718688273885329,7.85414955422222,98.0,7.786418914053774,0.06773064016844572,0.33959305264335576,1.9844674545084815,completed,False,COMPLETE
