number,value,datetime_start,datetime_complete,duration,params_bag_n_estimators,params_dt_max_depth,params_dt_min_samples_split,params_elastic_alpha,params_elastic_l1_ratio,params_et_max_depth,params_et_min_samples_split,params_et_n_estimators,params_gpr_alpha,params_knn_metric,params_knn_n_neighbors,params_knn_weights,params_regressor,params_rf_max_depth,params_rf_min_samples_split,params_rf_n_estimators,params_rfe_n_features,params_rfe_proxy_et_max_depth,params_rfe_proxy_et_min_samples_split,params_rfe_proxy_et_n_estimators,params_rfe_proxy_svc_C,params_rfe_proxy_type,params_ridge_alpha,params_ridge_solver,params_stack_final_estimator,params_svr_C,params_svr_degree,params_svr_epsilon,params_svr_gamma,params_svr_kernel,params_use_scaler,user_attrs_d2mae_ci_lower_val,user_attrs_d2mae_ci_upper_val,user_attrs_d2mae_df_val,user_attrs_d2mae_mean_val,user_attrs_d2mae_samperror_val,user_attrs_d2mae_std_val,user_attrs_d2mae_t_critical_val,user_attrs_mae_ci_lower_val,user_attrs_mae_ci_upper_val,user_attrs_mae_df_val,user_attrs_mae_mean_val,user_attrs_mae_samperror_val,user_attrs_mae_std_val,user_attrs_mae_t_critical_val,user_attrs_mape_ci_lower_val,user_attrs_mape_ci_upper_val,user_attrs_mape_df_val,user_attrs_mape_mean_val,user_attrs_mape_samperror_val,user_attrs_mape_std_val,user_attrs_mape_t_critical_val,user_attrs_max_error_ci_lower_val,user_attrs_max_error_ci_upper_val,user_attrs_max_error_df_val,user_attrs_max_error_mean_val,user_attrs_max_error_samperror_val,user_attrs_max_error_std_val,user_attrs_max_error_t_critical_val,user_attrs_median_ae_ci_lower_val,user_attrs_median_ae_ci_upper_val,user_attrs_median_ae_df_val,user_attrs_median_ae_mean_val,user_attrs_median_ae_samperror_val,user_attrs_median_ae_std_val,user_attrs_median_ae_t_critical_val,user_attrs_n_splits_val,user_attrs_r2_below_zero_val,user_attrs_r2_ci_lower_val,user_attrs_r2_ci_upper_val,user_attrs_r2_df_val,user_attrs_r2_mean_val,user_attrs_r2_samperror_val,user_attrs_r2_std_val,user_attrs_r2_t_critical_val,user_attrs_regressor_final,user_attrs_rfe_clf,user_attrs_rfe_n_features,user_attrs_rfe_selected_features,user_attrs_rho_ci_lower_val,user_attrs_rho_ci_upper_val,user_attrs_rho_df_val,user_attrs_rho_mean_val,user_attrs_rho_samperror_val,user_attrs_rho_std_val,user_attrs_rho_t_critical_val,user_attrs_rmse_ci_lower_val,user_attrs_rmse_ci_upper_val,user_attrs_rmse_df_val,user_attrs_rmse_mean_val,user_attrs_rmse_samperror_val,user_attrs_rmse_std_val,user_attrs_rmse_t_critical_val,user_attrs_termination_reason,user_attrs_use_scaler_final,state
39,1.7407527737423978,2026-06-20 18:20:45.617955,2026-06-20 18:20:52.503922,0 days 00:00:06.885967,,,,,,,,,,,,,SVR,,,,9,3.0,4.0,70.0,,ExtraTrees,,,,0.008452861577802246,,0.005826889041624243,auto,rbf,,-0.000800733785706599,-0.0006007290347225752,398.0,-0.0007007314102145871,0.00010000237549201188,0.0010160755285635262,1.9659423239762661,1.7291094563657947,1.7523960911190009,398.0,1.7407527737423978,0.011643317376602987,0.11830208831998974,1.9659423239762661,0.26860049318889156,0.2778473333268522,398.0,0.2732239132578719,0.004623420068980323,0.04697632398478022,1.9659423239762661,5.834766833548073,5.97655310193135,398.0,5.9056599677397115,0.07089313419163794,0.7203106770303416,1.9659423239762661,1.0819776587143026,1.1376261429835244,398.0,1.1098019008489135,0.02782424213461086,0.28270859961784184,1.9659423239762661,399.0,0.8020050125313283,-0.007370123725757555,-0.005629503218747203,398.0,-0.006499813472252379,0.000870310253505176,0.008842799448450756,1.9659423239762661,SVR,"{'mode': 'proxy', 'type': 'ExtraTrees', 'n_estimators': 70, 'max_depth': 3, 'min_samples_split': 4}",9,"['nodes_T6W30', 'edges_T6W30', 're_T6W30', 'pe_T6W30', 'l2_T6W30', 'lcc_T6W30', 'atd_T6W30', 'density_T6W30', 'asp_T6W30']",0.08905155714173722,0.11234319181659348,398.0,0.10069737447916535,0.011645817337428126,0.11832748920676163,1.9659423239762661,2.2428927207659215,2.276875519793157,398.0,2.259884120279539,0.01699139951361783,0.17264135133682257,1.9659423239762661,completed,True,COMPLETE
40,1.834759108327248,2026-06-20 18:20:52.521837,2026-06-20 18:20:58.525800,0 days 00:00:06.003963,,2.0,20.0,,,,,,,,,,DecisionTreeRegressor,,,,5,,,,,,,,,,,,,,True,-0.06075154100715336,-0.04993008679045217,398.0,-0.055340813898802764,0.005410727108350599,0.054975768120323176,1.9659423239762661,1.8205496311463352,1.848968585508161,398.0,1.834759108327248,0.014209477180912866,0.14437559074144887,1.9659423239762661,0.28380812172834413,0.2935449409588765,398.0,0.2886765313436103,0.004868409615266169,0.049465543680914485,1.9659423239762661,5.9787505377345465,6.10814909837495,398.0,6.043449818054748,0.06469928032020149,0.657377938529867,1.9659423239762661,1.4542982745382032,1.49233455217358,398.0,1.4733164133558916,0.01901813881768839,0.19323406425501186,1.9659423239762661,399.0,0.7944862155388471,-0.09176543429870075,-0.07172013510390361,398.0,-0.08174278470130218,0.010022649597398566,0.10183527078411485,1.9659423239762661,DecisionTreeRegressor,"{'mode': 'original', 'type': 'DecisionTreeRegressor'}",5,"['re_T6W30', 'l2_T6W30', 'density_T6W30', 'diameter_T6W30', 'asp_T6W30']",0.06235672621449117,0.08813090579162097,383.0,0.07524381600305607,0.012887089788564905,0.12843926536654487,1.9661771911465886,2.3199490385852943,2.3582071062926406,398.0,2.3390780724389675,0.019129033853673125,0.194360814812175,1.9659423239762661,completed,True,COMPLETE
41,1.739706834725135,2026-06-20 18:20:58.543554,2026-06-20 18:21:05.420954,0 days 00:00:06.877400,,,,,,,,,,,,,SVR,,,,6,3.0,2.0,50.0,,ExtraTrees,,,,0.0010311926441527633,,0.001071610923554068,auto,rbf,,-0.00010781195499366752,-8.041739599454278e-05,398.0,-9.411467549410515e-05,1.3697279499562376e-05,0.0001391713990685342,1.9659423239762661,1.7280581994677162,1.7513554699825538,398.0,1.739706834725135,0.011648635257418844,0.11835612072206245,1.9659423239762661,0.2684054334008334,0.2776541342920053,398.0,0.27302978384641935,0.00462435044558598,0.04698577708923605,1.9659423239762661,5.835680418977708,5.9783809759318896,398.0,5.907030697454799,0.07135027847709091,0.7249554979077067,1.9659423239762661,1.068490782942462,1.126041444478011,398.0,1.0972661137102364,0.028775330767774398,0.29237214891752417,1.9659423239762661,399.0,0.9147869674185464,-0.008502868312149471,-0.006734402399004381,398.0,-0.007618635355576926,0.0008842329565725449,0.00898426126681866,1.9659423239762661,SVR,"{'mode': 'proxy', 'type': 'ExtraTrees', 'n_estimators': 50, 'max_depth': 3, 'min_samples_split': 2}",6,"['nodes_T6W30', 're_T6W30', 'pe_T6W30', 'l2_T6W30', 'atd_T6W30', 'density_T6W30']",0.09048675060724998,0.1144254754961091,398.0,0.10245611305167954,0.011969362444429565,0.12161487377131021,1.9659423239762661,2.2441422624429537,2.2781033553336565,398.0,2.261122808888305,0.016980546445351234,0.1725310785855878,1.9659423239762661,completed,True,COMPLETE
42,1.739735779604552,2026-06-20 18:21:05.470886,2026-06-20 18:21:12.464531,0 days 00:00:06.993645,,,,,,,,,,,,,SVR,,,,6,3.0,2.0,40.0,,ExtraTrees,,,,0.0011023849495472278,,0.0030068166072555968,auto,rbf,,-0.0001295920172905904,-9.344559940805249e-05,398.0,-0.00011151880834932144,1.8073208941268954e-05,0.000183633091088979,1.9659423239762661,1.7280887952487998,1.7513827639603043,398.0,1.739735779604552,0.011646984355752186,0.11833934671269215,1.9659423239762661,0.26843057585372454,0.2776796983348754,398.0,0.27305513709429996,0.004624561240575416,0.046987918874661194,1.9659423239762661,5.83547603990465,5.978049328640978,398.0,5.906762684272814,0.07128664436816361,0.7243089426579453,1.9659423239762661,1.0696778793449049,1.1270520084855131,398.0,1.098364943915209,0.028687064570304167,0.2914753189891589,1.9659423239762661,399.0,0.8872180451127819,-0.008339165305359617,-0.006578377646178928,398.0,-0.007458771475769272,0.0008803938295903449,0.008945253763662168,1.9659423239762661,SVR,"{'mode': 'proxy', 'type': 'ExtraTrees', 'n_estimators': 40, 'max_depth': 3, 'min_samples_split': 2}",6,"['nodes_T6W30', 're_T6W30', 'pe_T6W30', 'l2_T6W30', 'atd_T6W30', 'density_T6W30']",0.10839929157152704,0.13243483577284274,398.0,0.1204170636721849,0.012017772100657848,0.12210674075744654,1.9659423239762661,2.243964091177739,2.2779266158692533,398.0,2.2609453535234962,0.016981262345757215,0.17253835250163055,1.9659423239762661,completed,True,COMPLETE
43,1.740088523359935,2026-06-20 18:21:12.502615,2026-06-20 18:21:19.332911,0 days 00:00:06.830296,,,,,,,,,,,,,SVR,,,,7,4.0,3.0,40.0,,ExtraTrees,,,,0.0036948659381138044,,0.00444114236974044,auto,rbf,,-0.0003680209891838573,-0.0002644453681518983,398.0,-0.0003162331786678778,5.1787810515979505e-05,0.000526190769812012,1.9659423239762661,1.7284436881845433,1.7517333585353267,398.0,1.740088523359935,0.01164483517539168,0.11831750993571526,1.9659423239762661,0.26849328985894405,0.27774072852731835,398.0,0.2731170091931312,0.004623719334187164,0.046979364673081135,1.9659423239762661,5.83523246893316,5.977532129843405,398.0,5.906382299388283,0.07114983045512283,0.7229188429895743,1.9659423239762661,1.0747969614461987,1.1314729133070305,398.0,1.1031349373766146,0.02833797593041577,0.2879283990030586,1.9659423239762661,399.0,0.8320802005012531,-0.007884472382689382,-0.006135052109001496,398.0,-0.00700976224584544,0.0008747101368439431,0.008887504524375806,1.9659423239762661,SVR,"{'mode': 'proxy', 'type': 'ExtraTrees', 'n_estimators': 40, 'max_depth': 4, 'min_samples_split': 3}",7,"['nodes_T6W30', 're_T6W30', 'pe_T6W30', 'l2_T6W30', 'lcc_T6W30', 'atd_T6W30', 'density_T6W30']",0.0987281281756469,0.12264711010703853,398.0,0.11068761914134272,0.011959490965695813,0.12151457447419098,1.9659423239762661,2.2434622549140384,2.2774361088963806,398.0,2.2604491819052095,0.016986926991170947,0.17259590821022813,1.9659423239762661,completed,True,COMPLETE
44,8.15047422477763,2026-06-20 18:21:19.352114,2026-06-20 18:22:39.077042,0 days 00:01:19.724928,,,,,,,,,0.07297884142791405,,,,GaussianProcessRegressor,,,,6,3.0,2.0,40.0,,ExtraTrees,,,,,,,,,,-3.746349718734595,-3.6738174039679246,398.0,-3.7100835613512597,0.036266157383335156,0.368482797042994,1.9659423239762661,8.139053374042271,8.161895075512989,398.0,8.15047422477763,0.01142085073535897,0.11604171291412928,1.9659423239762661,1.0,1.0,398.0,1.0,0.0,0.0,1.9659423239762661,13.3659726363038,13.571370722092189,398.0,13.468671679197994,0.10269904289419442,1.043475055250285,1.9659423239762661,8.0,8.0,398.0,8.0,0.0,0.0,1.9659423239762661,399.0,1.0,-13.602492991286825,-13.135647454178637,398.0,-13.36907022273273,0.23342276855409386,2.3716952899414667,1.9659423239762661,GaussianProcessRegressor,"{'mode': 'proxy', 'type': 'ExtraTrees', 'n_estimators': 40, 'max_depth': 3, 'min_samples_split': 2}",6,"['nodes_T6W30', 're_T6W30', 'pe_T6W30', 'l2_T6W30', 'atd_T6W30', 'density_T6W30']",,,,,,,,8.448940356928123,8.46756156667334,398.0,8.458250961800731,0.009310604872607696,0.09460053044376618,1.9659423239762661,completed,True,COMPLETE
45,2.420266352154897,2026-06-20 18:22:39.095315,2026-06-20 18:22:45.770263,0 days 00:00:06.674948,,,,,,,,,,minkowski,1.0,uniform,KNeighborsRegressor,,,,5,4.0,3.0,50.0,,ExtraTrees,,,,,,,,,,-0.4099984006850412,-0.38091994456800177,398.0,-0.39545917262652147,0.014539228058519725,0.14772602912463947,1.9659423239762661,2.396766516790646,2.4437661875191483,398.0,2.420266352154897,0.023499835364251282,0.238770404416991,1.9659423239762661,0.3554831892304297,0.3659687631886464,398.0,0.36072597620953806,0.00524278697910834,0.05326941009885311,1.9659423239762661,7.7555302039545495,7.953742979002843,398.0,7.854636591478696,0.09910638752414733,1.0069718303408048,1.9659423239762661,1.9839388762341006,2.036111249079183,398.0,2.010025062656642,0.02608618642254116,0.26504906035564557,1.9659423239762661,399.0,1.0,-0.9578451396128851,-0.8809319712743202,398.0,-0.9193885554436027,0.038456584169282486,0.3907386588998848,1.9659423239762661,KNeighborsRegressor,"{'mode': 'proxy', 'type': 'ExtraTrees', 'n_estimators': 50, 'max_depth': 4, 'min_samples_split': 3}",5,"['re_T6W30', 'pe_T6W30', 'l2_T6W30', 'atd_T6W30', 'density_T6W30']",0.08495161400321048,0.1084444216203607,398.0,0.0966980178117856,0.01174640380857511,0.11934949944736013,1.9659423239762661,3.0659741378444,3.1192346365766794,398.0,3.0926043872105398,0.02663024936613964,0.27057701946930496,1.9659423239762661,completed,True,COMPLETE
46,1.9123348576527275,2026-06-20 18:22:45.789343,2026-06-20 18:22:58.708011,0 days 00:00:12.918668,,,,,,,,,,,,,RandomForestRegressor,8.0,2.0,15.0,9,,,,,,,,,,,,,,True,-0.10683253305729237,-0.09360689810694406,398.0,-0.10021971558211822,0.006612817475174161,0.06718962402966544,1.9659423239762661,1.8968890528557323,1.9277806624497227,398.0,1.9123348576527275,0.015445804796995142,0.15693731469858455,1.9659423239762661,0.2910485077456114,0.3010863408132809,398.0,0.29606742427944616,0.005018916533834724,0.050994771322604125,1.9659423239762661,6.095564265534098,6.250859453950922,398.0,6.17321185974251,0.07764759420841176,0.7889394620760816,1.9659423239762661,1.54216214055441,1.582248541540799,398.0,1.5622053410476044,0.02004320049319445,0.20364921768137453,1.9659423239762661,399.0,0.9273182957393483,-0.1736590539132114,-0.14886019829457853,398.0,-0.16125962610389497,0.012399427809316433,0.12598455889923194,1.9659423239762661,RandomForestRegressor,"{'mode': 'original', 'type': 'RandomForestRegressor'}",9,"['re_T6W30', 'pe_T6W30', 'l1_T6W30', 'l2_T6W30', 'l3_T6W30', 'lsc_T6W30', 'atd_T6W30', 'diameter_T6W30', 'asp_T6W30']",0.009812879257833234,0.03639282627336522,398.0,0.023102852765599226,0.013289973507765993,0.13503296086778707,1.9659423239762661,2.402028703450512,2.4408125052523704,398.0,2.4214206043514412,0.019391900900929276,0.1970316791058343,1.9659423239762661,completed,True,COMPLETE
47,1.7916307181711242,2026-06-20 18:22:58.727072,2026-06-20 18:23:19.944475,0 days 00:00:21.217403,,,,,,20.0,8.0,72.0,,,,,ExtraTreesRegressor,,,,3,,,,,,,,,,,,,,True,-0.035815094017159994,-0.02469912213658814,398.0,-0.030257108076874067,0.005557985940285928,0.05647199353255139,1.9659423239762661,1.7768990424922408,1.8063623938500075,398.0,1.7916307181711242,0.014731675678883354,0.14968139585087675,1.9659423239762661,0.27405978980196477,0.28361314492862777,398.0,0.27883646736529627,0.0047766775633314995,0.04853349889000668,1.9659423239762661,5.946773161764526,6.050848561363672,398.0,5.998810861564099,0.05203769979957304,0.5287297733572822,1.9659423239762661,1.4250768077102796,1.4646961606654456,398.0,1.4448864841878626,0.019809676477583065,0.20127649366929773,1.9659423239762661,399.0,0.6716791979949874,-0.06410658157040776,-0.04438822904144034,398.0,-0.05424740530592405,0.009859176264483713,0.10017429770892257,1.9659423239762661,ExtraTreesRegressor,"{'mode': 'original', 'type': 'ExtraTreesRegressor'}",3,"['re_T6W30', 'l2_T6W30', 'atd_T6W30']",0.10875344841624468,0.13385484161065123,398.0,0.12130414501344795,0.012550696597203275,0.1275215275247379,1.9659423239762661,2.290186719364861,2.327712586044251,398.0,2.308949652704556,0.01876293333969495,0.1906410454425217,1.9659423239762661,completed,True,COMPLETE
48,1.7969637753598708,2026-06-20 18:23:19.964474,2026-06-20 18:23:26.360436,0 days 00:00:06.395962,,,,,,,,,,,,,Ridge,,,,7,,,,,,0.10902467877162253,lsqr,,,,,,,True,-0.037921872512685514,-0.029225008266944585,398.0,-0.03357344038981505,0.004348432122870466,0.04418230512955323,1.9659423239762661,1.7840977246078196,1.8098298261119221,398.0,1.7969637753598708,0.012866050752051352,0.130725687805886,1.9659423239762661,0.2781780736533879,0.28782175263295334,398.0,0.28299991314317063,0.004821839489782735,0.04899236727252377,1.9659423239762661,5.78205862144045,5.919588084261603,398.0,5.850823352851027,0.06876473141057665,0.6986850109386827,1.9659423239762661,1.4496119302041772,1.4778363334675384,398.0,1.4637241318358578,0.014112201631680647,0.14338722116906477,1.9659423239762661,399.0,0.5513784461152882,-0.03474934810227866,-0.01921141933447893,398.0,-0.026980383718378794,0.007768964383899865,0.0789366707933135,1.9659423239762661,Ridge,"{'mode': 'original', 'type': 'Ridge'}",7,"['nodes_T6W30', 're_T6W30', 'pe_T6W30', 'l2_T6W30', 'atd_T6W30', 'diameter_T6W30', 'asp_T6W30']",0.07811005091562648,0.10414558998092838,398.0,0.09112782044827743,0.013017769532650943,0.13226722858861528,1.9659423239762661,2.262395630958913,2.297372761138736,398.0,2.2798841960488243,0.017488565089911437,0.17769280909700816,1.9659423239762661,completed,True,COMPLETE
49,1.8587265847327763,2026-06-20 18:23:26.378216,2026-06-20 18:25:02.152730,0 days 00:01:35.774514,154.0,,,,,,,,,,,,BaggingRegressor,,,,8,5.0,2.0,50.0,,ExtraTrees,,,,,,,,,True,-0.07503704436915994,-0.06282207550195183,398.0,-0.06892955993555588,0.0061074844336040535,0.06205518062481876,1.9659423239762661,1.84317235456225,1.8742808149033026,398.0,1.8587265847327763,0.015554230170526298,0.15803897221600188,1.9659423239762661,0.284753667562781,0.2949330139120798,398.0,0.2898433407374304,0.005089673174649437,0.05171369515677777,1.9659423239762661,6.113099409467847,6.246240498744242,398.0,6.1796699541060445,0.06657054463819745,0.676390945687299,1.9659423239762661,1.4825189832271106,1.5213543364356825,398.0,1.5019366598313966,0.01941767660428601,0.1972935734986768,1.9659423239762661,399.0,0.8521303258145363,-0.1295790368357268,-0.10720111119360864,398.0,-0.11839007401466772,0.011188962821059084,0.11368561253220816,1.9659423239762661,BaggingRegressor,"{'mode': 'proxy', 'type': 'ExtraTrees', 'n_estimators': 50, 'max_depth': 5, 'min_samples_split': 2}",8,"['nodes_T6W30', 'edges_T6W30', 're_T6W30', 'pe_T6W30', 'l2_T6W30', 'atd_T6W30', 'density_T6W30', 'diameter_T6W30']",0.04231611946411447,0.06849447507797145,398.0,0.05540529727104296,0.013089177806928491,0.13299277335366103,1.9659423239762661,2.3579635610276104,2.3980965407040533,398.0,2.378030050865832,0.020066489838221305,0.20388584939578763,1.9659423239762661,completed,True,COMPLETE
50,1.740269935287704,2026-06-20 18:25:02.171116,2026-06-20 18:25:09.043206,0 days 00:00:06.872090,,,,,,,,,,,,,SVR,,,,6,3.0,3.0,30.0,,ExtraTrees,,,,0.004797729288336769,,0.0035777437725019222,scale,rbf,,-0.0004814800347250937,-0.0003611069801493525,398.0,-0.0004212935074372231,6.018652728787057e-05,0.0006115260485118288,1.9659423239762661,1.7286258341270635,1.7519140364483445,398.0,1.740269935287704,0.011644101160640586,0.11831005196861676,1.9659423239762661,0.2685202472320096,0.27776793555761103,398.0,0.27314409139481033,0.004623844162800689,0.0469806329959469,1.9659423239762661,5.83513637984232,5.977381652443453,398.0,5.9062590161428865,0.07112263630056706,0.7226425364035743,1.9659423239762661,1.0756811505212007,1.1322295238853872,398.0,1.103955337203294,0.02827418668209326,0.28728026745731206,1.9659423239762661,399.0,0.8345864661654135,-0.007880769490891925,-0.006133655186863946,398.0,-0.007007212338877936,0.0008735571520139891,0.008875789605957545,1.9659423239762661,SVR,"{'mode': 'proxy', 'type': 'ExtraTrees', 'n_estimators': 30, 'max_depth': 3, 'min_samples_split': 3}",6,"['nodes_T6W30', 're_T6W30', 'pe_T6W30', 'l2_T6W30', 'atd_T6W30', 'density_T6W30']",0.08731468315772975,0.11115114839622942,398.0,0.09923291577697958,0.011918232619249828,0.1210953684706685,1.9659423239762661,2.2434592829209894,2.277435169120544,398.0,2.2604472260207666,0.01698794309977708,0.1726062323958685,1.9659423239762661,completed,True,COMPLETE
51,1.7397151899687622,2026-06-20 18:25:09.100902,2026-06-20 18:25:16.258169,0 days 00:00:07.157267,,,,,,,,,,,,,SVR,,,,6,3.0,2.0,70.0,,ExtraTrees,,,,0.0010697883040085758,,0.0021021187457854994,auto,rbf,,-0.00011553823066263314,-8.325014134530524e-05,398.0,-9.939418600396919e-05,1.6144044658663947e-05,0.0001640317905349703,1.9659423239762661,1.7280676733329003,1.751362706604624,398.0,1.7397151899687622,0.011647516635861794,0.118344754952157,1.9659423239762661,0.26841534394648076,0.2776639340541264,398.0,0.2730396390003036,0.004624295053822847,0.04698521428045549,1.9659423239762661,5.835508415119488,5.978141197174477,398.0,5.906824806146982,0.07131639102749425,0.7246111840042502,1.9659423239762661,1.0690847775520298,1.1265438027620303,398.0,1.09781429015703,0.028729512605000136,0.29190661283670993,1.9659423239762661,399.0,0.9047619047619048,-0.008408469457703667,-0.006644334816203129,398.0,-0.007526402136953398,0.0008820673207502682,0.00896225729389332,1.9659423239762661,SVR,"{'mode': 'proxy', 'type': 'ExtraTrees', 'n_estimators': 70, 'max_depth': 3, 'min_samples_split': 2}",6,"['nodes_T6W30', 're_T6W30', 'pe_T6W30', 'l2_T6W30', 'atd_T6W30', 'density_T6W30']",0.1038772989824849,0.1278624107071881,398.0,0.1158698548448365,0.011992555862351593,0.1218505308170391,1.9659423239762661,2.2440395999496463,2.2780004951479365,398.0,2.2610200475487914,0.016980447599145243,0.17253007425733555,1.9659423239762661,completed,True,COMPLETE
