number,value,datetime_start,datetime_complete,duration,params_bag_n_estimators,params_dt_max_depth,params_dt_min_samples_split,params_elastic_alpha,params_elastic_l1_ratio,params_et_max_depth,params_et_min_samples_split,params_et_n_estimators,params_gpr_alpha,params_knn_metric,params_knn_n_neighbors,params_knn_weights,params_regressor,params_rf_max_depth,params_rf_min_samples_split,params_rf_n_estimators,params_rfe_n_features,params_rfe_proxy_et_max_depth,params_rfe_proxy_et_min_samples_split,params_rfe_proxy_et_n_estimators,params_rfe_proxy_svc_C,params_rfe_proxy_type,params_ridge_alpha,params_ridge_solver,params_stack_final_estimator,params_svr_C,params_svr_degree,params_svr_epsilon,params_svr_gamma,params_svr_kernel,params_use_scaler,user_attrs_d2mae_ci_lower_val,user_attrs_d2mae_ci_upper_val,user_attrs_d2mae_df_val,user_attrs_d2mae_mean_val,user_attrs_d2mae_samperror_val,user_attrs_d2mae_std_val,user_attrs_d2mae_t_critical_val,user_attrs_mae_ci_lower_val,user_attrs_mae_ci_upper_val,user_attrs_mae_df_val,user_attrs_mae_mean_val,user_attrs_mae_samperror_val,user_attrs_mae_std_val,user_attrs_mae_t_critical_val,user_attrs_mape_ci_lower_val,user_attrs_mape_ci_upper_val,user_attrs_mape_df_val,user_attrs_mape_mean_val,user_attrs_mape_samperror_val,user_attrs_mape_std_val,user_attrs_mape_t_critical_val,user_attrs_max_error_ci_lower_val,user_attrs_max_error_ci_upper_val,user_attrs_max_error_df_val,user_attrs_max_error_mean_val,user_attrs_max_error_samperror_val,user_attrs_max_error_std_val,user_attrs_max_error_t_critical_val,user_attrs_median_ae_ci_lower_val,user_attrs_median_ae_ci_upper_val,user_attrs_median_ae_df_val,user_attrs_median_ae_mean_val,user_attrs_median_ae_samperror_val,user_attrs_median_ae_std_val,user_attrs_median_ae_t_critical_val,user_attrs_n_splits_val,user_attrs_r2_below_zero_val,user_attrs_r2_ci_lower_val,user_attrs_r2_ci_upper_val,user_attrs_r2_df_val,user_attrs_r2_mean_val,user_attrs_r2_samperror_val,user_attrs_r2_std_val,user_attrs_r2_t_critical_val,user_attrs_regressor_final,user_attrs_rfe_clf,user_attrs_rfe_n_features,user_attrs_rfe_selected_features,user_attrs_rho_ci_lower_val,user_attrs_rho_ci_upper_val,user_attrs_rho_df_val,user_attrs_rho_mean_val,user_attrs_rho_samperror_val,user_attrs_rho_std_val,user_attrs_rho_t_critical_val,user_attrs_rmse_ci_lower_val,user_attrs_rmse_ci_upper_val,user_attrs_rmse_df_val,user_attrs_rmse_mean_val,user_attrs_rmse_samperror_val,user_attrs_rmse_std_val,user_attrs_rmse_t_critical_val,user_attrs_termination_reason,user_attrs_use_scaler_final,state
66,1.7396790943436684,2026-06-20 18:30:58.419727,2026-06-20 18:31:05.152678,0 days 00:00:06.732951,,,,,,,,,,,,,SVR,,,,5,,,,0.06638367020717383,LinearSVC,,,,0.0011764881799576786,,0.0025288525269588397,auto,rbf,,-9.337689837606804e-05,-6.361540427702172e-05,398.0,-7.849615132654488e-05,1.4880747049523162e-05,0.0001511960375878486,1.9659423239762661,1.7280315410414535,1.7513266476458833,398.0,1.7396790943436684,0.011647553302214996,0.11834512750114921,1.9659423239762661,0.2684325883526472,0.2776819711027863,398.0,0.27305727972771676,0.004624691375069567,0.04698924110800094,1.9659423239762661,5.835887051682077,5.97849635583211,398.0,5.907191703757094,0.0713046520750167,0.7244919102141554,1.9659423239762661,1.0693136820000593,1.1267241329893425,398.0,1.0980189074947009,0.028705225494641506,0.29165984331375094,1.9659423239762661,399.0,0.8822055137844611,-0.008326787982942896,-0.00656796780482771,398.0,-0.007447377893885302,0.0008794100890575927,0.008935258454282089,1.9659423239762661,SVR,"{'mode': 'proxy', 'type': 'LinearSVC', 'C': 0.06638367020717383, 'epsilon': 0.0025288525269588397}",5,"['edges_T6W30', 're_T6W30', 'pe_T6W30', 'l3_T6W30', 'lsc_T6W30']",0.1204880124155461,0.143473598849185,398.0,0.13198080563236556,0.011492793216819452,0.11677268549869525,1.9659423239762661,2.2439513432900604,2.2779162392728676,398.0,2.260933791281464,0.01698244799140356,0.17255039927072852,1.9659423239762661,completed,True,COMPLETE
67,1.7398404094539117,2026-06-20 18:31:05.171544,2026-06-20 18:31:11.883240,0 days 00:00:06.711696,,,,,,,,,,,,,SVR,,,,5,,,,0.06028757815738965,LinearSVC,,,,0.00330380605846494,,0.0021751919001718883,auto,rbf,,-0.00020559709757241617,-0.00013878174060814242,398.0,-0.0001721894190902793,3.340767848213687e-05,0.0003394391823675132,1.9659423239762661,1.7281941399254634,1.75148667898236,398.0,1.7398404094539117,0.01164626952844817,0.11833208369991685,1.9659423239762661,0.268467258199036,0.27771562132505095,398.0,0.2730914397620435,0.004624181563007481,0.04698406115544578,1.9659423239762661,5.836117045691184,5.978615663487092,398.0,5.907366354589138,0.07124930889795403,0.7239295950930428,1.9659423239762661,1.0721188454015838,1.1291198106784182,398.0,1.100619328040001,0.0285004826384171,0.2895795506723583,1.9659423239762661,399.0,0.8571428571428571,-0.00801551192361766,-0.006263822065136525,398.0,-0.007139666994377092,0.0008758449292405672,0.008899034598321916,1.9659423239762661,SVR,"{'mode': 'proxy', 'type': 'LinearSVC', 'C': 0.06028757815738965, 'epsilon': 0.0021751919001718883}",5,"['edges_T6W30', 're_T6W30', 'pe_T6W30', 'l3_T6W30', 'lsc_T6W30']",0.11601099215489774,0.1385551883937849,398.0,0.12728309027434132,0.01127209811944358,0.11453030988897304,1.9659423239762661,2.2436074833683675,2.27758010989697,398.0,2.260593796632669,0.016986313264301386,0.17258967242982476,1.9659423239762661,completed,True,COMPLETE
68,1.7672969134892946,2026-06-20 18:31:11.902627,2026-06-20 18:31:18.425430,0 days 00:00:06.522803,,,,,,,,,,,,,Ridge,,,,4,,,,,,0.7562877663684623,svd,,,,,,,True,-0.019966276307131246,-0.012720921276240967,398.0,-0.016343598791686106,0.0036226775154451396,0.03680826533580846,1.9659423239762661,1.754868817273665,1.7797250097049242,398.0,1.7672969134892946,0.012428096215629474,0.1262758446407384,1.9659423239762661,0.2742655348723065,0.2838239248664112,398.0,0.27904472986935885,0.004779194997052363,0.04855907731037885,1.9659423239762661,5.766997339325141,5.9108686151251275,398.0,5.838932977225134,0.07193563789999356,0.7309030504743251,1.9659423239762661,1.4313794191067812,1.4582300419935061,398.0,1.4448047305501437,0.013425311443362445,0.13640806384678428,1.9659423239762661,399.0,0.39849624060150374,-0.0019341566317928648,0.010136894246327313,398.0,0.004101368807267224,0.0060355254390600886,0.06132404025883816,1.9659423239762661,Ridge,"{'mode': 'original', 'type': 'Ridge'}",4,"['re_T6W30', 'pe_T6W30', 'l2_T6W30', 'atd_T6W30']",0.11720868668567831,0.14309061644827215,398.0,0.13014965156697522,0.012940964881296911,0.1314868538591478,1.9659423239762661,2.229029861564932,2.2634770888088758,398.0,2.246253475186904,0.017223613621971723,0.17500076601797118,1.9659423239762661,completed,True,COMPLETE
69,1.739663852782792,2026-06-20 18:31:18.443629,2026-06-20 18:31:25.103004,0 days 00:00:06.659375,,,,,,,,,,,,,SVR,,,,5,,,,0.07859967435557148,LinearSVC,,,,0.0010310348280509647,,0.0022771014427478403,auto,rbf,,-8.271617053835504e-05,-5.640292444836895e-05,398.0,-6.9559547493362e-05,1.3156623044993043e-05,0.00013367805163408555,1.9659423239762661,1.7280159558676673,1.7513117496979165,398.0,1.739663852782792,0.011647896915124566,0.11834861878490119,1.9659423239762661,0.26842694483609825,0.27767637321947464,398.0,0.27305165902778644,0.004624714191688209,0.046989472936572345,1.9659423239762661,5.835887866592954,5.978519324416475,398.0,5.907203595504715,0.07131572891176009,0.7246044565681143,1.9659423239762661,1.068989982330799,1.1264490672303442,398.0,1.0977195247805716,0.028729542449772674,0.29190691607493685,1.9659423239762661,399.0,0.8872180451127819,-0.008367358782050955,-0.006607198901309343,398.0,-0.007487278841680149,0.0008800799403708058,0.008942064487876624,1.9659423239762661,SVR,"{'mode': 'proxy', 'type': 'LinearSVC', 'C': 0.07859967435557148, 'epsilon': 0.0022771014427478403}",5,"['edges_T6W30', 're_T6W30', 'pe_T6W30', 'l3_T6W30', 'lsc_T6W30']",0.12052289382002424,0.14353945414798525,398.0,0.13203117398400474,0.0115082801639805,0.11693004084095665,1.9659423239762661,2.2439958460862566,2.277960125240974,398.0,2.260977985663615,0.016982139577358717,0.1725472656255317,1.9659423239762661,completed,True,COMPLETE
70,1.74013920649915,2026-06-20 18:31:25.131085,2026-06-20 18:31:31.924426,0 days 00:00:06.793341,,,,,,,,,,,,,SVR,,,,4,,,,0.07552735492551076,LinearSVC,,,,0.003194955949570359,,0.014450020481165797,scale,rbf,,-0.0003956615501860165,-0.00029563843771910963,398.0,-0.00034564999395256306,5.001155623345343e-05,0.0005081431134428383,1.9659423239762661,1.7284950793273388,1.7517833336709614,398.0,1.74013920649915,0.011644127171811257,0.11831031625547851,1.9659423239762661,0.2687484164186344,0.27800578248418045,398.0,0.2733770994514074,0.004628683032773038,0.04702979840167466,1.9659423239762661,5.836581764490763,5.978128724428281,398.0,5.907355244459522,0.07077347996875888,0.7190949286327805,1.9659423239762661,1.0803149772588443,1.1361056946893824,398.0,1.1082103359741133,0.027895358715269134,0.2834311806258076,1.9659423239762661,399.0,0.7619047619047619,-0.007027324737435913,-0.005350605981398473,398.0,-0.006188965359417193,0.0008383593780187202,0.008518162133204568,1.9659423239762661,SVR,"{'mode': 'proxy', 'type': 'LinearSVC', 'C': 0.07552735492551076, 'epsilon': 0.014450020481165797}",4,"['re_T6W30', 'pe_T6W30', 'l3_T6W30', 'lsc_T6W30']",0.1347369618942398,0.15728609194151935,398.0,0.14601152691787958,0.011274565023639762,0.11455537490340616,1.9659423239762661,2.2425452979952265,2.276561654183423,398.0,2.2595534760893248,0.01700817809409847,0.17281183033741165,1.9659423239762661,completed,True,COMPLETE
71,1.7396747569639874,2026-06-20 18:31:31.943006,2026-06-20 18:31:38.582359,0 days 00:00:06.639353,,,,,,,,,,,,,SVR,,,,5,,,,0.06518058002269775,LinearSVC,,,,0.0011590132855650091,,0.0023403091831562255,auto,rbf,,-9.043285007208536e-05,-6.138883111007939e-05,398.0,-7.591084059108237e-05,1.4522009481002979e-05,0.00014755107952803877,1.9659423239762661,1.728026990046695,1.75132252388128,398.0,1.7396747569639874,0.011647766917292626,0.11834729794011975,1.9659423239762661,0.26842826574532547,0.27767751233689203,398.0,0.27305288904110875,0.004624623295783276,0.04698854938746469,1.9659423239762661,5.835874384606821,5.9784955024825885,398.0,5.907184943544705,0.07131055893788378,0.7245519269765601,1.9659423239762661,1.0691817689491883,1.126611109866949,398.0,1.0978964394080686,0.02871467045888042,0.29175580900440684,1.9659423239762661,399.0,0.8822055137844611,-0.008343667544458052,-0.006583727116323424,398.0,-0.007463697330390738,0.0008799702140673144,0.008940949612242233,1.9659423239762661,SVR,"{'mode': 'proxy', 'type': 'LinearSVC', 'C': 0.06518058002269775, 'epsilon': 0.0023403091831562255}",5,"['edges_T6W30', 're_T6W30', 'pe_T6W30', 'l3_T6W30', 'lsc_T6W30']",0.12082240041769957,0.14382266970773558,398.0,0.13232253506271757,0.011500134645018012,0.11684727818212463,1.9659423239762661,2.24396954564586,2.277933942345416,398.0,2.260951743995638,0.016982198349778023,0.17254786278351636,1.9659423239762661,completed,True,COMPLETE
72,1.7396690920127988,2026-06-20 18:31:38.599875,2026-06-20 18:31:45.362214,0 days 00:00:06.762339,,,,,,,,,,,,,SVR,,,,5,,,,0.05091030147192482,LinearSVC,,,,0.00100167809852436,,0.0025157872167360755,auto,rbf,,-8.562619012381719e-05,-5.949699199072541e-05,398.0,-7.25615910572713e-05,1.3064599066545884e-05,0.00013274304071978296,1.9659423239762661,1.7280211351238486,1.751317048901749,398.0,1.7396690920127988,0.01164795688895015,0.11834922814979107,1.9659423239762661,0.26843309901759793,0.2776828931982418,398.0,0.27305799610791986,0.004624897090321934,0.04699133128068689,1.9659423239762661,5.835920444527476,5.978533336355827,398.0,5.907226890441652,0.07130644591417533,0.7245101365419031,1.9659423239762661,1.069106821201206,1.126548802862852,398.0,1.097827812032029,0.028720990830823093,0.29182002723153166,1.9659423239762661,399.0,0.8847117794486216,-0.008355922892345586,-0.006597121865198867,398.0,-0.0074765223787722265,0.0008794005135733603,0.008935161162441222,1.9659423239762661,SVR,"{'mode': 'proxy', 'type': 'LinearSVC', 'C': 0.05091030147192482, 'epsilon': 0.0025157872167360755}",5,"['edges_T6W30', 're_T6W30', 'pe_T6W30', 'l3_T6W30', 'lsc_T6W30']",0.12160548399843953,0.14451117669612662,398.0,0.13305833034728307,0.011452846348843543,0.11636680479042825,1.9659423239762661,2.243983783473563,2.2779491793609803,398.0,2.2609664814172716,0.016982697943708512,0.17255293891460316,1.9659423239762661,completed,True,COMPLETE
73,1.7398098999910436,2026-06-20 18:31:45.407440,2026-06-20 18:31:52.181939,0 days 00:00:06.774499,,,,,,,,,,,,,SVR,,,,5,,,,0.052001263431254344,LinearSVC,,,,0.002517607019448405,,0.004148005230114477,auto,rbf,,-0.0001849405713717706,-0.0001246967220777129,398.0,-0.00015481864672474175,3.012192464702884e-05,0.0003060542347769062,1.9659423239762661,1.7281642715038834,1.7514555284782038,398.0,1.7398098999910436,0.011645628487160272,0.11832557039098567,1.9659423239762661,0.2684777452633476,0.2777269373100228,398.0,0.2731023412866852,0.004624596023337577,0.04698827228540043,1.9659423239762661,5.835890093598385,5.978321004906581,398.0,5.907105549252483,0.07121545565409826,0.7235856287374927,1.9659423239762661,1.0720141977207815,1.129028445824915,398.0,1.1005213217728482,0.028507124052066696,0.28964703084821636,1.9659423239762661,399.0,0.8446115288220551,-0.007993969896305325,-0.0062463406841535354,398.0,-0.00712015529022943,0.0008738146060758951,0.008878405471538186,1.9659423239762661,SVR,"{'mode': 'proxy', 'type': 'LinearSVC', 'C': 0.052001263431254344, 'epsilon': 0.004148005230114477}",5,"['edges_T6W30', 're_T6W30', 'pe_T6W30', 'l3_T6W30', 'lsc_T6W30']",0.11947377381926096,0.14254068554611807,398.0,0.13100722968268952,0.01153345586342856,0.11718583888573095,1.9659423239762661,2.243586039215402,2.2775577287044024,398.0,2.2605718839599023,0.016985844744500076,0.17258491202786014,1.9659423239762661,completed,True,COMPLETE
74,1.7481543392563597,2026-06-20 18:31:52.217979,2026-06-20 18:31:59.112550,0 days 00:00:06.894571,,,,,,,,,,,,,SVR,,,,5,,,,0.049657887824806235,LinearSVC,,,,0.0024749500820202674,,0.09385196728686017,auto,rbf,,-0.005019881474215776,-0.004925353333531621,398.0,-0.004972617403873699,4.72640703420774e-05,0.0004802272447890609,1.9659423239762661,1.7365052544130437,1.7598034240996756,398.0,1.7481543392563597,0.011649084843315853,0.1183606887458288,1.9659423239762661,0.2724797830179005,0.28183273695409367,398.0,0.2771562599859971,0.00467647696809659,0.04751540934698554,1.9659423239762661,5.861663986729864,5.9958758561785235,398.0,5.928769921454194,0.06710593472432999,0.6818307841119197,1.9659423239762661,1.1486665366154554,1.1954004502241553,398.0,1.1720334934198053,0.023366956804349928,0.2374202899589868,1.9659423239762661,399.0,0.7192982456140351,-0.0035176519949941965,-0.002501755721324366,398.0,-0.0030097038581592813,0.000507948136834915,0.005161014116695871,1.9659423239762661,SVR,"{'mode': 'proxy', 'type': 'LinearSVC', 'C': 0.049657887824806235, 'epsilon': 0.09385196728686017}",5,"['edges_T6W30', 're_T6W30', 'pe_T6W30', 'l3_T6W30', 'lsc_T6W30']",0.12138385172549719,0.14446825615824585,398.0,0.1329260539418715,0.011542202216374328,0.11727470632661573,1.9659423239762661,2.2389678699527864,2.2734730723991263,398.0,2.2562204711759564,0.01725260122316995,0.17529529494355287,1.9659423239762661,completed,True,COMPLETE
75,1.8891690558414878,2026-06-20 18:31:59.203598,2026-06-20 18:35:12.384476,0 days 00:03:13.180878,358.0,,,,,,,,,,,,BaggingRegressor,,,,4,,,,0.15051815245647832,LinearSVC,,,,,,0.0020703538268063496,,,True,-0.09349579022493246,-0.08056456405588,398.0,-0.08703017714040623,0.006465613084526235,0.06569395176889589,1.9659423239762661,1.874376769800545,1.9039613418824306,398.0,1.8891690558414878,0.014792286040942772,0.15029722827848613,1.9659423239762661,0.28458438825582943,0.2938685596487215,398.0,0.28922647395227546,0.004642085696446041,0.047165976352535374,1.9659423239762661,5.9954824665681725,6.153395314476618,398.0,6.074438890522395,0.07895642395422274,0.8022378449318046,1.9659423239762661,1.5310089300872125,1.5703478137276323,398.0,1.5506783719074224,0.019669441820209892,0.19985163748050896,1.9659423239762661,399.0,0.8596491228070176,-0.13709624276144655,-0.11327535098453945,398.0,-0.125185796872993,0.011910445888453556,0.1210162512839949,1.9659423239762661,BaggingRegressor,"{'mode': 'proxy', 'type': 'LinearSVC', 'C': 0.15051815245647832, 'epsilon': 0.0020703538268063496}",4,"['re_T6W30', 'pe_T6W30', 'l3_T6W30', 'lsc_T6W30']",0.03592562915723435,0.05938384193122295,398.0,0.04765473554422865,0.011729106386994304,0.11917374875454877,1.9659423239762661,2.364585061712484,2.4023052679808137,398.0,2.383445164846649,0.018860103134164898,0.19162834049217123,1.9659423239762661,completed,True,COMPLETE
76,2.0235383510129195,2026-06-20 18:35:12.402194,2026-06-20 18:35:54.102225,0 days 00:00:41.700031,,,,,,,,,,,,,StackingRegressor,,,,5,,,,0.013586305945332038,LinearSVC,,,ExtraTreesRegressor,,,2.7528640679132312,,,True,-0.17393902120197152,-0.15562580033115675,398.0,-0.16478241076656414,0.009156610435407385,0.09303586782046032,1.9659423239762661,2.0054418088860255,2.0416348931398134,398.0,2.0235383510129195,0.01809654212689378,0.1838701682463982,1.9659423239762661,0.3042720532936333,0.3143526878452056,398.0,0.30931237056941946,0.005040317275786154,0.05121221385917355,1.9659423239762661,6.56771330000814,6.777792130234132,398.0,6.672752715121136,0.10503941511299597,1.067254439765447,1.9659423239762661,1.635211279878158,1.6840869657358772,398.0,1.6596491228070176,0.02443784292885967,0.24830104333748532,1.9659423239762661,399.0,0.9624060150375939,-0.33051281647649244,-0.290905829229953,398.0,-0.3107093228532227,0.019803493623269747,0.20121367269196067,1.9659423239762661,StackingRegressor,"{'mode': 'proxy', 'type': 'LinearSVC', 'C': 0.013586305945332038, 'epsilon': 2.7528640679132312}",5,"['re_T6W30', 'pe_T6W30', 'l1_T6W30', 'l3_T6W30', 'lsc_T6W30']",0.018718410977228275,0.04659489073391074,398.0,0.032656650855569506,0.013938239878341231,0.14161968035211384,1.9659423239762661,2.5444607589988664,2.5896555493818507,398.0,2.5670581541903585,0.022597395191492224,0.2296011484766022,1.9659423239762661,completed,True,COMPLETE
77,1.7401734037658998,2026-06-20 18:35:54.120409,2026-06-20 18:36:00.942049,0 days 00:00:06.821640,,,,,,,,,,,,,SVR,,,,5,,,,0.29336782868364614,LinearSVC,,,,0.0072696011120063925,,0.008469324023868378,auto,rbf,,-0.0004581255512157135,-0.0002796774720187347,398.0,-0.0003689015116172241,8.92240395984894e-05,0.0009065620966458925,1.9659423239762661,1.7285373545791975,1.751809452952602,398.0,1.7401734037658998,0.011636049186702345,0.11822823977530608,1.9659423239762661,0.26858965730788337,0.2778344140882472,398.0,0.2732120356980653,0.00462237839018191,0.0469657399928452,1.9659423239762661,5.835521625586099,5.977428326326023,398.0,5.906474975956061,0.07095335036996159,0.7209225043486153,1.9659423239762661,1.082173880906178,1.13762434878251,398.0,1.109899114844344,0.0277252339381659,0.2817026254593283,1.9659423239762661,399.0,0.7293233082706767,-0.006727853107911007,-0.004999629712103845,398.0,-0.005863741410007426,0.0008641116979035816,0.008779818937955548,1.9659423239762661,SVR,"{'mode': 'proxy', 'type': 'LinearSVC', 'C': 0.29336782868364614, 'epsilon': 0.008469324023868378}",5,"['re_T6W30', 'pe_T6W30', 'l3_T6W30', 'lsc_T6W30', 'density_T6W30']",0.12558840212627823,0.14805253526366594,398.0,0.13682046869497208,0.011232066568693843,0.11412356876020349,1.9659423239762661,2.2421821835736515,2.2761714373430784,398.0,2.259176810458365,0.01699462688471345,0.17267414308577572,1.9659423239762661,completed,True,COMPLETE
78,1.763041206838297,2026-06-20 18:36:00.959970,2026-06-20 18:36:17.981589,0 days 00:00:17.021619,,,,,,,,,,,,,SVR,,,,3,,,,,,,,,40.70272055155048,,0.001908926536406219,scale,linear,,-0.016495010562461294,-0.010828238233434222,398.0,-0.013661624397947759,0.0028333861645135363,0.0287886595750182,1.9659423239762661,1.7506736524551698,1.7754087612214242,398.0,1.763041206838297,0.01236755438312716,0.12566070850864813,1.9659423239762661,0.27330390635136326,0.28280526174971066,398.0,0.27805458405053696,0.004750677699173707,0.048269326908223914,1.9659423239762661,5.843437340938607,5.997245677521864,398.0,5.920341509230235,0.07690416829162874,0.7813858726975625,1.9659423239762661,1.3246162831987316,1.3730861760072683,398.0,1.348851229603,0.024234946404268348,0.24623951037435785,1.9659423239762661,399.0,0.5964912280701754,-0.008364680562182442,0.0007506195511859264,398.0,-0.0038070305054982577,0.004557650056684184,0.04630806685910058,1.9659423239762661,SVR,"{'mode': 'original', 'type': 'SVR'}",3,"['nodes_T6W30', 're_T6W30', 'lsc_T6W30']",0.11373729685601135,0.13760627392795505,398.0,0.1256717853919832,0.011934488535971852,0.12126053693886087,1.9659423239762661,2.2386880344497975,2.2737547875793167,398.0,2.256221411014557,0.017533376564759635,0.1781481167111331,1.9659423239762661,completed,True,COMPLETE
