number,value,datetime_start,datetime_complete,duration,params_bag_n_estimators,params_dt_max_depth,params_dt_min_samples_split,params_elastic_alpha,params_elastic_l1_ratio,params_et_max_depth,params_et_min_samples_split,params_et_n_estimators,params_gpr_alpha,params_knn_metric,params_knn_n_neighbors,params_knn_weights,params_regressor,params_rf_max_depth,params_rf_min_samples_split,params_rf_n_estimators,params_rfe_n_features,params_rfe_proxy_et_max_depth,params_rfe_proxy_et_min_samples_split,params_rfe_proxy_et_n_estimators,params_rfe_proxy_svc_C,params_rfe_proxy_type,params_ridge_alpha,params_ridge_solver,params_stack_final_estimator,params_svr_C,params_svr_degree,params_svr_epsilon,params_svr_gamma,params_svr_kernel,params_use_scaler,user_attrs_d2mae_ci_lower_val,user_attrs_d2mae_ci_upper_val,user_attrs_d2mae_df_val,user_attrs_d2mae_mean_val,user_attrs_d2mae_samperror_val,user_attrs_d2mae_std_val,user_attrs_d2mae_t_critical_val,user_attrs_mae_ci_lower_val,user_attrs_mae_ci_upper_val,user_attrs_mae_df_val,user_attrs_mae_mean_val,user_attrs_mae_samperror_val,user_attrs_mae_std_val,user_attrs_mae_t_critical_val,user_attrs_mape_ci_lower_val,user_attrs_mape_ci_upper_val,user_attrs_mape_df_val,user_attrs_mape_mean_val,user_attrs_mape_samperror_val,user_attrs_mape_std_val,user_attrs_mape_t_critical_val,user_attrs_max_error_ci_lower_val,user_attrs_max_error_ci_upper_val,user_attrs_max_error_df_val,user_attrs_max_error_mean_val,user_attrs_max_error_samperror_val,user_attrs_max_error_std_val,user_attrs_max_error_t_critical_val,user_attrs_median_ae_ci_lower_val,user_attrs_median_ae_ci_upper_val,user_attrs_median_ae_df_val,user_attrs_median_ae_mean_val,user_attrs_median_ae_samperror_val,user_attrs_median_ae_std_val,user_attrs_median_ae_t_critical_val,user_attrs_n_splits_val,user_attrs_r2_below_zero_val,user_attrs_r2_ci_lower_val,user_attrs_r2_ci_upper_val,user_attrs_r2_df_val,user_attrs_r2_mean_val,user_attrs_r2_samperror_val,user_attrs_r2_std_val,user_attrs_r2_t_critical_val,user_attrs_regressor_final,user_attrs_rfe_clf,user_attrs_rfe_n_features,user_attrs_rfe_selected_features,user_attrs_rho_ci_lower_val,user_attrs_rho_ci_upper_val,user_attrs_rho_df_val,user_attrs_rho_mean_val,user_attrs_rho_samperror_val,user_attrs_rho_std_val,user_attrs_rho_t_critical_val,user_attrs_rmse_ci_lower_val,user_attrs_rmse_ci_upper_val,user_attrs_rmse_df_val,user_attrs_rmse_mean_val,user_attrs_rmse_samperror_val,user_attrs_rmse_std_val,user_attrs_rmse_t_critical_val,user_attrs_termination_reason,user_attrs_use_scaler_final,state
186,-0.00017790364598611053,2026-06-20 19:00:53.963820,2026-06-20 19:00:54.245542,0 days 00:00:00.281722,,,,,,,,,,,,,SVR,,,,5,,,,0.03645581566641523,LinearSVC,,,,0.0023286586062493952,,0.0034575006764580134,auto,rbf,,,,,,,,,,,,,,,,,,,,,,,,,,,,,,,,,,,,,,,,,,,,,,SVR,"{'mode': 'proxy', 'type': 'LinearSVC', 'C': 0.03645581566641523, 'epsilon': 0.0034575006764580134}",5,"['edges_T6W30', 're_T6W30', 'pe_T6W30', 'l3_T6W30', 'lsc_T6W30']",,,,,,,,,,,,,,,pruned,True,PRUNED
187,8.15047422477763,2026-06-20 19:00:54.255990,2026-06-20 19:02:16.809742,0 days 00:01:22.553752,,,,,,,,,4.6713395744046156e-07,,,,GaussianProcessRegressor,,,,6,4.0,3.0,70.0,,ExtraTrees,,,,,,,,,,-3.746349718734595,-3.6738174039679246,398.0,-3.7100835613512597,0.036266157383335156,0.368482797042994,1.9659423239762661,8.139053374042271,8.161895075512989,398.0,8.15047422477763,0.01142085073535897,0.11604171291412928,1.9659423239762661,1.0,1.0,398.0,1.0,0.0,0.0,1.9659423239762661,13.3659726363038,13.571370722092189,398.0,13.468671679197994,0.10269904289419442,1.043475055250285,1.9659423239762661,8.0,8.0,398.0,8.0,0.0,0.0,1.9659423239762661,399.0,1.0,-13.602492991286825,-13.135647454178637,398.0,-13.36907022273273,0.23342276855409386,2.3716952899414667,1.9659423239762661,GaussianProcessRegressor,"{'mode': 'proxy', 'type': 'ExtraTrees', 'n_estimators': 70, 'max_depth': 4, 'min_samples_split': 3}",6,"['nodes_T6W30', 're_T6W30', 'pe_T6W30', 'l2_T6W30', 'atd_T6W30', 'density_T6W30']",,,,,,,,8.448940356928123,8.46756156667334,398.0,8.458250961800731,0.009310604872607696,0.09460053044376618,1.9659423239762661,completed,True,COMPLETE
188,-0.000236366867308672,2026-06-20 19:02:16.897156,2026-06-20 19:02:17.162109,0 days 00:00:00.264953,,,,,,,,,,,,,SVR,,,,5,,,,0.004728274238309852,LinearSVC,,,,0.0016189773334216399,,0.00736442353836512,auto,rbf,,,,,,,,,,,,,,,,,,,,,,,,,,,,,,,,,,,,,,,,,,,,,,SVR,"{'mode': 'proxy', 'type': 'LinearSVC', 'C': 0.004728274238309852, 'epsilon': 0.00736442353836512}",5,"['edges_T6W30', 're_T6W30', 'pe_T6W30', 'l3_T6W30', 'lsc_T6W30']",,,,,,,,,,,,,,,pruned,True,PRUNED
189,2.3012244390579424,2026-06-20 19:02:17.172437,2026-06-20 19:02:23.715690,0 days 00:00:06.543253,,11.0,10.0,,,,,,,,,,DecisionTreeRegressor,,,,6,,,,,,,,,,,,,,True,-0.3389208883739845,-0.31273380812007523,398.0,-0.32582734824702986,0.01309354012695463,0.1330370967670251,1.9659423239762661,2.2783538411590945,2.3240950369567903,398.0,2.3012244390579424,0.022870597898847815,0.23237702838860982,1.9659423239762661,0.33447351364099104,0.3447427200273974,398.0,0.33960811683419423,0.005134603193203167,0.052170207235873296,1.9659423239762661,7.4763308949363,7.729027651359836,398.0,7.602679273148068,0.1263483782117682,1.2837644560245625,1.9659423239762661,1.8910240893293313,1.9565474435465662,398.0,1.9237857664379487,0.03276167710861737,0.33287547641730786,1.9659423239762661,399.0,0.9949874686716792,-0.7219645180124278,-0.6560281014039809,398.0,-0.6889963097082044,0.03296820830422344,0.3349739395058878,1.9659423239762661,DecisionTreeRegressor,"{'mode': 'original', 'type': 'DecisionTreeRegressor'}",6,"['re_T6W30', 'l1_T6W30', 'l2_T6W30', 'l3_T6W30', 'lsc_T6W30', 'diameter_T6W30']",0.021823658060842476,0.04849452362653875,398.0,0.035159090843690614,0.013335432782848138,0.13549485046520865,1.9659423239762661,2.877018906880382,2.9312737406836202,398.0,2.904146323782001,0.027127416901618916,0.2756284971358238,1.9659423239762661,completed,True,COMPLETE
190,1.755375648643601,2026-06-20 19:02:23.734000,2026-06-20 19:02:30.307805,0 days 00:00:06.573805,,,,0.3162076769711033,0.5,,,,,,,,ElasticNet,,,,7,,,,,,,,,,,,,,False,-0.010759842519164519,-0.007666481720975397,398.0,-0.009213162120069958,0.0015466803990945611,0.015715067730109927,1.9659423239762661,1.743614349699787,1.767136947587415,398.0,1.755375648643601,0.01176129894381403,0.11950084167634668,1.9659423239762661,0.27412063833029787,0.2837355444457096,398.0,0.27892809138800373,0.004807453057705855,0.04884619372909802,1.9659423239762661,5.862563098432056,5.996279398503643,398.0,5.9294212484678495,0.06685815003579341,0.6793131643340289,1.9659423239762661,1.3053335960965382,1.33976505412309,398.0,1.3225493251098142,0.017215729013275925,0.17492065434153664,1.9659423239762661,399.0,0.41604010025062654,-0.0017726183087236063,0.0029734326077709788,398.0,0.0006004071495236863,0.0023730254582472925,0.024111158209195988,1.9659423239762661,ElasticNet,"{'mode': 'original', 'type': 'ElasticNet'}",7,"['nodes_T6W30', 'lcc_T6W30', 'lsc_T6W30', 'atd_T6W30', 'density_T6W30', 'diameter_T6W30', 'asp_T6W30']",0.11643576852577585,0.14171118479913958,389.0,0.12907347666245772,0.012637708136681866,0.1269402076489513,1.9660810640467081,2.234636646931911,2.2691311339152516,398.0,2.2518838904235814,0.017247243491670335,0.17524085763805297,1.9659423239762661,completed,False,COMPLETE
191,-9.982738210246496e-05,2026-06-20 19:02:30.325957,2026-06-20 19:02:30.973431,0 days 00:00:00.647474,,,,,,,,,,,,,SVR,,,,3,3.0,2.0,60.0,,ExtraTrees,,,,0.0012530658570294295,,0.0012766010630876755,auto,rbf,,,,,,,,,,,,,,,,,,,,,,,,,,,,,,,,,,,,,,,,,,,,,,SVR,"{'mode': 'proxy', 'type': 'ExtraTrees', 'n_estimators': 60, 'max_depth': 3, 'min_samples_split': 2}",3,"['re_T6W30', 'pe_T6W30', 'atd_T6W30']",,,,,,,,,,,,,,,pruned,True,PRUNED
192,-0.00021673104262605788,2026-06-20 19:02:30.983926,2026-06-20 19:02:31.527265,0 days 00:00:00.543339,,,,,,,,,,,,,SVR,,,,4,4.0,2.0,50.0,,ExtraTrees,,,,0.001999376555030144,,0.0010240657688562916,auto,rbf,,,,,,,,,,,,,,,,,,,,,,,,,,,,,,,,,,,,,,,,,,,,,,SVR,"{'mode': 'proxy', 'type': 'ExtraTrees', 'n_estimators': 50, 'max_depth': 4, 'min_samples_split': 2}",4,"['re_T6W30', 'pe_T6W30', 'l2_T6W30', 'atd_T6W30']",,,,,,,,,,,,,,,pruned,True,PRUNED
193,-0.00012777207221166266,2026-06-20 19:02:31.537901,2026-06-20 19:02:32.194303,0 days 00:00:00.656402,,,,,,,,,,,,,SVR,,,,3,3.0,2.0,60.0,,ExtraTrees,,,,0.0015173264781924516,,0.001645918917674792,auto,rbf,,,,,,,,,,,,,,,,,,,,,,,,,,,,,,,,,,,,,,,,,,,,,,SVR,"{'mode': 'proxy', 'type': 'ExtraTrees', 'n_estimators': 60, 'max_depth': 3, 'min_samples_split': 2}",3,"['re_T6W30', 'pe_T6W30', 'atd_T6W30']",,,,,,,,,,,,,,,pruned,True,PRUNED
194,-6.372102758228267e-05,2026-06-20 19:02:32.204850,2026-06-20 19:02:32.502189,0 days 00:00:00.297339,,,,,,,,,,,,,SVR,,,,6,,,,0.008339806775171524,LinearSVC,,,,0.001008862569789872,,0.0024472280371723894,auto,rbf,,,,,,,,,,,,,,,,,,,,,,,,,,,,,,,,,,,,,,,,,,,,,,SVR,"{'mode': 'proxy', 'type': 'LinearSVC', 'C': 0.008339806775171524, 'epsilon': 0.0024472280371723894}",6,"['edges_T6W30', 're_T6W30', 'pe_T6W30', 'l3_T6W30', 'lsc_T6W30', 'atd_T6W30']",,,,,,,,,,,,,,,pruned,True,PRUNED
195,-0.0002444944666522823,2026-06-20 19:02:32.512398,2026-06-20 19:02:33.033426,0 days 00:00:00.521028,,,,,,,,,,,,,SVR,,,,8,3.0,2.0,70.0,,ExtraTrees,,,,0.002529140292350253,,0.0012785186390160653,auto,rbf,,,,,,,,,,,,,,,,,,,,,,,,,,,,,,,,,,,,,,,,,,,,,,SVR,"{'mode': 'proxy', 'type': 'ExtraTrees', 'n_estimators': 70, 'max_depth': 3, 'min_samples_split': 2}",8,"['nodes_T6W30', 'edges_T6W30', 're_T6W30', 'pe_T6W30', 'l2_T6W30', 'atd_T6W30', 'density_T6W30', 'asp_T6W30']",,,,,,,,,,,,,,,pruned,True,PRUNED
196,1.7740599065243834,2026-06-20 19:02:33.043959,2026-06-20 19:03:23.661141,0 days 00:00:50.617182,,,,,,,,,,,,,RandomForestRegressor,3.0,6.0,139.0,2,,,,,,,,,,,,,,True,-0.024886784017165507,-0.01565357935594657,398.0,-0.02027018168655604,0.004616602330609467,0.04690705225913678,1.9659423239762661,1.7606680550256437,1.787451758023123,398.0,1.7740599065243834,0.013391851498739636,0.13606809361356675,1.9659423239762661,0.2733371929761916,0.2829113886050833,398.0,0.27812429079063744,0.004787097814445854,0.0486393739965398,1.9659423239762661,5.903700859025293,6.019692562882093,398.0,5.961696710953693,0.057995851928399976,0.5892676610201939,1.9659423239762661,1.4078786062896982,1.4408286173861362,398.0,1.4243536118379172,0.01647500554821907,0.1673945232614088,1.9659423239762661,399.0,0.48370927318295737,-0.020822663913501058,-0.00377814135906061,398.0,-0.012300402636280834,0.008522261277220224,0.08659055436637808,1.9659423239762661,RandomForestRegressor,"{'mode': 'original', 'type': 'RandomForestRegressor'}",2,"['re_T6W30', 'l2_T6W30']",0.11904175253640915,0.14494579237972363,398.0,0.1319937724580664,0.012952019921657242,0.1315991787506531,1.9659423239762661,2.2451227836320253,2.281957179308935,398.0,2.26353998147048,0.018417197838454923,0.18712819506834535,1.9659423239762661,completed,True,COMPLETE
197,1.8482043889680628,2026-06-20 19:03:23.680106,2026-06-20 19:03:30.351780,0 days 00:00:06.671674,,,,,,,,,,manhattan,9.0,uniform,KNeighborsRegressor,,,,12,,,,0.01189682503834575,LinearSVC,,,,,,0.002098978136070625,,,,-0.06812105146999159,-0.057846495664041396,398.0,-0.0629837735670165,0.0051372779029750975,0.05219738366175216,1.9659423239762661,1.8340551984203857,1.86235357951574,398.0,1.8482043889680628,0.014149190547677186,0.1437630475650605,1.9659423239762661,0.2814735459575042,0.29099461305053387,398.0,0.286234079504019,0.004760533546514832,0.04836946738236069,1.9659423239762661,5.895264593723743,6.006712571411317,398.0,5.95098858256753,0.055723988843786695,0.5661843645168344,1.9659423239762661,1.4750725313065,1.5084975048951148,398.0,1.4917850181008074,0.016712486794307327,0.16980745476884407,1.9659423239762661,399.0,0.8295739348370927,-0.1106362560760209,-0.09050908934377758,398.0,-0.10057267270989924,0.010063583366121667,0.10225117891116473,1.9659423239762661,KNeighborsRegressor,"{'mode': 'proxy', 'type': 'LinearSVC', 'C': 0.01189682503834575, 'epsilon': 0.002098978136070625}",12,"['nodes_T6W30', 'edges_T6W30', 're_T6W30', 'pe_T6W30', 'l1_T6W30', 'l3_T6W30', 'lcc_T6W30', 'lsc_T6W30', 'atd_T6W30', 'density_T6W30', 'diameter_T6W30', 'asp_T6W30']",0.03971167403925655,0.06357273660510136,398.0,0.05164220532217896,0.011930531282922407,0.12122032921415342,1.9659423239762661,2.3404674884317065,2.3761840834029813,398.0,2.358325785917344,0.017858297485637258,0.1814494802517267,1.9659423239762661,completed,True,COMPLETE
198,-9.42384714295826e-05,2026-06-20 19:03:30.401681,2026-06-20 19:03:30.711094,0 days 00:00:00.309413,,,,,,,,,,,,,SVR,,,,7,,,,0.02503052969335902,LinearSVC,,,,0.0012415324887559969,,0.004040959859968736,scale,rbf,,,,,,,,,,,,,,,,,,,,,,,,,,,,,,,,,,,,,,,,,,,,,,SVR,"{'mode': 'proxy', 'type': 'LinearSVC', 'C': 0.02503052969335902, 'epsilon': 0.004040959859968736}",7,"['edges_T6W30', 're_T6W30', 'pe_T6W30', 'l1_T6W30', 'l3_T6W30', 'lsc_T6W30', 'diameter_T6W30']",,,,,,,,,,,,,,,pruned,True,PRUNED
199,-0.0002045190020025863,2026-06-20 19:03:30.721166,2026-06-20 19:03:31.201295,0 days 00:00:00.480129,,,,,,,,,,,,,SVR,,,,6,4.0,3.0,50.0,,ExtraTrees,,,,0.0016694138814202458,,0.005521082373170319,auto,rbf,,,,,,,,,,,,,,,,,,,,,,,,,,,,,,,,,,,,,,,,,,,,,,SVR,"{'mode': 'proxy', 'type': 'ExtraTrees', 'n_estimators': 50, 'max_depth': 4, 'min_samples_split': 3}",6,"['nodes_T6W30', 're_T6W30', 'pe_T6W30', 'l2_T6W30', 'atd_T6W30', 'density_T6W30']",,,,,,,,,,,,,,,pruned,True,PRUNED
200,1.8145606955712148,2026-06-20 19:03:31.211708,2026-06-20 19:04:13.370870,0 days 00:00:42.159162,,,,,,16.0,6.0,172.0,,,,,ExtraTreesRegressor,,,,2,,,,,,,,,,,,,,False,-0.04985145304602728,-0.037459169192387856,398.0,-0.04365531111920757,0.006196141926819715,0.06295598631905366,1.9659423239762661,1.7993998104386537,1.8297215807037759,398.0,1.8145606955712148,0.015160885132561079,0.15404238448104077,1.9659423239762661,0.2810121537467381,0.2910676546875253,398.0,0.2860399042171317,0.00502775047039361,0.05108452865800946,1.9659423239762661,5.987747182689612,6.1172978895032415,398.0,6.0525225360964265,0.0647753534068149,0.6581508801856015,1.9659423239762661,1.439411091882385,1.478157529221122,398.0,1.4587843105517535,0.019373218669368416,0.1968418580319393,1.9659423239762661,399.0,0.7669172932330827,-0.08747774691669732,-0.06657680025730461,398.0,-0.07702727358700097,0.01045047332969636,0.10618217977290408,1.9659423239762661,ExtraTreesRegressor,"{'mode': 'original', 'type': 'ExtraTreesRegressor'}",2,"['l2_T6W30', 'atd_T6W30']",0.10047008132672988,0.12565945130094344,398.0,0.11306476631383666,0.012594684987106784,0.12796847217282215,1.9659423239762661,2.3143592379636915,2.3525245782268125,398.0,2.333441908095252,0.019082670131560522,0.19388973556810743,1.9659423239762661,completed,False,COMPLETE
201,-0.00012724468684561046,2026-06-20 19:04:13.392220,2026-06-20 19:04:13.929785,0 days 00:00:00.537565,,,,,,,,,,,,,SVR,,,,6,3.0,2.0,60.0,,ExtraTrees,,,,0.0011924230461161935,,0.0012275555569237306,auto,rbf,,,,,,,,,,,,,,,,,,,,,,,,,,,,,,,,,,,,,,,,,,,,,,SVR,"{'mode': 'proxy', 'type': 'ExtraTrees', 'n_estimators': 60, 'max_depth': 3, 'min_samples_split': 2}",6,"['nodes_T6W30', 're_T6W30', 'pe_T6W30', 'l2_T6W30', 'atd_T6W30', 'density_T6W30']",,,,,,,,,,,,,,,pruned,True,PRUNED
202,-0.00021560130999782602,2026-06-20 19:04:13.940355,2026-06-20 19:04:14.507846,0 days 00:00:00.567491,,,,,,,,,,,,,SVR,,,,6,3.0,2.0,60.0,,ExtraTrees,,,,0.001989967796581245,,0.0015804572013398738,auto,rbf,,,,,,,,,,,,,,,,,,,,,,,,,,,,,,,,,,,,,,,,,,,,,,SVR,"{'mode': 'proxy', 'type': 'ExtraTrees', 'n_estimators': 60, 'max_depth': 3, 'min_samples_split': 2}",6,"['nodes_T6W30', 're_T6W30', 'pe_T6W30', 'l2_T6W30', 'atd_T6W30', 'density_T6W30']",,,,,,,,,,,,,,,pruned,True,PRUNED
203,-0.0012063482036031765,2026-06-20 19:04:14.518369,2026-06-20 19:04:14.790716,0 days 00:00:00.272347,,,,,,,,,,,,,SVR,,,,5,,,,,,,,,0.0015094789241155754,,0.0027103491328239943,auto,linear,,,,,,,,,,,,,,,,,,,,,,,,,,,,,,,,,,,,,,,,,,,,,,SVR,"{'mode': 'original', 'type': 'SVR'}",5,"['edges_T6W30', 're_T6W30', 'pe_T6W30', 'l3_T6W30', 'lsc_T6W30']",,,,,,,,,,,,,,,pruned,True,PRUNED
204,-0.0001317586863266218,2026-06-20 19:04:14.800631,2026-06-20 19:04:15.353820,0 days 00:00:00.553189,,,,,,,,,,,,,SVR,,,,6,3.0,2.0,60.0,,ExtraTrees,,,,0.001241490210094456,,0.0017458640605459194,auto,rbf,,,,,,,,,,,,,,,,,,,,,,,,,,,,,,,,,,,,,,,,,,,,,,SVR,"{'mode': 'proxy', 'type': 'ExtraTrees', 'n_estimators': 60, 'max_depth': 3, 'min_samples_split': 2}",6,"['nodes_T6W30', 're_T6W30', 'pe_T6W30', 'l2_T6W30', 'atd_T6W30', 'density_T6W30']",,,,,,,,,,,,,,,pruned,True,PRUNED
205,-6.652530568659701e-05,2026-06-20 19:04:15.364189,2026-06-20 19:04:15.636789,0 days 00:00:00.272600,,,,,,,,,,,,,SVR,,,,9,,,,0.00660407758784301,LinearSVC,,,,0.001027723495390289,,0.0010151794162377823,auto,rbf,,,,,,,,,,,,,,,,,,,,,,,,,,,,,,,,,,,,,,,,,,,,,,SVR,"{'mode': 'proxy', 'type': 'LinearSVC', 'C': 0.00660407758784301, 'epsilon': 0.0010151794162377823}",9,"['nodes_T6W30', 'edges_T6W30', 're_T6W30', 'pe_T6W30', 'l1_T6W30', 'l3_T6W30', 'lsc_T6W30', 'atd_T6W30', 'diameter_T6W30']",,,,,,,,,,,,,,,pruned,True,PRUNED
206,-0.0002976394393993257,2026-06-20 19:04:15.647231,2026-06-20 19:04:15.992462,0 days 00:00:00.345231,,,,,,,,,,,,,SVR,,,,5,,,,0.04776334596133011,LinearSVC,,,,0.00407672186016855,,0.003339380568941396,auto,rbf,,,,,,,,,,,,,,,,,,,,,,,,,,,,,,,,,,,,,,,,,,,,,,SVR,"{'mode': 'proxy', 'type': 'LinearSVC', 'C': 0.04776334596133011, 'epsilon': 0.003339380568941396}",5,"['edges_T6W30', 're_T6W30', 'pe_T6W30', 'l3_T6W30', 'lsc_T6W30']",,,,,,,,,,,,,,,pruned,True,PRUNED
207,-0.00022480498907346825,2026-06-20 19:04:16.025363,2026-06-20 19:04:16.441498,0 days 00:00:00.416135,,,,,,,,,,,,,SVR,,,,7,3.0,2.0,40.0,,ExtraTrees,,,,0.0026250938640762157,,0.0013326771800472145,auto,rbf,,,,,,,,,,,,,,,,,,,,,,,,,,,,,,,,,,,,,,,,,,,,,,SVR,"{'mode': 'proxy', 'type': 'ExtraTrees', 'n_estimators': 40, 'max_depth': 3, 'min_samples_split': 2}",7,"['nodes_T6W30', 'edges_T6W30', 're_T6W30', 'pe_T6W30', 'l2_T6W30', 'atd_T6W30', 'density_T6W30']",,,,,,,,,,,,,,,pruned,True,PRUNED
208,1.7859958360037058,2026-06-20 19:04:16.451790,2026-06-20 19:04:23.093220,0 days 00:00:06.641430,,,,,,,,,,,,,Ridge,,,,6,,,,,,0.3775864233317626,lsqr,,,,,,,True,-0.031233220555760256,-0.02311407782385442,398.0,-0.027173649189807338,0.004059571365952919,0.041247331386957464,1.9659423239762661,1.773244386928884,1.7987472850785275,398.0,1.7859958360037058,0.012751449074821784,0.12956127586874555,1.9659423239762661,0.2767338290015929,0.2863836173397634,398.0,0.28155872317067815,0.0048248941690852525,0.04902340438410863,1.9659423239762661,5.804291010026714,5.945406324230166,398.0,5.87484866712844,0.07055765710172594,0.716902057387296,1.9659423239762661,1.4460398733223216,1.472213908771966,398.0,1.4591268910471438,0.0130870177248222,0.1329708258093443,1.9659423239762661,399.0,0.5112781954887218,-0.02328135437213029,-0.009388956883182878,398.0,-0.016335155627656583,0.0069461987444737056,0.07057694905819711,1.9659423239762661,Ridge,"{'mode': 'original', 'type': 'Ridge'}",6,"['re_T6W30', 'pe_T6W30', 'l2_T6W30', 'lsc_T6W30', 'atd_T6W30', 'asp_T6W30']",0.08754726936149404,0.1135130538756336,398.0,0.10053016161856382,0.012982892257069778,0.13191285754446125,1.9659423239762661,2.2512183194476134,2.285986738097248,398.0,2.2686025287724307,0.01738420932481716,0.17663250089277668,1.9659423239762661,completed,True,COMPLETE
209,-0.00010256191065024881,2026-06-20 19:04:23.182417,2026-06-20 19:04:23.505966,0 days 00:00:00.323549,,,,,,,,,,,,,SVR,,,,5,,,,0.5700768599968313,LinearSVC,,,,0.0015488183123738726,,0.002165692792739214,auto,rbf,,,,,,,,,,,,,,,,,,,,,,,,,,,,,,,,,,,,,,,,,,,,,,SVR,"{'mode': 'proxy', 'type': 'LinearSVC', 'C': 0.5700768599968313, 'epsilon': 0.002165692792739214}",5,"['re_T6W30', 'pe_T6W30', 'l3_T6W30', 'lsc_T6W30', 'density_T6W30']",,,,,,,,,,,,,,,pruned,True,PRUNED
210,-0.00011749835470951098,2026-06-20 19:04:23.516399,2026-06-20 19:04:23.792886,0 days 00:00:00.276487,,,,,,,,,,,,,SVR,,,,6,,,,0.01702117963062576,LinearSVC,,,,0.0019694154111846913,,0.001855818385617347,auto,rbf,,,,,,,,,,,,,,,,,,,,,,,,,,,,,,,,,,,,,,,,,,,,,,SVR,"{'mode': 'proxy', 'type': 'LinearSVC', 'C': 0.01702117963062576, 'epsilon': 0.001855818385617347}",6,"['edges_T6W30', 're_T6W30', 'pe_T6W30', 'l3_T6W30', 'lsc_T6W30', 'atd_T6W30']",,,,,,,,,,,,,,,pruned,True,PRUNED
211,-0.000143508607659563,2026-06-20 19:04:23.803472,2026-06-20 19:04:24.400166,0 days 00:00:00.596694,,,,,,,,,,,,,SVR,,,,6,3.0,2.0,70.0,,ExtraTrees,,,,0.0013248252127093523,,0.0012370592328540854,auto,rbf,,,,,,,,,,,,,,,,,,,,,,,,,,,,,,,,,,,,,,,,,,,,,,SVR,"{'mode': 'proxy', 'type': 'ExtraTrees', 'n_estimators': 70, 'max_depth': 3, 'min_samples_split': 2}",6,"['nodes_T6W30', 're_T6W30', 'pe_T6W30', 'l2_T6W30', 'atd_T6W30', 'density_T6W30']",,,,,,,,,,,,,,,pruned,True,PRUNED
212,-0.00010595062538405475,2026-06-20 19:04:24.410741,2026-06-20 19:04:24.969526,0 days 00:00:00.558785,,,,,,,,,,,,,SVR,,,,6,3.0,2.0,60.0,,ExtraTrees,,,,0.001009826029696168,,0.001484757033114922,auto,rbf,,,,,,,,,,,,,,,,,,,,,,,,,,,,,,,,,,,,,,,,,,,,,,SVR,"{'mode': 'proxy', 'type': 'ExtraTrees', 'n_estimators': 60, 'max_depth': 3, 'min_samples_split': 2}",6,"['nodes_T6W30', 're_T6W30', 'pe_T6W30', 'l2_T6W30', 'atd_T6W30', 'density_T6W30']",,,,,,,,,,,,,,,pruned,True,PRUNED
