number,value,datetime_start,datetime_complete,duration,params_bag_n_estimators,params_dt_max_depth,params_dt_min_samples_split,params_elastic_alpha,params_elastic_l1_ratio,params_et_max_depth,params_et_min_samples_split,params_et_n_estimators,params_gpr_alpha,params_knn_metric,params_knn_n_neighbors,params_knn_weights,params_regressor,params_rf_max_depth,params_rf_min_samples_split,params_rf_n_estimators,params_rfe_n_features,params_rfe_proxy_et_max_depth,params_rfe_proxy_et_min_samples_split,params_rfe_proxy_et_n_estimators,params_rfe_proxy_svc_C,params_rfe_proxy_type,params_ridge_alpha,params_ridge_solver,params_stack_final_estimator,params_svr_C,params_svr_degree,params_svr_epsilon,params_svr_gamma,params_svr_kernel,params_use_scaler,user_attrs_d2mae_ci_lower_val,user_attrs_d2mae_ci_upper_val,user_attrs_d2mae_df_val,user_attrs_d2mae_mean_val,user_attrs_d2mae_samperror_val,user_attrs_d2mae_std_val,user_attrs_d2mae_t_critical_val,user_attrs_mae_ci_lower_val,user_attrs_mae_ci_upper_val,user_attrs_mae_df_val,user_attrs_mae_mean_val,user_attrs_mae_samperror_val,user_attrs_mae_std_val,user_attrs_mae_t_critical_val,user_attrs_mape_ci_lower_val,user_attrs_mape_ci_upper_val,user_attrs_mape_df_val,user_attrs_mape_mean_val,user_attrs_mape_samperror_val,user_attrs_mape_std_val,user_attrs_mape_t_critical_val,user_attrs_max_error_ci_lower_val,user_attrs_max_error_ci_upper_val,user_attrs_max_error_df_val,user_attrs_max_error_mean_val,user_attrs_max_error_samperror_val,user_attrs_max_error_std_val,user_attrs_max_error_t_critical_val,user_attrs_median_ae_ci_lower_val,user_attrs_median_ae_ci_upper_val,user_attrs_median_ae_df_val,user_attrs_median_ae_mean_val,user_attrs_median_ae_samperror_val,user_attrs_median_ae_std_val,user_attrs_median_ae_t_critical_val,user_attrs_n_splits_val,user_attrs_r2_below_zero_val,user_attrs_r2_ci_lower_val,user_attrs_r2_ci_upper_val,user_attrs_r2_df_val,user_attrs_r2_mean_val,user_attrs_r2_samperror_val,user_attrs_r2_std_val,user_attrs_r2_t_critical_val,user_attrs_regressor_final,user_attrs_rfe_clf,user_attrs_rfe_n_features,user_attrs_rfe_selected_features,user_attrs_rho_ci_lower_val,user_attrs_rho_ci_upper_val,user_attrs_rho_df_val,user_attrs_rho_mean_val,user_attrs_rho_samperror_val,user_attrs_rho_std_val,user_attrs_rho_t_critical_val,user_attrs_rmse_ci_lower_val,user_attrs_rmse_ci_upper_val,user_attrs_rmse_df_val,user_attrs_rmse_mean_val,user_attrs_rmse_samperror_val,user_attrs_rmse_std_val,user_attrs_rmse_t_critical_val,user_attrs_termination_reason,user_attrs_use_scaler_final,state
213,2.1524562726395877,2026-06-20 19:04:24.979782,2026-06-20 19:04:33.671227,0 days 00:00:08.691445,,,,,,,,,,,,,SVR,,,,6,3.0,2.0,60.0,,ExtraTrees,,,,88.36563918143017,,0.0010215788367025486,auto,rbf,,-0.24977755197664572,-0.22919579436108553,398.0,-0.23948667316886563,0.010290878807780105,0.10456061741086943,1.9659423239762661,2.133345717378603,2.1715668279005724,398.0,2.1524562726395877,0.019110555260984843,0.1941730628138801,1.9659423239762661,0.3217912754381031,0.3317246634713726,398.0,0.32675796945473784,0.004966694016634751,0.05046416370947678,1.9659423239762661,7.4084143673035845,7.687749691977907,398.0,7.548082029640746,0.13966766233716107,1.4190952278308522,1.9659423239762661,1.7005314696869693,1.7448675391378423,398.0,1.7226995044124058,0.02216803472543645,0.22523862548306842,1.9659423239762661,399.0,0.9974937343358395,-0.5682407781118981,-0.5069210734884453,398.0,-0.5375809258001717,0.03065985231172645,0.3115198563038691,1.9659423239762661,SVR,"{'mode': 'proxy', 'type': 'ExtraTrees', 'n_estimators': 60, 'max_depth': 3, 'min_samples_split': 2}",6,"['nodes_T6W30', 're_T6W30', 'pe_T6W30', 'l2_T6W30', 'atd_T6W30', 'density_T6W30']",-0.012510809819513802,0.011667294770104902,398.0,-0.0004217575247044498,0.012089052294809352,0.12283098416258831,1.9659423239762661,2.745883912209994,2.799814074697471,398.0,2.7728489934537324,0.026965081243738354,0.2739790834236578,1.9659423239762661,completed,True,COMPLETE
214,-0.0034012788529615683,2026-06-20 19:04:33.689908,2026-06-20 19:04:34.159636,0 days 00:00:00.469728,,,,,,,,,,,,,SVR,,,,7,4.0,2.0,50.0,,ExtraTrees,,,,0.0016071182600151013,,2.060718494047897,auto,rbf,,,,,,,,,,,,,,,,,,,,,,,,,,,,,,,,,,,,,,,,,,,,,,SVR,"{'mode': 'proxy', 'type': 'ExtraTrees', 'n_estimators': 50, 'max_depth': 4, 'min_samples_split': 2}",7,"['nodes_T6W30', 're_T6W30', 'pe_T6W30', 'l2_T6W30', 'lcc_T6W30', 'atd_T6W30', 'density_T6W30']",,,,,,,,,,,,,,,pruned,True,PRUNED
215,1.9001599263595559,2026-06-20 19:04:34.170258,2026-06-20 19:04:41.175194,0 days 00:00:07.004936,,,,,,,,,,,,,SVR,,,,6,,,,0.164224664310276,LinearSVC,,,,0.11205158626197757,4.0,0.0029315809446779154,auto,poly,,-0.10020144327352702,-0.08571948571511705,398.0,-0.09296046449432203,0.0072409787792049865,0.07357206570543602,1.9659423239762661,1.8835066131969331,1.9168132395221786,398.0,1.9001599263595559,0.01665331316262281,0.16920622026021312,1.9659423239762661,0.28613901946414205,0.2955960502640029,398.0,0.29086753486407246,0.004728515399930424,0.048044146558187124,1.9659423239762661,7.932170272607112,8.507915457215002,398.0,8.220042864911058,0.28787259230394535,2.924933482280613,1.9659423239762661,1.330680136342394,1.385325242359948,398.0,1.358002689351171,0.02732255300877713,0.2776111802695705,1.9659423239762661,399.0,0.9423558897243107,-0.3482186453232822,-0.2795907681951714,398.0,-0.3139047067592268,0.03431393856405541,0.3486472505481032,1.9659423239762661,SVR,"{'mode': 'proxy', 'type': 'LinearSVC', 'C': 0.164224664310276, 'epsilon': 0.0029315809446779154}",6,"['re_T6W30', 'pe_T6W30', 'l1_T6W30', 'l3_T6W30', 'lsc_T6W30', 'density_T6W30']",-0.07438846237866176,-0.04679104189361102,398.0,-0.060589752136136384,0.013798710242525368,0.14020198754467444,1.9659423239762661,2.5258359438104843,2.59181564761005,398.0,2.558825795710267,0.032989851899782735,0.33519384955992126,1.9659423239762661,completed,True,COMPLETE
216,-0.00010952274797659071,2026-06-20 19:04:41.193243,2026-06-20 19:04:41.792590,0 days 00:00:00.599347,,,,,,,,,,,,,SVR,,,,5,3.0,3.0,70.0,,ExtraTrees,,,,0.0012678188733798931,,0.003864255180309066,auto,rbf,,,,,,,,,,,,,,,,,,,,,,,,,,,,,,,,,,,,,,,,,,,,,,SVR,"{'mode': 'proxy', 'type': 'ExtraTrees', 'n_estimators': 70, 'max_depth': 3, 'min_samples_split': 3}",5,"['nodes_T6W30', 're_T6W30', 'pe_T6W30', 'atd_T6W30', 'density_T6W30']",,,,,,,,,,,,,,,pruned,True,PRUNED
217,-0.010373678468690077,2026-06-20 19:04:41.802947,2026-06-20 19:04:42.533783,0 days 00:00:00.730836,,,,,,,,,,,,,StackingRegressor,,,,6,,,,0.07911399853039958,LinearSVC,,,Ridge,,,0.002348353798538021,,,False,,,,,,,,,,,,,,,,,,,,,,,,,,,,,,,,,,,,,,,,,,,,,StackingRegressor,"{'mode': 'proxy', 'type': 'LinearSVC', 'C': 0.07911399853039958, 'epsilon': 0.002348353798538021}",6,"['nodes_T6W30', 'edges_T6W30', 're_T6W30', 'pe_T6W30', 'l3_T6W30', 'lsc_T6W30']",,,,,,,,,,,,,,,pruned,False,PRUNED
218,1.8920497221954058,2026-06-20 19:04:42.545164,2026-06-20 19:06:43.325604,0 days 00:02:00.780440,197.0,,,,,,,,,,,,BaggingRegressor,,,,8,,,,0.00404637335616506,LinearSVC,,,,,,0.004864940118314519,,,True,-0.09445813631207986,-0.08246512563893649,398.0,-0.08846163097550817,0.005996505336571686,0.06092757596421076,1.9659423239762661,1.87731334639421,1.9067860979966016,398.0,1.8920497221954058,0.01473637580119591,0.14972915150907534,1.9659423239762661,0.28726724645210533,0.2968632801866028,398.0,0.29206526331935406,0.004798016867248735,0.04875031718457424,1.9659423239762661,5.983166726460658,6.129831505159,398.0,6.056499115809829,0.07333238934917158,0.7450947630212815,1.9659423239762661,1.5042175321675542,1.5441902894168638,398.0,1.524203910792209,0.019986378624654695,0.20307187829492054,1.9659423239762661,399.0,0.9047619047619048,-0.15100101574674735,-0.1285794134630287,398.0,-0.13979021460488802,0.011210801141859326,0.11390750109476352,1.9659423239762661,BaggingRegressor,"{'mode': 'proxy', 'type': 'LinearSVC', 'C': 0.00404637335616506, 'epsilon': 0.004864940118314519}",8,"['edges_T6W30', 're_T6W30', 'pe_T6W30', 'l1_T6W30', 'l3_T6W30', 'lsc_T6W30', 'atd_T6W30', 'diameter_T6W30']",0.00804298445020749,0.03264624268382102,398.0,0.020344613567014256,0.012301629116806765,0.12499087392229337,1.9659423239762661,2.380832686141,2.4183214983275096,398.0,2.3995770922342547,0.018744406093254735,0.1904527990971029,1.9659423239762661,completed,True,COMPLETE
219,-0.00018057567900813993,2026-06-20 19:06:43.343860,2026-06-20 19:06:43.876876,0 days 00:00:00.533016,,,,,,,,,,,,,SVR,,,,7,3.0,2.0,60.0,,ExtraTrees,,,,0.0019287947321483204,,0.0018417920749759515,auto,rbf,,,,,,,,,,,,,,,,,,,,,,,,,,,,,,,,,,,,,,,,,,,,,,SVR,"{'mode': 'proxy', 'type': 'ExtraTrees', 'n_estimators': 60, 'max_depth': 3, 'min_samples_split': 2}",7,"['nodes_T6W30', 'edges_T6W30', 're_T6W30', 'pe_T6W30', 'l2_T6W30', 'atd_T6W30', 'density_T6W30']",,,,,,,,,,,,,,,pruned,True,PRUNED
220,1.7886263967598315,2026-06-20 19:06:43.888413,2026-06-20 19:06:50.308717,0 days 00:00:06.420304,,,,,,,,,,,,,LinearRegression,,,,5,,,,,,,,,,,,,,False,-0.032888047901248434,-0.024638194046400427,398.0,-0.02876312097382443,0.004124926927424002,0.04191137747925856,1.9659423239762661,1.7759954602960415,1.8012573332236215,398.0,1.7886263967598315,0.012630936463789943,0.12833680580640658,1.9659423239762661,0.27688895961111865,0.2864872660048096,398.0,0.28168811280796413,0.004799153196845475,0.04876186287726353,1.9659423239762661,5.8094018606329225,5.95797182120034,398.0,5.883686840916631,0.07428498028370899,0.7547735764749904,1.9659423239762661,1.4326647251641218,1.4586685118357046,398.0,1.4456666184999132,0.013001893335791295,0.13210591826937157,1.9659423239762661,399.0,0.48370927318295737,-0.023049549268086476,-0.008227888639815804,398.0,-0.01563871895395114,0.007410830314135335,0.07529784459101325,1.9659423239762661,LinearRegression,"{'mode': 'original', 'type': 'LinearRegression'}",5,"['l1_T6W30', 'l2_T6W30', 'atd_T6W30', 'density_T6W30', 'asp_T6W30']",0.09225984474062858,0.11831988688437951,398.0,0.10528986581250405,0.013030021071875463,0.13239171052348958,1.9659423239762661,2.2500908867692258,2.2849458360236965,398.0,2.267518361396461,0.017427474627235408,0.17707209860039907,1.9659423239762661,completed,False,COMPLETE
221,-6.523181426794089e-05,2026-06-20 19:06:50.326580,2026-06-20 19:06:50.600617,0 days 00:00:00.274037,,,,,,,,,,,,,SVR,,,,6,,,,0.02411242235573556,LinearSVC,,,,0.0010059739972893245,,0.0014878924671745909,auto,rbf,,,,,,,,,,,,,,,,,,,,,,,,,,,,,,,,,,,,,,,,,,,,,,SVR,"{'mode': 'proxy', 'type': 'LinearSVC', 'C': 0.02411242235573556, 'epsilon': 0.0014878924671745909}",6,"['edges_T6W30', 're_T6W30', 'pe_T6W30', 'l3_T6W30', 'lsc_T6W30', 'diameter_T6W30']",,,,,,,,,,,,,,,pruned,True,PRUNED
222,-9.021161285773053e-05,2026-06-20 19:06:50.610729,2026-06-20 19:06:50.898619,0 days 00:00:00.287890,,,,,,,,,,,,,SVR,,,,10,,,,0.010121760062705544,LinearSVC,,,,0.0015096483361616729,,0.00259995429048494,auto,rbf,,,,,,,,,,,,,,,,,,,,,,,,,,,,,,,,,,,,,,,,,,,,,,SVR,"{'mode': 'proxy', 'type': 'LinearSVC', 'C': 0.010121760062705544, 'epsilon': 0.00259995429048494}",10,"['nodes_T6W30', 'edges_T6W30', 're_T6W30', 'pe_T6W30', 'l1_T6W30', 'l3_T6W30', 'lcc_T6W30', 'lsc_T6W30', 'atd_T6W30', 'diameter_T6W30']",,,,,,,,,,,,,,,pruned,True,PRUNED
223,-0.00018905614950157635,2026-06-20 19:06:50.908651,2026-06-20 19:06:51.203318,0 days 00:00:00.294667,,,,,,,,,,,,,SVR,,,,6,,,,0.06080539580663797,LinearSVC,,,,0.0029253743608844474,,0.0018207510632405565,auto,rbf,,,,,,,,,,,,,,,,,,,,,,,,,,,,,,,,,,,,,,,,,,,,,,SVR,"{'mode': 'proxy', 'type': 'LinearSVC', 'C': 0.06080539580663797, 'epsilon': 0.0018207510632405565}",6,"['edges_T6W30', 're_T6W30', 'pe_T6W30', 'l3_T6W30', 'lsc_T6W30', 'diameter_T6W30']",,,,,,,,,,,,,,,pruned,True,PRUNED
224,-0.00014994217561662784,2026-06-20 19:06:51.213463,2026-06-20 19:06:51.484300,0 days 00:00:00.270837,,,,,,,,,,,,,SVR,,,,6,,,,0.035351428189618804,LinearSVC,,,,0.002328343724991434,,0.001202311171391342,auto,rbf,,,,,,,,,,,,,,,,,,,,,,,,,,,,,,,,,,,,,,,,,,,,,,SVR,"{'mode': 'proxy', 'type': 'LinearSVC', 'C': 0.035351428189618804, 'epsilon': 0.001202311171391342}",6,"['edges_T6W30', 're_T6W30', 'pe_T6W30', 'l3_T6W30', 'lsc_T6W30', 'diameter_T6W30']",,,,,,,,,,,,,,,pruned,True,PRUNED
225,-8.205037698918449e-05,2026-06-20 19:06:51.494505,2026-06-20 19:06:51.771544,0 days 00:00:00.277039,,,,,,,,,,,,,SVR,,,,6,,,,0.017859178057472197,LinearSVC,,,,0.001270369958242932,,0.0033499112473870025,auto,rbf,,,,,,,,,,,,,,,,,,,,,,,,,,,,,,,,,,,,,,,,,,,,,,SVR,"{'mode': 'proxy', 'type': 'LinearSVC', 'C': 0.017859178057472197, 'epsilon': 0.0033499112473870025}",6,"['edges_T6W30', 're_T6W30', 'pe_T6W30', 'l3_T6W30', 'lsc_T6W30', 'atd_T6W30']",,,,,,,,,,,,,,,pruned,True,PRUNED
226,-0.00010036438187898493,2026-06-20 19:06:51.781770,2026-06-20 19:06:52.125497,0 days 00:00:00.343727,,,,,,,,,,,,,SVR,,,,6,,,,0.011762800918283342,LinearSVC,,,,0.0016579985069065464,,0.0015254277448440233,auto,rbf,,,,,,,,,,,,,,,,,,,,,,,,,,,,,,,,,,,,,,,,,,,,,,SVR,"{'mode': 'proxy', 'type': 'LinearSVC', 'C': 0.011762800918283342, 'epsilon': 0.0015254277448440233}",6,"['edges_T6W30', 're_T6W30', 'pe_T6W30', 'l3_T6W30', 'lsc_T6W30', 'atd_T6W30']",,,,,,,,,,,,,,,pruned,True,PRUNED
227,-0.00023376276696254194,2026-06-20 19:06:52.135774,2026-06-20 19:06:52.781095,0 days 00:00:00.645321,,,,,,,,,,,,,SVR,,,,5,4.0,2.0,70.0,,ExtraTrees,,,,0.0020819849411656084,,0.0021027706260857847,auto,rbf,,,,,,,,,,,,,,,,,,,,,,,,,,,,,,,,,,,,,,,,,,,,,,SVR,"{'mode': 'proxy', 'type': 'ExtraTrees', 'n_estimators': 70, 'max_depth': 4, 'min_samples_split': 2}",5,"['re_T6W30', 'pe_T6W30', 'l2_T6W30', 'atd_T6W30', 'density_T6W30']",,,,,,,,,,,,,,,pruned,True,PRUNED
228,1.778170917489803,2026-06-20 19:06:52.791600,2026-06-20 19:06:58.993601,0 days 00:00:06.202001,,,,,,,,,,,,,SVR,,,,6,,,,0.026844790435122053,LinearSVC,,,,0.0012584640165374426,,60.74428453410553,auto,rbf,,-0.023816428722142846,-0.020954408039258222,398.0,-0.022385418380700534,0.0014310103414423103,0.014539800498809282,1.9659423239762661,1.766450166081849,1.789891668897757,398.0,1.778170917489803,0.011720751407954082,0.11908885787368054,1.9659423239762661,0.28571499385440524,0.295987483889647,398.0,0.29085123887202613,0.005136245017620911,0.052186889015729626,1.9659423239762661,6.038876205721055,6.186687704053381,398.0,6.112781954887218,0.0739057491661626,0.7509203934249591,1.9659423239762661,1.3887357054061629,1.4383319637667693,398.0,1.413533834586466,0.02479812918030315,0.2519617368117003,1.9659423239762661,399.0,0.9924812030075187,-0.030247079439953282,-0.024348529405578894,398.0,-0.027297804422766088,0.0029492750171871925,0.029966149876180216,1.9659423239762661,SVR,"{'mode': 'proxy', 'type': 'LinearSVC', 'C': 0.026844790435122053, 'epsilon': 60.74428453410553}",6,"['lcc_T6W30', 'lsc_T6W30', 'atd_T6W30', 'density_T6W30', 'diameter_T6W30', 'asp_T6W30']",,,,,,,,2.265262495936074,2.3022585434672167,398.0,2.2837605197016453,0.018498023765571234,0.18794942802618544,1.9659423239762661,completed,True,COMPLETE
229,-0.0001423796909295764,2026-06-20 19:06:59.083215,2026-06-20 19:06:59.539265,0 days 00:00:00.456050,,,,,,,,,,,,,SVR,,,,7,3.0,3.0,50.0,,ExtraTrees,,,,0.0014440326239987262,,0.002730096254411777,scale,rbf,,,,,,,,,,,,,,,,,,,,,,,,,,,,,,,,,,,,,,,,,,,,,,SVR,"{'mode': 'proxy', 'type': 'ExtraTrees', 'n_estimators': 50, 'max_depth': 3, 'min_samples_split': 3}",7,"['nodes_T6W30', 'edges_T6W30', 're_T6W30', 'pe_T6W30', 'l2_T6W30', 'atd_T6W30', 'density_T6W30']",,,,,,,,,,,,,,,pruned,True,PRUNED
230,-0.00010963494284879082,2026-06-20 19:06:59.549800,2026-06-20 19:06:59.851764,0 days 00:00:00.301964,,,,,,,,,,,,,SVR,,,,6,,,,0.005578546715698612,LinearSVC,,,,0.0018641701963117542,,0.004325339094883158,auto,rbf,,,,,,,,,,,,,,,,,,,,,,,,,,,,,,,,,,,,,,,,,,,,,,SVR,"{'mode': 'proxy', 'type': 'LinearSVC', 'C': 0.005578546715698612, 'epsilon': 0.004325339094883158}",6,"['edges_T6W30', 're_T6W30', 'pe_T6W30', 'l3_T6W30', 'lsc_T6W30', 'atd_T6W30']",,,,,,,,,,,,,,,pruned,True,PRUNED
231,-8.199491856984616e-05,2026-06-20 19:06:59.862051,2026-06-20 19:07:00.460980,0 days 00:00:00.598929,,,,,,,,,,,,,SVR,,,,5,3.0,2.0,60.0,,ExtraTrees,,,,0.0010035226888954916,,0.0012581963450686668,auto,rbf,,,,,,,,,,,,,,,,,,,,,,,,,,,,,,,,,,,,,,,,,,,,,,SVR,"{'mode': 'proxy', 'type': 'ExtraTrees', 'n_estimators': 60, 'max_depth': 3, 'min_samples_split': 2}",5,"['nodes_T6W30', 're_T6W30', 'pe_T6W30', 'atd_T6W30', 'density_T6W30']",,,,,,,,,,,,,,,pruned,True,PRUNED
232,-0.00010251538784477414,2026-06-20 19:07:00.471446,2026-06-20 19:07:01.068340,0 days 00:00:00.596894,,,,,,,,,,,,,SVR,,,,5,3.0,2.0,60.0,,ExtraTrees,,,,0.0013048795956460302,,0.0014126308878938312,auto,rbf,,,,,,,,,,,,,,,,,,,,,,,,,,,,,,,,,,,,,,,,,,,,,,SVR,"{'mode': 'proxy', 'type': 'ExtraTrees', 'n_estimators': 60, 'max_depth': 3, 'min_samples_split': 2}",5,"['nodes_T6W30', 're_T6W30', 'pe_T6W30', 'atd_T6W30', 'density_T6W30']",,,,,,,,,,,,,,,pruned,True,PRUNED
233,8.15047422477763,2026-06-20 19:07:01.078908,2026-06-20 19:08:26.419108,0 days 00:01:25.340200,,,,,,,,,0.0005384896827556928,,,,GaussianProcessRegressor,,,,5,9.0,2.0,70.0,,ExtraTrees,,,,,,,,,,-3.746349718734595,-3.6738174039679246,398.0,-3.7100835613512597,0.036266157383335156,0.368482797042994,1.9659423239762661,8.139053374042271,8.161895075512989,398.0,8.15047422477763,0.01142085073535897,0.11604171291412928,1.9659423239762661,1.0,1.0,398.0,1.0,0.0,0.0,1.9659423239762661,13.3659726363038,13.571370722092189,398.0,13.468671679197994,0.10269904289419442,1.043475055250285,1.9659423239762661,8.0,8.0,398.0,8.0,0.0,0.0,1.9659423239762661,399.0,1.0,-13.602492991286825,-13.135647454178637,398.0,-13.36907022273273,0.23342276855409386,2.3716952899414667,1.9659423239762661,GaussianProcessRegressor,"{'mode': 'proxy', 'type': 'ExtraTrees', 'n_estimators': 70, 'max_depth': 9, 'min_samples_split': 2}",5,"['nodes_T6W30', 're_T6W30', 'pe_T6W30', 'l2_T6W30', 'atd_T6W30']",,,,,,,,8.448940356928123,8.46756156667334,398.0,8.458250961800731,0.009310604872607696,0.09460053044376618,1.9659423239762661,completed,True,COMPLETE
234,-0.00012359694902208673,2026-06-20 19:08:26.437982,2026-06-20 19:08:27.009938,0 days 00:00:00.571956,,,,,,,,,,,,,SVR,,,,4,3.0,2.0,50.0,,ExtraTrees,,,,0.0016635295877019264,,0.0010318698202700502,auto,rbf,,,,,,,,,,,,,,,,,,,,,,,,,,,,,,,,,,,,,,,,,,,,,,SVR,"{'mode': 'proxy', 'type': 'ExtraTrees', 'n_estimators': 50, 'max_depth': 3, 'min_samples_split': 2}",4,"['nodes_T6W30', 're_T6W30', 'pe_T6W30', 'atd_T6W30']",,,,,,,,,,,,,,,pruned,True,PRUNED
235,2.258725089021418,2026-06-20 19:08:27.020261,2026-06-20 19:08:33.610990,0 days 00:00:06.590729,,20.0,15.0,,,,,,,,,,DecisionTreeRegressor,,,,6,,,,,,,,,,,,,,True,-0.3138410409954806,-0.2886100702248603,398.0,-0.30122555561017045,0.01261548538531018,0.12817981490838082,1.9659423239762661,2.2365482951998628,2.280901882842973,398.0,2.258725089021418,0.02217679382155519,0.2253276224011396,1.9659423239762661,0.3290535374469048,0.33903242150897706,398.0,0.3340429794779409,0.004989442031036112,0.050695295226532405,1.9659423239762661,7.282863651028698,7.542540184901453,398.0,7.412701917965076,0.12983826693637718,1.3192235190022035,1.9659423239762661,1.8737459418292604,1.9310302761048521,398.0,1.9023881089670562,0.02864216713779588,0.2910191380010318,1.9659423239762661,399.0,0.9949874686716792,-0.6523052857372493,-0.5899699657201372,398.0,-0.6211376257286932,0.03116766000855605,0.31667944347793553,1.9659423239762661,DecisionTreeRegressor,"{'mode': 'original', 'type': 'DecisionTreeRegressor'}",6,"['re_T6W30', 'l1_T6W30', 'l2_T6W30', 'l3_T6W30', 'lsc_T6W30', 'diameter_T6W30']",0.0227803006138318,0.049319366380421954,398.0,0.03604983349712688,0.013269532883295078,0.1348252736182466,1.9659423239762661,2.8195896370618834,2.8725337920690666,398.0,2.846061714565475,0.02647207750359148,0.26896991205758813,1.9659423239762661,completed,True,COMPLETE
236,-0.00022899036327581613,2026-06-20 19:08:33.628958,2026-06-20 19:08:33.918038,0 days 00:00:00.289080,,,,,,,,,,,,,SVR,,,,5,,,,0.04096225577269124,LinearSVC,,,,0.0034221069333655453,,0.0017918658189775883,auto,rbf,,,,,,,,,,,,,,,,,,,,,,,,,,,,,,,,,,,,,,,,,,,,,,SVR,"{'mode': 'proxy', 'type': 'LinearSVC', 'C': 0.04096225577269124, 'epsilon': 0.0017918658189775883}",5,"['edges_T6W30', 're_T6W30', 'pe_T6W30', 'l3_T6W30', 'lsc_T6W30']",,,,,,,,,,,,,,,pruned,True,PRUNED
237,-9.74690592072521e-05,2026-06-20 19:08:33.928817,2026-06-20 19:08:34.234596,0 days 00:00:00.305779,,,,,,,,,,,,,SVR,,,,11,,,,0.05083190798272113,LinearSVC,,,,0.0011855530563934717,,0.0010080350214376498,auto,rbf,,,,,,,,,,,,,,,,,,,,,,,,,,,,,,,,,,,,,,,,,,,,,,SVR,"{'mode': 'proxy', 'type': 'LinearSVC', 'C': 0.05083190798272113, 'epsilon': 0.0010080350214376498}",11,"['nodes_T6W30', 'edges_T6W30', 're_T6W30', 'pe_T6W30', 'l2_T6W30', 'l3_T6W30', 'lcc_T6W30', 'lsc_T6W30', 'density_T6W30', 'diameter_T6W30', 'asp_T6W30']",,,,,,,,,,,,,,,pruned,True,PRUNED
238,-0.0002777035575247592,2026-06-20 19:08:34.244985,2026-06-20 19:08:34.887944,0 days 00:00:00.642959,,,,,,,,,,,,,SVR,,,,5,4.0,2.0,60.0,,ExtraTrees,,,,0.0024414884376483177,,0.002355868009907306,auto,rbf,,,,,,,,,,,,,,,,,,,,,,,,,,,,,,,,,,,,,,,,,,,,,,SVR,"{'mode': 'proxy', 'type': 'ExtraTrees', 'n_estimators': 60, 'max_depth': 4, 'min_samples_split': 2}",5,"['re_T6W30', 'pe_T6W30', 'l2_T6W30', 'atd_T6W30', 'density_T6W30']",,,,,,,,,,,,,,,pruned,True,PRUNED
