number,value,datetime_start,datetime_complete,duration,params_bag_n_estimators,params_dt_max_depth,params_dt_min_samples_split,params_elastic_alpha,params_elastic_l1_ratio,params_et_max_depth,params_et_min_samples_split,params_et_n_estimators,params_gpr_alpha,params_knn_metric,params_knn_n_neighbors,params_knn_weights,params_regressor,params_rf_max_depth,params_rf_min_samples_split,params_rf_n_estimators,params_rfe_n_features,params_rfe_proxy_et_max_depth,params_rfe_proxy_et_min_samples_split,params_rfe_proxy_et_n_estimators,params_rfe_proxy_svc_C,params_rfe_proxy_type,params_ridge_alpha,params_ridge_solver,params_stack_final_estimator,params_svr_C,params_svr_degree,params_svr_epsilon,params_svr_gamma,params_svr_kernel,params_use_scaler,user_attrs_d2mae_ci_lower_val,user_attrs_d2mae_ci_upper_val,user_attrs_d2mae_df_val,user_attrs_d2mae_mean_val,user_attrs_d2mae_samperror_val,user_attrs_d2mae_std_val,user_attrs_d2mae_t_critical_val,user_attrs_mae_ci_lower_val,user_attrs_mae_ci_upper_val,user_attrs_mae_df_val,user_attrs_mae_mean_val,user_attrs_mae_samperror_val,user_attrs_mae_std_val,user_attrs_mae_t_critical_val,user_attrs_mape_ci_lower_val,user_attrs_mape_ci_upper_val,user_attrs_mape_df_val,user_attrs_mape_mean_val,user_attrs_mape_samperror_val,user_attrs_mape_std_val,user_attrs_mape_t_critical_val,user_attrs_max_error_ci_lower_val,user_attrs_max_error_ci_upper_val,user_attrs_max_error_df_val,user_attrs_max_error_mean_val,user_attrs_max_error_samperror_val,user_attrs_max_error_std_val,user_attrs_max_error_t_critical_val,user_attrs_median_ae_ci_lower_val,user_attrs_median_ae_ci_upper_val,user_attrs_median_ae_df_val,user_attrs_median_ae_mean_val,user_attrs_median_ae_samperror_val,user_attrs_median_ae_std_val,user_attrs_median_ae_t_critical_val,user_attrs_n_splits_val,user_attrs_r2_below_zero_val,user_attrs_r2_ci_lower_val,user_attrs_r2_ci_upper_val,user_attrs_r2_df_val,user_attrs_r2_mean_val,user_attrs_r2_samperror_val,user_attrs_r2_std_val,user_attrs_r2_t_critical_val,user_attrs_regressor_final,user_attrs_rfe_clf,user_attrs_rfe_n_features,user_attrs_rfe_selected_features,user_attrs_rho_ci_lower_val,user_attrs_rho_ci_upper_val,user_attrs_rho_df_val,user_attrs_rho_mean_val,user_attrs_rho_samperror_val,user_attrs_rho_std_val,user_attrs_rho_t_critical_val,user_attrs_rmse_ci_lower_val,user_attrs_rmse_ci_upper_val,user_attrs_rmse_df_val,user_attrs_rmse_mean_val,user_attrs_rmse_samperror_val,user_attrs_rmse_std_val,user_attrs_rmse_t_critical_val,user_attrs_termination_reason,user_attrs_use_scaler_final,state
292,1.872073253712639,2026-06-20 19:14:40.306659,2026-06-20 19:18:17.737554,0 days 00:03:37.430895,397.0,,,,,,,,,,,,BaggingRegressor,,,,5,,,,0.058250902260952156,LinearSVC,,,,,,0.0015767723144798178,,,True,-0.08346477079401138,-0.07081979017415097,398.0,-0.07714228048408117,0.00632249030993021,0.06423975082485181,1.9659423239762661,1.857391447869154,1.886755059556124,398.0,1.872073253712639,0.014681805843484908,0.14917469269395126,1.9659423239762661,0.2829574449592563,0.29244998876612743,398.0,0.28770371686269186,0.004746271903435548,0.048224561759282525,1.9659423239762661,5.930829600012667,6.096922399633804,398.0,6.013875999823235,0.08304639981056823,0.8437941015667308,1.9659423239762661,1.5022533729487026,1.5423101769840635,398.0,1.522281774966383,0.020028402017680445,0.2034988575648688,1.9659423239762661,399.0,0.8220551378446115,-0.11857439525054372,-0.09551106924510683,398.0,-0.10704273224782528,0.01153166300271845,0.1171676224995231,1.9659423239762661,BaggingRegressor,"{'mode': 'proxy', 'type': 'LinearSVC', 'C': 0.058250902260952156, 'epsilon': 0.0015767723144798178}",5,"['edges_T6W30', 're_T6W30', 'pe_T6W30', 'l3_T6W30', 'lsc_T6W30']",0.05881435164817991,0.08189990362760818,398.0,0.07035712763789405,0.011542775989714133,0.11728053615862373,1.9659423239762661,2.3456701445999126,2.3828856396829856,398.0,2.364277892141449,0.018607747541536292,0.1890642779796107,1.9659423239762661,completed,True,COMPLETE
293,-0.00039803587248155026,2026-06-20 19:18:17.756459,2026-06-20 19:18:18.252896,0 days 00:00:00.496437,,,,,,,,,,,,,SVR,,,,8,3.0,3.0,60.0,,ExtraTrees,,,,0.0047283113329841244,,0.0026145918500752085,auto,rbf,,,,,,,,,,,,,,,,,,,,,,,,,,,,,,,,,,,,,,,,,,,,,,SVR,"{'mode': 'proxy', 'type': 'ExtraTrees', 'n_estimators': 60, 'max_depth': 3, 'min_samples_split': 3}",8,"['nodes_T6W30', 'edges_T6W30', 're_T6W30', 'pe_T6W30', 'l2_T6W30', 'lcc_T6W30', 'atd_T6W30', 'density_T6W30']",,,,,,,,,,,,,,,pruned,True,PRUNED
294,-0.00011444283975233412,2026-06-20 19:18:18.263276,2026-06-20 19:18:18.532390,0 days 00:00:00.269114,,,,,,,,,,,,,SVR,,,,6,,,,0.015945379028369944,LinearSVC,,,,0.0017728582481618326,,0.004709807271672088,auto,rbf,,,,,,,,,,,,,,,,,,,,,,,,,,,,,,,,,,,,,,,,,,,,,,SVR,"{'mode': 'proxy', 'type': 'LinearSVC', 'C': 0.015945379028369944, 'epsilon': 0.004709807271672088}",6,"['edges_T6W30', 're_T6W30', 'pe_T6W30', 'l3_T6W30', 'lsc_T6W30', 'atd_T6W30']",,,,,,,,,,,,,,,pruned,True,PRUNED
295,-0.0001586187671188603,2026-06-20 19:18:18.542525,2026-06-20 19:18:18.895272,0 days 00:00:00.352747,,,,,,,,,,,,,SVR,,,,5,,,,0.007020330925227551,LinearSVC,,,,0.002109590729441103,,0.0020324597820142757,auto,rbf,,,,,,,,,,,,,,,,,,,,,,,,,,,,,,,,,,,,,,,,,,,,,,SVR,"{'mode': 'proxy', 'type': 'LinearSVC', 'C': 0.007020330925227551, 'epsilon': 0.0020324597820142757}",5,"['edges_T6W30', 're_T6W30', 'pe_T6W30', 'l3_T6W30', 'lsc_T6W30']",,,,,,,,,,,,,,,pruned,True,PRUNED
296,-0.0001483949378967712,2026-06-20 19:18:18.905344,2026-06-20 19:18:19.493137,0 days 00:00:00.587793,,,,,,,,,,,,,SVR,,,,6,7.0,2.0,60.0,,ExtraTrees,,,,0.0013952816426663955,,0.0014235584121498805,auto,rbf,,,,,,,,,,,,,,,,,,,,,,,,,,,,,,,,,,,,,,,,,,,,,,SVR,"{'mode': 'proxy', 'type': 'ExtraTrees', 'n_estimators': 60, 'max_depth': 7, 'min_samples_split': 2}",6,"['nodes_T6W30', 're_T6W30', 'pe_T6W30', 'l2_T6W30', 'atd_T6W30', 'density_T6W30']",,,,,,,,,,,,,,,pruned,True,PRUNED
297,-0.008392927724944361,2026-06-20 19:18:19.503473,2026-06-20 19:18:19.805924,0 days 00:00:00.302451,,,,,,,,,,,,,SVR,,,,7,,,,5.962141945517576,LinearSVC,,,,0.11112211937290065,,0.003062583890237008,auto,rbf,,,,,,,,,,,,,,,,,,,,,,,,,,,,,,,,,,,,,,,,,,,,,,SVR,"{'mode': 'proxy', 'type': 'LinearSVC', 'C': 5.962141945517576, 'epsilon': 0.003062583890237008}",7,"['nodes_T6W30', 'pe_T6W30', 'l2_T6W30', 'l3_T6W30', 'lsc_T6W30', 'density_T6W30', 'diameter_T6W30']",,,,,,,,,,,,,,,pruned,True,PRUNED
298,1.7962586414347559,2026-06-20 19:18:19.816040,2026-06-20 19:18:26.090254,0 days 00:00:06.274214,,,,,,,,,,,,,LinearRegression,,,,6,,,,,,,,,,,,,,False,-0.03745195277119007,-0.02895141117332614,398.0,-0.033201681972258104,0.004250270798931963,0.0431849356309329,1.9659423239762661,1.7835850925119294,1.8089321903575823,398.0,1.7962586414347559,0.01267354892282647,0.12876977028975917,1.9659423239762661,0.2779162320120947,0.2874921814520628,398.0,0.28270420673207874,0.004787974719984041,0.04864828380747009,1.9659423239762661,5.807812646195813,5.955573835099741,398.0,5.881693240647777,0.07388059445196417,0.7506648086011057,1.9659423239762661,1.4463706603062165,1.4728401559401416,398.0,1.459605408123179,0.013234747816962546,0.13447183946744715,1.9659423239762661,399.0,0.531328320802005,-0.03030749748009001,-0.015170348240513703,398.0,-0.022738922860301856,0.007568574619788152,0.07690060780494186,1.9659423239762661,LinearRegression,"{'mode': 'original', 'type': 'LinearRegression'}",6,"['re_T6W30', 'l1_T6W30', 'l2_T6W30', 'atd_T6W30', 'density_T6W30', 'asp_T6W30']",0.07688782991767833,0.10282674196983706,398.0,0.08985728594375769,0.012969456026079362,0.13177633853240459,1.9659423239762661,2.257890074399307,2.29259017395281,398.0,2.2752401241760585,0.017350049776751794,0.17628542232904015,1.9659423239762661,completed,False,COMPLETE
299,-0.013711811534208796,2026-06-20 19:18:26.108635,2026-06-20 19:18:26.975702,0 days 00:00:00.867067,,,,,,,,,,,,,StackingRegressor,,,,9,4.0,2.0,50.0,,ExtraTrees,,,LinearRegression,,,,,,False,,,,,,,,,,,,,,,,,,,,,,,,,,,,,,,,,,,,,,,,,,,,,StackingRegressor,"{'mode': 'proxy', 'type': 'ExtraTrees', 'n_estimators': 50, 'max_depth': 4, 'min_samples_split': 2}",9,"['nodes_T6W30', 're_T6W30', 'pe_T6W30', 'l2_T6W30', 'lcc_T6W30', 'lsc_T6W30', 'atd_T6W30', 'density_T6W30', 'asp_T6W30']",,,,,,,,,,,,,,,pruned,False,PRUNED
