number,value,datetime_start,datetime_complete,duration,params_bag_n_estimators,params_dt_max_depth,params_dt_min_samples_split,params_elastic_alpha,params_elastic_l1_ratio,params_et_max_depth,params_et_min_samples_split,params_et_n_estimators,params_gpr_alpha,params_knn_metric,params_knn_n_neighbors,params_knn_weights,params_regressor,params_rf_max_depth,params_rf_min_samples_split,params_rf_n_estimators,params_rfe_n_features,params_rfe_proxy_et_max_depth,params_rfe_proxy_et_min_samples_split,params_rfe_proxy_et_n_estimators,params_rfe_proxy_svc_C,params_rfe_proxy_type,params_ridge_alpha,params_ridge_solver,params_stack_final_estimator,params_svr_C,params_svr_degree,params_svr_epsilon,params_svr_gamma,params_svr_kernel,params_use_scaler,user_attrs_d2mae_ci_lower_val,user_attrs_d2mae_ci_upper_val,user_attrs_d2mae_df_val,user_attrs_d2mae_mean_val,user_attrs_d2mae_samperror_val,user_attrs_d2mae_std_val,user_attrs_d2mae_t_critical_val,user_attrs_mae_ci_lower_val,user_attrs_mae_ci_upper_val,user_attrs_mae_df_val,user_attrs_mae_mean_val,user_attrs_mae_samperror_val,user_attrs_mae_std_val,user_attrs_mae_t_critical_val,user_attrs_mape_ci_lower_val,user_attrs_mape_ci_upper_val,user_attrs_mape_df_val,user_attrs_mape_mean_val,user_attrs_mape_samperror_val,user_attrs_mape_std_val,user_attrs_mape_t_critical_val,user_attrs_max_error_ci_lower_val,user_attrs_max_error_ci_upper_val,user_attrs_max_error_df_val,user_attrs_max_error_mean_val,user_attrs_max_error_samperror_val,user_attrs_max_error_std_val,user_attrs_max_error_t_critical_val,user_attrs_median_ae_ci_lower_val,user_attrs_median_ae_ci_upper_val,user_attrs_median_ae_df_val,user_attrs_median_ae_mean_val,user_attrs_median_ae_samperror_val,user_attrs_median_ae_std_val,user_attrs_median_ae_t_critical_val,user_attrs_n_splits_val,user_attrs_r2_below_zero_val,user_attrs_r2_ci_lower_val,user_attrs_r2_ci_upper_val,user_attrs_r2_df_val,user_attrs_r2_mean_val,user_attrs_r2_samperror_val,user_attrs_r2_std_val,user_attrs_r2_t_critical_val,user_attrs_regressor_final,user_attrs_rfe_clf,user_attrs_rfe_n_features,user_attrs_rfe_selected_features,user_attrs_rho_ci_lower_val,user_attrs_rho_ci_upper_val,user_attrs_rho_df_val,user_attrs_rho_mean_val,user_attrs_rho_samperror_val,user_attrs_rho_std_val,user_attrs_rho_t_critical_val,user_attrs_rmse_ci_lower_val,user_attrs_rmse_ci_upper_val,user_attrs_rmse_df_val,user_attrs_rmse_mean_val,user_attrs_rmse_samperror_val,user_attrs_rmse_std_val,user_attrs_rmse_t_critical_val,user_attrs_termination_reason,user_attrs_use_scaler_final,state
158,-0.00010459508678110445,2026-06-20 18:54:44.215447,2026-06-20 18:54:44.498456,0 days 00:00:00.283009,,,,,,,,,,,,,SVR,,,,5,,,,0.004056703527804414,LinearSVC,,,,0.001291360708677809,,0.0014227482708169265,auto,rbf,,,,,,,,,,,,,,,,,,,,,,,,,,,,,,,,,,,,,,,,,,,,,,SVR,"{'mode': 'proxy', 'type': 'LinearSVC', 'C': 0.004056703527804414, 'epsilon': 0.0014227482708169265}",5,"['edges_T6W30', 're_T6W30', 'pe_T6W30', 'l3_T6W30', 'lsc_T6W30']",,,,,,,,,,,,,,,pruned,True,PRUNED
159,1.7781160925658541,2026-06-20 18:54:44.508670,2026-06-20 18:56:31.444636,0 days 00:01:46.935966,,,,,,7.0,3.0,469.0,,,,,ExtraTreesRegressor,,,,7,,,,,,,,,,,,,,True,-0.027775034864144323,-0.017349509834774263,398.0,-0.022562272349459293,0.00521276251468503,0.05296434611003628,1.9659423239762661,1.7640034437119703,1.792228741419738,398.0,1.7781160925658541,0.014112648853883872,0.1433917651764875,1.9659423239762661,0.27394479449019904,0.28361505860114766,398.0,0.27877992654567335,0.004835132055474299,0.04912742657131113,1.9659423239762661,5.93384943758118,6.045788480571772,398.0,5.989818959076476,0.055969521495295715,0.5686791024411506,1.9659423239762661,1.4023419703895346,1.435178611147059,398.0,1.4187602907682968,0.016418320378762317,0.16681857280789095,1.9659423239762661,399.0,0.6215538847117794,-0.0438691316696049,-0.025430544060586237,398.0,-0.03464983786509557,0.00921929380450933,0.09367276306498869,1.9659423239762661,ExtraTreesRegressor,"{'mode': 'original', 'type': 'ExtraTreesRegressor'}",7,"['nodes_T6W30', 'edges_T6W30', 're_T6W30', 'pe_T6W30', 'l2_T6W30', 'atd_T6W30', 'density_T6W30']",0.13332333429893864,0.1588094462581285,398.0,0.14606639027853358,0.012743055979594945,0.1294759977078325,1.9659423239762661,2.269302646097152,2.3069404310224146,398.0,2.2881215385597833,0.018818892462631357,0.19120961889026045,1.9659423239762661,completed,True,COMPLETE
160,-0.0001824679763513378,2026-06-20 18:56:31.464124,2026-06-20 18:56:31.758128,0 days 00:00:00.294004,,,,,,,,,,,,,SVR,,,,5,,,,0.013279004428878654,LinearSVC,,,,0.0024462059569734995,,0.004792471646955446,auto,rbf,,,,,,,,,,,,,,,,,,,,,,,,,,,,,,,,,,,,,,,,,,,,,,SVR,"{'mode': 'proxy', 'type': 'LinearSVC', 'C': 0.013279004428878654, 'epsilon': 0.004792471646955446}",5,"['edges_T6W30', 're_T6W30', 'pe_T6W30', 'l3_T6W30', 'lsc_T6W30']",,,,,,,,,,,,,,,pruned,True,PRUNED
161,-0.00010602043181540122,2026-06-20 18:56:31.769060,2026-06-20 18:56:32.064768,0 days 00:00:00.295708,,,,,,,,,,,,,SVR,,,,10,,,,0.029162027825729617,LinearSVC,,,,0.0018100619933646052,,0.003141686234213593,auto,rbf,,,,,,,,,,,,,,,,,,,,,,,,,,,,,,,,,,,,,,,,,,,,,,SVR,"{'mode': 'proxy', 'type': 'LinearSVC', 'C': 0.029162027825729617, 'epsilon': 0.003141686234213593}",10,"['nodes_T6W30', 'edges_T6W30', 're_T6W30', 'pe_T6W30', 'l1_T6W30', 'l3_T6W30', 'lsc_T6W30', 'atd_T6W30', 'density_T6W30', 'diameter_T6W30']",,,,,,,,,,,,,,,pruned,True,PRUNED
162,-7.750898867912397e-05,2026-06-20 18:56:32.075224,2026-06-20 18:56:32.401148,0 days 00:00:00.325924,,,,,,,,,,,,,SVR,,,,10,,,,0.044002235611656164,LinearSVC,,,,0.0012551385574890025,,0.002376932833893367,auto,rbf,,,,,,,,,,,,,,,,,,,,,,,,,,,,,,,,,,,,,,,,,,,,,,SVR,"{'mode': 'proxy', 'type': 'LinearSVC', 'C': 0.044002235611656164, 'epsilon': 0.002376932833893367}",10,"['edges_T6W30', 're_T6W30', 'pe_T6W30', 'l1_T6W30', 'l3_T6W30', 'lsc_T6W30', 'atd_T6W30', 'density_T6W30', 'diameter_T6W30', 'asp_T6W30']",,,,,,,,,,,,,,,pruned,True,PRUNED
163,-0.00010619061824389912,2026-06-20 18:56:32.420772,2026-06-20 18:56:32.709848,0 days 00:00:00.289076,,,,,,,,,,,,,SVR,,,,11,,,,0.09325848794588742,LinearSVC,,,,0.0010028767603868685,,0.004192179135326581,auto,rbf,,,,,,,,,,,,,,,,,,,,,,,,,,,,,,,,,,,,,,,,,,,,,,SVR,"{'mode': 'proxy', 'type': 'LinearSVC', 'C': 0.09325848794588742, 'epsilon': 0.004192179135326581}",11,"['nodes_T6W30', 'edges_T6W30', 're_T6W30', 'pe_T6W30', 'l1_T6W30', 'l2_T6W30', 'l3_T6W30', 'lsc_T6W30', 'atd_T6W30', 'density_T6W30', 'diameter_T6W30']",,,,,,,,,,,,,,,pruned,True,PRUNED
164,-0.00010501645051677055,2026-06-20 18:56:32.720220,2026-06-20 18:56:33.016840,0 days 00:00:00.296620,,,,,,,,,,,,,SVR,,,,6,,,,0.018863676331218725,LinearSVC,,,,0.001655888445589298,,0.0018825994408692424,auto,rbf,,,,,,,,,,,,,,,,,,,,,,,,,,,,,,,,,,,,,,,,,,,,,,SVR,"{'mode': 'proxy', 'type': 'LinearSVC', 'C': 0.018863676331218725, 'epsilon': 0.0018825994408692424}",6,"['edges_T6W30', 're_T6W30', 'pe_T6W30', 'l3_T6W30', 'lsc_T6W30', 'atd_T6W30']",,,,,,,,,,,,,,,pruned,True,PRUNED
165,-0.0025223612563506064,2026-06-20 18:56:33.027297,2026-06-20 18:56:33.321945,0 days 00:00:00.294648,,,,,,,,,,,,,SVR,,,,5,,,,,,,,,0.0031148277760307294,,0.007386999512732977,auto,linear,,,,,,,,,,,,,,,,,,,,,,,,,,,,,,,,,,,,,,,,,,,,,,SVR,"{'mode': 'original', 'type': 'SVR'}",5,"['edges_T6W30', 're_T6W30', 'pe_T6W30', 'l3_T6W30', 'lsc_T6W30']",,,,,,,,,,,,,,,pruned,True,PRUNED
166,-0.0001364847462593651,2026-06-20 18:56:33.332325,2026-06-20 18:56:33.640988,0 days 00:00:00.308663,,,,,,,,,,,,,SVR,,,,6,,,,0.006746379253521576,LinearSVC,,,,0.0023071771034805866,,0.0012957005827982783,auto,rbf,,,,,,,,,,,,,,,,,,,,,,,,,,,,,,,,,,,,,,,,,,,,,,SVR,"{'mode': 'proxy', 'type': 'LinearSVC', 'C': 0.006746379253521576, 'epsilon': 0.0012957005827982783}",6,"['edges_T6W30', 're_T6W30', 'pe_T6W30', 'l3_T6W30', 'lsc_T6W30', 'atd_T6W30']",,,,,,,,,,,,,,,pruned,True,PRUNED
167,1.7956888564520257,2026-06-20 18:56:33.652506,2026-06-20 18:56:40.144088,0 days 00:00:06.491582,,,,,,,,,,,,,Ridge,,,,12,,,,,,0.9829227116426263,auto,,,,,,,False,-0.037080247065219056,-0.02860547936775098,398.0,-0.03284286321648502,0.0042373838487340405,0.04305399759401624,1.9659423239762661,1.7829475042960212,1.8084302086080302,398.0,1.7956888564520257,0.012741352156004427,0.12945868598451796,1.9659423239762661,0.2771102463571436,0.2866245918708929,398.0,0.28186741911401825,0.004757172756874632,0.0483353200324277,1.9659423239762661,5.823090269762277,5.980048792534534,398.0,5.9015695311484055,0.07847926138612883,0.7973896280149427,1.9659423239762661,1.4731937981572811,1.5003186595834717,398.0,1.4867562288703764,0.013562430713095333,0.13780126609607704,1.9659423239762661,399.0,0.5664160401002506,-0.03414856872801339,-0.01869662722833822,398.0,-0.026422597978175803,0.007725970749837584,0.07849983337580448,1.9659423239762661,Ridge,"{'mode': 'original', 'type': 'Ridge'}",12,"['nodes_T6W30', 'edges_T6W30', 're_T6W30', 'pe_T6W30', 'l1_T6W30', 'l2_T6W30', 'l3_T6W30', 'lcc_T6W30', 'lsc_T6W30', 'atd_T6W30', 'diameter_T6W30', 'asp_T6W30']",0.07639301189869756,0.10074328783609864,398.0,0.0885681498673981,0.012175137968700537,0.1237056588507683,1.9659423239762661,2.261829845362762,2.2967743189261447,398.0,2.2793020821444534,0.01747223678169136,0.17752690509399188,1.9659423239762661,completed,False,COMPLETE
168,-0.00037403044173141,2026-06-20 18:56:40.162183,2026-06-20 18:56:40.440995,0 days 00:00:00.278812,,,,,,,,,,,,,SVR,,,,11,,,,0.02960808440751385,LinearSVC,,,,0.005562667987921513,,0.005517540228525228,auto,rbf,,,,,,,,,,,,,,,,,,,,,,,,,,,,,,,,,,,,,,,,,,,,,,SVR,"{'mode': 'proxy', 'type': 'LinearSVC', 'C': 0.02960808440751385, 'epsilon': 0.005517540228525228}",11,"['nodes_T6W30', 'edges_T6W30', 're_T6W30', 'pe_T6W30', 'l1_T6W30', 'l3_T6W30', 'lsc_T6W30', 'atd_T6W30', 'density_T6W30', 'diameter_T6W30', 'asp_T6W30']",,,,,,,,,,,,,,,pruned,True,PRUNED
169,-0.00017309114995084734,2026-06-20 18:56:40.451610,2026-06-20 18:56:41.066195,0 days 00:00:00.614585,,,,,,,,,,,,,SVR,,,,4,4.0,3.0,60.0,,ExtraTrees,,,,0.001289744044757758,,0.0027428628653838713,auto,rbf,,,,,,,,,,,,,,,,,,,,,,,,,,,,,,,,,,,,,,,,,,,,,,SVR,"{'mode': 'proxy', 'type': 'ExtraTrees', 'n_estimators': 60, 'max_depth': 4, 'min_samples_split': 3}",4,"['re_T6W30', 'pe_T6W30', 'l2_T6W30', 'atd_T6W30']",,,,,,,,,,,,,,,pruned,True,PRUNED
170,-9.955328903363073e-05,2026-06-20 18:56:41.077599,2026-06-20 18:56:41.401798,0 days 00:00:00.324199,,,,,,,,,,,,,SVR,,,,9,,,,0.0025557812610814846,LinearSVC,,,,0.0016753637567615358,,0.0015726747073781153,scale,rbf,,,,,,,,,,,,,,,,,,,,,,,,,,,,,,,,,,,,,,,,,,,,,,SVR,"{'mode': 'proxy', 'type': 'LinearSVC', 'C': 0.0025557812610814846, 'epsilon': 0.0015726747073781153}",9,"['nodes_T6W30', 'edges_T6W30', 're_T6W30', 'pe_T6W30', 'l1_T6W30', 'l3_T6W30', 'lsc_T6W30', 'atd_T6W30', 'diameter_T6W30']",,,,,,,,,,,,,,,pruned,True,PRUNED
171,-0.00013137344188652496,2026-06-20 18:56:41.411956,2026-06-20 18:56:41.922699,0 days 00:00:00.510743,,,,,,,,,,,,,SVR,,,,6,3.0,2.0,60.0,,ExtraTrees,,,,0.0012238908267532393,,0.0012649011438698801,auto,rbf,,,,,,,,,,,,,,,,,,,,,,,,,,,,,,,,,,,,,,,,,,,,,,SVR,"{'mode': 'proxy', 'type': 'ExtraTrees', 'n_estimators': 60, 'max_depth': 3, 'min_samples_split': 2}",6,"['nodes_T6W30', 're_T6W30', 'pe_T6W30', 'l2_T6W30', 'atd_T6W30', 'density_T6W30']",,,,,,,,,,,,,,,pruned,True,PRUNED
172,-0.00011196868962675133,2026-06-20 18:56:41.933179,2026-06-20 18:56:42.454041,0 days 00:00:00.520862,,,,,,,,,,,,,SVR,,,,6,3.0,2.0,50.0,,ExtraTrees,,,,0.001010273102812272,,0.0022150461481439698,auto,rbf,,,,,,,,,,,,,,,,,,,,,,,,,,,,,,,,,,,,,,,,,,,,,,SVR,"{'mode': 'proxy', 'type': 'ExtraTrees', 'n_estimators': 50, 'max_depth': 3, 'min_samples_split': 2}",6,"['nodes_T6W30', 're_T6W30', 'pe_T6W30', 'l2_T6W30', 'atd_T6W30', 'density_T6W30']",,,,,,,,,,,,,,,pruned,True,PRUNED
173,-0.00018148197668973096,2026-06-20 18:56:42.464691,2026-06-20 18:56:42.838084,0 days 00:00:00.373393,,,,,,,,,,,,,SVR,,,,11,3.0,2.0,50.0,,ExtraTrees,,,,0.00224522687617105,,0.0016132344277817257,auto,rbf,,,,,,,,,,,,,,,,,,,,,,,,,,,,,,,,,,,,,,,,,,,,,,SVR,"{'mode': 'proxy', 'type': 'ExtraTrees', 'n_estimators': 50, 'max_depth': 3, 'min_samples_split': 2}",11,"['nodes_T6W30', 'edges_T6W30', 're_T6W30', 'pe_T6W30', 'l1_T6W30', 'l2_T6W30', 'l3_T6W30', 'lcc_T6W30', 'atd_T6W30', 'density_T6W30', 'asp_T6W30']",,,,,,,,,,,,,,,pruned,True,PRUNED
174,1.8854683229868103,2026-06-20 18:56:42.866659,2026-06-20 18:59:42.204451,0 days 00:02:59.337792,314.0,,,,,,,,,,,,BaggingRegressor,,,,6,,,,0.0548831662721107,LinearSVC,,,,,,0.0035779766906243542,,,True,-0.09113396162910482,-0.0785180624219823,398.0,-0.08482601202554356,0.006307949603561264,0.0640920097753335,1.9659423239762661,1.870735784023893,1.9002008619497277,398.0,1.8854683229868103,0.014732538962917464,0.14969016726032522,1.9659423239762661,0.2856799101665047,0.295219098862848,398.0,0.2904495045146763,0.004769594348171637,0.048461529783752184,1.9659423239762661,5.913378788524725,6.066539159210854,398.0,5.98995897386779,0.07658018534306443,0.7780940394377182,1.9659423239762661,1.5096147010516048,1.5508070539728993,398.0,1.530210877512252,0.020596176460647358,0.20926773769800672,1.9659423239762661,399.0,0.8897243107769424,-0.13484004472428215,-0.11208092573621728,398.0,-0.12346048523024972,0.011379559494032436,0.11562217268171499,1.9659423239762661,BaggingRegressor,"{'mode': 'proxy', 'type': 'LinearSVC', 'C': 0.0548831662721107, 'epsilon': 0.0035779766906243542}",6,"['edges_T6W30', 're_T6W30', 'pe_T6W30', 'l3_T6W30', 'lsc_T6W30', 'diameter_T6W30']",0.042803023434736076,0.06612731350564989,398.0,0.05446516847019298,0.011662145035456909,0.11849338700992079,1.9659423239762661,2.3634646923891665,2.4005670427351116,398.0,2.382015867562139,0.018551175172972747,0.18848947364113888,1.9659423239762661,completed,True,COMPLETE
175,-0.00013121564102136496,2026-06-20 18:59:42.227391,2026-06-20 18:59:42.769140,0 days 00:00:00.541749,,,,,,,,,,,,,SVR,,,,5,3.0,2.0,60.0,,ExtraTrees,,,,0.0015416893160568595,,0.0030183744946092007,auto,rbf,,,,,,,,,,,,,,,,,,,,,,,,,,,,,,,,,,,,,,,,,,,,,,SVR,"{'mode': 'proxy', 'type': 'ExtraTrees', 'n_estimators': 60, 'max_depth': 3, 'min_samples_split': 2}",5,"['nodes_T6W30', 're_T6W30', 'pe_T6W30', 'atd_T6W30', 'density_T6W30']",,,,,,,,,,,,,,,pruned,True,PRUNED
176,-7.604935034524196e-05,2026-06-20 18:59:42.779526,2026-06-20 18:59:43.089684,0 days 00:00:00.310158,,,,,,,,,,,,,SVR,,,,7,,,,0.3056560034117409,LinearSVC,,,,0.001436710555525273,,0.001027402145930342,auto,rbf,,,,,,,,,,,,,,,,,,,,,,,,,,,,,,,,,,,,,,,,,,,,,,SVR,"{'mode': 'proxy', 'type': 'LinearSVC', 'C': 0.3056560034117409, 'epsilon': 0.001027402145930342}",7,"['re_T6W30', 'pe_T6W30', 'l1_T6W30', 'l3_T6W30', 'lsc_T6W30', 'density_T6W30', 'diameter_T6W30']",,,,,,,,,,,,,,,pruned,True,PRUNED
177,1.9697341392697432,2026-06-20 18:59:43.099905,2026-06-20 19:00:37.527974,0 days 00:00:54.428069,,,,,,,,,,,,,StackingRegressor,,,,6,,,,0.07268480739711233,LinearSVC,,,RandomForestRegressor,,,0.0019597850001101176,,,False,-0.14133335351911486,-0.12579121958950285,398.0,-0.13356228655430885,0.007771066964806005,0.07895803409588549,1.9659423239762661,1.9532714485815967,1.9861968299578896,398.0,1.9697341392697432,0.016462690688146386,0.16726939795417506,1.9659423239762661,0.2994070129596599,0.30938702539069574,398.0,0.3043970191751778,0.0049900062155179385,0.05070102763081539,1.9659423239762661,6.481563166231385,6.668562147051822,398.0,6.575062656641603,0.09349949041021846,0.9500028741474427,1.9659423239762661,1.6027548784491217,1.647721312027069,398.0,1.6252380952380954,0.02248321678897363,0.22844103722805606,1.9659423239762661,399.0,0.9548872180451128,-0.25637577263102834,-0.22462772619337465,398.0,-0.24050174941220148,0.01587402321882684,0.1612882339358784,1.9659423239762661,StackingRegressor,"{'mode': 'proxy', 'type': 'LinearSVC', 'C': 0.07268480739711233, 'epsilon': 0.0019597850001101176}",6,"['nodes_T6W30', 'edges_T6W30', 're_T6W30', 'pe_T6W30', 'l3_T6W30', 'lsc_T6W30']",0.010983150223824612,0.03765479839424837,398.0,0.024318974309036494,0.013335824085211882,0.13549882629832374,1.9659423239762661,2.4796310026657307,2.519999284529947,398.0,2.499815143597839,0.020184140932108387,0.20508124497333513,1.9659423239762661,completed,False,COMPLETE
178,1.7519039900919469,2026-06-20 19:00:37.547618,2026-06-20 19:00:44.722087,0 days 00:00:07.174469,,,,,,,,,,,,,SVR,,,,5,4.0,3.0,60.0,,ExtraTrees,,,,0.0012419836727203966,4.0,0.004096187890429917,auto,poly,,-0.008469182453165112,-0.005812356661466598,398.0,-0.007140769557315855,0.001328412895849257,0.013497357724351823,1.9659423239762661,1.740055273885305,1.7637527062985887,398.0,1.7519039900919469,0.011848716206641935,0.1203890459924585,1.9659423239762661,0.2694078185110223,0.2786286985799344,398.0,0.27401825854547834,0.004610440034456066,0.0468444401632698,1.9659423239762661,5.84699884999087,5.989037788567179,398.0,5.9180183192790246,0.071019469288155,0.721594306537522,1.9659423239762661,1.1260879683532359,1.1842240667713133,398.0,1.1551560175622746,0.029068049209038663,0.295346318715637,1.9659423239762661,399.0,0.7669172932330827,-0.013871224947637758,-0.009871949901396192,398.0,-0.011871587424516975,0.0019996375231207827,0.02031734489549908,1.9659423239762661,SVR,"{'mode': 'proxy', 'type': 'ExtraTrees', 'n_estimators': 60, 'max_depth': 4, 'min_samples_split': 3}",5,"['re_T6W30', 'pe_T6W30', 'l2_T6W30', 'atd_T6W30', 'density_T6W30']",-0.019931363475294922,0.00697018117860263,398.0,-0.006480591148346147,0.013450772326948777,0.13666675950896626,1.9659423239762661,2.248699253559948,2.282787650551105,398.0,2.2657434520555264,0.01704419849557834,0.17317781612817568,1.9659423239762661,completed,True,COMPLETE
179,1.7956900815534589,2026-06-20 19:00:44.745856,2026-06-20 19:00:51.246815,0 days 00:00:06.500959,,,,,,,,,,,,,LinearRegression,,,,6,,,,,,,,,,,,,,True,-0.03723627441505875,-0.028533892985784414,398.0,-0.032885083700421584,0.004351190714637169,0.0442103338396079,1.9659423239762661,1.782952123889952,1.8084280392169658,398.0,1.7956900815534589,0.012737957663506848,0.1294241961962333,1.9659423239762661,0.2777595441755328,0.28735509735356085,398.0,0.2825573207645468,0.004797776589014026,0.04874787583422498,1.9659423239762661,5.784533506830135,5.931950596789388,398.0,5.8582420518097615,0.07370854497962656,0.7489166975418992,1.9659423239762661,1.4312318769723889,1.4595529573239765,398.0,1.4453924171481827,0.0141605401757939,0.1438783656195662,1.9659423239762661,399.0,0.5112781954887218,-0.03053732594427988,-0.014327045223614188,398.0,-0.022432185583947033,0.008105140360332845,0.08235239148258638,1.9659423239762661,LinearRegression,"{'mode': 'original', 'type': 'LinearRegression'}",6,"['l1_T6W30', 'l2_T6W30', 'atd_T6W30', 'density_T6W30', 'diameter_T6W30', 'asp_T6W30']",0.0879312155424123,0.11374452680085077,398.0,0.10083787117163154,0.012906655629219232,0.13113825422570977,1.9659423239762661,2.257089857608505,2.292053731475554,398.0,2.2745717945420294,0.017481936933524466,0.17762546362175163,1.9659423239762661,completed,True,COMPLETE
180,-0.00011800310395029267,2026-06-20 19:00:51.265012,2026-06-20 19:00:51.554579,0 days 00:00:00.289567,,,,,,,,,,,,,SVR,,,,7,,,,0.014579256184319466,LinearSVC,,,,0.0019747185587372226,,0.002496850290234981,auto,rbf,,,,,,,,,,,,,,,,,,,,,,,,,,,,,,,,,,,,,,,,,,,,,,SVR,"{'mode': 'proxy', 'type': 'LinearSVC', 'C': 0.014579256184319466, 'epsilon': 0.002496850290234981}",7,"['edges_T6W30', 're_T6W30', 'pe_T6W30', 'l1_T6W30', 'l3_T6W30', 'lsc_T6W30', 'atd_T6W30']",,,,,,,,,,,,,,,pruned,True,PRUNED
181,-0.00017053533038353664,2026-06-20 19:00:51.564953,2026-06-20 19:00:52.087268,0 days 00:00:00.522315,,,,,,,,,,,,,SVR,,,,6,3.0,2.0,40.0,,ExtraTrees,,,,0.001252486895480566,,0.004831976074359964,auto,rbf,,,,,,,,,,,,,,,,,,,,,,,,,,,,,,,,,,,,,,,,,,,,,,SVR,"{'mode': 'proxy', 'type': 'ExtraTrees', 'n_estimators': 40, 'max_depth': 3, 'min_samples_split': 2}",6,"['nodes_T6W30', 're_T6W30', 'pe_T6W30', 'l2_T6W30', 'atd_T6W30', 'density_T6W30']",,,,,,,,,,,,,,,pruned,True,PRUNED
182,-0.00012589200729588393,2026-06-20 19:00:52.097863,2026-06-20 19:00:52.591171,0 days 00:00:00.493308,,,,,,,,,,,,,SVR,,,,6,3.0,2.0,40.0,,ExtraTrees,,,,0.0011945640299586898,,0.0016074531443556776,auto,rbf,,,,,,,,,,,,,,,,,,,,,,,,,,,,,,,,,,,,,,,,,,,,,,SVR,"{'mode': 'proxy', 'type': 'ExtraTrees', 'n_estimators': 40, 'max_depth': 3, 'min_samples_split': 2}",6,"['nodes_T6W30', 're_T6W30', 'pe_T6W30', 'l2_T6W30', 'atd_T6W30', 'density_T6W30']",,,,,,,,,,,,,,,pruned,True,PRUNED
183,-0.00011629332237432048,2026-06-20 19:00:52.601770,2026-06-20 19:00:53.017128,0 days 00:00:00.415358,,,,,,,,,,,,,SVR,,,,6,3.0,2.0,30.0,,ExtraTrees,,,,0.0010025599712586053,,0.0029271071176407534,auto,rbf,,,,,,,,,,,,,,,,,,,,,,,,,,,,,,,,,,,,,,,,,,,,,,SVR,"{'mode': 'proxy', 'type': 'ExtraTrees', 'n_estimators': 30, 'max_depth': 3, 'min_samples_split': 2}",6,"['nodes_T6W30', 're_T6W30', 'pe_T6W30', 'l2_T6W30', 'atd_T6W30', 'density_T6W30']",,,,,,,,,,,,,,,pruned,True,PRUNED
184,-0.00013411934749340363,2026-06-20 19:00:53.027677,2026-06-20 19:00:53.581191,0 days 00:00:00.553514,,,,,,,,,,,,,SVR,,,,5,3.0,2.0,50.0,,ExtraTrees,,,,0.0016832993757787437,,0.0020739492255962564,auto,rbf,,,,,,,,,,,,,,,,,,,,,,,,,,,,,,,,,,,,,,,,,,,,,,SVR,"{'mode': 'proxy', 'type': 'ExtraTrees', 'n_estimators': 50, 'max_depth': 3, 'min_samples_split': 2}",5,"['nodes_T6W30', 're_T6W30', 'pe_T6W30', 'atd_T6W30', 'density_T6W30']",,,,,,,,,,,,,,,pruned,True,PRUNED
185,-0.00019042029480443497,2026-06-20 19:00:53.591715,2026-06-20 19:00:53.911556,0 days 00:00:00.319841,,,,,,,,,,,,,SVR,,,,7,,,,0.11570578117717734,LinearSVC,,,,0.0031562282020444646,,0.010676603204094547,auto,rbf,,,,,,,,,,,,,,,,,,,,,,,,,,,,,,,,,,,,,,,,,,,,,,SVR,"{'mode': 'proxy', 'type': 'LinearSVC', 'C': 0.11570578117717734, 'epsilon': 0.010676603204094547}",7,"['edges_T6W30', 're_T6W30', 'pe_T6W30', 'l3_T6W30', 'lsc_T6W30', 'density_T6W30', 'diameter_T6W30']",,,,,,,,,,,,,,,pruned,True,PRUNED
