number,value,datetime_start,datetime_complete,duration,params_bag_n_estimators,params_dt_max_depth,params_dt_min_samples_split,params_elastic_alpha,params_elastic_l1_ratio,params_et_max_depth,params_et_min_samples_split,params_et_n_estimators,params_gpr_alpha,params_knn_metric,params_knn_n_neighbors,params_knn_weights,params_regressor,params_rf_max_depth,params_rf_min_samples_split,params_rf_n_estimators,params_rfe_n_features,params_rfe_proxy_et_max_depth,params_rfe_proxy_et_min_samples_split,params_rfe_proxy_et_n_estimators,params_rfe_proxy_svc_C,params_rfe_proxy_type,params_ridge_alpha,params_ridge_solver,params_stack_final_estimator,params_svr_C,params_svr_degree,params_svr_epsilon,params_svr_gamma,params_svr_kernel,params_use_scaler,user_attrs_d2mae_ci_lower_val,user_attrs_d2mae_ci_upper_val,user_attrs_d2mae_df_val,user_attrs_d2mae_mean_val,user_attrs_d2mae_samperror_val,user_attrs_d2mae_std_val,user_attrs_d2mae_t_critical_val,user_attrs_mae_ci_lower_val,user_attrs_mae_ci_upper_val,user_attrs_mae_df_val,user_attrs_mae_mean_val,user_attrs_mae_samperror_val,user_attrs_mae_std_val,user_attrs_mae_t_critical_val,user_attrs_mape_ci_lower_val,user_attrs_mape_ci_upper_val,user_attrs_mape_df_val,user_attrs_mape_mean_val,user_attrs_mape_samperror_val,user_attrs_mape_std_val,user_attrs_mape_t_critical_val,user_attrs_max_error_ci_lower_val,user_attrs_max_error_ci_upper_val,user_attrs_max_error_df_val,user_attrs_max_error_mean_val,user_attrs_max_error_samperror_val,user_attrs_max_error_std_val,user_attrs_max_error_t_critical_val,user_attrs_median_ae_ci_lower_val,user_attrs_median_ae_ci_upper_val,user_attrs_median_ae_df_val,user_attrs_median_ae_mean_val,user_attrs_median_ae_samperror_val,user_attrs_median_ae_std_val,user_attrs_median_ae_t_critical_val,user_attrs_n_splits_val,user_attrs_r2_below_zero_val,user_attrs_r2_ci_lower_val,user_attrs_r2_ci_upper_val,user_attrs_r2_df_val,user_attrs_r2_mean_val,user_attrs_r2_samperror_val,user_attrs_r2_std_val,user_attrs_r2_t_critical_val,user_attrs_regressor_final,user_attrs_rfe_clf,user_attrs_rfe_n_features,user_attrs_rfe_selected_features,user_attrs_rho_ci_lower_val,user_attrs_rho_ci_upper_val,user_attrs_rho_df_val,user_attrs_rho_mean_val,user_attrs_rho_samperror_val,user_attrs_rho_std_val,user_attrs_rho_t_critical_val,user_attrs_rmse_ci_lower_val,user_attrs_rmse_ci_upper_val,user_attrs_rmse_df_val,user_attrs_rmse_mean_val,user_attrs_rmse_samperror_val,user_attrs_rmse_std_val,user_attrs_rmse_t_critical_val,user_attrs_termination_reason,user_attrs_use_scaler_final,state
26,1.739742319395192,2026-06-20 18:14:30.216750,2026-06-20 18:14:37.282423,0 days 00:00:07.065673,,,,,,,,,,,,,SVR,,,,2,3.0,2.0,60.0,,ExtraTrees,,,,0.0020858597883862836,,0.0010841603769286424,auto,rbf,,-0.00014359199293357636,-8.620215478556253e-05,398.0,-0.00011489707385956944,2.8694919074006916e-05,0.0002915551247833924,1.9659423239762661,1.7280943701250024,1.7513902686653815,398.0,1.739742319395192,0.011647949270189426,0.11834915073926666,1.9659423239762661,0.2684265821244678,0.27767567982826247,398.0,0.27305113097636513,0.004624548851897344,0.046987792999325165,1.9659423239762661,5.8353642549879154,5.977861781448867,398.0,5.906613018218391,0.0712487632304761,0.7239240508310357,1.9659423239762661,1.0705612791868444,1.1277673727193247,398.0,1.0991643259530846,0.028603046766240137,0.2906216549211496,1.9659423239762661,399.0,0.8771929824561403,-0.008179355060707797,-0.006423171134217022,398.0,-0.00730126309746241,0.0008780919632453879,0.008921865618614338,1.9659423239762661,SVR,"{'mode': 'proxy', 'type': 'ExtraTrees', 'n_estimators': 60, 'max_depth': 3, 'min_samples_split': 2}",2,"['re_T6W30', 'atd_T6W30']",0.13065820483617105,0.1552354410996092,398.0,0.14294682296789013,0.012288618131719078,0.12485867562715226,1.9659423239762661,2.2437879415375153,2.27775555907454,398.0,2.2607717503060276,0.01698380876851231,0.17256422546548864,1.9659423239762661,completed,True,COMPLETE
27,1.739751566994382,2026-06-20 18:14:37.407505,2026-06-20 18:14:44.248050,0 days 00:00:06.840545,,,,,,,,,,,,,SVR,,,,5,3.0,2.0,60.0,,ExtraTrees,,,,0.0016395824985211125,,0.0010093479725846143,auto,rbf,,-0.00014343922295124956,-9.672739772987712e-05,398.0,-0.00012008331034056334,2.3355912610686215e-05,0.0002373080752754935,1.9659423239762661,1.728103150965773,1.751399983022991,398.0,1.739751566994382,0.011648416028609084,0.11835389324468848,1.9659423239762661,0.2684243056415806,0.2776734420961511,398.0,0.27304887386886584,0.004624568227285234,0.04698798986322359,1.9659423239762661,5.835584241583099,5.978155702232442,398.0,5.906869971907771,0.07128573032467155,0.7242996555063175,1.9659423239762661,1.0699070855938189,1.127237606801625,398.0,1.098572346197722,0.028665260603903113,0.29125377948495484,1.9659423239762661,399.0,0.8847117794486216,-0.00832885453782804,-0.0065685614727743515,398.0,-0.007448708005301195,0.0008801465325268441,0.008942741098405243,1.9659423239762661,SVR,"{'mode': 'proxy', 'type': 'ExtraTrees', 'n_estimators': 60, 'max_depth': 3, 'min_samples_split': 2}",5,"['nodes_T6W30', 're_T6W30', 'pe_T6W30', 'atd_T6W30', 'density_T6W30']",0.11056640937246291,0.13474191334529356,398.0,0.12265416135887824,0.012087751986415332,0.12281777236104612,1.9659423239762661,2.2439524089425538,2.277918220323677,398.0,2.2609353146331155,0.016982905690561677,0.17255504972939728,1.9659423239762661,completed,True,COMPLETE
28,1.7397058626993456,2026-06-20 18:14:44.265976,2026-06-20 18:14:51.238034,0 days 00:00:06.972058,,,,,,,,,,,,,SVR,,,,5,3.0,2.0,60.0,,ExtraTrees,,,,0.0012445813429524258,,0.0012853387305802912,auto,rbf,,-0.00011213376483506729,-7.497671712938263e-05,398.0,-9.355524098222496e-05,1.857852385284233e-05,0.00018876735028374147,1.9659423239762661,1.728057138008387,1.7513545873903043,398.0,1.7397058626993456,0.011648724690958713,0.11835702941278951,1.9659423239762661,0.2684129878091809,0.27766180909025817,398.0,0.2730373984497195,0.004624410640538657,0.04698638870089084,1.9659423239762661,5.835589816068396,5.978204725809308,398.0,5.906897270938852,0.07130745487045641,0.724520388056245,1.9659423239762661,1.0692887572720915,1.1267074664882961,398.0,1.0979981118801938,0.028709354608102273,0.29170179722856054,1.9659423239762661,399.0,0.8847117794486216,-0.008378152571416518,-0.006615940004574822,398.0,-0.00749704628799567,0.0008811062834208475,0.008952492660726797,1.9659423239762661,SVR,"{'mode': 'proxy', 'type': 'ExtraTrees', 'n_estimators': 60, 'max_depth': 3, 'min_samples_split': 2}",5,"['nodes_T6W30', 're_T6W30', 'pe_T6W30', 'atd_T6W30', 'density_T6W30']",0.11284107314948547,0.13675114108704542,398.0,0.12479610711826544,0.011955033968779982,0.12146928909497096,1.9659423239762661,2.2440064627424183,2.2779706667411244,398.0,2.2609885647417713,0.016982101999352926,0.17254688381368063,1.9659423239762661,completed,True,COMPLETE
29,1.7397886931426059,2026-06-20 18:14:51.334260,2026-06-20 18:14:58.257688,0 days 00:00:06.923428,,,,,,,,,,,,,SVR,,,,6,3.0,2.0,60.0,,ExtraTrees,,,,0.0015536790947288414,,0.0010226156784064772,auto,rbf,,-0.00016090669924057128,-0.00012216024514981167,398.0,-0.00014153347219519148,1.9373227045379794e-05,0.00019684194313651952,1.9659423239762661,1.728140407905931,1.7514369783792807,398.0,1.7397886931426059,0.01164828523667483,0.11835256433141943,1.9659423239762661,0.26842067030393774,0.2776693206082523,398.0,0.273044995456095,0.004624325152157284,0.04698552009500161,1.9659423239762661,5.835652202458539,5.9783024161649,398.0,5.90697730931172,0.07132510685318005,0.7246997412724849,1.9659423239762661,1.06929940841107,1.126734434943087,398.0,1.0980169216770785,0.028717513266008438,0.2917846933858127,1.9659423239762661,399.0,0.9072681704260651,-0.008449933010688523,-0.006684768269541367,398.0,-0.007567350640114945,0.0008825823705735779,0.008967490464794324,1.9659423239762661,SVR,"{'mode': 'proxy', 'type': 'ExtraTrees', 'n_estimators': 60, 'max_depth': 3, 'min_samples_split': 2}",6,"['nodes_T6W30', 're_T6W30', 'pe_T6W30', 'l2_T6W30', 'atd_T6W30', 'density_T6W30']",0.08046038122003357,0.10382422296634847,398.0,0.09214230209319102,0.011681920873157442,0.11869431968422473,1.9659423239762661,2.244084955212523,2.2780480006417485,398.0,2.2610664779271357,0.01698152271461295,0.1725409979830145,1.9659423239762661,completed,True,COMPLETE
30,1.7397460107101101,2026-06-20 18:14:58.343442,2026-06-20 18:15:05.239887,0 days 00:00:06.896445,,,,,,,,,,,,,SVR,,,,6,3.0,2.0,60.0,,ExtraTrees,,,,0.0012747870828561847,,0.001162211937883442,auto,rbf,,-0.00013342327294208676,-0.0001003337446280987,398.0,-0.00011687850878509274,1.654476415699404e-05,0.00016810330657714655,1.9659423239762661,1.7280977222945617,1.7513942991256586,398.0,1.7397460107101101,0.011648288415548368,0.11835259663040826,1.9659423239762661,0.2684133695616127,0.27766203020154673,398.0,0.2730376998815797,0.004624330319966992,0.04698557260260411,1.9659423239762661,5.835645867953954,5.978315039221547,398.0,5.90698045358775,0.07133458563379688,0.7247960505549195,1.9659423239762661,1.068917429705589,1.1264073656544824,398.0,1.0976623976800357,0.028744967974446686,0.2920636473331635,1.9659423239762661,399.0,0.9122807017543859,-0.008469697828447458,-0.006703334363467489,398.0,-0.0075865160959574735,0.0008831817324899849,0.008973580289891156,1.9659423239762661,SVR,"{'mode': 'proxy', 'type': 'ExtraTrees', 'n_estimators': 60, 'max_depth': 3, 'min_samples_split': 2}",6,"['nodes_T6W30', 're_T6W30', 'pe_T6W30', 'l2_T6W30', 'atd_T6W30', 'density_T6W30']",0.08665724570088557,0.1102820155704338,398.0,0.09846963063565968,0.011812384934774116,0.1200199015987893,1.9659423239762661,2.2441064427381887,2.278068348412008,398.0,2.2610873955750983,0.016980952836909542,0.17253520773267433,1.9659423239762661,completed,True,COMPLETE
31,1.7397445811264556,2026-06-20 18:15:05.257941,2026-06-20 18:15:12.474238,0 days 00:00:07.216297,,,,,,,,,,,,,SVR,,,,6,3.0,2.0,60.0,,ExtraTrees,,,,0.0012733977653242119,,0.0010088661397527597,auto,rbf,,-0.00013219354928764522,-9.975867766529206e-05,398.0,-0.00011597611347646863,1.6217435811176573e-05,0.00016477748236193204,1.9659423239762661,1.7280961122269534,1.7513930500259578,398.0,1.7397445811264556,0.011648468899502246,0.11835443044013458,1.9659423239762661,0.26841270181270616,0.27766144845674545,398.0,0.2730370751347258,0.0046243733220196455,0.04698600952555883,1.9659423239762661,5.835670522527809,5.978347059965711,398.0,5.90700879124676,0.0713382687189514,0.7248334725929131,1.9659423239762661,1.068842221946687,1.1263412140970395,398.0,1.0975917180218633,0.028749496075176097,0.2921096551636714,1.9659423239762661,399.0,0.9147869674185464,-0.008480828486393048,-0.0067142987135428945,398.0,-0.007597563599967971,0.0008832648864250768,0.008974425176606446,1.9659423239762661,SVR,"{'mode': 'proxy', 'type': 'ExtraTrees', 'n_estimators': 60, 'max_depth': 3, 'min_samples_split': 2}",6,"['nodes_T6W30', 're_T6W30', 'pe_T6W30', 'l2_T6W30', 'atd_T6W30', 'density_T6W30']",0.08340224391333341,0.10699587391001568,398.0,0.09519905891167454,0.011796814998341133,0.1198617030428749,1.9659423239762661,2.2441186948919736,2.2780810143555774,398.0,2.2610998546237755,0.01698115973180213,0.17253730989111116,1.9659423239762661,completed,True,COMPLETE
32,1.7396970648561176,2026-06-20 18:15:12.491929,2026-06-20 18:15:19.609134,0 days 00:00:07.117205,,,,,,,,,,,,,SVR,,,,7,3.0,2.0,60.0,,ExtraTrees,,,,0.001140000519456659,,0.0010652683366393098,auto,rbf,,-0.00010230467078576526,-7.458851130975514e-05,398.0,-8.84465910477602e-05,1.3858079738005061e-05,0.0001408052121301234,1.9659423239762661,1.7280484194936419,1.7513457102185934,398.0,1.7396970648561176,0.01164864536247587,0.11835622339463506,1.9659423239762661,0.26840259080874107,0.27765110298761186,398.0,0.27302684689817647,0.00462425608943537,0.046984818382254004,1.9659423239762661,5.835726136237589,5.9784447721619625,398.0,5.907085454199776,0.07135931796218695,0.7250473437218858,1.9659423239762661,1.0684251362182928,1.1259679928081907,398.0,1.0971965645132418,0.028771428294948873,0.2923324977880446,1.9659423239762661,399.0,0.9072681704260651,-0.008488568620938892,-0.006720284319734285,398.0,-0.007604426470336588,0.0008841421506023033,0.00898333863149369,1.9659423239762661,SVR,"{'mode': 'proxy', 'type': 'ExtraTrees', 'n_estimators': 60, 'max_depth': 3, 'min_samples_split': 2}",7,"['nodes_T6W30', 'edges_T6W30', 're_T6W30', 'pe_T6W30', 'l2_T6W30', 'atd_T6W30', 'density_T6W30']",0.09906203752825153,0.12288185322342642,398.0,0.11097194537583897,0.01190990784758744,0.12101078451228336,1.9659423239762661,2.2441264808500487,2.2780875385007753,398.0,2.261107009675412,0.016980528825363415,0.1725308995574562,1.9659423239762661,completed,True,COMPLETE
33,1.7400721628649976,2026-06-20 18:15:19.636976,2026-06-20 18:15:26.631788,0 days 00:00:06.994812,,,,,,,,,,,,,SVR,,,,7,3.0,3.0,60.0,,ExtraTrees,,,,0.001057250680829813,,0.008222772832863538,auto,rbf,,-0.0003220684393260265,-0.00028774406512207433,398.0,-0.0003049062522240504,1.7162187101976086e-05,0.00017437664100628712,1.9659423239762661,1.728422948102659,1.7517213776273362,398.0,1.7400721628649976,0.011649214762338598,0.11836200878986831,1.9659423239762661,0.26864082984107757,0.27789627290897373,398.0,0.27326855137502565,0.004627721533948076,0.047020029079476264,1.9659423239762661,5.836906262815852,5.9789944857268384,398.0,5.907950374271345,0.07104411145549319,0.7218446836218655,1.9659423239762661,1.0737128678734282,1.1305249239887045,398.0,1.1021188959310664,0.028406028057638248,0.2886198435892222,1.9659423239762661,399.0,0.8972431077694235,-0.008004324432311128,-0.006290874042726573,398.0,-0.007147599237518851,0.0008567251947922777,0.008704768270247623,1.9659423239762661,SVR,"{'mode': 'proxy', 'type': 'ExtraTrees', 'n_estimators': 60, 'max_depth': 3, 'min_samples_split': 3}",7,"['nodes_T6W30', 'edges_T6W30', 're_T6W30', 'pe_T6W30', 'l2_T6W30', 'atd_T6W30', 'density_T6W30']",0.11323094412639169,0.13693963873573606,398.0,0.12508529143106387,0.01185434730467218,0.12044626084239902,1.9659423239762661,2.2436158998019033,2.277609735626317,398.0,2.2606128177141103,0.016996917912206814,0.172697421102521,1.9659423239762661,completed,True,COMPLETE
34,1.7463648588330452,2026-06-20 18:15:26.650129,2026-06-20 18:15:33.495886,0 days 00:00:06.845757,,,,,,,,,,,,,SVR,,,,7,4.0,4.0,60.0,,ExtraTrees,,,,0.012559316355008152,2.0,0.006036675030333621,auto,poly,,-0.004557030375206998,-0.0034013696946986185,398.0,-0.0039792000349528085,0.0005778303402541902,0.005871053217537989,1.9659423239762661,1.734777381286396,1.7579523363796943,398.0,1.7463648588330452,0.011587477546649088,0.11773472695026073,1.9659423239762661,0.2692467123368614,0.2784778559699284,398.0,0.2738622841533949,0.00461557181653347,0.046896581706519315,1.9659423239762661,5.858068383296896,6.00131900592795,398.0,5.929693694612423,0.07162531131552674,0.7277499728920369,1.9659423239762661,1.1180283483172133,1.1719003412545426,398.0,1.144964344785878,0.02693599646866452,0.27368356716156,1.9659423239762661,399.0,0.8270676691729323,-0.010253146570844866,-0.007969387390900941,398.0,-0.009111266980872904,0.0011418795899719627,0.011602083472800536,1.9659423239762661,SVR,"{'mode': 'proxy', 'type': 'ExtraTrees', 'n_estimators': 60, 'max_depth': 4, 'min_samples_split': 4}",7,"['nodes_T6W30', 'edges_T6W30', 're_T6W30', 'pe_T6W30', 'l2_T6W30', 'atd_T6W30', 'density_T6W30']",-0.01799119757695468,0.007294858788425986,398.0,-0.005348169394264346,0.012643028182690332,0.1284596638846523,1.9659423239762661,2.2457826156483174,2.2796566833839336,398.0,2.2627196495161255,0.016937033867808007,0.1720889684356151,1.9659423239762661,completed,True,COMPLETE
35,1.8494195800385882,2026-06-20 18:15:33.514856,2026-06-20 18:20:25.590357,0 days 00:04:52.075501,497.0,,,,,,,,,,,,BaggingRegressor,,,,8,5.0,3.0,80.0,,ExtraTrees,,,,,,,,,True,-0.06955879677045326,-0.057525593446762883,398.0,-0.06354219510860808,0.006016601661845191,0.06113176495696215,1.9659423239762661,1.8339642017345732,1.8648749583426032,398.0,1.8494195800385882,0.015455378304014911,0.15703458644995505,1.9659423239762661,0.28376133735543463,0.2939607864525958,398.0,0.2888610619040152,0.005099724548580617,0.05181582228155521,1.9659423239762661,6.107305935692992,6.240041305649802,398.0,6.173673620671397,0.06636768497840505,0.6743297872894742,1.9659423239762661,1.4829754351723605,1.5213563197683109,398.0,1.5021658774703357,0.019190442297975147,0.19498475616552235,1.9659423239762661,399.0,0.8395989974937343,-0.12284690857659222,-0.10084393064134267,398.0,-0.11184541960896745,0.011001488967624781,0.11178078183410822,1.9659423239762661,BaggingRegressor,"{'mode': 'proxy', 'type': 'ExtraTrees', 'n_estimators': 80, 'max_depth': 5, 'min_samples_split': 3}",8,"['nodes_T6W30', 'edges_T6W30', 're_T6W30', 'pe_T6W30', 'l2_T6W30', 'atd_T6W30', 'density_T6W30', 'asp_T6W30']",0.04497018794805331,0.07094582191679691,398.0,0.05795800493242511,0.012987816984371795,0.13196289530478253,1.9659423239762661,2.351168793740192,2.3913821354138394,398.0,2.3712754645770158,0.02010667083682377,0.20429410899154565,1.9659423239762661,completed,True,COMPLETE
36,1.7423298305528294,2026-06-20 18:20:25.676457,2026-06-20 18:20:32.484167,0 days 00:00:06.807710,,,,,,,,,,,,,SVR,,,,8,4.0,3.0,50.0,,ExtraTrees,,,,0.01654301429642522,,0.005816354520561717,auto,rbf,,-0.0018127085436591159,-0.0014175895651313195,398.0,-0.0016151490543952177,0.00019755948926389829,0.002007305941373266,1.9659423239762661,1.7306918420878115,1.7539678190178474,398.0,1.7423298305528294,0.011637988465018012,0.11824794383963383,1.9659423239762661,0.26888557439886834,0.2781340522502384,398.0,0.2735098133245534,0.004624238925685016,0.04698464398972956,1.9659423239762661,5.832726768126354,5.973370471242748,398.0,5.903048619684551,0.07032185155819701,0.7145061518790462,1.9659423239762661,1.0969513559888402,1.1506867531046876,398.0,1.123819054546764,0.026867698557923675,0.2729896252885359,1.9659423239762661,399.0,0.7192982456140351,-0.006726157517120066,-0.0049826222570863955,398.0,-0.005854389887103231,0.0008717676300168354,0.008857607142789166,1.9659423239762661,SVR,"{'mode': 'proxy', 'type': 'ExtraTrees', 'n_estimators': 50, 'max_depth': 4, 'min_samples_split': 3}",8,"['nodes_T6W30', 're_T6W30', 'pe_T6W30', 'l2_T6W30', 'lcc_T6W30', 'atd_T6W30', 'density_T6W30', 'diameter_T6W30']",0.06660110074983476,0.08991918255043387,398.0,0.07826014165013431,0.011659040900299547,0.11846184740143419,1.9659423239762661,2.242169057451364,2.276172263868795,398.0,2.2591706606600797,0.017001603208715327,0.1727450261229312,1.9659423239762661,completed,True,COMPLETE
37,1.7417718241000373,2026-06-20 18:20:32.501948,2026-06-20 18:20:39.382205,0 days 00:00:06.880257,,,,,,,,,,,,,SVR,,,,5,4.0,2.0,40.0,,ExtraTrees,,,,0.015538936035656115,,0.0010253205306012727,auto,rbf,,-0.0014687025104798618,-0.0011126866608613375,398.0,-0.0012906945856705997,0.00017800792480926223,0.001808651998506928,1.9659423239762661,1.7301300300745248,1.7534136181255497,398.0,1.7417718241000373,0.011641794025512478,0.11828661029002435,1.9659423239762661,0.2688050605803446,0.27805506801009305,398.0,0.2734300642952188,0.004625003714874252,0.04699241464093529,1.9659423239762661,5.834518392865125,5.975807418358685,398.0,5.905162905611905,0.07064451274677949,0.7177845553781919,1.9659423239762661,1.091103765792411,1.1455447526336566,398.0,1.1183242592130338,0.02722049342062274,0.27657420240310737,1.9659423239762661,399.0,0.7393483709273183,-0.006896587197945597,-0.005152160364891724,398.0,-0.00602437378141866,0.0008722134165269365,0.008862136562831928,1.9659423239762661,SVR,"{'mode': 'proxy', 'type': 'ExtraTrees', 'n_estimators': 40, 'max_depth': 4, 'min_samples_split': 2}",5,"['nodes_T6W30', 're_T6W30', 'pe_T6W30', 'l2_T6W30', 'atd_T6W30']",0.06837377553683677,0.09299584926415588,398.0,0.08068481240049633,0.012311036863659558,0.12508646146517935,1.9659423239762661,2.242358294934966,2.276369800886228,398.0,2.259364047910597,0.0170057529756307,0.1727871898874539,1.9659423239762661,completed,True,COMPLETE
38,1.8037223895953007,2026-06-20 18:20:39.400144,2026-06-20 18:20:45.600353,0 days 00:00:06.200209,,,,,,,,,,,,,LinearRegression,,,,7,,,,,,,,,,,,,,True,-0.04205796275315961,-0.03308061555904457,398.0,-0.03756928915610209,0.0044886735970575175,0.04560723058067433,1.9659423239762661,1.790959302509842,1.8164854766807594,398.0,1.8037223895953007,0.012763087085458733,0.1296795240378634,1.9659423239762661,0.27888606926143134,0.288466723283917,398.0,0.28367639627267416,0.004790327011242851,0.04867218429555721,1.9659423239762661,5.793721439833979,5.941065701747807,398.0,5.867393570790893,0.07367213095691379,0.7485467123571176,1.9659423239762661,1.4412977871896098,1.4693912772402278,398.0,1.4553445322149188,0.014046745025309101,0.14272214840864564,1.9659423239762661,399.0,0.5388471177944862,-0.038684944920191824,-0.022130182875962714,398.0,-0.03040756389807727,0.008277381022114557,0.08410244512480175,1.9659423239762661,LinearRegression,"{'mode': 'original', 'type': 'LinearRegression'}",7,"['re_T6W30', 'l1_T6W30', 'l2_T6W30', 'atd_T6W30', 'density_T6W30', 'diameter_T6W30', 'asp_T6W30']",0.07361722406098586,0.099294848365683,398.0,0.08645603621333443,0.012838812152348562,0.13044892963435084,1.9659423239762661,2.2658133447609092,2.300627009883815,398.0,2.283220177322362,0.01740683256145279,0.17686236460360624,1.9659423239762661,completed,True,COMPLETE
