number,value,datetime_start,datetime_complete,duration,params_bag_n_estimators,params_dt_max_depth,params_dt_min_samples_split,params_elastic_alpha,params_elastic_l1_ratio,params_et_max_depth,params_et_min_samples_split,params_et_n_estimators,params_gpr_alpha,params_knn_metric,params_knn_n_neighbors,params_knn_weights,params_regressor,params_rf_max_depth,params_rf_min_samples_split,params_rf_n_estimators,params_rfe_n_features,params_rfe_proxy_et_max_depth,params_rfe_proxy_et_min_samples_split,params_rfe_proxy_et_n_estimators,params_rfe_proxy_svc_C,params_rfe_proxy_type,params_ridge_alpha,params_ridge_solver,params_stack_final_estimator,params_svr_C,params_svr_degree,params_svr_epsilon,params_svr_gamma,params_svr_kernel,params_use_scaler,user_attrs_d2mae_ci_lower_val,user_attrs_d2mae_ci_upper_val,user_attrs_d2mae_df_val,user_attrs_d2mae_mean_val,user_attrs_d2mae_samperror_val,user_attrs_d2mae_std_val,user_attrs_d2mae_t_critical_val,user_attrs_mae_ci_lower_val,user_attrs_mae_ci_upper_val,user_attrs_mae_df_val,user_attrs_mae_mean_val,user_attrs_mae_samperror_val,user_attrs_mae_std_val,user_attrs_mae_t_critical_val,user_attrs_mape_ci_lower_val,user_attrs_mape_ci_upper_val,user_attrs_mape_df_val,user_attrs_mape_mean_val,user_attrs_mape_samperror_val,user_attrs_mape_std_val,user_attrs_mape_t_critical_val,user_attrs_max_error_ci_lower_val,user_attrs_max_error_ci_upper_val,user_attrs_max_error_df_val,user_attrs_max_error_mean_val,user_attrs_max_error_samperror_val,user_attrs_max_error_std_val,user_attrs_max_error_t_critical_val,user_attrs_median_ae_ci_lower_val,user_attrs_median_ae_ci_upper_val,user_attrs_median_ae_df_val,user_attrs_median_ae_mean_val,user_attrs_median_ae_samperror_val,user_attrs_median_ae_std_val,user_attrs_median_ae_t_critical_val,user_attrs_n_splits_val,user_attrs_r2_below_zero_val,user_attrs_r2_ci_lower_val,user_attrs_r2_ci_upper_val,user_attrs_r2_df_val,user_attrs_r2_mean_val,user_attrs_r2_samperror_val,user_attrs_r2_std_val,user_attrs_r2_t_critical_val,user_attrs_regressor_final,user_attrs_rfe_clf,user_attrs_rfe_n_features,user_attrs_rfe_selected_features,user_attrs_rho_ci_lower_val,user_attrs_rho_ci_upper_val,user_attrs_rho_df_val,user_attrs_rho_mean_val,user_attrs_rho_samperror_val,user_attrs_rho_std_val,user_attrs_rho_t_critical_val,user_attrs_rmse_ci_lower_val,user_attrs_rmse_ci_upper_val,user_attrs_rmse_df_val,user_attrs_rmse_mean_val,user_attrs_rmse_samperror_val,user_attrs_rmse_std_val,user_attrs_rmse_t_critical_val,user_attrs_termination_reason,user_attrs_use_scaler_final,state
79,1.7823817428338093,2026-06-20 18:36:17.999452,2026-06-20 18:36:24.239605,0 days 00:00:06.240153,,,,,,,,,,,,,LinearRegression,,,,4,,,,,,,,,,,,,,False,-0.028456406117955878,-0.02151169472903574,398.0,-0.02498405042349581,0.0034723556944600688,0.03528091838069299,1.9659423239762661,1.769908018802954,1.7948554668646648,398.0,1.7823817428338093,0.012473724030855502,0.12673944669263854,1.9659423239762661,0.27676664273292406,0.2864533982190721,398.0,0.2816100204759981,0.004843377743074005,0.04921120699497627,1.9659423239762661,5.846539861189861,5.975191170164408,398.0,5.910865515677134,0.06432565448727363,0.6535817080522472,1.9659423239762661,1.4209140714824495,1.4470016548319387,398.0,1.433957863157194,0.013043791674744556,0.13253162692567513,1.9659423239762661,399.0,0.5288220551378446,-0.02370663871891765,-0.011141115117493721,398.0,-0.017423876918205686,0.006282761800711965,0.06383608875378237,1.9659423239762661,LinearRegression,"{'mode': 'original', 'type': 'LinearRegression'}",4,"['l2_T6W30', 'atd_T6W30', 'density_T6W30', 'asp_T6W30']",0.09196854534168264,0.1172464353451399,398.0,0.10460749034341127,0.01263894500172863,0.128418176667639,1.9659423239762661,2.2529039143051146,2.2877723587980987,398.0,2.2703381365516067,0.017434222246492243,0.1771406578798082,1.9659423239762661,completed,False,COMPLETE
80,1.8082881514251266,2026-06-20 18:36:24.257512,2026-06-20 18:36:30.962542,0 days 00:00:06.705030,,,,,,,,,,,,,SVR,,,,5,,,,0.015039923403685651,LinearSVC,,,,0.002112837343842347,5.0,0.004041264597859697,auto,poly,,-0.04748841489996544,-0.032815552781636684,398.0,-0.04015198384080106,0.007336431059164382,0.07454190992498742,1.9659423239762661,1.7921994309206701,1.824376871929583,398.0,1.8082881514251266,0.016088720504456366,0.1634696686958417,1.9659423239762661,0.27661297040813837,0.2860642961450217,398.0,0.28133863327658004,0.004725662868441644,0.048015163372278326,1.9659423239762661,6.622697611946776,7.380994568913517,398.0,7.0018460904301465,0.37914847848336986,3.8523433946808567,1.9659423239762661,1.1742167313751333,1.2428355792057757,398.0,1.2085261552904545,0.034309423915321186,0.34860137939677965,1.9659423239762661,399.0,0.9674185463659147,-0.24902667684562035,-0.12375498881319312,398.0,-0.18639083282940674,0.06263584401621362,0.6364123652330697,1.9659423239762661,SVR,"{'mode': 'proxy', 'type': 'LinearSVC', 'C': 0.015039923403685651, 'epsilon': 0.004041264597859697}",5,"['edges_T6W30', 're_T6W30', 'pe_T6W30', 'l3_T6W30', 'lsc_T6W30']",-0.042613838528872544,-0.014015916357944231,398.0,-0.02831487744340839,0.014298961085464157,0.14528479319956591,1.9659423239762661,2.3637085491755525,2.451250346456669,398.0,2.407479447816111,0.043770898640558165,0.4447348250788129,1.9659423239762661,completed,True,COMPLETE
81,1.7395957300245752,2026-06-20 18:36:30.980539,2026-06-20 18:36:37.598046,0 days 00:00:06.617507,,,,,,,,,,,,,SVR,,,,6,,,,0.2469937448944864,LinearSVC,,,,0.0010157349167266212,,0.0018643770154613724,auto,rbf,,-4.445201342548351e-05,-1.589594549854773e-05,398.0,-3.017397946201562e-05,1.427803396346789e-05,0.00014507216288514534,1.9659423239762661,1.7279476421132591,1.7512438179358913,398.0,1.7395957300245752,0.011648087911316156,0.11835055940436516,1.9659423239762661,0.26840384839724063,0.27765264379748456,398.0,0.2730282460973626,0.0046243977001219835,0.04698625721960706,1.9659423239762661,5.835662202288546,5.978311025854033,398.0,5.90698661407129,0.07132441178274407,0.7246926789996425,1.9659423239762661,1.0689467134116166,1.126373645875571,398.0,1.0976601796435939,0.028713466231977246,0.29174357344019014,1.9659423239762661,399.0,0.8872180451127819,-0.00835229576373832,-0.006589299878593098,398.0,-0.007470797821165709,0.0008814979425726106,0.008956472118991528,1.9659423239762661,SVR,"{'mode': 'proxy', 'type': 'LinearSVC', 'C': 0.2469937448944864, 'epsilon': 0.0018643770154613724}",6,"['re_T6W30', 'pe_T6W30', 'l1_T6W30', 'l3_T6W30', 'lsc_T6W30', 'density_T6W30']",0.1399590599037598,0.1616429347137697,398.0,0.15080099730876476,0.01084193740500493,0.11015965596060283,1.9659423239762661,2.243977394162723,2.27793985700312,398.0,2.2609586255829215,0.01698123142019849,0.17253803828206055,1.9659423239762661,completed,True,COMPLETE
82,1.8240830825249932,2026-06-20 18:36:37.625654,2026-06-20 18:36:44.519562,0 days 00:00:06.893908,,,,,,,,,,,,,SVR,,,,5,,,,0.21048851614108788,LinearSVC,,,,1.542330748247203,,0.0015848838937741459,auto,rbf,,-0.05362209080551415,-0.044516164063317334,398.0,-0.049069127434415744,0.0045529633710984126,0.04626044772495157,1.9659423239762661,1.810632814963029,1.8375333500869573,398.0,1.8240830825249932,0.013450267561964102,0.13666163083731142,1.9659423239762661,0.27880495985053283,0.2878051597836609,398.0,0.28330505981709686,0.004500099966564045,0.04572332836713976,1.9659423239762661,5.989298921832501,6.152836180525159,398.0,6.07106755117883,0.08176862934632925,0.8308112969738721,1.9659423239762661,1.4585928946174023,1.4892259360924052,398.0,1.4739094153549037,0.015316520737501373,0.15562372221201942,1.9659423239762661,399.0,0.7418546365914787,-0.06445800363533191,-0.048820475462317256,398.0,-0.056639239548824584,0.007818764086507324,0.07944266136503969,1.9659423239762661,SVR,"{'mode': 'proxy', 'type': 'LinearSVC', 'C': 0.21048851614108788, 'epsilon': 0.0015848838937741459}",5,"['re_T6W30', 'pe_T6W30', 'l3_T6W30', 'lsc_T6W30', 'density_T6W30']",0.04649132559598726,0.07016278712768682,398.0,0.05832705636183704,0.011835730765849786,0.12025710724048787,1.9659423239762661,2.294804730443324,2.3313697932780477,398.0,2.313087261860686,0.018282531417361924,0.18575991502181027,1.9659423239762661,completed,True,COMPLETE
83,1.7397504054619348,2026-06-20 18:36:44.543059,2026-06-20 18:36:51.396346,0 days 00:00:06.853287,,,,,,,,,,,,,SVR,,,,6,,,,0.025084368250984663,LinearSVC,,,,0.002052525941511388,,0.0016883137774001673,auto,rbf,,-0.00014185127178668812,-9.795337659239844e-05,398.0,-0.00011990232418954327,2.1948947597144836e-05,0.00022301258766561528,1.9659423239762661,1.72810340284533,1.7513974080785397,398.0,1.7397504054619348,0.01164700261660497,0.11833953225234112,1.9659423239762661,0.26843145892922615,0.2776798916202824,398.0,0.2730556752747543,0.0046242163455281465,0.04698441456373129,1.9659423239762661,5.835678468558649,5.978243142675792,398.0,5.906960805617221,0.07128233705857098,0.7242651781788569,1.9659423239762661,1.070101506257067,1.1273729745562557,398.0,1.0987372404066613,0.02863573414959434,0.29095377553484075,1.9659423239762661,399.0,0.8771929824561403,-0.008249696337851952,-0.006489228043773918,398.0,-0.007369462190812935,0.0008802341470390165,0.008943631306876067,1.9659423239762661,SVR,"{'mode': 'proxy', 'type': 'LinearSVC', 'C': 0.025084368250984663, 'epsilon': 0.0016883137774001673}",6,"['edges_T6W30', 're_T6W30', 'pe_T6W30', 'l3_T6W30', 'lsc_T6W30', 'diameter_T6W30']",0.11298654739466062,0.1355565107331653,398.0,0.12427152906391296,0.011284981669252342,0.1146612133761883,1.9659423239762661,2.2438644292760386,2.2778274312907265,398.0,2.2608459302833825,0.016981501007343785,0.1725407774260039,1.9659423239762661,completed,True,COMPLETE
84,1.739904360650654,2026-06-20 18:36:51.414385,2026-06-20 18:36:58.199824,0 days 00:00:06.785439,,,,,,,,,,,,,SVR,,,,5,,,,0.5695884629102572,LinearSVC,,,,0.0020369119863792797,,0.0015089134089718206,auto,rbf,,-0.0002326410387304932,-0.00018516859261724235,398.0,-0.00020890481567386777,2.3736223056625414e-05,0.0002411722248566879,1.9659423239762661,1.728257496377478,1.7515512249238299,398.0,1.739904360650654,0.011646864273175989,0.11833812661200473,1.9659423239762661,0.2684351544054642,0.2776839866050848,398.0,0.2730595705052745,0.004624416099810285,0.04698644416989623,1.9659423239762661,5.8355242864763595,5.978103263675712,398.0,5.906813775076036,0.07128948859967667,0.7243378415118353,1.9659423239762661,1.0700466873832433,1.1273842630763231,398.0,1.0987154752297832,0.02866878784653993,0.29128961808287757,1.9659423239762661,399.0,0.8972431077694235,-0.008414168133982911,-0.006649742310057241,398.0,-0.007531955222020077,0.0008822129119628353,0.008963736575435739,1.9659423239762661,SVR,"{'mode': 'proxy', 'type': 'LinearSVC', 'C': 0.5695884629102572, 'epsilon': 0.0015089134089718206}",5,"['re_T6W30', 'pe_T6W30', 'lsc_T6W30', 'density_T6W30', 'diameter_T6W30']",0.06738493970136994,0.09082506763339146,398.0,0.0791050036673807,0.011720063966010753,0.1190818731102438,1.9659423239762661,2.244045629193046,2.278007447327168,398.0,2.261026538260107,0.01698090906706102,0.17253476300851903,1.9659423239762661,completed,True,COMPLETE
85,8.15047422477763,2026-06-20 18:36:58.220325,2026-06-20 18:38:14.212531,0 days 00:01:15.992206,,,,,,,,,1.727365513190064e-10,,,,GaussianProcessRegressor,,,,6,,,,0.10959719896923194,LinearSVC,,,,,,0.0010259210655635391,,,,-3.746349718734595,-3.6738174039679246,398.0,-3.7100835613512597,0.036266157383335156,0.368482797042994,1.9659423239762661,8.139053374042271,8.161895075512989,398.0,8.15047422477763,0.01142085073535897,0.11604171291412928,1.9659423239762661,1.0,1.0,398.0,1.0,0.0,0.0,1.9659423239762661,13.3659726363038,13.571370722092189,398.0,13.468671679197994,0.10269904289419442,1.043475055250285,1.9659423239762661,8.0,8.0,398.0,8.0,0.0,0.0,1.9659423239762661,399.0,1.0,-13.602492991286825,-13.135647454178637,398.0,-13.36907022273273,0.23342276855409386,2.3716952899414667,1.9659423239762661,GaussianProcessRegressor,"{'mode': 'proxy', 'type': 'LinearSVC', 'C': 0.10959719896923194, 'epsilon': 0.0010259210655635391}",6,"['edges_T6W30', 're_T6W30', 'pe_T6W30', 'l3_T6W30', 'lsc_T6W30', 'density_T6W30']",,,,,,,,8.448940356928123,8.46756156667334,398.0,8.458250961800731,0.009310604872607696,0.09460053044376618,1.9659423239762661,completed,True,COMPLETE
86,2.050651302424875,2026-06-20 18:38:14.230394,2026-06-20 18:38:20.591247,0 days 00:00:06.360853,,7.0,15.0,,,,,,,,,,DecisionTreeRegressor,,,,4,,,,,,,,,,,,,,True,-0.19200702822591184,-0.16934093304852052,398.0,-0.18067398063721618,0.011333047588695671,0.11514958781993512,1.9659423239762661,2.029546694857739,2.071755909992011,398.0,2.050651302424875,0.021104607567136013,0.21443365903459402,1.9659423239762661,0.30797369130480107,0.31847659416584867,398.0,0.31322514273532487,0.005251451430523796,0.05335744537809881,1.9659423239762661,6.929172280021118,7.165387492183906,398.0,7.047279886102512,0.11810760608139433,1.2000339760540137,1.9659423239762661,1.61621267542641,1.6688954126788231,398.0,1.6425540440526165,0.026341368626206695,0.267641842689003,1.9659423239762661,399.0,0.9523809523809523,-0.4023565698680779,-0.3512614565956522,398.0,-0.37680901323186505,0.02554755663621282,0.2595763049120777,1.9659423239762661,DecisionTreeRegressor,"{'mode': 'original', 'type': 'DecisionTreeRegressor'}",4,"['re_T6W30', 'l1_T6W30', 'l2_T6W30', 'lsc_T6W30']",0.023513514525522774,0.05172664991370558,398.0,0.03762008221961418,0.014106567694091406,0.1433299774677455,1.9659423239762661,2.600247710007995,2.65201433566844,398.0,2.6261310228382175,0.025883312830222587,0.2629877603961947,1.9659423239762661,completed,True,COMPLETE
87,1.7396464951986939,2026-06-20 18:38:20.608932,2026-06-20 18:38:27.378463,0 days 00:00:06.769531,,,,,,,,,,,,,SVR,,,,7,,,,0.029652893359250105,LinearSVC,,,,0.0010964079685707698,,0.003420478343719051,auto,rbf,,-7.45884703025519e-05,-4.389065962748733e-05,398.0,-5.923956496501962e-05,1.5348905337532287e-05,0.0001559527663915385,1.9659423239762661,1.727997765244363,1.7512952251530247,398.0,1.7396464951986939,0.011648729954330932,0.11835708289135623,1.9659423239762661,0.26844777377754275,0.27769841039629467,398.0,0.2730730920869187,0.0046253183093759405,0.04699561108274993,1.9659423239762661,5.835813710043289,5.978306433434873,398.0,5.907060071739081,0.07124636169579203,0.7238996500044407,1.9659423239762661,1.0698114153453702,1.1270962094961994,398.0,1.0984538124207848,0.028642397075414605,0.29102147428540837,1.9659423239762661,399.0,0.8847117794486216,-0.008265784594234068,-0.006514187386031641,398.0,-0.007389985990132854,0.0008757986041012134,0.008898563911098507,1.9659423239762661,SVR,"{'mode': 'proxy', 'type': 'LinearSVC', 'C': 0.029652893359250105, 'epsilon': 0.003420478343719051}",7,"['edges_T6W30', 're_T6W30', 'pe_T6W30', 'l1_T6W30', 'l3_T6W30', 'lsc_T6W30', 'diameter_T6W30']",0.1342686037171145,0.1565121501876595,398.0,0.145390376952387,0.011121773235272508,0.11300293181031357,1.9659423239762661,2.2438871237066285,2.2778563569745747,398.0,2.2608717403406016,0.016984616633973076,0.17257243379375103,1.9659423239762661,completed,True,COMPLETE
88,1.8288961488684683,2026-06-20 18:38:27.396552,2026-06-20 18:38:42.818761,0 days 00:00:15.422209,,,,,,,,,,,,,RandomForestRegressor,5.0,5.0,24.0,7,,,,,,,,,,,,,,False,-0.05764550513990212,-0.0463759532332947,398.0,-0.05201072918659841,0.005634775953303705,0.05725221952899955,1.9659423239762661,1.8146229289994387,1.843169368737498,398.0,1.8288961488684683,0.014273219869029533,0.14502324921157567,1.9659423239762661,0.2799369604363181,0.28969227367407224,398.0,0.2848146170551952,0.004877656618877096,0.049559497989853395,1.9659423239762661,5.944494382079766,6.085588298685881,398.0,6.015041340382823,0.07054695830305772,0.7167933520944635,1.9659423239762661,1.4514638934801065,1.4866781402266318,398.0,1.4690710168533692,0.017607123373262666,0.1788974221857373,1.9659423239762661,399.0,0.7518796992481203,-0.08204035331762599,-0.06162956192283603,398.0,-0.07183495762023101,0.010205395697394985,0.10369206507758258,1.9659423239762661,RandomForestRegressor,"{'mode': 'original', 'type': 'RandomForestRegressor'}",7,"['nodes_T6W30', 're_T6W30', 'pe_T6W30', 'l2_T6W30', 'l3_T6W30', 'lsc_T6W30', 'atd_T6W30']",0.07488548694983105,0.10049948605000847,398.0,0.08769248649991976,0.012806999550088712,0.1301256972461488,1.9659423239762661,2.30908319088482,2.3465005298689166,398.0,2.3277918603768684,0.01870866949204837,0.19008969686296925,1.9659423239762661,completed,False,COMPLETE
89,1.7988465469031991,2026-06-20 18:38:42.838209,2026-06-20 18:38:49.488359,0 days 00:00:06.650150,,,,,,,,,,manhattan,19.0,distance,KNeighborsRegressor,,,,7,,,,0.02688872884293964,LinearSVC,,,,,,0.00784839784955279,,,,-0.038796602260124546,-0.03052286615183694,398.0,-0.034659734205980744,0.004136868054143802,0.04203270546355664,1.9659423239762661,1.7861256274144484,1.8115674663919499,398.0,1.7988465469031991,0.012720919488750666,0.12925107958439314,1.9659423239762661,0.2757652802729453,0.2851187390312511,398.0,0.2804420096520982,0.0046767293791529375,0.04751797397303798,1.9659423239762661,5.7990422281400384,5.93975401721616,398.0,5.869398122678099,0.07035589453806097,0.7148520460499495,1.9659423239762661,1.4246970091760969,1.4584857736930488,398.0,1.4415913914345728,0.016894382258475886,0.17165560616513906,1.9659423239762661,399.0,0.6541353383458647,-0.040837219993572496,-0.02696016067138154,398.0,-0.03389869033247702,0.006938529661095478,0.07049902722975263,1.9659423239762661,KNeighborsRegressor,"{'mode': 'proxy', 'type': 'LinearSVC', 'C': 0.02688872884293964, 'epsilon': 0.00784839784955279}",7,"['edges_T6W30', 're_T6W30', 'pe_T6W30', 'l1_T6W30', 'l3_T6W30', 'lsc_T6W30', 'diameter_T6W30']",0.08592148654289593,0.10862802317479693,398.0,0.09727475485884643,0.011353268315950502,0.11535504080074989,1.9659423239762661,2.2707090203509845,2.3050077496561427,398.0,2.2878583850035636,0.01714936465257918,0.17424635833065727,1.9659423239762661,completed,True,COMPLETE
90,1.7397168384241075,2026-06-20 18:38:49.517098,2026-06-20 18:38:56.323972,0 days 00:00:06.806874,,,,,,,,,,,,,SVR,,,,11,,,,0.03154669240946563,LinearSVC,,,,0.0020465840388649665,,0.0038819971535804104,auto,rbf,,-0.00013043689267717073,-7.116136658270251e-05,398.0,-0.00010079912962993662,2.9637763047234116e-05,0.00030113490410099757,1.9659423239762661,1.728070317784417,1.751363359063798,398.0,1.7397168384241075,0.011646520639690601,0.1183346351191919,1.9659423239762661,0.268438869480579,0.27768748593691744,398.0,0.2730631777087482,0.004624308228169222,0.046985348138585264,1.9659423239762661,5.835138437348709,5.977510903443012,398.0,5.90632467039586,0.07118623304715134,0.7232887120327293,1.9659423239762661,1.071702695163749,1.1287135954841019,398.0,1.1002081453239254,0.028505450160176367,0.2896300232463583,1.9659423239762661,399.0,0.8446115288220551,-0.008053059232885603,-0.00630238236727965,398.0,-0.007177720800082626,0.0008753384328029761,0.0088938883342156,1.9659423239762661,SVR,"{'mode': 'proxy', 'type': 'LinearSVC', 'C': 0.03154669240946563, 'epsilon': 0.0038819971535804104}",11,"['nodes_T6W30', 'edges_T6W30', 're_T6W30', 'pe_T6W30', 'l1_T6W30', 'l3_T6W30', 'lsc_T6W30', 'atd_T6W30', 'density_T6W30', 'diameter_T6W30', 'asp_T6W30']",0.13013767975320648,0.15298745380086928,398.0,0.14156256677703788,0.011424887023831409,0.11608272367935252,1.9659423239762661,2.243650862498022,2.2776146410506284,398.0,2.260632751774325,0.016981889276303133,0.17254472243817137,1.9659423239762661,completed,True,COMPLETE
91,1.7396667690504286,2026-06-20 18:38:56.341924,2026-06-20 18:39:02.958720,0 days 00:00:06.616796,,,,,,,,,,,,,SVR,,,,6,,,,0.008864591273541245,LinearSVC,,,,0.0010303787854814318,,0.0030778789031421167,auto,rbf,,-8.568298876389549e-05,-5.6741511978422844e-05,398.0,-7.121225037115917e-05,1.4470738392736325e-05,0.00014703013892183558,1.9659423239762661,1.7280187757620746,1.7513147623387826,398.0,1.7396667690504286,0.011647993288353985,0.11834959798644056,1.9659423239762661,0.2684360642959983,0.27768597929788497,398.0,0.27306102179694164,0.0046249575009433145,0.04699194508364654,1.9659423239762661,5.835853782651039,5.978438289443167,398.0,5.907146036047103,0.07129225339606426,0.7243659332640269,1.9659423239762661,1.0694275826806119,1.126808636836273,398.0,1.0981181097584425,0.028690527077830628,0.29151049984509153,1.9659423239762661,399.0,0.8796992481203008,-0.008310592076831868,-0.006553154583572985,398.0,-0.0074318733302024265,0.0008787187466294411,0.00892823405991499,1.9659423239762661,SVR,"{'mode': 'proxy', 'type': 'LinearSVC', 'C': 0.008864591273541245, 'epsilon': 0.0030778789031421167}",6,"['edges_T6W30', 're_T6W30', 'pe_T6W30', 'l3_T6W30', 'lsc_T6W30', 'atd_T6W30']",0.13071168955852497,0.15412684256152825,398.0,0.1424192660600266,0.011707576501501647,0.11895499405323057,1.9659423239762661,2.2439339911271796,2.2778994829393477,398.0,2.2609167370332637,0.016982745906083896,0.17255342623698605,1.9659423239762661,completed,True,COMPLETE
