number,value,datetime_start,datetime_complete,duration,params_bag_n_estimators,params_dt_max_depth,params_dt_min_samples_split,params_elastic_alpha,params_elastic_l1_ratio,params_et_max_depth,params_et_min_samples_split,params_et_n_estimators,params_gpr_alpha,params_knn_metric,params_knn_n_neighbors,params_knn_weights,params_regressor,params_rf_max_depth,params_rf_min_samples_split,params_rf_n_estimators,params_rfe_n_features,params_rfe_proxy_et_max_depth,params_rfe_proxy_et_min_samples_split,params_rfe_proxy_et_n_estimators,params_rfe_proxy_svc_C,params_rfe_proxy_type,params_ridge_alpha,params_ridge_solver,params_stack_final_estimator,params_svr_C,params_svr_degree,params_svr_epsilon,params_svr_gamma,params_svr_kernel,params_use_scaler,user_attrs_d2mae_ci_lower_val,user_attrs_d2mae_ci_upper_val,user_attrs_d2mae_df_val,user_attrs_d2mae_mean_val,user_attrs_d2mae_samperror_val,user_attrs_d2mae_std_val,user_attrs_d2mae_t_critical_val,user_attrs_mae_ci_lower_val,user_attrs_mae_ci_upper_val,user_attrs_mae_df_val,user_attrs_mae_mean_val,user_attrs_mae_samperror_val,user_attrs_mae_std_val,user_attrs_mae_t_critical_val,user_attrs_mape_ci_lower_val,user_attrs_mape_ci_upper_val,user_attrs_mape_df_val,user_attrs_mape_mean_val,user_attrs_mape_samperror_val,user_attrs_mape_std_val,user_attrs_mape_t_critical_val,user_attrs_max_error_ci_lower_val,user_attrs_max_error_ci_upper_val,user_attrs_max_error_df_val,user_attrs_max_error_mean_val,user_attrs_max_error_samperror_val,user_attrs_max_error_std_val,user_attrs_max_error_t_critical_val,user_attrs_median_ae_ci_lower_val,user_attrs_median_ae_ci_upper_val,user_attrs_median_ae_df_val,user_attrs_median_ae_mean_val,user_attrs_median_ae_samperror_val,user_attrs_median_ae_std_val,user_attrs_median_ae_t_critical_val,user_attrs_n_splits_val,user_attrs_r2_below_zero_val,user_attrs_r2_ci_lower_val,user_attrs_r2_ci_upper_val,user_attrs_r2_df_val,user_attrs_r2_mean_val,user_attrs_r2_samperror_val,user_attrs_r2_std_val,user_attrs_r2_t_critical_val,user_attrs_regressor_final,user_attrs_rfe_clf,user_attrs_rfe_n_features,user_attrs_rfe_selected_features,user_attrs_rho_ci_lower_val,user_attrs_rho_ci_upper_val,user_attrs_rho_df_val,user_attrs_rho_mean_val,user_attrs_rho_samperror_val,user_attrs_rho_std_val,user_attrs_rho_t_critical_val,user_attrs_rmse_ci_lower_val,user_attrs_rmse_ci_upper_val,user_attrs_rmse_df_val,user_attrs_rmse_mean_val,user_attrs_rmse_samperror_val,user_attrs_rmse_std_val,user_attrs_rmse_t_critical_val,user_attrs_termination_reason,user_attrs_use_scaler_final,state
92,1.73965132420208,2026-06-20 18:39:02.978833,2026-06-20 18:39:09.722049,0 days 00:00:06.743216,,,,,,,,,,,,,SVR,,,,7,,,,0.006162920921130399,LinearSVC,,,,0.001781002021838096,,0.0035113552847672804,auto,rbf,,-8.66021778654074e-05,-3.876051399770764e-05,398.0,-6.268134593155752e-05,2.3920831933849882e-05,0.00024304794592411747,1.9659423239762661,1.728004202688438,1.751298445715722,398.0,1.73965132420208,0.011647121513641952,0.11834074030734083,1.9659423239762661,0.2684358179929838,0.2776849103998,398.0,0.2730603641963919,0.0046245462034081,0.04698776608931332,1.9659423239762661,5.835637040362811,5.978139066447105,398.0,5.906888053404958,0.0712510130421475,0.723946910073848,1.9659423239762661,1.0708414545998999,1.127965117636499,398.0,1.0994032861181995,0.028561831518299594,0.2902028868205917,1.9659423239762661,399.0,0.8621553884711779,-0.008122331018446722,-0.006369129016595251,398.0,-0.007245730017520986,0.0008766010009257356,0.008906716675206188,1.9659423239762661,SVR,"{'mode': 'proxy', 'type': 'LinearSVC', 'C': 0.006162920921130399, 'epsilon': 0.0035113552847672804}",7,"['edges_T6W30', 're_T6W30', 'pe_T6W30', 'l1_T6W30', 'l3_T6W30', 'lsc_T6W30', 'atd_T6W30']",0.13412895088446922,0.1563040459273455,398.0,0.14521649840590736,0.011087547521438137,0.11265518096835982,1.9659423239762661,2.243726267704226,2.2776931727892875,398.0,2.2607097202467568,0.016983452542530867,0.17256060602644432,1.9659423239762661,completed,True,COMPLETE
93,1.739686194030118,2026-06-20 18:39:09.740526,2026-06-20 18:39:16.404686,0 days 00:00:06.664160,,,,,,,,,,,,,SVR,,,,8,,,,0.006328261996966247,LinearSVC,,,,0.0019224293332013897,,0.005135285167196944,auto,rbf,,-0.0001107614707122144,-5.529839453893544e-05,398.0,-8.302993262557492e-05,2.7731538086639474e-05,0.00028176667884766946,1.9659423239762661,1.7280395374789381,1.751332850581298,398.0,1.739686194030118,0.011646656551179975,0.11833601604977204,1.9659423239762661,0.2684658884839026,0.2777161098630002,398.0,0.2730909991734514,0.004625110689548789,0.04699350155860537,1.9659423239762661,5.835469451199034,5.9777828752699405,398.0,5.906626163234487,0.07115671203545278,0.7229887633823321,1.9659423239762661,1.0719768725767627,1.12891974029725,398.0,1.1004483064370063,0.028471433860243738,0.289284400157269,1.9659423239762661,399.0,0.8395989974937343,-0.007986456546040032,-0.006242033536451425,398.0,-0.007114245041245728,0.0008722115047943032,0.008862117138645889,1.9659423239762661,SVR,"{'mode': 'proxy', 'type': 'LinearSVC', 'C': 0.006328261996966247, 'epsilon': 0.005135285167196944}",8,"['edges_T6W30', 're_T6W30', 'pe_T6W30', 'l1_T6W30', 'l3_T6W30', 'lsc_T6W30', 'atd_T6W30', 'diameter_T6W30']",0.13616674089198696,0.15840296542452384,398.0,0.1472848531582554,0.011118112266268432,0.11296573448377438,1.9659423239762661,2.2435797090321774,2.277549284849526,398.0,2.2605644969408516,0.01698478790867414,0.17257417403273592,1.9659423239762661,completed,True,COMPLETE
94,1.7396842943905453,2026-06-20 18:39:16.435065,2026-06-20 18:39:23.070787,0 days 00:00:06.635722,,,,,,,,,,,,,SVR,,,,8,,,,0.005237212255136692,LinearSVC,,,,0.0020312882294378407,,0.005013428275385039,auto,rbf,,-0.00011109812413506414,-5.3042488020683995e-05,398.0,-8.207030607787407e-05,2.9027818057190075e-05,0.00029493754953712343,1.9659423239762661,1.7280379780444677,1.7513306107366229,398.0,1.7396842943905453,0.01164631634607768,0.11833255939109336,1.9659423239762661,0.268461131546977,0.2777110416983553,398.0,0.27308608662266615,0.004624955075689159,0.04699192044181793,1.9659423239762661,5.835420145884986,5.977735890871046,398.0,5.906578018378016,0.07115787249303004,0.7230005542277034,1.9659423239762661,1.0720593749170435,1.1289855433398013,398.0,1.1005224591284224,0.02846308421137886,0.28919956343372155,1.9659423239762661,399.0,0.8421052631578947,-0.007971551447851048,-0.006226377172049089,398.0,-0.007098964309950068,0.000872587137900979,0.008865933764056373,1.9659423239762661,SVR,"{'mode': 'proxy', 'type': 'LinearSVC', 'C': 0.005237212255136692, 'epsilon': 0.005013428275385039}",8,"['edges_T6W30', 're_T6W30', 'pe_T6W30', 'l1_T6W30', 'l3_T6W30', 'lsc_T6W30', 'atd_T6W30', 'diameter_T6W30']",0.1357356882327327,0.15798019301280214,398.0,0.1468579406227674,0.011122252390034724,0.11300780026894655,1.9659423239762661,2.243562712759814,2.277531403366497,398.0,2.2605470580631555,0.016984345303341402,0.17256967693509007,1.9659423239762661,completed,True,COMPLETE
95,1.8592466430781478,2026-06-20 18:39:23.088904,2026-06-20 18:39:41.204761,0 days 00:00:18.115857,,,,,,11.0,5.0,50.0,,,,,ExtraTreesRegressor,,,,8,,,,,,,,,,,,,,False,-0.07536480537337692,-0.06324594839677933,398.0,-0.06930537688507812,0.006059428488298794,0.06156690752344067,1.9659423239762661,1.8439551714227103,1.8745381147335853,398.0,1.8592466430781478,0.015291471655437578,0.1553692106649409,1.9659423239762661,0.283785214283147,0.29372154290262703,398.0,0.288753378592887,0.004968164309740017,0.050479102643044386,1.9659423239762661,6.063077840230192,6.182865050772182,398.0,6.122971445501187,0.059893605270995284,0.6085498102808857,1.9659423239762661,1.489339831398885,1.5270339480346666,398.0,1.5081868897167758,0.018847058317890755,0.19149579845478912,1.9659423239762661,399.0,0.8421052631578947,-0.13035359750013728,-0.10697893274397782,398.0,-0.11866626512205755,0.011687332378079725,0.11874930335533432,1.9659423239762661,ExtraTreesRegressor,"{'mode': 'original', 'type': 'ExtraTreesRegressor'}",8,"['nodes_T6W30', 're_T6W30', 'pe_T6W30', 'l2_T6W30', 'lsc_T6W30', 'atd_T6W30', 'density_T6W30', 'asp_T6W30']",0.04259623571517815,0.06854060614175565,398.0,0.0555684209284669,0.012972185213288748,0.13180406847704523,1.9659423239762661,2.3577619744672043,2.397284198607714,398.0,2.377523086537459,0.019761112070254976,0.20078305433245716,1.9659423239762661,completed,False,COMPLETE
96,1.7398625146954758,2026-06-20 18:39:41.222579,2026-06-20 18:39:48.029172,0 days 00:00:06.806593,,,,,,,,,,,,,SVR,,,,9,,,,0.005421908884514375,LinearSVC,,,,0.001696222959878978,,0.009065223019900839,auto,rbf,,-0.0002116408038415756,-0.00015716316730672887,398.0,-0.00018440198557415224,2.723881826742338e-05,0.0002767603922641701,1.9659423239762661,1.728214634693522,1.7515103946974295,398.0,1.7398625146954758,0.011647880001953608,0.1183484469383922,1.9659423239762661,0.2686057612489597,0.27786049140173336,398.0,0.2732331263253465,0.004627365076386832,0.047016407287462134,1.9659423239762661,5.836259220210339,5.978224642915109,398.0,5.907241931562724,0.07098271135238524,0.7212208270193365,1.9659423239762661,1.0746534827928318,1.1312288694466457,398.0,1.1029411761197387,0.02828769332690695,0.2874175019100005,1.9659423239762661,399.0,0.8370927318295739,-0.007756112485327033,-0.006045433903712883,398.0,-0.006900773194519958,0.000855339290807075,0.008690686773509421,1.9659423239762661,SVR,"{'mode': 'proxy', 'type': 'LinearSVC', 'C': 0.005421908884514375, 'epsilon': 0.009065223019900839}",9,"['nodes_T6W30', 'edges_T6W30', 're_T6W30', 'pe_T6W30', 'l1_T6W30', 'l3_T6W30', 'lsc_T6W30', 'atd_T6W30', 'diameter_T6W30']",0.1394103227930671,0.16186998216038523,398.0,0.15064015247672616,0.011229829683659084,0.1141008408586627,1.9659423239762661,2.2433409634293455,2.277330650314491,398.0,2.260335806871918,0.01699484344257247,0.17267634342491753,1.9659423239762661,completed,True,COMPLETE
97,1.7397165780568558,2026-06-20 18:39:48.047234,2026-06-20 18:39:54.709833,0 days 00:00:06.662599,,,,,,,,,,,,,SVR,,,,6,,,,0.010717009068678568,LinearSVC,,,,0.0018558910926640628,,0.003452417916375911,auto,rbf,,-0.00012442646979660002,-7.662608415741764e-05,398.0,-0.00010052627697700884,2.3900192819591197e-05,0.0002428382419163247,1.9659423239762661,1.7280699360055147,1.7513632201081968,398.0,1.7397165780568558,0.011646642051340942,0.11833586872395566,1.9659423239762661,0.2684415551191425,0.2776903437464148,398.0,0.2730659494327787,0.004624394313636172,0.04698622281117082,1.9659423239762661,5.835761914413271,5.9783029191801385,398.0,5.907032416796705,0.07127050238343392,0.7241449317973475,1.9659423239762661,1.070690977302668,1.1278789204116593,398.0,1.0992849488571637,0.02859397155449552,0.2905294461058603,1.9659423239762661,399.0,0.8546365914786967,-0.008137962247797398,-0.0063817784101464076,398.0,-0.0072598703289719025,0.0008780919188254954,0.008921865167285402,1.9659423239762661,SVR,"{'mode': 'proxy', 'type': 'LinearSVC', 'C': 0.010717009068678568, 'epsilon': 0.003452417916375911}",6,"['edges_T6W30', 're_T6W30', 'pe_T6W30', 'l3_T6W30', 'lsc_T6W30', 'atd_T6W30']",0.12721014921197604,0.1505476850148067,398.0,0.13887891711339137,0.011668767901415335,0.11856067873170444,1.9659423239762661,2.2437420369367973,2.277708062865232,398.0,2.2607250499010147,0.01698301296421734,0.17255613968486927,1.9659423239762661,completed,True,COMPLETE
98,1.79652117686778,2026-06-20 18:39:54.806075,2026-06-20 18:40:01.213822,0 days 00:00:06.407747,,,,,,,,,,,,,Ridge,,,,8,,,,,,0.5165307724264211,svd,,,,,,,True,-0.03742047124036519,-0.02904387872382693,398.0,-0.03323217498209606,0.004188296258269128,0.04255524244762945,1.9659423239762661,1.7836107480981593,1.8094316056374007,398.0,1.79652117686778,0.012910428769620568,0.13117659127129264,1.9659423239762661,0.27806689319117417,0.2877459833859799,398.0,0.28290643828857703,0.004839545097402885,0.04917226534527124,1.9659423239762661,5.814545617345992,5.95550801301412,398.0,5.885026815180056,0.07048119783406366,0.7161251919336373,1.9659423239762661,1.4573232187349425,1.4836812520043037,398.0,1.470502235369623,0.013179016634680529,0.13390558201390101,1.9659423239762661,399.0,0.5989974937343359,-0.03594718991377965,-0.021712851462003285,398.0,-0.028830020687891467,0.007117169225888182,0.07231409701510591,1.9659423239762661,Ridge,"{'mode': 'original', 'type': 'Ridge'}",8,"['edges_T6W30', 're_T6W30', 'pe_T6W30', 'l2_T6W30', 'lsc_T6W30', 'atd_T6W30', 'density_T6W30', 'asp_T6W30']",0.06666291928466049,0.09218154671036417,398.0,0.07942223299751233,0.012759313712851845,0.1296411846329528,1.9659423239762661,2.264956080194151,2.2999220253019135,398.0,2.2824390527480323,0.01748297255388102,0.17763598605680378,1.9659423239762661,completed,True,COMPLETE
99,1.7412386314253592,2026-06-20 18:40:01.231526,2026-06-20 18:40:07.839247,0 days 00:00:06.607721,,,,,,,,,,,,,SVR,,,,7,,,,,,,,,0.001025226861606141,,0.0066206887179419685,auto,linear,,-0.0011752726846892202,-0.000802412601746721,398.0,-0.0009888426432179706,0.00018643004147124957,0.001894225032115875,1.9659423239762661,1.7296130167757642,1.7528642460749542,398.0,1.7412386314253592,0.011625614649595082,0.1181222195157431,1.9659423239762661,0.2687988309501145,0.27805605333555083,398.0,0.27342744214283266,0.004628611192718158,0.047029068469796785,1.9659423239762661,5.837761581544072,5.9794187749461845,398.0,5.908590178245128,0.07082859670105644,0.7196549429587044,1.9659423239762661,1.0905302580895369,1.145733299041827,398.0,1.118131778565682,0.027601520476145083,0.28044563310594894,1.9659423239762661,399.0,0.7744360902255639,-0.006839211512804693,-0.005136415641695951,398.0,-0.005987813577250322,0.000851397935554371,0.008650640578587105,1.9659423239762661,SVR,"{'mode': 'original', 'type': 'SVR'}",7,"['nodes_T6W30', 'edges_T6W30', 're_T6W30', 'pe_T6W30', 'l3_T6W30', 'lsc_T6W30', 'atd_T6W30']",0.1084361969387992,0.13197758724806655,398.0,0.12020689209343288,0.011770695154633677,0.11959631200720726,1.9659423239762661,2.2423199972867063,2.2763162024571035,398.0,2.259318099871905,0.01699810258519855,0.17270945798894827,1.9659423239762661,completed,True,COMPLETE
100,-0.00038124905877433187,2026-06-20 18:40:07.857655,2026-06-20 18:40:08.157046,0 days 00:00:00.299391,,,,,,,,,,,,,SVR,,,,6,,,,0.002951110634512411,LinearSVC,,,,0.0063604961663644025,,0.003324912506381609,auto,rbf,,,,,,,,,,,,,,,,,,,,,,,,,,,,,,,,,,,,,,,,,,,,,,SVR,"{'mode': 'proxy', 'type': 'LinearSVC', 'C': 0.002951110634512411, 'epsilon': 0.003324912506381609}",6,"['edges_T6W30', 're_T6W30', 'pe_T6W30', 'l3_T6W30', 'lsc_T6W30', 'atd_T6W30']",,,,,,,,,,,,,,,pruned,True,PRUNED
101,-0.00010677046673631303,2026-06-20 18:40:08.169138,2026-06-20 18:40:08.443880,0 days 00:00:00.274742,,,,,,,,,,,,,SVR,,,,9,,,,0.005462825559203424,LinearSVC,,,,0.001991026508574807,,0.005416465067872841,auto,rbf,,,,,,,,,,,,,,,,,,,,,,,,,,,,,,,,,,,,,,,,,,,,,,SVR,"{'mode': 'proxy', 'type': 'LinearSVC', 'C': 0.005462825559203424, 'epsilon': 0.005416465067872841}",9,"['nodes_T6W30', 'edges_T6W30', 're_T6W30', 'pe_T6W30', 'l1_T6W30', 'l3_T6W30', 'lsc_T6W30', 'atd_T6W30', 'diameter_T6W30']",,,,,,,,,,,,,,,pruned,True,PRUNED
102,-0.0003633570104026133,2026-06-20 18:40:08.454718,2026-06-20 18:40:08.727280,0 days 00:00:00.272562,,,,,,,,,,,,,SVR,,,,8,,,,0.009260772540602312,LinearSVC,,,,0.0018601259925490016,,0.012102839520750083,auto,rbf,,,,,,,,,,,,,,,,,,,,,,,,,,,,,,,,,,,,,,,,,,,,,,SVR,"{'mode': 'proxy', 'type': 'LinearSVC', 'C': 0.009260772540602312, 'epsilon': 0.012102839520750083}",8,"['edges_T6W30', 're_T6W30', 'pe_T6W30', 'l1_T6W30', 'l3_T6W30', 'lsc_T6W30', 'atd_T6W30', 'diameter_T6W30']",,,,,,,,,,,,,,,pruned,True,PRUNED
103,-0.00011095936344290477,2026-06-20 18:40:08.737097,2026-06-20 18:40:09.070673,0 days 00:00:00.333576,,,,,,,,,,,,,SVR,,,,8,,,,0.003258551554359112,LinearSVC,,,,0.00187956658659678,,0.0050411731697331515,auto,rbf,,,,,,,,,,,,,,,,,,,,,,,,,,,,,,,,,,,,,,,,,,,,,,SVR,"{'mode': 'proxy', 'type': 'LinearSVC', 'C': 0.003258551554359112, 'epsilon': 0.0050411731697331515}",8,"['edges_T6W30', 're_T6W30', 'pe_T6W30', 'l1_T6W30', 'l3_T6W30', 'lsc_T6W30', 'atd_T6W30', 'diameter_T6W30']",,,,,,,,,,,,,,,pruned,True,PRUNED
104,-7.994084485394293e-05,2026-06-20 18:40:09.080879,2026-06-20 18:40:09.437763,0 days 00:00:00.356884,,,,,,,,,,,,,SVR,,,,7,,,,0.020707573384655772,LinearSVC,,,,0.0010535008827727314,,0.0030075800369050157,auto,rbf,,,,,,,,,,,,,,,,,,,,,,,,,,,,,,,,,,,,,,,,,,,,,,SVR,"{'mode': 'proxy', 'type': 'LinearSVC', 'C': 0.020707573384655772, 'epsilon': 0.0030075800369050157}",7,"['edges_T6W30', 're_T6W30', 'pe_T6W30', 'l1_T6W30', 'l3_T6W30', 'lsc_T6W30', 'atd_T6W30']",,,,,,,,,,,,,,,pruned,True,PRUNED
105,1.8742807656204679,2026-06-20 18:40:09.447764,2026-06-20 18:42:48.295837,0 days 00:02:38.848073,257.0,,,,,,,,,,,,BaggingRegressor,,,,9,,,,0.09022129183351059,LinearSVC,,,,,,0.00506296408726269,,,False,-0.08415228776259605,-0.07218330784755252,398.0,-0.07816779780507428,0.0059844899575217615,0.0608054935380786,1.9659423239762661,1.859470265292763,1.8890912659481727,398.0,1.8742807656204679,0.0148105003277048,0.15048229479273723,1.9659423239762661,0.28617953446005895,0.296111434972431,398.0,0.29114548471624496,0.0049659502561860075,0.05045660672108163,1.9659423239762661,5.9803485576278375,6.117990675669414,398.0,6.0491696166486255,0.0688210590207878,0.6992573284065072,1.9659423239762661,1.4841416307847823,1.5239427825832688,398.0,1.5040422066840256,0.01990057589924314,0.20220007850870744,1.9659423239762661,399.0,0.8922305764411027,-0.13095681837353204,-0.10966557867600064,398.0,-0.12031119852476634,0.010645619848765695,0.10816496869701864,1.9659423239762661,BaggingRegressor,"{'mode': 'proxy', 'type': 'LinearSVC', 'C': 0.09022129183351059, 'epsilon': 0.00506296408726269}",9,"['nodes_T6W30', 'edges_T6W30', 're_T6W30', 'pe_T6W30', 'l2_T6W30', 'l3_T6W30', 'lcc_T6W30', 'lsc_T6W30', 'diameter_T6W30']",0.04426120850561642,0.06838062306130341,398.0,0.056320915783459914,0.012059707277843496,0.12253282370912319,1.9659423239762661,2.3608491345523954,2.3980139291052507,398.0,2.379431531828823,0.018582397276427656,0.18880670625801152,1.9659423239762661,completed,False,COMPLETE
106,-9.774948859153643e-05,2026-06-20 18:42:48.314734,2026-06-20 18:42:48.623168,0 days 00:00:00.308434,,,,,,,,,,,,,SVR,,,,7,,,,0.04041564153888054,LinearSVC,,,,0.001584886059207916,,0.0027928937414039103,auto,rbf,,,,,,,,,,,,,,,,,,,,,,,,,,,,,,,,,,,,,,,,,,,,,,SVR,"{'mode': 'proxy', 'type': 'LinearSVC', 'C': 0.04041564153888054, 'epsilon': 0.0027928937414039103}",7,"['edges_T6W30', 're_T6W30', 'pe_T6W30', 'l3_T6W30', 'lsc_T6W30', 'density_T6W30', 'diameter_T6W30']",,,,,,,,,,,,,,,pruned,True,PRUNED
107,2.041084047654149,2026-06-20 18:42:48.633665,2026-06-20 18:43:30.779002,0 days 00:00:42.145337,,,,,,,,,,,,,StackingRegressor,,,,8,,,,0.00353715897214791,LinearSVC,,,ExtraTreesRegressor,,,0.024648066821755344,,,False,-0.18414322989917886,-0.16567788194150584,398.0,-0.17491055592034235,0.009232673978836497,0.09380871251253789,1.9659423239762661,2.022885672941491,2.0592824223668074,398.0,2.041084047654149,0.018198374712658186,0.18490483965191723,1.9659423239762661,0.3098970823024985,0.32014882109322756,398.0,0.31502295169786304,0.005125869395364497,0.052081467361328994,1.9659423239762661,6.694819579421857,6.9056123336942665,398.0,6.800215956558062,0.10539637713620481,1.0708813573723994,1.9659423239762661,1.6483206812251683,1.6978748074966363,398.0,1.6730977443609023,0.024777063135734065,0.2517476949725443,1.9659423239762661,399.0,0.9799498746867168,-0.35054585372444363,-0.3120564346951134,398.0,-0.3313011442097785,0.019244709514665136,0.19553613897628727,1.9659423239762661,StackingRegressor,"{'mode': 'proxy', 'type': 'LinearSVC', 'C': 0.00353715897214791, 'epsilon': 0.024648066821755344}",8,"['nodes_T6W30', 'edges_T6W30', 're_T6W30', 'pe_T6W30', 'l3_T6W30', 'lcc_T6W30', 'lsc_T6W30', 'diameter_T6W30']",-0.008892428486826816,0.018472982215527557,398.0,0.004790276864350371,0.013682705351177186,0.13902331823094424,1.9659423239762661,2.5658475213210608,2.6090932712495807,398.0,2.5874703962853207,0.02162287496426017,0.21969952213913832,1.9659423239762661,completed,False,COMPLETE
108,-0.0002020646856797814,2026-06-20 18:43:30.797878,2026-06-20 18:43:31.062710,0 days 00:00:00.264832,,,,,,,,,,,,,SVR,,,,5,,,,0.007036281306607423,LinearSVC,,,,0.0029873284929670973,,0.0016876448786998363,auto,rbf,,,,,,,,,,,,,,,,,,,,,,,,,,,,,,,,,,,,,,,,,,,,,,SVR,"{'mode': 'proxy', 'type': 'LinearSVC', 'C': 0.007036281306607423, 'epsilon': 0.0016876448786998363}",5,"['edges_T6W30', 're_T6W30', 'pe_T6W30', 'l3_T6W30', 'lsc_T6W30']",,,,,,,,,,,,,,,pruned,True,PRUNED
109,1.792339660529629,2026-06-20 18:43:31.072962,2026-06-20 18:43:37.405842,0 days 00:00:06.332880,,,,,,,,,,,,,LinearRegression,,,,5,,,,,,,,,,,,,,True,-0.034401931421556065,-0.027131326864582916,398.0,-0.03076662914306949,0.003635302278486573,0.036936539416471056,1.9659423239762661,1.779810109428371,1.8048692116308869,398.0,1.792339660529629,0.012529551101257922,0.1273066784187671,1.9659423239762661,0.2780648228985771,0.28776567398832825,398.0,0.28291524844345267,0.004850425544875589,0.0492828162833109,1.9659423239762661,5.839428224516248,5.966929786260697,398.0,5.9031790053884725,0.063750780872224,0.6477406966823179,1.9659423239762661,1.4184314425460125,1.4450262868314867,398.0,1.4317288646887496,0.013297422142737,0.13510864282712062,1.9659423239762661,399.0,0.5764411027568922,-0.0320117737135963,-0.018788657571344708,398.0,-0.025400215642470504,0.006611558071125798,0.06717682783729681,1.9659423239762661,LinearRegression,"{'mode': 'original', 'type': 'LinearRegression'}",5,"['l2_T6W30', 'atd_T6W30', 'density_T6W30', 'diameter_T6W30', 'asp_T6W30']",0.07638666624662455,0.10164409465516791,398.0,0.08901538045089623,0.012628714204271677,0.12831422650762975,1.9659423239762661,2.261535563229533,2.296433456577653,398.0,2.278984509903593,0.017448946674059898,0.17729026563112402,1.9659423239762661,completed,True,COMPLETE
