number,value,datetime_start,datetime_complete,duration,params_dt_max_depth,params_dt_min_samples_leaf,params_dt_min_samples_split,params_elastic_alpha,params_elastic_l1_ratio,params_et_max_depth,params_et_max_features,params_et_min_samples_leaf,params_et_min_samples_split,params_et_n_estimators,params_knn_metric,params_knn_n_neighbors,params_knn_weights,params_quantile_alpha,params_regressor,params_rf_max_depth,params_rf_max_features,params_rf_min_samples_leaf,params_rf_min_samples_split,params_rf_n_estimators,params_rfe_n_features,params_rfe_proxy_et_max_depth,params_rfe_proxy_et_min_samples_leaf,params_rfe_proxy_et_min_samples_split,params_rfe_proxy_et_n_estimators,params_rfe_proxy_lsvr_C,params_rfe_proxy_lsvr_epsilon,params_rfe_proxy_type,params_use_scaler,user_attrs_d2mae_ci_lower_val,user_attrs_d2mae_ci_upper_val,user_attrs_d2mae_df_val,user_attrs_d2mae_mean_val,user_attrs_d2mae_samperror_val,user_attrs_d2mae_std_val,user_attrs_d2mae_t_critical_val,user_attrs_mae_ci_lower_val,user_attrs_mae_ci_upper_val,user_attrs_mae_df_val,user_attrs_mae_mean_val,user_attrs_mae_samperror_val,user_attrs_mae_std_val,user_attrs_mae_t_critical_val,user_attrs_mape_ci_lower_val,user_attrs_mape_ci_upper_val,user_attrs_mape_df_val,user_attrs_mape_mean_val,user_attrs_mape_samperror_val,user_attrs_mape_std_val,user_attrs_mape_t_critical_val,user_attrs_max_error_ci_lower_val,user_attrs_max_error_ci_upper_val,user_attrs_max_error_df_val,user_attrs_max_error_mean_val,user_attrs_max_error_samperror_val,user_attrs_max_error_std_val,user_attrs_max_error_t_critical_val,user_attrs_median_ae_ci_lower_val,user_attrs_median_ae_ci_upper_val,user_attrs_median_ae_df_val,user_attrs_median_ae_mean_val,user_attrs_median_ae_samperror_val,user_attrs_median_ae_std_val,user_attrs_median_ae_t_critical_val,user_attrs_n_splits_val,user_attrs_r2_below_zero_val,user_attrs_r2_ci_lower_val,user_attrs_r2_ci_upper_val,user_attrs_r2_df_val,user_attrs_r2_mean_val,user_attrs_r2_samperror_val,user_attrs_r2_std_val,user_attrs_r2_t_critical_val,user_attrs_regressor_final,user_attrs_rfe_estimator,user_attrs_rfe_n_features,user_attrs_rfe_selected_features,user_attrs_rho_ci_lower_val,user_attrs_rho_ci_upper_val,user_attrs_rho_df_val,user_attrs_rho_mean_val,user_attrs_rho_samperror_val,user_attrs_rho_std_val,user_attrs_rho_t_critical_val,user_attrs_rmse_ci_lower_val,user_attrs_rmse_ci_upper_val,user_attrs_rmse_df_val,user_attrs_rmse_mean_val,user_attrs_rmse_samperror_val,user_attrs_rmse_std_val,user_attrs_rmse_t_critical_val,user_attrs_termination_reason,user_attrs_use_scaler_final,state
26,2.8908247185321327,2026-06-11 11:24:42.325039,2026-06-11 11:25:28.792689,0 days 00:00:46.467650,,,,,,,,,,,,,,,RandomForestRegressor,19.0,log2,1.0,2.0,491.0,10,,,,,,,,False,-0.04471085342914307,-0.02463021234212886,98.0,-0.034670532885635964,0.010040320543507106,0.05034092538336655,1.9844674545084815,2.8589732261691574,2.922676210895108,98.0,2.8908247185321327,0.031851492362975485,0.1596994432045628,1.9844674545084815,930904457140175.4,1171410887601711.5,98.0,1051157672370943.5,120253215230768.1,602934747831014.8,1.9844674545084815,8.489581935459636,9.052329728859917,98.0,8.770955832159776,0.28137389670014046,1.4107739167519768,1.9844674545084815,2.4894839612566737,2.592464357149956,98.0,2.540974159203315,0.051490197946640975,0.25816548401762607,1.9844674545084815,99.0,0.7575757575757576,-0.08638886455451089,-0.04886622394954563,98.0,-0.06762754425202826,0.018761320302482627,0.09406693953127666,1.9844674545084815,RandomForestRegressor,"{'mode': 'original', 'type': 'RandomForestRegressor'}",10,"['nodes_T2W20', 're_T2W20', 'pe_T2W20', 'l3_T2W20', 'lsc_T2W20', 'diameter_T2W20', 'asp_T2W20', 'z_re_T2W20', 'z_pe_T2W20', 'z_l2_T2W20']",0.062389282344454275,0.112298377348119,98.0,0.08734382984628664,0.024954547501832357,0.1251190147089281,1.9844674545084815,3.5053347541584645,3.589303695589249,98.0,3.5473192248738568,0.04198447071539242,0.21050494338156303,1.9844674545084815,completed,False,COMPLETE
27,2.8193646376476993,2026-06-11 11:25:28.805592,2026-06-11 11:25:30.738514,0 days 00:00:01.932922,,,,,,,,,,,minkowski,20.0,distance,,KNeighborsRegressor,,,,,,12,,,,,7.4910104974988885,0.6592318760277409,LinearSVR,,-0.015431032195178284,-0.0024979914200801666,98.0,-0.008964511807629225,0.006466520387549059,0.0324223334214305,1.9844674545084815,2.794221173391388,2.8445081019040104,98.0,2.8193646376476993,0.025143464256311043,0.12606621995000275,1.9844674545084815,857350844988643.2,1078306970485462.5,98.0,967828907737052.9,110478062748409.56,553923342309338.75,1.9844674545084815,8.327841136385029,8.799913953228732,98.0,8.56387754480688,0.23603640842185186,1.1834573580229306,1.9844674545084815,2.557315683930025,2.64143415230884,98.0,2.5993749181194326,0.042059234189407574,0.21087979819326844,1.9844674545084815,99.0,0.5656565656565656,-0.02207099063377825,5.032656841200481e-05,98.0,-0.011010332032683123,0.011060658601095128,0.05545677420515187,1.9844674545084815,KNeighborsRegressor,"{'mode': 'proxy', 'type': 'LinearSVR'}",12,"['pe_T2W20', 'l2_T2W20', 'l3_T2W20', 'lsc_T2W20', 'atd_T2W20', 'z_re_T2W20', 'z_pe_T2W20', 'z_l2_T2W20', 'z_l3_T2W20', 'z_density_T2W20', 'z_diameter_T2W20', 'z_asp_T2W20']",0.07639872495798296,0.12127532782942614,98.0,0.09883702639370455,0.022438301435721595,0.11250286815151697,1.9844674545084815,3.4211602006797808,3.4863900166943766,98.0,3.4537751086870787,0.03261490800729777,0.16352711482329169,1.9844674545084815,completed,True,COMPLETE
28,3.337295157260435,2026-06-11 11:25:30.751200,2026-06-11 11:25:32.563677,0 days 00:00:01.812477,20.0,5.0,4.0,,,,,,,,,,,,DecisionTreeRegressor,,,,,,2,,,,,,,,False,-0.21559730839822006,-0.17339885363856877,98.0,-0.19449808101839441,0.021099227379825638,0.10578891645659291,1.9844674545084815,3.2762458883037,3.3983444262171703,98.0,3.337295157260435,0.06104926895673525,0.3060934837630774,1.9844674545084815,1040045919115430.2,1339485707594314.8,98.0,1189765813354872.5,149719894239442.3,750677031839124.1,1.9844674545084815,9.669318363869928,10.24156828035005,98.0,9.95544332210999,0.28612495824006073,1.4345951516853155,1.9844674545084815,2.7817000821659534,2.96096466049879,98.0,2.8713323713323717,0.08963228916641823,0.4494052118470395,1.9844674545084815,99.0,1.0,-0.5017379106130879,-0.41705526517585445,98.0,-0.4593965878944712,0.042341322718616764,0.21229415518903255,1.9844674545084815,DecisionTreeRegressor,"{'mode': 'original', 'type': 'DecisionTreeRegressor'}",2,"['diameter_T2W20', 'z_re_T2W20']",-0.022673944324304262,0.032290796783671305,98.0,0.004808426229683522,0.027482370553987785,0.13779320684248528,1.9844674545084815,4.07361413654847,4.206441791787028,98.0,4.140027964167749,0.06641382761927878,0.3329907173897903,1.9844674545084815,completed,False,COMPLETE
29,3.0860507432856266,2026-06-11 11:25:32.576364,2026-06-11 11:25:36.764526,0 days 00:00:04.188162,,,,0.00016377964907056237,0.8770241030575711,,,,,,,,,,ElasticNet,,,,,,20,,,,,,,,True,-0.12336831446903096,-0.08608464981612327,98.0,-0.10472648214257711,0.018641832326453854,0.093467841598157,1.9844674545084815,3.0329144846332485,3.1391870019380046,98.0,3.0860507432856266,0.0531362586523782,0.2664186288056773,1.9844674545084815,993109065340010.8,1256188744689144.5,98.0,1124648905014577.6,131539839674566.84,659524486823240.9,1.9844674545084815,10.659048908724385,13.435387098994406,98.0,12.047218003859395,1.388169095135011,6.960108149423405,1.9844674545084815,2.556624270917558,2.6680566445079545,98.0,2.6123404577127562,0.05571618679519849,0.2793540694192892,1.9844674545084815,99.0,0.9595959595959596,-0.49974596057529275,-0.2510960229787076,98.0,-0.37542099177700017,0.12432496879829259,0.6233500166099345,1.9844674545084815,ElasticNet,"{'mode': 'original', 'type': 'ElasticNet'}",20,"['nodes_T2W20', 'edges_T2W20', 're_T2W20', 'pe_T2W20', 'l1_T2W20', 'l2_T2W20', 'l3_T2W20', 'lcc_T2W20', 'lsc_T2W20', 'atd_T2W20', 'density_T2W20', 'diameter_T2W20', 'asp_T2W20', 'z_pe_T2W20', 'z_l1_T2W20', 'z_l2_T2W20', 'z_l3_T2W20', 'z_density_T2W20', 'z_diameter_T2W20', 'z_asp_T2W20']",-0.017391532722675088,0.03804331278979971,98.0,0.010325890033562308,0.027717422756237398,0.13897172951249065,1.9844674545084815,3.816805467669038,4.101854990822839,98.0,3.9593302292459387,0.14252476157690072,0.7146015265881823,1.9844674545084815,completed,True,COMPLETE
30,3.0178894685714606,2026-06-11 11:25:36.777268,2026-06-11 11:25:38.500109,0 days 00:00:01.722841,,,,,,,,,,,,,,,LinearRegression,,,,,,16,,,,,,,,False,-0.09577039443148415,-0.06489768981226292,98.0,-0.08033404212187353,0.015436352309610614,0.0773959612586263,1.9844674545084815,2.973409523142279,3.062369414000642,98.0,3.0178894685714606,0.0444799454291814,0.22301694494750587,1.9844674545084815,949650443898557.4,1207207683576703.2,98.0,1078429063737630.2,128778619839072.89,645680072085350.6,1.9844674545084815,10.0761281023854,12.57553477129147,98.0,11.325831436838435,1.2497033344530344,6.265857951291019,1.9844674545084815,2.503581328491608,2.5949866739528464,98.0,2.5492840012222273,0.04570267273061909,0.2291475484057476,1.9844674545084815,99.0,0.9494949494949495,-0.39533168393410845,-0.18971767422423727,98.0,-0.29252467907917284,0.10280700485493557,0.5154616068145903,1.9844674545084815,LinearRegression,"{'mode': 'original', 'type': 'LinearRegression'}",16,"['nodes_T2W20', 're_T2W20', 'pe_T2W20', 'l1_T2W20', 'l2_T2W20', 'l3_T2W20', 'atd_T2W20', 'density_T2W20', 'diameter_T2W20', 'asp_T2W20', 'z_pe_T2W20', 'z_l1_T2W20', 'z_l2_T2W20', 'z_l3_T2W20', 'z_diameter_T2W20', 'z_asp_T2W20']",0.018894742970827716,0.06859424482592208,98.0,0.0437444938983749,0.02484975092754718,0.12459357764706716,1.9844674545084815,3.7262547682078813,3.9758868972384906,98.0,3.851070832723186,0.12481606451530469,0.6258123097946062,1.9844674545084815,completed,False,COMPLETE
31,2.7956649831649836,2026-06-11 11:25:38.512244,2026-06-11 11:25:40.632027,0 days 00:00:02.119783,,,,,,,,,,,,,,8.632405665578633,QuantileRegressor,,,,,,11,,,,,,,,False,-0.0009466070487002694,5.9487806499319634e-05,98.0,-0.00044355962110047487,0.0005030474275997945,0.0025222175833292722,1.9844674545084815,2.777693032469059,2.813636933860908,98.0,2.7956649831649836,0.017971950695924464,0.09010913795597343,1.9844674545084815,824394433015304.0,1033150867836164.5,98.0,928772650425734.2,104378217410430.31,523339472234805.4,1.9844674545084815,8.561579990668083,8.89296546387737,98.0,8.727272727272727,0.16569273660464476,0.8307628878815312,1.9844674545084815,2.421970472839772,2.578029527160228,98.0,2.5,0.07802952716022794,0.3912303982179758,1.9844674545084815,99.0,1.0,-0.03129339557959086,-0.027338781343306924,98.0,-0.029316088461448894,0.001977307118141968,0.009913973330139818,1.9844674545084815,QuantileRegressor,"{'mode': 'original', 'type': 'QuantileRegressor'}",11,"['diameter_T2W20', 'asp_T2W20', 'z_re_T2W20', 'z_pe_T2W20', 'z_l1_T2W20', 'z_l2_T2W20', 'z_l3_T2W20', 'z_lsc_T2W20', 'z_density_T2W20', 'z_diameter_T2W20', 'z_asp_T2W20']",,,,,,,,3.4585342181766117,3.514098957988369,98.0,3.4863165880824902,0.027782369905878717,0.13929736648790278,1.9844674545084815,completed,False,COMPLETE
32,2.7956649831649836,2026-06-11 11:25:40.674362,2026-06-11 11:25:42.875761,0 days 00:00:02.201399,,,,,,,,,,,,,,2.2931680347694705,QuantileRegressor,,,,,,9,,,,,,,,False,-0.0009466070487002694,5.9487806499319634e-05,98.0,-0.00044355962110047487,0.0005030474275997945,0.0025222175833292722,1.9844674545084815,2.777693032469059,2.813636933860908,98.0,2.7956649831649836,0.017971950695924464,0.09010913795597343,1.9844674545084815,824394433015304.0,1033150867836164.5,98.0,928772650425734.2,104378217410430.31,523339472234805.4,1.9844674545084815,8.561579990668083,8.89296546387737,98.0,8.727272727272727,0.16569273660464476,0.8307628878815312,1.9844674545084815,2.421970472839772,2.578029527160228,98.0,2.5,0.07802952716022794,0.3912303982179758,1.9844674545084815,99.0,1.0,-0.03129339557959086,-0.027338781343306924,98.0,-0.029316088461448894,0.001977307118141968,0.009913973330139818,1.9844674545084815,QuantileRegressor,"{'mode': 'original', 'type': 'QuantileRegressor'}",9,"['z_re_T2W20', 'z_pe_T2W20', 'z_l1_T2W20', 'z_l2_T2W20', 'z_l3_T2W20', 'z_lsc_T2W20', 'z_density_T2W20', 'z_diameter_T2W20', 'z_asp_T2W20']",,,,,,,,3.4585342181766117,3.514098957988369,98.0,3.4863165880824902,0.027782369905878717,0.13929736648790278,1.9844674545084815,completed,False,COMPLETE
33,2.7956649831649836,2026-06-11 11:25:42.888710,2026-06-11 11:25:45.194912,0 days 00:00:02.306202,,,,,,,,,,,,,,3.227908133236349,QuantileRegressor,,,,,,12,,,,,,,,False,-0.0009466070487002694,5.9487806499319634e-05,98.0,-0.00044355962110047487,0.0005030474275997945,0.0025222175833292722,1.9844674545084815,2.777693032469059,2.813636933860908,98.0,2.7956649831649836,0.017971950695924464,0.09010913795597343,1.9844674545084815,824394433015304.0,1033150867836164.5,98.0,928772650425734.2,104378217410430.31,523339472234805.4,1.9844674545084815,8.561579990668083,8.89296546387737,98.0,8.727272727272727,0.16569273660464476,0.8307628878815312,1.9844674545084815,2.421970472839772,2.578029527160228,98.0,2.5,0.07802952716022794,0.3912303982179758,1.9844674545084815,99.0,1.0,-0.03129339557959086,-0.027338781343306924,98.0,-0.029316088461448894,0.001977307118141968,0.009913973330139818,1.9844674545084815,QuantileRegressor,"{'mode': 'original', 'type': 'QuantileRegressor'}",12,"['density_T2W20', 'diameter_T2W20', 'asp_T2W20', 'z_re_T2W20', 'z_pe_T2W20', 'z_l1_T2W20', 'z_l2_T2W20', 'z_l3_T2W20', 'z_lsc_T2W20', 'z_density_T2W20', 'z_diameter_T2W20', 'z_asp_T2W20']",,,,,,,,3.4585342181766117,3.514098957988369,98.0,3.4863165880824902,0.027782369905878717,0.13929736648790278,1.9844674545084815,completed,False,COMPLETE
34,2.826333922755988,2026-06-11 11:25:45.208028,2026-06-11 11:25:47.296083,0 days 00:00:02.088055,,,,0.000123469869878032,0.9566761854597826,,,,,,,,,,ElasticNet,,,,,,5,,,,,,,,False,-0.01916293708470888,-0.003691072118900883,98.0,-0.011427004601804881,0.007735932482903998,0.03878700866223555,1.9844674545084815,2.7981656433266684,2.8545022021853077,98.0,2.826333922755988,0.02816827942931948,0.14123226910780223,1.9844674545084815,884565206000033.2,1119090822893549.0,98.0,1001828014446791.1,117262808446757.81,587941218079902.8,1.9844674545084815,8.149893717699857,8.653706007767493,98.0,8.401799862733675,0.25190614503381803,1.2630262545710895,1.9844674545084815,2.4131276866621953,2.5079650754299325,98.0,2.460546381046064,0.04741869438386846,0.23775146873161132,1.9844674545084815,99.0,0.45454545454545453,-0.014843135811079301,0.01264249079286281,98.0,-0.0011003225091082464,0.013742813301971055,0.06890476613711835,1.9844674545084815,ElasticNet,"{'mode': 'original', 'type': 'ElasticNet'}",5,"['diameter_T2W20', 'asp_T2W20', 'z_pe_T2W20', 'z_diameter_T2W20', 'z_asp_T2W20']",0.1306723330505321,0.17650572333968984,98.0,0.15358902819511097,0.022916695144578857,0.1149014750383289,1.9844674545084815,3.399916412246618,3.4731264758750497,98.0,3.436521444060834,0.036605031814216066,0.18353310207878476,1.9844674545084815,completed,False,COMPLETE
35,2.790156941830699,2026-06-11 11:25:47.309415,2026-06-11 11:26:09.896098,0 days 00:00:22.586683,,,,,,2.0,log2,1.0,2.0,441.0,,,,,ExtraTreesRegressor,,,,,,8,,,,,,,,False,-0.0018712324979901346,0.004747987663983814,98.0,0.0014383775829968396,0.0033096100809869742,0.016593975601978752,1.9844674545084815,2.7713909520544378,2.80892293160696,98.0,2.790156941830699,0.01876598977626106,0.09409035169526496,1.9844674545084815,910962926280377.2,1142592595061573.2,98.0,1026777760670975.2,115814834390598.06,580681255252787.0,1.9844674545084815,7.826363707033999,8.163555070879967,98.0,7.994959388956984,0.16859568192298421,0.845317896661308,1.9844674545084815,2.4686454079827844,2.517473694422925,98.0,2.4930595512028546,0.02441414322007003,0.1224094944792536,1.9844674545084815,99.0,0.0707070707070707,0.026750262399661495,0.03524247570045297,98.0,0.030996369050057232,0.0042461066503957385,0.02128945357184024,1.9844674545084815,ExtraTreesRegressor,"{'mode': 'original', 'type': 'ExtraTreesRegressor'}",8,"['pe_T2W20', 'l2_T2W20', 'lsc_T2W20', 'z_re_T2W20', 'z_pe_T2W20', 'z_l1_T2W20', 'z_l2_T2W20', 'z_l3_T2W20']",0.14382051686155523,0.19380738225889704,98.0,0.16881394956022613,0.024993432698670895,0.1253139802764201,1.9844674545084815,3.355117782600884,3.409591619553368,98.0,3.382354701077126,0.027236918476241836,0.13656254048303407,1.9844674545084815,completed,False,COMPLETE
36,2.798323287721723,2026-06-11 11:26:09.914215,2026-06-11 11:26:35.071951,0 days 00:00:25.157736,,,,,,2.0,log2,1.0,2.0,496.0,,,,,ExtraTreesRegressor,,,,,,7,,,,,,,,False,-0.0047364539710251265,0.001739561007837396,98.0,-0.0014984464815938653,0.0032380074894312614,0.01623496906397606,1.9844674545084815,2.7798615860615197,2.816784989381926,98.0,2.798323287721723,0.018461701660203073,0.09256468871676311,1.9844674545084815,915185779231186.4,1147755275135913.2,98.0,1031470527183549.9,116284747952363.47,583037343730934.4,1.9844674545084815,7.834183920128247,8.168789245501756,98.0,8.001486582815001,0.16730266268675453,0.8388348581359704,1.9844674545084815,2.4794428906960295,2.518646777523812,98.0,2.4990448341099207,0.019601943413891126,0.09828171984068768,1.9844674545084815,99.0,0.050505050505050504,0.02243743760141459,0.030091311153607428,98.0,0.02626437437751101,0.0038269367760964197,0.01918778766649193,1.9844674545084815,ExtraTreesRegressor,"{'mode': 'original', 'type': 'ExtraTreesRegressor'}",7,"['pe_T2W20', 'l2_T2W20', 'lsc_T2W20', 'z_re_T2W20', 'z_pe_T2W20', 'z_l2_T2W20', 'z_l3_T2W20']",0.1347065445340718,0.1834610411269648,98.0,0.1590837928305183,0.02437724829644649,0.1222245078954977,1.9844674545084815,3.36362999812273,3.4176105531212553,98.0,3.3906202756219925,0.026990277499262687,0.1353259131298748,1.9844674545084815,completed,False,COMPLETE
37,2.925158039800429,2026-06-11 11:26:35.162202,2026-06-11 11:27:08.887122,0 days 00:00:33.724920,,,,,,13.0,,1.0,2.0,482.0,,,,,ExtraTreesRegressor,,,,,,8,,,,,,,,True,-0.05788154454523117,-0.036030683646145895,98.0,-0.046956114095688534,0.01092543044954264,0.05477875697875598,1.9844674545084815,2.890770271657926,2.9595458079429315,98.0,2.925158039800429,0.03438776814250277,0.17241601626769976,1.9844674545084815,953537395903804.5,1201304331204706.2,98.0,1077420863554255.4,123883467650450.81,621136384461053.9,1.9844674545084815,8.847374721352354,9.37209651599377,98.0,9.109735618673062,0.26236089732070783,1.3154450894574168,1.9844674545084815,2.4979492689403795,2.60370635829936,98.0,2.5508278136198697,0.05287854467949038,0.2651264828205786,1.9844674545084815,99.0,0.898989898989899,-0.13652239074441974,-0.09211504270854345,98.0,-0.1143187167264816,0.02220367401793814,0.11132647529828611,1.9844674545084815,ExtraTreesRegressor,"{'mode': 'original', 'type': 'ExtraTreesRegressor'}",8,"['l2_T2W20', 'l3_T2W20', 'lsc_T2W20', 'diameter_T2W20', 'z_re_T2W20', 'z_pe_T2W20', 'z_l2_T2W20', 'z_l3_T2W20']",0.05791820808902437,0.10547102258495636,98.0,0.08169461533699036,0.02377640724796599,0.11921196519252786,1.9844674545084815,3.5768394954973837,3.6688451312913446,98.0,3.622842313394364,0.04600281789698049,0.23065243914688516,1.9844674545084815,completed,True,COMPLETE
38,2.8237033277194734,2026-06-11 11:27:08.899835,2026-06-11 11:27:17.013740,0 days 00:00:08.113905,,,,,,10.0,log2,3.0,7.0,127.0,,,,,ExtraTreesRegressor,,,,,,4,,,,,,,,False,-0.016030755518109858,-0.005102162925103082,98.0,-0.01056645922160647,0.005464296296503387,0.02739730578749012,1.9844674545084815,2.801227614349586,2.846179041089361,98.0,2.8237033277194734,0.022475713369887414,0.1126904469621862,1.9844674545084815,920539447503759.9,1152865072526312.0,98.0,1036702260015036.0,116162812511276.08,582425974510721.9,1.9844674545084815,7.948614730844642,8.289096498134402,98.0,8.118855614489522,0.17024088364488055,0.853566734610623,1.9844674545084815,2.4699056369832153,2.5596258479642513,98.0,2.5147657424737333,0.04486010549051782,0.22492302047552762,1.9844674545084815,99.0,0.47474747474747475,-0.00992447963798344,0.008235564719698715,98.0,-0.0008444574591423621,0.009080022178841077,0.04552610815597398,1.9844674545084815,ExtraTreesRegressor,"{'mode': 'original', 'type': 'ExtraTreesRegressor'}",4,"['l2_T2W20', 'z_re_T2W20', 'z_pe_T2W20', 'z_l2_T2W20']",0.060462180321305486,0.10499822383189156,98.0,0.08273020207659852,0.022268021755293035,0.11164910689463149,1.9844674545084815,3.4068143611450217,3.466359849291895,98.0,3.4365871052184582,0.02977274407343641,0.1492768563876349,1.9844674545084815,completed,False,COMPLETE
39,2.9431806964607814,2026-06-11 11:27:17.026658,2026-06-11 11:27:18.648336,0 days 00:00:01.621678,,,,,,,,,,,,,,,LinearRegression,,,,,,10,,,,,,,,False,-0.06521257420924242,-0.04157861237069646,98.0,-0.05339559328996944,0.011816980919272982,0.05924888076391985,1.9844674545084815,2.90682089544113,2.979540497480433,98.0,2.9431806964607814,0.03635980101965166,0.18230354520583672,1.9844674545084815,873845364513021.5,1109217273156146.0,98.0,991531318834583.8,117685954321562.25,590062819160018.1,1.9844674545084815,9.244052650089793,10.846491086142072,98.0,10.045271868115933,0.8012192180261398,4.017214061602499,1.9844674545084815,2.4894563159360157,2.5797428671481573,98.0,2.5345995915420865,0.045143275606070905,0.22634280041144567,1.9844674545084815,99.0,0.797979797979798,-0.20568230493129033,-0.0901446929989542,98.0,-0.14791349896512226,0.05776880596616807,0.2896456480674499,1.9844674545084815,LinearRegression,"{'mode': 'original', 'type': 'LinearRegression'}",10,"['pe_T2W20', 'l2_T2W20', 'atd_T2W20', 'density_T2W20', 'diameter_T2W20', 'asp_T2W20', 'z_pe_T2W20', 'z_l2_T2W20', 'z_diameter_T2W20', 'z_asp_T2W20']",0.042663655708885105,0.08840697477573128,98.0,0.0655353152423082,0.022871659533423093,0.11467567205415498,1.9844674545084815,3.5784413687022116,3.7387254883450014,98.0,3.6585834285236065,0.08014205982139472,0.4018223756956763,1.9844674545084815,completed,False,COMPLETE
