number,value,datetime_start,datetime_complete,duration,params_dt_max_depth,params_dt_min_samples_leaf,params_dt_min_samples_split,params_elastic_alpha,params_elastic_l1_ratio,params_et_max_depth,params_et_max_features,params_et_min_samples_leaf,params_et_min_samples_split,params_et_n_estimators,params_knn_metric,params_knn_n_neighbors,params_knn_weights,params_quantile_alpha,params_regressor,params_rf_max_depth,params_rf_max_features,params_rf_min_samples_leaf,params_rf_min_samples_split,params_rf_n_estimators,params_rfe_n_features,params_rfe_proxy_et_max_depth,params_rfe_proxy_et_min_samples_leaf,params_rfe_proxy_et_min_samples_split,params_rfe_proxy_et_n_estimators,params_rfe_proxy_lsvr_C,params_rfe_proxy_lsvr_epsilon,params_rfe_proxy_type,params_use_scaler,user_attrs_d2mae_ci_lower_val,user_attrs_d2mae_ci_upper_val,user_attrs_d2mae_df_val,user_attrs_d2mae_mean_val,user_attrs_d2mae_samperror_val,user_attrs_d2mae_std_val,user_attrs_d2mae_t_critical_val,user_attrs_mae_ci_lower_val,user_attrs_mae_ci_upper_val,user_attrs_mae_df_val,user_attrs_mae_mean_val,user_attrs_mae_samperror_val,user_attrs_mae_std_val,user_attrs_mae_t_critical_val,user_attrs_mape_ci_lower_val,user_attrs_mape_ci_upper_val,user_attrs_mape_df_val,user_attrs_mape_mean_val,user_attrs_mape_samperror_val,user_attrs_mape_std_val,user_attrs_mape_t_critical_val,user_attrs_max_error_ci_lower_val,user_attrs_max_error_ci_upper_val,user_attrs_max_error_df_val,user_attrs_max_error_mean_val,user_attrs_max_error_samperror_val,user_attrs_max_error_std_val,user_attrs_max_error_t_critical_val,user_attrs_median_ae_ci_lower_val,user_attrs_median_ae_ci_upper_val,user_attrs_median_ae_df_val,user_attrs_median_ae_mean_val,user_attrs_median_ae_samperror_val,user_attrs_median_ae_std_val,user_attrs_median_ae_t_critical_val,user_attrs_n_splits_val,user_attrs_r2_below_zero_val,user_attrs_r2_ci_lower_val,user_attrs_r2_ci_upper_val,user_attrs_r2_df_val,user_attrs_r2_mean_val,user_attrs_r2_samperror_val,user_attrs_r2_std_val,user_attrs_r2_t_critical_val,user_attrs_regressor_final,user_attrs_rfe_estimator,user_attrs_rfe_n_features,user_attrs_rfe_selected_features,user_attrs_rho_ci_lower_val,user_attrs_rho_ci_upper_val,user_attrs_rho_df_val,user_attrs_rho_mean_val,user_attrs_rho_samperror_val,user_attrs_rho_std_val,user_attrs_rho_t_critical_val,user_attrs_rmse_ci_lower_val,user_attrs_rmse_ci_upper_val,user_attrs_rmse_df_val,user_attrs_rmse_mean_val,user_attrs_rmse_samperror_val,user_attrs_rmse_std_val,user_attrs_rmse_t_critical_val,user_attrs_termination_reason,user_attrs_use_scaler_final,state
101,2.7956649831649836,2026-06-11 11:32:54.940456,2026-06-11 11:32:57.361571,0 days 00:00:02.421115,,,,,,,,,,,,,,0.17212147925624802,QuantileRegressor,,,,,,6,,,,,,,,False,-0.0009466070487002694,5.9487806499319634e-05,98.0,-0.00044355962110047487,0.0005030474275997945,0.0025222175833292722,1.9844674545084815,2.777693032469059,2.813636933860908,98.0,2.7956649831649836,0.017971950695924464,0.09010913795597343,1.9844674545084815,824394433015304.0,1033150867836164.5,98.0,928772650425734.2,104378217410430.31,523339472234805.4,1.9844674545084815,8.561579990668083,8.89296546387737,98.0,8.727272727272727,0.16569273660464476,0.8307628878815312,1.9844674545084815,2.421970472839772,2.578029527160228,98.0,2.5,0.07802952716022794,0.3912303982179758,1.9844674545084815,99.0,1.0,-0.03129339557959086,-0.027338781343306924,98.0,-0.029316088461448894,0.001977307118141968,0.009913973330139818,1.9844674545084815,QuantileRegressor,"{'mode': 'original', 'type': 'QuantileRegressor'}",6,"['z_l2_T2W20', 'z_l3_T2W20', 'z_lsc_T2W20', 'z_density_T2W20', 'z_diameter_T2W20', 'z_asp_T2W20']",,,,,,,,3.4585342181766117,3.514098957988369,98.0,3.4863165880824902,0.027782369905878717,0.13929736648790278,1.9844674545084815,completed,False,COMPLETE
102,2.7956649831649836,2026-06-11 11:32:57.375792,2026-06-11 11:32:59.911465,0 days 00:00:02.535673,,,,,,,,,,,,,,1.4427636222481772,QuantileRegressor,,,,,,5,,,,,,,,False,-0.0009466070487002694,5.9487806499319634e-05,98.0,-0.00044355962110047487,0.0005030474275997945,0.0025222175833292722,1.9844674545084815,2.777693032469059,2.813636933860908,98.0,2.7956649831649836,0.017971950695924464,0.09010913795597343,1.9844674545084815,824394433015304.0,1033150867836164.5,98.0,928772650425734.2,104378217410430.31,523339472234805.4,1.9844674545084815,8.561579990668083,8.89296546387737,98.0,8.727272727272727,0.16569273660464476,0.8307628878815312,1.9844674545084815,2.421970472839772,2.578029527160228,98.0,2.5,0.07802952716022794,0.3912303982179758,1.9844674545084815,99.0,1.0,-0.03129339557959086,-0.027338781343306924,98.0,-0.029316088461448894,0.001977307118141968,0.009913973330139818,1.9844674545084815,QuantileRegressor,"{'mode': 'original', 'type': 'QuantileRegressor'}",5,"['z_l3_T2W20', 'z_lsc_T2W20', 'z_density_T2W20', 'z_diameter_T2W20', 'z_asp_T2W20']",,,,,,,,3.4585342181766117,3.514098957988369,98.0,3.4863165880824902,0.027782369905878717,0.13929736648790278,1.9844674545084815,completed,False,COMPLETE
103,2.7956649831649836,2026-06-11 11:32:59.930092,2026-06-11 11:33:02.407655,0 days 00:00:02.477563,,,,,,,,,,,,,,6.854601530256404,QuantileRegressor,,,,,,8,,,,,,,,False,-0.0009466070487002694,5.9487806499319634e-05,98.0,-0.00044355962110047487,0.0005030474275997945,0.0025222175833292722,1.9844674545084815,2.777693032469059,2.813636933860908,98.0,2.7956649831649836,0.017971950695924464,0.09010913795597343,1.9844674545084815,824394433015304.0,1033150867836164.5,98.0,928772650425734.2,104378217410430.31,523339472234805.4,1.9844674545084815,8.561579990668083,8.89296546387737,98.0,8.727272727272727,0.16569273660464476,0.8307628878815312,1.9844674545084815,2.421970472839772,2.578029527160228,98.0,2.5,0.07802952716022794,0.3912303982179758,1.9844674545084815,99.0,1.0,-0.03129339557959086,-0.027338781343306924,98.0,-0.029316088461448894,0.001977307118141968,0.009913973330139818,1.9844674545084815,QuantileRegressor,"{'mode': 'original', 'type': 'QuantileRegressor'}",8,"['z_pe_T2W20', 'z_l1_T2W20', 'z_l2_T2W20', 'z_l3_T2W20', 'z_lsc_T2W20', 'z_density_T2W20', 'z_diameter_T2W20', 'z_asp_T2W20']",,,,,,,,3.4585342181766117,3.514098957988369,98.0,3.4863165880824902,0.027782369905878717,0.13929736648790278,1.9844674545084815,completed,False,COMPLETE
104,2.7956649831649836,2026-06-11 11:33:02.421332,2026-06-11 11:33:04.965835,0 days 00:00:02.544503,,,,,,,,,,,,,,3.3328763903426384,QuantileRegressor,,,,,,11,,,,,,,,False,-0.0009466070487002694,5.9487806499319634e-05,98.0,-0.00044355962110047487,0.0005030474275997945,0.0025222175833292722,1.9844674545084815,2.777693032469059,2.813636933860908,98.0,2.7956649831649836,0.017971950695924464,0.09010913795597343,1.9844674545084815,824394433015304.0,1033150867836164.5,98.0,928772650425734.2,104378217410430.31,523339472234805.4,1.9844674545084815,8.561579990668083,8.89296546387737,98.0,8.727272727272727,0.16569273660464476,0.8307628878815312,1.9844674545084815,2.421970472839772,2.578029527160228,98.0,2.5,0.07802952716022794,0.3912303982179758,1.9844674545084815,99.0,1.0,-0.03129339557959086,-0.027338781343306924,98.0,-0.029316088461448894,0.001977307118141968,0.009913973330139818,1.9844674545084815,QuantileRegressor,"{'mode': 'original', 'type': 'QuantileRegressor'}",11,"['diameter_T2W20', 'asp_T2W20', 'z_re_T2W20', 'z_pe_T2W20', 'z_l1_T2W20', 'z_l2_T2W20', 'z_l3_T2W20', 'z_lsc_T2W20', 'z_density_T2W20', 'z_diameter_T2W20', 'z_asp_T2W20']",,,,,,,,3.4585342181766117,3.514098957988369,98.0,3.4863165880824902,0.027782369905878717,0.13929736648790278,1.9844674545084815,completed,False,COMPLETE
105,2.7956649831649836,2026-06-11 11:33:04.979533,2026-06-11 11:33:07.198971,0 days 00:00:02.219438,,,,,,,,,,,,,,0.8330530225071752,QuantileRegressor,,,,,,13,,,,,,,,False,-0.0009466070487002694,5.9487806499319634e-05,98.0,-0.00044355962110047487,0.0005030474275997945,0.0025222175833292722,1.9844674545084815,2.777693032469059,2.813636933860908,98.0,2.7956649831649836,0.017971950695924464,0.09010913795597343,1.9844674545084815,824394433015304.0,1033150867836164.5,98.0,928772650425734.2,104378217410430.31,523339472234805.4,1.9844674545084815,8.561579990668083,8.89296546387737,98.0,8.727272727272727,0.16569273660464476,0.8307628878815312,1.9844674545084815,2.421970472839772,2.578029527160228,98.0,2.5,0.07802952716022794,0.3912303982179758,1.9844674545084815,99.0,1.0,-0.03129339557959086,-0.027338781343306924,98.0,-0.029316088461448894,0.001977307118141968,0.009913973330139818,1.9844674545084815,QuantileRegressor,"{'mode': 'original', 'type': 'QuantileRegressor'}",13,"['atd_T2W20', 'density_T2W20', 'diameter_T2W20', 'asp_T2W20', 'z_re_T2W20', 'z_pe_T2W20', 'z_l1_T2W20', 'z_l2_T2W20', 'z_l3_T2W20', 'z_lsc_T2W20', 'z_density_T2W20', 'z_diameter_T2W20', 'z_asp_T2W20']",,,,,,,,3.4585342181766117,3.514098957988369,98.0,3.4863165880824902,0.027782369905878717,0.13929736648790278,1.9844674545084815,completed,False,COMPLETE
106,2.7956649831649836,2026-06-11 11:33:07.211470,2026-06-11 11:33:09.687196,0 days 00:00:02.475726,,,,,,,,,,,,,,2.0475700432541175,QuantileRegressor,,,,,,10,,,,,,,,False,-0.0009466070487002694,5.9487806499319634e-05,98.0,-0.00044355962110047487,0.0005030474275997945,0.0025222175833292722,1.9844674545084815,2.777693032469059,2.813636933860908,98.0,2.7956649831649836,0.017971950695924464,0.09010913795597343,1.9844674545084815,824394433015304.0,1033150867836164.5,98.0,928772650425734.2,104378217410430.31,523339472234805.4,1.9844674545084815,8.561579990668083,8.89296546387737,98.0,8.727272727272727,0.16569273660464476,0.8307628878815312,1.9844674545084815,2.421970472839772,2.578029527160228,98.0,2.5,0.07802952716022794,0.3912303982179758,1.9844674545084815,99.0,1.0,-0.03129339557959086,-0.027338781343306924,98.0,-0.029316088461448894,0.001977307118141968,0.009913973330139818,1.9844674545084815,QuantileRegressor,"{'mode': 'original', 'type': 'QuantileRegressor'}",10,"['asp_T2W20', 'z_re_T2W20', 'z_pe_T2W20', 'z_l1_T2W20', 'z_l2_T2W20', 'z_l3_T2W20', 'z_lsc_T2W20', 'z_density_T2W20', 'z_diameter_T2W20', 'z_asp_T2W20']",,,,,,,,3.4585342181766117,3.514098957988369,98.0,3.4863165880824902,0.027782369905878717,0.13929736648790278,1.9844674545084815,completed,False,COMPLETE
107,2.860701936820888,2026-06-11 11:33:09.701165,2026-06-11 11:33:11.648264,0 days 00:00:01.947099,,,,0.006442045741218897,0.7100932327439442,,,,,,,,,,ElasticNet,,,,,,7,,,,,,,,False,-0.03213202039477138,-0.015624083287531131,98.0,-0.023878051841151257,0.008253968553620126,0.04138437744830258,1.9844674545084815,2.8329478642476755,2.8884560093941007,98.0,2.860701936820888,0.027754072573212423,0.13915548716182655,1.9844674545084815,925685162884384.8,1164882075037546.0,98.0,1045283618960965.4,119598456076580.69,599651866414809.4,1.9844674545084815,8.623283099575701,9.416912151925509,98.0,9.020097625750605,0.3968145261749028,1.9895789548397296,1.9844674545084815,2.412208999998289,2.484129213468817,98.0,2.448169106733553,0.03596010673526407,0.18029952749949713,1.9844674545084815,99.0,0.5353535353535354,-0.0674380180077622,-0.01863775728042295,98.0,-0.043037887644092575,0.024400130363669625,0.1223392357504208,1.9844674545084815,ElasticNet,"{'mode': 'original', 'type': 'ElasticNet'}",7,"['re_T2W20', 'pe_T2W20', 'l3_T2W20', 'z_pe_T2W20', 'z_l2_T2W20', 'z_l3_T2W20', 'z_asp_T2W20']",0.10401885986095878,0.1547733900210965,98.0,0.12939612494102765,0.02537726508006886,0.1272384683630251,1.9844674545084815,3.4573493996824194,3.5495815083602142,98.0,3.503465454021317,0.04611605433889743,0.23122019266117957,1.9844674545084815,completed,False,COMPLETE
108,2.7956649831649836,2026-06-11 11:33:11.661084,2026-06-11 11:33:13.970118,0 days 00:00:02.309034,,,,,,,,,,,,,,0.1943566750383817,QuantileRegressor,,,,,,9,,,,,,,,False,-0.0009466070487002694,5.9487806499319634e-05,98.0,-0.00044355962110047487,0.0005030474275997945,0.0025222175833292722,1.9844674545084815,2.777693032469059,2.813636933860908,98.0,2.7956649831649836,0.017971950695924464,0.09010913795597343,1.9844674545084815,824394433015304.0,1033150867836164.5,98.0,928772650425734.2,104378217410430.31,523339472234805.4,1.9844674545084815,8.561579990668083,8.89296546387737,98.0,8.727272727272727,0.16569273660464476,0.8307628878815312,1.9844674545084815,2.421970472839772,2.578029527160228,98.0,2.5,0.07802952716022794,0.3912303982179758,1.9844674545084815,99.0,1.0,-0.03129339557959086,-0.027338781343306924,98.0,-0.029316088461448894,0.001977307118141968,0.009913973330139818,1.9844674545084815,QuantileRegressor,"{'mode': 'original', 'type': 'QuantileRegressor'}",9,"['z_re_T2W20', 'z_pe_T2W20', 'z_l1_T2W20', 'z_l2_T2W20', 'z_l3_T2W20', 'z_lsc_T2W20', 'z_density_T2W20', 'z_diameter_T2W20', 'z_asp_T2W20']",,,,,,,,3.4585342181766117,3.514098957988369,98.0,3.4863165880824902,0.027782369905878717,0.13929736648790278,1.9844674545084815,completed,False,COMPLETE
109,2.79909237206931,2026-06-11 11:33:13.985154,2026-06-11 11:33:27.905880,0 days 00:00:13.920726,,,,,,5.0,log2,3.0,9.0,244.0,,,,,ExtraTreesRegressor,,,,,,5,,,,,,,,False,-0.005923877030432569,0.002468361772809505,98.0,-0.0017277576288115318,0.004196119401621037,0.02103882368908074,1.9844674545084815,2.7784895385063897,2.81969520563223,98.0,2.79909237206931,0.020602833562920128,0.10330005925434307,1.9844674545084815,920614825436536.6,1154503452664525.8,98.0,1037559139050531.2,116944313613994.58,586344324380977.0,1.9844674545084815,7.826697603680739,8.141104292397985,98.0,7.983900948039363,0.15720334435862307,0.7881981251575485,1.9844674545084815,2.4385139283813886,2.5131596507274314,98.0,2.47583678955441,0.03732286117302151,0.18713220970020267,1.9844674545084815,99.0,0.30303030303030304,0.013654652097868045,0.027302961792132818,98.0,0.02047880694500043,0.006824154847132386,0.03421546836830702,1.9844674545084815,ExtraTreesRegressor,"{'mode': 'original', 'type': 'ExtraTreesRegressor'}",5,"['l2_T2W20', 'z_re_T2W20', 'z_pe_T2W20', 'z_l2_T2W20', 'z_density_T2W20']",0.08321354124237225,0.1295264733870342,98.0,0.10637000731470324,0.02315646607233099,0.1161036568143755,1.9844674545084815,3.371979843260575,3.4284895430517337,98.0,3.4002346931561545,0.028254849895579345,0.14166632271829271,1.9844674545084815,completed,False,COMPLETE
110,2.8429329023558925,2026-06-11 11:33:27.918778,2026-06-11 11:33:29.672438,0 days 00:00:01.753660,,,,,,,,,,,,,,,LinearRegression,,,,,,6,,,,,,,,True,-0.02516648849790358,-0.009672849407241365,98.0,-0.01741966895257247,0.007746819545331107,0.038841595046695314,1.9844674545084815,2.815308238802231,2.870557565909554,98.0,2.8429329023558925,0.027624663553661718,0.1385066463435571,1.9844674545084815,879172891156880.9,1112942492468720.1,98.0,996057691812800.5,116884800655919.66,586045933769959.0,1.9844674545084815,8.289324966447772,8.780381557953511,98.0,8.534853262200642,0.2455282957528687,1.231048507110999,1.9844674545084815,2.4225998072245005,2.5101855140754425,98.0,2.4663926606499715,0.04379285342547107,0.21957195062283189,1.9844674545084815,99.0,0.5757575757575758,-0.028015855163313334,-0.00022255938676360963,98.0,-0.014119207275038473,0.013896647888274863,0.06967607372604877,1.9844674545084815,LinearRegression,"{'mode': 'original', 'type': 'LinearRegression'}",6,"['diameter_T2W20', 'asp_T2W20', 'z_pe_T2W20', 'z_l2_T2W20', 'z_diameter_T2W20', 'z_asp_T2W20']",0.11162077847059519,0.1575214640117522,98.0,0.1345711212411737,0.022950342770578516,0.11507018007343574,1.9844674545084815,3.4222428874101056,3.495212001175974,98.0,3.45872744429304,0.03648455688293434,0.18292905567409684,1.9844674545084815,completed,True,COMPLETE
111,2.7956649831649836,2026-06-11 11:33:29.685507,2026-06-11 11:33:31.883033,0 days 00:00:02.197526,,,,,,,,,,,,,,6.578767232554975,QuantileRegressor,,,,,,7,,,,,,,,False,-0.0009466070487002694,5.9487806499319634e-05,98.0,-0.00044355962110047487,0.0005030474275997945,0.0025222175833292722,1.9844674545084815,2.777693032469059,2.813636933860908,98.0,2.7956649831649836,0.017971950695924464,0.09010913795597343,1.9844674545084815,824394433015304.0,1033150867836164.5,98.0,928772650425734.2,104378217410430.31,523339472234805.4,1.9844674545084815,8.561579990668083,8.89296546387737,98.0,8.727272727272727,0.16569273660464476,0.8307628878815312,1.9844674545084815,2.421970472839772,2.578029527160228,98.0,2.5,0.07802952716022794,0.3912303982179758,1.9844674545084815,99.0,1.0,-0.03129339557959086,-0.027338781343306924,98.0,-0.029316088461448894,0.001977307118141968,0.009913973330139818,1.9844674545084815,QuantileRegressor,"{'mode': 'original', 'type': 'QuantileRegressor'}",7,"['z_l1_T2W20', 'z_l2_T2W20', 'z_l3_T2W20', 'z_lsc_T2W20', 'z_density_T2W20', 'z_diameter_T2W20', 'z_asp_T2W20']",,,,,,,,3.4585342181766117,3.514098957988369,98.0,3.4863165880824902,0.027782369905878717,0.13929736648790278,1.9844674545084815,completed,False,COMPLETE
112,2.7956649831649836,2026-06-11 11:33:31.896229,2026-06-11 11:33:34.145732,0 days 00:00:02.249503,,,,,,,,,,,,,,9.885797215199673,QuantileRegressor,,,,,,7,,,,,,,,False,-0.0009466070487002694,5.9487806499319634e-05,98.0,-0.00044355962110047487,0.0005030474275997945,0.0025222175833292722,1.9844674545084815,2.777693032469059,2.813636933860908,98.0,2.7956649831649836,0.017971950695924464,0.09010913795597343,1.9844674545084815,824394433015304.0,1033150867836164.5,98.0,928772650425734.2,104378217410430.31,523339472234805.4,1.9844674545084815,8.561579990668083,8.89296546387737,98.0,8.727272727272727,0.16569273660464476,0.8307628878815312,1.9844674545084815,2.421970472839772,2.578029527160228,98.0,2.5,0.07802952716022794,0.3912303982179758,1.9844674545084815,99.0,1.0,-0.03129339557959086,-0.027338781343306924,98.0,-0.029316088461448894,0.001977307118141968,0.009913973330139818,1.9844674545084815,QuantileRegressor,"{'mode': 'original', 'type': 'QuantileRegressor'}",7,"['z_l1_T2W20', 'z_l2_T2W20', 'z_l3_T2W20', 'z_lsc_T2W20', 'z_density_T2W20', 'z_diameter_T2W20', 'z_asp_T2W20']",,,,,,,,3.4585342181766117,3.514098957988369,98.0,3.4863165880824902,0.027782369905878717,0.13929736648790278,1.9844674545084815,completed,False,COMPLETE
113,2.7956649831649836,2026-06-11 11:33:34.159938,2026-06-11 11:33:36.457616,0 days 00:00:02.297678,,,,,,,,,,,,,,3.924155717738599,QuantileRegressor,,,,,,8,,,,,,,,False,-0.0009466070487002694,5.9487806499319634e-05,98.0,-0.00044355962110047487,0.0005030474275997945,0.0025222175833292722,1.9844674545084815,2.777693032469059,2.813636933860908,98.0,2.7956649831649836,0.017971950695924464,0.09010913795597343,1.9844674545084815,824394433015304.0,1033150867836164.5,98.0,928772650425734.2,104378217410430.31,523339472234805.4,1.9844674545084815,8.561579990668083,8.89296546387737,98.0,8.727272727272727,0.16569273660464476,0.8307628878815312,1.9844674545084815,2.421970472839772,2.578029527160228,98.0,2.5,0.07802952716022794,0.3912303982179758,1.9844674545084815,99.0,1.0,-0.03129339557959086,-0.027338781343306924,98.0,-0.029316088461448894,0.001977307118141968,0.009913973330139818,1.9844674545084815,QuantileRegressor,"{'mode': 'original', 'type': 'QuantileRegressor'}",8,"['z_pe_T2W20', 'z_l1_T2W20', 'z_l2_T2W20', 'z_l3_T2W20', 'z_lsc_T2W20', 'z_density_T2W20', 'z_diameter_T2W20', 'z_asp_T2W20']",,,,,,,,3.4585342181766117,3.514098957988369,98.0,3.4863165880824902,0.027782369905878717,0.13929736648790278,1.9844674545084815,completed,False,COMPLETE
114,2.7956649831649836,2026-06-11 11:33:36.470153,2026-06-11 11:33:38.688260,0 days 00:00:02.218107,,,,,,,,,,,,,,0.5354572648789853,QuantileRegressor,,,,,,6,,,,,,,,False,-0.0009466070487002694,5.9487806499319634e-05,98.0,-0.00044355962110047487,0.0005030474275997945,0.0025222175833292722,1.9844674545084815,2.777693032469059,2.813636933860908,98.0,2.7956649831649836,0.017971950695924464,0.09010913795597343,1.9844674545084815,824394433015304.0,1033150867836164.5,98.0,928772650425734.2,104378217410430.31,523339472234805.4,1.9844674545084815,8.561579990668083,8.89296546387737,98.0,8.727272727272727,0.16569273660464476,0.8307628878815312,1.9844674545084815,2.421970472839772,2.578029527160228,98.0,2.5,0.07802952716022794,0.3912303982179758,1.9844674545084815,99.0,1.0,-0.03129339557959086,-0.027338781343306924,98.0,-0.029316088461448894,0.001977307118141968,0.009913973330139818,1.9844674545084815,QuantileRegressor,"{'mode': 'original', 'type': 'QuantileRegressor'}",6,"['z_l2_T2W20', 'z_l3_T2W20', 'z_lsc_T2W20', 'z_density_T2W20', 'z_diameter_T2W20', 'z_asp_T2W20']",,,,,,,,3.4585342181766117,3.514098957988369,98.0,3.4863165880824902,0.027782369905878717,0.13929736648790278,1.9844674545084815,completed,False,COMPLETE
115,2.7956649831649836,2026-06-11 11:33:38.701388,2026-06-11 11:33:41.011708,0 days 00:00:02.310320,,,,,,,,,,,,,,4.089414907110798,QuantileRegressor,,,,,,4,,,,,,,,False,-0.0009466070487002694,5.9487806499319634e-05,98.0,-0.00044355962110047487,0.0005030474275997945,0.0025222175833292722,1.9844674545084815,2.777693032469059,2.813636933860908,98.0,2.7956649831649836,0.017971950695924464,0.09010913795597343,1.9844674545084815,824394433015304.0,1033150867836164.5,98.0,928772650425734.2,104378217410430.31,523339472234805.4,1.9844674545084815,8.561579990668083,8.89296546387737,98.0,8.727272727272727,0.16569273660464476,0.8307628878815312,1.9844674545084815,2.421970472839772,2.578029527160228,98.0,2.5,0.07802952716022794,0.3912303982179758,1.9844674545084815,99.0,1.0,-0.03129339557959086,-0.027338781343306924,98.0,-0.029316088461448894,0.001977307118141968,0.009913973330139818,1.9844674545084815,QuantileRegressor,"{'mode': 'original', 'type': 'QuantileRegressor'}",4,"['z_lsc_T2W20', 'z_density_T2W20', 'z_diameter_T2W20', 'z_asp_T2W20']",,,,,,,,3.4585342181766117,3.514098957988369,98.0,3.4863165880824902,0.027782369905878717,0.13929736648790278,1.9844674545084815,completed,False,COMPLETE
