number,value,datetime_start,datetime_complete,duration,params_dt_max_depth,params_dt_min_samples_leaf,params_dt_min_samples_split,params_elastic_alpha,params_elastic_l1_ratio,params_et_max_depth,params_et_max_features,params_et_min_samples_leaf,params_et_min_samples_split,params_et_n_estimators,params_knn_metric,params_knn_n_neighbors,params_knn_weights,params_quantile_alpha,params_regressor,params_rf_max_depth,params_rf_max_features,params_rf_min_samples_leaf,params_rf_min_samples_split,params_rf_n_estimators,params_rfe_n_features,params_rfe_proxy_et_max_depth,params_rfe_proxy_et_min_samples_leaf,params_rfe_proxy_et_min_samples_split,params_rfe_proxy_et_n_estimators,params_rfe_proxy_lsvr_C,params_rfe_proxy_lsvr_epsilon,params_rfe_proxy_type,params_use_scaler,user_attrs_d2mae_ci_lower_val,user_attrs_d2mae_ci_upper_val,user_attrs_d2mae_df_val,user_attrs_d2mae_mean_val,user_attrs_d2mae_samperror_val,user_attrs_d2mae_std_val,user_attrs_d2mae_t_critical_val,user_attrs_mae_ci_lower_val,user_attrs_mae_ci_upper_val,user_attrs_mae_df_val,user_attrs_mae_mean_val,user_attrs_mae_samperror_val,user_attrs_mae_std_val,user_attrs_mae_t_critical_val,user_attrs_mape_ci_lower_val,user_attrs_mape_ci_upper_val,user_attrs_mape_df_val,user_attrs_mape_mean_val,user_attrs_mape_samperror_val,user_attrs_mape_std_val,user_attrs_mape_t_critical_val,user_attrs_max_error_ci_lower_val,user_attrs_max_error_ci_upper_val,user_attrs_max_error_df_val,user_attrs_max_error_mean_val,user_attrs_max_error_samperror_val,user_attrs_max_error_std_val,user_attrs_max_error_t_critical_val,user_attrs_median_ae_ci_lower_val,user_attrs_median_ae_ci_upper_val,user_attrs_median_ae_df_val,user_attrs_median_ae_mean_val,user_attrs_median_ae_samperror_val,user_attrs_median_ae_std_val,user_attrs_median_ae_t_critical_val,user_attrs_n_splits_val,user_attrs_r2_below_zero_val,user_attrs_r2_ci_lower_val,user_attrs_r2_ci_upper_val,user_attrs_r2_df_val,user_attrs_r2_mean_val,user_attrs_r2_samperror_val,user_attrs_r2_std_val,user_attrs_r2_t_critical_val,user_attrs_regressor_final,user_attrs_rfe_estimator,user_attrs_rfe_n_features,user_attrs_rfe_selected_features,user_attrs_rho_ci_lower_val,user_attrs_rho_ci_upper_val,user_attrs_rho_df_val,user_attrs_rho_mean_val,user_attrs_rho_samperror_val,user_attrs_rho_std_val,user_attrs_rho_t_critical_val,user_attrs_rmse_ci_lower_val,user_attrs_rmse_ci_upper_val,user_attrs_rmse_df_val,user_attrs_rmse_mean_val,user_attrs_rmse_samperror_val,user_attrs_rmse_std_val,user_attrs_rmse_t_critical_val,user_attrs_termination_reason,user_attrs_use_scaler_final,state
177,2.7924637885146213,2026-06-11 11:46:10.815455,2026-06-11 11:46:33.029614,0 days 00:00:22.214159,,,,,,3.0,log2,2.0,7.0,423.0,,,,,ExtraTreesRegressor,,,,,,4,,,,,,,,False,-0.003082904810877472,0.004306006622621272,98.0,0.0006115509058718999,0.003694455716749372,0.01852354402064419,1.9844674545084815,2.7731801414703736,2.811747435558869,98.0,2.7924637885146213,0.019283647044247496,0.09668582121129696,1.9844674545084815,908702357609309.0,1140097656243906.0,98.0,1024400006926607.5,115697649317298.45,580093703789120.4,1.9844674545084815,7.831891008994244,8.16128455708362,98.0,7.996587783038932,0.16469677404468766,0.8257692547900211,1.9844674545084815,2.427760003888402,2.484799675818604,98.0,2.456279839853503,0.02851983596510101,0.1429949300964753,1.9844674545084815,99.0,0.1414141414141414,0.023973959373267163,0.035389460012033705,98.0,0.029681709692650434,0.005707750319383271,0.028617954146969254,1.9844674545084815,ExtraTreesRegressor,"{'mode': 'original', 'type': 'ExtraTreesRegressor'}",4,"['pe_T2W20', 'z_re_T2W20', 'z_pe_T2W20', 'z_l2_T2W20']",0.07675510713063471,0.12362233249614873,98.0,0.10018871981339172,0.023433612682757007,0.11749323564059452,1.9844674545084815,3.356844680220316,3.411930286086917,98.0,3.3843874831536165,0.02754280293330079,0.13809620731787375,1.9844674545084815,completed,False,COMPLETE
178,2.791873710939753,2026-06-11 11:46:33.043544,2026-06-11 11:46:54.947690,0 days 00:00:21.904146,,,,,,3.0,log2,2.0,6.0,421.0,,,,,ExtraTreesRegressor,,,,,,4,,,,,,,,False,-0.0029228347412492074,0.0045849140477992045,98.0,0.0008310396532749983,0.0037538743945242058,0.018821461921898406,1.9844674545084815,2.7723530955954643,2.811394326284042,98.0,2.791873710939753,0.019520615344288738,0.09787395095863992,1.9844674545084815,906901670502453.2,1137753538528462.8,98.0,1022327604515458.0,115425934013004.8,578731356860086.1,1.9844674545084815,7.84505935451866,8.174006045544182,98.0,8.009532700031421,0.16447334551276144,0.8246490117653611,1.9844674545084815,2.4314117924437313,2.4969402185870417,98.0,2.4641760055153865,0.032764213071655134,0.16427571194940968,1.9844674545084815,99.0,0.1919191919191919,0.022612261208053597,0.03415647368005202,98.0,0.02838436744405281,0.005772106235999213,0.028940626753117912,1.9844674545084815,ExtraTreesRegressor,"{'mode': 'original', 'type': 'ExtraTreesRegressor'}",4,"['l2_T2W20', 'z_re_T2W20', 'z_pe_T2W20', 'z_l2_T2W20']",0.07676062355834054,0.12308161920571589,98.0,0.09992112138202822,0.023160497823687676,0.1161238715170169,1.9844674545084815,3.3588903884076475,3.414473715496191,98.0,3.386682051951919,0.027791663544271577,0.13934396364133506,1.9844674545084815,completed,False,COMPLETE
179,2.795494866097566,2026-06-11 11:46:54.960505,2026-06-11 11:47:16.836388,0 days 00:00:21.875883,,,,,,3.0,log2,2.0,6.0,419.0,,,,,ExtraTreesRegressor,,,,,,5,,,,,,,,False,-0.004135560024469017,0.0032169208014143393,98.0,-0.000459319611527339,0.003676240412941678,0.018432214740284565,1.9844674545084815,2.7759876525282206,2.815002079666911,98.0,2.795494866097566,0.019507213569345358,0.09780675611665197,1.9844674545084815,908868473116960.9,1140013416143065.2,98.0,1024440944630013.1,115572471513052.2,579466077761056.0,1.9844674545084815,7.836900113681136,8.179369184986339,98.0,8.008134649333737,0.17123453565260177,0.8585487828789997,1.9844674545084815,2.439041247587167,2.503507664680852,98.0,2.4712744561340094,0.032233208546842466,0.16161332093848613,1.9844674545084815,99.0,0.1919191919191919,0.021614941882847398,0.032784874605670304,98.0,0.02719990824425885,0.005584966361411454,0.02800233056804569,1.9844674545084815,ExtraTreesRegressor,"{'mode': 'original', 'type': 'ExtraTreesRegressor'}",5,"['pe_T2W20', 'l2_T2W20', 'z_re_T2W20', 'z_pe_T2W20', 'z_l2_T2W20']",0.08649839519960711,0.13410143699226548,98.0,0.1102999160959363,0.023801520896329188,0.11933788191927751,1.9844674545084815,3.3610005197324635,3.4165775963401734,98.0,3.3887890580363185,0.027788538303854842,0.13932829407242617,1.9844674545084815,completed,False,COMPLETE
180,2.792257715326953,2026-06-11 11:47:16.849422,2026-06-11 11:47:38.656529,0 days 00:00:21.807107,,,,,,3.0,log2,2.0,8.0,420.0,,,,,ExtraTreesRegressor,,,,,,4,,,,,,,,False,-0.0030454617692846544,0.004427303884844664,98.0,0.000690921057780005,0.0037363828270646593,0.018733761366074162,1.9844674545084815,2.7728057375097035,2.8117096931442025,98.0,2.792257715326953,0.019451977817249447,0.09752981088739307,1.9844674545084815,906750202040658.9,1137627581242649.2,98.0,1022188891641654.1,115438689600995.2,578795311800614.5,1.9844674545084815,7.8493444907631815,8.178914717263917,98.0,8.014129604013549,0.16478511325036715,0.8262121766411976,1.9844674545084815,2.4298122789270247,2.4957669864008603,98.0,2.4627896326639425,0.032977353736917694,0.16534437288305712,1.9844674545084815,99.0,0.1919191919191919,0.02263150100320061,0.0340265636061361,98.0,0.028329032304668357,0.005697531301467746,0.028566717255064506,1.9844674545084815,ExtraTreesRegressor,"{'mode': 'original', 'type': 'ExtraTreesRegressor'}",4,"['l2_T2W20', 'z_re_T2W20', 'z_pe_T2W20', 'z_l2_T2W20']",0.07751473166085188,0.12390825731747968,98.0,0.10071149448916578,0.023196762828313903,0.11630569976483086,1.9844674545084815,3.359039304886956,3.414539086376422,98.0,3.386789195631689,0.02774989074473308,0.13913451999105422,1.9844674545084815,completed,False,COMPLETE
181,2.792602388817103,2026-06-11 11:47:38.670025,2026-06-11 11:48:00.568163,0 days 00:00:21.898138,,,,,,3.0,log2,2.0,8.0,421.0,,,,,ExtraTreesRegressor,,,,,,4,,,,,,,,False,-0.0031304203577191543,0.0042513586854557636,98.0,0.0005604691638683045,0.0036908895215874587,0.018505663559181783,1.9844674545084815,2.773346753288151,2.811858024346055,98.0,2.792602388817103,0.019255635528952115,0.09654537493816759,1.9844674545084815,908638723673014.6,1140032940298684.5,98.0,1024335831985849.5,115697108312834.88,580090991259653.2,1.9844674545084815,7.832803819657866,8.161856101056784,98.0,7.997329960357325,0.16452614069945876,0.8249137203015691,1.9844674545084815,2.4274241155357976,2.4848052697117047,98.0,2.456114692623751,0.028690577087953653,0.14385100496860231,1.9844674545084815,99.0,0.13131313131313133,0.02402782588257816,0.03542910732494311,98.0,0.029728466603760634,0.0057006407211824765,0.028582307500930316,1.9844674545084815,ExtraTreesRegressor,"{'mode': 'original', 'type': 'ExtraTreesRegressor'}",4,"['pe_T2W20', 'z_re_T2W20', 'z_pe_T2W20', 'z_l2_T2W20']",0.07655863755876874,0.12339351846420729,98.0,0.09997607801148801,0.02341744045271928,0.11741215007942302,1.9844674545084815,3.356779331772056,3.411829077973539,98.0,3.3843042048727976,0.02752487310074176,0.13800630935504687,1.9844674545084815,completed,False,COMPLETE
182,2.7958885420648643,2026-06-11 11:48:00.580956,2026-06-11 11:48:22.709159,0 days 00:00:22.128203,,,,,,3.0,log2,2.0,8.0,420.0,,,,,ExtraTreesRegressor,,,,,,5,,,,,,,,False,-0.004282456517870432,0.0030767645821314802,98.0,-0.0006028459678694759,0.003679610550000956,0.018449112190669508,1.9844674545084815,2.7764190895888388,2.8153579945408898,98.0,2.7958885420648643,0.019469452476025384,0.09761742666516902,1.9844674545084815,908700717582340.0,1139794356092744.2,98.0,1024247536837542.1,115546819255202.06,579337460512955.9,1.9844674545084815,7.837721462397118,8.17893195425574,98.0,8.008326708326429,0.17060524592931114,0.8553936020391631,1.9844674545084815,2.438241920852572,2.50311711806634,98.0,2.470679519459456,0.03243759860688385,0.16263810741985987,1.9844674545084815,99.0,0.1919191919191919,0.02166400438170954,0.03285877693766321,98.0,0.027261390659686375,0.005597386277976834,0.02806460249356601,1.9844674545084815,ExtraTreesRegressor,"{'mode': 'original', 'type': 'ExtraTreesRegressor'}",5,"['pe_T2W20', 'l2_T2W20', 'z_re_T2W20', 'z_pe_T2W20', 'z_l2_T2W20']",0.08786581028414026,0.13576693533469342,98.0,0.11181637280941684,0.023950562525276584,0.12008515821283253,1.9844674545084815,3.3609134092345316,3.4164335957822622,98.0,3.388673502508397,0.027760093273865496,0.13918567421023986,1.9844674545084815,completed,False,COMPLETE
183,2.809231416330992,2026-06-11 11:48:22.722686,2026-06-11 11:48:44.459940,0 days 00:00:21.737254,,,,,,3.0,log2,2.0,8.0,418.0,,,,,ExtraTreesRegressor,,,,,,2,,,,,,,,False,-0.008597117543912434,-0.002213898829570935,98.0,-0.0054055081867416845,0.0031916093571707493,0.016002334567504283,1.9844674545084815,2.7908717662408664,2.8275910664211175,98.0,2.809231416330992,0.018359650090125305,0.09205301476648643,1.9844674545084815,923454548352765.1,1159464267767688.5,98.0,1041459408060226.9,118004859707461.7,591661771321590.2,1.9844674545084815,7.837382113862905,8.122771092016558,98.0,7.980076602939731,0.1426944890768265,0.7154525192803224,1.9844674545084815,2.4590892022990993,2.505740673080586,98.0,2.4824149376898426,0.02332573539074335,0.11695235224107686,1.9844674545084815,99.0,0.15151515151515152,0.016900615811557357,0.024818645456100803,98.0,0.02085963063382908,0.003959014822271722,0.019850010654142606,1.9844674545084815,ExtraTreesRegressor,"{'mode': 'original', 'type': 'ExtraTreesRegressor'}",2,"['z_re_T2W20', 'z_pe_T2W20']",0.09685910788685763,0.14392469044886452,98.0,0.12039189916786108,0.023532791281003454,0.1179905048654481,1.9844674545084815,3.3732911247320865,3.426567451020238,98.0,3.399929287876162,0.02663816314407572,0.1335604553036959,1.9844674545084815,completed,False,COMPLETE
184,2.798248842075087,2026-06-11 11:48:44.473448,2026-06-11 11:49:08.983636,0 days 00:00:24.510188,,,,,,2.0,log2,2.0,8.0,476.0,,,,,ExtraTreesRegressor,,,,,,5,,,,,,,,False,-0.004587886581920765,0.001641989563504945,98.0,-0.0014729485092079102,0.003114938072712855,0.015617914230203625,1.9844674545084815,2.7799836672634846,2.8165140168866896,98.0,2.798248842075087,0.018265174811602464,0.09157932740500407,1.9844674545084815,910512991055156.4,1142829380373725.8,98.0,1026671185714441.0,116158194659284.64,582402821171988.8,1.9844674545084815,7.850303662189402,8.176715231418248,98.0,8.013509446803825,0.16320578461442262,0.8182936181974324,1.9844674545084815,2.4821685731390115,2.5195207981907517,98.0,2.5008446856648816,0.01867611252586995,0.09363971827813497,1.9844674545084815,99.0,0.050505050505050504,0.02211361735800454,0.028972936869889127,98.0,0.025543277113946834,0.003429659755942294,0.01719588982404324,1.9844674545084815,ExtraTreesRegressor,"{'mode': 'original', 'type': 'ExtraTreesRegressor'}",5,"['l2_T2W20', 'lsc_T2W20', 'z_re_T2W20', 'z_pe_T2W20', 'z_l2_T2W20']",0.12739645720236636,0.17585505695038606,98.0,0.1516257570763762,0.024229299874009833,0.12148271280417594,1.9844674545084815,3.365095041993927,3.4187225885058123,98.0,3.3919088152498698,0.02681377325594237,0.13444094268452564,1.9844674545084815,completed,False,COMPLETE
185,2.791977403683179,2026-06-11 11:49:08.997022,2026-06-11 11:49:30.907682,0 days 00:00:21.910660,,,,,,3.0,log2,2.0,6.0,419.0,,,,,ExtraTreesRegressor,,,,,,4,,,,,,,,False,-0.0029604960926243673,0.004548654046791134,98.0,0.0007940789770833833,0.003754575069707751,0.018824975020606757,1.9844674545084815,2.7724530625444284,2.8115017448219297,98.0,2.791977403683179,0.019524341138750612,0.09789263163125253,1.9844674545084815,906963682676877.1,1137842178871827.5,98.0,1022402930774352.4,115439248097475.25,578798112032888.6,1.9844674545084815,7.846796452037831,8.176392155642715,98.0,8.011594303840273,0.16479785180244202,0.8262760461657527,1.9844674545084815,2.431196629395728,2.496642421097311,98.0,2.4639195252465194,0.03272289585079163,0.1640685525142577,1.9844674545084815,99.0,0.1919191919191919,0.022505385369072387,0.034026076362665296,98.0,0.02826573086586884,0.0057603454967964565,0.02888165986136443,1.9844674545084815,ExtraTreesRegressor,"{'mode': 'original', 'type': 'ExtraTreesRegressor'}",4,"['l2_T2W20', 'z_re_T2W20', 'z_pe_T2W20', 'z_l2_T2W20']",0.07671127580927771,0.12300764080176572,98.0,0.09985945830552172,0.023148182496244004,0.11606212398841688,1.9844674545084815,3.3590924744351676,3.4146947592692816,98.0,3.3868936168522246,0.027801142417057143,0.13939148953710193,1.9844674545084815,completed,False,COMPLETE
186,2.805535537903419,2026-06-11 11:49:30.922268,2026-06-11 11:49:52.788180,0 days 00:00:21.865912,,,,,,3.0,log2,2.0,6.0,419.0,,,,,ExtraTreesRegressor,,,,,,3,,,,,,,,False,-0.0072717253761288465,-0.0008969423126999436,98.0,-0.004084333844414395,0.0031873915317144515,0.01598118691234173,1.9844674545084815,2.7872142800487816,2.8238567957580565,98.0,2.805535537903419,0.0183212578546375,0.09186052084623585,1.9844674545084815,920901801068825.8,1155729838812567.0,98.0,1038315819940696.4,117414018871870.67,588699368449187.1,1.9844674545084815,7.862961568861015,8.168237165865749,98.0,8.015599367363382,0.15263779850236736,0.7653070429168788,1.9844674545084815,2.4779493061864835,2.5149737780905386,98.0,2.496461542138511,0.01851223595202758,0.09281806140571415,1.9844674545084815,99.0,0.08080808080808081,0.019277878322126497,0.026000158569453695,98.0,0.022639018445790096,0.0033611401236636,0.016852340862544387,1.9844674545084815,ExtraTreesRegressor,"{'mode': 'original', 'type': 'ExtraTreesRegressor'}",3,"['z_re_T2W20', 'z_pe_T2W20', 'z_l2_T2W20']",0.09356667603717478,0.1396132088647266,98.0,0.1165899424509507,0.023023266413775924,0.11543581020097764,1.9844674545084815,3.3703077980902685,3.4235544318181232,98.0,3.396931114954196,0.026623316863927174,0.13348601789127068,1.9844674545084815,completed,False,COMPLETE
187,2.800378528570797,2026-06-11 11:49:52.800949,2026-06-11 11:50:15.425832,0 days 00:00:22.624883,,,,,,5.0,log2,2.0,8.0,425.0,,,,,ExtraTreesRegressor,,,,,,4,,,,,,,,False,-0.007028061719752396,0.002626090215594669,98.0,-0.0022009857520788635,0.0048270759676735326,0.02420236187236458,1.9844674545084815,2.778889944664783,2.8218671124768115,98.0,2.800378528570797,0.021488583906014422,0.10774110192193363,1.9844674545084815,907776944816164.5,1138582541607597.2,98.0,1023179743211880.9,115402798395716.34,578615357736495.5,1.9844674545084815,7.91428774514153,8.245213658183712,98.0,8.07975070166262,0.16546295652109058,0.8296107989625908,1.9844674545084815,2.4482689254515417,2.53692652651217,98.0,2.492597725981856,0.044328800530313996,0.2222591231187117,1.9844674545084815,99.0,0.3838383838383838,0.007868950350821104,0.024639833101067005,98.0,0.016254391725944055,0.00838544137512295,0.04204356591430176,1.9844674545084815,ExtraTreesRegressor,"{'mode': 'original', 'type': 'ExtraTreesRegressor'}",4,"['l2_T2W20', 'z_re_T2W20', 'z_pe_T2W20', 'z_l2_T2W20']",0.07198587766835392,0.11798030997624313,98.0,0.09498309382229853,0.02299721615394461,0.11530519742017019,1.9844674545084815,3.3777748479621845,3.4368209564913546,98.0,3.4072979022267695,0.02952305426458489,0.1480249425685577,1.9844674545084815,completed,False,COMPLETE
188,2.7887588435098896,2026-06-11 11:50:15.438643,2026-06-11 11:50:35.414362,0 days 00:00:19.975719,,,,,,3.0,log2,2.0,6.0,379.0,,,,,ExtraTreesRegressor,,,,,,6,,,,,,,,False,-0.0015374230165619955,0.005403662603165981,98.0,0.0019331197933019925,0.003470542809863988,0.01740087239984826,1.9844674545084815,2.769867654590375,2.8076500324294043,98.0,2.7887588435098896,0.018891188919514666,0.09471808471447289,1.9844674545084815,903636376038003.0,1133547715549248.0,98.0,1018592045793625.5,114955669755622.48,576373510037490.8,1.9844674545084815,7.820735095905459,8.156256156408192,98.0,7.988495626156825,0.16776053025136675,0.8411305494742826,1.9844674545084815,2.449231440256371,2.4996331317991087,98.0,2.47443228602774,0.02520084577136896,0.12635392376935772,1.9844674545084815,99.0,0.13131313131313133,0.026358389444602035,0.03650461413341537,98.0,0.0314315017890087,0.005073112344406664,0.025435957834669388,1.9844674545084815,ExtraTreesRegressor,"{'mode': 'original', 'type': 'ExtraTreesRegressor'}",6,"['pe_T2W20', 'l2_T2W20', 'lsc_T2W20', 'z_re_T2W20', 'z_pe_T2W20', 'z_l2_T2W20']",0.129350320007516,0.17932825026891286,98.0,0.15433928513821443,0.02498896513069843,0.1252915804431705,1.9844674545084815,3.354203694461194,3.408637345835483,98.0,3.3814205201483385,0.027216825687144442,0.1364617977236458,1.9844674545084815,completed,False,COMPLETE
189,2.7995551079120387,2026-06-11 11:50:35.427896,2026-06-11 11:50:56.166714,0 days 00:00:20.738818,,,,,,2.0,log2,1.0,6.0,395.0,,,,,ExtraTreesRegressor,,,,,,6,,,,,,,,False,-0.00530700675144429,0.001436028925485147,98.0,-0.0019354889129795717,0.0033715178384647188,0.016904373441005323,1.9844674545084815,2.780842561369248,2.8182676544548295,98.0,2.7995551079120387,0.01871254654279096,0.09382239393269096,1.9844674545084815,914205619269073.1,1146463639451066.5,98.0,1030334629360069.9,116129010090996.72,582256493356242.1,1.9844674545084815,7.813091216132825,8.152639179681305,98.0,7.982865197907065,0.1697739817742396,0.8512257463792774,1.9844674545084815,2.470238643253156,2.514545398578229,98.0,2.4923920209156925,0.02215337766253652,0.11107429559313062,1.9844674545084815,99.0,0.10101010101010101,0.02158158858715869,0.029919692548880508,98.0,0.0257506405680196,0.004169051980860911,0.02090311098918224,1.9844674545084815,ExtraTreesRegressor,"{'mode': 'original', 'type': 'ExtraTreesRegressor'}",6,"['pe_T2W20', 'l2_T2W20', 'l3_T2W20', 'z_re_T2W20', 'z_pe_T2W20', 'z_l2_T2W20']",0.09041535111634628,0.13541387867775767,98.0,0.11291461489705197,0.02249926378070569,0.1128085258092323,1.9844674545084815,3.364477825902544,3.418426922164571,98.0,3.3914523740335576,0.026974548131013396,0.13524704802293583,1.9844674545084815,completed,False,COMPLETE
190,2.7957976628767884,2026-06-11 11:50:56.276956,2026-06-11 11:51:15.698396,0 days 00:00:19.421440,,,,,,3.0,log2,2.0,6.0,368.0,,,,,ExtraTreesRegressor,,,,,,5,,,,,,,,False,-0.0042529634769791535,0.003107710451249159,98.0,-0.0005726265128649971,0.0036803369641141563,0.01845275434118767,1.9844674545084815,2.776363629095612,2.815231696657965,98.0,2.7957976628767884,0.01943403378117667,0.09743984170990497,1.9844674545084815,908972992365717.0,1140060987781795.5,98.0,1024516990073756.2,115543997708039.19,579323313624460.0,1.9844674545084815,7.832074631640123,8.173139571657673,98.0,8.002607101648898,0.1705324700087755,0.8550287125747764,1.9844674545084815,2.4406792409433264,2.504655325859161,98.0,2.4726672834012438,0.03198804245791725,0.16038408849160993,1.9844674545084815,99.0,0.18181818181818182,0.02158091814353805,0.0326271420066416,98.0,0.027104030075089824,0.005523111931551774,0.02769220010710035,1.9844674545084815,ExtraTreesRegressor,"{'mode': 'original', 'type': 'ExtraTreesRegressor'}",5,"['pe_T2W20', 'l2_T2W20', 'z_re_T2W20', 'z_pe_T2W20', 'z_l2_T2W20']",0.0889199317183316,0.13590177140377718,98.0,0.11241085156105439,0.0234909198427228,0.11778056665271408,1.9844674545084815,3.361318372531204,3.4165564181206234,98.0,3.3889373953259136,0.027619022794709607,0.13847836427583993,1.9844674545084815,completed,False,COMPLETE
