number,value,datetime_start,datetime_complete,duration,params_dt_max_depth,params_dt_min_samples_leaf,params_dt_min_samples_split,params_elastic_alpha,params_elastic_l1_ratio,params_et_max_depth,params_et_max_features,params_et_min_samples_leaf,params_et_min_samples_split,params_et_n_estimators,params_knn_metric,params_knn_n_neighbors,params_knn_weights,params_quantile_alpha,params_regressor,params_rf_max_depth,params_rf_max_features,params_rf_min_samples_leaf,params_rf_min_samples_split,params_rf_n_estimators,params_rfe_n_features,params_rfe_proxy_et_max_depth,params_rfe_proxy_et_min_samples_leaf,params_rfe_proxy_et_min_samples_split,params_rfe_proxy_et_n_estimators,params_rfe_proxy_lsvr_C,params_rfe_proxy_lsvr_epsilon,params_rfe_proxy_type,params_use_scaler,user_attrs_d2mae_ci_lower_val,user_attrs_d2mae_ci_upper_val,user_attrs_d2mae_df_val,user_attrs_d2mae_mean_val,user_attrs_d2mae_samperror_val,user_attrs_d2mae_std_val,user_attrs_d2mae_t_critical_val,user_attrs_mae_ci_lower_val,user_attrs_mae_ci_upper_val,user_attrs_mae_df_val,user_attrs_mae_mean_val,user_attrs_mae_samperror_val,user_attrs_mae_std_val,user_attrs_mae_t_critical_val,user_attrs_mape_ci_lower_val,user_attrs_mape_ci_upper_val,user_attrs_mape_df_val,user_attrs_mape_mean_val,user_attrs_mape_samperror_val,user_attrs_mape_std_val,user_attrs_mape_t_critical_val,user_attrs_max_error_ci_lower_val,user_attrs_max_error_ci_upper_val,user_attrs_max_error_df_val,user_attrs_max_error_mean_val,user_attrs_max_error_samperror_val,user_attrs_max_error_std_val,user_attrs_max_error_t_critical_val,user_attrs_median_ae_ci_lower_val,user_attrs_median_ae_ci_upper_val,user_attrs_median_ae_df_val,user_attrs_median_ae_mean_val,user_attrs_median_ae_samperror_val,user_attrs_median_ae_std_val,user_attrs_median_ae_t_critical_val,user_attrs_n_splits_val,user_attrs_r2_below_zero_val,user_attrs_r2_ci_lower_val,user_attrs_r2_ci_upper_val,user_attrs_r2_df_val,user_attrs_r2_mean_val,user_attrs_r2_samperror_val,user_attrs_r2_std_val,user_attrs_r2_t_critical_val,user_attrs_regressor_final,user_attrs_rfe_estimator,user_attrs_rfe_n_features,user_attrs_rfe_selected_features,user_attrs_rho_ci_lower_val,user_attrs_rho_ci_upper_val,user_attrs_rho_df_val,user_attrs_rho_mean_val,user_attrs_rho_samperror_val,user_attrs_rho_std_val,user_attrs_rho_t_critical_val,user_attrs_rmse_ci_lower_val,user_attrs_rmse_ci_upper_val,user_attrs_rmse_df_val,user_attrs_rmse_mean_val,user_attrs_rmse_samperror_val,user_attrs_rmse_std_val,user_attrs_rmse_t_critical_val,user_attrs_termination_reason,user_attrs_use_scaler_final,state
263,2.7775022925533364,2026-06-11 12:18:12.808638,2026-06-11 12:18:34.859769,0 days 00:00:22.051131,,,,,,5.0,sqrt,2.0,4.0,432.0,,,,,ExtraTreesRegressor,,,,,,5,,,,,,,,True,0.0016049347977790526,0.01038014509924344,98.0,0.005992539948511247,0.004387605150732194,0.021998909551500394,1.9844674545084815,2.756722889357893,2.7982816957487797,98.0,2.7775022925533364,0.02077940319544353,0.10418535755306893,1.9844674545084815,896197182797181.5,1124998513137433.5,98.0,1010597847967307.5,114400665170126.05,573590785690709.8,1.9844674545084815,7.905223165167966,8.223728055140716,98.0,8.064475610154341,0.1592524449863754,0.7984720622652036,1.9844674545084815,2.418659646433564,2.4966665562739876,98.0,2.4576631013537757,0.039003454920211955,0.19555849888693358,1.9844674545084815,99.0,0.2222222222222222,0.02307795878846022,0.03805299000274076,98.0,0.030565474395600492,0.007487515607140271,0.037541477172219735,1.9844674545084815,ExtraTreesRegressor,"{'mode': 'original', 'type': 'ExtraTreesRegressor'}",5,"['l2_T2W20', 'lsc_T2W20', 'z_re_T2W20', 'z_pe_T2W20', 'z_l2_T2W20']",0.11880645986018921,0.16869237737453488,98.0,0.14374941861736204,0.02494295875717283,0.1250609101765415,1.9844674545084815,3.3534637482651735,3.4118555503498285,98.0,3.382659649307501,0.029195901042327315,0.146384636775607,1.9844674545084815,completed,True,COMPLETE
264,2.7775022925533364,2026-06-11 12:18:34.873031,2026-06-11 12:18:57.006695,0 days 00:00:22.133664,,,,,,5.0,sqrt,2.0,4.0,432.0,,,,,ExtraTreesRegressor,,,,,,5,,,,,,,,True,0.0016049347977790526,0.01038014509924344,98.0,0.005992539948511247,0.004387605150732194,0.021998909551500394,1.9844674545084815,2.756722889357893,2.7982816957487797,98.0,2.7775022925533364,0.02077940319544353,0.10418535755306893,1.9844674545084815,896197182797181.5,1124998513137433.5,98.0,1010597847967307.5,114400665170126.05,573590785690709.8,1.9844674545084815,7.905223165167966,8.223728055140716,98.0,8.064475610154341,0.1592524449863754,0.7984720622652036,1.9844674545084815,2.418659646433564,2.4966665562739876,98.0,2.4576631013537757,0.039003454920211955,0.19555849888693358,1.9844674545084815,99.0,0.2222222222222222,0.02307795878846022,0.03805299000274076,98.0,0.030565474395600492,0.007487515607140271,0.037541477172219735,1.9844674545084815,ExtraTreesRegressor,"{'mode': 'original', 'type': 'ExtraTreesRegressor'}",5,"['l2_T2W20', 'lsc_T2W20', 'z_re_T2W20', 'z_pe_T2W20', 'z_l2_T2W20']",0.11880645986018921,0.16869237737453488,98.0,0.14374941861736204,0.02494295875717283,0.1250609101765415,1.9844674545084815,3.3534637482651735,3.4118555503498285,98.0,3.382659649307501,0.029195901042327315,0.146384636775607,1.9844674545084815,completed,True,COMPLETE
265,2.7775022925533364,2026-06-11 12:18:57.020459,2026-06-11 12:19:19.092346,0 days 00:00:22.071887,,,,,,5.0,sqrt,2.0,4.0,432.0,,,,,ExtraTreesRegressor,,,,,,5,,,,,,,,True,0.0016049347977790526,0.01038014509924344,98.0,0.005992539948511247,0.004387605150732194,0.021998909551500394,1.9844674545084815,2.756722889357893,2.7982816957487797,98.0,2.7775022925533364,0.02077940319544353,0.10418535755306893,1.9844674545084815,896197182797181.5,1124998513137433.5,98.0,1010597847967307.5,114400665170126.05,573590785690709.8,1.9844674545084815,7.905223165167966,8.223728055140716,98.0,8.064475610154341,0.1592524449863754,0.7984720622652036,1.9844674545084815,2.418659646433564,2.4966665562739876,98.0,2.4576631013537757,0.039003454920211955,0.19555849888693358,1.9844674545084815,99.0,0.2222222222222222,0.02307795878846022,0.03805299000274076,98.0,0.030565474395600492,0.007487515607140271,0.037541477172219735,1.9844674545084815,ExtraTreesRegressor,"{'mode': 'original', 'type': 'ExtraTreesRegressor'}",5,"['l2_T2W20', 'lsc_T2W20', 'z_re_T2W20', 'z_pe_T2W20', 'z_l2_T2W20']",0.11880645986018921,0.16869237737453488,98.0,0.14374941861736204,0.02494295875717283,0.1250609101765415,1.9844674545084815,3.3534637482651735,3.4118555503498285,98.0,3.382659649307501,0.029195901042327315,0.146384636775607,1.9844674545084815,completed,True,COMPLETE
266,2.777501332387758,2026-06-11 12:19:19.105450,2026-06-11 12:19:41.185821,0 days 00:00:22.080371,,,,,,5.0,sqrt,2.0,4.0,431.0,,,,,ExtraTreesRegressor,,,,,,5,,,,,,,,True,0.001609292067966171,0.010376147788109618,98.0,0.0059927199280378944,0.0043834278600717235,0.021977965132790635,1.9844674545084815,2.7567310607596407,2.7982716040158757,98.0,2.777501332387758,0.020770271628117346,0.10413957300391945,1.9844674545084815,896259321289868.1,1125071867312973.1,98.0,1010665594301420.6,114406273011552.5,573618902714024.8,1.9844674545084815,7.905040139950803,8.223247231831913,98.0,8.064143685891358,0.15910354594055479,0.7977255008658112,1.9844674545084815,2.418777093644283,2.4966986962898297,98.0,2.4577378949670563,0.03896080132277318,0.1953446390249209,1.9844674545084815,99.0,0.2222222222222222,0.02309942816846795,0.038079214669115194,98.0,0.030589321418791574,0.007489893250323624,0.03755339838106588,1.9844674545084815,ExtraTreesRegressor,"{'mode': 'original', 'type': 'ExtraTreesRegressor'}",5,"['l2_T2W20', 'lsc_T2W20', 'z_re_T2W20', 'z_pe_T2W20', 'z_l2_T2W20']",0.11892378807220005,0.1688568018474872,98.0,0.14389029495984362,0.024966506887643562,0.12517897759020705,1.9844674545084815,3.353425884136356,3.4118057889423117,98.0,3.3826158365393337,0.029189952402978163,0.14635481103365877,1.9844674545084815,completed,True,COMPLETE
267,2.7775610026855926,2026-06-11 12:19:41.199346,2026-06-11 12:20:03.359942,0 days 00:00:22.160596,,,,,,5.0,sqrt,2.0,4.0,435.0,,,,,ExtraTreesRegressor,,,,,,5,,,,,,,,True,0.0015782780984791838,0.010363275101620707,98.0,0.005970776600049945,0.004392498501570761,0.022023444207378312,1.9844674545084815,2.7567853505175504,2.798336654853635,98.0,2.7775610026855926,0.020775652168042093,0.10416655036561823,1.9844674545084815,896193492353858.6,1124973954446068.6,98.0,1010583723399963.6,114390231046104.97,573538470283396.9,1.9844674545084815,7.904682584722422,8.223201977983127,98.0,8.063942281352775,0.15925969663035272,0.7985084211111974,1.9844674545084815,2.4183361228770663,2.496309645586144,98.0,2.4573228842316053,0.03898676135453883,0.1954747994133668,1.9844674545084815,99.0,0.2222222222222222,0.02309919288916949,0.03809342519511802,98.0,0.030596309042143756,0.007497116152974266,0.03758961312160247,1.9844674545084815,ExtraTreesRegressor,"{'mode': 'original', 'type': 'ExtraTreesRegressor'}",5,"['l2_T2W20', 'lsc_T2W20', 'z_re_T2W20', 'z_pe_T2W20', 'z_l2_T2W20']",0.11834030376870157,0.1683372140918374,98.0,0.14333875893026948,0.024998455161567918,0.1253391622841901,1.9844674545084815,3.353415475289981,3.4117853784692813,98.0,3.3826004268796313,0.02918495158964994,0.14632973757414905,1.9844674545084815,completed,True,COMPLETE
268,2.777501332387758,2026-06-11 12:20:03.388344,2026-06-11 12:20:25.438268,0 days 00:00:22.049924,,,,,,5.0,sqrt,2.0,3.0,431.0,,,,,ExtraTreesRegressor,,,,,,5,,,,,,,,True,0.001609292067966171,0.010376147788109618,98.0,0.0059927199280378944,0.0043834278600717235,0.021977965132790635,1.9844674545084815,2.7567310607596407,2.7982716040158757,98.0,2.777501332387758,0.020770271628117346,0.10413957300391945,1.9844674545084815,896259321289868.1,1125071867312973.1,98.0,1010665594301420.6,114406273011552.5,573618902714024.8,1.9844674545084815,7.905040139950803,8.223247231831913,98.0,8.064143685891358,0.15910354594055479,0.7977255008658112,1.9844674545084815,2.418777093644283,2.4966986962898297,98.0,2.4577378949670563,0.03896080132277318,0.1953446390249209,1.9844674545084815,99.0,0.2222222222222222,0.02309942816846795,0.038079214669115194,98.0,0.030589321418791574,0.007489893250323624,0.03755339838106588,1.9844674545084815,ExtraTreesRegressor,"{'mode': 'original', 'type': 'ExtraTreesRegressor'}",5,"['l2_T2W20', 'lsc_T2W20', 'z_re_T2W20', 'z_pe_T2W20', 'z_l2_T2W20']",0.11892378807220005,0.1688568018474872,98.0,0.14389029495984362,0.024966506887643562,0.12517897759020705,1.9844674545084815,3.353425884136356,3.4118057889423117,98.0,3.3826158365393337,0.029189952402978163,0.14635481103365877,1.9844674545084815,completed,True,COMPLETE
269,2.777507099296109,2026-06-11 12:20:25.452716,2026-06-11 12:20:47.587710,0 days 00:00:22.134994,,,,,,5.0,sqrt,2.0,3.0,433.0,,,,,ExtraTreesRegressor,,,,,,5,,,,,,,,True,0.0015997229709149331,0.010380340141591502,98.0,0.005990031556253218,0.004390308585338285,0.022012464238245138,1.9844674545084815,2.7567353172295292,2.798278881362689,98.0,2.777507099296109,0.020771782066579855,0.10414714615555419,1.9844674545084815,896168751498879.5,1124963475968517.2,98.0,1010566113733698.4,114397362234818.84,573574225181598.0,1.9844674545084815,7.904725043852139,8.223144647306317,98.0,8.063934845579228,0.15920980172708912,0.7982582542374089,1.9844674545084815,2.418551823885091,2.4965892896955775,98.0,2.4575705567903343,0.03901873290524323,0.19563510081424607,1.9844674545084815,99.0,0.2222222222222222,0.023118737269700623,0.03810330731068033,98.0,0.030611022290190477,0.007492285020489855,0.03756539042085691,1.9844674545084815,ExtraTreesRegressor,"{'mode': 'original', 'type': 'ExtraTreesRegressor'}",5,"['l2_T2W20', 'lsc_T2W20', 'z_re_T2W20', 'z_pe_T2W20', 'z_l2_T2W20']",0.11871551837145797,0.16857094776514478,98.0,0.14364323306830137,0.024927714696843413,0.12498447834348823,1.9844674545084815,3.353390547018466,3.4117625046929563,98.0,3.3825765258557112,0.02918597883724485,0.14633488806653638,1.9844674545084815,completed,True,COMPLETE
270,2.7775022925533364,2026-06-11 12:20:47.600335,2026-06-11 12:21:09.600089,0 days 00:00:21.999754,,,,,,5.0,sqrt,2.0,3.0,432.0,,,,,ExtraTreesRegressor,,,,,,5,,,,,,,,True,0.0016049347977790526,0.01038014509924344,98.0,0.005992539948511247,0.004387605150732194,0.021998909551500394,1.9844674545084815,2.756722889357893,2.7982816957487797,98.0,2.7775022925533364,0.02077940319544353,0.10418535755306893,1.9844674545084815,896197182797181.5,1124998513137433.5,98.0,1010597847967307.5,114400665170126.05,573590785690709.8,1.9844674545084815,7.905223165167966,8.223728055140716,98.0,8.064475610154341,0.1592524449863754,0.7984720622652036,1.9844674545084815,2.418659646433564,2.4966665562739876,98.0,2.4576631013537757,0.039003454920211955,0.19555849888693358,1.9844674545084815,99.0,0.2222222222222222,0.02307795878846022,0.03805299000274076,98.0,0.030565474395600492,0.007487515607140271,0.037541477172219735,1.9844674545084815,ExtraTreesRegressor,"{'mode': 'original', 'type': 'ExtraTreesRegressor'}",5,"['l2_T2W20', 'lsc_T2W20', 'z_re_T2W20', 'z_pe_T2W20', 'z_l2_T2W20']",0.11880645986018921,0.16869237737453488,98.0,0.14374941861736204,0.02494295875717283,0.1250609101765415,1.9844674545084815,3.3534637482651735,3.4118555503498285,98.0,3.382659649307501,0.029195901042327315,0.146384636775607,1.9844674545084815,completed,True,COMPLETE
271,2.777501332387758,2026-06-11 12:21:09.613605,2026-06-11 12:21:31.726360,0 days 00:00:22.112755,,,,,,5.0,sqrt,2.0,3.0,431.0,,,,,ExtraTreesRegressor,,,,,,5,,,,,,,,True,0.001609292067966171,0.010376147788109618,98.0,0.0059927199280378944,0.0043834278600717235,0.021977965132790635,1.9844674545084815,2.7567310607596407,2.7982716040158757,98.0,2.777501332387758,0.020770271628117346,0.10413957300391945,1.9844674545084815,896259321289868.1,1125071867312973.1,98.0,1010665594301420.6,114406273011552.5,573618902714024.8,1.9844674545084815,7.905040139950803,8.223247231831913,98.0,8.064143685891358,0.15910354594055479,0.7977255008658112,1.9844674545084815,2.418777093644283,2.4966986962898297,98.0,2.4577378949670563,0.03896080132277318,0.1953446390249209,1.9844674545084815,99.0,0.2222222222222222,0.02309942816846795,0.038079214669115194,98.0,0.030589321418791574,0.007489893250323624,0.03755339838106588,1.9844674545084815,ExtraTreesRegressor,"{'mode': 'original', 'type': 'ExtraTreesRegressor'}",5,"['l2_T2W20', 'lsc_T2W20', 'z_re_T2W20', 'z_pe_T2W20', 'z_l2_T2W20']",0.11892378807220005,0.1688568018474872,98.0,0.14389029495984362,0.024966506887643562,0.12517897759020705,1.9844674545084815,3.353425884136356,3.4118057889423117,98.0,3.3826158365393337,0.029189952402978163,0.14635481103365877,1.9844674545084815,completed,True,COMPLETE
272,2.7775022925533364,2026-06-11 12:21:31.740942,2026-06-11 12:21:53.774954,0 days 00:00:22.034012,,,,,,5.0,sqrt,2.0,3.0,432.0,,,,,ExtraTreesRegressor,,,,,,5,,,,,,,,True,0.0016049347977790526,0.01038014509924344,98.0,0.005992539948511247,0.004387605150732194,0.021998909551500394,1.9844674545084815,2.756722889357893,2.7982816957487797,98.0,2.7775022925533364,0.02077940319544353,0.10418535755306893,1.9844674545084815,896197182797181.5,1124998513137433.5,98.0,1010597847967307.5,114400665170126.05,573590785690709.8,1.9844674545084815,7.905223165167966,8.223728055140716,98.0,8.064475610154341,0.1592524449863754,0.7984720622652036,1.9844674545084815,2.418659646433564,2.4966665562739876,98.0,2.4576631013537757,0.039003454920211955,0.19555849888693358,1.9844674545084815,99.0,0.2222222222222222,0.02307795878846022,0.03805299000274076,98.0,0.030565474395600492,0.007487515607140271,0.037541477172219735,1.9844674545084815,ExtraTreesRegressor,"{'mode': 'original', 'type': 'ExtraTreesRegressor'}",5,"['l2_T2W20', 'lsc_T2W20', 'z_re_T2W20', 'z_pe_T2W20', 'z_l2_T2W20']",0.11880645986018921,0.16869237737453488,98.0,0.14374941861736204,0.02494295875717283,0.1250609101765415,1.9844674545084815,3.3534637482651735,3.4118555503498285,98.0,3.382659649307501,0.029195901042327315,0.146384636775607,1.9844674545084815,completed,True,COMPLETE
273,3.345873726364215,2026-06-11 12:21:53.787762,2026-06-11 12:21:53.950267,0 days 00:00:00.162505,7.0,4.0,2.0,,,,,,,,,,,,DecisionTreeRegressor,,,,,,5,,,,,,,,True,,,,,,,,,,,,,,,,,,,,,,,,,,,,,,,,,,,,,,,,,,,,,DecisionTreeRegressor,"{'mode': 'original', 'type': 'DecisionTreeRegressor'}",5,"['l1_T2W20', 'lcc_T2W20', 'lsc_T2W20', 'z_re_T2W20', 'z_l2_T2W20']",,,,,,,,,,,,,,,pruned,True,PRUNED
274,2.7775022925533364,2026-06-11 12:21:53.960955,2026-06-11 12:22:15.969171,0 days 00:00:22.008216,,,,,,5.0,sqrt,2.0,3.0,432.0,,,,,ExtraTreesRegressor,,,,,,5,,,,,,,,True,0.0016049347977790526,0.01038014509924344,98.0,0.005992539948511247,0.004387605150732194,0.021998909551500394,1.9844674545084815,2.756722889357893,2.7982816957487797,98.0,2.7775022925533364,0.02077940319544353,0.10418535755306893,1.9844674545084815,896197182797181.5,1124998513137433.5,98.0,1010597847967307.5,114400665170126.05,573590785690709.8,1.9844674545084815,7.905223165167966,8.223728055140716,98.0,8.064475610154341,0.1592524449863754,0.7984720622652036,1.9844674545084815,2.418659646433564,2.4966665562739876,98.0,2.4576631013537757,0.039003454920211955,0.19555849888693358,1.9844674545084815,99.0,0.2222222222222222,0.02307795878846022,0.03805299000274076,98.0,0.030565474395600492,0.007487515607140271,0.037541477172219735,1.9844674545084815,ExtraTreesRegressor,"{'mode': 'original', 'type': 'ExtraTreesRegressor'}",5,"['l2_T2W20', 'lsc_T2W20', 'z_re_T2W20', 'z_pe_T2W20', 'z_l2_T2W20']",0.11880645986018921,0.16869237737453488,98.0,0.14374941861736204,0.02494295875717283,0.1250609101765415,1.9844674545084815,3.3534637482651735,3.4118555503498285,98.0,3.382659649307501,0.029195901042327315,0.146384636775607,1.9844674545084815,completed,True,COMPLETE
275,3.0249368686868685,2026-06-11 12:22:15.982984,2026-06-11 12:22:17.866239,0 days 00:00:01.883255,,,,,,,,,,,manhattan,6.0,uniform,,KNeighborsRegressor,,,,,,5,,,,,0.07691211370903012,0.009869135429676898,LinearSVR,,-0.09444191898646047,-0.07123783662991397,98.0,-0.08283987780818722,0.011602041178273254,0.05817119948704221,1.9844674545084815,2.9904430892122402,3.059430648161497,98.0,3.0249368686868685,0.03449377947462839,0.17294754397512718,1.9844674545084815,948981141032477.9,1194777772501206.0,98.0,1071879456766842.0,122898315734364.12,616196954600811.9,1.9844674545084815,8.82496083363457,9.279416270742534,98.0,9.052188552188552,0.2272277185539821,1.1392916765148426,1.9844674545084815,2.6141043944069335,2.7175454372428978,98.0,2.6658249158249157,0.05172052141798209,0.25932029741572216,1.9844674545084815,99.0,0.9696969696969697,-0.1861827436318707,-0.14229300948487328,98.0,-0.164237876558372,0.021944867073498714,0.11002884928901019,1.9844674545084815,KNeighborsRegressor,"{'mode': 'proxy', 'type': 'LinearSVR'}",5,"['pe_T2W20', 'atd_T2W20', 'diameter_T2W20', 'z_pe_T2W20', 'z_l3_T2W20']",0.012457811102583639,0.06231151515061609,98.0,0.03738466312659986,0.024926852024016222,0.12498015300863106,1.9844674545084815,3.6604940681665465,3.7450321585170268,98.0,3.7027631133417866,0.04226904517524013,0.21193176452608015,1.9844674545084815,completed,True,COMPLETE
276,2.7775022925533364,2026-06-11 12:22:17.878959,2026-06-11 12:22:39.872988,0 days 00:00:21.994029,,,,,,5.0,sqrt,2.0,3.0,432.0,,,,,ExtraTreesRegressor,,,,,,5,,,,,,,,True,0.0016049347977790526,0.01038014509924344,98.0,0.005992539948511247,0.004387605150732194,0.021998909551500394,1.9844674545084815,2.756722889357893,2.7982816957487797,98.0,2.7775022925533364,0.02077940319544353,0.10418535755306893,1.9844674545084815,896197182797181.5,1124998513137433.5,98.0,1010597847967307.5,114400665170126.05,573590785690709.8,1.9844674545084815,7.905223165167966,8.223728055140716,98.0,8.064475610154341,0.1592524449863754,0.7984720622652036,1.9844674545084815,2.418659646433564,2.4966665562739876,98.0,2.4576631013537757,0.039003454920211955,0.19555849888693358,1.9844674545084815,99.0,0.2222222222222222,0.02307795878846022,0.03805299000274076,98.0,0.030565474395600492,0.007487515607140271,0.037541477172219735,1.9844674545084815,ExtraTreesRegressor,"{'mode': 'original', 'type': 'ExtraTreesRegressor'}",5,"['l2_T2W20', 'lsc_T2W20', 'z_re_T2W20', 'z_pe_T2W20', 'z_l2_T2W20']",0.11880645986018921,0.16869237737453488,98.0,0.14374941861736204,0.02494295875717283,0.1250609101765415,1.9844674545084815,3.3534637482651735,3.4118555503498285,98.0,3.382659649307501,0.029195901042327315,0.146384636775607,1.9844674545084815,completed,True,COMPLETE
277,2.777605194593894,2026-06-11 12:22:39.886538,2026-06-11 12:23:01.996250,0 days 00:00:22.109712,,,,,,5.0,sqrt,2.0,3.0,434.0,,,,,ExtraTreesRegressor,,,,,,5,,,,,,,,True,0.001561852929172239,0.010348144244718253,98.0,0.005954998586945245,0.004393145657773006,0.02202668896853384,1.9844674545084815,2.7568274739256426,2.7983829152621458,98.0,2.777605194593894,0.02077772066825172,0.10417692156983,1.9844674545084815,896120999554659.0,1124899483440467.2,98.0,1010510241497563.1,114389241942904.06,573533511042283.2,1.9844674545084815,7.905101803646723,8.22362786136453,98.0,8.064364832505627,0.159263028858904,0.7985251284930118,1.9844674545084815,2.4188101774591946,2.496776896675332,98.0,2.4577935370672632,0.03898335960806845,0.19545774347730419,1.9844674545084815,99.0,0.2222222222222222,0.023072311556693793,0.03806405935340176,98.0,0.030568185455047775,0.00749587389835398,0.03758338461058273,1.9844674545084815,ExtraTreesRegressor,"{'mode': 'original', 'type': 'ExtraTreesRegressor'}",5,"['l2_T2W20', 'lsc_T2W20', 'z_re_T2W20', 'z_pe_T2W20', 'z_l2_T2W20']",0.11845792426437429,0.16840113669315548,98.0,0.1434295304787649,0.0249716062143906,0.12520454498381423,1.9844674545084815,3.353462733160435,3.4118380509625705,98.0,3.3826503920615028,0.029187658901067993,0.14634331169874948,1.9844674545084815,completed,True,COMPLETE
