number,value,datetime_start,datetime_complete,duration,params_dt_max_depth,params_dt_min_samples_leaf,params_dt_min_samples_split,params_elastic_alpha,params_elastic_l1_ratio,params_et_max_depth,params_et_max_features,params_et_min_samples_leaf,params_et_min_samples_split,params_et_n_estimators,params_knn_metric,params_knn_n_neighbors,params_knn_weights,params_quantile_alpha,params_regressor,params_rf_max_depth,params_rf_max_features,params_rf_min_samples_leaf,params_rf_min_samples_split,params_rf_n_estimators,params_rfe_n_features,params_rfe_proxy_et_max_depth,params_rfe_proxy_et_min_samples_leaf,params_rfe_proxy_et_min_samples_split,params_rfe_proxy_et_n_estimators,params_rfe_proxy_lsvr_C,params_rfe_proxy_lsvr_epsilon,params_rfe_proxy_type,params_use_scaler,user_attrs_d2mae_ci_lower_val,user_attrs_d2mae_ci_upper_val,user_attrs_d2mae_df_val,user_attrs_d2mae_mean_val,user_attrs_d2mae_samperror_val,user_attrs_d2mae_std_val,user_attrs_d2mae_t_critical_val,user_attrs_mae_ci_lower_val,user_attrs_mae_ci_upper_val,user_attrs_mae_df_val,user_attrs_mae_mean_val,user_attrs_mae_samperror_val,user_attrs_mae_std_val,user_attrs_mae_t_critical_val,user_attrs_mape_ci_lower_val,user_attrs_mape_ci_upper_val,user_attrs_mape_df_val,user_attrs_mape_mean_val,user_attrs_mape_samperror_val,user_attrs_mape_std_val,user_attrs_mape_t_critical_val,user_attrs_max_error_ci_lower_val,user_attrs_max_error_ci_upper_val,user_attrs_max_error_df_val,user_attrs_max_error_mean_val,user_attrs_max_error_samperror_val,user_attrs_max_error_std_val,user_attrs_max_error_t_critical_val,user_attrs_median_ae_ci_lower_val,user_attrs_median_ae_ci_upper_val,user_attrs_median_ae_df_val,user_attrs_median_ae_mean_val,user_attrs_median_ae_samperror_val,user_attrs_median_ae_std_val,user_attrs_median_ae_t_critical_val,user_attrs_n_splits_val,user_attrs_r2_below_zero_val,user_attrs_r2_ci_lower_val,user_attrs_r2_ci_upper_val,user_attrs_r2_df_val,user_attrs_r2_mean_val,user_attrs_r2_samperror_val,user_attrs_r2_std_val,user_attrs_r2_t_critical_val,user_attrs_regressor_final,user_attrs_rfe_estimator,user_attrs_rfe_n_features,user_attrs_rfe_selected_features,user_attrs_rho_ci_lower_val,user_attrs_rho_ci_upper_val,user_attrs_rho_df_val,user_attrs_rho_mean_val,user_attrs_rho_samperror_val,user_attrs_rho_std_val,user_attrs_rho_t_critical_val,user_attrs_rmse_ci_lower_val,user_attrs_rmse_ci_upper_val,user_attrs_rmse_df_val,user_attrs_rmse_mean_val,user_attrs_rmse_samperror_val,user_attrs_rmse_std_val,user_attrs_rmse_t_critical_val,user_attrs_termination_reason,user_attrs_use_scaler_final,state
219,2.787517228272584,2026-06-11 12:02:58.513501,2026-06-11 12:03:22.243230,0 days 00:00:23.729729,,,,,,7.0,sqrt,2.0,4.0,460.0,,,,,ExtraTreesRegressor,,,,,,6,,,,,,,,True,-0.00276509066827669,0.0075744697148919255,98.0,0.002404689523307618,0.005169780191584308,0.025920638464202422,1.9844674545084815,2.7653569009046413,2.809677555640527,98.0,2.787517228272584,0.022160327367942805,0.11110914055647397,1.9844674545084815,897848396735820.2,1125726149408369.2,98.0,1011787273072094.8,113938876336274.47,571275433593427.6,1.9844674545084815,7.94879316838869,8.29733975318517,98.0,8.12306646078693,0.17427329239824035,0.8737847333576246,1.9844674545084815,2.4507091728067687,2.5442103921719346,98.0,2.4974597824893516,0.04675060968258292,0.2344017746704059,1.9844674545084815,99.0,0.32323232323232326,0.012363687823940718,0.03004482686577962,98.0,0.02120425734486017,0.008840569520919451,0.044325522145492804,1.9844674545084815,ExtraTreesRegressor,"{'mode': 'original', 'type': 'ExtraTreesRegressor'}",6,"['pe_T2W20', 'l2_T2W20', 'lsc_T2W20', 'z_re_T2W20', 'z_pe_T2W20', 'z_l2_T2W20']",0.10775235690081046,0.15524536898581592,98.0,0.1314988629433132,0.023746506042502735,0.11906204424662022,1.9844674545084815,3.3686809826790745,3.4285177000190314,98.0,3.398599341349053,0.029918358669978513,0.15000694996457709,1.9844674545084815,completed,True,COMPLETE
220,2.792677961867437,2026-06-11 12:03:22.256168,2026-06-11 12:03:47.370090,0 days 00:00:25.113922,,,,,,6.0,sqrt,2.0,5.0,500.0,,,,,ExtraTreesRegressor,,,,,,7,,,,,,,,True,-0.0037509822310631685,0.004928102052749718,98.0,0.0005885599108432748,0.004339542141906443,0.021757927569848234,1.9844674545084815,2.7715180993087474,2.813837824426127,98.0,2.792677961867437,0.021159862558689586,0.10609293374384686,1.9844674545084815,909754930858051.4,1140970757222449.5,98.0,1025362844040250.5,115607913182199.12,579643777906609.6,1.9844674545084815,7.916186449968461,8.257462766966151,98.0,8.086824608467307,0.17063815849884534,0.8555586215920664,1.9844674545084815,2.435608891414947,2.5151251738449187,98.0,2.475367032629933,0.03975814121498593,0.19934240262670358,1.9844674545084815,99.0,0.30303030303030304,0.013992436487542035,0.028572891500404474,98.0,0.021282663993973255,0.00729022750643122,0.036552299036543265,1.9844674545084815,ExtraTreesRegressor,"{'mode': 'original', 'type': 'ExtraTreesRegressor'}",7,"['pe_T2W20', 'l2_T2W20', 'l3_T2W20', 'lsc_T2W20', 'z_re_T2W20', 'z_pe_T2W20', 'z_l2_T2W20']",0.09429577236170147,0.14123362826562336,98.0,0.11776470031366242,0.02346892795196094,0.11767030203246767,1.9844674545084815,3.3692225498833768,3.4287823184338198,98.0,3.3990024341585983,0.029779884275221456,0.14931265647626013,1.9844674545084815,completed,True,COMPLETE
221,2.7860222178592475,2026-06-11 12:03:47.384043,2026-06-11 12:04:11.917006,0 days 00:00:24.532963,,,,,,6.0,sqrt,2.0,5.0,482.0,,,,,ExtraTreesRegressor,,,,,,6,,,,,,,,True,-0.0016962579880248191,0.0076329471013192145,98.0,0.002968344556647198,0.004664602544672017,0.023387740224713228,1.9844674545084815,2.7643808092494138,2.8076636264690813,98.0,2.7860222178592475,0.021641408609833674,0.10850734608499228,1.9844674545084815,898058413709663.0,1126560363201832.8,98.0,1012309388455747.9,114250974746084.89,572840256418799.9,1.9844674545084815,7.906932988461337,8.253588694230805,98.0,8.080260841346071,0.1733278528847337,0.8690444165721507,1.9844674545084815,2.44058745112992,2.528521884072344,98.0,2.484554667601132,0.04396721647121179,0.2204461853683477,1.9844674545084815,99.0,0.30303030303030304,0.017398256521786632,0.03325588147400324,98.0,0.025327068997894935,0.007928812476108302,0.039754085092093286,1.9844674545084815,ExtraTreesRegressor,"{'mode': 'original', 'type': 'ExtraTreesRegressor'}",6,"['pe_T2W20', 'l2_T2W20', 'lsc_T2W20', 'z_re_T2W20', 'z_pe_T2W20', 'z_l2_T2W20']",0.11413575730249244,0.16277242357723687,98.0,0.13845409043986465,0.024318333137372212,0.12192911457473112,1.9844674545084815,3.362127441627575,3.4212954026862836,98.0,3.3917114221569293,0.029583980529354466,0.14833041932453994,1.9844674545084815,completed,True,COMPLETE
222,2.790815659861962,2026-06-11 12:04:11.931655,2026-06-11 12:04:36.751251,0 days 00:00:24.819596,,,,,,8.0,sqrt,2.0,5.0,475.0,,,,,ExtraTreesRegressor,,,,,,6,,,,,,,,True,-0.004224164663113107,0.006723799781719893,98.0,0.001249817559303393,0.0054739822224165,0.02744586982202945,1.9844674545084815,2.767716244329721,2.8139150753942026,98.0,2.790815659861962,0.023099415532240687,0.11581761246257202,1.9844674545084815,897956335178645.6,1125912567051701.2,98.0,1011934451115173.5,113978115936527.84,571472176095807.8,1.9844674545084815,7.9522869366467335,8.309344327826238,98.0,8.130815632236486,0.17852869558975215,0.8951207986367923,1.9844674545084815,2.4666461521832352,2.564778361884589,98.0,2.515712257033912,0.049066104850676674,0.2460113810547293,1.9844674545084815,99.0,0.3333333333333333,0.007885356265446116,0.026472206476870323,98.0,0.01717878137115822,0.009293425105712103,0.04659608403688882,1.9844674545084815,ExtraTreesRegressor,"{'mode': 'original', 'type': 'ExtraTreesRegressor'}",6,"['pe_T2W20', 'l2_T2W20', 'lsc_T2W20', 'z_re_T2W20', 'z_pe_T2W20', 'z_l2_T2W20']",0.106889680478338,0.15488255932008635,98.0,0.13088611989921217,0.02399643942087417,0.12031517929314477,1.9844674545084815,3.3751218032435566,3.4358878842516316,98.0,3.405504843747594,0.03038304050403754,0.15233680720708304,1.9844674545084815,completed,True,COMPLETE
223,2.7860808452011225,2026-06-11 12:04:36.783288,2026-06-11 12:05:01.393672,0 days 00:00:24.610384,,,,,,6.0,sqrt,2.0,5.0,486.0,,,,,ExtraTreesRegressor,,,,,,6,,,,,,,,True,-0.001718192539730364,0.007609661472655152,98.0,0.002945734466462394,0.004663927006192758,0.023384353158331175,1.9844674545084815,2.7644640293619114,2.8076976610403337,98.0,2.7860808452011225,0.021616815839210938,0.1083840409748093,1.9844674545084815,898052650524568.6,1126569298957858.5,98.0,1012310974741213.6,114258324216644.98,572877105755180.1,1.9844674545084815,7.906513129148691,8.253218839509653,98.0,8.079865984329173,0.1733528551804812,0.8691697749906578,1.9844674545084815,2.4406635446959015,2.5283880196927324,98.0,2.484525782194317,0.04386223749841567,0.21991983378291258,1.9844674545084815,99.0,0.30303030303030304,0.017388873930793837,0.03322496665267974,98.0,0.025306920291736788,0.007918046360942952,0.0397001051222448,1.9844674545084815,ExtraTreesRegressor,"{'mode': 'original', 'type': 'ExtraTreesRegressor'}",6,"['pe_T2W20', 'l2_T2W20', 'lsc_T2W20', 'z_re_T2W20', 'z_pe_T2W20', 'z_l2_T2W20']",0.11404169024379325,0.16272745995556764,98.0,0.13838457509968044,0.02434288485588719,0.12205221385472324,1.9844674545084815,3.3621832351849394,3.4213079288617867,98.0,3.391745582023363,0.02956234683842347,0.1482219506739421,1.9844674545084815,completed,True,COMPLETE
224,2.78361350742179,2026-06-11 12:05:01.407119,2026-06-11 12:05:25.197490,0 days 00:00:23.790371,,,,,,7.0,sqrt,2.0,5.0,460.0,,,,,ExtraTreesRegressor,,,,,,6,,,,,,,,True,-0.0010180073567705424,0.008683511231630962,98.0,0.0038327519374302104,0.004850759294200753,0.024321107142335832,1.9844674545084815,2.7616167716325495,2.80561024321103,98.0,2.78361350742179,0.02199673578924048,0.11028891261443616,1.9844674545084815,911281133976287.5,1142323668344224.5,98.0,1026802401160256.0,115521267183968.45,579209345588159.6,1.9844674545084815,7.957509794783527,8.268022258160391,98.0,8.11276602647196,0.15525623168843222,0.7784355430548812,1.9844674545084815,2.4331472490523662,2.5211370196687994,98.0,2.477142134360583,0.04399488530821643,0.22058491349491094,1.9844674545084815,99.0,0.32323232323232326,0.011304692830408858,0.027845342949897295,98.0,0.019575017890153076,0.008270325059744218,0.041466386946979204,1.9844674545084815,ExtraTreesRegressor,"{'mode': 'original', 'type': 'ExtraTreesRegressor'}",6,"['l2_T2W20', 'l3_T2W20', 'lsc_T2W20', 'z_re_T2W20', 'z_pe_T2W20', 'z_l2_T2W20']",0.09512958924989796,0.14238053231747438,98.0,0.11875506078368618,0.023625471533788214,0.11845519218989475,1.9844674545084815,3.371689879426554,3.431644112471108,98.0,3.401666995948831,0.029977116522276956,0.15030155456862587,1.9844674545084815,completed,True,COMPLETE
225,2.7825433977940897,2026-06-11 12:05:25.215776,2026-06-11 12:05:48.926639,0 days 00:00:23.710863,,,,,,7.0,sqrt,2.0,5.0,460.0,,,,,ExtraTreesRegressor,,,,,,5,,,,,,,,True,-0.0010488516060785614,0.00942320879694859,98.0,0.0041871785954350135,0.005236030201513575,0.026252807819956033,1.9844674545084815,2.7602474247423476,2.8048393708458317,98.0,2.7825433977940897,0.0222959730517419,0.11178925123791252,1.9844674545084815,897937380629178.0,1126226895327798.5,98.0,1012082137978488.2,114144757349310.22,572307695528708.9,1.9844674545084815,7.985753472532373,8.320736586413798,98.0,8.153245029473085,0.16749155694071208,0.8397819505622149,1.9844674545084815,2.432291173669649,2.522407640992849,98.0,2.477349407331249,0.04505823366160007,0.22591641062015244,1.9844674545084815,99.0,0.32323232323232326,0.011579382249827337,0.02950527892645543,98.0,0.020542330588141384,0.008962948338314047,0.04493911439967138,1.9844674545084815,ExtraTreesRegressor,"{'mode': 'original', 'type': 'ExtraTreesRegressor'}",5,"['l2_T2W20', 'lsc_T2W20', 'z_re_T2W20', 'z_pe_T2W20', 'z_l2_T2W20']",0.11115484308736658,0.15745091496065075,98.0,0.13430287902400867,0.02314803593664209,0.11606138915669989,1.9844674545084815,3.3695215018380313,3.4300435203895088,98.0,3.39978251111377,0.030261009275738666,0.15172495772163938,1.9844674545084815,completed,True,COMPLETE
226,2.787060147430589,2026-06-11 12:05:48.979908,2026-06-11 12:06:12.961043,0 days 00:00:23.981135,,,,,,8.0,sqrt,2.0,5.0,456.0,,,,,ExtraTreesRegressor,,,,,,5,,,,,,,,True,-0.0032056197365730697,0.008382120398033,98.0,0.0025882503307299654,0.005793870067303035,0.029049747911448896,1.9844674545084815,2.7634303129283397,2.810689981932838,98.0,2.787060147430589,0.023629834502249317,0.1184770675741316,1.9844674545084815,898691659607193.2,1127115422350412.5,98.0,1012903540978802.9,114211881371609.69,572644247074385.8,1.9844674545084815,8.01139308749762,8.341538716679473,98.0,8.176465902088546,0.16507281459092688,0.8276546755788613,1.9844674545084815,2.434300844550006,2.527354184230647,98.0,2.4808275143903264,0.04652666984032047,0.23327896799896083,1.9844674545084815,99.0,0.35353535353535354,0.005691118249252249,0.02512485509429601,98.0,0.01540798667177413,0.00971686842252188,0.04871917645443033,1.9844674545084815,ExtraTreesRegressor,"{'mode': 'original', 'type': 'ExtraTreesRegressor'}",5,"['l2_T2W20', 'lsc_T2W20', 'z_re_T2W20', 'z_pe_T2W20', 'z_l2_T2W20']",0.10828641895744161,0.1553017650995908,98.0,0.1317940920285162,0.023507673071074587,0.11786456526757236,1.9844674545084815,3.377526646614426,3.439541358283083,98.0,3.4085340024487545,0.03100735583432855,0.15546704705566994,1.9844674545084815,completed,True,COMPLETE
227,2.794243578567112,2026-06-11 12:06:12.973861,2026-06-11 12:06:36.981394,0 days 00:00:24.007533,,,,,,7.0,sqrt,2.0,5.0,471.0,,,,,ExtraTreesRegressor,,,,,,7,,,,,,,,True,-0.004661260329828177,0.004753078223917783,98.0,4.590894704480252e-05,0.00470716927687298,0.023601164555167316,1.9844674545084815,2.7722049598129788,2.816282197321245,98.0,2.794243578567112,0.02203861875413292,0.11049890862017603,1.9844674545084815,910296948022112.0,1141021942014290.8,98.0,1025659445018201.4,115362496996089.44,578413291503383.5,1.9844674545084815,7.952262634253688,8.291174833052942,98.0,8.121718733653315,0.1694560993996271,0.8496319234697685,1.9844674545084815,2.4493619821165487,2.5381427520906232,98.0,2.493752367103586,0.044390384987037144,0.22256789996774165,1.9844674545084815,99.0,0.3333333333333333,0.009193525460843382,0.02489557624876305,98.0,0.017044550854803216,0.007851025393959835,0.03936407028317783,1.9844674545084815,ExtraTreesRegressor,"{'mode': 'original', 'type': 'ExtraTreesRegressor'}",7,"['pe_T2W20', 'l2_T2W20', 'l3_T2W20', 'lsc_T2W20', 'z_re_T2W20', 'z_pe_T2W20', 'z_l2_T2W20']",0.09152033221702285,0.13807330174586008,98.0,0.11479681698144147,0.02327648476441862,0.11670541569217348,1.9844674545084815,3.3761998158002444,3.436224028832885,98.0,3.4062119223165648,0.03001210651632019,0.15047699007107446,1.9844674545084815,completed,True,COMPLETE
228,2.782713192729561,2026-06-11 12:06:36.994984,2026-06-11 12:07:00.769152,0 days 00:00:23.774168,,,,,,7.0,sqrt,2.0,4.0,458.0,,,,,ExtraTreesRegressor,,,,,,5,,,,,,,,True,-0.0012156750552963216,0.009492242750381786,98.0,0.004138283847542733,0.005353958902839054,0.026844087742569897,1.9844674545084815,2.760033067816809,2.805393317642313,98.0,2.782713192729561,0.022680124912751936,0.11371534115577808,1.9844674545084815,898624553041133.1,1127111569807533.2,98.0,1012868061424333.1,114243508383200.05,572802820998761.0,1.9844674545084815,7.9864715693711315,8.322019986327858,98.0,8.154245777849495,0.1677742084783634,0.8411991304126731,1.9844674545084815,2.4309670179449747,2.5212751319832,98.0,2.4761210749640874,0.04515405701911281,0.2263968570829551,1.9844674545084815,99.0,0.3333333333333333,0.010783631789198542,0.028969792696764918,98.0,0.01987671224298173,0.009093080453783188,0.04559158073144085,1.9844674545084815,ExtraTreesRegressor,"{'mode': 'original', 'type': 'ExtraTreesRegressor'}",5,"['l2_T2W20', 'lsc_T2W20', 'z_re_T2W20', 'z_pe_T2W20', 'z_l2_T2W20']",0.10886278624847175,0.15534626325123596,98.0,0.13210452474985385,0.0232417385013821,0.11653120222684707,1.9844674545084815,3.370413619686504,3.4314732978895206,98.0,3.4009434587880123,0.0305298391015084,0.15307283721824064,1.9844674545084815,completed,True,COMPLETE
229,2.821139086353035,2026-06-11 12:07:00.782708,2026-06-11 12:07:26.001916,0 days 00:00:25.219208,,,,,,7.0,,2.0,4.0,460.0,,,,,ExtraTreesRegressor,,,,,,5,,,,,,,,True,-0.018278808486337526,-0.0009103816468551372,98.0,-0.009594595066596332,0.008684213419741195,0.04354157199285163,1.9844674545084815,2.791070762430112,2.851207410275958,98.0,2.821139086353035,0.030068323922923117,0.15075885719461707,1.9844674545084815,892866169347883.8,1120851005742940.8,98.0,1006858587545412.2,113992418197528.5,571543885863511.6,1.9844674545084815,8.152940285618023,8.51899000319047,98.0,8.335965144404247,0.1830248587862242,0.9176640048027955,1.9844674545084815,2.4353079447471315,2.5442000462461656,98.0,2.4897539954966486,0.054446050749517076,0.2729857643810879,1.9844674545084815,99.0,0.5555555555555556,-0.03263185005546436,-0.0018176204465351342,98.0,-0.017224735250999747,0.015407114804464613,0.07724936802402062,1.9844674545084815,ExtraTreesRegressor,"{'mode': 'original', 'type': 'ExtraTreesRegressor'}",5,"['l2_T2W20', 'lsc_T2W20', 'z_re_T2W20', 'z_pe_T2W20', 'z_l2_T2W20']",0.09135539854433947,0.13951159811684602,98.0,0.11543349833059274,0.02407809978625328,0.1207246142651175,1.9844674545084815,3.426343555926992,3.499595853580271,98.0,3.4629697047536316,0.0366261488266397,0.18363898016725128,1.9844674545084815,completed,True,COMPLETE
230,2.788755229407267,2026-06-11 12:07:26.068979,2026-06-11 12:07:49.902044,0 days 00:00:23.833065,,,,,,8.0,sqrt,2.0,3.0,458.0,,,,,ExtraTreesRegressor,,,,,,5,,,,,,,,True,-0.003773293566721831,0.0077605463616837195,98.0,0.0019936263974809445,0.0057669199642027755,0.02891462342778671,1.9844674545084815,2.76500407884178,2.812506379972754,98.0,2.788755229407267,0.023751150565487104,0.11908533131041306,1.9844674545084815,900147019493939.1,1128951126554226.5,98.0,1014549073024082.8,114402053530143.66,573597746756120.9,1.9844674545084815,8.015195439923586,8.34939907542178,98.0,8.182297257672683,0.16710181774909713,0.8378278464597568,1.9844674545084815,2.4342183603364935,2.5279722186710005,98.0,2.481095289503747,0.04687692916725347,0.2350351249429107,1.9844674545084815,99.0,0.35353535353535354,0.004257185767449706,0.023642036980426058,98.0,0.013949611373937881,0.009692425606488175,0.048596623198009864,1.9844674545084815,ExtraTreesRegressor,"{'mode': 'original', 'type': 'ExtraTreesRegressor'}",5,"['l2_T2W20', 'lsc_T2W20', 'z_re_T2W20', 'z_pe_T2W20', 'z_l2_T2W20']",0.1034270929537933,0.1501394220242636,98.0,0.12678325748902847,0.023356164535235157,0.1171049202079763,1.9844674545084815,3.380056567200609,3.442084206744119,98.0,3.411070386972364,0.03101381977175512,0.15549945643844448,1.9844674545084815,completed,True,COMPLETE
231,2.783706684246451,2026-06-11 12:07:49.936494,2026-06-11 12:08:14.125286,0 days 00:00:24.188792,,,,,,7.0,sqrt,2.0,5.0,471.0,,,,,ExtraTreesRegressor,,,,,,6,,,,,,,,True,-0.0010415089286176155,0.008643725873877553,98.0,0.0038011084726299687,0.004842617401247584,0.024280284698086293,1.9844674545084815,2.7617014655613406,2.8057119029315616,98.0,2.783706684246451,0.022005218685110444,0.11033144480513409,1.9844674545084815,911412780643184.8,1142514469679155.5,98.0,1026963625161170.1,115550844517985.39,579357642682693.0,1.9844674545084815,7.955991746923972,8.265827156804692,98.0,8.110909451864332,0.15491770494036028,0.7767382118102146,1.9844674545084815,2.433073569895936,2.5210197014797373,98.0,2.4770466356878367,0.04397306579190044,0.22047551313881628,1.9844674545084815,99.0,0.3333333333333333,0.01120577178587245,0.027733415055218074,98.0,0.019469593420545262,0.008263821634672812,0.04143377957803741,1.9844674545084815,ExtraTreesRegressor,"{'mode': 'original', 'type': 'ExtraTreesRegressor'}",6,"['l2_T2W20', 'l3_T2W20', 'lsc_T2W20', 'z_re_T2W20', 'z_pe_T2W20', 'z_l2_T2W20']",0.09531412353737387,0.1429416508389571,98.0,0.11912788718816548,0.023813763650791624,0.11939926557592569,1.9844674545084815,3.371865383027985,3.4318469619479846,98.0,3.4018561724879848,0.02999078945999979,0.15037010898725164,1.9844674545084815,completed,True,COMPLETE
232,2.783670575382953,2026-06-11 12:08:14.138256,2026-06-11 12:08:38.257503,0 days 00:00:24.119247,,,,,,7.0,sqrt,2.0,5.0,470.0,,,,,ExtraTreesRegressor,,,,,,6,,,,,,,,True,-0.0010303842274930809,0.008660000377323195,98.0,0.0038148080749150566,0.0048451923024081375,0.02429319493403257,1.9844674545084815,2.761649114279461,2.8056920364864455,98.0,2.783670575382953,0.02202146110349223,0.11041288228198155,1.9844674545084815,911494867269140.2,1142625303014508.0,98.0,1027060085141824.1,115565217872683.84,579429708905404.5,1.9844674545084815,7.955041805698079,8.264820925237476,98.0,8.109931365467778,0.15488955976969873,0.7765970954056103,1.9844674545084815,2.4330886643359575,2.5210749004978155,98.0,2.4770817824168865,0.043993118080929115,0.22057605283586917,1.9844674545084815,99.0,0.3333333333333333,0.011239173806416921,0.027774418075437467,98.0,0.019506795940927194,0.008267622134510273,0.0414528348141634,1.9844674545084815,ExtraTreesRegressor,"{'mode': 'original', 'type': 'ExtraTreesRegressor'}",6,"['l2_T2W20', 'l3_T2W20', 'lsc_T2W20', 'z_re_T2W20', 'z_pe_T2W20', 'z_l2_T2W20']",0.09501327569240534,0.14265648173762352,98.0,0.11883487871501443,0.02382160302260909,0.11943857121661768,1.9844674545084815,3.371798901517887,3.431781319420791,98.0,3.401790110469339,0.029991208951452013,0.15037221226550893,1.9844674545084815,completed,True,COMPLETE
