number,value,datetime_start,datetime_complete,duration,params_dt_max_depth,params_dt_min_samples_leaf,params_dt_min_samples_split,params_elastic_alpha,params_elastic_l1_ratio,params_et_max_depth,params_et_max_features,params_et_min_samples_leaf,params_et_min_samples_split,params_et_n_estimators,params_knn_metric,params_knn_n_neighbors,params_knn_weights,params_quantile_alpha,params_regressor,params_rf_max_depth,params_rf_max_features,params_rf_min_samples_leaf,params_rf_min_samples_split,params_rf_n_estimators,params_rfe_n_features,params_rfe_proxy_et_max_depth,params_rfe_proxy_et_min_samples_leaf,params_rfe_proxy_et_min_samples_split,params_rfe_proxy_et_n_estimators,params_rfe_proxy_lsvr_C,params_rfe_proxy_lsvr_epsilon,params_rfe_proxy_type,params_use_scaler,user_attrs_d2mae_ci_lower_val,user_attrs_d2mae_ci_upper_val,user_attrs_d2mae_df_val,user_attrs_d2mae_mean_val,user_attrs_d2mae_samperror_val,user_attrs_d2mae_std_val,user_attrs_d2mae_t_critical_val,user_attrs_mae_ci_lower_val,user_attrs_mae_ci_upper_val,user_attrs_mae_df_val,user_attrs_mae_mean_val,user_attrs_mae_samperror_val,user_attrs_mae_std_val,user_attrs_mae_t_critical_val,user_attrs_mape_ci_lower_val,user_attrs_mape_ci_upper_val,user_attrs_mape_df_val,user_attrs_mape_mean_val,user_attrs_mape_samperror_val,user_attrs_mape_std_val,user_attrs_mape_t_critical_val,user_attrs_max_error_ci_lower_val,user_attrs_max_error_ci_upper_val,user_attrs_max_error_df_val,user_attrs_max_error_mean_val,user_attrs_max_error_samperror_val,user_attrs_max_error_std_val,user_attrs_max_error_t_critical_val,user_attrs_median_ae_ci_lower_val,user_attrs_median_ae_ci_upper_val,user_attrs_median_ae_df_val,user_attrs_median_ae_mean_val,user_attrs_median_ae_samperror_val,user_attrs_median_ae_std_val,user_attrs_median_ae_t_critical_val,user_attrs_n_splits_val,user_attrs_r2_below_zero_val,user_attrs_r2_ci_lower_val,user_attrs_r2_ci_upper_val,user_attrs_r2_df_val,user_attrs_r2_mean_val,user_attrs_r2_samperror_val,user_attrs_r2_std_val,user_attrs_r2_t_critical_val,user_attrs_regressor_final,user_attrs_rfe_estimator,user_attrs_rfe_n_features,user_attrs_rfe_selected_features,user_attrs_rho_ci_lower_val,user_attrs_rho_ci_upper_val,user_attrs_rho_df_val,user_attrs_rho_mean_val,user_attrs_rho_samperror_val,user_attrs_rho_std_val,user_attrs_rho_t_critical_val,user_attrs_rmse_ci_lower_val,user_attrs_rmse_ci_upper_val,user_attrs_rmse_df_val,user_attrs_rmse_mean_val,user_attrs_rmse_samperror_val,user_attrs_rmse_std_val,user_attrs_rmse_t_critical_val,user_attrs_termination_reason,user_attrs_use_scaler_final,state
191,2.7920380827752447,2026-06-11 11:51:15.712095,2026-06-11 11:51:40.310827,0 days 00:00:24.598732,,,,,,3.0,log2,2.0,7.0,470.0,,,,,ExtraTreesRegressor,,,,,,4,,,,,,,,False,-0.002944246263634302,0.004471462941161444,98.0,0.0007636083387635708,0.003707854602397873,0.01859072437606498,1.9844674545084815,2.7727440023271757,2.8113321632233137,98.0,2.7920380827752447,0.019294080448068997,0.09673813300761828,1.9844674545084815,908672415600101.0,1139969178485828.0,98.0,1024320797042964.5,115648381442863.53,579846680760325.8,1.9844674545084815,7.8337408220604114,8.16360608927868,98.0,7.998673455669546,0.16493263360913393,0.8269518254742231,1.9844674545084815,2.4261278494899434,2.4830258428569936,98.0,2.4545768461734685,0.028448996683524987,0.14263975070030194,1.9844674545084815,99.0,0.13131313131313133,0.024151670514725346,0.035557035660903215,98.0,0.02985435308781428,0.005702682573088935,0.028592545093845952,1.9844674545084815,ExtraTreesRegressor,"{'mode': 'original', 'type': 'ExtraTreesRegressor'}",4,"['pe_T2W20', 'z_re_T2W20', 'z_pe_T2W20', 'z_l2_T2W20']",0.07736973105232595,0.1245500025971126,98.0,0.10095986682471927,0.02359013577239333,0.11827802305271072,1.9844674545084815,3.356522777419948,3.4116642558910995,98.0,3.3840935166555237,0.02757073923557579,0.13823627648222153,1.9844674545084815,completed,False,COMPLETE
192,2.806092966136068,2026-06-11 11:51:40.325048,2026-06-11 11:52:04.407299,0 days 00:00:24.082251,,,,,,3.0,log2,2.0,8.0,467.0,,,,,ExtraTreesRegressor,,,,,,3,,,,,,,,False,-0.0074450392900907245,-0.0011203364425784903,98.0,-0.004282687866334608,0.0031623514237561173,0.01585563890808632,1.9844674545084815,2.7877847591791896,2.8244011730929466,98.0,2.806092966136068,0.018308206956878716,0.09179508525905375,1.9844674545084815,920776054092258.5,1155664650845096.5,98.0,1038220352468677.5,117444298376418.95,588851186139917.8,1.9844674545084815,7.870220927344348,8.176129754812461,98.0,8.023175341078405,0.15295441373405697,0.7668945125284969,1.9844674545084815,2.4780397668316687,2.515046933343782,98.0,2.4965433500877254,0.01850358325605684,0.09277467785831241,1.9844674545084815,99.0,0.09090909090909091,0.0189276621620207,0.02555137472601996,98.0,0.02223951844402033,0.0033118562819996313,0.01660523777603826,1.9844674545084815,ExtraTreesRegressor,"{'mode': 'original', 'type': 'ExtraTreesRegressor'}",3,"['z_re_T2W20', 'z_pe_T2W20', 'z_l2_T2W20']",0.09519060399907,0.1417350257499324,98.0,0.11846281487450121,0.0232722108754312,0.11668398694140002,1.9844674545084815,3.371010745020266,3.4242518824970496,98.0,3.397631313758658,0.026620568738391685,0.13347223912973347,1.9844674545084815,completed,False,COMPLETE
193,2.796201696755829,2026-06-11 11:52:04.420729,2026-06-11 11:52:29.794792,0 days 00:00:25.374063,,,,,,3.0,log2,2.0,7.0,491.0,,,,,ExtraTreesRegressor,,,,,,5,,,,,,,,False,-0.004396951224301064,0.002969849188157104,98.0,-0.0007135510180719802,0.0036834002062290845,0.018468113058279476,1.9844674545084815,2.7767009954200526,2.8157023980916054,98.0,2.796201696755829,0.019500701335776385,0.09777410458299284,1.9844674545084815,908967762430983.0,1140195517054106.0,98.0,1024581639742544.5,115613877311561.5,579673681313568.4,1.9844674545084815,7.835233286416042,8.175057866315814,98.0,8.005145576365928,0.1699122899498867,0.8519192064655353,1.9844674545084815,2.4412917011100164,2.5060686429515706,98.0,2.4736801720307935,0.032388470920777235,0.16239178727800446,1.9844674545084815,99.0,0.1919191919191919,0.021475544689261515,0.03260285740317228,98.0,0.027039201046216897,0.005563656356955383,0.027895484841398442,1.9844674545084815,ExtraTreesRegressor,"{'mode': 'original', 'type': 'ExtraTreesRegressor'}",5,"['pe_T2W20', 'l2_T2W20', 'z_re_T2W20', 'z_pe_T2W20', 'z_l2_T2W20']",0.0871639445840588,0.13441486995314902,98.0,0.11078940726860391,0.023625462684545108,0.11845514782088433,1.9844674545084815,3.361272851942838,3.416880607639674,98.0,3.389076729791256,0.02780387784841802,0.13940520465161768,1.9844674545084815,completed,False,COMPLETE
194,2.78529802687188,2026-06-11 11:52:29.840426,2026-06-11 11:52:54.955280,0 days 00:00:25.114854,,,,,,6.0,log2,2.0,5.0,465.0,,,,,ExtraTreesRegressor,,,,,,6,,,,,,,,False,-0.0014595855864558767,0.007911862069017646,98.0,0.0032261382412808845,0.004685723827736761,0.023493639725646078,1.9844674545084815,2.7636428176191914,2.8069532361245684,98.0,2.78529802687188,0.021655209252688358,0.10857654080135413,1.9844674545084815,897521476636232.1,1125896176444623.9,98.0,1011708826540428.0,114187349904195.89,572521249330910.2,1.9844674545084815,7.905070503687243,8.251634571338313,98.0,8.078352537512778,0.17328203382553478,0.868814685476388,1.9844674545084815,2.4401861171115913,2.528870476128292,98.0,2.4845282966199416,0.04434217950835007,0.22232620365982603,1.9844674545084815,99.0,0.30303030303030304,0.017832029968389247,0.03378884427926743,98.0,0.025810437123828335,0.007978407155439089,0.040002746680215355,1.9844674545084815,ExtraTreesRegressor,"{'mode': 'original', 'type': 'ExtraTreesRegressor'}",6,"['pe_T2W20', 'l2_T2W20', 'lsc_T2W20', 'z_re_T2W20', 'z_pe_T2W20', 'z_l2_T2W20']",0.11591091374204662,0.16459807298177273,98.0,0.14025449336190968,0.024343579619863054,0.1220556973153674,1.9844674545084815,3.361247328897065,3.4204692750032617,98.0,3.3908583019501632,0.0296109730530986,0.14846575650006377,1.9844674545084815,completed,False,COMPLETE
195,2.7852162492979677,2026-06-11 11:52:55.006577,2026-06-11 11:53:20.007353,0 days 00:00:25.000776,,,,,,5.0,log2,2.0,5.0,471.0,,,,,ExtraTreesRegressor,,,,,,6,,,,,,,,False,-0.0010302276792689652,0.007499123170744035,98.0,0.003234447745737535,0.0042646754250065,0.02138255511108795,1.9844674545084815,2.764569269610584,2.8058632289853516,98.0,2.7852162492979677,0.020646979687384,0.10352140246225865,1.9844674545084815,898487745151915.5,1126898009537775.0,98.0,1012692877344845.2,114205132192929.7,572610407527246.2,1.9844674545084815,7.887756153923759,8.229709206165458,98.0,8.058732680044608,0.17097652612085,0.857255154998313,1.9844674545084815,2.4328647796617253,2.511178674129383,98.0,2.472021726895554,0.03915694723382903,0.1963280903629462,1.9844674545084815,99.0,0.24242424242424243,0.0217581995061856,0.0362075335085042,98.0,0.028982866507344898,0.007224667001159297,0.036223586771861244,1.9844674545084815,ExtraTreesRegressor,"{'mode': 'original', 'type': 'ExtraTreesRegressor'}",6,"['pe_T2W20', 'l2_T2W20', 'lsc_T2W20', 'z_re_T2W20', 'z_pe_T2W20', 'z_l2_T2W20']",0.11968156344507795,0.1712128342872981,98.0,0.14544719886618804,0.025765635421110086,0.12918570921801076,1.9844674545084815,3.356560107047677,3.414304626681012,98.0,3.3854323668643445,0.02887225981666774,0.14476193969922274,1.9844674545084815,completed,False,COMPLETE
196,2.785569630064977,2026-06-11 11:53:20.020591,2026-06-11 11:53:45.180283,0 days 00:00:25.159692,,,,,,6.0,log2,2.0,5.0,471.0,,,,,ExtraTreesRegressor,,,,,,6,,,,,,,,False,-0.0015645877349552413,0.0078231958821329,98.0,0.0031293040735888293,0.004693891808544071,0.02353459297116964,1.9844674545084815,2.7638935602822077,2.807245699847746,98.0,2.785569630064977,0.02167606978276898,0.10868113291907543,1.9844674545084815,897688520370728.6,1126086581466531.2,98.0,1011887550918629.9,114199030547901.27,572579814633746.4,1.9844674545084815,7.904794734528244,8.251027360776172,98.0,8.077911047652208,0.1731163131239639,0.8679837823756246,1.9844674545084815,2.4399822118207384,2.5285667954797244,98.0,2.4842745036502314,0.044292291829493076,0.22207607300831872,1.9844674545084815,99.0,0.30303030303030304,0.017580469430688254,0.033592902146764955,98.0,0.025586685788726606,0.008006216358038352,0.040142178582509125,1.9844674545084815,ExtraTreesRegressor,"{'mode': 'original', 'type': 'ExtraTreesRegressor'}",6,"['pe_T2W20', 'l2_T2W20', 'lsc_T2W20', 'z_re_T2W20', 'z_pe_T2W20', 'z_l2_T2W20']",0.1150118053916743,0.16367926454420564,98.0,0.13934553496793997,0.02433372957626567,0.12200631041505779,1.9844674545084815,3.361626545949923,3.4208498468402073,98.0,3.391238196395065,0.029611650445142197,0.14846915285998818,1.9844674545084815,completed,False,COMPLETE
197,2.785569630064977,2026-06-11 11:53:45.193815,2026-06-11 11:54:10.460265,0 days 00:00:25.266450,,,,,,6.0,log2,2.0,5.0,471.0,,,,,ExtraTreesRegressor,,,,,,6,,,,,,,,False,-0.0015645877349552413,0.0078231958821329,98.0,0.0031293040735888293,0.004693891808544071,0.02353459297116964,1.9844674545084815,2.7638935602822077,2.807245699847746,98.0,2.785569630064977,0.02167606978276898,0.10868113291907543,1.9844674545084815,897688520370728.6,1126086581466531.2,98.0,1011887550918629.9,114199030547901.27,572579814633746.4,1.9844674545084815,7.904794734528244,8.251027360776172,98.0,8.077911047652208,0.1731163131239639,0.8679837823756246,1.9844674545084815,2.4399822118207384,2.5285667954797244,98.0,2.4842745036502314,0.044292291829493076,0.22207607300831872,1.9844674545084815,99.0,0.30303030303030304,0.017580469430688254,0.033592902146764955,98.0,0.025586685788726606,0.008006216358038352,0.040142178582509125,1.9844674545084815,ExtraTreesRegressor,"{'mode': 'original', 'type': 'ExtraTreesRegressor'}",6,"['pe_T2W20', 'l2_T2W20', 'lsc_T2W20', 'z_re_T2W20', 'z_pe_T2W20', 'z_l2_T2W20']",0.1150118053916743,0.16367926454420564,98.0,0.13934553496793997,0.02433372957626567,0.12200631041505779,1.9844674545084815,3.361626545949923,3.4208498468402073,98.0,3.391238196395065,0.029611650445142197,0.14846915285998818,1.9844674545084815,completed,False,COMPLETE
198,2.7854516628349297,2026-06-11 11:54:10.474152,2026-06-11 11:54:35.679143,0 days 00:00:25.204991,,,,,,6.0,log2,2.0,5.0,469.0,,,,,ExtraTreesRegressor,,,,,,6,,,,,,,,False,-0.0015160715919796015,0.007859412774724052,98.0,0.003171670591372225,0.004687742183351827,0.02350375951106277,1.9844674545084815,2.7637844297849488,2.8071188958849107,98.0,2.7854516628349297,0.02166723304998102,0.10863682663383446,1.9844674545084815,897701509155681.5,1126102603454774.0,98.0,1011902056305227.8,114200547149546.25,572587418686815.8,1.9844674545084815,7.904536852338092,8.251161780435782,98.0,8.077849316386937,0.1733124640488449,0.868967258852349,1.9844674545084815,2.4400252496261166,2.5287918501251383,98.0,2.4844085498756274,0.04438330024951109,0.22253237797005104,1.9844674545084815,99.0,0.30303030303030304,0.017696073996814873,0.033673802154842815,98.0,0.025684938075828844,0.007988864079013969,0.04005517640167111,1.9844674545084815,ExtraTreesRegressor,"{'mode': 'original', 'type': 'ExtraTreesRegressor'}",6,"['pe_T2W20', 'l2_T2W20', 'lsc_T2W20', 'z_re_T2W20', 'z_pe_T2W20', 'z_l2_T2W20']",0.11539600395531159,0.16408628674649423,98.0,0.1397411453509029,0.024345141395591314,0.12206352786570306,1.9844674545084815,3.361460914362954,3.420685410253476,98.0,3.391073162308215,0.029612247945260836,0.14847214865168212,1.9844674545084815,completed,False,COMPLETE
199,2.7860083033687153,2026-06-11 11:54:35.692058,2026-06-11 11:55:01.712825,0 days 00:00:26.020767,,,,,,6.0,log2,2.0,5.0,484.0,,,,,ExtraTreesRegressor,,,,,,6,,,,,,,,False,-0.0016922162102933143,0.007637521085593218,98.0,0.0029726524376499515,0.004664868647943266,0.023389074433602688,1.9844674545084815,2.7643763720278796,2.807640234709551,98.0,2.7860083033687153,0.02163193134083569,0.10845982823041798,1.9844674545084815,897956030484327.0,1126454382244069.2,98.0,1012205206364198.1,114249175879871.16,572831237126094.2,1.9844674545084815,7.906866927088435,8.253558296842192,98.0,8.080212611965313,0.1733456848768786,0.8691338239752425,1.9844674545084815,2.4405939811948096,2.5283394319261,98.0,2.484466706560455,0.04387272536564524,0.21997241865202571,1.9844674545084815,99.0,0.30303030303030304,0.01743383951365393,0.03327731841657883,98.0,0.02535557896511638,0.007921739451462446,0.03971862182133525,1.9844674545084815,ExtraTreesRegressor,"{'mode': 'original', 'type': 'ExtraTreesRegressor'}",6,"['pe_T2W20', 'l2_T2W20', 'lsc_T2W20', 'z_re_T2W20', 'z_pe_T2W20', 'z_l2_T2W20']",0.11455305727555133,0.16305255364462634,98.0,0.13880280546008883,0.0242497481845375,0.12158523810404347,1.9844674545084815,3.3620892530091546,3.4212347990936993,98.0,3.391662026051427,0.02957277304227233,0.14827422637049112,1.9844674545084815,completed,False,COMPLETE
200,2.783933840254814,2026-06-11 11:55:01.726297,2026-06-11 11:55:27.808283,0 days 00:00:26.081986,,,,,,7.0,log2,2.0,5.0,483.0,,,,,ExtraTreesRegressor,,,,,,6,,,,,,,,False,-0.0010901072778881828,0.008529100629827755,98.0,0.0037194966759697863,0.004809603953857969,0.024114759356092797,1.9844674545084815,2.761990169260039,2.805877511249589,98.0,2.783933840254814,0.02194367099477507,0.11002285229822499,1.9844674545084815,911770900559499.2,1142972438118686.0,98.0,1027371669339092.6,115600768779593.38,579607956755589.0,1.9844674545084815,7.9568808466310035,8.267471610308304,98.0,8.112176228469654,0.15529538183865044,0.7786318370658486,1.9844674545084815,2.432680160030316,2.5202903726242893,98.0,2.4764852663273027,0.04380510629698654,0.21963338500513271,1.9844674545084815,99.0,0.32323232323232326,0.011128977561282604,0.02751966944254263,98.0,0.019324323501912617,0.008195345940630013,0.041090450917418905,1.9844674545084815,ExtraTreesRegressor,"{'mode': 'original', 'type': 'ExtraTreesRegressor'}",6,"['l2_T2W20', 'l3_T2W20', 'lsc_T2W20', 'z_re_T2W20', 'z_pe_T2W20', 'z_l2_T2W20']",0.0945526200054129,0.14186199251447085,98.0,0.11820730625994187,0.02365468625452898,0.11860167118631064,1.9844674545084815,3.3721928756307573,3.432044908968982,98.0,3.4021188922998697,0.029926016669112397,0.1500453462250664,1.9844674545084815,completed,False,COMPLETE
201,2.783933840254814,2026-06-11 11:55:27.835857,2026-06-11 11:55:53.942225,0 days 00:00:26.106368,,,,,,7.0,log2,2.0,5.0,483.0,,,,,ExtraTreesRegressor,,,,,,6,,,,,,,,False,-0.0010901072778881828,0.008529100629827755,98.0,0.0037194966759697863,0.004809603953857969,0.024114759356092797,1.9844674545084815,2.761990169260039,2.805877511249589,98.0,2.783933840254814,0.02194367099477507,0.11002285229822499,1.9844674545084815,911770900559499.2,1142972438118686.0,98.0,1027371669339092.6,115600768779593.38,579607956755589.0,1.9844674545084815,7.9568808466310035,8.267471610308304,98.0,8.112176228469654,0.15529538183865044,0.7786318370658486,1.9844674545084815,2.432680160030316,2.5202903726242893,98.0,2.4764852663273027,0.04380510629698654,0.21963338500513271,1.9844674545084815,99.0,0.32323232323232326,0.011128977561282604,0.02751966944254263,98.0,0.019324323501912617,0.008195345940630013,0.041090450917418905,1.9844674545084815,ExtraTreesRegressor,"{'mode': 'original', 'type': 'ExtraTreesRegressor'}",6,"['l2_T2W20', 'l3_T2W20', 'lsc_T2W20', 'z_re_T2W20', 'z_pe_T2W20', 'z_l2_T2W20']",0.0945526200054129,0.14186199251447085,98.0,0.11820730625994187,0.02365468625452898,0.11860167118631064,1.9844674545084815,3.3721928756307573,3.432044908968982,98.0,3.4021188922998697,0.029926016669112397,0.1500453462250664,1.9844674545084815,completed,False,COMPLETE
202,2.7839844270571708,2026-06-11 11:55:53.955314,2026-06-11 11:56:20.796416,0 days 00:00:26.841102,,,,,,7.0,log2,2.0,5.0,497.0,,,,,ExtraTreesRegressor,,,,,,6,,,,,,,,False,-0.0010882072347094887,0.008488123569090057,98.0,0.003699958167190284,0.004788165401899773,0.024007269108169103,1.9844674545084815,2.7620998695680106,2.805868984546331,98.0,2.7839844270571708,0.021884557489160045,0.10972646449243532,1.9844674545084815,911599417479928.6,1142813059136894.0,98.0,1027206238308411.4,115606820828482.7,579638300980181.6,1.9844674545084815,7.956158726554084,8.266977960830415,98.0,8.11156834369225,0.1554096171381658,0.7792045987285994,1.9844674545084815,2.432385639062123,2.5200061380143084,98.0,2.4761958885382156,0.04381024947609272,0.2196591722690448,1.9844674545084815,99.0,0.3333333333333333,0.011266603276058298,0.02758197341069923,98.0,0.019424288343378764,0.008157685067320466,0.040901623956672684,1.9844674545084815,ExtraTreesRegressor,"{'mode': 'original', 'type': 'ExtraTreesRegressor'}",6,"['l2_T2W20', 'l3_T2W20', 'lsc_T2W20', 'z_re_T2W20', 'z_pe_T2W20', 'z_l2_T2W20']",0.09487790633955669,0.14188116710899124,98.0,0.11837953672427397,0.02350163038471728,0.1178342679855573,1.9844674545084815,3.3720683792402983,3.4318303351612816,98.0,3.40194935720079,0.029880977960491644,0.14981952771058613,1.9844674545084815,completed,False,COMPLETE
203,2.8432658003820293,2026-06-11 11:56:20.828825,2026-06-11 11:56:47.669206,0 days 00:00:26.840381,,,,,,7.0,log2,1.0,5.0,491.0,,,,,ExtraTreesRegressor,,,,,,6,,,,,,,,False,-0.02394327594445234,-0.011013575893832592,98.0,-0.017478425919142466,0.006464850025309874,0.03241395843175944,1.9844674545084815,2.817526168185873,2.8690054325781853,98.0,2.8432658003820293,0.02573963219615613,0.12905533226426097,1.9844674545084815,917879606351054.1,1148682688090265.0,98.0,1033281147220659.5,115401540869605.4,578609052656110.4,1.9844674545084815,8.026034185842178,8.36145561881732,98.0,8.19374490232975,0.16771071648757171,0.8408807894237539,1.9844674545084815,2.508838297224296,2.6140564547794187,98.0,2.5614473760018575,0.052609078777561255,0.2637754141167863,1.9844674545084815,99.0,0.5757575757575758,-0.023618925346586408,-0.0011078261652697173,98.0,-0.012363375755928063,0.011255549590658345,0.056433933522026164,1.9844674545084815,ExtraTreesRegressor,"{'mode': 'original', 'type': 'ExtraTreesRegressor'}",6,"['pe_T2W20', 'l2_T2W20', 'l3_T2W20', 'z_re_T2W20', 'z_pe_T2W20', 'z_l2_T2W20']",0.04873066486657368,0.0938592322338144,98.0,0.07129494855019404,0.022564283683620356,0.11313452756055861,1.9844674545084815,3.4234712022294764,3.488485032522789,98.0,3.455978117376133,0.0325069151466564,0.16298565197696863,1.9844674545084815,completed,False,COMPLETE
204,2.785698404299487,2026-06-11 11:56:47.682322,2026-06-11 11:57:12.019732,0 days 00:00:24.337410,,,,,,6.0,sqrt,2.0,5.0,475.0,,,,,ExtraTreesRegressor,,,,,,6,,,,,,,,False,-0.001610989296863544,0.007777976297669416,98.0,0.003083493500402936,0.00469448279726648,0.02353755611552826,1.9844674545084815,2.7640175375729683,2.8073792710260053,98.0,2.785698404299487,0.02168086672651854,0.10870518420173303,1.9844674545084815,897654231936526.6,1126028971326585.0,98.0,1011841601631555.9,114187369695029.22,572521348559700.8,1.9844674545084815,7.906639854906329,8.253109841916936,98.0,8.079874848411633,0.17323499350530402,0.8685788311288615,1.9844674545084815,2.4403708809792404,2.5288604243306176,98.0,2.484615652654929,0.04424477167568856,0.22183781283460088,1.9844674545084815,99.0,0.30303030303030304,0.017477155989614673,0.033476740600276556,98.0,0.025476948294945616,0.007999792305330943,0.04010996917678337,1.9844674545084815,ExtraTreesRegressor,"{'mode': 'original', 'type': 'ExtraTreesRegressor'}",6,"['pe_T2W20', 'l2_T2W20', 'lsc_T2W20', 'z_re_T2W20', 'z_pe_T2W20', 'z_l2_T2W20']",0.11459005633189812,0.16325584180054864,98.0,0.13892294906622338,0.02433289273432526,0.12200211459307209,1.9844674545084815,3.361809048715318,3.421059825071268,98.0,3.391434436893293,0.02962538817797469,0.14853803215327968,1.9844674545084815,completed,False,COMPLETE
