number,value,datetime_start,datetime_complete,duration,params_dt_max_depth,params_dt_min_samples_leaf,params_dt_min_samples_split,params_elastic_alpha,params_elastic_l1_ratio,params_et_max_depth,params_et_max_features,params_et_min_samples_leaf,params_et_min_samples_split,params_et_n_estimators,params_knn_metric,params_knn_n_neighbors,params_knn_weights,params_quantile_alpha,params_regressor,params_rf_max_depth,params_rf_max_features,params_rf_min_samples_leaf,params_rf_min_samples_split,params_rf_n_estimators,params_rfe_n_features,params_rfe_proxy_et_max_depth,params_rfe_proxy_et_min_samples_leaf,params_rfe_proxy_et_min_samples_split,params_rfe_proxy_et_n_estimators,params_rfe_proxy_lsvr_C,params_rfe_proxy_lsvr_epsilon,params_rfe_proxy_type,params_use_scaler,user_attrs_d2mae_ci_lower_val,user_attrs_d2mae_ci_upper_val,user_attrs_d2mae_df_val,user_attrs_d2mae_mean_val,user_attrs_d2mae_samperror_val,user_attrs_d2mae_std_val,user_attrs_d2mae_t_critical_val,user_attrs_mae_ci_lower_val,user_attrs_mae_ci_upper_val,user_attrs_mae_df_val,user_attrs_mae_mean_val,user_attrs_mae_samperror_val,user_attrs_mae_std_val,user_attrs_mae_t_critical_val,user_attrs_mape_ci_lower_val,user_attrs_mape_ci_upper_val,user_attrs_mape_df_val,user_attrs_mape_mean_val,user_attrs_mape_samperror_val,user_attrs_mape_std_val,user_attrs_mape_t_critical_val,user_attrs_max_error_ci_lower_val,user_attrs_max_error_ci_upper_val,user_attrs_max_error_df_val,user_attrs_max_error_mean_val,user_attrs_max_error_samperror_val,user_attrs_max_error_std_val,user_attrs_max_error_t_critical_val,user_attrs_median_ae_ci_lower_val,user_attrs_median_ae_ci_upper_val,user_attrs_median_ae_df_val,user_attrs_median_ae_mean_val,user_attrs_median_ae_samperror_val,user_attrs_median_ae_std_val,user_attrs_median_ae_t_critical_val,user_attrs_n_splits_val,user_attrs_r2_below_zero_val,user_attrs_r2_ci_lower_val,user_attrs_r2_ci_upper_val,user_attrs_r2_df_val,user_attrs_r2_mean_val,user_attrs_r2_samperror_val,user_attrs_r2_std_val,user_attrs_r2_t_critical_val,user_attrs_regressor_final,user_attrs_rfe_estimator,user_attrs_rfe_n_features,user_attrs_rfe_selected_features,user_attrs_rho_ci_lower_val,user_attrs_rho_ci_upper_val,user_attrs_rho_df_val,user_attrs_rho_mean_val,user_attrs_rho_samperror_val,user_attrs_rho_std_val,user_attrs_rho_t_critical_val,user_attrs_rmse_ci_lower_val,user_attrs_rmse_ci_upper_val,user_attrs_rmse_df_val,user_attrs_rmse_mean_val,user_attrs_rmse_samperror_val,user_attrs_rmse_std_val,user_attrs_rmse_t_critical_val,user_attrs_termination_reason,user_attrs_use_scaler_final,state
248,2.7775022925533364,2026-06-11 12:14:00.731378,2026-06-11 12:14:22.908830,0 days 00:00:22.177452,,,,,,5.0,sqrt,2.0,4.0,432.0,,,,,ExtraTreesRegressor,,,,,,5,,,,,,,,True,0.0016049347977790526,0.01038014509924344,98.0,0.005992539948511247,0.004387605150732194,0.021998909551500394,1.9844674545084815,2.756722889357893,2.7982816957487797,98.0,2.7775022925533364,0.02077940319544353,0.10418535755306893,1.9844674545084815,896197182797181.5,1124998513137433.5,98.0,1010597847967307.5,114400665170126.05,573590785690709.8,1.9844674545084815,7.905223165167966,8.223728055140716,98.0,8.064475610154341,0.1592524449863754,0.7984720622652036,1.9844674545084815,2.418659646433564,2.4966665562739876,98.0,2.4576631013537757,0.039003454920211955,0.19555849888693358,1.9844674545084815,99.0,0.2222222222222222,0.02307795878846022,0.03805299000274076,98.0,0.030565474395600492,0.007487515607140271,0.037541477172219735,1.9844674545084815,ExtraTreesRegressor,"{'mode': 'original', 'type': 'ExtraTreesRegressor'}",5,"['l2_T2W20', 'lsc_T2W20', 'z_re_T2W20', 'z_pe_T2W20', 'z_l2_T2W20']",0.11880645986018921,0.16869237737453488,98.0,0.14374941861736204,0.02494295875717283,0.1250609101765415,1.9844674545084815,3.3534637482651735,3.4118555503498285,98.0,3.382659649307501,0.029195901042327315,0.146384636775607,1.9844674545084815,completed,True,COMPLETE
249,2.9568213703787167,2026-06-11 12:14:22.929678,2026-06-11 12:14:23.273245,0 days 00:00:00.343567,,,,,,,,,,,manhattan,20.0,distance,,KNeighborsRegressor,,,,,,5,7.0,3.0,7.0,50.0,,,ExtraTrees,,,,,,,,,,,,,,,,,,,,,,,,,,,,,,,,,,,,,,,,,,,,,,KNeighborsRegressor,"{'mode': 'proxy', 'type': 'ExtraTrees'}",5,"['l2_T2W20', 'l3_T2W20', 'z_re_T2W20', 'z_pe_T2W20', 'z_l2_T2W20']",,,,,,,,,,,,,,,pruned,True,PRUNED
250,2.777507099296109,2026-06-11 12:14:23.283571,2026-06-11 12:14:45.331561,0 days 00:00:22.047990,,,,,,5.0,sqrt,2.0,4.0,433.0,,,,,ExtraTreesRegressor,,,,,,5,,,,,,,,True,0.0015997229709149331,0.010380340141591502,98.0,0.005990031556253218,0.004390308585338285,0.022012464238245138,1.9844674545084815,2.7567353172295292,2.798278881362689,98.0,2.777507099296109,0.020771782066579855,0.10414714615555419,1.9844674545084815,896168751498879.5,1124963475968517.2,98.0,1010566113733698.4,114397362234818.84,573574225181598.0,1.9844674545084815,7.904725043852139,8.223144647306317,98.0,8.063934845579228,0.15920980172708912,0.7982582542374089,1.9844674545084815,2.418551823885091,2.4965892896955775,98.0,2.4575705567903343,0.03901873290524323,0.19563510081424607,1.9844674545084815,99.0,0.2222222222222222,0.023118737269700623,0.03810330731068033,98.0,0.030611022290190477,0.007492285020489855,0.03756539042085691,1.9844674545084815,ExtraTreesRegressor,"{'mode': 'original', 'type': 'ExtraTreesRegressor'}",5,"['l2_T2W20', 'lsc_T2W20', 'z_re_T2W20', 'z_pe_T2W20', 'z_l2_T2W20']",0.11871551837145797,0.16857094776514478,98.0,0.14364323306830137,0.024927714696843413,0.12498447834348823,1.9844674545084815,3.353390547018466,3.4117625046929563,98.0,3.3825765258557112,0.02918597883724485,0.14633488806653638,1.9844674545084815,completed,True,COMPLETE
251,2.7774387111241703,2026-06-11 12:14:45.346897,2026-06-11 12:15:07.352348,0 days 00:00:22.005451,,,,,,5.0,sqrt,2.0,4.0,430.0,,,,,ExtraTreesRegressor,,,,,,5,,,,,,,,True,0.0016336443769627337,0.010397996135214369,98.0,0.006015820256088551,0.004382175879125818,0.02197168785517722,1.9844674545084815,2.7566608376660433,2.7982165845822973,98.0,2.7774387111241703,0.02077787345812687,0.1041776876393664,1.9844674545084815,896219356569002.2,1125030771789033.8,98.0,1010625064179018.0,114405707610015.72,573616067860650.1,1.9844674545084815,7.9055300100400485,8.223690536488126,98.0,8.064610273264087,0.15908026322403887,0.7976087642048877,1.9844674545084815,2.4184397241815385,2.4963842878318565,98.0,2.4574120060066975,0.03897228182515909,0.1954022008439354,1.9844674545084815,99.0,0.2222222222222222,0.023139441351813596,0.038110322735202984,98.0,0.03062488204350829,0.007485440691694695,0.03753107380280837,1.9844674545084815,ExtraTreesRegressor,"{'mode': 'original', 'type': 'ExtraTreesRegressor'}",5,"['l2_T2W20', 'lsc_T2W20', 'z_re_T2W20', 'z_pe_T2W20', 'z_l2_T2W20']",0.11907398930310079,0.16895857699054004,98.0,0.1440162831468204,0.02494229384371963,0.12505757638272597,1.9844674545084815,3.353360908335744,3.4117523829808025,98.0,3.382556645658273,0.029195737322529447,0.14638381590478994,1.9844674545084815,completed,True,COMPLETE
252,2.7775022925533364,2026-06-11 12:15:07.405737,2026-06-11 12:15:29.482134,0 days 00:00:22.076397,,,,,,5.0,sqrt,2.0,4.0,432.0,,,,,ExtraTreesRegressor,,,,,,5,,,,,,,,True,0.0016049347977790526,0.01038014509924344,98.0,0.005992539948511247,0.004387605150732194,0.021998909551500394,1.9844674545084815,2.756722889357893,2.7982816957487797,98.0,2.7775022925533364,0.02077940319544353,0.10418535755306893,1.9844674545084815,896197182797181.5,1124998513137433.5,98.0,1010597847967307.5,114400665170126.05,573590785690709.8,1.9844674545084815,7.905223165167966,8.223728055140716,98.0,8.064475610154341,0.1592524449863754,0.7984720622652036,1.9844674545084815,2.418659646433564,2.4966665562739876,98.0,2.4576631013537757,0.039003454920211955,0.19555849888693358,1.9844674545084815,99.0,0.2222222222222222,0.02307795878846022,0.03805299000274076,98.0,0.030565474395600492,0.007487515607140271,0.037541477172219735,1.9844674545084815,ExtraTreesRegressor,"{'mode': 'original', 'type': 'ExtraTreesRegressor'}",5,"['l2_T2W20', 'lsc_T2W20', 'z_re_T2W20', 'z_pe_T2W20', 'z_l2_T2W20']",0.11880645986018921,0.16869237737453488,98.0,0.14374941861736204,0.02494295875717283,0.1250609101765415,1.9844674545084815,3.3534637482651735,3.4118555503498285,98.0,3.382659649307501,0.029195901042327315,0.146384636775607,1.9844674545084815,completed,True,COMPLETE
253,2.7775022925533364,2026-06-11 12:15:29.496119,2026-06-11 12:15:51.604530,0 days 00:00:22.108411,,,,,,5.0,sqrt,2.0,4.0,432.0,,,,,ExtraTreesRegressor,,,,,,5,,,,,,,,True,0.0016049347977790526,0.01038014509924344,98.0,0.005992539948511247,0.004387605150732194,0.021998909551500394,1.9844674545084815,2.756722889357893,2.7982816957487797,98.0,2.7775022925533364,0.02077940319544353,0.10418535755306893,1.9844674545084815,896197182797181.5,1124998513137433.5,98.0,1010597847967307.5,114400665170126.05,573590785690709.8,1.9844674545084815,7.905223165167966,8.223728055140716,98.0,8.064475610154341,0.1592524449863754,0.7984720622652036,1.9844674545084815,2.418659646433564,2.4966665562739876,98.0,2.4576631013537757,0.039003454920211955,0.19555849888693358,1.9844674545084815,99.0,0.2222222222222222,0.02307795878846022,0.03805299000274076,98.0,0.030565474395600492,0.007487515607140271,0.037541477172219735,1.9844674545084815,ExtraTreesRegressor,"{'mode': 'original', 'type': 'ExtraTreesRegressor'}",5,"['l2_T2W20', 'lsc_T2W20', 'z_re_T2W20', 'z_pe_T2W20', 'z_l2_T2W20']",0.11880645986018921,0.16869237737453488,98.0,0.14374941861736204,0.02494295875717283,0.1250609101765415,1.9844674545084815,3.3534637482651735,3.4118555503498285,98.0,3.382659649307501,0.029195901042327315,0.146384636775607,1.9844674545084815,completed,True,COMPLETE
254,2.7775610026855926,2026-06-11 12:15:51.640094,2026-06-11 12:16:13.984597,0 days 00:00:22.344503,,,,,,5.0,sqrt,2.0,4.0,435.0,,,,,ExtraTreesRegressor,,,,,,5,,,,,,,,True,0.0015782780984791838,0.010363275101620707,98.0,0.005970776600049945,0.004392498501570761,0.022023444207378312,1.9844674545084815,2.7567853505175504,2.798336654853635,98.0,2.7775610026855926,0.020775652168042093,0.10416655036561823,1.9844674545084815,896193492353858.6,1124973954446068.6,98.0,1010583723399963.6,114390231046104.97,573538470283396.9,1.9844674545084815,7.904682584722422,8.223201977983127,98.0,8.063942281352775,0.15925969663035272,0.7985084211111974,1.9844674545084815,2.4183361228770663,2.496309645586144,98.0,2.4573228842316053,0.03898676135453883,0.1954747994133668,1.9844674545084815,99.0,0.2222222222222222,0.02309919288916949,0.03809342519511802,98.0,0.030596309042143756,0.007497116152974266,0.03758961312160247,1.9844674545084815,ExtraTreesRegressor,"{'mode': 'original', 'type': 'ExtraTreesRegressor'}",5,"['l2_T2W20', 'lsc_T2W20', 'z_re_T2W20', 'z_pe_T2W20', 'z_l2_T2W20']",0.11834030376870157,0.1683372140918374,98.0,0.14333875893026948,0.024998455161567918,0.1253391622841901,1.9844674545084815,3.353415475289981,3.4117853784692813,98.0,3.3826004268796313,0.02918495158964994,0.14632973757414905,1.9844674545084815,completed,True,COMPLETE
255,2.818219131072116,2026-06-11 12:16:13.998828,2026-06-11 12:16:15.732418,0 days 00:00:01.733590,,,,0.29643630534519927,0.7208211512727646,,,,,,,,,,ElasticNet,,,,,,5,,,,,,,,True,-0.012128648547064533,-0.005130102477092136,98.0,-0.008629375512078334,0.003499273034986198,0.01754492219515682,1.9844674545084815,2.7994469816799614,2.8369912804642703,98.0,2.818219131072116,0.018772149392154346,0.09412123524751118,1.9844674545084815,921870988481713.1,1156460938574809.8,98.0,1039165963528261.5,117294975046548.33,588102497432775.4,1.9844674545084815,7.911271438828958,8.249999960666553,98.0,8.080635699747756,0.16936426091879733,0.8491714566857906,1.9844674545084815,2.4828756807622367,2.5398428578338574,98.0,2.511359269298047,0.02848358853581056,0.14281318996922115,1.9844674545084815,99.0,0.2828282828282828,0.006928071864888041,0.016934202270173337,98.0,0.011931137067530689,0.0050030652026426484,0.025084750129538824,1.9844674545084815,ElasticNet,"{'mode': 'original', 'type': 'ElasticNet'}",5,"['pe_T2W20', 'lsc_T2W20', 'z_pe_T2W20', 'z_l3_T2W20', 'z_asp_T2W20']",0.0800238858376163,0.123960139328161,98.0,0.10199201258288865,0.02196812674527235,0.11014547040644604,1.9844674545084815,3.3874190610903656,3.4434351615090786,98.0,3.415427111299722,0.028008050209356528,0.1404288996166154,1.9844674545084815,completed,True,COMPLETE
256,2.827262291927756,2026-06-11 12:16:15.745586,2026-06-11 12:16:17.510805,0 days 00:00:01.765219,,,,,,,,,,,,,,,LinearRegression,,,,,,5,,,,,,,,True,-0.019557637519687532,-0.003960634040945052,98.0,-0.011759135780316293,0.007798501739371241,0.039100723175378965,1.9844674545084815,2.798952922617867,2.855571661237645,98.0,2.827262291927756,0.02830936930988906,0.14193967631849078,1.9844674545084815,882794149696220.8,1116993470835508.5,98.0,999893810265864.6,117099660569643.92,587123214802750.8,1.9844674545084815,8.154798430437571,8.658539649449013,98.0,8.406669039943292,0.2518706095057213,1.2628480838283702,1.9844674545084815,2.4154622061476116,2.5115098316296827,98.0,2.463486018888647,0.048023812741035315,0.24078545733130213,1.9844674545084815,99.0,0.45454545454545453,-0.015554253706970344,0.012142018874546946,98.0,-0.0017061174162116984,0.013848136290758645,0.06943284257618562,1.9844674545084815,LinearRegression,"{'mode': 'original', 'type': 'LinearRegression'}",5,"['diameter_T2W20', 'asp_T2W20', 'z_pe_T2W20', 'z_diameter_T2W20', 'z_asp_T2W20']",0.1301850141133528,0.17610086168395048,98.0,0.15314293789865163,0.02295792378529885,0.11510819034359722,1.9844674545084815,3.400818255948486,3.474240749488995,98.0,3.4375295027187405,0.0367112467702543,0.18406565073132516,1.9844674545084815,completed,True,COMPLETE
257,2.777501332387758,2026-06-11 12:16:17.525538,2026-06-11 12:16:39.532789,0 days 00:00:22.007251,,,,,,5.0,sqrt,2.0,4.0,431.0,,,,,ExtraTreesRegressor,,,,,,5,,,,,,,,True,0.001609292067966171,0.010376147788109618,98.0,0.0059927199280378944,0.0043834278600717235,0.021977965132790635,1.9844674545084815,2.7567310607596407,2.7982716040158757,98.0,2.777501332387758,0.020770271628117346,0.10413957300391945,1.9844674545084815,896259321289868.1,1125071867312973.1,98.0,1010665594301420.6,114406273011552.5,573618902714024.8,1.9844674545084815,7.905040139950803,8.223247231831913,98.0,8.064143685891358,0.15910354594055479,0.7977255008658112,1.9844674545084815,2.418777093644283,2.4966986962898297,98.0,2.4577378949670563,0.03896080132277318,0.1953446390249209,1.9844674545084815,99.0,0.2222222222222222,0.02309942816846795,0.038079214669115194,98.0,0.030589321418791574,0.007489893250323624,0.03755339838106588,1.9844674545084815,ExtraTreesRegressor,"{'mode': 'original', 'type': 'ExtraTreesRegressor'}",5,"['l2_T2W20', 'lsc_T2W20', 'z_re_T2W20', 'z_pe_T2W20', 'z_l2_T2W20']",0.11892378807220005,0.1688568018474872,98.0,0.14389029495984362,0.024966506887643562,0.12517897759020705,1.9844674545084815,3.353425884136356,3.4118057889423117,98.0,3.3826158365393337,0.029189952402978163,0.14635481103365877,1.9844674545084815,completed,True,COMPLETE
258,2.7775022925533364,2026-06-11 12:16:39.581208,2026-06-11 12:17:01.777048,0 days 00:00:22.195840,,,,,,5.0,sqrt,2.0,4.0,432.0,,,,,ExtraTreesRegressor,,,,,,5,,,,,,,,True,0.0016049347977790526,0.01038014509924344,98.0,0.005992539948511247,0.004387605150732194,0.021998909551500394,1.9844674545084815,2.756722889357893,2.7982816957487797,98.0,2.7775022925533364,0.02077940319544353,0.10418535755306893,1.9844674545084815,896197182797181.5,1124998513137433.5,98.0,1010597847967307.5,114400665170126.05,573590785690709.8,1.9844674545084815,7.905223165167966,8.223728055140716,98.0,8.064475610154341,0.1592524449863754,0.7984720622652036,1.9844674545084815,2.418659646433564,2.4966665562739876,98.0,2.4576631013537757,0.039003454920211955,0.19555849888693358,1.9844674545084815,99.0,0.2222222222222222,0.02307795878846022,0.03805299000274076,98.0,0.030565474395600492,0.007487515607140271,0.037541477172219735,1.9844674545084815,ExtraTreesRegressor,"{'mode': 'original', 'type': 'ExtraTreesRegressor'}",5,"['l2_T2W20', 'lsc_T2W20', 'z_re_T2W20', 'z_pe_T2W20', 'z_l2_T2W20']",0.11880645986018921,0.16869237737453488,98.0,0.14374941861736204,0.02494295875717283,0.1250609101765415,1.9844674545084815,3.3534637482651735,3.4118555503498285,98.0,3.382659649307501,0.029195901042327315,0.146384636775607,1.9844674545084815,completed,True,COMPLETE
259,2.9240538588062437,2026-06-11 12:17:01.790882,2026-06-11 12:17:06.437505,0 days 00:00:04.646623,,,,,,,,,,,,,,,RandomForestRegressor,6.0,log2,2.0,5.0,370.0,5,,,,,,,,True,,,,,,,,,,,,,,,,,,,,,,,,,,,,,,,,,,,,,,,,,,,,,RandomForestRegressor,"{'mode': 'original', 'type': 'RandomForestRegressor'}",5,"['re_T2W20', 'l3_T2W20', 'z_re_T2W20', 'z_pe_T2W20', 'z_l2_T2W20']",,,,,,,,,,,,,,,pruned,True,PRUNED
260,2.777605194593894,2026-06-11 12:17:06.448151,2026-06-11 12:17:28.614172,0 days 00:00:22.166021,,,,,,5.0,sqrt,2.0,4.0,434.0,,,,,ExtraTreesRegressor,,,,,,5,,,,,,,,True,0.001561852929172239,0.010348144244718253,98.0,0.005954998586945245,0.004393145657773006,0.02202668896853384,1.9844674545084815,2.7568274739256426,2.7983829152621458,98.0,2.777605194593894,0.02077772066825172,0.10417692156983,1.9844674545084815,896120999554659.0,1124899483440467.2,98.0,1010510241497563.1,114389241942904.06,573533511042283.2,1.9844674545084815,7.905101803646723,8.22362786136453,98.0,8.064364832505627,0.159263028858904,0.7985251284930118,1.9844674545084815,2.4188101774591946,2.496776896675332,98.0,2.4577935370672632,0.03898335960806845,0.19545774347730419,1.9844674545084815,99.0,0.2222222222222222,0.023072311556693793,0.03806405935340176,98.0,0.030568185455047775,0.00749587389835398,0.03758338461058273,1.9844674545084815,ExtraTreesRegressor,"{'mode': 'original', 'type': 'ExtraTreesRegressor'}",5,"['l2_T2W20', 'lsc_T2W20', 'z_re_T2W20', 'z_pe_T2W20', 'z_l2_T2W20']",0.11845792426437429,0.16840113669315548,98.0,0.1434295304787649,0.0249716062143906,0.12520454498381423,1.9844674545084815,3.353462733160435,3.4118380509625705,98.0,3.3826503920615028,0.029187658901067993,0.14634331169874948,1.9844674545084815,completed,True,COMPLETE
261,2.7775022925533364,2026-06-11 12:17:28.627004,2026-06-11 12:17:50.740672,0 days 00:00:22.113668,,,,,,5.0,sqrt,2.0,4.0,432.0,,,,,ExtraTreesRegressor,,,,,,5,,,,,,,,True,0.0016049347977790526,0.01038014509924344,98.0,0.005992539948511247,0.004387605150732194,0.021998909551500394,1.9844674545084815,2.756722889357893,2.7982816957487797,98.0,2.7775022925533364,0.02077940319544353,0.10418535755306893,1.9844674545084815,896197182797181.5,1124998513137433.5,98.0,1010597847967307.5,114400665170126.05,573590785690709.8,1.9844674545084815,7.905223165167966,8.223728055140716,98.0,8.064475610154341,0.1592524449863754,0.7984720622652036,1.9844674545084815,2.418659646433564,2.4966665562739876,98.0,2.4576631013537757,0.039003454920211955,0.19555849888693358,1.9844674545084815,99.0,0.2222222222222222,0.02307795878846022,0.03805299000274076,98.0,0.030565474395600492,0.007487515607140271,0.037541477172219735,1.9844674545084815,ExtraTreesRegressor,"{'mode': 'original', 'type': 'ExtraTreesRegressor'}",5,"['l2_T2W20', 'lsc_T2W20', 'z_re_T2W20', 'z_pe_T2W20', 'z_l2_T2W20']",0.11880645986018921,0.16869237737453488,98.0,0.14374941861736204,0.02494295875717283,0.1250609101765415,1.9844674545084815,3.3534637482651735,3.4118555503498285,98.0,3.382659649307501,0.029195901042327315,0.146384636775607,1.9844674545084815,completed,True,COMPLETE
262,2.7775022925533364,2026-06-11 12:17:50.754276,2026-06-11 12:18:12.794903,0 days 00:00:22.040627,,,,,,5.0,sqrt,2.0,4.0,432.0,,,,,ExtraTreesRegressor,,,,,,5,,,,,,,,True,0.0016049347977790526,0.01038014509924344,98.0,0.005992539948511247,0.004387605150732194,0.021998909551500394,1.9844674545084815,2.756722889357893,2.7982816957487797,98.0,2.7775022925533364,0.02077940319544353,0.10418535755306893,1.9844674545084815,896197182797181.5,1124998513137433.5,98.0,1010597847967307.5,114400665170126.05,573590785690709.8,1.9844674545084815,7.905223165167966,8.223728055140716,98.0,8.064475610154341,0.1592524449863754,0.7984720622652036,1.9844674545084815,2.418659646433564,2.4966665562739876,98.0,2.4576631013537757,0.039003454920211955,0.19555849888693358,1.9844674545084815,99.0,0.2222222222222222,0.02307795878846022,0.03805299000274076,98.0,0.030565474395600492,0.007487515607140271,0.037541477172219735,1.9844674545084815,ExtraTreesRegressor,"{'mode': 'original', 'type': 'ExtraTreesRegressor'}",5,"['l2_T2W20', 'lsc_T2W20', 'z_re_T2W20', 'z_pe_T2W20', 'z_l2_T2W20']",0.11880645986018921,0.16869237737453488,98.0,0.14374941861736204,0.02494295875717283,0.1250609101765415,1.9844674545084815,3.3534637482651735,3.4118555503498285,98.0,3.382659649307501,0.029195901042327315,0.146384636775607,1.9844674545084815,completed,True,COMPLETE
