number,value,datetime_start,datetime_complete,duration,params_dt_max_depth,params_dt_min_samples_leaf,params_dt_min_samples_split,params_elastic_alpha,params_elastic_l1_ratio,params_et_max_depth,params_et_max_features,params_et_min_samples_leaf,params_et_min_samples_split,params_et_n_estimators,params_knn_metric,params_knn_n_neighbors,params_knn_weights,params_quantile_alpha,params_regressor,params_rf_max_depth,params_rf_max_features,params_rf_min_samples_leaf,params_rf_min_samples_split,params_rf_n_estimators,params_rfe_n_features,params_rfe_proxy_et_max_depth,params_rfe_proxy_et_min_samples_leaf,params_rfe_proxy_et_min_samples_split,params_rfe_proxy_et_n_estimators,params_rfe_proxy_lsvr_C,params_rfe_proxy_lsvr_epsilon,params_rfe_proxy_type,params_use_scaler,user_attrs_d2mae_ci_lower_val,user_attrs_d2mae_ci_upper_val,user_attrs_d2mae_df_val,user_attrs_d2mae_mean_val,user_attrs_d2mae_samperror_val,user_attrs_d2mae_std_val,user_attrs_d2mae_t_critical_val,user_attrs_mae_ci_lower_val,user_attrs_mae_ci_upper_val,user_attrs_mae_df_val,user_attrs_mae_mean_val,user_attrs_mae_samperror_val,user_attrs_mae_std_val,user_attrs_mae_t_critical_val,user_attrs_mape_ci_lower_val,user_attrs_mape_ci_upper_val,user_attrs_mape_df_val,user_attrs_mape_mean_val,user_attrs_mape_samperror_val,user_attrs_mape_std_val,user_attrs_mape_t_critical_val,user_attrs_max_error_ci_lower_val,user_attrs_max_error_ci_upper_val,user_attrs_max_error_df_val,user_attrs_max_error_mean_val,user_attrs_max_error_samperror_val,user_attrs_max_error_std_val,user_attrs_max_error_t_critical_val,user_attrs_median_ae_ci_lower_val,user_attrs_median_ae_ci_upper_val,user_attrs_median_ae_df_val,user_attrs_median_ae_mean_val,user_attrs_median_ae_samperror_val,user_attrs_median_ae_std_val,user_attrs_median_ae_t_critical_val,user_attrs_n_splits_val,user_attrs_r2_below_zero_val,user_attrs_r2_ci_lower_val,user_attrs_r2_ci_upper_val,user_attrs_r2_df_val,user_attrs_r2_mean_val,user_attrs_r2_samperror_val,user_attrs_r2_std_val,user_attrs_r2_t_critical_val,user_attrs_regressor_final,user_attrs_rfe_estimator,user_attrs_rfe_n_features,user_attrs_rfe_selected_features,user_attrs_rho_ci_lower_val,user_attrs_rho_ci_upper_val,user_attrs_rho_df_val,user_attrs_rho_mean_val,user_attrs_rho_samperror_val,user_attrs_rho_std_val,user_attrs_rho_t_critical_val,user_attrs_rmse_ci_lower_val,user_attrs_rmse_ci_upper_val,user_attrs_rmse_df_val,user_attrs_rmse_mean_val,user_attrs_rmse_samperror_val,user_attrs_rmse_std_val,user_attrs_rmse_t_critical_val,user_attrs_termination_reason,user_attrs_use_scaler_final,state
205,2.7838766523445666,2026-06-11 11:57:12.061191,2026-06-11 11:57:36.830968,0 days 00:00:24.769777,,,,,,7.0,sqrt,2.0,5.0,481.0,,,,,ExtraTreesRegressor,,,,,,6,,,,,,,,False,-0.0010837528002148665,0.00856351882609026,98.0,0.0037398830129376968,0.004823635813152563,0.024185113363086715,1.9844674545084815,2.761909656839937,2.8058436478491964,98.0,2.7838766523445666,0.02196699550462958,0.11013979850577897,1.9844674545084815,911794255914685.2,1142998254488654.8,98.0,1027396255201670.0,115601999286984.77,579614126367456.0,1.9844674545084815,7.957031153778291,8.267606015191147,98.0,8.112318584484719,0.1552874307064277,0.7785919710723075,1.9844674545084815,2.4327202182102825,2.5204647321697102,98.0,2.4765924751899964,0.04387225697971401,0.21997007022289816,1.9844674545084815,99.0,0.3333333333333333,0.01107177657972086,0.027512715493823045,98.0,0.019292246036771953,0.008220469457051092,0.04121641712139027,1.9844674545084815,ExtraTreesRegressor,"{'mode': 'original', 'type': 'ExtraTreesRegressor'}",6,"['l2_T2W20', 'l3_T2W20', 'lsc_T2W20', 'z_re_T2W20', 'z_pe_T2W20', 'z_l2_T2W20']",0.09478247923114927,0.14216792402665096,98.0,0.11847520162890011,0.023692722397750846,0.11879237970398256,1.9844674545084815,3.3722223928886015,3.43211831671083,98.0,3.4021703547997157,0.029947961911114367,0.1501553769542004,1.9844674545084815,completed,False,COMPLETE
206,2.783807796737991,2026-06-11 11:57:36.849494,2026-06-11 11:58:01.438696,0 days 00:00:24.589202,,,,,,7.0,sqrt,2.0,5.0,479.0,,,,,ExtraTreesRegressor,,,,,,6,,,,,,,,False,-0.0010620082767111563,0.008592528345220295,98.0,0.003765260034254569,0.004827268310965725,0.024203326257841943,1.9844674545084815,2.7618247531931823,2.8057908402828,98.0,2.783807796737991,0.021983043544808636,0.11022026139435934,1.9844674545084815,911612423563382.2,1142791794817391.5,98.0,1027202109190386.9,115589685627004.64,579552387199312.0,1.9844674545084815,7.9569661947699775,8.267209578724446,98.0,8.112087886747211,0.15512169197723383,0.7777609775832722,1.9844674545084815,2.4324518586518917,2.520223600202612,98.0,2.476337729427252,0.04388587077536027,0.22003832811046686,1.9844674545084815,99.0,0.3333333333333333,0.011119263403670941,0.027566322221442542,98.0,0.01934279281255674,0.0082235294088858,0.041231759341424,1.9844674545084815,ExtraTreesRegressor,"{'mode': 'original', 'type': 'ExtraTreesRegressor'}",6,"['l2_T2W20', 'l3_T2W20', 'lsc_T2W20', 'z_re_T2W20', 'z_pe_T2W20', 'z_l2_T2W20']",0.094689481722499,0.14204377088784118,98.0,0.11836662630517009,0.023677144582671093,0.11871427446589104,1.9844674545084815,3.3721157171201193,3.4320580523019024,98.0,3.402086884711011,0.029971167590891797,0.1502717273624452,1.9844674545084815,completed,False,COMPLETE
207,2.783804882534485,2026-06-11 11:58:01.457172,2026-06-11 11:58:26.186607,0 days 00:00:24.729435,,,,,,7.0,sqrt,2.0,5.0,479.0,,,,,ExtraTreesRegressor,,,,,,6,,,,,,,,True,-0.0010613928197518393,0.00859396997308854,98.0,0.0037662885766683502,0.0048276813964201895,0.02420539741721878,1.9844674545084815,2.7618213177659316,2.8057884473030383,98.0,2.783804882534485,0.021983564768553548,0.11022287474574954,1.9844674545084815,911612423563382.2,1142791794817391.5,98.0,1027202109190386.9,115589685627004.64,579552387199312.0,1.9844674545084815,7.956906053183512,8.26718170206913,98.0,8.112043877626322,0.15513782444280988,0.777841863770351,1.9844674545084815,2.4324518586518917,2.520223600202612,98.0,2.476337729427252,0.04388587077536027,0.22003832811046686,1.9844674545084815,99.0,0.3333333333333333,0.01112034348624184,0.027569458375300452,98.0,0.019344900930771146,0.008224557444529306,0.04123691378498951,1.9844674545084815,ExtraTreesRegressor,"{'mode': 'original', 'type': 'ExtraTreesRegressor'}",6,"['l2_T2W20', 'l3_T2W20', 'lsc_T2W20', 'z_re_T2W20', 'z_pe_T2W20', 'z_l2_T2W20']",0.09469468608882319,0.1420528814374865,98.0,0.11837378376315484,0.02367909767433166,0.11872406702591194,1.9844674545084815,3.3721107340391345,3.432055455133513,98.0,3.402083094586324,0.029972360547189467,0.15027770869777274,1.9844674545084815,completed,True,COMPLETE
208,2.78406103750708,2026-06-11 11:58:26.240426,2026-06-11 11:58:51.748968,0 days 00:00:25.508542,,,,,,7.0,sqrt,2.0,5.0,499.0,,,,,ExtraTreesRegressor,,,,,,6,,,,,,,,True,-0.0011107021084191286,0.008457768231432492,98.0,0.0036735330615066814,0.00478423516992581,0.023987563411156418,1.9844674545084815,2.7621690236266514,2.8059530513875086,98.0,2.78406103750708,0.02189201388042841,0.10976384991602248,1.9844674545084815,911556920182306.8,1142754952650192.8,98.0,1027155936416249.8,115599016233943.02,579599169708459.0,1.9844674545084815,7.956547192995031,8.267573982952905,98.0,8.112060587973968,0.15551339497893701,0.7797249279866219,1.9844674545084815,2.4322018168364044,2.5197549128132377,98.0,2.475978364824821,0.04377654798841653,0.2194901971781536,1.9844674545084815,99.0,0.3333333333333333,0.011207515021170077,0.027516915053960884,98.0,0.01936221503756548,0.008154700016395403,0.04088665728053589,1.9844674545084815,ExtraTreesRegressor,"{'mode': 'original', 'type': 'ExtraTreesRegressor'}",6,"['l2_T2W20', 'l3_T2W20', 'lsc_T2W20', 'z_re_T2W20', 'z_pe_T2W20', 'z_l2_T2W20']",0.09490087651549187,0.14202469041666693,98.0,0.1184627834660794,0.023561906950587533,0.11813648723161534,1.9844674545084815,3.37216655203982,3.4319562306323474,98.0,3.4020613913360838,0.02989483929626355,0.14988902673372823,1.9844674545084815,completed,True,COMPLETE
209,2.8143884366149727,2026-06-11 11:58:51.761805,2026-06-11 11:59:16.891186,0 days 00:00:25.129381,,,,,,7.0,sqrt,3.0,5.0,497.0,,,,,ExtraTreesRegressor,,,,,,6,,,,,,,,True,-0.011576024096003917,-0.0027865568665504476,98.0,-0.007181290481277182,0.004394733614726734,0.022034650788295793,1.9844674545084815,2.793083417716746,2.8356934555131996,98.0,2.8143884366149727,0.02130501889822693,0.106820729676846,1.9844674545084815,921519664591947.0,1154232192293972.0,98.0,1037875928442959.5,116356263851012.53,583395915601425.6,1.9844674545084815,7.919312914476465,8.266053179886732,98.0,8.092683047181598,0.1733701327051337,0.869256402362321,1.9844674545084815,2.4651259695849865,2.547788625343142,98.0,2.506457297464064,0.04133132787907769,0.20723016598325944,1.9844674545084815,99.0,0.35353535353535354,0.0024145947659195335,0.016903430509001456,98.0,0.009659012637460494,0.0072444178715409605,0.03632261519309854,1.9844674545084815,ExtraTreesRegressor,"{'mode': 'original', 'type': 'ExtraTreesRegressor'}",6,"['pe_T2W20', 'l2_T2W20', 'l3_T2W20', 'z_re_T2W20', 'z_pe_T2W20', 'z_l2_T2W20']",0.06837847389890657,0.11497026360839281,98.0,0.09167436875364969,0.023295894854743125,0.11680273548435303,1.9844674545084815,3.3897397694469418,3.4483541242591635,98.0,3.4190469468530527,0.029307177406110677,0.14694256270056893,1.9844674545084815,completed,True,COMPLETE
210,2.7860222178592475,2026-06-11 11:59:16.930747,2026-06-11 11:59:41.345790,0 days 00:00:24.415043,,,,,,6.0,sqrt,2.0,5.0,482.0,,,,,ExtraTreesRegressor,,,,,,6,,,,,,,,True,-0.0016962579880248191,0.0076329471013192145,98.0,0.002968344556647198,0.004664602544672017,0.023387740224713228,1.9844674545084815,2.7643808092494138,2.8076636264690813,98.0,2.7860222178592475,0.021641408609833674,0.10850734608499228,1.9844674545084815,898058413709663.0,1126560363201832.8,98.0,1012309388455747.9,114250974746084.89,572840256418799.9,1.9844674545084815,7.906932988461337,8.253588694230805,98.0,8.080260841346071,0.1733278528847337,0.8690444165721507,1.9844674545084815,2.44058745112992,2.528521884072344,98.0,2.484554667601132,0.04396721647121179,0.2204461853683477,1.9844674545084815,99.0,0.30303030303030304,0.017398256521786632,0.03325588147400324,98.0,0.025327068997894935,0.007928812476108302,0.039754085092093286,1.9844674545084815,ExtraTreesRegressor,"{'mode': 'original', 'type': 'ExtraTreesRegressor'}",6,"['pe_T2W20', 'l2_T2W20', 'lsc_T2W20', 'z_re_T2W20', 'z_pe_T2W20', 'z_l2_T2W20']",0.11413575730249244,0.16277242357723687,98.0,0.13845409043986465,0.024318333137372212,0.12192911457473112,1.9844674545084815,3.362127441627575,3.4212954026862836,98.0,3.3917114221569293,0.029583980529354466,0.14833041932453994,1.9844674545084815,completed,True,COMPLETE
211,2.78606530978209,2026-06-11 11:59:41.358996,2026-06-11 12:00:05.972643,0 days 00:00:24.613647,,,,,,6.0,sqrt,2.0,5.0,483.0,,,,,ExtraTreesRegressor,,,,,,6,,,,,,,,True,-0.0017072756253432813,0.007613143121336971,98.0,0.002952933747996845,0.004660209373340126,0.023365713407017843,1.9844674545084815,2.76443135301743,2.80769926654675,98.0,2.78606530978209,0.021633956764660095,0.10846998345496207,1.9844674545084815,898032674318278.1,1126543757734590.0,98.0,1012288216026434.0,114255541708155.9,572863154601766.2,1.9844674545084815,7.906834014257841,8.253436785463483,98.0,8.080135399860662,0.1733013856028213,0.8689117128942075,1.9844674545084815,2.440692180298614,2.528525075681278,98.0,2.484608627989946,0.04391644769133181,0.22019163698528885,1.9844674545084815,99.0,0.30303030303030304,0.01741037489085783,0.03324811813635771,98.0,0.02532924651360777,0.00791887162274994,0.03970424288287379,1.9844674545084815,ExtraTreesRegressor,"{'mode': 'original', 'type': 'ExtraTreesRegressor'}",6,"['pe_T2W20', 'l2_T2W20', 'lsc_T2W20', 'z_re_T2W20', 'z_pe_T2W20', 'z_l2_T2W20']",0.11418470425224878,0.1627744196002288,98.0,0.13847956192623878,0.024294857673990002,0.12181141150485972,1.9844674545084815,3.362133403913439,3.42128547482502,98.0,3.3917094393692295,0.029576035455790416,0.14829058370836415,1.9844674545084815,completed,True,COMPLETE
212,2.7859791521215156,2026-06-11 12:00:05.985296,2026-06-11 12:00:30.496692,0 days 00:00:24.511396,,,,,,6.0,sqrt,2.0,5.0,481.0,,,,,ExtraTreesRegressor,,,,,,6,,,,,,,,True,-0.0016895495496769678,0.007657338433148364,98.0,0.002983894441735698,0.004673443991412666,0.023432070145129946,1.9844674545084815,2.764320878322748,2.807637425920283,98.0,2.7859791521215156,0.0216582737987677,0.10859190605636224,1.9844674545084815,898004289151588.0,1126495470938211.0,98.0,1012249880044899.5,114245590893311.53,572813262446887.9,1.9844674545084815,7.907164821811968,8.253862244148412,98.0,8.08051353298019,0.1733487111682219,0.8691489974257355,1.9844674545084815,2.440642551748105,2.528708528062124,98.0,2.4846755399051146,0.044032988157009754,0.2207759564660678,1.9844674545084815,99.0,0.30303030303030304,0.017375210870918693,0.03326986297038664,98.0,0.02532253692065267,0.007947326049733977,0.039846909860429214,1.9844674545084815,ExtraTreesRegressor,"{'mode': 'original', 'type': 'ExtraTreesRegressor'}",6,"['pe_T2W20', 'l2_T2W20', 'lsc_T2W20', 'z_re_T2W20', 'z_pe_T2W20', 'z_l2_T2W20']",0.11419455402806397,0.16285124482454952,98.0,0.13852289942630674,0.024328345398242766,0.12197931481238482,1.9844674545084815,3.3621172468985563,3.421314684639696,98.0,3.391715965769126,0.029598718870569717,0.1484043155445039,1.9844674545084815,completed,True,COMPLETE
213,2.7859791521215156,2026-06-11 12:00:30.509473,2026-06-11 12:00:55.025817,0 days 00:00:24.516344,,,,,,6.0,sqrt,2.0,5.0,481.0,,,,,ExtraTreesRegressor,,,,,,6,,,,,,,,True,-0.0016895495496769678,0.007657338433148364,98.0,0.002983894441735698,0.004673443991412666,0.023432070145129946,1.9844674545084815,2.764320878322748,2.807637425920283,98.0,2.7859791521215156,0.0216582737987677,0.10859190605636224,1.9844674545084815,898004289151588.0,1126495470938211.0,98.0,1012249880044899.5,114245590893311.53,572813262446887.9,1.9844674545084815,7.907164821811968,8.253862244148412,98.0,8.08051353298019,0.1733487111682219,0.8691489974257355,1.9844674545084815,2.440642551748105,2.528708528062124,98.0,2.4846755399051146,0.044032988157009754,0.2207759564660678,1.9844674545084815,99.0,0.30303030303030304,0.017375210870918693,0.03326986297038664,98.0,0.02532253692065267,0.007947326049733977,0.039846909860429214,1.9844674545084815,ExtraTreesRegressor,"{'mode': 'original', 'type': 'ExtraTreesRegressor'}",6,"['pe_T2W20', 'l2_T2W20', 'lsc_T2W20', 'z_re_T2W20', 'z_pe_T2W20', 'z_l2_T2W20']",0.11419455402806397,0.16285124482454952,98.0,0.13852289942630674,0.024328345398242766,0.12197931481238482,1.9844674545084815,3.3621172468985563,3.421314684639696,98.0,3.391715965769126,0.029598718870569717,0.1484043155445039,1.9844674545084815,completed,True,COMPLETE
214,2.785904638265864,2026-06-11 12:00:55.038577,2026-06-11 12:01:19.392450,0 days 00:00:24.353873,,,,,,6.0,sqrt,2.0,5.0,479.0,,,,,ExtraTreesRegressor,,,,,,6,,,,,,,,True,-0.0016739948616248815,0.007694256697426947,98.0,0.0030101309179010327,0.004684125779525914,0.023485627309569053,1.9844674545084815,2.7642342146134413,2.807575061918287,98.0,2.785904638265864,0.021670423652422766,0.10865282391985256,1.9844674545084815,897847614855161.4,1126306505745982.0,98.0,1012077060300571.8,114229445445410.36,572732311168036.6,1.9844674545084815,7.9070943255464465,8.253778917502162,98.0,8.080436621524305,0.17334229597785786,0.8691168324547033,1.9844674545084815,2.4407084070448226,2.528967901461078,98.0,2.4848381542529503,0.0441297472081277,0.22126109438087704,1.9844674545084815,99.0,0.30303030303030304,0.01738134934393195,0.033324075983695634,98.0,0.02535271266381379,0.00797136331988184,0.039967429759937396,1.9844674545084815,ExtraTreesRegressor,"{'mode': 'original', 'type': 'ExtraTreesRegressor'}",6,"['pe_T2W20', 'l2_T2W20', 'lsc_T2W20', 'z_re_T2W20', 'z_pe_T2W20', 'z_l2_T2W20']",0.11428928536242322,0.16296455404351956,98.0,0.1386269197029714,0.024337634340548177,0.12202588842021544,1.9844674545084815,3.3620470547140395,3.4212680279947585,98.0,3.391657541354399,0.02961048664035928,0.14846331768675006,1.9844674545084815,completed,True,COMPLETE
215,2.786683891764741,2026-06-11 12:01:19.405285,2026-06-11 12:01:44.228402,0 days 00:00:24.823117,,,,,,8.0,sqrt,2.0,5.0,478.0,,,,,ExtraTreesRegressor,,,,,,6,,,,,,,,True,-0.0024168270141755313,0.007892217662547364,98.0,0.002737695324185916,0.005154522338361447,0.02584413747528737,1.9844674545084815,2.76409184986702,2.8092759336624624,98.0,2.786683891764741,0.022592041897721016,0.11327370381282681,1.9844674545084815,912547866940454.0,1144497720892675.8,98.0,1028522793916564.9,115974926976110.94,581483939675740.5,1.9844674545084815,7.981266762597115,8.292722623869771,98.0,8.136994693233444,0.15572793063632834,0.7808005832382653,1.9844674545084815,2.442027396103187,2.5332725875626494,98.0,2.4876499918329182,0.045622595729731284,0.2287460522274982,1.9844674545084815,99.0,0.3434343434343434,0.006378354956010929,0.024145484093943678,98.0,0.015261919524977303,0.008883564568966374,0.044541093998622945,1.9844674545084815,ExtraTreesRegressor,"{'mode': 'original', 'type': 'ExtraTreesRegressor'}",6,"['l2_T2W20', 'l3_T2W20', 'lsc_T2W20', 'z_re_T2W20', 'z_pe_T2W20', 'z_l2_T2W20']",0.09233317147621027,0.14062748070311973,98.0,0.11648032608966499,0.024147154613454725,0.12107084662776427,1.9844674545084815,3.3784735284805025,3.4396124824401655,98.0,3.409043005460334,0.030569476979831645,0.15327157663760269,1.9844674545084815,completed,True,COMPLETE
216,2.78600161371041,2026-06-11 12:01:44.266926,2026-06-11 12:02:09.503148,0 days 00:00:25.236222,,,,,,6.0,sqrt,2.0,5.0,500.0,,,,,ExtraTreesRegressor,,,,,,6,,,,,,,,True,-0.0016655755637314008,0.00761557414794092,98.0,0.0029749992921047595,0.00464057485583616,0.0232672683647184,1.9844674545084815,2.764413191489574,2.8075900359312462,98.0,2.78600161371041,0.0215884222208362,0.10824167888409987,1.9844674545084815,897933513797529.0,1126371651518351.5,98.0,1012152582657940.2,114219068860411.27,572680284254263.2,1.9844674545084815,7.905800572702112,8.252044689213202,98.0,8.078922630957656,0.17312205825554478,0.8680125877547933,1.9844674545084815,2.4402266165948685,2.5273916831541596,98.0,2.483809149874514,0.043582533279645626,0.21851743142479055,1.9844674545084815,99.0,0.30303030303030304,0.017629605665859256,0.033385156401717256,98.0,0.025507381033788256,0.007877775367929002,0.03949819134412939,1.9844674545084815,ExtraTreesRegressor,"{'mode': 'original', 'type': 'ExtraTreesRegressor'}",6,"['pe_T2W20', 'l2_T2W20', 'lsc_T2W20', 'z_re_T2W20', 'z_pe_T2W20', 'z_l2_T2W20']",0.11456383635305797,0.16328077816443157,98.0,0.13892230725874477,0.024358470905686803,0.12213036038068163,1.9844674545084815,3.3618711416467413,3.4209394214625544,98.0,3.391405281554648,0.029534139907906577,0.1480805246130617,1.9844674545084815,completed,True,COMPLETE
217,2.788153686565234,2026-06-11 12:02:09.515929,2026-06-11 12:02:35.101320,0 days 00:00:25.585391,,,,,,7.0,sqrt,2.0,4.0,498.0,,,,,ExtraTreesRegressor,,,,,,6,,,,,,,,True,-0.0029055871351362584,0.0072635521533437825,98.0,0.002178982509103762,0.00508456964424002,0.02549340331895513,1.9844674545084815,2.7661204390931124,2.8101869340373553,98.0,2.788153686565234,0.02203324747212128,0.1104719776765085,1.9844674545084815,898596955989698.0,1126539584006933.5,98.0,1012568269998315.8,113971314008617.77,571438072070552.8,1.9844674545084815,7.947708415842691,8.2949813360987,98.0,8.121344875970696,0.1736364601280044,0.8705917351202925,1.9844674545084815,2.451190335269491,2.543543326789929,98.0,2.49736683102971,0.04617649576021922,0.23152323847208178,1.9844674545084815,99.0,0.32323232323232326,0.0123648791238713,0.029755532507908012,98.0,0.021060205815889656,0.008695326692018356,0.04359729256552113,1.9844674545084815,ExtraTreesRegressor,"{'mode': 'original', 'type': 'ExtraTreesRegressor'}",6,"['pe_T2W20', 'l2_T2W20', 'lsc_T2W20', 'z_re_T2W20', 'z_pe_T2W20', 'z_l2_T2W20']",0.10897698691668442,0.15654928284245898,98.0,0.1327631348795717,0.023786147962887284,0.1192608039323777,1.9844674545084815,3.369062231004265,3.428711884851726,98.0,3.3988870579279955,0.02982482692373065,0.1495379933572221,1.9844674545084815,completed,True,COMPLETE
218,2.7924657701931457,2026-06-11 12:02:35.227442,2026-06-11 12:02:58.500667,0 days 00:00:23.273225,,,,,,6.0,sqrt,2.0,5.0,461.0,,,,,ExtraTreesRegressor,,,,,,7,,,,,,,,True,-0.0036274297698881876,0.004961028102765008,98.0,0.0006667991664384099,0.004294228936326598,0.021530732761565814,1.9844674545084815,2.7713595613706024,2.813571979015689,98.0,2.7924657701931457,0.021106208822543375,0.10582392054689053,1.9844674545084815,906641713770442.2,1137251915537228.5,98.0,1021946814653835.4,115305100883393.08,578125514493274.9,1.9844674545084815,7.9185459781825696,8.252191608458299,98.0,8.085368793320434,0.16682281513786484,0.8364289618750519,1.9844674545084815,2.4552691248786447,2.5389425457822714,98.0,2.497105835330458,0.04183671045181356,0.2097640916954821,1.9844674545084815,99.0,0.2828282828282828,0.015135802736791468,0.0291556497925289,98.0,0.022145726264660184,0.007009923527868715,0.0351468895570022,1.9844674545084815,ExtraTreesRegressor,"{'mode': 'original', 'type': 'ExtraTreesRegressor'}",7,"['re_T2W20', 'pe_T2W20', 'l2_T2W20', 'lsc_T2W20', 'z_re_T2W20', 'z_pe_T2W20', 'z_l2_T2W20']",0.10622158778489577,0.15479037507104954,98.0,0.13050598142797265,0.024284393643076878,0.12175894614808905,1.9844674545084815,3.3680851723160594,3.426948629639742,98.0,3.3975169009779007,0.029431728661841475,0.1475670472918705,1.9844674545084815,completed,True,COMPLETE
