number,value,datetime_start,datetime_complete,duration,params_dt_max_depth,params_dt_min_samples_leaf,params_dt_min_samples_split,params_elastic_alpha,params_elastic_l1_ratio,params_et_max_depth,params_et_max_features,params_et_min_samples_leaf,params_et_min_samples_split,params_et_n_estimators,params_knn_metric,params_knn_n_neighbors,params_knn_weights,params_quantile_alpha,params_regressor,params_rf_max_depth,params_rf_max_features,params_rf_min_samples_leaf,params_rf_min_samples_split,params_rf_n_estimators,params_rfe_n_features,params_rfe_proxy_et_max_depth,params_rfe_proxy_et_min_samples_leaf,params_rfe_proxy_et_min_samples_split,params_rfe_proxy_et_n_estimators,params_rfe_proxy_lsvr_C,params_rfe_proxy_lsvr_epsilon,params_rfe_proxy_type,params_use_scaler,user_attrs_d2mae_ci_lower_val,user_attrs_d2mae_ci_upper_val,user_attrs_d2mae_df_val,user_attrs_d2mae_mean_val,user_attrs_d2mae_samperror_val,user_attrs_d2mae_std_val,user_attrs_d2mae_t_critical_val,user_attrs_mae_ci_lower_val,user_attrs_mae_ci_upper_val,user_attrs_mae_df_val,user_attrs_mae_mean_val,user_attrs_mae_samperror_val,user_attrs_mae_std_val,user_attrs_mae_t_critical_val,user_attrs_mape_ci_lower_val,user_attrs_mape_ci_upper_val,user_attrs_mape_df_val,user_attrs_mape_mean_val,user_attrs_mape_samperror_val,user_attrs_mape_std_val,user_attrs_mape_t_critical_val,user_attrs_max_error_ci_lower_val,user_attrs_max_error_ci_upper_val,user_attrs_max_error_df_val,user_attrs_max_error_mean_val,user_attrs_max_error_samperror_val,user_attrs_max_error_std_val,user_attrs_max_error_t_critical_val,user_attrs_median_ae_ci_lower_val,user_attrs_median_ae_ci_upper_val,user_attrs_median_ae_df_val,user_attrs_median_ae_mean_val,user_attrs_median_ae_samperror_val,user_attrs_median_ae_std_val,user_attrs_median_ae_t_critical_val,user_attrs_n_splits_val,user_attrs_r2_below_zero_val,user_attrs_r2_ci_lower_val,user_attrs_r2_ci_upper_val,user_attrs_r2_df_val,user_attrs_r2_mean_val,user_attrs_r2_samperror_val,user_attrs_r2_std_val,user_attrs_r2_t_critical_val,user_attrs_regressor_final,user_attrs_rfe_estimator,user_attrs_rfe_n_features,user_attrs_rfe_selected_features,user_attrs_rho_ci_lower_val,user_attrs_rho_ci_upper_val,user_attrs_rho_df_val,user_attrs_rho_mean_val,user_attrs_rho_samperror_val,user_attrs_rho_std_val,user_attrs_rho_t_critical_val,user_attrs_rmse_ci_lower_val,user_attrs_rmse_ci_upper_val,user_attrs_rmse_df_val,user_attrs_rmse_mean_val,user_attrs_rmse_samperror_val,user_attrs_rmse_std_val,user_attrs_rmse_t_critical_val,user_attrs_termination_reason,user_attrs_use_scaler_final,state
278,2.777501332387758,2026-06-11 12:23:02.009535,2026-06-11 12:23:24.098900,0 days 00:00:22.089365,,,,,,5.0,sqrt,2.0,3.0,431.0,,,,,ExtraTreesRegressor,,,,,,5,,,,,,,,True,0.001609292067966171,0.010376147788109618,98.0,0.0059927199280378944,0.0043834278600717235,0.021977965132790635,1.9844674545084815,2.7567310607596407,2.7982716040158757,98.0,2.777501332387758,0.020770271628117346,0.10413957300391945,1.9844674545084815,896259321289868.1,1125071867312973.1,98.0,1010665594301420.6,114406273011552.5,573618902714024.8,1.9844674545084815,7.905040139950803,8.223247231831913,98.0,8.064143685891358,0.15910354594055479,0.7977255008658112,1.9844674545084815,2.418777093644283,2.4966986962898297,98.0,2.4577378949670563,0.03896080132277318,0.1953446390249209,1.9844674545084815,99.0,0.2222222222222222,0.02309942816846795,0.038079214669115194,98.0,0.030589321418791574,0.007489893250323624,0.03755339838106588,1.9844674545084815,ExtraTreesRegressor,"{'mode': 'original', 'type': 'ExtraTreesRegressor'}",5,"['l2_T2W20', 'lsc_T2W20', 'z_re_T2W20', 'z_pe_T2W20', 'z_l2_T2W20']",0.11892378807220005,0.1688568018474872,98.0,0.14389029495984362,0.024966506887643562,0.12517897759020705,1.9844674545084815,3.353425884136356,3.4118057889423117,98.0,3.3826158365393337,0.029189952402978163,0.14635481103365877,1.9844674545084815,completed,True,COMPLETE
279,2.803794859550139,2026-06-11 12:23:24.112798,2026-06-11 12:23:44.816973,0 days 00:00:20.704175,,,,,,5.0,sqrt,5.0,3.0,410.0,,,,,ExtraTreesRegressor,,,,,,5,,,,,,,,True,-0.007232394678447329,0.00043620965454978667,98.0,-0.0033980925119487713,0.003834302166498558,0.019224716822991136,1.9844674545084815,2.7835330828708114,2.8240566362294666,98.0,2.803794859550139,0.020261776679327406,0.10159004222311116,1.9844674545084815,921631638107532.5,1155784969288213.8,98.0,1038708303697873.1,117076665590340.6,587007920820622.9,1.9844674545084815,7.887937322594778,8.22300605228603,98.0,8.055471687440404,0.16753436484562548,0.8399965841028201,1.9844674545084815,2.4742832237080066,2.545460332505238,98.0,2.509871778106622,0.035588554398615815,0.1784366100384285,1.9844674545084815,99.0,0.2828282828282828,0.012621624908704984,0.024547556272395965,98.0,0.018584590590550475,0.0059629656818454896,0.02989757240843082,1.9844674545084815,ExtraTreesRegressor,"{'mode': 'original', 'type': 'ExtraTreesRegressor'}",5,"['l2_T2W20', 'z_re_T2W20', 'z_pe_T2W20', 'z_l2_T2W20', 'z_l3_T2W20']",0.07933555397177137,0.12807400872345448,98.0,0.10370478134761292,0.024369227375841546,0.12218429199163987,1.9844674545084815,3.375179740810775,3.432505377515286,98.0,3.4038425591630306,0.028662818352255547,0.14371182610110902,1.9844674545084815,completed,True,COMPLETE
280,2.777501332387758,2026-06-11 12:23:44.830714,2026-06-11 12:24:06.985001,0 days 00:00:22.154287,,,,,,5.0,sqrt,2.0,3.0,431.0,,,,,ExtraTreesRegressor,,,,,,5,,,,,,,,True,0.001609292067966171,0.010376147788109618,98.0,0.0059927199280378944,0.0043834278600717235,0.021977965132790635,1.9844674545084815,2.7567310607596407,2.7982716040158757,98.0,2.777501332387758,0.020770271628117346,0.10413957300391945,1.9844674545084815,896259321289868.1,1125071867312973.1,98.0,1010665594301420.6,114406273011552.5,573618902714024.8,1.9844674545084815,7.905040139950803,8.223247231831913,98.0,8.064143685891358,0.15910354594055479,0.7977255008658112,1.9844674545084815,2.418777093644283,2.4966986962898297,98.0,2.4577378949670563,0.03896080132277318,0.1953446390249209,1.9844674545084815,99.0,0.2222222222222222,0.02309942816846795,0.038079214669115194,98.0,0.030589321418791574,0.007489893250323624,0.03755339838106588,1.9844674545084815,ExtraTreesRegressor,"{'mode': 'original', 'type': 'ExtraTreesRegressor'}",5,"['l2_T2W20', 'lsc_T2W20', 'z_re_T2W20', 'z_pe_T2W20', 'z_l2_T2W20']",0.11892378807220005,0.1688568018474872,98.0,0.14389029495984362,0.024966506887643562,0.12517897759020705,1.9844674545084815,3.353425884136356,3.4118057889423117,98.0,3.3826158365393337,0.029189952402978163,0.14635481103365877,1.9844674545084815,completed,True,COMPLETE
281,2.80662003711818,2026-06-11 12:24:06.998537,2026-06-11 12:24:08.918130,0 days 00:00:01.919593,,,,0.3136567686863316,0.25138419188649974,,,,,,,,,,ElasticNet,,,,,,5,,,,,,,,True,-0.009134403997666742,0.0002550609972683474,98.0,-0.004439671500199197,0.004694732497467545,0.02353880808145261,1.9844674545084815,2.785350789717477,2.8278892845188834,98.0,2.80662003711818,0.021269247400703364,0.1066413758126061,1.9844674545084815,908516586570062.9,1140522124814048.5,98.0,1024519355692055.6,116002769121992.75,581623536751578.5,1.9844674545084815,7.920694500417791,8.272309825754213,98.0,8.096502163086003,0.17580766266821166,0.8814778761150073,1.9844674545084815,2.4698012426053353,2.5282015030790914,98.0,2.4990013728422134,0.02920013023687827,0.146405841434004,1.9844674545084815,99.0,0.3333333333333333,0.012481269853089252,0.026771027251900986,98.0,0.01962614855249512,0.007144878699405867,0.035823538095364316,1.9844674545084815,ElasticNet,"{'mode': 'original', 'type': 'ElasticNet'}",5,"['pe_T2W20', 'l2_T2W20', 'lsc_T2W20', 'z_pe_T2W20', 'z_l3_T2W20']",0.11249491484867977,0.15652608993085756,98.0,0.13451050238976867,0.022015587541088892,0.11038343296655383,1.9844674545084815,3.372440235022494,3.431207447144484,98.0,3.401823841083489,0.02938360606099485,0.14732576652319623,1.9844674545084815,completed,True,COMPLETE
282,2.777565344454991,2026-06-11 12:24:08.932068,2026-06-11 12:24:30.846657,0 days 00:00:21.914589,,,,,,5.0,sqrt,2.0,3.0,429.0,,,,,ExtraTreesRegressor,,,,,,5,,,,,,,,True,0.0015866421719021966,0.010353874937047486,98.0,0.005970258554474841,0.0043836163825726445,0.02197891036129314,1.9844674545084815,2.7567885925313638,2.798342096378618,98.0,2.777565344454991,0.02077675192362688,0.10417206440409875,1.9844674545084815,896304755498902.6,1125124909531125.6,98.0,1010714832515014.1,114410077016111.47,573637975522390.9,1.9844674545084815,7.906029369954686,8.224286398959228,98.0,8.065157884456957,0.15912851450227114,0.7978506901460584,1.9844674545084815,2.4180802782939366,2.4960018026913233,98.0,2.45704104049263,0.03896076219869323,0.19534444286162303,1.9844674545084815,99.0,0.2222222222222222,0.023039007005266336,0.0379915250539235,98.0,0.03051526602959492,0.007476259024328583,0.03748503805825525,1.9844674545084815,ExtraTreesRegressor,"{'mode': 'original', 'type': 'ExtraTreesRegressor'}",5,"['l2_T2W20', 'lsc_T2W20', 'z_re_T2W20', 'z_pe_T2W20', 'z_l2_T2W20']",0.1189493468824426,0.16898073560714003,98.0,0.14396504124479131,0.025015694362348715,0.12542559750470067,1.9844674545084815,3.3535575902332777,3.4119426503961483,98.0,3.382750120314713,0.0291925300814353,0.14636773519462662,1.9844674545084815,completed,True,COMPLETE
283,2.7779584280353524,2026-06-11 12:24:30.860510,2026-06-11 12:24:51.589075,0 days 00:00:20.728565,,,,,,5.0,sqrt,2.0,2.0,405.0,,,,,ExtraTreesRegressor,,,,,,5,,,,,,,,True,0.001440843107133917,0.010217167951290448,98.0,0.005829005529212183,0.004388162422078266,0.02200170364110434,1.9844674545084815,2.7571806635274756,2.7987361925432293,98.0,2.7779584280353524,0.0207777645078768,0.10417714137628792,1.9844674545084815,896381271720600.4,1125191730645658.1,98.0,1010786501183129.2,114405229462528.86,573613670488289.9,1.9844674545084815,7.909287827967926,8.22865371832457,98.0,8.068970773146248,0.15968294517832177,0.8006305369818612,1.9844674545084815,2.41875566226531,2.4966803394909753,98.0,2.4577180008781427,0.03896233861283261,0.19535234680714147,1.9844674545084815,99.0,0.2222222222222222,0.022573873259795006,0.03760144354224267,98.0,0.03008765840101884,0.007513785141223833,0.03767318936700734,1.9844674545084815,ExtraTreesRegressor,"{'mode': 'original', 'type': 'ExtraTreesRegressor'}",5,"['l2_T2W20', 'lsc_T2W20', 'z_re_T2W20', 'z_pe_T2W20', 'z_l2_T2W20']",0.1179338948820425,0.16827523756765375,98.0,0.14310456622484813,0.025170671342805623,0.12620263291661946,1.9844674545084815,3.3542786297781317,3.412695428737103,98.0,3.3834870292576174,0.029208399479485694,0.14644730239366893,1.9844674545084815,completed,True,COMPLETE
284,2.854655517721552,2026-06-11 12:24:51.602139,2026-06-11 12:24:53.533069,0 days 00:00:01.930930,,,,,,,,,,,,,,,LinearRegression,,,,,,4,,,,,,,,True,-0.02793929981710331,-0.015521565110801293,98.0,-0.0217304324639523,0.006208867353151007,0.031130492974382418,1.9844674545084815,2.8318574177243736,2.8774536177187304,98.0,2.854655517721552,0.022798099997178578,0.11430685363752437,1.9844674545084815,877666581878141.2,1107361085292766.0,98.0,992513833585453.6,114847251707312.4,575829915352785.5,1.9844674545084815,8.227135738278571,8.720418430275876,98.0,8.473777084277224,0.24664134599865153,1.2366292033774269,1.9844674545084815,2.512573003160372,2.592027572136482,98.0,2.552300287648427,0.03972728448805491,0.19918769081433876,1.9844674545084815,99.0,0.6363636363636364,-0.03811114240070018,-0.01459767156612912,98.0,-0.026354406983414652,0.011756735417285532,0.05894681726832806,1.9844674545084815,LinearRegression,"{'mode': 'original', 'type': 'LinearRegression'}",4,"['diameter_T2W20', 'asp_T2W20', 'z_diameter_T2W20', 'z_asp_T2W20']",0.030344297614929707,0.07923102405705218,98.0,0.054787660835990945,0.024443363221061238,0.12255599995019212,1.9844674545084815,3.4474668503750507,3.5118695477142507,98.0,3.4796681990446507,0.032201348669600165,0.16145357945453367,1.9844674545084815,completed,True,COMPLETE
285,2.7950226829946625,2026-06-11 12:24:53.546078,2026-06-11 12:25:15.304410,0 days 00:00:21.758332,,,,,,4.0,sqrt,2.0,3.0,430.0,,,,,ExtraTreesRegressor,,,,,,5,,,,,,,,True,-0.00442576484141761,0.003879006259246845,98.0,-0.0002733792910853826,0.0041523855503322275,0.020819547567873537,1.9844674545084815,2.7745180074677362,2.8155273585215888,98.0,2.7950226829946625,0.020504675526926454,0.1028079070023982,1.9844674545084815,907063948666000.0,1137472022656241.5,98.0,1022267985661120.8,115204036995120.73,577618792657410.6,1.9844674545084815,7.857678432164758,8.19825855361265,98.0,8.027968492888704,0.1702900607239458,0.8538133024026642,1.9844674545084815,2.4405227903595916,2.520339533275682,98.0,2.480431161817637,0.03990837145804518,0.2000956384844035,1.9844674545084815,99.0,0.29292929292929293,0.01838966041472834,0.03207850170859863,98.0,0.025234081061663485,0.006844420646935144,0.03431707858197342,1.9844674545084815,ExtraTreesRegressor,"{'mode': 'original', 'type': 'ExtraTreesRegressor'}",5,"['pe_T2W20', 'l2_T2W20', 'z_re_T2W20', 'z_pe_T2W20', 'z_l2_T2W20']",0.08893410985299191,0.1373666495259429,98.0,0.11315037968946741,0.024216269836475502,0.12141738180757919,1.9844674545084815,3.3634292024609267,3.4206277306397914,98.0,3.392028466550359,0.0285992640894323,0.14339317288792564,1.9844674545084815,completed,True,COMPLETE
286,2.777733835620871,2026-06-11 12:25:15.317933,2026-06-11 12:25:36.559586,0 days 00:00:21.241653,,,,,,5.0,sqrt,2.0,3.0,412.0,,,,,ExtraTreesRegressor,,,,,,5,,,,,,,,True,0.0015212494447410536,0.010296865838547713,98.0,0.005909057641644383,0.0043878081969033296,0.021999927599889012,1.9844674545084815,2.756963019011264,2.7985046522304784,98.0,2.777733835620871,0.020770816609607293,0.10414230547370483,1.9844674545084815,896234827410809.0,1124993614650183.2,98.0,1010614221030496.1,114379393619687.1,573484132767748.2,1.9844674545084815,7.907546613399798,8.22623994997466,98.0,8.066893281687229,0.15934666828743113,0.7989444862428314,1.9844674545084815,2.418517381011941,2.4965628324107514,98.0,2.4575401067113463,0.03902272569940493,0.19565512019033013,1.9844674545084815,99.0,0.2222222222222222,0.02283258867296921,0.037837989361297245,98.0,0.030335289017133227,0.0075027003441640195,0.0376176115655557,1.9844674545084815,ExtraTreesRegressor,"{'mode': 'original', 'type': 'ExtraTreesRegressor'}",5,"['l2_T2W20', 'lsc_T2W20', 'z_re_T2W20', 'z_pe_T2W20', 'z_l2_T2W20']",0.1183572738258382,0.16836168730403028,98.0,0.14335948056493425,0.025002206739096044,0.12535797222990797,1.9844674545084815,3.353859332959173,3.4122533295865543,98.0,3.3830563312728636,0.029196998313690638,0.14639013835850836,1.9844674545084815,completed,True,COMPLETE
287,2.7938531541088856,2026-06-11 12:25:36.573246,2026-06-11 12:25:58.591250,0 days 00:00:22.018004,,,,,,4.0,sqrt,2.0,3.0,435.0,,,,,ExtraTreesRegressor,,,,,,4,,,,,,,,True,-0.004151953692318487,0.004429702234436974,98.0,0.00013887427105924334,0.0042908279633777306,0.02151368070384436,1.9844674545084815,2.7732277264399143,2.814478581777857,98.0,2.7938531541088856,0.02062542766897144,0.1034133433075667,1.9844674545084815,906428221562156.9,1136925425840975.2,98.0,1021676823701566.0,115248602139409.17,577842236778900.8,1.9844674545084815,7.874478568801515,8.201128042960104,98.0,8.037803305880809,0.16332473707929426,0.8188900311438442,1.9844674545084815,2.4359504306507187,2.5165673866170994,98.0,2.476258908633909,0.040308477983190205,0.20210172311491356,1.9844674545084815,99.0,0.2828282828282828,0.01677881277175375,0.031079646958594817,98.0,0.023929229865174283,0.007150417093420535,0.03585130691794602,1.9844674545084815,ExtraTreesRegressor,"{'mode': 'original', 'type': 'ExtraTreesRegressor'}",4,"['l2_T2W20', 'z_re_T2W20', 'z_pe_T2W20', 'z_l2_T2W20']",0.06972342378064185,0.11660675099598762,98.0,0.09316508738831474,0.023441663607672882,0.11753360198235632,1.9844674545084815,3.3655118470083316,3.422948779550982,98.0,3.3942303132796567,0.02871846627132518,0.1439908378845959,1.9844674545084815,completed,True,COMPLETE
288,2.9246331291673537,2026-06-11 12:25:58.607420,2026-06-11 12:26:33.756555,0 days 00:00:35.149135,,,,,,,,,,,,,,,RandomForestRegressor,15.0,,4.0,10.0,379.0,4,,,,,,,,True,-0.056520814987231806,-0.036993271391215075,98.0,-0.04675704318922344,0.009763771798008367,0.04895434417794691,1.9844674545084815,2.8932715184050464,2.955994739929661,98.0,2.9246331291673537,0.03136161076230722,0.15724323744907293,1.9844674545084815,967695852492680.5,1215623407037141.5,98.0,1091659629764911.0,123963777272230.53,621539046971684.0,1.9844674545084815,8.580700269645721,8.990864498830078,98.0,8.7857823842379,0.20508211459217923,1.0282563572957122,1.9844674545084815,2.5435447084728953,2.642240956808368,98.0,2.5928928326406315,0.049348124167736165,0.24742539102933528,1.9844674545084815,99.0,0.8181818181818182,-0.11881932418200288,-0.0791913322828504,98.0,-0.09900532823242664,0.019813995949576238,0.09934492502721742,1.9844674545084815,RandomForestRegressor,"{'mode': 'original', 'type': 'RandomForestRegressor'}",4,"['l3_T2W20', 'z_re_T2W20', 'z_pe_T2W20', 'z_l2_T2W20']",0.016687262611960327,0.06371564013256956,98.0,0.04020145137226494,0.023514188760304613,0.11789723412748859,1.9844674545084815,3.5577024568940385,3.6386079001532594,98.0,3.598155178523649,0.0404527216296106,0.20282494291750933,1.9844674545084815,completed,True,COMPLETE
289,2.7863467388294207,2026-06-11 12:26:33.780445,2026-06-11 12:26:56.338747,0 days 00:00:22.558302,,,,,,5.0,,2.0,3.0,427.0,,,,,ExtraTreesRegressor,,,,,,5,,,,,,,,True,-0.003910255926645117,0.00962978571096585,98.0,0.0028597648921603663,0.006770020818805483,0.03394404704576091,1.9844674545084815,2.7605550966449517,2.81213838101389,98.0,2.7863467388294207,0.025791642184469107,0.12931610391288592,1.9844674545084815,882410301709941.9,1107577249926670.4,98.0,994993775818306.1,112583474108364.28,564479614463549.4,1.9844674545084815,8.013712682639952,8.356164664615541,98.0,8.184938673627746,0.17122599098779445,0.8585059409864898,1.9844674545084815,2.409520459078959,2.506922269690804,98.0,2.4582213643848814,0.048700905305922255,0.24418031570648102,1.9844674545084815,99.0,0.3838383838383838,0.0029757233831977925,0.027212679809259666,98.0,0.01509420159622873,0.012118478213030937,0.060760550904587936,1.9844674545084815,ExtraTreesRegressor,"{'mode': 'original', 'type': 'ExtraTreesRegressor'}",5,"['l2_T2W20', 'lsc_T2W20', 'z_re_T2W20', 'z_pe_T2W20', 'z_l2_T2W20']",0.1155799796019844,0.16548685432524313,98.0,0.14053341696361377,0.024953437361629367,0.12511344860325632,1.9844674545084815,3.3753112125885623,3.4415546986963483,98.0,3.4084329556424553,0.033121743053892844,0.16606832305979738,1.9844674545084815,completed,True,COMPLETE
290,2.777565344454991,2026-06-11 12:26:56.352067,2026-06-11 12:27:18.165146,0 days 00:00:21.813079,,,,,,5.0,sqrt,2.0,3.0,429.0,,,,,ExtraTreesRegressor,,,,,,5,,,,,,,,True,0.0015866421719021966,0.010353874937047486,98.0,0.005970258554474841,0.0043836163825726445,0.02197891036129314,1.9844674545084815,2.7567885925313638,2.798342096378618,98.0,2.777565344454991,0.02077675192362688,0.10417206440409875,1.9844674545084815,896304755498902.6,1125124909531125.6,98.0,1010714832515014.1,114410077016111.47,573637975522390.9,1.9844674545084815,7.906029369954686,8.224286398959228,98.0,8.065157884456957,0.15912851450227114,0.7978506901460584,1.9844674545084815,2.4180802782939366,2.4960018026913233,98.0,2.45704104049263,0.03896076219869323,0.19534444286162303,1.9844674545084815,99.0,0.2222222222222222,0.023039007005266336,0.0379915250539235,98.0,0.03051526602959492,0.007476259024328583,0.03748503805825525,1.9844674545084815,ExtraTreesRegressor,"{'mode': 'original', 'type': 'ExtraTreesRegressor'}",5,"['l2_T2W20', 'lsc_T2W20', 'z_re_T2W20', 'z_pe_T2W20', 'z_l2_T2W20']",0.1189493468824426,0.16898073560714003,98.0,0.14396504124479131,0.025015694362348715,0.12542559750470067,1.9844674545084815,3.3535575902332777,3.4119426503961483,98.0,3.382750120314713,0.0291925300814353,0.14636773519462662,1.9844674545084815,completed,True,COMPLETE
291,2.793770516207091,2026-06-11 12:27:18.199921,2026-06-11 12:27:40.007514,0 days 00:00:21.807593,,,,,,4.0,sqrt,2.0,3.0,436.0,,,,,ExtraTreesRegressor,,,,,,4,,,,,,,,True,-0.004122932914999001,0.004460461529952324,98.0,0.00016876430747666168,0.004291697222475663,0.0215180390614484,1.9844674545084815,2.773138960661162,2.8144020717530203,98.0,2.793770516207091,0.02063155554592896,0.10344406772471457,1.9844674545084815,906389233995155.4,1136879257077233.0,98.0,1021634245536194.2,115245011541038.86,577824233962769.8,1.9844674545084815,7.874327738929971,8.201245383689113,98.0,8.037786561309542,0.163458822379571,0.819562318255295,1.9844674545084815,2.435927662447074,2.5165779699779427,98.0,2.4762528162125084,0.04032515376543431,0.20218533342456668,1.9844674545084815,99.0,0.2828282828282828,0.016834515970591275,0.03114293084389394,98.0,0.023988723407242608,0.007154207436651331,0.03587031123010239,1.9844674545084815,ExtraTreesRegressor,"{'mode': 'original', 'type': 'ExtraTreesRegressor'}",4,"['l2_T2W20', 'z_re_T2W20', 'z_pe_T2W20', 'z_l2_T2W20']",0.06994539040249527,0.1167551443421649,98.0,0.09335026737233008,0.023404876969834818,0.11734915833013561,1.9844674545084815,3.3654010712134816,3.4228533753663655,98.0,3.3941272232899236,0.02872615207644175,0.14402937356084328,1.9844674545084815,completed,True,COMPLETE
