number,value,datetime_start,datetime_complete,duration,params_dt_max_depth,params_dt_min_samples_leaf,params_dt_min_samples_split,params_elastic_alpha,params_elastic_l1_ratio,params_et_max_depth,params_et_max_features,params_et_min_samples_leaf,params_et_min_samples_split,params_et_n_estimators,params_knn_metric,params_knn_n_neighbors,params_knn_weights,params_quantile_alpha,params_regressor,params_rf_max_depth,params_rf_max_features,params_rf_min_samples_leaf,params_rf_min_samples_split,params_rf_n_estimators,params_rfe_n_features,params_rfe_proxy_et_max_depth,params_rfe_proxy_et_min_samples_leaf,params_rfe_proxy_et_min_samples_split,params_rfe_proxy_et_n_estimators,params_rfe_proxy_lsvr_C,params_rfe_proxy_lsvr_epsilon,params_rfe_proxy_type,params_use_scaler,user_attrs_d2mae_ci_lower_val,user_attrs_d2mae_ci_upper_val,user_attrs_d2mae_df_val,user_attrs_d2mae_mean_val,user_attrs_d2mae_samperror_val,user_attrs_d2mae_std_val,user_attrs_d2mae_t_critical_val,user_attrs_mae_ci_lower_val,user_attrs_mae_ci_upper_val,user_attrs_mae_df_val,user_attrs_mae_mean_val,user_attrs_mae_samperror_val,user_attrs_mae_std_val,user_attrs_mae_t_critical_val,user_attrs_mape_ci_lower_val,user_attrs_mape_ci_upper_val,user_attrs_mape_df_val,user_attrs_mape_mean_val,user_attrs_mape_samperror_val,user_attrs_mape_std_val,user_attrs_mape_t_critical_val,user_attrs_max_error_ci_lower_val,user_attrs_max_error_ci_upper_val,user_attrs_max_error_df_val,user_attrs_max_error_mean_val,user_attrs_max_error_samperror_val,user_attrs_max_error_std_val,user_attrs_max_error_t_critical_val,user_attrs_median_ae_ci_lower_val,user_attrs_median_ae_ci_upper_val,user_attrs_median_ae_df_val,user_attrs_median_ae_mean_val,user_attrs_median_ae_samperror_val,user_attrs_median_ae_std_val,user_attrs_median_ae_t_critical_val,user_attrs_n_splits_val,user_attrs_r2_below_zero_val,user_attrs_r2_ci_lower_val,user_attrs_r2_ci_upper_val,user_attrs_r2_df_val,user_attrs_r2_mean_val,user_attrs_r2_samperror_val,user_attrs_r2_std_val,user_attrs_r2_t_critical_val,user_attrs_regressor_final,user_attrs_rfe_estimator,user_attrs_rfe_n_features,user_attrs_rfe_selected_features,user_attrs_rho_ci_lower_val,user_attrs_rho_ci_upper_val,user_attrs_rho_df_val,user_attrs_rho_mean_val,user_attrs_rho_samperror_val,user_attrs_rho_std_val,user_attrs_rho_t_critical_val,user_attrs_rmse_ci_lower_val,user_attrs_rmse_ci_upper_val,user_attrs_rmse_df_val,user_attrs_rmse_mean_val,user_attrs_rmse_samperror_val,user_attrs_rmse_std_val,user_attrs_rmse_t_critical_val,user_attrs_termination_reason,user_attrs_use_scaler_final,state
163,2.79408238142404,2026-06-11 11:40:43.565624,2026-06-11 11:41:07.068222,0 days 00:00:23.502598,,,,,,4.0,log2,2.0,7.0,445.0,,,,,ExtraTreesRegressor,,,,,,4,,,,,,,,False,-0.00417555676385247,0.004288083948708883,98.0,5.626359242820666e-05,0.004231820356280677,0.021217823860125884,1.9844674545084815,2.773563039056186,2.8146017237918937,98.0,2.79408238142404,0.020519342367853858,0.10288144472876228,1.9844674545084815,906166976038985.8,1136443952377939.8,98.0,1021305464208462.8,115138488169477.03,577290138952940.0,1.9844674545084815,7.8771883725516725,8.20692534068789,98.0,8.042056856619782,0.16486848406810897,0.8266301876097623,1.9844674545084815,2.4349974814093116,2.513152438324709,98.0,2.47407495986701,0.039077478457698746,0.1959296437484037,1.9844674545084815,99.0,0.2828282828282828,0.017068434592669064,0.031211061656036387,98.0,0.024139748124352725,0.007071313531683661,0.03545469144320107,1.9844674545084815,ExtraTreesRegressor,"{'mode': 'original', 'type': 'ExtraTreesRegressor'}",4,"['l2_T2W20', 'z_re_T2W20', 'z_pe_T2W20', 'z_l2_T2W20']",0.07389971314415403,0.12130564147333356,98.0,0.0976026773087438,0.023702964164589765,0.11884373065617554,1.9844674545084815,3.3651231379120965,3.422682938895494,98.0,3.393903038403795,0.028779900491698856,0.1442988614671514,1.9844674545084815,completed,False,COMPLETE
164,2.793883581940563,2026-06-11 11:41:07.081463,2026-06-11 11:41:30.294133,0 days 00:00:23.212670,,,,,,4.0,log2,2.0,7.0,443.0,,,,,ExtraTreesRegressor,,,,,,4,,,,,,,,False,-0.004102365952720439,0.004357767950897443,98.0,0.00012770099908850213,0.004230066951808941,0.021209032506971766,1.9844674545084815,2.7733636984402557,2.8144034654408703,98.0,2.793883581940563,0.020519883500307527,0.10288415789995585,1.9844674545084815,906107195655675.8,1136368308477263.5,98.0,1021237752066469.6,115130556410793.83,577250370095929.9,1.9844674545084815,7.876455120595032,8.206083872801578,98.0,8.041269496698305,0.16481437610327332,0.8263588969663377,1.9844674545084815,2.4349091065693496,2.513123037976922,98.0,2.4740160722731357,0.039106965703786335,0.19607748915320164,1.9844674545084815,99.0,0.2828282828282828,0.017146900151705537,0.03130473950062614,98.0,0.02422581982616584,0.007078919674460301,0.03549282770232894,1.9844674545084815,ExtraTreesRegressor,"{'mode': 'original', 'type': 'ExtraTreesRegressor'}",4,"['l2_T2W20', 'z_re_T2W20', 'z_pe_T2W20', 'z_l2_T2W20']",0.0740800018004452,0.12139592103642931,98.0,0.09773796141843726,0.023657959617992056,0.11861808342585352,1.9844674545084815,3.364969631918992,3.4225334275690527,98.0,3.3937515297440224,0.02878189782503035,0.14430887584943838,1.9844674545084815,completed,False,COMPLETE
165,2.793938834741901,2026-06-11 11:41:30.306836,2026-06-11 11:41:53.589381,0 days 00:00:23.282545,,,,,,4.0,log2,2.0,7.0,442.0,,,,,ExtraTreesRegressor,,,,,,4,,,,,,,,False,-0.0041201140296116675,0.004336901710510116,98.0,0.00010839384044922437,0.004228507870060892,0.021201215463919704,1.9844674545084815,2.773413937849338,2.8144637316344645,98.0,2.793938834741901,0.02052489689256343,0.10290929442865313,1.9844674545084815,906104317176518.6,1136361205719594.5,98.0,1021232761448056.6,115128444271538.0,577239780090937.9,1.9844674545084815,7.8767768718133775,8.206381725101494,98.0,8.041579298457435,0.1648024266440578,0.8262989838557818,1.9844674545084815,2.4352308554364632,2.5134777865067135,98.0,2.4743543209715884,0.039123465535124954,0.19616021726677693,1.9844674545084815,99.0,0.2828282828282828,0.017144221144063772,0.03129725160220309,98.0,0.024220736373133434,0.007076515229069661,0.03548077211053045,1.9844674545084815,ExtraTreesRegressor,"{'mode': 'original', 'type': 'ExtraTreesRegressor'}",4,"['l2_T2W20', 'z_re_T2W20', 'z_pe_T2W20', 'z_l2_T2W20']",0.07415956527975075,0.12152107719967174,98.0,0.09784032123971124,0.023680755959960498,0.1187323814649524,1.9844674545084815,3.364974543165222,3.42255019592019,98.0,3.393762369542706,0.028787826377483942,0.1443386008781767,1.9844674545084815,completed,False,COMPLETE
166,2.793973843874929,2026-06-11 11:41:53.611501,2026-06-11 11:42:16.868775,0 days 00:00:23.257274,,,,,,4.0,log2,2.0,7.0,444.0,,,,,ExtraTreesRegressor,,,,,,4,,,,,,,,False,-0.004136304943341582,0.0043267416866640904,98.0,9.521837166125414e-05,0.004231523315002836,0.02121633453189789,1.9844674545084815,2.773454022223049,2.814493665526809,98.0,2.793973843874929,0.02051982165188009,0.10288384779959028,1.9844674545084815,906117798502348.0,1136377674502612.2,98.0,1021247736502480.1,115129938000132.12,577247269461359.2,1.9844674545084815,7.876865746188021,8.206760943584811,98.0,8.041813344886416,0.16494759869839482,0.8270268585808428,1.9844674545084815,2.4348935314582945,2.513057226095031,98.0,2.4739753787766627,0.03908184731836828,0.19595154867544481,1.9844674545084815,99.0,0.2828282828282828,0.01710611138041899,0.03126230653133228,98.0,0.024184208955875634,0.0070780975754566435,0.03548870579960467,1.9844674545084815,ExtraTreesRegressor,"{'mode': 'original', 'type': 'ExtraTreesRegressor'}",4,"['l2_T2W20', 'z_re_T2W20', 'z_pe_T2W20', 'z_l2_T2W20']",0.07393823793996679,0.12135113785287976,98.0,0.09764468789642328,0.023706449956456488,0.11886120798546042,1.9844674545084815,3.3650395065617444,3.422610326796329,98.0,3.3938249166790366,0.02878541011729201,0.14432648604842582,1.9844674545084815,completed,False,COMPLETE
167,2.79408238142404,2026-06-11 11:42:16.882984,2026-06-11 11:42:40.358222,0 days 00:00:23.475238,,,,,,4.0,log2,2.0,7.0,445.0,,,,,ExtraTreesRegressor,,,,,,4,,,,,,,,False,-0.00417555676385247,0.004288083948708883,98.0,5.626359242820666e-05,0.004231820356280677,0.021217823860125884,1.9844674545084815,2.773563039056186,2.8146017237918937,98.0,2.79408238142404,0.020519342367853858,0.10288144472876228,1.9844674545084815,906166976038985.8,1136443952377939.8,98.0,1021305464208462.8,115138488169477.03,577290138952940.0,1.9844674545084815,7.8771883725516725,8.20692534068789,98.0,8.042056856619782,0.16486848406810897,0.8266301876097623,1.9844674545084815,2.4349974814093116,2.513152438324709,98.0,2.47407495986701,0.039077478457698746,0.1959296437484037,1.9844674545084815,99.0,0.2828282828282828,0.017068434592669064,0.031211061656036387,98.0,0.024139748124352725,0.007071313531683661,0.03545469144320107,1.9844674545084815,ExtraTreesRegressor,"{'mode': 'original', 'type': 'ExtraTreesRegressor'}",4,"['l2_T2W20', 'z_re_T2W20', 'z_pe_T2W20', 'z_l2_T2W20']",0.07389971314415403,0.12130564147333356,98.0,0.0976026773087438,0.023702964164589765,0.11884373065617554,1.9844674545084815,3.3651231379120965,3.422682938895494,98.0,3.393903038403795,0.028779900491698856,0.1442988614671514,1.9844674545084815,completed,False,COMPLETE
168,2.8058027681241455,2026-06-11 11:42:40.406316,2026-06-11 11:43:03.561500,0 days 00:00:23.155184,,,,,,4.0,log2,2.0,7.0,444.0,,,,,ExtraTreesRegressor,,,,,,2,,,,,,,,False,-0.007555405463536683,-0.0007869297382929246,98.0,-0.004171167600914804,0.0033842378626218793,0.016968150068872482,1.9844674545084815,2.7870759869591506,2.8245295492891405,98.0,2.8058027681241455,0.018726781164995078,0.09389376456783478,1.9844674545084815,922316222575290.5,1158132051854964.0,98.0,1040224137215127.2,117907914639836.81,591175700743022.4,1.9844674545084815,7.843653857764071,8.129305653663211,98.0,7.986479755713641,0.1428258979495701,0.7161113871151521,1.9844674545084815,2.4353128844986087,2.488399751636989,98.0,2.461856318067799,0.026543433569190127,0.13308549293170296,1.9844674545084815,99.0,0.1717171717171717,0.01701665363330316,0.026529742842830023,98.0,0.02177319823806659,0.004756544604763432,0.023848726342297694,1.9844674545084815,ExtraTreesRegressor,"{'mode': 'original', 'type': 'ExtraTreesRegressor'}",2,"['z_re_T2W20', 'z_pe_T2W20']",0.08470739372643413,0.13112980527470072,98.0,0.10791859950056742,0.023211205774133305,0.11637811490881554,1.9844674545084815,3.3712946141068874,3.425217508568505,98.0,3.398256061337696,0.026961447230808688,0.13518136172967435,1.9844674545084815,completed,False,COMPLETE
169,2.8029873352609744,2026-06-11 11:43:03.574389,2026-06-11 11:43:26.591256,0 days 00:00:23.016867,,,,,,4.0,log2,2.0,7.0,443.0,,,,,ExtraTreesRegressor,,,,,,3,,,,,,,,False,-0.006438874859243623,8.881271358282235e-05,98.0,-0.0031750310728304006,0.003263843786413223,0.01636450906152051,1.9844674545084815,2.7846266175008414,2.8213480530211075,98.0,2.8029873352609744,0.018360717760133025,0.092058367931852,1.9844674545084815,918829807686222.1,1153237094430828.8,98.0,1036033451058525.4,117203643372303.28,587644571714330.0,1.9844674545084815,7.856985401646558,8.157466415011612,98.0,8.007225908329085,0.15024050668252695,0.7532873182375921,1.9844674545084815,2.4635398193312623,2.5054433575947836,98.0,2.484491588463023,0.020951769131760733,0.10504957903894466,1.9844674545084815,99.0,0.1111111111111111,0.019820596004922995,0.027954305183202174,98.0,0.023887450594062585,0.0040668545891395895,0.02039070590722052,1.9844674545084815,ExtraTreesRegressor,"{'mode': 'original', 'type': 'ExtraTreesRegressor'}",3,"['z_re_T2W20', 'z_pe_T2W20', 'z_l2_T2W20']",0.0887391150264087,0.13696363007293877,98.0,0.11285137254967374,0.02411225752326504,0.12089587693374672,1.9844674545084815,3.3679941809667766,3.4213197308845333,98.0,3.394656955925655,0.02666277495887834,0.13368385589904136,1.9844674545084815,completed,False,COMPLETE
170,2.7958980682815096,2026-06-11 11:43:26.604129,2026-06-11 11:43:49.837996,0 days 00:00:23.233867,,,,,,4.0,log2,2.0,7.0,442.0,,,,,ExtraTreesRegressor,,,,,,5,,,,,,,,False,-0.004723962589873589,0.003546701675634568,98.0,-0.0005886304571195108,0.004135332132754079,0.02073404384136272,1.9844674545084815,2.77544613717222,2.816349999390799,98.0,2.7958980682815096,0.02045193110928957,0.10254345301597995,1.9844674545084815,906688055957550.9,1136815570020952.8,98.0,1021751812989251.8,115063757031700.9,576915446271137.6,1.9844674545084815,7.861000464579964,8.205190501252005,98.0,8.033095482915984,0.1720950183360206,0.8628631366261696,1.9844674545084815,2.4385412800744906,2.518468468127283,98.0,2.478504874100887,0.03996359402639607,0.20037251761199545,1.9844674545084815,99.0,0.2828282828282828,0.01856206596552934,0.03223245509224075,98.0,0.025397260528885045,0.006835194563355704,0.034270820140020225,1.9844674545084815,ExtraTreesRegressor,"{'mode': 'original', 'type': 'ExtraTreesRegressor'}",5,"['pe_T2W20', 'l2_T2W20', 'z_re_T2W20', 'z_pe_T2W20', 'z_l2_T2W20']",0.09082567762075766,0.1393297509293861,98.0,0.11507771427507188,0.02425203665431422,0.12159671220845802,1.9844674545084815,3.3631241670996843,3.4203830711130854,98.0,3.391753619106385,0.028629452006700327,0.14354453137136086,1.9844674545084815,completed,False,COMPLETE
171,2.793973843874929,2026-06-11 11:43:49.852394,2026-06-11 11:44:13.253234,0 days 00:00:23.400840,,,,,,4.0,log2,2.0,7.0,444.0,,,,,ExtraTreesRegressor,,,,,,4,,,,,,,,False,-0.004136304943341582,0.0043267416866640904,98.0,9.521837166125414e-05,0.004231523315002836,0.02121633453189789,1.9844674545084815,2.773454022223049,2.814493665526809,98.0,2.793973843874929,0.02051982165188009,0.10288384779959028,1.9844674545084815,906117798502348.0,1136377674502612.2,98.0,1021247736502480.1,115129938000132.12,577247269461359.2,1.9844674545084815,7.876865746188021,8.206760943584811,98.0,8.041813344886416,0.16494759869839482,0.8270268585808428,1.9844674545084815,2.4348935314582945,2.513057226095031,98.0,2.4739753787766627,0.03908184731836828,0.19595154867544481,1.9844674545084815,99.0,0.2828282828282828,0.01710611138041899,0.03126230653133228,98.0,0.024184208955875634,0.0070780975754566435,0.03548870579960467,1.9844674545084815,ExtraTreesRegressor,"{'mode': 'original', 'type': 'ExtraTreesRegressor'}",4,"['l2_T2W20', 'z_re_T2W20', 'z_pe_T2W20', 'z_l2_T2W20']",0.07393823793996679,0.12135113785287976,98.0,0.09764468789642328,0.023706449956456488,0.11886120798546042,1.9844674545084815,3.3650395065617444,3.422610326796329,98.0,3.3938249166790366,0.02878541011729201,0.14432648604842582,1.9844674545084815,completed,False,COMPLETE
172,2.79408238142404,2026-06-11 11:44:13.266657,2026-06-11 11:44:36.693878,0 days 00:00:23.427221,,,,,,4.0,log2,2.0,7.0,445.0,,,,,ExtraTreesRegressor,,,,,,4,,,,,,,,False,-0.00417555676385247,0.004288083948708883,98.0,5.626359242820666e-05,0.004231820356280677,0.021217823860125884,1.9844674545084815,2.773563039056186,2.8146017237918937,98.0,2.79408238142404,0.020519342367853858,0.10288144472876228,1.9844674545084815,906166976038985.8,1136443952377939.8,98.0,1021305464208462.8,115138488169477.03,577290138952940.0,1.9844674545084815,7.8771883725516725,8.20692534068789,98.0,8.042056856619782,0.16486848406810897,0.8266301876097623,1.9844674545084815,2.4349974814093116,2.513152438324709,98.0,2.47407495986701,0.039077478457698746,0.1959296437484037,1.9844674545084815,99.0,0.2828282828282828,0.017068434592669064,0.031211061656036387,98.0,0.024139748124352725,0.007071313531683661,0.03545469144320107,1.9844674545084815,ExtraTreesRegressor,"{'mode': 'original', 'type': 'ExtraTreesRegressor'}",4,"['l2_T2W20', 'z_re_T2W20', 'z_pe_T2W20', 'z_l2_T2W20']",0.07389971314415403,0.12130564147333356,98.0,0.0976026773087438,0.023702964164589765,0.11884373065617554,1.9844674545084815,3.3651231379120965,3.422682938895494,98.0,3.393903038403795,0.028779900491698856,0.1442988614671514,1.9844674545084815,completed,False,COMPLETE
173,2.8031448145220366,2026-06-11 11:44:36.725629,2026-06-11 11:44:59.511047,0 days 00:00:22.785418,,,,,,4.0,log2,2.0,7.0,439.0,,,,,ExtraTreesRegressor,,,,,,3,,,,,,,,False,-0.006488993932371969,2.4937206052217005e-05,98.0,-0.003232028363159876,0.003256965569212093,0.016330022531195882,1.9844674545084815,2.784803408397252,2.821486220646821,98.0,2.8031448145220366,0.01834140612478455,0.091961541780745,1.9844674545084815,918920354748328.6,1153337351326430.2,98.0,1036128853037379.4,117208498289050.8,587668913666429.0,1.9844674545084815,7.857982281331151,8.159299878638116,98.0,8.008641079984633,0.15065879865348214,0.7553845824441551,1.9844674545084815,2.4637952806703605,2.5057552679652164,98.0,2.4847752743177884,0.020979993647428186,0.10519109326959496,1.9844674545084815,99.0,0.1111111111111111,0.019746442685959213,0.027826778215731072,98.0,0.023786610450845142,0.00404016776488593,0.020256901471131943,1.9844674545084815,ExtraTreesRegressor,"{'mode': 'original', 'type': 'ExtraTreesRegressor'}",3,"['z_re_T2W20', 'z_pe_T2W20', 'z_l2_T2W20']",0.08903350623812523,0.1373542045767957,98.0,0.11319385540746046,0.024160349169335234,0.12113700249900056,1.9844674545084815,3.368183054392652,3.421486219684318,98.0,3.394834637038485,0.026651582645833248,0.13362773902573746,1.9844674545084815,completed,False,COMPLETE
174,2.801471877483505,2026-06-11 11:44:59.524060,2026-06-11 11:45:23.999475,0 days 00:00:24.475415,,,,,,5.0,log2,2.0,8.0,462.0,,,,,ExtraTreesRegressor,,,,,,5,,,,,,,,False,-0.0072017055978,0.002033199069235452,98.0,-0.002584253264282274,0.004617452333517726,0.023151334897687777,1.9844674545084815,2.7802189229324616,2.822724832034548,98.0,2.801471877483505,0.021252954551043327,0.106559685479567,1.9844674545084815,907739081728087.4,1137593021953153.2,98.0,1022666051840620.2,114926970112532.92,576229613576711.4,1.9844674545084815,7.882823923358663,8.233739117140136,98.0,8.0582815202494,0.17545759689073634,0.8797226896040993,1.9844674545084815,2.4444501916836576,2.5364446475858515,98.0,2.4904474196347546,0.04599722795109682,0.2306244118496084,1.9844674545084815,99.0,0.32323232323232326,0.011285079696088865,0.02699101310141782,98.0,0.01913804639875334,0.007852966702664476,0.03937380376491509,1.9844674545084815,ExtraTreesRegressor,"{'mode': 'original', 'type': 'ExtraTreesRegressor'}",5,"['pe_T2W20', 'l2_T2W20', 'z_re_T2W20', 'z_pe_T2W20', 'z_l2_T2W20']",0.08534615253190583,0.13308882205684155,98.0,0.1092174872943737,0.023871334762467857,0.11968792000927493,1.9844674545084815,3.3732025922114537,3.431638628716452,98.0,3.402420610463953,0.029218018252499135,0.14649552973187502,1.9844674545084815,completed,False,COMPLETE
175,2.805281309414856,2026-06-11 11:45:24.012253,2026-06-11 11:45:46.075636,0 days 00:00:22.063383,,,,,,3.0,log2,2.0,6.0,425.0,,,,,ExtraTreesRegressor,,,,,,3,,,,,,,,False,-0.007182327611843292,-0.0008046562903141741,98.0,-0.003993491951078733,0.003188835660764559,0.015988427596784066,1.9844674545084815,2.7869616420781433,2.8236009767515684,98.0,2.805281309414856,0.018319667336712635,0.09185254618608137,1.9844674545084815,920822993704920.8,1155645493238793.2,98.0,1038234243471857.0,117411249766936.22,588685484499538.4,1.9844674545084815,7.862741112417053,8.16737220952807,98.0,8.015056660972562,0.15231554855550852,0.7636913215403233,1.9844674545084815,2.4772263389878773,2.5144181239701155,98.0,2.4958222314789964,0.018595892491119335,0.0932375049457884,1.9844674545084815,99.0,0.08080808080808081,0.01945627986623459,0.026194585797864316,98.0,0.022825432832049453,0.0033691529658148606,0.016892516262034613,1.9844674545084815,ExtraTreesRegressor,"{'mode': 'original', 'type': 'ExtraTreesRegressor'}",3,"['z_re_T2W20', 'z_pe_T2W20', 'z_l2_T2W20']",0.09512348289430875,0.14155912053358158,98.0,0.11834130171394516,0.023217818819636412,0.11641127190104365,1.9844674545084815,3.369994019944918,3.4232132787107954,98.0,3.3966036493278566,0.026609629382938867,0.13341739055451057,1.9844674545084815,completed,False,COMPLETE
176,2.799600150264963,2026-06-11 11:45:46.089144,2026-06-11 11:46:10.802603,0 days 00:00:24.713459,,,,,,5.0,log2,2.0,8.0,466.0,,,,,ExtraTreesRegressor,,,,,,4,,,,,,,,False,-0.00676952657995524,0.0029222290431255814,98.0,-0.001923648768414829,0.0048458778115404106,0.024296631992035637,1.9844674545084815,2.778098369590767,2.821101930939159,98.0,2.799600150264963,0.02150178067419609,0.10780726888537431,1.9844674545084815,907690605376244.1,1138460264865590.0,98.0,1023075435120917.1,115384829744673.0,578525265142589.4,1.9844674545084815,7.909237832428283,8.239061653583322,98.0,8.074149743005803,0.16491191057751994,0.8268479227568071,1.9844674545084815,2.446369981987905,2.5358510560376644,98.0,2.4911105190127847,0.04474053702487946,0.22432351897746075,1.9844674545084815,99.0,0.37373737373737376,0.008269823616327644,0.025060424348790397,98.0,0.01666512398255902,0.008395300366231376,0.04209299767632508,1.9844674545084815,ExtraTreesRegressor,"{'mode': 'original', 'type': 'ExtraTreesRegressor'}",4,"['l2_T2W20', 'z_re_T2W20', 'z_pe_T2W20', 'z_l2_T2W20']",0.07289826308186485,0.11852769648086676,98.0,0.09571297978136581,0.022814716699500952,0.11439016772775717,1.9844674545084815,3.3770555928780244,3.4361139305997437,98.0,3.406584761738884,0.029529168860859507,0.14805560039800408,1.9844674545084815,completed,False,COMPLETE
