number,value,datetime_start,datetime_complete,duration,params_dt_max_depth,params_dt_min_samples_leaf,params_dt_min_samples_split,params_elastic_alpha,params_elastic_l1_ratio,params_et_max_depth,params_et_max_features,params_et_min_samples_leaf,params_et_min_samples_split,params_et_n_estimators,params_knn_metric,params_knn_n_neighbors,params_knn_weights,params_quantile_alpha,params_regressor,params_rf_max_depth,params_rf_max_features,params_rf_min_samples_leaf,params_rf_min_samples_split,params_rf_n_estimators,params_rfe_n_features,params_rfe_proxy_et_max_depth,params_rfe_proxy_et_min_samples_leaf,params_rfe_proxy_et_min_samples_split,params_rfe_proxy_et_n_estimators,params_rfe_proxy_lsvr_C,params_rfe_proxy_lsvr_epsilon,params_rfe_proxy_type,params_use_scaler,user_attrs_d2mae_ci_lower_val,user_attrs_d2mae_ci_upper_val,user_attrs_d2mae_df_val,user_attrs_d2mae_mean_val,user_attrs_d2mae_samperror_val,user_attrs_d2mae_std_val,user_attrs_d2mae_t_critical_val,user_attrs_mae_ci_lower_val,user_attrs_mae_ci_upper_val,user_attrs_mae_df_val,user_attrs_mae_mean_val,user_attrs_mae_samperror_val,user_attrs_mae_std_val,user_attrs_mae_t_critical_val,user_attrs_mape_ci_lower_val,user_attrs_mape_ci_upper_val,user_attrs_mape_df_val,user_attrs_mape_mean_val,user_attrs_mape_samperror_val,user_attrs_mape_std_val,user_attrs_mape_t_critical_val,user_attrs_max_error_ci_lower_val,user_attrs_max_error_ci_upper_val,user_attrs_max_error_df_val,user_attrs_max_error_mean_val,user_attrs_max_error_samperror_val,user_attrs_max_error_std_val,user_attrs_max_error_t_critical_val,user_attrs_median_ae_ci_lower_val,user_attrs_median_ae_ci_upper_val,user_attrs_median_ae_df_val,user_attrs_median_ae_mean_val,user_attrs_median_ae_samperror_val,user_attrs_median_ae_std_val,user_attrs_median_ae_t_critical_val,user_attrs_n_splits_val,user_attrs_r2_below_zero_val,user_attrs_r2_ci_lower_val,user_attrs_r2_ci_upper_val,user_attrs_r2_df_val,user_attrs_r2_mean_val,user_attrs_r2_samperror_val,user_attrs_r2_std_val,user_attrs_r2_t_critical_val,user_attrs_regressor_final,user_attrs_rfe_estimator,user_attrs_rfe_n_features,user_attrs_rfe_selected_features,user_attrs_rho_ci_lower_val,user_attrs_rho_ci_upper_val,user_attrs_rho_df_val,user_attrs_rho_mean_val,user_attrs_rho_samperror_val,user_attrs_rho_std_val,user_attrs_rho_t_critical_val,user_attrs_rmse_ci_lower_val,user_attrs_rmse_ci_upper_val,user_attrs_rmse_df_val,user_attrs_rmse_mean_val,user_attrs_rmse_samperror_val,user_attrs_rmse_std_val,user_attrs_rmse_t_critical_val,user_attrs_termination_reason,user_attrs_use_scaler_final,state
12,2.7956649831649836,2026-06-11 11:24:10.640134,2026-06-11 11:24:12.900506,0 days 00:00:02.260372,,,,,,,,,,,,,,6.88148506855692,QuantileRegressor,,,,,,11,,,,,,,,False,-0.0009466070487002694,5.9487806499319634e-05,98.0,-0.00044355962110047487,0.0005030474275997945,0.0025222175833292722,1.9844674545084815,2.777693032469059,2.813636933860908,98.0,2.7956649831649836,0.017971950695924464,0.09010913795597343,1.9844674545084815,824394433015304.0,1033150867836164.5,98.0,928772650425734.2,104378217410430.31,523339472234805.4,1.9844674545084815,8.561579990668083,8.89296546387737,98.0,8.727272727272727,0.16569273660464476,0.8307628878815312,1.9844674545084815,2.421970472839772,2.578029527160228,98.0,2.5,0.07802952716022794,0.3912303982179758,1.9844674545084815,99.0,1.0,-0.03129339557959086,-0.027338781343306924,98.0,-0.029316088461448894,0.001977307118141968,0.009913973330139818,1.9844674545084815,QuantileRegressor,"{'mode': 'original', 'type': 'QuantileRegressor'}",11,"['diameter_T2W20', 'asp_T2W20', 'z_re_T2W20', 'z_pe_T2W20', 'z_l1_T2W20', 'z_l2_T2W20', 'z_l3_T2W20', 'z_lsc_T2W20', 'z_density_T2W20', 'z_diameter_T2W20', 'z_asp_T2W20']",,,,,,,,3.4585342181766117,3.514098957988369,98.0,3.4863165880824902,0.027782369905878717,0.13929736648790278,1.9844674545084815,completed,False,COMPLETE
13,2.8520885942760943,2026-06-11 11:24:12.913794,2026-06-11 11:24:14.888036,0 days 00:00:01.974242,,,,,,,,,,,euclidean,16.0,uniform,,KNeighborsRegressor,,,,,,8,,,,,0.0011396432463391681,0.00026430789875605035,LinearSVR,,-0.029826305089264756,-0.012039682509034876,98.0,-0.020932993799149816,0.00889331129011494,0.04458996285295347,1.9844674545084815,2.8246258522306213,2.8795513363215672,98.0,2.8520885942760943,0.027462742045472933,0.13769479192851405,1.9844674545084815,875792539532721.6,1100574058305610.4,98.0,988183298919166.0,112390759386444.42,563513366683470.5,1.9844674545084815,8.270082131407287,8.690776454451298,98.0,8.480429292929292,0.2103471615220051,1.0546546514025361,1.9844674545084815,2.528649096837104,2.6253913072033,98.0,2.577020202020202,0.048371105183098194,0.24252673868146782,1.9844674545084815,99.0,0.6767676767676768,-0.060290886819557576,-0.0281058378510968,98.0,-0.04419836233532719,0.01609252448423039,0.08068592738451227,1.9844674545084815,KNeighborsRegressor,"{'mode': 'proxy', 'type': 'LinearSVR'}",8,"['nodes_T2W20', 'edges_T2W20', 'l3_T2W20', 'lcc_T2W20', 'density_T2W20', 'diameter_T2W20', 'asp_T2W20', 'z_l3_T2W20']",0.0425604282780235,0.09930002825136883,98.0,0.07093022826469617,0.02836979998667267,0.14224266825760742,1.9844674545084815,3.473312181367729,3.542335922394374,98.0,3.5078240518810513,0.03451187051332253,0.173038250205577,1.9844674545084815,completed,True,COMPLETE
14,2.8121711623060706,2026-06-11 11:24:14.900764,2026-06-11 11:24:17.293601,0 days 00:00:02.392837,,,,,,,,,,,,,,0.03377108460750236,QuantileRegressor,,,,,,14,,,,,,,,False,-0.011543091089430654,-0.0011742952488502725,98.0,-0.006358693169140463,0.005184397920290191,0.025993929947962173,1.9844674545084815,2.789114361062338,2.835227963549803,98.0,2.8121711623060706,0.02305680124373264,0.11560394969067615,1.9844674545084815,843440077214941.9,1059363810141164.4,98.0,951401943678053.1,107961866463111.27,541307445346764.25,1.9844674545084815,8.38966297469257,8.786950097583155,98.0,8.588306536137862,0.19864356144529277,0.9959742481598782,1.9844674545084815,2.4552521230986737,2.568837858635449,98.0,2.5120449908670612,0.0567928677683874,0.28475241465120954,1.9844674545084815,99.0,0.6464646464646465,-0.02801592907404784,-0.010232811957888053,98.0,-0.019124370515967947,0.008891558558079894,0.044581174871313745,1.9844674545084815,QuantileRegressor,"{'mode': 'original', 'type': 'QuantileRegressor'}",14,"['pe_T2W20', 'atd_T2W20', 'density_T2W20', 'diameter_T2W20', 'asp_T2W20', 'z_re_T2W20', 'z_pe_T2W20', 'z_l1_T2W20', 'z_l2_T2W20', 'z_l3_T2W20', 'z_lsc_T2W20', 'z_density_T2W20', 'z_diameter_T2W20', 'z_asp_T2W20']",0.04051110204645976,0.10071904729237093,75.0,0.07061507466941534,0.03010397262295558,0.1317404071863985,1.9921021540022417,3.4378853753137273,3.4981445651971868,98.0,3.468014970255457,0.03012959494172959,0.15106606250469995,1.9844674545084815,completed,False,COMPLETE
15,2.7956649831649836,2026-06-11 11:24:17.306814,2026-06-11 11:24:19.688189,0 days 00:00:02.381375,,,,,,,,,,,,,,1.4657437167969012,QuantileRegressor,,,,,,13,,,,,,,,False,-0.0009466070487002694,5.9487806499319634e-05,98.0,-0.00044355962110047487,0.0005030474275997945,0.0025222175833292722,1.9844674545084815,2.777693032469059,2.813636933860908,98.0,2.7956649831649836,0.017971950695924464,0.09010913795597343,1.9844674545084815,824394433015304.0,1033150867836164.5,98.0,928772650425734.2,104378217410430.31,523339472234805.4,1.9844674545084815,8.561579990668083,8.89296546387737,98.0,8.727272727272727,0.16569273660464476,0.8307628878815312,1.9844674545084815,2.421970472839772,2.578029527160228,98.0,2.5,0.07802952716022794,0.3912303982179758,1.9844674545084815,99.0,1.0,-0.03129339557959086,-0.027338781343306924,98.0,-0.029316088461448894,0.001977307118141968,0.009913973330139818,1.9844674545084815,QuantileRegressor,"{'mode': 'original', 'type': 'QuantileRegressor'}",13,"['atd_T2W20', 'density_T2W20', 'diameter_T2W20', 'asp_T2W20', 'z_re_T2W20', 'z_pe_T2W20', 'z_l1_T2W20', 'z_l2_T2W20', 'z_l3_T2W20', 'z_lsc_T2W20', 'z_density_T2W20', 'z_diameter_T2W20', 'z_asp_T2W20']",,,,,,,,3.4585342181766117,3.514098957988369,98.0,3.4863165880824902,0.027782369905878717,0.13929736648790278,1.9844674545084815,completed,False,COMPLETE
16,2.7956649831649836,2026-06-11 11:24:19.700258,2026-06-11 11:24:22.053492,0 days 00:00:02.353234,,,,,,,,,,,,,,0.451394758168731,QuantileRegressor,,,,,,7,,,,,,,,False,-0.0009466070487002694,5.9487806499319634e-05,98.0,-0.00044355962110047487,0.0005030474275997945,0.0025222175833292722,1.9844674545084815,2.777693032469059,2.813636933860908,98.0,2.7956649831649836,0.017971950695924464,0.09010913795597343,1.9844674545084815,824394433015304.0,1033150867836164.5,98.0,928772650425734.2,104378217410430.31,523339472234805.4,1.9844674545084815,8.561579990668083,8.89296546387737,98.0,8.727272727272727,0.16569273660464476,0.8307628878815312,1.9844674545084815,2.421970472839772,2.578029527160228,98.0,2.5,0.07802952716022794,0.3912303982179758,1.9844674545084815,99.0,1.0,-0.03129339557959086,-0.027338781343306924,98.0,-0.029316088461448894,0.001977307118141968,0.009913973330139818,1.9844674545084815,QuantileRegressor,"{'mode': 'original', 'type': 'QuantileRegressor'}",7,"['z_l1_T2W20', 'z_l2_T2W20', 'z_l3_T2W20', 'z_lsc_T2W20', 'z_density_T2W20', 'z_diameter_T2W20', 'z_asp_T2W20']",,,,,,,,3.4585342181766117,3.514098957988369,98.0,3.4863165880824902,0.027782369905878717,0.13929736648790278,1.9844674545084815,completed,False,COMPLETE
17,3.3966413457841718,2026-06-11 11:24:22.066586,2026-06-11 11:24:24.229856,0 days 00:00:02.163270,,,,,,,,,,,manhattan,2.0,distance,,KNeighborsRegressor,,,,,,11,11.0,4.0,8.0,80.0,,,ExtraTrees,,-0.2354905352398582,-0.19630222375774953,98.0,-0.21589637949880386,0.019594155741054328,0.09824267341229044,1.9844674545084815,3.3403113201134067,3.452971371454937,98.0,3.3966413457841718,0.056330025670764866,0.28243178161965116,1.9844674545084815,1054990685699484.2,1345612115656826.2,98.0,1200301400678155.2,145310714978671.06,728569952368249.0,1.9844674545084815,10.2540300511902,10.83735693024144,98.0,10.54569349071582,0.291663439525619,1.4623644118324692,1.9844674545084815,2.939609186140531,3.1130949025005434,98.0,3.026352044320537,0.08674285818000625,0.4349179622560474,1.9844674545084815,99.0,1.0,-0.573462855340853,-0.49171807206095314,98.0,-0.532590463700903,0.040872391639949886,0.2049291164431035,1.9844674545084815,KNeighborsRegressor,"{'mode': 'proxy', 'type': 'ExtraTrees'}",11,"['nodes_T2W20', 're_T2W20', 'l1_T2W20', 'l2_T2W20', 'l3_T2W20', 'diameter_T2W20', 'asp_T2W20', 'z_re_T2W20', 'z_pe_T2W20', 'z_l2_T2W20', 'z_l3_T2W20']",-0.007713407290531622,0.03941697284138766,98.0,0.01585178277542802,0.02356519006595964,0.11815294836602397,1.9844674545084815,4.179388489250229,4.308841401486113,98.0,4.244114945368171,0.0647264561179419,0.3245304453820654,1.9844674545084815,completed,True,COMPLETE
18,3.0196449352669044,2026-06-11 11:24:24.242721,2026-06-11 11:24:26.093244,0 days 00:00:01.850523,3.0,1.0,20.0,,,,,,,,,,,,DecisionTreeRegressor,,,,,,18,,,,,,,,False,-0.09780211433820081,-0.06393496882991924,98.0,-0.08086854158406002,0.016933572754140785,0.08490283938606671,1.9844674545084815,2.970102506847877,3.069187363685932,98.0,3.0196449352669044,0.0495424284190276,0.24839960851308465,1.9844674545084815,918507077121531.2,1156811331887666.8,98.0,1037659204504599.0,119152127383067.72,597414029549021.1,1.9844674545084815,9.04695051994881,9.706837197578283,98.0,9.376893858763546,0.3299433388147358,1.6542950922769697,1.9844674545084815,2.531888692790664,2.6647052105562454,98.0,2.5982969516734546,0.0664082588827906,0.33296279643379934,1.9844674545084815,99.0,0.8484848484848485,-0.24000617664840534,-0.15785391868374948,98.0,-0.19893004766607741,0.041076128982327945,0.2059506302788437,1.9844674545084815,DecisionTreeRegressor,"{'mode': 'original', 'type': 'DecisionTreeRegressor'}",18,"['l1_T2W20', 'l2_T2W20', 'l3_T2W20', 'lcc_T2W20', 'lsc_T2W20', 'atd_T2W20', 'density_T2W20', 'diameter_T2W20', 'asp_T2W20', 'z_re_T2W20', 'z_pe_T2W20', 'z_l1_T2W20', 'z_l2_T2W20', 'z_l3_T2W20', 'z_lsc_T2W20', 'z_density_T2W20', 'z_diameter_T2W20', 'z_asp_T2W20']",0.05675733928732439,0.11193961093132003,98.0,0.08434847510932221,0.027591135821997823,0.13833854244382085,1.9844674545084815,3.68128873796397,3.8170070719161564,98.0,3.749147904940063,0.06785916697609347,0.3402374701602588,1.9844674545084815,completed,False,COMPLETE
19,3.0334550202652073,2026-06-11 11:24:26.105297,2026-06-11 11:24:28.426071,0 days 00:00:02.320774,,,,,,,,,,,,,,0.0006433288892232992,QuantileRegressor,,,,,,9,,,,,,,,False,-0.10658119171063074,-0.06511956969881691,98.0,-0.08585038070472382,0.02073081100590692,0.10394172232478341,1.9844674545084815,2.9743954401160146,3.0925146004144,98.0,3.0334550202652073,0.05905958014919252,0.2961174301736926,1.9844674545084815,854228445929220.0,1081764433329294.5,98.0,967996439629257.2,113767993700037.28,570418649190693.4,1.9844674545084815,11.37742868222761,15.169699456838398,98.0,13.273564069533004,1.8961353873053943,9.506988311327325,1.9844674545084815,2.4931935709257362,2.5992123356669263,98.0,2.5462029532963313,0.05300938237059508,0.2657824868213167,1.9844674545084815,99.0,0.8484848484848485,-0.6253445432975612,-0.27064579567470515,98.0,-0.44799516948613316,0.177349373811428,0.8892078251028958,1.9844674545084815,QuantileRegressor,"{'mode': 'original', 'type': 'QuantileRegressor'}",9,"['nodes_T2W20', 'pe_T2W20', 'l2_T2W20', 'l3_T2W20', 'z_pe_T2W20', 'z_l2_T2W20', 'z_l3_T2W20', 'z_lsc_T2W20', 'z_diameter_T2W20']",0.05821231755894135,0.11092410043354828,98.0,0.08456820899624481,0.026355891437303464,0.1321451798782866,1.9844674545084815,3.809906320899704,4.199721619248524,98.0,4.004813970074114,0.19490764917440997,0.9772428461042999,1.9844674545084815,completed,False,COMPLETE
20,2.7956649831649836,2026-06-11 11:24:28.438476,2026-06-11 11:24:31.052733,0 days 00:00:02.614257,,,,,,,,,,,,,,0.33860550288793867,QuantileRegressor,,,,,,14,,,,,,,,False,-0.0009466070487002694,5.9487806499319634e-05,98.0,-0.00044355962110047487,0.0005030474275997945,0.0025222175833292722,1.9844674545084815,2.777693032469059,2.813636933860908,98.0,2.7956649831649836,0.017971950695924464,0.09010913795597343,1.9844674545084815,824394433015304.0,1033150867836164.5,98.0,928772650425734.2,104378217410430.31,523339472234805.4,1.9844674545084815,8.561579990668083,8.89296546387737,98.0,8.727272727272727,0.16569273660464476,0.8307628878815312,1.9844674545084815,2.421970472839772,2.578029527160228,98.0,2.5,0.07802952716022794,0.3912303982179758,1.9844674545084815,99.0,1.0,-0.03129339557959086,-0.027338781343306924,98.0,-0.029316088461448894,0.001977307118141968,0.009913973330139818,1.9844674545084815,QuantileRegressor,"{'mode': 'original', 'type': 'QuantileRegressor'}",14,"['lsc_T2W20', 'atd_T2W20', 'density_T2W20', 'diameter_T2W20', 'asp_T2W20', 'z_re_T2W20', 'z_pe_T2W20', 'z_l1_T2W20', 'z_l2_T2W20', 'z_l3_T2W20', 'z_lsc_T2W20', 'z_density_T2W20', 'z_diameter_T2W20', 'z_asp_T2W20']",,,,,,,,3.4585342181766117,3.514098957988369,98.0,3.4863165880824902,0.027782369905878717,0.13929736648790278,1.9844674545084815,completed,False,COMPLETE
21,2.7956649831649836,2026-06-11 11:24:31.074966,2026-06-11 11:24:33.271337,0 days 00:00:02.196371,,,,,,,,,,,,,,7.650436292875533,QuantileRegressor,,,,,,12,,,,,,,,False,-0.0009466070487002694,5.9487806499319634e-05,98.0,-0.00044355962110047487,0.0005030474275997945,0.0025222175833292722,1.9844674545084815,2.777693032469059,2.813636933860908,98.0,2.7956649831649836,0.017971950695924464,0.09010913795597343,1.9844674545084815,824394433015304.0,1033150867836164.5,98.0,928772650425734.2,104378217410430.31,523339472234805.4,1.9844674545084815,8.561579990668083,8.89296546387737,98.0,8.727272727272727,0.16569273660464476,0.8307628878815312,1.9844674545084815,2.421970472839772,2.578029527160228,98.0,2.5,0.07802952716022794,0.3912303982179758,1.9844674545084815,99.0,1.0,-0.03129339557959086,-0.027338781343306924,98.0,-0.029316088461448894,0.001977307118141968,0.009913973330139818,1.9844674545084815,QuantileRegressor,"{'mode': 'original', 'type': 'QuantileRegressor'}",12,"['density_T2W20', 'diameter_T2W20', 'asp_T2W20', 'z_re_T2W20', 'z_pe_T2W20', 'z_l1_T2W20', 'z_l2_T2W20', 'z_l3_T2W20', 'z_lsc_T2W20', 'z_density_T2W20', 'z_diameter_T2W20', 'z_asp_T2W20']",,,,,,,,3.4585342181766117,3.514098957988369,98.0,3.4863165880824902,0.027782369905878717,0.13929736648790278,1.9844674545084815,completed,False,COMPLETE
22,2.7956649831649836,2026-06-11 11:24:33.284244,2026-06-11 11:24:35.670849,0 days 00:00:02.386605,,,,,,,,,,,,,,7.519102299872907,QuantileRegressor,,,,,,10,,,,,,,,False,-0.0009466070487002694,5.9487806499319634e-05,98.0,-0.00044355962110047487,0.0005030474275997945,0.0025222175833292722,1.9844674545084815,2.777693032469059,2.813636933860908,98.0,2.7956649831649836,0.017971950695924464,0.09010913795597343,1.9844674545084815,824394433015304.0,1033150867836164.5,98.0,928772650425734.2,104378217410430.31,523339472234805.4,1.9844674545084815,8.561579990668083,8.89296546387737,98.0,8.727272727272727,0.16569273660464476,0.8307628878815312,1.9844674545084815,2.421970472839772,2.578029527160228,98.0,2.5,0.07802952716022794,0.3912303982179758,1.9844674545084815,99.0,1.0,-0.03129339557959086,-0.027338781343306924,98.0,-0.029316088461448894,0.001977307118141968,0.009913973330139818,1.9844674545084815,QuantileRegressor,"{'mode': 'original', 'type': 'QuantileRegressor'}",10,"['asp_T2W20', 'z_re_T2W20', 'z_pe_T2W20', 'z_l1_T2W20', 'z_l2_T2W20', 'z_l3_T2W20', 'z_lsc_T2W20', 'z_density_T2W20', 'z_diameter_T2W20', 'z_asp_T2W20']",,,,,,,,3.4585342181766117,3.514098957988369,98.0,3.4863165880824902,0.027782369905878717,0.13929736648790278,1.9844674545084815,completed,False,COMPLETE
23,2.7956649831649836,2026-06-11 11:24:35.707131,2026-06-11 11:24:37.828308,0 days 00:00:02.121177,,,,,,,,,,,,,,1.1065975650776998,QuantileRegressor,,,,,,6,,,,,,,,False,-0.0009466070487002694,5.9487806499319634e-05,98.0,-0.00044355962110047487,0.0005030474275997945,0.0025222175833292722,1.9844674545084815,2.777693032469059,2.813636933860908,98.0,2.7956649831649836,0.017971950695924464,0.09010913795597343,1.9844674545084815,824394433015304.0,1033150867836164.5,98.0,928772650425734.2,104378217410430.31,523339472234805.4,1.9844674545084815,8.561579990668083,8.89296546387737,98.0,8.727272727272727,0.16569273660464476,0.8307628878815312,1.9844674545084815,2.421970472839772,2.578029527160228,98.0,2.5,0.07802952716022794,0.3912303982179758,1.9844674545084815,99.0,1.0,-0.03129339557959086,-0.027338781343306924,98.0,-0.029316088461448894,0.001977307118141968,0.009913973330139818,1.9844674545084815,QuantileRegressor,"{'mode': 'original', 'type': 'QuantileRegressor'}",6,"['z_l2_T2W20', 'z_l3_T2W20', 'z_lsc_T2W20', 'z_density_T2W20', 'z_diameter_T2W20', 'z_asp_T2W20']",,,,,,,,3.4585342181766117,3.514098957988369,98.0,3.4863165880824902,0.027782369905878717,0.13929736648790278,1.9844674545084815,completed,False,COMPLETE
24,2.7956649831649836,2026-06-11 11:24:37.840996,2026-06-11 11:24:40.136351,0 days 00:00:02.295355,,,,,,,,,,,,,,9.959327167494518,QuantileRegressor,,,,,,7,,,,,,,,False,-0.0009466070487002694,5.9487806499319634e-05,98.0,-0.00044355962110047487,0.0005030474275997945,0.0025222175833292722,1.9844674545084815,2.777693032469059,2.813636933860908,98.0,2.7956649831649836,0.017971950695924464,0.09010913795597343,1.9844674545084815,824394433015304.0,1033150867836164.5,98.0,928772650425734.2,104378217410430.31,523339472234805.4,1.9844674545084815,8.561579990668083,8.89296546387737,98.0,8.727272727272727,0.16569273660464476,0.8307628878815312,1.9844674545084815,2.421970472839772,2.578029527160228,98.0,2.5,0.07802952716022794,0.3912303982179758,1.9844674545084815,99.0,1.0,-0.03129339557959086,-0.027338781343306924,98.0,-0.029316088461448894,0.001977307118141968,0.009913973330139818,1.9844674545084815,QuantileRegressor,"{'mode': 'original', 'type': 'QuantileRegressor'}",7,"['z_l1_T2W20', 'z_l2_T2W20', 'z_l3_T2W20', 'z_lsc_T2W20', 'z_density_T2W20', 'z_diameter_T2W20', 'z_asp_T2W20']",,,,,,,,3.4585342181766117,3.514098957988369,98.0,3.4863165880824902,0.027782369905878717,0.13929736648790278,1.9844674545084815,completed,False,COMPLETE
25,2.7956649831649836,2026-06-11 11:24:40.148494,2026-06-11 11:24:42.311728,0 days 00:00:02.163234,,,,,,,,,,,,,,1.3358589404922976,QuantileRegressor,,,,,,14,,,,,,,,False,-0.0009466070487002694,5.9487806499319634e-05,98.0,-0.00044355962110047487,0.0005030474275997945,0.0025222175833292722,1.9844674545084815,2.777693032469059,2.813636933860908,98.0,2.7956649831649836,0.017971950695924464,0.09010913795597343,1.9844674545084815,824394433015304.0,1033150867836164.5,98.0,928772650425734.2,104378217410430.31,523339472234805.4,1.9844674545084815,8.561579990668083,8.89296546387737,98.0,8.727272727272727,0.16569273660464476,0.8307628878815312,1.9844674545084815,2.421970472839772,2.578029527160228,98.0,2.5,0.07802952716022794,0.3912303982179758,1.9844674545084815,99.0,1.0,-0.03129339557959086,-0.027338781343306924,98.0,-0.029316088461448894,0.001977307118141968,0.009913973330139818,1.9844674545084815,QuantileRegressor,"{'mode': 'original', 'type': 'QuantileRegressor'}",14,"['lsc_T2W20', 'atd_T2W20', 'density_T2W20', 'diameter_T2W20', 'asp_T2W20', 'z_re_T2W20', 'z_pe_T2W20', 'z_l1_T2W20', 'z_l2_T2W20', 'z_l3_T2W20', 'z_lsc_T2W20', 'z_density_T2W20', 'z_diameter_T2W20', 'z_asp_T2W20']",,,,,,,,3.4585342181766117,3.514098957988369,98.0,3.4863165880824902,0.027782369905878717,0.13929736648790278,1.9844674545084815,completed,False,COMPLETE
