number,value,datetime_start,datetime_complete,duration,params_dt_max_depth,params_dt_min_samples_leaf,params_dt_min_samples_split,params_elastic_alpha,params_elastic_l1_ratio,params_et_max_depth,params_et_max_features,params_et_min_samples_leaf,params_et_min_samples_split,params_et_n_estimators,params_knn_metric,params_knn_n_neighbors,params_knn_weights,params_quantile_alpha,params_regressor,params_rf_max_depth,params_rf_max_features,params_rf_min_samples_leaf,params_rf_min_samples_split,params_rf_n_estimators,params_rfe_n_features,params_rfe_proxy_et_max_depth,params_rfe_proxy_et_min_samples_leaf,params_rfe_proxy_et_min_samples_split,params_rfe_proxy_et_n_estimators,params_rfe_proxy_lsvr_C,params_rfe_proxy_lsvr_epsilon,params_rfe_proxy_type,params_use_scaler,user_attrs_d2mae_ci_lower_val,user_attrs_d2mae_ci_upper_val,user_attrs_d2mae_df_val,user_attrs_d2mae_mean_val,user_attrs_d2mae_samperror_val,user_attrs_d2mae_std_val,user_attrs_d2mae_t_critical_val,user_attrs_mae_ci_lower_val,user_attrs_mae_ci_upper_val,user_attrs_mae_df_val,user_attrs_mae_mean_val,user_attrs_mae_samperror_val,user_attrs_mae_std_val,user_attrs_mae_t_critical_val,user_attrs_mape_ci_lower_val,user_attrs_mape_ci_upper_val,user_attrs_mape_df_val,user_attrs_mape_mean_val,user_attrs_mape_samperror_val,user_attrs_mape_std_val,user_attrs_mape_t_critical_val,user_attrs_max_error_ci_lower_val,user_attrs_max_error_ci_upper_val,user_attrs_max_error_df_val,user_attrs_max_error_mean_val,user_attrs_max_error_samperror_val,user_attrs_max_error_std_val,user_attrs_max_error_t_critical_val,user_attrs_median_ae_ci_lower_val,user_attrs_median_ae_ci_upper_val,user_attrs_median_ae_df_val,user_attrs_median_ae_mean_val,user_attrs_median_ae_samperror_val,user_attrs_median_ae_std_val,user_attrs_median_ae_t_critical_val,user_attrs_n_splits_val,user_attrs_r2_below_zero_val,user_attrs_r2_ci_lower_val,user_attrs_r2_ci_upper_val,user_attrs_r2_df_val,user_attrs_r2_mean_val,user_attrs_r2_samperror_val,user_attrs_r2_std_val,user_attrs_r2_t_critical_val,user_attrs_regressor_final,user_attrs_rfe_estimator,user_attrs_rfe_n_features,user_attrs_rfe_selected_features,user_attrs_rho_ci_lower_val,user_attrs_rho_ci_upper_val,user_attrs_rho_df_val,user_attrs_rho_mean_val,user_attrs_rho_samperror_val,user_attrs_rho_std_val,user_attrs_rho_t_critical_val,user_attrs_rmse_ci_lower_val,user_attrs_rmse_ci_upper_val,user_attrs_rmse_df_val,user_attrs_rmse_mean_val,user_attrs_rmse_samperror_val,user_attrs_rmse_std_val,user_attrs_rmse_t_critical_val,user_attrs_termination_reason,user_attrs_use_scaler_final,state
292,2.7776718364413844,2026-06-11 12:27:40.021989,2026-06-11 12:28:01.277229,0 days 00:00:21.255240,,,,,,5.0,sqrt,2.0,2.0,415.0,,,,,ExtraTreesRegressor,,,,,,5,,,,,,,,True,0.0015443195683692984,0.010317815900999434,98.0,0.005931067734684366,0.004386748166315068,0.021994612737627733,1.9844674545084815,2.756907221363944,2.7984364515188247,98.0,2.7776718364413844,0.020764615077440526,0.10411121175844774,1.9844674545084815,896247395824897.0,1125040064099448.8,98.0,1010643729962172.9,114396334137275.89,573569070427676.4,1.9844674545084815,7.908160596045169,8.226769757898884,98.0,8.067465176972027,0.15930458092685745,0.7987334654224262,1.9844674545084815,2.4185248080508197,2.4965748189223964,98.0,2.457549813486608,0.03902500543578836,0.19566655050659093,1.9844674545084815,99.0,0.2222222222222222,0.022910555964803497,0.03789390038030116,98.0,0.030402228172552326,0.00749167220774883,0.03756231785356822,1.9844674545084815,ExtraTreesRegressor,"{'mode': 'original', 'type': 'ExtraTreesRegressor'}",5,"['l2_T2W20', 'lsc_T2W20', 'z_re_T2W20', 'z_pe_T2W20', 'z_l2_T2W20']",0.11900026665750466,0.1689079926214561,98.0,0.14395412963948037,0.02495386298197571,0.12511558261103067,1.9844674545084815,3.353755491109939,3.412126845960806,98.0,3.3829411685353725,0.029185677425433584,0.14633337682499437,1.9844674545084815,completed,True,COMPLETE
293,2.799954588350039,2026-06-11 12:28:01.291144,2026-06-11 12:28:22.581085,0 days 00:00:21.289941,,,,,,5.0,sqrt,4.0,3.0,425.0,,,,,ExtraTreesRegressor,,,,,,5,,,,,,,,True,-0.006052411398848266,0.0019617621410255907,98.0,-0.0020453246289113378,0.004007086769936928,0.020091037454030205,1.9844674545084815,2.7797896571085685,2.8201195195915094,98.0,2.799954588350039,0.02016493124147054,0.10110447117587754,1.9844674545084815,920466962812353.0,1154064545527183.5,98.0,1037265754169768.2,116798791357415.2,585614693785187.0,1.9844674545084815,7.850575968543836,8.178751124256632,98.0,8.014663546400234,0.16408757785639777,0.8227148204494396,1.9844674545084815,2.4437478466095657,2.517103623363341,98.0,2.4804257349864534,0.03667788837688786,0.183898395872868,1.9844674545084815,99.0,0.2828282828282828,0.014408256469978103,0.026948174907649298,98.0,0.0206782156888137,0.0062699592188355975,0.03143680003287044,1.9844674545084815,ExtraTreesRegressor,"{'mode': 'original', 'type': 'ExtraTreesRegressor'}",5,"['l2_T2W20', 'z_re_T2W20', 'z_pe_T2W20', 'z_l2_T2W20', 'z_density_T2W20']",0.08326058087484597,0.1307125919910806,98.0,0.10698658643296328,0.023726005558117304,0.11895925735348291,1.9844674545084815,3.3719741283970173,3.4280302325865284,98.0,3.400002180491773,0.02802805209475537,0.14052918659610242,1.9844674545084815,completed,True,COMPLETE
294,2.7940904069613333,2026-06-11 12:28:22.595665,2026-06-11 12:28:42.811613,0 days 00:00:20.215948,,,,,,4.0,sqrt,2.0,4.0,399.0,,,,,ExtraTreesRegressor,,,,,,4,,,,,,,,True,-0.004234140594017814,0.004334485571855027,98.0,5.017248891860634e-05,0.00428431308293642,0.02148101589909471,1.9844674545084815,2.773533169915023,2.8146476440076436,98.0,2.7940904069613333,0.02055723704631045,0.10307144395959796,1.9844674545084815,906334696807020.8,1136773807126086.8,98.0,1021554251966553.8,115219555159533.03,577696598814433.4,1.9844674545084815,7.873408783030885,8.197776546751241,98.0,8.035592664891062,0.16218388186017763,0.8131699241801362,1.9844674545084815,2.4341394042457627,2.5147276959205738,98.0,2.4744335500831682,0.04029414583740574,0.20202986350859986,1.9844674545084815,99.0,0.29292929292929293,0.016513137468068526,0.030800316183597715,98.0,0.02365672682583312,0.007143589357764596,0.035817073495845245,1.9844674545084815,ExtraTreesRegressor,"{'mode': 'original', 'type': 'ExtraTreesRegressor'}",4,"['l2_T2W20', 'z_re_T2W20', 'z_pe_T2W20', 'z_l2_T2W20']",0.0691755225790213,0.1160881530000649,98.0,0.0926318377895431,0.023456315210521803,0.11760706330687958,1.9844674545084815,3.3660131875113612,3.4233854701330633,98.0,3.3946993288222123,0.028686141310851225,0.1438287645308431,1.9844674545084815,completed,True,COMPLETE
295,2.7777080916710495,2026-06-11 12:28:42.824680,2026-06-11 12:29:05.212441,0 days 00:00:22.387761,,,,,,5.0,sqrt,2.0,4.0,437.0,,,,,ExtraTreesRegressor,,,,,,5,,,,,,,,True,0.0015426332986267144,0.010293361955809096,98.0,0.005917997627217906,0.004375364328591191,0.02193753558327288,1.9844674545084815,2.7569626418963518,2.798453541445747,98.0,2.7777080916710495,0.020745449774697666,0.10401511930092636,1.9844674545084815,896369577526490.8,1125189298544378.2,98.0,1010779438035434.5,114409860508943.7,573636889982230.0,1.9844674545084815,7.9044255220503725,8.22294481999939,98.0,8.063685171024881,0.1592596489745088,0.7985081821706903,1.9844674545084815,2.4184532407238026,2.496119978262493,98.0,2.457286609493148,0.03883336876934521,0.19470570796333467,1.9844674545084815,99.0,0.2222222222222222,0.023103088503586985,0.038032194218064544,98.0,0.030567641360825765,0.00746455285723878,0.03742634478432646,1.9844674545084815,ExtraTreesRegressor,"{'mode': 'original', 'type': 'ExtraTreesRegressor'}",5,"['l2_T2W20', 'lsc_T2W20', 'z_re_T2W20', 'z_pe_T2W20', 'z_l2_T2W20']",0.11819366393972874,0.16818957183790684,98.0,0.1431916178888178,0.024997953949089047,0.12533664926681273,1.9844674545084815,3.353492975319999,3.411820770963863,98.0,3.382656873141931,0.029163897821932044,0.14622417658681477,1.9844674545084815,completed,True,COMPLETE
296,2.7776122615108885,2026-06-11 12:29:05.225934,2026-06-11 12:29:26.946649,0 days 00:00:21.720715,,,,,,5.0,sqrt,2.0,3.0,424.0,,,,,ExtraTreesRegressor,,,,,,5,,,,,,,,True,0.0015540693682331583,0.010352701817126594,98.0,0.005953385592679876,0.004399316224446718,0.022057627426638672,1.9844674545084815,2.75681048641661,2.798414036605167,98.0,2.7776122615108885,0.020801775094278777,0.10429752748679456,1.9844674545084815,896357302974843.5,1125158412315089.5,98.0,1010757857644966.5,114400554670122.94,573590231657361.2,1.9844674545084815,7.906318767222362,8.224873760406803,98.0,8.065596263814582,0.15927749659222037,0.7985976679184406,1.9844674545084815,2.4179590191787095,2.4958713172401406,98.0,2.456915168209425,0.0389561490307156,0.19532131300795585,1.9844674545084815,99.0,0.2222222222222222,0.02287818315763688,0.03787970665650145,98.0,0.030378944907069164,0.007500761749432285,0.037607891691342925,1.9844674545084815,ExtraTreesRegressor,"{'mode': 'original', 'type': 'ExtraTreesRegressor'}",5,"['l2_T2W20', 'lsc_T2W20', 'z_re_T2W20', 'z_pe_T2W20', 'z_l2_T2W20']",0.1191495153189179,0.16929180736127789,98.0,0.1442206613400979,0.025071146021179987,0.12570362526362658,1.9844674545084815,3.353771431890426,3.412196678826438,98.0,3.382984055358432,0.029212623468005888,0.14646848094967158,1.9844674545084815,completed,True,COMPLETE
297,2.7940825608688797,2026-06-11 12:29:26.960831,2026-06-11 12:29:47.934841,0 days 00:00:20.974010,,,,,,4.0,sqrt,2.0,4.0,414.0,,,,,ExtraTreesRegressor,,,,,,4,,,,,,,,True,-0.004240448105078459,0.004347448478801124,98.0,5.350018686133262e-05,0.0042939482919397915,0.02152932564532144,1.9844674545084815,2.7735023260385496,2.81466279569921,98.0,2.7940825608688797,0.02058023483033019,0.10318675200422699,1.9844674545084815,906348184967593.1,1136823794053767.2,98.0,1021585989510680.1,115237804543087.03,577788098966425.9,1.9844674545084815,7.874723517029513,8.20012308973924,98.0,8.037423303384376,0.16269978635486299,0.8157566055076257,1.9844674545084815,2.4351742172084965,2.5157827259301584,98.0,2.4754784715693274,0.04030425436083074,0.20208054639479545,1.9844674545084815,99.0,0.29292929292929293,0.01655368172169801,0.030882413676029775,98.0,0.023718047698863893,0.007164365977165883,0.03592124489579872,1.9844674545084815,ExtraTreesRegressor,"{'mode': 'original', 'type': 'ExtraTreesRegressor'}",4,"['l2_T2W20', 'z_re_T2W20', 'z_pe_T2W20', 'z_l2_T2W20']",0.06917648946305208,0.11621231632560211,98.0,0.0926944028943271,0.023517913431275024,0.11791590916705397,1.9844674545084815,3.365898653727677,3.423275233870627,98.0,3.394586943799152,0.028688290071475303,0.14383953815084602,1.9844674545084815,completed,True,COMPLETE
298,2.7777015635599076,2026-06-11 12:29:47.947958,2026-06-11 12:30:10.209425,0 days 00:00:22.261467,,,,,,5.0,sqrt,2.0,3.0,438.0,,,,,ExtraTreesRegressor,,,,,,5,,,,,,,,True,0.001548077085132168,0.010291687562868693,98.0,0.00591988232400043,0.004371805238868262,0.02191969074760271,1.9844674545084815,2.7569689963961963,2.798434130723619,98.0,2.7777015635599076,0.020732567163711156,0.10395052748280616,1.9844674545084815,896289626050706.4,1125092147707076.4,98.0,1010690886878891.4,114401260828185.02,573593772246544.4,1.9844674545084815,7.904886328234004,8.223372818031006,98.0,8.064129573132504,0.1592432448985006,0.7984259341624983,1.9844674545084815,2.4184620891519386,2.496132602785235,98.0,2.4572973459685867,0.038835256816648275,0.19471517439899194,1.9844674545084815,99.0,0.2222222222222222,0.023145714979545866,0.03805908647137916,98.0,0.03060240072546251,0.007456685745916645,0.03738690006118897,1.9844674545084815,ExtraTreesRegressor,"{'mode': 'original', 'type': 'ExtraTreesRegressor'}",5,"['l2_T2W20', 'lsc_T2W20', 'z_re_T2W20', 'z_pe_T2W20', 'z_l2_T2W20']",0.11877154123932619,0.16874210222498337,98.0,0.1437568217321548,0.024985280492828596,0.12527310612462,1.9844674545084815,3.3534425592617945,3.411750805646446,98.0,3.3825966824541203,0.029154123192325854,0.14617516780292952,1.9844674545084815,completed,True,COMPLETE
299,2.777565344454991,2026-06-11 12:30:10.223005,2026-06-11 12:30:32.105177,0 days 00:00:21.882172,,,,,,5.0,sqrt,2.0,4.0,429.0,,,,,ExtraTreesRegressor,,,,,,5,,,,,,,,True,0.0015866421719021966,0.010353874937047486,98.0,0.005970258554474841,0.0043836163825726445,0.02197891036129314,1.9844674545084815,2.7567885925313638,2.798342096378618,98.0,2.777565344454991,0.02077675192362688,0.10417206440409875,1.9844674545084815,896304755498902.6,1125124909531125.6,98.0,1010714832515014.1,114410077016111.47,573637975522390.9,1.9844674545084815,7.906029369954686,8.224286398959228,98.0,8.065157884456957,0.15912851450227114,0.7978506901460584,1.9844674545084815,2.4180802782939366,2.4960018026913233,98.0,2.45704104049263,0.03896076219869323,0.19534444286162303,1.9844674545084815,99.0,0.2222222222222222,0.023039007005266336,0.0379915250539235,98.0,0.03051526602959492,0.007476259024328583,0.03748503805825525,1.9844674545084815,ExtraTreesRegressor,"{'mode': 'original', 'type': 'ExtraTreesRegressor'}",5,"['l2_T2W20', 'lsc_T2W20', 'z_re_T2W20', 'z_pe_T2W20', 'z_l2_T2W20']",0.1189493468824426,0.16898073560714003,98.0,0.14396504124479131,0.025015694362348715,0.12542559750470067,1.9844674545084815,3.3535575902332777,3.4119426503961483,98.0,3.382750120314713,0.0291925300814353,0.14636773519462662,1.9844674545084815,completed,True,COMPLETE
