number,value,datetime_start,datetime_complete,duration,params_dt_max_depth,params_dt_min_samples_leaf,params_dt_min_samples_split,params_elastic_alpha,params_elastic_l1_ratio,params_et_max_depth,params_et_max_features,params_et_min_samples_leaf,params_et_min_samples_split,params_et_n_estimators,params_knn_metric,params_knn_n_neighbors,params_knn_weights,params_quantile_alpha,params_regressor,params_rf_max_depth,params_rf_max_features,params_rf_min_samples_leaf,params_rf_min_samples_split,params_rf_n_estimators,params_rfe_n_features,params_rfe_proxy_et_max_depth,params_rfe_proxy_et_min_samples_leaf,params_rfe_proxy_et_min_samples_split,params_rfe_proxy_et_n_estimators,params_rfe_proxy_lsvr_C,params_rfe_proxy_lsvr_epsilon,params_rfe_proxy_type,params_use_scaler,user_attrs_d2mae_ci_lower_val,user_attrs_d2mae_ci_upper_val,user_attrs_d2mae_df_val,user_attrs_d2mae_mean_val,user_attrs_d2mae_samperror_val,user_attrs_d2mae_std_val,user_attrs_d2mae_t_critical_val,user_attrs_mae_ci_lower_val,user_attrs_mae_ci_upper_val,user_attrs_mae_df_val,user_attrs_mae_mean_val,user_attrs_mae_samperror_val,user_attrs_mae_std_val,user_attrs_mae_t_critical_val,user_attrs_mape_ci_lower_val,user_attrs_mape_ci_upper_val,user_attrs_mape_df_val,user_attrs_mape_mean_val,user_attrs_mape_samperror_val,user_attrs_mape_std_val,user_attrs_mape_t_critical_val,user_attrs_max_error_ci_lower_val,user_attrs_max_error_ci_upper_val,user_attrs_max_error_df_val,user_attrs_max_error_mean_val,user_attrs_max_error_samperror_val,user_attrs_max_error_std_val,user_attrs_max_error_t_critical_val,user_attrs_median_ae_ci_lower_val,user_attrs_median_ae_ci_upper_val,user_attrs_median_ae_df_val,user_attrs_median_ae_mean_val,user_attrs_median_ae_samperror_val,user_attrs_median_ae_std_val,user_attrs_median_ae_t_critical_val,user_attrs_n_splits_val,user_attrs_r2_below_zero_val,user_attrs_r2_ci_lower_val,user_attrs_r2_ci_upper_val,user_attrs_r2_df_val,user_attrs_r2_mean_val,user_attrs_r2_samperror_val,user_attrs_r2_std_val,user_attrs_r2_t_critical_val,user_attrs_regressor_final,user_attrs_rfe_estimator,user_attrs_rfe_n_features,user_attrs_rfe_selected_features,user_attrs_rho_ci_lower_val,user_attrs_rho_ci_upper_val,user_attrs_rho_df_val,user_attrs_rho_mean_val,user_attrs_rho_samperror_val,user_attrs_rho_std_val,user_attrs_rho_t_critical_val,user_attrs_rmse_ci_lower_val,user_attrs_rmse_ci_upper_val,user_attrs_rmse_df_val,user_attrs_rmse_mean_val,user_attrs_rmse_samperror_val,user_attrs_rmse_std_val,user_attrs_rmse_t_critical_val,user_attrs_termination_reason,user_attrs_use_scaler_final,state
40,2.825676908962364,2026-06-11 11:27:18.661293,2026-06-11 11:27:36.413537,0 days 00:00:17.752244,,,,,,18.0,log2,3.0,12.0,316.0,,,,,ExtraTreesRegressor,,,,,,8,,,,,,,,True,-0.01716080939563945,-0.005184600363649776,98.0,-0.011172704879644613,0.0059881045159948364,0.03002361541359717,1.9844674545084815,2.800889206508267,2.850464611416461,98.0,2.825676908962364,0.02478770245409695,0.12428247427555879,1.9844674545084815,921882751741447.6,1156383755513370.8,98.0,1039133253627409.2,117250501885961.6,587879514506188.8,1.9844674545084815,8.06494047457564,8.491435603924003,98.0,8.278188039249821,0.2132475646741826,1.0691969140756008,1.9844674545084815,2.4819013922652298,2.5804781344218766,98.0,2.531189763343553,0.049288371078323526,0.24712579642949026,1.9844674545084815,99.0,0.48484848484848486,-0.012094142781275723,0.007898351634703364,98.0,-0.00209789557328618,0.009996247207989544,0.05011994713022497,1.9844674545084815,ExtraTreesRegressor,"{'mode': 'original', 'type': 'ExtraTreesRegressor'}",8,"['re_T2W20', 'pe_T2W20', 'l2_T2W20', 'l3_T2W20', 'diameter_T2W20', 'z_re_T2W20', 'z_pe_T2W20', 'z_l2_T2W20']",0.07032885093454735,0.12090472597170462,98.0,0.09561678845312599,0.02528793751857864,0.12679059101805673,1.9844674545084815,3.405860313202261,3.472465718292466,98.0,3.4391630157473636,0.033302702545102515,0.1669756315670232,1.9844674545084815,completed,True,COMPLETE
41,2.8113555148490637,2026-06-11 11:27:36.425824,2026-06-11 11:28:10.783388,0 days 00:00:34.357564,,,,,,,,,,,,,,,RandomForestRegressor,2.0,,1.0,12.0,381.0,11,,,,,,,,False,-0.012194076618726707,-3.9990934134091424e-06,98.0,-0.006099037856070058,0.0060950387626566484,0.030559770500359816,1.9844674545084815,2.7870103789850478,2.8357006507130795,98.0,2.8113555148490637,0.02434513586401573,0.12206350013106723,1.9844674545084815,913877611457936.0,1144789944918727.0,98.0,1029333778188331.5,115456166730395.48,578882939965795.4,1.9844674545084815,8.088039248465286,8.537441546596245,98.0,8.312740397530765,0.2247011490654804,1.1266237695944001,1.9844674545084815,2.4312577472011356,2.519884253355268,98.0,2.475571000278202,0.04431325307706621,0.22218117011109043,1.9844674545084815,99.0,0.43434343434343436,-0.0109721953759391,0.01195143802863564,98.0,0.0004896213263482712,0.01146181670228737,0.05746813130790006,1.9844674545084815,RandomForestRegressor,"{'mode': 'original', 'type': 'RandomForestRegressor'}",11,"['nodes_T2W20', 're_T2W20', 'pe_T2W20', 'l2_T2W20', 'l3_T2W20', 'lsc_T2W20', 'atd_T2W20', 'diameter_T2W20', 'z_re_T2W20', 'z_pe_T2W20', 'z_l2_T2W20']",0.09736842723674136,0.14687576554429277,98.0,0.12212209639051706,0.024753669153775713,0.1241118355171051,1.9844674545084815,3.4003871613771612,3.4679252051187537,98.0,3.4341561832479575,0.033769021870796015,0.16931369899005375,1.9844674545084815,completed,False,COMPLETE
42,2.7956649831649836,2026-06-11 11:28:10.796870,2026-06-11 11:28:13.047044,0 days 00:00:02.250174,,,,,,,,,,,,,,0.17383220540774946,QuantileRegressor,,,,,,13,,,,,,,,False,-0.0009466070487002694,5.9487806499319634e-05,98.0,-0.00044355962110047487,0.0005030474275997945,0.0025222175833292722,1.9844674545084815,2.777693032469059,2.813636933860908,98.0,2.7956649831649836,0.017971950695924464,0.09010913795597343,1.9844674545084815,824394433015304.0,1033150867836164.5,98.0,928772650425734.2,104378217410430.31,523339472234805.4,1.9844674545084815,8.561579990668083,8.89296546387737,98.0,8.727272727272727,0.16569273660464476,0.8307628878815312,1.9844674545084815,2.421970472839772,2.578029527160228,98.0,2.5,0.07802952716022794,0.3912303982179758,1.9844674545084815,99.0,1.0,-0.03129339557959086,-0.027338781343306924,98.0,-0.029316088461448894,0.001977307118141968,0.009913973330139818,1.9844674545084815,QuantileRegressor,"{'mode': 'original', 'type': 'QuantileRegressor'}",13,"['atd_T2W20', 'density_T2W20', 'diameter_T2W20', 'asp_T2W20', 'z_re_T2W20', 'z_pe_T2W20', 'z_l1_T2W20', 'z_l2_T2W20', 'z_l3_T2W20', 'z_lsc_T2W20', 'z_density_T2W20', 'z_diameter_T2W20', 'z_asp_T2W20']",,,,,,,,3.4585342181766117,3.514098957988369,98.0,3.4863165880824902,0.027782369905878717,0.13929736648790278,1.9844674545084815,completed,False,COMPLETE
43,2.865002339161363,2026-06-11 11:28:13.060673,2026-06-11 11:28:32.633051,0 days 00:00:19.572378,,,,,,9.0,,2.0,6.0,321.0,,,,,ExtraTreesRegressor,,,,,,9,,,,,,,,False,-0.03443911309547656,-0.016168151546661978,98.0,-0.025303632321069268,0.00913548077440729,0.045804170694830906,1.9844674545084815,2.833892128204499,2.896112550118227,98.0,2.865002339161363,0.031110210956864004,0.1559827499185833,1.9844674545084815,938960276599931.4,1180845490708725.5,98.0,1059902883654328.4,120942607054397.05,606391273168311.0,1.9844674545084815,8.383162165023212,8.846934666843278,98.0,8.615048415933245,0.2318862509100338,1.1626489815645955,1.9844674545084815,2.4791812583424844,2.5857648368292883,98.0,2.5324730475858863,0.0532917892434018,0.267198439952505,1.9844674545084815,99.0,0.7575757575757576,-0.07193316658539037,-0.03661410507259413,98.0,-0.05427363582899225,0.017659530756398117,0.08854270302037345,1.9844674545084815,ExtraTreesRegressor,"{'mode': 'original', 'type': 'ExtraTreesRegressor'}",9,"['re_T2W20', 'l2_T2W20', 'l3_T2W20', 'lsc_T2W20', 'diameter_T2W20', 'z_re_T2W20', 'z_pe_T2W20', 'z_l2_T2W20', 'z_l3_T2W20']",0.0619437833710946,0.11113671688313409,98.0,0.08654025012711435,0.024596466756019748,0.12332364213809621,1.9844674545084815,3.484085324422059,3.5669131803849994,98.0,3.525499252403529,0.041413927981470124,0.20764431268038708,1.9844674545084815,completed,False,COMPLETE
44,2.7956649831649836,2026-06-11 11:28:32.645259,2026-06-11 11:28:35.141529,0 days 00:00:02.496270,,,,,,,,,,,,,,3.0196961731423646,QuantileRegressor,,,,,,15,,,,,,,,False,-0.0009466070487002694,5.9487806499319634e-05,98.0,-0.00044355962110047487,0.0005030474275997945,0.0025222175833292722,1.9844674545084815,2.777693032469059,2.813636933860908,98.0,2.7956649831649836,0.017971950695924464,0.09010913795597343,1.9844674545084815,824394433015304.0,1033150867836164.5,98.0,928772650425734.2,104378217410430.31,523339472234805.4,1.9844674545084815,8.561579990668083,8.89296546387737,98.0,8.727272727272727,0.16569273660464476,0.8307628878815312,1.9844674545084815,2.421970472839772,2.578029527160228,98.0,2.5,0.07802952716022794,0.3912303982179758,1.9844674545084815,99.0,1.0,-0.03129339557959086,-0.027338781343306924,98.0,-0.029316088461448894,0.001977307118141968,0.009913973330139818,1.9844674545084815,QuantileRegressor,"{'mode': 'original', 'type': 'QuantileRegressor'}",15,"['lcc_T2W20', 'lsc_T2W20', 'atd_T2W20', 'density_T2W20', 'diameter_T2W20', 'asp_T2W20', 'z_re_T2W20', 'z_pe_T2W20', 'z_l1_T2W20', 'z_l2_T2W20', 'z_l3_T2W20', 'z_lsc_T2W20', 'z_density_T2W20', 'z_diameter_T2W20', 'z_asp_T2W20']",,,,,,,,3.4585342181766117,3.514098957988369,98.0,3.4863165880824902,0.027782369905878717,0.13929736648790278,1.9844674545084815,completed,False,COMPLETE
45,2.8491955772702364,2026-06-11 11:28:35.153614,2026-06-11 11:28:36.828960,0 days 00:00:01.675346,2.0,1.0,17.0,,,,,,,,,,,,DecisionTreeRegressor,,,,,,6,,,,,,,,False,-0.03282725673049083,-0.006436834596195951,98.0,-0.019632045663343388,0.013195211067147437,0.06615915626106239,1.9844674545084815,2.8082202275295423,2.8901709270109306,98.0,2.8491955772702364,0.04097534974069432,0.20544533562601996,1.9844674545084815,860550723985507.9,1080195918643334.4,98.0,970373321314421.1,109822597328913.28,550636919766228.0,1.9844674545084815,8.490217831861433,8.92775457396322,98.0,8.708986202912326,0.21876837105089367,1.0968775544158889,1.9844674545084815,2.4448285417218445,2.587626704519195,98.0,2.51622762312052,0.07139908139867526,0.35798616324615173,1.9844674545084815,99.0,0.6464646464646465,-0.0789203705812877,-0.0285142705888433,98.0,-0.0537173205850655,0.025203049996222204,0.1263649754801457,1.9844674545084815,DecisionTreeRegressor,"{'mode': 'original', 'type': 'DecisionTreeRegressor'}",6,"['l1_T2W20', 'z_re_T2W20', 'z_l2_T2W20', 'z_density_T2W20', 'z_diameter_T2W20', 'z_asp_T2W20']",0.13682589348677648,0.19368805636772002,98.0,0.16525697492724825,0.028431081440471778,0.14254992588745274,1.9844674545084815,3.4702893211842842,3.5725415881951084,98.0,3.5214154546896963,0.051126133505411946,0.2563401099380605,1.9844674545084815,completed,False,COMPLETE
46,2.7956649831649836,2026-06-11 11:28:36.841670,2026-06-11 11:28:39.159150,0 days 00:00:02.317480,,,,,,,,,,,,,,9.693750267716887,QuantileRegressor,,,,,,10,,,,,,,,True,-0.0009466070487002694,5.9487806499319634e-05,98.0,-0.00044355962110047487,0.0005030474275997945,0.0025222175833292722,1.9844674545084815,2.777693032469059,2.813636933860908,98.0,2.7956649831649836,0.017971950695924464,0.09010913795597343,1.9844674545084815,824394433015304.0,1033150867836164.5,98.0,928772650425734.2,104378217410430.31,523339472234805.4,1.9844674545084815,8.561579990668083,8.89296546387737,98.0,8.727272727272727,0.16569273660464476,0.8307628878815312,1.9844674545084815,2.421970472839772,2.578029527160228,98.0,2.5,0.07802952716022794,0.3912303982179758,1.9844674545084815,99.0,1.0,-0.03129339557959086,-0.027338781343306924,98.0,-0.029316088461448894,0.001977307118141968,0.009913973330139818,1.9844674545084815,QuantileRegressor,"{'mode': 'original', 'type': 'QuantileRegressor'}",10,"['asp_T2W20', 'z_re_T2W20', 'z_pe_T2W20', 'z_l1_T2W20', 'z_l2_T2W20', 'z_l3_T2W20', 'z_lsc_T2W20', 'z_density_T2W20', 'z_diameter_T2W20', 'z_asp_T2W20']",,,,,,,,3.4585342181766117,3.514098957988369,98.0,3.4863165880824902,0.027782369905878717,0.13929736648790278,1.9844674545084815,completed,True,COMPLETE
47,3.8021885521885523,2026-06-11 11:28:39.205887,2026-06-11 11:28:40.959205,0 days 00:00:01.753318,,,,,,,,,,,minkowski,1.0,uniform,,KNeighborsRegressor,,,,,,13,2.0,1.0,2.0,20.0,,,ExtraTrees,,-0.3855939654011968,-0.3371454781856739,98.0,-0.36136972179343535,0.02422424360776144,0.1214573613105831,1.9844674545084815,3.7347816959250157,3.869595408452089,98.0,3.8021885521885523,0.0674068562635364,0.33796964019086034,1.9844674545084815,809162641723787.8,1040800841573185.5,98.0,924981741648486.6,115819099924698.9,580702642113192.5,1.9844674545084815,10.333105264023988,10.63659170567298,98.0,10.484848484848484,0.1517432208244956,0.7608217410845094,1.9844674545084815,3.046540827752011,3.266590485379302,98.0,3.1565656565656566,0.11002482881364557,0.5516508834179821,1.9844674545084815,99.0,1.0,-0.9301783702760296,-0.8172533401953845,98.0,-0.873715855235707,0.05646251504032254,0.2830960669318671,1.9844674545084815,KNeighborsRegressor,"{'mode': 'proxy', 'type': 'ExtraTrees'}",13,"['nodes_T2W20', 're_T2W20', 'pe_T2W20', 'l1_T2W20', 'l2_T2W20', 'l3_T2W20', 'z_re_T2W20', 'z_pe_T2W20', 'z_l1_T2W20', 'z_l2_T2W20', 'z_l3_T2W20', 'z_lsc_T2W20', 'z_diameter_T2W20']",0.040716672241077695,0.0893175803782304,98.0,0.06501712630965405,0.024300454068576352,0.12183947113513412,1.9844674545084815,4.615630162992923,4.759276407167648,98.0,4.687453285080285,0.07182312208736236,0.360112250812401,1.9844674545084815,completed,True,COMPLETE
48,2.8391899722881093,2026-06-11 11:28:40.972347,2026-06-11 11:28:42.789558,0 days 00:00:01.817211,,,,0.04000151171868071,0.012755923204698372,,,,,,,,,,ElasticNet,,,,,,8,,,,,,,,False,-0.022781711218104895,-0.009335699229744119,98.0,-0.016058705223924507,0.006723005994180388,0.03370832053004777,1.9844674545084815,2.8134249725980354,2.8649549719781833,98.0,2.8391899722881093,0.02576499969007392,0.12918252174122485,1.9844674545084815,932994682933683.5,1172752197850301.2,98.0,1052873440391992.4,119878757458308.9,601057262874144.5,1.9844674545084815,8.040920735605411,8.461811705061365,98.0,8.251366220333388,0.2104454847279769,1.0551476317963224,1.9844674545084815,2.4180330031487283,2.493421146117704,98.0,2.455727074633216,0.03769407148448795,0.1889934122893125,1.9844674545084815,99.0,0.5151515151515151,-0.017472400275180575,0.004964981498159552,98.0,-0.006253709388510512,0.011218690886670064,0.05624912853904167,1.9844674545084815,ElasticNet,"{'mode': 'original', 'type': 'ElasticNet'}",8,"['nodes_T2W20', 'l2_T2W20', 'l3_T2W20', 'diameter_T2W20', 'z_re_T2W20', 'z_pe_T2W20', 'z_l3_T2W20', 'z_asp_T2W20']",0.08134441164410036,0.13107970275427128,98.0,0.10621205719918582,0.024867645555085454,0.12468329909627426,1.9844674545084815,3.4118901088591853,3.479973069888759,98.0,3.445931589373972,0.034041480514786664,0.1706797729323898,1.9844674545084815,completed,False,COMPLETE
49,2.9609108578525274,2026-06-11 11:28:42.801901,2026-06-11 11:28:44.394220,0 days 00:00:01.592319,,,,,,,,,,,,,,,LinearRegression,,,,,,11,,,,,,,,False,-0.07161044662279102,-0.04791452647380642,98.0,-0.059762486548298716,0.0118479600744923,0.05940420641657979,1.9844674545084815,2.9246375020945914,2.9971842136104634,98.0,2.9609108578525274,0.03627335575793602,0.18187011935544523,1.9844674545084815,873031509000126.1,1107579205650384.4,98.0,990305357325255.2,117273848325129.11,587996570664605.9,1.9844674545084815,9.342464071284466,10.938890281757688,98.0,10.140677176521077,0.7982131052366114,4.002141783882292,1.9844674545084815,2.5014256389618645,2.595772269841991,98.0,2.548598954401928,0.04717331544006312,0.23652116905669282,1.9844674545084815,99.0,0.8686868686868687,-0.22203285230100067,-0.10781706502230437,98.0,-0.16492495866165252,0.057107893639348144,0.2863319154047109,1.9844674545084815,LinearRegression,"{'mode': 'original', 'type': 'LinearRegression'}",11,"['pe_T2W20', 'l2_T2W20', 'l3_T2W20', 'atd_T2W20', 'density_T2W20', 'diameter_T2W20', 'asp_T2W20', 'z_pe_T2W20', 'z_l2_T2W20', 'z_diameter_T2W20', 'z_asp_T2W20']",0.02333971086528934,0.06814611873607213,98.0,0.04574291480068073,0.022403203935391393,0.11232689362584229,1.9844674545084815,3.6067504137547024,3.764549422161072,98.0,3.685649917957887,0.07889950420318491,0.3955923555095744,1.9844674545084815,completed,False,COMPLETE
50,2.7956649831649836,2026-06-11 11:28:44.406738,2026-06-11 11:28:46.761989,0 days 00:00:02.355251,,,,,,,,,,,,,,2.7728879662106287,QuantileRegressor,,,,,,9,,,,,,,,False,-0.0009466070487002694,5.9487806499319634e-05,98.0,-0.00044355962110047487,0.0005030474275997945,0.0025222175833292722,1.9844674545084815,2.777693032469059,2.813636933860908,98.0,2.7956649831649836,0.017971950695924464,0.09010913795597343,1.9844674545084815,824394433015304.0,1033150867836164.5,98.0,928772650425734.2,104378217410430.31,523339472234805.4,1.9844674545084815,8.561579990668083,8.89296546387737,98.0,8.727272727272727,0.16569273660464476,0.8307628878815312,1.9844674545084815,2.421970472839772,2.578029527160228,98.0,2.5,0.07802952716022794,0.3912303982179758,1.9844674545084815,99.0,1.0,-0.03129339557959086,-0.027338781343306924,98.0,-0.029316088461448894,0.001977307118141968,0.009913973330139818,1.9844674545084815,QuantileRegressor,"{'mode': 'original', 'type': 'QuantileRegressor'}",9,"['z_re_T2W20', 'z_pe_T2W20', 'z_l1_T2W20', 'z_l2_T2W20', 'z_l3_T2W20', 'z_lsc_T2W20', 'z_density_T2W20', 'z_diameter_T2W20', 'z_asp_T2W20']",,,,,,,,3.4585342181766117,3.514098957988369,98.0,3.4863165880824902,0.027782369905878717,0.13929736648790278,1.9844674545084815,completed,False,COMPLETE
51,2.7956649831649836,2026-06-11 11:28:46.776797,2026-06-11 11:28:49.119754,0 days 00:00:02.342957,,,,,,,,,,,,,,0.978435825994549,QuantileRegressor,,,,,,13,,,,,,,,False,-0.0009466070487002694,5.9487806499319634e-05,98.0,-0.00044355962110047487,0.0005030474275997945,0.0025222175833292722,1.9844674545084815,2.777693032469059,2.813636933860908,98.0,2.7956649831649836,0.017971950695924464,0.09010913795597343,1.9844674545084815,824394433015304.0,1033150867836164.5,98.0,928772650425734.2,104378217410430.31,523339472234805.4,1.9844674545084815,8.561579990668083,8.89296546387737,98.0,8.727272727272727,0.16569273660464476,0.8307628878815312,1.9844674545084815,2.421970472839772,2.578029527160228,98.0,2.5,0.07802952716022794,0.3912303982179758,1.9844674545084815,99.0,1.0,-0.03129339557959086,-0.027338781343306924,98.0,-0.029316088461448894,0.001977307118141968,0.009913973330139818,1.9844674545084815,QuantileRegressor,"{'mode': 'original', 'type': 'QuantileRegressor'}",13,"['atd_T2W20', 'density_T2W20', 'diameter_T2W20', 'asp_T2W20', 'z_re_T2W20', 'z_pe_T2W20', 'z_l1_T2W20', 'z_l2_T2W20', 'z_l3_T2W20', 'z_lsc_T2W20', 'z_density_T2W20', 'z_diameter_T2W20', 'z_asp_T2W20']",,,,,,,,3.4585342181766117,3.514098957988369,98.0,3.4863165880824902,0.027782369905878717,0.13929736648790278,1.9844674545084815,completed,False,COMPLETE
52,2.7956649831649836,2026-06-11 11:28:49.132437,2026-06-11 11:28:51.456436,0 days 00:00:02.323999,,,,,,,,,,,,,,2.0657493300834204,QuantileRegressor,,,,,,15,,,,,,,,False,-0.0009466070487002694,5.9487806499319634e-05,98.0,-0.00044355962110047487,0.0005030474275997945,0.0025222175833292722,1.9844674545084815,2.777693032469059,2.813636933860908,98.0,2.7956649831649836,0.017971950695924464,0.09010913795597343,1.9844674545084815,824394433015304.0,1033150867836164.5,98.0,928772650425734.2,104378217410430.31,523339472234805.4,1.9844674545084815,8.561579990668083,8.89296546387737,98.0,8.727272727272727,0.16569273660464476,0.8307628878815312,1.9844674545084815,2.421970472839772,2.578029527160228,98.0,2.5,0.07802952716022794,0.3912303982179758,1.9844674545084815,99.0,1.0,-0.03129339557959086,-0.027338781343306924,98.0,-0.029316088461448894,0.001977307118141968,0.009913973330139818,1.9844674545084815,QuantileRegressor,"{'mode': 'original', 'type': 'QuantileRegressor'}",15,"['lcc_T2W20', 'lsc_T2W20', 'atd_T2W20', 'density_T2W20', 'diameter_T2W20', 'asp_T2W20', 'z_re_T2W20', 'z_pe_T2W20', 'z_l1_T2W20', 'z_l2_T2W20', 'z_l3_T2W20', 'z_lsc_T2W20', 'z_density_T2W20', 'z_diameter_T2W20', 'z_asp_T2W20']",,,,,,,,3.4585342181766117,3.514098957988369,98.0,3.4863165880824902,0.027782369905878717,0.13929736648790278,1.9844674545084815,completed,False,COMPLETE
53,2.7956649831649836,2026-06-11 11:28:51.468575,2026-06-11 11:28:53.710201,0 days 00:00:02.241626,,,,,,,,,,,,,,4.025592255644807,QuantileRegressor,,,,,,12,,,,,,,,False,-0.0009466070487002694,5.9487806499319634e-05,98.0,-0.00044355962110047487,0.0005030474275997945,0.0025222175833292722,1.9844674545084815,2.777693032469059,2.813636933860908,98.0,2.7956649831649836,0.017971950695924464,0.09010913795597343,1.9844674545084815,824394433015304.0,1033150867836164.5,98.0,928772650425734.2,104378217410430.31,523339472234805.4,1.9844674545084815,8.561579990668083,8.89296546387737,98.0,8.727272727272727,0.16569273660464476,0.8307628878815312,1.9844674545084815,2.421970472839772,2.578029527160228,98.0,2.5,0.07802952716022794,0.3912303982179758,1.9844674545084815,99.0,1.0,-0.03129339557959086,-0.027338781343306924,98.0,-0.029316088461448894,0.001977307118141968,0.009913973330139818,1.9844674545084815,QuantileRegressor,"{'mode': 'original', 'type': 'QuantileRegressor'}",12,"['density_T2W20', 'diameter_T2W20', 'asp_T2W20', 'z_re_T2W20', 'z_pe_T2W20', 'z_l1_T2W20', 'z_l2_T2W20', 'z_l3_T2W20', 'z_lsc_T2W20', 'z_density_T2W20', 'z_diameter_T2W20', 'z_asp_T2W20']",,,,,,,,3.4585342181766117,3.514098957988369,98.0,3.4863165880824902,0.027782369905878717,0.13929736648790278,1.9844674545084815,completed,False,COMPLETE
