number,value,datetime_start,datetime_complete,duration,params_dt_max_depth,params_dt_min_samples_leaf,params_dt_min_samples_split,params_elastic_alpha,params_elastic_l1_ratio,params_et_max_depth,params_et_max_features,params_et_min_samples_leaf,params_et_min_samples_split,params_et_n_estimators,params_knn_metric,params_knn_n_neighbors,params_knn_weights,params_quantile_alpha,params_regressor,params_rf_max_depth,params_rf_max_features,params_rf_min_samples_leaf,params_rf_min_samples_split,params_rf_n_estimators,params_rfe_n_features,params_rfe_proxy_et_max_depth,params_rfe_proxy_et_min_samples_leaf,params_rfe_proxy_et_min_samples_split,params_rfe_proxy_et_n_estimators,params_rfe_proxy_lsvr_C,params_rfe_proxy_lsvr_epsilon,params_rfe_proxy_type,params_use_scaler,user_attrs_d2mae_ci_lower_val,user_attrs_d2mae_ci_upper_val,user_attrs_d2mae_df_val,user_attrs_d2mae_mean_val,user_attrs_d2mae_samperror_val,user_attrs_d2mae_std_val,user_attrs_d2mae_t_critical_val,user_attrs_mae_ci_lower_val,user_attrs_mae_ci_upper_val,user_attrs_mae_df_val,user_attrs_mae_mean_val,user_attrs_mae_samperror_val,user_attrs_mae_std_val,user_attrs_mae_t_critical_val,user_attrs_mape_ci_lower_val,user_attrs_mape_ci_upper_val,user_attrs_mape_df_val,user_attrs_mape_mean_val,user_attrs_mape_samperror_val,user_attrs_mape_std_val,user_attrs_mape_t_critical_val,user_attrs_max_error_ci_lower_val,user_attrs_max_error_ci_upper_val,user_attrs_max_error_df_val,user_attrs_max_error_mean_val,user_attrs_max_error_samperror_val,user_attrs_max_error_std_val,user_attrs_max_error_t_critical_val,user_attrs_median_ae_ci_lower_val,user_attrs_median_ae_ci_upper_val,user_attrs_median_ae_df_val,user_attrs_median_ae_mean_val,user_attrs_median_ae_samperror_val,user_attrs_median_ae_std_val,user_attrs_median_ae_t_critical_val,user_attrs_n_splits_val,user_attrs_r2_below_zero_val,user_attrs_r2_ci_lower_val,user_attrs_r2_ci_upper_val,user_attrs_r2_df_val,user_attrs_r2_mean_val,user_attrs_r2_samperror_val,user_attrs_r2_std_val,user_attrs_r2_t_critical_val,user_attrs_regressor_final,user_attrs_rfe_estimator,user_attrs_rfe_n_features,user_attrs_rfe_selected_features,user_attrs_rho_ci_lower_val,user_attrs_rho_ci_upper_val,user_attrs_rho_df_val,user_attrs_rho_mean_val,user_attrs_rho_samperror_val,user_attrs_rho_std_val,user_attrs_rho_t_critical_val,user_attrs_rmse_ci_lower_val,user_attrs_rmse_ci_upper_val,user_attrs_rmse_df_val,user_attrs_rmse_mean_val,user_attrs_rmse_samperror_val,user_attrs_rmse_std_val,user_attrs_rmse_t_critical_val,user_attrs_termination_reason,user_attrs_use_scaler_final,state
233,2.7942477332456934,2026-06-11 12:08:38.270057,2026-06-11 12:09:02.092906,0 days 00:00:23.822849,,,,,,7.0,sqrt,2.0,5.0,468.0,,,,,ExtraTreesRegressor,,,,,,7,,,,,,,,True,-0.004650059728832371,0.004740839655694698,98.0,4.538996343116375e-05,0.004695449692263535,0.023542404007454557,1.9844674545084815,2.7722161188736045,2.8162793476177823,98.0,2.7942477332456934,0.022031614372089114,0.11046378951493474,1.9844674545084815,910241089128503.0,1140942602135387.0,98.0,1025591845631945.0,115350756503442.0,578354426125354.2,1.9844674545084815,7.951555935912188,8.28976974702269,98.0,8.120662841467439,0.16910690555525165,0.8478811087235795,1.9844674545084815,2.449330287009453,2.537949790513679,98.0,2.493640038761566,0.04430975175211334,0.22216361490083278,1.9844674545084815,99.0,0.3333333333333333,0.009182425287574748,0.024840624445338973,98.0,0.01701152486645686,0.007829099578882113,0.039254136958239226,1.9844674545084815,ExtraTreesRegressor,"{'mode': 'original', 'type': 'ExtraTreesRegressor'}",7,"['pe_T2W20', 'l2_T2W20', 'l3_T2W20', 'lsc_T2W20', 'z_re_T2W20', 'z_pe_T2W20', 'z_l2_T2W20']",0.09156262533703867,0.13785278576668464,98.0,0.11470770555186166,0.023145080214822988,0.11604656953307288,1.9844674545084815,3.3762749923657895,3.43627349137521,98.0,3.4062742418705,0.02999924950471041,0.15041252660506294,1.9844674545084815,completed,True,COMPLETE
234,2.7852284492238364,2026-06-11 12:09:02.184555,2026-06-11 12:09:25.160339,0 days 00:00:22.975784,,,,,,5.0,sqrt,2.0,5.0,455.0,,,,,ExtraTreesRegressor,,,,,,6,,,,,,,,True,-0.0010358556872586107,0.007492304356964122,98.0,0.003228224334852756,0.0042640800221113665,0.021379569834613255,1.9844674545084815,2.7646080124380488,2.805848886009624,98.0,2.7852284492238364,0.020620436785787555,0.10338831963657248,1.9844674545084815,898342747971268.5,1126766205746925.2,98.0,1012554476859096.9,114211728887828.42,572643482539566.2,1.9844674545084815,7.887023906659693,8.230011217344439,98.0,8.058517562002066,0.17149365534237299,0.8598479769546878,1.9844674545084815,2.4336804861955263,2.5115637348555007,98.0,2.4726221105255135,0.038941624329987344,0.1952484879549699,1.9844674545084815,99.0,0.24242424242424243,0.021998221757908772,0.03642126348259352,98.0,0.029209742620251146,0.0072115208623423745,0.036157673657793384,1.9844674545084815,ExtraTreesRegressor,"{'mode': 'original', 'type': 'ExtraTreesRegressor'}",6,"['pe_T2W20', 'l2_T2W20', 'lsc_T2W20', 'z_re_T2W20', 'z_pe_T2W20', 'z_l2_T2W20']",0.12002711514990469,0.1712557170150538,98.0,0.14564141608247924,0.02561430093257456,0.12842693681006973,1.9844674545084815,3.3561579325954183,3.4139304123126673,98.0,3.3850441724540428,0.028886239858624548,0.14483203390049393,1.9844674545084815,completed,True,COMPLETE
235,2.7777869015257606,2026-06-11 12:09:25.174566,2026-06-11 12:09:48.317627,0 days 00:00:23.143061,,,,,,5.0,sqrt,2.0,4.0,458.0,,,,,ExtraTreesRegressor,,,,,,5,,,,,,,,True,0.0015268082933394744,0.010257763781354227,98.0,0.005892286037346851,0.004365477744007377,0.02188796547097681,1.9844674545084815,2.7570203005209644,2.798553502530557,98.0,2.7777869015257606,0.020766601004796048,0.10412116895258193,1.9844674545084815,896299735773117.8,1125088355910511.2,98.0,1010694045841814.5,114394310068696.72,573558921998164.1,1.9844674545084815,7.907262792760427,8.225712015746371,98.0,8.0664874042534,0.1592246114929721,0.7983325085718227,1.9844674545084815,2.4184162277719965,2.496226404375303,98.0,2.45732131607365,0.038905088301653463,0.19506530082780693,1.9844674545084815,99.0,0.2222222222222222,0.023033827516022443,0.037891294045836854,98.0,0.030462560780929647,0.0074287332649072045,0.037246749778667744,1.9844674545084815,ExtraTreesRegressor,"{'mode': 'original', 'type': 'ExtraTreesRegressor'}",5,"['l2_T2W20', 'lsc_T2W20', 'z_re_T2W20', 'z_pe_T2W20', 'z_l2_T2W20']",0.11941252149097689,0.1689679584237251,98.0,0.144190239957351,0.024777718466374107,0.12423241579597079,1.9844674545084815,3.35366532453606,3.412051929612408,98.0,3.382858627074234,0.029193302538173732,0.146371608197173,1.9844674545084815,completed,True,COMPLETE
236,2.7778922912515776,2026-06-11 12:09:48.335883,2026-06-11 12:10:11.473581,0 days 00:00:23.137698,,,,,,5.0,sqrt,2.0,4.0,453.0,,,,,ExtraTreesRegressor,,,,,,5,,,,,,,,True,0.0014854987369754165,0.01022205014367253,98.0,0.005853774440323973,0.004368275703348557,0.021901994093052143,1.9844674545084815,2.757133405295374,2.798651177207781,98.0,2.7778922912515776,0.020758885956203225,0.10408248665316157,1.9844674545084815,896333543219062.0,1125135015552136.5,98.0,1010734279385599.2,114400736166537.22,573591141657934.2,1.9844674545084815,7.90772221766271,8.226485619316488,98.0,8.067103918489599,0.15938170082688904,0.7991201350627269,1.9844674545084815,2.4180716139961063,2.4960760819871983,98.0,2.4570738479916523,0.039002233995545914,0.19555237732166625,1.9844674545084815,99.0,0.2222222222222222,0.022954399629087643,0.037853993440429355,98.0,0.0304041965347585,0.007449796905670858,0.037352360268232326,1.9844674545084815,ExtraTreesRegressor,"{'mode': 'original', 'type': 'ExtraTreesRegressor'}",5,"['l2_T2W20', 'lsc_T2W20', 'z_re_T2W20', 'z_pe_T2W20', 'z_l2_T2W20']",0.11860564778867466,0.1683056272550914,98.0,0.14345563752188303,0.024849989733208372,0.12459477498911606,1.9844674545084815,3.3537575153599493,3.412150913381537,98.0,3.382954214370743,0.029196699010794004,0.14638863769080349,1.9844674545084815,completed,True,COMPLETE
237,2.7779079608470814,2026-06-11 12:10:11.486688,2026-06-11 12:10:34.481889,0 days 00:00:22.995201,,,,,,5.0,sqrt,2.0,4.0,455.0,,,,,ExtraTreesRegressor,,,,,,5,,,,,,,,True,0.0014808320967231378,0.01021804066518135,98.0,0.005849436380952244,0.004368604284229106,0.02190364155694719,1.9844674545084815,2.757128534350828,2.798687387343335,98.0,2.7779079608470814,0.020779426496253445,0.1041854743804479,1.9844674545084815,896271970871787.8,1125049229429606.0,98.0,1010660600150696.9,114388629278909.14,573530439220789.1,1.9844674545084815,7.90739837347074,8.226112986896883,98.0,8.066755680183812,0.15935730671307144,0.7989978259931945,1.9844674545084815,2.4182468874756795,2.4961801108657786,98.0,2.457213499170729,0.03896661169504971,0.19537377151286836,1.9844674545084815,99.0,0.2222222222222222,0.022964444619232853,0.03785189040473417,98.0,0.03040816751198351,0.007443722892750656,0.03732190591870548,1.9844674545084815,ExtraTreesRegressor,"{'mode': 'original', 'type': 'ExtraTreesRegressor'}",5,"['l2_T2W20', 'lsc_T2W20', 'z_re_T2W20', 'z_pe_T2W20', 'z_l2_T2W20']",0.1191040314901427,0.16877439005807748,98.0,0.1439392107741101,0.024835179283967394,0.12452051722842968,1.9844674545084815,3.353740050614849,3.412165273978324,98.0,3.3829526622965864,0.029212611681737638,0.14646842185478035,1.9844674545084815,completed,True,COMPLETE
238,2.7778922912515776,2026-06-11 12:10:34.495006,2026-06-11 12:10:57.616489,0 days 00:00:23.121483,,,,,,5.0,sqrt,2.0,4.0,453.0,,,,,ExtraTreesRegressor,,,,,,5,,,,,,,,True,0.0014854987369754165,0.01022205014367253,98.0,0.005853774440323973,0.004368275703348557,0.021901994093052143,1.9844674545084815,2.757133405295374,2.798651177207781,98.0,2.7778922912515776,0.020758885956203225,0.10408248665316157,1.9844674545084815,896333543219062.0,1125135015552136.5,98.0,1010734279385599.2,114400736166537.22,573591141657934.2,1.9844674545084815,7.90772221766271,8.226485619316488,98.0,8.067103918489599,0.15938170082688904,0.7991201350627269,1.9844674545084815,2.4180716139961063,2.4960760819871983,98.0,2.4570738479916523,0.039002233995545914,0.19555237732166625,1.9844674545084815,99.0,0.2222222222222222,0.022954399629087643,0.037853993440429355,98.0,0.0304041965347585,0.007449796905670858,0.037352360268232326,1.9844674545084815,ExtraTreesRegressor,"{'mode': 'original', 'type': 'ExtraTreesRegressor'}",5,"['l2_T2W20', 'lsc_T2W20', 'z_re_T2W20', 'z_pe_T2W20', 'z_l2_T2W20']",0.11860564778867466,0.1683056272550914,98.0,0.14345563752188303,0.024849989733208372,0.12459477498911606,1.9844674545084815,3.3537575153599493,3.412150913381537,98.0,3.382954214370743,0.029196699010794004,0.14638863769080349,1.9844674545084815,completed,True,COMPLETE
239,2.7779079608470814,2026-06-11 12:10:57.629435,2026-06-11 12:11:20.695086,0 days 00:00:23.065651,,,,,,5.0,sqrt,2.0,4.0,455.0,,,,,ExtraTreesRegressor,,,,,,5,,,,,,,,True,0.0014808320967231378,0.01021804066518135,98.0,0.005849436380952244,0.004368604284229106,0.02190364155694719,1.9844674545084815,2.757128534350828,2.798687387343335,98.0,2.7779079608470814,0.020779426496253445,0.1041854743804479,1.9844674545084815,896271970871787.8,1125049229429606.0,98.0,1010660600150696.9,114388629278909.14,573530439220789.1,1.9844674545084815,7.90739837347074,8.226112986896883,98.0,8.066755680183812,0.15935730671307144,0.7989978259931945,1.9844674545084815,2.4182468874756795,2.4961801108657786,98.0,2.457213499170729,0.03896661169504971,0.19537377151286836,1.9844674545084815,99.0,0.2222222222222222,0.022964444619232853,0.03785189040473417,98.0,0.03040816751198351,0.007443722892750656,0.03732190591870548,1.9844674545084815,ExtraTreesRegressor,"{'mode': 'original', 'type': 'ExtraTreesRegressor'}",5,"['l2_T2W20', 'lsc_T2W20', 'z_re_T2W20', 'z_pe_T2W20', 'z_l2_T2W20']",0.1191040314901427,0.16877439005807748,98.0,0.1439392107741101,0.024835179283967394,0.12452051722842968,1.9844674545084815,3.353740050614849,3.412165273978324,98.0,3.3829526622965864,0.029212611681737638,0.14646842185478035,1.9844674545084815,completed,True,COMPLETE
240,3.256031081269525,2026-06-11 12:11:20.708767,2026-06-11 12:11:20.841610,0 days 00:00:00.132843,7.0,4.0,18.0,,,,,,,,,,,,DecisionTreeRegressor,,,,,,5,,,,,,,,True,,,,,,,,,,,,,,,,,,,,,,,,,,,,,,,,,,,,,,,,,,,,,DecisionTreeRegressor,"{'mode': 'original', 'type': 'DecisionTreeRegressor'}",5,"['lcc_T2W20', 'lsc_T2W20', 'diameter_T2W20', 'z_re_T2W20', 'z_l2_T2W20']",,,,,,,,,,,,,,,pruned,True,PRUNED
241,2.7779464397878058,2026-06-11 12:11:20.851487,2026-06-11 12:11:43.825564,0 days 00:00:22.974077,,,,,,5.0,sqrt,2.0,4.0,452.0,,,,,ExtraTreesRegressor,,,,,,5,,,,,,,,True,0.0014640418720573683,0.010204612645833925,98.0,0.0058343272589456464,0.004370285386888278,0.02191207039775565,1.9844674545084815,2.757184072077319,2.7987088074982926,98.0,2.7779464397878058,0.020762367710486694,0.1040999437385034,1.9844674545084815,896273717361958.2,1125063729587238.2,98.0,1010668723474598.2,114395006112640.06,573562411876407.0,1.9844674545084815,7.908197457110672,8.227124452312866,98.0,8.06766095471177,0.15946349760109685,0.7995302539716953,1.9844674545084815,2.418250888736496,2.49615772694963,98.0,2.457204307843063,0.038953419106566835,0.19530762550592048,1.9844674545084815,99.0,0.2222222222222222,0.02292230429288144,0.0378297657758652,98.0,0.03037603503437332,0.007453730741491882,0.03737208403448844,1.9844674545084815,ExtraTreesRegressor,"{'mode': 'original', 'type': 'ExtraTreesRegressor'}",5,"['l2_T2W20', 'lsc_T2W20', 'z_re_T2W20', 'z_pe_T2W20', 'z_l2_T2W20']",0.11893766148782589,0.16846873762983408,98.0,0.14370319955882999,0.024765538071004102,0.12417134480009928,1.9844674545084815,3.3538004668903567,3.4122057790635654,98.0,3.383003122976961,0.029202656086604186,0.14641850573212387,1.9844674545084815,completed,True,COMPLETE
242,2.7779079608470814,2026-06-11 12:11:43.853646,2026-06-11 12:12:06.921165,0 days 00:00:23.067519,,,,,,5.0,sqrt,2.0,4.0,455.0,,,,,ExtraTreesRegressor,,,,,,5,,,,,,,,True,0.0014808320967231378,0.01021804066518135,98.0,0.005849436380952244,0.004368604284229106,0.02190364155694719,1.9844674545084815,2.757128534350828,2.798687387343335,98.0,2.7779079608470814,0.020779426496253445,0.1041854743804479,1.9844674545084815,896271970871787.8,1125049229429606.0,98.0,1010660600150696.9,114388629278909.14,573530439220789.1,1.9844674545084815,7.90739837347074,8.226112986896883,98.0,8.066755680183812,0.15935730671307144,0.7989978259931945,1.9844674545084815,2.4182468874756795,2.4961801108657786,98.0,2.457213499170729,0.03896661169504971,0.19537377151286836,1.9844674545084815,99.0,0.2222222222222222,0.022964444619232853,0.03785189040473417,98.0,0.03040816751198351,0.007443722892750656,0.03732190591870548,1.9844674545084815,ExtraTreesRegressor,"{'mode': 'original', 'type': 'ExtraTreesRegressor'}",5,"['l2_T2W20', 'lsc_T2W20', 'z_re_T2W20', 'z_pe_T2W20', 'z_l2_T2W20']",0.1191040314901427,0.16877439005807748,98.0,0.1439392107741101,0.024835179283967394,0.12452051722842968,1.9844674545084815,3.353740050614849,3.412165273978324,98.0,3.3829526622965864,0.029212611681737638,0.14646842185478035,1.9844674545084815,completed,True,COMPLETE
243,2.7779064111817786,2026-06-11 12:12:06.934225,2026-06-11 12:12:30.001174,0 days 00:00:23.066949,,,,,,5.0,sqrt,2.0,4.0,451.0,,,,,ExtraTreesRegressor,,,,,,5,,,,,,,,True,0.0014804017974103844,0.01021783832925836,98.0,0.005849120063334372,0.004368718265923987,0.02190421304706767,1.9844674545084815,2.757140035332914,2.798672787030643,98.0,2.7779064111817786,0.020766375848864684,0.10412004004859014,1.9844674545084815,896254487222401.5,1125048711561262.2,98.0,1010651599391831.9,114397112169430.31,573572971384668.9,1.9844674545084815,7.908186255710905,8.226872968371008,98.0,8.067529612040957,0.15934335633005212,0.7989278804981674,1.9844674545084815,2.4184810523731546,2.496381630487365,98.0,2.4574313414302598,0.03895028905710534,0.19529193182505591,1.9844674545084815,99.0,0.2222222222222222,0.022935323643407658,0.03783779793574541,98.0,0.030386560789576533,0.007451237146168876,0.037359581455955436,1.9844674545084815,ExtraTreesRegressor,"{'mode': 'original', 'type': 'ExtraTreesRegressor'}",5,"['l2_T2W20', 'lsc_T2W20', 'z_re_T2W20', 'z_pe_T2W20', 'z_l2_T2W20']",0.11873417516021677,0.168377413960818,98.0,0.1435557945605174,0.024821619400300626,0.12445252964885811,1.9844674545084815,3.353788029223168,3.412180642468052,98.0,3.38298433584561,0.02919630662244177,0.14638667030413732,1.9844674545084815,completed,True,COMPLETE
244,2.7775610026855926,2026-06-11 12:12:30.015306,2026-06-11 12:12:52.258896,0 days 00:00:22.243590,,,,,,5.0,sqrt,2.0,4.0,435.0,,,,,ExtraTreesRegressor,,,,,,5,,,,,,,,True,0.0015782780984791838,0.010363275101620707,98.0,0.005970776600049945,0.004392498501570761,0.022023444207378312,1.9844674545084815,2.7567853505175504,2.798336654853635,98.0,2.7775610026855926,0.020775652168042093,0.10416655036561823,1.9844674545084815,896193492353858.6,1124973954446068.6,98.0,1010583723399963.6,114390231046104.97,573538470283396.9,1.9844674545084815,7.904682584722422,8.223201977983127,98.0,8.063942281352775,0.15925969663035272,0.7985084211111974,1.9844674545084815,2.4183361228770663,2.496309645586144,98.0,2.4573228842316053,0.03898676135453883,0.1954747994133668,1.9844674545084815,99.0,0.2222222222222222,0.02309919288916949,0.03809342519511802,98.0,0.030596309042143756,0.007497116152974266,0.03758961312160247,1.9844674545084815,ExtraTreesRegressor,"{'mode': 'original', 'type': 'ExtraTreesRegressor'}",5,"['l2_T2W20', 'lsc_T2W20', 'z_re_T2W20', 'z_pe_T2W20', 'z_l2_T2W20']",0.11834030376870157,0.1683372140918374,98.0,0.14333875893026948,0.024998455161567918,0.1253391622841901,1.9844674545084815,3.353415475289981,3.4117853784692813,98.0,3.3826004268796313,0.02918495158964994,0.14632973757414905,1.9844674545084815,completed,True,COMPLETE
245,2.777928662884029,2026-06-11 12:12:52.278124,2026-06-11 12:13:15.426528,0 days 00:00:23.148404,,,,,,5.0,sqrt,2.0,4.0,454.0,,,,,ExtraTreesRegressor,,,,,,5,,,,,,,,True,0.0014736599262567367,0.010208433978691103,98.0,0.00584104695247392,0.004367387026217183,0.021897538375830115,1.9844674545084815,2.757166750634327,2.7986905751337314,98.0,2.777928662884029,0.02076191224970233,0.10409766011446356,1.9844674545084815,896316475283056.2,1125118305137341.2,98.0,1010717390210198.8,114400914927142.47,573592037941499.2,1.9844674545084815,7.907907737565601,8.226798618184887,98.0,8.067353177875244,0.15944544030964278,0.7994397169457331,1.9844674545084815,2.4180994570637186,2.4960192490913955,98.0,2.457059353077557,0.038959896013838466,0.195340099917894,1.9844674545084815,99.0,0.2222222222222222,0.02294270359545856,0.03783858722803309,98.0,0.030390645411745826,0.007447941816287267,0.03734305907950691,1.9844674545084815,ExtraTreesRegressor,"{'mode': 'original', 'type': 'ExtraTreesRegressor'}",5,"['l2_T2W20', 'lsc_T2W20', 'z_re_T2W20', 'z_pe_T2W20', 'z_l2_T2W20']",0.11863222102872276,0.16841770820443094,98.0,0.14352496461657685,0.024892743587854097,0.12480913752836423,1.9844674545084815,3.3537807032060085,3.4121767357084636,98.0,3.382978719457236,0.0291980162512277,0.14639524217141714,1.9844674545084815,completed,True,COMPLETE
246,2.7779464397878058,2026-06-11 12:13:15.468010,2026-06-11 12:13:38.447195,0 days 00:00:22.979185,,,,,,5.0,sqrt,2.0,4.0,452.0,,,,,ExtraTreesRegressor,,,,,,5,,,,,,,,True,0.0014640418720573683,0.010204612645833925,98.0,0.0058343272589456464,0.004370285386888278,0.02191207039775565,1.9844674545084815,2.757184072077319,2.7987088074982926,98.0,2.7779464397878058,0.020762367710486694,0.1040999437385034,1.9844674545084815,896273717361958.2,1125063729587238.2,98.0,1010668723474598.2,114395006112640.06,573562411876407.0,1.9844674545084815,7.908197457110672,8.227124452312866,98.0,8.06766095471177,0.15946349760109685,0.7995302539716953,1.9844674545084815,2.418250888736496,2.49615772694963,98.0,2.457204307843063,0.038953419106566835,0.19530762550592048,1.9844674545084815,99.0,0.2222222222222222,0.02292230429288144,0.0378297657758652,98.0,0.03037603503437332,0.007453730741491882,0.03737208403448844,1.9844674545084815,ExtraTreesRegressor,"{'mode': 'original', 'type': 'ExtraTreesRegressor'}",5,"['l2_T2W20', 'lsc_T2W20', 'z_re_T2W20', 'z_pe_T2W20', 'z_l2_T2W20']",0.11893766148782589,0.16846873762983408,98.0,0.14370319955882999,0.024765538071004102,0.12417134480009928,1.9844674545084815,3.3538004668903567,3.4122057790635654,98.0,3.383003122976961,0.029202656086604186,0.14641850573212387,1.9844674545084815,completed,True,COMPLETE
247,2.777605194593894,2026-06-11 12:13:38.461432,2026-06-11 12:14:00.718653,0 days 00:00:22.257221,,,,,,5.0,sqrt,2.0,4.0,434.0,,,,,ExtraTreesRegressor,,,,,,5,,,,,,,,True,0.001561852929172239,0.010348144244718253,98.0,0.005954998586945245,0.004393145657773006,0.02202668896853384,1.9844674545084815,2.7568274739256426,2.7983829152621458,98.0,2.777605194593894,0.02077772066825172,0.10417692156983,1.9844674545084815,896120999554659.0,1124899483440467.2,98.0,1010510241497563.1,114389241942904.06,573533511042283.2,1.9844674545084815,7.905101803646723,8.22362786136453,98.0,8.064364832505627,0.159263028858904,0.7985251284930118,1.9844674545084815,2.4188101774591946,2.496776896675332,98.0,2.4577935370672632,0.03898335960806845,0.19545774347730419,1.9844674545084815,99.0,0.2222222222222222,0.023072311556693793,0.03806405935340176,98.0,0.030568185455047775,0.00749587389835398,0.03758338461058273,1.9844674545084815,ExtraTreesRegressor,"{'mode': 'original', 'type': 'ExtraTreesRegressor'}",5,"['l2_T2W20', 'lsc_T2W20', 'z_re_T2W20', 'z_pe_T2W20', 'z_l2_T2W20']",0.11845792426437429,0.16840113669315548,98.0,0.1434295304787649,0.0249716062143906,0.12520454498381423,1.9844674545084815,3.353462733160435,3.4118380509625705,98.0,3.3826503920615028,0.029187658901067993,0.14634331169874948,1.9844674545084815,completed,True,COMPLETE
