number,value,datetime_start,datetime_complete,duration,params_dt_max_depth,params_dt_min_samples_leaf,params_dt_min_samples_split,params_elastic_alpha,params_elastic_l1_ratio,params_et_max_depth,params_et_max_features,params_et_min_samples_leaf,params_et_min_samples_split,params_et_n_estimators,params_knn_metric,params_knn_n_neighbors,params_knn_weights,params_quantile_alpha,params_regressor,params_rf_max_depth,params_rf_max_features,params_rf_min_samples_leaf,params_rf_min_samples_split,params_rf_n_estimators,params_rfe_n_features,params_rfe_proxy_et_max_depth,params_rfe_proxy_et_min_samples_leaf,params_rfe_proxy_et_min_samples_split,params_rfe_proxy_et_n_estimators,params_rfe_proxy_lsvr_C,params_rfe_proxy_lsvr_epsilon,params_rfe_proxy_type,params_use_scaler,user_attrs_d2mae_ci_lower_val,user_attrs_d2mae_ci_upper_val,user_attrs_d2mae_df_val,user_attrs_d2mae_mean_val,user_attrs_d2mae_samperror_val,user_attrs_d2mae_std_val,user_attrs_d2mae_t_critical_val,user_attrs_mae_ci_lower_val,user_attrs_mae_ci_upper_val,user_attrs_mae_df_val,user_attrs_mae_mean_val,user_attrs_mae_samperror_val,user_attrs_mae_std_val,user_attrs_mae_t_critical_val,user_attrs_mape_ci_lower_val,user_attrs_mape_ci_upper_val,user_attrs_mape_df_val,user_attrs_mape_mean_val,user_attrs_mape_samperror_val,user_attrs_mape_std_val,user_attrs_mape_t_critical_val,user_attrs_max_error_ci_lower_val,user_attrs_max_error_ci_upper_val,user_attrs_max_error_df_val,user_attrs_max_error_mean_val,user_attrs_max_error_samperror_val,user_attrs_max_error_std_val,user_attrs_max_error_t_critical_val,user_attrs_median_ae_ci_lower_val,user_attrs_median_ae_ci_upper_val,user_attrs_median_ae_df_val,user_attrs_median_ae_mean_val,user_attrs_median_ae_samperror_val,user_attrs_median_ae_std_val,user_attrs_median_ae_t_critical_val,user_attrs_n_splits_val,user_attrs_r2_below_zero_val,user_attrs_r2_ci_lower_val,user_attrs_r2_ci_upper_val,user_attrs_r2_df_val,user_attrs_r2_mean_val,user_attrs_r2_samperror_val,user_attrs_r2_std_val,user_attrs_r2_t_critical_val,user_attrs_regressor_final,user_attrs_rfe_estimator,user_attrs_rfe_n_features,user_attrs_rfe_selected_features,user_attrs_rho_ci_lower_val,user_attrs_rho_ci_upper_val,user_attrs_rho_df_val,user_attrs_rho_mean_val,user_attrs_rho_samperror_val,user_attrs_rho_std_val,user_attrs_rho_t_critical_val,user_attrs_rmse_ci_lower_val,user_attrs_rmse_ci_upper_val,user_attrs_rmse_df_val,user_attrs_rmse_mean_val,user_attrs_rmse_samperror_val,user_attrs_rmse_std_val,user_attrs_rmse_t_critical_val,user_attrs_termination_reason,user_attrs_use_scaler_final,state
86,2.7956649831649836,2026-06-11 11:31:12.398613,2026-06-11 11:31:15.091459,0 days 00:00:02.692846,,,,,,,,,,,,,,2.0943212291581856,QuantileRegressor,,,,,,15,,,,,,,,False,-0.0009466070487002694,5.9487806499319634e-05,98.0,-0.00044355962110047487,0.0005030474275997945,0.0025222175833292722,1.9844674545084815,2.777693032469059,2.813636933860908,98.0,2.7956649831649836,0.017971950695924464,0.09010913795597343,1.9844674545084815,824394433015304.0,1033150867836164.5,98.0,928772650425734.2,104378217410430.31,523339472234805.4,1.9844674545084815,8.561579990668083,8.89296546387737,98.0,8.727272727272727,0.16569273660464476,0.8307628878815312,1.9844674545084815,2.421970472839772,2.578029527160228,98.0,2.5,0.07802952716022794,0.3912303982179758,1.9844674545084815,99.0,1.0,-0.03129339557959086,-0.027338781343306924,98.0,-0.029316088461448894,0.001977307118141968,0.009913973330139818,1.9844674545084815,QuantileRegressor,"{'mode': 'original', 'type': 'QuantileRegressor'}",15,"['lcc_T2W20', 'lsc_T2W20', 'atd_T2W20', 'density_T2W20', 'diameter_T2W20', 'asp_T2W20', 'z_re_T2W20', 'z_pe_T2W20', 'z_l1_T2W20', 'z_l2_T2W20', 'z_l3_T2W20', 'z_lsc_T2W20', 'z_density_T2W20', 'z_diameter_T2W20', 'z_asp_T2W20']",,,,,,,,3.4585342181766117,3.514098957988369,98.0,3.4863165880824902,0.027782369905878717,0.13929736648790278,1.9844674545084815,completed,False,COMPLETE
87,2.8515189776553416,2026-06-11 11:31:15.104374,2026-06-11 11:31:16.728409,0 days 00:00:01.624035,,,,6.976724803289034,0.41904848441682835,,,,,,,,,,ElasticNet,,,,,,11,,,,,,,,False,-0.02320027081333279,-0.017935534663423815,98.0,-0.020567902738378302,0.0026323680749544857,0.013198367947379488,1.9844674545084815,2.834162168142441,2.868875787168242,98.0,2.8515189776553416,0.017356809512900515,0.0870248961470931,1.9844674545084815,931974330060255.6,1169039215109370.0,98.0,1050506772584812.9,118532442524557.2,594307006313228.8,1.9844674545084815,7.91021925108189,8.24649945109136,98.0,8.078359351086625,0.16814010000473534,0.8430336652711649,1.9844674545084815,2.566377480928293,2.614338772515233,98.0,2.590358126721763,0.023980645793470222,0.12023599199875215,1.9844674545084815,99.0,1.0,-0.002507478320247669,-0.001559800277886418,98.0,-0.0020336392990670435,0.00047383902118062565,0.0023757702461408904,1.9844674545084815,ElasticNet,"{'mode': 'original', 'type': 'ElasticNet'}",11,"['diameter_T2W20', 'asp_T2W20', 'z_re_T2W20', 'z_pe_T2W20', 'z_l1_T2W20', 'z_l2_T2W20', 'z_l3_T2W20', 'z_lsc_T2W20', 'z_density_T2W20', 'z_diameter_T2W20', 'z_asp_T2W20']",,,,,,,,3.413528871241101,3.465723244696707,98.0,3.439626057968904,0.026097186727803045,0.1308480664623501,1.9844674545084815,completed,False,COMPLETE
88,2.8595329328752213,2026-06-11 11:31:16.741170,2026-06-11 11:31:40.988046,0 days 00:00:24.246876,,,,,,7.0,,2.0,3.0,396.0,,,,,ExtraTreesRegressor,,,,,,13,,,,,,,,False,-0.03186661928779856,-0.014696891341703282,98.0,-0.02328175531475092,0.008584863973047639,0.04304344615501538,1.9844674545084815,2.829042830173698,2.8900230355767444,98.0,2.8595329328752213,0.0304901027015234,0.15287360382345205,1.9844674545084815,945316691313068.9,1185732812201518.8,98.0,1065524751757293.8,120208060444224.9,602708347316188.2,1.9844674545084815,8.275003017965801,8.812286964461197,98.0,8.5436449912135,0.2686419732476989,1.3469376272900258,1.9844674545084815,2.458295807746085,2.5722335243923746,98.0,2.5152646660692297,0.056968858323145015,0.2856348095256401,1.9844674545084815,99.0,0.7070707070707071,-0.06478611916416052,-0.0304225803930275,98.0,-0.04760434977859401,0.017181769385566512,0.08614726659821238,1.9844674545084815,ExtraTreesRegressor,"{'mode': 'original', 'type': 'ExtraTreesRegressor'}",13,"['re_T2W20', 'pe_T2W20', 'l2_T2W20', 'l3_T2W20', 'lsc_T2W20', 'diameter_T2W20', 'asp_T2W20', 'z_re_T2W20', 'z_pe_T2W20', 'z_l2_T2W20', 'z_l3_T2W20', 'z_lsc_T2W20', 'z_density_T2W20']",0.05038390742825212,0.10215509605746638,98.0,0.07626950174285925,0.02588559431460713,0.12978716827307163,1.9844674545084815,3.47344465668657,3.5557157415336706,98.0,3.5145801991101204,0.04113554242355037,0.20624852192467183,1.9844674545084815,completed,False,COMPLETE
89,2.951678874785235,2026-06-11 11:31:41.001438,2026-06-11 11:31:42.685100,0 days 00:00:01.683662,,,,,,,,,,,,,,,LinearRegression,,,,,,12,,,,,,,,False,-0.07157923676032342,-0.04157461801685064,98.0,-0.05657692738858703,0.015002309371736392,0.07521972365206567,1.9844674545084815,2.908096103264135,2.9952616463063353,98.0,2.951678874785235,0.04358277152110027,0.21851862593797758,1.9844674545084815,918709045498018.5,1163116908318878.8,98.0,1040912976908448.6,122203931410430.19,612715397484476.2,1.9844674545084815,9.819561908331334,12.279201311523906,98.0,11.04938160992762,1.2298197015962862,6.166163875424177,1.9844674545084815,2.449836397649495,2.543224864671382,98.0,2.4965306311604385,0.046694233510943615,0.23411911151860754,1.9844674545084815,99.0,0.7878787878787878,-0.3292397239564486,-0.12510911789063925,98.0,-0.22717442092354392,0.10206530303290468,0.5117428056151894,1.9844674545084815,LinearRegression,"{'mode': 'original', 'type': 'LinearRegression'}",12,"['pe_T2W20', 'l2_T2W20', 'l3_T2W20', 'atd_T2W20', 'density_T2W20', 'diameter_T2W20', 'asp_T2W20', 'z_pe_T2W20', 'z_l2_T2W20', 'z_l3_T2W20', 'z_diameter_T2W20', 'z_asp_T2W20']",0.07244801543734472,0.12032697502006726,98.0,0.09638749522870599,0.023939479791361275,0.12002959075573226,1.9844674545084815,3.626317745144503,3.8743710563719844,98.0,3.7503444007582436,0.12402665561374061,0.6218543111990035,1.9844674545084815,completed,False,COMPLETE
90,2.8655867310064824,2026-06-11 11:31:42.698765,2026-06-11 11:32:24.942921,0 days 00:00:42.244156,,,,,,,,,,,,,,,RandomForestRegressor,19.0,sqrt,3.0,2.0,475.0,14,,,,,,,,False,-0.034573523750130696,-0.016527380864242373,98.0,-0.025550452307186534,0.00902307144294416,0.045240564210052,1.9844674545084815,2.835239445540629,2.895934016472336,98.0,2.8655867310064824,0.030347285465853344,0.152157535867935,1.9844674545084815,943572442542226.9,1186958019956368.5,98.0,1065265231249297.8,121692788707070.86,610152591189740.5,1.9844674545084815,8.354931095635518,8.891900476655387,98.0,8.623415786145452,0.2684846905099346,1.3461490310961517,1.9844674545084815,2.4916122629528963,2.5952729422124485,98.0,2.5434426025826724,0.05183033962977613,0.2598709123469589,1.9844674545084815,99.0,0.6868686868686869,-0.06467987567266097,-0.030851478706657,98.0,-0.04776567718965898,0.016914198483001984,0.08480569918685403,1.9844674545084815,RandomForestRegressor,"{'mode': 'original', 'type': 'RandomForestRegressor'}",14,"['nodes_T2W20', 're_T2W20', 'pe_T2W20', 'l2_T2W20', 'l3_T2W20', 'lsc_T2W20', 'diameter_T2W20', 'asp_T2W20', 'z_re_T2W20', 'z_pe_T2W20', 'z_l1_T2W20', 'z_l2_T2W20', 'z_l3_T2W20', 'z_lsc_T2W20']",0.05891672201013896,0.10968545138746585,98.0,0.0843010866988024,0.025384364688663445,0.12727406492241405,1.9844674545084815,3.4737735489871513,3.5563954666561477,98.0,3.5150845078216495,0.04131095883449837,0.20712803811305305,1.9844674545084815,completed,False,COMPLETE
91,2.7956649831649836,2026-06-11 11:32:25.002248,2026-06-11 11:32:27.336283,0 days 00:00:02.334035,,,,,,,,,,,,,,5.057342999580689,QuantileRegressor,,,,,,10,,,,,,,,False,-0.0009466070487002694,5.9487806499319634e-05,98.0,-0.00044355962110047487,0.0005030474275997945,0.0025222175833292722,1.9844674545084815,2.777693032469059,2.813636933860908,98.0,2.7956649831649836,0.017971950695924464,0.09010913795597343,1.9844674545084815,824394433015304.0,1033150867836164.5,98.0,928772650425734.2,104378217410430.31,523339472234805.4,1.9844674545084815,8.561579990668083,8.89296546387737,98.0,8.727272727272727,0.16569273660464476,0.8307628878815312,1.9844674545084815,2.421970472839772,2.578029527160228,98.0,2.5,0.07802952716022794,0.3912303982179758,1.9844674545084815,99.0,1.0,-0.03129339557959086,-0.027338781343306924,98.0,-0.029316088461448894,0.001977307118141968,0.009913973330139818,1.9844674545084815,QuantileRegressor,"{'mode': 'original', 'type': 'QuantileRegressor'}",10,"['asp_T2W20', 'z_re_T2W20', 'z_pe_T2W20', 'z_l1_T2W20', 'z_l2_T2W20', 'z_l3_T2W20', 'z_lsc_T2W20', 'z_density_T2W20', 'z_diameter_T2W20', 'z_asp_T2W20']",,,,,,,,3.4585342181766117,3.514098957988369,98.0,3.4863165880824902,0.027782369905878717,0.13929736648790278,1.9844674545084815,completed,False,COMPLETE
92,2.7956649831649836,2026-06-11 11:32:27.350403,2026-06-11 11:32:29.740337,0 days 00:00:02.389934,,,,,,,,,,,,,,5.310946174425605,QuantileRegressor,,,,,,9,,,,,,,,False,-0.0009466070487002694,5.9487806499319634e-05,98.0,-0.00044355962110047487,0.0005030474275997945,0.0025222175833292722,1.9844674545084815,2.777693032469059,2.813636933860908,98.0,2.7956649831649836,0.017971950695924464,0.09010913795597343,1.9844674545084815,824394433015304.0,1033150867836164.5,98.0,928772650425734.2,104378217410430.31,523339472234805.4,1.9844674545084815,8.561579990668083,8.89296546387737,98.0,8.727272727272727,0.16569273660464476,0.8307628878815312,1.9844674545084815,2.421970472839772,2.578029527160228,98.0,2.5,0.07802952716022794,0.3912303982179758,1.9844674545084815,99.0,1.0,-0.03129339557959086,-0.027338781343306924,98.0,-0.029316088461448894,0.001977307118141968,0.009913973330139818,1.9844674545084815,QuantileRegressor,"{'mode': 'original', 'type': 'QuantileRegressor'}",9,"['z_re_T2W20', 'z_pe_T2W20', 'z_l1_T2W20', 'z_l2_T2W20', 'z_l3_T2W20', 'z_lsc_T2W20', 'z_density_T2W20', 'z_diameter_T2W20', 'z_asp_T2W20']",,,,,,,,3.4585342181766117,3.514098957988369,98.0,3.4863165880824902,0.027782369905878717,0.13929736648790278,1.9844674545084815,completed,False,COMPLETE
93,2.7956649831649836,2026-06-11 11:32:29.753228,2026-06-11 11:32:32.194296,0 days 00:00:02.441068,,,,,,,,,,,,,,2.8332749160050663,QuantileRegressor,,,,,,10,,,,,,,,False,-0.0009466070487002694,5.9487806499319634e-05,98.0,-0.00044355962110047487,0.0005030474275997945,0.0025222175833292722,1.9844674545084815,2.777693032469059,2.813636933860908,98.0,2.7956649831649836,0.017971950695924464,0.09010913795597343,1.9844674545084815,824394433015304.0,1033150867836164.5,98.0,928772650425734.2,104378217410430.31,523339472234805.4,1.9844674545084815,8.561579990668083,8.89296546387737,98.0,8.727272727272727,0.16569273660464476,0.8307628878815312,1.9844674545084815,2.421970472839772,2.578029527160228,98.0,2.5,0.07802952716022794,0.3912303982179758,1.9844674545084815,99.0,1.0,-0.03129339557959086,-0.027338781343306924,98.0,-0.029316088461448894,0.001977307118141968,0.009913973330139818,1.9844674545084815,QuantileRegressor,"{'mode': 'original', 'type': 'QuantileRegressor'}",10,"['asp_T2W20', 'z_re_T2W20', 'z_pe_T2W20', 'z_l1_T2W20', 'z_l2_T2W20', 'z_l3_T2W20', 'z_lsc_T2W20', 'z_density_T2W20', 'z_diameter_T2W20', 'z_asp_T2W20']",,,,,,,,3.4585342181766117,3.514098957988369,98.0,3.4863165880824902,0.027782369905878717,0.13929736648790278,1.9844674545084815,completed,False,COMPLETE
94,2.7956649831649836,2026-06-11 11:32:32.207355,2026-06-11 11:32:34.539036,0 days 00:00:02.331681,,,,,,,,,,,,,,9.430649218707808,QuantileRegressor,,,,,,11,,,,,,,,False,-0.0009466070487002694,5.9487806499319634e-05,98.0,-0.00044355962110047487,0.0005030474275997945,0.0025222175833292722,1.9844674545084815,2.777693032469059,2.813636933860908,98.0,2.7956649831649836,0.017971950695924464,0.09010913795597343,1.9844674545084815,824394433015304.0,1033150867836164.5,98.0,928772650425734.2,104378217410430.31,523339472234805.4,1.9844674545084815,8.561579990668083,8.89296546387737,98.0,8.727272727272727,0.16569273660464476,0.8307628878815312,1.9844674545084815,2.421970472839772,2.578029527160228,98.0,2.5,0.07802952716022794,0.3912303982179758,1.9844674545084815,99.0,1.0,-0.03129339557959086,-0.027338781343306924,98.0,-0.029316088461448894,0.001977307118141968,0.009913973330139818,1.9844674545084815,QuantileRegressor,"{'mode': 'original', 'type': 'QuantileRegressor'}",11,"['diameter_T2W20', 'asp_T2W20', 'z_re_T2W20', 'z_pe_T2W20', 'z_l1_T2W20', 'z_l2_T2W20', 'z_l3_T2W20', 'z_lsc_T2W20', 'z_density_T2W20', 'z_diameter_T2W20', 'z_asp_T2W20']",,,,,,,,3.4585342181766117,3.514098957988369,98.0,3.4863165880824902,0.027782369905878717,0.13929736648790278,1.9844674545084815,completed,False,COMPLETE
95,2.7956649831649836,2026-06-11 11:32:34.552158,2026-06-11 11:32:36.916045,0 days 00:00:02.363887,,,,,,,,,,,,,,0.37379620263680785,QuantileRegressor,,,,,,8,,,,,,,,False,-0.0009466070487002694,5.9487806499319634e-05,98.0,-0.00044355962110047487,0.0005030474275997945,0.0025222175833292722,1.9844674545084815,2.777693032469059,2.813636933860908,98.0,2.7956649831649836,0.017971950695924464,0.09010913795597343,1.9844674545084815,824394433015304.0,1033150867836164.5,98.0,928772650425734.2,104378217410430.31,523339472234805.4,1.9844674545084815,8.561579990668083,8.89296546387737,98.0,8.727272727272727,0.16569273660464476,0.8307628878815312,1.9844674545084815,2.421970472839772,2.578029527160228,98.0,2.5,0.07802952716022794,0.3912303982179758,1.9844674545084815,99.0,1.0,-0.03129339557959086,-0.027338781343306924,98.0,-0.029316088461448894,0.001977307118141968,0.009913973330139818,1.9844674545084815,QuantileRegressor,"{'mode': 'original', 'type': 'QuantileRegressor'}",8,"['z_pe_T2W20', 'z_l1_T2W20', 'z_l2_T2W20', 'z_l3_T2W20', 'z_lsc_T2W20', 'z_density_T2W20', 'z_diameter_T2W20', 'z_asp_T2W20']",,,,,,,,3.4585342181766117,3.514098957988369,98.0,3.4863165880824902,0.027782369905878717,0.13929736648790278,1.9844674545084815,completed,False,COMPLETE
96,2.7956649831649836,2026-06-11 11:32:36.928884,2026-06-11 11:32:39.256825,0 days 00:00:02.327941,,,,,,,,,,,,,,0.8690314038625911,QuantileRegressor,,,,,,9,,,,,,,,True,-0.0009466070487002694,5.9487806499319634e-05,98.0,-0.00044355962110047487,0.0005030474275997945,0.0025222175833292722,1.9844674545084815,2.777693032469059,2.813636933860908,98.0,2.7956649831649836,0.017971950695924464,0.09010913795597343,1.9844674545084815,824394433015304.0,1033150867836164.5,98.0,928772650425734.2,104378217410430.31,523339472234805.4,1.9844674545084815,8.561579990668083,8.89296546387737,98.0,8.727272727272727,0.16569273660464476,0.8307628878815312,1.9844674545084815,2.421970472839772,2.578029527160228,98.0,2.5,0.07802952716022794,0.3912303982179758,1.9844674545084815,99.0,1.0,-0.03129339557959086,-0.027338781343306924,98.0,-0.029316088461448894,0.001977307118141968,0.009913973330139818,1.9844674545084815,QuantileRegressor,"{'mode': 'original', 'type': 'QuantileRegressor'}",9,"['z_re_T2W20', 'z_pe_T2W20', 'z_l1_T2W20', 'z_l2_T2W20', 'z_l3_T2W20', 'z_lsc_T2W20', 'z_density_T2W20', 'z_diameter_T2W20', 'z_asp_T2W20']",,,,,,,,3.4585342181766117,3.514098957988369,98.0,3.4863165880824902,0.027782369905878717,0.13929736648790278,1.9844674545084815,completed,True,COMPLETE
97,2.8171769852868906,2026-06-11 11:32:39.269778,2026-06-11 11:32:50.401568,0 days 00:00:11.131790,,,,,,14.0,log2,4.0,4.0,183.0,,,,,ExtraTreesRegressor,,,,,,7,,,,,,,,False,-0.012349953120542257,-0.00400875527950446,98.0,-0.008179354200023359,0.004170598920518899,0.020910867153296514,1.9844674545084815,2.7962337877522327,2.8381201828215485,98.0,2.8171769852868906,0.02094319753465803,0.10500660211123666,1.9844674545084815,928655481720850.0,1163442875459841.0,98.0,1046049178590345.5,117393696869495.56,588597476442774.2,1.9844674545084815,7.9377947239763635,8.287864162729186,98.0,8.112829443352775,0.17503471937641105,0.8776024340502345,1.9844674545084815,2.487332949641155,2.5622389086223296,98.0,2.5247859291317423,0.03745297949058739,0.1877846068509917,1.9844674545084815,99.0,0.3939393939393939,0.0008551599290971918,0.013951622889655027,98.0,0.007403391409376109,0.006548231480278917,0.03283202273406576,1.9844674545084815,ExtraTreesRegressor,"{'mode': 'original', 'type': 'ExtraTreesRegressor'}",7,"['pe_T2W20', 'l2_T2W20', 'l3_T2W20', 'z_re_T2W20', 'z_pe_T2W20', 'z_l2_T2W20', 'z_l3_T2W20']",0.06202403269170522,0.11002557664900983,98.0,0.08602480467035753,0.02400077197865231,0.12033690220197853,1.9844674545084815,3.393825302799052,3.4524640383400182,98.0,3.423144670569535,0.029319367770483242,0.1470036836797863,1.9844674545084815,completed,False,COMPLETE
98,2.7956649831649836,2026-06-11 11:32:50.415413,2026-06-11 11:32:52.766648,0 days 00:00:02.351235,,,,,,,,,,,,,,2.911853699679211,QuantileRegressor,,,,,,6,,,,,,,,False,-0.0009466070487002694,5.9487806499319634e-05,98.0,-0.00044355962110047487,0.0005030474275997945,0.0025222175833292722,1.9844674545084815,2.777693032469059,2.813636933860908,98.0,2.7956649831649836,0.017971950695924464,0.09010913795597343,1.9844674545084815,824394433015304.0,1033150867836164.5,98.0,928772650425734.2,104378217410430.31,523339472234805.4,1.9844674545084815,8.561579990668083,8.89296546387737,98.0,8.727272727272727,0.16569273660464476,0.8307628878815312,1.9844674545084815,2.421970472839772,2.578029527160228,98.0,2.5,0.07802952716022794,0.3912303982179758,1.9844674545084815,99.0,1.0,-0.03129339557959086,-0.027338781343306924,98.0,-0.029316088461448894,0.001977307118141968,0.009913973330139818,1.9844674545084815,QuantileRegressor,"{'mode': 'original', 'type': 'QuantileRegressor'}",6,"['z_l2_T2W20', 'z_l3_T2W20', 'z_lsc_T2W20', 'z_density_T2W20', 'z_diameter_T2W20', 'z_asp_T2W20']",,,,,,,,3.4585342181766117,3.514098957988369,98.0,3.4863165880824902,0.027782369905878717,0.13929736648790278,1.9844674545084815,completed,False,COMPLETE
99,3.446244373344757,2026-06-11 11:32:52.779334,2026-06-11 11:32:52.912474,0 days 00:00:00.133140,8.0,3.0,9.0,,,,,,,,,,,,DecisionTreeRegressor,,,,,,21,,,,,,,,False,,,,,,,,,,,,,,,,,,,,,,,,,,,,,,,,,,,,,,,,,,,,,DecisionTreeRegressor,"{'mode': 'original', 'type': 'DecisionTreeRegressor'}",21,"['edges_T2W20', 're_T2W20', 'pe_T2W20', 'l1_T2W20', 'l2_T2W20', 'l3_T2W20', 'lcc_T2W20', 'lsc_T2W20', 'atd_T2W20', 'density_T2W20', 'diameter_T2W20', 'asp_T2W20', 'z_re_T2W20', 'z_pe_T2W20', 'z_l1_T2W20', 'z_l2_T2W20', 'z_l3_T2W20', 'z_lsc_T2W20', 'z_density_T2W20', 'z_diameter_T2W20', 'z_asp_T2W20']",,,,,,,,,,,,,,,pruned,False,PRUNED
100,2.874110192934229,2026-06-11 11:32:52.922183,2026-06-11 11:32:54.924452,0 days 00:00:02.002269,,,,,,,,,,,euclidean,8.0,distance,,KNeighborsRegressor,,,,,,12,,,,,0.0012205945242266213,0.13117745691901003,LinearSVR,,-0.039671621148542564,-0.01783907562588563,98.0,-0.028755348387214098,0.010916272761328465,0.05473284146270484,1.9844674545084815,2.8407127755342247,2.907507610334233,98.0,2.874110192934229,0.03339741740000406,0.1674505201348368,1.9844674545084815,870131848364097.5,1090978757624323.8,98.0,980555302994210.6,110423454630113.17,553649543958322.75,1.9844674545084815,8.502404634412521,8.995164932948434,98.0,8.748784783680478,0.2463801492679572,1.235319595275446,1.9844674545084815,2.3945833335928004,2.5105586005712377,98.0,2.452570967082019,0.05798763348921851,0.29074282220267544,1.9844674545084815,99.0,0.7676767676767676,-0.09662799537130237,-0.0590351422312797,98.0,-0.07783156880129104,0.01879642657001133,0.09424295801460027,1.9844674545084815,KNeighborsRegressor,"{'mode': 'proxy', 'type': 'LinearSVR'}",12,"['nodes_T2W20', 'edges_T2W20', 'l1_T2W20', 'l2_T2W20', 'l3_T2W20', 'lcc_T2W20', 'atd_T2W20', 'density_T2W20', 'diameter_T2W20', 'asp_T2W20', 'z_l3_T2W20', 'z_lsc_T2W20']",0.0729112535982263,0.12079628116609424,98.0,0.09685376738216027,0.023942513783933972,0.12004480281923702,1.9844674545084815,3.522347672590863,3.605628668474254,98.0,3.5639881705325585,0.041640497941695484,0.20878030643799603,1.9844674545084815,completed,True,COMPLETE
