number,value,datetime_start,datetime_complete,duration,params_dt_max_depth,params_dt_min_samples_leaf,params_dt_min_samples_split,params_elastic_alpha,params_elastic_l1_ratio,params_et_max_depth,params_et_max_features,params_et_min_samples_leaf,params_et_min_samples_split,params_et_n_estimators,params_knn_metric,params_knn_n_neighbors,params_knn_weights,params_quantile_alpha,params_regressor,params_rf_max_depth,params_rf_max_features,params_rf_min_samples_leaf,params_rf_min_samples_split,params_rf_n_estimators,params_rfe_n_features,params_rfe_proxy_et_max_depth,params_rfe_proxy_et_min_samples_leaf,params_rfe_proxy_et_min_samples_split,params_rfe_proxy_et_n_estimators,params_rfe_proxy_lsvr_C,params_rfe_proxy_lsvr_epsilon,params_rfe_proxy_type,params_use_scaler,params_xgb_booster,params_xgb_colsample_bytree,params_xgb_learning_rate,params_xgb_max_depth,params_xgb_n_estimators,params_xgb_reg_alpha,params_xgb_reg_lambda,params_xgb_subsample,user_attrs_d2mae_ci_lower_val,user_attrs_d2mae_ci_upper_val,user_attrs_d2mae_df_val,user_attrs_d2mae_mean_val,user_attrs_d2mae_samperror_val,user_attrs_d2mae_std_val,user_attrs_d2mae_t_critical_val,user_attrs_mae_ci_lower_val,user_attrs_mae_ci_upper_val,user_attrs_mae_df_val,user_attrs_mae_mean_val,user_attrs_mae_samperror_val,user_attrs_mae_std_val,user_attrs_mae_t_critical_val,user_attrs_mape_ci_lower_val,user_attrs_mape_ci_upper_val,user_attrs_mape_df_val,user_attrs_mape_mean_val,user_attrs_mape_samperror_val,user_attrs_mape_std_val,user_attrs_mape_t_critical_val,user_attrs_max_error_ci_lower_val,user_attrs_max_error_ci_upper_val,user_attrs_max_error_df_val,user_attrs_max_error_mean_val,user_attrs_max_error_samperror_val,user_attrs_max_error_std_val,user_attrs_max_error_t_critical_val,user_attrs_median_ae_ci_lower_val,user_attrs_median_ae_ci_upper_val,user_attrs_median_ae_df_val,user_attrs_median_ae_mean_val,user_attrs_median_ae_samperror_val,user_attrs_median_ae_std_val,user_attrs_median_ae_t_critical_val,user_attrs_n_splits_val,user_attrs_r2_below_zero_val,user_attrs_r2_ci_lower_val,user_attrs_r2_ci_upper_val,user_attrs_r2_df_val,user_attrs_r2_mean_val,user_attrs_r2_samperror_val,user_attrs_r2_std_val,user_attrs_r2_t_critical_val,user_attrs_regressor_final,user_attrs_rfe_estimator,user_attrs_rfe_n_features,user_attrs_rfe_selected_features,user_attrs_rho_ci_lower_val,user_attrs_rho_ci_upper_val,user_attrs_rho_df_val,user_attrs_rho_mean_val,user_attrs_rho_samperror_val,user_attrs_rho_std_val,user_attrs_rho_t_critical_val,user_attrs_rmse_ci_lower_val,user_attrs_rmse_ci_upper_val,user_attrs_rmse_df_val,user_attrs_rmse_mean_val,user_attrs_rmse_samperror_val,user_attrs_rmse_std_val,user_attrs_rmse_t_critical_val,user_attrs_termination_reason,user_attrs_use_scaler_final,state
263,1.7943227889098712,2026-06-13 08:43:54.152096,2026-06-13 08:44:25.969674,0 days 00:00:31.817578,,,,,,,,,,,,,,,RandomForestRegressor,16.0,sqrt,3.0,11.0,365.0,2,,,,,,,,False,,,,,,,,,-0.048279996650624664,-0.02308030905406646,98.0,-0.03568015285234556,0.012599843798279104,0.06317405841205184,1.9844674545084815,1.7666826161342064,1.821962961685536,98.0,1.7943227889098712,0.027640172775664832,0.13858440766444619,1.9844674545084815,0.26791127033511536,0.2876436169563786,98.0,0.27777744364574697,0.009866173310631592,0.049467772696864386,1.9844674545084815,5.805538485057513,6.1496211707879915,98.0,5.977579827922752,0.17204134286523912,0.8625940144544403,1.9844674545084815,1.4203347099249324,1.4966580085409558,98.0,1.458496359232944,0.0381616493080117,0.1913377896648085,1.9844674545084815,99.0,0.6060606060606061,-0.06472062683329353,-0.019070062865726628,98.0,-0.04189534484951008,0.022825281983783453,0.11444314075639853,1.9844674545084815,RandomForestRegressor,"{'mode': 'original', 'type': 'RandomForestRegressor'}",2,"['re_T6W50', 'pe_T6W50']",0.09196479943289446,0.14503698845134527,98.0,0.11850089394211986,0.02653609450922541,0.13304869579276032,1.9844674545084815,2.2455925448839595,2.323126865246916,98.0,2.284359705065438,0.03876716018147817,0.19437374629267778,1.9844674545084815,completed,False,COMPLETE
264,2.399594261947203,2026-06-13 08:44:25.983646,2026-06-13 08:44:26.194067,0 days 00:00:00.210421,12.0,1.0,3.0,,,,,,,,,,,,DecisionTreeRegressor,,,,,,4,,,,,,,,False,,,,,,,,,,,,,,,,,,,,,,,,,,,,,,,,,,,,,,,,,,,,,,,,,,,,,DecisionTreeRegressor,"{'mode': 'original', 'type': 'DecisionTreeRegressor'}",4,"['re_T6W50', 'z_pe_T6W50', 'z_l3_T6W50', 'z_density_T6W50']",,,,,,,,,,,,,,,pruned,False,PRUNED
265,1.7492241095891152,2026-06-13 08:44:26.204702,2026-06-13 08:44:44.122725,0 days 00:00:17.918023,,,,,,19.0,sqrt,3.0,10.0,326.0,,,,,ExtraTreesRegressor,,,,,,11,,,,,,,,False,,,,,,,,,-0.018299618314371494,0.0002785721778603527,98.0,-0.00901052306825557,0.009289095246115923,0.046574374656405675,1.9844674545084815,1.7230686060286036,1.775379613149627,98.0,1.7492241095891152,0.02615550356051174,0.13114045984872272,1.9844674545084815,0.26272242001697177,0.2828361757293595,98.0,0.2727792978731656,0.01005687785619385,0.050423941701311835,1.9844674545084815,5.51237374953419,5.771307483846947,98.0,5.641840616690568,0.1294668671563784,0.6491308590094975,1.9844674545084815,1.3983146834242817,1.4564450214634896,98.0,1.4273798524438857,0.029065169019603924,0.14572916258306334,1.9844674545084815,99.0,0.3333333333333333,0.0008682404855574408,0.031330544063209946,98.0,0.016099392274383693,0.015231151788826253,0.07636711122732788,1.9844674545084815,ExtraTreesRegressor,"{'mode': 'original', 'type': 'ExtraTreesRegressor'}",11,"['nodes_T6W50', 're_T6W50', 'pe_T6W50', 'l2_T6W50', 'l3_T6W50', 'lcc_T6W50', 'lsc_T6W50', 'atd_T6W50', 'z_l2_T6W50', 'z_l3_T6W50', 'z_density_T6W50']",0.1465817097220221,0.19910748180417515,98.0,0.17284459576309863,0.026262886041076506,0.13167886232483564,1.9844674545084815,2.1858192334683593,2.260293478606839,98.0,2.223056356037599,0.037237122569239785,0.18670232694528988,1.9844674545084815,completed,False,COMPLETE
266,1.7722197324441389,2026-06-13 08:44:44.135418,2026-06-13 08:44:56.980515,0 days 00:00:12.845097,,,,,,14.0,,4.0,6.0,199.0,,,,,ExtraTreesRegressor,,,,,,7,,,,,,,,True,,,,,,,,,-0.03145293811793811,-0.013184663376359792,98.0,-0.02231880074714895,0.009134137370789159,0.04579743503524644,1.9844674545084815,1.745983889130815,1.7984555757574627,98.0,1.7722197324441389,0.026235843313323893,0.1315432734326227,1.9844674545084815,0.26610327593183686,0.2865003725055691,98.0,0.276301824218703,0.01019854828686613,0.05113425971841087,1.9844674545084815,5.717196373853758,6.065656026763856,98.0,5.891426200308807,0.17422982645504853,0.8735668004944799,1.9844674545084815,1.4382979482018807,1.5108269547606217,98.0,1.4745624514812512,0.0362645032793704,0.18182573412282257,1.9844674545084815,99.0,0.48484848484848486,-0.024452974591966214,0.008823562962112565,98.0,-0.007814705814926824,0.01663826877703939,0.08342222176910367,1.9844674545084815,ExtraTreesRegressor,"{'mode': 'original', 'type': 'ExtraTreesRegressor'}",7,"['re_T6W50', 'pe_T6W50', 'l1_T6W50', 'l2_T6W50', 'l3_T6W50', 'z_l3_T6W50', 'z_lsc_T6W50']",0.12140150727467627,0.1676115471414311,98.0,0.14450652720805368,0.0231050199333774,0.11584571223669968,1.9844674545084815,2.2111667913940396,2.288401240918283,98.0,2.2497840161561613,0.03861722476212159,0.19362198864455823,1.9844674545084815,completed,True,COMPLETE
267,1.7655952589778539,2026-06-13 08:44:56.994067,2026-06-13 08:44:59.504687,0 days 00:00:02.510620,,,,,,,,,,,,,,0.018142510366534415,QuantileRegressor,,,,,,9,,,,,,,,False,,,,,,,,,-0.02662807744303925,-0.009954239207295571,98.0,-0.018291158325167412,0.00833691911787184,0.04180028131784629,1.9844674545084815,1.7394642027140454,1.7917263152416623,98.0,1.7655952589778539,0.0261310562638085,0.13101788412677937,1.9844674545084815,0.2668445148552115,0.2874960643093693,98.0,0.2771702895822904,0.010325774727078893,0.05177215735382888,1.9844674545084815,5.764359631316951,6.105603533274261,98.0,5.934981582295606,0.17062195097865487,0.8554773590904339,1.9844674545084815,1.33236546997613,1.4334396188651353,98.0,1.3829025444206327,0.05053707444450258,0.2533866406635351,1.9844674545084815,99.0,0.5858585858585859,-0.024178519604204248,0.004106505068746418,98.0,-0.010036007267728915,0.014142512336475333,0.07090880765995554,1.9844674545084815,QuantileRegressor,"{'mode': 'original', 'type': 'QuantileRegressor'}",9,"['pe_T6W50', 'l3_T6W50', 'lsc_T6W50', 'diameter_T6W50', 'z_l3_T6W50', 'z_lsc_T6W50', 'z_density_T6W50', 'z_diameter_T6W50', 'z_asp_T6W50']",0.10100510369854347,0.1557032759824474,78.0,0.12835418984049543,0.027349086141951962,0.12210078743550808,1.9908470688116906,2.2141931049830164,2.2935130822337064,98.0,2.2538530936083614,0.039659988625344915,0.1988502776820973,1.9844674545084815,completed,False,COMPLETE
268,1.7349970291146763,2026-06-13 08:44:59.517348,2026-06-13 08:45:01.920325,0 days 00:00:02.402977,,,,,,,,,,,,,,5.041035599333766,QuantileRegressor,,,,,,15,,,,,,,,False,,,,,,,,,0.0,0.0,98.0,0.0,0.0,0.0,1.9844674545084815,1.7097615267403508,1.760232531489002,98.0,1.7349970291146763,0.025235502374325525,0.1265276876901327,1.9844674545084815,0.25983396043683077,0.2806349322602259,98.0,0.27023444634852833,0.010400485911697585,0.05214674999296774,1.9844674545084815,5.70097731382373,6.036396423550007,98.0,5.8686868686868685,0.16770955486313893,0.8408749651825216,1.9844674545084815,1.033280465877702,1.1485377159404797,98.0,1.0909090909090908,0.057628625031388776,0.2889427981985323,1.9844674545084815,99.0,0.9797979797979798,-0.009845695376372022,-0.006666757700651824,98.0,-0.008256226538511923,0.0015894688378600991,0.007969400161994435,1.9844674545084815,QuantileRegressor,"{'mode': 'original', 'type': 'QuantileRegressor'}",15,"['lcc_T6W50', 'lsc_T6W50', 'atd_T6W50', 'density_T6W50', 'diameter_T6W50', 'asp_T6W50', 'z_re_T6W50', 'z_pe_T6W50', 'z_l1_T6W50', 'z_l2_T6W50', 'z_l3_T6W50', 'z_lsc_T6W50', 'z_density_T6W50', 'z_diameter_T6W50', 'z_asp_T6W50']",,,,,,,,2.2146203974868346,2.2936018858285863,98.0,2.2541111416577104,0.03949074417087585,0.1980017069201324,1.9844674545084815,completed,False,COMPLETE
269,1.7270812665974458,2026-06-13 08:45:01.933506,2026-06-13 08:45:02.054439,0 days 00:00:00.120933,,,,,,,,,,,,,,,LinearRegression,,,,,,17,,,,,,,,True,,,,,,,,,,,,,,,,,,,,,,,,,,,,,,,,,,,,,,,,,,,,,,,,,,,,,LinearRegression,"{'mode': 'original', 'type': 'LinearRegression'}",17,"['edges_T6W50', 'pe_T6W50', 'l1_T6W50', 'l2_T6W50', 'lcc_T6W50', 'lsc_T6W50', 'atd_T6W50', 'density_T6W50', 'diameter_T6W50', 'asp_T6W50', 'z_l1_T6W50', 'z_l2_T6W50', 'z_l3_T6W50', 'z_lsc_T6W50', 'z_density_T6W50', 'z_diameter_T6W50', 'z_asp_T6W50']",,,,,,,,,,,,,,,pruned,True,PRUNED
270,1.7266995234928753,2026-06-13 08:45:02.064743,2026-06-13 08:45:04.051554,0 days 00:00:01.986811,,,,,,19.0,,2.0,6.0,305.0,,,,,ExtraTreesRegressor,,,,,,14,,,,,,,,True,,,,,,,,,,,,,,,,,,,,,,,,,,,,,,,,,,,,,,,,,,,,,,,,,,,,,ExtraTreesRegressor,"{'mode': 'original', 'type': 'ExtraTreesRegressor'}",14,"['nodes_T6W50', 're_T6W50', 'pe_T6W50', 'l1_T6W50', 'l2_T6W50', 'l3_T6W50', 'lcc_T6W50', 'lsc_T6W50', 'z_pe_T6W50', 'z_l1_T6W50', 'z_l3_T6W50', 'z_lsc_T6W50', 'z_density_T6W50', 'z_diameter_T6W50']",,,,,,,,,,,,,,,pruned,True,PRUNED
271,1.7672921547248055,2026-06-13 08:45:04.061427,2026-06-13 08:45:06.622170,0 days 00:00:02.560743,,,,0.00242854552214403,0.9408801695592043,,,,,,,,,,ElasticNet,,,,,,4,,,,,,,,True,,,,,,,,,-0.027779187806409644,-0.01102150262809671,98.0,-0.019400345217253177,0.008378842589156466,0.04201048041762661,1.9844674545084815,1.7415974944866872,1.7929868149629238,98.0,1.7672921547248055,0.025694660238118262,0.12882984842894735,1.9844674545084815,0.26627438964088773,0.2863579551472472,98.0,0.27631617239406747,0.010041782753179716,0.050348256721813825,1.9844674545084815,5.784616755726132,6.0767159152909365,98.0,5.930666335508534,0.14604957978240182,0.7322745291087852,1.9844674545084815,1.3938853452026148,1.4575575845132318,98.0,1.4257214648579233,0.03183611965530852,0.1596223663496706,1.9844674545084815,99.0,0.4444444444444444,-0.014140700116446182,0.013374814168777796,98.0,-0.0003829429738341923,0.013757757142611989,0.06897969270578577,1.9844674545084815,ElasticNet,"{'mode': 'original', 'type': 'ElasticNet'}",4,"['pe_T6W50', 'z_l2_T6W50', 'z_diameter_T6W50', 'z_asp_T6W50']",0.12543830380884294,0.17332103120102535,98.0,0.14937966750493414,0.023941363696091195,0.12003903642104019,1.9844674545084815,2.205076215507707,2.2785195876390745,98.0,2.2417979015733907,0.036721686065683753,0.18411799206744003,1.9844674545084815,completed,True,COMPLETE
272,1.6818527626944721,2026-06-13 08:45:06.638632,2026-06-13 08:45:06.846245,0 days 00:00:00.207613,,,,0.02549116922605986,0.8096750362658893,,,,,,,,,,ElasticNet,,,,,,21,,,,,,,,True,,,,,,,,,,,,,,,,,,,,,,,,,,,,,,,,,,,,,,,,,,,,,,,,,,,,,ElasticNet,"{'mode': 'original', 'type': 'ElasticNet'}",21,"['edges_T6W50', 're_T6W50', 'pe_T6W50', 'l1_T6W50', 'l2_T6W50', 'l3_T6W50', 'lcc_T6W50', 'lsc_T6W50', 'atd_T6W50', 'density_T6W50', 'diameter_T6W50', 'asp_T6W50', 'z_re_T6W50', 'z_pe_T6W50', 'z_l1_T6W50', 'z_l2_T6W50', 'z_l3_T6W50', 'z_lsc_T6W50', 'z_density_T6W50', 'z_diameter_T6W50', 'z_asp_T6W50']",,,,,,,,,,,,,,,pruned,True,PRUNED
273,1.7564644257310877,2026-06-13 08:45:06.856701,2026-06-13 08:45:09.178941,0 days 00:00:02.322240,,,,0.09938153452537789,0.9024032761106747,,,,,,,,,,ElasticNet,,,,,,10,,,,,,,,True,,,,,,,,,-0.020306361723005838,-0.005444483695734911,98.0,-0.012875422709370374,0.0074309390136354635,0.03725780912997656,1.9844674545084815,1.7304275980364694,1.782501253425706,98.0,1.7564644257310877,0.02603682769461834,0.13054543373537722,1.9844674545084815,0.26576783659185804,0.28663146718230076,98.0,0.2761996518870794,0.01043181529522137,0.05230383164702885,1.9844674545084815,5.73189507894549,6.059829912076069,98.0,5.895862495510779,0.16396741656528951,0.8221123465977893,1.9844674545084815,1.423425679156787,1.4815212897823617,98.0,1.4524734844695744,0.02904780531278736,0.14564210310468878,1.9844674545084815,99.0,0.37373737373737376,-0.008703918046761532,0.014861648256627452,98.0,0.00307886510493296,0.011782783151694492,0.05907741738698017,1.9844674545084815,ElasticNet,"{'mode': 'original', 'type': 'ElasticNet'}",10,"['re_T6W50', 'pe_T6W50', 'z_pe_T6W50', 'z_l1_T6W50', 'z_l2_T6W50', 'z_l3_T6W50', 'z_lsc_T6W50', 'z_density_T6W50', 'z_diameter_T6W50', 'z_asp_T6W50']",0.11124546669759976,0.16413403880259136,98.0,0.13768975275009557,0.026444286052495807,0.13258837954590746,1.9844674545084815,2.200719014645455,2.278212423570916,98.0,2.2394657191081855,0.03874670446273075,0.1942711838489127,1.9844674545084815,completed,True,COMPLETE
274,1.7470484474309762,2026-06-13 08:45:09.194566,2026-06-13 08:45:27.729305,0 days 00:00:18.534739,,,,,,16.0,sqrt,3.0,8.0,334.0,,,,,ExtraTreesRegressor,,,,,,6,,,,,,,,False,,,,,,,,,-0.01641360790393145,0.0008450507195784523,98.0,-0.007784278592176499,0.008629329311754952,0.043266389863666044,1.9844674545084815,1.7216426819859654,1.772454212875987,98.0,1.7470484474309762,0.02540576544501083,0.12738136566781985,1.9844674545084815,0.2626947122611255,0.28288262693751764,98.0,0.2727886695993216,0.010093957338196097,0.05060985363795176,1.9844674545084815,5.597400906165226,5.880318015264636,98.0,5.738859460714931,0.14145855454970457,0.7092556964260155,1.9844674545084815,1.4261025354771435,1.4822055201723658,98.0,1.4541540278247547,0.02805149234761113,0.14064671312474916,1.9844674545084815,99.0,0.32323232323232326,0.0033366420772214175,0.030928787202590305,98.0,0.01713271463990586,0.013796072562684444,0.0691718014830446,1.9844674545084815,ExtraTreesRegressor,"{'mode': 'original', 'type': 'ExtraTreesRegressor'}",6,"['nodes_T6W50', 're_T6W50', 'pe_T6W50', 'l3_T6W50', 'lcc_T6W50', 'z_l3_T6W50']",0.1367549483536324,0.18801065401782124,98.0,0.16238280118572682,0.02562785283209442,0.12849488435811623,1.9844674545084815,2.185482595930805,2.2589122293570916,98.0,2.2221974126439483,0.03671481671314338,0.18408354998342807,1.9844674545084815,completed,False,COMPLETE
275,1.7558005025548513,2026-06-13 08:45:27.741999,2026-06-13 08:45:30.942643,0 days 00:00:03.200644,,,,,,,,,,,minkowski,14.0,distance,,KNeighborsRegressor,,,,,,19,7.0,2.0,7.0,40.0,,,ExtraTrees,,,,,,,,,,-0.022838975182374557,-0.002947662194154989,98.0,-0.012893318688264772,0.009945656494109783,0.04986629154806736,1.9844674545084815,1.729236870847216,1.7823641342624867,98.0,1.7558005025548513,0.026563631707635316,0.13318676389969109,1.9844674545084815,0.26344370201182976,0.2834893261285162,98.0,0.273466514070173,0.010022812058343194,0.05025314000426505,1.9844674545084815,5.655728726123344,5.966441095536494,98.0,5.811084910829919,0.15535618470657495,0.7789366951253118,1.9844674545084815,1.3887925738298428,1.4520397083911885,98.0,1.4204161411105156,0.031623567280672844,0.15855665503246458,1.9844674545084815,99.0,0.45454545454545453,-0.008554683061641139,0.024099271904134335,98.0,0.007772294421246597,0.016326977482887736,0.08186144572181761,1.9844674545084815,KNeighborsRegressor,"{'mode': 'proxy', 'type': 'ExtraTrees'}",19,"['nodes_T6W50', 'edges_T6W50', 're_T6W50', 'pe_T6W50', 'l1_T6W50', 'l2_T6W50', 'l3_T6W50', 'lcc_T6W50', 'lsc_T6W50', 'atd_T6W50', 'diameter_T6W50', 'z_re_T6W50', 'z_pe_T6W50', 'z_l1_T6W50', 'z_l2_T6W50', 'z_l3_T6W50', 'z_lsc_T6W50', 'z_density_T6W50', 'z_diameter_T6W50']",0.14665090866680955,0.19903216796484793,98.0,0.17284153831582874,0.026190629649019203,0.1313165777119823,1.9844674545084815,2.1942280834597576,2.2698146497035387,98.0,2.232021366581648,0.037793283121890724,0.1894908471684095,1.9844674545084815,completed,True,COMPLETE
276,1.7755656074025197,2026-06-13 08:45:30.958746,2026-06-13 08:45:31.200256,0 days 00:00:00.241510,3.0,1.0,2.0,,,,,,,,,,,,DecisionTreeRegressor,,,,,,13,,,,,,,,True,,,,,,,,,,,,,,,,,,,,,,,,,,,,,,,,,,,,,,,,,,,,,,,,,,,,,DecisionTreeRegressor,"{'mode': 'original', 'type': 'DecisionTreeRegressor'}",13,"['nodes_T6W50', 're_T6W50', 'pe_T6W50', 'l2_T6W50', 'l3_T6W50', 'lcc_T6W50', 'asp_T6W50', 'z_l2_T6W50', 'z_l3_T6W50', 'z_lsc_T6W50', 'z_density_T6W50', 'z_diameter_T6W50', 'z_asp_T6W50']",,,,,,,,,,,,,,,pruned,True,PRUNED
277,1.774441073327522,2026-06-13 08:45:31.210973,2026-06-13 08:45:34.229655,0 days 00:00:03.018682,,,,,,,,,,,,,,0.001695263503744324,QuantileRegressor,,,,,,9,,,,,,,,False,,,,,,,,,-0.036495974369424825,-0.009791263475206051,98.0,-0.023143618922315437,0.013352355447109386,0.06694705874602794,1.9844674545084815,1.7420257165713036,1.8068564300837404,98.0,1.774441073327522,0.03241535675621854,0.16252658953157348,1.9844674545084815,0.2673684981688852,0.2883579641757681,98.0,0.27786323117232664,0.010494733003441439,0.05261929325416321,1.9844674545084815,5.877210750957901,6.238263061695437,98.0,6.057736906326669,0.1805261553687679,0.905135814916002,1.9844674545084815,1.4356929650449244,1.5130262784173056,98.0,1.474359621731115,0.03866665668619053,0.19386983419792755,1.9844674545084815,99.0,0.5151515151515151,-0.04680775990396836,0.004677446117540184,98.0,-0.021065156893214088,0.025742603010754272,0.12907022756121536,1.9844674545084815,QuantileRegressor,"{'mode': 'original', 'type': 'QuantileRegressor'}",9,"['edges_T6W50', 're_T6W50', 'pe_T6W50', 'lsc_T6W50', 'z_l1_T6W50', 'z_l3_T6W50', 'z_lsc_T6W50', 'z_density_T6W50', 'z_diameter_T6W50']",0.1363344131385432,0.19042363886562388,98.0,0.16337902600208354,0.02704461286354035,0.13559834392597608,1.9844674545084815,2.218404643248582,2.3073284882205387,98.0,2.2628665657345604,0.04446192248597833,0.22292658013942598,1.9844674545084815,completed,False,COMPLETE
278,1.7441467430708322,2026-06-13 08:45:34.250632,2026-06-13 08:45:34.379177,0 days 00:00:00.128545,,,,,,,,,,,,,,,LinearRegression,,,,,,10,,,,,,,,True,,,,,,,,,,,,,,,,,,,,,,,,,,,,,,,,,,,,,,,,,,,,,,,,,,,,,LinearRegression,"{'mode': 'original', 'type': 'LinearRegression'}",10,"['edges_T6W50', 'pe_T6W50', 'l2_T6W50', 'lsc_T6W50', 'atd_T6W50', 'density_T6W50', 'diameter_T6W50', 'z_density_T6W50', 'z_diameter_T6W50', 'z_asp_T6W50']",,,,,,,,,,,,,,,pruned,True,PRUNED
279,2.0851992759259192,2026-06-13 08:45:34.388837,2026-06-13 08:45:34.588827,0 days 00:00:00.199990,9.0,1.0,6.0,,,,,,,,,,,,DecisionTreeRegressor,,,,,,5,,,,,,,,True,,,,,,,,,,,,,,,,,,,,,,,,,,,,,,,,,,,,,,,,,,,,,,,,,,,,,DecisionTreeRegressor,"{'mode': 'original', 'type': 'DecisionTreeRegressor'}",5,"['re_T6W50', 'pe_T6W50', 'l2_T6W50', 'lcc_T6W50', 'z_density_T6W50']",,,,,,,,,,,,,,,pruned,True,PRUNED
280,1.7637974815607818,2026-06-13 08:45:34.599350,2026-06-13 08:45:45.160804,0 days 00:00:10.561454,,,,,,18.0,,2.0,11.0,158.0,,,,,ExtraTreesRegressor,,,,,,5,,,,,,,,False,,,,,,,,,-0.028109304342557723,-0.007355097870819321,98.0,-0.017732201106688522,0.010377103235869201,0.05202951214841493,1.9844674545084815,1.7377438953817346,1.789851067739829,98.0,1.7637974815607818,0.026053586179047124,0.13062945870355547,1.9844674545084815,0.26494949627691117,0.285553634962841,98.0,0.27525156561987607,0.01030206934296493,0.05165330148984586,1.9844674545084815,5.589754457458743,5.9228736752326645,98.0,5.756314066345704,0.16655960888696034,0.8351092782872815,1.9844674545084815,1.4235795789452035,1.4866443611347102,98.0,1.4551119700399568,0.031532391094753406,0.15809950891325242,1.9844674545084815,99.0,0.46464646464646464,-0.01646054859517054,0.022779432054954588,98.0,0.003159441729892023,0.019619990325062564,0.0983722048211965,1.9844674545084815,ExtraTreesRegressor,"{'mode': 'original', 'type': 'ExtraTreesRegressor'}",5,"['re_T6W50', 'pe_T6W50', 'l3_T6W50', 'z_lsc_T6W50', 'z_density_T6W50']",0.146741931401462,0.19669149464243338,98.0,0.1717167130219477,0.024974781620485685,0.1252204660772297,1.9844674545084815,2.1975840167335865,2.2745467056528725,98.0,2.2360653611932295,0.03848134445964291,0.19294070161407872,1.9844674545084815,completed,False,COMPLETE
