number,value,datetime_start,datetime_complete,duration,params_dt_max_depth,params_dt_min_samples_leaf,params_dt_min_samples_split,params_elastic_alpha,params_elastic_l1_ratio,params_et_max_depth,params_et_max_features,params_et_min_samples_leaf,params_et_min_samples_split,params_et_n_estimators,params_knn_metric,params_knn_n_neighbors,params_knn_weights,params_quantile_alpha,params_regressor,params_rf_max_depth,params_rf_max_features,params_rf_min_samples_leaf,params_rf_min_samples_split,params_rf_n_estimators,params_rfe_n_features,params_rfe_proxy_et_max_depth,params_rfe_proxy_et_min_samples_leaf,params_rfe_proxy_et_min_samples_split,params_rfe_proxy_et_n_estimators,params_rfe_proxy_lsvr_C,params_rfe_proxy_lsvr_epsilon,params_rfe_proxy_type,params_use_scaler,params_xgb_booster,params_xgb_colsample_bytree,params_xgb_learning_rate,params_xgb_max_depth,params_xgb_n_estimators,params_xgb_reg_alpha,params_xgb_reg_lambda,params_xgb_subsample,user_attrs_d2mae_ci_lower_val,user_attrs_d2mae_ci_upper_val,user_attrs_d2mae_df_val,user_attrs_d2mae_mean_val,user_attrs_d2mae_samperror_val,user_attrs_d2mae_std_val,user_attrs_d2mae_t_critical_val,user_attrs_mae_ci_lower_val,user_attrs_mae_ci_upper_val,user_attrs_mae_df_val,user_attrs_mae_mean_val,user_attrs_mae_samperror_val,user_attrs_mae_std_val,user_attrs_mae_t_critical_val,user_attrs_mape_ci_lower_val,user_attrs_mape_ci_upper_val,user_attrs_mape_df_val,user_attrs_mape_mean_val,user_attrs_mape_samperror_val,user_attrs_mape_std_val,user_attrs_mape_t_critical_val,user_attrs_max_error_ci_lower_val,user_attrs_max_error_ci_upper_val,user_attrs_max_error_df_val,user_attrs_max_error_mean_val,user_attrs_max_error_samperror_val,user_attrs_max_error_std_val,user_attrs_max_error_t_critical_val,user_attrs_median_ae_ci_lower_val,user_attrs_median_ae_ci_upper_val,user_attrs_median_ae_df_val,user_attrs_median_ae_mean_val,user_attrs_median_ae_samperror_val,user_attrs_median_ae_std_val,user_attrs_median_ae_t_critical_val,user_attrs_n_splits_val,user_attrs_r2_below_zero_val,user_attrs_r2_ci_lower_val,user_attrs_r2_ci_upper_val,user_attrs_r2_df_val,user_attrs_r2_mean_val,user_attrs_r2_samperror_val,user_attrs_r2_std_val,user_attrs_r2_t_critical_val,user_attrs_regressor_final,user_attrs_rfe_estimator,user_attrs_rfe_n_features,user_attrs_rfe_selected_features,user_attrs_rho_ci_lower_val,user_attrs_rho_ci_upper_val,user_attrs_rho_df_val,user_attrs_rho_mean_val,user_attrs_rho_samperror_val,user_attrs_rho_std_val,user_attrs_rho_t_critical_val,user_attrs_rmse_ci_lower_val,user_attrs_rmse_ci_upper_val,user_attrs_rmse_df_val,user_attrs_rmse_mean_val,user_attrs_rmse_samperror_val,user_attrs_rmse_std_val,user_attrs_rmse_t_critical_val,user_attrs_termination_reason,user_attrs_use_scaler_final,state
36,2.4030581783820693,2026-06-13 08:20:42.726779,2026-06-13 08:20:44.568935,0 days 00:00:01.842156,16.0,2.0,5.0,,,,,,,,,,,,DecisionTreeRegressor,,,,,,9,,,,,,,,False,,,,,,,,,-0.4171446870116561,-0.3603867697439753,98.0,-0.3887657283778157,0.028378958633840407,0.14228858858173313,1.9844674545084815,2.3547277697020568,2.4513885870620817,98.0,2.4030581783820693,0.04833040868001266,0.2423226914484821,1.9844674545084815,0.344911836891457,0.36743534622919694,98.0,0.35617359156032696,0.01126175466886996,0.05646504501671353,1.9844674545084815,7.507399561530305,8.068358014227272,98.0,7.787878787878788,0.2804792263484828,1.4062881502647075,1.9844674545084815,1.9167522967724424,2.041160161140015,98.0,1.9789562289562288,0.06220393218378638,0.3118828223707464,1.9844674545084815,99.0,1.0,-0.9303335065072228,-0.7747019602119293,98.0,-0.852517733359576,0.07781577314764676,0.3901586620367337,1.9844674545084815,DecisionTreeRegressor,"{'mode': 'original', 'type': 'DecisionTreeRegressor'}",9,"['nodes_T6W50', 're_T6W50', 'pe_T6W50', 'l2_T6W50', 'l3_T6W50', 'lsc_T6W50', 'z_pe_T6W50', 'z_l3_T6W50', 'z_density_T6W50']",0.02191830833507246,0.07674084338747958,98.0,0.049329575861276016,0.027411267526203556,0.13743670505544503,1.9844674545084815,2.969455190207591,3.0796148167988626,98.0,3.024535003503227,0.055079813295635764,0.27616337140137026,1.9844674545084815,completed,False,COMPLETE
37,1.7317532739795953,2026-06-13 08:20:44.582348,2026-06-13 08:21:00.510727,0 days 00:00:15.928379,,,,,,4.0,,3.0,6.0,289.0,,,,,ExtraTreesRegressor,,,,,,2,,,,,,,,True,,,,,,,,,-0.0069730791491017475,0.009148639040724701,98.0,0.0010877799458114772,0.008060859094913225,0.04041615050679592,1.9844674545084815,1.7067889423909162,1.7567176055682745,98.0,1.7317532739795953,0.024964331588679094,0.12516807091024776,1.9844674545084815,0.2606452958129191,0.2810307498388653,98.0,0.2708380228258922,0.010192727012973083,0.05110507257110654,1.9844674545084815,5.67153178667748,6.009615298024968,98.0,5.840573542351224,0.16904175567374444,0.8475544552756663,1.9844674545084815,1.406964798732238,1.4668758338061005,98.0,1.4369203162691693,0.029955517536931195,0.15019325992753987,1.9844674545084815,99.0,0.29292929292929293,0.013258397042088789,0.041155840893193414,98.0,0.0272071189676411,0.013948721925552313,0.06993716650825979,1.9844674545084815,ExtraTreesRegressor,"{'mode': 'original', 'type': 'ExtraTreesRegressor'}",2,"['re_T6W50', 'l3_T6W50']",0.15592975427906033,0.2074992928568675,98.0,0.18171452356796391,0.025784769288903584,0.12928164406458403,1.9844674545084815,2.173791463481846,2.2479801674459243,98.0,2.210885815463885,0.03709435198203931,0.18598649287942967,1.9844674545084815,completed,True,COMPLETE
38,1.7873885830910181,2026-06-13 08:21:00.534665,2026-06-13 08:21:20.455575,0 days 00:00:19.920910,,,,,,13.0,,3.0,10.0,292.0,,,,,ExtraTreesRegressor,,,,,,15,,,,,,,,True,,,,,,,,,-0.04254219943869352,-0.020240937138350866,98.0,-0.031391568288522194,0.01115063115017133,0.05590788543810203,1.9844674545084815,1.7604928173058152,1.814284348876221,98.0,1.7873885830910181,0.026895765785202898,0.13485204308511664,1.9844674545084815,0.2671266971825158,0.2870423210780447,98.0,0.27708450913028027,0.009957811947764482,0.04992723748926321,1.9844674545084815,5.582858150727431,5.825516559258264,98.0,5.704187354992848,0.12132920426541642,0.6083296237686739,1.9844674545084815,1.4505776143283047,1.5235015870631559,98.0,1.4870396006957303,0.03646198636742562,0.18281588990093603,1.9844674545084815,99.0,0.5454545454545454,-0.039970444543875494,-0.0010484900157710954,98.0,-0.020509467279823293,0.019460977264052198,0.09757493300057918,1.9844674545084815,ExtraTreesRegressor,"{'mode': 'original', 'type': 'ExtraTreesRegressor'}",15,"['nodes_T6W50', 're_T6W50', 'pe_T6W50', 'l1_T6W50', 'l2_T6W50', 'l3_T6W50', 'lcc_T6W50', 'lsc_T6W50', 'atd_T6W50', 'z_l1_T6W50', 'z_l3_T6W50', 'z_lsc_T6W50', 'z_density_T6W50', 'z_diameter_T6W50', 'z_asp_T6W50']",0.12168803798123075,0.16866091262463384,98.0,0.1451744753029323,0.02348643732170154,0.11775809184672727,1.9844674545084815,2.2253622873008396,2.2984252072856783,98.0,2.261893747293259,0.03653145999241938,0.18316422206391506,1.9844674545084815,completed,True,COMPLETE
39,1.743756846773703,2026-06-13 08:21:20.467919,2026-06-13 08:21:23.870843,0 days 00:00:03.402924,,,,,,,,,,,,,,0.0026636419343091617,QuantileRegressor,,,,,,5,,,,,,,,False,,,,,,,,,-0.014872881897879454,0.0041082361260601444,98.0,-0.005382322885909655,0.0094905590119698,0.047584489060657494,1.9844674545084815,1.7154284660532544,1.7720852274941516,98.0,1.743756846773703,0.028328380720448736,0.14203499717963958,1.9844674545084815,0.2690534654799457,0.2902989132477066,98.0,0.27967618936382616,0.010622723883880478,0.053261023698327144,1.9844674545084815,5.837620315686434,6.1857425034447315,98.0,6.011681409565583,0.17406109387914934,0.8727207962283533,1.9844674545084815,1.3283777191514425,1.4104591024449893,98.0,1.369418410798216,0.041040691646773465,0.2057729518613865,1.9844674545084815,99.0,0.5151515151515151,-0.018388145728762753,0.012284773071975275,98.0,-0.0030516863283937385,0.015336459400369014,0.07689511056679149,1.9844674545084815,QuantileRegressor,"{'mode': 'original', 'type': 'QuantileRegressor'}",5,"['nodes_T6W50', 'pe_T6W50', 'diameter_T6W50', 'z_l2_T6W50', 'z_l3_T6W50']",0.1182976968975238,0.1694477693038846,90.0,0.1438727331007042,0.025575036203180402,0.12280335360430439,1.9866745407037683,2.204782994712703,2.2880000746748212,98.0,2.246391534693762,0.04160853998105927,0.20862007317603784,1.9844674545084815,completed,False,COMPLETE
40,1.7545691909245682,2026-06-13 08:21:23.890489,2026-06-13 08:21:34.465840,0 days 00:00:10.575351,,,,,,5.0,log2,5.0,9.0,166.0,,,,,ExtraTreesRegressor,,,,,,18,,,,,,,,True,,,,,,,,,-0.01878470505220231,-0.005100389519215232,98.0,-0.01194254728570877,0.0068421577664935385,0.034305732779320135,1.9844674545084815,1.7297654841137535,1.7793728977353829,98.0,1.7545691909245682,0.024803706810814764,0.12436271814066738,1.9844674545084815,0.26448269601805924,0.2848776756564157,98.0,0.27468018583723747,0.010197489819178215,0.05112895269233863,1.9844674545084815,5.643677707105751,5.923239370218025,98.0,5.783458538661888,0.13978083155613674,0.7008438008428837,1.9844674545084815,1.4135413021773604,1.458600754873685,98.0,1.4360710285255227,0.0225297263481623,0.11296126135474341,1.9844674545084815,99.0,0.31313131313131315,-0.0010667583705974166,0.02131577919902882,98.0,0.010124510414215703,0.01119126878481312,0.05611163751199192,1.9844674545084815,ExtraTreesRegressor,"{'mode': 'original', 'type': 'ExtraTreesRegressor'}",18,"['nodes_T6W50', 're_T6W50', 'pe_T6W50', 'l1_T6W50', 'l2_T6W50', 'l3_T6W50', 'lcc_T6W50', 'lsc_T6W50', 'atd_T6W50', 'density_T6W50', 'asp_T6W50', 'z_re_T6W50', 'z_pe_T6W50', 'z_l2_T6W50', 'z_l3_T6W50', 'z_lsc_T6W50', 'z_density_T6W50', 'z_diameter_T6W50']",0.11540614505875234,0.16667565806857482,98.0,0.14104090156366358,0.025634756504911243,0.12852949851974949,1.9844674545084815,2.1940580241326053,2.26790592168053,98.0,2.2309819729065676,0.03692394877396233,0.18513211227019333,1.9844674545084815,completed,True,COMPLETE
41,2.24956648417569,2026-06-13 08:21:34.483716,2026-06-13 08:21:36.579311,0 days 00:00:02.095595,11.0,1.0,12.0,,,,,,,,,,,,DecisionTreeRegressor,,,,,,9,,,,,,,,True,,,,,,,,,-0.3269695096481242,-0.2738562133895107,98.0,-0.30041286151881746,0.02655664812930675,0.13315174910170494,1.9844674545084815,2.205326345245475,2.2938066231059047,98.0,2.24956648417569,0.044240138930214785,0.22181458482178942,1.9844674545084815,0.32480254160611827,0.34694862435670043,98.0,0.33587558298140935,0.011073041375291063,0.055518859903425685,1.9844674545084815,7.086256017527376,7.662504791165592,98.0,7.374380404346484,0.28812438681910846,1.4446200392843775,1.9844674545084815,1.7862736159098878,1.8950894043727298,98.0,1.8406815101413088,0.05440789423142108,0.2727944523186855,1.9844674545084815,99.0,0.98989898989899,-0.7089674979199267,-0.5727385475323998,98.0,-0.6408530227261633,0.06811447519376343,0.34151755398624734,1.9844674545084815,DecisionTreeRegressor,"{'mode': 'original', 'type': 'DecisionTreeRegressor'}",9,"['nodes_T6W50', 're_T6W50', 'pe_T6W50', 'l2_T6W50', 'l3_T6W50', 'lsc_T6W50', 'z_pe_T6W50', 'z_l3_T6W50', 'z_density_T6W50']",0.032934686790167804,0.08944556452801883,98.0,0.06119012565909331,0.02825543886892551,0.1416692757578041,1.9844674545084815,2.793989150132417,2.9026731569261215,98.0,2.8483311535292692,0.054342003396852266,0.27246408382376514,1.9844674545084815,completed,True,COMPLETE
42,1.7735788404929296,2026-06-13 08:21:36.591323,2026-06-13 08:21:38.966859,0 days 00:00:02.375536,,,,,,,,,,,,,,0.011460526527150103,QuantileRegressor,,,,,,9,,,,,,,,True,,,,,,,,,-0.03255981100143091,-0.013494312625021784,98.0,-0.02302706181322635,0.009532749188204565,0.04779602538607082,1.9844674545084815,1.7468331366053595,1.8003245443804996,98.0,1.7735788404929296,0.02674570388757,0.1340996512905629,1.9844674545084815,0.2687317233208825,0.28939806057044476,98.0,0.27906489194566364,0.01033316862478112,0.05180922944240485,1.9844674545084815,5.797643598358805,6.147230979456991,98.0,5.972437288907898,0.1747936905490926,0.8763939453213438,1.9844674545084815,1.4284144768859195,1.506388444870588,98.0,1.4674014608782537,0.03898698399233419,0.19547591569173614,1.9844674545084815,99.0,0.494949494949495,-0.029792995747378585,0.002895093312886234,98.0,-0.013448951217246175,0.01634404453013241,0.08194701778579062,1.9844674545084815,QuantileRegressor,"{'mode': 'original', 'type': 'QuantileRegressor'}",9,"['re_T6W50', 'pe_T6W50', 'l3_T6W50', 'lsc_T6W50', 'diameter_T6W50', 'z_l2_T6W50', 'z_l3_T6W50', 'z_diameter_T6W50', 'z_asp_T6W50']",0.09263666233372606,0.14077942252187386,94.0,0.11670804242779996,0.02407138009407391,0.11816470479547699,1.985523441866604,2.2170482265906015,2.2967122094051433,98.0,2.2568802179978724,0.03983199140727083,0.1997126783567713,1.9844674545084815,completed,True,COMPLETE
43,1.7349970291146763,2026-06-13 08:21:38.978965,2026-06-13 08:21:41.198160,0 days 00:00:02.219195,,,,,,,,,,,,,,1.6186162039332974,QuantileRegressor,,,,,,4,,,,,,,,True,,,,,,,,,0.0,0.0,98.0,0.0,0.0,0.0,1.9844674545084815,1.7097615267403508,1.760232531489002,98.0,1.7349970291146763,0.025235502374325525,0.1265276876901327,1.9844674545084815,0.25983396043683077,0.2806349322602259,98.0,0.27023444634852833,0.010400485911697585,0.05214674999296774,1.9844674545084815,5.70097731382373,6.036396423550007,98.0,5.8686868686868685,0.16770955486313893,0.8408749651825216,1.9844674545084815,1.033280465877702,1.1485377159404797,98.0,1.0909090909090908,0.057628625031388776,0.2889427981985323,1.9844674545084815,99.0,0.9797979797979798,-0.009845695376372022,-0.006666757700651824,98.0,-0.008256226538511923,0.0015894688378600991,0.007969400161994435,1.9844674545084815,QuantileRegressor,"{'mode': 'original', 'type': 'QuantileRegressor'}",4,"['z_lsc_T6W50', 'z_density_T6W50', 'z_diameter_T6W50', 'z_asp_T6W50']",,,,,,,,2.2146203974868346,2.2936018858285863,98.0,2.2541111416577104,0.03949074417087585,0.1980017069201324,1.9844674545084815,completed,True,COMPLETE
44,1.746856628245749,2026-06-13 08:21:41.237997,2026-06-13 08:22:04.736925,0 days 00:00:23.498928,,,,,,10.0,log2,3.0,6.0,418.0,,,,,ExtraTreesRegressor,,,,,,6,,,,,,,,True,,,,,,,,,-0.0162832322243073,0.0010021300669596578,98.0,-0.007640551078673821,0.008642681145633479,0.04333333430733171,1.9844674545084815,1.7212843287405977,1.7724289277509002,98.0,1.746856628245749,0.02557229950515125,0.12821634684785194,1.9844674545084815,0.26266303801753654,0.28288106705652993,98.0,0.27277205253703324,0.010109014519496709,0.05068534848266846,1.9844674545084815,5.592390963358784,5.876009322456222,98.0,5.734200142907503,0.14180917954871924,0.7110136868045553,1.9844674545084815,1.4243937076169613,1.4820124618122446,98.0,1.453203084714603,0.02880937709764166,0.14444665352357944,1.9844674545084815,99.0,0.32323232323232326,0.0048677666531715645,0.03222903944683729,98.0,0.018548403050004426,0.013680636396832861,0.0685930188250114,1.9844674545084815,ExtraTreesRegressor,"{'mode': 'original', 'type': 'ExtraTreesRegressor'}",6,"['nodes_T6W50', 're_T6W50', 'pe_T6W50', 'l3_T6W50', 'lcc_T6W50', 'z_l3_T6W50']",0.1385809905272304,0.18962030837209523,98.0,0.16410064944966282,0.025519658922432405,0.12795241347687006,1.9844674545084815,2.1837815034088908,2.2576701509646857,98.0,2.2207258271867882,0.036944323777897616,0.1852342700198735,1.9844674545084815,completed,True,COMPLETE
45,2.258631681064487,2026-06-13 08:22:04.758269,2026-06-13 08:22:06.541941,0 days 00:00:01.783672,17.0,3.0,13.0,,,,,,,,,,,,DecisionTreeRegressor,,,,,,20,,,,,,,,True,,,,,,,,,-0.3308250997012747,-0.28101160305165707,98.0,-0.3059183513764659,0.02490674832480881,0.12487935554730058,1.9844674545084815,2.2182169672593526,2.299046394869621,98.0,2.258631681064487,0.04041471380513428,0.20263437638652504,1.9844674545084815,0.32561908404955414,0.3484617537659848,98.0,0.3370404189077695,0.011421334858215311,0.05726516034865808,1.9844674545084815,6.843208506925486,7.327007360260075,98.0,7.085107933592781,0.24189942666729417,1.2128538063470826,1.9844674545084815,1.8650242775227752,1.9685320651244764,98.0,1.9167781713236258,0.051753893800850694,0.25948762241581286,1.9844674545084815,99.0,1.0,-0.6794843297274156,-0.5507480568784859,98.0,-0.6151161933029508,0.06436813642446484,0.32273387475719784,1.9844674545084815,DecisionTreeRegressor,"{'mode': 'original', 'type': 'DecisionTreeRegressor'}",20,"['re_T6W50', 'pe_T6W50', 'l1_T6W50', 'l2_T6W50', 'l3_T6W50', 'lcc_T6W50', 'lsc_T6W50', 'atd_T6W50', 'density_T6W50', 'diameter_T6W50', 'asp_T6W50', 'z_re_T6W50', 'z_pe_T6W50', 'z_l1_T6W50', 'z_l2_T6W50', 'z_l3_T6W50', 'z_lsc_T6W50', 'z_density_T6W50', 'z_diameter_T6W50', 'z_asp_T6W50']",0.02265517091382002,0.0777736416603492,98.0,0.05021440628708461,0.02755923537326459,0.1381785975394309,1.9844674545084815,2.7765652772912888,2.87311457267081,98.0,2.8248399249810494,0.04827464768976058,0.24204311274007143,1.9844674545084815,completed,True,COMPLETE
46,1.8461203284540282,2026-06-13 08:22:06.554131,2026-06-13 08:22:08.429050,0 days 00:00:01.874919,,,,,,,,,,,,,,,LinearRegression,,,,,,19,,,,,,,,True,,,,,,,,,-0.08244502233585417,-0.04809931451976911,98.0,-0.06527216842781164,0.017172853908042532,0.08610256549660443,1.9844674545084815,1.8108495820603803,1.881391074847676,98.0,1.8461203284540282,0.035270746393647884,0.17684316000911907,1.9844674545084815,0.2763764503004214,0.2977916731205051,98.0,0.28708406171046325,0.010707611410041819,0.05368663925531551,1.9844674545084815,6.347885118802228,6.962903184641357,98.0,6.655394151721793,0.3075090329195647,1.5418122572715907,1.9844674545084815,1.429522655984179,1.5036594850517542,98.0,1.4665910705179666,0.03706841453378768,0.18585644572192983,1.9844674545084815,99.0,0.7373737373737373,-0.19811350273974948,-0.10197537257991669,98.0,-0.15004443765983308,0.04806906507991639,0.24101234696148507,1.9844674545084815,LinearRegression,"{'mode': 'original', 'type': 'LinearRegression'}",19,"['nodes_T6W50', 'edges_T6W50', 'pe_T6W50', 'l1_T6W50', 'l2_T6W50', 'lcc_T6W50', 'lsc_T6W50', 'atd_T6W50', 'density_T6W50', 'diameter_T6W50', 'asp_T6W50', 'z_re_T6W50', 'z_l1_T6W50', 'z_l2_T6W50', 'z_l3_T6W50', 'z_lsc_T6W50', 'z_density_T6W50', 'z_diameter_T6W50', 'z_asp_T6W50']",0.11169116381895673,0.16096825027266382,98.0,0.13632970704581027,0.024638543226853535,0.1235346083586925,1.9844674545084815,2.337868755725154,2.4455123945535933,98.0,2.3916905751393736,0.05382181941421977,0.26985594567301063,1.9844674545084815,completed,True,COMPLETE
47,1.747491811593271,2026-06-13 08:22:08.441319,2026-06-13 08:22:10.284164,0 days 00:00:01.842845,,,,0.2949458041415269,0.5427244433475962,,,,,,,,,,ElasticNet,,,,,,7,,,,,,,,True,,,,,,,,,-0.01305566800778611,-0.0023060027821919776,98.0,-0.007680835394989044,0.005374832612797066,0.026948745942566295,1.9844674545084815,1.722885091660665,1.7720985315258768,98.0,1.747491811593271,0.024606719932605842,0.12337505029735032,1.9844674545084815,0.2645864850437166,0.2854723667459407,98.0,0.27502942589482865,0.010442940851112005,0.05235961380821703,1.9844674545084815,5.7129995376165725,6.024459606653669,98.0,5.868729572135121,0.15573003451854847,0.7808111318435016,1.9844674545084815,1.3818840120746096,1.4340905122265517,98.0,1.4079872621505807,0.02610325007597114,0.13087846734012892,1.9844674545084815,99.0,0.32323232323232326,0.0010259756515759704,0.01750183033342069,98.0,0.009263902992498331,0.00823792734092236,0.04130394879186899,1.9844674545084815,ElasticNet,"{'mode': 'original', 'type': 'ElasticNet'}",7,"['re_T6W50', 'pe_T6W50', 'l3_T6W50', 'z_l2_T6W50', 'z_l3_T6W50', 'z_diameter_T6W50', 'z_asp_T6W50']",0.12357223684746804,0.17621416157987235,98.0,0.1498931992136702,0.026320962366202162,0.13197004983593372,1.9844674545084815,2.195021928463397,2.2714122624562285,98.0,2.2332170954598127,0.03819516699641589,0.19150584320888278,1.9844674545084815,completed,True,COMPLETE
48,2.262822770276497,2026-06-13 08:22:10.296653,2026-06-13 08:22:12.103404,0 days 00:00:01.806751,13.0,5.0,2.0,,,,,,,,,,,,DecisionTreeRegressor,,,,,,21,,,,,,,,True,,,,,,,,,-0.3310586389035003,-0.2833360745879314,98.0,-0.30719735674571585,0.023861282157784432,0.11963751749273335,1.9844674545084815,2.2196066902665015,2.306038850286493,98.0,2.262822770276497,0.04321608000999559,0.21668008005498066,1.9844674545084815,0.3264160119026389,0.34987407843678864,98.0,0.3381450451697138,0.011729033267074878,0.05880792211347016,1.9844674545084815,6.842220203722832,7.303979892477265,98.0,7.0731000481000486,0.23087984437721684,1.1576029836849129,1.9844674545084815,1.8619440203184108,1.9729373750893004,98.0,1.9174406977038556,0.05549667738544487,0.2782534763884721,1.9844674545084815,99.0,1.0,-0.6610174326744954,-0.5493111094473341,98.0,-0.6051642710609147,0.05585316161358071,0.28004084421713554,1.9844674545084815,DecisionTreeRegressor,"{'mode': 'original', 'type': 'DecisionTreeRegressor'}",21,"['edges_T6W50', 're_T6W50', 'pe_T6W50', 'l1_T6W50', 'l2_T6W50', 'l3_T6W50', 'lcc_T6W50', 'lsc_T6W50', 'atd_T6W50', 'density_T6W50', 'diameter_T6W50', 'asp_T6W50', 'z_re_T6W50', 'z_pe_T6W50', 'z_l1_T6W50', 'z_l2_T6W50', 'z_l3_T6W50', 'z_lsc_T6W50', 'z_density_T6W50', 'z_diameter_T6W50', 'z_asp_T6W50']",0.019218551066453118,0.07326977945012025,98.0,0.04624416525828669,0.02702561419183357,0.1355030869358601,1.9844674545084815,2.7724951243706957,2.874100290099569,98.0,2.8232977072351324,0.05080258286443687,0.2547178670420805,1.9844674545084815,completed,True,COMPLETE
