number,value,datetime_start,datetime_complete,duration,params_dt_max_depth,params_dt_min_samples_leaf,params_dt_min_samples_split,params_elastic_alpha,params_elastic_l1_ratio,params_et_max_depth,params_et_max_features,params_et_min_samples_leaf,params_et_min_samples_split,params_et_n_estimators,params_knn_metric,params_knn_n_neighbors,params_knn_weights,params_quantile_alpha,params_regressor,params_rf_max_depth,params_rf_max_features,params_rf_min_samples_leaf,params_rf_min_samples_split,params_rf_n_estimators,params_rfe_n_features,params_rfe_proxy_et_max_depth,params_rfe_proxy_et_min_samples_leaf,params_rfe_proxy_et_min_samples_split,params_rfe_proxy_et_n_estimators,params_rfe_proxy_lsvr_C,params_rfe_proxy_lsvr_epsilon,params_rfe_proxy_type,params_use_scaler,params_xgb_booster,params_xgb_colsample_bytree,params_xgb_learning_rate,params_xgb_max_depth,params_xgb_n_estimators,params_xgb_reg_alpha,params_xgb_reg_lambda,params_xgb_subsample,user_attrs_d2mae_ci_lower_val,user_attrs_d2mae_ci_upper_val,user_attrs_d2mae_df_val,user_attrs_d2mae_mean_val,user_attrs_d2mae_samperror_val,user_attrs_d2mae_std_val,user_attrs_d2mae_t_critical_val,user_attrs_mae_ci_lower_val,user_attrs_mae_ci_upper_val,user_attrs_mae_df_val,user_attrs_mae_mean_val,user_attrs_mae_samperror_val,user_attrs_mae_std_val,user_attrs_mae_t_critical_val,user_attrs_mape_ci_lower_val,user_attrs_mape_ci_upper_val,user_attrs_mape_df_val,user_attrs_mape_mean_val,user_attrs_mape_samperror_val,user_attrs_mape_std_val,user_attrs_mape_t_critical_val,user_attrs_max_error_ci_lower_val,user_attrs_max_error_ci_upper_val,user_attrs_max_error_df_val,user_attrs_max_error_mean_val,user_attrs_max_error_samperror_val,user_attrs_max_error_std_val,user_attrs_max_error_t_critical_val,user_attrs_median_ae_ci_lower_val,user_attrs_median_ae_ci_upper_val,user_attrs_median_ae_df_val,user_attrs_median_ae_mean_val,user_attrs_median_ae_samperror_val,user_attrs_median_ae_std_val,user_attrs_median_ae_t_critical_val,user_attrs_n_splits_val,user_attrs_r2_below_zero_val,user_attrs_r2_ci_lower_val,user_attrs_r2_ci_upper_val,user_attrs_r2_df_val,user_attrs_r2_mean_val,user_attrs_r2_samperror_val,user_attrs_r2_std_val,user_attrs_r2_t_critical_val,user_attrs_regressor_final,user_attrs_rfe_estimator,user_attrs_rfe_n_features,user_attrs_rfe_selected_features,user_attrs_rho_ci_lower_val,user_attrs_rho_ci_upper_val,user_attrs_rho_df_val,user_attrs_rho_mean_val,user_attrs_rho_samperror_val,user_attrs_rho_std_val,user_attrs_rho_t_critical_val,user_attrs_rmse_ci_lower_val,user_attrs_rmse_ci_upper_val,user_attrs_rmse_df_val,user_attrs_rmse_mean_val,user_attrs_rmse_samperror_val,user_attrs_rmse_std_val,user_attrs_rmse_t_critical_val,user_attrs_termination_reason,user_attrs_use_scaler_final,state
159,1.7681904058265716,2026-06-13 08:32:02.723877,2026-06-13 08:32:26.471887,0 days 00:00:23.748010,,,,,,18.0,sqrt,1.0,8.0,395.0,,,,,ExtraTreesRegressor,,,,,,10,,,,,,,,True,,,,,,,,,-0.03115911851291693,-0.009672132123858437,98.0,-0.020415625318387684,0.010743493194529247,0.05386654608475153,1.9844674545084815,1.74230924930601,1.7940715623471333,98.0,1.7681904058265716,0.025881156520561763,0.12976491772260998,1.9844674545084815,0.2639224247647164,0.283479693199721,98.0,0.2737010589822187,0.00977863421750233,0.04902886251105388,1.9844674545084815,5.505976784578664,5.766571441000115,98.0,5.63627411278939,0.13029732821072573,0.6532946880216824,1.9844674545084815,1.4344196788805972,1.5016893184090603,98.0,1.4680544986448287,0.033634819764231445,0.16864082622632245,1.9844674545084815,99.0,0.45454545454545453,-0.02085956746059153,0.01703332924174206,98.0,-0.001913119109424736,0.018946448351166795,0.0949951486700979,1.9844674545084815,ExtraTreesRegressor,"{'mode': 'original', 'type': 'ExtraTreesRegressor'}",10,"['re_T6W50', 'pe_T6W50', 'l2_T6W50', 'l3_T6W50', 'lcc_T6W50', 'lsc_T6W50', 'atd_T6W50', 'z_l1_T6W50', 'z_l3_T6W50', 'z_lsc_T6W50']",0.1386686854180098,0.18814253948869003,98.0,0.16340561245334992,0.024736927035340108,0.12402789260599242,1.9844674545084815,2.204995247906935,2.2775290786091253,98.0,2.24126216325803,0.036266915351095066,0.18183782795211667,1.9844674545084815,completed,True,COMPLETE
160,2.1180210639034174,2026-06-13 08:32:26.485450,2026-06-13 08:32:26.625348,0 days 00:00:00.139898,11.0,4.0,17.0,,,,,,,,,,,,DecisionTreeRegressor,,,,,,3,,,,,,,,True,,,,,,,,,,,,,,,,,,,,,,,,,,,,,,,,,,,,,,,,,,,,,,,,,,,,,DecisionTreeRegressor,"{'mode': 'original', 'type': 'DecisionTreeRegressor'}",3,"['re_T6W50', 'l3_T6W50', 'z_density_T6W50']",,,,,,,,,,,,,,,pruned,True,PRUNED
161,2.3289511360099597,2026-06-13 08:32:26.635263,2026-06-13 08:32:26.789188,0 days 00:00:00.153925,11.0,4.0,6.0,,,,,,,,,,,,DecisionTreeRegressor,,,,,,22,,,,,,,,True,,,,,,,,,,,,,,,,,,,,,,,,,,,,,,,,,,,,,,,,,,,,,,,,,,,,,DecisionTreeRegressor,"{'mode': 'original', 'type': 'DecisionTreeRegressor'}",22,"['nodes_T6W50', 'edges_T6W50', 're_T6W50', 'pe_T6W50', 'l1_T6W50', 'l2_T6W50', 'l3_T6W50', 'lcc_T6W50', 'lsc_T6W50', 'atd_T6W50', 'density_T6W50', 'diameter_T6W50', 'asp_T6W50', 'z_re_T6W50', 'z_pe_T6W50', 'z_l1_T6W50', 'z_l2_T6W50', 'z_l3_T6W50', 'z_lsc_T6W50', 'z_density_T6W50', 'z_diameter_T6W50', 'z_asp_T6W50']",,,,,,,,,,,,,,,pruned,True,PRUNED
162,1.7375090923861205,2026-06-13 08:32:26.798821,2026-06-13 08:32:45.882675,0 days 00:00:19.083854,,,,,,6.0,sqrt,5.0,9.0,357.0,,,,,ExtraTreesRegressor,,,,,,5,,,,,,,,True,,,,,,,,,-0.008470247646238504,0.004405369162582263,98.0,-0.002032439241828121,0.006437808404410383,0.032278375089171155,1.9844674545084815,1.7128399648162935,1.7621782199559475,98.0,1.7375090923861205,0.02466912756982708,0.1236879544715839,1.9844674545084815,0.2622468831401233,0.28276274914080374,98.0,0.2725048161404635,0.010257933000340249,0.051432007326862116,1.9844674545084815,5.650333721287823,5.965592490300174,98.0,5.807963105793998,0.15762938450617528,0.7903342377632475,1.9844674545084815,1.4089390917222089,1.4589744061039853,98.0,1.433956748913097,0.025017657190888252,0.12543543888422845,1.9844674545084815,99.0,0.24242424242424243,0.017161374270965805,0.037552552784849445,98.0,0.027356963527907625,0.01019558925694182,0.051119423508353495,1.9844674545084815,ExtraTreesRegressor,"{'mode': 'original', 'type': 'ExtraTreesRegressor'}",5,"['re_T6W50', 'pe_T6W50', 'l3_T6W50', 'atd_T6W50', 'z_l3_T6W50']",0.1498157714869427,0.2014013448581627,98.0,0.1756085581725527,0.02579278668560999,0.12932184230005042,1.9844674545084815,2.17457264244165,2.249640384767044,98.0,2.212106513604347,0.03753387116269673,0.18819018768998447,1.9844674545084815,completed,True,COMPLETE
163,1.752027033457214,2026-06-13 08:32:45.895191,2026-06-13 08:32:46.124173,0 days 00:00:00.228982,,,,,,,,,,,,,,,LinearRegression,,,,,,12,,,,,,,,True,,,,,,,,,,,,,,,,,,,,,,,,,,,,,,,,,,,,,,,,,,,,,,,,,,,,,LinearRegression,"{'mode': 'original', 'type': 'LinearRegression'}",12,"['edges_T6W50', 'pe_T6W50', 'l2_T6W50', 'lcc_T6W50', 'lsc_T6W50', 'atd_T6W50', 'density_T6W50', 'diameter_T6W50', 'asp_T6W50', 'z_density_T6W50', 'z_diameter_T6W50', 'z_asp_T6W50']",,,,,,,,,,,,,,,pruned,True,PRUNED
164,1.7594051997635423,2026-06-13 08:32:46.164481,2026-06-13 08:32:58.615692,0 days 00:00:12.451211,,,,,,7.0,log2,2.0,11.0,212.0,,,,,ExtraTreesRegressor,,,,,,21,,,,,,,,True,,,,,,,,,-0.023012349432283467,-0.006772699916321534,98.0,-0.014892524674302502,0.008119824757980967,0.04071179704833921,1.9844674545084815,1.7342948814238714,1.784515518103213,98.0,1.7594051997635423,0.025110318339670718,0.12590003042357045,1.9844674545084815,0.2646556444401999,0.284860630424459,98.0,0.27475813743232946,0.010102492992129583,0.05065265035105488,1.9844674545084815,5.571746976349786,5.826479365529725,98.0,5.699113170939755,0.1273661945899693,0.6385983465800144,1.9844674545084815,1.4180114185987458,1.4641269457655044,98.0,1.441069182182125,0.02305776358337923,0.11560877474263863,1.9844674545084815,99.0,0.3333333333333333,-0.00309427399399065,0.023571684758507357,98.0,0.010238705382258352,0.013332979376249002,0.06684990952323384,1.9844674545084815,ExtraTreesRegressor,"{'mode': 'original', 'type': 'ExtraTreesRegressor'}",21,"['nodes_T6W50', 're_T6W50', 'pe_T6W50', 'l1_T6W50', 'l2_T6W50', 'l3_T6W50', 'lcc_T6W50', 'lsc_T6W50', 'atd_T6W50', 'density_T6W50', 'diameter_T6W50', 'asp_T6W50', 'z_re_T6W50', 'z_pe_T6W50', 'z_l1_T6W50', 'z_l2_T6W50', 'z_l3_T6W50', 'z_lsc_T6W50', 'z_density_T6W50', 'z_diameter_T6W50', 'z_asp_T6W50']",0.1311188605566008,0.17935990976275326,98.0,0.15523938515967703,0.02412052460307622,0.12093732704941879,1.9844674545084815,2.19342394552965,2.266791555100658,98.0,2.230107750315154,0.03668380478550401,0.18392806001390735,1.9844674545084815,completed,True,COMPLETE
165,1.7395692415014328,2026-06-13 08:32:58.628380,2026-06-13 08:33:00.416569,0 days 00:00:01.788189,,,,0.3674770769459806,0.6663854135782065,,,,,,,,,,ElasticNet,,,,,,22,,,,,,,,False,,,,,,,,,-0.009285256854732252,0.0030715806697455632,98.0,-0.003106838092493345,0.006178418762238908,0.030977827505536813,1.9844674545084815,1.7145545948047762,1.7645838881980893,98.0,1.7395692415014328,0.025014646696656484,0.12542034463849877,1.9844674545084815,0.2632057664867289,0.28416297505616994,98.0,0.2736843707714494,0.010478604284720531,0.052538425853352624,1.9844674545084815,5.701301952521667,6.016978626167483,98.0,5.859140289344575,0.15783833682290807,0.7913818988353962,1.9844674545084815,1.385086615758713,1.4320791949027998,98.0,1.4085829053307564,0.023496289572043416,0.11780748981138084,1.9844674545084815,99.0,0.24242424242424243,0.009391423014877609,0.02810773360717888,98.0,0.018749578311028244,0.009358155296150635,0.046920633205692445,1.9844674545084815,ElasticNet,"{'mode': 'original', 'type': 'ElasticNet'}",22,"['nodes_T6W50', 'edges_T6W50', 're_T6W50', 'pe_T6W50', 'l1_T6W50', 'l2_T6W50', 'l3_T6W50', 'lcc_T6W50', 'lsc_T6W50', 'atd_T6W50', 'density_T6W50', 'diameter_T6W50', 'asp_T6W50', 'z_re_T6W50', 'z_pe_T6W50', 'z_l1_T6W50', 'z_l2_T6W50', 'z_l3_T6W50', 'z_lsc_T6W50', 'z_density_T6W50', 'z_diameter_T6W50', 'z_asp_T6W50']",0.15833124316954997,0.21183088095000283,98.0,0.1850810620597764,0.026749818890226422,0.13412028340492435,1.9844674545084815,2.1837700876888166,2.261488146420145,98.0,2.2226291170544807,0.038859029365664134,0.19483436701948592,1.9844674545084815,completed,False,COMPLETE
166,1.7526709533432572,2026-06-13 08:33:00.429072,2026-06-13 08:33:02.222027,0 days 00:00:01.792955,,,,0.031769159754078055,0.43272913601970464,,,,,,,,,,ElasticNet,,,,,,11,,,,,,,,False,,,,,,,,,-0.020730441136599123,-0.0010768988070727053,98.0,-0.010903669971835915,0.00982677116476321,0.04927021521087482,1.9844674545084815,1.7254227230796872,1.779919183606827,98.0,1.7526709533432572,0.027248230263569862,0.1366192563856156,1.9844674545084815,0.2649014635660291,0.2856955994598133,98.0,0.2752985315129212,0.010397067946892114,0.052129612740178896,1.9844674545084815,5.811388745988609,6.1703298110286955,98.0,5.990859278508652,0.17947053252004358,0.8998430525156049,1.9844674545084815,1.4167861819337508,1.4805597374068769,98.0,1.4486729596703138,0.03188677773656302,0.1598763597035129,1.9844674545084815,99.0,0.41414141414141414,-0.012944321438814708,0.021937888713558194,98.0,0.004496783637371743,0.01744110507618645,0.08744754367544025,1.9844674545084815,ElasticNet,"{'mode': 'original', 'type': 'ElasticNet'}",11,"['edges_T6W50', 're_T6W50', 'pe_T6W50', 'l1_T6W50', 'l2_T6W50', 'lsc_T6W50', 'z_re_T6W50', 'z_l1_T6W50', 'z_l2_T6W50', 'z_l3_T6W50', 'z_diameter_T6W50']",0.13818850979434127,0.19164968448362968,98.0,0.16491909713898548,0.02673058734464421,0.1340238588139996,1.9844674545084815,2.1961056855610397,2.276895389344484,98.0,2.236500537452762,0.04039485189172208,0.20253479120926682,1.9844674545084815,completed,False,COMPLETE
167,1.753239470346065,2026-06-13 08:33:02.235739,2026-06-13 08:33:05.046087,0 days 00:00:02.810348,,,,,,,,,,,,,,,XGBRegressor,,,,,,8,,,,,,,,False,gblinear,0.8038760611263613,0.003423070327657587,9.0,262.0,4.546877964400903e-06,1.695930820835878e-07,0.838906600155022,-0.014482432090395271,-0.006989006944020133,98.0,-0.010735719517207701,0.0037467125731875687,0.018785553435515488,1.9844674545084815,1.7280432295157824,1.7784357111763476,98.0,1.753239470346065,0.025196240830282587,0.12633083516430577,1.9844674545084815,0.2634718940657916,0.2846253103002862,98.0,0.2740486021830389,0.010576708117247298,0.0530303063358185,1.9844674545084815,5.714549822456896,6.034937543882276,98.0,5.874743683169586,0.16019386071268982,0.8031922042793717,1.9844674545084815,1.2804073859218534,1.345817054835821,98.0,1.3131122203788372,0.032704834456983904,0.1639779949196018,1.9844674545084815,99.0,0.40404040404040403,-0.006285165660729867,0.005163438959539241,98.0,-0.0005608633505953128,0.005724302310134554,0.028700943781388388,1.9844674545084815,XGBRegressor,"{'mode': 'original', 'type': 'XGBRegressor'}",8,"['pe_T6W50', 'density_T6W50', 'z_pe_T6W50', 'z_l1_T6W50', 'z_l2_T6W50', 'z_l3_T6W50', 'z_lsc_T6W50', 'z_diameter_T6W50']",0.0528237587481911,0.10984172523158506,98.0,0.08133274198988807,0.028508983241696977,0.14294051588363008,1.9844674545084815,2.205656485912982,2.2847547863818196,98.0,2.245205636147401,0.039549150234418885,0.198294547698872,1.9844674545084815,completed,False,COMPLETE
168,1.7743281468013037,2026-06-13 08:33:05.060041,2026-06-13 08:33:15.877436,0 days 00:00:10.817395,,,,,,17.0,sqrt,2.0,2.0,170.0,,,,,ExtraTreesRegressor,,,,,,10,,,,,,,,False,,,,,,,,,-0.03477438423320629,-0.013078035188857862,98.0,-0.023926209711032077,0.010848174522174216,0.05439140531421259,1.9844674545084815,1.7482132164872284,1.800443077115379,98.0,1.7743281468013037,0.026114930314075267,0.13093703060933054,1.9844674545084815,0.26538888751579776,0.28524096646218317,98.0,0.27531492698899046,0.009926039473192727,0.04976793423149064,1.9844674545084815,5.504471942321285,5.771312434485319,98.0,5.637892188403302,0.13342024608201733,0.6689526119749908,1.9844674545084815,1.4267448113017014,1.4944274281121614,98.0,1.4605861197069314,0.03384130840523012,0.1696761347330563,1.9844674545084815,99.0,0.48484848484848486,-0.021028077392782684,0.016063495079999168,98.0,-0.002482291156391757,0.018545786236390926,0.09298627838189608,1.9844674545084815,ExtraTreesRegressor,"{'mode': 'original', 'type': 'ExtraTreesRegressor'}",10,"['nodes_T6W50', 're_T6W50', 'pe_T6W50', 'l3_T6W50', 'lcc_T6W50', 'atd_T6W50', 'z_l2_T6W50', 'z_l3_T6W50', 'z_lsc_T6W50', 'z_density_T6W50']",0.12618266136370856,0.17869196795621364,98.0,0.1524373146599611,0.026254653296252543,0.13163758436054282,1.9844674545084815,2.2053855885531566,2.2790604360872115,98.0,2.242223012320184,0.03683742376702765,0.18469828658713675,1.9844674545084815,completed,False,COMPLETE
169,2.2523619626560802,2026-06-13 08:33:15.890068,2026-06-13 08:33:16.017439,0 days 00:00:00.127371,16.0,3.0,16.0,,,,,,,,,,,,DecisionTreeRegressor,,,,,,22,,,,,,,,True,,,,,,,,,,,,,,,,,,,,,,,,,,,,,,,,,,,,,,,,,,,,,,,,,,,,,DecisionTreeRegressor,"{'mode': 'original', 'type': 'DecisionTreeRegressor'}",22,"['nodes_T6W50', 'edges_T6W50', 're_T6W50', 'pe_T6W50', 'l1_T6W50', 'l2_T6W50', 'l3_T6W50', 'lcc_T6W50', 'lsc_T6W50', 'atd_T6W50', 'density_T6W50', 'diameter_T6W50', 'asp_T6W50', 'z_re_T6W50', 'z_pe_T6W50', 'z_l1_T6W50', 'z_l2_T6W50', 'z_l3_T6W50', 'z_lsc_T6W50', 'z_density_T6W50', 'z_diameter_T6W50', 'z_asp_T6W50']",,,,,,,,,,,,,,,pruned,True,PRUNED
170,1.801265921348327,2026-06-13 08:33:16.027067,2026-06-13 08:33:35.070186,0 days 00:00:19.043119,,,,,,,,,,,,,,,RandomForestRegressor,9.0,log2,2.0,2.0,206.0,2,,,,,,,,True,,,,,,,,,-0.053433726164281894,-0.026064787530535174,98.0,-0.039749256847408536,0.013684469316873362,0.06861223661202558,1.9844674545084815,1.7723962655549184,1.8301355771417358,98.0,1.801265921348327,0.028869655793408763,0.1447488834486769,1.9844674545084815,0.2673171990440315,0.28676891156787077,98.0,0.27704305530595114,0.009725856261919623,0.048764240369523364,1.9844674545084815,5.84211381334431,6.221742725806577,98.0,6.0319282695754435,0.18981445623113374,0.951706206630537,1.9844674545084815,1.4282514499537977,1.5017043305941478,98.0,1.4649778902739727,0.03672644032017513,0.18414182931143708,1.9844674545084815,99.0,0.6363636363636364,-0.07357395593010166,-0.02315801812265838,98.0,-0.04836598702638002,0.025207968903721643,0.12638963827396027,1.9844674545084815,RandomForestRegressor,"{'mode': 'original', 'type': 'RandomForestRegressor'}",2,"['re_T6W50', 'pe_T6W50']",0.0948761081436606,0.1483340560388542,98.0,0.1216050820912574,0.026728973947596803,0.13401576944075447,1.9844674545084815,2.2499154245155624,2.3315984772865854,98.0,2.290756950901074,0.04084152638551166,0.20477436187487227,1.9844674545084815,completed,True,COMPLETE
171,1.7270812665974469,2026-06-13 08:33:35.082897,2026-06-13 08:33:35.186507,0 days 00:00:00.103610,,,,,,,,,,,,,,,LinearRegression,,,,,,17,,,,,,,,False,,,,,,,,,,,,,,,,,,,,,,,,,,,,,,,,,,,,,,,,,,,,,,,,,,,,,LinearRegression,"{'mode': 'original', 'type': 'LinearRegression'}",17,"['edges_T6W50', 'pe_T6W50', 'l1_T6W50', 'l2_T6W50', 'lcc_T6W50', 'lsc_T6W50', 'atd_T6W50', 'density_T6W50', 'diameter_T6W50', 'asp_T6W50', 'z_l1_T6W50', 'z_l2_T6W50', 'z_l3_T6W50', 'z_lsc_T6W50', 'z_density_T6W50', 'z_diameter_T6W50', 'z_asp_T6W50']",,,,,,,,,,,,,,,pruned,False,PRUNED
172,2.0392156862745097,2026-06-13 08:33:35.196867,2026-06-13 08:33:35.405107,0 days 00:00:00.208240,,,,,,,,,,,minkowski,2.0,uniform,,KNeighborsRegressor,,,,,,16,10.0,2.0,8.0,30.0,,,ExtraTrees,,,,,,,,,,,,,,,,,,,,,,,,,,,,,,,,,,,,,,,,,,,,,,,,,,,,,,KNeighborsRegressor,"{'mode': 'proxy', 'type': 'ExtraTrees'}",16,"['nodes_T6W50', 're_T6W50', 'pe_T6W50', 'l1_T6W50', 'l2_T6W50', 'l3_T6W50', 'lcc_T6W50', 'lsc_T6W50', 'atd_T6W50', 'diameter_T6W50', 'z_re_T6W50', 'z_pe_T6W50', 'z_l3_T6W50', 'z_lsc_T6W50', 'z_density_T6W50', 'z_diameter_T6W50']",,,,,,,,,,,,,,,pruned,True,PRUNED
173,1.7349970291146763,2026-06-13 08:33:35.415029,2026-06-13 08:33:37.846662,0 days 00:00:02.431633,,,,,,,,,,,,,,0.14276079282242177,QuantileRegressor,,,,,,11,,,,,,,,True,,,,,,,,,0.0,0.0,98.0,0.0,0.0,0.0,1.9844674545084815,1.7097615267403508,1.760232531489002,98.0,1.7349970291146763,0.025235502374325525,0.1265276876901327,1.9844674545084815,0.25983396043683077,0.2806349322602259,98.0,0.27023444634852833,0.010400485911697585,0.05214674999296774,1.9844674545084815,5.70097731382373,6.036396423550007,98.0,5.8686868686868685,0.16770955486313893,0.8408749651825216,1.9844674545084815,1.033280465877702,1.1485377159404797,98.0,1.0909090909090908,0.057628625031388776,0.2889427981985323,1.9844674545084815,99.0,0.9797979797979798,-0.009845695376372022,-0.006666757700651824,98.0,-0.008256226538511923,0.0015894688378600991,0.007969400161994435,1.9844674545084815,QuantileRegressor,"{'mode': 'original', 'type': 'QuantileRegressor'}",11,"['diameter_T6W50', 'asp_T6W50', 'z_re_T6W50', 'z_pe_T6W50', 'z_l1_T6W50', 'z_l2_T6W50', 'z_l3_T6W50', 'z_lsc_T6W50', 'z_density_T6W50', 'z_diameter_T6W50', 'z_asp_T6W50']",,,,,,,,2.2146203974868346,2.2936018858285863,98.0,2.2541111416577104,0.03949074417087585,0.1980017069201324,1.9844674545084815,completed,True,COMPLETE
174,1.747393087824462,2026-06-13 08:33:37.859331,2026-06-13 08:33:39.684097,0 days 00:00:01.824766,,,,0.05406120356371464,0.43281600220946925,,,,,,,,,,ElasticNet,,,,,,2,,,,,,,,True,,,,,,,,,-0.013660161866969944,-0.0013084162758397041,98.0,-0.007484289071404825,0.0061758727955651205,0.03096506234352846,1.9844674545084815,1.7216274485758858,1.773158727073038,98.0,1.747393087824462,0.02576563924857605,0.12918572840845172,1.9844674545084815,0.2640817083038455,0.28477669215870016,98.0,0.2744292002312728,0.010347491927427331,0.05188104471031704,1.9844674545084815,5.7166681679584626,6.018415128468946,98.0,5.867541648213704,0.15087348025524197,0.7564609694428115,1.9844674545084815,1.3452907488321917,1.3995499813038914,98.0,1.3724203650680415,0.02712961623584987,0.1360245403212232,1.9844674545084815,99.0,0.30303030303030304,0.00935700167146245,0.02819940870233771,98.0,0.01877820518690008,0.009421203515437631,0.04723674917917432,1.9844674545084815,ElasticNet,"{'mode': 'original', 'type': 'ElasticNet'}",2,"['pe_T6W50', 'z_l2_T6W50']",0.14868495446583468,0.19420276780924917,98.0,0.17144386113754193,0.02275890667170725,0.11411034315117799,1.9844674545084815,2.183830331120236,2.260912741131333,98.0,2.2223715361257845,0.038541205005548425,0.19324083498748837,1.9844674545084815,completed,True,COMPLETE
175,1.7898039215686274,2026-06-13 08:33:39.696814,2026-06-13 08:33:39.888819,0 days 00:00:00.192005,,,,,,,,,,,manhattan,5.0,uniform,,KNeighborsRegressor,,,,,,15,6.0,1.0,8.0,30.0,,,ExtraTrees,,,,,,,,,,,,,,,,,,,,,,,,,,,,,,,,,,,,,,,,,,,,,,,,,,,,,,KNeighborsRegressor,"{'mode': 'proxy', 'type': 'ExtraTrees'}",15,"['nodes_T6W50', 'edges_T6W50', 're_T6W50', 'pe_T6W50', 'l2_T6W50', 'l3_T6W50', 'lcc_T6W50', 'lsc_T6W50', 'diameter_T6W50', 'z_re_T6W50', 'z_l1_T6W50', 'z_l2_T6W50', 'z_l3_T6W50', 'z_diameter_T6W50', 'z_asp_T6W50']",,,,,,,,,,,,,,,pruned,True,PRUNED
176,1.752027033457214,2026-06-13 08:33:39.898592,2026-06-13 08:33:40.000491,0 days 00:00:00.101899,,,,,,,,,,,,,,,LinearRegression,,,,,,12,,,,,,,,True,,,,,,,,,,,,,,,,,,,,,,,,,,,,,,,,,,,,,,,,,,,,,,,,,,,,,LinearRegression,"{'mode': 'original', 'type': 'LinearRegression'}",12,"['edges_T6W50', 'pe_T6W50', 'l2_T6W50', 'lcc_T6W50', 'lsc_T6W50', 'atd_T6W50', 'density_T6W50', 'diameter_T6W50', 'asp_T6W50', 'z_density_T6W50', 'z_diameter_T6W50', 'z_asp_T6W50']",,,,,,,,,,,,,,,pruned,True,PRUNED
177,2.2944293256403983,2026-06-13 08:33:40.009988,2026-06-13 08:33:40.144467,0 days 00:00:00.134479,8.0,2.0,19.0,,,,,,,,,,,,DecisionTreeRegressor,,,,,,15,,,,,,,,True,,,,,,,,,,,,,,,,,,,,,,,,,,,,,,,,,,,,,,,,,,,,,,,,,,,,,DecisionTreeRegressor,"{'mode': 'original', 'type': 'DecisionTreeRegressor'}",15,"['nodes_T6W50', 're_T6W50', 'pe_T6W50', 'l2_T6W50', 'l3_T6W50', 'lsc_T6W50', 'z_re_T6W50', 'z_pe_T6W50', 'z_l1_T6W50', 'z_l2_T6W50', 'z_l3_T6W50', 'z_lsc_T6W50', 'z_density_T6W50', 'z_diameter_T6W50', 'z_asp_T6W50']",,,,,,,,,,,,,,,pruned,True,PRUNED
