number,value,datetime_start,datetime_complete,duration,params_dt_max_depth,params_dt_min_samples_leaf,params_dt_min_samples_split,params_elastic_alpha,params_elastic_l1_ratio,params_et_max_depth,params_et_max_features,params_et_min_samples_leaf,params_et_min_samples_split,params_et_n_estimators,params_knn_metric,params_knn_n_neighbors,params_knn_weights,params_quantile_alpha,params_regressor,params_rf_max_depth,params_rf_max_features,params_rf_min_samples_leaf,params_rf_min_samples_split,params_rf_n_estimators,params_rfe_n_features,params_rfe_proxy_et_max_depth,params_rfe_proxy_et_min_samples_leaf,params_rfe_proxy_et_min_samples_split,params_rfe_proxy_et_n_estimators,params_rfe_proxy_lsvr_C,params_rfe_proxy_lsvr_epsilon,params_rfe_proxy_type,params_use_scaler,params_xgb_booster,params_xgb_colsample_bytree,params_xgb_learning_rate,params_xgb_max_depth,params_xgb_n_estimators,params_xgb_reg_alpha,params_xgb_reg_lambda,params_xgb_subsample,user_attrs_d2mae_ci_lower_val,user_attrs_d2mae_ci_upper_val,user_attrs_d2mae_df_val,user_attrs_d2mae_mean_val,user_attrs_d2mae_samperror_val,user_attrs_d2mae_std_val,user_attrs_d2mae_t_critical_val,user_attrs_mae_ci_lower_val,user_attrs_mae_ci_upper_val,user_attrs_mae_df_val,user_attrs_mae_mean_val,user_attrs_mae_samperror_val,user_attrs_mae_std_val,user_attrs_mae_t_critical_val,user_attrs_mape_ci_lower_val,user_attrs_mape_ci_upper_val,user_attrs_mape_df_val,user_attrs_mape_mean_val,user_attrs_mape_samperror_val,user_attrs_mape_std_val,user_attrs_mape_t_critical_val,user_attrs_max_error_ci_lower_val,user_attrs_max_error_ci_upper_val,user_attrs_max_error_df_val,user_attrs_max_error_mean_val,user_attrs_max_error_samperror_val,user_attrs_max_error_std_val,user_attrs_max_error_t_critical_val,user_attrs_median_ae_ci_lower_val,user_attrs_median_ae_ci_upper_val,user_attrs_median_ae_df_val,user_attrs_median_ae_mean_val,user_attrs_median_ae_samperror_val,user_attrs_median_ae_std_val,user_attrs_median_ae_t_critical_val,user_attrs_n_splits_val,user_attrs_r2_below_zero_val,user_attrs_r2_ci_lower_val,user_attrs_r2_ci_upper_val,user_attrs_r2_df_val,user_attrs_r2_mean_val,user_attrs_r2_samperror_val,user_attrs_r2_std_val,user_attrs_r2_t_critical_val,user_attrs_regressor_final,user_attrs_rfe_estimator,user_attrs_rfe_n_features,user_attrs_rfe_selected_features,user_attrs_rho_ci_lower_val,user_attrs_rho_ci_upper_val,user_attrs_rho_df_val,user_attrs_rho_mean_val,user_attrs_rho_samperror_val,user_attrs_rho_std_val,user_attrs_rho_t_critical_val,user_attrs_rmse_ci_lower_val,user_attrs_rmse_ci_upper_val,user_attrs_rmse_df_val,user_attrs_rmse_mean_val,user_attrs_rmse_samperror_val,user_attrs_rmse_std_val,user_attrs_rmse_t_critical_val,user_attrs_termination_reason,user_attrs_use_scaler_final,state
211,2.1256598194833485,2026-06-13 08:37:20.234537,2026-06-13 08:37:20.484525,0 days 00:00:00.249988,15.0,5.0,9.0,,,,,,,,,,,,DecisionTreeRegressor,,,,,,15,,,,,,,,True,,,,,,,,,,,,,,,,,,,,,,,,,,,,,,,,,,,,,,,,,,,,,,,,,,,,,DecisionTreeRegressor,"{'mode': 'original', 'type': 'DecisionTreeRegressor'}",15,"['re_T6W50', 'pe_T6W50', 'l1_T6W50', 'l2_T6W50', 'l3_T6W50', 'lcc_T6W50', 'asp_T6W50', 'z_re_T6W50', 'z_pe_T6W50', 'z_l1_T6W50', 'z_l2_T6W50', 'z_lsc_T6W50', 'z_density_T6W50', 'z_diameter_T6W50', 'z_asp_T6W50']",,,,,,,,,,,,,,,pruned,True,PRUNED
212,1.7463383422672951,2026-06-13 08:37:20.494178,2026-06-13 08:37:29.761652,0 days 00:00:09.267474,,,,,,13.0,sqrt,4.0,4.0,148.0,,,,,ExtraTreesRegressor,,,,,,5,,,,,,,,False,,,,,,,,,-0.014505475393809291,0.00012944099221759518,98.0,-0.007188017200795848,0.0073174581930134435,0.03668883033108048,1.9844674545084815,1.721202238272014,1.7714744462625762,98.0,1.7463383422672951,0.025136103995281052,0.12602931651154106,1.9844674545084815,0.26323360683631036,0.28365542276064026,98.0,0.2734445147984753,0.010210907962164938,0.05119622960167145,1.9844674545084815,5.668294247304381,5.9787103325255515,98.0,5.823502289914966,0.15520804261058502,0.7781939289787483,1.9844674545084815,1.4224117195258397,1.4769987914256886,98.0,1.4497052554757641,0.027293535949924518,0.1368464134934329,1.9844674545084815,99.0,0.3333333333333333,0.00644046448433868,0.029880528480328163,98.0,0.01816049648233342,0.011720031997994741,0.05876279086361064,1.9844674545084815,ExtraTreesRegressor,"{'mode': 'original', 'type': 'ExtraTreesRegressor'}",5,"['re_T6W50', 'pe_T6W50', 'l3_T6W50', 'atd_T6W50', 'z_l3_T6W50']",0.12415465608365481,0.1751629207640004,98.0,0.1496587884238276,0.025504132340172788,0.12787456511380205,1.9844674545084815,2.184570772595861,2.2594749594853365,98.0,2.2220228660405987,0.03745209344473782,0.18778016432669123,1.9844674545084815,completed,False,COMPLETE
213,1.758735461810198,2026-06-13 08:37:29.774697,2026-06-13 08:37:49.691663,0 days 00:00:19.916966,,,,,,,,,,,,,,,XGBRegressor,,,,,,19,,,,,,,,False,gbtree,0.944059094467018,0.006312158622574144,8.0,67.0,8.46477785593672e-06,1.284245525384529,0.9489595934788329,-0.019140113687271865,-0.009060807407109517,98.0,-0.01410046054719069,0.005039653140081174,0.02526819752253219,1.9844674545084815,1.7337041060143894,1.7837668176060066,98.0,1.758735461810198,0.025031355795808532,0.1255041219950076,1.9844674545084815,0.2661287567429813,0.28724406945126,98.0,0.27668641309712066,0.01055765635413937,0.05293478315198369,1.9844674545084815,5.706500390051555,5.992205745553766,98.0,5.84935306780266,0.1428526777511058,0.7162456577278332,1.9844674545084815,1.3572950274541293,1.4108645980520307,98.0,1.38407981275308,0.026784785298950647,0.13429560065350052,1.9844674545084815,99.0,0.4444444444444444,-0.007041131533006132,0.008285103348381258,98.0,0.0006219859076875632,0.007663117440693696,0.03842192304661086,1.9844674545084815,XGBRegressor,"{'mode': 'original', 'type': 'XGBRegressor'}",19,"['re_T6W50', 'pe_T6W50', 'l2_T6W50', 'l3_T6W50', 'lcc_T6W50', 'lsc_T6W50', 'atd_T6W50', 'density_T6W50', 'diameter_T6W50', 'asp_T6W50', 'z_re_T6W50', 'z_pe_T6W50', 'z_l1_T6W50', 'z_l2_T6W50', 'z_l3_T6W50', 'z_lsc_T6W50', 'z_density_T6W50', 'z_diameter_T6W50', 'z_asp_T6W50']",0.06595022458249264,0.11994745369098231,98.0,0.09294883913673747,0.026998614554244828,0.13536771409239928,1.9844674545084815,2.2041984156014247,2.282315312841113,98.0,2.243256864221269,0.03905844861984419,0.1958342304950775,1.9844674545084815,completed,False,COMPLETE
214,1.7426586421601529,2026-06-13 08:37:49.704627,2026-06-13 08:37:59.762636,0 days 00:00:10.058009,,,,,,2.0,,1.0,6.0,158.0,,,,,ExtraTreesRegressor,,,,,,13,,,,,,,,False,,,,,,,,,-0.011647156404571587,0.0017562294158684462,98.0,-0.00494546349435157,0.006701692910220016,0.03360145936314684,1.9844674545084815,1.7175094795038672,1.7678078048164385,98.0,1.7426586421601529,0.025149162656285685,0.12609479102267768,1.9844674545084815,0.26277278120373626,0.2834797522603586,98.0,0.27312626673204743,0.010353485528311177,0.05191109588383924,1.9844674545084815,5.659106694343657,5.954491404526116,98.0,5.806799049434886,0.14769235509122974,0.7405112013230825,1.9844674545084815,1.4048112195511884,1.4557112695046248,98.0,1.4302612445279066,0.02545002497671811,0.12760327748562728,1.9844674545084815,99.0,0.25252525252525254,0.0077480012978099096,0.029832614428872185,98.0,0.018790307863341047,0.011042306565531138,0.05536475936867762,1.9844674545084815,ExtraTreesRegressor,"{'mode': 'original', 'type': 'ExtraTreesRegressor'}",13,"['nodes_T6W50', 're_T6W50', 'pe_T6W50', 'l3_T6W50', 'lcc_T6W50', 'lsc_T6W50', 'atd_T6W50', 'density_T6W50', 'diameter_T6W50', 'asp_T6W50', 'z_l1_T6W50', 'z_l3_T6W50', 'z_lsc_T6W50']",0.17267255971109224,0.2260869428610215,98.0,0.19937975128605687,0.02670719157496461,0.1339065553184963,1.9844674545084815,2.1836428123157106,2.2600453218267598,98.0,2.221844067071235,0.03820125475552467,0.19153636648009897,1.9844674545084815,completed,False,COMPLETE
215,1.7553508636102824,2026-06-13 08:37:59.798296,2026-06-13 08:38:17.751332,0 days 00:00:17.953036,,,,,,13.0,log2,3.0,11.0,304.0,,,,,ExtraTreesRegressor,,,,,,11,,,,,,,,True,,,,,,,,,-0.02164098556327008,-0.0036711320677276296,98.0,-0.012656058815498855,0.008984926747771226,0.04504931142632353,1.9844674545084815,1.7299089129473462,1.7807928142732186,98.0,1.7553508636102824,0.025441950662936138,0.12756279387498368,1.9844674545084815,0.26339286310184573,0.28339945155620194,98.0,0.27339615732902384,0.010003294227178078,0.05015528001283642,1.9844674545084815,5.52080857767227,5.786651737722053,98.0,5.6537301576971615,0.1329215800248917,0.6664523620413159,1.9844674545084815,1.4057826073069706,1.463733405903873,98.0,1.4347580066054217,0.028975399298451172,0.1452790683042349,1.9844674545084815,99.0,0.40404040404040403,-0.003879915834334148,0.025785692735208254,98.0,0.010952888450437053,0.014832804284771201,0.07436984611100111,1.9844674545084815,ExtraTreesRegressor,"{'mode': 'original', 'type': 'ExtraTreesRegressor'}",11,"['nodes_T6W50', 're_T6W50', 'pe_T6W50', 'l2_T6W50', 'l3_T6W50', 'lcc_T6W50', 'atd_T6W50', 'density_T6W50', 'z_l3_T6W50', 'z_lsc_T6W50', 'z_density_T6W50']",0.12921846162782255,0.17780787566075693,98.0,0.15351316864428974,0.024294707016467184,0.12181065612667415,1.9844674545084815,2.192165475219599,2.2651237310508545,98.0,2.2286446031352267,0.03647912791562795,0.1829018355034962,1.9844674545084815,completed,True,COMPLETE
216,1.7819607843137255,2026-06-13 08:38:17.763880,2026-06-13 08:38:18.040492,0 days 00:00:00.276612,,,,,,,,,,,manhattan,5.0,uniform,,KNeighborsRegressor,,,,,,21,9.0,2.0,9.0,50.0,,,ExtraTrees,,,,,,,,,,,,,,,,,,,,,,,,,,,,,,,,,,,,,,,,,,,,,,,,,,,,,,KNeighborsRegressor,"{'mode': 'proxy', 'type': 'ExtraTrees'}",21,"['nodes_T6W50', 'edges_T6W50', 're_T6W50', 'pe_T6W50', 'l1_T6W50', 'l2_T6W50', 'l3_T6W50', 'lcc_T6W50', 'lsc_T6W50', 'atd_T6W50', 'diameter_T6W50', 'asp_T6W50', 'z_re_T6W50', 'z_pe_T6W50', 'z_l1_T6W50', 'z_l2_T6W50', 'z_l3_T6W50', 'z_lsc_T6W50', 'z_density_T6W50', 'z_diameter_T6W50', 'z_asp_T6W50']",,,,,,,,,,,,,,,pruned,True,PRUNED
217,1.791545658313999,2026-06-13 08:38:18.051868,2026-06-13 08:39:01.894139,0 days 00:00:43.842271,,,,,,,,,,,,,,,RandomForestRegressor,10.0,,5.0,9.0,368.0,14,,,,,,,,True,,,,,,,,,-0.04601150492995265,-0.022140161801600874,98.0,-0.03407583336577676,0.011935671564175888,0.05984398097739109,1.9844674545084815,1.7649469147884922,1.8181444018395059,98.0,1.791545658313999,0.02659874352550694,0.13336281021174762,1.9844674545084815,0.2690489846067711,0.28960573621269,98.0,0.27932736040973055,0.010278375802959443,0.051534505010757806,1.9844674545084815,5.780191191752452,6.134541573074349,98.0,5.957366382413401,0.1771751906609482,0.888334492329968,1.9844674545084815,1.4401152733886375,1.5103350889811247,98.0,1.475225181184881,0.03510990779624365,0.1760367351748116,1.9844674545084815,99.0,0.494949494949495,-0.059939974422387826,-0.013771707221603664,98.0,-0.03685584082199574,0.02308413360039208,0.11574099074640562,1.9844674545084815,RandomForestRegressor,"{'mode': 'original', 'type': 'RandomForestRegressor'}",14,"['nodes_T6W50', 're_T6W50', 'pe_T6W50', 'l2_T6W50', 'l3_T6W50', 'lsc_T6W50', 'z_re_T6W50', 'z_pe_T6W50', 'z_l1_T6W50', 'z_l2_T6W50', 'z_l3_T6W50', 'z_lsc_T6W50', 'z_density_T6W50', 'z_diameter_T6W50']",0.1173479731879412,0.17193102073346173,98.0,0.14463949696070147,0.027291523772760267,0.13683632468600443,1.9844674545084815,2.2403250092180205,2.317690128341683,98.0,2.2790075687798517,0.03868255956183102,0.19394956924946596,1.9844674545084815,completed,True,COMPLETE
218,1.7600457092952637,2026-06-13 08:39:01.907126,2026-06-13 08:39:08.185087,0 days 00:00:06.277961,,,,,,,,,,,,,,,RandomForestRegressor,13.0,,2.0,8.0,465.0,3,,,,,,,,True,,,,,,,,,,,,,,,,,,,,,,,,,,,,,,,,,,,,,,,,,,,,,,,,,,,,,RandomForestRegressor,"{'mode': 'original', 'type': 'RandomForestRegressor'}",3,"['re_T6W50', 'pe_T6W50', 'l3_T6W50']",,,,,,,,,,,,,,,pruned,True,PRUNED
219,2.3098902736983233,2026-06-13 08:39:08.195455,2026-06-13 08:39:08.323604,0 days 00:00:00.128149,17.0,1.0,20.0,,,,,,,,,,,,DecisionTreeRegressor,,,,,,20,,,,,,,,True,,,,,,,,,,,,,,,,,,,,,,,,,,,,,,,,,,,,,,,,,,,,,,,,,,,,,DecisionTreeRegressor,"{'mode': 'original', 'type': 'DecisionTreeRegressor'}",20,"['nodes_T6W50', 're_T6W50', 'pe_T6W50', 'l2_T6W50', 'l3_T6W50', 'lcc_T6W50', 'lsc_T6W50', 'atd_T6W50', 'density_T6W50', 'diameter_T6W50', 'asp_T6W50', 'z_re_T6W50', 'z_pe_T6W50', 'z_l1_T6W50', 'z_l2_T6W50', 'z_l3_T6W50', 'z_lsc_T6W50', 'z_density_T6W50', 'z_diameter_T6W50', 'z_asp_T6W50']",,,,,,,,,,,,,,,pruned,True,PRUNED
220,1.7547693501890094,2026-06-13 08:39:08.333207,2026-06-13 08:39:16.888458,0 days 00:00:08.555251,,,,,,,,,,,,,,,XGBRegressor,,,,,,5,,,,,,,,False,gbtree,0.6053965507750143,0.009019282545016091,2.0,473.0,1.1595567099204797e-06,0.00016671124676531315,0.535517444522001,-0.02516794232843586,-0.00039998139671770967,98.0,-0.012783961862576786,0.012383980465859076,0.062091746362025836,1.9844674545084815,1.7273589876710878,1.782179712706931,98.0,1.7547693501890094,0.027410362517921595,0.13743216745585385,1.9844674545084815,0.2616733399747488,0.2818750579993094,98.0,0.2717741989870291,0.010100859012280318,0.05064445777818698,1.9844674545084815,5.640337241561157,5.938884233442789,98.0,5.789610737501973,0.1492734959408161,0.7484388459819069,1.9844674545084815,1.4200416656786876,1.4923071008408781,98.0,1.4561743832597829,0.03613271758109519,0.18116497693138436,1.9844674545084815,99.0,0.43434343434343436,-0.01605831745638301,0.026536835571090885,98.0,0.005239259057353936,0.021297576513736947,0.10678341448151324,1.9844674545084815,XGBRegressor,"{'mode': 'original', 'type': 'XGBRegressor'}",5,"['re_T6W50', 'pe_T6W50', 'l2_T6W50', 'l3_T6W50', 'atd_T6W50']",0.14150910509245257,0.1937754149007272,98.0,0.16764225999658988,0.0261331549041373,0.13102840644982083,1.9844674545084815,2.1953967112962616,2.2688554938542147,98.0,2.232126102575238,0.03672939127897646,0.1841566250538821,1.9844674545084815,completed,False,COMPLETE
221,1.7797810982702005,2026-06-13 08:39:16.901026,2026-06-13 08:39:18.647832,0 days 00:00:01.746806,,,,0.00044503574138373846,0.25646306101676597,,,,,,,,,,ElasticNet,,,,,,9,,,,,,,,True,,,,,,,,,-0.038776626476093624,-0.015196569328173993,98.0,-0.02698659790213381,0.011790028573959816,0.05911374503807947,1.9844674545084815,1.7517945793875433,1.8077676171528576,98.0,1.7797810982702005,0.027986518882657154,0.14032094420761412,1.9844674545084815,0.26676978952906993,0.2867189956434609,98.0,0.27674439258626543,0.009974603057195521,0.05001142603516762,1.9844674545084815,5.93887415915407,6.301127648268489,98.0,6.120000903711279,0.18112674455720953,0.9081470948238878,1.9844674545084815,1.3785334699436431,1.4528873816381718,98.0,1.4157104257909074,0.03717695584726423,0.18640065844293396,1.9844674545084815,99.0,0.5151515151515151,-0.061687424693315576,-0.009414286996052807,98.0,-0.03555085584468419,0.026136568848631383,0.13104552354526564,1.9844674545084815,ElasticNet,"{'mode': 'original', 'type': 'ElasticNet'}",9,"['edges_T6W50', 're_T6W50', 'pe_T6W50', 'lsc_T6W50', 'diameter_T6W50', 'z_re_T6W50', 'z_l2_T6W50', 'z_diameter_T6W50', 'z_asp_T6W50']",0.12126042614967274,0.16514515285471024,98.0,0.14320278950219148,0.021942363352518746,0.11001629594168555,1.9844674545084815,2.235795184255219,2.318055339971522,98.0,2.2769252621133704,0.0411300778581513,0.20622112326963732,1.9844674545084815,completed,True,COMPLETE
222,1.9498704249866925,2026-06-13 08:39:18.677201,2026-06-13 08:39:18.794076,0 days 00:00:00.116875,7.0,5.0,12.0,,,,,,,,,,,,DecisionTreeRegressor,,,,,,4,,,,,,,,False,,,,,,,,,,,,,,,,,,,,,,,,,,,,,,,,,,,,,,,,,,,,,,,,,,,,,DecisionTreeRegressor,"{'mode': 'original', 'type': 'DecisionTreeRegressor'}",4,"['re_T6W50', 'l2_T6W50', 'l3_T6W50', 'z_density_T6W50']",,,,,,,,,,,,,,,pruned,False,PRUNED
223,1.744325459786543,2026-06-13 08:39:18.803465,2026-06-13 08:39:19.602257,0 days 00:00:00.798792,,,,,,,,,,,,,,,RandomForestRegressor,9.0,,4.0,7.0,75.0,20,,,,,,,,False,,,,,,,,,,,,,,,,,,,,,,,,,,,,,,,,,,,,,,,,,,,,,,,,,,,,,RandomForestRegressor,"{'mode': 'original', 'type': 'RandomForestRegressor'}",20,"['edges_T6W50', 're_T6W50', 'pe_T6W50', 'l1_T6W50', 'l2_T6W50', 'l3_T6W50', 'lsc_T6W50', 'atd_T6W50', 'density_T6W50', 'diameter_T6W50', 'asp_T6W50', 'z_re_T6W50', 'z_pe_T6W50', 'z_l1_T6W50', 'z_l2_T6W50', 'z_l3_T6W50', 'z_lsc_T6W50', 'z_density_T6W50', 'z_diameter_T6W50', 'z_asp_T6W50']",,,,,,,,,,,,,,,pruned,False,PRUNED
224,1.7969998871737933,2026-06-13 08:39:19.612112,2026-06-13 08:39:53.633937,0 days 00:00:34.021825,,,,,,,,,,,,,,,RandomForestRegressor,17.0,,5.0,5.0,267.0,18,,,,,,,,True,,,,,,,,,-0.04939456029077856,-0.02507783541796796,98.0,-0.03723619785437326,0.012158362436405298,0.060960525467567465,1.9844674545084815,1.7701769137054832,1.8238228606421034,98.0,1.7969998871737933,0.026822973468310057,0.13448707141142296,1.9844674545084815,0.27008158800481663,0.2906769805139645,98.0,0.28037928425939057,0.010297696254573913,0.051631375365532084,1.9844674545084815,5.769794042636647,6.112722875448149,98.0,5.941258459042398,0.171464416405751,0.8597013765428386,1.9844674545084815,1.4445430190666806,1.5157175649394636,98.0,1.4801302920030721,0.03558727293639145,0.17843018494533122,1.9844674545084815,99.0,0.5353535353535354,-0.062176969761962964,-0.015518275556956031,98.0,-0.0388476226594595,0.023329347102503468,0.116970460917133,1.9844674545084815,RandomForestRegressor,"{'mode': 'original', 'type': 'RandomForestRegressor'}",18,"['re_T6W50', 'pe_T6W50', 'l1_T6W50', 'l2_T6W50', 'l3_T6W50', 'lsc_T6W50', 'atd_T6W50', 'diameter_T6W50', 'asp_T6W50', 'z_re_T6W50', 'z_pe_T6W50', 'z_l1_T6W50', 'z_l2_T6W50', 'z_l3_T6W50', 'z_lsc_T6W50', 'z_density_T6W50', 'z_diameter_T6W50', 'z_asp_T6W50']",0.1061817788153797,0.1599071816412998,98.0,0.13304448022833976,0.026862701412960058,0.13468626241220763,1.9844674545084815,2.242609412386666,2.3193589141083777,98.0,2.280984163247522,0.038374750860855955,0.1924062544936281,1.9844674545084815,completed,True,COMPLETE
225,1.7752746301776932,2026-06-13 08:39:53.648365,2026-06-13 08:39:57.488424,0 days 00:00:03.840059,,,,,,,,,,,,,,0.007258824163134309,QuantileRegressor,,,,,,15,,,,,,,,False,,,,,,,,,-0.03443439450067172,-0.013729485668655866,98.0,-0.024081940084663793,0.010352454416007927,0.0519059260142823,1.9844674545084815,1.7480602859794334,1.802488974375953,98.0,1.7752746301776932,0.027214344198259778,0.13644935584529727,1.9844674545084815,0.2690946030418032,0.2900952102090347,98.0,0.27959490662541897,0.010500303583615771,0.05264722345416857,1.9844674545084815,5.906541584899814,6.27553980646445,98.0,6.091040695682132,0.184499110782318,0.9250557219705936,1.9844674545084815,1.4100783411436455,1.4861412554296451,98.0,1.4481097982866453,0.038031457142999776,0.19068502225205866,1.9844674545084815,99.0,0.5151515151515151,-0.03745210855482418,-0.0004945438067206487,98.0,-0.018973326180772413,0.018478782374051764,0.09265032930339834,1.9844674545084815,QuantileRegressor,"{'mode': 'original', 'type': 'QuantileRegressor'}",15,"['re_T6W50', 'pe_T6W50', 'l3_T6W50', 'lsc_T6W50', 'diameter_T6W50', 'asp_T6W50', 'z_re_T6W50', 'z_pe_T6W50', 'z_l1_T6W50', 'z_l2_T6W50', 'z_l3_T6W50', 'z_lsc_T6W50', 'z_density_T6W50', 'z_diameter_T6W50', 'z_asp_T6W50']",0.10126560561028528,0.1496684120597083,98.0,0.12546700883499678,0.02420140322471151,0.12134284245494878,1.9844674545084815,2.221999362200488,2.3028485551638886,98.0,2.2624239586821884,0.040424596481700235,0.2026839269045029,1.9844674545084815,completed,False,COMPLETE
226,2.5712224335253118,2026-06-13 08:39:57.501684,2026-06-13 08:39:57.792176,0 days 00:00:00.290492,12.0,2.0,4.0,,,,,,,,,,,,DecisionTreeRegressor,,,,,,18,,,,,,,,False,,,,,,,,,,,,,,,,,,,,,,,,,,,,,,,,,,,,,,,,,,,,,,,,,,,,,DecisionTreeRegressor,"{'mode': 'original', 'type': 'DecisionTreeRegressor'}",18,"['edges_T6W50', 're_T6W50', 'pe_T6W50', 'l1_T6W50', 'l2_T6W50', 'l3_T6W50', 'lcc_T6W50', 'lsc_T6W50', 'density_T6W50', 'diameter_T6W50', 'asp_T6W50', 'z_re_T6W50', 'z_pe_T6W50', 'z_l1_T6W50', 'z_l3_T6W50', 'z_lsc_T6W50', 'z_density_T6W50', 'z_asp_T6W50']",,,,,,,,,,,,,,,pruned,False,PRUNED
227,1.7754911963618003,2026-06-13 08:39:57.870881,2026-06-13 08:40:13.497260,0 days 00:00:15.626379,,,,,,,,,,,,,,,RandomForestRegressor,7.0,sqrt,5.0,2.0,162.0,5,,,,,,,,False,,,,,,,,,-0.035044330907389086,-0.014171744419788213,98.0,-0.02460803766358865,0.010436293243800436,0.05232628352735602,1.9844674545084815,1.7499158295387875,1.801066563184813,98.0,1.7754911963618003,0.025575366823012768,0.12823172600023303,1.9844674545084815,0.2661514455673228,0.28608197948204867,98.0,0.2761167125246857,0.009965266957362934,0.04996461598532833,1.9844674545084815,5.639670595324388,5.954051541996227,98.0,5.7968610686603075,0.15719047333592015,0.788133591441649,1.9844674545084815,1.4341631816891678,1.5048974416183543,98.0,1.469530311653761,0.035367129964593326,0.17732641531278412,1.9844674545084815,99.0,0.5050505050505051,-0.03322569727760779,0.006067663668206614,98.0,-0.013579016804700588,0.019646680472907203,0.09850602592135918,1.9844674545084815,RandomForestRegressor,"{'mode': 'original', 'type': 'RandomForestRegressor'}",5,"['re_T6W50', 'pe_T6W50', 'l2_T6W50', 'l3_T6W50', 'lcc_T6W50']",0.10373833287791576,0.15362020256160056,98.0,0.12867926771975816,0.0249409348418424,0.12505076251539962,1.9844674545084815,2.2172991979659984,2.2911071789652255,98.0,2.254203188465612,0.03690399049961343,0.18503204395111678,1.9844674545084815,completed,False,COMPLETE
228,1.7228012778061175,2026-06-13 08:40:13.510181,2026-06-13 08:40:14.642840,0 days 00:00:01.132659,,,,,,10.0,,1.0,10.0,261.0,,,,,ExtraTreesRegressor,,,,,,22,,,,,,,,False,,,,,,,,,,,,,,,,,,,,,,,,,,,,,,,,,,,,,,,,,,,,,,,,,,,,,ExtraTreesRegressor,"{'mode': 'original', 'type': 'ExtraTreesRegressor'}",22,"['nodes_T6W50', 'edges_T6W50', 're_T6W50', 'pe_T6W50', 'l1_T6W50', 'l2_T6W50', 'l3_T6W50', 'lcc_T6W50', 'lsc_T6W50', 'atd_T6W50', 'density_T6W50', 'diameter_T6W50', 'asp_T6W50', 'z_re_T6W50', 'z_pe_T6W50', 'z_l1_T6W50', 'z_l2_T6W50', 'z_l3_T6W50', 'z_lsc_T6W50', 'z_density_T6W50', 'z_diameter_T6W50', 'z_asp_T6W50']",,,,,,,,,,,,,,,pruned,False,PRUNED
