number,value,datetime_start,datetime_complete,duration,params_dt_max_depth,params_dt_min_samples_leaf,params_dt_min_samples_split,params_elastic_alpha,params_elastic_l1_ratio,params_et_max_depth,params_et_max_features,params_et_min_samples_leaf,params_et_min_samples_split,params_et_n_estimators,params_knn_metric,params_knn_n_neighbors,params_knn_weights,params_quantile_alpha,params_regressor,params_rf_max_depth,params_rf_max_features,params_rf_min_samples_leaf,params_rf_min_samples_split,params_rf_n_estimators,params_rfe_n_features,params_rfe_proxy_et_max_depth,params_rfe_proxy_et_min_samples_leaf,params_rfe_proxy_et_min_samples_split,params_rfe_proxy_et_n_estimators,params_rfe_proxy_lsvr_C,params_rfe_proxy_lsvr_epsilon,params_rfe_proxy_type,params_use_scaler,params_xgb_booster,params_xgb_colsample_bytree,params_xgb_learning_rate,params_xgb_max_depth,params_xgb_n_estimators,params_xgb_reg_alpha,params_xgb_reg_lambda,params_xgb_subsample,user_attrs_d2mae_ci_lower_val,user_attrs_d2mae_ci_upper_val,user_attrs_d2mae_df_val,user_attrs_d2mae_mean_val,user_attrs_d2mae_samperror_val,user_attrs_d2mae_std_val,user_attrs_d2mae_t_critical_val,user_attrs_mae_ci_lower_val,user_attrs_mae_ci_upper_val,user_attrs_mae_df_val,user_attrs_mae_mean_val,user_attrs_mae_samperror_val,user_attrs_mae_std_val,user_attrs_mae_t_critical_val,user_attrs_mape_ci_lower_val,user_attrs_mape_ci_upper_val,user_attrs_mape_df_val,user_attrs_mape_mean_val,user_attrs_mape_samperror_val,user_attrs_mape_std_val,user_attrs_mape_t_critical_val,user_attrs_max_error_ci_lower_val,user_attrs_max_error_ci_upper_val,user_attrs_max_error_df_val,user_attrs_max_error_mean_val,user_attrs_max_error_samperror_val,user_attrs_max_error_std_val,user_attrs_max_error_t_critical_val,user_attrs_median_ae_ci_lower_val,user_attrs_median_ae_ci_upper_val,user_attrs_median_ae_df_val,user_attrs_median_ae_mean_val,user_attrs_median_ae_samperror_val,user_attrs_median_ae_std_val,user_attrs_median_ae_t_critical_val,user_attrs_n_splits_val,user_attrs_r2_below_zero_val,user_attrs_r2_ci_lower_val,user_attrs_r2_ci_upper_val,user_attrs_r2_df_val,user_attrs_r2_mean_val,user_attrs_r2_samperror_val,user_attrs_r2_std_val,user_attrs_r2_t_critical_val,user_attrs_regressor_final,user_attrs_rfe_estimator,user_attrs_rfe_n_features,user_attrs_rfe_selected_features,user_attrs_rho_ci_lower_val,user_attrs_rho_ci_upper_val,user_attrs_rho_df_val,user_attrs_rho_mean_val,user_attrs_rho_samperror_val,user_attrs_rho_std_val,user_attrs_rho_t_critical_val,user_attrs_rmse_ci_lower_val,user_attrs_rmse_ci_upper_val,user_attrs_rmse_df_val,user_attrs_rmse_mean_val,user_attrs_rmse_samperror_val,user_attrs_rmse_std_val,user_attrs_rmse_t_critical_val,user_attrs_termination_reason,user_attrs_use_scaler_final,state
49,1.7349970291146763,2026-06-13 08:22:12.115587,2026-06-13 08:22:14.582069,0 days 00:00:02.466482,,,,,,,,,,,,,,4.244656636175243,QuantileRegressor,,,,,,11,,,,,,,,False,,,,,,,,,0.0,0.0,98.0,0.0,0.0,0.0,1.9844674545084815,1.7097615267403508,1.760232531489002,98.0,1.7349970291146763,0.025235502374325525,0.1265276876901327,1.9844674545084815,0.25983396043683077,0.2806349322602259,98.0,0.27023444634852833,0.010400485911697585,0.05214674999296774,1.9844674545084815,5.70097731382373,6.036396423550007,98.0,5.8686868686868685,0.16770955486313893,0.8408749651825216,1.9844674545084815,1.033280465877702,1.1485377159404797,98.0,1.0909090909090908,0.057628625031388776,0.2889427981985323,1.9844674545084815,99.0,0.9797979797979798,-0.009845695376372022,-0.006666757700651824,98.0,-0.008256226538511923,0.0015894688378600991,0.007969400161994435,1.9844674545084815,QuantileRegressor,"{'mode': 'original', 'type': 'QuantileRegressor'}",11,"['diameter_T6W50', 'asp_T6W50', 'z_re_T6W50', 'z_pe_T6W50', 'z_l1_T6W50', 'z_l2_T6W50', 'z_l3_T6W50', 'z_lsc_T6W50', 'z_density_T6W50', 'z_diameter_T6W50', 'z_asp_T6W50']",,,,,,,,2.2146203974868346,2.2936018858285863,98.0,2.2541111416577104,0.03949074417087585,0.1980017069201324,1.9844674545084815,completed,False,COMPLETE
50,1.77061503965261,2026-06-13 08:22:14.594431,2026-06-13 08:22:16.566275,0 days 00:00:01.971844,,,,0.004742269251269964,0.8028534485980114,,,,,,,,,,ElasticNet,,,,,,2,,,,,,,,True,,,,,,,,,-0.025206730085264955,-0.016743568901655317,98.0,-0.020975149493460136,0.004231580591804818,0.021216621710698835,1.9844674545084815,1.7460422130443305,1.7951878662608893,98.0,1.77061503965261,0.024572826608279513,0.12320511336122239,1.9844674545084815,0.2680918022433379,0.28907336360703967,98.0,0.2785825829251888,0.01049078068185088,0.05259947680254503,1.9844674545084815,5.807228430779551,6.101292823820472,98.0,5.954260627300012,0.14703219652046082,0.7372012478999561,1.9844674545084815,1.2648967205676072,1.3398131534732083,98.0,1.3023549370204077,0.03745821645280049,0.18781086433180244,1.9844674545084815,99.0,0.8080808080808081,-0.0334038468645988,-0.017839234732777688,98.0,-0.025621540798688246,0.007782306065910559,0.03901952007178435,1.9844674545084815,ElasticNet,"{'mode': 'original', 'type': 'ElasticNet'}",2,"['z_diameter_T6W50', 'z_asp_T6W50']",-0.0490667613269581,-0.0019499278411882377,98.0,-0.02550834458407317,0.023558416742884933,0.11811898776187553,1.9844674545084815,2.2339880580213216,2.3098228619790144,98.0,2.271905460000168,0.03791740197884634,0.19011316376573287,1.9844674545084815,completed,True,COMPLETE
51,1.773601282491424,2026-06-13 08:22:16.579899,2026-06-13 08:22:27.924156,0 days 00:00:11.344257,,,,,,,,,,,,,,,RandomForestRegressor,5.0,sqrt,3.0,7.0,113.0,15,,,,,,,,False,,,,,,,,,-0.03444705409240963,-0.012663103547880918,98.0,-0.023555078820145275,0.010891975272264357,0.05461101685773539,1.9844674545084815,1.747720989111635,1.799481575871213,98.0,1.773601282491424,0.025880293379789063,0.1297605900415319,1.9844674545084815,0.2668404930226609,0.2869921039086246,98.0,0.27691629846564275,0.010075805442981856,0.05051884228043711,1.9844674545084815,5.665299068253429,5.9570480480009085,98.0,5.811173558127169,0.14587448987374016,0.7313966499624848,1.9844674545084815,1.4444279531711863,1.5070812334742547,98.0,1.4757545933227205,0.031326640151534135,0.1570678991319435,1.9844674545084815,99.0,0.5050505050505051,-0.03207828997355856,0.008402323945653389,98.0,-0.011837983013952585,0.020240306959605974,0.10148239570387753,1.9844674545084815,RandomForestRegressor,"{'mode': 'original', 'type': 'RandomForestRegressor'}",15,"['nodes_T6W50', 're_T6W50', 'pe_T6W50', 'l2_T6W50', 'l3_T6W50', 'lcc_T6W50', 'lsc_T6W50', 'atd_T6W50', 'density_T6W50', 'z_pe_T6W50', 'z_l1_T6W50', 'z_l2_T6W50', 'z_l3_T6W50', 'z_density_T6W50', 'z_diameter_T6W50']",0.1257936476652075,0.1813350034163987,98.0,0.1535643255408031,0.02777067787559559,0.13923874409417417,1.9844674545084815,2.214923832939931,2.289568638256947,98.0,2.252246235598439,0.037322402658508,0.18712991076514257,1.9844674545084815,completed,False,COMPLETE
52,1.742156937656414,2026-06-13 08:22:27.936368,2026-06-13 08:22:29.959844,0 days 00:00:02.023476,,,,,,,,,,,,,,,XGBRegressor,,,,,,3,,,,,,,,False,gblinear,0.6025698202410036,0.0033110184908801267,8.0,80.0,5.202229242282237e-07,2.1327846708235122e-08,0.9490271447203569,-0.005312572181449175,-0.0029824473405454053,98.0,-0.00414750976099729,0.0011650624204518848,0.005841478877171989,1.9844674545084815,1.7168432706295402,1.767470604683288,98.0,1.742156937656414,0.025313667026873852,0.12691959559033383,1.9844674545084815,0.26284004230640345,0.2842549236818678,98.0,0.2735474829941356,0.010707440687732175,0.0536857832747705,1.9844674545084815,5.715821708247886,6.037261000631065,98.0,5.876541354439476,0.16071964619158968,0.8058284276395982,1.9844674545084815,1.156239834589104,1.2325335922759824,98.0,1.1943867134325432,0.03814687884343913,0.1912637323823041,1.9844674545084815,99.0,0.37373737373737376,-0.002179933808106205,0.0025078283094460744,98.0,0.00016394725066993474,0.0023438810587761397,0.011751929729339156,1.9844674545084815,XGBRegressor,"{'mode': 'original', 'type': 'XGBRegressor'}",3,"['z_l2_T6W50', 'z_l3_T6W50', 'z_lsc_T6W50']",0.07947914747351052,0.13063516430534255,98.0,0.10505715588942653,0.025578008415916013,0.1282449706203285,1.9844674545084815,2.2050249118026293,2.2847158598413775,98.0,2.2448703858220034,0.03984547401937396,0.19978027850628005,1.9844674545084815,completed,False,COMPLETE
53,1.7694012435068913,2026-06-13 08:22:29.972141,2026-06-13 08:22:30.139081,0 days 00:00:00.166940,,,,,,,,,,,,,,,LinearRegression,,,,,,9,,,,,,,,False,,,,,,,,,,,,,,,,,,,,,,,,,,,,,,,,,,,,,,,,,,,,,,,,,,,,,LinearRegression,"{'mode': 'original', 'type': 'LinearRegression'}",9,"['edges_T6W50', 'l2_T6W50', 'atd_T6W50', 'density_T6W50', 'asp_T6W50', 'z_lsc_T6W50', 'z_density_T6W50', 'z_diameter_T6W50', 'z_asp_T6W50']",,,,,,,,,,,,,,,pruned,False,PRUNED
54,1.8683503305991906,2026-06-13 08:22:30.156486,2026-06-13 08:22:30.301283,0 days 00:00:00.144797,,,,,,,,,,,minkowski,5.0,distance,,KNeighborsRegressor,,,,,,7,,,,,0.008968733598183252,0.00024989960578908907,LinearSVR,,,,,,,,,,,,,,,,,,,,,,,,,,,,,,,,,,,,,,,,,,,,,,,,,,,,,,KNeighborsRegressor,"{'mode': 'proxy', 'type': 'LinearSVR'}",7,"['nodes_T6W50', 'edges_T6W50', 're_T6W50', 'lsc_T6W50', 'density_T6W50', 'diameter_T6W50', 'z_re_T6W50']",,,,,,,,,,,,,,,pruned,True,PRUNED
55,1.7376078629073448,2026-06-13 08:22:30.310983,2026-06-13 08:22:36.213514,0 days 00:00:05.902531,,,,,,,,,,,,,,,XGBRegressor,,,,,,9,,,,,,,,False,gbtree,0.7107122752962489,0.0028147353837328012,2.0,143.0,1.0815470066957966,0.22750558138165483,0.7915207804848461,-0.004977470840405415,0.001524226360605113,98.0,-0.0017266222399001507,0.0032508486005052638,0.016299352806667812,1.9844674545084815,1.7128052363118005,1.7624104895028891,98.0,1.7376078629073448,0.024802626595544348,0.1243573020749063,1.9844674545084815,0.26336970660111464,0.28455678916074395,98.0,0.2739632478809293,0.010593541279814678,0.053114705730947225,1.9844674545084815,5.68592081598716,5.996586679700306,98.0,5.841253747843733,0.1553329318565728,0.7788201082113944,1.9844674545084815,1.268029760228372,1.3215777771664503,98.0,1.2948037686974112,0.026774008469039195,0.13424156696124032,1.9844674545084815,99.0,0.2222222222222222,0.012886172753909459,0.022647703759726447,98.0,0.017766938256817952,0.004880765502908493,0.024471554561524146,1.9844674545084815,XGBRegressor,"{'mode': 'original', 'type': 'XGBRegressor'}",9,"['re_T6W50', 'pe_T6W50', 'l2_T6W50', 'l3_T6W50', 'lsc_T6W50', 'z_re_T6W50', 'z_pe_T6W50', 'z_l2_T6W50', 'z_density_T6W50']",0.15738310675285427,0.2166095754158125,98.0,0.18699634108433338,0.0296132343314791,0.14847709427018083,1.9844674545084815,2.185378911927612,2.2640114371347253,98.0,2.2246951745311687,0.039316262603556584,0.19712687792208092,1.9844674545084815,completed,False,COMPLETE
56,1.7588829996090498,2026-06-13 08:22:36.226418,2026-06-13 08:22:39.628351,0 days 00:00:03.401933,,,,,,,,,,,,,,,XGBRegressor,,,,,,7,,,,,,,,True,gblinear,0.7126067522346167,0.1644047400164349,6.0,441.0,1.5930293410397775e-08,2.6187632305518894e-06,0.8999276279736577,-0.022834095134554644,-0.006116816941859582,98.0,-0.014475456038207114,0.008358639096347532,0.041909182603520896,1.9844674545084815,1.7328251512916555,1.7849408479264441,98.0,1.7588829996090498,0.02605784831739427,0.13065082853807194,1.9844674545084815,0.2654633215608705,0.28623920658907764,98.0,0.27585126407497407,0.010387942514103575,0.05208385894884244,1.9844674545084815,5.933261166309383,6.288442998831404,98.0,6.110852082570394,0.17759091626101012,0.8904188890702899,1.9844674545084815,1.40954584816527,1.4805357308697085,98.0,1.4450407895174893,0.035494941352219304,0.1779672458021837,1.9844674545084815,99.0,0.494949494949495,-0.024875241829902812,0.0063471706956883915,98.0,-0.00926403556710721,0.015611206262795602,0.07827265735335054,1.9844674545084815,XGBRegressor,"{'mode': 'original', 'type': 'XGBRegressor'}",7,"['re_T6W50', 'pe_T6W50', 'lsc_T6W50', 'z_re_T6W50', 'z_l2_T6W50', 'z_diameter_T6W50', 'z_asp_T6W50']",0.1299341070617257,0.17425528483742292,98.0,0.1520946959495743,0.022160588887848616,0.11111045178493603,1.9844674545084815,2.2128630006304757,2.290840065426978,98.0,2.2518515330287268,0.03898853239825127,0.19548367920749213,1.9844674545084815,completed,True,COMPLETE
57,1.7881157724568641,2026-06-13 08:22:39.641977,2026-06-13 08:22:42.519751,0 days 00:00:02.877774,,,,,,,,,,,,,,0.0023457196365169446,QuantileRegressor,,,,,,13,,,,,,,,False,,,,,,,,,-0.04340464013569734,-0.018889595021567968,98.0,-0.031147117578632654,0.012257522557064686,0.06145770204808491,1.9844674545084815,1.757232700096884,1.8189988448168444,98.0,1.7881157724568641,0.030883072359980127,0.15484390508709947,1.9844674545084815,0.2719427917285751,0.2930008618845484,98.0,0.28247182680656174,0.010529035077986658,0.052791279613333006,1.9844674545084815,6.139897537221341,6.53253607828932,98.0,6.3362168077553305,0.19631927053398984,0.9843205410069922,1.9844674545084815,1.3860705141300165,1.4661402349925416,98.0,1.426105374561279,0.04003486043126265,0.20072983855151957,1.9844674545084815,99.0,0.6767676767676768,-0.08794773347594498,-0.035293883888074265,98.0,-0.06162080868200962,0.02632692479393536,0.13199994471113416,1.9844674545084815,QuantileRegressor,"{'mode': 'original', 'type': 'QuantileRegressor'}",13,"['nodes_T6W50', 'edges_T6W50', 're_T6W50', 'pe_T6W50', 'l2_T6W50', 'lsc_T6W50', 'diameter_T6W50', 'z_re_T6W50', 'z_l1_T6W50', 'z_l2_T6W50', 'z_l3_T6W50', 'z_lsc_T6W50', 'z_diameter_T6W50']",0.10352621227883335,0.14810653506893534,98.0,0.12581637367388435,0.022290161395050995,0.11176011231007024,1.9844674545084815,2.263032511260074,2.350620405451185,98.0,2.3068264583556295,0.043793947095555376,0.21957743414936567,1.9844674545084815,completed,False,COMPLETE
58,1.7549552843670493,2026-06-13 08:22:42.554313,2026-06-13 08:22:44.728441,0 days 00:00:02.174128,,,,,,,,,,,euclidean,13.0,uniform,,KNeighborsRegressor,,,,,,7,10.0,4.0,2.0,30.0,,,ExtraTrees,,,,,,,,,,-0.022838627051653626,-0.002089451173405567,98.0,-0.012464039112529596,0.01037458793912403,0.05201690076163529,1.9844674545084815,1.728362528480088,1.7815480402540105,98.0,1.7549552843670493,0.026592755886961146,0.13333278893265096,1.9844674545084815,0.2615036433345638,0.28142932304782886,98.0,0.2714664831911963,0.009962839856632518,0.04995244680245829,1.9844674545084815,5.52366384811287,5.832979508530487,98.0,5.678321678321678,0.15465783020880877,0.7754352320484263,1.9844674545084815,1.4185227780076592,1.482798123313242,98.0,1.4506604506604506,0.032137672652791424,0.16113431578192597,1.9844674545084815,99.0,0.3333333333333333,0.007301675198305286,0.04211237115750992,98.0,0.0247070231779076,0.017405347979602314,0.0872682620157295,1.9844674545084815,KNeighborsRegressor,"{'mode': 'proxy', 'type': 'ExtraTrees'}",7,"['re_T6W50', 'pe_T6W50', 'l2_T6W50', 'l3_T6W50', 'lsc_T6W50', 'z_density_T6W50', 'z_diameter_T6W50']",0.1790302688093509,0.2291328872480794,98.0,0.20408157802871515,0.025051309219364232,0.12560416599280705,1.9844674545084815,2.174916947287996,2.250206467905259,98.0,2.2125617075966275,0.03764476030863129,0.188746172152545,1.9844674545084815,completed,True,COMPLETE
59,1.7575359375652795,2026-06-13 08:22:44.742889,2026-06-13 08:22:59.395298,0 days 00:00:14.652409,,,,,,,,,,,,,,,RandomForestRegressor,2.0,,3.0,4.0,146.0,9,,,,,,,,True,,,,,,,,,-0.023372576457573957,-0.004533489619931238,98.0,-0.013953033038752597,0.009419543418821359,0.04722842566006686,1.9844674545084815,1.7318142907830807,1.7832575843474783,98.0,1.7575359375652795,0.025721646782198782,0.1289651556231774,1.9844674545084815,0.26463352858232925,0.28504535827596755,98.0,0.2748394434291484,0.01020591484681914,0.0511711947388935,1.9844674545084815,5.7059131032107775,6.036756472446434,98.0,5.871334787828606,0.16542168461782827,0.8294038667442861,1.9844674545084815,1.4289349174269883,1.4903169312087259,98.0,1.459625924317857,0.030691006890868813,0.15388091258030082,1.9844674545084815,99.0,0.41414141414141414,-0.014844271887380491,0.020161438100397364,98.0,0.002658583106508436,0.017502854993888928,0.08775715012535579,1.9844674545084815,RandomForestRegressor,"{'mode': 'original', 'type': 'RandomForestRegressor'}",9,"['re_T6W50', 'pe_T6W50', 'l2_T6W50', 'l3_T6W50', 'lsc_T6W50', 'atd_T6W50', 'z_l1_T6W50', 'z_l3_T6W50', 'z_density_T6W50']",0.12905322609021147,0.1845537493192158,98.0,0.15680348770471364,0.02775026161450218,0.13913637948620602,1.9844674545084815,2.1997017363060314,2.27516796518681,98.0,2.237434850746421,0.037733114440389244,0.18918916884123296,1.9844674545084815,completed,True,COMPLETE
60,1.8088537491149002,2026-06-13 08:22:59.407918,2026-06-13 08:23:02.079119,0 days 00:00:02.671201,,,,,,,,,,,,,,,LinearRegression,,,,,,16,,,,,,,,True,,,,,,,,,-0.05894473618803933,-0.028385071498224362,98.0,-0.04366490384313185,0.015279832344907483,0.07661118951453862,1.9844674545084815,1.7758286725904529,1.8418788256393475,98.0,1.8088537491149002,0.03302507652444722,0.16558364903720976,1.9844674545084815,0.2704383211350701,0.29114528556263536,98.0,0.28079180334885273,0.010353482213782648,0.05191107926520315,1.9844674545084815,6.108576959589959,6.600485197596269,98.0,6.354531078593114,0.2459541190031553,1.2331835322206348,1.9844674545084815,1.41724158921068,1.4859943952203474,98.0,1.4516179922155137,0.034376403004833744,0.172359032873107,1.9844674545084815,99.0,0.6767676767676768,-0.12199717657688336,-0.04619209809241875,98.0,-0.08409463733465106,0.03790253924223231,0.1900386438426251,1.9844674545084815,LinearRegression,"{'mode': 'original', 'type': 'LinearRegression'}",16,"['edges_T6W50', 'pe_T6W50', 'l1_T6W50', 'l2_T6W50', 'lcc_T6W50', 'lsc_T6W50', 'atd_T6W50', 'density_T6W50', 'diameter_T6W50', 'asp_T6W50', 'z_l1_T6W50', 'z_l3_T6W50', 'z_lsc_T6W50', 'z_density_T6W50', 'z_diameter_T6W50', 'z_asp_T6W50']",0.14251379432393851,0.19254841378517662,98.0,0.16753110405455757,0.025017309730619056,0.1254336967614138,1.9844674545084815,2.277165466375205,2.3745489376087288,98.0,2.3258572019919668,0.04869173561676198,0.24413434001917045,1.9844674545084815,completed,True,COMPLETE
61,2.148895363895364,2026-06-13 08:23:02.091672,2026-06-13 08:23:02.294540,0 days 00:00:00.202868,18.0,5.0,15.0,,,,,,,,,,,,DecisionTreeRegressor,,,,,,15,,,,,,,,False,,,,,,,,,,,,,,,,,,,,,,,,,,,,,,,,,,,,,,,,,,,,,,,,,,,,,DecisionTreeRegressor,"{'mode': 'original', 'type': 'DecisionTreeRegressor'}",15,"['nodes_T6W50', 're_T6W50', 'pe_T6W50', 'l1_T6W50', 'l2_T6W50', 'l3_T6W50', 'asp_T6W50', 'z_re_T6W50', 'z_l1_T6W50', 'z_l2_T6W50', 'z_l3_T6W50', 'z_lsc_T6W50', 'z_density_T6W50', 'z_diameter_T6W50', 'z_asp_T6W50']",,,,,,,,,,,,,,,pruned,False,PRUNED
62,1.7930151185053147,2026-06-13 08:23:02.330005,2026-06-13 08:23:05.268702,0 days 00:00:02.938697,,,,,,,,,,,manhattan,15.0,uniform,,KNeighborsRegressor,,,,,,20,12.0,3.0,12.0,80.0,,,ExtraTrees,,,,,,,,,,-0.044156977721922806,-0.024395019972535063,98.0,-0.034275998847228935,0.00988097887469387,0.04954200596386898,1.9844674545084815,1.7658532835228615,1.8201769534877679,98.0,1.7930151185053147,0.027161834982453253,0.13618608113176586,1.9844674545084815,0.2692387547842089,0.28955405389768674,98.0,0.2793964043409478,0.010157649556738925,0.05092919854405031,1.9844674545084815,5.713851366445611,5.988505535911291,98.0,5.851178451178451,0.13732708473284044,0.6885410177588204,1.9844674545084815,1.4074279139841293,1.4679929614367462,98.0,1.4377104377104377,0.030282523726308373,0.1518328285158138,1.9844674545084815,99.0,0.5252525252525253,-0.037900077159145354,-0.006918584778543025,98.0,-0.02240933096884419,0.015490746190301165,0.0776686854487843,1.9844674545084815,KNeighborsRegressor,"{'mode': 'proxy', 'type': 'ExtraTrees'}",20,"['nodes_T6W50', 're_T6W50', 'pe_T6W50', 'l1_T6W50', 'l2_T6W50', 'l3_T6W50', 'lcc_T6W50', 'lsc_T6W50', 'atd_T6W50', 'diameter_T6W50', 'asp_T6W50', 'z_re_T6W50', 'z_pe_T6W50', 'z_l1_T6W50', 'z_l2_T6W50', 'z_l3_T6W50', 'z_lsc_T6W50', 'z_density_T6W50', 'z_diameter_T6W50', 'z_asp_T6W50']",0.08875901524761073,0.13620437298288646,98.0,0.1124816941152486,0.02372267886763787,0.11894257773887565,1.9844674545084815,2.228250632330199,2.304012211600666,98.0,2.2661314219654325,0.03788078963523342,0.18992959400319973,1.9844674545084815,completed,True,COMPLETE
63,1.8174488345985194,2026-06-13 08:23:05.281477,2026-06-13 08:23:07.299699,0 days 00:00:02.018222,,,,,,,,,,,,,,,LinearRegression,,,,,,17,,,,,,,,True,,,,,,,,,-0.06461905714021768,-0.03258825502500782,98.0,-0.048603656082612745,0.016015401057604926,0.08029924006230595,1.9844674545084815,1.7833581050687741,1.8515395641282646,98.0,1.8174488345985194,0.03409072952974528,0.1709267014021028,1.9844674545084815,0.27170792900846547,0.2925673091453053,98.0,0.2821376190768854,0.010429690068419912,0.05229317602270178,1.9844674545084815,6.1200021188234,6.615109624363546,98.0,6.367555871593473,0.24755375277007297,1.24120389807969,1.9844674545084815,1.4276090767612823,1.4967712423315886,98.0,1.4621901595464355,0.03458108278515325,0.17338527197612166,1.9844674545084815,99.0,0.6767676767676768,-0.1360675474263944,-0.055690966063653126,98.0,-0.09587925674502376,0.040188290681370635,0.20149911884877386,1.9844674545084815,LinearRegression,"{'mode': 'original', 'type': 'LinearRegression'}",17,"['edges_T6W50', 'pe_T6W50', 'l1_T6W50', 'l2_T6W50', 'lcc_T6W50', 'lsc_T6W50', 'atd_T6W50', 'density_T6W50', 'diameter_T6W50', 'asp_T6W50', 'z_l1_T6W50', 'z_l2_T6W50', 'z_l3_T6W50', 'z_lsc_T6W50', 'z_density_T6W50', 'z_diameter_T6W50', 'z_asp_T6W50']",0.13198311583835104,0.18259781859597063,98.0,0.15729046721716083,0.025307351378809805,0.12688792971208201,1.9844674545084815,2.2880598933054435,2.387128965281134,98.0,2.3375944292932886,0.04953453598784499,0.2483600368392984,1.9844674545084815,completed,True,COMPLETE
