number,value,datetime_start,datetime_complete,duration,params_dt_max_depth,params_dt_min_samples_leaf,params_dt_min_samples_split,params_elastic_alpha,params_elastic_l1_ratio,params_et_max_depth,params_et_max_features,params_et_min_samples_leaf,params_et_min_samples_split,params_et_n_estimators,params_knn_metric,params_knn_n_neighbors,params_knn_weights,params_quantile_alpha,params_regressor,params_rf_max_depth,params_rf_max_features,params_rf_min_samples_leaf,params_rf_min_samples_split,params_rf_n_estimators,params_rfe_n_features,params_rfe_proxy_et_max_depth,params_rfe_proxy_et_min_samples_leaf,params_rfe_proxy_et_min_samples_split,params_rfe_proxy_et_n_estimators,params_rfe_proxy_lsvr_C,params_rfe_proxy_lsvr_epsilon,params_rfe_proxy_type,params_use_scaler,params_xgb_booster,params_xgb_colsample_bytree,params_xgb_learning_rate,params_xgb_max_depth,params_xgb_n_estimators,params_xgb_reg_alpha,params_xgb_reg_lambda,params_xgb_subsample,user_attrs_d2mae_ci_lower_val,user_attrs_d2mae_ci_upper_val,user_attrs_d2mae_df_val,user_attrs_d2mae_mean_val,user_attrs_d2mae_samperror_val,user_attrs_d2mae_std_val,user_attrs_d2mae_t_critical_val,user_attrs_mae_ci_lower_val,user_attrs_mae_ci_upper_val,user_attrs_mae_df_val,user_attrs_mae_mean_val,user_attrs_mae_samperror_val,user_attrs_mae_std_val,user_attrs_mae_t_critical_val,user_attrs_mape_ci_lower_val,user_attrs_mape_ci_upper_val,user_attrs_mape_df_val,user_attrs_mape_mean_val,user_attrs_mape_samperror_val,user_attrs_mape_std_val,user_attrs_mape_t_critical_val,user_attrs_max_error_ci_lower_val,user_attrs_max_error_ci_upper_val,user_attrs_max_error_df_val,user_attrs_max_error_mean_val,user_attrs_max_error_samperror_val,user_attrs_max_error_std_val,user_attrs_max_error_t_critical_val,user_attrs_median_ae_ci_lower_val,user_attrs_median_ae_ci_upper_val,user_attrs_median_ae_df_val,user_attrs_median_ae_mean_val,user_attrs_median_ae_samperror_val,user_attrs_median_ae_std_val,user_attrs_median_ae_t_critical_val,user_attrs_n_splits_val,user_attrs_r2_below_zero_val,user_attrs_r2_ci_lower_val,user_attrs_r2_ci_upper_val,user_attrs_r2_df_val,user_attrs_r2_mean_val,user_attrs_r2_samperror_val,user_attrs_r2_std_val,user_attrs_r2_t_critical_val,user_attrs_regressor_final,user_attrs_rfe_estimator,user_attrs_rfe_n_features,user_attrs_rfe_selected_features,user_attrs_rho_ci_lower_val,user_attrs_rho_ci_upper_val,user_attrs_rho_df_val,user_attrs_rho_mean_val,user_attrs_rho_samperror_val,user_attrs_rho_std_val,user_attrs_rho_t_critical_val,user_attrs_rmse_ci_lower_val,user_attrs_rmse_ci_upper_val,user_attrs_rmse_df_val,user_attrs_rmse_mean_val,user_attrs_rmse_samperror_val,user_attrs_rmse_std_val,user_attrs_rmse_t_critical_val,user_attrs_termination_reason,user_attrs_use_scaler_final,state
194,1.7659233042436553,2026-06-13 08:35:19.408619,2026-06-13 08:35:26.949700,0 days 00:00:07.541081,,,,,,,,,,,,,,,RandomForestRegressor,10.0,sqrt,4.0,3.0,53.0,11,,,,,,,,True,,,,,,,,,-0.03087671005198478,-0.007160768180424085,98.0,-0.01901873911620443,0.011857970935780346,0.059454399636899906,1.9844674545084815,1.738423982945903,1.7934226255414076,98.0,1.7659233042436553,0.027499321297752382,0.137878195775194,1.9844674545084815,0.26562793393346473,0.2861817425139428,98.0,0.27590483822370376,0.010276904290239003,0.05152712702797933,1.9844674545084815,5.66543147962613,5.971533923764592,98.0,5.818482701695361,0.15305122206923139,0.7673798975474699,1.9844674545084815,1.416227008178778,1.490818167920034,98.0,1.453522588049406,0.037295579870628134,0.18699542462424862,1.9844674545084815,99.0,0.42424242424242425,-0.02859722987233385,0.014364575293575713,98.0,-0.007116327289379069,0.02148090258295478,0.10770258871816536,1.9844674545084815,RandomForestRegressor,"{'mode': 'original', 'type': 'RandomForestRegressor'}",11,"['re_T6W50', 'pe_T6W50', 'l2_T6W50', 'l3_T6W50', 'lsc_T6W50', 'atd_T6W50', 'diameter_T6W50', 'z_pe_T6W50', 'z_l2_T6W50', 'z_density_T6W50', 'z_diameter_T6W50']",0.13995294677371667,0.1963600560703036,98.0,0.16815650142201014,0.02820355464829347,0.141409134692776,1.9844674545084815,2.2083984378809633,2.2847736074551115,98.0,2.2465860226680374,0.038187584787073965,0.19146782694903644,1.9844674545084815,completed,True,COMPLETE
195,1.7270812665974469,2026-06-13 08:35:26.963064,2026-06-13 08:35:27.280660,0 days 00:00:00.317596,,,,,,,,,,,,,,,LinearRegression,,,,,,17,,,,,,,,False,,,,,,,,,,,,,,,,,,,,,,,,,,,,,,,,,,,,,,,,,,,,,,,,,,,,,LinearRegression,"{'mode': 'original', 'type': 'LinearRegression'}",17,"['edges_T6W50', 'pe_T6W50', 'l1_T6W50', 'l2_T6W50', 'lcc_T6W50', 'lsc_T6W50', 'atd_T6W50', 'density_T6W50', 'diameter_T6W50', 'asp_T6W50', 'z_l1_T6W50', 'z_l2_T6W50', 'z_l3_T6W50', 'z_lsc_T6W50', 'z_density_T6W50', 'z_diameter_T6W50', 'z_asp_T6W50']",,,,,,,,,,,,,,,pruned,False,PRUNED
196,1.746427853713297,2026-06-13 08:35:27.356555,2026-06-13 08:35:31.126559,0 days 00:00:03.770004,,,,,,,,,,,,,,,XGBRegressor,,,,,,17,,,,,,,,False,gblinear,0.9114919025208837,0.11941144217950807,10.0,86.0,2.4796739133918027,0.0007911989368573516,0.9025451592478313,-0.006929984318044985,-0.006153980084187405,98.0,-0.006541982201116195,0.00038800211692878943,0.0019453946248291537,1.9844674545084815,1.720786445739263,1.7720692616873308,98.0,1.746427853713297,0.02564140797403383,0.1285628481632533,1.9844674545084815,0.2649515595454217,0.2865765139276403,98.0,0.275764036736531,0.010812477191109298,0.054212423311423195,1.9844674545084815,5.72988430322846,6.048586054030655,98.0,5.889235178629558,0.1593508754010972,0.7989655801904026,1.9844674545084815,1.1339415523136485,1.217342474785961,98.0,1.1756420135498047,0.041700461236156214,0.20908095497995324,1.9844674545084815,99.0,1.0,-0.005710928237941765,-0.003378585106824165,98.0,-0.004544756672382965,0.0011661715655587998,0.005847039993555137,1.9844674545084815,XGBRegressor,"{'mode': 'original', 'type': 'XGBRegressor'}",17,"['l2_T6W50', 'l3_T6W50', 'lcc_T6W50', 'lsc_T6W50', 'atd_T6W50', 'density_T6W50', 'diameter_T6W50', 'asp_T6W50', 'z_re_T6W50', 'z_pe_T6W50', 'z_l1_T6W50', 'z_l2_T6W50', 'z_l3_T6W50', 'z_lsc_T6W50', 'z_density_T6W50', 'z_diameter_T6W50', 'z_asp_T6W50']",,,,,,,,2.210045856241971,2.290685092793868,98.0,2.2503654745179196,0.04031961827594857,0.2021575791649338,1.9844674545084815,completed,False,COMPLETE
197,1.7467960083056517,2026-06-13 08:35:31.139976,2026-06-13 08:35:52.812448,0 days 00:00:21.672472,,,,,,16.0,log2,4.0,6.0,350.0,,,,,ExtraTreesRegressor,,,,,,11,,,,,,,,False,,,,,,,,,-0.015940959119479216,0.0007393207409805034,98.0,-0.007600819189249357,0.00834013993022986,0.04181643007264811,1.9844674545084815,1.721497384712361,1.7720946318989426,98.0,1.7467960083056517,0.025298623593290853,0.12684416967497286,1.9844674545084815,0.2625908181631121,0.28269146158289543,98.0,0.27264113987300376,0.010050321709891653,0.0503910699946396,1.9844674545084815,5.55080717685816,5.821571473334637,98.0,5.686189325096398,0.13538214823823824,0.6787893467313977,1.9844674545084815,1.388225701586498,1.4407295008553613,98.0,1.4144776012209297,0.0262518996344316,0.13162377784075507,1.9844674545084815,99.0,0.37373737373737376,0.0018382763588577194,0.02939407443621358,98.0,0.01561617539753565,0.01377789903867793,0.06908068168144063,1.9844674545084815,ExtraTreesRegressor,"{'mode': 'original', 'type': 'ExtraTreesRegressor'}",11,"['nodes_T6W50', 're_T6W50', 'pe_T6W50', 'l2_T6W50', 'l3_T6W50', 'lcc_T6W50', 'lsc_T6W50', 'atd_T6W50', 'z_l3_T6W50', 'z_lsc_T6W50', 'z_density_T6W50']",0.1380491253527683,0.1893985653501889,98.0,0.1637238453514786,0.0256747199987103,0.128729870534834,1.9844674545084815,2.1871252422028555,2.260721007660204,98.0,2.2239231249315297,0.03679788272867423,0.18450003271140591,1.9844674545084815,completed,False,COMPLETE
198,1.753443203050532,2026-06-13 08:35:52.825228,2026-06-13 08:35:54.743800,0 days 00:00:01.918572,,,,0.02854162178907665,0.9271106288584273,,,,,,,,,,ElasticNet,,,,,,4,,,,,,,,True,,,,,,,,,-0.018002993031486947,-0.004006376416421476,98.0,-0.011004684723954212,0.006998308307532735,0.03508865227884846,1.9844674545084815,1.7270683508677505,1.7798180552333136,98.0,1.753443203050532,0.026374852182781558,0.1322402467109828,1.9844674545084815,0.26532907792839655,0.28621776971962887,98.0,0.2757734238240127,0.010444345895616164,0.05236665852758009,1.9844674545084815,5.779808303863571,6.102685162065836,98.0,5.941246732964704,0.1614384291011329,0.8094323162464767,1.9844674545084815,1.361886158986731,1.4258857658917026,98.0,1.3938859624392168,0.03199980345248586,0.16044305666373626,1.9844674545084815,99.0,0.43434343434343436,-0.002983189276607238,0.01985100205125033,98.0,0.008433906387321546,0.011417095663928784,0.05724390555282373,1.9844674545084815,ElasticNet,"{'mode': 'original', 'type': 'ElasticNet'}",4,"['re_T6W50', 'pe_T6W50', 'lsc_T6W50', 'z_l2_T6W50']",0.13934105385104423,0.18644795273229053,98.0,0.16289450329166738,0.023553449440623167,0.11809408232270827,1.9844674545084815,2.194558470925615,2.272734104016131,98.0,2.233646287470873,0.039087816545257906,0.1959814776407747,1.9844674545084815,completed,True,COMPLETE
199,1.7656813501249133,2026-06-13 08:35:54.756973,2026-06-13 08:35:54.919354,0 days 00:00:00.162381,,,,,,,,,,,,,,,LinearRegression,,,,,,19,,,,,,,,False,,,,,,,,,,,,,,,,,,,,,,,,,,,,,,,,,,,,,,,,,,,,,,,,,,,,,LinearRegression,"{'mode': 'original', 'type': 'LinearRegression'}",19,"['nodes_T6W50', 'edges_T6W50', 'pe_T6W50', 'l1_T6W50', 'l2_T6W50', 'lcc_T6W50', 'lsc_T6W50', 'atd_T6W50', 'density_T6W50', 'diameter_T6W50', 'asp_T6W50', 'z_re_T6W50', 'z_l1_T6W50', 'z_l2_T6W50', 'z_l3_T6W50', 'z_lsc_T6W50', 'z_density_T6W50', 'z_diameter_T6W50', 'z_asp_T6W50']",,,,,,,,,,,,,,,pruned,False,PRUNED
200,1.7462924432720672,2026-06-13 08:35:54.931420,2026-06-13 08:35:55.031693,0 days 00:00:00.100273,,,,,,,,,,,,,,,LinearRegression,,,,,,18,,,,,,,,False,,,,,,,,,,,,,,,,,,,,,,,,,,,,,,,,,,,,,,,,,,,,,,,,,,,,,LinearRegression,"{'mode': 'original', 'type': 'LinearRegression'}",18,"['edges_T6W50', 'pe_T6W50', 'l1_T6W50', 'l2_T6W50', 'lcc_T6W50', 'lsc_T6W50', 'atd_T6W50', 'density_T6W50', 'diameter_T6W50', 'asp_T6W50', 'z_re_T6W50', 'z_l1_T6W50', 'z_l2_T6W50', 'z_l3_T6W50', 'z_lsc_T6W50', 'z_density_T6W50', 'z_diameter_T6W50', 'z_asp_T6W50']",,,,,,,,,,,,,,,pruned,False,PRUNED
201,1.7349970291146763,2026-06-13 08:35:55.078226,2026-06-13 08:35:57.505525,0 days 00:00:02.427299,,,,,,,,,,,,,,0.05845961471326635,QuantileRegressor,,,,,,12,,,,,,,,False,,,,,,,,,0.0,0.0,98.0,0.0,0.0,0.0,1.9844674545084815,1.7097615267403508,1.760232531489002,98.0,1.7349970291146763,0.025235502374325525,0.1265276876901327,1.9844674545084815,0.25983396043683077,0.2806349322602259,98.0,0.27023444634852833,0.010400485911697585,0.05214674999296774,1.9844674545084815,5.70097731382373,6.036396423550007,98.0,5.8686868686868685,0.16770955486313893,0.8408749651825216,1.9844674545084815,1.033280465877702,1.1485377159404797,98.0,1.0909090909090908,0.057628625031388776,0.2889427981985323,1.9844674545084815,99.0,0.9797979797979798,-0.009845695376372022,-0.006666757700651824,98.0,-0.008256226538511923,0.0015894688378600991,0.007969400161994435,1.9844674545084815,QuantileRegressor,"{'mode': 'original', 'type': 'QuantileRegressor'}",12,"['density_T6W50', 'diameter_T6W50', 'asp_T6W50', 'z_re_T6W50', 'z_pe_T6W50', 'z_l1_T6W50', 'z_l2_T6W50', 'z_l3_T6W50', 'z_lsc_T6W50', 'z_density_T6W50', 'z_diameter_T6W50', 'z_asp_T6W50']",,,,,,,,2.2146203974868346,2.2936018858285863,98.0,2.2541111416577104,0.03949074417087585,0.1980017069201324,1.9844674545084815,completed,False,COMPLETE
202,1.7828696705600222,2026-06-13 08:35:57.518636,2026-06-13 08:35:59.727116,0 days 00:00:02.208480,,,,0.000787528498540362,0.6939495905101568,,,,,,,,,,ElasticNet,,,,,,6,,,,,,,,False,,,,,,,,,-0.038931651191363076,-0.018073711254038772,98.0,-0.028502681222700926,0.010428969968662154,0.052289565531580824,1.9844674545084815,1.7555123568414577,1.8102269842785867,98.0,1.7828696705600222,0.02735731371856451,0.1371661873371375,1.9844674545084815,0.2686834466458829,0.2891113456443806,98.0,0.27889739614513176,0.010213949499248887,0.051211479492422475,1.9844674545084815,5.9097336613474445,6.23467744944223,98.0,6.072205555394837,0.16247189404739218,0.8146139816644805,1.9844674545084815,1.4144693032993485,1.483704788272744,98.0,1.4490870457860463,0.034617742486697876,0.17356907918546696,1.9844674545084815,99.0,0.5555555555555556,-0.054590797462222465,-0.011699400751705127,98.0,-0.033145099106963796,0.02144569835525867,0.10752607907467843,1.9844674545084815,ElasticNet,"{'mode': 'original', 'type': 'ElasticNet'}",6,"['edges_T6W50', 're_T6W50', 'pe_T6W50', 'z_l2_T6W50', 'z_diameter_T6W50', 'z_asp_T6W50']",0.09670816649840511,0.1459109795335782,98.0,0.12130957301599166,0.024601406517586556,0.12334840949162527,1.9844674545084815,2.236564693626738,2.316396925300535,98.0,2.2764808094636364,0.03991611583689863,0.20013446784212297,1.9844674545084815,completed,False,COMPLETE
203,1.7399090015999654,2026-06-13 08:35:59.740541,2026-06-13 08:36:26.036324,0 days 00:00:26.295783,,,,,,6.0,,1.0,5.0,451.0,,,,,ExtraTreesRegressor,,,,,,7,,,,,,,,False,,,,,,,,,-0.014866349330720854,0.006658415069766131,98.0,-0.004103967130477362,0.010762382200243493,0.053961253223144816,1.9844674545084815,1.7143333248554833,1.7654846783444476,98.0,1.7399090015999654,0.025575676744482023,0.1282332799081477,1.9844674545084815,0.2603450795873011,0.27998547828731507,98.0,0.2701652789373081,0.009820199350007013,0.04923726494451216,1.9844674545084815,5.476346102636089,5.748149207674523,98.0,5.612247655155306,0.13590155251921646,0.6813935755544938,1.9844674545084815,1.434948474016153,1.4892731382722453,98.0,1.4621108061441992,0.02716233212804599,0.13618857375827917,1.9844674545084815,99.0,0.31313131313131315,0.01178374677365775,0.04990082346234788,98.0,0.030842285118002816,0.019058538344345066,0.09555715403221342,1.9844674545084815,ExtraTreesRegressor,"{'mode': 'original', 'type': 'ExtraTreesRegressor'}",7,"['nodes_T6W50', 're_T6W50', 'pe_T6W50', 'l3_T6W50', 'lsc_T6W50', 'z_lsc_T6W50', 'z_density_T6W50']",0.1865144734017068,0.23747543527474413,98.0,0.21199495433822546,0.025480480936518658,0.12775597990116813,1.9844674545084815,2.167262240490004,2.242183956390339,98.0,2.2047230984401716,0.03746085795016773,0.18782410847289224,1.9844674545084815,completed,False,COMPLETE
204,1.7496955903347746,2026-06-13 08:36:26.049387,2026-06-13 08:36:48.451902,0 days 00:00:22.402515,,,,,,15.0,log2,3.0,3.0,364.0,,,,,ExtraTreesRegressor,,,,,,13,,,,,,,,False,,,,,,,,,-0.01834689246112143,-0.00022129835132284233,98.0,-0.009284095406222137,0.009062797054899294,0.04543974351499314,1.9844674545084815,1.7237144380492015,1.7756767426203477,98.0,1.7496955903347746,0.025981152285573024,0.1302662841205523,1.9844674545084815,0.26280112066969363,0.28295326453829484,98.0,0.27287719260399423,0.010076071934300625,0.05052017843494885,1.9844674545084815,5.537526107608366,5.795013286201254,98.0,5.66626969690481,0.1287435892964441,0.6455044332773092,1.9844674545084815,1.3986027075891418,1.4526701535164102,98.0,1.425636430552776,0.027033722963634113,0.13554374331474695,1.9844674545084815,99.0,0.3434343434343434,-0.0028527320453371786,0.027580799833113713,98.0,0.012364033893888267,0.015216765939225446,0.07629498235672136,1.9844674545084815,ExtraTreesRegressor,"{'mode': 'original', 'type': 'ExtraTreesRegressor'}",13,"['nodes_T6W50', 're_T6W50', 'pe_T6W50', 'l1_T6W50', 'l2_T6W50', 'l3_T6W50', 'lcc_T6W50', 'lsc_T6W50', 'atd_T6W50', 'z_l2_T6W50', 'z_l3_T6W50', 'z_lsc_T6W50', 'z_density_T6W50']",0.13992326963535812,0.19196071641917334,98.0,0.16594199302726573,0.02601872339190761,0.13045466100078876,1.9844674545084815,2.190085424992514,2.264322111890439,98.0,2.2272037684414765,0.03711834344896271,0.1861067831272355,1.9844674545084815,completed,False,COMPLETE
205,1.7592094512890653,2026-06-13 08:36:48.465338,2026-06-13 08:36:51.302651,0 days 00:00:02.837313,,,,,,,,,,,minkowski,18.0,distance,,KNeighborsRegressor,,,,,,16,,,,,0.1748691422370216,0.0326366689670085,LinearSVR,,,,,,,,,,-0.02383614575397228,-0.005863722731137021,98.0,-0.01484993424255465,0.00898621151141763,0.04505575307234256,1.9844674545084815,1.7334772985964786,1.784941603981652,98.0,1.7592094512890653,0.02573215269258677,0.12901783095845523,1.9844674545084815,0.2652391374246074,0.28530633312757553,98.0,0.2752727352760915,0.010033597851484067,0.05030721863704897,1.9844674545084815,5.616064586402635,5.949752850968672,98.0,5.782908718685653,0.16684413228301875,0.8365358434042749,1.9844674545084815,1.3962656022022482,1.4489564416110463,98.0,1.4226110219066472,0.02634541970439914,0.1320926759046847,1.9844674545084815,99.0,0.3939393939393939,0.0007592170822257639,0.030040101331935323,98.0,0.015399659207080543,0.01464044212485478,0.0734053660332014,1.9844674545084815,KNeighborsRegressor,"{'mode': 'proxy', 'type': 'LinearSVR'}",16,"['nodes_T6W50', 'edges_T6W50', 're_T6W50', 'pe_T6W50', 'l1_T6W50', 'l3_T6W50', 'lsc_T6W50', 'density_T6W50', 'diameter_T6W50', 'z_re_T6W50', 'z_pe_T6W50', 'z_l1_T6W50', 'z_l2_T6W50', 'z_l3_T6W50', 'z_lsc_T6W50', 'z_diameter_T6W50']",0.1475508384468615,0.20032242347654,98.0,0.17393663096170076,0.02638579251483926,0.1322951001827818,1.9844674545084815,2.1861242630171414,2.2623598588701133,98.0,2.2242420609436273,0.038117797926486,0.19111792426153007,1.9844674545084815,completed,True,COMPLETE
206,2.2145596016184252,2026-06-13 08:36:51.315235,2026-06-13 08:36:51.473784,0 days 00:00:00.158549,10.0,5.0,5.0,,,,,,,,,,,,DecisionTreeRegressor,,,,,,20,,,,,,,,False,,,,,,,,,,,,,,,,,,,,,,,,,,,,,,,,,,,,,,,,,,,,,,,,,,,,,DecisionTreeRegressor,"{'mode': 'original', 'type': 'DecisionTreeRegressor'}",20,"['re_T6W50', 'pe_T6W50', 'l1_T6W50', 'l2_T6W50', 'l3_T6W50', 'lcc_T6W50', 'lsc_T6W50', 'atd_T6W50', 'density_T6W50', 'diameter_T6W50', 'asp_T6W50', 'z_re_T6W50', 'z_pe_T6W50', 'z_l1_T6W50', 'z_l2_T6W50', 'z_l3_T6W50', 'z_lsc_T6W50', 'z_density_T6W50', 'z_diameter_T6W50', 'z_asp_T6W50']",,,,,,,,,,,,,,,pruned,False,PRUNED
207,1.7435164119592266,2026-06-13 08:36:51.483214,2026-06-13 08:37:16.292139,0 days 00:00:24.808925,,,,,,3.0,log2,1.0,9.0,486.0,,,,,ExtraTreesRegressor,,,,,,22,,,,,,,,False,,,,,,,,,-0.010780036357931528,-1.421545763074291e-05,98.0,-0.005397125907781136,0.005382910450150393,0.02698924721996085,1.9844674545084815,1.7190026630223136,1.7680301608961395,98.0,1.7435164119592266,0.024513748936913042,0.12290890522392284,1.9844674545084815,0.26343538805569855,0.2841959899898796,98.0,0.2738156890227891,0.010380300967090523,0.05204554517725211,1.9844674545084815,5.6679048389870585,5.952810215774899,98.0,5.810357527380979,0.1424526883939205,0.7142401605629816,1.9844674545084815,1.3692266110828941,1.4171678066478604,98.0,1.3931972088653772,0.02397059778248317,0.12018561251443602,1.9844674545084815,99.0,0.2727272727272727,0.009704977116750946,0.02605049212164006,98.0,0.017877734619195503,0.008172757502444557,0.04097719528217365,1.9844674545084815,ExtraTreesRegressor,"{'mode': 'original', 'type': 'ExtraTreesRegressor'}",22,"['nodes_T6W50', 'edges_T6W50', 're_T6W50', 'pe_T6W50', 'l1_T6W50', 'l2_T6W50', 'l3_T6W50', 'lcc_T6W50', 'lsc_T6W50', 'atd_T6W50', 'density_T6W50', 'diameter_T6W50', 'asp_T6W50', 'z_re_T6W50', 'z_pe_T6W50', 'z_l1_T6W50', 'z_l2_T6W50', 'z_l3_T6W50', 'z_lsc_T6W50', 'z_density_T6W50', 'z_diameter_T6W50', 'z_asp_T6W50']",0.15592016648534587,0.20606607554034387,98.0,0.18099312101284487,0.025072954527498987,0.1257126928906277,1.9844674545084815,2.185383385444733,2.26167607000521,98.0,2.2235297277249715,0.038146342280238735,0.1912610421207813,1.9844674545084815,completed,False,COMPLETE
208,1.7187564585282396,2026-06-13 08:37:16.334823,2026-06-13 08:37:16.525957,0 days 00:00:00.191134,,,,,,,,,,,,,,,LinearRegression,,,,,,16,,,,,,,,True,,,,,,,,,,,,,,,,,,,,,,,,,,,,,,,,,,,,,,,,,,,,,,,,,,,,,LinearRegression,"{'mode': 'original', 'type': 'LinearRegression'}",16,"['edges_T6W50', 'pe_T6W50', 'l1_T6W50', 'l2_T6W50', 'lcc_T6W50', 'lsc_T6W50', 'atd_T6W50', 'density_T6W50', 'diameter_T6W50', 'asp_T6W50', 'z_l1_T6W50', 'z_l3_T6W50', 'z_lsc_T6W50', 'z_density_T6W50', 'z_diameter_T6W50', 'z_asp_T6W50']",,,,,,,,,,,,,,,pruned,True,PRUNED
209,1.9843137254901961,2026-06-13 08:37:16.535323,2026-06-13 08:37:17.134038,0 days 00:00:00.598715,,,,,,,,,,,minkowski,2.0,uniform,,KNeighborsRegressor,,,,,,6,8.0,1.0,10.0,60.0,,,ExtraTrees,,,,,,,,,,,,,,,,,,,,,,,,,,,,,,,,,,,,,,,,,,,,,,,,,,,,,,KNeighborsRegressor,"{'mode': 'proxy', 'type': 'ExtraTrees'}",6,"['re_T6W50', 'pe_T6W50', 'l2_T6W50', 'l3_T6W50', 'lsc_T6W50', 'z_density_T6W50']",,,,,,,,,,,,,,,pruned,True,PRUNED
210,1.7710186743275278,2026-06-13 08:37:17.171577,2026-06-13 08:37:20.221989,0 days 00:00:03.050412,,,,,,,,,,,,,,0.023421035943396177,QuantileRegressor,,,,,,17,,,,,,,,True,,,,,,,,,-0.02882904006309077,-0.01392347249314542,98.0,-0.021376256278118094,0.0074527837849726756,0.03736733611162402,1.9844674545084815,1.7453916305726735,1.796645718082382,98.0,1.7710186743275278,0.025627043754854233,0.12849082774490342,1.9844674545084815,0.2665630094290452,0.28703021068124657,98.0,0.2767966100551459,0.010233600626100693,0.051310007811937695,1.9844674545084815,5.735826917051176,6.0637165906658925,98.0,5.899771753858534,0.1639448368073587,0.8219991344842673,1.9844674545084815,1.2399441227546395,1.3687202567966887,98.0,1.3043321897756641,0.06438806702102455,0.3228338043032627,1.9844674545084815,99.0,0.8282828282828283,-0.03433321540206667,-0.01224683338925002,98.0,-0.023290024395658346,0.011043191006408326,0.05536919384584512,1.9844674545084815,QuantileRegressor,"{'mode': 'original', 'type': 'QuantileRegressor'}",17,"['pe_T6W50', 'l3_T6W50', 'lcc_T6W50', 'lsc_T6W50', 'atd_T6W50', 'density_T6W50', 'diameter_T6W50', 'asp_T6W50', 'z_re_T6W50', 'z_pe_T6W50', 'z_l1_T6W50', 'z_l2_T6W50', 'z_l3_T6W50', 'z_lsc_T6W50', 'z_density_T6W50', 'z_diameter_T6W50', 'z_asp_T6W50']",0.012320058795110202,0.07318592887138209,46.0,0.04275299383324615,0.030432935038135947,0.10365052773224034,2.012895598919429,2.230178031408404,2.308074755127778,98.0,2.269126393268091,0.038948361859687274,0.1952822690955642,1.9844674545084815,completed,True,COMPLETE
