number,value,datetime_start,datetime_complete,duration,params_dt_max_depth,params_dt_min_samples_leaf,params_dt_min_samples_split,params_elastic_alpha,params_elastic_l1_ratio,params_et_max_depth,params_et_max_features,params_et_min_samples_leaf,params_et_min_samples_split,params_et_n_estimators,params_knn_metric,params_knn_n_neighbors,params_knn_weights,params_quantile_alpha,params_regressor,params_rf_max_depth,params_rf_max_features,params_rf_min_samples_leaf,params_rf_min_samples_split,params_rf_n_estimators,params_rfe_n_features,params_rfe_proxy_et_max_depth,params_rfe_proxy_et_min_samples_leaf,params_rfe_proxy_et_min_samples_split,params_rfe_proxy_et_n_estimators,params_rfe_proxy_lsvr_C,params_rfe_proxy_lsvr_epsilon,params_rfe_proxy_type,params_use_scaler,params_xgb_booster,params_xgb_colsample_bytree,params_xgb_learning_rate,params_xgb_max_depth,params_xgb_n_estimators,params_xgb_reg_alpha,params_xgb_reg_lambda,params_xgb_subsample,user_attrs_d2mae_ci_lower_val,user_attrs_d2mae_ci_upper_val,user_attrs_d2mae_df_val,user_attrs_d2mae_mean_val,user_attrs_d2mae_samperror_val,user_attrs_d2mae_std_val,user_attrs_d2mae_t_critical_val,user_attrs_mae_ci_lower_val,user_attrs_mae_ci_upper_val,user_attrs_mae_df_val,user_attrs_mae_mean_val,user_attrs_mae_samperror_val,user_attrs_mae_std_val,user_attrs_mae_t_critical_val,user_attrs_mape_ci_lower_val,user_attrs_mape_ci_upper_val,user_attrs_mape_df_val,user_attrs_mape_mean_val,user_attrs_mape_samperror_val,user_attrs_mape_std_val,user_attrs_mape_t_critical_val,user_attrs_max_error_ci_lower_val,user_attrs_max_error_ci_upper_val,user_attrs_max_error_df_val,user_attrs_max_error_mean_val,user_attrs_max_error_samperror_val,user_attrs_max_error_std_val,user_attrs_max_error_t_critical_val,user_attrs_median_ae_ci_lower_val,user_attrs_median_ae_ci_upper_val,user_attrs_median_ae_df_val,user_attrs_median_ae_mean_val,user_attrs_median_ae_samperror_val,user_attrs_median_ae_std_val,user_attrs_median_ae_t_critical_val,user_attrs_n_splits_val,user_attrs_r2_below_zero_val,user_attrs_r2_ci_lower_val,user_attrs_r2_ci_upper_val,user_attrs_r2_df_val,user_attrs_r2_mean_val,user_attrs_r2_samperror_val,user_attrs_r2_std_val,user_attrs_r2_t_critical_val,user_attrs_regressor_final,user_attrs_rfe_estimator,user_attrs_rfe_n_features,user_attrs_rfe_selected_features,user_attrs_rho_ci_lower_val,user_attrs_rho_ci_upper_val,user_attrs_rho_df_val,user_attrs_rho_mean_val,user_attrs_rho_samperror_val,user_attrs_rho_std_val,user_attrs_rho_t_critical_val,user_attrs_rmse_ci_lower_val,user_attrs_rmse_ci_upper_val,user_attrs_rmse_df_val,user_attrs_rmse_mean_val,user_attrs_rmse_samperror_val,user_attrs_rmse_std_val,user_attrs_rmse_t_critical_val,user_attrs_termination_reason,user_attrs_use_scaler_final,state
23,1.7782422299057428,2026-06-13 08:18:36.180638,2026-06-13 08:18:41.311630,0 days 00:00:05.130992,,,,,,19.0,log2,2.0,3.0,54.0,,,,,ExtraTreesRegressor,,,,,,15,,,,,,,,True,,,,,,,,,-0.03615278972827014,-0.015887702096407264,98.0,-0.026020245912338705,0.010132543815931441,0.05080332146480695,1.9844674545084815,1.7520532987380615,1.804431161073424,98.0,1.7782422299057428,0.026188931167681364,0.13130806173662846,1.9844674545084815,0.26599577114617806,0.2860011529294166,98.0,0.2759984620377973,0.010002690891619277,0.05015225496296724,1.9844674545084815,5.530739707290445,5.77531316630836,98.0,5.6530264367994025,0.12228672950895733,0.6131305369097344,1.9844674545084815,1.4263330306296729,1.4915917550758044,98.0,1.4589623928527387,0.03262936222306589,0.16359958647340536,1.9844674545084815,99.0,0.47474747474747475,-0.022599163278127544,0.010700400631362867,98.0,-0.005949381323382339,0.016649781954745205,0.08347994741813074,1.9844674545084815,ExtraTreesRegressor,"{'mode': 'original', 'type': 'ExtraTreesRegressor'}",15,"['nodes_T6W50', 're_T6W50', 'l1_T6W50', 'l2_T6W50', 'l3_T6W50', 'lcc_T6W50', 'lsc_T6W50', 'atd_T6W50', 'asp_T6W50', 'z_pe_T6W50', 'z_l2_T6W50', 'z_l3_T6W50', 'z_lsc_T6W50', 'z_density_T6W50', 'z_diameter_T6W50']",0.12371802408927114,0.1761246923711827,98.0,0.14992135823022693,0.02620333414095578,0.1313802764632165,1.9844674545084815,2.2104907407380834,2.282881397048727,98.0,2.246686068893405,0.03619532815532174,0.1814788986066626,1.9844674545084815,completed,True,COMPLETE
24,1.7975833464012447,2026-06-13 08:18:41.323932,2026-06-13 08:18:43.329428,0 days 00:00:02.005496,,,,,,,,,,,manhattan,10.0,distance,,KNeighborsRegressor,,,,,,4,,,,,1.111840595313212,0.029707920514735964,LinearSVR,,,,,,,,,,-0.04826343757481587,-0.026389578138786313,98.0,-0.03732650785680109,0.010936929718014778,0.05483641288860574,1.9844674545084815,1.7709893352548234,1.824177357547666,98.0,1.7975833464012447,0.02659401114642128,0.13333908264832922,1.9844674545084815,0.2700071048611685,0.28957037401115526,98.0,0.2797887394361619,0.009781634574993363,0.049043905932419266,1.9844674545084815,5.7784069889340905,6.070137311867846,98.0,5.924272150400968,0.14586516146687808,0.7313498784842482,1.9844674545084815,1.3993302920966317,1.479105265115618,98.0,1.4392177786061249,0.039887486509493114,0.19999092393548654,1.9844674545084815,99.0,0.6868686868686869,-0.07016790283533109,-0.03159786407995967,98.0,-0.05088288345764538,0.01928501937768571,0.0966927019214212,1.9844674545084815,KNeighborsRegressor,"{'mode': 'proxy', 'type': 'LinearSVR'}",4,"['re_T6W50', 'pe_T6W50', 'lsc_T6W50', 'z_diameter_T6W50']",0.07366995612946536,0.12390822261532,98.0,0.09878908937239268,0.02511913324292732,0.12594422725824114,1.9844674545084815,2.257711058303411,2.334188130706623,98.0,2.295949594505017,0.038238536201606166,0.19172329103965263,1.9844674545084815,completed,True,COMPLETE
25,1.982257067319024,2026-06-13 08:18:43.363462,2026-06-13 08:19:03.712697,0 days 00:00:20.349235,,,,,,,,,,,,,,,XGBRegressor,,,,,,21,,,,,,,,True,gbtree,0.6881297927654579,0.2769773095430998,10.0,416.0,5.642953223871804e-08,0.09870115694031281,0.8766890926294708,-0.1662605958188909,-0.12362351448533321,98.0,-0.14494205515211206,0.021318540666778844,0.1068885261519459,1.9844674545084815,1.9440631498395584,2.0204509847984897,98.0,1.982257067319024,0.03819391747946577,0.19149957828543948,1.9844674545084815,0.2940922198461239,0.3162331593183537,98.0,0.3051626895822388,0.01107046973611493,0.05550596602266584,1.9844674545084815,6.218684410229979,6.647007054126723,98.0,6.432845732178351,0.21416132194837204,1.0737783800317078,1.9844674545084815,1.610792125867898,1.7105607268474883,98.0,1.6606764263576932,0.04988430048979505,0.25011371279198547,1.9844674545084815,99.0,0.9393939393939394,-0.30607596337076903,-0.22149658721605595,98.0,-0.2637862752934125,0.04228968807735653,0.2120352654841058,1.9844674545084815,XGBRegressor,"{'mode': 'original', 'type': 'XGBRegressor'}",21,"['nodes_T6W50', 're_T6W50', 'pe_T6W50', 'l1_T6W50', 'l2_T6W50', 'l3_T6W50', 'lcc_T6W50', 'lsc_T6W50', 'atd_T6W50', 'density_T6W50', 'diameter_T6W50', 'asp_T6W50', 'z_re_T6W50', 'z_pe_T6W50', 'z_l1_T6W50', 'z_l2_T6W50', 'z_l3_T6W50', 'z_lsc_T6W50', 'z_density_T6W50', 'z_diameter_T6W50', 'z_asp_T6W50']",0.06409482850640409,0.11934468022198995,98.0,0.09171975436419702,0.027624925857792932,0.13850796150402833,1.9844674545084815,2.463623746245592,2.551100695032759,98.0,2.5073622206391755,0.043738474393583436,0.21929930088273517,1.9844674545084815,completed,True,COMPLETE
26,1.8056762864930158,2026-06-13 08:19:03.730818,2026-06-13 08:19:44.493685,0 days 00:00:40.762867,,,,,,,,,,,,,,,XGBRegressor,,,,,,20,,,,,,,,True,gbtree,0.6117979192597263,0.005102035565208404,5.0,483.0,4.666624480502756,1.286442182600391e-08,0.9342995640947301,-0.052798608999930045,-0.03148444144958661,98.0,-0.04214152522475833,0.010657083775171718,0.05343329994351051,1.9844674545084815,1.7800514860918601,1.8313010868941715,98.0,1.8056762864930158,0.02562480040115562,0.12847957984692435,1.9844674545084815,0.2709385287952214,0.2909046325572908,98.0,0.2809215806762561,0.009983051881034734,0.050053787392917506,1.9844674545084815,5.7332088880169305,5.981318617799905,98.0,5.857263752908418,0.12405486489148713,0.6219957490286029,1.9844674545084815,1.4435827617350558,1.5044020107641056,98.0,1.4739923862495807,0.030409624514524874,0.15247009614766363,1.9844674545084815,99.0,0.6565656565656566,-0.06734662831277184,-0.029473540616698466,98.0,-0.04841008446473515,0.018936543848036686,0.09494548871642694,1.9844674545084815,XGBRegressor,"{'mode': 'original', 'type': 'XGBRegressor'}",20,"['nodes_T6W50', 're_T6W50', 'pe_T6W50', 'l1_T6W50', 'l2_T6W50', 'l3_T6W50', 'lcc_T6W50', 'lsc_T6W50', 'atd_T6W50', 'density_T6W50', 'diameter_T6W50', 'asp_T6W50', 'z_pe_T6W50', 'z_l1_T6W50', 'z_l2_T6W50', 'z_l3_T6W50', 'z_lsc_T6W50', 'z_density_T6W50', 'z_diameter_T6W50', 'z_asp_T6W50']",0.08254187866812968,0.13053662541773314,98.0,0.10653925204293141,0.02399737337480174,0.12031986202262292,1.9844674545084815,2.2559464509094744,2.3299903030762645,98.0,2.2929683769928695,0.03702192608339512,0.18562335838151484,1.9844674545084815,completed,True,COMPLETE
27,1.7405582421905452,2026-06-13 08:19:44.519602,2026-06-13 08:19:46.216828,0 days 00:00:01.697226,,,,0.08347790852520648,0.901158010490989,,,,,,,,,,ElasticNet,,,,,,2,,,,,,,,False,,,,,,,,,-0.011982817345553627,0.004146593255823489,98.0,-0.003918112044865069,0.008064705300688558,0.040435434906841324,1.9844674545084815,1.7152245380903746,1.7658919462907159,98.0,1.7405582421905452,0.025333704100170742,0.1270200589975895,1.9844674545084815,0.2628878283981979,0.28351731436354277,98.0,0.27320257138087034,0.010314742982672431,0.051716845551819414,1.9844674545084815,5.683725678573299,6.008732389591967,98.0,5.846229034082633,0.16250335550933434,0.8147717255433955,1.9844674545084815,1.417477604132069,1.466784850876517,98.0,1.442131227504293,0.024653623372224105,0.12361021834241569,1.9844674545084815,99.0,0.36363636363636365,0.003418086326860534,0.029910695145425194,98.0,0.016664390736142863,0.013246304409282329,0.06641533195912443,1.9844674545084815,ElasticNet,"{'mode': 'original', 'type': 'ElasticNet'}",2,"['re_T6W50', 'l3_T6W50']",0.15244489117662657,0.20652261672954736,98.0,0.17948375395308697,0.027038862776460396,0.13556951370054798,1.9844674545084815,2.1856200681979714,2.2612318661408985,98.0,2.223425967169435,0.03780589897146364,0.18955410147779594,1.9844674545084815,completed,False,COMPLETE
28,1.8549951730745646,2026-06-13 08:19:46.234191,2026-06-13 08:19:52.148329,0 days 00:00:05.914138,,,,0.0002447220966646715,0.9743948076661665,,,,,,,,,,ElasticNet,,,,,,22,,,,,,,,False,,,,,,,,,-0.08753461044897884,-0.05374481314827356,98.0,-0.0706397117986262,0.016894898650352642,0.0847089322130207,1.9844674545084815,1.8209850768619376,1.8890052692871917,98.0,1.8549951730745646,0.034010096212627045,0.17052241592308115,1.9844674545084815,0.277811251444519,0.29911522871820184,98.0,0.28846324008136043,0.010651988636841393,0.053407753550106705,1.9844674545084815,6.404627651170708,7.005282159355094,98.0,6.704954905262901,0.3003272540921926,1.5058037064985392,1.9844674545084815,1.4119991531761553,1.4839403051165767,98.0,1.447969729146366,0.0359705759702106,0.18035201894864758,1.9844674545084815,99.0,0.7474747474747475,-0.20882625325876442,-0.11445665391686048,98.0,-0.16164145358781246,0.047184799670951974,0.23657874956995995,1.9844674545084815,ElasticNet,"{'mode': 'original', 'type': 'ElasticNet'}",22,"['nodes_T6W50', 'edges_T6W50', 're_T6W50', 'pe_T6W50', 'l1_T6W50', 'l2_T6W50', 'l3_T6W50', 'lcc_T6W50', 'lsc_T6W50', 'atd_T6W50', 'density_T6W50', 'diameter_T6W50', 'asp_T6W50', 'z_re_T6W50', 'z_pe_T6W50', 'z_l1_T6W50', 'z_l2_T6W50', 'z_l3_T6W50', 'z_lsc_T6W50', 'z_density_T6W50', 'z_diameter_T6W50', 'z_asp_T6W50']",0.09364272528237814,0.14564937459279026,98.0,0.11964604993758421,0.02600332465520606,0.13037745363953654,1.9844674545084815,2.3514415398746253,2.455157640637136,98.0,2.4032995902558807,0.051858050381255266,0.26000985062751314,1.9844674545084815,completed,False,COMPLETE
29,2.260667275471436,2026-06-13 08:19:52.160557,2026-06-13 08:19:53.912995,0 days 00:00:01.752438,13.0,5.0,9.0,,,,,,,,,,,,DecisionTreeRegressor,,,,,,20,,,,,,,,True,,,,,,,,,-0.3297530323636937,-0.2829611178579857,98.0,-0.3063570751108397,0.02339595725285399,0.11730443597241537,1.9844674545084815,2.2203317388385018,2.3010028121043704,98.0,2.260667275471436,0.040335536632934245,0.2022373918380222,1.9844674545084815,0.32745317367963356,0.3499532976866312,98.0,0.3387032356831324,0.011250062003498817,0.05640641943873216,1.9844674545084815,6.822173441792452,7.29522565742483,98.0,7.058699549608641,0.2365261078161889,1.1859126502184116,1.9844674545084815,1.8578641199261199,1.96328532841631,98.0,1.910574724171215,0.052710604245095126,0.264284450253978,1.9844674545084815,99.0,1.0,-0.6678190303436314,-0.5517456280390337,98.0,-0.6097823291913326,0.05803670115229891,0.2909888413965013,1.9844674545084815,DecisionTreeRegressor,"{'mode': 'original', 'type': 'DecisionTreeRegressor'}",20,"['re_T6W50', 'pe_T6W50', 'l1_T6W50', 'l2_T6W50', 'l3_T6W50', 'lcc_T6W50', 'lsc_T6W50', 'atd_T6W50', 'density_T6W50', 'diameter_T6W50', 'asp_T6W50', 'z_re_T6W50', 'z_pe_T6W50', 'z_l1_T6W50', 'z_l2_T6W50', 'z_l3_T6W50', 'z_lsc_T6W50', 'z_density_T6W50', 'z_diameter_T6W50', 'z_asp_T6W50']",0.019671292494463834,0.0729483765657262,98.0,0.04630983453009502,0.026638542035631183,0.13356235501909236,1.9844674545084815,2.7763424588550882,2.875642305942834,98.0,2.8259923823989612,0.04964992354387301,0.2489385757736885,1.9844674545084815,completed,True,COMPLETE
30,1.7768740370568392,2026-06-13 08:19:53.925121,2026-06-13 08:20:18.520639,0 days 00:00:24.595518,,,,,,10.0,log2,2.0,6.0,428.0,,,,,ExtraTreesRegressor,,,,,,22,,,,,,,,True,,,,,,,,,-0.03468511479776268,-0.0157155355646309,98.0,-0.02520032518119679,0.00948478961656589,0.047555562025681196,1.9844674545084815,1.7513496070377692,1.8023984670759092,98.0,1.7768740370568392,0.02552443001907002,0.12797633516530524,1.9844674545084815,0.266521341508983,0.28658837086196765,98.0,0.2765548561854753,0.010033514676492338,0.05030680160792782,1.9844674545084815,5.563431940743225,5.8123722099259165,98.0,5.687902075334571,0.12447013459134576,0.6240778599416927,1.9844674545084815,1.4226395011853334,1.478185971205746,98.0,1.4504127361955397,0.027773235010206336,0.13925156525083715,1.9844674545084815,99.0,0.4444444444444444,-0.018960506088703824,0.01282090530445111,98.0,-0.0030698003921263576,0.015890705696577467,0.07967403294487038,1.9844674545084815,ExtraTreesRegressor,"{'mode': 'original', 'type': 'ExtraTreesRegressor'}",22,"['nodes_T6W50', 'edges_T6W50', 're_T6W50', 'pe_T6W50', 'l1_T6W50', 'l2_T6W50', 'l3_T6W50', 'lcc_T6W50', 'lsc_T6W50', 'atd_T6W50', 'density_T6W50', 'diameter_T6W50', 'asp_T6W50', 'z_re_T6W50', 'z_pe_T6W50', 'z_l1_T6W50', 'z_l2_T6W50', 'z_l3_T6W50', 'z_lsc_T6W50', 'z_density_T6W50', 'z_diameter_T6W50', 'z_asp_T6W50']",0.122003746186051,0.16945923035469654,98.0,0.14573148827037377,0.023727742084322764,0.11896796408109746,1.9844674545084815,2.2076839629116334,2.2800970104463083,98.0,2.243890486678971,0.03620652376733727,0.18153503202059626,1.9844674545084815,completed,True,COMPLETE
31,1.7902273156863435,2026-06-13 08:20:18.533095,2026-06-13 08:20:20.329264,0 days 00:00:01.796169,,,,,,,,,,,,,,,LinearRegression,,,,,,6,,,,,,,,True,,,,,,,,,-0.040176200974085405,-0.02485654855300895,98.0,-0.03251637476354718,0.007659826210538229,0.03840542122568214,1.9844674545084815,1.764277301584583,1.816177329788104,98.0,1.7902273156863435,0.02595001410176066,0.130110161118196,1.9844674545084815,0.2697378372371025,0.29079996685366755,98.0,0.280268902045385,0.010531064808282527,0.05280145642999239,1.9844674545084815,5.937540500401891,6.255379801798576,98.0,6.096460151100233,0.1589196506983423,0.7968034728661612,1.9844674545084815,1.3792924149190948,1.4424620114752653,98.0,1.41087721319718,0.031584798278085344,0.15836227204857597,1.9844674545084815,99.0,0.7171717171717171,-0.05246223503310106,-0.024310656771918085,98.0,-0.03838644590250957,0.014075789130591487,0.07057426575821218,1.9844674545084815,LinearRegression,"{'mode': 'original', 'type': 'LinearRegression'}",6,"['l2_T6W50', 'atd_T6W50', 'density_T6W50', 'z_density_T6W50', 'z_diameter_T6W50', 'z_asp_T6W50']",0.05153629546570487,0.09470540490242252,98.0,0.0731208501840637,0.021584554718358823,0.10822228770502448,1.9844674545084815,2.2464857473451003,2.321699542279947,98.0,2.2840926448125236,0.037606897467423295,0.18855633254973603,1.9844674545084815,completed,True,COMPLETE
32,2.051342495089827,2026-06-13 08:20:20.341271,2026-06-13 08:20:22.197531,0 days 00:00:01.856260,12.0,3.0,18.0,,,,,,,,,,,,DecisionTreeRegressor,,,,,,4,,,,,,,,True,,,,,,,,,-0.20804660120591542,-0.16275702035301406,98.0,-0.18540181077946474,0.022644790426450668,0.11353817841175573,1.9844674545084815,2.012515848723869,2.090169141455785,98.0,2.051342495089827,0.03882664636595769,0.19467200266419984,1.9844674545084815,0.2974961132836657,0.3180252939010532,98.0,0.30776070359235946,0.010264590308693736,0.05146538624754745,1.9844674545084815,6.355144652822013,6.756502579591707,98.0,6.55582361620686,0.2006789633848471,1.00617950173921,1.9844674545084815,1.6228831150710155,1.7257305815513495,98.0,1.6743068483111825,0.05142373324016703,0.2578322381999519,1.9844674545084815,99.0,0.9494949494949495,-0.39456771065063045,-0.3010792340169127,98.0,-0.3478234723337716,0.04674423831685885,0.23436982943069812,1.9844674545084815,DecisionTreeRegressor,"{'mode': 'original', 'type': 'DecisionTreeRegressor'}",4,"['re_T6W50', 'pe_T6W50', 'l2_T6W50', 'l3_T6W50']",0.09108840553753084,0.14092209266397884,98.0,0.11600524910075484,0.02491684356322401,0.12492997182410018,1.9844674545084815,2.542681591579884,2.6321406787385526,98.0,2.5874111351592184,0.04472954357933425,0.22426839920120464,1.9844674545084815,completed,True,COMPLETE
33,1.7571885252957176,2026-06-13 08:20:22.212629,2026-06-13 08:20:24.016685,0 days 00:00:01.804056,,,,0.015394819813084208,0.9041586944937484,,,,,,,,,,ElasticNet,,,,,,9,,,,,,,,True,,,,,,,,,-0.025407811757032453,-0.0021683145686446897,98.0,-0.013788063162838572,0.011619748594193883,0.05825998228035343,1.9844674545084815,1.729161097708088,1.7852159528833471,98.0,1.7571885252957176,0.028027427587629574,0.14052605539461488,1.9844674545084815,0.2650678512176072,0.2853191717475116,98.0,0.2751935114825594,0.010125660264952234,0.050768808191578745,1.9844674545084815,5.82525447503727,6.191767276455651,98.0,6.0085108757464605,0.1832564007091907,0.9188249273666389,1.9844674545084815,1.416148265952435,1.4772924085759356,98.0,1.4467203372641853,0.030572071311750326,0.15328458429696695,1.9844674545084815,99.0,0.43434343434343436,-0.029284875486296227,0.018203641241480786,98.0,-0.005540617122407721,0.023744258363888507,0.11905077466404919,1.9844674545084815,ElasticNet,"{'mode': 'original', 'type': 'ElasticNet'}",9,"['edges_T6W50', 're_T6W50', 'pe_T6W50', 'lsc_T6W50', 'z_re_T6W50', 'z_l2_T6W50', 'z_l3_T6W50', 'z_diameter_T6W50', 'z_asp_T6W50']",0.14796783737806524,0.1995933448691753,98.0,0.17378059112362026,0.02581275374555503,0.12942195466901943,1.9844674545084815,2.203721331807379,2.287032790136563,98.0,2.245377060971971,0.041655729164591676,0.2088566739057469,1.9844674545084815,completed,True,COMPLETE
34,1.7979102349551237,2026-06-13 08:20:24.029227,2026-06-13 08:20:26.000900,0 days 00:00:01.971673,,,,,,,,,,,euclidean,10.0,distance,,KNeighborsRegressor,,,,,,4,3.0,1.0,3.0,20.0,,,ExtraTrees,,,,,,,,,,-0.04842179038960451,-0.025757690872483533,98.0,-0.03708974063104402,0.011332049758560486,0.056817495902080566,1.9844674545084815,1.7689067693313665,1.826913700578881,98.0,1.7979102349551237,0.029003465623757222,0.14541978938797867,1.9844674545084815,0.27041773537782854,0.29109707599956236,98.0,0.28075740568869545,0.010339670310866925,0.05184182809228791,1.9844674545084815,5.613955794037497,5.887343236963036,98.0,5.750649515500267,0.13669372146277006,0.6853654126592604,1.9844674545084815,1.4701833131696782,1.540444717500256,98.0,1.5053140153349671,0.03513070216528886,0.17614099556928436,1.9844674545084815,99.0,0.5353535353535354,-0.047561992602709185,-0.007971811063277396,98.0,-0.027766901832993292,0.019795090769715896,0.0992501367936561,1.9844674545084815,KNeighborsRegressor,"{'mode': 'proxy', 'type': 'ExtraTrees'}",4,"['re_T6W50', 'pe_T6W50', 'l3_T6W50', 'lcc_T6W50']",0.13854573705981432,0.18652672246652002,98.0,0.16253622976316717,0.02399049270335285,0.12028536318700357,1.9844674545084815,2.2308729707570323,2.3111412555781947,98.0,2.2710071131676135,0.04013414241058108,0.20122762611628156,1.9844674545084815,completed,True,COMPLETE
35,1.770190735908494,2026-06-13 08:20:26.014183,2026-06-13 08:20:42.713307,0 days 00:00:16.699124,,,,,,,,,,,,,,,RandomForestRegressor,5.0,sqrt,1.0,2.0,175.0,12,,,,,,,,False,,,,,,,,,-0.03274327595944114,-0.010385274053584154,98.0,-0.021564275006512645,0.011179000952928491,0.056050128120250516,1.9844674545084815,1.7438206385085875,1.7965608333084007,98.0,1.770190735908494,0.02637009739990664,0.13221640681773605,1.9844674545084815,0.26557420109620083,0.2857951437215461,98.0,0.27568467240887345,0.010110471312672608,0.05069265266347116,1.9844674545084815,5.621252283300841,5.89192982126262,98.0,5.75659105228173,0.13533876898088948,0.6785718485003484,1.9844674545084815,1.4273199270615513,1.4941421136815491,98.0,1.4607310203715502,0.03341109330999896,0.16751908945606708,1.9844674545084815,99.0,0.42424242424242425,-0.027117851493648457,0.01364080797105392,98.0,-0.006738521761297268,0.020379329732351188,0.1021794386916018,1.9844674545084815,RandomForestRegressor,"{'mode': 'original', 'type': 'RandomForestRegressor'}",12,"['re_T6W50', 'pe_T6W50', 'l2_T6W50', 'l3_T6W50', 'lcc_T6W50', 'lsc_T6W50', 'atd_T6W50', 'asp_T6W50', 'z_pe_T6W50', 'z_l1_T6W50', 'z_l3_T6W50', 'z_density_T6W50']",0.13005715266111775,0.18539885977235956,98.0,0.15772800621673866,0.027670853555620916,0.13873823730044038,1.9844674545084815,2.2096173046625243,2.2826413813604383,98.0,2.2461293430114813,0.03651203834895713,0.1830668443457318,1.9844674545084815,completed,False,COMPLETE
