number,value,datetime_start,datetime_complete,duration,params_dt_max_depth,params_dt_min_samples_leaf,params_dt_min_samples_split,params_elastic_alpha,params_elastic_l1_ratio,params_et_max_depth,params_et_max_features,params_et_min_samples_leaf,params_et_min_samples_split,params_et_n_estimators,params_knn_metric,params_knn_n_neighbors,params_knn_weights,params_quantile_alpha,params_regressor,params_rf_max_depth,params_rf_max_features,params_rf_min_samples_leaf,params_rf_min_samples_split,params_rf_n_estimators,params_rfe_n_features,params_rfe_proxy_et_max_depth,params_rfe_proxy_et_min_samples_leaf,params_rfe_proxy_et_min_samples_split,params_rfe_proxy_et_n_estimators,params_rfe_proxy_lsvr_C,params_rfe_proxy_lsvr_epsilon,params_rfe_proxy_type,params_use_scaler,params_xgb_booster,params_xgb_colsample_bytree,params_xgb_learning_rate,params_xgb_max_depth,params_xgb_n_estimators,params_xgb_reg_alpha,params_xgb_reg_lambda,params_xgb_subsample,user_attrs_d2mae_ci_lower_val,user_attrs_d2mae_ci_upper_val,user_attrs_d2mae_df_val,user_attrs_d2mae_mean_val,user_attrs_d2mae_samperror_val,user_attrs_d2mae_std_val,user_attrs_d2mae_t_critical_val,user_attrs_mae_ci_lower_val,user_attrs_mae_ci_upper_val,user_attrs_mae_df_val,user_attrs_mae_mean_val,user_attrs_mae_samperror_val,user_attrs_mae_std_val,user_attrs_mae_t_critical_val,user_attrs_mape_ci_lower_val,user_attrs_mape_ci_upper_val,user_attrs_mape_df_val,user_attrs_mape_mean_val,user_attrs_mape_samperror_val,user_attrs_mape_std_val,user_attrs_mape_t_critical_val,user_attrs_max_error_ci_lower_val,user_attrs_max_error_ci_upper_val,user_attrs_max_error_df_val,user_attrs_max_error_mean_val,user_attrs_max_error_samperror_val,user_attrs_max_error_std_val,user_attrs_max_error_t_critical_val,user_attrs_median_ae_ci_lower_val,user_attrs_median_ae_ci_upper_val,user_attrs_median_ae_df_val,user_attrs_median_ae_mean_val,user_attrs_median_ae_samperror_val,user_attrs_median_ae_std_val,user_attrs_median_ae_t_critical_val,user_attrs_n_splits_val,user_attrs_r2_below_zero_val,user_attrs_r2_ci_lower_val,user_attrs_r2_ci_upper_val,user_attrs_r2_df_val,user_attrs_r2_mean_val,user_attrs_r2_samperror_val,user_attrs_r2_std_val,user_attrs_r2_t_critical_val,user_attrs_regressor_final,user_attrs_rfe_estimator,user_attrs_rfe_n_features,user_attrs_rfe_selected_features,user_attrs_rho_ci_lower_val,user_attrs_rho_ci_upper_val,user_attrs_rho_df_val,user_attrs_rho_mean_val,user_attrs_rho_samperror_val,user_attrs_rho_std_val,user_attrs_rho_t_critical_val,user_attrs_rmse_ci_lower_val,user_attrs_rmse_ci_upper_val,user_attrs_rmse_df_val,user_attrs_rmse_mean_val,user_attrs_rmse_samperror_val,user_attrs_rmse_std_val,user_attrs_rmse_t_critical_val,user_attrs_termination_reason,user_attrs_use_scaler_final,state
281,1.7608341598397408,2026-06-13 08:45:45.173820,2026-06-13 08:45:52.188196,0 days 00:00:07.014376,,,,,,,,,,,,,,,XGBRegressor,,,,,,4,,,,,,,,False,gbtree,0.7598058379015038,0.022851779404450448,5.0,113.0,9.305437128443685,1.647994748405775e-07,0.7013697423734153,-0.025011852559926613,-0.007075084608221626,98.0,-0.01604346858407412,0.008968383975852494,0.04496636801399059,1.9844674545084815,1.7363611122827853,1.7853072073966962,98.0,1.7608341598397408,0.024473047556955424,0.12270483353890363,1.9844674545084815,0.26514534709991994,0.2852432029210366,98.0,0.2751942750104783,0.010048927910558324,0.050384081657172244,1.9844674545084815,5.6829072138018235,5.97294198289229,98.0,5.827924598347057,0.14501738454523316,0.7270992298551199,1.9844674545084815,1.422308971231398,1.4869949347565825,98.0,1.4546519529939903,0.03234298176259218,0.16216371026512189,1.9844674545084815,99.0,0.45454545454545453,-0.017094493984564682,0.012855573901879327,98.0,-0.0021194600413426768,0.014975033943222004,0.07508296802701443,1.9844674545084815,XGBRegressor,"{'mode': 'original', 'type': 'XGBRegressor'}",4,"['re_T6W50', 'pe_T6W50', 'l3_T6W50', 'z_asp_T6W50']",0.12353031629012189,0.17205157368931404,98.0,0.14779094498971795,0.02426062869959607,0.1216397916608072,1.9844674545084815,2.2065734605524145,2.279997335883219,98.0,2.2432853982178167,0.03671193766540225,0.18406911479414464,1.9844674545084815,completed,False,COMPLETE
282,1.7685107178156394,2026-06-13 08:45:52.201188,2026-06-13 08:46:06.741507,0 days 00:00:14.540319,,,,,,13.0,,1.0,8.0,211.0,,,,,ExtraTreesRegressor,,,,,,6,,,,,,,,True,,,,,,,,,-0.033041872565869976,-0.008022296854336503,98.0,-0.02053208471010324,0.012509787855766737,0.06272252905472714,1.9844674545084815,1.7402290562873481,1.7967923793439307,98.0,1.7685107178156394,0.028281661528291206,0.14180075292855396,1.9844674545084815,0.2635812350038744,0.2835074415409873,98.0,0.27354433827243085,0.009963103268556445,0.04995376751726516,1.9844674545084815,5.607879757017549,5.891673605366093,98.0,5.749776681191821,0.141896924174272,0.7114536275045164,1.9844674545084815,1.441345436123242,1.5084701412286798,98.0,1.474907788675961,0.0335623525527189,0.16827748459079542,1.9844674545084815,99.0,0.4444444444444444,-0.02301888315816997,0.0228355800367305,98.0,-9.165156071973507e-05,0.022927231597450234,0.11495430350984084,1.9844674545084815,ExtraTreesRegressor,"{'mode': 'original', 'type': 'ExtraTreesRegressor'}",6,"['re_T6W50', 'pe_T6W50', 'l2_T6W50', 'l3_T6W50', 'lsc_T6W50', 'z_density_T6W50']",0.17131800175318404,0.22349974591335406,98.0,0.19740887383326905,0.026090872080085016,0.1308164055997095,1.9844674545084815,2.1992968307784175,2.2776208268492533,98.0,2.2384588288138354,0.039161998035417915,0.19635341445741217,1.9844674545084815,completed,True,COMPLETE
283,1.794181317621897,2026-06-13 08:46:06.759083,2026-06-13 08:46:39.079212,0 days 00:00:32.320129,,,,,,,,,,,,,,,RandomForestRegressor,11.0,log2,2.0,3.0,325.0,8,,,,,,,,True,,,,,,,,,-0.04830336624033464,-0.02287821308586992,98.0,-0.03559078966310228,0.012712576577232359,0.06373928662254114,1.9844674545084815,1.7664944265242744,1.8218682087195197,98.0,1.794181317621897,0.02768689109762257,0.13881864755245768,1.9844674545084815,0.26854880450614804,0.2889254004707854,98.0,0.2787371024884667,0.010188297982318696,0.05108286595920336,1.9844674545084815,5.707314962483993,6.013852777769669,98.0,5.860583870126831,0.15326890764283801,0.7684713460894245,1.9844674545084815,1.4659922144371311,1.5413266684157634,98.0,1.5036594414264473,0.037667226989316016,0.18885881731074095,1.9844674545084815,99.0,0.5656565656565656,-0.05064113583696926,-0.005502922055608688,98.0,-0.028072028946288977,0.02256910689068029,0.11315871052420608,1.9844674545084815,RandomForestRegressor,"{'mode': 'original', 'type': 'RandomForestRegressor'}",8,"['re_T6W50', 'pe_T6W50', 'l2_T6W50', 'l3_T6W50', 'lcc_T6W50', 'lsc_T6W50', 'z_pe_T6W50', 'z_l3_T6W50']",0.13414996641055693,0.1851503802654088,98.0,0.15965017333798287,0.025500206927425943,0.12785488357979807,1.9844674545084815,2.23106900595439,2.3075936222934827,98.0,2.2693313141239364,0.03826230816954641,0.19184248074670535,1.9844674545084815,completed,True,COMPLETE
284,2.316718586424469,2026-06-13 08:46:39.092244,2026-06-13 08:46:39.381541,0 days 00:00:00.289297,13.0,3.0,12.0,,,,,,,,,,,,DecisionTreeRegressor,,,,,,12,,,,,,,,True,,,,,,,,,,,,,,,,,,,,,,,,,,,,,,,,,,,,,,,,,,,,,,,,,,,,,DecisionTreeRegressor,"{'mode': 'original', 'type': 'DecisionTreeRegressor'}",12,"['re_T6W50', 'pe_T6W50', 'l2_T6W50', 'l3_T6W50', 'lcc_T6W50', 'lsc_T6W50', 'diameter_T6W50', 'asp_T6W50', 'z_pe_T6W50', 'z_l1_T6W50', 'z_l2_T6W50', 'z_density_T6W50']",,,,,,,,,,,,,,,pruned,True,PRUNED
285,1.8013382825728512,2026-06-13 08:46:39.395469,2026-06-13 08:46:39.546020,0 days 00:00:00.150551,,,,,,,,,,,,,,,LinearRegression,,,,,,21,,,,,,,,False,,,,,,,,,,,,,,,,,,,,,,,,,,,,,,,,,,,,,,,,,,,,,,,,,,,,,LinearRegression,"{'mode': 'original', 'type': 'LinearRegression'}",21,"['nodes_T6W50', 'edges_T6W50', 'pe_T6W50', 'l1_T6W50', 'l2_T6W50', 'l3_T6W50', 'lcc_T6W50', 'lsc_T6W50', 'atd_T6W50', 'density_T6W50', 'diameter_T6W50', 'asp_T6W50', 'z_re_T6W50', 'z_pe_T6W50', 'z_l1_T6W50', 'z_l2_T6W50', 'z_l3_T6W50', 'z_lsc_T6W50', 'z_density_T6W50', 'z_diameter_T6W50', 'z_asp_T6W50']",,,,,,,,,,,,,,,pruned,False,PRUNED
286,1.7434556091816318,2026-06-13 08:46:39.557375,2026-06-13 08:46:45.278437,0 days 00:00:05.721062,,,,,,,,,,,,,,,XGBRegressor,,,,,,15,,,,,,,,False,gbtree,0.6069973393491568,0.0026646637168733,2.0,86.0,3.544537957319563e-06,4.006964783909137e-05,0.7590387490201724,-0.007115677171165185,-0.002862234788994247,98.0,-0.004988955980079716,0.002126721191085469,0.01066311701182613,1.9844674545084815,1.7184070282521986,1.768504190111065,98.0,1.7434556091816318,0.025048580929433253,0.1255904866845375,1.9844674545084815,0.2641835052531532,0.28553442043365734,98.0,0.2748589628434053,0.010675457590252077,0.05352542397978605,1.9844674545084815,5.70556397081092,6.021370625934735,98.0,5.863467298372828,0.15790332756190775,0.7917077543624599,1.9844674545084815,1.21027019725877,1.2722216620231361,98.0,1.241245929640953,0.03097573238218316,0.15530849097791152,1.9844674545084815,99.0,0.32323232323232326,0.004320187133774453,0.010478124775538307,98.0,0.00739915595465638,0.0030789688208819267,0.015437568850325566,1.9844674545084815,XGBRegressor,"{'mode': 'original', 'type': 'XGBRegressor'}",15,"['nodes_T6W50', 're_T6W50', 'pe_T6W50', 'l1_T6W50', 'l2_T6W50', 'l3_T6W50', 'lcc_T6W50', 'lsc_T6W50', 'atd_T6W50', 'diameter_T6W50', 'z_pe_T6W50', 'z_l3_T6W50', 'z_lsc_T6W50', 'z_density_T6W50', 'z_diameter_T6W50']",0.13199354694827556,0.18795152605945067,98.0,0.15997253650386312,0.027978989555587558,0.14028319309294054,1.9844674545084815,2.1969638013744843,2.276426777270146,98.0,2.236695289322315,0.03973148794783082,0.19920876644175664,1.9844674545084815,completed,False,COMPLETE
287,1.7349970291146763,2026-06-13 08:46:45.291355,2026-06-13 08:46:47.719391,0 days 00:00:02.428036,,,,,,,,,,,,,,4.557241216716546,QuantileRegressor,,,,,,22,,,,,,,,False,,,,,,,,,0.0,0.0,98.0,0.0,0.0,0.0,1.9844674545084815,1.7097615267403508,1.760232531489002,98.0,1.7349970291146763,0.025235502374325525,0.1265276876901327,1.9844674545084815,0.25983396043683077,0.2806349322602259,98.0,0.27023444634852833,0.010400485911697585,0.05214674999296774,1.9844674545084815,5.70097731382373,6.036396423550007,98.0,5.8686868686868685,0.16770955486313893,0.8408749651825216,1.9844674545084815,1.033280465877702,1.1485377159404797,98.0,1.0909090909090908,0.057628625031388776,0.2889427981985323,1.9844674545084815,99.0,0.9797979797979798,-0.009845695376372022,-0.006666757700651824,98.0,-0.008256226538511923,0.0015894688378600991,0.007969400161994435,1.9844674545084815,QuantileRegressor,"{'mode': 'original', 'type': 'QuantileRegressor'}",22,"['nodes_T6W50', 'edges_T6W50', 're_T6W50', 'pe_T6W50', 'l1_T6W50', 'l2_T6W50', 'l3_T6W50', 'lcc_T6W50', 'lsc_T6W50', 'atd_T6W50', 'density_T6W50', 'diameter_T6W50', 'asp_T6W50', 'z_re_T6W50', 'z_pe_T6W50', 'z_l1_T6W50', 'z_l2_T6W50', 'z_l3_T6W50', 'z_lsc_T6W50', 'z_density_T6W50', 'z_diameter_T6W50', 'z_asp_T6W50']",,,,,,,,2.2146203974868346,2.2936018858285863,98.0,2.2541111416577104,0.03949074417087585,0.1980017069201324,1.9844674545084815,completed,False,COMPLETE
288,1.912418300653595,2026-06-13 08:46:47.732092,2026-06-13 08:46:47.918662,0 days 00:00:00.186570,,,,,,,,,,,minkowski,3.0,uniform,,KNeighborsRegressor,,,,,,21,4.0,4.0,12.0,40.0,,,ExtraTrees,,,,,,,,,,,,,,,,,,,,,,,,,,,,,,,,,,,,,,,,,,,,,,,,,,,,,,KNeighborsRegressor,"{'mode': 'proxy', 'type': 'ExtraTrees'}",21,"['nodes_T6W50', 're_T6W50', 'pe_T6W50', 'l1_T6W50', 'l2_T6W50', 'l3_T6W50', 'lcc_T6W50', 'lsc_T6W50', 'atd_T6W50', 'density_T6W50', 'diameter_T6W50', 'asp_T6W50', 'z_re_T6W50', 'z_pe_T6W50', 'z_l1_T6W50', 'z_l2_T6W50', 'z_l3_T6W50', 'z_lsc_T6W50', 'z_density_T6W50', 'z_diameter_T6W50', 'z_asp_T6W50']",,,,,,,,,,,,,,,pruned,True,PRUNED
289,1.7551358328202924,2026-06-13 08:46:47.929563,2026-06-13 08:46:57.269894,0 days 00:00:09.340331,,,,,,11.0,log2,3.0,5.0,143.0,,,,,ExtraTreesRegressor,,,,,,10,,,,,,,,True,,,,,,,,,-0.021524587940360246,-0.003525569733258368,98.0,-0.012525078836809308,0.00899950910355094,0.04512242555460651,1.9844674545084815,1.729622191292725,1.7806494743478598,98.0,1.7551358328202924,0.02551364152756735,0.12792224300326901,1.9844674545084815,0.2632137221825004,0.2832416787002271,98.0,0.27322770044136374,0.010013978258863344,0.05020884842626813,1.9844674545084815,5.513766588319707,5.783222830413151,98.0,5.648494709366429,0.13472812104672235,0.6755101352854955,1.9844674545084815,1.4085493503243123,1.4616027103096754,98.0,1.4350760303169938,0.026526679992681636,0.13300149257123,1.9844674545084815,99.0,0.43434343434343436,-0.0035305673532270362,0.026966214991163678,98.0,0.01171782381896832,0.015248391172195357,0.07645354736331365,1.9844674545084815,ExtraTreesRegressor,"{'mode': 'original', 'type': 'ExtraTreesRegressor'}",10,"['nodes_T6W50', 're_T6W50', 'pe_T6W50', 'l2_T6W50', 'l3_T6W50', 'lcc_T6W50', 'atd_T6W50', 'z_l3_T6W50', 'z_lsc_T6W50', 'z_density_T6W50']",0.13700421424053874,0.18549703573256474,98.0,0.16125062498655174,0.024246410746012987,0.12156850460006757,1.9844674545084815,2.1910808656494125,2.2642311231668697,98.0,2.227655994408141,0.03657512875872859,0.18338317185708453,1.9844674545084815,completed,True,COMPLETE
290,1.7212900422417658,2026-06-13 08:46:57.311089,2026-06-13 08:46:59.612238,0 days 00:00:02.301149,,,,,,,,,,,,,,,RandomForestRegressor,8.0,,3.0,2.0,219.0,18,,,,,,,,False,,,,,,,,,,,,,,,,,,,,,,,,,,,,,,,,,,,,,,,,,,,,,,,,,,,,,RandomForestRegressor,"{'mode': 'original', 'type': 'RandomForestRegressor'}",18,"['re_T6W50', 'pe_T6W50', 'l1_T6W50', 'l2_T6W50', 'l3_T6W50', 'lsc_T6W50', 'atd_T6W50', 'diameter_T6W50', 'asp_T6W50', 'z_re_T6W50', 'z_pe_T6W50', 'z_l1_T6W50', 'z_l2_T6W50', 'z_l3_T6W50', 'z_lsc_T6W50', 'z_density_T6W50', 'z_diameter_T6W50', 'z_asp_T6W50']",,,,,,,,,,,,,,,pruned,False,PRUNED
291,1.7452856847899436,2026-06-13 08:46:59.622497,2026-06-13 08:47:02.366235,0 days 00:00:02.743738,,,,,,,,,,,,,,,XGBRegressor,,,,,,8,,,,,,,,True,gblinear,0.6560320223260103,0.018396906939747597,7.0,275.0,0.166557531238763,0.5659296068864758,0.5599764708654849,-0.010526970189750521,-0.0019585528103688264,98.0,-0.006242761500059674,0.004284208689690847,0.02148049248427313,1.9844674545084815,1.7204734585105763,1.770097911069311,98.0,1.7452856847899436,0.02481222627936737,0.12440543370227264,1.9844674545084815,0.2645405922877367,0.28563471743816865,98.0,0.27508765486295267,0.010547062575215987,0.05288166725473729,1.9844674545084815,5.720033185607787,6.032564526899365,98.0,5.876298856253576,0.1562656706457888,0.7834967451361449,1.9844674545084815,1.346207410416968,1.404187535979985,98.0,1.3751974731984764,0.028990062781508494,0.14535258919465371,1.9844674545084815,99.0,0.30303030303030304,0.003528479995764635,0.01596860484609315,98.0,0.009748542420928893,0.006220062425164258,0.031186623680811393,1.9844674545084815,XGBRegressor,"{'mode': 'original', 'type': 'XGBRegressor'}",8,"['nodes_T6W50', 're_T6W50', 'pe_T6W50', 'l3_T6W50', 'lcc_T6W50', 'atd_T6W50', 'z_l2_T6W50', 'z_l3_T6W50']",0.12871569532685942,0.181966234120207,98.0,0.1553409647235332,0.026625269396673777,0.1334958076489661,1.9844674545084815,2.1944450809786678,2.2722220228690095,98.0,2.2333335519238386,0.038888470945170776,0.1949819834576952,1.9844674545084815,completed,True,COMPLETE
292,1.7709734528833472,2026-06-13 08:47:02.379156,2026-06-13 08:47:04.596253,0 days 00:00:02.217097,,,,,,,,,,,,,,,RandomForestRegressor,18.0,,1.0,3.0,163.0,10,,,,,,,,True,,,,,,,,,,,,,,,,,,,,,,,,,,,,,,,,,,,,,,,,,,,,,,,,,,,,,RandomForestRegressor,"{'mode': 'original', 'type': 'RandomForestRegressor'}",10,"['re_T6W50', 'pe_T6W50', 'l2_T6W50', 'l3_T6W50', 'lsc_T6W50', 'diameter_T6W50', 'z_l1_T6W50', 'z_l3_T6W50', 'z_lsc_T6W50', 'z_density_T6W50']",,,,,,,,,,,,,,,pruned,True,PRUNED
293,1.746024552543737,2026-06-13 08:47:04.605970,2026-06-13 08:47:06.400078,0 days 00:00:01.794108,,,,0.352325526118713,0.10540137739646227,,,,,,,,,,ElasticNet,,,,,,19,,,,,,,,False,,,,,,,,,-0.015014590831757234,0.0009146869512090755,98.0,-0.007049951940274079,0.007964638891483154,0.039933714307647084,1.9844674545084815,1.720551686772729,1.771497418314745,98.0,1.746024552543737,0.025472865771008008,0.1277177984031679,1.9844674545084815,0.2644532590388367,0.2853730987978322,98.0,0.27491317891833444,0.010459919879497712,0.05244474455651765,1.9844674545084815,5.768872062488471,6.108984798664981,98.0,5.938928430576726,0.17005636808825447,0.8526415964312261,1.9844674545084815,1.4193892727490454,1.4732060037847527,98.0,1.446297638266899,0.02690836551785361,0.13491521658624855,1.9844674545084815,99.0,0.41414141414141414,-0.005391959438103199,0.02092697484294168,98.0,0.00776750770241924,0.013159467140522439,0.06597994063389787,1.9844674545084815,ElasticNet,"{'mode': 'original', 'type': 'ElasticNet'}",19,"['re_T6W50', 'pe_T6W50', 'l1_T6W50', 'l3_T6W50', 'lcc_T6W50', 'lsc_T6W50', 'atd_T6W50', 'density_T6W50', 'diameter_T6W50', 'asp_T6W50', 'z_re_T6W50', 'z_pe_T6W50', 'z_l1_T6W50', 'z_l2_T6W50', 'z_l3_T6W50', 'z_lsc_T6W50', 'z_density_T6W50', 'z_diameter_T6W50', 'z_asp_T6W50']",0.1250584881522812,0.17867648059156332,98.0,0.15186748437192227,0.02680899621964105,0.1344169912153513,1.9844674545084815,2.194978680852448,2.272679870756022,98.0,2.233829275804235,0.038850594951786874,0.19479207791150296,1.9844674545084815,completed,False,COMPLETE
294,1.7323254024281218,2026-06-13 08:47:06.412510,2026-06-13 08:47:10.152305,0 days 00:00:03.739795,,,,,,,,,,,,,,,XGBRegressor,,,,,,2,,,,,,,,False,gbtree,0.9710291097442978,0.004679593024223319,7.0,356.0,4.835619142236148e-06,0.095399845303622,0.6243958943695885,,,,,,,,,,,,,,,,,,,,,,,,,,,,,,,,,,,,,,,,,,,,,XGBRegressor,"{'mode': 'original', 'type': 'XGBRegressor'}",2,"['z_diameter_T6W50', 'z_asp_T6W50']",,,,,,,,,,,,,,,pruned,False,PRUNED
295,1.7750144503340894,2026-06-13 08:47:10.240702,2026-06-13 08:47:13.651200,0 days 00:00:03.410498,,,,0.0004918786513508437,0.982739540910386,,,,,,,,,,ElasticNet,,,,,,7,,,,,,,,False,,,,,,,,,-0.034524179918389804,-0.01320385984716285,98.0,-0.023864019882776328,0.010660160035613478,0.0534487239328829,1.9844674545084815,1.746963740048122,1.803065160620057,98.0,1.7750144503340894,0.02805071028596757,0.14064279196439644,1.9844674545084815,0.2677630228480281,0.2880329260027672,98.0,0.27789797442539765,0.010134951577369555,0.05081539368285734,1.9844674545084815,5.8846499098948,6.215084793821615,98.0,6.049867351858207,0.16521744196340762,0.828379819336463,1.9844674545084815,1.4127545299297832,1.47896170606982,98.0,1.4458581179998016,0.033103588070018404,0.16597729621612253,1.9844674545084815,99.0,0.48484848484848486,-0.043657685500531264,0.0015848195554612615,98.0,-0.021036432972535,0.022621252527996263,0.11342016230015453,1.9844674545084815,ElasticNet,"{'mode': 'original', 'type': 'ElasticNet'}",7,"['edges_T6W50', 're_T6W50', 'pe_T6W50', 'lsc_T6W50', 'z_l2_T6W50', 'z_diameter_T6W50', 'z_asp_T6W50']",0.12812175119748637,0.17432473606012344,98.0,0.1512232436288049,0.02310149243131854,0.11582802577767029,1.9844674545084815,2.2217697566407706,2.3046642169786224,98.0,2.2632169868096965,0.041447230168925854,0.20781128572935967,1.9844674545084815,completed,False,COMPLETE
296,1.7382195405285767,2026-06-13 08:47:13.667440,2026-06-13 08:47:17.604813,0 days 00:00:03.937373,,,,,,,,,,,,,,,XGBRegressor,,,,,,9,,,,,,,,True,gblinear,0.6604272713749217,0.07295892049245895,4.0,256.0,0.002314467260697325,9.153982302423422,0.7564373711526339,-0.004247794312054241,0.0003357527199341491,98.0,-0.001956020796060046,0.0022917735159941953,0.011490668954672673,1.9844674545084815,1.713162668372515,1.7632764126846385,98.0,1.7382195405285767,0.02505687215606189,0.12563205786936574,1.9844674545084815,0.26374050021931555,0.285096383288963,98.0,0.27441844175413926,0.010677941534823706,0.0535378781706453,1.9844674545084815,5.727456313242486,6.037981978519124,98.0,5.882719145880805,0.15526283263831883,0.7784686394011844,1.9844674545084815,1.2555818519496462,1.3196261087763888,98.0,1.2876039803630175,0.03202212841337133,0.16055499125638714,1.9844674545084815,99.0,0.25252525252525254,0.007484643275747431,0.01443967724848149,98.0,0.01096216026211446,0.0034775169863670297,0.017435840058244095,1.9844674545084815,XGBRegressor,"{'mode': 'original', 'type': 'XGBRegressor'}",9,"['nodes_T6W50', 're_T6W50', 'pe_T6W50', 'l3_T6W50', 'lcc_T6W50', 'atd_T6W50', 'diameter_T6W50', 'z_l2_T6W50', 'z_l3_T6W50']",0.15163303732181058,0.203971259094659,98.0,0.17780214820823478,0.026169110886424207,0.1312086852978464,1.9844674545084815,2.193010687686346,2.2722466463910598,98.0,2.232628667038703,0.039617979352356655,0.1986396483831872,1.9844674545084815,completed,True,COMPLETE
297,1.796078431372549,2026-06-13 08:47:17.618942,2026-06-13 08:47:17.862060,0 days 00:00:00.243118,,,,,,,,,,,manhattan,4.0,uniform,,KNeighborsRegressor,,,,,,15,,,,,0.024850070766863297,0.0031571825764638364,LinearSVR,,,,,,,,,,,,,,,,,,,,,,,,,,,,,,,,,,,,,,,,,,,,,,,,,,,,,,KNeighborsRegressor,"{'mode': 'proxy', 'type': 'LinearSVR'}",15,"['edges_T6W50', 're_T6W50', 'pe_T6W50', 'l1_T6W50', 'l2_T6W50', 'l3_T6W50', 'lsc_T6W50', 'diameter_T6W50', 'asp_T6W50', 'z_re_T6W50', 'z_l1_T6W50', 'z_l2_T6W50', 'z_l3_T6W50', 'z_density_T6W50', 'z_asp_T6W50']",,,,,,,,,,,,,,,pruned,True,PRUNED
