number,value,datetime_start,datetime_complete,duration,params_dt_max_depth,params_dt_min_samples_leaf,params_dt_min_samples_split,params_elastic_alpha,params_elastic_l1_ratio,params_et_max_depth,params_et_max_features,params_et_min_samples_leaf,params_et_min_samples_split,params_et_n_estimators,params_knn_metric,params_knn_n_neighbors,params_knn_weights,params_quantile_alpha,params_regressor,params_rf_max_depth,params_rf_max_features,params_rf_min_samples_leaf,params_rf_min_samples_split,params_rf_n_estimators,params_rfe_n_features,params_rfe_proxy_et_max_depth,params_rfe_proxy_et_min_samples_leaf,params_rfe_proxy_et_min_samples_split,params_rfe_proxy_et_n_estimators,params_rfe_proxy_lsvr_C,params_rfe_proxy_lsvr_epsilon,params_rfe_proxy_type,params_use_scaler,params_xgb_booster,params_xgb_colsample_bytree,params_xgb_learning_rate,params_xgb_max_depth,params_xgb_n_estimators,params_xgb_reg_alpha,params_xgb_reg_lambda,params_xgb_subsample,user_attrs_d2mae_ci_lower_val,user_attrs_d2mae_ci_upper_val,user_attrs_d2mae_df_val,user_attrs_d2mae_mean_val,user_attrs_d2mae_samperror_val,user_attrs_d2mae_std_val,user_attrs_d2mae_t_critical_val,user_attrs_mae_ci_lower_val,user_attrs_mae_ci_upper_val,user_attrs_mae_df_val,user_attrs_mae_mean_val,user_attrs_mae_samperror_val,user_attrs_mae_std_val,user_attrs_mae_t_critical_val,user_attrs_mape_ci_lower_val,user_attrs_mape_ci_upper_val,user_attrs_mape_df_val,user_attrs_mape_mean_val,user_attrs_mape_samperror_val,user_attrs_mape_std_val,user_attrs_mape_t_critical_val,user_attrs_max_error_ci_lower_val,user_attrs_max_error_ci_upper_val,user_attrs_max_error_df_val,user_attrs_max_error_mean_val,user_attrs_max_error_samperror_val,user_attrs_max_error_std_val,user_attrs_max_error_t_critical_val,user_attrs_median_ae_ci_lower_val,user_attrs_median_ae_ci_upper_val,user_attrs_median_ae_df_val,user_attrs_median_ae_mean_val,user_attrs_median_ae_samperror_val,user_attrs_median_ae_std_val,user_attrs_median_ae_t_critical_val,user_attrs_n_splits_val,user_attrs_r2_below_zero_val,user_attrs_r2_ci_lower_val,user_attrs_r2_ci_upper_val,user_attrs_r2_df_val,user_attrs_r2_mean_val,user_attrs_r2_samperror_val,user_attrs_r2_std_val,user_attrs_r2_t_critical_val,user_attrs_regressor_final,user_attrs_rfe_estimator,user_attrs_rfe_n_features,user_attrs_rfe_selected_features,user_attrs_rho_ci_lower_val,user_attrs_rho_ci_upper_val,user_attrs_rho_df_val,user_attrs_rho_mean_val,user_attrs_rho_samperror_val,user_attrs_rho_std_val,user_attrs_rho_t_critical_val,user_attrs_rmse_ci_lower_val,user_attrs_rmse_ci_upper_val,user_attrs_rmse_df_val,user_attrs_rmse_mean_val,user_attrs_rmse_samperror_val,user_attrs_rmse_std_val,user_attrs_rmse_t_critical_val,user_attrs_termination_reason,user_attrs_use_scaler_final,state
111,1.7781456016750132,2026-06-13 08:27:19.540069,2026-06-13 08:27:21.352741,0 days 00:00:01.812672,,,,,,,,,,,minkowski,14.0,uniform,,KNeighborsRegressor,,,,,,15,,,,,0.4339260158221391,0.3806019094922788,LinearSVR,,,,,,,,,,-0.035924732833547655,-0.015547260286572634,98.0,-0.025735996560060145,0.01018873627348751,0.05108506349691443,1.9844674545084815,1.7509254492164301,1.8053657541335963,98.0,1.7781456016750132,0.027220152458583155,0.13647847774417285,1.9844674545084815,0.26745572137944307,0.2877700995729716,98.0,0.27761291047620734,0.010157189096764252,0.05092688985468859,1.9844674545084815,5.655541865297561,5.96639175663606,98.0,5.810966810966811,0.15542494566924947,0.7792814540875669,1.9844674545084815,1.4211380247130925,1.4879528843778163,98.0,1.4545454545454544,0.033407429832361904,0.16750072123230653,1.9844674545084815,99.0,0.43434343434343436,-0.01717709288282852,0.016705169298125922,98.0,-0.00023596179235129796,0.01694113109047722,0.08494073594961626,1.9844674545084815,KNeighborsRegressor,"{'mode': 'proxy', 'type': 'LinearSVR'}",15,"['nodes_T6W50', 're_T6W50', 'pe_T6W50', 'l2_T6W50', 'l3_T6W50', 'lsc_T6W50', 'density_T6W50', 'diameter_T6W50', 'z_re_T6W50', 'z_pe_T6W50', 'z_l1_T6W50', 'z_l2_T6W50', 'z_l3_T6W50', 'z_diameter_T6W50', 'z_asp_T6W50']",0.12141675144693886,0.17510310796979905,98.0,0.14825992970836896,0.026843178261430095,0.13458837574512772,1.9844674545084815,2.2023870475447085,2.279893576958467,98.0,2.241140312251588,0.03875326470687954,0.1943040761016809,1.9844674545084815,completed,True,COMPLETE
112,1.7420684907015225,2026-06-13 08:27:21.365186,2026-06-13 08:27:27.471132,0 days 00:00:06.105946,,,,,,3.0,sqrt,5.0,2.0,82.0,,,,,ExtraTreesRegressor,,,,,,9,,,,,,,,False,,,,,,,,,-0.010837763296892722,0.0016845722319112954,98.0,-0.004576595532490714,0.006261167764402009,0.031392720767698105,1.9844674545084815,1.7171177642701783,1.7670192171328667,98.0,1.7420684907015225,0.024950726431344217,0.12509985633410386,1.9844674545084815,0.2631455072104447,0.28381076664888694,98.0,0.2734781369296658,0.010332629719221097,0.05180652743658062,1.9844674545084815,5.6689694752980175,5.96822356677817,98.0,5.818596521038094,0.14962704574007674,0.7502115009471306,1.9844674545084815,1.4162993395211108,1.4566561595138277,98.0,1.4364777495174692,0.02017840999635853,0.10117205198578662,1.9844674545084815,99.0,0.2222222222222222,0.009615785478027614,0.02956130303128219,98.0,0.0195885442546549,0.009972758776627287,0.05000217904050552,1.9844674545084815,ExtraTreesRegressor,"{'mode': 'original', 'type': 'ExtraTreesRegressor'}",9,"['nodes_T6W50', 're_T6W50', 'pe_T6W50', 'l3_T6W50', 'lcc_T6W50', 'atd_T6W50', 'density_T6W50', 'z_l2_T6W50', 'z_l3_T6W50']",0.13315068216045478,0.1846018435462573,98.0,0.15887626285335604,0.025725580692901266,0.12898487976487988,1.9844674545084815,2.1831708029756056,2.2591123395610175,98.0,2.2211415712683116,0.03797076829270577,0.1903807358628927,1.9844674545084815,completed,False,COMPLETE
113,1.835112712278772,2026-06-13 08:27:27.485593,2026-06-13 08:27:27.726531,0 days 00:00:00.240938,,,,,,,,,,,,,,,LinearRegression,,,,,,22,,,,,,,,False,,,,,,,,,,,,,,,,,,,,,,,,,,,,,,,,,,,,,,,,,,,,,,,,,,,,,LinearRegression,"{'mode': 'original', 'type': 'LinearRegression'}",22,"['nodes_T6W50', 'edges_T6W50', 're_T6W50', 'pe_T6W50', 'l1_T6W50', 'l2_T6W50', 'l3_T6W50', 'lcc_T6W50', 'lsc_T6W50', 'atd_T6W50', 'density_T6W50', 'diameter_T6W50', 'asp_T6W50', 'z_re_T6W50', 'z_pe_T6W50', 'z_l1_T6W50', 'z_l2_T6W50', 'z_l3_T6W50', 'z_lsc_T6W50', 'z_density_T6W50', 'z_diameter_T6W50', 'z_asp_T6W50']",,,,,,,,,,,,,,,pruned,False,PRUNED
114,1.7685227669874355,2026-06-13 08:27:27.735808,2026-06-13 08:27:30.960762,0 days 00:00:03.224954,,,,,,,,,,,,,,,XGBRegressor,,,,,,15,,,,,,,,True,gblinear,0.9899851646794253,0.09517259270730555,10.0,68.0,0.0026117662573891046,0.0017450341235732876,0.6464110183504823,-0.03134328722662057,-0.009562619765857467,98.0,-0.020452953496239018,0.01089033373038155,0.05460278636976661,1.9844674545084815,1.7418243808125016,1.7952211531623694,98.0,1.7685227669874355,0.026698386174933912,0.13386240613182487,1.9844674545084815,0.26711877576374127,0.2876851344231181,98.0,0.2774019550934297,0.010283179329688424,0.051558589299660014,1.9844674545084815,5.837459273409995,6.184048298031963,98.0,6.010753785720979,0.17329451231098378,0.8688772510590468,1.9844674545084815,1.4492540737315103,1.5102375404079311,98.0,1.4797458070697207,0.030491733338210484,0.15288177963411828,1.9844674545084815,99.0,0.5151515151515151,-0.02899701216620936,0.007592943815342208,98.0,-0.010702034175433577,0.018294977990775785,0.0917287568592182,1.9844674545084815,XGBRegressor,"{'mode': 'original', 'type': 'XGBRegressor'}",15,"['re_T6W50', 'pe_T6W50', 'l1_T6W50', 'l2_T6W50', 'l3_T6W50', 'lcc_T6W50', 'lsc_T6W50', 'density_T6W50', 'asp_T6W50', 'z_pe_T6W50', 'z_l2_T6W50', 'z_l3_T6W50', 'z_lsc_T6W50', 'z_diameter_T6W50', 'z_asp_T6W50']",0.10851146571354961,0.16347264098064687,98.0,0.13599205334709824,0.027480587633548628,0.13778426749992115,1.9844674545084815,2.2131990453899473,2.292114747811471,98.0,2.2526568966007092,0.039457851210762084,0.1978367856864377,1.9844674545084815,completed,True,COMPLETE
115,1.7937289006195274,2026-06-13 08:27:30.973771,2026-06-13 08:27:34.160925,0 days 00:00:03.187154,,,,,,,,,,,,,,0.00040504836317817647,QuantileRegressor,,,,,,6,,,,,,,,True,,,,,,,,,-0.042488649310252584,-0.025260052919250132,98.0,-0.03387435111475136,0.008614298195501224,0.04319102570587061,1.9844674545084815,1.7639524922036665,1.8235053090353883,98.0,1.7937289006195274,0.029776408415860958,0.14929522894733296,1.9844674545084815,0.27079713538399264,0.29235833201072303,98.0,0.28157773369735783,0.010780598313365199,0.0540525865613048,1.9844674545084815,5.941080091475548,6.2856046108159465,98.0,6.113342351145747,0.17226225967019929,0.8637016639907515,1.9844674545084815,1.3952358827585485,1.472991995708751,98.0,1.4341139392336497,0.038878056475101216,0.19492976659286432,1.9844674545084815,99.0,0.6464646464646465,-0.0637575550856471,-0.0304838993089497,98.0,-0.047120727197298394,0.016636827888348693,0.08341499733142263,1.9844674545084815,QuantileRegressor,"{'mode': 'original', 'type': 'QuantileRegressor'}",6,"['edges_T6W50', 're_T6W50', 'lcc_T6W50', 'lsc_T6W50', 'z_l1_T6W50', 'z_density_T6W50']",0.07504169720970182,0.11351285051015232,98.0,0.09427727385992707,0.019235576650225256,0.09644480220118304,1.9844674545084815,2.252092597823321,2.3379680667429374,98.0,2.295030332283129,0.04293773445980843,0.21528448989308832,1.9844674545084815,completed,True,COMPLETE
116,2.1575284845873077,2026-06-13 08:27:34.174163,2026-06-13 08:27:34.530107,0 days 00:00:00.355944,17.0,4.0,15.0,,,,,,,,,,,,DecisionTreeRegressor,,,,,,15,,,,,,,,True,,,,,,,,,,,,,,,,,,,,,,,,,,,,,,,,,,,,,,,,,,,,,,,,,,,,,DecisionTreeRegressor,"{'mode': 'original', 'type': 'DecisionTreeRegressor'}",15,"['re_T6W50', 'pe_T6W50', 'l1_T6W50', 'l2_T6W50', 'l3_T6W50', 'lcc_T6W50', 'lsc_T6W50', 'diameter_T6W50', 'asp_T6W50', 'z_re_T6W50', 'z_pe_T6W50', 'z_l1_T6W50', 'z_l2_T6W50', 'z_density_T6W50', 'z_asp_T6W50']",,,,,,,,,,,,,,,pruned,True,PRUNED
117,1.7549179122809087,2026-06-13 08:27:34.539672,2026-06-13 08:27:37.572792,0 days 00:00:03.033120,,,,,,,,,,,,,,0.03382699854685835,QuantileRegressor,,,,,,19,,,,,,,,True,,,,,,,,,-0.01695319941549965,-0.006726546882143535,98.0,-0.011839873148821593,0.005113326266678058,0.025637585467140334,1.9844674545084815,1.7297938875183498,1.7800419370434675,98.0,1.7549179122809087,0.02512402476255882,0.12596875273267333,1.9844674545084815,0.26366822954327984,0.28424430296946623,98.0,0.27395626625637304,0.010288036713093173,0.051582943619273354,1.9844674545084815,5.734865270568332,6.05836336549931,98.0,5.896614318033821,0.16174904746548882,0.8109897183069974,1.9844674545084815,1.1586962623377643,1.2891114307951725,98.0,1.2239038465664684,0.06520758422870404,0.326942762221828,1.9844674545084815,99.0,0.8888888888888888,-0.02183524728112522,-0.007370935187151247,98.0,-0.014603091234138233,0.007232156046986986,0.036261135921370036,1.9844674545084815,QuantileRegressor,"{'mode': 'original', 'type': 'QuantileRegressor'}",19,"['pe_T6W50', 'l1_T6W50', 'l2_T6W50', 'l3_T6W50', 'lcc_T6W50', 'lsc_T6W50', 'atd_T6W50', 'density_T6W50', 'diameter_T6W50', 'asp_T6W50', 'z_re_T6W50', 'z_pe_T6W50', 'z_l1_T6W50', 'z_l2_T6W50', 'z_l3_T6W50', 'z_lsc_T6W50', 'z_density_T6W50', 'z_diameter_T6W50', 'z_asp_T6W50']",0.006623370223361215,0.07196547641317,28.0,0.03929442331826561,0.032671053094904395,0.0858906424161884,2.0484071417952454,2.2214971248185758,2.2989730120013943,98.0,2.260235068409985,0.03873794359140927,0.19422725792368187,1.9844674545084815,completed,True,COMPLETE
118,1.7464278650463252,2026-06-13 08:27:37.585173,2026-06-13 08:27:39.798272,0 days 00:00:02.213099,,,,,,,,,,,,,,,XGBRegressor,,,,,,6,,,,,,,,False,gblinear,0.8632308575565024,0.001054667477065073,6.0,122.0,8.438972315176365,7.8091343805248e-08,0.6233394322608115,-0.00692999120971602,-0.006153987065001996,98.0,-0.006541989137359008,0.00038800207235701174,0.0019453944013517728,1.9844674545084815,1.7207864589731643,1.772069271119486,98.0,1.7464278650463252,0.025641406073160813,0.1285628386325111,1.9844674545084815,0.2649515650917506,0.28657651804333734,98.0,0.27576404156754397,0.010812476475793356,0.054212419724917534,1.9844674545084815,5.729884420522415,6.048586129398178,98.0,5.8892352749602965,0.15935085443788077,0.7989654750834283,1.9844674545084815,1.133941688997399,1.2173426078282799,98.0,1.1756421484128394,0.04170045941544041,0.20908094585110942,1.9844674545084815,99.0,1.0,-0.005710921366128639,-0.003378581817130589,98.0,-0.004544751591629614,0.0011661697744990245,0.005847031013402946,1.9844674545084815,XGBRegressor,"{'mode': 'original', 'type': 'XGBRegressor'}",6,"['z_l2_T6W50', 'z_l3_T6W50', 'z_lsc_T6W50', 'z_density_T6W50', 'z_diameter_T6W50', 'z_asp_T6W50']",,,,,,,,2.210045850769556,2.290685087159373,98.0,2.2503654689644645,0.04031961819490817,0.20215757875860726,1.9844674545084815,completed,False,COMPLETE
119,1.7601700392331185,2026-06-13 08:27:39.810909,2026-06-13 08:27:41.766889,0 days 00:00:01.955980,,,,,,,,,,,manhattan,16.0,distance,,KNeighborsRegressor,,,,,,11,11.0,2.0,12.0,40.0,,,ExtraTrees,,,,,,,,,,-0.025986621594916225,-0.0048236169357244,98.0,-0.015405119265320313,0.010581502329595913,0.053054343923569586,1.9844674545084815,1.7328716276074012,1.7874684508588359,98.0,1.7601700392331185,0.02729841162571728,0.13687085952881728,1.9844674545084815,0.26360196256635693,0.28344408577187985,98.0,0.2735230241691184,0.009921061602761435,0.049742975804828476,1.9844674545084815,5.517329525583667,5.785993851354661,98.0,5.651661688469164,0.1343321628854965,0.6735248500385921,1.9844674545084815,1.3908129568980205,1.4520155025335886,98.0,1.4214142297158046,0.030601272817784075,0.1534309970364763,1.9844674545084815,99.0,0.4444444444444444,-0.012722627130422874,0.0212715315951967,98.0,0.004274452232386912,0.016997079362809787,0.08522125366721478,1.9844674545084815,KNeighborsRegressor,"{'mode': 'proxy', 'type': 'ExtraTrees'}",11,"['nodes_T6W50', 're_T6W50', 'pe_T6W50', 'l1_T6W50', 'l2_T6W50', 'l3_T6W50', 'atd_T6W50', 'z_l3_T6W50', 'z_lsc_T6W50', 'z_density_T6W50', 'z_diameter_T6W50']",0.14974949329741388,0.19986131011048186,98.0,0.17480540170394787,0.02505590840653398,0.12562722574843269,1.9844674545084815,2.1978900244559414,2.27377618575572,98.0,2.2358331051058307,0.03794308064988937,0.19024191344631525,1.9844674545084815,completed,True,COMPLETE
120,1.7992342974827142,2026-06-13 08:27:41.779387,2026-06-13 08:27:43.878353,0 days 00:00:02.098966,,,,0.0002917112640198782,0.5882022669483905,,,,,,,,,,ElasticNet,,,,,,12,,,,,,,,False,,,,,,,,,-0.051496146871400424,-0.024856005757532322,98.0,-0.03817607631446637,0.013320070556934053,0.06678518629979636,1.9844674545084815,1.7689929927291521,1.8294756022362764,98.0,1.7992342974827142,0.030241304753562202,0.15162616168457047,1.9844674545084815,0.26980107469072484,0.29027726453793484,98.0,0.28003916961432984,0.010238094923604998,0.05133254166375393,1.9844674545084815,6.073753731403195,6.473922735120023,98.0,6.273838233261609,0.20008450185841378,1.0031989451707433,1.9844674545084815,1.3727375168061622,1.4443180494990258,98.0,1.408527783152594,0.03579026634643182,0.17944796879634245,1.9844674545084815,99.0,0.6565656565656566,-0.10025945457682713,-0.034547459791529275,98.0,-0.0674034571841782,0.032855997392648925,0.16473590718266837,1.9844674545084815,ElasticNet,"{'mode': 'original', 'type': 'ElasticNet'}",12,"['edges_T6W50', 're_T6W50', 'pe_T6W50', 'l2_T6W50', 'lsc_T6W50', 'diameter_T6W50', 'asp_T6W50', 'z_re_T6W50', 'z_l2_T6W50', 'z_lsc_T6W50', 'z_diameter_T6W50', 'z_asp_T6W50']",0.10436890826793208,0.14929521054002445,98.0,0.12683205940397826,0.022463151136046182,0.11262746147544705,1.9844674545084815,2.2650881997022143,2.3547909845707213,98.0,2.309939592136468,0.04485139243425341,0.22487933428907897,1.9844674545084815,completed,False,COMPLETE
121,1.733234064676757,2026-06-13 08:27:43.891873,2026-06-13 08:27:50.925224,0 days 00:00:07.033351,,,,,,,,,,,,,,,XGBRegressor,,,,,,5,,,,,,,,False,gbtree,0.8924484885557338,0.0013964897465066847,2.0,274.0,0.023395288908658208,0.12517992356932114,0.6671191593480303,-0.002426371234355032,0.004012458610494931,98.0,0.0007930436880699495,0.0032194149224249813,0.016141748232599947,1.9844674545084815,1.7085030137020851,1.7579651156514289,98.0,1.733234064676757,0.024731050974671914,0.12399843076457373,1.9844674545084815,0.26243789114253246,0.28352808748447367,98.0,0.27298298931350307,0.010545098170970584,0.05287181797481519,1.9844674545084815,5.656657635520864,5.972740787490992,98.0,5.814699211505928,0.15804157598506438,0.7924009148571213,1.9844674545084815,1.2611303477688052,1.3122829327567878,98.0,1.2867066402627965,0.025576292493991393,0.12823636720002965,1.9844674545084815,99.0,0.1717171717171717,0.019550818120433,0.02929768820482307,98.0,0.024424253162628036,0.004873435042195034,0.02443480053816375,1.9844674545084815,XGBRegressor,"{'mode': 'original', 'type': 'XGBRegressor'}",5,"['re_T6W50', 'pe_T6W50', 'l2_T6W50', 'l3_T6W50', 'z_density_T6W50']",0.18341585500868388,0.23823630935729564,98.0,0.21082608218298976,0.02741022717430588,0.13743148885970444,1.9844674545084815,2.1780181034454285,2.256155520624062,98.0,2.2170868120347453,0.03906870858931673,0.19588567271302407,1.9844674545084815,completed,False,COMPLETE
122,2.2088286223580345,2026-06-13 08:27:50.937964,2026-06-13 08:27:51.064758,0 days 00:00:00.126794,14.0,1.0,16.0,,,,,,,,,,,,DecisionTreeRegressor,,,,,,10,,,,,,,,True,,,,,,,,,,,,,,,,,,,,,,,,,,,,,,,,,,,,,,,,,,,,,,,,,,,,,DecisionTreeRegressor,"{'mode': 'original', 'type': 'DecisionTreeRegressor'}",10,"['re_T6W50', 'pe_T6W50', 'l2_T6W50', 'l3_T6W50', 'lcc_T6W50', 'lsc_T6W50', 'density_T6W50', 'z_pe_T6W50', 'z_l3_T6W50', 'z_lsc_T6W50']",,,,,,,,,,,,,,,pruned,True,PRUNED
123,1.7399339095626896,2026-06-13 08:27:51.074280,2026-06-13 08:27:51.266949,0 days 00:00:00.192669,,,,,,,,,,,,,,,LinearRegression,,,,,,7,,,,,,,,False,,,,,,,,,,,,,,,,,,,,,,,,,,,,,,,,,,,,,,,,,,,,,,,,,,,,,LinearRegression,"{'mode': 'original', 'type': 'LinearRegression'}",7,"['edges_T6W50', 'atd_T6W50', 'density_T6W50', 'asp_T6W50', 'z_density_T6W50', 'z_diameter_T6W50', 'z_asp_T6W50']",,,,,,,,,,,,,,,pruned,False,PRUNED
124,1.759266174201119,2026-06-13 08:27:51.276338,2026-06-13 08:27:53.942471,0 days 00:00:02.666133,,,,,,,,,,,,,,0.025992279021942115,QuantileRegressor,,,,,,4,,,,,,,,True,,,,,,,,,-0.020206617375216805,-0.008674187846573637,98.0,-0.014440402610895221,0.005766214764321584,0.028911087642803993,1.9844674545084815,1.734168148327024,1.7843642000752142,98.0,1.759266174201119,0.025098025874095216,0.1258383975215498,1.9844674545084815,0.26455379725810885,0.28506755294214253,98.0,0.2748106751001257,0.010256877842016838,0.05142671689353419,1.9844674545084815,5.734410498417443,6.053162423413742,98.0,5.893786460915592,0.15937596249814925,0.7990913637921621,1.9844674545084815,1.1928208253963395,1.3238279210740282,98.0,1.2583243732351839,0.06550354783884436,0.32842668715726253,1.9844674545084815,99.0,0.8383838383838383,-0.0229953096465795,-0.0069818038259556285,98.0,-0.014988556736267564,0.008006752910311936,0.040144868789246224,1.9844674545084815,QuantileRegressor,"{'mode': 'original', 'type': 'QuantileRegressor'}",4,"['pe_T6W50', 'l3_T6W50', 'diameter_T6W50', 'z_l3_T6W50']",0.04033140127893636,0.10277715910626523,36.0,0.0715542801926008,0.031222878913664428,0.09364524418111875,2.0280940009804502,2.22174897674678,2.2993047998519573,98.0,2.2605268882993688,0.03877791155258874,0.1944276523376592,1.9844674545084815,completed,True,COMPLETE
125,1.9411104509143726,2026-06-13 08:27:53.995826,2026-06-13 08:27:56.499993,0 days 00:00:02.504167,,,,,,,,,,,euclidean,3.0,uniform,,KNeighborsRegressor,,,,,,17,11.0,2.0,4.0,30.0,,,ExtraTrees,,,,,,,,,,-0.13924482465163557,-0.10316812972908704,98.0,-0.1212064771903613,0.01803834746127427,0.09044204312525439,1.9844674545084815,1.9075014379115358,1.9747194639172094,98.0,1.9411104509143726,0.03360901300283682,0.16851143431655985,1.9844674545084815,0.28140564099656235,0.30111122888414193,98.0,0.29125843494035214,0.009852793943789784,0.04940069020632621,1.9844674545084815,5.815590071641995,6.1709419148899896,98.0,5.993265993265992,0.17767592162399776,0.8908450954465509,1.9844674545084815,1.5869304189102498,1.6857968538170236,98.0,1.6363636363636367,0.04943321745338694,0.2478520382389546,1.9844674545084815,99.0,0.8484848484848485,-0.22724754472664008,-0.1478263248690219,98.0,-0.18753693479783098,0.03971060992880909,0.19910408663664778,1.9844674545084815,KNeighborsRegressor,"{'mode': 'proxy', 'type': 'ExtraTrees'}",17,"['nodes_T6W50', 're_T6W50', 'pe_T6W50', 'l1_T6W50', 'l2_T6W50', 'l3_T6W50', 'lcc_T6W50', 'lsc_T6W50', 'density_T6W50', 'diameter_T6W50', 'z_pe_T6W50', 'z_l1_T6W50', 'z_l2_T6W50', 'z_l3_T6W50', 'z_lsc_T6W50', 'z_density_T6W50', 'z_diameter_T6W50']",0.10105181602554957,0.15458024100020695,98.0,0.12781602851287827,0.0267642124873287,0.134192451120545,1.9844674545084815,2.389615314363906,2.468463375119262,98.0,2.429039344741584,0.0394240303776781,0.19766721221243294,1.9844674545084815,completed,True,COMPLETE
126,2.2613433845849373,2026-06-13 08:27:56.512679,2026-06-13 08:27:56.769244,0 days 00:00:00.256565,8.0,1.0,19.0,,,,,,,,,,,,DecisionTreeRegressor,,,,,,15,,,,,,,,True,,,,,,,,,,,,,,,,,,,,,,,,,,,,,,,,,,,,,,,,,,,,,,,,,,,,,DecisionTreeRegressor,"{'mode': 'original', 'type': 'DecisionTreeRegressor'}",15,"['nodes_T6W50', 're_T6W50', 'pe_T6W50', 'l2_T6W50', 'l3_T6W50', 'lsc_T6W50', 'z_re_T6W50', 'z_pe_T6W50', 'z_l1_T6W50', 'z_l2_T6W50', 'z_l3_T6W50', 'z_lsc_T6W50', 'z_density_T6W50', 'z_diameter_T6W50', 'z_asp_T6W50']",,,,,,,,,,,,,,,pruned,True,PRUNED
