number,value,datetime_start,datetime_complete,duration,params_dt_max_depth,params_dt_min_samples_leaf,params_dt_min_samples_split,params_elastic_alpha,params_elastic_l1_ratio,params_et_max_depth,params_et_max_features,params_et_min_samples_leaf,params_et_min_samples_split,params_et_n_estimators,params_knn_metric,params_knn_n_neighbors,params_knn_weights,params_quantile_alpha,params_regressor,params_rf_max_depth,params_rf_max_features,params_rf_min_samples_leaf,params_rf_min_samples_split,params_rf_n_estimators,params_rfe_n_features,params_rfe_proxy_et_max_depth,params_rfe_proxy_et_min_samples_leaf,params_rfe_proxy_et_min_samples_split,params_rfe_proxy_et_n_estimators,params_rfe_proxy_lsvr_C,params_rfe_proxy_lsvr_epsilon,params_rfe_proxy_type,params_use_scaler,params_xgb_booster,params_xgb_colsample_bytree,params_xgb_learning_rate,params_xgb_max_depth,params_xgb_n_estimators,params_xgb_reg_alpha,params_xgb_reg_lambda,params_xgb_subsample,user_attrs_d2mae_ci_lower_val,user_attrs_d2mae_ci_upper_val,user_attrs_d2mae_df_val,user_attrs_d2mae_mean_val,user_attrs_d2mae_samperror_val,user_attrs_d2mae_std_val,user_attrs_d2mae_t_critical_val,user_attrs_mae_ci_lower_val,user_attrs_mae_ci_upper_val,user_attrs_mae_df_val,user_attrs_mae_mean_val,user_attrs_mae_samperror_val,user_attrs_mae_std_val,user_attrs_mae_t_critical_val,user_attrs_mape_ci_lower_val,user_attrs_mape_ci_upper_val,user_attrs_mape_df_val,user_attrs_mape_mean_val,user_attrs_mape_samperror_val,user_attrs_mape_std_val,user_attrs_mape_t_critical_val,user_attrs_max_error_ci_lower_val,user_attrs_max_error_ci_upper_val,user_attrs_max_error_df_val,user_attrs_max_error_mean_val,user_attrs_max_error_samperror_val,user_attrs_max_error_std_val,user_attrs_max_error_t_critical_val,user_attrs_median_ae_ci_lower_val,user_attrs_median_ae_ci_upper_val,user_attrs_median_ae_df_val,user_attrs_median_ae_mean_val,user_attrs_median_ae_samperror_val,user_attrs_median_ae_std_val,user_attrs_median_ae_t_critical_val,user_attrs_n_splits_val,user_attrs_r2_below_zero_val,user_attrs_r2_ci_lower_val,user_attrs_r2_ci_upper_val,user_attrs_r2_df_val,user_attrs_r2_mean_val,user_attrs_r2_samperror_val,user_attrs_r2_std_val,user_attrs_r2_t_critical_val,user_attrs_regressor_final,user_attrs_rfe_estimator,user_attrs_rfe_n_features,user_attrs_rfe_selected_features,user_attrs_rho_ci_lower_val,user_attrs_rho_ci_upper_val,user_attrs_rho_df_val,user_attrs_rho_mean_val,user_attrs_rho_samperror_val,user_attrs_rho_std_val,user_attrs_rho_t_critical_val,user_attrs_rmse_ci_lower_val,user_attrs_rmse_ci_upper_val,user_attrs_rmse_df_val,user_attrs_rmse_mean_val,user_attrs_rmse_samperror_val,user_attrs_rmse_std_val,user_attrs_rmse_t_critical_val,user_attrs_termination_reason,user_attrs_use_scaler_final,state
298,1.7889440883383931,2026-06-13 08:47:17.871773,2026-06-13 08:47:38.701275,0 days 00:00:20.829502,,,,,,,,,,,,,,,RandomForestRegressor,10.0,log2,3.0,9.0,203.0,18,,,,,,,,False,,,,,,,,,-0.04368007797549558,-0.020919282727800213,98.0,-0.032299680351647896,0.011380397623847684,0.05705990611879838,1.9844674545084815,1.7619311405518197,1.8159570361249666,98.0,1.7889440883383931,0.02701294778657349,0.13543957914651114,1.9844674545084815,0.26832040476918556,0.2887468290914427,98.0,0.27853361693031414,0.010213212161128563,0.05120778257028372,1.9844674545084815,5.631332342781316,5.913760610770061,98.0,5.772546476775688,0.14121413399437224,0.7080302019923641,1.9844674545084815,1.4500826528447088,1.5133945467460126,98.0,1.4817385997953607,0.03165594695065188,0.1587190026929092,1.9844674545084815,99.0,0.5050505050505051,-0.043679598937618566,-0.0021283940905594927,98.0,-0.02290399651408903,0.02077560242352954,0.10416630095278485,1.9844674545084815,RandomForestRegressor,"{'mode': 'original', 'type': 'RandomForestRegressor'}",18,"['nodes_T6W50', 're_T6W50', 'pe_T6W50', 'l1_T6W50', 'l2_T6W50', 'l3_T6W50', 'lcc_T6W50', 'lsc_T6W50', 'atd_T6W50', 'density_T6W50', 'diameter_T6W50', 'z_re_T6W50', 'z_pe_T6W50', 'z_l2_T6W50', 'z_l3_T6W50', 'z_lsc_T6W50', 'z_density_T6W50', 'z_diameter_T6W50']",0.10604446098321221,0.1594570800123963,98.0,0.13275077049780426,0.02670630951459205,0.13390213277688456,1.9844674545084815,2.226880116359029,2.301932228477288,98.0,2.2644061724181586,0.03752605605912944,0.1881510037272973,1.9844674545084815,completed,False,COMPLETE
299,1.7550428910500036,2026-06-13 08:47:38.715179,2026-06-13 08:47:54.998315,0 days 00:00:16.283136,,,,,,,,,,,,,,,XGBRegressor,,,,,,8,,,,,,,,True,gbtree,0.6173772108624856,0.0010406289634983384,5.0,368.0,0.23432759471836886,1.0863642854536062e-05,0.7017404845134998,-0.014572429087222623,-0.00891007975319083,98.0,-0.011741254420206727,0.002831174667015897,0.014195159610884392,1.9844674545084815,1.7300502098003043,1.7800355722997028,98.0,1.7550428910500036,0.024992681249699326,0.12531021260421848,1.9844674545084815,0.2663281487379602,0.2876628360675657,98.0,0.27699549240276294,0.010667343664802782,0.05348474176114181,1.9844674545084815,5.762668361530067,6.064409764163515,98.0,5.913539062846791,0.15087070131672428,0.7564470361887926,1.9844674545084815,1.2679947776552312,1.3266438541461816,98.0,1.2973193159007064,0.02932453824547516,0.14702960780189345,1.9844674545084815,99.0,0.7171717171717171,-0.015009115168345955,-0.006594480919846584,98.0,-0.01080179804409627,0.0042073171242496855,0.021094967685367484,1.9844674545084815,XGBRegressor,"{'mode': 'original', 'type': 'XGBRegressor'}",8,"['density_T6W50', 'z_l1_T6W50', 'z_l2_T6W50', 'z_l3_T6W50', 'z_lsc_T6W50', 'z_density_T6W50', 'z_diameter_T6W50', 'z_asp_T6W50']",0.016898599689018485,0.06906636487849421,98.0,0.04298248228375635,0.026083882594737862,0.13078136118466274,1.9844674545084815,2.217070424999253,2.296738812133424,98.0,2.2569046185663386,0.03983419356708545,0.19972371971371106,1.9844674545084815,completed,True,COMPLETE
