number,value,datetime_start,datetime_complete,duration,params_dt_max_depth,params_dt_min_samples_leaf,params_dt_min_samples_split,params_elastic_alpha,params_elastic_l1_ratio,params_et_max_depth,params_et_max_features,params_et_min_samples_leaf,params_et_min_samples_split,params_et_n_estimators,params_knn_metric,params_knn_n_neighbors,params_knn_weights,params_quantile_alpha,params_regressor,params_rf_max_depth,params_rf_max_features,params_rf_min_samples_leaf,params_rf_min_samples_split,params_rf_n_estimators,params_rfe_n_features,params_rfe_proxy_et_max_depth,params_rfe_proxy_et_min_samples_leaf,params_rfe_proxy_et_min_samples_split,params_rfe_proxy_et_n_estimators,params_rfe_proxy_lsvr_C,params_rfe_proxy_lsvr_epsilon,params_rfe_proxy_type,params_use_scaler,params_xgb_booster,params_xgb_colsample_bytree,params_xgb_learning_rate,params_xgb_max_depth,params_xgb_n_estimators,params_xgb_reg_alpha,params_xgb_reg_lambda,params_xgb_subsample,user_attrs_d2mae_ci_lower_val,user_attrs_d2mae_ci_upper_val,user_attrs_d2mae_df_val,user_attrs_d2mae_mean_val,user_attrs_d2mae_samperror_val,user_attrs_d2mae_std_val,user_attrs_d2mae_t_critical_val,user_attrs_mae_ci_lower_val,user_attrs_mae_ci_upper_val,user_attrs_mae_df_val,user_attrs_mae_mean_val,user_attrs_mae_samperror_val,user_attrs_mae_std_val,user_attrs_mae_t_critical_val,user_attrs_mape_ci_lower_val,user_attrs_mape_ci_upper_val,user_attrs_mape_df_val,user_attrs_mape_mean_val,user_attrs_mape_samperror_val,user_attrs_mape_std_val,user_attrs_mape_t_critical_val,user_attrs_max_error_ci_lower_val,user_attrs_max_error_ci_upper_val,user_attrs_max_error_df_val,user_attrs_max_error_mean_val,user_attrs_max_error_samperror_val,user_attrs_max_error_std_val,user_attrs_max_error_t_critical_val,user_attrs_median_ae_ci_lower_val,user_attrs_median_ae_ci_upper_val,user_attrs_median_ae_df_val,user_attrs_median_ae_mean_val,user_attrs_median_ae_samperror_val,user_attrs_median_ae_std_val,user_attrs_median_ae_t_critical_val,user_attrs_n_splits_val,user_attrs_r2_below_zero_val,user_attrs_r2_ci_lower_val,user_attrs_r2_ci_upper_val,user_attrs_r2_df_val,user_attrs_r2_mean_val,user_attrs_r2_samperror_val,user_attrs_r2_std_val,user_attrs_r2_t_critical_val,user_attrs_regressor_final,user_attrs_rfe_estimator,user_attrs_rfe_n_features,user_attrs_rfe_selected_features,user_attrs_rho_ci_lower_val,user_attrs_rho_ci_upper_val,user_attrs_rho_df_val,user_attrs_rho_mean_val,user_attrs_rho_samperror_val,user_attrs_rho_std_val,user_attrs_rho_t_critical_val,user_attrs_rmse_ci_lower_val,user_attrs_rmse_ci_upper_val,user_attrs_rmse_df_val,user_attrs_rmse_mean_val,user_attrs_rmse_samperror_val,user_attrs_rmse_std_val,user_attrs_rmse_t_critical_val,user_attrs_termination_reason,user_attrs_use_scaler_final,state
127,1.760831623696932,2026-06-13 08:27:56.779123,2026-06-13 08:27:59.764423,0 days 00:00:02.985300,,,,,,,,,,,,,,,XGBRegressor,,,,,,7,,,,,,,,False,gblinear,0.8042636363482333,0.014099932173699115,7.0,139.0,1.3981615309912755e-05,1.0638050900691945e-07,0.9860026648157685,-0.020969117319426807,-0.00961806466722439,98.0,-0.015293590993325598,0.005675526326101209,0.0284563870302286,1.9844674545084815,1.7354016477946952,1.7862615995991686,98.0,1.760831623696932,0.025429975902236675,0.12750275390591664,1.9844674545084815,0.2652230170231309,0.2862576629614819,98.0,0.2757403399923064,0.010517322969175524,0.05273255654834835,1.9844674545084815,5.712195767568727,6.026173268633753,98.0,5.86918451810124,0.15698875053251243,0.787122178255141,1.9844674545084815,1.3781357525412241,1.4375531417113605,98.0,1.4078444471262923,0.029708694585068196,0.14895572017482026,1.9844674545084815,99.0,0.41414141414141414,-0.010071602481193305,0.006857363667573403,98.0,-0.0016071194068099507,0.008464483074383354,0.04243987121824104,1.9844674545084815,XGBRegressor,"{'mode': 'original', 'type': 'XGBRegressor'}",7,"['density_T6W50', 'z_pe_T6W50', 'z_l1_T6W50', 'z_l2_T6W50', 'z_l3_T6W50', 'z_lsc_T6W50', 'z_diameter_T6W50']",0.05380432813398135,0.10930006903120303,98.0,0.08155219858259219,0.027747870448610833,0.13912439047617453,1.9844674545084815,2.2062760384176174,2.285560436929453,98.0,2.245918237673535,0.039642199255917554,0.19876108398403966,1.9844674545084815,completed,False,COMPLETE
128,1.7495723141930777,2026-06-13 08:27:59.777372,2026-06-13 08:28:14.502184,0 days 00:00:14.724812,,,,,,11.0,sqrt,5.0,3.0,256.0,,,,,ExtraTreesRegressor,,,,,,10,,,,,,,,True,,,,,,,,,-0.017173641954509412,-0.0009756230591668798,98.0,-0.009074632506838145,0.008099009447671265,0.04060743165695637,1.9844674545084815,1.7238999736480858,1.7752446547380696,98.0,1.7495723141930777,0.025672340544991967,0.1287179402481894,1.9844674545084815,0.2633164138827498,0.28367881781335397,98.0,0.2734976158480519,0.010181201965302106,0.05104728740754226,1.9844674545084815,5.605372116853133,5.889289170825145,98.0,5.747330643839139,0.1419585269860056,0.7117624963832986,1.9844674545084815,1.4046933901990912,1.4582449346379218,98.0,1.4314691624185065,0.02677577221941537,0.13425041018747969,1.9844674545084815,99.0,0.3939393939393939,-0.0022006213150531032,0.0240398573129108,98.0,0.010919617998928849,0.013120239313981952,0.06578325716345794,1.9844674545084815,ExtraTreesRegressor,"{'mode': 'original', 'type': 'ExtraTreesRegressor'}",10,"['nodes_T6W50', 're_T6W50', 'pe_T6W50', 'l2_T6W50', 'l3_T6W50', 'lcc_T6W50', 'atd_T6W50', 'density_T6W50', 'z_l3_T6W50', 'z_density_T6W50']",0.12248749425550734,0.17269245297991478,98.0,0.14758997361771106,0.025102479362203715,0.1258607267601029,1.9844674545084815,2.1924907819559394,2.266683521528436,98.0,2.2295871517421877,0.03709636978624831,0.18599660990016453,1.9844674545084815,completed,True,COMPLETE
129,1.7005924563825552,2026-06-13 08:28:14.514524,2026-06-13 08:28:15.209483,0 days 00:00:00.694959,,,,,,8.0,,3.0,10.0,124.0,,,,,ExtraTreesRegressor,,,,,,20,,,,,,,,False,,,,,,,,,,,,,,,,,,,,,,,,,,,,,,,,,,,,,,,,,,,,,,,,,,,,,ExtraTreesRegressor,"{'mode': 'original', 'type': 'ExtraTreesRegressor'}",20,"['nodes_T6W50', 're_T6W50', 'pe_T6W50', 'l1_T6W50', 'l2_T6W50', 'l3_T6W50', 'lcc_T6W50', 'lsc_T6W50', 'atd_T6W50', 'diameter_T6W50', 'asp_T6W50', 'z_re_T6W50', 'z_pe_T6W50', 'z_l1_T6W50', 'z_l2_T6W50', 'z_l3_T6W50', 'z_lsc_T6W50', 'z_density_T6W50', 'z_diameter_T6W50', 'z_asp_T6W50']",,,,,,,,,,,,,,,pruned,False,PRUNED
130,1.799655223740316,2026-06-13 08:28:15.219256,2026-06-13 08:28:18.030012,0 days 00:00:02.810756,,,,,,,,,,,,,,0.00033679722132229183,QuantileRegressor,,,,,,15,,,,,,,,True,,,,,,,,,-0.0525225183239508,-0.022878528047883998,98.0,-0.0377005231859174,0.0148219951380334,0.07431565038617066,1.9844674545084815,1.7650223284052933,1.8342881190753388,98.0,1.799655223740316,0.03463289533502267,0.1736450536928105,1.9844674545084815,0.2733766133915732,0.29496609265521495,98.0,0.2841713530233941,0.010794739631820897,0.054123489382994196,1.9844674545084815,6.209188289939555,6.762490948496388,98.0,6.4858396192179715,0.27665132927841657,1.3870955478030231,1.9844674545084815,1.3814428239563383,1.454188088910936,98.0,1.4178154564336372,0.036372632477298855,0.18236788054744046,1.9844674545084815,99.0,0.6565656565656566,-0.13302583013274172,-0.057112108904276496,98.0,-0.09506896951850911,0.03795686061423262,0.19031100448317836,1.9844674545084815,QuantileRegressor,"{'mode': 'original', 'type': 'QuantileRegressor'}",15,"['edges_T6W50', 're_T6W50', 'pe_T6W50', 'lcc_T6W50', 'lsc_T6W50', 'density_T6W50', 'diameter_T6W50', 'asp_T6W50', 'z_l1_T6W50', 'z_l2_T6W50', 'z_l3_T6W50', 'z_lsc_T6W50', 'z_density_T6W50', 'z_diameter_T6W50', 'z_asp_T6W50']",0.12607101718843258,0.17469360386478264,98.0,0.1503823105266076,0.02431129333817503,0.1218938178922633,1.9844674545084815,2.287762508717217,2.389906149804276,98.0,2.3388343292607465,0.05107182054352947,0.25606779146479786,1.9844674545084815,completed,True,COMPLETE
131,1.7724343348650382,2026-06-13 08:28:18.065904,2026-06-13 08:29:02.489804,0 days 00:00:44.423900,,,,,,,,,,,,,,,RandomForestRegressor,9.0,,3.0,12.0,409.0,8,,,,,,,,False,,,,,,,,,-0.035334266006641406,-0.010976768969709996,98.0,-0.0231555174881757,0.012178748518465706,0.0610627387615968,1.9844674545084815,1.7462664751764263,1.7986021945536501,98.0,1.7724343348650382,0.02616785968861191,0.13120241194676804,1.9844674545084815,0.2651517354504405,0.2848302857211798,98.0,0.27499101058581016,0.009839275135369622,0.04933290857296077,1.9844674545084815,5.649410667292339,5.987362854323062,98.0,5.818386760807701,0.16897609351536144,0.8472252333348581,1.9844674545084815,1.4332091563395724,1.5104929157122646,98.0,1.4718510360259185,0.03864187968634617,0.1937456053852135,1.9844674545084815,99.0,0.47474747474747475,-0.0334542520097094,0.01298491594362766,98.0,-0.01023466803304087,0.02321958397666853,0.11642012218008194,1.9844674545084815,RandomForestRegressor,"{'mode': 'original', 'type': 'RandomForestRegressor'}",8,"['re_T6W50', 'pe_T6W50', 'l2_T6W50', 'l3_T6W50', 'lsc_T6W50', 'z_l1_T6W50', 'z_density_T6W50', 'z_diameter_T6W50']",0.1561655087671998,0.21014585824253462,98.0,0.18315568350486722,0.026990174737667395,0.13532539789594591,1.9844674545084815,2.211094492266044,2.2868800724772775,98.0,2.248987282371661,0.037892790105616775,0.18998976287744193,1.9844674545084815,completed,False,COMPLETE
132,1.792334995461534,2026-06-13 08:29:02.502344,2026-06-13 08:29:30.326183,0 days 00:00:27.823839,,,,,,,,,,,,,,,RandomForestRegressor,13.0,,5.0,2.0,248.0,10,,,,,,,,True,,,,,,,,,-0.047015640394313954,-0.02241816048725101,98.0,-0.03471690044078248,0.012298739953531472,0.06166436097605837,1.9844674545084815,1.7660705827896186,1.8185994081334493,98.0,1.792334995461534,0.02626441267191546,0.13168651666304315,1.9844674545084815,0.2687673740117987,0.2888694910723762,98.0,0.27881843254208744,0.010051058530288762,0.0503947643209782,1.9844674545084815,5.710870251009936,6.067703033606195,98.0,5.889286642308066,0.17841639129812892,0.8945577188087789,1.9844674545084815,1.4444238309387414,1.52303613834738,98.0,1.4837299846430607,0.03930615370431938,0.1970761931516094,1.9844674545084815,99.0,0.5252525252525253,-0.054469203357611115,-0.008509353209831969,98.0,-0.03148927828372154,0.022979925073889573,0.11521850208339518,1.9844674545084815,RandomForestRegressor,"{'mode': 'original', 'type': 'RandomForestRegressor'}",10,"['re_T6W50', 'pe_T6W50', 'l2_T6W50', 'l3_T6W50', 'lsc_T6W50', 'diameter_T6W50', 'z_pe_T6W50', 'z_l3_T6W50', 'z_density_T6W50', 'z_diameter_T6W50']",0.11936543738891574,0.17226761092323578,98.0,0.14581652415607577,0.026451086767160025,0.1326224774880978,1.9844674545084815,2.2350880360158984,2.310009921708598,98.0,2.272548978862248,0.03746094284634976,0.18782453413184869,1.9844674545084815,completed,True,COMPLETE
133,1.7270812665974458,2026-06-13 08:29:30.339536,2026-06-13 08:29:30.437727,0 days 00:00:00.098191,,,,,,,,,,,,,,,LinearRegression,,,,,,17,,,,,,,,True,,,,,,,,,,,,,,,,,,,,,,,,,,,,,,,,,,,,,,,,,,,,,,,,,,,,,LinearRegression,"{'mode': 'original', 'type': 'LinearRegression'}",17,"['edges_T6W50', 'pe_T6W50', 'l1_T6W50', 'l2_T6W50', 'lcc_T6W50', 'lsc_T6W50', 'atd_T6W50', 'density_T6W50', 'diameter_T6W50', 'asp_T6W50', 'z_l1_T6W50', 'z_l2_T6W50', 'z_l3_T6W50', 'z_lsc_T6W50', 'z_density_T6W50', 'z_diameter_T6W50', 'z_asp_T6W50']",,,,,,,,,,,,,,,pruned,True,PRUNED
134,1.7656813501249133,2026-06-13 08:29:30.446869,2026-06-13 08:29:30.593913,0 days 00:00:00.147044,,,,,,,,,,,,,,,LinearRegression,,,,,,19,,,,,,,,False,,,,,,,,,,,,,,,,,,,,,,,,,,,,,,,,,,,,,,,,,,,,,,,,,,,,,LinearRegression,"{'mode': 'original', 'type': 'LinearRegression'}",19,"['nodes_T6W50', 'edges_T6W50', 'pe_T6W50', 'l1_T6W50', 'l2_T6W50', 'lcc_T6W50', 'lsc_T6W50', 'atd_T6W50', 'density_T6W50', 'diameter_T6W50', 'asp_T6W50', 'z_re_T6W50', 'z_l1_T6W50', 'z_l2_T6W50', 'z_l3_T6W50', 'z_lsc_T6W50', 'z_density_T6W50', 'z_diameter_T6W50', 'z_asp_T6W50']",,,,,,,,,,,,,,,pruned,False,PRUNED
135,1.78426800497152,2026-06-13 08:29:30.603902,2026-06-13 08:29:42.314007,0 days 00:00:11.710105,,,,,,,,,,,,,,,RandomForestRegressor,8.0,sqrt,4.0,6.0,114.0,19,,,,,,,,False,,,,,,,,,-0.040729470396698775,-0.018578258984756978,98.0,-0.029653864690727876,0.011075605705970897,0.05553171714028903,1.9844674545084815,1.7578347142920208,1.8107012956510193,98.0,1.78426800497152,0.026433290679499243,0.13253325010564868,1.9844674545084815,0.2683290243686914,0.28877861465079463,98.0,0.278553819509743,0.010224795141051608,0.05126585819899461,1.9844674545084815,5.701344025834225,5.995485573548378,98.0,5.848414799691302,0.14707077385707626,0.7373946698943667,1.9844674545084815,1.4498908121369836,1.5137965259035788,98.0,1.4818436690202812,0.031952856883297534,0.16020767237234101,1.9844674545084815,99.0,0.5151515151515151,-0.04662071753727147,-0.006276155629402376,98.0,-0.026448436583336923,0.020172280953934547,0.10114132172513407,1.9844674545084815,RandomForestRegressor,"{'mode': 'original', 'type': 'RandomForestRegressor'}",19,"['nodes_T6W50', 're_T6W50', 'pe_T6W50', 'l1_T6W50', 'l2_T6W50', 'l3_T6W50', 'lcc_T6W50', 'lsc_T6W50', 'atd_T6W50', 'density_T6W50', 'diameter_T6W50', 'z_pe_T6W50', 'z_l1_T6W50', 'z_l2_T6W50', 'z_l3_T6W50', 'z_lsc_T6W50', 'z_density_T6W50', 'z_diameter_T6W50', 'z_asp_T6W50']",0.10344212752983148,0.1558211779474624,98.0,0.12963165273864694,0.02618952520881546,0.13131104018540174,1.9844674545084815,2.2309594523591962,2.3062641433904774,98.0,2.268611797874837,0.03765234551564048,0.18878420344232427,1.9844674545084815,completed,False,COMPLETE
136,1.7733424540390943,2026-06-13 08:29:42.326651,2026-06-13 08:29:44.242487,0 days 00:00:01.915836,,,,0.0013674069569182747,0.83704112524294,,,,,,,,,,ElasticNet,,,,,,7,,,,,,,,False,,,,,,,,,-0.033389377738984746,-0.012364018772872992,98.0,-0.02287669825592887,0.010512679483055877,0.05270927468326696,1.9844674545084815,1.7453710418015587,1.80131386627663,98.0,1.7733424540390943,0.027971412237535694,0.14024520135741755,1.9844674545084815,0.2675682136903649,0.28788073609482157,98.0,0.2777244748925932,0.010156261202228326,0.05092223750625068,1.9844674545084815,5.879505719816956,6.209386962975406,98.0,6.044446341396181,0.16494062157922473,0.8269918761682784,1.9844674545084815,1.4081221353880888,1.4732596022287883,98.0,1.4406908688084386,0.03256873342034967,0.16329560115536748,1.9844674545084815,99.0,0.45454545454545453,-0.04124386651900316,0.003010016976236339,98.0,-0.01911692477138341,0.022126941747619748,0.11094174918542386,1.9844674545084815,ElasticNet,"{'mode': 'original', 'type': 'ElasticNet'}",7,"['edges_T6W50', 're_T6W50', 'pe_T6W50', 'lsc_T6W50', 'z_l2_T6W50', 'z_diameter_T6W50', 'z_asp_T6W50']",0.12870599069044397,0.17494217716614102,98.0,0.1518240839282925,0.023118093237848525,0.11591126016836611,1.9844674545084815,2.219942271713098,2.302644235157283,98.0,2.2612932534351904,0.041350981722092485,0.20732870792127994,1.9844674545084815,completed,False,COMPLETE
137,1.7465001717304987,2026-06-13 08:29:44.255405,2026-06-13 08:29:46.013528,0 days 00:00:01.758123,,,,0.6765873641051084,0.7884473432532987,,,,,,,,,,ElasticNet,,,,,,15,,,,,,,,True,,,,,,,,,-0.006965791604207137,-0.006204330684215188,98.0,-0.006585061144211163,0.00038073045999597444,0.0019089354363518488,1.9844674545084815,1.720865267866142,1.7721350755948553,98.0,1.7465001717304987,0.02563490386435674,0.1285302373617833,1.9844674545084815,0.2649565431428615,0.28658126366178666,98.0,0.2757689034023241,0.010812360259462573,0.05421183703060903,1.9844674545084815,5.73030192329063,6.04858872585043,98.0,5.88944532457053,0.1591434012799001,0.7979253306078414,1.9844674545084815,1.135349606055574,1.218546062223667,98.0,1.1769478341396205,0.04159822808404648,0.208568370599827,1.9844674545084815,99.0,1.0,-0.005754067546503939,-0.003412058644976996,98.0,-0.004583063095740468,0.001171004450763472,0.005871271482223305,1.9844674545084815,ElasticNet,"{'mode': 'original', 'type': 'ElasticNet'}",15,"['lcc_T6W50', 'lsc_T6W50', 'atd_T6W50', 'density_T6W50', 'diameter_T6W50', 'asp_T6W50', 'z_re_T6W50', 'z_pe_T6W50', 'z_l1_T6W50', 'z_l2_T6W50', 'z_l3_T6W50', 'z_lsc_T6W50', 'z_density_T6W50', 'z_diameter_T6W50', 'z_asp_T6W50']",-0.1508676067576069,0.020858093959230925,5.0,-0.065004756399188,0.08586285035841892,0.08181811927688037,2.5705818356363146,2.210091156122803,2.290719737503684,98.0,2.2504054468132435,0.04031429069044075,0.2021308673101319,1.9844674545084815,completed,True,COMPLETE
138,1.746427864074923,2026-06-13 08:29:46.027609,2026-06-13 08:29:47.790669,0 days 00:00:01.763060,,,,7.655995024940027,0.11072059332631567,,,,,,,,,,ElasticNet,,,,,,10,,,,,,,,True,,,,,,,,,-0.006929990589016921,-0.006153986227407756,98.0,-0.006541988408212338,0.0003880021808045826,0.0019453949450944801,1.9844674545084815,1.7207864571086444,1.7720692710412014,98.0,1.746427864074923,0.025641406966278476,0.1285628431104926,1.9844674545084815,0.2649515644991853,0.286576518078214,98.0,0.27576404128869964,0.01081247678951438,0.05421242129787595,1.9844674545084815,5.729884355182948,6.04858606328747,98.0,5.889235209235209,0.15935085405226102,0.7989654731499785,1.9844674545084815,1.1339416758435712,1.2173425954407,98.0,1.1756421356421356,0.0417004597985643,0.20908094777204522,1.9844674545084815,99.0,1.0,-0.005710922460236731,-0.0033785820218229794,98.0,-0.004544752241029855,0.0011661702192068755,0.005847033243113108,1.9844674545084815,ElasticNet,"{'mode': 'original', 'type': 'ElasticNet'}",10,"['asp_T6W50', 'z_re_T6W50', 'z_pe_T6W50', 'z_l1_T6W50', 'z_l2_T6W50', 'z_l3_T6W50', 'z_lsc_T6W50', 'z_density_T6W50', 'z_diameter_T6W50', 'z_asp_T6W50']",,,,,,,,2.2100458514374464,2.2906850879179124,98.0,2.2503654696776794,0.040319618240232794,0.20215757898585932,1.9844674545084815,completed,True,COMPLETE
139,1.7349970291146763,2026-06-13 08:29:47.818316,2026-06-13 08:29:50.169483,0 days 00:00:02.351167,,,,,,,,,,,,,,6.517060990074383,QuantileRegressor,,,,,,17,,,,,,,,True,,,,,,,,,0.0,0.0,98.0,0.0,0.0,0.0,1.9844674545084815,1.7097615267403508,1.760232531489002,98.0,1.7349970291146763,0.025235502374325525,0.1265276876901327,1.9844674545084815,0.25983396043683077,0.2806349322602259,98.0,0.27023444634852833,0.010400485911697585,0.05214674999296774,1.9844674545084815,5.70097731382373,6.036396423550007,98.0,5.8686868686868685,0.16770955486313893,0.8408749651825216,1.9844674545084815,1.033280465877702,1.1485377159404797,98.0,1.0909090909090908,0.057628625031388776,0.2889427981985323,1.9844674545084815,99.0,0.9797979797979798,-0.009845695376372022,-0.006666757700651824,98.0,-0.008256226538511923,0.0015894688378600991,0.007969400161994435,1.9844674545084815,QuantileRegressor,"{'mode': 'original', 'type': 'QuantileRegressor'}",17,"['l2_T6W50', 'l3_T6W50', 'lcc_T6W50', 'lsc_T6W50', 'atd_T6W50', 'density_T6W50', 'diameter_T6W50', 'asp_T6W50', 'z_re_T6W50', 'z_pe_T6W50', 'z_l1_T6W50', 'z_l2_T6W50', 'z_l3_T6W50', 'z_lsc_T6W50', 'z_density_T6W50', 'z_diameter_T6W50', 'z_asp_T6W50']",,,,,,,,2.2146203974868346,2.2936018858285863,98.0,2.2541111416577104,0.03949074417087585,0.1980017069201324,1.9844674545084815,completed,True,COMPLETE
140,1.7845240325777965,2026-06-13 08:29:50.181716,2026-06-13 08:30:14.614590,0 days 00:00:24.432874,,,,,,,,,,,,,,,RandomForestRegressor,7.0,log2,2.0,8.0,261.0,20,,,,,,,,True,,,,,,,,,-0.04102471400469858,-0.01881447924034994,98.0,-0.029919596622524258,0.011105117382174318,0.05567968503466619,1.9844674545084815,1.7586208648866903,1.8104272002689026,98.0,1.7845240325777965,0.02590316769110623,0.12987527900930176,1.9844674545084815,0.2681219032744813,0.28833855352106136,98.0,0.27823022839777134,0.010108325123290036,0.05068189193535512,1.9844674545084815,5.654288105607741,5.931572728387812,98.0,5.792930416997777,0.13864231139003558,0.6951354015461878,1.9844674545084815,1.4426595371849575,1.5049823896313994,98.0,1.4738209634081785,0.031161426223220958,0.15623953692961473,1.9844674545084815,99.0,0.494949494949495,-0.03828828949912287,0.0017507837265856967,98.0,-0.01826875288626859,0.020019536612854286,0.10037548049090918,1.9844674545084815,RandomForestRegressor,"{'mode': 'original', 'type': 'RandomForestRegressor'}",20,"['nodes_T6W50', 're_T6W50', 'pe_T6W50', 'l2_T6W50', 'l3_T6W50', 'lcc_T6W50', 'lsc_T6W50', 'atd_T6W50', 'density_T6W50', 'diameter_T6W50', 'asp_T6W50', 'z_re_T6W50', 'z_pe_T6W50', 'z_l1_T6W50', 'z_l2_T6W50', 'z_l3_T6W50', 'z_lsc_T6W50', 'z_density_T6W50', 'z_diameter_T6W50', 'z_asp_T6W50']",0.11317874314325183,0.16506060334477757,98.0,0.1391196732440147,0.025940930100762875,0.13006461506073397,1.9844674545084815,2.222579730652744,2.29594267182477,98.0,2.259261201238757,0.03668147058601317,0.1839163566263622,1.9844674545084815,completed,True,COMPLETE
141,1.7884401878405798,2026-06-13 08:30:14.627091,2026-06-13 08:30:59.542820,0 days 00:00:44.915729,,,,,,,,,,,,,,,RandomForestRegressor,18.0,sqrt,1.0,7.0,498.0,3,,,,,,,,False,,,,,,,,,-0.04467963129138726,-0.01982002759736276,98.0,-0.03224982944437501,0.01242980184701225,0.06232148909978,1.9844674545084815,1.7610461423328991,1.8158342333482604,98.0,1.7884401878405798,0.02739404550768076,0.1373503559846509,1.9844674545084815,0.2670214763422636,0.28710070809145904,98.0,0.2770610922168613,0.010039615874597741,0.050337392260610896,1.9844674545084815,5.738925315951144,6.091789612570347,98.0,5.915357464260746,0.17643214830960136,0.8846089698823784,1.9844674545084815,1.4396961468678695,1.5092852962653684,98.0,1.474490721566619,0.034794574698749435,0.17445569402547023,1.9844674545084815,99.0,0.5454545454545454,-0.0420227927750599,0.002855648927824826,98.0,-0.019583571923617538,0.022439220851442364,0.11250747798822439,1.9844674545084815,RandomForestRegressor,"{'mode': 'original', 'type': 'RandomForestRegressor'}",3,"['re_T6W50', 'pe_T6W50', 'l3_T6W50']",0.11497061047559651,0.1670443056503186,98.0,0.14100745806295756,0.026036847587361054,0.1305455334751288,1.9844674545084815,2.2209932749241426,2.2994055120691397,98.0,2.260199393496641,0.03920611857249838,0.1965746293733521,1.9844674545084815,completed,False,COMPLETE
