number,value,datetime_start,datetime_complete,duration,params_dt_max_depth,params_dt_min_samples_leaf,params_dt_min_samples_split,params_elastic_alpha,params_elastic_l1_ratio,params_et_max_depth,params_et_max_features,params_et_min_samples_leaf,params_et_min_samples_split,params_et_n_estimators,params_knn_metric,params_knn_n_neighbors,params_knn_weights,params_quantile_alpha,params_regressor,params_rf_max_depth,params_rf_max_features,params_rf_min_samples_leaf,params_rf_min_samples_split,params_rf_n_estimators,params_rfe_n_features,params_rfe_proxy_et_max_depth,params_rfe_proxy_et_min_samples_leaf,params_rfe_proxy_et_min_samples_split,params_rfe_proxy_et_n_estimators,params_rfe_proxy_lsvr_C,params_rfe_proxy_lsvr_epsilon,params_rfe_proxy_type,params_use_scaler,params_xgb_booster,params_xgb_colsample_bytree,params_xgb_learning_rate,params_xgb_max_depth,params_xgb_n_estimators,params_xgb_reg_alpha,params_xgb_reg_lambda,params_xgb_subsample,user_attrs_d2mae_ci_lower_val,user_attrs_d2mae_ci_upper_val,user_attrs_d2mae_df_val,user_attrs_d2mae_mean_val,user_attrs_d2mae_samperror_val,user_attrs_d2mae_std_val,user_attrs_d2mae_t_critical_val,user_attrs_mae_ci_lower_val,user_attrs_mae_ci_upper_val,user_attrs_mae_df_val,user_attrs_mae_mean_val,user_attrs_mae_samperror_val,user_attrs_mae_std_val,user_attrs_mae_t_critical_val,user_attrs_mape_ci_lower_val,user_attrs_mape_ci_upper_val,user_attrs_mape_df_val,user_attrs_mape_mean_val,user_attrs_mape_samperror_val,user_attrs_mape_std_val,user_attrs_mape_t_critical_val,user_attrs_max_error_ci_lower_val,user_attrs_max_error_ci_upper_val,user_attrs_max_error_df_val,user_attrs_max_error_mean_val,user_attrs_max_error_samperror_val,user_attrs_max_error_std_val,user_attrs_max_error_t_critical_val,user_attrs_median_ae_ci_lower_val,user_attrs_median_ae_ci_upper_val,user_attrs_median_ae_df_val,user_attrs_median_ae_mean_val,user_attrs_median_ae_samperror_val,user_attrs_median_ae_std_val,user_attrs_median_ae_t_critical_val,user_attrs_n_splits_val,user_attrs_r2_below_zero_val,user_attrs_r2_ci_lower_val,user_attrs_r2_ci_upper_val,user_attrs_r2_df_val,user_attrs_r2_mean_val,user_attrs_r2_samperror_val,user_attrs_r2_std_val,user_attrs_r2_t_critical_val,user_attrs_regressor_final,user_attrs_rfe_estimator,user_attrs_rfe_n_features,user_attrs_rfe_selected_features,user_attrs_rho_ci_lower_val,user_attrs_rho_ci_upper_val,user_attrs_rho_df_val,user_attrs_rho_mean_val,user_attrs_rho_samperror_val,user_attrs_rho_std_val,user_attrs_rho_t_critical_val,user_attrs_rmse_ci_lower_val,user_attrs_rmse_ci_upper_val,user_attrs_rmse_df_val,user_attrs_rmse_mean_val,user_attrs_rmse_samperror_val,user_attrs_rmse_std_val,user_attrs_rmse_t_critical_val,user_attrs_termination_reason,user_attrs_use_scaler_final,state
178,1.7737935528938644,2026-06-13 08:33:40.153986,2026-06-13 08:33:42.724326,0 days 00:00:02.570340,,,,,,,,,,,,,,0.002782432865907844,QuantileRegressor,,,,,,10,,,,,,,,True,,,,,,,,,-0.035112813429426175,-0.010507763056647539,98.0,-0.022810288243036856,0.012302525186389317,0.061683339665436834,1.9844674545084815,1.7427240129235857,1.8048630928641431,98.0,1.7737935528938644,0.03106953997027876,0.155778830622174,1.9844674545084815,0.2703053164507512,0.2912748884461315,98.0,0.2807901024484413,0.010484785997690151,0.052569420197606534,1.9844674545084815,6.074470065357159,6.455212202944883,98.0,6.264841134151021,0.1903710687938623,0.9544969931762796,1.9844674545084815,1.3756038176769656,1.447480971782833,98.0,1.4115423947298993,0.03593857705293362,0.18019158033515825,1.9844674545084815,99.0,0.5959595959595959,-0.07130733511052702,-0.01924427865803649,98.0,-0.045275806884281754,0.026031528226245264,0.1305188628564113,1.9844674545084815,QuantileRegressor,"{'mode': 'original', 'type': 'QuantileRegressor'}",10,"['edges_T6W50', 're_T6W50', 'pe_T6W50', 'lsc_T6W50', 'diameter_T6W50', 'z_l1_T6W50', 'z_l3_T6W50', 'z_lsc_T6W50', 'z_density_T6W50', 'z_diameter_T6W50']",0.12271958495174445,0.16944454694955952,98.0,0.14608206595065198,0.023362480998907524,0.11713659017558735,1.9844674545084815,2.244876138005716,2.334293282471723,98.0,2.2895847102387195,0.0447085722330038,0.22416325146451282,1.9844674545084815,completed,True,COMPLETE
179,1.757575873475938,2026-06-13 08:33:42.736887,2026-06-13 08:33:44.567442,0 days 00:00:01.830555,,,,0.006103877323127746,0.7875490858587793,,,,,,,,,,ElasticNet,,,,,,7,,,,,,,,True,,,,,,,,,-0.021870582688115182,-0.00555482740952931,98.0,-0.013712705048822245,0.008157877639292935,0.04090258948872466,1.9844674545084815,1.7316816422629642,1.7834701046889117,98.0,1.757575873475938,0.02589423121297371,0.12983047261324002,1.9844674545084815,0.26545923331071414,0.2862333298202409,98.0,0.2758462815654775,0.010387048254763375,0.05207937524311578,1.9844674545084815,5.914493092067864,6.266012972186981,98.0,6.090253032127422,0.1757599400595584,0.8812386008577181,1.9844674545084815,1.4053760634131536,1.4731967571302145,98.0,1.439286410271684,0.03391034685853039,0.17002228499898772,1.9844674545084815,99.0,0.47474747474747475,-0.021565366905407377,0.008287146361615745,98.0,-0.006639110271895815,0.01492625663351156,0.07483840462907364,1.9844674545084815,ElasticNet,"{'mode': 'original', 'type': 'ElasticNet'}",7,"['re_T6W50', 'pe_T6W50', 'lsc_T6W50', 'z_re_T6W50', 'z_l2_T6W50', 'z_diameter_T6W50', 'z_asp_T6W50']",0.12878848699805656,0.17376888257335737,98.0,0.15127868478570697,0.0224901977876504,0.11276307004136663,1.9844674545084815,2.2102523994060372,2.288123686576156,98.0,2.2491880429910966,0.03893564358505943,0.1952185012396207,1.9844674545084815,completed,True,COMPLETE
180,1.846306199247376,2026-06-13 08:33:44.580061,2026-06-13 08:33:46.529907,0 days 00:00:01.949846,,,,,,,,,,,manhattan,5.0,uniform,,KNeighborsRegressor,,,,,,7,8.0,4.0,7.0,50.0,,,ExtraTrees,,,,,,,,,,-0.08170721078781486,-0.04975007912361047,98.0,-0.06572864495571266,0.01597856583210219,0.08011455279754406,1.9844674545084815,1.8140205328746954,1.8785918656200564,98.0,1.846306199247376,0.032285666372680544,0.16187633798907183,1.9844674545084815,0.2720946659414716,0.29156558283464173,98.0,0.28183012438805666,0.009735458446585101,0.048812384535804464,1.9844674545084815,5.838868416405771,6.092444714907358,98.0,5.965656565656564,0.12678814925079318,0.6357000987440439,1.9844674545084815,1.4450357495425636,1.5327420282352142,98.0,1.488888888888889,0.04385313934632534,0.2198742167736228,1.9844674545084815,99.0,0.6868686868686869,-0.12702489594638552,-0.06538480162056837,98.0,-0.09620484878347695,0.030820047162908582,0.1545279045441584,1.9844674545084815,KNeighborsRegressor,"{'mode': 'proxy', 'type': 'ExtraTrees'}",7,"['re_T6W50', 'pe_T6W50', 'l3_T6W50', 'lsc_T6W50', 'atd_T6W50', 'z_l1_T6W50', 'z_density_T6W50']",0.12603178574532625,0.1794335862810686,98.0,0.15273268601319742,0.026700900267871162,0.1338750114828605,1.9844674545084815,2.300550344942975,2.3761803146569607,98.0,2.338365329799968,0.03781498485699282,0.1895996569840653,1.9844674545084815,completed,True,COMPLETE
181,1.7706335009706908,2026-06-13 08:33:46.542413,2026-06-13 08:33:49.364667,0 days 00:00:02.822254,,,,,,,,,,,,,,0.0008524707546537274,QuantileRegressor,,,,,,8,,,,,,,,False,,,,,,,,,-0.0313083410534203,-0.009642107146256974,98.0,-0.020475224099838638,0.010833116953581664,0.054315908527662,1.9844674545084815,1.7388268129414641,1.8024401889999175,98.0,1.7706335009706908,0.031806688029226676,0.15947479981670215,1.9844674545084815,0.26874306272991405,0.29037208076346605,98.0,0.27955757174669005,0.01081450901677601,0.05422261063401282,1.9844674545084815,6.058816558660647,6.4565660255014965,98.0,6.257691292081072,0.19887473342042475,0.9971333158510358,1.9844674545084815,1.3469270286176918,1.418867491363585,98.0,1.3828972599906384,0.03597023137294672,0.1803502911805875,1.9844674545084815,99.0,0.6161616161616161,-0.06505021019378167,-0.015879002413793614,98.0,-0.04046460630378764,0.024585603889994027,0.1232691770714003,1.9844674545084815,QuantileRegressor,"{'mode': 'original', 'type': 'QuantileRegressor'}",8,"['edges_T6W50', 're_T6W50', 'pe_T6W50', 'lsc_T6W50', 'diameter_T6W50', 'z_l1_T6W50', 'z_lsc_T6W50', 'z_density_T6W50']",0.09882675878144105,0.13875786846342156,98.0,0.1187923136224313,0.01996555484099025,0.10010482256343627,1.9844674545084815,2.2392467277553534,2.332562671856831,98.0,2.285904699806092,0.04665797205073874,0.23393730104208382,1.9844674545084815,completed,False,COMPLETE
182,1.7522774675755968,2026-06-13 08:33:49.377050,2026-06-13 08:34:10.697812,0 days 00:00:21.320762,,,,,,16.0,sqrt,1.0,9.0,362.0,,,,,ExtraTreesRegressor,,,,,,10,,,,,,,,True,,,,,,,,,-0.021475945069882374,-0.0007138854327160115,98.0,-0.011094915251299194,0.010381029818583182,0.052049199548489425,1.9844674545084815,1.7263583825400592,1.7781965526111343,98.0,1.7522774675755968,0.02591908503553749,0.12995508660556757,1.9844674545084815,0.261484739125074,0.2809967245708851,98.0,0.27124073184797953,0.00975599272290555,0.048915340857524456,1.9844674545084815,5.4252137233682936,5.661838794457343,98.0,5.543526258912818,0.1183125355445243,0.5932044199142041,1.9844674545084815,1.3967083541553351,1.465512886616025,98.0,1.43111062038568,0.034402266230344855,0.17248870788696602,1.9844674545084815,99.0,0.35353535353535354,-0.004899213942039111,0.031759635881118804,98.0,0.013430210969539847,0.01832942491157896,0.09190146945961031,1.9844674545084815,ExtraTreesRegressor,"{'mode': 'original', 'type': 'ExtraTreesRegressor'}",10,"['nodes_T6W50', 're_T6W50', 'pe_T6W50', 'l2_T6W50', 'l3_T6W50', 'lcc_T6W50', 'lsc_T6W50', 'z_l1_T6W50', 'z_lsc_T6W50', 'z_density_T6W50']",0.1577794069348577,0.20712934990236065,98.0,0.18245437841860918,0.024674971483751463,0.12371725513320515,1.9844674545084815,2.1879926325197503,2.2608065139616813,98.0,2.224399573240716,0.03640694072096559,0.1825398978378225,1.9844674545084815,completed,True,COMPLETE
183,1.7420833105615023,2026-06-13 08:34:10.731969,2026-06-13 08:34:13.850378,0 days 00:00:03.118409,,,,,,,,,,,,,,,XGBRegressor,,,,,,10,,,,,,,,False,gblinear,0.9834227498996426,0.0010084417932528184,4.0,187.0,1.0438578212275792e-06,0.009277366769193843,0.8646723970439982,-0.005398848296781979,-0.0028220957322979807,98.0,-0.00411047201453998,0.0012883762822419992,0.006459759328300151,1.9844674545084815,1.7167867627146849,1.7673798584083198,98.0,1.7420833105615023,0.025296547846817466,0.12683376213889086,1.9844674545084815,0.2621024724970281,0.2834643133059862,98.0,0.27278339290150716,0.010680920404479037,0.05355281385466016,1.9844674545084815,5.71451812856473,6.037500703632363,98.0,5.8760094160985465,0.1614912875338163,0.8096973418902366,1.9844674545084815,1.1417544238214001,1.2231142507940167,98.0,1.1824343373077084,0.040679913486308304,0.20396405478711233,1.9844674545084815,99.0,0.45454545454545453,-0.004574460781550073,0.0005576178781096881,98.0,-0.0020084214517201923,0.0025660393298298804,0.012865803823094692,1.9844674545084815,XGBRegressor,"{'mode': 'original', 'type': 'XGBRegressor'}",10,"['pe_T6W50', 'l1_T6W50', 'l3_T6W50', 'density_T6W50', 'z_pe_T6W50', 'z_l1_T6W50', 'z_l2_T6W50', 'z_l3_T6W50', 'z_lsc_T6W50', 'z_diameter_T6W50']",0.06766892349527454,0.12354880415787087,98.0,0.0956088638265727,0.02793994033129817,0.14008740511209747,1.9844674545084815,2.2075679254073197,2.2867769264448814,98.0,2.2471724259261006,0.039604500518780686,0.19857206717874634,1.9844674545084815,completed,False,COMPLETE
184,1.879669693227568,2026-06-13 08:34:13.863157,2026-06-13 08:34:14.027039,0 days 00:00:00.163882,9.0,4.0,13.0,,,,,,,,,,,,DecisionTreeRegressor,,,,,,3,,,,,,,,True,,,,,,,,,,,,,,,,,,,,,,,,,,,,,,,,,,,,,,,,,,,,,,,,,,,,,DecisionTreeRegressor,"{'mode': 'original', 'type': 'DecisionTreeRegressor'}",3,"['re_T6W50', 'l2_T6W50', 'lcc_T6W50']",,,,,,,,,,,,,,,pruned,True,PRUNED
185,1.777589254553977,2026-06-13 08:34:14.036653,2026-06-13 08:34:16.134588,0 days 00:00:02.097935,,,,,,,,,,,euclidean,13.0,distance,,KNeighborsRegressor,,,,,,11,11.0,4.0,9.0,80.0,,,ExtraTrees,,,,,,,,,,-0.036151776891657265,-0.015053772571754881,98.0,-0.025602774731706072,0.010549002159951191,0.05289139209270501,1.9844674545084815,1.7507735115948106,1.8044049975131435,98.0,1.777589254553977,0.026815742959166517,0.13445081853287177,1.9844674545084815,0.26624119113434325,0.2865683437449597,98.0,0.2764047674396515,0.010163576305308236,0.050958914528335945,1.9844674545084815,5.638842598939495,5.944551845124349,98.0,5.791697222031922,0.15285462309242742,0.7663941745938203,1.9844674545084815,1.4150598163646797,1.4765051370991067,98.0,1.4457824767318932,0.030722660367213384,0.1540396191956804,1.9844674545084815,99.0,0.46464646464646464,-0.02720236759723877,0.00960955512093741,98.0,-0.008796406238150681,0.01840596135908809,0.09228521374112697,1.9844674545084815,KNeighborsRegressor,"{'mode': 'proxy', 'type': 'ExtraTrees'}",11,"['re_T6W50', 'pe_T6W50', 'l2_T6W50', 'l3_T6W50', 'lsc_T6W50', 'atd_T6W50', 'z_pe_T6W50', 'z_l3_T6W50', 'z_lsc_T6W50', 'z_density_T6W50', 'z_diameter_T6W50']",0.12952285840513872,0.18355644950483496,98.0,0.15653965395498684,0.02701679554984813,0.13545887135566542,1.9844674545084815,2.2115690345905246,2.2882790700272015,98.0,2.249924052308863,0.03835501771833854,0.1923073149577095,1.9844674545084815,completed,True,COMPLETE
186,1.7656813501249133,2026-06-13 08:34:16.147954,2026-06-13 08:34:16.273779,0 days 00:00:00.125825,,,,,,,,,,,,,,,LinearRegression,,,,,,19,,,,,,,,False,,,,,,,,,,,,,,,,,,,,,,,,,,,,,,,,,,,,,,,,,,,,,,,,,,,,,LinearRegression,"{'mode': 'original', 'type': 'LinearRegression'}",19,"['nodes_T6W50', 'edges_T6W50', 'pe_T6W50', 'l1_T6W50', 'l2_T6W50', 'lcc_T6W50', 'lsc_T6W50', 'atd_T6W50', 'density_T6W50', 'diameter_T6W50', 'asp_T6W50', 'z_re_T6W50', 'z_l1_T6W50', 'z_l2_T6W50', 'z_l3_T6W50', 'z_lsc_T6W50', 'z_density_T6W50', 'z_diameter_T6W50', 'z_asp_T6W50']",,,,,,,,,,,,,,,pruned,False,PRUNED
187,1.7933644740851447,2026-06-13 08:34:16.294963,2026-06-13 08:34:23.374835,0 days 00:00:07.079872,,,,,,,,,,,,,,,RandomForestRegressor,17.0,sqrt,4.0,2.0,61.0,16,,,,,,,,True,,,,,,,,,-0.046498719149784346,-0.023420630932232206,98.0,-0.034959675041008276,0.011539044108776068,0.05785533997228007,1.9844674545084815,1.7665573591140533,1.820171589056236,98.0,1.7933644740851447,0.02680711497109139,0.13440755886780267,1.9844674545084815,0.2693867147465062,0.29001588766782005,98.0,0.27970130120716313,0.01031458646065694,0.05171606076979293,1.9844674545084815,5.7345559750791555,6.030172678431587,98.0,5.882364326755371,0.1478083516762153,0.741092793853339,1.9844674545084815,1.4397640700662704,1.5042386160106882,98.0,1.4720013430384793,0.03223727297220895,0.1616336994645714,1.9844674545084815,99.0,0.5353535353535354,-0.05520033179185829,-0.012322773267062246,98.0,-0.03376155252946027,0.02143877926239802,0.10749138759885261,1.9844674545084815,RandomForestRegressor,"{'mode': 'original', 'type': 'RandomForestRegressor'}",16,"['nodes_T6W50', 're_T6W50', 'pe_T6W50', 'l1_T6W50', 'l2_T6W50', 'l3_T6W50', 'lsc_T6W50', 'atd_T6W50', 'density_T6W50', 'z_re_T6W50', 'z_pe_T6W50', 'z_l2_T6W50', 'z_l3_T6W50', 'z_lsc_T6W50', 'z_density_T6W50', 'z_diameter_T6W50']",0.10067115163694076,0.15497882734207,98.0,0.12782498948950538,0.027153837852564613,0.13614598451161708,1.9844674545084815,2.238530081174917,2.313252048617479,98.0,2.275891064896198,0.037360983721280876,0.18732335144204568,1.9844674545084815,completed,True,COMPLETE
188,1.768108405023654,2026-06-13 08:34:23.387578,2026-06-13 08:34:25.720683,0 days 00:00:02.333105,,,,,,,,,,,,,,0.009610996297600935,QuantileRegressor,,,,,,4,,,,,,,,True,,,,,,,,,-0.026346014781716904,-0.012696084571861877,98.0,-0.01952104967678939,0.0068249651049275125,0.03421953090067628,1.9844674545084815,1.7420081056552417,1.7942087043920663,98.0,1.768108405023654,0.02610029936841232,0.13086367285738276,1.9844674545084815,0.2650440138134832,0.2857732392523209,98.0,0.27540862653290205,0.01036461271941884,0.05196688624380335,1.9844674545084815,5.7404505869687865,6.067002683982968,98.0,5.903726635475877,0.1632760485070904,0.8186459126647859,1.9844674545084815,1.3126496180089484,1.4381233952373327,98.0,1.3753865066231405,0.06273688861419208,0.3145549999948949,1.9844674545084815,99.0,0.7171717171717171,-0.028536412868503766,-0.006268733193520183,98.0,-0.017402573031011975,0.011133839837491792,0.0558236958731348,1.9844674545084815,QuantileRegressor,"{'mode': 'original', 'type': 'QuantileRegressor'}",4,"['re_T6W50', 'pe_T6W50', 'lsc_T6W50', 'z_diameter_T6W50']",0.04693966195209613,0.1038618476349809,61.0,0.07540075479353851,0.02846109284144238,0.11207252745874453,1.999623584994939,2.22398587192573,2.3002523562920305,98.0,2.2621191141088803,0.03813324218315034,0.19119535985424568,1.9844674545084815,completed,True,COMPLETE
189,1.7551536689652127,2026-06-13 08:34:25.734209,2026-06-13 08:34:51.084345,0 days 00:00:25.350136,,,,,,19.0,log2,4.0,2.0,425.0,,,,,ExtraTreesRegressor,,,,,,8,,,,,,,,True,,,,,,,,,-0.02166111426210078,-0.003207975277129191,98.0,-0.012434544769614987,0.009226569492485796,0.04626087826110697,1.9844674545084815,1.7290072817806064,1.7813000561498191,98.0,1.7551536689652127,0.026146387184606427,0.13109475146747857,1.9844674545084815,0.263656954657621,0.28387727646527533,98.0,0.27376711556144817,0.010110160903827138,0.050691096311912424,1.9844674545084815,5.5962319462199,5.872267405159148,98.0,5.734249675689524,0.13801772946962396,0.6920038250477089,1.9844674545084815,1.4174343562416145,1.4735964330304707,98.0,1.4455153946360426,0.028081038394428035,0.14079485334913125,1.9844674545084815,99.0,0.37373737373737376,-0.006291331693711972,0.023581512207500994,98.0,0.00864509025689451,0.014936421950606482,0.07488937227170579,1.9844674545084815,ExtraTreesRegressor,"{'mode': 'original', 'type': 'ExtraTreesRegressor'}",8,"['nodes_T6W50', 're_T6W50', 'pe_T6W50', 'l2_T6W50', 'l3_T6W50', 'lcc_T6W50', 'atd_T6W50', 'z_l3_T6W50']",0.12486196046829273,0.17663225388977316,98.0,0.15074710717903295,0.025885146710740208,0.12978492404264408,1.9844674545084815,2.194301961856892,2.2688141749068125,98.0,2.2315580683818523,0.03725610652496024,0.18679751015127055,1.9844674545084815,completed,True,COMPLETE
190,2.5194129976777035,2026-06-13 08:34:51.097152,2026-06-13 08:34:51.276220,0 days 00:00:00.179068,8.0,2.0,3.0,,,,,,,,,,,,DecisionTreeRegressor,,,,,,21,,,,,,,,False,,,,,,,,,,,,,,,,,,,,,,,,,,,,,,,,,,,,,,,,,,,,,,,,,,,,,DecisionTreeRegressor,"{'mode': 'original', 'type': 'DecisionTreeRegressor'}",21,"['edges_T6W50', 're_T6W50', 'pe_T6W50', 'l1_T6W50', 'l2_T6W50', 'l3_T6W50', 'lcc_T6W50', 'lsc_T6W50', 'atd_T6W50', 'density_T6W50', 'diameter_T6W50', 'asp_T6W50', 'z_re_T6W50', 'z_pe_T6W50', 'z_l1_T6W50', 'z_l2_T6W50', 'z_l3_T6W50', 'z_lsc_T6W50', 'z_density_T6W50', 'z_diameter_T6W50', 'z_asp_T6W50']",,,,,,,,,,,,,,,pruned,False,PRUNED
191,1.7359402723021937,2026-06-13 08:34:51.286001,2026-06-13 08:34:51.633929,0 days 00:00:00.347928,,,,,,,,,,,manhattan,6.0,distance,,KNeighborsRegressor,,,,,,9,10.0,3.0,9.0,40.0,,,ExtraTrees,,,,,,,,,,,,,,,,,,,,,,,,,,,,,,,,,,,,,,,,,,,,,,,,,,,,,,KNeighborsRegressor,"{'mode': 'proxy', 'type': 'ExtraTrees'}",9,"['nodes_T6W50', 're_T6W50', 'pe_T6W50', 'l2_T6W50', 'l3_T6W50', 'z_l1_T6W50', 'z_l3_T6W50', 'z_lsc_T6W50', 'z_density_T6W50']",,,,,,,,,,,,,,,pruned,True,PRUNED
192,1.7523683260681375,2026-06-13 08:34:51.643662,2026-06-13 08:35:17.303551,0 days 00:00:25.659889,,,,,,,,,,,,,,,XGBRegressor,,,,,,22,,,,,,,,True,gbtree,0.7995222935751908,0.005450361842724383,10.0,84.0,0.0041005206621905965,0.006863464331724661,0.5460334930412377,-0.01565792156468728,-0.005331565805951275,98.0,-0.010494743685319278,0.005163177879368003,0.025887535287346813,1.9844674545084815,1.7277402144499903,1.7769964376862848,98.0,1.7523683260681375,0.02462811161814735,0.12348230556285734,1.9844674545084815,0.26506514255831665,0.2862009029127514,98.0,0.27563302273553403,0.01056788017721738,0.05298604413637882,1.9844674545084815,5.707121140718852,6.020044119981413,98.0,5.863582630350132,0.1564614896312803,0.7844785573098257,1.9844674545084815,1.3549593102525879,1.4057817694439134,98.0,1.3803705398482506,0.025411229595662704,0.12740876224336317,1.9844674545084815,99.0,0.3434343434343434,0.002279706445722191,0.01826209842558258,98.0,0.010270902435652386,0.007991195989930195,0.04006686831458622,1.9844674545084815,XGBRegressor,"{'mode': 'original', 'type': 'XGBRegressor'}",22,"['nodes_T6W50', 'edges_T6W50', 're_T6W50', 'pe_T6W50', 'l1_T6W50', 'l2_T6W50', 'l3_T6W50', 'lcc_T6W50', 'lsc_T6W50', 'atd_T6W50', 'density_T6W50', 'diameter_T6W50', 'asp_T6W50', 'z_re_T6W50', 'z_pe_T6W50', 'z_l1_T6W50', 'z_l2_T6W50', 'z_l3_T6W50', 'z_lsc_T6W50', 'z_density_T6W50', 'z_diameter_T6W50', 'z_asp_T6W50']",0.09777274217516396,0.15483451167439743,98.0,0.1263036269247807,0.028530884749616736,0.14305032733548503,1.9844674545084815,2.1933959463096455,2.2715519355772527,98.0,2.232473940943449,0.0390779946338036,0.19593223179155095,1.9844674545084815,completed,True,COMPLETE
193,2.2018917607326136,2026-06-13 08:35:17.316799,2026-06-13 08:35:19.398386,0 days 00:00:02.081587,,,,,,,,,,,,,,,XGBRegressor,,,,,,2,,,,,,,,True,gbtree,0.6013163170676716,0.066755502433454,10.0,119.0,0.0019421055975565888,0.02042943471222008,0.9414969124148865,,,,,,,,,,,,,,,,,,,,,,,,,,,,,,,,,,,,,,,,,,,,,XGBRegressor,"{'mode': 'original', 'type': 'XGBRegressor'}",2,"['z_diameter_T6W50', 'z_asp_T6W50']",,,,,,,,,,,,,,,pruned,True,PRUNED
