number,value,datetime_start,datetime_complete,duration,params_dt_max_depth,params_dt_min_samples_leaf,params_dt_min_samples_split,params_elastic_alpha,params_elastic_l1_ratio,params_et_max_depth,params_et_max_features,params_et_min_samples_leaf,params_et_min_samples_split,params_et_n_estimators,params_knn_metric,params_knn_n_neighbors,params_knn_weights,params_quantile_alpha,params_regressor,params_rf_max_depth,params_rf_max_features,params_rf_min_samples_leaf,params_rf_min_samples_split,params_rf_n_estimators,params_rfe_n_features,params_rfe_proxy_et_max_depth,params_rfe_proxy_et_min_samples_leaf,params_rfe_proxy_et_min_samples_split,params_rfe_proxy_et_n_estimators,params_rfe_proxy_lsvr_C,params_rfe_proxy_lsvr_epsilon,params_rfe_proxy_type,params_use_scaler,params_xgb_booster,params_xgb_colsample_bytree,params_xgb_learning_rate,params_xgb_max_depth,params_xgb_n_estimators,params_xgb_reg_alpha,params_xgb_reg_lambda,params_xgb_subsample,user_attrs_d2mae_ci_lower_val,user_attrs_d2mae_ci_upper_val,user_attrs_d2mae_df_val,user_attrs_d2mae_mean_val,user_attrs_d2mae_samperror_val,user_attrs_d2mae_std_val,user_attrs_d2mae_t_critical_val,user_attrs_mae_ci_lower_val,user_attrs_mae_ci_upper_val,user_attrs_mae_df_val,user_attrs_mae_mean_val,user_attrs_mae_samperror_val,user_attrs_mae_std_val,user_attrs_mae_t_critical_val,user_attrs_mape_ci_lower_val,user_attrs_mape_ci_upper_val,user_attrs_mape_df_val,user_attrs_mape_mean_val,user_attrs_mape_samperror_val,user_attrs_mape_std_val,user_attrs_mape_t_critical_val,user_attrs_max_error_ci_lower_val,user_attrs_max_error_ci_upper_val,user_attrs_max_error_df_val,user_attrs_max_error_mean_val,user_attrs_max_error_samperror_val,user_attrs_max_error_std_val,user_attrs_max_error_t_critical_val,user_attrs_median_ae_ci_lower_val,user_attrs_median_ae_ci_upper_val,user_attrs_median_ae_df_val,user_attrs_median_ae_mean_val,user_attrs_median_ae_samperror_val,user_attrs_median_ae_std_val,user_attrs_median_ae_t_critical_val,user_attrs_n_splits_val,user_attrs_r2_below_zero_val,user_attrs_r2_ci_lower_val,user_attrs_r2_ci_upper_val,user_attrs_r2_df_val,user_attrs_r2_mean_val,user_attrs_r2_samperror_val,user_attrs_r2_std_val,user_attrs_r2_t_critical_val,user_attrs_regressor_final,user_attrs_rfe_estimator,user_attrs_rfe_n_features,user_attrs_rfe_selected_features,user_attrs_rho_ci_lower_val,user_attrs_rho_ci_upper_val,user_attrs_rho_df_val,user_attrs_rho_mean_val,user_attrs_rho_samperror_val,user_attrs_rho_std_val,user_attrs_rho_t_critical_val,user_attrs_rmse_ci_lower_val,user_attrs_rmse_ci_upper_val,user_attrs_rmse_df_val,user_attrs_rmse_mean_val,user_attrs_rmse_samperror_val,user_attrs_rmse_std_val,user_attrs_rmse_t_critical_val,user_attrs_termination_reason,user_attrs_use_scaler_final,state
97,1.7667564158365534,2026-06-13 08:26:05.064732,2026-06-13 08:26:27.101036,0 days 00:00:22.036304,,,,,,12.0,sqrt,4.0,2.0,413.0,,,,,ExtraTreesRegressor,,,,,,20,,,,,,,,True,,,,,,,,,-0.02729043773848006,-0.010878164717999402,98.0,-0.01908430122823973,0.008206136510240328,0.041144553498829825,1.9844674545084815,1.741241136947811,1.792271694725296,98.0,1.7667564158365534,0.025515278888742478,0.12793045252968657,1.9844674545084815,0.2657455579620159,0.286127337453336,98.0,0.27593644770767595,0.010190889745660044,0.05109586074003858,1.9844674545084815,5.59258064852213,5.84996857177612,98.0,5.721274610149125,0.1286939616269953,0.6452556062808158,1.9844674545084815,1.4230124237255242,1.4706617170989535,98.0,1.4468370704122389,0.02382464668671476,0.11945383177199255,1.9844674545084815,99.0,0.41414141414141414,-0.014001071584088025,0.013284138987504985,98.0,-0.00035846629829152006,0.013642605285796505,0.06840233553809524,1.9844674545084815,ExtraTreesRegressor,"{'mode': 'original', 'type': 'ExtraTreesRegressor'}",20,"['nodes_T6W50', 're_T6W50', 'pe_T6W50', 'l1_T6W50', 'l2_T6W50', 'l3_T6W50', 'lcc_T6W50', 'lsc_T6W50', 'atd_T6W50', 'density_T6W50', 'diameter_T6W50', 'asp_T6W50', 'z_re_T6W50', 'z_pe_T6W50', 'z_l1_T6W50', 'z_l2_T6W50', 'z_l3_T6W50', 'z_lsc_T6W50', 'z_density_T6W50', 'z_asp_T6W50']",0.10183742954949626,0.150717735585832,98.0,0.12627758256766414,0.024440153018167873,0.12253990438993387,1.9844674545084815,2.205096289606833,2.278740215202528,98.0,2.2419182524046803,0.036821962797847364,0.18462076719993328,1.9844674545084815,completed,True,COMPLETE
98,1.7837509323557994,2026-06-13 08:26:27.113375,2026-06-13 08:26:29.902642,0 days 00:00:02.789267,,,,,,,,,,,manhattan,16.0,distance,,KNeighborsRegressor,,,,,,6,3.0,5.0,10.0,60.0,,,ExtraTrees,,,,,,,,,,-0.03976550131445201,-0.018055406766433073,98.0,-0.02891045404044254,0.010855047274009468,0.05442586444186868,1.9844674545084815,1.7555833051552527,1.811918559556346,98.0,1.7837509323557994,0.028167627200546653,0.14122899891340518,1.9844674545084815,0.26948147559506525,0.29028576198487116,98.0,0.2798836187899682,0.010402143194902937,0.05215505940598083,1.9844674545084815,5.718899971777504,6.012000051242409,98.0,5.865450011509957,0.14655003973245276,0.7347837733997128,1.9844674545084815,1.4264642149378342,1.4984841951453551,98.0,1.4624742050415946,0.03600999010376047,0.18054963653938946,1.9844674545084815,99.0,0.494949494949495,-0.03920958147124615,-0.0038774244222815474,98.0,-0.021543502946763847,0.0176660785244823,0.0885755327196968,1.9844674545084815,KNeighborsRegressor,"{'mode': 'proxy', 'type': 'ExtraTrees'}",6,"['re_T6W50', 'pe_T6W50', 'l3_T6W50', 'lcc_T6W50', 'atd_T6W50', 'z_l3_T6W50']",0.11596024311289951,0.1656042903891972,98.0,0.14078226675104835,0.024822023638148834,0.12445455644743147,1.9844674545084815,2.2253261643732527,2.305102364055923,98.0,2.265214264214588,0.03988809984133516,0.19999399910548354,1.9844674545084815,completed,True,COMPLETE
99,1.799786721404685,2026-06-13 08:26:29.915229,2026-06-13 08:26:33.883217,0 days 00:00:03.967988,,,,,,,,,,,,,,0.00048105946370578004,QuantileRegressor,,,,,,16,,,,,,,,False,,,,,,,,,-0.05075238109377236,-0.02418162931994832,98.0,-0.03746700520686034,0.01328537588691202,0.0666112315154634,1.9844674545084815,1.766004451006595,1.8335689918027749,98.0,1.799786721404685,0.033782270398089904,0.16938012546728137,1.9844674545084815,0.27291155954933005,0.29489317495901374,98.0,0.2839023672541719,0.010990807704841834,0.055106550450739734,1.9844674545084815,6.260402662746246,6.732148427462555,98.0,6.4962755451044005,0.2358728823581538,1.182637458565021,1.9844674545084815,1.3796378105067397,1.4610339645654218,98.0,1.4203358875360808,0.04069807702934105,0.2040551245453483,1.9844674545084815,99.0,0.7070707070707071,-0.11812148773568493,-0.055074517003518154,98.0,-0.08659800236960154,0.03152348536608338,0.15805485669119243,1.9844674545084815,QuantileRegressor,"{'mode': 'original', 'type': 'QuantileRegressor'}",16,"['nodes_T6W50', 'edges_T6W50', 're_T6W50', 'pe_T6W50', 'lcc_T6W50', 'lsc_T6W50', 'diameter_T6W50', 'asp_T6W50', 'z_re_T6W50', 'z_pe_T6W50', 'z_l1_T6W50', 'z_l3_T6W50', 'z_lsc_T6W50', 'z_density_T6W50', 'z_diameter_T6W50', 'z_asp_T6W50']",0.11714661286596627,0.16279480599065793,98.0,0.1399707094283121,0.02282409656234584,0.11443719719992738,1.9844674545084815,2.2840397901005565,2.382109829817818,98.0,2.333074809959187,0.049035019858630784,0.2458555247493112,1.9844674545084815,completed,False,COMPLETE
100,1.7253625746316867,2026-06-13 08:26:33.896711,2026-06-13 08:26:41.081285,0 days 00:00:07.184574,,,,,,3.0,,1.0,11.0,85.0,,,,,ExtraTreesRegressor,,,,,,3,,,,,,,,True,,,,,,,,,-0.002385455756581302,0.012087250055195651,98.0,0.004850897149307175,0.007236352905888477,0.036282178452819995,1.9844674545084815,1.7007871091867504,1.7499380400766231,98.0,1.7253625746316867,0.02457546544493639,0.12321834416183947,1.9844674545084815,0.2599119296795073,0.28017968408318533,98.0,0.27004580688134633,0.010133877201839005,0.05081000689682967,1.9844674545084815,5.597778991866827,5.906506247326355,98.0,5.752142619596591,0.15436362772976442,0.7739601372064842,1.9844674545084815,1.390772065149702,1.440297962666907,98.0,1.4155350139083045,0.024762948758602514,0.12415836230797288,1.9844674545084815,99.0,0.1717171717171717,0.03088535189407636,0.05499709114234018,98.0,0.04294122151820827,0.012055869624131908,0.06044663918349632,1.9844674545084815,ExtraTreesRegressor,"{'mode': 'original', 'type': 'ExtraTreesRegressor'}",3,"['re_T6W50', 'pe_T6W50', 'l3_T6W50']",0.18724832760354448,0.24146569207619195,98.0,0.21435700983986822,0.027108682236323747,0.1359195798367891,1.9844674545084815,2.1563702851737947,2.2310810024828625,98.0,2.1937256438283286,0.037355358654534036,0.18729514805310485,1.9844674545084815,completed,True,COMPLETE
101,1.6967413314472217,2026-06-13 08:26:41.107342,2026-06-13 08:26:41.389856,0 days 00:00:00.282514,,,,,,,,,,,euclidean,7.0,distance,,KNeighborsRegressor,,,,,,16,8.0,1.0,12.0,20.0,,,ExtraTrees,,,,,,,,,,,,,,,,,,,,,,,,,,,,,,,,,,,,,,,,,,,,,,,,,,,,,,KNeighborsRegressor,"{'mode': 'proxy', 'type': 'ExtraTrees'}",16,"['nodes_T6W50', 'edges_T6W50', 're_T6W50', 'pe_T6W50', 'l3_T6W50', 'lcc_T6W50', 'lsc_T6W50', 'atd_T6W50', 'diameter_T6W50', 'asp_T6W50', 'z_re_T6W50', 'z_l1_T6W50', 'z_l2_T6W50', 'z_l3_T6W50', 'z_lsc_T6W50', 'z_density_T6W50']",,,,,,,,,,,,,,,pruned,True,PRUNED
102,1.9199797144123152,2026-06-13 08:26:41.399514,2026-06-13 08:26:42.269293,0 days 00:00:00.869779,,,,,,,,,,,,,,,XGBRegressor,,,,,,17,,,,,,,,True,gbtree,0.7699785651402797,0.28741006847416,3.0,230.0,0.37870378817184325,0.0004882270025709819,0.9635004839621477,,,,,,,,,,,,,,,,,,,,,,,,,,,,,,,,,,,,,,,,,,,,,XGBRegressor,"{'mode': 'original', 'type': 'XGBRegressor'}",17,"['nodes_T6W50', 'edges_T6W50', 're_T6W50', 'pe_T6W50', 'l1_T6W50', 'l2_T6W50', 'l3_T6W50', 'lcc_T6W50', 'lsc_T6W50', 'atd_T6W50', 'z_pe_T6W50', 'z_l1_T6W50', 'z_l3_T6W50', 'z_lsc_T6W50', 'z_density_T6W50', 'z_diameter_T6W50', 'z_asp_T6W50']",,,,,,,,,,,,,,,pruned,True,PRUNED
103,1.748545104530991,2026-06-13 08:26:42.279218,2026-06-13 08:26:44.739807,0 days 00:00:02.460589,,,,0.05875045082789027,0.30552431065802355,,,,,,,,,,ElasticNet,,,,,,10,,,,,,,,False,,,,,,,,,-0.018491835274073616,0.0011230555887223707,98.0,-0.008684389842675623,0.009807445431397993,0.049173318374055565,1.9844674545084815,1.7220805374645858,1.7750096715973962,98.0,1.748545104530991,0.02646456706640521,0.13269006604122283,1.9844674545084815,0.26440943207136947,0.2851283410103168,98.0,0.27476888654084314,0.01035945446947365,0.05194102341656847,1.9844674545084815,5.7837445957092575,6.133430920624497,98.0,5.958587758166877,0.1748431624576195,0.87664199135184,1.9844674545084815,1.4186454211613313,1.4774062734015612,98.0,1.4480258472814462,0.029380426120114836,0.14730982269293,1.9844674545084815,99.0,0.41414141414141414,-0.00826890624063483,0.025386792445030462,98.0,0.008558943102197817,0.016827849342832647,0.08437275527800707,1.9844674545084815,ElasticNet,"{'mode': 'original', 'type': 'ElasticNet'}",10,"['edges_T6W50', 're_T6W50', 'pe_T6W50', 'l1_T6W50', 'l2_T6W50', 'l3_T6W50', 'lsc_T6W50', 'z_l2_T6W50', 'z_l3_T6W50', 'z_diameter_T6W50']",0.1382744264238121,0.1931138810911595,98.0,0.1656941537574858,0.027419727333673705,0.13747912148376193,1.9844674545084815,2.192227549991859,2.271507696085618,98.0,2.2318676230387386,0.03964007304687938,0.19875042343489918,1.9844674545084815,completed,False,COMPLETE
104,1.7769256778761646,2026-06-13 08:26:44.752154,2026-06-13 08:26:47.052649,0 days 00:00:02.300495,,,,,,,,,,,manhattan,19.0,distance,,KNeighborsRegressor,,,,,,16,2.0,1.0,6.0,40.0,,,ExtraTrees,,,,,,,,,,-0.034748675173206366,-0.015445042775258813,98.0,-0.02509685897423259,0.009651816198973777,0.04839301265144549,1.9844674545084815,1.7505384510160993,1.80331290473623,98.0,1.7769256778761646,0.026387226860065362,0.13230229181234066,1.9844674545084815,0.268076897372899,0.2882546171445463,98.0,0.27816575725872267,0.010088859885823637,0.05058429564222689,1.9844674545084815,5.638637881735976,5.89988804057406,98.0,5.769262961155018,0.13062507941904258,0.6549379920427735,1.9844674545084815,1.4085464092841684,1.4682880335964088,98.0,1.4384172214402886,0.029870812156120214,0.14976855762480984,1.9844674545084815,99.0,0.4444444444444444,-0.018937341706595757,0.012515255835081729,98.0,-0.0032110429357570147,0.015726298770838743,0.07884971695363702,1.9844674545084815,KNeighborsRegressor,"{'mode': 'proxy', 'type': 'ExtraTrees'}",16,"['nodes_T6W50', 're_T6W50', 'pe_T6W50', 'l2_T6W50', 'l3_T6W50', 'lcc_T6W50', 'lsc_T6W50', 'atd_T6W50', 'diameter_T6W50', 'asp_T6W50', 'z_re_T6W50', 'z_l1_T6W50', 'z_l2_T6W50', 'z_l3_T6W50', 'z_lsc_T6W50', 'z_diameter_T6W50']",0.1092341712523394,0.16338756605124938,98.0,0.1363108686517944,0.02707669739945499,0.13575921182072506,1.9844674545084815,2.2071739999324174,2.2818546527149537,98.0,2.2445143263236855,0.03734032639126802,0.18721977814433166,1.9844674545084815,completed,True,COMPLETE
105,1.781253624836335,2026-06-13 08:26:47.065278,2026-06-13 08:26:49.184604,0 days 00:00:02.119326,,,,0.0007485022950356935,0.5025660764634424,,,,,,,,,,ElasticNet,,,,,,10,,,,,,,,False,,,,,,,,,-0.04026246109532902,-0.015299206149848893,98.0,-0.027780833622588957,0.012481627472740064,0.06258133637720556,1.9844674545084815,1.752135466832211,1.810371782840459,98.0,1.781253624836335,0.029118158004123942,0.14599484279758476,1.9844674545084815,0.2672689949891235,0.2874263057363543,98.0,0.2773476503627389,0.010078655373615403,0.05053313148014438,1.9844674545084815,6.0165096067700965,6.413455980834515,98.0,6.214982793802306,0.1984731870322092,0.9951200119251774,1.9844674545084815,1.354849036115237,1.426898359947719,98.0,1.390873698031478,0.03602466191624109,0.1806231991925065,1.9844674545084815,99.0,0.5555555555555556,-0.07579230237378337,-0.015965740024275726,98.0,-0.04587902119902955,0.029913281174753822,0.14998149203152275,1.9844674545084815,ElasticNet,"{'mode': 'original', 'type': 'ElasticNet'}",10,"['edges_T6W50', 're_T6W50', 'pe_T6W50', 'lsc_T6W50', 'diameter_T6W50', 'z_re_T6W50', 'z_l2_T6W50', 'z_lsc_T6W50', 'z_diameter_T6W50', 'z_asp_T6W50']",0.12901193483125453,0.17340516339759496,98.0,0.15120854911442475,0.022196614283170223,0.11129107866133232,1.9844674545084815,2.2438987279287863,2.330843419361437,98.0,2.2873710736451116,0.04347234571632546,0.2179649646106844,1.9844674545084815,completed,False,COMPLETE
106,1.7593841406349426,2026-06-13 08:26:49.196856,2026-06-13 08:27:11.070392,0 days 00:00:21.873536,,,,,,,,,,,,,,,XGBRegressor,,,,,,18,,,,,,,,True,gbtree,0.6080190912547998,0.0018270239281680462,5.0,278.0,0.0037695681044651328,0.0071090215639210445,0.8204131573451031,-0.019317232729521037,-0.00976935915045589,98.0,-0.014543295939988465,0.004773936789532574,0.02393592860560425,1.9844674545084815,1.7349686690689994,1.783799612200886,98.0,1.7593841406349426,0.02441547156594328,0.12241615464116763,1.9844674545084815,0.2661631308895519,0.2872260853430576,98.0,0.27669460811630475,0.010531477226752831,0.05280352424519315,1.9844674545084815,5.7175820010824445,6.019613909747042,98.0,5.868597955414743,0.15101595433229842,0.757175316843483,1.9844674545084815,1.3639130981016512,1.4197128128788818,98.0,1.3918129554902665,0.027899857388615317,0.13988643419508348,1.9844674545084815,99.0,0.41414141414141414,-0.003655133220294075,0.010300459574980131,98.0,0.0033226631773430274,0.006977796397637103,0.03498580809961614,1.9844674545084815,XGBRegressor,"{'mode': 'original', 'type': 'XGBRegressor'}",18,"['pe_T6W50', 'l2_T6W50', 'l3_T6W50', 'lcc_T6W50', 'lsc_T6W50', 'atd_T6W50', 'density_T6W50', 'diameter_T6W50', 'asp_T6W50', 'z_re_T6W50', 'z_pe_T6W50', 'z_l1_T6W50', 'z_l2_T6W50', 'z_l3_T6W50', 'z_lsc_T6W50', 'z_density_T6W50', 'z_diameter_T6W50', 'z_asp_T6W50']",0.09813557413699485,0.1478210755784063,98.0,0.12297832485770056,0.024842750720705714,0.12455847947577399,1.9844674545084815,2.2014770008836826,2.2793059647308973,98.0,2.24039148280729,0.03891448192360715,0.19511239928644686,1.9844674545084815,completed,True,COMPLETE
107,1.8002012658657518,2026-06-13 08:27:11.083322,2026-06-13 08:27:13.796873,0 days 00:00:02.713551,,,,,,,,,,,,,,0.00032005827119523133,QuantileRegressor,,,,,,16,,,,,,,,False,,,,,,,,,-0.05136582946569636,-0.02409683604299724,98.0,-0.0377313327543468,0.013634496711349559,0.06836168014871495,1.9844674545084815,1.7660746355432366,1.834327896188267,98.0,1.8002012658657518,0.03412663032251525,0.17110670353671648,1.9844674545084815,0.27291978616224793,0.29488958886546984,98.0,0.2839046875138589,0.010984901351610945,0.05507693672615837,1.9844674545084815,6.282531846694079,6.759845417068959,98.0,6.521188631881519,0.23865678518743985,1.1965956030282734,1.9844674545084815,1.3861188704408305,1.4661096263241886,98.0,1.4261142483825096,0.03999537794167911,0.20053187823207938,1.9844674545084815,99.0,0.6868686868686869,-0.12044605856496163,-0.05672886391406923,98.0,-0.08858746123951543,0.0318585973254462,0.1597350666076245,1.9844674545084815,QuantileRegressor,"{'mode': 'original', 'type': 'QuantileRegressor'}",16,"['nodes_T6W50', 'edges_T6W50', 're_T6W50', 'pe_T6W50', 'lcc_T6W50', 'lsc_T6W50', 'diameter_T6W50', 'asp_T6W50', 'z_re_T6W50', 'z_pe_T6W50', 'z_l1_T6W50', 'z_l3_T6W50', 'z_lsc_T6W50', 'z_density_T6W50', 'z_diameter_T6W50', 'z_asp_T6W50']",0.1157973586383117,0.16213718899370205,98.0,0.13896727381600688,0.023169915177695177,0.11617108896523941,1.9844674545084815,2.2860937477549688,2.3835111656170915,98.0,2.33480245668603,0.048708708931061225,0.2442194421177483,1.9844674545084815,completed,False,COMPLETE
108,1.7349970291146763,2026-06-13 08:27:13.809355,2026-06-13 08:27:16.124005,0 days 00:00:02.314650,,,,,,,,,,,,,,2.710323160002809,QuantileRegressor,,,,,,11,,,,,,,,True,,,,,,,,,0.0,0.0,98.0,0.0,0.0,0.0,1.9844674545084815,1.7097615267403508,1.760232531489002,98.0,1.7349970291146763,0.025235502374325525,0.1265276876901327,1.9844674545084815,0.25983396043683077,0.2806349322602259,98.0,0.27023444634852833,0.010400485911697585,0.05214674999296774,1.9844674545084815,5.70097731382373,6.036396423550007,98.0,5.8686868686868685,0.16770955486313893,0.8408749651825216,1.9844674545084815,1.033280465877702,1.1485377159404797,98.0,1.0909090909090908,0.057628625031388776,0.2889427981985323,1.9844674545084815,99.0,0.9797979797979798,-0.009845695376372022,-0.006666757700651824,98.0,-0.008256226538511923,0.0015894688378600991,0.007969400161994435,1.9844674545084815,QuantileRegressor,"{'mode': 'original', 'type': 'QuantileRegressor'}",11,"['diameter_T6W50', 'asp_T6W50', 'z_re_T6W50', 'z_pe_T6W50', 'z_l1_T6W50', 'z_l2_T6W50', 'z_l3_T6W50', 'z_lsc_T6W50', 'z_density_T6W50', 'z_diameter_T6W50', 'z_asp_T6W50']",,,,,,,,2.2146203974868346,2.2936018858285863,98.0,2.2541111416577104,0.03949074417087585,0.1980017069201324,1.9844674545084815,completed,True,COMPLETE
109,1.737304476438855,2026-06-13 08:27:16.136255,2026-06-13 08:27:17.628889,0 days 00:00:01.492634,,,,,,,,,,,,,,,RandomForestRegressor,16.0,,3.0,3.0,167.0,22,,,,,,,,True,,,,,,,,,,,,,,,,,,,,,,,,,,,,,,,,,,,,,,,,,,,,,,,,,,,,,RandomForestRegressor,"{'mode': 'original', 'type': 'RandomForestRegressor'}",22,"['nodes_T6W50', 'edges_T6W50', 're_T6W50', 'pe_T6W50', 'l1_T6W50', 'l2_T6W50', 'l3_T6W50', 'lcc_T6W50', 'lsc_T6W50', 'atd_T6W50', 'density_T6W50', 'diameter_T6W50', 'asp_T6W50', 'z_re_T6W50', 'z_pe_T6W50', 'z_l1_T6W50', 'z_l2_T6W50', 'z_l3_T6W50', 'z_lsc_T6W50', 'z_density_T6W50', 'z_diameter_T6W50', 'z_asp_T6W50']",,,,,,,,,,,,,,,pruned,True,PRUNED
110,1.7794475991235432,2026-06-13 08:27:17.639766,2026-06-13 08:27:19.527573,0 days 00:00:01.887807,,,,0.0042012607279230466,0.7373570773877997,,,,,,,,,,ElasticNet,,,,,,11,,,,,,,,True,,,,,,,,,-0.04025959793568192,-0.013723700094579128,98.0,-0.026991649015130525,0.013267948920551397,0.06652385486155907,1.9844674545084815,1.750565256395224,1.8083299418518624,98.0,1.7794475991235432,0.02888234272831918,0.14481249417115347,1.9844674545084815,0.26717613059224543,0.28707962897860984,98.0,0.27712787978542763,0.009951749193182192,0.04989683958765019,1.9844674545084815,5.894562984671117,6.264461085633613,98.0,6.079512035152365,0.18494905048124818,0.927311663970922,1.9844674545084815,1.4257206796142892,1.497673211422234,98.0,1.4616969455182616,0.035976265903972356,0.18038054757277824,1.9844674545084815,99.0,0.5252525252525253,-0.0625916767975656,-0.005275728322143208,98.0,-0.0339337025598544,0.028657974237711194,0.14368753830992056,1.9844674545084815,ElasticNet,"{'mode': 'original', 'type': 'ElasticNet'}",11,"['edges_T6W50', 're_T6W50', 'pe_T6W50', 'l2_T6W50', 'lsc_T6W50', 'diameter_T6W50', 'z_re_T6W50', 'z_l2_T6W50', 'z_l3_T6W50', 'z_diameter_T6W50', 'z_asp_T6W50']",0.12447600035401413,0.17357559654977323,98.0,0.14902579845189368,0.024549798097879556,0.1230896512583233,1.9844674545084815,2.2320501804229695,2.316399508015366,98.0,2.2742248442191677,0.04217466379619827,0.21145854796498162,1.9844674545084815,completed,True,COMPLETE
