number,value,datetime_start,datetime_complete,duration,params_et_max_depth,params_et_max_features,params_et_min_samples_leaf,params_et_min_samples_split,params_et_n_estimators,params_regressor,params_rfe_n_features,params_use_scaler,user_attrs_d2mae_ci_lower_val,user_attrs_d2mae_ci_upper_val,user_attrs_d2mae_df_val,user_attrs_d2mae_mean_val,user_attrs_d2mae_samperror_val,user_attrs_d2mae_std_val,user_attrs_d2mae_t_critical_val,user_attrs_mae_ci_lower_val,user_attrs_mae_ci_upper_val,user_attrs_mae_df_val,user_attrs_mae_mean_val,user_attrs_mae_samperror_val,user_attrs_mae_std_val,user_attrs_mae_t_critical_val,user_attrs_mape_ci_lower_val,user_attrs_mape_ci_upper_val,user_attrs_mape_df_val,user_attrs_mape_mean_val,user_attrs_mape_samperror_val,user_attrs_mape_std_val,user_attrs_mape_t_critical_val,user_attrs_max_error_ci_lower_val,user_attrs_max_error_ci_upper_val,user_attrs_max_error_df_val,user_attrs_max_error_mean_val,user_attrs_max_error_samperror_val,user_attrs_max_error_std_val,user_attrs_max_error_t_critical_val,user_attrs_median_ae_ci_lower_val,user_attrs_median_ae_ci_upper_val,user_attrs_median_ae_df_val,user_attrs_median_ae_mean_val,user_attrs_median_ae_samperror_val,user_attrs_median_ae_std_val,user_attrs_median_ae_t_critical_val,user_attrs_n_splits_val,user_attrs_r2_below_zero_val,user_attrs_r2_ci_lower_val,user_attrs_r2_ci_upper_val,user_attrs_r2_df_val,user_attrs_r2_mean_val,user_attrs_r2_samperror_val,user_attrs_r2_std_val,user_attrs_r2_t_critical_val,user_attrs_regressor_final,user_attrs_rfe_estimator,user_attrs_rfe_n_features,user_attrs_rfe_selected_features,user_attrs_rho_ci_lower_val,user_attrs_rho_ci_upper_val,user_attrs_rho_df_val,user_attrs_rho_mean_val,user_attrs_rho_samperror_val,user_attrs_rho_std_val,user_attrs_rho_t_critical_val,user_attrs_rmse_ci_lower_val,user_attrs_rmse_ci_upper_val,user_attrs_rmse_df_val,user_attrs_rmse_mean_val,user_attrs_rmse_samperror_val,user_attrs_rmse_std_val,user_attrs_rmse_t_critical_val,user_attrs_termination_reason,user_attrs_trial_time_seconds,user_attrs_use_scaler_final,state
112,2.861196244201031,2026-06-14 04:07:37.975579,2026-06-14 04:08:43.359065,0 days 00:01:05.383486,17,log2,3,9,438,ExtraTreesRegressor,5,False,-0.018310425319812952,-0.013012732435481608,498.0,-0.01566157887764728,0.0026488464421656715,0.03011634009792139,1.9647389829672888,2.8494377352366933,2.8729547531653687,498.0,2.861196244201031,0.01175850896433763,0.1336896127224807,1.9647389829672888,919816700891615.4,1019007682378210.6,498.0,969412191634913.0,49595490743297.65,563881183435942.2,1.9647389829672888,8.47091648368286,8.671937931754801,498.0,8.57142720771883,0.10051072403596988,1.1427673195282442,1.9647389829672888,2.5920264321754765,2.6289824330950227,498.0,2.6105044326352496,0.018478000459772936,0.21008758277474507,1.9647389829672888,499.0,0.7374749498997996,-0.041874341397260796,-0.03240156326694451,498.0,-0.03713795233210265,0.004736389065158146,0.05385087698996827,1.9647389829672888,ExtraTreesRegressor,"{'mode': 'original', 'type': 'ExtraTreesRegressor'}",5,"['nodes_T6W30', 'l1_T6W30', 'lcc_T6W30', 'atd_T6W30', 'density_T6W30']",0.04108906935154751,0.06078485396074588,498.0,0.050936961656146695,0.009847892304599185,0.11196665430349707,1.9647389829672888,3.4933422761491006,3.526311123758789,498.0,3.509826699953945,0.01648442380484423,0.1874214019062075,1.9647389829672888,completed,65.37548804283142,False,COMPLETE
113,2.8992300140274594,2026-06-14 04:08:43.371582,2026-06-14 04:08:59.898610,0 days 00:00:16.527028,6,sqrt,1,9,86,ExtraTreesRegressor,9,True,-0.031969268315277355,-0.026333030542869524,498.0,-0.029151149429073438,0.002818118886203915,0.032040901073866125,1.9647389829672888,2.8870155746983195,2.9114444533565993,498.0,2.8992300140274594,0.012214439329139778,0.13887336128139097,1.9647389829672888,918181195434299.5,1016602160917174.5,498.0,967391678175737.0,49210482741437.45,559503794192131.4,1.9647389829672888,8.466684352494877,8.671532527452964,498.0,8.56910843997392,0.1024240874790432,1.1645215077911977,1.9647389829672888,2.5925760552000967,2.6300822462040583,498.0,2.6113291507020775,0.01875309550198079,0.21321530498562954,1.9647389829672888,499.0,0.7975951903807615,-0.05676309526299753,-0.046496332341166076,498.0,-0.051629713802081804,0.005133381460915731,0.058364524069165875,1.9647389829672888,ExtraTreesRegressor,"{'mode': 'original', 'type': 'ExtraTreesRegressor'}",9,"['nodes_T6W30', 'l1_T6W30', 'l2_T6W30', 'l3_T6W30', 'lcc_T6W30', 'atd_T6W30', 'density_T6W30', 'diameter_T6W30', 'asp_T6W30']",0.0069011507850447185,0.027063389858084298,498.0,0.01698227032156451,0.01008111953651979,0.11461835601213785,1.9647389829672888,3.517317411036835,3.550644047711737,498.0,3.533980729374286,0.016663318337451095,0.18945536223697027,1.9647389829672888,completed,16.51907205581665,True,COMPLETE
114,2.9257056864319275,2026-06-14 04:08:59.911008,2026-06-14 04:09:02.129908,0 days 00:00:02.218900,12,,5,4,355,ExtraTreesRegressor,12,True,,,,,,,,,,,,,,,,,,,,,,,,,,,,,,,,,,,,,,,,,,,,,ExtraTreesRegressor,"{'mode': 'original', 'type': 'ExtraTreesRegressor'}",12,"['nodes_T6W30', 're_T6W30', 'pe_T6W30', 'l1_T6W30', 'l2_T6W30', 'l3_T6W30', 'lcc_T6W30', 'lsc_T6W30', 'atd_T6W30', 'density_T6W30', 'diameter_T6W30', 'asp_T6W30']",,,,,,,,,,,,,,,pruned,,True,PRUNED
115,2.838821367032567,2026-06-14 04:09:02.135284,2026-06-14 04:09:54.130300,0 days 00:00:51.995016,14,log2,4,8,364,ExtraTreesRegressor,2,False,-0.009199875784304517,-0.0061766916786239285,498.0,-0.007688283731464223,0.0015115920528402944,0.017186205900042203,1.9647389829672888,2.828661433558253,2.8489813005068805,498.0,2.838821367032567,0.01015993347431386,0.11551443942311959,1.9647389829672888,932380540693271.8,1031656159510128.2,498.0,982018350101700.0,49637809408428.29,564362329980066.8,1.9647389829672888,8.249547798336389,8.437489884547896,498.0,8.343518841442142,0.0939710431057536,1.0684137247365209,1.9647389829672888,2.5393349933470137,2.5654713745101034,498.0,2.5524031839285586,0.013068190581545045,0.14858017654526165,1.9647389829672888,499.0,0.42084168336673344,-0.0024809083124774515,0.0022427972438009095,498.0,-0.00011905553433827098,0.0023618527781391805,0.026853335246381643,1.9647389829672888,ExtraTreesRegressor,"{'mode': 'original', 'type': 'ExtraTreesRegressor'}",2,"['nodes_T6W30', 'density_T6W30']",0.09177758292068153,0.11187731602723644,498.0,0.10182744947395898,0.010049866553277454,0.11426302190993474,1.9647389829672888,3.432426300758901,3.463245531337969,498.0,3.447835916048435,0.015409615289534143,0.17520125268504097,1.9647389829672888,completed,51.987062215805054,False,COMPLETE
116,2.8464967525842186,2026-06-14 04:09:54.142760,2026-06-14 04:10:25.683547,0 days 00:00:31.540787,16,sqrt,5,3,201,ExtraTreesRegressor,5,True,-0.012487890234832528,-0.008340375924460434,498.0,-0.010414133079646481,0.0020737571551860475,0.023577801556144255,1.9647389829672888,2.8355615366895344,2.857431968478903,498.0,2.8464967525842186,0.010935215894684115,0.12432909499247777,1.9647389829672888,923896812595826.1,1022900253773215.1,498.0,973398533184520.6,49501720588694.5,562815053734307.2,1.9647389829672888,8.327660285666951,8.527079191452945,498.0,8.427369738559948,0.09970945289299754,1.1336571824254398,1.9647389829672888,2.573524272334879,2.606522351078886,498.0,2.5900233117068825,0.01649903937200326,0.18758757514459481,1.9647389829672888,499.0,0.5991983967935872,-0.0180843436211658,-0.010894032854545137,498.0,-0.014489188237855468,0.00359515538331033,0.04087549980440691,1.9647389829672888,ExtraTreesRegressor,"{'mode': 'original', 'type': 'ExtraTreesRegressor'}",5,"['nodes_T6W30', 'lcc_T6W30', 'atd_T6W30', 'density_T6W30', 'asp_T6W30']",0.0543565262537434,0.07413179608329634,498.0,0.06424416116851987,0.009887634914776476,0.11241851211806328,1.9647389829672888,3.456038788250426,3.4879793948113864,498.0,3.4720090915309063,0.01597030328048014,0.18157605416667924,1.9647389829672888,completed,31.53304696083069,True,COMPLETE
117,2.856900694359153,2026-06-14 04:10:25.695988,2026-06-14 04:11:15.485161,0 days 00:00:49.789173,6,sqrt,3,8,334,ExtraTreesRegressor,8,False,-0.016329249018822253,-0.011907177282838416,498.0,-0.014118213150830334,0.002211035867991918,0.025138606417178893,1.9647389829672888,2.8457963145060594,2.8680050742122463,498.0,2.856900694359153,0.01110437985309327,0.12625242252957555,1.9647389829672888,921651976675400.6,1020204616339865.1,498.0,970928296507632.9,49276319832232.22,560252335967098.0,1.9647389829672888,8.332938548618712,8.521138785941135,498.0,8.427038667279923,0.09410011866121235,1.0698812629315042,1.9647389829672888,2.562504936136869,2.596485580774824,498.0,2.5794952584558466,0.016990322318977603,0.1931732686298282,1.9647389829672888,499.0,0.6693386773547094,-0.024235492266562388,-0.01665369429777528,498.0,-0.020444593282168834,0.003790898984393552,0.04310102740327912,1.9647389829672888,ExtraTreesRegressor,"{'mode': 'original', 'type': 'ExtraTreesRegressor'}",8,"['nodes_T6W30', 'l1_T6W30', 'l3_T6W30', 'lcc_T6W30', 'atd_T6W30', 'density_T6W30', 'diameter_T6W30', 'asp_T6W30']",0.04069309417364086,0.060369855350011915,498.0,0.05053147476182639,0.009838380588185529,0.11185850983658172,1.9647389829672888,3.466087808722126,3.4978626416302663,498.0,3.481975225176196,0.015887416454069967,0.18063366361731797,1.9647389829672888,completed,49.692370891571045,False,COMPLETE
118,2.8744395468914954,2026-06-14 04:11:15.498327,2026-06-14 04:12:06.787315,0 days 00:00:51.288988,19,sqrt,5,3,335,ExtraTreesRegressor,10,True,-0.022644765116041392,-0.017992502225694738,498.0,-0.020318633670868065,0.002326131445173328,0.026447197768864766,1.9647389829672888,2.8629643685410944,2.8859147252418964,498.0,2.8744395468914954,0.011475178350401115,0.13046825530680184,1.9647389829672888,925663973755229.0,1024835183460147.2,498.0,975249578607688.1,49585604852459.18,563768784753284.5,1.9647389829672888,8.393253728978033,8.588532322838317,498.0,8.490893025908175,0.09763929693014148,1.1101203250068044,1.9647389829672888,2.592837247155797,2.62926356610302,498.0,2.6110504066294085,0.01821315947361152,0.20707644513983378,1.9647389829672888,499.0,0.7535070140280561,-0.03449938509268221,-0.02673610538009015,498.0,-0.03061774523638618,0.0038816398562960316,0.044132715354492584,1.9647389829672888,ExtraTreesRegressor,"{'mode': 'original', 'type': 'ExtraTreesRegressor'}",10,"['nodes_T6W30', 're_T6W30', 'l1_T6W30', 'l2_T6W30', 'l3_T6W30', 'lcc_T6W30', 'atd_T6W30', 'density_T6W30', 'diameter_T6W30', 'asp_T6W30']",0.014736889941798571,0.03449233932944227,498.0,0.02461461463562042,0.00987772469382185,0.11230583681157362,1.9647389829672888,3.4831278341479006,3.515822750939054,498.0,3.4994752925434773,0.016347458395576785,0.1858641591829272,1.9647389829672888,completed,51.27987885475159,True,COMPLETE
119,2.836179475644281,2026-06-14 04:12:06.800586,2026-06-14 04:12:37.857514,0 days 00:00:31.056928,13,sqrt,5,2,205,ExtraTreesRegressor,3,False,-0.00809557549771637,-0.005370156601906978,498.0,-0.006732866049811674,0.0013627094479046957,0.015493469358757823,1.9647389829672888,2.82608626319552,2.8462726880930416,498.0,2.836179475644281,0.010093212448760856,0.11475584765832346,1.9647389829672888,936609251868170.2,1036119690770474.5,498.0,986364471319322.4,49755219451152.125,565697235892805.0,1.9647389829672888,8.214796663730228,8.396023394354911,498.0,8.30541002904257,0.09061336531234078,1.0302382515358233,1.9647389829672888,2.53454809739713,2.559413741176861,498.0,2.5469809192869954,0.012432821889865353,0.1413562849290484,1.9647389829672888,499.0,0.3406813627254509,0.0026729464545665084,0.006585414049290089,498.0,0.004629180251928299,0.0019562337973617902,0.022241607295373417,1.9647389829672888,ExtraTreesRegressor,"{'mode': 'original', 'type': 'ExtraTreesRegressor'}",3,"['nodes_T6W30', 'atd_T6W30', 'density_T6W30']",0.10463242571585872,0.12494806074840113,498.0,0.11479024323212993,0.010157817516271206,0.11549038181410491,1.9647389829672888,3.424474858115122,3.455136512854338,498.0,3.43980568548473,0.015330827369607941,0.1743054650869629,1.9647389829672888,completed,31.049007892608643,False,COMPLETE
120,2.884807682472184,2026-06-14 04:12:37.870540,2026-06-14 04:12:50.571241,0 days 00:00:12.700701,8,sqrt,4,7,59,ExtraTreesRegressor,13,True,-0.026386762537439507,-0.021616938249775033,498.0,-0.02400185039360727,0.0023849121438322364,0.027115511146275112,1.9647389829672888,2.8732328495543884,2.8963825153899796,498.0,2.884807682472184,0.01157483291779549,0.13160128846273914,1.9647389829672888,932066093852935.5,1031578579642921.8,498.0,981822336747928.6,49756242894993.164,565708872045923.2,1.9647389829672888,8.407453586439606,8.601249646771072,498.0,8.504351616605339,0.09689803016573315,1.101692414039661,1.9647389829672888,2.5792473119906147,2.616496228721027,498.0,2.597871770355821,0.018624458365206195,0.21175275143829778,1.9647389829672888,499.0,0.8136272545090181,-0.04307273301553581,-0.03504439152242676,498.0,-0.03905856226898129,0.004014170746554525,0.04563953934435053,1.9647389829672888,ExtraTreesRegressor,"{'mode': 'original', 'type': 'ExtraTreesRegressor'}",13,"['nodes_T6W30', 'edges_T6W30', 're_T6W30', 'pe_T6W30', 'l1_T6W30', 'l2_T6W30', 'l3_T6W30', 'lcc_T6W30', 'lsc_T6W30', 'atd_T6W30', 'density_T6W30', 'diameter_T6W30', 'asp_T6W30']",-0.0015702380036299885,0.018224690387701636,498.0,0.008327226192035825,0.009897464195665813,0.11253026716791029,1.9647389829672888,3.4972685406985184,3.5301565503544556,498.0,3.513712545526487,0.01644400482796872,0.1869618540688487,1.9647389829672888,completed,12.692957878112793,True,COMPLETE
121,2.881361077229843,2026-06-14 04:12:50.583819,2026-06-14 04:13:12.445453,0 days 00:00:21.861634,17,log2,2,9,123,ExtraTreesRegressor,5,False,-0.025719774470742827,-0.01989836553851209,498.0,-0.02280907000462746,0.00291070446611537,0.03309356262811498,1.9647389829672888,2.8690308655173222,2.893691288942364,498.0,2.881361077229843,0.012330211712520902,0.14018964765282826,1.9647389829672888,920765014098095.1,1020672399569358.6,498.0,970718706833726.9,49953692735631.73,567953798916085.5,1.9647389829672888,8.532496254401645,8.73160315283135,498.0,8.632049703616497,0.09955344921485254,1.1318834820882846,1.9647389829672888,2.619830428243759,2.6624332569603473,498.0,2.641131842602053,0.02130141435829414,0.24218868605181623,1.9647389829672888,499.0,0.8016032064128257,-0.05696852593472124,-0.04645108002635771,498.0,-0.051709802980539475,0.005258722954181758,0.05978960744866701,1.9647389829672888,ExtraTreesRegressor,"{'mode': 'original', 'type': 'ExtraTreesRegressor'}",5,"['nodes_T6W30', 'l1_T6W30', 'atd_T6W30', 'density_T6W30', 'asp_T6W30']",0.026426839614935953,0.04598066600516855,498.0,0.03620375281005225,0.0097769131951163,0.11115964980259198,1.9647389829672888,3.517284243624311,3.550774709233581,498.0,3.534029476428946,0.016745232804634753,0.19038669744514716,1.9647389829672888,completed,21.85280418395996,False,COMPLETE
122,2.9198433492919724,2026-06-14 04:13:12.459533,2026-06-14 04:13:55.696591,0 days 00:00:43.237058,19,,4,6,244,ExtraTreesRegressor,6,True,-0.03978130156231473,-0.03312320174030216,498.0,-0.03645225165130844,0.003329049911006286,0.037849985460406535,1.9647389829672888,2.9065417802389195,2.9331449183450253,498.0,2.9198433492919724,0.013301569053052917,0.1512335977884039,1.9647389829672888,924256418011664.4,1024538010993570.6,498.0,974397214502617.5,50140796490953.07,570081094873735.9,1.9647389829672888,8.66897832920383,8.86549208804392,498.0,8.767235208623875,0.09825687942004463,1.1171419945186232,1.9647389829672888,2.6305507672893658,2.673130430000974,498.0,2.65184059864517,0.0212898313558043,0.2420569918785391,1.9647389829672888,499.0,0.8697394789579158,-0.07801998151540952,-0.0662952713370802,498.0,-0.07215762642624486,0.005862355089164664,0.06665266692308351,1.9647389829672888,ExtraTreesRegressor,"{'mode': 'original', 'type': 'ExtraTreesRegressor'}",6,"['l1_T6W30', 'l2_T6W30', 'l3_T6W30', 'atd_T6W30', 'density_T6W30', 'asp_T6W30']",0.006741162925217288,0.026837814586417097,498.0,0.016789488755817192,0.010048325830599903,0.11424550450031257,1.9647389829672888,3.5505239865449894,3.5855660908142872,498.0,3.5680450386796383,0.017521052134649013,0.19920745746555368,1.9647389829672888,completed,43.22888493537903,True,COMPLETE
123,2.831846784744152,2026-06-14 04:13:55.709112,2026-06-14 04:14:19.292320,0 days 00:00:23.583208,2,,2,9,146,ExtraTreesRegressor,4,True,-0.007297457735739282,-0.0031562204784303734,498.0,-0.005226839107084828,0.002070618628654454,0.023542117746419698,1.9647389829672888,2.821042168281863,2.842651401206441,498.0,2.831846784744152,0.010804616462289137,0.12284423091731193,1.9647389829672888,916730538193658.4,1014520912036590.1,498.0,965625725115124.2,48895186921465.86,555919004981793.5,1.9647389829672888,8.264614391366864,8.46781665430485,498.0,8.366215522835857,0.10160113146899206,1.1551648222960336,1.9647389829672888,2.526924823296532,2.5593942144397457,498.0,2.543159518868139,0.016234695571606984,0.18458209031588488,1.9647389829672888,499.0,0.43887775551102204,-0.004620851517386852,0.002703233266205308,498.0,-0.0009588091255907719,0.00366204239179608,0.041635978729732015,1.9647389829672888,ExtraTreesRegressor,"{'mode': 'original', 'type': 'ExtraTreesRegressor'}",4,"['nodes_T6W30', 'atd_T6W30', 'density_T6W30', 'asp_T6W30']",0.12643030732498037,0.14792716163668498,498.0,0.13717873448083268,0.010748427155852312,0.12220538064816072,1.9647389829672888,3.4328118537254992,3.464656711427585,498.0,3.448734282576542,0.015922428851042895,0.18103174077199743,1.9647389829672888,completed,23.575387954711914,True,COMPLETE
124,2.915693812922904,2026-06-14 04:14:19.304688,2026-06-14 04:14:21.827684,0 days 00:00:02.522996,18,,4,10,397,ExtraTreesRegressor,9,True,,,,,,,,,,,,,,,,,,,,,,,,,,,,,,,,,,,,,,,,,,,,,ExtraTreesRegressor,"{'mode': 'original', 'type': 'ExtraTreesRegressor'}",9,"['nodes_T6W30', 're_T6W30', 'l1_T6W30', 'l2_T6W30', 'l3_T6W30', 'lsc_T6W30', 'atd_T6W30', 'density_T6W30', 'asp_T6W30']",,,,,,,,,,,,,,,pruned,,True,PRUNED
125,2.851653946009467,2026-06-14 04:14:21.833062,2026-06-14 04:14:40.025349,0 days 00:00:18.192287,4,log2,3,9,102,ExtraTreesRegressor,8,True,-0.0145565831274722,-0.00996914971436747,498.0,-0.012262866420919834,0.0022937167065523643,0.026078654965871622,1.9647389829672888,2.8404702545153393,2.8628376375035947,498.0,2.851653946009467,0.011183691494127495,0.12715416463024565,1.9647389829672888,918409378238091.4,1016578202093146.1,498.0,967493790165618.8,49084411927527.42,558070418724343.94,1.9647389829672888,8.299329167258268,8.489822463713924,498.0,8.394575815486096,0.09524664822782754,1.0829168522396841,1.9647389829672888,2.5473361965018437,2.581003594750303,498.0,2.5641698956260734,0.01683369912422963,0.19139252463305786,1.9647389829672888,499.0,0.5951903807615231,-0.02130764406766772,-0.01330016701647676,498.0,-0.01730390554207224,0.004003738525595478,0.04552092910353851,1.9647389829672888,ExtraTreesRegressor,"{'mode': 'original', 'type': 'ExtraTreesRegressor'}",8,"['nodes_T6W30', 'l1_T6W30', 'l3_T6W30', 'lcc_T6W30', 'atd_T6W30', 'density_T6W30', 'diameter_T6W30', 'asp_T6W30']",0.06358693088299601,0.08347793119769385,498.0,0.07353243104034493,0.009945500157348916,0.11307641712056524,1.9647389829672888,3.460501855980945,3.4925441492468594,498.0,3.4765230026139022,0.016021146632957037,0.18215412304622547,1.9647389829672888,completed,18.184536695480347,True,COMPLETE
126,2.945443963087033,2026-06-14 04:14:40.038133,2026-06-14 04:14:41.549536,0 days 00:00:01.511403,10,,1,2,189,ExtraTreesRegressor,5,False,,,,,,,,,,,,,,,,,,,,,,,,,,,,,,,,,,,,,,,,,,,,,ExtraTreesRegressor,"{'mode': 'original', 'type': 'ExtraTreesRegressor'}",5,"['l1_T6W30', 'l2_T6W30', 'l3_T6W30', 'density_T6W30', 'asp_T6W30']",,,,,,,,,,,,,,,pruned,,False,PRUNED
127,2.8361888781095157,2026-06-14 04:14:41.554934,2026-06-14 04:15:37.819475,0 days 00:00:56.264541,2,log2,1,7,401,ExtraTreesRegressor,7,False,-0.00834503726565797,-0.0051554038945531054,498.0,-0.006750220580105538,0.001594816685552432,0.018132437173922357,1.9647389829672888,2.8259142594524067,2.8464634967666247,498.0,2.8361888781095157,0.010274618657108929,0.11681836475237525,1.9647389829672888,929548875847589.4,1028272956949050.1,498.0,978910916398319.8,49362040550730.43,561226946752621.56,1.9647389829672888,8.175439138891479,8.35558468102951,498.0,8.265511909960495,0.09007277106901616,1.0240919080453976,1.9647389829672888,2.5469797371655902,2.57865992928581,498.0,2.5628198332257,0.015840096060110137,0.18009564938766082,1.9647389829672888,499.0,0.36472945891783565,0.0014745710166964095,0.006393513230370981,498.0,0.003934042123533695,0.0024594711068372855,0.02796321717085408,1.9647389829672888,ExtraTreesRegressor,"{'mode': 'original', 'type': 'ExtraTreesRegressor'}",7,"['nodes_T6W30', 'l1_T6W30', 'lcc_T6W30', 'atd_T6W30', 'density_T6W30', 'diameter_T6W30', 'asp_T6W30']",0.12060943615868133,0.14114223062858913,498.0,0.13087583339363523,0.010266397234953902,0.11672489042265648,1.9647389829672888,3.425463937915182,3.4559730509163047,498.0,3.4407184944157434,0.015254556500561503,0.1734382953653808,1.9647389829672888,completed,56.25669884681702,False,COMPLETE
