number,value,datetime_start,datetime_complete,duration,params_et_max_depth,params_et_max_features,params_et_min_samples_leaf,params_et_min_samples_split,params_et_n_estimators,params_regressor,params_rfe_n_features,params_use_scaler,user_attrs_d2mae_ci_lower_val,user_attrs_d2mae_ci_upper_val,user_attrs_d2mae_df_val,user_attrs_d2mae_mean_val,user_attrs_d2mae_samperror_val,user_attrs_d2mae_std_val,user_attrs_d2mae_t_critical_val,user_attrs_mae_ci_lower_val,user_attrs_mae_ci_upper_val,user_attrs_mae_df_val,user_attrs_mae_mean_val,user_attrs_mae_samperror_val,user_attrs_mae_std_val,user_attrs_mae_t_critical_val,user_attrs_mape_ci_lower_val,user_attrs_mape_ci_upper_val,user_attrs_mape_df_val,user_attrs_mape_mean_val,user_attrs_mape_samperror_val,user_attrs_mape_std_val,user_attrs_mape_t_critical_val,user_attrs_max_error_ci_lower_val,user_attrs_max_error_ci_upper_val,user_attrs_max_error_df_val,user_attrs_max_error_mean_val,user_attrs_max_error_samperror_val,user_attrs_max_error_std_val,user_attrs_max_error_t_critical_val,user_attrs_median_ae_ci_lower_val,user_attrs_median_ae_ci_upper_val,user_attrs_median_ae_df_val,user_attrs_median_ae_mean_val,user_attrs_median_ae_samperror_val,user_attrs_median_ae_std_val,user_attrs_median_ae_t_critical_val,user_attrs_n_splits_val,user_attrs_r2_below_zero_val,user_attrs_r2_ci_lower_val,user_attrs_r2_ci_upper_val,user_attrs_r2_df_val,user_attrs_r2_mean_val,user_attrs_r2_samperror_val,user_attrs_r2_std_val,user_attrs_r2_t_critical_val,user_attrs_regressor_final,user_attrs_rfe_estimator,user_attrs_rfe_n_features,user_attrs_rfe_selected_features,user_attrs_rho_ci_lower_val,user_attrs_rho_ci_upper_val,user_attrs_rho_df_val,user_attrs_rho_mean_val,user_attrs_rho_samperror_val,user_attrs_rho_std_val,user_attrs_rho_t_critical_val,user_attrs_rmse_ci_lower_val,user_attrs_rmse_ci_upper_val,user_attrs_rmse_df_val,user_attrs_rmse_mean_val,user_attrs_rmse_samperror_val,user_attrs_rmse_std_val,user_attrs_rmse_t_critical_val,user_attrs_termination_reason,user_attrs_trial_time_seconds,user_attrs_use_scaler_final,state
41,3.0031780963114545,2026-06-14 03:18:00.398757,2026-06-14 03:19:32.114774,0 days 00:01:31.716017,12,,3,8,478,ExtraTreesRegressor,11,False,-0.06959971781029961,-0.06247523739439544,498.0,-0.06603747760234753,0.0035622402079520865,0.0405012672329404,1.9647389829672888,2.9892458460889713,3.0171103465339377,498.0,3.0031780963114545,0.013932250222483017,0.15840419412406104,1.9647389829672888,947504160436996.8,1050297601060236.5,498.0,998900880748616.6,51396720311619.85,584360453736591.5,1.9647389829672888,8.810676769196306,9.007397541083343,498.0,8.909037155139824,0.09836038594351819,1.118318822897068,1.9647389829672888,2.6789250671868534,2.723603790474938,498.0,2.701264428830896,0.022339361644042214,0.25398973762041765,1.9647389829672888,499.0,0.9819639278557114,-0.1380368960776391,-0.12529002966850808,498.0,-0.1316634628730736,0.006373433204565507,0.07246342367175797,1.9647389829672888,ExtraTreesRegressor,"{'mode': 'original', 'type': 'ExtraTreesRegressor'}",11,"['nodes_T6W30', 're_T6W30', 'pe_T6W30', 'l1_T6W30', 'l2_T6W30', 'l3_T6W30', 'lsc_T6W30', 'atd_T6W30', 'density_T6W30', 'diameter_T6W30', 'asp_T6W30']",-0.06443630022956696,-0.04481713130518968,498.0,-0.05462671576737832,0.00980958446218864,0.11153110923297563,1.9647389829672888,3.6475410356992226,3.683412130459974,498.0,3.6654765830795983,0.017935547380375658,0.20392010505076782,1.9647389829672888,completed,91.70791506767273,False,COMPLETE
42,2.836721199088518,2026-06-14 03:19:32.127143,2026-06-14 03:19:48.342699,0 days 00:00:16.215556,11,log2,3,2,91,ExtraTreesRegressor,3,True,-0.008530327356332147,-0.005329180440802404,498.0,-0.006929753898567276,0.0016005734577648717,0.018197889405148847,1.9647389829672888,2.826379362716443,2.847063035460593,498.0,2.836721199088518,0.01034183637207506,0.11758260368004599,1.9647389829672888,940417462266299.9,1040199875039088.6,498.0,990308668652694.2,49891206386394.32,567243353752049.2,1.9647389829672888,8.217268124691067,8.390939389923421,498.0,8.304103757307244,0.08683563261617619,0.9872869196406788,1.9647389829672888,2.576493825796388,2.604066483321252,498.0,2.59028015455882,0.013786328762431958,0.15674512463308296,1.9647389829672888,499.0,0.48096192384769537,-0.0032343689400896117,0.0014018732020597202,498.0,-0.0009162478690149456,0.002318121071074666,0.02635612297236972,1.9647389829672888,ExtraTreesRegressor,"{'mode': 'original', 'type': 'ExtraTreesRegressor'}",3,"['nodes_T6W30', 'l1_T6W30', 'atd_T6W30']",0.07088531752196699,0.09070356978776221,498.0,0.0807944436548646,0.009909126132897616,0.11266285879809416,1.9647389829672888,3.433853622126106,3.464520912431936,498.0,3.449187267279021,0.015333645152915083,0.1743375021726351,1.9647389829672888,completed,16.207960844039917,True,COMPLETE
43,2.835769490826026,2026-06-14 03:19:48.355089,2026-06-14 03:20:35.202509,0 days 00:00:46.847420,3,log2,4,2,328,ExtraTreesRegressor,2,False,-0.007942518985185559,-0.0052408355916696596,498.0,-0.00659167728842761,0.00135084169675795,0.015358537705475319,1.9647389829672888,2.825720879982672,2.84581810166938,498.0,2.835769490826026,0.010048610843353857,0.11424874498299727,1.9647389829672888,936445163734765.4,1035887682785511.1,498.0,986166423260138.2,49721259525372.89,565311124920803.4,1.9647389829672888,8.186869445696052,8.36524748360249,498.0,8.276058464649271,0.08918901895321786,1.0140439947885314,1.9647389829672888,2.5297937576072007,2.554699424458743,498.0,2.542246591032972,0.012452833425771234,0.1415838082054564,1.9647389829672888,499.0,0.3066132264529058,0.0054173606319397145,0.009151014509846317,498.0,0.007284187570893015,0.0018668269389533008,0.02122508655183219,1.9647389829672888,ExtraTreesRegressor,"{'mode': 'original', 'type': 'ExtraTreesRegressor'}",2,"['atd_T6W30', 'density_T6W30']",0.1283908165894012,0.14945319951919295,498.0,0.13892200805429708,0.010531191464895857,0.11973549645777988,1.9647389829672888,3.4199647173603274,3.450480894656265,498.0,3.435222806008296,0.015258088647968814,0.17347845448933047,1.9647389829672888,completed,46.839422941207886,False,COMPLETE
44,2.836400685537617,2026-06-14 03:20:35.214875,2026-06-14 03:21:07.702325,0 days 00:00:32.487450,9,sqrt,5,10,218,ExtraTreesRegressor,3,False,-0.00817925262608527,-0.005444136524107975,498.0,-0.006811694575096623,0.0013675580509886476,0.015548596064916273,1.9647389829672888,2.8263037167802216,2.8464976542950127,498.0,2.836400685537617,0.01009696875739564,0.11479855540708427,1.9647389829672888,936692916745579.2,1036209388809846.5,498.0,986451152777712.9,49758236032133.65,565731533229685.8,1.9647389829672888,8.214289511460281,8.395464326464255,498.0,8.304876918962268,0.09058740750198706,1.029943121462458,1.9647389829672888,2.534116456196466,2.5588769215963665,498.0,2.5464966888964162,0.012380232699950146,0.1407583665658889,1.9647389829672888,499.0,0.3486973947895792,0.002442716171076132,0.006379733399601583,498.0,0.004411224785338857,0.001968508614262725,0.02238116712585042,1.9647389829672888,ExtraTreesRegressor,"{'mode': 'original', 'type': 'ExtraTreesRegressor'}",3,"['nodes_T6W30', 'atd_T6W30', 'density_T6W30']",0.10377985563589259,0.12414038921673401,498.0,0.1139601224263133,0.010180266790420715,0.11574562121359437,1.9647389829672888,3.4248450351887216,3.455508715219562,498.0,3.4401768752041417,0.015331840015419956,0.17431697847074684,1.9647389829672888,completed,32.47963309288025,False,COMPLETE
45,2.829015937074886,2026-06-14 03:21:07.715330,2026-06-14 03:21:43.763949,0 days 00:00:36.048619,19,log2,3,3,241,ExtraTreesRegressor,3,True,-0.005756379267489723,-0.002612136947737432,498.0,-0.0041842581076135775,0.0015721211598761456,0.017874397991624828,1.9647389829672888,2.818669787625088,2.8393620865246842,498.0,2.829015937074886,0.010346149449798074,0.11763164167390902,1.9647389829672888,936439223861297.5,1036006930542265.2,498.0,986223077201781.4,49783853340483.93,566022791929468.9,1.9647389829672888,8.205501319888391,8.378550290088441,498.0,8.292025804988416,0.08652448510002479,0.9837492950098689,1.9647389829672888,2.5748116810588155,2.6029282711406823,498.0,2.588869976099749,0.01405829504093336,0.159837274033717,1.9647389829672888,499.0,0.39879759519038077,0.002632594901167405,0.0071893540589719855,498.0,0.004910974480069695,0.0022783795789022903,0.02590427786907879,1.9647389829672888,ExtraTreesRegressor,"{'mode': 'original', 'type': 'ExtraTreesRegressor'}",3,"['l1_T6W30', 'atd_T6W30', 'density_T6W30']",0.09838161403513751,0.11823552023528439,498.0,0.10830856713521095,0.009926953100073438,0.11286554438901224,1.9647389829672888,3.4238428720725858,3.4544891905770068,498.0,3.4391660313247963,0.015323159252210335,0.17421828161427044,1.9647389829672888,completed,36.040807247161865,True,COMPLETE
46,2.918980211647039,2026-06-14 03:21:43.786890,2026-06-14 03:22:44.186351,0 days 00:01:00.399461,13,log2,2,12,386,ExtraTreesRegressor,13,False,-0.03881649541808349,-0.03348313737431306,498.0,-0.03614981639619828,0.0026666790218852145,0.030319089501249567,1.9647389829672888,2.9069405548591645,2.9310198684349134,498.0,2.918980211647039,0.012039656787874537,0.13688615267158596,1.9647389829672888,934340088723887.0,1034628764730526.5,498.0,984484426727206.8,50144338003319.73,570121360473582.5,1.9647389829672888,8.532076431960048,8.730435361333955,498.0,8.631255896647001,0.09917946468695342,1.1276314253988973,1.9647389829672888,2.6160442746133965,2.656605423186349,498.0,2.6363248488998727,0.020280574286476026,0.23058213676339287,1.9647389829672888,499.0,0.9218436873747495,-0.07259374216999166,-0.06333572343148129,498.0,-0.06796473280073648,0.004629009369255191,0.05263001216747566,1.9647389829672888,ExtraTreesRegressor,"{'mode': 'original', 'type': 'ExtraTreesRegressor'}",13,"['nodes_T6W30', 'edges_T6W30', 're_T6W30', 'pe_T6W30', 'l1_T6W30', 'l2_T6W30', 'l3_T6W30', 'lcc_T6W30', 'lsc_T6W30', 'atd_T6W30', 'density_T6W30', 'diameter_T6W30', 'asp_T6W30']",-0.04168889845833248,-0.022576204971500445,498.0,-0.03213255171491646,0.009556346743416018,0.10865189617525582,1.9647389829672888,3.5451689956579697,3.5784008592513086,498.0,3.561784927454639,0.016615931796669342,0.18891659594401727,1.9647389829672888,completed,60.391453981399536,False,COMPLETE
47,2.9315459611268158,2026-06-14 03:22:44.198652,2026-06-14 03:22:59.552193,0 days 00:00:15.353541,18,,5,7,69,ExtraTreesRegressor,8,False,-0.04389924928638514,-0.0373532062145194,498.0,-0.04062622775045227,0.0032730215359328676,0.03721296491743184,1.9647389829672888,2.9184097864290792,2.9446821358245523,498.0,2.9315459611268158,0.013136174697736579,0.14935312915281518,1.9647389829672888,922825508395549.0,1023137998622590.5,498.0,972981753509069.8,50156245113520.72,570256739623799.8,1.9647389829672888,8.666760494198272,8.87507854455793,498.0,8.7709195193781,0.10415902517982914,1.1842470656845634,1.9647389829672888,2.647130468386428,2.688786313209201,498.0,2.6679583907978146,0.020827922411386535,0.2368052692256458,1.9647389829672888,499.0,0.9098196392785571,-0.08971154522688565,-0.07792760735448737,498.0,-0.08381957629068651,0.005891968936199145,0.0669893646926111,1.9647389829672888,ExtraTreesRegressor,"{'mode': 'original', 'type': 'ExtraTreesRegressor'}",8,"['nodes_T6W30', 'l1_T6W30', 'l2_T6W30', 'l3_T6W30', 'lcc_T6W30', 'atd_T6W30', 'density_T6W30', 'asp_T6W30']",-0.02011145732027491,-0.0005243606430825089,498.0,-0.01031790898167871,0.0097935483385962,0.11134878482780272,1.9647389829672888,3.569906455610027,3.6047071906954558,498.0,3.5873068231527414,0.01740036754271444,0.19783532121883757,1.9647389829672888,completed,15.345815896987915,False,COMPLETE
48,2.9653853568515647,2026-06-14 03:22:59.564488,2026-06-14 03:23:48.407769,0 days 00:00:48.843281,13,,5,8,254,ExtraTreesRegressor,12,False,-0.055857556005787366,-0.049378365048063595,498.0,-0.05261796052692548,0.0032395954788618873,0.03683292382223754,1.9647389829672888,2.9521588106617274,2.978611903041402,498.0,2.9653853568515647,0.013226546189837126,0.15038061740125871,1.9647389829672888,941538785760367.0,1043307964146736.5,498.0,992423374953551.8,50884589193184.73,578537724758421.2,1.9647389829672888,8.677160249464308,8.879542266067226,498.0,8.778351257765767,0.10119100830145962,1.1505018835167868,1.9647389829672888,2.6518490709602003,2.695289436997894,498.0,2.673569253979047,0.021720183018847147,0.24694992067939026,1.9647389829672888,499.0,0.969939879759519,-0.1080729963692912,-0.09659761004094596,498.0,-0.10233530320511858,0.005737693164172627,0.06523530996702975,1.9647389829672888,ExtraTreesRegressor,"{'mode': 'original', 'type': 'ExtraTreesRegressor'}",12,"['nodes_T6W30', 're_T6W30', 'pe_T6W30', 'l1_T6W30', 'l2_T6W30', 'l3_T6W30', 'lcc_T6W30', 'lsc_T6W30', 'atd_T6W30', 'density_T6W30', 'diameter_T6W30', 'asp_T6W30']",-0.056104988619123185,-0.03655053965922058,498.0,-0.04632776413917188,0.009777224479951304,0.11116318898848401,1.9647389829672888,3.600591103405834,3.635562654317097,498.0,3.6180768788614657,0.0174857754556314,0.1988063755281836,1.9647389829672888,completed,48.83530592918396,False,COMPLETE
49,2.94962109356791,2026-06-14 03:23:48.420135,2026-06-14 03:24:21.231155,0 days 00:00:32.811020,5,,2,7,175,ExtraTreesRegressor,13,False,-0.05010589159844718,-0.04400999186562564,498.0,-0.04705794173203641,0.0030479498664107703,0.03465398873903452,1.9647389829672888,2.9369705432599456,2.9622716438758743,498.0,2.94962109356791,0.01265055030796434,0.14383177123284877,1.9647389829672888,926798192035423.0,1026377789023992.8,498.0,976587990529707.9,49789798494284.836,566090385985112.4,1.9647389829672888,8.609127498801579,8.824493747144706,498.0,8.716810622973142,0.10768312417156388,1.2243146823211293,1.9647389829672888,2.6212584964919237,2.6620138454344446,498.0,2.641636170963184,0.020377674471260307,0.23168612759577328,1.9647389829672888,499.0,0.9559118236472945,-0.09814460002275463,-0.08678276434924073,498.0,-0.09246368218599768,0.005680917836756954,0.06458979687030858,1.9647389829672888,ExtraTreesRegressor,"{'mode': 'original', 'type': 'ExtraTreesRegressor'}",13,"['nodes_T6W30', 'edges_T6W30', 're_T6W30', 'pe_T6W30', 'l1_T6W30', 'l2_T6W30', 'l3_T6W30', 'lcc_T6W30', 'lsc_T6W30', 'atd_T6W30', 'density_T6W30', 'diameter_T6W30', 'asp_T6W30']",-0.053333739035149555,-0.03361467974491923,498.0,-0.04347420939003439,0.009859529645115162,0.11209896627871598,1.9647389829672888,3.5845670543986254,3.618684838981236,498.0,3.6016259466899307,0.017058892291305344,0.19395288219075582,1.9647389829672888,completed,32.8033549785614,False,COMPLETE
50,3.0389524804206545,2026-06-14 03:24:21.243404,2026-06-14 03:25:01.952865,0 days 00:00:40.709461,17,,1,9,189,ExtraTreesRegressor,10,True,-0.08286856927243139,-0.07478449567985965,498.0,-0.07882653247614552,0.0040420367962858686,0.04595636534737416,1.9647389829672888,3.024368615146157,3.053536345695152,498.0,3.0389524804206545,0.014583865274497496,0.16581280045435032,1.9647389829672888,929920899487343.9,1031044815470576.4,498.0,980482857478960.1,50561957991616.266,574869535150309.1,1.9647389829672888,8.863721786065588,9.065171277476447,498.0,8.964446531771017,0.1007247457054298,1.145200661560903,1.9647389829672888,2.710054105877519,2.7570024448532355,498.0,2.7335282753653773,0.02347416948785828,0.26689205556007567,1.9647389829672888,499.0,0.9919839679358717,-0.16552378609501045,-0.15070048439338024,498.0,-0.15811213524419535,0.007411650850815091,0.08426754913270845,1.9647389829672888,ExtraTreesRegressor,"{'mode': 'original', 'type': 'ExtraTreesRegressor'}",10,"['nodes_T6W30', 're_T6W30', 'pe_T6W30', 'l1_T6W30', 'l2_T6W30', 'l3_T6W30', 'lsc_T6W30', 'atd_T6W30', 'density_T6W30', 'asp_T6W30']",-0.07213529795059218,-0.05231492565329958,498.0,-0.06222511180194588,0.009910186148646302,0.11267491075938889,1.9647389829672888,3.6888376307212245,3.7252279164232314,498.0,3.707032773572228,0.018195142851003418,0.2068716032413967,1.9647389829672888,completed,40.70168590545654,True,COMPLETE
51,3.058263355546834,2026-06-14 03:25:01.966256,2026-06-14 03:26:30.428997,0 days 00:01:28.462741,18,,1,2,470,ExtraTreesRegressor,3,True,-0.09120650180571889,-0.07993194456796589,498.0,-0.08556922318684239,0.0056372786188764986,0.06409363616186806,1.9647389829672888,3.039499403482495,3.0770273076111727,498.0,3.058263355546834,0.018763952064338896,0.21333873982090962,1.9647389829672888,921796381749451.8,1025420444659671.0,498.0,973608413204561.4,51812031455109.62,589082377757814.9,1.9647389829672888,9.607165537357762,9.817075287735474,498.0,9.712120412546618,0.10495487518885518,1.1932955666309475,1.9647389829672888,2.606195563050112,2.6600796493949863,498.0,2.633137606222549,0.026942043172437175,0.30632041261350335,1.9647389829672888,499.0,0.9679358717434869,-0.23114362650451764,-0.20914107549814015,498.0,-0.2201423510013289,0.011001275503188742,0.12508016670610805,1.9647389829672888,ExtraTreesRegressor,"{'mode': 'original', 'type': 'ExtraTreesRegressor'}",3,"['l3_T6W30', 'density_T6W30', 'asp_T6W30']",0.00859408102379383,0.031488990208616605,498.0,0.020041535616205218,0.011447454592411388,0.1301530471048011,1.9647389829672888,3.7801433786587495,3.8257665363589304,498.0,3.80295495750884,0.02281157885009041,0.2593586611454108,1.9647389829672888,completed,88.45420694351196,True,COMPLETE
52,2.904798508672915,2026-06-14 03:26:30.441297,2026-06-14 03:27:44.771554,0 days 00:01:14.330257,18,sqrt,3,11,487,ExtraTreesRegressor,12,True,-0.03362396530772699,-0.028586717765997853,498.0,-0.03110534153686242,0.002518623770864566,0.02863575964790577,1.9647389829672888,2.8929870099541897,2.91661000739164,498.0,2.904798508672915,0.011811498718725309,0.13429208534582382,1.9647389829672888,933603863265835.4,1033710204203059.6,498.0,983657033734447.5,50053170468612.164,569084821534429.4,1.9647389829672888,8.47733140994995,8.674756272460915,498.0,8.576043841205433,0.09871243125548229,1.1223214393478433,1.9647389829672888,2.604807506400143,2.6429725818221432,498.0,2.623890044111143,0.019082537711000342,0.2169609330641419,1.9647389829672888,499.0,0.875751503006012,-0.05769559429207688,-0.049072744813504904,498.0,-0.05338416955279089,0.0043114247392859895,0.04901920008951875,1.9647389829672888,ExtraTreesRegressor,"{'mode': 'original', 'type': 'ExtraTreesRegressor'}",12,"['nodes_T6W30', 're_T6W30', 'pe_T6W30', 'l1_T6W30', 'l2_T6W30', 'l3_T6W30', 'lcc_T6W30', 'lsc_T6W30', 'atd_T6W30', 'density_T6W30', 'diameter_T6W30', 'asp_T6W30']",-0.022379063901417032,-0.0031256475243136086,498.0,-0.01275235571286532,0.009626708188551712,0.10945187807596399,1.9647389829672888,3.5211013368863577,3.5541656381541173,498.0,3.5376334875202375,0.016532150633879878,0.18796403714249466,1.9647389829672888,completed,74.32216811180115,True,COMPLETE
53,2.8358254276541337,2026-06-14 03:27:44.784320,2026-06-14 03:28:53.681411,0 days 00:01:08.897091,12,sqrt,5,10,499,ExtraTreesRegressor,3,False,-0.008025387633782095,-0.005195343445990647,498.0,-0.006610365539886371,0.0014150220938957238,0.016088243526489448,1.9647389829672888,2.8256963278951526,2.845954527413115,498.0,2.8358254276541337,0.010129099758981205,0.11516387223180988,1.9647389829672888,935065793745835.1,1034497192895793.6,498.0,984781493320814.4,49715699574979.22,565247910476085.9,1.9647389829672888,8.21770229411914,8.40043797610698,498.0,8.30907013511306,0.09136784099392023,1.0388163426853732,1.9647389829672888,2.5355484552013756,2.561134906966628,498.0,2.548341681084002,0.012793225882626361,0.14545393628620487,1.9647389829672888,499.0,0.35070140280561124,0.001969741278060808,0.0061100004738475905,498.0,0.004039870875954199,0.002070129597893391,0.02353655765940066,1.9647389829672888,ExtraTreesRegressor,"{'mode': 'original', 'type': 'ExtraTreesRegressor'}",3,"['nodes_T6W30', 'atd_T6W30', 'density_T6W30']",0.10088095377327974,0.12120818130184688,498.0,0.11104456753756331,0.010163613764283562,0.11555628286961847,1.9647389829672888,3.425427688512121,3.456148811740653,498.0,3.440788250126387,0.01536056161426615,0.17464353173002178,1.9647389829672888,completed,68.8891589641571,False,COMPLETE
54,2.9440646574267397,2026-06-14 03:28:53.693952,2026-06-14 03:29:20.791916,0 days 00:00:27.097964,14,log2,2,8,153,ExtraTreesRegressor,11,True,-0.04797939295762466,-0.04206253719196502,498.0,-0.04502096507479484,0.002958427882829824,0.03363615906765499,1.9647389829672888,2.9312645869199896,2.95686472793349,498.0,2.9440646574267397,0.012800070506750088,0.1455317569649242,1.9647389829672888,936767948939349.1,1037887457629003.9,498.0,987327703284176.5,50559754344827.34,574844480554808.9,1.9647389829672888,8.65165012638445,8.853964266513081,498.0,8.752807196448765,0.10115707006431642,1.1501160191360291,1.9647389829672888,2.651550673471353,2.6939649537975128,498.0,2.672757813634433,0.02120714016307972,0.2411168256070809,1.9647389829672888,499.0,0.9418837675350702,-0.0910083414934069,-0.0804605822871702,498.0,-0.08573446189028855,0.00527387960311836,0.059961932573616976,1.9647389829672888,ExtraTreesRegressor,"{'mode': 'original', 'type': 'ExtraTreesRegressor'}",11,"['nodes_T6W30', 're_T6W30', 'pe_T6W30', 'l1_T6W30', 'l2_T6W30', 'l3_T6W30', 'lcc_T6W30', 'atd_T6W30', 'density_T6W30', 'diameter_T6W30', 'asp_T6W30']",-0.0451836107347634,-0.025534028572074638,498.0,-0.03535881965341902,0.009824791081344382,0.11170400249962321,1.9647389829672888,3.5738190937607635,3.6082117480841656,498.0,3.5910154209224645,0.017196327161700945,0.19551546250204171,1.9647389829672888,completed,27.090312004089355,True,COMPLETE
