number,value,datetime_start,datetime_complete,duration,params_et_max_depth,params_et_max_features,params_et_min_samples_leaf,params_et_min_samples_split,params_et_n_estimators,params_regressor,params_rfe_n_features,params_use_scaler,user_attrs_d2mae_ci_lower_val,user_attrs_d2mae_ci_upper_val,user_attrs_d2mae_df_val,user_attrs_d2mae_mean_val,user_attrs_d2mae_samperror_val,user_attrs_d2mae_std_val,user_attrs_d2mae_t_critical_val,user_attrs_mae_ci_lower_val,user_attrs_mae_ci_upper_val,user_attrs_mae_df_val,user_attrs_mae_mean_val,user_attrs_mae_samperror_val,user_attrs_mae_std_val,user_attrs_mae_t_critical_val,user_attrs_mape_ci_lower_val,user_attrs_mape_ci_upper_val,user_attrs_mape_df_val,user_attrs_mape_mean_val,user_attrs_mape_samperror_val,user_attrs_mape_std_val,user_attrs_mape_t_critical_val,user_attrs_max_error_ci_lower_val,user_attrs_max_error_ci_upper_val,user_attrs_max_error_df_val,user_attrs_max_error_mean_val,user_attrs_max_error_samperror_val,user_attrs_max_error_std_val,user_attrs_max_error_t_critical_val,user_attrs_median_ae_ci_lower_val,user_attrs_median_ae_ci_upper_val,user_attrs_median_ae_df_val,user_attrs_median_ae_mean_val,user_attrs_median_ae_samperror_val,user_attrs_median_ae_std_val,user_attrs_median_ae_t_critical_val,user_attrs_n_splits_val,user_attrs_r2_below_zero_val,user_attrs_r2_ci_lower_val,user_attrs_r2_ci_upper_val,user_attrs_r2_df_val,user_attrs_r2_mean_val,user_attrs_r2_samperror_val,user_attrs_r2_std_val,user_attrs_r2_t_critical_val,user_attrs_regressor_final,user_attrs_rfe_estimator,user_attrs_rfe_n_features,user_attrs_rfe_selected_features,user_attrs_rho_ci_lower_val,user_attrs_rho_ci_upper_val,user_attrs_rho_df_val,user_attrs_rho_mean_val,user_attrs_rho_samperror_val,user_attrs_rho_std_val,user_attrs_rho_t_critical_val,user_attrs_rmse_ci_lower_val,user_attrs_rmse_ci_upper_val,user_attrs_rmse_df_val,user_attrs_rmse_mean_val,user_attrs_rmse_samperror_val,user_attrs_rmse_std_val,user_attrs_rmse_t_critical_val,user_attrs_termination_reason,user_attrs_trial_time_seconds,user_attrs_use_scaler_final,state
281,2.8398809234419162,2026-06-14 05:44:49.593548,2026-06-14 05:45:41.052723,0 days 00:00:51.459175,5,sqrt,4,8,350,ExtraTreesRegressor,6,False,-0.010162084060192767,-0.005988761485524423,498.0,-0.008075422772858595,0.0020866612873341726,0.023724516452959386,1.9647389829672888,2.8290012074980115,2.850760639385821,498.0,2.8398809234419162,0.010879715943904467,0.12369808242546342,1.9647389829672888,922816791081854.4,1021437315738124.4,498.0,972127053409989.4,49310262328135.03,560638248768274.1,1.9647389829672888,8.284775096350362,8.478559816304486,498.0,8.381667456327424,0.09689235997706189,1.1016279462291738,1.9647389829672888,2.557848794812505,2.590564703109472,498.0,2.5742067489609886,0.016357954148483723,0.1859834917569479,1.9647389829672888,499.0,0.5571142284569138,-0.01243682936056725,-0.005351228921275433,498.0,-0.008894029140921342,0.0035428002196459087,0.04028024222748564,1.9647389829672888,ExtraTreesRegressor,"{'mode': 'original', 'type': 'ExtraTreesRegressor'}",6,"['nodes_T6W30', 'l1_T6W30', 'lcc_T6W30', 'atd_T6W30', 'density_T6W30', 'asp_T6W30']",0.07429527437564618,0.09399408167059811,498.0,0.08414467802312214,0.009849403647475963,0.11198383767636351,1.9647389829672888,3.446565772308373,3.4782020571413166,498.0,3.4623839147248447,0.015818142416471954,0.17984604511174984,1.9647389829672888,completed,51.45113921165466,False,COMPLETE
282,2.8374603945518015,2026-06-14 05:45:41.066208,2026-06-14 05:46:29.140030,0 days 00:00:48.073822,6,sqrt,5,5,336,ExtraTreesRegressor,2,True,-0.008598447946252611,-0.005796784762522244,498.0,-0.007197616354387428,0.001400831591865184,0.015926903111088634,1.9647389829672888,2.8273858505548133,2.84753493854879,498.0,2.8374603945518015,0.010074543996988363,0.11454359471918277,1.9647389829672888,935652365867269.8,1035092575823835.5,498.0,985372470845552.6,49720104978282.87,565297998175413.9,1.9647389829672888,8.217231526262228,8.399698905107137,498.0,8.308465215684683,0.09123368942245337,1.0372910921889105,1.9647389829672888,2.5367102356058866,2.561878952106077,498.0,2.549294593855982,0.012584358250095337,0.14307919362214577,1.9647389829672888,499.0,0.35671342685370744,0.0016709613919232437,0.005724492121469393,498.0,0.0036977267566963186,0.002026765364773075,0.02304352341930736,1.9647389829672888,ExtraTreesRegressor,"{'mode': 'original', 'type': 'ExtraTreesRegressor'}",2,"['nodes_T6W30', 'density_T6W30']",0.10354858847679996,0.12376806882673283,498.0,0.1136583286517664,0.010109740174966441,0.11494376139145998,1.9647389829672888,3.426057219082545,3.4566849475250976,498.0,3.4413710833038214,0.015313864221276422,0.1741126007758608,1.9647389829672888,completed,48.06593894958496,True,COMPLETE
283,2.8398384833795745,2026-06-14 05:46:29.152814,2026-06-14 05:46:47.363115,0 days 00:00:18.210301,7,sqrt,5,6,103,ExtraTreesRegressor,6,False,-0.010091863456869259,-0.006012188015839049,498.0,-0.008052025736354154,0.0020398377205151047,0.02319215095208578,1.9647389829672888,2.8289804224338257,2.850696544325323,498.0,2.8398384833795745,0.010858060945748618,0.123451873630986,1.9647389829672888,926213641984281.5,1025097878602423.5,498.0,975655760293352.5,49442118309070.99,562137399305126.56,1.9647389829672888,8.276726143011306,8.469121375785072,498.0,8.372923759398189,0.09619761638688282,1.093728985417547,1.9647389829672888,2.5765639513771403,2.610037640342449,498.0,2.5933007958597947,0.01673684448265436,0.19029132553019174,1.9647389829672888,499.0,0.5470941883767535,-0.011465813260279881,-0.004755917387721574,498.0,-0.008110865324000727,0.0033549479362791537,0.038144435800964806,1.9647389829672888,ExtraTreesRegressor,"{'mode': 'original', 'type': 'ExtraTreesRegressor'}",6,"['nodes_T6W30', 'l1_T6W30', 'lcc_T6W30', 'atd_T6W30', 'density_T6W30', 'asp_T6W30']",0.06840044639117739,0.08794454207111578,498.0,0.07817249423114658,0.009772047839969196,0.11110433263207772,1.9647389829672888,3.4453867019593547,3.4768928706831845,498.0,3.4611397863212696,0.015753084361915116,0.17910636067177874,1.9647389829672888,completed,18.202622175216675,False,COMPLETE
284,2.8826889311398975,2026-06-14 05:46:47.375845,2026-06-14 05:47:58.167938,0 days 00:01:10.792093,20,sqrt,2,8,464,ExtraTreesRegressor,6,False,-0.02604040246664178,-0.02047544205487858,498.0,-0.02325792226076018,0.0027824802058816,0.031635703324331646,1.9647389829672888,2.8704731182306937,2.8949047440491014,498.0,2.8826889311398975,0.01221581290920401,0.1388889783453731,1.9647389829672888,920497163213086.8,1019944765612476.8,498.0,970220964412781.8,49723801199695.02,565340022756134.6,1.9647389829672888,8.565456749272677,8.762715618836733,498.0,8.664086184054705,0.09862943478202801,1.121377802154804,1.9647389829672888,2.5951624450137407,2.6361489003866723,498.0,2.6156556727002065,0.020493227686465693,0.23299992211142986,1.9647389829672888,499.0,0.781563126252505,-0.053379422608393345,-0.043390626545431465,498.0,-0.048385024576912405,0.004994398031480939,0.0567843372519144,1.9647389829672888,ExtraTreesRegressor,"{'mode': 'original', 'type': 'ExtraTreesRegressor'}",6,"['nodes_T6W30', 'l1_T6W30', 'l3_T6W30', 'atd_T6W30', 'density_T6W30', 'asp_T6W30']",0.015606476713887703,0.03568118560556287,498.0,0.025643831159725287,0.010037354445837584,0.11412076417954974,1.9647389829672888,3.5119263150782323,3.5456404027546973,498.0,3.5287833589164648,0.016857043838232416,0.19165794483077297,1.9647389829672888,completed,70.78409695625305,False,COMPLETE
285,2.8650587863654766,2026-06-14 05:47:58.180612,2026-06-14 05:48:21.926868,0 days 00:00:23.746256,19,sqrt,3,3,136,ExtraTreesRegressor,4,True,-0.01988494054869781,-0.014160120141829541,498.0,-0.017022530345263676,0.0028624102034341347,0.03254447589491149,1.9647389829672888,2.852861024567428,2.8772565481635253,498.0,2.8650587863654766,0.012197761798048825,0.13868374432574812,1.9647389829672888,921710362431379.2,1021473862064006.5,498.0,971592112247692.9,49881749816313.65,567135836277205.9,1.9647389829672888,8.514829804813097,8.712192072721543,498.0,8.61351093876732,0.09868113395422369,1.1219656013672616,1.9647389829672888,2.59479921949667,2.6355258814982125,498.0,2.615162550497441,0.020363331000771565,0.23152304798928983,1.9647389829672888,499.0,0.749498997995992,-0.0463407070207318,-0.03623766434523143,498.0,-0.041289185682981615,0.005051521337750189,0.057433806731057135,1.9647389829672888,ExtraTreesRegressor,"{'mode': 'original', 'type': 'ExtraTreesRegressor'}",4,"['l1_T6W30', 'lcc_T6W30', 'atd_T6W30', 'density_T6W30']",0.047981052410961705,0.0674216424804006,498.0,0.05770134744568115,0.009720295034719448,0.11051592363293294,1.9647389829672888,3.499950410072945,3.5334584908920674,498.0,3.5167044504825062,0.016754040409561077,0.19048683644195233,1.9647389829672888,completed,23.73847508430481,True,COMPLETE
286,2.8705123141951083,2026-06-14 05:48:21.940419,2026-06-14 05:49:33.610134,0 days 00:01:11.669715,13,log2,3,6,478,ExtraTreesRegressor,6,True,-0.021554325239847905,-0.016393758341659008,498.0,-0.018974041790753456,0.002580283449094448,0.029336805888389716,1.9647389829672888,2.8588839531379935,2.882140675252223,498.0,2.8705123141951083,0.011628361057115006,0.13220988231057176,1.9647389829672888,922921952903177.1,1022296820515244.9,498.0,972609386709211.0,49687433806033.92,564926539823134.8,1.9647389829672888,8.445773564895179,8.64418668027354,498.0,8.54498012258436,0.09920655768918143,1.1279394621564776,1.9647389829672888,2.6095050988442123,2.6479156731222924,498.0,2.6287103859832524,0.019205287139040086,0.21835654568359136,1.9647389829672888,499.0,0.7555110220440882,-0.04298906943154676,-0.033912513847898965,498.0,-0.03845079163972286,0.004538277791823899,0.05159842989073651,1.9647389829672888,ExtraTreesRegressor,"{'mode': 'original', 'type': 'ExtraTreesRegressor'}",6,"['nodes_T6W30', 'l1_T6W30', 'lcc_T6W30', 'atd_T6W30', 'density_T6W30', 'asp_T6W30']",0.027125721802920236,0.04662749203622214,498.0,0.03687660691957119,0.009750885116650954,0.11086372080849112,1.9647389829672888,3.4958571536198684,3.528295978937597,498.0,3.5120765662787328,0.01621941265886423,0.18440832962122136,1.9647389829672888,completed,71.66159796714783,True,COMPLETE
287,2.8866511670004713,2026-06-14 05:49:33.623605,2026-06-14 05:50:45.617280,0 days 00:01:11.993675,9,,3,10,452,ExtraTreesRegressor,4,False,-0.028061146995467592,-0.021207815163480456,498.0,-0.024634481079474024,0.00342666591599357,0.03895984096520275,1.9647389829672888,2.8730646551376933,2.9002376788632493,498.0,2.8866511670004713,0.013586511862778133,0.1544732852348101,1.9647389829672888,903885505651683.1,1002389853813659.1,498.0,953137679732671.1,49252174080988.03,559977808291648.9,1.9647389829672888,8.705724853142357,8.897658108723167,498.0,8.801691480932762,0.09596662779040445,1.091102736111605,1.9647389829672888,2.5977502421903247,2.6410665225230168,498.0,2.6194083823566707,0.021658140166346193,0.24624451789845883,1.9647389829672888,499.0,0.7855711422845691,-0.06547310683052117,-0.05313513266367344,498.0,-0.0593041197470973,0.006168987083423866,0.0701389518496132,1.9647389829672888,ExtraTreesRegressor,"{'mode': 'original', 'type': 'ExtraTreesRegressor'}",4,"['l1_T6W30', 'l3_T6W30', 'atd_T6W30', 'density_T6W30']",0.04436648664885545,0.06480288390188461,498.0,0.05458468527537003,0.010218198626514578,0.11617689124048478,1.9647389829672888,3.5285612628389282,3.5643236249865273,498.0,3.546442443912728,0.017881181073799535,0.20330198157156168,1.9647389829672888,completed,71.98566603660583,False,COMPLETE
288,2.8756296122998215,2026-06-14 05:50:45.630749,2026-06-14 05:51:10.663611,0 days 00:00:25.032862,3,,5,2,143,ExtraTreesRegressor,12,False,-0.023184218624409163,-0.01830712260894296,498.0,-0.02074567061667606,0.002438548007733101,0.02772532978014186,1.9647389829672888,2.8639888023000974,2.8872704222995456,498.0,2.8756296122998215,0.011640809999724144,0.13235142188172555,1.9647389829672888,921035458864138.1,1019831015349204.4,498.0,970433237106671.2,49397778242533.07,561633270223665.5,1.9647389829672888,8.364707585791141,8.570474984020201,498.0,8.467591284905671,0.1028836991145304,1.1697471109469537,1.9647389829672888,2.554573497104751,2.590458966289653,498.0,2.572516231697202,0.017942734592450986,0.2040018208194779,1.9647389829672888,499.0,0.7254509018036072,-0.036174564970202876,-0.02775083687902568,498.0,-0.03196270092461428,0.004211864045588596,0.04788723424051915,1.9647389829672888,ExtraTreesRegressor,"{'mode': 'original', 'type': 'ExtraTreesRegressor'}",12,"['nodes_T6W30', 're_T6W30', 'pe_T6W30', 'l1_T6W30', 'l2_T6W30', 'l3_T6W30', 'lcc_T6W30', 'lsc_T6W30', 'atd_T6W30', 'density_T6W30', 'diameter_T6W30', 'asp_T6W30']",0.029699357003112,0.04956227141369004,498.0,0.03963081420840102,0.009931457205289021,0.11291675429017903,1.9647389829672888,3.4851066415381617,3.5179372037158276,498.0,3.5015219226269947,0.01641528108883297,0.18663527647532496,1.9647389829672888,completed,25.0251681804657,False,COMPLETE
289,2.8333224778811124,2026-06-14 05:51:10.677045,2026-06-14 05:52:06.849338,0 days 00:00:56.172293,14,sqrt,5,3,397,ExtraTreesRegressor,2,False,-0.007148016045060193,-0.004305879118347373,498.0,-0.005726947581703783,0.0014210684633564096,0.016156988364293946,1.9647389829672888,2.8232263160764473,2.8434186396857775,498.0,2.8333224778811124,0.010096161804665132,0.11478938067257037,1.9647389829672888,935692818057956.6,1035356957176158.1,498.0,985524887617057.4,49832069559100.734,566570991332418.1,1.9647389829672888,8.214001719900013,8.396582613973509,498.0,8.305292166936761,0.09129044703674787,1.0379364038944248,1.9647389829672888,2.531617654209064,2.55760552769506,498.0,2.544611590952062,0.012993936742998261,0.14773593966551912,1.9647389829672888,499.0,0.3246492985971944,0.003709068842373256,0.007810682253273048,498.0,0.005759875547823152,0.0020508067054498956,0.023316863987755395,1.9647389829672888,ExtraTreesRegressor,"{'mode': 'original', 'type': 'ExtraTreesRegressor'}",2,"['atd_T6W30', 'density_T6W30']",0.10888527495256105,0.12945828667199386,498.0,0.11917178081227744,0.010286505859716398,0.11695351756110008,1.9647389829672888,3.4224794280965547,3.453161569497839,498.0,3.4378204987971968,0.01534107070064218,0.17442192772377416,1.9647389829672888,completed,56.16426610946655,False,COMPLETE
290,2.8982499463781743,2026-06-14 05:52:06.862930,2026-06-14 05:52:07.273838,0 days 00:00:00.410908,9,sqrt,1,7,50,ExtraTreesRegressor,5,False,,,,,,,,,,,,,,,,,,,,,,,,,,,,,,,,,,,,,,,,,,,,,ExtraTreesRegressor,"{'mode': 'original', 'type': 'ExtraTreesRegressor'}",5,"['nodes_T6W30', 'l3_T6W30', 'atd_T6W30', 'density_T6W30', 'asp_T6W30']",,,,,,,,,,,,,,,pruned,,False,PRUNED
291,2.8487107673508016,2026-06-14 05:52:07.279299,2026-06-14 05:53:03.835104,0 days 00:00:56.555805,20,log2,4,4,378,ExtraTreesRegressor,5,True,-0.013618541445214474,-0.008821679403473417,498.0,-0.011220110424343946,0.0023984310208705283,0.0272692154502114,1.9647389829672888,2.837367470442291,2.8600540642593124,498.0,2.8487107673508016,0.011343296908510755,0.1289688152889324,1.9647389829672888,921469179893884.4,1020373659375597.1,498.0,970921419634740.8,49452239740856.375,562252475995520.6,1.9647389829672888,8.399392940307798,8.598366776138121,498.0,8.49887985822296,0.09948691791516204,1.1311270474317714,1.9647389829672888,2.5840685577588607,2.6203365926709052,498.0,2.602202575214883,0.018134017456022094,0.2061766315908799,1.9647389829672888,499.0,0.6593186372745491,-0.02816216824718031,-0.0198221730516645,498.0,-0.023992170649422405,0.004169997597757905,0.047411229228869575,1.9647389829672888,ExtraTreesRegressor,"{'mode': 'original', 'type': 'ExtraTreesRegressor'}",5,"['nodes_T6W30', 'l1_T6W30', 'lcc_T6W30', 'atd_T6W30', 'density_T6W30']",0.05154734262154704,0.07106510752633509,498.0,0.06130622507394106,0.009758882452394023,0.1109546473640217,1.9647389829672888,3.471672154694121,3.5041007118433716,498.0,3.4878864332687463,0.016214278574625162,0.18434995710684157,1.9647389829672888,completed,56.547884941101074,True,COMPLETE
292,2.8365668455273996,2026-06-14 05:53:03.848530,2026-06-14 05:54:04.374555,0 days 00:01:00.526025,5,log2,5,6,418,ExtraTreesRegressor,6,False,-0.008867881627974188,-0.004922870357121492,498.0,-0.00689537599254784,0.001972505635426348,0.02242661168119574,1.9647389829672888,2.82584693213553,2.847286758919269,498.0,2.8365668455273996,0.01071991339186942,0.12188119038937073,1.9647389829672888,924356669106185.0,1022994470151856.2,498.0,973675569629020.6,49318900522835.6,560736461637579.5,1.9647389829672888,8.259870902768835,8.451843820641262,498.0,8.355857361705048,0.09598645893621308,1.0913282084237017,1.9647389829672888,2.557221859811449,2.589430426969237,498.0,2.573326143390343,0.016104283578894124,0.18309935735603197,1.9647389829672888,499.0,0.5070140280561122,-0.007968372617737845,-0.0014895801235074169,498.0,-0.004728976370622631,0.003239396247115214,0.036830658635798035,1.9647389829672888,ExtraTreesRegressor,"{'mode': 'original', 'type': 'ExtraTreesRegressor'}",6,"['nodes_T6W30', 'l1_T6W30', 'lcc_T6W30', 'atd_T6W30', 'density_T6W30', 'asp_T6W30']",0.08123701917298687,0.10087411937824947,498.0,0.09105556927561817,0.009818550102631298,0.11163304503131735,1.9647389829672888,3.4396927289933528,3.4710907625451863,498.0,3.4553917457692696,0.015699016775916643,0.17849163352781025,1.9647389829672888,completed,60.51799702644348,False,COMPLETE
293,2.884699019582658,2026-06-14 05:54:04.388171,2026-06-14 05:54:21.385172,0 days 00:00:16.997001,12,,1,9,85,ExtraTreesRegressor,2,False,-0.028368425271181004,-0.019606966822326356,498.0,-0.02398769604675368,0.0043807292244273256,0.04980716477165463,1.9647389829672888,2.869253657383779,2.900144381781537,498.0,2.884699019582658,0.015445362198879027,0.17560768095590742,1.9647389829672888,855717994250430.6,949276270337128.9,498.0,902497132293779.8,46779138043349.13,531860363203720.0,1.9647389829672888,8.848499344163011,9.067971596014226,498.0,8.958235470088619,0.10973612592560707,1.2476565031462892,1.9647389829672888,2.5381104769341394,2.5882573147223433,498.0,2.5631838958282414,0.025073418894101755,0.2850748910212545,1.9647389829672888,499.0,0.7555110220440882,-0.07643724219222572,-0.06048378245903636,498.0,-0.06846051232563104,0.00797672986659468,0.09069227483613691,1.9647389829672888,ExtraTreesRegressor,"{'mode': 'original', 'type': 'ExtraTreesRegressor'}",2,"['l3_T6W30', 'density_T6W30']",0.072752976221009,0.09531820177197499,498.0,0.084035588996492,0.011282612775483,0.12827886061291985,1.9647389829672888,3.5407475048957657,3.580236875068084,498.0,3.560492189981925,0.019744685086159244,0.22448928775763918,1.9647389829672888,completed,16.98925232887268,False,COMPLETE
294,2.92818256573024,2026-06-14 05:54:21.398656,2026-06-14 05:54:22.404214,0 days 00:00:01.005558,15,sqrt,1,10,183,ExtraTreesRegressor,13,False,,,,,,,,,,,,,,,,,,,,,,,,,,,,,,,,,,,,,,,,,,,,,ExtraTreesRegressor,"{'mode': 'original', 'type': 'ExtraTreesRegressor'}",13,"['nodes_T6W30', 'edges_T6W30', 're_T6W30', 'pe_T6W30', 'l1_T6W30', 'l2_T6W30', 'l3_T6W30', 'lcc_T6W30', 'lsc_T6W30', 'atd_T6W30', 'density_T6W30', 'diameter_T6W30', 'asp_T6W30']",,,,,,,,,,,,,,,pruned,,False,PRUNED
295,2.8857425560221084,2026-06-14 05:54:22.409710,2026-06-14 05:55:19.388538,0 days 00:00:56.978828,10,log2,4,12,372,ExtraTreesRegressor,11,True,-0.026765127219512137,-0.021902868441814695,498.0,-0.024333997830663416,0.002431129388848721,0.027640983007213724,1.9647389829672888,2.874091257984222,2.897393854059995,498.0,2.8857425560221084,0.011651298037886362,0.13247066674213923,1.9647389829672888,930288678365472.8,1029853514669901.2,498.0,980071096517687.0,49782418152214.28,566006474404471.9,1.9647389829672888,8.432033233936917,8.629635778095114,498.0,8.530834506016015,0.09880127207909817,1.123331524498875,1.9647389829672888,2.5934480238319355,2.63025500148343,498.0,2.6118515126576827,0.01840348882574716,0.20924041486200745,1.9647389829672888,499.0,0.781563126252505,-0.043732119294466514,-0.03542323848188495,498.0,-0.03957767888817573,0.004154440406290784,0.047234350093207325,1.9647389829672888,ExtraTreesRegressor,"{'mode': 'original', 'type': 'ExtraTreesRegressor'}",11,"['nodes_T6W30', 're_T6W30', 'pe_T6W30', 'l1_T6W30', 'l2_T6W30', 'l3_T6W30', 'lcc_T6W30', 'atd_T6W30', 'density_T6W30', 'diameter_T6W30', 'asp_T6W30']",0.0010182356750799149,0.02067466868623694,498.0,0.010846452180658427,0.009828216505578512,0.111742948223155,1.9647389829672888,3.498019498003087,3.5309599037083546,498.0,3.5144897008557208,0.016470202852633963,0.18725971528426405,1.9647389829672888,completed,56.970948934555054,True,COMPLETE
296,2.9327498707967643,2026-06-14 05:55:19.401215,2026-06-14 05:55:55.932890,0 days 00:00:36.531675,20,,4,11,201,ExtraTreesRegressor,7,False,-0.044367978790902124,-0.037722894460078274,498.0,-0.0410454366254902,0.003322542165411926,0.03777599495779731,1.9647389829672888,2.919489013704114,2.9460107278894148,498.0,2.9327498707967643,0.013260857092650595,0.15077071884381435,1.9647389829672888,927390812636746.9,1028215759443214.9,498.0,977803286039980.9,50412473403233.98,573169954294486.5,1.9647389829672888,8.66065771837316,8.859548374432377,498.0,8.760103046402769,0.09944532802960748,1.1306541868242042,1.9647389829672888,2.652676531154732,2.695253650050405,498.0,2.6739650906025685,0.021288559447836707,0.2420425307862253,1.9647389829672888,499.0,0.9078156312625251,-0.08778883936299307,-0.07603147605139406,498.0,-0.08191015770719356,0.005878681655799506,0.06683829355118064,1.9647389829672888,ExtraTreesRegressor,"{'mode': 'original', 'type': 'ExtraTreesRegressor'}",7,"['l1_T6W30', 'l2_T6W30', 'l3_T6W30', 'lcc_T6W30', 'atd_T6W30', 'density_T6W30', 'asp_T6W30']",-0.01618307270734017,0.003737066367209034,498.0,-0.006223003170065568,0.009960069537274602,0.1132420652283125,1.9647389829672888,3.566743625127013,3.6016278743230954,498.0,3.584185749725054,0.017442124598040953,0.19831008248082788,1.9647389829672888,completed,36.523791790008545,False,COMPLETE
