number,value,datetime_start,datetime_complete,duration,params_et_max_depth,params_et_max_features,params_et_min_samples_leaf,params_et_min_samples_split,params_et_n_estimators,params_regressor,params_rfe_n_features,params_use_scaler,user_attrs_d2mae_ci_lower_val,user_attrs_d2mae_ci_upper_val,user_attrs_d2mae_df_val,user_attrs_d2mae_mean_val,user_attrs_d2mae_samperror_val,user_attrs_d2mae_std_val,user_attrs_d2mae_t_critical_val,user_attrs_mae_ci_lower_val,user_attrs_mae_ci_upper_val,user_attrs_mae_df_val,user_attrs_mae_mean_val,user_attrs_mae_samperror_val,user_attrs_mae_std_val,user_attrs_mae_t_critical_val,user_attrs_mape_ci_lower_val,user_attrs_mape_ci_upper_val,user_attrs_mape_df_val,user_attrs_mape_mean_val,user_attrs_mape_samperror_val,user_attrs_mape_std_val,user_attrs_mape_t_critical_val,user_attrs_max_error_ci_lower_val,user_attrs_max_error_ci_upper_val,user_attrs_max_error_df_val,user_attrs_max_error_mean_val,user_attrs_max_error_samperror_val,user_attrs_max_error_std_val,user_attrs_max_error_t_critical_val,user_attrs_median_ae_ci_lower_val,user_attrs_median_ae_ci_upper_val,user_attrs_median_ae_df_val,user_attrs_median_ae_mean_val,user_attrs_median_ae_samperror_val,user_attrs_median_ae_std_val,user_attrs_median_ae_t_critical_val,user_attrs_n_splits_val,user_attrs_r2_below_zero_val,user_attrs_r2_ci_lower_val,user_attrs_r2_ci_upper_val,user_attrs_r2_df_val,user_attrs_r2_mean_val,user_attrs_r2_samperror_val,user_attrs_r2_std_val,user_attrs_r2_t_critical_val,user_attrs_regressor_final,user_attrs_rfe_estimator,user_attrs_rfe_n_features,user_attrs_rfe_selected_features,user_attrs_rho_ci_lower_val,user_attrs_rho_ci_upper_val,user_attrs_rho_df_val,user_attrs_rho_mean_val,user_attrs_rho_samperror_val,user_attrs_rho_std_val,user_attrs_rho_t_critical_val,user_attrs_rmse_ci_lower_val,user_attrs_rmse_ci_upper_val,user_attrs_rmse_df_val,user_attrs_rmse_mean_val,user_attrs_rmse_samperror_val,user_attrs_rmse_std_val,user_attrs_rmse_t_critical_val,user_attrs_termination_reason,user_attrs_trial_time_seconds,user_attrs_use_scaler_final,state
456,2.8416289177640905,2026-06-14 07:17:46.354573,2026-06-14 07:18:49.017539,0 days 00:01:02.662966,2,sqrt,5,4,446,ExtraTreesRegressor,12,True,-0.010167139297784969,-0.0071796442360033555,498.0,-0.008673391766894162,0.0014937475308908065,0.016983320718266165,1.9647389829672888,2.8314123278531755,2.8518455076750056,498.0,2.8416289177640905,0.010216589910915192,0.11615860077813832,1.9647389829672888,934770909195138.0,1033895883240121.0,498.0,984333396217629.5,49562487022491.53,563505944137630.5,1.9647389829672888,8.173995228362669,8.350873622228937,498.0,8.262434425295803,0.08843919693313446,1.0055188139361149,1.9647389829672888,2.555320538339506,2.5848850852428416,498.0,2.5701028117911737,0.014782273451667917,0.1680686232331852,1.9647389829672888,499.0,0.39879759519038077,0.0009550352627058145,0.005140468331988296,498.0,0.003047751797347055,0.0020927165346412407,0.02379336222837836,1.9647389829672888,ExtraTreesRegressor,"{'mode': 'original', 'type': 'ExtraTreesRegressor'}",12,"['nodes_T6W30', 're_T6W30', 'pe_T6W30', 'l1_T6W30', 'l2_T6W30', 'l3_T6W30', 'lcc_T6W30', 'lsc_T6W30', 'atd_T6W30', 'density_T6W30', 'diameter_T6W30', 'asp_T6W30']",0.10082148061002745,0.12075406529157327,498.0,0.11078777295080036,0.009966292340772913,0.11331281605158953,1.9647389829672888,3.427185848890114,3.4576438879055407,498.0,3.4424148683978273,0.015229019507713446,0.1731479498212044,1.9647389829672888,completed,62.6550190448761,True,COMPLETE
457,2.9760375456836567,2026-06-14 07:18:49.031495,2026-06-14 07:18:50.147172,0 days 00:00:01.115677,16,,2,10,157,ExtraTreesRegressor,9,False,,,,,,,,,,,,,,,,,,,,,,,,,,,,,,,,,,,,,,,,,,,,,ExtraTreesRegressor,"{'mode': 'original', 'type': 'ExtraTreesRegressor'}",9,"['nodes_T6W30', 're_T6W30', 'l1_T6W30', 'l2_T6W30', 'l3_T6W30', 'lsc_T6W30', 'density_T6W30', 'diameter_T6W30', 'asp_T6W30']",,,,,,,,,,,,,,,pruned,,False,PRUNED
458,2.907197007181665,2026-06-14 07:18:50.152802,2026-06-14 07:18:52.710061,0 days 00:00:02.557259,16,,5,9,402,ExtraTreesRegressor,10,True,,,,,,,,,,,,,,,,,,,,,,,,,,,,,,,,,,,,,,,,,,,,,ExtraTreesRegressor,"{'mode': 'original', 'type': 'ExtraTreesRegressor'}",10,"['nodes_T6W30', 're_T6W30', 'l1_T6W30', 'l2_T6W30', 'l3_T6W30', 'lcc_T6W30', 'lsc_T6W30', 'atd_T6W30', 'density_T6W30', 'asp_T6W30']",,,,,,,,,,,,,,,pruned,,True,PRUNED
459,2.844062724625857,2026-06-14 07:18:52.716225,2026-06-14 07:19:35.158586,0 days 00:00:42.442361,7,sqrt,4,6,277,ExtraTreesRegressor,5,True,-0.011856839329047492,-0.007274982501948746,498.0,-0.009565910915498119,0.0022909284135493734,0.026046953173335063,1.9647389829672888,2.8328866018260186,2.855238847425696,498.0,2.844062724625857,0.01117612279983856,0.12706811155911465,1.9647389829672888,921153529820444.2,1019882161440265.8,498.0,970517845630355.0,49364315809910.695,561252815552788.0,1.9647389829672888,8.367750142817872,8.566811919409457,498.0,8.467281031113664,0.09953088829579168,1.131626973330154,1.9647389829672888,2.5728623138120157,2.607168467349951,498.0,2.5900153905809833,0.017153076768967792,0.19502372258228426,1.9647389829672888,499.0,0.6412825651302605,-0.023023009896947756,-0.014990714440674631,498.0,-0.019006862168811194,0.004016147728136563,0.04566201684578066,1.9647389829672888,ExtraTreesRegressor,"{'mode': 'original', 'type': 'ExtraTreesRegressor'}",5,"['nodes_T6W30', 'l1_T6W30', 'lcc_T6W30', 'atd_T6W30', 'density_T6W30']",0.05761500308813927,0.07735973060506438,498.0,0.06748736684660182,0.00987236375846255,0.11224488508936217,1.9647389829672888,3.4633484776677705,3.495601396610612,498.0,3.4794749371391913,0.01612645947142079,0.1833514885142134,1.9647389829672888,completed,42.43453001976013,True,COMPLETE
460,2.900610777969313,2026-06-14 07:19:35.172454,2026-06-14 07:20:50.599477,0 days 00:01:15.427023,9,,5,10,460,ExtraTreesRegressor,6,False,-0.0328056440586327,-0.026488877962926802,498.0,-0.02964726101077975,0.003158383047852949,0.03590957048868435,1.9647389829672888,2.887799204976427,2.9134223509621986,498.0,2.900610777969313,0.012811572992885682,0.14566253569898624,1.9647389829672888,929109646223153.0,1029966440670151.0,498.0,979538043446652.0,50428397223498.98,573351001855086.8,1.9647389829672888,8.555843230535833,8.771693848021746,498.0,8.66376853927879,0.10792530874295689,1.2270682254493515,1.9647389829672888,2.6225679724653554,2.6648871332720976,498.0,2.6437275528687265,0.021159580403370924,0.2405760898831956,1.9647389829672888,499.0,0.845691382765531,-0.06699401213717406,-0.055659270808956024,498.0,-0.06132664147306504,0.005667370664109015,0.06443577085644232,1.9647389829672888,ExtraTreesRegressor,"{'mode': 'original', 'type': 'ExtraTreesRegressor'}",6,"['nodes_T6W30', 'l1_T6W30', 'l2_T6W30', 'atd_T6W30', 'density_T6W30', 'asp_T6W30']",0.01730084886749595,0.03709552016527522,498.0,0.027198184516385584,0.009897335648889633,0.1125288056417273,1.9647389829672888,3.5328125595362727,3.5671041221347335,498.0,3.549958340835503,0.017145781299230275,0.19494077596662104,1.9647389829672888,completed,75.41904902458191,False,COMPLETE
461,2.8714677797067685,2026-06-14 07:20:50.614739,2026-06-14 07:21:31.643023,0 days 00:00:41.028284,4,log2,2,4,269,ExtraTreesRegressor,12,True,-0.02139607359307402,-0.017174313902412346,498.0,-0.019285193747743182,0.002110879845330837,0.023999871912490083,1.9647389829672888,2.8604586487483643,2.8824769106651726,498.0,2.8714677797067685,0.011009130958404051,0.12516948013595522,1.9647389829672888,926447568391165.8,1025136165337487.5,498.0,975791866864326.6,49344298473160.83,561025226323070.0,1.9647389829672888,8.299475231954862,8.489997279956729,498.0,8.394736255955795,0.09526102400093264,1.0830802991141848,1.9647389829672888,2.551252824645528,2.5840336634517285,498.0,2.5676432440486283,0.01639041940310028,0.1863526089069018,1.9647389829672888,499.0,0.7134268537074149,-0.028526975591353834,-0.021383525565218168,498.0,-0.024955250578286,0.0035717250130678337,0.04060910572900467,1.9647389829672888,ExtraTreesRegressor,"{'mode': 'original', 'type': 'ExtraTreesRegressor'}",12,"['nodes_T6W30', 're_T6W30', 'pe_T6W30', 'l1_T6W30', 'l2_T6W30', 'l3_T6W30', 'lcc_T6W30', 'lsc_T6W30', 'atd_T6W30', 'density_T6W30', 'diameter_T6W30', 'asp_T6W30']",0.03611948457941685,0.05538560018152302,498.0,0.045752542380469934,0.009633057801053087,0.10952407066762858,1.9647389829672888,3.47397607490402,3.505594386188585,498.0,3.4897852305463024,0.015809155642282732,0.17974386903103884,1.9647389829672888,completed,41.02007079124451,True,COMPLETE
462,2.9023713451655806,2026-06-14 07:21:31.655942,2026-06-14 07:21:32.491213,0 days 00:00:00.835271,15,,4,12,116,ExtraTreesRegressor,8,True,,,,,,,,,,,,,,,,,,,,,,,,,,,,,,,,,,,,,,,,,,,,,ExtraTreesRegressor,"{'mode': 'original', 'type': 'ExtraTreesRegressor'}",8,"['nodes_T6W30', 're_T6W30', 'l1_T6W30', 'l2_T6W30', 'l3_T6W30', 'atd_T6W30', 'density_T6W30', 'asp_T6W30']",,,,,,,,,,,,,,,pruned,,True,PRUNED
463,2.9226984429686755,2026-06-14 07:21:32.496912,2026-06-14 07:21:35.005865,0 days 00:00:02.508953,18,,5,3,411,ExtraTreesRegressor,11,False,,,,,,,,,,,,,,,,,,,,,,,,,,,,,,,,,,,,,,,,,,,,,ExtraTreesRegressor,"{'mode': 'original', 'type': 'ExtraTreesRegressor'}",11,"['nodes_T6W30', 're_T6W30', 'l1_T6W30', 'l2_T6W30', 'l3_T6W30', 'lcc_T6W30', 'lsc_T6W30', 'atd_T6W30', 'density_T6W30', 'diameter_T6W30', 'asp_T6W30']",,,,,,,,,,,,,,,pruned,,False,PRUNED
464,2.8464380895937524,2026-06-14 07:21:35.011494,2026-06-14 07:22:39.799082,0 days 00:01:04.787588,4,,4,9,437,ExtraTreesRegressor,4,True,-0.013036099435439177,-0.00778903384116296,498.0,-0.010412566638301068,0.0026235327971381077,0.029828533930439338,1.9647389829672888,2.834707838814129,2.8581683403733757,498.0,2.8464380895937524,0.011730250779623239,0.133368328299246,1.9647389829672888,907880842582534.0,1005571317331942.5,498.0,956726079957238.2,48845237374704.19,555351098320967.4,1.9647389829672888,8.409139824105864,8.618131709900982,498.0,8.513635767003423,0.10449594289755831,1.1880776873508958,1.9647389829672888,2.5654229128836983,2.6019051545849043,498.0,2.5836640337343013,0.018241120850602827,0.20739435497623326,1.9647389829672888,499.0,0.6292585170340681,-0.027877667238719046,-0.018391529994058083,498.0,-0.023134598616388564,0.004743068622330481,0.05392682092250559,1.9647389829672888,ExtraTreesRegressor,"{'mode': 'original', 'type': 'ExtraTreesRegressor'}",4,"['nodes_T6W30', 'l1_T6W30', 'atd_T6W30', 'density_T6W30']",0.06529736337732443,0.08533399766058421,498.0,0.07531568051895432,0.010018317141629882,0.11390431753359091,1.9647389829672888,3.4695149325585475,3.5027786640092358,498.0,3.4861467982838916,0.01663186572534421,0.1890977584332539,1.9647389829672888,completed,64.77954602241516,True,COMPLETE
465,2.9572989055718675,2026-06-14 07:22:39.813685,2026-06-14 07:22:41.453423,0 days 00:00:01.639738,18,sqrt,1,6,264,ExtraTreesRegressor,10,False,,,,,,,,,,,,,,,,,,,,,,,,,,,,,,,,,,,,,,,,,,,,,ExtraTreesRegressor,"{'mode': 'original', 'type': 'ExtraTreesRegressor'}",10,"['re_T6W30', 'l1_T6W30', 'l2_T6W30', 'l3_T6W30', 'lcc_T6W30', 'lsc_T6W30', 'atd_T6W30', 'density_T6W30', 'diameter_T6W30', 'asp_T6W30']",,,,,,,,,,,,,,,pruned,,False,PRUNED
466,2.8878519715930953,2026-06-14 07:22:41.458970,2026-06-14 07:23:22.595409,0 days 00:00:41.136439,17,log2,4,11,257,ExtraTreesRegressor,10,False,-0.027540050710501317,-0.022616789499314605,498.0,-0.02507842010490796,0.002461630605593355,0.027987769820620238,1.9647389829672888,2.8761167390274123,2.8995872041587782,498.0,2.8878519715930953,0.011735232565682886,0.1334249692433487,1.9647389829672888,926250936888918.5,1025635138218731.8,498.0,975943037553825.1,49692100664906.67,564979600169240.0,1.9647389829672888,8.447992861661687,8.644332627783774,498.0,8.54616274472273,0.09816988306104259,1.1161528802033198,1.9647389829672888,2.5987362041719253,2.637533825899361,498.0,2.618135015035643,0.019398810863717728,0.2205568341626182,1.9647389829672888,499.0,0.8196392785571143,-0.04635119054249554,-0.03798764889970011,498.0,-0.04216941972109783,0.0041817708213977125,0.04754508614165288,1.9647389829672888,ExtraTreesRegressor,"{'mode': 'original', 'type': 'ExtraTreesRegressor'}",10,"['nodes_T6W30', 're_T6W30', 'l1_T6W30', 'l2_T6W30', 'l3_T6W30', 'lcc_T6W30', 'atd_T6W30', 'density_T6W30', 'diameter_T6W30', 'asp_T6W30']",-0.0017937740132145507,0.017474326323311973,498.0,0.007840276155048712,0.009634050168263263,0.1095353534917017,1.9647389829672888,3.5023334098919356,3.535445526860764,498.0,3.51888946837635,0.016556058484414157,0.18823585998063241,1.9647389829672888,completed,41.128644943237305,False,COMPLETE
467,2.849146612245379,2026-06-14 07:23:22.609177,2026-06-14 07:24:17.909992,0 days 00:00:55.300815,4,log2,5,6,377,ExtraTreesRegressor,9,False,-0.01346105872860897,-0.009251360032024526,498.0,-0.011356209380316748,0.0021048493482922225,0.02393130753786898,1.9647389829672888,2.8381662206999523,2.8601270037908058,498.0,2.849146612245379,0.010980391545426795,0.12484272433703089,1.9647389829672888,925484915916676.8,1024325377819907.2,498.0,974905146868292.0,49420230951615.2,561888548676985.1,1.9647389829672888,8.273422953252071,8.470689802717564,498.0,8.372056377984817,0.09863342473274599,1.121423166321969,1.9647389829672888,2.560823922882331,2.5945392178839257,498.0,2.5776815703831284,0.016857647500797535,0.1916648082362261,1.9647389829672888,499.0,0.5771543086172345,-0.014952921614451435,-0.007953644155809788,498.0,-0.011453282885130612,0.003499638729320824,0.039789513093070196,1.9647389829672888,ExtraTreesRegressor,"{'mode': 'original', 'type': 'ExtraTreesRegressor'}",9,"['nodes_T6W30', 're_T6W30', 'l1_T6W30', 'l2_T6W30', 'lcc_T6W30', 'atd_T6W30', 'density_T6W30', 'diameter_T6W30', 'asp_T6W30']",0.06809011652575558,0.08784724474568695,498.0,0.07796868063572127,0.009878564109965677,0.11231538064230262,1.9647389829672888,3.450942998835887,3.4827963742627976,498.0,3.4668696865493422,0.01592668771345531,0.181080162359146,1.9647389829672888,completed,55.29285407066345,False,COMPLETE
468,2.949179270163923,2026-06-14 07:24:17.924930,2026-06-14 07:24:20.668848,0 days 00:00:02.743918,7,,2,10,474,ExtraTreesRegressor,13,True,,,,,,,,,,,,,,,,,,,,,,,,,,,,,,,,,,,,,,,,,,,,,ExtraTreesRegressor,"{'mode': 'original', 'type': 'ExtraTreesRegressor'}",13,"['nodes_T6W30', 'edges_T6W30', 're_T6W30', 'pe_T6W30', 'l1_T6W30', 'l2_T6W30', 'l3_T6W30', 'lcc_T6W30', 'lsc_T6W30', 'atd_T6W30', 'density_T6W30', 'diameter_T6W30', 'asp_T6W30']",,,,,,,,,,,,,,,pruned,,True,PRUNED
469,2.872251940154956,2026-06-14 07:24:20.674521,2026-06-14 07:24:53.834624,0 days 00:00:33.160103,11,log2,5,6,205,ExtraTreesRegressor,13,True,-0.02167076121855357,-0.01741820695922847,498.0,-0.01954448408889102,0.0021262771296625504,0.024174932967044514,1.9647389829672888,2.861117114513745,2.883386765796167,498.0,2.872251940154956,0.011134825641211356,0.12659857914134345,1.9647389829672888,931530214342560.6,1030938155654168.6,498.0,981234184998364.6,49703970655804.02,565114557287604.1,1.9647389829672888,8.34682378776205,8.536734450926177,498.0,8.441779119344114,0.09495533158206429,1.0796046967895485,1.9647389829672888,2.575352672200798,2.610481637238918,498.0,2.592917154719858,0.01756448251906006,0.19970124381975143,1.9647389829672888,499.0,0.7334669338677354,-0.030546698087283077,-0.023560296695196586,498.0,-0.02705349739123983,0.0034932006960432453,0.03971631519202812,1.9647389829672888,ExtraTreesRegressor,"{'mode': 'original', 'type': 'ExtraTreesRegressor'}",13,"['nodes_T6W30', 'edges_T6W30', 're_T6W30', 'pe_T6W30', 'l1_T6W30', 'l2_T6W30', 'l3_T6W30', 'lcc_T6W30', 'lsc_T6W30', 'atd_T6W30', 'density_T6W30', 'diameter_T6W30', 'asp_T6W30']",0.011980646348227084,0.031216434844972968,498.0,0.021598540596600026,0.009617894248372942,0.10935166704983539,1.9647389829672888,3.477493835979468,3.5096416754036692,498.0,3.4935677556915685,0.016073919712100787,0.18275413215744005,1.9647389829672888,completed,33.06113409996033,True,COMPLETE
470,2.937536388775657,2026-06-14 07:24:53.849335,2026-06-14 07:24:56.255524,0 days 00:00:02.406189,13,,3,6,349,ExtraTreesRegressor,9,True,,,,,,,,,,,,,,,,,,,,,,,,,,,,,,,,,,,,,,,,,,,,,ExtraTreesRegressor,"{'mode': 'original', 'type': 'ExtraTreesRegressor'}",9,"['re_T6W30', 'pe_T6W30', 'l1_T6W30', 'l2_T6W30', 'l3_T6W30', 'lsc_T6W30', 'atd_T6W30', 'density_T6W30', 'asp_T6W30']",,,,,,,,,,,,,,,pruned,,True,PRUNED
471,2.9035378298129912,2026-06-14 07:24:56.262009,2026-06-14 07:24:57.166448,0 days 00:00:00.904439,16,log2,2,7,165,ExtraTreesRegressor,13,False,,,,,,,,,,,,,,,,,,,,,,,,,,,,,,,,,,,,,,,,,,,,,ExtraTreesRegressor,"{'mode': 'original', 'type': 'ExtraTreesRegressor'}",13,"['nodes_T6W30', 'edges_T6W30', 're_T6W30', 'pe_T6W30', 'l1_T6W30', 'l2_T6W30', 'l3_T6W30', 'lcc_T6W30', 'lsc_T6W30', 'atd_T6W30', 'density_T6W30', 'diameter_T6W30', 'asp_T6W30']",,,,,,,,,,,,,,,pruned,,False,PRUNED
472,2.890646160860607,2026-06-14 07:24:57.171989,2026-06-14 07:25:22.725155,0 days 00:00:25.553166,9,sqrt,1,4,142,ExtraTreesRegressor,4,True,-0.029718844631977836,-0.022416916888773824,498.0,-0.02606788076037583,0.003650963871602005,0.04151002032133381,1.9647389829672888,2.8766640824657226,2.904628239255491,498.0,2.890646160860607,0.013982078394884145,0.15897072080624325,1.9647389829672888,908088049126322.9,1007921123217156.1,498.0,958004586171739.5,49916537045416.63,567531353361946.1,1.9647389829672888,8.762534752053114,8.96570972561231,498.0,8.864122238832712,0.10158748677959875,1.1550096875552052,1.9647389829672888,2.5480310059048032,2.590867301981383,498.0,2.569449153943093,0.0214181480382898,0.24351590198689965,1.9647389829672888,499.0,0.811623246492986,-0.07407454828955175,-0.060489637408257815,498.0,-0.06728209284890478,0.006792455440646969,0.07722754135315263,1.9647389829672888,ExtraTreesRegressor,"{'mode': 'original', 'type': 'ExtraTreesRegressor'}",4,"['l1_T6W30', 'l3_T6W30', 'atd_T6W30', 'density_T6W30']",0.049264643432392216,0.06965158561593376,498.0,0.05945811452416299,0.010193471091770774,0.11589574891593435,1.9647389829672888,3.540936189261147,3.5777644400050908,498.0,3.559350314633119,0.018414125371971787,0.2093613482005615,1.9647389829672888,completed,25.54534673690796,True,COMPLETE
473,2.9592577515976233,2026-06-14 07:25:22.739037,2026-06-14 07:25:25.021134,0 days 00:00:02.282097,19,sqrt,1,6,376,ExtraTreesRegressor,9,True,,,,,,,,,,,,,,,,,,,,,,,,,,,,,,,,,,,,,,,,,,,,,ExtraTreesRegressor,"{'mode': 'original', 'type': 'ExtraTreesRegressor'}",9,"['nodes_T6W30', 're_T6W30', 'l1_T6W30', 'l2_T6W30', 'l3_T6W30', 'atd_T6W30', 'density_T6W30', 'diameter_T6W30', 'asp_T6W30']",,,,,,,,,,,,,,,pruned,,True,PRUNED
474,3.0767083211922075,2026-06-14 07:25:25.026720,2026-06-14 07:25:25.658300,0 days 00:00:00.631580,20,,1,4,66,ExtraTreesRegressor,11,True,,,,,,,,,,,,,,,,,,,,,,,,,,,,,,,,,,,,,,,,,,,,,ExtraTreesRegressor,"{'mode': 'original', 'type': 'ExtraTreesRegressor'}",11,"['nodes_T6W30', 're_T6W30', 'pe_T6W30', 'l1_T6W30', 'l2_T6W30', 'l3_T6W30', 'lsc_T6W30', 'atd_T6W30', 'density_T6W30', 'diameter_T6W30', 'asp_T6W30']",,,,,,,,,,,,,,,pruned,,True,PRUNED
475,2.8719681788448255,2026-06-14 07:25:25.663948,2026-06-14 07:26:19.341981,0 days 00:00:53.678033,11,log2,5,11,354,ExtraTreesRegressor,13,False,-0.02160251452545222,-0.01730416856883616,498.0,-0.01945334154714419,0.002149172978308029,0.024435249742551523,1.9647389829672888,2.860849549980721,2.88308680770893,498.0,2.8719681788448255,0.011118628864104705,0.1264144281690299,1.9647389829672888,931497250490736.2,1030928712657507.0,498.0,981212981574121.6,49715731083385.31,565248268714245.2,1.9647389829672888,8.342068401406642,8.533164837837496,498.0,8.43761661962207,0.09554821821542707,1.086345584145505,1.9647389829672888,2.572843947896655,2.6075317218832286,498.0,2.590187834889942,0.017343886993286543,0.19719315963166106,1.9647389829672888,499.0,0.7294589178356713,-0.030485985989586083,-0.023396696741738488,498.0,-0.026941341365662286,0.003544644623923798,0.04030121237721828,1.9647389829672888,ExtraTreesRegressor,"{'mode': 'original', 'type': 'ExtraTreesRegressor'}",13,"['nodes_T6W30', 'edges_T6W30', 're_T6W30', 'pe_T6W30', 'l1_T6W30', 'l2_T6W30', 'l3_T6W30', 'lcc_T6W30', 'lsc_T6W30', 'atd_T6W30', 'density_T6W30', 'diameter_T6W30', 'asp_T6W30']",0.013453425684599089,0.03245616574634452,498.0,0.022954795715471807,0.009501370030872718,0.10802683262077284,1.9647389829672888,3.4772739796775096,3.5093664452416333,498.0,3.4933202124595715,0.016046232782061694,0.18243934267472356,1.9647389829672888,completed,53.67008304595947,False,COMPLETE
476,2.839099625782178,2026-06-14 07:26:19.356122,2026-06-14 07:27:16.307665,0 days 00:00:56.951543,6,sqrt,5,7,390,ExtraTreesRegressor,6,False,-0.009826143116338656,-0.005765609394286504,498.0,-0.00779587625531258,0.0020302668610260766,0.023083334051712607,1.9647389829672888,2.828297114957133,2.849902136607223,498.0,2.839099625782178,0.010802510825044714,0.12282029065170559,1.9647389829672888,924890591429575.1,1023679827920585.1,498.0,974285209675080.1,49394618245504.97,561597342302857.5,1.9647389829672888,8.279157665546897,8.47258532614008,498.0,8.375871495843489,0.09671383029659195,1.0995981341234142,1.9647389829672888,2.5654866793931803,2.598415943187217,498.0,2.5819513112901986,0.016464631897018422,0.18719637571451123,1.9647389829672888,499.0,0.5450901803607214,-0.010893794115346507,-0.004147899106126054,498.0,-0.00752084661073628,0.003372947504610226,0.03834908379899339,1.9647389829672888,ExtraTreesRegressor,"{'mode': 'original', 'type': 'ExtraTreesRegressor'}",6,"['nodes_T6W30', 'l1_T6W30', 'lcc_T6W30', 'atd_T6W30', 'density_T6W30', 'asp_T6W30']",0.07207959798204788,0.09191443640802788,498.0,0.08199701719503788,0.009917419212990003,0.11275714785031926,1.9647389829672888,3.444360966750952,3.475893033802696,498.0,3.460127000276824,0.015766033525872195,0.17925358756251394,1.9647389829672888,completed,56.94360303878784,False,COMPLETE
