number,value,datetime_start,datetime_complete,duration,params_et_max_depth,params_et_max_features,params_et_min_samples_leaf,params_et_min_samples_split,params_et_n_estimators,params_regressor,params_rfe_n_features,params_use_scaler,user_attrs_d2mae_ci_lower_val,user_attrs_d2mae_ci_upper_val,user_attrs_d2mae_df_val,user_attrs_d2mae_mean_val,user_attrs_d2mae_samperror_val,user_attrs_d2mae_std_val,user_attrs_d2mae_t_critical_val,user_attrs_mae_ci_lower_val,user_attrs_mae_ci_upper_val,user_attrs_mae_df_val,user_attrs_mae_mean_val,user_attrs_mae_samperror_val,user_attrs_mae_std_val,user_attrs_mae_t_critical_val,user_attrs_mape_ci_lower_val,user_attrs_mape_ci_upper_val,user_attrs_mape_df_val,user_attrs_mape_mean_val,user_attrs_mape_samperror_val,user_attrs_mape_std_val,user_attrs_mape_t_critical_val,user_attrs_max_error_ci_lower_val,user_attrs_max_error_ci_upper_val,user_attrs_max_error_df_val,user_attrs_max_error_mean_val,user_attrs_max_error_samperror_val,user_attrs_max_error_std_val,user_attrs_max_error_t_critical_val,user_attrs_median_ae_ci_lower_val,user_attrs_median_ae_ci_upper_val,user_attrs_median_ae_df_val,user_attrs_median_ae_mean_val,user_attrs_median_ae_samperror_val,user_attrs_median_ae_std_val,user_attrs_median_ae_t_critical_val,user_attrs_n_splits_val,user_attrs_r2_below_zero_val,user_attrs_r2_ci_lower_val,user_attrs_r2_ci_upper_val,user_attrs_r2_df_val,user_attrs_r2_mean_val,user_attrs_r2_samperror_val,user_attrs_r2_std_val,user_attrs_r2_t_critical_val,user_attrs_regressor_final,user_attrs_rfe_estimator,user_attrs_rfe_n_features,user_attrs_rfe_selected_features,user_attrs_rho_ci_lower_val,user_attrs_rho_ci_upper_val,user_attrs_rho_df_val,user_attrs_rho_mean_val,user_attrs_rho_samperror_val,user_attrs_rho_std_val,user_attrs_rho_t_critical_val,user_attrs_rmse_ci_lower_val,user_attrs_rmse_ci_upper_val,user_attrs_rmse_df_val,user_attrs_rmse_mean_val,user_attrs_rmse_samperror_val,user_attrs_rmse_std_val,user_attrs_rmse_t_critical_val,user_attrs_termination_reason,user_attrs_trial_time_seconds,user_attrs_use_scaler_final,state
314,2.895957203516805,2026-06-14 06:04:20.664951,2026-06-14 06:05:10.989359,0 days 00:00:50.324408,12,sqrt,2,4,313,ExtraTreesRegressor,7,False,-0.030762652731524183,-0.025178649401422774,498.0,-0.02797065106647348,0.0027920016650507034,0.03174395856253668,1.9647389829672888,2.883703459086459,2.9082109479471505,498.0,2.895957203516805,0.012253744430345843,0.13932024479138305,1.9647389829672888,924585210711674.6,1024263469488754.9,498.0,974424340100214.8,49839129388540.12,566651258810760.9,1.9647389829672888,8.573695756027663,8.771140271954076,498.0,8.67241801399087,0.09872225796320666,1.1224331651418187,1.9647389829672888,2.6116764841297644,2.651598195455388,498.0,2.6316373397925763,0.019960855662812055,0.22694706201816484,1.9647389829672888,499.0,0.8296593186372746,-0.059591594013997926,-0.04968717958342134,498.0,-0.05463938679870963,0.004952207215288297,0.05630464429982781,1.9647389829672888,ExtraTreesRegressor,"{'mode': 'original', 'type': 'ExtraTreesRegressor'}",7,"['nodes_T6W30', 'l1_T6W30', 'l2_T6W30', 'l3_T6W30', 'atd_T6W30', 'density_T6W30', 'asp_T6W30']",0.008061050087856526,0.027643792002050034,498.0,0.01785242104495328,0.009791370957096755,0.11132402885829223,1.9647389829672888,3.522486253055788,3.5561329112918263,498.0,3.539309582173807,0.016823329118019183,0.1912746217494177,1.9647389829672888,completed,50.31626605987549,False,COMPLETE
315,2.8482369736133593,2026-06-14 06:05:11.002919,2026-06-14 06:06:06.097489,0 days 00:00:55.094570,10,sqrt,4,6,368,ExtraTreesRegressor,5,True,-0.013433291907934655,-0.008667089186995967,498.0,-0.01105019054746531,0.002383101360469345,0.027094923253095506,1.9647389829672888,2.8369101456314842,2.8595638015952343,498.0,2.8482369736133593,0.011326827981875141,0.12878157008373267,1.9647389829672888,921399772571478.4,1020304493518233.4,498.0,970852133044855.9,49452360473377.46,562253848676702.9,1.9647389829672888,8.397013945377479,8.59599477260389,498.0,8.496504358990684,0.09949041361320528,1.1311667921408168,1.9647389829672888,2.583536405961448,2.619361261659572,498.0,2.60144883381051,0.017912427849062083,0.2036572450914812,1.9647389829672888,499.0,0.6633266533066132,-0.02751545047689,-0.019214562245766693,498.0,-0.023365006361328346,0.004150444115561654,0.04718891384261431,1.9647389829672888,ExtraTreesRegressor,"{'mode': 'original', 'type': 'ExtraTreesRegressor'}",5,"['nodes_T6W30', 'l1_T6W30', 'lcc_T6W30', 'atd_T6W30', 'density_T6W30']",0.05206627388549402,0.07163716815428929,498.0,0.061851721019891656,0.009785447134397638,0.11125667732886928,1.9647389829672888,3.4706247163979387,3.5030412409965934,498.0,3.486832978697266,0.01620826229932744,0.18428155442780939,1.9647389829672888,completed,55.08656620979309,True,COMPLETE
316,2.8664955750647994,2026-06-14 06:06:06.110262,2026-06-14 06:06:36.539774,0 days 00:00:30.429512,11,sqrt,3,2,185,ExtraTreesRegressor,6,True,-0.0201227277679006,-0.014981367782182061,498.0,-0.01755204777504133,0.00257067999285927,0.029227618375859674,1.9647389829672888,2.8549169375366685,2.87807421259293,498.0,2.8664955750647994,0.011578637528131,0.13164454538280077,1.9647389829672888,923763936692008.2,1023206399438390.2,498.0,973485168065199.2,49721231373190.984,565310804841590.2,1.9647389829672888,8.428635890686298,8.625705570888687,498.0,8.527170730787493,0.0985348401011952,1.1203022979148958,1.9647389829672888,2.606278236430774,2.6435215179906812,498.0,2.6248998772107277,0.018621640779953423,0.21172071660442568,1.9647389829672888,499.0,0.7294589178356713,-0.03948617827691481,-0.030568891569868514,498.0,-0.03502753492339166,0.0044586433535231465,0.05069301771236517,1.9647389829672888,ExtraTreesRegressor,"{'mode': 'original', 'type': 'ExtraTreesRegressor'}",6,"['nodes_T6W30', 'l1_T6W30', 'lcc_T6W30', 'atd_T6W30', 'density_T6W30', 'asp_T6W30']",0.030119197217572197,0.04970701842438058,498.0,0.03991310782097639,0.00979391060340419,0.11135290363589566,1.9647389829672888,3.4901548958623336,3.5225230813647497,498.0,3.5063389886135417,0.016184092751207982,0.18400675619126705,1.9647389829672888,completed,30.42169499397278,True,COMPLETE
317,2.891297450522633,2026-06-14 06:06:36.552515,2026-06-14 06:06:57.905081,0 days 00:00:21.352566,5,log2,1,2,121,ExtraTreesRegressor,10,True,-0.028987508349482,-0.02367870311460385,498.0,-0.026333105732042925,0.0026544026174390753,0.03017951162100926,1.9647389829672888,2.879402714525126,2.9031921865201404,498.0,2.891297450522633,0.011894735997507438,0.13523846040053578,1.9647389829672888,918796071008042.9,1017364110563352.9,498.0,968080090785697.9,49284019777655.05,560339881311893.44,1.9647389829672888,8.423726440010785,8.622232291997175,498.0,8.52297936600398,0.09925292599319425,1.1284666514986699,1.9647389829672888,2.5702941350358692,2.6055778836290884,498.0,2.587936009332479,0.017641874296609388,0.2005811578292448,1.9647389829672888,499.0,0.779559118236473,-0.04917397295406655,-0.039497508985909764,498.0,-0.04433574096998816,0.004838231984078394,0.05500879084029309,1.9647389829672888,ExtraTreesRegressor,"{'mode': 'original', 'type': 'ExtraTreesRegressor'}",10,"['nodes_T6W30', 'pe_T6W30', 'l1_T6W30', 'l2_T6W30', 'l3_T6W30', 'lcc_T6W30', 'atd_T6W30', 'density_T6W30', 'diameter_T6W30', 'asp_T6W30']",0.023722368696584863,0.04337303074348514,498.0,0.033547699720035004,0.00982533102345014,0.11171014142856654,1.9647389829672888,3.5053869549070207,3.5385219369460064,498.0,3.5219544459265135,0.016567491019492682,0.18836584339874438,1.9647389829672888,completed,21.344871044158936,True,COMPLETE
318,2.917853166875123,2026-06-14 06:06:57.917819,2026-06-14 06:06:59.105941,0 days 00:00:01.188122,6,,3,7,189,ExtraTreesRegressor,11,False,,,,,,,,,,,,,,,,,,,,,,,,,,,,,,,,,,,,,,,,,,,,,ExtraTreesRegressor,"{'mode': 'original', 'type': 'ExtraTreesRegressor'}",11,"['nodes_T6W30', 're_T6W30', 'pe_T6W30', 'l1_T6W30', 'l2_T6W30', 'l3_T6W30', 'lsc_T6W30', 'atd_T6W30', 'density_T6W30', 'diameter_T6W30', 'asp_T6W30']",,,,,,,,,,,,,,,pruned,,False,PRUNED
319,2.8636856636133055,2026-06-14 06:06:59.111508,2026-06-14 06:08:10.116100,0 days 00:01:11.004592,8,sqrt,3,5,479,ExtraTreesRegressor,6,False,-0.019026219202736568,-0.014058209623611803,498.0,-0.016542214413174185,0.002484004789562382,0.02824215547435174,1.9647389829672888,2.852194925000806,2.875176402225805,498.0,2.8636856636133055,0.011490738612499562,0.13064516935433207,1.9647389829672888,921759747685055.0,1020830713633264.0,498.0,971295230659159.5,49535482974104.51,563198918750164.4,1.9647389829672888,8.414198575369705,8.613279905167653,498.0,8.513739240268679,0.0995406648989749,1.1317381294552435,1.9647389829672888,2.598588391529172,2.635629878385923,498.0,2.6171091349575475,0.018520743428375338,0.21057355348211923,1.9647389829672888,499.0,0.7214428857715431,-0.036703723157626884,-0.027890288012275107,498.0,-0.032297005584950994,0.004406717572675888,0.05010264204884893,1.9647389829672888,ExtraTreesRegressor,"{'mode': 'original', 'type': 'ExtraTreesRegressor'}",6,"['nodes_T6W30', 'l1_T6W30', 'lcc_T6W30', 'atd_T6W30', 'density_T6W30', 'asp_T6W30']",0.035133886387594765,0.05477774547022958,498.0,0.04495581592891217,0.009821929541317408,0.11167146791729173,1.9647389829672888,3.485568452440203,3.5179801727014133,498.0,3.501774312570808,0.016205860130605314,0.184254242716169,1.9647389829672888,completed,70.99647164344788,False,COMPLETE
320,2.875606590353713,2026-06-14 06:08:10.130164,2026-06-14 06:08:33.849497,0 days 00:00:23.719333,18,sqrt,5,9,137,ExtraTreesRegressor,9,True,-0.023147120475382508,-0.018336741427521733,498.0,-0.02074193095145212,0.0024051895239303863,0.027346056966376115,1.9647389829672888,2.8640473658136765,2.8871658148937493,498.0,2.875606590353713,0.011559224540036639,0.13142382735911315,1.9647389829672888,932740615921525.0,1032581337567277.2,498.0,982660976744401.1,49920360822876.12,567574828204653.2,1.9647389829672888,8.390086222303704,8.590382298734141,498.0,8.490234260518923,0.10014803821521819,1.1386437246861358,1.9647389829672888,2.5982736362644987,2.636406903433805,498.0,2.617340269849152,0.01906663358465302,0.2167801094156239,1.9647389829672888,499.0,0.7314629258517034,-0.03718540467707383,-0.028985779970351486,498.0,-0.03308559232371266,0.004099812353361172,0.04661325066112008,1.9647389829672888,ExtraTreesRegressor,"{'mode': 'original', 'type': 'ExtraTreesRegressor'}",9,"['nodes_T6W30', 're_T6W30', 'pe_T6W30', 'l1_T6W30', 'lcc_T6W30', 'atd_T6W30', 'density_T6W30', 'diameter_T6W30', 'asp_T6W30']",0.020237662401433196,0.03982428593124903,498.0,0.030030974166341113,0.009793311764907916,0.11134609507820413,1.9647389829672888,3.4871203124353993,3.5198622886254123,498.0,3.503491300530406,0.01637098809500626,0.1861316825920383,1.9647389829672888,completed,23.711388111114502,True,COMPLETE
321,3.049738485082759,2026-06-14 06:08:33.862222,2026-06-14 06:08:35.012808,0 days 00:00:01.150586,15,,1,4,130,ExtraTreesRegressor,10,False,,,,,,,,,,,,,,,,,,,,,,,,,,,,,,,,,,,,,,,,,,,,,ExtraTreesRegressor,"{'mode': 'original', 'type': 'ExtraTreesRegressor'}",10,"['nodes_T6W30', 're_T6W30', 'pe_T6W30', 'l1_T6W30', 'l2_T6W30', 'l3_T6W30', 'lsc_T6W30', 'atd_T6W30', 'density_T6W30', 'asp_T6W30']",,,,,,,,,,,,,,,pruned,,False,PRUNED
322,2.8306036797767904,2026-06-14 06:08:35.019076,2026-06-14 06:08:50.845738,0 days 00:00:15.826662,2,log2,5,3,87,ExtraTreesRegressor,4,True,-0.006462493604749605,-0.003076349551182662,498.0,-0.0047694215779661335,0.0016930720267834716,0.019249561679838215,1.9647389829672888,2.8202370278125652,2.8409703317410155,498.0,2.8306036797767904,0.010366651964224979,0.11786474718259919,1.9647389829672888,928053125567430.9,1026776246125458.9,498.0,977414685846444.9,49361560279014.05,561221486252488.5,1.9647389829672888,8.212555726927016,8.399697304653854,498.0,8.306126515790435,0.09357078886341962,1.0638629917472915,1.9647389829672888,2.533469642287901,2.564364786453084,498.0,2.5489172143704923,0.01544757208259148,0.1756328064627702,1.9647389829672888,499.0,0.35671342685370744,0.003222340065471838,0.00842930479367237,498.0,0.005825822429572104,0.002603482364100266,0.02960056840897085,1.9647389829672888,ExtraTreesRegressor,"{'mode': 'original', 'type': 'ExtraTreesRegressor'}",4,"['nodes_T6W30', 'lcc_T6W30', 'atd_T6W30', 'density_T6W30']",0.12749547302913414,0.14879144450222911,498.0,0.13814345876568163,0.010647985736547495,0.12106340129611169,1.9647389829672888,3.421997565895598,3.4530887044049248,498.0,3.4375431351502614,0.015545569254663459,0.17674699568709581,1.9647389829672888,completed,15.819103956222534,True,COMPLETE
323,2.8456761530594528,2026-06-14 06:08:50.859159,2026-06-14 06:09:16.599471,0 days 00:00:25.740312,3,log2,2,6,160,ExtraTreesRegressor,8,False,-0.012213672740783381,-0.008058162133562807,498.0,-0.010135917437173094,0.0020777553036102877,0.023623258927998526,1.9647389829672888,2.8348164447848037,2.856535861334102,498.0,2.8456761530594528,0.01085970827464913,0.12347060311134819,1.9647389829672888,920107018340119.6,1018279290164963.1,498.0,969193154252541.4,49086135912421.72,558090019753144.2,1.9647389829672888,8.246578577496095,8.435724162850956,498.0,8.341151370173526,0.09457279267742996,1.075255380208088,1.9647389829672888,2.538671241465277,2.5717107234020418,498.0,2.5551909824336594,0.016519740968382407,0.18782294413662087,1.9647389829672888,499.0,0.5250501002004008,-0.013221433514194046,-0.006038011296049829,498.0,-0.009629722405121938,0.003591711109072109,0.04083633976375768,1.9647389829672888,ExtraTreesRegressor,"{'mode': 'original', 'type': 'ExtraTreesRegressor'}",8,"['nodes_T6W30', 'l1_T6W30', 'l3_T6W30', 'lcc_T6W30', 'atd_T6W30', 'density_T6W30', 'diameter_T6W30', 'asp_T6W30']",0.08593149499993805,0.1057569064384355,498.0,0.09584420071918677,0.00991270571924872,0.11270355728413839,1.9647389829672888,3.4478213667016364,3.4793236480419214,498.0,3.463572507371779,0.015751140670142518,0.1790842616623619,1.9647389829672888,completed,25.732616901397705,False,COMPLETE
324,2.987541483711067,2026-06-14 06:09:16.612994,2026-06-14 06:09:18.717168,0 days 00:00:02.104174,15,,1,9,293,ExtraTreesRegressor,9,False,,,,,,,,,,,,,,,,,,,,,,,,,,,,,,,,,,,,,,,,,,,,,ExtraTreesRegressor,"{'mode': 'original', 'type': 'ExtraTreesRegressor'}",9,"['nodes_T6W30', 're_T6W30', 'l1_T6W30', 'l2_T6W30', 'l3_T6W30', 'lsc_T6W30', 'atd_T6W30', 'density_T6W30', 'asp_T6W30']",,,,,,,,,,,,,,,pruned,,False,PRUNED
325,2.875783778375184,2026-06-14 06:09:18.722815,2026-06-14 06:10:06.925995,0 days 00:00:48.203180,4,sqrt,1,5,323,ExtraTreesRegressor,12,True,-0.023063142837956956,-0.018612707592738094,498.0,-0.020837925215347525,0.0022252176226094317,0.025299847377941085,1.9647389829672888,2.86470590038231,2.8868616563680582,498.0,2.875783778375184,0.011077877992874368,0.12595110682366115,1.9647389829672888,922596432023367.1,1020846326390418.9,498.0,971721379206893.0,49124947183525.836,558531288609502.9,1.9647389829672888,8.308247122363674,8.501896506442641,498.0,8.405071814403158,0.09682469203948375,1.100858588447844,1.9647389829672888,2.5544530282543216,2.5889285233684007,498.0,2.571690775811361,0.017237747557039537,0.19598639607265195,1.9647389829672888,499.0,0.7134268537074149,-0.03145466854336339,-0.023781437058895512,498.0,-0.027618052801129448,0.0038366157422339365,0.04362080892227486,1.9647389829672888,ExtraTreesRegressor,"{'mode': 'original', 'type': 'ExtraTreesRegressor'}",12,"['nodes_T6W30', 're_T6W30', 'pe_T6W30', 'l1_T6W30', 'l2_T6W30', 'l3_T6W30', 'lcc_T6W30', 'lsc_T6W30', 'atd_T6W30', 'density_T6W30', 'diameter_T6W30', 'asp_T6W30']",0.035548645098045215,0.0550756634942975,498.0,0.04531215429617136,0.009763509198126144,0.11100725163952707,1.9647389829672888,3.478270213571279,3.510037972896116,498.0,3.4941540932336976,0.015883879662418558,0.1805934516901433,1.9647389829672888,completed,48.195229053497314,True,COMPLETE
326,2.853056673251466,2026-06-14 06:10:06.939534,2026-06-14 06:10:43.943287,0 days 00:00:37.003753,2,,1,10,239,ExtraTreesRegressor,10,False,-0.014902741066596623,-0.010591341816366088,498.0,-0.012747041441481356,0.0021556996251152678,0.024509455144501927,1.9647389829672888,2.8420081227472234,2.864105223755709,498.0,2.853056673251466,0.011048550504242886,0.1256176648363176,1.9647389829672888,919339454772905.0,1017510885432806.0,498.0,968425170102855.5,49085715329950.49,558085237896204.1,1.9647389829672888,8.2716132340789,8.46907497304766,498.0,8.37034410356328,0.09873086948438003,1.1225310747436323,1.9647389829672888,2.5493770938739764,2.5840096913304547,498.0,2.5666933926022155,0.017316298728239216,0.19687949193101564,1.9647389829672888,499.0,0.5731462925851704,-0.016434323238541604,-0.009198174502007082,498.0,-0.012816248870274343,0.0036180743682672606,0.041136079630656755,1.9647389829672888,ExtraTreesRegressor,"{'mode': 'original', 'type': 'ExtraTreesRegressor'}",10,"['nodes_T6W30', 're_T6W30', 'l1_T6W30', 'l2_T6W30', 'l3_T6W30', 'lcc_T6W30', 'atd_T6W30', 'density_T6W30', 'diameter_T6W30', 'asp_T6W30']",0.0761189312671623,0.0962679973256497,498.0,0.086193464296406,0.010074533029243705,0.11454347002024855,1.9647389829672888,3.453191605069733,3.4850113689960547,498.0,3.469101487032894,0.015909881963160996,0.18088908760169406,1.9647389829672888,completed,36.995859146118164,False,COMPLETE
327,2.876045530648149,2026-06-14 06:10:43.956787,2026-06-14 06:11:41.022232,0 days 00:00:57.065445,12,sqrt,5,11,376,ExtraTreesRegressor,11,True,-0.02318639948119487,-0.01858611051452307,498.0,-0.02088625499785897,0.0023001444833359004,0.026151736254618665,1.9647389829672888,2.864597527743394,2.8874935335529037,498.0,2.876045530648149,0.011448002904754723,0.13015928120004683,1.9647389829672888,929789875448184.9,1029271870335387.9,498.0,979530872891786.4,49740997443601.47,565535537272057.2,1.9647389829672888,8.393562058176444,8.589762206852955,498.0,8.4916621325147,0.09810007433825432,1.115359182537866,1.9647389829672888,2.584594117298649,2.6200045875726268,498.0,2.602299352435638,0.01770523513698878,0.20130154561291552,1.9647389829672888,499.0,0.7575150300601202,-0.035213277602568836,-0.02749203448899023,498.0,-0.03135265604577953,0.0038606215567893055,0.04389374557272335,1.9647389829672888,ExtraTreesRegressor,"{'mode': 'original', 'type': 'ExtraTreesRegressor'}",11,"['nodes_T6W30', 're_T6W30', 'pe_T6W30', 'l1_T6W30', 'l2_T6W30', 'l3_T6W30', 'lcc_T6W30', 'atd_T6W30', 'density_T6W30', 'diameter_T6W30', 'asp_T6W30']",0.012426766237331644,0.03204415716565635,498.0,0.022235461701494,0.009808695464162355,0.11152100167578402,1.9647389829672888,3.484404399595014,3.5170371401272242,498.0,3.500720769861119,0.01631637026610513,0.18551069940312548,1.9647389829672888,completed,57.0574209690094,True,COMPLETE
328,2.9573163723937728,2026-06-14 06:11:41.035065,2026-06-14 06:11:44.313115,0 days 00:00:03.278050,18,,1,7,435,ExtraTreesRegressor,4,True,,,,,,,,,,,,,,,,,,,,,,,,,,,,,,,,,,,,,,,,,,,,,ExtraTreesRegressor,"{'mode': 'original', 'type': 'ExtraTreesRegressor'}",4,"['l3_T6W30', 'atd_T6W30', 'density_T6W30', 'asp_T6W30']",,,,,,,,,,,,,,,pruned,,True,PRUNED
329,2.911270099232684,2026-06-14 06:11:44.318693,2026-06-14 06:11:45.569681,0 days 00:00:01.250988,12,sqrt,1,12,225,ExtraTreesRegressor,11,False,,,,,,,,,,,,,,,,,,,,,,,,,,,,,,,,,,,,,,,,,,,,,ExtraTreesRegressor,"{'mode': 'original', 'type': 'ExtraTreesRegressor'}",11,"['nodes_T6W30', 're_T6W30', 'pe_T6W30', 'l1_T6W30', 'l2_T6W30', 'l3_T6W30', 'lcc_T6W30', 'atd_T6W30', 'density_T6W30', 'diameter_T6W30', 'asp_T6W30']",,,,,,,,,,,,,,,pruned,,False,PRUNED
330,2.87874045853043,2026-06-14 06:11:45.575963,2026-06-14 06:12:33.141462,0 days 00:00:47.565499,8,sqrt,2,4,302,ExtraTreesRegressor,7,False,-0.024420597628385343,-0.01931039057861188,498.0,-0.02186549410349861,0.002555103524886731,0.029050520073927975,1.9647389829672888,2.866980405115816,2.8905005119450444,498.0,2.87874045853043,0.01176005341461412,0.13370717251343373,1.9647389829672888,921089728129317.6,1019949734414749.4,498.0,970519731272033.5,49430003142715.9,561999654638435.2,1.9647389829672888,8.474262760765574,8.67102737001679,498.0,8.572645065391182,0.09838230462560803,1.118568029673953,1.9647389829672888,2.5854823872383874,2.622462637886207,498.0,2.6039725125622972,0.01849012532390961,0.21022543770139107,1.9647389829672888,499.0,0.7695390781563126,-0.04344215248936503,-0.03435631142913301,498.0,-0.03889923195924902,0.004542920530116009,0.05165121599534607,1.9647389829672888,ExtraTreesRegressor,"{'mode': 'original', 'type': 'ExtraTreesRegressor'}",7,"['nodes_T6W30', 'l1_T6W30', 'l2_T6W30', 'l3_T6W30', 'atd_T6W30', 'density_T6W30', 'asp_T6W30']",0.02492891690783846,0.04431284985385928,498.0,0.03462088338084887,0.00969196647301041,0.11019383905100572,1.9647389829672888,3.496511215798931,3.529458961979412,498.0,3.5129850888891716,0.016473873090240537,0.18730144443935595,1.9647389829672888,completed,47.55761003494263,False,COMPLETE
