number,value,datetime_start,datetime_complete,duration,params_et_max_depth,params_et_max_features,params_et_min_samples_leaf,params_et_min_samples_split,params_et_n_estimators,params_regressor,params_rfe_n_features,params_use_scaler,user_attrs_d2mae_ci_lower_val,user_attrs_d2mae_ci_upper_val,user_attrs_d2mae_df_val,user_attrs_d2mae_mean_val,user_attrs_d2mae_samperror_val,user_attrs_d2mae_std_val,user_attrs_d2mae_t_critical_val,user_attrs_mae_ci_lower_val,user_attrs_mae_ci_upper_val,user_attrs_mae_df_val,user_attrs_mae_mean_val,user_attrs_mae_samperror_val,user_attrs_mae_std_val,user_attrs_mae_t_critical_val,user_attrs_mape_ci_lower_val,user_attrs_mape_ci_upper_val,user_attrs_mape_df_val,user_attrs_mape_mean_val,user_attrs_mape_samperror_val,user_attrs_mape_std_val,user_attrs_mape_t_critical_val,user_attrs_max_error_ci_lower_val,user_attrs_max_error_ci_upper_val,user_attrs_max_error_df_val,user_attrs_max_error_mean_val,user_attrs_max_error_samperror_val,user_attrs_max_error_std_val,user_attrs_max_error_t_critical_val,user_attrs_median_ae_ci_lower_val,user_attrs_median_ae_ci_upper_val,user_attrs_median_ae_df_val,user_attrs_median_ae_mean_val,user_attrs_median_ae_samperror_val,user_attrs_median_ae_std_val,user_attrs_median_ae_t_critical_val,user_attrs_n_splits_val,user_attrs_r2_below_zero_val,user_attrs_r2_ci_lower_val,user_attrs_r2_ci_upper_val,user_attrs_r2_df_val,user_attrs_r2_mean_val,user_attrs_r2_samperror_val,user_attrs_r2_std_val,user_attrs_r2_t_critical_val,user_attrs_regressor_final,user_attrs_rfe_estimator,user_attrs_rfe_n_features,user_attrs_rfe_selected_features,user_attrs_rho_ci_lower_val,user_attrs_rho_ci_upper_val,user_attrs_rho_df_val,user_attrs_rho_mean_val,user_attrs_rho_samperror_val,user_attrs_rho_std_val,user_attrs_rho_t_critical_val,user_attrs_rmse_ci_lower_val,user_attrs_rmse_ci_upper_val,user_attrs_rmse_df_val,user_attrs_rmse_mean_val,user_attrs_rmse_samperror_val,user_attrs_rmse_std_val,user_attrs_rmse_t_critical_val,user_attrs_termination_reason,user_attrs_trial_time_seconds,user_attrs_use_scaler_final,state
248,2.8381032147309897,2026-06-14 05:25:37.811118,2026-06-14 05:26:45.008447,0 days 00:01:07.197329,4,log2,5,7,475,ExtraTreesRegressor,6,False,-0.009382131612670284,-0.005483234774542614,498.0,-0.007432683193606449,0.0019494484190638356,0.022164460218343465,1.9647389829672888,2.827368826133743,2.8488376033282363,498.0,2.8381032147309897,0.010734388597246519,0.12204576776961615,1.9647389829672888,924515083064870.4,1023245150832487.1,498.0,973880116948678.8,49365033883808.4,561260979770001.3,1.9647389829672888,8.256502275768865,8.450854938949872,498.0,8.353678607359369,0.09717633159050361,1.1048565915565995,1.9647389829672888,2.545499959838602,2.5780310447621018,498.0,2.561765502300352,0.01626554246175008,0.1849328072995969,1.9647389829672888,499.0,0.4909819639278557,-0.0077457476976055,-0.0012559583078308278,498.0,-0.004500853002718164,0.0032448946948873364,0.0368931738199476,1.9647389829672888,ExtraTreesRegressor,"{'mode': 'original', 'type': 'ExtraTreesRegressor'}",6,"['nodes_T6W30', 'lcc_T6W30', 'atd_T6W30', 'density_T6W30', 'diameter_T6W30', 'asp_T6W30']",0.08668293394915524,0.10714859695006146,498.0,0.09691576544960835,0.010232831500453102,0.11634326125013407,1.9647389829672888,3.439277341023319,3.4707819465802268,498.0,3.455029643801773,0.015752302778453724,0.1790974743758563,1.9647389829672888,completed,67.18932509422302,False,COMPLETE
249,2.934216783133047,2026-06-14 05:26:45.022309,2026-06-14 05:27:53.149391,0 days 00:01:08.127082,9,,3,7,393,ExtraTreesRegressor,6,True,-0.045086108237438194,-0.0380210820631266,498.0,-0.041553595150282396,0.003532513087155795,0.04016328158538389,1.9647389829672888,2.9204737225392448,2.9479598437268493,498.0,2.934216783133047,0.013743060593802143,0.15625318260838622,1.9647389829672888,925625331558094.2,1026281829429621.5,498.0,975953580493857.9,50328248935763.67,572212355293455.6,1.9647389829672888,8.712937110663868,8.90739938061128,498.0,8.810168245637573,0.09723113497370596,1.1054796844247874,1.9647389829672888,2.638989888986241,2.6840484906824016,498.0,2.6615191898343213,0.02252930084808024,0.25614927151248457,1.9647389829672888,499.0,0.8917835671342685,-0.09003090666261779,-0.0774797612015323,498.0,-0.08375533393207504,0.0062755727305427505,0.07135078865037729,1.9647389829672888,ExtraTreesRegressor,"{'mode': 'original', 'type': 'ExtraTreesRegressor'}",6,"['l1_T6W30', 'l2_T6W30', 'l3_T6W30', 'atd_T6W30', 'density_T6W30', 'asp_T6W30']",0.0030927575839712947,0.023071087997205794,498.0,0.013081922790588545,0.00998916520661725,0.11357287152170542,1.9647389829672888,3.569193044435227,3.604811131050909,498.0,3.587002087743068,0.017809043307840916,0.20248180360317108,1.9647389829672888,completed,68.11909103393555,True,COMPLETE
250,2.992826787023466,2026-06-14 05:27:53.163434,2026-06-14 05:27:55.029911,0 days 00:00:01.866477,20,sqrt,1,4,308,ExtraTreesRegressor,12,True,,,,,,,,,,,,,,,,,,,,,,,,,,,,,,,,,,,,,,,,,,,,,ExtraTreesRegressor,"{'mode': 'original', 'type': 'ExtraTreesRegressor'}",12,"['nodes_T6W30', 're_T6W30', 'pe_T6W30', 'l1_T6W30', 'l2_T6W30', 'l3_T6W30', 'lcc_T6W30', 'lsc_T6W30', 'atd_T6W30', 'density_T6W30', 'diameter_T6W30', 'asp_T6W30']",,,,,,,,,,,,,,,pruned,,True,PRUNED
251,2.9060529950527094,2026-06-14 05:27:55.036578,2026-06-14 05:27:56.687403,0 days 00:00:01.650825,11,,5,8,252,ExtraTreesRegressor,10,False,,,,,,,,,,,,,,,,,,,,,,,,,,,,,,,,,,,,,,,,,,,,,ExtraTreesRegressor,"{'mode': 'original', 'type': 'ExtraTreesRegressor'}",10,"['nodes_T6W30', 're_T6W30', 'l1_T6W30', 'l2_T6W30', 'l3_T6W30', 'lcc_T6W30', 'lsc_T6W30', 'atd_T6W30', 'density_T6W30', 'asp_T6W30']",,,,,,,,,,,,,,,pruned,,False,PRUNED
252,2.9094089021409517,2026-06-14 05:27:56.693398,2026-06-14 05:28:27.821934,0 days 00:00:31.128536,8,log2,2,10,185,ExtraTreesRegressor,13,True,-0.035332627725552096,-0.030150514774493792,498.0,-0.032741571250022944,0.0025910564755291516,0.029459290953143483,1.9647389829672888,2.8974658928690777,2.9213519114128257,498.0,2.9094089021409517,0.011943009271873811,0.13578730850487108,1.9647389829672888,930565205101274.2,1030416589562487.8,498.0,980490897331881.0,49925692230606.77,567635444209364.4,1.9647389829672888,8.492411201758657,8.690797833665943,498.0,8.5916045177123,0.09919331595364386,1.1277889088421789,1.9647389829672888,2.6031077009423,2.6420658121185983,498.0,2.622586756530449,0.019479055588149254,0.22146918505377367,1.9647389829672888,499.0,0.8997995991983968,-0.06457261968412865,-0.05551771112805668,498.0,-0.060045165406092664,0.004527454278035986,0.05147537080467456,1.9647389829672888,ExtraTreesRegressor,"{'mode': 'original', 'type': 'ExtraTreesRegressor'}",13,"['nodes_T6W30', 'edges_T6W30', 're_T6W30', 'pe_T6W30', 'l1_T6W30', 'l2_T6W30', 'l3_T6W30', 'lcc_T6W30', 'lsc_T6W30', 'atd_T6W30', 'density_T6W30', 'diameter_T6W30', 'asp_T6W30']",-0.0304500588264707,-0.011452349750966416,498.0,-0.020951204288718557,0.00949885453775214,0.10799823245538485,1.9647389829672888,3.5320439829692196,3.565242079779127,498.0,3.5486430313741733,0.016599048404953826,0.18872463843420587,1.9647389829672888,completed,31.120789766311646,True,COMPLETE
253,2.852380505656306,2026-06-14 05:28:27.835164,2026-06-14 05:28:57.243321,0 days 00:00:29.408157,2,,5,10,182,ExtraTreesRegressor,11,False,-0.014635821487408229,-0.01039926625622642,498.0,-0.012517543871817324,0.0021182776155909038,0.02408398164477653,1.9647389829672888,2.841449824930561,2.8633111863820506,498.0,2.852380505656306,0.010930680725744657,0.12427753190901318,1.9647389829672888,922104158249680.1,1020654180569379.6,498.0,971379169409529.9,49275011159849.8,560237456877877.0,1.9647389829672888,8.2677263598792,8.465557289230903,498.0,8.366641824555051,0.09891546467585174,1.1246298493189746,1.9647389829672888,2.544061474933237,2.5779376759116728,498.0,2.560999575422455,0.016938100489217817,0.19257952700685374,1.9647389829672888,499.0,0.5651302605210421,-0.016270156864829872,-0.0092124567461342,498.0,-0.012741306805482036,0.0035288500593478357,0.04012163440286075,1.9647389829672888,ExtraTreesRegressor,"{'mode': 'original', 'type': 'ExtraTreesRegressor'}",11,"['nodes_T6W30', 'edges_T6W30', 're_T6W30', 'l1_T6W30', 'l2_T6W30', 'l3_T6W30', 'lcc_T6W30', 'atd_T6W30', 'density_T6W30', 'diameter_T6W30', 'asp_T6W30']",0.0718656559979845,0.09137387528596377,498.0,0.08161976564197414,0.009754109643989635,0.11090038241349807,1.9647389829672888,3.453158800365073,3.4848505199799042,498.0,3.4690046601724887,0.01584585980741541,0.1801611809229438,1.9647389829672888,completed,29.400309085845947,False,COMPLETE
254,2.8344000420095807,2026-06-14 05:28:57.255962,2026-06-14 05:29:58.624979,0 days 00:01:01.369017,13,log2,3,2,431,ExtraTreesRegressor,2,False,-0.007783247364036341,-0.0044334840817386225,498.0,-0.006108365722887482,0.0016748816411488597,0.0190427441642723,1.9647389829672888,2.8239909225273885,2.844809161491773,498.0,2.8344000420095807,0.010409119482192386,0.11834758612481261,1.9647389829672888,933274915471581.2,1033181580578655.5,498.0,983228248025118.4,49953332553537.11,567949703787622.8,1.9647389829672888,8.265583444631265,8.455783817270305,498.0,8.360683630950785,0.09510018631952087,1.0812516380650385,1.9647389829672888,2.531653028593791,2.559161957508489,498.0,2.54540749305114,0.013754464457349251,0.15638284004248582,1.9647389829672888,499.0,0.43887775551102204,-0.0037363208739276815,0.0017201538999816691,498.0,-0.0010080834869730063,0.0027282373869546754,0.03101898385102854,1.9647389829672888,ExtraTreesRegressor,"{'mode': 'original', 'type': 'ExtraTreesRegressor'}",2,"['atd_T6W30', 'density_T6W30']",0.09105082430958877,0.11126501906911268,498.0,0.10115792168935073,0.01010709737976196,0.11491371385154966,1.9647389829672888,3.433656196752763,3.4649375528298827,498.0,3.449296874791323,0.01564067803855996,0.17782834507622272,1.9647389829672888,completed,61.361061334609985,False,COMPLETE
255,2.8511976054670507,2026-06-14 05:29:58.638442,2026-06-14 05:30:58.932984,0 days 00:01:00.294542,20,sqrt,5,2,414,ExtraTreesRegressor,8,True,-0.014063075119699956,-0.01008583317191392,498.0,-0.012074454145806938,0.0019886209738930174,0.022609836728268887,1.9647389829672888,2.8403293509950482,2.862065859939053,498.0,2.8511976054670507,0.010868254472002617,0.12356777000707474,1.9647389829672888,930819043518295.5,1030061003592589.8,498.0,980440023555442.6,49620980037147.06,564170986661303.0,1.9647389829672888,8.284723642025096,8.47431355035021,498.0,8.379518596187653,0.09479495416255707,1.0777812687368609,1.9647389829672888,2.588798538497223,2.6236203198147714,498.0,2.606209429155997,0.017410890658774103,0.19795496490112055,1.9647389829672888,499.0,0.593186372745491,-0.016061266482685726,-0.009676597388440511,498.0,-0.012868931935563118,0.003192334547122608,0.0362955856545931,1.9647389829672888,ExtraTreesRegressor,"{'mode': 'original', 'type': 'ExtraTreesRegressor'}",8,"['nodes_T6W30', 're_T6W30', 'l1_T6W30', 'lcc_T6W30', 'atd_T6W30', 'density_T6W30', 'diameter_T6W30', 'asp_T6W30']",0.05219647695811462,0.07128597091390826,498.0,0.06174122393601144,0.009544746977896822,0.10852001141294149,1.9647389829672888,3.453635715822748,3.4852265834091654,498.0,3.4694311496159567,0.015795433793208528,0.1795878570150485,1.9647389829672888,completed,60.28666305541992,True,COMPLETE
256,2.8907539779782123,2026-06-14 05:30:58.946412,2026-06-14 05:31:13.772320,0 days 00:00:14.825908,3,,2,6,72,ExtraTreesRegressor,13,True,-0.028686808095554208,-0.023661404445987928,498.0,-0.026174106270771068,0.0025127018247831407,0.028568429454886374,1.9647389829672888,2.87928595781064,2.9022219981457846,498.0,2.8907539779782123,0.01146802016757212,0.13038686958918172,1.9647389829672888,920637306003102.0,1019084918516982.5,498.0,969861112260042.2,49223806256940.22,559655277312403.6,1.9647389829672888,8.392904234219193,8.599485426873672,498.0,8.496194830546433,0.10329059632723953,1.1743733718912557,1.9647389829672888,2.562191582637757,2.5977933699166655,498.0,2.5799924762772113,0.017800893639454154,0.2023891450855183,1.9647389829672888,499.0,0.8056112224448898,-0.04837373751893714,-0.03939356879097124,498.0,-0.04388365315495419,0.004490084363982954,0.05105048960992662,1.9647389829672888,ExtraTreesRegressor,"{'mode': 'original', 'type': 'ExtraTreesRegressor'}",13,"['nodes_T6W30', 'edges_T6W30', 're_T6W30', 'pe_T6W30', 'l1_T6W30', 'l2_T6W30', 'l3_T6W30', 'lcc_T6W30', 'lsc_T6W30', 'atd_T6W30', 'density_T6W30', 'diameter_T6W30', 'asp_T6W30']",0.01144503588832073,0.03107589637830016,498.0,0.021260466133310445,0.009815430244989714,0.1115975734795145,1.9647389829672888,3.5051312427840307,3.5373810475474956,498.0,3.521256145165763,0.016124902381732413,0.18333378501812855,1.9647389829672888,completed,14.818236827850342,True,COMPLETE
257,2.8885086478607516,2026-06-14 05:31:13.785140,2026-06-14 05:31:46.025779,0 days 00:00:32.240639,11,sqrt,4,4,194,ExtraTreesRegressor,9,False,-0.027926374295053097,-0.022750344330723732,498.0,-0.025338359312888414,0.002588014982164682,0.029424710372286913,1.9647389829672888,2.8767016732900426,2.9003156224314606,498.0,2.8885086478607516,0.011806974570709103,0.1342406475659131,1.9647389829672888,927612972230269.1,1027275316771409.6,498.0,977444144500839.4,49831172270570.22,566560789515460.9,1.9647389829672888,8.457639717295008,8.655415773725226,498.0,8.556527745510117,0.09888802821510934,1.1243179075734477,1.9647389829672888,2.611874970699903,2.650964834851897,498.0,2.6314199027759,0.01954493207599728,0.22221817475770897,1.9647389829672888,499.0,0.8056112224448898,-0.049193572351344056,-0.040144982548920766,498.0,-0.04466927745013241,0.0045242949012116425,0.05143944993533884,1.9647389829672888,ExtraTreesRegressor,"{'mode': 'original', 'type': 'ExtraTreesRegressor'}",9,"['nodes_T6W30', 'l1_T6W30', 'l2_T6W30', 'l3_T6W30', 'lcc_T6W30', 'atd_T6W30', 'density_T6W30', 'diameter_T6W30', 'asp_T6W30']",0.0023979831389522033,0.022286400080944326,498.0,0.012342191609948264,0.009944208470996061,0.11306173115580594,1.9647389829672888,3.506288359644372,3.5391699167503172,498.0,3.5227291381973447,0.016440778552972417,0.18692517259366334,1.9647389829672888,completed,32.23288106918335,False,COMPLETE
258,2.890988722459544,2026-06-14 05:31:46.039254,2026-06-14 05:32:30.129537,0 days 00:00:44.090283,10,log2,4,8,276,ExtraTreesRegressor,10,False,-0.028706612244175565,-0.02368146076140275,498.0,-0.026194036502789158,0.002512575741386407,0.028566995936356844,1.9647389829672888,2.8791713246790414,2.9028061202400464,498.0,2.890988722459544,0.011817397780502557,0.13435915535332377,1.9647389829672888,927230630094292.5,1026801463089055.8,498.0,977016046591674.1,49785416497381.57,566040564407331.9,1.9647389829672888,8.464088724076856,8.660228822425804,498.0,8.56215877325133,0.09807004917447419,1.1150178082590463,1.9647389829672888,2.603314780323767,2.641981871748318,498.0,2.6226483260360425,0.019333545712275312,0.21981479511267799,1.9647389829672888,499.0,0.8216432865731463,-0.04910227185103214,-0.040506904210913894,498.0,-0.044804588030973015,0.004297683820059123,0.04886297125340848,1.9647389829672888,ExtraTreesRegressor,"{'mode': 'original', 'type': 'ExtraTreesRegressor'}",10,"['nodes_T6W30', 're_T6W30', 'l1_T6W30', 'l2_T6W30', 'l3_T6W30', 'lcc_T6W30', 'atd_T6W30', 'density_T6W30', 'diameter_T6W30', 'asp_T6W30']",-0.003462407230665569,0.016058498869420818,498.0,0.006298045819377623,0.009760453050043192,0.11097250444029702,1.9647389829672888,3.506655623181288,3.539877788405299,498.0,3.5232667057932936,0.01661108261200539,0.18886146262552342,1.9647389829672888,completed,44.082282066345215,False,COMPLETE
259,2.8373412815247883,2026-06-14 05:32:30.143023,2026-06-14 05:33:13.637414,0 days 00:00:43.494391,11,log2,4,3,299,ExtraTreesRegressor,3,True,-0.008621018678333826,-0.0056755508252225514,498.0,-0.007148284751778189,0.0014727339265556368,0.016744404318747092,1.9647389829672888,2.827143395061401,2.8475391679881756,498.0,2.8373412815247883,0.010197886463387179,0.1159459499510497,1.9647389829672888,934690248933149.6,1034195249187040.9,498.0,984442749060095.2,49752500126945.625,565666318248302.9,1.9647389829672888,8.236998985455875,8.42285771227848,498.0,8.329928348867178,0.09292936341130245,1.056570237151963,1.9647389829672888,2.5347828367156633,2.5598877442605787,498.0,2.547335290488121,0.012552453772457565,0.14271645228543012,1.9647389829672888,499.0,0.3927855711422846,-0.0011905839998754984,0.003325845130565234,498.0,0.001067630565344868,0.0022582145652203663,0.025675009610845016,1.9647389829672888,ExtraTreesRegressor,"{'mode': 'original', 'type': 'ExtraTreesRegressor'}",3,"['nodes_T6W30', 'atd_T6W30', 'density_T6W30']",0.08908069200152188,0.10921231701562414,498.0,0.09914650450857301,0.010065812507051134,0.11444432111980561,1.9647389829672888,3.430422117387727,3.461311990606637,498.0,3.445867053997182,0.015444936609454892,0.17560284217188607,1.9647389829672888,completed,43.486531257629395,True,COMPLETE
260,2.8523817601977335,2026-06-14 05:33:13.650130,2026-06-14 05:34:12.340576,0 days 00:00:58.690446,8,,3,2,387,ExtraTreesRegressor,2,True,-0.015391934306121059,-0.009524434933897322,498.0,-0.01245818462000919,0.0029337496861118677,0.03335557769701361,1.9647389829672888,2.839763183364552,2.865000337030915,498.0,2.8523817601977335,0.01261857683318153,0.14346824542578684,1.9647389829672888,885741891222607.0,981263072051966.0,498.0,933502481637286.5,47760590414679.46,543019089860871.6,1.9647389829672888,8.532184581992118,8.730617932599221,498.0,8.63140125729567,0.09921667530355158,1.1280544954443648,1.9647389829672888,2.5484564480235337,2.5891066910356946,498.0,2.568781569529614,0.020325121506080637,0.23108862109358014,1.9647389829672888,499.0,0.6372745490981964,-0.029394581601393122,-0.018934337215260343,498.0,-0.024164459408326733,0.005230122193066389,0.05946442806676759,1.9647389829672888,ExtraTreesRegressor,"{'mode': 'original', 'type': 'ExtraTreesRegressor'}",2,"['l3_T6W30', 'density_T6W30']",0.07576913444760494,0.09777488055263181,498.0,0.08677200750011838,0.01100287305251343,0.12509833021231198,1.9647389829672888,3.4704367759814887,3.505481254218202,498.0,3.4879590150998454,0.017522239118356677,0.199220953002502,1.9647389829672888,completed,58.68250298500061,True,COMPLETE
261,2.9838884549529374,2026-06-14 05:34:12.354024,2026-06-14 05:34:13.672174,0 days 00:00:01.318150,16,,1,5,161,ExtraTreesRegressor,5,True,,,,,,,,,,,,,,,,,,,,,,,,,,,,,,,,,,,,,,,,,,,,,ExtraTreesRegressor,"{'mode': 'original', 'type': 'ExtraTreesRegressor'}",5,"['l1_T6W30', 'l2_T6W30', 'l3_T6W30', 'density_T6W30', 'asp_T6W30']",,,,,,,,,,,,,,,pruned,,True,PRUNED
262,2.8424748148442216,2026-06-14 05:34:13.677572,2026-06-14 05:34:51.416547,0 days 00:00:37.738975,19,log2,5,6,245,ExtraTreesRegressor,6,False,-0.011050486320899439,-0.0069348096425154455,498.0,-0.008992647981707442,0.0020578383391919963,0.023396810892132375,1.9647389829672888,2.831612608660296,2.853337021028147,498.0,2.8424748148442216,0.010862206183925222,0.12349900335535441,1.9647389829672888,927130461457240.9,1026137836443518.1,498.0,976634148950379.5,49503687493138.625,562837416662650.9,1.9647389829672888,8.289380802369058,8.482109349198572,498.0,8.385745075783815,0.09636427341475705,1.095623810142481,1.9647389829672888,2.5822721670365927,2.6163648881015287,498.0,2.5993185275690607,0.017046360532468018,0.19381040103172667,1.9647389829672888,499.0,0.5731462925851704,-0.013733784047122288,-0.006919408185815278,498.0,-0.010326596116468783,0.0034071879306535042,0.038738383948447884,1.9647389829672888,ExtraTreesRegressor,"{'mode': 'original', 'type': 'ExtraTreesRegressor'}",6,"['nodes_T6W30', 'l1_T6W30', 'lcc_T6W30', 'atd_T6W30', 'density_T6W30', 'asp_T6W30']",0.06195080603040609,0.08149668039070537,498.0,0.07172374321055573,0.009772937180149642,0.1111144440794273,1.9647389829672888,3.4491463661783595,3.480659483703544,498.0,3.4649029249409518,0.015756558762592316,0.17914586323816586,1.9647389829672888,completed,37.73104786872864,False,COMPLETE
263,2.8698882927844886,2026-06-14 05:34:51.431267,2026-06-14 05:35:02.772088,0 days 00:00:11.340821,5,sqrt,4,9,51,ExtraTreesRegressor,10,False,-0.020920669388187853,-0.016454141212469374,498.0,-0.018687405300328613,0.0022332640878592407,0.025391332516600626,1.9647389829672888,2.8584942787961505,2.881282306772827,498.0,2.8698882927844886,0.011394013988338182,0.12954544849822006,1.9647389829672888,926701013080813.1,1025857989107768.4,498.0,976279501094290.8,49578488013477.63,563687869098915.6,1.9647389829672888,8.3529748665124,8.548684189996552,498.0,8.450829528254475,0.0978546617420764,1.1125689380400514,1.9647389829672888,2.5570204621153554,2.589919140942312,498.0,2.5734698015288338,0.01644933941347841,0.18702250620365493,1.9647389829672888,499.0,0.7094188376753507,-0.02900093838245655,-0.021439856167730642,498.0,-0.025220397275093596,0.0037805411073629533,0.04298326242363352,1.9647389829672888,ExtraTreesRegressor,"{'mode': 'original', 'type': 'ExtraTreesRegressor'}",10,"['nodes_T6W30', 're_T6W30', 'pe_T6W30', 'l1_T6W30', 'l2_T6W30', 'l3_T6W30', 'atd_T6W30', 'density_T6W30', 'diameter_T6W30', 'asp_T6W30']",0.03355186884791384,0.05355098591493738,498.0,0.04355142738142561,0.009999558533511766,0.11369103955233245,1.9647389829672888,3.4740884527796245,3.5065572392564714,498.0,3.490322846018048,0.01623439323842342,0.18457865290674172,1.9647389829672888,completed,11.332582950592041,False,COMPLETE
