number,value,datetime_start,datetime_complete,duration,params_et_max_depth,params_et_max_features,params_et_min_samples_leaf,params_et_min_samples_split,params_et_n_estimators,params_regressor,params_rfe_n_features,params_use_scaler,user_attrs_d2mae_ci_lower_val,user_attrs_d2mae_ci_upper_val,user_attrs_d2mae_df_val,user_attrs_d2mae_mean_val,user_attrs_d2mae_samperror_val,user_attrs_d2mae_std_val,user_attrs_d2mae_t_critical_val,user_attrs_mae_ci_lower_val,user_attrs_mae_ci_upper_val,user_attrs_mae_df_val,user_attrs_mae_mean_val,user_attrs_mae_samperror_val,user_attrs_mae_std_val,user_attrs_mae_t_critical_val,user_attrs_mape_ci_lower_val,user_attrs_mape_ci_upper_val,user_attrs_mape_df_val,user_attrs_mape_mean_val,user_attrs_mape_samperror_val,user_attrs_mape_std_val,user_attrs_mape_t_critical_val,user_attrs_max_error_ci_lower_val,user_attrs_max_error_ci_upper_val,user_attrs_max_error_df_val,user_attrs_max_error_mean_val,user_attrs_max_error_samperror_val,user_attrs_max_error_std_val,user_attrs_max_error_t_critical_val,user_attrs_median_ae_ci_lower_val,user_attrs_median_ae_ci_upper_val,user_attrs_median_ae_df_val,user_attrs_median_ae_mean_val,user_attrs_median_ae_samperror_val,user_attrs_median_ae_std_val,user_attrs_median_ae_t_critical_val,user_attrs_n_splits_val,user_attrs_r2_below_zero_val,user_attrs_r2_ci_lower_val,user_attrs_r2_ci_upper_val,user_attrs_r2_df_val,user_attrs_r2_mean_val,user_attrs_r2_samperror_val,user_attrs_r2_std_val,user_attrs_r2_t_critical_val,user_attrs_regressor_final,user_attrs_rfe_estimator,user_attrs_rfe_n_features,user_attrs_rfe_selected_features,user_attrs_rho_ci_lower_val,user_attrs_rho_ci_upper_val,user_attrs_rho_df_val,user_attrs_rho_mean_val,user_attrs_rho_samperror_val,user_attrs_rho_std_val,user_attrs_rho_t_critical_val,user_attrs_rmse_ci_lower_val,user_attrs_rmse_ci_upper_val,user_attrs_rmse_df_val,user_attrs_rmse_mean_val,user_attrs_rmse_samperror_val,user_attrs_rmse_std_val,user_attrs_rmse_t_critical_val,user_attrs_termination_reason,user_attrs_trial_time_seconds,user_attrs_use_scaler_final,state
331,2.8526706982457855,2026-06-14 06:12:33.155016,2026-06-14 06:13:27.706322,0 days 00:00:54.551306,2,,4,4,369,ExtraTreesRegressor,11,True,-0.014750281832242898,-0.010507134240428083,498.0,-0.01262870803633549,0.002121573795907408,0.024121457915901843,1.9647389829672888,2.841777248862313,2.863564147629258,498.0,2.8526706982457855,0.010893449383472482,0.1238542262208004,1.9647389829672888,921381218044363.5,1019767896381808.2,498.0,970574557213085.9,49193339168722.39,559308878526896.25,1.9647389829672888,8.27172842021431,8.470076370226858,498.0,8.370902395220584,0.09917397500627415,1.1275690098931381,1.9647389829672888,2.5427309994052636,2.576939905919281,498.0,2.559835452662272,0.0171044532570088,0.19447089241455467,1.9647389829672888,499.0,0.5671342685370742,-0.016985313365280842,-0.009831191442619668,498.0,-0.013408252403950254,0.0035770609613305867,0.040669773357776155,1.9647389829672888,ExtraTreesRegressor,"{'mode': 'original', 'type': 'ExtraTreesRegressor'}",11,"['nodes_T6W30', 'edges_T6W30', 're_T6W30', 'l1_T6W30', 'l2_T6W30', 'l3_T6W30', 'lcc_T6W30', 'atd_T6W30', 'density_T6W30', 'diameter_T6W30', 'asp_T6W30']",0.07121633450616095,0.09078223092174574,498.0,0.08099928271395335,0.00978294820779239,0.11122826551823152,1.9647389829672888,3.454271982699647,3.4859096633685014,498.0,3.470090823034074,0.01581884033442716,0.1798539801638408,1.9647389829672888,completed,54.54345703125,True,COMPLETE
332,2.8887689727673562,2026-06-14 06:13:27.719771,2026-06-14 06:14:28.500348,0 days 00:01:00.780577,13,sqrt,4,10,395,ExtraTreesRegressor,10,True,-0.02787851845403848,-0.022931855562447277,498.0,-0.025405187008242878,0.0024733314457955997,0.028120803762245832,1.9647389829672888,2.8770154624343958,2.9005224831003167,498.0,2.8887689727673562,0.01175351033296029,0.13363278025375477,1.9647389829672888,927009003400946.4,1026551702340708.4,498.0,976780352870827.4,49771349469880.984,565880627848673.5,1.9647389829672888,8.451021081807719,8.646868349423373,498.0,8.548944715615546,0.09792363380782777,1.113353123244735,1.9647389829672888,2.6016606423511095,2.640735079746889,498.0,2.621197861048999,0.01953721869788992,0.22213047668858452,1.9647389829672888,499.0,0.8176352705410822,-0.04723928818209686,-0.038788968946447476,498.0,-0.04301412856427217,0.004225159617824695,0.048038399656862206,1.9647389829672888,ExtraTreesRegressor,"{'mode': 'original', 'type': 'ExtraTreesRegressor'}",10,"['nodes_T6W30', 're_T6W30', 'l1_T6W30', 'l2_T6W30', 'l3_T6W30', 'lcc_T6W30', 'atd_T6W30', 'density_T6W30', 'diameter_T6W30', 'asp_T6W30']",-0.0016916109661819865,0.017619114004266488,498.0,0.00796375151904225,0.009655362485224236,0.1097776661360491,1.9647389829672888,3.503705721969216,3.5368944787745473,498.0,3.5203001003718817,0.016594378402665803,0.18867154234870795,1.9647389829672888,completed,60.77252769470215,True,COMPLETE
333,2.8628089432781687,2026-06-14 06:14:28.513981,2026-06-14 06:14:50.132251,0 days 00:00:21.618270,5,sqrt,4,11,126,ExtraTreesRegressor,9,False,-0.018545209814772867,-0.013866907353510809,498.0,-0.016206058584141838,0.00233915123063103,0.02659522759822911,1.9647389829672888,2.851421327953092,2.8741965586032454,498.0,2.8628089432781687,0.011387615325076917,0.12947269821874716,1.9647389829672888,919300549966337.4,1017558913188022.4,498.0,968429731577179.9,49129181610842.53,558579432379243.44,1.9647389829672888,8.333240154538291,8.524361157947329,498.0,8.42880065624281,0.09556050170451953,1.086485242575382,1.9647389829672888,2.562778167862312,2.5995882293362116,498.0,2.5811831985992617,0.018405030736950063,0.20925794578469445,1.9647389829672888,499.0,0.6833667334669339,-0.028201124391367686,-0.020287174340427292,498.0,-0.02424414936589749,0.003956975025470197,0.04498924653730009,1.9647389829672888,ExtraTreesRegressor,"{'mode': 'original', 'type': 'ExtraTreesRegressor'}",9,"['nodes_T6W30', 're_T6W30', 'l1_T6W30', 'l3_T6W30', 'lcc_T6W30', 'atd_T6W30', 'density_T6W30', 'diameter_T6W30', 'asp_T6W30']",0.03933546480957713,0.05913396170318845,498.0,0.04923471325638279,0.00989924844680566,0.11255055340017059,1.9647389829672888,3.4723045759857474,3.504640903478834,498.0,3.4884727397322908,0.01616816374654359,0.18382564968608892,1.9647389829672888,completed,21.610500812530518,False,COMPLETE
334,2.846722874555421,2026-06-14 06:14:50.145908,2026-06-14 06:15:40.963699,0 days 00:00:50.817791,4,,4,7,335,ExtraTreesRegressor,4,True,-0.013142172045388817,-0.007883411591499597,498.0,-0.010512791818444207,0.00262938022694461,0.029895016902780826,1.9647389829672888,2.8349766308063455,2.858469118304497,498.0,2.846722874555421,0.011746243749075437,0.13355016205885203,1.9647389829672888,907530887022884.0,1005216718497319.5,498.0,956373802760101.8,48842915737217.69,555324702217737.44,1.9647389829672888,8.412879162043884,8.622337296500985,498.0,8.517608229272435,0.10472906722854976,1.1907282191165267,1.9647389829672888,2.566504127832203,2.603145819007405,498.0,2.584824973419804,0.018320845587600887,0.20830079381520497,1.9647389829672888,499.0,0.627254509018036,-0.028089150264081438,-0.018573866348120464,498.0,-0.02333150830610095,0.004757641957980486,0.05409251400527934,1.9647389829672888,ExtraTreesRegressor,"{'mode': 'original', 'type': 'ExtraTreesRegressor'}",4,"['nodes_T6W30', 'l1_T6W30', 'atd_T6W30', 'density_T6W30']",0.06484522549904714,0.08484974202743101,498.0,0.07484748376323908,0.010002258264191936,0.11372173442616222,1.9647389829672888,3.4698293922053147,3.5031284656947332,498.0,3.486478928950024,0.016649536744709165,0.18929867095902375,1.9647389829672888,completed,50.80958700180054,True,COMPLETE
335,2.991901829392318,2026-06-14 06:15:40.977274,2026-06-14 06:15:44.402826,0 days 00:00:03.425552,11,,1,4,459,ExtraTreesRegressor,9,False,,,,,,,,,,,,,,,,,,,,,,,,,,,,,,,,,,,,,,,,,,,,,ExtraTreesRegressor,"{'mode': 'original', 'type': 'ExtraTreesRegressor'}",9,"['re_T6W30', 'pe_T6W30', 'l1_T6W30', 'l2_T6W30', 'l3_T6W30', 'lsc_T6W30', 'atd_T6W30', 'density_T6W30', 'asp_T6W30']",,,,,,,,,,,,,,,pruned,,False,PRUNED
336,2.878231313020784,2026-06-14 06:15:44.408554,2026-06-14 06:16:39.482716,0 days 00:00:55.074162,7,sqrt,4,12,362,ExtraTreesRegressor,10,True,-0.02404489735180003,-0.01927403164578132,498.0,-0.021659464498790675,0.002385432853009354,0.02712143140439976,1.9647389829672888,2.8666239842367376,2.8898386418048303,498.0,2.878231313020784,0.011607328784046389,0.13197075365491104,1.9647389829672888,924714934848375.5,1023820897876652.5,498.0,974267916362514.0,49552981514138.53,563397870253918.1,1.9647389829672888,8.410107370174925,8.60616956279073,498.0,8.508138466482828,0.09803109630790206,1.1145749295180212,1.9647389829672888,2.586379810240197,2.6238482814203477,498.0,2.6051140458302724,0.018734235590075404,0.2130008752202351,1.9647389829672888,499.0,0.7675350701402806,-0.03870933947112625,-0.030589592950553735,498.0,-0.034649466210839995,0.004059873260286259,0.04615915891344472,1.9647389829672888,ExtraTreesRegressor,"{'mode': 'original', 'type': 'ExtraTreesRegressor'}",10,"['nodes_T6W30', 're_T6W30', 'l1_T6W30', 'l2_T6W30', 'l3_T6W30', 'lcc_T6W30', 'atd_T6W30', 'density_T6W30', 'diameter_T6W30', 'asp_T6W30']",0.01078331385411588,0.03011057796802081,498.0,0.020446945911068343,0.009663632056952464,0.1098716879074387,1.9647389829672888,3.4897723267566025,3.522665143752322,498.0,3.5062187352544623,0.016446408497859926,0.18698918284818986,1.9647389829672888,completed,55.066396951675415,True,COMPLETE
337,2.890139445879115,2026-06-14 06:16:39.495398,2026-06-14 06:17:08.024363,0 days 00:00:28.528965,14,sqrt,4,10,169,ExtraTreesRegressor,10,False,-0.028409863905789198,-0.023371943097519613,498.0,-0.025890903501654405,0.0025189604041347935,0.028639587035516115,1.9647389829672888,2.8783052933447126,2.9019735984135173,498.0,2.890139445879115,0.011834152534402122,0.13454965030186586,1.9647389829672888,925806605217764.9,1025222959870013.1,498.0,975514782543889.0,49708177326124.08,565162385471232.2,1.9647389829672888,8.46152388181086,8.658868795922496,498.0,8.560196338866678,0.09867245705581754,1.1218669484520774,1.9647389829672888,2.602350274215905,2.6419729122509445,498.0,2.622161593233425,0.019811319017519702,0.22524688929579115,1.9647389829672888,499.0,0.8156312625250501,-0.04833111754213147,-0.03975468582636303,498.0,-0.04404290168424725,0.004288215857884217,0.048755324254943534,1.9647389829672888,ExtraTreesRegressor,"{'mode': 'original', 'type': 'ExtraTreesRegressor'}",10,"['nodes_T6W30', 're_T6W30', 'l1_T6W30', 'l2_T6W30', 'l3_T6W30', 'lcc_T6W30', 'atd_T6W30', 'density_T6W30', 'diameter_T6W30', 'asp_T6W30']",-0.0024061446949141183,0.017175008013158317,498.0,0.007384431659122099,0.009790576354036217,0.11131499453465872,1.9647389829672888,3.5053631375754364,3.538670920600434,498.0,3.522017029087935,0.016653891512498527,0.1893481829525105,1.9647389829672888,completed,28.521211862564087,False,COMPLETE
338,2.8664873022103623,2026-06-14 06:17:08.037206,2026-06-14 06:17:21.235760,0 days 00:00:13.198554,6,log2,5,2,64,ExtraTreesRegressor,10,False,-0.019812756339235692,-0.015184828371638901,498.0,-0.017498792355437297,0.002313963983798395,0.026308858528408002,1.9647389829672888,2.855068059388283,2.8779065450324417,498.0,2.8664873022103623,0.011419242822079302,0.12983229039480063,1.9647389829672888,923395211656413.6,1021913950019498.9,498.0,972654580837956.2,49259369181542.59,560059613749258.8,1.9647389829672888,8.357031223569015,8.550002696117447,498.0,8.453516959843231,0.09648573627421622,1.097004794984225,1.9647389829672888,2.562694773159503,2.597775659164058,498.0,2.5802352161617805,0.017540443002277605,0.1994279239882635,1.9647389829672888,499.0,0.7194388777555111,-0.03127005299101166,-0.023460060387132674,498.0,-0.027365056689072166,0.003904996301939492,0.04439826893633857,1.9647389829672888,ExtraTreesRegressor,"{'mode': 'original', 'type': 'ExtraTreesRegressor'}",10,"['nodes_T6W30', 're_T6W30', 'l1_T6W30', 'l3_T6W30', 'lcc_T6W30', 'lsc_T6W30', 'atd_T6W30', 'density_T6W30', 'diameter_T6W30', 'asp_T6W30']",0.026934974186853335,0.046422168762985494,498.0,0.036678571474919416,0.009743597288066081,0.11078086106972199,1.9647389829672888,3.4776061994645446,3.5101775870366514,498.0,3.493891893250598,0.01628569378605316,0.1851619199149884,1.9647389829672888,completed,13.190879106521606,False,COMPLETE
339,2.867588574113426,2026-06-14 06:17:21.248511,2026-06-14 06:18:28.414774,0 days 00:01:07.166263,8,log2,5,11,450,ExtraTreesRegressor,8,False,-0.020300550334237843,-0.015490865629131777,498.0,-0.01789570798168481,0.0024048423525530327,0.027342109764640972,1.9647389829672888,2.856053337862482,2.87912381036437,498.0,2.867588574113426,0.011535236250944029,0.1311510899662692,1.9647389829672888,923706749146500.4,1022860053258688.4,498.0,973283401202594.4,49576652056094.02,563666994987041.9,1.9647389829672888,8.389931335595668,8.584011580600878,498.0,8.486971458098273,0.0970401225026053,1.1033079479092087,1.9647389829672888,2.5894331587207047,2.626596320996315,498.0,2.60801473985851,0.018581581137805076,0.21126525426129558,1.9647389829672888,499.0,0.7294589178356713,-0.03433011227305899,-0.025979240845068124,498.0,-0.030154676559063558,0.004175435713995433,0.04747305846724834,1.9647389829672888,ExtraTreesRegressor,"{'mode': 'original', 'type': 'ExtraTreesRegressor'}",8,"['nodes_T6W30', 'l1_T6W30', 'l3_T6W30', 'lcc_T6W30', 'atd_T6W30', 'density_T6W30', 'diameter_T6W30', 'asp_T6W30']",0.024707297981900044,0.04427808898203659,498.0,0.03449269348196832,0.009785395500068272,0.11125609026689424,1.9647389829672888,3.482106906638752,3.514731841651861,498.0,3.4984193741453065,0.016312467506554507,0.18546632656517006,1.9647389829672888,completed,67.15820074081421,False,COMPLETE
340,2.832877628662895,2026-06-14 06:18:28.427661,2026-06-14 06:19:37.768072,0 days 00:01:09.340411,8,log2,5,10,500,ExtraTreesRegressor,2,False,-0.0069963729260955655,-0.004139057397999316,498.0,-0.0055677151620474406,0.0014286577640481252,0.016243275722103268,1.9647389829672888,2.822766299156245,2.8429889581695447,498.0,2.832877628662895,0.010111329506649697,0.11496183146631951,1.9647389829672888,935022828891598.1,1034615892863197.1,498.0,984819360877397.6,49796531985799.55,566166943129866.1,1.9647389829672888,8.214776194845216,8.397688919574838,498.0,8.306232557210027,0.09145636236481117,1.0398227957848236,1.9647389829672888,2.530113938247155,2.5560235006019494,498.0,2.5430687194245523,0.012954781177397174,0.1472907563164214,1.9647389829672888,499.0,0.32665330661322645,0.00382161022829088,0.007990120236123182,498.0,0.005905865232207031,0.002084255003916151,0.023697157958848313,1.9647389829672888,ExtraTreesRegressor,"{'mode': 'original', 'type': 'ExtraTreesRegressor'}",2,"['atd_T6W30', 'density_T6W30']",0.10975943789206036,0.13032380345002406,498.0,0.12004162067104221,0.010282182778981849,0.11690436583693821,1.9647389829672888,3.42220612895273,3.4529177049526907,498.0,3.4375619169527103,0.015355787999980313,0.17458925761694372,1.9647389829672888,completed,69.33248496055603,False,COMPLETE
341,2.8383276612297785,2026-06-14 06:19:37.781714,2026-06-14 06:19:50.176978,0 days 00:00:12.395264,8,log2,3,10,60,ExtraTreesRegressor,2,True,-0.009272436400276543,-0.005721300267770047,498.0,-0.0074968683340232945,0.0017755680662532478,0.020187509135702074,1.9647389829672888,2.827740435561794,2.848914886897763,498.0,2.8383276612297785,0.010587225667984411,0.12037258326298976,1.9647389829672888,947387760350589.1,1047623674606797.6,498.0,997505717478693.4,50117957128104.28,569821420319475.4,1.9647389829672888,8.185615968821391,8.351394683738778,498.0,8.268505326280085,0.08288935745869425,0.9424193263854292,1.9647389829672888,2.5755669657452853,2.605533810511495,498.0,2.5905503881283902,0.014983422383104726,0.17035560730785718,1.9647389829672888,499.0,0.5150300601202404,-0.005180506237992675,-0.0001322311499859334,498.0,-0.002656368693989304,0.0025241375440033706,0.028698449075434555,1.9647389829672888,ExtraTreesRegressor,"{'mode': 'original', 'type': 'ExtraTreesRegressor'}",2,"['nodes_T6W30', 'l1_T6W30']",0.05213907353484676,0.07252721589098621,498.0,0.06233314471291648,0.010194071178069723,0.11590257166065053,1.9647389829672888,3.4367653420504665,3.4672927513989436,498.0,3.452029046724705,0.015263704674238413,0.1735423064946569,1.9647389829672888,completed,12.387606859207153,True,COMPLETE
342,2.846066979072657,2026-06-14 06:19:50.189694,2026-06-14 06:20:47.523622,0 days 00:00:57.333928,2,,4,11,393,ExtraTreesRegressor,9,True,-0.012426663756275758,-0.008145158611855274,498.0,-0.010285911184065516,0.002140752572210241,0.02433951304382607,1.9647389829672888,2.835174532718476,2.8569594254268385,498.0,2.846066979072657,0.010892446354181138,0.12384282217306647,1.9647389829672888,917116899465346.9,1015189718582117.4,498.0,966153309023732.1,49036409558385.29,557524650705640.5,1.9647389829672888,8.248972588355054,8.444489570814794,498.0,8.346731079584924,0.0977584912298706,1.1114755172184907,1.9647389829672888,2.535970902990098,2.5705542325050046,498.0,2.5532625677475513,0.017291664757453407,0.1965994133917927,1.9647389829672888,499.0,0.5270541082164328,-0.012396925124373289,-0.005185991556088575,498.0,-0.008791458340230932,0.003605466784142357,0.0409927363679917,1.9647389829672888,ExtraTreesRegressor,"{'mode': 'original', 'type': 'ExtraTreesRegressor'}",9,"['nodes_T6W30', 'l1_T6W30', 'l2_T6W30', 'l3_T6W30', 'lcc_T6W30', 'atd_T6W30', 'density_T6W30', 'diameter_T6W30', 'asp_T6W30']",0.08746429014503884,0.10740296930187787,498.0,0.09743362972345836,0.009969339578419521,0.11334746194267012,1.9647389829672888,3.446384864136108,3.4778438855642757,498.0,3.462114374850192,0.015729510714083846,0.17883833758665993,1.9647389829672888,completed,57.325722217559814,True,COMPLETE
343,2.988944321491381,2026-06-14 06:20:47.537399,2026-06-14 06:20:50.002869,0 days 00:00:02.465470,10,,2,9,391,ExtraTreesRegressor,13,False,,,,,,,,,,,,,,,,,,,,,,,,,,,,,,,,,,,,,,,,,,,,,ExtraTreesRegressor,"{'mode': 'original', 'type': 'ExtraTreesRegressor'}",13,"['nodes_T6W30', 'edges_T6W30', 're_T6W30', 'pe_T6W30', 'l1_T6W30', 'l2_T6W30', 'l3_T6W30', 'lcc_T6W30', 'lsc_T6W30', 'atd_T6W30', 'density_T6W30', 'diameter_T6W30', 'asp_T6W30']",,,,,,,,,,,,,,,pruned,,False,PRUNED
344,2.839935288063097,2026-06-14 06:20:50.008422,2026-06-14 06:21:13.244912,0 days 00:00:23.236490,20,sqrt,4,12,145,ExtraTreesRegressor,2,False,-0.009574037517378198,-0.006591185506136426,498.0,-0.008082611511757312,0.0014914260056208865,0.016956925890894568,1.9647389829672888,2.829789897294437,2.850080678831757,498.0,2.839935288063097,0.010145390768660355,0.1153490945913343,1.9647389829672888,934404210691468.4,1033823317727843.6,498.0,984113764209656.0,49709553518187.586,565178032232616.8,1.9647389829672888,8.245185570387259,8.432910840489237,498.0,8.339048205438248,0.09386263505098864,1.0671811678790588,1.9647389829672888,2.5382618308209017,2.564304856256783,498.0,2.5512833435388425,0.01302151271794057,0.1480494676325142,1.9647389829672888,499.0,0.43687374749499,-0.002761078607650024,0.0018408510821988427,498.0,-0.0004601137627255907,0.0023009648449244333,0.026161063442563668,1.9647389829672888,ExtraTreesRegressor,"{'mode': 'original', 'type': 'ExtraTreesRegressor'}",2,"['nodes_T6W30', 'density_T6W30']",0.08728471134105502,0.10733956815852803,498.0,0.09731213974979153,0.010027428408736503,0.11400790904970827,1.9647389829672888,3.4330445129962834,3.463859593292602,498.0,3.4484520531444427,0.01540754014815932,0.17517765914545314,1.9647389829672888,completed,23.228785037994385,False,COMPLETE
345,2.9487388570671365,2026-06-14 06:21:13.257864,2026-06-14 06:21:15.572981,0 days 00:00:02.315117,9,,1,12,355,ExtraTreesRegressor,9,False,,,,,,,,,,,,,,,,,,,,,,,,,,,,,,,,,,,,,,,,,,,,,ExtraTreesRegressor,"{'mode': 'original', 'type': 'ExtraTreesRegressor'}",9,"['nodes_T6W30', 'l1_T6W30', 'l2_T6W30', 'l3_T6W30', 'lsc_T6W30', 'atd_T6W30', 'density_T6W30', 'diameter_T6W30', 'asp_T6W30']",,,,,,,,,,,,,,,pruned,,False,PRUNED
346,2.8797636072435613,2026-06-14 06:21:15.578507,2026-06-14 06:22:10.439831,0 days 00:00:54.861324,13,,4,3,336,ExtraTreesRegressor,4,True,-0.02549042024693676,-0.018859214476201886,498.0,-0.022174817361569323,0.003315602885367435,0.037697098078564195,1.9647389829672888,2.8663423569941875,2.893184857492935,498.0,2.8797636072435613,0.013421250249373622,0.15259432582244334,1.9647389829672888,904915523368937.9,1003362805900608.1,498.0,954139164634773.0,49223641265835.125,559653401428564.06,1.9647389829672888,8.683092540462395,8.873227359979582,498.0,8.778159950220989,0.09506740975859376,1.0808789814850241,1.9647389829672888,2.6021904523989123,2.6452117144647103,498.0,2.6237010834318113,0.021510631032898835,0.24456739718669035,1.9647389829672888,499.0,0.7775551102204409,-0.06023519479855637,-0.04838493056152982,498.0,-0.0543100626800431,0.005925132118513277,0.06736641700542285,1.9647389829672888,ExtraTreesRegressor,"{'mode': 'original', 'type': 'ExtraTreesRegressor'}",4,"['l1_T6W30', 'l3_T6W30', 'atd_T6W30', 'density_T6W30']",0.047467291581208056,0.06759235088556681,498.0,0.057529821233387436,0.010062529652179379,0.11440699635373533,1.9647389829672888,3.5205092990699205,3.5561192240125488,498.0,3.5383142615412346,0.017804962471314047,0.20243540610017854,1.9647389829672888,completed,54.853537797927856,True,COMPLETE
