number,value,datetime_start,datetime_complete,duration,params_et_max_depth,params_et_max_features,params_et_min_samples_leaf,params_et_min_samples_split,params_et_n_estimators,params_regressor,params_rfe_n_features,params_use_scaler,user_attrs_d2mae_ci_lower_val,user_attrs_d2mae_ci_upper_val,user_attrs_d2mae_df_val,user_attrs_d2mae_mean_val,user_attrs_d2mae_samperror_val,user_attrs_d2mae_std_val,user_attrs_d2mae_t_critical_val,user_attrs_mae_ci_lower_val,user_attrs_mae_ci_upper_val,user_attrs_mae_df_val,user_attrs_mae_mean_val,user_attrs_mae_samperror_val,user_attrs_mae_std_val,user_attrs_mae_t_critical_val,user_attrs_mape_ci_lower_val,user_attrs_mape_ci_upper_val,user_attrs_mape_df_val,user_attrs_mape_mean_val,user_attrs_mape_samperror_val,user_attrs_mape_std_val,user_attrs_mape_t_critical_val,user_attrs_max_error_ci_lower_val,user_attrs_max_error_ci_upper_val,user_attrs_max_error_df_val,user_attrs_max_error_mean_val,user_attrs_max_error_samperror_val,user_attrs_max_error_std_val,user_attrs_max_error_t_critical_val,user_attrs_median_ae_ci_lower_val,user_attrs_median_ae_ci_upper_val,user_attrs_median_ae_df_val,user_attrs_median_ae_mean_val,user_attrs_median_ae_samperror_val,user_attrs_median_ae_std_val,user_attrs_median_ae_t_critical_val,user_attrs_n_splits_val,user_attrs_r2_below_zero_val,user_attrs_r2_ci_lower_val,user_attrs_r2_ci_upper_val,user_attrs_r2_df_val,user_attrs_r2_mean_val,user_attrs_r2_samperror_val,user_attrs_r2_std_val,user_attrs_r2_t_critical_val,user_attrs_regressor_final,user_attrs_rfe_estimator,user_attrs_rfe_n_features,user_attrs_rfe_selected_features,user_attrs_rho_ci_lower_val,user_attrs_rho_ci_upper_val,user_attrs_rho_df_val,user_attrs_rho_mean_val,user_attrs_rho_samperror_val,user_attrs_rho_std_val,user_attrs_rho_t_critical_val,user_attrs_rmse_ci_lower_val,user_attrs_rmse_ci_upper_val,user_attrs_rmse_df_val,user_attrs_rmse_mean_val,user_attrs_rmse_samperror_val,user_attrs_rmse_std_val,user_attrs_rmse_t_critical_val,user_attrs_termination_reason,user_attrs_trial_time_seconds,user_attrs_use_scaler_final,state
347,2.8422918305613445,2026-06-14 06:22:10.452549,2026-06-14 06:22:58.660004,0 days 00:00:48.207455,15,sqrt,5,11,324,ExtraTreesRegressor,6,False,-0.011008689027617796,-0.006856341279007087,498.0,-0.008932515153312441,0.0020761738743053544,0.023605278700066085,1.9647389829672888,2.83143055733336,2.853153103789329,498.0,2.8422918305613445,0.010861273227984629,0.12348839601400156,1.9647389829672888,925488530769714.6,1024391531525332.1,498.0,974940031147523.4,49451500377808.79,562244069729063.5,1.9647389829672888,8.294746272985885,8.489110493723418,498.0,8.391928383354651,0.09718211036876669,1.1049222939879488,1.9647389829672888,2.5805787642369853,2.614555477668841,498.0,2.597567120952913,0.016988356715927737,0.19315092049782442,1.9647389829672888,499.0,0.5651302605210421,-0.01409288858454412,-0.007151405728950246,498.0,-0.010622147156747183,0.003470741427796937,0.0394609621635969,1.9647389829672888,ExtraTreesRegressor,"{'mode': 'original', 'type': 'ExtraTreesRegressor'}",6,"['nodes_T6W30', 'l1_T6W30', 'lcc_T6W30', 'atd_T6W30', 'density_T6W30', 'asp_T6W30']",0.06156973305364487,0.0811939068708062,498.0,0.07138181996222553,0.009812086908580663,0.11155956106220186,1.9647389829672888,3.4495955879184845,3.4811582669450662,498.0,3.4653769274317754,0.01578133951329082,0.17942761060714804,1.9647389829672888,completed,48.19967603683472,False,COMPLETE
348,2.8636850373538976,2026-06-14 06:22:58.672936,2026-06-14 06:23:27.502017,0 days 00:00:28.829081,19,sqrt,3,8,174,ExtraTreesRegressor,7,False,-0.018822911442013365,-0.014192069506824199,498.0,-0.01650749047441878,0.002315420967594582,0.02632542385995182,1.9647389829672888,2.8522894222484045,2.8750806524593906,498.0,2.8636850373538976,0.011395615105493011,0.12956365256924654,1.9647389829672888,921761799222256.8,1020623056712867.5,498.0,971192427967562.1,49430628745305.31,562006767493317.6,1.9647389829672888,8.415391887999842,8.606043026353571,498.0,8.510717457176707,0.09532556917686517,1.0838141523263305,1.9647389829672888,2.581891236592174,2.617466030767954,498.0,2.599678633680064,0.017787397087890098,0.20223569461342525,1.9647389829672888,499.0,0.7034068136272545,-0.029428962717681993,-0.021632357083053305,498.0,-0.02553065990036765,0.0038983028173143453,0.0443221666541518,1.9647389829672888,ExtraTreesRegressor,"{'mode': 'original', 'type': 'ExtraTreesRegressor'}",7,"['nodes_T6W30', 'l1_T6W30', 'l2_T6W30', 'l3_T6W30', 'atd_T6W30', 'density_T6W30', 'asp_T6W30']",0.03381964331004163,0.05327007303907644,498.0,0.04354485817455903,0.009725214864517405,0.11057186015875815,1.9647389829672888,3.4745295888782763,3.5069478773887033,498.0,3.49073873313349,0.016209144255213585,0.18429158191864306,1.9647389829672888,completed,28.82127022743225,False,COMPLETE
349,2.8954798557406467,2026-06-14 06:23:27.514839,2026-06-14 06:23:30.016876,0 days 00:00:02.502037,18,log2,2,9,447,ExtraTreesRegressor,10,False,,,,,,,,,,,,,,,,,,,,,,,,,,,,,,,,,,,,,,,,,,,,,ExtraTreesRegressor,"{'mode': 'original', 'type': 'ExtraTreesRegressor'}",10,"['nodes_T6W30', 're_T6W30', 'l1_T6W30', 'l2_T6W30', 'l3_T6W30', 'lcc_T6W30', 'atd_T6W30', 'density_T6W30', 'diameter_T6W30', 'asp_T6W30']",,,,,,,,,,,,,,,pruned,,False,PRUNED
350,2.836516147717768,2026-06-14 06:23:30.022568,2026-06-14 06:24:38.568281,0 days 00:01:08.545713,2,sqrt,4,11,499,ExtraTreesRegressor,2,False,-0.008122244071146834,-0.005588029056261075,498.0,-0.0068551365637039546,0.0012671075074428791,0.0144065129738436,1.9647389829672888,2.826540916166613,2.846491379268923,498.0,2.836516147717768,0.009975231551154816,0.11341445135055693,1.9647389829672888,938506276356193.9,1037979361806744.6,498.0,988242819081469.2,49736542725275.36,565484888880359.6,1.9647389829672888,8.161513757059625,8.334850712135077,498.0,8.248182234597351,0.08666847753772623,0.9853864322769879,1.9647389829672888,2.530355871946511,2.554113949810246,498.0,2.5422349108783786,0.011879038931867522,0.13505999095065532,1.9647389829672888,499.0,0.26452905811623245,0.007196933948422279,0.010515768689212867,498.0,0.008856351318817573,0.001659417370395294,0.018866921500501746,1.9647389829672888,ExtraTreesRegressor,"{'mode': 'original', 'type': 'ExtraTreesRegressor'}",2,"['atd_T6W30', 'density_T6W30']",0.1421500104989271,0.16373360953250435,498.0,0.15294181001571572,0.010791799516788632,0.12269850729831869,1.9647389829672888,3.417378117345736,3.4476755834210335,498.0,3.432526850383385,0.015148733037648725,0.1722351242986521,1.9647389829672888,completed,68.53787279129028,False,COMPLETE
351,2.8479264209874695,2026-06-14 06:24:38.583006,2026-06-14 06:25:49.470377,0 days 00:01:10.887371,17,log2,5,11,489,ExtraTreesRegressor,4,True,-0.013178674785040366,-0.008688581169293335,498.0,-0.01093362797716685,0.0022450468078735156,0.02552529739941896,1.9647389829672888,2.836779398570214,2.859073443404725,498.0,2.8479264209874695,0.01114702241725559,0.12673725167803684,1.9647389829672888,917088726141715.9,1015803298388586.1,498.0,966446012265151.0,49357286123435.164,561172890788064.44,1.9647389829672888,8.381505288043499,8.59194871558309,498.0,8.486727001813295,0.10522171376979586,1.1963294161312175,1.9647389829672888,2.565365068245854,2.5961540844436657,498.0,2.58075957634476,0.015394508098905657,0.17502948988156203,1.9647389829672888,499.0,0.6472945891783567,-0.024166348409258392,-0.016125957649971597,498.0,-0.020146153029614994,0.004020195379643398,0.045708037048174145,1.9647389829672888,ExtraTreesRegressor,"{'mode': 'original', 'type': 'ExtraTreesRegressor'}",4,"['nodes_T6W30', 'lcc_T6W30', 'atd_T6W30', 'density_T6W30']",0.04976106993772229,0.06985001115893089,498.0,0.05980554054832659,0.010044470610604303,0.1142016721683617,1.9647389829672888,3.465212075741659,3.4978080327523116,498.0,3.4815100542469852,0.01629797850532639,0.1853015923315357,1.9647389829672888,completed,70.87944102287292,True,COMPLETE
352,2.8434987010618125,2026-06-14 06:25:49.484055,2026-06-14 06:26:16.418689,0 days 00:00:26.934634,3,sqrt,1,3,171,ExtraTreesRegressor,7,False,-0.011372490727987216,-0.007335174973742116,498.0,-0.009353832850864666,0.00201865787712255,0.022951344480001506,1.9647389829672888,2.832684567806885,2.85431283431674,498.0,2.8434987010618125,0.01081413325492721,0.12295243309889828,1.9647389829672888,922278131292714.2,1020463900791491.2,498.0,971371016042102.8,49092884749388.46,558166751369639.8,1.9647389829672888,8.235568017913026,8.424053922541455,498.0,8.329810970227241,0.0942429523142149,1.071505225273291,1.9647389829672888,2.5363969266558084,2.568480328377968,498.0,2.552438627516888,0.016041700861079713,0.18238781651925545,1.9647389829672888,499.0,0.501002004008016,-0.01079307455491633,-0.003786209762189794,498.0,-0.007289642158553062,0.003503432396363268,0.03983264559220258,1.9647389829672888,ExtraTreesRegressor,"{'mode': 'original', 'type': 'ExtraTreesRegressor'}",7,"['nodes_T6W30', 'l1_T6W30', 'lcc_T6W30', 'atd_T6W30', 'density_T6W30', 'diameter_T6W30', 'asp_T6W30']",0.09820302726135526,0.11853318741211856,498.0,0.10836810733673691,0.01016508007538165,0.11557295424890887,1.9647389829672888,3.4439033177369134,3.4752867747429828,498.0,3.459595046239948,0.015691728503034748,0.17840876873755904,1.9647389829672888,completed,26.926950931549072,False,COMPLETE
353,2.8916312796648076,2026-06-14 06:26:16.432426,2026-06-14 06:26:49.149876,0 days 00:00:32.717450,7,,1,4,197,ExtraTreesRegressor,2,False,-0.030297825133342112,-0.02260290968566561,498.0,-0.02645036740950386,0.0038474577238382527,0.043744077980130865,1.9647389829672888,2.8773925973243095,2.9058699620053057,498.0,2.8916312796648076,0.014238682340498124,0.16188820653646957,1.9647389829672888,912751306488460.6,1012058773071950.6,498.0,962405039780205.6,49653733291744.98,564543378257539.9,1.9647389829672888,8.775019866311892,8.996168822984055,498.0,8.885594344647973,0.11057447833608076,1.257188239646309,1.9647389829672888,2.5914915770042732,2.639359007312053,498.0,2.615425292158163,0.02393371515388996,0.2721169086691221,1.9647389829672888,499.0,0.7635270541082164,-0.07076172017887214,-0.055730329314011035,498.0,-0.06324602474644159,0.007515695432430555,0.08545049502017009,1.9647389829672888,ExtraTreesRegressor,"{'mode': 'original', 'type': 'ExtraTreesRegressor'}",2,"['density_T6W30', 'asp_T6W30']",0.05993764217088729,0.08151113495915777,498.0,0.07072438856502253,0.010786746394135236,0.12264105528525986,1.9647389829672888,3.533028760164293,3.57055053789884,498.0,3.5517896490315666,0.0187608888672736,0.2133039124775284,1.9647389829672888,completed,32.70949983596802,False,COMPLETE
354,2.8778843526782873,2026-06-14 06:26:49.162661,2026-06-14 06:26:49.923818,0 days 00:00:00.761157,8,log2,1,11,116,ExtraTreesRegressor,8,False,,,,,,,,,,,,,,,,,,,,,,,,,,,,,,,,,,,,,,,,,,,,,ExtraTreesRegressor,"{'mode': 'original', 'type': 'ExtraTreesRegressor'}",8,"['nodes_T6W30', 'l1_T6W30', 'l3_T6W30', 'lcc_T6W30', 'atd_T6W30', 'density_T6W30', 'diameter_T6W30', 'asp_T6W30']",,,,,,,,,,,,,,,pruned,,False,PRUNED
355,2.85557269831421,2026-06-14 06:26:49.929404,2026-06-14 06:27:37.106650,0 days 00:00:47.177246,11,log2,4,3,311,ExtraTreesRegressor,7,True,-0.015908040014780245,-0.011383223619561053,498.0,-0.013645631817170649,0.0022624081976095954,0.025722689558338094,1.9647389829672888,2.8443817627471466,2.8667636338812734,498.0,2.85557269831421,0.011190935567063298,0.1272365268845296,1.9647389829672888,927629168884920.2,1026978943924113.8,498.0,977304056404517.0,49674887519596.77,564783893491021.2,1.9647389829672888,8.345282991202819,8.53813362785419,498.0,8.441708309528504,0.0964253183256862,1.0963178667210445,1.9647389829672888,2.591710265951665,2.627353156234431,498.0,2.609531711093048,0.01782144514138295,0.20262280756279824,1.9647389829672888,499.0,0.6653306613226453,-0.024594764932827834,-0.01692379546917347,498.0,-0.02075928020100065,0.003835484731827182,0.04360794977969796,1.9647389829672888,ExtraTreesRegressor,"{'mode': 'original', 'type': 'ExtraTreesRegressor'}",7,"['nodes_T6W30', 'l1_T6W30', 'lcc_T6W30', 'atd_T6W30', 'density_T6W30', 'diameter_T6W30', 'asp_T6W30']",0.0464208379318416,0.06604382848515743,498.0,0.05623233320849952,0.009811495276657914,0.11155283444041107,1.9647389829672888,3.4665545423856643,3.4984826440590484,498.0,3.4825185932223564,0.01596405083669218,0.18150496634499058,1.9647389829672888,completed,47.16945004463196,True,COMPLETE
356,2.940968909183206,2026-06-14 06:27:37.119490,2026-06-14 06:27:37.697243,0 days 00:00:00.577753,9,,4,7,75,ExtraTreesRegressor,12,False,,,,,,,,,,,,,,,,,,,,,,,,,,,,,,,,,,,,,,,,,,,,,ExtraTreesRegressor,"{'mode': 'original', 'type': 'ExtraTreesRegressor'}",12,"['nodes_T6W30', 're_T6W30', 'pe_T6W30', 'l1_T6W30', 'l2_T6W30', 'l3_T6W30', 'lcc_T6W30', 'lsc_T6W30', 'atd_T6W30', 'density_T6W30', 'diameter_T6W30', 'asp_T6W30']",,,,,,,,,,,,,,,pruned,,False,PRUNED
357,2.9474196784867117,2026-06-14 06:27:37.703178,2026-06-14 06:27:40.545130,0 days 00:00:02.841952,20,,2,11,428,ExtraTreesRegressor,7,False,,,,,,,,,,,,,,,,,,,,,,,,,,,,,,,,,,,,,,,,,,,,,ExtraTreesRegressor,"{'mode': 'original', 'type': 'ExtraTreesRegressor'}",7,"['l1_T6W30', 'l2_T6W30', 'l3_T6W30', 'atd_T6W30', 'density_T6W30', 'diameter_T6W30', 'asp_T6W30']",,,,,,,,,,,,,,,pruned,,False,PRUNED
358,2.8972591967648147,2026-06-14 06:27:40.551623,2026-06-14 06:28:15.971306,0 days 00:00:35.419683,18,log2,2,6,212,ExtraTreesRegressor,4,False,-0.031808945009681955,-0.025103986389066277,498.0,-0.028456465699374114,0.0033524793103078382,0.0381163684965929,1.9647389829672888,2.8840693383977545,2.910449055131875,498.0,2.8972591967648147,0.013189858367060107,0.1499634913154968,1.9647389829672888,927011023899981.8,1028048569737066.5,498.0,977529796818524.1,50518772918542.33,574378537889333.6,1.9647389829672888,8.57800144024072,8.769747846280113,498.0,8.673874643260417,0.09587320301969635,1.090040533288736,1.9647389829672888,2.6129116570330635,2.657047412811193,498.0,2.6349795349221283,0.022067877889064714,0.2509030743220807,1.9647389829672888,499.0,0.8136272545090181,-0.0654025271859705,-0.05353451855949812,498.0,-0.05946852287273431,0.005934004313236196,0.06746729036275947,1.9647389829672888,ExtraTreesRegressor,"{'mode': 'original', 'type': 'ExtraTreesRegressor'}",4,"['l1_T6W30', 'atd_T6W30', 'density_T6W30', 'asp_T6W30']",0.040252887108194954,0.06031124158173584,498.0,0.0502820643449654,0.010029177236770444,0.11402779253521522,1.9647389829672888,3.5293365718465033,3.5639105783657126,498.0,3.546623575106108,0.017287003259604826,0.19654641399841946,1.9647389829672888,completed,35.41180205345154,False,COMPLETE
359,2.8926534267009636,2026-06-14 06:28:15.984836,2026-06-14 06:29:04.344497,0 days 00:00:48.359661,13,log2,4,7,306,ExtraTreesRegressor,9,True,-0.029411269831062955,-0.024200359992371922,498.0,-0.02680581491171744,0.0026054549193455156,0.02962299558469619,1.9647389829672888,2.8807762913959434,2.904530562005984,498.0,2.8926534267009636,0.011877135305020162,0.1350383474636483,1.9647389829672888,927154453700323.6,1026723393639478.1,498.0,976938923669900.9,49784469969577.234,566029802759237.1,1.9647389829672888,8.464253552839486,8.658775690180443,498.0,8.561514621509964,0.09726106867047797,1.1058200187597733,1.9647389829672888,2.606462526028432,2.6478678039950463,498.0,2.627165165011739,0.02070263898330734,0.2353808460244346,1.9647389829672888,499.0,0.8176352705410822,-0.05277299564887538,-0.043774111711331075,498.0,-0.04827355368010323,0.00449944196877215,0.05115688188840953,1.9647389829672888,ExtraTreesRegressor,"{'mode': 'original', 'type': 'ExtraTreesRegressor'}",9,"['nodes_T6W30', 're_T6W30', 'l1_T6W30', 'l3_T6W30', 'lcc_T6W30', 'atd_T6W30', 'density_T6W30', 'diameter_T6W30', 'asp_T6W30']",-0.0032277088255796846,0.016134927869343743,498.0,0.006453609521882029,0.009681318347461713,0.11007277406010058,1.9647389829672888,3.5123121689011745,3.54550758666016,498.0,3.5289098777806673,0.01659770887949279,0.18870940855764065,1.9647389829672888,completed,48.351815938949585,True,COMPLETE
360,2.981570880333861,2026-06-14 06:29:04.357323,2026-06-14 06:29:05.310756,0 days 00:00:00.953433,7,,1,4,133,ExtraTreesRegressor,13,False,,,,,,,,,,,,,,,,,,,,,,,,,,,,,,,,,,,,,,,,,,,,,ExtraTreesRegressor,"{'mode': 'original', 'type': 'ExtraTreesRegressor'}",13,"['nodes_T6W30', 'edges_T6W30', 're_T6W30', 'pe_T6W30', 'l1_T6W30', 'l2_T6W30', 'l3_T6W30', 'lcc_T6W30', 'lsc_T6W30', 'atd_T6W30', 'density_T6W30', 'diameter_T6W30', 'asp_T6W30']",,,,,,,,,,,,,,,pruned,,False,PRUNED
361,2.9208103924012954,2026-06-14 06:29:05.475022,2026-06-14 06:29:07.070290,0 days 00:00:01.595268,17,log2,1,6,218,ExtraTreesRegressor,4,True,,,,,,,,,,,,,,,,,,,,,,,,,,,,,,,,,,,,,,,,,,,,,ExtraTreesRegressor,"{'mode': 'original', 'type': 'ExtraTreesRegressor'}",4,"['l3_T6W30', 'atd_T6W30', 'density_T6W30', 'asp_T6W30']",,,,,,,,,,,,,,,pruned,,True,PRUNED
362,2.9030715599568135,2026-06-14 06:29:07.075849,2026-06-14 06:29:08.049771,0 days 00:00:00.973922,18,log2,2,4,148,ExtraTreesRegressor,9,True,,,,,,,,,,,,,,,,,,,,,,,,,,,,,,,,,,,,,,,,,,,,,ExtraTreesRegressor,"{'mode': 'original', 'type': 'ExtraTreesRegressor'}",9,"['nodes_T6W30', 're_T6W30', 'pe_T6W30', 'l1_T6W30', 'l2_T6W30', 'l3_T6W30', 'atd_T6W30', 'density_T6W30', 'asp_T6W30']",,,,,,,,,,,,,,,pruned,,True,PRUNED
363,2.862358518702242,2026-06-14 06:29:08.055838,2026-06-14 06:29:48.914831,0 days 00:00:40.858993,8,sqrt,3,3,256,ExtraTreesRegressor,4,True,-0.018831032015486988,-0.013365947432593768,498.0,-0.016098489724040377,0.0027325422914466096,0.03106792891847539,1.9647389829672888,2.8505792597338866,2.8741377776705974,498.0,2.862358518702242,0.011779258968355348,0.13392553209027913,1.9647389829672888,917945006032214.6,1016763573587305.9,498.0,967354289809760.2,49409283777545.65,561764083622257.25,1.9647389829672888,8.491800889602956,8.691203610824381,498.0,8.591502250213669,0.09970136061071329,1.1335651763651557,1.9647389829672888,2.587644583737157,2.625915785128862,498.0,2.6067801844330094,0.019135600695852597,0.21756423828900606,1.9647389829672888,499.0,0.7354709418837675,-0.04241746163332038,-0.03263475821869253,498.0,-0.037526109926006454,0.004891351707313922,0.05561274115821361,1.9647389829672888,ExtraTreesRegressor,"{'mode': 'original', 'type': 'ExtraTreesRegressor'}",4,"['nodes_T6W30', 'l1_T6W30', 'lcc_T6W30', 'density_T6W30']",0.04246866332151507,0.06262574633493251,498.0,0.05254720482822379,0.010078541506708723,0.11458904482922565,1.9647389829672888,3.493875723282203,3.52669992516367,498.0,3.5102878242229365,0.016412100940733237,0.18659911944477434,1.9647389829672888,completed,40.8510799407959,True,COMPLETE
364,2.9969993963973036,2026-06-14 06:29:48.928590,2026-06-14 06:29:50.652027,0 days 00:00:01.723437,10,,1,10,261,ExtraTreesRegressor,13,False,,,,,,,,,,,,,,,,,,,,,,,,,,,,,,,,,,,,,,,,,,,,,ExtraTreesRegressor,"{'mode': 'original', 'type': 'ExtraTreesRegressor'}",13,"['nodes_T6W30', 'edges_T6W30', 're_T6W30', 'pe_T6W30', 'l1_T6W30', 'l2_T6W30', 'l3_T6W30', 'lcc_T6W30', 'lsc_T6W30', 'atd_T6W30', 'density_T6W30', 'diameter_T6W30', 'asp_T6W30']",,,,,,,,,,,,,,,pruned,,False,PRUNED
365,2.913542716196169,2026-06-14 06:29:50.657634,2026-06-14 06:29:53.106964,0 days 00:00:02.449330,5,,2,2,423,ExtraTreesRegressor,12,True,,,,,,,,,,,,,,,,,,,,,,,,,,,,,,,,,,,,,,,,,,,,,ExtraTreesRegressor,"{'mode': 'original', 'type': 'ExtraTreesRegressor'}",12,"['nodes_T6W30', 're_T6W30', 'pe_T6W30', 'l1_T6W30', 'l2_T6W30', 'l3_T6W30', 'lcc_T6W30', 'lsc_T6W30', 'atd_T6W30', 'density_T6W30', 'diameter_T6W30', 'asp_T6W30']",,,,,,,,,,,,,,,pruned,,True,PRUNED
366,2.8354252088888328,2026-06-14 06:29:53.113664,2026-06-14 06:30:06.777367,0 days 00:00:13.663703,2,sqrt,3,8,72,ExtraTreesRegressor,7,True,-0.008105544352891875,-0.004855177228166154,498.0,-0.006480360790529014,0.0016251835623628602,0.0184776965952223,1.9647389829672888,2.8251258943721598,2.8457245234055057,498.0,2.8354252088888328,0.010299314516673116,0.11709914694261708,1.9647389829672888,928539388657539.9,1027245744783285.1,498.0,977892566720412.5,49353178062872.62,561126183758515.6,1.9647389829672888,8.163900876322245,8.340104851716283,498.0,8.252002864019264,0.08810198769701885,1.0016848778206204,1.9647389829672888,2.546753261036307,2.5793794911143424,498.0,2.5630663760753247,0.016313115039017823,0.18547368875407585,1.9647389829672888,499.0,0.35070140280561124,0.0020878677222003757,0.0070398539206556286,498.0,0.004563860821428002,0.0024759930992276267,0.02815106571277105,1.9647389829672888,ExtraTreesRegressor,"{'mode': 'original', 'type': 'ExtraTreesRegressor'}",7,"['nodes_T6W30', 'l3_T6W30', 'lcc_T6W30', 'atd_T6W30', 'density_T6W30', 'diameter_T6W30', 'asp_T6W30']",0.11998831883354037,0.1410998443741548,498.0,0.1305440816038476,0.010555762770307214,0.12001486251639266,1.9647389829672888,3.424363023038101,3.4549018721332176,498.0,3.4396324475856592,0.015269424547558544,0.17360733920002025,1.9647389829672888,completed,13.655915975570679,True,COMPLETE
