number,value,datetime_start,datetime_complete,duration,params_et_max_depth,params_et_max_features,params_et_min_samples_leaf,params_et_min_samples_split,params_et_n_estimators,params_regressor,params_rfe_n_features,params_use_scaler,user_attrs_d2mae_ci_lower_val,user_attrs_d2mae_ci_upper_val,user_attrs_d2mae_df_val,user_attrs_d2mae_mean_val,user_attrs_d2mae_samperror_val,user_attrs_d2mae_std_val,user_attrs_d2mae_t_critical_val,user_attrs_mae_ci_lower_val,user_attrs_mae_ci_upper_val,user_attrs_mae_df_val,user_attrs_mae_mean_val,user_attrs_mae_samperror_val,user_attrs_mae_std_val,user_attrs_mae_t_critical_val,user_attrs_mape_ci_lower_val,user_attrs_mape_ci_upper_val,user_attrs_mape_df_val,user_attrs_mape_mean_val,user_attrs_mape_samperror_val,user_attrs_mape_std_val,user_attrs_mape_t_critical_val,user_attrs_max_error_ci_lower_val,user_attrs_max_error_ci_upper_val,user_attrs_max_error_df_val,user_attrs_max_error_mean_val,user_attrs_max_error_samperror_val,user_attrs_max_error_std_val,user_attrs_max_error_t_critical_val,user_attrs_median_ae_ci_lower_val,user_attrs_median_ae_ci_upper_val,user_attrs_median_ae_df_val,user_attrs_median_ae_mean_val,user_attrs_median_ae_samperror_val,user_attrs_median_ae_std_val,user_attrs_median_ae_t_critical_val,user_attrs_n_splits_val,user_attrs_r2_below_zero_val,user_attrs_r2_ci_lower_val,user_attrs_r2_ci_upper_val,user_attrs_r2_df_val,user_attrs_r2_mean_val,user_attrs_r2_samperror_val,user_attrs_r2_std_val,user_attrs_r2_t_critical_val,user_attrs_regressor_final,user_attrs_rfe_estimator,user_attrs_rfe_n_features,user_attrs_rfe_selected_features,user_attrs_rho_ci_lower_val,user_attrs_rho_ci_upper_val,user_attrs_rho_df_val,user_attrs_rho_mean_val,user_attrs_rho_samperror_val,user_attrs_rho_std_val,user_attrs_rho_t_critical_val,user_attrs_rmse_ci_lower_val,user_attrs_rmse_ci_upper_val,user_attrs_rmse_df_val,user_attrs_rmse_mean_val,user_attrs_rmse_samperror_val,user_attrs_rmse_std_val,user_attrs_rmse_t_critical_val,user_attrs_termination_reason,user_attrs_trial_time_seconds,user_attrs_use_scaler_final,state
143,2.977608180757209,2026-06-14 04:25:15.423113,2026-06-14 04:25:17.197769,0 days 00:00:01.774656,14,log2,1,3,270,ExtraTreesRegressor,10,False,,,,,,,,,,,,,,,,,,,,,,,,,,,,,,,,,,,,,,,,,,,,,ExtraTreesRegressor,"{'mode': 'original', 'type': 'ExtraTreesRegressor'}",10,"['nodes_T6W30', 're_T6W30', 'pe_T6W30', 'l1_T6W30', 'l2_T6W30', 'l3_T6W30', 'lcc_T6W30', 'atd_T6W30', 'density_T6W30', 'asp_T6W30']",,,,,,,,,,,,,,,pruned,,False,PRUNED
144,2.966314561356583,2026-06-14 04:25:17.203128,2026-06-14 04:25:19.610662,0 days 00:00:02.407534,10,,1,11,353,ExtraTreesRegressor,10,True,,,,,,,,,,,,,,,,,,,,,,,,,,,,,,,,,,,,,,,,,,,,,ExtraTreesRegressor,"{'mode': 'original', 'type': 'ExtraTreesRegressor'}",10,"['nodes_T6W30', 're_T6W30', 'l1_T6W30', 'l2_T6W30', 'l3_T6W30', 'lsc_T6W30', 'atd_T6W30', 'density_T6W30', 'diameter_T6W30', 'asp_T6W30']",,,,,,,,,,,,,,,pruned,,True,PRUNED
145,2.875042601736704,2026-06-14 04:25:19.615983,2026-06-14 04:26:25.871308,0 days 00:01:06.255325,12,sqrt,5,2,441,ExtraTreesRegressor,9,False,-0.02292642702466896,-0.018151856102943634,498.0,-0.020539141563806297,0.002387285460862664,0.02714249482555178,1.9647389829672888,2.8634971387943735,2.8865880646790347,498.0,2.875042601736704,0.011545462942330631,0.13126736341684475,1.9647389829672888,926445057198605.1,1025682081398054.6,498.0,976063569298329.9,49618512099724.74,564142927185461.8,1.9647389829672888,8.396215977522036,8.589564392994024,498.0,8.49289018525803,0.09667420773599301,1.0991476412252408,1.9647389829672888,2.590275136592894,2.6292717689820475,498.0,2.6097734527874707,0.01949831619457694,0.221688170557967,1.9647389829672888,499.0,0.7595190380761523,-0.037733023834424756,-0.02963169648115145,498.0,-0.033682360157788103,0.004050663676636654,0.04605444957698165,1.9647389829672888,ExtraTreesRegressor,"{'mode': 'original', 'type': 'ExtraTreesRegressor'}",9,"['nodes_T6W30', 're_T6W30', 'l1_T6W30', 'l3_T6W30', 'lcc_T6W30', 'atd_T6W30', 'density_T6W30', 'diameter_T6W30', 'asp_T6W30']",0.01457209158073441,0.03384944553523472,498.0,0.02421076855798457,0.009638676977250158,0.10958795848638896,1.9647389829672888,3.4881793467553157,3.5208659716373027,498.0,3.5045226591963092,0.016343312440993518,0.1858170213132974,1.9647389829672888,completed,66.24747395515442,False,COMPLETE
146,2.945502560573264,2026-06-14 04:26:25.883831,2026-06-14 04:26:44.978645,0 days 00:00:19.094814,14,sqrt,1,12,98,ExtraTreesRegressor,11,False,-0.04875517645144443,-0.04245569835357021,498.0,-0.04560543740250732,0.003149739048937111,0.035811291627738905,1.9647389829672888,2.9327206384132665,2.9582844827332617,498.0,2.945502560573264,0.01278192215999767,0.1453254174148807,1.9647389829672888,937278428754652.0,1038596777556325.8,498.0,987937603155488.9,50659174400836.82,575974847408724.2,1.9647389829672888,8.683457862770412,8.895127399249093,498.0,8.789292631009753,0.10583476823934065,1.2032996038361214,1.9647389829672888,2.658488482728715,2.7009727754487303,498.0,2.6797306290887226,0.02124214636000763,0.24151483226969206,1.9647389829672888,499.0,0.9519038076152304,-0.10178112768480355,-0.09044634276709723,498.0,-0.09611373522595039,0.005667392458853152,0.06443601865409353,1.9647389829672888,ExtraTreesRegressor,"{'mode': 'original', 'type': 'ExtraTreesRegressor'}",11,"['nodes_T6W30', 'edges_T6W30', 'pe_T6W30', 'l1_T6W30', 'l2_T6W30', 'l3_T6W30', 'lcc_T6W30', 'atd_T6W30', 'density_T6W30', 'diameter_T6W30', 'asp_T6W30']",-0.04871191304416981,-0.02954289537804749,498.0,-0.03912740421110865,0.009584508833061162,0.10897208803542567,1.9647389829672888,3.590551987600354,3.624807026065585,498.0,3.6076795068329695,0.017127519232615348,0.1947331434665595,1.9647389829672888,completed,19.087144374847412,False,COMPLETE
147,2.8550872599244306,2026-06-14 04:26:44.991146,2026-06-14 04:27:50.826383,0 days 00:01:05.835237,9,sqrt,4,5,446,ExtraTreesRegressor,7,False,-0.01573029456665452,-0.011222378822879572,498.0,-0.013476336694767046,0.0022539578718874746,0.025626612685275742,1.9647389829672888,2.843928974769296,2.866245545079565,498.0,2.8550872599244306,0.011158285155134522,0.12686530456890896,1.9647389829672888,927831365295729.6,1027234006647323.9,498.0,977532685971526.8,49701320675797.17,565084428059322.5,1.9647389829672888,8.337706320546248,8.530993379693049,498.0,8.434349850119649,0.09664352957340124,1.098798842607289,1.9647389829672888,2.593463499709764,2.628708022125263,498.0,2.6110857609175135,0.017622261207749443,0.20035816473871515,1.9647389829672888,499.0,0.655310621242485,-0.02397860064387848,-0.016352683597747733,498.0,-0.020165642120813107,0.003812958523065373,0.043351835663987745,1.9647389829672888,ExtraTreesRegressor,"{'mode': 'original', 'type': 'ExtraTreesRegressor'}",7,"['nodes_T6W30', 'l1_T6W30', 'lcc_T6W30', 'atd_T6W30', 'density_T6W30', 'diameter_T6W30', 'asp_T6W30']",0.04816467129484571,0.06769429485281912,498.0,0.057929483073832416,0.009764811778986703,0.11102206147054529,1.9647389829672888,3.4655749601708097,3.4974430753329813,498.0,3.4815090177518955,0.01593405758108601,0.1811639548495334,1.9647389829672888,completed,65.82729315757751,False,COMPLETE
148,2.8351745013654774,2026-06-14 04:27:50.838924,2026-06-14 04:28:34.669207,0 days 00:00:43.830283,2,log2,2,5,295,ExtraTreesRegressor,7,True,-0.007972093169381512,-0.00480970546578458,498.0,-0.006390899317583046,0.0015811938517984656,0.01797755092309973,1.9647389829672888,2.8249240405352767,2.845424962195678,498.0,2.8351745013654774,0.010250460830200784,0.116543699781386,1.9647389829672888,932023006113867.5,1031031232594999.5,498.0,981527119354433.5,49504113240565.96,562842257243106.25,1.9647389829672888,8.167512791548155,8.346673935602023,498.0,8.25709336357509,0.08958057202693429,1.018495798919838,1.9647389829672888,2.5456488656501417,2.5766087013973697,498.0,2.5611287835237557,0.015479917873613927,0.1760005653587415,1.9647389829672888,499.0,0.35470941883767537,0.0021462747711476905,0.006959793118150412,498.0,0.004553033944649051,0.002406759173501361,0.02736390326337602,1.9647389829672888,ExtraTreesRegressor,"{'mode': 'original', 'type': 'ExtraTreesRegressor'}",7,"['nodes_T6W30', 'l1_T6W30', 'lcc_T6W30', 'atd_T6W30', 'density_T6W30', 'diameter_T6W30', 'asp_T6W30']",0.12032143517254355,0.140685202563954,498.0,0.13050331886824879,0.010181883695705229,0.11576400478943304,1.9647389829672888,3.42443881898068,3.454880379027202,498.0,3.439659599003941,0.015220780023260707,0.17305427013027927,1.9647389829672888,completed,43.82239508628845,True,COMPLETE
149,2.84772868736937,2026-06-14 04:28:34.681660,2026-06-14 04:28:59.469422,0 days 00:00:24.787762,3,sqrt,4,8,152,ExtraTreesRegressor,12,False,-0.012643642460630176,-0.009051481406451359,498.0,-0.010847561933540768,0.001796080527089409,0.020420727731145474,1.9647389829672888,2.837170817736981,2.8582865570017586,498.0,2.84772868736937,0.010557869632388908,0.12003881670791607,1.9647389829672888,928271260834547.4,1026899418834161.1,498.0,977585339834354.2,49314078999806.91,560681642820976.7,1.9647389829672888,8.218697090927588,8.402364874089603,498.0,8.310530982508595,0.09183389158100738,1.0441151541831348,1.9647389829672888,2.5476246174956954,2.5787247230175785,498.0,2.563174670256637,0.015550052760941442,0.17679797138646045,1.9647389829672888,499.0,0.5110220440881763,-0.008358791574128487,-0.0027128338564381487,498.0,-0.005535812715283318,0.0028229788588451693,0.032096157047410194,1.9647389829672888,ExtraTreesRegressor,"{'mode': 'original', 'type': 'ExtraTreesRegressor'}",12,"['nodes_T6W30', 're_T6W30', 'pe_T6W30', 'l1_T6W30', 'l2_T6W30', 'l3_T6W30', 'lcc_T6W30', 'lsc_T6W30', 'atd_T6W30', 'density_T6W30', 'diameter_T6W30', 'asp_T6W30']",0.07815622086684852,0.0979078101465093,498.0,0.08803201550667891,0.009875794639830387,0.11228389285835347,1.9647389829672888,3.441453909137899,3.472386387483978,498.0,3.4569201483109384,0.015466239173039454,0.17584504392418765,1.9647389829672888,completed,24.777981996536255,False,COMPLETE
150,2.9621894569692926,2026-06-14 04:28:59.483922,2026-06-14 04:29:00.031851,0 days 00:00:00.547929,8,,2,6,61,ExtraTreesRegressor,11,True,,,,,,,,,,,,,,,,,,,,,,,,,,,,,,,,,,,,,,,,,,,,,ExtraTreesRegressor,"{'mode': 'original', 'type': 'ExtraTreesRegressor'}",11,"['re_T6W30', 'pe_T6W30', 'l1_T6W30', 'l2_T6W30', 'l3_T6W30', 'lcc_T6W30', 'lsc_T6W30', 'atd_T6W30', 'density_T6W30', 'diameter_T6W30', 'asp_T6W30']",,,,,,,,,,,,,,,pruned,,True,PRUNED
151,2.8477420414121983,2026-06-14 04:29:00.039852,2026-06-14 04:30:07.295790,0 days 00:01:07.255938,2,log2,1,4,480,ExtraTreesRegressor,13,True,-0.012379147733729083,-0.00934366282397881,498.0,-0.010861405278853946,0.0015177424548751368,0.01725613354721409,1.9647389829672888,2.8375894858261734,2.8578945969982232,498.0,2.8477420414121983,0.0101525555860248,0.11543055574100769,1.9647389829672888,933444305473912.5,1032385167341171.8,498.0,982914736407542.1,49470430933629.69,562459302687935.44,1.9647389829672888,8.175662237243406,8.35082223135788,498.0,8.263242234300643,0.08757999705723588,0.9957500499705081,1.9647389829672888,2.5525172028714533,2.583493538829534,498.0,2.5680053708504937,0.015488167979040528,0.17609436580595356,1.9647389829672888,499.0,0.4589178356713427,-0.003182252404714739,0.001226320837257714,498.0,-0.0009779657837285126,0.0022042866209862266,0.025061870138702102,1.9647389829672888,ExtraTreesRegressor,"{'mode': 'original', 'type': 'ExtraTreesRegressor'}",13,"['nodes_T6W30', 'edges_T6W30', 're_T6W30', 'pe_T6W30', 'l1_T6W30', 'l2_T6W30', 'l3_T6W30', 'lcc_T6W30', 'lsc_T6W30', 'atd_T6W30', 'density_T6W30', 'diameter_T6W30', 'asp_T6W30']",0.09413706911088762,0.11404107593891966,498.0,0.10408907252490364,0.009952003414016013,0.11315035658584063,1.9647389829672888,3.4341039424197843,3.4643707751078914,498.0,3.449237358763838,0.015133416344053439,0.17206097952900884,1.9647389829672888,completed,67.2469003200531,True,COMPLETE
152,2.869687614483342,2026-06-14 04:30:07.309294,2026-06-14 04:30:40.846254,0 days 00:00:33.536960,3,,2,7,208,ExtraTreesRegressor,8,False,-0.02112864503794474,-0.016197850413649018,498.0,-0.01866324772579688,0.002465397312147859,0.028030595789630266,1.9647389829672888,2.8581671861828775,2.8812080427838063,498.0,2.869687614483342,0.011520428300464495,0.13098272940534886,1.9647389829672888,914873625198266.1,1012977707191480.9,498.0,963925666194873.5,49052040996607.33,557702373997644.5,1.9647389829672888,8.339813444076809,8.541196858139523,498.0,8.440505151108166,0.10069170703135762,1.1448250248577314,1.9647389829672888,2.549792270570491,2.585621940667416,498.0,2.5677071056189535,0.0179148350484625,0.2036846139999511,1.9647389829672888,499.0,0.6733466933867736,-0.032809105771787805,-0.023996136468952746,498.0,-0.028402621120370276,0.004406484651417531,0.05009999382593911,1.9647389829672888,ExtraTreesRegressor,"{'mode': 'original', 'type': 'ExtraTreesRegressor'}",8,"['nodes_T6W30', 'l1_T6W30', 'l2_T6W30', 'l3_T6W30', 'atd_T6W30', 'density_T6W30', 'diameter_T6W30', 'asp_T6W30']",0.051784412314747535,0.07162356309050102,498.0,0.06170398770262428,0.009919575387876741,0.11278166270900111,1.9647389829672888,3.4789992425312333,3.5112782052464757,498.0,3.4951387238888545,0.01613948135762144,0.18349954222819712,1.9647389829672888,completed,33.52902126312256,False,COMPLETE
153,2.9177335963171793,2026-06-14 04:30:40.858704,2026-06-14 04:31:40.723102,0 days 00:00:59.864398,7,log2,1,6,372,ExtraTreesRegressor,8,False,-0.0387976029336707,-0.03263587167706086,498.0,-0.03571673730536578,0.003080865628304915,0.03502822797918306,1.9647389829672888,2.9049797777860484,2.93048741484831,498.0,2.9177335963171793,0.012753818531130987,0.14500589023072166,1.9647389829672888,918009049505049.1,1017032203446141.6,498.0,967520626475595.4,49511576970546.29,562927116911416.44,1.9647389829672888,8.625698652655705,8.833145024767822,498.0,8.729421838711763,0.10372318605605889,1.1792917466179311,1.9647389829672888,2.6189951757637284,2.660683957176906,498.0,2.639839566470317,0.020844390706588615,0.2369925072516951,1.9647389829672888,499.0,0.8637274549098196,-0.07809637492748424,-0.0663521592278775,498.0,-0.07222426707768087,0.005872107849803367,0.06676355196783856,1.9647389829672888,ExtraTreesRegressor,"{'mode': 'original', 'type': 'ExtraTreesRegressor'}",8,"['nodes_T6W30', 'l1_T6W30', 'l3_T6W30', 'lcc_T6W30', 'atd_T6W30', 'density_T6W30', 'diameter_T6W30', 'asp_T6W30']",-0.013025138548685498,0.006924322633897088,498.0,-0.0030504079573942054,0.009974730591291293,0.11340875563434437,1.9647389829672888,3.5507197063626452,3.5852944558670923,498.0,3.5680070811148688,0.017287374752223403,0.19655063772308196,1.9647389829672888,completed,59.85610508918762,False,COMPLETE
154,2.8757824772498464,2026-06-14 04:31:40.738356,2026-06-14 04:32:27.722567,0 days 00:00:46.984211,6,sqrt,3,12,305,ExtraTreesRegressor,9,True,-0.023306330327703052,-0.018311842277492954,498.0,-0.020809086302598003,0.00249724402510505,0.028392680364693623,1.9647389829672888,2.8641015799064404,2.8874633745932523,498.0,2.8757824772498464,0.011680897343406087,0.13280719918037506,1.9647389829672888,921314288058372.8,1020073975800348.5,498.0,970694131929360.6,49379843870987.93,561429363487398.0,1.9647389829672888,8.398653409788949,8.595167610747094,498.0,8.496910510268021,0.09825710047907311,1.1171445078726545,1.9647389829672888,2.581497401438948,2.6178703921048228,498.0,2.5996838967718854,0.018186495332937504,0.20677328436910183,1.9647389829672888,499.0,0.7474949899799599,-0.03913486122881877,-0.030388365135116214,498.0,-0.03476161318196749,0.004373248046851279,0.04972210673105754,1.9647389829672888,ExtraTreesRegressor,"{'mode': 'original', 'type': 'ExtraTreesRegressor'}",9,"['nodes_T6W30', 'l1_T6W30', 'l2_T6W30', 'l3_T6W30', 'lcc_T6W30', 'atd_T6W30', 'density_T6W30', 'diameter_T6W30', 'asp_T6W30']",0.019784516010900807,0.0397749562206582,498.0,0.0297797361157795,0.009995220104878695,0.11364171332861321,1.9647389829672888,3.4897107621018657,3.5224696916035043,498.0,3.506090226852685,0.016379464750819455,0.18622805882785912,1.9647389829672888,completed,46.97569012641907,True,COMPLETE
155,3.031663359009933,2026-06-14 04:32:27.735091,2026-06-14 04:32:30.932340,0 days 00:00:03.197249,18,,2,4,419,ExtraTreesRegressor,12,True,,,,,,,,,,,,,,,,,,,,,,,,,,,,,,,,,,,,,,,,,,,,,ExtraTreesRegressor,"{'mode': 'original', 'type': 'ExtraTreesRegressor'}",12,"['nodes_T6W30', 're_T6W30', 'pe_T6W30', 'l1_T6W30', 'l2_T6W30', 'l3_T6W30', 'lcc_T6W30', 'lsc_T6W30', 'atd_T6W30', 'density_T6W30', 'diameter_T6W30', 'asp_T6W30']",,,,,,,,,,,,,,,pruned,,True,PRUNED
156,2.8565927065409817,2026-06-14 04:32:30.937864,2026-06-14 04:33:30.138699,0 days 00:00:59.200835,7,sqrt,3,11,402,ExtraTreesRegressor,7,True,-0.016280555619582596,-0.01171771528609769,498.0,-0.013999135452840143,0.0022814201667424516,0.02593884815448085,1.9647389829672888,2.8453222399599802,2.8678631731219832,498.0,2.8565927065409817,0.011270466581001688,0.12814076316866194,1.9647389829672888,920948578299559.5,1019611128384074.0,498.0,970279853341816.8,49331275042257.195,560877155046422.1,1.9647389829672888,8.378503224696056,8.570355601069485,498.0,8.47442941288277,0.09592618818671421,1.090642953755492,1.9647389829672888,2.5661314655372216,2.6006416484427763,498.0,2.583386556989999,0.017255091452777288,0.19618358933170477,1.9647389829672888,499.0,0.6693386773547094,-0.0265894586277175,-0.018691481076967144,498.0,-0.02264046985234232,0.0039489887753751795,0.04489844602121885,1.9647389829672888,ExtraTreesRegressor,"{'mode': 'original', 'type': 'ExtraTreesRegressor'}",7,"['nodes_T6W30', 'l1_T6W30', 'l3_T6W30', 'lcc_T6W30', 'atd_T6W30', 'density_T6W30', 'asp_T6W30']",0.03614820110574624,0.05604121790456804,498.0,0.04609470950515714,0.009946508399410898,0.11308788043544689,1.9647389829672888,3.469603041845729,3.501840992175885,498.0,3.485722017010807,0.016118975165077893,0.1832663949007703,1.9647389829672888,completed,59.192842960357666,True,COMPLETE
157,2.9694112540614226,2026-06-14 04:33:30.151097,2026-06-14 04:33:32.700876,0 days 00:00:02.549779,18,log2,1,4,382,ExtraTreesRegressor,8,True,,,,,,,,,,,,,,,,,,,,,,,,,,,,,,,,,,,,,,,,,,,,,ExtraTreesRegressor,"{'mode': 'original', 'type': 'ExtraTreesRegressor'}",8,"['nodes_T6W30', 're_T6W30', 'pe_T6W30', 'l1_T6W30', 'l3_T6W30', 'atd_T6W30', 'density_T6W30', 'asp_T6W30']",,,,,,,,,,,,,,,pruned,,True,PRUNED
158,2.900344982953684,2026-06-14 04:33:32.706181,2026-06-14 04:33:34.539423,0 days 00:00:01.833242,11,sqrt,1,12,318,ExtraTreesRegressor,10,False,,,,,,,,,,,,,,,,,,,,,,,,,,,,,,,,,,,,,,,,,,,,,ExtraTreesRegressor,"{'mode': 'original', 'type': 'ExtraTreesRegressor'}",10,"['nodes_T6W30', 're_T6W30', 'l1_T6W30', 'l2_T6W30', 'l3_T6W30', 'lcc_T6W30', 'atd_T6W30', 'density_T6W30', 'diameter_T6W30', 'asp_T6W30']",,,,,,,,,,,,,,,pruned,,False,PRUNED
159,2.849116094171725,2026-06-14 04:33:34.544866,2026-06-14 04:33:53.279116,0 days 00:00:18.734250,3,sqrt,3,9,107,ExtraTreesRegressor,12,False,-0.013178659768723159,-0.009499464487209236,498.0,-0.011339062127966197,0.0018395976407569621,0.020915500162808374,1.9647389829672888,2.838488857481524,2.8597433308619262,498.0,2.849116094171725,0.010627236690201164,0.12082749281665948,1.9647389829672888,927303060646403.1,1025799644513016.9,498.0,976551352579710.0,49248291933306.9,559933669802526.1,1.9647389829672888,8.225160379201965,8.40798315680422,498.0,8.316571768003092,0.09141138880112644,1.0393114640904737,1.9647389829672888,2.5497042160578696,2.5805924508116727,498.0,2.565148333434771,0.015444117376901679,0.1755935278206277,1.9647389829672888,499.0,0.5270541082164328,-0.009880366939877813,-0.004040074616786384,498.0,-0.006960220778332099,0.0029201461615457145,0.033200910984046386,1.9647389829672888,ExtraTreesRegressor,"{'mode': 'original', 'type': 'ExtraTreesRegressor'}",12,"['nodes_T6W30', 're_T6W30', 'pe_T6W30', 'l1_T6W30', 'l2_T6W30', 'l3_T6W30', 'lcc_T6W30', 'lsc_T6W30', 'atd_T6W30', 'density_T6W30', 'diameter_T6W30', 'asp_T6W30']",0.07763850670633761,0.09739472769363937,498.0,0.08751661719998849,0.009878110493650883,0.11231022320358032,1.9647389829672888,3.4438147601788436,3.4748500972660428,498.0,3.459332428722443,0.015517668543599707,0.17642977559838324,1.9647389829672888,completed,18.726481914520264,False,COMPLETE
160,2.900260976357245,2026-06-14 04:33:53.291807,2026-06-14 04:34:19.820266,0 days 00:00:26.528459,8,log2,3,2,152,ExtraTreesRegressor,8,False,-0.032386515112229716,-0.02665237926788012,498.0,-0.02951944719005492,0.0028670679221747992,0.0325974323213171,1.9647389829672888,2.8879698057719105,2.9125521469425797,498.0,2.900260976357245,0.01229117058533473,0.13974576542340628,1.9647389829672888,923966344865691.4,1023517904706539.6,498.0,973742124786115.5,49775779920424.13,565931000325243.1,1.9647389829672888,8.556562657492469,8.755660057024782,498.0,8.656111357258625,0.09954869976615607,1.1318294827284336,1.9647389829672888,2.6197022700453654,2.6608081831652455,498.0,2.6402552266053054,0.020552956559940008,0.23367901586280165,1.9647389829672888,499.0,0.8376753507014028,-0.06493644661669903,-0.05453848457296595,498.0,-0.05973746559483249,0.005198981021866542,0.059110365223420815,1.9647389829672888,ExtraTreesRegressor,"{'mode': 'original', 'type': 'ExtraTreesRegressor'}",8,"['nodes_T6W30', 'l1_T6W30', 'l3_T6W30', 'lcc_T6W30', 'atd_T6W30', 'density_T6W30', 'diameter_T6W30', 'asp_T6W30']",-0.00401848459878223,0.015962255887509103,498.0,0.005971885644363437,0.009990370243145667,0.11358657231211082,1.9647389829672888,3.530778680781421,3.5644098068911942,498.0,3.5475942438363077,0.016815563054886715,0.1911863246723217,1.9647389829672888,completed,26.520209789276123,False,COMPLETE
