number,value,datetime_start,datetime_complete,duration,params_et_max_depth,params_et_max_features,params_et_min_samples_leaf,params_et_min_samples_split,params_et_n_estimators,params_regressor,params_rfe_n_features,params_use_scaler,user_attrs_d2mae_ci_lower_val,user_attrs_d2mae_ci_upper_val,user_attrs_d2mae_df_val,user_attrs_d2mae_mean_val,user_attrs_d2mae_samperror_val,user_attrs_d2mae_std_val,user_attrs_d2mae_t_critical_val,user_attrs_mae_ci_lower_val,user_attrs_mae_ci_upper_val,user_attrs_mae_df_val,user_attrs_mae_mean_val,user_attrs_mae_samperror_val,user_attrs_mae_std_val,user_attrs_mae_t_critical_val,user_attrs_mape_ci_lower_val,user_attrs_mape_ci_upper_val,user_attrs_mape_df_val,user_attrs_mape_mean_val,user_attrs_mape_samperror_val,user_attrs_mape_std_val,user_attrs_mape_t_critical_val,user_attrs_max_error_ci_lower_val,user_attrs_max_error_ci_upper_val,user_attrs_max_error_df_val,user_attrs_max_error_mean_val,user_attrs_max_error_samperror_val,user_attrs_max_error_std_val,user_attrs_max_error_t_critical_val,user_attrs_median_ae_ci_lower_val,user_attrs_median_ae_ci_upper_val,user_attrs_median_ae_df_val,user_attrs_median_ae_mean_val,user_attrs_median_ae_samperror_val,user_attrs_median_ae_std_val,user_attrs_median_ae_t_critical_val,user_attrs_n_splits_val,user_attrs_r2_below_zero_val,user_attrs_r2_ci_lower_val,user_attrs_r2_ci_upper_val,user_attrs_r2_df_val,user_attrs_r2_mean_val,user_attrs_r2_samperror_val,user_attrs_r2_std_val,user_attrs_r2_t_critical_val,user_attrs_regressor_final,user_attrs_rfe_estimator,user_attrs_rfe_n_features,user_attrs_rfe_selected_features,user_attrs_rho_ci_lower_val,user_attrs_rho_ci_upper_val,user_attrs_rho_df_val,user_attrs_rho_mean_val,user_attrs_rho_samperror_val,user_attrs_rho_std_val,user_attrs_rho_t_critical_val,user_attrs_rmse_ci_lower_val,user_attrs_rmse_ci_upper_val,user_attrs_rmse_df_val,user_attrs_rmse_mean_val,user_attrs_rmse_samperror_val,user_attrs_rmse_std_val,user_attrs_rmse_t_critical_val,user_attrs_termination_reason,user_attrs_trial_time_seconds,user_attrs_use_scaler_final,state
27,2.915886889951022,2026-06-14 03:08:39.333680,2026-06-14 03:09:48.253863,0 days 00:01:08.920183,19,sqrt,3,7,441,ExtraTreesRegressor,11,False,-0.037734470450079945,-0.03238980687392557,498.0,-0.03506213866200276,0.0026723317880771877,0.03038335922501366,1.9647389829672888,2.903885168940531,2.927888610961513,498.0,2.915886889951022,0.012001721010490985,0.1364548378337851,1.9647389829672888,931474568871572.1,1031669910860914.6,498.0,981572239866243.4,50097670994671.22,569590774977406.2,1.9647389829672888,8.53076794009804,8.727928549796522,498.0,8.62934824494728,0.09858030484924173,1.120819214181856,1.9647389829672888,2.615458432632564,2.657004314790851,498.0,2.6362313737117073,0.02077294107914337,0.236180153146996,1.9647389829672888,499.0,0.9098196392785571,-0.06934565237153408,-0.06016312963646953,498.0,-0.06475439100400181,0.004591261367532272,0.05220083226493104,1.9647389829672888,ExtraTreesRegressor,"{'mode': 'original', 'type': 'ExtraTreesRegressor'}",11,"['nodes_T6W30', 're_T6W30', 'l1_T6W30', 'l2_T6W30', 'l3_T6W30', 'lcc_T6W30', 'lsc_T6W30', 'atd_T6W30', 'density_T6W30', 'diameter_T6W30', 'asp_T6W30']",-0.02959355904756375,-0.010875414709058222,498.0,-0.020234486878310986,0.009359072169252764,0.10640896201584274,1.9647389829672888,3.539826987110585,3.5731280349544106,498.0,3.5564775110324978,0.016650523921912904,0.18930989477476914,1.9647389829672888,completed,68.91217160224915,False,COMPLETE
28,2.8506904908002526,2026-06-14 03:09:48.266779,2026-06-14 03:10:21.668284,0 days 00:00:33.401505,3,log2,1,8,219,ExtraTreesRegressor,9,True,-0.01394772393489835,-0.009858184868696858,498.0,-0.011902954401797604,0.0020447695331007464,0.02324822371748435,1.9647389829672888,2.8397939703539614,2.861587011246544,498.0,2.8506904908002526,0.01089652044629135,0.1238891429946997,1.9647389829672888,921142392219419.6,1019268724332604.4,498.0,970205558276012.0,49063166056592.36,557828861545123.75,1.9647389829672888,8.248028526975169,8.435540158124397,498.0,8.341784342549783,0.09375581557461407,1.065966672531813,1.9647389829672888,2.552405454078061,2.5847115743795945,498.0,2.568558514228828,0.01615306015076646,0.18365392775465306,1.9647389829672888,499.0,0.5470941883767535,-0.01444400866314179,-0.007507025457237765,498.0,-0.010975517060189777,0.0034684916029520127,0.03943538254179931,1.9647389829672888,ExtraTreesRegressor,"{'mode': 'original', 'type': 'ExtraTreesRegressor'}",9,"['nodes_T6W30', 're_T6W30', 'l1_T6W30', 'l3_T6W30', 'lcc_T6W30', 'atd_T6W30', 'density_T6W30', 'diameter_T6W30', 'asp_T6W30']",0.08175410291862109,0.10209224438119557,498.0,0.09192317364990833,0.010169070731287236,0.11561832643377895,1.9647389829672888,3.4502065558418455,3.481782153499933,498.0,3.4659943546708893,0.015787798829043718,0.17950105048154677,1.9647389829672888,completed,33.3936402797699,True,COMPLETE
29,2.839440529755415,2026-06-14 03:10:21.680677,2026-06-14 03:11:20.849831,0 days 00:00:59.169154,8,sqrt,3,3,420,ExtraTreesRegressor,3,False,-0.009526914017207351,-0.0062749123833391,498.0,-0.007900913200273226,0.001626000816934126,0.018486988457605498,1.9647389829672888,2.8290999371023364,2.8497811224084932,498.0,2.839440529755415,0.010340592653078193,0.11756846308521963,1.9647389829672888,932402086165192.8,1031850536581431.0,498.0,982126311373311.9,49724225208119.11,565344843564808.5,1.9647389829672888,8.253257246118105,8.439796318047682,498.0,8.346526782082893,0.09326953596478905,1.0604378650180786,1.9647389829672888,2.540959546852003,2.5669001858836755,498.0,2.5539298663678394,0.012970319515836314,0.14746742110058578,1.9647389829672888,499.0,0.45090180360721444,-0.004998534890763819,0.00023942077169508257,498.0,-0.0023795570595343683,0.002618977831229451,0.029776745763237248,1.9647389829672888,ExtraTreesRegressor,"{'mode': 'original', 'type': 'ExtraTreesRegressor'}",3,"['lcc_T6W30', 'atd_T6W30', 'density_T6W30']",0.08107394639397095,0.10148361676065212,498.0,0.09127878157731154,0.010204835183340581,0.11602495415832673,1.9647389829672888,3.436128296209892,3.4671728516696825,498.0,3.451650573939787,0.015522277729895432,0.17648218023001724,1.9647389829672888,completed,59.16127896308899,False,COMPLETE
30,2.8943045364045132,2026-06-14 03:11:20.961476,2026-06-14 03:12:09.440294,0 days 00:00:48.478818,14,,5,9,293,ExtraTreesRegressor,5,False,-0.0306248892381791,-0.024220517997352562,498.0,-0.02742270361776583,0.0032021856204132683,0.03640758847545444,1.9647389829672888,2.881479104169621,2.9071299686394054,498.0,2.8943045364045132,0.012825432234892211,0.14582010981846852,1.9647389829672888,922348690794967.9,1022398458908525.1,498.0,972373574851746.5,50024884056778.59,568763216179974.2,1.9647389829672888,8.563115014715615,8.770025594483238,498.0,8.666570304599427,0.10345528988381067,1.1762458727213068,1.9647389829672888,2.6441705553349695,2.688770946417344,498.0,2.6664707508761567,0.022300195541187284,0.2535444344668966,1.9647389829672888,499.0,0.8336673346693386,-0.06612048607295873,-0.05471874129140147,498.0,-0.0604196136821801,0.0057008723907786335,0.06481667228515063,1.9647389829672888,ExtraTreesRegressor,"{'mode': 'original', 'type': 'ExtraTreesRegressor'}",5,"['nodes_T6W30', 'l1_T6W30', 'atd_T6W30', 'density_T6W30', 'asp_T6W30']",0.025711027244611946,0.04524774037899482,498.0,0.035479383811803385,0.009768356567191437,0.1110623643153797,1.9647389829672888,3.531256850353333,3.565484656832575,498.0,3.548370753592954,0.017113903239621208,0.19457833499248003,1.9647389829672888,completed,48.46992778778076,False,COMPLETE
31,2.8459828647391032,2026-06-14 03:12:09.455638,2026-06-14 03:12:22.086010,0 days 00:00:12.630372,20,sqrt,4,11,61,ExtraTreesRegressor,5,True,-0.012530287057849929,-0.007922951625614625,498.0,-0.010226619341732277,0.002303667716117652,0.02619179402278911,1.9647389829672888,2.8346655573607857,2.8573001721174207,498.0,2.8459828647391032,0.011317307378317291,0.12867332457349037,1.9647389829672888,925074218316472.6,1024260523393692.6,498.0,974667370855082.6,49593152538610.055,563854598970165.4,1.9647389829672888,8.34030363098691,8.537406955276076,498.0,8.438855293131493,0.09855166214458269,1.1204935579183957,1.9647389829672888,2.5913765803935154,2.627482137415941,498.0,2.609429358904728,0.01805277851121268,0.20525297680586477,1.9647389829672888,499.0,0.6292585170340681,-0.01995638177510913,-0.012186820707584669,498.0,-0.0160716012413469,0.0038847805337622293,0.044168423619495883,1.9647389829672888,ExtraTreesRegressor,"{'mode': 'original', 'type': 'ExtraTreesRegressor'}",5,"['nodes_T6W30', 'l1_T6W30', 'atd_T6W30', 'density_T6W30', 'asp_T6W30']",0.06193463026992965,0.08120864559695773,498.0,0.07157163793344369,0.009637007663514035,0.10956897904711044,1.9647389829672888,3.458476729146112,3.4905896711852766,498.0,3.4745332001656943,0.016056471019582127,0.1825557474002903,1.9647389829672888,completed,12.622195959091187,True,COMPLETE
32,2.85348788078169,2026-06-14 03:12:22.098353,2026-06-14 03:13:13.561237,0 days 00:00:51.462884,7,log2,4,12,347,ExtraTreesRegressor,4,False,-0.015303214534610315,-0.010527326267697404,498.0,-0.01291527040115386,0.002387944133456456,0.027149983673350604,1.9647389829672888,2.8421338822215576,2.8648418793418227,498.0,2.85348788078169,0.01135399856013243,0.1290904888501919,1.9647389829672888,914474725474366.1,1013041741795469.1,498.0,963758233634917.6,49283508160551.48,560334064427061.7,1.9647389829672888,8.414420322631543,8.629583664542977,498.0,8.52200199358726,0.10758167095571776,1.2231611992411695,1.9647389829672888,2.5676587235898967,2.5984780567157126,498.0,2.5830683901528046,0.015409666562908146,0.17520183564309583,1.9647389829672888,499.0,0.687374749498998,-0.0310284720202969,-0.022262825396581313,498.0,-0.026645648708439107,0.004382823311857795,0.04983097372042828,1.9647389829672888,ExtraTreesRegressor,"{'mode': 'original', 'type': 'ExtraTreesRegressor'}",4,"['nodes_T6W30', 'lcc_T6W30', 'atd_T6W30', 'density_T6W30']",0.04391414952704142,0.06391067722925886,498.0,0.053912413378150136,0.00999826385110872,0.11367631952366325,1.9647389829672888,3.475877823345378,3.5088664994652197,498.0,3.492372161405299,0.016494338059920594,0.18753412307907144,1.9647389829672888,completed,51.454877853393555,False,COMPLETE
33,2.861742635351785,2026-06-14 03:13:13.573641,2026-06-14 03:13:25.130956,0 days 00:00:11.557315,4,sqrt,1,2,56,ExtraTreesRegressor,3,False,-0.018016330919258066,-0.013647639969524065,498.0,-0.015831985444391065,0.002184345474867001,0.024835147166426697,1.9647389829672888,2.8506386925644995,2.8728465781390704,498.0,2.861742635351785,0.011103942787285269,0.12624745326359266,1.9647389829672888,920446245938313.5,1018457640448046.0,498.0,969451943193179.8,49005697254866.22,557175463918801.1,1.9647389829672888,8.317577526221829,8.509252996540386,498.0,8.413415261381108,0.09583773515927797,1.0896372776941865,1.9647389829672888,2.545142220520598,2.575725905512843,498.0,2.5604340630167206,0.015291842496122778,0.17386222243995098,1.9647389829672888,499.0,0.625250501002004,-0.025731135658140423,-0.017560880684311244,498.0,-0.021646008171225833,0.00408512748691459,0.046446289517145176,1.9647389829672888,ExtraTreesRegressor,"{'mode': 'original', 'type': 'ExtraTreesRegressor'}",3,"['nodes_T6W30', 'atd_T6W30', 'asp_T6W30']",0.07225865242486434,0.09267029243481786,498.0,0.0824644724298411,0.010205820004976753,0.11603615119219726,1.9647389829672888,3.4678070881211247,3.500056089907504,498.0,3.4839315890143143,0.01612450089318941,0.1833292202516272,1.9647389829672888,completed,11.549695014953613,False,COMPLETE
34,2.8901603695089824,2026-06-14 03:13:25.143266,2026-06-14 03:13:47.638589,0 days 00:00:22.495323,10,sqrt,4,6,128,ExtraTreesRegressor,9,True,-0.02855149788176782,-0.023294527877206282,498.0,-0.02592301287948705,0.0026284850022807705,0.029884838551174235,1.9647389829672888,2.8782690286803687,2.902051710337596,498.0,2.8901603695089824,0.011891340828613583,0.13519985866829884,1.9647389829672888,927576902672163.1,1027238283138930.1,498.0,977407592905546.6,49830690233383.45,566555308942625.2,1.9647389829672888,8.457489534891922,8.655968266732588,498.0,8.556728900812255,0.09923936592033332,1.128312478814466,1.9647389829672888,2.6128682182918967,2.651905832401758,498.0,2.6323870253468273,0.019518807054930448,0.2219211435644357,1.9647389829672888,499.0,0.8056112224448898,-0.05030354512211794,-0.041071131568436524,498.0,-0.04568733834527723,0.0046162067768407075,0.052484451737413736,1.9647389829672888,ExtraTreesRegressor,"{'mode': 'original', 'type': 'ExtraTreesRegressor'}",9,"['nodes_T6W30', 'l1_T6W30', 'l2_T6W30', 'l3_T6W30', 'lcc_T6W30', 'atd_T6W30', 'density_T6W30', 'diameter_T6W30', 'asp_T6W30']",0.0036029041780630718,0.023638088146343095,498.0,0.013620496162203084,0.010017591984140012,0.11389607277872639,1.9647389829672888,3.5079092802627816,3.5408411733640115,498.0,3.5243752268133965,0.01646594655061506,0.18721132280778063,1.9647389829672888,completed,22.487254858016968,True,COMPLETE
35,2.9049589069360064,2026-06-14 03:13:47.650913,2026-06-14 03:14:44.564493,0 days 00:00:56.913580,5,,4,2,347,ExtraTreesRegressor,8,False,-0.03414834420079642,-0.028243691234472578,498.0,-0.0311960177176345,0.002952326483161922,0.033566788558082664,1.9647389829672888,2.8925498616162257,2.917367952255787,498.0,2.9049589069360064,0.012409045319780605,0.1410859546978822,1.9647389829672888,916691206824469.1,1015671195198321.9,498.0,966181201011395.5,49489994186926.39,562681729167752.0,1.9647389829672888,8.546085616471125,8.752534723193172,498.0,8.649310169832148,0.103224553361024,1.1736224893938936,1.9647389829672888,2.612119636359461,2.650514475859225,498.0,2.631317056109343,0.019197419749882184,0.21826709656952029,1.9647389829672888,499.0,0.8496993987975952,-0.06637300154382017,-0.055612786128071946,498.0,-0.060992893835946055,0.005380107707874109,0.061169704258624925,1.9647389829672888,ExtraTreesRegressor,"{'mode': 'original', 'type': 'ExtraTreesRegressor'}",8,"['nodes_T6W30', 'l1_T6W30', 'l2_T6W30', 'l3_T6W30', 'lcc_T6W30', 'atd_T6W30', 'density_T6W30', 'asp_T6W30']",-0.007475091370427617,0.012534241636933304,498.0,0.002529575133252844,0.01000466650368046,0.113749115160024,1.9647389829672888,3.5326498445079917,3.5665661617467475,498.0,3.5496080031273696,0.016958158619378057,0.19280758004157036,1.9647389829672888,completed,56.90592885017395,False,COMPLETE
36,2.837505916288949,2026-06-14 03:14:44.576971,2026-06-14 03:15:22.727266,0 days 00:00:38.150295,12,sqrt,2,12,256,ExtraTreesRegressor,2,False,-0.009087862840570646,-0.005314373341709184,498.0,-0.007201118091139915,0.0018867447494307313,0.021451544207057312,1.9647389829672888,2.826750049588048,2.8482617829898498,498.0,2.837505916288949,0.01075586670090071,0.12228996534332645,1.9647389829672888,930957932737443.2,1031121106512021.8,498.0,981039519624732.5,50081586887289.22,569407905015457.2,1.9647389829672888,8.298125587032747,8.49300516215375,498.0,8.395565374593248,0.09743978756050223,1.1078519821035953,1.9647389829672888,2.5374303361349417,2.5677908579315574,498.0,2.5526105970332496,0.015180260898307802,0.1725935836487503,1.9647389829672888,499.0,0.5210420841683366,-0.0111020436536808,-0.004528590880982477,498.0,-0.007815317267331638,0.003286726386349161,0.03736878366538114,1.9647389829672888,ExtraTreesRegressor,"{'mode': 'original', 'type': 'ExtraTreesRegressor'}",2,"['atd_T6W30', 'density_T6W30']",0.07680341219493281,0.09692654675514623,498.0,0.08686497947503952,0.010061567280106707,0.11439605456255411,1.9647389829672888,3.444887076026372,3.4766296177954,498.0,3.460758346910886,0.015871270884513986,0.1804500948546739,1.9647389829672888,completed,38.14251232147217,False,COMPLETE
37,2.888373424698608,2026-06-14 03:15:22.739558,2026-06-14 03:15:40.536762,0 days 00:00:17.797204,14,sqrt,2,2,92,ExtraTreesRegressor,5,True,-0.02832698065823435,-0.022258747948197127,498.0,-0.02529286430321574,0.0030341163550186134,0.03449670716649683,1.9647389829672888,2.8757779891986512,2.9009688601985646,498.0,2.888373424698608,0.012595435499956814,0.143205137587363,1.9647389829672888,911031016291323.4,1009477295588936.6,498.0,960254155940130.0,49223139648806.664,559647698240645.2,1.9647389829672888,8.582764676441943,8.770803063817194,498.0,8.676783870129569,0.09401919368762544,1.0689611778755483,1.9647389829672888,2.601036163513106,2.640494425907507,498.0,2.6207652947103064,0.019729131197200735,0.22431244617019824,1.9647389829672888,499.0,0.7955911823647295,-0.05295680060637779,-0.042654108786729476,498.0,-0.04780545469655363,0.0051513459098241525,0.0585687727732,1.9647389829672888,ExtraTreesRegressor,"{'mode': 'original', 'type': 'ExtraTreesRegressor'}",5,"['l1_T6W30', 'l2_T6W30', 'l3_T6W30', 'atd_T6W30', 'density_T6W30']",0.039310971364770665,0.059343309628760756,498.0,0.04932714049676571,0.010016169131995045,0.11387989551060515,1.9647389829672888,3.5107121016645877,3.544819910607509,498.0,3.5277660061360483,0.017053904471460678,0.19389617264489545,1.9647389829672888,completed,17.789611101150513,True,COMPLETE
38,2.9623572116730648,2026-06-14 03:15:40.549038,2026-06-14 03:16:41.967074,0 days 00:01:01.418036,18,,5,10,333,ExtraTreesRegressor,11,False,-0.05480790887649957,-0.04832699776160744,498.0,-0.051567453319053505,0.0032404555574460626,0.036842702576769935,1.9647389829672888,2.9492355397630554,2.975478883583074,498.0,2.9623572116730648,0.01312167191000927,0.14918823817211851,1.9647389829672888,935610089069661.2,1036907413710267.5,498.0,986258751389964.4,50648662320303.164,575855329196022.8,1.9647389829672888,8.669101529396533,8.869227610095765,498.0,8.769164569746149,0.10006304034961606,1.1376773324531537,1.9647389829672888,2.6532107115413273,2.6990525475816667,498.0,2.676131629561497,0.022920918020169573,0.2606018044170292,1.9647389829672888,499.0,0.9639278557114228,-0.10599946378504392,-0.0945504775469098,498.0,-0.10027497066597686,0.005724493119067065,0.06508523065651224,1.9647389829672888,ExtraTreesRegressor,"{'mode': 'original', 'type': 'ExtraTreesRegressor'}",11,"['nodes_T6W30', 're_T6W30', 'l1_T6W30', 'l2_T6W30', 'l3_T6W30', 'lcc_T6W30', 'lsc_T6W30', 'atd_T6W30', 'density_T6W30', 'diameter_T6W30', 'asp_T6W30']",-0.0503143349070207,-0.030742339663911156,498.0,-0.040528337285465926,0.00978599762155477,0.11126293615089076,1.9647389829672888,3.5972174381649924,3.6321284082270293,498.0,3.614672923196011,0.017455485031018285,0.19846198533823617,1.9647389829672888,completed,61.41011905670166,False,COMPLETE
39,2.876758083823636,2026-06-14 03:16:41.979392,2026-06-14 03:17:16.818073,0 days 00:00:34.838681,16,sqrt,5,5,217,ExtraTreesRegressor,11,True,-0.023423895368518105,-0.018844758454312285,498.0,-0.021134326911415195,0.002289568457102909,0.02603149100451768,1.9647389829672888,2.865300107381609,2.8882160602656635,498.0,2.876758083823636,0.011457976442027153,0.13027267638811602,1.9647389829672888,929855977083587.2,1029438915209059.2,498.0,979647446146323.2,49791469062736.02,566109379690006.6,1.9647389829672888,8.389696787995273,8.585054580340405,498.0,8.487375684167839,0.0976788961725651,1.1105705527865146,1.9647389829672888,2.5837966429867314,2.6188229529166276,498.0,2.6013097979516795,0.01751315496494826,0.19911766975844733,1.9647389829672888,499.0,0.7434869739478958,-0.03560565102163319,-0.027893620485724253,498.0,-0.03174963575367872,0.0038560152679544685,0.04384137388407772,1.9647389829672888,ExtraTreesRegressor,"{'mode': 'original', 'type': 'ExtraTreesRegressor'}",11,"['nodes_T6W30', 're_T6W30', 'pe_T6W30', 'l1_T6W30', 'l2_T6W30', 'l3_T6W30', 'lcc_T6W30', 'atd_T6W30', 'density_T6W30', 'diameter_T6W30', 'asp_T6W30']",0.010107375416870871,0.029584794902874426,498.0,0.01984608515987265,0.009738709743001778,0.11072529160859455,1.9647389829672888,3.48507881499012,3.517732422485779,498.0,3.5014056187379494,0.01632680374782944,0.18562932397834164,1.9647389829672888,completed,34.83053684234619,True,COMPLETE
40,2.8510489524817126,2026-06-14 03:17:16.830552,2026-06-14 03:18:00.386369,0 days 00:00:43.555817,17,,5,5,277,ExtraTreesRegressor,3,False,-0.015007900002604694,-0.00905184693783581,498.0,-0.012029873470220252,0.0029780265323844416,0.033858987988973764,1.9647389829672888,2.838578617979734,2.863519286983691,498.0,2.8510489524817126,0.012470334501978379,0.14178278854449905,1.9647389829672888,910951322298541.4,1009869579991081.4,498.0,960410451144811.4,49459128846270.02,562330802408975.7,1.9647389829672888,8.481505837855838,8.680123830071228,498.0,8.580814833963533,0.0993089961076952,1.1291041466024854,1.9647389829672888,2.6113412310916675,2.651684786784872,498.0,2.6315130089382697,0.020171777846601992,0.2293451641203088,1.9647389829672888,499.0,0.6833667334669339,-0.03558066404249158,-0.02528796784832267,498.0,-0.030434315945407124,0.005146348097084452,0.05851194961206142,1.9647389829672888,ExtraTreesRegressor,"{'mode': 'original', 'type': 'ExtraTreesRegressor'}",3,"['l1_T6W30', 'atd_T6W30', 'density_T6W30']",0.07127538798143193,0.09102301908758412,498.0,0.08114920353450802,0.009873815553076091,0.11226139142194443,1.9647389829672888,3.4814063570508442,3.515241311244442,498.0,3.498323834147643,0.01691747709679879,0.192345047163033,1.9647389829672888,completed,43.547794342041016,False,COMPLETE
