number,value,datetime_start,datetime_complete,duration,params_et_max_depth,params_et_max_features,params_et_min_samples_leaf,params_et_min_samples_split,params_et_n_estimators,params_regressor,params_rfe_n_features,params_use_scaler,user_attrs_d2mae_ci_lower_val,user_attrs_d2mae_ci_upper_val,user_attrs_d2mae_df_val,user_attrs_d2mae_mean_val,user_attrs_d2mae_samperror_val,user_attrs_d2mae_std_val,user_attrs_d2mae_t_critical_val,user_attrs_mae_ci_lower_val,user_attrs_mae_ci_upper_val,user_attrs_mae_df_val,user_attrs_mae_mean_val,user_attrs_mae_samperror_val,user_attrs_mae_std_val,user_attrs_mae_t_critical_val,user_attrs_mape_ci_lower_val,user_attrs_mape_ci_upper_val,user_attrs_mape_df_val,user_attrs_mape_mean_val,user_attrs_mape_samperror_val,user_attrs_mape_std_val,user_attrs_mape_t_critical_val,user_attrs_max_error_ci_lower_val,user_attrs_max_error_ci_upper_val,user_attrs_max_error_df_val,user_attrs_max_error_mean_val,user_attrs_max_error_samperror_val,user_attrs_max_error_std_val,user_attrs_max_error_t_critical_val,user_attrs_median_ae_ci_lower_val,user_attrs_median_ae_ci_upper_val,user_attrs_median_ae_df_val,user_attrs_median_ae_mean_val,user_attrs_median_ae_samperror_val,user_attrs_median_ae_std_val,user_attrs_median_ae_t_critical_val,user_attrs_n_splits_val,user_attrs_r2_below_zero_val,user_attrs_r2_ci_lower_val,user_attrs_r2_ci_upper_val,user_attrs_r2_df_val,user_attrs_r2_mean_val,user_attrs_r2_samperror_val,user_attrs_r2_std_val,user_attrs_r2_t_critical_val,user_attrs_regressor_final,user_attrs_rfe_estimator,user_attrs_rfe_n_features,user_attrs_rfe_selected_features,user_attrs_rho_ci_lower_val,user_attrs_rho_ci_upper_val,user_attrs_rho_df_val,user_attrs_rho_mean_val,user_attrs_rho_samperror_val,user_attrs_rho_std_val,user_attrs_rho_t_critical_val,user_attrs_rmse_ci_lower_val,user_attrs_rmse_ci_upper_val,user_attrs_rmse_df_val,user_attrs_rmse_mean_val,user_attrs_rmse_samperror_val,user_attrs_rmse_std_val,user_attrs_rmse_t_critical_val,user_attrs_termination_reason,user_attrs_trial_time_seconds,user_attrs_use_scaler_final,state
195,2.875430131133718,2026-06-14 04:54:09.285266,2026-06-14 04:54:58.116051,0 days 00:00:48.830785,15,sqrt,5,12,319,ExtraTreesRegressor,11,False,-0.022971358372163745,-0.018364872383856947,498.0,-0.020668115378010346,0.0023032429941533994,0.02618696510144476,1.9647389829672888,2.8639818653142473,2.8868783969531884,498.0,2.875430131133718,0.01144826581947044,0.13016227043674597,1.9647389829672888,929227306066487.8,1028691755289760.2,498.0,978959530678124.0,49732224611636.195,565435793630114.8,1.9647389829672888,8.388234903125069,8.583727944857623,498.0,8.485981423991346,0.09774652086627653,1.111339418902123,1.9647389829672888,2.583225205005582,2.6183247177732634,498.0,2.6007749613894227,0.01754975638384074,0.1995338134660951,1.9647389829672888,499.0,0.751503006012024,-0.03445195476850559,-0.026754607178443485,498.0,-0.030603280973474537,0.0038486737950310526,0.04375790423032138,1.9647389829672888,ExtraTreesRegressor,"{'mode': 'original', 'type': 'ExtraTreesRegressor'}",11,"['nodes_T6W30', 're_T6W30', 'pe_T6W30', 'l1_T6W30', 'l2_T6W30', 'l3_T6W30', 'lcc_T6W30', 'atd_T6W30', 'density_T6W30', 'diameter_T6W30', 'asp_T6W30']",0.013053586810514994,0.03262496699917299,498.0,0.022839276904843994,0.009785690094329,0.11125943968753477,1.9647389829672888,3.4831465280496134,3.515764429739778,498.0,3.4994554788946957,0.016308950845082007,0.18542634351019596,1.9647389829672888,completed,48.82291626930237,False,COMPLETE
196,2.834101400573589,2026-06-14 04:54:58.129202,2026-06-14 04:55:58.783252,0 days 00:01:00.654050,9,log2,3,8,428,ExtraTreesRegressor,2,False,-0.007661466719860899,-0.004340104643271279,498.0,-0.006000785681566089,0.0016606810382948098,0.01888128890648906,1.9647389829672888,2.823701458568902,2.8445013425782757,498.0,2.834101400573589,0.010399942004686758,0.11824324182255305,1.9647389829672888,932618000935256.8,1032473881852463.2,498.0,982545941393860.0,49927940458603.31,567661005675625.1,1.9647389829672888,8.262884712033973,8.452858351530704,498.0,8.357871531782338,0.09498681974836629,1.0799627048304508,1.9647389829672888,2.5314614558103146,2.558895072088615,498.0,2.545178263949465,0.01371680813915013,0.15595470254547292,1.9647389829672888,499.0,0.42685370741482964,-0.0030859794623536584,0.002298875692205465,498.0,-0.0003935518850740967,0.0026924275772795617,0.030611840428197347,1.9647389829672888,ExtraTreesRegressor,"{'mode': 'original', 'type': 'ExtraTreesRegressor'}",2,"['atd_T6W30', 'density_T6W30']",0.09338569622321849,0.11360542191607517,498.0,0.10349555906964683,0.010109862846428341,0.11494515611763514,1.9647389829672888,3.4326266066988382,3.4638804724202896,498.0,3.448253539559564,0.015626932860725657,0.17767206782142425,1.9647389829672888,completed,60.64600491523743,False,COMPLETE
197,2.926991975749087,2026-06-14 04:55:58.796456,2026-06-14 04:55:59.940958,0 days 00:00:01.144502,11,,5,5,173,ExtraTreesRegressor,12,False,,,,,,,,,,,,,,,,,,,,,,,,,,,,,,,,,,,,,,,,,,,,,ExtraTreesRegressor,"{'mode': 'original', 'type': 'ExtraTreesRegressor'}",12,"['nodes_T6W30', 're_T6W30', 'pe_T6W30', 'l1_T6W30', 'l2_T6W30', 'l3_T6W30', 'lcc_T6W30', 'lsc_T6W30', 'atd_T6W30', 'density_T6W30', 'diameter_T6W30', 'asp_T6W30']",,,,,,,,,,,,,,,pruned,,False,PRUNED
198,2.960922123812121,2026-06-14 04:55:59.946370,2026-06-14 04:56:01.569275,0 days 00:00:01.622905,11,sqrt,1,3,256,ExtraTreesRegressor,10,False,,,,,,,,,,,,,,,,,,,,,,,,,,,,,,,,,,,,,,,,,,,,,ExtraTreesRegressor,"{'mode': 'original', 'type': 'ExtraTreesRegressor'}",10,"['nodes_T6W30', 'pe_T6W30', 'l1_T6W30', 'l2_T6W30', 'l3_T6W30', 'lcc_T6W30', 'atd_T6W30', 'density_T6W30', 'diameter_T6W30', 'asp_T6W30']",,,,,,,,,,,,,,,pruned,,False,PRUNED
199,2.839243590397579,2026-06-14 04:56:01.574645,2026-06-14 04:56:49.128969,0 days 00:00:47.554324,4,sqrt,4,10,325,ExtraTreesRegressor,5,True,-0.009866888399028842,-0.005810557582564866,498.0,-0.007838722990796854,0.0020281654082319875,0.02305944136165739,1.9647389829672888,2.828398186948102,2.850088993847056,498.0,2.839243590397579,0.010845403449477315,0.1233079628868875,1.9647389829672888,921918929344250.6,1020418984363883.1,498.0,971168956854066.9,49250027509816.195,559953402623420.44,1.9647389829672888,8.291469249675883,8.488971742503617,498.0,8.39022049608975,0.09875124641386718,1.1227627524010522,1.9647389829672888,2.5391326385212243,2.5700724032755953,498.0,2.55460252089841,0.015469882377185431,0.17588646571948685,1.9647389829672888,499.0,0.503006012024048,-0.011321222594261148,-0.004286288354463619,498.0,-0.0078037554743623835,0.0035174671198987648,0.03999221486750936,1.9647389829672888,ExtraTreesRegressor,"{'mode': 'original', 'type': 'ExtraTreesRegressor'}",5,"['nodes_T6W30', 'lcc_T6W30', 'atd_T6W30', 'density_T6W30', 'asp_T6W30']",0.08125028918311691,0.10127494522447542,498.0,0.09126261720379616,0.010012328020679258,0.11383622358878334,1.9647389829672888,3.444669620055174,3.476548820754458,498.0,3.460609220404816,0.015939600349642122,0.18122697394352946,1.9647389829672888,completed,47.54653596878052,True,COMPLETE
200,2.847964126488928,2026-06-14 04:56:49.142253,2026-06-14 04:57:55.487261,0 days 00:01:06.345008,6,log2,4,4,458,ExtraTreesRegressor,7,True,-0.0130997694837933,-0.008784347426596702,498.0,-0.010942058455195,0.0021577110285982983,0.02453232400938017,1.9647389829672888,2.8369422241811044,2.8589860287967515,498.0,2.847964126488928,0.011021902307823416,0.125314685345476,1.9647389829672888,926121437595238.5,1025148712008904.8,498.0,975635074802071.6,49513637206833.09,562950540986027.9,1.9647389829672888,8.304018243823132,8.496577198033629,498.0,8.40029772092838,0.09627947710524873,1.0946597095228492,1.9647389829672888,2.5720795284842537,2.606814323291115,498.0,2.5894469258876844,0.01736739740343055,0.1974604637291986,1.9647389829672888,499.0,0.6052104208416834,-0.018188674075076856,-0.01090164762899594,498.0,-0.014545160852036398,0.003643513223040457,0.04142530938359964,1.9647389829672888,ExtraTreesRegressor,"{'mode': 'original', 'type': 'ExtraTreesRegressor'}",7,"['nodes_T6W30', 'l1_T6W30', 'lcc_T6W30', 'atd_T6W30', 'density_T6W30', 'diameter_T6W30', 'asp_T6W30']",0.06006838068023419,0.07955372690395195,498.0,0.06981105379209307,0.00974267311185888,0.11077035355047761,1.9647389829672888,3.4561477126515183,3.4878515147475544,498.0,3.4719996136995364,0.015851901048017827,0.18022986744765118,1.9647389829672888,completed,66.33681392669678,True,COMPLETE
201,2.856250139899104,2026-06-14 04:57:55.501684,2026-06-14 04:59:01.890393,0 days 00:01:06.388709,4,log2,3,7,458,ExtraTreesRegressor,9,False,-0.016120789179094076,-0.011663782660346659,498.0,-0.013892285919720368,0.0022285032593737097,0.025337203773032953,1.9647389829672888,2.8451496935340743,2.8673505862641337,498.0,2.856250139899104,0.011100446365029572,0.12620770032053705,1.9647389829672888,919896378546205.1,1018189318163213.9,498.0,969042848354709.5,49146469808504.36,558775992373124.3,1.9647389829672888,8.288481264807803,8.479895521454992,498.0,8.384188393131398,0.09570712832359501,1.088152329446554,1.9647389829672888,2.546025702745488,2.579871882562129,498.0,2.5629487926538084,0.016923089908320456,0.19240886261794238,1.9647389829672888,499.0,0.625250501002004,-0.021643328035380417,-0.014019680718229274,498.0,-0.017831504376804846,0.003811823658575572,0.04333893270200556,1.9647389829672888,ExtraTreesRegressor,"{'mode': 'original', 'type': 'ExtraTreesRegressor'}",9,"['nodes_T6W30', 'l1_T6W30', 'l2_T6W30', 'l3_T6W30', 'lcc_T6W30', 'atd_T6W30', 'density_T6W30', 'diameter_T6W30', 'asp_T6W30']",0.05760753513042705,0.07740618712767798,498.0,0.06750686112905252,0.009899325998625466,0.11255143513379748,1.9647389829672888,3.461616865538531,3.493383584287873,498.0,3.477500224913202,0.01588335937467101,0.18058753622350673,1.9647389829672888,completed,66.38075995445251,False,COMPLETE
202,2.8382432063069816,2026-06-14 04:59:01.903617,2026-06-14 05:00:07.575462,0 days 00:01:05.671845,2,log2,2,6,472,ExtraTreesRegressor,9,True,-0.009176646697980352,-0.005784306557991817,498.0,-0.007480476627986085,0.0016961700699942676,0.019284785210160384,1.9647389829672888,2.8278402399479337,2.8486461726660295,498.0,2.8382432063069816,0.010402966359047855,0.118277627539696,1.9647389829672888,928169544708759.5,1026857676042603.8,498.0,977513610375681.6,49344065666922.1,561022579407888.1,1.9647389829672888,8.184615811620809,8.364502937489032,498.0,8.27455937455492,0.08994356293411196,1.022622862474371,1.9647389829672888,2.5552938696009693,2.5875639900591554,498.0,2.5714289298300623,0.016135060229092994,0.18344927573926076,1.9647389829672888,499.0,0.4088176352705411,-0.0011499051608422001,0.004110827075779831,498.0,0.0014804609574688157,0.002630366118311016,0.029906226099062513,1.9647389829672888,ExtraTreesRegressor,"{'mode': 'original', 'type': 'ExtraTreesRegressor'}",9,"['nodes_T6W30', 're_T6W30', 'l1_T6W30', 'l3_T6W30', 'lcc_T6W30', 'atd_T6W30', 'density_T6W30', 'diameter_T6W30', 'asp_T6W30']",0.11218479658425488,0.1323612613394412,498.0,0.12227302896184804,0.010088232377593155,0.1146992262118663,1.9647389829672888,3.4295518225622974,3.460262901274711,498.0,3.444907361918504,0.015355539356207017,0.1745864306352355,1.9647389829672888,completed,65.66367697715759,True,COMPLETE
203,2.9225970976272224,2026-06-14 05:00:07.588536,2026-06-14 05:00:09.443806,0 days 00:00:01.855270,20,,2,8,259,ExtraTreesRegressor,5,False,,,,,,,,,,,,,,,,,,,,,,,,,,,,,,,,,,,,,,,,,,,,,ExtraTreesRegressor,"{'mode': 'original', 'type': 'ExtraTreesRegressor'}",5,"['l1_T6W30', 'l2_T6W30', 'l3_T6W30', 'density_T6W30', 'asp_T6W30']",,,,,,,,,,,,,,,pruned,,False,PRUNED
204,2.8343744621469313,2026-06-14 05:00:09.449224,2026-06-14 05:00:51.100534,0 days 00:00:41.651310,4,log2,4,11,286,ExtraTreesRegressor,2,True,-0.0075170378320358385,-0.004677140606864199,498.0,-0.006097089219450019,0.0014199486125858196,0.016144256102382067,1.9647389829672888,2.8242591523056486,2.844489771988214,498.0,2.8343744621469313,0.010115309841282758,0.11500708630238876,1.9647389829672888,935072784556752.4,1034569597144213.6,498.0,984821190850483.0,49748406293730.66,565619772978088.9,1.9647389829672888,8.203970879560657,8.384671561832832,498.0,8.294321220696744,0.09035034113608646,1.027247770313524,1.9647389829672888,2.5316614372175783,2.5573182035882303,498.0,2.5444898204029043,0.012828383185325833,0.14585366096188565,1.9647389829672888,499.0,0.3286573146292585,0.0038270734164516465,0.007948411448224573,498.0,0.005887742432338109,0.002060669015886463,0.02342899457053697,1.9647389829672888,ExtraTreesRegressor,"{'mode': 'original', 'type': 'ExtraTreesRegressor'}",2,"['atd_T6W30', 'density_T6W30']",0.11807389787765361,0.13878410165775604,498.0,0.12842899976770483,0.010355101890051217,0.11773342739129834,1.9647389829672888,3.4222550987555986,3.452937510921116,498.0,3.4375963048383573,0.015341206082758574,0.17442346696508146,1.9647389829672888,completed,41.64343190193176,True,COMPLETE
205,2.9140177796224753,2026-06-14 05:00:51.113677,2026-06-14 05:00:51.999651,0 days 00:00:00.885974,19,,4,11,124,ExtraTreesRegressor,8,False,,,,,,,,,,,,,,,,,,,,,,,,,,,,,,,,,,,,,,,,,,,,,ExtraTreesRegressor,"{'mode': 'original', 'type': 'ExtraTreesRegressor'}",8,"['nodes_T6W30', 're_T6W30', 'l1_T6W30', 'l2_T6W30', 'l3_T6W30', 'atd_T6W30', 'density_T6W30', 'asp_T6W30']",,,,,,,,,,,,,,,pruned,,False,PRUNED
206,2.8484297735242947,2026-06-14 05:00:52.005043,2026-06-14 05:01:53.514380,0 days 00:01:01.509337,10,log2,4,2,413,ExtraTreesRegressor,5,False,-0.013499913118568031,-0.008738561688463974,498.0,-0.011119237403516002,0.002380675715052029,0.027067344620683303,1.9647389829672888,2.837110803175769,2.8597487438728204,498.0,2.8484297735242947,0.011318970348525744,0.12869223188935935,1.9647389829672888,921398900560264.5,1020313268047350.8,498.0,970856084303807.6,49457183743543.13,562308687357564.6,1.9647389829672888,8.397144362883243,8.595361379544855,498.0,8.496252871214049,0.09910850833080537,1.1268246795944417,1.9647389829672888,2.583695789192947,2.619639626404786,498.0,2.6016677077988666,0.017971918605919495,0.20433363155076414,1.9647389829672888,499.0,0.6633266533066132,-0.027716797485481497,-0.019422523294194124,498.0,-0.02356966038983781,0.004147137095643685,0.0471513143294924,1.9647389829672888,ExtraTreesRegressor,"{'mode': 'original', 'type': 'ExtraTreesRegressor'}",5,"['nodes_T6W30', 'l1_T6W30', 'lcc_T6W30', 'atd_T6W30', 'density_T6W30']",0.05227667087747158,0.07180270362179947,498.0,0.062039687249635524,0.009763016372163943,0.11100164840256685,1.9647389829672888,3.4709850454429763,3.503363971837212,498.0,3.487174508640094,0.01618946319711772,0.18406781604468872,1.9647389829672888,completed,61.501559019088745,False,COMPLETE
207,2.924241342588094,2026-06-14 05:01:53.527490,2026-06-14 05:01:54.470115,0 days 00:00:00.942625,18,,5,11,142,ExtraTreesRegressor,11,True,,,,,,,,,,,,,,,,,,,,,,,,,,,,,,,,,,,,,,,,,,,,,ExtraTreesRegressor,"{'mode': 'original', 'type': 'ExtraTreesRegressor'}",11,"['nodes_T6W30', 're_T6W30', 'l1_T6W30', 'l2_T6W30', 'l3_T6W30', 'lcc_T6W30', 'lsc_T6W30', 'atd_T6W30', 'density_T6W30', 'diameter_T6W30', 'asp_T6W30']",,,,,,,,,,,,,,,pruned,,True,PRUNED
208,2.944008634577453,2026-06-14 05:01:54.475709,2026-06-14 05:02:41.787709,0 days 00:00:47.312000,19,,3,7,259,ExtraTreesRegressor,6,False,-0.04865991483476093,-0.041436723312377195,498.0,-0.045048319073569064,0.003611595761191866,0.04106242042152425,1.9647389829672888,2.930173817380684,2.957843451774222,498.0,2.944008634577453,0.013834817196768889,0.15729641902148578,1.9647389829672888,929532034866154.9,1030857785989823.9,498.0,980194910427989.4,50662875561834.45,576016928150585.1,1.9647389829672888,8.766865760843245,8.960427534087476,498.0,8.86364664746536,0.09678088662211443,1.1003605381167165,1.9647389829672888,2.644741556655312,2.6885892724951486,498.0,2.66666541457523,0.021923857919918334,0.24926562403328312,1.9647389829672888,499.0,0.9098196392785571,-0.09873853316249127,-0.08587112635552878,498.0,-0.09230482975901003,0.006433703403481247,0.07314867208005445,1.9647389829672888,ExtraTreesRegressor,"{'mode': 'original', 'type': 'ExtraTreesRegressor'}",6,"['l1_T6W30', 'l2_T6W30', 'l3_T6W30', 'atd_T6W30', 'density_T6W30', 'asp_T6W30']",-0.001079397322262329,0.01896080406234845,498.0,0.008940703370043062,0.01002010069230539,0.11392459580184779,1.9647389829672888,3.5831093357387713,3.618875577039643,498.0,3.600992456389207,0.017883120650435923,0.20332403379350159,1.9647389829672888,completed,47.30430293083191,False,COMPLETE
209,2.9198847177005494,2026-06-14 05:02:41.801612,2026-06-14 05:03:08.565084,0 days 00:00:26.763472,11,,4,5,141,ExtraTreesRegressor,6,False,-0.03979268728373333,-0.033138590753257195,498.0,-0.03646563901849526,0.0033270482652380676,0.03782722753690005,1.9647389829672888,2.906576783628001,2.9331926517730977,498.0,2.9198847177005494,0.013307934072548162,0.15130596555151665,1.9647389829672888,924818375046408.4,1025128442444925.1,498.0,974973408745666.8,50155033699258.36,570242966321073.0,1.9647389829672888,8.668692857303771,8.866268377553688,498.0,8.76748061742873,0.0987877601249574,1.1231778989055552,1.9647389829672888,2.627912276091416,2.6708664451302178,498.0,2.649389360610817,0.021477084519400644,0.24418598654939236,1.9647389829672888,499.0,0.87374749498998,-0.07829990856761353,-0.06658105672522015,498.0,-0.07244048264641684,0.005859425921196687,0.06661936343771598,1.9647389829672888,ExtraTreesRegressor,"{'mode': 'original', 'type': 'ExtraTreesRegressor'}",6,"['l1_T6W30', 'l2_T6W30', 'l3_T6W30', 'atd_T6W30', 'density_T6W30', 'asp_T6W30']",0.006860265025939283,0.026901427310373073,498.0,0.016880846168156178,0.010020581142216895,0.11393005832798919,1.9647389829672888,3.5509934279809925,3.58603899077552,498.0,3.5685162093782563,0.01752278139726367,0.19922711849995442,1.9647389829672888,completed,26.75575590133667,False,COMPLETE
210,2.8881942468635624,2026-06-14 05:03:08.578272,2026-06-14 05:03:09.258054,0 days 00:00:00.679782,15,log2,2,10,121,ExtraTreesRegressor,13,True,,,,,,,,,,,,,,,,,,,,,,,,,,,,,,,,,,,,,,,,,,,,,ExtraTreesRegressor,"{'mode': 'original', 'type': 'ExtraTreesRegressor'}",13,"['nodes_T6W30', 'edges_T6W30', 're_T6W30', 'pe_T6W30', 'l1_T6W30', 'l2_T6W30', 'l3_T6W30', 'lcc_T6W30', 'lsc_T6W30', 'atd_T6W30', 'density_T6W30', 'diameter_T6W30', 'asp_T6W30']",,,,,,,,,,,,,,,pruned,,True,PRUNED
211,2.9235774809603536,2026-06-14 05:03:09.263442,2026-06-14 05:03:10.073082,0 days 00:00:00.809640,18,log2,1,9,133,ExtraTreesRegressor,12,False,,,,,,,,,,,,,,,,,,,,,,,,,,,,,,,,,,,,,,,,,,,,,ExtraTreesRegressor,"{'mode': 'original', 'type': 'ExtraTreesRegressor'}",12,"['nodes_T6W30', 'edges_T6W30', 'pe_T6W30', 'l1_T6W30', 'l2_T6W30', 'l3_T6W30', 'lcc_T6W30', 'lsc_T6W30', 'atd_T6W30', 'density_T6W30', 'diameter_T6W30', 'asp_T6W30']",,,,,,,,,,,,,,,pruned,,False,PRUNED
212,2.9215746289441493,2026-06-14 05:03:10.078652,2026-06-14 05:04:30.657565,0 days 00:01:20.578913,9,,4,12,486,ExtraTreesRegressor,7,True,-0.04027989765388634,-0.03384986005869607,498.0,-0.03706487885629121,0.003215018797595135,0.036553496642267605,1.9647389829672888,2.908476171472606,2.9346730864156925,498.0,2.9215746289441493,0.013098457471543049,0.1489242991559106,1.9647389829672888,923311336857282.2,1023474279004336.8,498.0,973392807930809.5,50081471073527.25,569406588258627.5,1.9647389829672888,8.664834429688337,8.870309002923868,498.0,8.767571716306103,0.10273728661776506,1.168082458562059,1.9647389829672888,2.644234725242116,2.6863238851379245,498.0,2.6652793051900203,0.021044579947904086,0.2392685800279155,1.9647389829672888,499.0,0.8857715430861723,-0.08100527960777824,-0.06948829180721271,498.0,-0.07524678570749548,0.005758493900282773,0.06547180613872482,1.9647389829672888,ExtraTreesRegressor,"{'mode': 'original', 'type': 'ExtraTreesRegressor'}",7,"['nodes_T6W30', 'l1_T6W30', 'l2_T6W30', 'l3_T6W30', 'atd_T6W30', 'density_T6W30', 'asp_T6W30']",-0.009341292827913624,0.010595530619395586,498.0,0.0006271188957409808,0.009968411723654605,0.11333691259967427,1.9647389829672888,3.5557891491401348,3.590812703696855,498.0,3.573300926418495,0.017511777278360216,0.19910200600490793,1.9647389829672888,completed,80.57093715667725,True,COMPLETE
213,2.8748285315130477,2026-06-14 05:04:30.671090,2026-06-14 05:05:17.358740,0 days 00:00:46.687650,12,log2,5,9,302,ExtraTreesRegressor,12,True,-0.022670095101510336,-0.018251321551440165,498.0,-0.02046070832647525,0.0022093867750350837,0.025119856880191572,1.9647389829672888,2.863564548760435,2.8860925142656604,498.0,2.8748285315130477,0.011263982752612863,0.12806704459525353,1.9647389829672888,930623551565242.6,1030086478157511.1,498.0,980355014861376.9,49731463296134.305,565427137772903.9,1.9647389829672888,8.36380713353235,8.556735906153937,498.0,8.460271519843143,0.09646438631079447,1.0967620543144556,1.9647389829672888,2.5776690192875464,2.612122683407295,498.0,2.5948958513474207,0.01722683205987442,0.19586229117184323,1.9647389829672888,499.0,0.7334669338677354,-0.032681804640082746,-0.02542085775406963,498.0,-0.02905133119707619,0.0036304734430065585,0.041277052223784104,1.9647389829672888,ExtraTreesRegressor,"{'mode': 'original', 'type': 'ExtraTreesRegressor'}",12,"['nodes_T6W30', 're_T6W30', 'pe_T6W30', 'l1_T6W30', 'l2_T6W30', 'l3_T6W30', 'lcc_T6W30', 'lsc_T6W30', 'atd_T6W30', 'density_T6W30', 'diameter_T6W30', 'asp_T6W30']",0.011691071933431291,0.03087845827488671,498.0,0.021284765104159,0.00959369317072771,0.10907651033501121,1.9647389829672888,3.4807662544993296,3.512980455828217,498.0,3.4968733551637734,0.016107100664443787,0.1831313865084766,1.9647389829672888,completed,46.67967700958252,True,COMPLETE
214,2.9074416202320275,2026-06-14 05:05:17.372080,2026-06-14 05:05:19.575477,0 days 00:00:02.203397,7,,5,7,370,ExtraTreesRegressor,11,True,,,,,,,,,,,,,,,,,,,,,,,,,,,,,,,,,,,,,,,,,,,,,ExtraTreesRegressor,"{'mode': 'original', 'type': 'ExtraTreesRegressor'}",11,"['nodes_T6W30', 're_T6W30', 'l1_T6W30', 'l2_T6W30', 'l3_T6W30', 'lcc_T6W30', 'lsc_T6W30', 'atd_T6W30', 'density_T6W30', 'diameter_T6W30', 'asp_T6W30']",,,,,,,,,,,,,,,pruned,,True,PRUNED
