number,value,datetime_start,datetime_complete,duration,params_et_max_depth,params_et_max_features,params_et_min_samples_leaf,params_et_min_samples_split,params_et_n_estimators,params_regressor,params_rfe_n_features,params_use_scaler,user_attrs_d2mae_ci_lower_val,user_attrs_d2mae_ci_upper_val,user_attrs_d2mae_df_val,user_attrs_d2mae_mean_val,user_attrs_d2mae_samperror_val,user_attrs_d2mae_std_val,user_attrs_d2mae_t_critical_val,user_attrs_mae_ci_lower_val,user_attrs_mae_ci_upper_val,user_attrs_mae_df_val,user_attrs_mae_mean_val,user_attrs_mae_samperror_val,user_attrs_mae_std_val,user_attrs_mae_t_critical_val,user_attrs_mape_ci_lower_val,user_attrs_mape_ci_upper_val,user_attrs_mape_df_val,user_attrs_mape_mean_val,user_attrs_mape_samperror_val,user_attrs_mape_std_val,user_attrs_mape_t_critical_val,user_attrs_max_error_ci_lower_val,user_attrs_max_error_ci_upper_val,user_attrs_max_error_df_val,user_attrs_max_error_mean_val,user_attrs_max_error_samperror_val,user_attrs_max_error_std_val,user_attrs_max_error_t_critical_val,user_attrs_median_ae_ci_lower_val,user_attrs_median_ae_ci_upper_val,user_attrs_median_ae_df_val,user_attrs_median_ae_mean_val,user_attrs_median_ae_samperror_val,user_attrs_median_ae_std_val,user_attrs_median_ae_t_critical_val,user_attrs_n_splits_val,user_attrs_r2_below_zero_val,user_attrs_r2_ci_lower_val,user_attrs_r2_ci_upper_val,user_attrs_r2_df_val,user_attrs_r2_mean_val,user_attrs_r2_samperror_val,user_attrs_r2_std_val,user_attrs_r2_t_critical_val,user_attrs_regressor_final,user_attrs_rfe_estimator,user_attrs_rfe_n_features,user_attrs_rfe_selected_features,user_attrs_rho_ci_lower_val,user_attrs_rho_ci_upper_val,user_attrs_rho_df_val,user_attrs_rho_mean_val,user_attrs_rho_samperror_val,user_attrs_rho_std_val,user_attrs_rho_t_critical_val,user_attrs_rmse_ci_lower_val,user_attrs_rmse_ci_upper_val,user_attrs_rmse_df_val,user_attrs_rmse_mean_val,user_attrs_rmse_samperror_val,user_attrs_rmse_std_val,user_attrs_rmse_t_critical_val,user_attrs_termination_reason,user_attrs_trial_time_seconds,user_attrs_use_scaler_final,state
69,2.8475014821298,2026-06-14 03:37:48.436051,2026-06-14 03:38:30.413896,0 days 00:00:41.977845,6,log2,4,3,278,ExtraTreesRegressor,7,False,-0.012933777963026713,-0.008620409197675127,498.0,-0.01077709358035092,0.002156684382675793,0.024520651449857604,1.9647389829672888,2.8364792950811375,2.8585236691784623,498.0,2.8475014821298,0.011022187048662617,0.12531792273659711,1.9647389829672888,925376361888406.9,1024315734695675.1,498.0,974846048292041.0,49469686403634.07,562450837675315.56,1.9647389829672888,8.303685840307462,8.496294823103852,498.0,8.399990331705657,0.09630449139819573,1.0949441121751544,1.9647389829672888,2.570306833445688,2.6046501734791745,498.0,2.5874785034624312,0.017171670016743197,0.1952351204816171,1.9647389829672888,499.0,0.6032064128256514,-0.018212660052501998,-0.010867769714469601,498.0,-0.0145402148834858,0.0036724451690161993,0.04175425420683664,1.9647389829672888,ExtraTreesRegressor,"{'mode': 'original', 'type': 'ExtraTreesRegressor'}",7,"['nodes_T6W30', 'l1_T6W30', 'lcc_T6W30', 'atd_T6W30', 'density_T6W30', 'diameter_T6W30', 'asp_T6W30']",0.0601336618379352,0.0796184902354736,498.0,0.0698760760367044,0.0097424141987692,0.11076740981068942,1.9647389829672888,3.4561117497036906,3.4878396814378845,498.0,3.4719757155707875,0.015863965867096767,0.18036703968565534,1.9647389829672888,completed,41.9701292514801,False,COMPLETE
70,2.8524768233375175,2026-06-14 03:38:30.426167,2026-06-14 03:39:01.836270,0 days 00:00:31.410103,4,log2,5,2,201,ExtraTreesRegressor,10,True,-0.014584504041231626,-0.010473406856807433,498.0,-0.01252895544901953,0.0020555485922120957,0.023370777371394008,1.9647389829672888,2.841514489033038,2.863439157641997,498.0,2.8524768233375175,0.010962334304479513,0.12463742062408564,1.9647389829672888,922349742194035.8,1020753165270890.5,498.0,971551453732463.1,49201711538427.31,559404069070766.75,1.9647389829672888,8.284043832330903,8.475041085899223,498.0,8.379542459115063,0.0954986267841598,1.0857817491167117,1.9647389829672888,2.554633114876998,2.5872970473884185,498.0,2.5709650811327083,0.01633196625571018,0.18568801965832502,1.9647389829672888,499.0,0.5751503006012024,-0.01566736650404472,-0.008945175861659386,498.0,-0.012306271182852054,0.003361095321192667,0.03821432914465627,1.9647389829672888,ExtraTreesRegressor,"{'mode': 'original', 'type': 'ExtraTreesRegressor'}",10,"['nodes_T6W30', 're_T6W30', 'l1_T6W30', 'l2_T6W30', 'l3_T6W30', 'lcc_T6W30', 'atd_T6W30', 'density_T6W30', 'diameter_T6W30', 'asp_T6W30']",0.060830707290546404,0.08037259775653977,498.0,0.07060165252354308,0.00977094523299668,0.11109179642535391,1.9647389829672888,3.45252397023229,3.484284426599611,498.0,3.4684041984159504,0.015880228183660503,0.1805519358157659,1.9647389829672888,completed,31.402479887008667,True,COMPLETE
71,2.873771187832044,2026-06-14 03:39:01.848527,2026-06-14 03:39:42.897283,0 days 00:00:41.048756,9,log2,5,5,262,ExtraTreesRegressor,10,True,-0.022402058844380637,-0.01775402190161754,498.0,-0.02007804037299909,0.0023240184713815503,0.02642317408960643,1.9647389829672888,2.862284697168506,2.8852576784955826,498.0,2.873771187832044,0.011486490663538443,0.1305968718488236,1.9647389829672888,925173498127560.2,1024299760256248.8,498.0,974736629191904.5,49563131064344.2,563513266639669.0,1.9647389829672888,8.391971833412263,8.587178415845191,498.0,8.489575124628727,0.09760329121646398,1.1097109542326746,1.9647389829672888,2.5900054282678777,2.626057364982496,498.0,2.608031396625187,0.018025968357309224,0.2049481559222601,1.9647389829672888,499.0,0.7555110220440882,-0.034069735297856195,-0.026314942023264006,498.0,-0.0301923386605601,0.003877396637296093,0.04408447162677856,1.9647389829672888,ExtraTreesRegressor,"{'mode': 'original', 'type': 'ExtraTreesRegressor'}",10,"['nodes_T6W30', 're_T6W30', 'l1_T6W30', 'l2_T6W30', 'l3_T6W30', 'lcc_T6W30', 'atd_T6W30', 'density_T6W30', 'diameter_T6W30', 'asp_T6W30']",0.015821164307792738,0.03554411481214127,498.0,0.025682639559967007,0.009861475252174269,0.11212108706418555,1.9647389829672888,3.482407854478196,3.5151147438782973,498.0,3.4987612991782466,0.016353444700050405,0.18593222110550128,1.9647389829672888,completed,41.04104924201965,True,COMPLETE
72,2.8342803999692365,2026-06-14 03:39:42.909726,2026-06-14 03:39:57.443851,0 days 00:00:14.534125,16,log2,5,8,79,ExtraTreesRegressor,3,True,-0.007503524867170955,-0.0046169286702925855,498.0,-0.00606022676873177,0.0014432980984391845,0.016409730554157613,1.9647389829672888,2.8241122997035997,2.8444485002348734,498.0,2.8342803999692365,0.01016810026563679,0.11560729262180822,1.9647389829672888,933605261073219.1,1032914315922391.9,498.0,983259788497805.5,49654527424586.336,564552407234966.6,1.9647389829672888,8.225083467660161,8.409505450540609,498.0,8.317294459100385,0.09221099144022314,1.0484026309617944,1.9647389829672888,2.534889783833553,2.560108161399547,498.0,2.54749897261655,0.012609188782996977,0.14336150699515768,1.9647389829672888,499.0,0.36072144288577157,0.0018680761066955601,0.006194902024857356,498.0,0.004031489065776458,0.002163412959080898,0.024597152711752314,1.9647389829672888,ExtraTreesRegressor,"{'mode': 'original', 'type': 'ExtraTreesRegressor'}",3,"['nodes_T6W30', 'atd_T6W30', 'density_T6W30']",0.10212092042957373,0.12230294618282504,498.0,0.11221193330619939,0.010091012876625656,0.1147308393900301,1.9647389829672888,3.4253781850756786,3.456186984201513,498.0,3.4407825846385958,0.015404399562917153,0.17514195192900073,1.9647389829672888,completed,14.5262610912323,True,COMPLETE
73,2.8424311449978665,2026-06-14 03:39:57.456238,2026-06-14 03:40:49.135118,0 days 00:00:51.678880,11,log2,5,5,350,ExtraTreesRegressor,6,False,-0.011064750432951437,-0.0068896665037826675,498.0,-0.008977208468367052,0.0020875419645843846,0.02373452940620639,1.9647389829672888,2.831525457962949,2.853336832032784,498.0,2.8424311449978665,0.010905687034917603,0.12399336349469224,1.9647389829672888,925524036376369.2,1024466566549069.2,498.0,974995301462719.2,49471265086349.984,562468786675613.4,1.9647389829672888,8.299221892250621,8.493582070285303,498.0,8.396401981267962,0.09718008901734088,1.1048993120188817,1.9647389829672888,2.5801313829753836,2.614082899526575,498.0,2.597107141250979,0.01697575827559578,0.19300768119648143,1.9647389829672888,499.0,0.5731462925851704,-0.014436200782305416,-0.007477500460201738,498.0,-0.010956850621253577,0.003479350161051839,0.03955884006787622,1.9647389829672888,ExtraTreesRegressor,"{'mode': 'original', 'type': 'ExtraTreesRegressor'}",6,"['nodes_T6W30', 'l1_T6W30', 'lcc_T6W30', 'atd_T6W30', 'density_T6W30', 'asp_T6W30']",0.06179332125171717,0.08133728055711419,498.0,0.07156530090441568,0.009771979652698505,0.11110355736968358,1.9647389829672888,3.450149095947492,3.4817750950554003,498.0,3.465962095501446,0.01581299955395417,0.17978757279180071,1.9647389829672888,completed,51.670913219451904,False,COMPLETE
74,2.9482262732183804,2026-06-14 03:40:49.147518,2026-06-14 03:41:57.179776,0 days 00:01:08.032258,11,,5,4,387,ExtraTreesRegressor,9,True,-0.049688509133422154,-0.043344547316320856,498.0,-0.046516528224871505,0.003171980908550649,0.03606417280569948,1.9647389829672888,2.935100803246099,2.961351743190662,498.0,2.9482262732183804,0.013125469972281548,0.14923142064328188,1.9647389829672888,924614851600660.1,1024790547338803.6,498.0,974702699469731.9,50087847869071.71,569479089910778.8,1.9647389829672888,8.663546699696756,8.865994651738752,498.0,8.764770675717754,0.10122397602099917,1.1508767134948863,1.9647389829672888,2.6524296830764817,2.6967302935193804,498.0,2.674579988297931,0.02215030522144946,0.2518402406054662,1.9647389829672888,499.0,0.9418837675350702,-0.09621059414172271,-0.08495058783444466,498.0,-0.09058059098808369,0.005630003153639027,0.0640109169894863,1.9647389829672888,ExtraTreesRegressor,"{'mode': 'original', 'type': 'ExtraTreesRegressor'}",9,"['nodes_T6W30', 're_T6W30', 'l1_T6W30', 'l2_T6W30', 'l3_T6W30', 'lcc_T6W30', 'atd_T6W30', 'density_T6W30', 'asp_T6W30']",-0.04063174910134279,-0.020882675606082625,498.0,-0.030757212353712707,0.009874536747630084,0.11226959111978992,1.9647389829672888,3.5813401397675504,3.616327402077304,498.0,3.598833770922427,0.01749363115487683,0.19889569173255706,1.9647389829672888,completed,68.02425789833069,True,COMPLETE
75,2.9787443898850388,2026-06-14 03:41:57.192180,2026-06-14 03:42:59.557696,0 days 00:01:02.365516,8,,4,3,333,ExtraTreesRegressor,11,False,-0.06069935094964993,-0.05406018964023561,498.0,-0.05737977029494277,0.0033195806547071604,0.037742323748259234,1.9647389829672888,2.9654072171084502,2.9920815626616273,498.0,2.9787443898850388,0.013337172776588444,0.15163839809304958,1.9647389829672888,936383126166662.1,1037790371979859.9,498.0,987086749073261.0,50703622906598.91,576480209401426.6,1.9647389829672888,8.715699753573183,8.915075171527459,498.0,8.815387462550321,0.0996877089771375,1.1334099626717093,1.9647389829672888,2.6638808151072126,2.7090815326626414,498.0,2.686481173884927,0.022600358777714498,0.25695717216744657,1.9647389829672888,499.0,0.9659318637274549,-0.1186832109650796,-0.10676562276506572,498.0,-0.11272441686507266,0.005958794100006938,0.06774914046832174,1.9647389829672888,ExtraTreesRegressor,"{'mode': 'original', 'type': 'ExtraTreesRegressor'}",11,"['nodes_T6W30', 're_T6W30', 'l1_T6W30', 'l2_T6W30', 'l3_T6W30', 'lcc_T6W30', 'lsc_T6W30', 'atd_T6W30', 'density_T6W30', 'diameter_T6W30', 'asp_T6W30']",-0.059213807244340985,-0.03979846489435887,498.0,-0.04950613606934993,0.009707671174991061,0.11037239532307075,1.9647389829672888,3.617334831723285,3.6523586383905946,498.0,3.63484673505694,0.017511903333654665,0.19910343920392556,1.9647389829672888,completed,62.35776901245117,False,COMPLETE
76,2.9181470540899466,2026-06-14 03:42:59.570088,2026-06-14 03:43:27.866480,0 days 00:00:28.296392,16,log2,3,2,162,ExtraTreesRegressor,11,False,-0.03857336473840153,-0.03316970651241055,498.0,-0.03587153562540604,0.0027018291129954886,0.03071873218400336,1.9647389829672888,2.9061222823326216,2.9301718258472715,498.0,2.9181470540899466,0.012024771757324953,0.13671691574064754,1.9647389829672888,930765730248170.2,1030861654129883.2,498.0,980813692189026.8,50047961940856.48,569025602626604.9,1.9647389829672888,8.544343896152572,8.741780617037207,498.0,8.64306225659489,0.09871836044231813,1.1223888518653866,1.9647389829672888,2.618330799738142,2.6592855659776435,498.0,2.638808182857893,0.02047738311975066,0.23281977563245768,1.9647389829672888,499.0,0.8977955911823647,-0.07201839929637563,-0.06258343114734627,498.0,-0.06730091522186095,0.004717484074514679,0.053635934697088064,1.9647389829672888,ExtraTreesRegressor,"{'mode': 'original', 'type': 'ExtraTreesRegressor'}",11,"['nodes_T6W30', 're_T6W30', 'l1_T6W30', 'l2_T6W30', 'l3_T6W30', 'lcc_T6W30', 'lsc_T6W30', 'atd_T6W30', 'density_T6W30', 'diameter_T6W30', 'asp_T6W30']",-0.028628279102561313,-0.009826575082554486,498.0,-0.0192274270925579,0.009400852010003414,0.10688398233912538,1.9647389829672888,3.543985630063815,3.5771498212015005,498.0,3.5605677256326578,0.016582095568842888,0.1885318913689876,1.9647389829672888,completed,28.288808822631836,False,COMPLETE
77,2.933319057296487,2026-06-14 03:43:27.878981,2026-06-14 03:43:47.840369,0 days 00:00:19.961388,9,log2,1,10,107,ExtraTreesRegressor,9,False,-0.0443679068394833,-0.03811754617798403,498.0,-0.04124272650873367,0.0031251803307496325,0.03553206868090081,1.9647389829672888,2.9204080117578797,2.9462301028350946,498.0,2.933319057296487,0.01291104553860751,0.1467934993402441,1.9647389829672888,926074719441517.2,1025952994608866.0,498.0,976013857025191.6,49939137583674.32,567788312574730.1,1.9647389829672888,8.625649114866192,8.830352436063563,498.0,8.728000775464878,0.1023516605986854,1.1636980427060326,1.9647389829672888,2.633625028692205,2.67789632261402,498.0,2.6557606756531125,0.02213564696090763,0.25167358196014256,1.9647389829672888,499.0,0.9078156312625251,-0.08260404569893316,-0.07148058762025454,498.0,-0.07704231665959385,0.0055617290393393136,0.0632346672177353,1.9647389829672888,ExtraTreesRegressor,"{'mode': 'original', 'type': 'ExtraTreesRegressor'}",9,"['nodes_T6W30', 're_T6W30', 'l1_T6W30', 'l2_T6W30', 'l3_T6W30', 'atd_T6W30', 'density_T6W30', 'diameter_T6W30', 'asp_T6W30']",-0.02124487425532941,-0.001243378357251957,498.0,-0.011244126306290684,0.010000747949038727,0.11370456273810775,1.9647389829672888,3.5590162285127405,3.5938678263811332,498.0,3.576442027446937,0.017425798934196317,0.19812446611709955,1.9647389829672888,completed,19.953819036483765,False,COMPLETE
78,2.871515859869903,2026-06-14 03:43:47.852899,2026-06-14 03:44:14.747639,0 days 00:00:26.894740,8,sqrt,5,3,163,ExtraTreesRegressor,13,True,-0.02144165888278475,-0.017119999306394573,498.0,-0.019280829094589662,0.002160829788195089,0.024567783076846466,1.9647389829672888,2.860319100413269,2.882712619326537,498.0,2.871515859869903,0.011196759456633896,0.12730274221366641,1.9647389829672888,930330331622479.9,1029632285640746.1,498.0,979981308631613.0,49650977009133.15,564512040410535.1,1.9647389829672888,8.35359329382803,8.545627220897074,498.0,8.449610257362552,0.09601696353452244,1.0916750336841665,1.9647389829672888,2.573930072120839,2.608619246171572,498.0,2.5912746591462055,0.017344587025366353,0.19720111872051552,1.9647389829672888,499.0,0.7354709418837675,-0.030685425791761606,-0.02353407484153826,498.0,-0.027109750316649934,0.003575675475111674,0.0406540209255077,1.9647389829672888,ExtraTreesRegressor,"{'mode': 'original', 'type': 'ExtraTreesRegressor'}",13,"['nodes_T6W30', 'edges_T6W30', 're_T6W30', 'pe_T6W30', 'l1_T6W30', 'l2_T6W30', 'l3_T6W30', 'lcc_T6W30', 'lsc_T6W30', 'atd_T6W30', 'density_T6W30', 'diameter_T6W30', 'asp_T6W30']",0.016495520080958722,0.035647653497960174,498.0,0.02607158678945945,0.009576066708500728,0.10887610440633949,1.9647389829672888,3.4775023367747426,3.509793207388973,498.0,3.4936477720818577,0.01614543530711518,0.1835672362874015,1.9647389829672888,completed,26.886881113052368,True,COMPLETE
79,2.8715246829248655,2026-06-14 03:44:14.759989,2026-06-14 03:44:57.725984,0 days 00:00:42.965995,13,sqrt,5,2,278,ExtraTreesRegressor,13,False,-0.02144059205428489,-0.017143529920131573,498.0,-0.01929206098720823,0.002148531067076659,0.024427951464837533,1.9647389829672888,2.8603900090145054,2.8826593568352257,498.0,2.8715246829248655,0.011134673910360137,0.12659685402136447,1.9647389829672888,931041451704404.4,1030397888261936.1,498.0,980719669983170.2,49678218278765.84,564821762910072.2,1.9647389829672888,8.34472128493412,8.535174743211119,498.0,8.43994801407262,0.09522672913849871,1.0826903800444228,1.9647389829672888,2.5758771644644267,2.6107291817127547,498.0,2.5933031730885907,0.01742600862416382,0.19812685020938817,1.9647389829672888,499.0,0.7234468937875751,-0.03029568522251836,-0.023238342809309996,498.0,-0.02676701401591418,0.0035286712066041823,0.040119600917653916,1.9647389829672888,ExtraTreesRegressor,"{'mode': 'original', 'type': 'ExtraTreesRegressor'}",13,"['nodes_T6W30', 'edges_T6W30', 're_T6W30', 'pe_T6W30', 'l1_T6W30', 'l2_T6W30', 'l3_T6W30', 'lcc_T6W30', 'lsc_T6W30', 'atd_T6W30', 'density_T6W30', 'diameter_T6W30', 'asp_T6W30']",0.01487695383531625,0.03403260290400135,498.0,0.0244547783696588,0.00957782453434255,0.10889609019337589,1.9647389829672888,3.476985661577988,3.509107629365376,498.0,3.493046645471682,0.016060983893694064,0.18260705700035268,1.9647389829672888,completed,42.95823693275452,False,COMPLETE
80,2.8356684706004125,2026-06-14 03:44:57.738488,2026-06-14 03:45:42.353947,0 days 00:00:44.615459,13,sqrt,4,6,309,ExtraTreesRegressor,3,True,-0.00794544427306958,-0.005176304009823151,498.0,-0.006560874141446365,0.0013845701316232148,0.015742016717019084,1.9647389829672888,2.8256090218484426,2.8457279193523823,498.0,2.8356684706004125,0.01005944875196986,0.11437196773258138,1.9647389829672888,941190365545067.4,1040943212141763.4,498.0,991066788843415.4,49876423298348.0,567075275867195.9,1.9647389829672888,8.184386304762974,8.354570032162705,498.0,8.26947816846284,0.08509186369986542,0.9674609543073082,1.9647389829672888,2.5586269667552415,2.5848358463039505,498.0,2.571731406529596,0.013104439774354538,0.14899231558116335,1.9647389829672888,499.0,0.35671342685370744,0.0030509512815395613,0.006760420513823229,498.0,0.004905685897681395,0.0018547346161418342,0.02108760160722882,1.9647389829672888,ExtraTreesRegressor,"{'mode': 'original', 'type': 'ExtraTreesRegressor'}",3,"['nodes_T6W30', 'l1_T6W30', 'density_T6W30']",0.09497168776629776,0.11489841365936761,498.0,0.10493505071283268,0.009963362946534927,0.11327950999362114,1.9647389829672888,3.424140166484304,3.45434233021441,498.0,3.439241248349357,0.015101081865053012,0.1716933492462697,1.9647389829672888,completed,44.607540130615234,True,COMPLETE
81,2.8606188835383755,2026-06-14 03:45:42.366488,2026-06-14 03:46:01.296105,0 days 00:00:18.929617,19,sqrt,3,11,106,ExtraTreesRegressor,6,True,-0.017770573932888487,-0.013063475369271516,498.0,-0.01541702465108,0.0023535492818084845,0.02675892776563216,1.9647389829672888,2.8491602522790247,2.872077514797726,498.0,2.8606188835383755,0.011458631259350698,0.13028012140301154,1.9647389829672888,921306809087315.5,1020144894318963.0,498.0,970725851703139.2,49419042615823.766,561875037767377.1,1.9647389829672888,8.419177558545606,8.611986760080335,498.0,8.51558215931297,0.09640460076736364,1.0960823162480127,1.9647389829672888,2.5840010144851413,2.620670547885482,498.0,2.6023357811853116,0.01833476670017047,0.20845907137860503,1.9647389829672888,499.0,0.6893787575150301,-0.030584968045339327,-0.022465947938332807,498.0,-0.026525457991836067,0.004059510053503259,0.04615502939546717,1.9647389829672888,ExtraTreesRegressor,"{'mode': 'original', 'type': 'ExtraTreesRegressor'}",6,"['nodes_T6W30', 'l1_T6W30', 'l3_T6W30', 'atd_T6W30', 'density_T6W30', 'diameter_T6W30']",0.03576401919452875,0.05539181402607668,498.0,0.045577916610302714,0.00981389741577397,0.11158014581544212,1.9647389829672888,3.476076700130678,3.508507574026245,498.0,3.4922921370784614,0.016215436947783542,0.1843631273531204,1.9647389829672888,completed,18.92199397087097,True,COMPLETE
82,2.9169873351352296,2026-06-14 03:46:01.308449,2026-06-14 03:46:37.141131,0 days 00:00:35.832682,9,,5,7,200,ExtraTreesRegressor,7,True,-0.038723728009827124,-0.032245112764538536,498.0,-0.03548442038718283,0.003239307622644296,0.036829651010491904,1.9647389829672888,2.9040912665606897,2.9298834037097694,498.0,2.9169873351352296,0.012896068574539699,0.1466232171614358,1.9647389829672888,929641993477890.5,1030611295670974.2,498.0,980126644574432.4,50484651096541.93,573990586221103.0,1.9647389829672888,8.574700629809143,8.788018155737632,498.0,8.681359392773388,0.10665876296424463,1.2126680991097893,1.9647389829672888,2.6359990575930095,2.679139036526162,498.0,2.6575690470595856,0.021569989466576213,0.24524227918356678,1.9647389829672888,499.0,0.8817635270541082,-0.07860779159616632,-0.06683477168757374,498.0,-0.07272128164187003,0.005886509954296295,0.06692729821984107,1.9647389829672888,ExtraTreesRegressor,"{'mode': 'original', 'type': 'ExtraTreesRegressor'}",7,"['nodes_T6W30', 'l1_T6W30', 'l2_T6W30', 'lcc_T6W30', 'atd_T6W30', 'density_T6W30', 'asp_T6W30']",0.003428085205938885,0.022977609452471074,498.0,0.01320284732920498,0.009774762123266095,0.11113519296342433,1.9647389829672888,3.551583089534417,3.585895034257171,498.0,3.568739061895794,0.017155972361376826,0.19505664432677924,1.9647389829672888,completed,35.82497501373291,True,COMPLETE
