number,value,datetime_start,datetime_complete,duration,params_et_max_depth,params_et_max_features,params_et_min_samples_leaf,params_et_min_samples_split,params_et_n_estimators,params_regressor,params_rfe_n_features,params_use_scaler,user_attrs_d2mae_ci_lower_val,user_attrs_d2mae_ci_upper_val,user_attrs_d2mae_df_val,user_attrs_d2mae_mean_val,user_attrs_d2mae_samperror_val,user_attrs_d2mae_std_val,user_attrs_d2mae_t_critical_val,user_attrs_mae_ci_lower_val,user_attrs_mae_ci_upper_val,user_attrs_mae_df_val,user_attrs_mae_mean_val,user_attrs_mae_samperror_val,user_attrs_mae_std_val,user_attrs_mae_t_critical_val,user_attrs_mape_ci_lower_val,user_attrs_mape_ci_upper_val,user_attrs_mape_df_val,user_attrs_mape_mean_val,user_attrs_mape_samperror_val,user_attrs_mape_std_val,user_attrs_mape_t_critical_val,user_attrs_max_error_ci_lower_val,user_attrs_max_error_ci_upper_val,user_attrs_max_error_df_val,user_attrs_max_error_mean_val,user_attrs_max_error_samperror_val,user_attrs_max_error_std_val,user_attrs_max_error_t_critical_val,user_attrs_median_ae_ci_lower_val,user_attrs_median_ae_ci_upper_val,user_attrs_median_ae_df_val,user_attrs_median_ae_mean_val,user_attrs_median_ae_samperror_val,user_attrs_median_ae_std_val,user_attrs_median_ae_t_critical_val,user_attrs_n_splits_val,user_attrs_r2_below_zero_val,user_attrs_r2_ci_lower_val,user_attrs_r2_ci_upper_val,user_attrs_r2_df_val,user_attrs_r2_mean_val,user_attrs_r2_samperror_val,user_attrs_r2_std_val,user_attrs_r2_t_critical_val,user_attrs_regressor_final,user_attrs_rfe_estimator,user_attrs_rfe_n_features,user_attrs_rfe_selected_features,user_attrs_rho_ci_lower_val,user_attrs_rho_ci_upper_val,user_attrs_rho_df_val,user_attrs_rho_mean_val,user_attrs_rho_samperror_val,user_attrs_rho_std_val,user_attrs_rho_t_critical_val,user_attrs_rmse_ci_lower_val,user_attrs_rmse_ci_upper_val,user_attrs_rmse_df_val,user_attrs_rmse_mean_val,user_attrs_rmse_samperror_val,user_attrs_rmse_std_val,user_attrs_rmse_t_critical_val,user_attrs_termination_reason,user_attrs_trial_time_seconds,user_attrs_use_scaler_final,state
97,2.8952151332762304,2026-06-14 03:56:43.368931,2026-06-14 03:57:41.806411,0 days 00:00:58.437480,6,sqrt,2,2,380,ExtraTreesRegressor,9,False,-0.030430007332217127,-0.025029624154853502,498.0,-0.027729815743535315,0.0027001915886818123,0.03070011417792938,1.9647389829672888,2.8832513516241067,2.907178914928354,498.0,2.8952151332762304,0.011963781652123678,0.13602348228161024,1.9647389829672888,921500986145056.6,1020527499197617.1,498.0,971014242671336.9,49513256526280.3,562946212798174.44,1.9647389829672888,8.476628089363796,8.67352971315864,498.0,8.575078901261218,0.09845081189742218,1.1193469303547525,1.9647389829672888,2.6022342101363103,2.640190198074408,498.0,2.621212204105359,0.018977993969048784,0.21577231192038535,1.9647389829672888,499.0,0.8096192384769539,-0.05591972634511983,-0.04614797036802102,498.0,-0.051033848356570426,0.004885877988549408,0.055550507133134495,1.9647389829672888,ExtraTreesRegressor,"{'mode': 'original', 'type': 'ExtraTreesRegressor'}",9,"['nodes_T6W30', 'l1_T6W30', 'l2_T6W30', 'l3_T6W30', 'lcc_T6W30', 'atd_T6W30', 'density_T6W30', 'diameter_T6W30', 'asp_T6W30']",0.005793234056803473,0.02533850878137244,498.0,0.015565871419087957,0.009772637362284484,0.11111103526846312,1.9647389829672888,3.5166490697810078,3.549564964167211,498.0,3.5331070169741094,0.016457947193101702,0.18712037326551867,1.9647389829672888,completed,58.429466009140015,False,COMPLETE
98,2.845873510685747,2026-06-14 03:57:41.819002,2026-06-14 03:57:59.099756,0 days 00:00:17.280754,3,sqrt,3,10,98,ExtraTreesRegressor,11,False,-0.012097271960620805,-0.008286641267412648,498.0,-0.010191956614016727,0.0019053153466040786,0.021662684577971665,1.9647389829672888,2.835187659063787,2.8565593623077072,498.0,2.845873510685747,0.010685851621960046,0.12149392148974772,1.9647389829672888,925914627584964.1,1024404620745222.6,498.0,975159624165093.4,49244996580129.28,559896202935643.94,1.9647389829672888,8.236955335146844,8.42196932253364,498.0,8.329462328840242,0.0925069936933972,1.0517680599215238,1.9647389829672888,2.5484423434968506,2.5784418951323382,498.0,2.5634421193145944,0.014999775817743845,0.17054153941457384,1.9647389829672888,499.0,0.5110220440881763,-0.009302259710471604,-0.0032240679347087203,498.0,-0.006263163822590162,0.003039095887881442,0.03455332249263975,1.9647389829672888,ExtraTreesRegressor,"{'mode': 'original', 'type': 'ExtraTreesRegressor'}",11,"['nodes_T6W30', 're_T6W30', 'pe_T6W30', 'l1_T6W30', 'l2_T6W30', 'l3_T6W30', 'lcc_T6W30', 'atd_T6W30', 'density_T6W30', 'diameter_T6W30', 'asp_T6W30']",0.08046303437704941,0.10054238808722463,498.0,0.09050271123213702,0.010039676855087606,0.11414716905742671,1.9647389829672888,3.4425217559474732,3.4736581283994847,498.0,3.458089942173479,0.0155681862260057,0.17700414173757467,1.9647389829672888,completed,17.272935152053833,False,COMPLETE
99,3.0457831316345256,2026-06-14 03:57:59.112278,2026-06-14 03:58:35.971225,0 days 00:00:36.858947,13,,1,5,172,ExtraTreesRegressor,7,True,-0.08536916139267488,-0.0771371248182192,498.0,-0.08125314310544704,0.004116018287227841,0.04679750574218622,1.9647389829672888,3.0309936854293302,3.060572577839721,498.0,3.0457831316345256,0.01478944620519528,0.16815017461390322,1.9647389829672888,947067080265021.9,1050360723288638.9,498.0,998713901776830.4,51646821511808.54,587204005814160.2,1.9647389829672888,8.853071307416482,9.041765801840654,498.0,8.947418554628568,0.09434724721208576,1.0726910171579234,1.9647389829672888,2.705621119539958,2.7524181183827725,498.0,2.7290196189613654,0.023398499421407225,0.26603171672721787,1.9647389829672888,499.0,0.9859719438877755,-0.164363955008904,-0.14969117076141775,498.0,-0.15702756288516087,0.007336392123743137,0.08341188706647613,1.9647389829672888,ExtraTreesRegressor,"{'mode': 'original', 'type': 'ExtraTreesRegressor'}",7,"['re_T6W30', 'l1_T6W30', 'l2_T6W30', 'l3_T6W30', 'lsc_T6W30', 'density_T6W30', 'asp_T6W30']",-0.05826167025700879,-0.038503126665445905,498.0,-0.04838239846122735,0.009879271795781444,0.11232342675111848,1.9647389829672888,3.687115174694349,3.7235982012946636,498.0,3.7053566879945063,0.018241513300157268,0.2073988169729971,1.9647389829672888,completed,36.85067915916443,True,COMPLETE
100,2.8540967343268684,2026-06-14 03:58:35.984531,2026-06-14 03:59:40.770308,0 days 00:01:04.785777,15,log2,4,10,443,ExtraTreesRegressor,7,False,-0.015267293395152183,-0.010949342006416188,498.0,-0.013108317700784185,0.0021589756943679976,0.024546702760758193,1.9647389829672888,2.8429978395346227,2.865195629119114,498.0,2.8540967343268684,0.011098894792245627,0.12619005954948134,1.9647389829672888,923673741129084.1,1022467440736451.6,498.0,973070590932767.9,49396849803683.8,561622714239860.75,1.9647389829672888,8.353296460127533,8.542781593509053,498.0,8.448039026818293,0.09474256669076081,1.0771856438292138,1.9647389829672888,2.5724854749259736,2.6067372892592733,498.0,2.5896113820926234,0.017125907166649947,0.1947148149118719,1.9647389829672888,499.0,0.6432865731462926,-0.02276362670640926,-0.015412329027909163,498.0,-0.01908797786715921,0.003675648839250047,0.04179067867478174,1.9647389829672888,ExtraTreesRegressor,"{'mode': 'original', 'type': 'ExtraTreesRegressor'}",7,"['nodes_T6W30', 'l1_T6W30', 'l3_T6W30', 'lcc_T6W30', 'atd_T6W30', 'density_T6W30', 'asp_T6W30']",0.037370419144247734,0.057196702206809204,498.0,0.04728356067552847,0.009913141531280735,0.11270851229518244,1.9647389829672888,3.4638098465499634,3.495855706247935,498.0,3.479832776398949,0.016022929848985967,0.18217439750968265,1.9647389829672888,completed,64.77750301361084,False,COMPLETE
101,2.8263569379779434,2026-06-14 03:59:40.783863,2026-06-14 04:00:46.352661,0 days 00:01:05.568798,2,,5,9,475,ExtraTreesRegressor,2,False,-0.004930746091902525,-0.0015804339131782418,498.0,-0.0032555900025403837,0.001675156089362142,0.019045864532293226,1.9647389829672888,2.8159856990234386,2.836728176932448,498.0,2.8263569379779434,0.010371238954504803,0.1179168994542802,1.9647389829672888,925101401216482.2,1023497920646224.5,498.0,974299660931353.4,49198259714871.19,559364823197348.25,1.9647389829672888,8.216129149223853,8.406209594460613,498.0,8.311169371842233,0.09504022261837933,1.0805698744156393,1.9647389829672888,2.529359311956916,2.560544560285446,498.0,2.544951936121181,0.015592624164264999,0.17728199146423054,1.9647389829672888,499.0,0.32665330661322645,0.004691928605575003,0.010022771330916903,498.0,0.007357349968245953,0.0026654213626709504,0.030304790411645455,1.9647389829672888,ExtraTreesRegressor,"{'mode': 'original', 'type': 'ExtraTreesRegressor'}",2,"['nodes_T6W30', 'density_T6W30']",0.1329373380049042,0.15423157351076316,498.0,0.14358445575783368,0.010647117752929482,0.12105353266446002,1.9647389829672888,3.419303305370971,3.4504550193601298,498.0,3.4348791623655504,0.015575856994579357,0.17709135535309398,1.9647389829672888,completed,65.56083798408508,False,COMPLETE
102,2.901322765169128,2026-06-14 04:00:46.375531,2026-06-14 04:01:57.339796,0 days 00:01:10.964265,20,sqrt,3,12,466,ExtraTreesRegressor,11,True,-0.032441224942865166,-0.027293183299279572,498.0,-0.02986720412107237,0.0025740208217927977,0.02926560228416386,1.9647389829672888,2.889405285934626,2.91324024440363,498.0,2.901322765169128,0.011917479234501906,0.13549704204171728,1.9647389829672888,931745884316615.5,1031778062662043.0,498.0,981761973489329.2,50016089172713.71,568663221814350.2,1.9647389829672888,8.495084941974293,8.694712627601339,498.0,8.594898784787816,0.09981384281352289,1.1348440546802037,1.9647389829672888,2.61186722182735,2.6515083200938334,498.0,2.6316877709605917,0.019820549133241574,0.2253518320738239,1.9647389829672888,499.0,0.8416833667334669,-0.056499379303034496,-0.047647948753317106,498.0,-0.0520736640281758,0.004425715274858694,0.05031863843539244,1.9647389829672888,ExtraTreesRegressor,"{'mode': 'original', 'type': 'ExtraTreesRegressor'}",11,"['nodes_T6W30', 're_T6W30', 'pe_T6W30', 'l1_T6W30', 'l2_T6W30', 'l3_T6W30', 'lcc_T6W30', 'atd_T6W30', 'density_T6W30', 'diameter_T6W30', 'asp_T6W30']",-0.015147552122578692,0.00410248000687495,498.0,-0.0055225360578518715,0.009625016064726821,0.109432639294966,1.9647389829672888,3.518749640548941,3.5520555055428935,498.0,3.5354025730459173,0.01665293249697598,0.18933727932398134,1.9647389829672888,completed,70.95609879493713,True,COMPLETE
103,2.839532602795218,2026-06-14 04:01:57.352176,2026-06-14 04:02:22.040051,0 days 00:00:24.687875,4,log2,4,2,153,ExtraTreesRegressor,5,False,-0.009954143894374766,-0.005922952234496589,498.0,-0.007938548064435677,0.0020155958299390886,0.022916530210323572,1.9647389829672888,2.828690541727993,2.8503746638624428,498.0,2.839532602795218,0.01084206106722476,0.12326996131795817,1.9647389829672888,922615244445212.1,1021237141049848.9,498.0,971926192747530.5,49310948302318.336,560646048024385.75,1.9647389829672888,8.29862002300555,8.494802709363872,498.0,8.39671136618471,0.09809134317916188,1.1152599127000635,1.9647389829672888,2.5357962133676253,2.5669262621145377,498.0,2.5513612377410815,0.015565024373456115,0.1769681927202187,1.9647389829672888,499.0,0.5070140280561122,-0.011711436013755468,-0.004747825503043159,498.0,-0.008229630758399314,0.0034818052553561548,0.03958675352252737,1.9647389829672888,ExtraTreesRegressor,"{'mode': 'original', 'type': 'ExtraTreesRegressor'}",5,"['nodes_T6W30', 'lcc_T6W30', 'atd_T6W30', 'density_T6W30', 'asp_T6W30']",0.08013657978496418,0.1003516094447509,498.0,0.09024409461485754,0.010107514829893355,0.11491846009502035,1.9647389829672888,3.4454345701876603,3.4772742054722086,498.0,3.4613543878299344,0.015919817642273907,0.18100205235741,1.9647389829672888,completed,24.680160999298096,False,COMPLETE
104,2.8425138368551597,2026-06-14 04:02:22.052479,2026-06-14 04:02:52.935983,0 days 00:00:30.883504,13,,4,11,193,ExtraTreesRegressor,2,False,-0.011577356300891085,-0.006387772813820461,498.0,-0.008982564557355773,0.0025947917435353123,0.02950175947824924,1.9647389829672888,2.8306453491605423,2.854382324549777,498.0,2.8425138368551597,0.011868487694617205,0.13494002754151763,1.9647389829672888,921360770005370.0,1021869082439647.8,498.0,971614926222508.9,50254156217138.92,571369950283726.9,1.9647389829672888,8.442239707344674,8.658078361387394,498.0,8.550159034366034,0.10791932702135977,1.227000215632277,1.9647389829672888,2.550889271317388,2.5875524957345633,498.0,2.5692208835259756,0.018331612208587478,0.20842320605253817,1.9647389829672888,499.0,0.657314629258517,-0.03123132648892963,-0.021596230918238174,498.0,-0.026413778703583902,0.004817547785345729,0.05477361965265087,1.9647389829672888,ExtraTreesRegressor,"{'mode': 'original', 'type': 'ExtraTreesRegressor'}",2,"['atd_T6W30', 'density_T6W30']",0.06408957645420098,0.08489671533863359,498.0,0.07449314589641728,0.010403569442216307,0.11828448435763732,1.9647389829672888,3.474909876436037,3.50871027811693,498.0,3.4918100772764835,0.016900200840446737,0.1921486229371379,1.9647389829672888,completed,30.875699996948242,False,COMPLETE
105,2.9167681767552915,2026-06-14 04:02:52.948422,2026-06-14 04:04:06.254121,0 days 00:01:13.305699,17,sqrt,2,12,473,ExtraTreesRegressor,9,True,-0.03825391108121894,-0.03248535081923356,498.0,-0.03536963095022625,0.002884280130992691,0.03279312835199084,1.9647389829672888,2.904358734486322,2.929177619024261,498.0,2.9167681767552915,0.012409442268969534,0.1410904678537168,1.9647389829672888,929906137091443.0,1030349256504058.8,498.0,980127696797750.9,50221559706307.94,570999340802344.9,1.9647389829672888,8.594342631657574,8.797938765452626,498.0,8.6961406985551,0.10179806689752695,1.1574039005033143,1.9647389829672888,2.640838762605648,2.6826516336308948,498.0,2.6617451981182714,0.020906435512623427,0.23769793224353655,1.9647389829672888,499.0,0.8777555110220441,-0.07317955196004387,-0.062859228745222,498.0,-0.06801939035263294,0.0051601616074109435,0.0586690037803652,1.9647389829672888,ExtraTreesRegressor,"{'mode': 'original', 'type': 'ExtraTreesRegressor'}",9,"['nodes_T6W30', 'l1_T6W30', 'l2_T6W30', 'l3_T6W30', 'lcc_T6W30', 'atd_T6W30', 'density_T6W30', 'diameter_T6W30', 'asp_T6W30']",-0.01881906304939844,0.0006965677438548045,498.0,-0.009061247652771819,0.009757815396626623,0.11094251536048878,1.9647389829672888,3.544624476747011,3.5784406574208956,498.0,3.5615325670839533,0.01690809033694217,0.19223832340292388,1.9647389829672888,completed,73.29770588874817,True,COMPLETE
106,2.912675037203414,2026-06-14 04:04:06.266685,2026-06-14 04:05:11.574375,0 days 00:01:05.307690,9,,4,6,396,ExtraTreesRegressor,5,False,-0.037405756153395524,-0.03054256743635305,498.0,-0.03397416179487429,0.003431594358521238,0.03901587541437035,1.9647389829672888,2.8994949302875113,2.9258551441193164,498.0,2.912675037203414,0.013180106915902557,0.14985262115902637,1.9647389829672888,922086775733078.1,1022432976609429.1,498.0,972259876171253.6,50173100438175.46,570448378022191.9,1.9647389829672888,8.64400967103193,8.849445424713698,498.0,8.746727547872814,0.10271787684088515,1.1678617770486142,1.9647389829672888,2.6556754462652505,2.702485373543738,498.0,2.6790804099044943,0.02340496363924357,0.2661052123363734,1.9647389829672888,499.0,0.8777555110220441,-0.08258769439419363,-0.0701559664956143,498.0,-0.07637183044490396,0.006215863949289663,0.07067192333964219,1.9647389829672888,ExtraTreesRegressor,"{'mode': 'original', 'type': 'ExtraTreesRegressor'}",5,"['nodes_T6W30', 'l1_T6W30', 'atd_T6W30', 'density_T6W30', 'asp_T6W30']",0.0170226885561341,0.03664284395610755,498.0,0.026832766256120827,0.009810077699986725,0.11153671715234756,1.9647389829672888,3.5571816372183367,3.5918669715183107,498.0,3.5745243043683237,0.01734266714998692,0.19717929049410265,1.9647389829672888,completed,65.29964590072632,False,COMPLETE
107,2.8409804173460698,2026-06-14 04:05:11.589064,2026-06-14 04:05:24.689421,0 days 00:00:13.100357,2,log2,3,12,68,ExtraTreesRegressor,13,True,-0.009967516113382882,-0.006918914951994797,498.0,-0.00844321553268884,0.001524300580694043,0.017330696853120813,1.9647389829672888,2.8307304642250624,2.851230370467077,498.0,2.8409804173460698,0.01024995312100759,0.11653792732795507,1.9647389829672888,933944823567881.6,1033004622812869.4,498.0,983474723190375.5,49529899622493.83,563135438242832.2,1.9647389829672888,8.172170691382915,8.34798981880383,498.0,8.260080255093373,0.08790956371045708,0.999497092930548,1.9647389829672888,2.544604731374481,2.575427791599919,498.0,2.5600162614872,0.015411530112718725,0.17522302346998958,1.9647389829672888,499.0,0.40480961923847697,0.00026038308407190123,0.004752864070871521,498.0,0.002506623577471711,0.0022462404933998098,0.025538869133403832,1.9647389829672888,ExtraTreesRegressor,"{'mode': 'original', 'type': 'ExtraTreesRegressor'}",13,"['nodes_T6W30', 'edges_T6W30', 're_T6W30', 'pe_T6W30', 'l1_T6W30', 'l2_T6W30', 'l3_T6W30', 'lcc_T6W30', 'lsc_T6W30', 'atd_T6W30', 'density_T6W30', 'diameter_T6W30', 'asp_T6W30']",0.10645574110450086,0.1268837907438533,498.0,0.11666976592417709,0.010214024819676232,0.1161294367016917,1.9647389829672888,3.4280304816011933,3.458556327464086,498.0,3.4432934045326395,0.015262922931446219,0.17353341838720604,1.9647389829672888,completed,13.092722177505493,True,COMPLETE
108,2.88721996541141,2026-06-14 04:05:24.701836,2026-06-14 04:06:04.560542,0 days 00:00:39.858706,18,,3,12,238,ExtraTreesRegressor,4,True,-0.02821541849131215,-0.02144751819219621,498.0,-0.02483146834175418,0.003383950149557972,0.0384741795357444,1.9647389829672888,2.8736940467155536,2.900745884107266,498.0,2.88721996541141,0.013525918695856315,0.153784364807571,1.9647389829672888,905082202429479.6,1003495665569036.9,498.0,954288933999258.2,49206731569778.63,559461144848762.75,1.9647389829672888,8.70498517107094,8.898680192524717,498.0,8.801832681797828,0.09684751072688781,1.1011180279304464,1.9647389829672888,2.60222833862886,2.645441741391514,498.0,2.623835040010187,0.021606701381326945,0.2456596791855748,1.9647389829672888,499.0,0.7875751503006012,-0.0648777694175105,-0.05279663236626311,498.0,-0.05883720089188681,0.0060405685256236935,0.06867888345907543,1.9647389829672888,ExtraTreesRegressor,"{'mode': 'original', 'type': 'ExtraTreesRegressor'}",4,"['l1_T6W30', 'l3_T6W30', 'atd_T6W30', 'density_T6W30']",0.04401489631443933,0.06432312548702154,498.0,0.05416901090073044,0.010154114586291112,0.11544828095961063,1.9647389829672888,3.5279388647671035,3.5636462501771784,498.0,3.545792557472141,0.017853692705037574,0.20298944965231025,1.9647389829672888,completed,39.85096502304077,True,COMPLETE
109,2.9623576845427135,2026-06-14 04:06:04.572965,2026-06-14 04:06:07.125318,0 days 00:00:02.552353,11,,1,4,324,ExtraTreesRegressor,6,True,,,,,,,,,,,,,,,,,,,,,,,,,,,,,,,,,,,,,,,,,,,,,ExtraTreesRegressor,"{'mode': 'original', 'type': 'ExtraTreesRegressor'}",6,"['l1_T6W30', 'l2_T6W30', 'l3_T6W30', 'atd_T6W30', 'density_T6W30', 'asp_T6W30']",,,,,,,,,,,,,,,pruned,,True,PRUNED
110,2.859497754823623,2026-06-14 04:06:07.131527,2026-06-14 04:07:13.928412,0 days 00:01:06.796885,19,log2,1,12,448,ExtraTreesRegressor,3,False,-0.018117642447513304,-0.011893572036764995,498.0,-0.01500560724213915,0.003112035205374155,0.035382613786069675,1.9647389829672888,2.846618911712048,2.872376597935198,498.0,2.859497754823623,0.012878843111574742,0.14642737043633358,1.9647389829672888,915317641509351.2,1015403519192319.5,498.0,965360580350835.4,50042938841484.17,568968491966419.5,1.9647389829672888,8.577089476367078,8.794660872580337,498.0,8.685875174473708,0.108785698106629,1.2368505134221484,1.9647389829672888,2.569627677553193,2.616723716771013,498.0,2.593175697162103,0.02354801960891,0.26773170233101035,1.9647389829672888,499.0,0.7194388777555111,-0.046923561471733495,-0.035420405379316934,498.0,-0.041171983425525215,0.005751578046208281,0.06539317560353808,1.9647389829672888,ExtraTreesRegressor,"{'mode': 'original', 'type': 'ExtraTreesRegressor'}",3,"['atd_T6W30', 'density_T6W30', 'asp_T6W30']",0.05776491891142163,0.07851810139199208,498.0,0.06814151015170686,0.010376591240285225,0.11797775283418871,1.9647389829672888,3.498640339731892,3.533868574044076,498.0,3.516254456887984,0.01761411715609192,0.2002655700810602,1.9647389829672888,completed,66.78892302513123,False,COMPLETE
111,2.8331827483454757,2026-06-14 04:07:13.940800,2026-06-14 04:07:37.963142,0 days 00:00:24.022342,12,log2,3,8,150,ExtraTreesRegressor,3,True,-0.007230692327802516,-0.004119299531091728,498.0,-0.005674995929447122,0.0015556963983553945,0.01768765492637497,1.9647389829672888,2.8229161515676675,2.843449345123284,498.0,2.8331827483454757,0.01026659677780838,0.11672715914626909,1.9647389829672888,936928157627314.5,1036384688814205.2,498.0,986656423220759.9,49728265593445.39,565390781153592.8,1.9647389829672888,8.20912145089297,8.380486785762384,498.0,8.294804118327678,0.08568266743470733,0.9741781599279835,1.9647389829672888,2.5633651383908114,2.5914386472228625,498.0,2.577401892806837,0.0140367544160255,0.15959236561799306,1.9647389829672888,499.0,0.40681362725450904,0.0002374642088449814,0.004818844972679849,498.0,0.002528154590762415,0.0022906903819174336,0.026044246847491688,1.9647389829672888,ExtraTreesRegressor,"{'mode': 'original', 'type': 'ExtraTreesRegressor'}",3,"['nodes_T6W30', 'l1_T6W30', 'density_T6W30']",0.08784066553470571,0.10787175597373175,498.0,0.09785621075421873,0.010015545219513013,0.11387280187157754,1.9647389829672888,3.427982842509256,3.4584504502403965,498.0,3.443216646374826,0.015233803865570567,0.17320234608445378,1.9647389829672888,completed,24.014669179916382,True,COMPLETE
