number,value,datetime_start,datetime_complete,duration,params_et_max_depth,params_et_max_features,params_et_min_samples_leaf,params_et_min_samples_split,params_et_n_estimators,params_regressor,params_rfe_n_features,params_use_scaler,user_attrs_d2mae_ci_lower_val,user_attrs_d2mae_ci_upper_val,user_attrs_d2mae_df_val,user_attrs_d2mae_mean_val,user_attrs_d2mae_samperror_val,user_attrs_d2mae_std_val,user_attrs_d2mae_t_critical_val,user_attrs_mae_ci_lower_val,user_attrs_mae_ci_upper_val,user_attrs_mae_df_val,user_attrs_mae_mean_val,user_attrs_mae_samperror_val,user_attrs_mae_std_val,user_attrs_mae_t_critical_val,user_attrs_mape_ci_lower_val,user_attrs_mape_ci_upper_val,user_attrs_mape_df_val,user_attrs_mape_mean_val,user_attrs_mape_samperror_val,user_attrs_mape_std_val,user_attrs_mape_t_critical_val,user_attrs_max_error_ci_lower_val,user_attrs_max_error_ci_upper_val,user_attrs_max_error_df_val,user_attrs_max_error_mean_val,user_attrs_max_error_samperror_val,user_attrs_max_error_std_val,user_attrs_max_error_t_critical_val,user_attrs_median_ae_ci_lower_val,user_attrs_median_ae_ci_upper_val,user_attrs_median_ae_df_val,user_attrs_median_ae_mean_val,user_attrs_median_ae_samperror_val,user_attrs_median_ae_std_val,user_attrs_median_ae_t_critical_val,user_attrs_n_splits_val,user_attrs_r2_below_zero_val,user_attrs_r2_ci_lower_val,user_attrs_r2_ci_upper_val,user_attrs_r2_df_val,user_attrs_r2_mean_val,user_attrs_r2_samperror_val,user_attrs_r2_std_val,user_attrs_r2_t_critical_val,user_attrs_regressor_final,user_attrs_rfe_estimator,user_attrs_rfe_n_features,user_attrs_rfe_selected_features,user_attrs_rho_ci_lower_val,user_attrs_rho_ci_upper_val,user_attrs_rho_df_val,user_attrs_rho_mean_val,user_attrs_rho_samperror_val,user_attrs_rho_std_val,user_attrs_rho_t_critical_val,user_attrs_rmse_ci_lower_val,user_attrs_rmse_ci_upper_val,user_attrs_rmse_df_val,user_attrs_rmse_mean_val,user_attrs_rmse_samperror_val,user_attrs_rmse_std_val,user_attrs_rmse_t_critical_val,user_attrs_termination_reason,user_attrs_trial_time_seconds,user_attrs_use_scaler_final,state
55,2.9737453757013284,2026-06-14 03:29:20.804196,2026-06-14 03:30:15.588906,0 days 00:00:54.784710,12,,3,11,298,ExtraTreesRegressor,9,False,-0.058916857088376,-0.05226674167710164,498.0,-0.05559179938273882,0.0033250577056371817,0.037804595658746915,1.9647389829672888,2.9603388981787226,2.987151853223934,498.0,2.9737453757013284,0.013406477522605516,0.15242636574123974,1.9647389829672888,929589854815154.5,1030114937807262.0,498.0,979852396311208.2,50262541496053.74,571465287600226.1,1.9647389829672888,8.71876297371769,8.9155117325736,498.0,8.817137353145645,0.0983743794279551,1.1184779233000768,1.9647389829672888,2.655479106525939,2.7010572859591653,498.0,2.678268196242552,0.02278908971661338,0.2591029685610766,1.9647389829672888,499.0,0.9559118236472945,-0.11494981577862722,-0.10318740488933954,498.0,-0.10906861033398338,0.005881205444643834,0.06686698803567818,1.9647389829672888,ExtraTreesRegressor,"{'mode': 'original', 'type': 'ExtraTreesRegressor'}",9,"['nodes_T6W30', 're_T6W30', 'l1_T6W30', 'l2_T6W30', 'l3_T6W30', 'lsc_T6W30', 'atd_T6W30', 'density_T6W30', 'asp_T6W30']",-0.051651070645963644,-0.03240318706653087,498.0,-0.04202712885624726,0.009623941789716388,0.109420425211485,1.9647389829672888,3.611381496634774,3.6466684839379537,498.0,3.629024990286364,0.017643493651590045,0.20059956925716313,1.9647389829672888,completed,54.776968002319336,False,COMPLETE
56,2.83663521597936,2026-06-14 03:30:15.601235,2026-06-14 03:30:34.518811,0 days 00:00:18.917576,2,,3,5,111,ExtraTreesRegressor,6,True,-0.009156438426683606,-0.004734467031465598,498.0,-0.006945452729074602,0.002210985697609004,0.025138035999698046,1.9647389829672888,2.825702330739741,2.847568101218979,498.0,2.83663521597936,0.010932885239619002,0.12430259636293302,1.9647389829672888,917105416926498.1,1015152231794006.9,498.0,966128824360252.5,49023407433754.336,557376821672915.9,1.9647389829672888,8.2601179799723,8.460773854543973,498.0,8.360445917258136,0.10032793728583718,1.1406891062181932,1.9647389829672888,2.524459445538497,2.5585462136933,498.0,2.5415028296158986,0.017043384077401687,0.1937765599106874,1.9647389829672888,499.0,0.4789579158316633,-0.008323594253389972,-0.0006470930949448541,498.0,-0.004485343674167413,0.003838250579222559,0.04363939637452209,1.9647389829672888,ExtraTreesRegressor,"{'mode': 'original', 'type': 'ExtraTreesRegressor'}",6,"['nodes_T6W30', 'lcc_T6W30', 'atd_T6W30', 'density_T6W30', 'diameter_T6W30', 'asp_T6W30']",0.1105173519835175,0.13173280427627507,498.0,0.12112507812989629,0.010607726146378775,0.12060566562279239,1.9647389829672888,3.4387536143663295,3.47048100591737,498.0,3.45461731014185,0.015863695775520173,0.18036396885087658,1.9647389829672888,completed,18.910104036331177,True,COMPLETE
57,2.8464266265387796,2026-06-14 03:30:34.531201,2026-06-14 03:31:09.495199,0 days 00:00:34.963998,13,log2,5,11,228,ExtraTreesRegressor,5,False,-0.012473166169725198,-0.008303629591752995,498.0,-0.010388397880739097,0.002084768288986102,0.023702993807800426,1.9647389829672888,2.835468692268406,2.8573845608091535,498.0,2.8464266265387796,0.010957934270373887,0.1245873939704231,1.9647389829672888,923943767240156.2,1022996027614095.0,498.0,973469897427125.6,49526130186969.36,563092581246509.2,1.9647389829672888,8.330582157991037,8.531005248903282,498.0,8.43079370344716,0.10021154545612303,1.1393657769860823,1.9647389829672888,2.569838343015633,2.602997796031557,498.0,2.586418069523595,0.01657972650796172,0.1885049560804506,1.9647389829672888,499.0,0.6092184368737475,-0.01825106527286727,-0.010976597620011515,498.0,-0.014613831446439393,0.003637233826427877,0.04135391511891755,1.9647389829672888,ExtraTreesRegressor,"{'mode': 'original', 'type': 'ExtraTreesRegressor'}",5,"['nodes_T6W30', 'lcc_T6W30', 'atd_T6W30', 'density_T6W30', 'asp_T6W30']",0.05388131172227351,0.07356495931452896,498.0,0.06372313551840124,0.009841823796127724,0.11189765775386537,1.9647389829672888,3.456201046462413,3.488228425988282,498.0,3.4722147362253475,0.01601368976293448,0.18206934137293163,1.9647389829672888,completed,34.95615911483765,False,COMPLETE
58,2.844074978778516,2026-06-14 03:31:09.507605,2026-06-14 03:31:49.835415,0 days 00:00:40.327810,8,log2,2,8,272,ExtraTreesRegressor,3,False,-0.011393644776533592,-0.0076662283641975235,498.0,-0.009529936570365558,0.0018637082061680342,0.02118962778920236,1.9647389829672888,2.8333103838497746,2.8548395737072574,498.0,2.844074978778516,0.01076459492874137,0.12238920185395126,1.9647389829672888,927620426175597.2,1027057086977583.2,498.0,977338756576590.2,49718330400993.02,565277821931015.4,1.9647389829672888,8.328253660508183,8.527265688547663,498.0,8.427759674527923,0.09950601401974063,1.131344162614773,1.9647389829672888,2.5327949853909852,2.5614265465131214,498.0,2.5471107659520533,0.014315780561068154,0.16276478291880347,1.9647389829672888,499.0,0.5771543086172345,-0.015585542532694712,-0.008911365360576396,498.0,-0.012248453946635554,0.003337088586059159,0.03794138202759714,1.9647389829672888,ExtraTreesRegressor,"{'mode': 'original', 'type': 'ExtraTreesRegressor'}",3,"['nodes_T6W30', 'atd_T6W30', 'density_T6W30']",0.06314404427797107,0.08316385662657871,498.0,0.0731539504522749,0.010009906174303817,0.11380868814997999,1.9647389829672888,3.452386109907106,3.484392988987398,498.0,3.468389549447252,0.016003439540145933,0.18195280037959,1.9647389829672888,completed,40.320087909698486,False,COMPLETE
59,2.841768941621697,2026-06-14 03:31:49.847697,2026-06-14 03:32:11.330341,0 days 00:00:21.482644,8,sqrt,3,11,132,ExtraTreesRegressor,2,False,-0.010375613288522257,-0.007100448643869679,498.0,-0.008738030966195968,0.001637582322326289,0.018618665609472073,1.9647389829672888,2.831468541590729,2.8520693416526655,498.0,2.841768941621697,0.01030040003096834,0.11711148881233657,1.9647389829672888,931194323093032.0,1030494570342267.8,498.0,980844446717649.9,49650123624617.875,564502337764927.9,1.9647389829672888,8.278667935106114,8.471102821665955,498.0,8.374885378386034,0.09621744327992084,1.093954409377318,1.9647389829672888,2.539070883452608,2.5666264418167075,498.0,2.552848662634658,0.013777779182049697,0.15664791927365254,1.9647389829672888,499.0,0.48697394789579157,-0.007352861944653629,-0.0019609865072717095,498.0,-0.004656924225962669,0.00269593771869096,0.030651749352646376,1.9647389829672888,ExtraTreesRegressor,"{'mode': 'original', 'type': 'ExtraTreesRegressor'}",2,"['nodes_T6W30', 'density_T6W30']",0.07762842293584037,0.09761764931558244,498.0,0.0876230361257114,0.009994613189871032,0.11363481294417024,1.9647389829672888,3.4399727455298796,3.4711120072533648,498.0,3.455542376391622,0.01556963086174238,0.17702056667654847,1.9647389829672888,completed,21.47489309310913,False,COMPLETE
60,2.877643987249815,2026-06-14 03:32:11.342840,2026-06-14 03:32:34.132533,0 days 00:00:22.789693,3,,3,3,129,ExtraTreesRegressor,10,False,-0.02398894235798326,-0.018977540970057487,498.0,-0.021483241664020374,0.002505700693962886,0.028488829356709128,1.9647389829672888,2.8660045800665195,2.889283394433111,498.0,2.877643987249815,0.011639407183295652,0.13233547241180427,1.9647389829672888,916462782853264.1,1014821108524172.6,498.0,965641945688718.4,49179162835454.24,559147699204739.75,1.9647389829672888,8.381373369141798,8.583845245960134,498.0,8.482609307550966,0.10123593840916761,1.1510127211338077,1.9647389829672888,2.552531374160702,2.589133558333996,498.0,2.570832466247349,0.01830109208664709,0.20807620429450677,1.9647389829672888,499.0,0.7535070140280561,-0.03899360702877541,-0.03018805788973844,498.0,-0.034590832459256926,0.004402774569518486,0.05005781165694505,1.9647389829672888,ExtraTreesRegressor,"{'mode': 'original', 'type': 'ExtraTreesRegressor'}",10,"['nodes_T6W30', 're_T6W30', 'l1_T6W30', 'l2_T6W30', 'l3_T6W30', 'lcc_T6W30', 'atd_T6W30', 'density_T6W30', 'diameter_T6W30', 'asp_T6W30']",0.029910482641339928,0.04986263460002947,498.0,0.0398865586206847,0.009976075979344775,0.11342405216627513,1.9647389829672888,3.489412492890596,3.522100526613641,498.0,3.5057565097521186,0.01634401686152255,0.18582503029708997,1.9647389829672888,completed,22.78173303604126,False,COMPLETE
61,2.8711163903443366,2026-06-14 03:32:34.144906,2026-06-14 03:33:25.626881,0 days 00:00:51.481975,3,,5,11,333,ExtraTreesRegressor,10,False,-0.02160775464531243,-0.016692007067503324,498.0,-0.019149880856407876,0.0024578737889045525,0.027945056295485493,1.9647389829672888,2.8594893406883184,2.882743440000355,498.0,2.8711163903443366,0.011627049656018325,0.13219497219694507,1.9647389829672888,917603698037382.5,1015960727731407.8,498.0,966782212884395.1,49178514847012.59,559140331831540.06,1.9647389829672888,8.3641642127758,8.567178027982786,498.0,8.465671120379293,0.10150690760349326,1.154093534080329,1.9647389829672888,2.5589280745385827,2.5948287433734794,498.0,2.576878408956031,0.01795033441744834,0.20408822783449457,1.9647389829672888,499.0,0.7094188376753507,-0.034108587385230905,-0.025613149888117276,498.0,-0.02986086863667409,0.004247718748556813,0.04829488808239981,1.9647389829672888,ExtraTreesRegressor,"{'mode': 'original', 'type': 'ExtraTreesRegressor'}",10,"['nodes_T6W30', 're_T6W30', 'l1_T6W30', 'l2_T6W30', 'l3_T6W30', 'lcc_T6W30', 'atd_T6W30', 'density_T6W30', 'diameter_T6W30', 'asp_T6W30']",0.033440734548830287,0.05362407460846433,498.0,0.04353240457864731,0.010091670029817023,0.11473831096282215,1.9647389829672888,3.4815231836205753,3.51428230497029,498.0,3.4979027442954327,0.01637956067485714,0.1862291494463625,1.9647389829672888,completed,51.474257946014404,False,COMPLETE
62,2.8815453692282174,2026-06-14 03:33:25.639216,2026-06-14 03:34:00.925385,0 days 00:00:35.286169,11,log2,2,8,217,ExtraTreesRegressor,5,False,-0.025794196481531115,-0.019936508529924252,498.0,-0.022865352505727684,0.0029288439758034307,0.03329980170421957,1.9647389829672888,2.869128986610632,2.8939617518458025,498.0,2.8815453692282174,0.012416382617585162,0.1411693768821826,1.9647389829672888,918939823818290.9,1018560915915476.9,498.0,968750369866883.9,49810546048593.05,566326277500679.1,1.9647389829672888,8.539055230867163,8.736471899271216,498.0,8.63776356506919,0.09870833420202602,1.1222748574647547,1.9647389829672888,2.616630135561241,2.659217703122633,498.0,2.637923919341937,0.021293783780695977,0.24210192939184846,1.9647389829672888,499.0,0.7955911823647295,-0.05683495339087791,-0.04627839899652472,498.0,-0.051556676193701315,0.0052782771971765915,0.06001193148490231,1.9647389829672888,ExtraTreesRegressor,"{'mode': 'original', 'type': 'ExtraTreesRegressor'}",5,"['nodes_T6W30', 'l1_T6W30', 'atd_T6W30', 'density_T6W30', 'asp_T6W30']",0.028317047556132957,0.04788434196835911,498.0,0.038100694762246035,0.00978364720611308,0.11123621285365218,1.9647389829672888,3.5169862022168914,3.550545556970988,498.0,3.5337658795939397,0.01677967737704824,0.19077831865837386,1.9647389829672888,completed,35.27845096588135,False,COMPLETE
63,2.870050850106003,2026-06-14 03:34:00.937953,2026-06-14 03:34:44.640977,0 days 00:00:43.703024,12,sqrt,3,3,280,ExtraTreesRegressor,6,False,-0.021397254537561125,-0.016218216965388207,498.0,-0.018807735751474666,0.0025895187860864592,0.029441808030206185,1.9647389829672888,2.8583973495217796,2.8817043506902262,498.0,2.870050850106003,0.011653500584223146,0.13249570882593245,1.9647389829672888,923499228113664.9,1022981433770707.6,498.0,973240330942186.2,49741102828521.39,565536735457063.0,1.9647389829672888,8.43965804755017,8.637890160092203,498.0,8.538774103821186,0.09911605627101734,1.1269104966998973,1.9647389829672888,2.6088680730740985,2.6473208426786736,498.0,2.628094457876386,0.01922638480228764,0.2185964177998154,1.9647389829672888,499.0,0.751503006012024,-0.04263684147929292,-0.03357446997760387,498.0,-0.038105655728448394,0.004531185750844529,0.05151779617987915,1.9647389829672888,ExtraTreesRegressor,"{'mode': 'original', 'type': 'ExtraTreesRegressor'}",6,"['nodes_T6W30', 'l1_T6W30', 'lcc_T6W30', 'atd_T6W30', 'density_T6W30', 'asp_T6W30']",0.027529208860401812,0.04705263706754783,498.0,0.03729092296397482,0.009761714103573007,0.11098684212193118,1.9647389829672888,3.4952831524959227,3.527714634530145,498.0,3.511498893513034,0.01621574101711092,0.18436658450153445,1.9647389829672888,completed,43.695164918899536,False,COMPLETE
64,2.9113357296325053,2026-06-14 03:34:44.653374,2026-06-14 03:35:11.556057,0 days 00:00:26.902683,8,,5,3,145,ExtraTreesRegressor,7,False,-0.03659257659938135,-0.030234676422929055,498.0,-0.0334136265111552,0.0031789500882261476,0.03614340963195326,1.9647389829672888,2.8982655554531713,2.9244059038118393,498.0,2.9113357296325053,0.013070174179334194,0.14860272927035909,1.9647389829672888,919999195409893.6,1019558004565788.6,498.0,969778599987841.1,49779404577947.484,565972211252752.6,1.9647389829672888,8.609015202029424,8.815273190904405,498.0,8.712144196466914,0.10312899443749017,1.172536022094497,1.9647389829672888,2.628156738170182,2.669715036144576,498.0,2.648935887157379,0.02077914898719709,0.23625073461493862,1.9647389829672888,499.0,0.8557114228456913,-0.07204300276403117,-0.06072668558985364,498.0,-0.0663848441769424,0.005658158587088761,0.06433103317133763,1.9647389829672888,ExtraTreesRegressor,"{'mode': 'original', 'type': 'ExtraTreesRegressor'}",7,"['nodes_T6W30', 'l1_T6W30', 'l2_T6W30', 'l3_T6W30', 'atd_T6W30', 'density_T6W30', 'asp_T6W30']",-0.0008441479813370879,0.019243265507904492,498.0,0.009199558763283702,0.01004370674462079,0.11419298731318005,1.9647389829672888,3.5411607726005907,3.5761545270517305,498.0,3.5586576498261606,0.017496877225569852,0.19893259827701232,1.9647389829672888,completed,26.895108222961426,False,COMPLETE
65,3.0520317325807316,2026-06-14 03:35:11.568562,2026-06-14 03:36:16.319804,0 days 00:01:04.751242,16,,1,6,314,ExtraTreesRegressor,8,False,-0.08762113637415518,-0.07932217167947979,498.0,-0.08347165402681749,0.004149482347337701,0.04717797891695502,1.9647389829672888,3.0371481148271307,3.0669153503343325,498.0,3.0520317325807316,0.014883617753600968,0.1692208680048779,1.9647389829672888,935664399622303.1,1037941065266672.9,498.0,986802732444488.0,51138332822184.914,581422689816041.8,1.9647389829672888,8.877477449096817,9.06352768521664,498.0,8.970502567156728,0.09302511805991186,1.0576589297683308,1.9647389829672888,2.7178546622744344,2.765449784254921,498.0,2.7416522232646776,0.02379756099024334,0.2705688894888267,1.9647389829672888,499.0,0.9899799599198397,-0.1726938864238499,-0.157638831846844,498.0,-0.16516635913534694,0.007527527288502947,0.08558501856060396,1.9647389829672888,ExtraTreesRegressor,"{'mode': 'original', 'type': 'ExtraTreesRegressor'}",8,"['re_T6W30', 'l1_T6W30', 'l2_T6W30', 'l3_T6W30', 'lsc_T6W30', 'atd_T6W30', 'density_T6W30', 'asp_T6W30']",-0.06256330271419984,-0.043027720002672895,498.0,-0.05279551135843637,0.009767791355763469,0.11105593808420189,1.9647389829672888,3.6998588206913205,3.7366648113446135,498.0,3.718261816017967,0.018402995326646434,0.20923480397172742,1.9647389829672888,completed,64.74343609809875,False,COMPLETE
66,2.882525991111512,2026-06-14 03:36:16.332196,2026-06-14 03:37:05.783539,0 days 00:00:49.451343,6,sqrt,1,3,323,ExtraTreesRegressor,5,False,-0.0261381029796618,-0.020354792756495932,498.0,-0.023246447868078866,0.0028916551115829342,0.03287697897471313,1.9647389829672888,2.8703440146011583,2.894707967621866,498.0,2.882525991111512,0.012181976510353876,0.13850427182587155,1.9647389829672888,912745570639797.6,1010910458764260.6,498.0,961828014702029.1,49082444062231.52,558048044871494.4,1.9647389829672888,8.472846042617892,8.670250754620671,498.0,8.571548398619282,0.09870235600138973,1.1222068876796172,1.9647389829672888,2.587643624171416,2.625517704559246,498.0,2.606580664365331,0.01893704019391516,0.2153066836376036,1.9647389829672888,499.0,0.7414829659318637,-0.05173729250558117,-0.04051358211710058,498.0,-0.046125437311340875,0.005611855194240296,0.06380458184350155,1.9647389829672888,ExtraTreesRegressor,"{'mode': 'original', 'type': 'ExtraTreesRegressor'}",5,"['l1_T6W30', 'lcc_T6W30', 'atd_T6W30', 'density_T6W30', 'asp_T6W30']",0.0400160013355122,0.06050865938359806,498.0,0.05026233035955513,0.010246329024042933,0.11649672277377707,1.9647389829672888,3.5074617391896874,3.5411567144452887,498.0,3.524309226817488,0.016847487627800833,0.19154929448440955,1.9647389829672888,completed,49.44340491294861,False,COMPLETE
67,2.964797260319742,2026-06-14 03:37:05.795874,2026-06-14 03:37:25.201344,0 days 00:00:19.405470,11,,5,6,86,ExtraTreesRegressor,12,False,-0.055641924965465196,-0.04919978996537793,498.0,-0.052420857465421564,0.0032210675000436347,0.036622268005224085,1.9647389829672888,2.9516583326650077,2.9779361879744766,498.0,2.964797260319742,0.013138927654734614,0.14938442918890182,1.9647389829672888,940817325713253.5,1042279553712167.5,498.0,991548439712710.5,50731113999457.05,576792772292578.0,1.9647389829672888,8.676944078441274,8.881354050260878,498.0,8.779149064351076,0.10220498590980183,1.1620304093000875,1.9647389829672888,2.6496491051394617,2.693504725999297,498.0,2.6715769155693794,0.02192781042991776,0.24931056251423403,1.9647389829672888,499.0,0.9599198396793587,-0.10777404999696055,-0.09619351663274497,498.0,-0.10198378331485276,0.005790266682107787,0.06583305014595268,1.9647389829672888,ExtraTreesRegressor,"{'mode': 'original', 'type': 'ExtraTreesRegressor'}",12,"['nodes_T6W30', 're_T6W30', 'pe_T6W30', 'l1_T6W30', 'l2_T6W30', 'l3_T6W30', 'lcc_T6W30', 'lsc_T6W30', 'atd_T6W30', 'density_T6W30', 'diameter_T6W30', 'asp_T6W30']",-0.05092236542664495,-0.031221611177619624,498.0,-0.04107198830213229,0.009850377124512663,0.11199490572660911,1.9647389829672888,3.5999353883108984,3.6349988628518215,498.0,3.61746712558136,0.0175317372704615,0.19932894324857184,1.9647389829672888,completed,19.397047758102417,False,COMPLETE
68,2.9211389758648303,2026-06-14 03:37:25.214807,2026-06-14 03:37:48.423762,0 days 00:00:23.208955,14,,3,12,127,ExtraTreesRegressor,4,True,-0.04030521239713709,-0.033540737536044134,498.0,-0.03692297496659061,0.0033822374305464784,0.038454706595591574,1.9647389829672888,2.9077706575404796,2.934507294189181,498.0,2.9211389758648303,0.013368318324350597,0.1519925106961849,1.9647389829672888,920641453421657.0,1020096319446420.2,498.0,970368886434038.6,49727433012381.67,565381315035030.8,1.9647389829672888,8.598534082956501,8.78989228480804,498.0,8.69421318388227,0.0956791009257688,1.0878336689792814,1.9647389829672888,2.597261472368068,2.639375745268035,498.0,2.6183186088180515,0.021057136449983745,0.23941134250785834,1.9647389829672888,499.0,0.8356713426853707,-0.07372598433606223,-0.061973645729133775,498.0,-0.067849815032598,0.005876169303464226,0.06680972909528365,1.9647389829672888,ExtraTreesRegressor,"{'mode': 'original', 'type': 'ExtraTreesRegressor'}",4,"['l1_T6W30', 'l3_T6W30', 'density_T6W30', 'asp_T6W30']",0.0054508689373121075,0.025636632208496445,498.0,0.015543750572904276,0.010092881635592169,0.11475208644297386,1.9647389829672888,3.543400649096571,3.5780492806780475,498.0,3.560724964887309,0.017324315790738235,0.19697064277198678,1.9647389829672888,completed,23.201008319854736,True,COMPLETE
