number,value,datetime_start,datetime_complete,duration,params_et_max_depth,params_et_max_features,params_et_min_samples_leaf,params_et_min_samples_split,params_et_n_estimators,params_regressor,params_rfe_n_features,params_use_scaler,user_attrs_d2mae_ci_lower_val,user_attrs_d2mae_ci_upper_val,user_attrs_d2mae_df_val,user_attrs_d2mae_mean_val,user_attrs_d2mae_samperror_val,user_attrs_d2mae_std_val,user_attrs_d2mae_t_critical_val,user_attrs_mae_ci_lower_val,user_attrs_mae_ci_upper_val,user_attrs_mae_df_val,user_attrs_mae_mean_val,user_attrs_mae_samperror_val,user_attrs_mae_std_val,user_attrs_mae_t_critical_val,user_attrs_mape_ci_lower_val,user_attrs_mape_ci_upper_val,user_attrs_mape_df_val,user_attrs_mape_mean_val,user_attrs_mape_samperror_val,user_attrs_mape_std_val,user_attrs_mape_t_critical_val,user_attrs_max_error_ci_lower_val,user_attrs_max_error_ci_upper_val,user_attrs_max_error_df_val,user_attrs_max_error_mean_val,user_attrs_max_error_samperror_val,user_attrs_max_error_std_val,user_attrs_max_error_t_critical_val,user_attrs_median_ae_ci_lower_val,user_attrs_median_ae_ci_upper_val,user_attrs_median_ae_df_val,user_attrs_median_ae_mean_val,user_attrs_median_ae_samperror_val,user_attrs_median_ae_std_val,user_attrs_median_ae_t_critical_val,user_attrs_n_splits_val,user_attrs_r2_below_zero_val,user_attrs_r2_ci_lower_val,user_attrs_r2_ci_upper_val,user_attrs_r2_df_val,user_attrs_r2_mean_val,user_attrs_r2_samperror_val,user_attrs_r2_std_val,user_attrs_r2_t_critical_val,user_attrs_regressor_final,user_attrs_rfe_estimator,user_attrs_rfe_n_features,user_attrs_rfe_selected_features,user_attrs_rho_ci_lower_val,user_attrs_rho_ci_upper_val,user_attrs_rho_df_val,user_attrs_rho_mean_val,user_attrs_rho_samperror_val,user_attrs_rho_std_val,user_attrs_rho_t_critical_val,user_attrs_rmse_ci_lower_val,user_attrs_rmse_ci_upper_val,user_attrs_rmse_df_val,user_attrs_rmse_mean_val,user_attrs_rmse_samperror_val,user_attrs_rmse_std_val,user_attrs_rmse_t_critical_val,user_attrs_termination_reason,user_attrs_trial_time_seconds,user_attrs_use_scaler_final,state
83,2.872018803660571,2026-06-14 03:46:37.153585,2026-06-14 03:46:56.996328,0 days 00:00:19.842743,5,sqrt,3,7,113,ExtraTreesRegressor,9,False,-0.02194990941595366,-0.017004851938303953,498.0,-0.019477380677128807,0.0024725287388248527,0.028111677300347113,1.9647389829672888,2.860401239555672,2.88363636776547,498.0,2.872018803660571,0.011617564104898948,0.1320871252191135,1.9647389829672888,919160065952749.8,1017395092763235.8,498.0,968277579357992.8,49117513405242.94,558446769480188.2,1.9647389829672888,8.370409299572632,8.561960866820236,498.0,8.466185083196434,0.09577578362380258,1.0889329131518464,1.9647389829672888,2.564320721228809,2.601936181412816,498.0,2.5831284513208126,0.018807730092003688,0.21383647874189107,1.9647389829672888,499.0,0.7194388777555111,-0.03683053045322507,-0.028253355099350785,498.0,-0.03254194277628793,0.004288587676937141,0.04875955169103589,1.9647389829672888,ExtraTreesRegressor,"{'mode': 'original', 'type': 'ExtraTreesRegressor'}",9,"['nodes_T6W30', 're_T6W30', 'l1_T6W30', 'l3_T6W30', 'lcc_T6W30', 'atd_T6W30', 'density_T6W30', 'diameter_T6W30', 'asp_T6W30']",0.027741869880261543,0.047546184517096385,498.0,0.037644027198678966,0.009902157318417423,0.11258362612396709,1.9647389829672888,3.486061077294481,3.518640353703891,498.0,3.502350715499186,0.016289638204705113,0.18520676640050743,1.9647389829672888,completed,19.834959983825684,False,COMPLETE
84,2.916378754637238,2026-06-14 03:46:57.008725,2026-06-14 03:47:20.488723,0 days 00:00:23.479998,20,log2,3,3,130,ExtraTreesRegressor,9,False,-0.03821871985344053,-0.03235330965302557,498.0,-0.03528601475323305,0.002932705100207479,0.03334370116696744,1.9647389829672888,2.9041579693267274,2.9285995399477485,498.0,2.916378754637238,0.012220785310510547,0.13894551258853163,1.9647389829672888,933466083962912.1,1034297158067393.4,498.0,983881621015152.8,50415537052240.59,573204786776262.4,1.9647389829672888,8.523776830457969,8.729457342960462,498.0,8.626617086709215,0.10284025625124646,1.1692531827128894,1.9647389829672888,2.635170490266845,2.6787347740938725,498.0,2.6569526321803587,0.02178214191351397,0.24765436889283662,1.9647389829672888,499.0,0.8937875751503006,-0.0745447311530627,-0.06408689599158249,498.0,-0.0693158135723226,0.00522891758074011,0.05945073209937332,1.9647389829672888,ExtraTreesRegressor,"{'mode': 'original', 'type': 'ExtraTreesRegressor'}",9,"['nodes_T6W30', 'l1_T6W30', 'l2_T6W30', 'lcc_T6W30', 'lsc_T6W30', 'atd_T6W30', 'density_T6W30', 'diameter_T6W30', 'asp_T6W30']",-0.00901812707662651,0.010155907961186103,498.0,0.0005688904422797966,0.009587017518906307,0.10900061080477481,1.9647389829672888,3.546843904200382,3.579948846312278,498.0,3.56339637525633,0.016552471055948086,0.18819507233283175,1.9647389829672888,completed,23.47215509414673,False,COMPLETE
85,2.9854965867314527,2026-06-14 03:47:20.501130,2026-06-14 03:47:47.644895,0 days 00:00:27.143765,19,,1,4,144,ExtraTreesRegressor,2,False,-0.0656784907718436,-0.053982427577991716,498.0,-0.05983045917491766,0.005848031596925941,0.06648981446142906,1.9647389829672888,2.9666762000766536,3.004316973386252,498.0,2.9854965867314527,0.018820386654799234,0.2139803788727381,1.9647389829672888,841002281852085.8,934746141328509.2,498.0,887874211590297.5,46871929738211.78,532915368203730.9,1.9647389829672888,9.205042582471497,9.415792417510032,498.0,9.310417499990765,0.10537491751926734,1.1980712823828479,1.9647389829672888,2.5436656993405626,2.6033135510969516,498.0,2.573489625218757,0.029823925878194307,0.3390862831854266,1.9647389829672888,499.0,0.9118236472945892,-0.1685615157722681,-0.14641836562653196,498.0,-0.15748994069940003,0.01107157507286808,0.1258794451072635,1.9647389829672888,ExtraTreesRegressor,"{'mode': 'original', 'type': 'ExtraTreesRegressor'}",2,"['l3_T6W30', 'density_T6W30']",0.07142044785357543,0.09447221884212348,498.0,0.08294633334784945,0.01152588549427402,0.1310447755482025,1.9647389829672888,3.680661641491519,3.7254879519554818,498.0,3.7030747967235005,0.022413155231981185,0.2548287416321409,1.9647389829672888,completed,27.13603401184082,False,COMPLETE
86,3.024419739704989,2026-06-14 03:47:47.657215,2026-06-14 03:48:47.790803,0 days 00:01:00.133588,10,,3,6,286,ExtraTreesRegressor,13,True,-0.07733259911064087,-0.06988441210093675,498.0,-0.07360850560578881,0.003724093504852062,0.04234147542991848,1.9647389829672888,3.010259362915286,3.0385801164946917,498.0,3.024419739704989,0.01416037678970309,0.16099790328530406,1.9647389829672888,946681071497457.5,1049566611706036.8,498.0,998123841601747.1,51442770104289.6,584884021730343.1,1.9647389829672888,8.85781890048227,9.061632192171034,498.0,8.959725546326652,0.1019066458443829,1.1586384003365,1.9647389829672888,2.6886998626638228,2.7368352049977362,498.0,2.7127675338307795,0.024067671166956895,0.2736399357436501,1.9647389829672888,499.0,0.9879759519038076,-0.16067899884570383,-0.14688027950235052,498.0,-0.15377963917402718,0.006899359671676646,0.0784430003274238,1.9647389829672888,ExtraTreesRegressor,"{'mode': 'original', 'type': 'ExtraTreesRegressor'}",13,"['nodes_T6W30', 'edges_T6W30', 're_T6W30', 'pe_T6W30', 'l1_T6W30', 'l2_T6W30', 'l3_T6W30', 'lcc_T6W30', 'lsc_T6W30', 'atd_T6W30', 'density_T6W30', 'diameter_T6W30', 'asp_T6W30']",-0.09108327099967904,-0.07138304293349886,498.0,-0.08123315696658895,0.009850114033090088,0.11199191448082264,1.9647389829672888,3.682493023279723,3.71899586296325,498.0,3.7007444431214864,0.018251419841763195,0.20751145044674213,1.9647389829672888,completed,60.12549924850464,True,COMPLETE
87,2.938280088544499,2026-06-14 03:48:47.803166,2026-06-14 03:49:43.963717,0 days 00:00:56.160551,9,sqrt,1,2,340,ExtraTreesRegressor,4,True,-0.047088737264216904,-0.038951419831032674,498.0,-0.04302007854762479,0.004068658716592118,0.04625904608916427,1.9647389829672888,2.9234859766197956,2.9530742004692025,498.0,2.938280088544499,0.014794111924703377,0.1682032220058813,1.9647389829672888,879203080656820.9,976032585183634.6,498.0,927617832920227.8,48414752263406.93,550456652266057.44,1.9647389829672888,8.931496069480389,9.1748789650503,498.0,9.053187517265345,0.12169144778495515,1.3835838009181702,1.9647389829672888,2.5941537962673555,2.641016607151358,498.0,2.617585201709357,0.0234314054420014,0.26640584521262495,1.9647389829672888,499.0,0.8777555110220441,-0.11325596509617418,-0.09722892590972525,498.0,-0.10524244550294971,0.008013519593224466,0.09111055952854297,1.9647389829672888,ExtraTreesRegressor,"{'mode': 'original', 'type': 'ExtraTreesRegressor'}",4,"['nodes_T6W30', 'l3_T6W30', 'atd_T6W30', 'density_T6W30']",0.01058852662304675,0.031904536624631955,498.0,0.021246531623839354,0.010658005000792604,0.12117731638183855,1.9647389829672888,3.6016781158127604,3.6408231387529537,498.0,3.621250627282857,0.019572511470096685,0.2225317415991727,1.9647389829672888,completed,56.152552366256714,True,COMPLETE
88,2.8399992643464644,2026-06-14 03:49:43.976154,2026-06-14 03:49:55.815283,0 days 00:00:11.839129,3,sqrt,1,10,58,ExtraTreesRegressor,4,False,-0.010232569233152357,-0.005973098687284776,498.0,-0.008102833960218566,0.0021297352729337904,0.024214250693133182,1.9647389829672888,2.8289753609047055,2.8510231677882234,498.0,2.8399992643464644,0.011023903441759087,0.12533743744964812,1.9647389829672888,914874722185640.1,1012738282665320.6,498.0,963806502425480.4,48931780239840.21,556335056589742.6,1.9647389829672888,8.23695839864283,8.425322419427204,498.0,8.331140409035017,0.0941820103921863,1.0708123396379374,1.9647389829672888,2.5305569312257212,2.564302291053785,498.0,2.547429611139753,0.016872679914031893,0.19183572085020467,1.9647389829672888,499.0,0.503006012024048,-0.009343530704226957,-0.0017835255460910242,498.0,-0.005563528125158991,0.0037800025790679665,0.04297713956916147,1.9647389829672888,ExtraTreesRegressor,"{'mode': 'original', 'type': 'ExtraTreesRegressor'}",4,"['atd_T6W30', 'density_T6W30', 'diameter_T6W30', 'asp_T6W30']",0.11352813247061962,0.13481089356035228,498.0,0.12416951301548595,0.010641380544866333,0.12098830286990046,1.9647389829672888,3.440686289161543,3.4722485679377204,498.0,3.4564674285496317,0.015781139388088804,0.1794253352624734,1.9647389829672888,completed,11.831659078598022,False,COMPLETE
89,2.830582905262804,2026-06-14 03:49:55.827718,2026-06-14 03:50:56.407660,0 days 00:01:00.579942,9,log2,2,9,424,ExtraTreesRegressor,3,False,-0.006586025476611957,-0.0029017794607956,498.0,-0.004743902468703778,0.0018421230079081782,0.02094421259203321,1.9647389829672888,2.8199064515297936,2.8412593589958144,498.0,2.830582905262804,0.01067645373301034,0.12138707119623639,1.9647389829672888,931758033444937.5,1031118677180386.5,498.0,981438355312662.0,49680321867724.445,564845679887476.0,1.9647389829672888,8.25724632644134,8.434389617973633,498.0,8.345817972207486,0.08857164576614675,1.0070247049674235,1.9647389829672888,2.576809214320899,2.608014503356476,498.0,2.5924118588386875,0.015602644517788328,0.17739591893462148,1.9647389829672888,499.0,0.4709418837675351,-0.004292668613395082,0.0014619829526046622,498.0,-0.0014153428303952098,0.002877325782999872,0.032714060156123735,1.9647389829672888,ExtraTreesRegressor,"{'mode': 'original', 'type': 'ExtraTreesRegressor'}",3,"['l1_T6W30', 'atd_T6W30', 'density_T6W30']",0.08507745179386794,0.10461380036190512,498.0,0.09484562607788653,0.009768174284018591,0.11106029182754495,1.9647389829672888,3.434309310768029,3.465385546731719,498.0,3.449847428749874,0.015538117981845062,0.17666227765180734,1.9647389829672888,completed,60.57212781906128,False,COMPLETE
90,2.841454651307841,2026-06-14 03:50:56.420083,2026-06-14 03:51:18.428632,0 days 00:00:22.008549,13,sqrt,5,6,131,ExtraTreesRegressor,6,True,-0.010689762699632004,-0.006573216644854947,498.0,-0.008631489672243475,0.002058273027388528,0.023401753125609902,1.9647389829672888,2.8305979253139926,2.8523113773016897,498.0,2.841454651307841,0.010856725993848394,0.12343669575400472,1.9647389829672888,926825164783392.5,1025796705109322.2,498.0,976310934946357.4,49485770162964.84,562633703680059.4,1.9647389829672888,8.290331366418746,8.483925588630706,498.0,8.387128477524726,0.09679711110597973,1.1005450041039564,1.9647389829672888,2.584390468321577,2.6179771272368866,498.0,2.601183797779232,0.016793329457654667,0.19093353743438235,1.9647389829672888,499.0,0.5671342685370742,-0.013264817150635098,-0.006440721543041204,498.0,-0.009852769346838151,0.0034120478037969475,0.038793638790741054,1.9647389829672888,ExtraTreesRegressor,"{'mode': 'original', 'type': 'ExtraTreesRegressor'}",6,"['nodes_T6W30', 'l1_T6W30', 'lcc_T6W30', 'atd_T6W30', 'density_T6W30', 'asp_T6W30']",0.06354658018801124,0.08303572963661832,498.0,0.07329115491231478,0.009744574724303536,0.11079197413451979,1.9647389829672888,3.4483224105738755,3.479864712033212,498.0,3.4640935613035437,0.015771150729668306,0.17931176815291017,1.9647389829672888,completed,22.00079107284546,True,COMPLETE
91,2.82944166240507,2026-06-14 03:51:18.440888,2026-06-14 03:52:06.261882,0 days 00:00:47.820994,9,log2,3,8,331,ExtraTreesRegressor,3,True,-0.005901394705210573,-0.002784143027425589,498.0,-0.004342768866318081,0.0015586258388924918,0.01772096151074599,1.9647389829672888,2.819153633445046,2.839729691365094,498.0,2.82944166240507,0.010288028960023935,0.11697083461132045,1.9647389829672888,936364635494135.8,1035843324295784.5,498.0,986103979894960.1,49739344400824.35,565516742827170.0,1.9647389829672888,8.208713586452776,8.381288406284595,498.0,8.295000996368685,0.08628740991590914,0.981053843601305,1.9647389829672888,2.574587175547684,2.602970249332005,498.0,2.5887787124398445,0.014191536892160178,0.1613521813695846,1.9647389829672888,499.0,0.3967935871743487,0.002477804354541899,0.006931400105481728,498.0,0.004704602230011814,0.002226797875469915,0.025317814230163785,1.9647389829672888,ExtraTreesRegressor,"{'mode': 'original', 'type': 'ExtraTreesRegressor'}",3,"['l1_T6W30', 'atd_T6W30', 'density_T6W30']",0.09563179416979758,0.11538750873804599,498.0,0.10550965145392179,0.009877857284124202,0.11230734431105556,1.9647389829672888,3.4242454602516146,3.4547866336449617,498.0,3.439516046948288,0.015270586696673498,0.17362055237743715,1.9647389829672888,completed,47.813117265701294,True,COMPLETE
92,3.007123292467912,2026-06-14 03:52:06.274349,2026-06-14 03:53:29.431147,0 days 00:01:23.156798,17,,1,6,453,ExtraTreesRegressor,5,True,-0.07181019924618977,-0.06312643508756498,498.0,-0.06746831716687737,0.0043418820793124,0.04936548804193154,1.9647389829672888,2.991663112374161,3.022583472561663,498.0,3.007123292467912,0.015460180093750898,0.1757761545806494,1.9647389829672888,939320437281747.1,1043389150314367.4,498.0,991354793798057.2,52034356516310.17,591610126082075.2,1.9647389829672888,9.024853750964553,9.221544979405252,498.0,9.123199365184902,0.09834561422034914,1.1181508742263901,1.9647389829672888,2.6189606012133155,2.667211494396247,498.0,2.6430860478047813,0.02412544659146579,0.27429681955016816,1.9647389829672888,499.0,0.9559118236472945,-0.15800512677087375,-0.14147371949213688,498.0,-0.14973942313150532,0.00826570363936842,0.0939777927437428,1.9647389829672888,ExtraTreesRegressor,"{'mode': 'original', 'type': 'ExtraTreesRegressor'}",5,"['l1_T6W30', 'l3_T6W30', 'atd_T6W30', 'density_T6W30', 'asp_T6W30']",-0.006042473662650537,0.014350888045890079,498.0,0.004154207191619771,0.010196680854270309,0.11593224265053925,1.9647389829672888,3.6738063340536833,3.712383368234317,498.0,3.693094851144,0.01928851709031687,0.21930283742745543,1.9647389829672888,completed,83.14882683753967,True,COMPLETE
93,2.947101565772119,2026-06-14 03:53:29.443602,2026-06-14 03:54:50.332037,0 days 00:01:20.888435,11,log2,2,3,493,ExtraTreesRegressor,8,False,-0.049233980653921976,-0.04296885738720086,498.0,-0.04610141902056142,0.0031325616333605544,0.03561599118250662,1.9647389829672888,2.9339679056302854,2.9602352259139524,498.0,2.947101565772119,0.013133660141833505,0.14932453964322084,1.9647389829672888,926001056944258.4,1026381047379167.4,498.0,976191052161712.9,50189995217454.53,570640465004112.9,1.9647389829672888,8.689684561184693,8.891429894321925,498.0,8.79055722775331,0.10087266656861542,1.1468824634775265,1.9647389829672888,2.6535589186251767,2.6984910285131067,498.0,2.6760249735691417,0.022466054943964923,0.25543019050883825,1.9647389829672888,499.0,0.935871743486974,-0.09520237633947183,-0.08400861029902036,498.0,-0.0896054933192461,0.005596883020225731,0.06363435412571083,1.9647389829672888,ExtraTreesRegressor,"{'mode': 'original', 'type': 'ExtraTreesRegressor'}",8,"['nodes_T6W30', 're_T6W30', 'l1_T6W30', 'l2_T6W30', 'l3_T6W30', 'atd_T6W30', 'density_T6W30', 'asp_T6W30']",-0.026480956282630416,-0.007138858949392101,498.0,-0.01680990761601126,0.009671048666619157,0.1099560118363536,1.9647389829672888,3.5797563936926067,3.6147516436304827,498.0,3.5972540186615447,0.017497624968937874,0.19894109982441005,1.9647389829672888,completed,80.88010907173157,False,COMPLETE
94,3.0105666804412596,2026-06-14 03:54:50.344590,2026-06-14 03:55:52.080485,0 days 00:01:01.735895,17,log2,1,4,343,ExtraTreesRegressor,9,False,-0.07244397569725237,-0.0649631453463959,498.0,-0.06870356052182414,0.00374041517542824,0.0425270463917582,1.9647389829672888,2.9964566054371105,3.024676755445409,498.0,3.0105666804412596,0.01411007500414925,0.16042599180823347,1.9647389829672888,935742983579995.9,1037539279418897.9,498.0,986641131499446.9,50898147919450.984,578691882132374.2,1.9647389829672888,8.834939289163295,9.04603945267877,498.0,8.940489370921032,0.10555008175773758,1.2000628307394412,1.9647389829672888,2.7158835389128986,2.762276668147359,498.0,2.739080103530129,0.023196564617230485,0.26373579758921695,1.9647389829672888,499.0,0.9739478957915831,-0.14068918303976516,-0.12712017475274764,498.0,-0.1339046788962564,0.006784504143508746,0.07713713823841467,1.9647389829672888,ExtraTreesRegressor,"{'mode': 'original', 'type': 'ExtraTreesRegressor'}",9,"['nodes_T6W30', 're_T6W30', 'pe_T6W30', 'l1_T6W30', 'l2_T6W30', 'l3_T6W30', 'atd_T6W30', 'density_T6W30', 'asp_T6W30']",-0.04784211803475721,-0.02827309401114573,498.0,-0.03805760602295147,0.009784512011805739,0.11124604535354504,1.9647389829672888,3.6505697877765546,3.687083226962151,498.0,3.668826507369353,0.018256719592798284,0.20757170652730098,1.9647389829672888,completed,61.727863073349,False,COMPLETE
95,2.9619789115127833,2026-06-14 03:55:52.092887,2026-06-14 03:56:16.066978,0 days 00:00:23.974091,19,sqrt,2,6,129,ExtraTreesRegressor,10,False,-0.05457162244101902,-0.0482494989395048,498.0,-0.05141056069026191,0.003161061750757112,0.03594002628498831,1.9647389829672888,2.948905008529438,2.9750528144961286,498.0,2.9619789115127833,0.013073902983345103,0.1486451243023864,1.9647389829672888,933585766126429.6,1034910999821701.1,498.0,984248382974065.4,50662616847635.71,576013986672108.5,1.9647389829672888,8.70550649783267,8.907234963725495,498.0,8.806370730779083,0.10086423294641202,1.146786576516889,1.9647389829672888,2.672280488339767,2.717185833819545,498.0,2.694733161079656,0.02245267273988901,0.2552780401226194,1.9647389829672888,499.0,0.9559118236472945,-0.10705799626034924,-0.09582646102926172,498.0,-0.10144222864480548,0.005615767615543768,0.06384906453177899,1.9647389829672888,ExtraTreesRegressor,"{'mode': 'original', 'type': 'ExtraTreesRegressor'}",10,"['nodes_T6W30', 're_T6W30', 'l1_T6W30', 'l2_T6W30', 'l3_T6W30', 'lcc_T6W30', 'atd_T6W30', 'density_T6W30', 'diameter_T6W30', 'asp_T6W30']",-0.04689834238542972,-0.027905443777853027,498.0,-0.03740189308164137,0.009496449303788347,0.10797088589315476,1.9647389829672888,3.599255492233032,3.6341076792555147,498.0,3.6166815857442733,0.017426093511241338,0.1981278153420043,1.9647389829672888,completed,23.9663827419281,False,COMPLETE
96,2.8949340547519387,2026-06-14 03:56:16.079438,2026-06-14 03:56:43.356362,0 days 00:00:27.276924,9,sqrt,2,5,160,ExtraTreesRegressor,7,False,-0.030240109118494306,-0.024927222442485963,498.0,-0.027583665780490135,0.002656443338004173,0.03020271380955631,1.9647389829672888,2.8827913112452874,2.90707679825859,498.0,2.8949340547519387,0.01214274350665107,0.13805820803607682,1.9647389829672888,921128064192849.2,1020148948726703.2,498.0,970638506459776.2,49510442266926.96,562914215778468.1,1.9647389829672888,8.493291318154396,8.684227590056336,498.0,8.588759454105366,0.09546813595097005,1.085435080360232,1.9647389829672888,2.5950365723745294,2.6368061244044494,498.0,2.6159213483894894,0.02088477601495987,0.23745167229142983,1.9647389829672888,499.0,0.8176352705410822,-0.053676419340166114,-0.04433638754041989,498.0,-0.049006403440293,0.004670015899873115,0.05309624025932214,1.9647389829672888,ExtraTreesRegressor,"{'mode': 'original', 'type': 'ExtraTreesRegressor'}",7,"['re_T6W30', 'l1_T6W30', 'l3_T6W30', 'lcc_T6W30', 'atd_T6W30', 'density_T6W30', 'asp_T6W30']",0.005350879707056808,0.02486103321251085,498.0,0.01510595645978383,0.009755076752727021,0.11091137805869032,1.9647389829672888,3.5133032130832276,3.5469351805817984,498.0,3.530119196832513,0.016815983749285522,0.19119110780183426,1.9647389829672888,completed,27.26916480064392,False,COMPLETE
