number,value,datetime_start,datetime_complete,duration,params_et_max_depth,params_et_max_features,params_et_min_samples_leaf,params_et_min_samples_split,params_et_n_estimators,params_regressor,params_rfe_n_features,params_use_scaler,user_attrs_d2mae_ci_lower_val,user_attrs_d2mae_ci_upper_val,user_attrs_d2mae_df_val,user_attrs_d2mae_mean_val,user_attrs_d2mae_samperror_val,user_attrs_d2mae_std_val,user_attrs_d2mae_t_critical_val,user_attrs_mae_ci_lower_val,user_attrs_mae_ci_upper_val,user_attrs_mae_df_val,user_attrs_mae_mean_val,user_attrs_mae_samperror_val,user_attrs_mae_std_val,user_attrs_mae_t_critical_val,user_attrs_mape_ci_lower_val,user_attrs_mape_ci_upper_val,user_attrs_mape_df_val,user_attrs_mape_mean_val,user_attrs_mape_samperror_val,user_attrs_mape_std_val,user_attrs_mape_t_critical_val,user_attrs_max_error_ci_lower_val,user_attrs_max_error_ci_upper_val,user_attrs_max_error_df_val,user_attrs_max_error_mean_val,user_attrs_max_error_samperror_val,user_attrs_max_error_std_val,user_attrs_max_error_t_critical_val,user_attrs_median_ae_ci_lower_val,user_attrs_median_ae_ci_upper_val,user_attrs_median_ae_df_val,user_attrs_median_ae_mean_val,user_attrs_median_ae_samperror_val,user_attrs_median_ae_std_val,user_attrs_median_ae_t_critical_val,user_attrs_n_splits_val,user_attrs_r2_below_zero_val,user_attrs_r2_ci_lower_val,user_attrs_r2_ci_upper_val,user_attrs_r2_df_val,user_attrs_r2_mean_val,user_attrs_r2_samperror_val,user_attrs_r2_std_val,user_attrs_r2_t_critical_val,user_attrs_regressor_final,user_attrs_rfe_estimator,user_attrs_rfe_n_features,user_attrs_rfe_selected_features,user_attrs_rho_ci_lower_val,user_attrs_rho_ci_upper_val,user_attrs_rho_df_val,user_attrs_rho_mean_val,user_attrs_rho_samperror_val,user_attrs_rho_std_val,user_attrs_rho_t_critical_val,user_attrs_rmse_ci_lower_val,user_attrs_rmse_ci_upper_val,user_attrs_rmse_df_val,user_attrs_rmse_mean_val,user_attrs_rmse_samperror_val,user_attrs_rmse_std_val,user_attrs_rmse_t_critical_val,user_attrs_termination_reason,user_attrs_trial_time_seconds,user_attrs_use_scaler_final,state
401,2.850354406106913,2026-06-14 06:51:32.771228,2026-06-14 06:52:26.749060,0 days 00:00:53.977832,5,log2,2,9,364,ExtraTreesRegressor,4,False,-0.014175764238519947,-0.009368554714649195,498.0,-0.011772159476584571,0.002403604761935377,0.027328038847070968,1.9647389829672888,2.8388315626476217,2.861877249566204,498.0,2.850354406106913,0.011522843459291228,0.13101018880935905,1.9647389829672888,914884684548968.2,1013208739121122.2,498.0,964046711835045.2,49162027286077.03,558952874761693.94,1.9647389829672888,8.41560723920533,8.62791396768264,498.0,8.521760603443985,0.10615336423865475,1.2069219147849342,1.9647389829672888,2.550070387102915,2.5841192791820093,498.0,2.567094833142462,0.01702444603954705,0.19356124188404053,1.9647389829672888,499.0,0.6372745490981964,-0.028065922934831317,-0.018977445532454826,498.0,-0.02352168423364307,0.004544238701188245,0.05166620308092671,1.9647389829672888,ExtraTreesRegressor,"{'mode': 'original', 'type': 'ExtraTreesRegressor'}",4,"['nodes_T6W30', 'atd_T6W30', 'density_T6W30', 'asp_T6W30']",0.06255260679250578,0.08249475057533727,498.0,0.07252367868392152,0.009971071891415748,0.11336715765870707,1.9647389829672888,3.470395003037015,3.503547768271379,498.0,3.486971385654197,0.016576382617182226,0.18846693736016448,1.9647389829672888,completed,53.96978402137756,False,COMPLETE
402,2.9126754852805155,2026-06-14 06:52:26.762722,2026-06-14 06:53:25.733240,0 days 00:00:58.970518,17,,5,9,353,ExtraTreesRegressor,6,True,-0.03728296283363016,-0.03067346554150508,498.0,-0.03397821418756762,0.003304748646062541,0.03757368965548356,1.9647389829672888,2.8997713397591065,2.9255796308019244,498.0,2.9126754852805155,0.012904145521408826,0.14671504886409376,1.9647389829672888,925111759135979.5,1025538877399385.8,498.0,975325318267682.6,50213559131703.12,570908377422232.6,1.9647389829672888,8.591584012746429,8.801612562306945,498.0,8.696598287526687,0.10501427478025739,1.1939709165749344,1.9647389829672888,2.6530265529699038,2.6977797048013445,498.0,2.675403128885624,0.02237657591572039,0.25441284922270446,1.9647389829672888,499.0,0.8797595190380761,-0.07964305919996485,-0.06774114004453789,498.0,-0.07369209962225137,0.005950959577713479,0.06766006503754604,1.9647389829672888,ExtraTreesRegressor,"{'mode': 'original', 'type': 'ExtraTreesRegressor'}",6,"['nodes_T6W30', 'l1_T6W30', 'lcc_T6W30', 'atd_T6W30', 'density_T6W30', 'asp_T6W30']",0.007128802126328038,0.026618402379122618,498.0,0.016873602252725328,0.00974480012639729,0.11079453686749147,1.9647389829672888,3.553128495534474,3.5873199237102646,498.0,3.5702242096223693,0.01709571408789527,0.19437153150596945,1.9647389829672888,completed,58.96252417564392,True,COMPLETE
403,2.8473966052393025,2026-06-14 06:53:25.751272,2026-06-14 06:53:41.695837,0 days 00:00:15.944565,20,sqrt,5,3,86,ExtraTreesRegressor,8,True,-0.012686759059688083,-0.00876822721887631,498.0,-0.010727493139282196,0.0019592659204058873,0.022276081339380326,1.9647389829672888,2.836606333927156,2.858186876551449,498.0,2.8473966052393025,0.010790271312146387,0.1226811322138244,1.9647389829672888,930493457763549.5,1029871161015940.5,498.0,980182309389745.0,49688851626195.5,564942659879588.1,1.9647389829672888,8.260675688392547,8.450557904613545,498.0,8.355616796503046,0.09494110811049845,1.0794429815235251,1.9647389829672888,2.5836599301269927,2.6160342700198957,498.0,2.599847100073444,0.01618716994645169,0.1840417426884199,1.9647389829672888,499.0,0.5711422845691383,-0.011748234964637908,-0.005450961913076299,498.0,-0.008599598438857103,0.003148636525780804,0.035798756373972354,1.9647389829672888,ExtraTreesRegressor,"{'mode': 'original', 'type': 'ExtraTreesRegressor'}",8,"['nodes_T6W30', 'l1_T6W30', 'l2_T6W30', 'lcc_T6W30', 'atd_T6W30', 'density_T6W30', 'diameter_T6W30', 'asp_T6W30']",0.06237748452510111,0.08213851966756786,498.0,0.07225800209633448,0.00988051757123337,0.11233759072702836,1.9647389829672888,3.4464049918764896,3.4777871674988754,498.0,3.4620960796876825,0.015691087811193043,0.178401484323825,1.9647389829672888,completed,15.936509132385254,True,COMPLETE
404,2.903333248360144,2026-06-14 06:53:41.709501,2026-06-14 06:54:27.054457,0 days 00:00:45.344956,13,,3,6,260,ExtraTreesRegressor,4,True,-0.03425097974676702,-0.02698809073488483,498.0,-0.03061953524082592,0.003631444505941093,0.04128809282663952,1.9647389829672888,2.8895920382842584,2.9170744584360295,498.0,2.903333248360144,0.013741210075885517,0.15623214294899063,1.9647389829672888,894502723216083.8,990791268054247.0,498.0,942646995635165.4,48144272419081.56,547381403036179.25,1.9647389829672888,8.704289393559753,8.894722342754816,498.0,8.799505868157285,0.09521647459753138,1.0825737899550902,1.9647389829672888,2.574352200795752,2.618438031411183,498.0,2.5963951161034675,0.022042915307715245,0.2506192596102592,1.9647389829672888,499.0,0.8176352705410822,-0.06741707345950819,-0.05479812910508648,498.0,-0.061107601282297336,0.006309472177210853,0.07173621199872104,1.9647389829672888,ExtraTreesRegressor,"{'mode': 'original', 'type': 'ExtraTreesRegressor'}",4,"['l1_T6W30', 'l2_T6W30', 'l3_T6W30', 'density_T6W30']",0.04497315125212957,0.06570931424473557,498.0,0.05534123274843257,0.010368081496302998,0.11788100039892657,1.9647389829672888,3.5314028966547872,3.567217790785818,498.0,3.5493103437203026,0.017907447065515218,0.20360061554555375,1.9647389829672888,completed,45.33674597740173,True,COMPLETE
405,3.0186651258916672,2026-06-14 06:54:27.068612,2026-06-14 06:54:29.848343,0 days 00:00:02.779731,12,,1,10,421,ExtraTreesRegressor,13,True,,,,,,,,,,,,,,,,,,,,,,,,,,,,,,,,,,,,,,,,,,,,,ExtraTreesRegressor,"{'mode': 'original', 'type': 'ExtraTreesRegressor'}",13,"['nodes_T6W30', 'edges_T6W30', 're_T6W30', 'pe_T6W30', 'l1_T6W30', 'l2_T6W30', 'l3_T6W30', 'lcc_T6W30', 'lsc_T6W30', 'atd_T6W30', 'density_T6W30', 'diameter_T6W30', 'asp_T6W30']",,,,,,,,,,,,,,,pruned,,True,PRUNED
406,2.8970451015268206,2026-06-14 06:54:29.854138,2026-06-14 06:55:29.565297,0 days 00:00:59.711159,6,log2,1,11,395,ExtraTreesRegressor,12,True,-0.030896086466169637,-0.02588340051435557,498.0,-0.028389743490262603,0.0025063429759070352,0.02849613184928131,1.9647389829672888,2.885473883559257,2.908616319494384,498.0,2.8970451015268206,0.011571217967563623,0.13156018790330806,1.9647389829672888,925241518395760.6,1024094596453650.4,498.0,974668057424705.5,49426539028944.82,561960269030116.4,1.9647389829672888,8.439425737580176,8.645236237826321,498.0,8.542330987703249,0.10290525012307268,1.1699921374205087,1.9647389829672888,2.579584097333376,2.6165524677097287,498.0,2.5980682825215524,0.018484185188176395,0.2101579006991996,1.9647389829672888,499.0,0.8316633266533067,-0.05308838400817935,-0.044216001491312884,498.0,-0.048652192749746116,0.004436191258433231,0.05043774623989508,1.9647389829672888,ExtraTreesRegressor,"{'mode': 'original', 'type': 'ExtraTreesRegressor'}",12,"['nodes_T6W30', 'edges_T6W30', 're_T6W30', 'pe_T6W30', 'l1_T6W30', 'l2_T6W30', 'l3_T6W30', 'lcc_T6W30', 'atd_T6W30', 'density_T6W30', 'diameter_T6W30', 'asp_T6W30']",-0.007427282735086879,0.011955650116053004,498.0,0.0022641836904830626,0.009691466425569941,0.11018815370868368,1.9647389829672888,3.5131208598524934,3.545790536650245,498.0,3.529455698251369,0.01633483839887552,0.18572067479416093,1.9647389829672888,completed,59.70294189453125,True,COMPLETE
407,2.892412214104815,2026-06-14 06:55:29.579511,2026-06-14 06:56:22.635145,0 days 00:00:53.055634,13,,3,9,318,ExtraTreesRegressor,4,False,-0.030251534906933462,-0.02311172673218919,498.0,-0.026681630819561326,0.0035699040873721365,0.0405884025214983,1.9647389829672888,2.878534171235509,2.906290256974121,498.0,2.892412214104815,0.013878042869305744,0.1577878778823539,1.9647389829672888,905674664232385.9,1004597575245287.9,498.0,955136119738836.9,49461455506450.95,562357255618261.7,1.9647389829672888,8.761844632493398,8.95099062086234,498.0,8.85641762667787,0.09457299418447072,1.0752576712637247,1.9647389829672888,2.5992937980123205,2.6438292579742457,498.0,2.621561527993283,0.022267729980962693,0.2531753138422998,1.9647389829672888,499.0,0.811623246492986,-0.07362344400428525,-0.06071894955021523,498.0,-0.06717119677725024,0.006452247227035012,0.07335950804546602,1.9647389829672888,ExtraTreesRegressor,"{'mode': 'original', 'type': 'ExtraTreesRegressor'}",4,"['l1_T6W30', 'l3_T6W30', 'atd_T6W30', 'density_T6W30']",0.04523621524480831,0.06565711758330343,498.0,0.05544666641405587,0.010210451169247564,0.11608880570474615,1.9647389829672888,3.541286412612763,3.57749573041138,498.0,3.5593910715120716,0.01810465889930878,0.2058428363716903,1.9647389829672888,completed,53.04726195335388,False,COMPLETE
408,3.0237758010260345,2026-06-14 06:56:22.648944,2026-06-14 06:56:25.277767,0 days 00:00:02.628823,16,,1,4,332,ExtraTreesRegressor,2,True,,,,,,,,,,,,,,,,,,,,,,,,,,,,,,,,,,,,,,,,,,,,,ExtraTreesRegressor,"{'mode': 'original', 'type': 'ExtraTreesRegressor'}",2,"['density_T6W30', 'asp_T6W30']",,,,,,,,,,,,,,,pruned,,True,PRUNED
409,2.875975183481871,2026-06-14 06:56:25.283419,2026-06-14 06:57:07.862515,0 days 00:00:42.579096,19,,3,5,265,ExtraTreesRegressor,2,True,-0.024493346091346953,-0.017333278679200637,498.0,-0.020913312385273795,0.0035800337060731577,0.04070357229389658,1.9647389829672888,2.8624245567138016,2.8895258102499404,498.0,2.875975183481871,0.013550626768069535,0.15406528585081913,1.9647389829672888,906220917518165.9,1004134103410745.6,498.0,955177510464455.8,48956592946289.83,556617167283020.75,1.9647389829672888,8.61216073943306,8.800344697715621,498.0,8.70625271857434,0.09409197914128065,1.0697887197977858,1.9647389829672888,2.6206904763976735,2.6649489059599882,498.0,2.642819691178831,0.022129214781157185,0.2516004506113971,1.9647389829672888,499.0,0.779559118236473,-0.060761120393946974,-0.0482825149242327,498.0,-0.05452181765908984,0.006239302734857136,0.07093841309397281,1.9647389829672888,ExtraTreesRegressor,"{'mode': 'original', 'type': 'ExtraTreesRegressor'}",2,"['l1_T6W30', 'density_T6W30']",0.0574913600905317,0.07760667281940235,498.0,0.06754901645496703,0.010057656364435327,0.11435158899272015,1.9647389829672888,3.520663453185888,3.5553959378551756,498.0,3.5380296955205317,0.01736624233464368,0.19744733105232157,1.9647389829672888,completed,42.57127118110657,True,COMPLETE
410,2.846329567442908,2026-06-14 06:57:07.876057,2026-06-14 06:57:52.251575,0 days 00:00:44.375518,5,sqrt,4,5,297,ExtraTreesRegressor,8,True,-0.012349590917394926,-0.0083736547550697,498.0,-0.010361622836232313,0.0019879680811626128,0.02260241359523885,1.9647389829672888,2.835566238230225,2.8570928966555913,498.0,2.846329567442908,0.010763329212683144,0.1223748111612066,1.9647389829672888,923317037644602.6,1021764001221851.1,498.0,972540519433226.9,49223481788624.29,559651588235529.25,1.9647389829672888,8.264720975201733,8.449606694967141,498.0,8.357163835084437,0.09244285988270409,1.051038883770025,1.9647389829672888,2.5596291576199968,2.5923183020069094,498.0,2.575973729813453,0.016344572193456267,0.18583134420231182,1.9647389829672888,499.0,0.561122244488978,-0.012905373108223884,-0.006381749662936484,498.0,-0.009643561385580184,0.0032618117226436995,0.03708551375828697,1.9647389829672888,ExtraTreesRegressor,"{'mode': 'original', 'type': 'ExtraTreesRegressor'}",8,"['nodes_T6W30', 'l1_T6W30', 'l3_T6W30', 'lcc_T6W30', 'atd_T6W30', 'density_T6W30', 'diameter_T6W30', 'asp_T6W30']",0.06307577682966445,0.08257525685873215,498.0,0.0728255168441983,0.009749740014533855,0.11085070144872136,1.9647389829672888,3.4481235595232422,3.4794416228032214,498.0,3.463782591163232,0.015659031639989652,0.1780370182910529,1.9647389829672888,completed,44.274869203567505,True,COMPLETE
411,2.853521336963733,2026-06-14 06:57:52.265064,2026-06-14 06:58:07.424299,0 days 00:00:15.159235,3,sqrt,2,8,81,ExtraTreesRegressor,10,True,-0.0148704853329562,-0.01093803984284835,498.0,-0.012904262587902275,0.001966222745053925,0.02235517769384118,1.9647389829672888,2.8427137893449004,2.864328884582566,498.0,2.853521336963733,0.010807547618832826,0.12287755701200158,1.9647389829672888,924031255226686.4,1022451023184339.1,498.0,973241139205512.8,49209883978826.34,559496986497224.25,1.9647389829672888,8.26159716461979,8.44583864498226,498.0,8.353717904801025,0.09212074018123535,1.0473765097164571,1.9647389829672888,2.550967136411665,2.583165867835211,498.0,2.567066502123438,0.016099365711772874,0.1830434431450674,1.9647389829672888,499.0,0.5871743486973948,-0.015536620245329789,-0.00900939723628967,498.0,-0.01227300874080973,0.003263611504520059,0.03710597656890056,1.9647389829672888,ExtraTreesRegressor,"{'mode': 'original', 'type': 'ExtraTreesRegressor'}",10,"['nodes_T6W30', 're_T6W30', 'pe_T6W30', 'l1_T6W30', 'l3_T6W30', 'lcc_T6W30', 'atd_T6W30', 'density_T6W30', 'diameter_T6W30', 'asp_T6W30']",0.07019233558138299,0.08988092950348009,498.0,0.08003663254243154,0.009844296961048543,0.11192577666430427,1.9647389829672888,3.45259475873878,3.4840749626814707,498.0,3.4683348607101254,0.015740101971345108,0.17895875600754957,1.9647389829672888,completed,15.151199102401733,True,COMPLETE
412,2.833499939475237,2026-06-14 06:58:07.437155,2026-06-14 06:58:59.464624,0 days 00:00:52.027469,19,log2,4,10,364,ExtraTreesRegressor,2,False,-0.007307304254417453,-0.0042703835142546154,498.0,-0.005788843884336034,0.0015184603700814183,0.017264295960168523,1.9647389829672888,2.8232849223319896,2.8437149566184843,498.0,2.833499939475237,0.010215017143247296,0.11614071902960532,1.9647389829672888,934327144609686.6,1034052724896444.9,498.0,984189934753065.8,49862790143379.18,566920272268228.1,1.9647389829672888,8.232451732183948,8.418088190246722,498.0,8.325269961215335,0.09281822903138714,1.0553066830520264,1.9647389829672888,2.5316576368848627,2.5578922729611215,498.0,2.544774954922992,0.013117318038129329,0.1491387363647688,1.9647389829672888,499.0,0.36472945891783565,0.0011524037238338013,0.005733945368260019,498.0,0.0034431745460469097,0.0022907708222131085,0.0260451614219508,1.9647389829672888,ExtraTreesRegressor,"{'mode': 'original', 'type': 'ExtraTreesRegressor'}",2,"['atd_T6W30', 'density_T6W30']",0.10041313856426913,0.12084344954489086,498.0,0.11062829405458,0.010215155490310865,0.11614229198119348,1.9647389829672888,3.4263161378627083,3.457196843764605,498.0,3.4417564908136566,0.015440352950948427,0.17555072778115507,1.9647389829672888,completed,52.019535779953,False,COMPLETE
413,2.909511813406131,2026-06-14 06:58:59.478350,2026-06-14 06:59:01.611628,0 days 00:00:02.133278,14,sqrt,1,8,348,ExtraTreesRegressor,8,True,,,,,,,,,,,,,,,,,,,,,,,,,,,,,,,,,,,,,,,,,,,,,ExtraTreesRegressor,"{'mode': 'original', 'type': 'ExtraTreesRegressor'}",8,"['nodes_T6W30', 'pe_T6W30', 'l1_T6W30', 'l3_T6W30', 'atd_T6W30', 'density_T6W30', 'diameter_T6W30', 'asp_T6W30']",,,,,,,,,,,,,,,pruned,,True,PRUNED
414,2.9334028759150366,2026-06-14 06:59:01.617228,2026-06-14 06:59:02.271420,0 days 00:00:00.654192,17,,4,12,92,ExtraTreesRegressor,11,True,,,,,,,,,,,,,,,,,,,,,,,,,,,,,,,,,,,,,,,,,,,,,ExtraTreesRegressor,"{'mode': 'original', 'type': 'ExtraTreesRegressor'}",11,"['nodes_T6W30', 're_T6W30', 'pe_T6W30', 'l1_T6W30', 'l2_T6W30', 'l3_T6W30', 'lcc_T6W30', 'atd_T6W30', 'density_T6W30', 'diameter_T6W30', 'asp_T6W30']",,,,,,,,,,,,,,,pruned,,True,PRUNED
415,2.94718607483465,2026-06-14 06:59:02.277063,2026-06-14 06:59:04.896464,0 days 00:00:02.619401,8,,1,4,371,ExtraTreesRegressor,8,True,,,,,,,,,,,,,,,,,,,,,,,,,,,,,,,,,,,,,,,,,,,,,ExtraTreesRegressor,"{'mode': 'original', 'type': 'ExtraTreesRegressor'}",8,"['nodes_T6W30', 'l1_T6W30', 'l2_T6W30', 'l3_T6W30', 'lsc_T6W30', 'atd_T6W30', 'density_T6W30', 'asp_T6W30']",,,,,,,,,,,,,,,pruned,,True,PRUNED
416,2.9095367149135294,2026-06-14 06:59:04.902187,2026-06-14 06:59:53.590613,0 days 00:00:48.688426,9,,2,8,297,ExtraTreesRegressor,3,True,-0.036280509902544104,-0.02921924367376919,498.0,-0.03274987678815665,0.003530633114387459,0.04014190703593294,1.9647389829672888,2.895643366541596,2.923430063285463,498.0,2.9095367149135294,0.01389334837193329,0.15796189541510447,1.9647389829672888,913270392507988.2,1012527542167508.2,498.0,962898967337748.2,49628574829760.016,564257336460092.4,1.9647389829672888,8.766782099486932,8.972337443325145,498.0,8.869559771406038,0.10277767191910722,1.1685416235218757,1.9647389829672888,2.5841461954418175,2.627984165627018,498.0,2.6060651805344177,0.021918985092600287,0.24921022190713016,1.9647389829672888,499.0,0.8336673346693386,-0.0764958411713696,-0.06346424146832955,498.0,-0.06998004131984957,0.006515799851520031,0.0740820763388328,1.9647389829672888,ExtraTreesRegressor,"{'mode': 'original', 'type': 'ExtraTreesRegressor'}",3,"['l3_T6W30', 'density_T6W30', 'asp_T6W30']",0.021979536004795283,0.04340879977897108,498.0,0.03269416789188318,0.0107146318870879,0.1218211417615239,1.9647389829672888,3.545741288465958,3.582847460423778,498.0,3.564294374444868,0.018553085978909936,0.21094127553502082,1.9647389829672888,completed,48.68045496940613,True,COMPLETE
417,2.8462488976417966,2026-06-14 06:59:53.604412,2026-06-14 07:00:32.028380,0 days 00:00:38.423968,12,log2,5,11,250,ExtraTreesRegressor,5,False,-0.012425058796400597,-0.008226140004011812,498.0,-0.010325599400206205,0.002099459396194392,0.02387002590677637,1.9647389829672888,2.8352710957599236,2.8572266995236695,498.0,2.8462488976417966,0.010977801881872787,0.12481328088304648,1.9647389829672888,923476597062691.6,1022492544544795.9,498.0,972984570803743.8,49507973741052.12,562886149612153.6,1.9647389829672888,8.330741542107452,8.531293884223304,498.0,8.431017713165378,0.10027617105792658,1.1401005446086845,1.9647389829672888,2.5691272540843646,2.6023748102926745,498.0,2.5857510321885195,0.0166237781041551,0.18900580536778466,1.9647389829672888,499.0,0.5991983967935872,-0.01838245691056853,-0.01105247462138587,498.0,-0.014717465765977199,0.0036649911445913287,0.04166950488686697,1.9647389829672888,ExtraTreesRegressor,"{'mode': 'original', 'type': 'ExtraTreesRegressor'}",5,"['nodes_T6W30', 'lcc_T6W30', 'atd_T6W30', 'density_T6W30', 'asp_T6W30']",0.05451330153386826,0.07426311473143568,498.0,0.06438820813265198,0.009874906598783713,0.11227379618164286,1.9647389829672888,3.456351607010224,3.4884006487998622,498.0,3.472376127905043,0.01602452089481898,0.18219248707374933,1.9647389829672888,completed,38.41613698005676,False,COMPLETE
418,2.927175582571352,2026-06-14 07:00:32.042137,2026-06-14 07:00:34.319446,0 days 00:00:02.277309,7,,4,3,357,ExtraTreesRegressor,10,False,,,,,,,,,,,,,,,,,,,,,,,,,,,,,,,,,,,,,,,,,,,,,ExtraTreesRegressor,"{'mode': 'original', 'type': 'ExtraTreesRegressor'}",10,"['nodes_T6W30', 're_T6W30', 'l1_T6W30', 'l2_T6W30', 'l3_T6W30', 'lcc_T6W30', 'atd_T6W30', 'density_T6W30', 'diameter_T6W30', 'asp_T6W30']",,,,,,,,,,,,,,,pruned,,False,PRUNED
419,3.0011159303564177,2026-06-14 07:00:34.326144,2026-06-14 07:00:36.340526,0 days 00:00:02.014382,15,,1,8,275,ExtraTreesRegressor,9,False,,,,,,,,,,,,,,,,,,,,,,,,,,,,,,,,,,,,,,,,,,,,,ExtraTreesRegressor,"{'mode': 'original', 'type': 'ExtraTreesRegressor'}",9,"['nodes_T6W30', 're_T6W30', 'l1_T6W30', 'l2_T6W30', 'l3_T6W30', 'lsc_T6W30', 'atd_T6W30', 'density_T6W30', 'asp_T6W30']",,,,,,,,,,,,,,,pruned,,False,PRUNED
