number,value,datetime_start,datetime_complete,duration,params_et_max_depth,params_et_max_features,params_et_min_samples_leaf,params_et_min_samples_split,params_et_n_estimators,params_regressor,params_rfe_n_features,params_use_scaler,user_attrs_d2mae_ci_lower_val,user_attrs_d2mae_ci_upper_val,user_attrs_d2mae_df_val,user_attrs_d2mae_mean_val,user_attrs_d2mae_samperror_val,user_attrs_d2mae_std_val,user_attrs_d2mae_t_critical_val,user_attrs_mae_ci_lower_val,user_attrs_mae_ci_upper_val,user_attrs_mae_df_val,user_attrs_mae_mean_val,user_attrs_mae_samperror_val,user_attrs_mae_std_val,user_attrs_mae_t_critical_val,user_attrs_mape_ci_lower_val,user_attrs_mape_ci_upper_val,user_attrs_mape_df_val,user_attrs_mape_mean_val,user_attrs_mape_samperror_val,user_attrs_mape_std_val,user_attrs_mape_t_critical_val,user_attrs_max_error_ci_lower_val,user_attrs_max_error_ci_upper_val,user_attrs_max_error_df_val,user_attrs_max_error_mean_val,user_attrs_max_error_samperror_val,user_attrs_max_error_std_val,user_attrs_max_error_t_critical_val,user_attrs_median_ae_ci_lower_val,user_attrs_median_ae_ci_upper_val,user_attrs_median_ae_df_val,user_attrs_median_ae_mean_val,user_attrs_median_ae_samperror_val,user_attrs_median_ae_std_val,user_attrs_median_ae_t_critical_val,user_attrs_n_splits_val,user_attrs_r2_below_zero_val,user_attrs_r2_ci_lower_val,user_attrs_r2_ci_upper_val,user_attrs_r2_df_val,user_attrs_r2_mean_val,user_attrs_r2_samperror_val,user_attrs_r2_std_val,user_attrs_r2_t_critical_val,user_attrs_regressor_final,user_attrs_rfe_estimator,user_attrs_rfe_n_features,user_attrs_rfe_selected_features,user_attrs_rho_ci_lower_val,user_attrs_rho_ci_upper_val,user_attrs_rho_df_val,user_attrs_rho_mean_val,user_attrs_rho_samperror_val,user_attrs_rho_std_val,user_attrs_rho_t_critical_val,user_attrs_rmse_ci_lower_val,user_attrs_rmse_ci_upper_val,user_attrs_rmse_df_val,user_attrs_rmse_mean_val,user_attrs_rmse_samperror_val,user_attrs_rmse_std_val,user_attrs_rmse_t_critical_val,user_attrs_termination_reason,user_attrs_trial_time_seconds,user_attrs_use_scaler_final,state
477,2.8479702423999003,2026-06-14 07:27:16.321692,2026-06-14 07:27:41.746681,0 days 00:00:25.424989,17,log2,5,5,155,ExtraTreesRegressor,4,False,-0.013165096082196737,-0.00872898938036331,498.0,-0.010947042731280023,0.0022180533509167134,0.025218392432340156,1.9647389829672888,2.8368574464164906,2.85908303838331,498.0,2.8479702423999003,0.01111279598340952,0.12634811061435008,1.9647389829672888,918289628506869.2,1017064869526336.2,498.0,967677249016602.8,49387620509733.5,561517780805046.9,1.9647389829672888,8.37916777916457,8.587435187943361,498.0,8.483301483553966,0.10413370438939583,1.183959178276634,1.9647389829672888,2.5606782475281915,2.5918472830764627,498.0,2.576262765302327,0.015584517774135586,0.17718982500330716,1.9647389829672888,499.0,0.655310621242485,-0.02391208676463771,-0.0160325550276102,498.0,-0.019972320896123955,0.003939765868513756,0.04479358520508827,1.9647389829672888,ExtraTreesRegressor,"{'mode': 'original', 'type': 'ExtraTreesRegressor'}",4,"['nodes_T6W30', 'lcc_T6W30', 'atd_T6W30', 'density_T6W30']",0.04829869358276061,0.06839995690308634,498.0,0.058349325242923474,0.010050631660162864,0.11427172087368194,1.9647389829672888,3.465004719198368,3.497495932453927,498.0,3.4812503258261476,0.016245606627779702,0.18470614472436028,1.9647389829672888,completed,25.41710376739502,False,COMPLETE
478,2.87163307908511,2026-06-14 07:27:41.759666,2026-06-14 07:28:28.360374,0 days 00:00:46.600708,7,log2,2,6,300,ExtraTreesRegressor,5,False,-0.02205710205546046,-0.016697504968256702,498.0,-0.019377303511858582,0.0026797985436018794,0.03046825329257078,1.9647389829672888,2.859858328817434,2.883407829352786,498.0,2.87163307908511,0.01177475026767573,0.1338742699404974,1.9647389829672888,919603375503235.4,1018569272045638.1,498.0,969086323774436.8,49482948271201.39,562601619882858.2,1.9647389829672888,8.425320527427766,8.62021130822759,498.0,8.522765917827678,0.0974453903999125,1.1079156841795281,1.9647389829672888,2.60224677714986,2.6415528169851212,498.0,2.6218997970674907,0.019653019917630694,0.22344709091806622,1.9647389829672888,499.0,0.7434869739478958,-0.042085138125067256,-0.03238487201579068,498.0,-0.03723500507042897,0.004850133054638283,0.05514410132217135,1.9647389829672888,ExtraTreesRegressor,"{'mode': 'original', 'type': 'ExtraTreesRegressor'}",5,"['l1_T6W30', 'lcc_T6W30', 'atd_T6W30', 'density_T6W30', 'asp_T6W30']",0.03815078901785246,0.05789862761421803,498.0,0.048024708316035246,0.009873919298182786,0.11226257096292008,1.9647389829672888,3.493473782676524,3.5260695197439236,498.0,3.5097716512102237,0.016297868533700036,0.18530034199748552,1.9647389829672888,completed,46.59261989593506,False,COMPLETE
479,2.9139018279740565,2026-06-14 07:28:28.373279,2026-06-14 07:28:44.004399,0 days 00:00:15.631120,7,log2,2,5,77,ExtraTreesRegressor,9,False,-0.03728807337132512,-0.03141417979071965,498.0,-0.034351126581022386,0.0029369467903027336,0.03339192751163778,1.9647389829672888,2.9013882808917737,2.9264153750563393,498.0,2.9139018279740565,0.012513547082282701,0.14227409855184311,1.9647389829672888,918161198572904.2,1016976380200879.5,498.0,967568789386891.9,49407590813987.63,561744835293824.5,1.9647389829672888,8.54687839499731,8.742070824441374,498.0,8.644474609719342,0.09759621472203145,1.1096304972799278,1.9647389829672888,2.609424965127262,2.652478755907571,498.0,2.6309518605174165,0.021526895390154573,0.24475231651866472,1.9647389829672888,499.0,0.8717434869739479,-0.07140348461097693,-0.06086381056486115,498.0,-0.06613364758791904,0.005269837023057887,0.05991597003156989,1.9647389829672888,ExtraTreesRegressor,"{'mode': 'original', 'type': 'ExtraTreesRegressor'}",9,"['nodes_T6W30', 're_T6W30', 'l1_T6W30', 'l3_T6W30', 'lcc_T6W30', 'atd_T6W30', 'density_T6W30', 'diameter_T6W30', 'asp_T6W30']",-0.013370359110712922,0.006370650502067249,498.0,-0.003499854304322836,0.009870504806390085,0.11222374953693871,1.9647389829672888,3.5413362565214563,3.5753137103636603,498.0,3.5583249834425583,0.01698872692110204,0.1931551295847529,1.9647389829672888,completed,15.623440980911255,False,COMPLETE
480,2.8720765186990493,2026-06-14 07:28:44.017282,2026-06-14 07:29:52.115178,0 days 00:01:08.097896,5,log2,3,11,460,ExtraTreesRegressor,12,True,-0.021692661338746737,-0.017296554047732293,498.0,-0.019494607693239515,0.0021980536455072225,0.024991003664013512,1.9647389829672888,2.8608917070006297,2.883261330397469,498.0,2.8720765186990493,0.011184811698419776,0.12716690091155983,1.9647389829672888,927530589450286.8,1026482598542895.8,498.0,977006593996591.2,49476004546304.52,562522672467405.3,1.9647389829672888,8.335148718428524,8.529490130458019,498.0,8.432319424443271,0.0971707060147477,1.1047926309773772,1.9647389829672888,2.5610194210393966,2.5947988207184562,498.0,2.5779091208789264,0.016889699839529596,0.19202923069530953,1.9647389829672888,499.0,0.7194388777555111,-0.03047141917233229,-0.023086628207182918,498.0,-0.026779023689757604,0.0036923954825746866,0.04198108140928343,1.9647389829672888,ExtraTreesRegressor,"{'mode': 'original', 'type': 'ExtraTreesRegressor'}",12,"['nodes_T6W30', 're_T6W30', 'pe_T6W30', 'l1_T6W30', 'l2_T6W30', 'l3_T6W30', 'lcc_T6W30', 'lsc_T6W30', 'atd_T6W30', 'density_T6W30', 'diameter_T6W30', 'asp_T6W30']",0.02565417911805864,0.04486254240459194,498.0,0.03525836076132529,0.00960418164326665,0.10919576013411703,1.9647389829672888,3.476889914160652,3.508943805251185,498.0,3.4929168597059186,0.01602694554526679,0.1822200543937504,1.9647389829672888,completed,68.08894205093384,True,COMPLETE
481,2.853687344615439,2026-06-14 07:29:52.130134,2026-06-14 07:30:03.951849,0 days 00:00:11.821715,11,sqrt,5,10,55,ExtraTreesRegressor,4,False,-0.01497533470164963,-0.010953735764295279,498.0,-0.012964535232972455,0.002010799468677176,0.02286199747309243,1.9647389829672888,2.8428202906908386,2.8645543985400397,498.0,2.853687344615439,0.010867053924600691,0.12355412025626829,1.9647389829672888,931596695737810.6,1031206630173798.4,498.0,981401662955804.5,49804967217993.875,566262848395466.0,1.9647389829672888,8.280531506450211,8.485186181787467,498.0,8.38285884411884,0.1023273376686284,1.1634215005773103,1.9647389829672888,2.565281655779263,2.596644700603503,498.0,2.580963178191383,0.015681522412120008,0.17829272950622962,1.9647389829672888,499.0,0.591182364729459,-0.015530156660682302,-0.008804450225053316,498.0,-0.01216730344286781,0.0033628532178144933,0.03823431573643341,1.9647389829672888,ExtraTreesRegressor,"{'mode': 'original', 'type': 'ExtraTreesRegressor'}",4,"['nodes_T6W30', 'l2_T6W30', 'atd_T6W30', 'asp_T6W30']",0.06112538791921161,0.08119283326478906,498.0,0.07115911059200034,0.01003372267278872,0.11407947235131956,1.9647389829672888,3.4522814294502413,3.484045418894262,498.0,3.4681634241722517,0.01588199472201018,0.18057202066058287,1.9647389829672888,completed,11.813791275024414,False,COMPLETE
482,2.8854352664667777,2026-06-14 07:30:03.964830,2026-06-14 07:30:05.330048,0 days 00:00:01.365218,9,sqrt,1,7,220,ExtraTreesRegressor,8,False,,,,,,,,,,,,,,,,,,,,,,,,,,,,,,,,,,,,,,,,,,,,,ExtraTreesRegressor,"{'mode': 'original', 'type': 'ExtraTreesRegressor'}",8,"['nodes_T6W30', 'l1_T6W30', 'l3_T6W30', 'lcc_T6W30', 'atd_T6W30', 'density_T6W30', 'diameter_T6W30', 'asp_T6W30']",,,,,,,,,,,,,,,pruned,,False,PRUNED
483,2.8534666602173013,2026-06-14 07:30:05.336926,2026-06-14 07:30:55.559101,0 days 00:00:50.222175,4,log2,1,8,341,ExtraTreesRegressor,5,True,-0.015358051668133893,-0.010474727985163426,498.0,-0.01291638982664866,0.002441661841485233,0.027760732842695732,1.9647389829672888,2.842091328580984,2.8648419918536185,498.0,2.8534666602173013,0.011375331636317322,0.1293330375187337,1.9647389829672888,913806913508358.9,1011493594047357.9,498.0,962650253777858.4,48843340269499.5,555329528982467.2,1.9647389829672888,8.363154608209062,8.57197221439322,498.0,8.46756341130114,0.10440880309207923,1.1870869421056829,1.9647389829672888,2.54555813991203,2.579466423669503,498.0,2.5625122817907666,0.016954141878736343,0.1927619112835309,1.9647389829672888,499.0,0.6172344689378757,-0.026138679378996027,-0.017025859376691273,498.0,-0.02158226937784365,0.004556410001152379,0.05180458596462984,1.9647389829672888,ExtraTreesRegressor,"{'mode': 'original', 'type': 'ExtraTreesRegressor'}",5,"['nodes_T6W30', 'lcc_T6W30', 'atd_T6W30', 'density_T6W30', 'asp_T6W30']",0.07083021766157603,0.09104602269899233,498.0,0.08093812018028418,0.010107902518708144,0.11492286796405062,1.9647389829672888,3.4671565949311014,3.499956503855637,498.0,3.483556549393369,0.016399954462267906,0.1864610187717301,1.9647389829672888,completed,50.21381998062134,True,COMPLETE
484,2.843546599683153,2026-06-14 07:30:55.574543,2026-06-14 07:31:26.925356,0 days 00:00:31.350813,2,sqrt,2,3,208,ExtraTreesRegressor,3,True,-0.01062396319070517,-0.008093358633362448,498.0,-0.00935866091203381,0.001265302278671362,0.014385988234178772,1.9647389829672888,2.833601204277907,2.853491995088399,498.0,2.843546599683153,0.009945395405246004,0.11307522613043948,1.9647389829672888,941879985481206.2,1041566702610956.2,498.0,991723344046081.2,49843358564874.98,566699342878907.4,1.9647389829672888,8.144665124758694,8.311659327771606,498.0,8.22816222626515,0.08349710150645552,0.9493291366875701,1.9647389829672888,2.5364516839003737,2.560250839175145,498.0,2.5483512615377593,0.01189957763738574,0.1352935079377903,1.9647389829672888,499.0,0.3046092184368738,0.003790017797247449,0.0070924217138523425,498.0,0.005441219755549896,0.0016512019583024464,0.018773515502821306,1.9647389829672888,ExtraTreesRegressor,"{'mode': 'original', 'type': 'ExtraTreesRegressor'}",3,"['lcc_T6W30', 'atd_T6W30', 'asp_T6W30']",0.1342433763255833,0.1556967170048047,498.0,0.144970046665194,0.010726670339610686,0.12195801422217604,1.9647389829672888,3.423343703358172,3.453346164343215,498.0,3.4383449338506935,0.015001230492521216,0.17055807849348373,1.9647389829672888,completed,31.34264898300171,True,COMPLETE
485,2.924714188625593,2026-06-14 07:31:26.939240,2026-06-14 07:32:29.698568,0 days 00:01:02.759328,8,log2,1,8,399,ExtraTreesRegressor,12,True,-0.04116083277636077,-0.035320830143007194,498.0,-0.03824083145968398,0.002920001316676785,0.03319926415497216,1.9647389829672888,2.9124903169105396,2.9369380603406468,498.0,2.924714188625593,0.012223871715053727,0.13898060379178995,1.9647389829672888,927764359032001.2,1027218843852912.5,498.0,977491601442456.9,49727242410455.586,565379147966250.2,1.9647389829672888,8.545532789854384,8.74977110544867,498.0,8.647651947651527,0.10211915779714194,1.1610545774852712,1.9647389829672888,2.615215772119248,2.6552670018811058,498.0,2.635241387000177,0.020025614880928726,0.22768334880558713,1.9647389829672888,499.0,0.9158316633266533,-0.08150783967196448,-0.07096381891686154,498.0,-0.07623582929441301,0.005272010377551464,0.05994068021561077,1.9647389829672888,ExtraTreesRegressor,"{'mode': 'original', 'type': 'ExtraTreesRegressor'}",12,"['nodes_T6W30', 'edges_T6W30', 'pe_T6W30', 'l1_T6W30', 'l2_T6W30', 'l3_T6W30', 'lcc_T6W30', 'lsc_T6W30', 'atd_T6W30', 'density_T6W30', 'diameter_T6W30', 'asp_T6W30']",-0.03515125464315555,-0.01584993391225276,498.0,-0.025500594277704156,0.009650660365451397,0.10972420488740675,1.9647389829672888,3.5583102000833104,3.591529785386675,498.0,3.574919992734993,0.016609792651682314,0.18884679628504247,1.9647389829672888,completed,62.75142192840576,True,COMPLETE
486,2.9453261631409946,2026-06-14 07:32:29.712470,2026-06-14 07:32:30.311723,0 days 00:00:00.599253,8,,4,5,81,ExtraTreesRegressor,11,False,,,,,,,,,,,,,,,,,,,,,,,,,,,,,,,,,,,,,,,,,,,,,ExtraTreesRegressor,"{'mode': 'original', 'type': 'ExtraTreesRegressor'}",11,"['nodes_T6W30', 're_T6W30', 'l1_T6W30', 'l2_T6W30', 'l3_T6W30', 'lcc_T6W30', 'lsc_T6W30', 'atd_T6W30', 'density_T6W30', 'diameter_T6W30', 'asp_T6W30']",,,,,,,,,,,,,,,pruned,,False,PRUNED
487,2.8763023113856496,2026-06-14 07:32:30.317362,2026-06-14 07:32:53.927153,0 days 00:00:23.609791,6,log2,4,5,138,ExtraTreesRegressor,11,True,-0.02328506931263892,-0.018687929863471002,498.0,-0.02098649958805496,0.0022985697245839574,0.026133831868244754,1.9647389829672888,2.8649089093752407,2.8876957133960586,498.0,2.8763023113856496,0.011393402010408952,0.12953849055035424,1.9647389829672888,927904911996058.4,1027325896672308.9,498.0,977615404334183.6,49710492338125.266,565188706245305.4,1.9647389829672888,8.386816073531383,8.584369152063738,498.0,8.48559261279756,0.09877653926617828,1.1230503221635428,1.9647389829672888,2.574109805096114,2.6086994507082517,498.0,2.591404627902183,0.017294822806068977,0.19663531915991816,1.9647389829672888,499.0,0.749498997995992,-0.03614401400841311,-0.028291880082478706,498.0,-0.03221794704544591,0.003926066962967202,0.044637834047964946,1.9647389829672888,ExtraTreesRegressor,"{'mode': 'original', 'type': 'ExtraTreesRegressor'}",11,"['nodes_T6W30', 're_T6W30', 'pe_T6W30', 'l1_T6W30', 'l2_T6W30', 'l3_T6W30', 'lcc_T6W30', 'atd_T6W30', 'density_T6W30', 'diameter_T6W30', 'asp_T6W30']",0.014059115225108854,0.033749159593326854,498.0,0.023904137409217853,0.009845022184108999,0.11193402216468054,1.9647389829672888,3.4858454912139116,3.518334932582272,498.0,3.502090211898092,0.016244720684180206,0.18469607189479748,1.9647389829672888,completed,23.60211992263794,True,COMPLETE
488,2.859109080445927,2026-06-14 07:32:53.940897,2026-06-14 07:33:54.644104,0 days 00:01:00.703207,5,log2,5,3,411,ExtraTreesRegressor,10,False,-0.0170541830605584,-0.01271009955202071,498.0,-0.014882141306289554,0.002172041754268844,0.02469525871230364,1.9647389829672888,2.8479459265028493,2.8702722343890046,498.0,2.859109080445927,0.011163153943077571,0.1269206607689602,1.9647389829672888,922865014827567.5,1021490637409942.5,498.0,972177826118755.0,49312811291187.555,560667229473597.4,1.9647389829672888,8.321155958224129,8.513919605676328,498.0,8.417537781950228,0.0963818237260998,1.0958233502656112,1.9647389829672888,2.5635484366315615,2.5975812840645225,498.0,2.580564860348042,0.0170164237164804,0.19347003123248874,1.9647389829672888,499.0,0.6452905811623246,-0.022123235413921187,-0.014924172489356971,498.0,-0.01852370395163908,0.003599531462282107,0.04092525409763866,1.9647389829672888,ExtraTreesRegressor,"{'mode': 'original', 'type': 'ExtraTreesRegressor'}",10,"['nodes_T6W30', 're_T6W30', 'l1_T6W30', 'l2_T6W30', 'l3_T6W30', 'lcc_T6W30', 'atd_T6W30', 'density_T6W30', 'diameter_T6W30', 'asp_T6W30']",0.04323228259180384,0.06290543505268621,498.0,0.053068858822245026,0.009836576230441188,0.1118379950001526,1.9647389829672888,3.462879513322942,3.4950766817218653,498.0,3.4789780975224036,0.016098584199461714,0.18303455765809507,1.9647389829672888,completed,60.69526481628418,False,COMPLETE
489,2.9068013467494254,2026-06-14 07:33:54.658093,2026-06-14 07:34:45.154289,0 days 00:00:50.496196,6,log2,1,6,325,ExtraTreesRegressor,12,True,-0.03446166094322266,-0.029266792414724047,498.0,-0.03186422667897335,0.0025974342642493048,0.029531803897310898,1.9647389829672888,2.8951107644667444,2.9184919290321063,498.0,2.9068013467494254,0.011690582282680773,0.13291731312295066,1.9647389829672888,925463906230747.1,1024342860471003.9,498.0,974903383350875.5,49439477120128.39,562107370027780.8,1.9647389829672888,8.465395802898406,8.67138365063219,498.0,8.568389726765298,0.10299392386689155,1.1710003229400971,1.9647389829672888,2.5869196965253853,2.6247267436911437,498.0,2.6058232201082645,0.018903523582879198,0.21492561297951615,1.9647389829672888,499.0,0.8577154308617234,-0.061271592970140266,-0.05193214521885294,498.0,-0.056601869094496604,0.004669723875643662,0.05309292005892432,1.9647389829672888,ExtraTreesRegressor,"{'mode': 'original', 'type': 'ExtraTreesRegressor'}",12,"['nodes_T6W30', 'edges_T6W30', 're_T6W30', 'pe_T6W30', 'l1_T6W30', 'l2_T6W30', 'l3_T6W30', 'lcc_T6W30', 'atd_T6W30', 'density_T6W30', 'diameter_T6W30', 'asp_T6W30']",-0.016435102947227515,0.0026875285866726642,498.0,-0.006873787180277425,0.00956131576695009,0.10870839201447265,1.9647389829672888,3.526237679932863,3.5590081341602753,498.0,3.542622907046569,0.016385227113706262,0.18629357462284976,1.9647389829672888,completed,50.488203048706055,True,COMPLETE
490,2.884064284198031,2026-06-14 07:34:45.168241,2026-06-14 07:35:04.219317,0 days 00:00:19.051076,7,sqrt,1,12,105,ExtraTreesRegressor,8,False,-0.02652127889217152,-0.02103055177875727,498.0,-0.023775915335464394,0.0027453635567071272,0.031213701651437487,1.9647389829672888,2.8720625184809916,2.89606604991507,498.0,2.884064284198031,0.012001765717039417,0.13645534612962124,1.9647389829672888,915994638148446.6,1014217615669619.4,498.0,965106126909033.0,49111488760586.38,558378271644844.5,1.9647389829672888,8.458286806048456,8.659824485206872,498.0,8.559055645627664,0.10076883957920889,1.1457019915277242,1.9647389829672888,2.575325227237379,2.6132088052685325,498.0,2.5942670162529557,0.018941789015576905,0.2153606758683169,1.9647389829672888,499.0,0.7595190380761523,-0.049124157048246464,-0.03911510614525618,498.0,-0.04411963159675132,0.005004525451495142,0.05689948202611009,1.9647389829672888,ExtraTreesRegressor,"{'mode': 'original', 'type': 'ExtraTreesRegressor'}",8,"['nodes_T6W30', 'l1_T6W30', 'l3_T6W30', 'lcc_T6W30', 'atd_T6W30', 'density_T6W30', 'diameter_T6W30', 'asp_T6W30']",0.019068439429073054,0.03927376500007801,498.0,0.029171102214575532,0.010102662785502477,0.11486329426255842,1.9647389829672888,3.5048276180859914,3.5379955243478203,498.0,3.521411571216906,0.016583953130914222,0.18855301111764602,1.9647389829672888,completed,19.04271411895752,False,COMPLETE
491,2.879030218070732,2026-06-14 07:35:04.233154,2026-06-14 07:35:51.932749,0 days 00:00:47.699595,5,,5,3,291,ExtraTreesRegressor,6,True,-0.024905892051837818,-0.019108194378797815,498.0,-0.022007043215317816,0.002898848836520003,0.03295876879209437,1.9647389829672888,2.8668442428435252,2.8912161932979386,498.0,2.879030218070732,0.012185975227206497,0.13854973566053247,1.9647389829672888,917523830125290.0,1016589308626145.8,498.0,967056569375717.9,49532739250427.914,563167723693303.5,1.9647389829672888,8.482118684575878,8.693642875952415,498.0,8.587880780264147,0.10576209568826787,1.2024733455717496,1.9647389829672888,2.61071138612489,2.6510924909890723,498.0,2.630901938556981,0.02019055243209118,0.22955862375797945,1.9647389829672888,499.0,0.7635270541082164,-0.05108539120708705,-0.040538999730133043,498.0,-0.04581219546861005,0.005273195738477004,0.05995415730216591,1.9647389829672888,ExtraTreesRegressor,"{'mode': 'original', 'type': 'ExtraTreesRegressor'}",6,"['nodes_T6W30', 'l1_T6W30', 'lcc_T6W30', 'atd_T6W30', 'density_T6W30', 'asp_T6W30']",0.025700733758119806,0.045540317917517184,498.0,0.035620525837818495,0.009919792079698689,0.11278412640961522,1.9647389829672888,3.5073209943118573,3.5408876204407354,498.0,3.5241043073762963,0.01678331306443882,0.19081965499112669,1.9647389829672888,completed,47.69140291213989,True,COMPLETE
492,3.0505633869530935,2026-06-14 07:35:51.946767,2026-06-14 07:35:54.324959,0 days 00:00:02.378192,18,,2,2,319,ExtraTreesRegressor,13,True,,,,,,,,,,,,,,,,,,,,,,,,,,,,,,,,,,,,,,,,,,,,,ExtraTreesRegressor,"{'mode': 'original', 'type': 'ExtraTreesRegressor'}",13,"['nodes_T6W30', 'edges_T6W30', 're_T6W30', 'pe_T6W30', 'l1_T6W30', 'l2_T6W30', 'l3_T6W30', 'lcc_T6W30', 'lsc_T6W30', 'atd_T6W30', 'density_T6W30', 'diameter_T6W30', 'asp_T6W30']",,,,,,,,,,,,,,,pruned,,True,PRUNED
