number,value,datetime_start,datetime_complete,duration,params_et_max_depth,params_et_max_features,params_et_min_samples_leaf,params_et_min_samples_split,params_et_n_estimators,params_regressor,params_rfe_n_features,params_use_scaler,user_attrs_d2mae_ci_lower_val,user_attrs_d2mae_ci_upper_val,user_attrs_d2mae_df_val,user_attrs_d2mae_mean_val,user_attrs_d2mae_samperror_val,user_attrs_d2mae_std_val,user_attrs_d2mae_t_critical_val,user_attrs_mae_ci_lower_val,user_attrs_mae_ci_upper_val,user_attrs_mae_df_val,user_attrs_mae_mean_val,user_attrs_mae_samperror_val,user_attrs_mae_std_val,user_attrs_mae_t_critical_val,user_attrs_mape_ci_lower_val,user_attrs_mape_ci_upper_val,user_attrs_mape_df_val,user_attrs_mape_mean_val,user_attrs_mape_samperror_val,user_attrs_mape_std_val,user_attrs_mape_t_critical_val,user_attrs_max_error_ci_lower_val,user_attrs_max_error_ci_upper_val,user_attrs_max_error_df_val,user_attrs_max_error_mean_val,user_attrs_max_error_samperror_val,user_attrs_max_error_std_val,user_attrs_max_error_t_critical_val,user_attrs_median_ae_ci_lower_val,user_attrs_median_ae_ci_upper_val,user_attrs_median_ae_df_val,user_attrs_median_ae_mean_val,user_attrs_median_ae_samperror_val,user_attrs_median_ae_std_val,user_attrs_median_ae_t_critical_val,user_attrs_n_splits_val,user_attrs_r2_below_zero_val,user_attrs_r2_ci_lower_val,user_attrs_r2_ci_upper_val,user_attrs_r2_df_val,user_attrs_r2_mean_val,user_attrs_r2_samperror_val,user_attrs_r2_std_val,user_attrs_r2_t_critical_val,user_attrs_regressor_final,user_attrs_rfe_estimator,user_attrs_rfe_n_features,user_attrs_rfe_selected_features,user_attrs_rho_ci_lower_val,user_attrs_rho_ci_upper_val,user_attrs_rho_df_val,user_attrs_rho_mean_val,user_attrs_rho_samperror_val,user_attrs_rho_std_val,user_attrs_rho_t_critical_val,user_attrs_rmse_ci_lower_val,user_attrs_rmse_ci_upper_val,user_attrs_rmse_df_val,user_attrs_rmse_mean_val,user_attrs_rmse_samperror_val,user_attrs_rmse_std_val,user_attrs_rmse_t_critical_val,user_attrs_termination_reason,user_attrs_trial_time_seconds,user_attrs_use_scaler_final,state
128,2.8397960677146132,2026-06-14 04:15:37.831968,2026-06-14 04:16:21.099174,0 days 00:00:43.267206,2,log2,3,5,302,ExtraTreesRegressor,2,False,-0.009311602518159899,-0.006733852531412294,498.0,-0.008022727524786097,0.001288874993373803,0.014654000709990527,1.9647389829672888,2.8298118538651824,2.849780281564044,498.0,2.8397960677146132,0.0099842138494307,0.11351657654189734,1.9647389829672888,939892675687100.8,1039415110090189.0,498.0,989653892888644.9,49761217201544.18,565765427950960.6,1.9647389829672888,8.159075528903296,8.33077608243819,498.0,8.244925805670743,0.0858502767674465,0.9760838119839145,1.9647389829672888,2.531172044369372,2.5550521158996995,498.0,2.5431120801345357,0.011940035765163984,0.13575350090548327,1.9647389829672888,499.0,0.2845691382765531,0.005243208544915897,0.008628371055088388,498.0,0.006935789800002143,0.0016925812550862458,0.019243981799061134,1.9647389829672888,ExtraTreesRegressor,"{'mode': 'original', 'type': 'ExtraTreesRegressor'}",2,"['nodes_T6W30', 'density_T6W30']",0.1366359242159677,0.15813832707894632,498.0,0.147387125647457,0.010751201431489311,0.12223692306877042,1.9647389829672888,3.4206979763274283,3.4509321173522745,498.0,3.4358150468398514,0.015117070512423206,0.17187513386550674,1.9647389829672888,completed,43.259474992752075,False,COMPLETE
129,2.9673232671987653,2026-06-14 04:16:21.111636,2026-06-14 04:16:23.208748,0 days 00:00:02.097112,15,,2,10,305,ExtraTreesRegressor,10,True,,,,,,,,,,,,,,,,,,,,,,,,,,,,,,,,,,,,,,,,,,,,,ExtraTreesRegressor,"{'mode': 'original', 'type': 'ExtraTreesRegressor'}",10,"['nodes_T6W30', 're_T6W30', 'l1_T6W30', 'l2_T6W30', 'l3_T6W30', 'lsc_T6W30', 'atd_T6W30', 'density_T6W30', 'diameter_T6W30', 'asp_T6W30']",,,,,,,,,,,,,,,pruned,,True,PRUNED
130,2.8754416044716464,2026-06-14 04:16:23.214152,2026-06-14 04:16:37.751986,0 days 00:00:14.537834,12,log2,5,9,73,ExtraTreesRegressor,11,False,-0.023007188976765597,-0.018323471758706647,498.0,-0.020665330367736122,0.0023418586090294745,0.02662600942360161,1.9647389829672888,2.863900100798095,2.886983108145198,498.0,2.8754416044716464,0.011541503673551558,0.13122234809123298,1.9647389829672888,927718178880809.8,1027099130540256.8,498.0,977408654710533.2,49690475829723.44,564961126433578.1,1.9647389829672888,8.390728342951014,8.584589588031175,498.0,8.487658965491095,0.09693062254008034,1.1020629764908523,1.9647389829672888,2.576952571695419,2.611960154379076,498.0,2.5944563630372475,0.017503791341828563,0.19901120905391853,1.9647389829672888,499.0,0.7274549098196392,-0.03521633272661316,-0.027317808357067458,498.0,-0.03126707054184031,0.003949262184772853,0.04490155457831572,1.9647389829672888,ExtraTreesRegressor,"{'mode': 'original', 'type': 'ExtraTreesRegressor'}",11,"['nodes_T6W30', 're_T6W30', 'pe_T6W30', 'l1_T6W30', 'l2_T6W30', 'l3_T6W30', 'lcc_T6W30', 'atd_T6W30', 'density_T6W30', 'diameter_T6W30', 'asp_T6W30']",0.012105979675376077,0.032076497206329845,498.0,0.02209123844085296,0.009985258765476884,0.11352845682552559,1.9647389829672888,3.4841773509878413,3.5168812193564456,498.0,3.5005292851721435,0.0163519341843022,0.18591504713676074,1.9647389829672888,completed,14.530123949050903,False,COMPLETE
131,2.8341250262288082,2026-06-14 04:16:37.764343,2026-06-14 04:17:20.872866,0 days 00:00:43.108523,17,log2,4,6,296,ExtraTreesRegressor,2,False,-0.007491228838232896,-0.004524808901668173,498.0,-0.006008018869950535,0.0014832099682823615,0.01686351278441719,1.9647389829672888,2.8239330629996187,2.844316989457998,498.0,2.8341250262288082,0.010191963229189697,0.11587860511265842,1.9647389829672888,935385350798147.8,1035194891242494.5,498.0,985290121020321.1,49904770222173.42,567397569219149.6,1.9647389829672888,8.230849138451187,8.41478000437806,498.0,8.322814571414623,0.09196543296343615,1.0456107278589484,1.9647389829672888,2.5298190988048237,2.555553984477802,498.0,2.542686541641313,0.01286744283648938,0.1462977538016298,1.9647389829672888,499.0,0.3587174348697395,0.0012967248422252635,0.005766803188485544,498.0,0.0035317640153554038,0.0022350391731301403,0.025411514536543434,1.9647389829672888,ExtraTreesRegressor,"{'mode': 'original', 'type': 'ExtraTreesRegressor'}",2,"['atd_T6W30', 'density_T6W30']",0.10203009765393733,0.12224114801675137,498.0,0.11213562283534435,0.010105525181407022,0.1148958385758806,1.9647389829672888,3.426195544465601,3.4570626807454956,498.0,3.4416291126055483,0.015433568139947278,0.17547358715406625,1.9647389829672888,completed,43.10070872306824,False,COMPLETE
132,2.857706338361212,2026-06-14 04:17:20.885360,2026-06-14 04:18:25.613570,0 days 00:01:04.728210,6,log2,2,12,443,ExtraTreesRegressor,7,True,-0.01685622341819921,-0.011962193262948298,498.0,-0.014409208340573755,0.0024470150776254567,0.02782159702782066,1.9647389829672888,2.846235378956025,2.8691772977663987,498.0,2.857706338361212,0.011470959405186965,0.13042028756246557,1.9647389829672888,921413434805473.9,1020153146922976.1,498.0,970783290864225.0,49369856058751.07,561315805998609.2,1.9647389829672888,8.363683483289766,8.561436627173705,498.0,8.462560055231735,0.0988765719419701,1.124187654262941,1.9647389829672888,2.573541402901725,2.6094011357387332,498.0,2.591471269320229,0.01792986641850407,0.20385551475323888,1.9647389829672888,499.0,0.6713426853707415,-0.029874634987797608,-0.02121983132640928,498.0,-0.025547233157103444,0.004327401830694165,0.04920085332202203,1.9647389829672888,ExtraTreesRegressor,"{'mode': 'original', 'type': 'ExtraTreesRegressor'}",7,"['nodes_T6W30', 'l1_T6W30', 'lcc_T6W30', 'atd_T6W30', 'density_T6W30', 'diameter_T6W30', 'asp_T6W30']",0.04772501468326802,0.06733810187312624,498.0,0.05753155827819713,0.009806543594929109,0.11149653577068545,1.9647389829672888,3.4742158010564403,3.5064710595272506,498.0,3.4903434302918455,0.01612762923540516,0.18336478826969446,1.9647389829672888,completed,64.72021293640137,True,COMPLETE
133,2.8402434964064827,2026-06-14 04:18:25.626053,2026-06-14 04:18:49.842926,0 days 00:00:24.216873,20,log2,4,12,153,ExtraTreesRegressor,2,False,-0.009661523739385388,-0.006722996615907338,498.0,-0.008192260177646363,0.0014692635617390244,0.016704947638504237,1.9647389829672888,2.8301248349715484,2.850362157841417,498.0,2.8402434964064827,0.010118661434934157,0.1150451926012926,1.9647389829672888,935162387760355.0,1034640361456416.5,498.0,984901374608385.8,49738986848030.734,565512677592823.4,1.9647389829672888,8.24130881368741,8.42810508771295,498.0,8.33470695070018,0.09339813701277044,1.0619000082500547,1.9647389829672888,2.5382067232548335,2.5639092923421245,498.0,2.551058007798479,0.012851284543645274,0.14611404038021417,1.9647389829672888,499.0,0.42685370741482964,-0.002381845895388662,0.0021080859983430124,498.0,-0.00013687994852282464,0.0022449659468658373,0.025524378041630172,1.9647389829672888,ExtraTreesRegressor,"{'mode': 'original', 'type': 'ExtraTreesRegressor'}",2,"['nodes_T6W30', 'density_T6W30']",0.08870043335054616,0.10871727254911108,498.0,0.09870885294982862,0.010008419599282458,0.11379178637786831,1.9647389829672888,3.4325278338084493,3.4632908400132703,498.0,3.4479093369108598,0.015381503102410458,0.1748816281968728,1.9647389829672888,completed,24.20899200439453,False,COMPLETE
134,2.864782326929829,2026-06-14 04:18:49.855404,2026-06-14 04:19:56.293779,0 days 00:01:06.438375,15,,3,10,441,ExtraTreesRegressor,2,False,-0.020255255472525654,-0.013594256116024325,498.0,-0.01692475579427499,0.0033304996782506646,0.03786646874260044,1.9647389829672888,2.851690395584281,2.877874258275377,498.0,2.864782326929829,0.013091931345547937,0.14885009967538881,1.9647389829672888,908126207698201.8,1006115896897226.8,498.0,957121052297714.2,48994844599512.51,557052073504621.1,1.9647389829672888,8.539146841475256,8.727694776146096,498.0,8.633420808810676,0.0942739673354202,1.0718578538409176,1.9647389829672888,2.6166802140607133,2.658728458970065,498.0,2.637704336515389,0.021024122454675942,0.2390359863925117,1.9647389829672888,499.0,0.7254509018036072,-0.04800453087446556,-0.0365016025827309,498.0,-0.04225306672859823,0.005751464145867332,0.0653918806015513,1.9647389829672888,ExtraTreesRegressor,"{'mode': 'original', 'type': 'ExtraTreesRegressor'}",2,"['l1_T6W30', 'density_T6W30']",0.062399356844730254,0.08233304237162106,498.0,0.07236619960817565,0.009966842763445402,0.11331907414044602,1.9647389829672888,3.5007128203363314,3.5347666138299756,498.0,3.5177397170831535,0.01702689674682233,0.19358910545990057,1.9647389829672888,completed,66.43026685714722,False,COMPLETE
135,2.8755273770668284,2026-06-14 04:19:56.306495,2026-06-14 04:20:35.525128,0 days 00:00:39.218633,15,sqrt,5,7,247,ExtraTreesRegressor,9,True,-0.02310700635488637,-0.01833067355829634,498.0,-0.020718839956591354,0.002388166398295014,0.02715251073696715,1.9647389829672888,2.864018653556518,2.8870361005771388,498.0,2.8755273770668284,0.011508723510310591,0.13084965055432965,1.9647389829672888,926804662861079.2,1026085873445025.2,498.0,976445268153052.2,49640605291973.03,564394118074071.5,1.9647389829672888,8.398531116600799,8.591895381125953,498.0,8.495213248863376,0.09668213226257723,1.0992377399693303,1.9647389829672888,2.5941911815259053,2.632819935629413,498.0,2.613505558577659,0.019314377051753758,0.21959685499720014,1.9647389829672888,499.0,0.7615230460921844,-0.03797080025764914,-0.029850428847875324,498.0,-0.03391061455276223,0.004060185704886906,0.04616271128541505,1.9647389829672888,ExtraTreesRegressor,"{'mode': 'original', 'type': 'ExtraTreesRegressor'}",9,"['nodes_T6W30', 're_T6W30', 'l1_T6W30', 'l3_T6W30', 'lcc_T6W30', 'atd_T6W30', 'density_T6W30', 'diameter_T6W30', 'asp_T6W30']",0.012783917145816464,0.032220425761582065,498.0,0.022502171453699264,0.0097182543078828,0.11049272137308085,1.9647389829672888,3.488561673741687,3.5212228971280517,498.0,3.5048922854348694,0.01633061169318249,0.18567261881623828,1.9647389829672888,completed,39.21067810058594,True,COMPLETE
136,2.904394241674028,2026-06-14 04:20:35.538020,2026-06-14 04:21:28.414377,0 days 00:00:52.876357,13,log2,1,10,330,ExtraTreesRegressor,4,True,-0.03426164824115687,-0.027555392214903524,498.0,-0.030908520228030197,0.003353128013126674,0.03812374399197971,1.9647389829672888,2.8907888416653353,2.9179996416827203,498.0,2.904394241674028,0.013605400008692325,0.15468803600975722,1.9647389829672888,912183600541080.0,1012137518660300.5,498.0,962160559600690.2,49976959059610.27,568218327850119.6,1.9647389829672888,8.763447216806338,8.981101158000037,498.0,8.872274187403187,0.10882697059684945,1.237319765369857,1.9647389829672888,2.57311985398257,2.619749841571516,498.0,2.596434847777043,0.02331499379447282,0.2650822906597745,1.9647389829672888,499.0,0.8376753507014028,-0.07722982424090588,-0.06459903932573507,498.0,-0.07091443178332048,0.0063153924575854005,0.07180352325330971,1.9647389829672888,ExtraTreesRegressor,"{'mode': 'original', 'type': 'ExtraTreesRegressor'}",4,"['l3_T6W30', 'atd_T6W30', 'density_T6W30', 'asp_T6W30']",0.017802205722876698,0.038511745411806346,498.0,0.028156975567341522,0.010354769844464824,0.11772965216384512,1.9647389829672888,3.547601329326965,3.584389173609413,498.0,3.565995251468189,0.01839392214122398,0.2091316454293505,1.9647389829672888,completed,52.86816477775574,True,COMPLETE
137,2.875039083905006,2026-06-14 04:21:28.426804,2026-06-14 04:22:33.795340,0 days 00:01:05.368536,11,log2,5,4,435,ExtraTreesRegressor,9,True,-0.0229263400884549,-0.018148841581075048,498.0,-0.020537590834764974,0.002388749253689926,0.027159137573095384,1.9647389829672888,2.863489362521191,2.8865888052888216,498.0,2.875039083905006,0.011549721383815171,0.1313157802182093,1.9647389829672888,926307127611075.5,1025537862524045.5,498.0,975922495067560.5,49615367456485.04,564107173831176.8,1.9647389829672888,8.396439988268213,8.589784561352818,498.0,8.493112274810516,0.09667228654230248,1.09912579801015,1.9647389829672888,2.590462653506463,2.6293458856149745,498.0,2.609904269560719,0.01944161605425559,0.22104351230887595,1.9647389829672888,499.0,0.7555110220440882,-0.03773791044160678,-0.02963124627267658,498.0,-0.03368457835714168,0.004053332084465099,0.04608478832233213,1.9647389829672888,ExtraTreesRegressor,"{'mode': 'original', 'type': 'ExtraTreesRegressor'}",9,"['nodes_T6W30', 're_T6W30', 'l1_T6W30', 'l3_T6W30', 'lcc_T6W30', 'atd_T6W30', 'density_T6W30', 'diameter_T6W30', 'asp_T6W30']",0.014774899450088166,0.03403938290841399,498.0,0.02440714117925108,0.009632241729162914,0.10951479225186328,1.9647389829672888,3.488180807109007,3.520864983358246,498.0,3.5045228952336265,0.016342088124619306,0.18580310131864378,1.9647389829672888,completed,65.3599181175232,True,COMPLETE
138,2.922052300638822,2026-06-14 04:22:33.809126,2026-06-14 04:23:52.911111,0 days 00:01:19.101985,6,,2,9,487,ExtraTreesRegressor,7,False,-0.04043261402645431,-0.03408211157235421,498.0,-0.03725736279940426,0.0031752512270500463,0.03610135503815681,1.9647389829672888,2.909146928311993,2.9349576729656515,498.0,2.922052300638822,0.012905372326829458,0.14672899715822418,1.9647389829672888,917335322594787.4,1016628831074992.9,498.0,966982076834890.1,49646754240102.75,564464029190915.1,1.9647389829672888,8.617798440263032,8.825844247054812,498.0,8.721821343658922,0.10402290339589089,1.1826994146487908,1.9647389829672888,2.6246451057923603,2.664433353515841,498.0,2.6445392296541006,0.019894123861740096,0.22618834773996502,1.9647389829672888,499.0,0.8877755511022044,-0.07850073749469395,-0.06692264297677243,498.0,-0.07271169023573319,0.005789047258960758,0.06581918578536362,1.9647389829672888,ExtraTreesRegressor,"{'mode': 'original', 'type': 'ExtraTreesRegressor'}",7,"['nodes_T6W30', 'l1_T6W30', 'l2_T6W30', 'l3_T6W30', 'atd_T6W30', 'density_T6W30', 'asp_T6W30']",-0.008520719568299917,0.010900224983204896,498.0,0.001189752707452489,0.009710472275752407,0.11040424273477208,1.9647389829672888,3.551634427535382,3.586151842907814,498.0,3.568893135221598,0.017258707686215933,0.19622470448069113,1.9647389829672888,completed,79.09355688095093,False,COMPLETE
139,2.9584983893084296,2026-06-14 04:23:52.923658,2026-06-14 04:24:18.572138,0 days 00:00:25.648480,11,,5,5,126,ExtraTreesRegressor,10,True,-0.05346681474773385,-0.04689363092378934,498.0,-0.050180222835761595,0.0032865919119722553,0.037367254744714064,1.9647389829672888,2.945212272955089,2.97178450566177,498.0,2.9584983893084296,0.013286116353340772,0.151057906682814,1.9647389829672888,933395968967284.8,1034801997655089.8,498.0,984098983311187.2,50703014343902.48,576473290283411.8,1.9647389829672888,8.688007374881312,8.888298120493157,498.0,8.788152747687235,0.1001453728059221,1.1386134200329165,1.9647389829672888,2.6578473744388584,2.704148085757804,498.0,2.680997730098331,0.023150355659472932,0.26321041995114625,1.9647389829672888,499.0,0.9398797595190381,-0.10432847338352876,-0.09268787710142,498.0,-0.09850817524247438,0.005820298141054378,0.06617449599833393,1.9647389829672888,ExtraTreesRegressor,"{'mode': 'original', 'type': 'ExtraTreesRegressor'}",10,"['nodes_T6W30', 're_T6W30', 'l1_T6W30', 'l2_T6W30', 'l3_T6W30', 'lcc_T6W30', 'atd_T6W30', 'density_T6W30', 'diameter_T6W30', 'asp_T6W30']",-0.046740628510214315,-0.026873404734559868,498.0,-0.03680701662238709,0.009933611887827223,0.11294125218144618,1.9647389829672888,3.5941729847335706,3.6292259871565573,498.0,3.611699485945064,0.017526501211493177,0.1992694113217102,1.9647389829672888,completed,25.64071798324585,True,COMPLETE
140,2.9146520556855684,2026-06-14 04:24:18.584698,2026-06-14 04:24:32.503013,0 days 00:00:13.918315,15,sqrt,3,9,66,ExtraTreesRegressor,12,False,-0.037331718319471595,-0.03191612564778618,498.0,-0.03462392198362889,0.002707796335842703,0.03078657715600554,1.9647389829672888,2.9026137357232495,2.9266903756478873,498.0,2.9146520556855684,0.012038319962318932,0.13687095349188141,1.9647389829672888,932151498988923.6,1032062526673034.6,498.0,982107012830979.1,49955513842055.516,567974504178399.0,1.9647389829672888,8.512713478968365,8.710889415068337,498.0,8.611801447018351,0.09908796804998524,1.126591144696745,1.9647389829672888,2.6062199335114995,2.6450760547208505,498.0,2.625647994116175,0.01942806060467532,0.22088939218955117,1.9647389829672888,499.0,0.8857715430861723,-0.06581117486263546,-0.056485818173625614,498.0,-0.061148496518130535,0.004662678344504923,0.05301281514662473,1.9647389829672888,ExtraTreesRegressor,"{'mode': 'original', 'type': 'ExtraTreesRegressor'}",12,"['nodes_T6W30', 're_T6W30', 'pe_T6W30', 'l1_T6W30', 'l2_T6W30', 'l3_T6W30', 'lcc_T6W30', 'lsc_T6W30', 'atd_T6W30', 'density_T6W30', 'diameter_T6W30', 'asp_T6W30']",-0.024409461427366837,-0.004469066467359633,498.0,-0.014439263947363234,0.009970197480003601,0.11335721594556941,1.9647389829672888,3.5337690712152905,3.566968629085126,498.0,3.550368850150208,0.016599778934917785,0.18873294427198345,1.9647389829672888,completed,13.910630941390991,False,COMPLETE
141,2.877405843995698,2026-06-14 04:24:32.515518,2026-06-14 04:25:01.871837,0 days 00:00:29.356319,3,,5,7,171,ExtraTreesRegressor,13,True,-0.023850538070512146,-0.018948907720019312,498.0,-0.02139972289526573,0.002450815175246417,0.027864802640096383,1.9647389829672888,2.8658733742641815,2.888938313727215,498.0,2.877405843995698,0.011532469731516656,0.13111963573070615,1.9647389829672888,922166883294668.4,1021002665749955.1,498.0,971584774522311.8,49417891227643.41,561861946937545.56,1.9647389829672888,8.375162233514867,8.580555824322541,498.0,8.477859028918704,0.10269679540383717,1.1676220894178844,1.9647389829672888,2.551793176746491,2.5867570442270695,498.0,2.5692751104867804,0.017481933740289026,0.19876269673881758,1.9647389829672888,499.0,0.7454909819639278,-0.03852676370428756,-0.02994262166616484,498.0,-0.0342346926852262,0.004292071019061357,0.04879915591815165,1.9647389829672888,ExtraTreesRegressor,"{'mode': 'original', 'type': 'ExtraTreesRegressor'}",13,"['nodes_T6W30', 'edges_T6W30', 're_T6W30', 'pe_T6W30', 'l1_T6W30', 'l2_T6W30', 'l3_T6W30', 'lcc_T6W30', 'lsc_T6W30', 'atd_T6W30', 'density_T6W30', 'diameter_T6W30', 'asp_T6W30']",0.024631061901588897,0.04443910654928135,498.0,0.03453508422543512,0.009904022323846228,0.11260483050066641,1.9647389829672888,3.488918205234618,3.521592036872844,498.0,3.505255121053731,0.016336915819113063,0.18574429424351976,1.9647389829672888,completed,29.34836983680725,True,COMPLETE
142,2.8555254752308654,2026-06-14 04:25:01.884483,2026-06-14 04:25:15.410468,0 days 00:00:13.525985,4,log2,5,12,68,ExtraTreesRegressor,12,False,-0.015596719289700599,-0.011634920531687583,498.0,-0.01361581991069409,0.001980899379006507,0.022522045237603844,1.9647389829672888,2.8446885326362303,2.8663624178255005,498.0,2.8555254752308654,0.01083694259463508,0.12321176630187913,1.9647389829672888,927036997767727.1,1025695558701879.4,498.0,976366278234803.2,49329280467076.07,560854477512704.3,1.9647389829672888,8.26428552069669,8.453742415955764,498.0,8.359013968326227,0.09472844762953704,1.07702511566763,1.9647389829672888,2.556208790312951,2.586925886409067,498.0,2.571567338361009,0.01535854804805797,0.17462063827581098,1.9647389829672888,499.0,0.5771543086172345,-0.015530642362185057,-0.009264524116331274,498.0,-0.012397583239258166,0.0031330591229268914,0.03562164744280789,1.9647389829672888,ExtraTreesRegressor,"{'mode': 'original', 'type': 'ExtraTreesRegressor'}",12,"['nodes_T6W30', 're_T6W30', 'pe_T6W30', 'l1_T6W30', 'l2_T6W30', 'l3_T6W30', 'lcc_T6W30', 'lsc_T6W30', 'atd_T6W30', 'density_T6W30', 'diameter_T6W30', 'asp_T6W30']",0.05294645067204297,0.07223534023626092,498.0,0.06259089545415195,0.009644444782108977,0.10965353615445664,1.9647389829672888,3.4528887073866428,3.4843944962502307,498.0,3.4686416018184367,0.015752894431793844,0.17910420124115412,1.9647389829672888,completed,13.518174171447754,False,COMPLETE
