number,value,datetime_start,datetime_complete,duration,params_et_max_depth,params_et_max_features,params_et_min_samples_leaf,params_et_min_samples_split,params_et_n_estimators,params_regressor,params_rfe_n_features,params_use_scaler,user_attrs_d2mae_ci_lower_val,user_attrs_d2mae_ci_upper_val,user_attrs_d2mae_df_val,user_attrs_d2mae_mean_val,user_attrs_d2mae_samperror_val,user_attrs_d2mae_std_val,user_attrs_d2mae_t_critical_val,user_attrs_mae_ci_lower_val,user_attrs_mae_ci_upper_val,user_attrs_mae_df_val,user_attrs_mae_mean_val,user_attrs_mae_samperror_val,user_attrs_mae_std_val,user_attrs_mae_t_critical_val,user_attrs_mape_ci_lower_val,user_attrs_mape_ci_upper_val,user_attrs_mape_df_val,user_attrs_mape_mean_val,user_attrs_mape_samperror_val,user_attrs_mape_std_val,user_attrs_mape_t_critical_val,user_attrs_max_error_ci_lower_val,user_attrs_max_error_ci_upper_val,user_attrs_max_error_df_val,user_attrs_max_error_mean_val,user_attrs_max_error_samperror_val,user_attrs_max_error_std_val,user_attrs_max_error_t_critical_val,user_attrs_median_ae_ci_lower_val,user_attrs_median_ae_ci_upper_val,user_attrs_median_ae_df_val,user_attrs_median_ae_mean_val,user_attrs_median_ae_samperror_val,user_attrs_median_ae_std_val,user_attrs_median_ae_t_critical_val,user_attrs_n_splits_val,user_attrs_r2_below_zero_val,user_attrs_r2_ci_lower_val,user_attrs_r2_ci_upper_val,user_attrs_r2_df_val,user_attrs_r2_mean_val,user_attrs_r2_samperror_val,user_attrs_r2_std_val,user_attrs_r2_t_critical_val,user_attrs_regressor_final,user_attrs_rfe_estimator,user_attrs_rfe_n_features,user_attrs_rfe_selected_features,user_attrs_rho_ci_lower_val,user_attrs_rho_ci_upper_val,user_attrs_rho_df_val,user_attrs_rho_mean_val,user_attrs_rho_samperror_val,user_attrs_rho_std_val,user_attrs_rho_t_critical_val,user_attrs_rmse_ci_lower_val,user_attrs_rmse_ci_upper_val,user_attrs_rmse_df_val,user_attrs_rmse_mean_val,user_attrs_rmse_samperror_val,user_attrs_rmse_std_val,user_attrs_rmse_t_critical_val,user_attrs_termination_reason,user_attrs_trial_time_seconds,user_attrs_use_scaler_final,state
177,2.9320552249543885,2026-06-14 04:43:30.896377,2026-06-14 04:44:42.005870,0 days 00:01:11.109493,20,sqrt,2,10,452,ExtraTreesRegressor,12,False,-0.04355748897519657,-0.03803620089955388,498.0,-0.040796844937375225,0.0027606440378213437,0.03138743469944286,1.9647389829672888,2.919840637353516,2.944269812555261,498.0,2.9320552249543885,0.01221458760087255,0.1388750470725565,1.9647389829672888,935949483088512.4,1036532420333292.1,498.0,986240951710902.2,50291468622389.914,571794177626060.6,1.9647389829672888,8.578590964205427,8.779226534383794,498.0,8.67890874929461,0.10031778508918278,1.1405736797433632,1.9647389829672888,2.630961862172714,2.672142278252784,498.0,2.651552070212749,0.02059020804003499,0.23410255051012321,1.9647389829672888,499.0,0.9458917835671342,-0.08021890460702591,-0.07058999343978564,498.0,-0.07540444902340578,0.004814455583620132,0.0547384625377132,1.9647389829672888,ExtraTreesRegressor,"{'mode': 'original', 'type': 'ExtraTreesRegressor'}",12,"['nodes_T6W30', 're_T6W30', 'pe_T6W30', 'l1_T6W30', 'l2_T6W30', 'l3_T6W30', 'lcc_T6W30', 'lsc_T6W30', 'atd_T6W30', 'density_T6W30', 'diameter_T6W30', 'asp_T6W30']",-0.04577759330248518,-0.02685944920603668,498.0,-0.03631852125426093,0.009459072048224252,0.10754592122831942,1.9647389829672888,3.55732918554764,3.5908021878774226,498.0,3.5740656867125313,0.016736501164891063,0.1902874221425296,1.9647389829672888,completed,71.10137987136841,False,COMPLETE
178,2.8527983637338914,2026-06-14 04:44:42.018908,2026-06-14 04:45:21.441048,0 days 00:00:39.422140,14,sqrt,5,9,258,ExtraTreesRegressor,8,False,-0.014646437694345137,-0.010650624015668827,498.0,-0.012648530855006982,0.0019979068393381548,0.02271541335868339,1.9647389829672888,2.8419457904341763,2.8636509370336065,498.0,2.8527983637338914,0.010852573299715045,0.12338948125834662,1.9647389829672888,930889416389907.8,1030178316777346.5,498.0,980533866583627.1,49644450193719.34,564437833091594.5,1.9647389829672888,8.28492277652396,8.474126305502498,498.0,8.379524541013229,0.09460176448926981,1.0755847782904882,1.9647389829672888,2.5907772809234237,2.625519369779178,498.0,2.608148325351301,0.01737104442787732,0.19750192895981217,1.9647389829672888,499.0,0.6092184368737475,-0.016954279938668645,-0.010552228328101144,498.0,-0.013753254133384895,0.0032010258052837513,0.0363944018345321,1.9647389829672888,ExtraTreesRegressor,"{'mode': 'original', 'type': 'ExtraTreesRegressor'}",8,"['nodes_T6W30', 're_T6W30', 'l1_T6W30', 'lcc_T6W30', 'atd_T6W30', 'density_T6W30', 'diameter_T6W30', 'asp_T6W30']",0.0497379953204106,0.06873512946557189,498.0,0.05923656239299125,0.009498567072580648,0.10799496408967925,1.9647389829672888,3.45515529081446,3.4866840837830804,498.0,3.47091968729877,0.015764396484310106,0.17923497504513525,1.9647389829672888,completed,39.4142427444458,False,COMPLETE
179,3.0086502584934625,2026-06-14 04:45:21.454107,2026-06-14 04:45:23.559224,0 days 00:00:02.105117,14,sqrt,1,2,281,ExtraTreesRegressor,2,False,,,,,,,,,,,,,,,,,,,,,,,,,,,,,,,,,,,,,,,,,,,,,ExtraTreesRegressor,"{'mode': 'original', 'type': 'ExtraTreesRegressor'}",2,"['density_T6W30', 'asp_T6W30']",,,,,,,,,,,,,,,pruned,,False,PRUNED
180,2.842251763525031,2026-06-14 04:45:23.564752,2026-06-14 04:45:55.304084,0 days 00:00:31.739332,7,sqrt,4,5,209,ExtraTreesRegressor,3,True,-0.01038397823459984,-0.007425441274740871,498.0,-0.008904709754670356,0.0014792684799294846,0.01681869961524375,1.9647389829672888,2.832115296198167,2.852388230851895,498.0,2.842251763525031,0.010136467326864075,0.11524763857497079,1.9647389829672888,936030599942691.0,1035514457433364.5,498.0,985772528688027.8,49741928745336.76,565546125805747.8,1.9647389829672888,8.219728042662503,8.399654398088913,498.0,8.309691220375708,0.08996317771320533,1.0228458747821885,1.9647389829672888,2.5440455851867227,2.567946992015197,498.0,2.55599628860096,0.011950703414237379,0.13587478787116972,1.9647389829672888,499.0,0.4168336673346693,-0.002695035615007746,0.0017867822027429173,498.0,-0.0004541267061324143,0.0022409089088753316,0.02547825111861671,1.9647389829672888,ExtraTreesRegressor,"{'mode': 'original', 'type': 'ExtraTreesRegressor'}",3,"['nodes_T6W30', 'lcc_T6W30', 'density_T6W30']",0.0882535794555048,0.10843883252922454,498.0,0.09834620599236467,0.01009262653685987,0.11474918607092577,1.9647389829672888,3.4331098545409895,3.463718458368304,498.0,3.4484141564546467,0.01530430191365713,0.17400388110687612,1.9647389829672888,completed,31.73128390312195,True,COMPLETE
181,2.8337632511864146,2026-06-14 04:45:55.316960,2026-06-14 04:46:21.629318,0 days 00:00:26.312358,2,log2,5,2,169,ExtraTreesRegressor,6,False,-0.007460941360426042,-0.004318269648350196,498.0,-0.005889605504388119,0.0015713358560379227,0.017865469396484073,1.9647389829672888,2.8235316628371745,2.8439948395356547,498.0,2.8337632511864146,0.010231588349240305,0.1163291271107888,1.9647389829672888,931141549163058.5,1030071117370241.5,498.0,980606333266650.0,49464784103591.484,562395100455900.2,1.9647389829672888,8.175043555992156,8.355570098618054,498.0,8.265306827305105,0.09026327131294958,1.0262578207399609,1.9647389829672888,2.54508114612346,2.5768118449868624,498.0,2.5609464955551613,0.015865349431700947,0.18038277026992164,1.9647389829672888,499.0,0.35070140280561124,0.0033489662034267486,0.008088735524703274,498.0,0.005718850864065011,0.002369884660638262,0.026944654584912683,1.9647389829672888,ExtraTreesRegressor,"{'mode': 'original', 'type': 'ExtraTreesRegressor'}",6,"['nodes_T6W30', 'lcc_T6W30', 'atd_T6W30', 'density_T6W30', 'diameter_T6W30', 'asp_T6W30']",0.1276314341792912,0.14883907915850716,498.0,0.1382352566688992,0.010603822489607983,0.12056128258379727,1.9647389829672888,3.422438872460688,3.4529253584707233,498.0,3.4376821154657056,0.015243243005017598,0.17330966537986228,1.9647389829672888,completed,26.304684162139893,False,COMPLETE
182,2.8577865432250285,2026-06-14 04:46:21.642103,2026-06-14 04:47:11.570337,0 days 00:00:49.928234,16,log2,3,9,327,ExtraTreesRegressor,5,True,-0.016986181910959224,-0.011867918548646467,498.0,-0.014427050229802845,0.0025591316811563788,0.029096318623157997,1.9647389829672888,2.8460724160642408,2.869500670385816,498.0,2.8577865432250285,0.011714127160787586,0.13318500910764092,1.9647389829672888,922493491207761.4,1021850684039960.9,498.0,972172087623861.1,49678596416099.734,564826062182529.0,1.9647389829672888,8.41833343395102,8.615688965240746,498.0,8.517011199595883,0.09867776564486293,1.1219273050173302,1.9647389829672888,2.606374503254396,2.644718927461649,498.0,2.6255467153580225,0.019172212103626428,0.217980495566298,1.9647389829672888,499.0,0.7114228456913828,-0.03358696213537388,-0.02463726044477955,498.0,-0.029112111290076716,0.0044748508452971646,0.05087729050622388,1.9647389829672888,ExtraTreesRegressor,"{'mode': 'original', 'type': 'ExtraTreesRegressor'}",5,"['nodes_T6W30', 'l1_T6W30', 'atd_T6W30', 'density_T6W30', 'asp_T6W30']",0.04706579160928427,0.06655650731303021,498.0,0.05681114946115724,0.009745357851872975,0.11080087798634217,1.9647389829672888,3.4800484334662354,3.5127457809369504,498.0,3.496397107201593,0.016348673735357488,0.1858779771172505,1.9647389829672888,completed,49.92028999328613,True,COMPLETE
183,2.889388463103774,2026-06-14 04:47:11.583321,2026-06-14 04:48:02.392869,0 days 00:00:50.809548,16,,4,10,312,ExtraTreesRegressor,4,True,-0.029119789939861133,-0.022298294734144,498.0,-0.025709042337002566,0.0034107476028585678,0.03877885601850007,1.9647389829672888,2.8763119086039612,2.9024650176035864,498.0,2.889388463103774,0.01307655449981254,0.14867527099961936,1.9647389829672888,909977143519407.4,1009325381990116.1,498.0,959651262754761.8,49674119235354.35,564775158401977.0,1.9647389829672888,8.659066743549491,8.86300142646947,498.0,8.76103408500948,0.10196734145998869,1.1593284855648993,1.9647389829672888,2.611606019859,2.656410528863484,498.0,2.634008274361242,0.02240225450224186,0.2547048046311433,1.9647389829672888,499.0,0.843687374749499,-0.07501511958384754,-0.06256458931060332,498.0,-0.06878985444722543,0.006225265136622111,0.07077881113446535,1.9647389829672888,ExtraTreesRegressor,"{'mode': 'original', 'type': 'ExtraTreesRegressor'}",4,"['nodes_T6W30', 'l1_T6W30', 'atd_T6W30', 'density_T6W30']",0.04013171924445687,0.059335740547194704,498.0,0.049733729895825786,0.00960201065136892,0.10917107681185981,1.9647389829672888,3.544485028592962,3.579494458139154,498.0,3.561989743366058,0.017504714773096015,0.19902170810349157,1.9647389829672888,completed,50.80163216590881,True,COMPLETE
184,2.9459093292702905,2026-06-14 04:48:02.405482,2026-06-14 04:48:04.065337,0 days 00:00:01.659855,13,,2,12,248,ExtraTreesRegressor,9,False,,,,,,,,,,,,,,,,,,,,,,,,,,,,,,,,,,,,,,,,,,,,,ExtraTreesRegressor,"{'mode': 'original', 'type': 'ExtraTreesRegressor'}",9,"['nodes_T6W30', 're_T6W30', 'l1_T6W30', 'l2_T6W30', 'l3_T6W30', 'lsc_T6W30', 'atd_T6W30', 'density_T6W30', 'asp_T6W30']",,,,,,,,,,,,,,,pruned,,False,PRUNED
185,2.9665885423250464,2026-06-14 04:48:04.070789,2026-06-14 04:48:06.972259,0 days 00:00:02.901470,18,,2,12,438,ExtraTreesRegressor,10,False,,,,,,,,,,,,,,,,,,,,,,,,,,,,,,,,,,,,,,,,,,,,,ExtraTreesRegressor,"{'mode': 'original', 'type': 'ExtraTreesRegressor'}",10,"['nodes_T6W30', 're_T6W30', 'l1_T6W30', 'l2_T6W30', 'l3_T6W30', 'lsc_T6W30', 'atd_T6W30', 'density_T6W30', 'diameter_T6W30', 'asp_T6W30']",,,,,,,,,,,,,,,pruned,,False,PRUNED
186,2.8769461935975174,2026-06-14 04:48:06.978408,2026-06-14 04:48:29.559561,0 days 00:00:22.581153,12,log2,5,12,130,ExtraTreesRegressor,10,True,-0.02352426294582543,-0.018883736164333066,498.0,-0.021203999555079248,0.002320263390746181,0.026380480302715018,1.9647389829672888,2.8654525475835784,2.8884398396114563,498.0,2.8769461935975174,0.011493646013938895,0.13067822536284746,1.9647389829672888,929947464154763.0,1029458295903292.5,498.0,979702880029027.8,49755415874264.72,565699469146181.9,1.9647389829672888,8.400258093160515,8.594081556352306,498.0,8.49716982475641,0.0969117315958946,1.1018481939006606,1.9647389829672888,2.589272277124305,2.6257703161377313,498.0,2.607521296631018,0.01824901950671305,0.20748415958322952,1.9647389829672888,499.0,0.7615230460921844,-0.037329573749401004,-0.02945328611863868,498.0,-0.03339142993401984,0.00393814381538116,0.044775143100245746,1.9647389829672888,ExtraTreesRegressor,"{'mode': 'original', 'type': 'ExtraTreesRegressor'}",10,"['nodes_T6W30', 're_T6W30', 'pe_T6W30', 'l1_T6W30', 'l3_T6W30', 'lcc_T6W30', 'atd_T6W30', 'density_T6W30', 'diameter_T6W30', 'asp_T6W30']",0.010002186761889553,0.029732583886840705,498.0,0.01986738532436513,0.009865198562475577,0.11216341963489983,1.9647389829672888,3.487770704289313,3.5205192343727965,498.0,3.5041449693310547,0.016374265041741887,0.1861689401849293,1.9647389829672888,completed,22.57288098335266,True,COMPLETE
187,2.868953411115833,2026-06-14 04:48:29.572822,2026-06-14 04:49:12.589228,0 days 00:00:43.016406,17,sqrt,3,10,278,ExtraTreesRegressor,8,True,-0.020770939739130988,-0.016029655491561483,498.0,-0.018400297615346235,0.002370642123784752,0.026953266642360862,1.9647389829672888,2.8575784927276278,2.880328329504038,498.0,2.868953411115833,0.011374918388204975,0.1293283390505635,1.9647389829672888,930030046529099.4,1029925514063068.6,498.0,979977780296084.0,49947733766984.62,567886047791085.4,1.9647389829672888,8.37209993484837,8.570136162148797,498.0,8.471118048498584,0.09901811365021322,1.1257969277019877,1.9647389829672888,2.607737210534891,2.644044999445149,498.0,2.62589110499002,0.018153894455129042,0.206402625236907,1.9647389829672888,499.0,0.7114228456913828,-0.033315851908580114,-0.02522486379156604,498.0,-0.029270357850073075,0.004045494058507037,0.04599567305627076,1.9647389829672888,ExtraTreesRegressor,"{'mode': 'original', 'type': 'ExtraTreesRegressor'}",8,"['nodes_T6W30', 'l1_T6W30', 'l2_T6W30', 'lcc_T6W30', 'atd_T6W30', 'density_T6W30', 'diameter_T6W30', 'asp_T6W30']",0.02844244645854188,0.0480838315192927,498.0,0.03826313898891729,0.009820692530375411,0.11165740359040549,1.9647389829672888,3.480814224254905,3.5129498790550855,498.0,3.496882051654995,0.01606782740009007,0.1826848649709483,1.9647389829672888,completed,43.00829720497131,True,COMPLETE
188,2.984083477948814,2026-06-14 04:49:12.602159,2026-06-14 04:49:14.852529,0 days 00:00:02.250370,16,,3,3,336,ExtraTreesRegressor,13,False,,,,,,,,,,,,,,,,,,,,,,,,,,,,,,,,,,,,,,,,,,,,,ExtraTreesRegressor,"{'mode': 'original', 'type': 'ExtraTreesRegressor'}",13,"['nodes_T6W30', 'edges_T6W30', 're_T6W30', 'pe_T6W30', 'l1_T6W30', 'l2_T6W30', 'l3_T6W30', 'lcc_T6W30', 'lsc_T6W30', 'atd_T6W30', 'density_T6W30', 'diameter_T6W30', 'asp_T6W30']",,,,,,,,,,,,,,,pruned,,False,PRUNED
189,2.8644115840567466,2026-06-14 04:49:14.858655,2026-06-14 04:50:15.508222,0 days 00:01:00.649567,5,sqrt,4,8,410,ExtraTreesRegressor,11,False,-0.018980977508664395,-0.014566940950364742,498.0,-0.01677395922951457,0.0022070182791498255,0.025092928015435393,1.9647389829672888,2.853233522596339,2.875589645517154,498.0,2.8644115840567466,0.01117806146040762,0.1270901533657301,1.9647389829672888,924569227591570.0,1023348535749887.2,498.0,973958881670728.6,49389654079158.64,561540901687951.0,1.9647389829672888,8.320478103107526,8.515292022837809,498.0,8.417885062972667,0.0974069598651407,1.107478744145214,1.9647389829672888,2.5545284891280287,2.588938945508406,498.0,2.5717337173182173,0.01720522819018885,0.1956166636879224,1.9647389829672888,499.0,0.685370741482966,-0.02670954477173979,-0.019384207525058168,498.0,-0.023046876148398978,0.003662668623340811,0.04164309873558851,1.9647389829672888,ExtraTreesRegressor,"{'mode': 'original', 'type': 'ExtraTreesRegressor'}",11,"['nodes_T6W30', 're_T6W30', 'l1_T6W30', 'l2_T6W30', 'l3_T6W30', 'lcc_T6W30', 'lsc_T6W30', 'atd_T6W30', 'density_T6W30', 'diameter_T6W30', 'asp_T6W30']",0.03416261117250173,0.05339899851919795,498.0,0.04378080484584984,0.009618193673348112,0.10935507139379526,1.9647389829672888,3.470555385960115,3.502661716911795,498.0,3.486608551435955,0.016053165475839848,0.18251816467070417,1.9647389829672888,completed,60.64159893989563,False,COMPLETE
190,2.840689685680166,2026-06-14 04:50:15.521048,2026-06-14 04:51:10.427416,0 days 00:00:54.906368,2,sqrt,2,10,393,ExtraTreesRegressor,3,True,-0.009623701727514589,-0.007064946716309261,498.0,-0.008344324221911925,0.0012793775056026643,0.014546018017132872,1.9647389829672888,2.830734327934251,2.8506450434260815,498.0,2.840689685680166,0.00995535774591545,0.1131884940175455,1.9647389829672888,939859692919554.0,1039415448001929.5,498.0,989637570460741.8,49777877541187.75,565954849446622.1,1.9647389829672888,8.11803751787064,8.286787445893907,498.0,8.202412481882273,0.08437496401163332,0.9593100873928638,1.9647389829672888,2.5472850617310394,2.572980980062529,498.0,2.5601330208967843,0.012847959165744823,0.1460762321440666,1.9647389829672888,499.0,0.2545090180360721,0.006615070668013362,0.00990194722180601,498.0,0.008258508944909686,0.0016434382768963243,0.018685245505015196,1.9647389829672888,ExtraTreesRegressor,"{'mode': 'original', 'type': 'ExtraTreesRegressor'}",3,"['atd_T6W30', 'diameter_T6W30', 'asp_T6W30']",0.1398296190577573,0.16103923438912013,498.0,0.1504344267234387,0.010604807665681417,0.12057248364747977,1.9647389829672888,3.4185096734241185,3.4483833132531414,498.0,3.43344649333863,0.014936819914511493,0.16982575560667323,1.9647389829672888,completed,54.89836025238037,True,COMPLETE
191,2.850055184912662,2026-06-14 04:51:10.440360,2026-06-14 04:52:22.903508,0 days 00:01:12.463148,8,sqrt,4,6,499,ExtraTreesRegressor,6,False,-0.013940129667685056,-0.009447681010711695,498.0,-0.011693905339198375,0.002246224328486681,0.025538685344712386,1.9647389829672888,2.838938802751513,2.8611715670738107,498.0,2.850055184912662,0.011116382161148707,0.126388884041879,1.9647389829672888,923849810935239.0,1022761833552134.8,498.0,973305822243686.9,49456011308447.91,562295357232605.9,1.9647389829672888,8.344468633610612,8.541100159725763,498.0,8.442784396668188,0.09831576305757601,1.1178114782704438,1.9647389829672888,2.584034961001016,2.618849877994854,498.0,2.601442419497935,0.017407458496918854,0.19791594257349202,1.9647389829672888,499.0,0.6412825651302605,-0.022836077070881707,-0.015093800386412684,498.0,-0.018964938728647195,0.003871138342234512,0.04401331727841489,1.9647389829672888,ExtraTreesRegressor,"{'mode': 'original', 'type': 'ExtraTreesRegressor'}",6,"['nodes_T6W30', 'l1_T6W30', 'lcc_T6W30', 'atd_T6W30', 'density_T6W30', 'asp_T6W30']",0.05078182294407163,0.0702880041548533,498.0,0.060534913549462464,0.009753090605390832,0.11088879634624785,1.9647389829672888,3.4634678734075424,3.495377923051663,498.0,3.4794228982296027,0.01595502482206035,0.1814023441159123,1.9647389829672888,completed,72.45496392250061,False,COMPLETE
192,2.8801866879595988,2026-06-14 04:52:22.918999,2026-06-14 04:52:25.206910,0 days 00:00:02.287911,8,,1,10,329,ExtraTreesRegressor,2,True,,,,,,,,,,,,,,,,,,,,,,,,,,,,,,,,,,,,,,,,,,,,,ExtraTreesRegressor,"{'mode': 'original', 'type': 'ExtraTreesRegressor'}",2,"['atd_T6W30', 'density_T6W30']",,,,,,,,,,,,,,,pruned,,True,PRUNED
193,2.838154480674812,2026-06-14 04:52:25.212359,2026-06-14 04:53:08.951377,0 days 00:00:43.739018,13,log2,5,9,302,ExtraTreesRegressor,2,True,-0.008837269273174382,-0.006055720361762662,498.0,-0.007446494817468522,0.00139077445570586,0.015812557436623007,1.9647389829672888,2.828103576816126,2.8482053845334976,498.0,2.838154480674812,0.010050903858685815,0.11427481566361043,1.9647389829672888,936139486756596.2,1035633879756517.0,498.0,985886683256556.6,49747196499960.414,565606018099718.8,1.9647389829672888,8.220277364960964,8.40291898705522,498.0,8.311598176008092,0.09132081104712805,1.0382816307255427,1.9647389829672888,2.5388234208007123,2.563917549755425,498.0,2.5513704852780688,0.0125470644773563,0.14265517812412953,1.9647389829672888,499.0,0.3627254509018036,0.0011388289127846293,0.005181396464849396,498.0,0.0031601126888170126,0.0020212837760323833,0.022981199915700776,1.9647389829672888,ExtraTreesRegressor,"{'mode': 'original', 'type': 'ExtraTreesRegressor'}",2,"['nodes_T6W30', 'density_T6W30']",0.10134118197496418,0.1216249100505671,498.0,0.11148304601276564,0.010141864037801462,0.1153089970514054,1.9647389829672888,3.4269902188445576,3.457597797157745,498.0,3.4422940080011513,0.0153037891565936,0.1739980512611489,1.9647389829672888,completed,43.7312958240509,True,COMPLETE
194,2.866263037386357,2026-06-14 04:53:08.964739,2026-06-14 04:54:09.272124,0 days 00:01:00.307385,15,sqrt,3,10,403,ExtraTreesRegressor,7,False,-0.019834625059885154,-0.015067136093139318,498.0,-0.017450880576512236,0.0023837444833729182,0.0271022353070449,1.9647389829672888,2.854902527914879,2.8776235468578353,498.0,2.866263037386357,0.011360509471478361,0.12916451534614878,1.9647389829672888,927164031787394.5,1026866370646167.2,498.0,977015201216780.9,49851169429386.43,566788149330025.5,1.9647389829672888,8.388946726454632,8.589794523836298,498.0,8.489370625145465,0.10042389869083317,1.1417801495731907,1.9647389829672888,2.5949527239731593,2.6308902662244624,498.0,2.612921495098811,0.01796877112565145,0.2042978459405849,1.9647389829672888,499.0,0.7114228456913828,-0.03398053737095424,-0.025709574935145425,498.0,-0.02984505615304983,0.004135481217904405,0.04701879159335034,1.9647389829672888,ExtraTreesRegressor,"{'mode': 'original', 'type': 'ExtraTreesRegressor'}",7,"['nodes_T6W30', 'l1_T6W30', 'l2_T6W30', 'lcc_T6W30', 'atd_T6W30', 'density_T6W30', 'asp_T6W30']",0.03058161914125516,0.0499550071486652,498.0,0.04026831314496018,0.009686694003705022,0.11013389315296147,1.9647389829672888,3.4816887773990124,3.5139357248246434,498.0,3.497812251111828,0.016123473712815504,0.18331754161560287,1.9647389829672888,completed,60.29914879798889,False,COMPLETE
