number,value,datetime_start,datetime_complete,duration,params_et_max_depth,params_et_max_features,params_et_min_samples_leaf,params_et_min_samples_split,params_et_n_estimators,params_regressor,params_rfe_n_features,params_use_scaler,user_attrs_d2mae_ci_lower_val,user_attrs_d2mae_ci_upper_val,user_attrs_d2mae_df_val,user_attrs_d2mae_mean_val,user_attrs_d2mae_samperror_val,user_attrs_d2mae_std_val,user_attrs_d2mae_t_critical_val,user_attrs_mae_ci_lower_val,user_attrs_mae_ci_upper_val,user_attrs_mae_df_val,user_attrs_mae_mean_val,user_attrs_mae_samperror_val,user_attrs_mae_std_val,user_attrs_mae_t_critical_val,user_attrs_mape_ci_lower_val,user_attrs_mape_ci_upper_val,user_attrs_mape_df_val,user_attrs_mape_mean_val,user_attrs_mape_samperror_val,user_attrs_mape_std_val,user_attrs_mape_t_critical_val,user_attrs_max_error_ci_lower_val,user_attrs_max_error_ci_upper_val,user_attrs_max_error_df_val,user_attrs_max_error_mean_val,user_attrs_max_error_samperror_val,user_attrs_max_error_std_val,user_attrs_max_error_t_critical_val,user_attrs_median_ae_ci_lower_val,user_attrs_median_ae_ci_upper_val,user_attrs_median_ae_df_val,user_attrs_median_ae_mean_val,user_attrs_median_ae_samperror_val,user_attrs_median_ae_std_val,user_attrs_median_ae_t_critical_val,user_attrs_n_splits_val,user_attrs_r2_below_zero_val,user_attrs_r2_ci_lower_val,user_attrs_r2_ci_upper_val,user_attrs_r2_df_val,user_attrs_r2_mean_val,user_attrs_r2_samperror_val,user_attrs_r2_std_val,user_attrs_r2_t_critical_val,user_attrs_regressor_final,user_attrs_rfe_estimator,user_attrs_rfe_n_features,user_attrs_rfe_selected_features,user_attrs_rho_ci_lower_val,user_attrs_rho_ci_upper_val,user_attrs_rho_df_val,user_attrs_rho_mean_val,user_attrs_rho_samperror_val,user_attrs_rho_std_val,user_attrs_rho_t_critical_val,user_attrs_rmse_ci_lower_val,user_attrs_rmse_ci_upper_val,user_attrs_rmse_df_val,user_attrs_rmse_mean_val,user_attrs_rmse_samperror_val,user_attrs_rmse_std_val,user_attrs_rmse_t_critical_val,user_attrs_termination_reason,user_attrs_trial_time_seconds,user_attrs_use_scaler_final,state
367,2.8768537992123338,2026-06-14 06:30:06.791008,2026-06-14 06:31:04.591968,0 days 00:00:57.800960,4,,2,8,376,ExtraTreesRegressor,6,True,-0.023929244158378712,-0.018461260775621807,498.0,-0.02119525246700026,0.002733991691378453,0.031084408024470538,1.9647389829672888,2.864787077831278,2.8889205205933894,498.0,2.8768537992123338,0.012066721381055901,0.13719386642950218,1.9647389829672888,908869659675364.4,1006636576536057.9,498.0,957753118105711.1,48883458430346.75,555785656660140.8,1.9647389829672888,8.44742659240552,8.651432960096788,498.0,8.549429776251154,0.10200318384563332,1.1597359993636653,1.9647389829672888,2.5611053741857415,2.5981880857759636,498.0,2.5796467299808525,0.018541355795111025,0.21080790796826587,1.9647389829672888,499.0,0.7354709418837675,-0.04436217449603756,-0.03432281829082094,498.0,-0.03934249639342925,0.005019678102608311,0.05707176169738324,1.9647389829672888,ExtraTreesRegressor,"{'mode': 'original', 'type': 'ExtraTreesRegressor'}",6,"['nodes_T6W30', 'l1_T6W30', 'l3_T6W30', 'atd_T6W30', 'density_T6W30', 'asp_T6W30']",0.03126562840238756,0.05131170124351879,498.0,0.041288664822953174,0.010023036420565614,0.11395797387515266,1.9647389829672888,3.496708594779609,3.5301193932323804,498.0,3.5134139940059947,0.016705399226385753,0.18993380535945756,1.9647389829672888,completed,57.79308104515076,True,COMPLETE
368,2.833801804240915,2026-06-14 06:31:04.605579,2026-06-14 06:32:00.926927,0 days 00:00:56.321348,6,sqrt,3,9,398,ExtraTreesRegressor,2,True,-0.007506550183519043,-0.004278480925665301,498.0,-0.005892515554592172,0.001614034628926871,0.018350937616014425,1.9647389829672888,2.823451325562889,2.844152282918941,498.0,2.833801804240915,0.010350478678026081,0.11768086329264868,1.9647389829672888,932431673063107.4,1032087017842129.9,498.0,982259345452618.6,49827672389511.24,566520997247175.1,1.9647389829672888,8.24946982799882,8.43781479629013,498.0,8.343642312144475,0.0941724841456552,1.0707040299693131,1.9647389829672888,2.5286722388666423,2.554296221438574,498.0,2.541484230152608,0.012811991285965904,0.14566729152645289,1.9647389829672888,499.0,0.40080160320641284,-0.0012085780700211892,0.003933242488200773,498.0,0.001362332209089792,0.0025709102791109813,0.02923023663978242,1.9647389829672888,ExtraTreesRegressor,"{'mode': 'original', 'type': 'ExtraTreesRegressor'}",2,"['atd_T6W30', 'density_T6W30']",0.09982411165807845,0.12030254338362875,498.0,0.1100633275208536,0.010239215862775153,0.11641584893356431,1.9647389829672888,3.429691795320909,3.4608599426172426,498.0,3.445275868969076,0.015584073648166899,0.17718477546607983,1.9647389829672888,completed,56.313369035720825,True,COMPLETE
369,2.8776547778132286,2026-06-14 06:32:00.940806,2026-06-14 06:33:00.866689,0 days 00:00:59.925883,6,sqrt,1,5,399,ExtraTreesRegressor,5,True,-0.02434564350729704,-0.018684429623928373,498.0,-0.021515036565612707,0.002830606941684334,0.0321828853429514,1.9647389829672888,2.8655882136819657,2.8897213419444916,498.0,2.8776547778132286,0.012066564131262739,0.1371920785613284,1.9647389829672888,914940277223404.8,1013360434742495.2,498.0,964150355982950.0,49210078759545.29,559499201077232.7,1.9647389829672888,8.439651743528614,8.638815715175614,498.0,8.539233729352114,0.09958198582349936,1.1322079320819,1.9647389829672888,2.585661771232607,2.623392971645148,498.0,2.6045273714388775,0.018865600206270577,0.21449443913363891,1.9647389829672888,499.0,0.7194388777555111,-0.047315584619055634,-0.03663404687504335,498.0,-0.04197481574704949,0.0053407688720061445,0.06072243719882236,1.9647389829672888,ExtraTreesRegressor,"{'mode': 'original', 'type': 'ExtraTreesRegressor'}",5,"['l1_T6W30', 'lcc_T6W30', 'atd_T6W30', 'density_T6W30', 'asp_T6W30']",0.03812806403744064,0.058529783065930874,498.0,0.048328923551685755,0.01020085951424512,0.11597975236758125,1.9647389829672888,3.5008411597271705,3.534130762842236,498.0,3.517485961284703,0.016644801557532653,0.189244833747034,1.9647389829672888,completed,59.91790699958801,True,COMPLETE
370,2.871557101601998,2026-06-14 06:33:00.879469,2026-06-14 06:33:32.077115,0 days 00:00:31.197646,18,sqrt,5,12,193,ExtraTreesRegressor,13,False,-0.021419810538495673,-0.017177049859376018,498.0,-0.019298430198935845,0.0021213803395598277,0.024119258393473855,1.9647389829672888,2.8604319608659154,2.8826822423380807,498.0,2.871557101601998,0.011125140736082706,0.12648846558699486,1.9647389829672888,931737716883443.8,1031216793865792.0,498.0,981477255374617.9,49739538491174.06,565518949557952.4,1.9647389829672888,8.34338850277838,8.534101847197407,498.0,8.438745174987893,0.09535667220951326,1.0841677815493749,1.9647389829672888,2.5737718659037667,2.6082710353610383,498.0,2.5910214506324025,0.017249584728636004,0.19612098004849968,1.9647389829672888,499.0,0.7294589178356713,-0.030047606222171175,-0.023030026721746887,498.0,-0.02653881647195903,0.0035087897502121446,0.03989355659405203,1.9647389829672888,ExtraTreesRegressor,"{'mode': 'original', 'type': 'ExtraTreesRegressor'}",13,"['nodes_T6W30', 'edges_T6W30', 're_T6W30', 'pe_T6W30', 'l1_T6W30', 'l2_T6W30', 'l3_T6W30', 'lcc_T6W30', 'lsc_T6W30', 'atd_T6W30', 'density_T6W30', 'diameter_T6W30', 'asp_T6W30']",0.01321809323150283,0.03224412214054,498.0,0.022731107686021417,0.009513014454518588,0.10815922512838705,1.9647389829672888,3.4766091603328517,3.5087480566805107,498.0,3.492678608506681,0.016069448173829326,0.1827032925295928,1.9647389829672888,completed,31.189905881881714,False,COMPLETE
371,2.921388008455161,2026-06-14 06:33:32.090728,2026-06-14 06:34:33.821287,0 days 00:01:01.730559,13,,2,12,368,ExtraTreesRegressor,5,False,-0.0404973471667927,-0.033545274223805634,498.0,-0.03702131069529917,0.0034760364714935365,0.03952116472357232,1.9647389829672888,2.907890724100491,2.9348852928098306,498.0,2.921388008455161,0.013497284354669476,0.1534588036334934,1.9647389829672888,909028741770218.8,1007887986411716.8,498.0,958458364090967.8,49429622320748.95,561995324842758.56,1.9647389829672888,8.730682234086649,8.928809091571159,498.0,8.829745662828904,0.09906342874225574,1.1263121424391642,1.9647389829672888,2.621013732009363,2.6634639282013737,498.0,2.6422388301053683,0.021225098096005493,0.24132100022696037,1.9647389829672888,499.0,0.8597194388777555,-0.08206065564131264,-0.06964622871699684,498.0,-0.07585344217915474,0.006207213462157898,0.07057357071023876,1.9647389829672888,ExtraTreesRegressor,"{'mode': 'original', 'type': 'ExtraTreesRegressor'}",5,"['l1_T6W30', 'l2_T6W30', 'l3_T6W30', 'atd_T6W30', 'density_T6W30']",0.019600354633998632,0.03926283013346595,498.0,0.029431592383732292,0.009831237749733658,0.11177729857848208,1.9647389829672888,3.5561710924445133,3.5917225420459413,498.0,3.5739468172452273,0.01777572480071402,0.202102985308454,1.9647389829672888,completed,61.72273898124695,False,COMPLETE
372,2.9056501210925436,2026-06-14 06:34:33.834909,2026-06-14 06:35:50.198117,0 days 00:01:16.363208,5,,5,6,471,ExtraTreesRegressor,9,False,-0.03437598315749211,-0.02848664096471349,498.0,-0.0314313120611028,0.0029446710963893104,0.03347974982757905,1.9647389829672888,2.8932005271913175,2.9180997149937697,498.0,2.9056501210925436,0.012449593901226191,0.14154697608812372,1.9647389829672888,922005628016873.8,1021543198016166.0,498.0,971774413016519.9,49768784999646.15,565851470832799.0,1.9647389829672888,8.520627266755607,8.726548290041887,498.0,8.623587778398747,0.10296051164314061,1.1706204391242998,1.9647389829672888,2.612529183367249,2.651572443909928,498.0,2.6320508136385885,0.019521630271339806,0.22195324242233885,1.9647389829672888,499.0,0.8496993987975952,-0.06488080247378708,-0.05438499366767142,498.0,-0.05963289807072925,0.005247904403057832,0.05966660478613873,1.9647389829672888,ExtraTreesRegressor,"{'mode': 'original', 'type': 'ExtraTreesRegressor'}",9,"['nodes_T6W30', 'l1_T6W30', 'l2_T6W30', 'l3_T6W30', 'lcc_T6W30', 'atd_T6W30', 'density_T6W30', 'diameter_T6W30', 'asp_T6W30']",-0.008663891025371667,0.01135717236427235,498.0,0.0013466406694503422,0.010010531694822009,0.11381580007174497,1.9647389829672888,3.5305609252264225,3.564222023741092,498.0,3.5473914744837574,0.016830549257334803,0.19135671188787276,1.9647389829672888,completed,76.3551619052887,False,COMPLETE
373,2.93881756855652,2026-06-14 06:35:50.212266,2026-06-14 06:35:52.026195,0 days 00:00:01.813929,11,,3,4,251,ExtraTreesRegressor,8,False,,,,,,,,,,,,,,,,,,,,,,,,,,,,,,,,,,,,,,,,,,,,,ExtraTreesRegressor,"{'mode': 'original', 'type': 'ExtraTreesRegressor'}",8,"['re_T6W30', 'l1_T6W30', 'l2_T6W30', 'l3_T6W30', 'lsc_T6W30', 'atd_T6W30', 'density_T6W30', 'asp_T6W30']",,,,,,,,,,,,,,,pruned,,False,PRUNED
374,2.8558913812433153,2026-06-14 06:35:52.031879,2026-06-14 06:36:48.254510,0 days 00:00:56.222631,3,sqrt,2,2,391,ExtraTreesRegressor,12,True,-0.015588137173641417,-0.011910950572848722,498.0,-0.01374954387324507,0.0018385933003963472,0.020904081208733553,1.9647389829672888,2.8452783761588214,2.8665043863278092,498.0,2.8558913812433153,0.010613005084493967,0.12066568506865463,1.9647389829672888,929030167956416.8,1027788845006405.0,498.0,978409506481410.9,49379338524994.06,561423617902611.94,1.9647389829672888,8.23669544768439,8.421452692645108,498.0,8.329074070164749,0.09237862248035873,1.0503085298222674,1.9647389829672888,2.5505029376652324,2.5824589205318595,498.0,2.566480929098546,0.015977991433313427,0.18166346543437914,1.9647389829672888,499.0,0.5691382765531062,-0.01412544111829327,-0.008239783168971306,498.0,-0.011182612143632288,0.0029428289746609823,0.03345880562953534,1.9647389829672888,ExtraTreesRegressor,"{'mode': 'original', 'type': 'ExtraTreesRegressor'}",12,"['nodes_T6W30', 're_T6W30', 'pe_T6W30', 'l1_T6W30', 'l2_T6W30', 'l3_T6W30', 'lcc_T6W30', 'lsc_T6W30', 'atd_T6W30', 'density_T6W30', 'diameter_T6W30', 'asp_T6W30']",0.0651174185528053,0.0844259602667017,498.0,0.0747716894097535,0.009654270856948203,0.10976525475277744,1.9647389829672888,3.451036238996888,3.4820689060693772,498.0,3.4665525725331325,0.015516333536244906,0.17641459709090526,1.9647389829672888,completed,56.21478295326233,True,COMPLETE
375,3.0719431941974755,2026-06-14 06:36:48.268046,2026-06-14 06:36:49.841748,0 days 00:00:01.573702,15,,1,4,191,ExtraTreesRegressor,11,False,,,,,,,,,,,,,,,,,,,,,,,,,,,,,,,,,,,,,,,,,,,,,ExtraTreesRegressor,"{'mode': 'original', 'type': 'ExtraTreesRegressor'}",11,"['edges_T6W30', 're_T6W30', 'pe_T6W30', 'l1_T6W30', 'l2_T6W30', 'l3_T6W30', 'lsc_T6W30', 'atd_T6W30', 'density_T6W30', 'diameter_T6W30', 'asp_T6W30']",,,,,,,,,,,,,,,pruned,,False,PRUNED
376,2.841443927092374,2026-06-14 06:36:49.847328,2026-06-14 06:37:32.542536,0 days 00:00:42.695208,7,sqrt,2,7,289,ExtraTreesRegressor,3,False,-0.010267823382228217,-0.006908687099048194,498.0,-0.008588255240638205,0.001679568141590011,0.019096027827269154,1.9647389829672888,2.8308900483028987,2.851997805881849,498.0,2.841443927092374,0.010553878789475056,0.11999344239683571,1.9647389829672888,925850890007473.6,1024597410784700.4,498.0,975224150396087.0,49373260388613.32,561354511887446.2,1.9647389829672888,8.268743091705613,8.448360343909204,498.0,8.358551717807408,0.08980862610179538,1.0210886838715298,1.9647389829672888,2.541076820141593,2.5701584254983745,498.0,2.555617622819984,0.014540802678390837,0.16532319570822268,1.9647389829672888,499.0,0.48697394789579157,-0.005002989283025522,0.0003479816309289122,498.0,-0.0023275038260483047,0.002675485456977217,0.03041921519749951,1.9647389829672888,ExtraTreesRegressor,"{'mode': 'original', 'type': 'ExtraTreesRegressor'}",3,"['l3_T6W30', 'atd_T6W30', 'density_T6W30']",0.08752765945519081,0.10819083638449323,498.0,0.09785924791984202,0.010331588464651209,0.11746608901148846,1.9647389829672888,3.435930964200544,3.467333239694843,498.0,3.4516321019476934,0.015701137747149575,0.17851574813482257,1.9647389829672888,completed,42.68746495246887,False,COMPLETE
377,2.8746158357546645,2026-06-14 06:37:32.556446,2026-06-14 06:38:05.715030,0 days 00:00:33.158584,15,sqrt,5,9,205,ExtraTreesRegressor,12,False,-0.022612139291163805,-0.018168295659791285,498.0,-0.020390217475477545,0.002221921815686259,0.02526237535215079,1.9647389829672888,2.8633612517832017,2.8858704197261273,498.0,2.8746158357546645,0.011254583971462846,0.1279601841577763,1.9647389829672888,930553426013097.4,1029972303169516.9,498.0,980262864591307.1,49709438578209.79,565176725410368.8,1.9647389829672888,8.363513797760426,8.555571627809222,498.0,8.459542712784824,0.09602891502439842,1.0918109174137978,1.9647389829672888,2.576173431285119,2.6099682903941557,498.0,2.5930708608396373,0.01689742955451822,0.19211711450833538,1.9647389829672888,499.0,0.7374749498997996,-0.03265171456381212,-0.02536873033750937,498.0,-0.029010222450660744,0.0036414921131513738,0.04140233016071002,1.9647389829672888,ExtraTreesRegressor,"{'mode': 'original', 'type': 'ExtraTreesRegressor'}",12,"['nodes_T6W30', 're_T6W30', 'pe_T6W30', 'l1_T6W30', 'l2_T6W30', 'l3_T6W30', 'lcc_T6W30', 'lsc_T6W30', 'atd_T6W30', 'density_T6W30', 'diameter_T6W30', 'asp_T6W30']",0.010069713102827288,0.029360711620529535,498.0,0.019715212361678412,0.009645499258851125,0.10966552513943001,1.9647389829672888,3.480709518133394,3.512818354123615,498.0,3.4967639361285046,0.016054417995110374,0.1825324053211737,1.9647389829672888,completed,33.150779247283936,False,COMPLETE
378,2.9377802464538036,2026-06-14 06:38:05.728721,2026-06-14 06:38:06.108792,0 days 00:00:00.380071,17,sqrt,1,10,54,ExtraTreesRegressor,13,True,,,,,,,,,,,,,,,,,,,,,,,,,,,,,,,,,,,,,,,,,,,,,ExtraTreesRegressor,"{'mode': 'original', 'type': 'ExtraTreesRegressor'}",13,"['nodes_T6W30', 'edges_T6W30', 're_T6W30', 'pe_T6W30', 'l1_T6W30', 'l2_T6W30', 'l3_T6W30', 'lcc_T6W30', 'lsc_T6W30', 'atd_T6W30', 'density_T6W30', 'diameter_T6W30', 'asp_T6W30']",,,,,,,,,,,,,,,pruned,,True,PRUNED
379,2.862038352342879,2026-06-14 06:38:06.114322,2026-06-14 06:38:54.272615,0 days 00:00:48.158293,16,sqrt,4,2,318,ExtraTreesRegressor,8,True,-0.018128233536525273,-0.013751883732356623,498.0,-0.015940058634440948,0.002188174902084324,0.024878686244653836,1.9647389829672888,2.850936151167471,2.873140553518287,498.0,2.862038352342879,0.011102201175408005,0.12622765182294315,1.9647389829672888,929916996841007.5,1029230408904525.8,498.0,979573702872766.6,49656706031759.14,564577177139900.1,1.9647389829672888,8.328721191029269,8.520205001124706,498.0,8.424463096076988,0.09574190504771822,1.0885477270938144,1.9647389829672888,2.589441663756744,2.625734695637004,498.0,2.607588179696874,0.018146515940129917,0.20631873442934867,1.9647389829672888,499.0,0.6753507014028056,-0.02639781390783654,-0.019166612677269955,498.0,-0.022782213292553248,0.0036156006152832936,0.04110795403417164,1.9647389829672888,ExtraTreesRegressor,"{'mode': 'original', 'type': 'ExtraTreesRegressor'}",8,"['nodes_T6W30', 're_T6W30', 'l1_T6W30', 'lcc_T6W30', 'atd_T6W30', 'density_T6W30', 'diameter_T6W30', 'asp_T6W30']",0.035468876193406745,0.054599449060225805,498.0,0.045034162626816275,0.009565286433409531,0.1087535369272182,1.9647389829672888,3.470182757835554,3.502057241035104,498.0,3.486119999435329,0.015937241599774932,0.18120015588715768,1.9647389829672888,completed,48.14969182014465,True,COMPLETE
380,2.8333863078108887,2026-06-14 06:38:54.287849,2026-06-14 06:39:53.270158,0 days 00:00:58.982309,20,sqrt,5,4,419,ExtraTreesRegressor,2,False,-0.007173604200297162,-0.004324828857111358,498.0,-0.00574921652870426,0.0014243876715929022,0.01619472645379388,1.9647389829672888,2.8232837892592304,2.843488826362547,498.0,2.8333863078108887,0.010102518551658233,0.11486165438059404,1.9647389829672888,935569361601387.2,1035218280916957.0,498.0,985393821259172.1,49824459657784.83,566484469753630.8,1.9647389829672888,8.214860817131369,8.397396553171733,498.0,8.30612868515155,0.09126786802018236,1.0376796893747988,1.9647389829672888,2.5312230515051106,2.5572411619069046,498.0,2.5442321067060076,0.01300905520089708,0.14790783057342116,1.9647389829672888,499.0,0.3226452905811623,0.0035847999853933243,0.0077081586523691185,498.0,0.005646479318881221,0.002061679333487897,0.02344048148348419,1.9647389829672888,ExtraTreesRegressor,"{'mode': 'original', 'type': 'ExtraTreesRegressor'}",2,"['atd_T6W30', 'density_T6W30']",0.10841545323554662,0.12897363179200738,498.0,0.11869454251377701,0.010279089278230385,0.1168691939525884,1.9647389829672888,3.4226675040786354,3.45336175826961,498.0,3.4380146311741226,0.015347127095487247,0.17449078654624792,1.9647389829672888,completed,58.974292039871216,False,COMPLETE
381,2.8717173088056778,2026-06-14 06:39:53.283783,2026-06-14 06:40:19.304135,0 days 00:00:26.020352,13,log2,3,4,152,ExtraTreesRegressor,7,True,-0.021859901327657912,-0.016873192451986523,498.0,-0.019366546889822218,0.002493354437835696,0.028348457290384852,1.9647389829672888,2.8600493253687547,2.883385292242601,498.0,2.8717173088056778,0.011667983436923055,0.13266037315322426,1.9647389829672888,931105751727115.5,1031290520031967.5,498.0,981198135879541.5,50092384152425.98,569530665664700.5,1.9647389829672888,8.418888240120976,8.616836277573205,498.0,8.51786225884709,0.09897401872611461,1.1252955857934472,1.9647389829672888,2.600194739960139,2.6377680550383364,498.0,2.6189813974992378,0.018786657539098823,0.21359689212036706,1.9647389829672888,499.0,0.7334669338677354,-0.036720803474296966,-0.028139023140874152,498.0,-0.03242991330758556,0.004290890166711406,0.048785730092324064,1.9647389829672888,ExtraTreesRegressor,"{'mode': 'original', 'type': 'ExtraTreesRegressor'}",7,"['nodes_T6W30', 'l1_T6W30', 'l2_T6W30', 'atd_T6W30', 'density_T6W30', 'diameter_T6W30', 'asp_T6W30']",0.03173944580195595,0.05191312188281692,498.0,0.04182628384238644,0.01008683804043049,0.11468337314785565,1.9647389829672888,3.4858895056850674,3.518374250451214,498.0,3.5021318780681407,0.016242372383073328,0.1846693726367124,1.9647389829672888,completed,26.01244807243347,True,COMPLETE
382,2.894990050158126,2026-06-14 06:40:19.317828,2026-06-14 06:40:22.246298,0 days 00:00:02.928470,8,,1,4,413,ExtraTreesRegressor,4,False,,,,,,,,,,,,,,,,,,,,,,,,,,,,,,,,,,,,,,,,,,,,,ExtraTreesRegressor,"{'mode': 'original', 'type': 'ExtraTreesRegressor'}",4,"['l3_T6W30', 'atd_T6W30', 'density_T6W30', 'asp_T6W30']",,,,,,,,,,,,,,,pruned,,False,PRUNED
383,2.9729189984458078,2026-06-14 06:40:22.251987,2026-06-14 06:40:25.113968,0 days 00:00:02.861981,9,,2,7,421,ExtraTreesRegressor,10,False,,,,,,,,,,,,,,,,,,,,,,,,,,,,,,,,,,,,,,,,,,,,,ExtraTreesRegressor,"{'mode': 'original', 'type': 'ExtraTreesRegressor'}",10,"['nodes_T6W30', 're_T6W30', 'l1_T6W30', 'l2_T6W30', 'l3_T6W30', 'lsc_T6W30', 'atd_T6W30', 'density_T6W30', 'diameter_T6W30', 'asp_T6W30']",,,,,,,,,,,,,,,pruned,,False,PRUNED
384,2.838885714313665,2026-06-14 06:40:25.119585,2026-06-14 06:41:04.011558,0 days 00:00:38.891973,9,sqrt,4,3,264,ExtraTreesRegressor,2,True,-0.00922116244034745,-0.006202907474753539,498.0,-0.007712034957550494,0.0015091274827969555,0.017158184709972893,1.9647389829672888,2.828733866102539,2.849037562524791,498.0,2.838885714313665,0.010151848211125875,0.11542251316719383,1.9647389829672888,932984769654279.5,1032315223102289.8,498.0,982649996378284.6,49665226724005.14,564674054052606.6,1.9647389829672888,8.250075703736591,8.438063492901353,498.0,8.344069598318972,0.09399389458238104,1.0686735370196705,1.9647389829672888,2.537540426024895,2.5634875524105323,498.0,2.5505139892177136,0.012973563192818558,0.1475043004294929,1.9647389829672888,499.0,0.4168336673346693,-0.002515887168992205,0.0022034207948988175,498.0,-0.0001562331870466937,0.002359653981945511,0.026828335800237677,1.9647389829672888,ExtraTreesRegressor,"{'mode': 'original', 'type': 'ExtraTreesRegressor'}",2,"['nodes_T6W30', 'density_T6W30']",0.09186925991472461,0.11182845295053556,498.0,0.10184885643263009,0.009979596517905472,0.11346407930221404,1.9647389829672888,3.432486373985989,3.463327733185022,498.0,3.4479070535855056,0.015420679599516325,0.17532704952893044,1.9647389829672888,completed,38.8843309879303,True,COMPLETE
