number,value,datetime_start,datetime_complete,duration,params_et_max_depth,params_et_max_features,params_et_min_samples_leaf,params_et_min_samples_split,params_et_n_estimators,params_regressor,params_rfe_n_features,params_use_scaler,user_attrs_d2mae_ci_lower_val,user_attrs_d2mae_ci_upper_val,user_attrs_d2mae_df_val,user_attrs_d2mae_mean_val,user_attrs_d2mae_samperror_val,user_attrs_d2mae_std_val,user_attrs_d2mae_t_critical_val,user_attrs_mae_ci_lower_val,user_attrs_mae_ci_upper_val,user_attrs_mae_df_val,user_attrs_mae_mean_val,user_attrs_mae_samperror_val,user_attrs_mae_std_val,user_attrs_mae_t_critical_val,user_attrs_mape_ci_lower_val,user_attrs_mape_ci_upper_val,user_attrs_mape_df_val,user_attrs_mape_mean_val,user_attrs_mape_samperror_val,user_attrs_mape_std_val,user_attrs_mape_t_critical_val,user_attrs_max_error_ci_lower_val,user_attrs_max_error_ci_upper_val,user_attrs_max_error_df_val,user_attrs_max_error_mean_val,user_attrs_max_error_samperror_val,user_attrs_max_error_std_val,user_attrs_max_error_t_critical_val,user_attrs_median_ae_ci_lower_val,user_attrs_median_ae_ci_upper_val,user_attrs_median_ae_df_val,user_attrs_median_ae_mean_val,user_attrs_median_ae_samperror_val,user_attrs_median_ae_std_val,user_attrs_median_ae_t_critical_val,user_attrs_n_splits_val,user_attrs_r2_below_zero_val,user_attrs_r2_ci_lower_val,user_attrs_r2_ci_upper_val,user_attrs_r2_df_val,user_attrs_r2_mean_val,user_attrs_r2_samperror_val,user_attrs_r2_std_val,user_attrs_r2_t_critical_val,user_attrs_regressor_final,user_attrs_rfe_estimator,user_attrs_rfe_n_features,user_attrs_rfe_selected_features,user_attrs_rho_ci_lower_val,user_attrs_rho_ci_upper_val,user_attrs_rho_df_val,user_attrs_rho_mean_val,user_attrs_rho_samperror_val,user_attrs_rho_std_val,user_attrs_rho_t_critical_val,user_attrs_rmse_ci_lower_val,user_attrs_rmse_ci_upper_val,user_attrs_rmse_df_val,user_attrs_rmse_mean_val,user_attrs_rmse_samperror_val,user_attrs_rmse_std_val,user_attrs_rmse_t_critical_val,user_attrs_termination_reason,user_attrs_trial_time_seconds,user_attrs_use_scaler_final,state
161,2.886336577230717,2026-06-14 04:34:19.833475,2026-06-14 04:35:05.526015,0 days 00:00:45.692540,8,sqrt,4,5,290,ExtraTreesRegressor,10,True,-0.0270428041535151,-0.022062016386579994,498.0,-0.024552410270047547,0.002490393883467554,0.028314796954017278,1.9647389829672888,2.8746208470542935,2.8980523074071405,498.0,2.886336577230717,0.011715730176423349,0.13320323476364743,1.9647389829672888,925558761835337.6,1024920585057665.1,498.0,975239673446501.4,49680911611163.7,564852385037953.8,1.9647389829672888,8.445827535227833,8.642017590344308,498.0,8.54392256278607,0.09809502755823717,1.1153018026380814,1.9647389829672888,2.5985876926536666,2.6363137228831355,498.0,2.617450707768401,0.018863015114734517,0.21446504766169666,1.9647389829672888,499.0,0.8056112224448898,-0.04537979632553975,-0.03688038714717502,498.0,-0.041130091736357385,0.004249704589182363,0.04831746630766318,1.9647389829672888,ExtraTreesRegressor,"{'mode': 'original', 'type': 'ExtraTreesRegressor'}",10,"['nodes_T6W30', 're_T6W30', 'l1_T6W30', 'l2_T6W30', 'l3_T6W30', 'lcc_T6W30', 'atd_T6W30', 'density_T6W30', 'diameter_T6W30', 'asp_T6W30']",0.002475681260142302,0.022035291639871044,498.0,0.012255486450006672,0.00977980518986437,0.1111925306430997,1.9647389829672888,3.5005326494992666,3.533604217296541,498.0,3.517068433397904,0.016535783898637503,0.18800534593086554,1.9647389829672888,completed,45.68448495864868,True,COMPLETE
162,2.859679348815493,2026-06-14 04:35:05.539017,2026-06-14 04:35:51.631990,0 days 00:00:46.092973,20,log2,4,3,303,ExtraTreesRegressor,7,True,-0.01726077921719948,-0.012911196819834804,498.0,-0.015085988018517143,0.0021747911986823394,0.024726518811688435,1.9647389829672888,2.848511605472226,2.8708470921587597,498.0,2.859679348815493,0.01116774334326703,0.12697284044036394,1.9647389829672888,926596023309344.5,1025637869448138.2,498.0,976116946378741.4,49520923069396.88,563033378371912.1,1.9647389829672888,8.350165795209247,8.545996891020359,498.0,8.448081343114803,0.09791554790555682,1.1132611897226876,1.9647389829672888,2.586936946431019,2.6217306321769613,498.0,2.60433378930399,0.017396842872971368,0.19779524711298327,1.9647389829672888,499.0,0.6713426853707415,-0.02606780779234715,-0.018717335025669378,498.0,-0.022392571409008265,0.0036752363833388877,0.04178598921362682,1.9647389829672888,ExtraTreesRegressor,"{'mode': 'original', 'type': 'ExtraTreesRegressor'}",7,"['nodes_T6W30', 're_T6W30', 'l1_T6W30', 'lcc_T6W30', 'atd_T6W30', 'density_T6W30', 'asp_T6W30']",0.03765974624474837,0.05661680156034424,498.0,0.0471382739025463,0.009478527657797935,0.10776712384142913,1.9647389829672888,3.469417140007434,3.5015720369075387,498.0,3.4854945884574864,0.016077448450052455,0.18279425251722273,1.9647389829672888,completed,46.08506393432617,True,COMPLETE
163,2.9754512917050246,2026-06-14 04:35:51.644789,2026-06-14 04:35:53.837568,0 days 00:00:02.192779,17,,2,12,349,ExtraTreesRegressor,13,True,,,,,,,,,,,,,,,,,,,,,,,,,,,,,,,,,,,,,,,,,,,,,ExtraTreesRegressor,"{'mode': 'original', 'type': 'ExtraTreesRegressor'}",13,"['nodes_T6W30', 'edges_T6W30', 're_T6W30', 'pe_T6W30', 'l1_T6W30', 'l2_T6W30', 'l3_T6W30', 'lcc_T6W30', 'lsc_T6W30', 'atd_T6W30', 'density_T6W30', 'diameter_T6W30', 'asp_T6W30']",,,,,,,,,,,,,,,pruned,,True,PRUNED
164,2.8914087470616576,2026-06-14 04:35:53.843563,2026-06-14 04:36:39.056638,0 days 00:00:45.213075,13,log2,4,2,284,ExtraTreesRegressor,10,False,-0.02886503934994728,-0.02382276356966611,498.0,-0.026343901459806696,0.002521137890140584,0.02866434419322256,1.9647389829672888,2.879580109878592,2.9032373842447234,498.0,2.8914087470616576,0.011828637183065606,0.1344869429308511,1.9647389829672888,927491385953066.0,1027147361408528.5,498.0,977319373680797.2,49827987727731.27,566524582518457.4,1.9647389829672888,8.468721123648724,8.665060724526516,498.0,8.56689092408762,0.09816980043889666,1.1161519408220832,1.9647389829672888,2.6048535038578176,2.6435513265453356,498.0,2.6242024152015766,0.019348911343759035,0.21998949628682565,1.9647389829672888,499.0,0.8236472945891784,-0.049625951609473314,-0.040977226153349915,498.0,-0.045301588881411614,0.0043243627280616995,0.04916629992284612,1.9647389829672888,ExtraTreesRegressor,"{'mode': 'original', 'type': 'ExtraTreesRegressor'}",10,"['nodes_T6W30', 're_T6W30', 'l1_T6W30', 'l2_T6W30', 'l3_T6W30', 'lcc_T6W30', 'atd_T6W30', 'density_T6W30', 'diameter_T6W30', 'asp_T6W30']",-0.003678715052540562,0.015826715526537576,498.0,0.006074000236998506,0.009752715289539068,0.11088452915293082,1.9647389829672888,3.5074617256909395,3.5407227412441875,498.0,3.5240922334675635,0.016630507776624136,0.1890823190914943,1.9647389829672888,completed,45.20531606674194,False,COMPLETE
165,2.845399372259788,2026-06-14 04:36:39.069222,2026-06-14 04:37:06.146713,0 days 00:00:27.077491,8,sqrt,5,2,168,ExtraTreesRegressor,7,False,-0.012099866948543455,-0.007958862267322701,498.0,-0.010029364607933078,0.0020705023406103764,0.023540795597189374,1.9647389829672888,2.834503553596672,2.856295190922904,498.0,2.845399372259788,0.010895818663116208,0.12388116399658147,1.9647389829672888,928517496610200.0,1027599091053223.0,498.0,978058293831711.5,49540797221511.54,563259339648758.9,1.9647389829672888,8.282698810987618,8.471180650991094,498.0,8.376939730989356,0.09424092000173866,1.0714821186814008,1.9647389829672888,2.5806201880858173,2.6149791440656736,498.0,2.5977996660757454,0.01717947798992815,0.1953238940594924,1.9647389829672888,499.0,0.5671342685370742,-0.014218003140336378,-0.007424417768640658,498.0,-0.010821210454488518,0.0033967926858478594,0.0386201941119272,1.9647389829672888,ExtraTreesRegressor,"{'mode': 'original', 'type': 'ExtraTreesRegressor'}",7,"['nodes_T6W30', 'l1_T6W30', 'lcc_T6W30', 'atd_T6W30', 'density_T6W30', 'diameter_T6W30', 'asp_T6W30']",0.06325433819617522,0.0829220434366688,498.0,0.07308819081642201,0.009833852620246789,0.11180702862565729,1.9647389829672888,3.4500181009226902,3.4814593008514794,498.0,3.465738700887085,0.015720599964394375,0.1787370258745487,1.9647389829672888,completed,27.0693941116333,False,COMPLETE
166,2.874959032841094,2026-06-14 04:37:06.159388,2026-06-14 04:38:15.332965,0 days 00:01:09.173577,11,log2,5,12,464,ExtraTreesRegressor,11,True,-0.02279528056692232,-0.018210665481936766,498.0,-0.020502973024429542,0.0022923075424927768,0.026062633325886476,1.9647389829672888,2.863540591715014,2.886377473967174,498.0,2.874959032841094,0.011418441126079969,0.12982317542724844,1.9647389829672888,929472480400326.2,1028969510976822.2,498.0,979220995688574.2,49748515288248.04,565621012202795.1,1.9647389829672888,8.388303238696851,8.583622653730176,498.0,8.485962946213514,0.097659707516663,1.1103523853314405,1.9647389829672888,2.5829006180887064,2.618251111888297,498.0,2.600575864988502,0.017675246899795334,0.2009605911748332,1.9647389829672888,499.0,0.7434869739478958,-0.03399421225424798,-0.026319482584166748,498.0,-0.030156847419207364,0.0038373648350406163,0.04362932581225827,1.9647389829672888,ExtraTreesRegressor,"{'mode': 'original', 'type': 'ExtraTreesRegressor'}",11,"['nodes_T6W30', 're_T6W30', 'pe_T6W30', 'l1_T6W30', 'l2_T6W30', 'l3_T6W30', 'lcc_T6W30', 'atd_T6W30', 'density_T6W30', 'diameter_T6W30', 'asp_T6W30']",0.014323497034710168,0.033930909273251625,498.0,0.024127203153980897,0.00980370611927073,0.11146427479074074,1.9647389829672888,3.482404604158058,3.5149922531586273,498.0,3.4986984286583427,0.01629382450028456,0.18525436293136485,1.9647389829672888,completed,69.1656129360199,True,COMPLETE
167,2.8942315003866548,2026-06-14 04:38:15.345588,2026-06-14 04:38:17.806808,0 days 00:00:02.461220,17,log2,2,10,441,ExtraTreesRegressor,10,False,,,,,,,,,,,,,,,,,,,,,,,,,,,,,,,,,,,,,,,,,,,,,ExtraTreesRegressor,"{'mode': 'original', 'type': 'ExtraTreesRegressor'}",10,"['nodes_T6W30', 're_T6W30', 'l1_T6W30', 'l2_T6W30', 'l3_T6W30', 'lcc_T6W30', 'atd_T6W30', 'density_T6W30', 'diameter_T6W30', 'asp_T6W30']",,,,,,,,,,,,,,,pruned,,False,PRUNED
168,2.8764992902229434,2026-06-14 04:38:17.812286,2026-06-14 04:39:09.841996,0 days 00:00:52.029710,17,sqrt,5,3,339,ExtraTreesRegressor,11,False,-0.02334500004792458,-0.018741412645210308,498.0,-0.021043206346567443,0.0023017937013571355,0.026170487213538932,1.9647389829672888,2.8650253796164535,2.887973200829433,498.0,2.8764992902229434,0.0114739106064898,0.13045384155816678,1.9647389829672888,929837453260046.6,1029381980432292.4,498.0,979609716846169.5,49772263586122.89,565891020990077.2,1.9647389829672888,8.389456375803867,8.584607084122393,498.0,8.48703172996313,0.09757535415926354,1.1093933209027125,1.9647389829672888,2.5849900511885027,2.6200930791628743,498.0,2.6025415651756885,0.017551513987185588,0.1995537967234286,1.9647389829672888,499.0,0.7535070140280561,-0.03559646186025496,-0.02782813524707602,498.0,-0.03171229855366549,0.0038841633065894695,0.04416140598979995,1.9647389829672888,ExtraTreesRegressor,"{'mode': 'original', 'type': 'ExtraTreesRegressor'}",11,"['nodes_T6W30', 're_T6W30', 'pe_T6W30', 'l1_T6W30', 'l2_T6W30', 'l3_T6W30', 'lcc_T6W30', 'atd_T6W30', 'density_T6W30', 'diameter_T6W30', 'asp_T6W30']",0.011042557408897672,0.030747706334758325,498.0,0.020895131871828,0.009852574462930327,0.11201988859841443,1.9647389829672888,3.484983605701096,3.517678471655061,498.0,3.5013310386780785,0.01634743297698233,0.18586387018352613,1.9647389829672888,completed,52.02167296409607,False,COMPLETE
169,2.8931290575590576,2026-06-14 04:39:09.854563,2026-06-14 04:39:47.705771,0 days 00:00:37.851208,4,,1,6,229,ExtraTreesRegressor,8,False,-0.029934014474571804,-0.02405910218300233,498.0,-0.026996558328787067,0.002937456145784736,0.03339771868272363,1.9647389829672888,2.880771238880914,2.9054868762372013,498.0,2.8931290575590576,0.012357818678143515,0.1405035279716445,1.9647389829672888,911983482381521.8,1010003463841763.2,498.0,960993473111642.5,49009990730120.695,557224279040322.44,1.9647389829672888,8.475829360637594,8.68468991885641,498.0,8.580259639747002,0.10443027910940762,1.1873311159586912,1.9647389829672888,2.569104794979985,2.6078303866612935,498.0,2.588467590820639,0.019362795840654187,0.22014735754443823,1.9647389829672888,499.0,0.7715430861723447,-0.05636843901296823,-0.04526793506611225,498.0,-0.05081818703954024,0.0055502519734279875,0.0631041775016047,1.9647389829672888,ExtraTreesRegressor,"{'mode': 'original', 'type': 'ExtraTreesRegressor'}",8,"['nodes_T6W30', 'l1_T6W30', 'l3_T6W30', 'lcc_T6W30', 'atd_T6W30', 'density_T6W30', 'diameter_T6W30', 'asp_T6W30']",0.016260647507368747,0.037052007039122946,498.0,0.026656327273245847,0.010395679765877098,0.11819478184709846,1.9647389829672888,3.5154122245644666,3.5492398841395905,498.0,3.5323260543520285,0.016913829787562156,0.19230357869447087,1.9647389829672888,completed,37.84321618080139,False,COMPLETE
170,2.9317886678799367,2026-06-14 04:39:47.718341,2026-06-14 04:39:48.907077,0 days 00:00:01.188736,11,sqrt,1,6,190,ExtraTreesRegressor,9,True,,,,,,,,,,,,,,,,,,,,,,,,,,,,,,,,,,,,,,,,,,,,,ExtraTreesRegressor,"{'mode': 'original', 'type': 'ExtraTreesRegressor'}",9,"['nodes_T6W30', 'l1_T6W30', 'l2_T6W30', 'l3_T6W30', 'lcc_T6W30', 'atd_T6W30', 'density_T6W30', 'diameter_T6W30', 'asp_T6W30']",,,,,,,,,,,,,,,pruned,,True,PRUNED
171,2.871945302860286,2026-06-14 04:39:48.912946,2026-06-14 04:40:52.379848,0 days 00:01:03.466902,10,,5,2,402,ExtraTreesRegressor,4,True,-0.02265991958523995,-0.016307864635061082,498.0,-0.019483892110150516,0.0031760274750894353,0.03611018067243384,1.9647389829672888,2.859214460510351,2.884676145210221,498.0,2.871945302860286,0.012730842349935037,0.14474466010577605,1.9647389829672888,909994002998608.4,1008927001767985.6,498.0,959460502383297.0,49466499384688.625,562414602525957.1,1.9647389829672888,8.574521402419634,8.781752734204918,498.0,8.678137068312276,0.10361566589264275,1.1780692847351737,1.9647389829672888,2.6110792739022646,2.6541552844443563,498.0,2.6326172791733105,0.021538005271045657,0.2448786314858282,1.9647389829672888,499.0,0.781563126252505,-0.05763185462573336,-0.04617756325748224,498.0,-0.0519047089416078,0.00572714568412556,0.06511538927581227,1.9647389829672888,ExtraTreesRegressor,"{'mode': 'original', 'type': 'ExtraTreesRegressor'}",4,"['nodes_T6W30', 'l1_T6W30', 'atd_T6W30', 'density_T6W30']",0.048644357506447765,0.0680381486850989,498.0,0.05834125309577333,0.009696895589325566,0.11024988116087153,1.9647389829672888,3.5168793970796766,3.5514457089260154,498.0,3.534162553002846,0.017283155923169258,0.19650267129943919,1.9647389829672888,completed,63.45871305465698,True,COMPLETE
172,2.850949480861794,2026-06-14 04:40:52.393057,2026-06-14 04:41:21.608360,0 days 00:00:29.215303,3,log2,1,9,186,ExtraTreesRegressor,9,True,-0.014022172328037114,-0.009960906279552383,498.0,-0.011991539303794749,0.0020306330242423655,0.02308749718317148,1.9647389829672888,2.8400537106532187,2.861845251070369,498.0,2.850949480861794,0.010895770208575106,0.12388061308754578,1.9647389829672888,921122185115923.6,1019233930732403.4,498.0,970178057924163.5,49055872808239.87,557745940185732.9,1.9647389829672888,8.249305782643502,8.436529876138325,498.0,8.342917829390913,0.09361204674741182,1.0643320776279415,1.9647389829672888,2.553801174073344,2.5862613340133604,498.0,2.5700312540433523,0.016230079970008162,0.18452961274478297,1.9647389829672888,499.0,0.5410821643286573,-0.014487485378118638,-0.007581886075165367,498.0,-0.011034685726642002,0.003452799651476635,0.03925697123795409,1.9647389829672888,ExtraTreesRegressor,"{'mode': 'original', 'type': 'ExtraTreesRegressor'}",9,"['nodes_T6W30', 're_T6W30', 'l1_T6W30', 'l3_T6W30', 'lcc_T6W30', 'atd_T6W30', 'density_T6W30', 'diameter_T6W30', 'asp_T6W30']",0.08242796590491175,0.10281576500840581,498.0,0.09262186545665878,0.01019389955174703,0.11590062033700198,1.9647389829672888,3.4503152885446853,3.481908087824461,498.0,3.466111688184573,0.01579639963988759,0.17959883831113502,1.9647389829672888,completed,29.20755410194397,True,COMPLETE
173,2.8430377548397514,2026-06-14 04:41:21.621130,2026-06-14 04:42:04.933634,0 days 00:00:43.312504,10,sqrt,5,3,287,ExtraTreesRegressor,6,False,-0.011281653270737402,-0.007104138857162547,498.0,-0.009192896063949975,0.002088757206787428,0.023748346231110093,1.9647389829672888,2.832129938225427,2.853945571454076,498.0,2.8430377548397514,0.010907816614324764,0.12401757597325297,1.9647389829672888,926052666663074.0,1025020358166533.0,498.0,975536512414803.5,49483845751729.51,562611823882752.56,1.9647389829672888,8.296687300913968,8.49026117489388,498.0,8.393474237903924,0.09678693698995638,1.1004293284145403,1.9647389829672888,2.5805920448281765,2.6146088130326723,498.0,2.5976004289304244,0.017008384102247823,0.19337862398719505,1.9647389829672888,499.0,0.5711422845691383,-0.014785405350735664,-0.007844811256924492,498.0,-0.011315108303830078,0.0034702970469055864,0.03945590972799932,1.9647389829672888,ExtraTreesRegressor,"{'mode': 'original', 'type': 'ExtraTreesRegressor'}",6,"['nodes_T6W30', 'l1_T6W30', 'lcc_T6W30', 'atd_T6W30', 'density_T6W30', 'asp_T6W30']",0.06068612094225907,0.08025866418632895,498.0,0.07047239256429401,0.009786271622034938,0.11126605142836264,1.9647389829672888,3.4507760841353368,3.482369127916481,498.0,3.4665726060259088,0.01579652189057212,0.1796002282532373,1.9647389829672888,completed,43.304052114486694,False,COMPLETE
174,2.828939070085147,2026-06-14 04:42:04.946621,2026-06-14 04:43:00.945328,0 days 00:00:55.998707,2,,3,6,396,ExtraTreesRegressor,3,True,-0.006166288026046338,-0.002212228516524375,498.0,-0.0041892582712853565,0.0019770297547609815,0.022478049135008282,1.9647389829672888,2.8182508710391256,2.8396272691311686,498.0,2.828939070085147,0.010688199046021307,0.12152061077616975,1.9647389829672888,918153896713993.8,1016139400814295.0,498.0,967146648764144.4,48992752050150.64,557028282043081.3,1.9647389829672888,8.264772859633256,8.466852304865698,498.0,8.365812582249477,0.10103972261622138,1.148781824899551,1.9647389829672888,2.517119178914643,2.549176534122256,498.0,2.5331478565184495,0.01602867760380649,0.18223974721671693,1.9647389829672888,499.0,0.41282565130260523,-0.002019799823728245,0.004751938634890653,498.0,0.0013660694055812037,0.0033858692293094487,0.03849599871618102,1.9647389829672888,ExtraTreesRegressor,"{'mode': 'original', 'type': 'ExtraTreesRegressor'}",3,"['nodes_T6W30', 'atd_T6W30', 'density_T6W30']",0.12401450222540139,0.14522379873778052,498.0,0.13461915048159095,0.010604648256189566,0.12057067122438306,1.9647389829672888,3.429028365434958,3.4608264089170064,498.0,3.4449273871759822,0.015899021741024172,0.1807656111561723,1.9647389829672888,completed,55.990530014038086,True,COMPLETE
175,2.8519542316430857,2026-06-14 04:43:00.958008,2026-06-14 04:43:12.688090,0 days 00:00:11.730082,6,sqrt,5,12,55,ExtraTreesRegressor,8,True,-0.014232921617907832,-0.010425769630899886,498.0,-0.012329345624403859,0.0019035759935039738,0.021642908818728216,1.9647389829672888,2.8411303597634823,2.862778103522689,498.0,2.8519542316430857,0.01082387187960351,0.12306315742333203,1.9647389829672888,932595499830836.5,1031818896396715.2,498.0,982207198113775.9,49611698282939.4,564065456774038.2,1.9647389829672888,8.246929946232363,8.43798569325617,498.0,8.342457819744267,0.09552787351190267,1.0861142728845807,1.9647389829672888,2.590070208342339,2.6230588327135216,498.0,2.60656452052793,0.01649431218559124,0.18753382889814416,1.9647389829672888,499.0,0.5450901803607214,-0.011319415383623454,-0.005360498813010784,498.0,-0.008339957098317119,0.0029794582853063353,0.03387526645542072,1.9647389829672888,ExtraTreesRegressor,"{'mode': 'original', 'type': 'ExtraTreesRegressor'}",8,"['nodes_T6W30', 're_T6W30', 'l1_T6W30', 'l2_T6W30', 'atd_T6W30', 'density_T6W30', 'diameter_T6W30', 'asp_T6W30']",0.05868711024526216,0.07796513203359867,498.0,0.06832612113943042,0.009639010894168257,0.10959175499014613,1.9647389829672888,3.4460882720062673,3.477389639322308,498.0,3.4617389556642877,0.015650683658020192,0.17794210502612315,1.9647389829672888,completed,11.722295045852661,True,COMPLETE
176,2.89774226210975,2026-06-14 04:43:12.700948,2026-06-14 04:43:30.883503,0 days 00:00:18.182555,11,sqrt,2,3,94,ExtraTreesRegressor,6,False,-0.03140836767033158,-0.025757977679541102,498.0,-0.028583172674936343,0.002825194995395241,0.03212135364657237,1.9647389829672888,2.885304054453771,2.910180469765729,498.0,2.89774226210975,0.01243820765597884,0.14141751896714877,1.9647389829672888,924021012994302.0,1023443074374727.0,498.0,973732043684514.5,49711030690212.48,565194827096364.5,1.9647389829672888,8.521626515862424,8.715883065715088,498.0,8.618754790788756,0.09712827492633196,1.104310206224809,1.9647389829672888,2.5902992317874793,2.632152612503497,498.0,2.611225922145488,0.02092669035800885,0.2379282218528351,1.9647389829672888,499.0,0.8036072144288577,-0.05446585672099732,-0.044690315945909616,498.0,-0.04957808633345347,0.004887770387543851,0.05557202296387891,1.9647389829672888,ExtraTreesRegressor,"{'mode': 'original', 'type': 'ExtraTreesRegressor'}",6,"['re_T6W30', 'l1_T6W30', 'l3_T6W30', 'atd_T6W30', 'density_T6W30', 'asp_T6W30']",0.021535179712694443,0.041316669024742694,498.0,0.03142592436871857,0.009890744656024127,0.11245386865045413,1.9647389829672888,3.513961152693358,3.5480123214903547,498.0,3.5309867370918564,0.01702558439849836,0.1935741845766729,1.9647389829672888,completed,18.174707889556885,False,COMPLETE
