number,value,datetime_start,datetime_complete,duration,params_et_max_depth,params_et_max_features,params_et_min_samples_leaf,params_et_min_samples_split,params_et_n_estimators,params_regressor,params_rfe_n_features,params_use_scaler,user_attrs_d2mae_ci_lower_val,user_attrs_d2mae_ci_upper_val,user_attrs_d2mae_df_val,user_attrs_d2mae_mean_val,user_attrs_d2mae_samperror_val,user_attrs_d2mae_std_val,user_attrs_d2mae_t_critical_val,user_attrs_mae_ci_lower_val,user_attrs_mae_ci_upper_val,user_attrs_mae_df_val,user_attrs_mae_mean_val,user_attrs_mae_samperror_val,user_attrs_mae_std_val,user_attrs_mae_t_critical_val,user_attrs_mape_ci_lower_val,user_attrs_mape_ci_upper_val,user_attrs_mape_df_val,user_attrs_mape_mean_val,user_attrs_mape_samperror_val,user_attrs_mape_std_val,user_attrs_mape_t_critical_val,user_attrs_max_error_ci_lower_val,user_attrs_max_error_ci_upper_val,user_attrs_max_error_df_val,user_attrs_max_error_mean_val,user_attrs_max_error_samperror_val,user_attrs_max_error_std_val,user_attrs_max_error_t_critical_val,user_attrs_median_ae_ci_lower_val,user_attrs_median_ae_ci_upper_val,user_attrs_median_ae_df_val,user_attrs_median_ae_mean_val,user_attrs_median_ae_samperror_val,user_attrs_median_ae_std_val,user_attrs_median_ae_t_critical_val,user_attrs_n_splits_val,user_attrs_r2_below_zero_val,user_attrs_r2_ci_lower_val,user_attrs_r2_ci_upper_val,user_attrs_r2_df_val,user_attrs_r2_mean_val,user_attrs_r2_samperror_val,user_attrs_r2_std_val,user_attrs_r2_t_critical_val,user_attrs_regressor_final,user_attrs_rfe_estimator,user_attrs_rfe_n_features,user_attrs_rfe_selected_features,user_attrs_rho_ci_lower_val,user_attrs_rho_ci_upper_val,user_attrs_rho_df_val,user_attrs_rho_mean_val,user_attrs_rho_samperror_val,user_attrs_rho_std_val,user_attrs_rho_t_critical_val,user_attrs_rmse_ci_lower_val,user_attrs_rmse_ci_upper_val,user_attrs_rmse_df_val,user_attrs_rmse_mean_val,user_attrs_rmse_samperror_val,user_attrs_rmse_std_val,user_attrs_rmse_t_critical_val,user_attrs_termination_reason,user_attrs_trial_time_seconds,user_attrs_use_scaler_final,state
385,2.9224834031176616,2026-06-14 06:41:04.026548,2026-06-14 06:41:05.865741,0 days 00:00:01.839193,19,log2,1,9,326,ExtraTreesRegressor,12,True,,,,,,,,,,,,,,,,,,,,,,,,,,,,,,,,,,,,,,,,,,,,,ExtraTreesRegressor,"{'mode': 'original', 'type': 'ExtraTreesRegressor'}",12,"['nodes_T6W30', 're_T6W30', 'pe_T6W30', 'l1_T6W30', 'l2_T6W30', 'l3_T6W30', 'lcc_T6W30', 'lsc_T6W30', 'atd_T6W30', 'density_T6W30', 'diameter_T6W30', 'asp_T6W30']",,,,,,,,,,,,,,,pruned,,True,PRUNED
386,2.838103703911204,2026-06-14 06:41:05.871372,2026-06-14 06:41:39.147356,0 days 00:00:33.275984,6,log2,2,3,218,ExtraTreesRegressor,2,True,-0.009192134520614651,-0.005607348230167201,498.0,-0.007399741375390926,0.0017923931452237254,0.0203788036525843,1.9647389829672888,2.827400263197014,2.8488071446253938,498.0,2.838103703911204,0.010703440714189856,0.12169390253627964,1.9647389829672888,929679830141662.6,1029316033899175.4,498.0,979497932020419.0,49818101878756.42,566412184311772.4,1.9647389829672888,8.291022080819126,8.482669776452092,498.0,8.386845928635609,0.09582384781648348,1.08947938407982,1.9647389829672888,2.5271407293143358,2.5540135634637218,498.0,2.5405771463890288,0.013436417074692992,0.15276676664885472,1.9647389829672888,499.0,0.48296593186372744,-0.008056142857054985,-0.0018705451133999157,498.0,-0.00496334398522745,0.0030927988718275345,0.035163904254967744,1.9647389829672888,ExtraTreesRegressor,"{'mode': 'original', 'type': 'ExtraTreesRegressor'}",2,"['atd_T6W30', 'density_T6W30']",0.08632969448490835,0.10634714981090751,498.0,0.09633842214790793,0.010008727662999584,0.11379528894091959,1.9647389829672888,3.4401319666820735,3.4718621383361277,498.0,3.4559970525091006,0.015865085827027225,0.1803797731886719,1.9647389829672888,completed,33.26837611198425,True,COMPLETE
387,2.865369679086711,2026-06-14 06:41:39.160039,2026-06-14 06:42:00.490935,0 days 00:00:21.330896,17,log2,3,2,120,ExtraTreesRegressor,4,True,-0.020006633737812654,-0.014263949786717349,498.0,-0.017135291762265,0.002871341975547653,0.03264602662369889,1.9647389829672888,2.853165819981196,2.8775735381922263,498.0,2.865369679086711,0.012203859105515266,0.13875306830860262,1.9647389829672888,922438842323906.2,1022267283788383.5,498.0,972353063056144.9,49914220732238.69,567505017794006.1,1.9647389829672888,8.51487579438908,8.712206443083097,498.0,8.613541118736089,0.09866532434700871,1.121785852364027,1.9647389829672888,2.5946549854025913,2.635517285456235,498.0,2.6150861354294133,0.020431150026821724,0.23229412358700036,1.9647389829672888,499.0,0.749498997995992,-0.04653701148123775,-0.03639905524014378,498.0,-0.04146803336069076,0.005068978120546987,0.05763228347148083,1.9647389829672888,ExtraTreesRegressor,"{'mode': 'original', 'type': 'ExtraTreesRegressor'}",4,"['l1_T6W30', 'lcc_T6W30', 'atd_T6W30', 'density_T6W30']",0.048698447469387215,0.06819119249241778,498.0,0.0584448199809025,0.009746372511515286,0.1108124142665829,1.9647389829672888,3.5002284056878805,3.5337558203236608,498.0,3.5169921130057706,0.016763707317890238,0.19059674537978352,1.9647389829672888,completed,21.322834014892578,True,COMPLETE
388,2.8391302350768743,2026-06-14 06:42:00.512884,2026-06-14 06:43:09.541082,0 days 00:01:09.028198,6,sqrt,5,11,482,ExtraTreesRegressor,6,False,-0.009828232700267104,-0.0057863058884769815,498.0,-0.007807269294372043,0.0020209634058950612,0.02297755743350202,1.9647389829672888,2.8283439300349285,2.8499165401188202,498.0,2.8391302350768743,0.010786305041945825,0.12263603728480967,1.9647389829672888,924790189786991.5,1023568315598305.0,498.0,974179252692648.2,49389062905656.734,561534180278224.5,1.9647389829672888,8.276112238542728,8.469778461064616,498.0,8.372945349803672,0.09683311126094339,1.1009543116777005,1.9647389829672888,2.5642308494205124,2.5969642764900267,498.0,2.5805975629552695,0.01636671353475729,0.18608308252667483,1.9647389829672888,499.0,0.5410821643286573,-0.010703983293076473,-0.003994582948539494,498.0,-0.007349283120807983,0.003354700172268489,0.038141618821811,1.9647389829672888,ExtraTreesRegressor,"{'mode': 'original', 'type': 'ExtraTreesRegressor'}",6,"['nodes_T6W30', 'l1_T6W30', 'lcc_T6W30', 'atd_T6W30', 'density_T6W30', 'asp_T6W30']",0.07168518918178896,0.09147780500693362,498.0,0.08158149709436129,0.009896307912572335,0.11251712068484568,1.9647389829672888,3.444089232961794,3.475575478724183,498.0,3.4598323558429884,0.015743122881194727,0.17899310256195455,1.9647389829672888,completed,69.0200572013855,False,COMPLETE
389,2.8749825803939433,2026-06-14 06:43:09.553934,2026-06-14 06:44:03.649716,0 days 00:00:54.095782,10,log2,5,10,355,ExtraTreesRegressor,12,True,-0.022718938821033596,-0.018304481229882798,498.0,-0.020511710025458197,0.0022072287955754006,0.025095321504226553,1.9647389829672888,2.863700074261339,2.8862650865265476,498.0,2.8749825803939433,0.011282506132604503,0.12827764812542086,1.9647389829672888,930762099128926.2,1030215934457517.5,498.0,980489016793221.9,49726917664295.58,565375455730398.2,1.9647389829672888,8.36305348397095,8.55583249778421,498.0,8.45944299087758,0.09638950690663123,1.0959107050001986,1.9647389829672888,2.5786043166843706,2.6132612056317983,498.0,2.5959327611580845,0.017328444473713744,0.1970175842702434,1.9647389829672888,499.0,0.7434869739478958,-0.032708784484823776,-0.02544753674787777,498.0,-0.02907816061635077,0.0036306238684730018,0.04127876250205267,1.9647389829672888,ExtraTreesRegressor,"{'mode': 'original', 'type': 'ExtraTreesRegressor'}",12,"['nodes_T6W30', 're_T6W30', 'pe_T6W30', 'l1_T6W30', 'l2_T6W30', 'l3_T6W30', 'lcc_T6W30', 'lsc_T6W30', 'atd_T6W30', 'density_T6W30', 'diameter_T6W30', 'asp_T6W30']",0.011399048029445311,0.03061059247721977,498.0,0.02100482025333254,0.009605772223887228,0.1092138444089017,1.9647389829672888,3.480804584199428,3.5130542714102515,498.0,3.4969294278048397,0.0161248436054119,0.18333311675452899,1.9647389829672888,completed,54.08767580986023,True,COMPLETE
390,2.890366841305288,2026-06-14 06:44:03.662571,2026-06-14 06:45:15.893991,0 days 00:01:12.231420,6,,3,11,462,ExtraTreesRegressor,5,True,-0.029046453181682655,-0.022914470316103074,498.0,-0.025980461748892864,0.0030659914327897924,0.034859114238316245,1.9647389829672888,2.877593698841781,2.903139983768795,498.0,2.890366841305288,0.012773142463506736,0.1452255957259868,1.9647389829672888,912845480555420.9,1011567005131379.1,498.0,962206242843400.0,49360762287979.18,561212413408922.1,1.9647389829672888,8.550243161787488,8.745633199586084,498.0,8.647938180686786,0.09769501889929752,1.1107538618352575,1.9647389829672888,2.5929250797788397,2.6337732214496272,498.0,2.6133491506142335,0.020424070835393732,0.23221363597047803,1.9647389829672888,499.0,0.779559118236473,-0.05633548490856349,-0.04537719838800863,498.0,-0.05085634164828606,0.0054791432602774295,0.06229569945807688,1.9647389829672888,ExtraTreesRegressor,"{'mode': 'original', 'type': 'ExtraTreesRegressor'}",5,"['l1_T6W30', 'l3_T6W30', 'atd_T6W30', 'density_T6W30', 'asp_T6W30']",0.02034195304486417,0.04049415237644777,498.0,0.03041805271065597,0.0100760996657918,0.1145612820603658,1.9647389829672888,3.515473022760184,3.549676303355155,498.0,3.5325746630576695,0.01710164029748546,0.1944389101734032,1.9647389829672888,completed,72.22333598136902,True,COMPLETE
391,2.8829244868863326,2026-06-14 06:45:15.908263,2026-06-14 06:45:16.283719,0 days 00:00:00.375456,20,sqrt,2,12,52,ExtraTreesRegressor,11,False,,,,,,,,,,,,,,,,,,,,,,,,,,,,,,,,,,,,,,,,,,,,,ExtraTreesRegressor,"{'mode': 'original', 'type': 'ExtraTreesRegressor'}",11,"['nodes_T6W30', 're_T6W30', 'pe_T6W30', 'l1_T6W30', 'l2_T6W30', 'l3_T6W30', 'lcc_T6W30', 'atd_T6W30', 'density_T6W30', 'diameter_T6W30', 'asp_T6W30']",,,,,,,,,,,,,,,pruned,,False,PRUNED
392,2.895137105775419,2026-06-14 06:45:16.289401,2026-06-14 06:46:18.469676,0 days 00:01:02.180275,7,,1,12,403,ExtraTreesRegressor,3,True,-0.03093130611051713,-0.024371557828019197,498.0,-0.027651431969268163,0.003279874141248967,0.03729087633916293,1.9647389829672888,2.8818417791574227,2.9084324323934156,498.0,2.895137105775419,0.013295326617996643,0.15116262376204992,1.9647389829672888,906353808426394.2,1004465646795779.5,498.0,955409727611086.9,49055919184692.664,557746467467723.56,1.9647389829672888,8.615370299431222,8.816820281983707,498.0,8.716095290707464,0.10072499127624344,1.145203453604271,1.9647389829672888,2.578757691620236,2.6200638672410577,498.0,2.599410779430647,0.020653087810410614,0.23481746871744785,1.9647389829672888,499.0,0.7935871743486974,-0.06153860243340806,-0.04958812285747838,498.0,-0.05556336264544322,0.005975239787964836,0.06793612145891453,1.9647389829672888,ExtraTreesRegressor,"{'mode': 'original', 'type': 'ExtraTreesRegressor'}",3,"['l3_T6W30', 'density_T6W30', 'asp_T6W30']",0.02354377591174559,0.04490505726586529,498.0,0.03422441658880544,0.01068064067705985,0.12143467509994284,1.9647389829672888,3.522521328721048,3.558302310022558,498.0,3.540411819371803,0.017890490650755157,0.20340782779250532,1.9647389829672888,completed,62.17234826087952,True,COMPLETE
393,2.85378901354855,2026-06-14 06:46:18.483495,2026-06-14 06:47:07.886288,0 days 00:00:49.402793,6,sqrt,3,5,330,ExtraTreesRegressor,7,True,-0.015266396226287256,-0.010751475251626742,498.0,-0.013008935738956999,0.002257460487330257,0.0256664360424277,1.9647389829672888,2.8425922439176423,2.864985783179458,498.0,2.85378901354855,0.011196769630907813,0.127302857891151,1.9647389829672888,919864327257333.8,1018278762398752.0,498.0,969071544828042.9,49207217570709.08,559466670487801.75,1.9647389829672888,8.362457036789372,8.554011741660453,498.0,8.458234389224913,0.09577735243553986,1.0889507499230076,1.9647389829672888,2.553711474177302,2.5876001985137695,498.0,2.570655836345536,0.01694436216823349,0.19265071982944182,1.9647389829672888,499.0,0.6432865731462926,-0.024206145931537623,-0.016398509535372696,498.0,-0.02030232773345516,0.0039038181980824635,0.044384874359792284,1.9647389829672888,ExtraTreesRegressor,"{'mode': 'original', 'type': 'ExtraTreesRegressor'}",7,"['nodes_T6W30', 'l1_T6W30', 'l3_T6W30', 'lcc_T6W30', 'atd_T6W30', 'density_T6W30', 'asp_T6W30']",0.041986315998800164,0.06194932145760375,498.0,0.051967818728201956,0.009981502729401796,0.11348575217566113,1.9647389829672888,3.4656719384747423,3.4978310091983063,498.0,3.4817514738365243,0.01607953536178215,0.18281797988110662,1.9647389829672888,completed,49.394675970077515,True,COMPLETE
394,2.915191530486762,2026-06-14 06:47:07.907483,2026-06-14 06:47:25.385099,0 days 00:00:17.477616,9,sqrt,1,3,87,ExtraTreesRegressor,4,False,-0.03837248556349189,-0.03101773541830907,498.0,-0.03469511049090048,0.003677375072591412,0.041810305267539004,1.9647389829672888,2.90070591911632,2.9296771418572045,498.0,2.915191530486762,0.014485611370442467,0.1646956922885593,1.9647389829672888,909343246659580.2,1008805695759921.2,498.0,959074471209750.8,49731224550170.47,565424423325388.4,1.9647389829672888,8.834567777682294,9.053981866749924,498.0,8.944274822216109,0.1097070445338158,1.2473258591830285,1.9647389829672888,2.5640911269063094,2.6109644529491134,498.0,2.5875277899277114,0.023436663021402192,0.2664656218183223,1.9647389829672888,499.0,0.8597194388777555,-0.09192479476452314,-0.07777572414672762,498.0,-0.08485025945562538,0.0070745353088977605,0.08043467828332217,1.9647389829672888,ExtraTreesRegressor,"{'mode': 'original', 'type': 'ExtraTreesRegressor'}",4,"['l3_T6W30', 'atd_T6W30', 'density_T6W30', 'asp_T6W30']",0.01772690673591063,0.038525682140529365,498.0,0.028126294438219998,0.010399387702309365,0.11823693962298085,1.9647389829672888,3.569492493470507,3.6079583012825425,498.0,3.5887253973765247,0.019232903906017576,0.2186705374399497,1.9647389829672888,completed,17.46963405609131,False,COMPLETE
395,2.833655878612054,2026-06-14 06:47:25.397928,2026-06-14 06:48:32.981133,0 days 00:01:07.583205,4,sqrt,5,4,489,ExtraTreesRegressor,2,False,-0.007224619896734777,-0.004460707849618636,498.0,-0.005842663873176707,0.0013819560235580708,0.01571229533857699,1.9647389829672888,2.823586477363336,2.843725279860772,498.0,2.833655878612054,0.010069401248718125,0.11448512369818319,1.9647389829672888,935413532287410.4,1034867694989520.9,498.0,985140613638465.6,49727081351055.195,565377316784343.6,1.9647389829672888,8.197862587570219,8.378123906564598,498.0,8.287993247067408,0.09013065949718937,1.0247500766590425,1.9647389829672888,2.530802570275105,2.55643604761834,498.0,2.5436193089467225,0.012816738671617462,0.14572126743029631,1.9647389829672888,499.0,0.30060120240480964,0.005263550553542272,0.009182578388069046,498.0,0.007223064470805659,0.0019595139172633876,0.02227890096591088,1.9647389829672888,ExtraTreesRegressor,"{'mode': 'original', 'type': 'ExtraTreesRegressor'}",2,"['atd_T6W30', 'density_T6W30']",0.12240848539080748,0.14322114775358438,498.0,0.13281481657219593,0.010406331181388454,0.11831588424358244,1.9647389829672888,3.4200092902020276,3.450624846302913,498.0,3.4353170682524703,0.01530777805044276,0.17404340341213187,1.9647389829672888,completed,67.57513093948364,False,COMPLETE
396,2.9275692419123525,2026-06-14 06:48:32.994015,2026-06-14 06:48:47.237804,0 days 00:00:14.243789,13,,4,2,62,ExtraTreesRegressor,6,True,-0.04283303392740995,-0.03566851313437225,498.0,-0.0392507735308911,0.0035822603965188467,0.040728888886692474,1.9647389829672888,2.91400296756392,2.941135516260785,498.0,2.9275692419123525,0.013566274348432598,0.15424319267260467,1.9647389829672888,934237674786124.4,1036212416424589.6,498.0,985225045605357.0,50987370819232.62,579706311338829.0,1.9647389829672888,8.651681519850351,8.86103462584663,498.0,8.75635807284849,0.10467655299813991,1.1901311530134004,1.9647389829672888,2.6404274464925463,2.68548591775973,498.0,2.662956682126138,0.022529235633591868,0.25614853004945376,1.9647389829672888,499.0,0.8797595190380761,-0.09037192862622301,-0.07742962265472073,498.0,-0.08390077564047187,0.006471152985751144,0.07357445907102972,1.9647389829672888,ExtraTreesRegressor,"{'mode': 'original', 'type': 'ExtraTreesRegressor'}",6,"['nodes_T6W30', 'l1_T6W30', 'l2_T6W30', 'atd_T6W30', 'density_T6W30', 'asp_T6W30']",0.008942998773497116,0.029014170242371635,498.0,0.018978584507934375,0.010035585734437259,0.11410065462800333,1.9647389829672888,3.5693438177364256,3.6041650439263635,498.0,3.5867544308313946,0.017410613094968747,0.19795180911004565,1.9647389829672888,completed,14.236108779907227,True,COMPLETE
397,2.8464002853300663,2026-06-14 06:48:47.251508,2026-06-14 06:49:15.395809,0 days 00:00:28.144301,15,log2,5,4,174,ExtraTreesRegressor,7,True,-0.012466202044426205,-0.00829361762189415,498.0,-0.010379909833160178,0.0020862922112660277,0.02372032020352291,1.9647389829672888,2.835450902257301,2.8573496684028314,498.0,2.8464002853300663,0.010949383072765348,0.12449017022376728,1.9647389829672888,928645131384646.8,1027756072338356.0,498.0,978200601861501.4,49555470476854.67,563426168779063.6,1.9647389829672888,8.287617942970453,8.476186686330156,498.0,8.381902314650304,0.09428437167985125,1.0719761471365927,1.9647389829672888,2.5824809862095304,2.6170603002411816,498.0,2.599770643225356,0.017289657015825473,0.19657658616076373,1.9647389829672888,499.0,0.5771543086172345,-0.014971661715360006,-0.008140236425774048,498.0,-0.011555949070567027,0.0034157126447929794,0.03883530658849797,1.9647389829672888,ExtraTreesRegressor,"{'mode': 'original', 'type': 'ExtraTreesRegressor'}",7,"['nodes_T6W30', 'l1_T6W30', 'lcc_T6W30', 'atd_T6W30', 'density_T6W30', 'diameter_T6W30', 'asp_T6W30']",0.06132551046529651,0.08078116823550542,498.0,0.07105333935040097,0.00972782888510446,0.11060158054260882,1.9647389829672888,3.451247801330859,3.482758287810146,498.0,3.4670030445705025,0.01575524323964353,0.17913090626070519,1.9647389829672888,completed,28.136430025100708,True,COMPLETE
398,2.8674211607431435,2026-06-14 06:49:15.409540,2026-06-14 06:49:40.734917,0 days 00:00:25.325377,6,log2,5,10,151,ExtraTreesRegressor,12,True,-0.01996239699376153,-0.01569961837733856,498.0,-0.017831007685550047,0.0021313893082114854,0.02423305642236084,1.9647389829672888,2.8562925663727636,2.8785497551135233,498.0,2.8674211607431435,0.01112859437037983,0.12652773204782486,1.9647389829672888,928213750224360.9,1027287656414132.6,498.0,977750703319246.8,49536953094885.836,563215633444051.8,1.9647389829672888,8.33324373672461,8.524939717505122,498.0,8.429091727114866,0.09584799039025563,1.0897538756286644,1.9647389829672888,2.567095705128295,2.600519965729996,498.0,2.5838078354291456,0.01671213030085082,0.19001033502330947,1.9647389829672888,499.0,0.6913827655310621,-0.026679783773560586,-0.01969583665061189,498.0,-0.023187810212086237,0.0034919735614743486,0.039702363155611625,1.9647389829672888,ExtraTreesRegressor,"{'mode': 'original', 'type': 'ExtraTreesRegressor'}",12,"['nodes_T6W30', 're_T6W30', 'pe_T6W30', 'l1_T6W30', 'l2_T6W30', 'l3_T6W30', 'lcc_T6W30', 'lsc_T6W30', 'atd_T6W30', 'density_T6W30', 'diameter_T6W30', 'asp_T6W30']",0.025598204061962157,0.04477323643979282,498.0,0.03518572025087749,0.00958751618891533,0.10900628048624421,1.9647389829672888,3.4709775999640695,3.5028320322726754,498.0,3.4869048161183724,0.015927216154302773,0.18108617052331535,1.9647389829672888,completed,25.317492961883545,True,COMPLETE
399,2.828819586645895,2026-06-14 06:49:40.748650,2026-06-14 06:50:35.891598,0 days 00:00:55.142948,2,,3,7,389,ExtraTreesRegressor,3,False,-0.00612537438651868,-0.0021687499092250965,498.0,-0.004147062147871888,0.001978312238646792,0.022492630471344106,1.9647389829672888,2.818130906257,2.83950826703479,498.0,2.828819586645895,0.010688680388895132,0.12152608345494083,1.9647389829672888,918083535433046.5,1016062348423517.0,498.0,967072941928281.8,48989406495235.2,556990244402225.4,1.9647389829672888,8.265077691334678,8.467421227395612,498.0,8.366249459365145,0.10117176803046628,1.1502831292184674,1.9647389829672888,2.517019332869719,2.549049676830033,498.0,2.533034504849876,0.01601517198015698,0.18208619359858774,1.9647389829672888,499.0,0.41082164328657317,-0.0019433129879472516,0.004829434554047823,498.0,0.0014430607830502858,0.0033863737709975373,0.03850173515632725,1.9647389829672888,ExtraTreesRegressor,"{'mode': 'original', 'type': 'ExtraTreesRegressor'}",3,"['nodes_T6W30', 'atd_T6W30', 'density_T6W30']",0.1239551022425774,0.14518889565727242,498.0,0.13457199894992491,0.010616896707347513,0.12070993128675342,1.9647389829672888,3.4288941345601933,3.460696945786856,498.0,3.4447955401735246,0.015901405613331254,0.18079271484478454,1.9647389829672888,completed,55.13493204116821,False,COMPLETE
400,2.8402217770124905,2026-06-14 06:50:35.905320,2026-06-14 06:51:32.757205,0 days 00:00:56.851885,4,,2,3,392,ExtraTreesRegressor,2,False,-0.010593906707893322,-0.00577287835672464,498.0,-0.008183392532308981,0.0024105141755843417,0.027406596157157733,1.9647389829672888,2.828765606854739,2.851677947170242,498.0,2.8402217770124905,0.011456170157751355,0.1302521396477835,1.9647389829672888,915909038129055.2,1014136326107008.5,498.0,965022682118031.9,49113643988976.62,558402775742234.2,1.9647389829672888,8.323742708846757,8.517713736491968,498.0,8.420728222669362,0.09698551382260616,1.102687068739706,1.9647389829672888,2.5495006510637825,2.584234214573148,498.0,2.5668674328184653,0.017366781754682644,0.19745346404557115,1.9647389829672888,499.0,0.5190380761523046,-0.013389405400343158,-0.004550149475703199,498.0,-0.008969777438023178,0.0044196279623199795,0.05024942809092703,1.9647389829672888,ExtraTreesRegressor,"{'mode': 'original', 'type': 'ExtraTreesRegressor'}",2,"['density_T6W30', 'asp_T6W30']",0.09897819764680164,0.12012477619605065,498.0,0.10955148692142615,0.010573289274624498,0.120214131963026,1.9647389829672888,3.4457959003299568,3.478248278824986,498.0,3.4620220895774714,0.016226189247514684,0.18448537676342336,1.9647389829672888,completed,56.84387278556824,False,COMPLETE
