number,value,datetime_start,datetime_complete,duration,params_et_max_depth,params_et_max_features,params_et_min_samples_leaf,params_et_min_samples_split,params_et_n_estimators,params_regressor,params_rfe_n_features,params_use_scaler,user_attrs_d2mae_ci_lower_val,user_attrs_d2mae_ci_upper_val,user_attrs_d2mae_df_val,user_attrs_d2mae_mean_val,user_attrs_d2mae_samperror_val,user_attrs_d2mae_std_val,user_attrs_d2mae_t_critical_val,user_attrs_mae_ci_lower_val,user_attrs_mae_ci_upper_val,user_attrs_mae_df_val,user_attrs_mae_mean_val,user_attrs_mae_samperror_val,user_attrs_mae_std_val,user_attrs_mae_t_critical_val,user_attrs_mape_ci_lower_val,user_attrs_mape_ci_upper_val,user_attrs_mape_df_val,user_attrs_mape_mean_val,user_attrs_mape_samperror_val,user_attrs_mape_std_val,user_attrs_mape_t_critical_val,user_attrs_max_error_ci_lower_val,user_attrs_max_error_ci_upper_val,user_attrs_max_error_df_val,user_attrs_max_error_mean_val,user_attrs_max_error_samperror_val,user_attrs_max_error_std_val,user_attrs_max_error_t_critical_val,user_attrs_median_ae_ci_lower_val,user_attrs_median_ae_ci_upper_val,user_attrs_median_ae_df_val,user_attrs_median_ae_mean_val,user_attrs_median_ae_samperror_val,user_attrs_median_ae_std_val,user_attrs_median_ae_t_critical_val,user_attrs_n_splits_val,user_attrs_r2_below_zero_val,user_attrs_r2_ci_lower_val,user_attrs_r2_ci_upper_val,user_attrs_r2_df_val,user_attrs_r2_mean_val,user_attrs_r2_samperror_val,user_attrs_r2_std_val,user_attrs_r2_t_critical_val,user_attrs_regressor_final,user_attrs_rfe_estimator,user_attrs_rfe_n_features,user_attrs_rfe_selected_features,user_attrs_rho_ci_lower_val,user_attrs_rho_ci_upper_val,user_attrs_rho_df_val,user_attrs_rho_mean_val,user_attrs_rho_samperror_val,user_attrs_rho_std_val,user_attrs_rho_t_critical_val,user_attrs_rmse_ci_lower_val,user_attrs_rmse_ci_upper_val,user_attrs_rmse_df_val,user_attrs_rmse_mean_val,user_attrs_rmse_samperror_val,user_attrs_rmse_std_val,user_attrs_rmse_t_critical_val,user_attrs_termination_reason,user_attrs_trial_time_seconds,user_attrs_use_scaler_final,state
297,2.96543902690209,2026-06-14 05:55:55.945851,2026-06-14 05:55:58.096473,0 days 00:00:02.150622,15,sqrt,1,6,404,ExtraTreesRegressor,13,True,,,,,,,,,,,,,,,,,,,,,,,,,,,,,,,,,,,,,,,,,,,,,ExtraTreesRegressor,"{'mode': 'original', 'type': 'ExtraTreesRegressor'}",13,"['nodes_T6W30', 'edges_T6W30', 're_T6W30', 'pe_T6W30', 'l1_T6W30', 'l2_T6W30', 'l3_T6W30', 'lcc_T6W30', 'lsc_T6W30', 'atd_T6W30', 'density_T6W30', 'diameter_T6W30', 'asp_T6W30']",,,,,,,,,,,,,,,pruned,,True,PRUNED
298,2.9251153816533386,2026-06-14 05:55:58.102052,2026-06-14 05:56:00.409831,0 days 00:00:02.307779,17,,5,8,367,ExtraTreesRegressor,12,True,,,,,,,,,,,,,,,,,,,,,,,,,,,,,,,,,,,,,,,,,,,,,ExtraTreesRegressor,"{'mode': 'original', 'type': 'ExtraTreesRegressor'}",12,"['nodes_T6W30', 're_T6W30', 'pe_T6W30', 'l1_T6W30', 'l2_T6W30', 'l3_T6W30', 'lcc_T6W30', 'lsc_T6W30', 'atd_T6W30', 'density_T6W30', 'diameter_T6W30', 'asp_T6W30']",,,,,,,,,,,,,,,pruned,,True,PRUNED
299,2.8742673579059987,2026-06-14 05:56:00.415556,2026-06-14 05:56:46.836538,0 days 00:00:46.420982,9,log2,5,3,299,ExtraTreesRegressor,12,False,-0.02246893548926072,-0.018053635819017002,498.0,-0.02026128565413886,0.0022076498351218583,0.025100108557931877,1.9647389829672888,2.863003838259907,2.8855308775520907,498.0,2.8742673579059987,0.011263519646092117,0.12806177925662976,1.9647389829672888,930469643989032.6,1029916282394863.6,498.0,980192963191948.1,49723319202915.55,565334542642714.0,1.9647389829672888,8.362633006106677,8.555929326744913,498.0,8.459281166425795,0.09664816031911892,1.098851492361054,1.9647389829672888,2.5767359202361386,2.611188208703752,498.0,2.5939620644699453,0.017226144233806508,0.19585447086053345,1.9647389829672888,499.0,0.7314629258517034,-0.03221553466273669,-0.024949968239117843,498.0,-0.028582751450927268,0.0036327832118094243,0.04130331338475869,1.9647389829672888,ExtraTreesRegressor,"{'mode': 'original', 'type': 'ExtraTreesRegressor'}",12,"['nodes_T6W30', 're_T6W30', 'pe_T6W30', 'l1_T6W30', 'l2_T6W30', 'l3_T6W30', 'lcc_T6W30', 'lsc_T6W30', 'atd_T6W30', 'density_T6W30', 'diameter_T6W30', 'asp_T6W30']",0.013651815229741467,0.03295626650027338,498.0,0.023304040865007425,0.009652225635265958,0.10974200138830237,1.9647389829672888,3.479967667657052,3.5121809862686786,498.0,3.4960743269628654,0.016106659305813405,0.1831263684347951,1.9647389829672888,completed,46.41297793388367,False,COMPLETE
300,2.8487860145241135,2026-06-14 05:56:46.850026,2026-06-14 05:57:12.403189,0 days 00:00:25.553163,13,sqrt,5,8,162,ExtraTreesRegressor,2,False,-0.01271241663126187,-0.009729493409572066,498.0,-0.011220955020416968,0.0014914616108449021,0.016957330708259083,1.9647389829672888,2.8385904322120425,2.8589815968361845,498.0,2.8487860145241135,0.010195582312071178,0.11591975265868683,1.9647389829672888,940996389782372.0,1040918575667288.8,498.0,990957482724830.4,49961092942458.34,568037936351173.4,1.9647389829672888,8.20392432586441,8.381228392434533,498.0,8.292576359149471,0.08865203328506187,1.00793867937558,1.9647389829672888,2.5562467930172312,2.582309399889775,498.0,2.569278096453503,0.01303130343627187,0.14816078424127438,1.9647389829672888,499.0,0.49899799599198397,-0.005472091371562238,-0.0011810458810496416,498.0,-0.0033265686263059396,0.002145522745256298,0.024393748031364095,1.9647389829672888,ExtraTreesRegressor,"{'mode': 'original', 'type': 'ExtraTreesRegressor'}",2,"['nodes_T6W30', 'lcc_T6W30']",0.06491747322407393,0.08511729726184314,498.0,0.07501738524295853,0.010099912018884603,0.11483201913023094,1.9647389829672888,3.438097448312649,3.4686821613665195,498.0,3.4533898048395844,0.015292356526935348,0.17386806676770278,1.9647389829672888,completed,25.544077157974243,False,COMPLETE
301,2.920852774985508,2026-06-14 05:57:12.419666,2026-06-14 05:57:44.933881,0 days 00:00:32.514215,8,sqrt,2,8,188,ExtraTreesRegressor,11,True,-0.03951216868906329,-0.03405582023786899,498.0,-0.03678399446346614,0.0027281742255971506,0.03101826573128631,1.9647389829672888,2.908537210908895,2.9331683390621213,498.0,2.920852774985508,0.012315564076613262,0.14002310980540802,1.9647389829672888,931153032351871.5,1031333125647813.2,498.0,981243078999842.4,50090046647970.86,569504089160290.9,1.9647389829672888,8.556764342908021,8.759199759960776,498.0,8.657982051434399,0.10121770852637747,1.15080545455115,1.9647389829672888,2.6238060690739724,2.662546630406939,498.0,2.6431763497404557,0.019370280666483265,0.22023245706423444,1.9647389829672888,499.0,0.8957915831663327,-0.07150141852673139,-0.0618587168616575,498.0,-0.06668006769419445,0.004821350832536947,0.054816858800377954,1.9647389829672888,ExtraTreesRegressor,"{'mode': 'original', 'type': 'ExtraTreesRegressor'}",11,"['nodes_T6W30', 're_T6W30', 'pe_T6W30', 'l1_T6W30', 'l2_T6W30', 'l3_T6W30', 'lcc_T6W30', 'atd_T6W30', 'density_T6W30', 'diameter_T6W30', 'asp_T6W30']",-0.026029148596715262,-0.006752558829658964,498.0,-0.016390853713187114,0.00963829488352815,0.1095836142313585,1.9647389829672888,3.5427493246736206,3.576451487419035,498.0,3.5596004060463278,0.01685108137270739,0.19159015394764917,1.9647389829672888,completed,32.505746841430664,True,COMPLETE
302,2.8866896432424367,2026-06-14 05:57:44.947519,2026-06-14 05:57:46.991006,0 days 00:00:02.043487,8,sqrt,2,2,359,ExtraTreesRegressor,9,False,,,,,,,,,,,,,,,,,,,,,,,,,,,,,,,,,,,,,,,,,,,,,ExtraTreesRegressor,"{'mode': 'original', 'type': 'ExtraTreesRegressor'}",9,"['nodes_T6W30', 're_T6W30', 'l1_T6W30', 'l2_T6W30', 'l3_T6W30', 'atd_T6W30', 'density_T6W30', 'diameter_T6W30', 'asp_T6W30']",,,,,,,,,,,,,,,pruned,,False,PRUNED
303,2.8467926079184265,2026-06-14 05:57:46.996618,2026-06-14 05:58:44.672807,0 days 00:00:57.676189,3,log2,2,5,388,ExtraTreesRegressor,8,False,-0.012604738164948392,-0.008464302013046685,498.0,-0.010534520088997539,0.002070218075950854,0.0235375636200435,1.9647389829672888,2.835956722667811,2.857628493169042,498.0,2.8467926079184265,0.010835885250615586,0.12319974471709239,1.9647389829672888,920357696746581.4,1018552154492432.1,498.0,969454925619506.8,49097228872925.37,558216142342171.2,1.9647389829672888,8.24201778366112,8.430815612183531,498.0,8.336416697922326,0.09439891426120559,1.0732784511436686,1.9647389829672888,2.5384912111402214,2.5718914938110995,498.0,2.5551913524756604,0.01670014133543922,0.1898740252116079,1.9647389829672888,499.0,0.5410821643286573,-0.0137590885342632,-0.006611198771327103,498.0,-0.010185143652795152,0.0035739448814680486,0.04063434475783219,1.9647389829672888,ExtraTreesRegressor,"{'mode': 'original', 'type': 'ExtraTreesRegressor'}",8,"['nodes_T6W30', 'l1_T6W30', 'l3_T6W30', 'lcc_T6W30', 'atd_T6W30', 'density_T6W30', 'diameter_T6W30', 'asp_T6W30']",0.08351816283935087,0.10333874940218915,498.0,0.09342845612077001,0.009910293281419139,0.11267612881679342,1.9647389829672888,3.4488056505692772,3.480227515415391,498.0,3.464516582992334,0.01571093242305689,0.17862710973966228,1.9647389829672888,completed,57.66827368736267,False,COMPLETE
304,2.847663043833555,2026-06-14 05:58:44.686173,2026-06-14 05:59:03.201807,0 days 00:00:18.515634,9,sqrt,4,10,101,ExtraTreesRegressor,5,False,-0.01315671882637056,-0.00854764746057169,498.0,-0.010852183143471125,0.002304535682899434,0.026201662463019446,1.9647389829672888,2.8365011590488027,2.858824928618307,498.0,2.847663043833555,0.01116188478475216,0.1269062309389943,1.9647389829672888,922763843281192.9,1021801816520231.6,498.0,972282829900712.2,49518986619519.37,563011361699988.2,1.9647389829672888,8.372960039612112,8.57289454240559,498.0,8.472927291008851,0.09996725139673986,1.1365882498107922,1.9647389829672888,2.583038225433924,2.618253975755131,498.0,2.6006461005945276,0.017607875160603442,0.20019460105241876,1.9647389829672888,499.0,0.6492985971943888,-0.025964424860489707,-0.017844460094573883,498.0,-0.021904442477531795,0.004059982382957911,0.04616039959521455,1.9647389829672888,ExtraTreesRegressor,"{'mode': 'original', 'type': 'ExtraTreesRegressor'}",5,"['nodes_T6W30', 'l1_T6W30', 'lcc_T6W30', 'atd_T6W30', 'density_T6W30']",0.05167703883730826,0.07145972079172369,498.0,0.061568379814515975,0.009891340977207716,0.11246064858729254,1.9647389829672888,3.4682745631012906,3.500401373931419,498.0,3.4843379685163547,0.016063405415063917,0.1826345887439706,1.9647389829672888,completed,18.507872104644775,False,COMPLETE
305,2.8690359290467566,2026-06-14 05:59:03.214587,2026-06-14 05:59:31.738720,0 days 00:00:28.524133,7,sqrt,5,9,171,ExtraTreesRegressor,13,False,-0.020541927689635496,-0.016257857799106816,498.0,-0.018399892744371156,0.002142034945264339,0.024354093120049006,1.9647389829672888,2.8578663057003855,2.880205552393128,498.0,2.8690359290467566,0.011169623346371069,0.12699421533471988,1.9647389829672888,929743756505905.9,1028920554231731.4,498.0,979332155368818.6,49588398862912.766,563800551550981.0,1.9647389829672888,8.344096528386796,8.535469716993926,498.0,8.439783122690361,0.095686594303566,1.0879188657315848,1.9647389829672888,2.5715544702153146,2.6059952401182205,498.0,2.5887748551667675,0.01722038495145283,0.1957889900899904,1.9647389829672888,499.0,0.7074148296593187,-0.028463223450302253,-0.021403582073542243,498.0,-0.024933402761922248,0.003529820688380004,0.04013267007241727,1.9647389829672888,ExtraTreesRegressor,"{'mode': 'original', 'type': 'ExtraTreesRegressor'}",13,"['nodes_T6W30', 'edges_T6W30', 're_T6W30', 'pe_T6W30', 'l1_T6W30', 'l2_T6W30', 'l3_T6W30', 'lcc_T6W30', 'lsc_T6W30', 'atd_T6W30', 'density_T6W30', 'diameter_T6W30', 'asp_T6W30']",0.020943458545271305,0.040272986696402994,498.0,0.03060822262083715,0.009664764075565845,0.10988455851292758,1.9647389829672888,3.4738486541115883,3.506073835947091,498.0,3.4899612450293396,0.016112590917751485,0.18319380852479525,1.9647389829672888,completed,28.516263961791992,False,COMPLETE
306,2.8967167311393363,2026-06-14 05:59:31.751460,2026-06-14 05:59:33.577340,0 days 00:00:01.825880,13,log2,2,9,320,ExtraTreesRegressor,10,True,,,,,,,,,,,,,,,,,,,,,,,,,,,,,,,,,,,,,,,,,,,,,ExtraTreesRegressor,"{'mode': 'original', 'type': 'ExtraTreesRegressor'}",10,"['nodes_T6W30', 're_T6W30', 'l1_T6W30', 'l2_T6W30', 'l3_T6W30', 'lcc_T6W30', 'atd_T6W30', 'density_T6W30', 'diameter_T6W30', 'asp_T6W30']",,,,,,,,,,,,,,,pruned,,True,PRUNED
307,2.867991969999836,2026-06-14 05:59:33.582862,2026-06-14 06:00:04.452283,0 days 00:00:30.869421,7,sqrt,5,8,191,ExtraTreesRegressor,13,True,-0.020134927585004896,-0.01592228310841865,498.0,-0.018028605346711774,0.0021063222382931234,0.023948053716691522,1.9647389829672888,2.8568747333980786,2.8791092066015933,498.0,2.867991969999836,0.011117236601757426,0.12639859869485248,1.9647389829672888,930311436601268.4,1029512425090966.1,498.0,979911930846117.2,49600494244848.85,563938071276625.6,1.9647389829672888,8.333696092088246,8.523898394595829,498.0,8.428797243342038,0.09510115125379182,1.0812626089874042,1.9647389829672888,2.571019339603087,2.605183503761269,498.0,2.588101421682178,0.01708208207909079,0.19421654093843854,1.9647389829672888,499.0,0.7014028056112225,-0.027041534622487352,-0.020136693947804235,498.0,-0.023589114285145794,0.003452420337341558,0.03925265858573157,1.9647389829672888,ExtraTreesRegressor,"{'mode': 'original', 'type': 'ExtraTreesRegressor'}",13,"['nodes_T6W30', 'edges_T6W30', 're_T6W30', 'pe_T6W30', 'l1_T6W30', 'l2_T6W30', 'l3_T6W30', 'lcc_T6W30', 'lsc_T6W30', 'atd_T6W30', 'density_T6W30', 'diameter_T6W30', 'asp_T6W30']",0.021446085666463763,0.040834447467277886,498.0,0.031140266566870824,0.00969418090040706,0.1102190162177671,1.9647389829672888,3.4716445764620443,3.5037418229291997,498.0,3.487693199695622,0.016048623233577596,0.18246652116634712,1.9647389829672888,completed,30.861724138259888,True,COMPLETE
308,2.8996297830622573,2026-06-14 06:00:04.465914,2026-06-14 06:00:32.405694,0 days 00:00:27.939780,13,,4,9,141,ExtraTreesRegressor,5,False,-0.0325958190757465,-0.025917974734006623,498.0,-0.02925689690487656,0.003338922170869939,0.03796222916425286,1.9647389829672888,2.8862651321731576,2.912994433951357,498.0,2.8996297830622573,0.013364650889099617,0.15195081340277167,1.9647389829672888,907374618439617.4,1005727841106109.9,498.0,956551229772863.6,49176611333246.23,559118689630219.4,1.9647389829672888,8.678842184006635,8.874040305322703,498.0,8.77644124466467,0.09759906065803334,1.109662854450644,1.9647389829672888,2.6022337964883624,2.64270828428777,498.0,2.622471040388066,0.020237243899703817,0.23008948734293816,1.9647389829672888,499.0,0.8096192384769539,-0.06539149614848457,-0.053754881690154376,498.0,-0.05957318891931947,0.005818307229165094,0.06615186011480055,1.9647389829672888,ExtraTreesRegressor,"{'mode': 'original', 'type': 'ExtraTreesRegressor'}",5,"['l1_T6W30', 'l2_T6W30', 'l3_T6W30', 'atd_T6W30', 'density_T6W30']",0.03272973849011232,0.053077160075342814,498.0,0.04290344928272757,0.010173710792615243,0.1156710821023617,1.9647389829672888,3.529474772402763,3.565012188260043,498.0,3.547243480331403,0.017768707928640128,0.20202320623842673,1.9647389829672888,completed,27.93174695968628,False,COMPLETE
309,2.856660858129718,2026-06-14 06:00:32.419335,2026-06-14 06:01:08.314973,0 days 00:00:35.895638,17,sqrt,4,4,229,ExtraTreesRegressor,7,False,-0.01627090991675126,-0.01178757780318228,498.0,-0.01402924385996677,0.0022416660567844897,0.02548685959194067,1.9647389829672888,2.845485937045655,2.8678357792137814,498.0,2.856660858129718,0.011174921084063167,0.12705444852436237,1.9647389829672888,927400045860958.5,1026659706900999.0,498.0,977029876380978.8,49629830520020.27,564271613163465.4,1.9647389829672888,8.342051810776066,8.533349947184647,498.0,8.437700878980356,0.09564906820428959,1.087492208772402,1.9647389829672888,2.596888642361356,2.632184469033902,498.0,2.614536555697629,0.01764791333627294,0.20064981933014464,1.9647389829672888,499.0,0.6673346693386774,-0.025120326307771175,-0.01751686050472153,498.0,-0.021318593406246353,0.003801732901524822,0.043224204771254916,1.9647389829672888,ExtraTreesRegressor,"{'mode': 'original', 'type': 'ExtraTreesRegressor'}",7,"['nodes_T6W30', 'l1_T6W30', 'lcc_T6W30', 'atd_T6W30', 'density_T6W30', 'diameter_T6W30', 'asp_T6W30']",0.04399849498701491,0.06343273222969578,498.0,0.05371561360835535,0.009717118621340434,0.11047980906468499,1.9647389829672888,3.4675447495535012,3.4994215049928075,498.0,3.4834831272731543,0.015938377719653223,0.18121307312241222,1.9647389829672888,completed,35.88768529891968,False,COMPLETE
310,2.9168772694320797,2026-06-14 06:01:08.328552,2026-06-14 06:02:20.870926,0 days 00:01:12.542374,10,sqrt,3,4,462,ExtraTreesRegressor,9,False,-0.03829178266941156,-0.03254481619493119,498.0,-0.035418299432171375,0.0028734832372401846,0.03267037192524012,1.9647389829672888,2.9045305393893384,2.929223999474821,498.0,2.9168772694320797,0.012346730042741507,0.14037745455731865,1.9647389829672888,931089069225988.1,1031446501162251.9,498.0,981267785194120.0,50178715968131.87,570512224384632.9,1.9647389829672888,8.529799700458474,8.733120845877801,498.0,8.631460273168138,0.1016605727096627,1.1558406457757877,1.9647389829672888,2.6329345550688648,2.6763334964695846,498.0,2.6546340257692247,0.021699470700360098,0.24671442978122307,1.9647389829672888,499.0,0.8837675350701403,-0.07225330934024254,-0.06218147530348039,498.0,-0.06721739232186147,0.00503591701838108,0.05725639176972309,1.9647389829672888,ExtraTreesRegressor,"{'mode': 'original', 'type': 'ExtraTreesRegressor'}",9,"['nodes_T6W30', 're_T6W30', 'l1_T6W30', 'l2_T6W30', 'lcc_T6W30', 'atd_T6W30', 'density_T6W30', 'diameter_T6W30', 'asp_T6W30']",-0.010793689589380038,0.008794458670763687,498.0,-0.0009996154593081754,0.009794074130071863,0.11135476286965881,1.9647389829672888,3.5434498865278012,3.5770414904286296,498.0,3.5602456884782154,0.016795801950414364,0.1909616487026142,1.9647389829672888,completed,72.53423500061035,False,COMPLETE
311,2.8315266537165678,2026-06-14 06:02:20.884588,2026-06-14 06:03:14.102228,0 days 00:00:53.217640,3,sqrt,5,4,372,ExtraTreesRegressor,4,True,-0.0070182726225944255,-0.003186832331327866,498.0,-0.005102552476961146,0.0019157201456332798,0.021780983042248722,1.9647389829672888,2.820885080267159,2.8421682271659767,498.0,2.8315266537165678,0.010641573449409122,0.12099049611852543,1.9647389829672888,922871542996860.6,1021338964342565.6,498.0,972105253669713.1,49233710672852.555,559767886617850.3,1.9647389829672888,8.268366820311805,8.465758278572018,498.0,8.367062549441911,0.09869572913010649,1.1221315427648746,1.9647389829672888,2.525226118712623,2.5558861757956075,498.0,2.540556147254115,0.01533002854149256,0.17429638272612097,1.9647389829672888,499.0,0.4168336673346693,-0.0033222532050425995,0.003002033281109887,498.0,-0.00016010996196635618,0.0031621432430762432,0.03595232242642474,1.9647389829672888,ExtraTreesRegressor,"{'mode': 'original', 'type': 'ExtraTreesRegressor'}",4,"['nodes_T6W30', 'lcc_T6W30', 'atd_T6W30', 'density_T6W30']",0.10376184432484788,0.12407098544197552,498.0,0.1139164148834117,0.010154570558563822,0.11545346518464594,1.9647389829672888,3.431836856942542,3.4635215225147413,498.0,3.4476791897286416,0.015842332786099592,0.18012108008063415,1.9647389829672888,completed,53.20962905883789,True,COMPLETE
312,2.9505197039936246,2026-06-14 06:03:14.115900,2026-06-14 06:03:14.706279,0 days 00:00:00.590379,10,,4,10,78,ExtraTreesRegressor,12,True,,,,,,,,,,,,,,,,,,,,,,,,,,,,,,,,,,,,,,,,,,,,,ExtraTreesRegressor,"{'mode': 'original', 'type': 'ExtraTreesRegressor'}",12,"['nodes_T6W30', 're_T6W30', 'pe_T6W30', 'l1_T6W30', 'l2_T6W30', 'l3_T6W30', 'lcc_T6W30', 'lsc_T6W30', 'atd_T6W30', 'density_T6W30', 'diameter_T6W30', 'asp_T6W30']",,,,,,,,,,,,,,,pruned,,True,PRUNED
313,2.8380178968057233,2026-06-14 06:03:14.711766,2026-06-14 06:04:20.651434,0 days 00:01:05.939668,12,sqrt,4,4,470,ExtraTreesRegressor,2,False,-0.008946788397278953,-0.005883922728726067,498.0,-0.00741535556300251,0.0015314328342764436,0.017411787765426238,1.9647389829672888,2.8279147390895205,2.848121054521926,498.0,2.8380178968057233,0.01010315771620261,0.11486892142955941,1.9647389829672888,933811781419942.9,1033218582364267.4,498.0,983515181892105.1,49703400472162.28,565108074524315.4,1.9647389829672888,8.214836986631436,8.394729466905687,498.0,8.304783226768562,0.08994624013712586,1.0226533012175136,1.9647389829672888,2.5464987691673313,2.571490726533286,498.0,2.5589947478503086,0.012495978682977393,0.14207435277570737,1.9647389829672888,499.0,0.3907815631262525,-0.0006015239792821632,0.004096776119968731,498.0,0.0017476260703432837,0.002349150049625447,0.026708910229513397,1.9647389829672888,ExtraTreesRegressor,"{'mode': 'original', 'type': 'ExtraTreesRegressor'}",2,"['lcc_T6W30', 'density_T6W30']",0.09152368744904735,0.11173114649931651,498.0,0.10162741697418193,0.010103729525134579,0.11487542267175757,1.9647389829672888,3.429279964763701,3.459830568328912,498.0,3.4445552665463066,0.015275301782605647,0.17367416104620068,1.9647389829672888,completed,65.93179297447205,False,COMPLETE
