number,value,datetime_start,datetime_complete,duration,params_et_max_depth,params_et_max_features,params_et_min_samples_leaf,params_et_min_samples_split,params_et_n_estimators,params_regressor,params_rfe_n_features,params_use_scaler,user_attrs_d2mae_ci_lower_val,user_attrs_d2mae_ci_upper_val,user_attrs_d2mae_df_val,user_attrs_d2mae_mean_val,user_attrs_d2mae_samperror_val,user_attrs_d2mae_std_val,user_attrs_d2mae_t_critical_val,user_attrs_mae_ci_lower_val,user_attrs_mae_ci_upper_val,user_attrs_mae_df_val,user_attrs_mae_mean_val,user_attrs_mae_samperror_val,user_attrs_mae_std_val,user_attrs_mae_t_critical_val,user_attrs_mape_ci_lower_val,user_attrs_mape_ci_upper_val,user_attrs_mape_df_val,user_attrs_mape_mean_val,user_attrs_mape_samperror_val,user_attrs_mape_std_val,user_attrs_mape_t_critical_val,user_attrs_max_error_ci_lower_val,user_attrs_max_error_ci_upper_val,user_attrs_max_error_df_val,user_attrs_max_error_mean_val,user_attrs_max_error_samperror_val,user_attrs_max_error_std_val,user_attrs_max_error_t_critical_val,user_attrs_median_ae_ci_lower_val,user_attrs_median_ae_ci_upper_val,user_attrs_median_ae_df_val,user_attrs_median_ae_mean_val,user_attrs_median_ae_samperror_val,user_attrs_median_ae_std_val,user_attrs_median_ae_t_critical_val,user_attrs_n_splits_val,user_attrs_r2_below_zero_val,user_attrs_r2_ci_lower_val,user_attrs_r2_ci_upper_val,user_attrs_r2_df_val,user_attrs_r2_mean_val,user_attrs_r2_samperror_val,user_attrs_r2_std_val,user_attrs_r2_t_critical_val,user_attrs_regressor_final,user_attrs_rfe_estimator,user_attrs_rfe_n_features,user_attrs_rfe_selected_features,user_attrs_rho_ci_lower_val,user_attrs_rho_ci_upper_val,user_attrs_rho_df_val,user_attrs_rho_mean_val,user_attrs_rho_samperror_val,user_attrs_rho_std_val,user_attrs_rho_t_critical_val,user_attrs_rmse_ci_lower_val,user_attrs_rmse_ci_upper_val,user_attrs_rmse_df_val,user_attrs_rmse_mean_val,user_attrs_rmse_samperror_val,user_attrs_rmse_std_val,user_attrs_rmse_t_critical_val,user_attrs_termination_reason,user_attrs_trial_time_seconds,user_attrs_use_scaler_final,state
493,2.938090487048291,2026-06-14 07:35:54.331032,2026-06-14 07:37:14.121023,0 days 00:01:19.789991,10,sqrt,2,7,483,ExtraTreesRegressor,11,True,-0.04583340827872096,-0.03998645806387136,498.0,-0.04290993317129616,0.0029234751074248026,0.03323875978670488,1.9647389829672888,2.9254168360368302,2.9507641380597516,498.0,2.938090487048291,0.012673651011460485,0.14409441712727153,1.9647389829672888,934722515546086.4,1035562502519961.6,498.0,985142509033024.0,50419993486937.59,573255454682420.6,1.9647389829672888,8.625567160718042,8.829217304963784,498.0,8.727392232840913,0.10182507212287023,1.1577109392723093,1.9647389829672888,2.6481637819343655,2.690677059781734,498.0,2.66942042085805,0.021256638923684422,0.24167960700696378,1.9647389829672888,499.0,0.9278557114228457,-0.0857588717872103,-0.0754435088711063,498.0,-0.0806011903291583,0.005157681458052002,0.05864080545961752,1.9647389829672888,ExtraTreesRegressor,"{'mode': 'original', 'type': 'ExtraTreesRegressor'}",11,"['nodes_T6W30', 're_T6W30', 'pe_T6W30', 'l1_T6W30', 'l2_T6W30', 'l3_T6W30', 'lcc_T6W30', 'atd_T6W30', 'density_T6W30', 'diameter_T6W30', 'asp_T6W30']",-0.04009263683984219,-0.02049271089396114,498.0,-0.030292673866901664,0.009799962972940527,0.1114217166921956,1.9647389829672888,3.565464443524581,3.59968503244854,498.0,3.5825747379865605,0.017110294461979644,0.19453730461296806,1.9647389829672888,completed,79.78083610534668,True,COMPLETE
494,2.9192464802298455,2026-06-14 07:37:14.136822,2026-06-14 07:37:16.787260,0 days 00:00:02.650438,8,,5,10,432,ExtraTreesRegressor,12,False,,,,,,,,,,,,,,,,,,,,,,,,,,,,,,,,,,,,,,,,,,,,,ExtraTreesRegressor,"{'mode': 'original', 'type': 'ExtraTreesRegressor'}",12,"['nodes_T6W30', 're_T6W30', 'pe_T6W30', 'l1_T6W30', 'l2_T6W30', 'l3_T6W30', 'lcc_T6W30', 'lsc_T6W30', 'atd_T6W30', 'density_T6W30', 'diameter_T6W30', 'asp_T6W30']",,,,,,,,,,,,,,,pruned,,False,PRUNED
495,2.8918665004841917,2026-06-14 07:37:16.793084,2026-06-14 07:37:55.137681,0 days 00:00:38.344597,14,log2,4,6,231,ExtraTreesRegressor,10,True,-0.029026185600195525,-0.023980514249624194,498.0,-0.02650334992490986,0.0025228356752856665,0.028683647341199946,1.9647389829672888,2.8800193994950996,2.903713601473284,498.0,2.8918665004841917,0.011847100989092021,0.1346968691285128,1.9647389829672888,927023736017661.2,1026627976584939.0,498.0,976825856301300.1,49802120283638.89,566230479873868.8,1.9647389829672888,8.467823208037913,8.663984618830128,498.0,8.56590391343402,0.09808070539610765,1.1151389652992445,1.9647389829672888,2.6080727705652307,2.646638414731679,498.0,2.627355592648455,0.01928282208322429,0.21923808744129922,1.9647389829672888,499.0,0.8216432865731463,-0.049936276260525,-0.04129310057866294,498.0,-0.04561468841959397,0.004321587840931028,0.049134750549794395,1.9647389829672888,ExtraTreesRegressor,"{'mode': 'original', 'type': 'ExtraTreesRegressor'}",10,"['nodes_T6W30', 're_T6W30', 'l1_T6W30', 'l2_T6W30', 'l3_T6W30', 'lcc_T6W30', 'atd_T6W30', 'density_T6W30', 'diameter_T6W30', 'asp_T6W30']",-0.004998883482785498,0.014528829525760633,498.0,0.004764973021487567,0.009763856504273066,0.11101120037353909,1.9647389829672888,3.507986238582211,3.541273333595577,498.0,3.524629786088894,0.016643547506683058,0.18923057568311408,1.9647389829672888,completed,38.33664608001709,True,COMPLETE
496,2.9005544790177624,2026-06-14 07:37:55.151942,2026-06-14 07:38:25.974821,0 days 00:00:30.822879,16,sqrt,2,7,181,ExtraTreesRegressor,7,True,-0.03244904275554182,-0.026756826942367713,498.0,-0.02960293484895477,0.002846107906587056,0.03235912520473615,1.9647389829672888,2.888200907433595,2.91290805060193,498.0,2.9005544790177624,0.012353571584167711,0.14045524018698208,1.9647389829672888,930132587389005.8,1030713397391480.8,498.0,980422992390243.2,50290405001237.56,571782084672747.2,1.9647389829672888,8.568970676474612,8.764483454565115,498.0,8.666727065519863,0.09775638904525101,1.1114516162078678,1.9647389829672888,2.607219163076473,2.648340086303743,498.0,2.627779624690108,0.020560461613634923,0.23376434536546034,1.9647389829672888,499.0,0.8236472945891784,-0.06289202596788109,-0.052734831894718975,498.0,-0.05781342893130003,0.005078597036581056,0.05774164675583132,1.9647389829672888,ExtraTreesRegressor,"{'mode': 'original', 'type': 'ExtraTreesRegressor'}",7,"['nodes_T6W30', 'l1_T6W30', 'l3_T6W30', 'atd_T6W30', 'density_T6W30', 'diameter_T6W30', 'asp_T6W30']",0.002592649988926653,0.022659105988731394,498.0,0.012625877988829023,0.01003322799990237,0.11407384811555965,1.9647389829672888,3.5276651295894195,3.5614174936124896,498.0,3.5445413116009545,0.016876182011534978,0.19187553831858636,1.9647389829672888,completed,30.814985990524292,True,COMPLETE
497,2.83499374842963,2026-06-14 07:38:25.989159,2026-06-14 07:39:09.583129,0 days 00:00:43.593970,15,log2,3,4,286,ExtraTreesRegressor,2,False,-0.007985764767306135,-0.004649031655998968,498.0,-0.0063173982116525515,0.0016683665556535832,0.018968670209882417,1.9647389829672888,2.824581664170181,2.8454058326890794,498.0,2.83499374842963,0.010412084259449417,0.11838129447376257,1.9647389829672888,934260903010238.4,1034272508189585.1,498.0,984266705599911.8,50005802589673.375,568546267419276.0,1.9647389829672888,8.262751311081592,8.451522345907977,498.0,8.357136828494784,0.09438551741319251,1.0731261342616556,1.9647389829672888,2.532255610953739,2.5594389976182783,498.0,2.5458473042860086,0.013591693332269854,0.15453219650083733,1.9647389829672888,499.0,0.44488977955911824,-0.003946345678310324,0.0014703705744767215,498.0,-0.0012379875519168014,0.002708358126393523,0.030792964493158406,1.9647389829672888,ExtraTreesRegressor,"{'mode': 'original', 'type': 'ExtraTreesRegressor'}",2,"['atd_T6W30', 'density_T6W30']",0.0897265693940553,0.10993176345715538,498.0,0.09982916642560534,0.010102597031550038,0.1148625466660338,1.9647389829672888,3.434064908066657,3.4653394039229934,498.0,3.4497021559948253,0.015637247928167945,0.17778934607292263,1.9647389829672888,completed,43.58521389961243,False,COMPLETE
498,3.014723887214232,2026-06-14 07:39:09.600816,2026-06-14 07:39:12.287585,0 days 00:00:02.686769,17,,1,8,349,ExtraTreesRegressor,11,True,,,,,,,,,,,,,,,,,,,,,,,,,,,,,,,,,,,,,,,,,,,,,ExtraTreesRegressor,"{'mode': 'original', 'type': 'ExtraTreesRegressor'}",11,"['nodes_T6W30', 're_T6W30', 'pe_T6W30', 'l1_T6W30', 'l2_T6W30', 'l3_T6W30', 'lsc_T6W30', 'atd_T6W30', 'density_T6W30', 'diameter_T6W30', 'asp_T6W30']",,,,,,,,,,,,,,,pruned,,True,PRUNED
499,2.9086446990218504,2026-06-14 07:39:12.294017,2026-06-14 07:39:13.758922,0 days 00:00:01.464905,14,,5,2,204,ExtraTreesRegressor,9,True,,,,,,,,,,,,,,,,,,,,,,,,,,,,,,,,,,,,,,,,,,,,,ExtraTreesRegressor,"{'mode': 'original', 'type': 'ExtraTreesRegressor'}",9,"['nodes_T6W30', 're_T6W30', 'l1_T6W30', 'l2_T6W30', 'l3_T6W30', 'lcc_T6W30', 'atd_T6W30', 'density_T6W30', 'asp_T6W30']",,,,,,,,,,,,,,,pruned,,True,PRUNED
