number,value,datetime_start,datetime_complete,duration,params_et_max_depth,params_et_max_features,params_et_min_samples_leaf,params_et_min_samples_split,params_et_n_estimators,params_regressor,params_rfe_n_features,params_use_scaler,user_attrs_d2mae_ci_lower_val,user_attrs_d2mae_ci_upper_val,user_attrs_d2mae_df_val,user_attrs_d2mae_mean_val,user_attrs_d2mae_samperror_val,user_attrs_d2mae_std_val,user_attrs_d2mae_t_critical_val,user_attrs_mae_ci_lower_val,user_attrs_mae_ci_upper_val,user_attrs_mae_df_val,user_attrs_mae_mean_val,user_attrs_mae_samperror_val,user_attrs_mae_std_val,user_attrs_mae_t_critical_val,user_attrs_mape_ci_lower_val,user_attrs_mape_ci_upper_val,user_attrs_mape_df_val,user_attrs_mape_mean_val,user_attrs_mape_samperror_val,user_attrs_mape_std_val,user_attrs_mape_t_critical_val,user_attrs_max_error_ci_lower_val,user_attrs_max_error_ci_upper_val,user_attrs_max_error_df_val,user_attrs_max_error_mean_val,user_attrs_max_error_samperror_val,user_attrs_max_error_std_val,user_attrs_max_error_t_critical_val,user_attrs_median_ae_ci_lower_val,user_attrs_median_ae_ci_upper_val,user_attrs_median_ae_df_val,user_attrs_median_ae_mean_val,user_attrs_median_ae_samperror_val,user_attrs_median_ae_std_val,user_attrs_median_ae_t_critical_val,user_attrs_n_splits_val,user_attrs_r2_below_zero_val,user_attrs_r2_ci_lower_val,user_attrs_r2_ci_upper_val,user_attrs_r2_df_val,user_attrs_r2_mean_val,user_attrs_r2_samperror_val,user_attrs_r2_std_val,user_attrs_r2_t_critical_val,user_attrs_regressor_final,user_attrs_rfe_estimator,user_attrs_rfe_n_features,user_attrs_rfe_selected_features,user_attrs_rho_ci_lower_val,user_attrs_rho_ci_upper_val,user_attrs_rho_df_val,user_attrs_rho_mean_val,user_attrs_rho_samperror_val,user_attrs_rho_std_val,user_attrs_rho_t_critical_val,user_attrs_rmse_ci_lower_val,user_attrs_rmse_ci_upper_val,user_attrs_rmse_df_val,user_attrs_rmse_mean_val,user_attrs_rmse_samperror_val,user_attrs_rmse_std_val,user_attrs_rmse_t_critical_val,user_attrs_termination_reason,user_attrs_trial_time_seconds,user_attrs_use_scaler_final,state
264,2.8976007796637977,2026-06-14 05:35:02.784791,2026-06-14 05:36:06.293700,0 days 00:01:03.508909,14,sqrt,2,2,402,ExtraTreesRegressor,7,True,-0.03137474587505831,-0.025739198521958422,498.0,-0.028556972198508366,0.0028177736765499437,0.0320369761761527,1.9647389829672888,2.8853081813207595,2.909893378006836,498.0,2.8976007796637977,0.012292598343038103,0.13976199846579324,1.9647389829672888,926351711081213.9,1026229584352082.1,498.0,976290647716648.0,49938936635434.18,567786027872436.4,1.9647389829672888,8.580502034387068,8.779331215831528,498.0,8.679916625109298,0.0994145907222299,1.130304715753348,1.9647389829672888,2.6141234900291788,2.653406926135639,498.0,2.633765208082409,0.019641718053230436,0.22331859317406696,1.9647389829672888,499.0,0.8356713426853707,-0.06135092396075155,-0.051394665978340914,498.0,-0.05637279496954623,0.0049781289912053175,0.056599364675849625,1.9647389829672888,ExtraTreesRegressor,"{'mode': 'original', 'type': 'ExtraTreesRegressor'}",7,"['nodes_T6W30', 'l1_T6W30', 'l2_T6W30', 'l3_T6W30', 'atd_T6W30', 'density_T6W30', 'asp_T6W30']",0.006883752287988312,0.02640567399440704,498.0,0.016644713141197677,0.009760960853209365,0.11097827796216367,1.9647389829672888,3.5253382691309514,3.5591128481389656,498.0,3.5422255586349585,0.01688728950400703,0.19200182613036682,1.9647389829672888,completed,63.500571966171265,True,COMPLETE
265,2.839918220255289,2026-06-14 05:36:06.307282,2026-06-14 05:36:39.021497,0 days 00:00:32.714215,2,log2,3,10,216,ExtraTreesRegressor,9,False,-0.009739465591948082,-0.006409911235992933,498.0,-0.008074688413970507,0.0016647771779775746,0.018927860400332952,1.9647389829672888,2.829552375478478,2.8502840650321,498.0,2.839918220255289,0.010365844776810698,0.11785556977982331,1.9647389829672888,929431656313346.9,1028201652454672.4,498.0,978816654384009.6,49384998070662.74,561487964706354.3,1.9647389829672888,8.201413155045731,8.382411744006081,498.0,8.291912449525906,0.09049929448017491,1.028941311131097,1.9647389829672888,2.551740251507328,2.58347008699207,498.0,2.567605169249699,0.015864917742371008,0.18037786213237536,1.9647389829672888,499.0,0.4148296593186373,-0.0014825792001291577,0.0036614200375753884,498.0,0.0010894204187231152,0.002571999618852273,0.029242622003316027,1.9647389829672888,ExtraTreesRegressor,"{'mode': 'original', 'type': 'ExtraTreesRegressor'}",9,"['nodes_T6W30', 're_T6W30', 'pe_T6W30', 'l3_T6W30', 'lcc_T6W30', 'atd_T6W30', 'density_T6W30', 'diameter_T6W30', 'asp_T6W30']",0.10992499980440461,0.13083062188995045,498.0,0.12037781084717754,0.010452811042772927,0.11884434194912409,1.9647389829672888,3.430239816911482,3.4610426402156937,498.0,3.445641228563588,0.01540141165210593,0.17510798056065688,1.9647389829672888,completed,32.70627784729004,False,COMPLETE
266,2.924923705800602,2026-06-14 05:36:39.034183,2026-06-14 05:36:40.129753,0 days 00:00:01.095570,14,,2,8,147,ExtraTreesRegressor,5,False,,,,,,,,,,,,,,,,,,,,,,,,,,,,,,,,,,,,,,,,,,,,,ExtraTreesRegressor,"{'mode': 'original', 'type': 'ExtraTreesRegressor'}",5,"['l1_T6W30', 'l2_T6W30', 'l3_T6W30', 'density_T6W30', 'asp_T6W30']",,,,,,,,,,,,,,,pruned,,False,PRUNED
267,2.853680913408782,2026-06-14 05:36:40.135155,2026-06-14 05:37:34.595666,0 days 00:00:54.460511,5,sqrt,2,11,371,ExtraTreesRegressor,8,True,-0.015190509817800029,-0.010755035353851807,498.0,-0.012972772585825918,0.002217737231974111,0.025214798284549915,1.9647389829672888,2.8425585649370557,2.8648032618805086,498.0,2.853680913408782,0.01112234847172666,0.12645671864173924,1.9647389829672888,918991067354462.4,1017170709194438.9,498.0,968080888274450.6,49089820919988.266,558131916836859.94,1.9647389829672888,8.302875588143001,8.493041485338411,498.0,8.397958536740706,0.09508294859770504,1.0810556519616332,1.9647389829672888,2.5510397262403317,2.585072206034124,498.0,2.5680559661372278,0.017016239896895862,0.19346794127625858,1.9647389829672888,499.0,0.6192384769539078,-0.021509844396723935,-0.013830153145849244,498.0,-0.01766999877128659,0.003839845625437346,0.04365753142135295,1.9647389829672888,ExtraTreesRegressor,"{'mode': 'original', 'type': 'ExtraTreesRegressor'}",8,"['nodes_T6W30', 'l1_T6W30', 'l3_T6W30', 'lcc_T6W30', 'atd_T6W30', 'density_T6W30', 'diameter_T6W30', 'asp_T6W30']",0.05546269496198789,0.07510883531176615,498.0,0.06528576513687702,0.009823070174889127,0.11168443647146163,1.9647389829672888,3.461303760703331,3.4931351908428714,498.0,3.477219475773101,0.015915715069770162,0.18095540772492683,1.9647389829672888,completed,54.452656984329224,True,COMPLETE
268,2.9431676312900494,2026-06-14 05:37:34.609251,2026-06-14 05:37:35.206135,0 days 00:00:00.596884,9,,1,5,56,ExtraTreesRegressor,6,False,,,,,,,,,,,,,,,,,,,,,,,,,,,,,,,,,,,,,,,,,,,,,ExtraTreesRegressor,"{'mode': 'original', 'type': 'ExtraTreesRegressor'}",6,"['l1_T6W30', 'l2_T6W30', 'l3_T6W30', 'atd_T6W30', 'density_T6W30', 'asp_T6W30']",,,,,,,,,,,,,,,pruned,,False,PRUNED
269,2.94910686050812,2026-06-14 05:37:35.211465,2026-06-14 05:37:35.642883,0 days 00:00:00.431418,10,,3,12,54,ExtraTreesRegressor,11,False,,,,,,,,,,,,,,,,,,,,,,,,,,,,,,,,,,,,,,,,,,,,,ExtraTreesRegressor,"{'mode': 'original', 'type': 'ExtraTreesRegressor'}",11,"['nodes_T6W30', 're_T6W30', 'l1_T6W30', 'l2_T6W30', 'l3_T6W30', 'lcc_T6W30', 'lsc_T6W30', 'atd_T6W30', 'density_T6W30', 'diameter_T6W30', 'asp_T6W30']",,,,,,,,,,,,,,,pruned,,False,PRUNED
270,2.8326666603609656,2026-06-14 05:37:35.648263,2026-06-14 05:37:53.673067,0 days 00:00:18.024804,2,log2,5,10,106,ExtraTreesRegressor,5,False,-0.007096398238285033,-0.0039070811848571935,498.0,-0.005501739711571113,0.0015946585267139198,0.018130638970261206,1.9647389829672888,2.822418413944332,2.842914906777599,498.0,2.8326666603609656,0.010248246416633792,0.11651852277186239,1.9647389829672888,931043070480054.5,1029905622015230.5,498.0,980474346247642.5,49431275767588.04,562014123881671.2,1.9647389829672888,8.192578333985189,8.373570759656843,498.0,8.283074546821016,0.09049621283582665,1.0289062740493788,1.9647389829672888,2.543583534328768,2.575074095479362,498.0,2.559328814904065,0.0157452805752973,0.17901763469352172,1.9647389829672888,499.0,0.3366733466933868,0.002825779429713675,0.007719080048976696,498.0,0.005272429739345185,0.0024466503096315104,0.027817449759489937,1.9647389829672888,ExtraTreesRegressor,"{'mode': 'original', 'type': 'ExtraTreesRegressor'}",5,"['nodes_T6W30', 'lcc_T6W30', 'atd_T6W30', 'density_T6W30', 'asp_T6W30']",0.12722466414672484,0.1484525611627388,498.0,0.13783861265473182,0.010613948508006971,0.12067641142218036,1.9647389829672888,3.423125758114479,3.4538128806144237,498.0,3.4384693193644513,0.015343561249972403,0.17445024428809652,1.9647389829672888,completed,18.01713800430298,False,COMPLETE
271,2.848190811179125,2026-06-14 05:37:53.686579,2026-06-14 05:38:25.788499,0 days 00:00:32.101920,9,log2,2,2,206,ExtraTreesRegressor,2,True,-0.012852351132303935,-0.00914595292510593,498.0,-0.010999152028704932,0.0018531991035990022,0.021070143434784992,1.9647389829672888,2.837486255517164,2.858895366841086,498.0,2.848190811179125,0.010704555661961058,0.12170657905302085,1.9647389829672888,915111830728248.2,1012647960517794.8,498.0,963879895623021.5,48768064894773.305,554473677638967.2,1.9647389829672888,8.290617854013721,8.463885844788908,498.0,8.377251849401315,0.08663399538759319,0.9849943838198998,1.9647389829672888,2.558738956852657,2.5899144160232956,498.0,2.5743266864379764,0.015587729585319466,0.17722634203064566,1.9647389829672888,499.0,0.49498997995991983,-0.005211052840054506,0.0007099205878619667,498.0,-0.0022505661260962696,0.0029604867139582363,0.03365956716616929,1.9647389829672888,ExtraTreesRegressor,"{'mode': 'original', 'type': 'ExtraTreesRegressor'}",2,"['l3_T6W30', 'density_T6W30']",0.08842742043687253,0.10974688492672295,498.0,0.09908715268179774,0.010659732244925207,0.12119695446689384,1.9647389829672888,3.435596162968118,3.467141645053823,498.0,3.4513689040109705,0.015772741042852586,0.1793298493870495,1.9647389829672888,completed,32.094167947769165,True,COMPLETE
272,2.9490691026689553,2026-06-14 05:38:25.801971,2026-06-14 05:38:28.628116,0 days 00:00:02.826145,10,,2,6,401,ExtraTreesRegressor,7,True,,,,,,,,,,,,,,,,,,,,,,,,,,,,,,,,,,,,,,,,,,,,,ExtraTreesRegressor,"{'mode': 'original', 'type': 'ExtraTreesRegressor'}",7,"['re_T6W30', 'l1_T6W30', 'l2_T6W30', 'l3_T6W30', 'atd_T6W30', 'density_T6W30', 'asp_T6W30']",,,,,,,,,,,,,,,pruned,,True,PRUNED
273,2.850680779933901,2026-06-14 05:38:28.634390,2026-06-14 05:38:42.947478,0 days 00:00:14.313088,20,sqrt,4,12,76,ExtraTreesRegressor,2,True,-0.0136103626830072,-0.010199608405124232,498.0,-0.011904985544065716,0.0017053771389414843,0.01938946595544839,1.9647389829672888,2.8402847334086747,2.8610768264591275,498.0,2.850680779933901,0.010396046525226615,0.1181989517563572,1.9647389829672888,936414059329371.9,1036055707961497.4,498.0,986234883645434.6,49820824316062.74,566443137350992.5,1.9647389829672888,8.228236829721315,8.411079016587404,498.0,8.31965792315436,0.09142109343304504,1.0394218019306494,1.9647389829672888,2.5589259251935674,2.5871593875440624,498.0,2.573042656368815,0.01411673117524761,0.1605016698503265,1.9647389829672888,499.0,0.5450901803607214,-0.010413503436507357,-0.005056956525679555,498.0,-0.007735229981093456,0.0026782734554139007,0.03045091364093324,1.9647389829672888,ExtraTreesRegressor,"{'mode': 'original', 'type': 'ExtraTreesRegressor'}",2,"['nodes_T6W30', 'lcc_T6W30']",0.05561819644618693,0.07638330570138327,498.0,0.0660007510737851,0.01038255462759817,0.1180455541976779,1.9647389829672888,3.4452955025013616,3.476288982690518,498.0,3.46079224259594,0.015496740094578371,0.1761918273812215,1.9647389829672888,completed,14.305436849594116,True,COMPLETE
274,2.8917489322052203,2026-06-14 05:38:42.960819,2026-06-14 05:39:07.720823,0 days 00:00:24.760004,4,,4,8,138,ExtraTreesRegressor,9,True,-0.02925156376335038,-0.023767030401585423,498.0,-0.0265092970824679,0.0027422666808824786,0.03117849139383573,1.9647389829672888,2.879763900257677,2.9037339641527637,498.0,2.8917489322052203,0.011985031947543249,0.1362650897654755,1.9647389829672888,917147840668914.8,1016001909192116.0,498.0,966574874930515.4,49427034261600.586,561965899630233.94,1.9647389829672888,8.45051034176723,8.656926132199738,498.0,8.553718236983483,0.10320789521625373,1.1734330928530765,1.9647389829672888,2.5847190906837914,2.622591299062742,498.0,2.6036551948732667,0.018936104189475327,0.2152960416360159,1.9647389829672888,499.0,0.7955911823647295,-0.05335082225523707,-0.04344152396798289,498.0,-0.04839617311160998,0.00495464914362709,0.056332408062639866,1.9647389829672888,ExtraTreesRegressor,"{'mode': 'original', 'type': 'ExtraTreesRegressor'}",9,"['nodes_T6W30', 'l1_T6W30', 'l2_T6W30', 'l3_T6W30', 'lcc_T6W30', 'atd_T6W30', 'density_T6W30', 'diameter_T6W30', 'asp_T6W30']",0.006527132600917425,0.026550181708125217,498.0,0.01653865715452132,0.010011524553603896,0.11382708848479471,1.9647389829672888,3.5121088279979005,3.5451735500839345,498.0,3.5286411890409175,0.016532361043017006,0.18796642941145844,1.9647389829672888,completed,24.752012014389038,True,COMPLETE
275,2.8445606635674663,2026-06-14 05:39:07.827033,2026-06-14 05:39:34.556668,0 days 00:00:26.729635,8,log2,2,12,167,ExtraTreesRegressor,2,False,-0.011541178588516558,-0.007909866100518467,498.0,-0.009725522344517512,0.0018156562439990448,0.020643295917328896,1.9647389829672888,2.8339983733593326,2.8551229537756,498.0,2.8445606635674663,0.010562290208133793,0.12008907691192122,1.9647389829672888,925481964375425.4,1024556566260752.9,498.0,975019265318089.1,49537300942663.75,563219588336194.6,1.9647389829672888,8.331666481948249,8.532644027836666,498.0,8.432155254892457,0.10048877294420826,1.142517744266164,1.9647389829672888,2.5391040472406416,2.567093733365234,498.0,2.553098890302938,0.013994843062296074,0.15911585004397294,1.9647389829672888,499.0,0.5490981963927856,-0.013721906263042413,-0.007167704086838589,498.0,-0.010444805174940501,0.003277101088101912,0.03725934781778212,1.9647389829672888,ExtraTreesRegressor,"{'mode': 'original', 'type': 'ExtraTreesRegressor'}",2,"['nodes_T6W30', 'density_T6W30']",0.07038641197581583,0.09053255451777684,498.0,0.08045948324679633,0.010073071270980503,0.11452685040489646,1.9647389829672888,3.44940386342153,3.481122329590808,498.0,3.465263096506169,0.015859233084639053,0.1803132298143706,1.9647389829672888,completed,26.721013069152832,False,COMPLETE
276,2.874196900931556,2026-06-14 05:39:34.570494,2026-06-14 05:40:25.975429,0 days 00:00:51.404935,10,sqrt,5,3,334,ExtraTreesRegressor,10,True,-0.02255543887414357,-0.017909373217100583,498.0,-0.020232406045622077,0.0023230328285214923,0.02641196771874398,1.9647389829672888,2.8627270733499777,2.8856667285131343,498.0,2.874196900931556,0.011469827581578333,0.1304074191741038,1.9647389829672888,925619336300017.0,1024759799355634.2,498.0,975189567827825.6,49570231527808.59,563593996110861.6,1.9647389829672888,8.393096040231054,8.588211607719415,498.0,8.490653823975235,0.09755778374418086,1.1091935522079825,1.9647389829672888,2.5924900400062914,2.6290317123774276,498.0,2.6107608761918595,0.01827083618556823,0.20773220662353756,1.9647389829672888,499.0,0.7474949899799599,-0.0343324922157041,-0.026584172544000906,498.0,-0.0304583323798525,0.0038741598358515957,0.04404767047002588,1.9647389829672888,ExtraTreesRegressor,"{'mode': 'original', 'type': 'ExtraTreesRegressor'}",10,"['nodes_T6W30', 're_T6W30', 'l1_T6W30', 'l2_T6W30', 'l3_T6W30', 'lcc_T6W30', 'atd_T6W30', 'density_T6W30', 'diameter_T6W30', 'asp_T6W30']",0.015111496942874267,0.034835051042216965,498.0,0.024973273992545616,0.009861777049671349,0.11212451838278449,1.9647389829672888,3.4828684879606175,3.5155378179949865,498.0,3.499203152977802,0.016334665017184682,0.1857187035126684,1.9647389829672888,completed,51.397099018096924,True,COMPLETE
277,2.891165893278556,2026-06-14 05:40:25.988942,2026-06-14 05:41:33.207240,0 days 00:01:07.218298,10,,3,8,413,ExtraTreesRegressor,4,False,-0.02983028677598179,-0.022636409758262047,498.0,-0.02623334826712192,0.0035969385088598727,0.04089577323914909,1.9647389829672888,2.8772124509744716,2.9051193355826403,498.0,2.891165893278556,0.013953442304084181,0.15864513973975397,1.9647389829672888,904794190632885.6,1003717478989914.4,498.0,954255834811400.0,49461644178514.4,562359400745264.6,1.9647389829672888,8.763709512220155,8.952557092682381,498.0,8.858133302451268,0.09442379023111316,1.0735612811175306,1.9647389829672888,2.593586025650221,2.637485884310796,498.0,2.6155359549805084,0.021949929330287818,0.24956204569405635,1.9647389829672888,499.0,0.8016032064128257,-0.0732566846740091,-0.06031818955137809,498.0,-0.0667874371126936,0.006469247561315502,0.07355279514615239,1.9647389829672888,ExtraTreesRegressor,"{'mode': 'original', 'type': 'ExtraTreesRegressor'}",4,"['l1_T6W30', 'l3_T6W30', 'atd_T6W30', 'density_T6W30']",0.04592176133449649,0.06623035480488863,498.0,0.05607605806969256,0.010154296735196074,0.1154503519208725,1.9647389829672888,3.5406154262032197,3.576880207918357,498.0,3.5587478170607882,0.01813239085756875,0.20615813780753187,1.9647389829672888,completed,67.21013689041138,False,COMPLETE
278,2.922989190049238,2026-06-14 05:41:33.219960,2026-06-14 05:42:49.372294,0 days 00:01:16.152334,17,sqrt,2,11,492,ExtraTreesRegressor,13,False,-0.040281164491625714,-0.03485085538699715,498.0,-0.03756600993931143,0.00271515455231428,0.03087023717730559,1.9647389829672888,2.9108173958764016,2.9351609842220743,498.0,2.922989190049238,0.01217179417283645,0.138388502661308,1.9647389829672888,934854706129333.1,1035317627504870.4,498.0,985086166817101.8,50231460687768.59,571111911059429.5,1.9647389829672888,8.549031591325194,8.747443318613032,498.0,8.648237454969113,0.09920586364391856,1.1279315711353721,1.9647389829672888,2.6199882046239553,2.6619084257361942,498.0,2.640948315180075,0.02096011055611955,0.23830819633396014,1.9647389829672888,499.0,0.935871743486974,-0.07634187224446407,-0.0668898406363313,498.0,-0.07161585644039768,0.004726015804066376,0.05373293709961024,1.9647389829672888,ExtraTreesRegressor,"{'mode': 'original', 'type': 'ExtraTreesRegressor'}",13,"['nodes_T6W30', 'edges_T6W30', 're_T6W30', 'pe_T6W30', 'l1_T6W30', 'l2_T6W30', 'l3_T6W30', 'lcc_T6W30', 'lsc_T6W30', 'atd_T6W30', 'density_T6W30', 'diameter_T6W30', 'asp_T6W30']",-0.04508454961042773,-0.025786979686383,498.0,-0.035435764648405366,0.009648784962022363,0.10970288228954284,1.9647389829672888,3.551116039072428,3.5845555697421614,498.0,3.5678358044072946,0.01671976533486695,0.19009714235099326,1.9647389829672888,completed,76.14409804344177,False,COMPLETE
279,2.8697118273052054,2026-06-14 05:42:49.385767,2026-06-14 05:43:38.657190,0 days 00:00:49.271423,6,,3,6,306,ExtraTreesRegressor,4,False,-0.02175308681769217,-0.01548733188341047,498.0,-0.01862020935055132,0.0031328774671408504,0.035619582088113826,1.9647389829672888,2.8567288956093186,2.882694759001092,498.0,2.8697118273052054,0.012982931695886775,0.14761081661711312,1.9647389829672888,900889300975164.6,998667648527694.9,498.0,949778474751429.8,48889173776265.125,555850637890730.44,1.9647389829672888,8.581329985749367,8.773103398769496,498.0,8.677216692259432,0.09588670651006483,1.0901940626523006,1.9647389829672888,2.5762837034434036,2.6161393160330335,498.0,2.5962115097382186,0.019927806294814963,0.22657130372928194,1.9647389829672888,499.0,0.7454909819639278,-0.0491352601901636,-0.03790792004915656,498.0,-0.04352159011966008,0.005613670070503522,0.06382521627134488,1.9647389829672888,ExtraTreesRegressor,"{'mode': 'original', 'type': 'ExtraTreesRegressor'}",4,"['l1_T6W30', 'l3_T6W30', 'atd_T6W30', 'density_T6W30']",0.04840583494056057,0.06875806469110193,498.0,0.05858194981583125,0.010176114875270679,0.1156984155746695,1.9647389829672888,3.502844466244655,3.5376906823950023,498.0,3.5202675743198286,0.017423108075173697,0.19809387211051968,1.9647389829672888,completed,49.263492822647095,False,COMPLETE
280,2.8742797116718144,2026-06-14 05:43:38.670635,2026-06-14 05:44:49.579833,0 days 00:01:10.909198,20,sqrt,5,7,475,ExtraTreesRegressor,10,False,-0.022574221966817173,-0.017942986092550635,498.0,-0.020258604029683904,0.002315617937133269,0.026327663325978086,1.9647389829672888,2.8628024413927458,2.885756981950883,498.0,2.8742797116718144,0.011477270279068679,0.13049203971129206,1.9647389829672888,925758720858843.0,1024920210576734.2,498.0,975339465717788.6,49580744858945.61,563713528542430.4,1.9647389829672888,8.391835329075565,8.586225788705086,498.0,8.489030558890326,0.09719522981475943,1.1050714569183189,1.9647389829672888,2.5917785485071057,2.6282641884027274,498.0,2.6100213684549165,0.018242819947810837,0.20741367304184907,1.9647389829672888,499.0,0.7474949899799599,-0.03447669230246464,-0.0267447637999415,498.0,-0.03061072805120307,0.003865964251261569,0.04395448990323819,1.9647389829672888,ExtraTreesRegressor,"{'mode': 'original', 'type': 'ExtraTreesRegressor'}",10,"['nodes_T6W30', 're_T6W30', 'l1_T6W30', 'l2_T6W30', 'l3_T6W30', 'lcc_T6W30', 'atd_T6W30', 'density_T6W30', 'diameter_T6W30', 'asp_T6W30']",0.014843497779991364,0.03448348631347414,498.0,0.024663492046732752,0.009819994266741388,0.11164946460808267,1.9647389829672888,3.48313194219646,3.515805539863107,498.0,3.4994687410297836,0.016336798833323476,0.185742964161198,1.9647389829672888,completed,70.90107011795044,False,COMPLETE
