number,value,datetime_start,datetime_complete,duration,params_dt_max_depth,params_dt_min_samples_leaf,params_dt_min_samples_split,params_elastic_alpha,params_elastic_l1_ratio,params_et_max_depth,params_et_max_features,params_et_min_samples_leaf,params_et_min_samples_split,params_et_n_estimators,params_knn_metric,params_knn_n_neighbors,params_knn_weights,params_quantile_alpha,params_regressor,params_rf_max_depth,params_rf_max_features,params_rf_min_samples_leaf,params_rf_min_samples_split,params_rf_n_estimators,params_rfe_n_features,params_rfe_proxy_et_max_depth,params_rfe_proxy_et_min_samples_leaf,params_rfe_proxy_et_min_samples_split,params_rfe_proxy_et_n_estimators,params_rfe_proxy_lsvr_C,params_rfe_proxy_lsvr_epsilon,params_rfe_proxy_type,params_use_scaler,user_attrs_d2mae_ci_lower_val,user_attrs_d2mae_ci_upper_val,user_attrs_d2mae_df_val,user_attrs_d2mae_mean_val,user_attrs_d2mae_samperror_val,user_attrs_d2mae_std_val,user_attrs_d2mae_t_critical_val,user_attrs_mae_ci_lower_val,user_attrs_mae_ci_upper_val,user_attrs_mae_df_val,user_attrs_mae_mean_val,user_attrs_mae_samperror_val,user_attrs_mae_std_val,user_attrs_mae_t_critical_val,user_attrs_mape_ci_lower_val,user_attrs_mape_ci_upper_val,user_attrs_mape_df_val,user_attrs_mape_mean_val,user_attrs_mape_samperror_val,user_attrs_mape_std_val,user_attrs_mape_t_critical_val,user_attrs_max_error_ci_lower_val,user_attrs_max_error_ci_upper_val,user_attrs_max_error_df_val,user_attrs_max_error_mean_val,user_attrs_max_error_samperror_val,user_attrs_max_error_std_val,user_attrs_max_error_t_critical_val,user_attrs_median_ae_ci_lower_val,user_attrs_median_ae_ci_upper_val,user_attrs_median_ae_df_val,user_attrs_median_ae_mean_val,user_attrs_median_ae_samperror_val,user_attrs_median_ae_std_val,user_attrs_median_ae_t_critical_val,user_attrs_n_splits_val,user_attrs_r2_below_zero_val,user_attrs_r2_ci_lower_val,user_attrs_r2_ci_upper_val,user_attrs_r2_df_val,user_attrs_r2_mean_val,user_attrs_r2_samperror_val,user_attrs_r2_std_val,user_attrs_r2_t_critical_val,user_attrs_regressor_final,user_attrs_rfe_estimator,user_attrs_rfe_n_features,user_attrs_rfe_selected_features,user_attrs_rho_ci_lower_val,user_attrs_rho_ci_upper_val,user_attrs_rho_df_val,user_attrs_rho_mean_val,user_attrs_rho_samperror_val,user_attrs_rho_std_val,user_attrs_rho_t_critical_val,user_attrs_rmse_ci_lower_val,user_attrs_rmse_ci_upper_val,user_attrs_rmse_df_val,user_attrs_rmse_mean_val,user_attrs_rmse_samperror_val,user_attrs_rmse_std_val,user_attrs_rmse_t_critical_val,user_attrs_termination_reason,user_attrs_use_scaler_final,state
25,6.212782226303051,2026-06-12 03:40:13.639415,2026-06-12 03:40:15.259827,0 days 00:00:01.620412,,,,,,,,,,,,,,,LinearRegression,,,,,,5,,,,,,,,True,0.01299347715157327,0.029432390719067794,98.0,0.021212933935320533,0.008219456783747263,0.041211339702695825,1.9844674545084815,6.142391493308462,6.28317295929764,98.0,6.212782226303051,0.0703907329945892,0.3529304290641032,1.9844674545084815,237411150288175.25,477632720242839.5,98.0,357521935265507.4,120110784977332.12,602220620156556.1,1.9844674545084815,15.731074042350965,16.340094407809676,98.0,16.03558422508032,0.30451018272935493,1.5267763933261038,1.9844674545084815,5.763089453055207,5.983386481410976,98.0,5.873237967233091,0.11014851417788496,0.5522710265364422,1.9844674545084815,99.0,0.3333333333333333,0.021616907996486072,0.051448645047786616,98.0,0.036532776522136344,0.014915868525650272,0.07478631994109447,1.9844674545084815,LinearRegression,"{'mode': 'original', 'type': 'LinearRegression'}",5,"['l1_T2W40', 'l2_T2W40', 'l3_T2W40', 'z_l1_T2W40', 'z_l3_T2W40']",0.1823653315076709,0.234242313625432,98.0,0.20830382256655144,0.025938491058880537,0.13005238600640512,1.9844674545084815,7.330049323384752,7.4984283729475765,98.0,7.414238848166164,0.08418952478141276,0.4221158644006581,1.9844674545084815,completed,True,COMPLETE
26,6.356995861254249,2026-06-12 03:40:15.277418,2026-06-12 03:40:16.848708,0 days 00:00:01.571290,,,,,,,,,,,,,,,LinearRegression,,,,,,4,,,,,,,,True,-0.009328951181254853,0.006365120368995349,98.0,-0.0014819154061297525,0.007847035775125102,0.039344066827790417,1.9844674545084815,6.287195247229688,6.42679647527881,98.0,6.356995861254249,0.06980061402456049,0.34997164553634663,1.9844674545084815,235886708151200.8,474602375894648.7,98.0,355244542022924.75,119357833871723.94,598445416440649.1,1.9844674545084815,15.80193508024833,16.41810392631958,98.0,16.110019503283954,0.3080844230356254,1.5446971921472672,1.9844674545084815,6.042029068992431,6.266822784273447,98.0,6.154425926632939,0.11239685764050801,0.563543942575092,1.9844674545084815,99.0,0.47474747474747475,-0.014109422056916229,0.01717128971297138,98.0,0.0015309338280275761,0.015640355884943804,0.07841880995347493,1.9844674545084815,LinearRegression,"{'mode': 'original', 'type': 'LinearRegression'}",4,"['l1_T2W40', 'l3_T2W40', 'z_l1_T2W40', 'z_l3_T2W40']",0.14611992355236142,0.2031304215151593,98.0,0.17462517253376036,0.028505248981398938,0.142921792764362,1.9844674545084815,7.462280019951235,7.63337186388657,98.0,7.547825941918902,0.08554592196766769,0.4289166721286171,1.9844674545084815,completed,True,COMPLETE
27,6.52523019047363,2026-06-12 03:40:16.861782,2026-06-12 03:40:18.689256,0 days 00:00:01.827474,,,,,,,,,,,,,,,LinearRegression,,,,,,2,,,,,,,,True,-0.031896453329401574,-0.024034700048249983,98.0,-0.02796557668882578,0.003930876640575796,0.019708929291347443,1.9844674545084815,6.468621346727482,6.581839034219779,98.0,6.52523019047363,0.05660884374614827,0.28382974096443386,1.9844674545084815,256504991423378.06,516049529461921.7,98.0,386277260442649.9,129772269019271.8,650662106176880.1,1.9844674545084815,16.406227815463044,17.150891104036514,98.0,16.77855945974978,0.37233164428673476,1.86682481318047,1.9844674545084815,6.195520619347223,6.378517349018774,98.0,6.287018984182999,0.09149836483577568,0.45876148445046633,1.9844674545084815,99.0,0.8383838383838383,-0.03382868862636772,-0.02147358828649941,98.0,-0.027651138456433563,0.006177550169934153,0.030973472491151288,1.9844674545084815,LinearRegression,"{'mode': 'original', 'type': 'LinearRegression'}",2,"['l1_T2W40', 'z_l1_T2W40']",-0.11320865041582007,-0.05944438752800424,98.0,-0.08632651897191215,0.02688213144390791,0.13478368218420633,1.9844674545084815,7.586182165391229,7.743092477083827,98.0,7.664637321237528,0.07845515584629927,0.39336444780670066,1.9844674545084815,completed,True,COMPLETE
28,6.501061088806563,2026-06-12 03:40:18.702655,2026-06-12 03:40:20.479002,0 days 00:00:01.776347,,,,,,,,,,,,,,,LinearRegression,,,,,,5,,,,,,,,False,-0.03284485671773127,-0.01579501057357184,98.0,-0.024319933645651555,0.008524923072079716,0.042742909891261394,1.9844674545084815,6.431384263387792,6.570737914225334,98.0,6.501061088806563,0.06967682541877135,0.34935098477752535,1.9844674545084815,239549839198329.06,482245494207363.94,98.0,360897666702846.5,121347827504517.45,608422998386139.5,1.9844674545084815,16.505863347442013,17.318434922652738,98.0,16.912149135047375,0.406285787605364,2.037066688213495,1.9844674545084815,6.134080517747639,6.312665227103508,98.0,6.223372872425574,0.08929235467793495,0.4477008223660646,1.9844674545084815,99.0,0.6060606060606061,-0.05579775249793144,-0.018730406896626348,98.0,-0.03726407969727889,0.018533672800652545,0.09292554311333572,1.9844674545084815,LinearRegression,"{'mode': 'original', 'type': 'LinearRegression'}",5,"['l2_T2W40', 'atd_T2W40', 'density_T2W40', 'z_l2_T2W40', 'z_l3_T2W40']",0.0717371050140554,0.11947777902275124,98.0,0.09560744201840332,0.023870337004347916,0.11968291737346773,1.9844674545084815,7.602088726559058,7.780085271465776,98.0,7.691086999012417,0.08899827245335877,0.44622633046515237,1.9844674545084815,completed,False,COMPLETE
29,6.285522600276151,2026-06-12 03:40:20.513632,2026-06-12 03:40:22.326797,0 days 00:00:01.813165,,,,0.00020850936401364318,0.9886176481531652,,,,,,,,,,ElasticNet,,,,,,7,,,,,,,,True,0.001241440548465353,0.018239437405805577,98.0,0.009740438977135465,0.008498998428670112,0.042612926935655736,1.9844674545084815,6.213895266037995,6.3571499345143065,98.0,6.285522600276151,0.07162733423815579,0.35913059475220177,1.9844674545084815,234511957921278.53,471916064970110.1,98.0,353214011445694.3,118702053524415.78,595157414888441.0,1.9844674545084815,16.09274113389342,16.872571798820488,98.0,16.482656466356953,0.389915332463533,1.954987250887204,1.9844674545084815,5.81104005658688,6.044319890204059,98.0,5.9276799733954695,0.11663991680858933,0.584818116447531,1.9844674545084815,99.0,0.47474747474747475,-0.00798873125138032,0.024877351099461105,98.0,0.008444309924040392,0.01643304117542071,0.08239323595785143,1.9844674545084815,ElasticNet,"{'mode': 'original', 'type': 'ElasticNet'}",7,"['pe_T2W40', 'l1_T2W40', 'l2_T2W40', 'l3_T2W40', 'z_l1_T2W40', 'z_l2_T2W40', 'z_l3_T2W40']",0.14109008445030247,0.19191038387159404,98.0,0.16650023416094825,0.025410149710645778,0.12740334783345225,1.9844674545084815,7.431662350521109,7.610441125228841,98.0,7.521051737874975,0.08938938735386609,0.44818733220184437,1.9844674545084815,completed,True,COMPLETE
30,6.354858997815156,2026-06-12 03:40:22.339687,2026-06-12 03:40:24.737953,0 days 00:00:02.398266,,,,,,,,,,,,,,0.0004885194154420579,QuantileRegressor,,,,,,5,,,,,,,,True,-0.011976033460260382,0.009791935182819272,98.0,-0.0010920491387205547,0.010883984321539827,0.05457095121915118,1.9844674545084815,6.2696721165926235,6.440045879037688,98.0,6.354858997815156,0.08518688122253276,0.4271164862399191,1.9844674545084815,212622057101938.44,428487294138346.94,98.0,320554675620142.7,107932618518204.27,541160799768488.1,1.9844674545084815,17.559170730548843,18.991928507415686,98.0,18.275549618982264,0.71637888843342,3.591835142371751,1.9844674545084815,5.473804856035297,5.73049438181992,98.0,5.6021496189276085,0.1283447628923111,0.6435047670152236,1.9844674545084815,99.0,0.6767676767676768,-0.08384671111042283,-0.03339817259969377,98.0,-0.0586224418550583,0.025224269255364525,0.1264713662210135,1.9844674545084815,QuantileRegressor,"{'mode': 'original', 'type': 'QuantileRegressor'}",5,"['l1_T2W40', 'l3_T2W40', 'z_l1_T2W40', 'z_l3_T2W40', 'z_asp_T2W40']",0.09019023840893511,0.14792996348843462,98.0,0.11906010094868487,0.028869862539749748,0.14474992004925946,1.9844674545084815,7.651529467937809,7.878163671869245,98.0,7.764846569903527,0.11331710196571818,0.5681579338026759,1.9844674545084815,completed,True,COMPLETE
31,6.2855900690809525,2026-06-12 03:40:24.750766,2026-06-12 03:40:26.515918,0 days 00:00:01.765152,,,,,,,,,,,,,,,LinearRegression,,,,,,7,,,,,,,,True,0.001222461278258766,0.018236617934862136,98.0,0.009729539606560452,0.008507078328301686,0.04265343855305835,1.9844674545084815,6.213929184544915,6.35725095361699,98.0,6.2855900690809525,0.07166088453603756,0.35929881179616335,1.9844674545084815,234499577932959.7,471891470720311.2,98.0,353195524326635.44,118695946393675.73,595126794490261.6,1.9844674545084815,16.094611754004365,16.875576600765843,98.0,16.485094177385104,0.39048242338074046,1.9578305746063043,1.9844674545084815,5.810162156573301,6.043525332513707,98.0,5.926843744543504,0.11668158797020292,0.5850270504978273,1.9844674545084815,99.0,0.47474747474747475,-0.008149640623960444,0.024763300582881433,98.0,0.008306829979460495,0.01645647060342094,0.08251070821201138,1.9844674545084815,LinearRegression,"{'mode': 'original', 'type': 'LinearRegression'}",7,"['pe_T2W40', 'l1_T2W40', 'l2_T2W40', 'l3_T2W40', 'z_l1_T2W40', 'z_l2_T2W40', 'z_l3_T2W40']",0.14111272729952046,0.1919518119861629,98.0,0.16653226964284168,0.025419542343321236,0.1274504413319735,1.9844674545084815,7.432118227660667,7.610980850731338,98.0,7.521549539196003,0.08943131153533589,0.44839753486240524,1.9844674545084815,completed,True,COMPLETE
32,6.212782226303051,2026-06-12 03:40:26.527974,2026-06-12 03:40:28.316721,0 days 00:00:01.788747,,,,,,,,,,,,,,,LinearRegression,,,,,,5,,,,,,,,True,0.01299347715157327,0.029432390719067794,98.0,0.021212933935320533,0.008219456783747263,0.041211339702695825,1.9844674545084815,6.142391493308462,6.28317295929764,98.0,6.212782226303051,0.0703907329945892,0.3529304290641032,1.9844674545084815,237411150288175.25,477632720242839.5,98.0,357521935265507.4,120110784977332.12,602220620156556.1,1.9844674545084815,15.731074042350965,16.340094407809676,98.0,16.03558422508032,0.30451018272935493,1.5267763933261038,1.9844674545084815,5.763089453055207,5.983386481410976,98.0,5.873237967233091,0.11014851417788496,0.5522710265364422,1.9844674545084815,99.0,0.3333333333333333,0.021616907996486072,0.051448645047786616,98.0,0.036532776522136344,0.014915868525650272,0.07478631994109447,1.9844674545084815,LinearRegression,"{'mode': 'original', 'type': 'LinearRegression'}",5,"['l1_T2W40', 'l2_T2W40', 'l3_T2W40', 'z_l1_T2W40', 'z_l3_T2W40']",0.1823653315076709,0.234242313625432,98.0,0.20830382256655144,0.025938491058880537,0.13005238600640512,1.9844674545084815,7.330049323384752,7.4984283729475765,98.0,7.414238848166164,0.08418952478141276,0.4221158644006581,1.9844674545084815,completed,True,COMPLETE
33,6.3491328032497485,2026-06-12 03:40:28.328899,2026-06-12 03:41:11.321934,0 days 00:00:42.993035,,,,,,,,,,,,,,,RandomForestRegressor,20.0,log2,1.0,2.0,487.0,3,,,,,,,,True,-0.012114721530236726,0.01197184198899485,98.0,-7.143977062093885e-05,0.012043281759615788,0.060383525187723365,1.9844674545084815,6.2554157980377445,6.4428498084617525,98.0,6.3491328032497485,0.09371700521200362,0.46988547288771215,1.9844674545084815,163091800865034.2,331928232845483.94,98.0,247510016855259.06,84418215990224.86,423262493836317.7,1.9844674545084815,16.476778132572303,17.448418141158594,98.0,16.96259813686545,0.4858200042931463,2.4358414136173923,1.9844674545084815,5.887504474867693,6.164267289106221,98.0,6.025885881986957,0.13838140711926433,0.6938272598020888,1.9844674545084815,99.0,0.46464646464646464,-0.014117333733385582,0.029725731220462924,98.0,0.007804198743538672,0.021921532476924254,0.10991185250788992,1.9844674545084815,RandomForestRegressor,"{'mode': 'original', 'type': 'RandomForestRegressor'}",3,"['lsc_T2W40', 'z_pe_T2W40', 'z_density_T2W40']",0.1738265266675565,0.22636339816687778,98.0,0.20009496241721714,0.026268435749660656,0.1317066878772693,1.9844674545084815,7.413852436004401,7.6215194490602585,98.0,7.51768594253233,0.1038335065279284,0.5206083592416779,1.9844674545084815,completed,True,COMPLETE
34,6.356995861254249,2026-06-12 03:41:11.334845,2026-06-12 03:41:13.178533,0 days 00:00:01.843688,,,,,,,,,,,,,,,LinearRegression,,,,,,4,,,,,,,,True,-0.009328951181254853,0.006365120368995349,98.0,-0.0014819154061297525,0.007847035775125102,0.039344066827790417,1.9844674545084815,6.287195247229688,6.42679647527881,98.0,6.356995861254249,0.06980061402456049,0.34997164553634663,1.9844674545084815,235886708151200.8,474602375894648.7,98.0,355244542022924.75,119357833871723.94,598445416440649.1,1.9844674545084815,15.80193508024833,16.41810392631958,98.0,16.110019503283954,0.3080844230356254,1.5446971921472672,1.9844674545084815,6.042029068992431,6.266822784273447,98.0,6.154425926632939,0.11239685764050801,0.563543942575092,1.9844674545084815,99.0,0.47474747474747475,-0.014109422056916229,0.01717128971297138,98.0,0.0015309338280275761,0.015640355884943804,0.07841880995347493,1.9844674545084815,LinearRegression,"{'mode': 'original', 'type': 'LinearRegression'}",4,"['l1_T2W40', 'l3_T2W40', 'z_l1_T2W40', 'z_l3_T2W40']",0.14611992355236142,0.2031304215151593,98.0,0.17462517253376036,0.028505248981398938,0.142921792764362,1.9844674545084815,7.462280019951235,7.63337186388657,98.0,7.547825941918902,0.08554592196766769,0.4289166721286171,1.9844674545084815,completed,True,COMPLETE
35,8.66181898348565,2026-06-12 03:41:13.191518,2026-06-12 03:41:14.947501,0 days 00:00:01.755983,20.0,1.0,2.0,,,,,,,,,,,,DecisionTreeRegressor,,,,,,5,,,,,,,,True,-0.3924178630734019,-0.33706045437674537,98.0,-0.3647391587250736,0.027678704348328254,0.1387776002040616,1.9844674545084815,8.47512865857677,8.848509308394531,98.0,8.66181898348565,0.1866903249088814,0.9360421985841954,1.9844674545084815,117768722144059.42,274463972675191.0,98.0,196116347409625.22,78347625265565.8,392825302774659.3,1.9844674545084815,24.185440491704448,25.471125164861206,98.0,24.828282828282827,0.6428423365783811,3.2231319666271747,1.9844674545084815,7.273559004552154,7.826008095014946,98.0,7.54978354978355,0.27622454523139617,1.3849557053773986,1.9844674545084815,99.0,1.0,-1.1179017329858896,-0.9626369575102136,98.0,-1.0402693452480516,0.07763238773783794,0.38923919027369785,1.9844674545084815,DecisionTreeRegressor,"{'mode': 'original', 'type': 'DecisionTreeRegressor'}",5,"['asp_T2W40', 'z_pe_T2W40', 'z_l1_T2W40', 'z_l3_T2W40', 'z_density_T2W40']",0.007298216184248762,0.0681091004819499,98.0,0.037703658333099334,0.030405442148850572,0.15244912628346222,1.9844674545084815,10.531278680221602,10.959399411868239,98.0,10.74533904604492,0.21406036582331744,1.0732721985072888,1.9844674545084815,completed,True,COMPLETE
36,6.412910902872659,2026-06-12 03:41:14.960746,2026-06-12 03:41:16.646477,0 days 00:00:01.685731,,,,,,,,,,,,,,,LinearRegression,,,,,,3,,,,,,,,False,-0.017335937814378005,-0.003531752999120768,98.0,-0.010433845406749387,0.006902092407628619,0.034606237657046485,1.9844674545084815,6.351406323995529,6.47441548174979,98.0,6.412910902872659,0.06150457887713023,0.30837635138962266,1.9844674545084815,243286852070987.75,489628245559161.25,98.0,366457548815074.5,123170696744086.75,617562639294530.1,1.9844674545084815,15.932323810273116,16.656590545895988,98.0,16.294457178084553,0.3621333678114364,1.8156919162916414,1.9844674545084815,6.139264777376563,6.321776233511383,98.0,6.230520505443973,0.09125572806740988,0.4575449337040399,1.9844674545084815,99.0,0.43434343434343436,-0.010971655785208555,0.014645476550594838,98.0,0.0018369103826931417,0.012808566167901696,0.06422056655783065,1.9844674545084815,LinearRegression,"{'mode': 'original', 'type': 'LinearRegression'}",3,"['atd_T2W40', 'density_T2W40', 'z_l2_T2W40']",0.1033448654155171,0.15305694228864639,98.0,0.12820090385208174,0.024856038436564646,0.12462510243961974,1.9844674545084815,7.469766238598093,7.627718193855158,98.0,7.548742216226626,0.07897597762853244,0.3959757838057676,1.9844674545084815,completed,False,COMPLETE
37,8.599775533108867,2026-06-12 03:41:16.658333,2026-06-12 03:41:18.494823,0 days 00:00:01.836490,,,,,,,,,,,minkowski,1.0,uniform,,KNeighborsRegressor,,,,,,22,12.0,5.0,12.0,20.0,,,ExtraTrees,,-0.3801168957484506,-0.33208472432669794,98.0,-0.35610081003757427,0.02401608571087632,0.12041368336129402,1.9844674545084815,8.451668744781344,8.74788232143639,98.0,8.599775533108867,0.14810678832752214,0.742589118311308,1.9844674545084815,384403663309077.5,824643509381185.5,98.0,604523586345131.5,220119923036054.03,1103654068904831.0,1.9844674545084815,22.815881043616425,24.052805825070447,98.0,23.434343434343436,0.6184623907270118,3.1008939335249375,1.9844674545084815,7.380377339109385,7.791339832607786,98.0,7.585858585858586,0.20548124674920015,1.0302575565649612,1.9844674545084815,99.0,1.0,-0.9873130518678479,-0.8642087430419256,98.0,-0.9257608974548868,0.06155215441296109,0.30861488924197084,1.9844674545084815,KNeighborsRegressor,"{'mode': 'proxy', 'type': 'ExtraTrees'}",22,"['nodes_T2W40', 'edges_T2W40', 're_T2W40', 'pe_T2W40', 'l1_T2W40', 'l2_T2W40', 'l3_T2W40', 'lcc_T2W40', 'lsc_T2W40', 'atd_T2W40', 'density_T2W40', 'diameter_T2W40', 'asp_T2W40', 'z_re_T2W40', 'z_pe_T2W40', 'z_l1_T2W40', 'z_l2_T2W40', 'z_l3_T2W40', 'z_lsc_T2W40', 'z_density_T2W40', 'z_diameter_T2W40', 'z_asp_T2W40']",-0.009946526102344328,0.04525068412530417,98.0,0.01765207901147992,0.027598605113824247,0.13837599254921054,1.9844674545084815,10.281477289449336,10.607623251027762,98.0,10.44455027023855,0.16307298078921323,0.8176277562434716,1.9844674545084815,completed,True,COMPLETE
38,6.2855425183149265,2026-06-12 03:41:18.507166,2026-06-12 03:41:20.268254,0 days 00:00:01.761088,,,,0.0001361682817417989,0.9518123473558573,,,,,,,,,,ElasticNet,,,,,,7,,,,,,,,True,0.0012362122208809043,0.01823824036333208,98.0,0.009737226292106492,0.008501014071225587,0.04262303311812721,1.9844674545084815,6.213906827211996,6.357178209417857,98.0,6.2855425183149265,0.07163569110293018,0.3591724950385744,1.9844674545084815,234508249939193.3,471908687352224.2,98.0,353208468645708.75,118700218706515.44,595148215338425.4,1.9844674545084815,16.093194746492113,16.873327334875295,98.0,16.483261040683704,0.3900662941915911,1.9557441543202154,1.9844674545084815,5.8107898829168745,6.044108822711446,98.0,5.92744935281416,0.11665946989728561,0.5849161532158601,1.9844674545084815,99.0,0.47474747474747475,-0.008029657448237524,0.02484759957037204,98.0,0.008408971061067258,0.016438628509304783,0.08242125015888527,1.9844674545084815,ElasticNet,"{'mode': 'original', 'type': 'ElasticNet'}",7,"['pe_T2W40', 'l1_T2W40', 'l2_T2W40', 'l3_T2W40', 'z_l1_T2W40', 'z_l2_T2W40', 'z_l3_T2W40']",0.14111861782637627,0.19190593261586256,98.0,0.16651227522111942,0.025393657394743148,0.12732065740134346,1.9844674545084815,7.431780845202284,7.610579101031214,98.0,7.521179973116749,0.08939912791446537,0.44823617016794276,1.9844674545084815,completed,True,COMPLETE
