number,value,datetime_start,datetime_complete,duration,params_dt_max_depth,params_dt_min_samples_leaf,params_dt_min_samples_split,params_elastic_alpha,params_elastic_l1_ratio,params_et_max_depth,params_et_max_features,params_et_min_samples_leaf,params_et_min_samples_split,params_et_n_estimators,params_knn_metric,params_knn_n_neighbors,params_knn_weights,params_quantile_alpha,params_regressor,params_rf_max_depth,params_rf_max_features,params_rf_min_samples_leaf,params_rf_min_samples_split,params_rf_n_estimators,params_rfe_n_features,params_rfe_proxy_et_max_depth,params_rfe_proxy_et_min_samples_leaf,params_rfe_proxy_et_min_samples_split,params_rfe_proxy_et_n_estimators,params_rfe_proxy_lsvr_C,params_rfe_proxy_lsvr_epsilon,params_rfe_proxy_type,params_use_scaler,user_attrs_d2mae_ci_lower_val,user_attrs_d2mae_ci_upper_val,user_attrs_d2mae_df_val,user_attrs_d2mae_mean_val,user_attrs_d2mae_samperror_val,user_attrs_d2mae_std_val,user_attrs_d2mae_t_critical_val,user_attrs_mae_ci_lower_val,user_attrs_mae_ci_upper_val,user_attrs_mae_df_val,user_attrs_mae_mean_val,user_attrs_mae_samperror_val,user_attrs_mae_std_val,user_attrs_mae_t_critical_val,user_attrs_mape_ci_lower_val,user_attrs_mape_ci_upper_val,user_attrs_mape_df_val,user_attrs_mape_mean_val,user_attrs_mape_samperror_val,user_attrs_mape_std_val,user_attrs_mape_t_critical_val,user_attrs_max_error_ci_lower_val,user_attrs_max_error_ci_upper_val,user_attrs_max_error_df_val,user_attrs_max_error_mean_val,user_attrs_max_error_samperror_val,user_attrs_max_error_std_val,user_attrs_max_error_t_critical_val,user_attrs_median_ae_ci_lower_val,user_attrs_median_ae_ci_upper_val,user_attrs_median_ae_df_val,user_attrs_median_ae_mean_val,user_attrs_median_ae_samperror_val,user_attrs_median_ae_std_val,user_attrs_median_ae_t_critical_val,user_attrs_n_splits_val,user_attrs_r2_below_zero_val,user_attrs_r2_ci_lower_val,user_attrs_r2_ci_upper_val,user_attrs_r2_df_val,user_attrs_r2_mean_val,user_attrs_r2_samperror_val,user_attrs_r2_std_val,user_attrs_r2_t_critical_val,user_attrs_regressor_final,user_attrs_rfe_estimator,user_attrs_rfe_n_features,user_attrs_rfe_selected_features,user_attrs_rho_ci_lower_val,user_attrs_rho_ci_upper_val,user_attrs_rho_df_val,user_attrs_rho_mean_val,user_attrs_rho_samperror_val,user_attrs_rho_std_val,user_attrs_rho_t_critical_val,user_attrs_rmse_ci_lower_val,user_attrs_rmse_ci_upper_val,user_attrs_rmse_df_val,user_attrs_rmse_mean_val,user_attrs_rmse_samperror_val,user_attrs_rmse_std_val,user_attrs_rmse_t_critical_val,user_attrs_termination_reason,user_attrs_use_scaler_final,state
39,6.4395375266655535,2026-06-12 03:41:20.319541,2026-06-12 03:41:55.385408,0 days 00:00:35.065867,,,,,,,,,,,,,,,RandomForestRegressor,2.0,,1.0,12.0,403.0,9,,,,,,,,False,-0.021993330973652834,-0.006735116579774007,98.0,-0.01436422377671342,0.007629107196939413,0.03825139989093217,1.9844674545084815,6.367733863757847,6.51134118957326,98.0,6.4395375266655535,0.07180366290770615,0.3600146848923839,1.9844674545084815,244303883034612.78,492818142556862.0,98.0,368561012795737.4,124257129761124.6,623009880068142.2,1.9844674545084815,16.18120506033221,16.860662118420073,98.0,16.520933589376142,0.3397285290439301,1.7033568258197767,1.9844674545084815,6.019373636789396,6.238124779166709,98.0,6.128749207978053,0.10937557118865636,0.5483955859887282,1.9844674545084815,99.0,0.45454545454545453,-0.010586050217370888,0.016013792090257602,98.0,0.0027138709364433566,0.013299921153814245,0.06668415968470194,1.9844674545084815,RandomForestRegressor,"{'mode': 'original', 'type': 'RandomForestRegressor'}",9,"['re_T2W40', 'pe_T2W40', 'l3_T2W40', 'lsc_T2W40', 'density_T2W40', 'diameter_T2W40', 'z_pe_T2W40', 'z_l3_T2W40', 'z_density_T2W40']",0.05577072141954088,0.10745810102627802,98.0,0.08161441122290945,0.025843689803368573,0.12957706423661725,1.9844674545084815,7.4592027503167095,7.634479703112751,98.0,7.54684122671473,0.08763847639802094,0.43940848122799575,1.9844674545084815,completed,False,COMPLETE
40,6.356995861254249,2026-06-12 03:41:55.398941,2026-06-12 03:41:57.234774,0 days 00:00:01.835833,,,,,,,,,,,,,,,LinearRegression,,,,,,4,,,,,,,,True,-0.009328951181254853,0.006365120368995349,98.0,-0.0014819154061297525,0.007847035775125102,0.039344066827790417,1.9844674545084815,6.287195247229688,6.42679647527881,98.0,6.356995861254249,0.06980061402456049,0.34997164553634663,1.9844674545084815,235886708151200.8,474602375894648.7,98.0,355244542022924.75,119357833871723.94,598445416440649.1,1.9844674545084815,15.80193508024833,16.41810392631958,98.0,16.110019503283954,0.3080844230356254,1.5446971921472672,1.9844674545084815,6.042029068992431,6.266822784273447,98.0,6.154425926632939,0.11239685764050801,0.563543942575092,1.9844674545084815,99.0,0.47474747474747475,-0.014109422056916229,0.01717128971297138,98.0,0.0015309338280275761,0.015640355884943804,0.07841880995347493,1.9844674545084815,LinearRegression,"{'mode': 'original', 'type': 'LinearRegression'}",4,"['l1_T2W40', 'l3_T2W40', 'z_l1_T2W40', 'z_l3_T2W40']",0.14611992355236142,0.2031304215151593,98.0,0.17462517253376036,0.028505248981398938,0.142921792764362,1.9844674545084815,7.462280019951235,7.63337186388657,98.0,7.547825941918902,0.08554592196766769,0.4289166721286171,1.9844674545084815,completed,True,COMPLETE
41,6.77138482376106,2026-06-12 03:41:57.248882,2026-06-12 03:41:59.034134,0 days 00:00:01.785252,,,,,,,,,,,,,,,LinearRegression,,,,,,20,,,,,,,,True,-0.08183936628892827,-0.05152700526407739,98.0,-0.06668318577650283,0.015156180512425434,0.07599121452016248,1.9844674545084815,6.6600581315422405,6.882711515979879,98.0,6.77138482376106,0.1113266922188189,0.5581782655125256,1.9844674545084815,187177601245557.12,379415356980387.0,98.0,283296479112972.06,96118877867414.95,481928165309977.7,1.9844674545084815,19.04793814883108,20.562566546348968,98.0,19.805252347590024,0.7573141987589429,3.7970797253223156,1.9844674545084815,5.863461834871632,6.189524224992459,98.0,6.026493029932046,0.16303119506041364,0.8174182477674748,1.9844674545084815,99.0,0.8787878787878788,-0.2422418958411638,-0.1641959117301961,98.0,-0.20321890378567994,0.03902299205548383,0.19565645566676587,1.9844674545084815,LinearRegression,"{'mode': 'original', 'type': 'LinearRegression'}",20,"['nodes_T2W40', 're_T2W40', 'pe_T2W40', 'l1_T2W40', 'l2_T2W40', 'l3_T2W40', 'lcc_T2W40', 'lsc_T2W40', 'atd_T2W40', 'density_T2W40', 'diameter_T2W40', 'z_re_T2W40', 'z_pe_T2W40', 'z_l1_T2W40', 'z_l2_T2W40', 'z_l3_T2W40', 'z_lsc_T2W40', 'z_density_T2W40', 'z_diameter_T2W40', 'z_asp_T2W40']",0.0026638128900601243,0.05839429665714336,98.0,0.03052905477360174,0.027865241883541617,0.13971287633401003,1.9844674545084815,8.120809084526568,8.40529898149284,98.0,8.263054033009704,0.1422449484831353,0.7131985783442994,1.9844674545084815,completed,True,COMPLETE
42,6.2457894745592535,2026-06-12 03:41:59.046182,2026-06-12 03:42:00.682140,0 days 00:00:01.635958,,,,,,,,,,,,,,,LinearRegression,,,,,,6,,,,,,,,True,0.007903916668529458,0.024190210634817307,98.0,0.016047063651673382,0.008143146983143924,0.04082873180073233,1.9844674545084815,6.174844740518435,6.316734208600072,98.0,6.2457894745592535,0.07094473404081855,0.3557081217891202,1.9844674545084815,234463943574160.9,471820119978100.75,98.0,353142031776130.8,118678088201969.9,595037255725811.9,1.9844674545084815,15.945714230825976,16.70687079448856,98.0,16.326292512657268,0.3805782818312922,1.908172433856057,1.9844674545084815,5.816459063163344,6.035840582264403,98.0,5.926149822713874,0.10969075955052984,0.5499759014515686,1.9844674545084815,99.0,0.3939393939393939,0.00800577278807332,0.03843756338910875,98.0,0.023221668088591035,0.015215895300517715,0.07629061708192443,1.9844674545084815,LinearRegression,"{'mode': 'original', 'type': 'LinearRegression'}",6,"['pe_T2W40', 'l1_T2W40', 'l2_T2W40', 'l3_T2W40', 'z_l1_T2W40', 'z_l3_T2W40']",0.1586455640311919,0.20837664149089624,98.0,0.18351110276104407,0.02486553872985216,0.124672735735134,1.9844674545084815,7.378905373809465,7.552537385745051,98.0,7.465721379777258,0.0868160059677929,0.4352847162168368,1.9844674545084815,completed,True,COMPLETE
43,6.212782226303051,2026-06-12 03:42:00.693990,2026-06-12 03:42:02.489316,0 days 00:00:01.795326,,,,,,,,,,,,,,,LinearRegression,,,,,,5,,,,,,,,True,0.01299347715157327,0.029432390719067794,98.0,0.021212933935320533,0.008219456783747263,0.041211339702695825,1.9844674545084815,6.142391493308462,6.28317295929764,98.0,6.212782226303051,0.0703907329945892,0.3529304290641032,1.9844674545084815,237411150288175.25,477632720242839.5,98.0,357521935265507.4,120110784977332.12,602220620156556.1,1.9844674545084815,15.731074042350965,16.340094407809676,98.0,16.03558422508032,0.30451018272935493,1.5267763933261038,1.9844674545084815,5.763089453055207,5.983386481410976,98.0,5.873237967233091,0.11014851417788496,0.5522710265364422,1.9844674545084815,99.0,0.3333333333333333,0.021616907996486072,0.051448645047786616,98.0,0.036532776522136344,0.014915868525650272,0.07478631994109447,1.9844674545084815,LinearRegression,"{'mode': 'original', 'type': 'LinearRegression'}",5,"['l1_T2W40', 'l2_T2W40', 'l3_T2W40', 'z_l1_T2W40', 'z_l3_T2W40']",0.1823653315076709,0.234242313625432,98.0,0.20830382256655144,0.025938491058880537,0.13005238600640512,1.9844674545084815,7.330049323384752,7.4984283729475765,98.0,7.414238848166164,0.08418952478141276,0.4221158644006581,1.9844674545084815,completed,True,COMPLETE
44,6.212782226303051,2026-06-12 03:42:02.501532,2026-06-12 03:42:04.598819,0 days 00:00:02.097287,,,,,,,,,,,,,,,LinearRegression,,,,,,5,,,,,,,,True,0.01299347715157327,0.029432390719067794,98.0,0.021212933935320533,0.008219456783747263,0.041211339702695825,1.9844674545084815,6.142391493308462,6.28317295929764,98.0,6.212782226303051,0.0703907329945892,0.3529304290641032,1.9844674545084815,237411150288175.25,477632720242839.5,98.0,357521935265507.4,120110784977332.12,602220620156556.1,1.9844674545084815,15.731074042350965,16.340094407809676,98.0,16.03558422508032,0.30451018272935493,1.5267763933261038,1.9844674545084815,5.763089453055207,5.983386481410976,98.0,5.873237967233091,0.11014851417788496,0.5522710265364422,1.9844674545084815,99.0,0.3333333333333333,0.021616907996486072,0.051448645047786616,98.0,0.036532776522136344,0.014915868525650272,0.07478631994109447,1.9844674545084815,LinearRegression,"{'mode': 'original', 'type': 'LinearRegression'}",5,"['l1_T2W40', 'l2_T2W40', 'l3_T2W40', 'z_l1_T2W40', 'z_l3_T2W40']",0.1823653315076709,0.234242313625432,98.0,0.20830382256655144,0.025938491058880537,0.13005238600640512,1.9844674545084815,7.330049323384752,7.4984283729475765,98.0,7.414238848166164,0.08418952478141276,0.4221158644006581,1.9844674545084815,completed,True,COMPLETE
45,6.538081968197821,2026-06-12 03:42:04.611201,2026-06-12 03:42:06.258082,0 days 00:00:01.646881,,,,,,,,,,,,,,,LinearRegression,,,,,,3,,,,,,,,True,-0.035655577958937146,-0.02423352801803462,98.0,-0.029944552988485883,0.005711024970451265,0.02863437284240394,1.9844674545084815,6.474256575340457,6.601907361055185,98.0,6.538081968197821,0.06382539285736391,0.3200126256401665,1.9844674545084815,254192643609320.72,511399390936829.5,98.0,382796017273075.1,128603373663754.4,644801409437360.4,1.9844674545084815,16.356322413955226,17.030312905808252,98.0,16.69331765988174,0.33699524592651325,1.6896524823310144,1.9844674545084815,6.13720395463704,6.330092540485151,98.0,6.233648247561096,0.09644429292405561,0.48355975615550756,1.9844674545084815,99.0,0.7070707070707071,-0.04523079356407089,-0.023028323326698866,98.0,-0.03412955844538488,0.011101235118686015,0.055660219845707695,1.9844674545084815,LinearRegression,"{'mode': 'original', 'type': 'LinearRegression'}",3,"['l1_T2W40', 'z_l1_T2W40', 'z_l3_T2W40']",-0.02187903116641893,0.04056479461905607,98.0,0.009342881726318569,0.0312219128927375,0.1565428096093689,1.9844674545084815,7.601298350278852,7.772614836632985,98.0,7.6869565934559185,0.08565824317706676,0.4294798367802661,1.9844674545084815,completed,True,COMPLETE
46,6.519538083191653,2026-06-12 03:42:06.270280,2026-06-12 03:42:07.920910,0 days 00:00:01.650630,2.0,5.0,15.0,,,,,,,,,,,,DecisionTreeRegressor,,,,,,5,,,,,,,,False,-0.036805648250550015,-0.017010640881705202,98.0,-0.02690814456612761,0.009897503684422406,0.04962485931600189,1.9844674545084815,6.435438515258299,6.603637651125008,98.0,6.519538083191653,0.08409956793335459,0.42166483189067044,1.9844674545084815,257214164119155.94,525696570774807.44,98.0,391455367446981.7,134241203327825.75,673068790066625.6,1.9844674545084815,16.65205283386101,17.45597359371661,98.0,17.05401321378881,0.40196037992780176,2.0153796290996686,1.9844674545084815,5.962463504565878,6.213214332365877,98.0,6.087838918465877,0.12537541389999973,0.6286168184271891,1.9844674545084815,99.0,0.6464646464646465,-0.06184974666729887,-0.02206516165592807,98.0,-0.04195745416161347,0.019892292505685402,0.09973749427555831,1.9844674545084815,DecisionTreeRegressor,"{'mode': 'original', 'type': 'DecisionTreeRegressor'}",5,"['re_T2W40', 'z_pe_T2W40', 'z_density_T2W40', 'z_diameter_T2W40', 'z_asp_T2W40']",0.06967970768952601,0.12599045630836347,98.0,0.09783508199894474,0.028155374309418727,0.14116756443276998,1.9844674545084815,7.60703273008943,7.810251026285116,98.0,7.708641878187273,0.10160914809784333,0.5094557011896212,1.9844674545084815,completed,False,COMPLETE
47,6.52523019047363,2026-06-12 03:42:07.932977,2026-06-12 03:42:09.602604,0 days 00:00:01.669627,,,,,,,,,,,,,,,LinearRegression,,,,,,2,,,,,,,,True,-0.031896453329401574,-0.024034700048249983,98.0,-0.02796557668882578,0.003930876640575796,0.019708929291347443,1.9844674545084815,6.468621346727482,6.581839034219779,98.0,6.52523019047363,0.05660884374614827,0.28382974096443386,1.9844674545084815,256504991423378.06,516049529461921.7,98.0,386277260442649.9,129772269019271.8,650662106176880.1,1.9844674545084815,16.406227815463044,17.150891104036514,98.0,16.77855945974978,0.37233164428673476,1.86682481318047,1.9844674545084815,6.195520619347223,6.378517349018774,98.0,6.287018984182999,0.09149836483577568,0.45876148445046633,1.9844674545084815,99.0,0.8383838383838383,-0.03382868862636772,-0.02147358828649941,98.0,-0.027651138456433563,0.006177550169934153,0.030973472491151288,1.9844674545084815,LinearRegression,"{'mode': 'original', 'type': 'LinearRegression'}",2,"['l1_T2W40', 'z_l1_T2W40']",-0.11320865041582007,-0.05944438752800424,98.0,-0.08632651897191215,0.02688213144390791,0.13478368218420633,1.9844674545084815,7.586182165391229,7.743092477083827,98.0,7.664637321237528,0.07845515584629927,0.39336444780670066,1.9844674545084815,completed,True,COMPLETE
48,6.301920863326791,2026-06-12 03:42:09.615421,2026-06-12 03:42:11.609481,0 days 00:00:01.994060,,,,0.018213899818266138,0.0032829698674665675,,,,,,,,,,ElasticNet,,,,,,8,,,,,,,,True,-0.001231963916547501,0.015746910284074652,98.0,0.007257473183763575,0.008489437100311076,0.04256498761784189,1.9844674545084815,6.227760132846971,6.376081593806612,98.0,6.301920863326791,0.07416073047982039,0.37183273016864643,1.9844674545084815,216571740345638.6,436187150476405.25,98.0,326379445411021.94,109807705065383.34,550562251798815.9,1.9844674545084815,15.790726737704967,16.503679094590396,98.0,16.14720291614768,0.35647617844271434,1.787327468497733,1.9844674545084815,5.847334240206751,6.0873781347452,98.0,5.967356187475976,0.12002194726922422,0.6017751988758598,1.9844674545084815,99.0,0.35353535353535354,0.004090282097013273,0.033477393035037675,98.0,0.018783837566025474,0.014693555469012201,0.07367166977156352,1.9844674545084815,ElasticNet,"{'mode': 'original', 'type': 'ElasticNet'}",8,"['pe_T2W40', 'l1_T2W40', 'l3_T2W40', 'z_l1_T2W40', 'z_l3_T2W40', 'z_density_T2W40', 'z_diameter_T2W40', 'z_asp_T2W40']",0.13498752019255872,0.18659149016253995,98.0,0.16078950517754934,0.025801984984990627,0.12936796143546728,1.9844674545084815,7.397392545713392,7.568874619632125,98.0,7.4831335826727585,0.08574103695936659,0.4298949545644944,1.9844674545084815,completed,True,COMPLETE
49,6.3872053872053876,2026-06-12 03:42:11.623369,2026-06-12 03:42:13.732155,0 days 00:00:02.108786,,,,,,,,,,,,,,5.207135611251041,QuantileRegressor,,,,,,4,,,,,,,,True,-0.007992527421934447,-0.00429965925489195,98.0,-0.0061460933384131985,0.001846434083521248,0.009257792121383793,1.9844674545084815,6.333868776470206,6.440541997940569,98.0,6.3872053872053876,0.05333661073518113,0.2674231693686085,1.9844674545084815,234191657479173.8,471422829592568.56,98.0,352807243535871.2,118615586056697.36,594723877699898.1,1.9844674545084815,16.985539820030116,17.68112684663655,98.0,17.333333333333332,0.3477935133032172,1.7437936593905288,1.9844674545084815,5.9145229356457625,6.0854770643542375,98.0,6.0,0.08547706435423776,0.4285714285714286,1.9844674545084815,99.0,0.98989898989899,-0.025917830679462114,-0.019638213574543782,98.0,-0.02277802212700295,0.0031398085524591652,0.015742611739584158,1.9844674545084815,QuantileRegressor,"{'mode': 'original', 'type': 'QuantileRegressor'}",4,"['z_lsc_T2W40', 'z_density_T2W40', 'z_diameter_T2W40', 'z_asp_T2W40']",,,,,,,,7.5708224151229,7.723797549062184,98.0,7.647309982092542,0.07648756696964237,0.383499200537381,1.9844674545084815,completed,True,COMPLETE
50,6.430446514075937,2026-06-12 03:42:13.744608,2026-06-12 03:42:13.899791,0 days 00:00:00.155183,,,,,,,,,,,,,,,LinearRegression,,,,,,7,,,,,,,,False,,,,,,,,,,,,,,,,,,,,,,,,,,,,,,,,,,,,,,,,,,,,,LinearRegression,"{'mode': 'original', 'type': 'LinearRegression'}",7,"['l2_T2W40', 'l3_T2W40', 'atd_T2W40', 'density_T2W40', 'z_l2_T2W40', 'z_l3_T2W40', 'z_asp_T2W40']",,,,,,,,,,,,,,,pruned,False,PRUNED
51,6.212782226303051,2026-06-12 03:42:13.910841,2026-06-12 03:42:15.759942,0 days 00:00:01.849101,,,,,,,,,,,,,,,LinearRegression,,,,,,5,,,,,,,,True,0.01299347715157327,0.029432390719067794,98.0,0.021212933935320533,0.008219456783747263,0.041211339702695825,1.9844674545084815,6.142391493308462,6.28317295929764,98.0,6.212782226303051,0.0703907329945892,0.3529304290641032,1.9844674545084815,237411150288175.25,477632720242839.5,98.0,357521935265507.4,120110784977332.12,602220620156556.1,1.9844674545084815,15.731074042350965,16.340094407809676,98.0,16.03558422508032,0.30451018272935493,1.5267763933261038,1.9844674545084815,5.763089453055207,5.983386481410976,98.0,5.873237967233091,0.11014851417788496,0.5522710265364422,1.9844674545084815,99.0,0.3333333333333333,0.021616907996486072,0.051448645047786616,98.0,0.036532776522136344,0.014915868525650272,0.07478631994109447,1.9844674545084815,LinearRegression,"{'mode': 'original', 'type': 'LinearRegression'}",5,"['l1_T2W40', 'l2_T2W40', 'l3_T2W40', 'z_l1_T2W40', 'z_l3_T2W40']",0.1823653315076709,0.234242313625432,98.0,0.20830382256655144,0.025938491058880537,0.13005238600640512,1.9844674545084815,7.330049323384752,7.4984283729475765,98.0,7.414238848166164,0.08418952478141276,0.4221158644006581,1.9844674545084815,completed,True,COMPLETE
52,6.212782226303051,2026-06-12 03:42:15.773419,2026-06-12 03:42:17.562528,0 days 00:00:01.789109,,,,,,,,,,,,,,,LinearRegression,,,,,,5,,,,,,,,True,0.01299347715157327,0.029432390719067794,98.0,0.021212933935320533,0.008219456783747263,0.041211339702695825,1.9844674545084815,6.142391493308462,6.28317295929764,98.0,6.212782226303051,0.0703907329945892,0.3529304290641032,1.9844674545084815,237411150288175.25,477632720242839.5,98.0,357521935265507.4,120110784977332.12,602220620156556.1,1.9844674545084815,15.731074042350965,16.340094407809676,98.0,16.03558422508032,0.30451018272935493,1.5267763933261038,1.9844674545084815,5.763089453055207,5.983386481410976,98.0,5.873237967233091,0.11014851417788496,0.5522710265364422,1.9844674545084815,99.0,0.3333333333333333,0.021616907996486072,0.051448645047786616,98.0,0.036532776522136344,0.014915868525650272,0.07478631994109447,1.9844674545084815,LinearRegression,"{'mode': 'original', 'type': 'LinearRegression'}",5,"['l1_T2W40', 'l2_T2W40', 'l3_T2W40', 'z_l1_T2W40', 'z_l3_T2W40']",0.1823653315076709,0.234242313625432,98.0,0.20830382256655144,0.025938491058880537,0.13005238600640512,1.9844674545084815,7.330049323384752,7.4984283729475765,98.0,7.414238848166164,0.08418952478141276,0.4221158644006581,1.9844674545084815,completed,True,COMPLETE
53,6.212782226303051,2026-06-12 03:42:17.574332,2026-06-12 03:42:19.315688,0 days 00:00:01.741356,,,,,,,,,,,,,,,LinearRegression,,,,,,5,,,,,,,,True,0.01299347715157327,0.029432390719067794,98.0,0.021212933935320533,0.008219456783747263,0.041211339702695825,1.9844674545084815,6.142391493308462,6.28317295929764,98.0,6.212782226303051,0.0703907329945892,0.3529304290641032,1.9844674545084815,237411150288175.25,477632720242839.5,98.0,357521935265507.4,120110784977332.12,602220620156556.1,1.9844674545084815,15.731074042350965,16.340094407809676,98.0,16.03558422508032,0.30451018272935493,1.5267763933261038,1.9844674545084815,5.763089453055207,5.983386481410976,98.0,5.873237967233091,0.11014851417788496,0.5522710265364422,1.9844674545084815,99.0,0.3333333333333333,0.021616907996486072,0.051448645047786616,98.0,0.036532776522136344,0.014915868525650272,0.07478631994109447,1.9844674545084815,LinearRegression,"{'mode': 'original', 'type': 'LinearRegression'}",5,"['l1_T2W40', 'l2_T2W40', 'l3_T2W40', 'z_l1_T2W40', 'z_l3_T2W40']",0.1823653315076709,0.234242313625432,98.0,0.20830382256655144,0.025938491058880537,0.13005238600640512,1.9844674545084815,7.330049323384752,7.4984283729475765,98.0,7.414238848166164,0.08418952478141276,0.4221158644006581,1.9844674545084815,completed,True,COMPLETE
