number,value,datetime_start,datetime_complete,duration,params_dt_max_depth,params_dt_min_samples_leaf,params_dt_min_samples_split,params_elastic_alpha,params_elastic_l1_ratio,params_et_max_depth,params_et_max_features,params_et_min_samples_leaf,params_et_min_samples_split,params_et_n_estimators,params_knn_metric,params_knn_n_neighbors,params_knn_weights,params_quantile_alpha,params_regressor,params_rf_max_depth,params_rf_max_features,params_rf_min_samples_leaf,params_rf_min_samples_split,params_rf_n_estimators,params_rfe_n_features,params_rfe_proxy_et_max_depth,params_rfe_proxy_et_min_samples_leaf,params_rfe_proxy_et_min_samples_split,params_rfe_proxy_et_n_estimators,params_rfe_proxy_lsvr_C,params_rfe_proxy_lsvr_epsilon,params_rfe_proxy_type,params_use_scaler,user_attrs_d2mae_ci_lower_val,user_attrs_d2mae_ci_upper_val,user_attrs_d2mae_df_val,user_attrs_d2mae_mean_val,user_attrs_d2mae_samperror_val,user_attrs_d2mae_std_val,user_attrs_d2mae_t_critical_val,user_attrs_mae_ci_lower_val,user_attrs_mae_ci_upper_val,user_attrs_mae_df_val,user_attrs_mae_mean_val,user_attrs_mae_samperror_val,user_attrs_mae_std_val,user_attrs_mae_t_critical_val,user_attrs_mape_ci_lower_val,user_attrs_mape_ci_upper_val,user_attrs_mape_df_val,user_attrs_mape_mean_val,user_attrs_mape_samperror_val,user_attrs_mape_std_val,user_attrs_mape_t_critical_val,user_attrs_max_error_ci_lower_val,user_attrs_max_error_ci_upper_val,user_attrs_max_error_df_val,user_attrs_max_error_mean_val,user_attrs_max_error_samperror_val,user_attrs_max_error_std_val,user_attrs_max_error_t_critical_val,user_attrs_median_ae_ci_lower_val,user_attrs_median_ae_ci_upper_val,user_attrs_median_ae_df_val,user_attrs_median_ae_mean_val,user_attrs_median_ae_samperror_val,user_attrs_median_ae_std_val,user_attrs_median_ae_t_critical_val,user_attrs_n_splits_val,user_attrs_r2_below_zero_val,user_attrs_r2_ci_lower_val,user_attrs_r2_ci_upper_val,user_attrs_r2_df_val,user_attrs_r2_mean_val,user_attrs_r2_samperror_val,user_attrs_r2_std_val,user_attrs_r2_t_critical_val,user_attrs_regressor_final,user_attrs_rfe_estimator,user_attrs_rfe_n_features,user_attrs_rfe_selected_features,user_attrs_rho_ci_lower_val,user_attrs_rho_ci_upper_val,user_attrs_rho_df_val,user_attrs_rho_mean_val,user_attrs_rho_samperror_val,user_attrs_rho_std_val,user_attrs_rho_t_critical_val,user_attrs_rmse_ci_lower_val,user_attrs_rmse_ci_upper_val,user_attrs_rmse_df_val,user_attrs_rmse_mean_val,user_attrs_rmse_samperror_val,user_attrs_rmse_std_val,user_attrs_rmse_t_critical_val,user_attrs_termination_reason,user_attrs_use_scaler_final,state
183,6.212782226303051,2026-06-12 03:48:14.209106,2026-06-12 03:48:15.831869,0 days 00:00:01.622763,,,,,,,,,,,,,,,LinearRegression,,,,,,5,,,,,,,,True,0.01299347715157327,0.029432390719067794,98.0,0.021212933935320533,0.008219456783747263,0.041211339702695825,1.9844674545084815,6.142391493308462,6.28317295929764,98.0,6.212782226303051,0.0703907329945892,0.3529304290641032,1.9844674545084815,237411150288175.25,477632720242839.5,98.0,357521935265507.4,120110784977332.12,602220620156556.1,1.9844674545084815,15.731074042350965,16.340094407809676,98.0,16.03558422508032,0.30451018272935493,1.5267763933261038,1.9844674545084815,5.763089453055207,5.983386481410976,98.0,5.873237967233091,0.11014851417788496,0.5522710265364422,1.9844674545084815,99.0,0.3333333333333333,0.021616907996486072,0.051448645047786616,98.0,0.036532776522136344,0.014915868525650272,0.07478631994109447,1.9844674545084815,LinearRegression,"{'mode': 'original', 'type': 'LinearRegression'}",5,"['l1_T2W40', 'l2_T2W40', 'l3_T2W40', 'z_l1_T2W40', 'z_l3_T2W40']",0.1823653315076709,0.234242313625432,98.0,0.20830382256655144,0.025938491058880537,0.13005238600640512,1.9844674545084815,7.330049323384752,7.4984283729475765,98.0,7.414238848166164,0.08418952478141276,0.4221158644006581,1.9844674545084815,completed,True,COMPLETE
184,6.247037889128973,2026-06-12 03:48:15.844088,2026-06-12 03:48:16.000845,0 days 00:00:00.156757,,,,,,,,,,,,,,,LinearRegression,,,,,,4,,,,,,,,True,,,,,,,,,,,,,,,,,,,,,,,,,,,,,,,,,,,,,,,,,,,,,LinearRegression,"{'mode': 'original', 'type': 'LinearRegression'}",4,"['l1_T2W40', 'l3_T2W40', 'z_l1_T2W40', 'z_l3_T2W40']",,,,,,,,,,,,,,,pruned,True,PRUNED
185,6.2457894745592535,2026-06-12 03:48:16.010560,2026-06-12 03:48:17.679592,0 days 00:00:01.669032,,,,,,,,,,,,,,,LinearRegression,,,,,,6,,,,,,,,True,0.007903916668529458,0.024190210634817307,98.0,0.016047063651673382,0.008143146983143924,0.04082873180073233,1.9844674545084815,6.174844740518435,6.316734208600072,98.0,6.2457894745592535,0.07094473404081855,0.3557081217891202,1.9844674545084815,234463943574160.9,471820119978100.75,98.0,353142031776130.8,118678088201969.9,595037255725811.9,1.9844674545084815,15.945714230825976,16.70687079448856,98.0,16.326292512657268,0.3805782818312922,1.908172433856057,1.9844674545084815,5.816459063163344,6.035840582264403,98.0,5.926149822713874,0.10969075955052984,0.5499759014515686,1.9844674545084815,99.0,0.3939393939393939,0.00800577278807332,0.03843756338910875,98.0,0.023221668088591035,0.015215895300517715,0.07629061708192443,1.9844674545084815,LinearRegression,"{'mode': 'original', 'type': 'LinearRegression'}",6,"['pe_T2W40', 'l1_T2W40', 'l2_T2W40', 'l3_T2W40', 'z_l1_T2W40', 'z_l3_T2W40']",0.1586455640311919,0.20837664149089624,98.0,0.18351110276104407,0.02486553872985216,0.124672735735134,1.9844674545084815,7.378905373809465,7.552537385745051,98.0,7.465721379777258,0.0868160059677929,0.4352847162168368,1.9844674545084815,completed,True,COMPLETE
186,6.212782226303051,2026-06-12 03:48:17.692503,2026-06-12 03:48:19.414790,0 days 00:00:01.722287,,,,,,,,,,,,,,,LinearRegression,,,,,,5,,,,,,,,True,0.01299347715157327,0.029432390719067794,98.0,0.021212933935320533,0.008219456783747263,0.041211339702695825,1.9844674545084815,6.142391493308462,6.28317295929764,98.0,6.212782226303051,0.0703907329945892,0.3529304290641032,1.9844674545084815,237411150288175.25,477632720242839.5,98.0,357521935265507.4,120110784977332.12,602220620156556.1,1.9844674545084815,15.731074042350965,16.340094407809676,98.0,16.03558422508032,0.30451018272935493,1.5267763933261038,1.9844674545084815,5.763089453055207,5.983386481410976,98.0,5.873237967233091,0.11014851417788496,0.5522710265364422,1.9844674545084815,99.0,0.3333333333333333,0.021616907996486072,0.051448645047786616,98.0,0.036532776522136344,0.014915868525650272,0.07478631994109447,1.9844674545084815,LinearRegression,"{'mode': 'original', 'type': 'LinearRegression'}",5,"['l1_T2W40', 'l2_T2W40', 'l3_T2W40', 'z_l1_T2W40', 'z_l3_T2W40']",0.1823653315076709,0.234242313625432,98.0,0.20830382256655144,0.025938491058880537,0.13005238600640512,1.9844674545084815,7.330049323384752,7.4984283729475765,98.0,7.414238848166164,0.08418952478141276,0.4221158644006581,1.9844674545084815,completed,True,COMPLETE
187,6.247037889128973,2026-06-12 03:48:19.427987,2026-06-12 03:48:19.564935,0 days 00:00:00.136948,,,,,,,,,,,,,,,LinearRegression,,,,,,4,,,,,,,,True,,,,,,,,,,,,,,,,,,,,,,,,,,,,,,,,,,,,,,,,,,,,,LinearRegression,"{'mode': 'original', 'type': 'LinearRegression'}",4,"['l1_T2W40', 'l3_T2W40', 'z_l1_T2W40', 'z_l3_T2W40']",,,,,,,,,,,,,,,pruned,True,PRUNED
188,6.212782226303051,2026-06-12 03:48:19.574215,2026-06-12 03:48:21.335900,0 days 00:00:01.761685,,,,,,,,,,,,,,,LinearRegression,,,,,,5,,,,,,,,True,0.01299347715157327,0.029432390719067794,98.0,0.021212933935320533,0.008219456783747263,0.041211339702695825,1.9844674545084815,6.142391493308462,6.28317295929764,98.0,6.212782226303051,0.0703907329945892,0.3529304290641032,1.9844674545084815,237411150288175.25,477632720242839.5,98.0,357521935265507.4,120110784977332.12,602220620156556.1,1.9844674545084815,15.731074042350965,16.340094407809676,98.0,16.03558422508032,0.30451018272935493,1.5267763933261038,1.9844674545084815,5.763089453055207,5.983386481410976,98.0,5.873237967233091,0.11014851417788496,0.5522710265364422,1.9844674545084815,99.0,0.3333333333333333,0.021616907996486072,0.051448645047786616,98.0,0.036532776522136344,0.014915868525650272,0.07478631994109447,1.9844674545084815,LinearRegression,"{'mode': 'original', 'type': 'LinearRegression'}",5,"['l1_T2W40', 'l2_T2W40', 'l3_T2W40', 'z_l1_T2W40', 'z_l3_T2W40']",0.1823653315076709,0.234242313625432,98.0,0.20830382256655144,0.025938491058880537,0.13005238600640512,1.9844674545084815,7.330049323384752,7.4984283729475765,98.0,7.414238848166164,0.08418952478141276,0.4221158644006581,1.9844674545084815,completed,True,COMPLETE
189,6.2571313914656885,2026-06-12 03:48:21.348633,2026-06-12 03:48:21.546644,0 days 00:00:00.198011,,,,0.0016327817906243694,0.8172150171075352,,,,,,,,,,ElasticNet,,,,,,6,,,,,,,,True,,,,,,,,,,,,,,,,,,,,,,,,,,,,,,,,,,,,,,,,,,,,,ElasticNet,"{'mode': 'original', 'type': 'ElasticNet'}",6,"['l1_T2W40', 'l3_T2W40', 'atd_T2W40', 'density_T2W40', 'z_l1_T2W40', 'z_l3_T2W40']",,,,,,,,,,,,,,,pruned,True,PRUNED
190,6.247037889128973,2026-06-12 03:48:21.556807,2026-06-12 03:48:21.719390,0 days 00:00:00.162583,,,,,,,,,,,,,,,LinearRegression,,,,,,4,,,,,,,,True,,,,,,,,,,,,,,,,,,,,,,,,,,,,,,,,,,,,,,,,,,,,,LinearRegression,"{'mode': 'original', 'type': 'LinearRegression'}",4,"['l1_T2W40', 'l3_T2W40', 'z_l1_T2W40', 'z_l3_T2W40']",,,,,,,,,,,,,,,pruned,True,PRUNED
191,6.35173194195315,2026-06-12 03:48:21.729795,2026-06-12 03:48:22.021991,0 days 00:00:00.292196,,,,,,,,,,,manhattan,14.0,distance,,KNeighborsRegressor,,,,,,5,,,,,0.13084754646981714,0.0061983411892168865,LinearSVR,,,,,,,,,,,,,,,,,,,,,,,,,,,,,,,,,,,,,,,,,,,,,,KNeighborsRegressor,"{'mode': 'proxy', 'type': 'LinearSVR'}",5,"['nodes_T2W40', 'z_re_T2W40', 'z_pe_T2W40', 'z_l2_T2W40', 'z_asp_T2W40']",,,,,,,,,,,,,,,pruned,True,PRUNED
192,6.212782226303051,2026-06-12 03:48:22.035597,2026-06-12 03:48:23.712872,0 days 00:00:01.677275,,,,,,,,,,,,,,,LinearRegression,,,,,,5,,,,,,,,True,0.01299347715157327,0.029432390719067794,98.0,0.021212933935320533,0.008219456783747263,0.041211339702695825,1.9844674545084815,6.142391493308462,6.28317295929764,98.0,6.212782226303051,0.0703907329945892,0.3529304290641032,1.9844674545084815,237411150288175.25,477632720242839.5,98.0,357521935265507.4,120110784977332.12,602220620156556.1,1.9844674545084815,15.731074042350965,16.340094407809676,98.0,16.03558422508032,0.30451018272935493,1.5267763933261038,1.9844674545084815,5.763089453055207,5.983386481410976,98.0,5.873237967233091,0.11014851417788496,0.5522710265364422,1.9844674545084815,99.0,0.3333333333333333,0.021616907996486072,0.051448645047786616,98.0,0.036532776522136344,0.014915868525650272,0.07478631994109447,1.9844674545084815,LinearRegression,"{'mode': 'original', 'type': 'LinearRegression'}",5,"['l1_T2W40', 'l2_T2W40', 'l3_T2W40', 'z_l1_T2W40', 'z_l3_T2W40']",0.1823653315076709,0.234242313625432,98.0,0.20830382256655144,0.025938491058880537,0.13005238600640512,1.9844674545084815,7.330049323384752,7.4984283729475765,98.0,7.414238848166164,0.08418952478141276,0.4221158644006581,1.9844674545084815,completed,True,COMPLETE
193,6.212782226303051,2026-06-12 03:48:23.725336,2026-06-12 03:48:25.394482,0 days 00:00:01.669146,,,,,,,,,,,,,,,LinearRegression,,,,,,5,,,,,,,,True,0.01299347715157327,0.029432390719067794,98.0,0.021212933935320533,0.008219456783747263,0.041211339702695825,1.9844674545084815,6.142391493308462,6.28317295929764,98.0,6.212782226303051,0.0703907329945892,0.3529304290641032,1.9844674545084815,237411150288175.25,477632720242839.5,98.0,357521935265507.4,120110784977332.12,602220620156556.1,1.9844674545084815,15.731074042350965,16.340094407809676,98.0,16.03558422508032,0.30451018272935493,1.5267763933261038,1.9844674545084815,5.763089453055207,5.983386481410976,98.0,5.873237967233091,0.11014851417788496,0.5522710265364422,1.9844674545084815,99.0,0.3333333333333333,0.021616907996486072,0.051448645047786616,98.0,0.036532776522136344,0.014915868525650272,0.07478631994109447,1.9844674545084815,LinearRegression,"{'mode': 'original', 'type': 'LinearRegression'}",5,"['l1_T2W40', 'l2_T2W40', 'l3_T2W40', 'z_l1_T2W40', 'z_l3_T2W40']",0.1823653315076709,0.234242313625432,98.0,0.20830382256655144,0.025938491058880537,0.13005238600640512,1.9844674545084815,7.330049323384752,7.4984283729475765,98.0,7.414238848166164,0.08418952478141276,0.4221158644006581,1.9844674545084815,completed,True,COMPLETE
194,6.2457894745592535,2026-06-12 03:48:25.407139,2026-06-12 03:48:27.140969,0 days 00:00:01.733830,,,,,,,,,,,,,,,LinearRegression,,,,,,6,,,,,,,,True,0.007903916668529458,0.024190210634817307,98.0,0.016047063651673382,0.008143146983143924,0.04082873180073233,1.9844674545084815,6.174844740518435,6.316734208600072,98.0,6.2457894745592535,0.07094473404081855,0.3557081217891202,1.9844674545084815,234463943574160.9,471820119978100.75,98.0,353142031776130.8,118678088201969.9,595037255725811.9,1.9844674545084815,15.945714230825976,16.70687079448856,98.0,16.326292512657268,0.3805782818312922,1.908172433856057,1.9844674545084815,5.816459063163344,6.035840582264403,98.0,5.926149822713874,0.10969075955052984,0.5499759014515686,1.9844674545084815,99.0,0.3939393939393939,0.00800577278807332,0.03843756338910875,98.0,0.023221668088591035,0.015215895300517715,0.07629061708192443,1.9844674545084815,LinearRegression,"{'mode': 'original', 'type': 'LinearRegression'}",6,"['pe_T2W40', 'l1_T2W40', 'l2_T2W40', 'l3_T2W40', 'z_l1_T2W40', 'z_l3_T2W40']",0.1586455640311919,0.20837664149089624,98.0,0.18351110276104407,0.02486553872985216,0.124672735735134,1.9844674545084815,7.378905373809465,7.552537385745051,98.0,7.465721379777258,0.0868160059677929,0.4352847162168368,1.9844674545084815,completed,True,COMPLETE
195,6.212782226303051,2026-06-12 03:48:27.155062,2026-06-12 03:48:28.902790,0 days 00:00:01.747728,,,,,,,,,,,,,,,LinearRegression,,,,,,5,,,,,,,,True,0.01299347715157327,0.029432390719067794,98.0,0.021212933935320533,0.008219456783747263,0.041211339702695825,1.9844674545084815,6.142391493308462,6.28317295929764,98.0,6.212782226303051,0.0703907329945892,0.3529304290641032,1.9844674545084815,237411150288175.25,477632720242839.5,98.0,357521935265507.4,120110784977332.12,602220620156556.1,1.9844674545084815,15.731074042350965,16.340094407809676,98.0,16.03558422508032,0.30451018272935493,1.5267763933261038,1.9844674545084815,5.763089453055207,5.983386481410976,98.0,5.873237967233091,0.11014851417788496,0.5522710265364422,1.9844674545084815,99.0,0.3333333333333333,0.021616907996486072,0.051448645047786616,98.0,0.036532776522136344,0.014915868525650272,0.07478631994109447,1.9844674545084815,LinearRegression,"{'mode': 'original', 'type': 'LinearRegression'}",5,"['l1_T2W40', 'l2_T2W40', 'l3_T2W40', 'z_l1_T2W40', 'z_l3_T2W40']",0.1823653315076709,0.234242313625432,98.0,0.20830382256655144,0.025938491058880537,0.13005238600640512,1.9844674545084815,7.330049323384752,7.4984283729475765,98.0,7.414238848166164,0.08418952478141276,0.4221158644006581,1.9844674545084815,completed,True,COMPLETE
196,6.247037889128973,2026-06-12 03:48:28.915582,2026-06-12 03:48:29.062771,0 days 00:00:00.147189,,,,,,,,,,,,,,,LinearRegression,,,,,,4,,,,,,,,True,,,,,,,,,,,,,,,,,,,,,,,,,,,,,,,,,,,,,,,,,,,,,LinearRegression,"{'mode': 'original', 'type': 'LinearRegression'}",4,"['l1_T2W40', 'l3_T2W40', 'z_l1_T2W40', 'z_l3_T2W40']",,,,,,,,,,,,,,,pruned,True,PRUNED
197,6.30876259505675,2026-06-12 03:48:29.073271,2026-06-12 03:49:01.010176,0 days 00:00:31.936905,,,,,,,,,,,,,,,RandomForestRegressor,7.0,sqrt,2.0,10.0,369.0,5,,,,,,,,False,-0.0033514718509115903,0.016274062601084945,98.0,0.006461295375086677,0.009812767225998267,0.049200001193963255,1.9844674545084815,6.223099911736134,6.3944252783773665,98.0,6.30876259505675,0.08566268332061634,0.42950209911085124,1.9844674545084815,236492295976259.25,478068307140451.75,98.0,357280301558355.5,120788005582096.23,605616120507842.8,1.9844674545084815,15.878527534948022,16.599043066321023,98.0,16.23878530063452,0.36025776568650025,1.806287879218208,1.9844674545084815,5.741168925955877,5.993280526252944,98.0,5.867224726104411,0.12605580014853332,0.632028190924798,1.9844674545084815,99.0,0.35353535353535354,0.007371619289406637,0.039104412982529896,98.0,0.023238016135968268,0.01586639684656163,0.07955215137749412,1.9844674545084815,RandomForestRegressor,"{'mode': 'original', 'type': 'RandomForestRegressor'}",5,"['re_T2W40', 'lsc_T2W40', 'z_re_T2W40', 'z_pe_T2W40', 'z_density_T2W40']",0.16305339720213274,0.2128335016619909,98.0,0.18794344943206182,0.024890052229929065,0.12479564339260464,1.9844674545084815,7.37366259179411,7.55838038850348,98.0,7.466021490148795,0.09235889835468446,0.4630760930804953,1.9844674545084815,completed,False,COMPLETE
198,6.2457894745592535,2026-06-12 03:49:01.023168,2026-06-12 03:49:02.677725,0 days 00:00:01.654557,,,,,,,,,,,,,,,LinearRegression,,,,,,6,,,,,,,,True,0.007903916668529458,0.024190210634817307,98.0,0.016047063651673382,0.008143146983143924,0.04082873180073233,1.9844674545084815,6.174844740518435,6.316734208600072,98.0,6.2457894745592535,0.07094473404081855,0.3557081217891202,1.9844674545084815,234463943574160.9,471820119978100.75,98.0,353142031776130.8,118678088201969.9,595037255725811.9,1.9844674545084815,15.945714230825976,16.70687079448856,98.0,16.326292512657268,0.3805782818312922,1.908172433856057,1.9844674545084815,5.816459063163344,6.035840582264403,98.0,5.926149822713874,0.10969075955052984,0.5499759014515686,1.9844674545084815,99.0,0.3939393939393939,0.00800577278807332,0.03843756338910875,98.0,0.023221668088591035,0.015215895300517715,0.07629061708192443,1.9844674545084815,LinearRegression,"{'mode': 'original', 'type': 'LinearRegression'}",6,"['pe_T2W40', 'l1_T2W40', 'l2_T2W40', 'l3_T2W40', 'z_l1_T2W40', 'z_l3_T2W40']",0.1586455640311919,0.20837664149089624,98.0,0.18351110276104407,0.02486553872985216,0.124672735735134,1.9844674545084815,7.378905373809465,7.552537385745051,98.0,7.465721379777258,0.0868160059677929,0.4352847162168368,1.9844674545084815,completed,True,COMPLETE
199,6.212782226303051,2026-06-12 03:49:02.691602,2026-06-12 03:49:04.451736,0 days 00:00:01.760134,,,,,,,,,,,,,,,LinearRegression,,,,,,5,,,,,,,,True,0.01299347715157327,0.029432390719067794,98.0,0.021212933935320533,0.008219456783747263,0.041211339702695825,1.9844674545084815,6.142391493308462,6.28317295929764,98.0,6.212782226303051,0.0703907329945892,0.3529304290641032,1.9844674545084815,237411150288175.25,477632720242839.5,98.0,357521935265507.4,120110784977332.12,602220620156556.1,1.9844674545084815,15.731074042350965,16.340094407809676,98.0,16.03558422508032,0.30451018272935493,1.5267763933261038,1.9844674545084815,5.763089453055207,5.983386481410976,98.0,5.873237967233091,0.11014851417788496,0.5522710265364422,1.9844674545084815,99.0,0.3333333333333333,0.021616907996486072,0.051448645047786616,98.0,0.036532776522136344,0.014915868525650272,0.07478631994109447,1.9844674545084815,LinearRegression,"{'mode': 'original', 'type': 'LinearRegression'}",5,"['l1_T2W40', 'l2_T2W40', 'l3_T2W40', 'z_l1_T2W40', 'z_l3_T2W40']",0.1823653315076709,0.234242313625432,98.0,0.20830382256655144,0.025938491058880537,0.13005238600640512,1.9844674545084815,7.330049323384752,7.4984283729475765,98.0,7.414238848166164,0.08418952478141276,0.4221158644006581,1.9844674545084815,completed,True,COMPLETE
200,6.247037889128973,2026-06-12 03:49:04.465092,2026-06-12 03:49:04.622740,0 days 00:00:00.157648,,,,,,,,,,,,,,,LinearRegression,,,,,,4,,,,,,,,True,,,,,,,,,,,,,,,,,,,,,,,,,,,,,,,,,,,,,,,,,,,,,LinearRegression,"{'mode': 'original', 'type': 'LinearRegression'}",4,"['l1_T2W40', 'l3_T2W40', 'z_l1_T2W40', 'z_l3_T2W40']",,,,,,,,,,,,,,,pruned,True,PRUNED
201,6.212782226303051,2026-06-12 03:49:04.634277,2026-06-12 03:49:06.368220,0 days 00:00:01.733943,,,,,,,,,,,,,,,LinearRegression,,,,,,5,,,,,,,,True,0.01299347715157327,0.029432390719067794,98.0,0.021212933935320533,0.008219456783747263,0.041211339702695825,1.9844674545084815,6.142391493308462,6.28317295929764,98.0,6.212782226303051,0.0703907329945892,0.3529304290641032,1.9844674545084815,237411150288175.25,477632720242839.5,98.0,357521935265507.4,120110784977332.12,602220620156556.1,1.9844674545084815,15.731074042350965,16.340094407809676,98.0,16.03558422508032,0.30451018272935493,1.5267763933261038,1.9844674545084815,5.763089453055207,5.983386481410976,98.0,5.873237967233091,0.11014851417788496,0.5522710265364422,1.9844674545084815,99.0,0.3333333333333333,0.021616907996486072,0.051448645047786616,98.0,0.036532776522136344,0.014915868525650272,0.07478631994109447,1.9844674545084815,LinearRegression,"{'mode': 'original', 'type': 'LinearRegression'}",5,"['l1_T2W40', 'l2_T2W40', 'l3_T2W40', 'z_l1_T2W40', 'z_l3_T2W40']",0.1823653315076709,0.234242313625432,98.0,0.20830382256655144,0.025938491058880537,0.13005238600640512,1.9844674545084815,7.330049323384752,7.4984283729475765,98.0,7.414238848166164,0.08418952478141276,0.4221158644006581,1.9844674545084815,completed,True,COMPLETE
