number,value,datetime_start,datetime_complete,duration,params_dt_max_depth,params_dt_min_samples_leaf,params_dt_min_samples_split,params_elastic_alpha,params_elastic_l1_ratio,params_et_max_depth,params_et_max_features,params_et_min_samples_leaf,params_et_min_samples_split,params_et_n_estimators,params_knn_metric,params_knn_n_neighbors,params_knn_weights,params_quantile_alpha,params_regressor,params_rf_max_depth,params_rf_max_features,params_rf_min_samples_leaf,params_rf_min_samples_split,params_rf_n_estimators,params_rfe_n_features,params_rfe_proxy_et_max_depth,params_rfe_proxy_et_min_samples_leaf,params_rfe_proxy_et_min_samples_split,params_rfe_proxy_et_n_estimators,params_rfe_proxy_lsvr_C,params_rfe_proxy_lsvr_epsilon,params_rfe_proxy_type,params_use_scaler,user_attrs_d2mae_ci_lower_val,user_attrs_d2mae_ci_upper_val,user_attrs_d2mae_df_val,user_attrs_d2mae_mean_val,user_attrs_d2mae_samperror_val,user_attrs_d2mae_std_val,user_attrs_d2mae_t_critical_val,user_attrs_mae_ci_lower_val,user_attrs_mae_ci_upper_val,user_attrs_mae_df_val,user_attrs_mae_mean_val,user_attrs_mae_samperror_val,user_attrs_mae_std_val,user_attrs_mae_t_critical_val,user_attrs_mape_ci_lower_val,user_attrs_mape_ci_upper_val,user_attrs_mape_df_val,user_attrs_mape_mean_val,user_attrs_mape_samperror_val,user_attrs_mape_std_val,user_attrs_mape_t_critical_val,user_attrs_max_error_ci_lower_val,user_attrs_max_error_ci_upper_val,user_attrs_max_error_df_val,user_attrs_max_error_mean_val,user_attrs_max_error_samperror_val,user_attrs_max_error_std_val,user_attrs_max_error_t_critical_val,user_attrs_median_ae_ci_lower_val,user_attrs_median_ae_ci_upper_val,user_attrs_median_ae_df_val,user_attrs_median_ae_mean_val,user_attrs_median_ae_samperror_val,user_attrs_median_ae_std_val,user_attrs_median_ae_t_critical_val,user_attrs_n_splits_val,user_attrs_r2_below_zero_val,user_attrs_r2_ci_lower_val,user_attrs_r2_ci_upper_val,user_attrs_r2_df_val,user_attrs_r2_mean_val,user_attrs_r2_samperror_val,user_attrs_r2_std_val,user_attrs_r2_t_critical_val,user_attrs_regressor_final,user_attrs_rfe_estimator,user_attrs_rfe_n_features,user_attrs_rfe_selected_features,user_attrs_rho_ci_lower_val,user_attrs_rho_ci_upper_val,user_attrs_rho_df_val,user_attrs_rho_mean_val,user_attrs_rho_samperror_val,user_attrs_rho_std_val,user_attrs_rho_t_critical_val,user_attrs_rmse_ci_lower_val,user_attrs_rmse_ci_upper_val,user_attrs_rmse_df_val,user_attrs_rmse_mean_val,user_attrs_rmse_samperror_val,user_attrs_rmse_std_val,user_attrs_rmse_t_critical_val,user_attrs_termination_reason,user_attrs_use_scaler_final,state
54,6.605705878963386,2026-06-12 03:42:19.327832,2026-06-12 03:42:20.983970,0 days 00:00:01.656138,,,,,,,,,,,euclidean,15.0,distance,,KNeighborsRegressor,,,,,,3,,,,,5.740714720233046,0.00012028053718166702,LinearSVR,,-0.050105228099475256,-0.031096969110803376,98.0,-0.040601098605139316,0.009504129494335942,0.047652529780796864,1.9844674545084815,6.525721479982473,6.685690277944299,98.0,6.605705878963386,0.07998439898091303,0.4010318837415424,1.9844674545084815,197676000615789.28,407342946219949.9,98.0,302509473417869.56,104833472802080.28,525622066460967.44,1.9844674545084815,17.113336839679505,17.821389957142507,98.0,17.467363398411006,0.3540265587315011,1.7750453782431985,1.9844674545084815,6.137194722052364,6.347100628901568,98.0,6.242147675476966,0.10495295342460237,0.5262211275245141,1.9844674545084815,99.0,0.8080808080808081,-0.08783797177976298,-0.055537999856200185,98.0,-0.07168798581798158,0.016149985961781393,0.08097403212591754,1.9844674545084815,KNeighborsRegressor,"{'mode': 'proxy', 'type': 'LinearSVR'}",3,"['l1_T2W40', 'l3_T2W40', 'z_l1_T2W40']",-0.013852350660538745,0.040936473487184044,98.0,0.013542061413322651,0.027394412073861396,0.13735219390214243,1.9844674545084815,7.732434833277233,7.906872093621357,98.0,7.819653463449295,0.08721863017206188,0.43730342417907897,1.9844674545084815,completed,True,COMPLETE
55,6.396477755931532,2026-06-12 03:42:20.996161,2026-06-12 03:42:48.718577,0 days 00:00:27.722416,,,,,,12.0,,3.0,2.0,498.0,,,,,ExtraTreesRegressor,,,,,,5,,,,,,,,True,-0.016064993020437714,0.001276891930406537,98.0,-0.0073940505450155875,0.008670942475422124,0.04347503311943238,1.9844674545084815,6.316417769094104,6.476537742768959,98.0,6.396477755931532,0.08005998683742734,0.4014108719051361,1.9844674545084815,201075197048315.3,406095805912415.2,98.0,303585501480365.25,102510304432049.94,513973987591182.3,1.9844674545084815,16.08846930498348,16.759652553525203,98.0,16.424060929254342,0.33559162427086126,1.6826148969543855,1.9844674545084815,5.965974474752656,6.204693856147713,98.0,6.085334165450185,0.11935969069752868,0.5984547263355754,1.9844674545084815,99.0,0.45454545454545453,-0.0129512009513347,0.01636887073098736,98.0,0.0017088348898263318,0.014660035841161032,0.07350360650334195,1.9844674545084815,ExtraTreesRegressor,"{'mode': 'original', 'type': 'ExtraTreesRegressor'}",5,"['lsc_T2W40', 'z_re_T2W40', 'z_pe_T2W40', 'z_l3_T2W40', 'z_density_T2W40']",0.1009765725157974,0.14936036210418466,98.0,0.12516846730999104,0.02419189479419363,0.12129516836036791,1.9844674545084815,7.458864172730832,7.640381433247835,98.0,7.549622802989333,0.09075863025850188,0.45505254677296175,1.9844674545084815,completed,True,COMPLETE
56,6.337361605757179,2026-06-12 03:42:48.731443,2026-06-12 03:42:48.967081,0 days 00:00:00.235638,,,,,,,,,,,,,,,LinearRegression,,,,,,8,,,,,,,,True,,,,,,,,,,,,,,,,,,,,,,,,,,,,,,,,,,,,,,,,,,,,,LinearRegression,"{'mode': 'original', 'type': 'LinearRegression'}",8,"['pe_T2W40', 'l1_T2W40', 'l2_T2W40', 'l3_T2W40', 'z_pe_T2W40', 'z_l1_T2W40', 'z_l2_T2W40', 'z_l3_T2W40']",,,,,,,,,,,,,,,pruned,True,PRUNED
57,6.300352754383197,2026-06-12 03:42:48.977481,2026-06-12 03:43:12.574067,0 days 00:00:23.596586,,,,,,,,,,,,,,,RandomForestRegressor,11.0,log2,4.0,7.0,270.0,4,,,,,,,,True,-0.0024777415351975307,0.017987360192177716,98.0,0.007754809328490092,0.010232550863687623,0.05130474443303683,1.9844674545084815,6.2134533021862515,6.3872522065801425,98.0,6.300352754383197,0.08689945219694593,0.43570310528889017,1.9844674545084815,226139693237240.72,457251308177185.4,98.0,341695500707213.06,115555807469972.34,579382526310120.4,1.9844674545084815,15.875411728458438,16.543101711672236,98.0,16.209256720065337,0.33384499160689834,1.6738574968068802,1.9844674545084815,5.795620500263441,6.058492703554135,98.0,5.927056601908788,0.13143610164534694,0.6590043571754127,1.9844674545084815,99.0,0.3939393939393939,0.015603681156546978,0.049200870987630055,98.0,0.032402276072088516,0.01679859491554154,0.08422607719785881,1.9844674545084815,RandomForestRegressor,"{'mode': 'original', 'type': 'RandomForestRegressor'}",4,"['re_T2W40', 'lsc_T2W40', 'z_pe_T2W40', 'z_density_T2W40']",0.18874571996950085,0.2362448545181639,98.0,0.21249528724383238,0.02374956727433153,0.11907739288438599,1.9844674545084815,7.336478803941497,7.522714744207305,98.0,7.429596774074401,0.09311797013290397,0.46688198509184936,1.9844674545084815,completed,True,COMPLETE
58,6.2855900690809525,2026-06-12 03:43:12.587189,2026-06-12 03:43:14.293118,0 days 00:00:01.705929,,,,,,,,,,,,,,,LinearRegression,,,,,,7,,,,,,,,True,0.001222461278258766,0.018236617934862136,98.0,0.009729539606560452,0.008507078328301686,0.04265343855305835,1.9844674545084815,6.213929184544915,6.35725095361699,98.0,6.2855900690809525,0.07166088453603756,0.35929881179616335,1.9844674545084815,234499577932959.7,471891470720311.2,98.0,353195524326635.44,118695946393675.73,595126794490261.6,1.9844674545084815,16.094611754004365,16.875576600765843,98.0,16.485094177385104,0.39048242338074046,1.9578305746063043,1.9844674545084815,5.810162156573301,6.043525332513707,98.0,5.926843744543504,0.11668158797020292,0.5850270504978273,1.9844674545084815,99.0,0.47474747474747475,-0.008149640623960444,0.024763300582881433,98.0,0.008306829979460495,0.01645647060342094,0.08251070821201138,1.9844674545084815,LinearRegression,"{'mode': 'original', 'type': 'LinearRegression'}",7,"['pe_T2W40', 'l1_T2W40', 'l2_T2W40', 'l3_T2W40', 'z_l1_T2W40', 'z_l2_T2W40', 'z_l3_T2W40']",0.14111272729952046,0.1919518119861629,98.0,0.16653226964284168,0.025419542343321236,0.1274504413319735,1.9844674545084815,7.432118227660667,7.610980850731338,98.0,7.521549539196003,0.08943131153533589,0.44839753486240524,1.9844674545084815,completed,True,COMPLETE
59,6.3954499397019084,2026-06-12 03:43:14.305654,2026-06-12 03:43:14.534399,0 days 00:00:00.228745,,,,,,,,,,,,,,,LinearRegression,,,,,,9,,,,,,,,True,,,,,,,,,,,,,,,,,,,,,,,,,,,,,,,,,,,,,,,,,,,,,LinearRegression,"{'mode': 'original', 'type': 'LinearRegression'}",9,"['pe_T2W40', 'l1_T2W40', 'l2_T2W40', 'l3_T2W40', 'z_pe_T2W40', 'z_l1_T2W40', 'z_l2_T2W40', 'z_l3_T2W40', 'z_asp_T2W40']",,,,,,,,,,,,,,,pruned,True,PRUNED
60,6.478152740799838,2026-06-12 03:43:14.544829,2026-06-12 03:43:14.657442,0 days 00:00:00.112613,,,,,,,,,,,,,,,LinearRegression,,,,,,2,,,,,,,,True,,,,,,,,,,,,,,,,,,,,,,,,,,,,,,,,,,,,,,,,,,,,,LinearRegression,"{'mode': 'original', 'type': 'LinearRegression'}",2,"['l1_T2W40', 'z_l1_T2W40']",,,,,,,,,,,,,,,pruned,True,PRUNED
61,6.212782226303051,2026-06-12 03:43:14.693719,2026-06-12 03:43:16.371602,0 days 00:00:01.677883,,,,,,,,,,,,,,,LinearRegression,,,,,,5,,,,,,,,True,0.01299347715157327,0.029432390719067794,98.0,0.021212933935320533,0.008219456783747263,0.041211339702695825,1.9844674545084815,6.142391493308462,6.28317295929764,98.0,6.212782226303051,0.0703907329945892,0.3529304290641032,1.9844674545084815,237411150288175.25,477632720242839.5,98.0,357521935265507.4,120110784977332.12,602220620156556.1,1.9844674545084815,15.731074042350965,16.340094407809676,98.0,16.03558422508032,0.30451018272935493,1.5267763933261038,1.9844674545084815,5.763089453055207,5.983386481410976,98.0,5.873237967233091,0.11014851417788496,0.5522710265364422,1.9844674545084815,99.0,0.3333333333333333,0.021616907996486072,0.051448645047786616,98.0,0.036532776522136344,0.014915868525650272,0.07478631994109447,1.9844674545084815,LinearRegression,"{'mode': 'original', 'type': 'LinearRegression'}",5,"['l1_T2W40', 'l2_T2W40', 'l3_T2W40', 'z_l1_T2W40', 'z_l3_T2W40']",0.1823653315076709,0.234242313625432,98.0,0.20830382256655144,0.025938491058880537,0.13005238600640512,1.9844674545084815,7.330049323384752,7.4984283729475765,98.0,7.414238848166164,0.08418952478141276,0.4221158644006581,1.9844674545084815,completed,True,COMPLETE
62,6.2457894745592535,2026-06-12 03:43:16.383959,2026-06-12 03:43:18.077505,0 days 00:00:01.693546,,,,,,,,,,,,,,,LinearRegression,,,,,,6,,,,,,,,True,0.007903916668529458,0.024190210634817307,98.0,0.016047063651673382,0.008143146983143924,0.04082873180073233,1.9844674545084815,6.174844740518435,6.316734208600072,98.0,6.2457894745592535,0.07094473404081855,0.3557081217891202,1.9844674545084815,234463943574160.9,471820119978100.75,98.0,353142031776130.8,118678088201969.9,595037255725811.9,1.9844674545084815,15.945714230825976,16.70687079448856,98.0,16.326292512657268,0.3805782818312922,1.908172433856057,1.9844674545084815,5.816459063163344,6.035840582264403,98.0,5.926149822713874,0.10969075955052984,0.5499759014515686,1.9844674545084815,99.0,0.3939393939393939,0.00800577278807332,0.03843756338910875,98.0,0.023221668088591035,0.015215895300517715,0.07629061708192443,1.9844674545084815,LinearRegression,"{'mode': 'original', 'type': 'LinearRegression'}",6,"['pe_T2W40', 'l1_T2W40', 'l2_T2W40', 'l3_T2W40', 'z_l1_T2W40', 'z_l3_T2W40']",0.1586455640311919,0.20837664149089624,98.0,0.18351110276104407,0.02486553872985216,0.124672735735134,1.9844674545084815,7.378905373809465,7.552537385745051,98.0,7.465721379777258,0.0868160059677929,0.4352847162168368,1.9844674545084815,completed,True,COMPLETE
63,6.356995861254249,2026-06-12 03:43:18.089809,2026-06-12 03:43:19.742517,0 days 00:00:01.652708,,,,,,,,,,,,,,,LinearRegression,,,,,,4,,,,,,,,True,-0.009328951181254853,0.006365120368995349,98.0,-0.0014819154061297525,0.007847035775125102,0.039344066827790417,1.9844674545084815,6.287195247229688,6.42679647527881,98.0,6.356995861254249,0.06980061402456049,0.34997164553634663,1.9844674545084815,235886708151200.8,474602375894648.7,98.0,355244542022924.75,119357833871723.94,598445416440649.1,1.9844674545084815,15.80193508024833,16.41810392631958,98.0,16.110019503283954,0.3080844230356254,1.5446971921472672,1.9844674545084815,6.042029068992431,6.266822784273447,98.0,6.154425926632939,0.11239685764050801,0.563543942575092,1.9844674545084815,99.0,0.47474747474747475,-0.014109422056916229,0.01717128971297138,98.0,0.0015309338280275761,0.015640355884943804,0.07841880995347493,1.9844674545084815,LinearRegression,"{'mode': 'original', 'type': 'LinearRegression'}",4,"['l1_T2W40', 'l3_T2W40', 'z_l1_T2W40', 'z_l3_T2W40']",0.14611992355236142,0.2031304215151593,98.0,0.17462517253376036,0.028505248981398938,0.142921792764362,1.9844674545084815,7.462280019951235,7.63337186388657,98.0,7.547825941918902,0.08554592196766769,0.4289166721286171,1.9844674545084815,completed,True,COMPLETE
64,6.212782226303051,2026-06-12 03:43:19.754669,2026-06-12 03:43:21.458590,0 days 00:00:01.703921,,,,,,,,,,,,,,,LinearRegression,,,,,,5,,,,,,,,True,0.01299347715157327,0.029432390719067794,98.0,0.021212933935320533,0.008219456783747263,0.041211339702695825,1.9844674545084815,6.142391493308462,6.28317295929764,98.0,6.212782226303051,0.0703907329945892,0.3529304290641032,1.9844674545084815,237411150288175.25,477632720242839.5,98.0,357521935265507.4,120110784977332.12,602220620156556.1,1.9844674545084815,15.731074042350965,16.340094407809676,98.0,16.03558422508032,0.30451018272935493,1.5267763933261038,1.9844674545084815,5.763089453055207,5.983386481410976,98.0,5.873237967233091,0.11014851417788496,0.5522710265364422,1.9844674545084815,99.0,0.3333333333333333,0.021616907996486072,0.051448645047786616,98.0,0.036532776522136344,0.014915868525650272,0.07478631994109447,1.9844674545084815,LinearRegression,"{'mode': 'original', 'type': 'LinearRegression'}",5,"['l1_T2W40', 'l2_T2W40', 'l3_T2W40', 'z_l1_T2W40', 'z_l3_T2W40']",0.1823653315076709,0.234242313625432,98.0,0.20830382256655144,0.025938491058880537,0.13005238600640512,1.9844674545084815,7.330049323384752,7.4984283729475765,98.0,7.414238848166164,0.08418952478141276,0.4221158644006581,1.9844674545084815,completed,True,COMPLETE
65,8.04384660872896,2026-06-12 03:43:21.470783,2026-06-12 03:43:21.593755,0 days 00:00:00.122972,11.0,3.0,10.0,,,,,,,,,,,,DecisionTreeRegressor,,,,,,3,,,,,,,,True,,,,,,,,,,,,,,,,,,,,,,,,,,,,,,,,,,,,,,,,,,,,,DecisionTreeRegressor,"{'mode': 'original', 'type': 'DecisionTreeRegressor'}",3,"['re_T2W40', 'l3_T2W40', 'z_density_T2W40']",,,,,,,,,,,,,,,pruned,True,PRUNED
66,6.382021618858243,2026-06-12 03:43:21.602917,2026-06-12 03:43:23.882926,0 days 00:00:02.280009,,,,,,,,,,,,,,0.032472157903516666,QuantileRegressor,,,,,,6,,,,,,,,True,-0.01040797260528259,-0.0004762679356437932,98.0,-0.005442120270463192,0.0049658523348193985,0.02489816941289001,1.9844674545084815,6.324608798691259,6.439434439025226,98.0,6.382021618858243,0.057412820166983035,0.2878607792998984,1.9844674545084815,204104138633291.97,413748132556329.4,98.0,308926135594810.7,104821996961518.72,525564528015763.7,1.9844674545084815,16.810200928604388,17.51818886072722,98.0,17.164194894665805,0.35399396606141526,1.774881962626563,1.9844674545084815,5.8557331853624826,6.034726945879645,98.0,5.945230065621064,0.08949688025858148,0.4487262883309909,1.9844674545084815,99.0,0.5757575757575758,-0.027358531967824163,-0.005725108807820286,98.0,-0.016541820387822224,0.010816711580001939,0.05423365401360694,1.9844674545084815,QuantileRegressor,"{'mode': 'original', 'type': 'QuantileRegressor'}",6,"['density_T2W40', 'z_re_T2W40', 'z_pe_T2W40', 'z_density_T2W40', 'z_diameter_T2W40', 'z_asp_T2W40']",0.06954841106779533,0.11728547096666475,98.0,0.09341694101723004,0.023868529949434718,0.1196738570236358,1.9844674545084815,7.541346509130585,7.6982666474321855,98.0,7.619806578281385,0.07846006915080075,0.3933890825077765,1.9844674545084815,completed,True,COMPLETE
67,6.356995861254249,2026-06-12 03:43:23.895064,2026-06-12 03:43:25.687385,0 days 00:00:01.792321,,,,,,,,,,,,,,,LinearRegression,,,,,,4,,,,,,,,True,-0.009328951181254853,0.006365120368995349,98.0,-0.0014819154061297525,0.007847035775125102,0.039344066827790417,1.9844674545084815,6.287195247229688,6.42679647527881,98.0,6.356995861254249,0.06980061402456049,0.34997164553634663,1.9844674545084815,235886708151200.8,474602375894648.7,98.0,355244542022924.75,119357833871723.94,598445416440649.1,1.9844674545084815,15.80193508024833,16.41810392631958,98.0,16.110019503283954,0.3080844230356254,1.5446971921472672,1.9844674545084815,6.042029068992431,6.266822784273447,98.0,6.154425926632939,0.11239685764050801,0.563543942575092,1.9844674545084815,99.0,0.47474747474747475,-0.014109422056916229,0.01717128971297138,98.0,0.0015309338280275761,0.015640355884943804,0.07841880995347493,1.9844674545084815,LinearRegression,"{'mode': 'original', 'type': 'LinearRegression'}",4,"['l1_T2W40', 'l3_T2W40', 'z_l1_T2W40', 'z_l3_T2W40']",0.14611992355236142,0.2031304215151593,98.0,0.17462517253376036,0.028505248981398938,0.142921792764362,1.9844674545084815,7.462280019951235,7.63337186388657,98.0,7.547825941918902,0.08554592196766769,0.4289166721286171,1.9844674545084815,completed,True,COMPLETE
68,6.370442068428851,2026-06-12 03:43:25.699513,2026-06-12 03:43:42.067616,0 days 00:00:16.368103,,,,,,3.0,log2,1.0,9.0,307.0,,,,,ExtraTreesRegressor,,,,,,5,,,,,,,,True,-0.009316554100988295,0.0019001325431831635,98.0,-0.003708210778902566,0.00560834332208573,0.028119539757522675,1.9844674545084815,6.312965917172814,6.427918219684887,98.0,6.370442068428851,0.057476151256036744,0.28817831354740425,1.9844674545084815,237960419413831.03,478749982465845.0,98.0,358355200939838.0,120394781526006.97,603644543725930.5,1.9844674545084815,15.815322108553364,16.512411777792092,98.0,16.163866943172728,0.3485448346193651,1.7475606915436595,1.9844674545084815,6.034944892384769,6.235437070272954,98.0,6.135190981328861,0.10024608894409266,0.5026214911806139,1.9844674545084815,99.0,0.24242424242424243,0.023387601703519438,0.04101720568002582,98.0,0.03220240369177263,0.008814801988253193,0.04419632692372228,1.9844674545084815,ExtraTreesRegressor,"{'mode': 'original', 'type': 'ExtraTreesRegressor'}",5,"['pe_T2W40', 'l2_T2W40', 'l3_T2W40', 'z_pe_T2W40', 'z_l2_T2W40']",0.0663116419064447,0.11839461518758795,98.0,0.09235312854701633,0.026041486640571626,0.13056879311415234,1.9844674545084815,7.361354712919887,7.5093303168053875,98.0,7.435342514862637,0.07398780194275052,0.3709656878721812,1.9844674545084815,completed,True,COMPLETE
69,6.2855900690809525,2026-06-12 03:43:42.080097,2026-06-12 03:43:43.879216,0 days 00:00:01.799119,,,,,,,,,,,,,,,LinearRegression,,,,,,7,,,,,,,,True,0.001222461278258766,0.018236617934862136,98.0,0.009729539606560452,0.008507078328301686,0.04265343855305835,1.9844674545084815,6.213929184544915,6.35725095361699,98.0,6.2855900690809525,0.07166088453603756,0.35929881179616335,1.9844674545084815,234499577932959.7,471891470720311.2,98.0,353195524326635.44,118695946393675.73,595126794490261.6,1.9844674545084815,16.094611754004365,16.875576600765843,98.0,16.485094177385104,0.39048242338074046,1.9578305746063043,1.9844674545084815,5.810162156573301,6.043525332513707,98.0,5.926843744543504,0.11668158797020292,0.5850270504978273,1.9844674545084815,99.0,0.47474747474747475,-0.008149640623960444,0.024763300582881433,98.0,0.008306829979460495,0.01645647060342094,0.08251070821201138,1.9844674545084815,LinearRegression,"{'mode': 'original', 'type': 'LinearRegression'}",7,"['pe_T2W40', 'l1_T2W40', 'l2_T2W40', 'l3_T2W40', 'z_l1_T2W40', 'z_l2_T2W40', 'z_l3_T2W40']",0.14111272729952046,0.1919518119861629,98.0,0.16653226964284168,0.025419542343321236,0.1274504413319735,1.9844674545084815,7.432118227660667,7.610980850731338,98.0,7.521549539196003,0.08943131153533589,0.44839753486240524,1.9844674545084815,completed,True,COMPLETE
70,6.505124811768985,2026-06-12 03:43:43.891992,2026-06-12 03:43:44.302157,0 days 00:00:00.410165,,,,,,,,,,,manhattan,10.0,distance,,KNeighborsRegressor,,,,,,10,7.0,1.0,2.0,80.0,,,ExtraTrees,,,,,,,,,,,,,,,,,,,,,,,,,,,,,,,,,,,,,,,,,,,,,,KNeighborsRegressor,"{'mode': 'proxy', 'type': 'ExtraTrees'}",10,"['nodes_T2W40', 're_T2W40', 'pe_T2W40', 'l3_T2W40', 'lsc_T2W40', 'density_T2W40', 'z_re_T2W40', 'z_pe_T2W40', 'z_l3_T2W40', 'z_density_T2W40']",,,,,,,,,,,,,,,pruned,True,PRUNED
71,6.212782226303051,2026-06-12 03:43:44.312059,2026-06-12 03:43:46.005468,0 days 00:00:01.693409,,,,,,,,,,,,,,,LinearRegression,,,,,,5,,,,,,,,True,0.01299347715157327,0.029432390719067794,98.0,0.021212933935320533,0.008219456783747263,0.041211339702695825,1.9844674545084815,6.142391493308462,6.28317295929764,98.0,6.212782226303051,0.0703907329945892,0.3529304290641032,1.9844674545084815,237411150288175.25,477632720242839.5,98.0,357521935265507.4,120110784977332.12,602220620156556.1,1.9844674545084815,15.731074042350965,16.340094407809676,98.0,16.03558422508032,0.30451018272935493,1.5267763933261038,1.9844674545084815,5.763089453055207,5.983386481410976,98.0,5.873237967233091,0.11014851417788496,0.5522710265364422,1.9844674545084815,99.0,0.3333333333333333,0.021616907996486072,0.051448645047786616,98.0,0.036532776522136344,0.014915868525650272,0.07478631994109447,1.9844674545084815,LinearRegression,"{'mode': 'original', 'type': 'LinearRegression'}",5,"['l1_T2W40', 'l2_T2W40', 'l3_T2W40', 'z_l1_T2W40', 'z_l3_T2W40']",0.1823653315076709,0.234242313625432,98.0,0.20830382256655144,0.025938491058880537,0.13005238600640512,1.9844674545084815,7.330049323384752,7.4984283729475765,98.0,7.414238848166164,0.08418952478141276,0.4221158644006581,1.9844674545084815,completed,True,COMPLETE
