number,value,datetime_start,datetime_complete,duration,params_dt_max_depth,params_dt_min_samples_leaf,params_dt_min_samples_split,params_elastic_alpha,params_elastic_l1_ratio,params_et_max_depth,params_et_max_features,params_et_min_samples_leaf,params_et_min_samples_split,params_et_n_estimators,params_knn_metric,params_knn_n_neighbors,params_knn_weights,params_quantile_alpha,params_regressor,params_rf_max_depth,params_rf_max_features,params_rf_min_samples_leaf,params_rf_min_samples_split,params_rf_n_estimators,params_rfe_n_features,params_rfe_proxy_et_max_depth,params_rfe_proxy_et_min_samples_leaf,params_rfe_proxy_et_min_samples_split,params_rfe_proxy_et_n_estimators,params_rfe_proxy_lsvr_C,params_rfe_proxy_lsvr_epsilon,params_rfe_proxy_type,params_use_scaler,user_attrs_d2mae_ci_lower_val,user_attrs_d2mae_ci_upper_val,user_attrs_d2mae_df_val,user_attrs_d2mae_mean_val,user_attrs_d2mae_samperror_val,user_attrs_d2mae_std_val,user_attrs_d2mae_t_critical_val,user_attrs_mae_ci_lower_val,user_attrs_mae_ci_upper_val,user_attrs_mae_df_val,user_attrs_mae_mean_val,user_attrs_mae_samperror_val,user_attrs_mae_std_val,user_attrs_mae_t_critical_val,user_attrs_mape_ci_lower_val,user_attrs_mape_ci_upper_val,user_attrs_mape_df_val,user_attrs_mape_mean_val,user_attrs_mape_samperror_val,user_attrs_mape_std_val,user_attrs_mape_t_critical_val,user_attrs_max_error_ci_lower_val,user_attrs_max_error_ci_upper_val,user_attrs_max_error_df_val,user_attrs_max_error_mean_val,user_attrs_max_error_samperror_val,user_attrs_max_error_std_val,user_attrs_max_error_t_critical_val,user_attrs_median_ae_ci_lower_val,user_attrs_median_ae_ci_upper_val,user_attrs_median_ae_df_val,user_attrs_median_ae_mean_val,user_attrs_median_ae_samperror_val,user_attrs_median_ae_std_val,user_attrs_median_ae_t_critical_val,user_attrs_n_splits_val,user_attrs_r2_below_zero_val,user_attrs_r2_ci_lower_val,user_attrs_r2_ci_upper_val,user_attrs_r2_df_val,user_attrs_r2_mean_val,user_attrs_r2_samperror_val,user_attrs_r2_std_val,user_attrs_r2_t_critical_val,user_attrs_regressor_final,user_attrs_rfe_estimator,user_attrs_rfe_n_features,user_attrs_rfe_selected_features,user_attrs_rho_ci_lower_val,user_attrs_rho_ci_upper_val,user_attrs_rho_df_val,user_attrs_rho_mean_val,user_attrs_rho_samperror_val,user_attrs_rho_std_val,user_attrs_rho_t_critical_val,user_attrs_rmse_ci_lower_val,user_attrs_rmse_ci_upper_val,user_attrs_rmse_df_val,user_attrs_rmse_mean_val,user_attrs_rmse_samperror_val,user_attrs_rmse_std_val,user_attrs_rmse_t_critical_val,user_attrs_termination_reason,user_attrs_use_scaler_final,state
171,2.8308575955634785,2026-06-12 08:13:24.525088,2026-06-12 08:13:26.650694,0 days 00:00:02.125606,,,,,,,,,,,,,,2.0340997429250165,QuantileRegressor,,,,,,2,,,,,,,,True,-0.0008710167252312757,5.380273699555165e-05,98.0,-0.00040860699411786203,0.0004624097311134137,0.002318465199358251,1.9844674545084815,2.805429745831736,2.856285445295221,98.0,2.8308575955634785,0.02542784973174255,0.12749209355003127,1.9844674545084815,813460468866446.8,1032935100287233.8,98.0,923197784576840.2,109737315710393.47,550209328278897.0,1.9844674545084815,8.622879029919044,8.932676525636513,98.0,8.777777777777779,0.154898747858735,0.7766431633476233,1.9844674545084815,2.487116641790159,2.684600529927013,98.0,2.585858585858586,0.09874194406842689,0.49507989481189746,1.9844674545084815,99.0,1.0,-0.026651425313173705,-0.023247098953300478,98.0,-0.02494926213323709,0.0017021631799366132,0.008534435654737752,1.9844674545084815,QuantileRegressor,"{'mode': 'original', 'type': 'QuantileRegressor'}",2,"['z_diameter_T6W30', 'z_asp_T6W30']",,,,,,,,3.4768582676552087,3.554941969341382,98.0,3.5159001184982954,0.03904185084308663,0.19575101129528585,1.9844674545084815,completed,True,COMPLETE
172,2.83170089624599,2026-06-12 08:13:26.663798,2026-06-12 08:13:26.858506,0 days 00:00:00.194708,,,,,,,,,,,,,,0.00011139238551084134,QuantileRegressor,,,,,,3,,,,,,,,True,,,,,,,,,,,,,,,,,,,,,,,,,,,,,,,,,,,,,,,,,,,,,QuantileRegressor,"{'mode': 'original', 'type': 'QuantileRegressor'}",3,"['z_l1_T6W30', 'z_diameter_T6W30', 'z_asp_T6W30']",,,,,,,,,,,,,,,pruned,True,PRUNED
173,2.8308575955634785,2026-06-12 08:13:26.868580,2026-06-12 08:13:29.027612,0 days 00:00:02.159032,,,,,,,,,,,,,,3.614462791457864,QuantileRegressor,,,,,,2,,,,,,,,True,-0.0008710167252312757,5.380273699555165e-05,98.0,-0.00040860699411786203,0.0004624097311134137,0.002318465199358251,1.9844674545084815,2.805429745831736,2.856285445295221,98.0,2.8308575955634785,0.02542784973174255,0.12749209355003127,1.9844674545084815,813460468866446.8,1032935100287233.8,98.0,923197784576840.2,109737315710393.47,550209328278897.0,1.9844674545084815,8.622879029919044,8.932676525636513,98.0,8.777777777777779,0.154898747858735,0.7766431633476233,1.9844674545084815,2.487116641790159,2.684600529927013,98.0,2.585858585858586,0.09874194406842689,0.49507989481189746,1.9844674545084815,99.0,1.0,-0.026651425313173705,-0.023247098953300478,98.0,-0.02494926213323709,0.0017021631799366132,0.008534435654737752,1.9844674545084815,QuantileRegressor,"{'mode': 'original', 'type': 'QuantileRegressor'}",2,"['z_diameter_T6W30', 'z_asp_T6W30']",,,,,,,,3.4768582676552087,3.554941969341382,98.0,3.5159001184982954,0.03904185084308663,0.19575101129528585,1.9844674545084815,completed,True,COMPLETE
174,2.8308575955634785,2026-06-12 08:13:29.050855,2026-06-12 08:13:31.153961,0 days 00:00:02.103106,,,,,,,,,,,,,,2.4397427930364795,QuantileRegressor,,,,,,2,,,,,,,,True,-0.0008710167252312757,5.380273699555165e-05,98.0,-0.00040860699411786203,0.0004624097311134137,0.002318465199358251,1.9844674545084815,2.805429745831736,2.856285445295221,98.0,2.8308575955634785,0.02542784973174255,0.12749209355003127,1.9844674545084815,813460468866446.8,1032935100287233.8,98.0,923197784576840.2,109737315710393.47,550209328278897.0,1.9844674545084815,8.622879029919044,8.932676525636513,98.0,8.777777777777779,0.154898747858735,0.7766431633476233,1.9844674545084815,2.487116641790159,2.684600529927013,98.0,2.585858585858586,0.09874194406842689,0.49507989481189746,1.9844674545084815,99.0,1.0,-0.026651425313173705,-0.023247098953300478,98.0,-0.02494926213323709,0.0017021631799366132,0.008534435654737752,1.9844674545084815,QuantileRegressor,"{'mode': 'original', 'type': 'QuantileRegressor'}",2,"['z_diameter_T6W30', 'z_asp_T6W30']",,,,,,,,3.4768582676552087,3.554941969341382,98.0,3.5159001184982954,0.03904185084308663,0.19575101129528585,1.9844674545084815,completed,True,COMPLETE
175,2.8308575955634785,2026-06-12 08:13:31.166949,2026-06-12 08:13:33.320878,0 days 00:00:02.153929,,,,,,,,,,,,,,7.006172898955176,QuantileRegressor,,,,,,3,,,,,,,,False,-0.0008710167252312757,5.380273699555165e-05,98.0,-0.00040860699411786203,0.0004624097311134137,0.002318465199358251,1.9844674545084815,2.805429745831736,2.856285445295221,98.0,2.8308575955634785,0.02542784973174255,0.12749209355003127,1.9844674545084815,813460468866446.8,1032935100287233.8,98.0,923197784576840.2,109737315710393.47,550209328278897.0,1.9844674545084815,8.622879029919044,8.932676525636513,98.0,8.777777777777779,0.154898747858735,0.7766431633476233,1.9844674545084815,2.487116641790159,2.684600529927013,98.0,2.585858585858586,0.09874194406842689,0.49507989481189746,1.9844674545084815,99.0,1.0,-0.026651425313173705,-0.023247098953300478,98.0,-0.02494926213323709,0.0017021631799366132,0.008534435654737752,1.9844674545084815,QuantileRegressor,"{'mode': 'original', 'type': 'QuantileRegressor'}",3,"['z_density_T6W30', 'z_diameter_T6W30', 'z_asp_T6W30']",,,,,,,,3.4768582676552087,3.554941969341382,98.0,3.5159001184982954,0.03904185084308663,0.19575101129528585,1.9844674545084815,completed,False,COMPLETE
176,2.8308575955634785,2026-06-12 08:13:33.334700,2026-06-12 08:13:35.520682,0 days 00:00:02.185982,,,,,,,,,,,,,,0.8675198138821044,QuantileRegressor,,,,,,6,,,,,,,,True,-0.0008710167252312757,5.380273699555165e-05,98.0,-0.00040860699411786203,0.0004624097311134137,0.002318465199358251,1.9844674545084815,2.805429745831736,2.856285445295221,98.0,2.8308575955634785,0.02542784973174255,0.12749209355003127,1.9844674545084815,813460468866446.8,1032935100287233.8,98.0,923197784576840.2,109737315710393.47,550209328278897.0,1.9844674545084815,8.622879029919044,8.932676525636513,98.0,8.777777777777779,0.154898747858735,0.7766431633476233,1.9844674545084815,2.487116641790159,2.684600529927013,98.0,2.585858585858586,0.09874194406842689,0.49507989481189746,1.9844674545084815,99.0,1.0,-0.026651425313173705,-0.023247098953300478,98.0,-0.02494926213323709,0.0017021631799366132,0.008534435654737752,1.9844674545084815,QuantileRegressor,"{'mode': 'original', 'type': 'QuantileRegressor'}",6,"['z_l2_T6W30', 'z_l3_T6W30', 'z_lsc_T6W30', 'z_density_T6W30', 'z_diameter_T6W30', 'z_asp_T6W30']",,,,,,,,3.4768582676552087,3.554941969341382,98.0,3.5159001184982954,0.03904185084308663,0.19575101129528585,1.9844674545084815,completed,True,COMPLETE
177,2.8308575955634785,2026-06-12 08:13:35.565043,2026-06-12 08:13:37.653332,0 days 00:00:02.088289,,,,,,,,,,,,,,5.008523050978444,QuantileRegressor,,,,,,3,,,,,,,,False,-0.0008710167252312757,5.380273699555165e-05,98.0,-0.00040860699411786203,0.0004624097311134137,0.002318465199358251,1.9844674545084815,2.805429745831736,2.856285445295221,98.0,2.8308575955634785,0.02542784973174255,0.12749209355003127,1.9844674545084815,813460468866446.8,1032935100287233.8,98.0,923197784576840.2,109737315710393.47,550209328278897.0,1.9844674545084815,8.622879029919044,8.932676525636513,98.0,8.777777777777779,0.154898747858735,0.7766431633476233,1.9844674545084815,2.487116641790159,2.684600529927013,98.0,2.585858585858586,0.09874194406842689,0.49507989481189746,1.9844674545084815,99.0,1.0,-0.026651425313173705,-0.023247098953300478,98.0,-0.02494926213323709,0.0017021631799366132,0.008534435654737752,1.9844674545084815,QuantileRegressor,"{'mode': 'original', 'type': 'QuantileRegressor'}",3,"['z_density_T6W30', 'z_diameter_T6W30', 'z_asp_T6W30']",,,,,,,,3.4768582676552087,3.554941969341382,98.0,3.5159001184982954,0.03904185084308663,0.19575101129528585,1.9844674545084815,completed,False,COMPLETE
178,2.84231904251689,2026-06-12 08:13:37.666190,2026-06-12 08:13:39.436204,0 days 00:00:01.770014,,,,,,15.0,log2,2.0,4.0,395.0,,,,,ExtraTreesRegressor,,,,,,7,,,,,,,,False,,,,,,,,,,,,,,,,,,,,,,,,,,,,,,,,,,,,,,,,,,,,,ExtraTreesRegressor,"{'mode': 'original', 'type': 'ExtraTreesRegressor'}",7,"['z_pe_T6W30', 'z_l1_T6W30', 'z_l2_T6W30', 'z_l3_T6W30', 'z_density_T6W30', 'z_diameter_T6W30', 'z_asp_T6W30']",,,,,,,,,,,,,,,pruned,False,PRUNED
179,2.8308575955634785,2026-06-12 08:13:39.446250,2026-06-12 08:13:41.658194,0 days 00:00:02.211944,,,,,,,,,,,,,,1.3612680339771939,QuantileRegressor,,,,,,5,,,,,,,,False,-0.0008710167252312757,5.380273699555165e-05,98.0,-0.00040860699411786203,0.0004624097311134137,0.002318465199358251,1.9844674545084815,2.805429745831736,2.856285445295221,98.0,2.8308575955634785,0.02542784973174255,0.12749209355003127,1.9844674545084815,813460468866446.8,1032935100287233.8,98.0,923197784576840.2,109737315710393.47,550209328278897.0,1.9844674545084815,8.622879029919044,8.932676525636513,98.0,8.777777777777779,0.154898747858735,0.7766431633476233,1.9844674545084815,2.487116641790159,2.684600529927013,98.0,2.585858585858586,0.09874194406842689,0.49507989481189746,1.9844674545084815,99.0,1.0,-0.026651425313173705,-0.023247098953300478,98.0,-0.02494926213323709,0.0017021631799366132,0.008534435654737752,1.9844674545084815,QuantileRegressor,"{'mode': 'original', 'type': 'QuantileRegressor'}",5,"['z_l3_T6W30', 'z_lsc_T6W30', 'z_density_T6W30', 'z_diameter_T6W30', 'z_asp_T6W30']",,,,,,,,3.4768582676552087,3.554941969341382,98.0,3.5159001184982954,0.03904185084308663,0.19575101129528585,1.9844674545084815,completed,False,COMPLETE
180,2.8308575955634785,2026-06-12 08:13:41.670973,2026-06-12 08:13:43.894752,0 days 00:00:02.223779,,,,,,,,,,,,,,0.44400895099538773,QuantileRegressor,,,,,,5,,,,,,,,False,-0.0008710167252312757,5.380273699555165e-05,98.0,-0.00040860699411786203,0.0004624097311134137,0.002318465199358251,1.9844674545084815,2.805429745831736,2.856285445295221,98.0,2.8308575955634785,0.02542784973174255,0.12749209355003127,1.9844674545084815,813460468866446.8,1032935100287233.8,98.0,923197784576840.2,109737315710393.47,550209328278897.0,1.9844674545084815,8.622879029919044,8.932676525636513,98.0,8.777777777777779,0.154898747858735,0.7766431633476233,1.9844674545084815,2.487116641790159,2.684600529927013,98.0,2.585858585858586,0.09874194406842689,0.49507989481189746,1.9844674545084815,99.0,1.0,-0.026651425313173705,-0.023247098953300478,98.0,-0.02494926213323709,0.0017021631799366132,0.008534435654737752,1.9844674545084815,QuantileRegressor,"{'mode': 'original', 'type': 'QuantileRegressor'}",5,"['z_l3_T6W30', 'z_lsc_T6W30', 'z_density_T6W30', 'z_diameter_T6W30', 'z_asp_T6W30']",,,,,,,,3.4768582676552087,3.554941969341382,98.0,3.5159001184982954,0.03904185084308663,0.19575101129528585,1.9844674545084815,completed,False,COMPLETE
181,2.8308575955634785,2026-06-12 08:13:43.908053,2026-06-12 08:13:46.077401,0 days 00:00:02.169348,,,,,,,,,,,,,,0.08420259385276865,QuantileRegressor,,,,,,6,,,,,,,,False,-0.0008710167252312757,5.380273699555165e-05,98.0,-0.00040860699411786203,0.0004624097311134137,0.002318465199358251,1.9844674545084815,2.805429745831736,2.856285445295221,98.0,2.8308575955634785,0.02542784973174255,0.12749209355003127,1.9844674545084815,813460468866446.8,1032935100287233.8,98.0,923197784576840.2,109737315710393.47,550209328278897.0,1.9844674545084815,8.622879029919044,8.932676525636513,98.0,8.777777777777779,0.154898747858735,0.7766431633476233,1.9844674545084815,2.487116641790159,2.684600529927013,98.0,2.585858585858586,0.09874194406842689,0.49507989481189746,1.9844674545084815,99.0,1.0,-0.026651425313173705,-0.023247098953300478,98.0,-0.02494926213323709,0.0017021631799366132,0.008534435654737752,1.9844674545084815,QuantileRegressor,"{'mode': 'original', 'type': 'QuantileRegressor'}",6,"['z_l2_T6W30', 'z_l3_T6W30', 'z_lsc_T6W30', 'z_density_T6W30', 'z_diameter_T6W30', 'z_asp_T6W30']",,,,,,,,3.4768582676552087,3.554941969341382,98.0,3.5159001184982954,0.03904185084308663,0.19575101129528585,1.9844674545084815,completed,False,COMPLETE
182,2.8308575955634785,2026-06-12 08:13:46.090235,2026-06-12 08:13:48.395310,0 days 00:00:02.305075,,,,,,,,,,,,,,0.028151840964277565,QuantileRegressor,,,,,,6,,,,,,,,False,-0.0008710167252312757,5.380273699555165e-05,98.0,-0.00040860699411786203,0.0004624097311134137,0.002318465199358251,1.9844674545084815,2.805429745831736,2.856285445295221,98.0,2.8308575955634785,0.02542784973174255,0.12749209355003127,1.9844674545084815,813460468866446.8,1032935100287233.8,98.0,923197784576840.2,109737315710393.47,550209328278897.0,1.9844674545084815,8.622879029919044,8.932676525636513,98.0,8.777777777777779,0.154898747858735,0.7766431633476233,1.9844674545084815,2.487116641790159,2.684600529927013,98.0,2.585858585858586,0.09874194406842689,0.49507989481189746,1.9844674545084815,99.0,1.0,-0.026651425313173705,-0.023247098953300478,98.0,-0.02494926213323709,0.001702163179936613,0.00853443565473775,1.9844674545084815,QuantileRegressor,"{'mode': 'original', 'type': 'QuantileRegressor'}",6,"['z_l2_T6W30', 'z_l3_T6W30', 'z_lsc_T6W30', 'z_density_T6W30', 'z_diameter_T6W30', 'z_asp_T6W30']",,,,,,,,3.4768582676552087,3.554941969341382,98.0,3.5159001184982954,0.03904185084308663,0.19575101129528585,1.9844674545084815,completed,False,COMPLETE
183,2.8308575955634785,2026-06-12 08:13:48.408306,2026-06-12 08:13:50.608604,0 days 00:00:02.200298,,,,,,,,,,,,,,0.04490629871317506,QuantileRegressor,,,,,,6,,,,,,,,False,-0.0008710167252312757,5.380273699555165e-05,98.0,-0.00040860699411786203,0.0004624097311134137,0.002318465199358251,1.9844674545084815,2.805429745831736,2.856285445295221,98.0,2.8308575955634785,0.02542784973174255,0.12749209355003127,1.9844674545084815,813460468866446.8,1032935100287233.8,98.0,923197784576840.2,109737315710393.47,550209328278897.0,1.9844674545084815,8.622879029919044,8.932676525636513,98.0,8.777777777777779,0.154898747858735,0.7766431633476233,1.9844674545084815,2.487116641790159,2.684600529927013,98.0,2.585858585858586,0.09874194406842689,0.49507989481189746,1.9844674545084815,99.0,1.0,-0.026651425313173705,-0.023247098953300478,98.0,-0.02494926213323709,0.0017021631799366132,0.008534435654737752,1.9844674545084815,QuantileRegressor,"{'mode': 'original', 'type': 'QuantileRegressor'}",6,"['z_l2_T6W30', 'z_l3_T6W30', 'z_lsc_T6W30', 'z_density_T6W30', 'z_diameter_T6W30', 'z_asp_T6W30']",,,,,,,,3.4768582676552087,3.554941969341382,98.0,3.5159001184982954,0.03904185084308663,0.19575101129528585,1.9844674545084815,completed,False,COMPLETE
184,2.8308575955634785,2026-06-12 08:13:50.621642,2026-06-12 08:13:52.801189,0 days 00:00:02.179547,,,,,,,,,,,,,,8.407491482459935,QuantileRegressor,,,,,,6,,,,,,,,False,-0.0008710167252312757,5.380273699555165e-05,98.0,-0.00040860699411786203,0.0004624097311134137,0.002318465199358251,1.9844674545084815,2.805429745831736,2.856285445295221,98.0,2.8308575955634785,0.02542784973174255,0.12749209355003127,1.9844674545084815,813460468866446.8,1032935100287233.8,98.0,923197784576840.2,109737315710393.47,550209328278897.0,1.9844674545084815,8.622879029919044,8.932676525636513,98.0,8.777777777777779,0.154898747858735,0.7766431633476233,1.9844674545084815,2.487116641790159,2.684600529927013,98.0,2.585858585858586,0.09874194406842689,0.49507989481189746,1.9844674545084815,99.0,1.0,-0.026651425313173705,-0.023247098953300478,98.0,-0.02494926213323709,0.0017021631799366132,0.008534435654737752,1.9844674545084815,QuantileRegressor,"{'mode': 'original', 'type': 'QuantileRegressor'}",6,"['z_l2_T6W30', 'z_l3_T6W30', 'z_lsc_T6W30', 'z_density_T6W30', 'z_diameter_T6W30', 'z_asp_T6W30']",,,,,,,,3.4768582676552087,3.554941969341382,98.0,3.5159001184982954,0.03904185084308663,0.19575101129528585,1.9844674545084815,completed,False,COMPLETE
185,3.396564174986614,2026-06-12 08:13:52.814322,2026-06-12 08:13:52.970019,0 days 00:00:00.155697,6.0,4.0,7.0,,,,,,,,,,,,DecisionTreeRegressor,,,,,,9,,,,,,,,False,,,,,,,,,,,,,,,,,,,,,,,,,,,,,,,,,,,,,,,,,,,,,DecisionTreeRegressor,"{'mode': 'original', 'type': 'DecisionTreeRegressor'}",9,"['z_re_T6W30', 'z_pe_T6W30', 'z_l1_T6W30', 'z_l2_T6W30', 'z_l3_T6W30', 'z_lsc_T6W30', 'z_density_T6W30', 'z_diameter_T6W30', 'z_asp_T6W30']",,,,,,,,,,,,,,,pruned,False,PRUNED
186,2.824397669145683,2026-06-12 08:13:52.981046,2026-06-12 08:13:53.148566,0 days 00:00:00.167520,,,,,,,,,,,,,,0.014986050893016956,QuantileRegressor,,,,,,6,,,,,,,,False,,,,,,,,,,,,,,,,,,,,,,,,,,,,,,,,,,,,,,,,,,,,,QuantileRegressor,"{'mode': 'original', 'type': 'QuantileRegressor'}",6,"['z_re_T6W30', 'z_l1_T6W30', 'z_lsc_T6W30', 'z_density_T6W30', 'z_diameter_T6W30', 'z_asp_T6W30']",,,,,,,,,,,,,,,pruned,False,PRUNED
187,2.822941176470588,2026-06-12 08:13:53.158416,2026-06-12 08:13:53.366208,0 days 00:00:00.207792,,,,,,,,,,,manhattan,20.0,uniform,,KNeighborsRegressor,,,,,,8,7.0,3.0,8.0,50.0,,,ExtraTrees,,,,,,,,,,,,,,,,,,,,,,,,,,,,,,,,,,,,,,,,,,,,,,KNeighborsRegressor,"{'mode': 'proxy', 'type': 'ExtraTrees'}",8,"['z_pe_T6W30', 'z_l1_T6W30', 'z_l2_T6W30', 'z_l3_T6W30', 'z_lsc_T6W30', 'z_density_T6W30', 'z_diameter_T6W30', 'z_asp_T6W30']",,,,,,,,,,,,,,,pruned,True,PRUNED
188,2.8308575955634785,2026-06-12 08:13:53.376285,2026-06-12 08:13:55.528460,0 days 00:00:02.152175,,,,,,,,,,,,,,0.023165889821013183,QuantileRegressor,,,,,,5,,,,,,,,False,-0.0008710167252312779,5.3802736995549316e-05,98.0,-0.00040860699411786425,0.00046240973111341357,0.0023184651993582504,1.9844674545084815,2.805429745831736,2.856285445295221,98.0,2.8308575955634785,0.025427849731742558,0.1274920935500313,1.9844674545084815,813460468866446.8,1032935100287233.8,98.0,923197784576840.2,109737315710393.47,550209328278897.0,1.9844674545084815,8.622879029919044,8.932676525636513,98.0,8.777777777777779,0.154898747858735,0.7766431633476233,1.9844674545084815,2.487116641790159,2.684600529927013,98.0,2.585858585858586,0.09874194406842687,0.49507989481189735,1.9844674545084815,99.0,1.0,-0.026651425313173705,-0.023247098953300478,98.0,-0.02494926213323709,0.0017021631799366127,0.008534435654737748,1.9844674545084815,QuantileRegressor,"{'mode': 'original', 'type': 'QuantileRegressor'}",5,"['z_l3_T6W30', 'z_lsc_T6W30', 'z_density_T6W30', 'z_diameter_T6W30', 'z_asp_T6W30']",,,,,,,,3.4768582676552087,3.554941969341382,98.0,3.5159001184982954,0.03904185084308663,0.19575101129528585,1.9844674545084815,completed,False,COMPLETE
189,2.8308575955634785,2026-06-12 08:13:55.542132,2026-06-12 08:13:57.745288,0 days 00:00:02.203156,,,,,,,,,,,,,,6.449336380835018,QuantileRegressor,,,,,,2,,,,,,,,False,-0.0008710167252312757,5.380273699555165e-05,98.0,-0.00040860699411786203,0.0004624097311134137,0.002318465199358251,1.9844674545084815,2.805429745831736,2.856285445295221,98.0,2.8308575955634785,0.02542784973174255,0.12749209355003127,1.9844674545084815,813460468866446.8,1032935100287233.8,98.0,923197784576840.2,109737315710393.47,550209328278897.0,1.9844674545084815,8.622879029919044,8.932676525636513,98.0,8.777777777777779,0.154898747858735,0.7766431633476233,1.9844674545084815,2.487116641790159,2.684600529927013,98.0,2.585858585858586,0.09874194406842689,0.49507989481189746,1.9844674545084815,99.0,1.0,-0.026651425313173705,-0.023247098953300478,98.0,-0.02494926213323709,0.0017021631799366132,0.008534435654737752,1.9844674545084815,QuantileRegressor,"{'mode': 'original', 'type': 'QuantileRegressor'}",2,"['z_diameter_T6W30', 'z_asp_T6W30']",,,,,,,,3.4768582676552087,3.554941969341382,98.0,3.5159001184982954,0.03904185084308663,0.19575101129528585,1.9844674545084815,completed,False,COMPLETE
