number,value,datetime_start,datetime_complete,duration,params_dt_max_depth,params_dt_min_samples_leaf,params_dt_min_samples_split,params_elastic_alpha,params_elastic_l1_ratio,params_et_max_depth,params_et_max_features,params_et_min_samples_leaf,params_et_min_samples_split,params_et_n_estimators,params_knn_metric,params_knn_n_neighbors,params_knn_weights,params_quantile_alpha,params_regressor,params_rf_max_depth,params_rf_max_features,params_rf_min_samples_leaf,params_rf_min_samples_split,params_rf_n_estimators,params_rfe_n_features,params_rfe_proxy_et_max_depth,params_rfe_proxy_et_min_samples_leaf,params_rfe_proxy_et_min_samples_split,params_rfe_proxy_et_n_estimators,params_rfe_proxy_lsvr_C,params_rfe_proxy_lsvr_epsilon,params_rfe_proxy_type,params_use_scaler,user_attrs_d2mae_ci_lower_val,user_attrs_d2mae_ci_upper_val,user_attrs_d2mae_df_val,user_attrs_d2mae_mean_val,user_attrs_d2mae_samperror_val,user_attrs_d2mae_std_val,user_attrs_d2mae_t_critical_val,user_attrs_mae_ci_lower_val,user_attrs_mae_ci_upper_val,user_attrs_mae_df_val,user_attrs_mae_mean_val,user_attrs_mae_samperror_val,user_attrs_mae_std_val,user_attrs_mae_t_critical_val,user_attrs_mape_ci_lower_val,user_attrs_mape_ci_upper_val,user_attrs_mape_df_val,user_attrs_mape_mean_val,user_attrs_mape_samperror_val,user_attrs_mape_std_val,user_attrs_mape_t_critical_val,user_attrs_max_error_ci_lower_val,user_attrs_max_error_ci_upper_val,user_attrs_max_error_df_val,user_attrs_max_error_mean_val,user_attrs_max_error_samperror_val,user_attrs_max_error_std_val,user_attrs_max_error_t_critical_val,user_attrs_median_ae_ci_lower_val,user_attrs_median_ae_ci_upper_val,user_attrs_median_ae_df_val,user_attrs_median_ae_mean_val,user_attrs_median_ae_samperror_val,user_attrs_median_ae_std_val,user_attrs_median_ae_t_critical_val,user_attrs_n_splits_val,user_attrs_r2_below_zero_val,user_attrs_r2_ci_lower_val,user_attrs_r2_ci_upper_val,user_attrs_r2_df_val,user_attrs_r2_mean_val,user_attrs_r2_samperror_val,user_attrs_r2_std_val,user_attrs_r2_t_critical_val,user_attrs_regressor_final,user_attrs_rfe_estimator,user_attrs_rfe_n_features,user_attrs_rfe_selected_features,user_attrs_rho_ci_lower_val,user_attrs_rho_ci_upper_val,user_attrs_rho_df_val,user_attrs_rho_mean_val,user_attrs_rho_samperror_val,user_attrs_rho_std_val,user_attrs_rho_t_critical_val,user_attrs_rmse_ci_lower_val,user_attrs_rmse_ci_upper_val,user_attrs_rmse_df_val,user_attrs_rmse_mean_val,user_attrs_rmse_samperror_val,user_attrs_rmse_std_val,user_attrs_rmse_t_critical_val,user_attrs_termination_reason,user_attrs_use_scaler_final,state
27,2.9285012482303614,2026-06-12 08:08:01.654159,2026-06-12 08:08:03.463052,0 days 00:00:01.808893,,,,,,,,,,,minkowski,20.0,distance,,KNeighborsRegressor,,,,,,4,,,,,7.4910104974988885,0.6592318760277409,LinearSVR,,-0.042299674035911665,-0.027374677525631434,98.0,-0.03483717578077155,0.007462498255140114,0.03741604326352408,1.9844674545084815,2.8940305874893624,2.9629719089713604,98.0,2.9285012482303614,0.03447066074099898,0.1728316295041147,1.9844674545084815,940792649214374.9,1195985483222401.5,98.0,1068389066218388.2,127596417004013.36,639752653289322.0,1.9844674545084815,8.460352411428651,8.801692931313308,98.0,8.63102267137098,0.17067025994232762,0.8557195742592684,1.9844674545084815,2.5589967218517176,2.6530763754607634,98.0,2.6060365486562405,0.04703982680452292,0.23585187354843318,1.9844674545084815,99.0,0.8686868686868687,-0.07618585006799453,-0.05262322970069167,98.0,-0.0644045398843431,0.011781310183651425,0.05907003210739404,1.9844674545084815,KNeighborsRegressor,"{'mode': 'proxy', 'type': 'LinearSVR'}",4,"['z_l1_T6W30', 'z_l2_T6W30', 'z_diameter_T6W30', 'z_asp_T6W30']",-0.012643082437833315,0.032747723727028485,98.0,0.010052320644597587,0.022695403082430902,0.11379194400889124,1.9844674545084815,3.537616383904676,3.62532618450368,98.0,3.581471284204178,0.04385490029950192,0.21988304597504932,1.9844674545084815,completed,True,COMPLETE
28,3.6116057085011337,2026-06-12 08:08:03.476224,2026-06-12 08:08:05.427074,0 days 00:00:01.950850,20.0,5.0,4.0,,,,,,,,,,,,DecisionTreeRegressor,,,,,,7,,,,,,,,False,-0.2972109594723713,-0.25839953896841705,98.0,-0.2778052492203942,0.019405710251977123,0.09729783103765109,1.9844674545084815,3.5584293845203043,3.664782032481963,98.0,3.6116057085011337,0.05317632398082959,0.2666195114071133,1.9844674545084815,926778872264197.2,1205968707828646.8,98.0,1066373790046422.0,139594917782224.75,699911652174951.2,1.9844674545084815,10.50441344468148,10.964545990944623,98.0,10.734479717813052,0.2300662731315721,1.1535238380845725,1.9844674545084815,3.088025870068486,3.2479208992116164,98.0,3.1679733846400513,0.07994751457156499,0.4008469498750635,1.9844674545084815,99.0,1.0,-0.706724562351104,-0.6159305608559298,98.0,-0.6613275616035169,0.04539700074758712,0.22761494688939965,1.9844674545084815,DecisionTreeRegressor,"{'mode': 'original', 'type': 'DecisionTreeRegressor'}",7,"['z_re_T6W30', 'z_l1_T6W30', 'z_l3_T6W30', 'z_lsc_T6W30', 'z_density_T6W30', 'z_diameter_T6W30', 'z_asp_T6W30']",-0.08529958430640634,-0.035858678529288104,98.0,-0.06057913141784722,0.024720452888559116,0.12394529327161233,1.9844674545084815,4.398609685429029,4.518112545294811,98.0,4.45836111536192,0.05975142993289181,0.2995862794187724,1.9844674545084815,completed,False,COMPLETE
29,2.8767101435661644,2026-06-12 08:08:05.441148,2026-06-12 08:08:07.218367,0 days 00:00:01.777219,,,,0.00016377964907056237,0.8770241030575711,,,,,,,,,,ElasticNet,,,,,,6,,,,,,,,True,-0.02459104220601912,-0.00894118628782604,98.0,-0.016766114246922578,0.007824927959096539,0.039233220972594816,1.9844674545084815,2.8443513924348394,2.9090688946974894,98.0,2.8767101435661644,0.03235875113132492,0.16224277592953754,1.9844674545084815,891244806565882.4,1131077716687863.2,98.0,1011161261626872.8,119916455060990.42,601246273991419.0,1.9844674545084815,8.299343654041692,8.642526543101756,98.0,8.470935098571724,0.17159144453003175,0.860338279846702,1.9844674545084815,2.484976338596947,2.563260010543798,98.0,2.5241181745703725,0.03914183597342527,0.196252324372295,1.9844674545084815,99.0,0.6464646464646465,-0.035811997088539306,-0.010103012877994498,98.0,-0.022957504983266902,0.012854492105272404,0.06445083352752765,1.9844674545084815,ElasticNet,"{'mode': 'original', 'type': 'ElasticNet'}",6,"['z_re_T6W30', 'z_pe_T6W30', 'z_l1_T6W30', 'z_l2_T6W30', 'z_density_T6W30', 'z_asp_T6W30']",0.07372179645449276,0.1265148424623227,98.0,0.10011831945840773,0.026396523003914967,0.13234890152782317,1.9844674545084815,3.466561605237071,3.5548033219931017,98.0,3.5106824636150864,0.04412085837801528,0.2212165268860948,1.9844674545084815,completed,True,COMPLETE
30,2.8599753860243284,2026-06-12 08:08:07.230668,2026-06-12 08:08:08.943805,0 days 00:00:01.713137,,,,,,,,,,,,,,,LinearRegression,,,,,,5,,,,,,,,False,-0.018436938036864654,-0.003528189706061376,98.0,-0.010982563871463015,0.007454374165401639,0.037375310082391054,1.9844674545084815,2.8298501352534946,2.8901006367951623,98.0,2.8599753860243284,0.030125250770833983,0.15104428136913153,1.9844674545084815,885907993880004.4,1124898797828984.4,98.0,1005403395854494.4,119495401974489.98,599135165893016.5,1.9844674545084815,8.159664630709008,8.469032783786998,98.0,8.314348707248003,0.15468407653899463,0.7755668279017407,1.9844674545084815,2.472113945909154,2.548116663337238,98.0,2.510115304623196,0.03800135871404185,0.19053411245194204,1.9844674545084815,99.0,0.5555555555555556,-0.01882310277703241,0.004570694394915251,98.0,-0.007126204191058578,0.01169689858597383,0.05864680279695867,1.9844674545084815,LinearRegression,"{'mode': 'original', 'type': 'LinearRegression'}",5,"['z_re_T6W30', 'z_l1_T6W30', 'z_l2_T6W30', 'z_density_T6W30', 'z_asp_T6W30']",0.09821226643656088,0.15131249506479708,98.0,0.12476238075067897,0.026550114314118096,0.133118989360474,1.9844674545084815,3.4423354165875963,3.523560600818737,98.0,3.4829480087031666,0.040612592115570015,0.2036265137607719,1.9844674545084815,completed,False,COMPLETE
31,2.8308575955634785,2026-06-12 08:08:08.956572,2026-06-12 08:08:11.163499,0 days 00:00:02.206927,,,,,,,,,,,,,,8.632405665578633,QuantileRegressor,,,,,,5,,,,,,,,False,-0.0008710167252312757,5.380273699555165e-05,98.0,-0.00040860699411786203,0.0004624097311134137,0.002318465199358251,1.9844674545084815,2.805429745831736,2.856285445295221,98.0,2.8308575955634785,0.02542784973174255,0.12749209355003127,1.9844674545084815,813460468866446.8,1032935100287233.8,98.0,923197784576840.2,109737315710393.47,550209328278897.0,1.9844674545084815,8.622879029919044,8.932676525636513,98.0,8.777777777777779,0.154898747858735,0.7766431633476233,1.9844674545084815,2.487116641790159,2.684600529927013,98.0,2.585858585858586,0.09874194406842689,0.49507989481189746,1.9844674545084815,99.0,1.0,-0.026651425313173705,-0.023247098953300478,98.0,-0.02494926213323709,0.0017021631799366132,0.008534435654737752,1.9844674545084815,QuantileRegressor,"{'mode': 'original', 'type': 'QuantileRegressor'}",5,"['z_l3_T6W30', 'z_lsc_T6W30', 'z_density_T6W30', 'z_diameter_T6W30', 'z_asp_T6W30']",,,,,,,,3.4768582676552087,3.554941969341382,98.0,3.5159001184982954,0.03904185084308663,0.19575101129528585,1.9844674545084815,completed,False,COMPLETE
32,2.8308575955634785,2026-06-12 08:08:11.176641,2026-06-12 08:08:13.423040,0 days 00:00:02.246399,,,,,,,,,,,,,,2.2931680347694705,QuantileRegressor,,,,,,5,,,,,,,,False,-0.0008710167252312757,5.380273699555165e-05,98.0,-0.00040860699411786203,0.0004624097311134137,0.002318465199358251,1.9844674545084815,2.805429745831736,2.856285445295221,98.0,2.8308575955634785,0.02542784973174255,0.12749209355003127,1.9844674545084815,813460468866446.8,1032935100287233.8,98.0,923197784576840.2,109737315710393.47,550209328278897.0,1.9844674545084815,8.622879029919044,8.932676525636513,98.0,8.777777777777779,0.154898747858735,0.7766431633476233,1.9844674545084815,2.487116641790159,2.684600529927013,98.0,2.585858585858586,0.09874194406842689,0.49507989481189746,1.9844674545084815,99.0,1.0,-0.026651425313173705,-0.023247098953300478,98.0,-0.02494926213323709,0.0017021631799366132,0.008534435654737752,1.9844674545084815,QuantileRegressor,"{'mode': 'original', 'type': 'QuantileRegressor'}",5,"['z_l3_T6W30', 'z_lsc_T6W30', 'z_density_T6W30', 'z_diameter_T6W30', 'z_asp_T6W30']",,,,,,,,3.4768582676552087,3.554941969341382,98.0,3.5159001184982954,0.03904185084308663,0.19575101129528585,1.9844674545084815,completed,False,COMPLETE
33,2.8308575955634785,2026-06-12 08:08:13.435717,2026-06-12 08:08:15.579482,0 days 00:00:02.143765,,,,,,,,,,,,,,3.227908133236349,QuantileRegressor,,,,,,4,,,,,,,,False,-0.0008710167252312757,5.380273699555165e-05,98.0,-0.00040860699411786203,0.0004624097311134137,0.002318465199358251,1.9844674545084815,2.805429745831736,2.856285445295221,98.0,2.8308575955634785,0.02542784973174255,0.12749209355003127,1.9844674545084815,813460468866446.8,1032935100287233.8,98.0,923197784576840.2,109737315710393.47,550209328278897.0,1.9844674545084815,8.622879029919044,8.932676525636513,98.0,8.777777777777779,0.154898747858735,0.7766431633476233,1.9844674545084815,2.487116641790159,2.684600529927013,98.0,2.585858585858586,0.09874194406842689,0.49507989481189746,1.9844674545084815,99.0,1.0,-0.026651425313173705,-0.023247098953300478,98.0,-0.02494926213323709,0.0017021631799366132,0.008534435654737752,1.9844674545084815,QuantileRegressor,"{'mode': 'original', 'type': 'QuantileRegressor'}",4,"['z_lsc_T6W30', 'z_density_T6W30', 'z_diameter_T6W30', 'z_asp_T6W30']",,,,,,,,3.4768582676552087,3.554941969341382,98.0,3.5159001184982954,0.03904185084308663,0.19575101129528585,1.9844674545084815,completed,False,COMPLETE
34,2.8766112704942963,2026-06-12 08:08:15.591997,2026-06-12 08:08:17.339474,0 days 00:00:01.747477,,,,0.000123469869878032,0.9566761854597826,,,,,,,,,,ElasticNet,,,,,,6,,,,,,,,False,-0.024549292773368876,-0.008914004023589545,98.0,-0.01673164839847921,0.007817644374889665,0.03919670198224058,1.9844674545084815,2.844271786805866,2.908950754182727,98.0,2.8766112704942963,0.03233948368843058,0.16214617135392964,1.9844674545084815,891284219227831.5,1131127956479428.0,98.0,1011206087853629.8,119921868625798.25,601273416935796.9,1.9844674545084815,8.298302509234365,8.641187341744683,98.0,8.469744925489524,0.17144241625515935,0.8595910705088273,1.9844674545084815,2.4850416495130045,2.563304930560036,98.0,2.5241732900365204,0.03913164052351592,0.19620120564745824,1.9844674545084815,99.0,0.6464646464646465,-0.03568841636489574,-0.010015949205342338,98.0,-0.022852182785119038,0.0128362335797767,0.06435928753897015,1.9844674545084815,ElasticNet,"{'mode': 'original', 'type': 'ElasticNet'}",6,"['z_re_T6W30', 'z_pe_T6W30', 'z_l1_T6W30', 'z_l2_T6W30', 'z_density_T6W30', 'z_asp_T6W30']",0.07359230108109734,0.1263528244119147,98.0,0.09997256274650602,0.026380261665408685,0.1322673691878116,1.9844674545084815,3.4664065221651743,3.554601770204103,98.0,3.5105041461846387,0.04409762401946452,0.2211000326860276,1.9844674545084815,completed,False,COMPLETE
35,2.881739116469388,2026-06-12 08:08:17.351952,2026-06-12 08:08:40.299097,0 days 00:00:22.947145,,,,,,2.0,log2,1.0,2.0,441.0,,,,,ExtraTreesRegressor,,,,,,3,,,,,,,,False,-0.021142061284122663,-0.015991577743856195,98.0,-0.01856681951398943,0.002575241770133235,0.012911943720585878,1.9844674545084815,2.857115454775463,2.906362778163313,98.0,2.881739116469388,0.024623661693925245,0.12345999419318981,1.9844674545084815,896166326520411.0,1138135516956451.0,98.0,1017150921738431.0,120984595218020.05,606601796627474.5,1.9844674545084815,8.112125484727942,8.40028460462507,98.0,8.256205044676506,0.14407955994856397,0.7223970933208297,1.9844674545084815,2.529370040315263,2.560103227784309,98.0,2.544736634049786,0.01536659373452315,0.07704620039112103,1.9844674545084815,99.0,0.5454545454545454,-0.005020763667508605,-0.0004194188263887911,98.0,-0.002720091246948698,0.002300672420559907,0.011535286961517675,1.9844674545084815,ExtraTreesRegressor,"{'mode': 'original', 'type': 'ExtraTreesRegressor'}",3,"['z_l1_T6W30', 'z_l2_T6W30', 'z_l3_T6W30']",0.014877037748189176,0.061522304845610845,98.0,0.03819967129690001,0.023322633548710833,0.11693679998877242,1.9844674545084815,3.440104736271593,3.5140145960022746,98.0,3.4770596661369337,0.03695492986534105,0.18528744763051708,1.9844674545084815,completed,False,COMPLETE
36,2.8599753860243284,2026-06-12 08:08:40.311637,2026-06-12 08:08:42.105049,0 days 00:00:01.793412,,,,,,,,,,,,,,,LinearRegression,,,,,,5,,,,,,,,False,-0.018436938036864654,-0.003528189706061376,98.0,-0.010982563871463015,0.007454374165401639,0.037375310082391054,1.9844674545084815,2.8298501352534946,2.8901006367951623,98.0,2.8599753860243284,0.030125250770833983,0.15104428136913153,1.9844674545084815,885907993880004.4,1124898797828984.4,98.0,1005403395854494.4,119495401974489.98,599135165893016.5,1.9844674545084815,8.159664630709008,8.469032783786998,98.0,8.314348707248003,0.15468407653899463,0.7755668279017407,1.9844674545084815,2.472113945909154,2.548116663337238,98.0,2.510115304623196,0.03800135871404185,0.19053411245194204,1.9844674545084815,99.0,0.5555555555555556,-0.01882310277703241,0.004570694394915251,98.0,-0.007126204191058578,0.01169689858597383,0.05864680279695867,1.9844674545084815,LinearRegression,"{'mode': 'original', 'type': 'LinearRegression'}",5,"['z_re_T6W30', 'z_l1_T6W30', 'z_l2_T6W30', 'z_density_T6W30', 'z_asp_T6W30']",0.09821226643656088,0.15131249506479708,98.0,0.12476238075067897,0.026550114314118096,0.133118989360474,1.9844674545084815,3.4423354165875963,3.523560600818737,98.0,3.4829480087031666,0.040612592115570015,0.2036265137607719,1.9844674545084815,completed,False,COMPLETE
37,2.8308575955634785,2026-06-12 08:08:42.136212,2026-06-12 08:08:44.369999,0 days 00:00:02.233787,,,,,,,,,,,,,,0.21980426427532332,QuantileRegressor,,,,,,7,,,,,,,,True,-0.0008710167252312757,5.380273699555165e-05,98.0,-0.00040860699411786203,0.0004624097311134137,0.002318465199358251,1.9844674545084815,2.805429745831736,2.856285445295221,98.0,2.8308575955634785,0.02542784973174255,0.12749209355003127,1.9844674545084815,813460468866446.8,1032935100287233.8,98.0,923197784576840.2,109737315710393.47,550209328278897.0,1.9844674545084815,8.622879029919044,8.932676525636513,98.0,8.777777777777779,0.154898747858735,0.7766431633476233,1.9844674545084815,2.487116641790159,2.684600529927013,98.0,2.585858585858586,0.09874194406842689,0.49507989481189746,1.9844674545084815,99.0,1.0,-0.026651425313173705,-0.023247098953300478,98.0,-0.02494926213323709,0.0017021631799366132,0.008534435654737752,1.9844674545084815,QuantileRegressor,"{'mode': 'original', 'type': 'QuantileRegressor'}",7,"['z_l1_T6W30', 'z_l2_T6W30', 'z_l3_T6W30', 'z_lsc_T6W30', 'z_density_T6W30', 'z_diameter_T6W30', 'z_asp_T6W30']",,,,,,,,3.4768582676552087,3.554941969341382,98.0,3.5159001184982954,0.03904185084308663,0.19575101129528585,1.9844674545084815,completed,True,COMPLETE
38,2.929014770496269,2026-06-12 08:08:44.383688,2026-06-12 08:09:14.245288,0 days 00:00:29.861600,,,,,,,,,,,,,,,RandomForestRegressor,2.0,,1.0,12.0,353.0,4,,,,,,,,False,-0.04118526898980187,-0.029425799895423134,98.0,-0.0353055344426125,0.005879734547189366,0.029480261793581337,1.9844674545084815,2.9003184558663384,2.9577110851261996,98.0,2.929014770496269,0.02869631462993061,0.14387977229443563,1.9844674545084815,894646700390199.5,1135508267707030.8,98.0,1015077484048615.1,120430783658415.58,603825053964958.2,1.9844674545084815,8.352925888920186,8.636034131817908,98.0,8.494480010369047,0.14155412144886173,0.7097348570383429,1.9844674545084815,2.569009222356613,2.6527300396457973,98.0,2.610869631001205,0.04186040864459212,0.2098829115029989,1.9844674545084815,99.0,0.8484848484848485,-0.05830704178909754,-0.038358839094319155,98.0,-0.04833294044170835,0.009974101347389195,0.05000891052425191,1.9844674545084815,RandomForestRegressor,"{'mode': 'original', 'type': 'RandomForestRegressor'}",4,"['z_l1_T6W30', 'z_l2_T6W30', 'z_l3_T6W30', 'z_diameter_T6W30']",-0.05000214657568629,-0.00198272257516802,98.0,-0.025992434575427156,0.024009712000259135,0.12038172636458218,1.9844674545084815,3.514098962135437,3.5939920611326963,98.0,3.5540455116340666,0.039946549498629566,0.20028705845790068,1.9844674545084815,completed,False,COMPLETE
39,3.042092685110163,2026-06-12 08:09:14.258725,2026-06-12 08:09:21.292308,0 days 00:00:07.033583,,,,,,20.0,,1.0,12.0,99.0,,,,,ExtraTreesRegressor,,,,,,9,,,,,,,,False,-0.08405734848502222,-0.0667493816026507,98.0,-0.07540336504383646,0.00865398344118576,0.04339000261932362,1.9844674545084815,3.008998447357627,3.075186922862699,98.0,3.042092685110163,0.03309423775253616,0.16593041488074634,1.9844674545084815,907852220306799.1,1154099236097812.2,98.0,1030975728202305.6,123123507895506.55,617326040244230.0,1.9844674545084815,8.638873179761958,8.939587658854332,98.0,8.789230419308145,0.15035723954618654,0.7538726023780548,1.9844674545084815,2.64104324696549,2.7276858658222873,98.0,2.6843645563938887,0.04332130942839881,0.21720768734371382,1.9844674545084815,99.0,0.9494949494949495,-0.13956480582847133,-0.11155867997857606,98.0,-0.1255617429035237,0.01400306292494764,0.07020962555814408,1.9844674545084815,ExtraTreesRegressor,"{'mode': 'original', 'type': 'ExtraTreesRegressor'}",9,"['z_re_T6W30', 'z_pe_T6W30', 'z_l1_T6W30', 'z_l2_T6W30', 'z_l3_T6W30', 'z_lsc_T6W30', 'z_density_T6W30', 'z_diameter_T6W30', 'z_asp_T6W30']",-0.08988414444194054,-0.04345008236307124,98.0,-0.06666711340250589,0.023217031039434653,0.11640732206854743,1.9844674545084815,3.639582881993274,3.722764030658232,98.0,3.681173456325753,0.04159057433247921,0.20852999563611133,1.9844674545084815,completed,False,COMPLETE
40,2.8308575955634785,2026-06-12 08:09:21.305151,2026-06-12 08:09:23.374353,0 days 00:00:02.069202,,,,,,,,,,,,,,2.8828145009000483,QuantileRegressor,,,,,,2,,,,,,,,True,-0.0008710167252312757,5.380273699555165e-05,98.0,-0.00040860699411786203,0.0004624097311134137,0.002318465199358251,1.9844674545084815,2.805429745831736,2.856285445295221,98.0,2.8308575955634785,0.02542784973174255,0.12749209355003127,1.9844674545084815,813460468866446.8,1032935100287233.8,98.0,923197784576840.2,109737315710393.47,550209328278897.0,1.9844674545084815,8.622879029919044,8.932676525636513,98.0,8.777777777777779,0.154898747858735,0.7766431633476233,1.9844674545084815,2.487116641790159,2.684600529927013,98.0,2.585858585858586,0.09874194406842689,0.49507989481189746,1.9844674545084815,99.0,1.0,-0.026651425313173705,-0.023247098953300478,98.0,-0.02494926213323709,0.0017021631799366132,0.008534435654737752,1.9844674545084815,QuantileRegressor,"{'mode': 'original', 'type': 'QuantileRegressor'}",2,"['z_diameter_T6W30', 'z_asp_T6W30']",,,,,,,,3.4768582676552087,3.554941969341382,98.0,3.5159001184982954,0.03904185084308663,0.19575101129528585,1.9844674545084815,completed,True,COMPLETE
