number,value,datetime_start,datetime_complete,duration,params_dt_max_depth,params_dt_min_samples_leaf,params_dt_min_samples_split,params_elastic_alpha,params_elastic_l1_ratio,params_et_max_depth,params_et_max_features,params_et_min_samples_leaf,params_et_min_samples_split,params_et_n_estimators,params_knn_metric,params_knn_n_neighbors,params_knn_weights,params_quantile_alpha,params_regressor,params_rf_max_depth,params_rf_max_features,params_rf_min_samples_leaf,params_rf_min_samples_split,params_rf_n_estimators,params_rfe_n_features,params_rfe_proxy_et_max_depth,params_rfe_proxy_et_min_samples_leaf,params_rfe_proxy_et_min_samples_split,params_rfe_proxy_et_n_estimators,params_rfe_proxy_lsvr_C,params_rfe_proxy_lsvr_epsilon,params_rfe_proxy_type,params_use_scaler,user_attrs_d2mae_ci_lower_val,user_attrs_d2mae_ci_upper_val,user_attrs_d2mae_df_val,user_attrs_d2mae_mean_val,user_attrs_d2mae_samperror_val,user_attrs_d2mae_std_val,user_attrs_d2mae_t_critical_val,user_attrs_mae_ci_lower_val,user_attrs_mae_ci_upper_val,user_attrs_mae_df_val,user_attrs_mae_mean_val,user_attrs_mae_samperror_val,user_attrs_mae_std_val,user_attrs_mae_t_critical_val,user_attrs_mape_ci_lower_val,user_attrs_mape_ci_upper_val,user_attrs_mape_df_val,user_attrs_mape_mean_val,user_attrs_mape_samperror_val,user_attrs_mape_std_val,user_attrs_mape_t_critical_val,user_attrs_max_error_ci_lower_val,user_attrs_max_error_ci_upper_val,user_attrs_max_error_df_val,user_attrs_max_error_mean_val,user_attrs_max_error_samperror_val,user_attrs_max_error_std_val,user_attrs_max_error_t_critical_val,user_attrs_median_ae_ci_lower_val,user_attrs_median_ae_ci_upper_val,user_attrs_median_ae_df_val,user_attrs_median_ae_mean_val,user_attrs_median_ae_samperror_val,user_attrs_median_ae_std_val,user_attrs_median_ae_t_critical_val,user_attrs_n_splits_val,user_attrs_r2_below_zero_val,user_attrs_r2_ci_lower_val,user_attrs_r2_ci_upper_val,user_attrs_r2_df_val,user_attrs_r2_mean_val,user_attrs_r2_samperror_val,user_attrs_r2_std_val,user_attrs_r2_t_critical_val,user_attrs_regressor_final,user_attrs_rfe_estimator,user_attrs_rfe_n_features,user_attrs_rfe_selected_features,user_attrs_rho_ci_lower_val,user_attrs_rho_ci_upper_val,user_attrs_rho_df_val,user_attrs_rho_mean_val,user_attrs_rho_samperror_val,user_attrs_rho_std_val,user_attrs_rho_t_critical_val,user_attrs_rmse_ci_lower_val,user_attrs_rmse_ci_upper_val,user_attrs_rmse_df_val,user_attrs_rmse_mean_val,user_attrs_rmse_samperror_val,user_attrs_rmse_std_val,user_attrs_rmse_t_critical_val,user_attrs_termination_reason,user_attrs_use_scaler_final,state
41,2.8336887983771324,2026-06-12 08:09:23.386495,2026-06-12 08:09:25.682316,0 days 00:00:02.295821,,,,,,,,,,,,,,0.017653936240550082,QuantileRegressor,,,,,,6,,,,,,,,False,-0.002970447240819153,8.191031015395149e-05,98.0,-0.0014442684653326006,0.0015261787754865521,0.00765207161718859,1.9844674545084815,2.808358155912833,2.859019440841432,98.0,2.8336887983771324,0.02533064246429917,0.1270047083340032,1.9844674545084815,813355994582957.1,1032862193035102.1,98.0,923109093809029.6,109753099226072.53,550288464874351.6,1.9844674545084815,8.62385384229785,8.933657606966113,98.0,8.778755724631981,0.15490188233413124,0.7766588792195772,1.9844674545084815,2.4878880624045117,2.683334162908979,98.0,2.5856111126567454,0.0977230502522335,0.489971287237836,1.9844674545084815,99.0,1.0,-0.028593895777143073,-0.02364939822627491,98.0,-0.026121647001708992,0.002472248775434082,0.012395549583696253,1.9844674545084815,QuantileRegressor,"{'mode': 'original', 'type': 'QuantileRegressor'}",6,"['z_l2_T6W30', 'z_l3_T6W30', 'z_lsc_T6W30', 'z_density_T6W30', 'z_diameter_T6W30', 'z_asp_T6W30']",-1.274907307607352,0.7205734503453147,1.0,-0.27716692863101866,0.9977403789763334,0.11104952304588797,12.706204736174694,3.4789160402483206,3.5566835032399706,98.0,3.5177997717441456,0.03888373149582509,0.1949582204448675,1.9844674545084815,completed,False,COMPLETE
42,2.8308575955634785,2026-06-12 08:09:25.695472,2026-06-12 08:09:27.891824,0 days 00:00:02.196352,,,,,,,,,,,,,,0.03032702434692847,QuantileRegressor,,,,,,6,,,,,,,,False,-0.0008710167252312757,5.380273699555165e-05,98.0,-0.00040860699411786203,0.0004624097311134137,0.002318465199358251,1.9844674545084815,2.805429745831736,2.856285445295221,98.0,2.8308575955634785,0.02542784973174255,0.12749209355003127,1.9844674545084815,813460468866446.8,1032935100287233.8,98.0,923197784576840.2,109737315710393.47,550209328278897.0,1.9844674545084815,8.622879029919044,8.932676525636513,98.0,8.777777777777779,0.154898747858735,0.7766431633476233,1.9844674545084815,2.487116641790159,2.684600529927013,98.0,2.585858585858586,0.09874194406842689,0.49507989481189746,1.9844674545084815,99.0,1.0,-0.026651425313173705,-0.023247098953300478,98.0,-0.02494926213323709,0.001702163179936613,0.00853443565473775,1.9844674545084815,QuantileRegressor,"{'mode': 'original', 'type': 'QuantileRegressor'}",6,"['z_l2_T6W30', 'z_l3_T6W30', 'z_lsc_T6W30', 'z_density_T6W30', 'z_diameter_T6W30', 'z_asp_T6W30']",,,,,,,,3.4768582676552087,3.554941969341382,98.0,3.5159001184982954,0.03904185084308663,0.19575101129528585,1.9844674545084815,completed,False,COMPLETE
43,2.8960605941570865,2026-06-12 08:09:27.904698,2026-06-12 08:09:30.304951,0 days 00:00:02.400253,,,,,,,,,,,,,,0.00019021800936698172,QuantileRegressor,,,,,,7,,,,,,,,False,-0.034149270332728965,-0.01304075456400314,98.0,-0.02359501244836605,0.010554257884362912,0.05291774364485909,1.9844674545084815,2.8578200434151517,2.9343011448990213,98.0,2.8960605941570865,0.03824055074193456,0.19173339169569387,1.9844674545084815,830713990103070.8,1056711748256520.0,98.0,943712869179795.4,112998879076724.61,566562403596176.2,1.9844674545084815,8.834323599709023,9.182452367954085,98.0,9.008387983831554,0.1740643841225312,0.8727372931017213,1.9844674545084815,2.4333964133788366,2.5358310445397767,98.0,2.4846137289593067,0.05121731558047025,0.25679728558468656,1.9844674545084815,99.0,0.7676767676767676,-0.10294072717641842,-0.06417934555480487,98.0,-0.08356003636561164,0.01938069081080678,0.09717238665411451,1.9844674545084815,QuantileRegressor,"{'mode': 'original', 'type': 'QuantileRegressor'}",7,"['z_re_T6W30', 'z_l1_T6W30', 'z_l2_T6W30', 'z_l3_T6W30', 'z_density_T6W30', 'z_diameter_T6W30', 'z_asp_T6W30']",0.06162909592747725,0.11714297116992131,98.0,0.08938603354869928,0.027756937621222035,0.13916985215818764,1.9844674545084815,3.5614525956931815,3.6600934285917908,98.0,3.610773012142486,0.04932041644930479,0.24728646795610734,1.9844674545084815,completed,False,COMPLETE
44,2.8861083774665786,2026-06-12 08:09:30.317735,2026-06-12 08:09:32.660569,0 days 00:00:02.342834,,,,,,,,,,,,,,0.006338434758339061,QuantileRegressor,,,,,,5,,,,,,,,False,-0.026020212608100196,-0.014027581311720917,98.0,-0.020023896959910557,0.0059963156481896394,0.030064785014840518,1.9844674545084815,2.8561823230661068,2.9160344318670504,98.0,2.8861083774665786,0.02992605440047169,0.15004553540543517,1.9844674545084815,851736147380502.2,1078714355690372.2,98.0,965225251535437.2,113489104154934.94,569020331505579.5,1.9844674545084815,8.579514587651117,8.904994221839429,98.0,8.742254404745273,0.16273981709415675,0.8159573146833033,1.9844674545084815,2.5416282359612277,2.646394466268074,98.0,2.5940113511146508,0.052383115153422956,0.26264246045332407,1.9844674545084815,99.0,0.8181818181818182,-0.052253777799840584,-0.03111791188933759,98.0,-0.041685844844589086,0.010567932955251495,0.0529863087589141,1.9844674545084815,QuantileRegressor,"{'mode': 'original', 'type': 'QuantileRegressor'}",5,"['z_re_T6W30', 'z_pe_T6W30', 'z_l1_T6W30', 'z_l3_T6W30', 'z_asp_T6W30']",-0.0054548234612045755,0.05111285653718241,84.0,0.022829016537988914,0.02828383999919349,0.13112886084482087,1.9886096669757083,3.501482619013684,3.584487887995854,98.0,3.542985253504769,0.04150263449108511,0.20808907614806685,1.9844674545084815,completed,False,COMPLETE
45,3.007952163303524,2026-06-12 08:09:32.672833,2026-06-12 08:09:34.317103,0 days 00:00:01.644270,2.0,1.0,17.0,,,,,,,,,,,,DecisionTreeRegressor,,,,,,6,,,,,,,,False,-0.07329130615675224,-0.05344970387639737,98.0,-0.0633705050165748,0.009920801140177429,0.04974166987764719,1.9844674545084815,2.9723509076616144,3.0435534189454336,98.0,3.007952163303524,0.035601255641909586,0.1785002925013695,1.9844674545084815,876127393349965.5,1117053401090437.2,98.0,996590397220201.4,120463003870235.86,603986602121917.2,1.9844674545084815,8.569008131283182,8.930588728047434,98.0,8.749798429665308,0.1807902983821263,0.9064601953148541,1.9844674545084815,2.5784430982154003,2.695608262919089,98.0,2.6370256805672447,0.05858258235184433,0.29372582221453597,1.9844674545084815,99.0,0.898989898989899,-0.13226431526312094,-0.09417788739944742,98.0,-0.11322110133128419,0.019043213931836764,0.09548031932327343,1.9844674545084815,DecisionTreeRegressor,"{'mode': 'original', 'type': 'DecisionTreeRegressor'}",6,"['z_l1_T6W30', 'z_l3_T6W30', 'z_lsc_T6W30', 'z_density_T6W30', 'z_diameter_T6W30', 'z_asp_T6W30']",-0.02477525241163043,0.027952626173786806,97.0,0.0015886868810781878,0.026363939292708617,0.1314992868408337,1.9847231860139845,3.61379912147658,3.7040443612577194,98.0,3.6589217413671498,0.045122619890569496,0.22623923520869235,1.9844674545084815,completed,False,COMPLETE
46,2.85812349293344,2026-06-12 08:09:34.334992,2026-06-12 08:09:36.224149,0 days 00:00:01.889157,,,,0.011866566188088819,0.04359534820671335,,,,,,,,,,ElasticNet,,,,,,5,,,,,,,,True,-0.017259226249346418,-0.003381354658704973,98.0,-0.010320290454025695,0.006938935795320722,0.03479096584601631,1.9844674545084815,2.828905098918716,2.8873418869481635,98.0,2.85812349293344,0.029218394014723897,0.14649741375719438,1.9844674545084815,889268929537293.0,1128930306629678.5,98.0,1009099618083485.8,119830688546192.81,600816251294124.8,1.9844674545084815,8.1414341096023,8.44642466021736,98.0,8.29392938490983,0.152495275307529,0.7645924492457238,1.9844674545084815,2.4773027787407695,2.5503652278543463,98.0,2.513834003297558,0.0365312245567884,0.18316304161878083,1.9844674545084815,99.0,0.5555555555555556,-0.01519568378354999,0.006235807786024759,98.0,-0.004479937998762616,0.010715745784787374,0.05372742400420196,1.9844674545084815,ElasticNet,"{'mode': 'original', 'type': 'ElasticNet'}",5,"['z_re_T6W30', 'z_l1_T6W30', 'z_l2_T6W30', 'z_density_T6W30', 'z_asp_T6W30']",0.09617673038684839,0.14884754862341354,98.0,0.12251213950513097,0.02633540911828258,0.13204248406404037,1.9844674545084815,3.4387254031908814,3.5185223376273553,98.0,3.4786238704091184,0.03989846721823703,0.20004597985099626,1.9844674545084815,completed,True,COMPLETE
47,4.064171122994652,2026-06-12 08:09:36.236592,2026-06-12 08:09:38.040299,0 days 00:00:01.803707,,,,,,,,,,,minkowski,1.0,uniform,,KNeighborsRegressor,,,,,,4,2.0,1.0,2.0,20.0,,,ExtraTrees,,-0.4659995669092685,-0.4106636321987506,98.0,-0.4383315995540096,0.027667967355258966,0.13872376624880087,1.9844674545084815,3.9899204387293508,4.138421807259953,98.0,4.064171122994652,0.07425068426530113,0.37228374732324965,1.9844674545084815,803455524337049.5,1110730413539182.2,98.0,957092968938115.9,153637444601066.4,770319144816048.2,1.9844674545084815,11.918553777997365,12.48548662604304,98.0,12.202020202020202,0.283466424022837,1.4212655899369175,1.9844674545084815,3.290359150771263,3.517721657309545,98.0,3.404040404040404,0.11368125326914107,0.5699837433985381,1.9844674545084815,99.0,1.0,-1.2396834043213725,-1.0925331699828364,98.0,-1.1661082871521045,0.07357511716926794,0.36889653746022827,1.9844674545084815,KNeighborsRegressor,"{'mode': 'proxy', 'type': 'ExtraTrees'}",4,"['z_l1_T6W30', 'z_l2_T6W30', 'z_l3_T6W30', 'z_asp_T6W30']",-0.08194408444914536,-0.02790312596654513,98.0,-0.05492360520784525,0.02702047924130012,0.13547734092899394,1.9844674545084815,5.000207483956885,5.164635231176868,98.0,5.082421357566877,0.08221387360999183,0.41221019378256435,1.9844674545084815,completed,True,COMPLETE
48,2.8308575955634785,2026-06-12 08:09:38.053453,2026-06-12 08:09:40.318845,0 days 00:00:02.265392,,,,,,,,,,,,,,3.854965436088981,QuantileRegressor,,,,,,7,,,,,,,,False,-0.0008710167252312757,5.380273699555165e-05,98.0,-0.00040860699411786203,0.0004624097311134137,0.002318465199358251,1.9844674545084815,2.805429745831736,2.856285445295221,98.0,2.8308575955634785,0.02542784973174255,0.12749209355003127,1.9844674545084815,813460468866446.8,1032935100287233.8,98.0,923197784576840.2,109737315710393.47,550209328278897.0,1.9844674545084815,8.622879029919044,8.932676525636513,98.0,8.777777777777779,0.154898747858735,0.7766431633476233,1.9844674545084815,2.487116641790159,2.684600529927013,98.0,2.585858585858586,0.09874194406842689,0.49507989481189746,1.9844674545084815,99.0,1.0,-0.026651425313173705,-0.023247098953300478,98.0,-0.02494926213323709,0.0017021631799366132,0.008534435654737752,1.9844674545084815,QuantileRegressor,"{'mode': 'original', 'type': 'QuantileRegressor'}",7,"['z_l1_T6W30', 'z_l2_T6W30', 'z_l3_T6W30', 'z_lsc_T6W30', 'z_density_T6W30', 'z_diameter_T6W30', 'z_asp_T6W30']",,,,,,,,3.4768582676552087,3.554941969341382,98.0,3.5159001184982954,0.03904185084308663,0.19575101129528585,1.9844674545084815,completed,False,COMPLETE
49,2.8767966397736093,2026-06-12 08:09:40.331759,2026-06-12 08:09:41.953974,0 days 00:00:01.622215,,,,,,,,,,,,,,,LinearRegression,,,,,,6,,,,,,,,False,-0.024630814104077983,-0.008961779948528238,98.0,-0.01679629702630311,0.007834517077774873,0.03928129962763241,1.9844674545084815,2.8444153170628845,2.909177962484334,98.0,2.8767966397736093,0.03238132271072465,0.16235594703691628,1.9844674545084815,891196835583082.0,1131021228046138.2,98.0,1011109031814610.1,119912196231528.14,601224920747242.0,1.9844674545084815,8.300159418048207,8.643604935223678,98.0,8.471882176635942,0.1717227585877356,0.8609966722906496,1.9844674545084815,2.484835801842593,2.56311589785066,98.0,2.5239758498466265,0.03914004800403323,0.19624335971490559,1.9844674545084815,99.0,0.6464646464646465,-0.03593315908688614,-0.010180949247386524,98.0,-0.023057054167136333,0.012876104919749809,0.06455919750616926,1.9844674545084815,LinearRegression,"{'mode': 'original', 'type': 'LinearRegression'}",6,"['z_re_T6W30', 'z_pe_T6W30', 'z_l1_T6W30', 'z_l2_T6W30', 'z_density_T6W30', 'z_asp_T6W30']",0.07356897431690251,0.12639963280816027,98.0,0.0999843035625314,0.02641532924562888,0.1324431936977553,1.9844674545084815,3.4667038247771886,3.5549957252412643,98.0,3.5108497750092265,0.04414595023203787,0.22134233433871628,1.9844674545084815,completed,False,COMPLETE
50,2.8308575955634785,2026-06-12 08:09:41.966333,2026-06-12 08:09:44.202542,0 days 00:00:02.236209,,,,,,,,,,,,,,0.14333997003672974,QuantileRegressor,,,,,,6,,,,,,,,False,-0.0008710167252312757,5.380273699555165e-05,98.0,-0.00040860699411786203,0.0004624097311134137,0.002318465199358251,1.9844674545084815,2.805429745831736,2.856285445295221,98.0,2.8308575955634785,0.02542784973174255,0.12749209355003127,1.9844674545084815,813460468866446.8,1032935100287233.8,98.0,923197784576840.2,109737315710393.47,550209328278897.0,1.9844674545084815,8.622879029919044,8.932676525636513,98.0,8.777777777777779,0.154898747858735,0.7766431633476233,1.9844674545084815,2.487116641790159,2.684600529927013,98.0,2.585858585858586,0.09874194406842689,0.49507989481189746,1.9844674545084815,99.0,1.0,-0.026651425313173705,-0.023247098953300478,98.0,-0.02494926213323709,0.0017021631799366132,0.008534435654737752,1.9844674545084815,QuantileRegressor,"{'mode': 'original', 'type': 'QuantileRegressor'}",6,"['z_l2_T6W30', 'z_l3_T6W30', 'z_lsc_T6W30', 'z_density_T6W30', 'z_diameter_T6W30', 'z_asp_T6W30']",,,,,,,,3.4768582676552087,3.554941969341382,98.0,3.5159001184982954,0.03904185084308663,0.19575101129528585,1.9844674545084815,completed,False,COMPLETE
51,2.8308575955634785,2026-06-12 08:09:44.216941,2026-06-12 08:09:46.469323,0 days 00:00:02.252382,,,,,,,,,,,,,,1.1668456156594451,QuantileRegressor,,,,,,5,,,,,,,,False,-0.0008710167252312757,5.380273699555165e-05,98.0,-0.00040860699411786203,0.0004624097311134137,0.002318465199358251,1.9844674545084815,2.805429745831736,2.856285445295221,98.0,2.8308575955634785,0.02542784973174255,0.12749209355003127,1.9844674545084815,813460468866446.8,1032935100287233.8,98.0,923197784576840.2,109737315710393.47,550209328278897.0,1.9844674545084815,8.622879029919044,8.932676525636513,98.0,8.777777777777779,0.154898747858735,0.7766431633476233,1.9844674545084815,2.487116641790159,2.684600529927013,98.0,2.585858585858586,0.09874194406842689,0.49507989481189746,1.9844674545084815,99.0,1.0,-0.026651425313173705,-0.023247098953300478,98.0,-0.02494926213323709,0.0017021631799366132,0.008534435654737752,1.9844674545084815,QuantileRegressor,"{'mode': 'original', 'type': 'QuantileRegressor'}",5,"['z_l3_T6W30', 'z_lsc_T6W30', 'z_density_T6W30', 'z_diameter_T6W30', 'z_asp_T6W30']",,,,,,,,3.4768582676552087,3.554941969341382,98.0,3.5159001184982954,0.03904185084308663,0.19575101129528585,1.9844674545084815,completed,False,COMPLETE
52,2.8308575955634785,2026-06-12 08:09:46.481572,2026-06-12 08:09:48.902687,0 days 00:00:02.421115,,,,,,,,,,,,,,3.8881359622897174,QuantileRegressor,,,,,,5,,,,,,,,False,-0.0008710167252312757,5.380273699555165e-05,98.0,-0.00040860699411786203,0.0004624097311134137,0.002318465199358251,1.9844674545084815,2.805429745831736,2.856285445295221,98.0,2.8308575955634785,0.02542784973174255,0.12749209355003127,1.9844674545084815,813460468866446.8,1032935100287233.8,98.0,923197784576840.2,109737315710393.47,550209328278897.0,1.9844674545084815,8.622879029919044,8.932676525636513,98.0,8.777777777777779,0.154898747858735,0.7766431633476233,1.9844674545084815,2.487116641790159,2.684600529927013,98.0,2.585858585858586,0.09874194406842689,0.49507989481189746,1.9844674545084815,99.0,1.0,-0.026651425313173705,-0.023247098953300478,98.0,-0.02494926213323709,0.0017021631799366132,0.008534435654737752,1.9844674545084815,QuantileRegressor,"{'mode': 'original', 'type': 'QuantileRegressor'}",5,"['z_l3_T6W30', 'z_lsc_T6W30', 'z_density_T6W30', 'z_diameter_T6W30', 'z_asp_T6W30']",,,,,,,,3.4768582676552087,3.554941969341382,98.0,3.5159001184982954,0.03904185084308663,0.19575101129528585,1.9844674545084815,completed,False,COMPLETE
53,2.8308575955634785,2026-06-12 08:09:48.917379,2026-06-12 08:09:51.038787,0 days 00:00:02.121408,,,,,,,,,,,,,,0.7696970462887499,QuantileRegressor,,,,,,4,,,,,,,,False,-0.0008710167252312757,5.380273699555165e-05,98.0,-0.00040860699411786203,0.0004624097311134137,0.002318465199358251,1.9844674545084815,2.805429745831736,2.856285445295221,98.0,2.8308575955634785,0.02542784973174255,0.12749209355003127,1.9844674545084815,813460468866446.8,1032935100287233.8,98.0,923197784576840.2,109737315710393.47,550209328278897.0,1.9844674545084815,8.622879029919044,8.932676525636513,98.0,8.777777777777779,0.154898747858735,0.7766431633476233,1.9844674545084815,2.487116641790159,2.684600529927013,98.0,2.585858585858586,0.09874194406842689,0.49507989481189746,1.9844674545084815,99.0,1.0,-0.026651425313173705,-0.023247098953300478,98.0,-0.02494926213323709,0.0017021631799366132,0.008534435654737752,1.9844674545084815,QuantileRegressor,"{'mode': 'original', 'type': 'QuantileRegressor'}",4,"['z_lsc_T6W30', 'z_density_T6W30', 'z_diameter_T6W30', 'z_asp_T6W30']",,,,,,,,3.4768582676552087,3.554941969341382,98.0,3.5159001184982954,0.03904185084308663,0.19575101129528585,1.9844674545084815,completed,False,COMPLETE
54,2.949076046769959,2026-06-12 08:09:51.052581,2026-06-12 08:09:53.523967,0 days 00:00:02.471386,,,,,,,,,,,,,,,RandomForestRegressor,10.0,,5.0,7.0,264.0,5,,,,,,,,False,,,,,,,,,,,,,,,,,,,,,,,,,,,,,,,,,,,,,,,,,,,,,RandomForestRegressor,"{'mode': 'original', 'type': 'RandomForestRegressor'}",5,"['z_l1_T6W30', 'z_l2_T6W30', 'z_l3_T6W30', 'z_density_T6W30', 'z_asp_T6W30']",,,,,,,,,,,,,,,pruned,False,PRUNED
55,2.8308575955634785,2026-06-12 08:09:53.533957,2026-06-12 08:09:55.756808,0 days 00:00:02.222851,,,,,,,,,,,,,,0.0711423526142679,QuantileRegressor,,,,,,6,,,,,,,,False,-0.0008710167252312757,5.380273699555165e-05,98.0,-0.00040860699411786203,0.0004624097311134137,0.002318465199358251,1.9844674545084815,2.805429745831736,2.856285445295221,98.0,2.8308575955634785,0.02542784973174255,0.12749209355003127,1.9844674545084815,813460468866446.8,1032935100287233.8,98.0,923197784576840.2,109737315710393.47,550209328278897.0,1.9844674545084815,8.622879029919044,8.932676525636513,98.0,8.777777777777779,0.154898747858735,0.7766431633476233,1.9844674545084815,2.487116641790159,2.684600529927013,98.0,2.585858585858586,0.09874194406842689,0.49507989481189746,1.9844674545084815,99.0,1.0,-0.026651425313173705,-0.023247098953300478,98.0,-0.02494926213323709,0.0017021631799366132,0.008534435654737752,1.9844674545084815,QuantileRegressor,"{'mode': 'original', 'type': 'QuantileRegressor'}",6,"['z_l2_T6W30', 'z_l3_T6W30', 'z_lsc_T6W30', 'z_density_T6W30', 'z_diameter_T6W30', 'z_asp_T6W30']",,,,,,,,3.4768582676552087,3.554941969341382,98.0,3.5159001184982954,0.03904185084308663,0.19575101129528585,1.9844674545084815,completed,False,COMPLETE
56,2.812993045944297,2026-06-12 08:09:55.769237,2026-06-12 08:09:56.019739,0 days 00:00:00.250502,,,,,,,,,,,,,,0.00451780815885725,QuantileRegressor,,,,,,4,,,,,,,,False,,,,,,,,,,,,,,,,,,,,,,,,,,,,,,,,,,,,,,,,,,,,,QuantileRegressor,"{'mode': 'original', 'type': 'QuantileRegressor'}",4,"['z_pe_T6W30', 'z_l1_T6W30', 'z_l3_T6W30', 'z_asp_T6W30']",,,,,,,,,,,,,,,pruned,False,PRUNED
57,2.833915993532675,2026-06-12 08:09:56.030541,2026-06-12 08:09:58.106193,0 days 00:00:02.075652,,,,,,11.0,log2,3.0,2.0,491.0,,,,,ExtraTreesRegressor,,,,,,7,,,,,,,,True,,,,,,,,,,,,,,,,,,,,,,,,,,,,,,,,,,,,,,,,,,,,,ExtraTreesRegressor,"{'mode': 'original', 'type': 'ExtraTreesRegressor'}",7,"['z_pe_T6W30', 'z_l1_T6W30', 'z_l2_T6W30', 'z_l3_T6W30', 'z_density_T6W30', 'z_diameter_T6W30', 'z_asp_T6W30']",,,,,,,,,,,,,,,pruned,True,PRUNED
