number,value,datetime_start,datetime_complete,duration,params_dt_max_depth,params_dt_min_samples_leaf,params_dt_min_samples_split,params_elastic_alpha,params_elastic_l1_ratio,params_et_max_depth,params_et_max_features,params_et_min_samples_leaf,params_et_min_samples_split,params_et_n_estimators,params_knn_metric,params_knn_n_neighbors,params_knn_weights,params_quantile_alpha,params_regressor,params_rf_max_depth,params_rf_max_features,params_rf_min_samples_leaf,params_rf_min_samples_split,params_rf_n_estimators,params_rfe_n_features,params_rfe_proxy_et_max_depth,params_rfe_proxy_et_min_samples_leaf,params_rfe_proxy_et_min_samples_split,params_rfe_proxy_et_n_estimators,params_rfe_proxy_lsvr_C,params_rfe_proxy_lsvr_epsilon,params_rfe_proxy_type,params_use_scaler,user_attrs_d2mae_ci_lower_val,user_attrs_d2mae_ci_upper_val,user_attrs_d2mae_df_val,user_attrs_d2mae_mean_val,user_attrs_d2mae_samperror_val,user_attrs_d2mae_std_val,user_attrs_d2mae_t_critical_val,user_attrs_mae_ci_lower_val,user_attrs_mae_ci_upper_val,user_attrs_mae_df_val,user_attrs_mae_mean_val,user_attrs_mae_samperror_val,user_attrs_mae_std_val,user_attrs_mae_t_critical_val,user_attrs_mape_ci_lower_val,user_attrs_mape_ci_upper_val,user_attrs_mape_df_val,user_attrs_mape_mean_val,user_attrs_mape_samperror_val,user_attrs_mape_std_val,user_attrs_mape_t_critical_val,user_attrs_max_error_ci_lower_val,user_attrs_max_error_ci_upper_val,user_attrs_max_error_df_val,user_attrs_max_error_mean_val,user_attrs_max_error_samperror_val,user_attrs_max_error_std_val,user_attrs_max_error_t_critical_val,user_attrs_median_ae_ci_lower_val,user_attrs_median_ae_ci_upper_val,user_attrs_median_ae_df_val,user_attrs_median_ae_mean_val,user_attrs_median_ae_samperror_val,user_attrs_median_ae_std_val,user_attrs_median_ae_t_critical_val,user_attrs_n_splits_val,user_attrs_r2_below_zero_val,user_attrs_r2_ci_lower_val,user_attrs_r2_ci_upper_val,user_attrs_r2_df_val,user_attrs_r2_mean_val,user_attrs_r2_samperror_val,user_attrs_r2_std_val,user_attrs_r2_t_critical_val,user_attrs_regressor_final,user_attrs_rfe_estimator,user_attrs_rfe_n_features,user_attrs_rfe_selected_features,user_attrs_rho_ci_lower_val,user_attrs_rho_ci_upper_val,user_attrs_rho_df_val,user_attrs_rho_mean_val,user_attrs_rho_samperror_val,user_attrs_rho_std_val,user_attrs_rho_t_critical_val,user_attrs_rmse_ci_lower_val,user_attrs_rmse_ci_upper_val,user_attrs_rmse_df_val,user_attrs_rmse_mean_val,user_attrs_rmse_samperror_val,user_attrs_rmse_std_val,user_attrs_rmse_t_critical_val,user_attrs_termination_reason,user_attrs_use_scaler_final,state
12,2.8308575955634785,2026-06-12 08:06:44.686385,2026-06-12 08:06:46.888591,0 days 00:00:02.202206,,,,,,,,,,,,,,6.88148506855692,QuantileRegressor,,,,,,5,,,,,,,,False,-0.0008710167252312757,5.380273699555165e-05,98.0,-0.00040860699411786203,0.0004624097311134137,0.002318465199358251,1.9844674545084815,2.805429745831736,2.856285445295221,98.0,2.8308575955634785,0.02542784973174255,0.12749209355003127,1.9844674545084815,813460468866446.8,1032935100287233.8,98.0,923197784576840.2,109737315710393.47,550209328278897.0,1.9844674545084815,8.622879029919044,8.932676525636513,98.0,8.777777777777779,0.154898747858735,0.7766431633476233,1.9844674545084815,2.487116641790159,2.684600529927013,98.0,2.585858585858586,0.09874194406842689,0.49507989481189746,1.9844674545084815,99.0,1.0,-0.026651425313173705,-0.023247098953300478,98.0,-0.02494926213323709,0.0017021631799366132,0.008534435654737752,1.9844674545084815,QuantileRegressor,"{'mode': 'original', 'type': 'QuantileRegressor'}",5,"['z_l3_T6W30', 'z_lsc_T6W30', 'z_density_T6W30', 'z_diameter_T6W30', 'z_asp_T6W30']",,,,,,,,3.4768582676552087,3.554941969341382,98.0,3.5159001184982954,0.03904185084308663,0.19575101129528585,1.9844674545084815,completed,False,COMPLETE
13,2.976690928896811,2026-06-12 08:06:46.916826,2026-06-12 08:06:48.817731,0 days 00:00:01.900905,,,,,,,,,,,euclidean,16.0,uniform,,KNeighborsRegressor,,,,,,5,,,,,0.0011396432463391681,0.00026430789875605035,LinearSVR,,-0.05958084783018724,-0.04401510398425829,98.0,-0.051797975907222765,0.007782871922964474,0.039022357209065515,1.9844674545084815,2.940805083130971,3.012576774662651,98.0,2.976690928896811,0.03588584576584,0.1799271921836599,1.9844674545084815,888190034888446.5,1137381722648686.5,98.0,1012785878768566.5,124595843880119.97,624708150767444.4,1.9844674545084815,8.623465605590992,8.938403081277697,98.0,8.780934343434344,0.157468737843353,0.7895287752651948,1.9844674545084815,2.5963079921918006,2.6865202906364822,98.0,2.6414141414141414,0.045106149222340707,0.22615665331534276,1.9844674545084815,99.0,0.9494949494949495,-0.1040465067795293,-0.07855736234138001,98.0,-0.09130193456045466,0.012744572219074643,0.06389970881340604,1.9844674545084815,KNeighborsRegressor,"{'mode': 'proxy', 'type': 'LinearSVR'}",5,"['z_pe_T6W30', 'z_l3_T6W30', 'z_lsc_T6W30', 'z_diameter_T6W30', 'z_asp_T6W30']",-0.09042526449472972,-0.036118162017329244,98.0,-0.06327171325602948,0.027153551238700238,0.1361445474651505,1.9844674545084815,3.580122025139965,3.6736803619330543,98.0,3.6269011935365096,0.04677916839654439,0.23454496452996762,1.9844674545084815,completed,True,COMPLETE
14,2.8308575955634785,2026-06-12 08:06:48.831159,2026-06-12 08:06:51.087577,0 days 00:00:02.256418,,,,,,,,,,,,,,0.03377108460750236,QuantileRegressor,,,,,,6,,,,,,,,False,-0.0008710167252312757,5.380273699555165e-05,98.0,-0.00040860699411786203,0.0004624097311134137,0.002318465199358251,1.9844674545084815,2.805429745831736,2.856285445295221,98.0,2.8308575955634785,0.02542784973174255,0.12749209355003127,1.9844674545084815,813460468866446.8,1032935100287233.8,98.0,923197784576840.2,109737315710393.47,550209328278897.0,1.9844674545084815,8.622879029919044,8.932676525636513,98.0,8.777777777777779,0.154898747858735,0.7766431633476233,1.9844674545084815,2.487116641790159,2.684600529927013,98.0,2.585858585858586,0.09874194406842689,0.49507989481189746,1.9844674545084815,99.0,1.0,-0.026651425313173705,-0.023247098953300478,98.0,-0.02494926213323709,0.0017021631799366132,0.008534435654737752,1.9844674545084815,QuantileRegressor,"{'mode': 'original', 'type': 'QuantileRegressor'}",6,"['z_l2_T6W30', 'z_l3_T6W30', 'z_lsc_T6W30', 'z_density_T6W30', 'z_diameter_T6W30', 'z_asp_T6W30']",,,,,,,,3.4768582676552087,3.554941969341382,98.0,3.5159001184982954,0.03904185084308663,0.19575101129528585,1.9844674545084815,completed,False,COMPLETE
15,2.8308575955634785,2026-06-12 08:06:51.101492,2026-06-12 08:06:53.413383,0 days 00:00:02.311891,,,,,,,,,,,,,,1.4657437167969012,QuantileRegressor,,,,,,5,,,,,,,,False,-0.0008710167252312757,5.380273699555165e-05,98.0,-0.00040860699411786203,0.0004624097311134137,0.002318465199358251,1.9844674545084815,2.805429745831736,2.856285445295221,98.0,2.8308575955634785,0.02542784973174255,0.12749209355003127,1.9844674545084815,813460468866446.8,1032935100287233.8,98.0,923197784576840.2,109737315710393.47,550209328278897.0,1.9844674545084815,8.622879029919044,8.932676525636513,98.0,8.777777777777779,0.154898747858735,0.7766431633476233,1.9844674545084815,2.487116641790159,2.684600529927013,98.0,2.585858585858586,0.09874194406842689,0.49507989481189746,1.9844674545084815,99.0,1.0,-0.026651425313173705,-0.023247098953300478,98.0,-0.02494926213323709,0.0017021631799366132,0.008534435654737752,1.9844674545084815,QuantileRegressor,"{'mode': 'original', 'type': 'QuantileRegressor'}",5,"['z_l3_T6W30', 'z_lsc_T6W30', 'z_density_T6W30', 'z_diameter_T6W30', 'z_asp_T6W30']",,,,,,,,3.4768582676552087,3.554941969341382,98.0,3.5159001184982954,0.03904185084308663,0.19575101129528585,1.9844674545084815,completed,False,COMPLETE
16,2.8308575955634785,2026-06-12 08:06:53.426908,2026-06-12 08:06:55.633819,0 days 00:00:02.206911,,,,,,,,,,,,,,0.451394758168731,QuantileRegressor,,,,,,7,,,,,,,,False,-0.0008710167252312757,5.380273699555165e-05,98.0,-0.00040860699411786203,0.0004624097311134137,0.002318465199358251,1.9844674545084815,2.805429745831736,2.856285445295221,98.0,2.8308575955634785,0.02542784973174255,0.12749209355003127,1.9844674545084815,813460468866446.8,1032935100287233.8,98.0,923197784576840.2,109737315710393.47,550209328278897.0,1.9844674545084815,8.622879029919044,8.932676525636513,98.0,8.777777777777779,0.154898747858735,0.7766431633476233,1.9844674545084815,2.487116641790159,2.684600529927013,98.0,2.585858585858586,0.09874194406842689,0.49507989481189746,1.9844674545084815,99.0,1.0,-0.026651425313173705,-0.023247098953300478,98.0,-0.02494926213323709,0.0017021631799366132,0.008534435654737752,1.9844674545084815,QuantileRegressor,"{'mode': 'original', 'type': 'QuantileRegressor'}",7,"['z_l1_T6W30', 'z_l2_T6W30', 'z_l3_T6W30', 'z_lsc_T6W30', 'z_density_T6W30', 'z_diameter_T6W30', 'z_asp_T6W30']",,,,,,,,3.4768582676552087,3.554941969341382,98.0,3.5159001184982954,0.03904185084308663,0.19575101129528585,1.9844674545084815,completed,False,COMPLETE
17,3.535610023181605,2026-06-12 08:06:55.646121,2026-06-12 08:06:57.670080,0 days 00:00:02.023959,,,,,,,,,,,manhattan,2.0,distance,,KNeighborsRegressor,,,,,,4,11.0,4.0,8.0,80.0,,,ExtraTrees,,-0.26755424336662526,-0.2323019906069632,98.0,-0.2499281169867942,0.01762612637983102,0.08837521760783552,1.9844674545084815,3.479645165343667,3.5915748810195436,98.0,3.535610023181605,0.055964857837938184,0.28060087527108624,1.9844674545084815,811479977388562.5,1069091428907926.0,98.0,940285703148244.2,128805725759681.7,645815977818728.6,1.9844674545084815,10.775545294323521,11.306889322154934,98.0,11.041217308239228,0.2656720139157065,1.3320466185343192,1.9844674545084815,2.90989348607011,3.0717350974438187,98.0,2.9908142917569642,0.08092080568685447,0.4057269111470934,1.9844674545084815,99.0,1.0,-0.6778676797079753,-0.5899666632548349,98.0,-0.6339171714814051,0.043950508226570234,0.22036241229624878,1.9844674545084815,KNeighborsRegressor,"{'mode': 'proxy', 'type': 'ExtraTrees'}",4,"['z_l1_T6W30', 'z_l2_T6W30', 'z_l3_T6W30', 'z_diameter_T6W30']",-0.0762317646941681,-0.0292024487509977,98.0,-0.0527171067225829,0.023514657971585202,0.11789958669481579,1.9844674545084815,4.359407734073464,4.489056768446607,98.0,4.424232251260036,0.0648245171865715,0.32502211145164006,1.9844674545084815,completed,True,COMPLETE
18,3.08159304713579,2026-06-12 08:06:57.685770,2026-06-12 08:06:59.539853,0 days 00:00:01.854083,3.0,1.0,20.0,,,,,,,,,,,,DecisionTreeRegressor,,,,,,6,,,,,,,,False,-0.09987258226905632,-0.07859107136300489,98.0,-0.0892318268160306,0.010640755453025718,0.053351431755814166,1.9844674545084815,3.042576300005373,3.1206097942662074,98.0,3.08159304713579,0.039016747130417244,0.1956251443848761,1.9844674545084815,920730607781740.4,1177950337993634.2,98.0,1049340472887687.2,128609865105946.89,644833956725629.4,1.9844674545084815,8.881950222021024,9.32443370909372,98.0,9.103191965557372,0.2212417435363481,1.1092787381426428,1.9844674545084815,2.7008496931008503,2.8032983668214912,98.0,2.752074029961171,0.051224336860320456,0.25683248941343917,1.9844674545084815,99.0,0.98989898989899,-0.1935901114235392,-0.14856502831067975,98.0,-0.17107756986710948,0.02251254155642972,0.11287509893447108,1.9844674545084815,DecisionTreeRegressor,"{'mode': 'original', 'type': 'DecisionTreeRegressor'}",6,"['z_re_T6W30', 'z_l1_T6W30', 'z_lsc_T6W30', 'z_density_T6W30', 'z_diameter_T6W30', 'z_asp_T6W30']",-0.02779287814255686,0.023042451638994373,98.0,-0.002375213251781242,0.025417664890775616,0.12744102801711962,1.9844674545084815,3.7018850141903235,3.8033770969942955,98.0,3.7526310555923095,0.050746041401985804,0.25443437514259565,1.9844674545084815,completed,False,COMPLETE
19,2.8731131647835326,2026-06-12 08:06:59.552491,2026-06-12 08:07:01.805645,0 days 00:00:02.253154,,,,,,,,,,,,,,0.0006433288892232992,QuantileRegressor,,,,,,4,,,,,,,,False,-0.024524650065431433,-0.006186856593692095,98.0,-0.015355753329561765,0.00916889673586967,0.04597171419260091,1.9844674545084815,2.836679059935706,2.9095472696313593,98.0,2.8731131647835326,0.03643410484782658,0.1826760954101498,1.9844674545084815,844140335761780.4,1071971431995966.1,98.0,958055883878873.2,113915548117092.83,571158468787766.2,1.9844674545084815,8.728724176677938,9.088784584984358,98.0,8.908754380831148,0.18003020415321055,0.9026491768621694,1.9844674545084815,2.427494499708572,2.5209782622236507,98.0,2.4742363809661114,0.04674188125753919,0.23435801142679863,1.9844674545084815,99.0,0.6666666666666666,-0.06346567648537874,-0.030359797960676647,98.0,-0.04691273722302769,0.016552939262351043,0.08299439013630756,1.9844674545084815,QuantileRegressor,"{'mode': 'original', 'type': 'QuantileRegressor'}",4,"['z_l1_T6W30', 'z_l2_T6W30', 'z_l3_T6W30', 'z_asp_T6W30']",0.06941290904903166,0.12522213608993443,98.0,0.09731752256948305,0.027904613520451385,0.13991028085185458,1.9844674545084815,3.503041843539821,3.598028169499291,98.0,3.550535006519556,0.04749316297973481,0.23812484506075013,1.9844674545084815,completed,False,COMPLETE
20,2.8308575955634785,2026-06-12 08:07:01.837231,2026-06-12 08:07:04.172301,0 days 00:00:02.335070,,,,,,,,,,,,,,0.33860550288793867,QuantileRegressor,,,,,,7,,,,,,,,False,-0.0008710167252312757,5.380273699555165e-05,98.0,-0.00040860699411786203,0.0004624097311134137,0.002318465199358251,1.9844674545084815,2.805429745831736,2.856285445295221,98.0,2.8308575955634785,0.02542784973174255,0.12749209355003127,1.9844674545084815,813460468866446.8,1032935100287233.8,98.0,923197784576840.2,109737315710393.47,550209328278897.0,1.9844674545084815,8.622879029919044,8.932676525636513,98.0,8.777777777777779,0.154898747858735,0.7766431633476233,1.9844674545084815,2.487116641790159,2.684600529927013,98.0,2.585858585858586,0.09874194406842689,0.49507989481189746,1.9844674545084815,99.0,1.0,-0.026651425313173705,-0.023247098953300478,98.0,-0.02494926213323709,0.0017021631799366132,0.008534435654737752,1.9844674545084815,QuantileRegressor,"{'mode': 'original', 'type': 'QuantileRegressor'}",7,"['z_l1_T6W30', 'z_l2_T6W30', 'z_l3_T6W30', 'z_lsc_T6W30', 'z_density_T6W30', 'z_diameter_T6W30', 'z_asp_T6W30']",,,,,,,,3.4768582676552087,3.554941969341382,98.0,3.5159001184982954,0.03904185084308663,0.19575101129528585,1.9844674545084815,completed,False,COMPLETE
21,2.8308575955634785,2026-06-12 08:07:04.184761,2026-06-12 08:07:06.553316,0 days 00:00:02.368555,,,,,,,,,,,,,,7.650436292875533,QuantileRegressor,,,,,,6,,,,,,,,False,-0.0008710167252312757,5.380273699555165e-05,98.0,-0.00040860699411786203,0.0004624097311134137,0.002318465199358251,1.9844674545084815,2.805429745831736,2.856285445295221,98.0,2.8308575955634785,0.02542784973174255,0.12749209355003127,1.9844674545084815,813460468866446.8,1032935100287233.8,98.0,923197784576840.2,109737315710393.47,550209328278897.0,1.9844674545084815,8.622879029919044,8.932676525636513,98.0,8.777777777777779,0.154898747858735,0.7766431633476233,1.9844674545084815,2.487116641790159,2.684600529927013,98.0,2.585858585858586,0.09874194406842689,0.49507989481189746,1.9844674545084815,99.0,1.0,-0.026651425313173705,-0.023247098953300478,98.0,-0.02494926213323709,0.0017021631799366132,0.008534435654737752,1.9844674545084815,QuantileRegressor,"{'mode': 'original', 'type': 'QuantileRegressor'}",6,"['z_l2_T6W30', 'z_l3_T6W30', 'z_lsc_T6W30', 'z_density_T6W30', 'z_diameter_T6W30', 'z_asp_T6W30']",,,,,,,,3.4768582676552087,3.554941969341382,98.0,3.5159001184982954,0.03904185084308663,0.19575101129528585,1.9844674545084815,completed,False,COMPLETE
22,2.8308575955634785,2026-06-12 08:07:06.565638,2026-06-12 08:07:08.883989,0 days 00:00:02.318351,,,,,,,,,,,,,,7.519102299872907,QuantileRegressor,,,,,,6,,,,,,,,False,-0.0008710167252312757,5.380273699555165e-05,98.0,-0.00040860699411786203,0.0004624097311134137,0.002318465199358251,1.9844674545084815,2.805429745831736,2.856285445295221,98.0,2.8308575955634785,0.02542784973174255,0.12749209355003127,1.9844674545084815,813460468866446.8,1032935100287233.8,98.0,923197784576840.2,109737315710393.47,550209328278897.0,1.9844674545084815,8.622879029919044,8.932676525636513,98.0,8.777777777777779,0.154898747858735,0.7766431633476233,1.9844674545084815,2.487116641790159,2.684600529927013,98.0,2.585858585858586,0.09874194406842689,0.49507989481189746,1.9844674545084815,99.0,1.0,-0.026651425313173705,-0.023247098953300478,98.0,-0.02494926213323709,0.0017021631799366132,0.008534435654737752,1.9844674545084815,QuantileRegressor,"{'mode': 'original', 'type': 'QuantileRegressor'}",6,"['z_l2_T6W30', 'z_l3_T6W30', 'z_lsc_T6W30', 'z_density_T6W30', 'z_diameter_T6W30', 'z_asp_T6W30']",,,,,,,,3.4768582676552087,3.554941969341382,98.0,3.5159001184982954,0.03904185084308663,0.19575101129528585,1.9844674545084815,completed,False,COMPLETE
23,2.8308575955634785,2026-06-12 08:07:08.895977,2026-06-12 08:07:11.060349,0 days 00:00:02.164372,,,,,,,,,,,,,,1.1065975650776998,QuantileRegressor,,,,,,5,,,,,,,,False,-0.0008710167252312757,5.380273699555165e-05,98.0,-0.00040860699411786203,0.0004624097311134137,0.002318465199358251,1.9844674545084815,2.805429745831736,2.856285445295221,98.0,2.8308575955634785,0.02542784973174255,0.12749209355003127,1.9844674545084815,813460468866446.8,1032935100287233.8,98.0,923197784576840.2,109737315710393.47,550209328278897.0,1.9844674545084815,8.622879029919044,8.932676525636513,98.0,8.777777777777779,0.154898747858735,0.7766431633476233,1.9844674545084815,2.487116641790159,2.684600529927013,98.0,2.585858585858586,0.09874194406842689,0.49507989481189746,1.9844674545084815,99.0,1.0,-0.026651425313173705,-0.023247098953300478,98.0,-0.02494926213323709,0.0017021631799366132,0.008534435654737752,1.9844674545084815,QuantileRegressor,"{'mode': 'original', 'type': 'QuantileRegressor'}",5,"['z_l3_T6W30', 'z_lsc_T6W30', 'z_density_T6W30', 'z_diameter_T6W30', 'z_asp_T6W30']",,,,,,,,3.4768582676552087,3.554941969341382,98.0,3.5159001184982954,0.03904185084308663,0.19575101129528585,1.9844674545084815,completed,False,COMPLETE
24,2.8308575955634785,2026-06-12 08:07:11.073029,2026-06-12 08:07:13.344373,0 days 00:00:02.271344,,,,,,,,,,,,,,9.959327167494518,QuantileRegressor,,,,,,8,,,,,,,,False,-0.0008710167252312757,5.380273699555165e-05,98.0,-0.00040860699411786203,0.0004624097311134137,0.002318465199358251,1.9844674545084815,2.805429745831736,2.856285445295221,98.0,2.8308575955634785,0.02542784973174255,0.12749209355003127,1.9844674545084815,813460468866446.8,1032935100287233.8,98.0,923197784576840.2,109737315710393.47,550209328278897.0,1.9844674545084815,8.622879029919044,8.932676525636513,98.0,8.777777777777779,0.154898747858735,0.7766431633476233,1.9844674545084815,2.487116641790159,2.684600529927013,98.0,2.585858585858586,0.09874194406842689,0.49507989481189746,1.9844674545084815,99.0,1.0,-0.026651425313173705,-0.023247098953300478,98.0,-0.02494926213323709,0.0017021631799366132,0.008534435654737752,1.9844674545084815,QuantileRegressor,"{'mode': 'original', 'type': 'QuantileRegressor'}",8,"['z_pe_T6W30', 'z_l1_T6W30', 'z_l2_T6W30', 'z_l3_T6W30', 'z_lsc_T6W30', 'z_density_T6W30', 'z_diameter_T6W30', 'z_asp_T6W30']",,,,,,,,3.4768582676552087,3.554941969341382,98.0,3.5159001184982954,0.03904185084308663,0.19575101129528585,1.9844674545084815,completed,False,COMPLETE
25,2.8308575955634785,2026-06-12 08:07:13.357656,2026-06-12 08:07:15.551623,0 days 00:00:02.193967,,,,,,,,,,,,,,1.3358589404922976,QuantileRegressor,,,,,,3,,,,,,,,False,-0.0008710167252312757,5.380273699555165e-05,98.0,-0.00040860699411786203,0.0004624097311134137,0.002318465199358251,1.9844674545084815,2.805429745831736,2.856285445295221,98.0,2.8308575955634785,0.02542784973174255,0.12749209355003127,1.9844674545084815,813460468866446.8,1032935100287233.8,98.0,923197784576840.2,109737315710393.47,550209328278897.0,1.9844674545084815,8.622879029919044,8.932676525636513,98.0,8.777777777777779,0.154898747858735,0.7766431633476233,1.9844674545084815,2.487116641790159,2.684600529927013,98.0,2.585858585858586,0.09874194406842689,0.49507989481189746,1.9844674545084815,99.0,1.0,-0.026651425313173705,-0.023247098953300478,98.0,-0.02494926213323709,0.0017021631799366132,0.008534435654737752,1.9844674545084815,QuantileRegressor,"{'mode': 'original', 'type': 'QuantileRegressor'}",3,"['z_density_T6W30', 'z_diameter_T6W30', 'z_asp_T6W30']",,,,,,,,3.4768582676552087,3.554941969341382,98.0,3.5159001184982954,0.03904185084308663,0.19575101129528585,1.9844674545084815,completed,False,COMPLETE
26,3.0861020520331963,2026-06-12 08:07:15.564418,2026-06-12 08:08:01.640304,0 days 00:00:46.075886,,,,,,,,,,,,,,,RandomForestRegressor,19.0,log2,1.0,2.0,491.0,8,,,,,,,,False,-0.10027424588424208,-0.08175219315287754,98.0,-0.09101321951855981,0.009261026365682263,0.046433640761568085,1.9844674545084815,3.0521155725935514,3.1200885314728413,98.0,3.0861020520331963,0.03398647943964502,0.170404004344354,1.9844674545084815,922436119265073.5,1174279514123167.0,98.0,1048357816694120.2,125921697429046.73,631355816475583.2,1.9844674545084815,8.76022932935153,9.06935004579942,98.0,8.914789687575475,0.15456035822394515,0.7749465195719943,1.9844674545084815,2.684273437015875,2.7828287629298316,98.0,2.7335510999728534,0.049277662956978316,0.24707210723348308,1.9844674545084815,99.0,1.0,-0.1715531093625535,-0.140432472440675,98.0,-0.15599279090161425,0.01556031846093925,0.07801751220882316,1.9844674545084815,RandomForestRegressor,"{'mode': 'original', 'type': 'RandomForestRegressor'}",8,"['z_re_T6W30', 'z_l1_T6W30', 'z_l2_T6W30', 'z_l3_T6W30', 'z_lsc_T6W30', 'z_density_T6W30', 'z_diameter_T6W30', 'z_asp_T6W30']",-0.12099015115781976,-0.0751455326811226,98.0,-0.09806784191947118,0.022922309238348582,0.11492962341011966,1.9844674545084815,3.6880186563240365,3.771977426836477,98.0,3.7299980415802567,0.04197938525622029,0.21047944551826125,1.9844674545084815,completed,False,COMPLETE
