number,value,datetime_start,datetime_complete,duration,params_dt_max_depth,params_dt_min_samples_leaf,params_dt_min_samples_split,params_elastic_alpha,params_elastic_l1_ratio,params_et_max_depth,params_et_max_features,params_et_min_samples_leaf,params_et_min_samples_split,params_et_n_estimators,params_knn_metric,params_knn_n_neighbors,params_knn_weights,params_quantile_alpha,params_regressor,params_rf_max_depth,params_rf_max_features,params_rf_min_samples_leaf,params_rf_min_samples_split,params_rf_n_estimators,params_rfe_n_features,params_rfe_proxy_et_max_depth,params_rfe_proxy_et_min_samples_leaf,params_rfe_proxy_et_min_samples_split,params_rfe_proxy_et_n_estimators,params_rfe_proxy_lsvr_C,params_rfe_proxy_lsvr_epsilon,params_rfe_proxy_type,params_ridge_alpha,params_ridge_solver,params_use_scaler,user_attrs_d2mae_ci_lower_val,user_attrs_d2mae_ci_upper_val,user_attrs_d2mae_df_val,user_attrs_d2mae_mean_val,user_attrs_d2mae_samperror_val,user_attrs_d2mae_std_val,user_attrs_d2mae_t_critical_val,user_attrs_mae_ci_lower_val,user_attrs_mae_ci_upper_val,user_attrs_mae_df_val,user_attrs_mae_mean_val,user_attrs_mae_samperror_val,user_attrs_mae_std_val,user_attrs_mae_t_critical_val,user_attrs_mape_ci_lower_val,user_attrs_mape_ci_upper_val,user_attrs_mape_df_val,user_attrs_mape_mean_val,user_attrs_mape_samperror_val,user_attrs_mape_std_val,user_attrs_mape_t_critical_val,user_attrs_max_error_ci_lower_val,user_attrs_max_error_ci_upper_val,user_attrs_max_error_df_val,user_attrs_max_error_mean_val,user_attrs_max_error_samperror_val,user_attrs_max_error_std_val,user_attrs_max_error_t_critical_val,user_attrs_median_ae_ci_lower_val,user_attrs_median_ae_ci_upper_val,user_attrs_median_ae_df_val,user_attrs_median_ae_mean_val,user_attrs_median_ae_samperror_val,user_attrs_median_ae_std_val,user_attrs_median_ae_t_critical_val,user_attrs_n_splits_val,user_attrs_r2_below_zero_val,user_attrs_r2_ci_lower_val,user_attrs_r2_ci_upper_val,user_attrs_r2_df_val,user_attrs_r2_mean_val,user_attrs_r2_samperror_val,user_attrs_r2_std_val,user_attrs_r2_t_critical_val,user_attrs_regressor_final,user_attrs_rfe_estimator,user_attrs_rfe_n_features,user_attrs_rfe_selected_features,user_attrs_rho_ci_lower_val,user_attrs_rho_ci_upper_val,user_attrs_rho_df_val,user_attrs_rho_mean_val,user_attrs_rho_samperror_val,user_attrs_rho_std_val,user_attrs_rho_t_critical_val,user_attrs_rmse_ci_lower_val,user_attrs_rmse_ci_upper_val,user_attrs_rmse_df_val,user_attrs_rmse_mean_val,user_attrs_rmse_samperror_val,user_attrs_rmse_std_val,user_attrs_rmse_t_critical_val,user_attrs_termination_reason,user_attrs_use_scaler_final,state
28,1.7449507446331407,2026-06-09 20:32:05.399611,2026-06-09 20:32:07.132592,0 days 00:00:01.732981,,,,,,,,,,,,,,,LinearRegression,,,,,,6,,,,,,,,,,True,-0.019068773940894665,-0.001965540408922795,99.0,-0.01051715717490873,0.008551616765985936,0.04309819427330647,1.9842169515864174,1.7166914815264427,1.7732100077398387,99.0,1.7449507446331407,0.02825926310669797,0.1424202282119613,1.9842169515864174,0.25830548938668557,0.27653924818150893,99.0,0.26742236878409725,0.009116879397411707,0.04594698876109589,1.9842169515864174,5.860351550419972,6.0699971278065,99.0,5.965174339113236,0.10482278869326372,0.5282829007657455,1.9842169515864174,1.4250253488277989,1.4807433011951163,99.0,1.4528843250114576,0.02785897618365867,0.14040287359396317,1.9842169515864174,100.0,0.38,-0.0004191496903566509,0.026980018432869828,99.0,0.013280434371256589,0.01369958406161324,0.06904277302267867,1.9842169515864174,LinearRegression,"{'mode': 'original', 'type': 'LinearRegression'}",6,"['z_re_T2W10', 'z_pe_T2W10', 'z_l2_T2W10', 'z_lsc_T2W10', 'z_density_T2W10', 'z_asp_T2W10']",0.1427616911415341,0.18816820025052844,99.0,0.16546494569603126,0.022703254554497176,0.11441921477560965,1.9842169515864174,2.1840559269152275,2.2602133854034645,99.0,2.222134656159346,0.03807872924411858,0.1919080935866108,1.9842169515864174,completed,True,COMPLETE
29,1.7409476868358795,2026-06-09 20:32:07.145504,2026-06-09 20:32:09.051754,0 days 00:00:01.906250,,,,,,,,,,,,,,,Ridge,,,,,,3,,,,,,,,94.60877097455838,sparse_cg,False,-0.009105526868670326,-0.007261828939705467,99.0,-0.008183677904187897,0.0009218489644824296,0.00464590811879414,1.9842169515864174,1.7168462027492906,1.7650491709224685,99.0,1.7409476868358795,0.02410148408658905,0.1214659720920108,1.9842169515864174,0.26020262986500803,0.2776751453432745,99.0,0.26893888760414125,0.00873625773913323,0.04402874258355888,1.9842169515864174,5.8352495278589585,6.093310185665305,99.0,5.964279856762132,0.1290303289031736,0.6502833714832016,1.9842169515864174,1.2671336219281406,1.335226292510541,99.0,1.3011799572193408,0.034046335291200235,0.17158574955213224,1.9842169515864174,100.0,0.39,9.036801068861076e-05,0.0034002818137664212,99.0,0.001745324912227516,0.0016549569015389053,0.00834060459072148,1.9842169515864174,Ridge,"{'mode': 'original', 'type': 'Ridge'}",3,"['z_l3_T2W10', 'z_atd_T2W10', 'z_asp_T2W10']",0.11016797511398022,0.1596558589143102,99.0,0.1349119170141452,0.024743941900164993,0.12470381265708755,1.9842169515864174,2.200753030167519,2.2729869403358647,99.0,2.236869985251692,0.036116955084173036,0.18202120012782308,1.9842169515864174,completed,False,COMPLETE
30,2.2061081956592163,2026-06-09 20:32:09.064785,2026-06-09 20:32:10.876211,0 days 00:00:01.811426,20.0,5.0,3.0,,,,,,,,,,,,DecisionTreeRegressor,,,,,,4,,,,,,,,,,True,-0.29886275423374875,-0.25820242954647643,99.0,-0.2785325918901126,0.020330162343636174,0.10245937233517655,1.9842169515864174,2.163506655953722,2.2487097353647107,99.0,2.2061081956592163,0.04260153970549461,0.21470202475305888,1.9842169515864174,0.31623165128234165,0.33615709539192495,99.0,0.3261943733371333,0.009962722054791675,0.05020984246115979,1.9842169515864174,6.986026469382443,7.460100514744543,99.0,7.223063492063493,0.23703702268105,1.194612426285012,1.9842169515864174,1.8370888251956694,1.9487683176614736,99.0,1.8929285714285715,0.05583974623290221,0.28141956043797184,1.9842169515864174,100.0,1.0,-0.5837520333973093,-0.4923437760852602,99.0,-0.5380479047412847,0.04570412865602453,0.23033836405582186,1.9842169515864174,DecisionTreeRegressor,"{'mode': 'original', 'type': 'DecisionTreeRegressor'}",4,"['z_re_T2W10', 'z_l3_T2W10', 'z_atd_T2W10', 'z_density_T2W10']",-0.01619111391306798,0.03687306092772899,99.0,0.010340973507330507,0.026532087420398486,0.13371565744958283,1.9842169515864174,2.7135429649422687,2.815288791400505,99.0,2.764415878171387,0.050872913229118015,0.25638785712643064,1.9842169515864174,completed,True,COMPLETE
31,1.7267346938775514,2026-06-09 20:32:10.889047,2026-06-09 20:32:13.050327,0 days 00:00:02.161280,,,,,,,,,,,,,,1.8568458388195517,QuantileRegressor,,,,,,5,,,,,,,,,,True,0.0,0.0,99.0,0.0,0.0,0.0,1.9842169515864174,1.7031374778322412,1.7503319099228616,99.0,1.7267346938775514,0.02359721604531007,0.1189245763999933,1.9842169515864174,0.25246813985070143,0.26901913477943035,99.0,0.2607436373150659,0.00827549746436443,0.04170661609229787,1.9842169515864174,5.793945163506869,6.0860548364931315,99.0,5.94,0.14605483649313133,0.7360829992726241,1.9842169515864174,1.0629339295594078,1.197066070440592,99.0,1.13,0.06706607044059207,0.3379976689896311,1.9842169515864174,100.0,0.98,-0.01420775331224791,-0.00957015621698071,99.0,-0.01188895476461431,0.0023187985476336007,0.011686214785029828,1.9842169515864174,QuantileRegressor,"{'mode': 'original', 'type': 'QuantileRegressor'}",5,"['z_lsc_T2W10', 'z_atd_T2W10', 'z_density_T2W10', 'z_diameter_T2W10', 'z_asp_T2W10']",,,,,,,,2.2166159716888822,2.286235772439345,99.0,2.2514258720641136,0.034809900375231545,0.1754339430847035,1.9842169515864174,completed,True,COMPLETE
32,1.7267346938775514,2026-06-09 20:32:13.062551,2026-06-09 20:32:15.262279,0 days 00:00:02.199728,,,,,,,,,,,,,,2.379232302305635,QuantileRegressor,,,,,,5,,,,,,,,,,True,0.0,0.0,99.0,0.0,0.0,0.0,1.9842169515864174,1.7031374778322412,1.7503319099228616,99.0,1.7267346938775514,0.02359721604531007,0.1189245763999933,1.9842169515864174,0.25246813985070143,0.26901913477943035,99.0,0.2607436373150659,0.00827549746436443,0.04170661609229787,1.9842169515864174,5.793945163506869,6.0860548364931315,99.0,5.94,0.14605483649313133,0.7360829992726241,1.9842169515864174,1.0629339295594078,1.197066070440592,99.0,1.13,0.06706607044059207,0.3379976689896311,1.9842169515864174,100.0,0.98,-0.01420775331224791,-0.00957015621698071,99.0,-0.01188895476461431,0.0023187985476336007,0.011686214785029828,1.9842169515864174,QuantileRegressor,"{'mode': 'original', 'type': 'QuantileRegressor'}",5,"['z_lsc_T2W10', 'z_atd_T2W10', 'z_density_T2W10', 'z_diameter_T2W10', 'z_asp_T2W10']",,,,,,,,2.2166159716888822,2.286235772439345,99.0,2.2514258720641136,0.034809900375231545,0.1754339430847035,1.9842169515864174,completed,True,COMPLETE
33,1.748979648475685,2026-06-09 20:32:15.274844,2026-06-09 20:32:42.382787,0 days 00:00:27.107943,,,,,,,,,,,,,,,RandomForestRegressor,2.0,,5.0,2.0,245.0,5,,,,,,,,,,True,-0.018524216261661206,-0.006880441390100644,99.0,-0.012702328825880925,0.005821887435780281,0.029340982250582914,1.9842169515864174,1.7220783282762326,1.7758809686751373,99.0,1.748979648475685,0.0269013201994524,0.13557650627843043,1.9842169515864174,0.26128854876845276,0.27962835372353023,99.0,0.2704584512459915,0.009169902477538742,0.04621421296802872,1.9842169515864174,5.9486684243131425,6.201664538022326,99.0,6.075166481167734,0.12649805685459156,0.6375212990366504,1.9842169515864174,1.371145160067793,1.4372751980162417,99.0,1.4042101790420174,0.03306501897422437,0.16664013956633264,1.9842169515864174,100.0,0.51,-0.01749190190803431,0.0013321940445830526,99.0,-0.008079853931725629,0.009412047976308681,0.04743457094640573,1.9842169515864174,RandomForestRegressor,"{'mode': 'original', 'type': 'RandomForestRegressor'}",5,"['z_l1_T2W10', 'z_l3_T2W10', 'z_atd_T2W10', 'z_density_T2W10', 'z_diameter_T2W10']",0.08856259570371025,0.1353007015749749,99.0,0.11193164863934257,0.023369052935632316,0.11777468646736605,1.9842169515864174,2.2092479703261385,2.2854840011129256,99.0,2.247365985719532,0.0381180153933934,0.19210608680123087,1.9842169515864174,completed,True,COMPLETE
34,1.7540052182520685,2026-06-09 20:32:42.395413,2026-06-09 20:33:01.871019,0 days 00:00:19.475606,,,,,,3.0,sqrt,1.0,2.0,245.0,,,,,ExtraTreesRegressor,,,,,,4,,,,,,,,,,False,-0.019099961269891524,-0.012238403032118712,99.0,-0.01566918215100512,0.003430779118886405,0.01729034275280954,1.9842169515864174,1.728666695296977,1.77934374120716,99.0,1.7540052182520685,0.025338522955091505,0.1277003652994341,1.9842169515864174,0.2622137457703319,0.28009380916256293,99.0,0.2711537774664474,0.008940031696115529,0.04505571676004386,1.9842169515864174,5.870166083891569,6.121766108837381,99.0,5.995966096364475,0.1258000124729062,0.6340033148710216,1.9842169515864174,1.376060596142125,1.438257439925587,99.0,1.407159018033856,0.03109842189173099,0.15672893968004475,1.9842169515864174,100.0,0.53,-0.009824037905577853,-0.00015528259321454137,99.0,-0.004989660249396197,0.004834377656181656,0.024364158628503215,1.9842169515864174,ExtraTreesRegressor,"{'mode': 'original', 'type': 'ExtraTreesRegressor'}",4,"['z_re_T2W10', 'z_l3_T2W10', 'z_atd_T2W10', 'z_asp_T2W10']",0.056440623754869995,0.10412872719382196,99.0,0.08028467547434598,0.023844051719475984,0.12016857179056066,1.9842169515864174,2.2075352820025236,2.281169807364596,99.0,2.2443525446835597,0.03681726268103595,0.1855505903807539,1.9842169515864174,completed,False,COMPLETE
35,2.4738775510204083,2026-06-09 20:33:01.884297,2026-06-09 20:33:03.959112,0 days 00:00:02.074815,,,,,,,,,,,minkowski,1.0,uniform,,KNeighborsRegressor,,,,,,6,2.0,1.0,12.0,80.0,,,ExtraTrees,,,True,-0.46834217730023964,-0.4083814816386183,99.0,-0.438361829469429,0.029980347830810654,0.15109410191683334,1.9842169515864174,2.430593385304709,2.5171617167361076,99.0,2.4738775510204083,0.04328416571569946,0.21814230384985364,1.9842169515864174,0.34392460988393836,0.36150322871736973,99.0,0.35271391930065404,0.008789309416715687,0.044296110915131914,1.9842169515864174,7.467300558289036,7.892699441710963,99.0,7.68,0.21269944171096322,1.0719565798533581,1.9842169515864174,2.0127858479694516,2.1472141520305486,99.0,2.08,0.06721415203054863,0.33874396636320286,1.9842169515864174,100.0,1.0,-1.0824536079325202,-0.8952404757372411,99.0,-0.9888470418348807,0.0936065660976396,0.47175570203046324,1.9842169515864174,KNeighborsRegressor,"{'mode': 'proxy', 'type': 'ExtraTrees'}",6,"['z_re_T2W10', 'z_l1_T2W10', 'z_l3_T2W10', 'z_atd_T2W10', 'z_diameter_T2W10', 'z_asp_T2W10']",0.014380439942773299,0.06256242379089816,99.0,0.03847143186683573,0.02409099192406243,0.12141309399056008,1.9842169515864174,3.0641882666765783,3.1707963306011893,99.0,3.1174922986388838,0.05330403196230571,0.2686401399790893,1.9842169515864174,completed,True,COMPLETE
36,1.7267346938775514,2026-06-09 20:33:03.971413,2026-06-09 20:33:06.143745,0 days 00:00:02.172332,,,,,,,,,,,,,,2.0531731106992726,QuantileRegressor,,,,,,7,,,,,,,,,,True,0.0,0.0,99.0,0.0,0.0,0.0,1.9842169515864174,1.7031374778322412,1.7503319099228616,99.0,1.7267346938775514,0.02359721604531007,0.1189245763999933,1.9842169515864174,0.25246813985070143,0.26901913477943035,99.0,0.2607436373150659,0.00827549746436443,0.04170661609229787,1.9842169515864174,5.793945163506869,6.0860548364931315,99.0,5.94,0.14605483649313133,0.7360829992726241,1.9842169515864174,1.0629339295594078,1.197066070440592,99.0,1.13,0.06706607044059207,0.3379976689896311,1.9842169515864174,100.0,0.98,-0.01420775331224791,-0.00957015621698071,99.0,-0.01188895476461431,0.0023187985476336007,0.011686214785029828,1.9842169515864174,QuantileRegressor,"{'mode': 'original', 'type': 'QuantileRegressor'}",7,"['z_l2_T2W10', 'z_l3_T2W10', 'z_lsc_T2W10', 'z_atd_T2W10', 'z_density_T2W10', 'z_diameter_T2W10', 'z_asp_T2W10']",,,,,,,,2.2166159716888822,2.286235772439345,99.0,2.2514258720641136,0.034809900375231545,0.1754339430847035,1.9842169515864174,completed,True,COMPLETE
37,1.772211135778374,2026-06-09 20:33:06.156209,2026-06-09 20:33:15.057210,0 days 00:00:08.901001,,,,,,,,,,,,,,,RandomForestRegressor,19.0,log2,5.0,11.0,51.0,3,,,,,,,,,,True,-0.03403445239056797,-0.01894615371452476,99.0,-0.026490303052546363,0.007544149338021602,0.03802078866421294,1.9842169515864174,1.745298738561516,1.7991235329952322,99.0,1.772211135778374,0.02691239721685809,0.1356323319148198,1.9842169515864174,0.2642875468643144,0.2824990232667381,99.0,0.27339328506552624,0.009105738201211853,0.04589083967825015,1.9842169515864174,5.899152437444807,6.1307308241879115,99.0,6.0149416308163595,0.11578919337155245,0.5835510742863924,1.9842169515864174,1.410124567851483,1.469006469911861,99.0,1.439565518881672,0.02944095103018896,0.14837566530540114,1.9842169515864174,100.0,0.6,-0.03688150565954713,-0.00962716061478252,99.0,-0.023254333137164823,0.013627172522382304,0.0686778354125396,1.9842169515864174,RandomForestRegressor,"{'mode': 'original', 'type': 'RandomForestRegressor'}",3,"['z_l3_T2W10', 'z_atd_T2W10', 'z_diameter_T2W10']",0.08357177509174338,0.13414787935437456,99.0,0.10885982722305897,0.025288052131315596,0.1274460038812658,1.9842169515864174,2.224959501581043,2.300249105845769,99.0,2.262604303713406,0.03764480213236293,0.18972120010498464,1.9842169515864174,completed,True,COMPLETE
38,1.7457986068678966,2026-06-09 20:33:15.069830,2026-06-09 20:33:16.669809,0 days 00:00:01.599979,,,,1.1421103239507664,0.9430362931548232,,,,,,,,,,ElasticNet,,,,,,4,,,,,,,,,,False,-0.011442274157302654,-0.010609057207345935,99.0,-0.011025665682324295,0.00041660847497835976,0.0020996115099474063,1.9842169515864174,1.721858032742977,1.769739180992816,99.0,1.7457986068678966,0.023940574124919425,0.12065502265656233,1.9842169515864174,0.26065043891632894,0.27801290324071964,99.0,0.2693316710785243,0.008681232162195362,0.043751426250312794,1.9842169515864174,5.822614711578147,6.08972061776317,99.0,5.956167664670659,0.13355295309251147,0.6730763638811444,1.9842169515864174,1.220288270465387,1.3027057415106609,99.0,1.261497005988024,0.04120873552263695,0.20768260995698992,1.9842169515864174,100.0,1.0,-0.005140059788949163,-0.002900739236382778,99.0,-0.0040203995126659705,0.0011196602762831925,0.005642831926156078,1.9842169515864174,ElasticNet,"{'mode': 'original', 'type': 'ElasticNet'}",4,"['z_atd_T2W10', 'z_density_T2W10', 'z_diameter_T2W10', 'z_asp_T2W10']",,,,,,,,2.2073905417333846,2.278947582884512,99.0,2.243169062308948,0.03577852057556359,0.1803155675439524,1.9842169515864174,completed,False,COMPLETE
39,1.7644596924364688,2026-06-09 20:33:16.682563,2026-06-09 20:33:18.518288,0 days 00:00:01.835725,,,,,,,,,,,,,,,Ridge,,,,,,10,,,,,,,,6.188369018759618,lsqr,True,-0.0285208991858365,-0.014693705619407279,99.0,-0.02160730240262189,0.0069135967832146105,0.03484294788272555,1.9842169515864174,1.7364911940083687,1.792428190864569,99.0,1.7644596924364688,0.027968498428100168,0.1409548406777739,1.9842169515864174,0.2627542696409156,0.28116011647929423,99.0,0.2719571930601049,0.009202923419189346,0.04638063096795661,1.9842169515864174,5.922944023882399,6.1478695478903465,99.0,6.035406785886373,0.1124627620039731,0.5667866203544782,1.9842169515864174,1.4224379800912668,1.4739976846179812,99.0,1.448217832354624,0.025779852263357123,0.12992456415991036,1.9842169515864174,100.0,0.55,-0.016658466525133815,0.004117707022190371,99.0,-0.006270379751471721,0.010388086773662092,0.05235358343933423,1.9842169515864174,Ridge,"{'mode': 'original', 'type': 'Ridge'}",10,"['z_re_T2W10', 'z_pe_T2W10', 'z_l1_T2W10', 'z_l2_T2W10', 'z_l3_T2W10', 'z_lsc_T2W10', 'z_atd_T2W10', 'z_density_T2W10', 'z_diameter_T2W10', 'z_asp_T2W10']",0.09121939319829706,0.1346865514574077,99.0,0.11295297232785238,0.02173357912955532,0.10953227222546874,1.9842169515864174,2.206631484042735,2.2842286197606447,99.0,2.24543005190169,0.038798567858954976,0.1955359157068728,1.9842169515864174,completed,True,COMPLETE
40,1.7267346938775514,2026-06-09 20:33:18.531389,2026-06-09 20:33:20.818900,0 days 00:00:02.287511,,,,,,,,,,,,,,0.3138739388439052,QuantileRegressor,,,,,,8,,,,,,,,,,True,0.0,0.0,99.0,0.0,0.0,0.0,1.9842169515864174,1.7031374778322412,1.7503319099228616,99.0,1.7267346938775514,0.02359721604531007,0.1189245763999933,1.9842169515864174,0.25246813985070143,0.26901913477943035,99.0,0.2607436373150659,0.00827549746436443,0.04170661609229787,1.9842169515864174,5.793945163506869,6.0860548364931315,99.0,5.94,0.14605483649313133,0.7360829992726241,1.9842169515864174,1.0629339295594078,1.197066070440592,99.0,1.13,0.06706607044059207,0.3379976689896311,1.9842169515864174,100.0,0.98,-0.01420775331224791,-0.00957015621698071,99.0,-0.01188895476461431,0.0023187985476336007,0.011686214785029828,1.9842169515864174,QuantileRegressor,"{'mode': 'original', 'type': 'QuantileRegressor'}",8,"['z_l1_T2W10', 'z_l2_T2W10', 'z_l3_T2W10', 'z_lsc_T2W10', 'z_atd_T2W10', 'z_density_T2W10', 'z_diameter_T2W10', 'z_asp_T2W10']",,,,,,,,2.2166159716888822,2.286235772439345,99.0,2.2514258720641136,0.034809900375231545,0.1754339430847035,1.9842169515864174,completed,True,COMPLETE
41,1.7267346938775514,2026-06-09 20:33:20.831933,2026-06-09 20:33:22.988437,0 days 00:00:02.156504,,,,,,,,,,,,,,1.0819605697543935,QuantileRegressor,,,,,,4,,,,,,,,,,True,0.0,0.0,99.0,0.0,0.0,0.0,1.9842169515864174,1.7031374778322412,1.7503319099228616,99.0,1.7267346938775514,0.02359721604531007,0.1189245763999933,1.9842169515864174,0.25246813985070143,0.26901913477943035,99.0,0.2607436373150659,0.00827549746436443,0.04170661609229787,1.9842169515864174,5.793945163506869,6.0860548364931315,99.0,5.94,0.14605483649313133,0.7360829992726241,1.9842169515864174,1.0629339295594078,1.197066070440592,99.0,1.13,0.06706607044059207,0.3379976689896311,1.9842169515864174,100.0,0.98,-0.01420775331224791,-0.00957015621698071,99.0,-0.01188895476461431,0.0023187985476336007,0.011686214785029828,1.9842169515864174,QuantileRegressor,"{'mode': 'original', 'type': 'QuantileRegressor'}",4,"['z_atd_T2W10', 'z_density_T2W10', 'z_diameter_T2W10', 'z_asp_T2W10']",,,,,,,,2.2166159716888822,2.286235772439345,99.0,2.2514258720641136,0.034809900375231545,0.1754339430847035,1.9842169515864174,completed,True,COMPLETE
42,1.7267346938775514,2026-06-09 20:33:23.009004,2026-06-09 20:33:25.250529,0 days 00:00:02.241525,,,,,,,,,,,,,,0.7011107599634108,QuantileRegressor,,,,,,5,,,,,,,,,,True,0.0,0.0,99.0,0.0,0.0,0.0,1.9842169515864174,1.7031374778322412,1.7503319099228616,99.0,1.7267346938775514,0.02359721604531007,0.1189245763999933,1.9842169515864174,0.25246813985070143,0.26901913477943035,99.0,0.2607436373150659,0.00827549746436443,0.04170661609229787,1.9842169515864174,5.793945163506869,6.0860548364931315,99.0,5.94,0.14605483649313133,0.7360829992726241,1.9842169515864174,1.0629339295594078,1.197066070440592,99.0,1.13,0.06706607044059207,0.3379976689896311,1.9842169515864174,100.0,0.98,-0.01420775331224791,-0.00957015621698071,99.0,-0.01188895476461431,0.0023187985476336007,0.011686214785029828,1.9842169515864174,QuantileRegressor,"{'mode': 'original', 'type': 'QuantileRegressor'}",5,"['z_lsc_T2W10', 'z_atd_T2W10', 'z_density_T2W10', 'z_diameter_T2W10', 'z_asp_T2W10']",,,,,,,,2.2166159716888822,2.286235772439345,99.0,2.2514258720641136,0.034809900375231545,0.1754339430847035,1.9842169515864174,completed,True,COMPLETE
