number,value,datetime_start,datetime_complete,duration,params_dt_max_depth,params_dt_min_samples_leaf,params_dt_min_samples_split,params_elastic_alpha,params_elastic_l1_ratio,params_et_max_depth,params_et_max_features,params_et_min_samples_leaf,params_et_min_samples_split,params_et_n_estimators,params_knn_metric,params_knn_n_neighbors,params_knn_weights,params_quantile_alpha,params_regressor,params_rf_max_depth,params_rf_max_features,params_rf_min_samples_leaf,params_rf_min_samples_split,params_rf_n_estimators,params_rfe_n_features,params_rfe_proxy_et_max_depth,params_rfe_proxy_et_min_samples_leaf,params_rfe_proxy_et_min_samples_split,params_rfe_proxy_et_n_estimators,params_rfe_proxy_lsvr_C,params_rfe_proxy_lsvr_epsilon,params_rfe_proxy_type,params_ridge_alpha,params_ridge_solver,params_use_scaler,user_attrs_d2mae_ci_lower_val,user_attrs_d2mae_ci_upper_val,user_attrs_d2mae_df_val,user_attrs_d2mae_mean_val,user_attrs_d2mae_samperror_val,user_attrs_d2mae_std_val,user_attrs_d2mae_t_critical_val,user_attrs_mae_ci_lower_val,user_attrs_mae_ci_upper_val,user_attrs_mae_df_val,user_attrs_mae_mean_val,user_attrs_mae_samperror_val,user_attrs_mae_std_val,user_attrs_mae_t_critical_val,user_attrs_mape_ci_lower_val,user_attrs_mape_ci_upper_val,user_attrs_mape_df_val,user_attrs_mape_mean_val,user_attrs_mape_samperror_val,user_attrs_mape_std_val,user_attrs_mape_t_critical_val,user_attrs_max_error_ci_lower_val,user_attrs_max_error_ci_upper_val,user_attrs_max_error_df_val,user_attrs_max_error_mean_val,user_attrs_max_error_samperror_val,user_attrs_max_error_std_val,user_attrs_max_error_t_critical_val,user_attrs_median_ae_ci_lower_val,user_attrs_median_ae_ci_upper_val,user_attrs_median_ae_df_val,user_attrs_median_ae_mean_val,user_attrs_median_ae_samperror_val,user_attrs_median_ae_std_val,user_attrs_median_ae_t_critical_val,user_attrs_n_splits_val,user_attrs_r2_below_zero_val,user_attrs_r2_ci_lower_val,user_attrs_r2_ci_upper_val,user_attrs_r2_df_val,user_attrs_r2_mean_val,user_attrs_r2_samperror_val,user_attrs_r2_std_val,user_attrs_r2_t_critical_val,user_attrs_regressor_final,user_attrs_rfe_estimator,user_attrs_rfe_n_features,user_attrs_rfe_selected_features,user_attrs_rho_ci_lower_val,user_attrs_rho_ci_upper_val,user_attrs_rho_df_val,user_attrs_rho_mean_val,user_attrs_rho_samperror_val,user_attrs_rho_std_val,user_attrs_rho_t_critical_val,user_attrs_rmse_ci_lower_val,user_attrs_rmse_ci_upper_val,user_attrs_rmse_df_val,user_attrs_rmse_mean_val,user_attrs_rmse_samperror_val,user_attrs_rmse_std_val,user_attrs_rmse_t_critical_val,user_attrs_termination_reason,user_attrs_use_scaler_final,state
114,1.7959600838361345,2026-06-09 20:37:02.220017,2026-06-09 20:37:02.480112,0 days 00:00:00.260095,,,,0.06418890785602614,0.010550695864077475,,,,,,,,,,ElasticNet,,,,,,10,,,,,,,,,,True,,,,,,,,,,,,,,,,,,,,,,,,,,,,,,,,,,,,,,,,,,,,,ElasticNet,"{'mode': 'original', 'type': 'ElasticNet'}",10,"['z_re_T2W10', 'z_pe_T2W10', 'z_l1_T2W10', 'z_l2_T2W10', 'z_l3_T2W10', 'z_lsc_T2W10', 'z_atd_T2W10', 'z_density_T2W10', 'z_diameter_T2W10', 'z_asp_T2W10']",,,,,,,,,,,,,,,pruned,True,PRUNED
115,1.7267346938775514,2026-06-09 20:37:02.489876,2026-06-09 20:37:04.716879,0 days 00:00:02.227003,,,,,,,,,,,,,,6.911282292033941,QuantileRegressor,,,,,,9,,,,,,,,,,True,0.0,0.0,99.0,0.0,0.0,0.0,1.9842169515864174,1.7031374778322412,1.7503319099228616,99.0,1.7267346938775514,0.02359721604531007,0.1189245763999933,1.9842169515864174,0.25246813985070143,0.26901913477943035,99.0,0.2607436373150659,0.00827549746436443,0.04170661609229787,1.9842169515864174,5.793945163506869,6.0860548364931315,99.0,5.94,0.14605483649313133,0.7360829992726241,1.9842169515864174,1.0629339295594078,1.197066070440592,99.0,1.13,0.06706607044059207,0.3379976689896311,1.9842169515864174,100.0,0.98,-0.01420775331224791,-0.00957015621698071,99.0,-0.01188895476461431,0.0023187985476336007,0.011686214785029828,1.9842169515864174,QuantileRegressor,"{'mode': 'original', 'type': 'QuantileRegressor'}",9,"['z_pe_T2W10', 'z_l1_T2W10', 'z_l2_T2W10', 'z_l3_T2W10', 'z_lsc_T2W10', 'z_atd_T2W10', 'z_density_T2W10', 'z_diameter_T2W10', 'z_asp_T2W10']",,,,,,,,2.2166159716888822,2.286235772439345,99.0,2.2514258720641136,0.034809900375231545,0.1754339430847035,1.9842169515864174,completed,True,COMPLETE
116,1.90477916328431,2026-06-09 20:37:04.729350,2026-06-09 20:37:04.860297,0 days 00:00:00.130947,2.0,2.0,14.0,,,,,,,,,,,,DecisionTreeRegressor,,,,,,3,,,,,,,,,,True,,,,,,,,,,,,,,,,,,,,,,,,,,,,,,,,,,,,,,,,,,,,,DecisionTreeRegressor,"{'mode': 'original', 'type': 'DecisionTreeRegressor'}",3,"['z_l1_T2W10', 'z_atd_T2W10', 'z_diameter_T2W10']",,,,,,,,,,,,,,,pruned,True,PRUNED
117,1.7267346938775514,2026-06-09 20:37:04.870069,2026-06-09 20:37:07.070219,0 days 00:00:02.200150,,,,,,,,,,,,,,4.500505513150312,QuantileRegressor,,,,,,5,,,,,,,,,,True,0.0,0.0,99.0,0.0,0.0,0.0,1.9842169515864174,1.7031374778322412,1.7503319099228616,99.0,1.7267346938775514,0.02359721604531007,0.1189245763999933,1.9842169515864174,0.25246813985070143,0.26901913477943035,99.0,0.2607436373150659,0.00827549746436443,0.04170661609229787,1.9842169515864174,5.793945163506869,6.0860548364931315,99.0,5.94,0.14605483649313133,0.7360829992726241,1.9842169515864174,1.0629339295594078,1.197066070440592,99.0,1.13,0.06706607044059207,0.3379976689896311,1.9842169515864174,100.0,0.98,-0.01420775331224791,-0.00957015621698071,99.0,-0.01188895476461431,0.0023187985476336007,0.011686214785029828,1.9842169515864174,QuantileRegressor,"{'mode': 'original', 'type': 'QuantileRegressor'}",5,"['z_lsc_T2W10', 'z_atd_T2W10', 'z_density_T2W10', 'z_diameter_T2W10', 'z_asp_T2W10']",,,,,,,,2.2166159716888822,2.286235772439345,99.0,2.2514258720641136,0.034809900375231545,0.1754339430847035,1.9842169515864174,completed,True,COMPLETE
118,1.7267346938775514,2026-06-09 20:37:07.082781,2026-06-09 20:37:09.365709,0 days 00:00:02.282928,,,,,,,,,,,,,,0.07688154740417204,QuantileRegressor,,,,,,8,,,,,,,,,,True,0.0,0.0,99.0,0.0,0.0,0.0,1.9842169515864174,1.7031374778322412,1.7503319099228616,99.0,1.7267346938775514,0.02359721604531007,0.1189245763999933,1.9842169515864174,0.25246813985070143,0.26901913477943035,99.0,0.2607436373150659,0.00827549746436443,0.04170661609229787,1.9842169515864174,5.793945163506869,6.0860548364931315,99.0,5.94,0.14605483649313133,0.7360829992726241,1.9842169515864174,1.0629339295594078,1.197066070440592,99.0,1.13,0.06706607044059207,0.3379976689896311,1.9842169515864174,100.0,0.98,-0.01420775331224791,-0.00957015621698071,99.0,-0.01188895476461431,0.0023187985476336007,0.011686214785029828,1.9842169515864174,QuantileRegressor,"{'mode': 'original', 'type': 'QuantileRegressor'}",8,"['z_l1_T2W10', 'z_l2_T2W10', 'z_l3_T2W10', 'z_lsc_T2W10', 'z_atd_T2W10', 'z_density_T2W10', 'z_diameter_T2W10', 'z_asp_T2W10']",,,,,,,,2.2166159716888822,2.286235772439345,99.0,2.2514258720641136,0.034809900375231545,0.1754339430847035,1.9842169515864174,completed,True,COMPLETE
119,1.7267346938775514,2026-06-09 20:37:09.377880,2026-06-09 20:37:11.647779,0 days 00:00:02.269899,,,,,,,,,,,,,,1.2361891533308897,QuantileRegressor,,,,,,4,,,,,,,,,,True,0.0,0.0,99.0,0.0,0.0,0.0,1.9842169515864174,1.7031374778322412,1.7503319099228616,99.0,1.7267346938775514,0.02359721604531007,0.1189245763999933,1.9842169515864174,0.25246813985070143,0.26901913477943035,99.0,0.2607436373150659,0.00827549746436443,0.04170661609229787,1.9842169515864174,5.793945163506869,6.0860548364931315,99.0,5.94,0.14605483649313133,0.7360829992726241,1.9842169515864174,1.0629339295594078,1.197066070440592,99.0,1.13,0.06706607044059207,0.3379976689896311,1.9842169515864174,100.0,0.98,-0.01420775331224791,-0.00957015621698071,99.0,-0.01188895476461431,0.0023187985476336007,0.011686214785029828,1.9842169515864174,QuantileRegressor,"{'mode': 'original', 'type': 'QuantileRegressor'}",4,"['z_atd_T2W10', 'z_density_T2W10', 'z_diameter_T2W10', 'z_asp_T2W10']",,,,,,,,2.2166159716888822,2.286235772439345,99.0,2.2514258720641136,0.034809900375231545,0.1754339430847035,1.9842169515864174,completed,True,COMPLETE
120,1.7764837648552356,2026-06-09 20:37:11.682649,2026-06-09 20:37:39.202795,0 days 00:00:27.520146,,,,,,,,,,,,,,,RandomForestRegressor,6.0,log2,2.0,5.0,249.0,5,,,,,,,,,,False,-0.037915203207724395,-0.020544491877201455,99.0,-0.029229847542462925,0.00868535566526147,0.043772207763457374,1.9842169515864174,1.7497464677301524,1.8032210619803188,99.0,1.7764837648552356,0.026737297125083135,0.1347498674663886,1.9842169515864174,0.2628963895751433,0.28049808614162697,99.0,0.2716972378583851,0.008800848283241843,0.04435426416554603,1.9842169515864174,5.799089483640778,6.056610900970034,99.0,5.927850192305406,0.12876070866462805,0.6489245470949209,1.9842169515864174,1.4102770310437367,1.471541621219557,99.0,1.4409093261316468,0.03063229508791021,0.1543797671087284,1.9842169515864174,100.0,0.55,-0.026756045256585745,0.0015962251351963278,99.0,-0.012579910060694708,0.014176135195891035,0.07144448183731601,1.9842169515864174,RandomForestRegressor,"{'mode': 'original', 'type': 'RandomForestRegressor'}",5,"['z_l1_T2W10', 'z_l3_T2W10', 'z_atd_T2W10', 'z_diameter_T2W10', 'z_asp_T2W10']",0.11605544354241723,0.16493846656486846,99.0,0.14049695505364285,0.024441511511225616,0.12317963260864284,1.9842169515864174,2.2134669102223454,2.28694689679055,99.0,2.250206903506448,0.03673999328410257,0.18516117027791884,1.9842169515864174,completed,False,COMPLETE
121,1.7267346938775514,2026-06-09 20:37:39.215230,2026-06-09 20:37:41.493249,0 days 00:00:02.278019,,,,,,,,,,,,,,2.2152513219638497,QuantileRegressor,,,,,,5,,,,,,,,,,True,0.0,0.0,99.0,0.0,0.0,0.0,1.9842169515864174,1.7031374778322412,1.7503319099228616,99.0,1.7267346938775514,0.02359721604531007,0.1189245763999933,1.9842169515864174,0.25246813985070143,0.26901913477943035,99.0,0.2607436373150659,0.00827549746436443,0.04170661609229787,1.9842169515864174,5.793945163506869,6.0860548364931315,99.0,5.94,0.14605483649313133,0.7360829992726241,1.9842169515864174,1.0629339295594078,1.197066070440592,99.0,1.13,0.06706607044059207,0.3379976689896311,1.9842169515864174,100.0,0.98,-0.01420775331224791,-0.00957015621698071,99.0,-0.01188895476461431,0.0023187985476336007,0.011686214785029828,1.9842169515864174,QuantileRegressor,"{'mode': 'original', 'type': 'QuantileRegressor'}",5,"['z_lsc_T2W10', 'z_atd_T2W10', 'z_density_T2W10', 'z_diameter_T2W10', 'z_asp_T2W10']",,,,,,,,2.2166159716888822,2.286235772439345,99.0,2.2514258720641136,0.034809900375231545,0.1754339430847035,1.9842169515864174,completed,True,COMPLETE
122,1.7267346938775514,2026-06-09 20:37:41.506073,2026-06-09 20:37:43.595952,0 days 00:00:02.089879,,,,,,,,,,,,,,4.080673517249944,QuantileRegressor,,,,,,5,,,,,,,,,,True,0.0,0.0,99.0,0.0,0.0,0.0,1.9842169515864174,1.7031374778322412,1.7503319099228616,99.0,1.7267346938775514,0.02359721604531007,0.1189245763999933,1.9842169515864174,0.25246813985070143,0.26901913477943035,99.0,0.2607436373150659,0.00827549746436443,0.04170661609229787,1.9842169515864174,5.793945163506869,6.0860548364931315,99.0,5.94,0.14605483649313133,0.7360829992726241,1.9842169515864174,1.0629339295594078,1.197066070440592,99.0,1.13,0.06706607044059207,0.3379976689896311,1.9842169515864174,100.0,0.98,-0.01420775331224791,-0.00957015621698071,99.0,-0.01188895476461431,0.0023187985476336007,0.011686214785029828,1.9842169515864174,QuantileRegressor,"{'mode': 'original', 'type': 'QuantileRegressor'}",5,"['z_lsc_T2W10', 'z_atd_T2W10', 'z_density_T2W10', 'z_diameter_T2W10', 'z_asp_T2W10']",,,,,,,,2.2166159716888822,2.286235772439345,99.0,2.2514258720641136,0.034809900375231545,0.1754339430847035,1.9842169515864174,completed,True,COMPLETE
123,1.7267346938775514,2026-06-09 20:37:43.608114,2026-06-09 20:37:45.890822,0 days 00:00:02.282708,,,,,,,,,,,,,,0.8396236639458519,QuantileRegressor,,,,,,5,,,,,,,,,,True,0.0,0.0,99.0,0.0,0.0,0.0,1.9842169515864174,1.7031374778322412,1.7503319099228616,99.0,1.7267346938775514,0.02359721604531007,0.1189245763999933,1.9842169515864174,0.25246813985070143,0.26901913477943035,99.0,0.2607436373150659,0.00827549746436443,0.04170661609229787,1.9842169515864174,5.793945163506869,6.0860548364931315,99.0,5.94,0.14605483649313133,0.7360829992726241,1.9842169515864174,1.0629339295594078,1.197066070440592,99.0,1.13,0.06706607044059207,0.3379976689896311,1.9842169515864174,100.0,0.98,-0.01420775331224791,-0.00957015621698071,99.0,-0.01188895476461431,0.0023187985476336007,0.011686214785029828,1.9842169515864174,QuantileRegressor,"{'mode': 'original', 'type': 'QuantileRegressor'}",5,"['z_lsc_T2W10', 'z_atd_T2W10', 'z_density_T2W10', 'z_diameter_T2W10', 'z_asp_T2W10']",,,,,,,,2.2166159716888822,2.286235772439345,99.0,2.2514258720641136,0.034809900375231545,0.1754339430847035,1.9842169515864174,completed,True,COMPLETE
124,1.7267346938775514,2026-06-09 20:37:45.903677,2026-06-09 20:37:48.135448,0 days 00:00:02.231771,,,,,,,,,,,,,,8.312722223865908,QuantileRegressor,,,,,,6,,,,,,,,,,True,0.0,0.0,99.0,0.0,0.0,0.0,1.9842169515864174,1.7031374778322412,1.7503319099228616,99.0,1.7267346938775514,0.02359721604531007,0.1189245763999933,1.9842169515864174,0.25246813985070143,0.26901913477943035,99.0,0.2607436373150659,0.00827549746436443,0.04170661609229787,1.9842169515864174,5.793945163506869,6.0860548364931315,99.0,5.94,0.14605483649313133,0.7360829992726241,1.9842169515864174,1.0629339295594078,1.197066070440592,99.0,1.13,0.06706607044059207,0.3379976689896311,1.9842169515864174,100.0,0.98,-0.01420775331224791,-0.00957015621698071,99.0,-0.01188895476461431,0.0023187985476336007,0.011686214785029828,1.9842169515864174,QuantileRegressor,"{'mode': 'original', 'type': 'QuantileRegressor'}",6,"['z_l3_T2W10', 'z_lsc_T2W10', 'z_atd_T2W10', 'z_density_T2W10', 'z_diameter_T2W10', 'z_asp_T2W10']",,,,,,,,2.2166159716888822,2.286235772439345,99.0,2.2514258720641136,0.034809900375231545,0.1754339430847035,1.9842169515864174,completed,True,COMPLETE
125,1.7267346938775514,2026-06-09 20:37:48.147635,2026-06-09 20:37:50.549727,0 days 00:00:02.402092,,,,,,,,,,,,,,0.2270552845030049,QuantileRegressor,,,,,,4,,,,,,,,,,True,0.0,0.0,99.0,0.0,0.0,0.0,1.9842169515864174,1.7031374778322412,1.7503319099228616,99.0,1.7267346938775514,0.02359721604531007,0.1189245763999933,1.9842169515864174,0.25246813985070143,0.26901913477943035,99.0,0.2607436373150659,0.00827549746436443,0.04170661609229787,1.9842169515864174,5.793945163506869,6.0860548364931315,99.0,5.94,0.14605483649313133,0.7360829992726241,1.9842169515864174,1.0629339295594078,1.197066070440592,99.0,1.13,0.06706607044059207,0.3379976689896311,1.9842169515864174,100.0,0.98,-0.01420775331224791,-0.00957015621698071,99.0,-0.01188895476461431,0.0023187985476336007,0.011686214785029828,1.9842169515864174,QuantileRegressor,"{'mode': 'original', 'type': 'QuantileRegressor'}",4,"['z_atd_T2W10', 'z_density_T2W10', 'z_diameter_T2W10', 'z_asp_T2W10']",,,,,,,,2.2166159716888822,2.286235772439345,99.0,2.2514258720641136,0.034809900375231545,0.1754339430847035,1.9842169515864174,completed,True,COMPLETE
126,1.7267346938775514,2026-06-09 20:37:50.562808,2026-06-09 20:37:52.907308,0 days 00:00:02.344500,,,,,,,,,,,,,,1.6124246585296498,QuantileRegressor,,,,,,5,,,,,,,,,,True,0.0,0.0,99.0,0.0,0.0,0.0,1.9842169515864174,1.7031374778322412,1.7503319099228616,99.0,1.7267346938775514,0.02359721604531007,0.1189245763999933,1.9842169515864174,0.25246813985070143,0.26901913477943035,99.0,0.2607436373150659,0.00827549746436443,0.04170661609229787,1.9842169515864174,5.793945163506869,6.0860548364931315,99.0,5.94,0.14605483649313133,0.7360829992726241,1.9842169515864174,1.0629339295594078,1.197066070440592,99.0,1.13,0.06706607044059207,0.3379976689896311,1.9842169515864174,100.0,0.98,-0.01420775331224791,-0.00957015621698071,99.0,-0.01188895476461431,0.0023187985476336007,0.011686214785029828,1.9842169515864174,QuantileRegressor,"{'mode': 'original', 'type': 'QuantileRegressor'}",5,"['z_lsc_T2W10', 'z_atd_T2W10', 'z_density_T2W10', 'z_diameter_T2W10', 'z_asp_T2W10']",,,,,,,,2.2166159716888822,2.286235772439345,99.0,2.2514258720641136,0.034809900375231545,0.1754339430847035,1.9842169515864174,completed,True,COMPLETE
127,1.7706516270402628,2026-06-09 20:37:52.919717,2026-06-09 20:37:53.119390,0 days 00:00:00.199673,,,,,,,,,,,,,,,Ridge,,,,,,6,,,,,,,,5.044776629214103,sparse_cg,True,,,,,,,,,,,,,,,,,,,,,,,,,,,,,,,,,,,,,,,,,,,,,Ridge,"{'mode': 'original', 'type': 'Ridge'}",6,"['z_re_T2W10', 'z_pe_T2W10', 'z_l2_T2W10', 'z_atd_T2W10', 'z_density_T2W10', 'z_asp_T2W10']",,,,,,,,,,,,,,,pruned,True,PRUNED
128,1.7388279320329159,2026-06-09 20:37:53.128768,2026-06-09 20:37:54.897858,0 days 00:00:01.769090,,,,,,,,,,,,,,,LinearRegression,,,,,,5,,,,,,,,,,True,-0.01541154841602174,0.0014913224950845547,99.0,-0.006960112960468593,0.008451435455553147,0.042593303362296504,1.9842169515864174,1.7106996806063282,1.7669561834595036,99.0,1.7388279320329159,0.028128251426587682,0.14175995928317534,1.9842169515864174,0.25797862706660096,0.2761537677643395,99.0,0.2670661974154702,0.009087570348869239,0.04579927785418606,1.9842169515864174,5.906439427378288,6.118067401221584,99.0,6.012253414299936,0.10581398692164787,0.5332783133268147,1.9842169515864174,1.4159736912346401,1.4702447286280742,99.0,1.4431092099313572,0.027135518696717126,0.1367568131852809,1.9842169515864174,100.0,0.35,0.0022659759114094687,0.02962905834736677,99.0,0.01594751712938812,0.013681541217978651,0.06895184121393585,1.9842169515864174,LinearRegression,"{'mode': 'original', 'type': 'LinearRegression'}",5,"['z_re_T2W10', 'z_pe_T2W10', 'z_l2_T2W10', 'z_density_T2W10', 'z_asp_T2W10']",0.1507682969906291,0.19690898510263527,99.0,0.1738386410466322,0.02307034405600307,0.11626926197539997,1.9842169515864174,2.180881624705364,2.2576997482519374,99.0,2.219290686478651,0.03840906177328663,0.19357289404557243,1.9842169515864174,completed,True,COMPLETE
129,1.7267346938775514,2026-06-09 20:37:54.909815,2026-06-09 20:37:57.150859,0 days 00:00:02.241044,,,,,,,,,,,,,,2.6617527035520783,QuantileRegressor,,,,,,3,,,,,,,,,,True,0.0,0.0,99.0,0.0,0.0,0.0,1.9842169515864174,1.7031374778322412,1.7503319099228616,99.0,1.7267346938775514,0.02359721604531007,0.1189245763999933,1.9842169515864174,0.25246813985070143,0.26901913477943035,99.0,0.2607436373150659,0.00827549746436443,0.04170661609229787,1.9842169515864174,5.793945163506869,6.0860548364931315,99.0,5.94,0.14605483649313133,0.7360829992726241,1.9842169515864174,1.0629339295594078,1.197066070440592,99.0,1.13,0.06706607044059207,0.3379976689896311,1.9842169515864174,100.0,0.98,-0.01420775331224791,-0.00957015621698071,99.0,-0.01188895476461431,0.0023187985476336007,0.011686214785029828,1.9842169515864174,QuantileRegressor,"{'mode': 'original', 'type': 'QuantileRegressor'}",3,"['z_density_T2W10', 'z_diameter_T2W10', 'z_asp_T2W10']",,,,,,,,2.2166159716888822,2.286235772439345,99.0,2.2514258720641136,0.034809900375231545,0.1754339430847035,1.9842169515864174,completed,True,COMPLETE
130,1.7267346938775514,2026-06-09 20:37:57.163371,2026-06-09 20:37:59.487286,0 days 00:00:02.323915,,,,,,,,,,,,,,0.4057886964446893,QuantileRegressor,,,,,,5,,,,,,,,,,True,0.0,0.0,99.0,0.0,0.0,0.0,1.9842169515864174,1.7031374778322412,1.7503319099228616,99.0,1.7267346938775514,0.02359721604531007,0.1189245763999933,1.9842169515864174,0.25246813985070143,0.26901913477943035,99.0,0.2607436373150659,0.00827549746436443,0.04170661609229787,1.9842169515864174,5.793945163506869,6.0860548364931315,99.0,5.94,0.14605483649313133,0.7360829992726241,1.9842169515864174,1.0629339295594078,1.197066070440592,99.0,1.13,0.06706607044059207,0.3379976689896311,1.9842169515864174,100.0,0.98,-0.01420775331224791,-0.00957015621698071,99.0,-0.01188895476461431,0.0023187985476336007,0.011686214785029828,1.9842169515864174,QuantileRegressor,"{'mode': 'original', 'type': 'QuantileRegressor'}",5,"['z_lsc_T2W10', 'z_atd_T2W10', 'z_density_T2W10', 'z_diameter_T2W10', 'z_asp_T2W10']",,,,,,,,2.2166159716888822,2.286235772439345,99.0,2.2514258720641136,0.034809900375231545,0.1754339430847035,1.9842169515864174,completed,True,COMPLETE
131,1.7267346938775514,2026-06-09 20:37:59.500532,2026-06-09 20:38:01.857985,0 days 00:00:02.357453,,,,,,,,,,,,,,9.971461084481637,QuantileRegressor,,,,,,5,,,,,,,,,,True,0.0,0.0,99.0,0.0,0.0,0.0,1.9842169515864174,1.7031374778322412,1.7503319099228616,99.0,1.7267346938775514,0.02359721604531007,0.1189245763999933,1.9842169515864174,0.25246813985070143,0.26901913477943035,99.0,0.2607436373150659,0.00827549746436443,0.04170661609229787,1.9842169515864174,5.793945163506869,6.0860548364931315,99.0,5.94,0.14605483649313133,0.7360829992726241,1.9842169515864174,1.0629339295594078,1.197066070440592,99.0,1.13,0.06706607044059207,0.3379976689896311,1.9842169515864174,100.0,0.98,-0.01420775331224791,-0.00957015621698071,99.0,-0.01188895476461431,0.0023187985476336007,0.011686214785029828,1.9842169515864174,QuantileRegressor,"{'mode': 'original', 'type': 'QuantileRegressor'}",5,"['z_lsc_T2W10', 'z_atd_T2W10', 'z_density_T2W10', 'z_diameter_T2W10', 'z_asp_T2W10']",,,,,,,,2.2166159716888822,2.286235772439345,99.0,2.2514258720641136,0.034809900375231545,0.1754339430847035,1.9842169515864174,completed,True,COMPLETE
