number,value,datetime_start,datetime_complete,duration,params_dt_max_depth,params_dt_min_samples_leaf,params_dt_min_samples_split,params_elastic_alpha,params_elastic_l1_ratio,params_et_max_depth,params_et_max_features,params_et_min_samples_leaf,params_et_min_samples_split,params_et_n_estimators,params_knn_metric,params_knn_n_neighbors,params_knn_weights,params_quantile_alpha,params_regressor,params_rf_max_depth,params_rf_max_features,params_rf_min_samples_leaf,params_rf_min_samples_split,params_rf_n_estimators,params_rfe_n_features,params_rfe_proxy_et_max_depth,params_rfe_proxy_et_min_samples_leaf,params_rfe_proxy_et_min_samples_split,params_rfe_proxy_et_n_estimators,params_rfe_proxy_lsvr_C,params_rfe_proxy_lsvr_epsilon,params_rfe_proxy_type,params_ridge_alpha,params_ridge_solver,params_use_scaler,user_attrs_d2mae_ci_lower_val,user_attrs_d2mae_ci_upper_val,user_attrs_d2mae_df_val,user_attrs_d2mae_mean_val,user_attrs_d2mae_samperror_val,user_attrs_d2mae_std_val,user_attrs_d2mae_t_critical_val,user_attrs_mae_ci_lower_val,user_attrs_mae_ci_upper_val,user_attrs_mae_df_val,user_attrs_mae_mean_val,user_attrs_mae_samperror_val,user_attrs_mae_std_val,user_attrs_mae_t_critical_val,user_attrs_mape_ci_lower_val,user_attrs_mape_ci_upper_val,user_attrs_mape_df_val,user_attrs_mape_mean_val,user_attrs_mape_samperror_val,user_attrs_mape_std_val,user_attrs_mape_t_critical_val,user_attrs_max_error_ci_lower_val,user_attrs_max_error_ci_upper_val,user_attrs_max_error_df_val,user_attrs_max_error_mean_val,user_attrs_max_error_samperror_val,user_attrs_max_error_std_val,user_attrs_max_error_t_critical_val,user_attrs_median_ae_ci_lower_val,user_attrs_median_ae_ci_upper_val,user_attrs_median_ae_df_val,user_attrs_median_ae_mean_val,user_attrs_median_ae_samperror_val,user_attrs_median_ae_std_val,user_attrs_median_ae_t_critical_val,user_attrs_n_splits_val,user_attrs_r2_below_zero_val,user_attrs_r2_ci_lower_val,user_attrs_r2_ci_upper_val,user_attrs_r2_df_val,user_attrs_r2_mean_val,user_attrs_r2_samperror_val,user_attrs_r2_std_val,user_attrs_r2_t_critical_val,user_attrs_regressor_final,user_attrs_rfe_estimator,user_attrs_rfe_n_features,user_attrs_rfe_selected_features,user_attrs_rho_ci_lower_val,user_attrs_rho_ci_upper_val,user_attrs_rho_df_val,user_attrs_rho_mean_val,user_attrs_rho_samperror_val,user_attrs_rho_std_val,user_attrs_rho_t_critical_val,user_attrs_rmse_ci_lower_val,user_attrs_rmse_ci_upper_val,user_attrs_rmse_df_val,user_attrs_rmse_mean_val,user_attrs_rmse_samperror_val,user_attrs_rmse_std_val,user_attrs_rmse_t_critical_val,user_attrs_termination_reason,user_attrs_use_scaler_final,state
221,1.7267346938775514,2026-06-09 20:41:42.480154,2026-06-09 20:41:44.789891,0 days 00:00:02.309737,,,,,,,,,,,,,,1.6981720393083652,QuantileRegressor,,,,,,7,,,,,,,,,,True,0.0,0.0,99.0,0.0,0.0,0.0,1.9842169515864174,1.7031374778322412,1.7503319099228616,99.0,1.7267346938775514,0.02359721604531007,0.1189245763999933,1.9842169515864174,0.25246813985070143,0.26901913477943035,99.0,0.2607436373150659,0.00827549746436443,0.04170661609229787,1.9842169515864174,5.793945163506869,6.0860548364931315,99.0,5.94,0.14605483649313133,0.7360829992726241,1.9842169515864174,1.0629339295594078,1.197066070440592,99.0,1.13,0.06706607044059207,0.3379976689896311,1.9842169515864174,100.0,0.98,-0.01420775331224791,-0.00957015621698071,99.0,-0.01188895476461431,0.0023187985476336007,0.011686214785029828,1.9842169515864174,QuantileRegressor,"{'mode': 'original', 'type': 'QuantileRegressor'}",7,"['z_l2_T2W10', 'z_l3_T2W10', 'z_lsc_T2W10', 'z_atd_T2W10', 'z_density_T2W10', 'z_diameter_T2W10', 'z_asp_T2W10']",,,,,,,,2.2166159716888822,2.286235772439345,99.0,2.2514258720641136,0.034809900375231545,0.1754339430847035,1.9842169515864174,completed,True,COMPLETE
222,2.4371428571428573,2026-06-09 20:41:44.803072,2026-06-09 20:41:44.961137,0 days 00:00:00.158065,15.0,2.0,6.0,,,,,,,,,,,,DecisionTreeRegressor,,,,,,7,,,,,,,,,,True,,,,,,,,,,,,,,,,,,,,,,,,,,,,,,,,,,,,,,,,,,,,,DecisionTreeRegressor,"{'mode': 'original', 'type': 'DecisionTreeRegressor'}",7,"['z_re_T2W10', 'z_l2_T2W10', 'z_l3_T2W10', 'z_atd_T2W10', 'z_density_T2W10', 'z_diameter_T2W10', 'z_asp_T2W10']",,,,,,,,,,,,,,,pruned,True,PRUNED
223,1.7267346938775514,2026-06-09 20:41:44.970845,2026-06-09 20:41:47.612213,0 days 00:00:02.641368,,,,,,,,,,,,,,4.367747609557114,QuantileRegressor,,,,,,8,,,,,,,,,,True,0.0,0.0,99.0,0.0,0.0,0.0,1.9842169515864174,1.7031374778322412,1.7503319099228616,99.0,1.7267346938775514,0.02359721604531007,0.1189245763999933,1.9842169515864174,0.25246813985070143,0.26901913477943035,99.0,0.2607436373150659,0.00827549746436443,0.04170661609229787,1.9842169515864174,5.793945163506869,6.0860548364931315,99.0,5.94,0.14605483649313133,0.7360829992726241,1.9842169515864174,1.0629339295594078,1.197066070440592,99.0,1.13,0.06706607044059207,0.3379976689896311,1.9842169515864174,100.0,0.98,-0.01420775331224791,-0.00957015621698071,99.0,-0.01188895476461431,0.0023187985476336007,0.011686214785029828,1.9842169515864174,QuantileRegressor,"{'mode': 'original', 'type': 'QuantileRegressor'}",8,"['z_l1_T2W10', 'z_l2_T2W10', 'z_l3_T2W10', 'z_lsc_T2W10', 'z_atd_T2W10', 'z_density_T2W10', 'z_diameter_T2W10', 'z_asp_T2W10']",,,,,,,,2.2166159716888822,2.286235772439345,99.0,2.2514258720641136,0.034809900375231545,0.1754339430847035,1.9842169515864174,completed,True,COMPLETE
224,1.7267346938775514,2026-06-09 20:41:47.626681,2026-06-09 20:41:49.813811,0 days 00:00:02.187130,,,,,,,,,,,,,,2.4438616281692007,QuantileRegressor,,,,,,6,,,,,,,,,,True,0.0,0.0,99.0,0.0,0.0,0.0,1.9842169515864174,1.7031374778322412,1.7503319099228616,99.0,1.7267346938775514,0.02359721604531007,0.1189245763999933,1.9842169515864174,0.25246813985070143,0.26901913477943035,99.0,0.2607436373150659,0.00827549746436443,0.04170661609229787,1.9842169515864174,5.793945163506869,6.0860548364931315,99.0,5.94,0.14605483649313133,0.7360829992726241,1.9842169515864174,1.0629339295594078,1.197066070440592,99.0,1.13,0.06706607044059207,0.3379976689896311,1.9842169515864174,100.0,0.98,-0.01420775331224791,-0.00957015621698071,99.0,-0.01188895476461431,0.0023187985476336007,0.011686214785029828,1.9842169515864174,QuantileRegressor,"{'mode': 'original', 'type': 'QuantileRegressor'}",6,"['z_l3_T2W10', 'z_lsc_T2W10', 'z_atd_T2W10', 'z_density_T2W10', 'z_diameter_T2W10', 'z_asp_T2W10']",,,,,,,,2.2166159716888822,2.286235772439345,99.0,2.2514258720641136,0.034809900375231545,0.1754339430847035,1.9842169515864174,completed,True,COMPLETE
225,1.7267346938775514,2026-06-09 20:41:49.828766,2026-06-09 20:41:52.295746,0 days 00:00:02.466980,,,,,,,,,,,,,,1.3418720675047329,QuantileRegressor,,,,,,7,,,,,,,,,,True,0.0,0.0,99.0,0.0,0.0,0.0,1.9842169515864174,1.7031374778322412,1.7503319099228616,99.0,1.7267346938775514,0.02359721604531007,0.1189245763999933,1.9842169515864174,0.25246813985070143,0.26901913477943035,99.0,0.2607436373150659,0.00827549746436443,0.04170661609229787,1.9842169515864174,5.793945163506869,6.0860548364931315,99.0,5.94,0.14605483649313133,0.7360829992726241,1.9842169515864174,1.0629339295594078,1.197066070440592,99.0,1.13,0.06706607044059207,0.3379976689896311,1.9842169515864174,100.0,0.98,-0.01420775331224791,-0.00957015621698071,99.0,-0.01188895476461431,0.0023187985476336007,0.011686214785029828,1.9842169515864174,QuantileRegressor,"{'mode': 'original', 'type': 'QuantileRegressor'}",7,"['z_l2_T2W10', 'z_l3_T2W10', 'z_lsc_T2W10', 'z_atd_T2W10', 'z_density_T2W10', 'z_diameter_T2W10', 'z_asp_T2W10']",,,,,,,,2.2166159716888822,2.286235772439345,99.0,2.2514258720641136,0.034809900375231545,0.1754339430847035,1.9842169515864174,completed,True,COMPLETE
226,1.7267346938775514,2026-06-09 20:41:52.309214,2026-06-09 20:41:54.675685,0 days 00:00:02.366471,,,,,,,,,,,,,,5.8346190256820964,QuantileRegressor,,,,,,5,,,,,,,,,,True,0.0,0.0,99.0,0.0,0.0,0.0,1.9842169515864174,1.7031374778322412,1.7503319099228616,99.0,1.7267346938775514,0.02359721604531007,0.1189245763999933,1.9842169515864174,0.25246813985070143,0.26901913477943035,99.0,0.2607436373150659,0.00827549746436443,0.04170661609229787,1.9842169515864174,5.793945163506869,6.0860548364931315,99.0,5.94,0.14605483649313133,0.7360829992726241,1.9842169515864174,1.0629339295594078,1.197066070440592,99.0,1.13,0.06706607044059207,0.3379976689896311,1.9842169515864174,100.0,0.98,-0.01420775331224791,-0.00957015621698071,99.0,-0.01188895476461431,0.0023187985476336007,0.011686214785029828,1.9842169515864174,QuantileRegressor,"{'mode': 'original', 'type': 'QuantileRegressor'}",5,"['z_lsc_T2W10', 'z_atd_T2W10', 'z_density_T2W10', 'z_diameter_T2W10', 'z_asp_T2W10']",,,,,,,,2.2166159716888822,2.286235772439345,99.0,2.2514258720641136,0.034809900375231545,0.1754339430847035,1.9842169515864174,completed,True,COMPLETE
227,1.7267346938775514,2026-06-09 20:41:54.688612,2026-06-09 20:41:56.830171,0 days 00:00:02.141559,,,,,,,,,,,,,,2.795578556476045,QuantileRegressor,,,,,,4,,,,,,,,,,True,0.0,0.0,99.0,0.0,0.0,0.0,1.9842169515864174,1.7031374778322412,1.7503319099228616,99.0,1.7267346938775514,0.02359721604531007,0.1189245763999933,1.9842169515864174,0.25246813985070143,0.26901913477943035,99.0,0.2607436373150659,0.00827549746436443,0.04170661609229787,1.9842169515864174,5.793945163506869,6.0860548364931315,99.0,5.94,0.14605483649313133,0.7360829992726241,1.9842169515864174,1.0629339295594078,1.197066070440592,99.0,1.13,0.06706607044059207,0.3379976689896311,1.9842169515864174,100.0,0.98,-0.01420775331224791,-0.00957015621698071,99.0,-0.01188895476461431,0.0023187985476336007,0.011686214785029828,1.9842169515864174,QuantileRegressor,"{'mode': 'original', 'type': 'QuantileRegressor'}",4,"['z_atd_T2W10', 'z_density_T2W10', 'z_diameter_T2W10', 'z_asp_T2W10']",,,,,,,,2.2166159716888822,2.286235772439345,99.0,2.2514258720641136,0.034809900375231545,0.1754339430847035,1.9842169515864174,completed,True,COMPLETE
228,1.7267346938775514,2026-06-09 20:41:56.843081,2026-06-09 20:41:59.231365,0 days 00:00:02.388284,,,,,,,,,,,,,,4.425631234104107,QuantileRegressor,,,,,,5,,,,,,,,,,True,0.0,0.0,99.0,0.0,0.0,0.0,1.9842169515864174,1.7031374778322412,1.7503319099228616,99.0,1.7267346938775514,0.02359721604531007,0.1189245763999933,1.9842169515864174,0.25246813985070143,0.26901913477943035,99.0,0.2607436373150659,0.00827549746436443,0.04170661609229787,1.9842169515864174,5.793945163506869,6.0860548364931315,99.0,5.94,0.14605483649313133,0.7360829992726241,1.9842169515864174,1.0629339295594078,1.197066070440592,99.0,1.13,0.06706607044059207,0.3379976689896311,1.9842169515864174,100.0,0.98,-0.01420775331224791,-0.00957015621698071,99.0,-0.01188895476461431,0.0023187985476336007,0.011686214785029828,1.9842169515864174,QuantileRegressor,"{'mode': 'original', 'type': 'QuantileRegressor'}",5,"['z_lsc_T2W10', 'z_atd_T2W10', 'z_density_T2W10', 'z_diameter_T2W10', 'z_asp_T2W10']",,,,,,,,2.2166159716888822,2.286235772439345,99.0,2.2514258720641136,0.034809900375231545,0.1754339430847035,1.9842169515864174,completed,True,COMPLETE
229,1.7267346938775514,2026-06-09 20:41:59.244095,2026-06-09 20:42:01.441889,0 days 00:00:02.197794,,,,,,,,,,,,,,9.448148553819525,QuantileRegressor,,,,,,6,,,,,,,,,,True,0.0,0.0,99.0,0.0,0.0,0.0,1.9842169515864174,1.7031374778322412,1.7503319099228616,99.0,1.7267346938775514,0.02359721604531007,0.1189245763999933,1.9842169515864174,0.25246813985070143,0.26901913477943035,99.0,0.2607436373150659,0.00827549746436443,0.04170661609229787,1.9842169515864174,5.793945163506869,6.0860548364931315,99.0,5.94,0.14605483649313133,0.7360829992726241,1.9842169515864174,1.0629339295594078,1.197066070440592,99.0,1.13,0.06706607044059207,0.3379976689896311,1.9842169515864174,100.0,0.98,-0.01420775331224791,-0.00957015621698071,99.0,-0.01188895476461431,0.0023187985476336007,0.011686214785029828,1.9842169515864174,QuantileRegressor,"{'mode': 'original', 'type': 'QuantileRegressor'}",6,"['z_l3_T2W10', 'z_lsc_T2W10', 'z_atd_T2W10', 'z_density_T2W10', 'z_diameter_T2W10', 'z_asp_T2W10']",,,,,,,,2.2166159716888822,2.286235772439345,99.0,2.2514258720641136,0.034809900375231545,0.1754339430847035,1.9842169515864174,completed,True,COMPLETE
230,1.7944087977586463,2026-06-09 20:42:01.454812,2026-06-09 20:42:01.635808,0 days 00:00:00.180996,,,,,,,,,,,,,,,Ridge,,,,,,9,,,,,,,,64.42433784992316,sparse_cg,True,,,,,,,,,,,,,,,,,,,,,,,,,,,,,,,,,,,,,,,,,,,,,Ridge,"{'mode': 'original', 'type': 'Ridge'}",9,"['z_re_T2W10', 'z_pe_T2W10', 'z_l1_T2W10', 'z_l2_T2W10', 'z_l3_T2W10', 'z_atd_T2W10', 'z_density_T2W10', 'z_diameter_T2W10', 'z_asp_T2W10']",,,,,,,,,,,,,,,pruned,True,PRUNED
231,1.7267346938775514,2026-06-09 20:42:01.645769,2026-06-09 20:42:03.965918,0 days 00:00:02.320149,,,,,,,,,,,,,,1.053018210594636,QuantileRegressor,,,,,,6,,,,,,,,,,True,0.0,0.0,99.0,0.0,0.0,0.0,1.9842169515864174,1.7031374778322412,1.7503319099228616,99.0,1.7267346938775514,0.02359721604531007,0.1189245763999933,1.9842169515864174,0.25246813985070143,0.26901913477943035,99.0,0.2607436373150659,0.00827549746436443,0.04170661609229787,1.9842169515864174,5.793945163506869,6.0860548364931315,99.0,5.94,0.14605483649313133,0.7360829992726241,1.9842169515864174,1.0629339295594078,1.197066070440592,99.0,1.13,0.06706607044059207,0.3379976689896311,1.9842169515864174,100.0,0.98,-0.01420775331224791,-0.00957015621698071,99.0,-0.01188895476461431,0.0023187985476336007,0.011686214785029828,1.9842169515864174,QuantileRegressor,"{'mode': 'original', 'type': 'QuantileRegressor'}",6,"['z_l3_T2W10', 'z_lsc_T2W10', 'z_atd_T2W10', 'z_density_T2W10', 'z_diameter_T2W10', 'z_asp_T2W10']",,,,,,,,2.2166159716888822,2.286235772439345,99.0,2.2514258720641136,0.034809900375231545,0.1754339430847035,1.9842169515864174,completed,True,COMPLETE
232,1.7267346938775514,2026-06-09 20:42:03.979983,2026-06-09 20:42:06.190145,0 days 00:00:02.210162,,,,,,,,,,,,,,0.8461410255557416,QuantileRegressor,,,,,,6,,,,,,,,,,True,0.0,0.0,99.0,0.0,0.0,0.0,1.9842169515864174,1.7031374778322412,1.7503319099228616,99.0,1.7267346938775514,0.02359721604531007,0.1189245763999933,1.9842169515864174,0.25246813985070143,0.26901913477943035,99.0,0.2607436373150659,0.00827549746436443,0.04170661609229787,1.9842169515864174,5.793945163506869,6.0860548364931315,99.0,5.94,0.14605483649313133,0.7360829992726241,1.9842169515864174,1.0629339295594078,1.197066070440592,99.0,1.13,0.06706607044059207,0.3379976689896311,1.9842169515864174,100.0,0.98,-0.01420775331224791,-0.00957015621698071,99.0,-0.01188895476461431,0.0023187985476336007,0.011686214785029828,1.9842169515864174,QuantileRegressor,"{'mode': 'original', 'type': 'QuantileRegressor'}",6,"['z_l3_T2W10', 'z_lsc_T2W10', 'z_atd_T2W10', 'z_density_T2W10', 'z_diameter_T2W10', 'z_asp_T2W10']",,,,,,,,2.2166159716888822,2.286235772439345,99.0,2.2514258720641136,0.034809900375231545,0.1754339430847035,1.9842169515864174,completed,True,COMPLETE
233,1.7267346938775514,2026-06-09 20:42:06.202910,2026-06-09 20:42:08.434145,0 days 00:00:02.231235,,,,,,,,,,,,,,0.5149523154988531,QuantileRegressor,,,,,,6,,,,,,,,,,True,0.0,0.0,99.0,0.0,0.0,0.0,1.9842169515864174,1.7031374778322412,1.7503319099228616,99.0,1.7267346938775514,0.02359721604531007,0.1189245763999933,1.9842169515864174,0.25246813985070143,0.26901913477943035,99.0,0.2607436373150659,0.00827549746436443,0.04170661609229787,1.9842169515864174,5.793945163506869,6.0860548364931315,99.0,5.94,0.14605483649313133,0.7360829992726241,1.9842169515864174,1.0629339295594078,1.197066070440592,99.0,1.13,0.06706607044059207,0.3379976689896311,1.9842169515864174,100.0,0.98,-0.01420775331224791,-0.00957015621698071,99.0,-0.01188895476461431,0.0023187985476336007,0.011686214785029828,1.9842169515864174,QuantileRegressor,"{'mode': 'original', 'type': 'QuantileRegressor'}",6,"['z_l3_T2W10', 'z_lsc_T2W10', 'z_atd_T2W10', 'z_density_T2W10', 'z_diameter_T2W10', 'z_asp_T2W10']",,,,,,,,2.2166159716888822,2.286235772439345,99.0,2.2514258720641136,0.034809900375231545,0.1754339430847035,1.9842169515864174,completed,True,COMPLETE
234,1.7267346938775514,2026-06-09 20:42:08.447358,2026-06-09 20:42:10.647807,0 days 00:00:02.200449,,,,,,,,,,,,,,7.774221933365434,QuantileRegressor,,,,,,5,,,,,,,,,,True,0.0,0.0,99.0,0.0,0.0,0.0,1.9842169515864174,1.7031374778322412,1.7503319099228616,99.0,1.7267346938775514,0.02359721604531007,0.1189245763999933,1.9842169515864174,0.25246813985070143,0.26901913477943035,99.0,0.2607436373150659,0.00827549746436443,0.04170661609229787,1.9842169515864174,5.793945163506869,6.0860548364931315,99.0,5.94,0.14605483649313133,0.7360829992726241,1.9842169515864174,1.0629339295594078,1.197066070440592,99.0,1.13,0.06706607044059207,0.3379976689896311,1.9842169515864174,100.0,0.98,-0.01420775331224791,-0.00957015621698071,99.0,-0.01188895476461431,0.0023187985476336007,0.011686214785029828,1.9842169515864174,QuantileRegressor,"{'mode': 'original', 'type': 'QuantileRegressor'}",5,"['z_lsc_T2W10', 'z_atd_T2W10', 'z_density_T2W10', 'z_diameter_T2W10', 'z_asp_T2W10']",,,,,,,,2.2166159716888822,2.286235772439345,99.0,2.2514258720641136,0.034809900375231545,0.1754339430847035,1.9842169515864174,completed,True,COMPLETE
235,1.7267346938775514,2026-06-09 20:42:10.703929,2026-06-09 20:42:13.120204,0 days 00:00:02.416275,,,,,,,,,,,,,,0.6553278361381867,QuantileRegressor,,,,,,6,,,,,,,,,,True,0.0,0.0,99.0,0.0,0.0,0.0,1.9842169515864174,1.7031374778322412,1.7503319099228616,99.0,1.7267346938775514,0.02359721604531007,0.1189245763999933,1.9842169515864174,0.25246813985070143,0.26901913477943035,99.0,0.2607436373150659,0.00827549746436443,0.04170661609229787,1.9842169515864174,5.793945163506869,6.0860548364931315,99.0,5.94,0.14605483649313133,0.7360829992726241,1.9842169515864174,1.0629339295594078,1.197066070440592,99.0,1.13,0.06706607044059207,0.3379976689896311,1.9842169515864174,100.0,0.98,-0.01420775331224791,-0.00957015621698071,99.0,-0.01188895476461431,0.0023187985476336007,0.011686214785029828,1.9842169515864174,QuantileRegressor,"{'mode': 'original', 'type': 'QuantileRegressor'}",6,"['z_l3_T2W10', 'z_lsc_T2W10', 'z_atd_T2W10', 'z_density_T2W10', 'z_diameter_T2W10', 'z_asp_T2W10']",,,,,,,,2.2166159716888822,2.286235772439345,99.0,2.2514258720641136,0.034809900375231545,0.1754339430847035,1.9842169515864174,completed,True,COMPLETE
236,1.7388279320329159,2026-06-09 20:42:13.138687,2026-06-09 20:42:14.909186,0 days 00:00:01.770499,,,,,,,,,,,,,,,LinearRegression,,,,,,5,,,,,,,,,,True,-0.01541154841602174,0.0014913224950845547,99.0,-0.006960112960468593,0.008451435455553147,0.042593303362296504,1.9842169515864174,1.7106996806063282,1.7669561834595036,99.0,1.7388279320329159,0.028128251426587682,0.14175995928317534,1.9842169515864174,0.25797862706660096,0.2761537677643395,99.0,0.2670661974154702,0.009087570348869239,0.04579927785418606,1.9842169515864174,5.906439427378288,6.118067401221584,99.0,6.012253414299936,0.10581398692164787,0.5332783133268147,1.9842169515864174,1.4159736912346401,1.4702447286280742,99.0,1.4431092099313572,0.027135518696717126,0.1367568131852809,1.9842169515864174,100.0,0.35,0.0022659759114094687,0.02962905834736677,99.0,0.01594751712938812,0.013681541217978651,0.06895184121393585,1.9842169515864174,LinearRegression,"{'mode': 'original', 'type': 'LinearRegression'}",5,"['z_re_T2W10', 'z_pe_T2W10', 'z_l2_T2W10', 'z_density_T2W10', 'z_asp_T2W10']",0.1507682969906291,0.19690898510263527,99.0,0.1738386410466322,0.02307034405600307,0.11626926197539997,1.9842169515864174,2.180881624705364,2.2576997482519374,99.0,2.219290686478651,0.03840906177328663,0.19357289404557243,1.9842169515864174,completed,True,COMPLETE
237,1.7267346938775514,2026-06-09 20:42:14.922861,2026-06-09 20:42:17.036969,0 days 00:00:02.114108,,,,,,,,,,,,,,1.7997707679731787,QuantileRegressor,,,,,,4,,,,,,,,,,True,0.0,0.0,99.0,0.0,0.0,0.0,1.9842169515864174,1.7031374778322412,1.7503319099228616,99.0,1.7267346938775514,0.02359721604531007,0.1189245763999933,1.9842169515864174,0.25246813985070143,0.26901913477943035,99.0,0.2607436373150659,0.00827549746436443,0.04170661609229787,1.9842169515864174,5.793945163506869,6.0860548364931315,99.0,5.94,0.14605483649313133,0.7360829992726241,1.9842169515864174,1.0629339295594078,1.197066070440592,99.0,1.13,0.06706607044059207,0.3379976689896311,1.9842169515864174,100.0,0.98,-0.01420775331224791,-0.00957015621698071,99.0,-0.01188895476461431,0.0023187985476336007,0.011686214785029828,1.9842169515864174,QuantileRegressor,"{'mode': 'original', 'type': 'QuantileRegressor'}",4,"['z_atd_T2W10', 'z_density_T2W10', 'z_diameter_T2W10', 'z_asp_T2W10']",,,,,,,,2.2166159716888822,2.286235772439345,99.0,2.2514258720641136,0.034809900375231545,0.1754339430847035,1.9842169515864174,completed,True,COMPLETE
238,1.7267346938775514,2026-06-09 20:42:17.049403,2026-06-09 20:42:19.242468,0 days 00:00:02.193065,,,,,,,,,,,,,,1.3342245018042627,QuantileRegressor,,,,,,5,,,,,,,,,,True,0.0,0.0,99.0,0.0,0.0,0.0,1.9842169515864174,1.7031374778322412,1.7503319099228616,99.0,1.7267346938775514,0.02359721604531007,0.1189245763999933,1.9842169515864174,0.25246813985070143,0.26901913477943035,99.0,0.2607436373150659,0.00827549746436443,0.04170661609229787,1.9842169515864174,5.793945163506869,6.0860548364931315,99.0,5.94,0.14605483649313133,0.7360829992726241,1.9842169515864174,1.0629339295594078,1.197066070440592,99.0,1.13,0.06706607044059207,0.3379976689896311,1.9842169515864174,100.0,0.98,-0.01420775331224791,-0.00957015621698071,99.0,-0.01188895476461431,0.0023187985476336007,0.011686214785029828,1.9842169515864174,QuantileRegressor,"{'mode': 'original', 'type': 'QuantileRegressor'}",5,"['z_lsc_T2W10', 'z_atd_T2W10', 'z_density_T2W10', 'z_diameter_T2W10', 'z_asp_T2W10']",,,,,,,,2.2166159716888822,2.286235772439345,99.0,2.2514258720641136,0.034809900375231545,0.1754339430847035,1.9842169515864174,completed,True,COMPLETE
