number,value,datetime_start,datetime_complete,duration,params_dt_max_depth,params_dt_min_samples_leaf,params_dt_min_samples_split,params_elastic_alpha,params_elastic_l1_ratio,params_et_max_depth,params_et_max_features,params_et_min_samples_leaf,params_et_min_samples_split,params_et_n_estimators,params_knn_metric,params_knn_n_neighbors,params_knn_weights,params_quantile_alpha,params_regressor,params_rf_max_depth,params_rf_max_features,params_rf_min_samples_leaf,params_rf_min_samples_split,params_rf_n_estimators,params_rfe_n_features,params_rfe_proxy_et_max_depth,params_rfe_proxy_et_min_samples_leaf,params_rfe_proxy_et_min_samples_split,params_rfe_proxy_et_n_estimators,params_rfe_proxy_lsvr_C,params_rfe_proxy_lsvr_epsilon,params_rfe_proxy_type,params_ridge_alpha,params_ridge_solver,params_use_scaler,user_attrs_d2mae_ci_lower_val,user_attrs_d2mae_ci_upper_val,user_attrs_d2mae_df_val,user_attrs_d2mae_mean_val,user_attrs_d2mae_samperror_val,user_attrs_d2mae_std_val,user_attrs_d2mae_t_critical_val,user_attrs_mae_ci_lower_val,user_attrs_mae_ci_upper_val,user_attrs_mae_df_val,user_attrs_mae_mean_val,user_attrs_mae_samperror_val,user_attrs_mae_std_val,user_attrs_mae_t_critical_val,user_attrs_mape_ci_lower_val,user_attrs_mape_ci_upper_val,user_attrs_mape_df_val,user_attrs_mape_mean_val,user_attrs_mape_samperror_val,user_attrs_mape_std_val,user_attrs_mape_t_critical_val,user_attrs_max_error_ci_lower_val,user_attrs_max_error_ci_upper_val,user_attrs_max_error_df_val,user_attrs_max_error_mean_val,user_attrs_max_error_samperror_val,user_attrs_max_error_std_val,user_attrs_max_error_t_critical_val,user_attrs_median_ae_ci_lower_val,user_attrs_median_ae_ci_upper_val,user_attrs_median_ae_df_val,user_attrs_median_ae_mean_val,user_attrs_median_ae_samperror_val,user_attrs_median_ae_std_val,user_attrs_median_ae_t_critical_val,user_attrs_n_splits_val,user_attrs_r2_below_zero_val,user_attrs_r2_ci_lower_val,user_attrs_r2_ci_upper_val,user_attrs_r2_df_val,user_attrs_r2_mean_val,user_attrs_r2_samperror_val,user_attrs_r2_std_val,user_attrs_r2_t_critical_val,user_attrs_regressor_final,user_attrs_rfe_estimator,user_attrs_rfe_n_features,user_attrs_rfe_selected_features,user_attrs_rho_ci_lower_val,user_attrs_rho_ci_upper_val,user_attrs_rho_df_val,user_attrs_rho_mean_val,user_attrs_rho_samperror_val,user_attrs_rho_std_val,user_attrs_rho_t_critical_val,user_attrs_rmse_ci_lower_val,user_attrs_rmse_ci_upper_val,user_attrs_rmse_df_val,user_attrs_rmse_mean_val,user_attrs_rmse_samperror_val,user_attrs_rmse_std_val,user_attrs_rmse_t_critical_val,user_attrs_termination_reason,user_attrs_use_scaler_final,state
43,1.7267346938775514,2026-06-09 20:33:25.263097,2026-06-09 20:33:27.608170,0 days 00:00:02.345073,,,,,,,,,,,,,,4.029425065807371,QuantileRegressor,,,,,,4,,,,,,,,,,True,0.0,0.0,99.0,0.0,0.0,0.0,1.9842169515864174,1.7031374778322412,1.7503319099228616,99.0,1.7267346938775514,0.02359721604531007,0.1189245763999933,1.9842169515864174,0.25246813985070143,0.26901913477943035,99.0,0.2607436373150659,0.00827549746436443,0.04170661609229787,1.9842169515864174,5.793945163506869,6.0860548364931315,99.0,5.94,0.14605483649313133,0.7360829992726241,1.9842169515864174,1.0629339295594078,1.197066070440592,99.0,1.13,0.06706607044059207,0.3379976689896311,1.9842169515864174,100.0,0.98,-0.01420775331224791,-0.00957015621698071,99.0,-0.01188895476461431,0.0023187985476336007,0.011686214785029828,1.9842169515864174,QuantileRegressor,"{'mode': 'original', 'type': 'QuantileRegressor'}",4,"['z_atd_T2W10', 'z_density_T2W10', 'z_diameter_T2W10', 'z_asp_T2W10']",,,,,,,,2.2166159716888822,2.286235772439345,99.0,2.2514258720641136,0.034809900375231545,0.1754339430847035,1.9842169515864174,completed,True,COMPLETE
44,1.7449507446331407,2026-06-09 20:33:27.621221,2026-06-09 20:33:29.316230,0 days 00:00:01.695009,,,,,,,,,,,,,,,LinearRegression,,,,,,6,,,,,,,,,,True,-0.019068773940894665,-0.001965540408922795,99.0,-0.01051715717490873,0.008551616765985936,0.04309819427330647,1.9842169515864174,1.7166914815264427,1.7732100077398387,99.0,1.7449507446331407,0.02825926310669797,0.1424202282119613,1.9842169515864174,0.25830548938668557,0.27653924818150893,99.0,0.26742236878409725,0.009116879397411707,0.04594698876109589,1.9842169515864174,5.860351550419972,6.0699971278065,99.0,5.965174339113236,0.10482278869326372,0.5282829007657455,1.9842169515864174,1.4250253488277989,1.4807433011951163,99.0,1.4528843250114576,0.02785897618365867,0.14040287359396317,1.9842169515864174,100.0,0.38,-0.0004191496903566509,0.026980018432869828,99.0,0.013280434371256589,0.01369958406161324,0.06904277302267867,1.9842169515864174,LinearRegression,"{'mode': 'original', 'type': 'LinearRegression'}",6,"['z_re_T2W10', 'z_pe_T2W10', 'z_l2_T2W10', 'z_lsc_T2W10', 'z_density_T2W10', 'z_asp_T2W10']",0.1427616911415341,0.18816820025052844,99.0,0.16546494569603126,0.022703254554497176,0.11441921477560965,1.9842169515864174,2.1840559269152275,2.2602133854034645,99.0,2.222134656159346,0.03807872924411858,0.1919080935866108,1.9842169515864174,completed,True,COMPLETE
45,1.7463571428571427,2026-06-09 20:33:29.329943,2026-06-09 20:33:31.041574,0 days 00:00:01.711631,,,,,,,,,,,euclidean,20.0,uniform,,KNeighborsRegressor,,,,,,2,,,,,0.001196941897928539,0.32627663184544825,LinearSVR,,,True,-0.01818843756442959,-0.004401992947467715,99.0,-0.011295215255948654,0.006893222308480939,0.03474026518607092,1.9842169515864174,1.719469945994629,1.7732443397196564,99.0,1.7463571428571427,0.02688719686251374,0.13550532788774403,1.9842169515864174,0.26039143366347556,0.2785248304578906,99.0,0.2694581320606831,0.009066698397207534,0.045694087987498265,1.9842169515864174,5.856373477352522,6.119626522647479,99.0,5.988,0.13162652264747854,0.6633675946687219,1.9842169515864174,1.3405359859363006,1.3984640140636992,99.0,1.3695,0.028964014063699216,0.14597201198458648,1.9842169515864174,100.0,0.57,-0.02277522917415516,0.0006671585554639189,99.0,-0.01105403530934562,0.01172119386480954,0.05907213853524552,1.9842169515864174,KNeighborsRegressor,"{'mode': 'proxy', 'type': 'LinearSVR'}",2,"['z_atd_T2W10', 'z_asp_T2W10']",0.09242723255409088,0.14140144012702163,99.0,0.11691433634055626,0.02448710378646538,0.1234094072570416,1.9842169515864174,2.212228775775556,2.2875520556225415,99.0,2.2498904156990487,0.03766163992349266,0.18980605872448322,1.9842169515864174,completed,True,COMPLETE
46,1.7267346938775514,2026-06-09 20:33:31.054637,2026-06-09 20:33:33.248938,0 days 00:00:02.194301,,,,,,,,,,,,,,9.33746144027529,QuantileRegressor,,,,,,5,,,,,,,,,,True,0.0,0.0,99.0,0.0,0.0,0.0,1.9842169515864174,1.7031374778322412,1.7503319099228616,99.0,1.7267346938775514,0.02359721604531007,0.1189245763999933,1.9842169515864174,0.25246813985070143,0.26901913477943035,99.0,0.2607436373150659,0.00827549746436443,0.04170661609229787,1.9842169515864174,5.793945163506869,6.0860548364931315,99.0,5.94,0.14605483649313133,0.7360829992726241,1.9842169515864174,1.0629339295594078,1.197066070440592,99.0,1.13,0.06706607044059207,0.3379976689896311,1.9842169515864174,100.0,0.98,-0.01420775331224791,-0.00957015621698071,99.0,-0.01188895476461431,0.0023187985476336007,0.011686214785029828,1.9842169515864174,QuantileRegressor,"{'mode': 'original', 'type': 'QuantileRegressor'}",5,"['z_lsc_T2W10', 'z_atd_T2W10', 'z_density_T2W10', 'z_diameter_T2W10', 'z_asp_T2W10']",,,,,,,,2.2166159716888822,2.286235772439345,99.0,2.2514258720641136,0.034809900375231545,0.1754339430847035,1.9842169515864174,completed,True,COMPLETE
47,1.740439084834097,2026-06-09 20:33:33.310115,2026-06-09 20:33:44.235667,0 days 00:00:10.925552,,,,,,19.0,,5.0,12.0,104.0,,,,,ExtraTreesRegressor,,,,,,4,,,,,,,,,,True,-0.013896176612603405,-0.001626102185735754,99.0,-0.00776113939916958,0.006135037213433826,0.030919185568537514,1.9842169515864174,1.7135703894452188,1.767307780222975,99.0,1.740439084834097,0.026868695388878046,0.1354120846886024,1.9842169515864174,0.2596280248691821,0.27763448510114747,99.0,0.26863125498516477,0.009003230115982721,0.0453742223539844,1.9842169515864174,5.817561029447842,6.048170266835313,99.0,5.932865648141577,0.11530461869373572,0.58110892864587,1.9842169515864174,1.3854638567321893,1.4446451093942874,99.0,1.4150544830632383,0.029590626331049117,0.14912999461773005,1.9842169515864174,100.0,0.45,0.001077915791539789,0.021068775946585357,99.0,0.011073345869062574,0.009995430077522785,0.05037468342124211,1.9842169515864174,ExtraTreesRegressor,"{'mode': 'original', 'type': 'ExtraTreesRegressor'}",4,"['z_l1_T2W10', 'z_l3_T2W10', 'z_atd_T2W10', 'z_asp_T2W10']",0.12497063925804947,0.1726881400816514,99.0,0.14882938966985043,0.023858750411800963,0.12024264984091311,1.9842169515864174,2.187816389738332,2.263921472626775,99.0,2.2258689311825535,0.0380525414442214,0.19177611305960118,1.9842169515864174,completed,True,COMPLETE
48,1.7478128676834788,2026-06-09 20:33:44.248485,2026-06-09 20:33:46.024977,0 days 00:00:01.776492,,,,0.0011169043659074512,0.27344691144474764,,,,,,,,,,ElasticNet,,,,,,7,,,,,,,,,,False,-0.019088139363700834,-0.004864839195290709,99.0,-0.011976489279495772,0.007111650084205063,0.03584109126030382,1.9842169515864174,1.719878856399407,1.7757468789675506,99.0,1.7478128676834788,0.027934011284071848,0.14078103335292091,1.9842169515864174,0.25983385660377545,0.27830442322759086,99.0,0.26906913991568315,0.009235283311907696,0.04654371743232977,1.9842169515864174,5.884456277976446,6.091474393233082,99.0,5.987965335604764,0.1035090576283178,0.5216619964140535,1.9842169515864174,1.4139393793260295,1.466763639381144,99.0,1.4403515093535868,0.026412130027557275,0.13311109960249204,1.9842169515864174,100.0,0.44,-0.0023226453626549355,0.019997018000445937,99.0,0.0088371863188955,0.011159831681550436,0.05624300141488031,1.9842169515864174,ElasticNet,"{'mode': 'original', 'type': 'ElasticNet'}",7,"['z_re_T2W10', 'z_pe_T2W10', 'z_l2_T2W10', 'z_l3_T2W10', 'z_lsc_T2W10', 'z_density_T2W10', 'z_asp_T2W10']",0.11997473810926927,0.1634264361540674,99.0,0.14170058713166833,0.021725849022399064,0.10949331425189597,1.9842169515864174,2.189614700008078,2.2668491114347376,99.0,2.2282319057214077,0.03861720571332989,0.19462189193805007,1.9842169515864174,completed,False,COMPLETE
49,1.7267346938775514,2026-06-09 20:33:46.048592,2026-06-09 20:33:48.220223,0 days 00:00:02.171631,,,,,,,,,,,,,,0.0959916374420221,QuantileRegressor,,,,,,6,,,,,,,,,,True,0.0,0.0,99.0,0.0,0.0,0.0,1.9842169515864174,1.7031374778322412,1.7503319099228616,99.0,1.7267346938775514,0.02359721604531007,0.1189245763999933,1.9842169515864174,0.25246813985070143,0.26901913477943035,99.0,0.2607436373150659,0.00827549746436443,0.04170661609229787,1.9842169515864174,5.793945163506869,6.0860548364931315,99.0,5.94,0.14605483649313133,0.7360829992726241,1.9842169515864174,1.0629339295594078,1.197066070440592,99.0,1.13,0.06706607044059207,0.3379976689896311,1.9842169515864174,100.0,0.98,-0.01420775331224791,-0.00957015621698071,99.0,-0.01188895476461431,0.0023187985476336007,0.011686214785029828,1.9842169515864174,QuantileRegressor,"{'mode': 'original', 'type': 'QuantileRegressor'}",6,"['z_l3_T2W10', 'z_lsc_T2W10', 'z_atd_T2W10', 'z_density_T2W10', 'z_diameter_T2W10', 'z_asp_T2W10']",,,,,,,,2.2166159716888822,2.286235772439345,99.0,2.2514258720641136,0.034809900375231545,0.1754339430847035,1.9842169515864174,completed,True,COMPLETE
50,1.7461951272609086,2026-06-09 20:33:48.232271,2026-06-09 20:34:06.422877,0 days 00:00:18.190606,,,,,,,,,,,,,,,RandomForestRegressor,2.0,,1.0,2.0,150.0,5,,,,,,,,,,True,-0.016627853252779455,-0.005604004200596159,99.0,-0.011115928726687808,0.005511924526091649,0.02777884001890401,1.9842169515864174,1.7196178879844606,1.7727723665373567,99.0,1.7461951272609086,0.0265772392764481,0.13394321248590843,1.9842169515864174,0.26099708805592486,0.2792902636777725,99.0,0.2701436758668487,0.009146587810923831,0.04609671237618935,1.9842169515864174,5.928789978175737,6.177558689920157,99.0,6.053174334047947,0.12438435587221014,0.6268687291113132,1.9842169515864174,1.3815292584132728,1.4428491701762443,99.0,1.4121892142947585,0.030659955881485706,0.15451917118726619,1.9842169515864174,100.0,0.49,-0.011153636431708438,0.006630667601547988,99.0,-0.0022614844150802248,0.008892152016628213,0.04481441411695821,1.9842169515864174,RandomForestRegressor,"{'mode': 'original', 'type': 'RandomForestRegressor'}",5,"['z_l1_T2W10', 'z_l3_T2W10', 'z_atd_T2W10', 'z_diameter_T2W10', 'z_asp_T2W10']",0.09951070283845412,0.14843339138321365,99.0,0.12397204711083389,0.024461344272379764,0.1232795851926498,1.9842169515864174,2.202972440825063,2.2790041656161253,99.0,2.240988303220594,0.03801586239553116,0.19159125903614918,1.9842169515864174,completed,True,COMPLETE
51,1.727049802200493,2026-06-09 20:34:06.438298,2026-06-09 20:34:08.683897,0 days 00:00:02.245599,,,,,,,,,,,,,,0.04765047194903787,QuantileRegressor,,,,,,6,,,,,,,,,,True,-0.0003916814504563323,3.881893255753909e-05,99.0,-0.0001764312589493966,0.0002152501915069357,0.0010848117759241964,1.9842169515864174,1.7034172686377396,1.7506823357632464,99.0,1.727049802200493,0.02363253356275352,0.11910256861710049,1.9842169515864174,0.25261475978818204,0.2692018485989366,99.0,0.2609083041935593,0.008293544405377249,0.04179756855089062,1.9842169515864174,5.800319855774715,6.091361739423991,99.0,5.945840797599353,0.14552094182463837,0.7333922921497659,1.9842169515864174,1.0711884866152812,1.2054919962677637,99.0,1.1383402414415225,0.06715175482624132,0.3384294987125892,1.9842169515864174,100.0,0.97,-0.014183270912665986,-0.009538632157746408,99.0,-0.011860951535206197,0.0023223193774597893,0.011703958962768931,1.9842169515864174,QuantileRegressor,"{'mode': 'original', 'type': 'QuantileRegressor'}",6,"['z_l3_T2W10', 'z_lsc_T2W10', 'z_atd_T2W10', 'z_density_T2W10', 'z_diameter_T2W10', 'z_asp_T2W10']",-0.08420705578887905,0.20116052010081092,2.0,0.05847673215596594,0.142683787944845,0.05743795413190261,4.302652729749462,2.2165860124702985,2.2862016293357663,99.0,2.2513938209030324,0.03480780843273403,0.17542340017256963,1.9842169515864174,completed,True,COMPLETE
52,1.771940287325192,2026-06-09 20:34:08.719091,2026-06-09 20:34:08.944301,0 days 00:00:00.225210,,,,,,,,,,,,,,0.027723656527435952,QuantileRegressor,,,,,,6,,,,,,,,,,True,,,,,,,,,,,,,,,,,,,,,,,,,,,,,,,,,,,,,,,,,,,,,QuantileRegressor,"{'mode': 'original', 'type': 'QuantileRegressor'}",6,"['z_l3_T2W10', 'z_lsc_T2W10', 'z_atd_T2W10', 'z_density_T2W10', 'z_diameter_T2W10', 'z_asp_T2W10']",,,,,,,,,,,,,,,pruned,True,PRUNED
53,1.7267346938775514,2026-06-09 20:34:08.953676,2026-06-09 20:34:11.102637,0 days 00:00:02.148961,,,,,,,,,,,,,,0.3272863032127048,QuantileRegressor,,,,,,5,,,,,,,,,,True,0.0,0.0,99.0,0.0,0.0,0.0,1.9842169515864174,1.7031374778322412,1.7503319099228616,99.0,1.7267346938775514,0.02359721604531007,0.1189245763999933,1.9842169515864174,0.25246813985070143,0.26901913477943035,99.0,0.2607436373150659,0.00827549746436443,0.04170661609229787,1.9842169515864174,5.793945163506869,6.0860548364931315,99.0,5.94,0.14605483649313133,0.7360829992726241,1.9842169515864174,1.0629339295594078,1.197066070440592,99.0,1.13,0.06706607044059207,0.3379976689896311,1.9842169515864174,100.0,0.98,-0.01420775331224791,-0.00957015621698071,99.0,-0.01188895476461431,0.0023187985476336007,0.011686214785029828,1.9842169515864174,QuantileRegressor,"{'mode': 'original', 'type': 'QuantileRegressor'}",5,"['z_lsc_T2W10', 'z_atd_T2W10', 'z_density_T2W10', 'z_diameter_T2W10', 'z_asp_T2W10']",,,,,,,,2.2166159716888822,2.286235772439345,99.0,2.2514258720641136,0.034809900375231545,0.1754339430847035,1.9842169515864174,completed,True,COMPLETE
54,1.7267346938775514,2026-06-09 20:34:11.115829,2026-06-09 20:34:13.395558,0 days 00:00:02.279729,,,,,,,,,,,,,,2.9990164572756943,QuantileRegressor,,,,,,7,,,,,,,,,,True,0.0,0.0,99.0,0.0,0.0,0.0,1.9842169515864174,1.7031374778322412,1.7503319099228616,99.0,1.7267346938775514,0.02359721604531007,0.1189245763999933,1.9842169515864174,0.25246813985070143,0.26901913477943035,99.0,0.2607436373150659,0.00827549746436443,0.04170661609229787,1.9842169515864174,5.793945163506869,6.0860548364931315,99.0,5.94,0.14605483649313133,0.7360829992726241,1.9842169515864174,1.0629339295594078,1.197066070440592,99.0,1.13,0.06706607044059207,0.3379976689896311,1.9842169515864174,100.0,0.98,-0.01420775331224791,-0.00957015621698071,99.0,-0.01188895476461431,0.0023187985476336007,0.011686214785029828,1.9842169515864174,QuantileRegressor,"{'mode': 'original', 'type': 'QuantileRegressor'}",7,"['z_l2_T2W10', 'z_l3_T2W10', 'z_lsc_T2W10', 'z_atd_T2W10', 'z_density_T2W10', 'z_diameter_T2W10', 'z_asp_T2W10']",,,,,,,,2.2166159716888822,2.286235772439345,99.0,2.2514258720641136,0.034809900375231545,0.1754339430847035,1.9842169515864174,completed,True,COMPLETE
55,2.086415577685908,2026-06-09 20:34:13.407722,2026-06-09 20:34:13.588060,0 days 00:00:00.180338,6.0,1.0,19.0,,,,,,,,,,,,DecisionTreeRegressor,,,,,,4,,,,,,,,,,True,,,,,,,,,,,,,,,,,,,,,,,,,,,,,,,,,,,,,,,,,,,,,DecisionTreeRegressor,"{'mode': 'original', 'type': 'DecisionTreeRegressor'}",4,"['z_re_T2W10', 'z_pe_T2W10', 'z_l3_T2W10', 'z_atd_T2W10']",,,,,,,,,,,,,,,pruned,True,PRUNED
56,1.7267346938775514,2026-06-09 20:34:13.597722,2026-06-09 20:34:15.925087,0 days 00:00:02.327365,,,,,,,,,,,,,,1.0220077059826767,QuantileRegressor,,,,,,6,,,,,,,,,,True,0.0,0.0,99.0,0.0,0.0,0.0,1.9842169515864174,1.7031374778322412,1.7503319099228616,99.0,1.7267346938775514,0.02359721604531007,0.1189245763999933,1.9842169515864174,0.25246813985070143,0.26901913477943035,99.0,0.2607436373150659,0.00827549746436443,0.04170661609229787,1.9842169515864174,5.793945163506869,6.0860548364931315,99.0,5.94,0.14605483649313133,0.7360829992726241,1.9842169515864174,1.0629339295594078,1.197066070440592,99.0,1.13,0.06706607044059207,0.3379976689896311,1.9842169515864174,100.0,0.98,-0.01420775331224791,-0.00957015621698071,99.0,-0.01188895476461431,0.0023187985476336007,0.011686214785029828,1.9842169515864174,QuantileRegressor,"{'mode': 'original', 'type': 'QuantileRegressor'}",6,"['z_l3_T2W10', 'z_lsc_T2W10', 'z_atd_T2W10', 'z_density_T2W10', 'z_diameter_T2W10', 'z_asp_T2W10']",,,,,,,,2.2166159716888822,2.286235772439345,99.0,2.2514258720641136,0.034809900375231545,0.1754339430847035,1.9842169515864174,completed,True,COMPLETE
57,1.7463636424208366,2026-06-09 20:34:15.939104,2026-06-09 20:34:16.143146,0 days 00:00:00.204042,,,,,,,,,,,,,,,Ridge,,,,,,9,,,,,,,,0.1871829875911905,lsqr,True,,,,,,,,,,,,,,,,,,,,,,,,,,,,,,,,,,,,,,,,,,,,,Ridge,"{'mode': 'original', 'type': 'Ridge'}",9,"['z_re_T2W10', 'z_pe_T2W10', 'z_l1_T2W10', 'z_l2_T2W10', 'z_l3_T2W10', 'z_lsc_T2W10', 'z_density_T2W10', 'z_diameter_T2W10', 'z_asp_T2W10']",,,,,,,,,,,,,,,pruned,True,PRUNED
58,1.7267346938775514,2026-06-09 20:34:16.153232,2026-06-09 20:34:18.309239,0 days 00:00:02.156007,,,,,,,,,,,,,,3.2032970063217094,QuantileRegressor,,,,,,5,,,,,,,,,,False,0.0,0.0,99.0,0.0,0.0,0.0,1.9842169515864174,1.7031374778322412,1.7503319099228616,99.0,1.7267346938775514,0.02359721604531007,0.1189245763999933,1.9842169515864174,0.25246813985070143,0.26901913477943035,99.0,0.2607436373150659,0.00827549746436443,0.04170661609229787,1.9842169515864174,5.793945163506869,6.0860548364931315,99.0,5.94,0.14605483649313133,0.7360829992726241,1.9842169515864174,1.0629339295594078,1.197066070440592,99.0,1.13,0.06706607044059207,0.3379976689896311,1.9842169515864174,100.0,0.98,-0.01420775331224791,-0.00957015621698071,99.0,-0.01188895476461431,0.0023187985476336007,0.011686214785029828,1.9842169515864174,QuantileRegressor,"{'mode': 'original', 'type': 'QuantileRegressor'}",5,"['z_lsc_T2W10', 'z_atd_T2W10', 'z_density_T2W10', 'z_diameter_T2W10', 'z_asp_T2W10']",,,,,,,,2.2166159716888822,2.286235772439345,99.0,2.2514258720641136,0.034809900375231545,0.1754339430847035,1.9842169515864174,completed,False,COMPLETE
59,1.7388279320329159,2026-06-09 20:34:18.321203,2026-06-09 20:34:20.155004,0 days 00:00:01.833801,,,,,,,,,,,,,,,LinearRegression,,,,,,5,,,,,,,,,,True,-0.01541154841602174,0.0014913224950845547,99.0,-0.006960112960468593,0.008451435455553147,0.042593303362296504,1.9842169515864174,1.7106996806063282,1.7669561834595036,99.0,1.7388279320329159,0.028128251426587682,0.14175995928317534,1.9842169515864174,0.25797862706660096,0.2761537677643395,99.0,0.2670661974154702,0.009087570348869239,0.04579927785418606,1.9842169515864174,5.906439427378288,6.118067401221584,99.0,6.012253414299936,0.10581398692164787,0.5332783133268147,1.9842169515864174,1.4159736912346401,1.4702447286280742,99.0,1.4431092099313572,0.027135518696717126,0.1367568131852809,1.9842169515864174,100.0,0.35,0.0022659759114094687,0.02962905834736677,99.0,0.01594751712938812,0.013681541217978651,0.06895184121393585,1.9842169515864174,LinearRegression,"{'mode': 'original', 'type': 'LinearRegression'}",5,"['z_re_T2W10', 'z_pe_T2W10', 'z_l2_T2W10', 'z_density_T2W10', 'z_asp_T2W10']",0.1507682969906291,0.19690898510263527,99.0,0.1738386410466322,0.02307034405600307,0.11626926197539997,1.9842169515864174,2.180881624705364,2.2576997482519374,99.0,2.219290686478651,0.03840906177328663,0.19357289404557243,1.9842169515864174,completed,True,COMPLETE
