number,value,datetime_start,datetime_complete,duration,params_dt_max_depth,params_dt_min_samples_leaf,params_dt_min_samples_split,params_elastic_alpha,params_elastic_l1_ratio,params_et_max_depth,params_et_max_features,params_et_min_samples_leaf,params_et_min_samples_split,params_et_n_estimators,params_knn_metric,params_knn_n_neighbors,params_knn_weights,params_quantile_alpha,params_regressor,params_rf_max_depth,params_rf_max_features,params_rf_min_samples_leaf,params_rf_min_samples_split,params_rf_n_estimators,params_rfe_n_features,params_rfe_proxy_et_max_depth,params_rfe_proxy_et_min_samples_leaf,params_rfe_proxy_et_min_samples_split,params_rfe_proxy_et_n_estimators,params_rfe_proxy_lsvr_C,params_rfe_proxy_lsvr_epsilon,params_rfe_proxy_type,params_ridge_alpha,params_ridge_solver,params_use_scaler,user_attrs_d2mae_ci_lower_val,user_attrs_d2mae_ci_upper_val,user_attrs_d2mae_df_val,user_attrs_d2mae_mean_val,user_attrs_d2mae_samperror_val,user_attrs_d2mae_std_val,user_attrs_d2mae_t_critical_val,user_attrs_mae_ci_lower_val,user_attrs_mae_ci_upper_val,user_attrs_mae_df_val,user_attrs_mae_mean_val,user_attrs_mae_samperror_val,user_attrs_mae_std_val,user_attrs_mae_t_critical_val,user_attrs_mape_ci_lower_val,user_attrs_mape_ci_upper_val,user_attrs_mape_df_val,user_attrs_mape_mean_val,user_attrs_mape_samperror_val,user_attrs_mape_std_val,user_attrs_mape_t_critical_val,user_attrs_max_error_ci_lower_val,user_attrs_max_error_ci_upper_val,user_attrs_max_error_df_val,user_attrs_max_error_mean_val,user_attrs_max_error_samperror_val,user_attrs_max_error_std_val,user_attrs_max_error_t_critical_val,user_attrs_median_ae_ci_lower_val,user_attrs_median_ae_ci_upper_val,user_attrs_median_ae_df_val,user_attrs_median_ae_mean_val,user_attrs_median_ae_samperror_val,user_attrs_median_ae_std_val,user_attrs_median_ae_t_critical_val,user_attrs_n_splits_val,user_attrs_r2_below_zero_val,user_attrs_r2_ci_lower_val,user_attrs_r2_ci_upper_val,user_attrs_r2_df_val,user_attrs_r2_mean_val,user_attrs_r2_samperror_val,user_attrs_r2_std_val,user_attrs_r2_t_critical_val,user_attrs_regressor_final,user_attrs_rfe_estimator,user_attrs_rfe_n_features,user_attrs_rfe_selected_features,user_attrs_rho_ci_lower_val,user_attrs_rho_ci_upper_val,user_attrs_rho_df_val,user_attrs_rho_mean_val,user_attrs_rho_samperror_val,user_attrs_rho_std_val,user_attrs_rho_t_critical_val,user_attrs_rmse_ci_lower_val,user_attrs_rmse_ci_upper_val,user_attrs_rmse_df_val,user_attrs_rmse_mean_val,user_attrs_rmse_samperror_val,user_attrs_rmse_std_val,user_attrs_rmse_t_critical_val,user_attrs_termination_reason,user_attrs_use_scaler_final,state
132,1.7267346938775514,2026-06-09 20:38:01.871975,2026-06-09 20:38:04.273906,0 days 00:00:02.401931,,,,,,,,,,,,,,1.1113429908984351,QuantileRegressor,,,,,,5,,,,,,,,,,True,0.0,0.0,99.0,0.0,0.0,0.0,1.9842169515864174,1.7031374778322412,1.7503319099228616,99.0,1.7267346938775514,0.02359721604531007,0.1189245763999933,1.9842169515864174,0.25246813985070143,0.26901913477943035,99.0,0.2607436373150659,0.00827549746436443,0.04170661609229787,1.9842169515864174,5.793945163506869,6.0860548364931315,99.0,5.94,0.14605483649313133,0.7360829992726241,1.9842169515864174,1.0629339295594078,1.197066070440592,99.0,1.13,0.06706607044059207,0.3379976689896311,1.9842169515864174,100.0,0.98,-0.01420775331224791,-0.00957015621698071,99.0,-0.01188895476461431,0.0023187985476336007,0.011686214785029828,1.9842169515864174,QuantileRegressor,"{'mode': 'original', 'type': 'QuantileRegressor'}",5,"['z_lsc_T2W10', 'z_atd_T2W10', 'z_density_T2W10', 'z_diameter_T2W10', 'z_asp_T2W10']",,,,,,,,2.2166159716888822,2.286235772439345,99.0,2.2514258720641136,0.034809900375231545,0.1754339430847035,1.9842169515864174,completed,True,COMPLETE
133,1.7267346938775514,2026-06-09 20:38:04.286236,2026-06-09 20:38:06.563050,0 days 00:00:02.276814,,,,,,,,,,,,,,5.493701069106408,QuantileRegressor,,,,,,4,,,,,,,,,,True,0.0,0.0,99.0,0.0,0.0,0.0,1.9842169515864174,1.7031374778322412,1.7503319099228616,99.0,1.7267346938775514,0.02359721604531007,0.1189245763999933,1.9842169515864174,0.25246813985070143,0.26901913477943035,99.0,0.2607436373150659,0.00827549746436443,0.04170661609229787,1.9842169515864174,5.793945163506869,6.0860548364931315,99.0,5.94,0.14605483649313133,0.7360829992726241,1.9842169515864174,1.0629339295594078,1.197066070440592,99.0,1.13,0.06706607044059207,0.3379976689896311,1.9842169515864174,100.0,0.98,-0.01420775331224791,-0.00957015621698071,99.0,-0.01188895476461431,0.0023187985476336007,0.011686214785029828,1.9842169515864174,QuantileRegressor,"{'mode': 'original', 'type': 'QuantileRegressor'}",4,"['z_atd_T2W10', 'z_density_T2W10', 'z_diameter_T2W10', 'z_asp_T2W10']",,,,,,,,2.2166159716888822,2.286235772439345,99.0,2.2514258720641136,0.034809900375231545,0.1754339430847035,1.9842169515864174,completed,True,COMPLETE
134,1.776501457725948,2026-06-09 20:38:06.576472,2026-06-09 20:38:08.730615,0 days 00:00:02.154143,,,,,,,,,,,manhattan,14.0,uniform,,KNeighborsRegressor,,,,,,5,12.0,5.0,11.0,80.0,,,ExtraTrees,,,True,-0.03801195453832667,-0.020401441773672188,99.0,-0.02920669815599943,0.008805256382327238,0.044376479977591546,1.9842169515864174,1.7496639552828959,1.803338960169,99.0,1.776501457725948,0.026837502443052098,0.13525487936989464,1.9842169515864174,0.2628762043891012,0.28049109255108207,99.0,0.27168364847009163,0.008807444080990419,0.04438750547891806,1.9842169515864174,5.793856946679481,6.030428767606232,99.0,5.9121428571428565,0.11828591046337528,0.5961339578759447,1.9842169515864174,1.4011476748091178,1.4731380394765972,99.0,1.4371428571428575,0.035995182333739606,0.18140749329331557,1.9842169515864174,100.0,0.62,-0.04697639335024378,-0.015546948270894513,99.0,-0.031261670810569145,0.015714722539674632,0.07919861044988263,1.9842169515864174,KNeighborsRegressor,"{'mode': 'proxy', 'type': 'ExtraTrees'}",5,"['z_l1_T2W10', 'z_l3_T2W10', 'z_atd_T2W10', 'z_diameter_T2W10', 'z_asp_T2W10']",0.05310449252185918,0.1072043726388992,99.0,0.08015443258037919,0.02704994005852001,0.13632551640531593,1.9842169515864174,2.2342293009838206,2.3054960502093214,99.0,2.269862675596571,0.03563337461275043,0.17958406506032973,1.9842169515864174,completed,True,COMPLETE
135,1.7267346938775514,2026-06-09 20:38:08.745159,2026-06-09 20:38:10.892592,0 days 00:00:02.147433,,,,,,,,,,,,,,2.4114612482378264,QuantileRegressor,,,,,,7,,,,,,,,,,True,0.0,0.0,99.0,0.0,0.0,0.0,1.9842169515864174,1.7031374778322412,1.7503319099228616,99.0,1.7267346938775514,0.02359721604531007,0.1189245763999933,1.9842169515864174,0.25246813985070143,0.26901913477943035,99.0,0.2607436373150659,0.00827549746436443,0.04170661609229787,1.9842169515864174,5.793945163506869,6.0860548364931315,99.0,5.94,0.14605483649313133,0.7360829992726241,1.9842169515864174,1.0629339295594078,1.197066070440592,99.0,1.13,0.06706607044059207,0.3379976689896311,1.9842169515864174,100.0,0.98,-0.01420775331224791,-0.00957015621698071,99.0,-0.01188895476461431,0.0023187985476336007,0.011686214785029828,1.9842169515864174,QuantileRegressor,"{'mode': 'original', 'type': 'QuantileRegressor'}",7,"['z_l2_T2W10', 'z_l3_T2W10', 'z_lsc_T2W10', 'z_atd_T2W10', 'z_density_T2W10', 'z_diameter_T2W10', 'z_asp_T2W10']",,,,,,,,2.2166159716888822,2.286235772439345,99.0,2.2514258720641136,0.034809900375231545,0.1754339430847035,1.9842169515864174,completed,True,COMPLETE
136,1.7425832538542372,2026-06-09 20:38:10.904727,2026-06-09 20:38:18.345508,0 days 00:00:07.440781,,,,,,15.0,sqrt,2.0,2.0,54.0,,,,,ExtraTreesRegressor,,,,,,6,,,,,,,,,,True,-0.014883342239713857,-0.003442607730259923,99.0,-0.00916297498498689,0.005720367254726967,0.02882934373760606,1.9842169515864174,1.7166877035528392,1.7684788041556352,99.0,1.7425832538542372,0.025895550301398066,0.13050765583216142,1.9842169515864174,0.2596702987429056,0.27706740214865055,99.0,0.2683688504457781,0.008698551702872495,0.04383871277744022,1.9842169515864174,5.709733262295345,5.94658650060907,99.0,5.8281598814522075,0.11842661915686224,0.5968430975361743,1.9842169515864174,1.3973062783687724,1.4554327292083045,99.0,1.4263695037885384,0.029063225419766133,0.14647201454724776,1.9842169515864174,100.0,0.37,0.0090474502663253,0.028534512488403857,99.0,0.01879098137736458,0.009743531111039278,0.049105170194464615,1.9842169515864174,ExtraTreesRegressor,"{'mode': 'original', 'type': 'ExtraTreesRegressor'}",6,"['z_l1_T2W10', 'z_l2_T2W10', 'z_l3_T2W10', 'z_atd_T2W10', 'z_diameter_T2W10', 'z_asp_T2W10']",0.1262260144935453,0.17206700194327673,99.0,0.14914650821841102,0.022920493724865706,0.11551405055047209,1.9842169515864174,2.1799760518105793,2.253530516298215,99.0,2.216753284054397,0.03677723224381799,0.1853488461249861,1.9842169515864174,completed,True,COMPLETE
137,1.7267346938775514,2026-06-09 20:38:18.358390,2026-06-09 20:38:20.561046,0 days 00:00:02.202656,,,,,,,,,,,,,,3.443036290661607,QuantileRegressor,,,,,,5,,,,,,,,,,True,0.0,0.0,99.0,0.0,0.0,0.0,1.9842169515864174,1.7031374778322412,1.7503319099228616,99.0,1.7267346938775514,0.02359721604531007,0.1189245763999933,1.9842169515864174,0.25246813985070143,0.26901913477943035,99.0,0.2607436373150659,0.00827549746436443,0.04170661609229787,1.9842169515864174,5.793945163506869,6.0860548364931315,99.0,5.94,0.14605483649313133,0.7360829992726241,1.9842169515864174,1.0629339295594078,1.197066070440592,99.0,1.13,0.06706607044059207,0.3379976689896311,1.9842169515864174,100.0,0.98,-0.01420775331224791,-0.00957015621698071,99.0,-0.01188895476461431,0.0023187985476336007,0.011686214785029828,1.9842169515864174,QuantileRegressor,"{'mode': 'original', 'type': 'QuantileRegressor'}",5,"['z_lsc_T2W10', 'z_atd_T2W10', 'z_density_T2W10', 'z_diameter_T2W10', 'z_asp_T2W10']",,,,,,,,2.2166159716888822,2.286235772439345,99.0,2.2514258720641136,0.034809900375231545,0.1754339430847035,1.9842169515864174,completed,True,COMPLETE
138,1.7267346938775514,2026-06-09 20:38:20.573300,2026-06-09 20:38:22.802169,0 days 00:00:02.228869,,,,,,,,,,,,,,1.6241418780404744,QuantileRegressor,,,,,,4,,,,,,,,,,True,0.0,0.0,99.0,0.0,0.0,0.0,1.9842169515864174,1.7031374778322412,1.7503319099228616,99.0,1.7267346938775514,0.02359721604531007,0.1189245763999933,1.9842169515864174,0.25246813985070143,0.26901913477943035,99.0,0.2607436373150659,0.00827549746436443,0.04170661609229787,1.9842169515864174,5.793945163506869,6.0860548364931315,99.0,5.94,0.14605483649313133,0.7360829992726241,1.9842169515864174,1.0629339295594078,1.197066070440592,99.0,1.13,0.06706607044059207,0.3379976689896311,1.9842169515864174,100.0,0.98,-0.01420775331224791,-0.00957015621698071,99.0,-0.01188895476461431,0.0023187985476336007,0.011686214785029828,1.9842169515864174,QuantileRegressor,"{'mode': 'original', 'type': 'QuantileRegressor'}",4,"['z_atd_T2W10', 'z_density_T2W10', 'z_diameter_T2W10', 'z_asp_T2W10']",,,,,,,,2.2166159716888822,2.286235772439345,99.0,2.2514258720641136,0.034809900375231545,0.1754339430847035,1.9842169515864174,completed,True,COMPLETE
139,1.7381980647731876,2026-06-09 20:38:22.814852,2026-06-09 20:38:24.632919,0 days 00:00:01.818067,,,,0.0023259568891957566,0.7415930972011997,,,,,,,,,,ElasticNet,,,,,,5,,,,,,,,,,True,-0.014628928975444022,0.0014821958615444056,99.0,-0.006573366556949808,0.008055562418494214,0.04059819372097213,1.9842169515864174,1.7103234690113505,1.7660726605350248,99.0,1.7381980647731876,0.027874595761837206,0.14048159269857544,1.9842169515864174,0.25805298680521127,0.27620465961266905,99.0,0.26712882320894016,0.009075836403728898,0.04574014145213608,1.9842169515864174,5.8962397227750625,6.104347008744178,99.0,6.00029336575962,0.1040536429845573,0.5244065821601036,1.9842169515864174,1.415485351670761,1.470837741382233,99.0,1.443161546526497,0.02767619485573593,0.13948169747067382,1.9842169515864174,100.0,0.34,0.004062767857135448,0.029828837811167415,99.0,0.01694580283415143,0.012883034977015984,0.06492755223523196,1.9842169515864174,ElasticNet,"{'mode': 'original', 'type': 'ElasticNet'}",5,"['z_re_T2W10', 'z_pe_T2W10', 'z_l2_T2W10', 'z_density_T2W10', 'z_asp_T2W10']",0.14681113977972407,0.19330713915707284,99.0,0.17005913946839846,0.02324799968867439,0.11716460576595313,1.9842169515864174,2.180124246262445,2.2566984758517052,99.0,2.218411361057075,0.03828711479463006,0.1929583091406351,1.9842169515864174,completed,True,COMPLETE
140,1.7267346938775514,2026-06-09 20:38:24.645511,2026-06-09 20:38:26.797503,0 days 00:00:02.151992,,,,,,,,,,,,,,0.0340852403963883,QuantileRegressor,,,,,,6,,,,,,,,,,False,0.0,0.0,99.0,0.0,0.0,0.0,1.9842169515864174,1.7031374778322412,1.7503319099228616,99.0,1.7267346938775514,0.02359721604531007,0.1189245763999933,1.9842169515864174,0.25246813985070143,0.26901913477943035,99.0,0.2607436373150659,0.00827549746436443,0.04170661609229787,1.9842169515864174,5.793945163506869,6.0860548364931315,99.0,5.94,0.14605483649313133,0.7360829992726241,1.9842169515864174,1.0629339295594078,1.197066070440592,99.0,1.13,0.06706607044059207,0.3379976689896311,1.9842169515864174,100.0,0.98,-0.01420775331224791,-0.00957015621698071,99.0,-0.01188895476461431,0.0023187985476336007,0.011686214785029828,1.9842169515864174,QuantileRegressor,"{'mode': 'original', 'type': 'QuantileRegressor'}",6,"['z_l3_T2W10', 'z_lsc_T2W10', 'z_atd_T2W10', 'z_density_T2W10', 'z_diameter_T2W10', 'z_asp_T2W10']",,,,,,,,2.2166159716888822,2.286235772439345,99.0,2.2514258720641136,0.034809900375231545,0.1754339430847035,1.9842169515864174,completed,False,COMPLETE
141,1.7267346938775514,2026-06-09 20:38:26.811341,2026-06-09 20:38:29.018924,0 days 00:00:02.207583,,,,,,,,,,,,,,0.7106102234651922,QuantileRegressor,,,,,,8,,,,,,,,,,True,0.0,0.0,99.0,0.0,0.0,0.0,1.9842169515864174,1.7031374778322412,1.7503319099228616,99.0,1.7267346938775514,0.02359721604531007,0.1189245763999933,1.9842169515864174,0.25246813985070143,0.26901913477943035,99.0,0.2607436373150659,0.00827549746436443,0.04170661609229787,1.9842169515864174,5.793945163506869,6.0860548364931315,99.0,5.94,0.14605483649313133,0.7360829992726241,1.9842169515864174,1.0629339295594078,1.197066070440592,99.0,1.13,0.06706607044059207,0.3379976689896311,1.9842169515864174,100.0,0.98,-0.01420775331224791,-0.00957015621698071,99.0,-0.01188895476461431,0.0023187985476336007,0.011686214785029828,1.9842169515864174,QuantileRegressor,"{'mode': 'original', 'type': 'QuantileRegressor'}",8,"['z_l1_T2W10', 'z_l2_T2W10', 'z_l3_T2W10', 'z_lsc_T2W10', 'z_atd_T2W10', 'z_density_T2W10', 'z_diameter_T2W10', 'z_asp_T2W10']",,,,,,,,2.2166159716888822,2.286235772439345,99.0,2.2514258720641136,0.034809900375231545,0.1754339430847035,1.9842169515864174,completed,True,COMPLETE
142,1.7267346938775514,2026-06-09 20:38:29.031328,2026-06-09 20:38:31.139892,0 days 00:00:02.108564,,,,,,,,,,,,,,6.72811391000157,QuantileRegressor,,,,,,5,,,,,,,,,,True,0.0,0.0,99.0,0.0,0.0,0.0,1.9842169515864174,1.7031374778322412,1.7503319099228616,99.0,1.7267346938775514,0.02359721604531007,0.1189245763999933,1.9842169515864174,0.25246813985070143,0.26901913477943035,99.0,0.2607436373150659,0.00827549746436443,0.04170661609229787,1.9842169515864174,5.793945163506869,6.0860548364931315,99.0,5.94,0.14605483649313133,0.7360829992726241,1.9842169515864174,1.0629339295594078,1.197066070440592,99.0,1.13,0.06706607044059207,0.3379976689896311,1.9842169515864174,100.0,0.98,-0.01420775331224791,-0.00957015621698071,99.0,-0.01188895476461431,0.0023187985476336007,0.011686214785029828,1.9842169515864174,QuantileRegressor,"{'mode': 'original', 'type': 'QuantileRegressor'}",5,"['z_lsc_T2W10', 'z_atd_T2W10', 'z_density_T2W10', 'z_diameter_T2W10', 'z_asp_T2W10']",,,,,,,,2.2166159716888822,2.286235772439345,99.0,2.2514258720641136,0.034809900375231545,0.1754339430847035,1.9842169515864174,completed,True,COMPLETE
143,1.7267346938775514,2026-06-09 20:38:31.152322,2026-06-09 20:38:33.324816,0 days 00:00:02.172494,,,,,,,,,,,,,,4.422794932549486,QuantileRegressor,,,,,,7,,,,,,,,,,True,0.0,0.0,99.0,0.0,0.0,0.0,1.9842169515864174,1.7031374778322412,1.7503319099228616,99.0,1.7267346938775514,0.02359721604531007,0.1189245763999933,1.9842169515864174,0.25246813985070143,0.26901913477943035,99.0,0.2607436373150659,0.00827549746436443,0.04170661609229787,1.9842169515864174,5.793945163506869,6.0860548364931315,99.0,5.94,0.14605483649313133,0.7360829992726241,1.9842169515864174,1.0629339295594078,1.197066070440592,99.0,1.13,0.06706607044059207,0.3379976689896311,1.9842169515864174,100.0,0.98,-0.01420775331224791,-0.00957015621698071,99.0,-0.01188895476461431,0.0023187985476336007,0.011686214785029828,1.9842169515864174,QuantileRegressor,"{'mode': 'original', 'type': 'QuantileRegressor'}",7,"['z_l2_T2W10', 'z_l3_T2W10', 'z_lsc_T2W10', 'z_atd_T2W10', 'z_density_T2W10', 'z_diameter_T2W10', 'z_asp_T2W10']",,,,,,,,2.2166159716888822,2.286235772439345,99.0,2.2514258720641136,0.034809900375231545,0.1754339430847035,1.9842169515864174,completed,True,COMPLETE
144,1.7911979219639944,2026-06-09 20:38:33.384390,2026-06-09 20:38:33.566296,0 days 00:00:00.181906,,,,,,,,,,,,,,0.01327041502848075,QuantileRegressor,,,,,,8,,,,,,,,,,True,,,,,,,,,,,,,,,,,,,,,,,,,,,,,,,,,,,,,,,,,,,,,QuantileRegressor,"{'mode': 'original', 'type': 'QuantileRegressor'}",8,"['z_l1_T2W10', 'z_l2_T2W10', 'z_l3_T2W10', 'z_lsc_T2W10', 'z_atd_T2W10', 'z_density_T2W10', 'z_diameter_T2W10', 'z_asp_T2W10']",,,,,,,,,,,,,,,pruned,True,PRUNED
145,2.230591188856495,2026-06-09 20:38:33.575618,2026-06-09 20:38:33.740300,0 days 00:00:00.164682,20.0,5.0,7.0,,,,,,,,,,,,DecisionTreeRegressor,,,,,,7,,,,,,,,,,True,,,,,,,,,,,,,,,,,,,,,,,,,,,,,,,,,,,,,,,,,,,,,DecisionTreeRegressor,"{'mode': 'original', 'type': 'DecisionTreeRegressor'}",7,"['z_re_T2W10', 'z_l1_T2W10', 'z_l3_T2W10', 'z_atd_T2W10', 'z_density_T2W10', 'z_diameter_T2W10', 'z_asp_T2W10']",,,,,,,,,,,,,,,pruned,True,PRUNED
146,1.7267346938775514,2026-06-09 20:38:33.750087,2026-06-09 20:38:36.037723,0 days 00:00:02.287636,,,,,,,,,,,,,,2.0570671688072513,QuantileRegressor,,,,,,7,,,,,,,,,,True,0.0,0.0,99.0,0.0,0.0,0.0,1.9842169515864174,1.7031374778322412,1.7503319099228616,99.0,1.7267346938775514,0.02359721604531007,0.1189245763999933,1.9842169515864174,0.25246813985070143,0.26901913477943035,99.0,0.2607436373150659,0.00827549746436443,0.04170661609229787,1.9842169515864174,5.793945163506869,6.0860548364931315,99.0,5.94,0.14605483649313133,0.7360829992726241,1.9842169515864174,1.0629339295594078,1.197066070440592,99.0,1.13,0.06706607044059207,0.3379976689896311,1.9842169515864174,100.0,0.98,-0.01420775331224791,-0.00957015621698071,99.0,-0.01188895476461431,0.0023187985476336007,0.011686214785029828,1.9842169515864174,QuantileRegressor,"{'mode': 'original', 'type': 'QuantileRegressor'}",7,"['z_l2_T2W10', 'z_l3_T2W10', 'z_lsc_T2W10', 'z_atd_T2W10', 'z_density_T2W10', 'z_diameter_T2W10', 'z_asp_T2W10']",,,,,,,,2.2166159716888822,2.286235772439345,99.0,2.2514258720641136,0.034809900375231545,0.1754339430847035,1.9842169515864174,completed,True,COMPLETE
147,1.7267346938775514,2026-06-09 20:38:36.049791,2026-06-09 20:38:38.355107,0 days 00:00:02.305316,,,,,,,,,,,,,,2.9134630937424593,QuantileRegressor,,,,,,9,,,,,,,,,,True,0.0,0.0,99.0,0.0,0.0,0.0,1.9842169515864174,1.7031374778322412,1.7503319099228616,99.0,1.7267346938775514,0.02359721604531007,0.1189245763999933,1.9842169515864174,0.25246813985070143,0.26901913477943035,99.0,0.2607436373150659,0.00827549746436443,0.04170661609229787,1.9842169515864174,5.793945163506869,6.0860548364931315,99.0,5.94,0.14605483649313133,0.7360829992726241,1.9842169515864174,1.0629339295594078,1.197066070440592,99.0,1.13,0.06706607044059207,0.3379976689896311,1.9842169515864174,100.0,0.98,-0.01420775331224791,-0.00957015621698071,99.0,-0.01188895476461431,0.0023187985476336007,0.011686214785029828,1.9842169515864174,QuantileRegressor,"{'mode': 'original', 'type': 'QuantileRegressor'}",9,"['z_pe_T2W10', 'z_l1_T2W10', 'z_l2_T2W10', 'z_l3_T2W10', 'z_lsc_T2W10', 'z_atd_T2W10', 'z_density_T2W10', 'z_diameter_T2W10', 'z_asp_T2W10']",,,,,,,,2.2166159716888822,2.286235772439345,99.0,2.2514258720641136,0.034809900375231545,0.1754339430847035,1.9842169515864174,completed,True,COMPLETE
148,1.7267346938775514,2026-06-09 20:38:38.367185,2026-06-09 20:38:40.653852,0 days 00:00:02.286667,,,,,,,,,,,,,,0.11011344906371914,QuantileRegressor,,,,,,6,,,,,,,,,,True,0.0,0.0,99.0,0.0,0.0,0.0,1.9842169515864174,1.7031374778322412,1.7503319099228616,99.0,1.7267346938775514,0.02359721604531007,0.1189245763999933,1.9842169515864174,0.25246813985070143,0.26901913477943035,99.0,0.2607436373150659,0.00827549746436443,0.04170661609229787,1.9842169515864174,5.793945163506869,6.0860548364931315,99.0,5.94,0.14605483649313133,0.7360829992726241,1.9842169515864174,1.0629339295594078,1.197066070440592,99.0,1.13,0.06706607044059207,0.3379976689896311,1.9842169515864174,100.0,0.98,-0.01420775331224791,-0.00957015621698071,99.0,-0.01188895476461431,0.0023187985476336007,0.011686214785029828,1.9842169515864174,QuantileRegressor,"{'mode': 'original', 'type': 'QuantileRegressor'}",6,"['z_l3_T2W10', 'z_lsc_T2W10', 'z_atd_T2W10', 'z_density_T2W10', 'z_diameter_T2W10', 'z_asp_T2W10']",,,,,,,,2.2166159716888822,2.286235772439345,99.0,2.2514258720641136,0.034809900375231545,0.1754339430847035,1.9842169515864174,completed,True,COMPLETE
