number,value,datetime_start,datetime_complete,duration,params_dt_max_depth,params_dt_min_samples_leaf,params_dt_min_samples_split,params_elastic_alpha,params_elastic_l1_ratio,params_et_max_depth,params_et_max_features,params_et_min_samples_leaf,params_et_min_samples_split,params_et_n_estimators,params_knn_metric,params_knn_n_neighbors,params_knn_weights,params_quantile_alpha,params_regressor,params_rf_max_depth,params_rf_max_features,params_rf_min_samples_leaf,params_rf_min_samples_split,params_rf_n_estimators,params_rfe_n_features,params_rfe_proxy_et_max_depth,params_rfe_proxy_et_min_samples_leaf,params_rfe_proxy_et_min_samples_split,params_rfe_proxy_et_n_estimators,params_rfe_proxy_lsvr_C,params_rfe_proxy_lsvr_epsilon,params_rfe_proxy_type,params_ridge_alpha,params_ridge_solver,params_use_scaler,user_attrs_d2mae_ci_lower_val,user_attrs_d2mae_ci_upper_val,user_attrs_d2mae_df_val,user_attrs_d2mae_mean_val,user_attrs_d2mae_samperror_val,user_attrs_d2mae_std_val,user_attrs_d2mae_t_critical_val,user_attrs_mae_ci_lower_val,user_attrs_mae_ci_upper_val,user_attrs_mae_df_val,user_attrs_mae_mean_val,user_attrs_mae_samperror_val,user_attrs_mae_std_val,user_attrs_mae_t_critical_val,user_attrs_mape_ci_lower_val,user_attrs_mape_ci_upper_val,user_attrs_mape_df_val,user_attrs_mape_mean_val,user_attrs_mape_samperror_val,user_attrs_mape_std_val,user_attrs_mape_t_critical_val,user_attrs_max_error_ci_lower_val,user_attrs_max_error_ci_upper_val,user_attrs_max_error_df_val,user_attrs_max_error_mean_val,user_attrs_max_error_samperror_val,user_attrs_max_error_std_val,user_attrs_max_error_t_critical_val,user_attrs_median_ae_ci_lower_val,user_attrs_median_ae_ci_upper_val,user_attrs_median_ae_df_val,user_attrs_median_ae_mean_val,user_attrs_median_ae_samperror_val,user_attrs_median_ae_std_val,user_attrs_median_ae_t_critical_val,user_attrs_n_splits_val,user_attrs_r2_below_zero_val,user_attrs_r2_ci_lower_val,user_attrs_r2_ci_upper_val,user_attrs_r2_df_val,user_attrs_r2_mean_val,user_attrs_r2_samperror_val,user_attrs_r2_std_val,user_attrs_r2_t_critical_val,user_attrs_regressor_final,user_attrs_rfe_estimator,user_attrs_rfe_n_features,user_attrs_rfe_selected_features,user_attrs_rho_ci_lower_val,user_attrs_rho_ci_upper_val,user_attrs_rho_df_val,user_attrs_rho_mean_val,user_attrs_rho_samperror_val,user_attrs_rho_std_val,user_attrs_rho_t_critical_val,user_attrs_rmse_ci_lower_val,user_attrs_rmse_ci_upper_val,user_attrs_rmse_df_val,user_attrs_rmse_mean_val,user_attrs_rmse_samperror_val,user_attrs_rmse_std_val,user_attrs_rmse_t_critical_val,user_attrs_termination_reason,user_attrs_use_scaler_final,state
239,1.7267346938775514,2026-06-09 20:42:19.300567,2026-06-09 20:42:21.573373,0 days 00:00:02.272806,,,,,,,,,,,,,,0.4184691909040056,QuantileRegressor,,,,,,6,,,,,,,,,,True,0.0,0.0,99.0,0.0,0.0,0.0,1.9842169515864174,1.7031374778322412,1.7503319099228616,99.0,1.7267346938775514,0.02359721604531007,0.1189245763999933,1.9842169515864174,0.25246813985070143,0.26901913477943035,99.0,0.2607436373150659,0.00827549746436443,0.04170661609229787,1.9842169515864174,5.793945163506869,6.0860548364931315,99.0,5.94,0.14605483649313133,0.7360829992726241,1.9842169515864174,1.0629339295594078,1.197066070440592,99.0,1.13,0.06706607044059207,0.3379976689896311,1.9842169515864174,100.0,0.98,-0.01420775331224791,-0.00957015621698071,99.0,-0.01188895476461431,0.0023187985476336007,0.011686214785029828,1.9842169515864174,QuantileRegressor,"{'mode': 'original', 'type': 'QuantileRegressor'}",6,"['z_l3_T2W10', 'z_lsc_T2W10', 'z_atd_T2W10', 'z_density_T2W10', 'z_diameter_T2W10', 'z_asp_T2W10']",,,,,,,,2.2166159716888822,2.286235772439345,99.0,2.2514258720641136,0.034809900375231545,0.1754339430847035,1.9842169515864174,completed,True,COMPLETE
240,1.7267346938775514,2026-06-09 20:42:21.627599,2026-06-09 20:42:23.834268,0 days 00:00:02.206669,,,,,,,,,,,,,,0.13928789958358945,QuantileRegressor,,,,,,8,,,,,,,,,,True,0.0,0.0,99.0,0.0,0.0,0.0,1.9842169515864174,1.7031374778322412,1.7503319099228616,99.0,1.7267346938775514,0.02359721604531007,0.1189245763999933,1.9842169515864174,0.25246813985070143,0.26901913477943035,99.0,0.2607436373150659,0.00827549746436443,0.04170661609229787,1.9842169515864174,5.793945163506869,6.0860548364931315,99.0,5.94,0.14605483649313133,0.7360829992726241,1.9842169515864174,1.0629339295594078,1.197066070440592,99.0,1.13,0.06706607044059207,0.3379976689896311,1.9842169515864174,100.0,0.98,-0.01420775331224791,-0.00957015621698071,99.0,-0.01188895476461431,0.0023187985476336007,0.011686214785029828,1.9842169515864174,QuantileRegressor,"{'mode': 'original', 'type': 'QuantileRegressor'}",8,"['z_l1_T2W10', 'z_l2_T2W10', 'z_l3_T2W10', 'z_lsc_T2W10', 'z_atd_T2W10', 'z_density_T2W10', 'z_diameter_T2W10', 'z_asp_T2W10']",,,,,,,,2.2166159716888822,2.286235772439345,99.0,2.2514258720641136,0.034809900375231545,0.1754339430847035,1.9842169515864174,completed,True,COMPLETE
241,1.7267346938775514,2026-06-09 20:42:23.847969,2026-06-09 20:42:26.015360,0 days 00:00:02.167391,,,,,,,,,,,,,,3.1040643389070373,QuantileRegressor,,,,,,5,,,,,,,,,,False,0.0,0.0,99.0,0.0,0.0,0.0,1.9842169515864174,1.7031374778322412,1.7503319099228616,99.0,1.7267346938775514,0.02359721604531007,0.1189245763999933,1.9842169515864174,0.25246813985070143,0.26901913477943035,99.0,0.2607436373150659,0.00827549746436443,0.04170661609229787,1.9842169515864174,5.793945163506869,6.0860548364931315,99.0,5.94,0.14605483649313133,0.7360829992726241,1.9842169515864174,1.0629339295594078,1.197066070440592,99.0,1.13,0.06706607044059207,0.3379976689896311,1.9842169515864174,100.0,0.98,-0.01420775331224791,-0.00957015621698071,99.0,-0.01188895476461431,0.0023187985476336007,0.011686214785029828,1.9842169515864174,QuantileRegressor,"{'mode': 'original', 'type': 'QuantileRegressor'}",5,"['z_lsc_T2W10', 'z_atd_T2W10', 'z_density_T2W10', 'z_diameter_T2W10', 'z_asp_T2W10']",,,,,,,,2.2166159716888822,2.286235772439345,99.0,2.2514258720641136,0.034809900375231545,0.1754339430847035,1.9842169515864174,completed,False,COMPLETE
242,1.7267346938775514,2026-06-09 20:42:26.027850,2026-06-09 20:42:28.453436,0 days 00:00:02.425586,,,,,,,,,,,,,,2.1535073157013582,QuantileRegressor,,,,,,5,,,,,,,,,,False,0.0,0.0,99.0,0.0,0.0,0.0,1.9842169515864174,1.7031374778322412,1.7503319099228616,99.0,1.7267346938775514,0.02359721604531007,0.1189245763999933,1.9842169515864174,0.25246813985070143,0.26901913477943035,99.0,0.2607436373150659,0.00827549746436443,0.04170661609229787,1.9842169515864174,5.793945163506869,6.0860548364931315,99.0,5.94,0.14605483649313133,0.7360829992726241,1.9842169515864174,1.0629339295594078,1.197066070440592,99.0,1.13,0.06706607044059207,0.3379976689896311,1.9842169515864174,100.0,0.98,-0.01420775331224791,-0.00957015621698071,99.0,-0.01188895476461431,0.0023187985476336007,0.011686214785029828,1.9842169515864174,QuantileRegressor,"{'mode': 'original', 'type': 'QuantileRegressor'}",5,"['z_lsc_T2W10', 'z_atd_T2W10', 'z_density_T2W10', 'z_diameter_T2W10', 'z_asp_T2W10']",,,,,,,,2.2166159716888822,2.286235772439345,99.0,2.2514258720641136,0.034809900375231545,0.1754339430847035,1.9842169515864174,completed,False,COMPLETE
243,1.7267346938775514,2026-06-09 20:42:28.466845,2026-06-09 20:42:30.813172,0 days 00:00:02.346327,,,,,,,,,,,,,,5.177152828024084,QuantileRegressor,,,,,,5,,,,,,,,,,True,0.0,0.0,99.0,0.0,0.0,0.0,1.9842169515864174,1.7031374778322412,1.7503319099228616,99.0,1.7267346938775514,0.02359721604531007,0.1189245763999933,1.9842169515864174,0.25246813985070143,0.26901913477943035,99.0,0.2607436373150659,0.00827549746436443,0.04170661609229787,1.9842169515864174,5.793945163506869,6.0860548364931315,99.0,5.94,0.14605483649313133,0.7360829992726241,1.9842169515864174,1.0629339295594078,1.197066070440592,99.0,1.13,0.06706607044059207,0.3379976689896311,1.9842169515864174,100.0,0.98,-0.01420775331224791,-0.00957015621698071,99.0,-0.01188895476461431,0.0023187985476336007,0.011686214785029828,1.9842169515864174,QuantileRegressor,"{'mode': 'original', 'type': 'QuantileRegressor'}",5,"['z_lsc_T2W10', 'z_atd_T2W10', 'z_density_T2W10', 'z_diameter_T2W10', 'z_asp_T2W10']",,,,,,,,2.2166159716888822,2.286235772439345,99.0,2.2514258720641136,0.034809900375231545,0.1754339430847035,1.9842169515864174,completed,True,COMPLETE
244,1.7267346938775514,2026-06-09 20:42:30.827118,2026-06-09 20:42:33.027035,0 days 00:00:02.199917,,,,,,,,,,,,,,3.5717579261776944,QuantileRegressor,,,,,,5,,,,,,,,,,False,0.0,0.0,99.0,0.0,0.0,0.0,1.9842169515864174,1.7031374778322412,1.7503319099228616,99.0,1.7267346938775514,0.02359721604531007,0.1189245763999933,1.9842169515864174,0.25246813985070143,0.26901913477943035,99.0,0.2607436373150659,0.00827549746436443,0.04170661609229787,1.9842169515864174,5.793945163506869,6.0860548364931315,99.0,5.94,0.14605483649313133,0.7360829992726241,1.9842169515864174,1.0629339295594078,1.197066070440592,99.0,1.13,0.06706607044059207,0.3379976689896311,1.9842169515864174,100.0,0.98,-0.01420775331224791,-0.00957015621698071,99.0,-0.01188895476461431,0.0023187985476336007,0.011686214785029828,1.9842169515864174,QuantileRegressor,"{'mode': 'original', 'type': 'QuantileRegressor'}",5,"['z_lsc_T2W10', 'z_atd_T2W10', 'z_density_T2W10', 'z_diameter_T2W10', 'z_asp_T2W10']",,,,,,,,2.2166159716888822,2.286235772439345,99.0,2.2514258720641136,0.034809900375231545,0.1754339430847035,1.9842169515864174,completed,False,COMPLETE
245,1.7267346938775514,2026-06-09 20:42:33.040926,2026-06-09 20:42:35.199361,0 days 00:00:02.158435,,,,,,,,,,,,,,3.8659272670799316,QuantileRegressor,,,,,,5,,,,,,,,,,False,0.0,0.0,99.0,0.0,0.0,0.0,1.9842169515864174,1.7031374778322412,1.7503319099228616,99.0,1.7267346938775514,0.02359721604531007,0.1189245763999933,1.9842169515864174,0.25246813985070143,0.26901913477943035,99.0,0.2607436373150659,0.00827549746436443,0.04170661609229787,1.9842169515864174,5.793945163506869,6.0860548364931315,99.0,5.94,0.14605483649313133,0.7360829992726241,1.9842169515864174,1.0629339295594078,1.197066070440592,99.0,1.13,0.06706607044059207,0.3379976689896311,1.9842169515864174,100.0,0.98,-0.01420775331224791,-0.00957015621698071,99.0,-0.01188895476461431,0.0023187985476336007,0.011686214785029828,1.9842169515864174,QuantileRegressor,"{'mode': 'original', 'type': 'QuantileRegressor'}",5,"['z_lsc_T2W10', 'z_atd_T2W10', 'z_density_T2W10', 'z_diameter_T2W10', 'z_asp_T2W10']",,,,,,,,2.2166159716888822,2.286235772439345,99.0,2.2514258720641136,0.034809900375231545,0.1754339430847035,1.9842169515864174,completed,False,COMPLETE
246,1.7267346938775514,2026-06-09 20:42:35.211669,2026-06-09 20:42:37.420522,0 days 00:00:02.208853,,,,,,,,,,,,,,6.763547023878437,QuantileRegressor,,,,,,5,,,,,,,,,,False,0.0,0.0,99.0,0.0,0.0,0.0,1.9842169515864174,1.7031374778322412,1.7503319099228616,99.0,1.7267346938775514,0.02359721604531007,0.1189245763999933,1.9842169515864174,0.25246813985070143,0.26901913477943035,99.0,0.2607436373150659,0.00827549746436443,0.04170661609229787,1.9842169515864174,5.793945163506869,6.0860548364931315,99.0,5.94,0.14605483649313133,0.7360829992726241,1.9842169515864174,1.0629339295594078,1.197066070440592,99.0,1.13,0.06706607044059207,0.3379976689896311,1.9842169515864174,100.0,0.98,-0.01420775331224791,-0.00957015621698071,99.0,-0.01188895476461431,0.0023187985476336007,0.011686214785029828,1.9842169515864174,QuantileRegressor,"{'mode': 'original', 'type': 'QuantileRegressor'}",5,"['z_lsc_T2W10', 'z_atd_T2W10', 'z_density_T2W10', 'z_diameter_T2W10', 'z_asp_T2W10']",,,,,,,,2.2166159716888822,2.286235772439345,99.0,2.2514258720641136,0.034809900375231545,0.1754339430847035,1.9842169515864174,completed,False,COMPLETE
247,1.7518535888264273,2026-06-09 20:42:37.434052,2026-06-09 20:42:48.000760,0 days 00:00:10.566708,,,,,,7.0,,2.0,10.0,99.0,,,,,ExtraTreesRegressor,,,,,,4,,,,,,,,,,True,-0.021340909784405813,-0.0075038127245096115,99.0,-0.014422361254457712,0.0069185485299481,0.03486790355468234,1.9842169515864174,1.7244980318897434,1.7792091457631112,99.0,1.7518535888264273,0.027355556936683963,0.13786575563127157,1.9842169515864174,0.26120673949238626,0.27938546155412103,99.0,0.27029610052325365,0.009089361030867398,0.04580830248224767,1.9842169515864174,5.830221855692735,6.072618336639814,99.0,5.951420096166275,0.12119824047353961,0.6108114355975006,1.9842169515864174,1.3821636186798358,1.4413447637159489,99.0,1.4117541911978924,0.029590572518056597,0.14912972341254518,1.9842169515864174,100.0,0.53,-0.011077330473620398,0.01184568935418052,99.0,0.00038417944028006133,0.011461509913900459,0.05776339076599852,1.9842169515864174,ExtraTreesRegressor,"{'mode': 'original', 'type': 'ExtraTreesRegressor'}",4,"['z_l1_T2W10', 'z_l3_T2W10', 'z_atd_T2W10', 'z_asp_T2W10']",0.11905553818010564,0.167973814453216,99.0,0.14351467631666082,0.02445913813655518,0.1232684667722431,1.9842169515864174,2.19923450196583,2.2755306015026338,99.0,2.237382551734232,0.03814804976840192,0.192257453187777,1.9842169515864174,completed,True,COMPLETE
248,1.7267346938775514,2026-06-09 20:42:48.014035,2026-06-09 20:42:50.310798,0 days 00:00:02.296763,,,,,,,,,,,,,,2.4655039622062924,QuantileRegressor,,,,,,5,,,,,,,,,,True,0.0,0.0,99.0,0.0,0.0,0.0,1.9842169515864174,1.7031374778322412,1.7503319099228616,99.0,1.7267346938775514,0.02359721604531007,0.1189245763999933,1.9842169515864174,0.25246813985070143,0.26901913477943035,99.0,0.2607436373150659,0.00827549746436443,0.04170661609229787,1.9842169515864174,5.793945163506869,6.0860548364931315,99.0,5.94,0.14605483649313133,0.7360829992726241,1.9842169515864174,1.0629339295594078,1.197066070440592,99.0,1.13,0.06706607044059207,0.3379976689896311,1.9842169515864174,100.0,0.98,-0.01420775331224791,-0.00957015621698071,99.0,-0.01188895476461431,0.0023187985476336007,0.011686214785029828,1.9842169515864174,QuantileRegressor,"{'mode': 'original', 'type': 'QuantileRegressor'}",5,"['z_lsc_T2W10', 'z_atd_T2W10', 'z_density_T2W10', 'z_diameter_T2W10', 'z_asp_T2W10']",,,,,,,,2.2166159716888822,2.286235772439345,99.0,2.2514258720641136,0.034809900375231545,0.1754339430847035,1.9842169515864174,completed,True,COMPLETE
249,1.7498147365560508,2026-06-09 20:42:50.323784,2026-06-09 20:42:52.295980,0 days 00:00:01.972196,,,,,,,,,,,minkowski,20.0,distance,,KNeighborsRegressor,,,,,,6,7.0,3.0,8.0,60.0,,,ExtraTrees,,,True,-0.019617295592405395,-0.007290264774859842,99.0,-0.01345378018363262,0.006163515408772777,0.03106270916516934,1.9842169515864174,1.724168640095273,1.7754608330168287,99.0,1.7498147365560508,0.025646096460777805,0.12925046548097116,1.9842169515864174,0.25855028217859344,0.2758939370665643,99.0,0.26722210962257886,0.008671827443985418,0.04370402861971386,1.9842169515864174,5.667559000030055,5.902196860959885,99.0,5.78487793049497,0.11731893046491486,0.5912605996593077,1.9842169515864174,1.3481951311209892,1.4132551742474848,99.0,1.380725152684237,0.032530021563247837,0.16394387487335743,1.9842169515864174,100.0,0.47,-0.007757962436849589,0.01590725631201017,99.0,0.00407464693758029,0.011832609374429879,0.059633647242906034,1.9842169515864174,KNeighborsRegressor,"{'mode': 'proxy', 'type': 'ExtraTrees'}",6,"['z_l1_T2W10', 'z_l3_T2W10', 'z_atd_T2W10', 'z_density_T2W10', 'z_diameter_T2W10', 'z_asp_T2W10']",0.07554306136896029,0.1284487980147378,99.0,0.10199592969184904,0.026452868322888748,0.1333164113013912,1.9842169515864174,2.196925921731344,2.26681250906035,99.0,2.231869215395847,0.03494329366450298,0.17610621477941302,1.9842169515864174,completed,True,COMPLETE
250,1.7267346938775514,2026-06-09 20:42:52.400910,2026-06-09 20:42:54.566989,0 days 00:00:02.166079,,,,,,,,,,,,,,0.19595115209820507,QuantileRegressor,,,,,,5,,,,,,,,,,True,0.0,0.0,99.0,0.0,0.0,0.0,1.9842169515864174,1.7031374778322412,1.7503319099228616,99.0,1.7267346938775514,0.02359721604531007,0.1189245763999933,1.9842169515864174,0.25246813985070143,0.26901913477943035,99.0,0.2607436373150659,0.00827549746436443,0.04170661609229787,1.9842169515864174,5.793945163506869,6.0860548364931315,99.0,5.94,0.14605483649313133,0.7360829992726241,1.9842169515864174,1.0629339295594078,1.197066070440592,99.0,1.13,0.06706607044059207,0.3379976689896311,1.9842169515864174,100.0,0.98,-0.01420775331224791,-0.00957015621698071,99.0,-0.01188895476461431,0.0023187985476336007,0.011686214785029828,1.9842169515864174,QuantileRegressor,"{'mode': 'original', 'type': 'QuantileRegressor'}",5,"['z_lsc_T2W10', 'z_atd_T2W10', 'z_density_T2W10', 'z_diameter_T2W10', 'z_asp_T2W10']",,,,,,,,2.2166159716888822,2.286235772439345,99.0,2.2514258720641136,0.034809900375231545,0.1754339430847035,1.9842169515864174,completed,True,COMPLETE
251,1.7267346938775514,2026-06-09 20:42:54.581885,2026-06-09 20:42:56.727641,0 days 00:00:02.145756,,,,,,,,,,,,,,0.798395409656902,QuantileRegressor,,,,,,3,,,,,,,,,,True,0.0,0.0,99.0,0.0,0.0,0.0,1.9842169515864174,1.7031374778322412,1.7503319099228616,99.0,1.7267346938775514,0.02359721604531007,0.1189245763999933,1.9842169515864174,0.25246813985070143,0.26901913477943035,99.0,0.2607436373150659,0.00827549746436443,0.04170661609229787,1.9842169515864174,5.793945163506869,6.0860548364931315,99.0,5.94,0.14605483649313133,0.7360829992726241,1.9842169515864174,1.0629339295594078,1.197066070440592,99.0,1.13,0.06706607044059207,0.3379976689896311,1.9842169515864174,100.0,0.98,-0.01420775331224791,-0.00957015621698071,99.0,-0.01188895476461431,0.0023187985476336007,0.011686214785029828,1.9842169515864174,QuantileRegressor,"{'mode': 'original', 'type': 'QuantileRegressor'}",3,"['z_density_T2W10', 'z_diameter_T2W10', 'z_asp_T2W10']",,,,,,,,2.2166159716888822,2.286235772439345,99.0,2.2514258720641136,0.034809900375231545,0.1754339430847035,1.9842169515864174,completed,True,COMPLETE
252,1.7951647724958246,2026-06-09 20:42:56.767227,2026-06-09 20:42:56.920598,0 days 00:00:00.153371,,,,0.7824510345475564,0.24410912809138935,,,,,,,,,,ElasticNet,,,,,,7,,,,,,,,,,False,,,,,,,,,,,,,,,,,,,,,,,,,,,,,,,,,,,,,,,,,,,,,ElasticNet,"{'mode': 'original', 'type': 'ElasticNet'}",7,"['z_l2_T2W10', 'z_l3_T2W10', 'z_lsc_T2W10', 'z_atd_T2W10', 'z_density_T2W10', 'z_diameter_T2W10', 'z_asp_T2W10']",,,,,,,,,,,,,,,pruned,False,PRUNED
253,1.7267346938775514,2026-06-09 20:42:56.930346,2026-06-09 20:42:59.371379,0 days 00:00:02.441033,,,,,,,,,,,,,,1.08073233525841,QuantileRegressor,,,,,,5,,,,,,,,,,True,0.0,0.0,99.0,0.0,0.0,0.0,1.9842169515864174,1.7031374778322412,1.7503319099228616,99.0,1.7267346938775514,0.02359721604531007,0.1189245763999933,1.9842169515864174,0.25246813985070143,0.26901913477943035,99.0,0.2607436373150659,0.00827549746436443,0.04170661609229787,1.9842169515864174,5.793945163506869,6.0860548364931315,99.0,5.94,0.14605483649313133,0.7360829992726241,1.9842169515864174,1.0629339295594078,1.197066070440592,99.0,1.13,0.06706607044059207,0.3379976689896311,1.9842169515864174,100.0,0.98,-0.01420775331224791,-0.00957015621698071,99.0,-0.01188895476461431,0.0023187985476336007,0.011686214785029828,1.9842169515864174,QuantileRegressor,"{'mode': 'original', 'type': 'QuantileRegressor'}",5,"['z_lsc_T2W10', 'z_atd_T2W10', 'z_density_T2W10', 'z_diameter_T2W10', 'z_asp_T2W10']",,,,,,,,2.2166159716888822,2.286235772439345,99.0,2.2514258720641136,0.034809900375231545,0.1754339430847035,1.9842169515864174,completed,True,COMPLETE
254,1.7267346938775514,2026-06-09 20:42:59.386573,2026-06-09 20:43:01.727887,0 days 00:00:02.341314,,,,,,,,,,,,,,5.980694929992373,QuantileRegressor,,,,,,4,,,,,,,,,,True,0.0,0.0,99.0,0.0,0.0,0.0,1.9842169515864174,1.7031374778322412,1.7503319099228616,99.0,1.7267346938775514,0.02359721604531007,0.1189245763999933,1.9842169515864174,0.25246813985070143,0.26901913477943035,99.0,0.2607436373150659,0.00827549746436443,0.04170661609229787,1.9842169515864174,5.793945163506869,6.0860548364931315,99.0,5.94,0.14605483649313133,0.7360829992726241,1.9842169515864174,1.0629339295594078,1.197066070440592,99.0,1.13,0.06706607044059207,0.3379976689896311,1.9842169515864174,100.0,0.98,-0.01420775331224791,-0.00957015621698071,99.0,-0.01188895476461431,0.0023187985476336007,0.011686214785029828,1.9842169515864174,QuantileRegressor,"{'mode': 'original', 'type': 'QuantileRegressor'}",4,"['z_atd_T2W10', 'z_density_T2W10', 'z_diameter_T2W10', 'z_asp_T2W10']",,,,,,,,2.2166159716888822,2.286235772439345,99.0,2.2514258720641136,0.034809900375231545,0.1754339430847035,1.9842169515864174,completed,True,COMPLETE
255,1.7267346938775514,2026-06-09 20:43:01.773001,2026-06-09 20:43:04.096077,0 days 00:00:02.323076,,,,,,,,,,,,,,1.5190297707015077,QuantileRegressor,,,,,,5,,,,,,,,,,True,0.0,0.0,99.0,0.0,0.0,0.0,1.9842169515864174,1.7031374778322412,1.7503319099228616,99.0,1.7267346938775514,0.02359721604531007,0.1189245763999933,1.9842169515864174,0.25246813985070143,0.26901913477943035,99.0,0.2607436373150659,0.00827549746436443,0.04170661609229787,1.9842169515864174,5.793945163506869,6.0860548364931315,99.0,5.94,0.14605483649313133,0.7360829992726241,1.9842169515864174,1.0629339295594078,1.197066070440592,99.0,1.13,0.06706607044059207,0.3379976689896311,1.9842169515864174,100.0,0.98,-0.01420775331224791,-0.00957015621698071,99.0,-0.01188895476461431,0.0023187985476336007,0.011686214785029828,1.9842169515864174,QuantileRegressor,"{'mode': 'original', 'type': 'QuantileRegressor'}",5,"['z_lsc_T2W10', 'z_atd_T2W10', 'z_density_T2W10', 'z_diameter_T2W10', 'z_asp_T2W10']",,,,,,,,2.2166159716888822,2.286235772439345,99.0,2.2514258720641136,0.034809900375231545,0.1754339430847035,1.9842169515864174,completed,True,COMPLETE
