number,value,datetime_start,datetime_complete,duration,params_regressor,params_rfe_n_features,params_use_scaler,user_attrs_d2mae_ci_lower_val,user_attrs_d2mae_ci_upper_val,user_attrs_d2mae_df_val,user_attrs_d2mae_mean_val,user_attrs_d2mae_samperror_val,user_attrs_d2mae_std_val,user_attrs_d2mae_t_critical_val,user_attrs_mae_ci_lower_val,user_attrs_mae_ci_upper_val,user_attrs_mae_df_val,user_attrs_mae_mean_val,user_attrs_mae_samperror_val,user_attrs_mae_std_val,user_attrs_mae_t_critical_val,user_attrs_mape_ci_lower_val,user_attrs_mape_ci_upper_val,user_attrs_mape_df_val,user_attrs_mape_mean_val,user_attrs_mape_samperror_val,user_attrs_mape_std_val,user_attrs_mape_t_critical_val,user_attrs_max_error_ci_lower_val,user_attrs_max_error_ci_upper_val,user_attrs_max_error_df_val,user_attrs_max_error_mean_val,user_attrs_max_error_samperror_val,user_attrs_max_error_std_val,user_attrs_max_error_t_critical_val,user_attrs_median_ae_ci_lower_val,user_attrs_median_ae_ci_upper_val,user_attrs_median_ae_df_val,user_attrs_median_ae_mean_val,user_attrs_median_ae_samperror_val,user_attrs_median_ae_std_val,user_attrs_median_ae_t_critical_val,user_attrs_n_splits_val,user_attrs_r2_below_zero_val,user_attrs_r2_ci_lower_val,user_attrs_r2_ci_upper_val,user_attrs_r2_df_val,user_attrs_r2_mean_val,user_attrs_r2_samperror_val,user_attrs_r2_std_val,user_attrs_r2_t_critical_val,user_attrs_regressor_final,user_attrs_rfe_estimator,user_attrs_rfe_n_features,user_attrs_rfe_selected_features,user_attrs_rho_ci_lower_val,user_attrs_rho_ci_upper_val,user_attrs_rho_df_val,user_attrs_rho_mean_val,user_attrs_rho_samperror_val,user_attrs_rho_std_val,user_attrs_rho_t_critical_val,user_attrs_rmse_ci_lower_val,user_attrs_rmse_ci_upper_val,user_attrs_rmse_df_val,user_attrs_rmse_mean_val,user_attrs_rmse_samperror_val,user_attrs_rmse_std_val,user_attrs_rmse_t_critical_val,user_attrs_termination_reason,user_attrs_trial_time_seconds,user_attrs_use_scaler_final,state
422,2.908982823852938,2026-06-13 23:56:44.317988,2026-06-13 23:56:55.985249,0 days 00:00:11.667261,LinearRegression,9,False,-0.03466262802254097,-0.029518151423201532,998,-0.03209038972287125,0.0025722382996697206,0.0414303723795395,1.9623438462163343,2.8995249110375485,2.918440736668327,998,2.908982823852938,0.009457912815389175,0.1523361385005059,1.9623438462163343,938373817880344.0,1007680333342036.8,998,973027075611190.4,34653257730846.355,558150997183062.75,1.9623438462163343,8.516550211847465,8.668666860541434,998,8.592608536194449,0.07605832434698401,1.2250516216417242,1.9623438462163343,2.5430939464694204,2.568946397044479,998,2.5560201717569497,0.012926225287529368,0.2081993442026447,1.9623438462163343,999,0.7427427427427428,-0.0640887194186798,-0.05384400894876223,998,-0.05896636418372102,0.005122355234958788,0.08250444170428363,1.9623438462163343,LinearRegression,"{'mode': 'original', 'type': 'LinearRegression'}",9,"['nodes_T6W30', 'edges_T6W30', 're_T6W30', 'l1_T6W30', 'l2_T6W30', 'lcc_T6W30', 'atd_T6W30', 'density_T6W30', 'asp_T6W30']",0.05069579390697757,0.0657124895457498,998,0.05820414172636369,0.007508347819386117,0.12093500285421165,1.9623438462163343,3.535608062415293,3.561470809967973,998,3.548539436191633,0.012931373776339938,0.20828226957104512,1.9623438462163343,completed,11.656330108642578,False,COMPLETE
423,2.9622590562691777,2026-06-13 23:56:56.006408,2026-06-13 23:57:07.619286,0 days 00:00:11.612878,LinearRegression,12,False,-0.053968709261068046,-0.04799114413856008,998,-0.05097992669981406,0.0029887825612539866,0.04813954231617109,1.9623438462163343,2.9517714278622926,2.972746684676063,998,2.9622590562691777,0.010487628406885307,0.16892149935380643,1.9623438462163343,959931794593989.4,1031466335296353.1,998,995699064945171.2,35767270351181.914,576094108325578.2,1.9623438462163343,9.077699399830884,9.302125341831601,998,9.189912370831243,0.11221297100035862,1.8073850991785119,1.9623438462163343,2.6180965120028348,2.6459894645269144,998,2.6320429882648746,0.013946476262039742,0.22463226093511865,1.9623438462163343,999,0.8598598598598599,-0.11147363438649381,-0.09853824840698559,998,-0.1050059413967397,0.006467692989754107,0.10417344654126957,1.9623438462163343,LinearRegression,"{'mode': 'original', 'type': 'LinearRegression'}",12,"['nodes_T6W30', 'edges_T6W30', 're_T6W30', 'pe_T6W30', 'l1_T6W30', 'l2_T6W30', 'lcc_T6W30', 'lsc_T6W30', 'atd_T6W30', 'density_T6W30', 'diameter_T6W30', 'asp_T6W30']",0.0013030668294685133,0.016251937075561343,998,0.008777501952514928,0.007474435123046415,0.12038877988648408,1.9623438462163343,3.6092276063482083,3.6388530006481425,998,3.6240403034981754,0.01481269714996716,0.2385842551785666,1.9623438462163343,completed,11.601765871047974,False,COMPLETE
424,2.8752681416328163,2026-06-13 23:57:07.640065,2026-06-13 23:57:19.396503,0 days 00:00:11.756438,LinearRegression,7,True,-0.022302834192773312,-0.017818066483412796,998,-0.020060450338093054,0.0022423838546802573,0.036117492741321484,1.9623438462163343,2.866299659126132,2.8842366241395005,998,2.8752681416328163,0.008968482506684278,0.14445301198533017,1.9623438462163343,939244237630400.0,1008451820672110.2,998,973848029151255.1,34603791520855.164,557354257821704.7,1.9623438462163343,8.451438132683872,8.618045829077502,998,8.534741980880687,0.0833038481968158,1.3417533872681475,1.9623438462163343,2.5510379922064477,2.5752183240619138,998,2.5631281581341807,0.012090165927733086,0.19473315383754247,1.9623438462163343,999,0.6656656656656657,-0.04138528101128908,-0.032588633164786024,998,-0.03698695708803755,0.004398323923251528,0.07084265793318831,1.9623438462163343,LinearRegression,"{'mode': 'original', 'type': 'LinearRegression'}",7,"['nodes_T6W30', 're_T6W30', 'l1_T6W30', 'lcc_T6W30', 'atd_T6W30', 'density_T6W30', 'diameter_T6W30']",0.0652734306243811,0.08052215785566277,998,0.07289779424002193,0.007624363615640843,0.1228036390693552,1.9623438462163343,3.499877600559527,3.525001259346973,998,3.51243942995325,0.012561829393722738,0.20233011444429677,1.9623438462163343,completed,11.744551181793213,True,COMPLETE
425,2.981594776138785,2026-06-13 23:57:19.418002,2026-06-13 23:57:31.214559,0 days 00:00:11.796557,LinearRegression,13,False,-0.06087506090777042,-0.05473627451999333,998,-0.057805667713881875,0.0030693931938885477,0.049437916781798534,1.9623438462163343,2.9707948789007235,2.9923946733768467,998,2.981594776138785,0.010799897238061703,0.1739511320903312,1.9623438462163343,955543669716153.1,1026915332279397.1,998,991229500997775.1,35685831281622.055,574782390442152.9,1.9623438462163343,9.098849806410968,9.321248915034996,998,9.210049360722982,0.11119955431201464,1.7910622605133997,1.9623438462163343,2.6379105320596374,2.6667610647692723,998,2.652335798414455,0.014425266354817392,0.23234400826348992,1.9623438462163343,999,0.9009009009009009,-0.12582981984879235,-0.11251846074944277,998,-0.11917414029911756,0.006655679549674793,0.10720129710272908,1.9623438462163343,LinearRegression,"{'mode': 'original', 'type': 'LinearRegression'}",13,"['nodes_T6W30', 'edges_T6W30', 're_T6W30', 'pe_T6W30', 'l1_T6W30', 'l2_T6W30', 'l3_T6W30', 'lcc_T6W30', 'lsc_T6W30', 'atd_T6W30', 'density_T6W30', 'diameter_T6W30', 'asp_T6W30']",-0.016203942139828193,-0.001230791884734901,998,-0.008717367012281547,0.0074865751275466465,0.1205843157772289,1.9623438462163343,3.632048227970841,3.662257185403416,998,3.6471527066871285,0.015104478716287588,0.24328390487575552,1.9623438462163343,completed,11.785436153411865,False,COMPLETE
426,2.908982823852938,2026-06-13 23:57:31.240803,2026-06-13 23:57:42.904045,0 days 00:00:11.663242,LinearRegression,9,False,-0.03466262802254097,-0.029518151423201532,998,-0.03209038972287125,0.0025722382996697206,0.0414303723795395,1.9623438462163343,2.8995249110375485,2.918440736668327,998,2.908982823852938,0.009457912815389175,0.1523361385005059,1.9623438462163343,938373817880344.0,1007680333342036.8,998,973027075611190.4,34653257730846.355,558150997183062.75,1.9623438462163343,8.516550211847465,8.668666860541434,998,8.592608536194449,0.07605832434698401,1.2250516216417242,1.9623438462163343,2.5430939464694204,2.568946397044479,998,2.5560201717569497,0.012926225287529368,0.2081993442026447,1.9623438462163343,999,0.7427427427427428,-0.0640887194186798,-0.05384400894876223,998,-0.05896636418372102,0.005122355234958788,0.08250444170428363,1.9623438462163343,LinearRegression,"{'mode': 'original', 'type': 'LinearRegression'}",9,"['nodes_T6W30', 'edges_T6W30', 're_T6W30', 'l1_T6W30', 'l2_T6W30', 'lcc_T6W30', 'atd_T6W30', 'density_T6W30', 'asp_T6W30']",0.05069579390697757,0.0657124895457498,998,0.05820414172636369,0.007508347819386117,0.12093500285421165,1.9623438462163343,3.535608062415293,3.561470809967973,998,3.548539436191633,0.012931373776339938,0.20828226957104512,1.9623438462163343,completed,11.651341915130615,False,COMPLETE
427,2.8347230017031846,2026-06-13 23:57:42.925764,2026-06-13 23:57:54.331886,0 days 00:00:11.406122,LinearRegression,2,True,-0.007197919834051776,-0.004003713501031405,998,-0.00560081666754159,0.0015971031665101853,0.025724124753742604,1.9623438462163343,2.8266906356546944,2.842755367751675,998,2.8347230017031846,0.008032366048490388,0.12937522799518883,1.9623438462163343,944113088937549.8,1013388372929746.0,998,978750730933647.9,34637641996098.105,557899478610431.6,1.9623438462163343,8.357703265943405,8.526819525479672,998,8.442261395711538,0.0845581297681332,1.3619557738725097,1.9623438462163343,2.5343418573907583,2.5611128666849168,998,2.5477273620378376,0.01338550464707916,0.21559683723228645,1.9623438462163343,999,0.42742742742742745,-0.004840272652618373,0.0012028002944754494,998,-0.001818736179071462,0.0030215364735469113,0.048667101051050696,1.9623438462163343,LinearRegression,"{'mode': 'original', 'type': 'LinearRegression'}",2,"['nodes_T6W30', 'lcc_T6W30']",0.1303703932770172,0.1456349059864546,998,0.1380026496317359,0.007632256354718716,0.12293076536209906,1.9623438462163343,3.44197352630271,3.4658189655783316,998,3.4538962459405207,0.01192271963781096,0.19203614005544586,1.9623438462163343,completed,11.394810199737549,True,COMPLETE
428,2.817249167254051,2026-06-13 23:57:54.352276,2026-06-13 23:58:05.889519,0 days 00:00:11.537243,LinearRegression,3,False,-0.0013072040908093413,0.002420341943112585,998,0.0005565689261516219,0.0018637730169609632,0.030019306583509483,1.9623438462163343,2.808961018652244,2.825537315855858,998,2.817249167254051,0.008288148601807372,0.13349505096550723,1.9623438462163343,933026144956416.4,1001412288817086.9,998,967219216886751.6,34193071930335.24,550738904344930.25,1.9623438462163343,8.246702967715738,8.380956627081616,998,8.313829797398677,0.06712682968293847,1.0811943632046697,1.9623438462163343,2.5369545378225826,2.5593057638306584,998,2.5481301508266205,0.01117561300403811,0.1800026880815724,1.9623438462163343,999,0.3733733733733734,0.0021376942605868844,0.00895557032515029,998,0.005546632292868587,0.0034089380322817027,0.05490687706280564,1.9623438462163343,LinearRegression,"{'mode': 'original', 'type': 'LinearRegression'}",3,"['l1_T6W30', 'atd_T6W30', 'density_T6W30']",0.13964589018817972,0.15495388600524354,998,0.14729988809671163,0.007653997908531915,0.12328095090700222,1.9623438462163343,3.428765259427453,3.4520093388188187,998,3.440387299123136,0.011622039695682915,0.18719316653661483,1.9623438462163343,completed,11.525356769561768,False,COMPLETE
429,2.8347230017031846,2026-06-13 23:58:05.911212,2026-06-13 23:58:17.409030,0 days 00:00:11.497818,LinearRegression,2,True,-0.007197919834051776,-0.004003713501031405,998,-0.00560081666754159,0.0015971031665101853,0.025724124753742604,1.9623438462163343,2.8266906356546944,2.842755367751675,998,2.8347230017031846,0.008032366048490388,0.12937522799518883,1.9623438462163343,944113088937549.8,1013388372929746.0,998,978750730933647.9,34637641996098.105,557899478610431.6,1.9623438462163343,8.357703265943405,8.526819525479672,998,8.442261395711538,0.0845581297681332,1.3619557738725097,1.9623438462163343,2.5343418573907583,2.5611128666849168,998,2.5477273620378376,0.01338550464707916,0.21559683723228645,1.9623438462163343,999,0.42742742742742745,-0.004840272652618373,0.0012028002944754494,998,-0.001818736179071462,0.0030215364735469113,0.048667101051050696,1.9623438462163343,LinearRegression,"{'mode': 'original', 'type': 'LinearRegression'}",2,"['nodes_T6W30', 'lcc_T6W30']",0.1303703932770172,0.1456349059864546,998,0.1380026496317359,0.007632256354718716,0.12293076536209906,1.9623438462163343,3.44197352630271,3.4658189655783316,998,3.4538962459405207,0.01192271963781096,0.19203614005544586,1.9623438462163343,completed,11.486621856689453,True,COMPLETE
430,2.8920592387358495,2026-06-13 23:58:17.430099,2026-06-13 23:58:28.988843,0 days 00:00:11.558744,LinearRegression,8,True,-0.028490843103272358,-0.023583372135724735,998,-0.026037107619498547,0.002453735483773811,0.039521678386754314,1.9623438462163343,2.882704012953381,2.901414464518318,998,2.8920592387358495,0.009355225782468406,0.15068218520504184,1.9623438462163343,941326350818434.5,1010877755287026.8,998,976102053052730.6,34775702234296.07,560123178910704.75,1.9623438462163343,8.47535542880601,8.632728964321222,998,8.554042196563616,0.07868676775760691,1.2673872751053386,1.9623438462163343,2.5277307632226087,2.5531502551305767,998,2.5404405091765927,0.012709745953984171,0.20471256795706758,1.9623438462163343,999,0.6816816816816816,-0.049804429291215264,-0.040268287462818526,998,-0.045036358377016895,0.004768070914198369,0.0767980764195349,1.9623438462163343,LinearRegression,"{'mode': 'original', 'type': 'LinearRegression'}",8,"['nodes_T6W30', 're_T6W30', 'l1_T6W30', 'l2_T6W30', 'lcc_T6W30', 'atd_T6W30', 'density_T6W30', 'diameter_T6W30']",0.07024161204160981,0.08538071443722325,998,0.07781116323941653,0.00756955119780672,0.12192078973063636,1.9623438462163343,3.51281239811251,3.5384650603891026,998,3.5256387292508062,0.012826331138296296,0.20659037515736034,1.9623438462163343,completed,11.547110080718994,True,COMPLETE
431,2.83272482539211,2026-06-13 23:58:29.010545,2026-06-13 23:58:40.716652,0 days 00:00:11.706107,LinearRegression,4,False,-0.00697024952206445,-0.003013453107200566,998,-0.004991851314632508,0.001978398207431942,0.0318655446734633,1.9623438462163343,2.8244219026459607,2.8410277481382593,998,2.83272482539211,0.008302922746149459,0.13373301426064996,1.9623438462163343,934878958897138.4,1003490828981921.6,998,969184893939530.0,34305935042391.605,552556761096775.25,1.9623438462163343,8.248292216021955,8.384753149100359,998,8.316522682561157,0.0682304665392025,1.098970354617547,1.9623438462163343,2.5533750306173153,2.5767839111966944,998,2.565079470907005,0.011704440289689724,0.1885203714438879,1.9623438462163343,999,0.45545545545545546,-0.008670652543510116,-0.0012353720015407408,998,-0.004953012272525428,0.0037176402709846873,0.05987906362324383,1.9623438462163343,LinearRegression,"{'mode': 'original', 'type': 'LinearRegression'}",4,"['edges_T6W30', 'l1_T6W30', 'atd_T6W30', 'density_T6W30']",0.12124460304301055,0.13661187042390094,998,0.12892823673345574,0.007683633690445197,0.1237582867279422,1.9623438462163343,3.446417164191897,3.4696501570381058,998,3.4580336606150013,0.011616496423104552,0.187103882488884,1.9623438462163343,completed,11.694783926010132,False,COMPLETE
432,2.9094955966500238,2026-06-13 23:58:40.737171,2026-06-13 23:58:52.328676,0 days 00:00:11.591505,LinearRegression,9,True,-0.03485562745513429,-0.0296735854235952,998,-0.03226460643936475,0.0025910210157695465,0.041732900695992475,1.9623438462163343,2.899972511844961,2.9190186814550865,998,2.9094955966500238,0.009523084805062677,0.15338584676479672,1.9623438462163343,941890319798564.6,1011436258745436.4,998,976663289272000.5,34772969473435.9,560079163043249.7,1.9623438462163343,8.536622648937563,8.69399719457288,998,8.615309921755221,0.07868727281765796,1.267395409976043,1.9623438462163343,2.5411179316552457,2.5669004649499514,998,2.5540091983025985,0.012891266647352934,0.2076362744899443,1.9623438462163343,999,0.7337337337337337,-0.06349833820119932,-0.05317559835374577,998,-0.05833696827747255,0.005161369923726775,0.08313284113529167,1.9623438462163343,LinearRegression,"{'mode': 'original', 'type': 'LinearRegression'}",9,"['nodes_T6W30', 'edges_T6W30', 're_T6W30', 'l1_T6W30', 'l2_T6W30', 'lcc_T6W30', 'atd_T6W30', 'density_T6W30', 'diameter_T6W30']",0.05529766120375673,0.07040418551446148,998,0.0628509233591091,0.007553262155352371,0.12165842636613922,1.9623438462163343,3.5344632806046348,3.5605529982402193,998,3.547508139422427,0.013044858817792352,0.2101101435776971,1.9623438462163343,completed,11.580359935760498,True,COMPLETE
433,2.9815947761387847,2026-06-13 23:58:52.350514,2026-06-13 23:59:05.450692,0 days 00:00:13.100178,LinearRegression,13,True,-0.06087506090777034,-0.05473627451999326,998,-0.0578056677138818,0.0030693931938885434,0.049437916781798465,1.9623438462163343,2.970794878900723,2.9923946733768463,998,2.9815947761387847,0.010799897238061677,0.17395113209033078,1.9623438462163343,955543669716152.6,1026915332279396.6,998,991229500997774.6,35685831281622.03,574782390442152.5,1.9623438462163343,9.098849806410966,9.321248915034994,998,9.21004936072298,0.11119955431201395,1.7910622605133883,1.9623438462163343,2.6379105320596388,2.6667610647692737,998,2.652335798414456,0.01442526635481738,0.23234400826348972,1.9623438462163343,999,0.9009009009009009,-0.1258298198487928,-0.11251846074944323,998,-0.11917414029911802,0.006655679549674783,0.10720129710272892,1.9623438462163343,LinearRegression,"{'mode': 'original', 'type': 'LinearRegression'}",13,"['nodes_T6W30', 'edges_T6W30', 're_T6W30', 'pe_T6W30', 'l1_T6W30', 'l2_T6W30', 'l3_T6W30', 'lcc_T6W30', 'lsc_T6W30', 'atd_T6W30', 'density_T6W30', 'diameter_T6W30', 'asp_T6W30']",-0.016203942139828193,-0.001230791884734901,998,-0.008717367012281547,0.0074865751275466465,0.1205843157772289,1.9623438462163343,3.6320482279708424,3.6622571854034174,998,3.64715270668713,0.015104478716287572,0.24328390487575527,1.9623438462163343,completed,13.084659337997437,True,COMPLETE
434,2.9276834034240067,2026-06-13 23:59:05.478998,2026-06-13 23:59:18.149704,0 days 00:00:12.670706,LinearRegression,10,False,-0.041405564436253664,-0.03601709517221072,998,-0.03871132980423219,0.00269423463202147,0.04339533553202814,1.9623438462163343,2.917882712690072,2.9374840941579414,998,2.9276834034240067,0.009800690733934622,0.15785717316150322,1.9623438462163343,951128616186590.9,1021541679979055.1,998,986335148082823.0,35206531896232.086,567062440070315.1,1.9623438462163343,8.593403698281337,8.760895396627832,998,8.677149547454585,0.08374584917324701,1.348872581880877,1.9623438462163343,2.551183591323429,2.577372183131732,998,2.5642778872275804,0.01309429590415165,0.21090641385230122,1.9623438462163343,999,0.7867867867867868,-0.07536441137336394,-0.0645415059857653,998,-0.06995295867956462,0.005411452693799325,0.08716085918134242,1.9623438462163343,LinearRegression,"{'mode': 'original', 'type': 'LinearRegression'}",10,"['nodes_T6W30', 'edges_T6W30', 're_T6W30', 'l1_T6W30', 'l2_T6W30', 'lcc_T6W30', 'atd_T6W30', 'density_T6W30', 'diameter_T6W30', 'asp_T6W30']",0.041294579550867946,0.056243127522362574,998,0.04876885353661526,0.007474273985747311,0.12038618448997399,1.9623438462163343,3.5533974406586144,3.5801382840170874,998,3.566767862337851,0.013370421679236697,0.2153538997974531,1.9623438462163343,completed,12.659523010253906,False,COMPLETE
435,2.9402410090432554,2026-06-13 23:59:18.170468,2026-06-13 23:59:29.704669,0 days 00:00:11.534201,LinearRegression,11,True,-0.0460016667388616,-0.040375581665297526,998,-0.04318862420207956,0.002813042536782038,0.045308943511699076,1.9623438462163343,2.9302290746127735,2.9502529434737372,998,2.9402410090432554,0.010011934430482069,0.1612596203655258,1.9623438462163343,957883006902181.1,1029280356447968.1,998,993581681675074.6,35698674772893.484,574989257211105.5,1.9623438462163343,8.572977262182604,8.743513462364955,998,8.65824536227378,0.08526810009117486,1.373391080961209,1.9623438462163343,2.5911919494237274,2.6192365787085112,998,2.6052142640661193,0.01402231464239195,0.22585376997611867,1.9623438462163343,999,0.7957957957957958,-0.08288510302715868,-0.07164954536278315,998,-0.07726732419497091,0.005617778832187768,0.09048410055682585,1.9623438462163343,LinearRegression,"{'mode': 'original', 'type': 'LinearRegression'}",11,"['nodes_T6W30', 'edges_T6W30', 're_T6W30', 'l1_T6W30', 'l2_T6W30', 'lcc_T6W30', 'lsc_T6W30', 'atd_T6W30', 'density_T6W30', 'diameter_T6W30', 'asp_T6W30']",0.021700923158950485,0.03667064782674829,998,0.029185785492849385,0.007484862333898901,0.12055672825602431,1.9623438462163343,3.565141189853697,3.5920357255511224,998,3.5785884577024096,0.013447267848712875,0.21659164103540451,1.9623438462163343,completed,11.425854921340942,True,COMPLETE
