number,value,datetime_start,datetime_complete,duration,params_regressor,params_rfe_n_features,params_use_scaler,user_attrs_d2mae_ci_lower_val,user_attrs_d2mae_ci_upper_val,user_attrs_d2mae_df_val,user_attrs_d2mae_mean_val,user_attrs_d2mae_samperror_val,user_attrs_d2mae_std_val,user_attrs_d2mae_t_critical_val,user_attrs_mae_ci_lower_val,user_attrs_mae_ci_upper_val,user_attrs_mae_df_val,user_attrs_mae_mean_val,user_attrs_mae_samperror_val,user_attrs_mae_std_val,user_attrs_mae_t_critical_val,user_attrs_mape_ci_lower_val,user_attrs_mape_ci_upper_val,user_attrs_mape_df_val,user_attrs_mape_mean_val,user_attrs_mape_samperror_val,user_attrs_mape_std_val,user_attrs_mape_t_critical_val,user_attrs_max_error_ci_lower_val,user_attrs_max_error_ci_upper_val,user_attrs_max_error_df_val,user_attrs_max_error_mean_val,user_attrs_max_error_samperror_val,user_attrs_max_error_std_val,user_attrs_max_error_t_critical_val,user_attrs_median_ae_ci_lower_val,user_attrs_median_ae_ci_upper_val,user_attrs_median_ae_df_val,user_attrs_median_ae_mean_val,user_attrs_median_ae_samperror_val,user_attrs_median_ae_std_val,user_attrs_median_ae_t_critical_val,user_attrs_n_splits_val,user_attrs_r2_below_zero_val,user_attrs_r2_ci_lower_val,user_attrs_r2_ci_upper_val,user_attrs_r2_df_val,user_attrs_r2_mean_val,user_attrs_r2_samperror_val,user_attrs_r2_std_val,user_attrs_r2_t_critical_val,user_attrs_regressor_final,user_attrs_rfe_estimator,user_attrs_rfe_n_features,user_attrs_rfe_selected_features,user_attrs_rho_ci_lower_val,user_attrs_rho_ci_upper_val,user_attrs_rho_df_val,user_attrs_rho_mean_val,user_attrs_rho_samperror_val,user_attrs_rho_std_val,user_attrs_rho_t_critical_val,user_attrs_rmse_ci_lower_val,user_attrs_rmse_ci_upper_val,user_attrs_rmse_df_val,user_attrs_rmse_mean_val,user_attrs_rmse_samperror_val,user_attrs_rmse_std_val,user_attrs_rmse_t_critical_val,user_attrs_termination_reason,user_attrs_trial_time_seconds,user_attrs_use_scaler_final,state
71,2.83272482539211,2026-06-13 22:48:46.685763,2026-06-13 22:48:57.629509,0 days 00:00:10.943746,LinearRegression,4,False,-0.00697024952206445,-0.003013453107200566,998,-0.004991851314632508,0.001978398207431942,0.0318655446734633,1.9623438462163343,2.8244219026459607,2.8410277481382593,998,2.83272482539211,0.008302922746149459,0.13373301426064996,1.9623438462163343,934878958897138.4,1003490828981921.6,998,969184893939530.0,34305935042391.605,552556761096775.25,1.9623438462163343,8.248292216021955,8.384753149100359,998,8.316522682561157,0.0682304665392025,1.098970354617547,1.9623438462163343,2.5533750306173153,2.5767839111966944,998,2.565079470907005,0.011704440289689724,0.1885203714438879,1.9623438462163343,999,0.45545545545545546,-0.008670652543510116,-0.0012353720015407408,998,-0.004953012272525428,0.0037176402709846873,0.05987906362324383,1.9623438462163343,LinearRegression,"{'mode': 'original', 'type': 'LinearRegression'}",4,"['edges_T6W30', 'l1_T6W30', 'atd_T6W30', 'density_T6W30']",0.12124460304301055,0.13661187042390094,998,0.12892823673345574,0.007683633690445197,0.1237582867279422,1.9623438462163343,3.446417164191897,3.4696501570381058,998,3.4580336606150013,0.011616496423104552,0.187103882488884,1.9623438462163343,completed,10.933027267456055,False,COMPLETE
72,2.908982823852938,2026-06-13 22:48:57.649164,2026-06-13 22:49:08.756437,0 days 00:00:11.107273,LinearRegression,9,False,-0.03466262802254097,-0.029518151423201532,998,-0.03209038972287125,0.0025722382996697206,0.0414303723795395,1.9623438462163343,2.8995249110375485,2.918440736668327,998,2.908982823852938,0.009457912815389175,0.1523361385005059,1.9623438462163343,938373817880344.0,1007680333342036.8,998,973027075611190.4,34653257730846.355,558150997183062.75,1.9623438462163343,8.516550211847465,8.668666860541434,998,8.592608536194449,0.07605832434698401,1.2250516216417242,1.9623438462163343,2.5430939464694204,2.568946397044479,998,2.5560201717569497,0.012926225287529368,0.2081993442026447,1.9623438462163343,999,0.7427427427427428,-0.0640887194186798,-0.05384400894876223,998,-0.05896636418372102,0.005122355234958788,0.08250444170428363,1.9623438462163343,LinearRegression,"{'mode': 'original', 'type': 'LinearRegression'}",9,"['nodes_T6W30', 'edges_T6W30', 're_T6W30', 'l1_T6W30', 'l2_T6W30', 'lcc_T6W30', 'atd_T6W30', 'density_T6W30', 'asp_T6W30']",0.05069579390697757,0.0657124895457498,998,0.05820414172636369,0.007508347819386117,0.12093500285421165,1.9623438462163343,3.535608062415293,3.561470809967973,998,3.548539436191633,0.012931373776339938,0.20828226957104512,1.9623438462163343,completed,11.096280813217163,False,COMPLETE
73,2.8920592387358495,2026-06-13 22:49:08.871718,2026-06-13 22:49:19.880268,0 days 00:00:11.008550,LinearRegression,8,True,-0.028490843103272358,-0.023583372135724735,998,-0.026037107619498547,0.002453735483773811,0.039521678386754314,1.9623438462163343,2.882704012953381,2.901414464518318,998,2.8920592387358495,0.009355225782468406,0.15068218520504184,1.9623438462163343,941326350818434.5,1010877755287026.8,998,976102053052730.6,34775702234296.07,560123178910704.75,1.9623438462163343,8.47535542880601,8.632728964321222,998,8.554042196563616,0.07868676775760691,1.2673872751053386,1.9623438462163343,2.5277307632226087,2.5531502551305767,998,2.5404405091765927,0.012709745953984171,0.20471256795706758,1.9623438462163343,999,0.6816816816816816,-0.049804429291215264,-0.040268287462818526,998,-0.045036358377016895,0.004768070914198369,0.0767980764195349,1.9623438462163343,LinearRegression,"{'mode': 'original', 'type': 'LinearRegression'}",8,"['nodes_T6W30', 're_T6W30', 'l1_T6W30', 'l2_T6W30', 'lcc_T6W30', 'atd_T6W30', 'density_T6W30', 'diameter_T6W30']",0.07024161204160981,0.08538071443722325,998,0.07781116323941653,0.00756955119780672,0.12192078973063636,1.9623438462163343,3.51281239811251,3.5384650603891026,998,3.5256387292508062,0.012826331138296296,0.20659037515736034,1.9623438462163343,completed,10.996293067932129,True,COMPLETE
74,2.8479234830925186,2026-06-13 22:49:19.899710,2026-06-13 22:49:30.812632,0 days 00:00:10.912922,LinearRegression,5,False,-0.012508759270792627,-0.008346820063499115,998,-0.010427789667145871,0.0020809696036467565,0.03351763543862092,1.9623438462163343,2.839564223754519,2.856282742430518,998,2.8479234830925186,0.008359259337999735,0.13464041307329136,1.9623438462163343,933259206935642.0,1001949799198610.5,998,967604503067126.2,34345296131484.203,553190739907595.44,1.9623438462163343,8.239976379602005,8.376766943050544,998,8.308371661326275,0.06839528172426922,1.101624989878982,1.9623438462163343,2.5580159721012308,2.5828682877962734,998,2.570442129948752,0.01242615784752134,0.20014488818390186,1.9623438462163343,999,0.5295295295295295,-0.01859356324675962,-0.010697647362397315,998,-0.014645605304578467,0.003947957942181153,0.06358873036931596,1.9623438462163343,LinearRegression,"{'mode': 'original', 'type': 'LinearRegression'}",5,"['edges_T6W30', 're_T6W30', 'l1_T6W30', 'atd_T6W30', 'density_T6W30']",0.0998940749181264,0.11542332747929974,998,0.10765870119871307,0.007764626280586679,0.1250628132836567,1.9623438462163343,3.462690317177565,3.4859537034770605,998,3.4743220103273127,0.011631693149747886,0.18734865220709565,1.9623438462163343,completed,10.901608228683472,False,COMPLETE
75,2.8633936384923393,2026-06-13 22:49:30.832467,2026-06-13 22:49:41.745651,0 days 00:00:10.913184,LinearRegression,6,False,-0.018065704662292698,-0.013702404404074392,998,-0.015884054533183544,0.002181650129109153,0.03513927044102733,1.9623438462163343,2.854691027400061,2.8720962495846174,998,2.8633936384923393,0.008702611092277896,0.14017069035698584,1.9623438462163343,938211082835035.9,1007324858822005.4,998,972767970828520.6,34556887993484.727,556598794921894.56,1.9623438462163343,8.24662852560367,8.380816149373702,998,8.313722337488686,0.0670938118850156,1.0806625541326749,1.9623438462163343,2.5550354729949185,2.5803110073015794,998,2.567673240148249,0.01263776715333036,0.20355322416108146,1.9623438462163343,999,0.5765765765765766,-0.025705295123461303,-0.01748459337196742,998,-0.02159494424771436,0.004110350875746943,0.06620435105667623,1.9623438462163343,LinearRegression,"{'mode': 'original', 'type': 'LinearRegression'}",6,"['edges_T6W30', 're_T6W30', 'l1_T6W30', 'l2_T6W30', 'atd_T6W30', 'density_T6W30']",0.09627823430522567,0.1115936929070177,998,0.10393596360612169,0.007657729300896024,0.12334105147200783,1.9623438462163343,3.474280040744906,3.4979093910548014,998,3.4860947158998536,0.011814675154947798,0.19029589570905292,1.9623438462163343,completed,10.902034997940063,False,COMPLETE
76,2.9402410090432554,2026-06-13 22:49:41.765186,2026-06-13 22:49:52.488120,0 days 00:00:10.722934,LinearRegression,11,True,-0.0460016667388616,-0.040375581665297526,998,-0.04318862420207956,0.002813042536782038,0.045308943511699076,1.9623438462163343,2.9302290746127735,2.9502529434737372,998,2.9402410090432554,0.010011934430482069,0.1612596203655258,1.9623438462163343,957883006902181.1,1029280356447968.1,998,993581681675074.6,35698674772893.484,574989257211105.5,1.9623438462163343,8.572977262182604,8.743513462364955,998,8.65824536227378,0.08526810009117486,1.373391080961209,1.9623438462163343,2.5911919494237274,2.6192365787085112,998,2.6052142640661193,0.01402231464239195,0.22585376997611867,1.9623438462163343,999,0.7957957957957958,-0.08288510302715868,-0.07164954536278315,998,-0.07726732419497091,0.005617778832187768,0.09048410055682585,1.9623438462163343,LinearRegression,"{'mode': 'original', 'type': 'LinearRegression'}",11,"['nodes_T6W30', 'edges_T6W30', 're_T6W30', 'l1_T6W30', 'l2_T6W30', 'lcc_T6W30', 'lsc_T6W30', 'atd_T6W30', 'density_T6W30', 'diameter_T6W30', 'asp_T6W30']",0.021700923158950485,0.03667064782674829,998,0.029185785492849385,0.007484862333898901,0.12055672825602431,1.9623438462163343,3.565141189853697,3.5920357255511224,998,3.5785884577024096,0.013447267848712875,0.21659164103540451,1.9623438462163343,completed,10.712098836898804,True,COMPLETE
77,2.8839241515157577,2026-06-13 22:49:52.507570,2026-06-13 22:50:03.224710,0 days 00:00:10.717140,LinearRegression,7,False,-0.025508749846112528,-0.020868589779577233,998,-0.02318866981284488,0.0023200800332676464,0.03736892485465097,1.9623438462163343,2.8749849606222586,2.8928633424092567,998,2.8839241515157577,0.008939190893498906,0.1439812196004554,1.9623438462163343,938259311463837.6,1007424696822625.1,998,972842004143231.4,34582692679393.72,557014424277263.44,1.9623438462163343,8.313314713860919,8.445432901181402,998,8.37937380752116,0.06605909366024125,1.0639966171680468,1.9623438462163343,2.5688636655906953,2.5937176359345826,998,2.581290650762639,0.012426985171943657,0.20015821368290393,1.9623438462163343,999,0.6436436436436437,-0.04020410876543909,-0.031333614021318165,998,-0.03576886139337863,0.004435247372060463,0.071437374306818,1.9623438462163343,LinearRegression,"{'mode': 'original', 'type': 'LinearRegression'}",7,"['edges_T6W30', 're_T6W30', 'l1_T6W30', 'l2_T6W30', 'lcc_T6W30', 'atd_T6W30', 'density_T6W30']",0.07397509692863574,0.08921160811943693,998,0.08159335252403634,0.00761825559540059,0.12270525877811703,1.9623438462163343,3.49780579976701,3.521929586832228,998,3.509867693299619,0.01206189353260901,0.19427777773253604,1.9623438462163343,completed,10.70622706413269,False,COMPLETE
78,2.8479234830925186,2026-06-13 22:50:03.340806,2026-06-13 22:50:14.010320,0 days 00:00:10.669514,LinearRegression,5,False,-0.012508759270792627,-0.008346820063499115,998,-0.010427789667145871,0.0020809696036467565,0.03351763543862092,1.9623438462163343,2.839564223754519,2.856282742430518,998,2.8479234830925186,0.008359259337999735,0.13464041307329136,1.9623438462163343,933259206935642.0,1001949799198610.5,998,967604503067126.2,34345296131484.203,553190739907595.44,1.9623438462163343,8.239976379602005,8.376766943050544,998,8.308371661326275,0.06839528172426922,1.101624989878982,1.9623438462163343,2.5580159721012308,2.5828682877962734,998,2.570442129948752,0.01242615784752134,0.20014488818390186,1.9623438462163343,999,0.5295295295295295,-0.01859356324675962,-0.010697647362397315,998,-0.014645605304578467,0.003947957942181153,0.06358873036931596,1.9623438462163343,LinearRegression,"{'mode': 'original', 'type': 'LinearRegression'}",5,"['edges_T6W30', 're_T6W30', 'l1_T6W30', 'atd_T6W30', 'density_T6W30']",0.0998940749181264,0.11542332747929974,998,0.10765870119871307,0.007764626280586679,0.1250628132836567,1.9623438462163343,3.462690317177565,3.4859537034770605,998,3.4743220103273127,0.011631693149747886,0.18734865220709565,1.9623438462163343,completed,10.65810775756836,False,COMPLETE
79,2.83272482539211,2026-06-13 22:50:14.035500,2026-06-13 22:50:24.899117,0 days 00:00:10.863617,LinearRegression,4,False,-0.00697024952206445,-0.003013453107200566,998,-0.004991851314632508,0.001978398207431942,0.0318655446734633,1.9623438462163343,2.8244219026459607,2.8410277481382593,998,2.83272482539211,0.008302922746149459,0.13373301426064996,1.9623438462163343,934878958897138.4,1003490828981921.6,998,969184893939530.0,34305935042391.605,552556761096775.25,1.9623438462163343,8.248292216021955,8.384753149100359,998,8.316522682561157,0.0682304665392025,1.098970354617547,1.9623438462163343,2.5533750306173153,2.5767839111966944,998,2.565079470907005,0.011704440289689724,0.1885203714438879,1.9623438462163343,999,0.45545545545545546,-0.008670652543510116,-0.0012353720015407408,998,-0.004953012272525428,0.0037176402709846873,0.05987906362324383,1.9623438462163343,LinearRegression,"{'mode': 'original', 'type': 'LinearRegression'}",4,"['edges_T6W30', 'l1_T6W30', 'atd_T6W30', 'density_T6W30']",0.12124460304301055,0.13661187042390094,998,0.12892823673345574,0.007683633690445197,0.1237582867279422,1.9623438462163343,3.446417164191897,3.4696501570381058,998,3.4580336606150013,0.011616496423104552,0.187103882488884,1.9623438462163343,completed,10.852895975112915,False,COMPLETE
80,2.9622590562691777,2026-06-13 22:50:24.918587,2026-06-13 22:50:35.935015,0 days 00:00:11.016428,LinearRegression,12,False,-0.053968709261068046,-0.04799114413856008,998,-0.05097992669981406,0.0029887825612539866,0.04813954231617109,1.9623438462163343,2.9517714278622926,2.972746684676063,998,2.9622590562691777,0.010487628406885307,0.16892149935380643,1.9623438462163343,959931794593989.4,1031466335296353.1,998,995699064945171.2,35767270351181.914,576094108325578.2,1.9623438462163343,9.077699399830884,9.302125341831601,998,9.189912370831243,0.11221297100035862,1.8073850991785119,1.9623438462163343,2.6180965120028348,2.6459894645269144,998,2.6320429882648746,0.013946476262039742,0.22463226093511865,1.9623438462163343,999,0.8598598598598599,-0.11147363438649381,-0.09853824840698559,998,-0.1050059413967397,0.006467692989754107,0.10417344654126957,1.9623438462163343,LinearRegression,"{'mode': 'original', 'type': 'LinearRegression'}",12,"['nodes_T6W30', 'edges_T6W30', 're_T6W30', 'pe_T6W30', 'l1_T6W30', 'l2_T6W30', 'lcc_T6W30', 'lsc_T6W30', 'atd_T6W30', 'density_T6W30', 'diameter_T6W30', 'asp_T6W30']",0.0013030668294685133,0.016251937075561343,998,0.008777501952514928,0.007474435123046415,0.12038877988648408,1.9623438462163343,3.6092276063482083,3.6388530006481425,998,3.6240403034981754,0.01481269714996716,0.2385842551785666,1.9623438462163343,completed,11.005537033081055,False,COMPLETE
81,2.9815947761387847,2026-06-13 22:50:35.955453,2026-06-13 22:50:46.910038,0 days 00:00:10.954585,LinearRegression,13,True,-0.06087506090777034,-0.05473627451999326,998,-0.0578056677138818,0.0030693931938885434,0.049437916781798465,1.9623438462163343,2.970794878900723,2.9923946733768463,998,2.9815947761387847,0.010799897238061677,0.17395113209033078,1.9623438462163343,955543669716152.6,1026915332279396.6,998,991229500997774.6,35685831281622.03,574782390442152.5,1.9623438462163343,9.098849806410966,9.321248915034994,998,9.21004936072298,0.11119955431201395,1.7910622605133883,1.9623438462163343,2.6379105320596388,2.6667610647692737,998,2.652335798414456,0.01442526635481738,0.23234400826348972,1.9623438462163343,999,0.9009009009009009,-0.1258298198487928,-0.11251846074944323,998,-0.11917414029911802,0.006655679549674783,0.10720129710272892,1.9623438462163343,LinearRegression,"{'mode': 'original', 'type': 'LinearRegression'}",13,"['nodes_T6W30', 'edges_T6W30', 're_T6W30', 'pe_T6W30', 'l1_T6W30', 'l2_T6W30', 'l3_T6W30', 'lcc_T6W30', 'lsc_T6W30', 'atd_T6W30', 'density_T6W30', 'diameter_T6W30', 'asp_T6W30']",-0.016203942139828193,-0.001230791884734901,998,-0.008717367012281547,0.0074865751275466465,0.1205843157772289,1.9623438462163343,3.6320482279708424,3.6622571854034174,998,3.64715270668713,0.015104478716287572,0.24328390487575527,1.9623438462163343,completed,10.943835973739624,True,COMPLETE
82,2.981594776138785,2026-06-13 22:50:46.929464,2026-06-13 22:50:59.039239,0 days 00:00:12.109775,LinearRegression,13,False,-0.06087506090777042,-0.05473627451999333,998,-0.057805667713881875,0.0030693931938885477,0.049437916781798534,1.9623438462163343,2.9707948789007235,2.9923946733768467,998,2.981594776138785,0.010799897238061703,0.1739511320903312,1.9623438462163343,955543669716153.1,1026915332279397.1,998,991229500997775.1,35685831281622.055,574782390442152.9,1.9623438462163343,9.098849806410968,9.321248915034996,998,9.210049360722982,0.11119955431201464,1.7910622605133997,1.9623438462163343,2.6379105320596374,2.6667610647692723,998,2.652335798414455,0.014425266354817392,0.23234400826348992,1.9623438462163343,999,0.9009009009009009,-0.12582981984879235,-0.11251846074944277,998,-0.11917414029911756,0.006655679549674793,0.10720129710272908,1.9623438462163343,LinearRegression,"{'mode': 'original', 'type': 'LinearRegression'}",13,"['nodes_T6W30', 'edges_T6W30', 're_T6W30', 'pe_T6W30', 'l1_T6W30', 'l2_T6W30', 'l3_T6W30', 'lcc_T6W30', 'lsc_T6W30', 'atd_T6W30', 'density_T6W30', 'diameter_T6W30', 'asp_T6W30']",-0.016203942139828193,-0.001230791884734901,998,-0.008717367012281547,0.0074865751275466465,0.1205843157772289,1.9623438462163343,3.632048227970841,3.662257185403416,998,3.6471527066871285,0.015104478716287588,0.24328390487575552,1.9623438462163343,completed,12.098265171051025,False,COMPLETE
83,2.866901673384946,2026-06-13 22:50:59.059812,2026-06-13 22:51:10.930459,0 days 00:00:11.870647,LinearRegression,6,True,-0.01928274218468376,-0.014926439710788065,998,-0.017104590947735913,0.002178151236947848,0.03508291469623599,1.9623438462163343,2.858113805520161,2.8756895412497308,998,2.866901673384946,0.00878786786478492,0.14154389898749928,1.9623438462163343,936100346869089.2,1005087787518431.0,998,970594067193760.1,34493720324670.934,555581369731686.2,1.9623438462163343,8.364328720693356,8.5197733602544,998,8.442051040473878,0.0777223197805211,1.25185316271906,1.9623438462163343,2.5535826425774197,2.5780597152534193,998,2.5658211789154195,0.012238536337999626,0.19712291739414492,1.9623438462163343,999,0.6166166166166166,-0.03369628145162872,-0.0252252007876606,998,-0.02946074111964466,0.004235540331984061,0.06822074502396994,1.9623438462163343,LinearRegression,"{'mode': 'original', 'type': 'LinearRegression'}",6,"['nodes_T6W30', 're_T6W30', 'l1_T6W30', 'lcc_T6W30', 'atd_T6W30', 'density_T6W30']",0.07607543779652126,0.09155596917548717,998,0.08381570348600421,0.007740265689482949,0.1246704435872165,1.9623438462163343,3.4874219259963146,3.5118132404705156,998,3.499617583233415,0.012195657237100449,0.19643227488338655,1.9623438462163343,completed,11.857654094696045,True,COMPLETE
84,2.8491171093961345,2026-06-13 22:51:10.953312,2026-06-13 22:51:23.894494,0 days 00:00:12.941182,LinearRegression,4,True,-0.012514582404908037,-0.008847189781833954,998,-0.010680886093370996,0.001833696311537041,0.02953486892241766,1.9623438462163343,2.84057555546713,2.857658663325139,998,2.8491171093961345,0.008541553929004577,0.13757658457383867,1.9623438462163343,937460211151886.8,1006478652914196.5,998,971969432033041.6,34509220881154.918,555831033158011.75,1.9623438462163343,8.419705852539364,8.579970744077885,998,8.499838298308624,0.08013244576926017,1.2906724343269385,1.9623438462163343,2.538889960189404,2.564052462234321,998,2.5514712112118625,0.012581251022458113,0.20264293356017224,1.9623438462163343,999,0.5635635635635635,-0.021944734739415706,-0.014739687897046435,998,-0.01834221131823107,0.0036025234211846356,0.058024906504524285,1.9623438462163343,LinearRegression,"{'mode': 'original', 'type': 'LinearRegression'}",4,"['nodes_T6W30', 'lcc_T6W30', 'atd_T6W30', 'density_T6W30']",0.09454884451802963,0.11010332737184049,998,0.10232608594493506,0.00777724142690543,0.12526600215992656,1.9623438462163343,3.4694890146415545,3.4939578668868374,998,3.481723440764196,0.012234426122641598,0.19705671522583687,1.9623438462163343,completed,12.930093765258789,True,COMPLETE
