number,value,datetime_start,datetime_complete,duration,params_regressor,params_rfe_n_features,params_use_scaler,user_attrs_d2mae_ci_lower_val,user_attrs_d2mae_ci_upper_val,user_attrs_d2mae_df_val,user_attrs_d2mae_mean_val,user_attrs_d2mae_samperror_val,user_attrs_d2mae_std_val,user_attrs_d2mae_t_critical_val,user_attrs_mae_ci_lower_val,user_attrs_mae_ci_upper_val,user_attrs_mae_df_val,user_attrs_mae_mean_val,user_attrs_mae_samperror_val,user_attrs_mae_std_val,user_attrs_mae_t_critical_val,user_attrs_mape_ci_lower_val,user_attrs_mape_ci_upper_val,user_attrs_mape_df_val,user_attrs_mape_mean_val,user_attrs_mape_samperror_val,user_attrs_mape_std_val,user_attrs_mape_t_critical_val,user_attrs_max_error_ci_lower_val,user_attrs_max_error_ci_upper_val,user_attrs_max_error_df_val,user_attrs_max_error_mean_val,user_attrs_max_error_samperror_val,user_attrs_max_error_std_val,user_attrs_max_error_t_critical_val,user_attrs_median_ae_ci_lower_val,user_attrs_median_ae_ci_upper_val,user_attrs_median_ae_df_val,user_attrs_median_ae_mean_val,user_attrs_median_ae_samperror_val,user_attrs_median_ae_std_val,user_attrs_median_ae_t_critical_val,user_attrs_n_splits_val,user_attrs_r2_below_zero_val,user_attrs_r2_ci_lower_val,user_attrs_r2_ci_upper_val,user_attrs_r2_df_val,user_attrs_r2_mean_val,user_attrs_r2_samperror_val,user_attrs_r2_std_val,user_attrs_r2_t_critical_val,user_attrs_regressor_final,user_attrs_rfe_estimator,user_attrs_rfe_n_features,user_attrs_rfe_selected_features,user_attrs_rho_ci_lower_val,user_attrs_rho_ci_upper_val,user_attrs_rho_df_val,user_attrs_rho_mean_val,user_attrs_rho_samperror_val,user_attrs_rho_std_val,user_attrs_rho_t_critical_val,user_attrs_rmse_ci_lower_val,user_attrs_rmse_ci_upper_val,user_attrs_rmse_df_val,user_attrs_rmse_mean_val,user_attrs_rmse_samperror_val,user_attrs_rmse_std_val,user_attrs_rmse_t_critical_val,user_attrs_termination_reason,user_attrs_trial_time_seconds,user_attrs_use_scaler_final,state
200,2.83272482539211,2026-06-13 23:13:16.763916,2026-06-13 23:13:28.605814,0 days 00:00:11.841898,LinearRegression,4,False,-0.00697024952206445,-0.003013453107200566,998,-0.004991851314632508,0.001978398207431942,0.0318655446734633,1.9623438462163343,2.8244219026459607,2.8410277481382593,998,2.83272482539211,0.008302922746149459,0.13373301426064996,1.9623438462163343,934878958897138.4,1003490828981921.6,998,969184893939530.0,34305935042391.605,552556761096775.25,1.9623438462163343,8.248292216021955,8.384753149100359,998,8.316522682561157,0.0682304665392025,1.098970354617547,1.9623438462163343,2.5533750306173153,2.5767839111966944,998,2.565079470907005,0.011704440289689724,0.1885203714438879,1.9623438462163343,999,0.45545545545545546,-0.008670652543510116,-0.0012353720015407408,998,-0.004953012272525428,0.0037176402709846873,0.05987906362324383,1.9623438462163343,LinearRegression,"{'mode': 'original', 'type': 'LinearRegression'}",4,"['edges_T6W30', 'l1_T6W30', 'atd_T6W30', 'density_T6W30']",0.12124460304301055,0.13661187042390094,998,0.12892823673345574,0.007683633690445197,0.1237582867279422,1.9623438462163343,3.446417164191897,3.4696501570381058,998,3.4580336606150013,0.011616496423104552,0.187103882488884,1.9623438462163343,completed,11.735942125320435,False,COMPLETE
201,2.8839241515157577,2026-06-13 23:13:28.627689,2026-06-13 23:13:40.561885,0 days 00:00:11.934196,LinearRegression,7,False,-0.025508749846112528,-0.020868589779577233,998,-0.02318866981284488,0.0023200800332676464,0.03736892485465097,1.9623438462163343,2.8749849606222586,2.8928633424092567,998,2.8839241515157577,0.008939190893498906,0.1439812196004554,1.9623438462163343,938259311463837.6,1007424696822625.1,998,972842004143231.4,34582692679393.72,557014424277263.44,1.9623438462163343,8.313314713860919,8.445432901181402,998,8.37937380752116,0.06605909366024125,1.0639966171680468,1.9623438462163343,2.5688636655906953,2.5937176359345826,998,2.581290650762639,0.012426985171943657,0.20015821368290393,1.9623438462163343,999,0.6436436436436437,-0.04020410876543909,-0.031333614021318165,998,-0.03576886139337863,0.004435247372060463,0.071437374306818,1.9623438462163343,LinearRegression,"{'mode': 'original', 'type': 'LinearRegression'}",7,"['edges_T6W30', 're_T6W30', 'l1_T6W30', 'l2_T6W30', 'lcc_T6W30', 'atd_T6W30', 'density_T6W30']",0.07397509692863574,0.08921160811943693,998,0.08159335252403634,0.00761825559540059,0.12270525877811703,1.9623438462163343,3.49780579976701,3.521929586832228,998,3.509867693299619,0.01206189353260901,0.19427777773253604,1.9623438462163343,completed,11.923150062561035,False,COMPLETE
202,2.8888317279357913,2026-06-13 23:13:40.582010,2026-06-13 23:13:51.821701,0 days 00:00:11.239691,LinearRegression,8,False,-0.027359254455023463,-0.02249673120137006,998,-0.02492799282819676,0.0024312616268267035,0.039159697825994176,1.9623438462163343,2.8796512131907397,2.898012242680843,998,2.8888317279357913,0.009180514745051818,0.14786816002708136,1.9623438462163343,935775816087348.0,1004822926247540.2,998,970299371167444.1,34523555080096.105,556061910367161.5,1.9623438462163343,8.363015453376763,8.489150349067001,998,8.426082901221882,0.06306744784511946,1.0158109571675324,1.9623438462163343,2.5320685977599675,2.5572691389852613,998,2.5446688683726144,0.012600270612646756,0.20294927714588237,1.9623438462163343,999,0.6766766766766766,-0.04723025571297114,-0.03791396352014084,998,-0.04257210961655599,0.004658146096415151,0.0750275460082987,1.9623438462163343,LinearRegression,"{'mode': 'original', 'type': 'LinearRegression'}",8,"['edges_T6W30', 're_T6W30', 'l1_T6W30', 'l2_T6W30', 'lcc_T6W30', 'atd_T6W30', 'density_T6W30', 'asp_T6W30']",0.06697778016027502,0.08216478134190812,998,0.07457128075109157,0.007593500590816549,0.12230653636647044,1.9623438462163343,3.508898469596972,3.5336276901748005,998,3.521263079885886,0.01236461028891453,0.1991535576868561,1.9623438462163343,completed,11.226861238479614,False,COMPLETE
203,2.9402410090432554,2026-06-13 23:13:51.845312,2026-06-13 23:14:03.806105,0 days 00:00:11.960793,LinearRegression,11,True,-0.0460016667388616,-0.040375581665297526,998,-0.04318862420207956,0.002813042536782038,0.045308943511699076,1.9623438462163343,2.9302290746127735,2.9502529434737372,998,2.9402410090432554,0.010011934430482069,0.1612596203655258,1.9623438462163343,957883006902181.1,1029280356447968.1,998,993581681675074.6,35698674772893.484,574989257211105.5,1.9623438462163343,8.572977262182604,8.743513462364955,998,8.65824536227378,0.08526810009117486,1.373391080961209,1.9623438462163343,2.5911919494237274,2.6192365787085112,998,2.6052142640661193,0.01402231464239195,0.22585376997611867,1.9623438462163343,999,0.7957957957957958,-0.08288510302715868,-0.07164954536278315,998,-0.07726732419497091,0.005617778832187768,0.09048410055682585,1.9623438462163343,LinearRegression,"{'mode': 'original', 'type': 'LinearRegression'}",11,"['nodes_T6W30', 'edges_T6W30', 're_T6W30', 'l1_T6W30', 'l2_T6W30', 'lcc_T6W30', 'lsc_T6W30', 'atd_T6W30', 'density_T6W30', 'diameter_T6W30', 'asp_T6W30']",0.021700923158950485,0.03667064782674829,998,0.029185785492849385,0.007484862333898901,0.12055672825602431,1.9623438462163343,3.565141189853697,3.5920357255511224,998,3.5785884577024096,0.013447267848712875,0.21659164103540451,1.9623438462163343,completed,11.949919939041138,True,COMPLETE
204,2.9622590562691777,2026-06-13 23:14:03.825778,2026-06-13 23:14:15.830528,0 days 00:00:12.004750,LinearRegression,12,True,-0.05396870926106806,-0.04799114413856009,998,-0.05097992669981408,0.0029887825612539857,0.048139542316171076,1.9623438462163343,2.9517714278622926,2.972746684676063,998,2.9622590562691777,0.010487628406885306,0.1689214993538064,1.9623438462163343,959931794593988.8,1031466335296352.5,998,995699064945170.6,35767270351181.87,576094108325577.5,1.9623438462163343,9.077699399830882,9.3021253418316,998,9.189912370831241,0.11221297100035812,1.8073850991785037,1.9623438462163343,2.6180965120028348,2.6459894645269144,998,2.6320429882648746,0.013946476262039728,0.2246322609351184,1.9623438462163343,999,0.8598598598598599,-0.11147363438649421,-0.098538248406986,998,-0.1050059413967401,0.006467692989754109,0.1041734465412696,1.9623438462163343,LinearRegression,"{'mode': 'original', 'type': 'LinearRegression'}",12,"['nodes_T6W30', 'edges_T6W30', 're_T6W30', 'pe_T6W30', 'l1_T6W30', 'l2_T6W30', 'lcc_T6W30', 'lsc_T6W30', 'atd_T6W30', 'density_T6W30', 'diameter_T6W30', 'asp_T6W30']",0.0013030668294685133,0.016251937075561343,998,0.008777501952514928,0.007474435123046415,0.12038877988648408,1.9623438462163343,3.609227606348209,3.6388530006481434,998,3.6240403034981763,0.014812697149967155,0.23858425517856652,1.9623438462163343,completed,11.99351191520691,True,COMPLETE
205,2.8490533409099457,2026-06-13 23:14:15.851694,2026-06-13 23:14:27.794975,0 days 00:00:11.943281,LinearRegression,5,True,-0.012763136317143566,-0.008649377991493058,998,-0.010706257154318312,0.002056879162825255,0.0331296169824187,1.9623438462163343,2.8402850821059404,2.857821599713951,998,2.8490533409099457,0.008768258804005087,0.14122806095249849,1.9623438462163343,940579784281541.2,1009683072974271.2,998,975131428627906.2,34551644346364.99,556514336863391.44,1.9623438462163343,8.387574008304306,8.546510972467047,998,8.467042490385676,0.07946848208137142,1.2799781441286875,1.9623438462163343,2.555955531684378,2.5792120993309546,998,2.5675838155076662,0.011628283823288335,0.18729373907373598,1.9623438462163343,999,0.5545545545545546,-0.02255146890397074,-0.014619853143889885,998,-0.018585661023930312,0.003965807880040428,0.06387623466958098,1.9623438462163343,LinearRegression,"{'mode': 'original', 'type': 'LinearRegression'}",5,"['nodes_T6W30', 'l1_T6W30', 'lcc_T6W30', 'atd_T6W30', 'density_T6W30']",0.09718552806842816,0.11232756131395165,998,0.1047565446911899,0.007571016622761748,0.12194439294873204,1.9623438462163343,3.4693197094074493,3.4938043992304766,998,3.481562054318963,0.012242344911513511,0.19718426109582893,1.9623438462163343,completed,11.932354927062988,True,COMPLETE
206,2.8491171093961345,2026-06-13 23:14:27.814762,2026-06-13 23:14:39.384463,0 days 00:00:11.569701,LinearRegression,4,True,-0.012514582404908037,-0.008847189781833954,998,-0.010680886093370996,0.001833696311537041,0.02953486892241766,1.9623438462163343,2.84057555546713,2.857658663325139,998,2.8491171093961345,0.008541553929004577,0.13757658457383867,1.9623438462163343,937460211151886.8,1006478652914196.5,998,971969432033041.6,34509220881154.918,555831033158011.75,1.9623438462163343,8.419705852539364,8.579970744077885,998,8.499838298308624,0.08013244576926017,1.2906724343269385,1.9623438462163343,2.538889960189404,2.564052462234321,998,2.5514712112118625,0.012581251022458113,0.20264293356017224,1.9623438462163343,999,0.5635635635635635,-0.021944734739415706,-0.014739687897046435,998,-0.01834221131823107,0.0036025234211846356,0.058024906504524285,1.9623438462163343,LinearRegression,"{'mode': 'original', 'type': 'LinearRegression'}",4,"['nodes_T6W30', 'lcc_T6W30', 'atd_T6W30', 'density_T6W30']",0.09454884451802963,0.11010332737184049,998,0.10232608594493506,0.00777724142690543,0.12526600215992656,1.9623438462163343,3.4694890146415545,3.4939578668868374,998,3.481723440764196,0.012234426122641598,0.19705671522583687,1.9623438462163343,completed,11.558658123016357,True,COMPLETE
207,2.8839241515157577,2026-06-13 23:14:39.405311,2026-06-13 23:14:51.603747,0 days 00:00:12.198436,LinearRegression,7,False,-0.025508749846112528,-0.020868589779577233,998,-0.02318866981284488,0.0023200800332676464,0.03736892485465097,1.9623438462163343,2.8749849606222586,2.8928633424092567,998,2.8839241515157577,0.008939190893498906,0.1439812196004554,1.9623438462163343,938259311463837.6,1007424696822625.1,998,972842004143231.4,34582692679393.72,557014424277263.44,1.9623438462163343,8.313314713860919,8.445432901181402,998,8.37937380752116,0.06605909366024125,1.0639966171680468,1.9623438462163343,2.5688636655906953,2.5937176359345826,998,2.581290650762639,0.012426985171943657,0.20015821368290393,1.9623438462163343,999,0.6436436436436437,-0.04020410876543909,-0.031333614021318165,998,-0.03576886139337863,0.004435247372060463,0.071437374306818,1.9623438462163343,LinearRegression,"{'mode': 'original', 'type': 'LinearRegression'}",7,"['edges_T6W30', 're_T6W30', 'l1_T6W30', 'l2_T6W30', 'lcc_T6W30', 'atd_T6W30', 'density_T6W30']",0.07397509692863574,0.08921160811943693,998,0.08159335252403634,0.00761825559540059,0.12270525877811703,1.9623438462163343,3.49780579976701,3.521929586832228,998,3.509867693299619,0.01206189353260901,0.19427777773253604,1.9623438462163343,completed,12.187093019485474,False,COMPLETE
208,2.8752681416328163,2026-06-13 23:14:51.623865,2026-06-13 23:15:04.501706,0 days 00:00:12.877841,LinearRegression,7,True,-0.022302834192773312,-0.017818066483412796,998,-0.020060450338093054,0.0022423838546802573,0.036117492741321484,1.9623438462163343,2.866299659126132,2.8842366241395005,998,2.8752681416328163,0.008968482506684278,0.14445301198533017,1.9623438462163343,939244237630400.0,1008451820672110.2,998,973848029151255.1,34603791520855.164,557354257821704.7,1.9623438462163343,8.451438132683872,8.618045829077502,998,8.534741980880687,0.0833038481968158,1.3417533872681475,1.9623438462163343,2.5510379922064477,2.5752183240619138,998,2.5631281581341807,0.012090165927733086,0.19473315383754247,1.9623438462163343,999,0.6656656656656657,-0.04138528101128908,-0.032588633164786024,998,-0.03698695708803755,0.004398323923251528,0.07084265793318831,1.9623438462163343,LinearRegression,"{'mode': 'original', 'type': 'LinearRegression'}",7,"['nodes_T6W30', 're_T6W30', 'l1_T6W30', 'lcc_T6W30', 'atd_T6W30', 'density_T6W30', 'diameter_T6W30']",0.0652734306243811,0.08052215785566277,998,0.07289779424002193,0.007624363615640843,0.1228036390693552,1.9623438462163343,3.499877600559527,3.525001259346973,998,3.51243942995325,0.012561829393722738,0.20233011444429677,1.9623438462163343,completed,12.86531114578247,True,COMPLETE
209,2.8490533409099457,2026-06-13 23:15:04.526702,2026-06-13 23:15:16.854017,0 days 00:00:12.327315,LinearRegression,5,True,-0.012763136317143566,-0.008649377991493058,998,-0.010706257154318312,0.002056879162825255,0.0331296169824187,1.9623438462163343,2.8402850821059404,2.857821599713951,998,2.8490533409099457,0.008768258804005087,0.14122806095249849,1.9623438462163343,940579784281541.2,1009683072974271.2,998,975131428627906.2,34551644346364.99,556514336863391.44,1.9623438462163343,8.387574008304306,8.546510972467047,998,8.467042490385676,0.07946848208137142,1.2799781441286875,1.9623438462163343,2.555955531684378,2.5792120993309546,998,2.5675838155076662,0.011628283823288335,0.18729373907373598,1.9623438462163343,999,0.5545545545545546,-0.02255146890397074,-0.014619853143889885,998,-0.018585661023930312,0.003965807880040428,0.06387623466958098,1.9623438462163343,LinearRegression,"{'mode': 'original', 'type': 'LinearRegression'}",5,"['nodes_T6W30', 'l1_T6W30', 'lcc_T6W30', 'atd_T6W30', 'density_T6W30']",0.09718552806842816,0.11232756131395165,998,0.1047565446911899,0.007571016622761748,0.12194439294873204,1.9623438462163343,3.4693197094074493,3.4938043992304766,998,3.481562054318963,0.012242344911513511,0.19718426109582893,1.9623438462163343,completed,12.315852165222168,True,COMPLETE
210,2.8888317279357913,2026-06-13 23:15:16.873900,2026-06-13 23:15:28.555989,0 days 00:00:11.682089,LinearRegression,8,False,-0.027359254455023463,-0.02249673120137006,998,-0.02492799282819676,0.0024312616268267035,0.039159697825994176,1.9623438462163343,2.8796512131907397,2.898012242680843,998,2.8888317279357913,0.009180514745051818,0.14786816002708136,1.9623438462163343,935775816087348.0,1004822926247540.2,998,970299371167444.1,34523555080096.105,556061910367161.5,1.9623438462163343,8.363015453376763,8.489150349067001,998,8.426082901221882,0.06306744784511946,1.0158109571675324,1.9623438462163343,2.5320685977599675,2.5572691389852613,998,2.5446688683726144,0.012600270612646756,0.20294927714588237,1.9623438462163343,999,0.6766766766766766,-0.04723025571297114,-0.03791396352014084,998,-0.04257210961655599,0.004658146096415151,0.0750275460082987,1.9623438462163343,LinearRegression,"{'mode': 'original', 'type': 'LinearRegression'}",8,"['edges_T6W30', 're_T6W30', 'l1_T6W30', 'l2_T6W30', 'lcc_T6W30', 'atd_T6W30', 'density_T6W30', 'asp_T6W30']",0.06697778016027502,0.08216478134190812,998,0.07457128075109157,0.007593500590816549,0.12230653636647044,1.9623438462163343,3.508898469596972,3.5336276901748005,998,3.521263079885886,0.01236461028891453,0.1991535576868561,1.9623438462163343,completed,11.671080827713013,False,COMPLETE
211,2.8752681416328163,2026-06-13 23:15:28.575825,2026-06-13 23:15:39.979658,0 days 00:00:11.403833,LinearRegression,7,True,-0.022302834192773312,-0.017818066483412796,998,-0.020060450338093054,0.0022423838546802573,0.036117492741321484,1.9623438462163343,2.866299659126132,2.8842366241395005,998,2.8752681416328163,0.008968482506684278,0.14445301198533017,1.9623438462163343,939244237630400.0,1008451820672110.2,998,973848029151255.1,34603791520855.164,557354257821704.7,1.9623438462163343,8.451438132683872,8.618045829077502,998,8.534741980880687,0.0833038481968158,1.3417533872681475,1.9623438462163343,2.5510379922064477,2.5752183240619138,998,2.5631281581341807,0.012090165927733086,0.19473315383754247,1.9623438462163343,999,0.6656656656656657,-0.04138528101128908,-0.032588633164786024,998,-0.03698695708803755,0.004398323923251528,0.07084265793318831,1.9623438462163343,LinearRegression,"{'mode': 'original', 'type': 'LinearRegression'}",7,"['nodes_T6W30', 're_T6W30', 'l1_T6W30', 'lcc_T6W30', 'atd_T6W30', 'density_T6W30', 'diameter_T6W30']",0.0652734306243811,0.08052215785566277,998,0.07289779424002193,0.007624363615640843,0.1228036390693552,1.9623438462163343,3.499877600559527,3.525001259346973,998,3.51243942995325,0.012561829393722738,0.20233011444429677,1.9623438462163343,completed,11.392651796340942,True,COMPLETE
212,2.8490533409099457,2026-06-13 23:15:39.999242,2026-06-13 23:15:51.224880,0 days 00:00:11.225638,LinearRegression,5,True,-0.012763136317143566,-0.008649377991493058,998,-0.010706257154318312,0.002056879162825255,0.0331296169824187,1.9623438462163343,2.8402850821059404,2.857821599713951,998,2.8490533409099457,0.008768258804005087,0.14122806095249849,1.9623438462163343,940579784281541.2,1009683072974271.2,998,975131428627906.2,34551644346364.99,556514336863391.44,1.9623438462163343,8.387574008304306,8.546510972467047,998,8.467042490385676,0.07946848208137142,1.2799781441286875,1.9623438462163343,2.555955531684378,2.5792120993309546,998,2.5675838155076662,0.011628283823288335,0.18729373907373598,1.9623438462163343,999,0.5545545545545546,-0.02255146890397074,-0.014619853143889885,998,-0.018585661023930312,0.003965807880040428,0.06387623466958098,1.9623438462163343,LinearRegression,"{'mode': 'original', 'type': 'LinearRegression'}",5,"['nodes_T6W30', 'l1_T6W30', 'lcc_T6W30', 'atd_T6W30', 'density_T6W30']",0.09718552806842816,0.11232756131395165,998,0.1047565446911899,0.007571016622761748,0.12194439294873204,1.9623438462163343,3.4693197094074493,3.4938043992304766,998,3.481562054318963,0.012242344911513511,0.19718426109582893,1.9623438462163343,completed,11.214707136154175,True,COMPLETE
213,2.8490533409099457,2026-06-13 23:15:51.341403,2026-06-13 23:16:02.483371,0 days 00:00:11.141968,LinearRegression,5,True,-0.012763136317143566,-0.008649377991493058,998,-0.010706257154318312,0.002056879162825255,0.0331296169824187,1.9623438462163343,2.8402850821059404,2.857821599713951,998,2.8490533409099457,0.008768258804005087,0.14122806095249849,1.9623438462163343,940579784281541.2,1009683072974271.2,998,975131428627906.2,34551644346364.99,556514336863391.44,1.9623438462163343,8.387574008304306,8.546510972467047,998,8.467042490385676,0.07946848208137142,1.2799781441286875,1.9623438462163343,2.555955531684378,2.5792120993309546,998,2.5675838155076662,0.011628283823288335,0.18729373907373598,1.9623438462163343,999,0.5545545545545546,-0.02255146890397074,-0.014619853143889885,998,-0.018585661023930312,0.003965807880040428,0.06387623466958098,1.9623438462163343,LinearRegression,"{'mode': 'original', 'type': 'LinearRegression'}",5,"['nodes_T6W30', 'l1_T6W30', 'lcc_T6W30', 'atd_T6W30', 'density_T6W30']",0.09718552806842816,0.11232756131395165,998,0.1047565446911899,0.007571016622761748,0.12194439294873204,1.9623438462163343,3.4693197094074493,3.4938043992304766,998,3.481562054318963,0.012242344911513511,0.19718426109582893,1.9623438462163343,completed,11.130614042282104,True,COMPLETE
214,2.817249167254051,2026-06-13 23:16:02.503789,2026-06-13 23:16:13.807950,0 days 00:00:11.304161,LinearRegression,3,False,-0.0013072040908093413,0.002420341943112585,998,0.0005565689261516219,0.0018637730169609632,0.030019306583509483,1.9623438462163343,2.808961018652244,2.825537315855858,998,2.817249167254051,0.008288148601807372,0.13349505096550723,1.9623438462163343,933026144956416.4,1001412288817086.9,998,967219216886751.6,34193071930335.24,550738904344930.25,1.9623438462163343,8.246702967715738,8.380956627081616,998,8.313829797398677,0.06712682968293847,1.0811943632046697,1.9623438462163343,2.5369545378225826,2.5593057638306584,998,2.5481301508266205,0.01117561300403811,0.1800026880815724,1.9623438462163343,999,0.3733733733733734,0.0021376942605868844,0.00895557032515029,998,0.005546632292868587,0.0034089380322817027,0.05490687706280564,1.9623438462163343,LinearRegression,"{'mode': 'original', 'type': 'LinearRegression'}",3,"['l1_T6W30', 'atd_T6W30', 'density_T6W30']",0.13964589018817972,0.15495388600524354,998,0.14729988809671163,0.007653997908531915,0.12328095090700222,1.9623438462163343,3.428765259427453,3.4520093388188187,998,3.440387299123136,0.011622039695682915,0.18719316653661483,1.9623438462163343,completed,11.292707920074463,False,COMPLETE
