number,value,datetime_start,datetime_complete,duration,params_regressor,params_rfe_n_features,params_use_scaler,user_attrs_d2mae_ci_lower_val,user_attrs_d2mae_ci_upper_val,user_attrs_d2mae_df_val,user_attrs_d2mae_mean_val,user_attrs_d2mae_samperror_val,user_attrs_d2mae_std_val,user_attrs_d2mae_t_critical_val,user_attrs_mae_ci_lower_val,user_attrs_mae_ci_upper_val,user_attrs_mae_df_val,user_attrs_mae_mean_val,user_attrs_mae_samperror_val,user_attrs_mae_std_val,user_attrs_mae_t_critical_val,user_attrs_mape_ci_lower_val,user_attrs_mape_ci_upper_val,user_attrs_mape_df_val,user_attrs_mape_mean_val,user_attrs_mape_samperror_val,user_attrs_mape_std_val,user_attrs_mape_t_critical_val,user_attrs_max_error_ci_lower_val,user_attrs_max_error_ci_upper_val,user_attrs_max_error_df_val,user_attrs_max_error_mean_val,user_attrs_max_error_samperror_val,user_attrs_max_error_std_val,user_attrs_max_error_t_critical_val,user_attrs_median_ae_ci_lower_val,user_attrs_median_ae_ci_upper_val,user_attrs_median_ae_df_val,user_attrs_median_ae_mean_val,user_attrs_median_ae_samperror_val,user_attrs_median_ae_std_val,user_attrs_median_ae_t_critical_val,user_attrs_n_splits_val,user_attrs_r2_below_zero_val,user_attrs_r2_ci_lower_val,user_attrs_r2_ci_upper_val,user_attrs_r2_df_val,user_attrs_r2_mean_val,user_attrs_r2_samperror_val,user_attrs_r2_std_val,user_attrs_r2_t_critical_val,user_attrs_regressor_final,user_attrs_rfe_estimator,user_attrs_rfe_n_features,user_attrs_rfe_selected_features,user_attrs_rho_ci_lower_val,user_attrs_rho_ci_upper_val,user_attrs_rho_df_val,user_attrs_rho_mean_val,user_attrs_rho_samperror_val,user_attrs_rho_std_val,user_attrs_rho_t_critical_val,user_attrs_rmse_ci_lower_val,user_attrs_rmse_ci_upper_val,user_attrs_rmse_df_val,user_attrs_rmse_mean_val,user_attrs_rmse_samperror_val,user_attrs_rmse_std_val,user_attrs_rmse_t_critical_val,user_attrs_termination_reason,user_attrs_trial_time_seconds,user_attrs_use_scaler_final,state
42,2.8189040602214006,2026-06-13 22:43:30.104847,2026-06-13 22:43:40.964502,0 days 00:00:10.859655,LinearRegression,2,False,-0.001607474833489859,0.0016692394937706133,998,3.088233014037723e-05,0.001638357163630236,0.026388592141172305,1.9623438462163343,2.8107637608241713,2.82704435961863,998,2.8189040602214006,0.008140299397229189,0.13111368233318443,1.9623438462163343,932233462482764.5,1000722847945478.2,998,966478155214121.4,34244692731356.855,551570347142874.06,1.9623438462163343,8.277148792058563,8.411151520476688,998,8.344150156267625,0.06700136420906215,1.0791735234931474,1.9623438462163343,2.5136038119263486,2.536604370886003,998,2.5251040914061758,0.011500279479827033,0.18523200645103102,1.9623438462163343,999,0.3763763763763764,0.0023917918761490607,0.008401326440598118,998,0.005396559158373589,0.0030047672822245282,0.04839700405378599,1.9623438462163343,LinearRegression,"{'mode': 'original', 'type': 'LinearRegression'}",2,"['atd_T6W30', 'density_T6W30']",0.14502328896213817,0.16079889249477936,998,0.15291109072845877,0.007887801766320594,0.1270467687525734,1.9623438462163343,3.429584025283717,3.4529696240620518,998,3.4412768246728844,0.011692799389167395,0.18833287449092861,1.9623438462163343,completed,10.848846912384033,False,COMPLETE
43,2.8491171093961345,2026-06-13 22:43:40.984626,2026-06-13 22:43:51.783224,0 days 00:00:10.798598,LinearRegression,4,True,-0.012514582404908037,-0.008847189781833954,998,-0.010680886093370996,0.001833696311537041,0.02953486892241766,1.9623438462163343,2.84057555546713,2.857658663325139,998,2.8491171093961345,0.008541553929004577,0.13757658457383867,1.9623438462163343,937460211151886.8,1006478652914196.5,998,971969432033041.6,34509220881154.918,555831033158011.75,1.9623438462163343,8.419705852539364,8.579970744077885,998,8.499838298308624,0.08013244576926017,1.2906724343269385,1.9623438462163343,2.538889960189404,2.564052462234321,998,2.5514712112118625,0.012581251022458113,0.20264293356017224,1.9623438462163343,999,0.5635635635635635,-0.021944734739415706,-0.014739687897046435,998,-0.01834221131823107,0.0036025234211846356,0.058024906504524285,1.9623438462163343,LinearRegression,"{'mode': 'original', 'type': 'LinearRegression'}",4,"['nodes_T6W30', 'lcc_T6W30', 'atd_T6W30', 'density_T6W30']",0.09454884451802963,0.11010332737184049,998,0.10232608594493506,0.00777724142690543,0.12526600215992656,1.9623438462163343,3.4694890146415545,3.4939578668868374,998,3.481723440764196,0.012234426122641598,0.19705671522583687,1.9623438462163343,completed,10.693081140518188,True,COMPLETE
44,2.981594776138785,2026-06-13 22:43:51.803730,2026-06-13 22:44:02.849717,0 days 00:00:11.045987,LinearRegression,13,False,-0.06087506090777042,-0.05473627451999333,998,-0.057805667713881875,0.0030693931938885477,0.049437916781798534,1.9623438462163343,2.9707948789007235,2.9923946733768467,998,2.981594776138785,0.010799897238061703,0.1739511320903312,1.9623438462163343,955543669716153.1,1026915332279397.1,998,991229500997775.1,35685831281622.055,574782390442152.9,1.9623438462163343,9.098849806410968,9.321248915034996,998,9.210049360722982,0.11119955431201464,1.7910622605133997,1.9623438462163343,2.6379105320596374,2.6667610647692723,998,2.652335798414455,0.014425266354817392,0.23234400826348992,1.9623438462163343,999,0.9009009009009009,-0.12582981984879235,-0.11251846074944277,998,-0.11917414029911756,0.006655679549674793,0.10720129710272908,1.9623438462163343,LinearRegression,"{'mode': 'original', 'type': 'LinearRegression'}",13,"['nodes_T6W30', 'edges_T6W30', 're_T6W30', 'pe_T6W30', 'l1_T6W30', 'l2_T6W30', 'l3_T6W30', 'lcc_T6W30', 'lsc_T6W30', 'atd_T6W30', 'density_T6W30', 'diameter_T6W30', 'asp_T6W30']",-0.016203942139828193,-0.001230791884734901,998,-0.008717367012281547,0.0074865751275466465,0.1205843157772289,1.9623438462163343,3.632048227970841,3.662257185403416,998,3.6471527066871285,0.015104478716287588,0.24328390487575552,1.9623438462163343,completed,11.035274028778076,False,COMPLETE
45,2.9276834034240067,2026-06-13 22:44:02.869188,2026-06-13 22:44:13.827726,0 days 00:00:10.958538,LinearRegression,10,False,-0.041405564436253664,-0.03601709517221072,998,-0.03871132980423219,0.00269423463202147,0.04339533553202814,1.9623438462163343,2.917882712690072,2.9374840941579414,998,2.9276834034240067,0.009800690733934622,0.15785717316150322,1.9623438462163343,951128616186590.9,1021541679979055.1,998,986335148082823.0,35206531896232.086,567062440070315.1,1.9623438462163343,8.593403698281337,8.760895396627832,998,8.677149547454585,0.08374584917324701,1.348872581880877,1.9623438462163343,2.551183591323429,2.577372183131732,998,2.5642778872275804,0.01309429590415165,0.21090641385230122,1.9623438462163343,999,0.7867867867867868,-0.07536441137336394,-0.0645415059857653,998,-0.06995295867956462,0.005411452693799325,0.08716085918134242,1.9623438462163343,LinearRegression,"{'mode': 'original', 'type': 'LinearRegression'}",10,"['nodes_T6W30', 'edges_T6W30', 're_T6W30', 'l1_T6W30', 'l2_T6W30', 'lcc_T6W30', 'atd_T6W30', 'density_T6W30', 'diameter_T6W30', 'asp_T6W30']",0.041294579550867946,0.056243127522362574,998,0.04876885353661526,0.007474273985747311,0.12038618448997399,1.9623438462163343,3.5533974406586144,3.5801382840170874,998,3.566767862337851,0.013370421679236697,0.2153538997974531,1.9623438462163343,completed,10.947778940200806,False,COMPLETE
46,2.981594776138785,2026-06-13 22:44:13.847493,2026-06-13 22:44:24.881603,0 days 00:00:11.034110,LinearRegression,13,False,-0.06087506090777042,-0.05473627451999333,998,-0.057805667713881875,0.0030693931938885477,0.049437916781798534,1.9623438462163343,2.9707948789007235,2.9923946733768467,998,2.981594776138785,0.010799897238061703,0.1739511320903312,1.9623438462163343,955543669716153.1,1026915332279397.1,998,991229500997775.1,35685831281622.055,574782390442152.9,1.9623438462163343,9.098849806410968,9.321248915034996,998,9.210049360722982,0.11119955431201464,1.7910622605133997,1.9623438462163343,2.6379105320596374,2.6667610647692723,998,2.652335798414455,0.014425266354817392,0.23234400826348992,1.9623438462163343,999,0.9009009009009009,-0.12582981984879235,-0.11251846074944277,998,-0.11917414029911756,0.006655679549674793,0.10720129710272908,1.9623438462163343,LinearRegression,"{'mode': 'original', 'type': 'LinearRegression'}",13,"['nodes_T6W30', 'edges_T6W30', 're_T6W30', 'pe_T6W30', 'l1_T6W30', 'l2_T6W30', 'l3_T6W30', 'lcc_T6W30', 'lsc_T6W30', 'atd_T6W30', 'density_T6W30', 'diameter_T6W30', 'asp_T6W30']",-0.016203942139828193,-0.001230791884734901,998,-0.008717367012281547,0.0074865751275466465,0.1205843157772289,1.9623438462163343,3.632048227970841,3.662257185403416,998,3.6471527066871285,0.015104478716287588,0.24328390487575552,1.9623438462163343,completed,11.023503303527832,False,COMPLETE
47,2.8479234830925186,2026-06-13 22:44:24.900761,2026-06-13 22:44:35.835797,0 days 00:00:10.935036,LinearRegression,5,False,-0.012508759270792627,-0.008346820063499115,998,-0.010427789667145871,0.0020809696036467565,0.03351763543862092,1.9623438462163343,2.839564223754519,2.856282742430518,998,2.8479234830925186,0.008359259337999735,0.13464041307329136,1.9623438462163343,933259206935642.0,1001949799198610.5,998,967604503067126.2,34345296131484.203,553190739907595.44,1.9623438462163343,8.239976379602005,8.376766943050544,998,8.308371661326275,0.06839528172426922,1.101624989878982,1.9623438462163343,2.5580159721012308,2.5828682877962734,998,2.570442129948752,0.01242615784752134,0.20014488818390186,1.9623438462163343,999,0.5295295295295295,-0.01859356324675962,-0.010697647362397315,998,-0.014645605304578467,0.003947957942181153,0.06358873036931596,1.9623438462163343,LinearRegression,"{'mode': 'original', 'type': 'LinearRegression'}",5,"['edges_T6W30', 're_T6W30', 'l1_T6W30', 'atd_T6W30', 'density_T6W30']",0.0998940749181264,0.11542332747929974,998,0.10765870119871307,0.007764626280586679,0.1250628132836567,1.9623438462163343,3.462690317177565,3.4859537034770605,998,3.4743220103273127,0.011631693149747886,0.18734865220709565,1.9623438462163343,completed,10.92435908317566,False,COMPLETE
48,2.9094955966500238,2026-06-13 22:44:35.855076,2026-06-13 22:44:46.678309,0 days 00:00:10.823233,LinearRegression,9,True,-0.03485562745513429,-0.0296735854235952,998,-0.03226460643936475,0.0025910210157695465,0.041732900695992475,1.9623438462163343,2.899972511844961,2.9190186814550865,998,2.9094955966500238,0.009523084805062677,0.15338584676479672,1.9623438462163343,941890319798564.6,1011436258745436.4,998,976663289272000.5,34772969473435.9,560079163043249.7,1.9623438462163343,8.536622648937563,8.69399719457288,998,8.615309921755221,0.07868727281765796,1.267395409976043,1.9623438462163343,2.5411179316552457,2.5669004649499514,998,2.5540091983025985,0.012891266647352934,0.2076362744899443,1.9623438462163343,999,0.7337337337337337,-0.06349833820119932,-0.05317559835374577,998,-0.05833696827747255,0.005161369923726775,0.08313284113529167,1.9623438462163343,LinearRegression,"{'mode': 'original', 'type': 'LinearRegression'}",9,"['nodes_T6W30', 'edges_T6W30', 're_T6W30', 'l1_T6W30', 'l2_T6W30', 'lcc_T6W30', 'atd_T6W30', 'density_T6W30', 'diameter_T6W30']",0.05529766120375673,0.07040418551446148,998,0.0628509233591091,0.007553262155352371,0.12165842636613922,1.9623438462163343,3.5344632806046348,3.5605529982402193,998,3.547508139422427,0.013044858817792352,0.2101101435776971,1.9623438462163343,completed,10.812638998031616,True,COMPLETE
49,2.8490533409099457,2026-06-13 22:44:46.697348,2026-06-13 22:44:57.633392,0 days 00:00:10.936044,LinearRegression,5,True,-0.012763136317143566,-0.008649377991493058,998,-0.010706257154318312,0.002056879162825255,0.0331296169824187,1.9623438462163343,2.8402850821059404,2.857821599713951,998,2.8490533409099457,0.008768258804005087,0.14122806095249849,1.9623438462163343,940579784281541.2,1009683072974271.2,998,975131428627906.2,34551644346364.99,556514336863391.44,1.9623438462163343,8.387574008304306,8.546510972467047,998,8.467042490385676,0.07946848208137142,1.2799781441286875,1.9623438462163343,2.555955531684378,2.5792120993309546,998,2.5675838155076662,0.011628283823288335,0.18729373907373598,1.9623438462163343,999,0.5545545545545546,-0.02255146890397074,-0.014619853143889885,998,-0.018585661023930312,0.003965807880040428,0.06387623466958098,1.9623438462163343,LinearRegression,"{'mode': 'original', 'type': 'LinearRegression'}",5,"['nodes_T6W30', 'l1_T6W30', 'lcc_T6W30', 'atd_T6W30', 'density_T6W30']",0.09718552806842816,0.11232756131395165,998,0.1047565446911899,0.007571016622761748,0.12194439294873204,1.9623438462163343,3.4693197094074493,3.4938043992304766,998,3.481562054318963,0.012242344911513511,0.19718426109582893,1.9623438462163343,completed,10.925142049789429,True,COMPLETE
50,2.849230971537735,2026-06-13 22:44:57.652434,2026-06-13 22:45:08.574615,0 days 00:00:10.922181,LinearRegression,3,True,-0.012476319870451374,-0.009010238297576374,998,-0.010743279084013874,0.001733040786437501,0.027913636594344676,1.9623438462163343,2.8409356679301387,2.8575262751453314,998,2.849230971537735,0.008295303607596475,0.133610294780304,1.9623438462163343,943312463828154.6,1012641712712612.6,998,977977088270383.6,34664624442229.016,558334077842959.1,1.9623438462163343,8.399120900566537,8.568716143854637,998,8.483918522210587,0.08479762164405047,1.3658132071446916,1.9623438462163343,2.541333455999973,2.568009110300173,998,2.554671283150073,0.013337827150099691,0.21482890820555614,1.9623438462163343,999,0.5295295295295295,-0.01727603484479843,-0.010441553183288967,998,-0.013858794014043697,0.0034172408307547317,0.05504060807543151,1.9623438462163343,LinearRegression,"{'mode': 'original', 'type': 'LinearRegression'}",3,"['nodes_T6W30', 'lcc_T6W30', 'atd_T6W30']",0.10869142065590578,0.12377782461078657,998,0.11623462263334618,0.007543201977440394,0.12149638970058177,1.9623438462163343,3.4620914729077135,3.486454005384761,998,3.474272739146237,0.012181266238523647,0.19620048281729885,1.9623438462163343,completed,10.911383867263794,True,COMPLETE
51,2.83272482539211,2026-06-13 22:45:08.595186,2026-06-13 22:45:19.501777,0 days 00:00:10.906591,LinearRegression,4,False,-0.00697024952206445,-0.003013453107200566,998,-0.004991851314632508,0.001978398207431942,0.0318655446734633,1.9623438462163343,2.8244219026459607,2.8410277481382593,998,2.83272482539211,0.008302922746149459,0.13373301426064996,1.9623438462163343,934878958897138.4,1003490828981921.6,998,969184893939530.0,34305935042391.605,552556761096775.25,1.9623438462163343,8.248292216021955,8.384753149100359,998,8.316522682561157,0.0682304665392025,1.098970354617547,1.9623438462163343,2.5533750306173153,2.5767839111966944,998,2.565079470907005,0.011704440289689724,0.1885203714438879,1.9623438462163343,999,0.45545545545545546,-0.008670652543510116,-0.0012353720015407408,998,-0.004953012272525428,0.0037176402709846873,0.05987906362324383,1.9623438462163343,LinearRegression,"{'mode': 'original', 'type': 'LinearRegression'}",4,"['edges_T6W30', 'l1_T6W30', 'atd_T6W30', 'density_T6W30']",0.12124460304301055,0.13661187042390094,998,0.12892823673345574,0.007683633690445197,0.1237582867279422,1.9623438462163343,3.446417164191897,3.4696501570381058,998,3.4580336606150013,0.011616496423104552,0.187103882488884,1.9623438462163343,completed,10.895627975463867,False,COMPLETE
52,2.83272482539211,2026-06-13 22:45:19.520835,2026-06-13 22:45:30.260557,0 days 00:00:10.739722,LinearRegression,4,False,-0.00697024952206445,-0.003013453107200566,998,-0.004991851314632508,0.001978398207431942,0.0318655446734633,1.9623438462163343,2.8244219026459607,2.8410277481382593,998,2.83272482539211,0.008302922746149459,0.13373301426064996,1.9623438462163343,934878958897138.4,1003490828981921.6,998,969184893939530.0,34305935042391.605,552556761096775.25,1.9623438462163343,8.248292216021955,8.384753149100359,998,8.316522682561157,0.0682304665392025,1.098970354617547,1.9623438462163343,2.5533750306173153,2.5767839111966944,998,2.565079470907005,0.011704440289689724,0.1885203714438879,1.9623438462163343,999,0.45545545545545546,-0.008670652543510116,-0.0012353720015407408,998,-0.004953012272525428,0.0037176402709846873,0.05987906362324383,1.9623438462163343,LinearRegression,"{'mode': 'original', 'type': 'LinearRegression'}",4,"['edges_T6W30', 'l1_T6W30', 'atd_T6W30', 'density_T6W30']",0.12124460304301055,0.13661187042390094,998,0.12892823673345574,0.007683633690445197,0.1237582867279422,1.9623438462163343,3.446417164191897,3.4696501570381058,998,3.4580336606150013,0.011616496423104552,0.187103882488884,1.9623438462163343,completed,10.728704929351807,False,COMPLETE
53,2.9094955966500238,2026-06-13 22:45:30.280193,2026-06-13 22:45:41.336216,0 days 00:00:11.056023,LinearRegression,9,True,-0.03485562745513429,-0.0296735854235952,998,-0.03226460643936475,0.0025910210157695465,0.041732900695992475,1.9623438462163343,2.899972511844961,2.9190186814550865,998,2.9094955966500238,0.009523084805062677,0.15338584676479672,1.9623438462163343,941890319798564.6,1011436258745436.4,998,976663289272000.5,34772969473435.9,560079163043249.7,1.9623438462163343,8.536622648937563,8.69399719457288,998,8.615309921755221,0.07868727281765796,1.267395409976043,1.9623438462163343,2.5411179316552457,2.5669004649499514,998,2.5540091983025985,0.012891266647352934,0.2076362744899443,1.9623438462163343,999,0.7337337337337337,-0.06349833820119932,-0.05317559835374577,998,-0.05833696827747255,0.005161369923726775,0.08313284113529167,1.9623438462163343,LinearRegression,"{'mode': 'original', 'type': 'LinearRegression'}",9,"['nodes_T6W30', 'edges_T6W30', 're_T6W30', 'l1_T6W30', 'l2_T6W30', 'lcc_T6W30', 'atd_T6W30', 'density_T6W30', 'diameter_T6W30']",0.05529766120375673,0.07040418551446148,998,0.0628509233591091,0.007553262155352371,0.12165842636613922,1.9623438462163343,3.5344632806046348,3.5605529982402193,998,3.547508139422427,0.013044858817792352,0.2101101435776971,1.9623438462163343,completed,11.045315742492676,True,COMPLETE
54,2.849230971537735,2026-06-13 22:45:41.355675,2026-06-13 22:45:52.044038,0 days 00:00:10.688363,LinearRegression,3,True,-0.012476319870451374,-0.009010238297576374,998,-0.010743279084013874,0.001733040786437501,0.027913636594344676,1.9623438462163343,2.8409356679301387,2.8575262751453314,998,2.849230971537735,0.008295303607596475,0.133610294780304,1.9623438462163343,943312463828154.6,1012641712712612.6,998,977977088270383.6,34664624442229.016,558334077842959.1,1.9623438462163343,8.399120900566537,8.568716143854637,998,8.483918522210587,0.08479762164405047,1.3658132071446916,1.9623438462163343,2.541333455999973,2.568009110300173,998,2.554671283150073,0.013337827150099691,0.21482890820555614,1.9623438462163343,999,0.5295295295295295,-0.01727603484479843,-0.010441553183288967,998,-0.013858794014043697,0.0034172408307547317,0.05504060807543151,1.9623438462163343,LinearRegression,"{'mode': 'original', 'type': 'LinearRegression'}",3,"['nodes_T6W30', 'lcc_T6W30', 'atd_T6W30']",0.10869142065590578,0.12377782461078657,998,0.11623462263334618,0.007543201977440394,0.12149638970058177,1.9623438462163343,3.4620914729077135,3.486454005384761,998,3.474272739146237,0.012181266238523647,0.19620048281729885,1.9623438462163343,completed,10.677466869354248,True,COMPLETE
55,2.8491171093961345,2026-06-13 22:45:52.063136,2026-06-13 22:46:02.681067,0 days 00:00:10.617931,LinearRegression,4,True,-0.012514582404908037,-0.008847189781833954,998,-0.010680886093370996,0.001833696311537041,0.02953486892241766,1.9623438462163343,2.84057555546713,2.857658663325139,998,2.8491171093961345,0.008541553929004577,0.13757658457383867,1.9623438462163343,937460211151886.8,1006478652914196.5,998,971969432033041.6,34509220881154.918,555831033158011.75,1.9623438462163343,8.419705852539364,8.579970744077885,998,8.499838298308624,0.08013244576926017,1.2906724343269385,1.9623438462163343,2.538889960189404,2.564052462234321,998,2.5514712112118625,0.012581251022458113,0.20264293356017224,1.9623438462163343,999,0.5635635635635635,-0.021944734739415706,-0.014739687897046435,998,-0.01834221131823107,0.0036025234211846356,0.058024906504524285,1.9623438462163343,LinearRegression,"{'mode': 'original', 'type': 'LinearRegression'}",4,"['nodes_T6W30', 'lcc_T6W30', 'atd_T6W30', 'density_T6W30']",0.09454884451802963,0.11010332737184049,998,0.10232608594493506,0.00777724142690543,0.12526600215992656,1.9623438462163343,3.4694890146415545,3.4939578668868374,998,3.481723440764196,0.012234426122641598,0.19705671522583687,1.9623438462163343,completed,10.607401132583618,True,COMPLETE
56,2.9276834034240067,2026-06-13 22:46:02.700378,2026-06-13 22:46:13.634126,0 days 00:00:10.933748,LinearRegression,10,False,-0.041405564436253664,-0.03601709517221072,998,-0.03871132980423219,0.00269423463202147,0.04339533553202814,1.9623438462163343,2.917882712690072,2.9374840941579414,998,2.9276834034240067,0.009800690733934622,0.15785717316150322,1.9623438462163343,951128616186590.9,1021541679979055.1,998,986335148082823.0,35206531896232.086,567062440070315.1,1.9623438462163343,8.593403698281337,8.760895396627832,998,8.677149547454585,0.08374584917324701,1.348872581880877,1.9623438462163343,2.551183591323429,2.577372183131732,998,2.5642778872275804,0.01309429590415165,0.21090641385230122,1.9623438462163343,999,0.7867867867867868,-0.07536441137336394,-0.0645415059857653,998,-0.06995295867956462,0.005411452693799325,0.08716085918134242,1.9623438462163343,LinearRegression,"{'mode': 'original', 'type': 'LinearRegression'}",10,"['nodes_T6W30', 'edges_T6W30', 're_T6W30', 'l1_T6W30', 'l2_T6W30', 'lcc_T6W30', 'atd_T6W30', 'density_T6W30', 'diameter_T6W30', 'asp_T6W30']",0.041294579550867946,0.056243127522362574,998,0.04876885353661526,0.007474273985747311,0.12038618448997399,1.9623438462163343,3.5533974406586144,3.5801382840170874,998,3.566767862337851,0.013370421679236697,0.2153538997974531,1.9623438462163343,completed,10.922842025756836,False,COMPLETE
