number,value,datetime_start,datetime_complete,duration,params_regressor,params_rfe_n_features,params_use_scaler,user_attrs_d2mae_ci_lower_val,user_attrs_d2mae_ci_upper_val,user_attrs_d2mae_df_val,user_attrs_d2mae_mean_val,user_attrs_d2mae_samperror_val,user_attrs_d2mae_std_val,user_attrs_d2mae_t_critical_val,user_attrs_mae_ci_lower_val,user_attrs_mae_ci_upper_val,user_attrs_mae_df_val,user_attrs_mae_mean_val,user_attrs_mae_samperror_val,user_attrs_mae_std_val,user_attrs_mae_t_critical_val,user_attrs_mape_ci_lower_val,user_attrs_mape_ci_upper_val,user_attrs_mape_df_val,user_attrs_mape_mean_val,user_attrs_mape_samperror_val,user_attrs_mape_std_val,user_attrs_mape_t_critical_val,user_attrs_max_error_ci_lower_val,user_attrs_max_error_ci_upper_val,user_attrs_max_error_df_val,user_attrs_max_error_mean_val,user_attrs_max_error_samperror_val,user_attrs_max_error_std_val,user_attrs_max_error_t_critical_val,user_attrs_median_ae_ci_lower_val,user_attrs_median_ae_ci_upper_val,user_attrs_median_ae_df_val,user_attrs_median_ae_mean_val,user_attrs_median_ae_samperror_val,user_attrs_median_ae_std_val,user_attrs_median_ae_t_critical_val,user_attrs_n_splits_val,user_attrs_r2_below_zero_val,user_attrs_r2_ci_lower_val,user_attrs_r2_ci_upper_val,user_attrs_r2_df_val,user_attrs_r2_mean_val,user_attrs_r2_samperror_val,user_attrs_r2_std_val,user_attrs_r2_t_critical_val,user_attrs_regressor_final,user_attrs_rfe_estimator,user_attrs_rfe_n_features,user_attrs_rfe_selected_features,user_attrs_rho_ci_lower_val,user_attrs_rho_ci_upper_val,user_attrs_rho_df_val,user_attrs_rho_mean_val,user_attrs_rho_samperror_val,user_attrs_rho_std_val,user_attrs_rho_t_critical_val,user_attrs_rmse_ci_lower_val,user_attrs_rmse_ci_upper_val,user_attrs_rmse_df_val,user_attrs_rmse_mean_val,user_attrs_rmse_samperror_val,user_attrs_rmse_std_val,user_attrs_rmse_t_critical_val,user_attrs_termination_reason,user_attrs_trial_time_seconds,user_attrs_use_scaler_final,state
450,2.8752681416328163,2026-06-14 00:02:15.058674,2026-06-14 00:02:26.821677,0 days 00:00:11.763003,LinearRegression,7,True,-0.022302834192773312,-0.017818066483412796,998,-0.020060450338093054,0.0022423838546802573,0.036117492741321484,1.9623438462163343,2.866299659126132,2.8842366241395005,998,2.8752681416328163,0.008968482506684278,0.14445301198533017,1.9623438462163343,939244237630400.0,1008451820672110.2,998,973848029151255.1,34603791520855.164,557354257821704.7,1.9623438462163343,8.451438132683872,8.618045829077502,998,8.534741980880687,0.0833038481968158,1.3417533872681475,1.9623438462163343,2.5510379922064477,2.5752183240619138,998,2.5631281581341807,0.012090165927733086,0.19473315383754247,1.9623438462163343,999,0.6656656656656657,-0.04138528101128908,-0.032588633164786024,998,-0.03698695708803755,0.004398323923251528,0.07084265793318831,1.9623438462163343,LinearRegression,"{'mode': 'original', 'type': 'LinearRegression'}",7,"['nodes_T6W30', 're_T6W30', 'l1_T6W30', 'lcc_T6W30', 'atd_T6W30', 'density_T6W30', 'diameter_T6W30']",0.0652734306243811,0.08052215785566277,998,0.07289779424002193,0.007624363615640843,0.1228036390693552,1.9623438462163343,3.499877600559527,3.525001259346973,998,3.51243942995325,0.012561829393722738,0.20233011444429677,1.9623438462163343,completed,11.75183892250061,True,COMPLETE
451,2.9622590562691777,2026-06-14 00:02:26.843763,2026-06-14 00:02:38.595485,0 days 00:00:11.751722,LinearRegression,12,True,-0.05396870926106806,-0.04799114413856009,998,-0.05097992669981408,0.0029887825612539857,0.048139542316171076,1.9623438462163343,2.9517714278622926,2.972746684676063,998,2.9622590562691777,0.010487628406885306,0.1689214993538064,1.9623438462163343,959931794593988.8,1031466335296352.5,998,995699064945170.6,35767270351181.87,576094108325577.5,1.9623438462163343,9.077699399830882,9.3021253418316,998,9.189912370831241,0.11221297100035812,1.8073850991785037,1.9623438462163343,2.6180965120028348,2.6459894645269144,998,2.6320429882648746,0.013946476262039728,0.2246322609351184,1.9623438462163343,999,0.8598598598598599,-0.11147363438649421,-0.098538248406986,998,-0.1050059413967401,0.006467692989754109,0.1041734465412696,1.9623438462163343,LinearRegression,"{'mode': 'original', 'type': 'LinearRegression'}",12,"['nodes_T6W30', 'edges_T6W30', 're_T6W30', 'pe_T6W30', 'l1_T6W30', 'l2_T6W30', 'lcc_T6W30', 'lsc_T6W30', 'atd_T6W30', 'density_T6W30', 'diameter_T6W30', 'asp_T6W30']",0.0013030668294685133,0.016251937075561343,998,0.008777501952514928,0.007474435123046415,0.12038877988648408,1.9623438462163343,3.609227606348209,3.6388530006481434,998,3.6240403034981763,0.014812697149967155,0.23858425517856652,1.9623438462163343,completed,11.738011121749878,True,COMPLETE
452,2.8490533409099457,2026-06-14 00:02:38.620978,2026-06-14 00:02:50.490211,0 days 00:00:11.869233,LinearRegression,5,True,-0.012763136317143566,-0.008649377991493058,998,-0.010706257154318312,0.002056879162825255,0.0331296169824187,1.9623438462163343,2.8402850821059404,2.857821599713951,998,2.8490533409099457,0.008768258804005087,0.14122806095249849,1.9623438462163343,940579784281541.2,1009683072974271.2,998,975131428627906.2,34551644346364.99,556514336863391.44,1.9623438462163343,8.387574008304306,8.546510972467047,998,8.467042490385676,0.07946848208137142,1.2799781441286875,1.9623438462163343,2.555955531684378,2.5792120993309546,998,2.5675838155076662,0.011628283823288335,0.18729373907373598,1.9623438462163343,999,0.5545545545545546,-0.02255146890397074,-0.014619853143889885,998,-0.018585661023930312,0.003965807880040428,0.06387623466958098,1.9623438462163343,LinearRegression,"{'mode': 'original', 'type': 'LinearRegression'}",5,"['nodes_T6W30', 'l1_T6W30', 'lcc_T6W30', 'atd_T6W30', 'density_T6W30']",0.09718552806842816,0.11232756131395165,998,0.1047565446911899,0.007571016622761748,0.12194439294873204,1.9623438462163343,3.4693197094074493,3.4938043992304766,998,3.481562054318963,0.012242344911513511,0.19718426109582893,1.9623438462163343,completed,11.85532283782959,True,COMPLETE
453,2.83272482539211,2026-06-14 00:02:50.514551,2026-06-14 00:03:02.821549,0 days 00:00:12.306998,LinearRegression,4,False,-0.00697024952206445,-0.003013453107200566,998,-0.004991851314632508,0.001978398207431942,0.0318655446734633,1.9623438462163343,2.8244219026459607,2.8410277481382593,998,2.83272482539211,0.008302922746149459,0.13373301426064996,1.9623438462163343,934878958897138.4,1003490828981921.6,998,969184893939530.0,34305935042391.605,552556761096775.25,1.9623438462163343,8.248292216021955,8.384753149100359,998,8.316522682561157,0.0682304665392025,1.098970354617547,1.9623438462163343,2.5533750306173153,2.5767839111966944,998,2.565079470907005,0.011704440289689724,0.1885203714438879,1.9623438462163343,999,0.45545545545545546,-0.008670652543510116,-0.0012353720015407408,998,-0.004953012272525428,0.0037176402709846873,0.05987906362324383,1.9623438462163343,LinearRegression,"{'mode': 'original', 'type': 'LinearRegression'}",4,"['edges_T6W30', 'l1_T6W30', 'atd_T6W30', 'density_T6W30']",0.12124460304301055,0.13661187042390094,998,0.12892823673345574,0.007683633690445197,0.1237582867279422,1.9623438462163343,3.446417164191897,3.4696501570381058,998,3.4580336606150013,0.011616496423104552,0.187103882488884,1.9623438462163343,completed,12.198710918426514,False,COMPLETE
454,2.9276834034240067,2026-06-14 00:03:02.842348,2026-06-14 00:03:15.043348,0 days 00:00:12.201000,LinearRegression,10,False,-0.041405564436253664,-0.03601709517221072,998,-0.03871132980423219,0.00269423463202147,0.04339533553202814,1.9623438462163343,2.917882712690072,2.9374840941579414,998,2.9276834034240067,0.009800690733934622,0.15785717316150322,1.9623438462163343,951128616186590.9,1021541679979055.1,998,986335148082823.0,35206531896232.086,567062440070315.1,1.9623438462163343,8.593403698281337,8.760895396627832,998,8.677149547454585,0.08374584917324701,1.348872581880877,1.9623438462163343,2.551183591323429,2.577372183131732,998,2.5642778872275804,0.01309429590415165,0.21090641385230122,1.9623438462163343,999,0.7867867867867868,-0.07536441137336394,-0.0645415059857653,998,-0.06995295867956462,0.005411452693799325,0.08716085918134242,1.9623438462163343,LinearRegression,"{'mode': 'original', 'type': 'LinearRegression'}",10,"['nodes_T6W30', 'edges_T6W30', 're_T6W30', 'l1_T6W30', 'l2_T6W30', 'lcc_T6W30', 'atd_T6W30', 'density_T6W30', 'diameter_T6W30', 'asp_T6W30']",0.041294579550867946,0.056243127522362574,998,0.04876885353661526,0.007474273985747311,0.12038618448997399,1.9623438462163343,3.5533974406586144,3.5801382840170874,998,3.566767862337851,0.013370421679236697,0.2153538997974531,1.9623438462163343,completed,12.189862728118896,False,COMPLETE
455,2.9622590562691777,2026-06-14 00:03:15.064030,2026-06-14 00:03:27.059796,0 days 00:00:11.995766,LinearRegression,12,False,-0.053968709261068046,-0.04799114413856008,998,-0.05097992669981406,0.0029887825612539866,0.04813954231617109,1.9623438462163343,2.9517714278622926,2.972746684676063,998,2.9622590562691777,0.010487628406885307,0.16892149935380643,1.9623438462163343,959931794593989.4,1031466335296353.1,998,995699064945171.2,35767270351181.914,576094108325578.2,1.9623438462163343,9.077699399830884,9.302125341831601,998,9.189912370831243,0.11221297100035862,1.8073850991785119,1.9623438462163343,2.6180965120028348,2.6459894645269144,998,2.6320429882648746,0.013946476262039742,0.22463226093511865,1.9623438462163343,999,0.8598598598598599,-0.11147363438649381,-0.09853824840698559,998,-0.1050059413967397,0.006467692989754107,0.10417344654126957,1.9623438462163343,LinearRegression,"{'mode': 'original', 'type': 'LinearRegression'}",12,"['nodes_T6W30', 'edges_T6W30', 're_T6W30', 'pe_T6W30', 'l1_T6W30', 'l2_T6W30', 'lcc_T6W30', 'lsc_T6W30', 'atd_T6W30', 'density_T6W30', 'diameter_T6W30', 'asp_T6W30']",0.0013030668294685133,0.016251937075561343,998,0.008777501952514928,0.007474435123046415,0.12038877988648408,1.9623438462163343,3.6092276063482083,3.6388530006481425,998,3.6240403034981754,0.01481269714996716,0.2385842551785666,1.9623438462163343,completed,11.982585906982422,False,COMPLETE
456,2.981594776138785,2026-06-14 00:03:27.082333,2026-06-14 00:03:38.714310,0 days 00:00:11.631977,LinearRegression,13,False,-0.06087506090777042,-0.05473627451999333,998,-0.057805667713881875,0.0030693931938885477,0.049437916781798534,1.9623438462163343,2.9707948789007235,2.9923946733768467,998,2.981594776138785,0.010799897238061703,0.1739511320903312,1.9623438462163343,955543669716153.1,1026915332279397.1,998,991229500997775.1,35685831281622.055,574782390442152.9,1.9623438462163343,9.098849806410968,9.321248915034996,998,9.210049360722982,0.11119955431201464,1.7910622605133997,1.9623438462163343,2.6379105320596374,2.6667610647692723,998,2.652335798414455,0.014425266354817392,0.23234400826348992,1.9623438462163343,999,0.9009009009009009,-0.12582981984879235,-0.11251846074944277,998,-0.11917414029911756,0.006655679549674793,0.10720129710272908,1.9623438462163343,LinearRegression,"{'mode': 'original', 'type': 'LinearRegression'}",13,"['nodes_T6W30', 'edges_T6W30', 're_T6W30', 'pe_T6W30', 'l1_T6W30', 'l2_T6W30', 'l3_T6W30', 'lcc_T6W30', 'lsc_T6W30', 'atd_T6W30', 'density_T6W30', 'diameter_T6W30', 'asp_T6W30']",-0.016203942139828193,-0.001230791884734901,998,-0.008717367012281547,0.0074865751275466465,0.1205843157772289,1.9623438462163343,3.632048227970841,3.662257185403416,998,3.6471527066871285,0.015104478716287588,0.24328390487575552,1.9623438462163343,completed,11.620821952819824,False,COMPLETE
457,2.8839241515157577,2026-06-14 00:03:38.734206,2026-06-14 00:03:52.244649,0 days 00:00:13.510443,LinearRegression,7,False,-0.025508749846112528,-0.020868589779577233,998,-0.02318866981284488,0.0023200800332676464,0.03736892485465097,1.9623438462163343,2.8749849606222586,2.8928633424092567,998,2.8839241515157577,0.008939190893498906,0.1439812196004554,1.9623438462163343,938259311463837.6,1007424696822625.1,998,972842004143231.4,34582692679393.72,557014424277263.44,1.9623438462163343,8.313314713860919,8.445432901181402,998,8.37937380752116,0.06605909366024125,1.0639966171680468,1.9623438462163343,2.5688636655906953,2.5937176359345826,998,2.581290650762639,0.012426985171943657,0.20015821368290393,1.9623438462163343,999,0.6436436436436437,-0.04020410876543909,-0.031333614021318165,998,-0.03576886139337863,0.004435247372060463,0.071437374306818,1.9623438462163343,LinearRegression,"{'mode': 'original', 'type': 'LinearRegression'}",7,"['edges_T6W30', 're_T6W30', 'l1_T6W30', 'l2_T6W30', 'lcc_T6W30', 'atd_T6W30', 'density_T6W30']",0.07397509692863574,0.08921160811943693,998,0.08159335252403634,0.00761825559540059,0.12270525877811703,1.9623438462163343,3.49780579976701,3.521929586832228,998,3.509867693299619,0.01206189353260901,0.19427777773253604,1.9623438462163343,completed,13.499243974685669,False,COMPLETE
458,2.8839241515157577,2026-06-14 00:03:52.266094,2026-06-14 00:04:04.512303,0 days 00:00:12.246209,LinearRegression,7,False,-0.025508749846112528,-0.020868589779577233,998,-0.02318866981284488,0.0023200800332676464,0.03736892485465097,1.9623438462163343,2.8749849606222586,2.8928633424092567,998,2.8839241515157577,0.008939190893498906,0.1439812196004554,1.9623438462163343,938259311463837.6,1007424696822625.1,998,972842004143231.4,34582692679393.72,557014424277263.44,1.9623438462163343,8.313314713860919,8.445432901181402,998,8.37937380752116,0.06605909366024125,1.0639966171680468,1.9623438462163343,2.5688636655906953,2.5937176359345826,998,2.581290650762639,0.012426985171943657,0.20015821368290393,1.9623438462163343,999,0.6436436436436437,-0.04020410876543909,-0.031333614021318165,998,-0.03576886139337863,0.004435247372060463,0.071437374306818,1.9623438462163343,LinearRegression,"{'mode': 'original', 'type': 'LinearRegression'}",7,"['edges_T6W30', 're_T6W30', 'l1_T6W30', 'l2_T6W30', 'lcc_T6W30', 'atd_T6W30', 'density_T6W30']",0.07397509692863574,0.08921160811943693,998,0.08159335252403634,0.00761825559540059,0.12270525877811703,1.9623438462163343,3.49780579976701,3.521929586832228,998,3.509867693299619,0.01206189353260901,0.19427777773253604,1.9623438462163343,completed,12.234227895736694,False,COMPLETE
459,2.9094955966500238,2026-06-14 00:04:04.532281,2026-06-14 00:04:16.381405,0 days 00:00:11.849124,LinearRegression,9,True,-0.03485562745513429,-0.0296735854235952,998,-0.03226460643936475,0.0025910210157695465,0.041732900695992475,1.9623438462163343,2.899972511844961,2.9190186814550865,998,2.9094955966500238,0.009523084805062677,0.15338584676479672,1.9623438462163343,941890319798564.6,1011436258745436.4,998,976663289272000.5,34772969473435.9,560079163043249.7,1.9623438462163343,8.536622648937563,8.69399719457288,998,8.615309921755221,0.07868727281765796,1.267395409976043,1.9623438462163343,2.5411179316552457,2.5669004649499514,998,2.5540091983025985,0.012891266647352934,0.2076362744899443,1.9623438462163343,999,0.7337337337337337,-0.06349833820119932,-0.05317559835374577,998,-0.05833696827747255,0.005161369923726775,0.08313284113529167,1.9623438462163343,LinearRegression,"{'mode': 'original', 'type': 'LinearRegression'}",9,"['nodes_T6W30', 'edges_T6W30', 're_T6W30', 'l1_T6W30', 'l2_T6W30', 'lcc_T6W30', 'atd_T6W30', 'density_T6W30', 'diameter_T6W30']",0.05529766120375673,0.07040418551446148,998,0.0628509233591091,0.007553262155352371,0.12165842636613922,1.9623438462163343,3.5344632806046348,3.5605529982402193,998,3.547508139422427,0.013044858817792352,0.2101101435776971,1.9623438462163343,completed,11.837998867034912,True,COMPLETE
460,2.981594776138785,2026-06-14 00:04:16.402276,2026-06-14 00:04:27.902953,0 days 00:00:11.500677,LinearRegression,13,False,-0.06087506090777042,-0.05473627451999333,998,-0.057805667713881875,0.0030693931938885477,0.049437916781798534,1.9623438462163343,2.9707948789007235,2.9923946733768467,998,2.981594776138785,0.010799897238061703,0.1739511320903312,1.9623438462163343,955543669716153.1,1026915332279397.1,998,991229500997775.1,35685831281622.055,574782390442152.9,1.9623438462163343,9.098849806410968,9.321248915034996,998,9.210049360722982,0.11119955431201464,1.7910622605133997,1.9623438462163343,2.6379105320596374,2.6667610647692723,998,2.652335798414455,0.014425266354817392,0.23234400826348992,1.9623438462163343,999,0.9009009009009009,-0.12582981984879235,-0.11251846074944277,998,-0.11917414029911756,0.006655679549674793,0.10720129710272908,1.9623438462163343,LinearRegression,"{'mode': 'original', 'type': 'LinearRegression'}",13,"['nodes_T6W30', 'edges_T6W30', 're_T6W30', 'pe_T6W30', 'l1_T6W30', 'l2_T6W30', 'l3_T6W30', 'lcc_T6W30', 'lsc_T6W30', 'atd_T6W30', 'density_T6W30', 'diameter_T6W30', 'asp_T6W30']",-0.016203942139828193,-0.001230791884734901,998,-0.008717367012281547,0.0074865751275466465,0.1205843157772289,1.9623438462163343,3.632048227970841,3.662257185403416,998,3.6471527066871285,0.015104478716287588,0.24328390487575552,1.9623438462163343,completed,11.489553928375244,False,COMPLETE
461,2.8479234830925186,2026-06-14 00:04:27.923827,2026-06-14 00:04:39.464196,0 days 00:00:11.540369,LinearRegression,5,False,-0.012508759270792627,-0.008346820063499115,998,-0.010427789667145871,0.0020809696036467565,0.03351763543862092,1.9623438462163343,2.839564223754519,2.856282742430518,998,2.8479234830925186,0.008359259337999735,0.13464041307329136,1.9623438462163343,933259206935642.0,1001949799198610.5,998,967604503067126.2,34345296131484.203,553190739907595.44,1.9623438462163343,8.239976379602005,8.376766943050544,998,8.308371661326275,0.06839528172426922,1.101624989878982,1.9623438462163343,2.5580159721012308,2.5828682877962734,998,2.570442129948752,0.01242615784752134,0.20014488818390186,1.9623438462163343,999,0.5295295295295295,-0.01859356324675962,-0.010697647362397315,998,-0.014645605304578467,0.003947957942181153,0.06358873036931596,1.9623438462163343,LinearRegression,"{'mode': 'original', 'type': 'LinearRegression'}",5,"['edges_T6W30', 're_T6W30', 'l1_T6W30', 'atd_T6W30', 'density_T6W30']",0.0998940749181264,0.11542332747929974,998,0.10765870119871307,0.007764626280586679,0.1250628132836567,1.9623438462163343,3.462690317177565,3.4859537034770605,998,3.4743220103273127,0.011631693149747886,0.18734865220709565,1.9623438462163343,completed,11.529293060302734,False,COMPLETE
462,2.9815947761387847,2026-06-14 00:04:39.484483,2026-06-14 00:04:51.201540,0 days 00:00:11.717057,LinearRegression,13,True,-0.06087506090777034,-0.05473627451999326,998,-0.0578056677138818,0.0030693931938885434,0.049437916781798465,1.9623438462163343,2.970794878900723,2.9923946733768463,998,2.9815947761387847,0.010799897238061677,0.17395113209033078,1.9623438462163343,955543669716152.6,1026915332279396.6,998,991229500997774.6,35685831281622.03,574782390442152.5,1.9623438462163343,9.098849806410966,9.321248915034994,998,9.21004936072298,0.11119955431201395,1.7910622605133883,1.9623438462163343,2.6379105320596388,2.6667610647692737,998,2.652335798414456,0.01442526635481738,0.23234400826348972,1.9623438462163343,999,0.9009009009009009,-0.1258298198487928,-0.11251846074944323,998,-0.11917414029911802,0.006655679549674783,0.10720129710272892,1.9623438462163343,LinearRegression,"{'mode': 'original', 'type': 'LinearRegression'}",13,"['nodes_T6W30', 'edges_T6W30', 're_T6W30', 'pe_T6W30', 'l1_T6W30', 'l2_T6W30', 'l3_T6W30', 'lcc_T6W30', 'lsc_T6W30', 'atd_T6W30', 'density_T6W30', 'diameter_T6W30', 'asp_T6W30']",-0.016203942139828193,-0.001230791884734901,998,-0.008717367012281547,0.0074865751275466465,0.1205843157772289,1.9623438462163343,3.6320482279708424,3.6622571854034174,998,3.64715270668713,0.015104478716287572,0.24328390487575527,1.9623438462163343,completed,11.705974102020264,True,COMPLETE
463,2.8347230017031846,2026-06-14 00:04:51.221655,2026-06-14 00:05:02.880083,0 days 00:00:11.658428,LinearRegression,2,True,-0.007197919834051776,-0.004003713501031405,998,-0.00560081666754159,0.0015971031665101853,0.025724124753742604,1.9623438462163343,2.8266906356546944,2.842755367751675,998,2.8347230017031846,0.008032366048490388,0.12937522799518883,1.9623438462163343,944113088937549.8,1013388372929746.0,998,978750730933647.9,34637641996098.105,557899478610431.6,1.9623438462163343,8.357703265943405,8.526819525479672,998,8.442261395711538,0.0845581297681332,1.3619557738725097,1.9623438462163343,2.5343418573907583,2.5611128666849168,998,2.5477273620378376,0.01338550464707916,0.21559683723228645,1.9623438462163343,999,0.42742742742742745,-0.004840272652618373,0.0012028002944754494,998,-0.001818736179071462,0.0030215364735469113,0.048667101051050696,1.9623438462163343,LinearRegression,"{'mode': 'original', 'type': 'LinearRegression'}",2,"['nodes_T6W30', 'lcc_T6W30']",0.1303703932770172,0.1456349059864546,998,0.1380026496317359,0.007632256354718716,0.12293076536209906,1.9623438462163343,3.44197352630271,3.4658189655783316,998,3.4538962459405207,0.01192271963781096,0.19203614005544586,1.9623438462163343,completed,11.647076845169067,True,COMPLETE
