number,value,datetime_start,datetime_complete,duration,params_regressor,params_rfe_n_features,params_use_scaler,user_attrs_d2mae_ci_lower_val,user_attrs_d2mae_ci_upper_val,user_attrs_d2mae_df_val,user_attrs_d2mae_mean_val,user_attrs_d2mae_samperror_val,user_attrs_d2mae_std_val,user_attrs_d2mae_t_critical_val,user_attrs_mae_ci_lower_val,user_attrs_mae_ci_upper_val,user_attrs_mae_df_val,user_attrs_mae_mean_val,user_attrs_mae_samperror_val,user_attrs_mae_std_val,user_attrs_mae_t_critical_val,user_attrs_mape_ci_lower_val,user_attrs_mape_ci_upper_val,user_attrs_mape_df_val,user_attrs_mape_mean_val,user_attrs_mape_samperror_val,user_attrs_mape_std_val,user_attrs_mape_t_critical_val,user_attrs_max_error_ci_lower_val,user_attrs_max_error_ci_upper_val,user_attrs_max_error_df_val,user_attrs_max_error_mean_val,user_attrs_max_error_samperror_val,user_attrs_max_error_std_val,user_attrs_max_error_t_critical_val,user_attrs_median_ae_ci_lower_val,user_attrs_median_ae_ci_upper_val,user_attrs_median_ae_df_val,user_attrs_median_ae_mean_val,user_attrs_median_ae_samperror_val,user_attrs_median_ae_std_val,user_attrs_median_ae_t_critical_val,user_attrs_n_splits_val,user_attrs_r2_below_zero_val,user_attrs_r2_ci_lower_val,user_attrs_r2_ci_upper_val,user_attrs_r2_df_val,user_attrs_r2_mean_val,user_attrs_r2_samperror_val,user_attrs_r2_std_val,user_attrs_r2_t_critical_val,user_attrs_regressor_final,user_attrs_rfe_estimator,user_attrs_rfe_n_features,user_attrs_rfe_selected_features,user_attrs_rho_ci_lower_val,user_attrs_rho_ci_upper_val,user_attrs_rho_df_val,user_attrs_rho_mean_val,user_attrs_rho_samperror_val,user_attrs_rho_std_val,user_attrs_rho_t_critical_val,user_attrs_rmse_ci_lower_val,user_attrs_rmse_ci_upper_val,user_attrs_rmse_df_val,user_attrs_rmse_mean_val,user_attrs_rmse_samperror_val,user_attrs_rmse_std_val,user_attrs_rmse_t_critical_val,user_attrs_termination_reason,user_attrs_trial_time_seconds,user_attrs_use_scaler_final,state
157,2.9622590562691777,2026-06-13 23:05:07.629860,2026-06-13 23:05:19.387320,0 days 00:00:11.757460,LinearRegression,12,True,-0.05396870926106806,-0.04799114413856009,998,-0.05097992669981408,0.0029887825612539857,0.048139542316171076,1.9623438462163343,2.9517714278622926,2.972746684676063,998,2.9622590562691777,0.010487628406885306,0.1689214993538064,1.9623438462163343,959931794593988.8,1031466335296352.5,998,995699064945170.6,35767270351181.87,576094108325577.5,1.9623438462163343,9.077699399830882,9.3021253418316,998,9.189912370831241,0.11221297100035812,1.8073850991785037,1.9623438462163343,2.6180965120028348,2.6459894645269144,998,2.6320429882648746,0.013946476262039728,0.2246322609351184,1.9623438462163343,999,0.8598598598598599,-0.11147363438649421,-0.098538248406986,998,-0.1050059413967401,0.006467692989754109,0.1041734465412696,1.9623438462163343,LinearRegression,"{'mode': 'original', 'type': 'LinearRegression'}",12,"['nodes_T6W30', 'edges_T6W30', 're_T6W30', 'pe_T6W30', 'l1_T6W30', 'l2_T6W30', 'lcc_T6W30', 'lsc_T6W30', 'atd_T6W30', 'density_T6W30', 'diameter_T6W30', 'asp_T6W30']",0.0013030668294685133,0.016251937075561343,998,0.008777501952514928,0.007474435123046415,0.12038877988648408,1.9623438462163343,3.609227606348209,3.6388530006481434,998,3.6240403034981763,0.014812697149967155,0.23858425517856652,1.9623438462163343,completed,11.746474981307983,True,COMPLETE
158,2.8189040602214006,2026-06-13 23:05:19.407660,2026-06-13 23:05:30.527049,0 days 00:00:11.119389,LinearRegression,2,False,-0.001607474833489859,0.0016692394937706133,998,3.088233014037723e-05,0.001638357163630236,0.026388592141172305,1.9623438462163343,2.8107637608241713,2.82704435961863,998,2.8189040602214006,0.008140299397229189,0.13111368233318443,1.9623438462163343,932233462482764.5,1000722847945478.2,998,966478155214121.4,34244692731356.855,551570347142874.06,1.9623438462163343,8.277148792058563,8.411151520476688,998,8.344150156267625,0.06700136420906215,1.0791735234931474,1.9623438462163343,2.5136038119263486,2.536604370886003,998,2.5251040914061758,0.011500279479827033,0.18523200645103102,1.9623438462163343,999,0.3763763763763764,0.0023917918761490607,0.008401326440598118,998,0.005396559158373589,0.0030047672822245282,0.04839700405378599,1.9623438462163343,LinearRegression,"{'mode': 'original', 'type': 'LinearRegression'}",2,"['atd_T6W30', 'density_T6W30']",0.14502328896213817,0.16079889249477936,998,0.15291109072845877,0.007887801766320594,0.1270467687525734,1.9623438462163343,3.429584025283717,3.4529696240620518,998,3.4412768246728844,0.011692799389167395,0.18833287449092861,1.9623438462163343,completed,11.108388900756836,False,COMPLETE
159,2.8888317279357913,2026-06-13 23:05:30.547121,2026-06-13 23:05:41.801453,0 days 00:00:11.254332,LinearRegression,8,False,-0.027359254455023463,-0.02249673120137006,998,-0.02492799282819676,0.0024312616268267035,0.039159697825994176,1.9623438462163343,2.8796512131907397,2.898012242680843,998,2.8888317279357913,0.009180514745051818,0.14786816002708136,1.9623438462163343,935775816087348.0,1004822926247540.2,998,970299371167444.1,34523555080096.105,556061910367161.5,1.9623438462163343,8.363015453376763,8.489150349067001,998,8.426082901221882,0.06306744784511946,1.0158109571675324,1.9623438462163343,2.5320685977599675,2.5572691389852613,998,2.5446688683726144,0.012600270612646756,0.20294927714588237,1.9623438462163343,999,0.6766766766766766,-0.04723025571297114,-0.03791396352014084,998,-0.04257210961655599,0.004658146096415151,0.0750275460082987,1.9623438462163343,LinearRegression,"{'mode': 'original', 'type': 'LinearRegression'}",8,"['edges_T6W30', 're_T6W30', 'l1_T6W30', 'l2_T6W30', 'lcc_T6W30', 'atd_T6W30', 'density_T6W30', 'asp_T6W30']",0.06697778016027502,0.08216478134190812,998,0.07457128075109157,0.007593500590816549,0.12230653636647044,1.9623438462163343,3.508898469596972,3.5336276901748005,998,3.521263079885886,0.01236461028891453,0.1991535576868561,1.9623438462163343,completed,11.24334192276001,False,COMPLETE
160,2.8839241515157577,2026-06-13 23:05:41.821129,2026-06-13 23:05:52.896107,0 days 00:00:11.074978,LinearRegression,7,False,-0.025508749846112528,-0.020868589779577233,998,-0.02318866981284488,0.0023200800332676464,0.03736892485465097,1.9623438462163343,2.8749849606222586,2.8928633424092567,998,2.8839241515157577,0.008939190893498906,0.1439812196004554,1.9623438462163343,938259311463837.6,1007424696822625.1,998,972842004143231.4,34582692679393.72,557014424277263.44,1.9623438462163343,8.313314713860919,8.445432901181402,998,8.37937380752116,0.06605909366024125,1.0639966171680468,1.9623438462163343,2.5688636655906953,2.5937176359345826,998,2.581290650762639,0.012426985171943657,0.20015821368290393,1.9623438462163343,999,0.6436436436436437,-0.04020410876543909,-0.031333614021318165,998,-0.03576886139337863,0.004435247372060463,0.071437374306818,1.9623438462163343,LinearRegression,"{'mode': 'original', 'type': 'LinearRegression'}",7,"['edges_T6W30', 're_T6W30', 'l1_T6W30', 'l2_T6W30', 'lcc_T6W30', 'atd_T6W30', 'density_T6W30']",0.07397509692863574,0.08921160811943693,998,0.08159335252403634,0.00761825559540059,0.12270525877811703,1.9623438462163343,3.49780579976701,3.521929586832228,998,3.509867693299619,0.01206189353260901,0.19427777773253604,1.9623438462163343,completed,11.06415581703186,False,COMPLETE
161,2.9622590562691777,2026-06-13 23:05:52.916148,2026-06-13 23:06:03.947976,0 days 00:00:11.031828,LinearRegression,12,True,-0.05396870926106806,-0.04799114413856009,998,-0.05097992669981408,0.0029887825612539857,0.048139542316171076,1.9623438462163343,2.9517714278622926,2.972746684676063,998,2.9622590562691777,0.010487628406885306,0.1689214993538064,1.9623438462163343,959931794593988.8,1031466335296352.5,998,995699064945170.6,35767270351181.87,576094108325577.5,1.9623438462163343,9.077699399830882,9.3021253418316,998,9.189912370831241,0.11221297100035812,1.8073850991785037,1.9623438462163343,2.6180965120028348,2.6459894645269144,998,2.6320429882648746,0.013946476262039728,0.2246322609351184,1.9623438462163343,999,0.8598598598598599,-0.11147363438649421,-0.098538248406986,998,-0.1050059413967401,0.006467692989754109,0.1041734465412696,1.9623438462163343,LinearRegression,"{'mode': 'original', 'type': 'LinearRegression'}",12,"['nodes_T6W30', 'edges_T6W30', 're_T6W30', 'pe_T6W30', 'l1_T6W30', 'l2_T6W30', 'lcc_T6W30', 'lsc_T6W30', 'atd_T6W30', 'density_T6W30', 'diameter_T6W30', 'asp_T6W30']",0.0013030668294685133,0.016251937075561343,998,0.008777501952514928,0.007474435123046415,0.12038877988648408,1.9623438462163343,3.609227606348209,3.6388530006481434,998,3.6240403034981763,0.014812697149967155,0.23858425517856652,1.9623438462163343,completed,11.020292043685913,True,COMPLETE
162,2.981594776138785,2026-06-13 23:06:03.967753,2026-06-13 23:06:15.236391,0 days 00:00:11.268638,LinearRegression,13,False,-0.06087506090777042,-0.05473627451999333,998,-0.057805667713881875,0.0030693931938885477,0.049437916781798534,1.9623438462163343,2.9707948789007235,2.9923946733768467,998,2.981594776138785,0.010799897238061703,0.1739511320903312,1.9623438462163343,955543669716153.1,1026915332279397.1,998,991229500997775.1,35685831281622.055,574782390442152.9,1.9623438462163343,9.098849806410968,9.321248915034996,998,9.210049360722982,0.11119955431201464,1.7910622605133997,1.9623438462163343,2.6379105320596374,2.6667610647692723,998,2.652335798414455,0.014425266354817392,0.23234400826348992,1.9623438462163343,999,0.9009009009009009,-0.12582981984879235,-0.11251846074944277,998,-0.11917414029911756,0.006655679549674793,0.10720129710272908,1.9623438462163343,LinearRegression,"{'mode': 'original', 'type': 'LinearRegression'}",13,"['nodes_T6W30', 'edges_T6W30', 're_T6W30', 'pe_T6W30', 'l1_T6W30', 'l2_T6W30', 'l3_T6W30', 'lcc_T6W30', 'lsc_T6W30', 'atd_T6W30', 'density_T6W30', 'diameter_T6W30', 'asp_T6W30']",-0.016203942139828193,-0.001230791884734901,998,-0.008717367012281547,0.0074865751275466465,0.1205843157772289,1.9623438462163343,3.632048227970841,3.662257185403416,998,3.6471527066871285,0.015104478716287588,0.24328390487575552,1.9623438462163343,completed,11.257816076278687,False,COMPLETE
163,2.9094955966500238,2026-06-13 23:06:15.255861,2026-06-13 23:06:26.652423,0 days 00:00:11.396562,LinearRegression,9,True,-0.03485562745513429,-0.0296735854235952,998,-0.03226460643936475,0.0025910210157695465,0.041732900695992475,1.9623438462163343,2.899972511844961,2.9190186814550865,998,2.9094955966500238,0.009523084805062677,0.15338584676479672,1.9623438462163343,941890319798564.6,1011436258745436.4,998,976663289272000.5,34772969473435.9,560079163043249.7,1.9623438462163343,8.536622648937563,8.69399719457288,998,8.615309921755221,0.07868727281765796,1.267395409976043,1.9623438462163343,2.5411179316552457,2.5669004649499514,998,2.5540091983025985,0.012891266647352934,0.2076362744899443,1.9623438462163343,999,0.7337337337337337,-0.06349833820119932,-0.05317559835374577,998,-0.05833696827747255,0.005161369923726775,0.08313284113529167,1.9623438462163343,LinearRegression,"{'mode': 'original', 'type': 'LinearRegression'}",9,"['nodes_T6W30', 'edges_T6W30', 're_T6W30', 'l1_T6W30', 'l2_T6W30', 'lcc_T6W30', 'atd_T6W30', 'density_T6W30', 'diameter_T6W30']",0.05529766120375673,0.07040418551446148,998,0.0628509233591091,0.007553262155352371,0.12165842636613922,1.9623438462163343,3.5344632806046348,3.5605529982402193,998,3.547508139422427,0.013044858817792352,0.2101101435776971,1.9623438462163343,completed,11.385722875595093,True,COMPLETE
164,2.8752681416328163,2026-06-13 23:06:26.672436,2026-06-13 23:06:37.886698,0 days 00:00:11.214262,LinearRegression,7,True,-0.022302834192773312,-0.017818066483412796,998,-0.020060450338093054,0.0022423838546802573,0.036117492741321484,1.9623438462163343,2.866299659126132,2.8842366241395005,998,2.8752681416328163,0.008968482506684278,0.14445301198533017,1.9623438462163343,939244237630400.0,1008451820672110.2,998,973848029151255.1,34603791520855.164,557354257821704.7,1.9623438462163343,8.451438132683872,8.618045829077502,998,8.534741980880687,0.0833038481968158,1.3417533872681475,1.9623438462163343,2.5510379922064477,2.5752183240619138,998,2.5631281581341807,0.012090165927733086,0.19473315383754247,1.9623438462163343,999,0.6656656656656657,-0.04138528101128908,-0.032588633164786024,998,-0.03698695708803755,0.004398323923251528,0.07084265793318831,1.9623438462163343,LinearRegression,"{'mode': 'original', 'type': 'LinearRegression'}",7,"['nodes_T6W30', 're_T6W30', 'l1_T6W30', 'lcc_T6W30', 'atd_T6W30', 'density_T6W30', 'diameter_T6W30']",0.0652734306243811,0.08052215785566277,998,0.07289779424002193,0.007624363615640843,0.1228036390693552,1.9623438462163343,3.499877600559527,3.525001259346973,998,3.51243942995325,0.012561829393722738,0.20233011444429677,1.9623438462163343,completed,11.203466892242432,True,COMPLETE
165,2.8189040602214006,2026-06-13 23:06:37.908648,2026-06-13 23:06:48.853017,0 days 00:00:10.944369,LinearRegression,2,False,-0.001607474833489859,0.0016692394937706133,998,3.088233014037723e-05,0.001638357163630236,0.026388592141172305,1.9623438462163343,2.8107637608241713,2.82704435961863,998,2.8189040602214006,0.008140299397229189,0.13111368233318443,1.9623438462163343,932233462482764.5,1000722847945478.2,998,966478155214121.4,34244692731356.855,551570347142874.06,1.9623438462163343,8.277148792058563,8.411151520476688,998,8.344150156267625,0.06700136420906215,1.0791735234931474,1.9623438462163343,2.5136038119263486,2.536604370886003,998,2.5251040914061758,0.011500279479827033,0.18523200645103102,1.9623438462163343,999,0.3763763763763764,0.0023917918761490607,0.008401326440598118,998,0.005396559158373589,0.0030047672822245282,0.04839700405378599,1.9623438462163343,LinearRegression,"{'mode': 'original', 'type': 'LinearRegression'}",2,"['atd_T6W30', 'density_T6W30']",0.14502328896213817,0.16079889249477936,998,0.15291109072845877,0.007887801766320594,0.1270467687525734,1.9623438462163343,3.429584025283717,3.4529696240620518,998,3.4412768246728844,0.011692799389167395,0.18833287449092861,1.9623438462163343,completed,10.93304181098938,False,COMPLETE
166,2.9276834034240067,2026-06-13 23:06:48.873408,2026-06-13 23:07:00.114058,0 days 00:00:11.240650,LinearRegression,10,False,-0.041405564436253664,-0.03601709517221072,998,-0.03871132980423219,0.00269423463202147,0.04339533553202814,1.9623438462163343,2.917882712690072,2.9374840941579414,998,2.9276834034240067,0.009800690733934622,0.15785717316150322,1.9623438462163343,951128616186590.9,1021541679979055.1,998,986335148082823.0,35206531896232.086,567062440070315.1,1.9623438462163343,8.593403698281337,8.760895396627832,998,8.677149547454585,0.08374584917324701,1.348872581880877,1.9623438462163343,2.551183591323429,2.577372183131732,998,2.5642778872275804,0.01309429590415165,0.21090641385230122,1.9623438462163343,999,0.7867867867867868,-0.07536441137336394,-0.0645415059857653,998,-0.06995295867956462,0.005411452693799325,0.08716085918134242,1.9623438462163343,LinearRegression,"{'mode': 'original', 'type': 'LinearRegression'}",10,"['nodes_T6W30', 'edges_T6W30', 're_T6W30', 'l1_T6W30', 'l2_T6W30', 'lcc_T6W30', 'atd_T6W30', 'density_T6W30', 'diameter_T6W30', 'asp_T6W30']",0.041294579550867946,0.056243127522362574,998,0.04876885353661526,0.007474273985747311,0.12038618448997399,1.9623438462163343,3.5533974406586144,3.5801382840170874,998,3.566767862337851,0.013370421679236697,0.2153538997974531,1.9623438462163343,completed,11.22947883605957,False,COMPLETE
167,2.9402410090432554,2026-06-13 23:07:00.134262,2026-06-13 23:07:12.058411,0 days 00:00:11.924149,LinearRegression,11,True,-0.0460016667388616,-0.040375581665297526,998,-0.04318862420207956,0.002813042536782038,0.045308943511699076,1.9623438462163343,2.9302290746127735,2.9502529434737372,998,2.9402410090432554,0.010011934430482069,0.1612596203655258,1.9623438462163343,957883006902181.1,1029280356447968.1,998,993581681675074.6,35698674772893.484,574989257211105.5,1.9623438462163343,8.572977262182604,8.743513462364955,998,8.65824536227378,0.08526810009117486,1.373391080961209,1.9623438462163343,2.5911919494237274,2.6192365787085112,998,2.6052142640661193,0.01402231464239195,0.22585376997611867,1.9623438462163343,999,0.7957957957957958,-0.08288510302715868,-0.07164954536278315,998,-0.07726732419497091,0.005617778832187768,0.09048410055682585,1.9623438462163343,LinearRegression,"{'mode': 'original', 'type': 'LinearRegression'}",11,"['nodes_T6W30', 'edges_T6W30', 're_T6W30', 'l1_T6W30', 'l2_T6W30', 'lcc_T6W30', 'lsc_T6W30', 'atd_T6W30', 'density_T6W30', 'diameter_T6W30', 'asp_T6W30']",0.021700923158950485,0.03667064782674829,998,0.029185785492849385,0.007484862333898901,0.12055672825602431,1.9623438462163343,3.565141189853697,3.5920357255511224,998,3.5785884577024096,0.013447267848712875,0.21659164103540451,1.9623438462163343,completed,11.91328477859497,True,COMPLETE
168,2.9622590562691777,2026-06-13 23:07:12.078985,2026-06-13 23:07:23.753569,0 days 00:00:11.674584,LinearRegression,12,True,-0.05396870926106806,-0.04799114413856009,998,-0.05097992669981408,0.0029887825612539857,0.048139542316171076,1.9623438462163343,2.9517714278622926,2.972746684676063,998,2.9622590562691777,0.010487628406885306,0.1689214993538064,1.9623438462163343,959931794593988.8,1031466335296352.5,998,995699064945170.6,35767270351181.87,576094108325577.5,1.9623438462163343,9.077699399830882,9.3021253418316,998,9.189912370831241,0.11221297100035812,1.8073850991785037,1.9623438462163343,2.6180965120028348,2.6459894645269144,998,2.6320429882648746,0.013946476262039728,0.2246322609351184,1.9623438462163343,999,0.8598598598598599,-0.11147363438649421,-0.098538248406986,998,-0.1050059413967401,0.006467692989754109,0.1041734465412696,1.9623438462163343,LinearRegression,"{'mode': 'original', 'type': 'LinearRegression'}",12,"['nodes_T6W30', 'edges_T6W30', 're_T6W30', 'pe_T6W30', 'l1_T6W30', 'l2_T6W30', 'lcc_T6W30', 'lsc_T6W30', 'atd_T6W30', 'density_T6W30', 'diameter_T6W30', 'asp_T6W30']",0.0013030668294685133,0.016251937075561343,998,0.008777501952514928,0.007474435123046415,0.12038877988648408,1.9623438462163343,3.609227606348209,3.6388530006481434,998,3.6240403034981763,0.014812697149967155,0.23858425517856652,1.9623438462163343,completed,11.66355586051941,True,COMPLETE
169,2.9276834034240067,2026-06-13 23:07:23.773283,2026-06-13 23:07:35.220757,0 days 00:00:11.447474,LinearRegression,10,False,-0.041405564436253664,-0.03601709517221072,998,-0.03871132980423219,0.00269423463202147,0.04339533553202814,1.9623438462163343,2.917882712690072,2.9374840941579414,998,2.9276834034240067,0.009800690733934622,0.15785717316150322,1.9623438462163343,951128616186590.9,1021541679979055.1,998,986335148082823.0,35206531896232.086,567062440070315.1,1.9623438462163343,8.593403698281337,8.760895396627832,998,8.677149547454585,0.08374584917324701,1.348872581880877,1.9623438462163343,2.551183591323429,2.577372183131732,998,2.5642778872275804,0.01309429590415165,0.21090641385230122,1.9623438462163343,999,0.7867867867867868,-0.07536441137336394,-0.0645415059857653,998,-0.06995295867956462,0.005411452693799325,0.08716085918134242,1.9623438462163343,LinearRegression,"{'mode': 'original', 'type': 'LinearRegression'}",10,"['nodes_T6W30', 'edges_T6W30', 're_T6W30', 'l1_T6W30', 'l2_T6W30', 'lcc_T6W30', 'atd_T6W30', 'density_T6W30', 'diameter_T6W30', 'asp_T6W30']",0.041294579550867946,0.056243127522362574,998,0.04876885353661526,0.007474273985747311,0.12038618448997399,1.9623438462163343,3.5533974406586144,3.5801382840170874,998,3.566767862337851,0.013370421679236697,0.2153538997974531,1.9623438462163343,completed,11.342061042785645,False,COMPLETE
170,2.9815947761387847,2026-06-13 23:07:35.240845,2026-06-13 23:07:46.432409,0 days 00:00:11.191564,LinearRegression,13,True,-0.06087506090777034,-0.05473627451999326,998,-0.0578056677138818,0.0030693931938885434,0.049437916781798465,1.9623438462163343,2.970794878900723,2.9923946733768463,998,2.9815947761387847,0.010799897238061677,0.17395113209033078,1.9623438462163343,955543669716152.6,1026915332279396.6,998,991229500997774.6,35685831281622.03,574782390442152.5,1.9623438462163343,9.098849806410966,9.321248915034994,998,9.21004936072298,0.11119955431201395,1.7910622605133883,1.9623438462163343,2.6379105320596388,2.6667610647692737,998,2.652335798414456,0.01442526635481738,0.23234400826348972,1.9623438462163343,999,0.9009009009009009,-0.1258298198487928,-0.11251846074944323,998,-0.11917414029911802,0.006655679549674783,0.10720129710272892,1.9623438462163343,LinearRegression,"{'mode': 'original', 'type': 'LinearRegression'}",13,"['nodes_T6W30', 'edges_T6W30', 're_T6W30', 'pe_T6W30', 'l1_T6W30', 'l2_T6W30', 'l3_T6W30', 'lcc_T6W30', 'lsc_T6W30', 'atd_T6W30', 'density_T6W30', 'diameter_T6W30', 'asp_T6W30']",-0.016203942139828193,-0.001230791884734901,998,-0.008717367012281547,0.0074865751275466465,0.1205843157772289,1.9623438462163343,3.6320482279708424,3.6622571854034174,998,3.64715270668713,0.015104478716287572,0.24328390487575527,1.9623438462163343,completed,11.180695056915283,True,COMPLETE
