number,value,datetime_start,datetime_complete,duration,params_regressor,params_rfe_n_features,params_use_scaler,user_attrs_d2mae_ci_lower_val,user_attrs_d2mae_ci_upper_val,user_attrs_d2mae_df_val,user_attrs_d2mae_mean_val,user_attrs_d2mae_samperror_val,user_attrs_d2mae_std_val,user_attrs_d2mae_t_critical_val,user_attrs_mae_ci_lower_val,user_attrs_mae_ci_upper_val,user_attrs_mae_df_val,user_attrs_mae_mean_val,user_attrs_mae_samperror_val,user_attrs_mae_std_val,user_attrs_mae_t_critical_val,user_attrs_mape_ci_lower_val,user_attrs_mape_ci_upper_val,user_attrs_mape_df_val,user_attrs_mape_mean_val,user_attrs_mape_samperror_val,user_attrs_mape_std_val,user_attrs_mape_t_critical_val,user_attrs_max_error_ci_lower_val,user_attrs_max_error_ci_upper_val,user_attrs_max_error_df_val,user_attrs_max_error_mean_val,user_attrs_max_error_samperror_val,user_attrs_max_error_std_val,user_attrs_max_error_t_critical_val,user_attrs_median_ae_ci_lower_val,user_attrs_median_ae_ci_upper_val,user_attrs_median_ae_df_val,user_attrs_median_ae_mean_val,user_attrs_median_ae_samperror_val,user_attrs_median_ae_std_val,user_attrs_median_ae_t_critical_val,user_attrs_n_splits_val,user_attrs_r2_below_zero_val,user_attrs_r2_ci_lower_val,user_attrs_r2_ci_upper_val,user_attrs_r2_df_val,user_attrs_r2_mean_val,user_attrs_r2_samperror_val,user_attrs_r2_std_val,user_attrs_r2_t_critical_val,user_attrs_regressor_final,user_attrs_rfe_estimator,user_attrs_rfe_n_features,user_attrs_rfe_selected_features,user_attrs_rho_ci_lower_val,user_attrs_rho_ci_upper_val,user_attrs_rho_df_val,user_attrs_rho_mean_val,user_attrs_rho_samperror_val,user_attrs_rho_std_val,user_attrs_rho_t_critical_val,user_attrs_rmse_ci_lower_val,user_attrs_rmse_ci_upper_val,user_attrs_rmse_df_val,user_attrs_rmse_mean_val,user_attrs_rmse_samperror_val,user_attrs_rmse_std_val,user_attrs_rmse_t_critical_val,user_attrs_termination_reason,user_attrs_trial_time_seconds,user_attrs_use_scaler_final,state
333,2.8920592387358495,2026-06-13 23:39:11.282912,2026-06-13 23:39:23.183164,0 days 00:00:11.900252,LinearRegression,8,True,-0.028490843103272358,-0.023583372135724735,998,-0.026037107619498547,0.002453735483773811,0.039521678386754314,1.9623438462163343,2.882704012953381,2.901414464518318,998,2.8920592387358495,0.009355225782468406,0.15068218520504184,1.9623438462163343,941326350818434.5,1010877755287026.8,998,976102053052730.6,34775702234296.07,560123178910704.75,1.9623438462163343,8.47535542880601,8.632728964321222,998,8.554042196563616,0.07868676775760691,1.2673872751053386,1.9623438462163343,2.5277307632226087,2.5531502551305767,998,2.5404405091765927,0.012709745953984171,0.20471256795706758,1.9623438462163343,999,0.6816816816816816,-0.049804429291215264,-0.040268287462818526,998,-0.045036358377016895,0.004768070914198369,0.0767980764195349,1.9623438462163343,LinearRegression,"{'mode': 'original', 'type': 'LinearRegression'}",8,"['nodes_T6W30', 're_T6W30', 'l1_T6W30', 'l2_T6W30', 'lcc_T6W30', 'atd_T6W30', 'density_T6W30', 'diameter_T6W30']",0.07024161204160981,0.08538071443722325,998,0.07781116323941653,0.00756955119780672,0.12192078973063636,1.9623438462163343,3.51281239811251,3.5384650603891026,998,3.5256387292508062,0.012826331138296296,0.20659037515736034,1.9623438462163343,completed,11.888207197189331,True,COMPLETE
334,2.9402410090432554,2026-06-13 23:39:23.205794,2026-06-13 23:39:34.835095,0 days 00:00:11.629301,LinearRegression,11,True,-0.0460016667388616,-0.040375581665297526,998,-0.04318862420207956,0.002813042536782038,0.045308943511699076,1.9623438462163343,2.9302290746127735,2.9502529434737372,998,2.9402410090432554,0.010011934430482069,0.1612596203655258,1.9623438462163343,957883006902181.1,1029280356447968.1,998,993581681675074.6,35698674772893.484,574989257211105.5,1.9623438462163343,8.572977262182604,8.743513462364955,998,8.65824536227378,0.08526810009117486,1.373391080961209,1.9623438462163343,2.5911919494237274,2.6192365787085112,998,2.6052142640661193,0.01402231464239195,0.22585376997611867,1.9623438462163343,999,0.7957957957957958,-0.08288510302715868,-0.07164954536278315,998,-0.07726732419497091,0.005617778832187768,0.09048410055682585,1.9623438462163343,LinearRegression,"{'mode': 'original', 'type': 'LinearRegression'}",11,"['nodes_T6W30', 'edges_T6W30', 're_T6W30', 'l1_T6W30', 'l2_T6W30', 'lcc_T6W30', 'lsc_T6W30', 'atd_T6W30', 'density_T6W30', 'diameter_T6W30', 'asp_T6W30']",0.021700923158950485,0.03667064782674829,998,0.029185785492849385,0.007484862333898901,0.12055672825602431,1.9623438462163343,3.565141189853697,3.5920357255511224,998,3.5785884577024096,0.013447267848712875,0.21659164103540451,1.9623438462163343,completed,11.618310928344727,True,COMPLETE
335,2.9622590562691777,2026-06-13 23:39:34.855488,2026-06-13 23:39:47.040048,0 days 00:00:12.184560,LinearRegression,12,False,-0.053968709261068046,-0.04799114413856008,998,-0.05097992669981406,0.0029887825612539866,0.04813954231617109,1.9623438462163343,2.9517714278622926,2.972746684676063,998,2.9622590562691777,0.010487628406885307,0.16892149935380643,1.9623438462163343,959931794593989.4,1031466335296353.1,998,995699064945171.2,35767270351181.914,576094108325578.2,1.9623438462163343,9.077699399830884,9.302125341831601,998,9.189912370831243,0.11221297100035862,1.8073850991785119,1.9623438462163343,2.6180965120028348,2.6459894645269144,998,2.6320429882648746,0.013946476262039742,0.22463226093511865,1.9623438462163343,999,0.8598598598598599,-0.11147363438649381,-0.09853824840698559,998,-0.1050059413967397,0.006467692989754107,0.10417344654126957,1.9623438462163343,LinearRegression,"{'mode': 'original', 'type': 'LinearRegression'}",12,"['nodes_T6W30', 'edges_T6W30', 're_T6W30', 'pe_T6W30', 'l1_T6W30', 'l2_T6W30', 'lcc_T6W30', 'lsc_T6W30', 'atd_T6W30', 'density_T6W30', 'diameter_T6W30', 'asp_T6W30']",0.0013030668294685133,0.016251937075561343,998,0.008777501952514928,0.007474435123046415,0.12038877988648408,1.9623438462163343,3.6092276063482083,3.6388530006481425,998,3.6240403034981754,0.01481269714996716,0.2385842551785666,1.9623438462163343,completed,12.172589778900146,False,COMPLETE
336,2.83272482539211,2026-06-13 23:39:47.162633,2026-06-13 23:39:58.945391,0 days 00:00:11.782758,LinearRegression,4,False,-0.00697024952206445,-0.003013453107200566,998,-0.004991851314632508,0.001978398207431942,0.0318655446734633,1.9623438462163343,2.8244219026459607,2.8410277481382593,998,2.83272482539211,0.008302922746149459,0.13373301426064996,1.9623438462163343,934878958897138.4,1003490828981921.6,998,969184893939530.0,34305935042391.605,552556761096775.25,1.9623438462163343,8.248292216021955,8.384753149100359,998,8.316522682561157,0.0682304665392025,1.098970354617547,1.9623438462163343,2.5533750306173153,2.5767839111966944,998,2.565079470907005,0.011704440289689724,0.1885203714438879,1.9623438462163343,999,0.45545545545545546,-0.008670652543510116,-0.0012353720015407408,998,-0.004953012272525428,0.0037176402709846873,0.05987906362324383,1.9623438462163343,LinearRegression,"{'mode': 'original', 'type': 'LinearRegression'}",4,"['edges_T6W30', 'l1_T6W30', 'atd_T6W30', 'density_T6W30']",0.12124460304301055,0.13661187042390094,998,0.12892823673345574,0.007683633690445197,0.1237582867279422,1.9623438462163343,3.446417164191897,3.4696501570381058,998,3.4580336606150013,0.011616496423104552,0.187103882488884,1.9623438462163343,completed,11.77134895324707,False,COMPLETE
337,2.8347230017031846,2026-06-13 23:39:58.966790,2026-06-13 23:40:11.038317,0 days 00:00:12.071527,LinearRegression,2,True,-0.007197919834051776,-0.004003713501031405,998,-0.00560081666754159,0.0015971031665101853,0.025724124753742604,1.9623438462163343,2.8266906356546944,2.842755367751675,998,2.8347230017031846,0.008032366048490388,0.12937522799518883,1.9623438462163343,944113088937549.8,1013388372929746.0,998,978750730933647.9,34637641996098.105,557899478610431.6,1.9623438462163343,8.357703265943405,8.526819525479672,998,8.442261395711538,0.0845581297681332,1.3619557738725097,1.9623438462163343,2.5343418573907583,2.5611128666849168,998,2.5477273620378376,0.01338550464707916,0.21559683723228645,1.9623438462163343,999,0.42742742742742745,-0.004840272652618373,0.0012028002944754494,998,-0.001818736179071462,0.0030215364735469113,0.048667101051050696,1.9623438462163343,LinearRegression,"{'mode': 'original', 'type': 'LinearRegression'}",2,"['nodes_T6W30', 'lcc_T6W30']",0.1303703932770172,0.1456349059864546,998,0.1380026496317359,0.007632256354718716,0.12293076536209906,1.9623438462163343,3.44197352630271,3.4658189655783316,998,3.4538962459405207,0.01192271963781096,0.19203614005544586,1.9623438462163343,completed,12.060108184814453,True,COMPLETE
338,2.83272482539211,2026-06-13 23:40:11.058373,2026-06-13 23:40:22.878705,0 days 00:00:11.820332,LinearRegression,4,False,-0.00697024952206445,-0.003013453107200566,998,-0.004991851314632508,0.001978398207431942,0.0318655446734633,1.9623438462163343,2.8244219026459607,2.8410277481382593,998,2.83272482539211,0.008302922746149459,0.13373301426064996,1.9623438462163343,934878958897138.4,1003490828981921.6,998,969184893939530.0,34305935042391.605,552556761096775.25,1.9623438462163343,8.248292216021955,8.384753149100359,998,8.316522682561157,0.0682304665392025,1.098970354617547,1.9623438462163343,2.5533750306173153,2.5767839111966944,998,2.565079470907005,0.011704440289689724,0.1885203714438879,1.9623438462163343,999,0.45545545545545546,-0.008670652543510116,-0.0012353720015407408,998,-0.004953012272525428,0.0037176402709846873,0.05987906362324383,1.9623438462163343,LinearRegression,"{'mode': 'original', 'type': 'LinearRegression'}",4,"['edges_T6W30', 'l1_T6W30', 'atd_T6W30', 'density_T6W30']",0.12124460304301055,0.13661187042390094,998,0.12892823673345574,0.007683633690445197,0.1237582867279422,1.9623438462163343,3.446417164191897,3.4696501570381058,998,3.4580336606150013,0.011616496423104552,0.187103882488884,1.9623438462163343,completed,11.809067010879517,False,COMPLETE
339,2.8189040602214006,2026-06-13 23:40:22.899434,2026-06-13 23:40:34.709087,0 days 00:00:11.809653,LinearRegression,2,False,-0.001607474833489859,0.0016692394937706133,998,3.088233014037723e-05,0.001638357163630236,0.026388592141172305,1.9623438462163343,2.8107637608241713,2.82704435961863,998,2.8189040602214006,0.008140299397229189,0.13111368233318443,1.9623438462163343,932233462482764.5,1000722847945478.2,998,966478155214121.4,34244692731356.855,551570347142874.06,1.9623438462163343,8.277148792058563,8.411151520476688,998,8.344150156267625,0.06700136420906215,1.0791735234931474,1.9623438462163343,2.5136038119263486,2.536604370886003,998,2.5251040914061758,0.011500279479827033,0.18523200645103102,1.9623438462163343,999,0.3763763763763764,0.0023917918761490607,0.008401326440598118,998,0.005396559158373589,0.0030047672822245282,0.04839700405378599,1.9623438462163343,LinearRegression,"{'mode': 'original', 'type': 'LinearRegression'}",2,"['atd_T6W30', 'density_T6W30']",0.14502328896213817,0.16079889249477936,998,0.15291109072845877,0.007887801766320594,0.1270467687525734,1.9623438462163343,3.429584025283717,3.4529696240620518,998,3.4412768246728844,0.011692799389167395,0.18833287449092861,1.9623438462163343,completed,11.798091173171997,False,COMPLETE
340,2.9815947761387847,2026-06-13 23:40:34.729121,2026-06-13 23:40:46.648741,0 days 00:00:11.919620,LinearRegression,13,True,-0.06087506090777034,-0.05473627451999326,998,-0.0578056677138818,0.0030693931938885434,0.049437916781798465,1.9623438462163343,2.970794878900723,2.9923946733768463,998,2.9815947761387847,0.010799897238061677,0.17395113209033078,1.9623438462163343,955543669716152.6,1026915332279396.6,998,991229500997774.6,35685831281622.03,574782390442152.5,1.9623438462163343,9.098849806410966,9.321248915034994,998,9.21004936072298,0.11119955431201395,1.7910622605133883,1.9623438462163343,2.6379105320596388,2.6667610647692737,998,2.652335798414456,0.01442526635481738,0.23234400826348972,1.9623438462163343,999,0.9009009009009009,-0.1258298198487928,-0.11251846074944323,998,-0.11917414029911802,0.006655679549674783,0.10720129710272892,1.9623438462163343,LinearRegression,"{'mode': 'original', 'type': 'LinearRegression'}",13,"['nodes_T6W30', 'edges_T6W30', 're_T6W30', 'pe_T6W30', 'l1_T6W30', 'l2_T6W30', 'l3_T6W30', 'lcc_T6W30', 'lsc_T6W30', 'atd_T6W30', 'density_T6W30', 'diameter_T6W30', 'asp_T6W30']",-0.016203942139828193,-0.001230791884734901,998,-0.008717367012281547,0.0074865751275466465,0.1205843157772289,1.9623438462163343,3.6320482279708424,3.6622571854034174,998,3.64715270668713,0.015104478716287572,0.24328390487575527,1.9623438462163343,completed,11.908203125,True,COMPLETE
341,2.8752681416328163,2026-06-13 23:40:46.669947,2026-06-13 23:40:58.445861,0 days 00:00:11.775914,LinearRegression,7,True,-0.022302834192773312,-0.017818066483412796,998,-0.020060450338093054,0.0022423838546802573,0.036117492741321484,1.9623438462163343,2.866299659126132,2.8842366241395005,998,2.8752681416328163,0.008968482506684278,0.14445301198533017,1.9623438462163343,939244237630400.0,1008451820672110.2,998,973848029151255.1,34603791520855.164,557354257821704.7,1.9623438462163343,8.451438132683872,8.618045829077502,998,8.534741980880687,0.0833038481968158,1.3417533872681475,1.9623438462163343,2.5510379922064477,2.5752183240619138,998,2.5631281581341807,0.012090165927733086,0.19473315383754247,1.9623438462163343,999,0.6656656656656657,-0.04138528101128908,-0.032588633164786024,998,-0.03698695708803755,0.004398323923251528,0.07084265793318831,1.9623438462163343,LinearRegression,"{'mode': 'original', 'type': 'LinearRegression'}",7,"['nodes_T6W30', 're_T6W30', 'l1_T6W30', 'lcc_T6W30', 'atd_T6W30', 'density_T6W30', 'diameter_T6W30']",0.0652734306243811,0.08052215785566277,998,0.07289779424002193,0.007624363615640843,0.1228036390693552,1.9623438462163343,3.499877600559527,3.525001259346973,998,3.51243942995325,0.012561829393722738,0.20233011444429677,1.9623438462163343,completed,11.764670848846436,True,COMPLETE
342,2.8490533409099457,2026-06-13 23:40:58.466475,2026-06-13 23:41:10.055267,0 days 00:00:11.588792,LinearRegression,5,True,-0.012763136317143566,-0.008649377991493058,998,-0.010706257154318312,0.002056879162825255,0.0331296169824187,1.9623438462163343,2.8402850821059404,2.857821599713951,998,2.8490533409099457,0.008768258804005087,0.14122806095249849,1.9623438462163343,940579784281541.2,1009683072974271.2,998,975131428627906.2,34551644346364.99,556514336863391.44,1.9623438462163343,8.387574008304306,8.546510972467047,998,8.467042490385676,0.07946848208137142,1.2799781441286875,1.9623438462163343,2.555955531684378,2.5792120993309546,998,2.5675838155076662,0.011628283823288335,0.18729373907373598,1.9623438462163343,999,0.5545545545545546,-0.02255146890397074,-0.014619853143889885,998,-0.018585661023930312,0.003965807880040428,0.06387623466958098,1.9623438462163343,LinearRegression,"{'mode': 'original', 'type': 'LinearRegression'}",5,"['nodes_T6W30', 'l1_T6W30', 'lcc_T6W30', 'atd_T6W30', 'density_T6W30']",0.09718552806842816,0.11232756131395165,998,0.1047565446911899,0.007571016622761748,0.12194439294873204,1.9623438462163343,3.4693197094074493,3.4938043992304766,998,3.481562054318963,0.012242344911513511,0.19718426109582893,1.9623438462163343,completed,11.577800989151001,True,COMPLETE
343,2.9094955966500238,2026-06-13 23:41:10.075626,2026-06-13 23:41:21.699247,0 days 00:00:11.623621,LinearRegression,9,True,-0.03485562745513429,-0.0296735854235952,998,-0.03226460643936475,0.0025910210157695465,0.041732900695992475,1.9623438462163343,2.899972511844961,2.9190186814550865,998,2.9094955966500238,0.009523084805062677,0.15338584676479672,1.9623438462163343,941890319798564.6,1011436258745436.4,998,976663289272000.5,34772969473435.9,560079163043249.7,1.9623438462163343,8.536622648937563,8.69399719457288,998,8.615309921755221,0.07868727281765796,1.267395409976043,1.9623438462163343,2.5411179316552457,2.5669004649499514,998,2.5540091983025985,0.012891266647352934,0.2076362744899443,1.9623438462163343,999,0.7337337337337337,-0.06349833820119932,-0.05317559835374577,998,-0.05833696827747255,0.005161369923726775,0.08313284113529167,1.9623438462163343,LinearRegression,"{'mode': 'original', 'type': 'LinearRegression'}",9,"['nodes_T6W30', 'edges_T6W30', 're_T6W30', 'l1_T6W30', 'l2_T6W30', 'lcc_T6W30', 'atd_T6W30', 'density_T6W30', 'diameter_T6W30']",0.05529766120375673,0.07040418551446148,998,0.0628509233591091,0.007553262155352371,0.12165842636613922,1.9623438462163343,3.5344632806046348,3.5605529982402193,998,3.547508139422427,0.013044858817792352,0.2101101435776971,1.9623438462163343,completed,11.612643957138062,True,COMPLETE
344,2.8347230017031846,2026-06-13 23:41:21.719884,2026-06-13 23:41:33.482515,0 days 00:00:11.762631,LinearRegression,2,True,-0.007197919834051776,-0.004003713501031405,998,-0.00560081666754159,0.0015971031665101853,0.025724124753742604,1.9623438462163343,2.8266906356546944,2.842755367751675,998,2.8347230017031846,0.008032366048490388,0.12937522799518883,1.9623438462163343,944113088937549.8,1013388372929746.0,998,978750730933647.9,34637641996098.105,557899478610431.6,1.9623438462163343,8.357703265943405,8.526819525479672,998,8.442261395711538,0.0845581297681332,1.3619557738725097,1.9623438462163343,2.5343418573907583,2.5611128666849168,998,2.5477273620378376,0.01338550464707916,0.21559683723228645,1.9623438462163343,999,0.42742742742742745,-0.004840272652618373,0.0012028002944754494,998,-0.001818736179071462,0.0030215364735469113,0.048667101051050696,1.9623438462163343,LinearRegression,"{'mode': 'original', 'type': 'LinearRegression'}",2,"['nodes_T6W30', 'lcc_T6W30']",0.1303703932770172,0.1456349059864546,998,0.1380026496317359,0.007632256354718716,0.12293076536209906,1.9623438462163343,3.44197352630271,3.4658189655783316,998,3.4538962459405207,0.01192271963781096,0.19203614005544586,1.9623438462163343,completed,11.751553773880005,True,COMPLETE
345,2.9276834034240067,2026-06-13 23:41:33.503124,2026-06-13 23:41:45.425167,0 days 00:00:11.922043,LinearRegression,10,True,-0.041405564436253636,-0.0360170951722107,998,-0.03871132980423217,0.0026942346320214658,0.04339533553202807,1.9623438462163343,2.917882712690072,2.9374840941579414,998,2.9276834034240067,0.009800690733934619,0.15785717316150316,1.9623438462163343,951128616186590.5,1021541679979054.8,998,986335148082822.6,35206531896232.08,567062440070315.0,1.9623438462163343,8.593403698281337,8.760895396627832,998,8.677149547454585,0.08374584917324697,1.3488725818808764,1.9623438462163343,2.5511835913234258,2.577372183131729,998,2.5642778872275773,0.013094295904151607,0.2109064138523005,1.9623438462163343,999,0.7867867867867868,-0.07536441137336441,-0.06454150598576572,998,-0.06995295867956507,0.005411452693799346,0.08716085918134274,1.9623438462163343,LinearRegression,"{'mode': 'original', 'type': 'LinearRegression'}",10,"['nodes_T6W30', 'edges_T6W30', 're_T6W30', 'l1_T6W30', 'l2_T6W30', 'lcc_T6W30', 'atd_T6W30', 'density_T6W30', 'diameter_T6W30', 'asp_T6W30']",0.041294579550867946,0.056243127522362574,998,0.04876885353661526,0.007474273985747311,0.12038618448997399,1.9623438462163343,3.5533974406586153,3.5801382840170883,998,3.566767862337852,0.013370421679236728,0.2153538997974536,1.9623438462163343,completed,11.910129070281982,True,COMPLETE
346,2.8888317279357913,2026-06-13 23:41:45.446984,2026-06-13 23:41:57.120748,0 days 00:00:11.673764,LinearRegression,8,False,-0.027359254455023463,-0.02249673120137006,998,-0.02492799282819676,0.0024312616268267035,0.039159697825994176,1.9623438462163343,2.8796512131907397,2.898012242680843,998,2.8888317279357913,0.009180514745051818,0.14786816002708136,1.9623438462163343,935775816087348.0,1004822926247540.2,998,970299371167444.1,34523555080096.105,556061910367161.5,1.9623438462163343,8.363015453376763,8.489150349067001,998,8.426082901221882,0.06306744784511946,1.0158109571675324,1.9623438462163343,2.5320685977599675,2.5572691389852613,998,2.5446688683726144,0.012600270612646756,0.20294927714588237,1.9623438462163343,999,0.6766766766766766,-0.04723025571297114,-0.03791396352014084,998,-0.04257210961655599,0.004658146096415151,0.0750275460082987,1.9623438462163343,LinearRegression,"{'mode': 'original', 'type': 'LinearRegression'}",8,"['edges_T6W30', 're_T6W30', 'l1_T6W30', 'l2_T6W30', 'lcc_T6W30', 'atd_T6W30', 'density_T6W30', 'asp_T6W30']",0.06697778016027502,0.08216478134190812,998,0.07457128075109157,0.007593500590816549,0.12230653636647044,1.9623438462163343,3.508898469596972,3.5336276901748005,998,3.521263079885886,0.01236461028891453,0.1991535576868561,1.9623438462163343,completed,11.66273307800293,False,COMPLETE
347,2.9094955966500238,2026-06-13 23:41:57.140670,2026-06-13 23:42:08.926293,0 days 00:00:11.785623,LinearRegression,9,True,-0.03485562745513429,-0.0296735854235952,998,-0.03226460643936475,0.0025910210157695465,0.041732900695992475,1.9623438462163343,2.899972511844961,2.9190186814550865,998,2.9094955966500238,0.009523084805062677,0.15338584676479672,1.9623438462163343,941890319798564.6,1011436258745436.4,998,976663289272000.5,34772969473435.9,560079163043249.7,1.9623438462163343,8.536622648937563,8.69399719457288,998,8.615309921755221,0.07868727281765796,1.267395409976043,1.9623438462163343,2.5411179316552457,2.5669004649499514,998,2.5540091983025985,0.012891266647352934,0.2076362744899443,1.9623438462163343,999,0.7337337337337337,-0.06349833820119932,-0.05317559835374577,998,-0.05833696827747255,0.005161369923726775,0.08313284113529167,1.9623438462163343,LinearRegression,"{'mode': 'original', 'type': 'LinearRegression'}",9,"['nodes_T6W30', 'edges_T6W30', 're_T6W30', 'l1_T6W30', 'l2_T6W30', 'lcc_T6W30', 'atd_T6W30', 'density_T6W30', 'diameter_T6W30']",0.05529766120375673,0.07040418551446148,998,0.0628509233591091,0.007553262155352371,0.12165842636613922,1.9623438462163343,3.5344632806046348,3.5605529982402193,998,3.547508139422427,0.013044858817792352,0.2101101435776971,1.9623438462163343,completed,11.774484872817993,True,COMPLETE
