number,value,datetime_start,datetime_complete,duration,params_regressor,params_rfe_n_features,params_use_scaler,user_attrs_d2mae_ci_lower_val,user_attrs_d2mae_ci_upper_val,user_attrs_d2mae_df_val,user_attrs_d2mae_mean_val,user_attrs_d2mae_samperror_val,user_attrs_d2mae_std_val,user_attrs_d2mae_t_critical_val,user_attrs_mae_ci_lower_val,user_attrs_mae_ci_upper_val,user_attrs_mae_df_val,user_attrs_mae_mean_val,user_attrs_mae_samperror_val,user_attrs_mae_std_val,user_attrs_mae_t_critical_val,user_attrs_mape_ci_lower_val,user_attrs_mape_ci_upper_val,user_attrs_mape_df_val,user_attrs_mape_mean_val,user_attrs_mape_samperror_val,user_attrs_mape_std_val,user_attrs_mape_t_critical_val,user_attrs_max_error_ci_lower_val,user_attrs_max_error_ci_upper_val,user_attrs_max_error_df_val,user_attrs_max_error_mean_val,user_attrs_max_error_samperror_val,user_attrs_max_error_std_val,user_attrs_max_error_t_critical_val,user_attrs_median_ae_ci_lower_val,user_attrs_median_ae_ci_upper_val,user_attrs_median_ae_df_val,user_attrs_median_ae_mean_val,user_attrs_median_ae_samperror_val,user_attrs_median_ae_std_val,user_attrs_median_ae_t_critical_val,user_attrs_n_splits_val,user_attrs_r2_below_zero_val,user_attrs_r2_ci_lower_val,user_attrs_r2_ci_upper_val,user_attrs_r2_df_val,user_attrs_r2_mean_val,user_attrs_r2_samperror_val,user_attrs_r2_std_val,user_attrs_r2_t_critical_val,user_attrs_regressor_final,user_attrs_rfe_estimator,user_attrs_rfe_n_features,user_attrs_rfe_selected_features,user_attrs_rho_ci_lower_val,user_attrs_rho_ci_upper_val,user_attrs_rho_df_val,user_attrs_rho_mean_val,user_attrs_rho_samperror_val,user_attrs_rho_std_val,user_attrs_rho_t_critical_val,user_attrs_rmse_ci_lower_val,user_attrs_rmse_ci_upper_val,user_attrs_rmse_df_val,user_attrs_rmse_mean_val,user_attrs_rmse_samperror_val,user_attrs_rmse_std_val,user_attrs_rmse_t_critical_val,user_attrs_termination_reason,user_attrs_trial_time_seconds,user_attrs_use_scaler_final,state
230,2.8888317279357913,2026-06-13 23:19:08.042893,2026-06-13 23:19:19.649386,0 days 00:00:11.606493,LinearRegression,8,False,-0.027359254455023463,-0.02249673120137006,998,-0.02492799282819676,0.0024312616268267035,0.039159697825994176,1.9623438462163343,2.8796512131907397,2.898012242680843,998,2.8888317279357913,0.009180514745051818,0.14786816002708136,1.9623438462163343,935775816087348.0,1004822926247540.2,998,970299371167444.1,34523555080096.105,556061910367161.5,1.9623438462163343,8.363015453376763,8.489150349067001,998,8.426082901221882,0.06306744784511946,1.0158109571675324,1.9623438462163343,2.5320685977599675,2.5572691389852613,998,2.5446688683726144,0.012600270612646756,0.20294927714588237,1.9623438462163343,999,0.6766766766766766,-0.04723025571297114,-0.03791396352014084,998,-0.04257210961655599,0.004658146096415151,0.0750275460082987,1.9623438462163343,LinearRegression,"{'mode': 'original', 'type': 'LinearRegression'}",8,"['edges_T6W30', 're_T6W30', 'l1_T6W30', 'l2_T6W30', 'lcc_T6W30', 'atd_T6W30', 'density_T6W30', 'asp_T6W30']",0.06697778016027502,0.08216478134190812,998,0.07457128075109157,0.007593500590816549,0.12230653636647044,1.9623438462163343,3.508898469596972,3.5336276901748005,998,3.521263079885886,0.01236461028891453,0.1991535576868561,1.9623438462163343,completed,11.595300197601318,False,COMPLETE
231,2.9094955966500238,2026-06-13 23:19:19.670304,2026-06-13 23:19:31.568757,0 days 00:00:11.898453,LinearRegression,9,True,-0.03485562745513429,-0.0296735854235952,998,-0.03226460643936475,0.0025910210157695465,0.041732900695992475,1.9623438462163343,2.899972511844961,2.9190186814550865,998,2.9094955966500238,0.009523084805062677,0.15338584676479672,1.9623438462163343,941890319798564.6,1011436258745436.4,998,976663289272000.5,34772969473435.9,560079163043249.7,1.9623438462163343,8.536622648937563,8.69399719457288,998,8.615309921755221,0.07868727281765796,1.267395409976043,1.9623438462163343,2.5411179316552457,2.5669004649499514,998,2.5540091983025985,0.012891266647352934,0.2076362744899443,1.9623438462163343,999,0.7337337337337337,-0.06349833820119932,-0.05317559835374577,998,-0.05833696827747255,0.005161369923726775,0.08313284113529167,1.9623438462163343,LinearRegression,"{'mode': 'original', 'type': 'LinearRegression'}",9,"['nodes_T6W30', 'edges_T6W30', 're_T6W30', 'l1_T6W30', 'l2_T6W30', 'lcc_T6W30', 'atd_T6W30', 'density_T6W30', 'diameter_T6W30']",0.05529766120375673,0.07040418551446148,998,0.0628509233591091,0.007553262155352371,0.12165842636613922,1.9623438462163343,3.5344632806046348,3.5605529982402193,998,3.547508139422427,0.013044858817792352,0.2101101435776971,1.9623438462163343,completed,11.88758397102356,True,COMPLETE
232,2.817249167254051,2026-06-13 23:19:31.589213,2026-06-13 23:19:43.643184,0 days 00:00:12.053971,LinearRegression,3,False,-0.0013072040908093413,0.002420341943112585,998,0.0005565689261516219,0.0018637730169609632,0.030019306583509483,1.9623438462163343,2.808961018652244,2.825537315855858,998,2.817249167254051,0.008288148601807372,0.13349505096550723,1.9623438462163343,933026144956416.4,1001412288817086.9,998,967219216886751.6,34193071930335.24,550738904344930.25,1.9623438462163343,8.246702967715738,8.380956627081616,998,8.313829797398677,0.06712682968293847,1.0811943632046697,1.9623438462163343,2.5369545378225826,2.5593057638306584,998,2.5481301508266205,0.01117561300403811,0.1800026880815724,1.9623438462163343,999,0.3733733733733734,0.0021376942605868844,0.00895557032515029,998,0.005546632292868587,0.0034089380322817027,0.05490687706280564,1.9623438462163343,LinearRegression,"{'mode': 'original', 'type': 'LinearRegression'}",3,"['l1_T6W30', 'atd_T6W30', 'density_T6W30']",0.13964589018817972,0.15495388600524354,998,0.14729988809671163,0.007653997908531915,0.12328095090700222,1.9623438462163343,3.428765259427453,3.4520093388188187,998,3.440387299123136,0.011622039695682915,0.18719316653661483,1.9623438462163343,completed,12.04259204864502,False,COMPLETE
233,2.8189040602214006,2026-06-13 23:19:43.663460,2026-06-13 23:19:54.899075,0 days 00:00:11.235615,LinearRegression,2,False,-0.001607474833489859,0.0016692394937706133,998,3.088233014037723e-05,0.001638357163630236,0.026388592141172305,1.9623438462163343,2.8107637608241713,2.82704435961863,998,2.8189040602214006,0.008140299397229189,0.13111368233318443,1.9623438462163343,932233462482764.5,1000722847945478.2,998,966478155214121.4,34244692731356.855,551570347142874.06,1.9623438462163343,8.277148792058563,8.411151520476688,998,8.344150156267625,0.06700136420906215,1.0791735234931474,1.9623438462163343,2.5136038119263486,2.536604370886003,998,2.5251040914061758,0.011500279479827033,0.18523200645103102,1.9623438462163343,999,0.3763763763763764,0.0023917918761490607,0.008401326440598118,998,0.005396559158373589,0.0030047672822245282,0.04839700405378599,1.9623438462163343,LinearRegression,"{'mode': 'original', 'type': 'LinearRegression'}",2,"['atd_T6W30', 'density_T6W30']",0.14502328896213817,0.16079889249477936,998,0.15291109072845877,0.007887801766320594,0.1270467687525734,1.9623438462163343,3.429584025283717,3.4529696240620518,998,3.4412768246728844,0.011692799389167395,0.18833287449092861,1.9623438462163343,completed,11.224720001220703,False,COMPLETE
234,2.8347230017031846,2026-06-13 23:19:54.919442,2026-06-13 23:20:06.316341,0 days 00:00:11.396899,LinearRegression,2,True,-0.007197919834051776,-0.004003713501031405,998,-0.00560081666754159,0.0015971031665101853,0.025724124753742604,1.9623438462163343,2.8266906356546944,2.842755367751675,998,2.8347230017031846,0.008032366048490388,0.12937522799518883,1.9623438462163343,944113088937549.8,1013388372929746.0,998,978750730933647.9,34637641996098.105,557899478610431.6,1.9623438462163343,8.357703265943405,8.526819525479672,998,8.442261395711538,0.0845581297681332,1.3619557738725097,1.9623438462163343,2.5343418573907583,2.5611128666849168,998,2.5477273620378376,0.01338550464707916,0.21559683723228645,1.9623438462163343,999,0.42742742742742745,-0.004840272652618373,0.0012028002944754494,998,-0.001818736179071462,0.0030215364735469113,0.048667101051050696,1.9623438462163343,LinearRegression,"{'mode': 'original', 'type': 'LinearRegression'}",2,"['nodes_T6W30', 'lcc_T6W30']",0.1303703932770172,0.1456349059864546,998,0.1380026496317359,0.007632256354718716,0.12293076536209906,1.9623438462163343,3.44197352630271,3.4658189655783316,998,3.4538962459405207,0.01192271963781096,0.19203614005544586,1.9623438462163343,completed,11.386024951934814,True,COMPLETE
235,2.9402410090432554,2026-06-13 23:20:06.336361,2026-06-13 23:20:17.935047,0 days 00:00:11.598686,LinearRegression,11,True,-0.0460016667388616,-0.040375581665297526,998,-0.04318862420207956,0.002813042536782038,0.045308943511699076,1.9623438462163343,2.9302290746127735,2.9502529434737372,998,2.9402410090432554,0.010011934430482069,0.1612596203655258,1.9623438462163343,957883006902181.1,1029280356447968.1,998,993581681675074.6,35698674772893.484,574989257211105.5,1.9623438462163343,8.572977262182604,8.743513462364955,998,8.65824536227378,0.08526810009117486,1.373391080961209,1.9623438462163343,2.5911919494237274,2.6192365787085112,998,2.6052142640661193,0.01402231464239195,0.22585376997611867,1.9623438462163343,999,0.7957957957957958,-0.08288510302715868,-0.07164954536278315,998,-0.07726732419497091,0.005617778832187768,0.09048410055682585,1.9623438462163343,LinearRegression,"{'mode': 'original', 'type': 'LinearRegression'}",11,"['nodes_T6W30', 'edges_T6W30', 're_T6W30', 'l1_T6W30', 'l2_T6W30', 'lcc_T6W30', 'lsc_T6W30', 'atd_T6W30', 'density_T6W30', 'diameter_T6W30', 'asp_T6W30']",0.021700923158950485,0.03667064782674829,998,0.029185785492849385,0.007484862333898901,0.12055672825602431,1.9623438462163343,3.565141189853697,3.5920357255511224,998,3.5785884577024096,0.013447267848712875,0.21659164103540451,1.9623438462163343,completed,11.587466955184937,True,COMPLETE
236,2.9481255407643703,2026-06-13 23:20:17.957815,2026-06-13 23:20:29.866838,0 days 00:00:11.909023,LinearRegression,11,False,-0.048854316635136105,-0.04303127674378798,998,-0.045942796689462044,0.0029115199456740608,0.04689509348928574,1.9623438462163343,2.937761600447194,2.9584894810815467,998,2.9481255407643703,0.010363940317176634,0.16692928750617078,1.9623438462163343,952988187646897.8,1023567058931525.0,998,988277623289211.4,35289435642313.69,568397749117016.0,1.9623438462163343,9.122113486449908,9.351349890657595,998,9.236731688553752,0.11461820210384338,1.8461255301444217,1.9623438462163343,2.5804083438331857,2.6064738796191773,998,2.5934411117261815,0.013032767892995713,0.20991539820095573,1.9623438462163343,999,0.8488488488488488,-0.10454003927535742,-0.09166740609980505,998,-0.09810372268758123,0.006436316587776181,0.10366807500627512,1.9623438462163343,LinearRegression,"{'mode': 'original', 'type': 'LinearRegression'}",11,"['nodes_T6W30', 'edges_T6W30', 're_T6W30', 'pe_T6W30', 'l1_T6W30', 'l2_T6W30', 'lcc_T6W30', 'atd_T6W30', 'density_T6W30', 'diameter_T6W30', 'asp_T6W30']",0.021035640326129035,0.03618792943438746,998,0.028611784880258246,0.0075761445541292095,0.12202698720375027,1.9623438462163343,3.5979641870297945,3.6278486800796426,998,3.6129064335547185,0.014942246524923928,0.24067087322118133,1.9623438462163343,completed,11.897759914398193,False,COMPLETE
237,2.866901673384946,2026-06-13 23:20:29.887240,2026-06-13 23:20:41.718964,0 days 00:00:11.831724,LinearRegression,6,True,-0.01928274218468376,-0.014926439710788065,998,-0.017104590947735913,0.002178151236947848,0.03508291469623599,1.9623438462163343,2.858113805520161,2.8756895412497308,998,2.866901673384946,0.00878786786478492,0.14154389898749928,1.9623438462163343,936100346869089.2,1005087787518431.0,998,970594067193760.1,34493720324670.934,555581369731686.2,1.9623438462163343,8.364328720693356,8.5197733602544,998,8.442051040473878,0.0777223197805211,1.25185316271906,1.9623438462163343,2.5535826425774197,2.5780597152534193,998,2.5658211789154195,0.012238536337999626,0.19712291739414492,1.9623438462163343,999,0.6166166166166166,-0.03369628145162872,-0.0252252007876606,998,-0.02946074111964466,0.004235540331984061,0.06822074502396994,1.9623438462163343,LinearRegression,"{'mode': 'original', 'type': 'LinearRegression'}",6,"['nodes_T6W30', 're_T6W30', 'l1_T6W30', 'lcc_T6W30', 'atd_T6W30', 'density_T6W30']",0.07607543779652126,0.09155596917548717,998,0.08381570348600421,0.007740265689482949,0.1246704435872165,1.9623438462163343,3.4874219259963146,3.5118132404705156,998,3.499617583233415,0.012195657237100449,0.19643227488338655,1.9623438462163343,completed,11.819905042648315,True,COMPLETE
238,2.9481255407643703,2026-06-13 23:20:41.739535,2026-06-13 23:20:53.785381,0 days 00:00:12.045846,LinearRegression,11,False,-0.048854316635136105,-0.04303127674378798,998,-0.045942796689462044,0.0029115199456740608,0.04689509348928574,1.9623438462163343,2.937761600447194,2.9584894810815467,998,2.9481255407643703,0.010363940317176634,0.16692928750617078,1.9623438462163343,952988187646897.8,1023567058931525.0,998,988277623289211.4,35289435642313.69,568397749117016.0,1.9623438462163343,9.122113486449908,9.351349890657595,998,9.236731688553752,0.11461820210384338,1.8461255301444217,1.9623438462163343,2.5804083438331857,2.6064738796191773,998,2.5934411117261815,0.013032767892995713,0.20991539820095573,1.9623438462163343,999,0.8488488488488488,-0.10454003927535742,-0.09166740609980505,998,-0.09810372268758123,0.006436316587776181,0.10366807500627512,1.9623438462163343,LinearRegression,"{'mode': 'original', 'type': 'LinearRegression'}",11,"['nodes_T6W30', 'edges_T6W30', 're_T6W30', 'pe_T6W30', 'l1_T6W30', 'l2_T6W30', 'lcc_T6W30', 'atd_T6W30', 'density_T6W30', 'diameter_T6W30', 'asp_T6W30']",0.021035640326129035,0.03618792943438746,998,0.028611784880258246,0.0075761445541292095,0.12202698720375027,1.9623438462163343,3.5979641870297945,3.6278486800796426,998,3.6129064335547185,0.014942246524923928,0.24067087322118133,1.9623438462163343,completed,12.034820079803467,False,COMPLETE
239,2.9276834034240067,2026-06-13 23:20:53.805851,2026-06-13 23:21:05.217447,0 days 00:00:11.411596,LinearRegression,10,True,-0.041405564436253636,-0.0360170951722107,998,-0.03871132980423217,0.0026942346320214658,0.04339533553202807,1.9623438462163343,2.917882712690072,2.9374840941579414,998,2.9276834034240067,0.009800690733934619,0.15785717316150316,1.9623438462163343,951128616186590.5,1021541679979054.8,998,986335148082822.6,35206531896232.08,567062440070315.0,1.9623438462163343,8.593403698281337,8.760895396627832,998,8.677149547454585,0.08374584917324697,1.3488725818808764,1.9623438462163343,2.5511835913234258,2.577372183131729,998,2.5642778872275773,0.013094295904151607,0.2109064138523005,1.9623438462163343,999,0.7867867867867868,-0.07536441137336441,-0.06454150598576572,998,-0.06995295867956507,0.005411452693799346,0.08716085918134274,1.9623438462163343,LinearRegression,"{'mode': 'original', 'type': 'LinearRegression'}",10,"['nodes_T6W30', 'edges_T6W30', 're_T6W30', 'l1_T6W30', 'l2_T6W30', 'lcc_T6W30', 'atd_T6W30', 'density_T6W30', 'diameter_T6W30', 'asp_T6W30']",0.041294579550867946,0.056243127522362574,998,0.04876885353661526,0.007474273985747311,0.12038618448997399,1.9623438462163343,3.5533974406586153,3.5801382840170883,998,3.566767862337852,0.013370421679236728,0.2153538997974536,1.9623438462163343,completed,11.40036916732788,True,COMPLETE
240,2.8347230017031846,2026-06-13 23:21:05.334969,2026-06-13 23:21:16.524767,0 days 00:00:11.189798,LinearRegression,2,True,-0.007197919834051776,-0.004003713501031405,998,-0.00560081666754159,0.0015971031665101853,0.025724124753742604,1.9623438462163343,2.8266906356546944,2.842755367751675,998,2.8347230017031846,0.008032366048490388,0.12937522799518883,1.9623438462163343,944113088937549.8,1013388372929746.0,998,978750730933647.9,34637641996098.105,557899478610431.6,1.9623438462163343,8.357703265943405,8.526819525479672,998,8.442261395711538,0.0845581297681332,1.3619557738725097,1.9623438462163343,2.5343418573907583,2.5611128666849168,998,2.5477273620378376,0.01338550464707916,0.21559683723228645,1.9623438462163343,999,0.42742742742742745,-0.004840272652618373,0.0012028002944754494,998,-0.001818736179071462,0.0030215364735469113,0.048667101051050696,1.9623438462163343,LinearRegression,"{'mode': 'original', 'type': 'LinearRegression'}",2,"['nodes_T6W30', 'lcc_T6W30']",0.1303703932770172,0.1456349059864546,998,0.1380026496317359,0.007632256354718716,0.12293076536209906,1.9623438462163343,3.44197352630271,3.4658189655783316,998,3.4538962459405207,0.01192271963781096,0.19203614005544586,1.9623438462163343,completed,11.177330017089844,True,COMPLETE
241,2.9622590562691777,2026-06-13 23:21:16.545675,2026-06-13 23:21:28.505570,0 days 00:00:11.959895,LinearRegression,12,True,-0.05396870926106806,-0.04799114413856009,998,-0.05097992669981408,0.0029887825612539857,0.048139542316171076,1.9623438462163343,2.9517714278622926,2.972746684676063,998,2.9622590562691777,0.010487628406885306,0.1689214993538064,1.9623438462163343,959931794593988.8,1031466335296352.5,998,995699064945170.6,35767270351181.87,576094108325577.5,1.9623438462163343,9.077699399830882,9.3021253418316,998,9.189912370831241,0.11221297100035812,1.8073850991785037,1.9623438462163343,2.6180965120028348,2.6459894645269144,998,2.6320429882648746,0.013946476262039728,0.2246322609351184,1.9623438462163343,999,0.8598598598598599,-0.11147363438649421,-0.098538248406986,998,-0.1050059413967401,0.006467692989754109,0.1041734465412696,1.9623438462163343,LinearRegression,"{'mode': 'original', 'type': 'LinearRegression'}",12,"['nodes_T6W30', 'edges_T6W30', 're_T6W30', 'pe_T6W30', 'l1_T6W30', 'l2_T6W30', 'lcc_T6W30', 'lsc_T6W30', 'atd_T6W30', 'density_T6W30', 'diameter_T6W30', 'asp_T6W30']",0.0013030668294685133,0.016251937075561343,998,0.008777501952514928,0.007474435123046415,0.12038877988648408,1.9623438462163343,3.609227606348209,3.6388530006481434,998,3.6240403034981763,0.014812697149967155,0.23858425517856652,1.9623438462163343,completed,11.948906898498535,True,COMPLETE
242,2.83272482539211,2026-06-13 23:21:28.525568,2026-06-13 23:21:40.087185,0 days 00:00:11.561617,LinearRegression,4,False,-0.00697024952206445,-0.003013453107200566,998,-0.004991851314632508,0.001978398207431942,0.0318655446734633,1.9623438462163343,2.8244219026459607,2.8410277481382593,998,2.83272482539211,0.008302922746149459,0.13373301426064996,1.9623438462163343,934878958897138.4,1003490828981921.6,998,969184893939530.0,34305935042391.605,552556761096775.25,1.9623438462163343,8.248292216021955,8.384753149100359,998,8.316522682561157,0.0682304665392025,1.098970354617547,1.9623438462163343,2.5533750306173153,2.5767839111966944,998,2.565079470907005,0.011704440289689724,0.1885203714438879,1.9623438462163343,999,0.45545545545545546,-0.008670652543510116,-0.0012353720015407408,998,-0.004953012272525428,0.0037176402709846873,0.05987906362324383,1.9623438462163343,LinearRegression,"{'mode': 'original', 'type': 'LinearRegression'}",4,"['edges_T6W30', 'l1_T6W30', 'atd_T6W30', 'density_T6W30']",0.12124460304301055,0.13661187042390094,998,0.12892823673345574,0.007683633690445197,0.1237582867279422,1.9623438462163343,3.446417164191897,3.4696501570381058,998,3.4580336606150013,0.011616496423104552,0.187103882488884,1.9623438462163343,completed,11.550420999526978,False,COMPLETE
243,2.9481255407643703,2026-06-13 23:21:40.107862,2026-06-13 23:21:51.426712,0 days 00:00:11.318850,LinearRegression,11,False,-0.048854316635136105,-0.04303127674378798,998,-0.045942796689462044,0.0029115199456740608,0.04689509348928574,1.9623438462163343,2.937761600447194,2.9584894810815467,998,2.9481255407643703,0.010363940317176634,0.16692928750617078,1.9623438462163343,952988187646897.8,1023567058931525.0,998,988277623289211.4,35289435642313.69,568397749117016.0,1.9623438462163343,9.122113486449908,9.351349890657595,998,9.236731688553752,0.11461820210384338,1.8461255301444217,1.9623438462163343,2.5804083438331857,2.6064738796191773,998,2.5934411117261815,0.013032767892995713,0.20991539820095573,1.9623438462163343,999,0.8488488488488488,-0.10454003927535742,-0.09166740609980505,998,-0.09810372268758123,0.006436316587776181,0.10366807500627512,1.9623438462163343,LinearRegression,"{'mode': 'original', 'type': 'LinearRegression'}",11,"['nodes_T6W30', 'edges_T6W30', 're_T6W30', 'pe_T6W30', 'l1_T6W30', 'l2_T6W30', 'lcc_T6W30', 'atd_T6W30', 'density_T6W30', 'diameter_T6W30', 'asp_T6W30']",0.021035640326129035,0.03618792943438746,998,0.028611784880258246,0.0075761445541292095,0.12202698720375027,1.9623438462163343,3.5979641870297945,3.6278486800796426,998,3.6129064335547185,0.014942246524923928,0.24067087322118133,1.9623438462163343,completed,11.307694911956787,False,COMPLETE
244,2.866901673384946,2026-06-13 23:21:51.447073,2026-06-13 23:22:02.569159,0 days 00:00:11.122086,LinearRegression,6,True,-0.01928274218468376,-0.014926439710788065,998,-0.017104590947735913,0.002178151236947848,0.03508291469623599,1.9623438462163343,2.858113805520161,2.8756895412497308,998,2.866901673384946,0.00878786786478492,0.14154389898749928,1.9623438462163343,936100346869089.2,1005087787518431.0,998,970594067193760.1,34493720324670.934,555581369731686.2,1.9623438462163343,8.364328720693356,8.5197733602544,998,8.442051040473878,0.0777223197805211,1.25185316271906,1.9623438462163343,2.5535826425774197,2.5780597152534193,998,2.5658211789154195,0.012238536337999626,0.19712291739414492,1.9623438462163343,999,0.6166166166166166,-0.03369628145162872,-0.0252252007876606,998,-0.02946074111964466,0.004235540331984061,0.06822074502396994,1.9623438462163343,LinearRegression,"{'mode': 'original', 'type': 'LinearRegression'}",6,"['nodes_T6W30', 're_T6W30', 'l1_T6W30', 'lcc_T6W30', 'atd_T6W30', 'density_T6W30']",0.07607543779652126,0.09155596917548717,998,0.08381570348600421,0.007740265689482949,0.1246704435872165,1.9623438462163343,3.4874219259963146,3.5118132404705156,998,3.499617583233415,0.012195657237100449,0.19643227488338655,1.9623438462163343,completed,11.111212015151978,True,COMPLETE
