number,value,datetime_start,datetime_complete,duration,params_regressor,params_rfe_n_features,params_use_scaler,user_attrs_d2mae_ci_lower_val,user_attrs_d2mae_ci_upper_val,user_attrs_d2mae_df_val,user_attrs_d2mae_mean_val,user_attrs_d2mae_samperror_val,user_attrs_d2mae_std_val,user_attrs_d2mae_t_critical_val,user_attrs_mae_ci_lower_val,user_attrs_mae_ci_upper_val,user_attrs_mae_df_val,user_attrs_mae_mean_val,user_attrs_mae_samperror_val,user_attrs_mae_std_val,user_attrs_mae_t_critical_val,user_attrs_mape_ci_lower_val,user_attrs_mape_ci_upper_val,user_attrs_mape_df_val,user_attrs_mape_mean_val,user_attrs_mape_samperror_val,user_attrs_mape_std_val,user_attrs_mape_t_critical_val,user_attrs_max_error_ci_lower_val,user_attrs_max_error_ci_upper_val,user_attrs_max_error_df_val,user_attrs_max_error_mean_val,user_attrs_max_error_samperror_val,user_attrs_max_error_std_val,user_attrs_max_error_t_critical_val,user_attrs_median_ae_ci_lower_val,user_attrs_median_ae_ci_upper_val,user_attrs_median_ae_df_val,user_attrs_median_ae_mean_val,user_attrs_median_ae_samperror_val,user_attrs_median_ae_std_val,user_attrs_median_ae_t_critical_val,user_attrs_n_splits_val,user_attrs_r2_below_zero_val,user_attrs_r2_ci_lower_val,user_attrs_r2_ci_upper_val,user_attrs_r2_df_val,user_attrs_r2_mean_val,user_attrs_r2_samperror_val,user_attrs_r2_std_val,user_attrs_r2_t_critical_val,user_attrs_regressor_final,user_attrs_rfe_estimator,user_attrs_rfe_n_features,user_attrs_rfe_selected_features,user_attrs_rho_ci_lower_val,user_attrs_rho_ci_upper_val,user_attrs_rho_df_val,user_attrs_rho_mean_val,user_attrs_rho_samperror_val,user_attrs_rho_std_val,user_attrs_rho_t_critical_val,user_attrs_rmse_ci_lower_val,user_attrs_rmse_ci_upper_val,user_attrs_rmse_df_val,user_attrs_rmse_mean_val,user_attrs_rmse_samperror_val,user_attrs_rmse_std_val,user_attrs_rmse_t_critical_val,user_attrs_termination_reason,user_attrs_trial_time_seconds,user_attrs_use_scaler_final,state
348,2.8491171093961345,2026-06-13 23:42:08.946414,2026-06-13 23:42:20.560872,0 days 00:00:11.614458,LinearRegression,4,True,-0.012514582404908037,-0.008847189781833954,998,-0.010680886093370996,0.001833696311537041,0.02953486892241766,1.9623438462163343,2.84057555546713,2.857658663325139,998,2.8491171093961345,0.008541553929004577,0.13757658457383867,1.9623438462163343,937460211151886.8,1006478652914196.5,998,971969432033041.6,34509220881154.918,555831033158011.75,1.9623438462163343,8.419705852539364,8.579970744077885,998,8.499838298308624,0.08013244576926017,1.2906724343269385,1.9623438462163343,2.538889960189404,2.564052462234321,998,2.5514712112118625,0.012581251022458113,0.20264293356017224,1.9623438462163343,999,0.5635635635635635,-0.021944734739415706,-0.014739687897046435,998,-0.01834221131823107,0.0036025234211846356,0.058024906504524285,1.9623438462163343,LinearRegression,"{'mode': 'original', 'type': 'LinearRegression'}",4,"['nodes_T6W30', 'lcc_T6W30', 'atd_T6W30', 'density_T6W30']",0.09454884451802963,0.11010332737184049,998,0.10232608594493506,0.00777724142690543,0.12526600215992656,1.9623438462163343,3.4694890146415545,3.4939578668868374,998,3.481723440764196,0.012234426122641598,0.19705671522583687,1.9623438462163343,completed,11.602751016616821,True,COMPLETE
349,2.8189040602214006,2026-06-13 23:42:20.582241,2026-06-13 23:42:32.628896,0 days 00:00:12.046655,LinearRegression,2,False,-0.001607474833489859,0.0016692394937706133,998,3.088233014037723e-05,0.001638357163630236,0.026388592141172305,1.9623438462163343,2.8107637608241713,2.82704435961863,998,2.8189040602214006,0.008140299397229189,0.13111368233318443,1.9623438462163343,932233462482764.5,1000722847945478.2,998,966478155214121.4,34244692731356.855,551570347142874.06,1.9623438462163343,8.277148792058563,8.411151520476688,998,8.344150156267625,0.06700136420906215,1.0791735234931474,1.9623438462163343,2.5136038119263486,2.536604370886003,998,2.5251040914061758,0.011500279479827033,0.18523200645103102,1.9623438462163343,999,0.3763763763763764,0.0023917918761490607,0.008401326440598118,998,0.005396559158373589,0.0030047672822245282,0.04839700405378599,1.9623438462163343,LinearRegression,"{'mode': 'original', 'type': 'LinearRegression'}",2,"['atd_T6W30', 'density_T6W30']",0.14502328896213817,0.16079889249477936,998,0.15291109072845877,0.007887801766320594,0.1270467687525734,1.9623438462163343,3.429584025283717,3.4529696240620518,998,3.4412768246728844,0.011692799389167395,0.18833287449092861,1.9623438462163343,completed,12.03516411781311,False,COMPLETE
350,2.9815947761387847,2026-06-13 23:42:32.649196,2026-06-13 23:42:44.529069,0 days 00:00:11.879873,LinearRegression,13,True,-0.06087506090777034,-0.05473627451999326,998,-0.0578056677138818,0.0030693931938885434,0.049437916781798465,1.9623438462163343,2.970794878900723,2.9923946733768463,998,2.9815947761387847,0.010799897238061677,0.17395113209033078,1.9623438462163343,955543669716152.6,1026915332279396.6,998,991229500997774.6,35685831281622.03,574782390442152.5,1.9623438462163343,9.098849806410966,9.321248915034994,998,9.21004936072298,0.11119955431201395,1.7910622605133883,1.9623438462163343,2.6379105320596388,2.6667610647692737,998,2.652335798414456,0.01442526635481738,0.23234400826348972,1.9623438462163343,999,0.9009009009009009,-0.1258298198487928,-0.11251846074944323,998,-0.11917414029911802,0.006655679549674783,0.10720129710272892,1.9623438462163343,LinearRegression,"{'mode': 'original', 'type': 'LinearRegression'}",13,"['nodes_T6W30', 'edges_T6W30', 're_T6W30', 'pe_T6W30', 'l1_T6W30', 'l2_T6W30', 'l3_T6W30', 'lcc_T6W30', 'lsc_T6W30', 'atd_T6W30', 'density_T6W30', 'diameter_T6W30', 'asp_T6W30']",-0.016203942139828193,-0.001230791884734901,998,-0.008717367012281547,0.0074865751275466465,0.1205843157772289,1.9623438462163343,3.6320482279708424,3.6622571854034174,998,3.64715270668713,0.015104478716287572,0.24328390487575527,1.9623438462163343,completed,11.868712902069092,True,COMPLETE
351,2.8633936384923393,2026-06-13 23:42:44.550818,2026-06-13 23:42:56.235799,0 days 00:00:11.684981,LinearRegression,6,False,-0.018065704662292698,-0.013702404404074392,998,-0.015884054533183544,0.002181650129109153,0.03513927044102733,1.9623438462163343,2.854691027400061,2.8720962495846174,998,2.8633936384923393,0.008702611092277896,0.14017069035698584,1.9623438462163343,938211082835035.9,1007324858822005.4,998,972767970828520.6,34556887993484.727,556598794921894.56,1.9623438462163343,8.24662852560367,8.380816149373702,998,8.313722337488686,0.0670938118850156,1.0806625541326749,1.9623438462163343,2.5550354729949185,2.5803110073015794,998,2.567673240148249,0.01263776715333036,0.20355322416108146,1.9623438462163343,999,0.5765765765765766,-0.025705295123461303,-0.01748459337196742,998,-0.02159494424771436,0.004110350875746943,0.06620435105667623,1.9623438462163343,LinearRegression,"{'mode': 'original', 'type': 'LinearRegression'}",6,"['edges_T6W30', 're_T6W30', 'l1_T6W30', 'l2_T6W30', 'atd_T6W30', 'density_T6W30']",0.09627823430522567,0.1115936929070177,998,0.10393596360612169,0.007657729300896024,0.12334105147200783,1.9623438462163343,3.474280040744906,3.4979093910548014,998,3.4860947158998536,0.011814675154947798,0.19029589570905292,1.9623438462163343,completed,11.673182249069214,False,COMPLETE
352,2.8752681416328163,2026-06-13 23:42:56.256321,2026-06-13 23:43:07.715768,0 days 00:00:11.459447,LinearRegression,7,True,-0.022302834192773312,-0.017818066483412796,998,-0.020060450338093054,0.0022423838546802573,0.036117492741321484,1.9623438462163343,2.866299659126132,2.8842366241395005,998,2.8752681416328163,0.008968482506684278,0.14445301198533017,1.9623438462163343,939244237630400.0,1008451820672110.2,998,973848029151255.1,34603791520855.164,557354257821704.7,1.9623438462163343,8.451438132683872,8.618045829077502,998,8.534741980880687,0.0833038481968158,1.3417533872681475,1.9623438462163343,2.5510379922064477,2.5752183240619138,998,2.5631281581341807,0.012090165927733086,0.19473315383754247,1.9623438462163343,999,0.6656656656656657,-0.04138528101128908,-0.032588633164786024,998,-0.03698695708803755,0.004398323923251528,0.07084265793318831,1.9623438462163343,LinearRegression,"{'mode': 'original', 'type': 'LinearRegression'}",7,"['nodes_T6W30', 're_T6W30', 'l1_T6W30', 'lcc_T6W30', 'atd_T6W30', 'density_T6W30', 'diameter_T6W30']",0.0652734306243811,0.08052215785566277,998,0.07289779424002193,0.007624363615640843,0.1228036390693552,1.9623438462163343,3.499877600559527,3.525001259346973,998,3.51243942995325,0.012561829393722738,0.20233011444429677,1.9623438462163343,completed,11.448396921157837,True,COMPLETE
353,2.981594776138785,2026-06-13 23:43:07.735588,2026-06-13 23:43:19.469835,0 days 00:00:11.734247,LinearRegression,13,False,-0.06087506090777042,-0.05473627451999333,998,-0.057805667713881875,0.0030693931938885477,0.049437916781798534,1.9623438462163343,2.9707948789007235,2.9923946733768467,998,2.981594776138785,0.010799897238061703,0.1739511320903312,1.9623438462163343,955543669716153.1,1026915332279397.1,998,991229500997775.1,35685831281622.055,574782390442152.9,1.9623438462163343,9.098849806410968,9.321248915034996,998,9.210049360722982,0.11119955431201464,1.7910622605133997,1.9623438462163343,2.6379105320596374,2.6667610647692723,998,2.652335798414455,0.014425266354817392,0.23234400826348992,1.9623438462163343,999,0.9009009009009009,-0.12582981984879235,-0.11251846074944277,998,-0.11917414029911756,0.006655679549674793,0.10720129710272908,1.9623438462163343,LinearRegression,"{'mode': 'original', 'type': 'LinearRegression'}",13,"['nodes_T6W30', 'edges_T6W30', 're_T6W30', 'pe_T6W30', 'l1_T6W30', 'l2_T6W30', 'l3_T6W30', 'lcc_T6W30', 'lsc_T6W30', 'atd_T6W30', 'density_T6W30', 'diameter_T6W30', 'asp_T6W30']",-0.016203942139828193,-0.001230791884734901,998,-0.008717367012281547,0.0074865751275466465,0.1205843157772289,1.9623438462163343,3.632048227970841,3.662257185403416,998,3.6471527066871285,0.015104478716287588,0.24328390487575552,1.9623438462163343,completed,11.722523927688599,False,COMPLETE
354,2.8752681416328163,2026-06-13 23:43:19.490826,2026-06-13 23:43:31.817765,0 days 00:00:12.326939,LinearRegression,7,True,-0.022302834192773312,-0.017818066483412796,998,-0.020060450338093054,0.0022423838546802573,0.036117492741321484,1.9623438462163343,2.866299659126132,2.8842366241395005,998,2.8752681416328163,0.008968482506684278,0.14445301198533017,1.9623438462163343,939244237630400.0,1008451820672110.2,998,973848029151255.1,34603791520855.164,557354257821704.7,1.9623438462163343,8.451438132683872,8.618045829077502,998,8.534741980880687,0.0833038481968158,1.3417533872681475,1.9623438462163343,2.5510379922064477,2.5752183240619138,998,2.5631281581341807,0.012090165927733086,0.19473315383754247,1.9623438462163343,999,0.6656656656656657,-0.04138528101128908,-0.032588633164786024,998,-0.03698695708803755,0.004398323923251528,0.07084265793318831,1.9623438462163343,LinearRegression,"{'mode': 'original', 'type': 'LinearRegression'}",7,"['nodes_T6W30', 're_T6W30', 'l1_T6W30', 'lcc_T6W30', 'atd_T6W30', 'density_T6W30', 'diameter_T6W30']",0.0652734306243811,0.08052215785566277,998,0.07289779424002193,0.007624363615640843,0.1228036390693552,1.9623438462163343,3.499877600559527,3.525001259346973,998,3.51243942995325,0.012561829393722738,0.20233011444429677,1.9623438462163343,completed,12.315319776535034,True,COMPLETE
355,2.849230971537735,2026-06-13 23:43:31.837743,2026-06-13 23:43:43.659404,0 days 00:00:11.821661,LinearRegression,3,True,-0.012476319870451374,-0.009010238297576374,998,-0.010743279084013874,0.001733040786437501,0.027913636594344676,1.9623438462163343,2.8409356679301387,2.8575262751453314,998,2.849230971537735,0.008295303607596475,0.133610294780304,1.9623438462163343,943312463828154.6,1012641712712612.6,998,977977088270383.6,34664624442229.016,558334077842959.1,1.9623438462163343,8.399120900566537,8.568716143854637,998,8.483918522210587,0.08479762164405047,1.3658132071446916,1.9623438462163343,2.541333455999973,2.568009110300173,998,2.554671283150073,0.013337827150099691,0.21482890820555614,1.9623438462163343,999,0.5295295295295295,-0.01727603484479843,-0.010441553183288967,998,-0.013858794014043697,0.0034172408307547317,0.05504060807543151,1.9623438462163343,LinearRegression,"{'mode': 'original', 'type': 'LinearRegression'}",3,"['nodes_T6W30', 'lcc_T6W30', 'atd_T6W30']",0.10869142065590578,0.12377782461078657,998,0.11623462263334618,0.007543201977440394,0.12149638970058177,1.9623438462163343,3.4620914729077135,3.486454005384761,998,3.474272739146237,0.012181266238523647,0.19620048281729885,1.9623438462163343,completed,11.810301303863525,True,COMPLETE
356,2.8490533409099457,2026-06-13 23:43:43.680989,2026-06-13 23:43:55.706765,0 days 00:00:12.025776,LinearRegression,5,True,-0.012763136317143566,-0.008649377991493058,998,-0.010706257154318312,0.002056879162825255,0.0331296169824187,1.9623438462163343,2.8402850821059404,2.857821599713951,998,2.8490533409099457,0.008768258804005087,0.14122806095249849,1.9623438462163343,940579784281541.2,1009683072974271.2,998,975131428627906.2,34551644346364.99,556514336863391.44,1.9623438462163343,8.387574008304306,8.546510972467047,998,8.467042490385676,0.07946848208137142,1.2799781441286875,1.9623438462163343,2.555955531684378,2.5792120993309546,998,2.5675838155076662,0.011628283823288335,0.18729373907373598,1.9623438462163343,999,0.5545545545545546,-0.02255146890397074,-0.014619853143889885,998,-0.018585661023930312,0.003965807880040428,0.06387623466958098,1.9623438462163343,LinearRegression,"{'mode': 'original', 'type': 'LinearRegression'}",5,"['nodes_T6W30', 'l1_T6W30', 'lcc_T6W30', 'atd_T6W30', 'density_T6W30']",0.09718552806842816,0.11232756131395165,998,0.1047565446911899,0.007571016622761748,0.12194439294873204,1.9623438462163343,3.4693197094074493,3.4938043992304766,998,3.481562054318963,0.012242344911513511,0.19718426109582893,1.9623438462163343,completed,12.014533042907715,True,COMPLETE
357,2.8347230017031846,2026-06-13 23:43:55.726668,2026-06-13 23:44:07.204220,0 days 00:00:11.477552,LinearRegression,2,True,-0.007197919834051776,-0.004003713501031405,998,-0.00560081666754159,0.0015971031665101853,0.025724124753742604,1.9623438462163343,2.8266906356546944,2.842755367751675,998,2.8347230017031846,0.008032366048490388,0.12937522799518883,1.9623438462163343,944113088937549.8,1013388372929746.0,998,978750730933647.9,34637641996098.105,557899478610431.6,1.9623438462163343,8.357703265943405,8.526819525479672,998,8.442261395711538,0.0845581297681332,1.3619557738725097,1.9623438462163343,2.5343418573907583,2.5611128666849168,998,2.5477273620378376,0.01338550464707916,0.21559683723228645,1.9623438462163343,999,0.42742742742742745,-0.004840272652618373,0.0012028002944754494,998,-0.001818736179071462,0.0030215364735469113,0.048667101051050696,1.9623438462163343,LinearRegression,"{'mode': 'original', 'type': 'LinearRegression'}",2,"['nodes_T6W30', 'lcc_T6W30']",0.1303703932770172,0.1456349059864546,998,0.1380026496317359,0.007632256354718716,0.12293076536209906,1.9623438462163343,3.44197352630271,3.4658189655783316,998,3.4538962459405207,0.01192271963781096,0.19203614005544586,1.9623438462163343,completed,11.466652870178223,True,COMPLETE
358,2.866901673384946,2026-06-13 23:44:07.224361,2026-06-13 23:44:19.017706,0 days 00:00:11.793345,LinearRegression,6,True,-0.01928274218468376,-0.014926439710788065,998,-0.017104590947735913,0.002178151236947848,0.03508291469623599,1.9623438462163343,2.858113805520161,2.8756895412497308,998,2.866901673384946,0.00878786786478492,0.14154389898749928,1.9623438462163343,936100346869089.2,1005087787518431.0,998,970594067193760.1,34493720324670.934,555581369731686.2,1.9623438462163343,8.364328720693356,8.5197733602544,998,8.442051040473878,0.0777223197805211,1.25185316271906,1.9623438462163343,2.5535826425774197,2.5780597152534193,998,2.5658211789154195,0.012238536337999626,0.19712291739414492,1.9623438462163343,999,0.6166166166166166,-0.03369628145162872,-0.0252252007876606,998,-0.02946074111964466,0.004235540331984061,0.06822074502396994,1.9623438462163343,LinearRegression,"{'mode': 'original', 'type': 'LinearRegression'}",6,"['nodes_T6W30', 're_T6W30', 'l1_T6W30', 'lcc_T6W30', 'atd_T6W30', 'density_T6W30']",0.07607543779652126,0.09155596917548717,998,0.08381570348600421,0.007740265689482949,0.1246704435872165,1.9623438462163343,3.4874219259963146,3.5118132404705156,998,3.499617583233415,0.012195657237100449,0.19643227488338655,1.9623438462163343,completed,11.782045841217041,True,COMPLETE
359,2.9815947761387847,2026-06-13 23:44:19.037831,2026-06-13 23:44:31.054236,0 days 00:00:12.016405,LinearRegression,13,True,-0.06087506090777034,-0.05473627451999326,998,-0.0578056677138818,0.0030693931938885434,0.049437916781798465,1.9623438462163343,2.970794878900723,2.9923946733768463,998,2.9815947761387847,0.010799897238061677,0.17395113209033078,1.9623438462163343,955543669716152.6,1026915332279396.6,998,991229500997774.6,35685831281622.03,574782390442152.5,1.9623438462163343,9.098849806410966,9.321248915034994,998,9.21004936072298,0.11119955431201395,1.7910622605133883,1.9623438462163343,2.6379105320596388,2.6667610647692737,998,2.652335798414456,0.01442526635481738,0.23234400826348972,1.9623438462163343,999,0.9009009009009009,-0.1258298198487928,-0.11251846074944323,998,-0.11917414029911802,0.006655679549674783,0.10720129710272892,1.9623438462163343,LinearRegression,"{'mode': 'original', 'type': 'LinearRegression'}",13,"['nodes_T6W30', 'edges_T6W30', 're_T6W30', 'pe_T6W30', 'l1_T6W30', 'l2_T6W30', 'l3_T6W30', 'lcc_T6W30', 'lsc_T6W30', 'atd_T6W30', 'density_T6W30', 'diameter_T6W30', 'asp_T6W30']",-0.016203942139828193,-0.001230791884734901,998,-0.008717367012281547,0.0074865751275466465,0.1205843157772289,1.9623438462163343,3.6320482279708424,3.6622571854034174,998,3.64715270668713,0.015104478716287572,0.24328390487575527,1.9623438462163343,completed,12.00507116317749,True,COMPLETE
360,2.8752681416328163,2026-06-13 23:44:31.075252,2026-06-13 23:44:42.771735,0 days 00:00:11.696483,LinearRegression,7,True,-0.022302834192773312,-0.017818066483412796,998,-0.020060450338093054,0.0022423838546802573,0.036117492741321484,1.9623438462163343,2.866299659126132,2.8842366241395005,998,2.8752681416328163,0.008968482506684278,0.14445301198533017,1.9623438462163343,939244237630400.0,1008451820672110.2,998,973848029151255.1,34603791520855.164,557354257821704.7,1.9623438462163343,8.451438132683872,8.618045829077502,998,8.534741980880687,0.0833038481968158,1.3417533872681475,1.9623438462163343,2.5510379922064477,2.5752183240619138,998,2.5631281581341807,0.012090165927733086,0.19473315383754247,1.9623438462163343,999,0.6656656656656657,-0.04138528101128908,-0.032588633164786024,998,-0.03698695708803755,0.004398323923251528,0.07084265793318831,1.9623438462163343,LinearRegression,"{'mode': 'original', 'type': 'LinearRegression'}",7,"['nodes_T6W30', 're_T6W30', 'l1_T6W30', 'lcc_T6W30', 'atd_T6W30', 'density_T6W30', 'diameter_T6W30']",0.0652734306243811,0.08052215785566277,998,0.07289779424002193,0.007624363615640843,0.1228036390693552,1.9623438462163343,3.499877600559527,3.525001259346973,998,3.51243942995325,0.012561829393722738,0.20233011444429677,1.9623438462163343,completed,11.685616970062256,True,COMPLETE
361,2.8839241515157577,2026-06-13 23:44:42.791889,2026-06-13 23:44:54.347498,0 days 00:00:11.555609,LinearRegression,7,False,-0.025508749846112528,-0.020868589779577233,998,-0.02318866981284488,0.0023200800332676464,0.03736892485465097,1.9623438462163343,2.8749849606222586,2.8928633424092567,998,2.8839241515157577,0.008939190893498906,0.1439812196004554,1.9623438462163343,938259311463837.6,1007424696822625.1,998,972842004143231.4,34582692679393.72,557014424277263.44,1.9623438462163343,8.313314713860919,8.445432901181402,998,8.37937380752116,0.06605909366024125,1.0639966171680468,1.9623438462163343,2.5688636655906953,2.5937176359345826,998,2.581290650762639,0.012426985171943657,0.20015821368290393,1.9623438462163343,999,0.6436436436436437,-0.04020410876543909,-0.031333614021318165,998,-0.03576886139337863,0.004435247372060463,0.071437374306818,1.9623438462163343,LinearRegression,"{'mode': 'original', 'type': 'LinearRegression'}",7,"['edges_T6W30', 're_T6W30', 'l1_T6W30', 'l2_T6W30', 'lcc_T6W30', 'atd_T6W30', 'density_T6W30']",0.07397509692863574,0.08921160811943693,998,0.08159335252403634,0.00761825559540059,0.12270525877811703,1.9623438462163343,3.49780579976701,3.521929586832228,998,3.509867693299619,0.01206189353260901,0.19427777773253604,1.9623438462163343,completed,11.543974876403809,False,COMPLETE
362,2.9815947761387847,2026-06-13 23:44:54.369147,2026-06-13 23:45:06.044915,0 days 00:00:11.675768,LinearRegression,13,True,-0.06087506090777034,-0.05473627451999326,998,-0.0578056677138818,0.0030693931938885434,0.049437916781798465,1.9623438462163343,2.970794878900723,2.9923946733768463,998,2.9815947761387847,0.010799897238061677,0.17395113209033078,1.9623438462163343,955543669716152.6,1026915332279396.6,998,991229500997774.6,35685831281622.03,574782390442152.5,1.9623438462163343,9.098849806410966,9.321248915034994,998,9.21004936072298,0.11119955431201395,1.7910622605133883,1.9623438462163343,2.6379105320596388,2.6667610647692737,998,2.652335798414456,0.01442526635481738,0.23234400826348972,1.9623438462163343,999,0.9009009009009009,-0.1258298198487928,-0.11251846074944323,998,-0.11917414029911802,0.006655679549674783,0.10720129710272892,1.9623438462163343,LinearRegression,"{'mode': 'original', 'type': 'LinearRegression'}",13,"['nodes_T6W30', 'edges_T6W30', 're_T6W30', 'pe_T6W30', 'l1_T6W30', 'l2_T6W30', 'l3_T6W30', 'lcc_T6W30', 'lsc_T6W30', 'atd_T6W30', 'density_T6W30', 'diameter_T6W30', 'asp_T6W30']",-0.016203942139828193,-0.001230791884734901,998,-0.008717367012281547,0.0074865751275466465,0.1205843157772289,1.9623438462163343,3.6320482279708424,3.6622571854034174,998,3.64715270668713,0.015104478716287572,0.24328390487575527,1.9623438462163343,completed,11.663867235183716,True,COMPLETE
