number,value,datetime_start,datetime_complete,duration,params_dt_max_depth,params_dt_min_samples_leaf,params_dt_min_samples_split,params_elastic_alpha,params_elastic_l1_ratio,params_et_max_depth,params_et_max_features,params_et_min_samples_leaf,params_et_min_samples_split,params_et_n_estimators,params_knn_metric,params_knn_n_neighbors,params_knn_weights,params_quantile_alpha,params_regressor,params_rf_max_depth,params_rf_max_features,params_rf_min_samples_leaf,params_rf_min_samples_split,params_rf_n_estimators,params_rfe_n_features,params_rfe_proxy_et_max_depth,params_rfe_proxy_et_min_samples_leaf,params_rfe_proxy_et_min_samples_split,params_rfe_proxy_et_n_estimators,params_rfe_proxy_lsvr_C,params_rfe_proxy_lsvr_epsilon,params_rfe_proxy_type,params_use_scaler,params_xgb_booster,params_xgb_colsample_bytree,params_xgb_learning_rate,params_xgb_max_depth,params_xgb_n_estimators,params_xgb_reg_alpha,params_xgb_reg_lambda,params_xgb_subsample,user_attrs_d2mae_ci_lower_val,user_attrs_d2mae_ci_upper_val,user_attrs_d2mae_df_val,user_attrs_d2mae_mean_val,user_attrs_d2mae_samperror_val,user_attrs_d2mae_std_val,user_attrs_d2mae_t_critical_val,user_attrs_mae_ci_lower_val,user_attrs_mae_ci_upper_val,user_attrs_mae_df_val,user_attrs_mae_mean_val,user_attrs_mae_samperror_val,user_attrs_mae_std_val,user_attrs_mae_t_critical_val,user_attrs_mape_ci_lower_val,user_attrs_mape_ci_upper_val,user_attrs_mape_df_val,user_attrs_mape_mean_val,user_attrs_mape_samperror_val,user_attrs_mape_std_val,user_attrs_mape_t_critical_val,user_attrs_max_error_ci_lower_val,user_attrs_max_error_ci_upper_val,user_attrs_max_error_df_val,user_attrs_max_error_mean_val,user_attrs_max_error_samperror_val,user_attrs_max_error_std_val,user_attrs_max_error_t_critical_val,user_attrs_median_ae_ci_lower_val,user_attrs_median_ae_ci_upper_val,user_attrs_median_ae_df_val,user_attrs_median_ae_mean_val,user_attrs_median_ae_samperror_val,user_attrs_median_ae_std_val,user_attrs_median_ae_t_critical_val,user_attrs_n_splits_val,user_attrs_r2_below_zero_val,user_attrs_r2_ci_lower_val,user_attrs_r2_ci_upper_val,user_attrs_r2_df_val,user_attrs_r2_mean_val,user_attrs_r2_samperror_val,user_attrs_r2_std_val,user_attrs_r2_t_critical_val,user_attrs_regressor_final,user_attrs_rfe_estimator,user_attrs_rfe_n_features,user_attrs_rfe_selected_features,user_attrs_rho_ci_lower_val,user_attrs_rho_ci_upper_val,user_attrs_rho_df_val,user_attrs_rho_mean_val,user_attrs_rho_samperror_val,user_attrs_rho_std_val,user_attrs_rho_t_critical_val,user_attrs_rmse_ci_lower_val,user_attrs_rmse_ci_upper_val,user_attrs_rmse_df_val,user_attrs_rmse_mean_val,user_attrs_rmse_samperror_val,user_attrs_rmse_std_val,user_attrs_rmse_t_critical_val,user_attrs_termination_reason,user_attrs_use_scaler_final,state
185,1.1225021738973957,2026-06-12 18:50:44.575533,2026-06-12 18:50:46.603578,0 days 00:00:02.028045,,,,,,,,,,,euclidean,13.0,distance,,KNeighborsRegressor,,,,,,7,11.0,4.0,9.0,80.0,,,ExtraTrees,,,,,,,,,,-0.06056097514094473,-0.03989880632109201,98.0,-0.05022989073101837,0.010331084409926364,0.05179877944690605,1.9844674545084815,1.1070093807797696,1.1379949670150218,98.0,1.1225021738973957,0.015492793117626174,0.0776789484892208,1.9844674545084815,349366673325482.75,449569284841801.6,98.0,399467979083642.2,50101305758159.44,251201750367597.88,1.9844674545084815,3.1280836329902746,3.226515635049438,98.0,3.1772996340198563,0.049216001029581895,0.24676294195607917,1.9844674545084815,0.9376607821406198,0.9820532333918015,98.0,0.9598570077662106,0.022196225625590902,0.11128912998030013,1.9844674545084815,99.0,0.4444444444444444,-0.018927200332185652,0.01491840883338392,98.0,-0.002004395749400865,0.016922804582784785,0.08484884910673264,1.9844674545084815,KNeighborsRegressor,"{'mode': 'proxy', 'type': 'ExtraTrees'}",7,"['edges_T6W30', 're_T6W30', 'pe_T6W30', 'l2_T6W30', 'l3_T6W30', 'lsc_T6W30', 'atd_T6W30']",0.12640024547491174,0.17828310839214034,98.0,0.15234167693352604,0.025941431458614293,0.1300671288069913,1.9844674545084815,1.376593497344558,1.4128214160081034,98.0,1.3947074566763307,0.018113959331772646,0.09082115169199405,1.9844674545084815,completed,True,COMPLETE
186,1.1390065889590948,2026-06-12 18:50:46.617440,2026-06-12 18:50:48.731837,0 days 00:00:02.114397,,,,,,,,,,,,,,,LinearRegression,,,,,,12,,,,,,,,False,,,,,,,,,-0.07593851423941839,-0.056106649313013485,98.0,-0.06602258177621594,0.009915932463202447,0.049717258933469545,1.9844674545084815,1.1250267702351062,1.1529864076830834,98.0,1.1390065889590948,0.013979818723988518,0.0700930820094587,1.9844674545084815,350705627261453.9,451076232832876.25,98.0,400890930047165.06,50185302785711.22,251622901074697.88,1.9844674545084815,3.474343035101558,3.7278330978534933,98.0,3.6010880664775256,0.12674503137596752,0.6354839110526368,1.9844674545084815,0.9394201656002836,0.9784407218692239,98.0,0.9589304437347538,0.019510278134470194,0.09782212146715182,1.9844674545084815,99.0,0.7171717171717171,-0.0912332991882924,-0.048402000508372574,98.0,-0.06981764984833248,0.02141564933995991,0.1073754170285372,1.9844674545084815,LinearRegression,"{'mode': 'original', 'type': 'LinearRegression'}",12,"['nodes_T6W30', 'edges_T6W30', 're_T6W30', 'pe_T6W30', 'l1_T6W30', 'l2_T6W30', 'l3_T6W30', 'lcc_T6W30', 'atd_T6W30', 'density_T6W30', 'diameter_T6W30', 'asp_T6W30']",0.09807217119505658,0.1446701657577451,98.0,0.12137116847640084,0.02329899728134426,0.1168182906676122,1.9844674545084815,1.421599087676903,1.4586635780647697,98.0,1.4401313328708363,0.01853224519393346,0.09291838526981758,1.9844674545084815,completed,False,COMPLETE
187,1.1390966947298011,2026-06-12 18:50:48.745038,2026-06-12 18:50:55.909964,0 days 00:00:07.164926,,,,,,,,,,,,,,,RandomForestRegressor,17.0,sqrt,4.0,2.0,61.0,10,,,,,,,,True,,,,,,,,,-0.0769067848231038,-0.05436045705440964,98.0,-0.06563362093875671,0.01127316388434708,0.056522249411984346,1.9844674545084815,1.1225754095751357,1.1556179798844666,98.0,1.1390966947298011,0.016521285154665392,0.08283568035546189,1.9844674545084815,350928014077569.4,451930032697086.75,98.0,401429023387328.06,50501009309758.66,253205814538590.4,1.9844674545084815,3.265171499663009,3.376136819034192,98.0,3.3206541593486003,0.05548265968559131,0.27818319337516423,1.9844674545084815,0.972274453842825,1.0185845367283308,98.0,0.9954294952855779,0.023155041442752922,0.11609651389787423,1.9844674545084815,99.0,0.6565656565656566,-0.06623718797604741,-0.027776338328107882,98.0,-0.04700676315207765,0.019230424823969767,0.0964189715815338,1.9844674545084815,RandomForestRegressor,"{'mode': 'original', 'type': 'RandomForestRegressor'}",10,"['nodes_T6W30', 're_T6W30', 'pe_T6W30', 'l2_T6W30', 'l3_T6W30', 'lsc_T6W30', 'atd_T6W30', 'density_T6W30', 'diameter_T6W30', 'asp_T6W30']",0.05998602008380456,0.11633605814840793,98.0,0.08816103911610625,0.02817501903230168,0.14126606064357744,1.9844674545084815,1.407047333178821,1.4433067179538837,98.0,1.4251770255663523,0.018129692387531374,0.09090003528764921,1.9844674545084815,completed,True,COMPLETE
188,1.0642278660301898,2026-06-12 18:50:55.922866,2026-06-12 18:50:58.126441,0 days 00:00:02.203575,,,,,,,,,,,,,,0.009610996297600935,QuantileRegressor,,,,,,3,,,,,,,,True,,,,,,,,,0.00102686249108291,0.00823386127226906,98.0,0.004630361881675985,0.0036034993905930753,0.018067500251091405,1.9844674545084815,1.0519234057783962,1.0765323262819835,98.0,1.0642278660301898,0.01230446025179364,0.06169304184403848,1.9844674545084815,369781103459031.56,472481867959151.56,98.0,421131485709091.56,51350382250060.02,257464465407861.0,1.9844674545084815,3.181428224629596,3.3816449065369456,98.0,3.281536565583271,0.10010834095367485,0.5019308397938098,1.9844674545084815,0.9997771574814898,1.0000735076559883,98.0,0.9999253325687391,0.00014817508724929357,0.0007429315606576217,1.9844674545084815,99.0,0.43434343434343436,-0.015495457253994267,0.006843644137512851,98.0,-0.004325906558240708,0.01116955069575356,0.0560027456996161,1.9844674545084815,QuantileRegressor,"{'mode': 'original', 'type': 'QuantileRegressor'}",3,"['edges_T6W30', 'diameter_T6W30', 'asp_T6W30']",0.0960945543130774,0.1509718836129076,77.0,0.12353321896299249,0.027438664649915092,0.12169802373852276,1.9912543953883846,1.3802503217258961,1.4146549661761092,98.0,1.3974526439510027,0.0172023222251066,0.08625031599361968,1.9844674545084815,completed,True,COMPLETE
189,1.1023481561927462,2026-06-12 18:50:58.152432,2026-06-12 18:51:21.285228,0 days 00:00:23.132796,,,,,,19.0,log2,4.0,2.0,425.0,,,,,ExtraTreesRegressor,,,,,,5,,,,,,,,True,,,,,,,,,-0.03728026123437489,-0.02495258034455334,98.0,-0.031116420789464114,0.006163840444910775,0.030904733625550563,1.9844674545084815,1.0889487667997169,1.1157475455857755,98.0,1.1023481561927462,0.013399389393029204,0.06718288113354784,1.9844674545084815,354910184806415.25,454264837194794.6,98.0,404587511000604.94,49677326194189.664,249075969273121.06,1.9844674545084815,3.1028665293858784,3.154409591302215,98.0,3.1286380603440467,0.025771530958168434,0.1292152687116408,1.9844674545084815,0.9796850404745543,1.0088022335027393,98.0,0.9942436369886468,0.014558596514092532,0.07299500226378941,1.9844674545084815,99.0,0.4444444444444444,-0.010034158478044406,0.00852124417268857,98.0,-0.0007564571526779174,0.009277701325366488,0.04651724694700777,1.9844674545084815,ExtraTreesRegressor,"{'mode': 'original', 'type': 'ExtraTreesRegressor'}",5,"['re_T6W30', 'pe_T6W30', 'l2_T6W30', 'lcc_T6W30', 'lsc_T6W30']",0.07107402446085612,0.12201896187077138,98.0,0.09654649316581375,0.025472468704957632,0.12771580756310183,1.9844674545084815,1.3788445861618466,1.411004834347216,98.0,1.3949247102545312,0.01608012409268473,0.08062375335502592,1.9844674545084815,completed,True,COMPLETE
190,1.3630095641254811,2026-06-12 18:51:21.307051,2026-06-12 18:51:21.454851,0 days 00:00:00.147800,8.0,2.0,3.0,,,,,,,,,,,,DecisionTreeRegressor,,,,,,13,,,,,,,,False,,,,,,,,,,,,,,,,,,,,,,,,,,,,,,,,,,,,,,,,,,,,,,,,,,,,,DecisionTreeRegressor,"{'mode': 'original', 'type': 'DecisionTreeRegressor'}",13,"['nodes_T6W30', 'edges_T6W30', 're_T6W30', 'pe_T6W30', 'l1_T6W30', 'l2_T6W30', 'l3_T6W30', 'lcc_T6W30', 'lsc_T6W30', 'atd_T6W30', 'density_T6W30', 'diameter_T6W30', 'asp_T6W30']",,,,,,,,,,,,,,,pruned,False,PRUNED
191,1.1651066544978907,2026-06-12 18:51:21.464480,2026-06-12 18:51:23.490988,0 days 00:00:02.026508,,,,,,,,,,,manhattan,6.0,distance,,KNeighborsRegressor,,,,,,6,10.0,3.0,9.0,40.0,,,ExtraTrees,,,,,,,,,,-0.10288775889793139,-0.07722267375706446,98.0,-0.09005521632749793,0.012832542570433465,0.06434078127464005,1.9844674545084815,1.1474191192146015,1.18279418978118,98.0,1.1651066544978907,0.01768753528328923,0.08868311425450816,1.9844674545084815,342901053228940.75,442306784083991.6,98.0,392603918656466.2,49702865427525.44,249204019830285.4,1.9844674545084815,3.3215849650557385,3.4433552154963976,98.0,3.382470090276068,0.06088512522032968,0.3052704873706083,1.9844674545084815,1.0058901054485383,1.0591290812136922,98.0,1.0325095933311152,0.02661948788257686,0.13346681985236195,1.9844674545084815,99.0,0.7373737373737373,-0.09636850425522381,-0.05084019121535805,98.0,-0.07360434773529093,0.022764156519932875,0.11413666524086177,1.9844674545084815,KNeighborsRegressor,"{'mode': 'proxy', 'type': 'ExtraTrees'}",6,"['edges_T6W30', 're_T6W30', 'pe_T6W30', 'l2_T6W30', 'l3_T6W30', 'atd_T6W30']",0.08897254187327198,0.13918159548661996,98.0,0.11407706867994596,0.02510452680667398,0.12587099239344177,1.9844674545084815,1.4227499878029406,1.4626553343781945,98.0,1.4427026610905676,0.019952673287626885,0.1000402360481077,1.9844674545084815,completed,True,COMPLETE
192,1.0952206274192389,2026-06-12 18:51:23.532743,2026-06-12 18:51:39.287594,0 days 00:00:15.754851,,,,,,,,,,,,,,,XGBRegressor,,,,,,13,,,,,,,,True,gbtree,0.7995222935751908,0.005450361842724383,10.0,84.0,0.0041005206621905965,0.006863464331724661,0.5460334930412377,-0.029082734055338774,-0.019856915348134677,98.0,-0.024469824701736725,0.00461290935360205,0.02312855695828214,1.9844674545084815,1.0826675468414098,1.107773707997068,98.0,1.0952206274192389,0.012553080577829135,0.06293959340855351,1.9844674545084815,367020926964006.94,470311431641521.8,98.0,418666179302764.4,51645252338757.44,258942907562031.3,1.9844674545084815,3.16074521240732,3.224337952424284,98.0,3.192541582415802,0.03179637000848198,0.15942306653685695,1.9844674545084815,0.982309035712867,1.0027608894219653,98.0,0.9925349625674161,0.010225926854549195,0.05127153247049725,1.9844674545084815,99.0,0.5050505050505051,-0.011162235162259532,0.004206965842149619,98.0,-0.0034776346600549563,0.007684600502204575,0.03852963645992662,1.9844674545084815,XGBRegressor,"{'mode': 'original', 'type': 'XGBRegressor'}",13,"['nodes_T6W30', 'edges_T6W30', 're_T6W30', 'pe_T6W30', 'l1_T6W30', 'l2_T6W30', 'l3_T6W30', 'lcc_T6W30', 'lsc_T6W30', 'atd_T6W30', 'density_T6W30', 'diameter_T6W30', 'asp_T6W30']",0.05117899685237419,0.10667369121440141,98.0,0.0789263440333878,0.027747347181013616,0.13912176687716163,1.9844674545084815,1.3810415240864118,1.4129485693072508,98.0,1.3969950466968313,0.015953522610419494,0.07998898918145983,1.9844674545084815,completed,True,COMPLETE
193,1.300637444532385,2026-06-12 18:51:39.318613,2026-06-12 18:51:40.735928,0 days 00:00:01.417315,,,,,,,,,,,,,,,XGBRegressor,,,,,,2,,,,,,,,True,gbtree,0.6013163170676716,0.066755502433454,10.0,119.0,0.0019421055975565888,0.02042943471222008,0.9414969124148865,,,,,,,,,,,,,,,,,,,,,,,,,,,,,,,,,,,,,,,,,,,,,XGBRegressor,"{'mode': 'original', 'type': 'XGBRegressor'}",2,"['diameter_T6W30', 'asp_T6W30']",,,,,,,,,,,,,,,pruned,True,PRUNED
194,1.1405901707163077,2026-06-12 18:51:40.746475,2026-06-12 18:51:47.089656,0 days 00:00:06.343181,,,,,,,,,,,,,,,RandomForestRegressor,10.0,sqrt,4.0,3.0,53.0,7,,,,,,,,True,,,,,,,,,-0.07722493360542675,-0.056755394194256,98.0,-0.06699016389984137,0.010234769705585374,0.05131586943187807,1.9844674545084815,1.1246963973816022,1.1564839440510133,98.0,1.1405901707163077,0.01589377333470565,0.07968941370302891,1.9844674545084815,350445962545178.56,450775063900865.44,98.0,400610513223022.0,50164550677843.43,251518852572541.7,1.9844674545084815,3.257742915504536,3.3593542950220514,98.0,3.3085486052632938,0.05080568975875756,0.2547334446259329,1.9844674545084815,0.9883952868403646,1.0344690232424092,98.0,1.011432155041387,0.023036868201022347,0.11550400787991481,1.9844674545084815,99.0,0.7171717171717171,-0.0753457793967546,-0.03984205413602656,98.0,-0.05759391676639058,0.017751862630364018,0.08900564361651105,1.9844674545084815,RandomForestRegressor,"{'mode': 'original', 'type': 'RandomForestRegressor'}",7,"['re_T6W30', 'pe_T6W30', 'l2_T6W30', 'l3_T6W30', 'lcc_T6W30', 'lsc_T6W30', 'density_T6W30']",0.03279947898599926,0.08442495937254789,98.0,0.058612219179273575,0.02581274019327431,0.1294218867195601,1.9844674545084815,1.4146508927795727,1.4510040743333945,98.0,1.4328274835564836,0.018176590776910945,0.09113517801144241,1.9844674545084815,completed,True,COMPLETE
195,1.1271032925660027,2026-06-12 18:51:47.107117,2026-06-12 18:51:49.051872,0 days 00:00:01.944755,,,,,,,,,,,,,,,LinearRegression,,,,,,10,,,,,,,,False,,,,,,,,,-0.0637443873798985,-0.04574153790222909,98.0,-0.0547429626410638,0.009001424738834708,0.04513203031298689,1.9844674545084815,1.1133905713508054,1.1408160137812,98.0,1.1271032925660027,0.013712721215197309,0.06875388813592877,1.9844674545084815,352179860830912.2,452382020497175.06,98.0,402280940664043.6,50101079833131.414,251200617607450.56,1.9844674545084815,3.3210484082432803,3.5620124635711905,98.0,3.4415304359072354,0.12048202766395492,0.6040819850706957,1.9844674545084815,0.9519651611658072,0.9905530986651606,98.0,0.9712591299154839,0.01929396874967672,0.09673757296569466,1.9844674545084815,99.0,0.5858585858585859,-0.05567132180486129,-0.019368799831759147,98.0,-0.03752006081831022,0.018151260986551072,0.09100817757545462,1.9844674545084815,LinearRegression,"{'mode': 'original', 'type': 'LinearRegression'}",10,"['nodes_T6W30', 'edges_T6W30', 're_T6W30', 'pe_T6W30', 'l1_T6W30', 'l2_T6W30', 'atd_T6W30', 'density_T6W30', 'diameter_T6W30', 'asp_T6W30']",0.11400807336797637,0.16080425331124387,98.0,0.13740616333961012,0.023398089971633743,0.11731512916059497,1.9844674545084815,1.4013161801524405,1.4362969126141918,98.0,1.4188065463833162,0.017490366230875683,0.08769453301226106,1.9844674545084815,completed,False,COMPLETE
196,1.0844478336601688,2026-06-12 18:51:49.120079,2026-06-12 18:51:51.497555,0 days 00:00:02.377476,,,,,,,,,,,,,,,XGBRegressor,,,,,,10,,,,,,,,False,gblinear,0.9114919025208837,0.11941144217950807,10.0,86.0,2.4796739133918027,0.0007911989368573516,0.9025451592478313,-0.015362919987852521,-0.01360193394401199,98.0,-0.014482426965932256,0.0008804930219202652,0.004414683109467761,1.9844674545084815,1.0733265169527664,1.0955691503675713,98.0,1.0844478336601688,0.011121316707402486,0.05576090644777132,1.9844674545084815,370261105659323.8,472582161721691.8,98.0,421421633690507.8,51160528031183.98,256512559836246.84,1.9844674545084815,3.0623905775247895,3.0737132692852915,98.0,3.0680519234050405,0.005661345880251032,0.028385288028622696,1.9844674545084815,0.9334029822004124,0.9519650037272849,98.0,0.9426839929638486,0.00928101076343626,0.04653384006016678,1.9844674545084815,99.0,1.0,-0.003151139249551751,-0.0019109953719222716,98.0,-0.0025310673107370113,0.0006200719388147398,0.003108964008562298,1.9844674545084815,XGBRegressor,"{'mode': 'original', 'type': 'XGBRegressor'}",10,"['pe_T6W30', 'l1_T6W30', 'l2_T6W30', 'l3_T6W30', 'lcc_T6W30', 'lsc_T6W30', 'atd_T6W30', 'density_T6W30', 'diameter_T6W30', 'asp_T6W30']",,,,,,,,1.381230191074386,1.4121686831751745,98.0,1.3966994371247803,0.015469246050394332,0.07756088640650355,1.9844674545084815,completed,False,COMPLETE
197,1.096081555447924,2026-06-12 18:51:51.521476,2026-06-12 18:52:11.222466,0 days 00:00:19.700990,,,,,,16.0,log2,4.0,6.0,350.0,,,,,ExtraTreesRegressor,,,,,,7,,,,,,,,False,,,,,,,,,-0.03051056415021308,-0.01993233601226575,98.0,-0.025221450081239414,0.0052891140689736655,0.026518963765803504,1.9844674545084815,1.0830576789873323,1.1091054319085156,98.0,1.096081555447924,0.013023876460591631,0.06530010573505185,1.9844674545084815,358880690597888.56,459557933994008.94,98.0,409219312295948.75,50338621698060.195,252391623138199.16,1.9844674545084815,3.0881154122569314,3.134253497004179,98.0,3.111184454630555,0.023069042373623845,0.11566532520192511,1.9844674545084815,0.9835790396304597,1.0101494400507955,98.0,0.9968642398406276,0.013285200210167917,0.06661035069399678,1.9844674545084815,99.0,0.40404040404040403,-0.006237043959867189,0.009791863583609195,98.0,0.0017774098118710033,0.008014453771738192,0.04018347995596813,1.9844674545084815,ExtraTreesRegressor,"{'mode': 'original', 'type': 'ExtraTreesRegressor'}",7,"['re_T6W30', 'pe_T6W30', 'l2_T6W30', 'l3_T6W30', 'lcc_T6W30', 'lsc_T6W30', 'atd_T6W30']",0.06984252263516083,0.1204317860984192,98.0,0.09513715436679002,0.02529463173162919,0.12682415497432864,1.9844674545084815,1.377315433151653,1.4093322530059518,98.0,1.3933238430788024,0.01600840992714941,0.08026418739888934,1.9844674545084815,completed,False,COMPLETE
198,1.081728573038049,2026-06-12 18:52:11.235333,2026-06-12 18:52:12.936335,0 days 00:00:01.701002,,,,0.02854162178907665,0.9271106288584273,,,,,,,,,,ElasticNet,,,,,,3,,,,,,,,True,,,,,,,,,-0.017162722742542123,-0.006557096810221273,98.0,-0.011859909776381699,0.005302812966160426,0.02658764834197065,1.9844674545084815,1.0690280349245056,1.0944291111515925,98.0,1.081728573038049,0.012700538113543453,0.06367892725456403,1.9844674545084815,362044409050548.6,463548857321500.5,98.0,412796633186024.56,50752224135475.93,254465374603613.12,1.9844674545084815,3.264493243933666,3.464377390294124,98.0,3.364435317113895,0.0999420731802291,0.5010971937423295,1.9844674545084815,0.9709188863054803,0.9854414799470765,98.0,0.9781801831262784,0.007261296820798159,0.03640724415702696,1.9844674545084815,99.0,0.40404040404040403,-0.024569868623171818,-0.0002090699980905851,98.0,-0.012389469310631201,0.012180399312540616,0.061071015638912436,1.9844674545084815,ElasticNet,"{'mode': 'original', 'type': 'ElasticNet'}",3,"['edges_T6W30', 'pe_T6W30', 'l2_T6W30']",0.0732852133117459,0.12727978145165236,98.0,0.10028249738169913,0.02699728406995324,0.1353610432087202,1.9844674545084815,1.386040010243254,1.419332428277391,98.0,1.4026862192603224,0.016646209017068515,0.08346203315053319,1.9844674545084815,completed,True,COMPLETE
199,1.1315662081946662,2026-06-12 18:52:12.948811,2026-06-12 18:52:14.629431,0 days 00:00:01.680620,,,,,,,,,,,,,,,LinearRegression,,,,,,11,,,,,,,,False,,,,,,,,,-0.0685689036296887,-0.04935961954948369,98.0,-0.058964261589586196,0.009604642040102505,0.04815648725352903,1.9844674545084815,1.1175568284253827,1.1455755879639498,98.0,1.1315662081946662,0.01400937976928353,0.07024129743435495,1.9844674545084815,349571250814066.94,449682439592840.44,98.0,399626845203453.7,50055594389386.74,250972559218312.72,1.9844674545084815,3.4555151786521376,3.716021600237873,98.0,3.5857683894450054,0.13025321079286778,0.6530734887451386,1.9844674545084815,0.9376785464647311,0.976703221945285,98.0,0.9571908842050081,0.019512337740276903,0.09783244807592745,1.9844674545084815,99.0,0.6464646464646465,-0.07483583189249893,-0.033843413203386664,98.0,-0.0543396225479428,0.020496209344556135,0.10276545861112031,1.9844674545084815,LinearRegression,"{'mode': 'original', 'type': 'LinearRegression'}",11,"['nodes_T6W30', 'edges_T6W30', 're_T6W30', 'pe_T6W30', 'l1_T6W30', 'l2_T6W30', 'lcc_T6W30', 'atd_T6W30', 'density_T6W30', 'diameter_T6W30', 'asp_T6W30']",0.12008096066565763,0.1660191928578997,98.0,0.14305007676177867,0.022969116096121046,0.11516430720575577,1.9844674545084815,1.4113974592345218,1.4484793607744175,98.0,1.4299384100044696,0.018540950769947807,0.09296203395121759,1.9844674545084815,completed,False,COMPLETE
