number,value,datetime_start,datetime_complete,duration,params_dt_max_depth,params_dt_min_samples_leaf,params_dt_min_samples_split,params_elastic_alpha,params_elastic_l1_ratio,params_et_max_depth,params_et_max_features,params_et_min_samples_leaf,params_et_min_samples_split,params_et_n_estimators,params_knn_metric,params_knn_n_neighbors,params_knn_weights,params_quantile_alpha,params_regressor,params_rf_max_depth,params_rf_max_features,params_rf_min_samples_leaf,params_rf_min_samples_split,params_rf_n_estimators,params_rfe_n_features,params_rfe_proxy_et_max_depth,params_rfe_proxy_et_min_samples_leaf,params_rfe_proxy_et_min_samples_split,params_rfe_proxy_et_n_estimators,params_rfe_proxy_lsvr_C,params_rfe_proxy_lsvr_epsilon,params_rfe_proxy_type,params_use_scaler,params_xgb_booster,params_xgb_colsample_bytree,params_xgb_learning_rate,params_xgb_max_depth,params_xgb_n_estimators,params_xgb_reg_alpha,params_xgb_reg_lambda,params_xgb_subsample,user_attrs_d2mae_ci_lower_val,user_attrs_d2mae_ci_upper_val,user_attrs_d2mae_df_val,user_attrs_d2mae_mean_val,user_attrs_d2mae_samperror_val,user_attrs_d2mae_std_val,user_attrs_d2mae_t_critical_val,user_attrs_mae_ci_lower_val,user_attrs_mae_ci_upper_val,user_attrs_mae_df_val,user_attrs_mae_mean_val,user_attrs_mae_samperror_val,user_attrs_mae_std_val,user_attrs_mae_t_critical_val,user_attrs_mape_ci_lower_val,user_attrs_mape_ci_upper_val,user_attrs_mape_df_val,user_attrs_mape_mean_val,user_attrs_mape_samperror_val,user_attrs_mape_std_val,user_attrs_mape_t_critical_val,user_attrs_max_error_ci_lower_val,user_attrs_max_error_ci_upper_val,user_attrs_max_error_df_val,user_attrs_max_error_mean_val,user_attrs_max_error_samperror_val,user_attrs_max_error_std_val,user_attrs_max_error_t_critical_val,user_attrs_median_ae_ci_lower_val,user_attrs_median_ae_ci_upper_val,user_attrs_median_ae_df_val,user_attrs_median_ae_mean_val,user_attrs_median_ae_samperror_val,user_attrs_median_ae_std_val,user_attrs_median_ae_t_critical_val,user_attrs_n_splits_val,user_attrs_r2_below_zero_val,user_attrs_r2_ci_lower_val,user_attrs_r2_ci_upper_val,user_attrs_r2_df_val,user_attrs_r2_mean_val,user_attrs_r2_samperror_val,user_attrs_r2_std_val,user_attrs_r2_t_critical_val,user_attrs_regressor_final,user_attrs_rfe_estimator,user_attrs_rfe_n_features,user_attrs_rfe_selected_features,user_attrs_rho_ci_lower_val,user_attrs_rho_ci_upper_val,user_attrs_rho_df_val,user_attrs_rho_mean_val,user_attrs_rho_samperror_val,user_attrs_rho_std_val,user_attrs_rho_t_critical_val,user_attrs_rmse_ci_lower_val,user_attrs_rmse_ci_upper_val,user_attrs_rmse_df_val,user_attrs_rmse_mean_val,user_attrs_rmse_samperror_val,user_attrs_rmse_std_val,user_attrs_rmse_t_critical_val,user_attrs_termination_reason,user_attrs_use_scaler_final,state
38,1.1368527088530234,2026-06-12 18:35:49.871681,2026-06-12 18:36:08.142076,0 days 00:00:18.270395,,,,,,13.0,,3.0,10.0,292.0,,,,,ExtraTreesRegressor,,,,,,9,,,,,,,,True,,,,,,,,,-0.07454334602754922,-0.0525732788262564,98.0,-0.06355831242690281,0.010985033600646411,0.05507759980646518,1.9844674545084815,1.1205593812566135,1.1531460364494333,98.0,1.1368527088530234,0.01629332759640988,0.08169272935295267,1.9844674545084815,348332993743081.44,449112051033412.3,98.0,398722522388246.9,50389528645165.44,252646864274636.47,1.9844674545084815,3.299564164293741,3.412627533790111,98.0,3.356095849041926,0.05653168474818494,0.28344287529193907,1.9844674545084815,0.9930444827871124,1.036706071041169,98.0,1.0148752769141407,0.02183079412702827,0.10945690164434628,1.9844674545084815,99.0,0.6767676767676768,-0.06734024831189195,-0.028708730508979922,98.0,-0.04802448941043594,0.019315758901456016,0.09684682609163427,1.9844674545084815,ExtraTreesRegressor,"{'mode': 'original', 'type': 'ExtraTreesRegressor'}",9,"['edges_T6W30', 're_T6W30', 'pe_T6W30', 'l2_T6W30', 'l3_T6W30', 'lcc_T6W30', 'lsc_T6W30', 'atd_T6W30', 'diameter_T6W30']",0.05207747620529351,0.10899564981381171,98.0,0.08053656300955261,0.028459086804259105,0.14269034131768157,1.9844674545084815,1.4072985949009948,1.4446344494358614,98.0,1.4259665221684281,0.018667927267433163,0.09359867840471416,1.9844674545084815,completed,True,COMPLETE
39,1.0691225985343638,2026-06-12 18:36:08.154764,2026-06-12 18:36:10.255579,0 days 00:00:02.100815,,,,,,,,,,,,,,0.0026636419343091617,QuantileRegressor,,,,,,4,,,,,,,,False,,,,,,,,,-4.739188176250426e-16,-2.7520136464728527e-16,98.0,-3.745600911361639e-16,9.935872648887864e-17,4.981723655822467e-16,1.9844674545084815,1.0575870578016933,1.0806581392670342,98.0,1.0691225985343638,0.011535540732670506,0.057837774477796526,1.9844674545084815,378756762949842.4,482894502655208.75,98.0,430825632802525.56,52068869852683.17,261066873382366.94,1.9844674545084815,3.000000000000001,3.0000000000000018,98.0,3.0000000000000013,3.71925054983043e-16,1.8647862247001393e-15,1.9844674545084815,0.9999999999999998,1.0000000000000007,98.0,1.0000000000000002,4.468863427828121e-16,2.2406328502552937e-15,1.9844674545084815,99.0,0.9494949494949495,-0.0044022322395542695,-0.002812910014847328,98.0,-0.0036075711272007985,0.0007946611123534707,0.003984332530889064,1.9844674545084815,QuantileRegressor,"{'mode': 'original', 'type': 'QuantileRegressor'}",4,"['atd_T6W30', 'density_T6W30', 'diameter_T6W30', 'asp_T6W30']",,,,,,,,1.3817940130923385,1.413236739470511,98.0,1.3975153762814247,0.015721363189086176,0.07882497055717956,1.9844674545084815,completed,False,COMPLETE
40,1.0985502238939329,2026-06-12 18:36:10.268877,2026-06-12 18:36:20.166655,0 days 00:00:09.897778,,,,,,5.0,log2,5.0,9.0,166.0,,,,,ExtraTreesRegressor,,,,,,11,,,,,,,,True,,,,,,,,,-0.03298343930662472,-0.022404488712767602,98.0,-0.027693964009696162,0.005289475296928562,0.026520774918091423,1.9844674545084815,1.0861024134168182,1.1109980343710475,98.0,1.0985502238939329,0.01244781047711462,0.06241178214374326,1.9844674545084815,361689372417277.2,462780231891550.3,98.0,412234802154413.75,50545429737136.54,253428533067390.12,1.9844674545084815,3.100957470407205,3.1509054325774377,98.0,3.1259314514923213,0.02497398108511644,0.12521645229190131,1.9844674545084815,0.977031808416895,1.0012932674781354,98.0,0.9891625379475152,0.01213072953062024,0.06082197749569512,1.9844674545084815,99.0,0.494949494949495,-0.01049593573045278,0.006021929546105396,98.0,-0.002237003092173692,0.008258932638279088,0.04140926675480736,1.9844674545084815,ExtraTreesRegressor,"{'mode': 'original', 'type': 'ExtraTreesRegressor'}",11,"['nodes_T6W30', 'edges_T6W30', 're_T6W30', 'pe_T6W30', 'l1_T6W30', 'l2_T6W30', 'lcc_T6W30', 'lsc_T6W30', 'atd_T6W30', 'density_T6W30', 'diameter_T6W30']",0.05857834507365146,0.10938258255355512,98.0,0.08398046381360329,0.02540211873995183,0.1273630815396912,1.9844674545084815,1.3804439289903725,1.4114356479584667,98.0,1.3959397884744196,0.01549585948404704,0.07769432287119615,1.9844674545084815,completed,True,COMPLETE
41,1.3635878400920354,2026-06-12 18:36:20.179258,2026-06-12 18:36:22.153027,0 days 00:00:01.973769,11.0,1.0,12.0,,,,,,,,,,,,DecisionTreeRegressor,,,,,,6,,,,,,,,True,,,,,,,,,-0.30135947547695474,-0.2518311788627482,98.0,-0.27659532716985147,0.024764148307103283,0.1241643766957914,1.9844674545084815,1.335902690690967,1.3912729894931037,98.0,1.3635878400920354,0.027685149401068424,0.13880991490135428,1.9844674545084815,318221668763626.0,431257650366519.25,98.0,374739659565072.6,56517990801446.6,283374215536708.0,1.9844674545084815,4.009315739213889,4.264730548293036,98.0,4.137023143753463,0.12770740453957383,0.6403091310652976,1.9844674545084815,1.128089253267776,1.1969654680749773,98.0,1.1625273606713766,0.0344381074036006,0.1726684110967093,1.9844674545084815,99.0,0.9696969696969697,-0.5544008482323353,-0.43891575231263863,98.0,-0.496658300272487,0.057742547959848324,0.2895139936714443,1.9844674545084815,DecisionTreeRegressor,"{'mode': 'original', 'type': 'DecisionTreeRegressor'}",6,"['edges_T6W30', 're_T6W30', 'pe_T6W30', 'l2_T6W30', 'l3_T6W30', 'atd_T6W30']",0.0439724536083867,0.10240965928007181,98.0,0.07319105644422925,0.029218602835842555,0.1464984607604556,1.9844674545084815,1.6635384785012908,1.7304041607923477,98.0,1.6969713196468192,0.0334328411455285,0.1676281304135642,1.9844674545084815,completed,True,COMPLETE
42,1.065116046738417,2026-06-12 18:36:22.165212,2026-06-12 18:36:24.543174,0 days 00:00:02.377962,,,,,,,,,,,,,,0.011460526527150103,QuantileRegressor,,,,,,6,,,,,,,,True,,,,,,,,,0.00011788087963883562,0.007440746756673596,98.0,0.003779313818156216,0.00366143293851738,0.018357971894961092,1.9844674545084815,1.0528635042268082,1.077368589250026,98.0,1.065116046738417,0.012252542511608896,0.061432732716118925,1.9844674545084815,370119220436351.2,472908889754293.8,98.0,421514055095322.5,51394834658971.31,257687344288113.6,1.9844674545084815,3.1804621876223154,3.3807370669883046,98.0,3.28059962730531,0.10013743968299463,0.5020767372235871,1.9844674545084815,0.9978929373789878,1.0006001833487719,98.0,0.9992465603638798,0.0013536229848920926,0.006786898225448524,1.9844674545084815,99.0,0.45454545454545453,-0.016479160407743172,0.005828711568025779,98.0,-0.005325224419858697,0.011153935987884476,0.055924455485641913,1.9844674545084815,QuantileRegressor,"{'mode': 'original', 'type': 'QuantileRegressor'}",6,"['edges_T6W30', 'lsc_T6W30', 'atd_T6W30', 'density_T6W30', 'diameter_T6W30', 'asp_T6W30']",0.08707385629653511,0.14514469042320471,79.0,0.11610927335986991,0.029035417063334797,0.1304733290488437,1.9904502102301285,1.3809709830883201,1.415309293619193,98.0,1.3981401383537566,0.017169155265436446,0.0860840209600385,1.9844674545084815,completed,True,COMPLETE
43,1.0691225985343633,2026-06-12 18:36:24.560502,2026-06-12 18:36:26.726167,0 days 00:00:02.165665,,,,,,,,,,,,,,1.6186162039332974,QuantileRegressor,,,,,,3,,,,,,,,True,,,,,,,,,0.0,0.0,98.0,0.0,0.0,0.0,1.9844674545084815,1.0575870578016928,1.0806581392670338,98.0,1.0691225985343633,0.011535540732670515,0.05783777447779657,1.9844674545084815,378756762949842.25,482894502655208.6,98.0,430825632802525.44,52068869852683.18,261066873382366.97,1.9844674545084815,3.0,3.0,98.0,3.0,0.0,0.0,1.9844674545084815,1.0,1.0,98.0,1.0,0.0,0.0,1.9844674545084815,99.0,0.9191919191919192,-0.004402232239554242,-0.002812910014847294,98.0,-0.003607571127200768,0.0007946611123534741,0.00398433253088908,1.9844674545084815,QuantileRegressor,"{'mode': 'original', 'type': 'QuantileRegressor'}",3,"['density_T6W30', 'diameter_T6W30', 'asp_T6W30']",,,,,,,,1.3817940130923385,1.413236739470511,98.0,1.3975153762814247,0.01572136318908618,0.07882497055717957,1.9844674545084815,completed,True,COMPLETE
44,1.1150608002118736,2026-06-12 18:36:26.738502,2026-06-12 18:36:50.878218,0 days 00:00:24.139716,,,,,,10.0,log2,3.0,6.0,418.0,,,,,ExtraTreesRegressor,,,,,,4,,,,,,,,True,,,,,,,,,-0.05114378669561272,-0.03494711731401355,98.0,-0.043045452004813134,0.008098334690799581,0.04060404850945802,1.9844674545084815,1.1005514434488455,1.1295701569749017,98.0,1.1150608002118736,0.014509356763028055,0.07274812024209584,1.9844674545084815,349130593235243.6,447356845336976.5,98.0,398243719286110.06,49113126050866.42,246247139536735.1,1.9844674545084815,3.1362587023318462,3.2124624325758684,98.0,3.1743605674538573,0.03810186512201098,0.19103803915051704,1.9844674545084815,0.9776813930350099,1.0130023553354006,98.0,0.9953418741852053,0.01766048115019537,0.08854746817732484,1.9844674545084815,99.0,0.5151515151515151,-0.02406536665084756,0.0015376645930459624,98.0,-0.011263851028900798,0.012801515621946761,0.06418521599244865,1.9844674545084815,ExtraTreesRegressor,"{'mode': 'original', 'type': 'ExtraTreesRegressor'}",4,"['re_T6W30', 'pe_T6W30', 'l2_T6W30', 'lsc_T6W30']",0.07079862040596459,0.12498643462021576,98.0,0.09789252751309017,0.027093907107125587,0.1358454991664289,1.9844674545084815,1.385011070237776,1.4185474739782635,98.0,1.4017792721080198,0.01676820187024379,0.08407369022785348,1.9844674545084815,completed,True,COMPLETE
45,1.3756136114276338,2026-06-12 18:36:50.891320,2026-06-12 18:36:52.690568,0 days 00:00:01.799248,17.0,3.0,13.0,,,,,,,,,,,,DecisionTreeRegressor,,,,,,12,,,,,,,,True,,,,,,,,,-0.3145059328966615,-0.260751930166609,98.0,-0.28762893153163527,0.02687700136502627,0.1347579606031998,1.9844674545084815,1.345199530399911,1.4060276924553567,98.0,1.3756136114276338,0.030414081027722945,0.1524924405536417,1.9844674545084815,350991312473731.3,469660925572371.2,98.0,410326119023051.25,59334806549319.92,297497381302972.6,1.9844674545084815,4.073608719041873,4.305625907162449,98.0,4.189617313102161,0.11600859406028807,0.5816527422717426,1.9844674545084815,1.1243292164806096,1.2037473646262746,98.0,1.164038290553442,0.039709074072832515,0.1990963860447412,1.9844674545084815,99.0,0.9797979797979798,-0.5875365049367437,-0.4791001711244919,98.0,-0.5333183380306178,0.05421816690612589,0.27184318297579113,1.9844674545084815,DecisionTreeRegressor,"{'mode': 'original', 'type': 'DecisionTreeRegressor'}",12,"['edges_T6W30', 're_T6W30', 'pe_T6W30', 'l1_T6W30', 'l2_T6W30', 'l3_T6W30', 'lcc_T6W30', 'lsc_T6W30', 'atd_T6W30', 'density_T6W30', 'diameter_T6W30', 'asp_T6W30']",0.022994636561982862,0.08733459672377604,98.0,0.05516461664287945,0.03216998008089659,0.16129630123055014,1.9844674545084815,1.6860040812524437,1.7520188438698272,98.0,1.7190114625611355,0.033007381308691686,0.16549492741401733,1.9844674545084815,completed,True,COMPLETE
46,1.131566208194667,2026-06-12 18:36:52.702952,2026-06-12 18:36:55.471090,0 days 00:00:02.768138,,,,,,,,,,,,,,,LinearRegression,,,,,,11,,,,,,,,True,,,,,,,,,-0.06856890362968912,-0.04935961954948424,98.0,-0.05896426158958668,0.009604642040102435,0.048156487253528675,1.9844674545084815,1.1175568284253834,1.1455755879639504,98.0,1.131566208194667,0.014009379769283454,0.07024129743435456,1.9844674545084815,349571250814067.3,449682439592840.8,98.0,399626845203454.06,50055594389386.76,250972559218312.8,1.9844674545084815,3.4555151786521354,3.7160216002378754,98.0,3.5857683894450054,0.1302532107928698,0.6530734887451486,1.9844674545084815,0.9376785464647291,0.976703221945283,98.0,0.9571908842050061,0.019512337740276907,0.09783244807592746,1.9844674545084815,99.0,0.6464646464646465,-0.07483583189249884,-0.033843413203386324,98.0,-0.054339622547942584,0.02049620934455626,0.10276545861112092,1.9844674545084815,LinearRegression,"{'mode': 'original', 'type': 'LinearRegression'}",11,"['nodes_T6W30', 'edges_T6W30', 're_T6W30', 'pe_T6W30', 'l1_T6W30', 'l2_T6W30', 'lcc_T6W30', 'atd_T6W30', 'density_T6W30', 'diameter_T6W30', 'asp_T6W30']",0.12008096066565763,0.1660191928578997,98.0,0.14305007676177867,0.022969116096121046,0.11516430720575577,1.9844674545084815,1.4113974592345215,1.4484793607744173,98.0,1.4299384100044694,0.018540950769947887,0.09296203395121799,1.9844674545084815,completed,True,COMPLETE
47,1.0841442447026977,2026-06-12 18:36:55.484841,2026-06-12 18:36:58.587115,0 days 00:00:03.102274,,,,0.2949458041415269,0.5427244433475962,,,,,,,,,,ElasticNet,,,,,,5,,,,,,,,True,,,,,,,,,-0.016150044471045406,-0.012201987180702322,98.0,-0.014176015825873864,0.001974028645171543,0.009897535472159049,1.9844674545084815,1.0727829060421257,1.0955055833632696,98.0,1.0841442447026977,0.011361338660571998,0.05696434683421298,1.9844674545084815,370653727538299.44,473097827202916.44,98.0,421875777370607.94,51222049832308.49,256821022537854.78,1.9844674545084815,3.0968933490359785,3.161464367508116,98.0,3.1291788582720472,0.03228550923606889,0.1618755501255362,1.9844674545084815,0.9506155342719453,0.9677534747775456,98.0,0.9591845045247455,0.008568970252800175,0.04296375700748522,1.9844674545084815,99.0,0.7171717171717171,-0.014509924259337151,-0.004336531684532597,98.0,-0.009423227971934874,0.005086696287402277,0.025504066044740058,1.9844674545084815,ElasticNet,"{'mode': 'original', 'type': 'ElasticNet'}",5,"['edges_T6W30', 'pe_T6W30', 'density_T6W30', 'diameter_T6W30', 'asp_T6W30']",-0.00285545587305238,0.0674457529777901,73.0,0.03229514855236886,0.03515060442542124,0.1517197032913999,1.992997125889855,1.3855815596249492,1.4171408920975277,98.0,1.4013612258612385,0.015779666236289323,0.0791172948247324,1.9844674545084815,completed,True,COMPLETE
48,1.3888849019865064,2026-06-12 18:36:58.605224,2026-06-12 18:37:01.143190,0 days 00:00:02.537966,13.0,5.0,2.0,,,,,,,,,,,,DecisionTreeRegressor,,,,,,13,,,,,,,,True,,,,,,,,,-0.32556975150717715,-0.2751977951969248,98.0,-0.30038377335205096,0.02518597815512617,0.12627937938039488,1.9844674545084815,1.3606402620188836,1.4171295419541292,98.0,1.3888849019865064,0.028244639967622834,0.14161513140231818,1.9844674545084815,347044468611124.06,459746577443446.3,98.0,403395523027285.2,56351054416161.12,282537217148159.56,1.9844674545084815,4.145494829966567,4.3725426880709515,98.0,4.259018759018759,0.11352392905219265,0.5691949392331652,1.9844674545084815,1.1467635757733017,1.2247291290527367,98.0,1.1857463524130192,0.03898277663971745,0.1954548205460958,1.9844674545084815,99.0,0.9797979797979798,-0.6080120604692707,-0.5068151433304051,98.0,-0.5574136018998379,0.05059845856943278,0.25369441307373297,1.9844674545084815,DecisionTreeRegressor,"{'mode': 'original', 'type': 'DecisionTreeRegressor'}",13,"['nodes_T6W30', 'edges_T6W30', 're_T6W30', 'pe_T6W30', 'l1_T6W30', 'l2_T6W30', 'l3_T6W30', 'lcc_T6W30', 'lsc_T6W30', 'atd_T6W30', 'density_T6W30', 'diameter_T6W30', 'asp_T6W30']",0.010662919600482032,0.06844769239435032,98.0,0.039555305997416176,0.028892386396934144,0.14486285188335302,1.9844674545084815,1.7029124343743531,1.7629054725665105,98.0,1.7329089534704318,0.02999651909607866,0.15039883667388979,1.9844674545084815,completed,True,COMPLETE
49,1.0691225985343633,2026-06-12 18:37:01.161221,2026-06-12 18:37:04.383482,0 days 00:00:03.222261,,,,,,,,,,,,,,4.244656636175243,QuantileRegressor,,,,,,7,,,,,,,,False,,,,,,,,,0.0,0.0,98.0,0.0,0.0,0.0,1.9844674545084815,1.0575870578016928,1.0806581392670338,98.0,1.0691225985343633,0.011535540732670515,0.05783777447779657,1.9844674545084815,378756762949842.25,482894502655208.6,98.0,430825632802525.44,52068869852683.18,261066873382366.97,1.9844674545084815,3.0,3.0,98.0,3.0,0.0,0.0,1.9844674545084815,1.0,1.0,98.0,1.0,0.0,0.0,1.9844674545084815,99.0,0.9191919191919192,-0.004402232239554242,-0.002812910014847294,98.0,-0.003607571127200768,0.0007946611123534741,0.00398433253088908,1.9844674545084815,QuantileRegressor,"{'mode': 'original', 'type': 'QuantileRegressor'}",7,"['l3_T6W30', 'lcc_T6W30', 'lsc_T6W30', 'atd_T6W30', 'density_T6W30', 'diameter_T6W30', 'asp_T6W30']",,,,,,,,1.3817940130923385,1.413236739470511,98.0,1.3975153762814247,0.01572136318908618,0.07882497055717957,1.9844674545084815,completed,False,COMPLETE
50,1.0889163492717617,2026-06-12 18:37:04.453220,2026-06-12 18:37:07.543416,0 days 00:00:03.090196,,,,0.004742269251269964,0.8028534485980114,,,,,,,,,,ElasticNet,,,,,,2,,,,,,,,True,,,,,,,,,-0.025116118290376473,-0.012279058794203102,98.0,-0.018697588542289787,0.0064185297480866856,0.03218171429081542,1.9844674545084815,1.0760295274864162,1.1018031710571072,98.0,1.0889163492717617,0.012886821785345504,0.06461293054476686,1.9844674545084815,348843548011465.0,447402198620034.4,98.0,398122873315749.7,49279325304284.7,247080442037272.44,1.9844674545084815,3.154234020954929,3.2575175556666007,98.0,3.205875788310765,0.05164176735583575,0.2589254342886968,1.9844674545084815,0.9630695291386536,0.9838691626808588,98.0,0.9734693459097562,0.010399816771102613,0.052143395004786194,1.9844674545084815,99.0,0.29292929292929293,-0.0033493284561423317,0.015263474592666602,98.0,0.005957073068262135,0.009306401524404467,0.04666114619524371,1.9844674545084815,ElasticNet,"{'mode': 'original', 'type': 'ElasticNet'}",2,"['pe_T6W30', 'l2_T6W30']",0.11253296784629067,0.16394685255587993,98.0,0.1382399102010853,0.02570694235479463,0.12889142944286772,1.9844674545084815,1.374451303542881,1.4058221729147429,98.0,1.390136738228812,0.01568543468593101,0.07864482948612184,1.9844674545084815,completed,True,COMPLETE
51,1.1198964701515302,2026-06-12 18:37:07.558846,2026-06-12 18:37:18.638177,0 days 00:00:11.079331,,,,,,,,,,,,,,,RandomForestRegressor,5.0,sqrt,3.0,7.0,113.0,9,,,,,,,,False,,,,,,,,,-0.05847125146171009,-0.03702468570608275,98.0,-0.04774796858389642,0.010723282877813668,0.05376521405642191,1.9844674545084815,1.1041241784496139,1.1356687618534465,98.0,1.1198964701515302,0.015772291701916186,0.07908031982149356,1.9844674545084815,351592712639094.5,453437013941768.75,98.0,402514863290431.6,50922150651337.12,255317365137038.44,1.9844674545084815,3.2660971398330205,3.3735274447318306,98.0,3.3198122922824256,0.053715152449405175,0.2693211307043716,1.9844674545084815,0.9798167395719608,1.022147797911672,98.0,1.0009822687418164,0.02116552916985558,0.10612134543136698,1.9844674545084815,99.0,0.5959595959595959,-0.04840184269191408,-0.013261168899248315,98.0,-0.030831505795581197,0.017570336896332882,0.0880954960378133,1.9844674545084815,RandomForestRegressor,"{'mode': 'original', 'type': 'RandomForestRegressor'}",9,"['re_T6W30', 'pe_T6W30', 'l2_T6W30', 'l3_T6W30', 'lsc_T6W30', 'atd_T6W30', 'density_T6W30', 'diameter_T6W30', 'asp_T6W30']",0.06875579324076317,0.1279183265758847,98.0,0.09833705990832393,0.029581266667560762,0.14831681235716618,1.9844674545084815,1.3966646719910314,1.432181047711605,98.0,1.4144228598513182,0.01775818786028675,0.08903735753701718,1.9844674545084815,completed,False,COMPLETE
