number,value,datetime_start,datetime_complete,duration,params_dt_max_depth,params_dt_min_samples_leaf,params_dt_min_samples_split,params_elastic_alpha,params_elastic_l1_ratio,params_et_max_depth,params_et_max_features,params_et_min_samples_leaf,params_et_min_samples_split,params_et_n_estimators,params_knn_metric,params_knn_n_neighbors,params_knn_weights,params_quantile_alpha,params_regressor,params_rf_max_depth,params_rf_max_features,params_rf_min_samples_leaf,params_rf_min_samples_split,params_rf_n_estimators,params_rfe_n_features,params_rfe_proxy_et_max_depth,params_rfe_proxy_et_min_samples_leaf,params_rfe_proxy_et_min_samples_split,params_rfe_proxy_et_n_estimators,params_rfe_proxy_lsvr_C,params_rfe_proxy_lsvr_epsilon,params_rfe_proxy_type,params_use_scaler,params_xgb_booster,params_xgb_colsample_bytree,params_xgb_learning_rate,params_xgb_max_depth,params_xgb_n_estimators,params_xgb_reg_alpha,params_xgb_reg_lambda,params_xgb_subsample,user_attrs_d2mae_ci_lower_val,user_attrs_d2mae_ci_upper_val,user_attrs_d2mae_df_val,user_attrs_d2mae_mean_val,user_attrs_d2mae_samperror_val,user_attrs_d2mae_std_val,user_attrs_d2mae_t_critical_val,user_attrs_mae_ci_lower_val,user_attrs_mae_ci_upper_val,user_attrs_mae_df_val,user_attrs_mae_mean_val,user_attrs_mae_samperror_val,user_attrs_mae_std_val,user_attrs_mae_t_critical_val,user_attrs_mape_ci_lower_val,user_attrs_mape_ci_upper_val,user_attrs_mape_df_val,user_attrs_mape_mean_val,user_attrs_mape_samperror_val,user_attrs_mape_std_val,user_attrs_mape_t_critical_val,user_attrs_max_error_ci_lower_val,user_attrs_max_error_ci_upper_val,user_attrs_max_error_df_val,user_attrs_max_error_mean_val,user_attrs_max_error_samperror_val,user_attrs_max_error_std_val,user_attrs_max_error_t_critical_val,user_attrs_median_ae_ci_lower_val,user_attrs_median_ae_ci_upper_val,user_attrs_median_ae_df_val,user_attrs_median_ae_mean_val,user_attrs_median_ae_samperror_val,user_attrs_median_ae_std_val,user_attrs_median_ae_t_critical_val,user_attrs_n_splits_val,user_attrs_r2_below_zero_val,user_attrs_r2_ci_lower_val,user_attrs_r2_ci_upper_val,user_attrs_r2_df_val,user_attrs_r2_mean_val,user_attrs_r2_samperror_val,user_attrs_r2_std_val,user_attrs_r2_t_critical_val,user_attrs_regressor_final,user_attrs_rfe_estimator,user_attrs_rfe_n_features,user_attrs_rfe_selected_features,user_attrs_rho_ci_lower_val,user_attrs_rho_ci_upper_val,user_attrs_rho_df_val,user_attrs_rho_mean_val,user_attrs_rho_samperror_val,user_attrs_rho_std_val,user_attrs_rho_t_critical_val,user_attrs_rmse_ci_lower_val,user_attrs_rmse_ci_upper_val,user_attrs_rmse_df_val,user_attrs_rmse_mean_val,user_attrs_rmse_samperror_val,user_attrs_rmse_std_val,user_attrs_rmse_t_critical_val,user_attrs_termination_reason,user_attrs_use_scaler_final,state
66,1.0844478397419572,2026-06-12 18:38:06.149796,2026-06-12 18:38:08.795880,0 days 00:00:02.646084,,,,8.681843415114091,0.42777313373586234,,,,,,,,,,ElasticNet,,,,,,6,,,,,,,,True,,,,,,,,,-0.015362925360866643,-0.013601939939541534,98.0,-0.014482432650204088,0.0008804927106625554,0.004414681548860102,1.9844674545084815,1.0733265229737856,1.0955691565101289,98.0,1.0844478397419572,0.011121316768171546,0.05576090675245988,1.9844674545084815,370261102803136.9,472582158246560.1,98.0,421421630524848.5,51160527721711.64,256512558284590.84,1.9844674545084815,3.0623906010794792,3.073713295024417,98.0,3.068051948051948,0.005661346972469041,0.028385293504868705,1.9844674545084815,0.933402966543196,0.9519649988247691,98.0,0.9426839826839826,0.009281016140786635,0.04653386702153648,1.9844674545084815,99.0,1.0,-0.003151138210298774,-0.0019109951987363633,98.0,-0.0025310667045175686,0.0006200715057812055,0.0031089618373857154,1.9844674545084815,ElasticNet,"{'mode': 'original', 'type': 'ElasticNet'}",6,"['lcc_T6W30', 'lsc_T6W30', 'atd_T6W30', 'density_T6W30', 'diameter_T6W30', 'asp_T6W30']",,,,,,,,1.3812301907536824,1.4121686825828264,98.0,1.3966994366682544,0.015469245914571893,0.07756088572550665,1.9844674545084815,completed,True,COMPLETE
67,1.0943016431229795,2026-06-12 18:38:08.808981,2026-06-12 18:38:12.311138,0 days 00:00:03.502157,,,,,,,,,,,,,,0.000684178985066717,QuantileRegressor,,,,,,13,,,,,,,,False,,,,,,,,,-0.03178729571239627,-0.01555167866535645,98.0,-0.02366948718887636,0.008117808523519909,0.04070168789812636,1.9844674545084815,1.0801162846231034,1.1084870016228556,98.0,1.0943016431229795,0.014185358499876097,0.0711236330238844,1.9844674545084815,356945302516696.5,455948620085769.5,98.0,406446961301233.0,49501658784536.51,248195194608276.6,1.9844674545084815,3.3517413003780243,3.5596279931956847,98.0,3.4556846467868545,0.10394334640883034,0.5211590828191416,1.9844674545084815,0.9772161435354049,0.9984096439344362,98.0,0.9878128937349205,0.010596750199515653,0.053130794857437554,1.9844674545084815,99.0,0.5656565656565656,-0.048581840519033165,-0.016048995213191752,98.0,-0.03231541786611246,0.016266422652920706,0.08155783129399498,1.9844674545084815,QuantileRegressor,"{'mode': 'original', 'type': 'QuantileRegressor'}",13,"['nodes_T6W30', 'edges_T6W30', 're_T6W30', 'pe_T6W30', 'l1_T6W30', 'l2_T6W30', 'l3_T6W30', 'lcc_T6W30', 'lsc_T6W30', 'atd_T6W30', 'density_T6W30', 'diameter_T6W30', 'asp_T6W30']",0.03397316551523194,0.08858790455069111,93.0,0.061280535032961526,0.027307369517729583,0.13332386365427012,1.9858018143458227,1.3981393786171414,1.4335360024040986,98.0,1.41583769051062,0.017698311893478633,0.0887371468451092,1.9844674545084815,completed,False,COMPLETE
68,1.116430810106619,2026-06-12 18:38:12.324668,2026-06-12 18:38:15.001637,0 days 00:00:02.676969,,,,0.0056315286232431,0.05784267656339637,,,,,,,,,,ElasticNet,,,,,,13,,,,,,,,False,,,,,,,,,-0.05269021188217822,-0.03633604371908049,98.0,-0.044513127800629354,0.00817708408154887,0.04099888821467632,1.9844674545084815,1.1024895551510707,1.1303720650621671,98.0,1.116430810106619,0.01394125495554818,0.0698997280441999,1.9844674545084815,363095863666069.94,465093933881565.44,98.0,414094898773817.7,50999035107747.766,255702854292144.34,1.9844674545084815,3.3225931195868563,3.5119524485735436,98.0,3.4172727840802,0.0946796644933438,0.4747121274593025,1.9844674545084815,0.9630547863738866,0.9947758536190835,98.0,0.9789153199964851,0.01586053362259848,0.07952275389772683,1.9844674545084815,99.0,0.696969696969697,-0.06304605264435807,-0.03134945146587503,98.0,-0.04719775205511655,0.015848300589241523,0.07946141898149917,1.9844674545084815,ElasticNet,"{'mode': 'original', 'type': 'ElasticNet'}",13,"['nodes_T6W30', 'edges_T6W30', 're_T6W30', 'pe_T6W30', 'l1_T6W30', 'l2_T6W30', 'l3_T6W30', 'lcc_T6W30', 'lsc_T6W30', 'atd_T6W30', 'density_T6W30', 'diameter_T6W30', 'asp_T6W30']",0.02267073987867173,0.07551553680961917,98.0,0.04909313834414545,0.02642239846547372,0.13247863789171163,1.9844674545084815,1.4086453355102642,1.4432566693757722,98.0,1.4259510024430182,0.017305666932753934,0.08676847357573042,1.9844674545084815,completed,False,COMPLETE
69,1.0790091544162785,2026-06-12 18:38:15.014895,2026-06-12 18:38:17.361953,0 days 00:00:02.347058,,,,,,,,,,,,,,0.0013154915843893178,QuantileRegressor,,,,,,8,,,,,,,,True,,,,,,,,,-0.015657053419507898,-0.003042146354886398,98.0,-0.009349599887197147,0.0063074535323107495,0.031624791883207715,1.9844674545084815,1.0659964573937555,1.0920218514388016,98.0,1.0790091544162785,0.013012697022522978,0.06524405341528743,1.9844674545084815,357430712547449.56,457524877420350.3,98.0,407477794983899.94,50047082436450.37,250929881339077.72,1.9844674545084815,3.321108490721267,3.5926564205605915,98.0,3.456882455640929,0.13577396491966232,0.6807538671108074,1.9844674545084815,0.9735503003569556,0.9908783780584075,98.0,0.9822143392076815,0.00866403885072599,0.04344041919907029,1.9844674545084815,99.0,0.4444444444444444,-0.03137408863438423,0.0018180433155519735,98.0,-0.014778022659416126,0.0165960659749681,0.0832106221393076,1.9844674545084815,QuantileRegressor,"{'mode': 'original', 'type': 'QuantileRegressor'}",8,"['edges_T6W30', 're_T6W30', 'pe_T6W30', 'l2_T6W30', 'lcc_T6W30', 'lsc_T6W30', 'density_T6W30', 'diameter_T6W30']",0.09499299323721218,0.14866921595814334,91.0,0.12183110459767776,0.026838111360465582,0.12959377850513973,1.9863771544186177,1.3857549462575438,1.4219027927300578,98.0,1.4038288694938008,0.01807392323625702,0.09062041566088228,1.9844674545084815,completed,True,COMPLETE
70,1.1030401047868854,2026-06-12 18:38:17.374556,2026-06-12 18:38:30.114408,0 days 00:00:12.739852,,,,,,,,,,,,,,,XGBRegressor,,,,,,4,,,,,,,,True,gbtree,0.686344258506157,0.0016423917387278226,6.0,345.0,2.1766272093025525e-06,0.03241761224097118,0.7042266065353493,-0.03701302365607605,-0.027130962696842374,98.0,-0.03207199317645921,0.004941030479616835,0.024773715700957773,1.9844674545084815,1.0913703228282932,1.1147098867454777,98.0,1.1030401047868854,0.011669781958592342,0.05851084338114671,1.9844674545084815,368789431145529.3,471299875814135.06,98.0,420044653479832.2,51255222334302.86,256987345359964.06,1.9844674545084815,3.1205931749623175,3.1703570751816392,98.0,3.1454751250719784,0.024881950109660968,0.12475502036367882,1.9844674545084815,0.9823265001269827,1.0071585180540956,98.0,0.9947425090905392,0.012416008963556463,0.062252333288084494,1.9844674545084815,99.0,0.47474747474747475,-0.005597436649726237,0.009251844452096883,98.0,0.0018272039011853229,0.00742464055091156,0.03722622941689469,1.9844674545084815,XGBRegressor,"{'mode': 'original', 'type': 'XGBRegressor'}",4,"['atd_T6W30', 'density_T6W30', 'diameter_T6W30', 'asp_T6W30']",0.051012540097733,0.10293822095539844,98.0,0.07697538052656572,0.02596284042883272,0.13017447073573057,1.9844674545084815,1.378105641878488,1.4079906173110859,98.0,1.393048129594787,0.014942487716298998,0.07491978527065306,1.9844674545084815,completed,True,COMPLETE
71,1.085341238833382,2026-06-12 18:38:30.135123,2026-06-12 18:38:32.603264,0 days 00:00:02.468141,,,,,,,,,,,,,,0.0021634225433779957,QuantileRegressor,,,,,,12,,,,,,,,True,,,,,,,,,-0.021856176661836074,-0.008698842072122227,98.0,-0.01527750936697915,0.0065786672948569234,0.032984624143952444,1.9844674545084815,1.0721234446812924,1.0985590329854718,98.0,1.085341238833382,0.013217794152089658,0.06627238505580818,1.9844674545084815,356567176005969.0,455872221398517.75,98.0,406219698702243.4,49652522696274.375,248951607602356.72,1.9844674545084815,3.3072509052055565,3.5296414051629936,98.0,3.418446155184275,0.11119524997871835,0.5575192303778951,1.9844674545084815,0.9718626668226189,0.991667157776835,98.0,0.981764912299727,0.009902245477108065,0.04964863407804637,1.9844674545084815,99.0,0.494949494949495,-0.03374850047422817,-0.004944033712481739,98.0,-0.019346267093354956,0.014402233380873217,0.0722110168533641,1.9844674545084815,QuantileRegressor,"{'mode': 'original', 'type': 'QuantileRegressor'}",12,"['edges_T6W30', 're_T6W30', 'pe_T6W30', 'l1_T6W30', 'l2_T6W30', 'l3_T6W30', 'lcc_T6W30', 'lsc_T6W30', 'atd_T6W30', 'density_T6W30', 'diameter_T6W30', 'asp_T6W30']",0.053287707094202975,0.10870493253041422,91.0,0.08099631981230859,0.027708612718105617,0.13379718755338615,1.9863771544186177,1.3900538622789074,1.4242612659413054,98.0,1.4071575641101064,0.01710370183119909,0.08575584553628089,1.9844674545084815,completed,True,COMPLETE
72,1.138603008478336,2026-06-12 18:38:32.615529,2026-06-12 18:38:44.880684,0 days 00:00:12.265155,,,,,,,,,,,,,,,RandomForestRegressor,18.0,sqrt,1.0,11.0,121.0,10,,,,,,,,False,,,,,,,,,-0.07657641914382268,-0.053827905401047586,98.0,-0.06520216227243514,0.011374256871387552,0.0570291171454729,1.9844674545084815,1.1220440687152065,1.1551619482414657,98.0,1.138603008478336,0.01655893976312967,0.08302447590504879,1.9844674545084815,360123257695202.5,466242250907236.1,98.0,413182754301219.3,53059496606016.83,266033753399418.34,1.9844674545084815,3.3934368429260426,3.536842615546053,98.0,3.4651397292360477,0.07170288631000526,0.3595094034959119,1.9844674545084815,0.9812490592819003,1.0250261311269266,98.0,1.0031375952044135,0.02188853592251322,0.10974641186520166,1.9844674545084815,99.0,0.7474747474747475,-0.0797126297881885,-0.03996482229751833,98.0,-0.05983872604285342,0.019873903745335084,0.09964529530554765,1.9844674545084815,RandomForestRegressor,"{'mode': 'original', 'type': 'RandomForestRegressor'}",10,"['re_T6W30', 'pe_T6W30', 'l2_T6W30', 'l3_T6W30', 'lcc_T6W30', 'lsc_T6W30', 'atd_T6W30', 'density_T6W30', 'diameter_T6W30', 'asp_T6W30']",0.056800514681095704,0.11231868651860011,98.0,0.0845596005998479,0.027759085918752206,0.139180623456295,1.9844674545084815,1.4149492538532382,1.4529247519820616,98.0,1.43393700291765,0.018987749064411783,0.09520222533809237,1.9844674545084815,completed,False,COMPLETE
73,1.0838396665860601,2026-06-12 18:38:44.894167,2026-06-12 18:38:48.256795,0 days 00:00:03.362628,,,,,,,,,,,,,,,XGBRegressor,,,,,,13,,,,,,,,True,gblinear,0.8805139512510141,0.08546171499332564,6.0,335.0,0.0007437024429559987,4.644383085593196,0.5534903194134793,-0.016767289484263398,-0.010990973263770453,98.0,-0.013879131374016924,0.002888158110246472,0.014480867547331975,1.9844674545084815,1.072215954850877,1.0954633783212433,98.0,1.0838396665860601,0.01162371173518308,0.0582798529790982,1.9844674545084815,369569043494480.9,472192585413414.1,98.0,420880814453947.5,51311770959466.66,257270873172404.6,1.9844674545084815,3.093340231024665,3.1197568524234947,98.0,3.10654854172408,0.013208310699414593,0.06622483619704182,1.9844674545084815,0.9788303140958903,0.9935087524962396,98.0,0.9861695332960649,0.0073392192001746894,0.03679793732950989,1.9844674545084815,99.0,0.4444444444444444,-0.005577015018624604,0.004556115780664287,98.0,-0.0005104496189801587,0.0050665653996444454,0.02540313226338053,1.9844674545084815,XGBRegressor,"{'mode': 'original', 'type': 'XGBRegressor'}",13,"['nodes_T6W30', 'edges_T6W30', 're_T6W30', 'pe_T6W30', 'l1_T6W30', 'l2_T6W30', 'l3_T6W30', 'lcc_T6W30', 'lsc_T6W30', 'atd_T6W30', 'density_T6W30', 'diameter_T6W30', 'asp_T6W30']",0.07815434497621046,0.12888348777860098,98.0,0.10351891637740572,0.025364571401195253,0.1271748238271512,1.9844674545084815,1.3795342838046094,1.410698531841213,98.0,1.3951164078229112,0.015582124018301741,0.0781268425764515,1.9844674545084815,completed,True,COMPLETE
74,1.134407477427922,2026-06-12 18:38:48.269393,2026-06-12 18:38:48.407442,0 days 00:00:00.138049,,,,0.00016932074437214252,0.8715368061523763,,,,,,,,,,ElasticNet,,,,,,13,,,,,,,,False,,,,,,,,,,,,,,,,,,,,,,,,,,,,,,,,,,,,,,,,,,,,,,,,,,,,,ElasticNet,"{'mode': 'original', 'type': 'ElasticNet'}",13,"['nodes_T6W30', 'edges_T6W30', 're_T6W30', 'pe_T6W30', 'l1_T6W30', 'l2_T6W30', 'l3_T6W30', 'lcc_T6W30', 'lsc_T6W30', 'atd_T6W30', 'density_T6W30', 'diameter_T6W30', 'asp_T6W30']",,,,,,,,,,,,,,,pruned,False,PRUNED
75,1.1264676539861949,2026-06-12 18:38:48.416575,2026-06-12 18:38:50.287727,0 days 00:00:01.871152,,,,,,,,,,,,,,,LinearRegression,,,,,,7,,,,,,,,True,,,,,,,,,-0.0626743742031218,-0.04559603199116516,98.0,-0.05413520309714348,0.008539171105978325,0.042814347770982614,1.9844674545084815,1.1130160489907734,1.1399192589816163,98.0,1.1264676539861949,0.013451604995421355,0.0674446837057347,1.9844674545084815,355435761457724.1,455515816900963.1,98.0,405475789179343.6,50040027721619.5,250894509871467.4,1.9844674545084815,3.1836951680256127,3.2613117834664176,98.0,3.222503475746015,0.03880830772040235,0.19458005496357286,1.9844674545084815,0.9633272306390447,1.0004307059272357,98.0,0.9818789682831401,0.01855173764409546,0.09301611800403578,1.9844674545084815,99.0,0.5858585858585859,-0.04126935558801628,-0.012986458503163604,98.0,-0.027127907045589945,0.01414144854242634,0.07090347392816763,1.9844674545084815,LinearRegression,"{'mode': 'original', 'type': 'LinearRegression'}",7,"['nodes_T6W30', 're_T6W30', 'pe_T6W30', 'l2_T6W30', 'density_T6W30', 'diameter_T6W30', 'asp_T6W30']",0.07810065245014222,0.12916676182976095,98.0,0.10363370713995158,0.025533054689809355,0.12801957819766296,1.9844674545084815,1.3962154284650876,1.4282138428554143,98.0,1.412214635660251,0.01599920719516341,0.08021804603893744,1.9844674545084815,completed,True,COMPLETE
76,1.0883077819741804,2026-06-12 18:38:50.300208,2026-06-12 18:38:52.199101,0 days 00:00:01.898893,,,,0.1873078899092956,0.2732595269982093,,,,,,,,,,ElasticNet,,,,,,13,,,,,,,,False,,,,,,,,,-0.022168374835644763,-0.013896346558134282,98.0,-0.018032360696889523,0.004136014138755241,0.020737463335099675,1.9844674545084815,1.0761325536092243,1.1004830103391365,98.0,1.0883077819741804,0.012175228364956207,0.061045089147285,1.9844674545084815,371275296718651.1,474808297292880.6,98.0,423041797005765.9,51766500287114.78,259550829778726.9,1.9844674545084815,3.1311025741439407,3.178600071829157,98.0,3.154851322986549,0.023748748842608122,0.1190732893689513,1.9844674545084815,0.9700529531086507,0.9899155043800422,98.0,0.9799842287443464,0.009931275635695758,0.04979418770265404,1.9844674545084815,99.0,0.40404040404040403,-0.009896169667815653,0.003938781829219067,98.0,-0.002978693919298293,0.00691747574851736,0.034683367825597514,1.9844674545084815,ElasticNet,"{'mode': 'original', 'type': 'ElasticNet'}",13,"['nodes_T6W30', 'edges_T6W30', 're_T6W30', 'pe_T6W30', 'l1_T6W30', 'l2_T6W30', 'l3_T6W30', 'lcc_T6W30', 'lsc_T6W30', 'atd_T6W30', 'density_T6W30', 'diameter_T6W30', 'asp_T6W30']",0.08068722365729006,0.13137728267868465,98.0,0.10603225316798735,0.025345029510697288,0.1270768432052034,1.9844674545084815,1.3807703034687604,1.4127567361532614,98.0,1.3967635198110109,0.015993216342250375,0.08018800864340102,1.9844674545084815,completed,False,COMPLETE
77,1.0807405077695704,2026-06-12 18:38:52.211467,2026-06-12 18:38:59.662337,0 days 00:00:07.450870,,,,,,,,,,,,,,,XGBRegressor,,,,,,12,,,,,,,,False,gbtree,0.6842631718618806,0.0011943260319976295,3.0,153.0,0.6014842345304589,0.00018150523695907548,0.8258334126879425,-0.012491722409976105,-0.009454346344650002,98.0,-0.010973034377313054,0.001518688032663052,0.0076145139591526955,1.9844674545084815,1.0694162115757828,1.092064803963358,98.0,1.0807405077695704,0.01132429619378752,0.05677862048729678,1.9844674545084815,368916785012477.1,471357743156152.0,98.0,420137264084314.56,51220479071837.46,256813146939130.16,1.9844674545084815,3.086064708790999,3.104609360160848,98.0,3.0953370344759237,0.009272325684924454,0.046490294150709315,1.9844674545084815,0.9710309377119793,0.9838073333809075,98.0,0.9774191355464434,0.006388197834464081,0.0320296338274683,1.9844674545084815,99.0,0.5555555555555556,-0.0035069600641507636,0.0017137665798026525,98.0,-0.0008965967421740554,0.002610363321976708,0.01308803883757332,1.9844674545084815,XGBRegressor,"{'mode': 'original', 'type': 'XGBRegressor'}",12,"['edges_T6W30', 're_T6W30', 'pe_T6W30', 'l1_T6W30', 'l2_T6W30', 'l3_T6W30', 'lcc_T6W30', 'lsc_T6W30', 'atd_T6W30', 'density_T6W30', 'diameter_T6W30', 'asp_T6W30']",0.026002077914941586,0.0827899565981366,98.0,0.05439601725653909,0.028393939341597507,0.14236369999756116,1.9844674545084815,1.380090793076659,1.4108964224812532,98.0,1.3954936077789561,0.015402814702297101,0.07722780784360431,1.9844674545084815,completed,False,COMPLETE
78,1.0910709611636196,2026-06-12 18:38:59.675132,2026-06-12 18:39:02.532984,0 days 00:00:02.857852,,,,,,,,,,,,,,,XGBRegressor,,,,,,5,,,,,,,,False,gblinear,0.7151529474497313,0.0020422099445202985,3.0,267.0,6.378558461145747e-07,0.0002656751415700423,0.8427826436144856,-0.022156210081831555,-0.01934434924575844,98.0,-0.020750279663794998,0.0014059304180365569,0.007049161225669543,1.9844674545084815,1.0801396906661769,1.1020022316610623,98.0,1.0910709611636196,0.01093127049744267,0.05480803825660928,1.9844674545084815,366262800065457.9,467717915862974.1,98.0,416990357964216.0,50727557898758.15,254341701143516.2,1.9844674545084815,3.0923760290559374,3.1098186520153344,98.0,3.101097340535636,0.008721311479698408,0.04372757707705997,1.9844674545084815,0.9246280392122037,0.9452621063689743,98.0,0.934945072790589,0.01031703357838532,0.051728330315414996,1.9844674545084815,99.0,0.6666666666666666,-0.005212102484729661,-0.00262254758927556,98.0,-0.00391732503700261,0.00129477744772705,0.0064918539803237784,1.9844674545084815,XGBRegressor,"{'mode': 'original', 'type': 'XGBRegressor'}",5,"['re_T6W30', 'pe_T6W30', 'l1_T6W30', 'l2_T6W30', 'density_T6W30']",-0.014758670339913689,0.038417811771736296,98.0,0.011829570715911304,0.026588241055824993,0.13331015212774433,1.9844674545084815,1.3823962477964478,1.4127479334249498,98.0,1.3975720906106988,0.01517584281425091,0.07608979886961352,1.9844674545084815,completed,False,COMPLETE
79,1.1390065889590948,2026-06-12 18:39:02.545814,2026-06-12 18:39:04.239715,0 days 00:00:01.693901,,,,,,,,,,,,,,,LinearRegression,,,,,,12,,,,,,,,False,,,,,,,,,-0.07593851423941839,-0.056106649313013485,98.0,-0.06602258177621594,0.009915932463202447,0.049717258933469545,1.9844674545084815,1.1250267702351062,1.1529864076830834,98.0,1.1390065889590948,0.013979818723988518,0.0700930820094587,1.9844674545084815,350705627261453.9,451076232832876.25,98.0,400890930047165.06,50185302785711.22,251622901074697.88,1.9844674545084815,3.474343035101558,3.7278330978534933,98.0,3.6010880664775256,0.12674503137596752,0.6354839110526368,1.9844674545084815,0.9394201656002836,0.9784407218692239,98.0,0.9589304437347538,0.019510278134470194,0.09782212146715182,1.9844674545084815,99.0,0.7171717171717171,-0.0912332991882924,-0.048402000508372574,98.0,-0.06981764984833248,0.02141564933995991,0.1073754170285372,1.9844674545084815,LinearRegression,"{'mode': 'original', 'type': 'LinearRegression'}",12,"['nodes_T6W30', 'edges_T6W30', 're_T6W30', 'pe_T6W30', 'l1_T6W30', 'l2_T6W30', 'l3_T6W30', 'lcc_T6W30', 'atd_T6W30', 'density_T6W30', 'diameter_T6W30', 'asp_T6W30']",0.09807217119505658,0.1446701657577451,98.0,0.12137116847640084,0.02329899728134426,0.1168182906676122,1.9844674545084815,1.421599087676903,1.4586635780647697,98.0,1.4401313328708363,0.01853224519393346,0.09291838526981758,1.9844674545084815,completed,False,COMPLETE
