number,value,datetime_start,datetime_complete,duration,params_dt_max_depth,params_dt_min_samples_leaf,params_dt_min_samples_split,params_elastic_alpha,params_elastic_l1_ratio,params_et_max_depth,params_et_max_features,params_et_min_samples_leaf,params_et_min_samples_split,params_et_n_estimators,params_knn_metric,params_knn_n_neighbors,params_knn_weights,params_quantile_alpha,params_regressor,params_rf_max_depth,params_rf_max_features,params_rf_min_samples_leaf,params_rf_min_samples_split,params_rf_n_estimators,params_rfe_n_features,params_rfe_proxy_et_max_depth,params_rfe_proxy_et_min_samples_leaf,params_rfe_proxy_et_min_samples_split,params_rfe_proxy_et_n_estimators,params_rfe_proxy_lsvr_C,params_rfe_proxy_lsvr_epsilon,params_rfe_proxy_type,params_use_scaler,params_xgb_booster,params_xgb_colsample_bytree,params_xgb_learning_rate,params_xgb_max_depth,params_xgb_n_estimators,params_xgb_reg_alpha,params_xgb_reg_lambda,params_xgb_subsample,user_attrs_d2mae_ci_lower_val,user_attrs_d2mae_ci_upper_val,user_attrs_d2mae_df_val,user_attrs_d2mae_mean_val,user_attrs_d2mae_samperror_val,user_attrs_d2mae_std_val,user_attrs_d2mae_t_critical_val,user_attrs_mae_ci_lower_val,user_attrs_mae_ci_upper_val,user_attrs_mae_df_val,user_attrs_mae_mean_val,user_attrs_mae_samperror_val,user_attrs_mae_std_val,user_attrs_mae_t_critical_val,user_attrs_mape_ci_lower_val,user_attrs_mape_ci_upper_val,user_attrs_mape_df_val,user_attrs_mape_mean_val,user_attrs_mape_samperror_val,user_attrs_mape_std_val,user_attrs_mape_t_critical_val,user_attrs_max_error_ci_lower_val,user_attrs_max_error_ci_upper_val,user_attrs_max_error_df_val,user_attrs_max_error_mean_val,user_attrs_max_error_samperror_val,user_attrs_max_error_std_val,user_attrs_max_error_t_critical_val,user_attrs_median_ae_ci_lower_val,user_attrs_median_ae_ci_upper_val,user_attrs_median_ae_df_val,user_attrs_median_ae_mean_val,user_attrs_median_ae_samperror_val,user_attrs_median_ae_std_val,user_attrs_median_ae_t_critical_val,user_attrs_n_splits_val,user_attrs_r2_below_zero_val,user_attrs_r2_ci_lower_val,user_attrs_r2_ci_upper_val,user_attrs_r2_df_val,user_attrs_r2_mean_val,user_attrs_r2_samperror_val,user_attrs_r2_std_val,user_attrs_r2_t_critical_val,user_attrs_regressor_final,user_attrs_rfe_estimator,user_attrs_rfe_n_features,user_attrs_rfe_selected_features,user_attrs_rho_ci_lower_val,user_attrs_rho_ci_upper_val,user_attrs_rho_df_val,user_attrs_rho_mean_val,user_attrs_rho_samperror_val,user_attrs_rho_std_val,user_attrs_rho_t_critical_val,user_attrs_rmse_ci_lower_val,user_attrs_rmse_ci_upper_val,user_attrs_rmse_df_val,user_attrs_rmse_mean_val,user_attrs_rmse_samperror_val,user_attrs_rmse_std_val,user_attrs_rmse_t_critical_val,user_attrs_termination_reason,user_attrs_use_scaler_final,state
291,1.083920049204593,2026-06-12 19:05:00.779832,2026-06-12 19:05:04.691144,0 days 00:00:03.911312,,,,,,,,,,,,,,,XGBRegressor,,,,,,5,,,,,,,,True,gblinear,0.6560320223260103,0.018396906939747597,7.0,275.0,0.166557531238763,0.5659296068864758,0.5599764708654849,-0.01553351938175229,-0.01241372851781635,98.0,-0.01397362394978432,0.0015598954319679705,0.007821122762593037,1.9844674545084815,1.0726643003647858,1.0951757980444004,98.0,1.083920049204593,0.011255748839807277,0.056434932532615084,1.9844674545084815,371129706631484.2,473796367242956.44,98.0,422463036937220.3,51333330305736.1,257378969068064.66,1.9844674545084815,3.08466834396406,3.1240371607712505,98.0,3.1043527523676553,0.019684408403595255,0.09869518909950734,1.9844674545084815,0.9560251922213445,0.9729205948038759,98.0,0.9644728935126102,0.008447701291265715,0.04235572943331852,1.9844674545084815,99.0,0.6767676767676768,-0.010936860980145482,-0.0029075235966091904,98.0,-0.006922192288377336,0.004014668691768145,0.020129052272333452,1.9844674545084815,XGBRegressor,"{'mode': 'original', 'type': 'XGBRegressor'}",5,"['edges_T6W30', 'pe_T6W30', 'lsc_T6W30', 'diameter_T6W30', 'asp_T6W30']",0.00644068724338831,0.07205471971102864,77.0,0.039247703477208476,0.032807016233820166,0.14550813938483348,1.9912543953883846,1.3840495608941117,1.4152670723754763,98.0,1.399658316634794,0.015608755740682292,0.0782603707385635,1.9844674545084815,completed,True,COMPLETE
292,1.1677393095739603,2026-06-12 19:05:04.758752,2026-06-12 19:05:23.985589,0 days 00:00:19.226837,,,,,,,,,,,,,,,RandomForestRegressor,18.0,,1.0,3.0,163.0,6,,,,,,,,True,,,,,,,,,-0.10507333350521215,-0.07969376421303616,98.0,-0.09238354885912416,0.012689784646088,0.06362501069876866,1.9844674545084815,1.1497377116186058,1.1857409075293148,98.0,1.1677393095739603,0.018001597955354495,0.0902577856478794,1.9844674545084815,359318170793549.1,467716847483044.4,98.0,413517509138296.75,54199338344747.64,271748778897822.56,1.9844674545084815,3.5294577303747916,3.7146289315352687,98.0,3.62204333095503,0.09258560058023856,0.4642127500001035,1.9844674545084815,0.9856983818635505,1.034860179691295,98.0,1.0102792807774228,0.02458089891387233,0.12324558690305393,1.9844674545084815,99.0,0.7777777777777778,-0.1364014139021319,-0.08580772134830301,98.0,-0.11110456762521746,0.025296846276914444,0.12683525843048624,1.9844674545084815,RandomForestRegressor,"{'mode': 'original', 'type': 'RandomForestRegressor'}",6,"['re_T6W30', 'pe_T6W30', 'l3_T6W30', 'lsc_T6W30', 'atd_T6W30', 'diameter_T6W30']",0.03363887799453047,0.08792076209347767,98.0,0.06077982004400407,0.0271409420494736,0.13608132654991653,1.9844674545084815,1.4463178130689913,1.4881066981155513,98.0,1.4672122555922713,0.02089444252327999,0.10476215051437661,1.9844674545084815,completed,True,COMPLETE
293,1.0883789361624514,2026-06-12 19:05:24.046426,2026-06-12 19:05:25.945407,0 days 00:00:01.898981,,,,0.352325526118713,0.10540137739646227,,,,,,,,,,ElasticNet,,,,,,12,,,,,,,,False,,,,,,,,,-0.02222457993484515,-0.013995187440919803,98.0,-0.018109883687882477,0.004114696246962674,0.020630578062322772,1.9844674545084815,1.0762519604923633,1.1005059118325395,98.0,1.0883789361624514,0.012126975670088243,0.060803156103278216,1.9844674545084815,371039731058704.4,474488024956966.75,98.0,422763878007835.56,51724146949131.16,259338475380485.25,1.9844674545084815,3.1262038860007433,3.170795625939977,98.0,3.1484997559703602,0.022295869969617087,0.11178873439688826,1.9844674545084815,0.9694351487337766,0.9893572681305892,98.0,0.9793962084321829,0.009961059698406364,0.049943521309288516,1.9844674545084815,99.0,0.41414141414141414,-0.008847008044392314,0.00474817689973272,98.0,-0.0020494155723297974,0.006797592472062517,0.03408228790503367,1.9844674545084815,ElasticNet,"{'mode': 'original', 'type': 'ElasticNet'}",12,"['nodes_T6W30', 're_T6W30', 'pe_T6W30', 'l1_T6W30', 'l2_T6W30', 'l3_T6W30', 'lcc_T6W30', 'lsc_T6W30', 'atd_T6W30', 'density_T6W30', 'diameter_T6W30', 'asp_T6W30']",0.08189261616368348,0.13241804931450638,98.0,0.10715533273909493,0.025262716575411442,0.1266641363284304,1.9844674545084815,1.3801815645919842,1.41204321675685,98.0,1.396112390674417,0.01593082608243298,0.079875191597321,1.9844674545084815,completed,False,COMPLETE
294,1.1307665675294167,2026-06-12 19:05:25.958184,2026-06-12 19:05:28.213986,0 days 00:00:02.255802,,,,,,,,,,,,,,,XGBRegressor,,,,,,2,,,,,,,,False,gbtree,0.9710291097442978,0.004679593024223319,7.0,356.0,4.835619142236148e-06,0.095399845303622,0.6243958943695885,,,,,,,,,,,,,,,,,,,,,,,,,,,,,,,,,,,,,,,,,,,,,XGBRegressor,"{'mode': 'original', 'type': 'XGBRegressor'}",2,"['diameter_T6W30', 'asp_T6W30']",,,,,,,,,,,,,,,pruned,False,PRUNED
295,1.0969236730472045,2026-06-12 19:05:28.224834,2026-06-12 19:05:29.994635,0 days 00:00:01.769801,,,,0.0004918786513508437,0.982739540910386,,,,,,,,,,ElasticNet,,,,,,4,,,,,,,,False,,,,,,,,,-0.03374788336118402,-0.018551345100733068,98.0,-0.026149614230958542,0.007598269130225474,0.03809678163858786,1.9844674545084815,1.0831118200491576,1.1107355260452514,98.0,1.0969236730472045,0.01381185299804699,0.06925092263417326,1.9844674545084815,349138798532215.4,448504799331292.9,98.0,398821798931754.1,49683000399538.77,249104419036936.06,1.9844674545084815,3.3406896110579174,3.582813296529495,98.0,3.461751453793706,0.12106184273578892,0.6069891061273258,1.9844674545084815,0.9538941739022907,0.9795336129461344,98.0,0.9667138934242125,0.012819719521921853,0.06427648809540208,1.9844674545084815,99.0,0.43434343434343436,-0.025908446552271914,0.005610503430799638,98.0,-0.010148971560736138,0.015759474991535776,0.07901605842086151,1.9844674545084815,ElasticNet,"{'mode': 'original', 'type': 'ElasticNet'}",4,"['edges_T6W30', 'pe_T6W30', 'l2_T6W30', 'atd_T6W30']",0.13206413098508216,0.18099662507763584,98.0,0.156530378031359,0.024466247046276843,0.12267073661947206,1.9844674545084815,1.3829471910641349,1.418315093054919,98.0,1.400631142059527,0.017683950995392123,0.08866514307830926,1.9844674545084815,completed,False,COMPLETE
296,1.0785878343047617,2026-06-12 19:05:30.007786,2026-06-12 19:05:32.532834,0 days 00:00:02.525048,,,,,,,,,,,,,,,XGBRegressor,,,,,,6,,,,,,,,True,gblinear,0.6604272713749217,0.07295892049245895,4.0,256.0,0.002314467260697325,9.153982302423422,0.7564373711526339,-0.010312609241045757,-0.0076142689739724136,98.0,-0.008963439107509085,0.0013491701335366715,0.00676457217949659,1.9844674545084815,1.0673191272583975,1.0898565413511259,98.0,1.0785878343047617,0.011268707046364075,0.056499903377574795,1.9844674545084815,369661728792266.1,472090395724740.25,98.0,420876062258503.2,51214333466237.03,256782333632759.47,1.9844674545084815,3.0638624586932472,3.0766515056804087,98.0,3.070256982186828,0.006394523493580925,0.03206134989990062,1.9844674545084815,0.970441302939967,0.9816449000860821,98.0,0.9760431015130245,0.0056017985730575605,0.028086725195372766,1.9844674545084815,99.0,0.26262626262626265,0.0006726659427961656,0.005937659149544385,98.0,0.0033051625461702756,0.00263249660337411,0.013199012372978642,1.9844674545084815,XGBRegressor,"{'mode': 'original', 'type': 'XGBRegressor'}",6,"['nodes_T6W30', 'edges_T6W30', 're_T6W30', 'pe_T6W30', 'lcc_T6W30', 'lsc_T6W30']",0.10994244206071327,0.16049365031823867,98.0,0.13521804618947597,0.02527560412876271,0.12672875292695623,1.9844674545084815,1.3771267533348348,1.4080377267453292,98.0,1.392582240040082,0.015455486705247308,0.07749189875174005,1.9844674545084815,completed,True,COMPLETE
297,1.1470588235294117,2026-06-12 19:05:32.545457,2026-06-12 19:05:32.753010,0 days 00:00:00.207553,,,,,,,,,,,manhattan,4.0,uniform,,KNeighborsRegressor,,,,,,9,,,,,0.024850070766863297,0.0031571825764638364,LinearSVR,,,,,,,,,,,,,,,,,,,,,,,,,,,,,,,,,,,,,,,,,,,,,,,,,,,,,,KNeighborsRegressor,"{'mode': 'proxy', 'type': 'LinearSVR'}",9,"['edges_T6W30', 're_T6W30', 'pe_T6W30', 'l1_T6W30', 'l2_T6W30', 'l3_T6W30', 'lcc_T6W30', 'lsc_T6W30', 'diameter_T6W30']",,,,,,,,,,,,,,,pruned,True,PRUNED
298,1.1345486961490603,2026-06-12 19:05:32.762749,2026-06-12 19:05:51.453307,0 days 00:00:18.690558,,,,,,,,,,,,,,,RandomForestRegressor,10.0,log2,3.0,9.0,203.0,11,,,,,,,,False,,,,,,,,,-0.07250075342744425,-0.05073914585775311,98.0,-0.061619949642598676,0.010880803784845565,0.054555004401545995,1.9844674545084815,1.1190683252162812,1.1500290670818394,98.0,1.1345486961490603,0.015480370932779052,0.07761666519081638,1.9844674545084815,351603983887121.4,453498340980925.4,98.0,402551162434023.4,50947178546901.97,255442851909863.4,1.9844674545084815,3.2777198510472143,3.387108573486489,98.0,3.3324142122668516,0.05469436121963716,0.2742307623663671,1.9844674545084815,0.9827923085572964,1.0284670523637778,98.0,1.0056296804605371,0.022837371903240755,0.11450375811723415,1.9844674545084815,99.0,0.696969696969697,-0.06177177522852561,-0.02502218640163425,98.0,-0.04339698081507993,0.01837479441344568,0.0921289465305122,1.9844674545084815,RandomForestRegressor,"{'mode': 'original', 'type': 'RandomForestRegressor'}",11,"['nodes_T6W30', 're_T6W30', 'pe_T6W30', 'l1_T6W30', 'l2_T6W30', 'l3_T6W30', 'lcc_T6W30', 'lsc_T6W30', 'density_T6W30', 'diameter_T6W30', 'asp_T6W30']",0.058719078250409985,0.11446858174926619,98.0,0.08659382999983808,0.0278747517494281,0.13976055762535156,1.9844674545084815,1.4053134400883847,1.440112746902505,98.0,1.4227130934954448,0.017399653407060192,0.08723971013332785,1.9844674545084815,completed,False,COMPLETE
299,1.082715577714678,2026-06-12 19:05:51.466620,2026-06-12 19:06:04.525782,0 days 00:00:13.059162,,,,,,,,,,,,,,,XGBRegressor,,,,,,5,,,,,,,,True,gbtree,0.6173772108624856,0.0010406289634983384,5.0,368.0,0.23432759471836886,1.0863642854536062e-05,0.7017404845134998,-0.015873208879970662,-0.009693030470532622,98.0,-0.012783119675251642,0.0030900892047190202,0.015493325079476986,1.9844674545084815,1.0708356967372294,1.0945954586921265,98.0,1.082715577714678,0.011879880977448498,0.05956425387591383,1.9844674545084815,369124912044674.9,472219554235087.75,98.0,420672233139881.3,51547321095206.45,258451892419343.6,1.9844674545084815,3.149040762964493,3.208455426384132,98.0,3.1787480946743125,0.029707331709819193,0.1489488868868869,1.9844674545084815,0.9871146539882353,1.0028709420616806,98.0,0.9949927980249579,0.007878144036722648,0.039500039803862484,1.9844674545084815,99.0,0.36363636363636365,-0.001901234701164089,0.008622743667617637,98.0,0.003360754483226774,0.005261989184390863,0.026382962949405432,1.9844674545084815,XGBRegressor,"{'mode': 'original', 'type': 'XGBRegressor'}",5,"['pe_T6W30', 'lsc_T6W30', 'atd_T6W30', 'diameter_T6W30', 'asp_T6W30']",0.06515185040710693,0.11908042763914535,98.0,0.09211613902312614,0.026964288616019214,0.13519560808368752,1.9844674545084815,1.3771091024773157,1.4074594420332527,98.0,1.3922842722552842,0.015175169777968473,0.07608642434893685,1.9844674545084815,completed,True,COMPLETE
