number,value,datetime_start,datetime_complete,duration,params_dt_max_depth,params_dt_min_samples_leaf,params_dt_min_samples_split,params_elastic_alpha,params_elastic_l1_ratio,params_et_max_depth,params_et_max_features,params_et_min_samples_leaf,params_et_min_samples_split,params_et_n_estimators,params_knn_metric,params_knn_n_neighbors,params_knn_weights,params_quantile_alpha,params_regressor,params_rf_max_depth,params_rf_max_features,params_rf_min_samples_leaf,params_rf_min_samples_split,params_rf_n_estimators,params_rfe_n_features,params_rfe_proxy_et_max_depth,params_rfe_proxy_et_min_samples_leaf,params_rfe_proxy_et_min_samples_split,params_rfe_proxy_et_n_estimators,params_rfe_proxy_lsvr_C,params_rfe_proxy_lsvr_epsilon,params_rfe_proxy_type,params_use_scaler,params_xgb_booster,params_xgb_colsample_bytree,params_xgb_learning_rate,params_xgb_max_depth,params_xgb_n_estimators,params_xgb_reg_alpha,params_xgb_reg_lambda,params_xgb_subsample,user_attrs_d2mae_ci_lower_val,user_attrs_d2mae_ci_upper_val,user_attrs_d2mae_df_val,user_attrs_d2mae_mean_val,user_attrs_d2mae_samperror_val,user_attrs_d2mae_std_val,user_attrs_d2mae_t_critical_val,user_attrs_mae_ci_lower_val,user_attrs_mae_ci_upper_val,user_attrs_mae_df_val,user_attrs_mae_mean_val,user_attrs_mae_samperror_val,user_attrs_mae_std_val,user_attrs_mae_t_critical_val,user_attrs_mape_ci_lower_val,user_attrs_mape_ci_upper_val,user_attrs_mape_df_val,user_attrs_mape_mean_val,user_attrs_mape_samperror_val,user_attrs_mape_std_val,user_attrs_mape_t_critical_val,user_attrs_max_error_ci_lower_val,user_attrs_max_error_ci_upper_val,user_attrs_max_error_df_val,user_attrs_max_error_mean_val,user_attrs_max_error_samperror_val,user_attrs_max_error_std_val,user_attrs_max_error_t_critical_val,user_attrs_median_ae_ci_lower_val,user_attrs_median_ae_ci_upper_val,user_attrs_median_ae_df_val,user_attrs_median_ae_mean_val,user_attrs_median_ae_samperror_val,user_attrs_median_ae_std_val,user_attrs_median_ae_t_critical_val,user_attrs_n_splits_val,user_attrs_r2_below_zero_val,user_attrs_r2_ci_lower_val,user_attrs_r2_ci_upper_val,user_attrs_r2_df_val,user_attrs_r2_mean_val,user_attrs_r2_samperror_val,user_attrs_r2_std_val,user_attrs_r2_t_critical_val,user_attrs_regressor_final,user_attrs_rfe_estimator,user_attrs_rfe_n_features,user_attrs_rfe_selected_features,user_attrs_rho_ci_lower_val,user_attrs_rho_ci_upper_val,user_attrs_rho_df_val,user_attrs_rho_mean_val,user_attrs_rho_samperror_val,user_attrs_rho_std_val,user_attrs_rho_t_critical_val,user_attrs_rmse_ci_lower_val,user_attrs_rmse_ci_upper_val,user_attrs_rmse_df_val,user_attrs_rmse_mean_val,user_attrs_rmse_samperror_val,user_attrs_rmse_std_val,user_attrs_rmse_t_critical_val,user_attrs_termination_reason,user_attrs_use_scaler_final,state
137,1.0844478397419572,2026-06-12 18:45:41.779616,2026-06-12 18:45:43.455064,0 days 00:00:01.675448,,,,0.6765873641051084,0.7884473432532987,,,,,,,,,,ElasticNet,,,,,,9,,,,,,,,True,,,,,,,,,-0.015362925360866643,-0.013601939939541534,98.0,-0.014482432650204088,0.0008804927106625554,0.004414681548860102,1.9844674545084815,1.0733265229737856,1.0955691565101289,98.0,1.0844478397419572,0.011121316768171546,0.05576090675245988,1.9844674545084815,370261102803136.9,472582158246560.1,98.0,421421630524848.5,51160527721711.64,256512558284590.84,1.9844674545084815,3.0623906010794792,3.073713295024417,98.0,3.068051948051948,0.005661346972469041,0.028385293504868705,1.9844674545084815,0.933402966543196,0.9519649988247691,98.0,0.9426839826839826,0.009281016140786635,0.04653386702153648,1.9844674545084815,99.0,1.0,-0.003151138210298774,-0.0019109951987363633,98.0,-0.0025310667045175686,0.0006200715057812055,0.0031089618373857154,1.9844674545084815,ElasticNet,"{'mode': 'original', 'type': 'ElasticNet'}",9,"['l1_T6W30', 'l2_T6W30', 'l3_T6W30', 'lcc_T6W30', 'lsc_T6W30', 'atd_T6W30', 'density_T6W30', 'diameter_T6W30', 'asp_T6W30']",,,,,,,,1.3812301907536824,1.4121686825828264,98.0,1.3966994366682544,0.015469245914571893,0.07756088572550665,1.9844674545084815,completed,True,COMPLETE
138,1.0844478397419572,2026-06-12 18:45:43.467630,2026-06-12 18:45:45.322913,0 days 00:00:01.855283,,,,7.655995024940027,0.11072059332631567,,,,,,,,,,ElasticNet,,,,,,7,,,,,,,,True,,,,,,,,,-0.015362925360866643,-0.013601939939541534,98.0,-0.014482432650204088,0.0008804927106625554,0.004414681548860102,1.9844674545084815,1.0733265229737856,1.0955691565101289,98.0,1.0844478397419572,0.011121316768171546,0.05576090675245988,1.9844674545084815,370261102803136.9,472582158246560.1,98.0,421421630524848.5,51160527721711.64,256512558284590.84,1.9844674545084815,3.0623906010794792,3.073713295024417,98.0,3.068051948051948,0.005661346972469041,0.028385293504868705,1.9844674545084815,0.933402966543196,0.9519649988247691,98.0,0.9426839826839826,0.009281016140786635,0.04653386702153648,1.9844674545084815,99.0,1.0,-0.003151138210298774,-0.0019109951987363633,98.0,-0.0025310667045175686,0.0006200715057812055,0.0031089618373857154,1.9844674545084815,ElasticNet,"{'mode': 'original', 'type': 'ElasticNet'}",7,"['l3_T6W30', 'lcc_T6W30', 'lsc_T6W30', 'atd_T6W30', 'density_T6W30', 'diameter_T6W30', 'asp_T6W30']",,,,,,,,1.3812301907536824,1.4121686825828264,98.0,1.3966994366682544,0.015469245914571893,0.07756088572550665,1.9844674545084815,completed,True,COMPLETE
139,1.0691225985343633,2026-06-12 18:45:45.336395,2026-06-12 18:45:47.654807,0 days 00:00:02.318412,,,,,,,,,,,,,,6.517060990074383,QuantileRegressor,,,,,,10,,,,,,,,True,,,,,,,,,0.0,0.0,98.0,0.0,0.0,0.0,1.9844674545084815,1.0575870578016928,1.0806581392670338,98.0,1.0691225985343633,0.011535540732670515,0.05783777447779657,1.9844674545084815,378756762949842.25,482894502655208.6,98.0,430825632802525.44,52068869852683.18,261066873382366.97,1.9844674545084815,3.0,3.0,98.0,3.0,0.0,0.0,1.9844674545084815,1.0,1.0,98.0,1.0,0.0,0.0,1.9844674545084815,99.0,0.9191919191919192,-0.004402232239554242,-0.002812910014847294,98.0,-0.003607571127200768,0.0007946611123534741,0.00398433253088908,1.9844674545084815,QuantileRegressor,"{'mode': 'original', 'type': 'QuantileRegressor'}",10,"['pe_T6W30', 'l1_T6W30', 'l2_T6W30', 'l3_T6W30', 'lcc_T6W30', 'lsc_T6W30', 'atd_T6W30', 'density_T6W30', 'diameter_T6W30', 'asp_T6W30']",,,,,,,,1.3817940130923385,1.413236739470511,98.0,1.3975153762814247,0.01572136318908618,0.07882497055717957,1.9844674545084815,completed,True,COMPLETE
140,1.1307634287004267,2026-06-12 18:45:47.668356,2026-06-12 18:46:11.366400,0 days 00:00:23.698044,,,,,,,,,,,,,,,RandomForestRegressor,7.0,log2,2.0,8.0,261.0,12,,,,,,,,True,,,,,,,,,-0.0685720492183696,-0.04738169311520932,98.0,-0.057976871166789457,0.010595178051580138,0.053122912302137615,1.9844674545084815,1.1152338279288667,1.1462930294719866,98.0,1.1307634287004267,0.015529600771559885,0.07786349751354574,1.9844674545084815,356388977215953.0,459408579996947.4,98.0,407898778606450.2,51509801390497.2,258263773260499.06,1.9844674545084815,3.2913000322938575,3.4127655749149928,98.0,3.352032803604425,0.06073277131056767,0.3045066037107232,1.9844674545084815,0.9794485093831795,1.0218445050336225,98.0,1.000646507208401,0.021197997825221495,0.1062841392535354,1.9844674545084815,99.0,0.6666666666666666,-0.059432987598478176,-0.023107068595705244,98.0,-0.04127002809709171,0.018162959501386466,0.09106683248192626,1.9844674545084815,RandomForestRegressor,"{'mode': 'original', 'type': 'RandomForestRegressor'}",12,"['nodes_T6W30', 're_T6W30', 'pe_T6W30', 'l1_T6W30', 'l2_T6W30', 'l3_T6W30', 'lcc_T6W30', 'lsc_T6W30', 'atd_T6W30', 'density_T6W30', 'diameter_T6W30', 'asp_T6W30']",0.06048537125894353,0.11710196369228064,98.0,0.08879366747561208,0.028308296216668555,0.14193429596180707,1.9844674545084815,1.4037237434850285,1.4390956463303115,98.0,1.42140969490767,0.017685951422641608,0.08867517297311837,1.9844674545084815,completed,True,COMPLETE
141,1.1508389248779334,2026-06-12 18:46:11.379046,2026-06-12 18:46:54.430787,0 days 00:00:43.051741,,,,,,,,,,,,,,,RandomForestRegressor,18.0,sqrt,1.0,7.0,498.0,3,,,,,,,,False,,,,,,,,,-0.08903680222246482,-0.06492423450818194,98.0,-0.07698051836532338,0.012056283857141437,0.06044871609657231,1.9844674545084815,1.134575705657201,1.1671021440986658,98.0,1.1508389248779334,0.016263219220732362,0.08154176968121427,1.9844674545084815,374104207100504.1,484927140813277.75,98.0,429515673956890.94,55411466856386.84,277826241334909.88,1.9844674545084815,3.5903609164689505,3.774396267963257,98.0,3.6823785922161036,0.09201767574715332,0.4613652451299334,1.9844674545084815,0.9855353728963833,1.0253431332601435,98.0,1.0054392530782634,0.019903880181880128,0.09979559345079454,1.9844674545084815,99.0,0.6868686868686869,-0.10260274392033036,-0.05598906163272629,98.0,-0.07929590277652833,0.02330684114380204,0.11685761882381931,1.9844674545084815,RandomForestRegressor,"{'mode': 'original', 'type': 'RandomForestRegressor'}",3,"['pe_T6W30', 'lsc_T6W30', 'diameter_T6W30']",0.054551530354157496,0.10979937198334036,98.0,0.08217545116874893,0.02762392081459143,0.13850292234172323,1.9844674545084815,1.4269323654683186,1.4650516435322123,98.0,1.4459920045002654,0.019059639031946757,0.0955626727437114,1.9844674545084815,completed,False,COMPLETE
142,1.1222131416103223,2026-06-12 18:46:54.443138,2026-06-12 18:46:54.592968,0 days 00:00:00.149830,,,,,,,,,,,,,,,LinearRegression,,,,,,9,,,,,,,,False,,,,,,,,,,,,,,,,,,,,,,,,,,,,,,,,,,,,,,,,,,,,,,,,,,,,,LinearRegression,"{'mode': 'original', 'type': 'LinearRegression'}",9,"['edges_T6W30', 're_T6W30', 'pe_T6W30', 'l1_T6W30', 'l2_T6W30', 'atd_T6W30', 'density_T6W30', 'diameter_T6W30', 'asp_T6W30']",,,,,,,,,,,,,,,pruned,False,PRUNED
143,1.1168074688394454,2026-06-12 18:46:54.602309,2026-06-12 18:46:56.297952,0 days 00:00:01.695643,,,,,,,,,,,,,,,LinearRegression,,,,,,7,,,,,,,,False,,,,,,,,,-0.05300790074331822,-0.03675266327429923,98.0,-0.044880282008808725,0.0081276187345095,0.04075087508266715,1.9844674545084815,1.103017341995065,1.1305975956838257,98.0,1.1168074688394454,0.013790126844380206,0.06914199038685429,1.9844674545084815,371827829477614.5,476242437447177.4,98.0,424035133462395.94,52207303984781.42,261760964998692.47,1.9844674545084815,3.2390102049307368,3.4485477260233237,98.0,3.3437789654770302,0.10476876054629332,0.5252976072142886,1.9844674545084815,0.984409764202102,1.014318011214944,98.0,0.999363887708523,0.01495412350642095,0.07497812568316951,1.9844674545084815,99.0,0.6666666666666666,-0.0593348944863019,-0.026690561690025996,98.0,-0.04301272808816395,0.016322166398137952,0.0818373235379339,1.9844674545084815,LinearRegression,"{'mode': 'original', 'type': 'LinearRegression'}",7,"['edges_T6W30', 're_T6W30', 'l1_T6W30', 'l2_T6W30', 'atd_T6W30', 'density_T6W30', 'asp_T6W30']",0.04178719226502406,0.09330149261271395,98.0,0.067544342438869,0.02575715017384494,0.12914316523770825,1.9844674545084815,1.4056754037074914,1.4403488257082344,98.0,1.423012114707863,0.017336711000371582,0.08692412469112701,1.9844674545084815,completed,False,COMPLETE
144,1.1056957808367454,2026-06-12 18:46:56.310372,2026-06-12 18:46:58.019577,0 days 00:00:01.709205,,,,0.00016913898789842018,0.14002409755331768,,,,,,,,,,ElasticNet,,,,,,5,,,,,,,,False,,,,,,,,,-0.042444100680309876,-0.02648981616483044,98.0,-0.03446695842257016,0.00797714225773972,0.039996404639597666,1.9844674545084815,1.091986657938405,1.1194049037350857,98.0,1.1056957808367454,0.013709122898340398,0.06873584662026057,1.9844674545084815,351201759753730.75,451598437159361.0,98.0,401400098456545.9,50198338702815.09,251688261550729.16,1.9844674545084815,3.330848768124988,3.5717170473577067,98.0,3.4512829077413474,0.1204341396163593,0.6038418803230116,1.9844674545084815,0.9484230545628024,0.9774034141129452,98.0,0.9629132343378738,0.014490179775071343,0.07265196919635748,1.9844674545084815,99.0,0.494949494949495,-0.03807319665449089,-0.004947758812551335,98.0,-0.021510477733521112,0.016562718920969777,0.08304342413503968,1.9844674545084815,ElasticNet,"{'mode': 'original', 'type': 'ElasticNet'}",5,"['edges_T6W30', 'pe_T6W30', 'l2_T6W30', 'atd_T6W30', 'asp_T6W30']",0.1071793140036981,0.1550081511091703,98.0,0.1310937325564342,0.023914418552736107,0.11990393680492685,1.9844674545084815,1.3906698139544014,1.425847327117627,98.0,1.4082585705360142,0.017588756581612842,0.08818785006159625,1.9844674545084815,completed,False,COMPLETE
145,1.1003926818404703,2026-06-12 18:46:58.031986,2026-06-12 18:47:00.212106,0 days 00:00:02.180120,,,,,,,,,,,,,,,LinearRegression,,,,,,4,,,,,,,,False,,,,,,,,,-0.03603551251189311,-0.02302747384010189,98.0,-0.0295314931759975,0.006504019335895608,0.032610348510439695,1.9844674545084815,1.0877008076259296,1.113084556055011,98.0,1.1003926818404703,0.012691874214540825,0.06363548753654603,1.9844674545084815,366171396689883.2,468465837037089.3,98.0,417318616863486.25,51147220173603.05,256445835884298.2,1.9844674545084815,3.2816952464151354,3.497803417795361,98.0,3.3897493321052483,0.10805408569011302,0.5417698211449562,1.9844674545084815,0.9755133972838064,0.999742762350962,98.0,0.9876280798173842,0.012114682533577783,0.06074151983727266,1.9844674545084815,99.0,0.5858585858585859,-0.040479226988207724,-0.012280694742918147,98.0,-0.026379960865562935,0.014099266122644788,0.07069197649265137,1.9844674545084815,LinearRegression,"{'mode': 'original', 'type': 'LinearRegression'}",4,"['edges_T6W30', 'l1_T6W30', 'atd_T6W30', 'density_T6W30']",0.051872042535359826,0.10404727383138893,98.0,0.07795965818337437,0.026087615648014546,0.130800078252075,1.9844674545084815,1.3953030387841263,1.4285103316702679,98.0,1.411906685227197,0.016603646443070788,0.08324862966879583,1.9844674545084815,completed,False,COMPLETE
146,1.12713993360652,2026-06-12 18:47:00.224632,2026-06-12 18:47:09.233108,0 days 00:00:09.008476,,,,,,,,,,,,,,,XGBRegressor,,,,,,5,,,,,,,,True,gbtree,0.9371112623425879,0.007164066106541697,3.0,328.0,0.0002766427053811984,0.020908789688730462,0.7537059693589044,-0.06353012599446592,-0.0458592575363328,98.0,-0.05469469176539936,0.008835434229066564,0.04429977442729319,1.9844674545084815,1.1131854086489736,1.1410944585640663,98.0,1.12713993360652,0.013954524957546304,0.06996626219293847,1.9844674545084815,372968486848936.94,482332288514633.2,98.0,427650387681785.06,54681900832848.15,274168287528150.97,1.9844674545084815,3.5312197662298805,3.770794329384774,98.0,3.6510070478073273,0.11978728157744678,0.600598614121557,1.9844674545084815,0.9830655601225994,1.0185107286593855,98.0,1.0007881443909925,0.017722584268393092,0.08885884553083849,1.9844674545084815,99.0,0.7878787878787878,-0.08550163617576843,-0.05089117764437813,98.0,-0.06819640691007328,0.017305229265695152,0.08676627916722986,1.9844674545084815,XGBRegressor,"{'mode': 'original', 'type': 'XGBRegressor'}",5,"['lsc_T6W30', 'atd_T6W30', 'density_T6W30', 'diameter_T6W30', 'asp_T6W30']",0.03123242419288887,0.08147118359890107,98.0,0.05635180389589497,0.0251193797030061,0.1259454629785931,1.9844674545084815,1.4226663183511516,1.4568689739142,98.0,1.4397676461326758,0.017101327781524133,0.08574394234484137,1.9844674545084815,completed,True,COMPLETE
147,1.190250700115985,2026-06-12 18:47:09.246492,2026-06-12 18:47:15.817321,0 days 00:00:06.570829,,,,,,,,,,,,,,,RandomForestRegressor,14.0,,2.0,2.0,50.0,3,,,,,,,,True,,,,,,,,,-0.12732938475230896,-0.09960790187803067,98.0,-0.11346864331516981,0.013860741437139137,0.06949604322108904,1.9844674545084815,1.1713313114095862,1.2091700888223837,98.0,1.190250700115985,0.018919388706398654,0.09485947495806146,1.9844674545084815,328639460146403.2,429220021154699.7,98.0,378929740650551.44,50290280504148.25,252149246370931.72,1.9844674545084815,3.437323492857426,3.6472103658965205,98.0,3.5422669293769733,0.10494343651954707,0.5261734109396509,1.9844674545084815,1.0136609014985618,1.0636512057543772,98.0,1.0386560536264695,0.024995152127907767,0.12532260128194878,1.9844674545084815,99.0,0.8181818181818182,-0.1584614957155629,-0.10254110317242131,98.0,-0.1305012994439921,0.027960196271570797,0.14018896589129926,1.9844674545084815,RandomForestRegressor,"{'mode': 'original', 'type': 'RandomForestRegressor'}",3,"['re_T6W30', 'pe_T6W30', 'l3_T6W30']",0.023953722001634304,0.07704145667551333,98.0,0.05049758933857382,0.026543867336939513,0.13308766778954847,1.9844674545084815,1.4573147140714608,1.5021162901686957,98.0,1.4797155021200783,0.022400788048617528,0.11231478066836342,1.9844674545084815,completed,True,COMPLETE
148,1.1441126955832839,2026-06-12 18:47:15.839012,2026-06-12 18:47:17.791351,0 days 00:00:01.952339,,,,,,,,,,,euclidean,8.0,uniform,,KNeighborsRegressor,,,,,,12,,,,,4.499329409129297,0.028202906874953113,LinearSVR,,,,,,,,,,-0.08360787525959251,-0.05695835877423668,98.0,-0.0702831170169146,0.013324758242677917,0.06680868977632681,1.9844674545084815,1.1257828495456628,1.162442541620905,98.0,1.1441126955832839,0.01832984603762119,0.09190358093349973,1.9844674545084815,371341317088935.4,478268238282505.0,98.0,424804777685720.2,53463460596784.836,268059178885457.25,1.9844674545084815,3.382477664464908,3.526613244626001,98.0,3.4545454545454546,0.07206779008054642,0.36133898586883734,1.9844674545084815,0.940770999959295,0.9910471818588868,98.0,0.9659090909090909,0.02513809094979591,0.12603927885572513,1.9844674545084815,99.0,0.6161616161616161,-0.08001039199300282,-0.0310444230588878,98.0,-0.05552740752594531,0.02448298446705751,0.12275465597712387,1.9844674545084815,KNeighborsRegressor,"{'mode': 'proxy', 'type': 'LinearSVR'}",12,"['nodes_T6W30', 'edges_T6W30', 're_T6W30', 'pe_T6W30', 'l1_T6W30', 'l2_T6W30', 'lcc_T6W30', 'lsc_T6W30', 'atd_T6W30', 'density_T6W30', 'diameter_T6W30', 'asp_T6W30']",0.10188085732304364,0.15982260829480693,98.0,0.1308517328089253,0.02897087548588165,0.1452563864675322,1.9844674545084815,1.4088852024515006,1.4514832927117656,98.0,1.430184247581633,0.021299045130132383,0.10679077794247635,1.9844674545084815,completed,True,COMPLETE
149,1.0691225985343633,2026-06-12 18:47:17.804403,2026-06-12 18:47:20.135659,0 days 00:00:02.331256,,,,,,,,,,,,,,0.07691294373283446,QuantileRegressor,,,,,,2,,,,,,,,False,,,,,,,,,-1.3387573673695956e-17,4.4160744848058e-18,98.0,-4.485749594445077e-18,8.901824079250878e-18,4.4632644924789677e-17,1.9844674545084815,1.0575870578016928,1.0806581392670338,98.0,1.0691225985343633,0.011535540732670515,0.05783777447779657,1.9844674545084815,378756762949842.25,482894502655208.6,98.0,430825632802525.44,52068869852683.18,261066873382366.97,1.9844674545084815,3.0,3.0,98.0,3.0,2.1915894039307437e-17,1.098835820790608e-16,1.9844674545084815,1.0,1.0,98.0,1.0,2.1915894039307437e-17,1.098835820790608e-16,1.9844674545084815,99.0,0.9191919191919192,-0.004402232239554242,-0.002812910014847294,98.0,-0.003607571127200768,0.0007946611123534741,0.00398433253088908,1.9844674545084815,QuantileRegressor,"{'mode': 'original', 'type': 'QuantileRegressor'}",2,"['diameter_T6W30', 'asp_T6W30']",,,,,,,,1.3817940130923385,1.413236739470511,98.0,1.3975153762814247,0.01572136318908618,0.07882497055717957,1.9844674545084815,completed,False,COMPLETE
150,1.1560352021578761,2026-06-12 18:47:20.148244,2026-06-12 18:47:21.950053,0 days 00:00:01.801809,,,,,,,,,,,minkowski,14.0,distance,,KNeighborsRegressor,,,,,,5,,,,,4.640245341028812,0.005295913488374811,LinearSVR,,,,,,,,,,-0.09023935481030154,-0.0724707413204971,98.0,-0.08135504806539932,0.008884306744902225,0.0445448151769704,1.9844674545084815,1.1407081948916273,1.171362209424125,98.0,1.1560352021578761,0.015327007266248915,0.07684771873538615,1.9844674545084815,374752971596860.0,481033928547121.1,98.0,427893450071990.56,53140478475130.57,266439786475035.34,1.9844674545084815,3.3597252181903103,3.4531848684420954,98.0,3.406455043316203,0.04672982512589249,0.23429756347386638,1.9844674545084815,1.0027618063386134,1.0454267617521544,98.0,1.024094284045384,0.021332477706770582,0.10695840474668288,1.9844674545084815,99.0,0.8585858585858586,-0.09838670338283498,-0.06692234076990666,98.0,-0.08265452207637082,0.01573218130646416,0.07887921125969037,1.9844674545084815,KNeighborsRegressor,"{'mode': 'proxy', 'type': 'LinearSVR'}",5,"['nodes_T6W30', 'pe_T6W30', 'l2_T6W30', 'lcc_T6W30', 'atd_T6W30']",-0.024324812976086976,0.022961025269752924,98.0,-0.000681893853167025,0.02364291912291995,0.11854267224382274,1.9844674545084815,1.4317695668274393,1.469017177013483,98.0,1.4503933719204611,0.018623805093021754,0.0933774552793994,1.9844674545084815,completed,True,COMPLETE
151,1.1210448015027998,2026-06-12 18:47:21.964380,2026-06-12 18:47:40.450836,0 days 00:00:18.486456,,,,,,,,,,,,,,,RandomForestRegressor,4.0,sqrt,4.0,2.0,205.0,6,,,,,,,,False,,,,,,,,,-0.05862197998188663,-0.03916396477993353,98.0,-0.04889297238091008,0.009729007600976551,0.04878004079378623,1.9844674545084815,1.106217456364474,1.1358721466411257,98.0,1.1210448015027998,0.014827345138325856,0.07434247462593038,1.9844674545084815,347616077569024.7,446816208688344.3,98.0,397216143128684.5,49600065559659.836,248688594007452.62,1.9844674545084815,3.183126245618763,3.262372557281734,98.0,3.2227494014502485,0.039623155831485644,0.19866560260929503,1.9844674545084815,0.9766412246187872,1.0156466629649523,98.0,0.9961439437918698,0.019502719173082574,0.09778422176967294,1.9844674545084815,99.0,0.5353535353535354,-0.041043878607727596,-0.010207400281248422,98.0,-0.025625639444488008,0.015418239163239585,0.07730514418301893,1.9844674545084815,RandomForestRegressor,"{'mode': 'original', 'type': 'RandomForestRegressor'}",6,"['re_T6W30', 'pe_T6W30', 'l2_T6W30', 'lcc_T6W30', 'lsc_T6W30', 'diameter_T6W30']",0.0684698980625344,0.12163193099037803,98.0,0.09505091452645621,0.02658101646392181,0.13327392891750442,1.9844674545084815,1.3944150154610273,1.427764452388104,98.0,1.4110897339245656,0.01667471846353827,0.083604975988985,1.9844674545084815,completed,False,COMPLETE
