number,value,datetime_start,datetime_complete,duration,params_dt_max_depth,params_dt_min_samples_leaf,params_dt_min_samples_split,params_elastic_alpha,params_elastic_l1_ratio,params_et_max_depth,params_et_max_features,params_et_min_samples_leaf,params_et_min_samples_split,params_et_n_estimators,params_knn_metric,params_knn_n_neighbors,params_knn_weights,params_quantile_alpha,params_regressor,params_rf_max_depth,params_rf_max_features,params_rf_min_samples_leaf,params_rf_min_samples_split,params_rf_n_estimators,params_rfe_n_features,params_rfe_proxy_et_max_depth,params_rfe_proxy_et_min_samples_leaf,params_rfe_proxy_et_min_samples_split,params_rfe_proxy_et_n_estimators,params_rfe_proxy_lsvr_C,params_rfe_proxy_lsvr_epsilon,params_rfe_proxy_type,params_use_scaler,params_xgb_booster,params_xgb_colsample_bytree,params_xgb_learning_rate,params_xgb_max_depth,params_xgb_n_estimators,params_xgb_reg_alpha,params_xgb_reg_lambda,params_xgb_subsample,user_attrs_d2mae_ci_lower_val,user_attrs_d2mae_ci_upper_val,user_attrs_d2mae_df_val,user_attrs_d2mae_mean_val,user_attrs_d2mae_samperror_val,user_attrs_d2mae_std_val,user_attrs_d2mae_t_critical_val,user_attrs_mae_ci_lower_val,user_attrs_mae_ci_upper_val,user_attrs_mae_df_val,user_attrs_mae_mean_val,user_attrs_mae_samperror_val,user_attrs_mae_std_val,user_attrs_mae_t_critical_val,user_attrs_mape_ci_lower_val,user_attrs_mape_ci_upper_val,user_attrs_mape_df_val,user_attrs_mape_mean_val,user_attrs_mape_samperror_val,user_attrs_mape_std_val,user_attrs_mape_t_critical_val,user_attrs_max_error_ci_lower_val,user_attrs_max_error_ci_upper_val,user_attrs_max_error_df_val,user_attrs_max_error_mean_val,user_attrs_max_error_samperror_val,user_attrs_max_error_std_val,user_attrs_max_error_t_critical_val,user_attrs_median_ae_ci_lower_val,user_attrs_median_ae_ci_upper_val,user_attrs_median_ae_df_val,user_attrs_median_ae_mean_val,user_attrs_median_ae_samperror_val,user_attrs_median_ae_std_val,user_attrs_median_ae_t_critical_val,user_attrs_n_splits_val,user_attrs_r2_below_zero_val,user_attrs_r2_ci_lower_val,user_attrs_r2_ci_upper_val,user_attrs_r2_df_val,user_attrs_r2_mean_val,user_attrs_r2_samperror_val,user_attrs_r2_std_val,user_attrs_r2_t_critical_val,user_attrs_regressor_final,user_attrs_rfe_estimator,user_attrs_rfe_n_features,user_attrs_rfe_selected_features,user_attrs_rho_ci_lower_val,user_attrs_rho_ci_upper_val,user_attrs_rho_df_val,user_attrs_rho_mean_val,user_attrs_rho_samperror_val,user_attrs_rho_std_val,user_attrs_rho_t_critical_val,user_attrs_rmse_ci_lower_val,user_attrs_rmse_ci_upper_val,user_attrs_rmse_df_val,user_attrs_rmse_mean_val,user_attrs_rmse_samperror_val,user_attrs_rmse_std_val,user_attrs_rmse_t_critical_val,user_attrs_termination_reason,user_attrs_use_scaler_final,state
52,1.0882236055629892,2026-06-12 18:37:18.650762,2026-06-12 18:37:21.073567,0 days 00:00:02.422805,,,,,,,,,,,,,,,XGBRegressor,,,,,,2,,,,,,,,False,gblinear,0.6025698202410036,0.0033110184908801267,8.0,80.0,5.202229242282237e-07,2.1327846708235122e-08,0.9490271447203569,-0.01916961633561923,-0.016938981255834627,98.0,-0.01805429879572693,0.0011153175398923019,0.005592064198666146,1.9844674545084815,1.077215672318897,1.0992315388070815,98.0,1.0882236055629892,0.011007933244092261,0.05519241578639509,1.9844674545084815,367857008551300.44,469706623707635.3,98.0,418781816129467.9,50924807578167.46,255330686639547.8,1.9844674545084815,3.080945307314944,3.0952425258352836,98.0,3.088093916575114,0.007148609260169821,0.035842242665626044,1.9844674545084815,0.9270537942219315,0.9471823993482922,98.0,0.9371180967851118,0.010064302563180362,0.05046116826382862,1.9844674545084815,99.0,0.7171717171717171,-0.003933916059406367,-0.002248802508245148,98.0,-0.0030913592838257577,0.0008425567755806096,0.004224475462407667,1.9844674545084815,XGBRegressor,"{'mode': 'original', 'type': 'XGBRegressor'}",2,"['pe_T6W30', 'l1_T6W30']",-0.026952266120229877,0.021091093082061696,98.0,-0.002930586519084092,0.024021679601145787,0.12044173043523333,1.9844674545084815,1.3817255750461868,1.412364552232088,98.0,1.3970450636391374,0.015319488592950585,0.07681002103740399,1.9844674545084815,completed,False,COMPLETE
53,1.1154073379545135,2026-06-12 18:37:21.086483,2026-06-12 18:37:23.599095,0 days 00:00:02.512612,,,,,,,,,,,,,,,LinearRegression,,,,,,6,,,,,,,,False,,,,,,,,,-0.051644961331340215,-0.03558943272352252,98.0,-0.043617197027431366,0.008027764303908851,0.04025021731797889,1.9844674545084815,1.101866131599812,1.128948544309215,98.0,1.1154073379545135,0.013541206354701683,0.0678939338389584,1.9844674545084815,369645984446892.3,473117032785631.8,98.0,421381508616262.06,51735524169369.77,259395519355587.5,1.9844674545084815,3.2253998967062656,3.435616687248253,98.0,3.3305082919772593,0.10510839527099369,0.5270004937167319,1.9844674545084815,0.9807347132507174,1.0080958981350843,98.0,0.9944153056929008,0.013680592442183438,0.06859279844183565,1.9844674545084815,99.0,0.6262626262626263,-0.051333270390820626,-0.019736052103359682,98.0,-0.035534661247090156,0.015798609143730474,0.07921227221971763,1.9844674545084815,LinearRegression,"{'mode': 'original', 'type': 'LinearRegression'}",6,"['edges_T6W30', 're_T6W30', 'l1_T6W30', 'l2_T6W30', 'atd_T6W30', 'density_T6W30']",0.045872720355449335,0.09907952145452706,98.0,0.0724761209049882,0.026603400549538865,0.13338615995424674,1.9844674545084815,1.4008953129506698,1.4349976501264907,98.0,1.4179464815385803,0.01705116858791047,0.08549245035192604,1.9844674545084815,completed,False,COMPLETE
54,1.2023773832792781,2026-06-12 18:37:23.636939,2026-06-12 18:37:26.415338,0 days 00:00:02.778399,,,,,,,,,,,minkowski,5.0,distance,,KNeighborsRegressor,,,,,,4,,,,,0.008968733598183252,0.00024989960578908907,LinearSVR,,,,,,,,,,-0.14218575917313933,-0.10907774071829983,98.0,-0.12563174994571957,0.016554009227419748,0.08299975480882504,1.9844674545084815,1.183113938567507,1.2216408279910493,98.0,1.2023773832792781,0.01926344471177123,0.09658452921495574,1.9844674545084815,371597968566553.6,482026328936366.0,98.0,426812148751459.8,55214180184906.19,276837070365207.75,1.9844674545084815,3.7572075333840456,3.925128668101471,98.0,3.8411681007427583,0.08396056735871262,0.42096790020149033,1.9844674545084815,0.9581069774434176,1.0108580959819338,98.0,0.9844825367126756,0.026375559269258077,0.13224379195512115,1.9844674545084815,99.0,0.898989898989899,-0.22147070638697525,-0.15889472185374082,98.0,-0.19018271412035803,0.0312879922666172,0.15687412341707485,1.9844674545084815,KNeighborsRegressor,"{'mode': 'proxy', 'type': 'LinearSVR'}",4,"['edges_T6W30', 'pe_T6W30', 'lcc_T6W30', 'diameter_T6W30']",0.041892136728746546,0.09498401927582621,98.0,0.06843807800228638,0.02654594127353983,0.13309806625115075,1.9844674545084815,1.4949865500032722,1.5392004833400597,98.0,1.517093516671666,0.022106966668393787,0.11084159660877219,1.9844674545084815,completed,True,COMPLETE
55,1.0794847647160157,2026-06-12 18:37:26.430552,2026-06-12 18:37:32.317433,0 days 00:00:05.886881,,,,,,,,,,,,,,,XGBRegressor,,,,,,6,,,,,,,,False,gbtree,0.7107122752962489,0.0028147353837328012,2.0,143.0,1.0815470066957966,0.22750558138165483,0.7915207804848461,-0.012171842663158483,-0.007315528772800407,98.0,-0.009743685717979445,0.0024281569451790382,0.012174478600228435,1.9844674545084815,1.0677841703197575,1.091185359112274,98.0,1.0794847647160157,0.011700594396258174,0.058665333132613705,1.9844674545084815,366384667725690.56,468323790812964.2,98.0,417354229269327.4,50969561543636.79,255555077487084.88,1.9844674545084815,3.0966595940653137,3.1284695864190346,98.0,3.112564590242174,0.01590499617686046,0.07974568364551299,1.9844674545084815,0.9841666179039754,0.9960393466564852,98.0,0.9901029822802303,0.005936364376254903,0.029764196752341647,1.9844674545084815,99.0,0.41414141414141414,-0.0017620785939855207,0.005952084505471837,98.0,0.002095002955743158,0.003857081549728679,0.01933892983307359,1.9844674545084815,XGBRegressor,"{'mode': 'original', 'type': 'XGBRegressor'}",6,"['edges_T6W30', 're_T6W30', 'pe_T6W30', 'l2_T6W30', 'lsc_T6W30', 'diameter_T6W30']",0.05818883190713131,0.11377096042373419,98.0,0.08597989616543275,0.027791064258301443,0.13934095889560258,1.9844674545084815,1.3779727803387978,1.4086917442722369,98.0,1.3933322623055173,0.015359481966719634,0.07701054286696239,1.9844674545084815,completed,False,COMPLETE
56,1.1097461956016945,2026-06-12 18:37:32.330056,2026-06-12 18:37:35.574745,0 days 00:00:03.244689,,,,,,,,,,,,,,,XGBRegressor,,,,,,5,,,,,,,,True,gblinear,0.7126067522346167,0.1644047400164349,6.0,441.0,1.5930293410397775e-08,2.6187632305518894e-06,0.8999276279736577,-0.045651569760090806,-0.030995962597863667,98.0,-0.03832376617897724,0.00732780358111357,0.03674070082746092,1.9844674545084815,1.0966531730246967,1.1228392181786924,98.0,1.1097461956016945,0.01309302257699795,0.06564679581048087,1.9844674545084815,351811751890205.4,451734506357059.25,98.0,401773129123632.3,49961377233426.96,250500166051436.03,1.9844674545084815,3.1823903626865793,3.280959191587238,98.0,3.2316747771369085,0.049284414450329224,0.24710595838609636,1.9844674545084815,0.9654723584771587,0.9897913573246582,98.0,0.9776318579009085,0.01215949942374971,0.0609662261814858,1.9844674545084815,99.0,0.45454545454545453,-0.024764248820437637,-0.001292544320552107,98.0,-0.013028396570494873,0.011735852249942766,0.05884211165017423,1.9844674545084815,XGBRegressor,"{'mode': 'original', 'type': 'XGBRegressor'}",5,"['pe_T6W30', 'l2_T6W30', 'density_T6W30', 'diameter_T6W30', 'asp_T6W30']",0.07077821874347175,0.1224290246883283,98.0,0.09660362171590002,0.02582540297242827,0.12948537632806145,1.9844674545084815,1.3869845525895932,1.419024835110125,98.0,1.403004693849859,0.016020141260265956,0.08032300685216359,1.9844674545084815,completed,True,COMPLETE
57,1.0842341479721116,2026-06-12 18:37:35.591910,2026-06-12 18:37:38.004533,0 days 00:00:02.412623,,,,,,,,,,,,,,0.0023457196365169446,QuantileRegressor,,,,,,8,,,,,,,,False,,,,,,,,,-0.020442600369038336,-0.007864138034818488,98.0,-0.014153369201928412,0.006289231167109923,0.0315334271978963,1.9844674545084815,1.0708635396251962,1.097604756319027,98.0,1.0842341479721116,0.013370608346915367,0.06703857652807298,1.9844674545084815,378059509572184.94,481814338847294.44,98.0,429936924209739.7,51877414637554.74,260106940613560.1,1.9844674545084815,3.0476053611542975,3.1536188173885025,98.0,3.1006120892714,0.05300672811710241,0.26576917872259176,1.9844674545084815,0.998473961920574,1.010069870686309,98.0,1.0042719163034415,0.005797954382867479,0.029070226164526657,1.9844674545084815,99.0,0.898989898989899,-0.026655015606473265,-0.008621727584045981,98.0,-0.017638371595259623,0.009016644011213642,0.0452083378623223,1.9844674545084815,QuantileRegressor,"{'mode': 'original', 'type': 'QuantileRegressor'}",8,"['l2_T6W30', 'l3_T6W30', 'lcc_T6W30', 'lsc_T6W30', 'atd_T6W30', 'density_T6W30', 'diameter_T6W30', 'asp_T6W30']",-0.05368717550513628,0.04002808298049388,28.0,-0.0068295462623212,0.04685762924281508,0.12318647538155642,2.0484071417952454,1.3902770388082686,1.4234241735153554,98.0,1.406850606161812,0.016573567353543452,0.0830978168341922,1.9844674545084815,completed,False,COMPLETE
58,1.1160930572695278,2026-06-12 18:37:38.017801,2026-06-12 18:37:40.046521,0 days 00:00:02.028720,,,,,,,,,,,euclidean,13.0,uniform,,KNeighborsRegressor,,,,,,4,10.0,4.0,2.0,30.0,,,ExtraTrees,,,,,,,,,,-0.05457540027825962,-0.033632830138130385,98.0,-0.044104115208195,0.010471285070064614,0.052501728216333796,1.9844674545084815,1.100238323205156,1.1319477913338996,98.0,1.1160930572695278,0.015854734064371746,0.07949367563008751,1.9844674545084815,337723315845279.3,434181186309269.56,98.0,385952251077274.44,48228935231995.11,241813916130711.16,1.9844674545084815,3.123575108548415,3.2338452488719436,98.0,3.1787101787101792,0.055135070161764256,0.27644042249377704,1.9844674545084815,0.9854673697806247,1.0316266473133924,98.0,1.0085470085470085,0.023079638766383845,0.11571845420462504,1.9844674545084815,99.0,0.42424242424242425,-0.012511027810167137,0.021030594705397712,98.0,0.0042597834476152865,0.016770811257782424,0.08408677337423406,1.9844674545084815,KNeighborsRegressor,"{'mode': 'proxy', 'type': 'ExtraTrees'}",4,"['re_T6W30', 'pe_T6W30', 'l3_T6W30', 'lsc_T6W30']",0.12041898924946631,0.1754571256865728,98.0,0.14793805746801955,0.027519068218553235,0.13797720439372163,1.9844674545084815,1.3725604295617455,1.4079044539881902,98.0,1.3902324417749679,0.017672012213222284,0.08860528350113982,1.9844674545084815,completed,True,COMPLETE
59,1.0976207292682725,2026-06-12 18:37:40.060442,2026-06-12 18:37:54.203291,0 days 00:00:14.142849,,,,,,,,,,,,,,,RandomForestRegressor,2.0,,3.0,4.0,146.0,6,,,,,,,,True,,,,,,,,,-0.03503248067507204,-0.01869101592441475,98.0,-0.026861748299743395,0.008170732375328641,0.04096704154528922,1.9844674545084815,1.0836886741580052,1.1115527843785398,98.0,1.0976207292682725,0.013932055110267303,0.06985360115783044,1.9844674545084815,353525127180140.25,454006878837999.25,98.0,403766003009069.75,50240875828929.53,251901537439927.16,1.9844674545084815,3.1475177877575717,3.2341171689920696,98.0,3.1908174783748207,0.04329969061724897,0.21709929329849828,1.9844674545084815,0.974824611814025,1.005348953155383,98.0,0.9900867824847039,0.015262170670678924,0.07652263606441394,1.9844674545084815,99.0,0.4444444444444444,-0.017269116263097857,0.00913159509051086,98.0,-0.0040687605862934975,0.013200355676804358,0.06618495069757897,1.9844674545084815,RandomForestRegressor,"{'mode': 'original', 'type': 'RandomForestRegressor'}",6,"['edges_T6W30', 're_T6W30', 'pe_T6W30', 'l3_T6W30', 'lsc_T6W30', 'diameter_T6W30']",0.08295512169328095,0.1383819724378831,98.0,0.11066854706558203,0.027713425372301075,0.1389516871238443,1.9844674545084815,1.3802613925016802,1.4128830947734665,98.0,1.3965722436375734,0.01631085113589324,0.08178059021254991,1.9844674545084815,completed,True,COMPLETE
60,1.1271032925660038,2026-06-12 18:37:54.216185,2026-06-12 18:37:57.032157,0 days 00:00:02.815972,,,,,,,,,,,,,,,LinearRegression,,,,,,10,,,,,,,,True,,,,,,,,,-0.06374438737989918,-0.04574153790222991,98.0,-0.05474296264106455,0.00900142473883464,0.04513203031298656,1.9844674545084815,1.1133905713508065,1.1408160137812011,98.0,1.1271032925660038,0.013712721215197253,0.06875388813592849,1.9844674545084815,352179860830913.0,452382020497175.75,98.0,402280940664044.4,50101079833131.37,251200617607450.34,1.9844674545084815,3.321048408243278,3.562012463571191,98.0,3.4415304359072345,0.12048202766395656,0.6040819850707039,1.9844674545084815,0.9519651611658063,0.9905530986651586,98.0,0.9712591299154825,0.01929396874967617,0.0967375729656919,1.9844674545084815,99.0,0.5858585858585859,-0.05567132180486199,-0.019368799831759542,98.0,-0.03752006081831077,0.018151260986551225,0.09100817757545539,1.9844674545084815,LinearRegression,"{'mode': 'original', 'type': 'LinearRegression'}",10,"['nodes_T6W30', 'edges_T6W30', 're_T6W30', 'pe_T6W30', 'l1_T6W30', 'l2_T6W30', 'atd_T6W30', 'density_T6W30', 'diameter_T6W30', 'asp_T6W30']",0.11400807336797637,0.16080425331124387,98.0,0.13740616333961012,0.023398089971633743,0.11731512916059497,1.9844674545084815,1.4013161801524407,1.436296912614192,98.0,1.4188065463833164,0.017490366230875715,0.08769453301226121,1.9844674545084815,completed,True,COMPLETE
61,1.2501065492241963,2026-06-12 18:37:57.044552,2026-06-12 18:37:57.244025,0 days 00:00:00.199473,18.0,5.0,15.0,,,,,,,,,,,,DecisionTreeRegressor,,,,,,9,,,,,,,,False,,,,,,,,,,,,,,,,,,,,,,,,,,,,,,,,,,,,,,,,,,,,,,,,,,,,,DecisionTreeRegressor,"{'mode': 'original', 'type': 'DecisionTreeRegressor'}",9,"['nodes_T6W30', 're_T6W30', 'pe_T6W30', 'l1_T6W30', 'l2_T6W30', 'l3_T6W30', 'lsc_T6W30', 'density_T6W30', 'asp_T6W30']",,,,,,,,,,,,,,,pruned,False,PRUNED
62,1.1309830329438173,2026-06-12 18:37:57.253587,2026-06-12 18:37:59.849530,0 days 00:00:02.595943,,,,,,,,,,,manhattan,15.0,uniform,,KNeighborsRegressor,,,,,,12,12.0,3.0,12.0,80.0,,,ExtraTrees,,,,,,,,,,-0.06753919936202671,-0.04820527645474938,98.0,-0.057872237908388045,0.009666961453638661,0.04846894908511742,1.9844674545084815,1.1150506128286577,1.146915453058977,98.0,1.1309830329438173,0.015932420115159645,0.07988318388025699,1.9844674545084815,374334214013452.56,479110849062026.56,98.0,426722531537739.56,52388317524287.016,262668544497389.16,1.9844674545084815,3.242662287511248,3.3553175104685504,98.0,3.298989898989899,0.05632761147865149,0.28241967715899036,1.9844674545084815,0.9833707232914777,1.0260568861361317,98.0,1.0047138047138047,0.021343081422326972,0.1070115704649782,1.9844674545084815,99.0,0.6262626262626263,-0.046431727720414914,-0.012800298569745294,98.0,-0.029616013145080104,0.01681571457533481,0.0843119130546432,1.9844674545084815,KNeighborsRegressor,"{'mode': 'proxy', 'type': 'ExtraTrees'}",12,"['nodes_T6W30', 'edges_T6W30', 're_T6W30', 'pe_T6W30', 'l2_T6W30', 'l3_T6W30', 'lcc_T6W30', 'lsc_T6W30', 'atd_T6W30', 'density_T6W30', 'diameter_T6W30', 'asp_T6W30']",0.06318406855061244,0.12075258395911258,98.0,0.09196832625486251,0.028784257704250072,0.144320707991968,1.9844674545084815,1.3956005125619981,1.4323376808713415,98.0,1.4139690967166698,0.01836858415467165,0.09209780906112564,1.9844674545084815,completed,True,COMPLETE
63,1.1271032925660038,2026-06-12 18:37:59.864112,2026-06-12 18:38:01.696222,0 days 00:00:01.832110,,,,,,,,,,,,,,,LinearRegression,,,,,,10,,,,,,,,True,,,,,,,,,-0.06374438737989918,-0.04574153790222991,98.0,-0.05474296264106455,0.00900142473883464,0.04513203031298656,1.9844674545084815,1.1133905713508065,1.1408160137812011,98.0,1.1271032925660038,0.013712721215197253,0.06875388813592849,1.9844674545084815,352179860830913.0,452382020497175.75,98.0,402280940664044.4,50101079833131.37,251200617607450.34,1.9844674545084815,3.321048408243278,3.562012463571191,98.0,3.4415304359072345,0.12048202766395656,0.6040819850707039,1.9844674545084815,0.9519651611658063,0.9905530986651586,98.0,0.9712591299154825,0.01929396874967617,0.0967375729656919,1.9844674545084815,99.0,0.5858585858585859,-0.05567132180486199,-0.019368799831759542,98.0,-0.03752006081831077,0.018151260986551225,0.09100817757545539,1.9844674545084815,LinearRegression,"{'mode': 'original', 'type': 'LinearRegression'}",10,"['nodes_T6W30', 'edges_T6W30', 're_T6W30', 'pe_T6W30', 'l1_T6W30', 'l2_T6W30', 'atd_T6W30', 'density_T6W30', 'diameter_T6W30', 'asp_T6W30']",0.11400807336797637,0.16080425331124387,98.0,0.13740616333961012,0.023398089971633743,0.11731512916059497,1.9844674545084815,1.4013161801524407,1.436296912614192,98.0,1.4188065463833164,0.017490366230875715,0.08769453301226121,1.9844674545084815,completed,True,COMPLETE
64,1.378152596616649,2026-06-12 18:38:01.712938,2026-06-12 18:38:03.732668,0 days 00:00:02.019730,18.0,5.0,2.0,,,,,,,,,,,,DecisionTreeRegressor,,,,,,8,,,,,,,,True,,,,,,,,,-0.3142678630664965,-0.26435512535544764,98.0,-0.2893114942109721,0.024956368855524443,0.12512814675106887,1.9844674545084815,1.348359196085671,1.4079459971476271,98.0,1.378152596616649,0.029793400530978148,0.14938042531088666,1.9844674545084815,347633132802963.5,463185975052268.0,98.0,405409553927615.75,57776421124652.25,289683829530220.3,1.9844674545084815,4.067105247393598,4.296835749880732,98.0,4.181970498637165,0.11486525124356761,0.5759201628013237,1.9844674545084815,1.1458816279623065,1.226043977296632,98.0,1.1859628026294693,0.04008117466716275,0.20096205240201687,1.9844674545084815,99.0,1.0,-0.5730986161942484,-0.4693670517711155,98.0,-0.5212328339826819,0.05186578221156645,0.2600486170683938,1.9844674545084815,DecisionTreeRegressor,"{'mode': 'original', 'type': 'DecisionTreeRegressor'}",8,"['re_T6W30', 'pe_T6W30', 'l1_T6W30', 'l2_T6W30', 'l3_T6W30', 'lcc_T6W30', 'lsc_T6W30', 'diameter_T6W30']",0.012571385491633731,0.07062140080367885,98.0,0.04159639314765629,0.02902500765602256,0.14552779847336358,1.9844674545084815,1.6803850682301973,1.7464014032392456,98.0,1.7133932357347215,0.033008167504524136,0.16549886930268184,1.9844674545084815,completed,True,COMPLETE
65,1.0691225985343633,2026-06-12 18:38:03.780717,2026-06-12 18:38:06.135865,0 days 00:00:02.355148,,,,,,,,,,,,,,0.6940121430516972,QuantileRegressor,,,,,,7,,,,,,,,False,,,,,,,,,0.0,0.0,98.0,0.0,0.0,0.0,1.9844674545084815,1.0575870578016928,1.0806581392670338,98.0,1.0691225985343633,0.011535540732670515,0.05783777447779657,1.9844674545084815,378756762949842.25,482894502655208.6,98.0,430825632802525.44,52068869852683.18,261066873382366.97,1.9844674545084815,3.0,3.0,98.0,3.0,0.0,0.0,1.9844674545084815,1.0,1.0,98.0,1.0,0.0,0.0,1.9844674545084815,99.0,0.9191919191919192,-0.004402232239554242,-0.002812910014847294,98.0,-0.003607571127200768,0.0007946611123534741,0.00398433253088908,1.9844674545084815,QuantileRegressor,"{'mode': 'original', 'type': 'QuantileRegressor'}",7,"['l3_T6W30', 'lcc_T6W30', 'lsc_T6W30', 'atd_T6W30', 'density_T6W30', 'diameter_T6W30', 'asp_T6W30']",,,,,,,,1.3817940130923385,1.413236739470511,98.0,1.3975153762814247,0.01572136318908618,0.07882497055717957,1.9844674545084815,completed,False,COMPLETE
