number,value,datetime_start,datetime_complete,duration,params_dt_max_depth,params_dt_min_samples_leaf,params_dt_min_samples_split,params_elastic_alpha,params_elastic_l1_ratio,params_et_max_depth,params_et_max_features,params_et_min_samples_leaf,params_et_min_samples_split,params_et_n_estimators,params_knn_metric,params_knn_n_neighbors,params_knn_weights,params_quantile_alpha,params_regressor,params_rf_max_depth,params_rf_max_features,params_rf_min_samples_leaf,params_rf_min_samples_split,params_rf_n_estimators,params_rfe_n_features,params_rfe_proxy_et_max_depth,params_rfe_proxy_et_min_samples_leaf,params_rfe_proxy_et_min_samples_split,params_rfe_proxy_et_n_estimators,params_rfe_proxy_lsvr_C,params_rfe_proxy_lsvr_epsilon,params_rfe_proxy_type,params_use_scaler,params_xgb_booster,params_xgb_colsample_bytree,params_xgb_learning_rate,params_xgb_max_depth,params_xgb_n_estimators,params_xgb_reg_alpha,params_xgb_reg_lambda,params_xgb_subsample,user_attrs_d2mae_ci_lower_val,user_attrs_d2mae_ci_upper_val,user_attrs_d2mae_df_val,user_attrs_d2mae_mean_val,user_attrs_d2mae_samperror_val,user_attrs_d2mae_std_val,user_attrs_d2mae_t_critical_val,user_attrs_mae_ci_lower_val,user_attrs_mae_ci_upper_val,user_attrs_mae_df_val,user_attrs_mae_mean_val,user_attrs_mae_samperror_val,user_attrs_mae_std_val,user_attrs_mae_t_critical_val,user_attrs_mape_ci_lower_val,user_attrs_mape_ci_upper_val,user_attrs_mape_df_val,user_attrs_mape_mean_val,user_attrs_mape_samperror_val,user_attrs_mape_std_val,user_attrs_mape_t_critical_val,user_attrs_max_error_ci_lower_val,user_attrs_max_error_ci_upper_val,user_attrs_max_error_df_val,user_attrs_max_error_mean_val,user_attrs_max_error_samperror_val,user_attrs_max_error_std_val,user_attrs_max_error_t_critical_val,user_attrs_median_ae_ci_lower_val,user_attrs_median_ae_ci_upper_val,user_attrs_median_ae_df_val,user_attrs_median_ae_mean_val,user_attrs_median_ae_samperror_val,user_attrs_median_ae_std_val,user_attrs_median_ae_t_critical_val,user_attrs_n_splits_val,user_attrs_r2_below_zero_val,user_attrs_r2_ci_lower_val,user_attrs_r2_ci_upper_val,user_attrs_r2_df_val,user_attrs_r2_mean_val,user_attrs_r2_samperror_val,user_attrs_r2_std_val,user_attrs_r2_t_critical_val,user_attrs_regressor_final,user_attrs_rfe_estimator,user_attrs_rfe_n_features,user_attrs_rfe_selected_features,user_attrs_rho_ci_lower_val,user_attrs_rho_ci_upper_val,user_attrs_rho_df_val,user_attrs_rho_mean_val,user_attrs_rho_samperror_val,user_attrs_rho_std_val,user_attrs_rho_t_critical_val,user_attrs_rmse_ci_lower_val,user_attrs_rmse_ci_upper_val,user_attrs_rmse_df_val,user_attrs_rmse_mean_val,user_attrs_rmse_samperror_val,user_attrs_rmse_std_val,user_attrs_rmse_t_critical_val,user_attrs_termination_reason,user_attrs_use_scaler_final,state
246,1.1084990516462805,2026-06-12 19:00:04.716165,2026-06-12 19:00:06.562160,0 days 00:00:01.845995,,,,0.0012983159593181188,0.3072164170212709,,,,,,,,,,ElasticNet,,,,,,8,,,,,,,,False,,,,,,,,,-0.04485999027148577,-0.029388646564704662,98.0,-0.037124318418095215,0.007735671853390551,0.03878570189809069,1.9844674545084815,1.0950329172273945,1.1219651860651665,98.0,1.1084990516462805,0.013466134418886003,0.0675175324379368,1.9844674545084815,356732341809139.94,457273735966833.94,98.0,407003038887986.94,50270697078846.98,252051057498617.3,1.9844674545084815,3.3065834175903905,3.517381530486312,98.0,3.4119824740383513,0.1053990564479609,0.5284578329080597,1.9844674545084815,0.948561844131237,0.9800839501033144,98.0,0.9643228971172757,0.015761052986038707,0.07902397029012737,1.9844674545084815,99.0,0.5454545454545454,-0.03881772949868229,-0.007057673630118083,98.0,-0.022937701564400188,0.015880027934282104,0.07962049596538422,1.9844674545084815,ElasticNet,"{'mode': 'original', 'type': 'ElasticNet'}",8,"['edges_T6W30', 're_T6W30', 'pe_T6W30', 'l2_T6W30', 'lcc_T6W30', 'atd_T6W30', 'diameter_T6W30', 'asp_T6W30']",0.0969731238755088,0.1468637887365852,98.0,0.121918456306047,0.024945332430538206,0.12507281148121133,1.9844674545084815,1.3920546532115954,1.4265433804409038,98.0,1.4092990168262496,0.01724436361465428,0.08646110632098643,1.9844674545084815,completed,False,COMPLETE
247,1.2668491473237544,2026-06-12 19:00:06.575989,2026-06-12 19:00:06.728500,0 days 00:00:00.152511,,,,,,,,,,,euclidean,3.0,distance,,KNeighborsRegressor,,,,,,4,,,,,7.920678473390555,0.00034820752090989644,LinearSVR,,,,,,,,,,,,,,,,,,,,,,,,,,,,,,,,,,,,,,,,,,,,,,,,,,,,,,KNeighborsRegressor,"{'mode': 'proxy', 'type': 'LinearSVR'}",4,"['nodes_T6W30', 'pe_T6W30', 'lcc_T6W30', 'atd_T6W30']",,,,,,,,,,,,,,,pruned,True,PRUNED
248,1.0844478397419572,2026-06-12 19:00:06.741202,2026-06-12 19:00:08.400875,0 days 00:00:01.659673,,,,0.8646887143722551,0.3064328227033716,,,,,,,,,,ElasticNet,,,,,,2,,,,,,,,True,,,,,,,,,-0.015362925360866643,-0.013601939939541534,98.0,-0.014482432650204088,0.0008804927106625554,0.004414681548860102,1.9844674545084815,1.0733265229737856,1.0955691565101289,98.0,1.0844478397419572,0.011121316768171546,0.05576090675245988,1.9844674545084815,370261102803136.9,472582158246560.1,98.0,421421630524848.5,51160527721711.64,256512558284590.84,1.9844674545084815,3.0623906010794792,3.073713295024417,98.0,3.068051948051948,0.005661346972469041,0.028385293504868705,1.9844674545084815,0.933402966543196,0.9519649988247691,98.0,0.9426839826839826,0.009281016140786635,0.04653386702153648,1.9844674545084815,99.0,1.0,-0.003151138210298774,-0.0019109951987363633,98.0,-0.0025310667045175686,0.0006200715057812055,0.0031089618373857154,1.9844674545084815,ElasticNet,"{'mode': 'original', 'type': 'ElasticNet'}",2,"['diameter_T6W30', 'asp_T6W30']",,,,,,,,1.3812301907536824,1.4121686825828264,98.0,1.3966994366682544,0.015469245914571893,0.07756088572550665,1.9844674545084815,completed,True,COMPLETE
249,1.0772635832106312,2026-06-12 19:00:08.431440,2026-06-12 19:00:10.787536,0 days 00:00:02.356096,,,,,,,,,,,,,,0.00017900514722041515,QuantileRegressor,,,,,,7,,,,,,,,False,,,,,,,,,-0.013332960299041052,-0.0022139866617289228,98.0,-0.007773473480384987,0.005559486818656065,0.027874579292068664,1.9844674545084815,1.0648298497649302,1.0896973166563322,98.0,1.0772635832106312,0.012433733445701077,0.062341201649331976,1.9844674545084815,357504973762131.44,457659186327709.3,98.0,407582080044920.4,50077106282788.94,251080417191165.53,1.9844674545084815,3.250860438977299,3.385128649694996,98.0,3.3179945443361474,0.0671341053588484,0.3366021008895355,1.9844674545084815,0.9776110490582242,0.9947439459306031,98.0,0.9861774974944136,0.008566448436189493,0.04295111293090631,1.9844674545084815,99.0,0.494949494949495,-0.015246334173465473,0.005107038521520222,98.0,-0.005069647825972625,0.010176686347492848,0.05102464665835396,1.9844674545084815,QuantileRegressor,"{'mode': 'original', 'type': 'QuantileRegressor'}",7,"['nodes_T6W30', 'pe_T6W30', 'l2_T6W30', 'lcc_T6W30', 'atd_T6W30', 'diameter_T6W30', 'asp_T6W30']",0.07171674215043142,0.12590184787671385,94.0,0.09880929501357263,0.027092552863141214,0.1329954285428395,1.985523441866604,1.3818924942424797,1.4135563766193908,98.0,1.3977244354309353,0.01583194118845553,0.07937939496934582,1.9844674545084815,completed,False,COMPLETE
250,1.1438757321110262,2026-06-12 19:00:10.800209,2026-06-12 19:00:12.683427,0 days 00:00:01.883218,,,,,,,,,,,manhattan,7.0,uniform,,KNeighborsRegressor,,,,,,8,6.0,1.0,7.0,40.0,,,ExtraTrees,,,,,,,,,,-0.08282803185185764,-0.057226266733651554,98.0,-0.0700271492927546,0.012800882559103038,0.06418204189364964,1.9844674545084815,1.125622409881144,1.1621290543409084,98.0,1.1438757321110262,0.018253322229882213,0.09151990002622727,1.9844674545084815,362596265406316.5,466179219878399.75,98.0,414387742642358.1,51791477236041.61,259676061111410.1,1.9844674545084815,3.468832299426755,3.622076791482335,98.0,3.545454545454545,0.0766222460277902,0.3841744646773598,1.9844674545084815,0.9426138654425322,0.9967800739514072,98.0,0.9696969696969697,0.027083104254437527,0.1357913349991854,1.9844674545084815,99.0,0.7171717171717171,-0.08949017066371578,-0.04411481505850437,98.0,-0.06680249286111008,0.022687677802605704,0.11375321041133718,1.9844674545084815,KNeighborsRegressor,"{'mode': 'proxy', 'type': 'ExtraTrees'}",8,"['edges_T6W30', 're_T6W30', 'pe_T6W30', 'l2_T6W30', 'l3_T6W30', 'lcc_T6W30', 'lsc_T6W30', 'asp_T6W30']",0.1017398947023925,0.1546814359567296,98.0,0.12821066532956105,0.026470770627168537,0.13272116992761218,1.9844674545084815,1.4169076146128043,1.4599882479061157,98.0,1.43844793125946,0.021540316646655566,0.10800048348502297,1.9844674545084815,completed,True,COMPLETE
251,1.1231954529571517,2026-06-12 19:00:12.697944,2026-06-12 19:00:14.444593,0 days 00:00:01.746649,,,,,,,,,,,,,,,LinearRegression,,,,,,6,,,,,,,,True,,,,,,,,,-0.059557378351008314,-0.04244415174573776,98.0,-0.05100076504837304,0.008556613302635279,0.04290180078770902,1.9844674545084815,1.1095078639380624,1.136883041976241,98.0,1.1231954529571517,0.01368758901908928,0.06862787841308057,1.9844674545084815,355406852368631.5,455844656154002.0,98.0,405625754261316.75,50218901892685.27,251791362841411.38,1.9844674545084815,3.1757123455958136,3.254259471155876,98.0,3.2149859083758447,0.0392735627800312,0.1969127862881874,1.9844674545084815,0.9691734960551257,1.0055762522668585,98.0,0.9873748741609921,0.018201378105866427,0.09125945861304213,1.9844674545084815,99.0,0.5454545454545454,-0.037156265827194224,-0.008651546489326001,98.0,-0.02290390615826011,0.01425235966893411,0.07145956859860357,1.9844674545084815,LinearRegression,"{'mode': 'original', 'type': 'LinearRegression'}",6,"['nodes_T6W30', 'pe_T6W30', 'l2_T6W30', 'density_T6W30', 'diameter_T6W30', 'asp_T6W30']",0.07884377479024565,0.12981756405272907,98.0,0.10433066942148736,0.025486894631241708,0.12778813737324143,1.9844674545084815,1.393176232420473,1.4254977291969801,98.0,1.4093369808087266,0.016160748388253616,0.08102799360111491,1.9844674545084815,completed,True,COMPLETE
252,1.173817390106368,2026-06-12 19:00:14.457842,2026-06-12 19:00:16.363464,0 days 00:00:01.905622,,,,,,,,,,,euclidean,9.0,distance,,KNeighborsRegressor,,,,,,2,5.0,2.0,9.0,70.0,,,ExtraTrees,,,,,,,,,,-0.10987482869355944,-0.08622857725306582,98.0,-0.09805170297331263,0.01182312572024681,0.059279690035992254,1.9844674545084815,1.1562827653794792,1.1913520148332568,98.0,1.173817390106368,0.01753462472688885,0.0879164396372263,1.9844674545084815,318965122493713.44,413365187292482.3,98.0,366165154893097.9,47200032399384.44,236655124586283.44,1.9844674545084815,3.2449949676159595,3.362186670929215,98.0,3.3035908192725874,0.058595851656627986,0.2937923528675274,1.9844674545084815,0.9901555078612159,1.0372743327002065,98.0,1.0137149202807112,0.02355941241949529,0.11812397996125112,1.9844674545084815,99.0,0.7575757575757576,-0.10946563731562439,-0.06551780947723285,98.0,-0.08749172339642862,0.021973913919195773,0.1101744865807203,1.9844674545084815,KNeighborsRegressor,"{'mode': 'proxy', 'type': 'ExtraTrees'}",2,"['re_T6W30', 'pe_T6W30']",0.04619617235323044,0.09501371927598877,98.0,0.0706049458146096,0.024408773461379162,0.12238257117332803,1.9844674545084815,1.4326342519244684,1.471358424935789,98.0,1.4519963384301287,0.019362086505660354,0.09707910696915553,1.9844674545084815,completed,True,COMPLETE
253,1.1222131416103223,2026-06-12 19:00:16.376476,2026-06-12 19:00:16.500236,0 days 00:00:00.123760,,,,,,,,,,,,,,,LinearRegression,,,,,,9,,,,,,,,False,,,,,,,,,,,,,,,,,,,,,,,,,,,,,,,,,,,,,,,,,,,,,,,,,,,,,LinearRegression,"{'mode': 'original', 'type': 'LinearRegression'}",9,"['edges_T6W30', 're_T6W30', 'pe_T6W30', 'l1_T6W30', 'l2_T6W30', 'atd_T6W30', 'density_T6W30', 'diameter_T6W30', 'asp_T6W30']",,,,,,,,,,,,,,,pruned,False,PRUNED
254,1.3406660441954557,2026-06-12 19:00:16.509780,2026-06-12 19:00:16.677640,0 days 00:00:00.167860,16.0,5.0,2.0,,,,,,,,,,,,DecisionTreeRegressor,,,,,,2,,,,,,,,True,,,,,,,,,,,,,,,,,,,,,,,,,,,,,,,,,,,,,,,,,,,,,,,,,,,,,DecisionTreeRegressor,"{'mode': 'original', 'type': 'DecisionTreeRegressor'}",2,"['re_T6W30', 'lsc_T6W30']",,,,,,,,,,,,,,,pruned,True,PRUNED
255,1.0847934337153748,2026-06-12 19:00:16.693625,2026-06-12 19:00:18.403767,0 days 00:00:01.710142,,,,0.2339884881450403,0.8468872244289528,,,,,,,,,,ElasticNet,,,,,,5,,,,,,,,False,,,,,,,,,-0.01614547395146265,-0.013464091339820598,98.0,-0.014804782645641624,0.0013406913058210258,0.006722060386021256,1.9844674545084815,1.0736212755058585,1.0959655919248912,98.0,1.0847934337153748,0.011172158209516432,0.05601581945111676,1.9844674545084815,370981582098396.8,473770315244980.2,98.0,422375948671688.5,51394366573291.69,257684997364410.44,1.9844674545084815,3.0708474346080963,3.0856625458078466,98.0,3.0782549902079714,0.0074075555998753175,0.037140567585525155,1.9844674545084815,0.9497397519480044,0.9683293627279546,98.0,0.9590345573379795,0.009294805389975102,0.04660300461146513,1.9844674545084815,99.0,0.7777777777777778,-0.005827790802960645,-0.0018603037275177095,98.0,-0.003844047265239177,0.0019837435377214677,0.009946244741832658,1.9844674545084815,ElasticNet,"{'mode': 'original', 'type': 'ElasticNet'}",5,"['lsc_T6W30', 'atd_T6W30', 'density_T6W30', 'diameter_T6W30', 'asp_T6W30']",0.03161532501490167,0.09700826699992432,55.0,0.06431179600741299,0.03269647099251132,0.12209207421979922,2.0040447832891455,1.3821186541118373,1.4130415611785523,98.0,1.3975801076451948,0.015461453533357471,0.07752181568988635,1.9844674545084815,completed,False,COMPLETE
256,1.211716675019354,2026-06-12 19:00:18.416574,2026-06-12 19:00:32.707572,0 days 00:00:14.290998,,,,,,,,,,,,,,,XGBRegressor,,,,,,10,,,,,,,,False,gbtree,0.5299716504306542,0.07089301624794533,7.0,155.0,1.5092586963835046e-07,0.0028442823442350845,0.6093569444532696,-0.14977037066066118,-0.11838537183879028,98.0,-0.13407787124972573,0.01569249941093545,0.07868025114350433,1.9844674545084815,1.1923574128719652,1.2310759371667428,98.0,1.211716675019354,0.019359262147388784,0.09706494598610835,1.9844674545084815,355622883879505.3,468475703720124.06,98.0,412049293799814.7,56426409920309.36,282915040325727.9,1.9844674545084815,3.7823995367040237,4.0148602805157205,98.0,3.898629908609872,0.11623037190584838,0.5827647089591264,1.9844674545084815,1.0009932035441738,1.0626621993811058,98.0,1.0318277014626398,0.030834497918466083,0.15460035884520398,1.9844674545084815,99.0,0.9191919191919192,-0.2430319110702972,-0.18128715024189268,98.0,-0.21215953065609494,0.030872380414202257,0.15479029699338628,1.9844674545084815,XGBRegressor,"{'mode': 'original', 'type': 'XGBRegressor'}",10,"['pe_T6W30', 'l1_T6W30', 'l2_T6W30', 'l3_T6W30', 'lcc_T6W30', 'lsc_T6W30', 'atd_T6W30', 'density_T6W30', 'diameter_T6W30', 'asp_T6W30']",0.03059434446712254,0.08272824376786965,98.0,0.0566612941174961,0.026066949650373556,0.13069646149594558,1.9844674545084815,1.5090058697694544,1.5535665994269885,98.0,1.5312862345982214,0.022280364828767003,0.11171099353839571,1.9844674545084815,completed,False,COMPLETE
257,1.072912267841215,2026-06-12 19:00:32.723639,2026-06-12 19:00:35.418369,0 days 00:00:02.694730,,,,,,,,,,,,,,0.013551637750925319,QuantileRegressor,,,,,,8,,,,,,,,False,,,,,,,,,-0.00681480334792927,-0.00022632981280979684,98.0,-0.0035205665803695334,0.0032942367675597366,0.01651689570987948,1.9844674545084815,1.0607464705783973,1.0850780651040328,98.0,1.072912267841215,0.012165797262817784,0.06099780276763447,1.9844674545084815,377846819989934.25,481779146888942.0,98.0,429812983439438.1,51966163449503.87,260551916179911.2,1.9844674545084815,2.9998176024020937,3.041438911948796,98.0,3.020628257175445,0.020810654773350933,0.10434204909939275,1.9844674545084815,0.9979310353665861,1.0035211590190023,98.0,1.0007260971927943,0.002795061826208091,0.01401409429363585,1.9844674545084815,99.0,0.9090909090909091,-0.010688201740246725,-0.0029193308293489427,98.0,-0.006803766284797834,0.003884435455448891,0.019476078933128502,1.9844674545084815,QuantileRegressor,"{'mode': 'original', 'type': 'QuantileRegressor'}",8,"['l2_T6W30', 'l3_T6W30', 'lcc_T6W30', 'lsc_T6W30', 'atd_T6W30', 'density_T6W30', 'diameter_T6W30', 'asp_T6W30']",-0.07744079026183397,0.08742491314083299,9.0,0.004992061439499517,0.08243285170133348,0.11523318082668217,2.262157162798205,1.3837355085711651,1.4156323233688546,98.0,1.3996839159700099,0.015948407398844813,0.07996334214329155,1.9844674545084815,completed,False,COMPLETE
258,1.1502348646504923,2026-06-12 19:00:35.431805,2026-06-12 19:00:46.685350,0 days 00:00:11.253545,,,,,,,,,,,,,,,RandomForestRegressor,13.0,,5.0,5.0,90.0,5,,,,,,,,True,,,,,,,,,-0.08912568397731072,-0.0634165374688031,98.0,-0.07627111072305691,0.012854573254253801,0.06445124039848359,1.9844674545084815,1.1329456916452472,1.1675240376557374,98.0,1.1502348646504923,0.017289173005245073,0.08668577506322732,1.9844674545084815,338272653795122.4,437489851767763.0,98.0,387881252781442.7,49608598986320.31,248731379553284.34,1.9844674545084815,3.2969223992732934,3.4191055108385657,98.0,3.3580139550559296,0.06109155578263616,0.3063055046779628,1.9844674545084815,0.9961079396535525,1.0436910084197044,98.0,1.0198994740366285,0.023791534383076015,0.1192878107769928,1.9844674545084815,99.0,0.6868686868686869,-0.08646158173603317,-0.040970452623011314,98.0,-0.06371601717952224,0.022745564556510934,0.11404344743578289,1.9844674545084815,RandomForestRegressor,"{'mode': 'original', 'type': 'RandomForestRegressor'}",5,"['re_T6W30', 'pe_T6W30', 'l3_T6W30', 'lsc_T6W30', 'diameter_T6W30']",0.05159099300850771,0.11078709922652731,98.0,0.08118904611751751,0.0295980531090098,0.14840097749838618,1.9844674545084815,1.4165476492869173,1.4549300338133582,98.0,1.4357388415501378,0.01919119226322047,0.09622226437435645,1.9844674545084815,completed,True,COMPLETE
259,1.2597260524024132,2026-06-12 19:00:46.698581,2026-06-12 19:00:47.014516,0 days 00:00:00.315935,6.0,4.0,14.0,,,,,,,,,,,,DecisionTreeRegressor,,,,,,9,,,,,,,,False,,,,,,,,,,,,,,,,,,,,,,,,,,,,,,,,,,,,,,,,,,,,,,,,,,,,,DecisionTreeRegressor,"{'mode': 'original', 'type': 'DecisionTreeRegressor'}",9,"['edges_T6W30', 're_T6W30', 'pe_T6W30', 'l3_T6W30', 'lcc_T6W30', 'lsc_T6W30', 'atd_T6W30', 'diameter_T6W30', 'asp_T6W30']",,,,,,,,,,,,,,,pruned,False,PRUNED
260,1.0924618340531056,2026-06-12 19:00:47.024696,2026-06-12 19:00:50.025541,0 days 00:00:03.000845,,,,0.17739453395672486,0.10343411486048337,,,,,,,,,,ElasticNet,,,,,,6,,,,,,,,False,,,,,,,,,-0.026914199662257207,-0.016995162099595992,98.0,-0.0219546808809266,0.0049595187813306066,0.024866413759053144,1.9844674545084815,1.0800495706710131,1.104874097435198,98.0,1.0924618340531056,0.0124122633820925,0.062233553405890735,1.9844674545084815,370629518327934.2,474085766223968.06,98.0,422357642275951.1,51728123948016.94,259358415561009.5,1.9844674545084815,3.163140156249986,3.226373403928665,98.0,3.1947567800893255,0.031616623839339275,0.15852184147640702,1.9844674545084815,0.9645598526030934,0.9887463631223923,98.0,0.9766531078627428,0.012093255259649414,0.060634086135995614,1.9844674545084815,99.0,0.48484848484848486,-0.016104011974935786,0.0013744491796855527,98.0,-0.007364781397625116,0.008739230577310669,0.043817421216191504,1.9844674545084815,ElasticNet,"{'mode': 'original', 'type': 'ElasticNet'}",6,"['nodes_T6W30', 'pe_T6W30', 'l3_T6W30', 'lcc_T6W30', 'lsc_T6W30', 'diameter_T6W30']",0.06844076996406111,0.11968703025563719,98.0,0.09406390010984915,0.025623130145788046,0.12847120539309434,1.9844674545084815,1.3834986669343925,1.4157180136878709,98.0,1.3996083403111317,0.016109673376739218,0.08077190981051685,1.9844674545084815,completed,False,COMPLETE
261,1.0844478397419572,2026-06-12 19:00:50.038552,2026-06-12 19:00:52.974394,0 days 00:00:02.935842,,,,6.139856646782011,0.5657449506132892,,,,,,,,,,ElasticNet,,,,,,8,,,,,,,,False,,,,,,,,,-0.015362925360866643,-0.013601939939541534,98.0,-0.014482432650204088,0.0008804927106625554,0.004414681548860102,1.9844674545084815,1.0733265229737856,1.0955691565101289,98.0,1.0844478397419572,0.011121316768171546,0.05576090675245988,1.9844674545084815,370261102803136.9,472582158246560.1,98.0,421421630524848.5,51160527721711.64,256512558284590.84,1.9844674545084815,3.0623906010794792,3.073713295024417,98.0,3.068051948051948,0.005661346972469041,0.028385293504868705,1.9844674545084815,0.933402966543196,0.9519649988247691,98.0,0.9426839826839826,0.009281016140786635,0.04653386702153648,1.9844674545084815,99.0,1.0,-0.003151138210298774,-0.0019109951987363633,98.0,-0.0025310667045175686,0.0006200715057812055,0.0031089618373857154,1.9844674545084815,ElasticNet,"{'mode': 'original', 'type': 'ElasticNet'}",8,"['l2_T6W30', 'l3_T6W30', 'lcc_T6W30', 'lsc_T6W30', 'atd_T6W30', 'density_T6W30', 'diameter_T6W30', 'asp_T6W30']",,,,,,,,1.3812301907536824,1.4121686825828264,98.0,1.3966994366682544,0.015469245914571893,0.07756088572550665,1.9844674545084815,completed,False,COMPLETE
