number,value,datetime_start,datetime_complete,duration,params_dt_max_depth,params_dt_min_samples_leaf,params_dt_min_samples_split,params_elastic_alpha,params_elastic_l1_ratio,params_et_max_depth,params_et_max_features,params_et_min_samples_leaf,params_et_min_samples_split,params_et_n_estimators,params_knn_metric,params_knn_n_neighbors,params_knn_weights,params_quantile_alpha,params_regressor,params_rf_max_depth,params_rf_max_features,params_rf_min_samples_leaf,params_rf_min_samples_split,params_rf_n_estimators,params_rfe_n_features,params_rfe_proxy_et_max_depth,params_rfe_proxy_et_min_samples_leaf,params_rfe_proxy_et_min_samples_split,params_rfe_proxy_et_n_estimators,params_rfe_proxy_lsvr_C,params_rfe_proxy_lsvr_epsilon,params_rfe_proxy_type,params_use_scaler,params_xgb_booster,params_xgb_colsample_bytree,params_xgb_learning_rate,params_xgb_max_depth,params_xgb_n_estimators,params_xgb_reg_alpha,params_xgb_reg_lambda,params_xgb_subsample,user_attrs_d2mae_ci_lower_val,user_attrs_d2mae_ci_upper_val,user_attrs_d2mae_df_val,user_attrs_d2mae_mean_val,user_attrs_d2mae_samperror_val,user_attrs_d2mae_std_val,user_attrs_d2mae_t_critical_val,user_attrs_mae_ci_lower_val,user_attrs_mae_ci_upper_val,user_attrs_mae_df_val,user_attrs_mae_mean_val,user_attrs_mae_samperror_val,user_attrs_mae_std_val,user_attrs_mae_t_critical_val,user_attrs_mape_ci_lower_val,user_attrs_mape_ci_upper_val,user_attrs_mape_df_val,user_attrs_mape_mean_val,user_attrs_mape_samperror_val,user_attrs_mape_std_val,user_attrs_mape_t_critical_val,user_attrs_max_error_ci_lower_val,user_attrs_max_error_ci_upper_val,user_attrs_max_error_df_val,user_attrs_max_error_mean_val,user_attrs_max_error_samperror_val,user_attrs_max_error_std_val,user_attrs_max_error_t_critical_val,user_attrs_median_ae_ci_lower_val,user_attrs_median_ae_ci_upper_val,user_attrs_median_ae_df_val,user_attrs_median_ae_mean_val,user_attrs_median_ae_samperror_val,user_attrs_median_ae_std_val,user_attrs_median_ae_t_critical_val,user_attrs_n_splits_val,user_attrs_r2_below_zero_val,user_attrs_r2_ci_lower_val,user_attrs_r2_ci_upper_val,user_attrs_r2_df_val,user_attrs_r2_mean_val,user_attrs_r2_samperror_val,user_attrs_r2_std_val,user_attrs_r2_t_critical_val,user_attrs_regressor_final,user_attrs_rfe_estimator,user_attrs_rfe_n_features,user_attrs_rfe_selected_features,user_attrs_rho_ci_lower_val,user_attrs_rho_ci_upper_val,user_attrs_rho_df_val,user_attrs_rho_mean_val,user_attrs_rho_samperror_val,user_attrs_rho_std_val,user_attrs_rho_t_critical_val,user_attrs_rmse_ci_lower_val,user_attrs_rmse_ci_upper_val,user_attrs_rmse_df_val,user_attrs_rmse_mean_val,user_attrs_rmse_samperror_val,user_attrs_rmse_std_val,user_attrs_rmse_t_critical_val,user_attrs_termination_reason,user_attrs_use_scaler_final,state
277,1.0747450887065642,2026-06-12 19:03:10.217311,2026-06-12 19:03:12.969111,0 days 00:00:02.751800,,,,,,,,,,,,,,0.001695263503744324,QuantileRegressor,,,,,,6,,,,,,,,False,,,,,,,,,-0.010726924644384997,0.0003051921755941999,98.0,-0.005210866234395399,0.005516058409989599,0.027656834622391692,1.9844674545084815,1.0615909999556066,1.0878991774575217,98.0,1.0747450887065642,0.013154088750957483,0.06595297405383711,1.9844674545084815,366428149438188.56,469265518713931.56,98.0,417846834076060.06,51418684637871.49,257806925132470.72,1.9844674545084815,3.222694698634965,3.4230118422416376,98.0,3.3228532704383014,0.10015857180333639,0.5021826910612865,1.9844674545084815,0.9909949822880688,1.0032286364755212,98.0,0.997111809381795,0.006116827093726182,0.030669014497485863,1.9844674545084815,99.0,0.494949494949495,-0.02250776077201034,0.0023569493740850534,98.0,-0.010075405698962644,0.012432355073047697,0.06233429065932985,1.9844674545084815,QuantileRegressor,"{'mode': 'original', 'type': 'QuantileRegressor'}",6,"['edges_T6W30', 're_T6W30', 'pe_T6W30', 'l2_T6W30', 'lsc_T6W30', 'diameter_T6W30']",0.056613956326157996,0.11691116858318275,89.0,0.08676256245467037,0.030148606128512372,0.14394456820664392,1.986978699506281,1.38389017977999,1.4186095016000055,98.0,1.4012498406899978,0.017359660910007683,0.08703919269951775,1.9844674545084815,completed,False,COMPLETE
278,1.1231954529571517,2026-06-12 19:03:12.981912,2026-06-12 19:03:14.794367,0 days 00:00:01.812455,,,,,,,,,,,,,,,LinearRegression,,,,,,6,,,,,,,,True,,,,,,,,,-0.059557378351008314,-0.04244415174573776,98.0,-0.05100076504837304,0.008556613302635279,0.04290180078770902,1.9844674545084815,1.1095078639380624,1.136883041976241,98.0,1.1231954529571517,0.01368758901908928,0.06862787841308057,1.9844674545084815,355406852368631.5,455844656154002.0,98.0,405625754261316.75,50218901892685.27,251791362841411.38,1.9844674545084815,3.1757123455958136,3.254259471155876,98.0,3.2149859083758447,0.0392735627800312,0.1969127862881874,1.9844674545084815,0.9691734960551257,1.0055762522668585,98.0,0.9873748741609921,0.018201378105866427,0.09125945861304213,1.9844674545084815,99.0,0.5454545454545454,-0.037156265827194224,-0.008651546489326001,98.0,-0.02290390615826011,0.01425235966893411,0.07145956859860357,1.9844674545084815,LinearRegression,"{'mode': 'original', 'type': 'LinearRegression'}",6,"['nodes_T6W30', 'pe_T6W30', 'l2_T6W30', 'density_T6W30', 'diameter_T6W30', 'asp_T6W30']",0.07884377479024565,0.12981756405272907,98.0,0.10433066942148736,0.025486894631241708,0.12778813737324143,1.9844674545084815,1.393176232420473,1.4254977291969801,98.0,1.4093369808087266,0.016160748388253616,0.08102799360111491,1.9844674545084815,completed,True,COMPLETE
279,1.4075953218765924,2026-06-12 19:03:14.808144,2026-06-12 19:03:16.639975,0 days 00:00:01.831831,9.0,1.0,6.0,,,,,,,,,,,,DecisionTreeRegressor,,,,,,4,,,,,,,,True,,,,,,,,,-0.34640909183119667,-0.29066230546400934,98.0,-0.318535698647603,0.02787339318359368,0.13975374594428994,1.9844674545084815,1.378047458706812,1.437143185046373,98.0,1.4075953218765924,0.029547863169780534,0.14814933135075695,1.9844674545084815,313121221974761.3,425791319404059.3,98.0,369456270689410.3,56335048714648.984,282456966540418.56,1.9844674545084815,4.308598654552852,4.608031759633557,98.0,4.458315207093205,0.14971655254035238,0.7506602769732001,1.9844674545084815,1.1401983931299753,1.2200977103900945,98.0,1.180148051760035,0.03994965863005953,0.20030264725834235,1.9844674545084815,99.0,1.0,-0.7049269489820994,-0.5647307783860259,98.0,-0.6348288636840627,0.07009808529803674,0.3514631297092744,1.9844674545084815,DecisionTreeRegressor,"{'mode': 'original', 'type': 'DecisionTreeRegressor'}",4,"['re_T6W30', 'pe_T6W30', 'l3_T6W30', 'atd_T6W30']",0.017113023774961066,0.06777459648252496,98.0,0.042443810128743015,0.02533078635378195,0.1270054297780731,1.9844674545084815,1.7343752895991624,1.80563818924985,98.0,1.7700067394245063,0.035631449825343726,0.1786516824025866,1.9844674545084815,completed,True,COMPLETE
280,1.1226488237666925,2026-06-12 19:03:16.676596,2026-06-12 19:03:26.574484,0 days 00:00:09.897888,,,,,,18.0,,2.0,11.0,158.0,,,,,ExtraTreesRegressor,,,,,,4,,,,,,,,False,,,,,,,,,-0.06058195007116355,-0.03972446579298517,98.0,-0.05015320793207436,0.010428742139089191,0.05228842322228074,1.9844674545084815,1.1065926036425324,1.1387050438908526,98.0,1.1226488237666925,0.016056220124159977,0.0805039018133688,1.9844674545084815,332379687305620.1,428743119275089.25,98.0,380561403290354.7,48181715984734.586,241577164665187.7,1.9844674545084815,3.208795210028913,3.338889887912733,98.0,3.273842548970823,0.06504733894191002,0.3261393121735375,1.9844674545084815,1.000488016547411,1.0439356759822747,98.0,1.0222118462648428,0.021723829717431822,0.10892059532436002,1.9844674545084815,99.0,0.47474747474747475,-0.035880531547164196,0.0018701214653640101,98.0,-0.017005205040900095,0.018875326506264105,0.09463855253635305,1.9844674545084815,ExtraTreesRegressor,"{'mode': 'original', 'type': 'ExtraTreesRegressor'}",4,"['edges_T6W30', 're_T6W30', 'pe_T6W30', 'l3_T6W30']",0.09968522740321942,0.15357144112079088,98.0,0.12662833426200515,0.026943106858785728,0.13508940537275224,1.9844674545084815,1.386087755750809,1.4236137042048678,98.0,1.4048507299778383,0.01876297422702935,0.09407523210439077,1.9844674545084815,completed,False,COMPLETE
281,1.117366881010721,2026-06-12 19:03:26.587587,2026-06-12 19:03:32.553448,0 days 00:00:05.965861,,,,,,,,,,,,,,,XGBRegressor,,,,,,3,,,,,,,,False,gbtree,0.7598058379015038,0.022851779404450448,5.0,113.0,9.305437128443685,1.647994748405775e-07,0.7013697423734153,-0.05109873247338914,-0.03981755654898422,98.0,-0.04545814451118668,0.00564058796220246,0.028281210394938684,1.9844674545084815,1.105202042792252,1.1295317192291898,98.0,1.117366881010721,0.012164838218469014,0.06099299423788768,1.9844674545084815,355241475717171.06,454701587218378.94,98.0,404971531467775.0,49730055750603.94,249340348747207.22,1.9844674545084815,3.072070739643634,3.1254111912143228,98.0,3.0987409654289784,0.026670225785344195,0.133721213421397,1.9844674545084815,0.9895126218438912,1.0159258793407455,98.0,1.0027192505923184,0.013206628748427127,0.06621640310282022,1.9844674545084815,99.0,0.46464646464646464,-0.009993765200036791,0.005808724952938486,98.0,-0.0020925201235491523,0.007901245076487639,0.03961586556002718,1.9844674545084815,XGBRegressor,"{'mode': 'original', 'type': 'XGBRegressor'}",3,"['re_T6W30', 'l1_T6W30', 'diameter_T6W30']",0.06350180678457194,0.11058554664561455,98.0,0.08704367671509325,0.02354186993052131,0.11803602409125165,1.9844674545084815,1.3803090295602378,1.4115162951070195,98.0,1.3959126623336287,0.015603632773390773,0.07823468481419023,1.9844674545084815,completed,False,COMPLETE
282,1.1356229184546407,2026-06-12 19:03:32.566426,2026-06-12 19:03:45.697919,0 days 00:00:13.131493,,,,,,13.0,,1.0,8.0,211.0,,,,,ExtraTreesRegressor,,,,,,4,,,,,,,,True,,,,,,,,,-0.07432298342286858,-0.050395707028818515,98.0,-0.06235934522584355,0.011963638197025036,0.059984202215486254,1.9844674545084815,1.1185113604170007,1.1527344764922807,98.0,1.1356229184546407,0.017111558037639904,0.08579523558369218,1.9844674545084815,328063484567942.1,424484847905083.4,98.0,376274166236512.75,48210681668570.625,241722395021365.03,1.9844674545084815,3.2509861733426852,3.4165057709700353,98.0,3.3337459721563603,0.08275979881367522,0.41494739523190427,1.9844674545084815,1.0031341727791085,1.0474010533066007,98.0,1.0252676130428546,0.022133440263746165,0.11097433194152262,1.9844674545084815,99.0,0.5555555555555556,-0.0569469317086953,-0.013168704122338285,98.0,-0.03505781791551679,0.021889113793178507,0.10974930923724434,1.9844674545084815,ExtraTreesRegressor,"{'mode': 'original', 'type': 'ExtraTreesRegressor'}",4,"['edges_T6W30', 're_T6W30', 'pe_T6W30', 'l3_T6W30']",0.10486950818348365,0.1565744111429578,98.0,0.13072195966322073,0.025852451479737075,0.1296209941982543,1.9844674545084815,1.3969015050147455,1.436461340930108,98.0,1.4166814229724267,0.01977991795768123,0.09917406219074046,1.9844674545084815,completed,True,COMPLETE
283,1.1505118625294524,2026-06-12 19:03:45.710893,2026-06-12 19:04:15.495617,0 days 00:00:29.784724,,,,,,,,,,,,,,,RandomForestRegressor,11.0,log2,2.0,3.0,325.0,5,,,,,,,,True,,,,,,,,,-0.08793319583305091,-0.06509073127574956,98.0,-0.07651196355440024,0.011421232278650672,0.05726464602740837,1.9844674545084815,1.1342780365051193,1.1667456885537855,98.0,1.1505118625294524,0.016233826024333174,0.08139439582992153,1.9844674545084815,344803017680352.9,446613167327462.1,98.0,395708092503907.5,50905074823554.62,255231749048534.78,1.9844674545084815,3.3356104147090364,3.4735808091169775,98.0,3.404595611913007,0.06898519720397074,0.3458832464514991,1.9844674545084815,0.9963347168370161,1.0442014173251948,98.0,1.0202680670811055,0.023933350244089376,0.11999885796383469,1.9844674545084815,99.0,0.6868686868686869,-0.0865052538010612,-0.045087613128397624,98.0,-0.06579643346472941,0.02070882033633178,0.1038314638274162,1.9844674545084815,RandomForestRegressor,"{'mode': 'original', 'type': 'RandomForestRegressor'}",5,"['re_T6W30', 'pe_T6W30', 'l3_T6W30', 'lsc_T6W30', 'diameter_T6W30']",0.04169913312502924,0.09591221794215726,98.0,0.06880567553359325,0.027106542408564006,0.1359088510050631,1.9844674545084815,1.419116721727596,1.4559282082130613,98.0,1.4375224649703287,0.018405743242732593,0.0922841201326979,1.9844674545084815,completed,True,COMPLETE
284,1.3802115736371792,2026-06-12 19:04:15.508666,2026-06-12 19:04:15.668220,0 days 00:00:00.159554,13.0,3.0,12.0,,,,,,,,,,,,DecisionTreeRegressor,,,,,,8,,,,,,,,True,,,,,,,,,,,,,,,,,,,,,,,,,,,,,,,,,,,,,,,,,,,,,,,,,,,,,DecisionTreeRegressor,"{'mode': 'original', 'type': 'DecisionTreeRegressor'}",8,"['edges_T6W30', 're_T6W30', 'pe_T6W30', 'l2_T6W30', 'l3_T6W30', 'lcc_T6W30', 'lsc_T6W30', 'density_T6W30']",,,,,,,,,,,,,,,pruned,True,PRUNED
285,1.1390065889590948,2026-06-12 19:04:15.677989,2026-06-12 19:04:17.510925,0 days 00:00:01.832936,,,,,,,,,,,,,,,LinearRegression,,,,,,12,,,,,,,,False,,,,,,,,,-0.07593851423941839,-0.056106649313013485,98.0,-0.06602258177621594,0.009915932463202447,0.049717258933469545,1.9844674545084815,1.1250267702351062,1.1529864076830834,98.0,1.1390065889590948,0.013979818723988518,0.0700930820094587,1.9844674545084815,350705627261453.9,451076232832876.25,98.0,400890930047165.06,50185302785711.22,251622901074697.88,1.9844674545084815,3.474343035101558,3.7278330978534933,98.0,3.6010880664775256,0.12674503137596752,0.6354839110526368,1.9844674545084815,0.9394201656002836,0.9784407218692239,98.0,0.9589304437347538,0.019510278134470194,0.09782212146715182,1.9844674545084815,99.0,0.7171717171717171,-0.0912332991882924,-0.048402000508372574,98.0,-0.06981764984833248,0.02141564933995991,0.1073754170285372,1.9844674545084815,LinearRegression,"{'mode': 'original', 'type': 'LinearRegression'}",12,"['nodes_T6W30', 'edges_T6W30', 're_T6W30', 'pe_T6W30', 'l1_T6W30', 'l2_T6W30', 'l3_T6W30', 'lcc_T6W30', 'atd_T6W30', 'density_T6W30', 'diameter_T6W30', 'asp_T6W30']",0.09807217119505658,0.1446701657577451,98.0,0.12137116847640084,0.02329899728134426,0.1168182906676122,1.9844674545084815,1.421599087676903,1.4586635780647697,98.0,1.4401313328708363,0.01853224519393346,0.09291838526981758,1.9844674545084815,completed,False,COMPLETE
286,1.0795398308135749,2026-06-12 19:04:17.523667,2026-06-12 19:04:22.624193,0 days 00:00:05.100526,,,,,,,,,,,,,,,XGBRegressor,,,,,,9,,,,,,,,False,gbtree,0.6069973393491568,0.0026646637168733,2.0,86.0,3.544537957319563e-06,4.006964783909137e-05,0.7590387490201724,-0.011194923952191349,-0.008489790786882018,98.0,-0.009842357369536684,0.0013525665826546653,0.006781601555289568,1.9844674545084815,1.0682201682239294,1.0908594934032203,98.0,1.0795398308135749,0.011319662589645401,0.056755388169228475,1.9844674545084815,369750314965993.75,472433987126212.1,98.0,421092151046102.94,51341836080109.164,257421615968747.44,1.9844674545084815,3.0878984051126417,3.110838469631504,98.0,3.099368437372073,0.011470032259431223,0.05750932309529065,1.9844674545084815,0.969488295960716,0.9814569802418617,98.0,0.9754726381012888,0.0059843421405728885,0.03000475132857521,1.9844674545084815,99.0,0.5151515151515151,-0.003092777216544684,0.0018839019138866876,98.0,-0.0006044376513289983,0.002488339565215686,0.012476226813496348,1.9844674545084815,XGBRegressor,"{'mode': 'original', 'type': 'XGBRegressor'}",9,"['edges_T6W30', 're_T6W30', 'pe_T6W30', 'l1_T6W30', 'l2_T6W30', 'lcc_T6W30', 'lsc_T6W30', 'atd_T6W30', 'diameter_T6W30']",0.04783200837313731,0.10343991435524083,98.0,0.07563596136418907,0.02780395299105176,0.13940558140748938,1.9844674545084815,1.379913572755949,1.410662992701054,98.0,1.3952882827285016,0.015374709972552617,0.07708689420475622,1.9844674545084815,completed,False,COMPLETE
287,1.0691225985343633,2026-06-12 19:04:22.660959,2026-06-12 19:04:25.000423,0 days 00:00:02.339464,,,,,,,,,,,,,,4.557241216716546,QuantileRegressor,,,,,,13,,,,,,,,False,,,,,,,,,0.0,0.0,98.0,0.0,0.0,0.0,1.9844674545084815,1.0575870578016928,1.0806581392670338,98.0,1.0691225985343633,0.011535540732670515,0.05783777447779657,1.9844674545084815,378756762949842.25,482894502655208.6,98.0,430825632802525.44,52068869852683.18,261066873382366.97,1.9844674545084815,3.0,3.0,98.0,3.0,0.0,0.0,1.9844674545084815,1.0,1.0,98.0,1.0,0.0,0.0,1.9844674545084815,99.0,0.9191919191919192,-0.004402232239554242,-0.002812910014847294,98.0,-0.003607571127200768,0.0007946611123534741,0.00398433253088908,1.9844674545084815,QuantileRegressor,"{'mode': 'original', 'type': 'QuantileRegressor'}",13,"['nodes_T6W30', 'edges_T6W30', 're_T6W30', 'pe_T6W30', 'l1_T6W30', 'l2_T6W30', 'l3_T6W30', 'lcc_T6W30', 'lsc_T6W30', 'atd_T6W30', 'density_T6W30', 'diameter_T6W30', 'asp_T6W30']",,,,,,,,1.3817940130923385,1.413236739470511,98.0,1.3975153762814247,0.01572136318908618,0.07882497055717957,1.9844674545084815,completed,False,COMPLETE
288,1.2099425628837395,2026-06-12 19:04:25.013273,2026-06-12 19:04:26.869694,0 days 00:00:01.856421,,,,,,,,,,,minkowski,3.0,uniform,,KNeighborsRegressor,,,,,,13,4.0,4.0,12.0,40.0,,,ExtraTrees,,,,,,,,,,-0.1507838097594288,-0.11442472018940154,98.0,-0.13260426497441516,0.018179544785013615,0.09114998904270721,1.9844674545084815,1.1885987015415036,1.2312864242259753,98.0,1.2099425628837395,0.021343861342235832,0.107015480886938,1.9844674545084815,349552037600476.94,455012601711899.94,98.0,402282319656188.44,52730282055711.5,264383112362588.44,1.9844674545084815,3.781007667392198,4.023706137321607,98.0,3.9023569023569027,0.12134923496470441,0.6084300552174374,1.9844674545084815,0.9824286817176412,1.0579753586863991,98.0,1.02020202020202,0.037773338484378964,0.1893908472227477,1.9844674545084815,99.0,0.9393939393939394,-0.24967038284816498,-0.17793589038479932,98.0,-0.21380313661648215,0.035867246231682824,0.17983393641985093,1.9844674545084815,KNeighborsRegressor,"{'mode': 'proxy', 'type': 'ExtraTrees'}",13,"['nodes_T6W30', 'edges_T6W30', 're_T6W30', 'pe_T6W30', 'l1_T6W30', 'l2_T6W30', 'l3_T6W30', 'lcc_T6W30', 'lsc_T6W30', 'atd_T6W30', 'density_T6W30', 'diameter_T6W30', 'asp_T6W30']",0.09951980476767043,0.14990148297222294,98.0,0.12471064386994668,0.02519083910227625,0.12630375156818652,1.9844674545084815,1.5054566179895907,1.5577705292765645,98.0,1.5316135736330776,0.026156955643486857,0.13114774041316127,1.9844674545084815,completed,True,COMPLETE
289,1.0975065384293192,2026-06-12 19:04:26.882875,2026-06-12 19:04:35.906973,0 days 00:00:09.024098,,,,,,11.0,log2,3.0,5.0,143.0,,,,,ExtraTreesRegressor,,,,,,6,,,,,,,,True,,,,,,,,,-0.03339906163244243,-0.019756440032608798,98.0,-0.026577750832525615,0.0068213107999168165,0.03420120866732981,1.9844674545084815,1.0837604684259685,1.11125260843267,98.0,1.0975065384293192,0.013746070003350647,0.06892109483503546,1.9844674545084815,351394894788332.0,450310318451443.5,98.0,400852606619887.75,49457711831555.73,247974850021542.97,1.9844674545084815,3.1038032625606453,3.1540455355272643,98.0,3.128924399043955,0.0251211364833096,0.12595427125775016,1.9844674545084815,0.980307763059247,1.0100503473972433,98.0,0.9951790552282451,0.014871292168998108,0.0745628196021994,1.9844674545084815,99.0,0.41414141414141414,-0.0029621469985602715,0.017815503643143202,98.0,0.007426678322291465,0.010388825320851737,0.05208828523268911,1.9844674545084815,ExtraTreesRegressor,"{'mode': 'original', 'type': 'ExtraTreesRegressor'}",6,"['edges_T6W30', 're_T6W30', 'pe_T6W30', 'l2_T6W30', 'l3_T6W30', 'lsc_T6W30']",0.08858839770524193,0.14533820722297558,98.0,0.11696330246410876,0.028374904758866816,0.1422682629540129,1.9844674545084815,1.3727638197545007,1.4054461475817512,98.0,1.389104983668126,0.01634116391362539,0.08193257473090909,1.9844674545084815,completed,True,COMPLETE
290,1.1507524047737772,2026-06-12 19:04:35.963196,2026-06-12 19:05:00.766792,0 days 00:00:24.803596,,,,,,,,,,,,,,,RandomForestRegressor,8.0,,3.0,2.0,219.0,11,,,,,,,,False,,,,,,,,,-0.08945902328873517,-0.06402394012833129,98.0,-0.07674148170853323,0.012717541580201936,0.06376418053334175,1.9844674545084815,1.1335341784878699,1.1679706310596845,98.0,1.1507524047737772,0.01721822628590728,0.08633005698740473,1.9844674545084815,350214143768460.5,454321326395277.5,98.0,402267735081869.0,52053591313408.47,260990268676146.47,1.9844674545084815,3.3716439701627823,3.5142714822702144,98.0,3.4429577262164983,0.07131375605371586,0.3575583525198608,1.9844674545084815,0.9858539998425724,1.033393610701081,98.0,1.0096238052718267,0.023769805429254352,0.1191788644900436,1.9844674545084815,99.0,0.7676767676767676,-0.09882495958452697,-0.05338541516562345,98.0,-0.07610518737507521,0.02271977220945176,0.1139141277977154,1.9844674545084815,RandomForestRegressor,"{'mode': 'original', 'type': 'RandomForestRegressor'}",11,"['edges_T6W30', 're_T6W30', 'pe_T6W30', 'l1_T6W30', 'l2_T6W30', 'l3_T6W30', 'lsc_T6W30', 'atd_T6W30', 'density_T6W30', 'diameter_T6W30', 'asp_T6W30']",0.03837493452495255,0.09560697583771297,98.0,0.06699095518133276,0.028616020656380206,0.1434771882420919,1.9844674545084815,1.4246309653909994,1.463894845587854,98.0,1.4442629054894267,0.019631940098427374,0.09843211950685811,1.9844674545084815,completed,False,COMPLETE
