number,value,datetime_start,datetime_complete,duration,params_dt_max_depth,params_dt_min_samples_leaf,params_dt_min_samples_split,params_elastic_alpha,params_elastic_l1_ratio,params_et_max_depth,params_et_max_features,params_et_min_samples_leaf,params_et_min_samples_split,params_et_n_estimators,params_knn_metric,params_knn_n_neighbors,params_knn_weights,params_quantile_alpha,params_regressor,params_rf_max_depth,params_rf_max_features,params_rf_min_samples_leaf,params_rf_min_samples_split,params_rf_n_estimators,params_rfe_n_features,params_rfe_proxy_et_max_depth,params_rfe_proxy_et_min_samples_leaf,params_rfe_proxy_et_min_samples_split,params_rfe_proxy_et_n_estimators,params_rfe_proxy_lsvr_C,params_rfe_proxy_lsvr_epsilon,params_rfe_proxy_type,params_use_scaler,params_xgb_booster,params_xgb_colsample_bytree,params_xgb_learning_rate,params_xgb_max_depth,params_xgb_n_estimators,params_xgb_reg_alpha,params_xgb_reg_lambda,params_xgb_subsample,user_attrs_d2mae_ci_lower_val,user_attrs_d2mae_ci_upper_val,user_attrs_d2mae_df_val,user_attrs_d2mae_mean_val,user_attrs_d2mae_samperror_val,user_attrs_d2mae_std_val,user_attrs_d2mae_t_critical_val,user_attrs_mae_ci_lower_val,user_attrs_mae_ci_upper_val,user_attrs_mae_df_val,user_attrs_mae_mean_val,user_attrs_mae_samperror_val,user_attrs_mae_std_val,user_attrs_mae_t_critical_val,user_attrs_mape_ci_lower_val,user_attrs_mape_ci_upper_val,user_attrs_mape_df_val,user_attrs_mape_mean_val,user_attrs_mape_samperror_val,user_attrs_mape_std_val,user_attrs_mape_t_critical_val,user_attrs_max_error_ci_lower_val,user_attrs_max_error_ci_upper_val,user_attrs_max_error_df_val,user_attrs_max_error_mean_val,user_attrs_max_error_samperror_val,user_attrs_max_error_std_val,user_attrs_max_error_t_critical_val,user_attrs_median_ae_ci_lower_val,user_attrs_median_ae_ci_upper_val,user_attrs_median_ae_df_val,user_attrs_median_ae_mean_val,user_attrs_median_ae_samperror_val,user_attrs_median_ae_std_val,user_attrs_median_ae_t_critical_val,user_attrs_n_splits_val,user_attrs_r2_below_zero_val,user_attrs_r2_ci_lower_val,user_attrs_r2_ci_upper_val,user_attrs_r2_df_val,user_attrs_r2_mean_val,user_attrs_r2_samperror_val,user_attrs_r2_std_val,user_attrs_r2_t_critical_val,user_attrs_regressor_final,user_attrs_rfe_estimator,user_attrs_rfe_n_features,user_attrs_rfe_selected_features,user_attrs_rho_ci_lower_val,user_attrs_rho_ci_upper_val,user_attrs_rho_df_val,user_attrs_rho_mean_val,user_attrs_rho_samperror_val,user_attrs_rho_std_val,user_attrs_rho_t_critical_val,user_attrs_rmse_ci_lower_val,user_attrs_rmse_ci_upper_val,user_attrs_rmse_df_val,user_attrs_rmse_mean_val,user_attrs_rmse_samperror_val,user_attrs_rmse_std_val,user_attrs_rmse_t_critical_val,user_attrs_termination_reason,user_attrs_use_scaler_final,state
12,1.1463964044705408,2026-06-12 18:32:40.764902,2026-06-12 18:32:53.394295,0 days 00:00:12.629393,,,,,,,,,,,,,,,XGBRegressor,,,,,,6,,,,,,,,True,gbtree,0.8248164495236073,0.006398151340670027,4.0,371.0,0.4395524392287042,0.008289265130919076,0.8732457025590121,-0.08423461041448504,-0.061233863215178215,98.0,-0.07273423681483163,0.011500373599653413,0.05766145082244218,1.9844674545084815,1.1303784455054486,1.162414363435633,98.0,1.1463964044705408,0.01601795896509217,0.08031206509407611,1.9844674545084815,359020165375741.8,466602445731123.94,98.0,412811305553432.9,53791140177691.055,269702123775570.38,1.9844674545084815,3.431194991246793,3.621414835332445,98.0,3.526304913289619,0.09510992204282591,0.47686938559665515,1.9844674545084815,0.9927681549529869,1.0361682961786607,98.0,1.0144682255658237,0.021700070612836853,0.10880147011252958,1.9844674545084815,99.0,0.7575757575757576,-0.09656010807536773,-0.053810281297436355,98.0,-0.07518519468640204,0.02137491338896569,0.10717117200861634,1.9844674545084815,XGBRegressor,"{'mode': 'original', 'type': 'XGBRegressor'}",6,"['re_T6W30', 'pe_T6W30', 'l3_T6W30', 'lsc_T6W30', 'diameter_T6W30', 'asp_T6W30']",0.019204922604030134,0.07604534374406083,98.0,0.04762513317404548,0.028420210570015345,0.14249542068753127,1.9844674545084815,1.4249315409707906,1.4627366291452109,98.0,1.4438340850580007,0.018902544087210184,0.09477501812085157,1.9844674545084815,completed,True,COMPLETE
13,1.0886134252304587,2026-06-12 18:32:53.406890,2026-06-12 18:32:55.836636,0 days 00:00:02.429746,,,,,,,,,,,,,,0.0009467055845337151,QuantileRegressor,,,,,,10,,,,,,,,True,,,,,,,,,-0.025807770002218546,-0.010782748677941226,98.0,-0.018295259340079886,0.00751251066213866,0.037666799286506285,1.9844674545084815,1.074677291459844,1.1025495590010734,98.0,1.0886134252304587,0.013936133770614692,0.06987405105634935,1.9844674545084815,350675830658893.5,449000776281617.0,98.0,399838303470255.25,49162472811361.734,246494558090479.56,1.9844674545084815,3.373168177058168,3.641503078090632,98.0,3.5073356275744,0.13416745051623222,0.6726990025912999,1.9844674545084815,0.9629613988680034,0.9859844598516893,98.0,0.9744729293598463,0.011511530491842949,0.057717390099957265,1.9844674545084815,99.0,0.47474747474747475,-0.037284259745453505,-0.003307985903347691,98.0,-0.0202961228244006,0.01698813692105291,0.0851764173702781,1.9844674545084815,QuantileRegressor,"{'mode': 'original', 'type': 'QuantileRegressor'}",10,"['edges_T6W30', 're_T6W30', 'pe_T6W30', 'l1_T6W30', 'l2_T6W30', 'lcc_T6W30', 'lsc_T6W30', 'density_T6W30', 'diameter_T6W30', 'asp_T6W30']",0.09385581452688621,0.1462645057833935,95.0,0.12006016015513986,0.02620434562825365,0.12932828286078188,1.9852510035054978,1.3894557076570166,1.4255165341066747,98.0,1.4074861208818457,0.018030413224829116,0.09040226184505237,1.9844674545084815,completed,True,COMPLETE
14,1.4026539908892852,2026-06-12 18:32:55.848657,2026-06-12 18:32:57.709645,0 days 00:00:01.860988,,,,,,,,,,,euclidean,1.0,uniform,,KNeighborsRegressor,,,,,,4,,,,,2.5383218374507304,0.0018522006003174373,LinearSVR,,,,,,,,,,-0.34326466982412707,-0.2866990984974419,98.0,-0.3149818841607845,0.028282785663342556,0.1418063892026645,1.9844674545084815,1.374802482252682,1.4305054995258883,98.0,1.4026539908892852,0.02785150863660321,0.13964401953243663,1.9844674545084815,295678637083314.7,392928792572068.2,98.0,344303714827691.44,48625077744376.74,243800125691508.47,1.9844674545084815,4.2977398923648575,4.51034091571595,98.0,4.404040404040404,0.10630051167554622,0.5329776179240535,1.9844674545084815,1.0193217960663914,1.12209234534775,98.0,1.0707070707070707,0.05138527464067935,0.25763941153881403,1.9844674545084815,99.0,0.98989898989899,-0.6993605654752372,-0.5747227747352216,98.0,-0.6370416701052294,0.062318895370007774,0.3124592335674136,1.9844674545084815,KNeighborsRegressor,"{'mode': 'proxy', 'type': 'LinearSVR'}",4,"['edges_T6W30', 'pe_T6W30', 'l2_T6W30', 'diameter_T6W30']",0.15008630622782831,0.20124784293668424,98.0,0.17566707458225628,0.025580768354427977,0.12825880861066868,1.9844674545084815,1.7414569982647412,1.8030905742380023,98.0,1.7722737862513718,0.030816787986630515,0.15451156343740644,1.9844674545084815,completed,True,COMPLETE
15,1.3412100124518425,2026-06-12 18:32:57.721907,2026-06-12 18:32:59.595147,0 days 00:00:01.873240,16.0,4.0,15.0,,,,,,,,,,,,DecisionTreeRegressor,,,,,,6,,,,,,,,False,,,,,,,,,-0.2790304088755715,-0.23372707200101805,98.0,-0.2563787404382948,0.022651668437276732,0.1135726639073413,1.9844674545084815,1.3172113075903373,1.3652087173133476,98.0,1.3412100124518425,0.023998704861505103,0.12032653793227067,1.9844674545084815,356509254116018.56,471690083727494.06,98.0,414099668921756.3,57590414805737.76,288751216853091.75,1.9844674545084815,3.9606465432222224,4.202914530944914,98.0,4.081780537083568,0.1211339938613458,0.6073508629469658,1.9844674545084815,1.1119247084517674,1.176357435890983,98.0,1.1441410721713752,0.03221636371960781,0.1615288630581584,1.9844674545084815,99.0,0.98989898989899,-0.4954785044146749,-0.4014915221256682,98.0,-0.44848501327017154,0.04699349114450337,0.2356195522800508,1.9844674545084815,DecisionTreeRegressor,"{'mode': 'original', 'type': 'DecisionTreeRegressor'}",6,"['edges_T6W30', 're_T6W30', 'pe_T6W30', 'l3_T6W30', 'lsc_T6W30', 'atd_T6W30']",0.007218679654317658,0.06767990417214002,98.0,0.03744929191322884,0.030230612258911185,0.1515725508388752,1.9844674545084815,1.6432514128222002,1.6980459572822584,98.0,1.6706486850522293,0.02739727223002902,0.13736653437141283,1.9844674545084815,completed,False,COMPLETE
16,1.107998414293745,2026-06-12 18:32:59.607337,2026-06-12 18:33:23.356585,0 days 00:00:23.749248,,,,,,18.0,log2,2.0,5.0,408.0,,,,,ExtraTreesRegressor,,,,,,7,,,,,,,,False,,,,,,,,,-0.04456634569585653,-0.028383189393714217,98.0,-0.036474767544785375,0.00809157815107116,0.040570172054932054,1.9844674545084815,1.0936757742311494,1.1223210543563404,98.0,1.107998414293745,0.014322640062595583,0.07181194579989858,1.9844674545084815,348265441136808.3,446973871217145.8,98.0,397619656176977.06,49354215040168.73,247455929910371.8,1.9844674545084815,3.1390717818824214,3.207111526554929,98.0,3.173091654218675,0.03401987233625383,0.17057143219780088,1.9844674545084815,0.9797709722668297,1.015657867648321,98.0,0.9977144199575754,0.01794344769074563,0.0899662274133576,1.9844674545084815,99.0,0.46464646464646464,-0.019248780223259307,0.007497960143936612,98.0,-0.005875410039661348,0.01337337018359796,0.06705242403560593,1.9844674545084815,ExtraTreesRegressor,"{'mode': 'original', 'type': 'ExtraTreesRegressor'}",7,"['edges_T6W30', 're_T6W30', 'pe_T6W30', 'l2_T6W30', 'l3_T6W30', 'lsc_T6W30', 'atd_T6W30']",0.0802985092687327,0.1360609348023394,98.0,0.10817972203553607,0.027881212766803356,0.13979295236734998,1.9844674545084815,1.3809388192376475,1.4150753932214788,98.0,1.3980071062295631,0.017068286991915687,0.08557827991234444,1.9844674545084815,completed,False,COMPLETE
17,1.1135058247357714,2026-06-12 18:33:23.377877,2026-06-12 18:33:25.539462,0 days 00:00:02.161585,,,,,,,,,,,euclidean,11.0,uniform,,KNeighborsRegressor,,,,,,13,,,,,0.3545843846227982,0.08023527304678837,LinearSVR,,,,,,,,,,-0.05193179022647137,-0.030925675502939003,98.0,-0.041428732864705185,0.010503057361766181,0.05266103055721786,1.9844674545084815,1.0968308784059446,1.1301807710655982,98.0,1.1135058247357714,0.01667494632982691,0.08360611848237294,1.9844674545084815,365550190765532.3,470476964174057.2,98.0,418013577469794.75,52463386704262.46,263044932080968.66,1.9844674545084815,3.292328966700093,3.4073955512062435,98.0,3.349862258953168,0.05753329225307556,0.28846481143915953,1.9844674545084815,0.9119454837156157,0.9594962059078925,98.0,0.9357208448117541,0.023775361096138436,0.11920671991665618,1.9844674545084815,99.0,0.5555555555555556,-0.0304997393975959,0.006493799865599809,98.0,-0.012002969765998045,0.018496769631597854,0.09274051518800783,1.9844674545084815,KNeighborsRegressor,"{'mode': 'proxy', 'type': 'LinearSVR'}",13,"['nodes_T6W30', 'edges_T6W30', 're_T6W30', 'pe_T6W30', 'l1_T6W30', 'l2_T6W30', 'l3_T6W30', 'lcc_T6W30', 'lsc_T6W30', 'atd_T6W30', 'density_T6W30', 'diameter_T6W30', 'asp_T6W30']",0.13075380625484465,0.1866325735949326,98.0,0.15869318992488862,0.027939383670043977,0.14008461408141876,1.9844674545084815,1.3820573049418952,1.421261736689513,98.0,1.401659520815704,0.019602215873808962,0.09828308592101691,1.9844674545084815,completed,True,COMPLETE
18,1.0892329509481624,2026-06-12 18:33:25.552189,2026-06-12 18:33:28.463048,0 days 00:00:02.910859,,,,,,,,,,,,,,,XGBRegressor,,,,,,10,,,,,,,,True,gblinear,0.7746133323530602,0.002440695067269928,3.0,234.0,0.0269999714107099,0.008745333795459427,0.6251214490822976,-0.023530185266688843,-0.014410115358769574,98.0,-0.01897015031272921,0.004560034953959634,0.022863451258164778,1.9844674545084815,1.077150682120749,1.1013152197755758,98.0,1.0892329509481624,0.01208226882741337,0.06057900152360426,1.9844674545084815,369842113465214.1,472808406093519.9,98.0,421325259779367.0,51483146314152.9,258130128004501.3,1.9844674545084815,3.1472358026636655,3.213358795066104,98.0,3.1802972988648848,0.033061496201219086,0.16576625279203153,1.9844674545084815,0.9746036561220569,0.9952856162209717,98.0,0.9849446361715143,0.010340980049457358,0.05184839495958733,1.9844674545084815,99.0,0.45454545454545453,-0.013012551112030594,0.0027103347137052737,98.0,-0.00515110819916266,0.007861442912867934,0.039416302434508055,1.9844674545084815,XGBRegressor,"{'mode': 'original', 'type': 'XGBRegressor'}",10,"['nodes_T6W30', 'edges_T6W30', 're_T6W30', 'pe_T6W30', 'l1_T6W30', 'l2_T6W30', 'lcc_T6W30', 'lsc_T6W30', 'atd_T6W30', 'density_T6W30']",0.08016752926785745,0.13327350413501948,98.0,0.10672051670143846,0.026552987433581025,0.13313339482610373,1.9844674545084815,1.3822520056265042,1.4139872962069011,98.0,1.3981196509167026,0.015867645290198504,0.07955841091947755,1.9844674545084815,completed,True,COMPLETE
19,1.4529609823727472,2026-06-12 18:33:28.475473,2026-06-12 18:33:30.340902,0 days 00:00:01.865429,,,,,,,,,,,euclidean,1.0,distance,,KNeighborsRegressor,,,,,,9,6.0,4.0,6.0,30.0,,,ExtraTrees,,,,,,,,,,-0.3858351748041752,-0.3344917603820643,98.0,-0.36016346759311973,0.02567170721105541,0.12871476479016447,1.9844674545084815,1.4236346348264346,1.4822873299190598,98.0,1.4529609823727472,0.029326347546312588,0.1470386794125117,1.9844674545084815,314249429540633.75,424308798120838.9,98.0,369279113830736.3,55029684290102.55,275912030767756.5,1.9844674545084815,4.507465325143519,4.866272048593855,98.0,4.686868686868687,0.17940336172516771,0.899506266458015,1.9844674545084815,1.0481121443013182,1.1741100779209042,98.0,1.1111111111111112,0.06299896680979306,0.3158690276528952,1.9844674545084815,99.0,1.0,-0.8142885054280311,-0.7054053834772478,98.0,-0.7598469444526395,0.05444156097539167,0.272963253208934,1.9844674545084815,KNeighborsRegressor,"{'mode': 'proxy', 'type': 'ExtraTrees'}",9,"['nodes_T6W30', 'edges_T6W30', 're_T6W30', 'pe_T6W30', 'l2_T6W30', 'l3_T6W30', 'lsc_T6W30', 'atd_T6W30', 'diameter_T6W30']",0.03788446755666433,0.08680657050076178,98.0,0.062345519028713055,0.024461051472048728,0.12264468665289899,1.9844674545084815,1.8118035568819155,1.8751047812583903,98.0,1.843454169070153,0.03165061218823744,0.1586922548539852,1.9844674545084815,completed,True,COMPLETE
20,1.1168215887707815,2026-06-12 18:33:30.364326,2026-06-12 18:33:47.759763,0 days 00:00:17.395437,,,,,,19.0,sqrt,2.0,8.0,314.0,,,,,ExtraTreesRegressor,,,,,,13,,,,,,,,True,,,,,,,,,-0.05295405961571124,-0.03657576030386942,98.0,-0.04476490995979033,0.008189149655920908,0.04105938351226549,1.9844674545084815,1.102488394602939,1.1311547829386241,98.0,1.1168215887707815,0.014333194167842624,0.0718648627782388,1.9844674545084815,356590525336911.44,457328110004277.56,98.0,406959317670594.5,50368792333683.055,252542894973603.0,1.9844674545084815,3.2209064358001323,3.3148595907371723,98.0,3.2678830132686523,0.04697657746851984,0.23553474920061165,1.9844674545084815,0.9759719962907585,1.012574161512573,98.0,0.9942730789016657,0.018301082610907293,0.09175936466951694,1.9844674545084815,99.0,0.5656565656565656,-0.027048666422244228,0.000503634595279398,98.0,-0.013272515913482415,0.013776150508761813,0.06907191476870547,1.9844674545084815,ExtraTreesRegressor,"{'mode': 'original', 'type': 'ExtraTreesRegressor'}",13,"['nodes_T6W30', 'edges_T6W30', 're_T6W30', 'pe_T6W30', 'l1_T6W30', 'l2_T6W30', 'l3_T6W30', 'lcc_T6W30', 'lsc_T6W30', 'atd_T6W30', 'density_T6W30', 'diameter_T6W30', 'asp_T6W30']",0.07894407350963348,0.13179872999489337,98.0,0.10537140175226342,0.026427328242629947,0.13250335518464096,1.9844674545084815,1.3861250850652982,1.419819333917923,98.0,1.4029722094916106,0.016847124426312365,0.08446939816256499,1.9844674545084815,completed,True,COMPLETE
21,1.0932606762536383,2026-06-12 18:33:47.772295,2026-06-12 18:33:49.466230,0 days 00:00:01.693935,,,,0.003934396739328545,0.8448753109694546,,,,,,,,,,ElasticNet,,,,,,2,,,,,,,,True,,,,,,,,,-0.028033576287233457,-0.017516292936957355,98.0,-0.022774934612095406,0.00525864167513805,0.026366178952043424,1.9844674545084815,1.0809640733063548,1.1055572792009218,98.0,1.0932606762536383,0.012296602947283589,0.06165364629104385,1.9844674545084815,364982401057200.1,466831186663425.9,98.0,415906793860313.0,50924392803112.84,255328607008724.78,1.9844674545084815,3.160423360472397,3.220710439489323,98.0,3.19056689998086,0.030143539508462873,0.1511359788375881,1.9844674545084815,0.9759911417320761,0.9930614661916195,98.0,0.9845263039618478,0.008535162229771676,0.042794247761514234,1.9844674545084815,99.0,0.46464646464646464,-0.018948641708399116,-0.003490816050665111,98.0,-0.011219728879532114,0.007728912828867003,0.03875181298510929,1.9844674545084815,ElasticNet,"{'mode': 'original', 'type': 'ElasticNet'}",2,"['pe_T6W30', 'diameter_T6W30']",0.003411673406282841,0.05735053050087324,98.0,0.03038110195357804,0.0269694285472952,0.13522137906338072,1.9844674545084815,1.3866201887196634,1.4179699120534794,98.0,1.4022950503865714,0.01567486166690809,0.0785918176764487,1.9844674545084815,completed,True,COMPLETE
22,1.1525147803096738,2026-06-12 18:33:49.478417,2026-06-12 18:33:51.317497,0 days 00:00:01.839080,,,,,,,,,,,manhattan,6.0,distance,,KNeighborsRegressor,,,,,,12,,,,,0.02307884981527798,0.5284809078673598,LinearSVR,,,,,,,,,,-0.09244633283137704,-0.06462317884812149,98.0,-0.07853475583974927,0.013911576991627775,0.06975092640377682,1.9844674545084815,1.13452745585752,1.1705021047618276,98.0,1.1525147803096738,0.01798732445215377,0.09018622006822749,1.9844674545084815,374609167369100.8,482690494912475.8,98.0,428649831140788.3,54040663771687.48,270953204213922.2,1.9844674545084815,3.5855156155648236,3.774903969111256,98.0,3.6802097923380397,0.09469417677321627,0.47478489023565384,1.9844674545084815,0.9506241639840852,0.9972396283989108,98.0,0.973931896191498,0.02330773220741275,0.11686208650655358,1.9844674545084815,99.0,0.7676767676767676,-0.10999811784075005,-0.05848443619253636,98.0,-0.0842412770166432,0.025756840824106845,0.12914161419638287,1.9844674545084815,KNeighborsRegressor,"{'mode': 'proxy', 'type': 'LinearSVR'}",12,"['nodes_T6W30', 'edges_T6W30', 're_T6W30', 'pe_T6W30', 'l2_T6W30', 'l3_T6W30', 'lcc_T6W30', 'lsc_T6W30', 'atd_T6W30', 'density_T6W30', 'diameter_T6W30', 'asp_T6W30']",0.10541812270641693,0.15622066095991083,98.0,0.13081939183316388,0.025401269126746957,0.12735882168416507,1.9844674545084815,1.427533737548394,1.4709310512175853,98.0,1.4492323943829897,0.021698656834595702,0.10879438160328946,1.9844674545084815,completed,True,COMPLETE
23,1.125605413707367,2026-06-12 18:33:51.330840,2026-06-12 18:33:55.946018,0 days 00:00:04.615178,,,,,,19.0,log2,2.0,3.0,54.0,,,,,ExtraTreesRegressor,,,,,,9,,,,,,,,True,,,,,,,,,-0.06252035987011738,-0.043245194159480735,98.0,-0.05288277701479906,0.009637582855318324,0.04832164842678651,1.9844674545084815,1.1099008207950145,1.1413100066197195,98.0,1.125605413707367,0.015704592912352443,0.07874088646384281,1.9844674545084815,347137409523835.06,447241730309876.56,98.0,397189569916855.8,50052160393020.75,250955341585262.28,1.9844674545084815,3.2121530891341905,3.3167350867400724,98.0,3.2644440879371315,0.05229099880294098,0.2621806004652782,1.9844674545084815,0.9615888822980067,1.0078555419115445,98.0,0.9847222121047756,0.023133329806768924,0.11598765444042114,1.9844674545084815,99.0,0.5757575757575758,-0.0455285050548634,-0.010855838923135117,98.0,-0.02819217198899926,0.017336333065864143,0.08692222977425096,1.9844674545084815,ExtraTreesRegressor,"{'mode': 'original', 'type': 'ExtraTreesRegressor'}",9,"['edges_T6W30', 're_T6W30', 'pe_T6W30', 'l1_T6W30', 'l2_T6W30', 'l3_T6W30', 'lsc_T6W30', 'atd_T6W30', 'density_T6W30']",0.06383336086563185,0.11838203843095457,98.0,0.09110769964829321,0.02727433878266137,0.13675016127114792,1.9844674545084815,1.3946137318632084,1.4309957147803005,98.0,1.4128047233217544,0.018190991458546083,0.0912073812480346,1.9844674545084815,completed,True,COMPLETE
24,1.1724202084638256,2026-06-12 18:33:56.044179,2026-06-12 18:33:57.782215,0 days 00:00:01.738036,,,,,,,,,,,manhattan,10.0,distance,,KNeighborsRegressor,,,,,,3,,,,,1.111840595313212,0.029707920514735964,LinearSVR,,,,,,,,,,-0.10909681211516133,-0.08569215666927428,98.0,-0.0973944843922178,0.011702327722943525,0.058674023818230184,1.9844674545084815,1.1570427545181527,1.1877976624094984,98.0,1.1724202084638256,0.015377453945672697,0.07710065214659616,1.9844674545084815,344228290310698.7,443582913375082.7,98.0,393905601842890.7,49677311532191.98,249075895759678.1,1.9844674545084815,3.392178545403397,3.5010747894212026,98.0,3.4466266674123,0.05444812200890288,0.27299614941946776,1.9844674545084815,0.9905829362405381,1.0395066489061262,98.0,1.0150447925733321,0.024461856332794026,0.12264872212512792,1.9844674545084815,99.0,0.8282828282828283,-0.11623792374609199,-0.07309039923305802,98.0,-0.094664161489575,0.021573762256516988,0.10816817563619874,1.9844674545084815,KNeighborsRegressor,"{'mode': 'proxy', 'type': 'LinearSVR'}",3,"['edges_T6W30', 'pe_T6W30', 'l2_T6W30']",0.04620413578164826,0.1011956625151609,98.0,0.07369989914840458,0.02749576336675632,0.13786035674923702,1.9844674545084815,1.4386980643279754,1.4743805200759321,98.0,1.4565392922019538,0.017841227873978353,0.08945370989498906,1.9844674545084815,completed,True,COMPLETE
