number,value,datetime_start,datetime_complete,duration,params_dt_max_depth,params_dt_min_samples_leaf,params_dt_min_samples_split,params_elastic_alpha,params_elastic_l1_ratio,params_et_max_depth,params_et_max_features,params_et_min_samples_leaf,params_et_min_samples_split,params_et_n_estimators,params_knn_metric,params_knn_n_neighbors,params_knn_weights,params_quantile_alpha,params_regressor,params_rf_max_depth,params_rf_max_features,params_rf_min_samples_leaf,params_rf_min_samples_split,params_rf_n_estimators,params_rfe_n_features,params_rfe_proxy_et_max_depth,params_rfe_proxy_et_min_samples_leaf,params_rfe_proxy_et_min_samples_split,params_rfe_proxy_et_n_estimators,params_rfe_proxy_lsvr_C,params_rfe_proxy_lsvr_epsilon,params_rfe_proxy_type,params_use_scaler,params_xgb_booster,params_xgb_colsample_bytree,params_xgb_learning_rate,params_xgb_max_depth,params_xgb_n_estimators,params_xgb_reg_alpha,params_xgb_reg_lambda,params_xgb_subsample,user_attrs_d2mae_ci_lower_val,user_attrs_d2mae_ci_upper_val,user_attrs_d2mae_df_val,user_attrs_d2mae_mean_val,user_attrs_d2mae_samperror_val,user_attrs_d2mae_std_val,user_attrs_d2mae_t_critical_val,user_attrs_mae_ci_lower_val,user_attrs_mae_ci_upper_val,user_attrs_mae_df_val,user_attrs_mae_mean_val,user_attrs_mae_samperror_val,user_attrs_mae_std_val,user_attrs_mae_t_critical_val,user_attrs_mape_ci_lower_val,user_attrs_mape_ci_upper_val,user_attrs_mape_df_val,user_attrs_mape_mean_val,user_attrs_mape_samperror_val,user_attrs_mape_std_val,user_attrs_mape_t_critical_val,user_attrs_max_error_ci_lower_val,user_attrs_max_error_ci_upper_val,user_attrs_max_error_df_val,user_attrs_max_error_mean_val,user_attrs_max_error_samperror_val,user_attrs_max_error_std_val,user_attrs_max_error_t_critical_val,user_attrs_median_ae_ci_lower_val,user_attrs_median_ae_ci_upper_val,user_attrs_median_ae_df_val,user_attrs_median_ae_mean_val,user_attrs_median_ae_samperror_val,user_attrs_median_ae_std_val,user_attrs_median_ae_t_critical_val,user_attrs_n_splits_val,user_attrs_r2_below_zero_val,user_attrs_r2_ci_lower_val,user_attrs_r2_ci_upper_val,user_attrs_r2_df_val,user_attrs_r2_mean_val,user_attrs_r2_samperror_val,user_attrs_r2_std_val,user_attrs_r2_t_critical_val,user_attrs_regressor_final,user_attrs_rfe_estimator,user_attrs_rfe_n_features,user_attrs_rfe_selected_features,user_attrs_rho_ci_lower_val,user_attrs_rho_ci_upper_val,user_attrs_rho_df_val,user_attrs_rho_mean_val,user_attrs_rho_samperror_val,user_attrs_rho_std_val,user_attrs_rho_t_critical_val,user_attrs_rmse_ci_lower_val,user_attrs_rmse_ci_upper_val,user_attrs_rmse_df_val,user_attrs_rmse_mean_val,user_attrs_rmse_samperror_val,user_attrs_rmse_std_val,user_attrs_rmse_t_critical_val,user_attrs_termination_reason,user_attrs_use_scaler_final,state
215,1.093263231676287,2026-06-12 18:54:10.019461,2026-06-12 18:54:27.219751,0 days 00:00:17.200290,,,,,,13.0,log2,3.0,11.0,304.0,,,,,ExtraTreesRegressor,,,,,,7,,,,,,,,True,,,,,,,,,-0.028642917399098706,-0.01658567490459058,98.0,-0.022614296151844644,0.006028621247254063,0.03022676129288064,1.9844674545084815,1.0800024372100612,1.1065240261425127,98.0,1.093263231676287,0.013260794466225722,0.06648798331245794,1.9844674545084815,353988937087894.1,453086613808903.9,98.0,403537775448399.0,49548838360504.87,248431747166847.8,1.9844674545084815,3.0928699480762187,3.1380479770764147,98.0,3.1154589625763167,0.022589014500097898,0.11325852481558359,1.9844674545084815,0.9801232292129611,1.0088592931166933,98.0,0.9944912611648272,0.014368031951866117,0.07203953511847425,1.9844674545084815,99.0,0.35353535353535354,-0.0002651312186073545,0.01842580375805486,98.0,0.009080336269723753,0.009345467488331108,0.046857018106557555,1.9844674545084815,ExtraTreesRegressor,"{'mode': 'original', 'type': 'ExtraTreesRegressor'}",7,"['edges_T6W30', 're_T6W30', 'pe_T6W30', 'l2_T6W30', 'l3_T6W30', 'lcc_T6W30', 'lsc_T6W30']",0.09316570700624745,0.14746204550684006,98.0,0.12031387625654374,0.0271481692502963,0.13611756284095622,1.9844674545084815,1.3719019436500033,1.404246729705255,98.0,1.3880743366776291,0.01617239302762586,0.08108637838267783,1.9844674545084815,completed,True,COMPLETE
216,1.1643889879183995,2026-06-12 18:54:27.234184,2026-06-12 18:54:30.183976,0 days 00:00:02.949792,,,,,,,,,,,manhattan,5.0,uniform,,KNeighborsRegressor,,,,,,13,9.0,2.0,9.0,50.0,,,ExtraTrees,,,,,,,,,,-0.10400656296872922,-0.07462881040216345,98.0,-0.08931768668544633,0.014688876283282887,0.07364820891305471,1.9844674545084815,1.1448732214154755,1.1839047544213235,98.0,1.1643889879183995,0.019515766502923932,0.09784963946775836,1.9844674545084815,370344913164682.4,475607530209883.25,98.0,422976221687282.8,52631308522600.445,263886871308960.53,1.9844674545084815,3.540317040014112,3.7202890205919497,98.0,3.630303030303031,0.08998599028891884,0.4511786255282721,1.9844674545084815,0.9732718020166297,1.026728197983371,98.0,1.0000000000000002,0.02672819798337056,0.13401187885209806,1.9844674545084815,99.0,0.7777777777777778,-0.12559176964434088,-0.07073747478176223,98.0,-0.09816462221305156,0.027427147431289316,0.13751632493546312,1.9844674545084815,KNeighborsRegressor,"{'mode': 'proxy', 'type': 'ExtraTrees'}",13,"['nodes_T6W30', 'edges_T6W30', 're_T6W30', 'pe_T6W30', 'l1_T6W30', 'l2_T6W30', 'l3_T6W30', 'lcc_T6W30', 'lsc_T6W30', 'atd_T6W30', 'density_T6W30', 'diameter_T6W30', 'asp_T6W30']",0.11020245454285715,0.16297279396363645,98.0,0.1365876242532468,0.026385169710389646,0.13229197751830205,1.9844674545084815,1.4353441682439987,1.4814459469583776,98.0,1.4583950576011881,0.023050889357189405,0.11557430822275107,1.9844674545084815,completed,True,COMPLETE
217,1.1502357334916553,2026-06-12 18:54:30.197118,2026-06-12 18:55:08.474130,0 days 00:00:38.277012,,,,,,,,,,,,,,,RandomForestRegressor,10.0,,5.0,9.0,368.0,9,,,,,,,,True,,,,,,,,,-0.0885358124136618,-0.06383872888331514,98.0,-0.07618727064848847,0.012348541765173335,0.06191406109996933,1.9844674545084815,1.133140828704215,1.1673306382790956,98.0,1.1502357334916553,0.017094904787440197,0.08571173824692278,1.9844674545084815,346493214537881.1,448682242112817.5,98.0,397587728325349.3,51094513787468.21,256181572583127.38,1.9844674545084815,3.3042055725003334,3.42805729852935,98.0,3.3661314355148417,0.061925863014508364,0.3104886179485488,1.9844674545084815,0.9934058135881055,1.0435055207357582,98.0,1.0184556671619318,0.0250498535738263,0.12559686756611915,1.9844674545084815,99.0,0.7474747474747475,-0.09181170744768644,-0.04898308316285191,98.0,-0.07039739530526917,0.021414312142417267,0.10736871248544763,1.9844674545084815,RandomForestRegressor,"{'mode': 'original', 'type': 'RandomForestRegressor'}",9,"['re_T6W30', 'pe_T6W30', 'l1_T6W30', 'l2_T6W30', 'l3_T6W30', 'lsc_T6W30', 'atd_T6W30', 'density_T6W30', 'diameter_T6W30']",0.03708093089726812,0.0958336897064833,98.0,0.06645731030187571,0.029376379404607588,0.14728953296188851,1.9844674545084815,1.4215512811488233,1.459852924810428,98.0,1.4407021029796256,0.019150821830802217,0.09601985201936686,1.9844674545084815,completed,True,COMPLETE
218,1.1687612470971622,2026-06-12 18:55:08.487182,2026-06-12 18:55:51.943747,0 days 00:00:43.456565,,,,,,,,,,,,,,,RandomForestRegressor,13.0,,2.0,8.0,465.0,3,,,,,,,,True,,,,,,,,,-0.10596656133213714,-0.08080351511949696,98.0,-0.09338503822581705,0.012581523106320085,0.06308220072853625,1.9844674545084815,1.1510503191752959,1.1864721750190286,98.0,1.1687612470971622,0.017710927921866248,0.0888004020510504,1.9844674545084815,326212511810068.25,424723402862877.0,98.0,375467957336472.6,49255445526404.37,246960711784514.4,1.9844674545084815,3.339897845325818,3.5115098107844283,98.0,3.425703828055123,0.0858059827293054,0.4302205846222487,1.9844674545084815,1.0178048937924589,1.067218672917844,98.0,1.0425117833551514,0.02470688956269258,0.12387728843327686,1.9844674545084815,99.0,0.7474747474747475,-0.11520805343760925,-0.06615146142349061,98.0,-0.09067975743054993,0.024528296007059313,0.12298184243440399,1.9844674545084815,RandomForestRegressor,"{'mode': 'original', 'type': 'RandomForestRegressor'}",3,"['re_T6W30', 'pe_T6W30', 'l3_T6W30']",0.029864198541843696,0.08268364792905561,98.0,0.05627392323544965,0.026409724693605953,0.13241509316710284,1.9844674545084815,1.4332995794170602,1.474395341888701,98.0,1.4538474606528806,0.02054788123582034,0.10302453508295974,1.9844674545084815,completed,True,COMPLETE
219,1.3307988530183938,2026-06-12 18:55:51.956764,2026-06-12 18:55:52.101637,0 days 00:00:00.144873,17.0,1.0,20.0,,,,,,,,,,,,DecisionTreeRegressor,,,,,,12,,,,,,,,True,,,,,,,,,,,,,,,,,,,,,,,,,,,,,,,,,,,,,,,,,,,,,,,,,,,,,DecisionTreeRegressor,"{'mode': 'original', 'type': 'DecisionTreeRegressor'}",12,"['edges_T6W30', 're_T6W30', 'pe_T6W30', 'l1_T6W30', 'l2_T6W30', 'l3_T6W30', 'lcc_T6W30', 'lsc_T6W30', 'atd_T6W30', 'density_T6W30', 'diameter_T6W30', 'asp_T6W30']",,,,,,,,,,,,,,,pruned,True,PRUNED
220,1.1460824900982427,2026-06-12 18:55:52.111405,2026-06-12 18:56:00.091947,0 days 00:00:07.980542,,,,,,,,,,,,,,,XGBRegressor,,,,,,4,,,,,,,,False,gbtree,0.6053965507750143,0.009019282545016091,2.0,473.0,1.1595567099204797e-06,0.00016671124676531315,0.535517444522001,-0.0822910728265284,-0.062366907143678374,98.0,-0.07232898998510338,0.00996208284142501,0.04994865122183813,1.9844674545084815,1.130934782014519,1.1612301981819664,98.0,1.1460824900982427,0.01514770808372366,0.07594873481055124,1.9844674545084815,345329141641391.5,443082800667075.25,98.0,394205971154233.4,48876829512841.91,245062377921058.1,1.9844674545084815,3.231384041634991,3.3712649294217067,98.0,3.301324485528349,0.06994044389335818,0.35067273520385356,1.9844674545084815,0.9993825467877949,1.0422632088836967,98.0,1.0208228778357458,0.02144033104795086,0.10749916805968429,1.9844674545084815,99.0,0.6666666666666666,-0.05843155340319999,-0.024830760826966954,98.0,-0.04163115711508347,0.01680039628811652,0.08423510905714972,1.9844674545084815,XGBRegressor,"{'mode': 'original', 'type': 'XGBRegressor'}",4,"['re_T6W30', 'pe_T6W30', 'diameter_T6W30', 'asp_T6W30']",0.06213283837282484,0.11075307100689966,98.0,0.08644295468986225,0.02431011631703741,0.12188791645385734,1.9844674545084815,1.4048569890488816,1.438715287800313,98.0,1.4217861384245973,0.016929149375715817,0.08488066111374276,1.9844674545084815,completed,False,COMPLETE
221,1.1213337274286015,2026-06-12 18:56:00.105095,2026-06-12 18:56:01.857841,0 days 00:00:01.752746,,,,0.00044503574138373846,0.25646306101676597,,,,,,,,,,ElasticNet,,,,,,6,,,,,,,,True,,,,,,,,,-0.05763298882013481,-0.04087439486697111,98.0,-0.04925369184355296,0.008379296976581853,0.04201275865997728,1.9844674545084815,1.1077711821326421,1.1348962727245608,98.0,1.1213337274286015,0.013562545295959379,0.06800092465114999,1.9844674545084815,355208307199527.5,455673481252011.4,98.0,405440894225769.44,50232587026241.96,251859978408439.62,1.9844674545084815,3.171719567663732,3.2496988541998264,98.0,3.210709210931779,0.0389896432680471,0.19548924897125222,1.9844674545084815,0.9697625860734066,1.004951124232615,98.0,0.9873568551530109,0.017594269079604236,0.08821548904472018,1.9844674545084815,99.0,0.5454545454545454,-0.03440756360984763,-0.006803108739773184,98.0,-0.020605336174810408,0.013802227435037224,0.06920266125176541,1.9844674545084815,ElasticNet,"{'mode': 'original', 'type': 'ElasticNet'}",6,"['nodes_T6W30', 'pe_T6W30', 'l2_T6W30', 'density_T6W30', 'diameter_T6W30', 'asp_T6W30']",0.08037729544585016,0.13103492096848737,98.0,0.10570610820716876,0.0253288127613186,0.12699553442956266,1.9844674545084815,1.3917781503487603,1.4238603104549654,98.0,1.4078192304018629,0.01604108005310254,0.08042799136966346,1.9844674545084815,completed,True,COMPLETE
222,1.3017198408155164,2026-06-12 18:56:01.870414,2026-06-12 18:56:02.018592,0 days 00:00:00.148178,7.0,5.0,12.0,,,,,,,,,,,,DecisionTreeRegressor,,,,,,3,,,,,,,,False,,,,,,,,,,,,,,,,,,,,,,,,,,,,,,,,,,,,,,,,,,,,,,,,,,,,,DecisionTreeRegressor,"{'mode': 'original', 'type': 'DecisionTreeRegressor'}",3,"['re_T6W30', 'pe_T6W30', 'lsc_T6W30']",,,,,,,,,,,,,,,pruned,False,PRUNED
223,1.1540687009894741,2026-06-12 18:56:02.028558,2026-06-12 18:56:12.481463,0 days 00:00:10.452905,,,,,,,,,,,,,,,RandomForestRegressor,9.0,,4.0,7.0,75.0,12,,,,,,,,False,,,,,,,,,-0.09248637777810786,-0.06722612604029496,98.0,-0.07985625190920141,0.012630125868906458,0.06332588896878555,1.9844674545084815,1.1369648591986328,1.1711725427803155,98.0,1.1540687009894741,0.01710384179084127,0.08575654727661608,1.9844674545084815,347881019426672.25,449407293852015.25,98.0,398644156639343.75,50763137212671.516,254520091422904.47,1.9844674545084815,3.343034540241668,3.4727975792123478,98.0,3.407916059727008,0.06488151948533961,0.32530791392742076,1.9844674545084815,0.9981851872414684,1.0465831391421538,98.0,1.0223841631918111,0.02419897595034268,0.12133067240147723,1.9844674545084815,99.0,0.7474747474747475,-0.10137704839863532,-0.055518489472002,98.0,-0.07844776893531866,0.02292927946331666,0.11496457125600792,1.9844674545084815,RandomForestRegressor,"{'mode': 'original', 'type': 'RandomForestRegressor'}",12,"['edges_T6W30', 're_T6W30', 'pe_T6W30', 'l1_T6W30', 'l2_T6W30', 'l3_T6W30', 'lcc_T6W30', 'lsc_T6W30', 'atd_T6W30', 'density_T6W30', 'diameter_T6W30', 'asp_T6W30']",0.038151133774868604,0.09584676199844964,98.0,0.06699894788665912,0.02884781411179052,0.1446393719584982,1.9844674545084815,1.426277087952876,1.4652122637308829,98.0,1.4457446758418795,0.019467587889003414,0.09760807785645947,1.9844674545084815,completed,False,COMPLETE
224,1.149479237275179,2026-06-12 18:56:12.494723,2026-06-12 18:56:42.093780,0 days 00:00:29.599057,,,,,,,,,,,,,,,RandomForestRegressor,17.0,,5.0,5.0,267.0,11,,,,,,,,True,,,,,,,,,-0.08798097444685696,-0.0630983592353958,98.0,-0.07553966684112638,0.012441307605730575,0.062379177550921414,1.9844674545084815,1.1324690245954152,1.1664894499549427,98.0,1.149479237275179,0.017010212679763704,0.08528710249404739,1.9844674545084815,347016635686543.25,449297806978986.0,98.0,398157221332764.6,51140585646221.36,256412571184587.8,1.9844674545084815,3.3144602577497846,3.4345399688328415,98.0,3.374500113291313,0.060039855541528436,0.3010324097469937,1.9844674545084815,0.9947230097714669,1.0416147697882159,98.0,1.0181688897798413,0.02344588000837446,0.11755474249397489,1.9844674545084815,99.0,0.7171717171717171,-0.08934621905002421,-0.046489223169838,98.0,-0.0679177211099311,0.021428497940093105,0.10743983832044546,1.9844674545084815,RandomForestRegressor,"{'mode': 'original', 'type': 'RandomForestRegressor'}",11,"['edges_T6W30', 're_T6W30', 'pe_T6W30', 'l1_T6W30', 'l2_T6W30', 'l3_T6W30', 'lsc_T6W30', 'atd_T6W30', 'density_T6W30', 'diameter_T6W30', 'asp_T6W30']",0.03741174167802698,0.09641337588517788,98.0,0.06691255878160243,0.029500817103575452,0.1479134481936258,1.9844674545084815,1.419857071073215,1.4581625258351092,98.0,1.439009798454162,0.019152727380947036,0.09602940621210793,1.9844674545084815,completed,True,COMPLETE
225,1.076508666041159,2026-06-12 18:56:42.106898,2026-06-12 18:56:45.399501,0 days 00:00:03.292603,,,,,,,,,,,,,,0.007258824163134309,QuantileRegressor,,,,,,9,,,,,,,,False,,,,,,,,,-0.011167345956961271,-0.002689856455812151,98.0,-0.006928601206386711,0.00423874475057456,0.021252541916682237,1.9844674545084815,1.0641628503343894,1.0888544817479284,98.0,1.076508666041159,0.012345815706769602,0.0619003929803014,1.9844674545084815,378074480363800.3,481919972849872.7,98.0,429997226606836.5,51922746243036.19,260334227676673.4,1.9844674545084815,3.016640344577785,3.073871142500805,98.0,3.045255743539295,0.028615398961509803,0.1434740711409051,1.9844674545084815,0.9985881775399922,1.0055370399612416,98.0,1.0020626087506168,0.0034744312106246684,0.017420368360331374,1.9844674545084815,99.0,0.9191919191919192,-0.016519043923269035,-0.005647291948819358,98.0,-0.011083167936044197,0.005435875987224839,0.02725480987189021,1.9844674545084815,QuantileRegressor,"{'mode': 'original', 'type': 'QuantileRegressor'}",9,"['l1_T6W30', 'l2_T6W30', 'l3_T6W30', 'lcc_T6W30', 'lsc_T6W30', 'atd_T6W30', 'density_T6W30', 'diameter_T6W30', 'asp_T6W30']",-0.14640238730215574,-0.01668453764514574,20.0,-0.08154346247365074,0.064858924828505,0.14248616528235497,2.085963447265864,1.386479046565088,1.4186710172451253,98.0,1.4025750319051067,0.016095985340018583,0.0807032796873836,1.9844674545084815,completed,False,COMPLETE
226,1.468807728219493,2026-06-12 18:56:45.412176,2026-06-12 18:56:45.550618,0 days 00:00:00.138442,12.0,2.0,4.0,,,,,,,,,,,,DecisionTreeRegressor,,,,,,11,,,,,,,,False,,,,,,,,,,,,,,,,,,,,,,,,,,,,,,,,,,,,,,,,,,,,,,,,,,,,,DecisionTreeRegressor,"{'mode': 'original', 'type': 'DecisionTreeRegressor'}",11,"['edges_T6W30', 're_T6W30', 'pe_T6W30', 'l1_T6W30', 'l2_T6W30', 'l3_T6W30', 'lcc_T6W30', 'lsc_T6W30', 'atd_T6W30', 'density_T6W30', 'diameter_T6W30']",,,,,,,,,,,,,,,pruned,False,PRUNED
227,1.1310542055295731,2026-06-12 18:56:45.561698,2026-06-12 18:57:00.647797,0 days 00:00:15.086099,,,,,,,,,,,,,,,RandomForestRegressor,7.0,sqrt,5.0,2.0,162.0,3,,,,,,,,False,,,,,,,,,-0.06818047903468988,-0.04828783994760653,98.0,-0.0582341594911482,0.009946319543541674,0.049869615995910596,1.9844674545084815,1.1158845206164556,1.1462238904426907,98.0,1.1310542055295731,0.015169684913117537,0.07605892391496143,1.9844674545084815,339904361021910.3,436465930427477.44,98.0,388185145724693.9,48280784702783.555,242073882964321.47,1.9844674545084815,3.1600704035552227,3.254851508001695,98.0,3.207460955778459,0.04739055222323608,0.23761036741892086,1.9844674545084815,0.9755050564178998,1.0211967594235332,98.0,0.9983509079207165,0.022845851502816653,0.11454627378072131,1.9844674545084815,99.0,0.6060606060606061,-0.04238354190433961,-0.009245880196234249,98.0,-0.025814711050286928,0.01656883085405268,0.08307406861157221,1.9844674545084815,RandomForestRegressor,"{'mode': 'original', 'type': 'RandomForestRegressor'}",3,"['re_T6W30', 'pe_T6W30', 'lsc_T6W30']",0.0870795409409634,0.14047576988589938,98.0,0.11377765541343139,0.02669811447246799,0.13386104384926586,1.9844674545084815,1.3940685116271962,1.4279004621182645,98.0,1.4109844868727304,0.016915975245534155,0.08481460765443417,1.9844674545084815,completed,False,COMPLETE
228,1.134344821966864,2026-06-12 18:57:00.661010,2026-06-12 18:57:18.654243,0 days 00:00:17.993233,,,,,,10.0,,1.0,10.0,261.0,,,,,ExtraTreesRegressor,,,,,,13,,,,,,,,False,,,,,,,,,-0.07208361422549611,-0.05033839505952711,98.0,-0.06121100464251161,0.010872609582984501,0.05451391968690202,1.9844674545084815,1.1181900886599134,1.1504995552738144,98.0,1.134344821966864,0.016154733306950518,0.08099783472742736,1.9844674545084815,353515757211737.7,456169597616980.56,98.0,404842677414359.1,51326920202621.46,257346829603871.72,1.9844674545084815,3.41725848217915,3.5600075898314443,98.0,3.488633036005297,0.07137455382614702,0.3578631850311506,1.9844674545084815,0.9748650594683449,1.016054967823181,98.0,0.995460013645763,0.020594954177418044,0.10326055298998543,1.9844674545084815,99.0,0.6767676767676768,-0.07647094224790162,-0.03659163081323277,98.0,-0.056531286530567194,0.019939655717334425,0.09997496756071969,1.9844674545084815,ExtraTreesRegressor,"{'mode': 'original', 'type': 'ExtraTreesRegressor'}",13,"['nodes_T6W30', 'edges_T6W30', 're_T6W30', 'pe_T6W30', 'l1_T6W30', 'l2_T6W30', 'l3_T6W30', 'lcc_T6W30', 'lsc_T6W30', 'atd_T6W30', 'density_T6W30', 'diameter_T6W30', 'asp_T6W30']",0.05974607511464563,0.11540936022939621,98.0,0.08757771767202092,0.027831642557375295,0.13954441346829366,1.9844674545084815,1.41257912377308,1.4508184683983332,98.0,1.4316987960857066,0.01911967231262657,0.09586367218791497,1.9844674545084815,completed,False,COMPLETE
229,1.0691225985343638,2026-06-12 18:57:18.670878,2026-06-12 18:57:21.336779,0 days 00:00:02.665901,,,,,,,,,,,,,,0.03542175278867556,QuantileRegressor,,,,,,8,,,,,,,,False,,,,,,,,,-6.170117367139842e-16,-3.7433892365837773e-16,98.0,-4.95675330186181e-16,1.2133640652780326e-16,6.083657350214807e-16,1.9844674545084815,1.0575870578016933,1.0806581392670342,98.0,1.0691225985343638,0.011535540732670524,0.05783777447779661,1.9844674545084815,378756762949842.4,482894502655208.75,98.0,430825632802525.56,52068869852683.18,261066873382366.97,1.9844674545084815,3.000000000000001,3.0000000000000018,98.0,3.0000000000000013,4.235498137303256e-16,2.1236263799292345e-15,1.9844674545084815,0.9999999999999999,1.0000000000000009,98.0,1.0000000000000004,4.998393592650634e-16,2.5061327254839838e-15,1.9844674545084815,99.0,0.9292929292929293,-0.004402232239554306,-0.002812910014847342,98.0,-0.003607571127200824,0.000794661112353482,0.00398433253088912,1.9844674545084815,QuantileRegressor,"{'mode': 'original', 'type': 'QuantileRegressor'}",8,"['l2_T6W30', 'l3_T6W30', 'lcc_T6W30', 'lsc_T6W30', 'atd_T6W30', 'density_T6W30', 'diameter_T6W30', 'asp_T6W30']",-0.4223648182036489,0.3237514684539633,1.0,-0.049306674874842776,0.3730581433288061,0.041521752309506464,12.706204736174694,1.3817940130923385,1.413236739470511,98.0,1.3975153762814247,0.015721363189086183,0.07882497055717959,1.9844674545084815,completed,False,COMPLETE
