number,value,datetime_start,datetime_complete,duration,params_dt_max_depth,params_dt_min_samples_leaf,params_dt_min_samples_split,params_elastic_alpha,params_elastic_l1_ratio,params_et_max_depth,params_et_max_features,params_et_min_samples_leaf,params_et_min_samples_split,params_et_n_estimators,params_knn_metric,params_knn_n_neighbors,params_knn_weights,params_quantile_alpha,params_regressor,params_rf_max_depth,params_rf_max_features,params_rf_min_samples_leaf,params_rf_min_samples_split,params_rf_n_estimators,params_rfe_n_features,params_rfe_proxy_et_max_depth,params_rfe_proxy_et_min_samples_leaf,params_rfe_proxy_et_min_samples_split,params_rfe_proxy_et_n_estimators,params_rfe_proxy_lsvr_C,params_rfe_proxy_lsvr_epsilon,params_rfe_proxy_type,params_use_scaler,params_xgb_booster,params_xgb_colsample_bytree,params_xgb_learning_rate,params_xgb_max_depth,params_xgb_n_estimators,params_xgb_reg_alpha,params_xgb_reg_lambda,params_xgb_subsample,user_attrs_d2mae_ci_lower_val,user_attrs_d2mae_ci_upper_val,user_attrs_d2mae_df_val,user_attrs_d2mae_mean_val,user_attrs_d2mae_samperror_val,user_attrs_d2mae_std_val,user_attrs_d2mae_t_critical_val,user_attrs_mae_ci_lower_val,user_attrs_mae_ci_upper_val,user_attrs_mae_df_val,user_attrs_mae_mean_val,user_attrs_mae_samperror_val,user_attrs_mae_std_val,user_attrs_mae_t_critical_val,user_attrs_mape_ci_lower_val,user_attrs_mape_ci_upper_val,user_attrs_mape_df_val,user_attrs_mape_mean_val,user_attrs_mape_samperror_val,user_attrs_mape_std_val,user_attrs_mape_t_critical_val,user_attrs_max_error_ci_lower_val,user_attrs_max_error_ci_upper_val,user_attrs_max_error_df_val,user_attrs_max_error_mean_val,user_attrs_max_error_samperror_val,user_attrs_max_error_std_val,user_attrs_max_error_t_critical_val,user_attrs_median_ae_ci_lower_val,user_attrs_median_ae_ci_upper_val,user_attrs_median_ae_df_val,user_attrs_median_ae_mean_val,user_attrs_median_ae_samperror_val,user_attrs_median_ae_std_val,user_attrs_median_ae_t_critical_val,user_attrs_n_splits_val,user_attrs_r2_below_zero_val,user_attrs_r2_ci_lower_val,user_attrs_r2_ci_upper_val,user_attrs_r2_df_val,user_attrs_r2_mean_val,user_attrs_r2_samperror_val,user_attrs_r2_std_val,user_attrs_r2_t_critical_val,user_attrs_regressor_final,user_attrs_rfe_estimator,user_attrs_rfe_n_features,user_attrs_rfe_selected_features,user_attrs_rho_ci_lower_val,user_attrs_rho_ci_upper_val,user_attrs_rho_df_val,user_attrs_rho_mean_val,user_attrs_rho_samperror_val,user_attrs_rho_std_val,user_attrs_rho_t_critical_val,user_attrs_rmse_ci_lower_val,user_attrs_rmse_ci_upper_val,user_attrs_rmse_df_val,user_attrs_rmse_mean_val,user_attrs_rmse_samperror_val,user_attrs_rmse_std_val,user_attrs_rmse_t_critical_val,user_attrs_termination_reason,user_attrs_use_scaler_final,state
200,1.1315662081946662,2026-06-12 18:52:14.641928,2026-06-12 18:52:16.484424,0 days 00:00:01.842496,,,,,,,,,,,,,,,LinearRegression,,,,,,11,,,,,,,,False,,,,,,,,,-0.0685689036296887,-0.04935961954948369,98.0,-0.058964261589586196,0.009604642040102505,0.04815648725352903,1.9844674545084815,1.1175568284253827,1.1455755879639498,98.0,1.1315662081946662,0.01400937976928353,0.07024129743435495,1.9844674545084815,349571250814066.94,449682439592840.44,98.0,399626845203453.7,50055594389386.74,250972559218312.72,1.9844674545084815,3.4555151786521376,3.716021600237873,98.0,3.5857683894450054,0.13025321079286778,0.6530734887451386,1.9844674545084815,0.9376785464647311,0.976703221945285,98.0,0.9571908842050081,0.019512337740276903,0.09783244807592745,1.9844674545084815,99.0,0.6464646464646465,-0.07483583189249893,-0.033843413203386664,98.0,-0.0543396225479428,0.020496209344556135,0.10276545861112031,1.9844674545084815,LinearRegression,"{'mode': 'original', 'type': 'LinearRegression'}",11,"['nodes_T6W30', 'edges_T6W30', 're_T6W30', 'pe_T6W30', 'l1_T6W30', 'l2_T6W30', 'lcc_T6W30', 'atd_T6W30', 'density_T6W30', 'diameter_T6W30', 'asp_T6W30']",0.12008096066565763,0.1660191928578997,98.0,0.14305007676177867,0.022969116096121046,0.11516430720575577,1.9844674545084815,1.4113974592345218,1.4484793607744175,98.0,1.4299384100044696,0.018540950769947807,0.09296203395121759,1.9844674545084815,completed,False,COMPLETE
201,1.0691225985343633,2026-06-12 18:52:16.511680,2026-06-12 18:52:18.801300,0 days 00:00:02.289620,,,,,,,,,,,,,,0.05845961471326635,QuantileRegressor,,,,,,8,,,,,,,,False,,,,,,,,,-3.114362962395344e-16,-1.909676583383142e-16,98.0,-2.512019772889243e-16,6.02343189506101e-17,3.0200742522821807e-16,1.9844674545084815,1.0575870578016928,1.0806581392670338,98.0,1.0691225985343633,0.011535540732670515,0.05783777447779657,1.9844674545084815,378756762949842.3,482894502655208.7,98.0,430825632802525.5,52068869852683.18,261066873382366.97,1.9844674545084815,3.000000000000001,3.0000000000000018,98.0,3.0000000000000013,2.48433842064978e-16,1.2456165569518379e-15,1.9844674545084815,0.9999999999999996,1.0000000000000002,98.0,0.9999999999999999,2.9905192390417956e-16,1.4994093586731172e-15,1.9844674545084815,99.0,0.9393939393939394,-0.004402232239554245,-0.002812910014847291,98.0,-0.003607571127200768,0.0007946611123534773,0.003984332530889097,1.9844674545084815,QuantileRegressor,"{'mode': 'original', 'type': 'QuantileRegressor'}",8,"['l2_T6W30', 'l3_T6W30', 'lcc_T6W30', 'lsc_T6W30', 'atd_T6W30', 'density_T6W30', 'diameter_T6W30', 'asp_T6W30']",,,0.0,0.1391613295308335,,,,1.3817940130923385,1.413236739470511,98.0,1.3975153762814247,0.01572136318908618,0.07882497055717957,1.9844674545084815,completed,False,COMPLETE
202,1.0928804100696285,2026-06-12 18:52:18.814030,2026-06-12 18:52:20.846922,0 days 00:00:02.032892,,,,0.000787528498540362,0.6939495905101568,,,,,,,,,,ElasticNet,,,,,,4,,,,,,,,False,,,,,,,,,-0.02971835593982109,-0.01496220908167824,98.0,-0.022340282510749664,0.007378073429071425,0.036992747627571904,1.9844674545084815,1.0791595412114408,1.1066012789278163,98.0,1.0928804100696285,0.013720868858187867,0.0687947394101546,1.9844674545084815,347413489007123.44,446098901774859.56,98.0,396756195390991.5,49342706383868.055,247398226931110.9,1.9844674545084815,3.351358906669628,3.591682933982541,98.0,3.4715209203260846,0.12016201365645669,0.6024774744175454,1.9844674545084815,0.9613851063461034,0.9840798431654769,98.0,0.9727324747557902,0.011347368409686793,0.0568943017241638,1.9844674545084815,99.0,0.3838383838383838,-0.025547140529535044,0.005253306830880053,98.0,-0.010146916849327494,0.015400223680207548,0.07721481677931391,1.9844674545084815,ElasticNet,"{'mode': 'original', 'type': 'ElasticNet'}",4,"['edges_T6W30', 'pe_T6W30', 'l2_T6W30', 'asp_T6W30']",0.1281790469510985,0.1766125681229258,98.0,0.15239580753701215,0.024216760585913665,0.12141984236456455,1.9844674545084815,1.3831352199851015,1.4182529569964402,98.0,1.4006940884907708,0.017558868505669407,0.0880379949454771,1.9844674545084815,completed,False,COMPLETE
203,1.0996909018615106,2026-06-12 18:52:20.862191,2026-06-12 18:52:45.171169,0 days 00:00:24.308978,,,,,,6.0,,1.0,5.0,451.0,,,,,ExtraTreesRegressor,,,,,,4,,,,,,,,False,,,,,,,,,-0.03788659074763893,-0.01947213841312491,98.0,-0.02867936458038192,0.009207226167257008,0.04616389322085959,1.9844674545084815,1.0846762774423473,1.114705526280674,98.0,1.0996909018615106,0.015014624419163338,0.07528146977669646,1.9844674545084815,344091200162480.06,443215863109944.94,98.0,393653531636212.5,49562331473732.414,248499399967695.56,1.9844674545084815,3.1994238004885753,3.343437855239161,98.0,3.271430827863868,0.07200702737529278,0.3610343291800383,1.9844674545084815,0.9951648897499153,1.0256107729215946,98.0,1.010387831335755,0.015222941585839651,0.07632594628501953,1.9844674545084815,99.0,0.41414141414141414,-0.01772401057772156,0.014053577745888323,98.0,-0.001835216415916619,0.015888794161804942,0.0796644487459462,1.9844674545084815,ExtraTreesRegressor,"{'mode': 'original', 'type': 'ExtraTreesRegressor'}",4,"['edges_T6W30', 're_T6W30', 'pe_T6W30', 'l3_T6W30']",0.11166077165750689,0.16382117996498163,98.0,0.13774097581124425,0.02608020415373737,0.13076291793644865,1.9844674545084815,1.3769644318295378,1.4127053296986138,98.0,1.3948348807640758,0.017870448934538038,0.0896002206784729,1.9844674545084815,completed,False,COMPLETE
204,1.1113793770919689,2026-06-12 18:52:45.183923,2026-06-12 18:53:06.734411,0 days 00:00:21.550488,,,,,,15.0,log2,3.0,3.0,364.0,,,,,ExtraTreesRegressor,,,,,,8,,,,,,,,False,,,,,,,,,-0.047467812852696356,-0.03174534535668573,98.0,-0.03960657910469104,0.007861233748005311,0.0394152537077571,1.9844674545084815,1.0970791661589652,1.1256795880249726,98.0,1.1113793770919689,0.01430021093300377,0.07169948891823802,1.9844674545084815,352448896865151.8,452568742124853.06,98.0,402508819495002.44,50059922629850.625,250994260480666.78,1.9844674545084815,3.155173532005902,3.2254475106598166,98.0,3.1903105213328593,0.03513698932695711,0.17617251862027095,1.9844674545084815,0.988031041508886,1.0249273862274744,98.0,1.0064792138681802,0.018448172359294173,0.0924968544753569,1.9844674545084815,99.0,0.45454545454545453,-0.024193610119718108,0.002920464202770699,98.0,-0.010636572958473705,0.013557037161244404,0.06797330754495437,1.9844674545084815,ExtraTreesRegressor,"{'mode': 'original', 'type': 'ExtraTreesRegressor'}",8,"['edges_T6W30', 're_T6W30', 'pe_T6W30', 'l2_T6W30', 'l3_T6W30', 'lcc_T6W30', 'lsc_T6W30', 'atd_T6W30']",0.07273804335725528,0.1260323358869046,98.0,0.09938518962207994,0.026647146264824655,0.13360549556006743,1.9844674545084815,1.3842875008280218,1.4182106381810509,98.0,1.4012490695045363,0.016961568676514657,0.08504320747821624,1.9844674545084815,completed,False,COMPLETE
205,1.1173571037378676,2026-06-12 18:53:06.748558,2026-06-12 18:53:08.726277,0 days 00:00:01.977719,,,,,,,,,,,minkowski,18.0,distance,,KNeighborsRegressor,,,,,,10,,,,,0.1748691422370216,0.0326366689670085,LinearSVR,,,,,,,,,,-0.05454113599605936,-0.03563277059713594,98.0,-0.04508695329659765,0.00945418269946171,0.047402102728890824,1.9844674545084815,1.1015594768866799,1.1331547305890552,98.0,1.1173571037378676,0.015797626851187713,0.0792073471264016,1.9844674545084815,361242390481511.3,464341035285425.44,98.0,412791712883468.4,51549322401957.086,258461926723862.72,1.9844674545084815,3.2183811541761935,3.3237172224606173,98.0,3.2710491883184054,0.05266803414221192,0.2640710090233401,1.9844674545084815,0.961234752214597,1.0020007130912156,98.0,0.9816177326529063,0.020382980438309325,0.10219774287974388,1.9844674545084815,99.0,0.5555555555555556,-0.025147427893484738,0.007400097043260284,98.0,-0.008873665425112228,0.01627376246837251,0.08159463222085643,1.9844674545084815,KNeighborsRegressor,"{'mode': 'proxy', 'type': 'LinearSVR'}",10,"['nodes_T6W30', 'edges_T6W30', 're_T6W30', 'pe_T6W30', 'l2_T6W30', 'lcc_T6W30', 'lsc_T6W30', 'atd_T6W30', 'density_T6W30', 'diameter_T6W30']",0.09317775056653423,0.14996813751935872,98.0,0.12157294404294647,0.028395193476412242,0.14236998807440648,1.9844674545084815,1.381338838769207,1.418244167499854,98.0,1.3997915031345305,0.018452664365323633,0.09251937683800167,1.9844674545084815,completed,True,COMPLETE
206,1.2887545787545787,2026-06-12 18:53:08.770954,2026-06-12 18:53:08.984982,0 days 00:00:00.214028,10.0,5.0,5.0,,,,,,,,,,,,DecisionTreeRegressor,,,,,,12,,,,,,,,False,,,,,,,,,,,,,,,,,,,,,,,,,,,,,,,,,,,,,,,,,,,,,,,,,,,,,DecisionTreeRegressor,"{'mode': 'original', 'type': 'DecisionTreeRegressor'}",12,"['nodes_T6W30', 'edges_T6W30', 're_T6W30', 'pe_T6W30', 'l1_T6W30', 'l2_T6W30', 'l3_T6W30', 'lcc_T6W30', 'lsc_T6W30', 'atd_T6W30', 'density_T6W30', 'diameter_T6W30']",,,,,,,,,,,,,,,pruned,False,PRUNED
207,1.088404579477692,2026-06-12 18:53:08.998916,2026-06-12 18:53:33.881570,0 days 00:00:24.882654,,,,,,3.0,log2,1.0,9.0,486.0,,,,,ExtraTreesRegressor,,,,,,13,,,,,,,,False,,,,,,,,,-0.022390837151228426,-0.013924674697081748,98.0,-0.018157755924155087,0.004233081227073339,0.021224145710331408,1.9844674545084815,1.0763232841893262,1.1004858747660577,98.0,1.088404579477692,0.012081295288365762,0.06057412031923025,1.9844674545084815,363638485184871.9,464727266268400.75,98.0,414182875726636.3,50544390541764.45,253423322670325.78,1.9844674545084815,3.083810564694692,3.123026679531176,98.0,3.103418622112934,0.01960805741824195,0.09831237470230138,1.9844674545084815,0.9800721461675947,0.9985298564090039,98.0,0.9893010012882993,0.009228855120704623,0.04627233811830171,1.9844674545084815,99.0,0.48484848484848486,-0.005851184036772477,0.007702670908528493,98.0,0.0009257434358780079,0.006776927472650485,0.033978676153900766,1.9844674545084815,ExtraTreesRegressor,"{'mode': 'original', 'type': 'ExtraTreesRegressor'}",13,"['nodes_T6W30', 'edges_T6W30', 're_T6W30', 'pe_T6W30', 'l1_T6W30', 'l2_T6W30', 'l3_T6W30', 'lcc_T6W30', 'lsc_T6W30', 'atd_T6W30', 'density_T6W30', 'diameter_T6W30', 'asp_T6W30']",0.06841483094890913,0.11832925828009894,98.0,0.09337204461450403,0.024957213665594905,0.1251323825242731,1.9844674545084815,1.378336437863222,1.4095723032468375,98.0,1.3939543705550297,0.015617932691807787,0.07830638283646948,1.9844674545084815,completed,False,COMPLETE
208,1.1271032925660038,2026-06-12 18:53:33.894417,2026-06-12 18:53:35.779530,0 days 00:00:01.885113,,,,,,,,,,,,,,,LinearRegression,,,,,,10,,,,,,,,True,,,,,,,,,-0.06374438737989918,-0.04574153790222991,98.0,-0.05474296264106455,0.00900142473883464,0.04513203031298656,1.9844674545084815,1.1133905713508065,1.1408160137812011,98.0,1.1271032925660038,0.013712721215197253,0.06875388813592849,1.9844674545084815,352179860830913.0,452382020497175.75,98.0,402280940664044.4,50101079833131.37,251200617607450.34,1.9844674545084815,3.321048408243278,3.562012463571191,98.0,3.4415304359072345,0.12048202766395656,0.6040819850707039,1.9844674545084815,0.9519651611658063,0.9905530986651586,98.0,0.9712591299154825,0.01929396874967617,0.0967375729656919,1.9844674545084815,99.0,0.5858585858585859,-0.05567132180486199,-0.019368799831759542,98.0,-0.03752006081831077,0.018151260986551225,0.09100817757545539,1.9844674545084815,LinearRegression,"{'mode': 'original', 'type': 'LinearRegression'}",10,"['nodes_T6W30', 'edges_T6W30', 're_T6W30', 'pe_T6W30', 'l1_T6W30', 'l2_T6W30', 'atd_T6W30', 'density_T6W30', 'diameter_T6W30', 'asp_T6W30']",0.11400807336797637,0.16080425331124387,98.0,0.13740616333961012,0.023398089971633743,0.11731512916059497,1.9844674545084815,1.4013161801524407,1.436296912614192,98.0,1.4188065463833164,0.017490366230875715,0.08769453301226121,1.9844674545084815,completed,True,COMPLETE
209,1.2823529411764707,2026-06-12 18:53:35.793699,2026-06-12 18:53:36.163312,0 days 00:00:00.369613,,,,,,,,,,,minkowski,2.0,uniform,,KNeighborsRegressor,,,,,,4,8.0,1.0,10.0,60.0,,,ExtraTrees,,,,,,,,,,,,,,,,,,,,,,,,,,,,,,,,,,,,,,,,,,,,,,,,,,,,,,KNeighborsRegressor,"{'mode': 'proxy', 'type': 'ExtraTrees'}",4,"['edges_T6W30', 're_T6W30', 'pe_T6W30', 'l3_T6W30']",,,,,,,,,,,,,,,pruned,True,PRUNED
210,1.0706480386457866,2026-06-12 18:53:36.179391,2026-06-12 18:53:38.452137,0 days 00:00:02.272746,,,,,,,,,,,,,,0.023421035943396177,QuantileRegressor,,,,,,10,,,,,,,,True,,,,,,,,,-0.003483988088606128,0.0006138802672226858,98.0,-0.001435053910691721,0.002048934177914407,0.010273102548754858,1.9844674545084815,1.0589374371782694,1.0823586401133038,98.0,1.0706480386457866,0.011710601467517338,0.05871550735019776,1.9844674545084815,377796158553599.06,481952401872249.2,98.0,429874280212924.1,52078121659325.086,261113260796573.84,1.9844674545084815,2.9955883234023246,3.0226939846779826,98.0,3.0091411540401536,0.013552830637829163,0.0679522165568278,1.9844674545084815,0.9988564389113586,1.0021588254085663,98.0,1.0005076321599624,0.001651193248603873,0.008278878723173838,1.9844674545084815,99.0,0.9191919191919192,-0.006856936457210852,-0.002929080288873358,98.0,-0.004893008373042105,0.001963928084168747,0.009846892508563555,1.9844674545084815,QuantileRegressor,"{'mode': 'original', 'type': 'QuantileRegressor'}",10,"['pe_T6W30', 'l1_T6W30', 'l2_T6W30', 'l3_T6W30', 'lcc_T6W30', 'lsc_T6W30', 'atd_T6W30', 'density_T6W30', 'diameter_T6W30', 'asp_T6W30']",-0.2716404808903009,0.2533504844307577,3.0,-0.009144998229771589,0.2624954826605293,0.16496459483053458,3.1824463052837078,1.3826578386294648,1.4141096911456017,98.0,1.3983837648875332,0.01572592625806837,0.07884784922068003,1.9844674545084815,completed,True,COMPLETE
211,1.292384064737006,2026-06-12 18:53:38.471712,2026-06-12 18:53:38.630514,0 days 00:00:00.158802,15.0,5.0,9.0,,,,,,,,,,,,DecisionTreeRegressor,,,,,,9,,,,,,,,True,,,,,,,,,,,,,,,,,,,,,,,,,,,,,,,,,,,,,,,,,,,,,,,,,,,,,DecisionTreeRegressor,"{'mode': 'original', 'type': 'DecisionTreeRegressor'}",9,"['re_T6W30', 'pe_T6W30', 'l1_T6W30', 'l2_T6W30', 'l3_T6W30', 'lcc_T6W30', 'lsc_T6W30', 'density_T6W30', 'diameter_T6W30']",,,,,,,,,,,,,,,pruned,True,PRUNED
212,1.1042808220243832,2026-06-12 18:53:38.639929,2026-06-12 18:53:47.648496,0 days 00:00:09.008567,,,,,,13.0,sqrt,4.0,4.0,148.0,,,,,ExtraTreesRegressor,,,,,,4,,,,,,,,False,,,,,,,,,-0.039786010353070764,-0.026150920499946634,98.0,-0.0329684654265087,0.006817544926562066,0.03418232704410541,1.9844674545084815,1.0906441403350442,1.1179175037137221,98.0,1.1042808220243832,0.013636681689338988,0.06837263535810827,1.9844674545084815,351376654172394.9,449644943933457.6,98.0,400510799052926.25,49134144880531.36,246352525348993.1,1.9844674545084815,3.11685974483215,3.1814029856210158,98.0,3.149131365226583,0.03227162039443291,0.16180591319139365,1.9844674545084815,0.9810133259626403,1.011383075178828,98.0,0.9961982005707342,0.015184874608093786,0.07613508316685802,1.9844674545084815,99.0,0.3838383838383838,-0.009473152874557623,0.011072652673372457,98.0,0.0007997498994074167,0.01027290277396504,0.05150706392030314,1.9844674545084815,ExtraTreesRegressor,"{'mode': 'original', 'type': 'ExtraTreesRegressor'}",4,"['re_T6W30', 'pe_T6W30', 'l2_T6W30', 'lsc_T6W30']",0.08110305286905053,0.1354804651229966,98.0,0.10829175899602357,0.02718870612697304,0.13632080972687144,1.9844674545084815,1.377573791704185,1.4097898685551644,98.0,1.3936818301296747,0.016108038425489794,0.08076371236716871,1.9844674545084815,completed,False,COMPLETE
213,1.100069087102735,2026-06-12 18:53:47.708153,2026-06-12 18:54:00.976489,0 days 00:00:13.268336,,,,,,,,,,,,,,,XGBRegressor,,,,,,12,,,,,,,,False,gbtree,0.944059094467018,0.006312158622574144,8.0,67.0,8.46477785593672e-06,1.284245525384529,0.9489595934788329,-0.034524778837422394,-0.023410506489262135,98.0,-0.028967642663342265,0.00555713617408013,0.027862793450900834,1.9844674545084815,1.0869293976996517,1.1132087765058183,98.0,1.100069087102735,0.013139689403083396,0.06588077750455788,1.9844674545084815,362743999948208.6,465444792232718.75,98.0,414094396090463.7,51350396142255.05,257464535061608.62,1.9844674545084815,3.176912978457586,3.239129137495648,98.0,3.208021057976617,0.031108079519031218,0.15597206315291334,1.9844674545084815,0.9747254370104997,0.9992919374327857,98.0,0.9870086872216427,0.012283250211142975,0.06158669732354768,1.9844674545084815,99.0,0.5252525252525253,-0.017100259155987577,0.0004368812217276658,98.0,-0.008331688967129956,0.008768570188857622,0.04396452639966269,1.9844674545084815,XGBRegressor,"{'mode': 'original', 'type': 'XGBRegressor'}",12,"['edges_T6W30', 're_T6W30', 'pe_T6W30', 'l1_T6W30', 'l2_T6W30', 'l3_T6W30', 'lcc_T6W30', 'lsc_T6W30', 'atd_T6W30', 'density_T6W30', 'diameter_T6W30', 'asp_T6W30']",0.01976086398339842,0.08112783464995263,98.0,0.050444349316675526,0.030683485333277107,0.1538432004208284,1.9844674545084815,1.3841416137696685,1.416422338209466,98.0,1.4002819759895673,0.016140362219898775,0.08092577987441597,1.9844674545084815,completed,False,COMPLETE
214,1.0833531053524172,2026-06-12 18:54:00.989395,2026-06-12 18:54:09.978583,0 days 00:00:08.989188,,,,,,2.0,,1.0,6.0,158.0,,,,,ExtraTreesRegressor,,,,,,8,,,,,,,,False,,,,,,,,,-0.018439567496726324,-0.008259831543637698,98.0,-0.013349699520182012,0.005089867976544314,0.025519968501812682,1.9844674545084815,1.0706590603932384,1.096047150311596,98.0,1.0833531053524172,0.012694044959178889,0.06364637138167603,1.9844674545084815,362506627180024.75,463555177355808.25,98.0,413030902267916.5,50524275087891.734,253322466272557.28,1.9844674545084815,3.0855485804291685,3.1259801952532533,98.0,3.105764387841211,0.020215807412042215,0.10135955800258213,1.9844674545084815,0.9791376895127255,0.998464045649466,98.0,0.9888008675810958,0.009663178068370195,0.048449979659323586,1.9844674545084815,99.0,0.43434343434343436,-0.00506230069211956,0.010750892668208856,98.0,0.002844295988044648,0.007906596680164208,0.039642697838956534,1.9844674545084815,ExtraTreesRegressor,"{'mode': 'original', 'type': 'ExtraTreesRegressor'}",8,"['nodes_T6W30', 'edges_T6W30', 're_T6W30', 'pe_T6W30', 'l2_T6W30', 'l3_T6W30', 'lcc_T6W30', 'lsc_T6W30']",0.07118988158857688,0.12345818311399266,98.0,0.09732403235128477,0.026134150762707888,0.13103339956152252,1.9844674545084815,1.3766417149599133,1.4084942709911696,98.0,1.3925679929755415,0.015926278015628216,0.07985238815288263,1.9844674545084815,completed,False,COMPLETE
