number,value,datetime_start,datetime_complete,duration,params_dt_max_depth,params_dt_min_samples_leaf,params_dt_min_samples_split,params_elastic_alpha,params_elastic_l1_ratio,params_et_max_depth,params_et_max_features,params_et_min_samples_leaf,params_et_min_samples_split,params_et_n_estimators,params_knn_metric,params_knn_n_neighbors,params_knn_weights,params_quantile_alpha,params_regressor,params_rf_max_depth,params_rf_max_features,params_rf_min_samples_leaf,params_rf_min_samples_split,params_rf_n_estimators,params_rfe_n_features,params_rfe_proxy_et_max_depth,params_rfe_proxy_et_min_samples_leaf,params_rfe_proxy_et_min_samples_split,params_rfe_proxy_et_n_estimators,params_rfe_proxy_lsvr_C,params_rfe_proxy_lsvr_epsilon,params_rfe_proxy_type,params_use_scaler,params_xgb_booster,params_xgb_colsample_bytree,params_xgb_learning_rate,params_xgb_max_depth,params_xgb_n_estimators,params_xgb_reg_alpha,params_xgb_reg_lambda,params_xgb_subsample,user_attrs_d2mae_ci_lower_val,user_attrs_d2mae_ci_upper_val,user_attrs_d2mae_df_val,user_attrs_d2mae_mean_val,user_attrs_d2mae_samperror_val,user_attrs_d2mae_std_val,user_attrs_d2mae_t_critical_val,user_attrs_mae_ci_lower_val,user_attrs_mae_ci_upper_val,user_attrs_mae_df_val,user_attrs_mae_mean_val,user_attrs_mae_samperror_val,user_attrs_mae_std_val,user_attrs_mae_t_critical_val,user_attrs_mape_ci_lower_val,user_attrs_mape_ci_upper_val,user_attrs_mape_df_val,user_attrs_mape_mean_val,user_attrs_mape_samperror_val,user_attrs_mape_std_val,user_attrs_mape_t_critical_val,user_attrs_max_error_ci_lower_val,user_attrs_max_error_ci_upper_val,user_attrs_max_error_df_val,user_attrs_max_error_mean_val,user_attrs_max_error_samperror_val,user_attrs_max_error_std_val,user_attrs_max_error_t_critical_val,user_attrs_median_ae_ci_lower_val,user_attrs_median_ae_ci_upper_val,user_attrs_median_ae_df_val,user_attrs_median_ae_mean_val,user_attrs_median_ae_samperror_val,user_attrs_median_ae_std_val,user_attrs_median_ae_t_critical_val,user_attrs_n_splits_val,user_attrs_r2_below_zero_val,user_attrs_r2_ci_lower_val,user_attrs_r2_ci_upper_val,user_attrs_r2_df_val,user_attrs_r2_mean_val,user_attrs_r2_samperror_val,user_attrs_r2_std_val,user_attrs_r2_t_critical_val,user_attrs_regressor_final,user_attrs_rfe_estimator,user_attrs_rfe_n_features,user_attrs_rfe_selected_features,user_attrs_rho_ci_lower_val,user_attrs_rho_ci_upper_val,user_attrs_rho_df_val,user_attrs_rho_mean_val,user_attrs_rho_samperror_val,user_attrs_rho_std_val,user_attrs_rho_t_critical_val,user_attrs_rmse_ci_lower_val,user_attrs_rmse_ci_upper_val,user_attrs_rmse_df_val,user_attrs_rmse_mean_val,user_attrs_rmse_samperror_val,user_attrs_rmse_std_val,user_attrs_rmse_t_critical_val,user_attrs_termination_reason,user_attrs_use_scaler_final,state
124,1.0691225985343633,2026-06-12 18:43:42.998403,2026-06-12 18:43:45.221595,0 days 00:00:02.223192,,,,,,,,,,,,,,0.025992279021942115,QuantileRegressor,,,,,,3,,,,,,,,True,,,,,,,,,-2.407794711318563e-17,-2.8365504534848316e-18,98.0,-1.3457248783335231e-17,1.06206983298504e-17,5.3250867820947893e-17,1.9844674545084815,1.0575870578016928,1.0806581392670338,98.0,1.0691225985343633,0.011535540732670517,0.057837774477796575,1.9844674545084815,378756762949842.3,482894502655208.7,98.0,430825632802525.5,52068869852683.17,261066873382366.94,1.9844674545084815,3.0,3.0,98.0,3.0,5.368275765320657e-17,2.691587072029329e-16,1.9844674545084815,1.0,1.0,98.0,1.0,5.368275765320657e-17,2.691587072029329e-16,1.9844674545084815,99.0,0.9191919191919192,-0.004402232239554242,-0.002812910014847294,98.0,-0.003607571127200768,0.0007946611123534741,0.00398433253088908,1.9844674545084815,QuantileRegressor,"{'mode': 'original', 'type': 'QuantileRegressor'}",3,"['density_T6W30', 'diameter_T6W30', 'asp_T6W30']",,,,,,,,1.3817940130923385,1.413236739470511,98.0,1.3975153762814247,0.01572136318908618,0.07882497055717957,1.9844674545084815,completed,True,COMPLETE
125,1.2212979467881429,2026-06-12 18:43:45.233984,2026-06-12 18:43:47.475204,0 days 00:00:02.241220,,,,,,,,,,,euclidean,3.0,uniform,,KNeighborsRegressor,,,,,,11,11.0,2.0,4.0,30.0,,,ExtraTrees,,,,,,,,,,-0.16236074874316245,-0.1245583932376962,98.0,-0.14345957099042933,0.018901177752733127,0.0947681674887766,1.9844674545084815,1.1997755050971608,1.242820388479125,98.0,1.2212979467881429,0.02152244169098196,0.10791086066811222,1.9844674545084815,347799128808304.3,452602944003565.06,98.0,400201036405934.7,52401907597630.38,262736683444265.22,1.9844674545084815,3.73052025718891,3.966449439780788,98.0,3.848484848484849,0.1179645912959391,0.5914598704867532,1.9844674545084815,1.013906995692215,1.0938371120518926,98.0,1.0538720538720538,0.03996505817983878,0.20037985869626562,1.9844674545084815,99.0,0.8686868686868687,-0.2539070713661564,-0.18070638812788858,98.0,-0.2173067297470225,0.036600341619133905,0.18350958602074244,1.9844674545084815,KNeighborsRegressor,"{'mode': 'proxy', 'type': 'ExtraTrees'}",11,"['edges_T6W30', 're_T6W30', 'pe_T6W30', 'l1_T6W30', 'l2_T6W30', 'l3_T6W30', 'lcc_T6W30', 'lsc_T6W30', 'atd_T6W30', 'diameter_T6W30', 'asp_T6W30']",0.08498765562288467,0.13730333813865514,98.0,0.11114549688076991,0.02615784125788524,0.1311521807742189,1.9844674545084815,1.5076168634380598,1.5591137867395943,98.0,1.533365325088827,0.02574846165076734,0.1290996020576239,1.9844674545084815,completed,True,COMPLETE
126,1.309345062917658,2026-06-12 18:43:47.491160,2026-06-12 18:43:49.992689,0 days 00:00:02.501529,8.0,1.0,19.0,,,,,,,,,,,,DecisionTreeRegressor,,,,,,9,,,,,,,,True,,,,,,,,,-0.25002590887211673,-0.20105544826108687,98.0,-0.22554067856660182,0.024485230305514933,0.12276591633337629,1.9844674545084815,1.2815316344965395,1.3371584913387764,98.0,1.309345062917658,0.027813428421118454,0.1394530900418896,1.9844674545084815,383428007848577.06,511175144130873.56,98.0,447301575989725.3,63873568141148.26,320254170554574.5,1.9844674545084815,4.327829494580788,4.721724828983817,98.0,4.5247771617823025,0.196947667201514,0.987471244175672,1.9844674545084815,1.0464107340798423,1.1091745040125407,98.0,1.0777926190461915,0.031381884966349236,0.1573448898005555,1.9844674545084815,99.0,0.9797979797979798,-0.5213138588367772,-0.4075783483818496,98.0,-0.4644461036093134,0.05686775522746376,0.2851278911086769,1.9844674545084815,DecisionTreeRegressor,"{'mode': 'original', 'type': 'DecisionTreeRegressor'}",9,"['edges_T6W30', 're_T6W30', 'pe_T6W30', 'l3_T6W30', 'lcc_T6W30', 'lsc_T6W30', 'atd_T6W30', 'diameter_T6W30', 'asp_T6W30']",0.01858801796976102,0.07390081241772196,98.0,0.04624441519374149,0.027656397223980472,0.13866575504160458,1.9844674545084815,1.6439483834410473,1.7134378564735622,98.0,1.6786931199573047,0.03474473651625747,0.17420581154261536,1.9844674545084815,completed,True,COMPLETE
127,1.0912905069454328,2026-06-12 18:43:50.005192,2026-06-12 18:43:53.002695,0 days 00:00:02.997503,,,,,,,,,,,,,,,XGBRegressor,,,,,,5,,,,,,,,False,gblinear,0.8042636363482333,0.014099932173699115,7.0,139.0,1.3981615309912755e-05,1.0638050900691945e-07,0.9860026648157685,-0.023171842609002295,-0.01881713978290683,98.0,-0.020994491195954562,0.0021773514130477337,0.010916970682622918,1.9844674545084815,1.0803893562953288,1.1021916575955368,98.0,1.0912905069454328,0.010901150650103929,0.054657021067380344,1.9844674545084815,366522975350461.25,468132083619066.4,98.0,417327529484763.8,50804554134302.57,254727750745373.6,1.9844674545084815,3.094958085700985,3.118824667906254,98.0,3.1068913768036195,0.011933291102634528,0.05983204563764648,1.9844674545084815,0.9515936399193933,0.9665158107580353,98.0,0.9590547253387143,0.007461085419320994,0.03740895947947146,1.9844674545084815,99.0,0.5959595959595959,-0.009053960893942555,-0.003746851501633466,98.0,-0.006400406197788011,0.002653554696154545,0.013304595045641559,1.9844674545084815,XGBRegressor,"{'mode': 'original', 'type': 'XGBRegressor'}",5,"['re_T6W30', 'pe_T6W30', 'l1_T6W30', 'l2_T6W30', 'density_T6W30']",-0.01968745467378971,0.0364110961029907,98.0,0.008361820714600496,0.028049275388390207,0.1406355975654167,1.9844674545084815,1.384199970241548,1.4142106348028045,98.0,1.3992053025221762,0.015005332280628262,0.07523488014336562,1.9844674545084815,completed,False,COMPLETE
128,1.0954415523047913,2026-06-12 18:43:53.015309,2026-06-12 18:44:07.510828,0 days 00:00:14.495519,,,,,,11.0,sqrt,5.0,3.0,256.0,,,,,ExtraTreesRegressor,,,,,,6,,,,,,,,True,,,,,,,,,-0.029454372625620017,-0.01995892429363177,98.0,-0.024706648459625894,0.004747724165994122,0.02380450175325093,1.9844674545084815,1.0829561344163188,1.107926970193264,98.0,1.0954415523047913,0.012485417888472536,0.06260034105287636,1.9844674545084815,358457043048083.0,458594139251487.0,98.0,408525591149785.0,50068548101702.02,251037507529701.34,1.9844674545084815,3.074784610636124,3.1155425263210725,98.0,3.0951635684785983,0.020378957842474305,0.10217757408175575,1.9844674545084815,0.9735309687701109,0.9981565324479097,98.0,0.9858437506090103,0.012312781838899391,0.06173476525254388,1.9844674545084815,99.0,0.3939393939393939,-0.0015866771105328076,0.012866598021959288,98.0,0.00563996045571324,0.007226637566246048,0.036233466941479865,1.9844674545084815,ExtraTreesRegressor,"{'mode': 'original', 'type': 'ExtraTreesRegressor'}",6,"['re_T6W30', 'pe_T6W30', 'l1_T6W30', 'l2_T6W30', 'lcc_T6W30', 'lsc_T6W30']",0.07843974751562878,0.13003639203814335,98.0,0.10423806977688607,0.02579832226125729,0.12934959699168672,1.9844674545084815,1.3750491142527794,1.4061532299541355,98.0,1.3906011721034575,0.015552057850678026,0.07797609453067442,1.9844674545084815,completed,True,COMPLETE
129,1.1330499311671354,2026-06-12 18:44:07.523526,2026-06-12 18:44:15.977366,0 days 00:00:08.453840,,,,,,8.0,,3.0,10.0,124.0,,,,,ExtraTreesRegressor,,,,,,12,,,,,,,,False,,,,,,,,,-0.07052803249128464,-0.049478787567644844,98.0,-0.06000341002946474,0.010524622461819901,0.052769155301640606,1.9844674545084815,1.117166476961558,1.1489333853727128,98.0,1.1330499311671354,0.015883454205577574,0.07963767486588655,1.9844674545084815,351210844937956.3,453122011701645.3,98.0,402166428319800.8,50955583381844.48,255484992712725.88,1.9844674545084815,3.3176963850728716,3.4298324311941033,98.0,3.3737644081334874,0.05606802306061595,0.2811181329377589,1.9844674545084815,0.9854132641432047,1.0240595716383936,98.0,1.0047364178907991,0.019323153747594426,0.09688390293555195,1.9844674545084815,99.0,0.7171717171717171,-0.06503949260237335,-0.027375772011752196,98.0,-0.04620763230706277,0.018831860295310573,0.09442061833068424,1.9844674545084815,ExtraTreesRegressor,"{'mode': 'original', 'type': 'ExtraTreesRegressor'}",12,"['edges_T6W30', 're_T6W30', 'pe_T6W30', 'l1_T6W30', 'l2_T6W30', 'l3_T6W30', 'lcc_T6W30', 'lsc_T6W30', 'atd_T6W30', 'density_T6W30', 'diameter_T6W30', 'asp_T6W30']",0.04962079692694216,0.10564594538123889,98.0,0.07763337115409052,0.02801257422714837,0.14045158248227743,1.9844674545084815,1.4065187829873143,1.4429246017478916,98.0,1.424721692367603,0.018202909380288738,0.09126713623360223,1.9844674545084815,completed,False,COMPLETE
130,1.0901859479845526,2026-06-12 18:44:15.989606,2026-06-12 18:44:18.499373,0 days 00:00:02.509767,,,,,,,,,,,,,,0.00033679722132229183,QuantileRegressor,,,,,,9,,,,,,,,True,,,,,,,,,-0.028286684063402637,-0.011452433551277973,98.0,-0.019869558807340305,0.008417125256062332,0.04220242497455918,1.9844674545084815,1.0759881013450066,1.1043837946240986,98.0,1.0901859479845526,0.01419784663954595,0.07118624701161247,1.9844674545084815,339984644229805.56,435771675025652.44,98.0,387878159627729.0,47893515397923.46,240132162568568.03,1.9844674545084815,3.302405518174406,3.4506532889389154,98.0,3.3765294035566606,0.07412388538225491,0.371647993406583,1.9844674545084815,0.9409022389635843,0.9671731332459746,98.0,0.9540376861047795,0.013135447141195222,0.06585950732814828,1.9844674545084815,99.0,0.47474747474747475,-0.016667507026445726,0.01229112344462377,98.0,-0.002188191790910978,0.014479315235534748,0.07259749573888505,1.9844674545084815,QuantileRegressor,"{'mode': 'original', 'type': 'QuantileRegressor'}",9,"['re_T6W30', 'pe_T6W30', 'l1_T6W30', 'l2_T6W30', 'lcc_T6W30', 'atd_T6W30', 'density_T6W30', 'diameter_T6W30', 'asp_T6W30']",0.12729258949411001,0.1793953992981379,96.0,0.15334399439612395,0.026051404902013933,0.12925874573797427,1.984984311522457,1.378354831374257,1.4118080199435898,98.0,1.3950814256589235,0.01672659428466645,0.08386507493993965,1.9844674545084815,completed,True,COMPLETE
131,1.1504540028924997,2026-06-12 18:44:18.512360,2026-06-12 18:44:57.712677,0 days 00:00:39.200317,,,,,,,,,,,,,,,RandomForestRegressor,9.0,,3.0,12.0,409.0,5,,,,,,,,False,,,,,,,,,-0.08916773291751103,-0.06372951223024391,98.0,-0.07644862257387747,0.012719110343633561,0.06377204611915781,1.9844674545084815,1.1331692392017707,1.1677387665832286,98.0,1.1504540028924997,0.017284763690728927,0.08666366730560274,1.9844674545084815,344327529263416.94,446139734462015.2,98.0,395233631862716.06,50906102599299.125,255236902188998.84,1.9844674545084815,3.347123537547104,3.47507769326207,98.0,3.411100615404587,0.06397707785748315,0.32077315546983576,1.9844674545084815,0.9908660049600216,1.0400019246664711,98.0,1.0154339648132464,0.02456795985322475,0.12318071205331502,1.9844674545084815,99.0,0.6767676767676768,-0.09485224478093753,-0.04950250940083613,98.0,-0.07217737709088683,0.022674867690050695,0.11368898209138566,1.9844674545084815,RandomForestRegressor,"{'mode': 'original', 'type': 'RandomForestRegressor'}",5,"['re_T6W30', 'pe_T6W30', 'l3_T6W30', 'lsc_T6W30', 'diameter_T6W30']",0.04214397158274395,0.10058103313634568,98.0,0.07136250235954482,0.029218530776800866,0.1464980994653331,1.9844674545084815,1.4221121179455727,1.4609991828187092,98.0,1.441555650382141,0.0194435324365682,0.09748746679321137,1.9844674545084815,completed,False,COMPLETE
132,1.1527238730433529,2026-06-12 18:44:57.726459,2026-06-12 18:45:23.360521,0 days 00:00:25.634062,,,,,,,,,,,,,,,RandomForestRegressor,13.0,,5.0,2.0,248.0,7,,,,,,,,True,,,,,,,,,-0.09140343804305029,-0.06584515349607059,98.0,-0.07862429576956044,0.012779142273489853,0.06407303879049929,1.9844674545084815,1.1355561077036798,1.169891638383026,98.0,1.1527238730433529,0.017167765339673118,0.08607705204417203,1.9844674545084815,339715324702341.25,439642419586925.4,98.0,389678872144633.3,49963547442292.03,250511047210266.5,1.9844674545084815,3.2817786205712642,3.4029387365888737,98.0,3.342358678580069,0.0605800580088047,0.30374091810379616,1.9844674545084815,0.985337684787949,1.0360031652445691,98.0,1.010670425016259,0.025332740228310016,0.12701522626329484,1.9844674545084815,99.0,0.7171717171717171,-0.08937225334175744,-0.04601986090091758,98.0,-0.06769605712133751,0.021676196220419934,0.10868176686181906,1.9844674545084815,RandomForestRegressor,"{'mode': 'original', 'type': 'RandomForestRegressor'}",7,"['re_T6W30', 'pe_T6W30', 'l1_T6W30', 'l2_T6W30', 'l3_T6W30', 'lsc_T6W30', 'diameter_T6W30']",0.0437521510878329,0.10176911656455606,98.0,0.07276063382619448,0.029008482738361582,0.14544494458007073,1.9844674545084815,1.4196637916231194,1.4578596598373008,98.0,1.43876172573021,0.019097934107090674,0.09575467951401488,1.9844674545084815,completed,True,COMPLETE
133,1.1271032925660038,2026-06-12 18:45:23.415357,2026-06-12 18:45:25.923843,0 days 00:00:02.508486,,,,,,,,,,,,,,,LinearRegression,,,,,,10,,,,,,,,True,,,,,,,,,-0.06374438737989918,-0.04574153790222991,98.0,-0.05474296264106455,0.00900142473883464,0.04513203031298656,1.9844674545084815,1.1133905713508065,1.1408160137812011,98.0,1.1271032925660038,0.013712721215197253,0.06875388813592849,1.9844674545084815,352179860830913.0,452382020497175.75,98.0,402280940664044.4,50101079833131.37,251200617607450.34,1.9844674545084815,3.321048408243278,3.562012463571191,98.0,3.4415304359072345,0.12048202766395656,0.6040819850707039,1.9844674545084815,0.9519651611658063,0.9905530986651586,98.0,0.9712591299154825,0.01929396874967617,0.0967375729656919,1.9844674545084815,99.0,0.5858585858585859,-0.05567132180486199,-0.019368799831759542,98.0,-0.03752006081831077,0.018151260986551225,0.09100817757545539,1.9844674545084815,LinearRegression,"{'mode': 'original', 'type': 'LinearRegression'}",10,"['nodes_T6W30', 'edges_T6W30', 're_T6W30', 'pe_T6W30', 'l1_T6W30', 'l2_T6W30', 'atd_T6W30', 'density_T6W30', 'diameter_T6W30', 'asp_T6W30']",0.11400807336797637,0.16080425331124387,98.0,0.13740616333961012,0.023398089971633743,0.11731512916059497,1.9844674545084815,1.4013161801524407,1.436296912614192,98.0,1.4188065463833164,0.017490366230875715,0.08769453301226121,1.9844674545084815,completed,True,COMPLETE
134,1.1315662081946662,2026-06-12 18:45:25.944872,2026-06-12 18:45:28.382217,0 days 00:00:02.437345,,,,,,,,,,,,,,,LinearRegression,,,,,,11,,,,,,,,False,,,,,,,,,-0.0685689036296887,-0.04935961954948369,98.0,-0.058964261589586196,0.009604642040102505,0.04815648725352903,1.9844674545084815,1.1175568284253827,1.1455755879639498,98.0,1.1315662081946662,0.01400937976928353,0.07024129743435495,1.9844674545084815,349571250814066.94,449682439592840.44,98.0,399626845203453.7,50055594389386.74,250972559218312.72,1.9844674545084815,3.4555151786521376,3.716021600237873,98.0,3.5857683894450054,0.13025321079286778,0.6530734887451386,1.9844674545084815,0.9376785464647311,0.976703221945285,98.0,0.9571908842050081,0.019512337740276903,0.09783244807592745,1.9844674545084815,99.0,0.6464646464646465,-0.07483583189249893,-0.033843413203386664,98.0,-0.0543396225479428,0.020496209344556135,0.10276545861112031,1.9844674545084815,LinearRegression,"{'mode': 'original', 'type': 'LinearRegression'}",11,"['nodes_T6W30', 'edges_T6W30', 're_T6W30', 'pe_T6W30', 'l1_T6W30', 'l2_T6W30', 'lcc_T6W30', 'atd_T6W30', 'density_T6W30', 'diameter_T6W30', 'asp_T6W30']",0.12008096066565763,0.1660191928578997,98.0,0.14305007676177867,0.022969116096121046,0.11516430720575577,1.9844674545084815,1.4113974592345218,1.4484793607744175,98.0,1.4299384100044696,0.018540950769947807,0.09296203395121759,1.9844674545084815,completed,False,COMPLETE
135,1.1345548945241304,2026-06-12 18:45:28.415277,2026-06-12 18:45:39.630409,0 days 00:00:11.215132,,,,,,,,,,,,,,,RandomForestRegressor,8.0,sqrt,4.0,6.0,114.0,12,,,,,,,,False,,,,,,,,,-0.07228200786736046,-0.0506113600840207,98.0,-0.06144668397569058,0.010835323891669874,0.05432697384227451,1.9844674545084815,1.1185826307177742,1.1505271583304866,98.0,1.1345548945241304,0.015972263806356246,0.08008295521991038,1.9844674545084815,354143863137224.75,456019245382874.0,98.0,405081554260049.4,50937691122824.61,255395283138977.16,1.9844674545084815,3.2546368624674185,3.361752661515568,98.0,3.3081947619914933,0.053557899524074734,0.2685326839863537,1.9844674545084815,0.9883798109988237,1.0368427782068608,98.0,1.0126112946028423,0.024231483604018597,0.12149366175634856,1.9844674545084815,99.0,0.6262626262626263,-0.059365362637060846,-0.023361835453575126,98.0,-0.041363599045317986,0.01800176359174286,0.09025861612824418,1.9844674545084815,RandomForestRegressor,"{'mode': 'original', 'type': 'RandomForestRegressor'}",12,"['nodes_T6W30', 're_T6W30', 'pe_T6W30', 'l1_T6W30', 'l2_T6W30', 'l3_T6W30', 'lcc_T6W30', 'lsc_T6W30', 'atd_T6W30', 'density_T6W30', 'diameter_T6W30', 'asp_T6W30']",0.05510779370274574,0.11285605524925296,98.0,0.08398192447599935,0.028874130773253612,0.14477132044413787,1.9844674545084815,1.4036094986920293,1.439667034297249,98.0,1.4216382664946392,0.018028767802609855,0.09039401190155655,1.9844674545084815,completed,False,COMPLETE
136,1.0968887285062077,2026-06-12 18:45:39.643490,2026-06-12 18:45:41.766460,0 days 00:00:02.122970,,,,0.0013674069569182747,0.83704112524294,,,,,,,,,,ElasticNet,,,,,,5,,,,,,,,False,,,,,,,,,-0.03347291122747594,-0.01875444942600373,98.0,-0.026113680326739837,0.007359230900736105,0.03689827352100807,1.9844674545084815,1.0832210888458884,1.110556368166527,98.0,1.0968887285062077,0.01366763966031917,0.06852785479561334,1.9844674545084815,349920042073419.25,448371350408088.1,98.0,399145696240753.7,49225654167334.46,246811341594836.84,1.9844674545084815,3.34399416699621,3.5806747359618285,98.0,3.4623344514790193,0.11834028448280916,0.5933435496586792,1.9844674545084815,0.9689576491331257,0.9926382571638409,98.0,0.9807979531484833,0.011840304015357616,0.05936581988300652,1.9844674545084815,99.0,0.40404040404040403,-0.03037222116529893,0.0011381170484125354,98.0,-0.014617052058443197,0.015755169106855732,0.07899446924764257,1.9844674545084815,ElasticNet,"{'mode': 'original', 'type': 'ElasticNet'}",5,"['edges_T6W30', 'pe_T6W30', 'l2_T6W30', 'diameter_T6W30', 'asp_T6W30']",0.11200614350509265,0.16052998518562456,98.0,0.1362680643453586,0.02426192084026595,0.12164627029430951,1.9844674545084815,1.386054683422077,1.4214515670200643,98.0,1.4037531252210707,0.01769844179899358,0.08873779817529395,1.9844674545084815,completed,False,COMPLETE
