number,value,datetime_start,datetime_complete,duration,params_dt_max_depth,params_dt_min_samples_leaf,params_dt_min_samples_split,params_elastic_alpha,params_elastic_l1_ratio,params_et_max_depth,params_et_max_features,params_et_min_samples_leaf,params_et_min_samples_split,params_et_n_estimators,params_knn_metric,params_knn_n_neighbors,params_knn_weights,params_quantile_alpha,params_regressor,params_rf_max_depth,params_rf_max_features,params_rf_min_samples_leaf,params_rf_min_samples_split,params_rf_n_estimators,params_rfe_n_features,params_rfe_proxy_et_max_depth,params_rfe_proxy_et_min_samples_leaf,params_rfe_proxy_et_min_samples_split,params_rfe_proxy_et_n_estimators,params_rfe_proxy_lsvr_C,params_rfe_proxy_lsvr_epsilon,params_rfe_proxy_type,params_use_scaler,params_xgb_booster,params_xgb_colsample_bytree,params_xgb_learning_rate,params_xgb_max_depth,params_xgb_n_estimators,params_xgb_reg_alpha,params_xgb_reg_lambda,params_xgb_subsample,user_attrs_d2mae_ci_lower_val,user_attrs_d2mae_ci_upper_val,user_attrs_d2mae_df_val,user_attrs_d2mae_mean_val,user_attrs_d2mae_samperror_val,user_attrs_d2mae_std_val,user_attrs_d2mae_t_critical_val,user_attrs_mae_ci_lower_val,user_attrs_mae_ci_upper_val,user_attrs_mae_df_val,user_attrs_mae_mean_val,user_attrs_mae_samperror_val,user_attrs_mae_std_val,user_attrs_mae_t_critical_val,user_attrs_mape_ci_lower_val,user_attrs_mape_ci_upper_val,user_attrs_mape_df_val,user_attrs_mape_mean_val,user_attrs_mape_samperror_val,user_attrs_mape_std_val,user_attrs_mape_t_critical_val,user_attrs_max_error_ci_lower_val,user_attrs_max_error_ci_upper_val,user_attrs_max_error_df_val,user_attrs_max_error_mean_val,user_attrs_max_error_samperror_val,user_attrs_max_error_std_val,user_attrs_max_error_t_critical_val,user_attrs_median_ae_ci_lower_val,user_attrs_median_ae_ci_upper_val,user_attrs_median_ae_df_val,user_attrs_median_ae_mean_val,user_attrs_median_ae_samperror_val,user_attrs_median_ae_std_val,user_attrs_median_ae_t_critical_val,user_attrs_n_splits_val,user_attrs_r2_below_zero_val,user_attrs_r2_ci_lower_val,user_attrs_r2_ci_upper_val,user_attrs_r2_df_val,user_attrs_r2_mean_val,user_attrs_r2_samperror_val,user_attrs_r2_std_val,user_attrs_r2_t_critical_val,user_attrs_regressor_final,user_attrs_rfe_estimator,user_attrs_rfe_n_features,user_attrs_rfe_selected_features,user_attrs_rho_ci_lower_val,user_attrs_rho_ci_upper_val,user_attrs_rho_df_val,user_attrs_rho_mean_val,user_attrs_rho_samperror_val,user_attrs_rho_std_val,user_attrs_rho_t_critical_val,user_attrs_rmse_ci_lower_val,user_attrs_rmse_ci_upper_val,user_attrs_rmse_df_val,user_attrs_rmse_mean_val,user_attrs_rmse_samperror_val,user_attrs_rmse_std_val,user_attrs_rmse_t_critical_val,user_attrs_termination_reason,user_attrs_use_scaler_final,state
152,1.207843137254902,2026-06-12 18:47:40.463488,2026-06-12 18:47:40.688384,0 days 00:00:00.224896,,,,,,,,,,,manhattan,3.0,uniform,,KNeighborsRegressor,,,,,,7,3.0,4.0,2.0,40.0,,,ExtraTrees,,,,,,,,,,,,,,,,,,,,,,,,,,,,,,,,,,,,,,,,,,,,,,,,,,,,,,KNeighborsRegressor,"{'mode': 'proxy', 'type': 'ExtraTrees'}",7,"['nodes_T6W30', 'edges_T6W30', 're_T6W30', 'pe_T6W30', 'l2_T6W30', 'l3_T6W30', 'lsc_T6W30']",,,,,,,,,,,,,,,pruned,True,PRUNED
153,1.1546366939715824,2026-06-12 18:47:40.699008,2026-06-12 18:48:33.444015,0 days 00:00:52.745007,,,,,,,,,,,,,,,RandomForestRegressor,9.0,,2.0,6.0,483.0,8,,,,,,,,True,,,,,,,,,-0.09287527860719315,-0.06769538208236643,98.0,-0.08028533034477979,0.012589948262413357,0.0631244434191353,1.9844674545084815,1.1372223820031584,1.1720510059400064,98.0,1.1546366939715824,0.01741431196842393,0.08731320634698375,1.9844674545084815,353936892182602.9,459209670785557.5,98.0,406573281484080.2,52636389301477.32,263912345705840.8,1.9844674545084815,3.416619066811471,3.5692135347198484,98.0,3.4929163007656596,0.07629723395418868,0.3825448943389458,1.9844674545084815,0.9762812519928785,1.0249732478005125,98.0,1.0006272498966955,0.024345997903816977,0.1220678222920106,1.9844674545084815,99.0,0.797979797979798,-0.1102350780727195,-0.064023862072233,98.0,-0.08712947007247625,0.023105608000243246,0.11584866073123089,1.9844674545084815,RandomForestRegressor,"{'mode': 'original', 'type': 'RandomForestRegressor'}",8,"['re_T6W30', 'pe_T6W30', 'l1_T6W30', 'l2_T6W30', 'l3_T6W30', 'lsc_T6W30', 'atd_T6W30', 'diameter_T6W30']",0.0391567789123931,0.09660744028344784,98.0,0.06788210959792047,0.02872533068552737,0.14402525520839107,1.9844674545084815,1.431828959826569,1.471254229699089,98.0,1.451541594762829,0.019712634936259955,0.09883671344313237,1.9844674545084815,completed,True,COMPLETE
154,1.0946452100565773,2026-06-12 18:48:33.457198,2026-06-12 18:48:35.144922,0 days 00:00:01.687724,,,,0.06145314747381775,0.34727703903050755,,,,,,,,,,ElasticNet,,,,,,8,,,,,,,,False,,,,,,,,,-0.029407392791079352,-0.018614636009692882,98.0,-0.024011014400386117,0.005396378390693235,0.02705677380808091,1.9844674545084815,1.0820650563667689,1.1072253637463858,98.0,1.0946452100565773,0.012580153689808428,0.063075334643521,1.9844674545084815,370734511262736.2,474223137163188.94,98.0,422478824212962.56,51744312950226.37,259439585215775.44,1.9844674545084815,3.1828281235882376,3.2596451411733365,98.0,3.221236632380787,0.03840850879254921,0.19257551258783961,1.9844674545084815,0.9637590322499754,0.988708889436984,98.0,0.9762339608434797,0.01247492859350432,0.06254774902525823,1.9844674545084815,99.0,0.5050505050505051,-0.02117168217915367,-0.001680446003835932,98.0,-0.0114260640914948,0.009745618087658867,0.04886332371956857,1.9844674545084815,ElasticNet,"{'mode': 'original', 'type': 'ElasticNet'}",8,"['pe_T6W30', 'l3_T6W30', 'lcc_T6W30', 'lsc_T6W30', 'atd_T6W30', 'density_T6W30', 'diameter_T6W30', 'asp_T6W30']",0.0599718717745884,0.11302008473206265,98.0,0.08649597825332553,0.026524106478737125,0.13298858929061338,1.9844674545084815,1.3860523634537243,1.4185839961183158,98.0,1.40231817978602,0.016265816332295825,0.08155479127737368,1.9844674545084815,completed,False,COMPLETE
155,1.1210800818643958,2026-06-12 18:48:35.157538,2026-06-12 18:48:36.976195,0 days 00:00:01.818657,,,,,,,,,,,minkowski,12.0,uniform,,KNeighborsRegressor,,,,,,12,12.0,3.0,9.0,80.0,,,ExtraTrees,,,,,,,,,,-0.059137383923530004,-0.038177937246264324,98.0,-0.048657660584897164,0.010479723338632839,0.05254403665126045,1.9844674545084815,1.1047709091650881,1.1373892545637034,98.0,1.1210800818643958,0.016309172699307685,0.08177217473910481,1.9844674545084815,358835833952107.0,460149125022742.5,98.0,409492479487424.75,50656645535317.734,253986155323913.75,1.9844674545084815,3.2423522501719133,3.3367723289526654,98.0,3.2895622895622894,0.04721003939037592,0.23670529840141527,1.9844674545084815,0.9634687681680588,1.011278706579416,98.0,0.9873737373737373,0.023904969205678576,0.1198565589475085,1.9844674545084815,99.0,0.5151515151515151,-0.030226117180954817,0.004585558298246563,98.0,-0.012820279441354127,0.01740583773960069,0.08727071761178612,1.9844674545084815,KNeighborsRegressor,"{'mode': 'proxy', 'type': 'ExtraTrees'}",12,"['nodes_T6W30', 'edges_T6W30', 're_T6W30', 'pe_T6W30', 'l2_T6W30', 'l3_T6W30', 'lcc_T6W30', 'lsc_T6W30', 'atd_T6W30', 'density_T6W30', 'diameter_T6W30', 'asp_T6W30']",0.10171923294921906,0.155135242867411,98.0,0.12842723790831503,0.02670800495909598,0.1339106335259288,1.9844674545084815,1.3836175954197631,1.4208594705898212,98.0,1.4022385330047922,0.018620937585029137,0.0933630779489878,1.9844674545084815,completed,True,COMPLETE
156,1.196256448702889,2026-06-12 18:48:36.988962,2026-06-12 18:48:37.198844,0 days 00:00:00.209882,11.0,3.0,18.0,,,,,,,,,,,,DecisionTreeRegressor,,,,,,6,,,,,,,,False,,,,,,,,,,,,,,,,,,,,,,,,,,,,,,,,,,,,,,,,,,,,,,,,,,,,,DecisionTreeRegressor,"{'mode': 'original', 'type': 'DecisionTreeRegressor'}",6,"['edges_T6W30', 're_T6W30', 'pe_T6W30', 'l3_T6W30', 'atd_T6W30', 'diameter_T6W30']",,,,,,,,,,,,,,,pruned,False,PRUNED
157,1.0999765584765862,2026-06-12 18:48:37.209871,2026-06-12 18:48:40.763921,0 days 00:00:03.554050,,,,,,,,,,,,,,,XGBRegressor,,,,,,12,,,,,,,,True,gblinear,0.6002372577642014,0.02634515486582295,8.0,423.0,9.62449370497994e-08,0.48490616155547134,0.9780235718059666,-0.03531077321405452,-0.022700829132708888,98.0,-0.029005801173381703,0.006304972040672816,0.03161234999105463,1.9844674545084815,1.086897453479134,1.1130556634740383,98.0,1.0999765584765862,0.013079104997452056,0.06557701478801242,1.9844674545084815,368634958929164.7,471556460473899.7,98.0,420095709701532.2,51460750772367.52,258017839527947.94,1.9844674545084815,3.2357132485439526,3.393891360781726,98.0,3.314802304662839,0.07908905611888649,0.3965427453704617,1.9844674545084815,0.9740587852179166,0.9988900164199834,98.0,0.98647440081895,0.012415615601033471,0.06225036101704666,1.9844674545084815,99.0,0.5858585858585859,-0.03664134777549684,-0.01198826819041417,98.0,-0.024314807982955502,0.012326539792541332,0.061803745930473,1.9844674545084815,XGBRegressor,"{'mode': 'original', 'type': 'XGBRegressor'}",12,"['nodes_T6W30', 'edges_T6W30', 're_T6W30', 'pe_T6W30', 'l1_T6W30', 'l2_T6W30', 'l3_T6W30', 'lcc_T6W30', 'lsc_T6W30', 'atd_T6W30', 'density_T6W30', 'diameter_T6W30']",0.03457996865803085,0.08789775357875701,98.0,0.061238861118393925,0.026658892460363078,0.13366438953168674,1.9844674545084815,1.3942276264215252,1.4275036993169734,98.0,1.4108656628692493,0.016638036447724085,0.08342105689865202,1.9844674545084815,completed,True,COMPLETE
158,1.1221175338822398,2026-06-12 18:48:40.776830,2026-06-12 18:48:42.669220,0 days 00:00:01.892390,,,,,,,,,,,minkowski,14.0,uniform,,KNeighborsRegressor,,,,,,10,12.0,5.0,2.0,30.0,,,ExtraTrees,,,,,,,,,,-0.05891234411072789,-0.04016837462990944,98.0,-0.049540359370318664,0.009371984740409227,0.04698997232873125,1.9844674545084815,1.106413170412944,1.1378218973515355,98.0,1.1221175338822398,0.015704363469295785,0.07873973606473503,1.9844674545084815,359521853014240.1,462754931509479.75,98.0,411138392261859.94,51616539247619.836,258798943674402.4,1.9844674545084815,3.233535132463157,3.3277924288644036,98.0,3.2806637806637804,0.04712864820062324,0.2362972130427409,1.9844674545084815,0.9412611817964516,0.9779307373954673,98.0,0.9595959595959594,0.018334777799507873,0.09192830817762208,1.9844674545084815,99.0,0.5555555555555556,-0.03564224954954863,-0.002114356187827234,98.0,-0.018878302868687934,0.0167639466808607,0.08405235523458329,1.9844674545084815,KNeighborsRegressor,"{'mode': 'proxy', 'type': 'ExtraTrees'}",10,"['re_T6W30', 'pe_T6W30', 'l1_T6W30', 'l2_T6W30', 'l3_T6W30', 'lcc_T6W30', 'lsc_T6W30', 'atd_T6W30', 'diameter_T6W30', 'asp_T6W30']",0.10234282109250085,0.15604000234721524,98.0,0.12919141171985804,0.02684859062735719,0.13461551267846592,1.9844674545084815,1.3881588313565443,1.4250207635654157,98.0,1.40658979746098,0.018430966104435842,0.0924105844416267,1.9844674545084815,completed,True,COMPLETE
159,1.1239338488892012,2026-06-12 18:48:42.700876,2026-06-12 18:49:04.699240,0 days 00:00:21.998364,,,,,,18.0,sqrt,1.0,8.0,395.0,,,,,ExtraTreesRegressor,,,,,,6,,,,,,,,True,,,,,,,,,-0.06157993395944028,-0.041293124305764886,98.0,-0.05143652913260258,0.010143404826837697,0.050857777230163305,1.9844674545084815,1.1082456203786626,1.1396220773997399,98.0,1.1239338488892012,0.015688228510538697,0.07865883737715482,1.9844674545084815,339647418168892.9,436567936964257.9,98.0,388107677566575.4,48460259397682.48,242973746886489.97,1.9844674545084815,3.2096009316038647,3.30140652723975,98.0,3.2555037294218074,0.045902797817942556,0.23015095084142034,1.9844674545084815,0.9711559039396918,1.0121251161408726,98.0,0.9916405100402822,0.020484606100590448,0.10270728138100595,1.9844674545084815,99.0,0.5555555555555556,-0.03844568290783624,-0.003504812100889494,98.0,-0.020975247504362866,0.017470435403473372,0.08759460230877994,1.9844674545084815,ExtraTreesRegressor,"{'mode': 'original', 'type': 'ExtraTreesRegressor'}",6,"['edges_T6W30', 're_T6W30', 'pe_T6W30', 'l2_T6W30', 'l3_T6W30', 'lsc_T6W30']",0.08662024973563567,0.14290777836205928,98.0,0.11476401404884748,0.028143764313211805,0.1411093533477532,1.9844674545084815,1.389522816269589,1.4260789943242285,98.0,1.4078009052969087,0.01827808902731968,0.09164407768533506,1.9844674545084815,completed,True,COMPLETE
160,1.352566697047666,2026-06-12 18:49:04.712079,2026-06-12 18:49:04.830690,0 days 00:00:00.118611,11.0,4.0,17.0,,,,,,,,,,,,DecisionTreeRegressor,,,,,,2,,,,,,,,True,,,,,,,,,,,,,,,,,,,,,,,,,,,,,,,,,,,,,,,,,,,,,,,,,,,,,DecisionTreeRegressor,"{'mode': 'original', 'type': 'DecisionTreeRegressor'}",2,"['re_T6W30', 'pe_T6W30']",,,,,,,,,,,,,,,pruned,True,PRUNED
161,1.371555519643755,2026-06-12 18:49:04.841173,2026-06-12 18:49:04.995587,0 days 00:00:00.154414,11.0,4.0,6.0,,,,,,,,,,,,DecisionTreeRegressor,,,,,,13,,,,,,,,True,,,,,,,,,,,,,,,,,,,,,,,,,,,,,,,,,,,,,,,,,,,,,,,,,,,,,DecisionTreeRegressor,"{'mode': 'original', 'type': 'DecisionTreeRegressor'}",13,"['nodes_T6W30', 'edges_T6W30', 're_T6W30', 'pe_T6W30', 'l1_T6W30', 'l2_T6W30', 'l3_T6W30', 'lcc_T6W30', 'lsc_T6W30', 'atd_T6W30', 'density_T6W30', 'diameter_T6W30', 'asp_T6W30']",,,,,,,,,,,,,,,pruned,True,PRUNED
162,1.0805979633556009,2026-06-12 18:49:05.005403,2026-06-12 18:49:23.772833,0 days 00:00:18.767430,,,,,,6.0,sqrt,5.0,9.0,357.0,,,,,ExtraTreesRegressor,,,,,,3,,,,,,,,True,,,,,,,,,-0.013536615445183873,-0.00809427572696979,98.0,-0.010815445586076831,0.002721169859107041,0.013643609109806769,1.9844674545084815,1.0689352932257457,1.092260633485456,98.0,1.0805979633556009,0.011662670129855333,0.05847518555147507,1.9844674545084815,360764827544675.6,460794005987607.75,98.0,410779416766141.7,50014589221466.07,250766964378020.3,1.9844674545084815,3.0679535229686747,3.107279122262355,98.0,3.087616322615515,0.019662799646840153,0.09858684546578347,1.9844674545084815,0.9878713447043584,1.0007694783355316,98.0,0.9943204115199451,0.006449066815586605,0.03233482337032926,1.9844674545084815,99.0,0.30303030303030304,0.004936454719371373,0.012403266848206381,98.0,0.008669860783788877,0.0037334060644175038,0.018718836246337685,1.9844674545084815,ExtraTreesRegressor,"{'mode': 'original', 'type': 'ExtraTreesRegressor'}",3,"['re_T6W30', 'pe_T6W30', 'l2_T6W30']",0.07632088707988643,0.12733838292349728,98.0,0.10182963500169186,0.025508747921805422,0.1278977070692369,1.9844674545084815,1.3734838611155358,1.403966659717223,98.0,1.3887252604163793,0.015241399300843665,0.07641849098513524,1.9844674545084815,completed,True,COMPLETE
163,1.1134456175975844,2026-06-12 18:49:23.786122,2026-06-12 18:49:25.912208,0 days 00:00:02.126086,,,,,,,,,,,,,,,LinearRegression,,,,,,8,,,,,,,,True,,,,,,,,,-0.050458976330339626,-0.0334094015602213,98.0,-0.04193418894528046,0.008524787385059164,0.0427422295733226,1.9844674545084815,1.10000181164518,1.1268894235499889,98.0,1.1134456175975844,0.013443805952404358,0.06740558026866025,1.9844674545084815,351842035872781.75,451444974146107.0,98.0,401643505009444.4,49801469136662.65,249698406632249.56,1.9844674545084815,3.2339818798049675,3.3491940454629123,98.0,3.29158796263394,0.05760608282897255,0.2888297743837154,1.9844674545084815,0.939740846721402,0.9803597008296577,98.0,0.9600502737755299,0.020309427054127877,0.10182895530879657,1.9844674545084815,99.0,0.5252525252525253,-0.028432651256633808,0.0004370963952006427,98.0,-0.013997777430716583,0.014434873825917226,0.07237467200773096,1.9844674545084815,LinearRegression,"{'mode': 'original', 'type': 'LinearRegression'}",8,"['nodes_T6W30', 're_T6W30', 'pe_T6W30', 'l1_T6W30', 'l2_T6W30', 'density_T6W30', 'diameter_T6W30', 'asp_T6W30']",0.1279850631101502,0.1772836107350844,98.0,0.1526343369226173,0.024649273812467083,0.12358841018776266,1.9844674545084815,1.386865703166755,1.419436089040656,98.0,1.4031508961037056,0.01628519293695049,0.08165194317654628,1.9844674545084815,completed,True,COMPLETE
164,1.1036717760089445,2026-06-12 18:49:25.949252,2026-06-12 18:49:38.826313,0 days 00:00:12.877061,,,,,,7.0,log2,2.0,11.0,212.0,,,,,ExtraTreesRegressor,,,,,,12,,,,,,,,True,,,,,,,,,-0.039404922928544764,-0.025464705328118495,98.0,-0.03243481412833163,0.006970108800213134,0.03494726343696116,1.9844674545084815,1.0901186646215018,1.1172248873963873,98.0,1.1036717760089445,0.013553111387442734,0.06795362420066615,1.9844674545084815,357208408626264.0,457888946700244.5,98.0,407548677663254.25,50340269036990.25,252399882691845.8,1.9844674545084815,3.1490582446873923,3.222277012070757,98.0,3.1856676283790746,0.03660938369168251,0.18355492185414618,1.9844674545084815,0.9711245545934581,1.0006238283825297,98.0,0.9858741914879939,0.014749636894535807,0.07395285510279304,1.9844674545084815,99.0,0.494949494949495,-0.01565306608993584,0.007199436104759312,98.0,-0.004226814992588264,0.011426251097347576,0.0572898097636097,1.9844674545084815,ExtraTreesRegressor,"{'mode': 'original', 'type': 'ExtraTreesRegressor'}",12,"['nodes_T6W30', 'edges_T6W30', 're_T6W30', 'pe_T6W30', 'l1_T6W30', 'l2_T6W30', 'l3_T6W30', 'lcc_T6W30', 'lsc_T6W30', 'atd_T6W30', 'diameter_T6W30', 'asp_T6W30']",0.07702546395541933,0.13010033536966276,98.0,0.10356289966254104,0.02653743570712171,0.13305542039312837,1.9844674545084815,1.3807197606504247,1.4133340644792234,98.0,1.397026912564824,0.01630715191439926,0.08176204277351168,1.9844674545084815,completed,True,COMPLETE
165,1.084875022111251,2026-06-12 18:49:38.839026,2026-06-12 18:49:41.110878,0 days 00:00:02.271852,,,,0.3674770769459806,0.6663854135782065,,,,,,,,,,ElasticNet,,,,,,13,,,,,,,,False,,,,,,,,,-0.015867295679292643,-0.013893946671455224,98.0,-0.014880621175373933,0.0009866745039187092,0.004947063927312828,1.9844674545084815,1.0737401877332304,1.0960098564892717,98.0,1.084875022111251,0.011134834378020757,0.0558286823763388,1.9844674545084815,370792259693945.06,473357357064010.2,98.0,422074808378977.6,51282548685032.586,257124356302704.75,1.9844674545084815,3.0679014399162767,3.0797430553808587,98.0,3.0738222476485677,0.005920807732290873,0.029686197663605855,1.9844674545084815,0.9410330299694493,0.9598969110553918,98.0,0.9504649705124205,0.0094319405429713,0.047290583307235214,1.9844674545084815,99.0,0.9090909090909091,-0.004805942594840135,-0.002527310840931659,98.0,-0.003666626717885897,0.001139315876954238,0.0057123888924968695,1.9844674545084815,ElasticNet,"{'mode': 'original', 'type': 'ElasticNet'}",13,"['nodes_T6W30', 'edges_T6W30', 're_T6W30', 'pe_T6W30', 'l1_T6W30', 'l2_T6W30', 'l3_T6W30', 'lcc_T6W30', 'lsc_T6W30', 'atd_T6W30', 'density_T6W30', 'diameter_T6W30', 'asp_T6W30']",0.0034316047731321533,0.08045968157488054,34.0,0.04194564317400634,0.03851403840087419,0.11211845961656966,2.0322445093177186,1.382022848318294,1.4129312449576759,98.0,1.3974770466379849,0.015454198319690996,0.07748543894591271,1.9844674545084815,completed,False,COMPLETE
166,1.095608830799333,2026-06-12 18:49:41.123814,2026-06-12 18:49:43.429021,0 days 00:00:02.305207,,,,0.031769159754078055,0.43272913601970464,,,,,,,,,,ElasticNet,,,,,,7,,,,,,,,False,,,,,,,,,-0.030851541313667442,-0.018923721860672607,98.0,-0.024887631587170025,0.005963909726497417,0.029902305731552857,1.9844674545084815,1.082646367341953,1.108571294256713,98.0,1.095608830799333,0.012962463457379851,0.0649921885327219,1.9844674545084815,370366611912311.9,473672391511002.1,98.0,422019501711657.0,51652889799345.16,258981200844790.44,1.9844674545084815,3.2117237242671273,3.3144356620290116,98.0,3.2630796931480694,0.0513559688809423,0.2574924760841308,1.9844674545084815,0.9667178233380543,0.9921460302751958,98.0,0.979431926806625,0.012714103468570756,0.06374694226686063,1.9844674545084815,99.0,0.5252525252525253,-0.0280713533460309,-0.0059635308784271295,98.0,-0.017017442112229015,0.011053911233801885,0.05542294374008141,1.9844674545084815,ElasticNet,"{'mode': 'original', 'type': 'ElasticNet'}",7,"['edges_T6W30', 'pe_T6W30', 'l3_T6W30', 'lsc_T6W30', 'density_T6W30', 'diameter_T6W30', 'asp_T6W30']",0.046427545757646335,0.10151490574434617,98.0,0.07397122575099625,0.027543679993349918,0.13810060478848224,1.9844674545084815,1.389502930104555,1.4225882971189021,98.0,1.4060456136117285,0.016542683507173507,0.08294296904831487,1.9844674545084815,completed,False,COMPLETE
167,1.0913231605632538,2026-06-12 18:49:43.441554,2026-06-12 18:49:46.717578,0 days 00:00:03.276024,,,,,,,,,,,,,,,XGBRegressor,,,,,,5,,,,,,,,False,gblinear,0.8038760611263613,0.003423070327657587,9.0,262.0,4.546877964400903e-06,1.695930820835878e-07,0.838906600155022,-0.022609177367178747,-0.01939055615502381,98.0,-0.020999866761101278,0.0016093106060774704,0.008068884333737406,1.9844674545084815,1.0804188906676109,1.1022274304588968,98.0,1.0913231605632538,0.010904269895643045,0.05467266057871434,1.9844674545084815,366218160903368.44,467687948576417.7,98.0,416953054739893.06,50734893836524.63,254378482628143.0,1.9844674545084815,3.0944444533975948,3.1134504498431874,98.0,3.103947451620391,0.009502998222796467,0.04764685772521753,1.9844674545084815,0.9317671420195576,0.9504678889157107,98.0,0.9411175154676341,0.009350373448076493,0.04688161598193474,1.9844674545084815,99.0,0.6565656565656566,-0.006267694239526887,-0.002965484018142024,98.0,-0.004616589128834455,0.0016511051106924313,0.008278436810587073,1.9844674545084815,XGBRegressor,"{'mode': 'original', 'type': 'XGBRegressor'}",5,"['re_T6W30', 'pe_T6W30', 'l1_T6W30', 'l2_T6W30', 'density_T6W30']",-0.02019414984441921,0.0343845333153342,98.0,0.007095191735457495,0.027289341579876704,0.13682538344078746,1.9844674545084815,1.3829170760588774,1.4131484140093225,98.0,1.3980327450341,0.015115668975222636,0.07578809468323552,1.9844674545084815,completed,False,COMPLETE
