number,value,datetime_start,datetime_complete,duration,params_dt_max_depth,params_dt_min_samples_leaf,params_dt_min_samples_split,params_elastic_alpha,params_elastic_l1_ratio,params_et_max_depth,params_et_max_features,params_et_min_samples_leaf,params_et_min_samples_split,params_et_n_estimators,params_knn_metric,params_knn_n_neighbors,params_knn_weights,params_quantile_alpha,params_regressor,params_rf_max_depth,params_rf_max_features,params_rf_min_samples_leaf,params_rf_min_samples_split,params_rf_n_estimators,params_rfe_n_features,params_rfe_proxy_et_max_depth,params_rfe_proxy_et_min_samples_leaf,params_rfe_proxy_et_min_samples_split,params_rfe_proxy_et_n_estimators,params_rfe_proxy_lsvr_C,params_rfe_proxy_lsvr_epsilon,params_rfe_proxy_type,params_use_scaler,params_xgb_booster,params_xgb_colsample_bytree,params_xgb_learning_rate,params_xgb_max_depth,params_xgb_n_estimators,params_xgb_reg_alpha,params_xgb_reg_lambda,params_xgb_subsample,user_attrs_d2mae_ci_lower_val,user_attrs_d2mae_ci_upper_val,user_attrs_d2mae_df_val,user_attrs_d2mae_mean_val,user_attrs_d2mae_samperror_val,user_attrs_d2mae_std_val,user_attrs_d2mae_t_critical_val,user_attrs_mae_ci_lower_val,user_attrs_mae_ci_upper_val,user_attrs_mae_df_val,user_attrs_mae_mean_val,user_attrs_mae_samperror_val,user_attrs_mae_std_val,user_attrs_mae_t_critical_val,user_attrs_mape_ci_lower_val,user_attrs_mape_ci_upper_val,user_attrs_mape_df_val,user_attrs_mape_mean_val,user_attrs_mape_samperror_val,user_attrs_mape_std_val,user_attrs_mape_t_critical_val,user_attrs_max_error_ci_lower_val,user_attrs_max_error_ci_upper_val,user_attrs_max_error_df_val,user_attrs_max_error_mean_val,user_attrs_max_error_samperror_val,user_attrs_max_error_std_val,user_attrs_max_error_t_critical_val,user_attrs_median_ae_ci_lower_val,user_attrs_median_ae_ci_upper_val,user_attrs_median_ae_df_val,user_attrs_median_ae_mean_val,user_attrs_median_ae_samperror_val,user_attrs_median_ae_std_val,user_attrs_median_ae_t_critical_val,user_attrs_n_splits_val,user_attrs_r2_below_zero_val,user_attrs_r2_ci_lower_val,user_attrs_r2_ci_upper_val,user_attrs_r2_df_val,user_attrs_r2_mean_val,user_attrs_r2_samperror_val,user_attrs_r2_std_val,user_attrs_r2_t_critical_val,user_attrs_regressor_final,user_attrs_rfe_estimator,user_attrs_rfe_n_features,user_attrs_rfe_selected_features,user_attrs_rho_ci_lower_val,user_attrs_rho_ci_upper_val,user_attrs_rho_df_val,user_attrs_rho_mean_val,user_attrs_rho_samperror_val,user_attrs_rho_std_val,user_attrs_rho_t_critical_val,user_attrs_rmse_ci_lower_val,user_attrs_rmse_ci_upper_val,user_attrs_rmse_df_val,user_attrs_rmse_mean_val,user_attrs_rmse_samperror_val,user_attrs_rmse_std_val,user_attrs_rmse_t_critical_val,user_attrs_termination_reason,user_attrs_use_scaler_final,state
94,1.1315662081946662,2026-06-12 18:41:32.420344,2026-06-12 18:41:35.156785,0 days 00:00:02.736441,,,,,,,,,,,,,,,LinearRegression,,,,,,11,,,,,,,,False,,,,,,,,,-0.0685689036296887,-0.04935961954948369,98.0,-0.058964261589586196,0.009604642040102505,0.04815648725352903,1.9844674545084815,1.1175568284253827,1.1455755879639498,98.0,1.1315662081946662,0.01400937976928353,0.07024129743435495,1.9844674545084815,349571250814066.94,449682439592840.44,98.0,399626845203453.7,50055594389386.74,250972559218312.72,1.9844674545084815,3.4555151786521376,3.716021600237873,98.0,3.5857683894450054,0.13025321079286778,0.6530734887451386,1.9844674545084815,0.9376785464647311,0.976703221945285,98.0,0.9571908842050081,0.019512337740276903,0.09783244807592745,1.9844674545084815,99.0,0.6464646464646465,-0.07483583189249893,-0.033843413203386664,98.0,-0.0543396225479428,0.020496209344556135,0.10276545861112031,1.9844674545084815,LinearRegression,"{'mode': 'original', 'type': 'LinearRegression'}",11,"['nodes_T6W30', 'edges_T6W30', 're_T6W30', 'pe_T6W30', 'l1_T6W30', 'l2_T6W30', 'lcc_T6W30', 'atd_T6W30', 'density_T6W30', 'diameter_T6W30', 'asp_T6W30']",0.12008096066565763,0.1660191928578997,98.0,0.14305007676177867,0.022969116096121046,0.11516430720575577,1.9844674545084815,1.4113974592345218,1.4484793607744175,98.0,1.4299384100044696,0.018540950769947807,0.09296203395121759,1.9844674545084815,completed,False,COMPLETE
95,1.1130158242712274,2026-06-12 18:41:35.192776,2026-06-12 18:41:38.928373,0 days 00:00:03.735597,,,,,,,,,,,,,,0.00020014140832964604,QuantileRegressor,,,,,,13,,,,,,,,False,,,,,,,,,-0.05129989611632267,-0.03130172823708963,98.0,-0.04130081217670615,0.009999083939616519,0.05013417015174579,1.9844674545084815,1.097818665690801,1.1282129828516536,98.0,1.1130158242712274,0.015197158580426237,0.07619667348480849,1.9844674545084815,345189556588230.9,442506239010354.0,98.0,393847897799292.44,48658341211061.56,243966904599324.8,1.9844674545084815,3.460129205417083,3.7380146894341792,98.0,3.599071947425631,0.1389427420085481,0.6966417235091054,1.9844674545084815,0.964654025878144,0.9929373695487946,98.0,0.9787956977134693,0.01414167183532536,0.07090459349114568,1.9844674545084815,99.0,0.6262626262626263,-0.07972060828642812,-0.034285276967473646,98.0,-0.05700294262695088,0.02271766565947723,0.11390356581668855,1.9844674545084815,QuantileRegressor,"{'mode': 'original', 'type': 'QuantileRegressor'}",13,"['nodes_T6W30', 'edges_T6W30', 're_T6W30', 'pe_T6W30', 'l1_T6W30', 'l2_T6W30', 'l3_T6W30', 'lcc_T6W30', 'lsc_T6W30', 'atd_T6W30', 'density_T6W30', 'diameter_T6W30', 'asp_T6W30']",0.04388403789727642,0.09646720888641068,97.0,0.07017562339184355,0.026291585494567126,0.13113839718962506,1.9847231860139845,1.4119238937001564,1.451347750515327,98.0,1.4316358221077417,0.01971192840758527,0.09883317099574342,1.9844674545084815,completed,False,COMPLETE
96,1.316984126984127,2026-06-12 18:41:38.940961,2026-06-12 18:41:39.211867,0 days 00:00:00.270906,15.0,3.0,7.0,,,,,,,,,,,,DecisionTreeRegressor,,,,,,3,,,,,,,,False,,,,,,,,,,,,,,,,,,,,,,,,,,,,,,,,,,,,,,,,,,,,,,,,,,,,,DecisionTreeRegressor,"{'mode': 'original', 'type': 'DecisionTreeRegressor'}",3,"['re_T6W30', 'l3_T6W30', 'lcc_T6W30']",,,,,,,,,,,,,,,pruned,False,PRUNED
97,1.1097936004371423,2026-06-12 18:41:39.221598,2026-06-12 18:42:01.548214,0 days 00:00:22.326616,,,,,,12.0,sqrt,4.0,2.0,413.0,,,,,ExtraTreesRegressor,,,,,,12,,,,,,,,True,,,,,,,,,-0.044390897453811244,-0.03201339109281943,98.0,-0.038202144273315336,0.00618875318049591,0.03102964300048061,1.9844674545084815,1.096749454872391,1.1228377460018935,98.0,1.1097936004371423,0.013044145564751239,0.0654017325163548,1.9844674545084815,360291160391491.1,461466862132858.6,98.0,410879011262174.9,50587850870683.72,253641227384202.28,1.9844674545084815,3.1426736891943596,3.213057727375764,98.0,3.177865708285062,0.0351920190907021,0.17644843104941568,1.9844674545084815,0.9801680293387821,1.0116834734797695,98.0,0.9959257514092759,0.015757722070493748,0.07900726949156416,1.9844674545084815,99.0,0.5151515151515151,-0.016853770096685903,0.003240982394484923,98.0,-0.00680639385110049,0.010047376245585413,0.050376301800913396,1.9844674545084815,ExtraTreesRegressor,"{'mode': 'original', 'type': 'ExtraTreesRegressor'}",12,"['nodes_T6W30', 're_T6W30', 'pe_T6W30', 'l1_T6W30', 'l2_T6W30', 'l3_T6W30', 'lcc_T6W30', 'lsc_T6W30', 'atd_T6W30', 'density_T6W30', 'diameter_T6W30', 'asp_T6W30']",0.060016956745894516,0.1103338302362305,98.0,0.08517539349106251,0.025158436745167996,0.126141290157282,1.9844674545084815,1.3830454977359263,1.4148567700679648,98.0,1.3989511339019456,0.01590563616601918,0.0797488924719987,1.9844674545084815,completed,True,COMPLETE
98,1.1336905536825583,2026-06-12 18:42:01.560679,2026-06-12 18:42:03.439740,0 days 00:00:01.879061,,,,,,,,,,,manhattan,16.0,distance,,KNeighborsRegressor,,,,,,4,3.0,5.0,10.0,60.0,,,ExtraTrees,,,,,,,,,,-0.07117126038303755,-0.05010704233367437,98.0,-0.06063915135835596,0.010532109024681588,0.05280669200186497,1.9844674545084815,1.1178372113031843,1.1495438960619324,98.0,1.1336905536825583,0.015853342379374063,0.07948669789363758,1.9844674545084815,346095143493426.4,444156129524860.6,98.0,395125636509143.5,49030493015717.09,245832827718837.62,1.9844674545084815,3.201034509616055,3.3090925028698175,98.0,3.2550635062429363,0.0540289966268814,0.27089470659289755,1.9844674545084815,0.9647379817873136,1.0067373043657304,98.0,0.985737643076522,0.02099966128920834,0.10528970439291829,1.9844674545084815,99.0,0.5454545454545454,-0.03809502002156827,-0.0028057256087580668,98.0,-0.020450372815163168,0.0176446472064051,0.08846807874155771,1.9844674545084815,KNeighborsRegressor,"{'mode': 'proxy', 'type': 'ExtraTrees'}",4,"['re_T6W30', 'pe_T6W30', 'l2_T6W30', 'lsc_T6W30']",0.10492231864387266,0.15907304864215485,98.0,0.13199768364301376,0.027075364999141087,0.13575253133034706,1.9844674545084815,1.3891899428444334,1.4254272946466198,98.0,1.4073086187455266,0.018118675901093187,0.09084479998720552,1.9844674545084815,completed,True,COMPLETE
99,1.08454294607017,2026-06-12 18:42:03.452270,2026-06-12 18:42:06.067429,0 days 00:00:02.615159,,,,,,,,,,,,,,0.00048105946370578004,QuantileRegressor,,,,,,10,,,,,,,,False,,,,,,,,,-0.021989461323977406,-0.007018098617047423,98.0,-0.014503779970512415,0.007485681353464992,0.03753228045115876,1.9844674545084815,1.0707316368385587,1.0983542553017815,98.0,1.08454294607017,0.013811309231611354,0.0692481962565199,1.9844674545084815,357037231278142.2,456927108439557.06,98.0,406982169858849.6,49944938580707.44,250417744679890.12,1.9844674545084815,3.308835795951106,3.5226846657365565,98.0,3.4157602308438313,0.10692443489272509,0.5361058917659941,1.9844674545084815,0.9750284579032377,0.9970525262197328,98.0,0.9860404920614853,0.011012034158247553,0.05521297726275439,1.9844674545084815,99.0,0.5050505050505051,-0.0325601821449034,-0.001054502442912452,98.0,-0.01680734229390793,0.015752839850995477,0.07898279064684972,1.9844674545084815,QuantileRegressor,"{'mode': 'original', 'type': 'QuantileRegressor'}",10,"['nodes_T6W30', 'edges_T6W30', 're_T6W30', 'pe_T6W30', 'l2_T6W30', 'l3_T6W30', 'lsc_T6W30', 'density_T6W30', 'diameter_T6W30', 'asp_T6W30']",0.06323376627134458,0.11742345792968154,89.0,0.09032861210051306,0.027094845829168483,0.12936438477057016,1.986978699506281,1.3876029781568946,1.42302604502056,98.0,1.4053145115887273,0.017711533431832672,0.08880343800313047,1.9844674545084815,completed,False,COMPLETE
100,1.0686360347103379,2026-06-12 18:42:06.121908,2026-06-12 18:42:11.743938,0 days 00:00:05.622030,,,,,,3.0,,1.0,11.0,85.0,,,,,ExtraTreesRegressor,,,,,,2,,,,,,,,True,,,,,,,,,-0.004985709908181939,0.005799102788634079,98.0,0.00040669644022606986,0.005392406348408009,0.027036858479338798,1.9844674545084815,1.055974385834358,1.0812976835863177,98.0,1.0686360347103379,0.012661648875979955,0.06348394142737686,1.9844674545084815,356107400375766.7,455496962704618.8,98.0,405802181540192.75,49694781164426.07,249163486334994.94,1.9844674545084815,3.1757159361235767,3.2682607212468473,98.0,3.221988328685212,0.04627239256163541,0.23200405317353248,1.9844674545084815,0.9815024607950954,0.9939115278194565,98.0,0.9877069943072759,0.006204533512180518,0.03110876363178091,1.9844674545084815,99.0,0.31313131313131315,0.006890232147504468,0.024310242923424527,98.0,0.015600237535464497,0.008710005387960029,0.0436708897314605,1.9844674545084815,ExtraTreesRegressor,"{'mode': 'original', 'type': 'ExtraTreesRegressor'}",2,"['edges_T6W30', 'pe_T6W30']",0.13587357254654928,0.18845545779943204,98.0,0.16216451517299066,0.026290942626441393,0.1318195345737191,1.9844674545084815,1.3678194988093946,1.3990781625745594,98.0,1.383448830691977,0.015629331882582465,0.07836353696912216,1.9844674545084815,completed,True,COMPLETE
101,1.1440755321101435,2026-06-12 18:42:11.758083,2026-06-12 18:42:13.760278,0 days 00:00:02.002195,,,,,,,,,,,euclidean,7.0,distance,,KNeighborsRegressor,,,,,,10,8.0,1.0,12.0,20.0,,,ExtraTrees,,,,,,,,,,-0.08325979206383845,-0.05767017631923278,98.0,-0.07046498419153562,0.012794807872302832,0.06415158416537181,1.9844674545084815,1.126528452805632,1.1616226114146548,98.0,1.1440755321101435,0.017547079304511288,0.08797888534899971,1.9844674545084815,360773202996444.94,463261824191966.2,98.0,412017513594205.56,51244310597760.62,256932635262542.78,1.9844674545084815,3.508648194457208,3.6595813301126285,98.0,3.5841147622849183,0.07546656782771007,0.3783800371204587,1.9844674545084815,0.9542104261698745,1.0043479127984187,98.0,0.9792791694841466,0.02506874331427214,0.12569157838836578,1.9844674545084815,99.0,0.7171717171717171,-0.0869819140943267,-0.04337602745414332,98.0,-0.06517897077423501,0.021802943320091698,0.10931726114305101,1.9844674545084815,KNeighborsRegressor,"{'mode': 'proxy', 'type': 'ExtraTrees'}",10,"['edges_T6W30', 're_T6W30', 'pe_T6W30', 'l2_T6W30', 'l3_T6W30', 'lcc_T6W30', 'lsc_T6W30', 'atd_T6W30', 'diameter_T6W30', 'asp_T6W30']",0.11133943692893694,0.16018667041086,98.0,0.13576305366989846,0.024423616740961517,0.12245699354128547,1.9844674545084815,1.416822642474391,1.4575788675397219,98.0,1.4372007550070565,0.02037811253266543,0.1021733358029249,1.9844674545084815,completed,True,COMPLETE
102,1.2732202557706809,2026-06-12 18:42:13.773641,2026-06-12 18:42:22.493212,0 days 00:00:08.719571,,,,,,,,,,,,,,,XGBRegressor,,,,,,11,,,,,,,,True,gbtree,0.7699785651402797,0.28741006847416,3.0,230.0,0.37870378817184325,0.0004882270025709819,0.9635004839621477,-0.21050525904802717,-0.1734903839815257,98.0,-0.19199782151477643,0.018507437533250737,0.0927940027274522,1.9844674545084815,1.2520923260687988,1.294348185472563,98.0,1.2732202557706809,0.021127929701882042,0.10593282634938066,1.9844674545084815,335332068500256.1,442872270996307.0,98.0,389102169748281.56,53770101248025.47,269596637184395.16,1.9844674545084815,3.902181223054432,4.140258299741098,98.0,4.021219761397765,0.11903853834333279,0.5968445081528778,1.9844674545084815,1.0598892431522149,1.1194123197832,98.0,1.0896507814677074,0.029761538315492473,0.14922067210327114,1.9844674545084815,99.0,0.9393939393939394,-0.34204504694536864,-0.2611993579118058,98.0,-0.3016222024285872,0.040422844516781416,0.20267514276908907,1.9844674545084815,XGBRegressor,"{'mode': 'original', 'type': 'XGBRegressor'}",11,"['nodes_T6W30', 'edges_T6W30', 're_T6W30', 'pe_T6W30', 'l2_T6W30', 'l3_T6W30', 'lcc_T6W30', 'atd_T6W30', 'density_T6W30', 'diameter_T6W30', 'asp_T6W30']",0.04070452985487151,0.09344627539686294,98.0,0.06707540262586723,0.02637087277099572,0.1322202944324761,1.9844674545084815,1.5594015291293235,1.6107830759312558,98.0,1.5850923025302897,0.02569077340096615,0.1288103603082042,1.9844674545084815,completed,True,COMPLETE
103,1.0955796447924835,2026-06-12 18:42:22.505819,2026-06-12 18:42:24.381315,0 days 00:00:01.875496,,,,0.05875045082789027,0.30552431065802355,,,,,,,,,,ElasticNet,,,,,,6,,,,,,,,False,,,,,,,,,-0.030427190939205043,-0.01935276086700272,98.0,-0.02488997590310388,0.005537215036101162,0.027762911328989944,1.9844674545084815,1.0829410986970132,1.1082181908879538,98.0,1.0955796447924835,0.01263854609547034,0.06336810694333393,1.9844674545084815,370613751412367.7,474060972772665.3,98.0,422337362092516.5,51723610680148.805,259335786594135.38,1.9844674545084815,3.1881215574890134,3.267765188351673,98.0,3.2279433729203433,0.039821815431330024,0.19966165727200422,1.9844674545084815,0.9638141049391408,0.9887498284355999,98.0,0.9762819666873703,0.012467861748229506,0.06251231673710232,1.9844674545084815,99.0,0.5252525252525253,-0.022961904505989634,-0.0027856056791223834,98.0,-0.012873755092556009,0.010088149413433625,0.050580733421537065,1.9844674545084815,ElasticNet,"{'mode': 'original', 'type': 'ElasticNet'}",6,"['pe_T6W30', 'l3_T6W30', 'lcc_T6W30', 'lsc_T6W30', 'diameter_T6W30', 'asp_T6W30']",0.05736647765113147,0.110508101758699,98.0,0.08393728970491524,0.026570812053783772,0.13322276526718926,1.9844674545084815,1.3869698577603642,1.419585352121564,98.0,1.403277604940964,0.016307747180599984,0.0817650273646175,1.9844674545084815,completed,False,COMPLETE
104,1.1262965022501399,2026-06-12 18:42:24.451675,2026-06-12 18:42:26.288076,0 days 00:00:01.836401,,,,,,,,,,,manhattan,19.0,distance,,KNeighborsRegressor,,,,,,10,2.0,1.0,6.0,40.0,,,ExtraTrees,,,,,,,,,,-0.06277969462152727,-0.044137543094760916,98.0,-0.0534586188581441,0.009321075763383181,0.04673472101452205,1.9844674545084815,1.1105233779574875,1.1420696265427923,98.0,1.1262965022501399,0.015773124292652374,0.0790844943284671,1.9844674545084815,371603970567516.8,476387482283710.06,98.0,423995726425613.44,52391755858096.61,262685783877845.34,1.9844674545084815,3.2147266462741313,3.312248837131903,98.0,3.2634877417030173,0.04876109542888606,0.2444821015384977,1.9844674545084815,0.9644263755447702,1.0026333253908823,98.0,0.9835298504678263,0.019103474923056085,0.09578246047995806,1.9844674545084815,99.0,0.5959595959595959,-0.03902565044051377,-0.007663603678944891,98.0,-0.023344627059729332,0.01568102338078444,0.07862271174772249,1.9844674545084815,KNeighborsRegressor,"{'mode': 'proxy', 'type': 'ExtraTrees'}",10,"['nodes_T6W30', 'edges_T6W30', 're_T6W30', 'pe_T6W30', 'l1_T6W30', 'l2_T6W30', 'lcc_T6W30', 'lsc_T6W30', 'density_T6W30', 'diameter_T6W30']",0.06747021242475268,0.12108053570020089,98.0,0.09427537406247678,0.026805161637724107,0.13439776509589418,1.9844674545084815,1.3914311556533174,1.4285685791718266,98.0,1.409999867412572,0.01856871175925453,0.09310122411802575,1.9844674545084815,completed,True,COMPLETE
105,1.1077738000620292,2026-06-12 18:42:26.300524,2026-06-12 18:42:28.853874,0 days 00:00:02.553350,,,,0.0007485022950356935,0.5025660764634424,,,,,,,,,,ElasticNet,,,,,,6,,,,,,,,False,,,,,,,,,-0.043958540407911494,-0.0288284272498718,98.0,-0.03639348382889165,0.007565056579019847,0.03793025801468674,1.9844674545084815,1.0942456955875315,1.121301904536527,98.0,1.1077738000620292,0.013528104474497687,0.06782824263210169,1.9844674545084815,354062387252990.6,453903219605399.5,98.0,403982803429195.06,49920416176204.414,250294792376728.28,1.9844674545084815,3.307355838263514,3.5455216510905965,98.0,3.4264387446770552,0.11908290641354127,0.5970669641693058,1.9844674545084815,0.9630401225882435,0.991355881866337,98.0,0.9771980022272903,0.014157879639046847,0.07098585741436765,1.9844674545084815,99.0,0.5151515151515151,-0.03871723669404513,-0.0055874841073434225,98.0,-0.022152360400694276,0.016564876293350853,0.08305424093332708,1.9844674545084815,ElasticNet,"{'mode': 'original', 'type': 'ElasticNet'}",6,"['edges_T6W30', 'pe_T6W30', 'l2_T6W30', 'atd_T6W30', 'diameter_T6W30', 'asp_T6W30']",0.10178713368313969,0.15017683935105713,98.0,0.1259819865170984,0.02419485283395872,0.12130999960588944,1.9844674545084815,1.391085537264421,1.4263576880051831,98.0,1.4087216126348021,0.017636075370380984,0.08842510061592729,1.9844674545084815,completed,False,COMPLETE
106,1.089497433390611,2026-06-12 18:42:28.962606,2026-06-12 18:42:44.079737,0 days 00:00:15.117131,,,,,,,,,,,,,,,XGBRegressor,,,,,,11,,,,,,,,True,gbtree,0.6080190912547998,0.0018270239281680462,5.0,278.0,0.0037695681044651328,0.0071090215639210445,0.8204131573451031,-0.023579155222947366,-0.014643624276058663,98.0,-0.019111389749503015,0.004467765473444353,0.022400823495071543,1.9844674545084815,1.0770395014227223,1.1019553653584995,98.0,1.089497433390611,0.012457931967888504,0.06246253004662232,1.9844674545084815,369222352998536.1,473168330396017.25,98.0,421195341697276.7,51972988698740.55,260586137135413.3,1.9844674545084815,3.183568339079644,3.2571831653367735,98.0,3.220375752208209,0.0368074131285649,0.1845478169577047,1.9844674545084815,0.9849138373906016,1.0012413787493748,98.0,0.9930776080699882,0.008163770679386654,0.040932136462882865,1.9844674545084815,99.0,0.5353535353535354,-0.014271855793425664,0.0006988072889826148,98.0,-0.006786524252221524,0.007485331541204139,0.03753052653574884,1.9844674545084815,XGBRegressor,"{'mode': 'original', 'type': 'XGBRegressor'}",11,"['edges_T6W30', 're_T6W30', 'pe_T6W30', 'l2_T6W30', 'l3_T6W30', 'lcc_T6W30', 'lsc_T6W30', 'atd_T6W30', 'density_T6W30', 'diameter_T6W30', 'asp_T6W30']",0.03388237451858543,0.09407208117813194,98.0,0.06397722784835869,0.030094853329773255,0.1508918723593143,1.9844674545084815,1.3834598449843278,1.4151098471376728,98.0,1.3992848460610003,0.01582500107667242,0.07934459810724245,1.9844674545084815,completed,True,COMPLETE
107,1.0896185498666282,2026-06-12 18:42:44.112203,2026-06-12 18:42:47.862506,0 days 00:00:03.750303,,,,,,,,,,,,,,0.00032005827119523133,QuantileRegressor,,,,,,10,,,,,,,,False,,,,,,,,,-0.027265935448587665,-0.011408903770015652,98.0,-0.01933741960930166,0.007928515839286008,0.03975259779175537,1.9844674545084815,1.0757874050764256,1.1034496946568308,98.0,1.0896185498666282,0.013831144790202548,0.06934764929396525,1.9844674545084815,350932125980242.5,449037166390541.5,98.0,399984646185392.0,49052520205149.49,245943269322252.25,1.9844674545084815,3.3572440942837343,3.5863993534666365,98.0,3.4718217238751854,0.11457762959145114,0.5744780634116584,1.9844674545084815,0.960609948989809,0.9852858290459898,98.0,0.9729478890178994,0.012337940028090416,0.0618609053014953,1.9844674545084815,99.0,0.494949494949495,-0.037680500337279134,-0.004530130949590358,98.0,-0.021105315643434746,0.016575184693844388,0.08310592597842283,1.9844674545084815,QuantileRegressor,"{'mode': 'original', 'type': 'QuantileRegressor'}",10,"['edges_T6W30', 're_T6W30', 'pe_T6W30', 'l2_T6W30', 'l3_T6W30', 'lcc_T6W30', 'lsc_T6W30', 'atd_T6W30', 'diameter_T6W30', 'asp_T6W30']",0.0835506457230629,0.13530443689280083,94.0,0.10942754130793186,0.025876895584868973,0.12702785282187465,1.985523441866604,1.3906000087844879,1.4253189729880944,98.0,1.4079594908862911,0.017359482101803294,0.08703829617729657,1.9844674545084815,completed,False,COMPLETE
