number,value,datetime_start,datetime_complete,duration,params_dt_max_depth,params_dt_min_samples_leaf,params_dt_min_samples_split,params_elastic_alpha,params_elastic_l1_ratio,params_et_max_depth,params_et_max_features,params_et_min_samples_leaf,params_et_min_samples_split,params_et_n_estimators,params_knn_metric,params_knn_n_neighbors,params_knn_weights,params_quantile_alpha,params_regressor,params_rf_max_depth,params_rf_max_features,params_rf_min_samples_leaf,params_rf_min_samples_split,params_rf_n_estimators,params_rfe_n_features,params_rfe_proxy_et_max_depth,params_rfe_proxy_et_min_samples_leaf,params_rfe_proxy_et_min_samples_split,params_rfe_proxy_et_n_estimators,params_rfe_proxy_lsvr_C,params_rfe_proxy_lsvr_epsilon,params_rfe_proxy_type,params_use_scaler,params_xgb_booster,params_xgb_colsample_bytree,params_xgb_learning_rate,params_xgb_max_depth,params_xgb_n_estimators,params_xgb_reg_alpha,params_xgb_reg_lambda,params_xgb_subsample,user_attrs_d2mae_ci_lower_val,user_attrs_d2mae_ci_upper_val,user_attrs_d2mae_df_val,user_attrs_d2mae_mean_val,user_attrs_d2mae_samperror_val,user_attrs_d2mae_std_val,user_attrs_d2mae_t_critical_val,user_attrs_mae_ci_lower_val,user_attrs_mae_ci_upper_val,user_attrs_mae_df_val,user_attrs_mae_mean_val,user_attrs_mae_samperror_val,user_attrs_mae_std_val,user_attrs_mae_t_critical_val,user_attrs_mape_ci_lower_val,user_attrs_mape_ci_upper_val,user_attrs_mape_df_val,user_attrs_mape_mean_val,user_attrs_mape_samperror_val,user_attrs_mape_std_val,user_attrs_mape_t_critical_val,user_attrs_max_error_ci_lower_val,user_attrs_max_error_ci_upper_val,user_attrs_max_error_df_val,user_attrs_max_error_mean_val,user_attrs_max_error_samperror_val,user_attrs_max_error_std_val,user_attrs_max_error_t_critical_val,user_attrs_median_ae_ci_lower_val,user_attrs_median_ae_ci_upper_val,user_attrs_median_ae_df_val,user_attrs_median_ae_mean_val,user_attrs_median_ae_samperror_val,user_attrs_median_ae_std_val,user_attrs_median_ae_t_critical_val,user_attrs_n_splits_val,user_attrs_r2_below_zero_val,user_attrs_r2_ci_lower_val,user_attrs_r2_ci_upper_val,user_attrs_r2_df_val,user_attrs_r2_mean_val,user_attrs_r2_samperror_val,user_attrs_r2_std_val,user_attrs_r2_t_critical_val,user_attrs_regressor_final,user_attrs_rfe_estimator,user_attrs_rfe_n_features,user_attrs_rfe_selected_features,user_attrs_rho_ci_lower_val,user_attrs_rho_ci_upper_val,user_attrs_rho_df_val,user_attrs_rho_mean_val,user_attrs_rho_samperror_val,user_attrs_rho_std_val,user_attrs_rho_t_critical_val,user_attrs_rmse_ci_lower_val,user_attrs_rmse_ci_upper_val,user_attrs_rmse_df_val,user_attrs_rmse_mean_val,user_attrs_rmse_samperror_val,user_attrs_rmse_std_val,user_attrs_rmse_t_critical_val,user_attrs_termination_reason,user_attrs_use_scaler_final,state
108,1.0691225985343633,2026-06-12 18:42:47.875203,2026-06-12 18:42:50.794590,0 days 00:00:02.919387,,,,,,,,,,,,,,2.710323160002809,QuantileRegressor,,,,,,7,,,,,,,,True,,,,,,,,,0.0,0.0,98.0,0.0,0.0,0.0,1.9844674545084815,1.0575870578016928,1.0806581392670338,98.0,1.0691225985343633,0.011535540732670515,0.05783777447779657,1.9844674545084815,378756762949842.25,482894502655208.6,98.0,430825632802525.44,52068869852683.18,261066873382366.97,1.9844674545084815,3.0,3.0,98.0,3.0,0.0,0.0,1.9844674545084815,1.0,1.0,98.0,1.0,0.0,0.0,1.9844674545084815,99.0,0.9191919191919192,-0.004402232239554242,-0.002812910014847294,98.0,-0.003607571127200768,0.0007946611123534741,0.00398433253088908,1.9844674545084815,QuantileRegressor,"{'mode': 'original', 'type': 'QuantileRegressor'}",7,"['l3_T6W30', 'lcc_T6W30', 'lsc_T6W30', 'atd_T6W30', 'density_T6W30', 'diameter_T6W30', 'asp_T6W30']",,,,,,,,1.3817940130923385,1.413236739470511,98.0,1.3975153762814247,0.01572136318908618,0.07882497055717957,1.9844674545084815,completed,True,COMPLETE
109,1.1547799448542229,2026-06-12 18:42:50.807032,2026-06-12 18:43:11.299280,0 days 00:00:20.492248,,,,,,,,,,,,,,,RandomForestRegressor,16.0,,3.0,3.0,167.0,13,,,,,,,,True,,,,,,,,,-0.09317558200520795,-0.06792647321762174,98.0,-0.08055102761141485,0.0126245543937931,0.0632979542816666,1.9844674545084815,1.1377497813819473,1.1718101083264985,98.0,1.1547799448542229,0.0170301634722755,0.0853871333001181,1.9844674545084815,348430253742015.94,451946043328830.3,98.0,400188148535423.1,51757894793407.17,259507682897634.4,1.9844674545084815,3.3802378693596085,3.516362906373277,98.0,3.4483003878664427,0.06806251850683409,0.3412570495841674,1.9844674545084815,0.9967705551039105,1.0430889370373815,98.0,1.019929746070646,0.023159190966735493,0.11611731909789527,1.9844674545084815,99.0,0.7878787878787878,-0.10407062950542305,-0.05843883512222718,98.0,-0.08125473231382511,0.02281589719159793,0.11439608656912406,1.9844674545084815,RandomForestRegressor,"{'mode': 'original', 'type': 'RandomForestRegressor'}",13,"['nodes_T6W30', 'edges_T6W30', 're_T6W30', 'pe_T6W30', 'l1_T6W30', 'l2_T6W30', 'l3_T6W30', 'lcc_T6W30', 'lsc_T6W30', 'atd_T6W30', 'density_T6W30', 'diameter_T6W30', 'asp_T6W30']",0.03654154402697557,0.09237006917072399,98.0,0.06445580659884978,0.02791426257187421,0.13995866000226037,1.9844674545084815,1.4282142748350448,1.46708357309895,98.0,1.4476489239669974,0.01943464913195257,0.09744292700258661,1.9844674545084815,completed,True,COMPLETE
110,1.1113675769509643,2026-06-12 18:43:11.357699,2026-06-12 18:43:13.209570,0 days 00:00:01.851871,,,,0.0042012607279230466,0.7373570773877997,,,,,,,,,,ElasticNet,,,,,,7,,,,,,,,True,,,,,,,,,-0.047582275411970354,-0.031986165819148385,98.0,-0.03978422061555937,0.007798054796410981,0.039098482258655684,1.9844674545084815,1.0977693628042622,1.1249657910976665,98.0,1.1113675769509643,0.013598214146702144,0.06817976385712665,1.9844674545084815,354986231698039.4,455745032929078.4,98.0,405365632313558.9,50379400615519.484,252596083586661.62,1.9844674545084815,3.3120637200430942,3.543801706458568,98.0,3.427932713250831,0.11586899320773698,0.5809528008633705,1.9844674545084815,0.9557916923862981,0.986224353731477,98.0,0.9710080230588876,0.015216330672589378,0.07629279998364341,1.9844674545084815,99.0,0.5454545454545454,-0.044093522055086945,-0.011491237782188416,98.0,-0.027792379918637682,0.016301142136449266,0.08173191049018065,1.9844674545084815,ElasticNet,"{'mode': 'original', 'type': 'ElasticNet'}",7,"['nodes_T6W30', 'edges_T6W30', 'pe_T6W30', 'l2_T6W30', 'density_T6W30', 'diameter_T6W30', 'asp_T6W30']",0.08984038816009882,0.13789801463849086,98.0,0.11386920139929484,0.024028813239196027,0.12047749761410406,1.9844674545084815,1.395214127272393,1.429963631766755,98.0,1.412588879519574,0.017374752247181057,0.08711485879755596,1.9844674545084815,completed,True,COMPLETE
111,1.1213535919418274,2026-06-12 18:43:13.223155,2026-06-12 18:43:14.958202,0 days 00:00:01.735047,,,,,,,,,,,minkowski,14.0,uniform,,KNeighborsRegressor,,,,,,9,,,,,0.4339260158221391,0.3806019094922788,LinearSVR,,,,,,,,,,-0.058331297675199914,-0.038900065381647864,98.0,-0.04861568152842389,0.009715616146776022,0.048712897698726415,1.9844674545084815,1.1047346774919846,1.1379725063916701,98.0,1.1213535919418274,0.016618914449842755,0.08332518156635026,1.9844674545084815,365737386254568.7,468389970245085.94,98.0,417063678249827.3,51326291995258.62,257343679849853.28,1.9844674545084815,3.2321687796782967,3.3306017830922654,98.0,3.281385281385281,0.049216501706984356,0.24676545229064958,1.9844674545084815,0.9581696311950011,1.0071983341729642,98.0,0.9826839826839826,0.024514351488981543,0.12291192634546856,1.9844674545084815,99.0,0.5656565656565656,-0.035004852505249,-0.003997672019165937,98.0,-0.01950126226220747,0.015503590243041532,0.07773308394062738,1.9844674545084815,KNeighborsRegressor,"{'mode': 'proxy', 'type': 'LinearSVR'}",9,"['nodes_T6W30', 'edges_T6W30', 're_T6W30', 'pe_T6W30', 'l2_T6W30', 'l3_T6W30', 'lcc_T6W30', 'density_T6W30', 'diameter_T6W30']",0.07346391468557231,0.12891004874464687,98.0,0.10118698171510959,0.027723067029537283,0.13900002920071292,1.9844674545084815,1.3886705244598443,1.4262354917403992,98.0,1.4074530081001217,0.018782483640277355,0.09417304988942417,1.9844674545084815,completed,True,COMPLETE
112,1.0800901029366536,2026-06-12 18:43:14.970751,2026-06-12 18:43:20.385555,0 days 00:00:05.414804,,,,,,3.0,sqrt,5.0,2.0,82.0,,,,,ExtraTreesRegressor,,,,,,6,,,,,,,,False,,,,,,,,,-0.013735295717325676,-0.006942160938913408,98.0,-0.010338728328119542,0.0033965673892061344,0.01702996879020719,1.9844674545084815,1.0682336548780613,1.091946550995246,98.0,1.0800901029366536,0.01185644805859234,0.05944676411903399,1.9844674545084815,361518707643965.8,462213558967142.56,98.0,411866133305554.2,50347425661588.36,252435765122424.5,1.9844674545084815,3.057689782069474,3.0903981809791157,98.0,3.074043981524295,0.01635419945482081,0.08199793332218183,1.9844674545084815,0.9795365453092989,0.9960007203601119,98.0,0.9877686328347054,0.008232087525406507,0.0412746686791612,1.9844674545084815,99.0,0.30303030303030304,0.005211567089300718,0.015653787311099412,98.0,0.010432677200200064,0.005221110110899346,0.026178000330985007,1.9844674545084815,ExtraTreesRegressor,"{'mode': 'original', 'type': 'ExtraTreesRegressor'}",6,"['edges_T6W30', 're_T6W30', 'pe_T6W30', 'l1_T6W30', 'l2_T6W30', 'lsc_T6W30']",0.08729173690004385,0.14274180863439373,98.0,0.11501677276721879,0.027725035867174938,0.13900990070911542,1.9844674545084815,1.3720582823013985,1.4027631943334267,98.0,1.3874107383174126,0.015352456016014092,0.07697531561911883,1.9844674545084815,completed,False,COMPLETE
113,1.1378784717913333,2026-06-12 18:43:20.398889,2026-06-12 18:43:20.529194,0 days 00:00:00.130305,,,,,,,,,,,,,,,LinearRegression,,,,,,13,,,,,,,,False,,,,,,,,,,,,,,,,,,,,,,,,,,,,,,,,,,,,,,,,,,,,,,,,,,,,,LinearRegression,"{'mode': 'original', 'type': 'LinearRegression'}",13,"['nodes_T6W30', 'edges_T6W30', 're_T6W30', 'pe_T6W30', 'l1_T6W30', 'l2_T6W30', 'l3_T6W30', 'lcc_T6W30', 'lsc_T6W30', 'atd_T6W30', 'density_T6W30', 'diameter_T6W30', 'asp_T6W30']",,,,,,,,,,,,,,,pruned,False,PRUNED
114,1.1058933807957152,2026-06-12 18:43:20.538468,2026-06-12 18:43:22.650685,0 days 00:00:02.112217,,,,,,,,,,,,,,,XGBRegressor,,,,,,9,,,,,,,,True,gblinear,0.9899851646794253,0.09517259270730555,10.0,68.0,0.0026117662573891046,0.0017450341235732876,0.6464110183504823,-0.04196882785712699,-0.02709298665994051,98.0,-0.03453090725853375,0.007437920598593239,0.037292813933448125,1.9844674545084815,1.092071230716925,1.1197155308745055,98.0,1.1058933807957152,0.013822150078790294,0.06930255092344141,1.9844674545084815,363694700621903.5,465372592285015.9,98.0,414533646453459.7,50838945831556.18,254900186461718.4,1.9844674545084815,3.2910280549706954,3.506148257232965,98.0,3.3985881561018303,0.10756010113113501,0.5392930436639695,1.9844674545084815,0.9696484629065705,0.9989764419957239,98.0,0.9843124524511472,0.014663989544576714,0.07352342988326038,1.9844674545084815,99.0,0.6060606060606061,-0.049177228674329124,-0.018272939148464274,98.0,-0.0337250839113967,0.015452144762932423,0.07747514266631628,1.9844674545084815,XGBRegressor,"{'mode': 'original', 'type': 'XGBRegressor'}",9,"['nodes_T6W30', 'edges_T6W30', 're_T6W30', 'pe_T6W30', 'l2_T6W30', 'l3_T6W30', 'lcc_T6W30', 'density_T6W30', 'diameter_T6W30']",0.040333897218418506,0.09335826758732843,98.0,0.06684608240287347,0.026512185184454966,0.1329288173955498,1.9844674545084815,1.3995516188921784,1.4341407107211699,98.0,1.4168461648066741,0.01729454591449569,0.08671271416566981,1.9844674545084815,completed,True,COMPLETE
115,1.086446647054314,2026-06-12 18:43:22.663488,2026-06-12 18:43:25.022486,0 days 00:00:02.358998,,,,,,,,,,,,,,0.00040504836317817647,QuantileRegressor,,,,,,4,,,,,,,,True,,,,,,,,,-0.02173577981241674,-0.011174317937573466,98.0,-0.016455048874995104,0.005280730937421638,0.026476931781056517,1.9844674545084815,1.0744617790247113,1.0984315150839166,98.0,1.086446647054314,0.011984868029602743,0.06009064597025133,1.9844674545084815,365713473953989.25,469035209453569.75,98.0,417374341703779.5,51660867749790.27,259021201301581.62,1.9844674545084815,3.0742385028985595,3.157746814972227,98.0,3.1159926589353932,0.04175415603683367,0.20935017406939027,1.9844674545084815,0.9866589958457133,1.0023068856585644,98.0,0.9944829407521388,0.00782394490642556,0.0392282920680899,1.9844674545084815,99.0,0.7474747474747475,-0.013677094878920083,-0.0012623874526403083,98.0,-0.007469741165780196,0.006207353713139888,0.031122903770578924,1.9844674545084815,QuantileRegressor,"{'mode': 'original', 'type': 'QuantileRegressor'}",4,"['pe_T6W30', 'l2_T6W30', 'lcc_T6W30', 'density_T6W30']",0.04234820665051933,0.10854666659058215,52.0,0.07544743662055074,0.03309922997003141,0.12008392848435927,2.006646805061688,1.3846759881053756,1.4147167102783207,98.0,1.3996963491918482,0.015020361086472478,0.07531023271705352,1.9844674545084815,completed,True,COMPLETE
116,1.2780270165564283,2026-06-12 18:43:25.035110,2026-06-12 18:43:25.181219,0 days 00:00:00.146109,17.0,4.0,15.0,,,,,,,,,,,,DecisionTreeRegressor,,,,,,9,,,,,,,,True,,,,,,,,,,,,,,,,,,,,,,,,,,,,,,,,,,,,,,,,,,,,,,,,,,,,,DecisionTreeRegressor,"{'mode': 'original', 'type': 'DecisionTreeRegressor'}",9,"['edges_T6W30', 're_T6W30', 'pe_T6W30', 'l1_T6W30', 'l2_T6W30', 'l3_T6W30', 'lsc_T6W30', 'atd_T6W30', 'density_T6W30']",,,,,,,,,,,,,,,pruned,True,PRUNED
117,1.0693960607271478,2026-06-12 18:43:25.190905,2026-06-12 18:43:28.343684,0 days 00:00:03.152779,,,,,,,,,,,,,,0.03382699854685835,QuantileRegressor,,,,,,12,,,,,,,,True,,,,,,,,,-0.00283477881557462,0.0024408630458670768,98.0,-0.00019695788485377146,0.0026378209307208484,0.013225707891763859,1.9844674545084815,1.0573216140261354,1.08147050742816,98.0,1.0693960607271478,0.012074446701012412,0.06053978234929766,1.9844674545084815,373640845945655.94,477213800652179.06,98.0,425427323298917.5,51786477353261.54,259650992317553.72,1.9844674545084815,3.098589260799395,3.2416916633473667,98.0,3.170140462073381,0.0715512012739859,0.35874887348624385,1.9844674545084815,0.9999999999999998,1.0,98.0,0.9999999999999999,1.1359239243192485e-16,5.695382061513534e-16,1.9844674545084815,99.0,0.6767676767676768,-0.01685215266334853,-0.00010787625502135106,98.0,-0.008480014459184941,0.00837213820416359,0.041976865460493985,1.9844674545084815,QuantileRegressor,"{'mode': 'original', 'type': 'QuantileRegressor'}",12,"['edges_T6W30', 're_T6W30', 'pe_T6W30', 'l1_T6W30', 'l2_T6W30', 'l3_T6W30', 'lcc_T6W30', 'lsc_T6W30', 'atd_T6W30', 'density_T6W30', 'diameter_T6W30', 'asp_T6W30']",0.05777855926363713,0.1293617735205861,48.0,0.0935701663921116,0.03579160712847447,0.12460803681488183,2.010634757624232,1.383930013337077,1.4173338091850214,98.0,1.4006319112610492,0.016701897923972222,0.0837412504419506,1.9844674545084815,completed,True,COMPLETE
118,1.084447843009917,2026-06-12 18:43:28.356050,2026-06-12 18:43:30.787486,0 days 00:00:02.431436,,,,,,,,,,,,,,,XGBRegressor,,,,,,4,,,,,,,,False,gblinear,0.8632308575565024,0.001054667477065073,6.0,122.0,8.438972315176365,7.8091343805248e-08,0.6233394322608115,-0.015362928089591192,-0.013601943282307792,98.0,-0.014482435685949492,0.0008804924036416997,0.004414680009495505,1.9844674545084815,1.073326526121357,1.095569159898477,98.0,1.084447843009917,0.011121316888559989,0.055760907356072635,1.9844674545084815,370261100602386.25,472582154869431.0,98.0,421421627735908.6,51160527133522.35,256512555335482.47,1.9844674545084815,3.062390615328936,3.073713308545736,98.0,3.068051961937336,0.005661346608400292,0.02838529167947303,1.9844674545084815,0.9334029559177492,0.9519649914776525,98.0,0.9426839736977008,0.00928101777995166,0.04653387524010717,1.9844674545084815,99.0,1.0,-0.0031511375438972884,-0.0019109948338879666,98.0,-0.0025310661888926275,0.000620071355004661,0.0031089610814107704,1.9844674545084815,XGBRegressor,"{'mode': 'original', 'type': 'XGBRegressor'}",4,"['atd_T6W30', 'density_T6W30', 'diameter_T6W30', 'asp_T6W30']",,,,,,,,1.3812301905334747,1.412168681982363,98.0,1.3966994362579188,0.015469245724444103,0.07756088477222942,1.9844674545084815,completed,False,COMPLETE
119,1.1209097024859238,2026-06-12 18:43:30.800467,2026-06-12 18:43:32.883793,0 days 00:00:02.083326,,,,,,,,,,,manhattan,16.0,distance,,KNeighborsRegressor,,,,,,7,11.0,2.0,12.0,40.0,,,ExtraTrees,,,,,,,,,,-0.05864753984914893,-0.03902248921810382,98.0,-0.048835014533626375,0.009812525315522557,0.049198788284758384,1.9844674545084815,1.1061499537096011,1.1356694512622465,98.0,1.1209097024859238,0.014759748776322603,0.07400355482739931,1.9844674545084815,350531758047948.56,449445391735617.2,98.0,399988574891782.9,49456816843834.336,247970362663803.12,1.9844674545084815,3.144192066683845,3.225388963682638,98.0,3.1847905151832414,0.04059844849939622,0.20355559941860818,1.9844674545084815,0.96791095218484,1.006456012339309,98.0,0.9871834822620744,0.01927253007723442,0.09663008211367854,1.9844674545084815,99.0,0.43434343434343436,-0.017176254654151114,0.014241530702145387,98.0,-0.0014673619760028635,0.01570889267814825,0.07876244495773298,1.9844674545084815,KNeighborsRegressor,"{'mode': 'proxy', 'type': 'ExtraTrees'}",7,"['edges_T6W30', 're_T6W30', 'pe_T6W30', 'l2_T6W30', 'l3_T6W30', 'lsc_T6W30', 'diameter_T6W30']",0.1087248444196582,0.16271389726909458,98.0,0.13571937084437638,0.026994526424718182,0.13534721671658675,1.9844674545084815,1.3769117977067131,1.4120362004101963,98.0,1.3944739990584547,0.017562201351741566,0.0880547054234649,1.9844674545084815,completed,True,COMPLETE
120,1.113143613829552,2026-06-12 18:43:32.897790,2026-06-12 18:43:34.637485,0 days 00:00:01.739695,,,,0.0002917112640198782,0.5882022669483905,,,,,,,,,,ElasticNet,,,,,,7,,,,,,,,False,,,,,,,,,-0.04949931663490776,-0.033469631018661995,98.0,-0.04148447382678488,0.008014842808122884,0.0401854305362836,1.9844674545084815,1.0995254101669012,1.126761817492203,98.0,1.113143613829552,0.013618203662650898,0.06827998881772082,1.9844674545084815,354311139040625.75,454305405311604.9,98.0,404308272176115.3,49997133135489.53,250679441721963.38,1.9844674545084815,3.3111810132048896,3.548563937738187,98.0,3.429872475471538,0.11869146226664853,0.5951043116319596,1.9844674545084815,0.9543129435031902,0.990765221468929,98.0,0.9725390824860596,0.01822613898286942,0.0913836065878237,1.9844674545084815,99.0,0.5555555555555556,-0.04189639263324614,-0.00784421122186386,98.0,-0.024870301927555002,0.01702609070569114,0.08536671295219807,1.9844674545084815,ElasticNet,"{'mode': 'original', 'type': 'ElasticNet'}",7,"['nodes_T6W30', 'edges_T6W30', 'pe_T6W30', 'l2_T6W30', 'atd_T6W30', 'diameter_T6W30', 'asp_T6W30']",0.11065837272340603,0.15961840297851784,98.0,0.13513838785096194,0.02448001512755591,0.12273976807612111,1.9844674545084815,1.3929078306882616,1.427958596108563,98.0,1.4104332133984123,0.017525382710150625,0.08787010130838561,1.9844674545084815,completed,False,COMPLETE
121,1.077286083973571,2026-06-12 18:43:34.649711,2026-06-12 18:43:41.061225,0 days 00:00:06.411514,,,,,,,,,,,,,,,XGBRegressor,,,,,,3,,,,,,,,False,gbtree,0.8924484885557338,0.0013964897465066847,2.0,274.0,0.023395288908658208,0.12517992356932114,0.6671191593480303,-0.009678245234240494,-0.005682785510183742,98.0,-0.007680515372212118,0.0019977298620283764,0.010016370442030248,1.9844674545084815,1.0656701593172258,1.0889020086299162,98.0,1.077286083973571,0.01161592465634512,0.058240809528937676,1.9844674545084815,364755803940276.3,465918978515392.56,98.0,415337391227834.44,50581587287558.12,253609822553112.28,1.9844674545084815,3.064352771489923,3.094189466610688,98.0,3.0792711190503055,0.014918347560382529,0.07479874951462635,1.9844674545084815,0.9833435096899688,0.9956435290476269,98.0,0.9894935193687978,0.0061500096788291055,0.03083538787505434,1.9844674545084815,99.0,0.2828282828282828,0.005336244973131126,0.011616244617054418,98.0,0.008476244795092772,0.003139999821961645,0.015743570741212715,1.9844674545084815,XGBRegressor,"{'mode': 'original', 'type': 'XGBRegressor'}",3,"['edges_T6W30', 're_T6W30', 'pe_T6W30']",0.1047913920590531,0.1578109983411318,98.0,0.13130119520009245,0.02650980314103935,0.1329168741244833,1.9844674545084815,1.3735272557576144,1.4043588457917378,98.0,1.388943050774676,0.015415795017061643,0.07729288953638323,1.9844674545084815,completed,False,COMPLETE
122,1.32003161544338,2026-06-12 18:43:41.075030,2026-06-12 18:43:41.192300,0 days 00:00:00.117270,14.0,1.0,16.0,,,,,,,,,,,,DecisionTreeRegressor,,,,,,6,,,,,,,,True,,,,,,,,,,,,,,,,,,,,,,,,,,,,,,,,,,,,,,,,,,,,,,,,,,,,,DecisionTreeRegressor,"{'mode': 'original', 'type': 'DecisionTreeRegressor'}",6,"['edges_T6W30', 're_T6W30', 'pe_T6W30', 'l3_T6W30', 'lsc_T6W30', 'density_T6W30']",,,,,,,,,,,,,,,pruned,True,PRUNED
123,1.1098010771666738,2026-06-12 18:43:41.202246,2026-06-12 18:43:42.968434,0 days 00:00:01.766188,,,,,,,,,,,,,,,LinearRegression,,,,,,5,,,,,,,,False,,,,,,,,,-0.045656359156437454,-0.031057047922724932,98.0,-0.03835670353958119,0.00729965561685626,0.03659957041611292,1.9844674545084815,1.096660285742636,1.1229418685907115,98.0,1.1098010771666738,0.013140791424037783,0.06588630290132139,1.9844674545084815,367404814316801.94,469962040714914.56,98.0,418683427515858.25,51278613199056.29,257104624262774.22,1.9844674545084815,3.2729547746858016,3.4872982339954937,98.0,3.3801265043406477,0.10717172965484592,0.5373457971169914,1.9844674545084815,0.9800546898038747,1.006943937859024,98.0,0.9934993138314493,0.013444624027574596,0.06740968199638145,1.9844674545084815,99.0,0.6464646464646465,-0.05142268086066904,-0.02119283463436151,98.0,-0.036307757747515275,0.015114923113153766,0.07578435502307303,1.9844674545084815,LinearRegression,"{'mode': 'original', 'type': 'LinearRegression'}",5,"['edges_T6W30', 're_T6W30', 'l1_T6W30', 'atd_T6W30', 'density_T6W30']",0.03132902099093547,0.08298142585570813,98.0,0.0571552234233218,0.025826202432386324,0.12948938472141114,1.9844674545084815,1.4017556513059906,1.4353666577893525,98.0,1.4185611545476715,0.016805503241680942,0.08426071469067596,1.9844674545084815,completed,False,COMPLETE
