number,value,datetime_start,datetime_complete,duration,params_dt_max_depth,params_dt_min_samples_leaf,params_dt_min_samples_split,params_elastic_alpha,params_elastic_l1_ratio,params_et_max_depth,params_et_max_features,params_et_min_samples_leaf,params_et_min_samples_split,params_et_n_estimators,params_knn_metric,params_knn_n_neighbors,params_knn_weights,params_quantile_alpha,params_regressor,params_rf_max_depth,params_rf_max_features,params_rf_min_samples_leaf,params_rf_min_samples_split,params_rf_n_estimators,params_rfe_n_features,params_rfe_proxy_et_max_depth,params_rfe_proxy_et_min_samples_leaf,params_rfe_proxy_et_min_samples_split,params_rfe_proxy_et_n_estimators,params_rfe_proxy_lsvr_C,params_rfe_proxy_lsvr_epsilon,params_rfe_proxy_type,params_use_scaler,params_xgb_booster,params_xgb_colsample_bytree,params_xgb_learning_rate,params_xgb_max_depth,params_xgb_n_estimators,params_xgb_reg_alpha,params_xgb_reg_lambda,params_xgb_subsample,user_attrs_d2mae_ci_lower_val,user_attrs_d2mae_ci_upper_val,user_attrs_d2mae_df_val,user_attrs_d2mae_mean_val,user_attrs_d2mae_samperror_val,user_attrs_d2mae_std_val,user_attrs_d2mae_t_critical_val,user_attrs_mae_ci_lower_val,user_attrs_mae_ci_upper_val,user_attrs_mae_df_val,user_attrs_mae_mean_val,user_attrs_mae_samperror_val,user_attrs_mae_std_val,user_attrs_mae_t_critical_val,user_attrs_mape_ci_lower_val,user_attrs_mape_ci_upper_val,user_attrs_mape_df_val,user_attrs_mape_mean_val,user_attrs_mape_samperror_val,user_attrs_mape_std_val,user_attrs_mape_t_critical_val,user_attrs_max_error_ci_lower_val,user_attrs_max_error_ci_upper_val,user_attrs_max_error_df_val,user_attrs_max_error_mean_val,user_attrs_max_error_samperror_val,user_attrs_max_error_std_val,user_attrs_max_error_t_critical_val,user_attrs_median_ae_ci_lower_val,user_attrs_median_ae_ci_upper_val,user_attrs_median_ae_df_val,user_attrs_median_ae_mean_val,user_attrs_median_ae_samperror_val,user_attrs_median_ae_std_val,user_attrs_median_ae_t_critical_val,user_attrs_n_splits_val,user_attrs_r2_below_zero_val,user_attrs_r2_ci_lower_val,user_attrs_r2_ci_upper_val,user_attrs_r2_df_val,user_attrs_r2_mean_val,user_attrs_r2_samperror_val,user_attrs_r2_std_val,user_attrs_r2_t_critical_val,user_attrs_regressor_final,user_attrs_rfe_estimator,user_attrs_rfe_n_features,user_attrs_rfe_selected_features,user_attrs_rho_ci_lower_val,user_attrs_rho_ci_upper_val,user_attrs_rho_df_val,user_attrs_rho_mean_val,user_attrs_rho_samperror_val,user_attrs_rho_std_val,user_attrs_rho_t_critical_val,user_attrs_rmse_ci_lower_val,user_attrs_rmse_ci_upper_val,user_attrs_rmse_df_val,user_attrs_rmse_mean_val,user_attrs_rmse_samperror_val,user_attrs_rmse_std_val,user_attrs_rmse_t_critical_val,user_attrs_termination_reason,user_attrs_use_scaler_final,state
168,1.1200953965798381,2026-06-12 18:49:46.732914,2026-06-12 18:49:57.648104,0 days 00:00:10.915190,,,,,,17.0,sqrt,2.0,2.0,170.0,,,,,ExtraTreesRegressor,,,,,,6,,,,,,,,False,,,,,,,,,-0.055879692650746854,-0.039523796224572375,98.0,-0.047701744437659614,0.008177948213087236,0.04100322086333089,1.9844674545084815,1.1053221082502163,1.13486868490946,98.0,1.1200953965798381,0.01477328832962179,0.07407144047302237,1.9844674545084815,347969953268173.2,446634515005867.8,98.0,397302234137020.5,49332280868847.3,247345954688260.8,1.9844674545084815,3.1623286750449573,3.2387654393280725,98.0,3.200547057186515,0.0382183821415576,0.19162224107529338,1.9844674545084815,0.9776732462599982,1.0156721357983214,98.0,0.9966726910291598,0.018999444769161544,0.0952608661551422,1.9844674545084815,99.0,0.6363636363636364,-0.0377234080848122,-0.011635834226143879,98.0,-0.02467962115547804,0.01304378692933416,0.06539993436273084,1.9844674545084815,ExtraTreesRegressor,"{'mode': 'original', 'type': 'ExtraTreesRegressor'}",6,"['re_T6W30', 'pe_T6W30', 'l2_T6W30', 'l3_T6W30', 'lsc_T6W30', 'atd_T6W30']",0.03828115067415103,0.08966871724757472,98.0,0.06397493396086287,0.02569378328671185,0.12882545150306,1.9844674545084815,1.3939795899595646,1.428222958014131,98.0,1.4111012739868478,0.01712168402728331,0.08584600604334658,1.9844674545084815,completed,False,COMPLETE
169,1.2363004315945492,2026-06-12 18:49:57.698510,2026-06-12 18:49:57.854548,0 days 00:00:00.156038,16.0,3.0,16.0,,,,,,,,,,,,DecisionTreeRegressor,,,,,,13,,,,,,,,True,,,,,,,,,,,,,,,,,,,,,,,,,,,,,,,,,,,,,,,,,,,,,,,,,,,,,DecisionTreeRegressor,"{'mode': 'original', 'type': 'DecisionTreeRegressor'}",13,"['nodes_T6W30', 'edges_T6W30', 're_T6W30', 'pe_T6W30', 'l1_T6W30', 'l2_T6W30', 'l3_T6W30', 'lcc_T6W30', 'lsc_T6W30', 'atd_T6W30', 'density_T6W30', 'diameter_T6W30', 'asp_T6W30']",,,,,,,,,,,,,,,pruned,True,PRUNED
170,1.1652505662889017,2026-06-12 18:49:57.864025,2026-06-12 18:50:00.163894,0 days 00:00:02.299869,,,,,,,,,,,,,,,RandomForestRegressor,9.0,log2,2.0,2.0,206.0,2,,,,,,,,True,,,,,,,,,,,,,,,,,,,,,,,,,,,,,,,,,,,,,,,,,,,,,,,,,,,,,RandomForestRegressor,"{'mode': 'original', 'type': 'RandomForestRegressor'}",2,"['re_T6W30', 'pe_T6W30']",,,,,,,,,,,,,,,pruned,True,PRUNED
171,1.1271032925660027,2026-06-12 18:50:00.173660,2026-06-12 18:50:01.982871,0 days 00:00:01.809211,,,,,,,,,,,,,,,LinearRegression,,,,,,10,,,,,,,,False,,,,,,,,,-0.0637443873798985,-0.04574153790222909,98.0,-0.0547429626410638,0.009001424738834708,0.04513203031298689,1.9844674545084815,1.1133905713508054,1.1408160137812,98.0,1.1271032925660027,0.013712721215197309,0.06875388813592877,1.9844674545084815,352179860830912.2,452382020497175.06,98.0,402280940664043.6,50101079833131.414,251200617607450.56,1.9844674545084815,3.3210484082432803,3.5620124635711905,98.0,3.4415304359072354,0.12048202766395492,0.6040819850706957,1.9844674545084815,0.9519651611658072,0.9905530986651606,98.0,0.9712591299154839,0.01929396874967672,0.09673757296569466,1.9844674545084815,99.0,0.5858585858585859,-0.05567132180486129,-0.019368799831759147,98.0,-0.03752006081831022,0.018151260986551072,0.09100817757545462,1.9844674545084815,LinearRegression,"{'mode': 'original', 'type': 'LinearRegression'}",10,"['nodes_T6W30', 'edges_T6W30', 're_T6W30', 'pe_T6W30', 'l1_T6W30', 'l2_T6W30', 'atd_T6W30', 'density_T6W30', 'diameter_T6W30', 'asp_T6W30']",0.11400807336797637,0.16080425331124387,98.0,0.13740616333961012,0.023398089971633743,0.11731512916059497,1.9844674545084815,1.4013161801524405,1.4362969126141918,98.0,1.4188065463833162,0.017490366230875683,0.08769453301226106,1.9844674545084815,completed,False,COMPLETE
172,1.1372549019607843,2026-06-12 18:50:01.996193,2026-06-12 18:50:02.306430,0 days 00:00:00.310237,,,,,,,,,,,minkowski,2.0,uniform,,KNeighborsRegressor,,,,,,10,10.0,2.0,8.0,30.0,,,ExtraTrees,,,,,,,,,,,,,,,,,,,,,,,,,,,,,,,,,,,,,,,,,,,,,,,,,,,,,,KNeighborsRegressor,"{'mode': 'proxy', 'type': 'ExtraTrees'}",10,"['edges_T6W30', 're_T6W30', 'pe_T6W30', 'l2_T6W30', 'l3_T6W30', 'lcc_T6W30', 'lsc_T6W30', 'atd_T6W30', 'density_T6W30', 'asp_T6W30']",,,,,,,,,,,,,,,pruned,True,PRUNED
173,1.0691225985343633,2026-06-12 18:50:02.320442,2026-06-12 18:50:04.695539,0 days 00:00:02.375097,,,,,,,,,,,,,,0.14276079282242177,QuantileRegressor,,,,,,7,,,,,,,,True,,,,,,,,,0.0,0.0,98.0,0.0,0.0,0.0,1.9844674545084815,1.0575870578016928,1.0806581392670338,98.0,1.0691225985343633,0.011535540732670515,0.05783777447779657,1.9844674545084815,378756762949842.25,482894502655208.6,98.0,430825632802525.44,52068869852683.18,261066873382366.97,1.9844674545084815,3.0,3.0,98.0,3.0,0.0,0.0,1.9844674545084815,1.0,1.0,98.0,1.0,0.0,0.0,1.9844674545084815,99.0,0.9191919191919192,-0.004402232239554242,-0.002812910014847294,98.0,-0.003607571127200768,0.0007946611123534741,0.00398433253088908,1.9844674545084815,QuantileRegressor,"{'mode': 'original', 'type': 'QuantileRegressor'}",7,"['l3_T6W30', 'lcc_T6W30', 'lsc_T6W30', 'atd_T6W30', 'density_T6W30', 'diameter_T6W30', 'asp_T6W30']",,,,,,,,1.3817940130923385,1.413236739470511,98.0,1.3975153762814247,0.01572136318908618,0.07882497055717957,1.9844674545084815,completed,True,COMPLETE
174,1.0818545805064739,2026-06-12 18:50:04.709966,2026-06-12 18:50:06.534286,0 days 00:00:01.824320,,,,0.05406120356371464,0.43281600220946925,,,,,,,,,,ElasticNet,,,,,,2,,,,,,,,True,,,,,,,,,-0.01717552934020182,-0.006845013621793116,98.0,-0.012010271480997469,0.005165257859204353,0.02589796404898713,1.9844674545084815,1.069329998782624,1.0943791622303238,98.0,1.0818545805064739,0.01252458172384989,0.06279670367953899,1.9844674545084815,364762340971431.06,466414325782987.8,98.0,415588333377209.44,50825992405778.36,254835239586993.2,1.9844674545084815,3.252659157894587,3.4453418161479,98.0,3.3490004870212435,0.09634132912665642,0.4830435084102688,1.9844674545084815,0.9686158040745177,0.9833711889219422,98.0,0.97599349649823,0.0073776924237122475,0.036990837313825055,1.9844674545084815,99.0,0.42424242424242425,-0.024895285444756672,-0.0009341574606620846,98.0,-0.01291472145270938,0.011980563992047295,0.060069066058286644,1.9844674545084815,ElasticNet,"{'mode': 'original', 'type': 'ElasticNet'}",2,"['edges_T6W30', 'pe_T6W30']",0.06828282216592062,0.12208698534350206,97.0,0.09518490375471134,0.02690208158879072,0.1341834581009783,1.9847231860139845,1.3864328679735767,1.4197524875035765,98.0,1.4030926777385766,0.01665980976500003,0.08353022561847397,1.9844674545084815,completed,True,COMPLETE
175,1.1703307585660525,2026-06-12 18:50:06.547127,2026-06-12 18:50:08.571971,0 days 00:00:02.024844,,,,,,,,,,,manhattan,5.0,uniform,,KNeighborsRegressor,,,,,,9,6.0,1.0,8.0,30.0,,,ExtraTrees,,,,,,,,,,-0.10895672387077478,-0.08080991692728663,98.0,-0.0948833203990307,0.014073403471744073,0.07056230435981783,1.9844674545084815,1.1511529775804767,1.1895085395516283,98.0,1.1703307585660525,0.01917778098557587,0.0961550218869999,1.9844674545084815,368797153035219.75,473230584781724.6,98.0,421013868908472.2,52216715873252.42,261808155043390.94,1.9844674545084815,3.6586220453404534,3.8605698738514667,98.0,3.75959595959596,0.10097391425550642,0.5062707172720757,1.9844674545084815,0.9600680416451911,1.0156895341123846,98.0,0.9878787878787878,0.027810746233596733,0.13943964188539798,1.9844674545084815,99.0,0.797979797979798,-0.14730859379159517,-0.09447834319305237,98.0,-0.12089346849232377,0.026415125299271393,0.13244217113594367,1.9844674545084815,KNeighborsRegressor,"{'mode': 'proxy', 'type': 'ExtraTrees'}",9,"['edges_T6W30', 're_T6W30', 'pe_T6W30', 'l2_T6W30', 'l3_T6W30', 'lcc_T6W30', 'lsc_T6W30', 'atd_T6W30', 'diameter_T6W30']",0.09268568778394919,0.14177442328031556,98.0,0.11723005553213237,0.024544367748183183,0.12306242415659022,1.9844674545084815,1.4510901610840834,1.4965852075073383,98.0,1.4738376842957108,0.022747523211627332,0.11405326789028322,1.9844674545084815,completed,True,COMPLETE
176,1.1264676539861949,2026-06-12 18:50:08.587054,2026-06-12 18:50:10.383336,0 days 00:00:01.796282,,,,,,,,,,,,,,,LinearRegression,,,,,,7,,,,,,,,True,,,,,,,,,-0.0626743742031218,-0.04559603199116516,98.0,-0.05413520309714348,0.008539171105978325,0.042814347770982614,1.9844674545084815,1.1130160489907734,1.1399192589816163,98.0,1.1264676539861949,0.013451604995421355,0.0674446837057347,1.9844674545084815,355435761457724.1,455515816900963.1,98.0,405475789179343.6,50040027721619.5,250894509871467.4,1.9844674545084815,3.1836951680256127,3.2613117834664176,98.0,3.222503475746015,0.03880830772040235,0.19458005496357286,1.9844674545084815,0.9633272306390447,1.0004307059272357,98.0,0.9818789682831401,0.01855173764409546,0.09301611800403578,1.9844674545084815,99.0,0.5858585858585859,-0.04126935558801628,-0.012986458503163604,98.0,-0.027127907045589945,0.01414144854242634,0.07090347392816763,1.9844674545084815,LinearRegression,"{'mode': 'original', 'type': 'LinearRegression'}",7,"['nodes_T6W30', 're_T6W30', 'pe_T6W30', 'l2_T6W30', 'density_T6W30', 'diameter_T6W30', 'asp_T6W30']",0.07810065245014222,0.12916676182976095,98.0,0.10363370713995158,0.025533054689809355,0.12801957819766296,1.9844674545084815,1.3962154284650876,1.4282138428554143,98.0,1.412214635660251,0.01599920719516341,0.08021804603893744,1.9844674545084815,completed,True,COMPLETE
177,1.2113226201551601,2026-06-12 18:50:10.395651,2026-06-12 18:50:10.566570,0 days 00:00:00.170919,8.0,2.0,19.0,,,,,,,,,,,,DecisionTreeRegressor,,,,,,9,,,,,,,,True,,,,,,,,,,,,,,,,,,,,,,,,,,,,,,,,,,,,,,,,,,,,,,,,,,,,,DecisionTreeRegressor,"{'mode': 'original', 'type': 'DecisionTreeRegressor'}",9,"['edges_T6W30', 're_T6W30', 'pe_T6W30', 'l3_T6W30', 'lcc_T6W30', 'lsc_T6W30', 'atd_T6W30', 'diameter_T6W30', 'asp_T6W30']",,,,,,,,,,,,,,,pruned,True,PRUNED
178,1.0729762777175402,2026-06-12 18:50:10.576678,2026-06-12 18:50:13.300026,0 days 00:00:02.723348,,,,,,,,,,,,,,0.002782432865907844,QuantileRegressor,,,,,,6,,,,,,,,True,,,,,,,,,-0.008766263130200553,0.001640887964319274,98.0,-0.00356268758294064,0.005203575547259914,0.026090084197632736,1.9844674545084815,1.0600163861815275,1.085936169253553,98.0,1.0729762777175402,0.01295989153601264,0.06497929323709088,1.9844674545084815,362979898518764.06,464286209328968.44,98.0,413633053923866.25,50653155405102.195,253968656242684.5,1.9844674545084815,3.276353718950758,3.5062436876185465,98.0,3.391298703284652,0.11494498433389413,0.576319934654555,1.9844674545084815,0.985151942869534,0.999238929212933,98.0,0.9921954360412335,0.007043493171699541,0.035315203599159614,1.9844674545084815,99.0,0.45454545454545453,-0.022207063580939036,0.004943365742557396,98.0,-0.00863184891919082,0.013575214661748216,0.06806444728422398,1.9844674545084815,QuantileRegressor,"{'mode': 'original', 'type': 'QuantileRegressor'}",6,"['edges_T6W30', 're_T6W30', 'pe_T6W30', 'l2_T6W30', 'lsc_T6W30', 'diameter_T6W30']",0.08381395404200406,0.1379331828107656,88.0,0.11087356842638484,0.027059614384380773,0.12845629420279012,1.9872898648311692,1.3824501824755235,1.4177586718824653,98.0,1.4001044271789944,0.017654244703470833,0.08851619940479347,1.9844674545084815,completed,True,COMPLETE
179,1.0986931590875055,2026-06-12 18:50:13.353484,2026-06-12 18:50:15.172273,0 days 00:00:01.818789,,,,0.006103877323127746,0.7875490858587793,,,,,,,,,,ElasticNet,,,,,,5,,,,,,,,True,,,,,,,,,-0.0353354207616216,-0.02030164902348263,98.0,-0.027818534892552114,0.007516885869069485,0.03768873603291663,1.9844674545084815,1.0849821800880388,1.1124041380869722,98.0,1.0986931590875055,0.013710978999466642,0.0687451528817385,1.9844674545084815,352698639180831.06,453170080542610.2,98.0,402934359861720.6,50235720680889.54,251875690165261.3,1.9844674545084815,3.35344117840382,3.589761091663373,98.0,3.4716011350335965,0.11815995662977667,0.5924394081071506,1.9844674545084815,0.9596499325325493,0.9848790800448847,98.0,0.972264506288717,0.012614573756167716,0.06324791259905291,1.9844674545084815,99.0,0.47474747474747475,-0.035716089724450104,-0.0040219887865282945,98.0,-0.019869039255489197,0.015847050468960903,0.07945515103303136,1.9844674545084815,ElasticNet,"{'mode': 'original', 'type': 'ElasticNet'}",5,"['edges_T6W30', 'pe_T6W30', 'l2_T6W30', 'density_T6W30', 'diameter_T6W30']",0.09841685768838161,0.1482175282887378,98.0,0.12331719298855971,0.0249003353001781,0.12484720143498738,1.9844674545084815,1.3897258207978502,1.4249092431953032,98.0,1.4073175319965767,0.01759171119872647,0.08820266414636665,1.9844674545084815,completed,True,COMPLETE
180,1.2117647058823529,2026-06-12 18:50:15.188484,2026-06-12 18:50:17.614223,0 days 00:00:02.425739,,,,,,,,,,,manhattan,5.0,uniform,,KNeighborsRegressor,,,,,,5,8.0,4.0,7.0,50.0,,,ExtraTrees,,,,,,,,,,-0.14693129388281365,-0.1207040722936443,98.0,-0.13381768308822897,0.013113610794584677,0.06575002258703834,1.9844674545084815,1.1936399007516618,1.229889511013044,98.0,1.2117647058823529,0.018124805130691143,0.09087553118632524,1.9844674545084815,334132933487733.4,434038981563063.9,98.0,384085957525398.6,49953024037665.26,250458284161039.2,1.9844674545084815,3.49382732221855,3.653647425256197,98.0,3.5737373737373734,0.0799100515188234,0.4006591147621778,1.9844674545084815,1.022972863253193,1.0780372377569083,98.0,1.0505050505050506,0.027532187251857642,0.13804298160410222,1.9844674545084815,99.0,0.8787878787878788,-0.1948752223045233,-0.14323625020654762,98.0,-0.16905573625553547,0.025819486048987834,0.12945570960575678,1.9844674545084815,KNeighborsRegressor,"{'mode': 'proxy', 'type': 'ExtraTrees'}",5,"['re_T6W30', 'pe_T6W30', 'l2_T6W30', 'l3_T6W30', 'lsc_T6W30']",0.04074665858188283,0.09285382291870989,98.0,0.06680024075029636,0.026053582168413532,0.1306294385947347,1.9844674545084815,1.4837792289652194,1.5268030713805678,98.0,1.5052911501728936,0.021511921207674166,0.10785811226601692,1.9844674545084815,completed,True,COMPLETE
181,1.0734911795638833,2026-06-12 18:50:17.682616,2026-06-12 18:50:20.141290,0 days 00:00:02.458674,,,,,,,,,,,,,,0.0008524707546537274,QuantileRegressor,,,,,,5,,,,,,,,False,,,,,,,,,-0.008940086556609064,0.0008170000674858503,98.0,-0.004061543244561607,0.004878543312047457,0.024460412771395212,1.9844674545084815,1.0607197408043278,1.0862626183234387,98.0,1.0734911795638833,0.012771438759555392,0.06403441432442931,1.9844674545084815,364734519030144.06,466950638047210.06,98.0,415842578538677.06,51108059508532.984,256249489153164.2,1.9844674545084815,3.2320548953342576,3.4280395837842215,98.0,3.3300472395592395,0.09799234422498196,0.49132149390998126,1.9844674545084815,0.9905232327130219,1.004927934328149,98.0,0.9977255835205854,0.0072023508075635045,0.03611169613731641,1.9844674545084815,99.0,0.46464646464646464,-0.01816037328391716,0.00577096000786618,98.0,-0.006194706638025491,0.011965666645891672,0.05999437260721796,1.9844674545084815,QuantileRegressor,"{'mode': 'original', 'type': 'QuantileRegressor'}",5,"['edges_T6W30', 're_T6W30', 'pe_T6W30', 'l2_T6W30', 'lsc_T6W30']",0.08473302239967209,0.13844856665901636,95.0,0.11159079452934423,0.02685777212967214,0.13255318794343604,1.9852510035054978,1.3815209713825478,1.4155448159120185,98.0,1.3985328936472832,0.01701192226473536,0.08529567414164785,1.9844674545084815,completed,False,COMPLETE
182,1.113705318040708,2026-06-12 18:50:20.154156,2026-06-12 18:50:40.814507,0 days 00:00:20.660351,,,,,,16.0,sqrt,1.0,9.0,362.0,,,,,ExtraTreesRegressor,,,,,,7,,,,,,,,True,,,,,,,,,-0.05115481180778728,-0.032657348718771025,98.0,-0.041906080263279154,0.00924873154450813,0.04637199604886725,1.9844674545084815,1.0988450310181859,1.12856560506323,98.0,1.113705318040708,0.014860287022522092,0.07450764115892346,1.9844674545084815,343628184916485.25,440991425398350.1,98.0,392309805157417.7,48681620240932.414,244083622775865.88,1.9844674545084815,3.215343357084979,3.3028128023738885,98.0,3.259078079729434,0.04373472264445457,0.21928049007663242,1.9844674545084815,0.975761163646738,1.0116784909613783,98.0,0.9937198273040582,0.0179586636573201,0.09004251838779832,1.9844674545084815,99.0,0.5252525252525253,-0.025899201658280028,0.004207208518187663,98.0,-0.010845996570046182,0.015053205088233846,0.07547490847962461,1.9844674545084815,ExtraTreesRegressor,"{'mode': 'original', 'type': 'ExtraTreesRegressor'}",7,"['edges_T6W30', 're_T6W30', 'pe_T6W30', 'l2_T6W30', 'l3_T6W30', 'lsc_T6W30', 'asp_T6W30']",0.08305812116317181,0.13838180522579638,98.0,0.1107199631944841,0.02766184203131229,0.1386930546321336,1.9844674545084815,1.3837301825047297,1.4185510228482048,98.0,1.4011406026764672,0.017410420171737474,0.08729369335974882,1.9844674545084815,completed,True,COMPLETE
183,1.0891773995372844,2026-06-12 18:50:40.827252,2026-06-12 18:50:44.438618,0 days 00:00:03.611366,,,,,,,,,,,,,,,XGBRegressor,,,,,,7,,,,,,,,False,gblinear,0.9834227498996426,0.0010084417932528184,4.0,187.0,1.0438578212275792e-06,0.009277366769193843,0.8646723970439982,-0.02003535595389093,-0.017849694158652556,98.0,-0.018942525056271742,0.0010928308976191857,0.0054793189555348955,1.9844674545084815,1.078143469848106,1.1002113292264628,98.0,1.0891773995372844,0.011033929689178388,0.055322758746726146,1.9844674545084815,367134495333310.94,468720815597619.06,98.0,417927655465465.0,50793160132154.086,254670622627850.94,1.9844674545084815,3.084696161834021,3.0996499408708846,98.0,3.092173051352453,0.0074768895184316835,0.037488199277706497,1.9844674545084815,0.9233617891298335,0.9446760271201294,98.0,0.9340189081249815,0.010657118995148025,0.05343347653211559,1.9844674545084815,99.0,0.6666666666666666,-0.0036947942293582134,-0.001914307581972266,98.0,-0.0028045509056652397,0.0008902433236929737,0.004463569916604874,1.9844674545084815,XGBRegressor,"{'mode': 'original', 'type': 'XGBRegressor'}",7,"['re_T6W30', 'pe_T6W30', 'l1_T6W30', 'l2_T6W30', 'l3_T6W30', 'density_T6W30', 'asp_T6W30']",-0.0012595997924482148,0.05527486073411873,98.0,0.027007630470835257,0.028267230263283472,0.14172839635071424,1.9844674545084815,1.381541376017694,1.412137247553331,98.0,1.3968393117855125,0.015297935767818375,0.0767019578379195,1.9844674545084815,completed,False,COMPLETE
184,1.270125416877335,2026-06-12 18:50:44.451702,2026-06-12 18:50:44.566011,0 days 00:00:00.114309,9.0,4.0,13.0,,,,,,,,,,,,DecisionTreeRegressor,,,,,,2,,,,,,,,True,,,,,,,,,,,,,,,,,,,,,,,,,,,,,,,,,,,,,,,,,,,,,,,,,,,,,DecisionTreeRegressor,"{'mode': 'original', 'type': 'DecisionTreeRegressor'}",2,"['re_T6W30', 'l3_T6W30']",,,,,,,,,,,,,,,pruned,True,PRUNED
