number,value,datetime_start,datetime_complete,duration,params_dt_max_depth,params_dt_min_samples_leaf,params_dt_min_samples_split,params_elastic_alpha,params_elastic_l1_ratio,params_et_max_depth,params_et_max_features,params_et_min_samples_leaf,params_et_min_samples_split,params_et_n_estimators,params_knn_metric,params_knn_n_neighbors,params_knn_weights,params_quantile_alpha,params_regressor,params_rf_max_depth,params_rf_max_features,params_rf_min_samples_leaf,params_rf_min_samples_split,params_rf_n_estimators,params_rfe_n_features,params_rfe_proxy_et_max_depth,params_rfe_proxy_et_min_samples_leaf,params_rfe_proxy_et_min_samples_split,params_rfe_proxy_et_n_estimators,params_rfe_proxy_lsvr_C,params_rfe_proxy_lsvr_epsilon,params_rfe_proxy_type,params_use_scaler,params_xgb_booster,params_xgb_colsample_bytree,params_xgb_learning_rate,params_xgb_max_depth,params_xgb_n_estimators,params_xgb_reg_alpha,params_xgb_reg_lambda,params_xgb_subsample,user_attrs_d2mae_ci_lower_val,user_attrs_d2mae_ci_upper_val,user_attrs_d2mae_df_val,user_attrs_d2mae_mean_val,user_attrs_d2mae_samperror_val,user_attrs_d2mae_std_val,user_attrs_d2mae_t_critical_val,user_attrs_mae_ci_lower_val,user_attrs_mae_ci_upper_val,user_attrs_mae_df_val,user_attrs_mae_mean_val,user_attrs_mae_samperror_val,user_attrs_mae_std_val,user_attrs_mae_t_critical_val,user_attrs_mape_ci_lower_val,user_attrs_mape_ci_upper_val,user_attrs_mape_df_val,user_attrs_mape_mean_val,user_attrs_mape_samperror_val,user_attrs_mape_std_val,user_attrs_mape_t_critical_val,user_attrs_max_error_ci_lower_val,user_attrs_max_error_ci_upper_val,user_attrs_max_error_df_val,user_attrs_max_error_mean_val,user_attrs_max_error_samperror_val,user_attrs_max_error_std_val,user_attrs_max_error_t_critical_val,user_attrs_median_ae_ci_lower_val,user_attrs_median_ae_ci_upper_val,user_attrs_median_ae_df_val,user_attrs_median_ae_mean_val,user_attrs_median_ae_samperror_val,user_attrs_median_ae_std_val,user_attrs_median_ae_t_critical_val,user_attrs_n_splits_val,user_attrs_r2_below_zero_val,user_attrs_r2_ci_lower_val,user_attrs_r2_ci_upper_val,user_attrs_r2_df_val,user_attrs_r2_mean_val,user_attrs_r2_samperror_val,user_attrs_r2_std_val,user_attrs_r2_t_critical_val,user_attrs_regressor_final,user_attrs_rfe_estimator,user_attrs_rfe_n_features,user_attrs_rfe_selected_features,user_attrs_rho_ci_lower_val,user_attrs_rho_ci_upper_val,user_attrs_rho_df_val,user_attrs_rho_mean_val,user_attrs_rho_samperror_val,user_attrs_rho_std_val,user_attrs_rho_t_critical_val,user_attrs_rmse_ci_lower_val,user_attrs_rmse_ci_upper_val,user_attrs_rmse_df_val,user_attrs_rmse_mean_val,user_attrs_rmse_samperror_val,user_attrs_rmse_std_val,user_attrs_rmse_t_critical_val,user_attrs_termination_reason,user_attrs_use_scaler_final,state
230,1.0953418251245761,2026-06-12 18:57:21.349792,2026-06-12 18:57:42.225603,0 days 00:00:20.875811,,,,,,4.0,,2.0,8.0,376.0,,,,,ExtraTreesRegressor,,,,,,6,,,,,,,,True,,,,,,,,,-0.03255907961944392,-0.01651884909940573,98.0,-0.024538964359424823,0.008020115260019093,0.040211865957976003,1.9844674545084815,1.0808963994070262,1.109787250842126,98.0,1.0953418251245761,0.014445425717550019,0.07242757788728311,1.9844674545084815,352566849393949.1,451957541536243.9,98.0,402262195465096.5,49695346071147.35,249166318707425.84,1.9844674545084815,3.1417661536818704,3.2170819674145843,98.0,3.1794240605482273,0.03765790686635687,0.18881208736696906,1.9844674545084815,0.9784894301207475,1.006924860416904,98.0,0.9927071452688259,0.01421771514807833,0.07128586525598757,1.9844674545084815,99.0,0.45454545454545453,-0.014254761579268969,0.011443726261261068,98.0,-0.0014055176590039506,0.012849243920265018,0.0644245197770144,1.9844674545084815,ExtraTreesRegressor,"{'mode': 'original', 'type': 'ExtraTreesRegressor'}",6,"['edges_T6W30', 're_T6W30', 'pe_T6W30', 'l2_T6W30', 'l3_T6W30', 'lsc_T6W30']",0.08842423256314916,0.1446198442069495,98.0,0.11652203838504933,0.02809780582190017,0.14087892315662276,1.9844674545084815,1.3781376367192284,1.4117301797380952,98.0,1.3949339082286618,0.016796271509433316,0.08421442792699914,1.9844674545084815,completed,True,COMPLETE
231,1.261285403050109,2026-06-12 18:57:42.238571,2026-06-12 18:57:42.414438,0 days 00:00:00.175867,17.0,4.0,11.0,,,,,,,,,,,,DecisionTreeRegressor,,,,,,4,,,,,,,,True,,,,,,,,,,,,,,,,,,,,,,,,,,,,,,,,,,,,,,,,,,,,,,,,,,,,,DecisionTreeRegressor,"{'mode': 'original', 'type': 'DecisionTreeRegressor'}",4,"['re_T6W30', 'pe_T6W30', 'l3_T6W30', 'atd_T6W30']",,,,,,,,,,,,,,,pruned,True,PRUNED
232,1.0691225985343633,2026-06-12 18:57:42.424399,2026-06-12 18:57:44.744464,0 days 00:00:02.320065,,,,,,,,,,,,,,5.442611243442007,QuantileRegressor,,,,,,12,,,,,,,,False,,,,,,,,,0.0,0.0,98.0,0.0,0.0,0.0,1.9844674545084815,1.0575870578016928,1.0806581392670338,98.0,1.0691225985343633,0.011535540732670515,0.05783777447779657,1.9844674545084815,378756762949842.25,482894502655208.6,98.0,430825632802525.44,52068869852683.18,261066873382366.97,1.9844674545084815,3.0,3.0,98.0,3.0,0.0,0.0,1.9844674545084815,1.0,1.0,98.0,1.0,0.0,0.0,1.9844674545084815,99.0,0.9191919191919192,-0.004402232239554242,-0.002812910014847294,98.0,-0.003607571127200768,0.0007946611123534741,0.00398433253088908,1.9844674545084815,QuantileRegressor,"{'mode': 'original', 'type': 'QuantileRegressor'}",12,"['edges_T6W30', 're_T6W30', 'pe_T6W30', 'l1_T6W30', 'l2_T6W30', 'l3_T6W30', 'lcc_T6W30', 'lsc_T6W30', 'atd_T6W30', 'density_T6W30', 'diameter_T6W30', 'asp_T6W30']",,,,,,,,1.3817940130923385,1.413236739470511,98.0,1.3975153762814247,0.01572136318908618,0.07882497055717957,1.9844674545084815,completed,False,COMPLETE
233,1.1213286108286304,2026-06-12 18:57:44.757088,2026-06-12 18:58:04.256104,0 days 00:00:19.499016,,,,,,,,,,,,,,,RandomForestRegressor,3.0,,2.0,6.0,203.0,4,,,,,,,,True,,,,,,,,,-0.059129352909826155,-0.03919828571187614,98.0,-0.04916381931085115,0.009965533598975007,0.049965952893392104,1.9844674545084815,1.106321690099775,1.136335531557486,98.0,1.1213286108286304,0.015006920728855525,0.07524284442631231,1.9844674545084815,354699101511843.7,456543225088363.2,98.0,405621163300103.44,50922061788259.77,255316919588559.5,1.9844674545084815,3.2491220661438085,3.385673894483771,98.0,3.31739798031379,0.06827591416998145,0.3423269890456702,1.9844674545084815,0.9800145443056262,1.0166779188917359,98.0,0.998346231598681,0.018331687293054805,0.09191281276051098,1.9844674545084815,99.0,0.5656565656565656,-0.051347149173121574,-0.017730586606509967,98.0,-0.03453886788981577,0.016808281283305804,0.08427464344778517,1.9844674545084815,RandomForestRegressor,"{'mode': 'original', 'type': 'RandomForestRegressor'}",4,"['re_T6W30', 'pe_T6W30', 'lsc_T6W30', 'diameter_T6W30']",0.06462809894947816,0.11825362274861587,98.0,0.09144086084904701,0.02681276189956885,0.13443587186875688,1.9844674545084815,1.4000937733910408,1.4337067645797934,98.0,1.416900268985417,0.016806495594376296,0.08426569022435283,1.9844674545084815,completed,True,COMPLETE
234,1.192407725839054,2026-06-12 18:58:04.269010,2026-06-12 18:58:05.470633,0 days 00:00:01.201623,,,,,,,,,,,,,,,XGBRegressor,,,,,,2,,,,,,,,False,gbtree,0.8769340413549565,0.043615447042338384,6.0,161.0,0.0015886199576773381,1.3779643280309122,0.8755885684770214,,,,,,,,,,,,,,,,,,,,,,,,,,,,,,,,,,,,,,,,,,,,,XGBRegressor,"{'mode': 'original', 'type': 'XGBRegressor'}",2,"['density_T6W30', 'diameter_T6W30']",,,,,,,,,,,,,,,pruned,False,PRUNED
235,1.0829402841797298,2026-06-12 18:58:05.483196,2026-06-12 18:58:12.627176,0 days 00:00:07.143980,,,,,,,,,,,,,,,XGBRegressor,,,,,,5,,,,,,,,False,gbtree,0.7149788098899108,0.0028665332547584666,3.0,172.0,0.3009833970105686,1.1995541049382383e-07,0.671053810431797,-0.016135907035248104,-0.009835059889374546,98.0,-0.012985483462311325,0.0031504235729367795,0.01579583413935625,1.9844674545084815,1.0710418672807953,1.0948387010786642,98.0,1.0829402841797298,0.011898416898934526,0.05965719069365752,1.9844674545084815,368253107362178.9,471036881854909.1,98.0,419644994608544.0,51391887246365.09,257672566325852.28,1.9844674545084815,3.130670181967193,3.1872922911218518,98.0,3.1589812365445225,0.028311054577329447,0.14194812604099713,1.9844674545084815,0.9878555455968412,1.0017617828542962,98.0,0.9948086642255687,0.006953118628727487,0.03486207681853565,1.9844674545084815,99.0,0.41414141414141414,-0.0033461790580274504,0.007129334543574249,98.0,0.0018915777427733996,0.00523775680080085,0.02626146477523062,1.9844674545084815,XGBRegressor,"{'mode': 'original', 'type': 'XGBRegressor'}",5,"['edges_T6W30', 're_T6W30', 'pe_T6W30', 'lsc_T6W30', 'diameter_T6W30']",0.05815463138355243,0.11259117057998261,98.0,0.08537290098176752,0.027218269598215085,0.13646903731516608,1.9844674545084815,1.3780012912250335,1.4087379830138176,98.0,1.3933696371194255,0.01536834589439208,0.07705498550399062,1.9844674545084815,completed,False,COMPLETE
236,1.2196459600738452,2026-06-12 18:58:12.641929,2026-06-12 18:58:35.354557,0 days 00:00:22.712628,,,,,,,,,,,,,,,XGBRegressor,,,,,,11,,,,,,,,False,gbtree,0.8285152491170537,0.10806113572524977,10.0,347.0,1.2175258738653325,3.941568343635868e-05,0.7833026294527314,-0.156596279053854,-0.12598140017351814,98.0,-0.14128883961368607,0.015307439440167941,0.07674960807563296,1.9844674545084815,1.200064571645728,1.2392273485019623,98.0,1.2196459600738452,0.019581388428117033,0.09817865968432854,1.9844674545084815,330605547125635.4,436423452841438.4,98.0,383514499983536.9,52908952857901.52,265278945666142.75,1.9844674545084815,3.6008695139100646,3.7874116869612586,98.0,3.6941406004356616,0.09327108652559707,0.46764969174684434,1.9844674545084815,1.0099578461311598,1.0698976055490332,98.0,1.0399277258400965,0.029969879708936737,0.15026527008161228,1.9844674545084815,99.0,0.9191919191919192,-0.22540507151494243,-0.1645143268632921,98.0,-0.19495969918911726,0.030445372325825157,0.15264933125210955,1.9844674545084815,XGBRegressor,"{'mode': 'original', 'type': 'XGBRegressor'}",11,"['nodes_T6W30', 're_T6W30', 'pe_T6W30', 'l1_T6W30', 'l2_T6W30', 'l3_T6W30', 'lcc_T6W30', 'lsc_T6W30', 'atd_T6W30', 'density_T6W30', 'diameter_T6W30']",0.03314428923495957,0.0853295954124508,98.0,0.05923694232370519,0.026092653088745612,0.13082533535685237,1.9844674545084815,1.498292282237316,1.5428860367590773,98.0,1.5205891594981966,0.02229687726088069,0.1117937848306987,1.9844674545084815,completed,False,COMPLETE
237,1.1165907440417244,2026-06-12 18:58:35.368604,2026-06-12 18:58:37.115976,0 days 00:00:01.747372,,,,,,,,,,,euclidean,12.0,uniform,,KNeighborsRegressor,,,,,,11,,,,,0.015326057621818302,0.5665821846009316,LinearSVR,,,,,,,,,,-0.054993853027276864,-0.033918358388236376,98.0,-0.04445610570775662,0.010537747319520242,0.052834961714822055,1.9844674545084815,1.100281915675436,1.1328995724080129,98.0,1.1165907440417244,0.016308828366288438,0.08177044829593462,1.9844674545084815,358813662558720.0,460914611862648.6,98.0,409864137210684.3,51050474651964.3,255960765804624.22,1.9844674545084815,3.2276485502136407,3.319489496924407,98.0,3.273569023569024,0.04592047335538329,0.2302395737999762,1.9844674545084815,0.9639184926185697,1.0091454804454036,98.0,0.9865319865319866,0.022613493913416955,0.11338126156626631,1.9844674545084815,99.0,0.48484848484848486,-0.02029135267190513,0.014013628242509377,98.0,-0.0031388622146978767,0.017152490457207254,0.0860004656727388,1.9844674545084815,KNeighborsRegressor,"{'mode': 'proxy', 'type': 'LinearSVR'}",11,"['nodes_T6W30', 'edges_T6W30', 're_T6W30', 'pe_T6W30', 'l2_T6W30', 'l3_T6W30', 'lcc_T6W30', 'lsc_T6W30', 'density_T6W30', 'diameter_T6W30', 'asp_T6W30']",0.11435169192222258,0.17002990154731243,98.0,0.1421907967347675,0.02783910481254492,0.13958182829275648,1.9844674545084815,1.376676558214543,1.4146976255668993,98.0,1.3956870918907212,0.01901053367617814,0.09531646456340882,1.9844674545084815,completed,True,COMPLETE
238,1.1229426194348762,2026-06-12 18:58:37.128845,2026-06-12 18:58:39.024647,0 days 00:00:01.895802,,,,,,,,,,,,,,,LinearRegression,,,,,,9,,,,,,,,True,,,,,,,,,-0.059702465841274435,-0.04186264396943826,98.0,-0.050782554905356346,0.00891991093591809,0.044723330187073716,1.9844674545084815,1.1090122276067034,1.136873011263049,98.0,1.1229426194348762,0.013930391828172862,0.06984526166712944,1.9844674545084815,351490129640614.75,451842890228532.4,98.0,401666509934573.56,50176380293958.82,251578164804616.22,1.9844674545084815,3.26961455588544,3.420008326698001,98.0,3.3448114412917205,0.0751968854062803,0.37702788281467003,1.9844674545084815,0.9444147362993193,0.9836573069136362,98.0,0.9640360216064777,0.019621285307158474,0.09837869770125751,1.9844674545084815,99.0,0.6060606060606061,-0.04683052848393892,-0.015012320634714756,98.0,-0.030921424559326838,0.015909103924612082,0.07976627938467908,1.9844674545084815,LinearRegression,"{'mode': 'original', 'type': 'LinearRegression'}",9,"['nodes_T6W30', 're_T6W30', 'pe_T6W30', 'l1_T6W30', 'l2_T6W30', 'atd_T6W30', 'density_T6W30', 'diameter_T6W30', 'asp_T6W30']",0.10449661248843196,0.15224380192299425,98.0,0.1283702072057131,0.023873594717281135,0.11969925114318963,1.9844674545084815,1.3977091627696119,1.4315903978960804,98.0,1.4146497803328462,0.01694061756323435,0.08493816118753536,1.9844674545084815,completed,True,COMPLETE
239,1.1070248854024642,2026-06-12 18:58:39.053958,2026-06-12 18:58:52.023562,0 days 00:00:12.969604,,,,,,,,,,,,,,,RandomForestRegressor,3.0,sqrt,3.0,7.0,144.0,11,,,,,,,,True,,,,,,,,,-0.04391583097605864,-0.027605182098102716,98.0,-0.035760506537080676,0.00815532443897796,0.040889788058134084,1.9844674545084815,1.0933912120653602,1.1206585587395683,98.0,1.1070248854024642,0.013633673337104074,0.06835755185208589,1.9844674545084815,356795377904498.8,458216464079203.3,98.0,407505920991851.06,50710543087352.23,254256390983577.9,1.9844674545084815,3.1645125715333737,3.2560333457530257,98.0,3.2102729586431997,0.045760387109826106,0.22943692116477632,1.9844674545084815,0.9766723198773061,1.011592148700553,98.0,0.9941322342889296,0.0174599144116235,0.08754185135691755,1.9844674545084815,99.0,0.5151515151515151,-0.027779941667967913,-0.0011866703287971968,98.0,-0.014483305998382554,0.013296635669585357,0.06666768667313841,1.9844674545084815,RandomForestRegressor,"{'mode': 'original', 'type': 'RandomForestRegressor'}",11,"['nodes_T6W30', 're_T6W30', 'pe_T6W30', 'l2_T6W30', 'l3_T6W30', 'lcc_T6W30', 'lsc_T6W30', 'atd_T6W30', 'density_T6W30', 'diameter_T6W30', 'asp_T6W30']",0.06381542595293326,0.11771300605717318,98.0,0.09076421600505322,0.026948790052119958,0.13511790020121295,1.9844674545084815,1.387846525101096,1.4194601848340236,98.0,1.4036533549675598,0.015806829866463732,0.07925348990673459,1.9844674545084815,completed,True,COMPLETE
240,1.3697025869171198,2026-06-12 18:58:52.056567,2026-06-12 18:58:52.168580,0 days 00:00:00.112013,11.0,1.0,9.0,,,,,,,,,,,,DecisionTreeRegressor,,,,,,9,,,,,,,,True,,,,,,,,,,,,,,,,,,,,,,,,,,,,,,,,,,,,,,,,,,,,,,,,,,,,,DecisionTreeRegressor,"{'mode': 'original', 'type': 'DecisionTreeRegressor'}",9,"['edges_T6W30', 're_T6W30', 'pe_T6W30', 'l2_T6W30', 'l3_T6W30', 'lcc_T6W30', 'lsc_T6W30', 'atd_T6W30', 'density_T6W30']",,,,,,,,,,,,,,,pruned,True,PRUNED
241,1.1231954529571517,2026-06-12 18:58:52.179414,2026-06-12 18:58:53.811225,0 days 00:00:01.631811,,,,,,,,,,,,,,,LinearRegression,,,,,,6,,,,,,,,True,,,,,,,,,-0.059557378351008314,-0.04244415174573776,98.0,-0.05100076504837304,0.008556613302635279,0.04290180078770902,1.9844674545084815,1.1095078639380624,1.136883041976241,98.0,1.1231954529571517,0.01368758901908928,0.06862787841308057,1.9844674545084815,355406852368631.5,455844656154002.0,98.0,405625754261316.75,50218901892685.27,251791362841411.38,1.9844674545084815,3.1757123455958136,3.254259471155876,98.0,3.2149859083758447,0.0392735627800312,0.1969127862881874,1.9844674545084815,0.9691734960551257,1.0055762522668585,98.0,0.9873748741609921,0.018201378105866427,0.09125945861304213,1.9844674545084815,99.0,0.5454545454545454,-0.037156265827194224,-0.008651546489326001,98.0,-0.02290390615826011,0.01425235966893411,0.07145956859860357,1.9844674545084815,LinearRegression,"{'mode': 'original', 'type': 'LinearRegression'}",6,"['nodes_T6W30', 'pe_T6W30', 'l2_T6W30', 'density_T6W30', 'diameter_T6W30', 'asp_T6W30']",0.07884377479024565,0.12981756405272907,98.0,0.10433066942148736,0.025486894631241708,0.12778813737324143,1.9844674545084815,1.393176232420473,1.4254977291969801,98.0,1.4093369808087266,0.016160748388253616,0.08102799360111491,1.9844674545084815,completed,True,COMPLETE
242,1.0691225985343633,2026-06-12 18:58:53.824713,2026-06-12 18:58:56.063497,0 days 00:00:02.238784,,,,,,,,,,,,,,0.23939475196027465,QuantileRegressor,,,,,,9,,,,,,,,False,,,,,,,,,0.0,0.0,98.0,0.0,0.0,0.0,1.9844674545084815,1.0575870578016928,1.0806581392670338,98.0,1.0691225985343633,0.011535540732670515,0.05783777447779657,1.9844674545084815,378756762949842.25,482894502655208.6,98.0,430825632802525.44,52068869852683.18,261066873382366.97,1.9844674545084815,3.0,3.0,98.0,3.0,0.0,0.0,1.9844674545084815,1.0,1.0,98.0,1.0,0.0,0.0,1.9844674545084815,99.0,0.9191919191919192,-0.004402232239554242,-0.002812910014847294,98.0,-0.003607571127200768,0.0007946611123534741,0.00398433253088908,1.9844674545084815,QuantileRegressor,"{'mode': 'original', 'type': 'QuantileRegressor'}",9,"['l1_T6W30', 'l2_T6W30', 'l3_T6W30', 'lcc_T6W30', 'lsc_T6W30', 'atd_T6W30', 'density_T6W30', 'diameter_T6W30', 'asp_T6W30']",,,,,,,,1.3817940130923385,1.413236739470511,98.0,1.3975153762814247,0.01572136318908618,0.07882497055717957,1.9844674545084815,completed,False,COMPLETE
243,1.1341630632169468,2026-06-12 18:58:56.076200,2026-06-12 18:59:06.421681,0 days 00:00:10.345481,,,,,,11.0,,5.0,10.0,154.0,,,,,ExtraTreesRegressor,,,,,,12,,,,,,,,True,,,,,,,,,-0.07109470249613185,-0.050928865834158954,98.0,-0.061011784165145404,0.010082918330986448,0.0505545054211454,1.9844674545084815,1.1184952779362423,1.1498308484976514,98.0,1.1341630632169468,0.015667785280704623,0.07855633755125657,1.9844674545084815,352071876284249.9,453060777892332.0,98.0,402566327088290.94,50494450804041.03,253172931002101.06,1.9844674545084815,3.2701901445486232,3.368326364164319,98.0,3.319258254356471,0.04906810980784762,0.24602143366200435,1.9844674545084815,0.9868882421048157,1.0294653111351182,98.0,1.008176776619967,0.02128853451515117,0.10673807901894998,1.9844674545084815,99.0,0.6767676767676768,-0.05986028610306238,-0.025256184987971317,98.0,-0.04255823554551685,0.01730205055754553,0.08675034151772135,1.9844674545084815,ExtraTreesRegressor,"{'mode': 'original', 'type': 'ExtraTreesRegressor'}",12,"['edges_T6W30', 're_T6W30', 'pe_T6W30', 'l1_T6W30', 'l2_T6W30', 'l3_T6W30', 'lcc_T6W30', 'lsc_T6W30', 'atd_T6W30', 'density_T6W30', 'diameter_T6W30', 'asp_T6W30']",0.044214681619142146,0.0993352721313394,98.0,0.07177497687524077,0.027560295256098623,0.13818391166087074,1.9844674545084815,1.4047444534277183,1.4403637805527751,98.0,1.4225541169902467,0.017809663562528336,0.08929545034136255,1.9844674545084815,completed,True,COMPLETE
244,1.1336211352606127,2026-06-12 18:59:06.468310,2026-06-12 18:59:43.793032,0 days 00:00:37.324722,,,,,,,,,,,,,,,RandomForestRegressor,12.0,log2,3.0,11.0,425.0,12,,,,,,,,True,,,,,,,,,-0.07100014308164723,-0.050154844314453176,98.0,-0.060577493698050204,0.010422649383597028,0.05225787489981624,1.9844674545084815,1.11797637006288,1.1492659004583454,98.0,1.1336211352606127,0.01564476519773263,0.07844091770243895,1.9844674545084815,353455193782978.9,455521572782060.0,98.0,404488383282519.44,51033189499540.59,255874100188259.6,1.9844674545084815,3.2680170577911722,3.377090709410604,98.0,3.322553883600888,0.05453682580971571,0.27344089930554855,1.9844674545084815,0.9845169837605812,1.0290170927936062,98.0,1.0067670382770937,0.02225005451651249,0.11155902138163647,1.9844674545084815,99.0,0.6262626262626263,-0.05750451126607867,-0.02234892534130381,98.0,-0.03992671830369124,0.01757779296238743,0.08813287983081859,1.9844674545084815,RandomForestRegressor,"{'mode': 'original', 'type': 'RandomForestRegressor'}",12,"['nodes_T6W30', 're_T6W30', 'pe_T6W30', 'l1_T6W30', 'l2_T6W30', 'l3_T6W30', 'lcc_T6W30', 'lsc_T6W30', 'atd_T6W30', 'density_T6W30', 'diameter_T6W30', 'asp_T6W30']",0.0575257580626831,0.1128647343601327,98.0,0.0851952462114079,0.027669488148724795,0.1387313913191415,1.9844674545084815,1.4031098332353025,1.4380667715985112,98.0,1.4205883024169068,0.01747846918160431,0.08763488267868284,1.9844674545084815,completed,True,COMPLETE
245,1.1351570325484563,2026-06-12 18:59:43.806081,2026-06-12 19:00:04.634659,0 days 00:00:20.828578,,,,,,,,,,,,,,,RandomForestRegressor,15.0,log2,4.0,5.0,228.0,11,,,,,,,,True,,,,,,,,,-0.07294914757503512,-0.0514841451674009,98.0,-0.06221664637121801,0.01073250120381711,0.053811433602848534,1.9844674545084815,1.1199053594793669,1.1504087056175458,98.0,1.1351570325484563,0.015251673069089564,0.07647000238842477,1.9844674545084815,349890559159779.06,451448465521680.7,98.0,400669512340729.9,50778953180950.81,254599390731682.88,1.9844674545084815,3.255643016297859,3.358295665780515,98.0,3.306969341039187,0.0513263247413282,0.25734384403459604,1.9844674545084815,0.9856976088486827,1.0287211406063819,98.0,1.0072093747275324,0.021511765878849613,0.10785733346650223,1.9844674545084815,99.0,0.6262626262626263,-0.05943311973621779,-0.023137609550258023,98.0,-0.041285364643237905,0.018147755092979882,0.09099059945870978,1.9844674545084815,RandomForestRegressor,"{'mode': 'original', 'type': 'RandomForestRegressor'}",11,"['nodes_T6W30', 're_T6W30', 'pe_T6W30', 'l1_T6W30', 'l2_T6W30', 'l3_T6W30', 'lcc_T6W30', 'lsc_T6W30', 'density_T6W30', 'diameter_T6W30', 'asp_T6W30']",0.058110955017087434,0.11491987633401918,98.0,0.0865154156755533,0.028404460658465868,0.14241645257902605,1.9844674545084815,1.4041163824079017,1.438430570360944,98.0,1.4212734763844228,0.01715709397652109,0.08602354714919909,1.9844674545084815,completed,True,COMPLETE
