number,value,datetime_start,datetime_complete,duration,params_dt_max_depth,params_dt_min_samples_leaf,params_dt_min_samples_split,params_elastic_alpha,params_elastic_l1_ratio,params_et_max_depth,params_et_max_features,params_et_min_samples_leaf,params_et_min_samples_split,params_et_n_estimators,params_knn_metric,params_knn_n_neighbors,params_knn_weights,params_quantile_alpha,params_regressor,params_rf_max_depth,params_rf_max_features,params_rf_min_samples_leaf,params_rf_min_samples_split,params_rf_n_estimators,params_rfe_n_features,params_rfe_proxy_et_max_depth,params_rfe_proxy_et_min_samples_leaf,params_rfe_proxy_et_min_samples_split,params_rfe_proxy_et_n_estimators,params_rfe_proxy_lsvr_C,params_rfe_proxy_lsvr_epsilon,params_rfe_proxy_type,params_use_scaler,params_xgb_booster,params_xgb_colsample_bytree,params_xgb_learning_rate,params_xgb_max_depth,params_xgb_n_estimators,params_xgb_reg_alpha,params_xgb_reg_lambda,params_xgb_subsample,user_attrs_d2mae_ci_lower_val,user_attrs_d2mae_ci_upper_val,user_attrs_d2mae_df_val,user_attrs_d2mae_mean_val,user_attrs_d2mae_samperror_val,user_attrs_d2mae_std_val,user_attrs_d2mae_t_critical_val,user_attrs_mae_ci_lower_val,user_attrs_mae_ci_upper_val,user_attrs_mae_df_val,user_attrs_mae_mean_val,user_attrs_mae_samperror_val,user_attrs_mae_std_val,user_attrs_mae_t_critical_val,user_attrs_mape_ci_lower_val,user_attrs_mape_ci_upper_val,user_attrs_mape_df_val,user_attrs_mape_mean_val,user_attrs_mape_samperror_val,user_attrs_mape_std_val,user_attrs_mape_t_critical_val,user_attrs_max_error_ci_lower_val,user_attrs_max_error_ci_upper_val,user_attrs_max_error_df_val,user_attrs_max_error_mean_val,user_attrs_max_error_samperror_val,user_attrs_max_error_std_val,user_attrs_max_error_t_critical_val,user_attrs_median_ae_ci_lower_val,user_attrs_median_ae_ci_upper_val,user_attrs_median_ae_df_val,user_attrs_median_ae_mean_val,user_attrs_median_ae_samperror_val,user_attrs_median_ae_std_val,user_attrs_median_ae_t_critical_val,user_attrs_n_splits_val,user_attrs_r2_below_zero_val,user_attrs_r2_ci_lower_val,user_attrs_r2_ci_upper_val,user_attrs_r2_df_val,user_attrs_r2_mean_val,user_attrs_r2_samperror_val,user_attrs_r2_std_val,user_attrs_r2_t_critical_val,user_attrs_regressor_final,user_attrs_rfe_estimator,user_attrs_rfe_n_features,user_attrs_rfe_selected_features,user_attrs_rho_ci_lower_val,user_attrs_rho_ci_upper_val,user_attrs_rho_df_val,user_attrs_rho_mean_val,user_attrs_rho_samperror_val,user_attrs_rho_std_val,user_attrs_rho_t_critical_val,user_attrs_rmse_ci_lower_val,user_attrs_rmse_ci_upper_val,user_attrs_rmse_df_val,user_attrs_rmse_mean_val,user_attrs_rmse_samperror_val,user_attrs_rmse_std_val,user_attrs_rmse_t_critical_val,user_attrs_termination_reason,user_attrs_use_scaler_final,state
80,1.1255694196870667,2026-06-12 18:39:04.252015,2026-06-12 18:39:06.227954,0 days 00:00:01.975939,,,,,,,,,,,minkowski,13.0,uniform,,KNeighborsRegressor,,,,,,6,,,,,0.0013577269394141453,0.00020621202575348165,LinearSVR,,,,,,,,,,-0.0626145993458277,-0.04278452514549516,98.0,-0.052699562245661434,0.009915037100166276,0.0497127696939478,1.9844674545084815,1.1092451051720869,1.1418937342020465,98.0,1.1255694196870667,0.01632431451497995,0.08184809393009311,1.9844674545084815,363941709910889.25,466696148140930.1,98.0,415318929025909.7,51377219115020.445,257599022129495.72,1.9844674545084815,3.2025864023254043,3.314896115157114,98.0,3.258741258741259,0.056154856415855096,0.2815535046410765,1.9844674545084815,0.954039911789064,1.0008940431448912,98.0,0.9774669774669775,0.023427065677913562,0.11746040976806582,1.9844674545084815,99.0,0.5252525252525253,-0.026905018677005805,0.0036715668335948817,98.0,-0.011616725921705462,0.015288292755300343,0.07665360896583542,1.9844674545084815,KNeighborsRegressor,"{'mode': 'proxy', 'type': 'LinearSVR'}",6,"['edges_T6W30', 're_T6W30', 'pe_T6W30', 'l2_T6W30', 'l3_T6W30', 'density_T6W30']",0.10359191974611567,0.15537932068238372,98.0,0.1294856202142497,0.02589370046813403,0.12982781152425824,1.9844674545084815,1.3834322959481804,1.4204783084372623,98.0,1.4019553021927214,0.018523006244540913,0.09287206232026876,1.9844674545084815,completed,True,COMPLETE
81,1.0958101592669844,2026-06-12 18:39:06.284585,2026-06-12 18:39:44.524444,0 days 00:00:38.239859,,,,,,,,,,,,,,,RandomForestRegressor,2.0,sqrt,4.0,7.0,472.0,6,,,,,,,,True,,,,,,,,,-0.031990376618072254,-0.01819829034606185,98.0,-0.025094333482067053,0.006896043136005202,0.034575907357321634,1.9844674545084815,1.0824298080101948,1.109190510523774,98.0,1.0958101592669844,0.013380351256789536,0.06708742627314507,1.9844674545084815,353352089615046.8,453234430952330.94,98.0,403293260283688.9,49941170668642.086,250398852834822.94,1.9844674545084815,3.0892324289943502,3.1489464927946518,98.0,3.119089460894501,0.029857031900150714,0.14969946512576876,1.9844674545084815,0.9676735677222854,0.9964157459999514,98.0,0.9820446568611184,0.01437108913883297,0.07205486347580252,1.9844674545084815,99.0,0.43434343434343436,-0.006525051076680473,0.014155808477262282,98.0,0.0038153787002909046,0.010340429776971378,0.051845635961402244,1.9844674545084815,RandomForestRegressor,"{'mode': 'original', 'type': 'RandomForestRegressor'}",6,"['re_T6W30', 'pe_T6W30', 'l2_T6W30', 'lcc_T6W30', 'lsc_T6W30', 'diameter_T6W30']",0.10104486430107512,0.1513900471833417,98.0,0.1262174557422084,0.025172591441133287,0.12621226005214992,1.9844674545084815,1.3757228005173514,1.407239399822205,98.0,1.3914811001697782,0.015758299652426824,0.07901016541593928,1.9844674545084815,completed,True,COMPLETE
82,1.08737985874797,2026-06-12 18:39:44.536846,2026-06-12 18:39:47.131347,0 days 00:00:02.594501,,,,,,,,,,,,,,0.00020033665584113386,QuantileRegressor,,,,,,4,,,,,,,,True,,,,,,,,,-0.022872800016661785,-0.011819568784452058,98.0,-0.01734618440055692,0.005526615616104863,0.027709767148101642,1.9844674545084815,1.0753358539660673,1.0994238635298725,98.0,1.08737985874797,0.012044004781902611,0.06038715033204359,1.9844674545084815,365231897238693.7,468649303788626.06,98.0,416940600513659.9,51708703274966.19,259261042708349.44,1.9844674545084815,3.081706796197083,3.168088430713788,98.0,3.1248976134554356,0.043190817258352526,0.21655341574282735,1.9844674545084815,0.9834744926727859,1.0008115168163256,98.0,0.9921430047445557,0.008668512071769935,0.04346284737612109,1.9844674545084815,99.0,0.7373737373737373,-0.014308565136265085,-0.0010106635846997376,98.0,-0.007659614360482412,0.006648950775782674,0.0333370168244087,1.9844674545084815,QuantileRegressor,"{'mode': 'original', 'type': 'QuantileRegressor'}",4,"['pe_T6W30', 'l2_T6W30', 'lcc_T6W30', 'density_T6W30']",0.05423863288808323,0.1198071311484504,53.0,0.08702288201826681,0.03278424913018359,0.12011194162674584,2.0057459953178687,1.3846514283550801,1.4149927357779966,98.0,1.3998220820665384,0.01517065371145824,0.07606378135001736,1.9844674545084815,completed,True,COMPLETE
83,1.1651827720829702,2026-06-12 18:39:47.144635,2026-06-12 18:40:20.148389,0 days 00:00:33.003754,,,,,,,,,,,,,,,RandomForestRegressor,6.0,,5.0,12.0,374.0,2,,,,,,,,False,,,,,,,,,-0.10100344046689683,-0.07922894508744074,98.0,-0.09011619277716879,0.010887247689728048,0.05458731334362219,1.9844674545084815,1.1489140696899303,1.18145147447601,98.0,1.1651827720829702,0.01626870239304,0.08156926162898692,1.9844674545084815,324221374374511.2,417461774535097.06,98.0,370841574454804.1,46620200080292.96,233747917054037.4,1.9844674545084815,3.224861577144866,3.3341048947219356,98.0,3.2794832359334007,0.054621658788534845,0.27386624136890975,1.9844674545084815,1.025964709561541,1.071358635631327,98.0,1.048661672596434,0.02269696303489297,0.1137997654175957,1.9844674545084815,99.0,0.7777777777777778,-0.09436100807939848,-0.056416604012249565,98.0,-0.07538880604582403,0.018972202033574463,0.09512427444838491,1.9844674545084815,RandomForestRegressor,"{'mode': 'original', 'type': 'RandomForestRegressor'}",2,"['re_T6W30', 'pe_T6W30']",0.03923413063882386,0.09155810245025658,98.0,0.06539611654454022,0.026161985905716365,0.1311729615258197,1.9844674545084815,1.4266313827714905,1.4619079868532703,98.0,1.4442696848123804,0.017638302040889786,0.08843626486645607,1.9844674545084815,completed,False,COMPLETE
84,1.1573218310583897,2026-06-12 18:40:20.161078,2026-06-12 18:40:29.950033,0 days 00:00:09.788955,,,,,,,,,,,,,,,RandomForestRegressor,18.0,,3.0,8.0,68.0,12,,,,,,,,False,,,,,,,,,-0.09553248887754774,-0.07002654449119282,98.0,-0.08277951668437028,0.012752972193177463,0.06394182524461955,1.9844674545084815,1.1397327007718292,1.1749109613449502,98.0,1.1573218310583897,0.01758913028656059,0.08818972377198313,1.9844674545084815,347904655799282.0,451150112110139.1,98.0,399527383954710.56,51622728155428.555,258829974092689.66,1.9844674545084815,3.386497132737471,3.522532841905379,98.0,3.454514987321425,0.06801785458395387,0.3410331101990354,1.9844674545084815,0.9922214361615156,1.041147591882856,98.0,1.0166845140221858,0.02446307786067021,0.12265484671481629,1.9844674545084815,99.0,0.7575757575757576,-0.1083477096059694,-0.06196109121370968,98.0,-0.08515440040983954,0.023193309196129865,0.11628838368021734,1.9844674545084815,RandomForestRegressor,"{'mode': 'original', 'type': 'RandomForestRegressor'}",12,"['edges_T6W30', 're_T6W30', 'pe_T6W30', 'l1_T6W30', 'l2_T6W30', 'l3_T6W30', 'lcc_T6W30', 'lsc_T6W30', 'atd_T6W30', 'density_T6W30', 'diameter_T6W30', 'asp_T6W30']",0.03227468647723905,0.08977723239548852,98.0,0.06102595943636378,0.028751272959124732,0.14415532655957758,1.9844674545084815,1.430385913996884,1.47016554124032,98.0,1.450275727618602,0.019889813621718076,0.09972506545794312,1.9844674545084815,completed,False,COMPLETE
85,1.1323365291981875,2026-06-12 18:40:29.962747,2026-06-12 18:41:09.687523,0 days 00:00:39.724776,,,,,,,,,,,,,,,RandomForestRegressor,5.0,log2,5.0,4.0,459.0,4,,,,,,,,False,,,,,,,,,-0.07025520066466821,-0.048710789284014275,98.0,-0.059482994974341244,0.010772205690326973,0.05401050698741995,1.9844674545084815,1.1166610786275872,1.1480119797687878,98.0,1.1323365291981875,0.015675450570600186,0.0785947703667232,1.9844674545084815,342006418925370.75,440672714814732.4,98.0,391339566870051.56,49333147944680.84,247350302099247.25,1.9844674545084815,3.215097424694484,3.3129372988601427,98.0,3.2640173617773134,0.04891993708282933,0.24527851394528083,1.9844674545084815,0.9766554820852948,1.0196337638597202,98.0,0.9981446229725075,0.0214891408872127,0.10774389455677241,1.9844674545084815,99.0,0.5656565656565656,-0.04819468137369104,-0.012745528221417508,98.0,-0.030470104797554274,0.017724576576136766,0.08886883471544972,1.9844674545084815,RandomForestRegressor,"{'mode': 'original', 'type': 'RandomForestRegressor'}",4,"['re_T6W30', 'pe_T6W30', 'lsc_T6W30', 'diameter_T6W30']",0.07487693923503658,0.12992875100946866,98.0,0.10240284512225262,0.02752590588721604,0.13801148761869028,1.9844674545084815,1.3966687140230531,1.4313001290010186,98.0,1.4139844215120358,0.017315707488982698,0.08681881568281051,1.9844674545084815,completed,False,COMPLETE
86,1.0895320144731895,2026-06-12 18:41:09.727548,2026-06-12 18:41:12.433523,0 days 00:00:02.705975,,,,,,,,,,,,,,,XGBRegressor,,,,,,6,,,,,,,,False,gblinear,0.7268947706918196,0.0021095505016488166,8.0,196.0,1.3318464888627862e-06,4.5863872977933616e-08,0.9849105225392724,-0.020576097765776125,-0.01801781538812068,98.0,-0.019296956576948403,0.0012791411888277236,0.0064134557121494585,1.9844674545084815,1.0785728792439189,1.10049114970246,98.0,1.0895320144731895,0.010959135229270578,0.05494774857558742,1.9844674545084815,367022191460280.0,468652031604147.4,98.0,417837111532213.7,50814920071933.664,254779724274560.66,1.9844674545084815,3.0862562124944404,3.102278885379132,98.0,3.094267548936786,0.008011336442345775,0.0401678500519567,1.9844674545084815,0.9277896831282203,0.9475735849052024,98.0,0.9376816340167113,0.009891950888491053,0.049597018283991205,1.9844674545084815,99.0,0.6363636363636364,-0.004452817124644091,-0.0021928323404707857,98.0,-0.003322824732557438,0.0011299923920866527,0.005665642092531843,1.9844674545084815,XGBRegressor,"{'mode': 'original', 'type': 'XGBRegressor'}",6,"['re_T6W30', 'pe_T6W30', 'l1_T6W30', 'l2_T6W30', 'density_T6W30', 'asp_T6W30']",-0.005914060191469506,0.04704346445448919,98.0,0.020564702131509842,0.026478762322979348,0.13276123930196684,1.9844674545084815,1.3819470265426663,1.4124073548098053,98.0,1.3971771906762358,0.015230164133569446,0.07636215924602689,1.9844674545084815,completed,False,COMPLETE
87,1.1264676539861949,2026-06-12 18:41:12.446473,2026-06-12 18:41:14.325839,0 days 00:00:01.879366,,,,,,,,,,,,,,,LinearRegression,,,,,,7,,,,,,,,True,,,,,,,,,-0.0626743742031218,-0.04559603199116516,98.0,-0.05413520309714348,0.008539171105978325,0.042814347770982614,1.9844674545084815,1.1130160489907734,1.1399192589816163,98.0,1.1264676539861949,0.013451604995421355,0.0674446837057347,1.9844674545084815,355435761457724.1,455515816900963.1,98.0,405475789179343.6,50040027721619.5,250894509871467.4,1.9844674545084815,3.1836951680256127,3.2613117834664176,98.0,3.222503475746015,0.03880830772040235,0.19458005496357286,1.9844674545084815,0.9633272306390447,1.0004307059272357,98.0,0.9818789682831401,0.01855173764409546,0.09301611800403578,1.9844674545084815,99.0,0.5858585858585859,-0.04126935558801628,-0.012986458503163604,98.0,-0.027127907045589945,0.01414144854242634,0.07090347392816763,1.9844674545084815,LinearRegression,"{'mode': 'original', 'type': 'LinearRegression'}",7,"['nodes_T6W30', 're_T6W30', 'pe_T6W30', 'l2_T6W30', 'density_T6W30', 'diameter_T6W30', 'asp_T6W30']",0.07810065245014222,0.12916676182976095,98.0,0.10363370713995158,0.025533054689809355,0.12801957819766296,1.9844674545084815,1.3962154284650876,1.4282138428554143,98.0,1.412214635660251,0.01599920719516341,0.08021804603893744,1.9844674545084815,completed,True,COMPLETE
88,1.1104333441099452,2026-06-12 18:41:14.339912,2026-06-12 18:41:22.241246,0 days 00:00:07.901334,,,,,,,,,,,,,,,RandomForestRegressor,4.0,log2,5.0,6.0,67.0,3,,,,,,,,False,,,,,,,,,-0.04777475666542515,-0.029984801636420297,98.0,-0.03887977915092272,0.008894977514502423,0.04459831709594788,1.9844674545084815,1.0960138888261697,1.1248527993937207,98.0,1.1104333441099452,0.01441945528377563,0.07229736534445193,1.9844674545084815,343637824449508.2,440912597475450.2,98.0,392275210962479.2,48637386512970.98,243861840334848.6,1.9844674545084815,3.135483342327238,3.224984557974729,98.0,3.1802339501509835,0.044750607823745674,0.22437401271738447,1.9844674545084815,0.9686443646186638,1.0119407158565925,98.0,0.9902925402376281,0.021648175618964326,0.10854127503180613,1.9844674545084815,99.0,0.45454545454545453,-0.02022966555907403,0.007859840672216869,98.0,-0.00618491244342858,0.01404475311564545,0.07041865501791507,1.9844674545084815,RandomForestRegressor,"{'mode': 'original', 'type': 'RandomForestRegressor'}",3,"['re_T6W30', 'pe_T6W30', 'lsc_T6W30']",0.10559898085104392,0.16054714169080783,98.0,0.13307306127092589,0.027474080419881957,0.13775164113543129,1.9844674545084815,1.381568594306164,1.4141004292326942,98.0,1.397834511769429,0.016265917463265108,0.08155529833554542,1.9844674545084815,completed,False,COMPLETE
89,1.0941289689619942,2026-06-12 18:41:22.302337,2026-06-12 18:41:24.840520,0 days 00:00:02.538183,,,,,,,,,,,,,,,LinearRegression,,,,,,3,,,,,,,,False,,,,,,,,,-0.029337529722536067,-0.01787501664314156,98.0,-0.023606273182838814,0.0057312565396972544,0.028735811428292457,1.9844674545084815,1.0816804477163005,1.106577490207688,98.0,1.0941289689619942,0.012448521245693726,0.06241534584948857,1.9844674545084815,366516793719711.8,469019189052213.06,98.0,417767991385962.44,51251197666250.625,256967166172135.1,1.9844674545084815,3.25404130433465,3.470690796498035,98.0,3.3623660504163424,0.10832474608169274,0.543126878872118,1.9844674545084815,0.965679003272632,0.9906366619718997,98.0,0.9781578326222659,0.012478829349633897,0.06256730693403283,1.9844674545084815,99.0,0.494949494949495,-0.031765127318782574,-0.004622399216177074,98.0,-0.018193763267479825,0.013571364051302751,0.06804514079970732,1.9844674545084815,LinearRegression,"{'mode': 'original', 'type': 'LinearRegression'}",3,"['edges_T6W30', 'atd_T6W30', 'density_T6W30']",0.07394464731398558,0.12405956967245844,98.0,0.09900210849322201,0.02505746117923643,0.12563501115871045,1.9844674545084815,1.3897026061855309,1.4231660359858775,98.0,1.4064343210857042,0.016731714900173222,0.08389074907275508,1.9844674545084815,completed,False,COMPLETE
90,1.12259853436324,2026-06-12 18:41:24.855310,2026-06-12 18:41:27.855766,0 days 00:00:03.000456,,,,,,,,,,,minkowski,9.0,uniform,,KNeighborsRegressor,,,,,,13,11.0,1.0,8.0,60.0,,,ExtraTrees,,,,,,,,,,-0.061706262658988334,-0.03858257542452834,98.0,-0.050144419041758335,0.011561843617229998,0.05796965388774553,1.9844674545084815,1.105716479039786,1.1394805896866942,98.0,1.12259853436324,0.016882055323454097,0.08464453736045874,1.9844674545084815,367727047293717.6,471922081094365.5,98.0,419824564194041.56,52097516900323.92,261210506136071.16,1.9844674545084815,3.3694005425113662,3.490307650530161,98.0,3.4298540965207636,0.060453554009397364,0.3031066426972226,1.9844674545084815,0.9180605785037131,0.9629719691955013,98.0,0.9405162738496072,0.022455695345894068,0.11259007906578243,1.9844674545084815,99.0,0.6060606060606061,-0.048082683948780035,-0.006709701930446919,98.0,-0.027396192939613477,0.020686491009166558,0.10371950734277864,1.9844674545084815,KNeighborsRegressor,"{'mode': 'proxy', 'type': 'ExtraTrees'}",13,"['nodes_T6W30', 'edges_T6W30', 're_T6W30', 'pe_T6W30', 'l1_T6W30', 'l2_T6W30', 'l3_T6W30', 'lcc_T6W30', 'lsc_T6W30', 'atd_T6W30', 'density_T6W30', 'diameter_T6W30', 'asp_T6W30']",0.12579225732116225,0.18121671359518657,98.0,0.1535044854581744,0.02771222813701215,0.13894568433418383,1.9844674545084815,1.3919494578872238,1.431338708821184,98.0,1.4116440833542039,0.019694625466980073,0.09874641619163688,1.9844674545084815,completed,True,COMPLETE
91,1.1378784717913373,2026-06-12 18:41:27.868463,2026-06-12 18:41:28.055111,0 days 00:00:00.186648,,,,,,,,,,,,,,,LinearRegression,,,,,,13,,,,,,,,True,,,,,,,,,,,,,,,,,,,,,,,,,,,,,,,,,,,,,,,,,,,,,,,,,,,,,LinearRegression,"{'mode': 'original', 'type': 'LinearRegression'}",13,"['nodes_T6W30', 'edges_T6W30', 're_T6W30', 'pe_T6W30', 'l1_T6W30', 'l2_T6W30', 'l3_T6W30', 'lcc_T6W30', 'lsc_T6W30', 'atd_T6W30', 'density_T6W30', 'diameter_T6W30', 'asp_T6W30']",,,,,,,,,,,,,,,pruned,True,PRUNED
92,1.1229522111875052,2026-06-12 18:41:28.064086,2026-06-12 18:41:30.313082,0 days 00:00:02.248996,,,,,,,,,,,minkowski,14.0,uniform,,KNeighborsRegressor,,,,,,6,,,,,0.0010544710041137256,0.0019876655910112248,LinearSVR,,,,,,,,,,-0.059876199085025346,-0.04044234536978975,98.0,-0.05015927222740755,0.009716926857617795,0.048719469440773794,1.9844674545084815,1.106475481431695,1.1394289409433154,98.0,1.1229522111875052,0.016476729755810125,0.08261228509636832,1.9844674545084815,365698552770753.06,469448207769842.06,98.0,417573380270297.56,51874827499544.516,260093969023563.1,1.9844674545084815,3.193165680225661,3.2916828046228224,98.0,3.2424242424242418,0.049258562198580755,0.246976338393326,1.9844674545084815,0.9499470828614639,0.9952188623044814,98.0,0.9725829725829727,0.022635889721508713,0.11349355137804693,1.9844674545084815,99.0,0.5353535353535354,-0.024109349097962016,0.006508845707301822,98.0,-0.008800251695330096,0.015309097402631918,0.07675792089436477,1.9844674545084815,KNeighborsRegressor,"{'mode': 'proxy', 'type': 'LinearSVR'}",6,"['edges_T6W30', 're_T6W30', 'pe_T6W30', 'l2_T6W30', 'l3_T6W30', 'density_T6W30']",0.10248752436795684,0.15530157814736695,98.0,0.1288945512576619,0.026407026889705046,0.13240156671201747,1.9844674545084815,1.3812484040724171,1.418973376701441,98.0,1.400110890386929,0.01886248631451204,0.09457417340302779,1.9844674545084815,completed,True,COMPLETE
93,1.087089545562248,2026-06-12 18:41:30.325626,2026-06-12 18:41:32.407612,0 days 00:00:02.081986,,,,0.1251560159806257,0.46349404380057235,,,,,,,,,,ElasticNet,,,,,,6,,,,,,,,False,,,,,,,,,-0.020987645388404058,-0.012819025280305379,98.0,-0.01690333533435472,0.00408431005404934,0.020478225449325378,1.9844674545084815,1.0749894719444943,1.0991896191800017,98.0,1.087089545562248,0.012100073617753754,0.060668272540212516,1.9844674545084815,371578294680168.5,475270334549551.75,98.0,423424314614860.1,51846019934691.61,259949531456410.47,1.9844674545084815,3.131015528389583,3.179496261233043,98.0,3.155255894811313,0.02424036642173031,0.12153819910569728,1.9844674545084815,0.9707952217408902,0.9905391144299283,98.0,0.9806671680854092,0.009871946344519043,0.04949671797474715,1.9844674545084815,99.0,0.3838383838383838,-0.008646484110604322,0.005242827206193714,98.0,-0.0017018284522053036,0.006944655658399018,0.03481964453203832,1.9844674545084815,ElasticNet,"{'mode': 'original', 'type': 'ElasticNet'}",6,"['pe_T6W30', 'lcc_T6W30', 'lsc_T6W30', 'density_T6W30', 'diameter_T6W30', 'asp_T6W30']",0.08901854056239432,0.14069035477812578,98.0,0.11485444767026005,0.025835907107865732,0.12953804276395686,1.9844674545084815,1.3798680169307942,1.4118902151970492,98.0,1.3958791160639217,0.016011099133127434,0.08027767074505278,1.9844674545084815,completed,False,COMPLETE
