number,value,datetime_start,datetime_complete,duration,params_dt_max_depth,params_dt_min_samples_leaf,params_dt_min_samples_split,params_elastic_alpha,params_elastic_l1_ratio,params_et_max_depth,params_et_max_features,params_et_min_samples_leaf,params_et_min_samples_split,params_et_n_estimators,params_knn_metric,params_knn_n_neighbors,params_knn_weights,params_quantile_alpha,params_regressor,params_rf_max_depth,params_rf_max_features,params_rf_min_samples_leaf,params_rf_min_samples_split,params_rf_n_estimators,params_rfe_n_features,params_rfe_proxy_et_max_depth,params_rfe_proxy_et_min_samples_leaf,params_rfe_proxy_et_min_samples_split,params_rfe_proxy_et_n_estimators,params_rfe_proxy_lsvr_C,params_rfe_proxy_lsvr_epsilon,params_rfe_proxy_type,params_use_scaler,params_xgb_booster,params_xgb_colsample_bytree,params_xgb_learning_rate,params_xgb_max_depth,params_xgb_n_estimators,params_xgb_reg_alpha,params_xgb_reg_lambda,params_xgb_subsample,user_attrs_d2mae_ci_lower_val,user_attrs_d2mae_ci_upper_val,user_attrs_d2mae_df_val,user_attrs_d2mae_mean_val,user_attrs_d2mae_samperror_val,user_attrs_d2mae_std_val,user_attrs_d2mae_t_critical_val,user_attrs_mae_ci_lower_val,user_attrs_mae_ci_upper_val,user_attrs_mae_df_val,user_attrs_mae_mean_val,user_attrs_mae_samperror_val,user_attrs_mae_std_val,user_attrs_mae_t_critical_val,user_attrs_mape_ci_lower_val,user_attrs_mape_ci_upper_val,user_attrs_mape_df_val,user_attrs_mape_mean_val,user_attrs_mape_samperror_val,user_attrs_mape_std_val,user_attrs_mape_t_critical_val,user_attrs_max_error_ci_lower_val,user_attrs_max_error_ci_upper_val,user_attrs_max_error_df_val,user_attrs_max_error_mean_val,user_attrs_max_error_samperror_val,user_attrs_max_error_std_val,user_attrs_max_error_t_critical_val,user_attrs_median_ae_ci_lower_val,user_attrs_median_ae_ci_upper_val,user_attrs_median_ae_df_val,user_attrs_median_ae_mean_val,user_attrs_median_ae_samperror_val,user_attrs_median_ae_std_val,user_attrs_median_ae_t_critical_val,user_attrs_n_splits_val,user_attrs_r2_below_zero_val,user_attrs_r2_ci_lower_val,user_attrs_r2_ci_upper_val,user_attrs_r2_df_val,user_attrs_r2_mean_val,user_attrs_r2_samperror_val,user_attrs_r2_std_val,user_attrs_r2_t_critical_val,user_attrs_regressor_final,user_attrs_rfe_estimator,user_attrs_rfe_n_features,user_attrs_rfe_selected_features,user_attrs_rho_ci_lower_val,user_attrs_rho_ci_upper_val,user_attrs_rho_df_val,user_attrs_rho_mean_val,user_attrs_rho_samperror_val,user_attrs_rho_std_val,user_attrs_rho_t_critical_val,user_attrs_rmse_ci_lower_val,user_attrs_rmse_ci_upper_val,user_attrs_rmse_df_val,user_attrs_rmse_mean_val,user_attrs_rmse_samperror_val,user_attrs_rmse_std_val,user_attrs_rmse_t_critical_val,user_attrs_termination_reason,user_attrs_use_scaler_final,state
25,1.2661201806388873,2026-06-12 18:33:57.798488,2026-06-12 18:34:10.979964,0 days 00:00:13.181476,,,,,,,,,,,,,,,XGBRegressor,,,,,,12,,,,,,,,True,gbtree,0.6881297927654579,0.2769773095430998,10.0,416.0,5.642953223871804e-08,0.09870115694031281,0.8766890926294708,-0.20511556924534413,-0.16535632712543397,98.0,-0.18523594818538905,0.019879621059955097,0.09967396121391504,1.9844674545084815,1.2432730597127417,1.288967301565033,98.0,1.2661201806388873,0.022847120926145582,0.11455263851228586,1.9844674545084815,352246366245716.75,471257649525561.75,98.0,411752007885639.25,59505641639922.48,298353927317775.44,1.9844674545084815,3.8157541778728987,4.0818754190974,98.0,3.948814798485149,0.1330606206122502,0.6671494943493077,1.9844674545084815,1.0643583932982805,1.120811543132294,98.0,1.0925849682152873,0.028226574917006843,0.14152455547287793,1.9844674545084815,99.0,0.9393939393939394,-0.3377020658816119,-0.25337293238733916,98.0,-0.2955374991344755,0.04216456674713634,0.21140792260982325,1.9844674545084815,XGBRegressor,"{'mode': 'original', 'type': 'XGBRegressor'}",12,"['nodes_T6W30', 'edges_T6W30', 're_T6W30', 'pe_T6W30', 'l1_T6W30', 'l2_T6W30', 'l3_T6W30', 'lcc_T6W30', 'lsc_T6W30', 'atd_T6W30', 'diameter_T6W30', 'asp_T6W30']",0.009447368712170376,0.07327115685866459,98.0,0.04135926278541748,0.031911894073247106,0.160002289909171,1.9844674545084815,1.553157799164003,1.608691066483762,98.0,1.5809244328238825,0.027766633659879462,0.1392184668967762,1.9844674545084815,completed,True,COMPLETE
26,1.1414752554529892,2026-06-12 18:34:10.993588,2026-06-12 18:34:36.212443,0 days 00:00:25.218855,,,,,,,,,,,,,,,XGBRegressor,,,,,,12,,,,,,,,True,gbtree,0.6117979192597263,0.005102035565208404,5.0,483.0,4.666624480502756,1.286442182600391e-08,0.9342995640947301,-0.07912142579350752,-0.05690111771744415,98.0,-0.06801127175547583,0.011110154038031688,0.05570493820418392,1.9844674545084815,1.1254907132925602,1.1574597976134182,98.0,1.1414752554529892,0.015984542160428966,0.08014451736860145,1.9844674545084815,342840446544229.06,443737619161335.06,98.0,393289032852782.06,50448586308552.99,252942972094404.4,1.9844674545084815,3.259234171128061,3.3475417364269506,98.0,3.3033879537775057,0.044153782649444834,0.22138160511085414,1.9844674545084815,0.9869295596250885,1.0295660920438838,98.0,1.0082478258344862,0.021318266209397644,0.10688715005658242,1.9844674545084815,99.0,0.696969696969697,-0.06963944533392832,-0.033149536835993365,98.0,-0.051394491084960844,0.01824495424896748,0.0914779440049018,1.9844674545084815,XGBRegressor,"{'mode': 'original', 'type': 'XGBRegressor'}",12,"['edges_T6W30', 're_T6W30', 'pe_T6W30', 'l1_T6W30', 'l2_T6W30', 'l3_T6W30', 'lcc_T6W30', 'lsc_T6W30', 'atd_T6W30', 'density_T6W30', 'diameter_T6W30', 'asp_T6W30']",0.024333078985247388,0.0821801469703837,98.0,0.053256612977815546,0.028923533992568157,0.14501902207541895,1.9844674545084815,1.4106333604453347,1.445950000784228,98.0,1.4282916806147814,0.017658320169446736,0.08853663328712882,1.9844674545084815,completed,True,COMPLETE
27,1.0863564149555485,2026-06-12 18:34:36.224821,2026-06-12 18:34:38.221231,0 days 00:00:01.996410,,,,0.08347790852520648,0.901158010490989,,,,,,,,,,ElasticNet,,,,,,2,,,,,,,,False,,,,,,,,,-0.02004042795704867,-0.012358802812860982,98.0,-0.016199615384954826,0.003840812572093844,0.019257359191416287,1.9844674545084815,1.074279174175431,1.098433655735666,98.0,1.0863564149555485,0.01207724078011754,0.060553791516349334,1.9844674545084815,371686584659177.0,475364655553391.1,98.0,423525620106284.06,51839035447107.09,259914512099527.44,1.9844674545084815,3.1234591236176845,3.167413112220732,98.0,3.1454361179192083,0.02197699430152394,0.11018993123672133,1.9844674545084815,0.9700606714163451,0.9881244010595851,98.0,0.9790925362379651,0.009031864821620035,0.04528465312313717,1.9844674545084815,99.0,0.36363636363636365,-0.008112846242576978,0.00487295514307109,98.0,-0.0016199455497529444,0.006492900692824034,0.03255460100927128,1.9844674545084815,ElasticNet,"{'mode': 'original', 'type': 'ElasticNet'}",2,"['lcc_T6W30', 'lsc_T6W30']",0.08744538003896768,0.1372987339861981,96.0,0.11237205701258289,0.024926676973615204,0.1236782051925371,1.984984311522457,1.3798644334705152,1.4118754801669875,98.0,1.3958699568187514,0.01600552334823618,0.08024971444924052,1.9844674545084815,completed,False,COMPLETE
28,1.1336927509902264,2026-06-12 18:34:38.233449,2026-06-12 18:34:40.343927,0 days 00:00:02.110478,,,,0.0002447220966646715,0.9743948076661665,,,,,,,,,,ElasticNet,,,,,,13,,,,,,,,False,,,,,,,,,-0.07041777186406027,-0.05132633064115642,98.0,-0.06087205125260835,0.009545720611451928,0.047861062497882335,1.9844674545084815,1.1193720121617683,1.1480134898186845,98.0,1.1336927509902264,0.014320738828458149,0.07180241324708474,1.9844674545084815,355056380095218.2,455722612718906.06,98.0,405389496407062.1,50333116311843.96,252364019812636.25,1.9844674545084815,3.4989279313639767,3.7454011114207177,98.0,3.6221645213923472,0.12323659002837063,0.6178930200720189,1.9844674545084815,0.9322257476948589,0.9745464943271048,98.0,0.9533861210109819,0.021160373316122947,0.10609549461844549,1.9844674545084815,99.0,0.7272727272727273,-0.09509575427858563,-0.05407773140711694,98.0,-0.07458674284285129,0.020509011435734345,0.10282964671288068,1.9844674545084815,ElasticNet,"{'mode': 'original', 'type': 'ElasticNet'}",13,"['nodes_T6W30', 'edges_T6W30', 're_T6W30', 'pe_T6W30', 'l1_T6W30', 'l2_T6W30', 'l3_T6W30', 'lcc_T6W30', 'lsc_T6W30', 'atd_T6W30', 'density_T6W30', 'diameter_T6W30', 'asp_T6W30']",0.06448163275345699,0.10918725820928958,98.0,0.08683444548137328,0.022352812727916296,0.11207423834412203,1.9844674545084815,1.4250495604560285,1.4622192044118998,98.0,1.4436343824339641,0.018584821977935668,0.09318199876192508,1.9844674545084815,completed,False,COMPLETE
29,1.4017652766018784,2026-06-12 18:34:40.356002,2026-06-12 18:34:42.195020,0 days 00:00:01.839018,13.0,5.0,9.0,,,,,,,,,,,,DecisionTreeRegressor,,,,,,12,,,,,,,,True,,,,,,,,,-0.3391904556243261,-0.2861347252096716,98.0,-0.31266259041699884,0.026527865207327257,0.13300743509087168,1.9844674545084815,1.3728235657955172,1.4307069874082396,98.0,1.4017652766018784,0.02894171080636115,0.14511015837160546,1.9844674545084815,355282015441870.5,471388825249987.5,98.0,413335420345929.0,58053404904058.52,291072591941845.8,1.9844674545084815,4.167018133892007,4.395640195432989,98.0,4.281329164662498,0.11431103077049129,0.5731413698972355,1.9844674545084815,1.1601055359655146,1.2361105935839485,98.0,1.1981080647747315,0.03800252880921703,0.19053997916442894,1.9844674545084815,99.0,1.0,-0.631166491075209,-0.5239493796196085,98.0,-0.5775579353474087,0.05360855572780019,0.26878666792649764,1.9844674545084815,DecisionTreeRegressor,"{'mode': 'original', 'type': 'DecisionTreeRegressor'}",12,"['nodes_T6W30', 'edges_T6W30', 're_T6W30', 'pe_T6W30', 'l1_T6W30', 'l2_T6W30', 'l3_T6W30', 'lcc_T6W30', 'lsc_T6W30', 'atd_T6W30', 'density_T6W30', 'diameter_T6W30']",-0.003827000384447856,0.05673596068700665,98.0,0.026454480151279398,0.030281480535727254,0.1518275980872655,1.9844674545084815,1.7127056029334202,1.774363196635056,98.0,1.743534399784238,0.030828796850817772,0.15457177439714323,1.9844674545084815,completed,True,COMPLETE
30,1.1148890023516849,2026-06-12 18:34:42.207246,2026-06-12 18:35:06.517031,0 days 00:00:24.309785,,,,,,10.0,log2,2.0,6.0,428.0,,,,,ExtraTreesRegressor,,,,,,13,,,,,,,,True,,,,,,,,,-0.05121237522178239,-0.03472949609297574,98.0,-0.04297093565737906,0.008241439564403328,0.04132155864599854,1.9844674545084815,1.1005907321201254,1.1291872725832444,98.0,1.1148890023516849,0.014298270231559523,0.07168975848122927,1.9844674545084815,356142333660651.06,457270592645343.44,98.0,406706463152997.25,50564129492346.19,253522291327160.53,1.9844674545084815,3.217216485397027,3.3175997185802357,98.0,3.2674081019886314,0.05019161659160441,0.2516545577165329,1.9844674545084815,0.9752318666825471,1.0081706960617005,98.0,0.9917012813721238,0.01646941468957664,0.08257560825902648,1.9844674545084815,99.0,0.5757575757575758,-0.0278495014872034,0.0004053815944249327,98.0,-0.013722059946389234,0.014127441540814167,0.07083324455451889,1.9844674545084815,ExtraTreesRegressor,"{'mode': 'original', 'type': 'ExtraTreesRegressor'}",13,"['nodes_T6W30', 'edges_T6W30', 're_T6W30', 'pe_T6W30', 'l1_T6W30', 'l2_T6W30', 'l3_T6W30', 'lcc_T6W30', 'lsc_T6W30', 'atd_T6W30', 'density_T6W30', 'diameter_T6W30', 'asp_T6W30']",0.07964086773280502,0.1327073632764006,98.0,0.1061741155046028,0.026533247771797795,0.13303442260339265,1.9844674545084815,1.3862586363412417,1.4202339283431797,98.0,1.4032462823422107,0.01698764600096908,0.08517395595769649,1.9844674545084815,completed,True,COMPLETE
31,1.1150887421623783,2026-06-12 18:35:06.529512,2026-06-12 18:35:08.443523,0 days 00:00:01.914011,,,,,,,,,,,,,,,LinearRegression,,,,,,4,,,,,,,,True,,,,,,,,,-0.05030361032599627,-0.03647848860515447,98.0,-0.04339104946557537,0.006912560860420897,0.0346587251845723,1.9844674545084815,1.1024819019254823,1.1276955823992743,98.0,1.1150887421623783,0.012606840236895898,0.06320913768993258,1.9844674545084815,368135127793085.75,471227747528243.25,98.0,419681437660664.5,51546309867578.76,258446822249090.5,1.9844674545084815,3.151188200062042,3.234254038717996,98.0,3.192721119390019,0.041532919327976765,0.20824092057450763,1.9844674545084815,0.9869793671492433,1.0187157363061816,98.0,1.0028475517277124,0.01586818457846916,0.07956111484416555,1.9844674545084815,99.0,0.5959595959595959,-0.03585368141883598,-0.0111581235617833,98.0,-0.02350590249030964,0.01234777892852634,0.06191023633137158,1.9844674545084815,LinearRegression,"{'mode': 'original', 'type': 'LinearRegression'}",4,"['nodes_T6W30', 'density_T6W30', 'diameter_T6W30', 'asp_T6W30']",0.03538307815472227,0.08670849340095371,98.0,0.061045785777837994,0.025662707623115726,0.12866964196933522,1.9844674545084815,1.3941596809710537,1.4260689772561543,98.0,1.410114329113604,0.015954648142550425,0.0799946324603546,1.9844674545084815,completed,True,COMPLETE
32,1.2858576615775041,2026-06-12 18:35:08.457565,2026-06-12 18:35:11.533681,0 days 00:00:03.076116,12.0,3.0,18.0,,,,,,,,,,,,DecisionTreeRegressor,,,,,,3,,,,,,,,True,,,,,,,,,-0.22401618251413577,-0.18214567819298857,98.0,-0.20308093035356217,0.0209352521605736,0.10496676498828884,1.9844674545084815,1.2603641689985792,1.311351154156429,98.0,1.2858576615775041,0.025493492578924935,0.12782121866686802,1.9844674545084815,319123851235237.4,422211738010473.9,98.0,370667794622855.6,51543943387618.22,258434957011262.84,1.9844674545084815,3.77234930969258,4.002512426837515,98.0,3.8874308682650476,0.11508155857246738,0.5770047009947842,1.9844674545084815,1.068374996671488,1.1349576446286282,98.0,1.101666320650058,0.03329132397857015,0.16691858084177066,1.9844674545084815,99.0,0.9494949494949495,-0.3706757299516532,-0.28367815980143096,98.0,-0.3271769448765421,0.043498785075111124,0.21809752828552384,1.9844674545084815,DecisionTreeRegressor,"{'mode': 'original', 'type': 'DecisionTreeRegressor'}",3,"['re_T6W30', 'pe_T6W30', 'l3_T6W30']",0.028202342320689144,0.08639321124571521,98.0,0.05729777678320218,0.029095434462513035,0.14588090977047435,1.9844674545084815,1.5718659389543235,1.6290773680225117,98.0,1.6004716534884176,0.02860571453409414,0.14342551461964664,1.9844674545084815,completed,True,COMPLETE
33,1.1032123022516054,2026-06-12 18:35:11.547696,2026-06-12 18:35:13.942821,0 days 00:00:02.395125,,,,0.015394819813084208,0.9041586944937484,,,,,,,,,,ElasticNet,,,,,,6,,,,,,,,True,,,,,,,,,-0.03958505499974761,-0.024369600314632058,98.0,-0.03197732765718984,0.007607727342557778,0.03814420394539742,1.9844674545084815,1.0891658703096874,1.1172587341935234,98.0,1.1032123022516054,0.014046431941918068,0.0704270724452029,1.9844674545084815,358987665662111.2,460178685201215.8,98.0,409583175431663.5,50595509769552.29,253679628155850.06,1.9844674545084815,3.293470650361521,3.502868977839216,98.0,3.3981698141003687,0.10469916373884745,0.5249486574297304,1.9844674545084815,0.9695321560565653,0.997708466178046,98.0,0.9836203111173056,0.014088155060740303,0.07063626700251709,1.9844674545084815,99.0,0.5151515151515151,-0.042609802355125764,-0.012214823524171024,98.0,-0.027412312939648395,0.015197489415477371,0.07619833225083604,1.9844674545084815,ElasticNet,"{'mode': 'original', 'type': 'ElasticNet'}",6,"['edges_T6W30', 're_T6W30', 'pe_T6W30', 'l2_T6W30', 'l3_T6W30', 'diameter_T6W30']",0.055365539654757503,0.10640093544654967,98.0,0.08088323755065359,0.02551769789589609,0.12794258113236356,1.9844674545084815,1.3952145853035884,1.4299874772257612,98.0,1.4126010312646748,0.017386445961086322,0.08717348963275773,1.9844674545084815,completed,True,COMPLETE
34,1.1799287291792169,2026-06-12 18:35:13.955130,2026-06-12 18:35:15.949713,0 days 00:00:01.994583,,,,,,,,,,,euclidean,10.0,distance,,KNeighborsRegressor,,,,,,3,3.0,1.0,3.0,20.0,,,ExtraTrees,,,,,,,,,,-0.11585501001044131,-0.09265389199502626,98.0,-0.10425445100273378,0.011600559007707525,0.058163768067145655,1.9844674545084815,1.164044492547078,1.1958129658113557,98.0,1.1799287291792169,0.015884236632138858,0.07964159785589159,1.9844674545084815,347351626901036.0,447837571441812.5,98.0,397594599171424.25,50242972270388.28,251912048738106.2,1.9844674545084815,3.450157356229812,3.581343597190787,98.0,3.5157504767102994,0.0655931204804877,0.32887579330380623,1.9844674545084815,0.9979699176276091,1.04893326721857,98.0,1.0234515924230896,0.025481674795480417,0.12776196576234178,1.9844674545084815,99.0,0.8787878787878788,-0.1314481463377137,-0.08726779096958609,98.0,-0.1093579686536499,0.022090177684063808,0.11075741871786166,1.9844674545084815,KNeighborsRegressor,"{'mode': 'proxy', 'type': 'ExtraTrees'}",3,"['edges_T6W30', 'pe_T6W30', 'l2_T6W30']",0.02892796517482889,0.0828890788622745,98.0,0.0559085220185517,0.026980556843722806,0.13527717496528233,1.9844674545084815,1.4482494649899749,1.4842850233261362,98.0,1.4662672441580555,0.01801777916808057,0.09033891624713926,1.9844674545084815,completed,True,COMPLETE
35,1.1173759811396942,2026-06-12 18:35:15.962386,2026-06-12 18:35:31.979533,0 days 00:00:16.017147,,,,,,,,,,,,,,,RandomForestRegressor,5.0,sqrt,1.0,2.0,175.0,8,,,,,,,,False,,,,,,,,,-0.055258998243156714,-0.035353069782773756,98.0,-0.045306034012965235,0.00995296423019148,0.04990293163293477,1.9844674545084815,1.1019099898342544,1.132841972445134,98.0,1.1173759811396942,0.015465991305439885,0.07754456751786014,1.9844674545084815,359859109905849.3,464082126161183.06,98.0,411970618033516.2,52111508127666.89,261280656419485.12,1.9844674545084815,3.2903537798456237,3.4234578502688993,98.0,3.3569058150572615,0.06655203521163758,0.3336836731638815,1.9844674545084815,0.9814773584294685,1.0186678112131136,98.0,1.000072584821291,0.018595226391822546,0.09323416520629979,1.9844674545084815,99.0,0.5959595959595959,-0.048191619470372864,-0.015031851408412171,98.0,-0.03161173543939252,0.016579884030980346,0.08312948787359216,1.9844674545084815,RandomForestRegressor,"{'mode': 'original', 'type': 'RandomForestRegressor'}",8,"['re_T6W30', 'pe_T6W30', 'l2_T6W30', 'l3_T6W30', 'lsc_T6W30', 'atd_T6W30', 'diameter_T6W30', 'asp_T6W30']",0.05785937047290823,0.11756366604778198,98.0,0.08771151826034511,0.029852147787436882,0.14967497678870567,1.9844674545084815,1.397507029905308,1.43292567123786,98.0,1.415216350571584,0.017709320666275955,0.08879234347031162,1.9844674545084815,completed,False,COMPLETE
36,1.4838140506472433,2026-06-12 18:35:31.991877,2026-06-12 18:35:33.973640,0 days 00:00:01.981763,16.0,2.0,5.0,,,,,,,,,,,,DecisionTreeRegressor,,,,,,6,,,,,,,,False,,,,,,,,,-0.4155818092257549,-0.3637498652745766,98.0,-0.38966583725016574,0.02591597197558915,0.12993947810802067,1.9844674545084815,1.4558823444298599,1.5117457568646266,98.0,1.4838140506472433,0.02793170621738339,0.14004612028335264,1.9844674545084815,312318129583361.2,431188455193510.7,98.0,371753292388435.94,59435162805074.766,298000555156916.5,1.9844674545084815,4.422814738416552,4.637983722381909,98.0,4.53039923039923,0.10758449198267862,0.5394153363768637,1.9844674545084815,1.1798700008351013,1.2673802797485128,98.0,1.223625140291807,0.04375513945670562,0.21938285744803682,1.9844674545084815,99.0,1.0,-0.8427289939755915,-0.7140623313668959,98.0,-0.7783956626712437,0.06433333130434786,0.3225593661897497,1.9844674545084815,DecisionTreeRegressor,"{'mode': 'original', 'type': 'DecisionTreeRegressor'}",6,"['edges_T6W30', 're_T6W30', 'pe_T6W30', 'l2_T6W30', 'l3_T6W30', 'atd_T6W30']",0.018290696170744622,0.06880505521463813,98.0,0.043547875692691376,0.025257179521946754,0.1266363742272005,1.9844674545084815,1.8179107697882302,1.8823343788789468,98.0,1.8501225743335885,0.03221180454535836,0.1615060039223662,1.9844674545084815,completed,False,COMPLETE
37,1.095870117357482,2026-06-12 18:35:34.027192,2026-06-12 18:35:49.849872,0 days 00:00:15.822680,,,,,,4.0,,3.0,6.0,289.0,,,,,ExtraTreesRegressor,,,,,,2,,,,,,,,True,,,,,,,,,-0.03171679923023683,-0.018448140868682635,98.0,-0.025082470049459734,0.0066343291807771,0.033263705955500496,1.9844674545084815,1.0823856899112112,1.109354544803753,98.0,1.095870117357482,0.013484427446270954,0.06760925141469967,1.9844674545084815,346559237779483.75,444428908620999.75,98.0,395494073200241.75,48934835420757.99,245353212368976.88,1.9844674545084815,3.0971744538470207,3.1747473746149466,98.0,3.1359609142309837,0.03878646038396289,0.19447051512082,1.9844674545084815,0.983376212596386,1.0144781749199507,98.0,0.9989271937581684,0.01555098116178239,0.07797069614572032,1.9844674545084815,99.0,0.42424242424242425,-0.000635944825441364,0.019117307326149767,98.0,0.009240681250354202,0.009876626075795565,0.04952018156856219,1.9844674545084815,ExtraTreesRegressor,"{'mode': 'original', 'type': 'ExtraTreesRegressor'}",2,"['re_T6W30', 'pe_T6W30']",0.09414286794737614,0.14749370753037494,98.0,0.12081828773887554,0.026675419791499403,0.13374725552584646,1.9844674545084815,1.371919168143634,1.4036575803909834,98.0,1.3877883742673087,0.01586920612367474,0.0795662367454781,1.9844674545084815,completed,True,COMPLETE
