number,value,datetime_start,datetime_complete,duration,params_dt_max_depth,params_dt_min_samples_leaf,params_dt_min_samples_split,params_elastic_alpha,params_elastic_l1_ratio,params_et_max_depth,params_et_max_features,params_et_min_samples_leaf,params_et_min_samples_split,params_et_n_estimators,params_knn_metric,params_knn_n_neighbors,params_knn_weights,params_quantile_alpha,params_regressor,params_rf_max_depth,params_rf_max_features,params_rf_min_samples_leaf,params_rf_min_samples_split,params_rf_n_estimators,params_rfe_n_features,params_rfe_proxy_et_max_depth,params_rfe_proxy_et_min_samples_leaf,params_rfe_proxy_et_min_samples_split,params_rfe_proxy_et_n_estimators,params_rfe_proxy_lsvr_C,params_rfe_proxy_lsvr_epsilon,params_rfe_proxy_type,params_use_scaler,params_xgb_booster,params_xgb_colsample_bytree,params_xgb_learning_rate,params_xgb_max_depth,params_xgb_n_estimators,params_xgb_reg_alpha,params_xgb_reg_lambda,params_xgb_subsample,user_attrs_d2mae_ci_lower_val,user_attrs_d2mae_ci_upper_val,user_attrs_d2mae_df_val,user_attrs_d2mae_mean_val,user_attrs_d2mae_samperror_val,user_attrs_d2mae_std_val,user_attrs_d2mae_t_critical_val,user_attrs_mae_ci_lower_val,user_attrs_mae_ci_upper_val,user_attrs_mae_df_val,user_attrs_mae_mean_val,user_attrs_mae_samperror_val,user_attrs_mae_std_val,user_attrs_mae_t_critical_val,user_attrs_mape_ci_lower_val,user_attrs_mape_ci_upper_val,user_attrs_mape_df_val,user_attrs_mape_mean_val,user_attrs_mape_samperror_val,user_attrs_mape_std_val,user_attrs_mape_t_critical_val,user_attrs_max_error_ci_lower_val,user_attrs_max_error_ci_upper_val,user_attrs_max_error_df_val,user_attrs_max_error_mean_val,user_attrs_max_error_samperror_val,user_attrs_max_error_std_val,user_attrs_max_error_t_critical_val,user_attrs_median_ae_ci_lower_val,user_attrs_median_ae_ci_upper_val,user_attrs_median_ae_df_val,user_attrs_median_ae_mean_val,user_attrs_median_ae_samperror_val,user_attrs_median_ae_std_val,user_attrs_median_ae_t_critical_val,user_attrs_n_splits_val,user_attrs_r2_below_zero_val,user_attrs_r2_ci_lower_val,user_attrs_r2_ci_upper_val,user_attrs_r2_df_val,user_attrs_r2_mean_val,user_attrs_r2_samperror_val,user_attrs_r2_std_val,user_attrs_r2_t_critical_val,user_attrs_regressor_final,user_attrs_rfe_estimator,user_attrs_rfe_n_features,user_attrs_rfe_selected_features,user_attrs_rho_ci_lower_val,user_attrs_rho_ci_upper_val,user_attrs_rho_df_val,user_attrs_rho_mean_val,user_attrs_rho_samperror_val,user_attrs_rho_std_val,user_attrs_rho_t_critical_val,user_attrs_rmse_ci_lower_val,user_attrs_rmse_ci_upper_val,user_attrs_rmse_df_val,user_attrs_rmse_mean_val,user_attrs_rmse_samperror_val,user_attrs_rmse_std_val,user_attrs_rmse_t_critical_val,user_attrs_termination_reason,user_attrs_use_scaler_final,state
262,1.147214842021047,2026-06-12 19:00:52.987535,2026-06-12 19:01:36.715691,0 days 00:00:43.728156,,,,,,,,,,,,,,,RandomForestRegressor,10.0,sqrt,5.0,7.0,495.0,5,,,,,,,,False,,,,,,,,,-0.08492516252206728,-0.06195572592484577,98.0,-0.07344044422345652,0.011484718298610754,0.0575829570793164,1.9844674545084815,1.1310268152288125,1.1634028688132816,98.0,1.147214842021047,0.01618802679223451,0.08116476414478721,1.9844674545084815,343622776202831.56,442417360224683.56,98.0,393020068213757.56,49397292010926.02,247671912513839.25,1.9844674545084815,3.2610088051779074,3.356871469619016,98.0,3.3089401373984617,0.047931332220554526,0.24032177143992398,1.9844674545084815,0.9909207993386289,1.0357861181884915,98.0,1.0133534587635602,0.022432659424931313,0.11247457980723803,1.9844674545084815,99.0,0.6565656565656566,-0.07322926890995302,-0.03531703225094501,98.0,-0.054273150580449014,0.018956118329504005,0.09504363274546411,1.9844674545084815,RandomForestRegressor,"{'mode': 'original', 'type': 'RandomForestRegressor'}",5,"['re_T6W30', 'pe_T6W30', 'l2_T6W30', 'lsc_T6W30', 'diameter_T6W30']",0.04976421308510246,0.10586424399465247,98.0,0.07781422853987746,0.028050015454775,0.14063930816673606,1.9844674545084815,1.411985366502805,1.448406703237056,98.0,1.4301960348699305,0.018210668367125562,0.09130603883394359,1.9844674545084815,completed,False,COMPLETE
263,1.1517243829077468,2026-06-12 19:01:36.731044,2026-06-12 19:01:40.550397,0 days 00:00:03.819353,,,,,,,,,,,,,,,RandomForestRegressor,16.0,sqrt,3.0,11.0,365.0,2,,,,,,,,False,,,,,,,,,,,,,,,,,,,,,,,,,,,,,,,,,,,,,,,,,,,,,,,,,,,,,RandomForestRegressor,"{'mode': 'original', 'type': 'RandomForestRegressor'}",2,"['re_T6W30', 'pe_T6W30']",,,,,,,,,,,,,,,pruned,False,PRUNED
264,1.4575085589791474,2026-06-12 19:01:40.561306,2026-06-12 19:01:40.705217,0 days 00:00:00.143911,12.0,1.0,3.0,,,,,,,,,,,,DecisionTreeRegressor,,,,,,3,,,,,,,,False,,,,,,,,,,,,,,,,,,,,,,,,,,,,,,,,,,,,,,,,,,,,,,,,,,,,,DecisionTreeRegressor,"{'mode': 'original', 'type': 'DecisionTreeRegressor'}",3,"['re_T6W30', 'l2_T6W30', 'lsc_T6W30']",,,,,,,,,,,,,,,pruned,False,PRUNED
265,1.0939622337025452,2026-06-12 19:01:40.733613,2026-06-12 19:01:58.486427,0 days 00:00:17.752814,,,,,,19.0,sqrt,3.0,10.0,326.0,,,,,ExtraTreesRegressor,,,,,,7,,,,,,,,False,,,,,,,,,-0.029354165969683464,-0.017167963955529993,98.0,-0.02326106496260673,0.006093101007076734,0.03055005483355048,1.9844674545084815,1.080633196683783,1.1072912707213074,98.0,1.0939622337025452,0.01332903701876219,0.06683014303039946,1.9844674545084815,354482231219570.0,453567093282176.4,98.0,404024662250873.2,49542431031303.164,248399621610711.22,1.9844674545084815,3.093752461495763,3.1392141037659758,98.0,3.1164832826308695,0.022730821135106216,0.11396952574437727,1.9844674545084815,0.9811898440060915,1.0096896133687514,98.0,0.9954397286874215,0.01424988468132993,0.07144715931687129,1.9844674545084815,99.0,0.36363636363636365,-0.0013658960653156384,0.01770039262564852,98.0,0.00816724828016644,0.009533144345482079,0.04779800665578585,1.9844674545084815,ExtraTreesRegressor,"{'mode': 'original', 'type': 'ExtraTreesRegressor'}",7,"['edges_T6W30', 're_T6W30', 'pe_T6W30', 'l2_T6W30', 'l3_T6W30', 'lcc_T6W30', 'lsc_T6W30']",0.09065228405509235,0.14607105846210636,98.0,0.11836167125859935,0.027709387203506998,0.13893144024496554,1.9844674545084815,1.3724752876478163,1.4049180570976105,98.0,1.3886966723727134,0.016221384724897165,0.08133201669333258,1.9844674545084815,completed,False,COMPLETE
266,1.135953830800854,2026-06-12 19:01:58.500472,2026-06-12 19:02:10.876780,0 days 00:00:12.376308,,,,,,14.0,,4.0,6.0,199.0,,,,,ExtraTreesRegressor,,,,,,5,,,,,,,,True,,,,,,,,,-0.072950308647984,-0.05216320590683536,98.0,-0.06255675727740968,0.010393551370574319,0.05211198106146386,1.9844674545084815,1.1196270525126373,1.152280609089071,98.0,1.135953830800854,0.01632677828821689,0.08186044698437508,1.9844674545084815,341750153346141.25,439360075860301.6,98.0,390555114603221.44,48804961257080.195,244702039375584.84,1.9844674545084815,3.179903796396934,3.2645835895583715,98.0,3.222243692977653,0.04233989658071873,0.21228700471000153,1.9844674545084815,0.9890211087851051,1.0313449426072787,98.0,1.010183025696192,0.021161916911086834,0.10610323401267722,1.9844674545084815,99.0,0.6262626262626263,-0.05788439457898093,-0.022786589167112244,98.0,-0.04033549187304659,0.017548902705934344,0.08798802765821026,1.9844674545084815,ExtraTreesRegressor,"{'mode': 'original', 'type': 'ExtraTreesRegressor'}",5,"['re_T6W30', 'pe_T6W30', 'l2_T6W30', 'l3_T6W30', 'lsc_T6W30']",0.052330448807288626,0.10848090557817502,98.0,0.08040567719273183,0.028075228385443195,0.1407657226826834,1.9844674545084815,1.4026367257713932,1.4397793180118896,98.0,1.4212080218916414,0.018571296120248233,0.09311418178440542,1.9844674545084815,completed,True,COMPLETE
267,1.0719494405392342,2026-06-12 19:02:10.889758,2026-06-12 19:02:13.207238,0 days 00:00:02.317480,,,,,,,,,,,,,,0.018142510366534415,QuantileRegressor,,,,,,6,,,,,,,,False,,,,,,,,,-0.005441707107283084,0.00018607699908069174,98.0,-0.002627815054101196,0.002813892053181888,0.01410850672269448,1.9844674545084815,1.0599549924004739,1.0839438886779946,98.0,1.0719494405392342,0.011994448138760296,0.060138679452666065,1.9844674545084815,378544803824040.56,482569259784698.8,98.0,430557031804369.7,52012227980329.12,260782878040047.53,1.9844674545084815,2.997333461047674,3.0354936817617553,98.0,3.0164135714047147,0.01908011035704072,0.09566531343576784,1.9844674545084815,0.997973121300056,1.0031223611510065,98.0,1.0005477412255313,0.002574619925475207,0.012908825868382436,1.9844674545084815,99.0,0.9393939393939394,-0.009761141850846998,-0.002396751610924274,98.0,-0.006078946730885636,0.0036821951199613617,0.018462070904782378,1.9844674545084815,QuantileRegressor,"{'mode': 'original', 'type': 'QuantileRegressor'}",6,"['lcc_T6W30', 'lsc_T6W30', 'atd_T6W30', 'density_T6W30', 'diameter_T6W30', 'asp_T6W30']",-0.06689426760878395,0.08282833346729448,5.0,0.007967032929255272,0.07486130053803922,0.07133481815565093,2.5705818356363146,1.3832870461225606,1.41506673122643,98.0,1.3991768886744953,0.0158898425519346,0.07966970524438775,1.9844674545084815,completed,False,COMPLETE
268,1.0691225985343633,2026-06-12 19:02:13.219972,2026-06-12 19:02:15.683802,0 days 00:00:02.463830,,,,,,,,,,,,,,5.041035599333766,QuantileRegressor,,,,,,9,,,,,,,,False,,,,,,,,,0.0,0.0,98.0,0.0,0.0,0.0,1.9844674545084815,1.0575870578016928,1.0806581392670338,98.0,1.0691225985343633,0.011535540732670515,0.05783777447779657,1.9844674545084815,378756762949842.25,482894502655208.6,98.0,430825632802525.44,52068869852683.18,261066873382366.97,1.9844674545084815,3.0,3.0,98.0,3.0,0.0,0.0,1.9844674545084815,1.0,1.0,98.0,1.0,0.0,0.0,1.9844674545084815,99.0,0.9191919191919192,-0.004402232239554242,-0.002812910014847294,98.0,-0.003607571127200768,0.0007946611123534741,0.00398433253088908,1.9844674545084815,QuantileRegressor,"{'mode': 'original', 'type': 'QuantileRegressor'}",9,"['l1_T6W30', 'l2_T6W30', 'l3_T6W30', 'lcc_T6W30', 'lsc_T6W30', 'atd_T6W30', 'density_T6W30', 'diameter_T6W30', 'asp_T6W30']",,,,,,,,1.3817940130923385,1.413236739470511,98.0,1.3975153762814247,0.01572136318908618,0.07882497055717957,1.9844674545084815,completed,False,COMPLETE
269,1.1271032925660038,2026-06-12 19:02:15.709528,2026-06-12 19:02:17.438053,0 days 00:00:01.728525,,,,,,,,,,,,,,,LinearRegression,,,,,,10,,,,,,,,True,,,,,,,,,-0.06374438737989918,-0.04574153790222991,98.0,-0.05474296264106455,0.00900142473883464,0.04513203031298656,1.9844674545084815,1.1133905713508065,1.1408160137812011,98.0,1.1271032925660038,0.013712721215197253,0.06875388813592849,1.9844674545084815,352179860830913.0,452382020497175.75,98.0,402280940664044.4,50101079833131.37,251200617607450.34,1.9844674545084815,3.321048408243278,3.562012463571191,98.0,3.4415304359072345,0.12048202766395656,0.6040819850707039,1.9844674545084815,0.9519651611658063,0.9905530986651586,98.0,0.9712591299154825,0.01929396874967617,0.0967375729656919,1.9844674545084815,99.0,0.5858585858585859,-0.05567132180486199,-0.019368799831759542,98.0,-0.03752006081831077,0.018151260986551225,0.09100817757545539,1.9844674545084815,LinearRegression,"{'mode': 'original', 'type': 'LinearRegression'}",10,"['nodes_T6W30', 'edges_T6W30', 're_T6W30', 'pe_T6W30', 'l1_T6W30', 'l2_T6W30', 'atd_T6W30', 'density_T6W30', 'diameter_T6W30', 'asp_T6W30']",0.11400807336797637,0.16080425331124387,98.0,0.13740616333961012,0.023398089971633743,0.11731512916059497,1.9844674545084815,1.4013161801524407,1.436296912614192,98.0,1.4188065463833164,0.017490366230875715,0.08769453301226121,1.9844674545084815,completed,True,COMPLETE
270,1.1484031436277893,2026-06-12 19:02:17.450665,2026-06-12 19:02:37.229001,0 days 00:00:19.778336,,,,,,19.0,,2.0,6.0,305.0,,,,,ExtraTreesRegressor,,,,,,9,,,,,,,,True,,,,,,,,,-0.08655596134782893,-0.06227333252920704,98.0,-0.07441464693851799,0.012141314409310948,0.06087504876827571,1.9844674545084815,1.1312575486044156,1.165548738651163,98.0,1.1484031436277893,0.01714559502337368,0.08596589282034851,1.9844674545084815,346994140540411.0,448292760420659.0,98.0,397643450480535.0,50649309940123.99,253949375556904.28,1.9844674545084815,3.393788824541363,3.5314237187041932,98.0,3.462606271622778,0.06881744708141507,0.3450421680849238,1.9844674545084815,0.9816567938817911,1.0293993931251406,98.0,1.0055280935034658,0.02387129962167481,0.11968774381768493,1.9844674545084815,99.0,0.7272727272727273,-0.08878459062918082,-0.045928062038060984,98.0,-0.0673563263336209,0.02142826429555992,0.10743866685565405,1.9844674545084815,ExtraTreesRegressor,"{'mode': 'original', 'type': 'ExtraTreesRegressor'}",9,"['edges_T6W30', 're_T6W30', 'pe_T6W30', 'l2_T6W30', 'l3_T6W30', 'lsc_T6W30', 'atd_T6W30', 'density_T6W30', 'asp_T6W30']",0.05443805084144705,0.10962613411722462,98.0,0.08203209247933584,0.02759404163788878,0.13835311184529667,1.9844674545084815,1.419210343021146,1.4580403867685339,98.0,1.43862536489484,0.019415021873693997,0.09734451835724572,1.9844674545084815,completed,True,COMPLETE
271,1.1020462802899509,2026-06-12 19:02:37.241623,2026-06-12 19:02:39.998978,0 days 00:00:02.757355,,,,0.00242854552214403,0.9408801695592043,,,,,,,,,,ElasticNet,,,,,,3,,,,,,,,True,,,,,,,,,-0.037060064384640976,-0.025347943127442,98.0,-0.031204003756041487,0.0058560606285994864,0.029361563693844298,1.9844674545084815,1.090214992676216,1.1138775679036859,98.0,1.1020462802899509,0.011831287613734883,0.05932061276045006,1.9844674545084815,366801649180081.1,469732889383136.5,98.0,418267269281608.8,51465620101527.695,258042253742101.5,1.9844674545084815,3.158703676481974,3.2217936965776075,98.0,3.1902486865297908,0.031545010047816534,0.15816277878315488,1.9844674545084815,0.9704876667214296,0.9983751985240191,98.0,0.9844314326227244,0.013943765901294716,0.06991231761561052,1.9844674545084815,99.0,0.5151515151515151,-0.020511370796700793,-0.002216263913626757,98.0,-0.011363817355163775,0.009147553441537018,0.0458647015546299,1.9844674545084815,ElasticNet,"{'mode': 'original', 'type': 'ElasticNet'}",3,"['nodes_T6W30', 'pe_T6W30', 'density_T6W30']",0.058244192615602264,0.11428506722011034,98.0,0.0862646299178563,0.028020437302254033,0.14049100696832473,1.9844674545084815,1.386749214775907,1.4174750072539213,98.0,1.4021121110149142,0.015362896239007119,0.07702766160592277,1.9844674545084815,completed,True,COMPLETE
272,1.1075852025259034,2026-06-12 19:02:40.011939,2026-06-12 19:02:42.475379,0 days 00:00:02.463440,,,,0.02549116922605986,0.8096750362658893,,,,,,,,,,ElasticNet,,,,,,13,,,,,,,,True,,,,,,,,,-0.04349122975078447,-0.028851636655148727,98.0,-0.0361714332029666,0.007319796547817872,0.03670055455285402,1.9844674545084815,1.0940435236111752,1.1211268814406317,98.0,1.1075852025259034,0.013541678914728307,0.06789630319648403,1.9844674545084815,366131107748697.75,468901852577057.6,98.0,417516480162877.7,51385372414179.94,257639901763053.03,1.9844674545084815,3.286421336971616,3.481764898640939,98.0,3.3840931178062776,0.09767178083466152,0.48971422871931003,1.9844674545084815,0.9755466851677507,1.001932033501625,98.0,0.9887393593346878,0.013192674166937148,0.06614643655718065,1.9844674545084815,99.0,0.6767676767676768,-0.05101063449689315,-0.022152479505605796,98.0,-0.03658155700124947,0.014429077495643677,0.07234560992464968,1.9844674545084815,ElasticNet,"{'mode': 'original', 'type': 'ElasticNet'}",13,"['nodes_T6W30', 'edges_T6W30', 're_T6W30', 'pe_T6W30', 'l1_T6W30', 'l2_T6W30', 'l3_T6W30', 'lcc_T6W30', 'lsc_T6W30', 'atd_T6W30', 'density_T6W30', 'diameter_T6W30', 'asp_T6W30']",0.020623965019787003,0.07245253582116924,98.0,0.04653825042047812,0.025914285400691118,0.1299310218300834,1.9844674545084815,1.4019902401356885,1.4358989504209292,98.0,1.4189445952783089,0.016954355142620246,0.08500703971146463,1.9844674545084815,completed,True,COMPLETE
273,1.0886456780214664,2026-06-12 19:02:42.509208,2026-06-12 19:02:45.289597,0 days 00:00:02.780389,,,,0.09938153452537789,0.9024032761106747,,,,,,,,,,ElasticNet,,,,,,6,,,,,,,,True,,,,,,,,,-0.022765973642546265,-0.01393528274330286,98.0,-0.018350628192924563,0.004415345449621701,0.0221379959791157,1.9844674545084815,1.0763465607139613,1.1009447953289715,98.0,1.0886456780214664,0.01229911730750502,0.061666252982209284,1.9844674545084815,370356350204251.25,472981380318565.25,98.0,421668865261408.25,51312515057157.02,257274603986191.5,1.9844674545084815,3.155715195572482,3.279003663031706,98.0,3.217359429302094,0.06164423372961213,0.3090765635469689,1.9844674545084815,0.9750470010953846,0.9922950496191588,98.0,0.9836710253572717,0.008624024261887155,0.043239790999775936,1.9844674545084815,99.0,0.43434343434343436,-0.02079920311307993,-0.0029342614180703306,98.0,-0.01186673226557513,0.008932470847504799,0.044786304030315915,1.9844674545084815,ElasticNet,"{'mode': 'original', 'type': 'ElasticNet'}",6,"['edges_T6W30', 're_T6W30', 'pe_T6W30', 'lcc_T6W30', 'diameter_T6W30', 'asp_T6W30']",0.05948846973051848,0.11481692744778686,98.0,0.08715269858915267,0.027664228858634187,0.1387050218891145,1.9844674545084815,1.3864875877791263,1.4190144796594504,98.0,1.4027510337192883,0.016263445940162,0.08154290642439302,1.9844674545084815,completed,True,COMPLETE
274,1.107557429353878,2026-06-12 19:02:45.302538,2026-06-12 19:03:04.640864,0 days 00:00:19.338326,,,,,,16.0,sqrt,3.0,8.0,334.0,,,,,ExtraTreesRegressor,,,,,,4,,,,,,,,False,,,,,,,,,-0.043021180872676285,-0.029070421756539424,98.0,-0.036045801314607856,0.006975379558068432,0.03497369036494195,1.9844674545084815,1.0938511988048867,1.1212636599028691,98.0,1.107557429353878,0.013706230548991227,0.06872134473835965,1.9844674545084815,346205279325051.56,443330035864947.2,98.0,394767657594999.4,48562378269947.81,243485758281610.94,1.9844674545084815,3.1062149753048702,3.175034580243672,98.0,3.140624777774271,0.03440980246940065,0.1725264936574835,1.9844674545084815,0.9959698503333642,1.0267034275817248,98.0,1.0113366389575444,0.015366788624180335,0.07704717754375753,1.9844674545084815,99.0,0.46464646464646464,-0.012346857687959279,0.009736931383315255,98.0,-0.0013049631523220121,0.011041894535637267,0.05536269350175105,1.9844674545084815,ExtraTreesRegressor,"{'mode': 'original', 'type': 'ExtraTreesRegressor'}",4,"['edges_T6W30', 're_T6W30', 'pe_T6W30', 'l2_T6W30']",0.07102365070232172,0.12537921264042462,98.0,0.09820143167137317,0.027177780969051456,0.13626603233631415,1.9844674545084815,1.37876246317367,1.4113655623067227,98.0,1.3950640127401963,0.01630154956652649,0.08173395329419549,1.9844674545084815,completed,False,COMPLETE
275,1.112267785610268,2026-06-12 19:03:04.702662,2026-06-12 19:03:07.871329,0 days 00:00:03.168667,,,,,,,,,,,minkowski,14.0,distance,,KNeighborsRegressor,,,,,,12,7.0,2.0,7.0,40.0,,,ExtraTrees,,,,,,,,,,-0.05052193889575059,-0.03009347235224517,98.0,-0.04030770562399788,0.01021423327175271,0.05121290229265868,1.9844674545084815,1.095889409537953,1.1286461616825831,98.0,1.112267785610268,0.016378376072315,0.08211915189204955,1.9844674545084815,357097579261796.4,458568465134570.1,98.0,407833022198183.25,50735442936386.91,254381235746937.88,1.9844674545084815,3.2232836237896993,3.3224125168033325,98.0,3.272848070296516,0.04956444650681666,0.24851000448198532,1.9844674545084815,0.9589756043692099,1.0034676021912101,98.0,0.98122160328021,0.022245998911000094,0.1115386870772087,1.9844674545084815,99.0,0.47474747474747475,-0.01877902276297413,0.014624531701659501,98.0,-0.0020772455306573142,0.016701777232316816,0.08374064530891796,1.9844674545084815,KNeighborsRegressor,"{'mode': 'proxy', 'type': 'ExtraTrees'}",12,"['nodes_T6W30', 'edges_T6W30', 're_T6W30', 'pe_T6W30', 'l2_T6W30', 'l3_T6W30', 'lcc_T6W30', 'lsc_T6W30', 'atd_T6W30', 'density_T6W30', 'diameter_T6W30', 'asp_T6W30']",0.11923438131573917,0.17192131292177137,98.0,0.14557784711875527,0.026343465803016098,0.13208287928481544,1.9844674545084815,1.3763046396534189,1.4136402106941017,98.0,1.3949724251737603,0.01866778552034133,0.09359796770232748,1.9844674545084815,completed,True,COMPLETE
276,1.1917966347468567,2026-06-12 19:03:07.885097,2026-06-12 19:03:10.182745,0 days 00:00:02.297648,3.0,1.0,2.0,,,,,,,,,,,,DecisionTreeRegressor,,,,,,8,,,,,,,,True,,,,,,,,,-0.13249833114836734,-0.09818460716325621,98.0,-0.11534146915581177,0.01715686199255556,0.0860223840102885,1.9844674545084815,1.1711755781663364,1.212417691327377,98.0,1.1917966347468567,0.020621056580520193,0.10339142721070357,1.9844674545084815,336896498954729.5,444119953445660.4,98.0,390508226200194.94,53611727245465.43,268802569523806.75,1.9844674545084815,3.5775142043890638,3.8319229746957637,98.0,3.7047185895424137,0.12720438515335,0.6377870540779592,1.9844674545084815,1.0240919715374581,1.0753643055663822,98.0,1.0497281385519202,0.025636167014462072,0.12853657064018062,1.9844674545084815,99.0,0.8686868686868687,-0.223653700822184,-0.15135777834553266,98.0,-0.18750573958385833,0.036147961238325664,0.1812414067433494,1.9844674545084815,DecisionTreeRegressor,"{'mode': 'original', 'type': 'DecisionTreeRegressor'}",8,"['edges_T6W30', 're_T6W30', 'pe_T6W30', 'l3_T6W30', 'lcc_T6W30', 'density_T6W30', 'diameter_T6W30', 'asp_T6W30']",0.0031923259445957378,0.06378402331057512,98.0,0.033488174627585424,0.030295848682989686,0.1518996382005369,1.9844674545084815,1.4894724601355485,1.540168515984921,98.0,1.5148204880602347,0.025348027924686375,0.12709187688209042,1.9844674545084815,completed,True,COMPLETE
