number,value,datetime_start,datetime_complete,duration,params_dt_max_depth,params_dt_min_samples_leaf,params_dt_min_samples_split,params_elastic_alpha,params_elastic_l1_ratio,params_et_max_depth,params_et_max_features,params_et_min_samples_leaf,params_et_min_samples_split,params_et_n_estimators,params_knn_metric,params_knn_n_neighbors,params_knn_weights,params_quantile_alpha,params_regressor,params_rf_max_depth,params_rf_max_features,params_rf_min_samples_leaf,params_rf_min_samples_split,params_rf_n_estimators,params_rfe_n_features,params_rfe_proxy_et_max_depth,params_rfe_proxy_et_min_samples_leaf,params_rfe_proxy_et_min_samples_split,params_rfe_proxy_et_n_estimators,params_rfe_proxy_lsvr_C,params_rfe_proxy_lsvr_epsilon,params_rfe_proxy_type,params_use_scaler,params_xgb_booster,params_xgb_colsample_bytree,params_xgb_learning_rate,params_xgb_max_depth,params_xgb_n_estimators,params_xgb_reg_alpha,params_xgb_reg_lambda,params_xgb_subsample,user_attrs_d2mae_ci_lower_val,user_attrs_d2mae_ci_upper_val,user_attrs_d2mae_df_val,user_attrs_d2mae_mean_val,user_attrs_d2mae_samperror_val,user_attrs_d2mae_std_val,user_attrs_d2mae_t_critical_val,user_attrs_mae_ci_lower_val,user_attrs_mae_ci_upper_val,user_attrs_mae_df_val,user_attrs_mae_mean_val,user_attrs_mae_samperror_val,user_attrs_mae_std_val,user_attrs_mae_t_critical_val,user_attrs_mape_ci_lower_val,user_attrs_mape_ci_upper_val,user_attrs_mape_df_val,user_attrs_mape_mean_val,user_attrs_mape_samperror_val,user_attrs_mape_std_val,user_attrs_mape_t_critical_val,user_attrs_max_error_ci_lower_val,user_attrs_max_error_ci_upper_val,user_attrs_max_error_df_val,user_attrs_max_error_mean_val,user_attrs_max_error_samperror_val,user_attrs_max_error_std_val,user_attrs_max_error_t_critical_val,user_attrs_median_ae_ci_lower_val,user_attrs_median_ae_ci_upper_val,user_attrs_median_ae_df_val,user_attrs_median_ae_mean_val,user_attrs_median_ae_samperror_val,user_attrs_median_ae_std_val,user_attrs_median_ae_t_critical_val,user_attrs_n_splits_val,user_attrs_r2_below_zero_val,user_attrs_r2_ci_lower_val,user_attrs_r2_ci_upper_val,user_attrs_r2_df_val,user_attrs_r2_mean_val,user_attrs_r2_samperror_val,user_attrs_r2_std_val,user_attrs_r2_t_critical_val,user_attrs_regressor_final,user_attrs_rfe_estimator,user_attrs_rfe_n_features,user_attrs_rfe_selected_features,user_attrs_rho_ci_lower_val,user_attrs_rho_ci_upper_val,user_attrs_rho_df_val,user_attrs_rho_mean_val,user_attrs_rho_samperror_val,user_attrs_rho_std_val,user_attrs_rho_t_critical_val,user_attrs_rmse_ci_lower_val,user_attrs_rmse_ci_upper_val,user_attrs_rmse_df_val,user_attrs_rmse_mean_val,user_attrs_rmse_samperror_val,user_attrs_rmse_std_val,user_attrs_rmse_t_critical_val,user_attrs_termination_reason,user_attrs_use_scaler_final,state
536,1.1016360847717572,2026-06-12 18:28:39.139053,2026-06-12 18:28:40.585950,0 days 00:00:01.446897,,,,,,13.0,,1.0,8.0,211.0,,,,,ExtraTreesRegressor,,,,,,3,,,,,,,,True,,,,,,,,,,,,,,,,,,,,,,,,,,,,,,,,,,,,,,,,,,,,,,,,,,,,,ExtraTreesRegressor,"{'mode': 'original', 'type': 'ExtraTreesRegressor'}",3,"['z_pe_T2W10', 'z_l2_T2W10', 'z_l3_T2W10']",,,,,,,,,,,,,,,pruned,True,PRUNED
537,1.0991118995924758,2026-06-12 18:28:40.595723,2026-06-12 18:29:10.623189,0 days 00:00:30.027466,,,,,,,,,,,,,,,RandomForestRegressor,11.0,log2,2.0,3.0,325.0,4,,,,,,,,True,,,,,,,,,-0.08591661930890755,-0.061275568565344204,98.0,-0.07359609393712588,0.012320525371781677,0.06177359036866857,1.9844674545084815,1.0837058182222343,1.1145179809627173,98.0,1.0991118995924758,0.015406081370241496,0.07724418651264464,1.9844674545084815,276489327436590.34,366172120517753.75,98.0,321330723977172.06,44841396540581.71,224829216114536.0,1.9844674545084815,3.338713244377463,3.4750995645709186,98.0,3.406906404474191,0.06819316009672795,0.3419120703576889,1.9844674545084815,0.9220004783240758,0.9649343521795595,98.0,0.9434674152518177,0.021466936927741806,0.10763256665024831,1.9844674545084815,99.0,0.7070707070707071,-0.08676137813230232,-0.04595096949613768,98.0,-0.06635617381422,0.02040520431808232,0.10230917066419891,1.9844674545084815,RandomForestRegressor,"{'mode': 'original', 'type': 'RandomForestRegressor'}",4,"['z_re_T2W10', 'z_pe_T2W10', 'z_l2_T2W10', 'z_l3_T2W10']",0.08310364886256182,0.1331370958168398,98.0,0.1081203723397008,0.02501672347713899,0.1254307573589746,1.9844674545084815,1.3709059541807223,1.4070478326248927,98.0,1.3889768934028075,0.018070939222085185,0.09060545418289796,1.9844674545084815,completed,True,COMPLETE
538,1.432255387920299,2026-06-12 18:29:10.658055,2026-06-12 18:29:10.783953,0 days 00:00:00.125898,13.0,3.0,12.0,,,,,,,,,,,,DecisionTreeRegressor,,,,,,6,,,,,,,,True,,,,,,,,,,,,,,,,,,,,,,,,,,,,,,,,,,,,,,,,,,,,,,,,,,,,,DecisionTreeRegressor,"{'mode': 'original', 'type': 'DecisionTreeRegressor'}",6,"['z_re_T2W10', 'z_pe_T2W10', 'z_l1_T2W10', 'z_l2_T2W10', 'z_l3_T2W10', 'z_lsc_T2W10']",,,,,,,,,,,,,,,pruned,True,PRUNED
539,1.076275274444495,2026-06-12 18:29:10.794151,2026-06-12 18:29:10.923947,0 days 00:00:00.129796,,,,,,,,,,,,,,,LinearRegression,,,,,,9,,,,,,,,False,,,,,,,,,,,,,,,,,,,,,,,,,,,,,,,,,,,,,,,,,,,,,,,,,,,,,LinearRegression,"{'mode': 'original', 'type': 'LinearRegression'}",9,"['z_re_T2W10', 'z_pe_T2W10', 'z_l1_T2W10', 'z_l2_T2W10', 'z_l3_T2W10', 'z_lsc_T2W10', 'z_density_T2W10', 'z_diameter_T2W10', 'z_asp_T2W10']",,,,,,,,,,,,,,,pruned,False,PRUNED
540,1.0340969302535818,2026-06-12 18:29:10.938844,2026-06-12 18:29:15.981377,0 days 00:00:05.042533,,,,,,,,,,,,,,,XGBRegressor,,,,,,7,,,,,,,,False,gbtree,0.6069973393491568,0.0026646637168733,2.0,86.0,3.544537957319563e-06,4.006964783909137e-05,0.7590387490201724,-0.011177105279878271,-0.008386008831118496,98.0,-0.009781557055498383,0.0013955482243798872,0.006997106190780835,1.9844674545084815,1.0241881096643932,1.0440057508427705,98.0,1.0340969302535818,0.009908820589188738,0.04968160087678613,1.9844674545084815,300073783613871.94,394287427526084.3,98.0,347180605569978.1,47106821956106.164,236187778952278.12,1.9844674545084815,3.015146627951608,3.077322100971226,98.0,3.046234364461417,0.031087736509808787,0.15587006582076623,1.9844674545084815,0.9786934431458161,0.9853166221063145,98.0,0.9820050326260653,0.003311589480249225,0.01660390006506069,1.9844674545084815,99.0,0.6565656565656566,-0.005828792590132105,-0.001871457169303513,98.0,-0.003850124879717809,0.001978667710414296,0.00992079517151048,1.9844674545084815,XGBRegressor,"{'mode': 'original', 'type': 'XGBRegressor'}",7,"['z_re_T2W10', 'z_pe_T2W10', 'z_l1_T2W10', 'z_l2_T2W10', 'z_l3_T2W10', 'z_lsc_T2W10', 'z_density_T2W10']",-0.013737609980035566,0.03900544188901225,98.0,0.01263391595448834,0.026371525934523906,0.1322235693136209,1.9844674545084815,1.3352918315684246,1.3640178994315812,98.0,1.349654865500003,0.014363033931578261,0.07201447566292347,1.9844674545084815,completed,False,COMPLETE
541,1.0241187384044526,2026-06-12 18:29:15.994898,2026-06-12 18:29:19.097323,0 days 00:00:03.102425,,,,,,,,,,,,,,4.557241216716546,QuantileRegressor,,,,,,9,,,,,,,,False,,,,,,,,,0.0,0.0,98.0,0.0,0.0,0.0,1.9844674545084815,1.0142445249741314,1.0339929518347737,98.0,1.0241187384044526,0.009874213430321107,0.04950808486255764,1.9844674545084815,305901430884989.94,401528566240617.56,98.0,353714998562803.75,47813567677813.83,239731314588150.53,1.9844674545084815,2.951594894990265,3.0080010646056943,98.0,2.9797979797979797,0.028203084807714735,0.14140677897022574,1.9844674545084815,1.0,1.0,98.0,1.0,0.0,0.0,1.9844674545084815,99.0,0.9393939393939394,-0.005464225809889945,-0.0036532722000295697,98.0,-0.004558749004959757,0.0009054768049301876,0.004539948707398303,1.9844674545084815,QuantileRegressor,"{'mode': 'original', 'type': 'QuantileRegressor'}",9,"['z_re_T2W10', 'z_pe_T2W10', 'z_l1_T2W10', 'z_l2_T2W10', 'z_l3_T2W10', 'z_lsc_T2W10', 'z_density_T2W10', 'z_diameter_T2W10', 'z_asp_T2W10']",,,,,,,,1.335779145669776,1.3645398079803412,98.0,1.3501594768250587,0.014380331155282654,0.07210120180319649,1.9844674545084815,completed,False,COMPLETE
542,1.3020408163265305,2026-06-12 18:29:19.111609,2026-06-12 18:29:19.386075,0 days 00:00:00.274466,,,,,,,,,,,minkowski,3.0,uniform,,KNeighborsRegressor,,,,,,9,4.0,4.0,12.0,40.0,,,ExtraTrees,,,,,,,,,,,,,,,,,,,,,,,,,,,,,,,,,,,,,,,,,,,,,,,,,,,,,,KNeighborsRegressor,"{'mode': 'proxy', 'type': 'ExtraTrees'}",9,"['z_re_T2W10', 'z_pe_T2W10', 'z_l1_T2W10', 'z_l2_T2W10', 'z_l3_T2W10', 'z_lsc_T2W10', 'z_density_T2W10', 'z_diameter_T2W10', 'z_asp_T2W10']",,,,,,,,,,,,,,,pruned,True,PRUNED
543,1.0659763597375203,2026-06-12 18:29:19.396354,2026-06-12 18:29:20.237018,0 days 00:00:00.840664,,,,,,11.0,log2,3.0,5.0,143.0,,,,,ExtraTreesRegressor,,,,,,5,,,,,,,,True,,,,,,,,,,,,,,,,,,,,,,,,,,,,,,,,,,,,,,,,,,,,,,,,,,,,,ExtraTreesRegressor,"{'mode': 'original', 'type': 'ExtraTreesRegressor'}",5,"['z_pe_T2W10', 'z_l2_T2W10', 'z_l3_T2W10', 'z_density_T2W10', 'z_asp_T2W10']",,,,,,,,,,,,,,,pruned,True,PRUNED
544,1.1341110444039821,2026-06-12 18:29:20.247087,2026-06-12 18:29:21.947277,0 days 00:00:01.700190,,,,,,,,,,,,,,,RandomForestRegressor,8.0,,3.0,2.0,219.0,8,,,,,,,,False,,,,,,,,,,,,,,,,,,,,,,,,,,,,,,,,,,,,,,,,,,,,,,,,,,,,,RandomForestRegressor,"{'mode': 'original', 'type': 'RandomForestRegressor'}",8,"['z_re_T2W10', 'z_pe_T2W10', 'z_l1_T2W10', 'z_l2_T2W10', 'z_l3_T2W10', 'z_lsc_T2W10', 'z_density_T2W10', 'z_diameter_T2W10']",,,,,,,,,,,,,,,pruned,False,PRUNED
545,1.0324875364301624,2026-06-12 18:29:21.960384,2026-06-12 18:29:24.963450,0 days 00:00:03.003066,,,,,,,,,,,,,,,XGBRegressor,,,,,,4,,,,,,,,True,gblinear,0.6560320223260103,0.018396906939747597,7.0,275.0,0.166557531238763,0.5659296068864758,0.5599764708654849,-0.009040671646671695,-0.007496774370567181,98.0,-0.008268723008619439,0.0007719486380522572,0.0038704549939006247,1.9844674545084815,1.0229263751196067,1.0420486977407182,98.0,1.0324875364301624,0.009561161310555804,0.047938480253429776,1.9844674545084815,302656278358263.56,397500756965238.94,98.0,350078517661751.25,47422239303487.69,237769242520134.12,1.9844674545084815,2.9851057715639278,3.042408729487542,98.0,3.013757250525735,0.02865147896180696,0.1436549717998951,1.9844674545084815,0.9629883666916729,0.9708372899294703,98.0,0.9669128283105716,0.003924461618898692,0.019676765166090644,1.9844674545084815,99.0,1.0,-0.004487127728844892,-0.0027135238226395283,98.0,-0.00360032577574221,0.000886801953102682,0.00444631531010584,1.9844674545084815,XGBRegressor,"{'mode': 'original', 'type': 'XGBRegressor'}",4,"['z_lsc_T2W10', 'z_density_T2W10', 'z_diameter_T2W10', 'z_asp_T2W10']",-0.1550825748919701,-0.05769879262866388,13.0,-0.10639068376031699,0.04869189113165311,0.08433207618696088,2.1603686564627913,1.3351912926383107,1.3638043537893447,98.0,1.3494978232138277,0.014306530575517078,0.07173117482416437,1.9844674545084815,completed,True,COMPLETE
546,1.1319056728445882,2026-06-12 18:29:24.979100,2026-06-12 18:29:26.863989,0 days 00:00:01.884889,,,,,,,,,,,,,,,RandomForestRegressor,18.0,,1.0,3.0,163.0,5,,,,,,,,True,,,,,,,,,,,,,,,,,,,,,,,,,,,,,,,,,,,,,,,,,,,,,,,,,,,,,RandomForestRegressor,"{'mode': 'original', 'type': 'RandomForestRegressor'}",5,"['z_re_T2W10', 'z_pe_T2W10', 'z_l1_T2W10', 'z_l2_T2W10', 'z_l3_T2W10']",,,,,,,,,,,,,,,pruned,True,PRUNED
547,1.0330273498348144,2026-06-12 18:29:26.873997,2026-06-12 18:29:28.614678,0 days 00:00:01.740681,,,,0.352325526118713,0.10540137739646227,,,,,,,,,,ElasticNet,,,,,,8,,,,,,,,False,,,,,,,,,-0.009629564632614426,-0.00794786708757016,98.0,-0.008788715860092293,0.0008408487725221338,0.00421591174632423,1.9844674545084815,1.0234235734293229,1.0426311262403058,98.0,1.0330273498348144,0.009603776405491541,0.04815214706865436,1.9844674545084815,302639220019022.5,397554161440292.6,98.0,350096690729657.56,47457470710635.03,237945888438027.9,1.9844674545084815,2.9879057175574477,3.0455222714985366,98.0,3.016713994527992,0.028808276970544333,0.144441137622381,1.9844674545084815,0.966857357593053,0.9746675398002409,98.0,0.970762448696647,0.003905091103593933,0.019579643798165312,1.9844674545084815,99.0,0.8585858585858586,-0.005431174759495888,-0.003037456456771841,98.0,-0.004234315608133864,0.0011968591513620234,0.006000903753225115,1.9844674545084815,ElasticNet,"{'mode': 'original', 'type': 'ElasticNet'}",8,"['z_pe_T2W10', 'z_l1_T2W10', 'z_l2_T2W10', 'z_l3_T2W10', 'z_lsc_T2W10', 'z_density_T2W10', 'z_diameter_T2W10', 'z_asp_T2W10']",-0.06771850118606831,0.004609553024719534,71.0,-0.03155447408067439,0.036164027105393924,0.15389702163226915,1.9939433678456255,1.3355988394985066,1.3642450529710899,98.0,1.3499219462347982,0.014323106736291709,0.07181428564409113,1.9844674545084815,completed,False,COMPLETE
548,1.1953343464403736,2026-06-12 18:29:28.627784,2026-06-12 18:29:30.647418,0 days 00:00:02.019634,,,,,,,,,,,,,,,XGBRegressor,,,,,,2,,,,,,,,False,gbtree,0.9710291097442978,0.004679593024223319,7.0,356.0,4.835619142236148e-06,0.095399845303622,0.6243958943695885,,,,,,,,,,,,,,,,,,,,,,,,,,,,,,,,,,,,,,,,,,,,,XGBRegressor,"{'mode': 'original', 'type': 'XGBRegressor'}",2,"['z_diameter_T2W10', 'z_asp_T2W10']",,,,,,,,,,,,,,,pruned,False,PRUNED
549,1.0552835620621694,2026-06-12 18:29:30.658337,2026-06-12 18:29:33.359209,0 days 00:00:02.700872,,,,0.0004918786513508437,0.982739540910386,,,,,,,,,,ElasticNet,,,,,,3,,,,,,,,False,,,,,,,,,-0.03625214558859512,-0.024845913951402065,98.0,-0.03054902976999859,0.005703115818596524,0.028594717333235688,1.9844674545084815,1.044007493725455,1.0665596303988838,98.0,1.0552835620621694,0.011276068336714313,0.05653681197692088,1.9844674545084815,307107909531150.1,403638869367308.25,98.0,355373389449229.2,48265479918079.04,241997146666762.06,1.9844674545084815,3.1196386851937907,3.19452928887965,98.0,3.1570839870367204,0.03744530184292961,0.18774611207523376,1.9844674545084815,0.9554608605044349,0.9707676258720185,98.0,0.9631142431882267,0.007653382683791773,0.03837311417953322,1.9844674545084815,99.0,0.5757575757575758,-0.02439538994956811,-0.007766923282644323,98.0,-0.016081156616106217,0.008314233333461894,0.041686537600671564,1.9844674545084815,ElasticNet,"{'mode': 'original', 'type': 'ElasticNet'}",3,"['z_l2_T2W10', 'z_diameter_T2W10', 'z_asp_T2W10']",0.04035763178067188,0.09019412515002849,98.0,0.06527587846535018,0.02491824668467831,0.12493700690152909,1.9844674545084815,1.3424430162264929,1.3725572282686391,98.0,1.357500122247566,0.015057106021073137,0.07549446727439987,1.9844674545084815,completed,False,COMPLETE
550,1.0332195956887376,2026-06-12 18:29:33.379097,2026-06-12 18:29:36.843896,0 days 00:00:03.464799,,,,,,,,,,,,,,,XGBRegressor,,,,,,4,,,,,,,,True,gblinear,0.6604272713749217,0.07295892049245895,4.0,256.0,0.002314467260697325,9.153982302423422,0.7564373711526339,-0.009861518428141628,-0.008081046469616849,98.0,-0.008971282448879238,0.0008902359792623898,0.004463533092538311,1.9844674545084815,1.0235887985981542,1.042850392779321,98.0,1.0332195956887376,0.009630797090583237,0.04828762544169178,1.9844674545084815,303602871425997.44,398781582544447.3,98.0,351192226985222.4,47589355559224.94,238607142756880.75,1.9844674545084815,2.996595814383817,3.054092683564107,98.0,3.025344248973962,0.028748434590144766,0.1441410953285714,1.9844674545084815,0.9724627528636343,0.9799626451441537,98.0,0.976212699003894,0.003749946140259738,0.01880176614087652,1.9844674545084815,99.0,0.8080808080808081,-0.006674573910499232,-0.004067514645542311,98.0,-0.0053710442780207715,0.0013035296324784608,0.006535736352166689,1.9844674545084815,XGBRegressor,"{'mode': 'original', 'type': 'XGBRegressor'}",4,"['z_pe_T2W10', 'z_l2_T2W10', 'z_lsc_T2W10', 'z_density_T2W10']",-0.05060012823583536,-0.00010615410712970161,98.0,-0.02535314117148253,0.025246987064352827,0.12658527050546317,1.9844674545084815,1.3363543362488997,1.365014802715608,98.0,1.3506845694822538,0.014330233233354236,0.07185001701893269,1.9844674545084815,completed,True,COMPLETE
551,1.2275510204081634,2026-06-12 18:29:36.860970,2026-06-12 18:29:37.196176,0 days 00:00:00.335206,,,,,,,,,,,manhattan,4.0,uniform,,KNeighborsRegressor,,,,,,6,,,,,0.024850070766863297,0.0031571825764638364,LinearSVR,,,,,,,,,,,,,,,,,,,,,,,,,,,,,,,,,,,,,,,,,,,,,,,,,,,,,,KNeighborsRegressor,"{'mode': 'proxy', 'type': 'LinearSVR'}",6,"['z_re_T2W10', 'z_pe_T2W10', 'z_l1_T2W10', 'z_density_T2W10', 'z_diameter_T2W10', 'z_asp_T2W10']",,,,,,,,,,,,,,,pruned,True,PRUNED
552,1.1274085105512097,2026-06-12 18:29:37.206867,2026-06-12 18:29:38.635679,0 days 00:00:01.428812,,,,,,,,,,,,,,,RandomForestRegressor,10.0,log2,3.0,9.0,203.0,8,,,,,,,,False,,,,,,,,,,,,,,,,,,,,,,,,,,,,,,,,,,,,,,,,,,,,,,,,,,,,,RandomForestRegressor,"{'mode': 'original', 'type': 'RandomForestRegressor'}",8,"['z_re_T2W10', 'z_pe_T2W10', 'z_l1_T2W10', 'z_l2_T2W10', 'z_l3_T2W10', 'z_lsc_T2W10', 'z_density_T2W10', 'z_diameter_T2W10']",,,,,,,,,,,,,,,pruned,False,PRUNED
553,1.024215719651203,2026-06-12 18:29:38.646770,2026-06-12 18:29:39.871036,0 days 00:00:01.224266,,,,,,,,,,,,,,,XGBRegressor,,,,,,4,,,,,,,,True,gbtree,0.6173772108624856,0.0010406289634983384,5.0,368.0,0.23432759471836886,1.0863642854536062e-05,0.7017404845134998,,,,,,,,,,,,,,,,,,,,,,,,,,,,,,,,,,,,,,,,,,,,,XGBRegressor,"{'mode': 'original', 'type': 'XGBRegressor'}",4,"['z_pe_T2W10', 'z_l2_T2W10', 'z_l3_T2W10', 'z_asp_T2W10']",,,,,,,,,,,,,,,pruned,True,PRUNED
