number,value,datetime_start,datetime_complete,duration,params_dt_max_depth,params_dt_min_samples_leaf,params_dt_min_samples_split,params_elastic_alpha,params_elastic_l1_ratio,params_et_max_depth,params_et_max_features,params_et_min_samples_leaf,params_et_min_samples_split,params_et_n_estimators,params_knn_metric,params_knn_n_neighbors,params_knn_weights,params_quantile_alpha,params_regressor,params_rf_max_depth,params_rf_max_features,params_rf_min_samples_leaf,params_rf_min_samples_split,params_rf_n_estimators,params_rfe_n_features,params_rfe_proxy_et_max_depth,params_rfe_proxy_et_min_samples_leaf,params_rfe_proxy_et_min_samples_split,params_rfe_proxy_et_n_estimators,params_rfe_proxy_lsvr_C,params_rfe_proxy_lsvr_epsilon,params_rfe_proxy_type,params_use_scaler,params_xgb_booster,params_xgb_colsample_bytree,params_xgb_learning_rate,params_xgb_max_depth,params_xgb_n_estimators,params_xgb_reg_alpha,params_xgb_reg_lambda,params_xgb_subsample,user_attrs_d2mae_ci_lower_val,user_attrs_d2mae_ci_upper_val,user_attrs_d2mae_df_val,user_attrs_d2mae_mean_val,user_attrs_d2mae_samperror_val,user_attrs_d2mae_std_val,user_attrs_d2mae_t_critical_val,user_attrs_mae_ci_lower_val,user_attrs_mae_ci_upper_val,user_attrs_mae_df_val,user_attrs_mae_mean_val,user_attrs_mae_samperror_val,user_attrs_mae_std_val,user_attrs_mae_t_critical_val,user_attrs_mape_ci_lower_val,user_attrs_mape_ci_upper_val,user_attrs_mape_df_val,user_attrs_mape_mean_val,user_attrs_mape_samperror_val,user_attrs_mape_std_val,user_attrs_mape_t_critical_val,user_attrs_max_error_ci_lower_val,user_attrs_max_error_ci_upper_val,user_attrs_max_error_df_val,user_attrs_max_error_mean_val,user_attrs_max_error_samperror_val,user_attrs_max_error_std_val,user_attrs_max_error_t_critical_val,user_attrs_median_ae_ci_lower_val,user_attrs_median_ae_ci_upper_val,user_attrs_median_ae_df_val,user_attrs_median_ae_mean_val,user_attrs_median_ae_samperror_val,user_attrs_median_ae_std_val,user_attrs_median_ae_t_critical_val,user_attrs_n_splits_val,user_attrs_r2_below_zero_val,user_attrs_r2_ci_lower_val,user_attrs_r2_ci_upper_val,user_attrs_r2_df_val,user_attrs_r2_mean_val,user_attrs_r2_samperror_val,user_attrs_r2_std_val,user_attrs_r2_t_critical_val,user_attrs_regressor_final,user_attrs_rfe_estimator,user_attrs_rfe_n_features,user_attrs_rfe_selected_features,user_attrs_rho_ci_lower_val,user_attrs_rho_ci_upper_val,user_attrs_rho_df_val,user_attrs_rho_mean_val,user_attrs_rho_samperror_val,user_attrs_rho_std_val,user_attrs_rho_t_critical_val,user_attrs_rmse_ci_lower_val,user_attrs_rmse_ci_upper_val,user_attrs_rmse_df_val,user_attrs_rmse_mean_val,user_attrs_rmse_samperror_val,user_attrs_rmse_std_val,user_attrs_rmse_t_critical_val,user_attrs_termination_reason,user_attrs_use_scaler_final,state
42,1.0241187384044526,2026-06-12 16:47:50.603359,2026-06-12 16:47:53.880630,0 days 00:00:03.277271,,,,,,,,,,,,,,2.580433300065881,QuantileRegressor,,,,,,5,,,,,,,,True,,,,,,,,,0.0,0.0,98.0,0.0,0.0,0.0,1.9844674545084815,1.0142445249741314,1.0339929518347737,98.0,1.0241187384044526,0.009874213430321107,0.04950808486255764,1.9844674545084815,305901430884989.94,401528566240617.56,98.0,353714998562803.75,47813567677813.83,239731314588150.53,1.9844674545084815,2.951594894990265,3.0080010646056943,98.0,2.9797979797979797,0.028203084807714735,0.14140677897022574,1.9844674545084815,1.0,1.0,98.0,1.0,0.0,0.0,1.9844674545084815,99.0,0.9393939393939394,-0.005464225809889945,-0.0036532722000295697,98.0,-0.004558749004959757,0.0009054768049301876,0.004539948707398303,1.9844674545084815,QuantileRegressor,"{'mode': 'original', 'type': 'QuantileRegressor'}",5,"['z_l3_T2W10', 'z_lsc_T2W10', 'z_density_T2W10', 'z_diameter_T2W10', 'z_asp_T2W10']",,,,,,,,1.335779145669776,1.3645398079803412,98.0,1.3501594768250587,0.014380331155282654,0.07210120180319649,1.9844674545084815,completed,True,COMPLETE
43,1.0241187384044526,2026-06-12 16:47:53.895016,2026-06-12 16:47:57.345928,0 days 00:00:03.450912,,,,,,,,,,,,,,0.11230352259545182,QuantileRegressor,,,,,,8,,,,,,,,True,,,,,,,,,0.0,0.0,98.0,0.0,0.0,0.0,1.9844674545084815,1.0142445249741314,1.0339929518347737,98.0,1.0241187384044526,0.009874213430321107,0.04950808486255764,1.9844674545084815,305901430884989.94,401528566240617.56,98.0,353714998562803.75,47813567677813.83,239731314588150.53,1.9844674545084815,2.951594894990265,3.0080010646056943,98.0,2.9797979797979797,0.028203084807714735,0.14140677897022574,1.9844674545084815,1.0,1.0,98.0,1.0,0.0,0.0,1.9844674545084815,99.0,0.9393939393939394,-0.005464225809889945,-0.0036532722000295697,98.0,-0.004558749004959757,0.0009054768049301876,0.004539948707398303,1.9844674545084815,QuantileRegressor,"{'mode': 'original', 'type': 'QuantileRegressor'}",8,"['z_pe_T2W10', 'z_l1_T2W10', 'z_l2_T2W10', 'z_l3_T2W10', 'z_lsc_T2W10', 'z_density_T2W10', 'z_diameter_T2W10', 'z_asp_T2W10']",,,,,,,,1.335779145669776,1.3645398079803412,98.0,1.3501594768250587,0.014380331155282654,0.07210120180319649,1.9844674545084815,completed,True,COMPLETE
44,1.0241187384044526,2026-06-12 16:47:57.360986,2026-06-12 16:48:00.512468,0 days 00:00:03.151482,,,,,,,,,,,,,,0.8468753461051169,QuantileRegressor,,,,,,6,,,,,,,,True,,,,,,,,,0.0,0.0,98.0,0.0,0.0,0.0,1.9844674545084815,1.0142445249741314,1.0339929518347737,98.0,1.0241187384044526,0.009874213430321107,0.04950808486255764,1.9844674545084815,305901430884989.94,401528566240617.56,98.0,353714998562803.75,47813567677813.83,239731314588150.53,1.9844674545084815,2.951594894990265,3.0080010646056943,98.0,2.9797979797979797,0.028203084807714735,0.14140677897022574,1.9844674545084815,1.0,1.0,98.0,1.0,0.0,0.0,1.9844674545084815,99.0,0.9393939393939394,-0.005464225809889945,-0.0036532722000295697,98.0,-0.004558749004959757,0.0009054768049301876,0.004539948707398303,1.9844674545084815,QuantileRegressor,"{'mode': 'original', 'type': 'QuantileRegressor'}",6,"['z_l2_T2W10', 'z_l3_T2W10', 'z_lsc_T2W10', 'z_density_T2W10', 'z_diameter_T2W10', 'z_asp_T2W10']",,,,,,,,1.335779145669776,1.3645398079803412,98.0,1.3501594768250587,0.014380331155282654,0.07210120180319649,1.9844674545084815,completed,True,COMPLETE
45,1.0634391937175256,2026-06-12 16:48:00.528461,2026-06-12 16:48:09.786167,0 days 00:00:09.257706,,,,,,,,,,,,,,,XGBRegressor,,,,,,7,,,,,,,,True,gbtree,0.5205685857532546,0.0033321308896811347,2.0,492.0,1.1273086299432098e-08,2.3805248364984654e-08,0.8442508401830646,-0.04461226782483678,-0.032390159022134976,98.0,-0.03850121342348588,0.006111054401350904,0.030640070931902894,1.9844674545084815,1.0518136262472486,1.0750647611878026,98.0,1.0634391937175256,0.011625567470276993,0.0582891574053353,1.9844674545084815,286292686170715.5,377192516826616.0,98.0,331742601498665.75,45449915327950.26,227880254050681.06,1.9844674545084815,3.111924583914813,3.213922796174224,98.0,3.1629236900445186,0.05099910612970566,0.25570321038745697,1.9844674545084815,0.966787854178449,0.9840505527022475,98.0,0.9754192034403483,0.008631349261899212,0.04327651764385491,1.9844674545084815,99.0,0.6868686868686869,-0.037244729882767016,-0.018246414259801325,98.0,-0.027745572071284173,0.009499157811482847,0.04762760237788648,1.9844674545084815,XGBRegressor,"{'mode': 'original', 'type': 'XGBRegressor'}",7,"['z_re_T2W10', 'z_pe_T2W10', 'z_l1_T2W10', 'z_l2_T2W10', 'z_l3_T2W10', 'z_density_T2W10', 'z_asp_T2W10']",-0.023002851974171245,0.03507742718873946,98.0,0.006037287607284107,0.029040139581455352,0.1456036680759144,1.9844674545084815,1.3500634464595596,1.3800668656131165,98.0,1.365065156036338,0.015001709576778379,0.07521671635433091,1.9844674545084815,completed,True,COMPLETE
46,1.0241187384044526,2026-06-12 16:48:09.801303,2026-06-12 16:48:13.036354,0 days 00:00:03.235051,,,,,,,,,,,,,,0.015624579339773518,QuantileRegressor,,,,,,7,,,,,,,,False,,,,,,,,,-1.6640460410790686e-17,3.183211627455455e-18,98.0,-6.7286243916676156e-18,9.91183601912307e-18,4.9696719869518004e-17,1.9844674545084815,1.0142445249741314,1.0339929518347737,98.0,1.0241187384044526,0.009874213430321105,0.04950808486255763,1.9844674545084815,305901430884989.94,401528566240617.56,98.0,353714998562803.75,47813567677813.83,239731314588150.53,1.9844674545084815,2.951594894990265,3.0080010646056943,98.0,2.9797979797979797,0.028203084807714742,0.14140677897022577,1.9844674545084815,1.0,1.0,98.0,1.0,5.368275765320657e-17,2.691587072029329e-16,1.9844674545084815,99.0,0.9393939393939394,-0.005464225809889948,-0.0036532722000295723,98.0,-0.00455874900495976,0.0009054768049301877,0.004539948707398304,1.9844674545084815,QuantileRegressor,"{'mode': 'original', 'type': 'QuantileRegressor'}",7,"['z_l1_T2W10', 'z_l2_T2W10', 'z_l3_T2W10', 'z_lsc_T2W10', 'z_density_T2W10', 'z_diameter_T2W10', 'z_asp_T2W10']",,,,,,,,1.335779145669776,1.3645398079803412,98.0,1.3501594768250587,0.014380331155282654,0.07210120180319649,1.9844674545084815,completed,False,COMPLETE
47,1.0412818952400034,2026-06-12 16:48:13.049521,2026-06-12 16:48:18.212352,0 days 00:00:05.162831,,,,,,15.0,log2,5.0,12.0,50.0,,,,,ExtraTreesRegressor,,,,,,4,,,,,,,,True,,,,,,,,,-0.020674571281079142,-0.012936038796464116,98.0,-0.016805305038771628,0.0038692662423075127,0.01940002237461869,1.9844674545084815,1.030685499911537,1.0518782905684698,98.0,1.0412818952400034,0.01059639532846639,0.05312901557788823,1.9844674545084815,293516181875221.1,387027460109075.6,98.0,340271820992148.4,46755639116927.234,234426991632150.38,1.9844674545084815,3.106209296705953,3.187744083411207,98.0,3.14697669005858,0.04076739335262714,0.20440266801702073,1.9844674545084815,0.968575280030083,0.9824907491230631,98.0,0.975533014576573,0.006957734546490073,0.03488522045928449,1.9844674545084815,99.0,0.42424242424242425,0.00034297869479805055,0.01300926769636283,98.0,0.006676123195580441,0.00633314450078239,0.03175360322157615,1.9844674545084815,ExtraTreesRegressor,"{'mode': 'original', 'type': 'ExtraTreesRegressor'}",4,"['z_pe_T2W10', 'z_l1_T2W10', 'z_l2_T2W10', 'z_l3_T2W10']",0.06353473858318315,0.11965426230137385,98.0,0.0915945004422785,0.02805976185909536,0.14068817543252912,1.9844674545084815,1.3276812940158353,1.3570230826172076,98.0,1.3423521883165215,0.014670894300686065,0.07355804947638842,1.9844674545084815,completed,True,COMPLETE
48,1.1200531641730043,2026-06-12 16:48:18.256060,2026-06-12 16:48:20.714104,0 days 00:00:02.458044,,,,,,,,,,,minkowski,10.0,distance,,KNeighborsRegressor,,,,,,9,,,,,7.8811861011533795,0.8599008888439629,LinearSVR,,,,,,,,,,-0.10261086674164674,-0.08529431465067056,98.0,-0.09395259069615865,0.008658276045488092,0.04341152520637127,1.9844674545084815,1.1070616380537983,1.1330446902922102,98.0,1.1200531641730043,0.01299152611920599,0.06513790512454702,1.9844674545084815,286037635490190.25,377543024709108.5,98.0,331790330099649.4,45752694609459.1,229398351919371.4,1.9844674545084815,3.3175022783647807,3.436421582366495,98.0,3.376961930365638,0.05945965200085706,0.29812334095566,1.9844674545084815,0.9295272162095315,0.9648366018564064,98.0,0.947181909032969,0.01765469282343747,0.08851844622288114,1.9844674545084815,99.0,0.9090909090909091,-0.10715448001223103,-0.07599785223747495,98.0,-0.09157616612485299,0.015578313887378042,0.07810773905125033,1.9844674545084815,KNeighborsRegressor,"{'mode': 'proxy', 'type': 'LinearSVR'}",9,"['z_re_T2W10', 'z_pe_T2W10', 'z_l1_T2W10', 'z_l2_T2W10', 'z_l3_T2W10', 'z_lsc_T2W10', 'z_density_T2W10', 'z_diameter_T2W10', 'z_asp_T2W10']",-0.03537861335317152,0.01996913853961437,98.0,-0.007704737406778577,0.027673875946392947,0.13875339119395153,1.9844674545084815,1.3897447341463376,1.4223350117710483,98.0,1.406039872958693,0.016295138812355354,0.08170181056568579,1.9844674545084815,completed,True,COMPLETE
49,1.0932699689819256,2026-06-12 16:48:20.726764,2026-06-12 16:49:03.111401,0 days 00:00:42.384637,,,,,,,,,,,,,,,RandomForestRegressor,20.0,log2,5.0,12.0,489.0,5,,,,,,,,False,,,,,,,,,-0.0764184976081772,-0.059226627983969965,98.0,-0.06782256279607358,0.008595934812103618,0.04309895397276216,1.9844674545084815,1.0805578620313971,1.1059820759324541,98.0,1.0932699689819256,0.012712106950528447,0.06373693197233278,1.9844674545084815,279534275244447.75,370391498299454.75,98.0,324962886771951.25,45428611527503.49,227773439430169.1,1.9844674545084815,3.256300729303966,3.3875893786643427,98.0,3.3219450539841544,0.0656443246801884,0.329132524827992,1.9844674545084815,0.9238457684056015,0.9529581833100872,98.0,0.9384019758578444,0.014556207452242821,0.07298302380316243,1.9844674545084815,99.0,0.7777777777777778,-0.0651836502157053,-0.036761503233108284,98.0,-0.05097257672440679,0.014211073491298506,0.07125256481035676,1.9844674545084815,RandomForestRegressor,"{'mode': 'original', 'type': 'RandomForestRegressor'}",5,"['z_re_T2W10', 'z_pe_T2W10', 'z_l2_T2W10', 'z_l3_T2W10', 'z_lsc_T2W10']",0.016685940619566898,0.06661980532398006,98.0,0.041652872971773475,0.024966932352206577,0.12518111081690306,1.9844674545084815,1.3638211192415992,1.3958156202023233,98.0,1.3798183697219613,0.01599725048036197,0.0802082353129363,1.9844674545084815,completed,False,COMPLETE
50,1.0241187384044528,2026-06-12 16:49:03.126934,2026-06-12 16:49:05.646085,0 days 00:00:02.519151,,,,,,,,,,,,,,0.00592882818124859,QuantileRegressor,,,,,,6,,,,,,,,True,,,,,,,,,-2.894780517956942e-16,-7.386766535435702e-17,98.0,-1.8167285857502563e-16,1.0780519322066861e-16,5.405219050870485e-16,1.9844674545084815,1.0142445249741316,1.033992951834774,98.0,1.0241187384044528,0.009874213430321094,0.049508084862557575,1.9844674545084815,305901430884990.0,401528566240617.6,98.0,353714998562803.8,47813567677813.83,239731314588150.53,1.9844674545084815,2.951594894990265,3.0080010646056943,98.0,2.9797979797979797,0.028203084807714742,0.14140677897022577,1.9844674545084815,1.0,1.0000000000000004,98.0,1.0000000000000002,1.6660644655506832e-16,8.353441165621291e-16,1.9844674545084815,99.0,0.9393939393939394,-0.005464225809889996,-0.003653272200029635,98.0,-0.0045587490049598155,0.0009054768049301803,0.004539948707398267,1.9844674545084815,QuantileRegressor,"{'mode': 'original', 'type': 'QuantileRegressor'}",6,"['z_l2_T2W10', 'z_l3_T2W10', 'z_lsc_T2W10', 'z_density_T2W10', 'z_diameter_T2W10', 'z_asp_T2W10']",-0.40348738680153756,0.2862825978484124,2.0,-0.058602394476562576,0.344884992324975,0.1388348925639747,4.302652729749462,1.335779145669776,1.3645398079803412,98.0,1.3501594768250587,0.014380331155282654,0.07210120180319649,1.9844674545084815,completed,True,COMPLETE
51,1.0241187384044526,2026-06-12 16:49:05.660492,2026-06-12 16:49:07.833018,0 days 00:00:02.172526,,,,,,,,,,,,,,0.0762372093257068,QuantileRegressor,,,,,,2,,,,,,,,False,,,,,,,,,0.0,0.0,98.0,0.0,0.0,0.0,1.9844674545084815,1.0142445249741314,1.0339929518347737,98.0,1.0241187384044526,0.009874213430321107,0.04950808486255764,1.9844674545084815,305901430884989.94,401528566240617.56,98.0,353714998562803.75,47813567677813.83,239731314588150.53,1.9844674545084815,2.951594894990265,3.0080010646056943,98.0,2.9797979797979797,0.028203084807714735,0.14140677897022574,1.9844674545084815,1.0,1.0,98.0,1.0,0.0,0.0,1.9844674545084815,99.0,0.9393939393939394,-0.005464225809889945,-0.0036532722000295697,98.0,-0.004558749004959757,0.0009054768049301876,0.004539948707398303,1.9844674545084815,QuantileRegressor,"{'mode': 'original', 'type': 'QuantileRegressor'}",2,"['z_diameter_T2W10', 'z_asp_T2W10']",,,,,,,,1.335779145669776,1.3645398079803412,98.0,1.3501594768250587,0.014380331155282654,0.07210120180319649,1.9844674545084815,completed,False,COMPLETE
52,1.0241187384044526,2026-06-12 16:49:07.845317,2026-06-12 16:49:09.851409,0 days 00:00:02.006092,,,,,,,,,,,,,,0.05565192240395603,QuantileRegressor,,,,,,3,,,,,,,,False,,,,,,,,,0.0,0.0,98.0,0.0,0.0,0.0,1.9844674545084815,1.0142445249741314,1.0339929518347737,98.0,1.0241187384044526,0.009874213430321107,0.04950808486255764,1.9844674545084815,305901430884989.94,401528566240617.56,98.0,353714998562803.75,47813567677813.83,239731314588150.53,1.9844674545084815,2.951594894990265,3.0080010646056943,98.0,2.9797979797979797,0.028203084807714735,0.14140677897022574,1.9844674545084815,1.0,1.0,98.0,1.0,0.0,0.0,1.9844674545084815,99.0,0.9393939393939394,-0.005464225809889945,-0.0036532722000295697,98.0,-0.004558749004959757,0.0009054768049301876,0.004539948707398303,1.9844674545084815,QuantileRegressor,"{'mode': 'original', 'type': 'QuantileRegressor'}",3,"['z_density_T2W10', 'z_diameter_T2W10', 'z_asp_T2W10']",,,,,,,,1.335779145669776,1.3645398079803412,98.0,1.3501594768250587,0.014380331155282654,0.07210120180319649,1.9844674545084815,completed,False,COMPLETE
53,1.0241187384044526,2026-06-12 16:49:09.864070,2026-06-12 16:49:11.978579,0 days 00:00:02.114509,,,,,,,,,,,,,,0.030986550438388955,QuantileRegressor,,,,,,2,,,,,,,,False,,,,,,,,,0.0,0.0,98.0,0.0,0.0,0.0,1.9844674545084815,1.0142445249741314,1.0339929518347737,98.0,1.0241187384044526,0.009874213430321107,0.04950808486255764,1.9844674545084815,305901430884989.94,401528566240617.56,98.0,353714998562803.75,47813567677813.83,239731314588150.53,1.9844674545084815,2.951594894990265,3.0080010646056943,98.0,2.9797979797979797,0.028203084807714735,0.14140677897022574,1.9844674545084815,1.0,1.0,98.0,1.0,0.0,0.0,1.9844674545084815,99.0,0.9393939393939394,-0.005464225809889945,-0.0036532722000295697,98.0,-0.004558749004959757,0.0009054768049301876,0.004539948707398303,1.9844674545084815,QuantileRegressor,"{'mode': 'original', 'type': 'QuantileRegressor'}",2,"['z_diameter_T2W10', 'z_asp_T2W10']",,,,,,,,1.335779145669776,1.3645398079803412,98.0,1.3501594768250587,0.014380331155282654,0.07210120180319649,1.9844674545084815,completed,False,COMPLETE
54,1.0566352011918114,2026-06-12 16:49:11.992273,2026-06-12 16:49:13.716106,0 days 00:00:01.723833,,,,,,,,,,,,,,,LinearRegression,,,,,,3,,,,,,,,False,,,,,,,,,-0.03798787535892419,-0.02582244670855504,98.0,-0.03190516103373962,0.006082714325184578,0.030497977295204162,1.9844674545084815,1.0452835808153342,1.0679868215682886,98.0,1.0566352011918114,0.0113516203764772,0.05691562055975285,1.9844674545084815,306619953000464.56,403091344569276.8,98.0,354855648784870.7,48235695784406.12,241847812704331.3,1.9844674545084815,3.1348621545793334,3.2132923714128614,98.0,3.1740772629960974,0.039215108416764025,0.19661970334060477,1.9844674545084815,0.9498574261743359,0.9663771378015752,98.0,0.9581172819879555,0.008259855813619618,0.04141389544178324,1.9844674545084815,99.0,0.5757575757575758,-0.023641460919884706,-0.00553693572699236,98.0,-0.014589198323438534,0.009052262596446174,0.04538692504324767,1.9844674545084815,LinearRegression,"{'mode': 'original', 'type': 'LinearRegression'}",3,"['z_l2_T2W10', 'z_diameter_T2W10', 'z_asp_T2W10']",0.060975144422199555,0.10968036920374594,98.0,0.08532775681297275,0.024352612390773194,0.12210098651150632,1.9844674545084815,1.3413572157423364,1.371432702782112,98.0,1.3563949592622242,0.015037743519887889,0.07539738608827855,1.9844674545084815,completed,False,COMPLETE
55,1.0241187384044526,2026-06-12 16:49:13.729330,2026-06-12 16:49:15.902754,0 days 00:00:02.173424,,,,,,,,,,,,,,0.11349970772849556,QuantileRegressor,,,,,,2,,,,,,,,False,,,,,,,,,0.0,0.0,98.0,0.0,0.0,0.0,1.9844674545084815,1.0142445249741314,1.0339929518347737,98.0,1.0241187384044526,0.009874213430321107,0.04950808486255764,1.9844674545084815,305901430884989.94,401528566240617.56,98.0,353714998562803.75,47813567677813.83,239731314588150.53,1.9844674545084815,2.951594894990265,3.0080010646056943,98.0,2.9797979797979797,0.028203084807714735,0.14140677897022574,1.9844674545084815,1.0,1.0,98.0,1.0,0.0,0.0,1.9844674545084815,99.0,0.9393939393939394,-0.005464225809889945,-0.0036532722000295697,98.0,-0.004558749004959757,0.0009054768049301876,0.004539948707398303,1.9844674545084815,QuantileRegressor,"{'mode': 'original', 'type': 'QuantileRegressor'}",2,"['z_diameter_T2W10', 'z_asp_T2W10']",,,,,,,,1.335779145669776,1.3645398079803412,98.0,1.3501594768250587,0.014380331155282654,0.07210120180319649,1.9844674545084815,completed,False,COMPLETE
56,1.0241187384044526,2026-06-12 16:49:15.915634,2026-06-12 16:49:18.380363,0 days 00:00:02.464729,,,,,,,,,,,,,,0.01785111161938943,QuantileRegressor,,,,,,2,,,,,,,,True,,,,,,,,,-2.581948026914985e-17,-1.09501729752061e-18,98.0,-1.3457248783335231e-17,1.2362231485814621e-17,6.198269966607246e-17,1.9844674545084815,1.0142445249741314,1.0339929518347737,98.0,1.0241187384044526,0.009874213430321108,0.049508084862557644,1.9844674545084815,305901430884989.94,401528566240617.56,98.0,353714998562803.75,47813567677813.83,239731314588150.53,1.9844674545084815,2.951594894990265,3.0080010646056943,98.0,2.9797979797979797,0.028203084807714735,0.14140677897022574,1.9844674545084815,1.0,1.0,98.0,1.0,5.2931912875528586e-17,2.6539406435475e-16,1.9844674545084815,99.0,0.9393939393939394,-0.005464225809889945,-0.00365327220002957,98.0,-0.004558749004959757,0.0009054768049301873,0.004539948707398302,1.9844674545084815,QuantileRegressor,"{'mode': 'original', 'type': 'QuantileRegressor'}",2,"['z_diameter_T2W10', 'z_asp_T2W10']",,,,,,,,1.335779145669776,1.3645398079803412,98.0,1.3501594768250587,0.014380331155282654,0.07210120180319649,1.9844674545084815,completed,True,COMPLETE
57,1.279802397149336,2026-06-12 16:49:18.393908,2026-06-12 16:49:18.566741,0 days 00:00:00.172833,15.0,5.0,6.0,,,,,,,,,,,,DecisionTreeRegressor,,,,,,3,,,,,,,,False,,,,,,,,,,,,,,,,,,,,,,,,,,,,,,,,,,,,,,,,,,,,,,,,,,,,,DecisionTreeRegressor,"{'mode': 'original', 'type': 'DecisionTreeRegressor'}",3,"['z_l1_T2W10', 'z_l3_T2W10', 'z_diameter_T2W10']",,,,,,,,,,,,,,,pruned,False,PRUNED
