number,value,datetime_start,datetime_complete,duration,params_dt_max_depth,params_dt_min_samples_leaf,params_dt_min_samples_split,params_elastic_alpha,params_elastic_l1_ratio,params_et_max_depth,params_et_max_features,params_et_min_samples_leaf,params_et_min_samples_split,params_et_n_estimators,params_knn_metric,params_knn_n_neighbors,params_knn_weights,params_quantile_alpha,params_regressor,params_rf_max_depth,params_rf_max_features,params_rf_min_samples_leaf,params_rf_min_samples_split,params_rf_n_estimators,params_rfe_n_features,params_rfe_proxy_et_max_depth,params_rfe_proxy_et_min_samples_leaf,params_rfe_proxy_et_min_samples_split,params_rfe_proxy_et_n_estimators,params_rfe_proxy_lsvr_C,params_rfe_proxy_lsvr_epsilon,params_rfe_proxy_type,params_use_scaler,params_xgb_booster,params_xgb_colsample_bytree,params_xgb_learning_rate,params_xgb_max_depth,params_xgb_n_estimators,params_xgb_reg_alpha,params_xgb_reg_lambda,params_xgb_subsample,user_attrs_d2mae_ci_lower_val,user_attrs_d2mae_ci_upper_val,user_attrs_d2mae_df_val,user_attrs_d2mae_mean_val,user_attrs_d2mae_samperror_val,user_attrs_d2mae_std_val,user_attrs_d2mae_t_critical_val,user_attrs_mae_ci_lower_val,user_attrs_mae_ci_upper_val,user_attrs_mae_df_val,user_attrs_mae_mean_val,user_attrs_mae_samperror_val,user_attrs_mae_std_val,user_attrs_mae_t_critical_val,user_attrs_mape_ci_lower_val,user_attrs_mape_ci_upper_val,user_attrs_mape_df_val,user_attrs_mape_mean_val,user_attrs_mape_samperror_val,user_attrs_mape_std_val,user_attrs_mape_t_critical_val,user_attrs_max_error_ci_lower_val,user_attrs_max_error_ci_upper_val,user_attrs_max_error_df_val,user_attrs_max_error_mean_val,user_attrs_max_error_samperror_val,user_attrs_max_error_std_val,user_attrs_max_error_t_critical_val,user_attrs_median_ae_ci_lower_val,user_attrs_median_ae_ci_upper_val,user_attrs_median_ae_df_val,user_attrs_median_ae_mean_val,user_attrs_median_ae_samperror_val,user_attrs_median_ae_std_val,user_attrs_median_ae_t_critical_val,user_attrs_n_splits_val,user_attrs_r2_below_zero_val,user_attrs_r2_ci_lower_val,user_attrs_r2_ci_upper_val,user_attrs_r2_df_val,user_attrs_r2_mean_val,user_attrs_r2_samperror_val,user_attrs_r2_std_val,user_attrs_r2_t_critical_val,user_attrs_regressor_final,user_attrs_rfe_estimator,user_attrs_rfe_n_features,user_attrs_rfe_selected_features,user_attrs_rho_ci_lower_val,user_attrs_rho_ci_upper_val,user_attrs_rho_df_val,user_attrs_rho_mean_val,user_attrs_rho_samperror_val,user_attrs_rho_std_val,user_attrs_rho_t_critical_val,user_attrs_rmse_ci_lower_val,user_attrs_rmse_ci_upper_val,user_attrs_rmse_df_val,user_attrs_rmse_mean_val,user_attrs_rmse_samperror_val,user_attrs_rmse_std_val,user_attrs_rmse_t_critical_val,user_attrs_termination_reason,user_attrs_use_scaler_final,state
58,1.0241187384044526,2026-06-12 16:49:18.577384,2026-06-12 16:49:20.955179,0 days 00:00:02.377795,,,,,,,,,,,,,,1.6679850580016258,QuantileRegressor,,,,,,2,,,,,,,,True,,,,,,,,,0.0,0.0,98.0,0.0,0.0,0.0,1.9844674545084815,1.0142445249741314,1.0339929518347737,98.0,1.0241187384044526,0.009874213430321107,0.04950808486255764,1.9844674545084815,305901430884989.94,401528566240617.56,98.0,353714998562803.75,47813567677813.83,239731314588150.53,1.9844674545084815,2.951594894990265,3.0080010646056943,98.0,2.9797979797979797,0.028203084807714735,0.14140677897022574,1.9844674545084815,1.0,1.0,98.0,1.0,0.0,0.0,1.9844674545084815,99.0,0.9393939393939394,-0.005464225809889945,-0.0036532722000295697,98.0,-0.004558749004959757,0.0009054768049301876,0.004539948707398303,1.9844674545084815,QuantileRegressor,"{'mode': 'original', 'type': 'QuantileRegressor'}",2,"['z_diameter_T2W10', 'z_asp_T2W10']",,,,,,,,1.335779145669776,1.3645398079803412,98.0,1.3501594768250587,0.014380331155282654,0.07210120180319649,1.9844674545084815,completed,True,COMPLETE
59,1.0450812122249904,2026-06-12 16:49:20.967843,2026-06-12 16:49:21.258686,0 days 00:00:00.290843,,,,0.04275928362931945,0.9847996627180227,,,,,,,,,,ElasticNet,,,,,,3,,,,,,,,True,,,,,,,,,,,,,,,,,,,,,,,,,,,,,,,,,,,,,,,,,,,,,,,,,,,,,ElasticNet,"{'mode': 'original', 'type': 'ElasticNet'}",3,"['z_l2_T2W10', 'z_l3_T2W10', 'z_lsc_T2W10']",,,,,,,,,,,,,,,pruned,True,PRUNED
60,1.0322079053000799,2026-06-12 16:49:21.268219,2026-06-12 16:49:24.153435,0 days 00:00:02.885216,,,,,,,,,,,,,,,XGBRegressor,,,,,,2,,,,,,,,False,gblinear,0.9760332110147752,0.016240573745923647,10.0,320.0,0.00016752720761134028,6.170521598575843,0.7115054012333606,-0.008727556613596846,-0.00726056129897606,98.0,-0.007994058956286453,0.0007334976573103928,0.0036776665322119967,1.9844674545084815,1.022644589793563,1.0417712208065968,98.0,1.0322079053000799,0.009563315506516993,0.047949281125540734,1.9844674545084815,302765793493257.1,397646499767022.5,98.0,350206146630139.8,47440353136882.72,237860063040394.88,1.9844674545084815,2.9856220008442587,3.0428514534481157,98.0,3.014236727146187,0.028614726301928628,0.14347069850896196,1.9844674545084815,0.9630363279708288,0.9710219240362413,98.0,0.9670291260035351,0.003992798032706238,0.02001939549283626,1.9844674545084815,99.0,0.9090909090909091,-0.004112271227494444,-0.0024360377829221068,98.0,-0.0032741545052082754,0.0008381167222861685,0.004202213584350579,1.9844674545084815,XGBRegressor,"{'mode': 'original', 'type': 'XGBRegressor'}",2,"['z_pe_T2W10', 'z_l2_T2W10']",-0.03295559321681309,0.021090884170240843,98.0,-0.0059323545232861236,0.027023238693526967,0.1354911764811607,1.9844674545084815,1.3349626251127609,1.3636039251833616,98.0,1.3492832751480612,0.01432065003530034,0.07180196804917373,1.9844674545084815,completed,False,COMPLETE
61,1.0241187384044526,2026-06-12 16:49:24.166226,2026-06-12 16:49:26.705040,0 days 00:00:02.538814,,,,,,,,,,,,,,0.043311389138773006,QuantileRegressor,,,,,,2,,,,,,,,True,,,,,,,,,-1.4358759316739795e-17,9.015105334045643e-19,98.0,-6.7286243916676156e-18,7.63013492507218e-18,3.8256552792676865e-17,1.9844674545084815,1.0142445249741314,1.0339929518347737,98.0,1.0241187384044526,0.009874213430321105,0.04950808486255763,1.9844674545084815,305901430884989.94,401528566240617.56,98.0,353714998562803.75,47813567677813.83,239731314588150.53,1.9844674545084815,2.951594894990265,3.0080010646056943,98.0,2.9797979797979797,0.028203084807714735,0.14140677897022574,1.9844674545084815,1.0,1.0,98.0,1.0,2.367187107375566e-17,1.18687833744435e-16,1.9844674545084815,99.0,0.9393939393939394,-0.005464225809889945,-0.0036532722000295697,98.0,-0.004558749004959757,0.0009054768049301876,0.004539948707398303,1.9844674545084815,QuantileRegressor,"{'mode': 'original', 'type': 'QuantileRegressor'}",2,"['z_diameter_T2W10', 'z_asp_T2W10']",,,,,,,,1.335779145669776,1.3645398079803412,98.0,1.3501594768250587,0.014380331155282654,0.07210120180319649,1.9844674545084815,completed,True,COMPLETE
62,1.0241187384044526,2026-06-12 16:49:26.719219,2026-06-12 16:49:29.412814,0 days 00:00:02.693595,,,,,,,,,,,,,,0.03527586559308121,QuantileRegressor,,,,,,2,,,,,,,,True,,,,,,,,,0.0,0.0,98.0,0.0,0.0,0.0,1.9844674545084815,1.0142445249741314,1.0339929518347737,98.0,1.0241187384044526,0.009874213430321107,0.04950808486255764,1.9844674545084815,305901430884989.94,401528566240617.56,98.0,353714998562803.75,47813567677813.83,239731314588150.53,1.9844674545084815,2.951594894990265,3.0080010646056943,98.0,2.9797979797979797,0.028203084807714735,0.14140677897022574,1.9844674545084815,1.0,1.0,98.0,1.0,2.530629464625093e-17,1.2688263138573217e-16,1.9844674545084815,99.0,0.9393939393939394,-0.0054642258098899395,-0.0036532722000295666,98.0,-0.004558749004959753,0.0009054768049301865,0.004539948707398298,1.9844674545084815,QuantileRegressor,"{'mode': 'original', 'type': 'QuantileRegressor'}",2,"['z_diameter_T2W10', 'z_asp_T2W10']",,,,,,,,1.335779145669776,1.3645398079803412,98.0,1.3501594768250587,0.014380331155282654,0.07210120180319649,1.9844674545084815,completed,True,COMPLETE
63,1.0241187384044526,2026-06-12 16:49:29.425533,2026-06-12 16:49:31.813928,0 days 00:00:02.388395,,,,,,,,,,,,,,0.10456326882546814,QuantileRegressor,,,,,,3,,,,,,,,True,,,,,,,,,0.0,0.0,98.0,0.0,0.0,0.0,1.9844674545084815,1.0142445249741314,1.0339929518347737,98.0,1.0241187384044526,0.009874213430321107,0.04950808486255764,1.9844674545084815,305901430884989.94,401528566240617.56,98.0,353714998562803.75,47813567677813.83,239731314588150.53,1.9844674545084815,2.951594894990265,3.0080010646056943,98.0,2.9797979797979797,0.028203084807714735,0.14140677897022574,1.9844674545084815,1.0,1.0,98.0,1.0,0.0,0.0,1.9844674545084815,99.0,0.9393939393939394,-0.005464225809889945,-0.0036532722000295697,98.0,-0.004558749004959757,0.0009054768049301876,0.004539948707398303,1.9844674545084815,QuantileRegressor,"{'mode': 'original', 'type': 'QuantileRegressor'}",3,"['z_density_T2W10', 'z_diameter_T2W10', 'z_asp_T2W10']",,,,,,,,1.335779145669776,1.3645398079803412,98.0,1.3501594768250587,0.014380331155282654,0.07210120180319649,1.9844674545084815,completed,True,COMPLETE
64,1.0241187384044526,2026-06-12 16:49:31.826262,2026-06-12 16:49:34.362754,0 days 00:00:02.536492,,,,,,,,,,,,,,8.644495752683582,QuantileRegressor,,,,,,2,,,,,,,,True,,,,,,,,,0.0,0.0,98.0,0.0,0.0,0.0,1.9844674545084815,1.0142445249741314,1.0339929518347737,98.0,1.0241187384044526,0.009874213430321107,0.04950808486255764,1.9844674545084815,305901430884989.94,401528566240617.56,98.0,353714998562803.75,47813567677813.83,239731314588150.53,1.9844674545084815,2.951594894990265,3.0080010646056943,98.0,2.9797979797979797,0.028203084807714735,0.14140677897022574,1.9844674545084815,1.0,1.0,98.0,1.0,0.0,0.0,1.9844674545084815,99.0,0.9393939393939394,-0.005464225809889945,-0.0036532722000295697,98.0,-0.004558749004959757,0.0009054768049301876,0.004539948707398303,1.9844674545084815,QuantileRegressor,"{'mode': 'original', 'type': 'QuantileRegressor'}",2,"['z_diameter_T2W10', 'z_asp_T2W10']",,,,,,,,1.335779145669776,1.3645398079803412,98.0,1.3501594768250587,0.014380331155282654,0.07210120180319649,1.9844674545084815,completed,True,COMPLETE
65,1.0241187384044528,2026-06-12 16:49:34.378700,2026-06-12 16:49:37.313853,0 days 00:00:02.935153,,,,,,,,,,,,,,0.00044456981149540594,QuantileRegressor,,,,,,2,,,,,,,,True,,,,,,,,,-2.9737843899745344e-16,4.169071211408401e-17,98.0,-1.278438634416847e-16,1.695345755557687e-16,8.500253932104583e-16,1.9844674545084815,1.0142445249741316,1.033992951834774,98.0,1.0241187384044528,0.009874213430321098,0.049508084862557596,1.9844674545084815,305901430884989.9,401528566240617.5,98.0,353714998562803.7,47813567677813.83,239731314588150.53,1.9844674545084815,2.951594894990266,3.008001064605695,98.0,2.9797979797979806,0.028203084807714746,0.1414067789702258,1.9844674545084815,0.9999999999999996,1.0000000000000002,98.0,0.9999999999999999,3.2305042560394976e-16,1.6197348779775767e-15,1.9844674545084815,99.0,0.9393939393939394,-0.0054642258098898085,-0.0036532722000293355,98.0,-0.004558749004959572,0.0009054768049302364,0.004539948707398548,1.9844674545084815,QuantileRegressor,"{'mode': 'original', 'type': 'QuantileRegressor'}",2,"['z_diameter_T2W10', 'z_asp_T2W10']",-2.4037237638322884,2.5535532515076387,1.0,0.07491474383767513,2.4786385076699635,0.2758749970230983,12.706204736174694,1.335779145669776,1.3645398079803412,98.0,1.3501594768250587,0.014380331155282628,0.07210120180319636,1.9844674545084815,completed,True,COMPLETE
66,1.0764445364782387,2026-06-12 16:49:37.390448,2026-06-12 16:49:39.357301,0 days 00:00:01.966853,,,,,,10.0,,3.0,2.0,293.0,,,,,ExtraTreesRegressor,,,,,,3,,,,,,,,True,,,,,,,,,,,,,,,,,,,,,,,,,,,,,,,,,,,,,,,,,,,,,,,,,,,,,ExtraTreesRegressor,"{'mode': 'original', 'type': 'ExtraTreesRegressor'}",3,"['z_pe_T2W10', 'z_l2_T2W10', 'z_l3_T2W10']",,,,,,,,,,,,,,,pruned,True,PRUNED
67,1.0241187384044526,2026-06-12 16:49:39.367869,2026-06-12 16:49:41.477224,0 days 00:00:02.109355,,,,,,,,,,,,,,0.009409928767796045,QuantileRegressor,,,,,,2,,,,,,,,True,,,,,,,,,-3.007413973965848e-17,-5.81185701590214e-18,98.0,-1.794299837778031e-17,1.2131141361878169e-17,6.082404236668564e-17,1.9844674545084815,1.0142445249741314,1.0339929518347737,98.0,1.0241187384044526,0.009874213430321101,0.049508084862557616,1.9844674545084815,305901430884989.94,401528566240617.56,98.0,353714998562803.75,47813567677813.83,239731314588150.53,1.9844674545084815,2.951594894990265,3.0080010646056943,98.0,2.9797979797979797,0.028203084807714735,0.14140677897022574,1.9844674545084815,0.9999999999999999,1.0,98.0,1.0,5.867023052098414e-17,2.941652792939724e-16,1.9844674545084815,99.0,0.9393939393939394,-0.005464225809889948,-0.0036532722000295723,98.0,-0.00455874900495976,0.0009054768049301877,0.004539948707398304,1.9844674545084815,QuantileRegressor,"{'mode': 'original', 'type': 'QuantileRegressor'}",2,"['z_diameter_T2W10', 'z_asp_T2W10']",,,,,,,,1.335779145669776,1.3645398079803412,98.0,1.3501594768250587,0.014380331155282654,0.07210120180319649,1.9844674545084815,completed,True,COMPLETE
68,1.0602223573966312,2026-06-12 16:49:41.489805,2026-06-12 16:49:41.595581,0 days 00:00:00.105776,,,,,,,,,,,,,,,LinearRegression,,,,,,8,,,,,,,,True,,,,,,,,,,,,,,,,,,,,,,,,,,,,,,,,,,,,,,,,,,,,,,,,,,,,,LinearRegression,"{'mode': 'original', 'type': 'LinearRegression'}",8,"['z_pe_T2W10', 'z_l1_T2W10', 'z_l2_T2W10', 'z_l3_T2W10', 'z_lsc_T2W10', 'z_density_T2W10', 'z_diameter_T2W10', 'z_asp_T2W10']",,,,,,,,,,,,,,,pruned,True,PRUNED
69,1.056734693877551,2026-06-12 16:49:41.604887,2026-06-12 16:49:41.790223,0 days 00:00:00.185336,,,,,,,,,,,euclidean,20.0,uniform,,KNeighborsRegressor,,,,,,3,,,,,0.036058949372141894,0.00019448384900795068,LinearSVR,,,,,,,,,,,,,,,,,,,,,,,,,,,,,,,,,,,,,,,,,,,,,,,,,,,,,,KNeighborsRegressor,"{'mode': 'proxy', 'type': 'LinearSVR'}",3,"['z_lsc_T2W10', 'z_diameter_T2W10', 'z_asp_T2W10']",,,,,,,,,,,,,,,pruned,True,PRUNED
70,1.066764409598415,2026-06-12 16:49:41.799828,2026-06-12 16:49:42.700074,0 days 00:00:00.900246,,,,,,,,,,,,,,,RandomForestRegressor,2.0,,3.0,7.0,78.0,4,,,,,,,,False,,,,,,,,,,,,,,,,,,,,,,,,,,,,,,,,,,,,,,,,,,,,,,,,,,,,,RandomForestRegressor,"{'mode': 'original', 'type': 'RandomForestRegressor'}",4,"['z_pe_T2W10', 'z_l1_T2W10', 'z_l2_T2W10', 'z_l3_T2W10']",,,,,,,,,,,,,,,pruned,False,PRUNED
71,1.0241187384044526,2026-06-12 16:49:42.709939,2026-06-12 16:49:45.508071,0 days 00:00:02.798132,,,,,,,,,,,,,,0.029333897566239105,QuantileRegressor,,,,,,2,,,,,,,,True,,,,,,,,,-1.0748092418241248e-17,1.7765932293510936e-18,98.0,-4.485749594445077e-18,6.262342823796171e-18,3.1398612370165e-17,1.9844674545084815,1.0142445249741314,1.0339929518347737,98.0,1.0241187384044526,0.009874213430321105,0.04950808486255763,1.9844674545084815,305901430884989.94,401528566240617.56,98.0,353714998562803.75,47813567677813.83,239731314588150.53,1.9844674545084815,2.951594894990265,3.0080010646056943,98.0,2.9797979797979797,0.028203084807714735,0.14140677897022574,1.9844674545084815,1.0,1.0,98.0,1.0,3.8999619270152016e-17,1.9553926741193958e-16,1.9844674545084815,99.0,0.9393939393939394,-0.005464225809889952,-0.0036532722000295766,98.0,-0.004558749004959764,0.0009054768049301876,0.004539948707398303,1.9844674545084815,QuantileRegressor,"{'mode': 'original', 'type': 'QuantileRegressor'}",2,"['z_diameter_T2W10', 'z_asp_T2W10']",,,,,,,,1.335779145669776,1.3645398079803412,98.0,1.3501594768250587,0.014380331155282654,0.07210120180319649,1.9844674545084815,completed,True,COMPLETE
72,1.0241187384044526,2026-06-12 16:49:45.520784,2026-06-12 16:49:48.611200,0 days 00:00:03.090416,,,,,,,,,,,,,,0.03079345829377258,QuantileRegressor,,,,,,2,,,,,,,,True,,,,,,,,,-2.407794711318563e-17,-2.8365504534848316e-18,98.0,-1.3457248783335231e-17,1.06206983298504e-17,5.3250867820947893e-17,1.9844674545084815,1.0142445249741314,1.0339929518347737,98.0,1.0241187384044526,0.009874213430321105,0.04950808486255763,1.9844674545084815,305901430884990.0,401528566240617.6,98.0,353714998562803.8,47813567677813.83,239731314588150.53,1.9844674545084815,2.951594894990265,3.0080010646056943,98.0,2.9797979797979797,0.028203084807714735,0.14140677897022574,1.9844674545084815,1.0,1.0,98.0,1.0,3.688994667976758e-17,1.849616299753982e-16,1.9844674545084815,99.0,0.9393939393939394,-0.0054642258098899455,-0.0036532722000295692,98.0,-0.004558749004959757,0.0009054768049301879,0.004539948707398305,1.9844674545084815,QuantileRegressor,"{'mode': 'original', 'type': 'QuantileRegressor'}",2,"['z_diameter_T2W10', 'z_asp_T2W10']",,,,,,,,1.335779145669776,1.3645398079803412,98.0,1.3501594768250587,0.014380331155282654,0.07210120180319649,1.9844674545084815,completed,True,COMPLETE
73,1.0241187384044526,2026-06-12 16:49:48.624055,2026-06-12 16:49:50.731694,0 days 00:00:02.107639,,,,,,,,,,,,,,0.05554908392179419,QuantileRegressor,,,,,,3,,,,,,,,True,,,,,,,,,0.0,0.0,98.0,0.0,0.0,0.0,1.9844674545084815,1.0142445249741314,1.0339929518347737,98.0,1.0241187384044526,0.009874213430321107,0.04950808486255764,1.9844674545084815,305901430884989.94,401528566240617.56,98.0,353714998562803.75,47813567677813.83,239731314588150.53,1.9844674545084815,2.951594894990265,3.0080010646056943,98.0,2.9797979797979797,0.028203084807714735,0.14140677897022574,1.9844674545084815,1.0,1.0,98.0,1.0,1.7894252551068853e-17,8.971956906764428e-17,1.9844674545084815,99.0,0.9393939393939394,-0.005464225809889945,-0.0036532722000295697,98.0,-0.004558749004959757,0.0009054768049301876,0.004539948707398303,1.9844674545084815,QuantileRegressor,"{'mode': 'original', 'type': 'QuantileRegressor'}",3,"['z_density_T2W10', 'z_diameter_T2W10', 'z_asp_T2W10']",,,,,,,,1.335779145669776,1.3645398079803412,98.0,1.3501594768250587,0.014380331155282654,0.07210120180319649,1.9844674545084815,completed,True,COMPLETE
74,1.0241187384044526,2026-06-12 16:49:50.745186,2026-06-12 16:49:52.867531,0 days 00:00:02.122345,,,,,,,,,,,,,,0.20007413063474022,QuantileRegressor,,,,,,2,,,,,,,,True,,,,,,,,,0.0,0.0,98.0,0.0,0.0,0.0,1.9844674545084815,1.0142445249741314,1.0339929518347737,98.0,1.0241187384044526,0.009874213430321107,0.04950808486255764,1.9844674545084815,305901430884989.94,401528566240617.56,98.0,353714998562803.75,47813567677813.83,239731314588150.53,1.9844674545084815,2.951594894990265,3.0080010646056943,98.0,2.9797979797979797,0.028203084807714735,0.14140677897022574,1.9844674545084815,1.0,1.0,98.0,1.0,0.0,0.0,1.9844674545084815,99.0,0.9393939393939394,-0.005464225809889945,-0.0036532722000295697,98.0,-0.004558749004959757,0.0009054768049301876,0.004539948707398303,1.9844674545084815,QuantileRegressor,"{'mode': 'original', 'type': 'QuantileRegressor'}",2,"['z_diameter_T2W10', 'z_asp_T2W10']",,,,,,,,1.335779145669776,1.3645398079803412,98.0,1.3501594768250587,0.014380331155282654,0.07210120180319649,1.9844674545084815,completed,True,COMPLETE
75,1.3272318158032441,2026-06-12 16:49:52.880033,2026-06-12 16:49:53.058622,0 days 00:00:00.178589,11.0,3.0,11.0,,,,,,,,,,,,DecisionTreeRegressor,,,,,,2,,,,,,,,True,,,,,,,,,,,,,,,,,,,,,,,,,,,,,,,,,,,,,,,,,,,,,,,,,,,,,DecisionTreeRegressor,"{'mode': 'original', 'type': 'DecisionTreeRegressor'}",2,"['z_l2_T2W10', 'z_l3_T2W10']",,,,,,,,,,,,,,,pruned,True,PRUNED
76,1.0241187384044526,2026-06-12 16:49:53.068188,2026-06-12 16:49:55.071071,0 days 00:00:02.002883,,,,,,,,,,,,,,0.023706115407387332,QuantileRegressor,,,,,,2,,,,,,,,True,,,,,,,,,-2.581948026914985e-17,-1.095017297520613e-18,98.0,-1.3457248783335231e-17,1.2362231485814618e-17,6.198269966607245e-17,1.9844674545084815,1.0142445249741314,1.0339929518347737,98.0,1.0241187384044526,0.009874213430321107,0.04950808486255764,1.9844674545084815,305901430884989.9,401528566240617.5,98.0,353714998562803.7,47813567677813.836,239731314588150.56,1.9844674545084815,2.951594894990265,3.0080010646056943,98.0,2.9797979797979797,0.028203084807714742,0.14140677897022577,1.9844674545084815,1.0,1.0,98.0,1.0,4.981549082666069e-17,2.4976870965164834e-16,1.9844674545084815,99.0,0.9393939393939394,-0.0054642258098899525,-0.0036532722000295757,98.0,-0.004558749004959764,0.0009054768049301885,0.004539948707398308,1.9844674545084815,QuantileRegressor,"{'mode': 'original', 'type': 'QuantileRegressor'}",2,"['z_diameter_T2W10', 'z_asp_T2W10']",,,,,,,,1.335779145669776,1.3645398079803412,98.0,1.3501594768250587,0.014380331155282656,0.0721012018031965,1.9844674545084815,completed,True,COMPLETE
77,1.0241187384044528,2026-06-12 16:49:55.083684,2026-06-12 16:49:57.186471,0 days 00:00:02.102787,,,,,,,,,,,,,,0.007611161587871591,QuantileRegressor,,,,,,3,,,,,,,,True,,,,,,,,,-1.7916598451015622e-16,-4.7497488620919446e-18,98.0,-9.195786668612408e-17,8.720811782403213e-17,4.3725071656626166e-16,1.9844674545084815,1.0142445249741316,1.033992951834774,98.0,1.0241187384044528,0.009874213430321096,0.04950808486255759,1.9844674545084815,305901430884990.0,401528566240617.6,98.0,353714998562803.8,47813567677813.83,239731314588150.53,1.9844674545084815,2.951594894990265,3.0080010646056943,98.0,2.9797979797979797,0.028203084807714746,0.1414067789702258,1.9844674545084815,0.9999999999999999,1.0,98.0,1.0,7.952379781322271e-17,3.9872248645549816e-16,1.9844674545084815,99.0,0.9494949494949495,-0.005464225809890001,-0.003653272200029609,98.0,-0.004558749004959805,0.0009054768049301962,0.004539948707398347,1.9844674545084815,QuantileRegressor,"{'mode': 'original', 'type': 'QuantileRegressor'}",3,"['z_density_T2W10', 'z_diameter_T2W10', 'z_asp_T2W10']",,,0.0,-0.21670335418619757,,,,1.3357791456697763,1.3645398079803415,98.0,1.3501594768250589,0.014380331155282651,0.07210120180319647,1.9844674545084815,completed,True,COMPLETE
