number,value,datetime_start,datetime_complete,duration,params_dt_max_depth,params_dt_min_samples_leaf,params_dt_min_samples_split,params_elastic_alpha,params_elastic_l1_ratio,params_et_max_depth,params_et_max_features,params_et_min_samples_leaf,params_et_min_samples_split,params_et_n_estimators,params_knn_metric,params_knn_n_neighbors,params_knn_weights,params_quantile_alpha,params_regressor,params_rf_max_depth,params_rf_max_features,params_rf_min_samples_leaf,params_rf_min_samples_split,params_rf_n_estimators,params_rfe_n_features,params_rfe_proxy_et_max_depth,params_rfe_proxy_et_min_samples_leaf,params_rfe_proxy_et_min_samples_split,params_rfe_proxy_et_n_estimators,params_rfe_proxy_lsvr_C,params_rfe_proxy_lsvr_epsilon,params_rfe_proxy_type,params_use_scaler,params_xgb_booster,params_xgb_colsample_bytree,params_xgb_learning_rate,params_xgb_max_depth,params_xgb_n_estimators,params_xgb_reg_alpha,params_xgb_reg_lambda,params_xgb_subsample,user_attrs_d2mae_ci_lower_val,user_attrs_d2mae_ci_upper_val,user_attrs_d2mae_df_val,user_attrs_d2mae_mean_val,user_attrs_d2mae_samperror_val,user_attrs_d2mae_std_val,user_attrs_d2mae_t_critical_val,user_attrs_mae_ci_lower_val,user_attrs_mae_ci_upper_val,user_attrs_mae_df_val,user_attrs_mae_mean_val,user_attrs_mae_samperror_val,user_attrs_mae_std_val,user_attrs_mae_t_critical_val,user_attrs_mape_ci_lower_val,user_attrs_mape_ci_upper_val,user_attrs_mape_df_val,user_attrs_mape_mean_val,user_attrs_mape_samperror_val,user_attrs_mape_std_val,user_attrs_mape_t_critical_val,user_attrs_max_error_ci_lower_val,user_attrs_max_error_ci_upper_val,user_attrs_max_error_df_val,user_attrs_max_error_mean_val,user_attrs_max_error_samperror_val,user_attrs_max_error_std_val,user_attrs_max_error_t_critical_val,user_attrs_median_ae_ci_lower_val,user_attrs_median_ae_ci_upper_val,user_attrs_median_ae_df_val,user_attrs_median_ae_mean_val,user_attrs_median_ae_samperror_val,user_attrs_median_ae_std_val,user_attrs_median_ae_t_critical_val,user_attrs_n_splits_val,user_attrs_r2_below_zero_val,user_attrs_r2_ci_lower_val,user_attrs_r2_ci_upper_val,user_attrs_r2_df_val,user_attrs_r2_mean_val,user_attrs_r2_samperror_val,user_attrs_r2_std_val,user_attrs_r2_t_critical_val,user_attrs_regressor_final,user_attrs_rfe_estimator,user_attrs_rfe_n_features,user_attrs_rfe_selected_features,user_attrs_rho_ci_lower_val,user_attrs_rho_ci_upper_val,user_attrs_rho_df_val,user_attrs_rho_mean_val,user_attrs_rho_samperror_val,user_attrs_rho_std_val,user_attrs_rho_t_critical_val,user_attrs_rmse_ci_lower_val,user_attrs_rmse_ci_upper_val,user_attrs_rmse_df_val,user_attrs_rmse_mean_val,user_attrs_rmse_samperror_val,user_attrs_rmse_std_val,user_attrs_rmse_t_critical_val,user_attrs_termination_reason,user_attrs_use_scaler_final,state
78,1.0327765909473536,2026-06-12 16:49:57.200160,2026-06-12 16:49:58.882107,0 days 00:00:01.681947,,,,0.08350692177755946,0.6109997060648837,,,,,,,,,,ElasticNet,,,,,,5,,,,,,,,False,,,,,,,,,-0.009393695741769058,-0.007709571452244298,98.0,-0.008551633597006678,0.0008420621447623798,0.004221995444662723,1.9844674545084815,1.0232092400916302,1.042343941803077,98.0,1.0327765909473536,0.009567350855723522,0.047969513867356234,1.9844674545084815,302629965897690.8,397538872337395.7,98.0,350084419117543.25,47454453219852.414,237930759112457.6,1.9844674545084815,2.985526098347814,3.0428382909934606,98.0,3.0141821946706373,0.028656096322823402,0.14367812267694025,1.9844674545084815,0.9647989038460625,0.9730508759678034,98.0,0.9689248899069329,0.00412598606087049,0.020687183792893093,1.9844674545084815,99.0,0.9595959595959596,-0.004704972978769561,-0.002636547177977431,98.0,-0.003670760078373496,0.0010342129003960648,0.0051854155675360135,1.9844674545084815,ElasticNet,"{'mode': 'original', 'type': 'ElasticNet'}",5,"['z_l3_T2W10', 'z_lsc_T2W10', 'z_density_T2W10', 'z_diameter_T2W10', 'z_asp_T2W10']",-0.15543882003902687,-0.01832161912176121,19.0,-0.08688021958039403,0.06855860045863282,0.1464882266831751,2.0930240544083087,1.335234352934104,1.3638522425419994,98.0,1.3495432977380517,0.014308944803947708,0.07174327946691537,1.9844674545084815,completed,False,COMPLETE
79,1.0241187384044526,2026-06-12 16:49:58.894829,2026-06-12 16:50:01.086885,0 days 00:00:02.192056,,,,,,,,,,,,,,0.06927384640196911,QuantileRegressor,,,,,,7,,,,,,,,True,,,,,,,,,-1.3387573673695956e-17,4.4160744848058e-18,98.0,-4.485749594445077e-18,8.901824079250878e-18,4.463264492478968e-17,1.9844674545084815,1.0142445249741314,1.0339929518347737,98.0,1.0241187384044526,0.009874213430321105,0.04950808486255763,1.9844674545084815,305901430884989.94,401528566240617.56,98.0,353714998562803.75,47813567677813.83,239731314588150.53,1.9844674545084815,2.951594894990265,3.0080010646056943,98.0,2.9797979797979797,0.028203084807714735,0.14140677897022574,1.9844674545084815,1.0,1.0,98.0,1.0,2.0006382555369495e-17,1.0030952767362003e-16,1.9844674545084815,99.0,0.9393939393939394,-0.005464225809889948,-0.0036532722000295723,98.0,-0.00455874900495976,0.0009054768049301877,0.004539948707398304,1.9844674545084815,QuantileRegressor,"{'mode': 'original', 'type': 'QuantileRegressor'}",7,"['z_l1_T2W10', 'z_l2_T2W10', 'z_l3_T2W10', 'z_lsc_T2W10', 'z_density_T2W10', 'z_diameter_T2W10', 'z_asp_T2W10']",,,,,,,,1.335779145669776,1.3645398079803412,98.0,1.3501594768250587,0.014380331155282654,0.07210120180319649,1.9844674545084815,completed,True,COMPLETE
80,1.03909361119173,2026-06-12 16:50:01.113461,2026-06-12 16:50:01.671974,0 days 00:00:00.558513,,,,,,,,,,,,,,,XGBRegressor,,,,,,4,,,,,,,,True,gbtree,0.7250772994469022,0.016770009629874266,6.0,59.0,5.388426455775831,0.00011973028210851502,0.8262170652110594,,,,,,,,,,,,,,,,,,,,,,,,,,,,,,,,,,,,,,,,,,,,,XGBRegressor,"{'mode': 'original', 'type': 'XGBRegressor'}",4,"['z_l1_T2W10', 'z_l2_T2W10', 'z_l3_T2W10', 'z_density_T2W10']",,,,,,,,,,,,,,,pruned,True,PRUNED
81,1.0241187384044526,2026-06-12 16:50:01.682105,2026-06-12 16:50:03.832918,0 days 00:00:02.150813,,,,,,,,,,,,,,0.003164564164885766,QuantileRegressor,,,,,,2,,,,,,,,True,,,,,,,,,-5.817563029968906e-17,-1.8082112805877246e-17,98.0,-3.812887155278315e-17,2.0046758746905907e-17,1.0051196890411577e-16,1.9844674545084815,1.0142445249741314,1.0339929518347737,98.0,1.0241187384044526,0.009874213430321107,0.04950808486255764,1.9844674545084815,305901430884989.94,401528566240617.56,98.0,353714998562803.75,47813567677813.83,239731314588150.5,1.9844674545084815,2.951594894990265,3.0080010646056943,98.0,2.9797979797979797,0.028203084807714735,0.14140677897022574,1.9844674545084815,0.9999999999999999,1.0,98.0,1.0,8.487989263148411e-17,4.2557728341381825e-16,1.9844674545084815,99.0,0.9393939393939394,-0.0054642258098899455,-0.0036532722000295744,98.0,-0.00455874900495976,0.0009054768049301853,0.004539948707398292,1.9844674545084815,QuantileRegressor,"{'mode': 'original', 'type': 'QuantileRegressor'}",2,"['z_diameter_T2W10', 'z_asp_T2W10']",,,,,,,,1.335779145669776,1.3645398079803412,98.0,1.3501594768250587,0.014380331155282654,0.07210120180319649,1.9844674545084815,completed,True,COMPLETE
82,1.0241187384044526,2026-06-12 16:50:03.845480,2026-06-12 16:50:06.060555,0 days 00:00:02.215075,,,,,,,,,,,,,,0.23593728934321814,QuantileRegressor,,,,,,2,,,,,,,,True,,,,,,,,,0.0,0.0,98.0,0.0,0.0,0.0,1.9844674545084815,1.0142445249741314,1.0339929518347737,98.0,1.0241187384044526,0.009874213430321107,0.04950808486255764,1.9844674545084815,305901430884989.94,401528566240617.56,98.0,353714998562803.75,47813567677813.83,239731314588150.53,1.9844674545084815,2.951594894990265,3.0080010646056943,98.0,2.9797979797979797,0.028203084807714735,0.14140677897022574,1.9844674545084815,1.0,1.0,98.0,1.0,0.0,0.0,1.9844674545084815,99.0,0.9393939393939394,-0.005464225809889945,-0.0036532722000295697,98.0,-0.004558749004959757,0.0009054768049301876,0.004539948707398303,1.9844674545084815,QuantileRegressor,"{'mode': 'original', 'type': 'QuantileRegressor'}",2,"['z_diameter_T2W10', 'z_asp_T2W10']",,,,,,,,1.335779145669776,1.3645398079803412,98.0,1.3501594768250587,0.014380331155282654,0.07210120180319649,1.9844674545084815,completed,True,COMPLETE
83,1.0241187384044526,2026-06-12 16:50:06.073254,2026-06-12 16:50:08.281836,0 days 00:00:02.208582,,,,,,,,,,,,,,0.01906815664764008,QuantileRegressor,,,,,,2,,,,,,,,True,,,,,,,,,-3.446054852724192e-17,-5.911197822763771e-18,98.0,-2.0185873175002847e-17,1.4274675352239076e-17,7.157145667461332e-17,1.9844674545084815,1.0142445249741314,1.0339929518347737,98.0,1.0241187384044526,0.009874213430321105,0.04950808486255763,1.9844674545084815,305901430884989.94,401528566240617.56,98.0,353714998562803.75,47813567677813.83,239731314588150.53,1.9844674545084815,2.951594894990265,3.0080010646056943,98.0,2.9797979797979797,0.028203084807714735,0.14140677897022574,1.9844674545084815,1.0,1.0,98.0,1.0,4.4735631377672144e-17,2.2429892266911074e-16,1.9844674545084815,99.0,0.9393939393939394,-0.005464225809889952,-0.003653272200029577,98.0,-0.004558749004959764,0.0009054768049301874,0.0045399487073983025,1.9844674545084815,QuantileRegressor,"{'mode': 'original', 'type': 'QuantileRegressor'}",2,"['z_diameter_T2W10', 'z_asp_T2W10']",,,,,,,,1.335779145669776,1.3645398079803412,98.0,1.3501594768250587,0.014380331155282654,0.07210120180319649,1.9844674545084815,completed,True,COMPLETE
84,1.0241187384044526,2026-06-12 16:50:08.294008,2026-06-12 16:50:10.378997,0 days 00:00:02.084989,,,,,,,,,,,,,,0.4663274024183511,QuantileRegressor,,,,,,2,,,,,,,,True,,,,,,,,,0.0,0.0,98.0,0.0,0.0,0.0,1.9844674545084815,1.0142445249741314,1.0339929518347737,98.0,1.0241187384044526,0.009874213430321107,0.04950808486255764,1.9844674545084815,305901430884989.94,401528566240617.56,98.0,353714998562803.75,47813567677813.83,239731314588150.53,1.9844674545084815,2.951594894990265,3.0080010646056943,98.0,2.9797979797979797,0.028203084807714735,0.14140677897022574,1.9844674545084815,1.0,1.0,98.0,1.0,0.0,0.0,1.9844674545084815,99.0,0.9393939393939394,-0.005464225809889945,-0.0036532722000295697,98.0,-0.004558749004959757,0.0009054768049301876,0.004539948707398303,1.9844674545084815,QuantileRegressor,"{'mode': 'original', 'type': 'QuantileRegressor'}",2,"['z_diameter_T2W10', 'z_asp_T2W10']",,,,,,,,1.335779145669776,1.3645398079803412,98.0,1.3501594768250587,0.014380331155282654,0.07210120180319649,1.9844674545084815,completed,True,COMPLETE
85,1.0241187384044526,2026-06-12 16:50:10.391930,2026-06-12 16:50:12.663896,0 days 00:00:02.271966,,,,,,,,,,,,,,0.01194468035642811,QuantileRegressor,,,,,,3,,,,,,,,False,,,,,,,,,-1.0748092418241248e-17,1.7765932293510936e-18,98.0,-4.485749594445077e-18,6.262342823796171e-18,3.1398612370165e-17,1.9844674545084815,1.0142445249741314,1.0339929518347737,98.0,1.0241187384044526,0.009874213430321105,0.04950808486255763,1.9844674545084815,305901430884989.94,401528566240617.56,98.0,353714998562803.75,47813567677813.83,239731314588150.53,1.9844674545084815,2.951594894990265,3.0080010646056943,98.0,2.9797979797979797,0.028203084807714735,0.14140677897022574,1.9844674545084815,1.0,1.0,98.0,1.0,3.347708111925261e-17,1.6784994417006302e-16,1.9844674545084815,99.0,0.9393939393939394,-0.0054642258098899455,-0.0036532722000295692,98.0,-0.004558749004959757,0.0009054768049301879,0.004539948707398305,1.9844674545084815,QuantileRegressor,"{'mode': 'original', 'type': 'QuantileRegressor'}",3,"['z_density_T2W10', 'z_diameter_T2W10', 'z_asp_T2W10']",,,,,,,,1.335779145669776,1.3645398079803412,98.0,1.3501594768250587,0.014380331155282654,0.07210120180319649,1.9844674545084815,completed,False,COMPLETE
86,1.0320615701912033,2026-06-12 16:50:12.676783,2026-06-12 16:50:26.647257,0 days 00:00:13.970474,,,,,,10.0,sqrt,3.0,7.0,244.0,,,,,ExtraTreesRegressor,,,,,,2,,,,,,,,True,,,,,,,,,-0.010490640991341817,-0.005091885592750653,98.0,-0.007791263292046235,0.002699377699295582,0.013534345915842263,1.9844674545084815,1.0218790779400762,1.0422440624423304,98.0,1.0320615701912033,0.010182492251127115,0.05105375674108181,1.9844674545084815,296116585465946.0,389738485196960.4,98.0,342927535331453.2,46810949865507.22,234704312884504.6,1.9844674545084815,3.039457902363407,3.1014880379481986,98.0,3.070472970155803,0.031015067792395545,0.15550571385957604,1.9844674545084815,0.9700467593379581,0.9798465020897101,98.0,0.9749466307138341,0.0048998713758759745,0.024567349045502253,1.9844674545084815,99.0,0.1919191919191919,0.01392638872118922,0.02247705783188234,98.0,0.01820172327653578,0.00427533455534656,0.021435998672254684,1.9844674545084815,ExtraTreesRegressor,"{'mode': 'original', 'type': 'ExtraTreesRegressor'}",2,"['z_l2_T2W10', 'z_l3_T2W10']",0.13162306252973227,0.18345600984826732,98.0,0.1575395361889998,0.025916473659267535,0.12994199348793412,1.9844674545084815,1.320223413342433,1.349162210393784,98.0,1.3346928118681085,0.014469398525675473,0.07254777458218382,1.9844674545084815,completed,True,COMPLETE
87,1.0241187384044526,2026-06-12 16:50:26.660961,2026-06-12 16:50:29.877302,0 days 00:00:03.216341,,,,,,,,,,,,,,0.15698289095078546,QuantileRegressor,,,,,,3,,,,,,,,True,,,,,,,,,0.0,0.0,98.0,0.0,0.0,0.0,1.9844674545084815,1.0142445249741314,1.0339929518347737,98.0,1.0241187384044526,0.009874213430321107,0.04950808486255764,1.9844674545084815,305901430884989.94,401528566240617.56,98.0,353714998562803.75,47813567677813.83,239731314588150.53,1.9844674545084815,2.951594894990265,3.0080010646056943,98.0,2.9797979797979797,0.028203084807714735,0.14140677897022574,1.9844674545084815,1.0,1.0,98.0,1.0,0.0,0.0,1.9844674545084815,99.0,0.9393939393939394,-0.005464225809889945,-0.0036532722000295697,98.0,-0.004558749004959757,0.0009054768049301876,0.004539948707398303,1.9844674545084815,QuantileRegressor,"{'mode': 'original', 'type': 'QuantileRegressor'}",3,"['z_density_T2W10', 'z_diameter_T2W10', 'z_asp_T2W10']",,,,,,,,1.335779145669776,1.3645398079803412,98.0,1.3501594768250587,0.014380331155282654,0.07210120180319649,1.9844674545084815,completed,True,COMPLETE
88,1.1100641373331865,2026-06-12 16:50:29.890294,2026-06-12 16:50:32.231227,0 days 00:00:02.340933,,,,,,,,,,,,,,,RandomForestRegressor,11.0,sqrt,3.0,2.0,280.0,6,,,,,,,,False,,,,,,,,,,,,,,,,,,,,,,,,,,,,,,,,,,,,,,,,,,,,,,,,,,,,,RandomForestRegressor,"{'mode': 'original', 'type': 'RandomForestRegressor'}",6,"['z_re_T2W10', 'z_pe_T2W10', 'z_l1_T2W10', 'z_l2_T2W10', 'z_l3_T2W10', 'z_lsc_T2W10']",,,,,,,,,,,,,,,pruned,False,PRUNED
89,1.0241187384044526,2026-06-12 16:50:32.241833,2026-06-12 16:50:35.605638,0 days 00:00:03.363805,,,,,,,,,,,,,,0.044366699269991254,QuantileRegressor,,,,,,2,,,,,,,,True,,,,,,,,,-1.4358759316739795e-17,9.015105334045643e-19,98.0,-6.7286243916676156e-18,7.63013492507218e-18,3.8256552792676865e-17,1.9844674545084815,1.0142445249741314,1.0339929518347737,98.0,1.0241187384044526,0.009874213430321105,0.04950808486255763,1.9844674545084815,305901430884989.94,401528566240617.56,98.0,353714998562803.75,47813567677813.83,239731314588150.53,1.9844674545084815,2.951594894990265,3.0080010646056943,98.0,2.9797979797979797,0.028203084807714735,0.14140677897022574,1.9844674545084815,1.0,1.0,98.0,1.0,2.530629464625093e-17,1.2688263138573217e-16,1.9844674545084815,99.0,0.9393939393939394,-0.005464225809889945,-0.0036532722000295697,98.0,-0.004558749004959757,0.0009054768049301876,0.004539948707398303,1.9844674545084815,QuantileRegressor,"{'mode': 'original', 'type': 'QuantileRegressor'}",2,"['z_diameter_T2W10', 'z_asp_T2W10']",,,,,,,,1.335779145669776,1.3645398079803412,98.0,1.3501594768250587,0.014380331155282654,0.07210120180319649,1.9844674545084815,completed,True,COMPLETE
90,1.1020917833579886,2026-06-12 16:50:35.618630,2026-06-12 16:50:35.894927,0 days 00:00:00.276297,,,,,,,,,,,euclidean,11.0,distance,,KNeighborsRegressor,,,,,,3,11.0,5.0,12.0,20.0,,,ExtraTrees,,,,,,,,,,,,,,,,,,,,,,,,,,,,,,,,,,,,,,,,,,,,,,,,,,,,,,KNeighborsRegressor,"{'mode': 'proxy', 'type': 'ExtraTrees'}",3,"['z_pe_T2W10', 'z_l2_T2W10', 'z_l3_T2W10']",,,,,,,,,,,,,,,pruned,True,PRUNED
91,1.024118738404453,2026-06-12 16:50:35.942021,2026-06-12 16:50:39.399269,0 days 00:00:03.457248,,,,,,,,,,,,,,0.00012918368713366686,QuantileRegressor,,,,,,4,,,,,,,,False,,,,,,,,,-7.89657124440507e-16,2.2593943790398867e-17,98.0,-3.835315903250541e-16,4.0612553411545295e-16,2.03626319703579e-15,1.9844674545084815,1.0142445249741319,1.0339929518347741,98.0,1.024118738404453,0.009874213430321148,0.049508084862557845,1.9844674545084815,305901430884989.9,401528566240617.5,98.0,353714998562803.7,47813567677813.81,239731314588150.44,1.9844674545084815,2.9515948949902664,3.0080010646056956,98.0,2.979797979797981,0.028203084807714742,0.14140677897022577,1.9844674545084815,0.9999999999999993,1.0,98.0,0.9999999999999997,3.1527513576286163e-16,1.580750536389261e-15,1.9844674545084815,99.0,0.9393939393939394,-0.005464225809889955,-0.003653272200029567,98.0,-0.004558749004959761,0.0009054768049301939,0.004539948707398335,1.9844674545084815,QuantileRegressor,"{'mode': 'original', 'type': 'QuantileRegressor'}",4,"['z_lsc_T2W10', 'z_density_T2W10', 'z_diameter_T2W10', 'z_asp_T2W10']",-0.14444969250066164,0.16288542180302246,3.0,0.009217864651180394,0.15366755715184205,0.09657197162868893,3.1824463052837078,1.3357791456697763,1.3645398079803415,98.0,1.3501594768250589,0.014380331155282665,0.07210120180319654,1.9844674545084815,completed,False,COMPLETE
92,1.0241187384044528,2026-06-12 16:50:39.412124,2026-06-12 16:50:42.669398,0 days 00:00:03.257274,,,,,,,,,,,,,,0.003009404706152024,QuantileRegressor,,,,,,5,,,,,,,,False,,,,,,,,,-1.0630382634571928e-16,-5.069740945985841e-17,98.0,-7.850061790278885e-17,2.780320844293044e-17,1.3940184833529735e-16,1.9844674545084815,1.0142445249741316,1.033992951834774,98.0,1.0241187384044528,0.009874213430321101,0.049508084862557616,1.9844674545084815,305901430884989.9,401528566240617.5,98.0,353714998562803.7,47813567677813.836,239731314588150.56,1.9844674545084815,2.951594894990265,3.0080010646056943,98.0,2.9797979797979797,0.028203084807714725,0.1414067789702257,1.9844674545084815,0.9999999999999999,1.0000000000000002,98.0,1.0,1.2461904873063972e-16,6.248244970178938e-16,1.9844674545084815,99.0,0.9393939393939394,-0.0054642258098899395,-0.003653272200029566,98.0,-0.004558749004959753,0.0009054768049301867,0.004539948707398299,1.9844674545084815,QuantileRegressor,"{'mode': 'original', 'type': 'QuantileRegressor'}",5,"['z_l3_T2W10', 'z_lsc_T2W10', 'z_density_T2W10', 'z_diameter_T2W10', 'z_asp_T2W10']",,,,,,,,1.335779145669776,1.3645398079803412,98.0,1.3501594768250587,0.014380331155282654,0.07210120180319649,1.9844674545084815,completed,False,COMPLETE
93,1.0241187384044526,2026-06-12 16:50:42.682809,2026-06-12 16:50:46.092835,0 days 00:00:03.410026,,,,,,,,,,,,,,0.3631258220563137,QuantileRegressor,,,,,,4,,,,,,,,False,,,,,,,,,0.0,0.0,98.0,0.0,0.0,0.0,1.9844674545084815,1.0142445249741314,1.0339929518347737,98.0,1.0241187384044526,0.009874213430321107,0.04950808486255764,1.9844674545084815,305901430884989.94,401528566240617.56,98.0,353714998562803.75,47813567677813.83,239731314588150.53,1.9844674545084815,2.951594894990265,3.0080010646056943,98.0,2.9797979797979797,0.028203084807714735,0.14140677897022574,1.9844674545084815,1.0,1.0,98.0,1.0,0.0,0.0,1.9844674545084815,99.0,0.9393939393939394,-0.005464225809889945,-0.0036532722000295697,98.0,-0.004558749004959757,0.0009054768049301876,0.004539948707398303,1.9844674545084815,QuantileRegressor,"{'mode': 'original', 'type': 'QuantileRegressor'}",4,"['z_lsc_T2W10', 'z_density_T2W10', 'z_diameter_T2W10', 'z_asp_T2W10']",,,,,,,,1.335779145669776,1.3645398079803412,98.0,1.3501594768250587,0.014380331155282654,0.07210120180319649,1.9844674545084815,completed,False,COMPLETE
94,1.0645367287904721,2026-06-12 16:50:46.105329,2026-06-12 16:50:49.029314,0 days 00:00:02.923985,,,,,,,,,,,,,,,LinearRegression,,,,,,4,,,,,,,,False,,,,,,,,,-0.04595396357793319,-0.03336517623814861,98.0,-0.0396595699080409,0.006294393669892287,0.03155931134833077,1.9844674545084815,1.0531589580108387,1.0759144995701055,98.0,1.0645367287904721,0.011377770779633391,0.05704673544680515,1.9844674545084815,302935202637643.25,398586376727842.75,98.0,350760789682743.0,47825587045099.74,239791578209124.9,1.9844674545084815,3.1490954744687016,3.2333231844582526,98.0,3.191209329463477,0.04211385499477534,0.21115366015569115,1.9844674545084815,0.9319295639078208,0.9526131242161396,98.0,0.9422713440619802,0.01034178015415943,0.05185240658560379,1.9844674545084815,99.0,0.6161616161616161,-0.03381160412590177,-0.012684735029677765,98.0,-0.023248169577789767,0.010563434548112002,0.05296375430189533,1.9844674545084815,LinearRegression,"{'mode': 'original', 'type': 'LinearRegression'}",4,"['z_pe_T2W10', 'z_l2_T2W10', 'z_diameter_T2W10', 'z_asp_T2W10']",0.04697081365565489,0.09418530729668764,98.0,0.07057806047617127,0.023607246820516375,0.1183638157316457,1.9844674545084815,1.346710810407459,1.377285713721801,98.0,1.36199826206463,0.01528745165717113,0.07664939180384549,1.9844674545084815,completed,False,COMPLETE
