number,value,datetime_start,datetime_complete,duration,params_dt_max_depth,params_dt_min_samples_leaf,params_dt_min_samples_split,params_elastic_alpha,params_elastic_l1_ratio,params_et_max_depth,params_et_max_features,params_et_min_samples_leaf,params_et_min_samples_split,params_et_n_estimators,params_knn_metric,params_knn_n_neighbors,params_knn_weights,params_quantile_alpha,params_regressor,params_rf_max_depth,params_rf_max_features,params_rf_min_samples_leaf,params_rf_min_samples_split,params_rf_n_estimators,params_rfe_n_features,params_rfe_proxy_et_max_depth,params_rfe_proxy_et_min_samples_leaf,params_rfe_proxy_et_min_samples_split,params_rfe_proxy_et_n_estimators,params_rfe_proxy_lsvr_C,params_rfe_proxy_lsvr_epsilon,params_rfe_proxy_type,params_use_scaler,params_xgb_booster,params_xgb_colsample_bytree,params_xgb_learning_rate,params_xgb_max_depth,params_xgb_n_estimators,params_xgb_reg_alpha,params_xgb_reg_lambda,params_xgb_subsample,user_attrs_d2mae_ci_lower_val,user_attrs_d2mae_ci_upper_val,user_attrs_d2mae_df_val,user_attrs_d2mae_mean_val,user_attrs_d2mae_samperror_val,user_attrs_d2mae_std_val,user_attrs_d2mae_t_critical_val,user_attrs_mae_ci_lower_val,user_attrs_mae_ci_upper_val,user_attrs_mae_df_val,user_attrs_mae_mean_val,user_attrs_mae_samperror_val,user_attrs_mae_std_val,user_attrs_mae_t_critical_val,user_attrs_mape_ci_lower_val,user_attrs_mape_ci_upper_val,user_attrs_mape_df_val,user_attrs_mape_mean_val,user_attrs_mape_samperror_val,user_attrs_mape_std_val,user_attrs_mape_t_critical_val,user_attrs_max_error_ci_lower_val,user_attrs_max_error_ci_upper_val,user_attrs_max_error_df_val,user_attrs_max_error_mean_val,user_attrs_max_error_samperror_val,user_attrs_max_error_std_val,user_attrs_max_error_t_critical_val,user_attrs_median_ae_ci_lower_val,user_attrs_median_ae_ci_upper_val,user_attrs_median_ae_df_val,user_attrs_median_ae_mean_val,user_attrs_median_ae_samperror_val,user_attrs_median_ae_std_val,user_attrs_median_ae_t_critical_val,user_attrs_n_splits_val,user_attrs_r2_below_zero_val,user_attrs_r2_ci_lower_val,user_attrs_r2_ci_upper_val,user_attrs_r2_df_val,user_attrs_r2_mean_val,user_attrs_r2_samperror_val,user_attrs_r2_std_val,user_attrs_r2_t_critical_val,user_attrs_regressor_final,user_attrs_rfe_estimator,user_attrs_rfe_n_features,user_attrs_rfe_selected_features,user_attrs_rho_ci_lower_val,user_attrs_rho_ci_upper_val,user_attrs_rho_df_val,user_attrs_rho_mean_val,user_attrs_rho_samperror_val,user_attrs_rho_std_val,user_attrs_rho_t_critical_val,user_attrs_rmse_ci_lower_val,user_attrs_rmse_ci_upper_val,user_attrs_rmse_df_val,user_attrs_rmse_mean_val,user_attrs_rmse_samperror_val,user_attrs_rmse_std_val,user_attrs_rmse_t_critical_val,user_attrs_termination_reason,user_attrs_use_scaler_final,state
375,1.0323558900066807,2026-06-12 18:21:41.499304,2026-06-12 18:21:49.011687,0 days 00:00:07.512383,,,,,,,,,,,,,,,XGBRegressor,,,,,,3,,,,,,,,False,gbtree,0.8924484885557338,0.0013964897465066847,2.0,274.0,0.023395288908658208,0.12517992356932114,0.6671191593480303,-0.010258654858412658,-0.0058521426725506465,98.0,-0.008055398765481652,0.002203256092931005,0.011046853543576702,1.9844674545084815,1.022190177146584,1.0425216028667774,98.0,1.0323558900066807,0.010165712860096618,0.05096962694978836,1.9844674545084815,297840850125557.9,391486453935856.6,98.0,344663652030707.25,46822801905149.41,234763737545369.0,1.9844674545084815,3.036843365742684,3.109812897011506,98.0,3.073328131377095,0.03648476563441127,0.18293010232818308,1.9844674545084815,0.9875901478844707,0.9934476566902067,98.0,0.9905189022873387,0.0029287544028680007,0.0146844123374456,1.9844674545084815,99.0,0.3838383838383838,0.00020541250184114533,0.0066051064561390115,98.0,0.0034052594789900784,0.003199846977148933,0.016043636975217396,1.9844674545084815,XGBRegressor,"{'mode': 'original', 'type': 'XGBRegressor'}",3,"['z_pe_T2W10', 'z_l2_T2W10', 'z_l3_T2W10']",0.03750291528305867,0.0958771019509589,98.0,0.06669000861700879,0.029187093333950115,0.14634047601517175,1.9844674545084815,1.3303458594004165,1.3591149595080263,98.0,1.3447304094542214,0.014384550053804844,0.0721223548385787,1.9844674545084815,completed,False,COMPLETE
376,1.426903051596929,2026-06-12 18:21:49.029916,2026-06-12 18:21:49.451169,0 days 00:00:00.421253,14.0,1.0,16.0,,,,,,,,,,,,DecisionTreeRegressor,,,,,,5,,,,,,,,True,,,,,,,,,,,,,,,,,,,,,,,,,,,,,,,,,,,,,,,,,,,,,,,,,,,,,DecisionTreeRegressor,"{'mode': 'original', 'type': 'DecisionTreeRegressor'}",5,"['z_re_T2W10', 'z_pe_T2W10', 'z_l1_T2W10', 'z_l3_T2W10', 'z_diameter_T2W10']",,,,,,,,,,,,,,,pruned,True,PRUNED
377,1.0645367287904721,2026-06-12 18:21:49.461802,2026-06-12 18:21:51.660882,0 days 00:00:02.199080,,,,,,,,,,,,,,,LinearRegression,,,,,,4,,,,,,,,False,,,,,,,,,-0.04595396357793319,-0.03336517623814861,98.0,-0.0396595699080409,0.006294393669892287,0.03155931134833077,1.9844674545084815,1.0531589580108387,1.0759144995701055,98.0,1.0645367287904721,0.011377770779633391,0.05704673544680515,1.9844674545084815,302935202637643.25,398586376727842.75,98.0,350760789682743.0,47825587045099.74,239791578209124.9,1.9844674545084815,3.1490954744687016,3.2333231844582526,98.0,3.191209329463477,0.04211385499477534,0.21115366015569115,1.9844674545084815,0.9319295639078208,0.9526131242161396,98.0,0.9422713440619802,0.01034178015415943,0.05185240658560379,1.9844674545084815,99.0,0.6161616161616161,-0.03381160412590177,-0.012684735029677765,98.0,-0.023248169577789767,0.010563434548112002,0.05296375430189533,1.9844674545084815,LinearRegression,"{'mode': 'original', 'type': 'LinearRegression'}",4,"['z_pe_T2W10', 'z_l2_T2W10', 'z_diameter_T2W10', 'z_asp_T2W10']",0.04697081365565489,0.09418530729668764,98.0,0.07057806047617127,0.023607246820516375,0.1183638157316457,1.9844674545084815,1.346710810407459,1.377285713721801,98.0,1.36199826206463,0.01528745165717113,0.07664939180384549,1.9844674545084815,completed,False,COMPLETE
378,1.0241187384044528,2026-06-12 18:21:51.674700,2026-06-12 18:21:54.799251,0 days 00:00:03.124551,,,,,,,,,,,,,,0.025992279021942115,QuantileRegressor,,,,,,3,,,,,,,,True,,,,,,,,,-9.905001827512829e-17,-8.607971991553553e-18,98.0,-5.3828995133340925e-17,4.522102314178737e-17,2.267326169394423e-16,1.9844674545084815,1.0142445249741316,1.033992951834774,98.0,1.0241187384044528,0.009874213430321107,0.04950808486255764,1.9844674545084815,305901430884989.94,401528566240617.56,98.0,353714998562803.75,47813567677813.83,239731314588150.53,1.9844674545084815,2.951594894990265,3.0080010646056943,98.0,2.9797979797979797,0.028203084807714742,0.14140677897022577,1.9844674545084815,0.9999999999999999,1.0,98.0,1.0,9.168076244222474e-17,4.596760034896314e-16,1.9844674545084815,99.0,0.9393939393939394,-0.0054642258098899525,-0.0036532722000295757,98.0,-0.004558749004959764,0.0009054768049301885,0.004539948707398308,1.9844674545084815,QuantileRegressor,"{'mode': 'original', 'type': 'QuantileRegressor'}",3,"['z_lsc_T2W10', 'z_density_T2W10', 'z_asp_T2W10']",,,0.0,0.06263628085258008,,,,1.335779145669776,1.3645398079803412,98.0,1.3501594768250587,0.014380331155282654,0.07210120180319649,1.9844674545084815,completed,True,COMPLETE
379,1.302040816326531,2026-06-12 18:21:54.832791,2026-06-12 18:21:55.212820,0 days 00:00:00.380029,,,,,,,,,,,euclidean,3.0,uniform,,KNeighborsRegressor,,,,,,8,11.0,2.0,4.0,30.0,,,ExtraTrees,,,,,,,,,,,,,,,,,,,,,,,,,,,,,,,,,,,,,,,,,,,,,,,,,,,,,,KNeighborsRegressor,"{'mode': 'proxy', 'type': 'ExtraTrees'}",8,"['z_re_T2W10', 'z_pe_T2W10', 'z_l1_T2W10', 'z_l2_T2W10', 'z_l3_T2W10', 'z_lsc_T2W10', 'z_density_T2W10', 'z_diameter_T2W10']",,,,,,,,,,,,,,,pruned,True,PRUNED
380,1.3257561700810396,2026-06-12 18:21:55.239880,2026-06-12 18:21:55.437793,0 days 00:00:00.197913,8.0,1.0,19.0,,,,,,,,,,,,DecisionTreeRegressor,,,,,,7,,,,,,,,True,,,,,,,,,,,,,,,,,,,,,,,,,,,,,,,,,,,,,,,,,,,,,,,,,,,,,DecisionTreeRegressor,"{'mode': 'original', 'type': 'DecisionTreeRegressor'}",7,"['z_re_T2W10', 'z_pe_T2W10', 'z_l1_T2W10', 'z_l2_T2W10', 'z_l3_T2W10', 'z_diameter_T2W10', 'z_asp_T2W10']",,,,,,,,,,,,,,,pruned,True,PRUNED
381,1.0494240994356114,2026-06-12 18:21:55.447670,2026-06-12 18:21:55.719163,0 days 00:00:00.271493,,,,,,,,,,,,,,,XGBRegressor,,,,,,4,,,,,,,,False,gblinear,0.8042636363482333,0.014099932173699115,7.0,139.0,1.3981615309912755e-05,1.0638050900691945e-07,0.9860026648157685,,,,,,,,,,,,,,,,,,,,,,,,,,,,,,,,,,,,,,,,,,,,,XGBRegressor,"{'mode': 'original', 'type': 'XGBRegressor'}",4,"['z_l2_T2W10', 'z_l3_T2W10', 'z_lsc_T2W10', 'z_density_T2W10']",,,,,,,,,,,,,,,pruned,False,PRUNED
382,1.0340789047207637,2026-06-12 18:21:55.729438,2026-06-12 18:21:57.058926,0 days 00:00:01.329488,,,,,,11.0,sqrt,5.0,3.0,256.0,,,,,ExtraTreesRegressor,,,,,,5,,,,,,,,True,,,,,,,,,,,,,,,,,,,,,,,,,,,,,,,,,,,,,,,,,,,,,,,,,,,,,ExtraTreesRegressor,"{'mode': 'original', 'type': 'ExtraTreesRegressor'}",5,"['z_pe_T2W10', 'z_l2_T2W10', 'z_l3_T2W10', 'z_density_T2W10', 'z_asp_T2W10']",,,,,,,,,,,,,,,pruned,True,PRUNED
383,1.0990477131074037,2026-06-12 18:21:57.069137,2026-06-12 18:21:57.895578,0 days 00:00:00.826441,,,,,,8.0,,3.0,10.0,124.0,,,,,ExtraTreesRegressor,,,,,,8,,,,,,,,False,,,,,,,,,,,,,,,,,,,,,,,,,,,,,,,,,,,,,,,,,,,,,,,,,,,,,ExtraTreesRegressor,"{'mode': 'original', 'type': 'ExtraTreesRegressor'}",8,"['z_re_T2W10', 'z_pe_T2W10', 'z_l1_T2W10', 'z_l2_T2W10', 'z_l3_T2W10', 'z_density_T2W10', 'z_diameter_T2W10', 'z_asp_T2W10']",,,,,,,,,,,,,,,pruned,False,PRUNED
384,1.0399338812729055,2026-06-12 18:21:57.957446,2026-06-12 18:22:00.527487,0 days 00:00:02.570041,,,,,,,,,,,,,,0.00033679722132229183,QuantileRegressor,,,,,,7,,,,,,,,True,,,,,,,,,-0.023119143618392242,-0.008278026878936764,98.0,-0.015698585248664503,0.007420558369727739,0.03720576186533738,1.9844674545084815,1.0283782198322469,1.0514895427135642,98.0,1.0399338812729055,0.011555661440658612,0.05793865721904971,1.9844674545084815,307388595540025.1,403704022304305.25,98.0,355546308922165.2,48157713382140.09,241456818584504.3,1.9844674545084815,2.998637590213042,3.0991206953666377,98.0,3.04887914278984,0.05024155257679765,0.25190493057003543,1.9844674545084815,0.9965228664992566,1.0068525081009803,98.0,1.0016876873001184,0.005164820800861824,0.02589577269251459,1.9844674545084815,99.0,0.9393939393939394,-0.029019908183987857,-0.010859514799579329,98.0,-0.019939711491783592,0.009080196692204263,0.04552698314439258,1.9844674545084815,QuantileRegressor,"{'mode': 'original', 'type': 'QuantileRegressor'}",7,"['z_l1_T2W10', 'z_l2_T2W10', 'z_l3_T2W10', 'z_lsc_T2W10', 'z_density_T2W10', 'z_diameter_T2W10', 'z_asp_T2W10']",-0.08403688638831222,0.017880087322213516,27.0,-0.033078399533049356,0.05095848685526287,0.1314177582644165,2.0518305164802846,1.3451148359416185,1.3747805880198503,98.0,1.3599477119807344,0.014832876039115763,0.07437020587840992,1.9844674545084815,completed,True,COMPLETE
385,1.0996307981282865,2026-06-12 18:22:00.540371,2026-06-12 18:22:04.733459,0 days 00:00:04.193088,,,,,,,,,,,,,,,RandomForestRegressor,9.0,,3.0,12.0,409.0,4,,,,,,,,False,,,,,,,,,,,,,,,,,,,,,,,,,,,,,,,,,,,,,,,,,,,,,,,,,,,,,RandomForestRegressor,"{'mode': 'original', 'type': 'RandomForestRegressor'}",4,"['z_re_T2W10', 'z_l1_T2W10', 'z_l2_T2W10', 'z_l3_T2W10']",,,,,,,,,,,,,,,pruned,False,PRUNED
386,1.1169096812440205,2026-06-12 18:22:04.744119,2026-06-12 18:22:07.183825,0 days 00:00:02.439706,,,,,,,,,,,,,,,RandomForestRegressor,13.0,,5.0,2.0,248.0,5,,,,,,,,True,,,,,,,,,,,,,,,,,,,,,,,,,,,,,,,,,,,,,,,,,,,,,,,,,,,,,RandomForestRegressor,"{'mode': 'original', 'type': 'RandomForestRegressor'}",5,"['z_re_T2W10', 'z_l1_T2W10', 'z_l2_T2W10', 'z_l3_T2W10', 'z_lsc_T2W10']",,,,,,,,,,,,,,,pruned,True,PRUNED
387,1.0586967715257343,2026-06-12 18:22:07.196291,2026-06-12 18:22:07.453110,0 days 00:00:00.256819,,,,,,,,,,,,,,,LinearRegression,,,,,,7,,,,,,,,True,,,,,,,,,,,,,,,,,,,,,,,,,,,,,,,,,,,,,,,,,,,,,,,,,,,,,LinearRegression,"{'mode': 'original', 'type': 'LinearRegression'}",7,"['z_pe_T2W10', 'z_l1_T2W10', 'z_l2_T2W10', 'z_l3_T2W10', 'z_lsc_T2W10', 'z_diameter_T2W10', 'z_asp_T2W10']",,,,,,,,,,,,,,,pruned,True,PRUNED
388,1.0602223573966312,2026-06-12 18:22:07.462574,2026-06-12 18:22:07.718993,0 days 00:00:00.256419,,,,,,,,,,,,,,,LinearRegression,,,,,,8,,,,,,,,False,,,,,,,,,,,,,,,,,,,,,,,,,,,,,,,,,,,,,,,,,,,,,,,,,,,,,LinearRegression,"{'mode': 'original', 'type': 'LinearRegression'}",8,"['z_pe_T2W10', 'z_l1_T2W10', 'z_l2_T2W10', 'z_l3_T2W10', 'z_lsc_T2W10', 'z_density_T2W10', 'z_diameter_T2W10', 'z_asp_T2W10']",,,,,,,,,,,,,,,pruned,False,PRUNED
389,1.1165151522080508,2026-06-12 18:22:07.728689,2026-06-12 18:22:08.568666,0 days 00:00:00.839977,,,,,,,,,,,,,,,RandomForestRegressor,8.0,sqrt,4.0,6.0,114.0,8,,,,,,,,False,,,,,,,,,,,,,,,,,,,,,,,,,,,,,,,,,,,,,,,,,,,,,,,,,,,,,RandomForestRegressor,"{'mode': 'original', 'type': 'RandomForestRegressor'}",8,"['z_re_T2W10', 'z_pe_T2W10', 'z_l1_T2W10', 'z_l2_T2W10', 'z_l3_T2W10', 'z_lsc_T2W10', 'z_density_T2W10', 'z_diameter_T2W10']",,,,,,,,,,,,,,,pruned,False,PRUNED
390,1.0242633677410726,2026-06-12 18:22:08.581008,2026-06-12 18:22:08.879298,0 days 00:00:00.298290,,,,0.0013674069569182747,0.83704112524294,,,,,,,,,,ElasticNet,,,,,,4,,,,,,,,False,,,,,,,,,,,,,,,,,,,,,,,,,,,,,,,,,,,,,,,,,,,,,,,,,,,,,ElasticNet,"{'mode': 'original', 'type': 'ElasticNet'}",4,"['z_pe_T2W10', 'z_l2_T2W10', 'z_diameter_T2W10', 'z_asp_T2W10']",,,,,,,,,,,,,,,pruned,False,PRUNED
391,1.0322546002614439,2026-06-12 18:22:08.889070,2026-06-12 18:22:11.112857,0 days 00:00:02.223787,,,,0.6765873641051084,0.7884473432532987,,,,,,,,,,ElasticNet,,,,,,7,,,,,,,,True,,,,,,,,,-0.008774517233966519,-0.007307379942279476,98.0,-0.008040948588122997,0.0007335686458435219,0.0036780224599369973,1.9844674545084815,1.0226964071461264,1.0418127933767614,98.0,1.0322546002614439,0.009558193115317581,0.04792359808962206,1.9844674545084815,302668413340937.56,397512391490111.2,98.0,350090402415524.4,47421989074586.79,237767987903374.22,1.9844674545084815,2.9843885683830167,3.0416200204998236,98.0,3.01300429444142,0.028615726058403256,0.14347571116427238,1.9844674545084815,0.9620448713524847,0.9700908571904299,98.0,0.9660678642714573,0.004022992918972516,0.020170788917966784,1.9844674545084815,99.0,1.0,-0.0040202152711158335,-0.002354630224295667,98.0,-0.0031874227477057503,0.0008327925234100832,0.0041755187097013285,1.9844674545084815,ElasticNet,"{'mode': 'original', 'type': 'ElasticNet'}",7,"['z_l1_T2W10', 'z_l2_T2W10', 'z_l3_T2W10', 'z_lsc_T2W10', 'z_density_T2W10', 'z_diameter_T2W10', 'z_asp_T2W10']",,,,,,,,1.3349089651858284,1.3635379675582484,98.0,1.3492234663720384,0.01431450118621002,0.07177113848034591,1.9844674545084815,completed,True,COMPLETE
392,1.0322546002614439,2026-06-12 18:22:11.125263,2026-06-12 18:22:12.737779,0 days 00:00:01.612516,,,,7.655995024940027,0.11072059332631567,,,,,,,,,,ElasticNet,,,,,,5,,,,,,,,True,,,,,,,,,-0.008774517233966519,-0.007307379942279476,98.0,-0.008040948588122997,0.0007335686458435219,0.0036780224599369973,1.9844674545084815,1.0226964071461264,1.0418127933767614,98.0,1.0322546002614439,0.009558193115317581,0.04792359808962206,1.9844674545084815,302668413340937.56,397512391490111.2,98.0,350090402415524.4,47421989074586.79,237767987903374.22,1.9844674545084815,2.9843885683830167,3.0416200204998236,98.0,3.01300429444142,0.028615726058403256,0.14347571116427238,1.9844674545084815,0.9620448713524847,0.9700908571904299,98.0,0.9660678642714573,0.004022992918972516,0.020170788917966784,1.9844674545084815,99.0,1.0,-0.0040202152711158335,-0.002354630224295667,98.0,-0.0031874227477057503,0.0008327925234100832,0.0041755187097013285,1.9844674545084815,ElasticNet,"{'mode': 'original', 'type': 'ElasticNet'}",5,"['z_l3_T2W10', 'z_lsc_T2W10', 'z_density_T2W10', 'z_diameter_T2W10', 'z_asp_T2W10']",,,,,,,,1.3349089651858284,1.3635379675582484,98.0,1.3492234663720384,0.01431450118621002,0.07177113848034591,1.9844674545084815,completed,True,COMPLETE
393,1.0241187384044526,2026-06-12 18:22:12.750252,2026-06-12 18:22:15.036567,0 days 00:00:02.286315,,,,,,,,,,,,,,6.517060990074383,QuantileRegressor,,,,,,7,,,,,,,,True,,,,,,,,,0.0,0.0,98.0,0.0,0.0,0.0,1.9844674545084815,1.0142445249741314,1.0339929518347737,98.0,1.0241187384044526,0.009874213430321107,0.04950808486255764,1.9844674545084815,305901430884989.94,401528566240617.56,98.0,353714998562803.75,47813567677813.83,239731314588150.53,1.9844674545084815,2.951594894990265,3.0080010646056943,98.0,2.9797979797979797,0.028203084807714735,0.14140677897022574,1.9844674545084815,1.0,1.0,98.0,1.0,0.0,0.0,1.9844674545084815,99.0,0.9393939393939394,-0.005464225809889945,-0.0036532722000295697,98.0,-0.004558749004959757,0.0009054768049301876,0.004539948707398303,1.9844674545084815,QuantileRegressor,"{'mode': 'original', 'type': 'QuantileRegressor'}",7,"['z_l1_T2W10', 'z_l2_T2W10', 'z_l3_T2W10', 'z_lsc_T2W10', 'z_density_T2W10', 'z_diameter_T2W10', 'z_asp_T2W10']",,,,,,,,1.335779145669776,1.3645398079803412,98.0,1.3501594768250587,0.014380331155282654,0.07210120180319649,1.9844674545084815,completed,True,COMPLETE
394,1.126988133198791,2026-06-12 18:22:15.048979,2026-06-12 18:22:16.435847,0 days 00:00:01.386868,,,,,,,,,,,,,,,RandomForestRegressor,7.0,log2,2.0,8.0,261.0,9,,,,,,,,True,,,,,,,,,,,,,,,,,,,,,,,,,,,,,,,,,,,,,,,,,,,,,,,,,,,,,RandomForestRegressor,"{'mode': 'original', 'type': 'RandomForestRegressor'}",9,"['z_re_T2W10', 'z_pe_T2W10', 'z_l1_T2W10', 'z_l2_T2W10', 'z_l3_T2W10', 'z_lsc_T2W10', 'z_density_T2W10', 'z_diameter_T2W10', 'z_asp_T2W10']",,,,,,,,,,,,,,,pruned,True,PRUNED
395,1.10081776593678,2026-06-12 18:22:16.446897,2026-06-12 18:23:00.363215,0 days 00:00:43.916318,,,,,,,,,,,,,,,RandomForestRegressor,18.0,sqrt,1.0,7.0,498.0,2,,,,,,,,False,,,,,,,,,-0.08660294128250189,-0.06390756076639241,98.0,-0.07525525102444715,0.011347690258054743,0.05689591543207337,1.9844674545084815,1.0862128641352824,1.1154226677382775,98.0,1.10081776593678,0.014604901801497637,0.07322717124763954,1.9844674545084815,279846813590182.75,371815891950915.9,98.0,325831352770549.3,45984539180366.57,230560791922558.25,1.9844674545084815,3.307651637502211,3.4553123801881425,98.0,3.3814820088451767,0.07383037134296576,0.37017635031642476,1.9844674545084815,0.894409320933033,0.9364739779810203,98.0,0.9154416494570267,0.021032328523993657,0.10545349386773463,1.9844674545084815,99.0,0.7070707070707071,-0.07870664391626303,-0.03681819634176854,98.0,-0.057762420129015786,0.020944223787247248,0.1050117476147885,1.9844674545084815,RandomForestRegressor,"{'mode': 'original', 'type': 'RandomForestRegressor'}",2,"['z_l2_T2W10', 'z_l3_T2W10']",0.11914392229641439,0.166222021520046,98.0,0.1426829719082302,0.02353904961181581,0.11802188336208912,1.9844674545084815,1.3646365898456672,1.4020460341327123,98.0,1.3833413119891897,0.018704722143522583,0.0937831633625082,1.9844674545084815,completed,False,COMPLETE
396,1.055144863997104,2026-06-12 18:23:00.376953,2026-06-12 18:23:00.558286,0 days 00:00:00.181333,,,,,,,,,,,,,,,LinearRegression,,,,,,6,,,,,,,,False,,,,,,,,,,,,,,,,,,,,,,,,,,,,,,,,,,,,,,,,,,,,,,,,,,,,,LinearRegression,"{'mode': 'original', 'type': 'LinearRegression'}",6,"['z_pe_T2W10', 'z_l1_T2W10', 'z_l2_T2W10', 'z_lsc_T2W10', 'z_diameter_T2W10', 'z_asp_T2W10']",,,,,,,,,,,,,,,pruned,False,PRUNED
397,1.0707976825460366,2026-06-12 18:23:00.567948,2026-06-12 18:23:02.450544,0 days 00:00:01.882596,,,,,,,,,,,,,,,LinearRegression,,,,,,5,,,,,,,,False,,,,,,,,,-0.052554829484309805,-0.03902051118917104,98.0,-0.04578767033674042,0.006767159147569385,0.03392969898012456,1.9844674545084815,1.059143862945236,1.082451502146837,98.0,1.0707976825460366,0.011653819600800575,0.058430810093458754,1.9844674545084815,303587225917552.2,399511241935237.56,98.0,351549233926394.9,47962008008842.695,240475576048312.62,1.9844674545084815,3.1563953695607894,3.2462885131012835,98.0,3.2013419413310364,0.04494657177024721,0.22535655170764046,1.9844674545084815,0.9259455257644006,0.9475060970999231,98.0,0.9367258114321618,0.01078028566776128,0.05405101899491585,1.9844674545084815,99.0,0.6868686868686869,-0.04270598365785161,-0.01988647091769223,98.0,-0.03129622728777192,0.011409756370079691,0.05720710724121378,1.9844674545084815,LinearRegression,"{'mode': 'original', 'type': 'LinearRegression'}",5,"['z_pe_T2W10', 'z_l2_T2W10', 'z_lsc_T2W10', 'z_diameter_T2W10', 'z_asp_T2W10']",0.040132363408441875,0.08909251096061405,98.0,0.06461243718452796,0.024480073776086082,0.12274006213259751,1.9844674545084815,1.351786828003647,1.3827209786432155,98.0,1.3672539033234312,0.01546707531978433,0.07755000263170851,1.9844674545084815,completed,False,COMPLETE
398,1.0620095132232346,2026-06-12 18:23:02.463114,2026-06-12 18:23:04.379972,0 days 00:00:01.916858,,,,0.00016913898789842018,0.14002409755331768,,,,,,,,,,ElasticNet,,,,,,4,,,,,,,,False,,,,,,,,,-0.04296467238001141,-0.03131550003080545,98.0,-0.03714008620540843,0.00582458617460298,0.029203754674375797,1.9844674545084815,1.0507164911169427,1.0733025353295265,98.0,1.0620095132232346,0.011293022106291965,0.056621816080682015,1.9844674545084815,303602545340226.44,399396803632714.44,98.0,351499674486470.44,47897129146243.99,240150281455686.22,1.9844674545084815,3.1318629583814377,3.210136137230982,98.0,3.17099954780621,0.0391365894247722,0.19622601882625992,1.9844674545084815,0.9408096710478413,0.9589305089313576,98.0,0.9498700899895994,0.009060418941758129,0.04542781994983665,1.9844674545084815,99.0,0.6363636363636364,-0.0318583968670419,-0.012764877985034435,98.0,-0.02231163742603817,0.009546759441003734,0.04786627106076904,1.9844674545084815,ElasticNet,"{'mode': 'original', 'type': 'ElasticNet'}",4,"['z_pe_T2W10', 'z_l2_T2W10', 'z_diameter_T2W10', 'z_asp_T2W10']",0.03402387306168361,0.0820716569853355,98.0,0.05804776502350956,0.02402389196182594,0.12045282293805115,1.9844674545084815,1.346285006748197,1.3767654990381337,98.0,1.3615252528931654,0.0152402461449684,0.076412709204203,1.9844674545084815,completed,False,COMPLETE
