number,value,datetime_start,datetime_complete,duration,params_dt_max_depth,params_dt_min_samples_leaf,params_dt_min_samples_split,params_elastic_alpha,params_elastic_l1_ratio,params_et_max_depth,params_et_max_features,params_et_min_samples_leaf,params_et_min_samples_split,params_et_n_estimators,params_knn_metric,params_knn_n_neighbors,params_knn_weights,params_quantile_alpha,params_regressor,params_rf_max_depth,params_rf_max_features,params_rf_min_samples_leaf,params_rf_min_samples_split,params_rf_n_estimators,params_rfe_n_features,params_rfe_proxy_et_max_depth,params_rfe_proxy_et_min_samples_leaf,params_rfe_proxy_et_min_samples_split,params_rfe_proxy_et_n_estimators,params_rfe_proxy_lsvr_C,params_rfe_proxy_lsvr_epsilon,params_rfe_proxy_type,params_use_scaler,params_xgb_booster,params_xgb_colsample_bytree,params_xgb_learning_rate,params_xgb_max_depth,params_xgb_n_estimators,params_xgb_reg_alpha,params_xgb_reg_lambda,params_xgb_subsample,user_attrs_d2mae_ci_lower_val,user_attrs_d2mae_ci_upper_val,user_attrs_d2mae_df_val,user_attrs_d2mae_mean_val,user_attrs_d2mae_samperror_val,user_attrs_d2mae_std_val,user_attrs_d2mae_t_critical_val,user_attrs_mae_ci_lower_val,user_attrs_mae_ci_upper_val,user_attrs_mae_df_val,user_attrs_mae_mean_val,user_attrs_mae_samperror_val,user_attrs_mae_std_val,user_attrs_mae_t_critical_val,user_attrs_mape_ci_lower_val,user_attrs_mape_ci_upper_val,user_attrs_mape_df_val,user_attrs_mape_mean_val,user_attrs_mape_samperror_val,user_attrs_mape_std_val,user_attrs_mape_t_critical_val,user_attrs_max_error_ci_lower_val,user_attrs_max_error_ci_upper_val,user_attrs_max_error_df_val,user_attrs_max_error_mean_val,user_attrs_max_error_samperror_val,user_attrs_max_error_std_val,user_attrs_max_error_t_critical_val,user_attrs_median_ae_ci_lower_val,user_attrs_median_ae_ci_upper_val,user_attrs_median_ae_df_val,user_attrs_median_ae_mean_val,user_attrs_median_ae_samperror_val,user_attrs_median_ae_std_val,user_attrs_median_ae_t_critical_val,user_attrs_n_splits_val,user_attrs_r2_below_zero_val,user_attrs_r2_ci_lower_val,user_attrs_r2_ci_upper_val,user_attrs_r2_df_val,user_attrs_r2_mean_val,user_attrs_r2_samperror_val,user_attrs_r2_std_val,user_attrs_r2_t_critical_val,user_attrs_regressor_final,user_attrs_rfe_estimator,user_attrs_rfe_n_features,user_attrs_rfe_selected_features,user_attrs_rho_ci_lower_val,user_attrs_rho_ci_upper_val,user_attrs_rho_df_val,user_attrs_rho_mean_val,user_attrs_rho_samperror_val,user_attrs_rho_std_val,user_attrs_rho_t_critical_val,user_attrs_rmse_ci_lower_val,user_attrs_rmse_ci_upper_val,user_attrs_rmse_df_val,user_attrs_rmse_mean_val,user_attrs_rmse_samperror_val,user_attrs_rmse_std_val,user_attrs_rmse_t_critical_val,user_attrs_termination_reason,user_attrs_use_scaler_final,state
486,1.0241187384044526,2026-06-12 18:26:11.545833,2026-06-12 18:26:14.031779,0 days 00:00:02.485946,,,,,,,,,,,,,,5.442611243442007,QuantileRegressor,,,,,,9,,,,,,,,False,,,,,,,,,0.0,0.0,98.0,0.0,0.0,0.0,1.9844674545084815,1.0142445249741314,1.0339929518347737,98.0,1.0241187384044526,0.009874213430321107,0.04950808486255764,1.9844674545084815,305901430884989.94,401528566240617.56,98.0,353714998562803.75,47813567677813.83,239731314588150.53,1.9844674545084815,2.951594894990265,3.0080010646056943,98.0,2.9797979797979797,0.028203084807714735,0.14140677897022574,1.9844674545084815,1.0,1.0,98.0,1.0,0.0,0.0,1.9844674545084815,99.0,0.9393939393939394,-0.005464225809889945,-0.0036532722000295697,98.0,-0.004558749004959757,0.0009054768049301876,0.004539948707398303,1.9844674545084815,QuantileRegressor,"{'mode': 'original', 'type': 'QuantileRegressor'}",9,"['z_re_T2W10', 'z_pe_T2W10', 'z_l1_T2W10', 'z_l2_T2W10', 'z_l3_T2W10', 'z_lsc_T2W10', 'z_density_T2W10', 'z_diameter_T2W10', 'z_asp_T2W10']",,,,,,,,1.335779145669776,1.3645398079803412,98.0,1.3501594768250587,0.014380331155282654,0.07210120180319649,1.9844674545084815,completed,False,COMPLETE
487,1.0769802596158589,2026-06-12 18:26:14.046462,2026-06-12 18:26:16.213862,0 days 00:00:02.167400,,,,,,,,,,,,,,,RandomForestRegressor,3.0,,2.0,6.0,203.0,3,,,,,,,,True,,,,,,,,,,,,,,,,,,,,,,,,,,,,,,,,,,,,,,,,,,,,,,,,,,,,,RandomForestRegressor,"{'mode': 'original', 'type': 'RandomForestRegressor'}",3,"['z_l1_T2W10', 'z_l2_T2W10', 'z_l3_T2W10']",,,,,,,,,,,,,,,pruned,True,PRUNED
488,1.2657855179845072,2026-06-12 18:26:16.225282,2026-06-12 18:26:17.263933,0 days 00:00:01.038651,,,,,,,,,,,,,,,XGBRegressor,,,,,,2,,,,,,,,False,gbtree,0.8769340413549565,0.043615447042338384,6.0,161.0,0.0015886199576773381,1.3779643280309122,0.8755885684770214,,,,,,,,,,,,,,,,,,,,,,,,,,,,,,,,,,,,,,,,,,,,,XGBRegressor,"{'mode': 'original', 'type': 'XGBRegressor'}",2,"['z_lsc_T2W10', 'z_asp_T2W10']",,,,,,,,,,,,,,,pruned,False,PRUNED
489,1.026712739710905,2026-06-12 18:26:17.274193,2026-06-12 18:26:17.988155,0 days 00:00:00.713962,,,,,,,,,,,,,,,XGBRegressor,,,,,,4,,,,,,,,False,gbtree,0.7149788098899108,0.0028665332547584666,3.0,172.0,0.3009833970105686,1.1995541049382383e-07,0.671053810431797,,,,,,,,,,,,,,,,,,,,,,,,,,,,,,,,,,,,,,,,,,,,,XGBRegressor,"{'mode': 'original', 'type': 'XGBRegressor'}",4,"['z_pe_T2W10', 'z_l2_T2W10', 'z_l3_T2W10', 'z_density_T2W10']",,,,,,,,,,,,,,,pruned,False,PRUNED
490,1.2207476829995914,2026-06-12 18:26:17.998397,2026-06-12 18:26:19.222844,0 days 00:00:01.224447,,,,,,,,,,,,,,,XGBRegressor,,,,,,8,,,,,,,,False,gbtree,0.8285152491170537,0.10806113572524977,10.0,347.0,1.2175258738653325,3.941568343635868e-05,0.7833026294527314,,,,,,,,,,,,,,,,,,,,,,,,,,,,,,,,,,,,,,,,,,,,,XGBRegressor,"{'mode': 'original', 'type': 'XGBRegressor'}",8,"['z_re_T2W10', 'z_l1_T2W10', 'z_l2_T2W10', 'z_l3_T2W10', 'z_lsc_T2W10', 'z_density_T2W10', 'z_diameter_T2W10', 'z_asp_T2W10']",,,,,,,,,,,,,,,pruned,False,PRUNED
491,1.091156462585034,2026-06-12 18:26:19.233667,2026-06-12 18:26:19.350114,0 days 00:00:00.116447,,,,,,,,,,,euclidean,12.0,uniform,,KNeighborsRegressor,,,,,,8,,,,,0.015326057621818302,0.5665821846009316,LinearSVR,,,,,,,,,,,,,,,,,,,,,,,,,,,,,,,,,,,,,,,,,,,,,,,,,,,,,,KNeighborsRegressor,"{'mode': 'proxy', 'type': 'LinearSVR'}",8,"['z_pe_T2W10', 'z_l1_T2W10', 'z_l2_T2W10', 'z_l3_T2W10', 'z_lsc_T2W10', 'z_density_T2W10', 'z_diameter_T2W10', 'z_asp_T2W10']",,,,,,,,,,,,,,,pruned,True,PRUNED
492,1.0551448639971037,2026-06-12 18:26:19.360122,2026-06-12 18:26:19.485625,0 days 00:00:00.125503,,,,,,,,,,,,,,,LinearRegression,,,,,,6,,,,,,,,True,,,,,,,,,,,,,,,,,,,,,,,,,,,,,,,,,,,,,,,,,,,,,,,,,,,,,LinearRegression,"{'mode': 'original', 'type': 'LinearRegression'}",6,"['z_pe_T2W10', 'z_l1_T2W10', 'z_l2_T2W10', 'z_lsc_T2W10', 'z_diameter_T2W10', 'z_asp_T2W10']",,,,,,,,,,,,,,,pruned,True,PRUNED
493,1.0712241084810845,2026-06-12 18:26:19.495284,2026-06-12 18:26:20.447465,0 days 00:00:00.952181,,,,,,,,,,,,,,,RandomForestRegressor,3.0,sqrt,3.0,7.0,144.0,8,,,,,,,,True,,,,,,,,,,,,,,,,,,,,,,,,,,,,,,,,,,,,,,,,,,,,,,,,,,,,,RandomForestRegressor,"{'mode': 'original', 'type': 'RandomForestRegressor'}",8,"['z_re_T2W10', 'z_pe_T2W10', 'z_l1_T2W10', 'z_l2_T2W10', 'z_l3_T2W10', 'z_lsc_T2W10', 'z_density_T2W10', 'z_asp_T2W10']",,,,,,,,,,,,,,,pruned,True,PRUNED
494,1.3926712510547097,2026-06-12 18:26:20.457845,2026-06-12 18:26:20.613913,0 days 00:00:00.156068,11.0,1.0,9.0,,,,,,,,,,,,DecisionTreeRegressor,,,,,,7,,,,,,,,True,,,,,,,,,,,,,,,,,,,,,,,,,,,,,,,,,,,,,,,,,,,,,,,,,,,,,DecisionTreeRegressor,"{'mode': 'original', 'type': 'DecisionTreeRegressor'}",7,"['z_re_T2W10', 'z_pe_T2W10', 'z_l1_T2W10', 'z_l2_T2W10', 'z_l3_T2W10', 'z_lsc_T2W10', 'z_diameter_T2W10']",,,,,,,,,,,,,,,pruned,True,PRUNED
495,1.0645367287904721,2026-06-12 18:26:20.626893,2026-06-12 18:26:22.295934,0 days 00:00:01.669041,,,,,,,,,,,,,,,LinearRegression,,,,,,4,,,,,,,,True,,,,,,,,,-0.0459539635779332,-0.03336517623814861,98.0,-0.039659569908040905,0.006294393669892299,0.03155931134833083,1.9844674545084815,1.0531589580108387,1.0759144995701055,98.0,1.0645367287904721,0.011377770779633398,0.05704673544680518,1.9844674545084815,302935202637643.25,398586376727842.75,98.0,350760789682743.0,47825587045099.75,239791578209124.94,1.9844674545084815,3.1490954744687016,3.2333231844582526,98.0,3.191209329463477,0.04211385499477536,0.21115366015569126,1.9844674545084815,0.9319295639078207,0.9526131242161395,98.0,0.9422713440619801,0.010341780154159442,0.05185240658560385,1.9844674545084815,99.0,0.6161616161616161,-0.033811604125901784,-0.012684735029677749,98.0,-0.023248169577789767,0.010563434548112018,0.052963754301895406,1.9844674545084815,LinearRegression,"{'mode': 'original', 'type': 'LinearRegression'}",4,"['z_pe_T2W10', 'z_l2_T2W10', 'z_diameter_T2W10', 'z_asp_T2W10']",0.04697081365565489,0.09418530729668764,98.0,0.07057806047617127,0.023607246820516375,0.1183638157316457,1.9844674545084815,1.346710810407459,1.377285713721801,98.0,1.36199826206463,0.015287451657171137,0.07664939180384553,1.9844674545084815,completed,True,COMPLETE
496,1.0241187384044526,2026-06-12 18:26:22.309007,2026-06-12 18:26:24.497120,0 days 00:00:02.188113,,,,,,,,,,,,,,0.23939475196027465,QuantileRegressor,,,,,,7,,,,,,,,False,,,,,,,,,0.0,0.0,98.0,0.0,0.0,0.0,1.9844674545084815,1.0142445249741314,1.0339929518347737,98.0,1.0241187384044526,0.009874213430321107,0.04950808486255764,1.9844674545084815,305901430884989.94,401528566240617.56,98.0,353714998562803.75,47813567677813.83,239731314588150.53,1.9844674545084815,2.951594894990265,3.0080010646056943,98.0,2.9797979797979797,0.028203084807714735,0.14140677897022574,1.9844674545084815,1.0,1.0,98.0,1.0,0.0,0.0,1.9844674545084815,99.0,0.9393939393939394,-0.005464225809889945,-0.0036532722000295697,98.0,-0.004558749004959757,0.0009054768049301876,0.004539948707398303,1.9844674545084815,QuantileRegressor,"{'mode': 'original', 'type': 'QuantileRegressor'}",7,"['z_l1_T2W10', 'z_l2_T2W10', 'z_l3_T2W10', 'z_lsc_T2W10', 'z_density_T2W10', 'z_diameter_T2W10', 'z_asp_T2W10']",,,,,,,,1.335779145669776,1.3645398079803412,98.0,1.3501594768250587,0.014380331155282654,0.07210120180319649,1.9844674545084815,completed,False,COMPLETE
497,1.1017175679462485,2026-06-12 18:26:24.509932,2026-06-12 18:26:25.173473,0 days 00:00:00.663541,,,,,,11.0,,5.0,10.0,154.0,,,,,ExtraTreesRegressor,,,,,,9,,,,,,,,True,,,,,,,,,,,,,,,,,,,,,,,,,,,,,,,,,,,,,,,,,,,,,,,,,,,,,ExtraTreesRegressor,"{'mode': 'original', 'type': 'ExtraTreesRegressor'}",9,"['z_re_T2W10', 'z_pe_T2W10', 'z_l1_T2W10', 'z_l2_T2W10', 'z_l3_T2W10', 'z_lsc_T2W10', 'z_density_T2W10', 'z_diameter_T2W10', 'z_asp_T2W10']",,,,,,,,,,,,,,,pruned,True,PRUNED
498,1.1220244694149275,2026-06-12 18:26:25.183744,2026-06-12 18:26:27.734356,0 days 00:00:02.550612,,,,,,,,,,,,,,,RandomForestRegressor,12.0,log2,3.0,11.0,425.0,8,,,,,,,,True,,,,,,,,,,,,,,,,,,,,,,,,,,,,,,,,,,,,,,,,,,,,,,,,,,,,,RandomForestRegressor,"{'mode': 'original', 'type': 'RandomForestRegressor'}",8,"['z_re_T2W10', 'z_pe_T2W10', 'z_l1_T2W10', 'z_l2_T2W10', 'z_l3_T2W10', 'z_lsc_T2W10', 'z_density_T2W10', 'z_diameter_T2W10']",,,,,,,,,,,,,,,pruned,True,PRUNED
499,1.1290865692398675,2026-06-12 18:26:27.745209,2026-06-12 18:26:29.160283,0 days 00:00:01.415074,,,,,,,,,,,,,,,RandomForestRegressor,15.0,log2,4.0,5.0,228.0,8,,,,,,,,True,,,,,,,,,,,,,,,,,,,,,,,,,,,,,,,,,,,,,,,,,,,,,,,,,,,,,RandomForestRegressor,"{'mode': 'original', 'type': 'RandomForestRegressor'}",8,"['z_re_T2W10', 'z_pe_T2W10', 'z_l1_T2W10', 'z_l2_T2W10', 'z_l3_T2W10', 'z_lsc_T2W10', 'z_density_T2W10', 'z_diameter_T2W10']",,,,,,,,,,,,,,,pruned,True,PRUNED
500,1.0530364372279128,2026-06-12 18:26:29.170096,2026-06-12 18:26:29.315764,0 days 00:00:00.145668,,,,0.0012983159593181188,0.3072164170212709,,,,,,,,,,ElasticNet,,,,,,6,,,,,,,,False,,,,,,,,,,,,,,,,,,,,,,,,,,,,,,,,,,,,,,,,,,,,,,,,,,,,,ElasticNet,"{'mode': 'original', 'type': 'ElasticNet'}",6,"['z_pe_T2W10', 'z_l1_T2W10', 'z_l2_T2W10', 'z_lsc_T2W10', 'z_diameter_T2W10', 'z_asp_T2W10']",,,,,,,,,,,,,,,pruned,False,PRUNED
501,1.3292032530323283,2026-06-12 18:26:29.327338,2026-06-12 18:26:29.454521,0 days 00:00:00.127183,,,,,,,,,,,euclidean,3.0,distance,,KNeighborsRegressor,,,,,,3,,,,,7.920678473390555,0.00034820752090989644,LinearSVR,,,,,,,,,,,,,,,,,,,,,,,,,,,,,,,,,,,,,,,,,,,,,,,,,,,,,,KNeighborsRegressor,"{'mode': 'proxy', 'type': 'LinearSVR'}",3,"['z_pe_T2W10', 'z_diameter_T2W10', 'z_asp_T2W10']",,,,,,,,,,,,,,,pruned,True,PRUNED
502,1.0322546002614439,2026-06-12 18:26:29.464171,2026-06-12 18:26:31.088096,0 days 00:00:01.623925,,,,0.8646887143722551,0.3064328227033716,,,,,,,,,,ElasticNet,,,,,,2,,,,,,,,True,,,,,,,,,-0.008774517233966519,-0.007307379942279476,98.0,-0.008040948588122997,0.0007335686458435219,0.0036780224599369973,1.9844674545084815,1.0226964071461264,1.0418127933767614,98.0,1.0322546002614439,0.009558193115317581,0.04792359808962206,1.9844674545084815,302668413340937.56,397512391490111.2,98.0,350090402415524.4,47421989074586.79,237767987903374.22,1.9844674545084815,2.9843885683830167,3.0416200204998236,98.0,3.01300429444142,0.028615726058403256,0.14347571116427238,1.9844674545084815,0.9620448713524847,0.9700908571904299,98.0,0.9660678642714573,0.004022992918972516,0.020170788917966784,1.9844674545084815,99.0,1.0,-0.0040202152711158335,-0.002354630224295667,98.0,-0.0031874227477057503,0.0008327925234100832,0.0041755187097013285,1.9844674545084815,ElasticNet,"{'mode': 'original', 'type': 'ElasticNet'}",2,"['z_diameter_T2W10', 'z_asp_T2W10']",,,,,,,,1.3349089651858284,1.3635379675582484,98.0,1.3492234663720384,0.01431450118621002,0.07177113848034591,1.9844674545084815,completed,True,COMPLETE
503,1.0254314206619948,2026-06-12 18:26:31.100960,2026-06-12 18:26:33.344001,0 days 00:00:02.243041,,,,,,,,,,,,,,0.00017900514722041515,QuantileRegressor,,,,,,5,,,,,,,,False,,,,,,,,,-0.004084366304499537,0.0013472841504755845,98.0,-0.0013685410770119763,0.0027158252274875607,0.01361681178790933,1.9844674545084815,1.0155604859245568,1.0353023553994327,98.0,1.0254314206619948,0.009870934737437855,0.04949164590196116,1.9844674545084815,305901430884990.0,401528566240617.6,98.0,353714998562803.8,47813567677813.84,239731314588150.6,1.9844674545084815,2.9519561143814266,3.0084047061632835,98.0,2.980180410272355,0.02822429589092843,0.14151312871799865,1.9844674545084815,0.9996383323971498,1.0010964153107489,98.0,1.0003673738539494,0.0007290414567995448,0.0036553236940089886,1.9844674545084815,99.0,0.9393939393939394,-0.007571945154133753,-0.003455567936586001,98.0,-0.005513756545359877,0.002058188608773876,0.010319503120464028,1.9844674545084815,QuantileRegressor,"{'mode': 'original', 'type': 'QuantileRegressor'}",5,"['z_l3_T2W10', 'z_lsc_T2W10', 'z_density_T2W10', 'z_diameter_T2W10', 'z_asp_T2W10']",-0.25246995385914994,0.13225883514196854,3.0,-0.060105559358590716,0.19236439450055925,0.12089089715743714,3.1824463052837078,1.336436744246665,1.365079688314524,98.0,1.3507582162805944,0.014321472033929552,0.07180608944863295,1.9844674545084815,completed,False,COMPLETE
504,1.138192419825073,2026-06-12 18:26:33.370023,2026-06-12 18:26:33.590835,0 days 00:00:00.220812,,,,,,,,,,,manhattan,7.0,uniform,,KNeighborsRegressor,,,,,,6,6.0,1.0,7.0,40.0,,,ExtraTrees,,,,,,,,,,,,,,,,,,,,,,,,,,,,,,,,,,,,,,,,,,,,,,,,,,,,,,KNeighborsRegressor,"{'mode': 'proxy', 'type': 'ExtraTrees'}",6,"['z_re_T2W10', 'z_pe_T2W10', 'z_l2_T2W10', 'z_l3_T2W10', 'z_lsc_T2W10', 'z_density_T2W10']",,,,,,,,,,,,,,,pruned,True,PRUNED
505,1.0707976825460366,2026-06-12 18:26:33.600903,2026-06-12 18:26:35.313030,0 days 00:00:01.712127,,,,,,,,,,,,,,,LinearRegression,,,,,,5,,,,,,,,True,,,,,,,,,-0.052554829484309756,-0.03902051118917099,98.0,-0.045787670336740374,0.0067671591475693856,0.033929698980124566,1.9844674545084815,1.059143862945236,1.082451502146837,98.0,1.0707976825460366,0.011653819600800579,0.05843081009345877,1.9844674545084815,303587225917552.1,399511241935237.5,98.0,351549233926394.8,47962008008842.69,240475576048312.6,1.9844674545084815,3.156395369560789,3.246288513101283,98.0,3.201341941331036,0.04494657177024723,0.22535655170764057,1.9844674545084815,0.9259455257644006,0.9475060970999231,98.0,0.9367258114321618,0.010780285667761269,0.054051018994915795,1.9844674545084815,99.0,0.6868686868686869,-0.04270598365785157,-0.019886470917692176,98.0,-0.03129622728777187,0.011409756370079694,0.05720710724121379,1.9844674545084815,LinearRegression,"{'mode': 'original', 'type': 'LinearRegression'}",5,"['z_pe_T2W10', 'z_l2_T2W10', 'z_lsc_T2W10', 'z_diameter_T2W10', 'z_asp_T2W10']",0.040132363408441875,0.08909251096061405,98.0,0.06461243718452796,0.024480073776086082,0.12274006213259751,1.9844674545084815,1.351786828003647,1.3827209786432155,98.0,1.3672539033234312,0.015467075319784338,0.07755000263170855,1.9844674545084815,completed,True,COMPLETE
506,1.1173939141940916,2026-06-12 18:26:35.325770,2026-06-12 18:26:35.732215,0 days 00:00:00.406445,,,,,,,,,,,euclidean,9.0,distance,,KNeighborsRegressor,,,,,,2,5.0,2.0,9.0,70.0,,,ExtraTrees,,,,,,,,,,,,,,,,,,,,,,,,,,,,,,,,,,,,,,,,,,,,,,,,,,,,,,KNeighborsRegressor,"{'mode': 'proxy', 'type': 'ExtraTrees'}",2,"['z_l2_T2W10', 'z_l3_T2W10']",,,,,,,,,,,,,,,pruned,True,PRUNED
507,1.055144863997104,2026-06-12 18:26:35.742329,2026-06-12 18:26:35.870953,0 days 00:00:00.128624,,,,,,,,,,,,,,,LinearRegression,,,,,,6,,,,,,,,False,,,,,,,,,,,,,,,,,,,,,,,,,,,,,,,,,,,,,,,,,,,,,,,,,,,,,LinearRegression,"{'mode': 'original', 'type': 'LinearRegression'}",6,"['z_pe_T2W10', 'z_l1_T2W10', 'z_l2_T2W10', 'z_lsc_T2W10', 'z_diameter_T2W10', 'z_asp_T2W10']",,,,,,,,,,,,,,,pruned,False,PRUNED
508,1.277201166180758,2026-06-12 18:26:35.880460,2026-06-12 18:26:36.006190,0 days 00:00:00.125730,16.0,5.0,2.0,,,,,,,,,,,,DecisionTreeRegressor,,,,,,2,,,,,,,,True,,,,,,,,,,,,,,,,,,,,,,,,,,,,,,,,,,,,,,,,,,,,,,,,,,,,,DecisionTreeRegressor,"{'mode': 'original', 'type': 'DecisionTreeRegressor'}",2,"['z_l1_T2W10', 'z_l3_T2W10']",,,,,,,,,,,,,,,pruned,True,PRUNED
509,1.0322546002614439,2026-06-12 18:26:36.016128,2026-06-12 18:26:37.797376,0 days 00:00:01.781248,,,,0.2339884881450403,0.8468872244289528,,,,,,,,,,ElasticNet,,,,,,4,,,,,,,,False,,,,,,,,,-0.008774517233966519,-0.007307379942279476,98.0,-0.008040948588122997,0.0007335686458435219,0.0036780224599369973,1.9844674545084815,1.0226964071461264,1.0418127933767614,98.0,1.0322546002614439,0.009558193115317581,0.04792359808962206,1.9844674545084815,302668413340937.56,397512391490111.2,98.0,350090402415524.4,47421989074586.79,237767987903374.22,1.9844674545084815,2.9843885683830167,3.0416200204998236,98.0,3.01300429444142,0.028615726058403256,0.14347571116427238,1.9844674545084815,0.9620448713524847,0.9700908571904299,98.0,0.9660678642714573,0.004022992918972516,0.020170788917966784,1.9844674545084815,99.0,1.0,-0.0040202152711158335,-0.002354630224295667,98.0,-0.0031874227477057503,0.0008327925234100832,0.0041755187097013285,1.9844674545084815,ElasticNet,"{'mode': 'original', 'type': 'ElasticNet'}",4,"['z_lsc_T2W10', 'z_density_T2W10', 'z_diameter_T2W10', 'z_asp_T2W10']",,,,,,,,1.3349089651858284,1.3635379675582484,98.0,1.3492234663720384,0.01431450118621002,0.07177113848034591,1.9844674545084815,completed,False,COMPLETE
510,1.2863577370740928,2026-06-12 18:26:37.810635,2026-06-12 18:26:38.659525,0 days 00:00:00.848890,,,,,,,,,,,,,,,XGBRegressor,,,,,,7,,,,,,,,False,gbtree,0.5299716504306542,0.07089301624794533,7.0,155.0,1.5092586963835046e-07,0.0028442823442350845,0.6093569444532696,,,,,,,,,,,,,,,,,,,,,,,,,,,,,,,,,,,,,,,,,,,,,XGBRegressor,"{'mode': 'original', 'type': 'XGBRegressor'}",7,"['z_l1_T2W10', 'z_l2_T2W10', 'z_l3_T2W10', 'z_lsc_T2W10', 'z_density_T2W10', 'z_diameter_T2W10', 'z_asp_T2W10']",,,,,,,,,,,,,,,pruned,False,PRUNED
511,1.0241187384044526,2026-06-12 18:26:38.670449,2026-06-12 18:26:41.350754,0 days 00:00:02.680305,,,,,,,,,,,,,,0.013551637750925319,QuantileRegressor,,,,,,6,,,,,,,,False,,,,,,,,,-3.70327549340163e-17,-3.3389914159893928e-18,98.0,-2.0185873175002847e-17,1.6846881759013454e-17,8.446818145874219e-17,1.9844674545084815,1.0142445249741314,1.0339929518347737,98.0,1.0241187384044526,0.009874213430321103,0.04950808486255762,1.9844674545084815,305901430884989.94,401528566240617.56,98.0,353714998562803.75,47813567677813.83,239731314588150.53,1.9844674545084815,2.951594894990265,3.0080010646056943,98.0,2.9797979797979797,0.028203084807714742,0.14140677897022577,1.9844674545084815,0.9999999999999999,1.0,98.0,1.0,6.198750916384051e-17,3.107977041166899e-16,1.9844674545084815,99.0,0.9393939393939394,-0.005464225809889952,-0.003653272200029577,98.0,-0.004558749004959764,0.0009054768049301873,0.004539948707398302,1.9844674545084815,QuantileRegressor,"{'mode': 'original', 'type': 'QuantileRegressor'}",6,"['z_l2_T2W10', 'z_l3_T2W10', 'z_lsc_T2W10', 'z_density_T2W10', 'z_diameter_T2W10', 'z_asp_T2W10']",,,,,,,,1.335779145669776,1.3645398079803412,98.0,1.3501594768250587,0.014380331155282654,0.07210120180319649,1.9844674545084815,completed,False,COMPLETE
512,1.097133765940336,2026-06-12 18:26:41.375215,2026-06-12 18:26:42.475626,0 days 00:00:01.100411,,,,,,,,,,,,,,,RandomForestRegressor,13.0,,5.0,5.0,90.0,4,,,,,,,,True,,,,,,,,,,,,,,,,,,,,,,,,,,,,,,,,,,,,,,,,,,,,,,,,,,,,,RandomForestRegressor,"{'mode': 'original', 'type': 'RandomForestRegressor'}",4,"['z_re_T2W10', 'z_l1_T2W10', 'z_l2_T2W10', 'z_l3_T2W10']",,,,,,,,,,,,,,,pruned,True,PRUNED
513,1.2936039098029424,2026-06-12 18:26:42.487149,2026-06-12 18:26:42.631241,0 days 00:00:00.144092,6.0,4.0,14.0,,,,,,,,,,,,DecisionTreeRegressor,,,,,,6,,,,,,,,False,,,,,,,,,,,,,,,,,,,,,,,,,,,,,,,,,,,,,,,,,,,,,,,,,,,,,DecisionTreeRegressor,"{'mode': 'original', 'type': 'DecisionTreeRegressor'}",6,"['z_re_T2W10', 'z_l1_T2W10', 'z_l2_T2W10', 'z_l3_T2W10', 'z_lsc_T2W10', 'z_density_T2W10']",,,,,,,,,,,,,,,pruned,False,PRUNED
