number,value,datetime_start,datetime_complete,duration,params_dt_max_depth,params_dt_min_samples_leaf,params_dt_min_samples_split,params_elastic_alpha,params_elastic_l1_ratio,params_et_max_depth,params_et_max_features,params_et_min_samples_leaf,params_et_min_samples_split,params_et_n_estimators,params_knn_metric,params_knn_n_neighbors,params_knn_weights,params_quantile_alpha,params_regressor,params_rf_max_depth,params_rf_max_features,params_rf_min_samples_leaf,params_rf_min_samples_split,params_rf_n_estimators,params_rfe_n_features,params_rfe_proxy_et_max_depth,params_rfe_proxy_et_min_samples_leaf,params_rfe_proxy_et_min_samples_split,params_rfe_proxy_et_n_estimators,params_rfe_proxy_lsvr_C,params_rfe_proxy_lsvr_epsilon,params_rfe_proxy_type,params_use_scaler,params_xgb_booster,params_xgb_colsample_bytree,params_xgb_learning_rate,params_xgb_max_depth,params_xgb_n_estimators,params_xgb_reg_alpha,params_xgb_reg_lambda,params_xgb_subsample,user_attrs_d2mae_ci_lower_val,user_attrs_d2mae_ci_upper_val,user_attrs_d2mae_df_val,user_attrs_d2mae_mean_val,user_attrs_d2mae_samperror_val,user_attrs_d2mae_std_val,user_attrs_d2mae_t_critical_val,user_attrs_mae_ci_lower_val,user_attrs_mae_ci_upper_val,user_attrs_mae_df_val,user_attrs_mae_mean_val,user_attrs_mae_samperror_val,user_attrs_mae_std_val,user_attrs_mae_t_critical_val,user_attrs_mape_ci_lower_val,user_attrs_mape_ci_upper_val,user_attrs_mape_df_val,user_attrs_mape_mean_val,user_attrs_mape_samperror_val,user_attrs_mape_std_val,user_attrs_mape_t_critical_val,user_attrs_max_error_ci_lower_val,user_attrs_max_error_ci_upper_val,user_attrs_max_error_df_val,user_attrs_max_error_mean_val,user_attrs_max_error_samperror_val,user_attrs_max_error_std_val,user_attrs_max_error_t_critical_val,user_attrs_median_ae_ci_lower_val,user_attrs_median_ae_ci_upper_val,user_attrs_median_ae_df_val,user_attrs_median_ae_mean_val,user_attrs_median_ae_samperror_val,user_attrs_median_ae_std_val,user_attrs_median_ae_t_critical_val,user_attrs_n_splits_val,user_attrs_r2_below_zero_val,user_attrs_r2_ci_lower_val,user_attrs_r2_ci_upper_val,user_attrs_r2_df_val,user_attrs_r2_mean_val,user_attrs_r2_samperror_val,user_attrs_r2_std_val,user_attrs_r2_t_critical_val,user_attrs_regressor_final,user_attrs_rfe_estimator,user_attrs_rfe_n_features,user_attrs_rfe_selected_features,user_attrs_rho_ci_lower_val,user_attrs_rho_ci_upper_val,user_attrs_rho_df_val,user_attrs_rho_mean_val,user_attrs_rho_samperror_val,user_attrs_rho_std_val,user_attrs_rho_t_critical_val,user_attrs_rmse_ci_lower_val,user_attrs_rmse_ci_upper_val,user_attrs_rmse_df_val,user_attrs_rmse_mean_val,user_attrs_rmse_samperror_val,user_attrs_rmse_std_val,user_attrs_rmse_t_critical_val,user_attrs_termination_reason,user_attrs_use_scaler_final,state
430,1.0707976825460366,2026-06-12 18:24:00.247895,2026-06-12 18:24:03.336832,0 days 00:00:03.088937,,,,,,,,,,,,,,,LinearRegression,,,,,,5,,,,,,,,True,,,,,,,,,-0.052554829484309756,-0.03902051118917099,98.0,-0.045787670336740374,0.0067671591475693856,0.033929698980124566,1.9844674545084815,1.059143862945236,1.082451502146837,98.0,1.0707976825460366,0.011653819600800579,0.05843081009345877,1.9844674545084815,303587225917552.1,399511241935237.5,98.0,351549233926394.8,47962008008842.69,240475576048312.6,1.9844674545084815,3.156395369560789,3.246288513101283,98.0,3.201341941331036,0.04494657177024723,0.22535655170764057,1.9844674545084815,0.9259455257644006,0.9475060970999231,98.0,0.9367258114321618,0.010780285667761269,0.054051018994915795,1.9844674545084815,99.0,0.6868686868686869,-0.04270598365785157,-0.019886470917692176,98.0,-0.03129622728777187,0.011409756370079694,0.05720710724121379,1.9844674545084815,LinearRegression,"{'mode': 'original', 'type': 'LinearRegression'}",5,"['z_pe_T2W10', 'z_l2_T2W10', 'z_lsc_T2W10', 'z_diameter_T2W10', 'z_asp_T2W10']",0.040132363408441875,0.08909251096061405,98.0,0.06461243718452796,0.024480073776086082,0.12274006213259751,1.9844674545084815,1.351786828003647,1.3827209786432155,98.0,1.3672539033234312,0.015467075319784338,0.07755000263170855,1.9844674545084815,completed,True,COMPLETE
431,1.3409268732818678,2026-06-12 18:24:03.351498,2026-06-12 18:24:03.687966,0 days 00:00:00.336468,8.0,2.0,19.0,,,,,,,,,,,,DecisionTreeRegressor,,,,,,7,,,,,,,,True,,,,,,,,,,,,,,,,,,,,,,,,,,,,,,,,,,,,,,,,,,,,,,,,,,,,,DecisionTreeRegressor,"{'mode': 'original', 'type': 'DecisionTreeRegressor'}",7,"['z_re_T2W10', 'z_pe_T2W10', 'z_l1_T2W10', 'z_l2_T2W10', 'z_l3_T2W10', 'z_diameter_T2W10', 'z_asp_T2W10']",,,,,,,,,,,,,,,pruned,True,PRUNED
432,1.024118738404453,2026-06-12 18:24:03.698024,2026-06-12 18:24:06.482171,0 days 00:00:02.784147,,,,,,,,,,,,,,0.002782432865907844,QuantileRegressor,,,,,,5,,,,,,,,True,,,,,,,,,-5.900559799170696e-16,-1.0972095681636235e-16,98.0,-3.49888468366716e-16,2.4016751155035363e-16,1.2041701981600304e-15,1.9844674545084815,1.0142445249741319,1.0339929518347741,98.0,1.024118738404453,0.009874213430321084,0.049508084862557526,1.9844674545084815,305901430884990.0,401528566240617.6,98.0,353714998562803.8,47813567677813.83,239731314588150.5,1.9844674545084815,2.9515948949902664,3.0080010646056956,98.0,2.979797979797981,0.028203084807714763,0.14140677897022588,1.9844674545084815,0.9999999999999997,1.0,98.0,0.9999999999999999,1.7741217413518048e-16,8.89522698158828e-16,1.9844674545084815,99.0,0.9393939393939394,-0.005464225809890068,-0.0036532722000297345,98.0,-0.004558749004959901,0.0009054768049301669,0.004539948707398199,1.9844674545084815,QuantileRegressor,"{'mode': 'original', 'type': 'QuantileRegressor'}",5,"['z_l3_T2W10', 'z_lsc_T2W10', 'z_density_T2W10', 'z_diameter_T2W10', 'z_asp_T2W10']",-0.2040994003903241,-0.02587381454702188,3.0,-0.11498660746867298,0.0891127929216511,0.05600270004474241,3.1824463052837078,1.3357791456697765,1.3645398079803417,98.0,1.350159476825059,0.014380331155282648,0.07210120180319646,1.9844674545084815,completed,True,COMPLETE
433,1.0256159462889702,2026-06-12 18:24:06.495223,2026-06-12 18:24:06.658445,0 days 00:00:00.163222,,,,0.006103877323127746,0.7875490858587793,,,,,,,,,,ElasticNet,,,,,,4,,,,,,,,True,,,,,,,,,,,,,,,,,,,,,,,,,,,,,,,,,,,,,,,,,,,,,,,,,,,,,ElasticNet,"{'mode': 'original', 'type': 'ElasticNet'}",4,"['z_pe_T2W10', 'z_l2_T2W10', 'z_diameter_T2W10', 'z_asp_T2W10']",,,,,,,,,,,,,,,pruned,True,PRUNED
434,1.1167346938775509,2026-06-12 18:24:06.668291,2026-06-12 18:24:07.090578,0 days 00:00:00.422287,,,,,,,,,,,manhattan,5.0,uniform,,KNeighborsRegressor,,,,,,4,8.0,4.0,7.0,50.0,,,ExtraTrees,,,,,,,,,,,,,,,,,,,,,,,,,,,,,,,,,,,,,,,,,,,,,,,,,,,,,,KNeighborsRegressor,"{'mode': 'proxy', 'type': 'ExtraTrees'}",4,"['z_re_T2W10', 'z_pe_T2W10', 'z_l2_T2W10', 'z_l3_T2W10']",,,,,,,,,,,,,,,pruned,True,PRUNED
435,1.0241187384044528,2026-06-12 18:24:07.106225,2026-06-12 18:24:09.509744,0 days 00:00:02.403519,,,,,,,,,,,,,,0.0008524707546537274,QuantileRegressor,,,,,,4,,,,,,,,False,,,,,,,,,-1.995985036414799e-16,-4.711772405299932e-17,98.0,-1.2335811384723962e-16,7.62403897942403e-17,3.822598847516481e-16,1.9844674545084815,1.0142445249741316,1.033992951834774,98.0,1.0241187384044528,0.009874213430321114,0.04950808486255767,1.9844674545084815,305901430884989.9,401528566240617.5,98.0,353714998562803.7,47813567677813.836,239731314588150.56,1.9844674545084815,2.951594894990265,3.0080010646056943,98.0,2.9797979797979797,0.028203084807714753,0.14140677897022583,1.9844674545084815,0.9999999999999999,1.0000000000000002,98.0,1.0,1.3088517363833358e-16,6.562420722889405e-16,1.9844674545084815,99.0,0.9393939393939394,-0.005464225809889975,-0.0036532722000295935,98.0,-0.004558749004959784,0.0009054768049301909,0.00453994870739832,1.9844674545084815,QuantileRegressor,"{'mode': 'original', 'type': 'QuantileRegressor'}",4,"['z_lsc_T2W10', 'z_density_T2W10', 'z_diameter_T2W10', 'z_asp_T2W10']",,,0.0,-0.09754392441319645,,,,1.3357791456697763,1.3645398079803415,98.0,1.3501594768250589,0.014380331155282654,0.07210120180319649,1.9844674545084815,completed,False,COMPLETE
436,1.103999169939934,2026-06-12 18:24:09.522613,2026-06-12 18:24:11.516847,0 days 00:00:01.994234,,,,,,16.0,sqrt,1.0,9.0,362.0,,,,,ExtraTreesRegressor,,,,,,5,,,,,,,,True,,,,,,,,,,,,,,,,,,,,,,,,,,,,,,,,,,,,,,,,,,,,,,,,,,,,,ExtraTreesRegressor,"{'mode': 'original', 'type': 'ExtraTreesRegressor'}",5,"['z_pe_T2W10', 'z_l1_T2W10', 'z_l2_T2W10', 'z_l3_T2W10', 'z_density_T2W10']",,,,,,,,,,,,,,,pruned,True,PRUNED
437,1.035008374206112,2026-06-12 18:24:11.528463,2026-06-12 18:24:14.689774,0 days 00:00:03.161311,,,,,,,,,,,,,,,XGBRegressor,,,,,,5,,,,,,,,False,gblinear,0.9834227498996426,0.0010084417932528184,4.0,187.0,1.0438578212275792e-06,0.009277366769193843,0.8646723970439982,-0.012100205524738134,-0.009376609271046481,98.0,-0.010738407397892308,0.001361798126845826,0.006827887376074542,1.9844674545084815,1.0253908446910343,1.0446259037211898,98.0,1.035008374206112,0.009617529515077848,0.04822110345908766,1.9844674545084815,302322278644488.56,397263134691696.06,98.0,349792706668092.3,47470428023603.73,238010854802647.38,1.9844674545084815,3.004649600313785,3.0635020374474946,98.0,3.03407581888064,0.029426218566854616,0.14753942035711412,1.9844674545084815,0.9723070919824051,0.9806680366538105,98.0,0.9764875643181078,0.004180472335702779,0.020960371235850147,1.9844674545084815,99.0,0.5151515151515151,-0.004352666121674304,-0.0003591018127765866,98.0,-0.002355883967225445,0.0019967821544488585,0.010011618753442315,1.9844674545084815,XGBRegressor,"{'mode': 'original', 'type': 'XGBRegressor'}",5,"['z_pe_T2W10', 'z_l2_T2W10', 'z_l3_T2W10', 'z_lsc_T2W10', 'z_density_T2W10']",0.03549798398989779,0.09747806584595967,98.0,0.06648802491792873,0.030990040928030933,0.15538023225706155,1.9844674545084815,1.3343531071933388,1.36291026883445,98.0,1.3486316880138944,0.014278580820555652,0.07159103820971072,1.9844674545084815,completed,False,COMPLETE
438,1.264347078658303,2026-06-12 18:24:14.762834,2026-06-12 18:24:14.922095,0 days 00:00:00.159261,9.0,4.0,13.0,,,,,,,,,,,,DecisionTreeRegressor,,,,,,2,,,,,,,,True,,,,,,,,,,,,,,,,,,,,,,,,,,,,,,,,,,,,,,,,,,,,,,,,,,,,,DecisionTreeRegressor,"{'mode': 'original', 'type': 'DecisionTreeRegressor'}",2,"['z_l2_T2W10', 'z_l3_T2W10']",,,,,,,,,,,,,,,pruned,True,PRUNED
439,1.0903354019111577,2026-06-12 18:24:14.931964,2026-06-12 18:24:15.331229,0 days 00:00:00.399265,,,,,,,,,,,euclidean,13.0,distance,,KNeighborsRegressor,,,,,,5,11.0,4.0,9.0,80.0,,,ExtraTrees,,,,,,,,,,,,,,,,,,,,,,,,,,,,,,,,,,,,,,,,,,,,,,,,,,,,,,KNeighborsRegressor,"{'mode': 'proxy', 'type': 'ExtraTrees'}",5,"['z_re_T2W10', 'z_pe_T2W10', 'z_l2_T2W10', 'z_l3_T2W10', 'z_density_T2W10']",,,,,,,,,,,,,,,pruned,True,PRUNED
440,1.0602223573966312,2026-06-12 18:24:15.341242,2026-06-12 18:24:15.555975,0 days 00:00:00.214733,,,,,,,,,,,,,,,LinearRegression,,,,,,8,,,,,,,,False,,,,,,,,,,,,,,,,,,,,,,,,,,,,,,,,,,,,,,,,,,,,,,,,,,,,,LinearRegression,"{'mode': 'original', 'type': 'LinearRegression'}",8,"['z_pe_T2W10', 'z_l1_T2W10', 'z_l2_T2W10', 'z_l3_T2W10', 'z_lsc_T2W10', 'z_density_T2W10', 'z_diameter_T2W10', 'z_asp_T2W10']",,,,,,,,,,,,,,,pruned,False,PRUNED
441,1.1112880923937667,2026-06-12 18:24:15.565866,2026-06-12 18:24:16.250789,0 days 00:00:00.684923,,,,,,,,,,,,,,,RandomForestRegressor,17.0,sqrt,4.0,2.0,61.0,7,,,,,,,,True,,,,,,,,,,,,,,,,,,,,,,,,,,,,,,,,,,,,,,,,,,,,,,,,,,,,,RandomForestRegressor,"{'mode': 'original', 'type': 'RandomForestRegressor'}",7,"['z_re_T2W10', 'z_pe_T2W10', 'z_l1_T2W10', 'z_l2_T2W10', 'z_l3_T2W10', 'z_lsc_T2W10', 'z_density_T2W10']",,,,,,,,,,,,,,,pruned,True,PRUNED
442,1.0241187384044526,2026-06-12 18:24:16.262697,2026-06-12 18:24:20.161790,0 days 00:00:03.899093,,,,,,,,,,,,,,0.009610996297600935,QuantileRegressor,,,,,,3,,,,,,,,True,,,,,,,,,-4.5548250745694914e-17,-3.79499479320093e-18,98.0,-2.4671622769447922e-17,2.0876627976246992e-17,1.0467283057891831e-16,1.9844674545084815,1.0142445249741314,1.0339929518347737,98.0,1.0241187384044526,0.009874213430321103,0.04950808486255762,1.9844674545084815,305901430884989.94,401528566240617.56,98.0,353714998562803.75,47813567677813.83,239731314588150.53,1.9844674545084815,2.951594894990265,3.0080010646056943,98.0,2.9797979797979797,0.02820308480771473,0.14140677897022572,1.9844674545084815,0.9999999999999999,1.0,98.0,1.0,8.991750623558359e-17,4.508352549551951e-16,1.9844674545084815,99.0,0.9494949494949495,-0.0054642258098899395,-0.003653272200029567,98.0,-0.004558749004959753,0.000905476804930186,0.004539948707398296,1.9844674545084815,QuantileRegressor,"{'mode': 'original', 'type': 'QuantileRegressor'}",3,"['z_density_T2W10', 'z_diameter_T2W10', 'z_asp_T2W10']",,,,,,,,1.335779145669776,1.3645398079803412,98.0,1.3501594768250587,0.014380331155282654,0.07210120180319649,1.9844674545084815,completed,True,COMPLETE
443,1.0435434553544298,2026-06-12 18:24:20.237780,2026-06-12 18:24:22.762563,0 days 00:00:02.524783,,,,,,19.0,log2,4.0,2.0,425.0,,,,,ExtraTreesRegressor,,,,,,4,,,,,,,,True,,,,,,,,,,,,,,,,,,,,,,,,,,,,,,,,,,,,,,,,,,,,,,,,,,,,,ExtraTreesRegressor,"{'mode': 'original', 'type': 'ExtraTreesRegressor'}",4,"['z_pe_T2W10', 'z_l2_T2W10', 'z_l3_T2W10', 'z_density_T2W10']",,,,,,,,,,,,,,,pruned,True,PRUNED
444,1.53802450530982,2026-06-12 18:24:22.772403,2026-06-12 18:24:22.989924,0 days 00:00:00.217521,8.0,2.0,3.0,,,,,,,,,,,,DecisionTreeRegressor,,,,,,9,,,,,,,,False,,,,,,,,,,,,,,,,,,,,,,,,,,,,,,,,,,,,,,,,,,,,,,,,,,,,,DecisionTreeRegressor,"{'mode': 'original', 'type': 'DecisionTreeRegressor'}",9,"['z_re_T2W10', 'z_pe_T2W10', 'z_l1_T2W10', 'z_l2_T2W10', 'z_l3_T2W10', 'z_lsc_T2W10', 'z_density_T2W10', 'z_diameter_T2W10', 'z_asp_T2W10']",,,,,,,,,,,,,,,pruned,False,PRUNED
445,1.0935020050068311,2026-06-12 18:24:22.999663,2026-06-12 18:24:23.427341,0 days 00:00:00.427678,,,,,,,,,,,manhattan,6.0,distance,,KNeighborsRegressor,,,,,,4,10.0,3.0,9.0,40.0,,,ExtraTrees,,,,,,,,,,,,,,,,,,,,,,,,,,,,,,,,,,,,,,,,,,,,,,,,,,,,,,KNeighborsRegressor,"{'mode': 'proxy', 'type': 'ExtraTrees'}",4,"['z_re_T2W10', 'z_pe_T2W10', 'z_l2_T2W10', 'z_l3_T2W10']",,,,,,,,,,,,,,,pruned,True,PRUNED
446,1.0539319534691012,2026-06-12 18:24:23.437576,2026-06-12 18:24:24.257232,0 days 00:00:00.819656,,,,,,,,,,,,,,,XGBRegressor,,,,,,9,,,,,,,,True,gbtree,0.7995222935751908,0.005450361842724383,10.0,84.0,0.0041005206621905965,0.006863464331724661,0.5460334930412377,,,,,,,,,,,,,,,,,,,,,,,,,,,,,,,,,,,,,,,,,,,,,XGBRegressor,"{'mode': 'original', 'type': 'XGBRegressor'}",9,"['z_re_T2W10', 'z_pe_T2W10', 'z_l1_T2W10', 'z_l2_T2W10', 'z_l3_T2W10', 'z_lsc_T2W10', 'z_density_T2W10', 'z_diameter_T2W10', 'z_asp_T2W10']",,,,,,,,,,,,,,,pruned,True,PRUNED
447,1.5368425122329168,2026-06-12 18:24:24.269150,2026-06-12 18:24:25.469499,0 days 00:00:01.200349,,,,,,,,,,,,,,,XGBRegressor,,,,,,2,,,,,,,,True,gbtree,0.6013163170676716,0.066755502433454,10.0,119.0,0.0019421055975565888,0.02042943471222008,0.9414969124148865,,,,,,,,,,,,,,,,,,,,,,,,,,,,,,,,,,,,,,,,,,,,,XGBRegressor,"{'mode': 'original', 'type': 'XGBRegressor'}",2,"['z_diameter_T2W10', 'z_asp_T2W10']",,,,,,,,,,,,,,,pruned,True,PRUNED
448,1.096541323851607,2026-06-12 18:24:25.519688,2026-06-12 18:24:26.256568,0 days 00:00:00.736880,,,,,,,,,,,,,,,RandomForestRegressor,10.0,sqrt,4.0,3.0,53.0,5,,,,,,,,True,,,,,,,,,,,,,,,,,,,,,,,,,,,,,,,,,,,,,,,,,,,,,,,,,,,,,RandomForestRegressor,"{'mode': 'original', 'type': 'RandomForestRegressor'}",5,"['z_re_T2W10', 'z_pe_T2W10', 'z_l1_T2W10', 'z_l2_T2W10', 'z_l3_T2W10']",,,,,,,,,,,,,,,pruned,True,PRUNED
449,1.0586967715257343,2026-06-12 18:24:26.279604,2026-06-12 18:24:26.504607,0 days 00:00:00.225003,,,,,,,,,,,,,,,LinearRegression,,,,,,7,,,,,,,,False,,,,,,,,,,,,,,,,,,,,,,,,,,,,,,,,,,,,,,,,,,,,,,,,,,,,,LinearRegression,"{'mode': 'original', 'type': 'LinearRegression'}",7,"['z_pe_T2W10', 'z_l1_T2W10', 'z_l2_T2W10', 'z_l3_T2W10', 'z_lsc_T2W10', 'z_diameter_T2W10', 'z_asp_T2W10']",,,,,,,,,,,,,,,pruned,False,PRUNED
450,1.0322546025596435,2026-06-12 18:24:26.515408,2026-06-12 18:24:29.650297,0 days 00:00:03.134889,,,,,,,,,,,,,,,XGBRegressor,,,,,,7,,,,,,,,False,gblinear,0.9114919025208837,0.11941144217950807,10.0,86.0,2.4796739133918027,0.0007911989368573516,0.9025451592478313,-0.00877451834229128,-0.007307383143997732,98.0,-0.008040950743144506,0.0007335675991467739,0.003678017211928962,1.9844674545084815,1.0226964090922264,1.0418127960270607,98.0,1.0322546025596435,0.009558193467417228,0.04792359985500613,1.9844674545084815,302668412495625.1,397512390792639.5,98.0,350090401644132.3,47421989148507.21,237767988274002.03,1.9844674545084815,2.984388574882297,3.041620026258197,98.0,3.013004300570247,0.028615725687950157,0.14347570930686637,1.9844674545084815,0.9620448691844828,0.9700908524653037,98.0,0.9660678608248933,0.004022991640410368,0.02017078250741431,1.9844674545084815,99.0,1.0,-0.004020213952718268,-0.002354629196060827,98.0,-0.0031874215743895474,0.0008327923783287206,0.004175517982281321,1.9844674545084815,XGBRegressor,"{'mode': 'original', 'type': 'XGBRegressor'}",7,"['z_l1_T2W10', 'z_l2_T2W10', 'z_l3_T2W10', 'z_lsc_T2W10', 'z_density_T2W10', 'z_diameter_T2W10', 'z_asp_T2W10']",,,,,,,,1.3349089643766834,1.36353796681674,98.0,1.3492234655967117,0.014314501220028274,0.07177113864990646,1.9844674545084815,completed,False,COMPLETE
451,1.0465251931669386,2026-06-12 18:24:29.665118,2026-06-12 18:24:31.498908,0 days 00:00:01.833790,,,,,,16.0,log2,4.0,6.0,350.0,,,,,ExtraTreesRegressor,,,,,,5,,,,,,,,False,,,,,,,,,,,,,,,,,,,,,,,,,,,,,,,,,,,,,,,,,,,,,,,,,,,,,ExtraTreesRegressor,"{'mode': 'original', 'type': 'ExtraTreesRegressor'}",5,"['z_pe_T2W10', 'z_l2_T2W10', 'z_l3_T2W10', 'z_density_T2W10', 'z_asp_T2W10']",,,,,,,,,,,,,,,pruned,False,PRUNED
452,1.0465592828091865,2026-06-12 18:24:31.510478,2026-06-12 18:24:31.798333,0 days 00:00:00.287855,,,,0.02854162178907665,0.9271106288584273,,,,,,,,,,ElasticNet,,,,,,2,,,,,,,,True,,,,,,,,,,,,,,,,,,,,,,,,,,,,,,,,,,,,,,,,,,,,,,,,,,,,,ElasticNet,"{'mode': 'original', 'type': 'ElasticNet'}",2,"['z_l2_T2W10', 'z_l3_T2W10']",,,,,,,,,,,,,,,pruned,True,PRUNED
453,1.0602223573966312,2026-06-12 18:24:31.809364,2026-06-12 18:24:31.917550,0 days 00:00:00.108186,,,,,,,,,,,,,,,LinearRegression,,,,,,8,,,,,,,,False,,,,,,,,,,,,,,,,,,,,,,,,,,,,,,,,,,,,,,,,,,,,,,,,,,,,,LinearRegression,"{'mode': 'original', 'type': 'LinearRegression'}",8,"['z_pe_T2W10', 'z_l1_T2W10', 'z_l2_T2W10', 'z_l3_T2W10', 'z_lsc_T2W10', 'z_density_T2W10', 'z_diameter_T2W10', 'z_asp_T2W10']",,,,,,,,,,,,,,,pruned,False,PRUNED
454,1.0602223573966312,2026-06-12 18:24:31.927133,2026-06-12 18:24:32.068484,0 days 00:00:00.141351,,,,,,,,,,,,,,,LinearRegression,,,,,,8,,,,,,,,False,,,,,,,,,,,,,,,,,,,,,,,,,,,,,,,,,,,,,,,,,,,,,,,,,,,,,LinearRegression,"{'mode': 'original', 'type': 'LinearRegression'}",8,"['z_pe_T2W10', 'z_l1_T2W10', 'z_l2_T2W10', 'z_l3_T2W10', 'z_lsc_T2W10', 'z_density_T2W10', 'z_diameter_T2W10', 'z_asp_T2W10']",,,,,,,,,,,,,,,pruned,False,PRUNED
455,1.0241187384044526,2026-06-12 18:24:32.078674,2026-06-12 18:24:34.293853,0 days 00:00:02.215179,,,,,,,,,,,,,,0.05845961471326635,QuantileRegressor,,,,,,6,,,,,,,,False,,,,,,,,,0.0,0.0,98.0,0.0,0.0,0.0,1.9844674545084815,1.0142445249741314,1.0339929518347737,98.0,1.0241187384044526,0.009874213430321107,0.04950808486255764,1.9844674545084815,305901430884989.94,401528566240617.56,98.0,353714998562803.75,47813567677813.83,239731314588150.53,1.9844674545084815,2.951594894990265,3.0080010646056943,98.0,2.9797979797979797,0.028203084807714735,0.14140677897022574,1.9844674545084815,1.0,1.0,98.0,1.0,0.0,0.0,1.9844674545084815,99.0,0.9393939393939394,-0.005464225809889945,-0.0036532722000295697,98.0,-0.004558749004959757,0.0009054768049301876,0.004539948707398303,1.9844674545084815,QuantileRegressor,"{'mode': 'original', 'type': 'QuantileRegressor'}",6,"['z_l2_T2W10', 'z_l3_T2W10', 'z_lsc_T2W10', 'z_density_T2W10', 'z_diameter_T2W10', 'z_asp_T2W10']",,,,,,,,1.335779145669776,1.3645398079803412,98.0,1.3501594768250587,0.014380331155282654,0.07210120180319649,1.9844674545084815,completed,False,COMPLETE
456,1.0533887646764155,2026-06-12 18:24:34.317923,2026-06-12 18:24:36.210654,0 days 00:00:01.892731,,,,0.000787528498540362,0.6939495905101568,,,,,,,,,,ElasticNet,,,,,,3,,,,,,,,False,,,,,,,,,-0.0339286639752695,-0.023365962480818087,98.0,-0.028647313228043796,0.005281350747225709,0.026480039430753895,1.9844674545084815,1.0421457853828475,1.0646317439699835,98.0,1.0533887646764155,0.01124297929356789,0.0563709076071527,1.9844674545084815,307333697381448.3,403920452686703.8,98.0,355627075034076.06,48293377652627.766,242137022457300.47,1.9844674545084815,3.1012416769621955,3.1728963554393124,98.0,3.137069016200754,0.03582733923855852,0.1796338476921614,1.9844674545084815,0.9608240822038486,0.974260465206315,98.0,0.9675422737050818,0.006718191501233202,0.03368418125788381,1.9844674545084815,99.0,0.5656565656565656,-0.024368863497171097,-0.009065044865501786,98.0,-0.01671695418133644,0.0076519093158346554,0.03836572689482751,1.9844674545084815,ElasticNet,"{'mode': 'original', 'type': 'ElasticNet'}",3,"['z_l2_T2W10', 'z_diameter_T2W10', 'z_asp_T2W10']",0.019017031803577944,0.07121267163932905,98.0,0.0451148517214535,0.026097819917875555,0.1308512411990585,1.9844674545084815,1.3428999263388182,1.373166350809281,98.0,1.3580331385740496,0.015133212235231473,0.0758760544191084,1.9844674545084815,completed,False,COMPLETE
457,1.0580926900141798,2026-06-12 18:24:36.223948,2026-06-12 18:24:38.959202,0 days 00:00:02.735254,,,,,,6.0,,1.0,5.0,451.0,,,,,ExtraTreesRegressor,,,,,,3,,,,,,,,False,,,,,,,,,,,,,,,,,,,,,,,,,,,,,,,,,,,,,,,,,,,,,,,,,,,,,ExtraTreesRegressor,"{'mode': 'original', 'type': 'ExtraTreesRegressor'}",3,"['z_pe_T2W10', 'z_l2_T2W10', 'z_l3_T2W10']",,,,,,,,,,,,,,,pruned,False,PRUNED
