number,value,datetime_start,datetime_complete,duration,params_dt_max_depth,params_dt_min_samples_leaf,params_dt_min_samples_split,params_elastic_alpha,params_elastic_l1_ratio,params_et_max_depth,params_et_max_features,params_et_min_samples_leaf,params_et_min_samples_split,params_et_n_estimators,params_knn_metric,params_knn_n_neighbors,params_knn_weights,params_quantile_alpha,params_regressor,params_rf_max_depth,params_rf_max_features,params_rf_min_samples_leaf,params_rf_min_samples_split,params_rf_n_estimators,params_rfe_n_features,params_rfe_proxy_et_max_depth,params_rfe_proxy_et_min_samples_leaf,params_rfe_proxy_et_min_samples_split,params_rfe_proxy_et_n_estimators,params_rfe_proxy_lsvr_C,params_rfe_proxy_lsvr_epsilon,params_rfe_proxy_type,params_use_scaler,params_xgb_booster,params_xgb_colsample_bytree,params_xgb_learning_rate,params_xgb_max_depth,params_xgb_n_estimators,params_xgb_reg_alpha,params_xgb_reg_lambda,params_xgb_subsample,user_attrs_d2mae_ci_lower_val,user_attrs_d2mae_ci_upper_val,user_attrs_d2mae_df_val,user_attrs_d2mae_mean_val,user_attrs_d2mae_samperror_val,user_attrs_d2mae_std_val,user_attrs_d2mae_t_critical_val,user_attrs_mae_ci_lower_val,user_attrs_mae_ci_upper_val,user_attrs_mae_df_val,user_attrs_mae_mean_val,user_attrs_mae_samperror_val,user_attrs_mae_std_val,user_attrs_mae_t_critical_val,user_attrs_mape_ci_lower_val,user_attrs_mape_ci_upper_val,user_attrs_mape_df_val,user_attrs_mape_mean_val,user_attrs_mape_samperror_val,user_attrs_mape_std_val,user_attrs_mape_t_critical_val,user_attrs_max_error_ci_lower_val,user_attrs_max_error_ci_upper_val,user_attrs_max_error_df_val,user_attrs_max_error_mean_val,user_attrs_max_error_samperror_val,user_attrs_max_error_std_val,user_attrs_max_error_t_critical_val,user_attrs_median_ae_ci_lower_val,user_attrs_median_ae_ci_upper_val,user_attrs_median_ae_df_val,user_attrs_median_ae_mean_val,user_attrs_median_ae_samperror_val,user_attrs_median_ae_std_val,user_attrs_median_ae_t_critical_val,user_attrs_n_splits_val,user_attrs_r2_below_zero_val,user_attrs_r2_ci_lower_val,user_attrs_r2_ci_upper_val,user_attrs_r2_df_val,user_attrs_r2_mean_val,user_attrs_r2_samperror_val,user_attrs_r2_std_val,user_attrs_r2_t_critical_val,user_attrs_regressor_final,user_attrs_rfe_estimator,user_attrs_rfe_n_features,user_attrs_rfe_selected_features,user_attrs_rho_ci_lower_val,user_attrs_rho_ci_upper_val,user_attrs_rho_df_val,user_attrs_rho_mean_val,user_attrs_rho_samperror_val,user_attrs_rho_std_val,user_attrs_rho_t_critical_val,user_attrs_rmse_ci_lower_val,user_attrs_rmse_ci_upper_val,user_attrs_rmse_df_val,user_attrs_rmse_mean_val,user_attrs_rmse_samperror_val,user_attrs_rmse_std_val,user_attrs_rmse_t_critical_val,user_attrs_termination_reason,user_attrs_use_scaler_final,state
458,1.0542971817103726,2026-06-12 18:24:38.969775,2026-06-12 18:24:40.717008,0 days 00:00:01.747233,,,,,,15.0,log2,3.0,3.0,364.0,,,,,ExtraTreesRegressor,,,,,,6,,,,,,,,False,,,,,,,,,,,,,,,,,,,,,,,,,,,,,,,,,,,,,,,,,,,,,,,,,,,,,ExtraTreesRegressor,"{'mode': 'original', 'type': 'ExtraTreesRegressor'}",6,"['z_re_T2W10', 'z_pe_T2W10', 'z_l2_T2W10', 'z_l3_T2W10', 'z_lsc_T2W10', 'z_density_T2W10']",,,,,,,,,,,,,,,pruned,False,PRUNED
459,1.0837221145470708,2026-06-12 18:24:40.727384,2026-06-12 18:24:40.878666,0 days 00:00:00.151282,,,,,,,,,,,minkowski,18.0,distance,,KNeighborsRegressor,,,,,,7,,,,,0.1748691422370216,0.0326366689670085,LinearSVR,,,,,,,,,,,,,,,,,,,,,,,,,,,,,,,,,,,,,,,,,,,,,,,,,,,,,,KNeighborsRegressor,"{'mode': 'proxy', 'type': 'LinearSVR'}",7,"['z_l1_T2W10', 'z_l2_T2W10', 'z_l3_T2W10', 'z_lsc_T2W10', 'z_density_T2W10', 'z_diameter_T2W10', 'z_asp_T2W10']",,,,,,,,,,,,,,,pruned,True,PRUNED
460,1.372491370665377,2026-06-12 18:24:40.888446,2026-06-12 18:24:41.000839,0 days 00:00:00.112393,10.0,5.0,5.0,,,,,,,,,,,,DecisionTreeRegressor,,,,,,9,,,,,,,,False,,,,,,,,,,,,,,,,,,,,,,,,,,,,,,,,,,,,,,,,,,,,,,,,,,,,,DecisionTreeRegressor,"{'mode': 'original', 'type': 'DecisionTreeRegressor'}",9,"['z_re_T2W10', 'z_pe_T2W10', 'z_l1_T2W10', 'z_l2_T2W10', 'z_l3_T2W10', 'z_lsc_T2W10', 'z_density_T2W10', 'z_diameter_T2W10', 'z_asp_T2W10']",,,,,,,,,,,,,,,pruned,False,PRUNED
461,1.023671640506392,2026-06-12 18:24:41.032471,2026-06-12 18:24:42.712808,0 days 00:00:01.680337,,,,,,3.0,log2,1.0,9.0,486.0,,,,,ExtraTreesRegressor,,,,,,9,,,,,,,,False,,,,,,,,,,,,,,,,,,,,,,,,,,,,,,,,,,,,,,,,,,,,,,,,,,,,,ExtraTreesRegressor,"{'mode': 'original', 'type': 'ExtraTreesRegressor'}",9,"['z_re_T2W10', 'z_pe_T2W10', 'z_l1_T2W10', 'z_l2_T2W10', 'z_l3_T2W10', 'z_lsc_T2W10', 'z_density_T2W10', 'z_diameter_T2W10', 'z_asp_T2W10']",,,,,,,,,,,,,,,pruned,False,PRUNED
462,1.0586967715257343,2026-06-12 18:24:42.723545,2026-06-12 18:24:42.840261,0 days 00:00:00.116716,,,,,,,,,,,,,,,LinearRegression,,,,,,7,,,,,,,,True,,,,,,,,,,,,,,,,,,,,,,,,,,,,,,,,,,,,,,,,,,,,,,,,,,,,,LinearRegression,"{'mode': 'original', 'type': 'LinearRegression'}",7,"['z_pe_T2W10', 'z_l1_T2W10', 'z_l2_T2W10', 'z_l3_T2W10', 'z_lsc_T2W10', 'z_diameter_T2W10', 'z_asp_T2W10']",,,,,,,,,,,,,,,pruned,True,PRUNED
463,1.2938775510204081,2026-06-12 18:24:42.850555,2026-06-12 18:24:43.452379,0 days 00:00:00.601824,,,,,,,,,,,minkowski,2.0,uniform,,KNeighborsRegressor,,,,,,3,8.0,1.0,10.0,60.0,,,ExtraTrees,,,,,,,,,,,,,,,,,,,,,,,,,,,,,,,,,,,,,,,,,,,,,,,,,,,,,,KNeighborsRegressor,"{'mode': 'proxy', 'type': 'ExtraTrees'}",3,"['z_pe_T2W10', 'z_l2_T2W10', 'z_l3_T2W10']",,,,,,,,,,,,,,,pruned,True,PRUNED
464,1.0241187384044526,2026-06-12 18:24:43.463334,2026-06-12 18:24:45.723308,0 days 00:00:02.259974,,,,,,,,,,,,,,0.023421035943396177,QuantileRegressor,,,,,,7,,,,,,,,True,,,,,,,,,-1.2489392275015492e-16,-5.453606102764815e-17,98.0,-8.971499188890154e-17,3.517893086125339e-17,1.7638280828575758e-16,1.9844674545084815,1.0142445249741314,1.0339929518347737,98.0,1.0241187384044526,0.009874213430321101,0.049508084862557616,1.9844674545084815,305901430884989.94,401528566240617.56,98.0,353714998562803.75,47813567677813.83,239731314588150.53,1.9844674545084815,2.951594894990265,3.0080010646056943,98.0,2.9797979797979797,0.028203084807714725,0.1414067789702257,1.9844674545084815,0.9999999999999999,1.0000000000000002,98.0,1.0,1.1174957136426043e-16,5.602985292446055e-16,1.9844674545084815,99.0,0.9494949494949495,-0.005464225809889955,-0.0036532722000295823,98.0,-0.004558749004959769,0.0009054768049301862,0.0045399487073982964,1.9844674545084815,QuantileRegressor,"{'mode': 'original', 'type': 'QuantileRegressor'}",7,"['z_l1_T2W10', 'z_l2_T2W10', 'z_l3_T2W10', 'z_lsc_T2W10', 'z_density_T2W10', 'z_diameter_T2W10', 'z_asp_T2W10']",-1.4129526591224737,1.3391001574982915,1.0,-0.036926250812091,1.3760264083103826,0.15315314440635552,12.706204736174694,1.335779145669776,1.3645398079803412,98.0,1.3501594768250587,0.014380331155282654,0.07210120180319649,1.9844674545084815,completed,True,COMPLETE
465,1.382377712989958,2026-06-12 18:24:45.735953,2026-06-12 18:24:45.882152,0 days 00:00:00.146199,15.0,5.0,9.0,,,,,,,,,,,,DecisionTreeRegressor,,,,,,7,,,,,,,,True,,,,,,,,,,,,,,,,,,,,,,,,,,,,,,,,,,,,,,,,,,,,,,,,,,,,,DecisionTreeRegressor,"{'mode': 'original', 'type': 'DecisionTreeRegressor'}",7,"['z_re_T2W10', 'z_l1_T2W10', 'z_l2_T2W10', 'z_l3_T2W10', 'z_lsc_T2W10', 'z_density_T2W10', 'z_diameter_T2W10']",,,,,,,,,,,,,,,pruned,True,PRUNED
466,1.0308147490948416,2026-06-12 18:24:45.891929,2026-06-12 18:24:54.802464,0 days 00:00:08.910535,,,,,,13.0,sqrt,4.0,4.0,148.0,,,,,ExtraTreesRegressor,,,,,,3,,,,,,,,False,,,,,,,,,-0.008646377238591293,-0.00449428140602531,98.0,-0.006570329322308301,0.002076047916282992,0.010409047479413446,1.9844674545084815,1.020784580155804,1.0408449180338792,98.0,1.0308147490948416,0.010030168939037553,0.050290026494141965,1.9844674545084815,298438132923010.4,392561617663285.5,98.0,345499875293147.94,47061742370137.59,235961755483831.75,1.9844674545084815,3.0399387704413257,3.107338525358301,98.0,3.0736386478998132,0.03369987745848746,0.16896701745876014,1.9844674545084815,0.9809407105246571,0.9882216634225492,98.0,0.9845811869736032,0.003640476448946025,0.01825289864822186,1.9844674545084815,99.0,0.25252525252525254,0.00504376099212373,0.011650268795979876,98.0,0.008347014894051803,0.0033032539019280725,0.01656210650633176,1.9844674545084815,ExtraTreesRegressor,"{'mode': 'original', 'type': 'ExtraTreesRegressor'}",3,"['z_pe_T2W10', 'z_l2_T2W10', 'z_l3_T2W10']",0.09111984910797749,0.14424551882852923,98.0,0.11768268396825336,0.02656283486027588,0.13318276860558773,1.9844674545084815,1.327018243044516,1.3557716650743286,98.0,1.3413949540594223,0.014376711014906193,0.07208305086710047,1.9844674545084815,completed,False,COMPLETE
467,1.060271340000386,2026-06-12 18:24:54.874881,2026-06-12 18:24:55.626024,0 days 00:00:00.751143,,,,,,,,,,,,,,,XGBRegressor,,,,,,8,,,,,,,,False,gbtree,0.944059094467018,0.006312158622574144,8.0,67.0,8.46477785593672e-06,1.284245525384529,0.9489595934788329,,,,,,,,,,,,,,,,,,,,,,,,,,,,,,,,,,,,,,,,,,,,,XGBRegressor,"{'mode': 'original', 'type': 'XGBRegressor'}",8,"['z_pe_T2W10', 'z_l1_T2W10', 'z_l2_T2W10', 'z_l3_T2W10', 'z_lsc_T2W10', 'z_density_T2W10', 'z_diameter_T2W10', 'z_asp_T2W10']",,,,,,,,,,,,,,,pruned,False,PRUNED
468,1.0341654691048812,2026-06-12 18:24:55.636453,2026-06-12 18:25:05.031739,0 days 00:00:09.395286,,,,,,2.0,,1.0,6.0,158.0,,,,,ExtraTreesRegressor,,,,,,6,,,,,,,,False,,,,,,,,,-0.01407622639082819,-0.005522314329339923,98.0,-0.009799270360084057,0.004276956030744134,0.0214441285493484,1.9844674545084815,1.0232539554701132,1.045076982739649,98.0,1.0341654691048812,0.010911513634768017,0.054708979790756083,1.9844674545084815,293649985638951.44,386802984400689.8,98.0,340226485019820.6,46576499380869.19,233528807152181.16,1.9844674545084815,3.060847746515757,3.1535452361954195,98.0,3.1071964913555883,0.04634874483983131,0.2323868740528913,1.9844674545084815,0.9881174423632615,0.9972839937132947,98.0,0.9927007180382781,0.0045832756750165725,0.022979977359051027,1.9844674545084815,99.0,0.3434343434343434,0.00044617555744465385,0.012917266182776298,98.0,0.006681720870110476,0.006235545312665822,0.03126425296376684,1.9844674545084815,ExtraTreesRegressor,"{'mode': 'original', 'type': 'ExtraTreesRegressor'}",6,"['z_pe_T2W10', 'z_l2_T2W10', 'z_l3_T2W10', 'z_lsc_T2W10', 'z_density_T2W10', 'z_asp_T2W10']",0.019387053450887565,0.07313457233587498,98.0,0.04626081289338127,0.026873759442493705,0.1347417060045938,1.9844674545084815,1.3276975175786623,1.3570411305891112,98.0,1.3423693240838868,0.014671806505224594,0.07356262315711996,1.9844674545084815,completed,False,COMPLETE
469,1.04720099869021,2026-06-12 18:25:05.045281,2026-06-12 18:25:06.857515,0 days 00:00:01.812234,,,,,,13.0,log2,3.0,11.0,304.0,,,,,ExtraTreesRegressor,,,,,,5,,,,,,,,True,,,,,,,,,,,,,,,,,,,,,,,,,,,,,,,,,,,,,,,,,,,,,,,,,,,,,ExtraTreesRegressor,"{'mode': 'original', 'type': 'ExtraTreesRegressor'}",5,"['z_re_T2W10', 'z_pe_T2W10', 'z_l2_T2W10', 'z_l3_T2W10', 'z_density_T2W10']",,,,,,,,,,,,,,,pruned,True,PRUNED
470,1.1893877551020406,2026-06-12 18:25:06.868941,2026-06-12 18:25:07.256788,0 days 00:00:00.387847,,,,,,,,,,,manhattan,5.0,uniform,,KNeighborsRegressor,,,,,,9,9.0,2.0,9.0,50.0,,,ExtraTrees,,,,,,,,,,,,,,,,,,,,,,,,,,,,,,,,,,,,,,,,,,,,,,,,,,,,,,KNeighborsRegressor,"{'mode': 'proxy', 'type': 'ExtraTrees'}",9,"['z_re_T2W10', 'z_pe_T2W10', 'z_l1_T2W10', 'z_l2_T2W10', 'z_l3_T2W10', 'z_lsc_T2W10', 'z_density_T2W10', 'z_diameter_T2W10', 'z_asp_T2W10']",,,,,,,,,,,,,,,pruned,True,PRUNED
471,1.1192098841060207,2026-06-12 18:25:07.269051,2026-06-12 18:25:10.532089,0 days 00:00:03.263038,,,,,,,,,,,,,,,RandomForestRegressor,10.0,,5.0,9.0,368.0,6,,,,,,,,True,,,,,,,,,,,,,,,,,,,,,,,,,,,,,,,,,,,,,,,,,,,,,,,,,,,,,RandomForestRegressor,"{'mode': 'original', 'type': 'RandomForestRegressor'}",6,"['z_re_T2W10', 'z_pe_T2W10', 'z_l1_T2W10', 'z_l2_T2W10', 'z_l3_T2W10', 'z_lsc_T2W10']",,,,,,,,,,,,,,,pruned,True,PRUNED
472,1.10374503309196,2026-06-12 18:25:10.542739,2026-06-12 18:25:52.743132,0 days 00:00:42.200393,,,,,,,,,,,,,,,RandomForestRegressor,13.0,,2.0,8.0,465.0,2,,,,,,,,True,,,,,,,,,-0.0906482236014928,-0.06560387080194843,98.0,-0.07812604720172062,0.012522176399772182,0.06278464368211222,1.9844674545084815,1.0881944714828147,1.1192955947011054,98.0,1.10374503309196,0.015550561609145266,0.07796859256068951,1.9844674545084815,280917426166715.47,373743258594658.4,98.0,327330342380686.94,46412916213971.47,232708621385891.25,1.9844674545084815,3.3474730067839182,3.5031699282764466,98.0,3.4253214675301824,0.07784846074626396,0.39032255361328444,1.9844674545084815,0.901984667498461,0.9482358262148182,98.0,0.9251102468566396,0.023125579358178588,0.11594879464979164,1.9844674545084815,99.0,0.6666666666666666,-0.086504507197421,-0.041579341307928536,98.0,-0.06404192425267477,0.022462582944746234,0.112624612634545,1.9844674545084815,RandomForestRegressor,"{'mode': 'original', 'type': 'RandomForestRegressor'}",2,"['z_l2_T2W10', 'z_l3_T2W10']",0.13299546296554948,0.18018646272883865,98.0,0.15659096284719407,0.023595499881644572,0.11830491803304474,1.9844674545084815,1.367668757209543,1.406915864508642,98.0,1.3872923108590924,0.019623553649549534,0.09839007088944982,1.9844674545084815,completed,True,COMPLETE
473,1.3744598415982758,2026-06-12 18:25:52.756266,2026-06-12 18:25:52.897555,0 days 00:00:00.141289,17.0,1.0,20.0,,,,,,,,,,,,DecisionTreeRegressor,,,,,,9,,,,,,,,True,,,,,,,,,,,,,,,,,,,,,,,,,,,,,,,,,,,,,,,,,,,,,,,,,,,,,DecisionTreeRegressor,"{'mode': 'original', 'type': 'DecisionTreeRegressor'}",9,"['z_re_T2W10', 'z_pe_T2W10', 'z_l1_T2W10', 'z_l2_T2W10', 'z_l3_T2W10', 'z_lsc_T2W10', 'z_density_T2W10', 'z_diameter_T2W10', 'z_asp_T2W10']",,,,,,,,,,,,,,,pruned,True,PRUNED
474,1.092975828112388,2026-06-12 18:25:52.907213,2026-06-12 18:25:53.782000,0 days 00:00:00.874787,,,,,,,,,,,,,,,XGBRegressor,,,,,,3,,,,,,,,False,gbtree,0.6053965507750143,0.009019282545016091,2.0,473.0,1.1595567099204797e-06,0.00016671124676531315,0.535517444522001,,,,,,,,,,,,,,,,,,,,,,,,,,,,,,,,,,,,,,,,,,,,,XGBRegressor,"{'mode': 'original', 'type': 'XGBRegressor'}",3,"['z_l2_T2W10', 'z_l3_T2W10', 'z_density_T2W10']",,,,,,,,,,,,,,,pruned,False,PRUNED
475,1.0638896714379316,2026-06-12 18:25:53.793763,2026-06-12 18:25:56.284276,0 days 00:00:02.490513,,,,0.00044503574138373846,0.25646306101676597,,,,,,,,,,ElasticNet,,,,,,4,,,,,,,,True,,,,,,,,,-0.04518638594115391,-0.03284474573957493,98.0,-0.03901556584036442,0.0061708201007894875,0.0309397287568583,1.9844674545084815,1.0525410125965913,1.0752383302792718,98.0,1.0638896714379316,0.011348658841340276,0.05690077178886928,1.9844674545084815,303135655724128.5,398826399842197.4,98.0,350981027783162.94,47845372059034.47,239890777821914.28,1.9844674545084815,3.1448009980562226,3.2273713404990962,98.0,3.1860861692776594,0.041285171221436955,0.20699874221066483,1.9844674545084815,0.9341478163008086,0.9541068710875584,98.0,0.9441273436941835,0.00997952739337489,0.05003611604771194,1.9844674545084815,99.0,0.6262626262626263,-0.03328957003442626,-0.01271785390085957,98.0,-0.023003711967642913,0.010285858066783343,0.051572020156138425,1.9844674545084815,ElasticNet,"{'mode': 'original', 'type': 'ElasticNet'}",4,"['z_pe_T2W10', 'z_l2_T2W10', 'z_diameter_T2W10', 'z_asp_T2W10']",0.04383784014199618,0.09115709607540828,98.0,0.06749746810870223,0.02365962796670605,0.11862644831995832,1.9844674545084815,1.346605428200532,1.3771489918981186,98.0,1.3618772100493253,0.015271781848793384,0.07657082532273589,1.9844674545084815,completed,True,COMPLETE
476,1.2630049588483636,2026-06-12 18:25:56.297978,2026-06-12 18:25:56.485250,0 days 00:00:00.187272,7.0,5.0,12.0,,,,,,,,,,,,DecisionTreeRegressor,,,,,,3,,,,,,,,False,,,,,,,,,,,,,,,,,,,,,,,,,,,,,,,,,,,,,,,,,,,,,,,,,,,,,DecisionTreeRegressor,"{'mode': 'original', 'type': 'DecisionTreeRegressor'}",3,"['z_l1_T2W10', 'z_l2_T2W10', 'z_l3_T2W10']",,,,,,,,,,,,,,,pruned,False,PRUNED
477,1.1355057194416822,2026-06-12 18:25:56.495852,2026-06-12 18:25:57.158069,0 days 00:00:00.662217,,,,,,,,,,,,,,,RandomForestRegressor,9.0,,4.0,7.0,75.0,8,,,,,,,,False,,,,,,,,,,,,,,,,,,,,,,,,,,,,,,,,,,,,,,,,,,,,,,,,,,,,,RandomForestRegressor,"{'mode': 'original', 'type': 'RandomForestRegressor'}",8,"['z_re_T2W10', 'z_pe_T2W10', 'z_l1_T2W10', 'z_l2_T2W10', 'z_l3_T2W10', 'z_lsc_T2W10', 'z_density_T2W10', 'z_diameter_T2W10']",,,,,,,,,,,,,,,pruned,False,PRUNED
478,1.1306154781737587,2026-06-12 18:25:57.169451,2026-06-12 18:25:59.088689,0 days 00:00:01.919238,,,,,,,,,,,,,,,RandomForestRegressor,17.0,,5.0,5.0,267.0,8,,,,,,,,True,,,,,,,,,,,,,,,,,,,,,,,,,,,,,,,,,,,,,,,,,,,,,,,,,,,,,RandomForestRegressor,"{'mode': 'original', 'type': 'RandomForestRegressor'}",8,"['z_re_T2W10', 'z_pe_T2W10', 'z_l1_T2W10', 'z_l2_T2W10', 'z_l3_T2W10', 'z_lsc_T2W10', 'z_density_T2W10', 'z_diameter_T2W10']",,,,,,,,,,,,,,,pruned,True,PRUNED
479,1.0241187384044528,2026-06-12 18:25:59.128075,2026-06-12 18:26:02.620916,0 days 00:00:03.492841,,,,,,,,,,,,,,0.007258824163134309,QuantileRegressor,,,,,,7,,,,,,,,False,,,,,,,,,-1.9750205050934388e-16,-5.3699926779580424e-17,98.0,-1.2560098864446215e-16,7.190106186488173e-17,3.6050303121702033e-16,1.9844674545084815,1.0142445249741316,1.033992951834774,98.0,1.0241187384044528,0.009874213430321103,0.04950808486255762,1.9844674545084815,305901430884989.9,401528566240617.5,98.0,353714998562803.7,47813567677813.83,239731314588150.53,1.9844674545084815,2.951594894990266,3.008001064605695,98.0,2.9797979797979806,0.028203084807714746,0.1414067789702258,1.9844674545084815,0.9999999999999996,1.0000000000000002,98.0,0.9999999999999999,2.779645494753903e-16,1.3936798714470064e-15,1.9844674545084815,99.0,0.9393939393939394,-0.00546422580988981,-0.003653272200029377,98.0,-0.0045587490049595935,0.0009054768049302164,0.004539948707398448,1.9844674545084815,QuantileRegressor,"{'mode': 'original', 'type': 'QuantileRegressor'}",7,"['z_l1_T2W10', 'z_l2_T2W10', 'z_l3_T2W10', 'z_lsc_T2W10', 'z_density_T2W10', 'z_diameter_T2W10', 'z_asp_T2W10']",-0.033383208236724235,0.2662790452257393,2.0,0.11644791849450754,0.14983112673123178,0.06031514517995879,4.302652729749462,1.335779145669776,1.3645398079803412,98.0,1.3501594768250587,0.014380331155282665,0.07210120180319654,1.9844674545084815,completed,False,COMPLETE
480,1.5015425500343678,2026-06-12 18:26:02.634471,2026-06-12 18:26:02.907825,0 days 00:00:00.273354,12.0,2.0,4.0,,,,,,,,,,,,DecisionTreeRegressor,,,,,,8,,,,,,,,False,,,,,,,,,,,,,,,,,,,,,,,,,,,,,,,,,,,,,,,,,,,,,,,,,,,,,DecisionTreeRegressor,"{'mode': 'original', 'type': 'DecisionTreeRegressor'}",8,"['z_re_T2W10', 'z_pe_T2W10', 'z_l1_T2W10', 'z_l2_T2W10', 'z_l3_T2W10', 'z_lsc_T2W10', 'z_diameter_T2W10', 'z_asp_T2W10']",,,,,,,,,,,,,,,pruned,False,PRUNED
481,1.0682786448010753,2026-06-12 18:26:03.026106,2026-06-12 18:26:04.729167,0 days 00:00:01.703061,,,,,,,,,,,,,,,RandomForestRegressor,7.0,sqrt,5.0,2.0,162.0,3,,,,,,,,False,,,,,,,,,,,,,,,,,,,,,,,,,,,,,,,,,,,,,,,,,,,,,,,,,,,,,RandomForestRegressor,"{'mode': 'original', 'type': 'RandomForestRegressor'}",3,"['z_l1_T2W10', 'z_l2_T2W10', 'z_l3_T2W10']",,,,,,,,,,,,,,,pruned,False,PRUNED
482,1.1317824800626783,2026-06-12 18:26:04.740008,2026-06-12 18:26:05.830375,0 days 00:00:01.090367,,,,,,10.0,,1.0,10.0,261.0,,,,,ExtraTreesRegressor,,,,,,9,,,,,,,,False,,,,,,,,,,,,,,,,,,,,,,,,,,,,,,,,,,,,,,,,,,,,,,,,,,,,,ExtraTreesRegressor,"{'mode': 'original', 'type': 'ExtraTreesRegressor'}",9,"['z_re_T2W10', 'z_pe_T2W10', 'z_l1_T2W10', 'z_l2_T2W10', 'z_l3_T2W10', 'z_lsc_T2W10', 'z_density_T2W10', 'z_diameter_T2W10', 'z_asp_T2W10']",,,,,,,,,,,,,,,pruned,False,PRUNED
483,1.0241187384044526,2026-06-12 18:26:05.840921,2026-06-12 18:26:09.358218,0 days 00:00:03.517297,,,,,,,,,,,,,,0.03542175278867556,QuantileRegressor,,,,,,6,,,,,,,,False,,,,,,,,,0.0,0.0,98.0,0.0,0.0,0.0,1.9844674545084815,1.0142445249741314,1.0339929518347737,98.0,1.0241187384044526,0.009874213430321107,0.04950808486255764,1.9844674545084815,305901430884989.94,401528566240617.56,98.0,353714998562803.75,47813567677813.83,239731314588150.53,1.9844674545084815,2.951594894990265,3.0080010646056943,98.0,2.9797979797979797,0.028203084807714735,0.14140677897022574,1.9844674545084815,1.0,1.0,98.0,1.0,0.0,0.0,1.9844674545084815,99.0,0.9393939393939394,-0.005464225809889945,-0.0036532722000295697,98.0,-0.004558749004959757,0.0009054768049301876,0.004539948707398303,1.9844674545084815,QuantileRegressor,"{'mode': 'original', 'type': 'QuantileRegressor'}",6,"['z_l2_T2W10', 'z_l3_T2W10', 'z_lsc_T2W10', 'z_density_T2W10', 'z_diameter_T2W10', 'z_asp_T2W10']",,,,,,,,1.335779145669776,1.3645398079803412,98.0,1.3501594768250587,0.014380331155282654,0.07210120180319649,1.9844674545084815,completed,False,COMPLETE
484,1.0401260724255674,2026-06-12 18:26:09.372827,2026-06-12 18:26:11.397946,0 days 00:00:02.025119,,,,,,4.0,,2.0,8.0,376.0,,,,,ExtraTreesRegressor,,,,,,5,,,,,,,,True,,,,,,,,,,,,,,,,,,,,,,,,,,,,,,,,,,,,,,,,,,,,,,,,,,,,,ExtraTreesRegressor,"{'mode': 'original', 'type': 'ExtraTreesRegressor'}",5,"['z_re_T2W10', 'z_pe_T2W10', 'z_l2_T2W10', 'z_l3_T2W10', 'z_density_T2W10']",,,,,,,,,,,,,,,pruned,True,PRUNED
485,1.315387107223842,2026-06-12 18:26:11.407830,2026-06-12 18:26:11.536105,0 days 00:00:00.128275,17.0,4.0,11.0,,,,,,,,,,,,DecisionTreeRegressor,,,,,,3,,,,,,,,True,,,,,,,,,,,,,,,,,,,,,,,,,,,,,,,,,,,,,,,,,,,,,,,,,,,,,DecisionTreeRegressor,"{'mode': 'original', 'type': 'DecisionTreeRegressor'}",3,"['z_l1_T2W10', 'z_l3_T2W10', 'z_diameter_T2W10']",,,,,,,,,,,,,,,pruned,True,PRUNED
