number,value,datetime_start,datetime_complete,duration,params_dt_max_depth,params_dt_min_samples_leaf,params_dt_min_samples_split,params_elastic_alpha,params_elastic_l1_ratio,params_et_max_depth,params_et_max_features,params_et_min_samples_leaf,params_et_min_samples_split,params_et_n_estimators,params_knn_metric,params_knn_n_neighbors,params_knn_weights,params_quantile_alpha,params_regressor,params_rf_max_depth,params_rf_max_features,params_rf_min_samples_leaf,params_rf_min_samples_split,params_rf_n_estimators,params_rfe_n_features,params_rfe_proxy_et_max_depth,params_rfe_proxy_et_min_samples_leaf,params_rfe_proxy_et_min_samples_split,params_rfe_proxy_et_n_estimators,params_rfe_proxy_lsvr_C,params_rfe_proxy_lsvr_epsilon,params_rfe_proxy_type,params_use_scaler,params_xgb_booster,params_xgb_colsample_bytree,params_xgb_learning_rate,params_xgb_max_depth,params_xgb_n_estimators,params_xgb_reg_alpha,params_xgb_reg_lambda,params_xgb_subsample,user_attrs_d2mae_ci_lower_val,user_attrs_d2mae_ci_upper_val,user_attrs_d2mae_df_val,user_attrs_d2mae_mean_val,user_attrs_d2mae_samperror_val,user_attrs_d2mae_std_val,user_attrs_d2mae_t_critical_val,user_attrs_mae_ci_lower_val,user_attrs_mae_ci_upper_val,user_attrs_mae_df_val,user_attrs_mae_mean_val,user_attrs_mae_samperror_val,user_attrs_mae_std_val,user_attrs_mae_t_critical_val,user_attrs_mape_ci_lower_val,user_attrs_mape_ci_upper_val,user_attrs_mape_df_val,user_attrs_mape_mean_val,user_attrs_mape_samperror_val,user_attrs_mape_std_val,user_attrs_mape_t_critical_val,user_attrs_max_error_ci_lower_val,user_attrs_max_error_ci_upper_val,user_attrs_max_error_df_val,user_attrs_max_error_mean_val,user_attrs_max_error_samperror_val,user_attrs_max_error_std_val,user_attrs_max_error_t_critical_val,user_attrs_median_ae_ci_lower_val,user_attrs_median_ae_ci_upper_val,user_attrs_median_ae_df_val,user_attrs_median_ae_mean_val,user_attrs_median_ae_samperror_val,user_attrs_median_ae_std_val,user_attrs_median_ae_t_critical_val,user_attrs_n_splits_val,user_attrs_r2_below_zero_val,user_attrs_r2_ci_lower_val,user_attrs_r2_ci_upper_val,user_attrs_r2_df_val,user_attrs_r2_mean_val,user_attrs_r2_samperror_val,user_attrs_r2_std_val,user_attrs_r2_t_critical_val,user_attrs_regressor_final,user_attrs_rfe_estimator,user_attrs_rfe_n_features,user_attrs_rfe_selected_features,user_attrs_rho_ci_lower_val,user_attrs_rho_ci_upper_val,user_attrs_rho_df_val,user_attrs_rho_mean_val,user_attrs_rho_samperror_val,user_attrs_rho_std_val,user_attrs_rho_t_critical_val,user_attrs_rmse_ci_lower_val,user_attrs_rmse_ci_upper_val,user_attrs_rmse_df_val,user_attrs_rmse_mean_val,user_attrs_rmse_samperror_val,user_attrs_rmse_std_val,user_attrs_rmse_t_critical_val,user_attrs_termination_reason,user_attrs_use_scaler_final,state
235,1.0241187384044526,2026-06-12 16:57:40.473576,2026-06-12 16:57:43.810324,0 days 00:00:03.336748,,,,,,,,,,,,,,1.136288735356305,QuantileRegressor,,,,,,2,,,,,,,,True,,,,,,,,,0.0,0.0,98.0,0.0,0.0,0.0,1.9844674545084815,1.0142445249741314,1.0339929518347737,98.0,1.0241187384044526,0.009874213430321107,0.04950808486255764,1.9844674545084815,305901430884989.94,401528566240617.56,98.0,353714998562803.75,47813567677813.83,239731314588150.53,1.9844674545084815,2.951594894990265,3.0080010646056943,98.0,2.9797979797979797,0.028203084807714735,0.14140677897022574,1.9844674545084815,1.0,1.0,98.0,1.0,0.0,0.0,1.9844674545084815,99.0,0.9393939393939394,-0.005464225809889945,-0.0036532722000295697,98.0,-0.004558749004959757,0.0009054768049301876,0.004539948707398303,1.9844674545084815,QuantileRegressor,"{'mode': 'original', 'type': 'QuantileRegressor'}",2,"['z_diameter_T2W10', 'z_asp_T2W10']",,,,,,,,1.335779145669776,1.3645398079803412,98.0,1.3501594768250587,0.014380331155282654,0.07210120180319649,1.9844674545084815,completed,True,COMPLETE
236,1.0241187384044526,2026-06-12 16:57:43.862636,2026-06-12 16:57:46.880157,0 days 00:00:03.017521,,,,,,,,,,,,,,0.20458124274912382,QuantileRegressor,,,,,,6,,,,,,,,False,,,,,,,,,0.0,0.0,98.0,0.0,0.0,0.0,1.9844674545084815,1.0142445249741314,1.0339929518347737,98.0,1.0241187384044526,0.009874213430321107,0.04950808486255764,1.9844674545084815,305901430884989.94,401528566240617.56,98.0,353714998562803.75,47813567677813.83,239731314588150.53,1.9844674545084815,2.951594894990265,3.0080010646056943,98.0,2.9797979797979797,0.028203084807714735,0.14140677897022574,1.9844674545084815,1.0,1.0,98.0,1.0,0.0,0.0,1.9844674545084815,99.0,0.9393939393939394,-0.005464225809889945,-0.0036532722000295697,98.0,-0.004558749004959757,0.0009054768049301876,0.004539948707398303,1.9844674545084815,QuantileRegressor,"{'mode': 'original', 'type': 'QuantileRegressor'}",6,"['z_l2_T2W10', 'z_l3_T2W10', 'z_lsc_T2W10', 'z_density_T2W10', 'z_diameter_T2W10', 'z_asp_T2W10']",,,,,,,,1.335779145669776,1.3645398079803412,98.0,1.3501594768250587,0.014380331155282654,0.07210120180319649,1.9844674545084815,completed,False,COMPLETE
237,1.0241187384044526,2026-06-12 16:57:46.892848,2026-06-12 16:57:49.855942,0 days 00:00:02.963094,,,,,,,,,,,,,,0.011000721143236185,QuantileRegressor,,,,,,2,,,,,,,,True,,,,,,,,,-3.007413973965848e-17,-5.81185701590214e-18,98.0,-1.794299837778031e-17,1.2131141361878169e-17,6.082404236668564e-17,1.9844674545084815,1.0142445249741314,1.0339929518347737,98.0,1.0241187384044526,0.009874213430321103,0.04950808486255762,1.9844674545084815,305901430884989.94,401528566240617.56,98.0,353714998562803.75,47813567677813.83,239731314588150.53,1.9844674545084815,2.951594894990265,3.0080010646056943,98.0,2.9797979797979797,0.02820308480771473,0.14140677897022572,1.9844674545084815,0.9999999999999999,1.0,98.0,1.0,5.658659508765607e-17,2.837181889425455e-16,1.9844674545084815,99.0,0.9393939393939394,-0.00546422580988995,-0.0036532722000295736,98.0,-0.004558749004959762,0.0009054768049301882,0.004539948707398306,1.9844674545084815,QuantileRegressor,"{'mode': 'original', 'type': 'QuantileRegressor'}",2,"['z_diameter_T2W10', 'z_asp_T2W10']",,,,,,,,1.335779145669776,1.3645398079803412,98.0,1.3501594768250587,0.014380331155282656,0.0721012018031965,1.9844674545084815,completed,True,COMPLETE
238,1.0500188058736373,2026-06-12 16:57:49.870063,2026-06-12 16:57:50.174786,0 days 00:00:00.304723,,,,,,,,,,,,,,,XGBRegressor,,,,,,4,,,,,,,,True,gblinear,0.8788610898346367,0.005362672332294357,8.0,419.0,5.427569609419963e-07,0.05397748586464484,0.7444989048128452,,,,,,,,,,,,,,,,,,,,,,,,,,,,,,,,,,,,,,,,,,,,,XGBRegressor,"{'mode': 'original', 'type': 'XGBRegressor'}",4,"['z_l2_T2W10', 'z_l3_T2W10', 'z_lsc_T2W10', 'z_density_T2W10']",,,,,,,,,,,,,,,pruned,True,PRUNED
239,1.0241187384044526,2026-06-12 16:57:50.184799,2026-06-12 16:57:53.590510,0 days 00:00:03.405711,,,,,,,,,,,,,,0.5315665492840662,QuantileRegressor,,,,,,2,,,,,,,,False,,,,,,,,,0.0,0.0,98.0,0.0,0.0,0.0,1.9844674545084815,1.0142445249741314,1.0339929518347737,98.0,1.0241187384044526,0.009874213430321107,0.04950808486255764,1.9844674545084815,305901430884989.94,401528566240617.56,98.0,353714998562803.75,47813567677813.83,239731314588150.53,1.9844674545084815,2.951594894990265,3.0080010646056943,98.0,2.9797979797979797,0.028203084807714735,0.14140677897022574,1.9844674545084815,1.0,1.0,98.0,1.0,0.0,0.0,1.9844674545084815,99.0,0.9393939393939394,-0.005464225809889945,-0.0036532722000295697,98.0,-0.004558749004959757,0.0009054768049301876,0.004539948707398303,1.9844674545084815,QuantileRegressor,"{'mode': 'original', 'type': 'QuantileRegressor'}",2,"['z_diameter_T2W10', 'z_asp_T2W10']",,,,,,,,1.335779145669776,1.3645398079803412,98.0,1.3501594768250587,0.014380331155282654,0.07210120180319649,1.9844674545084815,completed,False,COMPLETE
240,1.0241187384044526,2026-06-12 16:57:53.641980,2026-06-12 16:57:56.272868,0 days 00:00:02.630888,,,,,,,,,,,,,,0.0423173235314744,QuantileRegressor,,,,,,2,,,,,,,,True,,,,,,,,,-1.0748092418241248e-17,1.7765932293510936e-18,98.0,-4.485749594445077e-18,6.262342823796171e-18,3.1398612370165e-17,1.9844674545084815,1.0142445249741314,1.0339929518347737,98.0,1.0241187384044526,0.009874213430321105,0.04950808486255763,1.9844674545084815,305901430884989.94,401528566240617.56,98.0,353714998562803.75,47813567677813.83,239731314588150.53,1.9844674545084815,2.951594894990265,3.0080010646056943,98.0,2.9797979797979797,0.028203084807714735,0.14140677897022574,1.9844674545084815,1.0,1.0,98.0,1.0,2.1915894039307437e-17,1.098835820790608e-16,1.9844674545084815,99.0,0.9393939393939394,-0.005464225809889943,-0.0036532722000295684,98.0,-0.004558749004959756,0.0009054768049301873,0.004539948707398302,1.9844674545084815,QuantileRegressor,"{'mode': 'original', 'type': 'QuantileRegressor'}",2,"['z_diameter_T2W10', 'z_asp_T2W10']",,,,,,,,1.335779145669776,1.3645398079803412,98.0,1.3501594768250587,0.014380331155282654,0.07210120180319649,1.9844674545084815,completed,True,COMPLETE
241,1.0241187384044526,2026-06-12 16:57:56.285563,2026-06-12 16:57:58.675631,0 days 00:00:02.390068,,,,,,,,,,,,,,0.35833472578669395,QuantileRegressor,,,,,,2,,,,,,,,True,,,,,,,,,0.0,0.0,98.0,0.0,0.0,0.0,1.9844674545084815,1.0142445249741314,1.0339929518347737,98.0,1.0241187384044526,0.009874213430321107,0.04950808486255764,1.9844674545084815,305901430884989.94,401528566240617.56,98.0,353714998562803.75,47813567677813.83,239731314588150.53,1.9844674545084815,2.951594894990265,3.0080010646056943,98.0,2.9797979797979797,0.028203084807714735,0.14140677897022574,1.9844674545084815,1.0,1.0,98.0,1.0,0.0,0.0,1.9844674545084815,99.0,0.9393939393939394,-0.005464225809889945,-0.0036532722000295697,98.0,-0.004558749004959757,0.0009054768049301876,0.004539948707398303,1.9844674545084815,QuantileRegressor,"{'mode': 'original', 'type': 'QuantileRegressor'}",2,"['z_diameter_T2W10', 'z_asp_T2W10']",,,,,,,,1.335779145669776,1.3645398079803412,98.0,1.3501594768250587,0.014380331155282654,0.07210120180319649,1.9844674545084815,completed,True,COMPLETE
242,1.0241187384044526,2026-06-12 16:57:58.688678,2026-06-12 16:58:00.989034,0 days 00:00:02.300356,,,,,,,,,,,,,,0.01998438332354272,QuantileRegressor,,,,,,2,,,,,,,,True,,,,,,,,,-2.0961686777865816e-17,-1.4670611943595693e-18,98.0,-1.1214373986112692e-17,9.747312791753123e-18,4.8871820756290267e-17,1.9844674545084815,1.0142445249741314,1.0339929518347737,98.0,1.0241187384044526,0.009874213430321105,0.04950808486255763,1.9844674545084815,305901430884989.94,401528566240617.56,98.0,353714998562803.75,47813567677813.83,239731314588150.53,1.9844674545084815,2.951594894990265,3.0080010646056943,98.0,2.9797979797979797,0.028203084807714742,0.14140677897022577,1.9844674545084815,1.0,1.0,98.0,1.0,4.4735631377672144e-17,2.2429892266911074e-16,1.9844674545084815,99.0,0.9393939393939394,-0.005464225809889944,-0.003653272200029571,98.0,-0.004558749004959757,0.0009054768049301865,0.004539948707398298,1.9844674545084815,QuantileRegressor,"{'mode': 'original', 'type': 'QuantileRegressor'}",2,"['z_diameter_T2W10', 'z_asp_T2W10']",,,,,,,,1.335779145669776,1.3645398079803412,98.0,1.3501594768250587,0.014380331155282654,0.07210120180319649,1.9844674545084815,completed,True,COMPLETE
243,1.0241187384044526,2026-06-12 16:58:01.037787,2026-06-12 16:58:03.250251,0 days 00:00:02.212464,,,,,,,,,,,,,,0.014137463761724723,QuantileRegressor,,,,,,2,,,,,,,,True,,,,,,,,,-2.7109946587111645e-17,-4.290300574003892e-18,98.0,-1.570012358055777e-17,1.1409823006553877e-17,5.720744134825351e-17,1.9844674545084815,1.0142445249741314,1.0339929518347737,98.0,1.0241187384044526,0.009874213430321101,0.049508084862557616,1.9844674545084815,305901430884989.94,401528566240617.56,98.0,353714998562803.75,47813567677813.83,239731314588150.53,1.9844674545084815,2.951594894990265,3.0080010646056943,98.0,2.9797979797979797,0.028203084807714735,0.14140677897022574,1.9844674545084815,1.0,1.0,98.0,1.0,5.2931912875528586e-17,2.6539406435475e-16,1.9844674545084815,99.0,0.9393939393939394,-0.005464225809889947,-0.0036532722000295723,98.0,-0.00455874900495976,0.0009054768049301876,0.004539948707398303,1.9844674545084815,QuantileRegressor,"{'mode': 'original', 'type': 'QuantileRegressor'}",2,"['z_diameter_T2W10', 'z_asp_T2W10']",,,,,,,,1.335779145669776,1.3645398079803412,98.0,1.3501594768250587,0.014380331155282654,0.07210120180319649,1.9844674545084815,completed,True,COMPLETE
244,1.0241187384044526,2026-06-12 16:58:03.263137,2026-06-12 16:58:05.456877,0 days 00:00:02.193740,,,,,,,,,,,,,,0.02097035798535615,QuantileRegressor,,,,,,2,,,,,,,,True,,,,,,,,,-2.0961686777865816e-17,-1.4670611943595693e-18,98.0,-1.1214373986112692e-17,9.747312791753123e-18,4.8871820756290267e-17,1.9844674545084815,1.0142445249741314,1.0339929518347737,98.0,1.0241187384044526,0.009874213430321105,0.04950808486255763,1.9844674545084815,305901430884989.9,401528566240617.5,98.0,353714998562803.7,47813567677813.836,239731314588150.56,1.9844674545084815,2.951594894990265,3.0080010646056943,98.0,2.9797979797979797,0.028203084807714742,0.14140677897022577,1.9844674545084815,1.0,1.0,98.0,1.0,4.9005428859573887e-17,2.4570715913995763e-16,1.9844674545084815,99.0,0.9393939393939394,-0.005464225809889945,-0.00365327220002957,98.0,-0.004558749004959757,0.0009054768049301873,0.004539948707398302,1.9844674545084815,QuantileRegressor,"{'mode': 'original', 'type': 'QuantileRegressor'}",2,"['z_diameter_T2W10', 'z_asp_T2W10']",,,,,,,,1.335779145669776,1.3645398079803412,98.0,1.3501594768250587,0.014380331155282654,0.07210120180319649,1.9844674545084815,completed,True,COMPLETE
245,1.0241187384044528,2026-06-12 16:58:05.470527,2026-06-12 16:58:07.724078,0 days 00:00:02.253551,,,,,,,,,,,,,,0.005439185320133022,QuantileRegressor,,,,,,5,,,,,,,,True,,,,,,,,,-2.1449615360750296e-16,-4.5677322870311485e-17,98.0,-1.3008673823890723e-16,8.440941536859575e-17,4.2321836860796076e-16,1.9844674545084815,1.0142445249741316,1.033992951834774,98.0,1.0241187384044528,0.009874213430321114,0.04950808486255767,1.9844674545084815,305901430884990.0,401528566240617.6,98.0,353714998562803.8,47813567677813.83,239731314588150.53,1.9844674545084815,2.951594894990265,3.0080010646056943,98.0,2.9797979797979797,0.028203084807714742,0.14140677897022577,1.9844674545084815,0.9999999999999998,1.0,98.0,0.9999999999999999,1.284738483309913e-16,6.441519854390299e-16,1.9844674545084815,99.0,0.9393939393939394,-0.00546422580988997,-0.003653272200029573,98.0,-0.004558749004959771,0.0009054768049301982,0.004539948707398357,1.9844674545084815,QuantileRegressor,"{'mode': 'original', 'type': 'QuantileRegressor'}",5,"['z_l3_T2W10', 'z_lsc_T2W10', 'z_density_T2W10', 'z_diameter_T2W10', 'z_asp_T2W10']",-1.124384692692285,1.164373046324875,1.0,0.019994176816294958,1.14437886950858,0.12737053678543633,12.706204736174694,1.335779145669776,1.3645398079803412,98.0,1.3501594768250587,0.014380331155282654,0.07210120180319649,1.9844674545084815,completed,True,COMPLETE
246,1.0241187384044526,2026-06-12 16:58:07.737117,2026-06-12 16:58:09.806592,0 days 00:00:02.069475,,,,,,,,,,,,,,0.029319343615525947,QuantileRegressor,,,,,,2,,,,,,,,False,,,,,,,,,0.0,0.0,98.0,0.0,0.0,0.0,1.9844674545084815,1.0142445249741314,1.0339929518347737,98.0,1.0241187384044526,0.009874213430321107,0.04950808486255764,1.9844674545084815,305901430884989.94,401528566240617.56,98.0,353714998562803.75,47813567677813.83,239731314588150.53,1.9844674545084815,2.951594894990265,3.0080010646056943,98.0,2.9797979797979797,0.028203084807714735,0.14140677897022574,1.9844674545084815,1.0,1.0,98.0,1.0,0.0,0.0,1.9844674545084815,99.0,0.9393939393939394,-0.005464225809889945,-0.0036532722000295697,98.0,-0.004558749004959757,0.0009054768049301876,0.004539948707398303,1.9844674545084815,QuantileRegressor,"{'mode': 'original', 'type': 'QuantileRegressor'}",2,"['z_diameter_T2W10', 'z_asp_T2W10']",,,,,,,,1.335779145669776,1.3645398079803412,98.0,1.3501594768250587,0.014380331155282654,0.07210120180319649,1.9844674545084815,completed,False,COMPLETE
247,1.0241187384044526,2026-06-12 16:58:09.836921,2026-06-12 16:58:12.049852,0 days 00:00:02.212931,,,,,,,,,,,,,,0.11978079367244883,QuantileRegressor,,,,,,7,,,,,,,,True,,,,,,,,,0.0,0.0,98.0,0.0,0.0,0.0,1.9844674545084815,1.0142445249741314,1.0339929518347737,98.0,1.0241187384044526,0.009874213430321107,0.04950808486255764,1.9844674545084815,305901430884989.94,401528566240617.56,98.0,353714998562803.75,47813567677813.83,239731314588150.53,1.9844674545084815,2.951594894990265,3.0080010646056943,98.0,2.9797979797979797,0.028203084807714735,0.14140677897022574,1.9844674545084815,1.0,1.0,98.0,1.0,0.0,0.0,1.9844674545084815,99.0,0.9393939393939394,-0.005464225809889945,-0.0036532722000295697,98.0,-0.004558749004959757,0.0009054768049301876,0.004539948707398303,1.9844674545084815,QuantileRegressor,"{'mode': 'original', 'type': 'QuantileRegressor'}",7,"['z_l1_T2W10', 'z_l2_T2W10', 'z_l3_T2W10', 'z_lsc_T2W10', 'z_density_T2W10', 'z_diameter_T2W10', 'z_asp_T2W10']",,,,,,,,1.335779145669776,1.3645398079803412,98.0,1.3501594768250587,0.014380331155282654,0.07210120180319649,1.9844674545084815,completed,True,COMPLETE
248,1.0249091632464662,2026-06-12 16:58:12.062700,2026-06-12 16:58:32.391175,0 days 00:00:20.328475,,,,,,2.0,,2.0,9.0,389.0,,,,,ExtraTreesRegressor,,,,,,2,,,,,,,,True,,,,,,,,,-0.004029868158516307,0.002434658043004833,98.0,-0.0007976050577557371,0.00323226310076057,0.01620616740966719,1.9844674545084815,1.014596600416417,1.0352217260765153,98.0,1.0249091632464662,0.010312562830049174,0.05170591453621526,1.9844674545084815,291111259050769.9,383440146142752.0,98.0,337275702596760.94,46164443545991.08,231462810160601.62,1.9844674545084815,3.0128150292213434,3.080956004011453,98.0,3.046885516616398,0.03407048739505483,0.17082520984238256,1.9844674545084815,0.9887448535120967,0.9942959135296244,98.0,0.9915203835208606,0.0027755300087638703,0.013916164176733666,1.9844674545084815,99.0,0.12121212121212122,0.018507979483471316,0.027901653781246507,98.0,0.02320481663235891,0.004696837148887595,0.02354936054336213,1.9844674545084815,ExtraTreesRegressor,"{'mode': 'original', 'type': 'ExtraTreesRegressor'}",2,"['z_l2_T2W10', 'z_l3_T2W10']",0.08252800458245677,0.14111504566225858,98.0,0.11182152512235767,0.0292935205399009,0.14687408886252185,1.9844674545084815,1.3169513725290958,1.3454580136480312,98.0,1.3312046930885635,0.014253320559467786,0.07146438638489314,1.9844674545084815,completed,True,COMPLETE
249,1.0241187384044528,2026-06-12 16:58:32.429933,2026-06-12 16:58:35.768381,0 days 00:00:03.338448,,,,,,,,,,,,,,0.003347820959214586,QuantileRegressor,,,,,,9,,,,,,,,False,,,,,,,,,-1.840351177026825e-16,-8.959560755846718e-17,98.0,-1.3681536263057484e-16,4.721975507210765e-17,2.3675401162794885e-16,1.9844674545084815,1.0142445249741316,1.033992951834774,98.0,1.0241187384044528,0.009874213430321107,0.04950808486255764,1.9844674545084815,305901430884989.94,401528566240617.56,98.0,353714998562803.75,47813567677813.83,239731314588150.5,1.9844674545084815,2.951594894990265,3.0080010646056943,98.0,2.9797979797979797,0.028203084807714742,0.14140677897022577,1.9844674545084815,0.9999999999999999,1.0000000000000002,98.0,1.0,1.47830787473949e-16,7.412052841682383e-16,1.9844674545084815,99.0,0.9393939393939394,-0.005464225809889967,-0.0036532722000295927,98.0,-0.00455874900495978,0.0009054768049301873,0.004539948707398302,1.9844674545084815,QuantileRegressor,"{'mode': 'original', 'type': 'QuantileRegressor'}",9,"['z_re_T2W10', 'z_pe_T2W10', 'z_l1_T2W10', 'z_l2_T2W10', 'z_l3_T2W10', 'z_lsc_T2W10', 'z_density_T2W10', 'z_diameter_T2W10', 'z_asp_T2W10']",-1.160230975394522,1.0101714255984056,1.0,-0.0750297748980582,1.0852012004964637,0.12078400179373304,12.706204736174694,1.335779145669776,1.3645398079803412,98.0,1.3501594768250587,0.014380331155282654,0.07210120180319649,1.9844674545084815,completed,False,COMPLETE
250,1.0241187384044526,2026-06-12 16:58:35.782192,2026-06-12 16:58:39.038757,0 days 00:00:03.256565,,,,,,,,,,,,,,0.8044424083913166,QuantileRegressor,,,,,,2,,,,,,,,True,,,,,,,,,0.0,0.0,98.0,0.0,0.0,0.0,1.9844674545084815,1.0142445249741314,1.0339929518347737,98.0,1.0241187384044526,0.009874213430321107,0.04950808486255764,1.9844674545084815,305901430884989.94,401528566240617.56,98.0,353714998562803.75,47813567677813.83,239731314588150.53,1.9844674545084815,2.951594894990265,3.0080010646056943,98.0,2.9797979797979797,0.028203084807714735,0.14140677897022574,1.9844674545084815,1.0,1.0,98.0,1.0,0.0,0.0,1.9844674545084815,99.0,0.9393939393939394,-0.005464225809889945,-0.0036532722000295697,98.0,-0.004558749004959757,0.0009054768049301876,0.004539948707398303,1.9844674545084815,QuantileRegressor,"{'mode': 'original', 'type': 'QuantileRegressor'}",2,"['z_diameter_T2W10', 'z_asp_T2W10']",,,,,,,,1.335779145669776,1.3645398079803412,98.0,1.3501594768250587,0.014380331155282654,0.07210120180319649,1.9844674545084815,completed,True,COMPLETE
251,1.0241187384044526,2026-06-12 16:58:39.055298,2026-06-12 16:58:42.419650,0 days 00:00:03.364352,,,,,,,,,,,,,,7.107629395056763,QuantileRegressor,,,,,,2,,,,,,,,False,,,,,,,,,0.0,0.0,98.0,0.0,0.0,0.0,1.9844674545084815,1.0142445249741314,1.0339929518347737,98.0,1.0241187384044526,0.009874213430321107,0.04950808486255764,1.9844674545084815,305901430884989.94,401528566240617.56,98.0,353714998562803.75,47813567677813.83,239731314588150.53,1.9844674545084815,2.951594894990265,3.0080010646056943,98.0,2.9797979797979797,0.028203084807714735,0.14140677897022574,1.9844674545084815,1.0,1.0,98.0,1.0,0.0,0.0,1.9844674545084815,99.0,0.9393939393939394,-0.005464225809889945,-0.0036532722000295697,98.0,-0.004558749004959757,0.0009054768049301876,0.004539948707398303,1.9844674545084815,QuantileRegressor,"{'mode': 'original', 'type': 'QuantileRegressor'}",2,"['z_diameter_T2W10', 'z_asp_T2W10']",,,,,,,,1.335779145669776,1.3645398079803412,98.0,1.3501594768250587,0.014380331155282654,0.07210120180319649,1.9844674545084815,completed,False,COMPLETE
