number,value,datetime_start,datetime_complete,duration,params_dt_max_depth,params_dt_min_samples_leaf,params_dt_min_samples_split,params_elastic_alpha,params_elastic_l1_ratio,params_et_max_depth,params_et_max_features,params_et_min_samples_leaf,params_et_min_samples_split,params_et_n_estimators,params_knn_metric,params_knn_n_neighbors,params_knn_weights,params_quantile_alpha,params_regressor,params_rf_max_depth,params_rf_max_features,params_rf_min_samples_leaf,params_rf_min_samples_split,params_rf_n_estimators,params_rfe_n_features,params_rfe_proxy_et_max_depth,params_rfe_proxy_et_min_samples_leaf,params_rfe_proxy_et_min_samples_split,params_rfe_proxy_et_n_estimators,params_rfe_proxy_lsvr_C,params_rfe_proxy_lsvr_epsilon,params_rfe_proxy_type,params_use_scaler,params_xgb_booster,params_xgb_colsample_bytree,params_xgb_learning_rate,params_xgb_max_depth,params_xgb_n_estimators,params_xgb_reg_alpha,params_xgb_reg_lambda,params_xgb_subsample,user_attrs_d2mae_ci_lower_val,user_attrs_d2mae_ci_upper_val,user_attrs_d2mae_df_val,user_attrs_d2mae_mean_val,user_attrs_d2mae_samperror_val,user_attrs_d2mae_std_val,user_attrs_d2mae_t_critical_val,user_attrs_mae_ci_lower_val,user_attrs_mae_ci_upper_val,user_attrs_mae_df_val,user_attrs_mae_mean_val,user_attrs_mae_samperror_val,user_attrs_mae_std_val,user_attrs_mae_t_critical_val,user_attrs_mape_ci_lower_val,user_attrs_mape_ci_upper_val,user_attrs_mape_df_val,user_attrs_mape_mean_val,user_attrs_mape_samperror_val,user_attrs_mape_std_val,user_attrs_mape_t_critical_val,user_attrs_max_error_ci_lower_val,user_attrs_max_error_ci_upper_val,user_attrs_max_error_df_val,user_attrs_max_error_mean_val,user_attrs_max_error_samperror_val,user_attrs_max_error_std_val,user_attrs_max_error_t_critical_val,user_attrs_median_ae_ci_lower_val,user_attrs_median_ae_ci_upper_val,user_attrs_median_ae_df_val,user_attrs_median_ae_mean_val,user_attrs_median_ae_samperror_val,user_attrs_median_ae_std_val,user_attrs_median_ae_t_critical_val,user_attrs_n_splits_val,user_attrs_r2_below_zero_val,user_attrs_r2_ci_lower_val,user_attrs_r2_ci_upper_val,user_attrs_r2_df_val,user_attrs_r2_mean_val,user_attrs_r2_samperror_val,user_attrs_r2_std_val,user_attrs_r2_t_critical_val,user_attrs_regressor_final,user_attrs_rfe_estimator,user_attrs_rfe_n_features,user_attrs_rfe_selected_features,user_attrs_rho_ci_lower_val,user_attrs_rho_ci_upper_val,user_attrs_rho_df_val,user_attrs_rho_mean_val,user_attrs_rho_samperror_val,user_attrs_rho_std_val,user_attrs_rho_t_critical_val,user_attrs_rmse_ci_lower_val,user_attrs_rmse_ci_upper_val,user_attrs_rmse_df_val,user_attrs_rmse_mean_val,user_attrs_rmse_samperror_val,user_attrs_rmse_std_val,user_attrs_rmse_t_critical_val,user_attrs_termination_reason,user_attrs_use_scaler_final,state
330,1.0327619125428693,2026-06-12 18:19:51.934242,2026-06-12 18:19:53.732294,0 days 00:00:01.798052,,,,0.1873078899092956,0.2732595269982093,,,,,,,,,,ElasticNet,,,,,,9,,,,,,,,False,,,,,,,,,-0.009311600920686908,-0.0077400922927149665,98.0,-0.008525846606700938,0.0007857543139859713,0.003939674945498233,1.9844674545084815,1.0231481797918964,1.0423756452938422,98.0,1.0327619125428693,0.00961373275097289,0.04820206695346239,1.9844674545084815,302704234854929.9,397604587387885.5,98.0,350154411121407.7,47450176266477.84,237909314997225.97,1.9844674545084815,2.9863834434142356,3.0438365298791203,98.0,3.015109986646678,0.028726543232442506,0.14403133476865154,1.9844674545084815,0.9638979305981744,0.9721071628037131,98.0,0.9680025467009438,0.004104616102769329,0.020580037466084642,1.9844674545084815,99.0,0.9595959595959596,-0.00494214831082221,-0.002691232403788658,98.0,-0.003816690357305434,0.0011254579535167762,0.005642906978377622,1.9844674545084815,ElasticNet,"{'mode': 'original', 'type': 'ElasticNet'}",9,"['z_re_T2W10', 'z_pe_T2W10', 'z_l1_T2W10', 'z_l2_T2W10', 'z_l3_T2W10', 'z_lsc_T2W10', 'z_density_T2W10', 'z_diameter_T2W10', 'z_asp_T2W10']",-0.19902530996722595,-0.03894976818463071,20.0,-0.11898753907592832,0.08003777089129761,0.1758320089672008,2.085963447265864,1.3352944780413867,1.3640102544707435,98.0,1.349652366256065,0.014357888214678358,0.07198867567482753,1.9844674545084815,completed,False,COMPLETE
331,1.0347973101165115,2026-06-12 18:19:53.787002,2026-06-12 18:20:00.312796,0 days 00:00:06.525794,,,,,,,,,,,,,,,XGBRegressor,,,,,,8,,,,,,,,False,gbtree,0.6842631718618806,0.0011943260319976295,3.0,153.0,0.6014842345304589,0.00018150523695907548,0.8258334126879425,-0.011921988564896015,-0.009008949888987526,98.0,-0.01046546922694177,0.0014565193379542437,0.007302807813123194,1.9844674545084815,1.0248782467009037,1.0447163735321194,98.0,1.0347973101165115,0.009919063415607849,0.04973295714158314,1.9844674545084815,299658833402943.6,393750570131937.6,98.0,346704701767440.6,47045868364496.984,235882165182901.97,1.9844674545084815,3.019193776055368,3.080916446539539,98.0,3.0500551112974534,0.03086133524208526,0.15473491786649698,1.9844674545084815,0.9796129153906551,0.9859515522995527,98.0,0.9827822338451039,0.003169318454448743,0.015890570738272547,1.9844674545084815,99.0,0.6161616161616161,-0.006715284948637783,-0.002525370722620344,98.0,-0.004620327835629064,0.0020949571130087197,0.010503855853041004,1.9844674545084815,XGBRegressor,"{'mode': 'original', 'type': 'XGBRegressor'}",8,"['z_re_T2W10', 'z_pe_T2W10', 'z_l1_T2W10', 'z_l2_T2W10', 'z_l3_T2W10', 'z_density_T2W10', 'z_diameter_T2W10', 'z_asp_T2W10']",-0.033929391882173435,0.02297588627459124,98.0,-0.005476752803791097,0.028452639078382337,0.14265801321761262,1.9844674545084815,1.3358209284489104,1.3645041302351453,98.0,1.3501625293420279,0.01434160089311749,0.07190701305899393,1.9844674545084815,completed,False,COMPLETE
332,1.0237722270342768,2026-06-12 18:20:00.325830,2026-06-12 18:20:00.562485,0 days 00:00:00.236655,,,,,,,,,,,,,,,XGBRegressor,,,,,,4,,,,,,,,False,gblinear,0.7151529474497313,0.0020422099445202985,3.0,267.0,6.378558461145747e-07,0.0002656751415700423,0.8427826436144856,,,,,,,,,,,,,,,,,,,,,,,,,,,,,,,,,,,,,,,,,,,,,XGBRegressor,"{'mode': 'original', 'type': 'XGBRegressor'}",4,"['z_l2_T2W10', 'z_l3_T2W10', 'z_lsc_T2W10', 'z_density_T2W10']",,,,,,,,,,,,,,,pruned,False,PRUNED
333,1.0602223573966312,2026-06-12 18:20:00.572359,2026-06-12 18:20:00.710991,0 days 00:00:00.138632,,,,,,,,,,,,,,,LinearRegression,,,,,,8,,,,,,,,False,,,,,,,,,,,,,,,,,,,,,,,,,,,,,,,,,,,,,,,,,,,,,,,,,,,,,LinearRegression,"{'mode': 'original', 'type': 'LinearRegression'}",8,"['z_pe_T2W10', 'z_l1_T2W10', 'z_l2_T2W10', 'z_l3_T2W10', 'z_lsc_T2W10', 'z_density_T2W10', 'z_diameter_T2W10', 'z_asp_T2W10']",,,,,,,,,,,,,,,pruned,False,PRUNED
334,1.0835164835164837,2026-06-12 18:20:00.720663,2026-06-12 18:20:00.924580,0 days 00:00:00.203917,,,,,,,,,,,minkowski,13.0,uniform,,KNeighborsRegressor,,,,,,5,,,,,0.0013577269394141453,0.00020621202575348165,LinearSVR,,,,,,,,,,,,,,,,,,,,,,,,,,,,,,,,,,,,,,,,,,,,,,,,,,,,,,KNeighborsRegressor,"{'mode': 'proxy', 'type': 'LinearSVR'}",5,"['z_re_T2W10', 'z_pe_T2W10', 'z_l3_T2W10', 'z_lsc_T2W10', 'z_diameter_T2W10']",,,,,,,,,,,,,,,pruned,True,PRUNED
335,1.056097262734534,2026-06-12 18:20:00.935433,2026-06-12 18:20:05.065216,0 days 00:00:04.129783,,,,,,,,,,,,,,,RandomForestRegressor,2.0,sqrt,4.0,7.0,472.0,4,,,,,,,,True,,,,,,,,,,,,,,,,,,,,,,,,,,,,,,,,,,,,,,,,,,,,,,,,,,,,,RandomForestRegressor,"{'mode': 'original', 'type': 'RandomForestRegressor'}",4,"['z_pe_T2W10', 'z_l2_T2W10', 'z_l3_T2W10', 'z_lsc_T2W10']",,,,,,,,,,,,,,,pruned,True,PRUNED
336,1.024118738404453,2026-06-12 18:20:05.075822,2026-06-12 18:20:07.367700,0 days 00:00:02.291878,,,,,,,,,,,,,,0.00020033665584113386,QuantileRegressor,,,,,,3,,,,,,,,True,,,,,,,,,-1.0794142461137008e-15,1.5983557925246018e-16,98.0,-4.597893334306203e-16,6.196249126830805e-16,3.1067226748279057e-15,1.9844674545084815,1.0142445249741319,1.0339929518347741,98.0,1.024118738404453,0.009874213430321115,0.049508084862557686,1.9844674545084815,305901430884989.9,401528566240617.5,98.0,353714998562803.7,47813567677813.83,239731314588150.53,1.9844674545084815,2.9515948949902664,3.0080010646056956,98.0,2.979797979797981,0.02820308480771477,0.1414067789702259,1.9844674545084815,0.9999999999999991,1.0000000000000002,98.0,0.9999999999999997,5.920799261354339e-16,2.9686155191377787e-15,1.9844674545084815,99.0,0.9494949494949495,-0.005464225809889917,-0.0036532722000295437,98.0,-0.0045587490049597305,0.0009054768049301867,0.004539948707398299,1.9844674545084815,QuantileRegressor,"{'mode': 'original', 'type': 'QuantileRegressor'}",3,"['z_density_T2W10', 'z_diameter_T2W10', 'z_asp_T2W10']",-1.0183513858127067,0.9044329299612789,1.0,-0.05695922792571395,0.9613921578869928,0.10700392892081195,12.706204736174694,1.3357791456697763,1.3645398079803415,98.0,1.3501594768250589,0.014380331155282646,0.07210120180319644,1.9844674545084815,completed,True,COMPLETE
337,1.0749696315228507,2026-06-12 18:20:07.380984,2026-06-12 18:20:40.672679,0 days 00:00:33.291695,,,,,,,,,,,,,,,RandomForestRegressor,6.0,,5.0,12.0,374.0,2,,,,,,,,False,,,,,,,,,-0.0603840904731581,-0.03919711614171717,98.0,-0.049790603307437634,0.01059348716572046,0.05311443440957183,1.9844674545084815,1.0604232168166758,1.0895160462290256,98.0,1.0749696315228507,0.014546414706174961,0.07293392418557909,1.9844674545084815,283765525768408.5,377212768536017.9,98.0,330489147152213.2,46723621383804.71,234266458678338.7,1.9844674545084815,3.2610238191412866,3.4137876283764554,98.0,3.337405723758871,0.07638190461758439,0.3829694225728496,1.9844674545084815,0.8961017712665154,0.9360225929697978,98.0,0.9160621821181566,0.01996041085164123,0.1000790312370668,1.9844674545084815,99.0,0.5454545454545454,-0.03424789040953063,0.0025640152788221834,98.0,-0.015841937565354222,0.018405952844176406,0.09228517104841294,1.9844674545084815,RandomForestRegressor,"{'mode': 'original', 'type': 'RandomForestRegressor'}",2,"['z_l2_T2W10', 'z_l3_T2W10']",0.1444949924039827,0.19178512496409725,98.0,0.16814005868403997,0.02364506628005728,0.11855343782414146,1.9844674545084815,1.3377534479074875,1.3747283369172425,98.0,1.356240892412365,0.018487444504877434,0.09269376015599577,1.9844674545084815,completed,False,COMPLETE
338,1.1414811507624258,2026-06-12 18:20:40.685823,2026-06-12 18:20:41.233993,0 days 00:00:00.548170,,,,,,,,,,,,,,,RandomForestRegressor,18.0,,3.0,8.0,68.0,9,,,,,,,,False,,,,,,,,,,,,,,,,,,,,,,,,,,,,,,,,,,,,,,,,,,,,,,,,,,,,,RandomForestRegressor,"{'mode': 'original', 'type': 'RandomForestRegressor'}",9,"['z_re_T2W10', 'z_pe_T2W10', 'z_l1_T2W10', 'z_l2_T2W10', 'z_l3_T2W10', 'z_lsc_T2W10', 'z_density_T2W10', 'z_diameter_T2W10', 'z_asp_T2W10']",,,,,,,,,,,,,,,pruned,False,PRUNED
339,1.0769341019964007,2026-06-12 18:20:41.243960,2026-06-12 18:20:45.657074,0 days 00:00:04.413114,,,,,,,,,,,,,,,RandomForestRegressor,5.0,log2,5.0,4.0,459.0,3,,,,,,,,False,,,,,,,,,,,,,,,,,,,,,,,,,,,,,,,,,,,,,,,,,,,,,,,,,,,,,RandomForestRegressor,"{'mode': 'original', 'type': 'RandomForestRegressor'}",3,"['z_pe_T2W10', 'z_l2_T2W10', 'z_l3_T2W10']",,,,,,,,,,,,,,,pruned,False,PRUNED
340,1.0194672944594405,2026-06-12 18:20:45.667753,2026-06-12 18:20:45.860946,0 days 00:00:00.193193,,,,,,,,,,,,,,,XGBRegressor,,,,,,4,,,,,,,,False,gblinear,0.7268947706918196,0.0021095505016488166,8.0,196.0,1.3318464888627862e-06,4.5863872977933616e-08,0.9849105225392724,,,,,,,,,,,,,,,,,,,,,,,,,,,,,,,,,,,,,,,,,,,,,XGBRegressor,"{'mode': 'original', 'type': 'XGBRegressor'}",4,"['z_l2_T2W10', 'z_l3_T2W10', 'z_lsc_T2W10', 'z_density_T2W10']",,,,,,,,,,,,,,,pruned,False,PRUNED
341,1.0707976825460366,2026-06-12 18:20:45.870945,2026-06-12 18:20:47.474691,0 days 00:00:01.603746,,,,,,,,,,,,,,,LinearRegression,,,,,,5,,,,,,,,True,,,,,,,,,-0.052554829484309756,-0.03902051118917099,98.0,-0.045787670336740374,0.0067671591475693856,0.033929698980124566,1.9844674545084815,1.059143862945236,1.082451502146837,98.0,1.0707976825460366,0.011653819600800579,0.05843081009345877,1.9844674545084815,303587225917552.1,399511241935237.5,98.0,351549233926394.8,47962008008842.69,240475576048312.6,1.9844674545084815,3.156395369560789,3.246288513101283,98.0,3.201341941331036,0.04494657177024723,0.22535655170764057,1.9844674545084815,0.9259455257644006,0.9475060970999231,98.0,0.9367258114321618,0.010780285667761269,0.054051018994915795,1.9844674545084815,99.0,0.6868686868686869,-0.04270598365785157,-0.019886470917692176,98.0,-0.03129622728777187,0.011409756370079694,0.05720710724121379,1.9844674545084815,LinearRegression,"{'mode': 'original', 'type': 'LinearRegression'}",5,"['z_pe_T2W10', 'z_l2_T2W10', 'z_lsc_T2W10', 'z_diameter_T2W10', 'z_asp_T2W10']",0.040132363408441875,0.08909251096061405,98.0,0.06461243718452796,0.024480073776086082,0.12274006213259751,1.9844674545084815,1.351786828003647,1.3827209786432155,98.0,1.3672539033234312,0.015467075319784338,0.07755000263170855,1.9844674545084815,completed,True,COMPLETE
342,1.0747112445513856,2026-06-12 18:20:47.487218,2026-06-12 18:20:48.256194,0 days 00:00:00.768976,,,,,,,,,,,,,,,RandomForestRegressor,4.0,log2,5.0,6.0,67.0,3,,,,,,,,False,,,,,,,,,,,,,,,,,,,,,,,,,,,,,,,,,,,,,,,,,,,,,,,,,,,,,RandomForestRegressor,"{'mode': 'original', 'type': 'RandomForestRegressor'}",3,"['z_pe_T2W10', 'z_l2_T2W10', 'z_l3_T2W10']",,,,,,,,,,,,,,,pruned,False,PRUNED
343,1.0566352011918114,2026-06-12 18:20:48.266514,2026-06-12 18:20:49.904812,0 days 00:00:01.638298,,,,,,,,,,,,,,,LinearRegression,,,,,,3,,,,,,,,False,,,,,,,,,-0.03798787535892419,-0.02582244670855504,98.0,-0.03190516103373962,0.006082714325184578,0.030497977295204162,1.9844674545084815,1.0452835808153342,1.0679868215682886,98.0,1.0566352011918114,0.0113516203764772,0.05691562055975285,1.9844674545084815,306619953000464.56,403091344569276.8,98.0,354855648784870.7,48235695784406.12,241847812704331.3,1.9844674545084815,3.1348621545793334,3.2132923714128614,98.0,3.1740772629960974,0.039215108416764025,0.19661970334060477,1.9844674545084815,0.9498574261743359,0.9663771378015752,98.0,0.9581172819879555,0.008259855813619618,0.04141389544178324,1.9844674545084815,99.0,0.5757575757575758,-0.023641460919884706,-0.00553693572699236,98.0,-0.014589198323438534,0.009052262596446174,0.04538692504324767,1.9844674545084815,LinearRegression,"{'mode': 'original', 'type': 'LinearRegression'}",3,"['z_l2_T2W10', 'z_diameter_T2W10', 'z_asp_T2W10']",0.060975144422199555,0.10968036920374594,98.0,0.08532775681297275,0.024352612390773194,0.12210098651150632,1.9844674545084815,1.3413572157423364,1.371432702782112,98.0,1.3563949592622242,0.015037743519887889,0.07539738608827855,1.9844674545084815,completed,False,COMPLETE
344,1.1106575963718819,2026-06-12 18:20:49.917791,2026-06-12 18:20:50.114829,0 days 00:00:00.197038,,,,,,,,,,,minkowski,9.0,uniform,,KNeighborsRegressor,,,,,,9,11.0,1.0,8.0,60.0,,,ExtraTrees,,,,,,,,,,,,,,,,,,,,,,,,,,,,,,,,,,,,,,,,,,,,,,,,,,,,,,KNeighborsRegressor,"{'mode': 'proxy', 'type': 'ExtraTrees'}",9,"['z_re_T2W10', 'z_pe_T2W10', 'z_l1_T2W10', 'z_l2_T2W10', 'z_l3_T2W10', 'z_lsc_T2W10', 'z_density_T2W10', 'z_diameter_T2W10', 'z_asp_T2W10']",,,,,,,,,,,,,,,pruned,True,PRUNED
345,1.0762752744444948,2026-06-12 18:20:50.124943,2026-06-12 18:20:50.250121,0 days 00:00:00.125178,,,,,,,,,,,,,,,LinearRegression,,,,,,9,,,,,,,,True,,,,,,,,,,,,,,,,,,,,,,,,,,,,,,,,,,,,,,,,,,,,,,,,,,,,,LinearRegression,"{'mode': 'original', 'type': 'LinearRegression'}",9,"['z_re_T2W10', 'z_pe_T2W10', 'z_l1_T2W10', 'z_l2_T2W10', 'z_l3_T2W10', 'z_lsc_T2W10', 'z_density_T2W10', 'z_diameter_T2W10', 'z_asp_T2W10']",,,,,,,,,,,,,,,pruned,True,PRUNED
346,1.0667638483965014,2026-06-12 18:20:50.260344,2026-06-12 18:20:50.381803,0 days 00:00:00.121459,,,,,,,,,,,minkowski,14.0,uniform,,KNeighborsRegressor,,,,,,4,,,,,0.0010544710041137256,0.0019876655910112248,LinearSVR,,,,,,,,,,,,,,,,,,,,,,,,,,,,,,,,,,,,,,,,,,,,,,,,,,,,,,KNeighborsRegressor,"{'mode': 'proxy', 'type': 'LinearSVR'}",4,"['z_re_T2W10', 'z_pe_T2W10', 'z_l3_T2W10', 'z_lsc_T2W10']",,,,,,,,,,,,,,,pruned,True,PRUNED
347,1.0324068116449054,2026-06-12 18:20:50.391666,2026-06-12 18:20:53.541545,0 days 00:00:03.149879,,,,0.1251560159806257,0.46349404380057235,,,,,,,,,,ElasticNet,,,,,,5,,,,,,,,False,,,,,,,,,-0.008936210286349108,-0.007442748430913404,98.0,-0.008189479358631256,0.0007467309277178521,0.0037440165132980713,1.9844674545084815,1.0228458412680907,1.0419677820217201,98.0,1.0324068116449054,0.009560970376814727,0.047937522935267374,1.9844674545084815,302686491432872.9,397556116793730.9,98.0,350121304113301.9,47434812680428.98,237832283876998.75,1.9844674545084815,2.9846824270706054,3.0419272621574867,98.0,3.013304844614046,0.028622417543440564,0.1435092614426233,1.9844674545084815,0.9629491752659914,0.9710301260954785,98.0,0.966989650680735,0.004040475414743497,0.020258443989466583,1.9844674545084815,99.0,0.98989898989899,-0.004239990396811579,-0.0024584232417136495,98.0,-0.0033492068192626143,0.000890783577548965,0.0044662786826183375,1.9844674545084815,ElasticNet,"{'mode': 'original', 'type': 'ElasticNet'}",5,"['z_l3_T2W10', 'z_lsc_T2W10', 'z_density_T2W10', 'z_diameter_T2W10', 'z_asp_T2W10']",-0.23602483659715592,-0.016509199441338135,8.0,-0.12626701801924703,0.1097578185779089,0.14278962067193948,2.306004135204166,1.335015060091325,1.363648628293474,98.0,1.3493318441923996,0.014316784101074424,0.07178258473311719,1.9844674545084815,completed,False,COMPLETE
348,1.0602223573966312,2026-06-12 18:20:53.554881,2026-06-12 18:20:53.801045,0 days 00:00:00.246164,,,,,,,,,,,,,,,LinearRegression,,,,,,8,,,,,,,,False,,,,,,,,,,,,,,,,,,,,,,,,,,,,,,,,,,,,,,,,,,,,,,,,,,,,,LinearRegression,"{'mode': 'original', 'type': 'LinearRegression'}",8,"['z_pe_T2W10', 'z_l1_T2W10', 'z_l2_T2W10', 'z_l3_T2W10', 'z_lsc_T2W10', 'z_density_T2W10', 'z_diameter_T2W10', 'z_asp_T2W10']",,,,,,,,,,,,,,,pruned,False,PRUNED
349,1.0515462870287668,2026-06-12 18:20:53.821526,2026-06-12 18:20:57.830413,0 days 00:00:04.008887,,,,,,,,,,,,,,0.00020014140832964604,QuantileRegressor,,,,,,9,,,,,,,,False,,,,,,,,,-0.0395078978320922,-0.015873663983143188,98.0,-0.027690780907617694,0.011817116924474505,0.05924956267717868,1.9844674545084815,1.0388118738908345,1.0642807001666992,98.0,1.0515462870287668,0.012734413137932284,0.06384877243706875,1.9844674545084815,305732223298903.9,401050348183965.6,98.0,353391285741434.75,47659062442530.89,238956644448186.94,1.9844674545084815,3.0205765615344333,3.131403859820897,98.0,3.075990210677665,0.055413649143231575,0.2778371830512365,1.9844674545084815,0.9951482730846133,1.008783170960774,98.0,1.0019657220226936,0.006817448938080341,0.03418184576973023,1.9844674545084815,99.0,0.9696969696969697,-0.05715590915341865,-0.020477451674042767,98.0,-0.03881668041373071,0.018339228739687942,0.09195062464117718,1.9844674545084815,QuantileRegressor,"{'mode': 'original', 'type': 'QuantileRegressor'}",9,"['z_re_T2W10', 'z_pe_T2W10', 'z_l1_T2W10', 'z_l2_T2W10', 'z_l3_T2W10', 'z_lsc_T2W10', 'z_density_T2W10', 'z_diameter_T2W10', 'z_asp_T2W10']",-0.14393681797233096,-0.04194554251242303,31.0,-0.09294118024237699,0.05099563772995396,0.14144299490055673,2.039513446396408,1.355795692440397,1.3860258604410252,98.0,1.3709107764407111,0.015115084000314114,0.07578516169139593,1.9844674545084815,completed,False,COMPLETE
350,1.3536054421768706,2026-06-12 18:20:57.845294,2026-06-12 18:20:58.097533,0 days 00:00:00.252239,15.0,3.0,7.0,,,,,,,,,,,,DecisionTreeRegressor,,,,,,2,,,,,,,,False,,,,,,,,,,,,,,,,,,,,,,,,,,,,,,,,,,,,,,,,,,,,,,,,,,,,,DecisionTreeRegressor,"{'mode': 'original', 'type': 'DecisionTreeRegressor'}",2,"['z_l2_T2W10', 'z_l3_T2W10']",,,,,,,,,,,,,,,pruned,False,PRUNED
351,1.0696185788723311,2026-06-12 18:20:58.192947,2026-06-12 18:20:59.547642,0 days 00:00:01.354695,,,,,,12.0,sqrt,4.0,2.0,413.0,,,,,ExtraTreesRegressor,,,,,,9,,,,,,,,True,,,,,,,,,,,,,,,,,,,,,,,,,,,,,,,,,,,,,,,,,,,,,,,,,,,,,ExtraTreesRegressor,"{'mode': 'original', 'type': 'ExtraTreesRegressor'}",9,"['z_re_T2W10', 'z_pe_T2W10', 'z_l1_T2W10', 'z_l2_T2W10', 'z_l3_T2W10', 'z_lsc_T2W10', 'z_density_T2W10', 'z_diameter_T2W10', 'z_asp_T2W10']",,,,,,,,,,,,,,,pruned,True,PRUNED
352,1.0829248836976308,2026-06-12 18:20:59.558088,2026-06-12 18:21:00.033066,0 days 00:00:00.474978,,,,,,,,,,,manhattan,16.0,distance,,KNeighborsRegressor,,,,,,3,3.0,5.0,10.0,60.0,,,ExtraTrees,,,,,,,,,,,,,,,,,,,,,,,,,,,,,,,,,,,,,,,,,,,,,,,,,,,,,,KNeighborsRegressor,"{'mode': 'proxy', 'type': 'ExtraTrees'}",3,"['z_pe_T2W10', 'z_l2_T2W10', 'z_l3_T2W10']",,,,,,,,,,,,,,,pruned,True,PRUNED
353,1.0267243306709721,2026-06-12 18:21:00.043594,2026-06-12 18:21:03.296813,0 days 00:00:03.253219,,,,,,,,,,,,,,0.00048105946370578004,QuantileRegressor,,,,,,7,,,,,,,,False,,,,,,,,,-0.0066236226895969915,0.0011906856232370426,98.0,-0.0027164685331799742,0.003907154156417017,0.019589987689854704,1.9844674545084815,1.0168275077446958,1.0366211535972485,98.0,1.0267243306709721,0.009896822926276373,0.04962144607885622,1.9844674545084815,306475560687191.5,402055482308241.75,98.0,354265521497716.6,47789960810525.11,239612952675344.38,1.9844674545084815,2.956217620149806,3.0180217142905725,98.0,2.987119667220189,0.030902047070383395,0.15493904193820326,1.9844674545084815,0.9998964497062851,1.0004811331526686,98.0,1.000188791429477,0.0002923417231917703,0.001465765242242068,1.9844674545084815,99.0,0.9393939393939394,-0.011240058156047722,-0.0028781293891815014,98.0,-0.007059093772614612,0.0041809643834331105,0.020962838302311854,1.9844674545084815,QuantileRegressor,"{'mode': 'original', 'type': 'QuantileRegressor'}",7,"['z_l1_T2W10', 'z_l2_T2W10', 'z_l3_T2W10', 'z_lsc_T2W10', 'z_density_T2W10', 'z_diameter_T2W10', 'z_asp_T2W10']",-0.13716128831541427,0.03008214574835915,9.0,-0.053539571283527564,0.08362171703188671,0.1168950999619145,2.262157162798205,1.337457398541259,1.3658801373161296,98.0,1.3516687679286943,0.01421136938743534,0.07125404839698937,1.9844674545084815,completed,False,COMPLETE
