number,value,datetime_start,datetime_complete,duration,params_dt_max_depth,params_dt_min_samples_leaf,params_dt_min_samples_split,params_elastic_alpha,params_elastic_l1_ratio,params_et_max_depth,params_et_max_features,params_et_min_samples_leaf,params_et_min_samples_split,params_et_n_estimators,params_knn_metric,params_knn_n_neighbors,params_knn_weights,params_quantile_alpha,params_regressor,params_rf_max_depth,params_rf_max_features,params_rf_min_samples_leaf,params_rf_min_samples_split,params_rf_n_estimators,params_rfe_n_features,params_rfe_proxy_et_max_depth,params_rfe_proxy_et_min_samples_leaf,params_rfe_proxy_et_min_samples_split,params_rfe_proxy_et_n_estimators,params_rfe_proxy_lsvr_C,params_rfe_proxy_lsvr_epsilon,params_rfe_proxy_type,params_use_scaler,params_xgb_booster,params_xgb_colsample_bytree,params_xgb_learning_rate,params_xgb_max_depth,params_xgb_n_estimators,params_xgb_reg_alpha,params_xgb_reg_lambda,params_xgb_subsample,user_attrs_d2mae_ci_lower_val,user_attrs_d2mae_ci_upper_val,user_attrs_d2mae_df_val,user_attrs_d2mae_mean_val,user_attrs_d2mae_samperror_val,user_attrs_d2mae_std_val,user_attrs_d2mae_t_critical_val,user_attrs_mae_ci_lower_val,user_attrs_mae_ci_upper_val,user_attrs_mae_df_val,user_attrs_mae_mean_val,user_attrs_mae_samperror_val,user_attrs_mae_std_val,user_attrs_mae_t_critical_val,user_attrs_mape_ci_lower_val,user_attrs_mape_ci_upper_val,user_attrs_mape_df_val,user_attrs_mape_mean_val,user_attrs_mape_samperror_val,user_attrs_mape_std_val,user_attrs_mape_t_critical_val,user_attrs_max_error_ci_lower_val,user_attrs_max_error_ci_upper_val,user_attrs_max_error_df_val,user_attrs_max_error_mean_val,user_attrs_max_error_samperror_val,user_attrs_max_error_std_val,user_attrs_max_error_t_critical_val,user_attrs_median_ae_ci_lower_val,user_attrs_median_ae_ci_upper_val,user_attrs_median_ae_df_val,user_attrs_median_ae_mean_val,user_attrs_median_ae_samperror_val,user_attrs_median_ae_std_val,user_attrs_median_ae_t_critical_val,user_attrs_n_splits_val,user_attrs_r2_below_zero_val,user_attrs_r2_ci_lower_val,user_attrs_r2_ci_upper_val,user_attrs_r2_df_val,user_attrs_r2_mean_val,user_attrs_r2_samperror_val,user_attrs_r2_std_val,user_attrs_r2_t_critical_val,user_attrs_regressor_final,user_attrs_rfe_estimator,user_attrs_rfe_n_features,user_attrs_rfe_selected_features,user_attrs_rho_ci_lower_val,user_attrs_rho_ci_upper_val,user_attrs_rho_df_val,user_attrs_rho_mean_val,user_attrs_rho_samperror_val,user_attrs_rho_std_val,user_attrs_rho_t_critical_val,user_attrs_rmse_ci_lower_val,user_attrs_rmse_ci_upper_val,user_attrs_rmse_df_val,user_attrs_rmse_mean_val,user_attrs_rmse_samperror_val,user_attrs_rmse_std_val,user_attrs_rmse_t_critical_val,user_attrs_termination_reason,user_attrs_use_scaler_final,state
199,1.0241187384044528,2026-06-12 16:55:56.676488,2026-06-12 16:55:59.617348,0 days 00:00:02.940860,,,,,,,,,,,,,,0.012526874429294286,QuantileRegressor,,,,,,8,,,,,,,,True,,,,,,,,,-2.7853758566970645e-16,9.392610003001827e-18,98.0,-1.345724878333523e-16,1.4396509783635414e-16,7.218231944472818e-16,1.9844674545084815,1.0142445249741316,1.033992951834774,98.0,1.0241187384044528,0.009874213430321103,0.04950808486255762,1.9844674545084815,305901430884989.9,401528566240617.5,98.0,353714998562803.7,47813567677813.82,239731314588150.47,1.9844674545084815,2.951594894990266,3.008001064605695,98.0,2.9797979797979806,0.028203084807714746,0.1414067789702258,1.9844674545084815,0.9999999999999997,1.0,98.0,0.9999999999999999,1.921420104909803e-16,9.633762758093985e-16,1.9844674545084815,99.0,0.9393939393939394,-0.005464225809889933,-0.0036532722000295584,98.0,-0.004558749004959746,0.0009054768049301876,0.004539948707398303,1.9844674545084815,QuantileRegressor,"{'mode': 'original', 'type': 'QuantileRegressor'}",8,"['z_pe_T2W10', 'z_l1_T2W10', 'z_l2_T2W10', 'z_l3_T2W10', 'z_lsc_T2W10', 'z_density_T2W10', 'z_diameter_T2W10', 'z_asp_T2W10']",,,0.0,0.023376496007331146,,,,1.335779145669776,1.3645398079803412,98.0,1.3501594768250587,0.014380331155282656,0.0721012018031965,1.9844674545084815,completed,True,COMPLETE
200,1.0241187384044526,2026-06-12 16:55:59.630990,2026-06-12 16:56:02.520817,0 days 00:00:02.889827,,,,,,,,,,,,,,1.7823511376250998,QuantileRegressor,,,,,,2,,,,,,,,True,,,,,,,,,0.0,0.0,98.0,0.0,0.0,0.0,1.9844674545084815,1.0142445249741314,1.0339929518347737,98.0,1.0241187384044526,0.009874213430321107,0.04950808486255764,1.9844674545084815,305901430884989.94,401528566240617.56,98.0,353714998562803.75,47813567677813.83,239731314588150.53,1.9844674545084815,2.951594894990265,3.0080010646056943,98.0,2.9797979797979797,0.028203084807714735,0.14140677897022574,1.9844674545084815,1.0,1.0,98.0,1.0,0.0,0.0,1.9844674545084815,99.0,0.9393939393939394,-0.005464225809889945,-0.0036532722000295697,98.0,-0.004558749004959757,0.0009054768049301876,0.004539948707398303,1.9844674545084815,QuantileRegressor,"{'mode': 'original', 'type': 'QuantileRegressor'}",2,"['z_diameter_T2W10', 'z_asp_T2W10']",,,,,,,,1.335779145669776,1.3645398079803412,98.0,1.3501594768250587,0.014380331155282654,0.07210120180319649,1.9844674545084815,completed,True,COMPLETE
201,1.0241187384044526,2026-06-12 16:56:02.536165,2026-06-12 16:56:06.039248,0 days 00:00:03.503083,,,,,,,,,,,,,,7.340466438155454,QuantileRegressor,,,,,,2,,,,,,,,False,,,,,,,,,0.0,0.0,98.0,0.0,0.0,0.0,1.9844674545084815,1.0142445249741314,1.0339929518347737,98.0,1.0241187384044526,0.009874213430321107,0.04950808486255764,1.9844674545084815,305901430884989.94,401528566240617.56,98.0,353714998562803.75,47813567677813.83,239731314588150.53,1.9844674545084815,2.951594894990265,3.0080010646056943,98.0,2.9797979797979797,0.028203084807714735,0.14140677897022574,1.9844674545084815,1.0,1.0,98.0,1.0,0.0,0.0,1.9844674545084815,99.0,0.9393939393939394,-0.005464225809889945,-0.0036532722000295697,98.0,-0.004558749004959757,0.0009054768049301876,0.004539948707398303,1.9844674545084815,QuantileRegressor,"{'mode': 'original', 'type': 'QuantileRegressor'}",2,"['z_diameter_T2W10', 'z_asp_T2W10']",,,,,,,,1.335779145669776,1.3645398079803412,98.0,1.3501594768250587,0.014380331155282654,0.07210120180319649,1.9844674545084815,completed,False,COMPLETE
202,1.0241187384044526,2026-06-12 16:56:06.052851,2026-06-12 16:56:09.556945,0 days 00:00:03.504094,,,,,,,,,,,,,,0.04386057481246171,QuantileRegressor,,,,,,2,,,,,,,,False,,,,,,,,,0.0,0.0,98.0,0.0,0.0,0.0,1.9844674545084815,1.0142445249741314,1.0339929518347737,98.0,1.0241187384044526,0.009874213430321107,0.04950808486255764,1.9844674545084815,305901430884989.94,401528566240617.56,98.0,353714998562803.75,47813567677813.83,239731314588150.53,1.9844674545084815,2.951594894990265,3.0080010646056943,98.0,2.9797979797979797,0.028203084807714735,0.14140677897022574,1.9844674545084815,1.0,1.0,98.0,1.0,0.0,0.0,1.9844674545084815,99.0,0.9393939393939394,-0.005464225809889945,-0.0036532722000295697,98.0,-0.004558749004959757,0.0009054768049301876,0.004539948707398303,1.9844674545084815,QuantileRegressor,"{'mode': 'original', 'type': 'QuantileRegressor'}",2,"['z_diameter_T2W10', 'z_asp_T2W10']",,,,,,,,1.335779145669776,1.3645398079803412,98.0,1.3501594768250587,0.014380331155282654,0.07210120180319649,1.9844674545084815,completed,False,COMPLETE
203,1.0241187384044526,2026-06-12 16:56:09.616265,2026-06-12 16:56:12.730466,0 days 00:00:03.114201,,,,,,,,,,,,,,0.08713332373362219,QuantileRegressor,,,,,,2,,,,,,,,False,,,,,,,,,0.0,0.0,98.0,0.0,0.0,0.0,1.9844674545084815,1.0142445249741314,1.0339929518347737,98.0,1.0241187384044526,0.009874213430321107,0.04950808486255764,1.9844674545084815,305901430884989.94,401528566240617.56,98.0,353714998562803.75,47813567677813.83,239731314588150.53,1.9844674545084815,2.951594894990265,3.0080010646056943,98.0,2.9797979797979797,0.028203084807714735,0.14140677897022574,1.9844674545084815,1.0,1.0,98.0,1.0,0.0,0.0,1.9844674545084815,99.0,0.9393939393939394,-0.005464225809889945,-0.0036532722000295697,98.0,-0.004558749004959757,0.0009054768049301876,0.004539948707398303,1.9844674545084815,QuantileRegressor,"{'mode': 'original', 'type': 'QuantileRegressor'}",2,"['z_diameter_T2W10', 'z_asp_T2W10']",,,,,,,,1.335779145669776,1.3645398079803412,98.0,1.3501594768250587,0.014380331155282654,0.07210120180319649,1.9844674545084815,completed,False,COMPLETE
204,1.0241187384044526,2026-06-12 16:56:12.743467,2026-06-12 16:56:16.024598,0 days 00:00:03.281131,,,,,,,,,,,,,,0.030300576881838955,QuantileRegressor,,,,,,2,,,,,,,,False,,,,,,,,,0.0,0.0,98.0,0.0,0.0,0.0,1.9844674545084815,1.0142445249741314,1.0339929518347737,98.0,1.0241187384044526,0.009874213430321107,0.04950808486255764,1.9844674545084815,305901430884989.94,401528566240617.56,98.0,353714998562803.75,47813567677813.83,239731314588150.53,1.9844674545084815,2.951594894990265,3.0080010646056943,98.0,2.9797979797979797,0.028203084807714735,0.14140677897022574,1.9844674545084815,1.0,1.0,98.0,1.0,0.0,0.0,1.9844674545084815,99.0,0.9393939393939394,-0.005464225809889945,-0.0036532722000295697,98.0,-0.004558749004959757,0.0009054768049301876,0.004539948707398303,1.9844674545084815,QuantileRegressor,"{'mode': 'original', 'type': 'QuantileRegressor'}",2,"['z_diameter_T2W10', 'z_asp_T2W10']",,,,,,,,1.335779145669776,1.3645398079803412,98.0,1.3501594768250587,0.014380331155282654,0.07210120180319649,1.9844674545084815,completed,False,COMPLETE
205,1.0241187384044526,2026-06-12 16:56:16.038928,2026-06-12 16:56:19.016000,0 days 00:00:02.977072,,,,,,,,,,,,,,0.01844709362431459,QuantileRegressor,,,,,,2,,,,,,,,False,,,,,,,,,-6.693786836847978e-18,2.2080372424029e-18,98.0,-2.2428747972225387e-18,4.450912039625439e-18,2.2316322462394838e-17,1.9844674545084815,1.0142445249741314,1.0339929518347737,98.0,1.0241187384044526,0.009874213430321107,0.04950808486255764,1.9844674545084815,305901430884989.94,401528566240617.56,98.0,353714998562803.75,47813567677813.83,239731314588150.53,1.9844674545084815,2.951594894990265,3.0080010646056943,98.0,2.9797979797979797,0.028203084807714735,0.14140677897022574,1.9844674545084815,1.0,1.0,98.0,1.0,1.5496877290960128e-17,7.769942602917248e-17,1.9844674545084815,99.0,0.9393939393939394,-0.005464225809889948,-0.0036532722000295714,98.0,-0.00455874900495976,0.0009054768049301885,0.004539948707398308,1.9844674545084815,QuantileRegressor,"{'mode': 'original', 'type': 'QuantileRegressor'}",2,"['z_diameter_T2W10', 'z_asp_T2W10']",,,,,,,,1.335779145669776,1.3645398079803412,98.0,1.3501594768250587,0.014380331155282654,0.07210120180319649,1.9844674545084815,completed,False,COMPLETE
206,1.0386427626359276,2026-06-12 16:56:19.029167,2026-06-12 16:56:20.026663,0 days 00:00:00.997496,,,,,,6.0,sqrt,4.0,4.0,158.0,,,,,ExtraTreesRegressor,,,,,,5,,,,,,,,True,,,,,,,,,,,,,,,,,,,,,,,,,,,,,,,,,,,,,,,,,,,,,,,,,,,,,ExtraTreesRegressor,"{'mode': 'original', 'type': 'ExtraTreesRegressor'}",5,"['z_pe_T2W10', 'z_l2_T2W10', 'z_l3_T2W10', 'z_density_T2W10', 'z_asp_T2W10']",,,,,,,,,,,,,,,pruned,True,PRUNED
207,1.0241187384044526,2026-06-12 16:56:20.037052,2026-06-12 16:56:22.922032,0 days 00:00:02.884980,,,,,,,,,,,,,,0.7066644913202207,QuantileRegressor,,,,,,2,,,,,,,,False,,,,,,,,,0.0,0.0,98.0,0.0,0.0,0.0,1.9844674545084815,1.0142445249741314,1.0339929518347737,98.0,1.0241187384044526,0.009874213430321107,0.04950808486255764,1.9844674545084815,305901430884989.94,401528566240617.56,98.0,353714998562803.75,47813567677813.83,239731314588150.53,1.9844674545084815,2.951594894990265,3.0080010646056943,98.0,2.9797979797979797,0.028203084807714735,0.14140677897022574,1.9844674545084815,1.0,1.0,98.0,1.0,0.0,0.0,1.9844674545084815,99.0,0.9393939393939394,-0.005464225809889945,-0.0036532722000295697,98.0,-0.004558749004959757,0.0009054768049301876,0.004539948707398303,1.9844674545084815,QuantileRegressor,"{'mode': 'original', 'type': 'QuantileRegressor'}",2,"['z_diameter_T2W10', 'z_asp_T2W10']",,,,,,,,1.335779145669776,1.3645398079803412,98.0,1.3501594768250587,0.014380331155282654,0.07210120180319649,1.9844674545084815,completed,False,COMPLETE
208,1.0241187384044526,2026-06-12 16:56:22.935024,2026-06-12 16:56:26.020347,0 days 00:00:03.085323,,,,,,,,,,,,,,0.4530029284636325,QuantileRegressor,,,,,,2,,,,,,,,True,,,,,,,,,0.0,0.0,98.0,0.0,0.0,0.0,1.9844674545084815,1.0142445249741314,1.0339929518347737,98.0,1.0241187384044526,0.009874213430321107,0.04950808486255764,1.9844674545084815,305901430884989.94,401528566240617.56,98.0,353714998562803.75,47813567677813.83,239731314588150.53,1.9844674545084815,2.951594894990265,3.0080010646056943,98.0,2.9797979797979797,0.028203084807714735,0.14140677897022574,1.9844674545084815,1.0,1.0,98.0,1.0,0.0,0.0,1.9844674545084815,99.0,0.9393939393939394,-0.005464225809889945,-0.0036532722000295697,98.0,-0.004558749004959757,0.0009054768049301876,0.004539948707398303,1.9844674545084815,QuantileRegressor,"{'mode': 'original', 'type': 'QuantileRegressor'}",2,"['z_diameter_T2W10', 'z_asp_T2W10']",,,,,,,,1.335779145669776,1.3645398079803412,98.0,1.3501594768250587,0.014380331155282654,0.07210120180319649,1.9844674545084815,completed,True,COMPLETE
209,1.0241187384044526,2026-06-12 16:56:26.033974,2026-06-12 16:56:28.149639,0 days 00:00:02.115665,,,,,,,,,,,,,,0.049381022795516254,QuantileRegressor,,,,,,2,,,,,,,,True,,,,,,,,,-6.693786836847978e-18,2.2080372424029e-18,98.0,-2.2428747972225387e-18,4.450912039625439e-18,2.2316322462394838e-17,1.9844674545084815,1.0142445249741314,1.0339929518347737,98.0,1.0241187384044526,0.009874213430321105,0.04950808486255763,1.9844674545084815,305901430884989.94,401528566240617.56,98.0,353714998562803.75,47813567677813.83,239731314588150.53,1.9844674545084815,2.951594894990265,3.0080010646056943,98.0,2.9797979797979797,0.028203084807714735,0.14140677897022574,1.9844674545084815,1.0,1.0,98.0,1.0,2.1915894039307437e-17,1.098835820790608e-16,1.9844674545084815,99.0,0.9393939393939394,-0.00546422580988995,-0.0036532722000295736,98.0,-0.004558749004959762,0.0009054768049301883,0.004539948707398307,1.9844674545084815,QuantileRegressor,"{'mode': 'original', 'type': 'QuantileRegressor'}",2,"['z_diameter_T2W10', 'z_asp_T2W10']",,,,,,,,1.335779145669776,1.3645398079803412,98.0,1.3501594768250587,0.014380331155282654,0.07210120180319649,1.9844674545084815,completed,True,COMPLETE
210,1.0241187384044526,2026-06-12 16:56:28.162750,2026-06-12 16:56:30.371406,0 days 00:00:02.208656,,,,,,,,,,,,,,0.035512521622970306,QuantileRegressor,,,,,,7,,,,,,,,False,,,,,,,,,0.0,0.0,98.0,0.0,0.0,0.0,1.9844674545084815,1.0142445249741314,1.0339929518347737,98.0,1.0241187384044526,0.009874213430321107,0.04950808486255764,1.9844674545084815,305901430884989.94,401528566240617.56,98.0,353714998562803.75,47813567677813.83,239731314588150.53,1.9844674545084815,2.951594894990265,3.0080010646056943,98.0,2.9797979797979797,0.028203084807714735,0.14140677897022574,1.9844674545084815,1.0,1.0,98.0,1.0,0.0,0.0,1.9844674545084815,99.0,0.9393939393939394,-0.005464225809889945,-0.0036532722000295697,98.0,-0.004558749004959757,0.0009054768049301876,0.004539948707398303,1.9844674545084815,QuantileRegressor,"{'mode': 'original', 'type': 'QuantileRegressor'}",7,"['z_l1_T2W10', 'z_l2_T2W10', 'z_l3_T2W10', 'z_lsc_T2W10', 'z_density_T2W10', 'z_diameter_T2W10', 'z_asp_T2W10']",,,,,,,,1.335779145669776,1.3645398079803412,98.0,1.3501594768250587,0.014380331155282654,0.07210120180319649,1.9844674545084815,completed,False,COMPLETE
211,1.0241187384044526,2026-06-12 16:56:30.384231,2026-06-12 16:56:32.422360,0 days 00:00:02.038129,,,,,,,,,,,,,,0.05731966956182825,QuantileRegressor,,,,,,3,,,,,,,,False,,,,,,,,,0.0,0.0,98.0,0.0,0.0,0.0,1.9844674545084815,1.0142445249741314,1.0339929518347737,98.0,1.0241187384044526,0.009874213430321107,0.04950808486255764,1.9844674545084815,305901430884989.94,401528566240617.56,98.0,353714998562803.75,47813567677813.83,239731314588150.53,1.9844674545084815,2.951594894990265,3.0080010646056943,98.0,2.9797979797979797,0.028203084807714735,0.14140677897022574,1.9844674545084815,1.0,1.0,98.0,1.0,0.0,0.0,1.9844674545084815,99.0,0.9393939393939394,-0.005464225809889945,-0.0036532722000295697,98.0,-0.004558749004959757,0.0009054768049301876,0.004539948707398303,1.9844674545084815,QuantileRegressor,"{'mode': 'original', 'type': 'QuantileRegressor'}",3,"['z_density_T2W10', 'z_diameter_T2W10', 'z_asp_T2W10']",,,,,,,,1.335779145669776,1.3645398079803412,98.0,1.3501594768250587,0.014380331155282654,0.07210120180319649,1.9844674545084815,completed,False,COMPLETE
212,1.0241187384044526,2026-06-12 16:56:32.434685,2026-06-12 16:56:34.828176,0 days 00:00:02.393491,,,,,,,,,,,,,,0.07092253634071775,QuantileRegressor,,,,,,4,,,,,,,,False,,,,,,,,,0.0,0.0,98.0,0.0,0.0,0.0,1.9844674545084815,1.0142445249741314,1.0339929518347737,98.0,1.0241187384044526,0.009874213430321107,0.04950808486255764,1.9844674545084815,305901430884989.94,401528566240617.56,98.0,353714998562803.75,47813567677813.83,239731314588150.53,1.9844674545084815,2.951594894990265,3.0080010646056943,98.0,2.9797979797979797,0.028203084807714735,0.14140677897022574,1.9844674545084815,1.0,1.0,98.0,1.0,0.0,0.0,1.9844674545084815,99.0,0.9393939393939394,-0.005464225809889945,-0.0036532722000295697,98.0,-0.004558749004959757,0.0009054768049301876,0.004539948707398303,1.9844674545084815,QuantileRegressor,"{'mode': 'original', 'type': 'QuantileRegressor'}",4,"['z_lsc_T2W10', 'z_density_T2W10', 'z_diameter_T2W10', 'z_asp_T2W10']",,,,,,,,1.335779145669776,1.3645398079803412,98.0,1.3501594768250587,0.014380331155282654,0.07210120180319649,1.9844674545084815,completed,False,COMPLETE
213,1.0241187384044526,2026-06-12 16:56:34.841167,2026-06-12 16:56:37.060884,0 days 00:00:02.219717,,,,,,,,,,,,,,0.10206182367563829,QuantileRegressor,,,,,,3,,,,,,,,False,,,,,,,,,0.0,0.0,98.0,0.0,0.0,0.0,1.9844674545084815,1.0142445249741314,1.0339929518347737,98.0,1.0241187384044526,0.009874213430321107,0.04950808486255764,1.9844674545084815,305901430884989.94,401528566240617.56,98.0,353714998562803.75,47813567677813.83,239731314588150.53,1.9844674545084815,2.951594894990265,3.0080010646056943,98.0,2.9797979797979797,0.028203084807714735,0.14140677897022574,1.9844674545084815,1.0,1.0,98.0,1.0,0.0,0.0,1.9844674545084815,99.0,0.9393939393939394,-0.005464225809889945,-0.0036532722000295697,98.0,-0.004558749004959757,0.0009054768049301876,0.004539948707398303,1.9844674545084815,QuantileRegressor,"{'mode': 'original', 'type': 'QuantileRegressor'}",3,"['z_density_T2W10', 'z_diameter_T2W10', 'z_asp_T2W10']",,,,,,,,1.335779145669776,1.3645398079803412,98.0,1.3501594768250587,0.014380331155282654,0.07210120180319649,1.9844674545084815,completed,False,COMPLETE
214,1.10403021918367,2026-06-12 16:56:37.074228,2026-06-12 16:56:52.622296,0 days 00:00:15.548068,,,,,,,,,,,,,,,RandomForestRegressor,16.0,sqrt,2.0,4.0,165.0,2,,,,,,,,False,,,,,,,,,-0.090104157611147,-0.06643282983997388,98.0,-0.07826849372556044,0.011835663885586557,0.05934255484624183,1.9844674545084815,1.0886387369841197,1.1194217013832202,98.0,1.10403021918367,0.015391482199550114,0.07717098807647428,1.9844674545084815,285189216968108.1,379674859224746.75,98.0,332432038096427.44,47242821128319.33,236869661980904.12,1.9844674545084815,3.3653192713626665,3.5082626839721187,98.0,3.4367909776673926,0.07147170630472591,0.35835029554258857,1.9844674545084815,0.900374455220324,0.9448648667269869,98.0,0.9226196609736554,0.02224520575333139,0.11153471028275834,1.9844674545084815,99.0,0.7474747474747475,-0.08857750450044452,-0.04669719222516588,98.0,-0.0676373483628052,0.020940156137639325,0.10499135292275542,1.9844674545084815,RandomForestRegressor,"{'mode': 'original', 'type': 'RandomForestRegressor'}",2,"['z_l2_T2W10', 'z_l3_T2W10']",0.11745221179478273,0.16331966373162274,98.0,0.14038593776320274,0.02293372596842001,0.1149868654826369,1.9844674545084815,1.370616819653647,1.4094217757570016,98.0,1.3900192977053243,0.019402478051677347,0.09728162518511778,1.9844674545084815,completed,False,COMPLETE
215,1.0241187384044528,2026-06-12 16:56:52.635085,2026-06-12 16:56:54.815319,0 days 00:00:02.180234,,,,,,,,,,,,,,0.022066175645451103,QuantileRegressor,,,,,,5,,,,,,,,True,,,,,,,,,-4.219175960503403e-16,8.548637646695952e-17,98.0,-1.6821560979169038e-16,2.537019862586499e-16,1.2720303803565054e-15,1.9844674545084815,1.0142445249741316,1.033992951834774,98.0,1.0241187384044528,0.009874213430321124,0.04950808486255773,1.9844674545084815,305901430884989.9,401528566240617.5,98.0,353714998562803.7,47813567677813.8,239731314588150.34,1.9844674545084815,2.951594894990265,3.0080010646056943,98.0,2.9797979797979797,0.028203084807714746,0.1414067789702258,1.9844674545084815,0.9999999999999999,1.0000000000000002,98.0,1.0,1.1699885781045605e-16,5.866178022358188e-16,1.9844674545084815,99.0,0.9393939393939394,-0.005464225809889854,-0.003653272200029536,98.0,-0.004558749004959695,0.000905476804930159,0.00453994870739816,1.9844674545084815,QuantileRegressor,"{'mode': 'original', 'type': 'QuantileRegressor'}",5,"['z_l3_T2W10', 'z_lsc_T2W10', 'z_density_T2W10', 'z_diameter_T2W10', 'z_asp_T2W10']",,,0.0,0.07944467485478215,,,,1.335779145669776,1.3645398079803412,98.0,1.3501594768250587,0.014380331155282648,0.07210120180319646,1.9844674545084815,completed,True,COMPLETE
