number,value,datetime_start,datetime_complete,duration,params_dt_max_depth,params_dt_min_samples_leaf,params_dt_min_samples_split,params_elastic_alpha,params_elastic_l1_ratio,params_et_max_depth,params_et_max_features,params_et_min_samples_leaf,params_et_min_samples_split,params_et_n_estimators,params_knn_metric,params_knn_n_neighbors,params_knn_weights,params_quantile_alpha,params_regressor,params_rf_max_depth,params_rf_max_features,params_rf_min_samples_leaf,params_rf_min_samples_split,params_rf_n_estimators,params_rfe_n_features,params_rfe_proxy_et_max_depth,params_rfe_proxy_et_min_samples_leaf,params_rfe_proxy_et_min_samples_split,params_rfe_proxy_et_n_estimators,params_rfe_proxy_lsvr_C,params_rfe_proxy_lsvr_epsilon,params_rfe_proxy_type,params_use_scaler,params_xgb_booster,params_xgb_colsample_bytree,params_xgb_learning_rate,params_xgb_max_depth,params_xgb_n_estimators,params_xgb_reg_alpha,params_xgb_reg_lambda,params_xgb_subsample,user_attrs_d2mae_ci_lower_val,user_attrs_d2mae_ci_upper_val,user_attrs_d2mae_df_val,user_attrs_d2mae_mean_val,user_attrs_d2mae_samperror_val,user_attrs_d2mae_std_val,user_attrs_d2mae_t_critical_val,user_attrs_mae_ci_lower_val,user_attrs_mae_ci_upper_val,user_attrs_mae_df_val,user_attrs_mae_mean_val,user_attrs_mae_samperror_val,user_attrs_mae_std_val,user_attrs_mae_t_critical_val,user_attrs_mape_ci_lower_val,user_attrs_mape_ci_upper_val,user_attrs_mape_df_val,user_attrs_mape_mean_val,user_attrs_mape_samperror_val,user_attrs_mape_std_val,user_attrs_mape_t_critical_val,user_attrs_max_error_ci_lower_val,user_attrs_max_error_ci_upper_val,user_attrs_max_error_df_val,user_attrs_max_error_mean_val,user_attrs_max_error_samperror_val,user_attrs_max_error_std_val,user_attrs_max_error_t_critical_val,user_attrs_median_ae_ci_lower_val,user_attrs_median_ae_ci_upper_val,user_attrs_median_ae_df_val,user_attrs_median_ae_mean_val,user_attrs_median_ae_samperror_val,user_attrs_median_ae_std_val,user_attrs_median_ae_t_critical_val,user_attrs_n_splits_val,user_attrs_r2_below_zero_val,user_attrs_r2_ci_lower_val,user_attrs_r2_ci_upper_val,user_attrs_r2_df_val,user_attrs_r2_mean_val,user_attrs_r2_samperror_val,user_attrs_r2_std_val,user_attrs_r2_t_critical_val,user_attrs_regressor_final,user_attrs_rfe_estimator,user_attrs_rfe_n_features,user_attrs_rfe_selected_features,user_attrs_rho_ci_lower_val,user_attrs_rho_ci_upper_val,user_attrs_rho_df_val,user_attrs_rho_mean_val,user_attrs_rho_samperror_val,user_attrs_rho_std_val,user_attrs_rho_t_critical_val,user_attrs_rmse_ci_lower_val,user_attrs_rmse_ci_upper_val,user_attrs_rmse_df_val,user_attrs_rmse_mean_val,user_attrs_rmse_samperror_val,user_attrs_rmse_std_val,user_attrs_rmse_t_critical_val,user_attrs_termination_reason,user_attrs_use_scaler_final,state
165,1.0241187384044526,2026-06-12 16:54:14.780105,2026-06-12 16:54:17.783591,0 days 00:00:03.003486,,,,,,,,,,,,,,0.06519140134721474,QuantileRegressor,,,,,,2,,,,,,,,True,,,,,,,,,0.0,0.0,98.0,0.0,0.0,0.0,1.9844674545084815,1.0142445249741314,1.0339929518347737,98.0,1.0241187384044526,0.009874213430321107,0.04950808486255764,1.9844674545084815,305901430884989.94,401528566240617.56,98.0,353714998562803.75,47813567677813.83,239731314588150.53,1.9844674545084815,2.951594894990265,3.0080010646056943,98.0,2.9797979797979797,0.028203084807714735,0.14140677897022574,1.9844674545084815,1.0,1.0,98.0,1.0,8.947126275534427e-18,4.485978453382214e-17,1.9844674545084815,99.0,0.9393939393939394,-0.005464225809889945,-0.0036532722000295697,98.0,-0.004558749004959757,0.0009054768049301876,0.004539948707398303,1.9844674545084815,QuantileRegressor,"{'mode': 'original', 'type': 'QuantileRegressor'}",2,"['z_diameter_T2W10', 'z_asp_T2W10']",,,,,,,,1.335779145669776,1.3645398079803412,98.0,1.3501594768250587,0.014380331155282654,0.07210120180319649,1.9844674545084815,completed,True,COMPLETE
166,1.0241187384044528,2026-06-12 16:54:17.818587,2026-06-12 16:54:20.995674,0 days 00:00:03.177087,,,,,,,,,,,,,,0.002423102079043631,QuantileRegressor,,,,,,2,,,,,,,,True,,,,,,,,,-3.5910357571772296e-16,-2.2185139810108567e-17,98.0,-1.9064435776391576e-16,1.684592179538072e-16,8.44633683198193e-16,1.9844674545084815,1.0142445249741316,1.033992951834774,98.0,1.0241187384044528,0.009874213430321108,0.049508084862557644,1.9844674545084815,305901430884989.94,401528566240617.56,98.0,353714998562803.75,47813567677813.83,239731314588150.53,1.9844674545084815,2.951594894990266,3.008001064605695,98.0,2.9797979797979806,0.02820308480771476,0.14140677897022585,1.9844674545084815,0.9999999999999993,1.0,98.0,0.9999999999999997,3.5056154931988913e-16,1.7576722496177963e-15,1.9844674545084815,99.0,0.9393939393939394,-0.005464225809889939,-0.003653272200029585,98.0,-0.004558749004959762,0.0009054768049301767,0.004539948707398249,1.9844674545084815,QuantileRegressor,"{'mode': 'original', 'type': 'QuantileRegressor'}",2,"['z_diameter_T2W10', 'z_asp_T2W10']",-0.20817009422760122,0.298378188082942,2.0,0.04510404692767037,0.2532741411552716,0.10195656221361976,4.302652729749462,1.335779145669776,1.3645398079803412,98.0,1.3501594768250587,0.014380331155282646,0.07210120180319644,1.9844674545084815,completed,True,COMPLETE
167,1.0241187384044526,2026-06-12 16:54:21.010521,2026-06-12 16:54:24.083199,0 days 00:00:03.072678,,,,,,,,,,,,,,9.740322005968384,QuantileRegressor,,,,,,9,,,,,,,,False,,,,,,,,,0.0,0.0,98.0,0.0,0.0,0.0,1.9844674545084815,1.0142445249741314,1.0339929518347737,98.0,1.0241187384044526,0.009874213430321107,0.04950808486255764,1.9844674545084815,305901430884989.94,401528566240617.56,98.0,353714998562803.75,47813567677813.83,239731314588150.53,1.9844674545084815,2.951594894990265,3.0080010646056943,98.0,2.9797979797979797,0.028203084807714735,0.14140677897022574,1.9844674545084815,1.0,1.0,98.0,1.0,0.0,0.0,1.9844674545084815,99.0,0.9393939393939394,-0.005464225809889945,-0.0036532722000295697,98.0,-0.004558749004959757,0.0009054768049301876,0.004539948707398303,1.9844674545084815,QuantileRegressor,"{'mode': 'original', 'type': 'QuantileRegressor'}",9,"['z_re_T2W10', 'z_pe_T2W10', 'z_l1_T2W10', 'z_l2_T2W10', 'z_l3_T2W10', 'z_lsc_T2W10', 'z_density_T2W10', 'z_diameter_T2W10', 'z_asp_T2W10']",,,,,,,,1.335779145669776,1.3645398079803412,98.0,1.3501594768250587,0.014380331155282654,0.07210120180319649,1.9844674545084815,completed,False,COMPLETE
168,1.0587138099428928,2026-06-12 16:54:24.096025,2026-06-12 16:54:26.009841,0 days 00:00:01.913816,,,,,,14.0,sqrt,3.0,10.0,397.0,,,,,ExtraTreesRegressor,,,,,,6,,,,,,,,True,,,,,,,,,,,,,,,,,,,,,,,,,,,,,,,,,,,,,,,,,,,,,,,,,,,,,ExtraTreesRegressor,"{'mode': 'original', 'type': 'ExtraTreesRegressor'}",6,"['z_pe_T2W10', 'z_l2_T2W10', 'z_l3_T2W10', 'z_lsc_T2W10', 'z_density_T2W10', 'z_asp_T2W10']",,,,,,,,,,,,,,,pruned,True,PRUNED
169,1.0241187384044526,2026-06-12 16:54:26.020607,2026-06-12 16:54:28.854437,0 days 00:00:02.833830,,,,,,,,,,,,,,2.3451103454721354,QuantileRegressor,,,,,,4,,,,,,,,True,,,,,,,,,0.0,0.0,98.0,0.0,0.0,0.0,1.9844674545084815,1.0142445249741314,1.0339929518347737,98.0,1.0241187384044526,0.009874213430321107,0.04950808486255764,1.9844674545084815,305901430884989.94,401528566240617.56,98.0,353714998562803.75,47813567677813.83,239731314588150.53,1.9844674545084815,2.951594894990265,3.0080010646056943,98.0,2.9797979797979797,0.028203084807714735,0.14140677897022574,1.9844674545084815,1.0,1.0,98.0,1.0,0.0,0.0,1.9844674545084815,99.0,0.9393939393939394,-0.005464225809889945,-0.0036532722000295697,98.0,-0.004558749004959757,0.0009054768049301876,0.004539948707398303,1.9844674545084815,QuantileRegressor,"{'mode': 'original', 'type': 'QuantileRegressor'}",4,"['z_lsc_T2W10', 'z_density_T2W10', 'z_diameter_T2W10', 'z_asp_T2W10']",,,,,,,,1.335779145669776,1.3645398079803412,98.0,1.3501594768250587,0.014380331155282654,0.07210120180319649,1.9844674545084815,completed,True,COMPLETE
170,1.0241187384044526,2026-06-12 16:54:28.906496,2026-06-12 16:54:32.129287,0 days 00:00:03.222791,,,,,,,,,,,,,,0.0044724927833220286,QuantileRegressor,,,,,,2,,,,,,,,False,,,,,,,,,-1.773601183824192e-17,-2.069865395383882e-19,98.0,-8.971499188890155e-18,8.764512649351766e-18,4.394418239843093e-17,1.9844674545084815,1.0142445249741314,1.0339929518347737,98.0,1.0241187384044526,0.009874213430321107,0.04950808486255764,1.9844674545084815,305901430884989.9,401528566240617.5,98.0,353714998562803.7,47813567677813.836,239731314588150.56,1.9844674545084815,2.951594894990265,3.0080010646056943,98.0,2.9797979797979797,0.028203084807714742,0.14140677897022577,1.9844674545084815,1.0,1.0,98.0,1.0,4.734374214751132e-17,2.3737566748887e-16,1.9844674545084815,99.0,0.9393939393939394,-0.005464225809889943,-0.0036532722000295684,98.0,-0.004558749004959756,0.0009054768049301873,0.004539948707398302,1.9844674545084815,QuantileRegressor,"{'mode': 'original', 'type': 'QuantileRegressor'}",2,"['z_diameter_T2W10', 'z_asp_T2W10']",,,,,,,,1.335779145669776,1.3645398079803412,98.0,1.3501594768250587,0.014380331155282654,0.07210120180319649,1.9844674545084815,completed,False,COMPLETE
171,1.0241187384044526,2026-06-12 16:54:32.142598,2026-06-12 16:54:35.168931,0 days 00:00:03.026333,,,,,,,,,,,,,,0.09926319424431125,QuantileRegressor,,,,,,6,,,,,,,,True,,,,,,,,,0.0,0.0,98.0,0.0,0.0,0.0,1.9844674545084815,1.0142445249741314,1.0339929518347737,98.0,1.0241187384044526,0.009874213430321107,0.04950808486255764,1.9844674545084815,305901430884989.94,401528566240617.56,98.0,353714998562803.75,47813567677813.83,239731314588150.53,1.9844674545084815,2.951594894990265,3.0080010646056943,98.0,2.9797979797979797,0.028203084807714735,0.14140677897022574,1.9844674545084815,1.0,1.0,98.0,1.0,8.947126275534427e-18,4.485978453382214e-17,1.9844674545084815,99.0,0.9393939393939394,-0.005464225809889945,-0.0036532722000295697,98.0,-0.004558749004959757,0.0009054768049301876,0.004539948707398303,1.9844674545084815,QuantileRegressor,"{'mode': 'original', 'type': 'QuantileRegressor'}",6,"['z_l2_T2W10', 'z_l3_T2W10', 'z_lsc_T2W10', 'z_density_T2W10', 'z_diameter_T2W10', 'z_asp_T2W10']",,,,,,,,1.335779145669776,1.3645398079803412,98.0,1.3501594768250587,0.014380331155282654,0.07210120180319649,1.9844674545084815,completed,True,COMPLETE
172,1.0241187384044526,2026-06-12 16:54:35.187976,2026-06-12 16:54:38.457996,0 days 00:00:03.270020,,,,,,,,,,,,,,0.19442450532105818,QuantileRegressor,,,,,,8,,,,,,,,True,,,,,,,,,0.0,0.0,98.0,0.0,0.0,0.0,1.9844674545084815,1.0142445249741314,1.0339929518347737,98.0,1.0241187384044526,0.009874213430321107,0.04950808486255764,1.9844674545084815,305901430884989.94,401528566240617.56,98.0,353714998562803.75,47813567677813.83,239731314588150.53,1.9844674545084815,2.951594894990265,3.0080010646056943,98.0,2.9797979797979797,0.028203084807714735,0.14140677897022574,1.9844674545084815,1.0,1.0,98.0,1.0,0.0,0.0,1.9844674545084815,99.0,0.9393939393939394,-0.005464225809889945,-0.0036532722000295697,98.0,-0.004558749004959757,0.0009054768049301876,0.004539948707398303,1.9844674545084815,QuantileRegressor,"{'mode': 'original', 'type': 'QuantileRegressor'}",8,"['z_pe_T2W10', 'z_l1_T2W10', 'z_l2_T2W10', 'z_l3_T2W10', 'z_lsc_T2W10', 'z_density_T2W10', 'z_diameter_T2W10', 'z_asp_T2W10']",,,,,,,,1.335779145669776,1.3645398079803412,98.0,1.3501594768250587,0.014380331155282654,0.07210120180319649,1.9844674545084815,completed,True,COMPLETE
173,1.0241187384044526,2026-06-12 16:54:38.470844,2026-06-12 16:54:41.415407,0 days 00:00:02.944563,,,,,,,,,,,,,,0.0816176390555459,QuantileRegressor,,,,,,8,,,,,,,,True,,,,,,,,,0.0,0.0,98.0,0.0,0.0,0.0,1.9844674545084815,1.0142445249741314,1.0339929518347737,98.0,1.0241187384044526,0.009874213430321107,0.04950808486255764,1.9844674545084815,305901430884989.94,401528566240617.56,98.0,353714998562803.75,47813567677813.83,239731314588150.53,1.9844674545084815,2.951594894990265,3.0080010646056943,98.0,2.9797979797979797,0.028203084807714735,0.14140677897022574,1.9844674545084815,1.0,1.0,98.0,1.0,1.5496877290960128e-17,7.769942602917248e-17,1.9844674545084815,99.0,0.9393939393939394,-0.005464225809889945,-0.0036532722000295697,98.0,-0.004558749004959757,0.0009054768049301876,0.004539948707398303,1.9844674545084815,QuantileRegressor,"{'mode': 'original', 'type': 'QuantileRegressor'}",8,"['z_pe_T2W10', 'z_l1_T2W10', 'z_l2_T2W10', 'z_l3_T2W10', 'z_lsc_T2W10', 'z_density_T2W10', 'z_diameter_T2W10', 'z_asp_T2W10']",,,,,,,,1.335779145669776,1.3645398079803412,98.0,1.3501594768250587,0.014380331155282654,0.07210120180319649,1.9844674545084815,completed,True,COMPLETE
174,1.0241187384044526,2026-06-12 16:54:41.512840,2026-06-12 16:54:44.552321,0 days 00:00:03.039481,,,,,,,,,,,,,,0.0011264558771868338,QuantileRegressor,,,,,,2,,,,,,,,True,,,,,,,,,-9.330353338609463e-17,-2.3325956069477375e-17,98.0,-5.8314744727786e-17,3.498878865830863e-17,1.7542945879764182e-16,1.9844674545084815,1.0142445249741314,1.0339929518347737,98.0,1.0241187384044526,0.00987421343032111,0.04950808486255766,1.9844674545084815,305901430884989.9,401528566240617.5,98.0,353714998562803.7,47813567677813.836,239731314588150.56,1.9844674545084815,2.951594894990265,3.0080010646056943,98.0,2.9797979797979797,0.028203084807714746,0.1414067789702258,1.9844674545084815,0.9999999999999999,1.0,98.0,1.0,9.760162479309792e-17,4.893624750040534e-16,1.9844674545084815,99.0,0.9494949494949495,-0.005464225809889946,-0.003653272200029568,98.0,-0.004558749004959757,0.0009054768049301895,0.004539948707398313,1.9844674545084815,QuantileRegressor,"{'mode': 'original', 'type': 'QuantileRegressor'}",2,"['z_diameter_T2W10', 'z_asp_T2W10']",,,0.0,0.08623998056373576,,,,1.335779145669776,1.3645398079803412,98.0,1.3501594768250587,0.014380331155282654,0.07210120180319649,1.9844674545084815,completed,True,COMPLETE
175,1.1051614341604679,2026-06-12 16:54:44.565545,2026-06-12 16:54:47.282434,0 days 00:00:02.716889,,,,,,,,,,,,,,,RandomForestRegressor,6.0,sqrt,4.0,5.0,392.0,7,,,,,,,,True,,,,,,,,,,,,,,,,,,,,,,,,,,,,,,,,,,,,,,,,,,,,,,,,,,,,,RandomForestRegressor,"{'mode': 'original', 'type': 'RandomForestRegressor'}",7,"['z_re_T2W10', 'z_pe_T2W10', 'z_l1_T2W10', 'z_l2_T2W10', 'z_l3_T2W10', 'z_lsc_T2W10', 'z_density_T2W10']",,,,,,,,,,,,,,,pruned,True,PRUNED
176,1.0241187384044526,2026-06-12 16:54:47.293948,2026-06-12 16:54:50.075977,0 days 00:00:02.782029,,,,,,,,,,,,,,0.05128660948095979,QuantileRegressor,,,,,,2,,,,,,,,True,,,,,,,,,-6.693786836847978e-18,2.2080372424029e-18,98.0,-2.2428747972225387e-18,4.450912039625439e-18,2.2316322462394838e-17,1.9844674545084815,1.0142445249741314,1.0339929518347737,98.0,1.0241187384044526,0.009874213430321105,0.04950808486255763,1.9844674545084815,305901430884989.94,401528566240617.56,98.0,353714998562803.75,47813567677813.83,239731314588150.53,1.9844674545084815,2.951594894990265,3.0080010646056943,98.0,2.9797979797979797,0.028203084807714735,0.14140677897022574,1.9844674545084815,1.0,1.0,98.0,1.0,2.6841378826603285e-17,1.3457935360146644e-16,1.9844674545084815,99.0,0.9393939393939394,-0.00546422580988995,-0.0036532722000295736,98.0,-0.004558749004959762,0.0009054768049301883,0.004539948707398307,1.9844674545084815,QuantileRegressor,"{'mode': 'original', 'type': 'QuantileRegressor'}",2,"['z_diameter_T2W10', 'z_asp_T2W10']",,,,,,,,1.335779145669776,1.3645398079803412,98.0,1.3501594768250587,0.014380331155282654,0.07210120180319649,1.9844674545084815,completed,True,COMPLETE
177,1.1017314580308255,2026-06-12 16:54:50.096674,2026-06-12 16:54:50.362702,0 days 00:00:00.266028,,,,,,,,,,,euclidean,14.0,distance,,KNeighborsRegressor,,,,,,9,2.0,5.0,7.0,50.0,,,ExtraTrees,,,,,,,,,,,,,,,,,,,,,,,,,,,,,,,,,,,,,,,,,,,,,,,,,,,,,,KNeighborsRegressor,"{'mode': 'proxy', 'type': 'ExtraTrees'}",9,"['z_re_T2W10', 'z_pe_T2W10', 'z_l1_T2W10', 'z_l2_T2W10', 'z_l3_T2W10', 'z_lsc_T2W10', 'z_density_T2W10', 'z_diameter_T2W10', 'z_asp_T2W10']",,,,,,,,,,,,,,,pruned,True,PRUNED
178,1.0241187384044526,2026-06-12 16:54:50.373425,2026-06-12 16:54:53.552006,0 days 00:00:03.178581,,,,,,,,,,,,,,0.033089288015484976,QuantileRegressor,,,,,,2,,,,,,,,False,,,,,,,,,0.0,0.0,98.0,0.0,0.0,0.0,1.9844674545084815,1.0142445249741314,1.0339929518347737,98.0,1.0241187384044526,0.009874213430321107,0.04950808486255764,1.9844674545084815,305901430884989.94,401528566240617.56,98.0,353714998562803.75,47813567677813.83,239731314588150.53,1.9844674545084815,2.951594894990265,3.0080010646056943,98.0,2.9797979797979797,0.028203084807714735,0.14140677897022574,1.9844674545084815,1.0,1.0,98.0,1.0,0.0,0.0,1.9844674545084815,99.0,0.9393939393939394,-0.005464225809889945,-0.0036532722000295697,98.0,-0.004558749004959757,0.0009054768049301876,0.004539948707398303,1.9844674545084815,QuantileRegressor,"{'mode': 'original', 'type': 'QuantileRegressor'}",2,"['z_diameter_T2W10', 'z_asp_T2W10']",,,,,,,,1.335779145669776,1.3645398079803412,98.0,1.3501594768250587,0.014380331155282654,0.07210120180319649,1.9844674545084815,completed,False,COMPLETE
179,1.0496156998829282,2026-06-12 16:54:53.564955,2026-06-12 16:54:55.916878,0 days 00:00:02.351923,,,,,,,,,,,,,,,LinearRegression,,,,,,2,,,,,,,,True,,,,,,,,,-0.030314912618297336,-0.019903283541070994,98.0,-0.025109098079684165,0.005205814538613171,0.02610131022335173,1.9844674545084815,1.0390297688728212,1.0602016308930353,98.0,1.0496156998829282,0.010585931010107139,0.05307654877989825,1.9844674545084815,303402628151267.5,398429553691672.75,98.0,350916090921470.1,47513462770202.625,238226625699407.06,1.9844674545084815,3.0927777765760402,3.1657566515311664,98.0,3.1292672140536033,0.036489437477563086,0.18295352637191648,1.9844674545084815,0.9528707105839825,0.9679795773322043,98.0,0.9604251439580934,0.007554433374110906,0.03787699457918825,1.9844674545084815,99.0,0.42424242424242425,-0.00992053284409293,0.005162875638008965,98.0,-0.002378828603041983,0.007541704241050948,0.037813172280409084,1.9844674545084815,LinearRegression,"{'mode': 'original', 'type': 'LinearRegression'}",2,"['z_diameter_T2W10', 'z_asp_T2W10']",0.10306805275144844,0.15205185373526853,98.0,0.12755995324335848,0.024491900491910037,0.12279935982296947,1.9844674545084815,1.3339628246844457,1.3624419046995047,98.0,1.3482023646919752,0.014239540007529552,0.07139529240190144,1.9844674545084815,completed,True,COMPLETE
180,1.0241187384044526,2026-06-12 16:54:55.959677,2026-06-12 16:54:59.132218,0 days 00:00:03.172541,,,,,,,,,,,,,,0.3206844666676116,QuantileRegressor,,,,,,2,,,,,,,,True,,,,,,,,,0.0,0.0,98.0,0.0,0.0,0.0,1.9844674545084815,1.0142445249741314,1.0339929518347737,98.0,1.0241187384044526,0.009874213430321107,0.04950808486255764,1.9844674545084815,305901430884989.94,401528566240617.56,98.0,353714998562803.75,47813567677813.83,239731314588150.53,1.9844674545084815,2.951594894990265,3.0080010646056943,98.0,2.9797979797979797,0.028203084807714735,0.14140677897022574,1.9844674545084815,1.0,1.0,98.0,1.0,0.0,0.0,1.9844674545084815,99.0,0.9393939393939394,-0.005464225809889945,-0.0036532722000295697,98.0,-0.004558749004959757,0.0009054768049301876,0.004539948707398303,1.9844674545084815,QuantileRegressor,"{'mode': 'original', 'type': 'QuantileRegressor'}",2,"['z_diameter_T2W10', 'z_asp_T2W10']",,,,,,,,1.335779145669776,1.3645398079803412,98.0,1.3501594768250587,0.014380331155282654,0.07210120180319649,1.9844674545084815,completed,True,COMPLETE
181,1.0241187384044526,2026-06-12 16:54:59.145826,2026-06-12 16:55:02.402236,0 days 00:00:03.256410,,,,,,,,,,,,,,0.4775910756837612,QuantileRegressor,,,,,,7,,,,,,,,True,,,,,,,,,0.0,0.0,98.0,0.0,0.0,0.0,1.9844674545084815,1.0142445249741314,1.0339929518347737,98.0,1.0241187384044526,0.009874213430321107,0.04950808486255764,1.9844674545084815,305901430884989.94,401528566240617.56,98.0,353714998562803.75,47813567677813.83,239731314588150.53,1.9844674545084815,2.951594894990265,3.0080010646056943,98.0,2.9797979797979797,0.028203084807714735,0.14140677897022574,1.9844674545084815,1.0,1.0,98.0,1.0,0.0,0.0,1.9844674545084815,99.0,0.9393939393939394,-0.005464225809889945,-0.0036532722000295697,98.0,-0.004558749004959757,0.0009054768049301876,0.004539948707398303,1.9844674545084815,QuantileRegressor,"{'mode': 'original', 'type': 'QuantileRegressor'}",7,"['z_l1_T2W10', 'z_l2_T2W10', 'z_l3_T2W10', 'z_lsc_T2W10', 'z_density_T2W10', 'z_diameter_T2W10', 'z_asp_T2W10']",,,,,,,,1.335779145669776,1.3645398079803412,98.0,1.3501594768250587,0.014380331155282654,0.07210120180319649,1.9844674545084815,completed,True,COMPLETE
182,1.0241187384044526,2026-06-12 16:55:02.416853,2026-06-12 16:55:05.515006,0 days 00:00:03.098153,,,,,,,,,,,,,,0.025013303363938783,QuantileRegressor,,,,,,6,,,,,,,,True,,,,,,,,,-6.484365981597361e-17,-2.4871332072927924e-17,98.0,-4.485749594445077e-17,1.9986163871522845e-17,1.002081536935301e-16,1.9844674545084815,1.0142445249741314,1.0339929518347737,98.0,1.0241187384044526,0.009874213430321101,0.049508084862557616,1.9844674545084815,305901430884989.94,401528566240617.56,98.0,353714998562803.75,47813567677813.83,239731314588150.53,1.9844674545084815,2.951594894990265,3.0080010646056943,98.0,2.9797979797979797,0.028203084807714725,0.1414067789702257,1.9844674545084815,0.9999999999999999,1.0,98.0,1.0,8.902278242363297e-17,4.463492204246288e-16,1.9844674545084815,99.0,0.9393939393939394,-0.00546422580988994,-0.0036532722000295658,98.0,-0.004558749004959753,0.0009054768049301874,0.0045399487073983025,1.9844674545084815,QuantileRegressor,"{'mode': 'original', 'type': 'QuantileRegressor'}",6,"['z_l2_T2W10', 'z_l3_T2W10', 'z_lsc_T2W10', 'z_density_T2W10', 'z_diameter_T2W10', 'z_asp_T2W10']",,,,,,,,1.335779145669776,1.3645398079803412,98.0,1.3501594768250587,0.014380331155282654,0.07210120180319649,1.9844674545084815,completed,True,COMPLETE
