number,value,datetime_start,datetime_complete,duration,params_dt_max_depth,params_dt_min_samples_leaf,params_dt_min_samples_split,params_elastic_alpha,params_elastic_l1_ratio,params_et_max_depth,params_et_max_features,params_et_min_samples_leaf,params_et_min_samples_split,params_et_n_estimators,params_knn_metric,params_knn_n_neighbors,params_knn_weights,params_quantile_alpha,params_regressor,params_rf_max_depth,params_rf_max_features,params_rf_min_samples_leaf,params_rf_min_samples_split,params_rf_n_estimators,params_rfe_n_features,params_rfe_proxy_et_max_depth,params_rfe_proxy_et_min_samples_leaf,params_rfe_proxy_et_min_samples_split,params_rfe_proxy_et_n_estimators,params_rfe_proxy_lsvr_C,params_rfe_proxy_lsvr_epsilon,params_rfe_proxy_type,params_use_scaler,params_xgb_booster,params_xgb_colsample_bytree,params_xgb_learning_rate,params_xgb_max_depth,params_xgb_n_estimators,params_xgb_reg_alpha,params_xgb_reg_lambda,params_xgb_subsample,user_attrs_d2mae_ci_lower_val,user_attrs_d2mae_ci_upper_val,user_attrs_d2mae_df_val,user_attrs_d2mae_mean_val,user_attrs_d2mae_samperror_val,user_attrs_d2mae_std_val,user_attrs_d2mae_t_critical_val,user_attrs_mae_ci_lower_val,user_attrs_mae_ci_upper_val,user_attrs_mae_df_val,user_attrs_mae_mean_val,user_attrs_mae_samperror_val,user_attrs_mae_std_val,user_attrs_mae_t_critical_val,user_attrs_mape_ci_lower_val,user_attrs_mape_ci_upper_val,user_attrs_mape_df_val,user_attrs_mape_mean_val,user_attrs_mape_samperror_val,user_attrs_mape_std_val,user_attrs_mape_t_critical_val,user_attrs_max_error_ci_lower_val,user_attrs_max_error_ci_upper_val,user_attrs_max_error_df_val,user_attrs_max_error_mean_val,user_attrs_max_error_samperror_val,user_attrs_max_error_std_val,user_attrs_max_error_t_critical_val,user_attrs_median_ae_ci_lower_val,user_attrs_median_ae_ci_upper_val,user_attrs_median_ae_df_val,user_attrs_median_ae_mean_val,user_attrs_median_ae_samperror_val,user_attrs_median_ae_std_val,user_attrs_median_ae_t_critical_val,user_attrs_n_splits_val,user_attrs_r2_below_zero_val,user_attrs_r2_ci_lower_val,user_attrs_r2_ci_upper_val,user_attrs_r2_df_val,user_attrs_r2_mean_val,user_attrs_r2_samperror_val,user_attrs_r2_std_val,user_attrs_r2_t_critical_val,user_attrs_regressor_final,user_attrs_rfe_estimator,user_attrs_rfe_n_features,user_attrs_rfe_selected_features,user_attrs_rho_ci_lower_val,user_attrs_rho_ci_upper_val,user_attrs_rho_df_val,user_attrs_rho_mean_val,user_attrs_rho_samperror_val,user_attrs_rho_std_val,user_attrs_rho_t_critical_val,user_attrs_rmse_ci_lower_val,user_attrs_rmse_ci_upper_val,user_attrs_rmse_df_val,user_attrs_rmse_mean_val,user_attrs_rmse_samperror_val,user_attrs_rmse_std_val,user_attrs_rmse_t_critical_val,user_attrs_termination_reason,user_attrs_use_scaler_final,state
112,1.0241187384044526,2026-06-12 16:51:42.336786,2026-06-12 16:51:45.182214,0 days 00:00:02.845428,,,,,,,,,,,,,,0.0017812390240485895,QuantileRegressor,,,,,,2,,,,,,,,False,,,,,,,,,-3.446054852724192e-17,-5.911197822763774e-18,98.0,-2.0185873175002847e-17,1.4274675352239073e-17,7.15714566746133e-17,1.9844674545084815,1.0142445249741314,1.0339929518347737,98.0,1.0241187384044526,0.009874213430321105,0.04950808486255763,1.9844674545084815,305901430884989.94,401528566240617.56,98.0,353714998562803.75,47813567677813.83,239731314588150.53,1.9844674545084815,2.951594894990265,3.0080010646056943,98.0,2.9797979797979797,0.028203084807714735,0.14140677897022574,1.9844674545084815,0.9999999999999999,1.0,98.0,1.0,5.79840053876503e-17,2.9072463135014863e-16,1.9844674545084815,99.0,0.9393939393939394,-0.00546422580988995,-0.0036532722000295736,98.0,-0.004558749004959762,0.0009054768049301883,0.004539948707398307,1.9844674545084815,QuantileRegressor,"{'mode': 'original', 'type': 'QuantileRegressor'}",2,"['z_diameter_T2W10', 'z_asp_T2W10']",,,,,,,,1.335779145669776,1.3645398079803412,98.0,1.3501594768250587,0.014380331155282654,0.07210120180319649,1.9844674545084815,completed,False,COMPLETE
113,1.0241187384044526,2026-06-12 16:51:45.194847,2026-06-12 16:51:48.371383,0 days 00:00:03.176536,,,,,,,,,,,,,,4.1080907620249505,QuantileRegressor,,,,,,2,,,,,,,,False,,,,,,,,,0.0,0.0,98.0,0.0,0.0,0.0,1.9844674545084815,1.0142445249741314,1.0339929518347737,98.0,1.0241187384044526,0.009874213430321107,0.04950808486255764,1.9844674545084815,305901430884989.94,401528566240617.56,98.0,353714998562803.75,47813567677813.83,239731314588150.53,1.9844674545084815,2.951594894990265,3.0080010646056943,98.0,2.9797979797979797,0.028203084807714735,0.14140677897022574,1.9844674545084815,1.0,1.0,98.0,1.0,0.0,0.0,1.9844674545084815,99.0,0.9393939393939394,-0.005464225809889945,-0.0036532722000295697,98.0,-0.004558749004959757,0.0009054768049301876,0.004539948707398303,1.9844674545084815,QuantileRegressor,"{'mode': 'original', 'type': 'QuantileRegressor'}",2,"['z_diameter_T2W10', 'z_asp_T2W10']",,,,,,,,1.335779145669776,1.3645398079803412,98.0,1.3501594768250587,0.014380331155282654,0.07210120180319649,1.9844674545084815,completed,False,COMPLETE
114,1.099306931198591,2026-06-12 16:51:48.385410,2026-06-12 16:52:15.964735,0 days 00:00:27.579325,,,,,,,,,,,,,,,RandomForestRegressor,11.0,,3.0,8.0,295.0,2,,,,,,,,False,,,,,,,,,-0.085871570681097,-0.061537486549640794,98.0,-0.0737045286153689,0.012167042065728105,0.061004044055465265,1.9844674545084815,1.0838183876012648,1.1147954747959172,98.0,1.099306931198591,0.015488543597326168,0.07765764192003204,1.9844674545084815,283229247126536.94,377229842934251.94,98.0,330229545030394.44,47000297903857.5,235653680529568.72,1.9844674545084815,3.356794919581133,3.5198747865805355,98.0,3.438334853080834,0.08153993349970119,0.4088311414248248,1.9844674545084815,0.8996503154343255,0.9454244550642538,98.0,0.9225373852492896,0.02288706981496418,0.11475293729980474,1.9844674545084815,99.0,0.6363636363636364,-0.07875072923870492,-0.03480687289149918,98.0,-0.05677880106510205,0.021971928173602866,0.11016453029792136,1.9844674545084815,RandomForestRegressor,"{'mode': 'original', 'type': 'RandomForestRegressor'}",2,"['z_l2_T2W10', 'z_l3_T2W10']",0.1348412879905692,0.1810621811142278,98.0,0.1579517345523985,0.023110446561829305,0.11587292068057324,1.9844674545084815,1.362987356503292,1.4024672010665478,98.0,1.3827272787849199,0.019739922281627856,0.09897352881781321,1.9844674545084815,completed,False,COMPLETE
115,1.0241187384044526,2026-06-12 16:52:15.979989,2026-06-12 16:52:18.141106,0 days 00:00:02.161117,,,,,,,,,,,,,,0.0566747716349883,QuantileRegressor,,,,,,2,,,,,,,,False,,,,,,,,,0.0,0.0,98.0,0.0,0.0,0.0,1.9844674545084815,1.0142445249741314,1.0339929518347737,98.0,1.0241187384044526,0.009874213430321107,0.04950808486255764,1.9844674545084815,305901430884989.94,401528566240617.56,98.0,353714998562803.75,47813567677813.83,239731314588150.53,1.9844674545084815,2.951594894990265,3.0080010646056943,98.0,2.9797979797979797,0.028203084807714735,0.14140677897022574,1.9844674545084815,1.0,1.0,98.0,1.0,0.0,0.0,1.9844674545084815,99.0,0.9393939393939394,-0.005464225809889945,-0.0036532722000295697,98.0,-0.004558749004959757,0.0009054768049301876,0.004539948707398303,1.9844674545084815,QuantileRegressor,"{'mode': 'original', 'type': 'QuantileRegressor'}",2,"['z_diameter_T2W10', 'z_asp_T2W10']",,,,,,,,1.335779145669776,1.3645398079803412,98.0,1.3501594768250587,0.014380331155282654,0.07210120180319649,1.9844674545084815,completed,False,COMPLETE
116,1.0675736961451245,2026-06-12 16:52:18.153527,2026-06-12 16:52:18.331939,0 days 00:00:00.178412,,,,,,,,,,,minkowski,9.0,uniform,,KNeighborsRegressor,,,,,,2,,,,,5.126480177823491,0.09896612159361023,LinearSVR,,,,,,,,,,,,,,,,,,,,,,,,,,,,,,,,,,,,,,,,,,,,,,,,,,,,,,KNeighborsRegressor,"{'mode': 'proxy', 'type': 'LinearSVR'}",2,"['z_diameter_T2W10', 'z_asp_T2W10']",,,,,,,,,,,,,,,pruned,True,PRUNED
117,1.0241187384044526,2026-06-12 16:52:18.341225,2026-06-12 16:52:20.550041,0 days 00:00:02.208816,,,,,,,,,,,,,,0.029089021451260032,QuantileRegressor,,,,,,3,,,,,,,,True,,,,,,,,,-2.407794711318563e-17,-2.8365504534848316e-18,98.0,-1.3457248783335231e-17,1.06206983298504e-17,5.3250867820947893e-17,1.9844674545084815,1.0142445249741314,1.0339929518347737,98.0,1.0241187384044526,0.009874213430321105,0.04950808486255763,1.9844674545084815,305901430884989.94,401528566240617.56,98.0,353714998562803.75,47813567677813.83,239731314588150.53,1.9844674545084815,2.951594894990265,3.0080010646056943,98.0,2.9797979797979797,0.028203084807714742,0.14140677897022577,1.9844674545084815,1.0,1.0,98.0,1.0,4.562157146952879e-17,2.2874091671352695e-16,1.9844674545084815,99.0,0.9393939393939394,-0.005464225809889953,-0.003653272200029575,98.0,-0.004558749004959764,0.0009054768049301895,0.004539948707398313,1.9844674545084815,QuantileRegressor,"{'mode': 'original', 'type': 'QuantileRegressor'}",3,"['z_density_T2W10', 'z_diameter_T2W10', 'z_asp_T2W10']",,,,,,,,1.335779145669776,1.3645398079803412,98.0,1.3501594768250587,0.014380331155282654,0.07210120180319649,1.9844674545084815,completed,True,COMPLETE
118,1.0496156998829282,2026-06-12 16:52:20.562448,2026-06-12 16:52:22.386553,0 days 00:00:01.824105,,,,,,,,,,,,,,,LinearRegression,,,,,,2,,,,,,,,True,,,,,,,,,-0.030314912618297336,-0.019903283541070994,98.0,-0.025109098079684165,0.005205814538613171,0.02610131022335173,1.9844674545084815,1.0390297688728212,1.0602016308930353,98.0,1.0496156998829282,0.010585931010107139,0.05307654877989825,1.9844674545084815,303402628151267.5,398429553691672.75,98.0,350916090921470.1,47513462770202.625,238226625699407.06,1.9844674545084815,3.0927777765760402,3.1657566515311664,98.0,3.1292672140536033,0.036489437477563086,0.18295352637191648,1.9844674545084815,0.9528707105839825,0.9679795773322043,98.0,0.9604251439580934,0.007554433374110906,0.03787699457918825,1.9844674545084815,99.0,0.42424242424242425,-0.00992053284409293,0.005162875638008965,98.0,-0.002378828603041983,0.007541704241050948,0.037813172280409084,1.9844674545084815,LinearRegression,"{'mode': 'original', 'type': 'LinearRegression'}",2,"['z_diameter_T2W10', 'z_asp_T2W10']",0.10306805275144844,0.15205185373526853,98.0,0.12755995324335848,0.024491900491910037,0.12279935982296947,1.9844674545084815,1.3339628246844457,1.3624419046995047,98.0,1.3482023646919752,0.014239540007529552,0.07139529240190144,1.9844674545084815,completed,True,COMPLETE
119,1.0241187384044526,2026-06-12 16:52:22.399465,2026-06-12 16:52:25.092281,0 days 00:00:02.692816,,,,,,,,,,,,,,0.0033699743086754988,QuantileRegressor,,,,,,2,,,,,,,,False,,,,,,,,,-3.2981998452470336e-17,-7.389747897535356e-18,98.0,-2.0185873175002847e-17,1.2796125277467491e-17,6.415818947192615e-17,1.9844674545084815,1.0142445249741314,1.0339929518347737,98.0,1.0241187384044526,0.009874213430321107,0.04950808486255764,1.9844674545084815,305901430884989.94,401528566240617.56,98.0,353714998562803.75,47813567677813.83,239731314588150.53,1.9844674545084815,2.951594894990265,3.0080010646056943,98.0,2.9797979797979797,0.02820308480771473,0.14140677897022572,1.9844674545084815,1.0,1.0,98.0,1.0,5.4423244462667474e-17,2.7287141647958493e-16,1.9844674545084815,99.0,0.9393939393939394,-0.005464225809889949,-0.003653272200029574,98.0,-0.004558749004959762,0.0009054768049301876,0.004539948707398303,1.9844674545084815,QuantileRegressor,"{'mode': 'original', 'type': 'QuantileRegressor'}",2,"['z_diameter_T2W10', 'z_asp_T2W10']",,,,,,,,1.335779145669776,1.3645398079803412,98.0,1.3501594768250587,0.014380331155282654,0.07210120180319649,1.9844674545084815,completed,False,COMPLETE
120,1.309620991253644,2026-06-12 16:52:25.104848,2026-06-12 16:52:25.410255,0 days 00:00:00.305407,20.0,4.0,7.0,,,,,,,,,,,,DecisionTreeRegressor,,,,,,2,,,,,,,,True,,,,,,,,,,,,,,,,,,,,,,,,,,,,,,,,,,,,,,,,,,,,,,,,,,,,,DecisionTreeRegressor,"{'mode': 'original', 'type': 'DecisionTreeRegressor'}",2,"['z_l2_T2W10', 'z_l3_T2W10']",,,,,,,,,,,,,,,pruned,True,PRUNED
121,1.0241187384044526,2026-06-12 16:52:25.420456,2026-06-12 16:52:27.916939,0 days 00:00:02.496483,,,,,,,,,,,,,,0.0050846800749558265,QuantileRegressor,,,,,,2,,,,,,,,True,,,,,,,,,-4.815086023623816e-17,-1.4649634085992915e-17,98.0,-3.140024716111554e-17,1.6750613075122622e-17,8.398550218455932e-17,1.9844674545084815,1.0142445249741314,1.0339929518347737,98.0,1.0241187384044526,0.009874213430321101,0.049508084862557616,1.9844674545084815,305901430884989.94,401528566240617.56,98.0,353714998562803.75,47813567677813.83,239731314588150.53,1.9844674545084815,2.951594894990265,3.0080010646056943,98.0,2.9797979797979797,0.028203084807714735,0.14140677897022574,1.9844674545084815,0.9999999999999999,1.0,98.0,1.0,6.326573661562732e-17,3.1720657846433045e-16,1.9844674545084815,99.0,0.9393939393939394,-0.005464225809889953,-0.00365327220002958,98.0,-0.004558749004959767,0.0009054768049301867,0.004539948707398299,1.9844674545084815,QuantileRegressor,"{'mode': 'original', 'type': 'QuantileRegressor'}",2,"['z_diameter_T2W10', 'z_asp_T2W10']",,,,,,,,1.335779145669776,1.3645398079803412,98.0,1.3501594768250587,0.014380331155282654,0.07210120180319649,1.9844674545084815,completed,True,COMPLETE
122,1.0241187384044526,2026-06-12 16:52:27.929709,2026-06-12 16:52:31.077147,0 days 00:00:03.147438,,,,,,,,,,,,,,0.010483373790599998,QuantileRegressor,,,,,,2,,,,,,,,True,,,,,,,,,-3.584190402012104e-17,-9.015591924329731e-18,98.0,-2.2428747972225384e-17,1.3413156047895653e-17,6.725190543834043e-17,1.9844674545084815,1.0142445249741314,1.0339929518347737,98.0,1.0241187384044526,0.009874213430321103,0.04950808486255762,1.9844674545084815,305901430884990.0,401528566240617.6,98.0,353714998562803.8,47813567677813.83,239731314588150.53,1.9844674545084815,2.951594894990265,3.0080010646056943,98.0,2.9797979797979797,0.028203084807714742,0.14140677897022577,1.9844674545084815,1.0,1.0,98.0,1.0,5.217026290974765e-17,2.6157524562984215e-16,1.9844674545084815,99.0,0.9393939393939394,-0.005464225809889947,-0.0036532722000295723,98.0,-0.00455874900495976,0.0009054768049301876,0.004539948707398303,1.9844674545084815,QuantileRegressor,"{'mode': 'original', 'type': 'QuantileRegressor'}",2,"['z_diameter_T2W10', 'z_asp_T2W10']",,,,,,,,1.335779145669776,1.3645398079803412,98.0,1.3501594768250587,0.014380331155282656,0.0721012018031965,1.9844674545084815,completed,True,COMPLETE
123,1.0241187384044526,2026-06-12 16:52:31.090234,2026-06-12 16:52:34.347385,0 days 00:00:03.257151,,,,,,,,,,,,,,0.024484704908587857,QuantileRegressor,,,,,,2,,,,,,,,True,,,,,,,,,-1.773601183824192e-17,-2.069865395383882e-19,98.0,-8.971499188890155e-18,8.764512649351766e-18,4.394418239843093e-17,1.9844674545084815,1.0142445249741314,1.0339929518347737,98.0,1.0241187384044526,0.009874213430321105,0.04950808486255763,1.9844674545084815,305901430884989.94,401528566240617.56,98.0,353714998562803.75,47813567677813.83,239731314588150.53,1.9844674545084815,2.951594894990265,3.0080010646056943,98.0,2.9797979797979797,0.028203084807714735,0.14140677897022574,1.9844674545084815,1.0,1.0,98.0,1.0,4.196574208789698e-17,2.1041104035972273e-16,1.9844674545084815,99.0,0.9393939393939394,-0.005464225809889956,-0.003653272200029578,98.0,-0.004558749004959767,0.000905476804930189,0.00453994870739831,1.9844674545084815,QuantileRegressor,"{'mode': 'original', 'type': 'QuantileRegressor'}",2,"['z_diameter_T2W10', 'z_asp_T2W10']",,,,,,,,1.335779145669776,1.3645398079803412,98.0,1.3501594768250587,0.014380331155282656,0.0721012018031965,1.9844674545084815,completed,True,COMPLETE
124,1.0241187384044526,2026-06-12 16:52:34.360162,2026-06-12 16:52:37.103077,0 days 00:00:02.742915,,,,,,,,,,,,,,0.07616703786386166,QuantileRegressor,,,,,,4,,,,,,,,True,,,,,,,,,0.0,0.0,98.0,0.0,0.0,0.0,1.9844674545084815,1.0142445249741314,1.0339929518347737,98.0,1.0241187384044526,0.009874213430321107,0.04950808486255764,1.9844674545084815,305901430884989.94,401528566240617.56,98.0,353714998562803.75,47813567677813.83,239731314588150.53,1.9844674545084815,2.951594894990265,3.0080010646056943,98.0,2.9797979797979797,0.028203084807714735,0.14140677897022574,1.9844674545084815,1.0,1.0,98.0,1.0,0.0,0.0,1.9844674545084815,99.0,0.9393939393939394,-0.005464225809889945,-0.0036532722000295697,98.0,-0.004558749004959757,0.0009054768049301876,0.004539948707398303,1.9844674545084815,QuantileRegressor,"{'mode': 'original', 'type': 'QuantileRegressor'}",4,"['z_lsc_T2W10', 'z_density_T2W10', 'z_diameter_T2W10', 'z_asp_T2W10']",,,,,,,,1.335779145669776,1.3645398079803412,98.0,1.3501594768250587,0.014380331155282654,0.07210120180319649,1.9844674545084815,completed,True,COMPLETE
125,1.0241187384044526,2026-06-12 16:52:37.116662,2026-06-12 16:52:40.011183,0 days 00:00:02.894521,,,,,,,,,,,,,,0.016865246325697723,QuantileRegressor,,,,,,2,,,,,,,,True,,,,,,,,,-1.4358759316739795e-17,9.015105334045643e-19,98.0,-6.7286243916676156e-18,7.63013492507218e-18,3.8256552792676865e-17,1.9844674545084815,1.0142445249741314,1.0339929518347737,98.0,1.0241187384044526,0.009874213430321105,0.04950808486255763,1.9844674545084815,305901430884989.9,401528566240617.5,98.0,353714998562803.7,47813567677813.83,239731314588150.53,1.9844674545084815,2.951594894990265,3.0080010646056943,98.0,2.9797979797979797,0.028203084807714742,0.14140677897022577,1.9844674545084815,1.0,1.0,98.0,1.0,4.6490631872880376e-17,2.330982780875174e-16,1.9844674545084815,99.0,0.9393939393939394,-0.005464225809889945,-0.0036532722000295697,98.0,-0.004558749004959757,0.0009054768049301876,0.004539948707398303,1.9844674545084815,QuantileRegressor,"{'mode': 'original', 'type': 'QuantileRegressor'}",2,"['z_diameter_T2W10', 'z_asp_T2W10']",,,,,,,,1.335779145669776,1.3645398079803412,98.0,1.3501594768250587,0.014380331155282654,0.07210120180319649,1.9844674545084815,completed,True,COMPLETE
126,1.0523496345783827,2026-06-12 16:52:40.025177,2026-06-12 16:52:42.717105,0 days 00:00:02.691928,,,,0.0022671916281132307,0.32065071222799924,,,,,,,,,,ElasticNet,,,,,,3,,,,,,,,False,,,,,,,,,-0.032444900395143736,-0.022708815591860068,98.0,-0.027576857993501902,0.004868042401641834,0.024407762505410553,1.9844674545084815,1.0411033522888213,1.063595916867944,98.0,1.0523496345783827,0.011246282289561453,0.05638746842053839,1.9844674545084815,307603204692316.1,404266737649624.6,98.0,355934971170970.4,48331766478654.24,242329499282933.7,1.9844674545084815,3.0800965435991783,3.147628465009639,98.0,3.1138625043044086,0.033765960705230365,0.1692983506845232,1.9844674545084815,0.9646209681995733,0.9768907074767578,98.0,0.9707558378381655,0.006134869638592246,0.03075947758587958,1.9844674545084815,99.0,0.6767676767676768,-0.02695801175897374,-0.012964896874446057,98.0,-0.019961454316709898,0.006996557442263841,0.03507987365694333,1.9844674545084815,ElasticNet,"{'mode': 'original', 'type': 'ElasticNet'}",3,"['z_l2_T2W10', 'z_diameter_T2W10', 'z_asp_T2W10']",-0.024307839293074538,0.029451450283680968,98.0,0.0025718054953032155,0.026879644788377753,0.13477121440093634,1.9844674545084815,1.3451135458382506,1.3754581195092248,98.0,1.3602858326737377,0.015172286835487044,0.07607196963190732,1.9844674545084815,completed,False,COMPLETE
127,1.0241187384044526,2026-06-12 16:52:42.738010,2026-06-12 16:52:45.483236,0 days 00:00:02.745226,,,,,,,,,,,,,,0.035894476367314944,QuantileRegressor,,,,,,2,,,,,,,,True,,,,,,,,,-1.0748092418241248e-17,1.7765932293510936e-18,98.0,-4.485749594445077e-18,6.262342823796171e-18,3.1398612370165e-17,1.9844674545084815,1.0142445249741314,1.0339929518347737,98.0,1.0241187384044526,0.009874213430321105,0.04950808486255763,1.9844674545084815,305901430884989.94,401528566240617.56,98.0,353714998562803.75,47813567677813.83,239731314588150.53,1.9844674545084815,2.951594894990265,3.0080010646056943,98.0,2.9797979797979797,0.028203084807714742,0.14140677897022577,1.9844674545084815,1.0,1.0,98.0,1.0,3.2259322554490534e-17,1.6174425334296218e-16,1.9844674545084815,99.0,0.9393939393939394,-0.005464225809889943,-0.0036532722000295684,98.0,-0.004558749004959756,0.0009054768049301873,0.004539948707398302,1.9844674545084815,QuantileRegressor,"{'mode': 'original', 'type': 'QuantileRegressor'}",2,"['z_diameter_T2W10', 'z_asp_T2W10']",,,,,,,,1.335779145669776,1.3645398079803412,98.0,1.3501594768250587,0.014380331155282654,0.07210120180319649,1.9844674545084815,completed,True,COMPLETE
128,1.0241187384044526,2026-06-12 16:52:45.495857,2026-06-12 16:52:47.937451,0 days 00:00:02.441594,,,,,,,,,,,,,,0.01917036535916828,QuantileRegressor,,,,,,2,,,,,,,,True,,,,,,,,,-2.407794711318563e-17,-2.8365504534848316e-18,98.0,-1.3457248783335231e-17,1.06206983298504e-17,5.3250867820947893e-17,1.9844674545084815,1.0142445249741314,1.0339929518347737,98.0,1.0241187384044526,0.009874213430321105,0.04950808486255763,1.9844674545084815,305901430884989.94,401528566240617.56,98.0,353714998562803.75,47813567677813.83,239731314588150.53,1.9844674545084815,2.951594894990265,3.0080010646056943,98.0,2.9797979797979797,0.028203084807714735,0.14140677897022574,1.9844674545084815,1.0,1.0,98.0,1.0,4.3831788078614874e-17,2.197671641581216e-16,1.9844674545084815,99.0,0.9393939393939394,-0.005464225809889948,-0.0036532722000295753,98.0,-0.004558749004959762,0.0009054768049301865,0.004539948707398298,1.9844674545084815,QuantileRegressor,"{'mode': 'original', 'type': 'QuantileRegressor'}",2,"['z_diameter_T2W10', 'z_asp_T2W10']",,,,,,,,1.335779145669776,1.3645398079803412,98.0,1.3501594768250587,0.014380331155282654,0.07210120180319649,1.9844674545084815,completed,True,COMPLETE
