number,value,datetime_start,datetime_complete,duration,params_dt_max_depth,params_dt_min_samples_leaf,params_dt_min_samples_split,params_elastic_alpha,params_elastic_l1_ratio,params_et_max_depth,params_et_max_features,params_et_min_samples_leaf,params_et_min_samples_split,params_et_n_estimators,params_knn_metric,params_knn_n_neighbors,params_knn_weights,params_quantile_alpha,params_regressor,params_rf_max_depth,params_rf_max_features,params_rf_min_samples_leaf,params_rf_min_samples_split,params_rf_n_estimators,params_rfe_n_features,params_rfe_proxy_et_max_depth,params_rfe_proxy_et_min_samples_leaf,params_rfe_proxy_et_min_samples_split,params_rfe_proxy_et_n_estimators,params_rfe_proxy_lsvr_C,params_rfe_proxy_lsvr_epsilon,params_rfe_proxy_type,params_use_scaler,params_xgb_booster,params_xgb_colsample_bytree,params_xgb_learning_rate,params_xgb_max_depth,params_xgb_n_estimators,params_xgb_reg_alpha,params_xgb_reg_lambda,params_xgb_subsample,user_attrs_d2mae_ci_lower_val,user_attrs_d2mae_ci_upper_val,user_attrs_d2mae_df_val,user_attrs_d2mae_mean_val,user_attrs_d2mae_samperror_val,user_attrs_d2mae_std_val,user_attrs_d2mae_t_critical_val,user_attrs_mae_ci_lower_val,user_attrs_mae_ci_upper_val,user_attrs_mae_df_val,user_attrs_mae_mean_val,user_attrs_mae_samperror_val,user_attrs_mae_std_val,user_attrs_mae_t_critical_val,user_attrs_mape_ci_lower_val,user_attrs_mape_ci_upper_val,user_attrs_mape_df_val,user_attrs_mape_mean_val,user_attrs_mape_samperror_val,user_attrs_mape_std_val,user_attrs_mape_t_critical_val,user_attrs_max_error_ci_lower_val,user_attrs_max_error_ci_upper_val,user_attrs_max_error_df_val,user_attrs_max_error_mean_val,user_attrs_max_error_samperror_val,user_attrs_max_error_std_val,user_attrs_max_error_t_critical_val,user_attrs_median_ae_ci_lower_val,user_attrs_median_ae_ci_upper_val,user_attrs_median_ae_df_val,user_attrs_median_ae_mean_val,user_attrs_median_ae_samperror_val,user_attrs_median_ae_std_val,user_attrs_median_ae_t_critical_val,user_attrs_n_splits_val,user_attrs_r2_below_zero_val,user_attrs_r2_ci_lower_val,user_attrs_r2_ci_upper_val,user_attrs_r2_df_val,user_attrs_r2_mean_val,user_attrs_r2_samperror_val,user_attrs_r2_std_val,user_attrs_r2_t_critical_val,user_attrs_regressor_final,user_attrs_rfe_estimator,user_attrs_rfe_n_features,user_attrs_rfe_selected_features,user_attrs_rho_ci_lower_val,user_attrs_rho_ci_upper_val,user_attrs_rho_df_val,user_attrs_rho_mean_val,user_attrs_rho_samperror_val,user_attrs_rho_std_val,user_attrs_rho_t_critical_val,user_attrs_rmse_ci_lower_val,user_attrs_rmse_ci_upper_val,user_attrs_rmse_df_val,user_attrs_rmse_mean_val,user_attrs_rmse_samperror_val,user_attrs_rmse_std_val,user_attrs_rmse_t_critical_val,user_attrs_termination_reason,user_attrs_use_scaler_final,state
216,1.0241187384044526,2026-06-12 16:56:54.828545,2026-06-12 16:56:57.044678,0 days 00:00:02.216133,,,,,,,,,,,,,,0.02703648564460958,QuantileRegressor,,,,,,2,,,,,,,,True,,,,,,,,,-2.0961686777865813e-17,-1.4670611943595709e-18,98.0,-1.1214373986112692e-17,9.747312791753121e-18,4.887182075629026e-17,1.9844674545084815,1.0142445249741314,1.0339929518347737,98.0,1.0241187384044526,0.009874213430321105,0.04950808486255763,1.9844674545084815,305901430884989.94,401528566240617.56,98.0,353714998562803.75,47813567677813.83,239731314588150.53,1.9844674545084815,2.951594894990265,3.0080010646056943,98.0,2.9797979797979797,0.028203084807714735,0.14140677897022574,1.9844674545084815,1.0,1.0,98.0,1.0,3.79594419693764e-17,1.9032394707859828e-16,1.9844674545084815,99.0,0.9393939393939394,-0.005464225809889952,-0.0036532722000295766,98.0,-0.004558749004959764,0.0009054768049301877,0.004539948707398304,1.9844674545084815,QuantileRegressor,"{'mode': 'original', 'type': 'QuantileRegressor'}",2,"['z_diameter_T2W10', 'z_asp_T2W10']",,,,,,,,1.335779145669776,1.3645398079803412,98.0,1.3501594768250587,0.014380331155282654,0.07210120180319649,1.9844674545084815,completed,True,COMPLETE
217,1.1575510204081634,2026-06-12 16:56:57.057894,2026-06-12 16:56:57.318808,0 days 00:00:00.260914,,,,,,,,,,,minkowski,5.0,uniform,,KNeighborsRegressor,,,,,,2,,,,,0.0014434725926753902,0.0044471701345469555,LinearSVR,,,,,,,,,,,,,,,,,,,,,,,,,,,,,,,,,,,,,,,,,,,,,,,,,,,,,,KNeighborsRegressor,"{'mode': 'proxy', 'type': 'LinearSVR'}",2,"['z_re_T2W10', 'z_l3_T2W10']",,,,,,,,,,,,,,,pruned,True,PRUNED
218,1.0566352011918114,2026-06-12 16:56:57.328651,2026-06-12 16:56:58.989498,0 days 00:00:01.660847,,,,,,,,,,,,,,,LinearRegression,,,,,,3,,,,,,,,False,,,,,,,,,-0.03798787535892419,-0.02582244670855504,98.0,-0.03190516103373962,0.006082714325184578,0.030497977295204162,1.9844674545084815,1.0452835808153342,1.0679868215682886,98.0,1.0566352011918114,0.0113516203764772,0.05691562055975285,1.9844674545084815,306619953000464.56,403091344569276.8,98.0,354855648784870.7,48235695784406.12,241847812704331.3,1.9844674545084815,3.1348621545793334,3.2132923714128614,98.0,3.1740772629960974,0.039215108416764025,0.19661970334060477,1.9844674545084815,0.9498574261743359,0.9663771378015752,98.0,0.9581172819879555,0.008259855813619618,0.04141389544178324,1.9844674545084815,99.0,0.5757575757575758,-0.023641460919884706,-0.00553693572699236,98.0,-0.014589198323438534,0.009052262596446174,0.04538692504324767,1.9844674545084815,LinearRegression,"{'mode': 'original', 'type': 'LinearRegression'}",3,"['z_l2_T2W10', 'z_diameter_T2W10', 'z_asp_T2W10']",0.060975144422199555,0.10968036920374594,98.0,0.08532775681297275,0.024352612390773194,0.12210098651150632,1.9844674545084815,1.3413572157423364,1.371432702782112,98.0,1.3563949592622242,0.015037743519887889,0.07539738608827855,1.9844674545084815,completed,False,COMPLETE
219,1.0241187384044526,2026-06-12 16:56:59.002025,2026-06-12 16:57:01.216991,0 days 00:00:02.214966,,,,,,,,,,,,,,0.04051093194992596,QuantileRegressor,,,,,,3,,,,,,,,True,,,,,,,,,-1.0748092418241248e-17,1.7765932293510936e-18,98.0,-4.485749594445077e-18,6.262342823796171e-18,3.1398612370165e-17,1.9844674545084815,1.0142445249741314,1.0339929518347737,98.0,1.0241187384044526,0.009874213430321105,0.04950808486255763,1.9844674545084815,305901430884989.94,401528566240617.56,98.0,353714998562803.75,47813567677813.83,239731314588150.53,1.9844674545084815,2.951594894990265,3.0080010646056943,98.0,2.9797979797979797,0.028203084807714742,0.14140677897022577,1.9844674545084815,1.0,1.0,98.0,1.0,2.530629464625093e-17,1.2688263138573217e-16,1.9844674545084815,99.0,0.9393939393939394,-0.005464225809889942,-0.003653272200029569,98.0,-0.004558749004959756,0.0009054768049301867,0.004539948707398299,1.9844674545084815,QuantileRegressor,"{'mode': 'original', 'type': 'QuantileRegressor'}",3,"['z_density_T2W10', 'z_diameter_T2W10', 'z_asp_T2W10']",,,,,,,,1.335779145669776,1.3645398079803412,98.0,1.3501594768250587,0.014380331155282654,0.07210120180319649,1.9844674545084815,completed,True,COMPLETE
220,1.0241187384044528,2026-06-12 16:57:01.229892,2026-06-12 16:57:03.410365,0 days 00:00:02.180473,,,,,,,,,,,,,,0.0024491604062109986,QuantileRegressor,,,,,,2,,,,,,,,True,,,,,,,,,-1.2722473689460037e-16,-2.977649891097732e-17,98.0,-7.850061790278885e-17,4.872411899181153e-17,2.4429670625638035e-16,1.9844674545084815,1.0142445249741316,1.033992951834774,98.0,1.0241187384044528,0.00987421343032111,0.04950808486255766,1.9844674545084815,305901430884989.94,401528566240617.56,98.0,353714998562803.75,47813567677813.83,239731314588150.53,1.9844674545084815,2.951594894990265,3.0080010646056943,98.0,2.9797979797979797,0.028203084807714746,0.1414067789702258,1.9844674545084815,0.9999999999999999,1.0000000000000002,98.0,1.0,1.1317319017531215e-16,5.67436377885091e-16,1.9844674545084815,99.0,0.9393939393939394,-0.005464225809889936,-0.003653272200029566,98.0,-0.004558749004959751,0.000905476804930185,0.00453994870739829,1.9844674545084815,QuantileRegressor,"{'mode': 'original', 'type': 'QuantileRegressor'}",2,"['z_diameter_T2W10', 'z_asp_T2W10']",,,0.0,0.06022660435267753,,,,1.335779145669776,1.3645398079803412,98.0,1.3501594768250587,0.014380331155282656,0.0721012018031965,1.9844674545084815,completed,True,COMPLETE
221,1.0241187384044526,2026-06-12 16:57:03.422957,2026-06-12 16:57:05.569054,0 days 00:00:02.146097,,,,,,,,,,,,,,0.03268335931614014,QuantileRegressor,,,,,,2,,,,,,,,False,,,,,,,,,0.0,0.0,98.0,0.0,0.0,0.0,1.9844674545084815,1.0142445249741314,1.0339929518347737,98.0,1.0241187384044526,0.009874213430321107,0.04950808486255764,1.9844674545084815,305901430884989.94,401528566240617.56,98.0,353714998562803.75,47813567677813.83,239731314588150.53,1.9844674545084815,2.951594894990265,3.0080010646056943,98.0,2.9797979797979797,0.028203084807714735,0.14140677897022574,1.9844674545084815,1.0,1.0,98.0,1.0,0.0,0.0,1.9844674545084815,99.0,0.9393939393939394,-0.005464225809889945,-0.0036532722000295697,98.0,-0.004558749004959757,0.0009054768049301876,0.004539948707398303,1.9844674545084815,QuantileRegressor,"{'mode': 'original', 'type': 'QuantileRegressor'}",2,"['z_diameter_T2W10', 'z_asp_T2W10']",,,,,,,,1.335779145669776,1.3645398079803412,98.0,1.3501594768250587,0.014380331155282654,0.07210120180319649,1.9844674545084815,completed,False,COMPLETE
222,1.0241187384044526,2026-06-12 16:57:05.582573,2026-06-12 16:57:08.101115,0 days 00:00:02.518542,,,,,,,,,,,,,,0.07230312191697195,QuantileRegressor,,,,,,2,,,,,,,,False,,,,,,,,,0.0,0.0,98.0,0.0,0.0,0.0,1.9844674545084815,1.0142445249741314,1.0339929518347737,98.0,1.0241187384044526,0.009874213430321107,0.04950808486255764,1.9844674545084815,305901430884989.94,401528566240617.56,98.0,353714998562803.75,47813567677813.83,239731314588150.53,1.9844674545084815,2.951594894990265,3.0080010646056943,98.0,2.9797979797979797,0.028203084807714735,0.14140677897022574,1.9844674545084815,1.0,1.0,98.0,1.0,0.0,0.0,1.9844674545084815,99.0,0.9393939393939394,-0.005464225809889945,-0.0036532722000295697,98.0,-0.004558749004959757,0.0009054768049301876,0.004539948707398303,1.9844674545084815,QuantileRegressor,"{'mode': 'original', 'type': 'QuantileRegressor'}",2,"['z_diameter_T2W10', 'z_asp_T2W10']",,,,,,,,1.335779145669776,1.3645398079803412,98.0,1.3501594768250587,0.014380331155282654,0.07210120180319649,1.9844674545084815,completed,False,COMPLETE
223,1.0241187384044526,2026-06-12 16:57:08.115016,2026-06-12 16:57:11.438773,0 days 00:00:03.323757,,,,,,,,,,,,,,0.050061877801050536,QuantileRegressor,,,,,,2,,,,,,,,False,,,,,,,,,0.0,0.0,98.0,0.0,0.0,0.0,1.9844674545084815,1.0142445249741314,1.0339929518347737,98.0,1.0241187384044526,0.009874213430321107,0.04950808486255764,1.9844674545084815,305901430884989.94,401528566240617.56,98.0,353714998562803.75,47813567677813.83,239731314588150.53,1.9844674545084815,2.951594894990265,3.0080010646056943,98.0,2.9797979797979797,0.028203084807714735,0.14140677897022574,1.9844674545084815,1.0,1.0,98.0,1.0,0.0,0.0,1.9844674545084815,99.0,0.9393939393939394,-0.005464225809889945,-0.0036532722000295697,98.0,-0.004558749004959757,0.0009054768049301876,0.004539948707398303,1.9844674545084815,QuantileRegressor,"{'mode': 'original', 'type': 'QuantileRegressor'}",2,"['z_diameter_T2W10', 'z_asp_T2W10']",,,,,,,,1.335779145669776,1.3645398079803412,98.0,1.3501594768250587,0.014380331155282654,0.07210120180319649,1.9844674545084815,completed,False,COMPLETE
224,1.0241187384044526,2026-06-12 16:57:11.515829,2026-06-12 16:57:14.451965,0 days 00:00:02.936136,,,,,,,,,,,,,,0.026278694808249313,QuantileRegressor,,,,,,2,,,,,,,,False,,,,,,,,,0.0,0.0,98.0,0.0,0.0,0.0,1.9844674545084815,1.0142445249741314,1.0339929518347737,98.0,1.0241187384044526,0.009874213430321107,0.04950808486255764,1.9844674545084815,305901430884989.94,401528566240617.56,98.0,353714998562803.75,47813567677813.83,239731314588150.53,1.9844674545084815,2.951594894990265,3.0080010646056943,98.0,2.9797979797979797,0.028203084807714735,0.14140677897022574,1.9844674545084815,1.0,1.0,98.0,1.0,0.0,0.0,1.9844674545084815,99.0,0.9393939393939394,-0.005464225809889945,-0.0036532722000295697,98.0,-0.004558749004959757,0.0009054768049301876,0.004539948707398303,1.9844674545084815,QuantileRegressor,"{'mode': 'original', 'type': 'QuantileRegressor'}",2,"['z_diameter_T2W10', 'z_asp_T2W10']",,,,,,,,1.335779145669776,1.3645398079803412,98.0,1.3501594768250587,0.014380331155282654,0.07210120180319649,1.9844674545084815,completed,False,COMPLETE
225,1.0241187384044526,2026-06-12 16:57:14.465971,2026-06-12 16:57:17.228999,0 days 00:00:02.763028,,,,,,,,,,,,,,0.2703462366182615,QuantileRegressor,,,,,,2,,,,,,,,False,,,,,,,,,0.0,0.0,98.0,0.0,0.0,0.0,1.9844674545084815,1.0142445249741314,1.0339929518347737,98.0,1.0241187384044526,0.009874213430321107,0.04950808486255764,1.9844674545084815,305901430884989.94,401528566240617.56,98.0,353714998562803.75,47813567677813.83,239731314588150.53,1.9844674545084815,2.951594894990265,3.0080010646056943,98.0,2.9797979797979797,0.028203084807714735,0.14140677897022574,1.9844674545084815,1.0,1.0,98.0,1.0,0.0,0.0,1.9844674545084815,99.0,0.9393939393939394,-0.005464225809889945,-0.0036532722000295697,98.0,-0.004558749004959757,0.0009054768049301876,0.004539948707398303,1.9844674545084815,QuantileRegressor,"{'mode': 'original', 'type': 'QuantileRegressor'}",2,"['z_diameter_T2W10', 'z_asp_T2W10']",,,,,,,,1.335779145669776,1.3645398079803412,98.0,1.3501594768250587,0.014380331155282654,0.07210120180319649,1.9844674545084815,completed,False,COMPLETE
226,1.0241187384044526,2026-06-12 16:57:17.242071,2026-06-12 16:57:20.498414,0 days 00:00:03.256343,,,,,,,,,,,,,,0.015805884209731808,QuantileRegressor,,,,,,2,,,,,,,,True,,,,,,,,,-6.693786836847978e-18,2.2080372424029e-18,98.0,-2.2428747972225387e-18,4.450912039625439e-18,2.231632246239484e-17,1.9844674545084815,1.0142445249741314,1.0339929518347737,98.0,1.0241187384044526,0.009874213430321105,0.04950808486255763,1.9844674545084815,305901430884989.94,401528566240617.56,98.0,353714998562803.75,47813567677813.83,239731314588150.53,1.9844674545084815,2.951594894990265,3.0080010646056943,98.0,2.9797979797979797,0.028203084807714742,0.14140677897022577,1.9844674545084815,1.0,1.0,98.0,1.0,4.6490631872880376e-17,2.330982780875174e-16,1.9844674545084815,99.0,0.9393939393939394,-0.0054642258098899525,-0.0036532722000295757,98.0,-0.004558749004959764,0.0009054768049301885,0.004539948707398308,1.9844674545084815,QuantileRegressor,"{'mode': 'original', 'type': 'QuantileRegressor'}",2,"['z_diameter_T2W10', 'z_asp_T2W10']",,,,,,,,1.335779145669776,1.3645398079803412,98.0,1.3501594768250587,0.014380331155282654,0.07210120180319649,1.9844674545084815,completed,True,COMPLETE
227,1.2377799401623562,2026-06-12 16:57:20.532410,2026-06-12 16:57:20.865838,0 days 00:00:00.333428,7.0,4.0,13.0,,,,,,,,,,,,DecisionTreeRegressor,,,,,,2,,,,,,,,False,,,,,,,,,,,,,,,,,,,,,,,,,,,,,,,,,,,,,,,,,,,,,,,,,,,,,DecisionTreeRegressor,"{'mode': 'original', 'type': 'DecisionTreeRegressor'}",2,"['z_l1_T2W10', 'z_l2_T2W10']",,,,,,,,,,,,,,,pruned,False,PRUNED
228,1.0241187384044526,2026-06-12 16:57:20.875923,2026-06-12 16:57:23.926299,0 days 00:00:03.050376,,,,,,,,,,,,,,3.5154628103660297,QuantileRegressor,,,,,,2,,,,,,,,True,,,,,,,,,0.0,0.0,98.0,0.0,0.0,0.0,1.9844674545084815,1.0142445249741314,1.0339929518347737,98.0,1.0241187384044526,0.009874213430321107,0.04950808486255764,1.9844674545084815,305901430884989.94,401528566240617.56,98.0,353714998562803.75,47813567677813.83,239731314588150.53,1.9844674545084815,2.951594894990265,3.0080010646056943,98.0,2.9797979797979797,0.028203084807714735,0.14140677897022574,1.9844674545084815,1.0,1.0,98.0,1.0,0.0,0.0,1.9844674545084815,99.0,0.9393939393939394,-0.005464225809889945,-0.0036532722000295697,98.0,-0.004558749004959757,0.0009054768049301876,0.004539948707398303,1.9844674545084815,QuantileRegressor,"{'mode': 'original', 'type': 'QuantileRegressor'}",2,"['z_diameter_T2W10', 'z_asp_T2W10']",,,,,,,,1.335779145669776,1.3645398079803412,98.0,1.3501594768250587,0.014380331155282654,0.07210120180319649,1.9844674545084815,completed,True,COMPLETE
229,1.0241187384044526,2026-06-12 16:57:23.941862,2026-06-12 16:57:26.857077,0 days 00:00:02.915215,,,,,,,,,,,,,,0.036708277726916816,QuantileRegressor,,,,,,2,,,,,,,,True,,,,,,,,,-1.4358759316739795e-17,9.015105334045628e-19,98.0,-6.7286243916676156e-18,7.630134925072178e-18,3.825655279267686e-17,1.9844674545084815,1.0142445249741314,1.0339929518347737,98.0,1.0241187384044526,0.009874213430321105,0.04950808486255763,1.9844674545084815,305901430884989.94,401528566240617.56,98.0,353714998562803.75,47813567677813.83,239731314588150.53,1.9844674545084815,2.951594894990265,3.0080010646056943,98.0,2.9797979797979797,0.028203084807714742,0.14140677897022577,1.9844674545084815,1.0,1.0,98.0,1.0,2.829329754382804e-17,1.4185909447127275e-16,1.9844674545084815,99.0,0.9393939393939394,-0.005464225809889943,-0.0036532722000295684,98.0,-0.004558749004959756,0.0009054768049301873,0.004539948707398302,1.9844674545084815,QuantileRegressor,"{'mode': 'original', 'type': 'QuantileRegressor'}",2,"['z_diameter_T2W10', 'z_asp_T2W10']",,,,,,,,1.335779145669776,1.3645398079803412,98.0,1.3501594768250587,0.014380331155282654,0.07210120180319649,1.9844674545084815,completed,True,COMPLETE
230,1.0241187384044526,2026-06-12 16:57:26.869646,2026-06-12 16:57:30.664942,0 days 00:00:03.795296,,,,,,,,,,,,,,0.12475308147849064,QuantileRegressor,,,,,,5,,,,,,,,False,,,,,,,,,0.0,0.0,98.0,0.0,0.0,0.0,1.9844674545084815,1.0142445249741314,1.0339929518347737,98.0,1.0241187384044526,0.009874213430321107,0.04950808486255764,1.9844674545084815,305901430884989.94,401528566240617.56,98.0,353714998562803.75,47813567677813.83,239731314588150.53,1.9844674545084815,2.951594894990265,3.0080010646056943,98.0,2.9797979797979797,0.028203084807714735,0.14140677897022574,1.9844674545084815,1.0,1.0,98.0,1.0,0.0,0.0,1.9844674545084815,99.0,0.9393939393939394,-0.005464225809889945,-0.0036532722000295697,98.0,-0.004558749004959757,0.0009054768049301876,0.004539948707398303,1.9844674545084815,QuantileRegressor,"{'mode': 'original', 'type': 'QuantileRegressor'}",5,"['z_l3_T2W10', 'z_lsc_T2W10', 'z_density_T2W10', 'z_diameter_T2W10', 'z_asp_T2W10']",,,,,,,,1.335779145669776,1.3645398079803412,98.0,1.3501594768250587,0.014380331155282654,0.07210120180319649,1.9844674545084815,completed,False,COMPLETE
231,1.0241187384044526,2026-06-12 16:57:30.678659,2026-06-12 16:57:33.776812,0 days 00:00:03.098153,,,,,,,,,,,,,,0.1593313928117428,QuantileRegressor,,,,,,2,,,,,,,,False,,,,,,,,,0.0,0.0,98.0,0.0,0.0,0.0,1.9844674545084815,1.0142445249741314,1.0339929518347737,98.0,1.0241187384044526,0.009874213430321107,0.04950808486255764,1.9844674545084815,305901430884989.94,401528566240617.56,98.0,353714998562803.75,47813567677813.83,239731314588150.53,1.9844674545084815,2.951594894990265,3.0080010646056943,98.0,2.9797979797979797,0.028203084807714735,0.14140677897022574,1.9844674545084815,1.0,1.0,98.0,1.0,0.0,0.0,1.9844674545084815,99.0,0.9393939393939394,-0.005464225809889945,-0.0036532722000295697,98.0,-0.004558749004959757,0.0009054768049301876,0.004539948707398303,1.9844674545084815,QuantileRegressor,"{'mode': 'original', 'type': 'QuantileRegressor'}",2,"['z_diameter_T2W10', 'z_asp_T2W10']",,,,,,,,1.335779145669776,1.3645398079803412,98.0,1.3501594768250587,0.014380331155282654,0.07210120180319649,1.9844674545084815,completed,False,COMPLETE
232,1.0241187384044526,2026-06-12 16:57:33.789794,2026-06-12 16:57:36.896947,0 days 00:00:03.107153,,,,,,,,,,,,,,0.05877516838435406,QuantileRegressor,,,,,,2,,,,,,,,False,,,,,,,,,0.0,0.0,98.0,0.0,0.0,0.0,1.9844674545084815,1.0142445249741314,1.0339929518347737,98.0,1.0241187384044526,0.009874213430321107,0.04950808486255764,1.9844674545084815,305901430884989.94,401528566240617.56,98.0,353714998562803.75,47813567677813.83,239731314588150.53,1.9844674545084815,2.951594894990265,3.0080010646056943,98.0,2.9797979797979797,0.028203084807714735,0.14140677897022574,1.9844674545084815,1.0,1.0,98.0,1.0,0.0,0.0,1.9844674545084815,99.0,0.9393939393939394,-0.005464225809889945,-0.0036532722000295697,98.0,-0.004558749004959757,0.0009054768049301876,0.004539948707398303,1.9844674545084815,QuantileRegressor,"{'mode': 'original', 'type': 'QuantileRegressor'}",2,"['z_diameter_T2W10', 'z_asp_T2W10']",,,,,,,,1.335779145669776,1.3645398079803412,98.0,1.3501594768250587,0.014380331155282654,0.07210120180319649,1.9844674545084815,completed,False,COMPLETE
233,1.0241187384044526,2026-06-12 16:57:36.910926,2026-06-12 16:57:40.129532,0 days 00:00:03.218606,,,,,,,,,,,,,,0.08734211627361622,QuantileRegressor,,,,,,2,,,,,,,,False,,,,,,,,,0.0,0.0,98.0,0.0,0.0,0.0,1.9844674545084815,1.0142445249741314,1.0339929518347737,98.0,1.0241187384044526,0.009874213430321107,0.04950808486255764,1.9844674545084815,305901430884989.94,401528566240617.56,98.0,353714998562803.75,47813567677813.83,239731314588150.53,1.9844674545084815,2.951594894990265,3.0080010646056943,98.0,2.9797979797979797,0.028203084807714735,0.14140677897022574,1.9844674545084815,1.0,1.0,98.0,1.0,0.0,0.0,1.9844674545084815,99.0,0.9393939393939394,-0.005464225809889945,-0.0036532722000295697,98.0,-0.004558749004959757,0.0009054768049301876,0.004539948707398303,1.9844674545084815,QuantileRegressor,"{'mode': 'original', 'type': 'QuantileRegressor'}",2,"['z_diameter_T2W10', 'z_asp_T2W10']",,,,,,,,1.335779145669776,1.3645398079803412,98.0,1.3501594768250587,0.014380331155282654,0.07210120180319649,1.9844674545084815,completed,False,COMPLETE
234,1.05044973429194,2026-06-12 16:57:40.188156,2026-06-12 16:57:40.462667,0 days 00:00:00.274511,,,,0.0038122470418556656,0.1850721441024068,,,,,,,,,,ElasticNet,,,,,,2,,,,,,,,False,,,,,,,,,,,,,,,,,,,,,,,,,,,,,,,,,,,,,,,,,,,,,,,,,,,,,ElasticNet,"{'mode': 'original', 'type': 'ElasticNet'}",2,"['z_l2_T2W10', 'z_l3_T2W10']",,,,,,,,,,,,,,,pruned,False,PRUNED
