number,value,datetime_start,datetime_complete,duration,params_dt_max_depth,params_dt_min_samples_leaf,params_dt_min_samples_split,params_elastic_alpha,params_elastic_l1_ratio,params_et_max_depth,params_et_max_features,params_et_min_samples_leaf,params_et_min_samples_split,params_et_n_estimators,params_knn_metric,params_knn_n_neighbors,params_knn_weights,params_quantile_alpha,params_regressor,params_rf_max_depth,params_rf_max_features,params_rf_min_samples_leaf,params_rf_min_samples_split,params_rf_n_estimators,params_rfe_n_features,params_rfe_proxy_et_max_depth,params_rfe_proxy_et_min_samples_leaf,params_rfe_proxy_et_min_samples_split,params_rfe_proxy_et_n_estimators,params_rfe_proxy_lsvr_C,params_rfe_proxy_lsvr_epsilon,params_rfe_proxy_type,params_use_scaler,params_xgb_booster,params_xgb_colsample_bytree,params_xgb_learning_rate,params_xgb_max_depth,params_xgb_n_estimators,params_xgb_reg_alpha,params_xgb_reg_lambda,params_xgb_subsample,user_attrs_d2mae_ci_lower_val,user_attrs_d2mae_ci_upper_val,user_attrs_d2mae_df_val,user_attrs_d2mae_mean_val,user_attrs_d2mae_samperror_val,user_attrs_d2mae_std_val,user_attrs_d2mae_t_critical_val,user_attrs_mae_ci_lower_val,user_attrs_mae_ci_upper_val,user_attrs_mae_df_val,user_attrs_mae_mean_val,user_attrs_mae_samperror_val,user_attrs_mae_std_val,user_attrs_mae_t_critical_val,user_attrs_mape_ci_lower_val,user_attrs_mape_ci_upper_val,user_attrs_mape_df_val,user_attrs_mape_mean_val,user_attrs_mape_samperror_val,user_attrs_mape_std_val,user_attrs_mape_t_critical_val,user_attrs_max_error_ci_lower_val,user_attrs_max_error_ci_upper_val,user_attrs_max_error_df_val,user_attrs_max_error_mean_val,user_attrs_max_error_samperror_val,user_attrs_max_error_std_val,user_attrs_max_error_t_critical_val,user_attrs_median_ae_ci_lower_val,user_attrs_median_ae_ci_upper_val,user_attrs_median_ae_df_val,user_attrs_median_ae_mean_val,user_attrs_median_ae_samperror_val,user_attrs_median_ae_std_val,user_attrs_median_ae_t_critical_val,user_attrs_n_splits_val,user_attrs_r2_below_zero_val,user_attrs_r2_ci_lower_val,user_attrs_r2_ci_upper_val,user_attrs_r2_df_val,user_attrs_r2_mean_val,user_attrs_r2_samperror_val,user_attrs_r2_std_val,user_attrs_r2_t_critical_val,user_attrs_regressor_final,user_attrs_rfe_estimator,user_attrs_rfe_n_features,user_attrs_rfe_selected_features,user_attrs_rho_ci_lower_val,user_attrs_rho_ci_upper_val,user_attrs_rho_df_val,user_attrs_rho_mean_val,user_attrs_rho_samperror_val,user_attrs_rho_std_val,user_attrs_rho_t_critical_val,user_attrs_rmse_ci_lower_val,user_attrs_rmse_ci_upper_val,user_attrs_rmse_df_val,user_attrs_rmse_mean_val,user_attrs_rmse_samperror_val,user_attrs_rmse_std_val,user_attrs_rmse_t_critical_val,user_attrs_termination_reason,user_attrs_use_scaler_final,state
307,1.0645367287904721,2026-06-12 18:19:24.258799,2026-06-12 18:19:26.105242,0 days 00:00:01.846443,,,,,,,,,,,,,,,LinearRegression,,,,,,4,,,,,,,,False,,,,,,,,,-0.04595396357793319,-0.03336517623814861,98.0,-0.0396595699080409,0.006294393669892287,0.03155931134833077,1.9844674545084815,1.0531589580108387,1.0759144995701055,98.0,1.0645367287904721,0.011377770779633391,0.05704673544680515,1.9844674545084815,302935202637643.25,398586376727842.75,98.0,350760789682743.0,47825587045099.74,239791578209124.9,1.9844674545084815,3.1490954744687016,3.2333231844582526,98.0,3.191209329463477,0.04211385499477534,0.21115366015569115,1.9844674545084815,0.9319295639078208,0.9526131242161396,98.0,0.9422713440619802,0.01034178015415943,0.05185240658560379,1.9844674545084815,99.0,0.6161616161616161,-0.03381160412590177,-0.012684735029677765,98.0,-0.023248169577789767,0.010563434548112002,0.05296375430189533,1.9844674545084815,LinearRegression,"{'mode': 'original', 'type': 'LinearRegression'}",4,"['z_pe_T2W10', 'z_l2_T2W10', 'z_diameter_T2W10', 'z_asp_T2W10']",0.04697081365565489,0.09418530729668764,98.0,0.07057806047617127,0.023607246820516375,0.1183638157316457,1.9844674545084815,1.346710810407459,1.377285713721801,98.0,1.36199826206463,0.01528745165717113,0.07664939180384549,1.9844674545084815,completed,False,COMPLETE
308,1.1951645302107852,2026-06-12 18:19:26.117834,2026-06-12 18:19:26.346419,0 days 00:00:00.228585,,,,,,,,,,,minkowski,5.0,distance,,KNeighborsRegressor,,,,,,3,,,,,0.008968733598183252,0.00024989960578908907,LinearSVR,,,,,,,,,,,,,,,,,,,,,,,,,,,,,,,,,,,,,,,,,,,,,,,,,,,,,,KNeighborsRegressor,"{'mode': 'proxy', 'type': 'LinearSVR'}",3,"['z_re_T2W10', 'z_l3_T2W10', 'z_density_T2W10']",,,,,,,,,,,,,,,pruned,True,PRUNED
309,1.0200279712677003,2026-06-12 18:19:26.356385,2026-06-12 18:19:26.956881,0 days 00:00:00.600496,,,,,,,,,,,,,,,XGBRegressor,,,,,,5,,,,,,,,False,gbtree,0.7107122752962489,0.0028147353837328012,2.0,143.0,1.0815470066957966,0.22750558138165483,0.7915207804848461,,,,,,,,,,,,,,,,,,,,,,,,,,,,,,,,,,,,,,,,,,,,,XGBRegressor,"{'mode': 'original', 'type': 'XGBRegressor'}",5,"['z_pe_T2W10', 'z_l1_T2W10', 'z_l2_T2W10', 'z_l3_T2W10', 'z_density_T2W10']",,,,,,,,,,,,,,,pruned,False,PRUNED
310,1.0606628298833183,2026-06-12 18:19:26.967042,2026-06-12 18:19:29.873605,0 days 00:00:02.906563,,,,,,,,,,,,,,,XGBRegressor,,,,,,4,,,,,,,,True,gblinear,0.7126067522346167,0.1644047400164349,6.0,441.0,1.5930293410397775e-08,2.6187632305518894e-06,0.8999276279736577,-0.04123682423457508,-0.030297526911392418,98.0,-0.03576717557298375,0.005469648661591331,0.027424141884041933,1.9844674545084815,1.0493508316419753,1.0719748281246613,98.0,1.0606628298833183,0.011311998241343024,0.056716960074793626,1.9844674545084815,304472221362579.94,400488575070821.2,98.0,352480398216700.56,48008176854120.63,240707060928212.78,1.9844674545084815,3.106763404674443,3.177711035620844,98.0,3.1422372201476434,0.03547381547320044,0.17786132325770532,1.9844674545084815,0.9517045221601763,0.9666891619958369,98.0,0.9591968420780066,0.0074923199178302605,0.03756556539180548,1.9844674545084815,99.0,0.696969696969697,-0.033721466457217186,-0.016508268386614514,98.0,-0.025114867421915852,0.008606599035301338,0.0431524230688873,1.9844674545084815,XGBRegressor,"{'mode': 'original', 'type': 'XGBRegressor'}",4,"['z_pe_T2W10', 'z_l2_T2W10', 'z_diameter_T2W10', 'z_asp_T2W10']",-0.0029366839522134668,0.046791548849245204,98.0,0.021927432448515867,0.024864116400729334,0.12466560435283078,1.9844674545084815,1.3482912746750673,1.3787617203527507,98.0,1.363526497513909,0.015235222838841631,0.07638752296858335,1.9844674545084815,completed,True,COMPLETE
311,1.024118738404453,2026-06-12 18:19:29.886844,2026-06-12 18:19:32.678753,0 days 00:00:02.791909,,,,,,,,,,,,,,0.0023457196365169446,QuantileRegressor,,,,,,6,,,,,,,,False,,,,,,,,,-8.539999806720155e-16,3.3107804888566505e-17,98.0,-4.104460878917245e-16,4.43553892780291e-16,2.223924358111664e-15,1.9844674545084815,1.0142445249741319,1.0339929518347741,98.0,1.024118738404453,0.009874213430321147,0.04950808486255784,1.9844674545084815,305901430884989.9,401528566240617.5,98.0,353714998562803.7,47813567677813.83,239731314588150.53,1.9844674545084815,2.9515948949902664,3.0080010646056956,98.0,2.979797979797981,0.02820308480771477,0.1414067789702259,1.9844674545084815,0.9999999999999992,1.0,98.0,0.9999999999999997,3.932348516569179e-16,1.9716309095531524e-15,1.9844674545084815,99.0,0.9393939393939394,-0.005464225809890013,-0.0036532722000296542,98.0,-0.004558749004959834,0.0009054768049301797,0.0045399487073982635,1.9844674545084815,QuantileRegressor,"{'mode': 'original', 'type': 'QuantileRegressor'}",6,"['z_l2_T2W10', 'z_l3_T2W10', 'z_lsc_T2W10', 'z_density_T2W10', 'z_diameter_T2W10', 'z_asp_T2W10']",-0.5551385548820588,0.5107467878366224,2.0,-0.022195883522718216,0.5329426713593406,0.21453829585954307,4.302652729749462,1.335779145669776,1.3645398079803412,98.0,1.3501594768250587,0.01438033115528266,0.07210120180319651,1.9844674545084815,completed,False,COMPLETE
312,1.0885400313971743,2026-06-12 18:19:32.693614,2026-06-12 18:19:33.008740,0 days 00:00:00.315126,,,,,,,,,,,euclidean,13.0,uniform,,KNeighborsRegressor,,,,,,3,10.0,4.0,2.0,30.0,,,ExtraTrees,,,,,,,,,,,,,,,,,,,,,,,,,,,,,,,,,,,,,,,,,,,,,,,,,,,,,,KNeighborsRegressor,"{'mode': 'proxy', 'type': 'ExtraTrees'}",3,"['z_pe_T2W10', 'z_l2_T2W10', 'z_l3_T2W10']",,,,,,,,,,,,,,,pruned,True,PRUNED
313,1.0695561899193569,2026-06-12 18:19:33.018865,2026-06-12 18:19:34.531872,0 days 00:00:01.513007,,,,,,,,,,,,,,,RandomForestRegressor,2.0,,3.0,4.0,146.0,4,,,,,,,,True,,,,,,,,,,,,,,,,,,,,,,,,,,,,,,,,,,,,,,,,,,,,,,,,,,,,,RandomForestRegressor,"{'mode': 'original', 'type': 'RandomForestRegressor'}",4,"['z_pe_T2W10', 'z_l1_T2W10', 'z_l2_T2W10', 'z_l3_T2W10']",,,,,,,,,,,,,,,pruned,True,PRUNED
314,1.0586967715257343,2026-06-12 18:19:34.541868,2026-06-12 18:19:34.660851,0 days 00:00:00.118983,,,,,,,,,,,,,,,LinearRegression,,,,,,7,,,,,,,,True,,,,,,,,,,,,,,,,,,,,,,,,,,,,,,,,,,,,,,,,,,,,,,,,,,,,,LinearRegression,"{'mode': 'original', 'type': 'LinearRegression'}",7,"['z_pe_T2W10', 'z_l1_T2W10', 'z_l2_T2W10', 'z_l3_T2W10', 'z_lsc_T2W10', 'z_diameter_T2W10', 'z_asp_T2W10']",,,,,,,,,,,,,,,pruned,True,PRUNED
315,1.3250394956517406,2026-06-12 18:19:34.670488,2026-06-12 18:19:34.820076,0 days 00:00:00.149588,18.0,5.0,15.0,,,,,,,,,,,,DecisionTreeRegressor,,,,,,7,,,,,,,,False,,,,,,,,,,,,,,,,,,,,,,,,,,,,,,,,,,,,,,,,,,,,,,,,,,,,,DecisionTreeRegressor,"{'mode': 'original', 'type': 'DecisionTreeRegressor'}",7,"['z_l1_T2W10', 'z_l2_T2W10', 'z_l3_T2W10', 'z_lsc_T2W10', 'z_density_T2W10', 'z_diameter_T2W10', 'z_asp_T2W10']",,,,,,,,,,,,,,,pruned,False,PRUNED
316,1.0930612244897957,2026-06-12 18:19:34.829835,2026-06-12 18:19:35.043487,0 days 00:00:00.213652,,,,,,,,,,,manhattan,15.0,uniform,,KNeighborsRegressor,,,,,,8,12.0,3.0,12.0,80.0,,,ExtraTrees,,,,,,,,,,,,,,,,,,,,,,,,,,,,,,,,,,,,,,,,,,,,,,,,,,,,,,KNeighborsRegressor,"{'mode': 'proxy', 'type': 'ExtraTrees'}",8,"['z_re_T2W10', 'z_pe_T2W10', 'z_l1_T2W10', 'z_l2_T2W10', 'z_l3_T2W10', 'z_density_T2W10', 'z_diameter_T2W10', 'z_asp_T2W10']",,,,,,,,,,,,,,,pruned,True,PRUNED
317,1.0586967715257343,2026-06-12 18:19:35.053591,2026-06-12 18:19:35.153630,0 days 00:00:00.100039,,,,,,,,,,,,,,,LinearRegression,,,,,,7,,,,,,,,True,,,,,,,,,,,,,,,,,,,,,,,,,,,,,,,,,,,,,,,,,,,,,,,,,,,,,LinearRegression,"{'mode': 'original', 'type': 'LinearRegression'}",7,"['z_pe_T2W10', 'z_l1_T2W10', 'z_l2_T2W10', 'z_l3_T2W10', 'z_lsc_T2W10', 'z_diameter_T2W10', 'z_asp_T2W10']",,,,,,,,,,,,,,,pruned,True,PRUNED
318,1.4011289277615808,2026-06-12 18:19:35.163099,2026-06-12 18:19:35.344795,0 days 00:00:00.181696,18.0,5.0,2.0,,,,,,,,,,,,DecisionTreeRegressor,,,,,,6,,,,,,,,True,,,,,,,,,,,,,,,,,,,,,,,,,,,,,,,,,,,,,,,,,,,,,,,,,,,,,DecisionTreeRegressor,"{'mode': 'original', 'type': 'DecisionTreeRegressor'}",6,"['z_l1_T2W10', 'z_l2_T2W10', 'z_l3_T2W10', 'z_lsc_T2W10', 'z_density_T2W10', 'z_diameter_T2W10']",,,,,,,,,,,,,,,pruned,True,PRUNED
319,1.0241187384044526,2026-06-12 18:19:35.354375,2026-06-12 18:19:37.661174,0 days 00:00:02.306799,,,,,,,,,,,,,,0.6940121430516972,QuantileRegressor,,,,,,5,,,,,,,,False,,,,,,,,,0.0,0.0,98.0,0.0,0.0,0.0,1.9844674545084815,1.0142445249741314,1.0339929518347737,98.0,1.0241187384044526,0.009874213430321107,0.04950808486255764,1.9844674545084815,305901430884989.94,401528566240617.56,98.0,353714998562803.75,47813567677813.83,239731314588150.53,1.9844674545084815,2.951594894990265,3.0080010646056943,98.0,2.9797979797979797,0.028203084807714735,0.14140677897022574,1.9844674545084815,1.0,1.0,98.0,1.0,0.0,0.0,1.9844674545084815,99.0,0.9393939393939394,-0.005464225809889945,-0.0036532722000295697,98.0,-0.004558749004959757,0.0009054768049301876,0.004539948707398303,1.9844674545084815,QuantileRegressor,"{'mode': 'original', 'type': 'QuantileRegressor'}",5,"['z_l3_T2W10', 'z_lsc_T2W10', 'z_density_T2W10', 'z_diameter_T2W10', 'z_asp_T2W10']",,,,,,,,1.335779145669776,1.3645398079803412,98.0,1.3501594768250587,0.014380331155282654,0.07210120180319649,1.9844674545084815,completed,False,COMPLETE
320,1.0322546002614439,2026-06-12 18:19:37.674673,2026-06-12 18:19:39.428331,0 days 00:00:01.753658,,,,8.681843415114091,0.42777313373586234,,,,,,,,,,ElasticNet,,,,,,5,,,,,,,,True,,,,,,,,,-0.008774517233966519,-0.007307379942279476,98.0,-0.008040948588122997,0.0007335686458435219,0.0036780224599369973,1.9844674545084815,1.0226964071461264,1.0418127933767614,98.0,1.0322546002614439,0.009558193115317581,0.04792359808962206,1.9844674545084815,302668413340937.56,397512391490111.2,98.0,350090402415524.4,47421989074586.79,237767987903374.22,1.9844674545084815,2.9843885683830167,3.0416200204998236,98.0,3.01300429444142,0.028615726058403256,0.14347571116427238,1.9844674545084815,0.9620448713524847,0.9700908571904299,98.0,0.9660678642714573,0.004022992918972516,0.020170788917966784,1.9844674545084815,99.0,1.0,-0.0040202152711158335,-0.002354630224295667,98.0,-0.0031874227477057503,0.0008327925234100832,0.0041755187097013285,1.9844674545084815,ElasticNet,"{'mode': 'original', 'type': 'ElasticNet'}",5,"['z_l3_T2W10', 'z_lsc_T2W10', 'z_density_T2W10', 'z_diameter_T2W10', 'z_asp_T2W10']",,,,,,,,1.3349089651858284,1.3635379675582484,98.0,1.3492234663720384,0.01431450118621002,0.07177113848034591,1.9844674545084815,completed,True,COMPLETE
321,1.0250865669090146,2026-06-12 18:19:39.441097,2026-06-12 18:19:41.966876,0 days 00:00:02.525779,,,,,,,,,,,,,,0.000684178985066717,QuantileRegressor,,,,,,9,,,,,,,,False,,,,,,,,,-0.003011365553129311,0.000993340160638365,98.0,-0.001009012696245473,0.002002352856883838,0.010039549566447443,1.9844674545084815,1.0152815692665558,1.0348915645514734,98.0,1.0250865669090146,0.00980499764245879,0.04916104546306545,1.9844674545084815,305901430884989.8,401528566240617.44,98.0,353714998562803.6,47813567677813.82,239731314588150.47,1.9844674545084815,2.9529419282534057,3.009776764721349,98.0,2.9813593464873773,0.02841741823397155,0.1424814202599735,1.9844674545084815,0.9990705126557183,1.00030660412746,98.0,0.9996885583915891,0.0006180457358708095,0.0030988048776092614,1.9844674545084815,99.0,0.9393939393939394,-0.006432277256646617,-0.003738123326476054,98.0,-0.005085200291561336,0.0013470769650852817,0.006754077291771679,1.9844674545084815,QuantileRegressor,"{'mode': 'original', 'type': 'QuantileRegressor'}",9,"['z_re_T2W10', 'z_pe_T2W10', 'z_l1_T2W10', 'z_l2_T2W10', 'z_l3_T2W10', 'z_lsc_T2W10', 'z_density_T2W10', 'z_diameter_T2W10', 'z_asp_T2W10']",-0.11614404371631706,0.07428242426401865,7.0,-0.020930809726149198,0.09521323399016786,0.11388857805682946,2.364624251592784,1.3361574219035437,1.3648283045628107,98.0,1.3504928632331772,0.014335441329633518,0.07187612976952154,1.9844674545084815,completed,False,COMPLETE
322,1.065969201101377,2026-06-12 18:19:41.979369,2026-06-12 18:19:42.109287,0 days 00:00:00.129918,,,,0.0056315286232431,0.05784267656339637,,,,,,,,,,ElasticNet,,,,,,9,,,,,,,,False,,,,,,,,,,,,,,,,,,,,,,,,,,,,,,,,,,,,,,,,,,,,,,,,,,,,,ElasticNet,"{'mode': 'original', 'type': 'ElasticNet'}",9,"['z_re_T2W10', 'z_pe_T2W10', 'z_l1_T2W10', 'z_l2_T2W10', 'z_l3_T2W10', 'z_lsc_T2W10', 'z_density_T2W10', 'z_diameter_T2W10', 'z_asp_T2W10']",,,,,,,,,,,,,,,pruned,False,PRUNED
323,1.026761577869418,2026-06-12 18:19:42.118997,2026-06-12 18:19:44.607249,0 days 00:00:02.488252,,,,,,,,,,,,,,0.0013154915843893178,QuantileRegressor,,,,,,6,,,,,,,,True,,,,,,,,,-0.006722936032469423,0.0012123345948820167,98.0,-0.002755300718793703,0.00396763531367572,0.019893232731829878,1.9844674545084815,1.0168524453005692,1.0366707104382666,98.0,1.026761577869418,0.009909132568848837,0.04968316510421513,1.9844674545084815,306445145260187.9,402026343447526.0,98.0,354235744353856.94,47790599093669.06,239616152948083.06,1.9844674545084815,2.956183045240232,3.017507082153997,98.0,2.9868450636971144,0.030662018456882552,0.15373556815768408,1.9844674545084815,0.9998580882908895,1.0004445516866978,98.0,1.0001513199887937,0.00029323169790415864,0.0014702274653748142,1.9844674545084815,99.0,0.9696969696969697,-0.011410164684873237,-0.0028334908005925898,98.0,-0.007121827742732913,0.0042883369421403235,0.021501191031458176,1.9844674545084815,QuantileRegressor,"{'mode': 'original', 'type': 'QuantileRegressor'}",6,"['z_l2_T2W10', 'z_l3_T2W10', 'z_lsc_T2W10', 'z_density_T2W10', 'z_diameter_T2W10', 'z_asp_T2W10']",-0.0990217819917762,0.07934181495253938,13.0,-0.009839983519618416,0.08918179847215779,0.15445870038009477,2.1603686564627913,1.3374919777494296,1.3659179357011595,98.0,1.3517049567252946,0.01421297897586492,0.07126211867429579,1.9844674545084815,completed,True,COMPLETE
324,1.0637666361672538,2026-06-12 18:19:44.619823,2026-06-12 18:19:46.172177,0 days 00:00:01.552354,,,,,,,,,,,,,,,XGBRegressor,,,,,,3,,,,,,,,True,gbtree,0.686344258506157,0.0016423917387278226,6.0,345.0,2.1766272093025525e-06,0.03241761224097118,0.7042266065353493,,,,,,,,,,,,,,,,,,,,,,,,,,,,,,,,,,,,,,,,,,,,,XGBRegressor,"{'mode': 'original', 'type': 'XGBRegressor'}",3,"['z_density_T2W10', 'z_diameter_T2W10', 'z_asp_T2W10']",,,,,,,,,,,,,,,pruned,True,PRUNED
325,1.029111365014855,2026-06-12 18:19:46.182805,2026-06-12 18:19:48.515987,0 days 00:00:02.333182,,,,,,,,,,,,,,0.0021634225433779957,QuantileRegressor,,,,,,9,,,,,,,,True,,,,,,,,,-0.01000834366511131,7.894575678958193e-05,98.0,-0.004964698954160863,0.005043644710950445,0.025288210765179342,1.9844674545084815,1.0183042923657155,1.0399184376639943,98.0,1.029111365014855,0.010807072649139281,0.05418532560643809,1.9844674545084815,307254949812611.56,403033862021036.8,98.0,355144405916824.2,47889456104212.64,240111809771969.53,1.9844674545084815,2.9626994560054354,3.0336400904671526,98.0,2.998169773236294,0.03547031723085868,0.1778437835032785,1.9844674545084815,0.9978326493538803,1.0028243554409952,98.0,1.0003285023974378,0.00249585304355745,0.01251389846460881,1.9844674545084815,99.0,0.9494949494949495,-0.017263564098132015,-0.0038503275539385033,98.0,-0.01055694582603526,0.006706618272096756,0.03362615451841092,1.9844674545084815,QuantileRegressor,"{'mode': 'original', 'type': 'QuantileRegressor'}",9,"['z_re_T2W10', 'z_pe_T2W10', 'z_l1_T2W10', 'z_l2_T2W10', 'z_l3_T2W10', 'z_lsc_T2W10', 'z_density_T2W10', 'z_diameter_T2W10', 'z_asp_T2W10']",-0.15523967448659495,-0.0034168108225091087,13.0,-0.07932824265455203,0.07591143183204292,0.1314750465413642,2.1603686564627913,1.3391042294344162,1.368844189174387,98.0,1.3539742093044016,0.014869979869985341,0.0745562398972591,1.9844674545084815,completed,True,COMPLETE
326,1.123523162443406,2026-06-12 18:19:48.528660,2026-06-12 18:19:49.426232,0 days 00:00:00.897572,,,,,,,,,,,,,,,RandomForestRegressor,18.0,sqrt,1.0,11.0,121.0,7,,,,,,,,False,,,,,,,,,,,,,,,,,,,,,,,,,,,,,,,,,,,,,,,,,,,,,,,,,,,,,RandomForestRegressor,"{'mode': 'original', 'type': 'RandomForestRegressor'}",7,"['z_re_T2W10', 'z_pe_T2W10', 'z_l1_T2W10', 'z_l2_T2W10', 'z_l3_T2W10', 'z_lsc_T2W10', 'z_diameter_T2W10']",,,,,,,,,,,,,,,pruned,False,PRUNED
327,1.0152511921058707,2026-06-12 18:19:49.436409,2026-06-12 18:19:49.675712,0 days 00:00:00.239303,,,,,,,,,,,,,,,XGBRegressor,,,,,,9,,,,,,,,True,gblinear,0.8805139512510141,0.08546171499332564,6.0,335.0,0.0007437024429559987,4.644383085593196,0.5534903194134793,,,,,,,,,,,,,,,,,,,,,,,,,,,,,,,,,,,,,,,,,,,,,XGBRegressor,"{'mode': 'original', 'type': 'XGBRegressor'}",9,"['z_re_T2W10', 'z_pe_T2W10', 'z_l1_T2W10', 'z_l2_T2W10', 'z_l3_T2W10', 'z_lsc_T2W10', 'z_density_T2W10', 'z_diameter_T2W10', 'z_asp_T2W10']",,,,,,,,,,,,,,,pruned,True,PRUNED
328,1.0764742139247652,2026-06-12 18:19:49.685599,2026-06-12 18:19:49.817492,0 days 00:00:00.131893,,,,0.00016932074437214252,0.8715368061523763,,,,,,,,,,ElasticNet,,,,,,9,,,,,,,,False,,,,,,,,,,,,,,,,,,,,,,,,,,,,,,,,,,,,,,,,,,,,,,,,,,,,,ElasticNet,"{'mode': 'original', 'type': 'ElasticNet'}",9,"['z_re_T2W10', 'z_pe_T2W10', 'z_l1_T2W10', 'z_l2_T2W10', 'z_l3_T2W10', 'z_lsc_T2W10', 'z_density_T2W10', 'z_diameter_T2W10', 'z_asp_T2W10']",,,,,,,,,,,,,,,pruned,False,PRUNED
329,1.0707976825460366,2026-06-12 18:19:49.828366,2026-06-12 18:19:51.921760,0 days 00:00:02.093394,,,,,,,,,,,,,,,LinearRegression,,,,,,5,,,,,,,,True,,,,,,,,,-0.052554829484309756,-0.03902051118917099,98.0,-0.045787670336740374,0.0067671591475693856,0.033929698980124566,1.9844674545084815,1.059143862945236,1.082451502146837,98.0,1.0707976825460366,0.011653819600800579,0.05843081009345877,1.9844674545084815,303587225917552.1,399511241935237.5,98.0,351549233926394.8,47962008008842.69,240475576048312.6,1.9844674545084815,3.156395369560789,3.246288513101283,98.0,3.201341941331036,0.04494657177024723,0.22535655170764057,1.9844674545084815,0.9259455257644006,0.9475060970999231,98.0,0.9367258114321618,0.010780285667761269,0.054051018994915795,1.9844674545084815,99.0,0.6868686868686869,-0.04270598365785157,-0.019886470917692176,98.0,-0.03129622728777187,0.011409756370079694,0.05720710724121379,1.9844674545084815,LinearRegression,"{'mode': 'original', 'type': 'LinearRegression'}",5,"['z_pe_T2W10', 'z_l2_T2W10', 'z_lsc_T2W10', 'z_diameter_T2W10', 'z_asp_T2W10']",0.040132363408441875,0.08909251096061405,98.0,0.06461243718452796,0.024480073776086082,0.12274006213259751,1.9844674545084815,1.351786828003647,1.3827209786432155,98.0,1.3672539033234312,0.015467075319784338,0.07755000263170855,1.9844674545084815,completed,True,COMPLETE
