number,value,datetime_start,datetime_complete,duration,params_dt_max_depth,params_dt_min_samples_leaf,params_dt_min_samples_split,params_elastic_alpha,params_elastic_l1_ratio,params_et_max_depth,params_et_max_features,params_et_min_samples_leaf,params_et_min_samples_split,params_et_n_estimators,params_knn_metric,params_knn_n_neighbors,params_knn_weights,params_quantile_alpha,params_regressor,params_rf_max_depth,params_rf_max_features,params_rf_min_samples_leaf,params_rf_min_samples_split,params_rf_n_estimators,params_rfe_n_features,params_rfe_proxy_et_max_depth,params_rfe_proxy_et_min_samples_leaf,params_rfe_proxy_et_min_samples_split,params_rfe_proxy_et_n_estimators,params_rfe_proxy_lsvr_C,params_rfe_proxy_lsvr_epsilon,params_rfe_proxy_type,params_use_scaler,params_xgb_booster,params_xgb_colsample_bytree,params_xgb_learning_rate,params_xgb_max_depth,params_xgb_n_estimators,params_xgb_reg_alpha,params_xgb_reg_lambda,params_xgb_subsample,user_attrs_d2mae_ci_lower_val,user_attrs_d2mae_ci_upper_val,user_attrs_d2mae_df_val,user_attrs_d2mae_mean_val,user_attrs_d2mae_samperror_val,user_attrs_d2mae_std_val,user_attrs_d2mae_t_critical_val,user_attrs_mae_ci_lower_val,user_attrs_mae_ci_upper_val,user_attrs_mae_df_val,user_attrs_mae_mean_val,user_attrs_mae_samperror_val,user_attrs_mae_std_val,user_attrs_mae_t_critical_val,user_attrs_mape_ci_lower_val,user_attrs_mape_ci_upper_val,user_attrs_mape_df_val,user_attrs_mape_mean_val,user_attrs_mape_samperror_val,user_attrs_mape_std_val,user_attrs_mape_t_critical_val,user_attrs_max_error_ci_lower_val,user_attrs_max_error_ci_upper_val,user_attrs_max_error_df_val,user_attrs_max_error_mean_val,user_attrs_max_error_samperror_val,user_attrs_max_error_std_val,user_attrs_max_error_t_critical_val,user_attrs_median_ae_ci_lower_val,user_attrs_median_ae_ci_upper_val,user_attrs_median_ae_df_val,user_attrs_median_ae_mean_val,user_attrs_median_ae_samperror_val,user_attrs_median_ae_std_val,user_attrs_median_ae_t_critical_val,user_attrs_n_splits_val,user_attrs_r2_below_zero_val,user_attrs_r2_ci_lower_val,user_attrs_r2_ci_upper_val,user_attrs_r2_df_val,user_attrs_r2_mean_val,user_attrs_r2_samperror_val,user_attrs_r2_std_val,user_attrs_r2_t_critical_val,user_attrs_regressor_final,user_attrs_rfe_estimator,user_attrs_rfe_n_features,user_attrs_rfe_selected_features,user_attrs_rho_ci_lower_val,user_attrs_rho_ci_upper_val,user_attrs_rho_df_val,user_attrs_rho_mean_val,user_attrs_rho_samperror_val,user_attrs_rho_std_val,user_attrs_rho_t_critical_val,user_attrs_rmse_ci_lower_val,user_attrs_rmse_ci_upper_val,user_attrs_rmse_df_val,user_attrs_rmse_mean_val,user_attrs_rmse_samperror_val,user_attrs_rmse_std_val,user_attrs_rmse_t_critical_val,user_attrs_termination_reason,user_attrs_use_scaler_final,state
95,1.0241187384044528,2026-06-12 16:50:49.076630,2026-06-12 16:50:51.762660,0 days 00:00:02.686030,,,,,,,,,,,,,,0.0004498700335124198,QuantileRegressor,,,,,,2,,,,,,,,False,,,,,,,,,-3.38114869301384e-16,4.654114566245396e-17,98.0,-1.45786861819465e-16,1.9232800748191896e-16,9.643088417172099e-16,1.9844674545084815,1.0142445249741316,1.033992951834774,98.0,1.0241187384044528,0.00987421343032111,0.04950808486255766,1.9844674545084815,305901430884990.0,401528566240617.6,98.0,353714998562803.8,47813567677813.83,239731314588150.53,1.9844674545084815,2.951594894990266,3.008001064605695,98.0,2.9797979797979806,0.02820308480771476,0.14140677897022585,1.9844674545084815,0.9999999999999998,1.0000000000000002,98.0,1.0,1.8292442885183454e-16,9.171604615332894e-16,1.9844674545084815,99.0,0.9494949494949495,-0.0054642258098899586,-0.003653272200029584,98.0,-0.004558749004959771,0.0009054768049301873,0.004539948707398302,1.9844674545084815,QuantileRegressor,"{'mode': 'original', 'type': 'QuantileRegressor'}",2,"['z_diameter_T2W10', 'z_asp_T2W10']",,,0.0,0.01606538385832103,,,,1.335779145669776,1.3645398079803412,98.0,1.3501594768250587,0.014380331155282656,0.0721012018031965,1.9844674545084815,completed,False,COMPLETE
96,1.0241187384044526,2026-06-12 16:50:51.776085,2026-06-12 16:50:53.903106,0 days 00:00:02.127021,,,,,,,,,,,,,,0.08045186380646929,QuantileRegressor,,,,,,2,,,,,,,,True,,,,,,,,,0.0,0.0,98.0,0.0,0.0,0.0,1.9844674545084815,1.0142445249741314,1.0339929518347737,98.0,1.0241187384044526,0.009874213430321107,0.04950808486255764,1.9844674545084815,305901430884989.94,401528566240617.56,98.0,353714998562803.75,47813567677813.83,239731314588150.53,1.9844674545084815,2.951594894990265,3.0080010646056943,98.0,2.9797979797979797,0.028203084807714735,0.14140677897022574,1.9844674545084815,1.0,1.0,98.0,1.0,0.0,0.0,1.9844674545084815,99.0,0.9393939393939394,-0.005464225809889945,-0.0036532722000295697,98.0,-0.004558749004959757,0.0009054768049301876,0.004539948707398303,1.9844674545084815,QuantileRegressor,"{'mode': 'original', 'type': 'QuantileRegressor'}",2,"['z_diameter_T2W10', 'z_asp_T2W10']",,,,,,,,1.335779145669776,1.3645398079803412,98.0,1.3501594768250587,0.014380331155282654,0.07210120180319649,1.9844674545084815,completed,True,COMPLETE
97,1.3385621030518988,2026-06-12 16:50:53.915861,2026-06-12 16:50:54.090266,0 days 00:00:00.174405,10.0,3.0,12.0,,,,,,,,,,,,DecisionTreeRegressor,,,,,,3,,,,,,,,False,,,,,,,,,,,,,,,,,,,,,,,,,,,,,,,,,,,,,,,,,,,,,,,,,,,,,DecisionTreeRegressor,"{'mode': 'original', 'type': 'DecisionTreeRegressor'}",3,"['z_re_T2W10', 'z_l2_T2W10', 'z_l3_T2W10']",,,,,,,,,,,,,,,pruned,False,PRUNED
98,1.0241187384044528,2026-06-12 16:50:54.099922,2026-06-12 16:50:56.357564,0 days 00:00:02.257642,,,,,,,,,,,,,,0.0010067928375976313,QuantileRegressor,,,,,,2,,,,,,,,True,,,,,,,,,-3.4610817536586126e-16,5.191206188035441e-18,98.0,-1.704584845889129e-16,1.7564969077694835e-16,8.806858245907262e-16,1.9844674545084815,1.0142445249741316,1.033992951834774,98.0,1.0241187384044528,0.009874213430321108,0.049508084862557644,1.9844674545084815,305901430884989.9,401528566240617.5,98.0,353714998562803.7,47813567677813.836,239731314588150.56,1.9844674545084815,2.951594894990265,3.0080010646056943,98.0,2.9797979797979797,0.028203084807714742,0.14140677897022577,1.9844674545084815,0.9999999999999997,1.0000000000000002,98.0,0.9999999999999999,2.262911132565638e-16,1.1345956533961891e-15,1.9844674545084815,99.0,0.9494949494949495,-0.0054642258098899065,-0.0036532722000295315,98.0,-0.004558749004959719,0.0009054768049301877,0.004539948707398304,1.9844674545084815,QuantileRegressor,"{'mode': 'original', 'type': 'QuantileRegressor'}",2,"['z_diameter_T2W10', 'z_asp_T2W10']",-0.03174905201743804,0.014880047769519183,1.0,-0.008434502123959428,0.02331454989347861,0.0025949332113397116,12.706204736174694,1.335779145669776,1.3645398079803412,98.0,1.3501594768250587,0.014380331155282654,0.07210120180319649,1.9844674545084815,completed,True,COMPLETE
99,1.0241187384044526,2026-06-12 16:50:56.369865,2026-06-12 16:50:58.499508,0 days 00:00:02.129643,,,,,,,,,,,,,,2.944225142298256,QuantileRegressor,,,,,,6,,,,,,,,True,,,,,,,,,0.0,0.0,98.0,0.0,0.0,0.0,1.9844674545084815,1.0142445249741314,1.0339929518347737,98.0,1.0241187384044526,0.009874213430321107,0.04950808486255764,1.9844674545084815,305901430884989.94,401528566240617.56,98.0,353714998562803.75,47813567677813.83,239731314588150.53,1.9844674545084815,2.951594894990265,3.0080010646056943,98.0,2.9797979797979797,0.028203084807714735,0.14140677897022574,1.9844674545084815,1.0,1.0,98.0,1.0,0.0,0.0,1.9844674545084815,99.0,0.9393939393939394,-0.005464225809889945,-0.0036532722000295697,98.0,-0.004558749004959757,0.0009054768049301876,0.004539948707398303,1.9844674545084815,QuantileRegressor,"{'mode': 'original', 'type': 'QuantileRegressor'}",6,"['z_l2_T2W10', 'z_l3_T2W10', 'z_lsc_T2W10', 'z_density_T2W10', 'z_diameter_T2W10', 'z_asp_T2W10']",,,,,,,,1.335779145669776,1.3645398079803412,98.0,1.3501594768250587,0.014380331155282654,0.07210120180319649,1.9844674545084815,completed,True,COMPLETE
100,1.0241187384044526,2026-06-12 16:50:58.530138,2026-06-12 16:51:00.659586,0 days 00:00:02.129448,,,,,,,,,,,,,,0.8104684365724854,QuantileRegressor,,,,,,2,,,,,,,,False,,,,,,,,,0.0,0.0,98.0,0.0,0.0,0.0,1.9844674545084815,1.0142445249741314,1.0339929518347737,98.0,1.0241187384044526,0.009874213430321107,0.04950808486255764,1.9844674545084815,305901430884989.94,401528566240617.56,98.0,353714998562803.75,47813567677813.83,239731314588150.53,1.9844674545084815,2.951594894990265,3.0080010646056943,98.0,2.9797979797979797,0.028203084807714735,0.14140677897022574,1.9844674545084815,1.0,1.0,98.0,1.0,0.0,0.0,1.9844674545084815,99.0,0.9393939393939394,-0.005464225809889945,-0.0036532722000295697,98.0,-0.004558749004959757,0.0009054768049301876,0.004539948707398303,1.9844674545084815,QuantileRegressor,"{'mode': 'original', 'type': 'QuantileRegressor'}",2,"['z_diameter_T2W10', 'z_asp_T2W10']",,,,,,,,1.335779145669776,1.3645398079803412,98.0,1.3501594768250587,0.014380331155282654,0.07210120180319649,1.9844674545084815,completed,False,COMPLETE
101,1.0241187384044526,2026-06-12 16:51:00.673541,2026-06-12 16:51:03.032812,0 days 00:00:02.359271,,,,,,,,,,,,,,0.02270328595677044,QuantileRegressor,,,,,,2,,,,,,,,True,,,,,,,,,-1.0748092418241248e-17,1.7765932293510936e-18,98.0,-4.485749594445077e-18,6.262342823796171e-18,3.1398612370165e-17,1.9844674545084815,1.0142445249741314,1.0339929518347737,98.0,1.0241187384044526,0.009874213430321105,0.04950808486255763,1.9844674545084815,305901430884989.9,401528566240617.5,98.0,353714998562803.7,47813567677813.836,239731314588150.56,1.9844674545084815,2.951594894990265,3.0080010646056943,98.0,2.9797979797979797,0.028203084807714735,0.14140677897022574,1.9844674545084815,1.0,1.0,98.0,1.0,4.3831788078614874e-17,2.197671641581216e-16,1.9844674545084815,99.0,0.9393939393939394,-0.005464225809889947,-0.0036532722000295727,98.0,-0.00455874900495976,0.0009054768049301874,0.0045399487073983025,1.9844674545084815,QuantileRegressor,"{'mode': 'original', 'type': 'QuantileRegressor'}",2,"['z_diameter_T2W10', 'z_asp_T2W10']",,,,,,,,1.335779145669776,1.3645398079803412,98.0,1.3501594768250587,0.014380331155282654,0.07210120180319649,1.9844674545084815,completed,True,COMPLETE
102,1.049468817342031,2026-06-12 16:51:03.045413,2026-06-12 16:51:04.780228,0 days 00:00:01.734815,,,,0.00010124942576967697,0.009833451484924538,,,,,,,,,,ElasticNet,,,,,,2,,,,,,,,True,,,,,,,,,-0.03013133456307479,-0.019795508716162875,98.0,-0.024963421639618833,0.005167912923455957,0.025911276212757087,1.9844674545084815,1.0388943038505538,1.0600433308335082,98.0,1.049468817342031,0.010574513491477248,0.05301930275364642,1.9844674545084815,303402537390403.0,398427358242284.6,98.0,350914947816343.8,47512410425940.84,238221349375436.1,1.9844674545084815,3.091568838794434,3.164340107811768,98.0,3.127954473303101,0.03638563450866724,0.18243307112458507,1.9844674545084815,0.9531043964622915,0.9680427426236554,98.0,0.9605735695429735,0.007469173080681973,0.037449510013225315,1.9844674545084815,99.0,0.42424242424242425,-0.00981101189445358,0.0051268502381120965,98.0,-0.0023420808281707415,0.007468931066282838,0.03744829658296124,1.9844674545084815,ElasticNet,"{'mode': 'original', 'type': 'ElasticNet'}",2,"['z_diameter_T2W10', 'z_asp_T2W10']",0.10229544553607431,0.15122244223593637,98.0,0.12675894388600534,0.024463498349931036,0.12265695499596249,1.9844674545084815,1.3339475306118405,1.3624254347797433,98.0,1.3481864826957919,0.014238952083951508,0.07139234462579756,1.9844674545084815,completed,True,COMPLETE
103,1.0241187384044526,2026-06-12 16:51:04.792676,2026-06-12 16:51:07.210584,0 days 00:00:02.417908,,,,,,,,,,,,,,0.04728253618875953,QuantileRegressor,,,,,,2,,,,,,,,True,,,,,,,,,-6.693786836847978e-18,2.2080372424029e-18,98.0,-2.2428747972225387e-18,4.450912039625439e-18,2.2316322462394838e-17,1.9844674545084815,1.0142445249741314,1.0339929518347737,98.0,1.0241187384044526,0.009874213430321107,0.04950808486255764,1.9844674545084815,305901430884989.94,401528566240617.56,98.0,353714998562803.75,47813567677813.83,239731314588150.53,1.9844674545084815,2.951594894990265,3.0080010646056943,98.0,2.9797979797979797,0.028203084807714735,0.14140677897022574,1.9844674545084815,1.0,1.0,98.0,1.0,2.530629464625093e-17,1.2688263138573217e-16,1.9844674545084815,99.0,0.9393939393939394,-0.005464225809889953,-0.0036532722000295753,98.0,-0.004558749004959764,0.000905476804930189,0.00453994870739831,1.9844674545084815,QuantileRegressor,"{'mode': 'original', 'type': 'QuantileRegressor'}",2,"['z_diameter_T2W10', 'z_asp_T2W10']",,,,,,,,1.335779145669776,1.3645398079803412,98.0,1.3501594768250587,0.014380331155282654,0.07210120180319649,1.9844674545084815,completed,True,COMPLETE
104,1.0241187384044526,2026-06-12 16:51:07.310803,2026-06-12 16:51:09.385430,0 days 00:00:02.074627,,,,,,,,,,,,,,1.0231256325504978,QuantileRegressor,,,,,,3,,,,,,,,True,,,,,,,,,0.0,0.0,98.0,0.0,0.0,0.0,1.9844674545084815,1.0142445249741314,1.0339929518347737,98.0,1.0241187384044526,0.009874213430321107,0.04950808486255764,1.9844674545084815,305901430884989.94,401528566240617.56,98.0,353714998562803.75,47813567677813.83,239731314588150.53,1.9844674545084815,2.951594894990265,3.0080010646056943,98.0,2.9797979797979797,0.028203084807714735,0.14140677897022574,1.9844674545084815,1.0,1.0,98.0,1.0,0.0,0.0,1.9844674545084815,99.0,0.9393939393939394,-0.005464225809889945,-0.0036532722000295697,98.0,-0.004558749004959757,0.0009054768049301876,0.004539948707398303,1.9844674545084815,QuantileRegressor,"{'mode': 'original', 'type': 'QuantileRegressor'}",3,"['z_density_T2W10', 'z_diameter_T2W10', 'z_asp_T2W10']",,,,,,,,1.335779145669776,1.3645398079803412,98.0,1.3501594768250587,0.014380331155282654,0.07210120180319649,1.9844674545084815,completed,True,COMPLETE
105,1.4753094996724812,2026-06-12 16:51:09.398000,2026-06-12 16:51:11.013350,0 days 00:00:01.615350,,,,,,,,,,,,,,,XGBRegressor,,,,,,2,,,,,,,,True,gbtree,0.7852213001579419,0.03716076684276373,6.0,324.0,1.5229574582534085e-05,0.0018260870325659275,0.9861206569858345,,,,,,,,,,,,,,,,,,,,,,,,,,,,,,,,,,,,,,,,,,,,,XGBRegressor,"{'mode': 'original', 'type': 'XGBRegressor'}",2,"['z_diameter_T2W10', 'z_asp_T2W10']",,,,,,,,,,,,,,,pruned,True,PRUNED
106,1.0241187384044526,2026-06-12 16:51:11.023941,2026-06-12 16:51:13.153141,0 days 00:00:02.129200,,,,,,,,,,,,,,0.11831957320146606,QuantileRegressor,,,,,,2,,,,,,,,True,,,,,,,,,0.0,0.0,98.0,0.0,0.0,0.0,1.9844674545084815,1.0142445249741314,1.0339929518347737,98.0,1.0241187384044526,0.009874213430321107,0.04950808486255764,1.9844674545084815,305901430884989.94,401528566240617.56,98.0,353714998562803.75,47813567677813.83,239731314588150.53,1.9844674545084815,2.951594894990265,3.0080010646056943,98.0,2.9797979797979797,0.028203084807714735,0.14140677897022574,1.9844674545084815,1.0,1.0,98.0,1.0,0.0,0.0,1.9844674545084815,99.0,0.9393939393939394,-0.005464225809889945,-0.0036532722000295697,98.0,-0.004558749004959757,0.0009054768049301876,0.004539948707398303,1.9844674545084815,QuantileRegressor,"{'mode': 'original', 'type': 'QuantileRegressor'}",2,"['z_diameter_T2W10', 'z_asp_T2W10']",,,,,,,,1.335779145669776,1.3645398079803412,98.0,1.3501594768250587,0.014380331155282654,0.07210120180319649,1.9844674545084815,completed,True,COMPLETE
107,1.0241187384044526,2026-06-12 16:51:13.166199,2026-06-12 16:51:15.257164,0 days 00:00:02.090965,,,,,,,,,,,,,,0.014558242317710942,QuantileRegressor,,,,,,2,,,,,,,,True,,,,,,,,,-4.144184165578987e-17,-1.2387153477551054e-17,98.0,-2.6914497566670462e-17,1.4527344089119408e-17,7.283830647038281e-17,1.9844674545084815,1.0142445249741314,1.0339929518347737,98.0,1.0241187384044526,0.009874213430321101,0.049508084862557616,1.9844674545084815,305901430884989.94,401528566240617.56,98.0,353714998562803.75,47813567677813.83,239731314588150.53,1.9844674545084815,2.951594894990265,3.0080010646056943,98.0,2.9797979797979797,0.028203084807714735,0.14140677897022574,1.9844674545084815,1.0,1.0,98.0,1.0,4.981549082666069e-17,2.4976870965164834e-16,1.9844674545084815,99.0,0.9393939393939394,-0.005464225809889948,-0.003653272200029575,98.0,-0.004558749004959762,0.0009054768049301869,0.0045399487073983,1.9844674545084815,QuantileRegressor,"{'mode': 'original', 'type': 'QuantileRegressor'}",2,"['z_diameter_T2W10', 'z_asp_T2W10']",,,,,,,,1.335779145669776,1.3645398079803412,98.0,1.3501594768250587,0.014380331155282654,0.07210120180319649,1.9844674545084815,completed,True,COMPLETE
108,1.0307410852465109,2026-06-12 16:51:15.284397,2026-06-12 16:51:33.170460,0 days 00:00:17.886063,,,,,,18.0,log2,4.0,7.0,322.0,,,,,ExtraTreesRegressor,,,,,,3,,,,,,,,False,,,,,,,,,-0.008502982689645638,-0.004502722213862949,98.0,-0.006502852451754294,0.002000130237891345,0.010028405629720332,1.9844674545084815,1.0207476979793944,1.0407344725136274,98.0,1.0307410852465109,0.009993387267116516,0.050105607740415045,1.9844674545084815,298702396669939.6,392831048299093.5,98.0,345766722484516.56,47064325814576.914,235974708554721.12,1.9844674545084815,3.0426157068088426,3.1108230235185697,98.0,3.076719365163706,0.03410365835486371,0.17099152493216455,1.9844674545084815,0.9802682882554246,0.9872901814379051,98.0,0.9837792348466649,0.00351094659124029,0.01760345196238878,1.9844674545084815,99.0,0.26262626262626265,0.004997659867370396,0.011183593455081995,98.0,0.008090626661226195,0.003092966793855799,0.01550775295549856,1.9844674545084815,ExtraTreesRegressor,"{'mode': 'original', 'type': 'ExtraTreesRegressor'}",3,"['z_pe_T2W10', 'z_l2_T2W10', 'z_l3_T2W10']",0.10351770639031431,0.15438437202354516,98.0,0.12895103920692974,0.025433332816615428,0.12751958505941685,1.9844674545084815,1.3272071230063693,1.3559492114521954,98.0,1.3415781672292824,0.014371044222912991,0.07205463827293511,1.9844674545084815,completed,False,COMPLETE
109,1.0241187384044526,2026-06-12 16:51:33.183300,2026-06-12 16:51:36.263996,0 days 00:00:03.080696,,,,,,,,,,,,,,0.402872178789061,QuantileRegressor,,,,,,5,,,,,,,,True,,,,,,,,,0.0,0.0,98.0,0.0,0.0,0.0,1.9844674545084815,1.0142445249741314,1.0339929518347737,98.0,1.0241187384044526,0.009874213430321107,0.04950808486255764,1.9844674545084815,305901430884989.94,401528566240617.56,98.0,353714998562803.75,47813567677813.83,239731314588150.53,1.9844674545084815,2.951594894990265,3.0080010646056943,98.0,2.9797979797979797,0.028203084807714735,0.14140677897022574,1.9844674545084815,1.0,1.0,98.0,1.0,0.0,0.0,1.9844674545084815,99.0,0.9393939393939394,-0.005464225809889945,-0.0036532722000295697,98.0,-0.004558749004959757,0.0009054768049301876,0.004539948707398303,1.9844674545084815,QuantileRegressor,"{'mode': 'original', 'type': 'QuantileRegressor'}",5,"['z_l3_T2W10', 'z_lsc_T2W10', 'z_density_T2W10', 'z_diameter_T2W10', 'z_asp_T2W10']",,,,,,,,1.335779145669776,1.3645398079803412,98.0,1.3501594768250587,0.014380331155282654,0.07210120180319649,1.9844674545084815,completed,True,COMPLETE
110,1.0241187384044526,2026-06-12 16:51:36.277073,2026-06-12 16:51:39.226828,0 days 00:00:02.949755,,,,,,,,,,,,,,0.0389088304841674,QuantileRegressor,,,,,,3,,,,,,,,True,,,,,,,,,-1.0748092418241248e-17,1.7765932293510936e-18,98.0,-4.485749594445077e-18,6.262342823796171e-18,3.1398612370165e-17,1.9844674545084815,1.0142445249741314,1.0339929518347737,98.0,1.0241187384044526,0.009874213430321105,0.04950808486255763,1.9844674545084815,305901430884989.94,401528566240617.56,98.0,353714998562803.75,47813567677813.83,239731314588150.53,1.9844674545084815,2.951594894990265,3.0080010646056943,98.0,2.9797979797979797,0.028203084807714735,0.14140677897022574,1.9844674545084815,1.0,1.0,98.0,1.0,2.9674260807877655e-17,1.4878307347487627e-16,1.9844674545084815,99.0,0.9393939393939394,-0.005464225809889947,-0.0036532722000295727,98.0,-0.00455874900495976,0.0009054768049301873,0.004539948707398302,1.9844674545084815,QuantileRegressor,"{'mode': 'original', 'type': 'QuantileRegressor'}",3,"['z_density_T2W10', 'z_diameter_T2W10', 'z_asp_T2W10']",,,,,,,,1.335779145669776,1.3645398079803412,98.0,1.3501594768250587,0.014380331155282654,0.07210120180319649,1.9844674545084815,completed,True,COMPLETE
111,1.0241187384044526,2026-06-12 16:51:39.239961,2026-06-12 16:51:42.324087,0 days 00:00:03.084126,,,,,,,,,,,,,,0.005747027091382797,QuantileRegressor,,,,,,2,,,,,,,,False,,,,,,,,,-2.407794711318563e-17,-2.8365504534848316e-18,98.0,-1.3457248783335231e-17,1.06206983298504e-17,5.3250867820947893e-17,1.9844674545084815,1.0142445249741314,1.0339929518347737,98.0,1.0241187384044526,0.009874213430321105,0.04950808486255763,1.9844674545084815,305901430884989.94,401528566240617.56,98.0,353714998562803.75,47813567677813.83,239731314588150.53,1.9844674545084815,2.951594894990265,3.0080010646056943,98.0,2.9797979797979797,0.028203084807714735,0.14140677897022574,1.9844674545084815,1.0,1.0,98.0,1.0,4.3831788078614874e-17,2.197671641581216e-16,1.9844674545084815,99.0,0.9494949494949495,-0.005464225809889946,-0.0036532722000295736,98.0,-0.00455874900495976,0.0009054768049301865,0.004539948707398298,1.9844674545084815,QuantileRegressor,"{'mode': 'original', 'type': 'QuantileRegressor'}",2,"['z_diameter_T2W10', 'z_asp_T2W10']",,,,,,,,1.335779145669776,1.3645398079803412,98.0,1.3501594768250587,0.014380331155282654,0.07210120180319649,1.9844674545084815,completed,False,COMPLETE
