number,value,datetime_start,datetime_complete,duration,params_dt_max_depth,params_dt_min_samples_leaf,params_dt_min_samples_split,params_elastic_alpha,params_elastic_l1_ratio,params_et_max_depth,params_et_max_features,params_et_min_samples_leaf,params_et_min_samples_split,params_et_n_estimators,params_knn_metric,params_knn_n_neighbors,params_knn_weights,params_quantile_alpha,params_regressor,params_rf_max_depth,params_rf_max_features,params_rf_min_samples_leaf,params_rf_min_samples_split,params_rf_n_estimators,params_rfe_n_features,params_rfe_proxy_et_max_depth,params_rfe_proxy_et_min_samples_leaf,params_rfe_proxy_et_min_samples_split,params_rfe_proxy_et_n_estimators,params_rfe_proxy_lsvr_C,params_rfe_proxy_lsvr_epsilon,params_rfe_proxy_type,params_use_scaler,params_xgb_booster,params_xgb_colsample_bytree,params_xgb_learning_rate,params_xgb_max_depth,params_xgb_n_estimators,params_xgb_reg_alpha,params_xgb_reg_lambda,params_xgb_subsample,user_attrs_d2mae_ci_lower_val,user_attrs_d2mae_ci_upper_val,user_attrs_d2mae_df_val,user_attrs_d2mae_mean_val,user_attrs_d2mae_samperror_val,user_attrs_d2mae_std_val,user_attrs_d2mae_t_critical_val,user_attrs_mae_ci_lower_val,user_attrs_mae_ci_upper_val,user_attrs_mae_df_val,user_attrs_mae_mean_val,user_attrs_mae_samperror_val,user_attrs_mae_std_val,user_attrs_mae_t_critical_val,user_attrs_mape_ci_lower_val,user_attrs_mape_ci_upper_val,user_attrs_mape_df_val,user_attrs_mape_mean_val,user_attrs_mape_samperror_val,user_attrs_mape_std_val,user_attrs_mape_t_critical_val,user_attrs_max_error_ci_lower_val,user_attrs_max_error_ci_upper_val,user_attrs_max_error_df_val,user_attrs_max_error_mean_val,user_attrs_max_error_samperror_val,user_attrs_max_error_std_val,user_attrs_max_error_t_critical_val,user_attrs_median_ae_ci_lower_val,user_attrs_median_ae_ci_upper_val,user_attrs_median_ae_df_val,user_attrs_median_ae_mean_val,user_attrs_median_ae_samperror_val,user_attrs_median_ae_std_val,user_attrs_median_ae_t_critical_val,user_attrs_n_splits_val,user_attrs_r2_below_zero_val,user_attrs_r2_ci_lower_val,user_attrs_r2_ci_upper_val,user_attrs_r2_df_val,user_attrs_r2_mean_val,user_attrs_r2_samperror_val,user_attrs_r2_std_val,user_attrs_r2_t_critical_val,user_attrs_regressor_final,user_attrs_rfe_estimator,user_attrs_rfe_n_features,user_attrs_rfe_selected_features,user_attrs_rho_ci_lower_val,user_attrs_rho_ci_upper_val,user_attrs_rho_df_val,user_attrs_rho_mean_val,user_attrs_rho_samperror_val,user_attrs_rho_std_val,user_attrs_rho_t_critical_val,user_attrs_rmse_ci_lower_val,user_attrs_rmse_ci_upper_val,user_attrs_rmse_df_val,user_attrs_rmse_mean_val,user_attrs_rmse_samperror_val,user_attrs_rmse_std_val,user_attrs_rmse_t_critical_val,user_attrs_termination_reason,user_attrs_use_scaler_final,state
27,1.0241187384044526,2026-06-12 16:46:07.603531,2026-06-12 16:46:10.312862,0 days 00:00:02.709331,,,,,,,,,,,,,,0.45352002752156084,QuantileRegressor,,,,,,2,,,,,,,,True,,,,,,,,,0.0,0.0,98.0,0.0,0.0,0.0,1.9844674545084815,1.0142445249741314,1.0339929518347737,98.0,1.0241187384044526,0.009874213430321107,0.04950808486255764,1.9844674545084815,305901430884989.94,401528566240617.56,98.0,353714998562803.75,47813567677813.83,239731314588150.53,1.9844674545084815,2.951594894990265,3.0080010646056943,98.0,2.9797979797979797,0.028203084807714735,0.14140677897022574,1.9844674545084815,1.0,1.0,98.0,1.0,0.0,0.0,1.9844674545084815,99.0,0.9393939393939394,-0.005464225809889945,-0.0036532722000295697,98.0,-0.004558749004959757,0.0009054768049301876,0.004539948707398303,1.9844674545084815,QuantileRegressor,"{'mode': 'original', 'type': 'QuantileRegressor'}",2,"['z_diameter_T2W10', 'z_asp_T2W10']",,,,,,,,1.335779145669776,1.3645398079803412,98.0,1.3501594768250587,0.014380331155282654,0.07210120180319649,1.9844674545084815,completed,True,COMPLETE
28,1.0241187384044528,2026-06-12 16:46:10.325338,2026-06-12 16:46:13.321384,0 days 00:00:02.996046,,,,,,,,,,,,,,0.00015534948867460826,QuantileRegressor,,,,,,3,,,,,,,,True,,,,,,,,,-5.296413437742825e-16,3.62088883853241e-17,98.0,-2.4671622769447924e-16,2.8292511607980334e-16,1.4185515388613965e-15,1.9844674545084815,1.0142445249741316,1.033992951834774,98.0,1.0241187384044528,0.009874213430321086,0.04950808486255753,1.9844674545084815,305901430884989.94,401528566240617.56,98.0,353714998562803.75,47813567677813.83,239731314588150.53,1.9844674545084815,2.951594894990265,3.0080010646056943,98.0,2.9797979797979797,0.028203084807714742,0.14140677897022577,1.9844674545084815,0.9999999999999998,1.0000000000000002,98.0,1.0,1.8423260591521802e-16,9.237194995292035e-16,1.9844674545084815,99.0,0.9494949494949495,-0.005464225809890072,-0.0036532722000297215,98.0,-0.004558749004959897,0.0009054768049301755,0.004539948707398243,1.9844674545084815,QuantileRegressor,"{'mode': 'original', 'type': 'QuantileRegressor'}",3,"['z_density_T2W10', 'z_diameter_T2W10', 'z_asp_T2W10']",-1.6928619091672614,1.0595769639939838,1.0,-0.3166424725866388,1.3762194365806226,0.15317462864994855,12.706204736174694,1.3357791456697765,1.3645398079803417,98.0,1.350159476825059,0.014380331155282648,0.07210120180319646,1.9844674545084815,completed,True,COMPLETE
29,1.0241187384044526,2026-06-12 16:46:13.333770,2026-06-12 16:46:16.365489,0 days 00:00:03.031719,,,,,,,,,,,,,,0.005102223829745214,QuantileRegressor,,,,,,2,,,,,,,,False,,,,,,,,,-1.773601183824192e-17,-2.069865395383882e-19,98.0,-8.971499188890155e-18,8.764512649351766e-18,4.394418239843093e-17,1.9844674545084815,1.0142445249741314,1.0339929518347737,98.0,1.0241187384044526,0.009874213430321105,0.04950808486255763,1.9844674545084815,305901430884989.94,401528566240617.56,98.0,353714998562803.75,47813567677813.83,239731314588150.53,1.9844674545084815,2.951594894990265,3.0080010646056943,98.0,2.9797979797979797,0.02820308480771473,0.14140677897022572,1.9844674545084815,1.0,1.0,98.0,1.0,4.9005428859573887e-17,2.4570715913995763e-16,1.9844674545084815,99.0,0.9393939393939394,-0.005464225809889952,-0.003653272200029577,98.0,-0.004558749004959764,0.0009054768049301874,0.0045399487073983025,1.9844674545084815,QuantileRegressor,"{'mode': 'original', 'type': 'QuantileRegressor'}",2,"['z_diameter_T2W10', 'z_asp_T2W10']",,,,,,,,1.335779145669776,1.3645398079803412,98.0,1.3501594768250587,0.014380331155282654,0.07210120180319649,1.9844674545084815,completed,False,COMPLETE
30,1.0322546155348042,2026-06-12 16:46:16.385759,2026-06-12 16:46:19.210964,0 days 00:00:02.825205,,,,,,,,,,,,,,,XGBRegressor,,,,,,4,,,,,,,,True,gblinear,0.9877207939898166,0.1487630406578026,10.0,50.0,5.092222138472368,0.0003486811621842339,0.5266320477783109,-0.008774531982420907,-0.007307395191586379,98.0,-0.008040963587003644,0.0007335683954172641,0.003678021204330714,1.9844674545084815,1.0226964226361202,1.0418128084334883,98.0,1.0322546155348042,0.009558192898684145,0.04792359700344879,1.9844674545084815,302668407253070.94,397512384082594.7,98.0,350090395667832.8,47421988414761.89,237767984595093.75,1.9844674545084815,2.9843886289330026,3.041620078171305,98.0,3.013004353552154,0.028615724619151208,0.14347570394804063,1.9844674545084815,0.9620448076408356,0.970090798412064,98.0,0.9660678030264498,0.00402299538561427,0.020170801285403456,1.9844674545084815,99.0,1.0,-0.0040202123394057305,-0.002354627538143285,98.0,-0.0031874199387745077,0.0008327924006312226,0.004175518094103307,1.9844674545084815,XGBRegressor,"{'mode': 'original', 'type': 'XGBRegressor'}",4,"['z_lsc_T2W10', 'z_density_T2W10', 'z_diameter_T2W10', 'z_asp_T2W10']",,,,,,,,1.3349089634477194,1.3635379654286948,98.0,1.349223464438207,0.014314500990487639,0.0717711374990181,1.9844674545084815,completed,True,COMPLETE
31,1.0241187384044526,2026-06-12 16:46:19.224004,2026-06-12 16:46:22.618973,0 days 00:00:03.394969,,,,,,,,,,,,,,0.015047289736509472,QuantileRegressor,,,,,,2,,,,,,,,True,,,,,,,,,-4.002433992904942e-17,-9.318905609846419e-18,98.0,-2.4671622769447922e-17,1.5352717159601503e-17,7.697662496076695e-17,1.9844674545084815,1.0142445249741314,1.0339929518347737,98.0,1.0241187384044526,0.009874213430321103,0.04950808486255762,1.9844674545084815,305901430884989.94,401528566240617.56,98.0,353714998562803.75,47813567677813.83,239731314588150.53,1.9844674545084815,2.951594894990265,3.0080010646056943,98.0,2.9797979797979797,0.02820308480771473,0.14140677897022572,1.9844674545084815,1.0,1.0,98.0,1.0,5.061258929250186e-17,2.5376526277146434e-16,1.9844674545084815,99.0,0.9393939393939394,-0.005464225809889949,-0.0036532722000295744,98.0,-0.004558749004959762,0.0009054768049301873,0.004539948707398302,1.9844674545084815,QuantileRegressor,"{'mode': 'original', 'type': 'QuantileRegressor'}",2,"['z_diameter_T2W10', 'z_asp_T2W10']",,,,,,,,1.335779145669776,1.3645398079803412,98.0,1.3501594768250587,0.014380331155282654,0.07210120180319649,1.9844674545084815,completed,True,COMPLETE
32,1.0241187384044526,2026-06-12 16:46:22.631500,2026-06-12 16:46:25.876514,0 days 00:00:03.245014,,,,,,,,,,,,,,0.2101785968295445,QuantileRegressor,,,,,,2,,,,,,,,True,,,,,,,,,0.0,0.0,98.0,0.0,0.0,0.0,1.9844674545084815,1.0142445249741314,1.0339929518347737,98.0,1.0241187384044526,0.009874213430321107,0.04950808486255764,1.9844674545084815,305901430884989.94,401528566240617.56,98.0,353714998562803.75,47813567677813.83,239731314588150.53,1.9844674545084815,2.951594894990265,3.0080010646056943,98.0,2.9797979797979797,0.028203084807714735,0.14140677897022574,1.9844674545084815,1.0,1.0,98.0,1.0,0.0,0.0,1.9844674545084815,99.0,0.9393939393939394,-0.005464225809889945,-0.0036532722000295697,98.0,-0.004558749004959757,0.0009054768049301876,0.004539948707398303,1.9844674545084815,QuantileRegressor,"{'mode': 'original', 'type': 'QuantileRegressor'}",2,"['z_diameter_T2W10', 'z_asp_T2W10']",,,,,,,,1.335779145669776,1.3645398079803412,98.0,1.3501594768250587,0.014380331155282654,0.07210120180319649,1.9844674545084815,completed,True,COMPLETE
33,1.0477789171559069,2026-06-12 16:46:25.955931,2026-06-12 16:46:28.567053,0 days 00:00:02.611122,,,,0.0015982363229020825,0.041994011296772604,,,,,,,,,,ElasticNet,,,,,,2,,,,,,,,True,,,,,,,,,-0.02800721104519939,-0.018566564453460742,98.0,-0.023286887749330066,0.004720323295869325,0.023667117179480154,1.9844674545084815,1.0373303360008084,1.0582274983110054,98.0,1.0477789171559069,0.010448581155098413,0.05238789359479246,1.9844674545084815,303414349049593.5,398418769765808.25,98.0,350916559407700.9,47502210358107.39,238170207496899.03,1.9844674545084815,3.076999184835318,3.147428575776948,98.0,3.112213880306133,0.035214695470814884,0.17656212761460757,1.9844674545084815,0.9566397027612646,0.969819343440962,98.0,0.9632295231011133,0.0065898203398486255,0.03304054413209343,1.9844674545084815,99.0,0.43434343434343436,-0.008952457889174505,0.004360449032182429,98.0,-0.0022960044284960385,0.006656453460678467,0.033374634358518035,1.9844674545084815,ElasticNet,"{'mode': 'original', 'type': 'ElasticNet'}",2,"['z_diameter_T2W10', 'z_asp_T2W10']",0.09660093218532284,0.14627866864983677,98.0,0.1214398004175798,0.02483886823225697,0.12453901315889168,1.9844674545084815,1.3340112716704822,1.3624898711624562,98.0,1.3482505714164692,0.014239299745986995,0.07139408776024345,1.9844674545084815,completed,True,COMPLETE
34,1.028597267872706,2026-06-12 16:46:28.582661,2026-06-12 16:46:54.313631,0 days 00:00:25.730970,,,,,,2.0,sqrt,1.0,7.0,495.0,,,,,ExtraTreesRegressor,,,,,,3,,,,,,,,True,,,,,,,,,-0.006463856243278823,-0.002341258624896926,98.0,-0.004402557434087875,0.0020612988091909487,0.010335097280674823,1.9844674545084815,1.0185792267218252,1.0386153090235868,98.0,1.028597267872706,0.010018041150880813,0.050229219264331104,1.9844674545084815,297529135153711.2,391305837875758.7,98.0,344417486514734.94,46888351361023.73,235092394409738.12,1.9844674545084815,3.03490401786479,3.1081297453788914,98.0,3.0715168816218408,0.03661286375705075,0.18357237047147593,1.9844674545084815,0.9886328308473982,0.9934116823686256,98.0,0.9910222566080119,0.0023894257606137787,0.01198028523122589,1.9844674545084815,99.0,0.2727272727272727,0.004050627327981686,0.010345276184336857,98.0,0.007197951756159272,0.003147324428177585,0.015780295410846655,1.9844674545084815,ExtraTreesRegressor,"{'mode': 'original', 'type': 'ExtraTreesRegressor'}",3,"['z_pe_T2W10', 'z_l2_T2W10', 'z_l3_T2W10']",0.06675874576826774,0.12383626378453907,98.0,0.0952975047764034,0.02853875900813567,0.14308980789378328,1.9844674545084815,1.3278163576604654,1.3565324784463801,98.0,1.3421744180534227,0.014358060392957355,0.0719895389554228,1.9844674545084815,completed,True,COMPLETE
35,1.0241187384044526,2026-06-12 16:46:54.344401,2026-06-12 16:46:57.784247,0 days 00:00:03.439846,,,,,,,,,,,,,,0.013779363544085906,QuantileRegressor,,,,,,2,,,,,,,,False,,,,,,,,,-1.4358759316739795e-17,9.015105334045643e-19,98.0,-6.7286243916676156e-18,7.63013492507218e-18,3.8256552792676865e-17,1.9844674545084815,1.0142445249741314,1.0339929518347737,98.0,1.0241187384044526,0.009874213430321105,0.04950808486255763,1.9844674545084815,305901430884989.94,401528566240617.56,98.0,353714998562803.75,47813567677813.83,239731314588150.53,1.9844674545084815,2.951594894990265,3.0080010646056943,98.0,2.9797979797979797,0.028203084807714735,0.14140677897022574,1.9844674545084815,1.0,1.0,98.0,1.0,3.0993754581920257e-17,1.5539885205834496e-16,1.9844674545084815,99.0,0.9393939393939394,-0.005464225809889947,-0.0036532722000295727,98.0,-0.00455874900495976,0.0009054768049301874,0.0045399487073983025,1.9844674545084815,QuantileRegressor,"{'mode': 'original', 'type': 'QuantileRegressor'}",2,"['z_diameter_T2W10', 'z_asp_T2W10']",,,,,,,,1.335779145669776,1.3645398079803412,98.0,1.3501594768250587,0.014380331155282654,0.07210120180319649,1.9844674545084815,completed,False,COMPLETE
36,1.0566352011918114,2026-06-12 16:46:57.821601,2026-06-12 16:47:00.194659,0 days 00:00:02.373058,,,,,,,,,,,,,,,LinearRegression,,,,,,3,,,,,,,,True,,,,,,,,,-0.03798787535892419,-0.025822446708555036,98.0,-0.03190516103373962,0.006082714325184579,0.03049797729520417,1.9844674545084815,1.0452835808153342,1.0679868215682886,98.0,1.0566352011918114,0.011351620376477203,0.05691562055975286,1.9844674545084815,306619953000464.56,403091344569276.8,98.0,354855648784870.7,48235695784406.12,241847812704331.3,1.9844674545084815,3.1348621545793334,3.2132923714128614,98.0,3.1740772629960974,0.03921510841676405,0.1966197033406049,1.9844674545084815,0.9498574261743359,0.9663771378015752,98.0,0.9581172819879555,0.008259855813619632,0.04141389544178331,1.9844674545084815,99.0,0.5757575757575758,-0.023641460919884713,-0.005536935726992355,98.0,-0.014589198323438534,0.009052262596446179,0.0453869250432477,1.9844674545084815,LinearRegression,"{'mode': 'original', 'type': 'LinearRegression'}",3,"['z_l2_T2W10', 'z_diameter_T2W10', 'z_asp_T2W10']",0.060975144422199555,0.10968036920374594,98.0,0.08532775681297275,0.024352612390773194,0.12210098651150632,1.9844674545084815,1.3413572157423364,1.371432702782112,98.0,1.3563949592622242,0.015037743519887887,0.07539738608827853,1.9844674545084815,completed,True,COMPLETE
37,1.1025667376951718,2026-06-12 16:47:00.273771,2026-06-12 16:47:03.040403,0 days 00:00:02.766632,3.0,1.0,19.0,,,,,,,,,,,,DecisionTreeRegressor,,,,,,2,,,,,,,,False,,,,,,,,,-0.09239136302680843,-0.06227442930937863,98.0,-0.07733289616809354,0.015058466858714903,0.07550129034602254,1.9844674545084815,1.0857155779982,1.1194178973921436,98.0,1.1025667376951718,0.016851159696971804,0.08448963051055511,1.9844674545084815,277975841189923.94,367761824016691.3,98.0,322868832603307.6,44892991413383.68,225087906425331.7,1.9844674545084815,3.323069838907299,3.55871786250669,98.0,3.4408938507069946,0.11782401179969546,0.5907550222799488,1.9844674545084815,0.9843536617649703,1.0253859665000307,98.0,1.0048698141325005,0.02051615236753021,0.10286545046168985,1.9844674545084815,99.0,0.7373737373737373,-0.13860366349662928,-0.07893735660975906,98.0,-0.10877051005319417,0.029833153443435116,0.14957974149716738,1.9844674545084815,DecisionTreeRegressor,"{'mode': 'original', 'type': 'DecisionTreeRegressor'}",2,"['z_l2_T2W10', 'z_l3_T2W10']",0.0648093533046757,0.1258639510964037,98.0,0.0953366522005397,0.030527298895864,0.15306010094132108,1.9844674545084815,1.393788647356358,1.434444258959052,98.0,1.414116453157705,0.020327805801346997,0.10192110407420585,1.9844674545084815,completed,False,COMPLETE
38,1.0531960116052397,2026-06-12 16:47:03.059880,2026-06-12 16:47:42.824362,0 days 00:00:39.764482,,,,,,,,,,,,,,,RandomForestRegressor,2.0,sqrt,1.0,2.0,479.0,4,,,,,,,,True,,,,,,,,,-0.034322012800775556,-0.022629200474714575,98.0,-0.028475606637745066,0.0058464061630304895,0.029313157397579243,1.9844674545084815,1.0417310143289389,1.0646610088815405,98.0,1.0531960116052397,0.011464997276300811,0.057484078312618994,1.9844674545084815,290023572130642.4,382060783455435.75,98.0,336042177793039.06,46018605662396.664,230731597049996.1,1.9844674545084815,3.130459937041777,3.252895907192412,98.0,3.1916779221170946,0.06121798507531757,0.3069394055142526,1.9844674545084815,0.9757207657150178,0.9907367906611526,98.0,0.9832287781880852,0.007508012473067397,0.037644245922854654,1.9844674545084815,99.0,0.5555555555555556,-0.019161604179170146,-0.0008872448231084448,98.0,-0.010024424501139296,0.00913717967803085,0.04581268878747314,1.9844674545084815,RandomForestRegressor,"{'mode': 'original', 'type': 'RandomForestRegressor'}",4,"['z_pe_T2W10', 'z_l2_T2W10', 'z_l3_T2W10', 'z_density_T2W10']",0.008466680620296554,0.06525843628421936,98.0,0.03686255845225796,0.028395877831961402,0.1423734193484865,1.9844674545084815,1.3382496586119443,1.3684115068202116,98.0,1.353330582716078,0.015080924104133572,0.0756138881969615,1.9844674545084815,completed,True,COMPLETE
39,1.0383967579996327,2026-06-12 16:47:42.894447,2026-06-12 16:47:45.827310,0 days 00:00:02.932863,,,,0.03879333454329101,0.5262173782558855,,,,,,,,,,ElasticNet,,,,,,3,,,,,,,,False,,,,,,,,,-0.01634054662574715,-0.011698963533089878,98.0,-0.014019755079418513,0.0023207915463286364,0.011636161769718607,1.9844674545084815,1.0284489989981411,1.0483445170011243,98.0,1.0383967579996327,0.009947759001491493,0.04987683326003382,1.9844674545084815,304003749473500.06,399393347188450.7,98.0,351698548330975.4,47694798857475.305,239135822412714.06,1.9844674545084815,3.0052095285282747,3.065315802937589,98.0,3.035262665732932,0.030053137204657077,0.15068271286757728,1.9844674545084815,0.9710283015311508,0.9789273766721595,98.0,0.9749778391016551,0.003949537570504334,0.019802492885960397,1.9844674545084815,99.0,0.8686868686868687,-0.013308229119770063,-0.007217412995998026,98.0,-0.010262821057884045,0.003045408061886019,0.015269299355631526,1.9844674545084815,ElasticNet,"{'mode': 'original', 'type': 'ElasticNet'}",3,"['z_l2_T2W10', 'z_lsc_T2W10', 'z_asp_T2W10']",-0.05558278260438118,-0.00194338261039061,78.0,-0.028763082607385894,0.026819699996995284,0.1197373276540309,1.9908470688116906,1.3394954072722203,1.3683547037545374,98.0,1.3539250555133788,0.014429648241158539,0.0723484715720694,1.9844674545084815,completed,False,COMPLETE
40,1.099288200128536,2026-06-12 16:47:45.840436,2026-06-12 16:47:48.244534,0 days 00:00:02.404098,,,,,,,,,,,manhattan,17.0,uniform,,KNeighborsRegressor,,,,,,2,,,,,0.001626177801572578,0.00034732124654332394,LinearSVR,,,,,,,,,,-0.0813271371549077,-0.06624971246122598,98.0,-0.07378842480806684,0.007538712346840861,0.037798171292887595,1.9844674545084815,1.0876326784149228,1.1109437218421492,98.0,1.099288200128536,0.011655521713613212,0.05843934427657808,1.9844674545084815,285934239833333.4,376496350342181.6,98.0,331215295087757.5,45281055254424.12,227033610527222.38,1.9844674545084815,3.091255363616129,3.1891962109530927,98.0,3.140225787284611,0.04897042366848171,0.2455316474413853,1.9844674545084815,0.9534620064210201,0.9918737036205721,98.0,0.9726678550207961,0.019205848599776004,0.0962957494330992,1.9844674545084815,99.0,0.8181818181818182,-0.06012442049699038,-0.035760019390361206,98.0,-0.04794221994367579,0.012182200553314586,0.061080046837369395,1.9844674545084815,KNeighborsRegressor,"{'mode': 'proxy', 'type': 'LinearSVR'}",2,"['z_re_T2W10', 'z_l3_T2W10']",-0.030126543284568656,0.019449195006318133,98.0,-0.005338674139125262,0.024787869145443394,0.12428331004535288,1.9844674545084815,1.3633316039552816,1.3923508889996878,98.0,1.3778412464774847,0.014509642522203027,0.07274955300325546,1.9844674545084815,completed,True,COMPLETE
41,1.0241187384044526,2026-06-12 16:47:48.257092,2026-06-12 16:47:50.562536,0 days 00:00:02.305444,,,,,,,,,,,,,,5.403930391766655,QuantileRegressor,,,,,,5,,,,,,,,True,,,,,,,,,0.0,0.0,98.0,0.0,0.0,0.0,1.9844674545084815,1.0142445249741314,1.0339929518347737,98.0,1.0241187384044526,0.009874213430321107,0.04950808486255764,1.9844674545084815,305901430884989.94,401528566240617.56,98.0,353714998562803.75,47813567677813.83,239731314588150.53,1.9844674545084815,2.951594894990265,3.0080010646056943,98.0,2.9797979797979797,0.028203084807714735,0.14140677897022574,1.9844674545084815,1.0,1.0,98.0,1.0,0.0,0.0,1.9844674545084815,99.0,0.9393939393939394,-0.005464225809889945,-0.0036532722000295697,98.0,-0.004558749004959757,0.0009054768049301876,0.004539948707398303,1.9844674545084815,QuantileRegressor,"{'mode': 'original', 'type': 'QuantileRegressor'}",5,"['z_l3_T2W10', 'z_lsc_T2W10', 'z_density_T2W10', 'z_diameter_T2W10', 'z_asp_T2W10']",,,,,,,,1.335779145669776,1.3645398079803412,98.0,1.3501594768250587,0.014380331155282654,0.07210120180319649,1.9844674545084815,completed,True,COMPLETE
