number,value,datetime_start,datetime_complete,duration,params_dt_max_depth,params_dt_min_samples_leaf,params_dt_min_samples_split,params_elastic_alpha,params_elastic_l1_ratio,params_et_max_depth,params_et_max_features,params_et_min_samples_leaf,params_et_min_samples_split,params_et_n_estimators,params_knn_metric,params_knn_n_neighbors,params_knn_weights,params_quantile_alpha,params_regressor,params_rf_max_depth,params_rf_max_features,params_rf_min_samples_leaf,params_rf_min_samples_split,params_rf_n_estimators,params_rfe_n_features,params_rfe_proxy_et_max_depth,params_rfe_proxy_et_min_samples_leaf,params_rfe_proxy_et_min_samples_split,params_rfe_proxy_et_n_estimators,params_rfe_proxy_lsvr_C,params_rfe_proxy_lsvr_epsilon,params_rfe_proxy_type,params_use_scaler,params_xgb_booster,params_xgb_colsample_bytree,params_xgb_learning_rate,params_xgb_max_depth,params_xgb_n_estimators,params_xgb_reg_alpha,params_xgb_reg_lambda,params_xgb_subsample,user_attrs_d2mae_ci_lower_val,user_attrs_d2mae_ci_upper_val,user_attrs_d2mae_df_val,user_attrs_d2mae_mean_val,user_attrs_d2mae_samperror_val,user_attrs_d2mae_std_val,user_attrs_d2mae_t_critical_val,user_attrs_mae_ci_lower_val,user_attrs_mae_ci_upper_val,user_attrs_mae_df_val,user_attrs_mae_mean_val,user_attrs_mae_samperror_val,user_attrs_mae_std_val,user_attrs_mae_t_critical_val,user_attrs_mape_ci_lower_val,user_attrs_mape_ci_upper_val,user_attrs_mape_df_val,user_attrs_mape_mean_val,user_attrs_mape_samperror_val,user_attrs_mape_std_val,user_attrs_mape_t_critical_val,user_attrs_max_error_ci_lower_val,user_attrs_max_error_ci_upper_val,user_attrs_max_error_df_val,user_attrs_max_error_mean_val,user_attrs_max_error_samperror_val,user_attrs_max_error_std_val,user_attrs_max_error_t_critical_val,user_attrs_median_ae_ci_lower_val,user_attrs_median_ae_ci_upper_val,user_attrs_median_ae_df_val,user_attrs_median_ae_mean_val,user_attrs_median_ae_samperror_val,user_attrs_median_ae_std_val,user_attrs_median_ae_t_critical_val,user_attrs_n_splits_val,user_attrs_r2_below_zero_val,user_attrs_r2_ci_lower_val,user_attrs_r2_ci_upper_val,user_attrs_r2_df_val,user_attrs_r2_mean_val,user_attrs_r2_samperror_val,user_attrs_r2_std_val,user_attrs_r2_t_critical_val,user_attrs_regressor_final,user_attrs_rfe_estimator,user_attrs_rfe_n_features,user_attrs_rfe_selected_features,user_attrs_rho_ci_lower_val,user_attrs_rho_ci_upper_val,user_attrs_rho_df_val,user_attrs_rho_mean_val,user_attrs_rho_samperror_val,user_attrs_rho_std_val,user_attrs_rho_t_critical_val,user_attrs_rmse_ci_lower_val,user_attrs_rmse_ci_upper_val,user_attrs_rmse_df_val,user_attrs_rmse_mean_val,user_attrs_rmse_samperror_val,user_attrs_rmse_std_val,user_attrs_rmse_t_critical_val,user_attrs_termination_reason,user_attrs_use_scaler_final,state
12,1.0241187384044526,2026-06-12 16:44:54.757663,2026-06-12 16:44:57.643671,0 days 00:00:02.886008,,,,,,,,,,,,,,0.024823927253702954,QuantileRegressor,,,,,,2,,,,,,,,True,,,,,,,,,-2.0961686777865813e-17,-1.4670611943595709e-18,98.0,-1.1214373986112692e-17,9.747312791753121e-18,4.887182075629026e-17,1.9844674545084815,1.0142445249741314,1.0339929518347737,98.0,1.0241187384044526,0.009874213430321105,0.04950808486255763,1.9844674545084815,305901430884989.94,401528566240617.56,98.0,353714998562803.75,47813567677813.83,239731314588150.53,1.9844674545084815,2.951594894990265,3.0080010646056943,98.0,2.9797979797979797,0.028203084807714742,0.14140677897022577,1.9844674545084815,0.9999999999999999,1.0,98.0,1.0,5.867023052098414e-17,2.941652792939724e-16,1.9844674545084815,99.0,0.9393939393939394,-0.005464225809889948,-0.0036532722000295723,98.0,-0.00455874900495976,0.0009054768049301877,0.004539948707398304,1.9844674545084815,QuantileRegressor,"{'mode': 'original', 'type': 'QuantileRegressor'}",2,"['z_diameter_T2W10', 'z_asp_T2W10']",,,,,,,,1.335779145669776,1.3645398079803412,98.0,1.3501594768250587,0.014380331155282654,0.07210120180319649,1.9844674545084815,completed,True,COMPLETE
13,1.0241187384044528,2026-06-12 16:44:57.656239,2026-06-12 16:45:01.085850,0 days 00:00:03.429611,,,,,,,,,,,,,,0.001470889170461811,QuantileRegressor,,,,,,3,,,,,,,,True,,,,,,,,,-4.585689827824494e-16,-5.2806470984289346e-17,98.0,-2.556877268833694e-16,2.0288125589908006e-16,1.0172215240183735e-15,1.9844674545084815,1.0142445249741316,1.033992951834774,98.0,1.0241187384044528,0.009874213430321093,0.04950808486255757,1.9844674545084815,305901430884990.0,401528566240617.6,98.0,353714998562803.8,47813567677813.83,239731314588150.53,1.9844674545084815,2.951594894990266,3.008001064605695,98.0,2.9797979797979806,0.028203084807714753,0.14140677897022583,1.9844674545084815,0.9999999999999996,1.0000000000000002,98.0,0.9999999999999999,2.8125693830132433e-16,1.4101875018061343e-15,1.9844674545084815,99.0,0.9494949494949495,-0.00546422580989007,-0.0036532722000296824,98.0,-0.004558749004959876,0.0009054768049301937,0.004539948707398334,1.9844674545084815,QuantileRegressor,"{'mode': 'original', 'type': 'QuantileRegressor'}",3,"['z_density_T2W10', 'z_diameter_T2W10', 'z_asp_T2W10']",-0.3243663117474199,0.18303807353838042,3.0,-0.07066411910451975,0.25370219264290017,0.15943847487493318,3.1824463052837078,1.3357791456697763,1.3645398079803415,98.0,1.3501594768250589,0.014380331155282648,0.07210120180319646,1.9844674545084815,completed,True,COMPLETE
14,1.0566352011918114,2026-06-12 16:45:01.098618,2026-06-12 16:45:03.574666,0 days 00:00:02.476048,,,,,,,,,,,,,,,LinearRegression,,,,,,3,,,,,,,,True,,,,,,,,,-0.03798787535892419,-0.025822446708555036,98.0,-0.03190516103373962,0.006082714325184579,0.03049797729520417,1.9844674545084815,1.0452835808153342,1.0679868215682886,98.0,1.0566352011918114,0.011351620376477203,0.05691562055975286,1.9844674545084815,306619953000464.56,403091344569276.8,98.0,354855648784870.7,48235695784406.12,241847812704331.3,1.9844674545084815,3.1348621545793334,3.2132923714128614,98.0,3.1740772629960974,0.03921510841676405,0.1966197033406049,1.9844674545084815,0.9498574261743359,0.9663771378015752,98.0,0.9581172819879555,0.008259855813619632,0.04141389544178331,1.9844674545084815,99.0,0.5757575757575758,-0.023641460919884713,-0.005536935726992355,98.0,-0.014589198323438534,0.009052262596446179,0.0453869250432477,1.9844674545084815,LinearRegression,"{'mode': 'original', 'type': 'LinearRegression'}",3,"['z_l2_T2W10', 'z_diameter_T2W10', 'z_asp_T2W10']",0.060975144422199555,0.10968036920374594,98.0,0.08532775681297275,0.024352612390773194,0.12210098651150632,1.9844674545084815,1.3413572157423364,1.371432702782112,98.0,1.3563949592622242,0.015037743519887887,0.07539738608827853,1.9844674545084815,completed,True,COMPLETE
15,1.1974620514759378,2026-06-12 16:45:03.587367,2026-06-12 16:45:06.225471,0 days 00:00:02.638104,6.0,2.0,16.0,,,,,,,,,,,,DecisionTreeRegressor,,,,,,3,,,,,,,,False,,,,,,,,,-0.19150051954588618,-0.14852768437061872,98.0,-0.17001410195825245,0.021486417587633734,0.10773024026951065,1.9844674545084815,1.1743689858381428,1.2205551171137328,98.0,1.1974620514759378,0.023093065637795087,0.11578577487719882,1.9844674545084815,278162257462363.5,368009112685636.1,98.0,323085685073999.8,44923427611636.32,225240509758915.5,1.9844674545084815,3.6693592472212297,3.900516359996504,98.0,3.784937803608867,0.11557855638763692,0.5794965865696253,1.9844674545084815,0.9961293007272621,1.0550049435599695,98.0,1.0255671221436158,0.029437821416353652,0.14759759560942148,1.9844674545084815,99.0,0.8888888888888888,-0.32539575183185837,-0.23843519411368216,98.0,-0.28191547297277025,0.043480278859088096,0.2180047404072976,1.9844674545084815,DecisionTreeRegressor,"{'mode': 'original', 'type': 'DecisionTreeRegressor'}",3,"['z_pe_T2W10', 'z_l1_T2W10', 'z_l3_T2W10']",0.015591170905777715,0.06991497539041158,98.0,0.04275307314809465,0.027161902242316936,0.13618641836440343,1.9844674545084815,1.4917879580554083,1.5454794823577767,98.0,1.5186337202065925,0.02684576215118422,0.13460133104877042,1.9844674545084815,completed,False,COMPLETE
16,1.0241187384044526,2026-06-12 16:45:06.238594,2026-06-12 16:45:09.260599,0 days 00:00:03.022005,,,,,,,,,,,,,,9.551743658898708,QuantileRegressor,,,,,,5,,,,,,,,True,,,,,,,,,0.0,0.0,98.0,0.0,0.0,0.0,1.9844674545084815,1.0142445249741314,1.0339929518347737,98.0,1.0241187384044526,0.009874213430321107,0.04950808486255764,1.9844674545084815,305901430884989.94,401528566240617.56,98.0,353714998562803.75,47813567677813.83,239731314588150.53,1.9844674545084815,2.951594894990265,3.0080010646056943,98.0,2.9797979797979797,0.028203084807714735,0.14140677897022574,1.9844674545084815,1.0,1.0,98.0,1.0,0.0,0.0,1.9844674545084815,99.0,0.9393939393939394,-0.005464225809889945,-0.0036532722000295697,98.0,-0.004558749004959757,0.0009054768049301876,0.004539948707398303,1.9844674545084815,QuantileRegressor,"{'mode': 'original', 'type': 'QuantileRegressor'}",5,"['z_l3_T2W10', 'z_lsc_T2W10', 'z_density_T2W10', 'z_diameter_T2W10', 'z_asp_T2W10']",,,,,,,,1.335779145669776,1.3645398079803412,98.0,1.3501594768250587,0.014380331155282654,0.07210120180319649,1.9844674545084815,completed,True,COMPLETE
17,1.0241187384044526,2026-06-12 16:45:09.316582,2026-06-12 16:45:12.726971,0 days 00:00:03.410389,,,,,,,,,,,,,,0.0664583249433331,QuantileRegressor,,,,,,2,,,,,,,,False,,,,,,,,,0.0,0.0,98.0,0.0,0.0,0.0,1.9844674545084815,1.0142445249741314,1.0339929518347737,98.0,1.0241187384044526,0.009874213430321107,0.04950808486255764,1.9844674545084815,305901430884989.94,401528566240617.56,98.0,353714998562803.75,47813567677813.83,239731314588150.53,1.9844674545084815,2.951594894990265,3.0080010646056943,98.0,2.9797979797979797,0.028203084807714735,0.14140677897022574,1.9844674545084815,1.0,1.0,98.0,1.0,0.0,0.0,1.9844674545084815,99.0,0.9393939393939394,-0.005464225809889945,-0.0036532722000295697,98.0,-0.004558749004959757,0.0009054768049301876,0.004539948707398303,1.9844674545084815,QuantileRegressor,"{'mode': 'original', 'type': 'QuantileRegressor'}",2,"['z_diameter_T2W10', 'z_asp_T2W10']",,,,,,,,1.335779145669776,1.3645398079803412,98.0,1.3501594768250587,0.014380331155282654,0.07210120180319649,1.9844674545084815,completed,False,COMPLETE
18,1.032883897709419,2026-06-12 16:45:12.739265,2026-06-12 16:45:17.497555,0 days 00:00:04.758290,,,,,,,,,,,,,,,XGBRegressor,,,,,,3,,,,,,,,True,gblinear,0.5028399812670258,0.0011379331481407092,2.0,499.0,7.051665042166708e-08,3.802656836881247,0.991697177875886,-0.009425959084199062,-0.00787549404794538,98.0,-0.008650726566072221,0.0007752325181268401,0.0038869199624328695,1.9844674545084815,1.023298354292351,1.042469441126487,98.0,1.032883897709419,0.009585543417067943,0.04806072911981789,1.9844674545084815,303268214428908.6,398314438383910.25,98.0,350791326406409.44,47523111977500.82,238275005631352.7,1.9844674545084815,2.9922583673872074,3.0492571033680136,98.0,3.0207577353776105,0.028499367990403292,0.14289230620289126,1.9844674545084815,0.9707408338283485,0.9784694535162277,98.0,0.9746051436722881,0.0038643098439396393,0.019375171606226767,1.9844674545084815,99.0,0.7777777777777778,-0.005924915820196848,-0.003737700235281939,98.0,-0.0048313080277393936,0.0010936077924574544,0.005483214210164918,1.9844674545084815,XGBRegressor,"{'mode': 'original', 'type': 'XGBRegressor'}",3,"['z_l2_T2W10', 'z_lsc_T2W10', 'z_density_T2W10']",-0.05092183147319203,0.0012757179669415641,98.0,-0.024823056753125232,0.026098774720066796,0.13085602845915212,1.9844674545084815,1.3360172734919595,1.3646214660490001,98.0,1.3503193697704798,0.014302096278520204,0.07170894180747132,1.9844674545084815,completed,True,COMPLETE
19,1.0707976825460366,2026-06-12 16:45:17.510710,2026-06-12 16:45:19.944882,0 days 00:00:02.434172,,,,,,,,,,,,,,,LinearRegression,,,,,,5,,,,,,,,True,,,,,,,,,-0.052554829484309756,-0.03902051118917099,98.0,-0.045787670336740374,0.0067671591475693856,0.033929698980124566,1.9844674545084815,1.059143862945236,1.082451502146837,98.0,1.0707976825460366,0.011653819600800579,0.05843081009345877,1.9844674545084815,303587225917552.1,399511241935237.5,98.0,351549233926394.8,47962008008842.69,240475576048312.6,1.9844674545084815,3.156395369560789,3.246288513101283,98.0,3.201341941331036,0.04494657177024723,0.22535655170764057,1.9844674545084815,0.9259455257644006,0.9475060970999231,98.0,0.9367258114321618,0.010780285667761269,0.054051018994915795,1.9844674545084815,99.0,0.6868686868686869,-0.04270598365785157,-0.019886470917692176,98.0,-0.03129622728777187,0.011409756370079694,0.05720710724121379,1.9844674545084815,LinearRegression,"{'mode': 'original', 'type': 'LinearRegression'}",5,"['z_pe_T2W10', 'z_l2_T2W10', 'z_lsc_T2W10', 'z_diameter_T2W10', 'z_asp_T2W10']",0.040132363408441875,0.08909251096061405,98.0,0.06461243718452796,0.024480073776086082,0.12274006213259751,1.9844674545084815,1.351786828003647,1.3827209786432155,98.0,1.3672539033234312,0.015467075319784338,0.07755000263170855,1.9844674545084815,completed,True,COMPLETE
20,1.0754456311964684,2026-06-12 16:45:19.957533,2026-06-12 16:45:27.577110,0 days 00:00:07.619577,,,,,,,,,,,,,,,RandomForestRegressor,20.0,log2,5.0,12.0,62.0,2,,,,,,,,False,,,,,,,,,-0.05970136642608076,-0.040731194224563755,98.0,-0.05021628032532226,0.009485086100758502,0.04755704856075275,1.9844674545084815,1.0615648673420461,1.0893263950508907,98.0,1.0754456311964684,0.013880763854422341,0.0695964331449048,1.9844674545084815,282502684794148.94,375822423471417.3,98.0,329162554132783.1,46659869338634.21,233946813808928.56,1.9844674545084815,3.262745517153901,3.3968633496526657,98.0,3.3298044334032832,0.06705891624938225,0.3362251119943229,1.9844674545084815,0.8893564432050187,0.9283975082281437,98.0,0.9088769757165812,0.019520532511562518,0.0978735356455957,1.9844674545084815,99.0,0.5454545454545454,-0.027163652874834937,0.005710874516363209,98.0,-0.010726389179235863,0.016437263695599072,0.08241440715176974,1.9844674545084815,RandomForestRegressor,"{'mode': 'original', 'type': 'RandomForestRegressor'}",2,"['z_l2_T2W10', 'z_l3_T2W10']",0.13409627474507999,0.1828747629477597,98.0,0.15848551884641984,0.02438924410133985,0.12228465337755012,1.9844674545084815,1.3353893349562602,1.3707260380340323,98.0,1.3530576864951462,0.017668351538886032,0.08858692933278277,1.9844674545084815,completed,False,COMPLETE
21,1.0241187384044526,2026-06-12 16:45:27.633907,2026-06-12 16:45:30.996051,0 days 00:00:03.362144,,,,,,,,,,,,,,0.04429055663288972,QuantileRegressor,,,,,,2,,,,,,,,True,,,,,,,,,-1.773601183824192e-17,-2.069865395383882e-19,98.0,-8.971499188890155e-18,8.764512649351766e-18,4.394418239843093e-17,1.9844674545084815,1.0142445249741314,1.0339929518347737,98.0,1.0241187384044526,0.009874213430321105,0.04950808486255763,1.9844674545084815,305901430884989.94,401528566240617.56,98.0,353714998562803.75,47813567677813.83,239731314588150.53,1.9844674545084815,2.951594894990265,3.0080010646056943,98.0,2.9797979797979797,0.028203084807714735,0.14140677897022574,1.9844674545084815,1.0,1.0,98.0,1.0,3.0993754581920257e-17,1.5539885205834496e-16,1.9844674545084815,99.0,0.9393939393939394,-0.005464225809889945,-0.0036532722000295697,98.0,-0.004558749004959757,0.0009054768049301876,0.004539948707398303,1.9844674545084815,QuantileRegressor,"{'mode': 'original', 'type': 'QuantileRegressor'}",2,"['z_diameter_T2W10', 'z_asp_T2W10']",,,,,,,,1.335779145669776,1.3645398079803412,98.0,1.3501594768250587,0.014380331155282654,0.07210120180319649,1.9844674545084815,completed,True,COMPLETE
22,1.0241187384044526,2026-06-12 16:45:31.038140,2026-06-12 16:45:34.129589,0 days 00:00:03.091449,,,,,,,,,,,,,,0.03188195537002016,QuantileRegressor,,,,,,3,,,,,,,,True,,,,,,,,,-1.773601183824192e-17,-2.069865395383882e-19,98.0,-8.971499188890155e-18,8.764512649351766e-18,4.394418239843093e-17,1.9844674545084815,1.0142445249741314,1.0339929518347737,98.0,1.0241187384044526,0.009874213430321108,0.049508084862557644,1.9844674545084815,305901430884989.94,401528566240617.56,98.0,353714998562803.75,47813567677813.83,239731314588150.53,1.9844674545084815,2.951594894990265,3.0080010646056943,98.0,2.9797979797979797,0.028203084807714742,0.14140677897022577,1.9844674545084815,1.0,1.0,98.0,1.0,3.5788505102137707e-17,1.7943913813528857e-16,1.9844674545084815,99.0,0.9393939393939394,-0.00546422580988995,-0.003653272200029574,98.0,-0.004558749004959762,0.0009054768049301877,0.004539948707398304,1.9844674545084815,QuantileRegressor,"{'mode': 'original', 'type': 'QuantileRegressor'}",3,"['z_density_T2W10', 'z_diameter_T2W10', 'z_asp_T2W10']",,,,,,,,1.335779145669776,1.3645398079803412,98.0,1.3501594768250587,0.014380331155282654,0.07210120180319649,1.9844674545084815,completed,True,COMPLETE
23,1.0241187384044526,2026-06-12 16:45:34.143175,2026-06-12 16:45:36.692639,0 days 00:00:02.549464,,,,,,,,,,,,,,0.3108411721608046,QuantileRegressor,,,,,,2,,,,,,,,True,,,,,,,,,0.0,0.0,98.0,0.0,0.0,0.0,1.9844674545084815,1.0142445249741314,1.0339929518347737,98.0,1.0241187384044526,0.009874213430321107,0.04950808486255764,1.9844674545084815,305901430884989.94,401528566240617.56,98.0,353714998562803.75,47813567677813.83,239731314588150.53,1.9844674545084815,2.951594894990265,3.0080010646056943,98.0,2.9797979797979797,0.028203084807714735,0.14140677897022574,1.9844674545084815,1.0,1.0,98.0,1.0,0.0,0.0,1.9844674545084815,99.0,0.9393939393939394,-0.005464225809889945,-0.0036532722000295697,98.0,-0.004558749004959757,0.0009054768049301876,0.004539948707398303,1.9844674545084815,QuantileRegressor,"{'mode': 'original', 'type': 'QuantileRegressor'}",2,"['z_diameter_T2W10', 'z_asp_T2W10']",,,,,,,,1.335779145669776,1.3645398079803412,98.0,1.3501594768250587,0.014380331155282654,0.07210120180319649,1.9844674545084815,completed,True,COMPLETE
24,1.0300478609739179,2026-06-12 16:45:36.705461,2026-06-12 16:46:01.431050,0 days 00:00:24.725589,,,,,,20.0,log2,5.0,12.0,457.0,,,,,ExtraTreesRegressor,,,,,,3,,,,,,,,True,,,,,,,,,-0.007488565549000717,-0.004170391741509216,98.0,-0.0058294786452549666,0.0016590869037457503,0.008318456533740479,1.9844674545084815,1.0201417277517142,1.0399539941961216,98.0,1.0300478609739179,0.009906133222203605,0.04966812675110557,1.9844674545084815,299304345742346.7,393560048702283.7,98.0,346432197222315.2,47127851479968.49,236293218383919.16,1.9844674545084815,3.0287069872240227,3.0950886182686097,98.0,3.061897802746316,0.033190815522293596,0.16641464387323557,1.9844674545084815,0.9820554154996703,0.9889310746506135,98.0,0.9854932450751419,0.0034378295754715583,0.017236852288691266,1.9844674545084815,99.0,0.26262626262626265,0.0042348949991717075,0.00920817088989415,98.0,0.006721532944532929,0.0024866379453612215,0.012467695102008328,1.9844674545084815,ExtraTreesRegressor,"{'mode': 'original', 'type': 'ExtraTreesRegressor'}",3,"['z_pe_T2W10', 'z_l2_T2W10', 'z_l3_T2W10']",0.10292623477516125,0.15416192501704065,98.0,0.12854407989610095,0.025617845120939706,0.12844470693217502,1.9844674545084815,1.3281777427194832,1.3568681684823976,98.0,1.3425229556009404,0.014345212881457174,0.07192512312178583,1.9844674545084815,completed,True,COMPLETE
25,1.3464214545847197,2026-06-12 16:46:01.443718,2026-06-12 16:46:04.221831,0 days 00:00:02.778113,20.0,5.0,2.0,,,,,,,,,,,,DecisionTreeRegressor,,,,,,9,,,,,,,,True,,,,,,,,,-0.34097498876885873,-0.2920459937569922,98.0,-0.31651049126292546,0.024464497505933245,0.12266196464057848,1.9844674545084815,1.3222892853953139,1.3705536237741256,98.0,1.3464214545847197,0.024132169189405837,0.12099571156503253,1.9844674545084815,258740511596728.66,350183328823762.5,98.0,304461920210245.56,45721408613516.91,229241487805278.06,1.9844674545084815,3.9398027536003624,4.138680491549551,98.0,4.039241622574957,0.09943886897459435,0.4985741900933238,1.9844674545084815,1.140830527076749,1.2160237297775083,98.0,1.1784271284271286,0.037596601350379746,0.18850470909233927,1.9844674545084815,99.0,0.9797979797979798,-0.5984872177949024,-0.49378896274047646,98.0,-0.5461380902676894,0.052349127527213,0.2624720506992152,1.9844674545084815,DecisionTreeRegressor,"{'mode': 'original', 'type': 'DecisionTreeRegressor'}",9,"['z_re_T2W10', 'z_pe_T2W10', 'z_l1_T2W10', 'z_l2_T2W10', 'z_l3_T2W10', 'z_lsc_T2W10', 'z_density_T2W10', 'z_diameter_T2W10', 'z_asp_T2W10']",0.0008362686119222952,0.06277027751836176,98.0,0.031803273065142024,0.03096700445321973,0.15526473022158951,1.9844674545084815,1.639427430115848,1.6925535014238162,98.0,1.6659904657698321,0.02656303565398406,0.13318377536040568,1.9844674545084815,completed,True,COMPLETE
26,1.0241187384044526,2026-06-12 16:46:04.235254,2026-06-12 16:46:07.589604,0 days 00:00:03.354350,,,,,,,,,,,,,,0.0033142681325566427,QuantileRegressor,,,,,,4,,,,,,,,False,,,,,,,,,-6.261722119964315e-17,-1.8126271500368237e-17,98.0,-4.0371746350005693e-17,2.2245474849637456e-17,1.1153605949835418e-16,1.9844674545084815,1.0142445249741314,1.0339929518347737,98.0,1.0241187384044526,0.009874213430321105,0.04950808486255763,1.9844674545084815,305901430884989.94,401528566240617.56,98.0,353714998562803.75,47813567677813.83,239731314588150.53,1.9844674545084815,2.951594894990265,3.0080010646056943,98.0,2.9797979797979797,0.028203084807714742,0.14140677897022577,1.9844674545084815,0.9999999999999999,1.0,98.0,1.0,7.851071443731491e-17,3.9364301171037323e-16,1.9844674545084815,99.0,0.9393939393939394,-0.00546422580988995,-0.0036532722000295736,98.0,-0.004558749004959762,0.0009054768049301879,0.004539948707398305,1.9844674545084815,QuantileRegressor,"{'mode': 'original', 'type': 'QuantileRegressor'}",4,"['z_lsc_T2W10', 'z_density_T2W10', 'z_diameter_T2W10', 'z_asp_T2W10']",,,,,,,,1.335779145669776,1.3645398079803412,98.0,1.3501594768250587,0.014380331155282654,0.07210120180319649,1.9844674545084815,completed,False,COMPLETE
