number,value,datetime_start,datetime_complete,duration,params_dt_max_depth,params_dt_min_samples_leaf,params_dt_min_samples_split,params_elastic_alpha,params_elastic_l1_ratio,params_et_max_depth,params_et_max_features,params_et_min_samples_leaf,params_et_min_samples_split,params_et_n_estimators,params_knn_metric,params_knn_n_neighbors,params_knn_weights,params_quantile_alpha,params_regressor,params_rf_max_depth,params_rf_max_features,params_rf_min_samples_leaf,params_rf_min_samples_split,params_rf_n_estimators,params_rfe_n_features,params_rfe_proxy_et_max_depth,params_rfe_proxy_et_min_samples_leaf,params_rfe_proxy_et_min_samples_split,params_rfe_proxy_et_n_estimators,params_rfe_proxy_lsvr_C,params_rfe_proxy_lsvr_epsilon,params_rfe_proxy_type,params_use_scaler,params_xgb_booster,params_xgb_colsample_bytree,params_xgb_learning_rate,params_xgb_max_depth,params_xgb_n_estimators,params_xgb_reg_alpha,params_xgb_reg_lambda,params_xgb_subsample,user_attrs_d2mae_ci_lower_val,user_attrs_d2mae_ci_upper_val,user_attrs_d2mae_df_val,user_attrs_d2mae_mean_val,user_attrs_d2mae_samperror_val,user_attrs_d2mae_std_val,user_attrs_d2mae_t_critical_val,user_attrs_mae_ci_lower_val,user_attrs_mae_ci_upper_val,user_attrs_mae_df_val,user_attrs_mae_mean_val,user_attrs_mae_samperror_val,user_attrs_mae_std_val,user_attrs_mae_t_critical_val,user_attrs_mape_ci_lower_val,user_attrs_mape_ci_upper_val,user_attrs_mape_df_val,user_attrs_mape_mean_val,user_attrs_mape_samperror_val,user_attrs_mape_std_val,user_attrs_mape_t_critical_val,user_attrs_max_error_ci_lower_val,user_attrs_max_error_ci_upper_val,user_attrs_max_error_df_val,user_attrs_max_error_mean_val,user_attrs_max_error_samperror_val,user_attrs_max_error_std_val,user_attrs_max_error_t_critical_val,user_attrs_median_ae_ci_lower_val,user_attrs_median_ae_ci_upper_val,user_attrs_median_ae_df_val,user_attrs_median_ae_mean_val,user_attrs_median_ae_samperror_val,user_attrs_median_ae_std_val,user_attrs_median_ae_t_critical_val,user_attrs_n_splits_val,user_attrs_r2_below_zero_val,user_attrs_r2_ci_lower_val,user_attrs_r2_ci_upper_val,user_attrs_r2_df_val,user_attrs_r2_mean_val,user_attrs_r2_samperror_val,user_attrs_r2_std_val,user_attrs_r2_t_critical_val,user_attrs_regressor_final,user_attrs_rfe_estimator,user_attrs_rfe_n_features,user_attrs_rfe_selected_features,user_attrs_rho_ci_lower_val,user_attrs_rho_ci_upper_val,user_attrs_rho_df_val,user_attrs_rho_mean_val,user_attrs_rho_samperror_val,user_attrs_rho_std_val,user_attrs_rho_t_critical_val,user_attrs_rmse_ci_lower_val,user_attrs_rmse_ci_upper_val,user_attrs_rmse_df_val,user_attrs_rmse_mean_val,user_attrs_rmse_samperror_val,user_attrs_rmse_std_val,user_attrs_rmse_t_critical_val,user_attrs_termination_reason,user_attrs_use_scaler_final,state
514,1.0353681390315403,2026-06-12 18:26:42.640870,2026-06-12 18:26:44.648613,0 days 00:00:02.007743,,,,0.17739453395672486,0.10343411486048337,,,,,,,,,,ElasticNet,,,,,,5,,,,,,,,False,,,,,,,,,-0.01246151945572218,-0.009682953407530632,98.0,-0.011072236431626406,0.0013892830240957736,0.00696569325145806,1.9844674545084815,1.025671334739014,1.0450649433240666,98.0,1.0353681390315403,0.009696804292526302,0.048618577388233906,1.9844674545084815,303611392867386.75,398866358238439.6,98.0,351238875552913.2,47627482685526.41,238798307452460.66,1.9844674545084815,2.9987986901562866,3.058064950728455,98.0,3.028431820442371,0.029633130286084247,0.14857685012577015,1.9844674545084815,0.971398834403153,0.9789350442043716,98.0,0.9751669393037623,0.003768104900609322,0.018892811919330673,1.9844674545084815,99.0,0.8585858585858586,-0.009435855968754566,-0.0055257835158083095,98.0,-0.007480819742281438,0.0019550362264731287,0.009802309833853624,1.9844674545084815,ElasticNet,"{'mode': 'original', 'type': 'ElasticNet'}",5,"['z_pe_T2W10', 'z_l2_T2W10', 'z_lsc_T2W10', 'z_density_T2W10', 'z_asp_T2W10']",-0.0658980877080682,-0.010203530506900104,85.0,-0.03805080910748415,0.027847278600584047,0.12988442699719857,1.9882679074772216,1.337733824739126,1.3664388207317466,98.0,1.3520863227354363,0.01435249799631039,0.0719616497866115,1.9844674545084815,completed,False,COMPLETE
515,1.0322546002614439,2026-06-12 18:26:44.661876,2026-06-12 18:26:46.782919,0 days 00:00:02.121043,,,,6.139856646782011,0.5657449506132892,,,,,,,,,,ElasticNet,,,,,,6,,,,,,,,False,,,,,,,,,-0.008774517233966519,-0.007307379942279476,98.0,-0.008040948588122997,0.0007335686458435219,0.0036780224599369973,1.9844674545084815,1.0226964071461264,1.0418127933767614,98.0,1.0322546002614439,0.009558193115317581,0.04792359808962206,1.9844674545084815,302668413340937.56,397512391490111.2,98.0,350090402415524.4,47421989074586.79,237767987903374.22,1.9844674545084815,2.9843885683830167,3.0416200204998236,98.0,3.01300429444142,0.028615726058403256,0.14347571116427238,1.9844674545084815,0.9620448713524847,0.9700908571904299,98.0,0.9660678642714573,0.004022992918972516,0.020170788917966784,1.9844674545084815,99.0,1.0,-0.0040202152711158335,-0.002354630224295667,98.0,-0.0031874227477057503,0.0008327925234100832,0.0041755187097013285,1.9844674545084815,ElasticNet,"{'mode': 'original', 'type': 'ElasticNet'}",6,"['z_l2_T2W10', 'z_l3_T2W10', 'z_lsc_T2W10', 'z_density_T2W10', 'z_diameter_T2W10', 'z_asp_T2W10']",,,,,,,,1.3349089651858284,1.3635379675582484,98.0,1.3492234663720384,0.01431450118621002,0.07177113848034591,1.9844674545084815,completed,False,COMPLETE
516,1.0849789733092072,2026-06-12 18:26:46.796122,2026-06-12 18:27:29.619309,0 days 00:00:42.823187,,,,,,,,,,,,,,,RandomForestRegressor,10.0,sqrt,5.0,7.0,495.0,4,,,,,,,,False,,,,,,,,,-0.0700905663898073,-0.049275344417339426,98.0,-0.059682955403573365,0.010407610986233941,0.05218247423543903,1.9844674545084815,1.0708267161023008,1.0991312305161136,98.0,1.0849789733092072,0.014152257206906492,0.07095766723501788,1.9844674545084815,278891574982992.8,369114535530607.2,98.0,324003055256800.0,45111480273807.18,226183382548032.7,1.9844674545084815,3.279206565197954,3.4106087124730995,98.0,3.3449076388355268,0.06570107363757291,0.3294170570814095,1.9844674545084815,0.9229619122662331,0.959871616902674,98.0,0.9414167645844536,0.018454852318220364,0.09253034696321226,1.9844674545084815,99.0,0.6363636363636364,-0.051245546328218525,-0.018867662228639632,98.0,-0.03505660427842908,0.016188942049789445,0.08116935313296542,1.9844674545084815,RandomForestRegressor,"{'mode': 'original', 'type': 'RandomForestRegressor'}",4,"['z_re_T2W10', 'z_pe_T2W10', 'z_l2_T2W10', 'z_l3_T2W10']",0.08364053442237662,0.13219244928887014,98.0,0.10791649185562338,0.024275957433246755,0.12171664803542061,1.9844674545084815,1.3522313222383762,1.3860685663462857,98.0,1.369149944292331,0.016918622053954748,0.08482787842448855,1.9844674545084815,completed,False,COMPLETE
517,1.0801807496745104,2026-06-12 18:27:29.632209,2026-06-12 18:28:01.619815,0 days 00:00:31.987606,,,,,,,,,,,,,,,RandomForestRegressor,16.0,sqrt,3.0,11.0,365.0,2,,,,,,,,False,,,,,,,,,-0.06492124751573364,-0.04491390248935918,98.0,-0.05491757500254641,0.010003672513187232,0.0501571766920986,1.9844674545084815,1.0661511238736807,1.09421037547534,98.0,1.0801807496745104,0.014029625800829735,0.070342808532428,1.9844674545084815,280504015886874.1,372856545136452.75,98.0,326680280511663.44,46176264624789.34,231522079587624.0,1.9844674545084815,3.2558856613729206,3.390225159986595,98.0,3.323055410679758,0.06716974930683725,0.3367808152361842,1.9844674545084815,0.8915526525562417,0.9281275100837402,98.0,0.909840081319991,0.018287428763749267,0.09169090596862192,1.9844674545084815,99.0,0.5454545454545454,-0.03645293945957577,-0.001289131749487086,98.0,-0.018871035604531426,0.01758190385504434,0.08815349133815084,1.9844674545084815,RandomForestRegressor,"{'mode': 'original', 'type': 'RandomForestRegressor'}",2,"['z_l2_T2W10', 'z_l3_T2W10']",0.13621717286012036,0.1828441870623818,98.0,0.1595306799612511,0.023313507101130723,0.11689104110939653,1.9844674545084815,1.34025063475229,1.3764611315406117,98.0,1.3583558831464508,0.018105248394160944,0.09077747612820804,1.9844674545084815,completed,False,COMPLETE
518,1.4544327507196833,2026-06-12 18:28:01.632881,2026-06-12 18:28:01.786293,0 days 00:00:00.153412,12.0,1.0,3.0,,,,,,,,,,,,DecisionTreeRegressor,,,,,,2,,,,,,,,False,,,,,,,,,,,,,,,,,,,,,,,,,,,,,,,,,,,,,,,,,,,,,,,,,,,,,DecisionTreeRegressor,"{'mode': 'original', 'type': 'DecisionTreeRegressor'}",2,"['z_re_T2W10', 'z_l2_T2W10']",,,,,,,,,,,,,,,pruned,False,PRUNED
519,1.0618415499714113,2026-06-12 18:28:01.796605,2026-06-12 18:28:03.488505,0 days 00:00:01.691900,,,,,,19.0,sqrt,3.0,10.0,326.0,,,,,ExtraTreesRegressor,,,,,,5,,,,,,,,False,,,,,,,,,,,,,,,,,,,,,,,,,,,,,,,,,,,,,,,,,,,,,,,,,,,,,ExtraTreesRegressor,"{'mode': 'original', 'type': 'ExtraTreesRegressor'}",5,"['z_pe_T2W10', 'z_l2_T2W10', 'z_l3_T2W10', 'z_density_T2W10', 'z_asp_T2W10']",,,,,,,,,,,,,,,pruned,False,PRUNED
520,1.0662249583467658,2026-06-12 18:28:03.499004,2026-06-12 18:28:04.730608,0 days 00:00:01.231604,,,,,,14.0,,4.0,6.0,199.0,,,,,ExtraTreesRegressor,,,,,,4,,,,,,,,True,,,,,,,,,,,,,,,,,,,,,,,,,,,,,,,,,,,,,,,,,,,,,,,,,,,,,ExtraTreesRegressor,"{'mode': 'original', 'type': 'ExtraTreesRegressor'}",4,"['z_re_T2W10', 'z_pe_T2W10', 'z_l2_T2W10', 'z_l3_T2W10']",,,,,,,,,,,,,,,pruned,True,PRUNED
521,1.0241187384044526,2026-06-12 18:28:04.741141,2026-06-12 18:28:06.888902,0 days 00:00:02.147761,,,,,,,,,,,,,,0.018142510366534415,QuantileRegressor,,,,,,4,,,,,,,,False,,,,,,,,,-1.0748092418241248e-17,1.7765932293510936e-18,98.0,-4.485749594445077e-18,6.262342823796171e-18,3.1398612370165e-17,1.9844674545084815,1.0142445249741314,1.0339929518347737,98.0,1.0241187384044526,0.009874213430321105,0.04950808486255763,1.9844674545084815,305901430884989.94,401528566240617.56,98.0,353714998562803.75,47813567677813.83,239731314588150.53,1.9844674545084815,2.951594894990265,3.0080010646056943,98.0,2.9797979797979797,0.028203084807714735,0.14140677897022574,1.9844674545084815,1.0,1.0,98.0,1.0,2.0006382555369495e-17,1.0030952767362003e-16,1.9844674545084815,99.0,0.9393939393939394,-0.005464225809889947,-0.0036532722000295727,98.0,-0.00455874900495976,0.0009054768049301874,0.0045399487073983025,1.9844674545084815,QuantileRegressor,"{'mode': 'original', 'type': 'QuantileRegressor'}",4,"['z_lsc_T2W10', 'z_density_T2W10', 'z_diameter_T2W10', 'z_asp_T2W10']",,,,,,,,1.335779145669776,1.3645398079803412,98.0,1.3501594768250587,0.014380331155282654,0.07210120180319649,1.9844674545084815,completed,False,COMPLETE
522,1.0241187384044526,2026-06-12 18:28:06.901802,2026-06-12 18:28:09.243623,0 days 00:00:02.341821,,,,,,,,,,,,,,5.041035599333766,QuantileRegressor,,,,,,7,,,,,,,,False,,,,,,,,,0.0,0.0,98.0,0.0,0.0,0.0,1.9844674545084815,1.0142445249741314,1.0339929518347737,98.0,1.0241187384044526,0.009874213430321107,0.04950808486255764,1.9844674545084815,305901430884989.94,401528566240617.56,98.0,353714998562803.75,47813567677813.83,239731314588150.53,1.9844674545084815,2.951594894990265,3.0080010646056943,98.0,2.9797979797979797,0.028203084807714735,0.14140677897022574,1.9844674545084815,1.0,1.0,98.0,1.0,0.0,0.0,1.9844674545084815,99.0,0.9393939393939394,-0.005464225809889945,-0.0036532722000295697,98.0,-0.004558749004959757,0.0009054768049301876,0.004539948707398303,1.9844674545084815,QuantileRegressor,"{'mode': 'original', 'type': 'QuantileRegressor'}",7,"['z_l1_T2W10', 'z_l2_T2W10', 'z_l3_T2W10', 'z_lsc_T2W10', 'z_density_T2W10', 'z_diameter_T2W10', 'z_asp_T2W10']",,,,,,,,1.335779145669776,1.3645398079803412,98.0,1.3501594768250587,0.014380331155282654,0.07210120180319649,1.9844674545084815,completed,False,COMPLETE
523,1.0586967715257343,2026-06-12 18:28:09.256757,2026-06-12 18:28:09.395846,0 days 00:00:00.139089,,,,,,,,,,,,,,,LinearRegression,,,,,,7,,,,,,,,True,,,,,,,,,,,,,,,,,,,,,,,,,,,,,,,,,,,,,,,,,,,,,,,,,,,,,LinearRegression,"{'mode': 'original', 'type': 'LinearRegression'}",7,"['z_pe_T2W10', 'z_l1_T2W10', 'z_l2_T2W10', 'z_l3_T2W10', 'z_lsc_T2W10', 'z_diameter_T2W10', 'z_asp_T2W10']",,,,,,,,,,,,,,,pruned,True,PRUNED
524,1.1200633876447372,2026-06-12 18:28:09.406666,2026-06-12 18:28:11.111934,0 days 00:00:01.705268,,,,,,19.0,,2.0,6.0,305.0,,,,,ExtraTreesRegressor,,,,,,6,,,,,,,,True,,,,,,,,,,,,,,,,,,,,,,,,,,,,,,,,,,,,,,,,,,,,,,,,,,,,,ExtraTreesRegressor,"{'mode': 'original', 'type': 'ExtraTreesRegressor'}",6,"['z_re_T2W10', 'z_pe_T2W10', 'z_l1_T2W10', 'z_l2_T2W10', 'z_l3_T2W10', 'z_density_T2W10']",,,,,,,,,,,,,,,pruned,True,PRUNED
525,1.0479517036106445,2026-06-12 18:28:11.122695,2026-06-12 18:28:12.920775,0 days 00:00:01.798080,,,,0.00242854552214403,0.9408801695592043,,,,,,,,,,ElasticNet,,,,,,2,,,,,,,,True,,,,,,,,,-0.02809281545701239,-0.018819149155149723,98.0,-0.023455982306081057,0.004636833150931334,0.02324850791911268,1.9844674545084815,1.0375400835516464,1.0583633236696426,98.0,1.0479517036106445,0.010411620058998051,0.0522025752304222,1.9844674545084815,303878456034150.25,398945282942607.75,98.0,351411869488379.0,47533413454228.78,238326655961544.2,1.9844674545084815,3.070512433718751,3.140033085941916,98.0,3.1052727598303336,0.034760326111582585,0.17428397584540006,1.9844674545084815,0.9595957463951644,0.9724825518022048,98.0,0.9660391490986846,0.006443402703520224,0.03230642421298551,1.9844674545084815,99.0,0.48484848484848486,-0.011252216893770135,0.0015360584278788225,98.0,-0.004858079232945656,0.006394137660824479,0.032059415382180934,1.9844674545084815,ElasticNet,"{'mode': 'original', 'type': 'ElasticNet'}",2,"['z_diameter_T2W10', 'z_asp_T2W10']",0.08556590305585499,0.13744846251268872,98.0,0.11150718278427185,0.02594127972841687,0.13006636805054794,1.9844674545084815,1.3357579629521008,1.364240678624046,98.0,1.3499993207880734,0.014241357835972638,0.07140440676887973,1.9844674545084815,completed,True,COMPLETE
526,1.0608402480696086,2026-06-12 18:28:12.978333,2026-06-12 18:28:13.119205,0 days 00:00:00.140872,,,,0.02549116922605986,0.8096750362658893,,,,,,,,,,ElasticNet,,,,,,9,,,,,,,,True,,,,,,,,,,,,,,,,,,,,,,,,,,,,,,,,,,,,,,,,,,,,,,,,,,,,,ElasticNet,"{'mode': 'original', 'type': 'ElasticNet'}",9,"['z_re_T2W10', 'z_pe_T2W10', 'z_l1_T2W10', 'z_l2_T2W10', 'z_l3_T2W10', 'z_lsc_T2W10', 'z_density_T2W10', 'z_diameter_T2W10', 'z_asp_T2W10']",,,,,,,,,,,,,,,pruned,True,PRUNED
527,1.0388690373579084,2026-06-12 18:28:13.129086,2026-06-12 18:28:15.084526,0 days 00:00:01.955440,,,,0.09938153452537789,0.9024032761106747,,,,,,,,,,ElasticNet,,,,,,5,,,,,,,,True,,,,,,,,,-0.01699049210726591,-0.011954026579084561,98.0,-0.014472259343175236,0.002518232764090674,0.012626107615360696,1.9844674545084815,1.0288292491227626,1.048908825593054,98.0,1.0388690373579084,0.010039788235145838,0.050338256455080894,1.9844674545084815,304113760776147.75,399578273971520.75,98.0,351846017373834.25,47732256597686.5,239323630889229.38,1.9844674545084815,3.0066577344011614,3.067567552926534,98.0,3.0371126436638476,0.030454909262686323,0.1526971482739699,1.9844674545084815,0.9710936610238252,0.9791338958961413,98.0,0.9751137784599833,0.00402011743615805,0.020156371602784773,1.9844674545084815,99.0,0.898989898989899,-0.01475097308998366,-0.007771287835369806,98.0,-0.011261130462676733,0.0034898426273069264,0.017497639297438583,1.9844674545084815,ElasticNet,"{'mode': 'original', 'type': 'ElasticNet'}",5,"['z_l2_T2W10', 'z_lsc_T2W10', 'z_density_T2W10', 'z_diameter_T2W10', 'z_asp_T2W10']",-0.08336830095430581,-0.021928570435117558,71.0,-0.052648435694711684,0.030719865259594126,0.13072923971155323,1.9939433678456255,1.340074054073502,1.3691120422749914,98.0,1.3545930481742467,0.014518994100744708,0.07279644066142768,1.9844674545084815,completed,True,COMPLETE
528,1.0327549115131673,2026-06-12 18:28:15.097648,2026-06-12 18:28:32.383465,0 days 00:00:17.285817,,,,,,16.0,sqrt,3.0,8.0,334.0,,,,,ExtraTreesRegressor,,,,,,3,,,,,,,,False,,,,,,,,,-0.010991307566460128,-0.005948219237484738,98.0,-0.008469763401972433,0.0025215441644876944,0.012642710567385834,1.9844674545084815,1.0226149019012494,1.0428949211250853,98.0,1.0327549115131673,0.010140009611917905,0.05084075404248747,1.9844674545084815,297170176473721.4,391060302342225.25,98.0,344115239407973.3,46945062934251.94,235376739223619.66,1.9844674545084815,3.0610917036772833,3.133536226212551,98.0,3.097313964944917,0.036222261267633594,0.18161393790061325,1.9844674545084815,0.9762544467301387,0.9844756863208127,98.0,0.9803650665254757,0.004110619795337022,0.02061013923806147,1.9844674545084815,99.0,0.25252525252525254,0.006752607327345717,0.014481531477712316,98.0,0.010617069402529017,0.003864462075183299,0.01937593487485399,1.9844674545084815,ExtraTreesRegressor,"{'mode': 'original', 'type': 'ExtraTreesRegressor'}",3,"['z_pe_T2W10', 'z_l2_T2W10', 'z_l3_T2W10']",0.10926853886594147,0.15867070790190826,98.0,0.13396962338392487,0.0247010845179834,0.12384818265709316,1.9844674545084815,1.3254163823034917,1.354261728688246,98.0,1.3398390554958688,0.014422673192377075,0.07231349954017745,1.9844674545084815,completed,False,COMPLETE
529,1.1003951172441362,2026-06-12 18:28:32.396638,2026-06-12 18:28:32.589174,0 days 00:00:00.192536,,,,,,,,,,,minkowski,14.0,distance,,KNeighborsRegressor,,,,,,8,7.0,2.0,7.0,40.0,,,ExtraTrees,,,,,,,,,,,,,,,,,,,,,,,,,,,,,,,,,,,,,,,,,,,,,,,,,,,,,,KNeighborsRegressor,"{'mode': 'proxy', 'type': 'ExtraTrees'}",8,"['z_re_T2W10', 'z_pe_T2W10', 'z_l1_T2W10', 'z_l2_T2W10', 'z_l3_T2W10', 'z_density_T2W10', 'z_diameter_T2W10', 'z_asp_T2W10']",,,,,,,,,,,,,,,pruned,True,PRUNED
530,1.204096190579045,2026-06-12 18:28:32.599832,2026-06-12 18:28:32.768980,0 days 00:00:00.169148,3.0,1.0,2.0,,,,,,,,,,,,DecisionTreeRegressor,,,,,,6,,,,,,,,True,,,,,,,,,,,,,,,,,,,,,,,,,,,,,,,,,,,,,,,,,,,,,,,,,,,,,DecisionTreeRegressor,"{'mode': 'original', 'type': 'DecisionTreeRegressor'}",6,"['z_re_T2W10', 'z_l1_T2W10', 'z_l2_T2W10', 'z_l3_T2W10', 'z_lsc_T2W10', 'z_diameter_T2W10']",,,,,,,,,,,,,,,pruned,True,PRUNED
531,1.0241187384044528,2026-06-12 18:28:32.779825,2026-06-12 18:28:35.074166,0 days 00:00:02.294341,,,,,,,,,,,,,,0.001695263503744324,QuantileRegressor,,,,,,4,,,,,,,,False,,,,,,,,,-1.9933555458909748e-16,-4.7380673105381764e-17,98.0,-1.2335811384723962e-16,7.597744074185786e-17,3.809414907254562e-16,1.9844674545084815,1.0142445249741316,1.033992951834774,98.0,1.0241187384044528,0.009874213430321094,0.04950808486255758,1.9844674545084815,305901430884989.94,401528566240617.56,98.0,353714998562803.75,47813567677813.83,239731314588150.53,1.9844674545084815,2.951594894990265,3.0080010646056943,98.0,2.9797979797979797,0.028203084807714735,0.14140677897022574,1.9844674545084815,0.9999999999999999,1.0000000000000002,98.0,1.0,1.3240537761468951e-16,6.638641870022721e-16,1.9844674545084815,99.0,0.9494949494949495,-0.005464225809889976,-0.003653272200029612,98.0,-0.004558749004959794,0.0009054768049301816,0.004539948707398274,1.9844674545084815,QuantileRegressor,"{'mode': 'original', 'type': 'QuantileRegressor'}",4,"['z_lsc_T2W10', 'z_density_T2W10', 'z_diameter_T2W10', 'z_asp_T2W10']",-3.0388291324872467,2.9301320268682627,1.0,-0.054348552809492245,2.9844805796777547,0.3321757361899767,12.706204736174694,1.3357791456697763,1.3645398079803415,98.0,1.3501594768250589,0.014380331155282654,0.07210120180319649,1.9844674545084815,completed,False,COMPLETE
532,1.0707976825460366,2026-06-12 18:28:35.087908,2026-06-12 18:28:36.881518,0 days 00:00:01.793610,,,,,,,,,,,,,,,LinearRegression,,,,,,5,,,,,,,,True,,,,,,,,,-0.052554829484309756,-0.03902051118917099,98.0,-0.045787670336740374,0.0067671591475693856,0.033929698980124566,1.9844674545084815,1.059143862945236,1.082451502146837,98.0,1.0707976825460366,0.011653819600800579,0.05843081009345877,1.9844674545084815,303587225917552.1,399511241935237.5,98.0,351549233926394.8,47962008008842.69,240475576048312.6,1.9844674545084815,3.156395369560789,3.246288513101283,98.0,3.201341941331036,0.04494657177024723,0.22535655170764057,1.9844674545084815,0.9259455257644006,0.9475060970999231,98.0,0.9367258114321618,0.010780285667761269,0.054051018994915795,1.9844674545084815,99.0,0.6868686868686869,-0.04270598365785157,-0.019886470917692176,98.0,-0.03129622728777187,0.011409756370079694,0.05720710724121379,1.9844674545084815,LinearRegression,"{'mode': 'original', 'type': 'LinearRegression'}",5,"['z_pe_T2W10', 'z_l2_T2W10', 'z_lsc_T2W10', 'z_diameter_T2W10', 'z_asp_T2W10']",0.040132363408441875,0.08909251096061405,98.0,0.06461243718452796,0.024480073776086082,0.12274006213259751,1.9844674545084815,1.351786828003647,1.3827209786432155,98.0,1.3672539033234312,0.015467075319784338,0.07755000263170855,1.9844674545084815,completed,True,COMPLETE
533,1.4303211473021464,2026-06-12 18:28:36.893992,2026-06-12 18:28:37.135147,0 days 00:00:00.241155,9.0,1.0,6.0,,,,,,,,,,,,DecisionTreeRegressor,,,,,,3,,,,,,,,True,,,,,,,,,,,,,,,,,,,,,,,,,,,,,,,,,,,,,,,,,,,,,,,,,,,,,DecisionTreeRegressor,"{'mode': 'original', 'type': 'DecisionTreeRegressor'}",3,"['z_re_T2W10', 'z_l2_T2W10', 'z_l3_T2W10']",,,,,,,,,,,,,,,pruned,True,PRUNED
534,1.07207038264235,2026-06-12 18:28:37.147056,2026-06-12 18:28:38.408305,0 days 00:00:01.261249,,,,,,18.0,,2.0,11.0,158.0,,,,,ExtraTreesRegressor,,,,,,3,,,,,,,,False,,,,,,,,,,,,,,,,,,,,,,,,,,,,,,,,,,,,,,,,,,,,,,,,,,,,,ExtraTreesRegressor,"{'mode': 'original', 'type': 'ExtraTreesRegressor'}",3,"['z_pe_T2W10', 'z_l2_T2W10', 'z_l3_T2W10']",,,,,,,,,,,,,,,pruned,False,PRUNED
535,1.0534484688116579,2026-06-12 18:28:38.418848,2026-06-12 18:28:39.129056,0 days 00:00:00.710208,,,,,,,,,,,,,,,XGBRegressor,,,,,,3,,,,,,,,False,gbtree,0.7598058379015038,0.022851779404450448,5.0,113.0,9.305437128443685,1.647994748405775e-07,0.7013697423734153,,,,,,,,,,,,,,,,,,,,,,,,,,,,,,,,,,,,,,,,,,,,,XGBRegressor,"{'mode': 'original', 'type': 'XGBRegressor'}",3,"['z_l1_T2W10', 'z_l2_T2W10', 'z_density_T2W10']",,,,,,,,,,,,,,,pruned,False,PRUNED
