number,value,datetime_start,datetime_complete,duration,params_dt_max_depth,params_dt_min_samples_leaf,params_dt_min_samples_split,params_elastic_alpha,params_elastic_l1_ratio,params_et_max_depth,params_et_max_features,params_et_min_samples_leaf,params_et_min_samples_split,params_et_n_estimators,params_knn_metric,params_knn_n_neighbors,params_knn_weights,params_quantile_alpha,params_regressor,params_rf_max_depth,params_rf_max_features,params_rf_min_samples_leaf,params_rf_min_samples_split,params_rf_n_estimators,params_rfe_n_features,params_rfe_proxy_et_max_depth,params_rfe_proxy_et_min_samples_leaf,params_rfe_proxy_et_min_samples_split,params_rfe_proxy_et_n_estimators,params_rfe_proxy_lsvr_C,params_rfe_proxy_lsvr_epsilon,params_rfe_proxy_type,params_use_scaler,params_xgb_booster,params_xgb_colsample_bytree,params_xgb_learning_rate,params_xgb_max_depth,params_xgb_n_estimators,params_xgb_reg_alpha,params_xgb_reg_lambda,params_xgb_subsample,user_attrs_d2mae_ci_lower_val,user_attrs_d2mae_ci_upper_val,user_attrs_d2mae_df_val,user_attrs_d2mae_mean_val,user_attrs_d2mae_samperror_val,user_attrs_d2mae_std_val,user_attrs_d2mae_t_critical_val,user_attrs_mae_ci_lower_val,user_attrs_mae_ci_upper_val,user_attrs_mae_df_val,user_attrs_mae_mean_val,user_attrs_mae_samperror_val,user_attrs_mae_std_val,user_attrs_mae_t_critical_val,user_attrs_mape_ci_lower_val,user_attrs_mape_ci_upper_val,user_attrs_mape_df_val,user_attrs_mape_mean_val,user_attrs_mape_samperror_val,user_attrs_mape_std_val,user_attrs_mape_t_critical_val,user_attrs_max_error_ci_lower_val,user_attrs_max_error_ci_upper_val,user_attrs_max_error_df_val,user_attrs_max_error_mean_val,user_attrs_max_error_samperror_val,user_attrs_max_error_std_val,user_attrs_max_error_t_critical_val,user_attrs_median_ae_ci_lower_val,user_attrs_median_ae_ci_upper_val,user_attrs_median_ae_df_val,user_attrs_median_ae_mean_val,user_attrs_median_ae_samperror_val,user_attrs_median_ae_std_val,user_attrs_median_ae_t_critical_val,user_attrs_n_splits_val,user_attrs_r2_below_zero_val,user_attrs_r2_ci_lower_val,user_attrs_r2_ci_upper_val,user_attrs_r2_df_val,user_attrs_r2_mean_val,user_attrs_r2_samperror_val,user_attrs_r2_std_val,user_attrs_r2_t_critical_val,user_attrs_regressor_final,user_attrs_rfe_estimator,user_attrs_rfe_n_features,user_attrs_rfe_selected_features,user_attrs_rho_ci_lower_val,user_attrs_rho_ci_upper_val,user_attrs_rho_df_val,user_attrs_rho_mean_val,user_attrs_rho_samperror_val,user_attrs_rho_std_val,user_attrs_rho_t_critical_val,user_attrs_rmse_ci_lower_val,user_attrs_rmse_ci_upper_val,user_attrs_rmse_df_val,user_attrs_rmse_mean_val,user_attrs_rmse_samperror_val,user_attrs_rmse_std_val,user_attrs_rmse_t_critical_val,user_attrs_termination_reason,user_attrs_use_scaler_final,state
354,1.0287005480249056,2026-06-12 18:21:03.310429,2026-06-12 18:21:10.382285,0 days 00:00:07.071856,,,,,,3.0,,1.0,11.0,85.0,,,,,ExtraTreesRegressor,,,,,,2,,,,,,,,True,,,,,,,,,-0.00925080860576557,0.00026543353152823183,98.0,-0.004492687537118669,0.004758121068646901,0.023856630537226874,1.9844674545084815,1.0177300781144922,1.039671017935319,98.0,1.0287005480249056,0.010970469910413455,0.05500457926492501,1.9844674545084815,288511371039614.9,380842777783737.5,98.0,334677074411676.2,46165703372061.29,231469126772698.0,1.9844674545084815,3.026263462798049,3.0991250467886893,98.0,3.062694254793369,0.036430791995320115,0.1826594851774275,1.9844674545084815,0.9834884174424978,0.992973764868113,98.0,0.9882310911553054,0.0047426737128075675,0.02377917940563117,1.9844674545084815,99.0,0.15151515151515152,0.020061850910175073,0.033210413476960965,98.0,0.02663613219356802,0.006574281283392947,0.032962633224949224,1.9844674545084815,ExtraTreesRegressor,"{'mode': 'original', 'type': 'ExtraTreesRegressor'}",2,"['z_l2_T2W10', 'z_l3_T2W10']",0.08543634087465443,0.14406531074804738,98.0,0.1147508258113509,0.029314484936696465,0.1469792017551053,1.9844674545084815,1.3142329777254977,1.3432740027863825,98.0,1.3287534902559401,0.014520512530442344,0.07280405388012696,1.9844674545084815,completed,True,COMPLETE
355,1.1352787666208353,2026-06-12 18:21:10.450759,2026-06-12 18:21:10.796328,0 days 00:00:00.345569,,,,,,,,,,,euclidean,7.0,distance,,KNeighborsRegressor,,,,,,7,8.0,1.0,12.0,20.0,,,ExtraTrees,,,,,,,,,,,,,,,,,,,,,,,,,,,,,,,,,,,,,,,,,,,,,,,,,,,,,,KNeighborsRegressor,"{'mode': 'proxy', 'type': 'ExtraTrees'}",7,"['z_re_T2W10', 'z_pe_T2W10', 'z_l1_T2W10', 'z_l2_T2W10', 'z_l3_T2W10', 'z_lsc_T2W10', 'z_density_T2W10']",,,,,,,,,,,,,,,pruned,True,PRUNED
356,1.274900926497518,2026-06-12 18:21:10.806201,2026-06-12 18:21:11.445281,0 days 00:00:00.639080,,,,,,,,,,,,,,,XGBRegressor,,,,,,8,,,,,,,,True,gbtree,0.7699785651402797,0.28741006847416,3.0,230.0,0.37870378817184325,0.0004882270025709819,0.9635004839621477,,,,,,,,,,,,,,,,,,,,,,,,,,,,,,,,,,,,,,,,,,,,,XGBRegressor,"{'mode': 'original', 'type': 'XGBRegressor'}",8,"['z_re_T2W10', 'z_pe_T2W10', 'z_l1_T2W10', 'z_l2_T2W10', 'z_l3_T2W10', 'z_lsc_T2W10', 'z_diameter_T2W10', 'z_asp_T2W10']",,,,,,,,,,,,,,,pruned,True,PRUNED
357,1.0202727734664387,2026-06-12 18:21:11.456564,2026-06-12 18:21:11.717553,0 days 00:00:00.260989,,,,0.05875045082789027,0.30552431065802355,,,,,,,,,,ElasticNet,,,,,,5,,,,,,,,False,,,,,,,,,,,,,,,,,,,,,,,,,,,,,,,,,,,,,,,,,,,,,,,,,,,,,ElasticNet,"{'mode': 'original', 'type': 'ElasticNet'}",5,"['z_pe_T2W10', 'z_l2_T2W10', 'z_l3_T2W10', 'z_lsc_T2W10', 'z_asp_T2W10']",,,,,,,,,,,,,,,pruned,False,PRUNED
358,1.0846926294059136,2026-06-12 18:21:11.727355,2026-06-12 18:21:12.080912,0 days 00:00:00.353557,,,,,,,,,,,manhattan,19.0,distance,,KNeighborsRegressor,,,,,,7,2.0,1.0,6.0,40.0,,,ExtraTrees,,,,,,,,,,,,,,,,,,,,,,,,,,,,,,,,,,,,,,,,,,,,,,,,,,,,,,KNeighborsRegressor,"{'mode': 'proxy', 'type': 'ExtraTrees'}",7,"['z_re_T2W10', 'z_pe_T2W10', 'z_l1_T2W10', 'z_l2_T2W10', 'z_l3_T2W10', 'z_density_T2W10', 'z_asp_T2W10']",,,,,,,,,,,,,,,pruned,True,PRUNED
359,1.0645176281315614,2026-06-12 18:21:12.092150,2026-06-12 18:21:14.793994,0 days 00:00:02.701844,,,,0.0007485022950356935,0.5025660764634424,,,,,,,,,,ElasticNet,,,,,,5,,,,,,,,False,,,,,,,,,-0.04515853301840528,-0.03393259633525979,98.0,-0.03954556467683253,0.005612968341572749,0.02814272903319209,1.9844674545084815,1.0531398583053027,1.07589539795782,98.0,1.0645176281315614,0.011377769826258774,0.05704673066670274,1.9844674545084815,305373162494397.0,401651919655820.25,98.0,353512541075108.6,48139378580711.63,241364890157854.03,1.9844674545084815,3.1170370688049034,3.1933437322789264,98.0,3.155190400541915,0.0381533317370114,0.19129608639255913,1.9844674545084815,0.9455429945958271,0.9624643380016571,98.0,0.9540036662987421,0.00846067170291498,0.04242076147310229,1.9844674545084815,99.0,0.7171717171717171,-0.037643601826695045,-0.019774692619113327,98.0,-0.028709147222904186,0.00893445460379086,0.04479625033897635,1.9844674545084815,ElasticNet,"{'mode': 'original', 'type': 'ElasticNet'}",5,"['z_pe_T2W10', 'z_l2_T2W10', 'z_lsc_T2W10', 'z_diameter_T2W10', 'z_asp_T2W10']",0.0018969205579483957,0.05313680150420694,98.0,0.02751686103107767,0.025619940473129273,0.12845521276889305,1.9844674545084815,1.3505800026607273,1.3811952251979045,98.0,1.365887613929316,0.01530761126858849,0.07675046960208125,1.9844674545084815,completed,False,COMPLETE
360,1.0456232810507016,2026-06-12 18:21:14.808484,2026-06-12 18:21:15.763426,0 days 00:00:00.954942,,,,,,,,,,,,,,,XGBRegressor,,,,,,8,,,,,,,,True,gbtree,0.6080190912547998,0.0018270239281680462,5.0,278.0,0.0037695681044651328,0.0071090215639210445,0.8204131573451031,,,,,,,,,,,,,,,,,,,,,,,,,,,,,,,,,,,,,,,,,,,,,XGBRegressor,"{'mode': 'original', 'type': 'XGBRegressor'}",8,"['z_pe_T2W10', 'z_l1_T2W10', 'z_l2_T2W10', 'z_l3_T2W10', 'z_lsc_T2W10', 'z_density_T2W10', 'z_diameter_T2W10', 'z_asp_T2W10']",,,,,,,,,,,,,,,pruned,True,PRUNED
361,1.0313640891730087,2026-06-12 18:21:15.773969,2026-06-12 18:21:18.717862,0 days 00:00:02.943893,,,,,,,,,,,,,,0.00032005827119523133,QuantileRegressor,,,,,,7,,,,,,,,False,,,,,,,,,-0.012956876990230183,-0.001756027824488542,98.0,-0.007356452407359363,0.005600424582870821,0.028079836178516338,1.9844674545084815,1.0210784146410326,1.0416497637049849,98.0,1.0313640891730087,0.010285674531976142,0.05157109993531534,1.9844674545084815,307360196735405.75,403171260813124.0,98.0,355265728774264.9,47905532038859.13,240192412519959.5,1.9844674545084815,2.9688696693679115,3.0512925250800804,98.0,3.010081097223996,0.041211427856084545,0.20662900209762386,1.9844674545084815,0.995362279392648,1.0017771360287988,98.0,0.9985697077107234,0.0032074283180754627,0.016081648880936394,1.9844674545084815,99.0,0.9595959595959596,-0.019604299654547883,-0.005833201105809523,98.0,-0.012718750380178704,0.0068855492743691805,0.03452329243299594,1.9844674545084815,QuantileRegressor,"{'mode': 'original', 'type': 'QuantileRegressor'}",7,"['z_l1_T2W10', 'z_l2_T2W10', 'z_l3_T2W10', 'z_lsc_T2W10', 'z_density_T2W10', 'z_diameter_T2W10', 'z_asp_T2W10']",-0.15072749377925843,0.03610817641238196,14.0,-0.05730965868343823,0.09341783509582019,0.16869077078994257,2.144786687917804,1.3408557425466328,1.3697123313907935,98.0,1.3552840369687131,0.014428294422080407,0.0723416836906567,1.9844674545084815,completed,False,COMPLETE
362,1.0241187384044526,2026-06-12 18:21:18.799663,2026-06-12 18:21:21.529736,0 days 00:00:02.730073,,,,,,,,,,,,,,2.710323160002809,QuantileRegressor,,,,,,5,,,,,,,,True,,,,,,,,,0.0,0.0,98.0,0.0,0.0,0.0,1.9844674545084815,1.0142445249741314,1.0339929518347737,98.0,1.0241187384044526,0.009874213430321107,0.04950808486255764,1.9844674545084815,305901430884989.94,401528566240617.56,98.0,353714998562803.75,47813567677813.83,239731314588150.53,1.9844674545084815,2.951594894990265,3.0080010646056943,98.0,2.9797979797979797,0.028203084807714735,0.14140677897022574,1.9844674545084815,1.0,1.0,98.0,1.0,0.0,0.0,1.9844674545084815,99.0,0.9393939393939394,-0.005464225809889945,-0.0036532722000295697,98.0,-0.004558749004959757,0.0009054768049301876,0.004539948707398303,1.9844674545084815,QuantileRegressor,"{'mode': 'original', 'type': 'QuantileRegressor'}",5,"['z_l3_T2W10', 'z_lsc_T2W10', 'z_density_T2W10', 'z_diameter_T2W10', 'z_asp_T2W10']",,,,,,,,1.335779145669776,1.3645398079803412,98.0,1.3501594768250587,0.014380331155282654,0.07210120180319649,1.9844674545084815,completed,True,COMPLETE
363,1.1336389529410495,2026-06-12 18:21:21.592680,2026-06-12 18:21:22.752345,0 days 00:00:01.159665,,,,,,,,,,,,,,,RandomForestRegressor,16.0,,3.0,3.0,167.0,9,,,,,,,,True,,,,,,,,,,,,,,,,,,,,,,,,,,,,,,,,,,,,,,,,,,,,,,,,,,,,,RandomForestRegressor,"{'mode': 'original', 'type': 'RandomForestRegressor'}",9,"['z_re_T2W10', 'z_pe_T2W10', 'z_l1_T2W10', 'z_l2_T2W10', 'z_l3_T2W10', 'z_lsc_T2W10', 'z_density_T2W10', 'z_diameter_T2W10', 'z_asp_T2W10']",,,,,,,,,,,,,,,pruned,True,PRUNED
364,1.0655035518833949,2026-06-12 18:21:22.764968,2026-06-12 18:21:25.433287,0 days 00:00:02.668319,,,,0.0042012607279230466,0.7373570773877997,,,,,,,,,,ElasticNet,,,,,,5,,,,,,,,True,,,,,,,,,-0.04626460287248344,-0.03481327337667268,98.0,-0.04053893812457806,0.005725664747905383,0.028707774875860275,1.9844674545084815,1.0541742662681288,1.0768328374986609,98.0,1.0655035518833949,0.011329285615266109,0.05680363682948142,1.9844674545084815,305662314072664.06,401942218872040.3,98.0,353802266472352.2,48139952399688.12,241367767215230.2,1.9844674545084815,3.1217134275318066,3.200066520817774,98.0,3.1608899741747902,0.0391765466429838,0.19642635937632508,1.9844674545084815,0.9437500314532123,0.9616197876628205,98.0,0.9526849095580164,0.008934878104804093,0.04479837372067662,1.9844674545084815,99.0,0.7272727272727273,-0.039096431649382604,-0.020976945845769354,98.0,-0.03003668874757598,0.009059742901806623,0.045424430369134766,1.9844674545084815,ElasticNet,"{'mode': 'original', 'type': 'ElasticNet'}",5,"['z_pe_T2W10', 'z_l2_T2W10', 'z_lsc_T2W10', 'z_diameter_T2W10', 'z_asp_T2W10']",0.0011906115513921171,0.052241164533494255,98.0,0.026715888042443188,0.02552527649105107,0.1279805792711236,1.9844674545084815,1.3514723913990967,1.3820011243899273,98.0,1.366736757894512,0.015264366495415195,0.07653364565805436,1.9844674545084815,completed,True,COMPLETE
365,1.0970845481049563,2026-06-12 18:21:25.446319,2026-06-12 18:21:25.766814,0 days 00:00:00.320495,,,,,,,,,,,minkowski,14.0,uniform,,KNeighborsRegressor,,,,,,7,,,,,0.4339260158221391,0.3806019094922788,LinearSVR,,,,,,,,,,,,,,,,,,,,,,,,,,,,,,,,,,,,,,,,,,,,,,,,,,,,,,KNeighborsRegressor,"{'mode': 'proxy', 'type': 'LinearSVR'}",7,"['z_pe_T2W10', 'z_l1_T2W10', 'z_l2_T2W10', 'z_lsc_T2W10', 'z_density_T2W10', 'z_diameter_T2W10', 'z_asp_T2W10']",,,,,,,,,,,,,,,pruned,True,PRUNED
366,1.0321623209398425,2026-06-12 18:21:25.778362,2026-06-12 18:21:31.804240,0 days 00:00:06.025878,,,,,,3.0,sqrt,5.0,2.0,82.0,,,,,ExtraTreesRegressor,,,,,,4,,,,,,,,False,,,,,,,,,-0.01085114829634836,-0.0049753097147394905,98.0,-0.007913229005543925,0.0029379192908044346,0.014730363952013652,1.9844674545084815,1.0220199674459112,1.0423046744337738,98.0,1.0321623209398425,0.010142353493931338,0.05085250597700333,1.9844674545084815,295799522901100.44,389290748125054.06,98.0,342545135513077.25,46745612611976.805,234376719976441.97,1.9844674545084815,3.0500519148501537,3.130041655486652,98.0,3.090046785168403,0.03999487031824905,0.2005293330709857,1.9844674545084815,0.9839891470908521,0.9919166734590955,98.0,0.9879529102749738,0.00396376318412171,0.01987381835316453,1.9844674545084815,99.0,0.31313131313131315,0.004140896226115041,0.01296381123848438,98.0,0.00855235373229971,0.00441145750618467,0.022118502311596795,1.9844674545084815,ExtraTreesRegressor,"{'mode': 'original', 'type': 'ExtraTreesRegressor'}",4,"['z_pe_T2W10', 'z_l2_T2W10', 'z_l3_T2W10', 'z_diameter_T2W10']",0.04662113729330346,0.09898253009567697,98.0,0.07280183369449021,0.026180696401186754,0.13126677363592903,1.9844674545084815,1.3268458814340618,1.3555034313571723,98.0,1.341174656395617,0.014328774961555376,0.07184270542449733,1.9844674545084815,completed,False,COMPLETE
367,1.076275274444495,2026-06-12 18:21:31.817059,2026-06-12 18:21:31.964548,0 days 00:00:00.147489,,,,,,,,,,,,,,,LinearRegression,,,,,,9,,,,,,,,False,,,,,,,,,,,,,,,,,,,,,,,,,,,,,,,,,,,,,,,,,,,,,,,,,,,,,LinearRegression,"{'mode': 'original', 'type': 'LinearRegression'}",9,"['z_re_T2W10', 'z_pe_T2W10', 'z_l1_T2W10', 'z_l2_T2W10', 'z_l3_T2W10', 'z_lsc_T2W10', 'z_density_T2W10', 'z_diameter_T2W10', 'z_asp_T2W10']",,,,,,,,,,,,,,,pruned,False,PRUNED
368,1.0584722810862017,2026-06-12 18:21:31.974096,2026-06-12 18:21:32.156620,0 days 00:00:00.182524,,,,,,,,,,,,,,,XGBRegressor,,,,,,7,,,,,,,,True,gblinear,0.9899851646794253,0.09517259270730555,10.0,68.0,0.0026117662573891046,0.0017450341235732876,0.6464110183504823,,,,,,,,,,,,,,,,,,,,,,,,,,,,,,,,,,,,,,,,,,,,,XGBRegressor,"{'mode': 'original', 'type': 'XGBRegressor'}",7,"['z_pe_T2W10', 'z_l2_T2W10', 'z_l3_T2W10', 'z_lsc_T2W10', 'z_density_T2W10', 'z_diameter_T2W10', 'z_asp_T2W10']",,,,,,,,,,,,,,,pruned,True,PRUNED
369,1.0241187384044528,2026-06-12 18:21:32.166470,2026-06-12 18:21:34.464200,0 days 00:00:02.297730,,,,,,,,,,,,,,0.00040504836317817647,QuantileRegressor,,,,,,3,,,,,,,,True,,,,,,,,,-3.833260175456339e-16,2.446604999002779e-17,98.0,-1.7942998377780307e-16,2.0389603376783086e-16,1.0223094947410325e-15,1.9844674545084815,1.0142445249741316,1.033992951834774,98.0,1.0241187384044528,0.009874213430321055,0.04950808486255738,1.9844674545084815,305901430884989.94,401528566240617.56,98.0,353714998562803.75,47813567677813.83,239731314588150.53,1.9844674545084815,2.9515948949902677,3.0080010646056943,98.0,2.979797979797981,0.028203084807713254,0.1414067789702183,1.9844674545084815,0.9999999999999992,1.0,98.0,0.9999999999999997,4.1819441520780617e-16,2.0967750741116442e-15,1.9844674545084815,99.0,0.9393939393939394,-0.0054642258098897,-0.003653272200029215,98.0,-0.004558749004959457,0.0009054768049302425,0.004539948707398578,1.9844674545084815,QuantileRegressor,"{'mode': 'original', 'type': 'QuantileRegressor'}",3,"['z_density_T2W10', 'z_diameter_T2W10', 'z_asp_T2W10']",0.07584996364930918,0.3217058388976903,1.0,0.19877790127349973,0.12292793762419055,0.013682004988298496,12.706204736174694,1.3357791456697758,1.3645398079803415,98.0,1.3501594768250587,0.014380331155282715,0.07210120180319679,1.9844674545084815,completed,True,COMPLETE
370,1.384486103465695,2026-06-12 18:21:34.478650,2026-06-12 18:21:34.786225,0 days 00:00:00.307575,17.0,4.0,15.0,,,,,,,,,,,,DecisionTreeRegressor,,,,,,7,,,,,,,,True,,,,,,,,,,,,,,,,,,,,,,,,,,,,,,,,,,,,,,,,,,,,,,,,,,,,,DecisionTreeRegressor,"{'mode': 'original', 'type': 'DecisionTreeRegressor'}",7,"['z_re_T2W10', 'z_l1_T2W10', 'z_l2_T2W10', 'z_l3_T2W10', 'z_lsc_T2W10', 'z_density_T2W10', 'z_diameter_T2W10']",,,,,,,,,,,,,,,pruned,True,PRUNED
371,1.024118738404453,2026-06-12 18:21:34.815167,2026-06-12 18:21:37.102415,0 days 00:00:02.287248,,,,,,,,,,,,,,0.03382699854685835,QuantileRegressor,,,,,,8,,,,,,,,True,,,,,,,,,-3.42268620741526e-16,-2.1077096408525242e-17,98.0,-1.8167285857502563e-16,1.6059576216650038e-16,8.052072884602077e-16,1.9844674545084815,1.0142445249741319,1.0339929518347741,98.0,1.024118738404453,0.009874213430321112,0.049508084862557665,1.9844674545084815,305901430884989.94,401528566240617.56,98.0,353714998562803.75,47813567677813.83,239731314588150.53,1.9844674545084815,2.951594894990265,3.0080010646056943,98.0,2.9797979797979797,0.028203084807714742,0.14140677897022577,1.9844674545084815,0.9999999999999999,1.0000000000000002,98.0,1.0,1.2779052387572856e-16,6.407258811362887e-16,1.9844674545084815,99.0,0.9393939393939394,-0.0054642258098899915,-0.003653272200029613,98.0,-0.0045587490049598025,0.0009054768049301893,0.004539948707398312,1.9844674545084815,QuantileRegressor,"{'mode': 'original', 'type': 'QuantileRegressor'}",8,"['z_pe_T2W10', 'z_l1_T2W10', 'z_l2_T2W10', 'z_l3_T2W10', 'z_lsc_T2W10', 'z_density_T2W10', 'z_diameter_T2W10', 'z_asp_T2W10']",-0.6969423458109598,0.5179647022920917,1.0,-0.08948882175943405,0.6074535240515258,0.06761019754224648,12.706204736174694,1.335779145669776,1.3645398079803412,98.0,1.3501594768250587,0.01438033115528266,0.07210120180319651,1.9844674545084815,completed,True,COMPLETE
372,1.0322546047221703,2026-06-12 18:21:37.115513,2026-06-12 18:21:39.276114,0 days 00:00:02.160601,,,,,,,,,,,,,,,XGBRegressor,,,,,,3,,,,,,,,False,gblinear,0.8632308575565024,0.001054667477065073,6.0,122.0,8.438972315176365,7.8091343805248e-08,0.6233394322608115,-0.008774521582226543,-0.007307384393765889,98.0,-0.008040952987996217,0.0007335685942303274,0.0036780222011548232,1.9844674545084815,1.022696411732161,1.0418127977121796,98.0,1.0322546047221703,0.0095581929900092,0.047923597461341325,1.9844674545084815,302668412259197.94,397512390586377.94,98.0,350090401422787.94,47421989163589.98,237767988349625.16,1.9844674545084815,2.984388583759745,3.0416200366468975,98.0,3.0130043102033213,0.0286157264435764,0.1434757130954829,1.9844674545084815,0.9620448561903395,0.9700908461932992,98.0,0.9660678511918194,0.004022995001479821,0.020170799359400842,1.9844674545084815,99.0,1.0,-0.004020215301745234,-0.002354629895835285,98.0,-0.0031874225987902596,0.0008327927029549746,0.004175519609917207,1.9844674545084815,XGBRegressor,"{'mode': 'original', 'type': 'XGBRegressor'}",3,"['z_density_T2W10', 'z_diameter_T2W10', 'z_asp_T2W10']",,,,,,,,1.3349089651699042,1.3635379673057197,98.0,1.349223466237812,0.014314501067907688,0.07177113788719267,1.9844674545084815,completed,False,COMPLETE
373,1.0882564037906457,2026-06-12 18:21:39.288971,2026-06-12 18:21:39.544950,0 days 00:00:00.255979,,,,,,,,,,,manhattan,16.0,distance,,KNeighborsRegressor,,,,,,5,11.0,2.0,12.0,40.0,,,ExtraTrees,,,,,,,,,,,,,,,,,,,,,,,,,,,,,,,,,,,,,,,,,,,,,,,,,,,,,,KNeighborsRegressor,"{'mode': 'proxy', 'type': 'ExtraTrees'}",5,"['z_pe_T2W10', 'z_l1_T2W10', 'z_l2_T2W10', 'z_l3_T2W10', 'z_density_T2W10']",,,,,,,,,,,,,,,pruned,True,PRUNED
374,1.0677751546046064,2026-06-12 18:21:39.554982,2026-06-12 18:21:41.486426,0 days 00:00:01.931444,,,,0.0002917112640198782,0.5882022669483905,,,,,,,,,,ElasticNet,,,,,,5,,,,,,,,False,,,,,,,,,-0.04899097857349966,-0.036579001484393005,98.0,-0.04278499002894633,0.006205988544553327,0.031116058984134706,1.9844674545084815,1.0562757601148731,1.0792745490943396,98.0,1.0677751546046064,0.011499394489733191,0.05765654168640191,1.9844674545084815,304438123534919.56,400524675380517.8,98.0,352481399457718.7,48043275922799.11,240883043317391.72,1.9844674545084815,3.1363633129106376,3.2200422057122124,98.0,3.178202759311425,0.04183944640078721,0.20977780940524432,1.9844674545084815,0.9346906561355504,0.9546292448195319,98.0,0.9446599504775411,0.009969294341990778,0.0499848087937314,1.9844674545084815,99.0,0.696969696969697,-0.03983398621780404,-0.019514850458845375,98.0,-0.029674418338324706,0.010159567879479331,0.05093881677700587,1.9844674545084815,ElasticNet,"{'mode': 'original', 'type': 'ElasticNet'}",5,"['z_pe_T2W10', 'z_l2_T2W10', 'z_lsc_T2W10', 'z_diameter_T2W10', 'z_asp_T2W10']",0.024547065435474826,0.0746892565381173,98.0,0.04961816098679606,0.025071095551321237,0.12570337221399708,1.9844674545084815,1.3509876264917977,1.3817372520384843,98.0,1.366362439265141,0.015374812773343394,0.07708740963520642,1.9844674545084815,completed,False,COMPLETE
