number,value,datetime_start,datetime_complete,duration,params_dt_max_depth,params_dt_min_samples_leaf,params_dt_min_samples_split,params_elastic_alpha,params_elastic_l1_ratio,params_et_max_depth,params_et_max_features,params_et_min_samples_leaf,params_et_min_samples_split,params_et_n_estimators,params_knn_metric,params_knn_n_neighbors,params_knn_weights,params_quantile_alpha,params_regressor,params_rf_max_depth,params_rf_max_features,params_rf_min_samples_leaf,params_rf_min_samples_split,params_rf_n_estimators,params_rfe_n_features,params_rfe_proxy_et_max_depth,params_rfe_proxy_et_min_samples_leaf,params_rfe_proxy_et_min_samples_split,params_rfe_proxy_et_n_estimators,params_rfe_proxy_lsvr_C,params_rfe_proxy_lsvr_epsilon,params_rfe_proxy_type,params_use_scaler,params_xgb_booster,params_xgb_colsample_bytree,params_xgb_learning_rate,params_xgb_max_depth,params_xgb_n_estimators,params_xgb_reg_alpha,params_xgb_reg_lambda,params_xgb_subsample,user_attrs_d2mae_ci_lower_val,user_attrs_d2mae_ci_upper_val,user_attrs_d2mae_df_val,user_attrs_d2mae_mean_val,user_attrs_d2mae_samperror_val,user_attrs_d2mae_std_val,user_attrs_d2mae_t_critical_val,user_attrs_mae_ci_lower_val,user_attrs_mae_ci_upper_val,user_attrs_mae_df_val,user_attrs_mae_mean_val,user_attrs_mae_samperror_val,user_attrs_mae_std_val,user_attrs_mae_t_critical_val,user_attrs_mape_ci_lower_val,user_attrs_mape_ci_upper_val,user_attrs_mape_df_val,user_attrs_mape_mean_val,user_attrs_mape_samperror_val,user_attrs_mape_std_val,user_attrs_mape_t_critical_val,user_attrs_max_error_ci_lower_val,user_attrs_max_error_ci_upper_val,user_attrs_max_error_df_val,user_attrs_max_error_mean_val,user_attrs_max_error_samperror_val,user_attrs_max_error_std_val,user_attrs_max_error_t_critical_val,user_attrs_median_ae_ci_lower_val,user_attrs_median_ae_ci_upper_val,user_attrs_median_ae_df_val,user_attrs_median_ae_mean_val,user_attrs_median_ae_samperror_val,user_attrs_median_ae_std_val,user_attrs_median_ae_t_critical_val,user_attrs_n_splits_val,user_attrs_r2_below_zero_val,user_attrs_r2_ci_lower_val,user_attrs_r2_ci_upper_val,user_attrs_r2_df_val,user_attrs_r2_mean_val,user_attrs_r2_samperror_val,user_attrs_r2_std_val,user_attrs_r2_t_critical_val,user_attrs_regressor_final,user_attrs_rfe_estimator,user_attrs_rfe_n_features,user_attrs_rfe_selected_features,user_attrs_rho_ci_lower_val,user_attrs_rho_ci_upper_val,user_attrs_rho_df_val,user_attrs_rho_mean_val,user_attrs_rho_samperror_val,user_attrs_rho_std_val,user_attrs_rho_t_critical_val,user_attrs_rmse_ci_lower_val,user_attrs_rmse_ci_upper_val,user_attrs_rmse_df_val,user_attrs_rmse_mean_val,user_attrs_rmse_samperror_val,user_attrs_rmse_std_val,user_attrs_rmse_t_critical_val,user_attrs_termination_reason,user_attrs_use_scaler_final,state
282,1.0770510215544917,2026-06-12 18:18:22.095378,2026-06-12 18:18:22.221234,0 days 00:00:00.125856,,,,0.0002447220966646715,0.9743948076661665,,,,,,,,,,ElasticNet,,,,,,9,,,,,,,,False,,,,,,,,,,,,,,,,,,,,,,,,,,,,,,,,,,,,,,,,,,,,,,,,,,,,,ElasticNet,"{'mode': 'original', 'type': 'ElasticNet'}",9,"['z_re_T2W10', 'z_pe_T2W10', 'z_l1_T2W10', 'z_l2_T2W10', 'z_l3_T2W10', 'z_lsc_T2W10', 'z_density_T2W10', 'z_diameter_T2W10', 'z_asp_T2W10']",,,,,,,,,,,,,,,pruned,False,PRUNED
283,1.365638160025915,2026-06-12 18:18:22.232110,2026-06-12 18:18:22.429779,0 days 00:00:00.197669,13.0,5.0,9.0,,,,,,,,,,,,DecisionTreeRegressor,,,,,,8,,,,,,,,True,,,,,,,,,,,,,,,,,,,,,,,,,,,,,,,,,,,,,,,,,,,,,,,,,,,,,DecisionTreeRegressor,"{'mode': 'original', 'type': 'DecisionTreeRegressor'}",8,"['z_re_T2W10', 'z_l1_T2W10', 'z_l2_T2W10', 'z_l3_T2W10', 'z_lsc_T2W10', 'z_density_T2W10', 'z_diameter_T2W10', 'z_asp_T2W10']",,,,,,,,,,,,,,,pruned,True,PRUNED
284,1.0906240924996713,2026-06-12 18:18:22.440744,2026-06-12 18:18:23.923465,0 days 00:00:01.482721,,,,,,10.0,log2,2.0,6.0,428.0,,,,,ExtraTreesRegressor,,,,,,9,,,,,,,,True,,,,,,,,,,,,,,,,,,,,,,,,,,,,,,,,,,,,,,,,,,,,,,,,,,,,,ExtraTreesRegressor,"{'mode': 'original', 'type': 'ExtraTreesRegressor'}",9,"['z_re_T2W10', 'z_pe_T2W10', 'z_l1_T2W10', 'z_l2_T2W10', 'z_l3_T2W10', 'z_lsc_T2W10', 'z_density_T2W10', 'z_diameter_T2W10', 'z_asp_T2W10']",,,,,,,,,,,,,,,pruned,True,PRUNED
285,1.0566352011918114,2026-06-12 18:18:23.933871,2026-06-12 18:18:25.738550,0 days 00:00:01.804679,,,,,,,,,,,,,,,LinearRegression,,,,,,3,,,,,,,,True,,,,,,,,,-0.03798787535892419,-0.025822446708555036,98.0,-0.03190516103373962,0.006082714325184579,0.03049797729520417,1.9844674545084815,1.0452835808153342,1.0679868215682886,98.0,1.0566352011918114,0.011351620376477203,0.05691562055975286,1.9844674545084815,306619953000464.56,403091344569276.8,98.0,354855648784870.7,48235695784406.12,241847812704331.3,1.9844674545084815,3.1348621545793334,3.2132923714128614,98.0,3.1740772629960974,0.03921510841676405,0.1966197033406049,1.9844674545084815,0.9498574261743359,0.9663771378015752,98.0,0.9581172819879555,0.008259855813619632,0.04141389544178331,1.9844674545084815,99.0,0.5757575757575758,-0.023641460919884713,-0.005536935726992355,98.0,-0.014589198323438534,0.009052262596446179,0.0453869250432477,1.9844674545084815,LinearRegression,"{'mode': 'original', 'type': 'LinearRegression'}",3,"['z_l2_T2W10', 'z_diameter_T2W10', 'z_asp_T2W10']",0.060975144422199555,0.10968036920374594,98.0,0.08532775681297275,0.024352612390773194,0.12210098651150632,1.9844674545084815,1.3413572157423364,1.371432702782112,98.0,1.3563949592622242,0.015037743519887887,0.07539738608827853,1.9844674545084815,completed,True,COMPLETE
286,1.286059857463488,2026-06-12 18:18:25.751297,2026-06-12 18:18:25.891450,0 days 00:00:00.140153,12.0,3.0,18.0,,,,,,,,,,,,DecisionTreeRegressor,,,,,,3,,,,,,,,True,,,,,,,,,,,,,,,,,,,,,,,,,,,,,,,,,,,,,,,,,,,,,,,,,,,,,DecisionTreeRegressor,"{'mode': 'original', 'type': 'DecisionTreeRegressor'}",3,"['z_re_T2W10', 'z_l2_T2W10', 'z_l3_T2W10']",,,,,,,,,,,,,,,pruned,True,PRUNED
287,1.0545700915281293,2026-06-12 18:18:25.902192,2026-06-12 18:18:26.050275,0 days 00:00:00.148083,,,,0.015394819813084208,0.9041586944937484,,,,,,,,,,ElasticNet,,,,,,4,,,,,,,,True,,,,,,,,,,,,,,,,,,,,,,,,,,,,,,,,,,,,,,,,,,,,,,,,,,,,,ElasticNet,"{'mode': 'original', 'type': 'ElasticNet'}",4,"['z_pe_T2W10', 'z_l2_T2W10', 'z_l3_T2W10', 'z_density_T2W10']",,,,,,,,,,,,,,,pruned,True,PRUNED
288,1.1009112920764694,2026-06-12 18:18:26.059836,2026-06-12 18:18:26.284217,0 days 00:00:00.224381,,,,,,,,,,,euclidean,10.0,distance,,KNeighborsRegressor,,,,,,3,3.0,1.0,3.0,20.0,,,ExtraTrees,,,,,,,,,,,,,,,,,,,,,,,,,,,,,,,,,,,,,,,,,,,,,,,,,,,,,,KNeighborsRegressor,"{'mode': 'proxy', 'type': 'ExtraTrees'}",3,"['z_pe_T2W10', 'z_l2_T2W10', 'z_l3_T2W10']",,,,,,,,,,,,,,,pruned,True,PRUNED
289,1.0959546344806388,2026-06-12 18:18:26.293910,2026-06-12 18:18:27.694419,0 days 00:00:01.400509,,,,,,,,,,,,,,,RandomForestRegressor,5.0,sqrt,1.0,2.0,175.0,6,,,,,,,,False,,,,,,,,,,,,,,,,,,,,,,,,,,,,,,,,,,,,,,,,,,,,,,,,,,,,,RandomForestRegressor,"{'mode': 'original', 'type': 'RandomForestRegressor'}",6,"['z_re_T2W10', 'z_pe_T2W10', 'z_l1_T2W10', 'z_l2_T2W10', 'z_l3_T2W10', 'z_lsc_T2W10']",,,,,,,,,,,,,,,pruned,False,PRUNED
290,1.4551907719609583,2026-06-12 18:18:27.704522,2026-06-12 18:18:27.816493,0 days 00:00:00.111971,16.0,2.0,5.0,,,,,,,,,,,,DecisionTreeRegressor,,,,,,4,,,,,,,,False,,,,,,,,,,,,,,,,,,,,,,,,,,,,,,,,,,,,,,,,,,,,,,,,,,,,,DecisionTreeRegressor,"{'mode': 'original', 'type': 'DecisionTreeRegressor'}",4,"['z_re_T2W10', 'z_l2_T2W10', 'z_l3_T2W10', 'z_lsc_T2W10']",,,,,,,,,,,,,,,pruned,False,PRUNED
291,1.0294386510741644,2026-06-12 18:18:27.826207,2026-06-12 18:18:43.790095,0 days 00:00:15.963888,,,,,,4.0,,3.0,6.0,289.0,,,,,ExtraTreesRegressor,,,,,,2,,,,,,,,True,,,,,,,,,-0.010288223924118373,-9.226209249221795e-05,98.0,-0.0051902430083052955,0.0050979809158130775,0.02556064577586971,1.9844674545084815,1.0182211840479805,1.0406561181003484,98.0,1.0294386510741644,0.011217467026184015,0.05624299225393594,1.9844674545084815,286381584460930.25,378078543709047.5,98.0,332230064084988.9,45848479624058.625,229878606135549.53,1.9844674545084815,3.0568993815263816,3.1343890371892673,98.0,3.0956442093578245,0.03874482783144298,0.19426177465174413,1.9844674545084815,0.9740254599203124,0.9858876628507074,98.0,0.9799565613855099,0.005931101465197444,0.029737809167234702,1.9844674545084815,99.0,0.20202020202020202,0.023092291430484135,0.0379828218907597,98.0,0.03053755666062192,0.007445265230137785,0.037329639007602895,1.9844674545084815,ExtraTreesRegressor,"{'mode': 'original', 'type': 'ExtraTreesRegressor'}",2,"['z_l2_T2W10', 'z_l3_T2W10']",0.11559144296103938,0.1691913201610253,98.0,0.14239138156103234,0.026799938599992974,0.13437157743071376,1.9844674545084815,1.3113272004200442,1.3407610885281713,98.0,1.3260441444741078,0.01471694405406348,0.07378893724422905,1.9844674545084815,completed,True,COMPLETE
292,1.1105919447845884,2026-06-12 18:18:43.802841,2026-06-12 18:18:45.199247,0 days 00:00:01.396406,,,,,,13.0,,3.0,10.0,292.0,,,,,ExtraTreesRegressor,,,,,,7,,,,,,,,True,,,,,,,,,,,,,,,,,,,,,,,,,,,,,,,,,,,,,,,,,,,,,,,,,,,,,ExtraTreesRegressor,"{'mode': 'original', 'type': 'ExtraTreesRegressor'}",7,"['z_re_T2W10', 'z_pe_T2W10', 'z_l1_T2W10', 'z_l2_T2W10', 'z_l3_T2W10', 'z_lsc_T2W10', 'z_density_T2W10']",,,,,,,,,,,,,,,pruned,True,PRUNED
293,1.0241187384044526,2026-06-12 18:18:45.209659,2026-06-12 18:18:47.349514,0 days 00:00:02.139855,,,,,,,,,,,,,,0.0026636419343091617,QuantileRegressor,,,,,,3,,,,,,,,False,,,,,,,,,-2.7109946587111645e-17,-4.290300574003892e-18,98.0,-1.570012358055777e-17,1.1409823006553877e-17,5.720744134825351e-17,1.9844674545084815,1.0142445249741314,1.0339929518347737,98.0,1.0241187384044526,0.009874213430321105,0.04950808486255763,1.9844674545084815,305901430884989.9,401528566240617.5,98.0,353714998562803.7,47813567677813.83,239731314588150.53,1.9844674545084815,2.951594894990265,3.0080010646056943,98.0,2.9797979797979797,0.028203084807714735,0.14140677897022574,1.9844674545084815,0.9999999999999999,1.0,98.0,1.0,5.79840053876503e-17,2.9072463135014863e-16,1.9844674545084815,99.0,0.9393939393939394,-0.005464225809889949,-0.0036532722000295744,98.0,-0.004558749004959762,0.0009054768049301874,0.0045399487073983025,1.9844674545084815,QuantileRegressor,"{'mode': 'original', 'type': 'QuantileRegressor'}",3,"['z_density_T2W10', 'z_diameter_T2W10', 'z_asp_T2W10']",,,,,,,,1.335779145669776,1.3645398079803412,98.0,1.3501594768250587,0.014380331155282654,0.07210120180319649,1.9844674545084815,completed,False,COMPLETE
294,1.0372820322481402,2026-06-12 18:18:47.361956,2026-06-12 18:18:48.025641,0 days 00:00:00.663685,,,,,,5.0,log2,5.0,9.0,166.0,,,,,ExtraTreesRegressor,,,,,,8,,,,,,,,True,,,,,,,,,,,,,,,,,,,,,,,,,,,,,,,,,,,,,,,,,,,,,,,,,,,,,ExtraTreesRegressor,"{'mode': 'original', 'type': 'ExtraTreesRegressor'}",8,"['z_re_T2W10', 'z_pe_T2W10', 'z_l2_T2W10', 'z_l3_T2W10', 'z_lsc_T2W10', 'z_density_T2W10', 'z_diameter_T2W10', 'z_asp_T2W10']",,,,,,,,,,,,,,,pruned,True,PRUNED
295,1.3944169985080452,2026-06-12 18:18:48.035620,2026-06-12 18:18:48.157255,0 days 00:00:00.121635,11.0,1.0,12.0,,,,,,,,,,,,DecisionTreeRegressor,,,,,,4,,,,,,,,True,,,,,,,,,,,,,,,,,,,,,,,,,,,,,,,,,,,,,,,,,,,,,,,,,,,,,DecisionTreeRegressor,"{'mode': 'original', 'type': 'DecisionTreeRegressor'}",4,"['z_re_T2W10', 'z_l1_T2W10', 'z_l2_T2W10', 'z_l3_T2W10']",,,,,,,,,,,,,,,pruned,True,PRUNED
296,1.0241187384044526,2026-06-12 18:18:48.193253,2026-06-12 18:18:50.323566,0 days 00:00:02.130313,,,,,,,,,,,,,,0.011460526527150103,QuantileRegressor,,,,,,4,,,,,,,,True,,,,,,,,,-3.70327549340163e-17,-3.3389914159893928e-18,98.0,-2.0185873175002847e-17,1.6846881759013454e-17,8.446818145874217e-17,1.9844674545084815,1.0142445249741314,1.0339929518347737,98.0,1.0241187384044526,0.009874213430321103,0.04950808486255762,1.9844674545084815,305901430884989.94,401528566240617.56,98.0,353714998562803.75,47813567677813.83,239731314588150.53,1.9844674545084815,2.951594894990265,3.0080010646056943,98.0,2.9797979797979797,0.028203084807714742,0.14140677897022577,1.9844674545084815,0.9999999999999999,1.0,98.0,1.0,7.43204126248956e-17,3.726333566940102e-16,1.9844674545084815,99.0,0.9494949494949495,-0.005464225809889941,-0.0036532722000295736,98.0,-0.004558749004959757,0.0009054768049301837,0.004539948707398284,1.9844674545084815,QuantileRegressor,"{'mode': 'original', 'type': 'QuantileRegressor'}",4,"['z_lsc_T2W10', 'z_density_T2W10', 'z_diameter_T2W10', 'z_asp_T2W10']",,,,,,,,1.335779145669776,1.3645398079803412,98.0,1.3501594768250587,0.014380331155282654,0.07210120180319649,1.9844674545084815,completed,True,COMPLETE
297,1.0241187384044526,2026-06-12 18:18:50.396303,2026-06-12 18:18:52.526431,0 days 00:00:02.130128,,,,,,,,,,,,,,1.6186162039332974,QuantileRegressor,,,,,,3,,,,,,,,True,,,,,,,,,0.0,0.0,98.0,0.0,0.0,0.0,1.9844674545084815,1.0142445249741314,1.0339929518347737,98.0,1.0241187384044526,0.009874213430321107,0.04950808486255764,1.9844674545084815,305901430884989.94,401528566240617.56,98.0,353714998562803.75,47813567677813.83,239731314588150.53,1.9844674545084815,2.951594894990265,3.0080010646056943,98.0,2.9797979797979797,0.028203084807714735,0.14140677897022574,1.9844674545084815,1.0,1.0,98.0,1.0,0.0,0.0,1.9844674545084815,99.0,0.9393939393939394,-0.005464225809889945,-0.0036532722000295697,98.0,-0.004558749004959757,0.0009054768049301876,0.004539948707398303,1.9844674545084815,QuantileRegressor,"{'mode': 'original', 'type': 'QuantileRegressor'}",3,"['z_density_T2W10', 'z_diameter_T2W10', 'z_asp_T2W10']",,,,,,,,1.335779145669776,1.3645398079803412,98.0,1.3501594768250587,0.014380331155282654,0.07210120180319649,1.9844674545084815,completed,True,COMPLETE
298,1.0326341343011058,2026-06-12 18:18:52.538969,2026-06-12 18:19:15.298081,0 days 00:00:22.759112,,,,,,10.0,log2,3.0,6.0,418.0,,,,,ExtraTreesRegressor,,,,,,3,,,,,,,,True,,,,,,,,,-0.01087399314639776,-0.0058053651623095484,98.0,-0.008339679154353654,0.0025343139920441056,0.012706736903336978,1.9844674545084815,1.0224417249676525,1.0428265436345592,98.0,1.0326341343011058,0.010192409333453226,0.05110347976528569,1.9844674545084815,296819216458667.6,390705765838617.5,98.0,343762491148642.56,46943274689974.96,235367773187991.2,1.9844674545084815,3.0654550275237717,3.1398452146782407,98.0,3.1026501211010062,0.03719509357723437,0.1864915987776667,1.9844674545084815,0.9764314502938342,0.9845992638088245,98.0,0.9805153570513293,0.004083906757495128,0.020476203370283677,1.9844674545084815,99.0,0.24242424242424243,0.0074873769171732085,0.015308829303741438,98.0,0.011398103110457324,0.003910726193284115,0.01960789744090439,1.9844674545084815,ExtraTreesRegressor,"{'mode': 'original', 'type': 'ExtraTreesRegressor'}",3,"['z_pe_T2W10', 'z_l2_T2W10', 'z_l3_T2W10']",0.11083353915946174,0.16034244961626923,98.0,0.13558799438786548,0.02475445522840374,0.12411577679806558,1.9844674545084815,1.3248355511044994,1.3538201345544645,98.0,1.339327842829482,0.014492291724982549,0.07266255825199895,1.9844674545084815,completed,True,COMPLETE
299,1.445928674500103,2026-06-12 18:19:15.310801,2026-06-12 18:19:15.430472,0 days 00:00:00.119671,17.0,3.0,13.0,,,,,,,,,,,,DecisionTreeRegressor,,,,,,9,,,,,,,,True,,,,,,,,,,,,,,,,,,,,,,,,,,,,,,,,,,,,,,,,,,,,,,,,,,,,,DecisionTreeRegressor,"{'mode': 'original', 'type': 'DecisionTreeRegressor'}",9,"['z_re_T2W10', 'z_pe_T2W10', 'z_l1_T2W10', 'z_l2_T2W10', 'z_l3_T2W10', 'z_lsc_T2W10', 'z_density_T2W10', 'z_diameter_T2W10', 'z_asp_T2W10']",,,,,,,,,,,,,,,pruned,True,PRUNED
300,1.0602223573966312,2026-06-12 18:19:15.450440,2026-06-12 18:19:15.547604,0 days 00:00:00.097164,,,,,,,,,,,,,,,LinearRegression,,,,,,8,,,,,,,,True,,,,,,,,,,,,,,,,,,,,,,,,,,,,,,,,,,,,,,,,,,,,,,,,,,,,,LinearRegression,"{'mode': 'original', 'type': 'LinearRegression'}",8,"['z_pe_T2W10', 'z_l1_T2W10', 'z_l2_T2W10', 'z_l3_T2W10', 'z_lsc_T2W10', 'z_density_T2W10', 'z_diameter_T2W10', 'z_asp_T2W10']",,,,,,,,,,,,,,,pruned,True,PRUNED
301,1.0326649067254994,2026-06-12 18:19:15.558864,2026-06-12 18:19:17.300038,0 days 00:00:01.741174,,,,0.2949458041415269,0.5427244433475962,,,,,,,,,,ElasticNet,,,,,,4,,,,,,,,True,,,,,,,,,-0.009275428167795653,-0.007612382365996035,98.0,-0.008443905266895844,0.0008315229008998088,0.004169152979466142,1.9844674545084815,1.0231063070407964,1.0422235064102023,98.0,1.0326649067254994,0.00955859968470305,0.04792563657823488,1.9844674545084815,302649235222668.8,397494575005753.8,98.0,350071905114211.3,47422669891542.5,237771401435384.3,1.9844674545084815,2.9856672538728524,3.043058928589636,98.0,3.0143630912312442,0.028695837358392037,0.14387737931397182,1.9844674545084815,0.9635765010245164,0.9713742282993195,98.0,0.967475364661918,0.0038988636374015797,0.019548420052911537,1.9844674545084815,99.0,1.0,-0.004831789997284191,-0.002927583860744074,98.0,-0.003879686929014133,0.0009521030682700584,0.004773727024885939,1.9844674545084815,ElasticNet,"{'mode': 'original', 'type': 'ElasticNet'}",4,"['z_lsc_T2W10', 'z_density_T2W10', 'z_diameter_T2W10', 'z_asp_T2W10']",-0.14640489805009801,-0.0599559166031818,15.0,-0.10318040732663991,0.04322449072345811,0.08111754897225343,2.131449545559776,1.3353839110419758,1.3639803542838562,98.0,1.349682132662916,0.014298221620940231,0.07168951475359647,1.9844674545084815,completed,True,COMPLETE
302,1.380992873339812,2026-06-12 18:19:17.313516,2026-06-12 18:19:17.451395,0 days 00:00:00.137879,13.0,5.0,2.0,,,,,,,,,,,,DecisionTreeRegressor,,,,,,9,,,,,,,,True,,,,,,,,,,,,,,,,,,,,,,,,,,,,,,,,,,,,,,,,,,,,,,,,,,,,,DecisionTreeRegressor,"{'mode': 'original', 'type': 'DecisionTreeRegressor'}",9,"['z_re_T2W10', 'z_pe_T2W10', 'z_l1_T2W10', 'z_l2_T2W10', 'z_l3_T2W10', 'z_lsc_T2W10', 'z_density_T2W10', 'z_diameter_T2W10', 'z_asp_T2W10']",,,,,,,,,,,,,,,pruned,True,PRUNED
303,1.0241187384044526,2026-06-12 18:19:17.460907,2026-06-12 18:19:19.698119,0 days 00:00:02.237212,,,,,,,,,,,,,,4.244656636175243,QuantileRegressor,,,,,,5,,,,,,,,False,,,,,,,,,0.0,0.0,98.0,0.0,0.0,0.0,1.9844674545084815,1.0142445249741314,1.0339929518347737,98.0,1.0241187384044526,0.009874213430321107,0.04950808486255764,1.9844674545084815,305901430884989.94,401528566240617.56,98.0,353714998562803.75,47813567677813.83,239731314588150.53,1.9844674545084815,2.951594894990265,3.0080010646056943,98.0,2.9797979797979797,0.028203084807714735,0.14140677897022574,1.9844674545084815,1.0,1.0,98.0,1.0,0.0,0.0,1.9844674545084815,99.0,0.9393939393939394,-0.005464225809889945,-0.0036532722000295697,98.0,-0.004558749004959757,0.0009054768049301876,0.004539948707398303,1.9844674545084815,QuantileRegressor,"{'mode': 'original', 'type': 'QuantileRegressor'}",5,"['z_l3_T2W10', 'z_lsc_T2W10', 'z_density_T2W10', 'z_diameter_T2W10', 'z_asp_T2W10']",,,,,,,,1.335779145669776,1.3645398079803412,98.0,1.3501594768250587,0.014380331155282654,0.07210120180319649,1.9844674545084815,completed,False,COMPLETE
304,1.0467683462412252,2026-06-12 18:19:19.711156,2026-06-12 18:19:21.570714,0 days 00:00:01.859558,,,,0.004742269251269964,0.8028534485980114,,,,,,,,,,ElasticNet,,,,,,2,,,,,,,,True,,,,,,,,,-0.026484047759112637,-0.018072359900616924,98.0,-0.02227820382986478,0.004205843929247855,0.021087581267838194,1.9844674545084815,1.0364670550512478,1.0570696374312025,98.0,1.0467683462412252,0.010301291189977257,0.05164939992701033,1.9844674545084815,304060883847083.25,399149672292287.6,98.0,351605278069685.44,47544394222602.17,238381712176028.75,1.9844674545084815,3.0530043025501405,3.120167444572281,98.0,3.086585873561211,0.033581571011070475,0.16837384356396443,1.9844674545084815,0.9650726326651019,0.9765804871910625,98.0,0.9708265599280822,0.005753927262980257,0.028849479630839496,1.9844674545084815,99.0,0.5353535353535354,-0.012757056594482511,-0.0015119866985087238,98.0,-0.007134521646495618,0.005622534947986894,0.028190694814521446,1.9844674545084815,ElasticNet,"{'mode': 'original', 'type': 'ElasticNet'}",2,"['z_diameter_T2W10', 'z_asp_T2W10']",0.05834852330507827,0.11029826420665158,98.0,0.08432339375586492,0.02597487045078665,0.1302347877778926,1.9844674545084815,1.3373382435568826,1.3658837677137914,98.0,1.351611005635337,0.014272762078454447,0.07156186375649755,1.9844674545084815,completed,True,COMPLETE
305,1.0962080813789314,2026-06-12 18:19:21.583093,2026-06-12 18:19:22.406702,0 days 00:00:00.823609,,,,,,,,,,,,,,,RandomForestRegressor,5.0,sqrt,3.0,7.0,113.0,7,,,,,,,,False,,,,,,,,,,,,,,,,,,,,,,,,,,,,,,,,,,,,,,,,,,,,,,,,,,,,,RandomForestRegressor,"{'mode': 'original', 'type': 'RandomForestRegressor'}",7,"['z_re_T2W10', 'z_pe_T2W10', 'z_l1_T2W10', 'z_l2_T2W10', 'z_l3_T2W10', 'z_lsc_T2W10', 'z_density_T2W10']",,,,,,,,,,,,,,,pruned,False,PRUNED
306,1.0344513059768252,2026-06-12 18:19:22.416888,2026-06-12 18:19:24.245137,0 days 00:00:01.828249,,,,,,,,,,,,,,,XGBRegressor,,,,,,2,,,,,,,,False,gblinear,0.6025698202410036,0.0033110184908801267,8.0,80.0,5.202229242282237e-07,2.1327846708235122e-08,0.9490271447203569,-0.011281194386884828,-0.009046333076887698,98.0,-0.010163763731886263,0.0011174306549985658,0.005602659096451525,1.9844674545084815,1.024739476421956,1.0441631355316945,98.0,1.0344513059768252,0.0097118295548692,0.04869391219524447,1.9844674545084815,303673005395932.06,398887806518896.56,98.0,351280405957414.3,47607400561482.23,238697618166330.1,1.9844674545084815,3.0027156434302182,3.0597491091523703,98.0,3.0312323762912943,0.02851673286107582,0.1429793715166957,1.9844674545084815,0.9727568390835846,0.9801588583031859,98.0,0.9764578486933853,0.003701009609800714,0.018556404429795326,1.9844674545084815,99.0,0.7070707070707071,-0.006847399531015885,-0.0036059674368340514,98.0,-0.005226683483924968,0.0016207160470909164,0.008126069804314196,1.9844674545084815,XGBRegressor,"{'mode': 'original', 'type': 'XGBRegressor'}",2,"['z_l2_T2W10', 'z_lsc_T2W10']",-0.03175034624150817,0.02030602730970947,98.0,-0.005722159465899353,0.026028186775608822,0.13050210923620242,1.9844674545084815,1.3362228357289858,1.3649594705079866,98.0,1.3505911531184862,0.014368317389500507,0.07204096626746916,1.9844674545084815,completed,False,COMPLETE
