number,value,datetime_start,datetime_complete,duration,params_dt_max_depth,params_dt_min_samples_leaf,params_dt_min_samples_split,params_elastic_alpha,params_elastic_l1_ratio,params_et_max_depth,params_et_max_features,params_et_min_samples_leaf,params_et_min_samples_split,params_et_n_estimators,params_knn_metric,params_knn_n_neighbors,params_knn_weights,params_quantile_alpha,params_regressor,params_rf_max_depth,params_rf_max_features,params_rf_min_samples_leaf,params_rf_min_samples_split,params_rf_n_estimators,params_rfe_n_features,params_rfe_proxy_et_max_depth,params_rfe_proxy_et_min_samples_leaf,params_rfe_proxy_et_min_samples_split,params_rfe_proxy_et_n_estimators,params_rfe_proxy_lsvr_C,params_rfe_proxy_lsvr_epsilon,params_rfe_proxy_type,params_use_scaler,params_xgb_booster,params_xgb_colsample_bytree,params_xgb_learning_rate,params_xgb_max_depth,params_xgb_n_estimators,params_xgb_reg_alpha,params_xgb_reg_lambda,params_xgb_subsample,user_attrs_d2mae_ci_lower_val,user_attrs_d2mae_ci_upper_val,user_attrs_d2mae_df_val,user_attrs_d2mae_mean_val,user_attrs_d2mae_samperror_val,user_attrs_d2mae_std_val,user_attrs_d2mae_t_critical_val,user_attrs_mae_ci_lower_val,user_attrs_mae_ci_upper_val,user_attrs_mae_df_val,user_attrs_mae_mean_val,user_attrs_mae_samperror_val,user_attrs_mae_std_val,user_attrs_mae_t_critical_val,user_attrs_mape_ci_lower_val,user_attrs_mape_ci_upper_val,user_attrs_mape_df_val,user_attrs_mape_mean_val,user_attrs_mape_samperror_val,user_attrs_mape_std_val,user_attrs_mape_t_critical_val,user_attrs_max_error_ci_lower_val,user_attrs_max_error_ci_upper_val,user_attrs_max_error_df_val,user_attrs_max_error_mean_val,user_attrs_max_error_samperror_val,user_attrs_max_error_std_val,user_attrs_max_error_t_critical_val,user_attrs_median_ae_ci_lower_val,user_attrs_median_ae_ci_upper_val,user_attrs_median_ae_df_val,user_attrs_median_ae_mean_val,user_attrs_median_ae_samperror_val,user_attrs_median_ae_std_val,user_attrs_median_ae_t_critical_val,user_attrs_n_splits_val,user_attrs_r2_below_zero_val,user_attrs_r2_ci_lower_val,user_attrs_r2_ci_upper_val,user_attrs_r2_df_val,user_attrs_r2_mean_val,user_attrs_r2_samperror_val,user_attrs_r2_std_val,user_attrs_r2_t_critical_val,user_attrs_regressor_final,user_attrs_rfe_estimator,user_attrs_rfe_n_features,user_attrs_rfe_selected_features,user_attrs_rho_ci_lower_val,user_attrs_rho_ci_upper_val,user_attrs_rho_df_val,user_attrs_rho_mean_val,user_attrs_rho_samperror_val,user_attrs_rho_std_val,user_attrs_rho_t_critical_val,user_attrs_rmse_ci_lower_val,user_attrs_rmse_ci_upper_val,user_attrs_rmse_df_val,user_attrs_rmse_mean_val,user_attrs_rmse_samperror_val,user_attrs_rmse_std_val,user_attrs_rmse_t_critical_val,user_attrs_termination_reason,user_attrs_use_scaler_final,state
148,1.0241187384044528,2026-06-12 16:53:40.610722,2026-06-12 16:53:42.931614,0 days 00:00:02.320892,,,,,,,,,,,,,,0.0038656406329344644,QuantileRegressor,,,,,,5,,,,,,,,True,,,,,,,,,-3.308155371362432e-16,-6.393042717492354e-17,98.0,-1.9737298215558337e-16,1.3344255498065983e-16,6.69064466033542e-16,1.9844674545084815,1.0142445249741316,1.033992951834774,98.0,1.0241187384044528,0.009874213430321115,0.04950808486255768,1.9844674545084815,305901430884989.9,401528566240617.5,98.0,353714998562803.7,47813567677813.83,239731314588150.53,1.9844674545084815,2.9515948949902664,3.0080010646056956,98.0,2.979797979797981,0.028203084807714763,0.14140677897022588,1.9844674545084815,0.9999999999999993,1.0,98.0,0.9999999999999997,3.438174113523414e-16,1.7238579759869604e-15,1.9844674545084815,99.0,0.9393939393939394,-0.005464225809889957,-0.0036532722000295805,98.0,-0.004558749004959769,0.0009054768049301883,0.004539948707398307,1.9844674545084815,QuantileRegressor,"{'mode': 'original', 'type': 'QuantileRegressor'}",5,"['z_l3_T2W10', 'z_lsc_T2W10', 'z_density_T2W10', 'z_diameter_T2W10', 'z_asp_T2W10']",-0.1786324601785863,0.33629678049161277,2.0,0.07883216015651322,0.25746462033509954,0.10364345709066558,4.302652729749462,1.335779145669776,1.3645398079803412,98.0,1.3501594768250587,0.014380331155282654,0.07210120180319649,1.9844674545084815,completed,True,COMPLETE
149,1.0496156998829282,2026-06-12 16:53:42.944129,2026-06-12 16:53:44.719015,0 days 00:00:01.774886,,,,,,,,,,,,,,,LinearRegression,,,,,,2,,,,,,,,False,,,,,,,,,-0.030314912618297322,-0.01990328354107098,98.0,-0.02510909807968415,0.005205814538613172,0.026101310223351732,1.9844674545084815,1.0390297688728212,1.0602016308930353,98.0,1.0496156998829282,0.010585931010107139,0.05307654877989825,1.9844674545084815,303402628151267.5,398429553691672.75,98.0,350916090921470.1,47513462770202.62,238226625699407.03,1.9844674545084815,3.0927777765760407,3.165756651531167,98.0,3.1292672140536038,0.036489437477563016,0.18295352637191614,1.9844674545084815,0.9528707105839823,0.9679795773322041,98.0,0.9604251439580932,0.007554433374110904,0.037876994579188236,1.9844674545084815,99.0,0.42424242424242425,-0.009920532844092955,0.005162875638008941,98.0,-0.0023788286030420073,0.007541704241050948,0.037813172280409084,1.9844674545084815,LinearRegression,"{'mode': 'original', 'type': 'LinearRegression'}",2,"['z_diameter_T2W10', 'z_asp_T2W10']",0.10306805275144844,0.15205185373526853,98.0,0.12755995324335848,0.024491900491910037,0.12279935982296947,1.9844674545084815,1.3339628246844457,1.3624419046995047,98.0,1.3482023646919752,0.014239540007529552,0.07139529240190144,1.9844674545084815,completed,False,COMPLETE
150,1.0241187384044526,2026-06-12 16:53:44.731398,2026-06-12 16:53:46.859202,0 days 00:00:02.127804,,,,,,,,,,,,,,0.13442316403374377,QuantileRegressor,,,,,,2,,,,,,,,True,,,,,,,,,0.0,0.0,98.0,0.0,0.0,0.0,1.9844674545084815,1.0142445249741314,1.0339929518347737,98.0,1.0241187384044526,0.009874213430321107,0.04950808486255764,1.9844674545084815,305901430884989.94,401528566240617.56,98.0,353714998562803.75,47813567677813.83,239731314588150.53,1.9844674545084815,2.951594894990265,3.0080010646056943,98.0,2.9797979797979797,0.028203084807714735,0.14140677897022574,1.9844674545084815,1.0,1.0,98.0,1.0,0.0,0.0,1.9844674545084815,99.0,0.9393939393939394,-0.005464225809889945,-0.0036532722000295697,98.0,-0.004558749004959757,0.0009054768049301876,0.004539948707398303,1.9844674545084815,QuantileRegressor,"{'mode': 'original', 'type': 'QuantileRegressor'}",2,"['z_diameter_T2W10', 'z_asp_T2W10']",,,,,,,,1.335779145669776,1.3645398079803412,98.0,1.3501594768250587,0.014380331155282654,0.07210120180319649,1.9844674545084815,completed,True,COMPLETE
151,1.0241187384044526,2026-06-12 16:53:46.873737,2026-06-12 16:53:49.100950,0 days 00:00:02.227213,,,,,,,,,,,,,,5.23027290531664,QuantileRegressor,,,,,,5,,,,,,,,True,,,,,,,,,0.0,0.0,98.0,0.0,0.0,0.0,1.9844674545084815,1.0142445249741314,1.0339929518347737,98.0,1.0241187384044526,0.009874213430321107,0.04950808486255764,1.9844674545084815,305901430884989.94,401528566240617.56,98.0,353714998562803.75,47813567677813.83,239731314588150.53,1.9844674545084815,2.951594894990265,3.0080010646056943,98.0,2.9797979797979797,0.028203084807714735,0.14140677897022574,1.9844674545084815,1.0,1.0,98.0,1.0,0.0,0.0,1.9844674545084815,99.0,0.9393939393939394,-0.005464225809889945,-0.0036532722000295697,98.0,-0.004558749004959757,0.0009054768049301876,0.004539948707398303,1.9844674545084815,QuantileRegressor,"{'mode': 'original', 'type': 'QuantileRegressor'}",5,"['z_l3_T2W10', 'z_lsc_T2W10', 'z_density_T2W10', 'z_diameter_T2W10', 'z_asp_T2W10']",,,,,,,,1.335779145669776,1.3645398079803412,98.0,1.3501594768250587,0.014380331155282654,0.07210120180319649,1.9844674545084815,completed,True,COMPLETE
152,1.0241187384044526,2026-06-12 16:53:49.113573,2026-06-12 16:53:51.234562,0 days 00:00:02.120989,,,,,,,,,,,,,,7.794687404716271,QuantileRegressor,,,,,,5,,,,,,,,True,,,,,,,,,0.0,0.0,98.0,0.0,0.0,0.0,1.9844674545084815,1.0142445249741314,1.0339929518347737,98.0,1.0241187384044526,0.009874213430321107,0.04950808486255764,1.9844674545084815,305901430884989.94,401528566240617.56,98.0,353714998562803.75,47813567677813.83,239731314588150.53,1.9844674545084815,2.951594894990265,3.0080010646056943,98.0,2.9797979797979797,0.028203084807714735,0.14140677897022574,1.9844674545084815,1.0,1.0,98.0,1.0,0.0,0.0,1.9844674545084815,99.0,0.9393939393939394,-0.005464225809889945,-0.0036532722000295697,98.0,-0.004558749004959757,0.0009054768049301876,0.004539948707398303,1.9844674545084815,QuantileRegressor,"{'mode': 'original', 'type': 'QuantileRegressor'}",5,"['z_l3_T2W10', 'z_lsc_T2W10', 'z_density_T2W10', 'z_diameter_T2W10', 'z_asp_T2W10']",,,,,,,,1.335779145669776,1.3645398079803412,98.0,1.3501594768250587,0.014380331155282654,0.07210120180319649,1.9844674545084815,completed,True,COMPLETE
153,1.0241187384044526,2026-06-12 16:53:51.278958,2026-06-12 16:53:53.482278,0 days 00:00:02.203320,,,,,,,,,,,,,,6.367902405848594,QuantileRegressor,,,,,,5,,,,,,,,True,,,,,,,,,0.0,0.0,98.0,0.0,0.0,0.0,1.9844674545084815,1.0142445249741314,1.0339929518347737,98.0,1.0241187384044526,0.009874213430321107,0.04950808486255764,1.9844674545084815,305901430884989.94,401528566240617.56,98.0,353714998562803.75,47813567677813.83,239731314588150.53,1.9844674545084815,2.951594894990265,3.0080010646056943,98.0,2.9797979797979797,0.028203084807714735,0.14140677897022574,1.9844674545084815,1.0,1.0,98.0,1.0,0.0,0.0,1.9844674545084815,99.0,0.9393939393939394,-0.005464225809889945,-0.0036532722000295697,98.0,-0.004558749004959757,0.0009054768049301876,0.004539948707398303,1.9844674545084815,QuantileRegressor,"{'mode': 'original', 'type': 'QuantileRegressor'}",5,"['z_l3_T2W10', 'z_lsc_T2W10', 'z_density_T2W10', 'z_diameter_T2W10', 'z_asp_T2W10']",,,,,,,,1.335779145669776,1.3645398079803412,98.0,1.3501594768250587,0.014380331155282654,0.07210120180319649,1.9844674545084815,completed,True,COMPLETE
154,1.2725436751632493,2026-06-12 16:53:53.494798,2026-06-12 16:53:53.672189,0 days 00:00:00.177391,14.0,1.0,20.0,,,,,,,,,,,,DecisionTreeRegressor,,,,,,2,,,,,,,,True,,,,,,,,,,,,,,,,,,,,,,,,,,,,,,,,,,,,,,,,,,,,,,,,,,,,,DecisionTreeRegressor,"{'mode': 'original', 'type': 'DecisionTreeRegressor'}",2,"['z_pe_T2W10', 'z_l1_T2W10']",,,,,,,,,,,,,,,pruned,True,PRUNED
155,1.0241187384044526,2026-06-12 16:53:53.681739,2026-06-12 16:53:55.883550,0 days 00:00:02.201811,,,,,,,,,,,,,,0.026793187768100954,QuantileRegressor,,,,,,2,,,,,,,,True,,,,,,,,,-2.407794711318563e-17,-2.8365504534848316e-18,98.0,-1.3457248783335231e-17,1.06206983298504e-17,5.3250867820947893e-17,1.9844674545084815,1.0142445249741314,1.0339929518347737,98.0,1.0241187384044526,0.009874213430321105,0.04950808486255763,1.9844674545084815,305901430884989.94,401528566240617.56,98.0,353714998562803.75,47813567677813.83,239731314588150.53,1.9844674545084815,2.951594894990265,3.0080010646056943,98.0,2.9797979797979797,0.028203084807714735,0.14140677897022574,1.9844674545084815,1.0,1.0,98.0,1.0,3.79594419693764e-17,1.9032394707859828e-16,1.9844674545084815,99.0,0.9393939393939394,-0.005464225809889955,-0.0036532722000295788,98.0,-0.004558749004959767,0.0009054768049301882,0.004539948707398306,1.9844674545084815,QuantileRegressor,"{'mode': 'original', 'type': 'QuantileRegressor'}",2,"['z_diameter_T2W10', 'z_asp_T2W10']",,,,,,,,1.335779145669776,1.3645398079803412,98.0,1.3501594768250587,0.014380331155282654,0.07210120180319649,1.9844674545084815,completed,True,COMPLETE
156,1.0322546002614439,2026-06-12 16:53:55.896184,2026-06-12 16:53:57.528346,0 days 00:00:01.632162,,,,0.3603715792453954,0.7820169704886399,,,,,,,,,,ElasticNet,,,,,,2,,,,,,,,True,,,,,,,,,-0.008774517233966519,-0.007307379942279476,98.0,-0.008040948588122997,0.0007335686458435219,0.0036780224599369973,1.9844674545084815,1.0226964071461264,1.0418127933767614,98.0,1.0322546002614439,0.009558193115317581,0.04792359808962206,1.9844674545084815,302668413340937.56,397512391490111.2,98.0,350090402415524.4,47421989074586.79,237767987903374.22,1.9844674545084815,2.9843885683830167,3.0416200204998236,98.0,3.01300429444142,0.028615726058403256,0.14347571116427238,1.9844674545084815,0.9620448713524847,0.9700908571904299,98.0,0.9660678642714573,0.004022992918972516,0.020170788917966784,1.9844674545084815,99.0,1.0,-0.0040202152711158335,-0.002354630224295667,98.0,-0.0031874227477057503,0.0008327925234100832,0.0041755187097013285,1.9844674545084815,ElasticNet,"{'mode': 'original', 'type': 'ElasticNet'}",2,"['z_diameter_T2W10', 'z_asp_T2W10']",,,,,,,,1.3349089651858284,1.3635379675582484,98.0,1.3492234663720384,0.01431450118621002,0.07177113848034591,1.9844674545084815,completed,True,COMPLETE
157,1.0241187384044526,2026-06-12 16:53:57.541114,2026-06-12 16:53:59.819293,0 days 00:00:02.278179,,,,,,,,,,,,,,2.3889386226405023,QuantileRegressor,,,,,,4,,,,,,,,False,,,,,,,,,0.0,0.0,98.0,0.0,0.0,0.0,1.9844674545084815,1.0142445249741314,1.0339929518347737,98.0,1.0241187384044526,0.009874213430321107,0.04950808486255764,1.9844674545084815,305901430884989.94,401528566240617.56,98.0,353714998562803.75,47813567677813.83,239731314588150.53,1.9844674545084815,2.951594894990265,3.0080010646056943,98.0,2.9797979797979797,0.028203084807714735,0.14140677897022574,1.9844674545084815,1.0,1.0,98.0,1.0,0.0,0.0,1.9844674545084815,99.0,0.9393939393939394,-0.005464225809889945,-0.0036532722000295697,98.0,-0.004558749004959757,0.0009054768049301876,0.004539948707398303,1.9844674545084815,QuantileRegressor,"{'mode': 'original', 'type': 'QuantileRegressor'}",4,"['z_lsc_T2W10', 'z_density_T2W10', 'z_diameter_T2W10', 'z_asp_T2W10']",,,,,,,,1.335779145669776,1.3645398079803412,98.0,1.3501594768250587,0.014380331155282654,0.07210120180319649,1.9844674545084815,completed,False,COMPLETE
158,1.0241187384044526,2026-06-12 16:53:59.832110,2026-06-12 16:54:01.901942,0 days 00:00:02.069832,,,,,,,,,,,,,,0.0084245310680223,QuantileRegressor,,,,,,2,,,,,,,,True,,,,,,,,,-2.874656352929725e-17,-2.6536836318182886e-18,98.0,-1.570012358055777e-17,1.304643994873948e-17,6.541323627389444e-17,1.9844674545084815,1.0142445249741314,1.0339929518347737,98.0,1.0241187384044526,0.009874213430321105,0.04950808486255763,1.9844674545084815,305901430884989.9,401528566240617.5,98.0,353714998562803.7,47813567677813.836,239731314588150.56,1.9844674545084815,2.951594894990265,3.0080010646056943,98.0,2.9797979797979797,0.028203084807714735,0.14140677897022574,1.9844674545084815,1.0,1.0,98.0,1.0,5.368275765320657e-17,2.691587072029329e-16,1.9844674545084815,99.0,0.9393939393939394,-0.00546422580988995,-0.003653272200029574,98.0,-0.004558749004959762,0.0009054768049301877,0.004539948707398304,1.9844674545084815,QuantileRegressor,"{'mode': 'original', 'type': 'QuantileRegressor'}",2,"['z_diameter_T2W10', 'z_asp_T2W10']",,,,,,,,1.335779145669776,1.3645398079803412,98.0,1.3501594768250587,0.014380331155282654,0.07210120180319649,1.9844674545084815,completed,True,COMPLETE
159,1.0241187384044526,2026-06-12 16:54:01.914607,2026-06-12 16:54:04.087972,0 days 00:00:02.173365,,,,,,,,,,,,,,0.5824082477817563,QuantileRegressor,,,,,,3,,,,,,,,True,,,,,,,,,0.0,0.0,98.0,0.0,0.0,0.0,1.9844674545084815,1.0142445249741314,1.0339929518347737,98.0,1.0241187384044526,0.009874213430321107,0.04950808486255764,1.9844674545084815,305901430884989.94,401528566240617.56,98.0,353714998562803.75,47813567677813.83,239731314588150.53,1.9844674545084815,2.951594894990265,3.0080010646056943,98.0,2.9797979797979797,0.028203084807714735,0.14140677897022574,1.9844674545084815,1.0,1.0,98.0,1.0,0.0,0.0,1.9844674545084815,99.0,0.9393939393939394,-0.005464225809889945,-0.0036532722000295697,98.0,-0.004558749004959757,0.0009054768049301876,0.004539948707398303,1.9844674545084815,QuantileRegressor,"{'mode': 'original', 'type': 'QuantileRegressor'}",3,"['z_density_T2W10', 'z_diameter_T2W10', 'z_asp_T2W10']",,,,,,,,1.335779145669776,1.3645398079803412,98.0,1.3501594768250587,0.014380331155282654,0.07210120180319649,1.9844674545084815,completed,True,COMPLETE
160,1.0327442042681636,2026-06-12 16:54:04.101294,2026-06-12 16:54:04.360049,0 days 00:00:00.258755,,,,,,,,,,,,,,,XGBRegressor,,,,,,5,,,,,,,,False,gblinear,0.8693022178483101,0.28824420820483065,8.0,382.0,1.9472587508013762e-06,0.055411017952502,0.8510040493792408,,,,,,,,,,,,,,,,,,,,,,,,,,,,,,,,,,,,,,,,,,,,,XGBRegressor,"{'mode': 'original', 'type': 'XGBRegressor'}",5,"['z_l2_T2W10', 'z_l3_T2W10', 'z_lsc_T2W10', 'z_density_T2W10', 'z_asp_T2W10']",,,,,,,,,,,,,,,pruned,False,PRUNED
161,1.0241187384044526,2026-06-12 16:54:04.371203,2026-06-12 16:54:06.743238,0 days 00:00:02.372035,,,,,,,,,,,,,,3.4093954624613247,QuantileRegressor,,,,,,5,,,,,,,,True,,,,,,,,,0.0,0.0,98.0,0.0,0.0,0.0,1.9844674545084815,1.0142445249741314,1.0339929518347737,98.0,1.0241187384044526,0.009874213430321107,0.04950808486255764,1.9844674545084815,305901430884989.94,401528566240617.56,98.0,353714998562803.75,47813567677813.83,239731314588150.53,1.9844674545084815,2.951594894990265,3.0080010646056943,98.0,2.9797979797979797,0.028203084807714735,0.14140677897022574,1.9844674545084815,1.0,1.0,98.0,1.0,0.0,0.0,1.9844674545084815,99.0,0.9393939393939394,-0.005464225809889945,-0.0036532722000295697,98.0,-0.004558749004959757,0.0009054768049301876,0.004539948707398303,1.9844674545084815,QuantileRegressor,"{'mode': 'original', 'type': 'QuantileRegressor'}",5,"['z_l3_T2W10', 'z_lsc_T2W10', 'z_density_T2W10', 'z_diameter_T2W10', 'z_asp_T2W10']",,,,,,,,1.335779145669776,1.3645398079803412,98.0,1.3501594768250587,0.014380331155282654,0.07210120180319649,1.9844674545084815,completed,True,COMPLETE
162,1.0241187384044526,2026-06-12 16:54:06.756061,2026-06-12 16:54:08.871531,0 days 00:00:02.115470,,,,,,,,,,,,,,0.04893839969784666,QuantileRegressor,,,,,,5,,,,,,,,True,,,,,,,,,-1.773601183824192e-17,-2.069865395383882e-19,98.0,-8.971499188890155e-18,8.764512649351766e-18,4.394418239843093e-17,1.9844674545084815,1.0142445249741314,1.0339929518347737,98.0,1.0241187384044526,0.009874213430321105,0.04950808486255763,1.9844674545084815,305901430884989.94,401528566240617.56,98.0,353714998562803.75,47813567677813.83,239731314588150.53,1.9844674545084815,2.951594894990265,3.0080010646056943,98.0,2.9797979797979797,0.028203084807714742,0.14140677897022577,1.9844674545084815,1.0,1.0,98.0,1.0,4.001276511073899e-17,2.0061905534724007e-16,1.9844674545084815,99.0,0.9393939393939394,-0.005464225809889951,-0.0036532722000295727,98.0,-0.004558749004959762,0.0009054768049301888,0.0045399487073983094,1.9844674545084815,QuantileRegressor,"{'mode': 'original', 'type': 'QuantileRegressor'}",5,"['z_l3_T2W10', 'z_lsc_T2W10', 'z_density_T2W10', 'z_diameter_T2W10', 'z_asp_T2W10']",,,,,,,,1.335779145669776,1.3645398079803412,98.0,1.3501594768250587,0.014380331155282654,0.07210120180319649,1.9844674545084815,completed,True,COMPLETE
163,1.0241187384044526,2026-06-12 16:54:08.884391,2026-06-12 16:54:11.756302,0 days 00:00:02.871911,,,,,,,,,,,,,,5.721218393157461,QuantileRegressor,,,,,,5,,,,,,,,True,,,,,,,,,0.0,0.0,98.0,0.0,0.0,0.0,1.9844674545084815,1.0142445249741314,1.0339929518347737,98.0,1.0241187384044526,0.009874213430321107,0.04950808486255764,1.9844674545084815,305901430884989.94,401528566240617.56,98.0,353714998562803.75,47813567677813.83,239731314588150.53,1.9844674545084815,2.951594894990265,3.0080010646056943,98.0,2.9797979797979797,0.028203084807714735,0.14140677897022574,1.9844674545084815,1.0,1.0,98.0,1.0,0.0,0.0,1.9844674545084815,99.0,0.9393939393939394,-0.005464225809889945,-0.0036532722000295697,98.0,-0.004558749004959757,0.0009054768049301876,0.004539948707398303,1.9844674545084815,QuantileRegressor,"{'mode': 'original', 'type': 'QuantileRegressor'}",5,"['z_l3_T2W10', 'z_lsc_T2W10', 'z_density_T2W10', 'z_diameter_T2W10', 'z_asp_T2W10']",,,,,,,,1.335779145669776,1.3645398079803412,98.0,1.3501594768250587,0.014380331155282654,0.07210120180319649,1.9844674545084815,completed,True,COMPLETE
164,1.0241187384044526,2026-06-12 16:54:11.769313,2026-06-12 16:54:14.766292,0 days 00:00:02.996979,,,,,,,,,,,,,,0.03540604889486872,QuantileRegressor,,,,,,5,,,,,,,,True,,,,,,,,,-5.1416731399812564e-17,-1.1383762922418507e-17,98.0,-3.140024716111554e-17,2.001648423869703e-17,1.0036017626441297e-16,1.9844674545084815,1.0142445249741314,1.0339929518347737,98.0,1.0241187384044526,0.009874213430321101,0.049508084862557616,1.9844674545084815,305901430884989.94,401528566240617.56,98.0,353714998562803.75,47813567677813.83,239731314588150.53,1.9844674545084815,2.951594894990265,3.0080010646056943,98.0,2.9797979797979797,0.028203084807714735,0.14140677897022574,1.9844674545084815,0.9999999999999999,1.0,98.0,1.0,6.513606247915976e-17,3.2658416101567184e-16,1.9844674545084815,99.0,0.9393939393939394,-0.0054642258098899525,-0.003653272200029576,98.0,-0.004558749004959764,0.0009054768049301879,0.004539948707398305,1.9844674545084815,QuantileRegressor,"{'mode': 'original', 'type': 'QuantileRegressor'}",5,"['z_l3_T2W10', 'z_lsc_T2W10', 'z_density_T2W10', 'z_diameter_T2W10', 'z_asp_T2W10']",,,,,,,,1.335779145669776,1.3645398079803412,98.0,1.3501594768250587,0.014380331155282654,0.07210120180319649,1.9844674545084815,completed,True,COMPLETE
