number,value,datetime_start,datetime_complete,duration,params_dt_max_depth,params_dt_min_samples_leaf,params_dt_min_samples_split,params_elastic_alpha,params_elastic_l1_ratio,params_et_max_depth,params_et_max_features,params_et_min_samples_leaf,params_et_min_samples_split,params_et_n_estimators,params_knn_metric,params_knn_n_neighbors,params_knn_weights,params_quantile_alpha,params_regressor,params_rf_max_depth,params_rf_max_features,params_rf_min_samples_leaf,params_rf_min_samples_split,params_rf_n_estimators,params_rfe_n_features,params_rfe_proxy_et_max_depth,params_rfe_proxy_et_min_samples_leaf,params_rfe_proxy_et_min_samples_split,params_rfe_proxy_et_n_estimators,params_rfe_proxy_lsvr_C,params_rfe_proxy_lsvr_epsilon,params_rfe_proxy_type,params_use_scaler,params_xgb_booster,params_xgb_colsample_bytree,params_xgb_learning_rate,params_xgb_max_depth,params_xgb_n_estimators,params_xgb_reg_alpha,params_xgb_reg_lambda,params_xgb_subsample,user_attrs_d2mae_ci_lower_val,user_attrs_d2mae_ci_upper_val,user_attrs_d2mae_df_val,user_attrs_d2mae_mean_val,user_attrs_d2mae_samperror_val,user_attrs_d2mae_std_val,user_attrs_d2mae_t_critical_val,user_attrs_mae_ci_lower_val,user_attrs_mae_ci_upper_val,user_attrs_mae_df_val,user_attrs_mae_mean_val,user_attrs_mae_samperror_val,user_attrs_mae_std_val,user_attrs_mae_t_critical_val,user_attrs_mape_ci_lower_val,user_attrs_mape_ci_upper_val,user_attrs_mape_df_val,user_attrs_mape_mean_val,user_attrs_mape_samperror_val,user_attrs_mape_std_val,user_attrs_mape_t_critical_val,user_attrs_max_error_ci_lower_val,user_attrs_max_error_ci_upper_val,user_attrs_max_error_df_val,user_attrs_max_error_mean_val,user_attrs_max_error_samperror_val,user_attrs_max_error_std_val,user_attrs_max_error_t_critical_val,user_attrs_median_ae_ci_lower_val,user_attrs_median_ae_ci_upper_val,user_attrs_median_ae_df_val,user_attrs_median_ae_mean_val,user_attrs_median_ae_samperror_val,user_attrs_median_ae_std_val,user_attrs_median_ae_t_critical_val,user_attrs_n_splits_val,user_attrs_r2_below_zero_val,user_attrs_r2_ci_lower_val,user_attrs_r2_ci_upper_val,user_attrs_r2_df_val,user_attrs_r2_mean_val,user_attrs_r2_samperror_val,user_attrs_r2_std_val,user_attrs_r2_t_critical_val,user_attrs_regressor_final,user_attrs_rfe_estimator,user_attrs_rfe_n_features,user_attrs_rfe_selected_features,user_attrs_rho_ci_lower_val,user_attrs_rho_ci_upper_val,user_attrs_rho_df_val,user_attrs_rho_mean_val,user_attrs_rho_samperror_val,user_attrs_rho_std_val,user_attrs_rho_t_critical_val,user_attrs_rmse_ci_lower_val,user_attrs_rmse_ci_upper_val,user_attrs_rmse_df_val,user_attrs_rmse_mean_val,user_attrs_rmse_samperror_val,user_attrs_rmse_std_val,user_attrs_rmse_t_critical_val,user_attrs_termination_reason,user_attrs_use_scaler_final,state
399,1.0566352011918114,2026-06-12 18:23:04.392611,2026-06-12 18:23:06.293541,0 days 00:00:01.900930,,,,,,,,,,,,,,,LinearRegression,,,,,,3,,,,,,,,False,,,,,,,,,-0.03798787535892419,-0.02582244670855504,98.0,-0.03190516103373962,0.006082714325184578,0.030497977295204162,1.9844674545084815,1.0452835808153342,1.0679868215682886,98.0,1.0566352011918114,0.0113516203764772,0.05691562055975285,1.9844674545084815,306619953000464.56,403091344569276.8,98.0,354855648784870.7,48235695784406.12,241847812704331.3,1.9844674545084815,3.1348621545793334,3.2132923714128614,98.0,3.1740772629960974,0.039215108416764025,0.19661970334060477,1.9844674545084815,0.9498574261743359,0.9663771378015752,98.0,0.9581172819879555,0.008259855813619618,0.04141389544178324,1.9844674545084815,99.0,0.5757575757575758,-0.023641460919884706,-0.00553693572699236,98.0,-0.014589198323438534,0.009052262596446174,0.04538692504324767,1.9844674545084815,LinearRegression,"{'mode': 'original', 'type': 'LinearRegression'}",3,"['z_l2_T2W10', 'z_diameter_T2W10', 'z_asp_T2W10']",0.060975144422199555,0.10968036920374594,98.0,0.08532775681297275,0.024352612390773194,0.12210098651150632,1.9844674545084815,1.3413572157423364,1.371432702782112,98.0,1.3563949592622242,0.015037743519887889,0.07539738608827855,1.9844674545084815,completed,False,COMPLETE
400,1.1033004867787264,2026-06-12 18:23:06.307312,2026-06-12 18:23:07.192788,0 days 00:00:00.885476,,,,,,,,,,,,,,,XGBRegressor,,,,,,4,,,,,,,,True,gbtree,0.9371112623425879,0.007164066106541697,3.0,328.0,0.0002766427053811984,0.020908789688730462,0.7537059693589044,,,,,,,,,,,,,,,,,,,,,,,,,,,,,,,,,,,,,,,,,,,,,XGBRegressor,"{'mode': 'original', 'type': 'XGBRegressor'}",4,"['z_l2_T2W10', 'z_l3_T2W10', 'z_density_T2W10', 'z_asp_T2W10']",,,,,,,,,,,,,,,pruned,True,PRUNED
401,1.1267025916676652,2026-06-12 18:23:07.204951,2026-06-12 18:23:14.480832,0 days 00:00:07.275881,,,,,,,,,,,,,,,RandomForestRegressor,14.0,,2.0,2.0,50.0,2,,,,,,,,True,,,,,,,,,-0.1146761942996823,-0.08668637246057269,98.0,-0.1006812833801275,0.01399491091955481,0.07016875241137283,1.9844674545084815,1.110169947848851,1.1432352354864794,98.0,1.1267025916676652,0.016532643818814186,0.08289263129262484,1.9844674545084815,285854610683254.0,380910952922153.9,98.0,333382781802703.94,47528171119449.97,238300371543353.4,1.9844674545084815,3.458534620171489,3.6156183706747735,98.0,3.5370764954231313,0.07854187525164215,0.393799248179332,1.9844674545084815,0.9226689347956694,0.9716505941085376,98.0,0.9471597644521035,0.02449082965643407,0.12279399078633761,1.9844674545084815,99.0,0.7878787878787878,-0.13740069081016154,-0.08557705827423243,98.0,-0.11148887454219698,0.02591181626796455,0.1299186419039833,1.9844674545084815,RandomForestRegressor,"{'mode': 'original', 'type': 'RandomForestRegressor'}",2,"['z_l2_T2W10', 'z_l3_T2W10']",0.11359786736239556,0.16221049695079848,98.0,0.13790418215659703,0.02430631479420146,0.12186885608854348,1.9844674545084815,1.3963795071974938,1.4382553872659298,98.0,1.4173174472317118,0.02093794003421806,0.10498024165429659,1.9844674545084815,completed,True,COMPLETE
402,1.1112244897959183,2026-06-12 18:23:14.525735,2026-06-12 18:23:14.928244,0 days 00:00:00.402509,,,,,,,,,,,euclidean,8.0,uniform,,KNeighborsRegressor,,,,,,8,,,,,4.499329409129297,0.028202906874953113,LinearSVR,,,,,,,,,,,,,,,,,,,,,,,,,,,,,,,,,,,,,,,,,,,,,,,,,,,,,,KNeighborsRegressor,"{'mode': 'proxy', 'type': 'LinearSVR'}",8,"['z_pe_T2W10', 'z_l1_T2W10', 'z_l2_T2W10', 'z_l3_T2W10', 'z_lsc_T2W10', 'z_density_T2W10', 'z_diameter_T2W10', 'z_asp_T2W10']",,,,,,,,,,,,,,,pruned,True,PRUNED
403,1.0241187384044526,2026-06-12 18:23:14.966696,2026-06-12 18:23:17.514294,0 days 00:00:02.547598,,,,,,,,,,,,,,0.07691294373283446,QuantileRegressor,,,,,,2,,,,,,,,False,,,,,,,,,0.0,0.0,98.0,0.0,0.0,0.0,1.9844674545084815,1.0142445249741314,1.0339929518347737,98.0,1.0241187384044526,0.009874213430321107,0.04950808486255764,1.9844674545084815,305901430884989.94,401528566240617.56,98.0,353714998562803.75,47813567677813.83,239731314588150.53,1.9844674545084815,2.951594894990265,3.0080010646056943,98.0,2.9797979797979797,0.028203084807714735,0.14140677897022574,1.9844674545084815,1.0,1.0,98.0,1.0,0.0,0.0,1.9844674545084815,99.0,0.9393939393939394,-0.005464225809889945,-0.0036532722000295697,98.0,-0.004558749004959757,0.0009054768049301876,0.004539948707398303,1.9844674545084815,QuantileRegressor,"{'mode': 'original', 'type': 'QuantileRegressor'}",2,"['z_diameter_T2W10', 'z_asp_T2W10']",,,,,,,,1.335779145669776,1.3645398079803412,98.0,1.3501594768250587,0.014380331155282654,0.07210120180319649,1.9844674545084815,completed,False,COMPLETE
404,1.1181929343432606,2026-06-12 18:23:17.527713,2026-06-12 18:23:17.683688,0 days 00:00:00.155975,,,,,,,,,,,minkowski,14.0,distance,,KNeighborsRegressor,,,,,,4,,,,,4.640245341028812,0.005295913488374811,LinearSVR,,,,,,,,,,,,,,,,,,,,,,,,,,,,,,,,,,,,,,,,,,,,,,,,,,,,,,KNeighborsRegressor,"{'mode': 'proxy', 'type': 'LinearSVR'}",4,"['z_pe_T2W10', 'z_l2_T2W10', 'z_diameter_T2W10', 'z_asp_T2W10']",,,,,,,,,,,,,,,pruned,True,PRUNED
405,1.0893005395965534,2026-06-12 18:23:17.693655,2026-06-12 18:23:19.412177,0 days 00:00:01.718522,,,,,,,,,,,,,,,RandomForestRegressor,4.0,sqrt,4.0,2.0,205.0,5,,,,,,,,False,,,,,,,,,,,,,,,,,,,,,,,,,,,,,,,,,,,,,,,,,,,,,,,,,,,,,RandomForestRegressor,"{'mode': 'original', 'type': 'RandomForestRegressor'}",5,"['z_re_T2W10', 'z_pe_T2W10', 'z_l2_T2W10', 'z_l3_T2W10', 'z_lsc_T2W10']",,,,,,,,,,,,,,,pruned,False,PRUNED
406,1.2,2026-06-12 18:23:19.422520,2026-06-12 18:23:19.642033,0 days 00:00:00.219513,,,,,,,,,,,manhattan,3.0,uniform,,KNeighborsRegressor,,,,,,5,3.0,4.0,2.0,40.0,,,ExtraTrees,,,,,,,,,,,,,,,,,,,,,,,,,,,,,,,,,,,,,,,,,,,,,,,,,,,,,,KNeighborsRegressor,"{'mode': 'proxy', 'type': 'ExtraTrees'}",5,"['z_re_T2W10', 'z_pe_T2W10', 'z_l2_T2W10', 'z_l3_T2W10', 'z_density_T2W10']",,,,,,,,,,,,,,,pruned,True,PRUNED
407,1.124789191847661,2026-06-12 18:23:19.652009,2026-06-12 18:23:23.985282,0 days 00:00:04.333273,,,,,,,,,,,,,,,RandomForestRegressor,9.0,,2.0,6.0,483.0,6,,,,,,,,True,,,,,,,,,,,,,,,,,,,,,,,,,,,,,,,,,,,,,,,,,,,,,,,,,,,,,RandomForestRegressor,"{'mode': 'original', 'type': 'RandomForestRegressor'}",6,"['z_re_T2W10', 'z_pe_T2W10', 'z_l1_T2W10', 'z_l2_T2W10', 'z_l3_T2W10', 'z_lsc_T2W10']",,,,,,,,,,,,,,,pruned,True,PRUNED
408,1.037696782264114,2026-06-12 18:23:23.996192,2026-06-12 18:23:25.937617,0 days 00:00:01.941425,,,,0.06145314747381775,0.34727703903050755,,,,,,,,,,ElasticNet,,,,,,6,,,,,,,,False,,,,,,,,,-0.01541661064001488,-0.011253622694487863,98.0,-0.013335116667251372,0.0020814939727635084,0.010436353333019541,1.9844674545084815,1.0278040933933688,1.0475894711348595,98.0,1.037696782264114,0.009892688870745443,0.04960071843573851,1.9844674545084815,303944523800761.1,399370325563894.5,98.0,351657424682327.8,47712900881566.72,239226583722587.12,1.9844674545084815,3.0045332906042574,3.0657887468888445,98.0,3.035161018746551,0.03062772814229369,0.15356364076148094,1.9844674545084815,0.9713402898874477,0.9792772778643659,98.0,0.9753087838759068,0.00396849398845911,0.01989753802098991,1.9844674545084815,99.0,0.8787878787878788,-0.012892058178958044,-0.007068739547259412,98.0,-0.009980398863108728,0.0029116593158493155,0.014598699685513753,1.9844674545084815,ElasticNet,"{'mode': 'original', 'type': 'ElasticNet'}",6,"['z_pe_T2W10', 'z_l2_T2W10', 'z_lsc_T2W10', 'z_density_T2W10', 'z_diameter_T2W10', 'z_asp_T2W10']",-0.07027743861050847,-0.013915727717259796,80.0,-0.042096583163884135,0.02818085544662434,0.12744704330063192,1.990063421254446,1.3393009882955997,1.3681911498796393,98.0,1.3537460690876195,0.014445080792019721,0.07242584847333579,1.9844674545084815,completed,False,COMPLETE
409,1.0867346938775508,2026-06-12 18:23:25.950409,2026-06-12 18:23:26.211011,0 days 00:00:00.260602,,,,,,,,,,,minkowski,12.0,uniform,,KNeighborsRegressor,,,,,,8,12.0,3.0,9.0,80.0,,,ExtraTrees,,,,,,,,,,,,,,,,,,,,,,,,,,,,,,,,,,,,,,,,,,,,,,,,,,,,,,KNeighborsRegressor,"{'mode': 'proxy', 'type': 'ExtraTrees'}",8,"['z_re_T2W10', 'z_pe_T2W10', 'z_l1_T2W10', 'z_l2_T2W10', 'z_l3_T2W10', 'z_lsc_T2W10', 'z_density_T2W10', 'z_diameter_T2W10']",,,,,,,,,,,,,,,pruned,True,PRUNED
410,1.31385015888333,2026-06-12 18:23:26.220688,2026-06-12 18:23:26.381102,0 days 00:00:00.160414,11.0,3.0,18.0,,,,,,,,,,,,DecisionTreeRegressor,,,,,,5,,,,,,,,False,,,,,,,,,,,,,,,,,,,,,,,,,,,,,,,,,,,,,,,,,,,,,,,,,,,,,DecisionTreeRegressor,"{'mode': 'original', 'type': 'DecisionTreeRegressor'}",5,"['z_re_T2W10', 'z_pe_T2W10', 'z_l1_T2W10', 'z_l2_T2W10', 'z_l3_T2W10']",,,,,,,,,,,,,,,pruned,False,PRUNED
411,1.0502644052310868,2026-06-12 18:23:26.391156,2026-06-12 18:23:26.678859,0 days 00:00:00.287703,,,,,,,,,,,,,,,XGBRegressor,,,,,,9,,,,,,,,True,gblinear,0.6002372577642014,0.02634515486582295,8.0,423.0,9.62449370497994e-08,0.48490616155547134,0.9780235718059666,,,,,,,,,,,,,,,,,,,,,,,,,,,,,,,,,,,,,,,,,,,,,XGBRegressor,"{'mode': 'original', 'type': 'XGBRegressor'}",9,"['z_re_T2W10', 'z_pe_T2W10', 'z_l1_T2W10', 'z_l2_T2W10', 'z_l3_T2W10', 'z_lsc_T2W10', 'z_density_T2W10', 'z_diameter_T2W10', 'z_asp_T2W10']",,,,,,,,,,,,,,,pruned,True,PRUNED
412,1.0851311953352771,2026-06-12 18:23:26.689919,2026-06-12 18:23:26.855953,0 days 00:00:00.166034,,,,,,,,,,,minkowski,14.0,uniform,,KNeighborsRegressor,,,,,,7,12.0,5.0,2.0,30.0,,,ExtraTrees,,,,,,,,,,,,,,,,,,,,,,,,,,,,,,,,,,,,,,,,,,,,,,,,,,,,,,KNeighborsRegressor,"{'mode': 'proxy', 'type': 'ExtraTrees'}",7,"['z_re_T2W10', 'z_pe_T2W10', 'z_l1_T2W10', 'z_l2_T2W10', 'z_l3_T2W10', 'z_lsc_T2W10', 'z_density_T2W10']",,,,,,,,,,,,,,,pruned,True,PRUNED
413,1.102082877228396,2026-06-12 18:23:26.865696,2026-06-12 18:23:28.965559,0 days 00:00:02.099863,,,,,,18.0,sqrt,1.0,8.0,395.0,,,,,ExtraTreesRegressor,,,,,,5,,,,,,,,True,,,,,,,,,,,,,,,,,,,,,,,,,,,,,,,,,,,,,,,,,,,,,,,,,,,,,ExtraTreesRegressor,"{'mode': 'original', 'type': 'ExtraTreesRegressor'}",5,"['z_pe_T2W10', 'z_l1_T2W10', 'z_l2_T2W10', 'z_l3_T2W10', 'z_density_T2W10']",,,,,,,,,,,,,,,pruned,True,PRUNED
414,1.2489318844420885,2026-06-12 18:23:28.975322,2026-06-12 18:23:29.090730,0 days 00:00:00.115408,11.0,4.0,17.0,,,,,,,,,,,,DecisionTreeRegressor,,,,,,2,,,,,,,,True,,,,,,,,,,,,,,,,,,,,,,,,,,,,,,,,,,,,,,,,,,,,,,,,,,,,,DecisionTreeRegressor,"{'mode': 'original', 'type': 'DecisionTreeRegressor'}",2,"['z_l2_T2W10', 'z_l3_T2W10']",,,,,,,,,,,,,,,pruned,True,PRUNED
415,1.4648590864917395,2026-06-12 18:23:29.100436,2026-06-12 18:23:29.261826,0 days 00:00:00.161390,11.0,4.0,6.0,,,,,,,,,,,,DecisionTreeRegressor,,,,,,9,,,,,,,,True,,,,,,,,,,,,,,,,,,,,,,,,,,,,,,,,,,,,,,,,,,,,,,,,,,,,,DecisionTreeRegressor,"{'mode': 'original', 'type': 'DecisionTreeRegressor'}",9,"['z_re_T2W10', 'z_pe_T2W10', 'z_l1_T2W10', 'z_l2_T2W10', 'z_l3_T2W10', 'z_lsc_T2W10', 'z_density_T2W10', 'z_diameter_T2W10', 'z_asp_T2W10']",,,,,,,,,,,,,,,pruned,True,PRUNED
416,1.029667250097591,2026-06-12 18:23:29.271522,2026-06-12 18:23:47.735336,0 days 00:00:18.463814,,,,,,6.0,sqrt,5.0,9.0,357.0,,,,,ExtraTreesRegressor,,,,,,3,,,,,,,,True,,,,,,,,,-0.007138347471500463,-0.0037718457226637056,98.0,-0.005455096597082085,0.0016832508744183791,0.008439611694009074,1.9844674545084815,1.0197508606608483,1.0395836395343336,98.0,1.029667250097591,0.00991638943674276,0.04971955014228059,1.9844674545084815,299353622153078.3,393578060823852.94,98.0,346465841488465.6,47112219335387.33,236214840744427.22,1.9844674545084815,3.0286947310114436,3.0954139669117624,98.0,3.062054348961603,0.033359617950159244,0.16726099836848235,1.9844674545084815,0.9825003522003102,0.9889799902585139,98.0,0.985740171229412,0.003239819029101823,0.016244051899826726,1.9844674545084815,99.0,0.25252525252525254,0.0038161046895256413,0.008841211698791332,98.0,0.006328658194158486,0.002512553504632845,0.01259763251086971,1.9844674545084815,ExtraTreesRegressor,"{'mode': 'original', 'type': 'ExtraTreesRegressor'}",3,"['z_pe_T2W10', 'z_l2_T2W10', 'z_l3_T2W10']",0.09893283140449237,0.15195147115067784,98.0,0.1254421512775851,0.02650931987309273,0.13291445107877123,1.9844674545084815,1.3284381792231548,1.3571391593218327,98.0,1.3427886692724937,0.014350490049338934,0.0719515821888465,1.9844674545084815,completed,True,COMPLETE
417,1.0551448639971037,2026-06-12 18:23:47.748516,2026-06-12 18:23:47.980389,0 days 00:00:00.231873,,,,,,,,,,,,,,,LinearRegression,,,,,,6,,,,,,,,True,,,,,,,,,,,,,,,,,,,,,,,,,,,,,,,,,,,,,,,,,,,,,,,,,,,,,LinearRegression,"{'mode': 'original', 'type': 'LinearRegression'}",6,"['z_pe_T2W10', 'z_l1_T2W10', 'z_l2_T2W10', 'z_lsc_T2W10', 'z_diameter_T2W10', 'z_asp_T2W10']",,,,,,,,,,,,,,,pruned,True,PRUNED
418,1.0676112626233651,2026-06-12 18:23:47.990201,2026-06-12 18:23:48.811089,0 days 00:00:00.820888,,,,,,7.0,log2,2.0,11.0,212.0,,,,,ExtraTreesRegressor,,,,,,9,,,,,,,,True,,,,,,,,,,,,,,,,,,,,,,,,,,,,,,,,,,,,,,,,,,,,,,,,,,,,,ExtraTreesRegressor,"{'mode': 'original', 'type': 'ExtraTreesRegressor'}",9,"['z_re_T2W10', 'z_pe_T2W10', 'z_l1_T2W10', 'z_l2_T2W10', 'z_l3_T2W10', 'z_lsc_T2W10', 'z_density_T2W10', 'z_diameter_T2W10', 'z_asp_T2W10']",,,,,,,,,,,,,,,pruned,True,PRUNED
419,1.0322546002614439,2026-06-12 18:23:48.823150,2026-06-12 18:23:51.704121,0 days 00:00:02.880971,,,,0.3674770769459806,0.6663854135782065,,,,,,,,,,ElasticNet,,,,,,9,,,,,,,,False,,,,,,,,,-0.008774517233966519,-0.007307379942279476,98.0,-0.008040948588122997,0.0007335686458435219,0.0036780224599369973,1.9844674545084815,1.0226964071461264,1.0418127933767614,98.0,1.0322546002614439,0.009558193115317581,0.04792359808962206,1.9844674545084815,302668413340937.56,397512391490111.2,98.0,350090402415524.4,47421989074586.79,237767987903374.22,1.9844674545084815,2.9843885683830167,3.0416200204998236,98.0,3.01300429444142,0.028615726058403256,0.14347571116427238,1.9844674545084815,0.9620448713524847,0.9700908571904299,98.0,0.9660678642714573,0.004022992918972516,0.020170788917966784,1.9844674545084815,99.0,1.0,-0.0040202152711158335,-0.002354630224295667,98.0,-0.0031874227477057503,0.0008327925234100832,0.0041755187097013285,1.9844674545084815,ElasticNet,"{'mode': 'original', 'type': 'ElasticNet'}",9,"['z_re_T2W10', 'z_pe_T2W10', 'z_l1_T2W10', 'z_l2_T2W10', 'z_l3_T2W10', 'z_lsc_T2W10', 'z_density_T2W10', 'z_diameter_T2W10', 'z_asp_T2W10']",,,,,,,,1.3349089651858284,1.3635379675582484,98.0,1.3492234663720384,0.01431450118621002,0.07177113848034591,1.9844674545084815,completed,False,COMPLETE
420,1.0316112849981283,2026-06-12 18:23:51.783058,2026-06-12 18:23:52.125803,0 days 00:00:00.342745,,,,0.031769159754078055,0.43272913601970464,,,,,,,,,,ElasticNet,,,,,,5,,,,,,,,False,,,,,,,,,,,,,,,,,,,,,,,,,,,,,,,,,,,,,,,,,,,,,,,,,,,,,ElasticNet,"{'mode': 'original', 'type': 'ElasticNet'}",5,"['z_l2_T2W10', 'z_l3_T2W10', 'z_lsc_T2W10', 'z_density_T2W10', 'z_asp_T2W10']",,,,,,,,,,,,,,,pruned,False,PRUNED
421,1.0334565649227219,2026-06-12 18:23:52.137029,2026-06-12 18:23:52.552153,0 days 00:00:00.415124,,,,,,,,,,,,,,,XGBRegressor,,,,,,4,,,,,,,,False,gblinear,0.8038760611263613,0.003423070327657587,9.0,262.0,4.546877964400903e-06,1.695930820835878e-07,0.838906600155022,,,,,,,,,,,,,,,,,,,,,,,,,,,,,,,,,,,,,,,,,,,,,XGBRegressor,"{'mode': 'original', 'type': 'XGBRegressor'}",4,"['z_l2_T2W10', 'z_l3_T2W10', 'z_lsc_T2W10', 'z_density_T2W10']",,,,,,,,,,,,,,,pruned,False,PRUNED
422,1.0701749171376969,2026-06-12 18:23:52.562683,2026-06-12 18:23:53.579959,0 days 00:00:01.017276,,,,,,17.0,sqrt,2.0,2.0,170.0,,,,,ExtraTreesRegressor,,,,,,5,,,,,,,,False,,,,,,,,,,,,,,,,,,,,,,,,,,,,,,,,,,,,,,,,,,,,,,,,,,,,,ExtraTreesRegressor,"{'mode': 'original', 'type': 'ExtraTreesRegressor'}",5,"['z_re_T2W10', 'z_pe_T2W10', 'z_l2_T2W10', 'z_l3_T2W10', 'z_density_T2W10']",,,,,,,,,,,,,,,pruned,False,PRUNED
423,1.401486721894885,2026-06-12 18:23:53.591809,2026-06-12 18:23:53.840775,0 days 00:00:00.248966,16.0,3.0,16.0,,,,,,,,,,,,DecisionTreeRegressor,,,,,,9,,,,,,,,True,,,,,,,,,,,,,,,,,,,,,,,,,,,,,,,,,,,,,,,,,,,,,,,,,,,,,DecisionTreeRegressor,"{'mode': 'original', 'type': 'DecisionTreeRegressor'}",9,"['z_re_T2W10', 'z_pe_T2W10', 'z_l1_T2W10', 'z_l2_T2W10', 'z_l3_T2W10', 'z_lsc_T2W10', 'z_density_T2W10', 'z_diameter_T2W10', 'z_asp_T2W10']",,,,,,,,,,,,,,,pruned,True,PRUNED
424,1.103646204236247,2026-06-12 18:23:53.850570,2026-06-12 18:23:56.252194,0 days 00:00:02.401624,,,,,,,,,,,,,,,RandomForestRegressor,9.0,log2,2.0,2.0,206.0,2,,,,,,,,True,,,,,,,,,,,,,,,,,,,,,,,,,,,,,,,,,,,,,,,,,,,,,,,,,,,,,RandomForestRegressor,"{'mode': 'original', 'type': 'RandomForestRegressor'}",2,"['z_l2_T2W10', 'z_l3_T2W10']",,,,,,,,,,,,,,,pruned,True,PRUNED
425,1.0586967715257343,2026-06-12 18:23:56.262547,2026-06-12 18:23:56.361109,0 days 00:00:00.098562,,,,,,,,,,,,,,,LinearRegression,,,,,,7,,,,,,,,False,,,,,,,,,,,,,,,,,,,,,,,,,,,,,,,,,,,,,,,,,,,,,,,,,,,,,LinearRegression,"{'mode': 'original', 'type': 'LinearRegression'}",7,"['z_pe_T2W10', 'z_l1_T2W10', 'z_l2_T2W10', 'z_l3_T2W10', 'z_lsc_T2W10', 'z_diameter_T2W10', 'z_asp_T2W10']",,,,,,,,,,,,,,,pruned,False,PRUNED
426,1.3775510204081631,2026-06-12 18:23:56.372513,2026-06-12 18:23:56.609014,0 days 00:00:00.236501,,,,,,,,,,,minkowski,2.0,uniform,,KNeighborsRegressor,,,,,,7,10.0,2.0,8.0,30.0,,,ExtraTrees,,,,,,,,,,,,,,,,,,,,,,,,,,,,,,,,,,,,,,,,,,,,,,,,,,,,,,KNeighborsRegressor,"{'mode': 'proxy', 'type': 'ExtraTrees'}",7,"['z_re_T2W10', 'z_pe_T2W10', 'z_l1_T2W10', 'z_l2_T2W10', 'z_l3_T2W10', 'z_density_T2W10', 'z_asp_T2W10']",,,,,,,,,,,,,,,pruned,True,PRUNED
427,1.0241187384044526,2026-06-12 18:23:56.619371,2026-06-12 18:23:59.558436,0 days 00:00:02.939065,,,,,,,,,,,,,,0.14276079282242177,QuantileRegressor,,,,,,5,,,,,,,,True,,,,,,,,,0.0,0.0,98.0,0.0,0.0,0.0,1.9844674545084815,1.0142445249741314,1.0339929518347737,98.0,1.0241187384044526,0.009874213430321107,0.04950808486255764,1.9844674545084815,305901430884989.94,401528566240617.56,98.0,353714998562803.75,47813567677813.83,239731314588150.53,1.9844674545084815,2.951594894990265,3.0080010646056943,98.0,2.9797979797979797,0.028203084807714735,0.14140677897022574,1.9844674545084815,1.0,1.0,98.0,1.0,0.0,0.0,1.9844674545084815,99.0,0.9393939393939394,-0.005464225809889945,-0.0036532722000295697,98.0,-0.004558749004959757,0.0009054768049301876,0.004539948707398303,1.9844674545084815,QuantileRegressor,"{'mode': 'original', 'type': 'QuantileRegressor'}",5,"['z_l3_T2W10', 'z_lsc_T2W10', 'z_density_T2W10', 'z_diameter_T2W10', 'z_asp_T2W10']",,,,,,,,1.335779145669776,1.3645398079803412,98.0,1.3501594768250587,0.014380331155282654,0.07210120180319649,1.9844674545084815,completed,True,COMPLETE
428,1.0460932208018512,2026-06-12 18:23:59.572918,2026-06-12 18:23:59.739853,0 days 00:00:00.166935,,,,0.05406120356371464,0.43281600220946925,,,,,,,,,,ElasticNet,,,,,,2,,,,,,,,True,,,,,,,,,,,,,,,,,,,,,,,,,,,,,,,,,,,,,,,,,,,,,,,,,,,,,ElasticNet,"{'mode': 'original', 'type': 'ElasticNet'}",2,"['z_l2_T2W10', 'z_l3_T2W10']",,,,,,,,,,,,,,,pruned,True,PRUNED
429,1.1526530612244898,2026-06-12 18:23:59.750206,2026-06-12 18:24:00.192322,0 days 00:00:00.442116,,,,,,,,,,,manhattan,5.0,uniform,,KNeighborsRegressor,,,,,,6,6.0,1.0,8.0,30.0,,,ExtraTrees,,,,,,,,,,,,,,,,,,,,,,,,,,,,,,,,,,,,,,,,,,,,,,,,,,,,,,KNeighborsRegressor,"{'mode': 'proxy', 'type': 'ExtraTrees'}",6,"['z_pe_T2W10', 'z_l1_T2W10', 'z_l2_T2W10', 'z_l3_T2W10', 'z_lsc_T2W10', 'z_density_T2W10']",,,,,,,,,,,,,,,pruned,True,PRUNED
