number,value,datetime_start,datetime_complete,duration,params_dt_max_depth,params_dt_min_samples_leaf,params_dt_min_samples_split,params_elastic_alpha,params_elastic_l1_ratio,params_et_max_depth,params_et_max_features,params_et_min_samples_leaf,params_et_min_samples_split,params_et_n_estimators,params_knn_metric,params_knn_n_neighbors,params_knn_weights,params_quantile_alpha,params_regressor,params_rf_max_depth,params_rf_max_features,params_rf_min_samples_leaf,params_rf_min_samples_split,params_rf_n_estimators,params_rfe_n_features,params_rfe_proxy_et_max_depth,params_rfe_proxy_et_min_samples_leaf,params_rfe_proxy_et_min_samples_split,params_rfe_proxy_et_n_estimators,params_rfe_proxy_lsvr_C,params_rfe_proxy_lsvr_epsilon,params_rfe_proxy_type,params_use_scaler,user_attrs_d2mae_ci_lower_val,user_attrs_d2mae_ci_upper_val,user_attrs_d2mae_df_val,user_attrs_d2mae_mean_val,user_attrs_d2mae_samperror_val,user_attrs_d2mae_std_val,user_attrs_d2mae_t_critical_val,user_attrs_mae_ci_lower_val,user_attrs_mae_ci_upper_val,user_attrs_mae_df_val,user_attrs_mae_mean_val,user_attrs_mae_samperror_val,user_attrs_mae_std_val,user_attrs_mae_t_critical_val,user_attrs_mape_ci_lower_val,user_attrs_mape_ci_upper_val,user_attrs_mape_df_val,user_attrs_mape_mean_val,user_attrs_mape_samperror_val,user_attrs_mape_std_val,user_attrs_mape_t_critical_val,user_attrs_max_error_ci_lower_val,user_attrs_max_error_ci_upper_val,user_attrs_max_error_df_val,user_attrs_max_error_mean_val,user_attrs_max_error_samperror_val,user_attrs_max_error_std_val,user_attrs_max_error_t_critical_val,user_attrs_median_ae_ci_lower_val,user_attrs_median_ae_ci_upper_val,user_attrs_median_ae_df_val,user_attrs_median_ae_mean_val,user_attrs_median_ae_samperror_val,user_attrs_median_ae_std_val,user_attrs_median_ae_t_critical_val,user_attrs_n_splits_val,user_attrs_r2_below_zero_val,user_attrs_r2_ci_lower_val,user_attrs_r2_ci_upper_val,user_attrs_r2_df_val,user_attrs_r2_mean_val,user_attrs_r2_samperror_val,user_attrs_r2_std_val,user_attrs_r2_t_critical_val,user_attrs_regressor_final,user_attrs_rfe_estimator,user_attrs_rfe_n_features,user_attrs_rfe_selected_features,user_attrs_rho_ci_lower_val,user_attrs_rho_ci_upper_val,user_attrs_rho_df_val,user_attrs_rho_mean_val,user_attrs_rho_samperror_val,user_attrs_rho_std_val,user_attrs_rho_t_critical_val,user_attrs_rmse_ci_lower_val,user_attrs_rmse_ci_upper_val,user_attrs_rmse_df_val,user_attrs_rmse_mean_val,user_attrs_rmse_samperror_val,user_attrs_rmse_std_val,user_attrs_rmse_t_critical_val,user_attrs_termination_reason,user_attrs_use_scaler_final,state
153,1.6944707914863144,2026-06-11 14:30:57.114979,2026-06-11 14:31:20.652747,0 days 00:00:23.537768,,,,,,20.0,log2,3.0,6.0,439.0,,,,,ExtraTreesRegressor,,,,,,6,,,,,,,,True,0.0032396944503778726,0.012599492227514622,98.0,0.007919593338946247,0.004679898888568374,0.02346443420110453,1.9844674545084815,1.6723787800254386,1.7165628029471902,98.0,1.6944707914863144,0.022092011460875895,0.11076661304798956,1.9844674545084815,0.2521831568840171,0.2703259735948568,98.0,0.26125456523943696,0.00907140835541986,0.04548291951072765,1.9844674545084815,5.738610121957251,5.974886690860082,98.0,5.856748406408666,0.11813828445141546,0.5923307464853379,1.9844674545084815,1.302307289919861,1.3532143627679776,98.0,1.3277608263439193,0.025453536424058194,0.12762088344828243,1.9844674545084815,99.0,0.1717171717171717,0.024243255788125865,0.03860057498974217,98.0,0.03142191538893402,0.007178659600808153,0.03599291135685596,1.9844674545084815,ExtraTreesRegressor,"{'mode': 'original', 'type': 'ExtraTreesRegressor'}",6,"['nodes_T2W30', 'edges_T2W30', 're_T2W30', 'l1_T2W30', 'l3_T2W30', 'lsc_T2W30']",0.1768215372960955,0.22321841108212304,98.0,0.20001997418910927,0.023198436893013763,0.11631409331818181,1.9844674545084815,2.1619019527317778,2.2309764799790934,98.0,2.1964392163554356,0.03453726362365784,0.17316556812009,1.9844674545084815,completed,True,COMPLETE
154,1.6944987248577328,2026-06-11 14:31:20.670844,2026-06-11 14:31:44.085025,0 days 00:00:23.414181,,,,,,20.0,log2,3.0,6.0,434.0,,,,,ExtraTreesRegressor,,,,,,6,,,,,,,,True,0.003237387216193861,0.012572759078889396,98.0,0.007905073147541629,0.0046676859313477675,0.02340319994414145,1.9844674545084815,1.672403657174616,1.7165937925408497,98.0,1.6944987248577328,0.02209506768311694,0.11078193656830197,1.9844674545084815,0.25218553221897405,0.2703314180477135,98.0,0.26125847513334377,0.009072942914369738,0.045490613599502745,1.9844674545084815,5.7388555986660155,5.975146127370987,98.0,5.857000863018501,0.11814526435248564,0.5923657428460053,1.9844674545084815,1.3032773379386917,1.354131314957007,98.0,1.3287043264478493,0.025426988509157505,0.12748777548650886,1.9844674545084815,99.0,0.1717171717171717,0.024285601228556837,0.038619337977157504,98.0,0.03145246960285717,0.007166868374300333,0.035933791605525664,1.9844674545084815,ExtraTreesRegressor,"{'mode': 'original', 'type': 'ExtraTreesRegressor'}",6,"['nodes_T2W30', 'edges_T2W30', 're_T2W30', 'l1_T2W30', 'l3_T2W30', 'lsc_T2W30']",0.1770689705058477,0.22346910001761133,98.0,0.2002690352617295,0.02320006475588183,0.11632225522126255,1.9844674545084815,2.1618684298674324,2.230948455555355,98.0,2.1964084427113937,0.0345400128439611,0.17317935237065743,1.9844674545084815,completed,True,COMPLETE
155,1.6973877091024514,2026-06-11 14:31:44.097983,2026-06-11 14:32:07.305818,0 days 00:00:23.207835,,,,,,20.0,log2,3.0,6.0,430.0,,,,,ExtraTreesRegressor,,,,,,5,,,,,,,,True,0.0011352422429773516,0.011281179747909586,98.0,0.006208210995443469,0.005072968752466117,0.025435237882439437,1.9844674545084815,1.6750110028372525,1.7197644153676503,98.0,1.6973877091024514,0.02237670626519885,0.11219403758482091,1.9844674545084815,0.2525244002058187,0.2706972471934955,98.0,0.2616108236996571,0.009086423493838449,0.045558203557633896,1.9844674545084815,5.7391194889018005,5.976315333398943,98.0,5.857717411150372,0.11859792224857132,0.5946353135506754,1.9844674545084815,1.29567916007947,1.3399785691175676,98.0,1.3178288645985188,0.022149704519048883,0.11105587890599078,1.9844674545084815,99.0,0.1717171717171717,0.023906267131755407,0.038480323780275716,98.0,0.03119329545601556,0.007287028324260156,0.03653625873282354,1.9844674545084815,ExtraTreesRegressor,"{'mode': 'original', 'type': 'ExtraTreesRegressor'}",5,"['edges_T2W30', 're_T2W30', 'l1_T2W30', 'l3_T2W30', 'lsc_T2W30']",0.17242436553038978,0.2195613049764151,98.0,0.19599283525340244,0.023568469723012662,0.11816939216084842,1.9844674545084815,2.1622626971294014,2.2308348807991774,98.0,2.1965487889642894,0.034286091834887795,0.17190622383699775,1.9844674545084815,completed,True,COMPLETE
156,1.746530584290401,2026-06-11 14:32:07.318925,2026-06-11 14:32:12.240180,0 days 00:00:04.921255,,,,,,,,,,,,,,,RandomForestRegressor,7.0,log2,4.0,9.0,374.0,6,,,,,,,,True,,,,,,,,,,,,,,,,,,,,,,,,,,,,,,,,,,,,,,,,,,,,,RandomForestRegressor,"{'mode': 'original', 'type': 'RandomForestRegressor'}",6,"['re_T2W30', 'l1_T2W30', 'lcc_T2W30', 'lsc_T2W30', 'atd_T2W30', 'diameter_T2W30']",,,,,,,,,,,,,,,pruned,True,PRUNED
157,1.7043449727792885,2026-06-11 14:32:12.250222,2026-06-11 14:32:18.303490,0 days 00:00:06.053268,,,,,,20.0,log2,3.0,7.0,455.0,,,,,ExtraTreesRegressor,,,,,,5,,,,,,,,True,,,,,,,,,,,,,,,,,,,,,,,,,,,,,,,,,,,,,,,,,,,,,ExtraTreesRegressor,"{'mode': 'original', 'type': 'ExtraTreesRegressor'}",5,"['edges_T2W30', 're_T2W30', 'l3_T2W30', 'lsc_T2W30', 'diameter_T2W30']",,,,,,,,,,,,,,,pruned,True,PRUNED
158,1.694830736707409,2026-06-11 14:32:18.314195,2026-06-11 14:32:40.291113,0 days 00:00:21.976918,,,,,,20.0,log2,3.0,6.0,406.0,,,,,ExtraTreesRegressor,,,,,,6,,,,,,,,True,0.003023837848707395,0.012399120861687731,98.0,0.0077114793551975635,0.004687641506490169,0.023503254729730482,1.9844674545084815,1.6727215254089232,1.7169399480058947,98.0,1.694830736707409,0.0221092112984857,0.11085285090642939,1.9844674545084815,0.25221776202808716,0.27036447302517735,98.0,0.26129111752663225,0.009073355498545084,0.045492682245528084,1.9844674545084815,5.736832483890508,5.97250082132639,98.0,5.854666652608449,0.11783416871794156,0.5908059478117917,1.9844674545084815,1.3040549244664756,1.355113372041421,98.0,1.3295841482539483,0.025529223787472705,0.12800037052716634,1.9844674545084815,99.0,0.1717171717171717,0.024263693404124334,0.03871062204470241,98.0,0.03148715772441337,0.0072234643202890355,0.03621755667872951,1.9844674545084815,ExtraTreesRegressor,"{'mode': 'original', 'type': 'ExtraTreesRegressor'}",6,"['nodes_T2W30', 'edges_T2W30', 're_T2W30', 'l1_T2W30', 'l3_T2W30', 'lsc_T2W30']",0.1757081983868804,0.2220514331181857,98.0,0.19887981575253305,0.02317161736565264,0.11617962352512558,1.9844674545084815,2.1617930887369003,2.230962760346547,98.0,2.1963779245417236,0.03458483580482328,0.17340408915256061,1.9844674545084815,completed,True,COMPLETE
159,1.6949437826399818,2026-06-11 14:32:40.305144,2026-06-11 14:33:01.958145,0 days 00:00:21.653001,,,,,,20.0,log2,3.0,6.0,401.0,,,,,ExtraTreesRegressor,,,,,,6,,,,,,,,True,0.002962629364415486,0.012325684695358104,98.0,0.007644157029886796,0.0046815276654713096,0.02347260068704305,1.9844674545084815,1.6728451681568284,1.7170423971231352,98.0,1.6949437826399818,0.022098614483153454,0.11079971978500448,1.9844674545084815,0.25223501261350945,0.27037760907959607,98.0,0.26130631084655276,0.009071298233043298,0.04548236737075189,1.9844674545084815,5.735645590533454,5.971782235855939,98.0,5.853713913194697,0.1180683226612427,0.5919799667225293,1.9844674545084815,1.3042772735411043,1.3552574648150322,98.0,1.3297673691780683,0.02549009563696384,0.12780418682002068,1.9844674545084815,99.0,0.1717171717171717,0.024211100389092875,0.03869672268160137,98.0,0.03145391153534712,0.007242811146254246,0.03631455927123632,1.9844674545084815,ExtraTreesRegressor,"{'mode': 'original', 'type': 'ExtraTreesRegressor'}",6,"['nodes_T2W30', 'edges_T2W30', 're_T2W30', 'l1_T2W30', 'l3_T2W30', 'lsc_T2W30']",0.1757061722866668,0.22216674940374442,98.0,0.1989364608452056,0.023230288558538814,0.1164737936295996,1.9844674545084815,2.161823683895983,2.2310036126925294,98.0,2.1964136482942562,0.03458996439827335,0.17342980328579705,1.9844674545084815,completed,True,COMPLETE
160,1.6948597234837395,2026-06-11 14:33:01.971398,2026-06-11 14:33:23.561284,0 days 00:00:21.589886,,,,,,20.0,log2,3.0,6.0,400.0,,,,,ExtraTreesRegressor,,,,,,6,,,,,,,,True,0.003019463952282706,0.012369394376022753,98.0,0.00769442916415273,0.004674965211870024,0.023439697356353296,1.9844674545084815,1.672760978415458,1.716958468552021,98.0,1.6948597234837395,0.022098745068281377,0.11080037452268467,1.9844674545084815,0.2522292185213757,0.27037187908518034,98.0,0.261300548803278,0.009071330281902306,0.04548252805976703,1.9844674545084815,5.735410450674236,5.971452188681225,98.0,5.85343131967773,0.11802086900349484,0.5917420399518151,1.9844674545084815,1.3037471795577351,1.354898499484477,98.0,1.329322839521106,0.025575659963370866,0.1282331957697319,1.9844674545084815,99.0,0.1717171717171717,0.024281988203866265,0.03876417402644648,98.0,0.03152308111515637,0.007241092911290107,0.03630594425364341,1.9844674545084815,ExtraTreesRegressor,"{'mode': 'original', 'type': 'ExtraTreesRegressor'}",6,"['nodes_T2W30', 'edges_T2W30', 're_T2W30', 'l1_T2W30', 'l3_T2W30', 'lsc_T2W30']",0.17594826336493202,0.22255018391646064,98.0,0.19924922364069633,0.023300960275764296,0.11682813287884429,1.9844674545084815,2.1617444565080035,2.2309304886381724,98.0,2.196337472573088,0.03459301606508445,0.1734451039657471,1.9844674545084815,completed,True,COMPLETE
161,1.6948271237396704,2026-06-11 14:33:23.576415,2026-06-11 14:33:45.391551,0 days 00:00:21.815136,,,,,,20.0,log2,3.0,6.0,405.0,,,,,ExtraTreesRegressor,,,,,,6,,,,,,,,True,0.0030272579299024842,0.012402245307214656,98.0,0.00771475161855857,0.004687493688656086,0.023502513589393016,1.9844674545084815,1.6727125880321372,1.7169416594472036,98.0,1.6948271237396704,0.022114535707533096,0.11087954683485159,1.9844674545084815,0.2522162171113668,0.270363078487414,98.0,0.2612896477993904,0.009073430688023557,0.04549305923627345,1.9844674545084815,5.737086479217891,5.972844727963623,98.0,5.854965603590757,0.11787912437286609,0.5910313499053116,1.9844674545084815,1.3040527856843762,1.3551041863038207,98.0,1.3295784859940984,0.025525700309722312,0.12798270424552186,1.9844674545084815,99.0,0.1717171717171717,0.024228983831672466,0.038693673509186864,98.0,0.03146132867042967,0.0072323448387572,0.03626208249995546,1.9844674545084815,ExtraTreesRegressor,"{'mode': 'original', 'type': 'ExtraTreesRegressor'}",6,"['nodes_T2W30', 'edges_T2W30', 're_T2W30', 'l1_T2W30', 'l3_T2W30', 'lsc_T2W30']",0.1755359254775821,0.2220813805233081,98.0,0.1988086530004451,0.023272727522863003,0.11668657734772231,1.9844674545084815,2.1618139793183304,2.2310048083477683,98.0,2.1964093938330493,0.034595414514719085,0.17345712949556655,1.9844674545084815,completed,True,COMPLETE
162,1.694830736707409,2026-06-11 14:33:45.404003,2026-06-11 14:34:07.361590,0 days 00:00:21.957587,,,,,,20.0,log2,3.0,6.0,406.0,,,,,ExtraTreesRegressor,,,,,,6,,,,,,,,True,0.003023837848707395,0.012399120861687731,98.0,0.0077114793551975635,0.004687641506490169,0.023503254729730482,1.9844674545084815,1.6727215254089232,1.7169399480058947,98.0,1.694830736707409,0.0221092112984857,0.11085285090642939,1.9844674545084815,0.25221776202808716,0.27036447302517735,98.0,0.26129111752663225,0.009073355498545084,0.045492682245528084,1.9844674545084815,5.736832483890508,5.97250082132639,98.0,5.854666652608449,0.11783416871794156,0.5908059478117917,1.9844674545084815,1.3040549244664756,1.355113372041421,98.0,1.3295841482539483,0.025529223787472705,0.12800037052716634,1.9844674545084815,99.0,0.1717171717171717,0.024263693404124334,0.03871062204470241,98.0,0.03148715772441337,0.0072234643202890355,0.03621755667872951,1.9844674545084815,ExtraTreesRegressor,"{'mode': 'original', 'type': 'ExtraTreesRegressor'}",6,"['nodes_T2W30', 'edges_T2W30', 're_T2W30', 'l1_T2W30', 'l3_T2W30', 'lsc_T2W30']",0.1757081983868804,0.2220514331181857,98.0,0.19887981575253305,0.02317161736565264,0.11617962352512558,1.9844674545084815,2.1617930887369003,2.230962760346547,98.0,2.1963779245417236,0.03458483580482328,0.17340408915256061,1.9844674545084815,completed,True,COMPLETE
163,1.694830736707409,2026-06-11 14:34:07.374688,2026-06-11 14:34:29.355462,0 days 00:00:21.980774,,,,,,20.0,log2,3.0,6.0,406.0,,,,,ExtraTreesRegressor,,,,,,6,,,,,,,,True,0.003023837848707395,0.012399120861687731,98.0,0.0077114793551975635,0.004687641506490169,0.023503254729730482,1.9844674545084815,1.6727215254089232,1.7169399480058947,98.0,1.694830736707409,0.0221092112984857,0.11085285090642939,1.9844674545084815,0.25221776202808716,0.27036447302517735,98.0,0.26129111752663225,0.009073355498545084,0.045492682245528084,1.9844674545084815,5.736832483890508,5.97250082132639,98.0,5.854666652608449,0.11783416871794156,0.5908059478117917,1.9844674545084815,1.3040549244664756,1.355113372041421,98.0,1.3295841482539483,0.025529223787472705,0.12800037052716634,1.9844674545084815,99.0,0.1717171717171717,0.024263693404124334,0.03871062204470241,98.0,0.03148715772441337,0.0072234643202890355,0.03621755667872951,1.9844674545084815,ExtraTreesRegressor,"{'mode': 'original', 'type': 'ExtraTreesRegressor'}",6,"['nodes_T2W30', 'edges_T2W30', 're_T2W30', 'l1_T2W30', 'l3_T2W30', 'lsc_T2W30']",0.1757081983868804,0.2220514331181857,98.0,0.19887981575253305,0.02317161736565264,0.11617962352512558,1.9844674545084815,2.1617930887369003,2.230962760346547,98.0,2.1963779245417236,0.03458483580482328,0.17340408915256061,1.9844674545084815,completed,True,COMPLETE
164,1.6985959237420505,2026-06-11 14:34:29.368774,2026-06-11 14:34:51.325732,0 days 00:00:21.956958,,,,,,20.0,log2,3.0,7.0,407.0,,,,,ExtraTreesRegressor,,,,,,6,,,,,,,,True,0.0008038117431113699,0.010272568580885079,98.0,0.005538190161998225,0.004734378418886855,0.02373758782790353,1.9844674545084815,1.6762346139196693,1.7209572335644316,98.0,1.6985959237420505,0.022361309822381097,0.11211684172481833,1.9844674545084815,0.25275574074000684,0.2710536451360198,98.0,0.26190469293801333,0.009148952198006507,0.04587171474656485,1.9844674545084815,5.785760395556614,6.0391191855888,98.0,5.912439790572707,0.12667939501609268,0.6351548184623578,1.9844674545084815,1.3130243769549412,1.361302691778732,98.0,1.3371635343668367,0.024139157411895464,0.12103074964826784,1.9844674545084815,99.0,0.1717171717171717,0.019469654708181714,0.03399634892943905,98.0,0.026733001818810383,0.007263347110628669,0.036417524056650157,1.9844674545084815,ExtraTreesRegressor,"{'mode': 'original', 'type': 'ExtraTreesRegressor'}",6,"['edges_T2W30', 're_T2W30', 'l1_T2W30', 'l3_T2W30', 'lsc_T2W30', 'diameter_T2W30']",0.16739553319853515,0.21465673599699855,98.0,0.19102613459776685,0.023630601399231708,0.11848091270074883,1.9844674545084815,2.1671435866592486,2.2362268633062694,98.0,2.201685224982759,0.03454163832351022,0.17318750232407173,1.9844674545084815,completed,True,COMPLETE
165,1.6948271237396704,2026-06-11 14:34:51.338736,2026-06-11 14:35:13.225042,0 days 00:00:21.886306,,,,,,20.0,log2,3.0,6.0,405.0,,,,,ExtraTreesRegressor,,,,,,6,,,,,,,,True,0.0030272579299024842,0.012402245307214656,98.0,0.00771475161855857,0.004687493688656086,0.023502513589393016,1.9844674545084815,1.6727125880321372,1.7169416594472036,98.0,1.6948271237396704,0.022114535707533096,0.11087954683485159,1.9844674545084815,0.2522162171113668,0.270363078487414,98.0,0.2612896477993904,0.009073430688023557,0.04549305923627345,1.9844674545084815,5.737086479217891,5.972844727963623,98.0,5.854965603590757,0.11787912437286609,0.5910313499053116,1.9844674545084815,1.3040527856843762,1.3551041863038207,98.0,1.3295784859940984,0.025525700309722312,0.12798270424552186,1.9844674545084815,99.0,0.1717171717171717,0.024228983831672466,0.038693673509186864,98.0,0.03146132867042967,0.0072323448387572,0.03626208249995546,1.9844674545084815,ExtraTreesRegressor,"{'mode': 'original', 'type': 'ExtraTreesRegressor'}",6,"['nodes_T2W30', 'edges_T2W30', 're_T2W30', 'l1_T2W30', 'l3_T2W30', 'lsc_T2W30']",0.1755359254775821,0.2220813805233081,98.0,0.1988086530004451,0.023272727522863003,0.11668657734772231,1.9844674545084815,2.1618139793183304,2.2310048083477683,98.0,2.1964093938330493,0.034595414514719085,0.17345712949556655,1.9844674545084815,completed,True,COMPLETE
166,1.756748490457068,2026-06-11 14:35:13.238567,2026-06-11 14:35:16.404233,0 days 00:00:03.165666,,,,,,20.0,,3.0,5.0,404.0,,,,,ExtraTreesRegressor,,,,,,5,,,,,,,,True,,,,,,,,,,,,,,,,,,,,,,,,,,,,,,,,,,,,,,,,,,,,,ExtraTreesRegressor,"{'mode': 'original', 'type': 'ExtraTreesRegressor'}",5,"['edges_T2W30', 're_T2W30', 'l1_T2W30', 'l3_T2W30', 'lsc_T2W30']",,,,,,,,,,,,,,,pruned,True,PRUNED
167,1.6949067430578302,2026-06-11 14:35:16.416040,2026-06-11 14:35:37.497996,0 days 00:00:21.081956,,,,,,20.0,log2,3.0,6.0,387.0,,,,,ExtraTreesRegressor,,,,,,6,,,,,,,,True,0.0029775203482226894,0.012366092650249615,98.0,0.007671806499236152,0.004694286151013463,0.023536570155537527,1.9844674545084815,1.6727752542618262,1.7170382318538342,98.0,1.6949067430578302,0.022131488796004014,0.1109645475236278,1.9844674545084815,0.252235318187115,0.27038727972266086,98.0,0.2613112989548879,0.009075980767772955,0.0455058450207342,1.9844674545084815,5.733437666504689,5.968928361118727,98.0,5.851183013811708,0.11774534730701867,0.5903606082431656,1.9844674545084815,1.30293852905632,1.3543682163503987,98.0,1.3286533727033594,0.025714843647039257,0.12893104554492296,1.9844674545084815,99.0,0.1717171717171717,0.02432229909148932,0.03883295505432563,98.0,0.031577627072907476,0.007255327981418154,0.03637731713462244,1.9844674545084815,ExtraTreesRegressor,"{'mode': 'original', 'type': 'ExtraTreesRegressor'}",6,"['nodes_T2W30', 'edges_T2W30', 're_T2W30', 'l1_T2W30', 'l3_T2W30', 'lsc_T2W30']",0.1763998052683321,0.22301402919234892,98.0,0.1997069172303405,0.02330711196200842,0.11685897667281038,1.9844674545084815,2.1616842423089446,2.2308621902954,98.0,2.1962732163021723,0.034588973993227766,0.17342483751739518,1.9844674545084815,completed,True,COMPLETE
168,1.694917601246852,2026-06-11 14:35:37.511543,2026-06-11 14:35:59.735220,0 days 00:00:22.223677,,,,,,20.0,log2,3.0,6.0,412.0,,,,,ExtraTreesRegressor,,,,,,6,,,,,,,,True,0.0029590920282562497,0.01236072841934682,98.0,0.007659910223801535,0.0047008181955452855,0.02356932101891409,1.9844674545084815,1.6728004398809555,1.7170347626127487,98.0,1.694917601246852,0.02211716136589651,0.11089271156113518,1.9844674545084815,0.25222566120707934,0.2703727144268582,98.0,0.26129918781696876,0.009073526609889391,0.045493540176644795,1.9844674545084815,5.737071350785674,5.9731910287018914,98.0,5.8551311897437825,0.11805983895810901,0.5919374304843109,1.9844674545084815,1.303488643986616,1.3544651491110822,98.0,1.328976896548849,0.02548825256223307,0.1277949458712785,1.9844674545084815,99.0,0.1717171717171717,0.02416273864547565,0.03860483786038531,98.0,0.03138378825293048,0.007221049607454827,0.03620544960723887,1.9844674545084815,ExtraTreesRegressor,"{'mode': 'original', 'type': 'ExtraTreesRegressor'}",6,"['nodes_T2W30', 'edges_T2W30', 're_T2W30', 'l1_T2W30', 'l3_T2W30', 'lsc_T2W30']",0.17589800333362637,0.2222305880701284,98.0,0.1990642957018774,0.023166292368251008,0.11615292464676802,1.9844674545084815,2.161907250166783,2.2310791221341337,98.0,2.1964931861504584,0.03458593598367524,0.17340960531325042,1.9844674545084815,completed,True,COMPLETE
