number,value,datetime_start,datetime_complete,duration,params_dt_max_depth,params_dt_min_samples_leaf,params_dt_min_samples_split,params_elastic_alpha,params_elastic_l1_ratio,params_et_max_depth,params_et_max_features,params_et_min_samples_leaf,params_et_min_samples_split,params_et_n_estimators,params_knn_metric,params_knn_n_neighbors,params_knn_weights,params_quantile_alpha,params_regressor,params_rf_max_depth,params_rf_max_features,params_rf_min_samples_leaf,params_rf_min_samples_split,params_rf_n_estimators,params_rfe_n_features,params_rfe_proxy_et_max_depth,params_rfe_proxy_et_min_samples_leaf,params_rfe_proxy_et_min_samples_split,params_rfe_proxy_et_n_estimators,params_rfe_proxy_lsvr_C,params_rfe_proxy_lsvr_epsilon,params_rfe_proxy_type,params_use_scaler,user_attrs_d2mae_ci_lower_val,user_attrs_d2mae_ci_upper_val,user_attrs_d2mae_df_val,user_attrs_d2mae_mean_val,user_attrs_d2mae_samperror_val,user_attrs_d2mae_std_val,user_attrs_d2mae_t_critical_val,user_attrs_mae_ci_lower_val,user_attrs_mae_ci_upper_val,user_attrs_mae_df_val,user_attrs_mae_mean_val,user_attrs_mae_samperror_val,user_attrs_mae_std_val,user_attrs_mae_t_critical_val,user_attrs_mape_ci_lower_val,user_attrs_mape_ci_upper_val,user_attrs_mape_df_val,user_attrs_mape_mean_val,user_attrs_mape_samperror_val,user_attrs_mape_std_val,user_attrs_mape_t_critical_val,user_attrs_max_error_ci_lower_val,user_attrs_max_error_ci_upper_val,user_attrs_max_error_df_val,user_attrs_max_error_mean_val,user_attrs_max_error_samperror_val,user_attrs_max_error_std_val,user_attrs_max_error_t_critical_val,user_attrs_median_ae_ci_lower_val,user_attrs_median_ae_ci_upper_val,user_attrs_median_ae_df_val,user_attrs_median_ae_mean_val,user_attrs_median_ae_samperror_val,user_attrs_median_ae_std_val,user_attrs_median_ae_t_critical_val,user_attrs_n_splits_val,user_attrs_r2_below_zero_val,user_attrs_r2_ci_lower_val,user_attrs_r2_ci_upper_val,user_attrs_r2_df_val,user_attrs_r2_mean_val,user_attrs_r2_samperror_val,user_attrs_r2_std_val,user_attrs_r2_t_critical_val,user_attrs_regressor_final,user_attrs_rfe_estimator,user_attrs_rfe_n_features,user_attrs_rfe_selected_features,user_attrs_rho_ci_lower_val,user_attrs_rho_ci_upper_val,user_attrs_rho_df_val,user_attrs_rho_mean_val,user_attrs_rho_samperror_val,user_attrs_rho_std_val,user_attrs_rho_t_critical_val,user_attrs_rmse_ci_lower_val,user_attrs_rmse_ci_upper_val,user_attrs_rmse_df_val,user_attrs_rmse_mean_val,user_attrs_rmse_samperror_val,user_attrs_rmse_std_val,user_attrs_rmse_t_critical_val,user_attrs_termination_reason,user_attrs_use_scaler_final,state
100,1.6970887468547096,2026-06-11 14:20:05.446792,2026-06-11 14:20:17.987273,0 days 00:00:12.540481,,,,,,13.0,log2,3.0,5.0,220.0,,,,,ExtraTreesRegressor,,,,,,7,,,,,,,,True,0.0019510196378135936,0.010950523273993507,98.0,0.00645077145590355,0.004499751818089957,0.0225611990709422,1.9844674545084815,1.6747760228152608,1.7194014708941583,98.0,1.6970887468547096,0.022312724039448662,0.11187323861845377,1.9844674545084815,0.2525873160780367,0.27088294906448346,98.0,0.2617351325712601,0.009147816493223361,0.04586602046325008,1.9844674545084815,5.750344817659155,5.994503120778527,98.0,5.872423969218841,0.12207915155968638,0.6120897667460529,1.9844674545084815,1.3148063758120805,1.3683503161339203,98.0,1.3415783459730004,0.026771970160919967,0.13423134713643556,1.9844674545084815,99.0,0.18181818181818182,0.020124383503514528,0.03361621937935278,98.0,0.026870301441433656,0.0067459179379191275,0.03382319818212488,1.9844674545084815,ExtraTreesRegressor,"{'mode': 'original', 'type': 'ExtraTreesRegressor'}",7,"['nodes_T2W30', 'edges_T2W30', 're_T2W30', 'l1_T2W30', 'l3_T2W30', 'lsc_T2W30', 'diameter_T2W30']",0.16412428560136177,0.209901307306412,98.0,0.18701279645388688,0.0228885108525251,0.11476016248390267,1.9844674545084815,2.1672346251201593,2.2359307191264617,98.0,2.2015826721233105,0.034348047003151014,0.17221685938783873,1.9844674545084815,completed,True,COMPLETE
101,1.6969766152394514,2026-06-11 14:20:18.085461,2026-06-11 14:20:30.969503,0 days 00:00:12.884042,,,,,,14.0,log2,3.0,5.0,224.0,,,,,ExtraTreesRegressor,,,,,,7,,,,,,,,True,0.0021550483006950675,0.010793573796612546,98.0,0.006474311048653807,0.004319262747958739,0.02165624919682045,1.9844674545084815,1.6750060222899086,1.7189472081889943,98.0,1.6969766152394514,0.02197059294954295,0.11015783564963011,1.9844674545084815,0.2526922599794665,0.27081604437091805,98.0,0.26175415217519227,0.009061892195725778,0.04543520666301326,1.9844674545084815,5.716761786428443,5.951110893660883,98.0,5.833936340044663,0.1171745536162198,0.5874987192752497,1.9844674545084815,1.3146367224005866,1.366848039994561,98.0,1.3407423811975738,0.02610565879698718,0.13089054436938435,1.9844674545084815,99.0,0.15151515151515152,0.02113394646269973,0.03432191673235535,98.0,0.027727931597527542,0.006593985134827811,0.03306142589900273,1.9844674545084815,ExtraTreesRegressor,"{'mode': 'original', 'type': 'ExtraTreesRegressor'}",7,"['nodes_T2W30', 'edges_T2W30', 're_T2W30', 'l1_T2W30', 'l3_T2W30', 'lsc_T2W30', 'atd_T2W30']",0.1681871203264833,0.21429749547581362,98.0,0.19124230790114846,0.023055187574665157,0.115595858953556,1.9844674545084815,2.1662812716144386,2.235081378275122,98.0,2.2006813249447803,0.03440005333034151,0.17247761268004838,1.9844674545084815,completed,True,COMPLETE
102,1.6972079857472941,2026-06-11 14:20:30.987630,2026-06-11 14:20:43.831137,0 days 00:00:12.843507,,,,,,14.0,log2,3.0,6.0,228.0,,,,,ExtraTreesRegressor,,,,,,7,,,,,,,,True,0.002012310992953956,0.010663723367688196,98.0,0.006338017180321075,0.0043257061873671196,0.021688555805067067,1.9844674545084815,1.6752356323466517,1.7191803391479366,98.0,1.6972079857472941,0.02197235340064236,0.11016666233370384,1.9844674545084815,0.2527252202352845,0.270848766902046,98.0,0.26178699356866525,0.00906177333338074,0.045434610701916546,1.9844674545084815,5.716861012297166,5.9511632785946045,98.0,5.834012145445885,0.1171511331487193,0.5873812919479271,1.9844674545084815,1.3143052468290535,1.366401378574204,98.0,1.3403533127016287,0.026048065872575344,0.13060178056967667,1.9844674545084815,99.0,0.1717171717171717,0.02089990333753922,0.03415467061399467,98.0,0.027527286975766948,0.006627383638227728,0.03322888186420681,1.9844674545084815,ExtraTreesRegressor,"{'mode': 'original', 'type': 'ExtraTreesRegressor'}",7,"['nodes_T2W30', 'edges_T2W30', 're_T2W30', 'l1_T2W30', 'l3_T2W30', 'lsc_T2W30', 'atd_T2W30']",0.16765280219979803,0.21398851503355473,98.0,0.19082065861667638,0.02316785641687835,0.11616076659313854,1.9844674545084815,2.166498424807444,2.235306365220511,98.0,2.2009023950139777,0.034403970206533664,0.172497251412823,1.9844674545084815,completed,True,COMPLETE
103,1.7170147520701908,2026-06-11 14:20:43.845192,2026-06-11 14:20:45.792388,0 days 00:00:01.947196,,,,,,13.0,log2,3.0,6.0,221.0,,,,,ExtraTreesRegressor,,,,,,6,,,,,,,,True,,,,,,,,,,,,,,,,,,,,,,,,,,,,,,,,,,,,,,,,,,,,,ExtraTreesRegressor,"{'mode': 'original', 'type': 'ExtraTreesRegressor'}",6,"['nodes_T2W30', 'edges_T2W30', 're_T2W30', 'l1_T2W30', 'l3_T2W30', 'diameter_T2W30']",,,,,,,,,,,,,,,pruned,True,PRUNED
104,1.6956189640921588,2026-06-11 14:20:45.803457,2026-06-11 14:20:49.275465,0 days 00:00:03.472008,,,,,,13.0,sqrt,4.0,6.0,269.0,,,,,ExtraTreesRegressor,,,,,,7,,,,,,,,True,,,,,,,,,,,,,,,,,,,,,,,,,,,,,,,,,,,,,,,,,,,,,ExtraTreesRegressor,"{'mode': 'original', 'type': 'ExtraTreesRegressor'}",7,"['edges_T2W30', 're_T2W30', 'l1_T2W30', 'l3_T2W30', 'lsc_T2W30', 'atd_T2W30', 'diameter_T2W30']",,,,,,,,,,,,,,,pruned,True,PRUNED
105,1.6971697115037936,2026-06-11 14:20:49.285742,2026-06-11 14:21:02.140167,0 days 00:00:12.854425,,,,,,13.0,log2,3.0,5.0,224.0,,,,,ExtraTreesRegressor,,,,,,7,,,,,,,,True,0.0018795406742647975,0.01093085913993484,98.0,0.006405199907099819,0.004525659232835022,0.022691095644154766,1.9844674545084815,1.6748302969289892,1.719509126078598,98.0,1.6971697115037936,0.022339414574804317,0.11200706166154875,1.9844674545084815,0.2525934893391057,0.2708945868464944,98.0,0.26174403809280006,0.00915054875369436,0.04587971967931618,1.9844674545084815,5.749692664511827,5.993486490721176,98.0,5.8715895776165015,0.12189691310467395,0.6111760456725067,1.9844674545084815,1.314301011991026,1.368111934321603,98.0,1.3412064731563145,0.026905461165288632,0.13490065452170816,1.9844674545084815,99.0,0.18181818181818182,0.02009051791900872,0.03372226700668501,98.0,0.026906392462846863,0.006815874543838144,0.034173951951726414,1.9844674545084815,ExtraTreesRegressor,"{'mode': 'original', 'type': 'ExtraTreesRegressor'}",7,"['nodes_T2W30', 'edges_T2W30', 're_T2W30', 'l1_T2W30', 'l3_T2W30', 'lsc_T2W30', 'diameter_T2W30']",0.1630843532819752,0.2087148782815431,98.0,0.18589961578175915,0.022815262499783943,0.11439290430286962,1.9844674545084815,2.167165474040458,2.235909328095619,98.0,2.2015374010680384,0.03437192702758058,0.17233659087676412,1.9844674545084815,completed,True,COMPLETE
106,1.7014616030529535,2026-06-11 14:21:02.158593,2026-06-11 14:21:15.297945,0 days 00:00:13.139352,,,,,,13.0,log2,3.0,5.0,224.0,,,,,ExtraTreesRegressor,,,,,,8,,,,,,,,True,-0.002787313595888517,0.010492064312709526,98.0,0.0038523753584105043,0.006639688954299021,0.03329057919702397,1.9844674545084815,1.6777665385906178,1.7251566675152892,98.0,1.7014616030529535,0.023695064462335755,0.11880412252613659,1.9844674545084815,0.2528183561947759,0.27114884616847135,98.0,0.2619836011816236,0.00916524498684774,0.04595340477466598,1.9844674545084815,5.752450287439815,6.0229016694941615,98.0,5.887675978466988,0.1352256910271732,0.6780048896262897,1.9844674545084815,1.3157240735578573,1.3718794594074513,98.0,1.3438017664826543,0.02807769292479701,0.14077807957818061,1.9844674545084815,99.0,0.29292929292929293,0.01240921553526986,0.034025713153126476,98.0,0.023217464344198167,0.010808248808928307,0.05419122272614873,1.9844674545084815,ExtraTreesRegressor,"{'mode': 'original', 'type': 'ExtraTreesRegressor'}",8,"['nodes_T2W30', 'edges_T2W30', 're_T2W30', 'l1_T2W30', 'l3_T2W30', 'lsc_T2W30', 'diameter_T2W30', 'asp_T2W30']",0.14678663083681526,0.1966145664221181,98.0,0.17170059862946668,0.024913967792651426,0.12491555306613454,1.9844674545084815,2.1695574779940303,2.240798735887994,98.0,2.205178106941012,0.035620628946981876,0.1785974278568442,1.9844674545084815,completed,True,COMPLETE
107,1.695724872550376,2026-06-11 14:21:15.311132,2026-06-11 14:21:29.541944,0 days 00:00:14.230812,,,,,,14.0,log2,3.0,6.0,252.0,,,,,ExtraTreesRegressor,,,,,,6,,,,,,,,True,0.002451903157628336,0.011896280179816646,98.0,0.007174091668722491,0.004722188511094155,0.023676469137921145,1.9844674545084815,1.673663247355326,1.717786497745426,98.0,1.695724872550376,0.02206162519505013,0.11061426006941827,1.9844674545084815,0.25235462349347615,0.27046371742095,98.0,0.26140917045721307,0.009054546963736906,0.04539837857830491,1.9844674545084815,5.741028955929141,5.9760942659527485,98.0,5.858561610940945,0.11753265501180392,0.5892941953814819,1.9844674545084815,1.3047568371165452,1.3544549932806595,98.0,1.3296059151986024,0.024849078082057156,0.12459020408300005,1.9844674545084815,99.0,0.18181818181818182,0.02346210946370267,0.03787537111218454,98.0,0.030668740287943603,0.0072066308242409345,0.03613315561156969,1.9844674545084815,ExtraTreesRegressor,"{'mode': 'original', 'type': 'ExtraTreesRegressor'}",6,"['nodes_T2W30', 'edges_T2W30', 're_T2W30', 'l1_T2W30', 'l3_T2W30', 'lsc_T2W30']",0.17314164392223663,0.2191255086585724,98.0,0.1961335762904045,0.022991932368167888,0.1152787051718027,1.9844674545084815,2.1627672778352487,2.2317831372423464,98.0,2.1972752075387976,0.03450792970354869,0.17301849147278403,1.9844674545084815,completed,True,COMPLETE
108,1.6956233747457135,2026-06-11 14:21:29.559865,2026-06-11 14:21:43.879593,0 days 00:00:14.319728,,,,,,13.0,log2,3.0,6.0,254.0,,,,,ExtraTreesRegressor,,,,,,6,,,,,,,,True,0.002502513560646736,0.011960570562296397,98.0,0.007231542061471566,0.00472902850082483,0.02371076400043702,1.9844674545084815,1.67356570876533,1.717681040726097,98.0,1.6956233747457135,0.02205766598038342,0.11059440905676884,1.9844674545084815,0.2523555921090588,0.2704499160048497,98.0,0.26140275405695423,0.009047161947895432,0.045361351022280214,1.9844674545084815,5.740540644000716,5.975963781608855,98.0,5.858252212804786,0.1177115688040692,0.5901912470072197,1.9844674545084815,1.3070926770646165,1.3566138125710216,98.0,1.331853244817819,0.024760567753202515,0.12414642424138829,1.9844674545084815,99.0,0.1919191919191919,0.023507868500718485,0.037973000644792324,98.0,0.030740434572755406,0.007232566072036921,0.03626319173625708,1.9844674545084815,ExtraTreesRegressor,"{'mode': 'original', 'type': 'ExtraTreesRegressor'}",6,"['nodes_T2W30', 'edges_T2W30', 're_T2W30', 'l1_T2W30', 'l3_T2W30', 'lsc_T2W30']",0.17424481611004314,0.2201829220354474,98.0,0.19721386907274527,0.022969052962702127,0.11516399066260186,1.9844674545084815,2.162701695829587,2.2316451961832673,98.0,2.197173446006427,0.034471750176839955,0.17283709180067616,1.9844674545084815,completed,True,COMPLETE
109,1.696138985810971,2026-06-11 14:21:43.897579,2026-06-11 14:21:47.291123,0 days 00:00:03.393544,,,,,,13.0,sqrt,4.0,6.0,252.0,,,,,ExtraTreesRegressor,,,,,,6,,,,,,,,True,,,,,,,,,,,,,,,,,,,,,,,,,,,,,,,,,,,,,,,,,,,,,ExtraTreesRegressor,"{'mode': 'original', 'type': 'ExtraTreesRegressor'}",6,"['edges_T2W30', 're_T2W30', 'l1_T2W30', 'l3_T2W30', 'lsc_T2W30', 'diameter_T2W30']",,,,,,,,,,,,,,,pruned,True,PRUNED
110,1.8225251519187335,2026-06-11 14:21:47.302228,2026-06-11 14:21:49.045013,0 days 00:00:01.742785,,,,,,12.0,,3.0,7.0,304.0,,,,,ExtraTreesRegressor,,,,,,6,,,,,,,,True,,,,,,,,,,,,,,,,,,,,,,,,,,,,,,,,,,,,,,,,,,,,,ExtraTreesRegressor,"{'mode': 'original', 'type': 'ExtraTreesRegressor'}",6,"['edges_T2W30', 're_T2W30', 'l1_T2W30', 'l3_T2W30', 'lsc_T2W30', 'atd_T2W30']",,,,,,,,,,,,,,,pruned,True,PRUNED
111,1.6973200780686404,2026-06-11 14:21:49.055640,2026-06-11 14:22:01.445696,0 days 00:00:12.390056,,,,,,14.0,log2,3.0,6.0,212.0,,,,,ExtraTreesRegressor,,,,,,7,,,,,,,,True,0.001981949281601619,0.010548068211230714,98.0,0.006265008746416167,0.004283059464814548,0.021474730412883496,1.9844674545084815,1.6754019431354326,1.7192382130018482,98.0,1.6973200780686404,0.021918134933207784,0.10989481764391557,1.9844674545084815,0.25274201420565573,0.2708585132326527,98.0,0.2618002637191542,0.009058249513498495,0.04541694270486527,1.9844674545084815,5.718292682715669,5.95286803643994,98.0,5.835580359577804,0.11728767686213579,0.5880659052387958,1.9844674545084815,1.3165426793213029,1.3682544314469487,98.0,1.3423985553841258,0.0258558760628229,0.12963816463428227,1.9844674545084815,99.0,0.1919191919191919,0.020674804716656787,0.03362025944244602,98.0,0.027147532079551402,0.006472727362894614,0.03245345442811281,1.9844674545084815,ExtraTreesRegressor,"{'mode': 'original', 'type': 'ExtraTreesRegressor'}",7,"['nodes_T2W30', 'edges_T2W30', 're_T2W30', 'l1_T2W30', 'l3_T2W30', 'lsc_T2W30', 'atd_T2W30']",0.16645526852553724,0.21215513626836682,98.0,0.18930520239695203,0.022849933871414797,0.11456674227195085,1.9844674545084815,2.167005586062748,2.2356396716109703,98.0,2.2013226288368593,0.03431704277411118,0.17206140801814393,1.9844674545084815,completed,True,COMPLETE
112,1.6960872783770629,2026-06-11 14:22:01.458532,2026-06-11 14:22:17.041306,0 days 00:00:15.582774,,,,,,14.0,log2,3.0,6.0,279.0,,,,,ExtraTreesRegressor,,,,,,6,,,,,,,,True,0.0022535578244810284,0.011697607264462336,98.0,0.006975582544471682,0.004722024719990654,0.02367564790958644,1.9844674545084815,1.6739474710299735,1.7182270857241522,98.0,1.6960872783770629,0.022139807347089296,0.11100625570990205,1.9844674545084815,0.2523966147671161,0.2705365738613605,98.0,0.2614665943142383,0.009069979547122168,0.045475755642642994,1.9844674545084815,5.739073668813839,5.975500884608376,98.0,5.857287276711108,0.11821360789726808,0.5927084089265771,1.9844674545084815,1.3058105616510969,1.3564679404824935,98.0,1.3311392510667952,0.02532868941569824,0.126994915989878,1.9844674545084815,99.0,0.18181818181818182,0.023018740866042386,0.03746513999983806,98.0,0.030241940432940224,0.0072231995668978356,0.03621622923797165,1.9844674545084815,ExtraTreesRegressor,"{'mode': 'original', 'type': 'ExtraTreesRegressor'}",6,"['nodes_T2W30', 'edges_T2W30', 're_T2W30', 'l1_T2W30', 'l3_T2W30', 'lsc_T2W30']",0.17197928784870078,0.21806747270868473,98.0,0.19502338027869276,0.02304409242999197,0.11554022927045074,1.9844674545084815,2.163206333969363,2.2323565208615754,98.0,2.1977814274154692,0.034575093446106334,0.1733552421709227,1.9844674545084815,completed,True,COMPLETE
113,1.6985288781079169,2026-06-11 14:22:17.054409,2026-06-11 14:22:33.183672,0 days 00:00:16.129263,,,,,,14.0,log2,3.0,7.0,288.0,,,,,ExtraTreesRegressor,,,,,,6,,,,,,,,True,0.0007929155423248482,0.010355068811155246,98.0,0.005573992176740047,0.004781076634415199,0.023971726904764876,1.9844674545084815,1.6761567935921116,1.7209009626237222,98.0,1.6985288781079169,0.02237208451580529,0.11217086470499567,1.9844674545084815,0.25275842634971635,0.27108033234065565,98.0,0.261919379345186,0.009160952995469634,0.04593188526074458,1.9844674545084815,5.7865891273353975,6.04053668685813,98.0,5.913562907096764,0.12697377976136612,0.6366308271646293,1.9844674545084815,1.3066467851473575,1.3557625713957422,98.0,1.3312046782715499,0.024557893124192213,0.12313023871903393,1.9844674545084815,99.0,0.15151515151515152,0.019217156345262443,0.03392159287127623,98.0,0.026569374608269337,0.007352218263006894,0.03686311302278124,1.9844674545084815,ExtraTreesRegressor,"{'mode': 'original', 'type': 'ExtraTreesRegressor'}",6,"['edges_T2W30', 're_T2W30', 'l1_T2W30', 'l3_T2W30', 'lsc_T2W30', 'diameter_T2W30']",0.16699539188365187,0.21438940899725095,98.0,0.1906924004404514,0.023697008556799546,0.11881386997532567,1.9844674545084815,2.1672878616313564,2.236437032881831,98.0,2.2018624472565937,0.03457458562523714,0.17335269601989362,1.9844674545084815,completed,True,COMPLETE
114,1.6954940190367842,2026-06-11 14:22:33.196774,2026-06-11 14:22:48.052189,0 days 00:00:14.855415,,,,,,19.0,log2,3.0,6.0,265.0,,,,,ExtraTreesRegressor,,,,,,6,,,,,,,,True,0.0026395753565003387,0.012004262909200689,98.0,0.007321919132850513,0.0046823437763501745,0.02347669256605025,1.9844674545084815,1.6733948761669457,1.7175931619066227,98.0,1.6954940190367842,0.02209914286983851,0.11080236905049065,1.9844674545084815,0.2523289278149396,0.27043641543910085,98.0,0.2613826716270202,0.009053743812080633,0.04539435167523694,1.9844674545084815,5.740362177945233,5.975860975189143,98.0,5.858111576567188,0.11774939862195444,0.5903809210351728,1.9844674545084815,1.3056081967498827,1.3552572690314764,98.0,1.3304327328906795,0.024824536140796806,0.12446715382495335,1.9844674545084815,99.0,0.18181818181818182,0.023551723599392817,0.037949572440262945,98.0,0.03075064801982788,0.007198924420435063,0.03609451665604189,1.9844674545084815,ExtraTreesRegressor,"{'mode': 'original', 'type': 'ExtraTreesRegressor'}",6,"['nodes_T2W30', 'edges_T2W30', 're_T2W30', 'l1_T2W30', 'l3_T2W30', 'lsc_T2W30']",0.1729422604089207,0.2188361931293588,98.0,0.19588922676913975,0.022946966360219048,0.11505325116949955,1.9844674545084815,2.1626729747309152,2.231707794596317,98.0,2.197190384663616,0.034517409932701006,0.173066024169206,1.9844674545084815,completed,True,COMPLETE
115,2.253971631205674,2026-06-11 14:22:48.070258,2026-06-11 14:22:48.225449,0 days 00:00:00.155191,10.0,3.0,11.0,,,,,,,,,,,,DecisionTreeRegressor,,,,,,6,,,,,,,,True,,,,,,,,,,,,,,,,,,,,,,,,,,,,,,,,,,,,,,,,,,,,,DecisionTreeRegressor,"{'mode': 'original', 'type': 'DecisionTreeRegressor'}",6,"['edges_T2W30', 're_T2W30', 'lcc_T2W30', 'lsc_T2W30', 'atd_T2W30', 'diameter_T2W30']",,,,,,,,,,,,,,,pruned,True,PRUNED
116,1.6954359313415823,2026-06-11 14:22:48.235310,2026-06-11 14:23:03.014132,0 days 00:00:14.778822,,,,,,19.0,log2,3.0,6.0,262.0,,,,,ExtraTreesRegressor,,,,,,6,,,,,,,,True,0.002642507303981091,0.012061845091698392,98.0,0.007352176197839741,0.0047096688938586505,0.02361369732557214,1.9844674545084815,1.673340498228929,1.7175313644542356,98.0,1.6954359313415823,0.02209543311265321,0.11078376878679924,1.9844674545084815,0.25231657266316865,0.2704195138700445,98.0,0.26136804326660656,0.009051470603437924,0.045382954088260756,1.9844674545084815,5.740864343112465,5.976556517909721,98.0,5.858710430511093,0.1178460873986282,0.5908657066026107,1.9844674545084815,1.3055665959090876,1.3552650947050964,98.0,1.330415845307092,0.024849249398004376,0.12459106303997045,1.9844674545084815,99.0,0.18181818181818182,0.02362688067254254,0.03811774229425611,98.0,0.030872311483399324,0.007245430810856786,0.03632769394554423,1.9844674545084815,ExtraTreesRegressor,"{'mode': 'original', 'type': 'ExtraTreesRegressor'}",6,"['nodes_T2W30', 'edges_T2W30', 're_T2W30', 'l1_T2W30', 'l3_T2W30', 'lsc_T2W30']",0.1740362536677797,0.22000088038098004,98.0,0.19701856702437986,0.022982313356600184,0.11523047663751507,1.9844674545084815,2.1625254682561708,2.2315633063522466,98.0,2.1970443873042087,0.03451891904803801,0.17307359068685313,1.9844674545084815,completed,True,COMPLETE
117,1.8370212765957448,2026-06-11 14:23:03.070157,2026-06-11 14:23:03.260441,0 days 00:00:00.190284,,,,,,,,,,,euclidean,10.0,uniform,,KNeighborsRegressor,,,,,,5,,,,,0.15009195677865914,0.000129111844573976,LinearSVR,,,,,,,,,,,,,,,,,,,,,,,,,,,,,,,,,,,,,,,,,,,,,,KNeighborsRegressor,"{'mode': 'proxy', 'type': 'LinearSVR'}",5,"['edges_T2W30', 'pe_T2W30', 'l2_T2W30', 'atd_T2W30', 'density_T2W30']",,,,,,,,,,,,,,,pruned,True,PRUNED
118,1.7107685790537128,2026-06-11 14:23:03.269953,2026-06-11 14:23:07.875053,0 days 00:00:04.605100,,,,,,20.0,log2,2.0,6.0,328.0,,,,,ExtraTreesRegressor,,,,,,6,,,,,,,,True,,,,,,,,,,,,,,,,,,,,,,,,,,,,,,,,,,,,,,,,,,,,,ExtraTreesRegressor,"{'mode': 'original', 'type': 'ExtraTreesRegressor'}",6,"['nodes_T2W30', 'edges_T2W30', 're_T2W30', 'l3_T2W30', 'lsc_T2W30', 'diameter_T2W30']",,,,,,,,,,,,,,,pruned,True,PRUNED
