number,value,datetime_start,datetime_complete,duration,params_dt_max_depth,params_dt_min_samples_leaf,params_dt_min_samples_split,params_elastic_alpha,params_elastic_l1_ratio,params_et_max_depth,params_et_max_features,params_et_min_samples_leaf,params_et_min_samples_split,params_et_n_estimators,params_knn_metric,params_knn_n_neighbors,params_knn_weights,params_quantile_alpha,params_regressor,params_rf_max_depth,params_rf_max_features,params_rf_min_samples_leaf,params_rf_min_samples_split,params_rf_n_estimators,params_rfe_n_features,params_rfe_proxy_et_max_depth,params_rfe_proxy_et_min_samples_leaf,params_rfe_proxy_et_min_samples_split,params_rfe_proxy_et_n_estimators,params_rfe_proxy_lsvr_C,params_rfe_proxy_lsvr_epsilon,params_rfe_proxy_type,params_use_scaler,user_attrs_d2mae_ci_lower_val,user_attrs_d2mae_ci_upper_val,user_attrs_d2mae_df_val,user_attrs_d2mae_mean_val,user_attrs_d2mae_samperror_val,user_attrs_d2mae_std_val,user_attrs_d2mae_t_critical_val,user_attrs_mae_ci_lower_val,user_attrs_mae_ci_upper_val,user_attrs_mae_df_val,user_attrs_mae_mean_val,user_attrs_mae_samperror_val,user_attrs_mae_std_val,user_attrs_mae_t_critical_val,user_attrs_mape_ci_lower_val,user_attrs_mape_ci_upper_val,user_attrs_mape_df_val,user_attrs_mape_mean_val,user_attrs_mape_samperror_val,user_attrs_mape_std_val,user_attrs_mape_t_critical_val,user_attrs_max_error_ci_lower_val,user_attrs_max_error_ci_upper_val,user_attrs_max_error_df_val,user_attrs_max_error_mean_val,user_attrs_max_error_samperror_val,user_attrs_max_error_std_val,user_attrs_max_error_t_critical_val,user_attrs_median_ae_ci_lower_val,user_attrs_median_ae_ci_upper_val,user_attrs_median_ae_df_val,user_attrs_median_ae_mean_val,user_attrs_median_ae_samperror_val,user_attrs_median_ae_std_val,user_attrs_median_ae_t_critical_val,user_attrs_n_splits_val,user_attrs_r2_below_zero_val,user_attrs_r2_ci_lower_val,user_attrs_r2_ci_upper_val,user_attrs_r2_df_val,user_attrs_r2_mean_val,user_attrs_r2_samperror_val,user_attrs_r2_std_val,user_attrs_r2_t_critical_val,user_attrs_regressor_final,user_attrs_rfe_estimator,user_attrs_rfe_n_features,user_attrs_rfe_selected_features,user_attrs_rho_ci_lower_val,user_attrs_rho_ci_upper_val,user_attrs_rho_df_val,user_attrs_rho_mean_val,user_attrs_rho_samperror_val,user_attrs_rho_std_val,user_attrs_rho_t_critical_val,user_attrs_rmse_ci_lower_val,user_attrs_rmse_ci_upper_val,user_attrs_rmse_df_val,user_attrs_rmse_mean_val,user_attrs_rmse_samperror_val,user_attrs_rmse_std_val,user_attrs_rmse_t_critical_val,user_attrs_termination_reason,user_attrs_use_scaler_final,state
63,1.7079303675048356,2026-06-11 14:16:06.838238,2026-06-11 14:16:08.919513,0 days 00:00:02.081275,,,,,,,,,,,,,,3.78401614912262,QuantileRegressor,,,,,,7,,,,,,,,True,0.0,0.0,98.0,0.0,0.0,0.0,1.9844674545084815,1.6874905981416963,1.728370136867975,98.0,1.7079303675048356,0.020439769363139366,0.1024824755249899,1.9844674545084815,0.24769877534444404,0.26502057064376067,98.0,0.25635967299410234,0.008660897649658312,0.04342466960543163,1.9844674545084815,5.777847217965754,6.080738640620104,98.0,5.929292929292929,0.15144571132717455,0.7593300652619515,1.9844674545084815,1.0,1.0,98.0,1.0,0.0,0.0,1.9844674545084815,99.0,0.9696969696969697,-0.017081892832884867,-0.011545748963829566,98.0,-0.014313820898357216,0.002768071934527651,0.013878770314953832,1.9844674545084815,QuantileRegressor,"{'mode': 'original', 'type': 'QuantileRegressor'}",7,"['l3_T2W30', 'lcc_T2W30', 'lsc_T2W30', 'atd_T2W30', 'density_T2W30', 'diameter_T2W30', 'asp_T2W30']",,,,,,,,2.2153886891578116,2.278487658939916,98.0,2.246938174048864,0.03154948489105226,0.15818521509367467,1.9844674545084815,completed,True,COMPLETE
64,1.7060666106488742,2026-06-11 14:16:08.976720,2026-06-11 14:16:12.755111,0 days 00:00:03.778391,,,,,,9.0,log2,5.0,9.0,393.0,,,,,ExtraTreesRegressor,,,,,,4,,,,,,,,False,,,,,,,,,,,,,,,,,,,,,,,,,,,,,,,,,,,,,,,,,,,,,ExtraTreesRegressor,"{'mode': 'original', 'type': 'ExtraTreesRegressor'}",4,"['edges_T2W30', 're_T2W30', 'l1_T2W30', 'diameter_T2W30']",,,,,,,,,,,,,,,pruned,False,PRUNED
65,1.875908050371084,2026-06-11 14:16:12.765507,2026-06-11 14:16:12.938298,0 days 00:00:00.172791,,,,,,,,,,,,,,0.0003295896649636004,QuantileRegressor,,,,,,8,,,,,,,,False,,,,,,,,,,,,,,,,,,,,,,,,,,,,,,,,,,,,,,,,,,,,,QuantileRegressor,"{'mode': 'original', 'type': 'QuantileRegressor'}",8,"['edges_T2W30', 're_T2W30', 'pe_T2W30', 'l1_T2W30', 'lcc_T2W30', 'atd_T2W30', 'diameter_T2W30', 'asp_T2W30']",,,,,,,,,,,,,,,pruned,False,PRUNED
66,1.7590216350751555,2026-06-11 14:16:12.948013,2026-06-11 14:16:15.191369,0 days 00:00:02.243356,,,,,,,,,,,,,,0.005905974066982209,QuantileRegressor,,,,,,5,,,,,,,,False,-0.03855484296195284,-0.022311809046148108,98.0,-0.030433326004050475,0.008121516957902367,0.04072028152944794,1.9844674545084815,1.7363882692240378,1.7816550009262733,98.0,1.7590216350751555,0.02263336585111766,0.11348089700406729,1.9844674545084815,0.26052613087880966,0.2782130886779895,98.0,0.2693696097783996,0.008843478899589927,0.044340109410304494,1.9844674545084815,5.909541578101744,6.129331761131559,98.0,6.019436669616652,0.10989509151490719,0.5510003966484683,1.9844674545084815,1.3121040718962997,1.3823159272340249,98.0,1.3472099995651623,0.03510592766886261,0.1760167793083991,1.9844674545084815,99.0,0.6161616161616161,-0.046698703123382104,-0.018692119275544955,98.0,-0.03269541119946353,0.014003291923918576,0.07021077373066097,1.9844674545084815,QuantileRegressor,"{'mode': 'original', 'type': 'QuantileRegressor'}",5,"['edges_T2W30', 'pe_T2W30', 'lcc_T2W30', 'lsc_T2W30', 'diameter_T2W30']",0.042632063419989125,0.10108591180653534,94.0,0.07185898761326223,0.029226924193273107,0.1434729066584817,1.985523441866604,2.232446180483027,2.297596961695872,98.0,2.2650215710894495,0.032575390606422464,0.16332897946295255,1.9844674545084815,completed,False,COMPLETE
67,1.7404653648728237,2026-06-11 14:16:15.204623,2026-06-11 14:16:16.973455,0 days 00:00:01.768832,,,,0.011551708189254406,0.49860330037495865,,,,,,,,,,ElasticNet,,,,,,6,,,,,,,,False,-0.02726292908480383,-0.011564617979148,98.0,-0.019413773531975913,0.007849155552827914,0.03935469513101083,1.9844674545084815,1.7173971248722277,1.7635336048734196,98.0,1.7404653648728237,0.023068240000595947,0.11566130220280352,1.9844674545084815,0.2590749246318637,0.2775771130430917,98.0,0.2683260188374777,0.009251094205613961,0.04638384213942974,1.9844674545084815,5.893989591119616,6.1011712057866,98.0,5.997580398453108,0.10359080733349191,0.5193914954986542,1.9844674545084815,1.3861927261499494,1.4311681515767782,98.0,1.4086804388633638,0.022487712713414435,0.11275061018651014,1.9844674545084815,99.0,0.5353535353535354,-0.031572874701723125,-0.005030395643949002,98.0,-0.018301635172836065,0.013271239528887063,0.06654035356476021,1.9844674545084815,ElasticNet,"{'mode': 'original', 'type': 'ElasticNet'}",6,"['edges_T2W30', 'pe_T2W30', 'l2_T2W30', 'lcc_T2W30', 'atd_T2W30', 'diameter_T2W30']",0.07893760932142714,0.12720594399599638,98.0,0.10307177665871177,0.02413416733728463,0.1210057300313589,1.9844674545084815,2.2160080724616162,2.2839481395387415,98.0,2.249978106000179,0.03397003353856272,0.17032154663041357,1.9844674545084815,completed,False,COMPLETE
68,1.7079303675048356,2026-06-11 14:16:16.985846,2026-06-11 14:16:19.198951,0 days 00:00:02.213105,,,,,,,,,,,,,,0.6439962398615479,QuantileRegressor,,,,,,7,,,,,,,,True,0.0,0.0,98.0,0.0,0.0,0.0,1.9844674545084815,1.6874905981416963,1.728370136867975,98.0,1.7079303675048356,0.020439769363139366,0.1024824755249899,1.9844674545084815,0.24769877534444404,0.26502057064376067,98.0,0.25635967299410234,0.008660897649658312,0.04342466960543163,1.9844674545084815,5.777847217965754,6.080738640620104,98.0,5.929292929292929,0.15144571132717455,0.7593300652619515,1.9844674545084815,1.0,1.0,98.0,1.0,0.0,0.0,1.9844674545084815,99.0,0.9696969696969697,-0.017081892832884867,-0.011545748963829566,98.0,-0.014313820898357216,0.002768071934527651,0.013878770314953832,1.9844674545084815,QuantileRegressor,"{'mode': 'original', 'type': 'QuantileRegressor'}",7,"['l3_T2W30', 'lcc_T2W30', 'lsc_T2W30', 'atd_T2W30', 'density_T2W30', 'diameter_T2W30', 'asp_T2W30']",,,,,,,,2.2153886891578116,2.278487658939916,98.0,2.246938174048864,0.03154948489105226,0.15818521509367467,1.9844674545084815,completed,True,COMPLETE
69,1.7152007064909023,2026-06-11 14:16:19.211549,2026-06-11 14:16:19.556212,0 days 00:00:00.344663,,,,,,,,,,,,,,,LinearRegression,,,,,,4,,,,,,,,False,,,,,,,,,,,,,,,,,,,,,,,,,,,,,,,,,,,,,,,,,,,,,LinearRegression,"{'mode': 'original', 'type': 'LinearRegression'}",4,"['l2_T2W30', 'lcc_T2W30', 'atd_T2W30', 'density_T2W30']",,,,,,,,,,,,,,,pruned,False,PRUNED
70,1.8522868872720732,2026-06-11 14:16:19.566029,2026-06-11 14:16:21.548695,0 days 00:00:01.982666,,,,,,,,,,,,,,,RandomForestRegressor,10.0,log2,3.0,8.0,232.0,6,,,,,,,,False,,,,,,,,,,,,,,,,,,,,,,,,,,,,,,,,,,,,,,,,,,,,,RandomForestRegressor,"{'mode': 'original', 'type': 'RandomForestRegressor'}",6,"['re_T2W30', 'l1_T2W30', 'lcc_T2W30', 'lsc_T2W30', 'atd_T2W30', 'diameter_T2W30']",,,,,,,,,,,,,,,pruned,False,PRUNED
71,1.7079303675048356,2026-06-11 14:16:21.558015,2026-06-11 14:16:23.708696,0 days 00:00:02.150681,,,,,,,,,,,,,,0.2914705914958193,QuantileRegressor,,,,,,12,,,,,,,,False,0.0,0.0,98.0,0.0,0.0,0.0,1.9844674545084815,1.6874905981416963,1.728370136867975,98.0,1.7079303675048356,0.020439769363139366,0.1024824755249899,1.9844674545084815,0.24769877534444404,0.26502057064376067,98.0,0.25635967299410234,0.008660897649658312,0.04342466960543163,1.9844674545084815,5.777847217965754,6.080738640620104,98.0,5.929292929292929,0.15144571132717455,0.7593300652619515,1.9844674545084815,1.0,1.0,98.0,1.0,0.0,0.0,1.9844674545084815,99.0,0.9696969696969697,-0.017081892832884867,-0.011545748963829566,98.0,-0.014313820898357216,0.002768071934527651,0.013878770314953832,1.9844674545084815,QuantileRegressor,"{'mode': 'original', 'type': 'QuantileRegressor'}",12,"['edges_T2W30', 're_T2W30', 'pe_T2W30', 'l1_T2W30', 'l2_T2W30', 'l3_T2W30', 'lcc_T2W30', 'lsc_T2W30', 'atd_T2W30', 'density_T2W30', 'diameter_T2W30', 'asp_T2W30']",,,,,,,,2.2153886891578116,2.278487658939916,98.0,2.246938174048864,0.03154948489105226,0.15818521509367467,1.9844674545084815,completed,False,COMPLETE
72,1.7079303675048356,2026-06-11 14:16:23.768894,2026-06-11 14:16:25.946289,0 days 00:00:02.177395,,,,,,,,,,,,,,0.29350964277939856,QuantileRegressor,,,,,,9,,,,,,,,False,0.0,0.0,98.0,0.0,0.0,0.0,1.9844674545084815,1.6874905981416963,1.728370136867975,98.0,1.7079303675048356,0.020439769363139366,0.1024824755249899,1.9844674545084815,0.24769877534444404,0.26502057064376067,98.0,0.25635967299410234,0.008660897649658312,0.04342466960543163,1.9844674545084815,5.777847217965754,6.080738640620104,98.0,5.929292929292929,0.15144571132717455,0.7593300652619515,1.9844674545084815,1.0,1.0,98.0,1.0,0.0,0.0,1.9844674545084815,99.0,0.9696969696969697,-0.017081892832884867,-0.011545748963829566,98.0,-0.014313820898357216,0.002768071934527651,0.013878770314953832,1.9844674545084815,QuantileRegressor,"{'mode': 'original', 'type': 'QuantileRegressor'}",9,"['l1_T2W30', 'l2_T2W30', 'l3_T2W30', 'lcc_T2W30', 'lsc_T2W30', 'atd_T2W30', 'density_T2W30', 'diameter_T2W30', 'asp_T2W30']",,,,,,,,2.2153886891578116,2.278487658939916,98.0,2.246938174048864,0.03154948489105226,0.15818521509367467,1.9844674545084815,completed,False,COMPLETE
73,1.7079303675048356,2026-06-11 14:16:25.958485,2026-06-11 14:16:28.147640,0 days 00:00:02.189155,,,,,,,,,,,,,,5.151919569958476,QuantileRegressor,,,,,,11,,,,,,,,False,0.0,0.0,98.0,0.0,0.0,0.0,1.9844674545084815,1.6874905981416963,1.728370136867975,98.0,1.7079303675048356,0.020439769363139366,0.1024824755249899,1.9844674545084815,0.24769877534444404,0.26502057064376067,98.0,0.25635967299410234,0.008660897649658312,0.04342466960543163,1.9844674545084815,5.777847217965754,6.080738640620104,98.0,5.929292929292929,0.15144571132717455,0.7593300652619515,1.9844674545084815,1.0,1.0,98.0,1.0,0.0,0.0,1.9844674545084815,99.0,0.9696969696969697,-0.017081892832884867,-0.011545748963829566,98.0,-0.014313820898357216,0.002768071934527651,0.013878770314953832,1.9844674545084815,QuantileRegressor,"{'mode': 'original', 'type': 'QuantileRegressor'}",11,"['re_T2W30', 'pe_T2W30', 'l1_T2W30', 'l2_T2W30', 'l3_T2W30', 'lcc_T2W30', 'lsc_T2W30', 'atd_T2W30', 'density_T2W30', 'diameter_T2W30', 'asp_T2W30']",,,,,,,,2.2153886891578116,2.278487658939916,98.0,2.246938174048864,0.03154948489105226,0.15818521509367467,1.9844674545084815,completed,False,COMPLETE
74,1.7087322207820106,2026-06-11 14:16:28.160196,2026-06-11 14:16:28.456655,0 days 00:00:00.296459,,,,,,,,,,,,,,0.041374970514437094,QuantileRegressor,,,,,,11,,,,,,,,False,,,,,,,,,,,,,,,,,,,,,,,,,,,,,,,,,,,,,,,,,,,,,QuantileRegressor,"{'mode': 'original', 'type': 'QuantileRegressor'}",11,"['re_T2W30', 'pe_T2W30', 'l1_T2W30', 'l2_T2W30', 'l3_T2W30', 'lcc_T2W30', 'lsc_T2W30', 'atd_T2W30', 'density_T2W30', 'diameter_T2W30', 'asp_T2W30']",,,,,,,,,,,,,,,pruned,False,PRUNED
75,1.7079303675048356,2026-06-11 14:16:28.466101,2026-06-11 14:16:30.568074,0 days 00:00:02.101973,,,,,,,,,,,,,,5.5911394257386,QuantileRegressor,,,,,,6,,,,,,,,False,0.0,0.0,98.0,0.0,0.0,0.0,1.9844674545084815,1.6874905981416963,1.728370136867975,98.0,1.7079303675048356,0.020439769363139366,0.1024824755249899,1.9844674545084815,0.24769877534444404,0.26502057064376067,98.0,0.25635967299410234,0.008660897649658312,0.04342466960543163,1.9844674545084815,5.777847217965754,6.080738640620104,98.0,5.929292929292929,0.15144571132717455,0.7593300652619515,1.9844674545084815,1.0,1.0,98.0,1.0,0.0,0.0,1.9844674545084815,99.0,0.9696969696969697,-0.017081892832884867,-0.011545748963829566,98.0,-0.014313820898357216,0.002768071934527651,0.013878770314953832,1.9844674545084815,QuantileRegressor,"{'mode': 'original', 'type': 'QuantileRegressor'}",6,"['lcc_T2W30', 'lsc_T2W30', 'atd_T2W30', 'density_T2W30', 'diameter_T2W30', 'asp_T2W30']",,,,,,,,2.2153886891578116,2.278487658939916,98.0,2.246938174048864,0.03154948489105226,0.15818521509367467,1.9844674545084815,completed,False,COMPLETE
76,1.6977962915980125,2026-06-11 14:16:30.580826,2026-06-11 14:16:42.256849,0 days 00:00:11.676023,,,,,,16.0,log2,3.0,4.0,204.0,,,,,ExtraTreesRegressor,,,,,,7,,,,,,,,False,0.0017187958655704152,0.010258835816473001,98.0,0.005988815841021709,0.004270019975451293,0.02140935202598555,1.9844674545084815,1.6758685702639178,1.7197240129321072,98.0,1.6977962915980125,0.021927721334094697,0.10994288267228312,1.9844674545084815,0.25281576836323494,0.2709292321999206,98.0,0.26187250028157777,0.00905673191834283,0.04540933367045622,1.9844674545084815,5.719023356280028,5.953245208427548,98.0,5.836134282353788,0.1171109260737606,0.587179698647035,1.9844674545084815,1.318246660323322,1.3699677223714621,98.0,1.344107191347392,0.025860531024070082,0.12966150403423385,1.9844674545084815,99.0,0.1717171717171717,0.020452449249942314,0.03334348064710794,98.0,0.026897964948525126,0.006445515698582814,0.032317018508886755,1.9844674545084815,ExtraTreesRegressor,"{'mode': 'original', 'type': 'ExtraTreesRegressor'}",7,"['nodes_T2W30', 'edges_T2W30', 're_T2W30', 'l1_T2W30', 'l3_T2W30', 'lsc_T2W30', 'atd_T2W30']",0.164436297260003,0.21004126917087898,98.0,0.187238783215441,0.02280248595543799,0.11432884428976647,1.9844674545084815,2.1673116674336974,2.235885255427676,98.0,2.2015984614306867,0.0342867939969891,0.17190974439092785,1.9844674545084815,completed,False,COMPLETE
77,1.6974272255976635,2026-06-11 14:16:42.275419,2026-06-11 14:16:54.550295,0 days 00:00:12.274876,,,,,,16.0,log2,3.0,4.0,216.0,,,,,ExtraTreesRegressor,,,,,,7,,,,,,,,False,0.0019159014298142764,0.01049677985447962,98.0,0.006206340642146948,0.0042904392123326715,0.021511731554186515,1.9844674545084815,1.6754868900867212,1.7193675611086057,98.0,1.6974272255976635,0.02194033551094213,0.11000612859483089,1.9844674545084815,0.2527439016985908,0.2708543877019019,98.0,0.26179914470024634,0.009055243001655552,0.04540186842634061,1.9844674545084815,5.715894577357982,5.950358348783247,98.0,5.833126463070615,0.11723188571263286,0.5877861753156316,1.9844674545084815,1.3168948883633322,1.3692862573126003,98.0,1.3430905728379663,0.026195684474634023,0.1313419219824166,1.9844674545084815,99.0,0.1717171717171717,0.02084378251174848,0.033847105767992665,98.0,0.02734544413987057,0.006501661628122092,0.03259852725527279,1.9844674545084815,ExtraTreesRegressor,"{'mode': 'original', 'type': 'ExtraTreesRegressor'}",7,"['nodes_T2W30', 'edges_T2W30', 're_T2W30', 'l1_T2W30', 'l3_T2W30', 'lsc_T2W30', 'atd_T2W30']",0.16646615972961526,0.2121363042761753,98.0,0.18930123200289528,0.022835072273280025,0.11449222805703727,1.9844674545084815,2.166764490376426,2.2354452888019654,98.0,2.2011048895891956,0.034340399212769934,0.17217851431277334,1.9844674545084815,completed,False,COMPLETE
78,1.7092067504232127,2026-06-11 14:16:54.568158,2026-06-11 14:16:57.536906,0 days 00:00:02.968748,,,,,,16.0,log2,3.0,4.0,210.0,,,,,ExtraTreesRegressor,,,,,,8,,,,,,,,False,,,,,,,,,,,,,,,,,,,,,,,,,,,,,,,,,,,,,,,,,,,,,ExtraTreesRegressor,"{'mode': 'original', 'type': 'ExtraTreesRegressor'}",8,"['nodes_T2W30', 'edges_T2W30', 're_T2W30', 'l1_T2W30', 'l3_T2W30', 'lsc_T2W30', 'atd_T2W30', 'diameter_T2W30']",,,,,,,,,,,,,,,pruned,False,PRUNED
79,1.697855708701562,2026-06-11 14:16:57.547702,2026-06-11 14:17:07.653455,0 days 00:00:10.105753,,,,,,15.0,log2,3.0,4.0,173.0,,,,,ExtraTreesRegressor,,,,,,7,,,,,,,,True,0.0016264666775434424,0.010259492294761367,98.0,0.005942979486152404,0.004316512808608962,0.021642461341042734,1.9844674545084815,1.6759656463704888,1.7197457710326352,98.0,1.697855708701562,0.02189006233107317,0.10975406508892972,1.9844674545084815,0.2527922114912809,0.27087044491618645,98.0,0.26183132820373367,0.009039116712452774,0.04532101320683343,1.9844674545084815,5.7106181956638,5.943163356831381,98.0,5.82689077624759,0.11627258058379063,0.5829763380498126,1.9844674545084815,1.3208424818998037,1.3722471510863354,98.0,1.3465448164930696,0.025702334593265902,0.12886832669646667,1.9844674545084815,99.0,0.15151515151515152,0.02062776164111483,0.033745231757748066,98.0,0.027186496699431448,0.0065587350583166185,0.03288468637522772,1.9844674545084815,ExtraTreesRegressor,"{'mode': 'original', 'type': 'ExtraTreesRegressor'}",7,"['nodes_T2W30', 'edges_T2W30', 're_T2W30', 'l1_T2W30', 'l3_T2W30', 'lsc_T2W30', 'atd_T2W30']",0.16301295906040864,0.2100016776198887,98.0,0.18650731834014866,0.023494359279740022,0.11779781156451688,1.9844674545084815,2.167000139645453,2.2354648279912186,98.0,2.2012324838183357,0.03423234417288303,0.1716367397074037,1.9844674545084815,completed,True,COMPLETE
80,1.6983599974969044,2026-06-11 14:17:07.671423,2026-06-11 14:17:18.755067,0 days 00:00:11.083644,,,,,,15.0,log2,3.0,5.0,191.0,,,,,ExtraTreesRegressor,,,,,,7,,,,,,,,True,0.0013681412276668001,0.009916547172428198,98.0,0.005642344200047499,0.004274202972380699,0.021430325055221976,1.9844674545084815,1.6765120892028207,1.720207905790988,98.0,1.6983599974969044,0.021847908294083722,0.10954270996122258,1.9844674545084815,0.25288398307157195,0.2709667503890673,98.0,0.26192536673031963,0.009041383658747659,0.045332379395172186,1.9844674545084815,5.712763688376583,5.94477206474518,98.0,5.828767876560882,0.11600418818429876,0.5816306517544663,1.9844674545084815,1.318675648380486,1.3707923052936861,98.0,1.344733976837086,0.026058328456599982,0.1306532358966641,1.9844674545084815,99.0,0.16161616161616163,0.0201394670519437,0.03304349165447816,98.0,0.02659147935321093,0.00645201230126723,0.032349591671224,1.9844674545084815,ExtraTreesRegressor,"{'mode': 'original', 'type': 'ExtraTreesRegressor'}",7,"['nodes_T2W30', 'edges_T2W30', 're_T2W30', 'l1_T2W30', 'l3_T2W30', 'lsc_T2W30', 'atd_T2W30']",0.16248645422851224,0.20852071473962167,98.0,0.18550358448406695,0.023017130255554713,0.11540504426259787,1.9844674545084815,2.167694144626768,2.236135036000753,98.0,2.2019145903137605,0.034220445686992354,0.17157708217079398,1.9844674545084815,completed,True,COMPLETE
81,1.6983642529303706,2026-06-11 14:17:18.768690,2026-06-11 14:17:29.539662,0 days 00:00:10.770972,,,,,,15.0,log2,3.0,4.0,186.0,,,,,ExtraTreesRegressor,,,,,,7,,,,,,,,True,0.0013282026147865573,0.009952032914844432,98.0,0.005640117764815495,0.0043119151500289376,0.0216194092495769,1.9844674545084815,1.6764940133186585,1.7202344925420827,98.0,1.6983642529303706,0.021870239611712056,0.109654676425796,1.9844674545084815,0.2528867288819647,0.2709567215941014,98.0,0.26192172523803303,0.009034996356068343,0.04530035424954191,1.9844674545084815,5.713768013959386,5.9464607135697625,98.0,5.830114363764574,0.11634634980518824,0.5833462078018663,1.9844674545084815,1.3188930485765424,1.3710647697034712,98.0,1.3449789091400068,0.026085860563464392,0.1307912784752155,1.9844674545084815,99.0,0.1717171717171717,0.019968778106302914,0.033049488811684916,98.0,0.026509133458993916,0.006540355352691002,0.03279253280448682,1.9844674545084815,ExtraTreesRegressor,"{'mode': 'original', 'type': 'ExtraTreesRegressor'}",7,"['nodes_T2W30', 'edges_T2W30', 're_T2W30', 'l1_T2W30', 'l3_T2W30', 'lsc_T2W30', 'atd_T2W30']",0.16171814653007996,0.2085954963535128,98.0,0.18515682144179638,0.023438674911716414,0.1175186170304829,1.9844674545084815,2.1677551004794204,2.2362498058611817,98.0,2.202002453170301,0.03424735269088077,0.17171199056033865,1.9844674545084815,completed,True,COMPLETE
