number,value,datetime_start,datetime_complete,duration,params_dt_max_depth,params_dt_min_samples_leaf,params_dt_min_samples_split,params_elastic_alpha,params_elastic_l1_ratio,params_et_max_depth,params_et_max_features,params_et_min_samples_leaf,params_et_min_samples_split,params_et_n_estimators,params_knn_metric,params_knn_n_neighbors,params_knn_weights,params_quantile_alpha,params_regressor,params_rf_max_depth,params_rf_max_features,params_rf_min_samples_leaf,params_rf_min_samples_split,params_rf_n_estimators,params_rfe_n_features,params_rfe_proxy_et_max_depth,params_rfe_proxy_et_min_samples_leaf,params_rfe_proxy_et_min_samples_split,params_rfe_proxy_et_n_estimators,params_rfe_proxy_lsvr_C,params_rfe_proxy_lsvr_epsilon,params_rfe_proxy_type,params_use_scaler,user_attrs_d2mae_ci_lower_val,user_attrs_d2mae_ci_upper_val,user_attrs_d2mae_df_val,user_attrs_d2mae_mean_val,user_attrs_d2mae_samperror_val,user_attrs_d2mae_std_val,user_attrs_d2mae_t_critical_val,user_attrs_mae_ci_lower_val,user_attrs_mae_ci_upper_val,user_attrs_mae_df_val,user_attrs_mae_mean_val,user_attrs_mae_samperror_val,user_attrs_mae_std_val,user_attrs_mae_t_critical_val,user_attrs_mape_ci_lower_val,user_attrs_mape_ci_upper_val,user_attrs_mape_df_val,user_attrs_mape_mean_val,user_attrs_mape_samperror_val,user_attrs_mape_std_val,user_attrs_mape_t_critical_val,user_attrs_max_error_ci_lower_val,user_attrs_max_error_ci_upper_val,user_attrs_max_error_df_val,user_attrs_max_error_mean_val,user_attrs_max_error_samperror_val,user_attrs_max_error_std_val,user_attrs_max_error_t_critical_val,user_attrs_median_ae_ci_lower_val,user_attrs_median_ae_ci_upper_val,user_attrs_median_ae_df_val,user_attrs_median_ae_mean_val,user_attrs_median_ae_samperror_val,user_attrs_median_ae_std_val,user_attrs_median_ae_t_critical_val,user_attrs_n_splits_val,user_attrs_r2_below_zero_val,user_attrs_r2_ci_lower_val,user_attrs_r2_ci_upper_val,user_attrs_r2_df_val,user_attrs_r2_mean_val,user_attrs_r2_samperror_val,user_attrs_r2_std_val,user_attrs_r2_t_critical_val,user_attrs_regressor_final,user_attrs_rfe_estimator,user_attrs_rfe_n_features,user_attrs_rfe_selected_features,user_attrs_rho_ci_lower_val,user_attrs_rho_ci_upper_val,user_attrs_rho_df_val,user_attrs_rho_mean_val,user_attrs_rho_samperror_val,user_attrs_rho_std_val,user_attrs_rho_t_critical_val,user_attrs_rmse_ci_lower_val,user_attrs_rmse_ci_upper_val,user_attrs_rmse_df_val,user_attrs_rmse_mean_val,user_attrs_rmse_samperror_val,user_attrs_rmse_std_val,user_attrs_rmse_t_critical_val,user_attrs_termination_reason,user_attrs_use_scaler_final,state
252,1.6943200123229085,2026-06-11 15:01:35.862924,2026-06-11 15:01:58.797875,0 days 00:00:22.934951,,,,,,16.0,sqrt,3.0,4.0,451.0,,,,,ExtraTreesRegressor,,,,,,6,,,,,,,,True,0.0033249613766828277,0.012699425795179908,98.0,0.008012193585931368,0.004687232209248541,0.023501202563984264,1.9844674545084815,1.672201772641907,1.71643825200391,98.0,1.6943200123229085,0.02211823968100159,0.11089811809970229,1.9844674545084815,0.2521599260574312,0.27031126018631635,98.0,0.2612355931218738,0.009075667064442563,0.04550427215103554,1.9844674545084815,5.739912892641253,5.977024159286684,98.0,5.858468525963969,0.11855563332271604,0.5944232821068786,1.9844674545084815,1.301611936374429,1.3523042850280316,98.0,1.3269581107012303,0.025346174326801366,0.12708258317155444,1.9844674545084815,99.0,0.15151515151515152,0.024304610498958136,0.03870901989535717,98.0,0.03150681519715765,0.007202204698199514,0.036110963563036676,1.9844674545084815,ExtraTreesRegressor,"{'mode': 'original', 'type': 'ExtraTreesRegressor'}",6,"['nodes_T2W30', 'edges_T2W30', 're_T2W30', 'l1_T2W30', 'l3_T2W30', 'lsc_T2W30']",0.17758591399046963,0.2239440532311716,98.0,0.20076498361082062,0.023179069620350982,0.1162169882084623,1.9844674545084815,2.1617797870405484,2.230928083044236,98.0,2.196353935042392,0.0345741480018438,0.1733505018303262,1.9844674545084815,completed,True,COMPLETE
253,1.829152962919005,2026-06-11 15:01:58.810490,2026-06-11 15:02:01.637260,0 days 00:00:02.826770,,,,,,,,,,,,,,,RandomForestRegressor,6.0,sqrt,2.0,10.0,384.0,7,,,,,,,,True,,,,,,,,,,,,,,,,,,,,,,,,,,,,,,,,,,,,,,,,,,,,,RandomForestRegressor,"{'mode': 'original', 'type': 'RandomForestRegressor'}",7,"['re_T2W30', 'l3_T2W30', 'lcc_T2W30', 'lsc_T2W30', 'atd_T2W30', 'density_T2W30', 'diameter_T2W30']",,,,,,,,,,,,,,,pruned,True,PRUNED
254,1.689559123598996,2026-06-11 15:02:01.647723,2026-06-11 15:02:14.560685,0 days 00:00:12.912962,,,,,,17.0,sqrt,3.0,4.0,454.0,,,,,ExtraTreesRegressor,,,,,,5,,,,,,,,True,,,,,,,,,,,,,,,,,,,,,,,,,,,,,,,,,,,,,,,,,,,,,ExtraTreesRegressor,"{'mode': 'original', 'type': 'ExtraTreesRegressor'}",5,"['edges_T2W30', 're_T2W30', 'l1_T2W30', 'l3_T2W30', 'lsc_T2W30']",,,,,,,,,,,,,,,pruned,True,PRUNED
255,1.6944882458351833,2026-06-11 15:02:14.571933,2026-06-11 15:02:36.620846,0 days 00:00:22.048913,,,,,,19.0,sqrt,3.0,4.0,433.0,,,,,ExtraTreesRegressor,,,,,,6,,,,,,,,True,0.0032422498710738675,0.01257668358996292,98.0,0.007909466730518394,0.004667216859444527,0.023400848075635045,1.9844674545084815,1.6724021920945507,1.716574299575816,98.0,1.6944882458351833,0.022086053740632727,0.11073674177556188,1.9844674545084815,0.25218554719294867,0.2703322214119486,98.0,0.26125888430244865,0.009073337109499976,0.045492590045130336,1.9844674545084815,5.738846135287956,5.9751662212896655,98.0,5.8570061782888105,0.11816004300085509,0.5924398411610551,1.9844674545084815,1.3026004096806774,1.3533701845175132,98.0,1.3279852970990953,0.025384887418417955,0.12727668582475013,1.9844674545084815,99.0,0.1717171717171717,0.024287308252114552,0.03861127889852179,98.0,0.03144929357531817,0.0071619853232036184,0.03590930859127949,1.9844674545084815,ExtraTreesRegressor,"{'mode': 'original', 'type': 'ExtraTreesRegressor'}",6,"['nodes_T2W30', 'edges_T2W30', 're_T2W30', 'l1_T2W30', 'l3_T2W30', 'lsc_T2W30']",0.1768384222286334,0.22322306761941282,98.0,0.20003074492402312,0.023192322695389712,0.11628343748752006,1.9844674545084815,2.161875807486289,2.23094546495854,98.0,2.1964106362224145,0.03453482873612513,0.17315335989515637,1.9844674545084815,completed,True,COMPLETE
256,1.6942818200899163,2026-06-11 15:02:36.633677,2026-06-11 15:03:00.129228,0 days 00:00:23.495551,,,,,,18.0,sqrt,3.0,5.0,459.0,,,,,ExtraTreesRegressor,,,,,,6,,,,,,,,True,0.003317868821316976,0.012747097946175108,98.0,0.008032483383746042,0.004714614562429066,0.023638494296086707,1.9844674545084815,1.672159830471636,1.7164038097081966,98.0,1.6942818200899163,0.022121989618280238,0.11091691982141214,1.9844674545084815,0.25215506696494483,0.2703057072883408,98.0,0.2612303871266428,0.009075320161697993,0.0455025328235804,1.9844674545084815,5.739726126014071,5.976692520401993,98.0,5.858209323208032,0.11848319719396103,0.5940600963164533,1.9844674545084815,1.302390001470149,1.3531267322637446,98.0,1.3277583668669468,0.025368365396797675,0.12719384645184717,1.9844674545084815,99.0,0.16161616161616163,0.024359265868095527,0.03883925747450251,98.0,0.03159926167129902,0.0072399958032034915,0.036300443489391265,1.9844674545084815,ExtraTreesRegressor,"{'mode': 'original', 'type': 'ExtraTreesRegressor'}",6,"['nodes_T2W30', 'edges_T2W30', 're_T2W30', 'l1_T2W30', 'l3_T2W30', 'lsc_T2W30']",0.1773720008895999,0.2237373003455018,98.0,0.20055465061755084,0.023182649727950956,0.1162349384251684,1.9844674545084815,2.161674560130277,2.2308024375742663,98.0,2.1962384988522716,0.03456393872199464,0.17329931376388177,1.9844674545084815,completed,True,COMPLETE
257,1.6943859656423281,2026-06-11 15:03:00.142107,2026-06-11 15:03:23.591450,0 days 00:00:23.449343,,,,,,18.0,sqrt,3.0,5.0,462.0,,,,,ExtraTreesRegressor,,,,,,6,,,,,,,,True,0.0032610830526969663,0.01268489149122358,98.0,0.007972987271960273,0.0047119042192633066,0.023624904970678262,1.9844674545084815,1.672257976566441,1.7165139547182153,98.0,1.6943859656423281,0.022127989075887134,0.11094700035981933,1.9844674545084815,0.25217453008343405,0.27032941849034076,98.0,0.2612519742868874,0.00907744420345335,0.04551318250623289,1.9844674545084815,5.739650804342637,5.976450300830167,98.0,5.858050552586402,0.11839974824376447,0.5936416936014243,1.9844674545084815,1.3030543304650828,1.353707625730701,98.0,1.328380978097892,0.025326647632809077,0.12698467874300653,1.9844674545084815,99.0,0.1717171717171717,0.024260047557882906,0.03873663845070361,98.0,0.03149834300429326,0.007238295446410354,0.03629191811073652,1.9844674545084815,ExtraTreesRegressor,"{'mode': 'original', 'type': 'ExtraTreesRegressor'}",6,"['nodes_T2W30', 'edges_T2W30', 're_T2W30', 'l1_T2W30', 'l3_T2W30', 'lsc_T2W30']",0.17678705060481015,0.223218895650854,98.0,0.20000297312783208,0.02321592252302192,0.11640176410435915,1.9844674545084815,2.1617851899040352,2.2309257585281235,98.0,2.1963554742160794,0.03457028431204393,0.17333112976754422,1.9844674545084815,completed,True,COMPLETE
258,1.6936273868950178,2026-06-11 15:03:23.605122,2026-06-11 15:03:24.361131,0 days 00:00:00.756009,,,,,,18.0,sqrt,3.0,5.0,61.0,,,,,ExtraTreesRegressor,,,,,,6,,,,,,,,True,,,,,,,,,,,,,,,,,,,,,,,,,,,,,,,,,,,,,,,,,,,,,ExtraTreesRegressor,"{'mode': 'original', 'type': 'ExtraTreesRegressor'}",6,"['edges_T2W30', 're_T2W30', 'l3_T2W30', 'lsc_T2W30', 'atd_T2W30', 'asp_T2W30']",,,,,,,,,,,,,,,pruned,True,PRUNED
259,1.6945267533127255,2026-06-11 15:03:24.371134,2026-06-11 15:03:48.071825,0 days 00:00:23.700691,,,,,,19.0,sqrt,3.0,5.0,468.0,,,,,ExtraTreesRegressor,,,,,,6,,,,,,,,True,0.0034999464560114503,0.012311293497172436,98.0,0.007905619976591944,0.004405673520580493,0.022089502123160916,1.9844674545084815,1.6725062261143948,1.7165472805110562,98.0,1.6945267533127255,0.0220205271983308,0.11040819979701078,1.9844674545084815,0.25237260381629784,0.27054315547302304,98.0,0.26145787964466044,0.009085275828362625,0.04555244930488537,1.9844674545084815,5.755556977815264,5.999413554057876,98.0,5.87748526593657,0.12192828812130575,0.6113333561253274,1.9844674545084815,1.3025818391358155,1.3509395672756757,98.0,1.3267607032057456,0.024178864069930046,0.12122983392059561,1.9844674545084815,99.0,0.16161616161616163,0.02358986284825844,0.036841132566276684,98.0,0.03021549770726756,0.006625634859009122,0.03322011370149982,1.9844674545084815,ExtraTreesRegressor,"{'mode': 'original', 'type': 'ExtraTreesRegressor'}",6,"['edges_T2W30', 're_T2W30', 'l1_T2W30', 'l3_T2W30', 'lsc_T2W30', 'atd_T2W30']",0.18465828513633886,0.2294514984264313,98.0,0.2070548917813851,0.022396606645046224,0.11229381562802744,1.9844674545084815,2.163403718709883,2.23239445405483,98.0,2.1978990863823564,0.034495367672473555,0.172955507002689,1.9844674545084815,completed,True,COMPLETE
260,1.689478986688133,2026-06-11 15:03:48.084587,2026-06-11 15:04:01.094363,0 days 00:00:13.009776,,,,,,17.0,sqrt,3.0,5.0,456.0,,,,,ExtraTreesRegressor,,,,,,5,,,,,,,,True,,,,,,,,,,,,,,,,,,,,,,,,,,,,,,,,,,,,,,,,,,,,,ExtraTreesRegressor,"{'mode': 'original', 'type': 'ExtraTreesRegressor'}",5,"['edges_T2W30', 're_T2W30', 'l1_T2W30', 'l3_T2W30', 'lsc_T2W30']",,,,,,,,,,,,,,,pruned,True,PRUNED
261,2.1174953332626107,2026-06-11 15:04:01.105826,2026-06-11 15:04:02.899873,0 days 00:00:01.794047,6.0,4.0,7.0,,,,,,,,,,,,DecisionTreeRegressor,,,,,,12,,,,,,,,True,-0.2630293997020386,-0.21868001142346907,98.0,-0.24085470556275382,0.022174694139284752,0.11118117377105023,1.9844674545084815,2.075175282639842,2.1598153838853795,98.0,2.1174953332626107,0.042320050622768786,0.2121874995314576,1.9844674545084815,0.30318640792768714,0.3237013137921577,98.0,0.31344386085992243,0.010257452932235313,0.05142960032476047,1.9844674545084815,6.851150437857973,7.405255735470652,98.0,7.128203086664312,0.2770526488063398,1.3891077142794346,1.9844674545084815,1.6988466305473418,1.8091284897337332,98.0,1.7539875601405375,0.05514092959319575,0.2764698009582597,1.9844674545084815,99.0,0.9797979797979798,-0.517322352152865,-0.4172311317273143,98.0,-0.46727674194008967,0.0500456102127754,0.25092249979166115,1.9844674545084815,DecisionTreeRegressor,"{'mode': 'original', 'type': 'DecisionTreeRegressor'}",12,"['nodes_T2W30', 'edges_T2W30', 're_T2W30', 'pe_T2W30', 'l1_T2W30', 'l3_T2W30', 'lcc_T2W30', 'lsc_T2W30', 'atd_T2W30', 'density_T2W30', 'diameter_T2W30', 'asp_T2W30']",0.03949838841287214,0.09175816371390755,98.0,0.06562827606338985,0.026129887650517707,0.1310120248442775,1.9844674545084815,2.6373039477631526,2.7408223312553393,98.0,2.689063139509246,0.051759191746093405,0.25951418565799156,1.9844674545084815,completed,True,COMPLETE
262,1.6922225619075049,2026-06-11 15:04:02.913212,2026-06-11 15:04:06.583119,0 days 00:00:03.669907,,,,,,19.0,sqrt,3.0,5.0,438.0,,,,,ExtraTreesRegressor,,,,,,7,,,,,,,,True,,,,,,,,,,,,,,,,,,,,,,,,,,,,,,,,,,,,,,,,,,,,,ExtraTreesRegressor,"{'mode': 'original', 'type': 'ExtraTreesRegressor'}",7,"['nodes_T2W30', 'edges_T2W30', 're_T2W30', 'l1_T2W30', 'l3_T2W30', 'lsc_T2W30', 'atd_T2W30']",,,,,,,,,,,,,,,pruned,True,PRUNED
263,1.8234415826801047,2026-06-11 15:04:06.594702,2026-06-11 15:04:06.755429,0 days 00:00:00.160727,,,,,,,,,,,manhattan,19.0,uniform,,KNeighborsRegressor,,,,,,6,,,,,9.05355394044202,0.011313095381673133,LinearSVR,,,,,,,,,,,,,,,,,,,,,,,,,,,,,,,,,,,,,,,,,,,,,,KNeighborsRegressor,"{'mode': 'proxy', 'type': 'LinearSVR'}",6,"['edges_T2W30', 'lcc_T2W30', 'lsc_T2W30', 'atd_T2W30', 'density_T2W30', 'diameter_T2W30']",,,,,,,,,,,,,,,pruned,True,PRUNED
264,1.694350223372099,2026-06-11 15:04:06.765647,2026-06-11 15:04:32.170825,0 days 00:00:25.405178,,,,,,18.0,sqrt,3.0,4.0,495.0,,,,,ExtraTreesRegressor,,,,,,6,,,,,,,,True,0.003278185981699962,0.012695987650631924,98.0,0.007987086816165943,0.004708900834465981,0.023609846370773555,1.9844674545084815,1.6722554931632618,1.7164449535809363,98.0,1.694350223372099,0.022094730208837253,0.11078024451400362,1.9844674545084815,0.2521707155341687,0.27031871375920813,98.0,0.2612447146466884,0.009073999112519715,0.04549590924639247,1.9844674545084815,5.738658131624224,5.974570335430034,98.0,5.856614233527129,0.1179561019029055,0.5914173057200803,1.9844674545084815,1.3041680068352697,1.3554467334411513,98.0,1.3298073701382105,0.025639363302940706,0.1285525964352844,1.9844674545084815,99.0,0.16161616161616163,0.024470584852345566,0.038900714556575185,98.0,0.031685649704460375,0.007215064852114809,0.03617544278417938,1.9844674545084815,ExtraTreesRegressor,"{'mode': 'original', 'type': 'ExtraTreesRegressor'}",6,"['nodes_T2W30', 'edges_T2W30', 're_T2W30', 'l1_T2W30', 'l3_T2W30', 'lsc_T2W30']",0.17881900110018722,0.22462147224357776,98.0,0.2017202366718825,0.02290123557169527,0.11482396265198437,1.9844674545084815,2.161597502956308,2.230667356040607,98.0,2.1961324294984577,0.034534926542149624,0.1731538502824662,1.9844674545084815,completed,True,COMPLETE
265,1.694764514902276,2026-06-11 15:04:32.184835,2026-06-11 15:04:53.998300,0 days 00:00:21.813465,,,,,,17.0,sqrt,3.0,2.0,426.0,,,,,ExtraTreesRegressor,,,,,,6,,,,,,,,True,0.003057333633564396,0.012435102291497899,98.0,0.007746217962531147,0.004688884328966751,0.02350948608791146,1.9844674545084815,1.6726701597621578,1.7168588700423943,98.0,1.694764514902276,0.022094355140118153,0.11077836396583585,1.9844674545084815,0.25221849327999946,0.2703674190809562,98.0,0.2612929561804778,0.009074462900478386,0.045498234621854344,1.9844674545084815,5.737455763473466,5.973767587459886,98.0,5.855611675466676,0.11815591199320977,0.5924191287996589,1.9844674545084815,1.3031201969853823,1.3539964476924593,98.0,1.3285583223389208,0.0254381253535386,0.127543614246792,1.9844674545084815,99.0,0.1717171717171717,0.02408680877626027,0.038521656375250415,98.0,0.03130423257575534,0.007217423799495072,0.036187270254581204,1.9844674545084815,ExtraTreesRegressor,"{'mode': 'original', 'type': 'ExtraTreesRegressor'}",6,"['nodes_T2W30', 'edges_T2W30', 're_T2W30', 'l1_T2W30', 'l3_T2W30', 'lsc_T2W30']",0.17703983908114743,0.22348735425258973,98.0,0.20026359666686858,0.02322375758572116,0.11644104813966534,1.9844674545084815,2.162010294614187,2.2311404738181,98.0,2.1965753842161435,0.03456508960195689,0.17330508413366763,1.9844674545084815,completed,True,COMPLETE
266,1.6944965487841401,2026-06-11 15:04:54.011915,2026-06-11 15:05:17.881478,0 days 00:00:23.869563,,,,,,19.0,sqrt,3.0,5.0,474.0,,,,,ExtraTreesRegressor,,,,,,6,,,,,,,,True,0.003530013693540529,0.012322431811408335,98.0,0.007926222752474432,0.004396209058933903,0.02204204848306246,1.9844674545084815,1.672466806542999,1.7165262910252812,98.0,1.6944965487841401,0.022029742241140977,0.11045440288191244,1.9844674545084815,0.25236920675411184,0.2705446889291048,98.0,0.26145694784160833,0.0090877410874965,0.045564809809270794,1.9844674545084815,5.756182382990473,6.0001120623698965,98.0,5.878147222680185,0.12196483968971161,0.6115166211684893,1.9844674545084815,1.303254256802699,1.3514935830588617,98.0,1.3273739199307804,0.02411966312808129,0.12093300772034442,1.9844674545084815,99.0,0.15151515151515152,0.023504740099805736,0.03675926075232578,98.0,0.030132000426065758,0.00662726032626002,0.03322826359325238,1.9844674545084815,ExtraTreesRegressor,"{'mode': 'original', 'type': 'ExtraTreesRegressor'}",6,"['edges_T2W30', 're_T2W30', 'l1_T2W30', 'l3_T2W30', 'lsc_T2W30', 'atd_T2W30']",0.18354924157281133,0.22859611917165623,98.0,0.20607268037223378,0.022523438799422455,0.11292973636302772,1.9844674545084815,2.163489639523012,2.2325082169229744,98.0,2.1979989282229933,0.03450928869998131,0.17302530531281177,1.9844674545084815,completed,True,COMPLETE
267,1.8149724820298587,2026-06-11 15:05:17.894336,2026-06-11 15:05:20.437731,0 days 00:00:02.543395,,,,,,18.0,,3.0,5.0,445.0,,,,,ExtraTreesRegressor,,,,,,6,,,,,,,,True,,,,,,,,,,,,,,,,,,,,,,,,,,,,,,,,,,,,,,,,,,,,,ExtraTreesRegressor,"{'mode': 'original', 'type': 'ExtraTreesRegressor'}",6,"['edges_T2W30', 're_T2W30', 'l1_T2W30', 'l3_T2W30', 'lsc_T2W30', 'atd_T2W30']",,,,,,,,,,,,,,,pruned,True,PRUNED
268,1.6926257322793548,2026-06-11 15:05:20.447744,2026-06-11 15:05:24.337273,0 days 00:00:03.889529,,,,,,19.0,sqrt,3.0,4.0,455.0,,,,,ExtraTreesRegressor,,,,,,7,,,,,,,,True,,,,,,,,,,,,,,,,,,,,,,,,,,,,,,,,,,,,,,,,,,,,,ExtraTreesRegressor,"{'mode': 'original', 'type': 'ExtraTreesRegressor'}",7,"['nodes_T2W30', 'edges_T2W30', 're_T2W30', 'l1_T2W30', 'l3_T2W30', 'lsc_T2W30', 'atd_T2W30']",,,,,,,,,,,,,,,pruned,True,PRUNED
269,1.6892557768514394,2026-06-11 15:05:24.348543,2026-06-11 15:05:36.836344,0 days 00:00:12.487801,,,,,,18.0,sqrt,3.0,5.0,435.0,,,,,ExtraTreesRegressor,,,,,,5,,,,,,,,True,,,,,,,,,,,,,,,,,,,,,,,,,,,,,,,,,,,,,,,,,,,,,ExtraTreesRegressor,"{'mode': 'original', 'type': 'ExtraTreesRegressor'}",5,"['edges_T2W30', 're_T2W30', 'l1_T2W30', 'l3_T2W30', 'lsc_T2W30']",,,,,,,,,,,,,,,pruned,True,PRUNED
270,1.7967838716550457,2026-06-11 15:05:36.848352,2026-06-11 15:05:36.962802,0 days 00:00:00.114450,,,,,,,,,,,,,,,LinearRegression,,,,,,6,,,,,,,,True,,,,,,,,,,,,,,,,,,,,,,,,,,,,,,,,,,,,,,,,,,,,,LinearRegression,"{'mode': 'original', 'type': 'LinearRegression'}",6,"['nodes_T2W30', 'edges_T2W30', 'lcc_T2W30', 'lsc_T2W30', 'density_T2W30', 'diameter_T2W30']",,,,,,,,,,,,,,,pruned,True,PRUNED
271,1.738766878488135,2026-06-11 15:05:36.972678,2026-06-11 15:05:37.216709,0 days 00:00:00.244031,,,,0.23963039472236716,0.24071937590973852,,,,,,,,,,ElasticNet,,,,,,6,,,,,,,,True,,,,,,,,,,,,,,,,,,,,,,,,,,,,,,,,,,,,,,,,,,,,,ElasticNet,"{'mode': 'original', 'type': 'ElasticNet'}",6,"['edges_T2W30', 'pe_T2W30', 'l1_T2W30', 'l3_T2W30', 'diameter_T2W30', 'asp_T2W30']",,,,,,,,,,,,,,,pruned,True,PRUNED
272,1.6944196174512978,2026-06-11 15:05:37.227026,2026-06-11 15:06:00.768882,0 days 00:00:23.541856,,,,,,17.0,sqrt,3.0,4.0,462.0,,,,,ExtraTreesRegressor,,,,,,6,,,,,,,,True,0.003242941903355766,0.012664028954987696,98.0,0.00795348542917173,0.004710543525815965,0.02361808262202859,1.9844674545084815,1.672291575662303,1.7165476592402926,98.0,1.6944196174512978,0.022128041788994895,0.11094726465682189,1.9844674545084815,0.2521784222456196,0.2703332710797378,98.0,0.2612558466626787,0.0090774244170591,0.04551308329969936,1.9844674545084815,5.739454679580868,5.976224479585239,98.0,5.857839579583054,0.11838490000218546,0.5935672463546293,1.9844674545084815,1.3030556278441205,1.3537188028080636,98.0,1.328387215326092,0.025331587481971524,0.12700944653572932,1.9844674545084815,99.0,0.1717171717171717,0.024236637714316476,0.03871011204652884,98.0,0.03147337488042266,0.007236737166106182,0.03628410508602493,1.9844674545084815,ExtraTreesRegressor,"{'mode': 'original', 'type': 'ExtraTreesRegressor'}",6,"['nodes_T2W30', 'edges_T2W30', 're_T2W30', 'l1_T2W30', 'l3_T2W30', 'lsc_T2W30']",0.17675682159426356,0.22319681990141113,98.0,0.19997682074783735,0.023219999153573787,0.11642220382573436,1.9844674545084815,2.1618149353987968,2.230952302782662,98.0,2.1963836190907293,0.0345686836919327,0.17332310445627683,1.9844674545084815,completed,True,COMPLETE
