number,value,datetime_start,datetime_complete,duration,params_dt_max_depth,params_dt_min_samples_leaf,params_dt_min_samples_split,params_elastic_alpha,params_elastic_l1_ratio,params_et_max_depth,params_et_max_features,params_et_min_samples_leaf,params_et_min_samples_split,params_et_n_estimators,params_knn_metric,params_knn_n_neighbors,params_knn_weights,params_quantile_alpha,params_regressor,params_rf_max_depth,params_rf_max_features,params_rf_min_samples_leaf,params_rf_min_samples_split,params_rf_n_estimators,params_rfe_n_features,params_rfe_proxy_et_max_depth,params_rfe_proxy_et_min_samples_leaf,params_rfe_proxy_et_min_samples_split,params_rfe_proxy_et_n_estimators,params_rfe_proxy_lsvr_C,params_rfe_proxy_lsvr_epsilon,params_rfe_proxy_type,params_use_scaler,user_attrs_d2mae_ci_lower_val,user_attrs_d2mae_ci_upper_val,user_attrs_d2mae_df_val,user_attrs_d2mae_mean_val,user_attrs_d2mae_samperror_val,user_attrs_d2mae_std_val,user_attrs_d2mae_t_critical_val,user_attrs_mae_ci_lower_val,user_attrs_mae_ci_upper_val,user_attrs_mae_df_val,user_attrs_mae_mean_val,user_attrs_mae_samperror_val,user_attrs_mae_std_val,user_attrs_mae_t_critical_val,user_attrs_mape_ci_lower_val,user_attrs_mape_ci_upper_val,user_attrs_mape_df_val,user_attrs_mape_mean_val,user_attrs_mape_samperror_val,user_attrs_mape_std_val,user_attrs_mape_t_critical_val,user_attrs_max_error_ci_lower_val,user_attrs_max_error_ci_upper_val,user_attrs_max_error_df_val,user_attrs_max_error_mean_val,user_attrs_max_error_samperror_val,user_attrs_max_error_std_val,user_attrs_max_error_t_critical_val,user_attrs_median_ae_ci_lower_val,user_attrs_median_ae_ci_upper_val,user_attrs_median_ae_df_val,user_attrs_median_ae_mean_val,user_attrs_median_ae_samperror_val,user_attrs_median_ae_std_val,user_attrs_median_ae_t_critical_val,user_attrs_n_splits_val,user_attrs_r2_below_zero_val,user_attrs_r2_ci_lower_val,user_attrs_r2_ci_upper_val,user_attrs_r2_df_val,user_attrs_r2_mean_val,user_attrs_r2_samperror_val,user_attrs_r2_std_val,user_attrs_r2_t_critical_val,user_attrs_regressor_final,user_attrs_rfe_estimator,user_attrs_rfe_n_features,user_attrs_rfe_selected_features,user_attrs_rho_ci_lower_val,user_attrs_rho_ci_upper_val,user_attrs_rho_df_val,user_attrs_rho_mean_val,user_attrs_rho_samperror_val,user_attrs_rho_std_val,user_attrs_rho_t_critical_val,user_attrs_rmse_ci_lower_val,user_attrs_rmse_ci_upper_val,user_attrs_rmse_df_val,user_attrs_rmse_mean_val,user_attrs_rmse_samperror_val,user_attrs_rmse_std_val,user_attrs_rmse_t_critical_val,user_attrs_termination_reason,user_attrs_use_scaler_final,state
28,2.157198803298094,2026-06-11 14:13:39.879038,2026-06-11 14:13:41.688269,0 days 00:00:01.809231,20.0,5.0,4.0,,,,,,,,,,,,DecisionTreeRegressor,,,,,,6,,,,,,,,False,-0.28592688547905803,-0.2412793578809202,98.0,-0.2636031216799891,0.022323763799068908,0.11192859060775381,1.9844674545084815,2.1136258831404717,2.2007717234557163,98.0,2.157198803298094,0.04357292015762218,0.21846923241994937,1.9844674545084815,0.307928612394738,0.3293451855296643,98.0,0.31863689896220115,0.010708286567463138,0.05369002441112019,1.9844674545084815,6.735931069897446,7.224971607671898,98.0,6.980451338784672,0.24452026888722553,1.225994385082934,1.9844674545084815,1.783617355136042,1.8904887856367654,98.0,1.8370530703864036,0.05343571525036183,0.2679200671501333,1.9844674545084815,99.0,0.98989898989899,-0.5222039451683909,-0.4271209872192704,98.0,-0.4746624661938306,0.04754147897456021,0.23836709548291435,1.9844674545084815,DecisionTreeRegressor,"{'mode': 'original', 'type': 'DecisionTreeRegressor'}",6,"['edges_T2W30', 're_T2W30', 'l1_T2W30', 'l3_T2W30', 'lsc_T2W30', 'atd_T2W30']",0.03705245043963226,0.09261962818053993,98.0,0.0648360393100861,0.027783588870453832,0.13930347822551664,1.9844674545084815,2.6473974417668744,2.748967120776083,98.0,2.6981822812714786,0.05078483950460407,0.2546289040304393,1.9844674545084815,completed,False,COMPLETE
29,1.773988904227818,2026-06-11 14:13:41.700926,2026-06-11 14:13:43.567643,0 days 00:00:01.866717,,,,0.00016377964907056237,0.8770241030575711,,,,,,,,,,ElasticNet,,,,,,9,,,,,,,,True,-0.05025111376519299,-0.028286470228437038,98.0,-0.03926879199681502,0.010982321768377979,0.055064003014880104,1.9844674545084815,1.7483107926201271,1.799667015835509,98.0,1.773988904227818,0.025678111607690943,0.12874687564277695,1.9844674545084815,0.26323020031006644,0.28189722025811353,98.0,0.27256371028409,0.00933350997402357,0.046797064608766537,1.9844674545084815,5.948927914833322,6.154240848907523,98.0,6.0515843818704225,0.10265646703710031,0.5147068288150054,1.9844674545084815,1.4625341786164539,1.5140404594623442,98.0,1.488287319039399,0.02575314042294511,0.12912306084263642,1.9844674545084815,99.0,0.6363636363636364,-0.07211220837542434,-0.03338141537971805,98.0,-0.0527468118775712,0.019365396497853148,0.09709570286061885,1.9844674545084815,ElasticNet,"{'mode': 'original', 'type': 'ElasticNet'}",9,"['nodes_T2W30', 'edges_T2W30', 'pe_T2W30', 'l2_T2W30', 'l3_T2W30', 'lcc_T2W30', 'lsc_T2W30', 'density_T2W30', 'diameter_T2W30']",0.05347219061022403,0.10608392431990334,98.0,0.07977805746506368,0.026305866854839655,0.13189436280902747,1.9844674545084815,2.2501088406806775,2.3218826687081005,98.0,2.285995754694389,0.035886914013711406,0.1799325482463625,1.9844674545084815,completed,True,COMPLETE
30,1.7513896655004526,2026-06-11 14:13:43.579878,2026-06-11 14:13:45.391085,0 days 00:00:01.811207,,,,,,,,,,,,,,,LinearRegression,,,,,,7,,,,,,,,False,-0.03485145079044436,-0.01658253271983095,98.0,-0.025716991755137655,0.009134459035306706,0.045799047821352835,1.9844674545084815,1.7264848516506435,1.7762944793502617,98.0,1.7513896655004526,0.024904813849809193,0.12486965632891509,1.9844674545084815,0.25995954489931444,0.27873077285236686,98.0,0.26934515887584065,0.009385613976526182,0.047058307632910315,1.9844674545084815,5.9182845440008425,6.117514203296512,98.0,6.017899373648677,0.09961482964783479,0.4994564351455232,1.9844674545084815,1.4357354728962426,1.481695318902201,98.0,1.4587153958992218,0.022979923002979314,0.11521849170010727,1.9844674545084815,99.0,0.5959595959595959,-0.044813413340010086,-0.01287288990492622,98.0,-0.028843151622468154,0.015970261717541935,0.08007291699422074,1.9844674545084815,LinearRegression,"{'mode': 'original', 'type': 'LinearRegression'}",7,"['nodes_T2W30', 'pe_T2W30', 'l2_T2W30', 'l3_T2W30', 'lcc_T2W30', 'atd_T2W30', 'density_T2W30']",0.09907401128867104,0.14931160690749845,98.0,0.12419280909808474,0.025118797809413704,0.12594254543609146,1.9844674545084815,2.2254369991370067,2.2973936491890368,98.0,2.2614153241630217,0.03597832502601505,0.18039087175602095,1.9844674545084815,completed,False,COMPLETE
31,1.7079303675048356,2026-06-11 14:13:45.402823,2026-06-11 14:13:47.615808,0 days 00:00:02.212985,,,,,,,,,,,,,,8.632405665578633,QuantileRegressor,,,,,,7,,,,,,,,False,0.0,0.0,98.0,0.0,0.0,0.0,1.9844674545084815,1.6874905981416963,1.728370136867975,98.0,1.7079303675048356,0.020439769363139366,0.1024824755249899,1.9844674545084815,0.24769877534444404,0.26502057064376067,98.0,0.25635967299410234,0.008660897649658312,0.04342466960543163,1.9844674545084815,5.777847217965754,6.080738640620104,98.0,5.929292929292929,0.15144571132717455,0.7593300652619515,1.9844674545084815,1.0,1.0,98.0,1.0,0.0,0.0,1.9844674545084815,99.0,0.9696969696969697,-0.017081892832884867,-0.011545748963829566,98.0,-0.014313820898357216,0.002768071934527651,0.013878770314953832,1.9844674545084815,QuantileRegressor,"{'mode': 'original', 'type': 'QuantileRegressor'}",7,"['l3_T2W30', 'lcc_T2W30', 'lsc_T2W30', 'atd_T2W30', 'density_T2W30', 'diameter_T2W30', 'asp_T2W30']",,,,,,,,2.2153886891578116,2.278487658939916,98.0,2.246938174048864,0.03154948489105226,0.15818521509367467,1.9844674545084815,completed,False,COMPLETE
32,1.7079303675048356,2026-06-11 14:13:47.703844,2026-06-11 14:13:49.939656,0 days 00:00:02.235812,,,,,,,,,,,,,,2.2931680347694705,QuantileRegressor,,,,,,8,,,,,,,,False,0.0,0.0,98.0,0.0,0.0,0.0,1.9844674545084815,1.6874905981416963,1.728370136867975,98.0,1.7079303675048356,0.020439769363139366,0.1024824755249899,1.9844674545084815,0.24769877534444404,0.26502057064376067,98.0,0.25635967299410234,0.008660897649658312,0.04342466960543163,1.9844674545084815,5.777847217965754,6.080738640620104,98.0,5.929292929292929,0.15144571132717455,0.7593300652619515,1.9844674545084815,1.0,1.0,98.0,1.0,0.0,0.0,1.9844674545084815,99.0,0.9696969696969697,-0.017081892832884867,-0.011545748963829566,98.0,-0.014313820898357216,0.002768071934527651,0.013878770314953832,1.9844674545084815,QuantileRegressor,"{'mode': 'original', 'type': 'QuantileRegressor'}",8,"['l2_T2W30', 'l3_T2W30', 'lcc_T2W30', 'lsc_T2W30', 'atd_T2W30', 'density_T2W30', 'diameter_T2W30', 'asp_T2W30']",,,,,,,,2.2153886891578116,2.278487658939916,98.0,2.246938174048864,0.03154948489105226,0.15818521509367467,1.9844674545084815,completed,False,COMPLETE
33,1.7079303675048356,2026-06-11 14:13:49.952342,2026-06-11 14:13:52.384134,0 days 00:00:02.431792,,,,,,,,,,,,,,3.227908133236349,QuantileRegressor,,,,,,5,,,,,,,,False,0.0,0.0,98.0,0.0,0.0,0.0,1.9844674545084815,1.6874905981416963,1.728370136867975,98.0,1.7079303675048356,0.020439769363139366,0.1024824755249899,1.9844674545084815,0.24769877534444404,0.26502057064376067,98.0,0.25635967299410234,0.008660897649658312,0.04342466960543163,1.9844674545084815,5.777847217965754,6.080738640620104,98.0,5.929292929292929,0.15144571132717455,0.7593300652619515,1.9844674545084815,1.0,1.0,98.0,1.0,0.0,0.0,1.9844674545084815,99.0,0.9696969696969697,-0.017081892832884867,-0.011545748963829566,98.0,-0.014313820898357216,0.002768071934527651,0.013878770314953832,1.9844674545084815,QuantileRegressor,"{'mode': 'original', 'type': 'QuantileRegressor'}",5,"['lsc_T2W30', 'atd_T2W30', 'density_T2W30', 'diameter_T2W30', 'asp_T2W30']",,,,,,,,2.2153886891578116,2.278487658939916,98.0,2.246938174048864,0.03154948489105226,0.15818521509367467,1.9844674545084815,completed,False,COMPLETE
34,1.7624598376947507,2026-06-11 14:13:52.396586,2026-06-11 14:13:54.140658,0 days 00:00:01.744072,,,,0.000123469869878032,0.9566761854597826,,,,,,,,,,ElasticNet,,,,,,7,,,,,,,,False,-0.042787262642348584,-0.02205661557339615,98.0,-0.03242193910787237,0.010365323534476216,0.05197045018258495,1.9844674545084815,1.737165149882439,1.7877545255070624,98.0,1.7624598376947507,0.025294687812311638,0.12682443615593417,1.9844674545084815,0.2622980180288266,0.28134500481075,98.0,0.2718215114197883,0.00952349339096171,0.04774961796348435,1.9844674545084815,5.974788904997072,6.244333284606152,98.0,6.109561094801612,0.13477218980454014,0.6757310905866167,1.9844674545084815,1.417907687316537,1.4674432661654615,98.0,1.4426754767409993,0.024767789424462307,0.12418263280788347,1.9844674545084815,99.0,0.6565656565656566,-0.07452265294873811,-0.031011115597698046,98.0,-0.05276688427321808,0.021755768675520034,0.10908073330989286,1.9844674545084815,ElasticNet,"{'mode': 'original', 'type': 'ElasticNet'}",7,"['nodes_T2W30', 'edges_T2W30', 'pe_T2W30', 'l2_T2W30', 'lcc_T2W30', 'atd_T2W30', 'diameter_T2W30']",0.08723579335586548,0.1392690758519708,98.0,0.11325243460391814,0.026016641248052662,0.13044422138902684,1.9844674545084815,2.248850387813181,2.322027031526662,98.0,2.2854387096699216,0.03658832185674044,0.18344932041874767,1.9844674545084815,completed,False,COMPLETE
35,1.7233816703132465,2026-06-11 14:13:54.152690,2026-06-11 14:14:16.291076,0 days 00:00:22.138386,,,,,,2.0,log2,1.0,2.0,441.0,,,,,ExtraTreesRegressor,,,,,,10,,,,,,,,False,-0.01200899244770753,-0.006220484015166348,98.0,-0.00911473823143694,0.0028942542162705915,0.014511432668949305,1.9844674545084815,1.7024982144260512,1.7442651262004418,98.0,1.7233816703132465,0.020883455887195257,0.10470706487991312,1.9844674545084815,0.2566175597750113,0.2749807253431515,98.0,0.2657991425590814,0.009181582784070086,0.04603532046922322,1.9844674545084815,5.849524697075309,6.101551724564412,98.0,5.9755382108198605,0.12601351374455153,0.6318161721253629,1.9844674545084815,1.278919437359091,1.312250682826677,98.0,1.295585060092884,0.016665622733792955,0.0835593711250335,1.9844674545084815,99.0,0.43434343434343436,-0.004575730620164686,0.00496966169052426,98.0,0.00019696553517978724,0.004772696155344473,0.023929708219231065,1.9844674545084815,ExtraTreesRegressor,"{'mode': 'original', 'type': 'ExtraTreesRegressor'}",10,"['edges_T2W30', 're_T2W30', 'l1_T2W30', 'l3_T2W30', 'lcc_T2W30', 'lsc_T2W30', 'atd_T2W30', 'density_T2W30', 'diameter_T2W30', 'asp_T2W30']",0.1063710132102332,0.15994401289899338,98.0,0.1331575130546133,0.026786499844380092,0.1343041971722228,1.9844674545084815,2.198207189626337,2.2641760773966215,98.0,2.231191633511479,0.032984443885142295,0.16537992200932106,1.9844674545084815,completed,False,COMPLETE
36,1.7358280043567864,2026-06-11 14:14:16.310349,2026-06-11 14:14:17.882654,0 days 00:00:01.572305,,,,,,,,,,,,,,,LinearRegression,,,,,,3,,,,,,,,False,-0.02171539384466018,-0.010826394269683494,98.0,-0.016270894057171838,0.005444499787488345,0.02729804853978981,1.9844674545084815,1.7125989028840132,1.7590571058295597,98.0,1.7358280043567864,0.023229101472773298,0.1164678417283942,1.9844674545084815,0.25730360423721593,0.2760413072974401,98.0,0.266672455767328,0.00936885153011207,0.04697426279982765,1.9844674545084815,5.864379802764521,6.113529372549586,98.0,5.988954587657053,0.1245747848925321,0.6246025636083277,1.9844674545084815,1.341992959747919,1.380416004278224,98.0,1.3612044820130715,0.01921152226515263,0.09632419648955894,1.9844674545084815,99.0,0.494949494949495,-0.016261380525357593,0.0017681788453828354,98.0,-0.007246600839987379,0.009014779685370214,0.04519899036312967,1.9844674545084815,LinearRegression,"{'mode': 'original', 'type': 'LinearRegression'}",3,"['lcc_T2W30', 'atd_T2W30', 'density_T2W30']",0.0741236064373092,0.12891298863287848,98.0,0.10151829753509384,0.027394691097784644,0.13735359289358293,1.9844674545084815,2.204527119088239,2.2741664249326035,98.0,2.239346772010421,0.03481965292218208,0.17458143313599958,1.9844674545084815,completed,False,COMPLETE
37,1.7079303675048356,2026-06-11 14:14:17.894838,2026-06-11 14:14:20.096518,0 days 00:00:02.201680,,,,,,,,,,,,,,0.21980426427532332,QuantileRegressor,,,,,,6,,,,,,,,True,0.0,0.0,98.0,0.0,0.0,0.0,1.9844674545084815,1.6874905981416963,1.728370136867975,98.0,1.7079303675048356,0.020439769363139366,0.1024824755249899,1.9844674545084815,0.24769877534444404,0.26502057064376067,98.0,0.25635967299410234,0.008660897649658312,0.04342466960543163,1.9844674545084815,5.777847217965754,6.080738640620104,98.0,5.929292929292929,0.15144571132717455,0.7593300652619515,1.9844674545084815,1.0,1.0,98.0,1.0,0.0,0.0,1.9844674545084815,99.0,0.9696969696969697,-0.017081892832884867,-0.011545748963829566,98.0,-0.014313820898357216,0.002768071934527651,0.013878770314953832,1.9844674545084815,QuantileRegressor,"{'mode': 'original', 'type': 'QuantileRegressor'}",6,"['lcc_T2W30', 'lsc_T2W30', 'atd_T2W30', 'density_T2W30', 'diameter_T2W30', 'asp_T2W30']",,,,,,,,2.2153886891578116,2.278487658939916,98.0,2.246938174048864,0.03154948489105226,0.15818521509367467,1.9844674545084815,completed,True,COMPLETE
38,1.7457291610715386,2026-06-11 14:14:20.108968,2026-06-11 14:14:48.880668,0 days 00:00:28.771700,,,,,,,,,,,,,,,RandomForestRegressor,2.0,,1.0,12.0,353.0,2,,,,,,,,False,-0.028407488652723505,-0.01615455182625231,98.0,-0.022281020239487907,0.006126468413235598,0.03071735488103413,1.9844674545084815,1.7230360929265438,1.7684222292165335,98.0,1.7457291610715386,0.022693068144994836,0.11378023692138,1.9844674545084815,0.2610802397503143,0.2797924660425883,98.0,0.2704363528964513,0.009356113146136982,0.046910394118104215,1.9844674545084815,6.156797174436991,6.445529153295152,98.0,6.301163163866072,0.14436598942908055,0.723833215309545,1.9844674545084815,1.4105795776505894,1.4596184343278464,98.0,1.435099005989218,0.024519428338628566,0.12293738104167631,1.9844674545084815,99.0,0.7474747474747475,-0.04526151118195405,-0.022643383835807593,98.0,-0.03395244750888082,0.011309063673073232,0.0567022465124465,1.9844674545084815,RandomForestRegressor,"{'mode': 'original', 'type': 'RandomForestRegressor'}",2,"['lcc_T2W30', 'lsc_T2W30']",0.08220663369192038,0.13060973553797325,98.0,0.10640818461494682,0.024201550923026432,0.12134358299603197,1.9844674545084815,2.23236687667649,2.304998696423429,98.0,2.2686827865499595,0.03631590987346964,0.18208348042748976,1.9844674545084815,completed,False,COMPLETE
39,1.7783136193959614,2026-06-11 14:14:48.893027,2026-06-11 14:14:56.001343,0 days 00:00:07.108316,,,,,,20.0,,1.0,12.0,99.0,,,,,ExtraTreesRegressor,,,,,,13,,,,,,,,False,-0.053052881366114656,-0.02996227701843574,98.0,-0.0415075791922752,0.011545302173839455,0.05788671713648863,1.9844674545084815,1.7505416306827561,1.8060856081091667,98.0,1.7783136193959614,0.02777198871320526,0.1392453164718201,1.9844674545084815,0.2616226687654243,0.2802889985388871,98.0,0.2709558336521557,0.009333164886731428,0.046795334383765326,1.9844674545084815,5.8859245007660155,6.152525041846366,98.0,6.019224771306191,0.1333002705401753,0.6683510694471871,1.9844674545084815,1.3977212723683667,1.4697239592806395,98.0,1.433722615824503,0.03600134345613631,0.1805062833176494,1.9844674545084815,99.0,0.696969696969697,-0.07071964267792448,-0.03173585136821537,98.0,-0.051227747023069925,0.01949189565485455,0.09772995398796801,1.9844674545084815,ExtraTreesRegressor,"{'mode': 'original', 'type': 'ExtraTreesRegressor'}",13,"['nodes_T2W30', 'edges_T2W30', 're_T2W30', 'pe_T2W30', 'l1_T2W30', 'l2_T2W30', 'l3_T2W30', 'lcc_T2W30', 'lsc_T2W30', 'atd_T2W30', 'density_T2W30', 'diameter_T2W30', 'asp_T2W30']",0.08797730520431865,0.13848905395784197,98.0,0.11323317958108031,0.025255874376761658,0.12662983039066733,1.9844674545084815,2.2468544604021514,2.3236940538682647,98.0,2.285274257135208,0.0384197967330565,0.19263210892541138,1.9844674545084815,completed,False,COMPLETE
40,1.7079303675048356,2026-06-11 14:14:56.014261,2026-06-11 14:14:58.097271,0 days 00:00:02.083010,,,,,,,,,,,,,,2.8828145009000483,QuantileRegressor,,,,,,10,,,,,,,,True,0.0,0.0,98.0,0.0,0.0,0.0,1.9844674545084815,1.6874905981416963,1.728370136867975,98.0,1.7079303675048356,0.020439769363139366,0.1024824755249899,1.9844674545084815,0.24769877534444404,0.26502057064376067,98.0,0.25635967299410234,0.008660897649658312,0.04342466960543163,1.9844674545084815,5.777847217965754,6.080738640620104,98.0,5.929292929292929,0.15144571132717455,0.7593300652619515,1.9844674545084815,1.0,1.0,98.0,1.0,0.0,0.0,1.9844674545084815,99.0,0.9696969696969697,-0.017081892832884867,-0.011545748963829566,98.0,-0.014313820898357216,0.002768071934527651,0.013878770314953832,1.9844674545084815,QuantileRegressor,"{'mode': 'original', 'type': 'QuantileRegressor'}",10,"['pe_T2W30', 'l1_T2W30', 'l2_T2W30', 'l3_T2W30', 'lcc_T2W30', 'lsc_T2W30', 'atd_T2W30', 'density_T2W30', 'diameter_T2W30', 'asp_T2W30']",,,,,,,,2.2153886891578116,2.278487658939916,98.0,2.246938174048864,0.03154948489105226,0.15818521509367467,1.9844674545084815,completed,True,COMPLETE
41,1.7079303675048356,2026-06-11 14:14:58.109334,2026-06-11 14:15:00.234329,0 days 00:00:02.124995,,,,,,,,,,,,,,1.91586447344442,QuantileRegressor,,,,,,8,,,,,,,,False,0.0,0.0,98.0,0.0,0.0,0.0,1.9844674545084815,1.6874905981416963,1.728370136867975,98.0,1.7079303675048356,0.020439769363139366,0.1024824755249899,1.9844674545084815,0.24769877534444404,0.26502057064376067,98.0,0.25635967299410234,0.008660897649658312,0.04342466960543163,1.9844674545084815,5.777847217965754,6.080738640620104,98.0,5.929292929292929,0.15144571132717455,0.7593300652619515,1.9844674545084815,1.0,1.0,98.0,1.0,0.0,0.0,1.9844674545084815,99.0,0.9696969696969697,-0.017081892832884867,-0.011545748963829566,98.0,-0.014313820898357216,0.002768071934527651,0.013878770314953832,1.9844674545084815,QuantileRegressor,"{'mode': 'original', 'type': 'QuantileRegressor'}",8,"['l2_T2W30', 'l3_T2W30', 'lcc_T2W30', 'lsc_T2W30', 'atd_T2W30', 'density_T2W30', 'diameter_T2W30', 'asp_T2W30']",,,,,,,,2.2153886891578116,2.278487658939916,98.0,2.246938174048864,0.03154948489105226,0.15818521509367467,1.9844674545084815,completed,False,COMPLETE
42,1.7079303675048356,2026-06-11 14:15:00.246422,2026-06-11 14:15:02.415312,0 days 00:00:02.168890,,,,,,,,,,,,,,9.826163478636927,QuantileRegressor,,,,,,8,,,,,,,,False,0.0,0.0,98.0,0.0,0.0,0.0,1.9844674545084815,1.6874905981416963,1.728370136867975,98.0,1.7079303675048356,0.020439769363139366,0.1024824755249899,1.9844674545084815,0.24769877534444404,0.26502057064376067,98.0,0.25635967299410234,0.008660897649658312,0.04342466960543163,1.9844674545084815,5.777847217965754,6.080738640620104,98.0,5.929292929292929,0.15144571132717455,0.7593300652619515,1.9844674545084815,1.0,1.0,98.0,1.0,0.0,0.0,1.9844674545084815,99.0,0.9696969696969697,-0.017081892832884867,-0.011545748963829566,98.0,-0.014313820898357216,0.002768071934527651,0.013878770314953832,1.9844674545084815,QuantileRegressor,"{'mode': 'original', 'type': 'QuantileRegressor'}",8,"['l2_T2W30', 'l3_T2W30', 'lcc_T2W30', 'lsc_T2W30', 'atd_T2W30', 'density_T2W30', 'diameter_T2W30', 'asp_T2W30']",,,,,,,,2.2153886891578116,2.278487658939916,98.0,2.246938174048864,0.03154948489105226,0.15818521509367467,1.9844674545084815,completed,False,COMPLETE
