number,value,datetime_start,datetime_complete,duration,params_dt_max_depth,params_dt_min_samples_leaf,params_dt_min_samples_split,params_elastic_alpha,params_elastic_l1_ratio,params_et_max_depth,params_et_max_features,params_et_min_samples_leaf,params_et_min_samples_split,params_et_n_estimators,params_knn_metric,params_knn_n_neighbors,params_knn_weights,params_quantile_alpha,params_regressor,params_rf_max_depth,params_rf_max_features,params_rf_min_samples_leaf,params_rf_min_samples_split,params_rf_n_estimators,params_rfe_n_features,params_rfe_proxy_et_max_depth,params_rfe_proxy_et_min_samples_leaf,params_rfe_proxy_et_min_samples_split,params_rfe_proxy_et_n_estimators,params_rfe_proxy_lsvr_C,params_rfe_proxy_lsvr_epsilon,params_rfe_proxy_type,params_use_scaler,user_attrs_d2mae_ci_lower_val,user_attrs_d2mae_ci_upper_val,user_attrs_d2mae_df_val,user_attrs_d2mae_mean_val,user_attrs_d2mae_samperror_val,user_attrs_d2mae_std_val,user_attrs_d2mae_t_critical_val,user_attrs_mae_ci_lower_val,user_attrs_mae_ci_upper_val,user_attrs_mae_df_val,user_attrs_mae_mean_val,user_attrs_mae_samperror_val,user_attrs_mae_std_val,user_attrs_mae_t_critical_val,user_attrs_mape_ci_lower_val,user_attrs_mape_ci_upper_val,user_attrs_mape_df_val,user_attrs_mape_mean_val,user_attrs_mape_samperror_val,user_attrs_mape_std_val,user_attrs_mape_t_critical_val,user_attrs_max_error_ci_lower_val,user_attrs_max_error_ci_upper_val,user_attrs_max_error_df_val,user_attrs_max_error_mean_val,user_attrs_max_error_samperror_val,user_attrs_max_error_std_val,user_attrs_max_error_t_critical_val,user_attrs_median_ae_ci_lower_val,user_attrs_median_ae_ci_upper_val,user_attrs_median_ae_df_val,user_attrs_median_ae_mean_val,user_attrs_median_ae_samperror_val,user_attrs_median_ae_std_val,user_attrs_median_ae_t_critical_val,user_attrs_n_splits_val,user_attrs_r2_below_zero_val,user_attrs_r2_ci_lower_val,user_attrs_r2_ci_upper_val,user_attrs_r2_df_val,user_attrs_r2_mean_val,user_attrs_r2_samperror_val,user_attrs_r2_std_val,user_attrs_r2_t_critical_val,user_attrs_regressor_final,user_attrs_rfe_estimator,user_attrs_rfe_n_features,user_attrs_rfe_selected_features,user_attrs_rho_ci_lower_val,user_attrs_rho_ci_upper_val,user_attrs_rho_df_val,user_attrs_rho_mean_val,user_attrs_rho_samperror_val,user_attrs_rho_std_val,user_attrs_rho_t_critical_val,user_attrs_rmse_ci_lower_val,user_attrs_rmse_ci_upper_val,user_attrs_rmse_df_val,user_attrs_rmse_mean_val,user_attrs_rmse_samperror_val,user_attrs_rmse_std_val,user_attrs_rmse_t_critical_val,user_attrs_termination_reason,user_attrs_use_scaler_final,state
119,1.695507193575998,2026-06-11 14:23:07.886581,2026-06-11 14:23:22.586237,0 days 00:00:14.699656,,,,,,18.0,log2,3.0,6.0,260.0,,,,,ExtraTreesRegressor,,,,,,6,,,,,,,,True,0.002597206419493344,0.012022030204555239,98.0,0.007309618312024291,0.004712411892530947,0.023627450381651417,1.9844674545084815,1.6734147691639492,1.7175996179880468,98.0,1.695507193575998,0.02209242441204874,0.11076868353409497,1.9844674545084815,0.25232392983983193,0.27042536794306987,98.0,0.2613746488914509,0.009050719051618982,0.04537918590039512,1.9844674545084815,5.740781829435411,5.976428155116336,98.0,5.858604992275874,0.11782316284046279,0.5907507657033585,1.9844674545084815,1.3047390634420464,1.3547234178238363,98.0,1.3297312406329413,0.024992177190894867,0.12530768531571668,1.9844674545084815,99.0,0.18181818181818182,0.023604650576786457,0.03811328104553102,98.0,0.03085896581115874,0.007254315234372282,0.03637223934619451,1.9844674545084815,ExtraTreesRegressor,"{'mode': 'original', 'type': 'ExtraTreesRegressor'}",6,"['nodes_T2W30', 'edges_T2W30', 're_T2W30', 'l1_T2W30', 'l3_T2W30', 'lsc_T2W30']",0.17353803721056965,0.21950168177230267,98.0,0.19651985949143616,0.022981822280866523,0.11522801444452445,1.9844674545084815,2.1625339657259275,2.2315892146744147,98.0,2.197061590200171,0.03452762447424351,0.17311723861713013,1.9844674545084815,completed,True,COMPLETE
120,1.7731970898716627,2026-06-11 14:23:22.599533,2026-06-11 14:23:22.739962,0 days 00:00:00.140429,,,,0.01124851123684156,0.41899266520416056,,,,,,,,,,ElasticNet,,,,,,5,,,,,,,,True,,,,,,,,,,,,,,,,,,,,,,,,,,,,,,,,,,,,,,,,,,,,,ElasticNet,"{'mode': 'original', 'type': 'ElasticNet'}",5,"['edges_T2W30', 'lcc_T2W30', 'lsc_T2W30', 'density_T2W30', 'diameter_T2W30']",,,,,,,,,,,,,,,pruned,True,PRUNED
121,1.6956070949372635,2026-06-11 14:23:22.749865,2026-06-11 14:23:37.133333,0 days 00:00:14.383468,,,,,,19.0,log2,3.0,6.0,255.0,,,,,ExtraTreesRegressor,,,,,,6,,,,,,,,True,0.0025298598194890562,0.01196965857772063,98.0,0.007249759198604843,0.004719899379115787,0.02366499171330941,1.9844674545084815,1.6735148167099254,1.7176993731646015,98.0,1.6956070949372635,0.02209227822733817,0.1107679505820368,1.9844674545084815,0.2523341950415854,0.27043473596678,98.0,0.2613844655041827,0.009050270462597293,0.04537693673052343,1.9844674545084815,5.741324015188565,5.976799315017813,98.0,5.859061665103189,0.117737649914624,0.590322014469739,1.9844674545084815,1.3049305199571475,1.3546194805760055,98.0,1.3297750002665765,0.024844480309429005,0.12456715141971102,1.9844674545084815,99.0,0.18181818181818182,0.02358503211207554,0.0380372076114322,98.0,0.03081111986175387,0.0072260877496783315,0.036230710229212565,1.9844674545084815,ExtraTreesRegressor,"{'mode': 'original', 'type': 'ExtraTreesRegressor'}",6,"['nodes_T2W30', 'edges_T2W30', 're_T2W30', 'l1_T2W30', 'l3_T2W30', 'lsc_T2W30']",0.17362949165811906,0.21943389692597573,98.0,0.1965316942920474,0.02290220263392834,0.11482881138241134,1.9844674545084815,2.1626026207999725,2.231623905980616,98.0,2.1971132633902943,0.034510642590321786,0.17303209355152505,1.9844674545084815,completed,True,COMPLETE
122,1.6954242257703598,2026-06-11 14:23:37.178807,2026-06-11 14:23:51.886729,0 days 00:00:14.707922,,,,,,19.0,log2,3.0,6.0,264.0,,,,,ExtraTreesRegressor,,,,,,6,,,,,,,,True,0.0026689063820643207,0.012057530963707448,98.0,0.007363218672885884,0.004694312290821563,0.02353670121730228,1.9844674545084815,1.6733156039532882,1.7175328475874314,98.0,1.6954242257703598,0.022108621817071596,0.11084989531952817,1.9844674545084815,0.25231783169687116,0.27042444342850624,98.0,0.2613711375626887,0.009053305865817545,0.04539215586684054,1.9844674545084815,5.740401307041641,5.975817201608414,98.0,5.8581092543250275,0.11770794728338577,0.5901730891504352,1.9844674545084815,1.3055366374690498,1.355253589970616,98.0,1.3303951137198329,0.02485847625078308,0.12463732533859362,1.9844674545084815,99.0,0.18181818181818182,0.023641914884223705,0.0380655144480064,98.0,0.030853714666115053,0.007211799781891347,0.036159072125914196,1.9844674545084815,ExtraTreesRegressor,"{'mode': 'original', 'type': 'ExtraTreesRegressor'}",6,"['nodes_T2W30', 'edges_T2W30', 're_T2W30', 'l1_T2W30', 'l3_T2W30', 'lsc_T2W30']",0.17320301373600697,0.2191445012376855,98.0,0.19617375748684623,0.02297074375083926,0.11517246806519889,1.9844674545084815,2.162553273374111,2.2315910296468138,98.0,2.1970721515104623,0.03451887813635166,0.17307338556071786,1.9844674545084815,completed,True,COMPLETE
123,1.6955573433196274,2026-06-11 14:23:51.904867,2026-06-11 14:24:06.524490,0 days 00:00:14.619623,,,,,,19.0,log2,3.0,6.0,259.0,,,,,ExtraTreesRegressor,,,,,,6,,,,,,,,True,0.002566279078321804,0.011991335161428016,98.0,0.00727880711987491,0.004712528041553106,0.023628032738482806,1.9844674545084815,1.6734715178214452,1.7176431688178095,98.0,1.6955573433196274,0.02208582549818218,0.11073559739614466,1.9844674545084815,0.252328005913307,0.27042771552451556,98.0,0.2613778607189113,0.009049854805604295,0.04537485267777043,1.9844674545084815,5.7401266051786495,5.975460650333704,98.0,5.857793627756177,0.11766702257752779,0.5899678977369733,1.9844674545084815,1.3047938422229997,1.3547084654244694,98.0,1.3297511538237345,0.02495731160073484,0.12513287355895178,1.9844674545084815,99.0,0.18181818181818182,0.0236028862338871,0.03810244726319618,98.0,0.03085266674854164,0.00724978051465454,0.03634950282239967,1.9844674545084815,ExtraTreesRegressor,"{'mode': 'original', 'type': 'ExtraTreesRegressor'}",6,"['nodes_T2W30', 'edges_T2W30', 're_T2W30', 'l1_T2W30', 'l3_T2W30', 'lsc_T2W30']",0.1739916553950518,0.2200025162257892,98.0,0.1969970858104205,0.02300543041536872,0.11534638271098224,1.9844674545084815,2.162552435637689,2.231570665200319,98.0,2.197061550419004,0.034509114781315,0.17302443330612977,1.9844674545084815,completed,True,COMPLETE
124,1.6986372195339268,2026-06-11 14:24:06.537304,2026-06-11 14:24:22.019034,0 days 00:00:15.481730,,,,,,19.0,log2,3.0,7.0,279.0,,,,,ExtraTreesRegressor,,,,,,6,,,,,,,,True,0.0007379647131486788,0.010303598674570986,98.0,0.005520781693859833,0.004782816980711154,0.023980452785840708,1.9844674545084815,1.6762120995991885,1.721062339468665,98.0,1.6986372195339268,0.0224251199347383,0.11243677773592065,1.9844674545084815,0.2527948498780501,0.27112534564481994,98.0,0.26196009776143503,0.009165247883384893,0.04595341929754501,1.9844674545084815,5.788352736368751,6.042577385992502,98.0,5.915465061180626,0.12711232481187523,0.6373254749121481,1.9844674545084815,1.3067105000053045,1.3556238858352008,98.0,1.3311671929202527,0.02445669291494808,0.12262283338667786,1.9844674545084815,99.0,0.16161616161616163,0.018817233130796758,0.033544391079586115,98.0,0.026180812105191437,0.00736357897439468,0.03692007422454729,1.9844674545084815,ExtraTreesRegressor,"{'mode': 'original', 'type': 'ExtraTreesRegressor'}",6,"['edges_T2W30', 're_T2W30', 'l1_T2W30', 'l3_T2W30', 'lsc_T2W30', 'diameter_T2W30']",0.1668992605932446,0.21413836365064226,98.0,0.19051881212194344,0.023619551528698813,0.11842551001658333,1.9844674545084815,2.167700584233212,2.236926691122611,98.0,2.2023136376779116,0.03461305344469954,0.17354556890884432,1.9844674545084815,completed,True,COMPLETE
125,1.7835311362323547,2026-06-11 14:24:22.031769,2026-06-11 14:24:22.178894,0 days 00:00:00.147125,,,,,,,,,,,,,,,LinearRegression,,,,,,5,,,,,,,,True,,,,,,,,,,,,,,,,,,,,,,,,,,,,,,,,,,,,,,,,,,,,,LinearRegression,"{'mode': 'original', 'type': 'LinearRegression'}",5,"['edges_T2W30', 'lcc_T2W30', 'lsc_T2W30', 'density_T2W30', 'diameter_T2W30']",,,,,,,,,,,,,,,pruned,True,PRUNED
126,1.8173829301567526,2026-06-11 14:24:22.188332,2026-06-11 14:24:23.700793,0 days 00:00:01.512461,,,,,,19.0,,3.0,7.0,262.0,,,,,ExtraTreesRegressor,,,,,,6,,,,,,,,True,,,,,,,,,,,,,,,,,,,,,,,,,,,,,,,,,,,,,,,,,,,,,ExtraTreesRegressor,"{'mode': 'original', 'type': 'ExtraTreesRegressor'}",6,"['edges_T2W30', 're_T2W30', 'l1_T2W30', 'l3_T2W30', 'lsc_T2W30', 'atd_T2W30']",,,,,,,,,,,,,,,pruned,True,PRUNED
127,1.6954151705639522,2026-06-11 14:24:23.711315,2026-06-11 14:24:38.520485,0 days 00:00:14.809170,,,,,,19.0,log2,3.0,6.0,263.0,,,,,ExtraTreesRegressor,,,,,,6,,,,,,,,True,0.002663786906004082,0.01206685074952355,98.0,0.007365318827763816,0.004701531921759734,0.023572899553877192,1.9844674545084815,1.6733194985372606,1.7175108425906438,98.0,1.6954151705639522,0.022095672026691625,0.11078496667223812,1.9844674545084815,0.25231259503971887,0.2704153696584544,98.0,0.26136398234908664,0.009051387309367793,0.045382536462095224,1.9844674545084815,5.740534614638675,5.976054020697101,98.0,5.858294317667888,0.11775970302921324,0.5904325860586834,1.9844674545084815,1.3052606053631575,1.355055677353349,98.0,1.3301581413582533,0.024897535995095803,0.12483316606553253,1.9844674545084815,99.0,0.18181818181818182,0.02364557448245959,0.038084804493762246,98.0,0.030865189488110917,0.00721961500565133,0.03619825669123268,1.9844674545084815,ExtraTreesRegressor,"{'mode': 'original', 'type': 'ExtraTreesRegressor'}",6,"['nodes_T2W30', 'edges_T2W30', 're_T2W30', 'l1_T2W30', 'l3_T2W30', 'lsc_T2W30']",0.17343566553643705,0.21945884294049164,98.0,0.19644725423846435,0.023011588702027304,0.11537725959861006,1.9844674545084815,2.1625441740394065,2.231565356767179,98.0,2.197054765403293,0.03451059136388629,0.17303183670851333,1.9844674545084815,completed,True,COMPLETE
128,1.781480803489683,2026-06-11 14:24:38.538804,2026-06-11 14:24:50.865947,0 days 00:00:12.327143,,,,,,,,,,,,,,,RandomForestRegressor,20.0,,3.0,2.0,497.0,6,,,,,,,,True,,,,,,,,,,,,,,,,,,,,,,,,,,,,,,,,,,,,,,,,,,,,,RandomForestRegressor,"{'mode': 'original', 'type': 'RandomForestRegressor'}",6,"['re_T2W30', 'pe_T2W30', 'l1_T2W30', 'l3_T2W30', 'lsc_T2W30', 'diameter_T2W30']",,,,,,,,,,,,,,,pruned,True,PRUNED
129,1.6958067693244216,2026-06-11 14:24:50.876982,2026-06-11 14:25:06.877652,0 days 00:00:16.000670,,,,,,19.0,log2,3.0,6.0,290.0,,,,,ExtraTreesRegressor,,,,,,6,,,,,,,,True,0.0024336014440399295,0.011842879542638893,98.0,0.007138240493339411,0.004704639049299481,0.023588478307061143,1.9844674545084815,1.6736928537679836,1.7179206848808597,98.0,1.6958067693244216,0.022113915556438143,0.11087643747396393,1.9844674545084815,0.2523627135866074,0.2704955698435954,98.0,0.2614291417151014,0.009066428128494015,0.04545794926889326,1.9844674545084815,5.738012708701924,5.9740073132295874,98.0,5.856010010965756,0.11799730226383166,0.5916238792339602,1.9844674545084815,1.3046409015120242,1.3556893269670045,98.0,1.3301651142395143,0.02552421272749006,0.12797524569219867,1.9844674545084815,99.0,0.1717171717171717,0.023304443106461386,0.037705265165291726,98.0,0.030504854135876554,0.0072004110294151685,0.036101970329599165,1.9844674545084815,ExtraTreesRegressor,"{'mode': 'original', 'type': 'ExtraTreesRegressor'}",6,"['nodes_T2W30', 'edges_T2W30', 're_T2W30', 'l1_T2W30', 'l3_T2W30', 'lsc_T2W30']",0.17152685101791232,0.2170268121136419,98.0,0.1942768315657771,0.022749980547864798,0.11406558867024598,1.9844674545084815,2.1629435372173678,2.2319933314778053,98.0,2.1974684343475865,0.03452489713021899,0.17310356405151853,1.9844674545084815,completed,True,COMPLETE
130,1.6976601710680557,2026-06-11 14:25:06.890455,2026-06-11 14:25:23.456278,0 days 00:00:16.565823,,,,,,19.0,log2,3.0,6.0,300.0,,,,,ExtraTreesRegressor,,,,,,5,,,,,,,,True,0.0010680103244670152,0.010998426678506444,98.0,0.00603321850148673,0.0049652081770197145,0.024894939685354077,1.9844674545084815,1.6754341933321488,1.7198861488039625,98.0,1.6976601710680557,0.02222597773590679,0.11143830338157948,1.9844674545084815,0.252592973958674,0.27080724455802235,98.0,0.2617001092583482,0.009107135299674185,0.04566204999038607,1.9844674545084815,5.742916694657301,5.981126594752083,98.0,5.862021644704692,0.11910495004739126,0.5971774882229963,1.9844674545084815,1.2954892463944425,1.341498561621827,98.0,1.3184939040081347,0.023004657613692112,0.11534250797895854,1.9844674545084815,99.0,0.1717171717171717,0.023544513556454726,0.037786530772256535,98.0,0.03066552216435563,0.0071210086079009065,0.03570385640889441,1.9844674545084815,ExtraTreesRegressor,"{'mode': 'original', 'type': 'ExtraTreesRegressor'}",5,"['edges_T2W30', 're_T2W30', 'l1_T2W30', 'l3_T2W30', 'lsc_T2W30']",0.1712926645651847,0.2178603965707069,98.0,0.1945765305679458,0.0232838660027611,0.11674242430828544,1.9844674545084815,2.1629153455790533,2.231430046573567,98.0,2.19717269607631,0.03425735049725698,0.17176211832494545,1.9844674545084815,completed,True,COMPLETE
131,1.6955041218377012,2026-06-11 14:25:23.468673,2026-06-11 14:25:38.274513,0 days 00:00:14.805840,,,,,,19.0,log2,3.0,6.0,266.0,,,,,ExtraTreesRegressor,,,,,,6,,,,,,,,True,0.0026222341094420823,0.012007630224902002,98.0,0.0073149321671720415,0.004692698057729959,0.02352860765223494,1.9844674545084815,1.6734028605316549,1.7176053831437474,98.0,1.6955041218377012,0.022101261306046355,0.11081299062762122,1.9844674545084815,0.25232857607675896,0.2704366137458415,98.0,0.2613825949113002,0.00905401883454127,0.04539573060383885,1.9844674545084815,5.739232853992937,5.9747381917694,98.0,5.8569855228811685,0.1177526688882317,0.5903973177458091,1.9844674545084815,1.3055739475780932,1.3553465944974175,98.0,1.3304602710377553,0.02488632345966212,0.12477694779967344,1.9844674545084815,99.0,0.18181818181818182,0.023549994089235547,0.03796305571029347,98.0,0.03075652489976451,0.007206530810528962,0.036132654155187904,1.9844674545084815,ExtraTreesRegressor,"{'mode': 'original', 'type': 'ExtraTreesRegressor'}",6,"['nodes_T2W30', 'edges_T2W30', 're_T2W30', 'l1_T2W30', 'l3_T2W30', 'lsc_T2W30']",0.17368014211133959,0.21986723865495855,98.0,0.19677369038314907,0.023093548271809497,0.11578819474445325,1.9844674545084815,2.1626665117566977,2.231694347851675,98.0,2.1971804298041864,0.034513918047488594,0.1730485162886395,1.9844674545084815,completed,True,COMPLETE
132,1.6958520027232151,2026-06-11 14:25:38.288303,2026-06-11 14:25:53.814475,0 days 00:00:15.526172,,,,,,19.0,log2,3.0,6.0,280.0,,,,,ExtraTreesRegressor,,,,,,6,,,,,,,,True,0.002392303300410052,0.011834754502018315,98.0,0.007113528901214183,0.004721225600804131,0.023671641224823056,1.9844674545084815,1.67371674837083,1.7179872570756003,98.0,1.6958520027232151,0.022135254352385222,0.11098342755758606,1.9844674545084815,0.2523710062098052,0.2705000564259879,98.0,0.26143553131789654,0.009064525108091356,0.04544840775996651,1.9844674545084815,5.738728096885783,5.975250867122208,98.0,5.856989482003995,0.11826138511821244,0.5929479580031392,1.9844674545084815,1.3046559105699176,1.355481140263874,98.0,1.3300685254168958,0.025412614846978224,0.1274157077221265,1.9844674545084815,99.0,0.1919191919191919,0.02319836129098983,0.03766505786034964,98.0,0.030431709575669735,0.0072333482846799035,0.036267113653702214,1.9844674545084815,ExtraTreesRegressor,"{'mode': 'original', 'type': 'ExtraTreesRegressor'}",6,"['nodes_T2W30', 'edges_T2W30', 're_T2W30', 'l1_T2W30', 'l3_T2W30', 'lsc_T2W30']",0.17245110975397954,0.2184405923104485,98.0,0.195445851032214,0.02299474127823449,0.11529278869946089,1.9844674545084815,2.163007507322432,2.2321030384046963,98.0,2.197555272863564,0.03454776554113194,0.17321822343539145,1.9844674545084815,completed,True,COMPLETE
133,1.6953573627497218,2026-06-11 14:25:53.827270,2026-06-11 14:26:11.771760,0 days 00:00:17.944490,,,,,,18.0,log2,3.0,6.0,329.0,,,,,ExtraTreesRegressor,,,,,,6,,,,,,,,True,0.0026424146722982276,0.01216436326772715,98.0,0.007403388970012689,0.004760974297714462,0.023870936274874324,1.9844674545084815,1.6732000764155366,1.717514649083907,98.0,1.6953573627497218,0.022157286334185164,0.11109389318933881,1.9844674545084815,0.252280327447244,0.27042412864243265,98.0,0.2613522280448383,0.009071900597594336,0.04548538755210824,1.9844674545084815,5.733997295416687,5.969898010769743,98.0,5.851947653093215,0.11795035767652819,0.5913885048794905,1.9844674545084815,1.3035529129557177,1.3547370949728206,98.0,1.3291450039642692,0.025592091008551438,0.12831557899801846,1.9844674545084815,99.0,0.16161616161616163,0.023986170104434042,0.0386213152815147,98.0,0.03130374269297437,0.007317572588540326,0.03668940389610343,1.9844674545084815,ExtraTreesRegressor,"{'mode': 'original', 'type': 'ExtraTreesRegressor'}",6,"['nodes_T2W30', 'edges_T2W30', 're_T2W30', 'l1_T2W30', 'l3_T2W30', 'lsc_T2W30']",0.17321953915134072,0.2200574681394689,98.0,0.1966385036454048,0.023418964494064075,0.1174197914342271,1.9844674545084815,2.161982035804786,2.231149149459708,98.0,2.196565592632247,0.03458355682746099,0.1733976765182545,1.9844674545084815,completed,True,COMPLETE
134,1.6951821010573596,2026-06-11 14:26:11.789612,2026-06-11 14:26:30.281247,0 days 00:00:18.491635,,,,,,18.0,log2,3.0,6.0,336.0,,,,,ExtraTreesRegressor,,,,,,6,,,,,,,,True,0.002736900754729801,0.012288100678093952,98.0,0.007512500716411876,0.004775599961682075,0.023944267545054933,1.9844674545084815,1.6729838107428174,1.7173803913719017,98.0,1.6951821010573596,0.022198290314542207,0.11129948207533406,1.9844674545084815,0.25226110848189226,0.27041637925103185,98.0,0.26133874386646205,0.009077635384569776,0.0455141410647047,1.9844674545084815,5.7345404056692075,5.969971353473715,98.0,5.852255879571461,0.11771547390225386,0.5902108266865215,1.9844674545084815,1.3029385625498597,1.3543879307506996,98.0,1.3286632466502797,0.025724684100419885,0.12898038436107193,1.9844674545084815,99.0,0.1717171717171717,0.024064968332768315,0.03868924410098441,98.0,0.031377106216876366,0.00731213788410805,0.03666215496026315,1.9844674545084815,ExtraTreesRegressor,"{'mode': 'original', 'type': 'ExtraTreesRegressor'}",6,"['nodes_T2W30', 'edges_T2W30', 're_T2W30', 'l1_T2W30', 'l3_T2W30', 'lsc_T2W30']",0.17419713056510927,0.22093941930634786,98.0,0.19756827493572857,0.023371144370619282,0.11718002724983415,1.9844674545084815,2.1618850872206297,2.231101256947859,98.0,2.1964931720842444,0.034608084863614726,0.17352065705781647,1.9844674545084815,completed,True,COMPLETE
135,1.697886426545505,2026-06-11 14:26:30.300292,2026-06-11 14:26:48.708630,0 days 00:00:18.408338,,,,,,18.0,log2,3.0,7.0,339.0,,,,,ExtraTreesRegressor,,,,,,6,,,,,,,,True,0.001212647694715836,0.010693992071597333,98.0,0.005953319883156585,0.004740672188440749,0.023769144010011435,1.9844674545084815,1.6755326136500366,1.7202402394409733,98.0,1.697886426545505,0.022353812895468245,0.1120792530605233,1.9844674545084815,0.2526397684150178,0.27093277149820316,98.0,0.2617862699566105,0.009146501541592683,0.04585942745841165,1.9844674545084815,5.7870185700054435,6.040193293362506,98.0,5.913605931683975,0.12658736167853116,0.6346933746908276,1.9844674545084815,1.3091498095389065,1.3574690408472019,98.0,1.3333094251930542,0.024159615654147606,0.1211333247445735,1.9844674545084815,99.0,0.16161616161616163,0.01976989882605964,0.03421128717797219,98.0,0.026990593002015915,0.007220694175956275,0.036203667517666134,1.9844674545084815,ExtraTreesRegressor,"{'mode': 'original', 'type': 'ExtraTreesRegressor'}",6,"['edges_T2W30', 're_T2W30', 'l1_T2W30', 'l3_T2W30', 'lsc_T2W30', 'diameter_T2W30']",0.16830230953075495,0.2155865729380835,98.0,0.19194444123441923,0.02364213170366428,0.11853872422106558,1.9844674545084815,2.166859781478975,2.2359519870965623,98.0,2.2014058842877686,0.03454610280879356,0.17320988670109935,1.9844674545084815,completed,True,COMPLETE
