number,value,datetime_start,datetime_complete,duration,params_dt_max_depth,params_dt_min_samples_leaf,params_dt_min_samples_split,params_elastic_alpha,params_elastic_l1_ratio,params_et_max_depth,params_et_max_features,params_et_min_samples_leaf,params_et_min_samples_split,params_et_n_estimators,params_knn_metric,params_knn_n_neighbors,params_knn_weights,params_quantile_alpha,params_regressor,params_rf_max_depth,params_rf_max_features,params_rf_min_samples_leaf,params_rf_min_samples_split,params_rf_n_estimators,params_rfe_n_features,params_rfe_proxy_et_max_depth,params_rfe_proxy_et_min_samples_leaf,params_rfe_proxy_et_min_samples_split,params_rfe_proxy_et_n_estimators,params_rfe_proxy_lsvr_C,params_rfe_proxy_lsvr_epsilon,params_rfe_proxy_type,params_use_scaler,user_attrs_d2mae_ci_lower_val,user_attrs_d2mae_ci_upper_val,user_attrs_d2mae_df_val,user_attrs_d2mae_mean_val,user_attrs_d2mae_samperror_val,user_attrs_d2mae_std_val,user_attrs_d2mae_t_critical_val,user_attrs_mae_ci_lower_val,user_attrs_mae_ci_upper_val,user_attrs_mae_df_val,user_attrs_mae_mean_val,user_attrs_mae_samperror_val,user_attrs_mae_std_val,user_attrs_mae_t_critical_val,user_attrs_mape_ci_lower_val,user_attrs_mape_ci_upper_val,user_attrs_mape_df_val,user_attrs_mape_mean_val,user_attrs_mape_samperror_val,user_attrs_mape_std_val,user_attrs_mape_t_critical_val,user_attrs_max_error_ci_lower_val,user_attrs_max_error_ci_upper_val,user_attrs_max_error_df_val,user_attrs_max_error_mean_val,user_attrs_max_error_samperror_val,user_attrs_max_error_std_val,user_attrs_max_error_t_critical_val,user_attrs_median_ae_ci_lower_val,user_attrs_median_ae_ci_upper_val,user_attrs_median_ae_df_val,user_attrs_median_ae_mean_val,user_attrs_median_ae_samperror_val,user_attrs_median_ae_std_val,user_attrs_median_ae_t_critical_val,user_attrs_n_splits_val,user_attrs_r2_below_zero_val,user_attrs_r2_ci_lower_val,user_attrs_r2_ci_upper_val,user_attrs_r2_df_val,user_attrs_r2_mean_val,user_attrs_r2_samperror_val,user_attrs_r2_std_val,user_attrs_r2_t_critical_val,user_attrs_regressor_final,user_attrs_rfe_estimator,user_attrs_rfe_n_features,user_attrs_rfe_selected_features,user_attrs_rho_ci_lower_val,user_attrs_rho_ci_upper_val,user_attrs_rho_df_val,user_attrs_rho_mean_val,user_attrs_rho_samperror_val,user_attrs_rho_std_val,user_attrs_rho_t_critical_val,user_attrs_rmse_ci_lower_val,user_attrs_rmse_ci_upper_val,user_attrs_rmse_df_val,user_attrs_rmse_mean_val,user_attrs_rmse_samperror_val,user_attrs_rmse_std_val,user_attrs_rmse_t_critical_val,user_attrs_termination_reason,user_attrs_use_scaler_final,state
43,1.7079303675048356,2026-06-11 14:15:02.427697,2026-06-11 14:15:04.577742,0 days 00:00:02.150045,,,,,,,,,,,,,,0.9148123318887017,QuantileRegressor,,,,,,9,,,,,,,,False,0.0,0.0,98.0,0.0,0.0,0.0,1.9844674545084815,1.6874905981416963,1.728370136867975,98.0,1.7079303675048356,0.020439769363139366,0.1024824755249899,1.9844674545084815,0.24769877534444404,0.26502057064376067,98.0,0.25635967299410234,0.008660897649658312,0.04342466960543163,1.9844674545084815,5.777847217965754,6.080738640620104,98.0,5.929292929292929,0.15144571132717455,0.7593300652619515,1.9844674545084815,1.0,1.0,98.0,1.0,0.0,0.0,1.9844674545084815,99.0,0.9696969696969697,-0.017081892832884867,-0.011545748963829566,98.0,-0.014313820898357216,0.002768071934527651,0.013878770314953832,1.9844674545084815,QuantileRegressor,"{'mode': 'original', 'type': 'QuantileRegressor'}",9,"['l1_T2W30', 'l2_T2W30', 'l3_T2W30', 'lcc_T2W30', 'lsc_T2W30', 'atd_T2W30', 'density_T2W30', 'diameter_T2W30', 'asp_T2W30']",,,,,,,,2.2153886891578116,2.278487658939916,98.0,2.246938174048864,0.03154948489105226,0.15818521509367467,1.9844674545084815,completed,False,COMPLETE
44,1.7079303675048356,2026-06-11 14:15:04.590376,2026-06-11 14:15:06.721549,0 days 00:00:02.131173,,,,,,,,,,,,,,3.206526793907659,QuantileRegressor,,,,,,7,,,,,,,,False,0.0,0.0,98.0,0.0,0.0,0.0,1.9844674545084815,1.6874905981416963,1.728370136867975,98.0,1.7079303675048356,0.020439769363139366,0.1024824755249899,1.9844674545084815,0.24769877534444404,0.26502057064376067,98.0,0.25635967299410234,0.008660897649658312,0.04342466960543163,1.9844674545084815,5.777847217965754,6.080738640620104,98.0,5.929292929292929,0.15144571132717455,0.7593300652619515,1.9844674545084815,1.0,1.0,98.0,1.0,0.0,0.0,1.9844674545084815,99.0,0.9696969696969697,-0.017081892832884867,-0.011545748963829566,98.0,-0.014313820898357216,0.002768071934527651,0.013878770314953832,1.9844674545084815,QuantileRegressor,"{'mode': 'original', 'type': 'QuantileRegressor'}",7,"['l3_T2W30', 'lcc_T2W30', 'lsc_T2W30', 'atd_T2W30', 'density_T2W30', 'diameter_T2W30', 'asp_T2W30']",,,,,,,,2.2153886891578116,2.278487658939916,98.0,2.246938174048864,0.03154948489105226,0.15818521509367467,1.9844674545084815,completed,False,COMPLETE
45,1.811578256729502,2026-06-11 14:15:06.733638,2026-06-11 14:15:08.440799,0 days 00:00:01.707161,2.0,1.0,17.0,,,,,,,,,,,,DecisionTreeRegressor,,,,,,6,,,,,,,,False,-0.07303406370151247,-0.04912435658628994,98.0,-0.061079210143901205,0.011954853557611266,0.05994015711998038,1.9844674545084815,1.7831823692302322,1.8399741442287718,98.0,1.811578256729502,0.028395887499269794,0.1423734678191751,1.9844674545084815,0.26423892467479304,0.2828941313555061,98.0,0.2735665280151496,0.009327603340356563,0.04676744947811316,1.9844674545084815,6.096944885479725,6.47860164409282,98.0,6.2877732647862725,0.190828379306548,0.9567898915251304,1.9844674545084815,1.4330640669309667,1.5017855221579757,98.0,1.4674247945444712,0.03436072761350458,0.17228043839976953,1.9844674545084815,99.0,0.7676767676767676,-0.11678578607691216,-0.06747057065340793,98.0,-0.09212817836516005,0.024657607711752117,0.12363019532801216,1.9844674545084815,DecisionTreeRegressor,"{'mode': 'original', 'type': 'DecisionTreeRegressor'}",6,"['edges_T2W30', 'lcc_T2W30', 'atd_T2W30', 'density_T2W30', 'diameter_T2W30', 'asp_T2W30']",0.06621006055362821,0.1310749366296024,97.0,0.09864249859161531,0.0324324380379871,0.16176802810664734,1.9847231860139845,2.287753397953737,2.365694178395457,98.0,2.326723788174597,0.03897039022086021,0.195392716573941,1.9844674545084815,completed,False,COMPLETE
46,1.7800172095382991,2026-06-11 14:15:08.453473,2026-06-11 14:15:10.149940,0 days 00:00:01.696467,,,,0.011866566188088819,0.04359534820671335,,,,,,,,,,ElasticNet,,,,,,12,,,,,,,,True,-0.052904785682904264,-0.03229635774740742,98.0,-0.04260057171515584,0.010304213967748421,0.05166405437325563,1.9844674545084815,1.754054352230112,1.8059800668464863,98.0,1.7800172095382991,0.025962857308187252,0.1301745553667265,1.9844674545084815,0.2638051497909406,0.2824626080946183,98.0,0.27313387894277946,0.009328729151838827,0.04677309415764096,1.9844674545084815,5.960306595815528,6.150777218092456,98.0,6.055541906953992,0.09523531113846365,0.47749807101362307,1.9844674545084815,1.4550486842256254,1.5078610111474247,98.0,1.481454847686525,0.026406163460899672,0.1323972375867792,1.9844674545084815,99.0,0.696969696969697,-0.07319308748237226,-0.038019596414505794,98.0,-0.055606341948439025,0.017586745533933232,0.08817776691726407,1.9844674545084815,ElasticNet,"{'mode': 'original', 'type': 'ElasticNet'}",12,"['nodes_T2W30', 'edges_T2W30', 'pe_T2W30', 'l1_T2W30', 'l2_T2W30', 'l3_T2W30', 'lcc_T2W30', 'lsc_T2W30', 'atd_T2W30', 'density_T2W30', 'diameter_T2W30', 'asp_T2W30']",0.035953498420282434,0.0872859254699717,98.0,0.06161971194512707,0.02566621352484463,0.1286872201269818,1.9844674545084815,2.254157095423152,2.3252413316923106,98.0,2.289699213557731,0.03554211813457958,0.1782037843539495,1.9844674545084815,completed,True,COMPLETE
47,2.3322587577906724,2026-06-11 14:15:10.162745,2026-06-11 14:15:11.852176,0 days 00:00:01.689431,,,,,,,,,,,minkowski,1.0,uniform,,KNeighborsRegressor,,,,,,5,2.0,1.0,2.0,20.0,,,ExtraTrees,,-0.39599461749907106,-0.33687884673027246,98.0,-0.36643673211467176,0.029557885384399286,0.148199581495273,1.9844674545084815,2.277858440064996,2.3866590755163486,98.0,2.3322587577906724,0.05440031772567615,0.272756464655969,1.9844674545084815,0.32961272982448725,0.35637270342077837,98.0,0.3429927166226328,0.013379986798145553,0.06708559892258165,1.9844674545084815,8.218726162855054,9.215617271488382,98.0,8.717171717171718,0.498445554316664,2.499144359863355,1.9844674545084815,1.8448034864937304,1.973378331688088,98.0,1.9090909090909092,0.06428742259717869,0.3223291856101521,1.9844674545084815,99.0,1.0,-0.9566547131620391,-0.8033786817136199,98.0,-0.8800166974378295,0.0766380157242096,0.38425353198475565,1.9844674545084815,KNeighborsRegressor,"{'mode': 'proxy', 'type': 'ExtraTrees'}",5,"['nodes_T2W30', 'edges_T2W30', 're_T2W30', 'l3_T2W30', 'diameter_T2W30']",0.09152961605022329,0.15328663907337242,98.0,0.12240812756179786,0.030878511511574572,0.15482103755729562,1.9844674545084815,2.970717328347653,3.1129201988389634,98.0,3.0418187635933083,0.07110143524565503,0.3564938022488201,1.9844674545084815,completed,True,COMPLETE
48,1.7079303675048356,2026-06-11 14:15:11.865278,2026-06-11 14:15:14.039020,0 days 00:00:02.173742,,,,,,,,,,,,,,3.545642138383163,QuantileRegressor,,,,,,9,,,,,,,,False,0.0,0.0,98.0,0.0,0.0,0.0,1.9844674545084815,1.6874905981416963,1.728370136867975,98.0,1.7079303675048356,0.020439769363139366,0.1024824755249899,1.9844674545084815,0.24769877534444404,0.26502057064376067,98.0,0.25635967299410234,0.008660897649658312,0.04342466960543163,1.9844674545084815,5.777847217965754,6.080738640620104,98.0,5.929292929292929,0.15144571132717455,0.7593300652619515,1.9844674545084815,1.0,1.0,98.0,1.0,0.0,0.0,1.9844674545084815,99.0,0.9696969696969697,-0.017081892832884867,-0.011545748963829566,98.0,-0.014313820898357216,0.002768071934527651,0.013878770314953832,1.9844674545084815,QuantileRegressor,"{'mode': 'original', 'type': 'QuantileRegressor'}",9,"['l1_T2W30', 'l2_T2W30', 'l3_T2W30', 'lcc_T2W30', 'lsc_T2W30', 'atd_T2W30', 'density_T2W30', 'diameter_T2W30', 'asp_T2W30']",,,,,,,,2.2153886891578116,2.278487658939916,98.0,2.246938174048864,0.03154948489105226,0.15818521509367467,1.9844674545084815,completed,False,COMPLETE
49,1.7513896655004526,2026-06-11 14:15:14.052043,2026-06-11 14:15:15.912506,0 days 00:00:01.860463,,,,,,,,,,,,,,,LinearRegression,,,,,,7,,,,,,,,False,-0.03485145079044436,-0.01658253271983095,98.0,-0.025716991755137655,0.009134459035306706,0.045799047821352835,1.9844674545084815,1.7264848516506435,1.7762944793502617,98.0,1.7513896655004526,0.024904813849809193,0.12486965632891509,1.9844674545084815,0.25995954489931444,0.27873077285236686,98.0,0.26934515887584065,0.009385613976526182,0.047058307632910315,1.9844674545084815,5.9182845440008425,6.117514203296512,98.0,6.017899373648677,0.09961482964783479,0.4994564351455232,1.9844674545084815,1.4357354728962426,1.481695318902201,98.0,1.4587153958992218,0.022979923002979314,0.11521849170010727,1.9844674545084815,99.0,0.5959595959595959,-0.044813413340010086,-0.01287288990492622,98.0,-0.028843151622468154,0.015970261717541935,0.08007291699422074,1.9844674545084815,LinearRegression,"{'mode': 'original', 'type': 'LinearRegression'}",7,"['nodes_T2W30', 'pe_T2W30', 'l2_T2W30', 'l3_T2W30', 'lcc_T2W30', 'atd_T2W30', 'density_T2W30']",0.09907401128867104,0.14931160690749845,98.0,0.12419280909808474,0.025118797809413704,0.12594254543609146,1.9844674545084815,2.2254369991370067,2.2973936491890368,98.0,2.2614153241630217,0.03597832502601505,0.18039087175602095,1.9844674545084815,completed,False,COMPLETE
50,1.7079303675048356,2026-06-11 14:15:15.925100,2026-06-11 14:15:18.057047,0 days 00:00:02.131947,,,,,,,,,,,,,,0.14333997003672974,QuantileRegressor,,,,,,10,,,,,,,,False,0.0,0.0,98.0,0.0,0.0,0.0,1.9844674545084815,1.6874905981416963,1.728370136867975,98.0,1.7079303675048356,0.020439769363139366,0.1024824755249899,1.9844674545084815,0.24769877534444404,0.26502057064376067,98.0,0.25635967299410234,0.008660897649658312,0.04342466960543163,1.9844674545084815,5.777847217965754,6.080738640620104,98.0,5.929292929292929,0.15144571132717455,0.7593300652619515,1.9844674545084815,1.0,1.0,98.0,1.0,0.0,0.0,1.9844674545084815,99.0,0.9696969696969697,-0.017081892832884867,-0.011545748963829566,98.0,-0.014313820898357216,0.002768071934527651,0.013878770314953832,1.9844674545084815,QuantileRegressor,"{'mode': 'original', 'type': 'QuantileRegressor'}",10,"['pe_T2W30', 'l1_T2W30', 'l2_T2W30', 'l3_T2W30', 'lcc_T2W30', 'lsc_T2W30', 'atd_T2W30', 'density_T2W30', 'diameter_T2W30', 'asp_T2W30']",,,,,,,,2.2153886891578116,2.278487658939916,98.0,2.246938174048864,0.03154948489105226,0.15818521509367467,1.9844674545084815,completed,False,COMPLETE
51,1.7079303675048356,2026-06-11 14:15:18.071386,2026-06-11 14:15:20.120153,0 days 00:00:02.048767,,,,,,,,,,,,,,0.5965725739332831,QuantileRegressor,,,,,,4,,,,,,,,False,0.0,0.0,98.0,0.0,0.0,0.0,1.9844674545084815,1.6874905981416963,1.728370136867975,98.0,1.7079303675048356,0.020439769363139366,0.1024824755249899,1.9844674545084815,0.24769877534444404,0.26502057064376067,98.0,0.25635967299410234,0.008660897649658312,0.04342466960543163,1.9844674545084815,5.777847217965754,6.080738640620104,98.0,5.929292929292929,0.15144571132717455,0.7593300652619515,1.9844674545084815,1.0,1.0,98.0,1.0,0.0,0.0,1.9844674545084815,99.0,0.9696969696969697,-0.017081892832884867,-0.011545748963829566,98.0,-0.014313820898357216,0.002768071934527651,0.013878770314953832,1.9844674545084815,QuantileRegressor,"{'mode': 'original', 'type': 'QuantileRegressor'}",4,"['atd_T2W30', 'density_T2W30', 'diameter_T2W30', 'asp_T2W30']",,,,,,,,2.2153886891578116,2.278487658939916,98.0,2.246938174048864,0.03154948489105226,0.15818521509367467,1.9844674545084815,completed,False,COMPLETE
52,1.710506161672453,2026-06-11 14:15:20.132819,2026-06-11 14:15:22.313720,0 days 00:00:02.180901,,,,,,,,,,,,,,0.08916879606918253,QuantileRegressor,,,,,,5,,,,,,,,False,-0.003607722155986313,0.000294820119528922,98.0,-0.0016564510182286957,0.0019512711377576177,0.009783432144713323,1.9844674545084815,1.690566441873493,1.7304458814714132,98.0,1.710506161672453,0.0199397197989602,0.09997528885806549,1.9844674545084815,0.24823094426539588,0.265388044388496,98.0,0.25680949432694594,0.008578550061550071,0.043011788983693115,1.9844674545084815,5.784645826048355,6.081429791181519,98.0,5.933037808614937,0.1483919825665822,0.7440190469521395,1.9844674545084815,0.9979468740206778,1.0238010711410284,98.0,1.010873972580853,0.012927098560175314,0.06481487331219188,1.9844674545084815,99.0,0.9696969696969697,-0.01781361198493562,-0.011764120306070588,98.0,-0.014788866145503104,0.0030247458394325162,0.015165701527825225,1.9844674545084815,QuantileRegressor,"{'mode': 'original', 'type': 'QuantileRegressor'}",5,"['lsc_T2W30', 'atd_T2W30', 'density_T2W30', 'diameter_T2W30', 'asp_T2W30']",-0.22107518002647217,0.12924210416894147,2.0,-0.04591653792876535,0.17515864209770682,0.07051084216031227,4.302652729749462,2.2159436697150765,2.278883093630961,98.0,2.247413381673019,0.03146971195794234,0.15778524347365547,1.9844674545084815,completed,False,COMPLETE
53,1.7079303675048356,2026-06-11 14:15:22.325867,2026-06-11 14:15:24.439023,0 days 00:00:02.113156,,,,,,,,,,,,,,0.5473354489818252,QuantileRegressor,,,,,,6,,,,,,,,False,0.0,0.0,98.0,0.0,0.0,0.0,1.9844674545084815,1.6874905981416963,1.728370136867975,98.0,1.7079303675048356,0.020439769363139366,0.1024824755249899,1.9844674545084815,0.24769877534444404,0.26502057064376067,98.0,0.25635967299410234,0.008660897649658312,0.04342466960543163,1.9844674545084815,5.777847217965754,6.080738640620104,98.0,5.929292929292929,0.15144571132717455,0.7593300652619515,1.9844674545084815,1.0,1.0,98.0,1.0,0.0,0.0,1.9844674545084815,99.0,0.9696969696969697,-0.017081892832884867,-0.011545748963829566,98.0,-0.014313820898357216,0.002768071934527651,0.013878770314953832,1.9844674545084815,QuantileRegressor,"{'mode': 'original', 'type': 'QuantileRegressor'}",6,"['lcc_T2W30', 'lsc_T2W30', 'atd_T2W30', 'density_T2W30', 'diameter_T2W30', 'asp_T2W30']",,,,,,,,2.2153886891578116,2.278487658939916,98.0,2.246938174048864,0.03154948489105226,0.15818521509367467,1.9844674545084815,completed,False,COMPLETE
54,1.8740231428015464,2026-06-11 14:15:24.450911,2026-06-11 14:15:26.725142,0 days 00:00:02.274231,,,,,,,,,,,,,,,RandomForestRegressor,10.0,,5.0,7.0,264.0,8,,,,,,,,False,,,,,,,,,,,,,,,,,,,,,,,,,,,,,,,,,,,,,,,,,,,,,RandomForestRegressor,"{'mode': 'original', 'type': 'RandomForestRegressor'}",8,"['edges_T2W30', 're_T2W30', 'pe_T2W30', 'l1_T2W30', 'l3_T2W30', 'lsc_T2W30', 'atd_T2W30', 'diameter_T2W30']",,,,,,,,,,,,,,,pruned,False,PRUNED
55,1.7079303675048356,2026-06-11 14:15:26.735441,2026-06-11 14:15:28.875134,0 days 00:00:02.139693,,,,,,,,,,,,,,4.779503609233727,QuantileRegressor,,,,,,5,,,,,,,,False,0.0,0.0,98.0,0.0,0.0,0.0,1.9844674545084815,1.6874905981416963,1.728370136867975,98.0,1.7079303675048356,0.020439769363139366,0.1024824755249899,1.9844674545084815,0.24769877534444404,0.26502057064376067,98.0,0.25635967299410234,0.008660897649658312,0.04342466960543163,1.9844674545084815,5.777847217965754,6.080738640620104,98.0,5.929292929292929,0.15144571132717455,0.7593300652619515,1.9844674545084815,1.0,1.0,98.0,1.0,0.0,0.0,1.9844674545084815,99.0,0.9696969696969697,-0.017081892832884867,-0.011545748963829566,98.0,-0.014313820898357216,0.002768071934527651,0.013878770314953832,1.9844674545084815,QuantileRegressor,"{'mode': 'original', 'type': 'QuantileRegressor'}",5,"['lsc_T2W30', 'atd_T2W30', 'density_T2W30', 'diameter_T2W30', 'asp_T2W30']",,,,,,,,2.2153886891578116,2.278487658939916,98.0,2.246938174048864,0.03154948489105226,0.15818521509367467,1.9844674545084815,completed,False,COMPLETE
56,1.7079303675048356,2026-06-11 14:15:28.887854,2026-06-11 14:15:30.997455,0 days 00:00:02.109601,,,,,,,,,,,,,,1.4871720442765948,QuantileRegressor,,,,,,3,,,,,,,,False,0.0,0.0,98.0,0.0,0.0,0.0,1.9844674545084815,1.6874905981416963,1.728370136867975,98.0,1.7079303675048356,0.020439769363139366,0.1024824755249899,1.9844674545084815,0.24769877534444404,0.26502057064376067,98.0,0.25635967299410234,0.008660897649658312,0.04342466960543163,1.9844674545084815,5.777847217965754,6.080738640620104,98.0,5.929292929292929,0.15144571132717455,0.7593300652619515,1.9844674545084815,1.0,1.0,98.0,1.0,0.0,0.0,1.9844674545084815,99.0,0.9696969696969697,-0.017081892832884867,-0.011545748963829566,98.0,-0.014313820898357216,0.002768071934527651,0.013878770314953832,1.9844674545084815,QuantileRegressor,"{'mode': 'original', 'type': 'QuantileRegressor'}",3,"['density_T2W30', 'diameter_T2W30', 'asp_T2W30']",,,,,,,,2.2153886891578116,2.278487658939916,98.0,2.246938174048864,0.03154948489105226,0.15818521509367467,1.9844674545084815,completed,False,COMPLETE
57,1.7021384621581876,2026-06-11 14:15:31.010266,2026-06-11 14:15:57.216209,0 days 00:00:26.205943,,,,,,11.0,log2,3.0,2.0,491.0,,,,,ExtraTreesRegressor,,,,,,4,,,,,,,,True,-0.002546675255274695,0.008983427941715154,98.0,0.00321837634322023,0.005765051598494925,0.02890525567321352,1.9844674545084815,1.6803065417155665,1.7239703826008088,98.0,1.7021384621581876,0.02183192044262126,0.1094625488514229,1.9844674545084815,0.25285723991084846,0.2708339976901852,98.0,0.2618456188005168,0.008988378889668375,0.04506662003882292,1.9844674545084815,5.802631124457996,6.045467074891471,98.0,5.9240490996747335,0.12141797521673807,0.6087747103391006,1.9844674545084815,1.3382409298543363,1.3815119717860596,98.0,1.359876450820198,0.021635520965861587,0.10847782616632053,1.9844674545084815,99.0,0.24242424242424243,0.025929874305898902,0.04380205377495113,98.0,0.03486596404042502,0.008936089734526117,0.04480444868224426,1.9844674545084815,ExtraTreesRegressor,"{'mode': 'original', 'type': 'ExtraTreesRegressor'}",4,"['edges_T2W30', 're_T2W30', 'l3_T2W30', 'lsc_T2W30']",0.18875113540682714,0.23601732110312051,98.0,0.21238422825497383,0.023633092848146697,0.11849340451745752,1.9844674545084815,2.1577559276799185,2.226274783542615,98.0,2.1920153556112667,0.0342594279313483,0.1717725343225351,1.9844674545084815,completed,True,COMPLETE
58,1.7020211295320893,2026-06-11 14:15:57.234005,2026-06-11 14:16:02.113151,0 days 00:00:04.879146,,,,,,11.0,log2,3.0,2.0,495.0,,,,,ExtraTreesRegressor,,,,,,4,,,,,,,,True,,,,,,,,,,,,,,,,,,,,,,,,,,,,,,,,,,,,,,,,,,,,,ExtraTreesRegressor,"{'mode': 'original', 'type': 'ExtraTreesRegressor'}",4,"['edges_T2W30', 're_T2W30', 'l3_T2W30', 'lsc_T2W30']",,,,,,,,,,,,,,,pruned,True,PRUNED
59,1.7225608683379112,2026-06-11 14:16:02.124057,2026-06-11 14:16:04.870308,0 days 00:00:02.746251,,,,,,12.0,log2,3.0,7.0,316.0,,,,,ExtraTreesRegressor,,,,,,3,,,,,,,,True,,,,,,,,,,,,,,,,,,,,,,,,,,,,,,,,,,,,,,,,,,,,,ExtraTreesRegressor,"{'mode': 'original', 'type': 'ExtraTreesRegressor'}",3,"['edges_T2W30', 're_T2W30', 'l3_T2W30']",,,,,,,,,,,,,,,pruned,True,PRUNED
60,1.8308113395944818,2026-06-11 14:16:04.880818,2026-06-11 14:16:06.458258,0 days 00:00:01.577440,,,,,,12.0,,2.0,6.0,233.0,,,,,ExtraTreesRegressor,,,,,,2,,,,,,,,True,,,,,,,,,,,,,,,,,,,,,,,,,,,,,,,,,,,,,,,,,,,,,ExtraTreesRegressor,"{'mode': 'original', 'type': 'ExtraTreesRegressor'}",2,"['re_T2W30', 'l3_T2W30']",,,,,,,,,,,,,,,pruned,True,PRUNED
61,2.3075576433023244,2026-06-11 14:16:06.468507,2026-06-11 14:16:06.592998,0 days 00:00:00.124491,20.0,3.0,12.0,,,,,,,,,,,,DecisionTreeRegressor,,,,,,6,,,,,,,,True,,,,,,,,,,,,,,,,,,,,,,,,,,,,,,,,,,,,,,,,,,,,,DecisionTreeRegressor,"{'mode': 'original', 'type': 'DecisionTreeRegressor'}",6,"['nodes_T2W30', 'edges_T2W30', 're_T2W30', 'l1_T2W30', 'lcc_T2W30', 'asp_T2W30']",,,,,,,,,,,,,,,pruned,True,PRUNED
62,1.9022796410916247,2026-06-11 14:16:06.602152,2026-06-11 14:16:06.828922,0 days 00:00:00.226770,,,,,,,,,,,manhattan,9.0,distance,,KNeighborsRegressor,,,,,,5,12.0,5.0,12.0,20.0,,,ExtraTrees,,,,,,,,,,,,,,,,,,,,,,,,,,,,,,,,,,,,,,,,,,,,,,KNeighborsRegressor,"{'mode': 'proxy', 'type': 'ExtraTrees'}",5,"['edges_T2W30', 're_T2W30', 'lcc_T2W30', 'lsc_T2W30', 'asp_T2W30']",,,,,,,,,,,,,,,pruned,True,PRUNED
