number,value,datetime_start,datetime_complete,duration,params_dt_max_depth,params_dt_min_samples_leaf,params_dt_min_samples_split,params_elastic_alpha,params_elastic_l1_ratio,params_et_max_depth,params_et_max_features,params_et_min_samples_leaf,params_et_min_samples_split,params_et_n_estimators,params_knn_metric,params_knn_n_neighbors,params_knn_weights,params_quantile_alpha,params_regressor,params_rf_max_depth,params_rf_max_features,params_rf_min_samples_leaf,params_rf_min_samples_split,params_rf_n_estimators,params_rfe_n_features,params_rfe_proxy_et_max_depth,params_rfe_proxy_et_min_samples_leaf,params_rfe_proxy_et_min_samples_split,params_rfe_proxy_et_n_estimators,params_rfe_proxy_lsvr_C,params_rfe_proxy_lsvr_epsilon,params_rfe_proxy_type,params_use_scaler,user_attrs_d2mae_ci_lower_val,user_attrs_d2mae_ci_upper_val,user_attrs_d2mae_df_val,user_attrs_d2mae_mean_val,user_attrs_d2mae_samperror_val,user_attrs_d2mae_std_val,user_attrs_d2mae_t_critical_val,user_attrs_mae_ci_lower_val,user_attrs_mae_ci_upper_val,user_attrs_mae_df_val,user_attrs_mae_mean_val,user_attrs_mae_samperror_val,user_attrs_mae_std_val,user_attrs_mae_t_critical_val,user_attrs_mape_ci_lower_val,user_attrs_mape_ci_upper_val,user_attrs_mape_df_val,user_attrs_mape_mean_val,user_attrs_mape_samperror_val,user_attrs_mape_std_val,user_attrs_mape_t_critical_val,user_attrs_max_error_ci_lower_val,user_attrs_max_error_ci_upper_val,user_attrs_max_error_df_val,user_attrs_max_error_mean_val,user_attrs_max_error_samperror_val,user_attrs_max_error_std_val,user_attrs_max_error_t_critical_val,user_attrs_median_ae_ci_lower_val,user_attrs_median_ae_ci_upper_val,user_attrs_median_ae_df_val,user_attrs_median_ae_mean_val,user_attrs_median_ae_samperror_val,user_attrs_median_ae_std_val,user_attrs_median_ae_t_critical_val,user_attrs_n_splits_val,user_attrs_r2_below_zero_val,user_attrs_r2_ci_lower_val,user_attrs_r2_ci_upper_val,user_attrs_r2_df_val,user_attrs_r2_mean_val,user_attrs_r2_samperror_val,user_attrs_r2_std_val,user_attrs_r2_t_critical_val,user_attrs_regressor_final,user_attrs_rfe_estimator,user_attrs_rfe_n_features,user_attrs_rfe_selected_features,user_attrs_rho_ci_lower_val,user_attrs_rho_ci_upper_val,user_attrs_rho_df_val,user_attrs_rho_mean_val,user_attrs_rho_samperror_val,user_attrs_rho_std_val,user_attrs_rho_t_critical_val,user_attrs_rmse_ci_lower_val,user_attrs_rmse_ci_upper_val,user_attrs_rmse_df_val,user_attrs_rmse_mean_val,user_attrs_rmse_samperror_val,user_attrs_rmse_std_val,user_attrs_rmse_t_critical_val,user_attrs_termination_reason,user_attrs_use_scaler_final,state
203,1.6942926556165583,2026-06-11 14:46:03.132015,2026-06-11 14:46:25.981145,0 days 00:00:22.849130,,,,,,19.0,sqrt,3.0,5.0,447.0,,,,,ExtraTreesRegressor,,,,,,6,,,,,,,,True,0.0033412146745543684,0.012711935637487851,98.0,0.00802657515602111,0.004685360481466742,0.023491817952388132,1.9844674545084815,1.6721846838085888,1.7164006274245278,98.0,1.6942926556165583,0.022107971807969626,0.11084663625428628,1.9844674545084815,0.2521531857995678,0.27029935133525507,98.0,0.26122626856741143,0.00907308276784364,0.04549131480752333,1.9844674545084815,5.738820875784201,5.975483418407837,98.0,5.857152147096019,0.11833127131181773,0.5932983587341085,1.9844674545084815,1.301590227394907,1.3522674647692878,98.0,1.3269288460820974,0.02533861868719052,0.12704470012905345,1.9844674545084815,99.0,0.16161616161616163,0.0243520420707814,0.03872963366542953,98.0,0.031540837868105465,0.007188795797324066,0.03604373299250669,1.9844674545084815,ExtraTreesRegressor,"{'mode': 'original', 'type': 'ExtraTreesRegressor'}",6,"['nodes_T2W30', 'edges_T2W30', 're_T2W30', 'l1_T2W30', 'l3_T2W30', 'lsc_T2W30']",0.1778767182696999,0.2242412714053397,98.0,0.2010589948375198,0.023182276567819907,0.11623306744642506,1.9844674545084815,2.1617552341340978,2.230864943114286,98.0,2.196310088624192,0.03455485449009409,0.17325376654870184,1.9844674545084815,completed,True,COMPLETE
204,1.6942548876621815,2026-06-11 14:46:25.994926,2026-06-11 14:46:48.769211,0 days 00:00:22.774285,,,,,,19.0,sqrt,3.0,4.0,446.0,,,,,ExtraTreesRegressor,,,,,,6,,,,,,,,True,0.003359050911301358,0.012735662705579314,98.0,0.008047356808440336,0.004688305897138978,0.023506585902269467,1.9844674545084815,1.6721519120583255,1.7163578632660375,98.0,1.6942548876621815,0.022102975603855986,0.1108215859048084,1.9844674545084815,0.2521458124122529,0.27028943135567657,98.0,0.26121762188396475,0.009071809471711823,0.045484930658204095,1.9844674545084815,5.738160073898465,5.974724501131206,98.0,5.856442287514835,0.11828221361637023,0.5930523895167612,1.9844674545084815,1.3019540702886259,1.3527221989531526,98.0,1.3273381346208892,0.02538406433226335,0.1272725589725731,1.9844674545084815,99.0,0.16161616161616163,0.024420757982598004,0.038824404999195955,98.0,0.03162258149089698,0.007201823508298976,0.03610905232402227,1.9844674545084815,ExtraTreesRegressor,"{'mode': 'original', 'type': 'ExtraTreesRegressor'}",6,"['nodes_T2W30', 'edges_T2W30', 're_T2W30', 'l1_T2W30', 'l3_T2W30', 'lsc_T2W30']",0.17797702424839032,0.2242918741141122,98.0,0.20113444918125126,0.023157424932860927,0.11610846442247741,1.9844674545084815,2.1616623923137155,2.2307649797633973,98.0,2.1962136860385564,0.03455129372484086,0.17323591331212992,1.9844674545084815,completed,True,COMPLETE
205,1.6942548876621815,2026-06-11 14:46:48.782489,2026-06-11 14:47:11.496588,0 days 00:00:22.714099,,,,,,19.0,sqrt,3.0,4.0,446.0,,,,,ExtraTreesRegressor,,,,,,6,,,,,,,,True,0.003359050911301358,0.012735662705579314,98.0,0.008047356808440336,0.004688305897138978,0.023506585902269467,1.9844674545084815,1.6721519120583255,1.7163578632660375,98.0,1.6942548876621815,0.022102975603855986,0.1108215859048084,1.9844674545084815,0.2521458124122529,0.27028943135567657,98.0,0.26121762188396475,0.009071809471711823,0.045484930658204095,1.9844674545084815,5.738160073898465,5.974724501131206,98.0,5.856442287514835,0.11828221361637023,0.5930523895167612,1.9844674545084815,1.3019540702886259,1.3527221989531526,98.0,1.3273381346208892,0.02538406433226335,0.1272725589725731,1.9844674545084815,99.0,0.16161616161616163,0.024420757982598004,0.038824404999195955,98.0,0.03162258149089698,0.007201823508298976,0.03610905232402227,1.9844674545084815,ExtraTreesRegressor,"{'mode': 'original', 'type': 'ExtraTreesRegressor'}",6,"['nodes_T2W30', 'edges_T2W30', 're_T2W30', 'l1_T2W30', 'l3_T2W30', 'lsc_T2W30']",0.17797702424839032,0.2242918741141122,98.0,0.20113444918125126,0.023157424932860927,0.11610846442247741,1.9844674545084815,2.1616623923137155,2.2307649797633973,98.0,2.1962136860385564,0.03455129372484086,0.17323591331212992,1.9844674545084815,completed,True,COMPLETE
206,1.6942339276564242,2026-06-11 14:47:11.509529,2026-06-11 14:47:34.318859,0 days 00:00:22.809330,,,,,,18.0,sqrt,3.0,4.0,445.0,,,,,ExtraTreesRegressor,,,,,,6,,,,,,,,True,0.003377124754700203,0.012746433050910968,98.0,0.008061778902805586,0.004684654148105383,0.02348827648427605,1.9844674545084815,1.672122078844638,1.7163457764682104,98.0,1.6942339276564242,0.022111848811786208,0.1108660750719013,1.9844674545084815,0.25214474921593616,0.2702898193505698,98.0,0.26121728428325297,0.00907253506731682,0.04548856870482335,1.9844674545084815,5.738375370862322,5.974896018770494,98.0,5.856635694816408,0.11826032395408627,0.592942637457459,1.9844674545084815,1.302046047249319,1.3528260608986011,98.0,1.32743605407396,0.025390006824641105,0.12730235389436703,1.9844674545084815,99.0,0.1717171717171717,0.024420651616446732,0.03881191633993966,98.0,0.031616283978193195,0.007195632361746463,0.03607801068095052,1.9844674545084815,ExtraTreesRegressor,"{'mode': 'original', 'type': 'ExtraTreesRegressor'}",6,"['nodes_T2W30', 'edges_T2W30', 're_T2W30', 'l1_T2W30', 'l3_T2W30', 'lsc_T2W30']",0.17778625953168958,0.224110819799254,98.0,0.2009485396654718,0.023162280133782225,0.11613280779938866,1.9844674545084815,2.161667604594829,2.2307819915416935,98.0,2.196224798068261,0.03455719347343239,0.17326549392186644,1.9844674545084815,completed,True,COMPLETE
207,1.6942613327894083,2026-06-11 14:47:34.337219,2026-06-11 14:47:57.042201,0 days 00:00:22.704982,,,,,,18.0,sqrt,3.0,4.0,446.0,,,,,ExtraTreesRegressor,,,,,,6,,,,,,,,True,0.0033563305785390025,0.012731965656568037,98.0,0.00804414811755352,0.004687817539014517,0.02350413733503525,1.9844674545084815,1.6721556448687394,1.7163670207100772,98.0,1.6942613327894083,0.022105687920668925,0.1108351851258397,1.9844674545084815,0.252146522816453,0.2702911521957432,98.0,0.2612188375060981,0.00907231468964508,0.045487463758434335,1.9844674545084815,5.73821593741774,5.974801937296801,98.0,5.856508937357271,0.11829299993953014,0.5931064708069951,1.9844674545084815,1.3019807554941036,1.3527264093790579,98.0,1.3273535824365807,0.025372826942477084,0.12721621609006423,1.9844674545084815,99.0,0.16161616161616163,0.02441793844959477,0.03882129742530938,98.0,0.03161961793745208,0.007201679487857306,0.03610833022334069,1.9844674545084815,ExtraTreesRegressor,"{'mode': 'original', 'type': 'ExtraTreesRegressor'}",6,"['nodes_T2W30', 'edges_T2W30', 're_T2W30', 'l1_T2W30', 'l3_T2W30', 'lsc_T2W30']",0.17800952931821995,0.22442062233952842,98.0,0.20121507582887418,0.02320554651065424,0.11634974006168892,1.9844674545084815,2.1616632587533364,2.2307745463243775,98.0,2.196218902538857,0.034555643785520604,0.17325772397834754,1.9844674545084815,completed,True,COMPLETE
208,1.6924668064110189,2026-06-11 14:47:57.063279,2026-06-11 14:48:00.769548,0 days 00:00:03.706269,,,,,,18.0,sqrt,3.0,4.0,445.0,,,,,ExtraTreesRegressor,,,,,,7,,,,,,,,True,,,,,,,,,,,,,,,,,,,,,,,,,,,,,,,,,,,,,,,,,,,,,ExtraTreesRegressor,"{'mode': 'original', 'type': 'ExtraTreesRegressor'}",7,"['nodes_T2W30', 'edges_T2W30', 're_T2W30', 'l1_T2W30', 'l3_T2W30', 'lsc_T2W30', 'atd_T2W30']",,,,,,,,,,,,,,,pruned,True,PRUNED
209,1.6942613327894083,2026-06-11 14:48:00.780873,2026-06-11 14:48:23.456009,0 days 00:00:22.675136,,,,,,18.0,sqrt,3.0,4.0,446.0,,,,,ExtraTreesRegressor,,,,,,6,,,,,,,,True,0.0033563305785390025,0.012731965656568037,98.0,0.00804414811755352,0.004687817539014517,0.02350413733503525,1.9844674545084815,1.6721556448687394,1.7163670207100772,98.0,1.6942613327894083,0.022105687920668925,0.1108351851258397,1.9844674545084815,0.252146522816453,0.2702911521957432,98.0,0.2612188375060981,0.00907231468964508,0.045487463758434335,1.9844674545084815,5.73821593741774,5.974801937296801,98.0,5.856508937357271,0.11829299993953014,0.5931064708069951,1.9844674545084815,1.3019807554941036,1.3527264093790579,98.0,1.3273535824365807,0.025372826942477084,0.12721621609006423,1.9844674545084815,99.0,0.16161616161616163,0.02441793844959477,0.03882129742530938,98.0,0.03161961793745208,0.007201679487857306,0.03610833022334069,1.9844674545084815,ExtraTreesRegressor,"{'mode': 'original', 'type': 'ExtraTreesRegressor'}",6,"['nodes_T2W30', 'edges_T2W30', 're_T2W30', 'l1_T2W30', 'l3_T2W30', 'lsc_T2W30']",0.17800952931821995,0.22442062233952842,98.0,0.20121507582887418,0.02320554651065424,0.11634974006168892,1.9844674545084815,2.1616632587533364,2.2307745463243775,98.0,2.196218902538857,0.034555643785520604,0.17325772397834754,1.9844674545084815,completed,True,COMPLETE
210,1.6894211377639121,2026-06-11 14:48:23.545205,2026-06-11 14:48:36.272523,0 days 00:00:12.727318,,,,,,17.0,sqrt,3.0,4.0,446.0,,,,,ExtraTreesRegressor,,,,,,5,,,,,,,,True,,,,,,,,,,,,,,,,,,,,,,,,,,,,,,,,,,,,,,,,,,,,,ExtraTreesRegressor,"{'mode': 'original', 'type': 'ExtraTreesRegressor'}",5,"['edges_T2W30', 're_T2W30', 'l1_T2W30', 'l3_T2W30', 'lsc_T2W30']",,,,,,,,,,,,,,,pruned,True,PRUNED
211,1.69451772238299,2026-06-11 14:48:36.284613,2026-06-11 14:48:58.533620,0 days 00:00:22.249007,,,,,,19.0,sqrt,3.0,4.0,436.0,,,,,ExtraTreesRegressor,,,,,,6,,,,,,,,True,0.003213856925243957,0.012575888823980743,98.0,0.00789487287461235,0.004681015949368393,0.023470035005793855,1.9844674545084815,1.672409462969464,1.716625981796516,98.0,1.69451772238299,0.022108259413526055,0.11084807827297415,1.9844674545084815,0.25218729351317754,0.2703343697693746,98.0,0.26126083164127606,0.009073538128098538,0.04549359792752084,1.9844674545084815,5.73924284779091,5.975720747755686,98.0,5.857481797773298,0.11823894998238774,0.5928354710069698,1.9844674545084815,1.303041608955302,1.3539274905954186,98.0,1.3284845497753603,0.02544294082005822,0.12756775840032772,1.9844674545084815,99.0,0.1717171717171717,0.024223763887656798,0.038598762012190334,98.0,0.031411262949923566,0.007187499062266768,0.03603723132331411,1.9844674545084815,ExtraTreesRegressor,"{'mode': 'original', 'type': 'ExtraTreesRegressor'}",6,"['nodes_T2W30', 'edges_T2W30', 're_T2W30', 'l1_T2W30', 'l3_T2W30', 'lsc_T2W30']",0.1768104969789405,0.2232407780985793,98.0,0.2000256375387599,0.02321514055981941,0.1163978434375777,1.9844674545084815,2.161902479982208,2.2310091211662417,98.0,2.196455800574225,0.034553320592016934,0.17324607577346077,1.9844674545084815,completed,True,COMPLETE
212,1.6943570745025145,2026-06-11 14:48:58.546891,2026-06-11 14:49:21.530851,0 days 00:00:22.983960,,,,,,18.0,sqrt,3.0,4.0,455.0,,,,,ExtraTreesRegressor,,,,,,6,,,,,,,,True,0.0033001786576446106,0.012683765064548286,98.0,0.007991971861096448,0.0046917932034518375,0.023524070824799966,1.9844674545084815,1.6722289961611172,1.7164851528439118,98.0,1.6943570745025145,0.022128078341397402,0.11094744792604713,1.9844674545084815,0.25216974269142645,0.27032494931862694,98.0,0.2612473460050267,0.009077603313600257,0.045513980264830174,1.9844674545084815,5.739657086950826,5.976419865723868,98.0,5.858038476337347,0.11838138938652044,0.5935496445618901,1.9844674545084815,1.3017067512238174,1.3524245762897433,98.0,1.3270656637567804,0.02535891253296307,0.12714645096174354,1.9844674545084815,99.0,0.16161616161616163,0.024281579576643158,0.03868465487783427,98.0,0.03148311722723871,0.007201537650595555,0.036107619068853194,1.9844674545084815,ExtraTreesRegressor,"{'mode': 'original', 'type': 'ExtraTreesRegressor'}",6,"['nodes_T2W30', 'edges_T2W30', 're_T2W30', 'l1_T2W30', 'l3_T2W30', 'lsc_T2W30']",0.17702938167320956,0.2236500977722973,98.0,0.20033973972275343,0.023310358049543876,0.11687525215422576,1.9844674545084815,2.1618101385360333,2.2309475535344605,98.0,2.196378846035247,0.034568707499213695,0.17332322382303916,1.9844674545084815,completed,True,COMPLETE
213,1.694251268962763,2026-06-11 14:49:21.544741,2026-06-11 14:49:44.669600,0 days 00:00:23.124859,,,,,,18.0,sqrt,3.0,4.0,453.0,,,,,ExtraTreesRegressor,,,,,,6,,,,,,,,True,0.003357533095569302,0.01274541542418673,98.0,0.008051474259878016,0.004693941164308714,0.023534840434869073,1.9844674545084815,1.6721346451454222,1.7163678927801036,98.0,1.694251268962763,0.02211662381734067,0.11089001635916207,1.9844674545084815,0.25215080332636014,0.27030303950292117,98.0,0.26122692141464066,0.009076118088280523,0.045506533528774866,1.9844674545084815,5.739503967479508,5.976321390033674,98.0,5.857912678756591,0.11840871127708305,0.5936866331419045,1.9844674545084815,1.3017196174421777,1.352327309235981,98.0,1.3270234633390794,0.025303845896901708,0.12687035365936503,1.9844674545084815,99.0,0.16161616161616163,0.02441099840603157,0.03880663323992321,98.0,0.03160881582297739,0.007197817416945824,0.036088966277464885,1.9844674545084815,ExtraTreesRegressor,"{'mode': 'original', 'type': 'ExtraTreesRegressor'}",6,"['nodes_T2W30', 'edges_T2W30', 're_T2W30', 'l1_T2W30', 'l3_T2W30', 'lsc_T2W30']",0.17766988649641982,0.22416168754157248,98.0,0.20091578701899615,0.023245900522576333,0.11655207008634169,1.9844674545084815,2.161674171381765,2.230793745351624,98.0,2.1962339583666943,0.03455978698492954,0.17327849746773863,1.9844674545084815,completed,True,COMPLETE
214,1.6943570745025145,2026-06-11 14:49:44.682279,2026-06-11 14:50:07.691896,0 days 00:00:23.009617,,,,,,18.0,sqrt,3.0,4.0,455.0,,,,,ExtraTreesRegressor,,,,,,6,,,,,,,,True,0.0033001786576446106,0.012683765064548286,98.0,0.007991971861096448,0.0046917932034518375,0.023524070824799966,1.9844674545084815,1.6722289961611172,1.7164851528439118,98.0,1.6943570745025145,0.022128078341397402,0.11094744792604713,1.9844674545084815,0.25216974269142645,0.27032494931862694,98.0,0.2612473460050267,0.009077603313600257,0.045513980264830174,1.9844674545084815,5.739657086950826,5.976419865723868,98.0,5.858038476337347,0.11838138938652044,0.5935496445618901,1.9844674545084815,1.3017067512238174,1.3524245762897433,98.0,1.3270656637567804,0.02535891253296307,0.12714645096174354,1.9844674545084815,99.0,0.16161616161616163,0.024281579576643158,0.03868465487783427,98.0,0.03148311722723871,0.007201537650595555,0.036107619068853194,1.9844674545084815,ExtraTreesRegressor,"{'mode': 'original', 'type': 'ExtraTreesRegressor'}",6,"['nodes_T2W30', 'edges_T2W30', 're_T2W30', 'l1_T2W30', 'l3_T2W30', 'lsc_T2W30']",0.17702938167320956,0.2236500977722973,98.0,0.20033973972275343,0.023310358049543876,0.11687525215422576,1.9844674545084815,2.1618101385360333,2.2309475535344605,98.0,2.196378846035247,0.034568707499213695,0.17332322382303916,1.9844674545084815,completed,True,COMPLETE
215,1.6942986465752365,2026-06-11 14:50:07.757652,2026-06-11 14:50:30.786758,0 days 00:00:23.029106,,,,,,17.0,sqrt,3.0,4.0,450.0,,,,,ExtraTreesRegressor,,,,,,6,,,,,,,,True,0.0033341824385531857,0.012712977751263656,98.0,0.00802358009490842,0.004689397656355235,0.023512059847947197,1.9844674545084815,1.672185309823628,1.7164119833268452,98.0,1.6942986465752365,0.02211333675160875,0.11087353541813796,1.9844674545084815,0.2521589599429321,0.27030934843116344,98.0,0.26123415418704776,0.009075194244115667,0.04550190148839654,1.9844674545084815,5.739907377217961,5.976737862804277,98.0,5.858322620011119,0.11841524279315757,0.5937193813556615,1.9844674545084815,1.3013103077532322,1.351865255902843,98.0,1.3265877818280376,0.025277474074805455,0.12673812860513312,1.9844674545084815,99.0,0.15151515151515152,0.024306093828529718,0.03870957649350966,98.0,0.03150783516101969,0.007201741332489969,0.0361086403046797,1.9844674545084815,ExtraTreesRegressor,"{'mode': 'original', 'type': 'ExtraTreesRegressor'}",6,"['nodes_T2W30', 'edges_T2W30', 're_T2W30', 'l1_T2W30', 'l3_T2W30', 'lsc_T2W30']",0.1776821881380599,0.22403743468039014,98.0,0.20085981140922501,0.023177623271165126,0.11620973639253392,1.9844674545084815,2.1617861539296763,2.2309094651786,98.0,2.196347809554138,0.03456165562446195,0.17328786659523432,1.9844674545084815,completed,True,COMPLETE
216,1.6943379164873824,2026-06-11 14:50:30.800036,2026-06-11 14:50:53.555782,0 days 00:00:22.755746,,,,,,17.0,sqrt,3.0,4.0,448.0,,,,,ExtraTreesRegressor,,,,,,6,,,,,,,,True,0.0033114173935122415,0.012691024590703984,98.0,0.008001220992108113,0.004689803598595871,0.0235140951921334,1.9844674545084815,1.6722205212495278,1.716455311725237,98.0,1.6943379164873824,0.022117395237854658,0.11089388416620724,1.9844674545084815,0.2521595633477827,0.2703098720840938,98.0,0.26123471771593826,0.009075154368155538,0.045501701555264444,1.9844674545084815,5.739799542492711,5.9766207293473235,98.0,5.858210135920017,0.11841059342730667,0.5936960700103349,1.9844674545084815,1.3017493967885603,1.352356604961014,98.0,1.3270530008747872,0.02530360408622681,0.12686914125054907,1.9844674545084815,99.0,0.16161616161616163,0.0242872242033151,0.038693025052635985,98.0,0.03149012462797554,0.007202900424660441,0.036114451849461895,1.9844674545084815,ExtraTreesRegressor,"{'mode': 'original', 'type': 'ExtraTreesRegressor'}",6,"['nodes_T2W30', 'edges_T2W30', 're_T2W30', 'l1_T2W30', 'l3_T2W30', 'lsc_T2W30']",0.1777432311928516,0.2240663317803843,98.0,0.20090478148661794,0.02316155029376635,0.11612914847181822,1.9844674545084815,2.161804654595029,2.230931728723326,98.0,2.1963681916591775,0.034563537064148504,0.17329729990111967,1.9844674545084815,completed,True,COMPLETE
217,1.6942934799671476,2026-06-11 14:50:53.569276,2026-06-11 14:51:16.204904,0 days 00:00:22.635628,,,,,,17.0,sqrt,3.0,4.0,446.0,,,,,ExtraTreesRegressor,,,,,,6,,,,,,,,True,0.003338867019746893,0.012712011869693344,98.0,0.008025439444720119,0.004686572424973226,0.023497894487232253,1.9844674545084815,1.6721881218130272,1.716398838121268,98.0,1.6942934799671476,0.022105358154120326,0.11083353171715168,1.9844674545084815,0.2521500087212427,0.2702942461255571,98.0,0.2612221274233999,0.009072118702157211,0.04548648110141058,1.9844674545084815,5.737993794309605,5.974549250647246,98.0,5.856271522478425,0.11827772816882066,0.5930299000375234,1.9844674545084815,1.301994117075301,1.3527435888164452,98.0,1.3273688529458731,0.025374735870572106,0.12722578721942981,1.9844674545084815,99.0,0.16161616161616163,0.024399214245393906,0.03880056495271864,98.0,0.031599889599056276,0.0072006753536623695,0.036103295618682085,1.9844674545084815,ExtraTreesRegressor,"{'mode': 'original', 'type': 'ExtraTreesRegressor'}",6,"['nodes_T2W30', 'edges_T2W30', 're_T2W30', 'l1_T2W30', 'l3_T2W30', 'lsc_T2W30']",0.17790556402587757,0.22434706294966397,98.0,0.20112631348777077,0.0232207494618932,0.11642596577884716,1.9844674545084815,2.1616872372229032,2.2307944093112297,98.0,2.1962408232670665,0.034553586044163115,0.1732474067176897,1.9844674545084815,completed,True,COMPLETE
