number,value,datetime_start,datetime_complete,duration,params_dt_max_depth,params_dt_min_samples_leaf,params_dt_min_samples_split,params_elastic_alpha,params_elastic_l1_ratio,params_et_max_depth,params_et_max_features,params_et_min_samples_leaf,params_et_min_samples_split,params_et_n_estimators,params_knn_metric,params_knn_n_neighbors,params_knn_weights,params_quantile_alpha,params_regressor,params_rf_max_depth,params_rf_max_features,params_rf_min_samples_leaf,params_rf_min_samples_split,params_rf_n_estimators,params_rfe_n_features,params_rfe_proxy_et_max_depth,params_rfe_proxy_et_min_samples_leaf,params_rfe_proxy_et_min_samples_split,params_rfe_proxy_et_n_estimators,params_rfe_proxy_lsvr_C,params_rfe_proxy_lsvr_epsilon,params_rfe_proxy_type,params_use_scaler,user_attrs_d2mae_ci_lower_val,user_attrs_d2mae_ci_upper_val,user_attrs_d2mae_df_val,user_attrs_d2mae_mean_val,user_attrs_d2mae_samperror_val,user_attrs_d2mae_std_val,user_attrs_d2mae_t_critical_val,user_attrs_mae_ci_lower_val,user_attrs_mae_ci_upper_val,user_attrs_mae_df_val,user_attrs_mae_mean_val,user_attrs_mae_samperror_val,user_attrs_mae_std_val,user_attrs_mae_t_critical_val,user_attrs_mape_ci_lower_val,user_attrs_mape_ci_upper_val,user_attrs_mape_df_val,user_attrs_mape_mean_val,user_attrs_mape_samperror_val,user_attrs_mape_std_val,user_attrs_mape_t_critical_val,user_attrs_max_error_ci_lower_val,user_attrs_max_error_ci_upper_val,user_attrs_max_error_df_val,user_attrs_max_error_mean_val,user_attrs_max_error_samperror_val,user_attrs_max_error_std_val,user_attrs_max_error_t_critical_val,user_attrs_median_ae_ci_lower_val,user_attrs_median_ae_ci_upper_val,user_attrs_median_ae_df_val,user_attrs_median_ae_mean_val,user_attrs_median_ae_samperror_val,user_attrs_median_ae_std_val,user_attrs_median_ae_t_critical_val,user_attrs_n_splits_val,user_attrs_r2_below_zero_val,user_attrs_r2_ci_lower_val,user_attrs_r2_ci_upper_val,user_attrs_r2_df_val,user_attrs_r2_mean_val,user_attrs_r2_samperror_val,user_attrs_r2_std_val,user_attrs_r2_t_critical_val,user_attrs_regressor_final,user_attrs_rfe_estimator,user_attrs_rfe_n_features,user_attrs_rfe_selected_features,user_attrs_rho_ci_lower_val,user_attrs_rho_ci_upper_val,user_attrs_rho_df_val,user_attrs_rho_mean_val,user_attrs_rho_samperror_val,user_attrs_rho_std_val,user_attrs_rho_t_critical_val,user_attrs_rmse_ci_lower_val,user_attrs_rmse_ci_upper_val,user_attrs_rmse_df_val,user_attrs_rmse_mean_val,user_attrs_rmse_samperror_val,user_attrs_rmse_std_val,user_attrs_rmse_t_critical_val,user_attrs_termination_reason,user_attrs_use_scaler_final,state
169,1.6973740307535718,2026-06-11 14:35:59.747897,2026-06-11 14:36:22.076950,0 days 00:00:22.329053,,,,,,20.0,log2,3.0,6.0,414.0,,,,,ExtraTreesRegressor,,,,,,5,,,,,,,,True,0.0011522218406096177,0.01128795689881424,98.0,0.006220089369711928,0.005067867529102311,0.025409660979430367,1.9844674545084815,1.6749809143983034,1.7197671471088403,98.0,1.6973740307535718,0.022393116355268416,0.11227631574677271,1.9844674545084815,0.2525362634057704,0.27072840547773547,98.0,0.26163233444175293,0.009096071035982508,0.045606575140702627,1.9844674545084815,5.739098307307711,5.976222862272073,98.0,5.857660584789892,0.1185622774821811,0.5944565951006635,1.9844674545084815,1.2953621446720835,1.339605706869479,98.0,1.3174839257707813,0.022121781098697717,0.11091587433001579,1.9844674545084815,99.0,0.1717171717171717,0.023797535931803334,0.038394089302220165,98.0,0.03109581261701175,0.007298276685208416,0.036592656623381695,1.9844674545084815,ExtraTreesRegressor,"{'mode': 'original', 'type': 'ExtraTreesRegressor'}",5,"['edges_T2W30', 're_T2W30', 'l1_T2W30', 'l3_T2W30', 'lsc_T2W30']",0.17307775542282453,0.22007623541692126,98.0,0.1965769954198729,0.023499239997048376,0.11782228287743686,1.9844674545084815,2.1623612537992054,2.230964346811305,98.0,2.1966628003052553,0.03430154650605011,0.17198371164671808,1.9844674545084815,completed,True,COMPLETE
170,1.6949067430578302,2026-06-11 14:36:22.091337,2026-06-11 14:36:43.075900,0 days 00:00:20.984563,,,,,,20.0,log2,3.0,5.0,387.0,,,,,ExtraTreesRegressor,,,,,,6,,,,,,,,True,0.0029775203482226894,0.012366092650249615,98.0,0.007671806499236152,0.004694286151013463,0.023536570155537527,1.9844674545084815,1.6727752542618262,1.7170382318538342,98.0,1.6949067430578302,0.022131488796004014,0.1109645475236278,1.9844674545084815,0.252235318187115,0.27038727972266086,98.0,0.2613112989548879,0.009075980767772955,0.0455058450207342,1.9844674545084815,5.733437666504689,5.968928361118727,98.0,5.851183013811708,0.11774534730701867,0.5903606082431656,1.9844674545084815,1.30293852905632,1.3543682163503987,98.0,1.3286533727033594,0.025714843647039257,0.12893104554492296,1.9844674545084815,99.0,0.1717171717171717,0.02432229909148932,0.03883295505432563,98.0,0.031577627072907476,0.007255327981418154,0.03637731713462244,1.9844674545084815,ExtraTreesRegressor,"{'mode': 'original', 'type': 'ExtraTreesRegressor'}",6,"['nodes_T2W30', 'edges_T2W30', 're_T2W30', 'l1_T2W30', 'l3_T2W30', 'lsc_T2W30']",0.1763998052683321,0.22301402919234892,98.0,0.1997069172303405,0.02330711196200842,0.11685897667281038,1.9844674545084815,2.1616842423089446,2.2308621902954,98.0,2.1962732163021723,0.034588973993227766,0.17342483751739518,1.9844674545084815,completed,True,COMPLETE
171,1.6948583222741367,2026-06-11 14:36:43.088543,2026-06-11 14:37:03.921951,0 days 00:00:20.833408,,,,,,20.0,log2,3.0,5.0,386.0,,,,,ExtraTreesRegressor,,,,,,6,,,,,,,,True,0.003006854040678484,0.012392321438989416,98.0,0.00769958773983395,0.004692733699155466,0.023528786353934177,1.9844674545084815,1.6727322126612671,1.7169844318870062,98.0,1.6948583222741367,0.022126109612869645,0.11093757696470816,1.9844674545084815,0.25222698963871576,0.27037630574305777,98.0,0.26130164769088676,0.00907465805217101,0.04549921308830411,1.9844674545084815,5.73320091079341,5.968365225250959,98.0,5.850783068022184,0.11758215722877464,0.5895423933747667,1.9844674545084815,1.3027574159752118,1.3542945529078319,98.0,1.3285259844415218,0.02576856846631012,0.1292004151438745,1.9844674545084815,99.0,0.1717171717171717,0.02440398544697754,0.03890326962021533,98.0,0.031653627533596435,0.007249642086618892,0.03634880876135019,1.9844674545084815,ExtraTreesRegressor,"{'mode': 'original', 'type': 'ExtraTreesRegressor'}",6,"['nodes_T2W30', 'edges_T2W30', 're_T2W30', 'l1_T2W30', 'l3_T2W30', 'lsc_T2W30']",0.17696697188902885,0.22345889659108217,98.0,0.2002129342400555,0.023245962351026658,0.11655238008654446,1.9844674545084815,2.1616063285567533,2.230762161427058,98.0,2.1961842449919056,0.03457791643515244,0.1733693962888428,1.9844674545084815,completed,True,COMPLETE
172,1.6949584250101928,2026-06-11 14:37:03.934596,2026-06-11 14:37:24.960393,0 days 00:00:21.025797,,,,,,20.0,log2,3.0,5.0,388.0,,,,,ExtraTreesRegressor,,,,,,6,,,,,,,,True,0.0029471119849029436,0.012332486685134151,98.0,0.007639799335018548,0.004692687350115604,0.023528553965580918,1.9844674545084815,1.6728355070118706,1.717081343008515,98.0,1.6949584250101928,0.022122917998322177,0.11092157460411714,1.9844674545084815,0.2522438004473162,0.2703941936608941,98.0,0.26131899705410516,0.009075196606788946,0.04550191333454814,1.9844674545084815,5.733753342825501,5.96914139245842,98.0,5.851447367641961,0.11769402481645903,0.5901032836232437,1.9844674545084815,1.302901551498781,1.3541916000683647,98.0,1.3285465757835728,0.02564502428479179,0.12858097989811582,1.9844674545084815,99.0,0.1717171717171717,0.02431686324287232,0.03882290753960505,98.0,0.031569885391238686,0.0072530221483663665,0.03636575597289423,1.9844674545084815,ExtraTreesRegressor,"{'mode': 'original', 'type': 'ExtraTreesRegressor'}",6,"['nodes_T2W30', 'edges_T2W30', 're_T2W30', 'l1_T2W30', 'l3_T2W30', 'lsc_T2W30']",0.1765641204808321,0.22314951080409468,98.0,0.19985681564246338,0.023292695161631308,0.11678669261883956,1.9844674545084815,2.161696483942804,2.230864327001595,98.0,2.1962804054721996,0.034583921529395455,0.1733995050886463,1.9844674545084815,completed,True,COMPLETE
173,1.694927995936818,2026-06-11 14:37:24.974205,2026-06-11 14:37:46.110244,0 days 00:00:21.136039,,,,,,20.0,log2,3.0,5.0,390.0,,,,,ExtraTreesRegressor,,,,,,6,,,,,,,,True,0.002963196813411878,0.012349214002731989,98.0,0.007656205408071934,0.004693008594660056,0.023530164645994157,1.9844674545084815,1.6728123319595274,1.7170436599141086,98.0,1.694927995936818,0.022115663977290635,0.11088520383986755,1.9844674545084815,0.2522379047269275,0.2703836353676338,98.0,0.26131077004728065,0.009072865320353158,0.045490224552700714,1.9844674545084815,5.734260245126125,5.969646403740786,98.0,5.851953324433455,0.11769307930733033,0.5900985429574163,1.9844674545084815,1.3026171249817007,1.3538849078717963,98.0,1.3282510164267485,0.0256338914450478,0.1285251612165878,1.9844674545084815,99.0,0.1717171717171717,0.024371325366547646,0.03888807191266259,98.0,0.03162969863960512,0.007258373273057469,0.036392585850249695,1.9844674545084815,ExtraTreesRegressor,"{'mode': 'original', 'type': 'ExtraTreesRegressor'}",6,"['nodes_T2W30', 'edges_T2W30', 're_T2W30', 'l1_T2W30', 'l3_T2W30', 'lsc_T2W30']",0.17636196375299243,0.22295506625855474,98.0,0.19965851500577358,0.023296551252781152,0.11680602658293011,1.9844674545084815,2.161625014971299,2.230802253805679,98.0,2.196213634388489,0.03458861941718991,0.1734230597169966,1.9844674545084815,completed,True,COMPLETE
174,1.6950139537995472,2026-06-11 14:37:46.122769,2026-06-11 14:38:07.138210,0 days 00:00:21.015441,,,,,,20.0,log2,3.0,5.0,389.0,,,,,ExtraTreesRegressor,,,,,,6,,,,,,,,True,0.00290975350151237,0.012302412650679186,98.0,0.007606083076095778,0.004696329574583408,0.023546815628579493,1.9844674545084815,1.6728935175990296,1.7171343900000648,98.0,1.6950139537995472,0.022120436200517637,0.11090913117688256,1.9844674545084815,0.2522539809262588,0.2704013504079284,98.0,0.2613276656670936,0.009073684740834784,0.045494333025646816,1.9844674545084815,5.7344484661509485,5.969884353697926,98.0,5.852166409924437,0.1177179437734883,0.5902232103154087,1.9844674545084815,1.302837499226944,1.3541447845121364,98.0,1.3284911418695402,0.0256536426425961,0.12862419127819813,1.9844674545084815,99.0,0.1717171717171717,0.024242167293171184,0.03877099415377636,98.0,0.03150658072347377,0.0072644134303025895,0.036422870451609066,1.9844674545084815,ExtraTreesRegressor,"{'mode': 'original', 'type': 'ExtraTreesRegressor'}",6,"['nodes_T2W30', 'edges_T2W30', 're_T2W30', 'l1_T2W30', 'l3_T2W30', 'lsc_T2W30']",0.1758527788564872,0.22262060895681307,98.0,0.19923669390665014,0.023383915050162945,0.11724405785754399,1.9844674545084815,2.1617624873612904,2.2309394700421405,98.0,2.1963509787017155,0.034588491340425194,0.17342241755593926,1.9844674545084815,completed,True,COMPLETE
175,1.694708728624504,2026-06-11 14:38:07.183836,2026-06-11 14:38:29.826624,0 days 00:00:22.642788,,,,,,20.0,log2,3.0,5.0,418.0,,,,,ExtraTreesRegressor,,,,,,6,,,,,,,,True,0.003059580492283616,0.012491202378021204,98.0,0.00777539143515241,0.004715810942868794,0.023644492799639007,1.9844674545084815,1.6726184395134296,1.7167990177355783,98.0,1.694708728624504,0.022090289111074333,0.11075797739911077,1.9844674545084815,0.25220395285487607,0.27034536744220217,98.0,0.2612746601485391,0.009070707293663058,0.045479404473788794,1.9844674545084815,5.73682354146433,5.972949113425407,98.0,5.854886327444868,0.11806278598053858,0.5919522064902748,1.9844674545084815,1.3036741203926925,1.3544108116660547,98.0,1.3290424660293736,0.025368345636681087,0.1271937473770666,1.9844674545084815,99.0,0.1717171717171717,0.024303898921238215,0.03880364147388503,98.0,0.03155377019756162,0.007249871276323406,0.03634995789018164,1.9844674545084815,ExtraTreesRegressor,"{'mode': 'original', 'type': 'ExtraTreesRegressor'}",6,"['nodes_T2W30', 'edges_T2W30', 're_T2W30', 'l1_T2W30', 'l3_T2W30', 'lsc_T2W30']",0.17749925151042648,0.2239497292251448,98.0,0.20072449036778564,0.02322523885735917,0.11644847505244948,1.9844674545084815,2.1617238630868125,2.230849136826491,98.0,2.196286499956652,0.03456263686983934,0.17329278643819268,1.9844674545084815,completed,True,COMPLETE
176,2.196918463519807,2026-06-11 14:38:29.841063,2026-06-11 14:38:29.967815,0 days 00:00:00.126752,7.0,4.0,15.0,,,,,,,,,,,,DecisionTreeRegressor,,,,,,6,,,,,,,,True,,,,,,,,,,,,,,,,,,,,,,,,,,,,,,,,,,,,,,,,,,,,,DecisionTreeRegressor,"{'mode': 'original', 'type': 'DecisionTreeRegressor'}",6,"['nodes_T2W30', 'edges_T2W30', 're_T2W30', 'lsc_T2W30', 'atd_T2W30', 'asp_T2W30']",,,,,,,,,,,,,,,pruned,True,PRUNED
177,1.694596690370388,2026-06-11 14:38:29.978714,2026-06-11 14:38:52.754224,0 days 00:00:22.775510,,,,,,20.0,log2,3.0,5.0,424.0,,,,,ExtraTreesRegressor,,,,,,6,,,,,,,,True,0.0031490380754955923,0.012535939659340755,98.0,0.007842488867418174,0.004693450791922581,0.023532381768375965,1.9844674545084815,1.672511988180591,1.716681392560185,98.0,1.694596690370388,0.022084702189797037,0.11072996526683625,1.9844674545084815,0.252194397993487,0.27034106831764937,98.0,0.26126773315556817,0.00907333516208122,0.04549258028101356,1.9844674545084815,5.737177843980461,5.9735643865753625,98.0,5.8553711152779115,0.11819327129745097,0.5926064437303955,1.9844674545084815,1.3036038731318158,1.3545390034746718,98.0,1.3290714383032438,0.02546756517142795,0.1276912218524701,1.9844674545084815,99.0,0.16161616161616163,0.02425723565280538,0.03870253505442449,98.0,0.031479885353614935,0.007222649700809553,0.03621347227741435,1.9844674545084815,ExtraTreesRegressor,"{'mode': 'original', 'type': 'ExtraTreesRegressor'}",6,"['nodes_T2W30', 'edges_T2W30', 're_T2W30', 'l1_T2W30', 'l3_T2W30', 'lsc_T2W30']",0.17771389350018396,0.22407777368240295,98.0,0.20089583359129345,0.0231819400911095,0.11623138039381568,1.9844674545084815,2.1618156283756393,2.230930483626019,98.0,2.196373056000829,0.03455742762518985,0.17326666792981765,1.9844674545084815,completed,True,COMPLETE
178,1.7561147847609142,2026-06-11 14:38:52.767213,2026-06-11 14:38:55.468499,0 days 00:00:02.701286,,,,,,2.0,log2,3.0,5.0,420.0,,,,,ExtraTreesRegressor,,,,,,5,,,,,,,,True,,,,,,,,,,,,,,,,,,,,,,,,,,,,,,,,,,,,,,,,,,,,,ExtraTreesRegressor,"{'mode': 'original', 'type': 'ExtraTreesRegressor'}",5,"['edges_T2W30', 're_T2W30', 'l3_T2W30', 'diameter_T2W30', 'asp_T2W30']",,,,,,,,,,,,,,,pruned,True,PRUNED
179,1.7553094543316503,2026-06-11 14:38:55.478632,2026-06-11 14:38:55.740222,0 days 00:00:00.261590,,,,,,,,,,,minkowski,14.0,distance,,KNeighborsRegressor,,,,,,6,,,,,0.0015920458643634203,0.1416523273291543,LinearSVR,,,,,,,,,,,,,,,,,,,,,,,,,,,,,,,,,,,,,,,,,,,,,,KNeighborsRegressor,"{'mode': 'proxy', 'type': 'LinearSVR'}",6,"['nodes_T2W30', 'edges_T2W30', 'lcc_T2W30', 'lsc_T2W30', 'diameter_T2W30', 'asp_T2W30']",,,,,,,,,,,,,,,pruned,True,PRUNED
180,1.6942517797182837,2026-06-11 14:38:55.749985,2026-06-11 14:39:18.701916,0 days 00:00:22.951931,,,,,,20.0,sqrt,3.0,5.0,450.0,,,,,ExtraTreesRegressor,,,,,,6,,,,,,,,True,0.003358881145891189,0.012741211040078877,98.0,0.008050046092985033,0.004691164947093844,0.023520920825125916,1.9844674545084815,1.672142519730439,1.7163610397061284,98.0,1.6942517797182837,0.022109259987844666,0.11085309502885315,1.9844674545084815,0.25215382114515433,0.27030288646388817,98.0,0.26122835380452125,0.0090745326593669,0.04549858438429332,1.9844674545084815,5.74004165864462,5.976849995616296,98.0,5.858445827130458,0.11840416848583755,0.5936638561484678,1.9844674545084815,1.3014131047171562,1.3519771174508992,98.0,1.3266951110840277,0.025282006366871414,0.1267608529569822,1.9844674545084815,99.0,0.15151515151515152,0.02433840810916705,0.03874720789114853,98.0,0.03154280800015779,0.0072043998909907415,0.03612196998818281,1.9844674545084815,ExtraTreesRegressor,"{'mode': 'original', 'type': 'ExtraTreesRegressor'}",6,"['nodes_T2W30', 'edges_T2W30', 're_T2W30', 'l1_T2W30', 'l3_T2W30', 'lsc_T2W30']",0.17776872261900903,0.2241622502823523,98.0,0.20096548645068066,0.023196763831671623,0.11630570479554236,1.9844674545084815,2.1617492226573836,2.230861274640123,98.0,2.1963052486487533,0.0345560259913697,0.17325964031120236,1.9844674545084815,completed,True,COMPLETE
181,1.6943722249853619,2026-06-11 14:39:18.719980,2026-06-11 14:39:41.829649,0 days 00:00:23.109669,,,,,,20.0,sqrt,3.0,5.0,456.0,,,,,ExtraTreesRegressor,,,,,,6,,,,,,,,True,0.0032831891634246563,0.012678279747666698,98.0,0.007980734455545677,0.004697545292121021,0.02355291108594891,1.9844674545084815,1.6722528593553423,1.7164915906153815,98.0,1.6943722249853619,0.02211936563001959,0.11090376346881725,1.9844674545084815,0.2521713110351219,0.27032344678089326,98.0,0.2612473789080076,0.009076067872885672,0.0455062817549959,1.9844674545084815,5.73953873714092,5.976233639062418,98.0,5.857886188101669,0.11834745096074865,0.5933794814926929,1.9844674545084815,1.302048598908426,1.3526363977862026,98.0,1.3273424983473143,0.025293899438888243,0.12682048334909804,1.9844674545084815,99.0,0.15151515151515152,0.024306167129692188,0.038730436136294434,98.0,0.03151830163299331,0.007212134503301122,0.036160750377663295,1.9844674545084815,ExtraTreesRegressor,"{'mode': 'original', 'type': 'ExtraTreesRegressor'}",6,"['nodes_T2W30', 'edges_T2W30', 're_T2W30', 'l1_T2W30', 'l3_T2W30', 'lsc_T2W30']",0.1771767275810236,0.22383873896494022,98.0,0.2005077332729819,0.023331005691958312,0.11697877687951948,1.9844674545084815,2.161774973954627,2.2308900965474323,98.0,2.1963325352510297,0.03455756129640258,0.17326733814074533,1.9844674545084815,completed,True,COMPLETE
182,1.6945243441847784,2026-06-11 14:39:41.842997,2026-06-11 14:40:05.605008,0 days 00:00:23.762011,,,,,,20.0,sqrt,3.0,5.0,469.0,,,,,ExtraTreesRegressor,,,,,,6,,,,,,,,True,0.0035091000313967015,0.01230930324398025,98.0,0.007909201637688476,0.004400101606291775,0.022061565234071028,1.9844674545084815,1.672496032615718,1.7165526557538386,98.0,1.6945243441847784,0.022028311569060238,0.11044722966905013,1.9844674545084815,0.2523728774973837,0.2705460868752757,98.0,0.2614594821863297,0.009086604688945996,0.04555911204749229,1.9844674545084815,5.755505003450995,5.99932193553294,98.0,5.877413469491968,0.12190846604097197,0.6112339706661977,1.9844674545084815,1.3032196452662719,1.3515921787967775,98.0,1.3274059120315247,0.024186266765252727,0.12126695011935243,1.9844674545084815,99.0,0.15151515151515152,0.023583585685525182,0.03684683340125345,98.0,0.030215209543389316,0.006631623857864132,0.03325014180101862,1.9844674545084815,ExtraTreesRegressor,"{'mode': 'original', 'type': 'ExtraTreesRegressor'}",6,"['edges_T2W30', 're_T2W30', 'l1_T2W30', 'l3_T2W30', 'lsc_T2W30', 'atd_T2W30']",0.18445057184218622,0.22938396885089546,98.0,0.20691727034654084,0.022466698504354624,0.11264524754139474,1.9844674545084815,2.1633915567476354,2.2324201662848706,98.0,2.197905861516253,0.03451430476861754,0.173050455260549,1.9844674545084815,completed,True,COMPLETE
183,1.6943409004137397,2026-06-11 14:40:05.619288,2026-06-11 14:40:28.513765,0 days 00:00:22.894477,,,,,,20.0,sqrt,3.0,5.0,449.0,,,,,ExtraTreesRegressor,,,,,,6,,,,,,,,True,0.0033068692897934866,0.012689709061033878,98.0,0.007998289175413682,0.004691419885620196,0.023522199055365362,1.9844674545084815,1.6722280560076659,1.7164537448198136,98.0,1.6943409004137397,0.02211284440607389,0.11087106685852118,1.9844674545084815,0.25216080905142557,0.2703112396055606,98.0,0.2612360243284931,0.00907521527706752,0.045502006945015695,1.9844674545084815,5.740098234498531,5.976976270719571,98.0,5.858537252609051,0.11843901811051968,0.5938385878563012,1.9844674545084815,1.301537428898974,1.352229236831733,98.0,1.3268833328653535,0.025345903966379424,0.1270812276178379,1.9844674545084815,99.0,0.15151515151515152,0.024291904931091568,0.03870217199834082,98.0,0.031497038464716194,0.007205133533624625,0.03612564838160963,1.9844674545084815,ExtraTreesRegressor,"{'mode': 'original', 'type': 'ExtraTreesRegressor'}",6,"['nodes_T2W30', 'edges_T2W30', 're_T2W30', 'l1_T2W30', 'l3_T2W30', 'lsc_T2W30']",0.17773054493783325,0.22405484949603088,98.0,0.20089269721693206,0.023162152279098833,0.11613216675181964,1.9844674545084815,2.161798248713559,2.2309180862734275,98.0,2.1963581674934933,0.0345599187799342,0.17327915827159113,1.9844674545084815,completed,True,COMPLETE
184,1.8206637255681426,2026-06-11 14:40:28.583512,2026-06-11 14:40:31.284124,0 days 00:00:02.700612,,,,,,20.0,sqrt,1.0,5.0,466.0,,,,,ExtraTreesRegressor,,,,,,6,,,,,,,,True,,,,,,,,,,,,,,,,,,,,,,,,,,,,,,,,,,,,,,,,,,,,,ExtraTreesRegressor,"{'mode': 'original', 'type': 'ExtraTreesRegressor'}",6,"['edges_T2W30', 're_T2W30', 'l3_T2W30', 'lsc_T2W30', 'atd_T2W30', 'diameter_T2W30']",,,,,,,,,,,,,,,pruned,True,PRUNED
185,1.6942445544308897,2026-06-11 14:40:31.293978,2026-06-11 14:40:54.354944,0 days 00:00:23.060966,,,,,,19.0,sqrt,3.0,5.0,453.0,,,,,ExtraTreesRegressor,,,,,,6,,,,,,,,True,0.003360435232461517,0.012749249405831577,98.0,0.008054842319146547,0.00469440708668503,0.02353717651203702,1.9844674545084815,1.6721306467903205,1.716358462071459,98.0,1.6942445544308897,0.022113907640569263,0.11087639778477643,1.9844674545084815,0.2521500680031556,0.2703012889011989,98.0,0.26122567845217726,0.009075610449021665,0.045503988288317546,1.9844674545084815,5.73944900229134,5.976245115355506,98.0,5.857847058823423,0.11839805653208302,0.5936332115682903,1.9844674545084815,1.3016757474813216,1.3523156082233898,98.0,1.3269956778523557,0.025319930371034065,0.12695099922328093,1.9844674545084815,99.0,0.15151515151515152,0.024413808421709805,0.03880964324207637,98.0,0.03161172583189309,0.007197917410183284,0.036089467631189996,1.9844674545084815,ExtraTreesRegressor,"{'mode': 'original', 'type': 'ExtraTreesRegressor'}",6,"['nodes_T2W30', 'edges_T2W30', 're_T2W30', 'l1_T2W30', 'l3_T2W30', 'lsc_T2W30']",0.177682220230689,0.22409374219635572,98.0,0.20088798121352236,0.02320576098283337,0.11635081539866841,1.9844674545084815,2.1616733418520067,2.2307843320128082,98.0,2.1962288369324074,0.03455549508040061,0.17325697838926826,1.9844674545084815,completed,True,COMPLETE
