number,value,datetime_start,datetime_complete,duration,params_dt_max_depth,params_dt_min_samples_leaf,params_dt_min_samples_split,params_elastic_alpha,params_elastic_l1_ratio,params_et_max_depth,params_et_max_features,params_et_min_samples_leaf,params_et_min_samples_split,params_et_n_estimators,params_knn_metric,params_knn_n_neighbors,params_knn_weights,params_quantile_alpha,params_regressor,params_rf_max_depth,params_rf_max_features,params_rf_min_samples_leaf,params_rf_min_samples_split,params_rf_n_estimators,params_rfe_n_features,params_rfe_proxy_et_max_depth,params_rfe_proxy_et_min_samples_leaf,params_rfe_proxy_et_min_samples_split,params_rfe_proxy_et_n_estimators,params_rfe_proxy_lsvr_C,params_rfe_proxy_lsvr_epsilon,params_rfe_proxy_type,params_use_scaler,user_attrs_d2mae_ci_lower_val,user_attrs_d2mae_ci_upper_val,user_attrs_d2mae_df_val,user_attrs_d2mae_mean_val,user_attrs_d2mae_samperror_val,user_attrs_d2mae_std_val,user_attrs_d2mae_t_critical_val,user_attrs_mae_ci_lower_val,user_attrs_mae_ci_upper_val,user_attrs_mae_df_val,user_attrs_mae_mean_val,user_attrs_mae_samperror_val,user_attrs_mae_std_val,user_attrs_mae_t_critical_val,user_attrs_mape_ci_lower_val,user_attrs_mape_ci_upper_val,user_attrs_mape_df_val,user_attrs_mape_mean_val,user_attrs_mape_samperror_val,user_attrs_mape_std_val,user_attrs_mape_t_critical_val,user_attrs_max_error_ci_lower_val,user_attrs_max_error_ci_upper_val,user_attrs_max_error_df_val,user_attrs_max_error_mean_val,user_attrs_max_error_samperror_val,user_attrs_max_error_std_val,user_attrs_max_error_t_critical_val,user_attrs_median_ae_ci_lower_val,user_attrs_median_ae_ci_upper_val,user_attrs_median_ae_df_val,user_attrs_median_ae_mean_val,user_attrs_median_ae_samperror_val,user_attrs_median_ae_std_val,user_attrs_median_ae_t_critical_val,user_attrs_n_splits_val,user_attrs_r2_below_zero_val,user_attrs_r2_ci_lower_val,user_attrs_r2_ci_upper_val,user_attrs_r2_df_val,user_attrs_r2_mean_val,user_attrs_r2_samperror_val,user_attrs_r2_std_val,user_attrs_r2_t_critical_val,user_attrs_regressor_final,user_attrs_rfe_estimator,user_attrs_rfe_n_features,user_attrs_rfe_selected_features,user_attrs_rho_ci_lower_val,user_attrs_rho_ci_upper_val,user_attrs_rho_df_val,user_attrs_rho_mean_val,user_attrs_rho_samperror_val,user_attrs_rho_std_val,user_attrs_rho_t_critical_val,user_attrs_rmse_ci_lower_val,user_attrs_rmse_ci_upper_val,user_attrs_rmse_df_val,user_attrs_rmse_mean_val,user_attrs_rmse_samperror_val,user_attrs_rmse_std_val,user_attrs_rmse_t_critical_val,user_attrs_termination_reason,user_attrs_use_scaler_final,state
186,1.694378558245961,2026-06-11 14:40:54.373733,2026-06-11 14:41:17.586410,0 days 00:00:23.212677,,,,,,19.0,sqrt,3.0,5.0,456.0,,,,,ExtraTreesRegressor,,,,,,6,,,,,,,,True,0.0032795538599944933,0.012674977662422579,98.0,0.007977265761208536,0.004697711901214043,0.023553746443334533,1.9844674545084815,1.6722576775699731,1.7164994389219488,98.0,1.694378558245961,0.022120880675987758,0.11091135972191549,1.9844674545084815,0.2521718185749251,0.270324346907323,98.0,0.26124808274112404,0.009076264166198928,0.04550726594539033,1.9844674545084815,5.739550402599531,5.976275923139414,98.0,5.8579131628694725,0.1183627602699415,0.5934562404754772,1.9844674545084815,1.301894945513265,1.3525004457059997,98.0,1.3271976956096323,0.025302750096367434,0.12686485945101858,1.9844674545084815,99.0,0.15151515151515152,0.02429999834030255,0.0387222569725778,98.0,0.03151112765644017,0.007211129316137624,0.03615571049355056,1.9844674545084815,ExtraTreesRegressor,"{'mode': 'original', 'type': 'ExtraTreesRegressor'}",6,"['nodes_T2W30', 'edges_T2W30', 're_T2W30', 'l1_T2W30', 'l3_T2W30', 'lsc_T2W30']",0.17715027575068243,0.22378793517002693,98.0,0.20046910546035468,0.023318829709672265,0.1169177280103051,1.9844674545084815,2.1617813849269663,2.2309024986867927,98.0,2.1963419418068795,0.03456055687991308,0.1732823576259628,1.9844674545084815,completed,True,COMPLETE
187,1.7154384705604317,2026-06-11 14:41:17.599006,2026-06-11 14:41:17.853906,0 days 00:00:00.254900,,,,0.18980154253561898,0.24126973451845218,,,,,,,,,,ElasticNet,,,,,,5,,,,,,,,True,,,,,,,,,,,,,,,,,,,,,,,,,,,,,,,,,,,,,,,,,,,,,ElasticNet,"{'mode': 'original', 'type': 'ElasticNet'}",5,"['edges_T2W30', 'pe_T2W30', 'lcc_T2W30', 'density_T2W30', 'asp_T2W30']",,,,,,,,,,,,,,,pruned,True,PRUNED
188,1.6942578358191596,2026-06-11 14:41:17.863609,2026-06-11 14:41:40.857122,0 days 00:00:22.993513,,,,,,19.0,sqrt,3.0,5.0,450.0,,,,,ExtraTreesRegressor,,,,,,6,,,,,,,,True,0.0033553925422438935,0.012738079283050138,98.0,0.008046735912647016,0.004691343370403123,0.023521815417530626,1.9844674545084815,1.672147072082177,1.7163685995561422,98.0,1.6942578358191596,0.022110763736982696,0.1108606346410423,1.9844674545084815,0.2521542641034782,0.27030371579815693,98.0,0.26122898995081756,0.009074725847339348,0.04549955300489302,1.9844674545084815,5.740072104222515,5.976911630049672,98.0,5.8584918671360935,0.11841976291357842,0.5937420446803874,1.9844674545084815,1.3012579306193879,1.3518388246669657,98.0,1.3265483776431768,0.02529044702378882,0.12680317336679625,1.9844674545084815,99.0,0.15151515151515152,0.024331911536983015,0.03873849227240752,98.0,0.03153520190469527,0.007203290367712253,0.03611640697569417,1.9844674545084815,ExtraTreesRegressor,"{'mode': 'original', 'type': 'ExtraTreesRegressor'}",6,"['nodes_T2W30', 'edges_T2W30', 're_T2W30', 'l1_T2W30', 'l3_T2W30', 'lsc_T2W30']",0.17772659708976357,0.22410990266456388,98.0,0.20091824987716372,0.023191652787400163,0.11628007865171701,1.9844674545084815,2.1617561109100127,2.230874264216973,98.0,2.196315187563493,0.03455907665348017,0.17327493595370774,1.9844674545084815,completed,True,COMPLETE
189,1.6942686429103622,2026-06-11 14:41:40.870432,2026-06-11 14:42:03.907052,0 days 00:00:23.036620,,,,,,19.0,sqrt,3.0,5.0,451.0,,,,,ExtraTreesRegressor,,,,,,6,,,,,,,,True,0.0033489222102481833,0.012731433587391008,98.0,0.008040177898819596,0.004691255688571413,0.023521375791671226,1.9844674545084815,1.6721598067959036,1.7163774790248207,98.0,1.6942686429103622,0.022108836114458574,0.11085096978012143,1.9844674545084815,0.25215356900541525,0.27030202972852807,98.0,0.26122779936697166,0.009074230361556399,0.04549706870046072,1.9844674545084815,5.740269958273588,5.9771946835165455,98.0,5.858732320895067,0.1184623626214786,0.5939556343469189,1.9844674545084815,1.3013126024299257,1.3520044961616349,98.0,1.3266585492957803,0.025345946865854552,0.12708144271050026,1.9844674545084815,99.0,0.15151515151515152,0.02433464350564379,0.03873484868547575,98.0,0.03153474609555977,0.0072001025899159805,0.036100423852099106,1.9844674545084815,ExtraTreesRegressor,"{'mode': 'original', 'type': 'ExtraTreesRegressor'}",6,"['nodes_T2W30', 'edges_T2W30', 're_T2W30', 'l1_T2W30', 'l3_T2W30', 'lsc_T2W30']",0.17790762988346537,0.2241567274450153,98.0,0.20103217866424034,0.023124548780774957,0.11594362746215522,1.9844674545084815,2.161757537966274,2.230875641672065,98.0,2.1963165898191694,0.034559051852895734,0.1732748116066448,1.9844674545084815,completed,True,COMPLETE
190,1.694378558245961,2026-06-11 14:42:03.920309,2026-06-11 14:42:27.408321,0 days 00:00:23.488012,,,,,,19.0,sqrt,3.0,5.0,456.0,,,,,ExtraTreesRegressor,,,,,,6,,,,,,,,True,0.0032795538599944933,0.012674977662422579,98.0,0.007977265761208536,0.004697711901214043,0.023553746443334533,1.9844674545084815,1.6722576775699731,1.7164994389219488,98.0,1.694378558245961,0.022120880675987758,0.11091135972191549,1.9844674545084815,0.2521718185749251,0.270324346907323,98.0,0.26124808274112404,0.009076264166198928,0.04550726594539033,1.9844674545084815,5.739550402599531,5.976275923139414,98.0,5.8579131628694725,0.1183627602699415,0.5934562404754772,1.9844674545084815,1.301894945513265,1.3525004457059997,98.0,1.3271976956096323,0.025302750096367434,0.12686485945101858,1.9844674545084815,99.0,0.15151515151515152,0.02429999834030255,0.0387222569725778,98.0,0.03151112765644017,0.007211129316137624,0.03615571049355056,1.9844674545084815,ExtraTreesRegressor,"{'mode': 'original', 'type': 'ExtraTreesRegressor'}",6,"['nodes_T2W30', 'edges_T2W30', 're_T2W30', 'l1_T2W30', 'l3_T2W30', 'lsc_T2W30']",0.17715027575068243,0.22378793517002693,98.0,0.20046910546035468,0.023318829709672265,0.1169177280103051,1.9844674545084815,2.1617813849269663,2.2309024986867927,98.0,2.1963419418068795,0.03456055687991308,0.1732823576259628,1.9844674545084815,completed,True,COMPLETE
191,1.6942445544308897,2026-06-11 14:42:27.421092,2026-06-11 14:42:50.486419,0 days 00:00:23.065327,,,,,,19.0,sqrt,3.0,5.0,453.0,,,,,ExtraTreesRegressor,,,,,,6,,,,,,,,True,0.003360435232461517,0.012749249405831577,98.0,0.008054842319146547,0.00469440708668503,0.02353717651203702,1.9844674545084815,1.6721306467903205,1.716358462071459,98.0,1.6942445544308897,0.022113907640569263,0.11087639778477643,1.9844674545084815,0.2521500680031556,0.2703012889011989,98.0,0.26122567845217726,0.009075610449021665,0.045503988288317546,1.9844674545084815,5.73944900229134,5.976245115355506,98.0,5.857847058823423,0.11839805653208302,0.5936332115682903,1.9844674545084815,1.3016757474813216,1.3523156082233898,98.0,1.3269956778523557,0.025319930371034065,0.12695099922328093,1.9844674545084815,99.0,0.15151515151515152,0.024413808421709805,0.03880964324207637,98.0,0.03161172583189309,0.007197917410183284,0.036089467631189996,1.9844674545084815,ExtraTreesRegressor,"{'mode': 'original', 'type': 'ExtraTreesRegressor'}",6,"['nodes_T2W30', 'edges_T2W30', 're_T2W30', 'l1_T2W30', 'l3_T2W30', 'lsc_T2W30']",0.177682220230689,0.22409374219635572,98.0,0.20088798121352236,0.02320576098283337,0.11635081539866841,1.9844674545084815,2.1616733418520067,2.2307843320128082,98.0,2.1962288369324074,0.03455549508040061,0.17325697838926826,1.9844674545084815,completed,True,COMPLETE
192,1.6942836139547737,2026-06-11 14:42:50.499233,2026-06-11 14:43:13.533333,0 days 00:00:23.034100,,,,,,19.0,sqrt,3.0,5.0,452.0,,,,,ExtraTreesRegressor,,,,,,6,,,,,,,,True,0.0033375227658778124,0.012724141026604036,98.0,0.008030831896240924,0.0046933091303631115,0.02353167149483798,1.9844674545084815,1.6721762090784256,1.7163910188311218,98.0,1.6942836139547737,0.02210740487634804,0.11084379372925572,1.9844674545084815,0.25215601303323815,0.2703049721501161,98.0,0.26123049259167713,0.009074479558438979,0.045498318142808435,1.9844674545084815,5.739780839067719,5.976663818872081,98.0,5.8582223289699,0.11844148990218097,0.593850981113971,1.9844674545084815,1.3015957340512396,1.3521659022358796,98.0,1.3268808181435596,0.025285084092319936,0.12677628429171728,1.9844674545084815,99.0,0.16161616161616163,0.02436978321058684,0.038769527208939995,98.0,0.03156965520976342,0.0071998719991765775,0.036099267698652,1.9844674545084815,ExtraTreesRegressor,"{'mode': 'original', 'type': 'ExtraTreesRegressor'}",6,"['nodes_T2W30', 'edges_T2W30', 're_T2W30', 'l1_T2W30', 'l3_T2W30', 'lsc_T2W30']",0.17748493444389354,0.2238828854329036,98.0,0.20068390993839857,0.02319897549450503,0.11631679379944292,1.9844674545084815,2.1617201525474976,2.230832519945429,98.0,2.1962763362464632,0.03455618369896583,0.17326043103758354,1.9844674545084815,completed,True,COMPLETE
193,1.6943509780368209,2026-06-11 14:43:13.546014,2026-06-11 14:43:36.577200,0 days 00:00:23.031186,,,,,,19.0,sqrt,3.0,5.0,455.0,,,,,ExtraTreesRegressor,,,,,,6,,,,,,,,True,0.0033027684627874847,0.012687215216041702,98.0,0.007994991839414593,0.0046922233766271085,0.023526227659895458,1.9844674545084815,1.6722255637024315,1.7164763923712103,98.0,1.6943509780368209,0.022125414334389436,0.11093409092440286,1.9844674545084815,0.25216911648578755,0.2703233289627932,98.0,0.2612462227242904,0.009077106238502818,0.04551148799177159,1.9844674545084815,5.73960233605509,5.976343953631798,98.0,5.857973144843444,0.11837080878835415,0.5934965947513294,1.9844674545084815,1.3016851074890177,1.3524278077012064,98.0,1.327056457595112,0.025371350106094304,0.12720881141510124,1.9844674545084815,99.0,0.16161616161616163,0.024283829597015846,0.03868690662302382,98.0,0.03148536811001983,0.007201538513003985,0.036107623392862394,1.9844674545084815,ExtraTreesRegressor,"{'mode': 'original', 'type': 'ExtraTreesRegressor'}",6,"['nodes_T2W30', 'edges_T2W30', 're_T2W30', 'l1_T2W30', 'l3_T2W30', 'lsc_T2W30']",0.17723218731232138,0.2237550196820648,98.0,0.20049360349719308,0.023261416184871694,0.11662986369805954,1.9844674545084815,2.1618100371610116,2.230939000938035,98.0,2.1963745190495234,0.03456448188851194,0.17330203713361877,1.9844674545084815,completed,True,COMPLETE
194,1.7967838716550457,2026-06-11 14:43:36.590617,2026-06-11 14:43:36.733326,0 days 00:00:00.142709,,,,,,,,,,,,,,,LinearRegression,,,,,,6,,,,,,,,True,,,,,,,,,,,,,,,,,,,,,,,,,,,,,,,,,,,,,,,,,,,,,LinearRegression,"{'mode': 'original', 'type': 'LinearRegression'}",6,"['nodes_T2W30', 'edges_T2W30', 'lcc_T2W30', 'lsc_T2W30', 'density_T2W30', 'diameter_T2W30']",,,,,,,,,,,,,,,pruned,True,PRUNED
195,1.7175810703910934,2026-06-11 14:43:36.742978,2026-06-11 14:43:40.218640,0 days 00:00:03.475662,,,,,,19.0,sqrt,5.0,5.0,458.0,,,,,ExtraTreesRegressor,,,,,,6,,,,,,,,True,,,,,,,,,,,,,,,,,,,,,,,,,,,,,,,,,,,,,,,,,,,,,ExtraTreesRegressor,"{'mode': 'original', 'type': 'ExtraTreesRegressor'}",6,"['edges_T2W30', 're_T2W30', 'l3_T2W30', 'lsc_T2W30', 'diameter_T2W30', 'asp_T2W30']",,,,,,,,,,,,,,,pruned,True,PRUNED
196,1.6945391183530836,2026-06-11 14:43:40.229687,2026-06-11 14:44:04.250633,0 days 00:00:24.020946,,,,,,19.0,sqrt,3.0,5.0,476.0,,,,,ExtraTreesRegressor,,,,,,6,,,,,,,,True,0.003502105023826557,0.012300114748406296,98.0,0.007901109886116427,0.0043990048622898695,0.02205606629529459,1.9844674545084815,1.672508060633519,1.7165701760726482,98.0,1.6945391183530836,0.022031057719564602,0.11046099852802554,1.9844674545084815,0.2523756956201902,0.27055147540374574,98.0,0.26146358551196797,0.009087889891777803,0.045565555895532614,1.9844674545084815,5.7560319473606,6.00001464733248,98.0,5.87802329734654,0.12199134998594059,0.6116495405148956,1.9844674545084815,1.3030776013986174,1.3512016342983986,98.0,1.327139617848508,0.02406201644989048,0.12064397440583743,1.9844674545084815,99.0,0.15151515151515152,0.023475222756406053,0.03674339147256987,98.0,0.030109307114487963,0.006634084358081908,0.03326247844478732,1.9844674545084815,ExtraTreesRegressor,"{'mode': 'original', 'type': 'ExtraTreesRegressor'}",6,"['edges_T2W30', 're_T2W30', 'l1_T2W30', 'l3_T2W30', 'lsc_T2W30', 'atd_T2W30']",0.1837338042602107,0.2286699232689252,98.0,0.20620186376456795,0.022468059504357263,0.11265207142707474,1.9844674545084815,2.163515244132323,2.232529037084267,98.0,2.198022140608295,0.03450689647597191,0.17301331099750725,1.9844674545084815,completed,True,COMPLETE
197,1.694528786248092,2026-06-11 14:44:04.264963,2026-06-11 14:44:28.415502,0 days 00:00:24.150539,,,,,,19.0,sqrt,3.0,5.0,478.0,,,,,ExtraTreesRegressor,,,,,,6,,,,,,,,True,0.003510513577957017,0.012305802586029877,98.0,0.007908158081993447,0.00439764450403643,0.022049245627265686,1.9844674545084815,1.6724929240432045,1.7165646484529795,98.0,1.694528786248092,0.022035862204887565,0.11048508762319943,1.9844674545084815,0.2523746529870937,0.2705507886819911,98.0,0.2614627208345424,0.009088067847448686,0.04556644814325625,1.9844674545084815,5.756591190184874,6.000594345412365,98.0,5.87859276779862,0.12200157761374505,0.6117008205757186,1.9844674545084815,1.3029837000493334,1.3512077285304551,98.0,1.3270957142898943,0.024112014240560756,0.12089465714435747,1.9844674545084815,99.0,0.15151515151515152,0.02344314410137927,0.03670620027635709,98.0,0.03007467218886818,0.006631528087488912,0.033249661620202486,1.9844674545084815,ExtraTreesRegressor,"{'mode': 'original', 'type': 'ExtraTreesRegressor'}",6,"['edges_T2W30', 're_T2W30', 'l1_T2W30', 'l3_T2W30', 'lsc_T2W30', 'atd_T2W30']",0.18397272098732384,0.22894297092350727,98.0,0.20645784595541555,0.02248512496809172,0.11273763555152339,1.9844674545084815,2.163555768482074,2.2325664127838767,98.0,2.1980610906329754,0.034505322150901165,0.1730054175263205,1.9844674545084815,completed,True,COMPLETE
198,1.8534157063436982,2026-06-11 14:44:28.429481,2026-06-11 14:44:29.980434,0 days 00:00:01.550953,,,,,,,,,,,,,,,RandomForestRegressor,15.0,sqrt,2.0,5.0,173.0,6,,,,,,,,True,,,,,,,,,,,,,,,,,,,,,,,,,,,,,,,,,,,,,,,,,,,,,RandomForestRegressor,"{'mode': 'original', 'type': 'RandomForestRegressor'}",6,"['re_T2W30', 'l3_T2W30', 'lsc_T2W30', 'atd_T2W30', 'density_T2W30', 'diameter_T2W30']",,,,,,,,,,,,,,,pruned,True,PRUNED
199,1.6976223580619216,2026-06-11 14:44:29.991066,2026-06-11 14:44:54.441468,0 days 00:00:24.450402,,,,,,19.0,sqrt,3.0,5.0,482.0,,,,,ExtraTreesRegressor,,,,,,5,,,,,,,,True,0.001052380065884294,0.01108041252960082,98.0,0.006066396297742556,0.005014016231858262,0.02513965723556451,1.9844674545084815,1.675300745149616,1.7199439709742272,98.0,1.6976223580619216,0.02232161291230551,0.1119178063275513,1.9844674545084815,0.25258073614804727,0.27076210135222684,98.0,0.26167141875013705,0.009090682602089778,0.04557955819962473,1.9844674545084815,5.742196931803936,5.979593321173215,98.0,5.860895126488575,0.11869819468463903,0.5951380671430752,1.9844674545084815,1.2962276486322264,1.3402749879796791,98.0,1.3182513183059528,0.02202366967372645,0.11042395577997226,1.9844674545084815,99.0,0.1717171717171717,0.023678310887127303,0.03814920038094243,98.0,0.030913755634034867,0.007235444746907565,0.036277625056013965,1.9844674545084815,ExtraTreesRegressor,"{'mode': 'original', 'type': 'ExtraTreesRegressor'}",5,"['edges_T2W30', 're_T2W30', 'l1_T2W30', 'l3_T2W30', 'lsc_T2W30']",0.172158128935016,0.21886003534653556,98.0,0.19550908214077578,0.02335095320575979,0.11707879124654218,1.9844674545084815,2.1626012656987514,2.231128702944572,98.0,2.1968649843216617,0.03426371862291037,0.17179404731933964,1.9844674545084815,completed,True,COMPLETE
200,1.6942964582350704,2026-06-11 14:44:54.455298,2026-06-11 14:45:17.433359,0 days 00:00:22.978061,,,,,,19.0,sqrt,3.0,5.0,448.0,,,,,ExtraTreesRegressor,,,,,,6,,,,,,,,True,0.003333244932414145,0.012716318942587627,98.0,0.008024781937500886,0.004691537005086741,0.023522786277884875,1.9844674545084815,1.6721816315696167,1.716411284900524,98.0,1.6942964582350704,0.022114826665453523,0.1108810056618779,1.9844674545084815,0.25215464834785817,0.27030409753497897,98.0,0.26122937294141857,0.009074724593560417,0.045499546718600535,1.9844674545084815,5.739964951239753,5.976795325985276,98.0,5.858380138612515,0.11841518737276135,0.5937191034846495,1.9844674545084815,1.3016493852225994,1.35228174646811,98.0,1.3269655658453547,0.025316180622755365,0.12693219844919346,1.9844674545084815,99.0,0.16161616161616163,0.024314175418803128,0.03872221651189209,98.0,0.031518195965347606,0.007204020546544479,0.03612006800204789,1.9844674545084815,ExtraTreesRegressor,"{'mode': 'original', 'type': 'ExtraTreesRegressor'}",6,"['nodes_T2W30', 'edges_T2W30', 're_T2W30', 'l1_T2W30', 'l3_T2W30', 'lsc_T2W30']",0.17766299499134777,0.22395358203636048,98.0,0.20080828851385413,0.02314529352250636,0.11604763903141464,1.9844674545084815,2.161773865823113,2.2308958771646266,98.0,2.1963348714938697,0.03456100567075661,0.17328460780774424,1.9844674545084815,completed,True,COMPLETE
201,1.694335207622505,2026-06-11 14:45:17.448510,2026-06-11 14:45:40.071790,0 days 00:00:22.623280,,,,,,19.0,sqrt,3.0,5.0,444.0,,,,,ExtraTreesRegressor,,,,,,6,,,,,,,,True,0.003313355790811998,0.012687492326952357,98.0,0.008000424058882178,0.00468706826807018,0.02350038058319278,1.9844674545084815,1.672231651360648,1.7164387638843617,98.0,1.694335207622505,0.022103556261856682,0.11082449725220608,1.9844674545084815,0.2521564968678184,0.27030078913298006,98.0,0.2612286430003992,0.009072146132580837,0.04548661863416194,1.9844674545084815,5.738745756612241,5.975247746720553,98.0,5.856996751666397,0.11825099505415597,0.5928958635070393,1.9844674545084815,1.3021393957666356,1.3530189585817787,98.0,1.3275791771742071,0.025439781407571627,0.12755191749688707,1.9844674545084815,99.0,0.1717171717171717,0.024353373985767687,0.03875886782051309,98.0,0.03155612090314039,0.0072027469173727,0.036113682182907475,1.9844674545084815,ExtraTreesRegressor,"{'mode': 'original', 'type': 'ExtraTreesRegressor'}",6,"['nodes_T2W30', 'edges_T2W30', 're_T2W30', 'l1_T2W30', 'l3_T2W30', 'lsc_T2W30']",0.17773068623425411,0.22393130392553703,98.0,0.20083099507989557,0.023100308845641463,0.11582209142547542,1.9844674545084815,2.161737890930957,2.2308393129842736,98.0,2.1962886019576153,0.03455071102665809,0.17323299173551165,1.9844674545084815,completed,True,COMPLETE
202,1.694346970002591,2026-06-11 14:45:40.084721,2026-06-11 14:46:03.118125,0 days 00:00:23.033404,,,,,,19.0,sqrt,3.0,5.0,449.0,,,,,ExtraTreesRegressor,,,,,,6,,,,,,,,True,0.003303362279565893,0.012686580965906892,98.0,0.007994971622736392,0.004691609343170499,0.023523148972089816,1.9844674545084815,1.6722326110444128,1.7164613289607693,98.0,1.694346970002591,0.022114358958178225,0.11087866063544723,1.9844674545084815,0.2521612526969073,0.27031207108628513,98.0,0.2612366618915962,0.009075409194688933,0.04550297922398506,1.9844674545084815,5.740128718279488,5.977038072027863,98.0,5.858583395153675,0.11845467687418793,0.5939170989606034,1.9844674545084815,1.3013818045610648,1.3520907406868667,98.0,1.3267362726239658,0.02535446806290105,0.1271241669385601,1.9844674545084815,99.0,0.15151515151515152,0.024285385125471466,0.03869344685868601,98.0,0.03148941599207874,0.007204030866607273,0.036120119745566316,1.9844674545084815,ExtraTreesRegressor,"{'mode': 'original', 'type': 'ExtraTreesRegressor'}",6,"['nodes_T2W30', 'edges_T2W30', 're_T2W30', 'l1_T2W30', 'l3_T2W30', 'lsc_T2W30']",0.1776022074781046,0.22390204531305533,98.0,0.20075212639557996,0.023149918917475355,0.11607083018970425,1.9844674545084815,2.161805147764122,2.2309311055958423,98.0,2.196368126679982,0.034562978915859924,0.17329450141463443,1.9844674545084815,completed,True,COMPLETE
