number,value,datetime_start,datetime_complete,duration,params_dt_max_depth,params_dt_min_samples_leaf,params_dt_min_samples_split,params_elastic_alpha,params_elastic_l1_ratio,params_et_max_depth,params_et_max_features,params_et_min_samples_leaf,params_et_min_samples_split,params_et_n_estimators,params_knn_metric,params_knn_n_neighbors,params_knn_weights,params_quantile_alpha,params_regressor,params_rf_max_depth,params_rf_max_features,params_rf_min_samples_leaf,params_rf_min_samples_split,params_rf_n_estimators,params_rfe_n_features,params_rfe_proxy_et_max_depth,params_rfe_proxy_et_min_samples_leaf,params_rfe_proxy_et_min_samples_split,params_rfe_proxy_et_n_estimators,params_rfe_proxy_lsvr_C,params_rfe_proxy_lsvr_epsilon,params_rfe_proxy_type,params_use_scaler,user_attrs_d2mae_ci_lower_val,user_attrs_d2mae_ci_upper_val,user_attrs_d2mae_df_val,user_attrs_d2mae_mean_val,user_attrs_d2mae_samperror_val,user_attrs_d2mae_std_val,user_attrs_d2mae_t_critical_val,user_attrs_mae_ci_lower_val,user_attrs_mae_ci_upper_val,user_attrs_mae_df_val,user_attrs_mae_mean_val,user_attrs_mae_samperror_val,user_attrs_mae_std_val,user_attrs_mae_t_critical_val,user_attrs_mape_ci_lower_val,user_attrs_mape_ci_upper_val,user_attrs_mape_df_val,user_attrs_mape_mean_val,user_attrs_mape_samperror_val,user_attrs_mape_std_val,user_attrs_mape_t_critical_val,user_attrs_max_error_ci_lower_val,user_attrs_max_error_ci_upper_val,user_attrs_max_error_df_val,user_attrs_max_error_mean_val,user_attrs_max_error_samperror_val,user_attrs_max_error_std_val,user_attrs_max_error_t_critical_val,user_attrs_median_ae_ci_lower_val,user_attrs_median_ae_ci_upper_val,user_attrs_median_ae_df_val,user_attrs_median_ae_mean_val,user_attrs_median_ae_samperror_val,user_attrs_median_ae_std_val,user_attrs_median_ae_t_critical_val,user_attrs_n_splits_val,user_attrs_r2_below_zero_val,user_attrs_r2_ci_lower_val,user_attrs_r2_ci_upper_val,user_attrs_r2_df_val,user_attrs_r2_mean_val,user_attrs_r2_samperror_val,user_attrs_r2_std_val,user_attrs_r2_t_critical_val,user_attrs_regressor_final,user_attrs_rfe_estimator,user_attrs_rfe_n_features,user_attrs_rfe_selected_features,user_attrs_rho_ci_lower_val,user_attrs_rho_ci_upper_val,user_attrs_rho_df_val,user_attrs_rho_mean_val,user_attrs_rho_samperror_val,user_attrs_rho_std_val,user_attrs_rho_t_critical_val,user_attrs_rmse_ci_lower_val,user_attrs_rmse_ci_upper_val,user_attrs_rmse_df_val,user_attrs_rmse_mean_val,user_attrs_rmse_samperror_val,user_attrs_rmse_std_val,user_attrs_rmse_t_critical_val,user_attrs_termination_reason,user_attrs_use_scaler_final,state
136,1.7173438355264636,2026-06-11 14:26:48.721413,2026-06-11 14:26:51.572045,0 days 00:00:02.850632,,,,,,18.0,log2,3.0,6.0,337.0,,,,,ExtraTreesRegressor,,,,,,5,,,,,,,,True,,,,,,,,,,,,,,,,,,,,,,,,,,,,,,,,,,,,,,,,,,,,,ExtraTreesRegressor,"{'mode': 'original', 'type': 'ExtraTreesRegressor'}",5,"['nodes_T2W30', 'edges_T2W30', 're_T2W30', 'l1_T2W30', 'l3_T2W30']",,,,,,,,,,,,,,,pruned,True,PRUNED
137,1.6955486851169304,2026-06-11 14:26:51.582096,2026-06-11 14:27:08.687219,0 days 00:00:17.105123,,,,,,19.0,log2,3.0,6.0,311.0,,,,,ExtraTreesRegressor,,,,,,6,,,,,,,,True,0.0025511389039810746,0.01203921432602274,98.0,0.0072951766150019075,0.004744037711020833,0.023786018323968438,1.9844674545084815,1.6733807609768123,1.7177166092570484,98.0,1.6955486851169304,0.02216792414011813,0.11114722983256586,1.9844674545084815,0.2523140371364001,0.27046316562357553,98.0,0.2613886013799878,0.009074564243587713,0.04549874274367003,1.9844674545084815,5.735234626676585,5.971549768417088,98.0,5.853392197546836,0.11815757087025158,0.5924274462039708,1.9844674545084815,1.3032177452371967,1.3550059077399943,98.0,1.3291118264885955,0.025894081251398835,0.12982972072445137,1.9844674545084815,99.0,0.1717171717171717,0.023544771532676475,0.038093542891834316,98.0,0.030819157212255397,0.007274385679578921,0.03647287007607811,1.9844674545084815,ExtraTreesRegressor,"{'mode': 'original', 'type': 'ExtraTreesRegressor'}",6,"['nodes_T2W30', 'edges_T2W30', 're_T2W30', 'l1_T2W30', 'l3_T2W30', 'lsc_T2W30']",0.17320773430930367,0.2195004163214412,98.0,0.19635407531537244,0.02314634100606877,0.11605289098444017,1.9844674545084815,2.162553848025943,2.231668565761074,98.0,2.1971112068935086,0.034557358867565176,0.1732663231875917,1.9844674545084815,completed,True,COMPLETE
138,1.6949811514779947,2026-06-11 14:27:08.700187,2026-06-11 14:27:29.321657,0 days 00:00:20.621470,,,,,,20.0,log2,3.0,6.0,378.0,,,,,ExtraTreesRegressor,,,,,,6,,,,,,,,True,0.0029062900940118406,0.012347176791959458,98.0,0.007626733442985649,0.0047204433489738086,0.023667719110897448,1.9844674545084815,1.6728420160732063,1.717120286882783,98.0,1.6949811514779947,0.022139135404788478,0.11100288667431393,1.9844674545084815,0.25224713096637563,0.27040059805999683,98.0,0.26132386451318623,0.009076733546810592,0.045509619361722584,1.9844674545084815,5.7338510052267235,5.968886861640563,98.0,5.851368933433643,0.11751792820691934,0.589220357003253,1.9844674545084815,1.3032192540600216,1.3545490229270418,98.0,1.3288841384935317,0.02566488443351013,0.12868055622741728,1.9844674545084815,99.0,0.18181818181818182,0.024251283023236387,0.03881971905780009,98.0,0.031535501040518235,0.007284218017281849,0.03652216820122285,1.9844674545084815,ExtraTreesRegressor,"{'mode': 'original', 'type': 'ExtraTreesRegressor'}",6,"['nodes_T2W30', 'edges_T2W30', 're_T2W30', 'l1_T2W30', 'l3_T2W30', 'lsc_T2W30']",0.17610493436354688,0.22262278675692312,98.0,0.199363860560235,0.02325892619668812,0.1166173792052775,1.9844674545084815,2.1617361220128157,2.230878048073485,98.0,2.1963070850431503,0.034570963030334745,0.17333453277710814,1.9844674545084815,completed,True,COMPLETE
139,2.4465214454576154,2026-06-11 14:27:29.341271,2026-06-11 14:27:29.493118,0 days 00:00:00.151847,13.0,3.0,10.0,,,,,,,,,,,,DecisionTreeRegressor,,,,,,6,,,,,,,,True,,,,,,,,,,,,,,,,,,,,,,,,,,,,,,,,,,,,,,,,,,,,,DecisionTreeRegressor,"{'mode': 'original', 'type': 'DecisionTreeRegressor'}",6,"['nodes_T2W30', 'edges_T2W30', 're_T2W30', 'l1_T2W30', 'lcc_T2W30', 'lsc_T2W30']",,,,,,,,,,,,,,,pruned,True,PRUNED
140,1.9175531914893615,2026-06-11 14:27:29.503768,2026-06-11 14:27:29.839697,0 days 00:00:00.335929,,,,,,,,,,,euclidean,8.0,uniform,,KNeighborsRegressor,,,,,,5,4.0,1.0,2.0,80.0,,,ExtraTrees,,,,,,,,,,,,,,,,,,,,,,,,,,,,,,,,,,,,,,,,,,,,,,KNeighborsRegressor,"{'mode': 'proxy', 'type': 'ExtraTrees'}",5,"['edges_T2W30', 're_T2W30', 'l3_T2W30', 'lsc_T2W30', 'atd_T2W30']",,,,,,,,,,,,,,,pruned,True,PRUNED
141,1.6950992517239545,2026-06-11 14:27:29.849823,2026-06-11 14:27:49.874482,0 days 00:00:20.024659,,,,,,20.0,log2,3.0,6.0,369.0,,,,,ExtraTreesRegressor,,,,,,6,,,,,,,,True,0.0028303794265808245,0.01228274378162612,98.0,0.007556561604103473,0.004726182177522648,0.02369649288744305,1.9844674545084815,1.672959380167941,1.717239123279968,98.0,1.6950992517239545,0.022139871556013407,0.11100657764550598,1.9844674545084815,0.2522653908008061,0.27041832206841454,98.0,0.26134185643461033,0.00907646563380423,0.04550827607904509,1.9844674545084815,5.733020687905545,5.9675654055380205,98.0,5.850293046721783,0.117272358816238,0.5879891024512535,1.9844674545084815,1.3025911386091544,1.353908410147013,98.0,1.3282497743780837,0.025658635768929322,0.12864922619606567,1.9844674545084815,99.0,0.1717171717171717,0.024279673763158614,0.03886920222478773,98.0,0.03157443799397317,0.007294764230814559,0.036575045611483475,1.9844674545084815,ExtraTreesRegressor,"{'mode': 'original', 'type': 'ExtraTreesRegressor'}",6,"['nodes_T2W30', 'edges_T2W30', 're_T2W30', 'l1_T2W30', 'l3_T2W30', 'lsc_T2W30']",0.17573744959462254,0.22203987493234076,98.0,0.19888866226348165,0.02315121266885911,0.11607731689912673,1.9844674545084815,2.161685074604165,2.2308418304872966,98.0,2.1962634525457307,0.03457837794156583,0.1733717102249188,1.9844674545084815,completed,True,COMPLETE
142,1.6950582697240106,2026-06-11 14:27:49.888399,2026-06-11 14:28:09.542761,0 days 00:00:19.654362,,,,,,20.0,log2,3.0,6.0,358.0,,,,,ExtraTreesRegressor,,,,,,6,,,,,,,,True,0.0028488812697825498,0.012304571199837166,98.0,0.007576726234809858,0.004727844965027308,0.02370482989833207,1.9844674545084815,1.6729354110949732,1.717181128353048,98.0,1.6950582697240106,0.022122858629037373,0.11092127693386615,1.9844674545084815,0.2522687533529955,0.2704152581881645,98.0,0.26134200577058,0.009073252417584486,0.04549216541034107,1.9844674545084815,5.733620747009214,5.967973868131303,98.0,5.850797307570258,0.1171765605610442,0.5875087818483733,1.9844674545084815,1.3033290879745303,1.3542513261137115,98.0,1.3287902070441209,0.025461119069590664,0.12765890189513424,1.9844674545084815,99.0,0.18181818181818182,0.02430108751316225,0.03886865704086796,98.0,0.031584872277015105,0.007283784763852854,0.03651999592211616,1.9844674545084815,ExtraTreesRegressor,"{'mode': 'original', 'type': 'ExtraTreesRegressor'}",6,"['nodes_T2W30', 'edges_T2W30', 're_T2W30', 'l1_T2W30', 'l3_T2W30', 'lsc_T2W30']",0.17577664204972837,0.22220804904563995,98.0,0.19899234554768416,0.023215703497955785,0.11640066593976735,1.9844674545084815,2.1616901832842013,2.2307966013587075,98.0,2.1962433923214544,0.03455320903725331,0.1732455164516735,1.9844674545084815,completed,True,COMPLETE
143,1.6951431975180258,2026-06-11 14:28:09.555838,2026-06-11 14:28:29.469118,0 days 00:00:19.913280,,,,,,20.0,log2,3.0,6.0,367.0,,,,,ExtraTreesRegressor,,,,,,6,,,,,,,,True,0.002796100105537636,0.012264269492750536,98.0,0.0075301847991440865,0.0047340846936064504,0.023736115125676544,1.9844674545084815,1.6730006553624273,1.7172857396736243,98.0,1.6951431975180258,0.02214254215559848,0.11101996770151647,1.9844674545084815,0.2522694570605306,0.27042100774646494,98.0,0.2613452324034978,0.009075775342967147,0.045504815046165534,1.9844674545084815,5.733355707642708,5.967792536609636,98.0,5.850574122126172,0.11721841448346358,0.5877186322387453,1.9844674545084815,1.302731254286655,1.3540559416585198,98.0,1.3283935979725874,0.025662343685932384,0.12866781723331097,1.9844674545084815,99.0,0.1717171717171717,0.02427053674425313,0.03889020854704631,98.0,0.03158037264564972,0.007309835901396587,0.03665061310366511,1.9844674545084815,ExtraTreesRegressor,"{'mode': 'original', 'type': 'ExtraTreesRegressor'}",6,"['nodes_T2W30', 'edges_T2W30', 're_T2W30', 'l1_T2W30', 'l3_T2W30', 'lsc_T2W30']",0.17543165763259505,0.22169833235852943,98.0,0.19856499499556224,0.023133337362967195,0.1159876923262647,1.9844674545084815,2.1616713407467136,2.2308404362384557,98.0,2.1962558884925847,0.0345845477458711,0.17340264486060256,1.9844674545084815,completed,True,COMPLETE
144,1.69878778269141,2026-06-11 14:28:29.481487,2026-06-11 14:28:50.133390,0 days 00:00:20.651903,,,,,,20.0,log2,3.0,7.0,382.0,,,,,ExtraTreesRegressor,,,,,,6,,,,,,,,True,0.0006987441183693033,0.010152504354718204,98.0,0.005425624236543754,0.00472688011817445,0.023699992275547456,1.9844674545084815,1.676431794903551,1.721143770479269,98.0,1.69878778269141,0.022355987787858994,0.11209015770197227,1.9844674545084815,0.25277888029708057,0.271083171830723,98.0,0.2619310260639018,0.00915214576682121,0.045887726905610056,1.9844674545084815,5.787437706909398,6.041801859940917,98.0,5.914619783425158,0.1271820765157592,0.6376752013282888,1.9844674545084815,1.3103192917001851,1.358535868036233,98.0,1.334427579868209,0.024108288168023878,0.1208759750775112,1.9844674545084815,99.0,0.1919191919191919,0.018978143935687922,0.033485736161175526,98.0,0.026231940048431723,0.007253796112743801,0.03636963653455608,1.9844674545084815,ExtraTreesRegressor,"{'mode': 'original', 'type': 'ExtraTreesRegressor'}",6,"['edges_T2W30', 're_T2W30', 'l1_T2W30', 'l3_T2W30', 'lsc_T2W30', 'diameter_T2W30']",0.16617034841458064,0.2138276962553585,98.0,0.18999902233496957,0.023828673920388916,0.11947402382353249,1.9844674545084815,2.1676977073573314,2.236820358417889,98.0,2.20225903288761,0.03456132553027876,0.17328621154382698,1.9844674545084815,completed,True,COMPLETE
145,1.6980322203849703,2026-06-11 14:28:50.145660,2026-06-11 14:29:09.999169,0 days 00:00:19.853509,,,,,,20.0,log2,3.0,6.0,363.0,,,,,ExtraTreesRegressor,,,,,,5,,,,,,,,True,0.0007506297973334441,0.010912310686486393,98.0,0.005831470241909918,0.005080840444576474,0.025474705573082502,1.9844674545084815,1.6756410629300966,1.720423377839844,98.0,1.6980322203849703,0.022391157454873637,0.11226649406247691,1.9844674545084815,0.25262383816876094,0.27083183226394886,98.0,0.2617278352163549,0.00910399704759397,0.0456463151826058,1.9844674545084815,5.742494738139217,5.980436721046398,98.0,5.861465729592807,0.11897099145359023,0.5965058364021429,1.9844674545084815,1.2953414229848002,1.340646074984269,98.0,1.3179937489845346,0.022652325999734463,0.11357596084417476,1.9844674545084815,99.0,0.1717171717171717,0.02305804804869889,0.037760967061423865,98.0,0.030409507555061378,0.007351459506362487,0.03685930871081185,1.9844674545084815,ExtraTreesRegressor,"{'mode': 'original', 'type': 'ExtraTreesRegressor'}",5,"['edges_T2W30', 're_T2W30', 'l1_T2W30', 'l3_T2W30', 'lsc_T2W30']",0.17010530848509883,0.21712092928810392,98.0,0.19361311888660138,0.02350781040150255,0.11786525382535265,1.9844674545084815,2.1631008968722076,2.2317822946908272,98.0,2.1974415957815174,0.03434069890930962,0.17218001695415577,1.9844674545084815,completed,True,COMPLETE
146,1.695226071554434,2026-06-11 14:29:10.011732,2026-06-11 14:29:29.959990,0 days 00:00:19.948258,,,,,,18.0,log2,3.0,6.0,366.0,,,,,ExtraTreesRegressor,,,,,,6,,,,,,,,True,0.0027451601152454702,0.01221825856242248,98.0,0.007481709338833974,0.004736549223588504,0.02374847197418492,1.9844674545084815,1.6730810529542801,1.717371090154588,98.0,1.695226071554434,0.022145018600153984,0.1110323842882225,1.9844674545084815,0.2522803584050208,0.2704347113479561,98.0,0.26135753487648844,0.009077176471467642,0.045511840131170565,1.9844674545084815,5.733756145580007,5.968418025024596,98.0,5.851087085302302,0.11733093972229477,0.5882828198687319,1.9844674545084815,1.3031040839569976,1.3542612251301667,98.0,1.3286826545435821,0.02557857058658443,0.1282477892745287,1.9844674545084815,99.0,0.1717171717171717,0.02418552965265562,0.03879244529095907,98.0,0.031488987471807346,0.007303457819151727,0.03661863418815278,1.9844674545084815,ExtraTreesRegressor,"{'mode': 'original', 'type': 'ExtraTreesRegressor'}",6,"['nodes_T2W30', 'edges_T2W30', 're_T2W30', 'l1_T2W30', 'l3_T2W30', 'lsc_T2W30']",0.17521977704605407,0.22162872090497393,98.0,0.198424248975514,0.023204471929459923,0.11634435224448854,1.9844674545084815,2.1617665910241497,2.2309673060516833,98.0,2.1963669485379165,0.03460035751376679,0.17348191308142444,1.9844674545084815,completed,True,COMPLETE
147,1.6994189347289188,2026-06-11 14:29:29.973555,2026-06-11 14:29:48.445210,0 days 00:00:18.471655,,,,,,18.0,sqrt,3.0,11.0,359.0,,,,,ExtraTreesRegressor,,,,,,6,,,,,,,,True,0.0005889067151539284,0.009435288299042069,98.0,0.005012097507097998,0.00442319079194407,0.022177331555180823,1.9844674545084815,1.677495990188243,1.7213418792695947,98.0,1.6994189347289188,0.02192294454067588,0.10991893242089161,1.9844674545084815,0.2529678247146278,0.27122814398475686,98.0,0.26209798434969234,0.009130159635064543,0.04577749116030341,1.9844674545084815,5.781700243101632,6.034488270790623,98.0,5.908094256946128,0.12639401384449536,0.633723952564905,1.9844674545084815,1.3119316642759882,1.360815696597655,98.0,1.3363736804368216,0.024442016160833444,0.12254924595681906,1.9844674545084815,99.0,0.15151515151515152,0.019076344964378128,0.03266011498593243,98.0,0.02586822997515528,0.006791885010777153,0.03405367140006752,1.9844674545084815,ExtraTreesRegressor,"{'mode': 'original', 'type': 'ExtraTreesRegressor'}",6,"['edges_T2W30', 're_T2W30', 'l1_T2W30', 'l3_T2W30', 'lsc_T2W30', 'asp_T2W30']",0.16802352182276162,0.21424319413642715,98.0,0.19113335797959438,0.023109836156832764,0.11586986018541759,1.9844674545084815,2.1684563154796206,2.2367990504144752,98.0,2.202627682947048,0.03417136746742723,0.17133101004805937,1.9844674545084815,completed,True,COMPLETE
148,1.738213249516441,2026-06-11 14:29:48.458252,2026-06-11 14:29:48.688690,0 days 00:00:00.230438,,,,8.04099172168808,0.6668680943212619,,,,,,,,,,ElasticNet,,,,,,5,,,,,,,,True,,,,,,,,,,,,,,,,,,,,,,,,,,,,,,,,,,,,,,,,,,,,,ElasticNet,"{'mode': 'original', 'type': 'ElasticNet'}",5,"['lsc_T2W30', 'atd_T2W30', 'density_T2W30', 'diameter_T2W30', 'asp_T2W30']",,,,,,,,,,,,,,,pruned,True,PRUNED
149,1.6948803156684276,2026-06-11 14:29:48.698542,2026-06-11 14:30:11.011623,0 days 00:00:22.313081,,,,,,20.0,log2,3.0,6.0,413.0,,,,,ExtraTreesRegressor,,,,,,6,,,,,,,,True,0.0029825418679839738,0.012380049829623263,98.0,0.007681295848803619,0.004698753980819645,0.023558971301588988,1.9844674545084815,1.6727665949557307,1.7169940363811245,98.0,1.6948803156684276,0.022113720712696818,0.11087546055154389,1.9844674545084815,0.252222618415813,0.27036868497772487,98.0,0.26129565169676894,0.009073033280955954,0.04549106668638918,1.9844674545084815,5.737082735802639,5.973207120396324,98.0,5.855144928099482,0.11806219229684238,0.5919492298336508,1.9844674545084815,1.3032385966099862,1.3541578322227248,98.0,1.3286982144163555,0.025459617806369295,0.12765137474702376,1.9844674545084815,99.0,0.1717171717171717,0.02418725513576464,0.03861500732470277,98.0,0.031401131230233706,0.007213876094469066,0.036169482500373315,1.9844674545084815,ExtraTreesRegressor,"{'mode': 'original', 'type': 'ExtraTreesRegressor'}",6,"['nodes_T2W30', 'edges_T2W30', 're_T2W30', 'l1_T2W30', 'l3_T2W30', 'lsc_T2W30']",0.17589699273022993,0.2223039917291543,98.0,0.19910049222969212,0.023203499499462182,0.1163394766007534,1.9844674545084815,2.161891636398862,2.231055896025294,98.0,2.196473766212078,0.03458212981321619,0.17339052164532917,1.9844674545084815,completed,True,COMPLETE
150,1.7967838716550457,2026-06-11 14:30:11.029247,2026-06-11 14:30:11.138721,0 days 00:00:00.109474,,,,,,,,,,,,,,,LinearRegression,,,,,,6,,,,,,,,True,,,,,,,,,,,,,,,,,,,,,,,,,,,,,,,,,,,,,,,,,,,,,LinearRegression,"{'mode': 'original', 'type': 'LinearRegression'}",6,"['nodes_T2W30', 'edges_T2W30', 'lcc_T2W30', 'lsc_T2W30', 'density_T2W30', 'diameter_T2W30']",,,,,,,,,,,,,,,pruned,True,PRUNED
151,1.6945663636509507,2026-06-11 14:30:11.149760,2026-06-11 14:30:33.903835,0 days 00:00:22.754075,,,,,,20.0,log2,3.0,6.0,422.0,,,,,ExtraTreesRegressor,,,,,,6,,,,,,,,True,0.0031507012104235272,0.012570649483201569,98.0,0.007860675346812548,0.004709974136389021,0.02361522777386596,1.9844674545084815,1.6724700582608658,1.7166626690410356,98.0,1.6945663636509507,0.0220963053900848,0.11078814227795492,1.9844674545084815,0.25218734386207803,0.27033229684133847,98.0,0.26125982035170825,0.009072476489630207,0.045488275003547775,1.9844674545084815,5.736975267934147,5.973282223994374,98.0,5.855128745964261,0.11815347803011358,0.5924069252097356,1.9844674545084815,1.3036295541074558,1.3545708075762972,98.0,1.3291001808418765,0.025470626734420607,0.1277065721506505,1.9844674545084815,99.0,0.16161616161616163,0.024329352428927434,0.03882193266689689,98.0,0.03157564254791216,0.007246290118984729,0.036332002410215516,1.9844674545084815,ExtraTreesRegressor,"{'mode': 'original', 'type': 'ExtraTreesRegressor'}",6,"['nodes_T2W30', 'edges_T2W30', 're_T2W30', 'l1_T2W30', 'l3_T2W30', 'lsc_T2W30']",0.17829330505562813,0.22468023853253893,98.0,0.20148677179408353,0.023193466738455404,0.11628917357795221,1.9844674545084815,2.1616941855517813,2.2308384693603744,98.0,2.196266327456078,0.03457214190429672,0.17334044350534625,1.9844674545084815,completed,True,COMPLETE
152,1.6989234191907228,2026-06-11 14:30:33.922299,2026-06-11 14:30:57.102477,0 days 00:00:23.180178,,,,,,20.0,log2,3.0,7.0,431.0,,,,,ExtraTreesRegressor,,,,,,6,,,,,,,,True,0.0006559781207932901,0.010048025730997123,98.0,0.005352001925895206,0.004696023805101916,0.023545282538217926,1.9844674545084815,1.6765538106458253,1.7212930277356202,98.0,1.6989234191907228,0.02236960854489745,0.11215845049310044,1.9844674545084815,0.2527991896927544,0.27109803986409653,98.0,0.26194861477842546,0.009149425085671046,0.04587408574682646,1.9844674545084815,5.784522301631429,6.037764527559811,98.0,5.91114341459562,0.1266211129641912,0.6348625994626507,1.9844674545084815,1.3145296192218598,1.3629120329072375,98.0,1.3387208260645487,0.024191206842688724,0.12129171905661056,1.9844674545084815,99.0,0.1717171717171717,0.019376038898720374,0.033800357896930706,98.0,0.02658819839782554,0.007212159499105165,0.0361608757035332,1.9844674545084815,ExtraTreesRegressor,"{'mode': 'original', 'type': 'ExtraTreesRegressor'}",6,"['edges_T2W30', 're_T2W30', 'l1_T2W30', 'l3_T2W30', 'lsc_T2W30', 'diameter_T2W30']",0.1675811435825326,0.2147692021987562,98.0,0.1911751728906444,0.02359402930811181,0.11829754475923714,1.9844674545084815,2.167323656058701,2.2363843328158404,98.0,2.2018539944372706,0.034530338378569995,0.17313084579775795,1.9844674545084815,completed,True,COMPLETE
