number,value,datetime_start,datetime_complete,duration,params_dt_max_depth,params_dt_min_samples_leaf,params_dt_min_samples_split,params_elastic_alpha,params_elastic_l1_ratio,params_et_max_depth,params_et_max_features,params_et_min_samples_leaf,params_et_min_samples_split,params_et_n_estimators,params_knn_metric,params_knn_n_neighbors,params_knn_weights,params_quantile_alpha,params_regressor,params_rf_max_depth,params_rf_max_features,params_rf_min_samples_leaf,params_rf_min_samples_split,params_rf_n_estimators,params_rfe_n_features,params_rfe_proxy_et_max_depth,params_rfe_proxy_et_min_samples_leaf,params_rfe_proxy_et_min_samples_split,params_rfe_proxy_et_n_estimators,params_rfe_proxy_lsvr_C,params_rfe_proxy_lsvr_epsilon,params_rfe_proxy_type,params_use_scaler,user_attrs_d2mae_ci_lower_val,user_attrs_d2mae_ci_upper_val,user_attrs_d2mae_df_val,user_attrs_d2mae_mean_val,user_attrs_d2mae_samperror_val,user_attrs_d2mae_std_val,user_attrs_d2mae_t_critical_val,user_attrs_mae_ci_lower_val,user_attrs_mae_ci_upper_val,user_attrs_mae_df_val,user_attrs_mae_mean_val,user_attrs_mae_samperror_val,user_attrs_mae_std_val,user_attrs_mae_t_critical_val,user_attrs_mape_ci_lower_val,user_attrs_mape_ci_upper_val,user_attrs_mape_df_val,user_attrs_mape_mean_val,user_attrs_mape_samperror_val,user_attrs_mape_std_val,user_attrs_mape_t_critical_val,user_attrs_max_error_ci_lower_val,user_attrs_max_error_ci_upper_val,user_attrs_max_error_df_val,user_attrs_max_error_mean_val,user_attrs_max_error_samperror_val,user_attrs_max_error_std_val,user_attrs_max_error_t_critical_val,user_attrs_median_ae_ci_lower_val,user_attrs_median_ae_ci_upper_val,user_attrs_median_ae_df_val,user_attrs_median_ae_mean_val,user_attrs_median_ae_samperror_val,user_attrs_median_ae_std_val,user_attrs_median_ae_t_critical_val,user_attrs_n_splits_val,user_attrs_r2_below_zero_val,user_attrs_r2_ci_lower_val,user_attrs_r2_ci_upper_val,user_attrs_r2_df_val,user_attrs_r2_mean_val,user_attrs_r2_samperror_val,user_attrs_r2_std_val,user_attrs_r2_t_critical_val,user_attrs_regressor_final,user_attrs_rfe_estimator,user_attrs_rfe_n_features,user_attrs_rfe_selected_features,user_attrs_rho_ci_lower_val,user_attrs_rho_ci_upper_val,user_attrs_rho_df_val,user_attrs_rho_mean_val,user_attrs_rho_samperror_val,user_attrs_rho_std_val,user_attrs_rho_t_critical_val,user_attrs_rmse_ci_lower_val,user_attrs_rmse_ci_upper_val,user_attrs_rmse_df_val,user_attrs_rmse_mean_val,user_attrs_rmse_samperror_val,user_attrs_rmse_std_val,user_attrs_rmse_t_critical_val,user_attrs_termination_reason,user_attrs_use_scaler_final,state
82,1.6985561549783559,2026-06-11 14:17:29.551901,2026-06-11 14:17:40.343040,0 days 00:00:10.791139,,,,,,15.0,log2,3.0,4.0,185.0,,,,,ExtraTreesRegressor,,,,,,7,,,,,,,,True,0.0012219993286960822,0.009829256340760442,98.0,0.005525627834728262,0.00430362850603218,0.021577861041498118,1.9844674545084815,1.6767001719454886,1.7204121380112232,98.0,1.6985561549783559,0.021855983032867295,0.10958319570277163,1.9844674545084815,0.2529180464649652,0.27098499673794696,98.0,0.26195152160145607,0.009033475136490884,0.04529272704273026,1.9844674545084815,5.714383087026943,5.947369960989895,98.0,5.830876524008419,0.11649343698147578,0.5840836847115184,1.9844674545084815,1.3198705392179262,1.3722463032318157,98.0,1.346058421224871,0.02618788200694469,0.13130280137445863,1.9844674545084815,99.0,0.1717171717171717,0.01979317927945905,0.03284116932659219,98.0,0.026317174303025617,0.0065239950235665665,0.032710504137759326,1.9844674545084815,ExtraTreesRegressor,"{'mode': 'original', 'type': 'ExtraTreesRegressor'}",7,"['nodes_T2W30', 'edges_T2W30', 're_T2W30', 'l1_T2W30', 'l3_T2W30', 'lsc_T2W30', 'atd_T2W30']",0.16070189567633542,0.2077010715886748,98.0,0.1842014836325051,0.0234995879561697,0.11782402750143439,1.9844674545084815,2.1679795563263933,2.2364570436837234,98.0,2.2022183000050584,0.03423874367866494,0.17166882603788103,1.9844674545084815,completed,True,COMPLETE
83,1.6984905545346989,2026-06-11 14:17:40.356199,2026-06-11 14:17:51.119717,0 days 00:00:10.763518,,,,,,15.0,log2,3.0,4.0,184.0,,,,,ExtraTreesRegressor,,,,,,7,,,,,,,,True,0.0012602897327707195,0.009871240795120511,98.0,0.005565765263945616,0.004305475531174896,0.021587121797117203,1.9844674545084815,1.676626490470039,1.7203546185993588,98.0,1.6984905545346989,0.021864064064659905,0.10962371299668966,1.9844674545084815,0.2529112575204897,0.27097903388908984,98.0,0.2619451457047898,0.009033888184300082,0.045294798013358395,1.9844674545084815,5.715390529758365,5.9480081194104555,98.0,5.83169932458441,0.11630879482604485,0.5831579117813719,1.9844674545084815,1.320138014892395,1.372596300107178,98.0,1.3463671574997864,0.02622914260739152,0.1315096769218444,1.9844674545084815,99.0,0.1717171717171717,0.019827123183602628,0.032895654989164115,98.0,0.02636138908638337,0.006534265902780742,0.03276200105580113,1.9844674545084815,ExtraTreesRegressor,"{'mode': 'original', 'type': 'ExtraTreesRegressor'}",7,"['nodes_T2W30', 'edges_T2W30', 're_T2W30', 'l1_T2W30', 'l3_T2W30', 'lsc_T2W30', 'atd_T2W30']",0.16051772118173044,0.20764679778391806,98.0,0.18408225948282425,0.023564538301093816,0.11814968049759927,1.9844674545084815,2.167921368034913,2.236421696100217,98.0,2.202171532067565,0.03425016403265187,0.17172608628026237,1.9844674545084815,completed,True,COMPLETE
84,1.6982400434896012,2026-06-11 14:17:51.132272,2026-06-11 14:18:01.499264,0 days 00:00:10.366992,,,,,,15.0,log2,3.0,4.0,176.0,,,,,ExtraTreesRegressor,,,,,,7,,,,,,,,True,0.0014031802308896342,0.010031220367964635,98.0,0.0057172002994271345,0.0043140200685375,0.02162996305063519,1.9844674545084815,1.6763468250942108,1.7201332618849916,98.0,1.6982400434896012,0.0218932183953903,0.1097698892050628,1.9844674545084815,0.252847587403977,0.27092579217379437,98.0,0.2618866897888857,0.009039102384908676,0.04532094137029941,1.9844674545084815,5.713231031424672,5.946027616793285,98.0,5.8296293241089785,0.11639829268430651,0.5836066429732893,1.9844674545084815,1.322481367341211,1.3737913496195318,98.0,1.3481363584803714,0.02565499113916047,0.12863095247318515,1.9844674545084815,99.0,0.16161616161616163,0.020130782828378886,0.03329309865696935,98.0,0.026711940742674117,0.006581157914295232,0.03299711180176765,1.9844674545084815,ExtraTreesRegressor,"{'mode': 'original', 'type': 'ExtraTreesRegressor'}",7,"['nodes_T2W30', 'edges_T2W30', 're_T2W30', 'l1_T2W30', 'l3_T2W30', 'lsc_T2W30', 'atd_T2W30']",0.16169068638570167,0.2087389864844052,98.0,0.18521483643505343,0.02352415004935177,0.11794717879872414,1.9844674545084815,2.1675162428807244,2.2360236227108423,98.0,2.2017699327957834,0.03425368991505875,0.17174376461855706,1.9844674545084815,completed,True,COMPLETE
85,1.698566166526878,2026-06-11 14:18:01.566314,2026-06-11 14:18:12.170323,0 days 00:00:10.604009,,,,,,15.0,log2,3.0,4.0,182.0,,,,,ExtraTreesRegressor,,,,,,7,,,,,,,,True,0.0012387635727658143,0.009808164689110077,98.0,0.005523464130937946,0.004284700558172132,0.021482958652002285,1.9844674545084815,1.6767014994059242,1.720430833647832,98.0,1.698566166526878,0.021864667120953887,0.1096267366463596,1.9844674545084815,0.25292049245807047,0.27099299469202653,98.0,0.2619567435750485,0.009036251116978027,0.04530664546554987,1.9844674545084815,5.717379479435207,5.95080179953151,98.0,5.8340906394833585,0.11671116004815131,0.585175321239083,1.9844674545084815,1.3215809289274916,1.3733625215799925,98.0,1.347471725253742,0.025890796326250572,0.12981325051604894,1.9844674545084815,99.0,0.1717171717171717,0.01958665261815938,0.03264518796537739,98.0,0.026115920291768385,0.0065292676736090054,0.032736940552932414,1.9844674545084815,ExtraTreesRegressor,"{'mode': 'original', 'type': 'ExtraTreesRegressor'}",7,"['nodes_T2W30', 'edges_T2W30', 're_T2W30', 'l1_T2W30', 'l3_T2W30', 'lsc_T2W30', 'atd_T2W30']",0.15961455883351666,0.20643470653975932,98.0,0.183024632686638,0.02341007385312134,0.11737521486016564,1.9844674545084815,2.1681910438088066,2.2367146122091945,98.0,2.2024528280090006,0.03426178420019421,0.17178434836309697,1.9844674545084815,completed,True,COMPLETE
86,1.698566166526878,2026-06-11 14:18:12.182845,2026-06-11 14:18:22.831628,0 days 00:00:10.648783,,,,,,15.0,log2,3.0,4.0,182.0,,,,,ExtraTreesRegressor,,,,,,7,,,,,,,,True,0.0012387635727658143,0.009808164689110077,98.0,0.005523464130937946,0.004284700558172132,0.021482958652002285,1.9844674545084815,1.6767014994059242,1.720430833647832,98.0,1.698566166526878,0.021864667120953887,0.1096267366463596,1.9844674545084815,0.25292049245807047,0.27099299469202653,98.0,0.2619567435750485,0.009036251116978027,0.04530664546554987,1.9844674545084815,5.717379479435207,5.95080179953151,98.0,5.8340906394833585,0.11671116004815131,0.585175321239083,1.9844674545084815,1.3215809289274916,1.3733625215799925,98.0,1.347471725253742,0.025890796326250572,0.12981325051604894,1.9844674545084815,99.0,0.1717171717171717,0.01958665261815938,0.03264518796537739,98.0,0.026115920291768385,0.0065292676736090054,0.032736940552932414,1.9844674545084815,ExtraTreesRegressor,"{'mode': 'original', 'type': 'ExtraTreesRegressor'}",7,"['nodes_T2W30', 'edges_T2W30', 're_T2W30', 'l1_T2W30', 'l3_T2W30', 'lsc_T2W30', 'atd_T2W30']",0.15961455883351666,0.20643470653975932,98.0,0.183024632686638,0.02341007385312134,0.11737521486016564,1.9844674545084815,2.1681910438088066,2.2367146122091945,98.0,2.2024528280090006,0.03426178420019421,0.17178434836309697,1.9844674545084815,completed,True,COMPLETE
87,1.697855708701562,2026-06-11 14:18:22.844078,2026-06-11 14:18:33.059452,0 days 00:00:10.215374,,,,,,15.0,log2,3.0,4.0,173.0,,,,,ExtraTreesRegressor,,,,,,7,,,,,,,,True,0.0016264666775434424,0.010259492294761367,98.0,0.005942979486152404,0.004316512808608962,0.021642461341042734,1.9844674545084815,1.6759656463704888,1.7197457710326352,98.0,1.697855708701562,0.02189006233107317,0.10975406508892972,1.9844674545084815,0.2527922114912809,0.27087044491618645,98.0,0.26183132820373367,0.009039116712452774,0.04532101320683343,1.9844674545084815,5.7106181956638,5.943163356831381,98.0,5.82689077624759,0.11627258058379063,0.5829763380498126,1.9844674545084815,1.3208424818998037,1.3722471510863354,98.0,1.3465448164930696,0.025702334593265902,0.12886832669646667,1.9844674545084815,99.0,0.15151515151515152,0.02062776164111483,0.033745231757748066,98.0,0.027186496699431448,0.0065587350583166185,0.03288468637522772,1.9844674545084815,ExtraTreesRegressor,"{'mode': 'original', 'type': 'ExtraTreesRegressor'}",7,"['nodes_T2W30', 'edges_T2W30', 're_T2W30', 'l1_T2W30', 'l3_T2W30', 'lsc_T2W30', 'atd_T2W30']",0.16301295906040864,0.2100016776198887,98.0,0.18650731834014866,0.023494359279740022,0.11779781156451688,1.9844674545084815,2.167000139645453,2.2354648279912186,98.0,2.2012324838183357,0.03423234417288303,0.1716367397074037,1.9844674545084815,completed,True,COMPLETE
88,1.6979166504438474,2026-06-11 14:18:33.072976,2026-06-11 14:18:43.293455,0 days 00:00:10.220479,,,,,,15.0,log2,3.0,4.0,174.0,,,,,ExtraTreesRegressor,,,,,,7,,,,,,,,True,0.0015862134646540925,0.010225441263046248,98.0,0.00590582736385017,0.004319613899196078,0.021658009825692857,1.9844674545084815,1.6760298845075292,1.7198034163801657,98.0,1.6979166504438474,0.021886765936318255,0.10973753737333815,1.9844674545084815,0.2527954109943849,0.27087028995574497,98.0,0.26183285047506494,0.00903743948068005,0.045312603774170866,1.9844674545084815,5.7109330449739995,5.943439072034772,98.0,5.8271860585043855,0.1162530135303859,0.5828782312641626,1.9844674545084815,1.3215849388074423,1.372831749603588,98.0,1.3472083442055152,0.025623405398072775,0.1284725854740058,1.9844674545084815,99.0,0.15151515151515152,0.020575710269890884,0.03372740757816524,98.0,0.02715155892402806,0.006575848654137177,0.03297049182800293,1.9844674545084815,ExtraTreesRegressor,"{'mode': 'original', 'type': 'ExtraTreesRegressor'}",7,"['nodes_T2W30', 'edges_T2W30', 're_T2W30', 'l1_T2W30', 'l3_T2W30', 'lsc_T2W30', 'atd_T2W30']",0.16289036671689217,0.20965361716307035,98.0,0.18627199193998126,0.023381625223089092,0.11723257694780949,1.9844674545084815,2.1670319208652065,2.2355111966372,98.0,2.2012715587512033,0.0342396378859969,0.1716733094828448,1.9844674545084815,completed,True,COMPLETE
89,1.717208427276545,2026-06-11 14:18:43.306345,2026-06-11 14:18:44.738453,0 days 00:00:01.432108,,,,,,16.0,log2,3.0,4.0,159.0,,,,,ExtraTreesRegressor,,,,,,8,,,,,,,,True,,,,,,,,,,,,,,,,,,,,,,,,,,,,,,,,,,,,,,,,,,,,,ExtraTreesRegressor,"{'mode': 'original', 'type': 'ExtraTreesRegressor'}",8,"['nodes_T2W30', 'edges_T2W30', 're_T2W30', 'l1_T2W30', 'l3_T2W30', 'lsc_T2W30', 'atd_T2W30', 'diameter_T2W30']",,,,,,,,,,,,,,,pruned,True,PRUNED
90,1.6976809058981794,2026-06-11 14:18:44.748789,2026-06-11 14:18:57.868166,0 days 00:00:13.119377,,,,,,15.0,log2,3.0,5.0,234.0,,,,,ExtraTreesRegressor,,,,,,7,,,,,,,,True,0.0017194495867451122,0.010396414115802614,98.0,0.006057931851273863,0.004338482264528751,0.021752613475765806,1.9844674545084815,1.675710065830012,1.719651745966347,98.0,1.6976809058981794,0.021970840068167477,0.110159074671849,1.9844674545084815,0.25275748939245957,0.27087428004828773,98.0,0.26181588472037365,0.009058395327914054,0.04541767380031006,1.9844674545084815,5.718213867459653,5.95248851948341,98.0,5.835351193471531,0.11713732601187823,0.5873120646715206,1.9844674545084815,1.3149410817489198,1.3670447243108974,98.0,1.3409929030299086,0.026051821280988742,0.13062060972297948,1.9844674545084815,99.0,0.16161616161616163,0.020588655534726722,0.03386057731714552,98.0,0.027224616425936123,0.0066359608912094,0.03327188714979242,1.9844674545084815,ExtraTreesRegressor,"{'mode': 'original', 'type': 'ExtraTreesRegressor'}",7,"['nodes_T2W30', 'edges_T2W30', 're_T2W30', 'l1_T2W30', 'l3_T2W30', 'lsc_T2W30', 'atd_T2W30']",0.16623434697236364,0.21216390713791564,98.0,0.18919912705513964,0.02296478008277601,0.11514256697113696,1.9844674545084815,2.166852021990547,2.235603789690685,98.0,2.201227905840616,0.03437588385006878,0.17235642989532635,1.9844674545084815,completed,True,COMPLETE
91,1.6978321892218688,2026-06-11 14:18:57.921665,2026-06-11 14:19:10.931151,0 days 00:00:13.009486,,,,,,15.0,log2,3.0,5.0,231.0,,,,,ExtraTreesRegressor,,,,,,7,,,,,,,,True,0.001641957511493741,0.010306867948418199,98.0,0.00597441272995597,0.004332455218462229,0.021722394612234294,1.9844674545084815,1.6758370077948421,1.7198273706488956,98.0,1.6978321892218688,0.021995181427026833,0.11028111923454585,1.9844674545084815,0.25280103194115056,0.27092807820442844,98.0,0.2618645550727895,0.009063523131638915,0.0454433839739619,1.9844674545084815,5.717646521118938,5.951703987686797,98.0,5.8346752544028675,0.11702873328393013,0.5867675941647152,1.9844674545084815,1.3150021405090184,1.366869148065402,98.0,1.3409356442872102,0.025933503778191758,0.1300273803978758,1.9844674545084815,99.0,0.1717171717171717,0.020383443807932854,0.03364899138473998,98.0,0.027016217596336416,0.006632773788403561,0.03325590741051591,1.9844674545084815,ExtraTreesRegressor,"{'mode': 'original', 'type': 'ExtraTreesRegressor'}",7,"['nodes_T2W30', 'edges_T2W30', 're_T2W30', 'l1_T2W30', 'l3_T2W30', 'lsc_T2W30', 'atd_T2W30']",0.16594405351630323,0.2116614000672349,98.0,0.18880272679176907,0.02285867327546585,0.11461056056294294,1.9844674545084815,2.1670736517757576,2.235870991857611,98.0,2.2014723218166843,0.034398670040926525,0.17247067703801175,1.9844674545084815,completed,True,COMPLETE
92,1.6970892596466416,2026-06-11 14:19:10.972005,2026-06-11 14:19:24.607545,0 days 00:00:13.635540,,,,,,14.0,log2,3.0,5.0,244.0,,,,,ExtraTreesRegressor,,,,,,7,,,,,,,,True,0.0020409265855369577,0.010760142666414325,98.0,0.006400534625975641,0.004359608040438684,0.021858535503268745,1.9844674545084815,1.675131012364262,1.7190475069290212,98.0,1.6970892596466416,0.021958247282379707,0.1100959360014287,1.9844674545084815,0.25268187781276646,0.27078750233918286,98.0,0.26173469007597466,0.009052812263208193,0.04538968100440774,1.9844674545084815,5.723458740952614,5.958477084366763,98.0,5.840967912659688,0.11750917170707484,0.5891764529960671,1.9844674545084815,1.315353709724011,1.3668737008324254,98.0,1.3411137052782183,0.025759995554207115,0.12915743162291762,1.9844674545084815,99.0,0.1717171717171717,0.02081719239868418,0.03414705260459532,98.0,0.027482122501639752,0.006664930102955572,0.03341713519447483,1.9844674545084815,ExtraTreesRegressor,"{'mode': 'original', 'type': 'ExtraTreesRegressor'}",7,"['nodes_T2W30', 'edges_T2W30', 're_T2W30', 'l1_T2W30', 'l3_T2W30', 'lsc_T2W30', 'atd_T2W30']",0.16866401886028853,0.21458109410964893,98.0,0.19162255648496873,0.022958537624680204,0.11511126805833354,1.9844674545084815,2.1665486121102093,2.2353283979101954,98.0,2.2009385050102024,0.034389892899992856,0.17242666953895763,1.9844674545084815,completed,True,COMPLETE
93,1.7127247331410307,2026-06-11 14:19:24.698540,2026-06-11 14:19:28.083107,0 days 00:00:03.384567,,,,,,14.0,log2,3.0,5.0,243.0,,,,,ExtraTreesRegressor,,,,,,8,,,,,,,,True,,,,,,,,,,,,,,,,,,,,,,,,,,,,,,,,,,,,,,,,,,,,,ExtraTreesRegressor,"{'mode': 'original', 'type': 'ExtraTreesRegressor'}",8,"['nodes_T2W30', 'edges_T2W30', 're_T2W30', 'l1_T2W30', 'l3_T2W30', 'lsc_T2W30', 'atd_T2W30', 'asp_T2W30']",,,,,,,,,,,,,,,pruned,True,PRUNED
94,1.697196328817936,2026-06-11 14:19:28.093806,2026-06-11 14:19:41.980913,0 days 00:00:13.887107,,,,,,17.0,log2,3.0,5.0,250.0,,,,,ExtraTreesRegressor,,,,,,7,,,,,,,,True,0.0019786744764163002,0.01071653076635468,98.0,0.00634760262138549,0.00436892814496919,0.021905265354641743,1.9844674545084815,1.675182841329102,1.71920981630677,98.0,1.697196328817936,0.02201348748883402,0.11037290356428968,1.9844674545084815,0.2527018374004305,0.27081500552596605,98.0,0.2617584214631983,0.009056584062767766,0.04540859234089014,1.9844674545084815,5.720434048735307,5.956134197176421,98.0,5.838284122955864,0.11785007422055621,0.5908856960346537,1.9844674545084815,1.3150502783299598,1.3666266063999029,98.0,1.3408384423649313,0.025788164034971445,0.12929866490149428,1.9844674545084815,99.0,0.16161616161616163,0.02069949016123321,0.03409642851894874,98.0,0.027397959340090976,0.006698469178857768,0.03358529597281884,1.9844674545084815,ExtraTreesRegressor,"{'mode': 'original', 'type': 'ExtraTreesRegressor'}",7,"['nodes_T2W30', 'edges_T2W30', 're_T2W30', 'l1_T2W30', 'l3_T2W30', 'lsc_T2W30', 'atd_T2W30']",0.16865023751687355,0.21469573348271462,98.0,0.19167298549979409,0.023022747982920522,0.11543321085278997,1.9844674545084815,2.1666017613006128,2.2355029222210465,98.0,2.2010523417608296,0.03445058046021683,0.17273094945987202,1.9844674545084815,completed,True,COMPLETE
95,1.7006596416936988,2026-06-11 14:19:41.993974,2026-06-11 14:19:45.696923,0 days 00:00:03.702949,,,,,,17.0,log2,4.0,5.0,262.0,,,,,ExtraTreesRegressor,,,,,,8,,,,,,,,True,,,,,,,,,,,,,,,,,,,,,,,,,,,,,,,,,,,,,,,,,,,,,ExtraTreesRegressor,"{'mode': 'original', 'type': 'ExtraTreesRegressor'}",8,"['edges_T2W30', 're_T2W30', 'l1_T2W30', 'l3_T2W30', 'lsc_T2W30', 'atd_T2W30', 'diameter_T2W30', 'asp_T2W30']",,,,,,,,,,,,,,,pruned,True,PRUNED
96,1.7193798573654329,2026-06-11 14:19:45.707317,2026-06-11 14:19:47.899307,0 days 00:00:02.191990,,,,,,17.0,log2,2.0,5.0,243.0,,,,,ExtraTreesRegressor,,,,,,6,,,,,,,,True,,,,,,,,,,,,,,,,,,,,,,,,,,,,,,,,,,,,,,,,,,,,,ExtraTreesRegressor,"{'mode': 'original', 'type': 'ExtraTreesRegressor'}",6,"['edges_T2W30', 're_T2W30', 'l3_T2W30', 'lsc_T2W30', 'density_T2W30', 'diameter_T2W30']",,,,,,,,,,,,,,,pruned,True,PRUNED
97,1.697214032671121,2026-06-11 14:19:47.909497,2026-06-11 14:20:00.645242,0 days 00:00:12.735745,,,,,,13.0,log2,3.0,3.0,221.0,,,,,ExtraTreesRegressor,,,,,,7,,,,,,,,True,0.0018679991592625489,0.010884500777690907,98.0,0.006376249968476728,0.004508250809214179,0.022603811961254265,1.9844674545084815,1.6749004963645913,1.7195275689776506,98.0,1.697214032671121,0.02231353630652977,0.11187731122513443,1.9844674545084815,0.2526063792619205,0.27090416271037326,98.0,0.26175527098614687,0.009148891724226402,0.04587141153851101,1.9844674545084815,5.750269674537509,5.994373102272745,98.0,5.872321388405127,0.12205171386761823,0.6119521975516125,1.9844674545084815,1.3141413500475772,1.3677713322361582,98.0,1.3409563411418677,0.026814991094290575,0.13444704877537705,1.9844674545084815,99.0,0.1717171717171717,0.01999020955140709,0.03350931262311809,98.0,0.02674976108726259,0.006759551535855502,0.03389155535592704,1.9844674545084815,ExtraTreesRegressor,"{'mode': 'original', 'type': 'ExtraTreesRegressor'}",7,"['nodes_T2W30', 'edges_T2W30', 're_T2W30', 'l1_T2W30', 'l3_T2W30', 'lsc_T2W30', 'diameter_T2W30']",0.16290960541354152,0.20890342471022041,98.0,0.18590651506188097,0.022996909648339448,0.11530366063897558,1.9844674545084815,2.167366504361092,2.236067032164775,98.0,2.2017167682629335,0.03435026390184167,0.17222797464367998,1.9844674545084815,completed,True,COMPLETE
98,1.7013117205017219,2026-06-11 14:20:00.658515,2026-06-11 14:20:03.863300,0 days 00:00:03.204785,,,,,,13.0,log2,4.0,3.0,226.0,,,,,ExtraTreesRegressor,,,,,,8,,,,,,,,True,,,,,,,,,,,,,,,,,,,,,,,,,,,,,,,,,,,,,,,,,,,,,ExtraTreesRegressor,"{'mode': 'original', 'type': 'ExtraTreesRegressor'}",8,"['edges_T2W30', 're_T2W30', 'l1_T2W30', 'l3_T2W30', 'lsc_T2W30', 'atd_T2W30', 'diameter_T2W30', 'asp_T2W30']",,,,,,,,,,,,,,,pruned,True,PRUNED
99,1.783648735169555,2026-06-11 14:20:03.873561,2026-06-11 14:20:05.437247,0 days 00:00:01.563686,,,,,,17.0,log2,2.0,3.0,276.0,,,,,ExtraTreesRegressor,,,,,,6,,,,,,,,True,,,,,,,,,,,,,,,,,,,,,,,,,,,,,,,,,,,,,,,,,,,,,ExtraTreesRegressor,"{'mode': 'original', 'type': 'ExtraTreesRegressor'}",6,"['nodes_T2W30', 'edges_T2W30', 're_T2W30', 'l1_T2W30', 'l3_T2W30', 'atd_T2W30']",,,,,,,,,,,,,,,pruned,True,PRUNED
