number,value,datetime_start,datetime_complete,duration,params_dt_max_depth,params_dt_min_samples_leaf,params_dt_min_samples_split,params_elastic_alpha,params_elastic_l1_ratio,params_et_max_depth,params_et_max_features,params_et_min_samples_leaf,params_et_min_samples_split,params_et_n_estimators,params_knn_metric,params_knn_n_neighbors,params_knn_weights,params_quantile_alpha,params_regressor,params_rf_max_depth,params_rf_max_features,params_rf_min_samples_leaf,params_rf_min_samples_split,params_rf_n_estimators,params_rfe_n_features,params_rfe_proxy_et_max_depth,params_rfe_proxy_et_min_samples_leaf,params_rfe_proxy_et_min_samples_split,params_rfe_proxy_et_n_estimators,params_rfe_proxy_lsvr_C,params_rfe_proxy_lsvr_epsilon,params_rfe_proxy_type,params_use_scaler,user_attrs_d2mae_ci_lower_val,user_attrs_d2mae_ci_upper_val,user_attrs_d2mae_df_val,user_attrs_d2mae_mean_val,user_attrs_d2mae_samperror_val,user_attrs_d2mae_std_val,user_attrs_d2mae_t_critical_val,user_attrs_mae_ci_lower_val,user_attrs_mae_ci_upper_val,user_attrs_mae_df_val,user_attrs_mae_mean_val,user_attrs_mae_samperror_val,user_attrs_mae_std_val,user_attrs_mae_t_critical_val,user_attrs_mape_ci_lower_val,user_attrs_mape_ci_upper_val,user_attrs_mape_df_val,user_attrs_mape_mean_val,user_attrs_mape_samperror_val,user_attrs_mape_std_val,user_attrs_mape_t_critical_val,user_attrs_max_error_ci_lower_val,user_attrs_max_error_ci_upper_val,user_attrs_max_error_df_val,user_attrs_max_error_mean_val,user_attrs_max_error_samperror_val,user_attrs_max_error_std_val,user_attrs_max_error_t_critical_val,user_attrs_median_ae_ci_lower_val,user_attrs_median_ae_ci_upper_val,user_attrs_median_ae_df_val,user_attrs_median_ae_mean_val,user_attrs_median_ae_samperror_val,user_attrs_median_ae_std_val,user_attrs_median_ae_t_critical_val,user_attrs_n_splits_val,user_attrs_r2_below_zero_val,user_attrs_r2_ci_lower_val,user_attrs_r2_ci_upper_val,user_attrs_r2_df_val,user_attrs_r2_mean_val,user_attrs_r2_samperror_val,user_attrs_r2_std_val,user_attrs_r2_t_critical_val,user_attrs_regressor_final,user_attrs_rfe_estimator,user_attrs_rfe_n_features,user_attrs_rfe_selected_features,user_attrs_rho_ci_lower_val,user_attrs_rho_ci_upper_val,user_attrs_rho_df_val,user_attrs_rho_mean_val,user_attrs_rho_samperror_val,user_attrs_rho_std_val,user_attrs_rho_t_critical_val,user_attrs_rmse_ci_lower_val,user_attrs_rmse_ci_upper_val,user_attrs_rmse_df_val,user_attrs_rmse_mean_val,user_attrs_rmse_samperror_val,user_attrs_rmse_std_val,user_attrs_rmse_t_critical_val,user_attrs_termination_reason,user_attrs_use_scaler_final,state
218,1.6942934799671476,2026-06-11 14:51:16.217635,2026-06-11 14:51:39.053142,0 days 00:00:22.835507,,,,,,17.0,sqrt,3.0,3.0,446.0,,,,,ExtraTreesRegressor,,,,,,6,,,,,,,,True,0.003338867019746893,0.012712011869693344,98.0,0.008025439444720119,0.004686572424973226,0.023497894487232253,1.9844674545084815,1.6721881218130272,1.716398838121268,98.0,1.6942934799671476,0.022105358154120326,0.11083353171715168,1.9844674545084815,0.2521500087212427,0.2702942461255571,98.0,0.2612221274233999,0.009072118702157211,0.04548648110141058,1.9844674545084815,5.737993794309605,5.974549250647246,98.0,5.856271522478425,0.11827772816882066,0.5930299000375234,1.9844674545084815,1.301994117075301,1.3527435888164452,98.0,1.3273688529458731,0.025374735870572106,0.12722578721942981,1.9844674545084815,99.0,0.16161616161616163,0.024399214245393906,0.03880056495271864,98.0,0.031599889599056276,0.0072006753536623695,0.036103295618682085,1.9844674545084815,ExtraTreesRegressor,"{'mode': 'original', 'type': 'ExtraTreesRegressor'}",6,"['nodes_T2W30', 'edges_T2W30', 're_T2W30', 'l1_T2W30', 'l3_T2W30', 'lsc_T2W30']",0.17790556402587757,0.22434706294966397,98.0,0.20112631348777077,0.0232207494618932,0.11642596577884716,1.9844674545084815,2.1616872372229032,2.2307944093112297,98.0,2.1962408232670665,0.034553586044163115,0.1732474067176897,1.9844674545084815,completed,True,COMPLETE
219,1.6943742663599035,2026-06-11 14:51:39.066096,2026-06-11 14:52:01.585600,0 days 00:00:22.519504,,,,,,17.0,sqrt,3.0,3.0,444.0,,,,,ExtraTreesRegressor,,,,,,6,,,,,,,,True,0.003292917244576291,0.01266356732138515,98.0,0.00797824228298072,0.0046853250384044295,0.02349164024525742,1.9844674545084815,1.6722682899524828,1.7164802427673242,98.0,1.6943742663599035,0.02210597640742075,0.1108366315627323,1.9844674545084815,0.2521607409590206,0.2703056698593987,98.0,0.26123320540920963,0.009072464450189045,0.04548821463927887,1.9844674545084815,5.738578849381248,5.975071585454971,98.0,5.85682521741811,0.1182463680368612,0.5928726642146089,1.9844674545084815,1.3022118235673286,1.3530768302474787,98.0,1.3276443269074036,0.025432503340075036,0.1275154261666359,1.9844674545084815,99.0,0.1717171717171717,0.024331765275906005,0.03873496146628954,98.0,0.03153336337109777,0.007201598095191766,0.036107922130582594,1.9844674545084815,ExtraTreesRegressor,"{'mode': 'original', 'type': 'ExtraTreesRegressor'}",6,"['nodes_T2W30', 'edges_T2W30', 're_T2W30', 'l1_T2W30', 'l3_T2W30', 'lsc_T2W30']",0.17741177851762063,0.2236579865467656,98.0,0.20053488253219312,0.023123104014572498,0.11593638358310981,1.9844674545084815,2.161762807988678,2.2308688240240464,98.0,2.1963158160063623,0.03455300801768404,0.17324450856441595,1.9844674545084815,completed,True,COMPLETE
220,1.902242261334696,2026-06-11 14:52:01.598510,2026-06-11 14:52:01.874758,0 days 00:00:00.276248,,,,,,,,,,,manhattan,5.0,distance,,KNeighborsRegressor,,,,,,6,7.0,3.0,7.0,50.0,,,ExtraTrees,,,,,,,,,,,,,,,,,,,,,,,,,,,,,,,,,,,,,,,,,,,,,,KNeighborsRegressor,"{'mode': 'proxy', 'type': 'ExtraTrees'}",6,"['edges_T2W30', 're_T2W30', 'l3_T2W30', 'lcc_T2W30', 'lsc_T2W30', 'diameter_T2W30']",,,,,,,,,,,,,,,pruned,True,PRUNED
221,1.6943467467039537,2026-06-11 14:52:01.884368,2026-06-11 14:52:24.687870,0 days 00:00:22.803502,,,,,,16.0,sqrt,3.0,4.0,447.0,,,,,ExtraTreesRegressor,,,,,,6,,,,,,,,True,0.0033158552833062634,0.01267820471036411,98.0,0.007997029996835187,0.004681174713528923,0.02347083102965825,1.9844674545084815,1.672229182399868,1.7164643110080393,98.0,1.6943467467039537,0.022117564304085634,0.11089473184337865,1.9844674545084815,0.2521591624042025,0.2703079217002167,98.0,0.2612335420522096,0.009074379648007102,0.04549781720426027,1.9844674545084815,5.738506720886727,5.975367977453917,98.0,5.856937349170322,0.11843062828359527,0.5937965223017851,1.9844674545084815,1.3017635079731091,1.3524563947882355,98.0,1.3271099513806723,0.02534644340756329,0.12708393230921386,1.9844674545084815,99.0,0.16161616161616163,0.02432469227519723,0.03870720729654867,98.0,0.03151594978587295,0.007191257510675719,0.03605607571877861,1.9844674545084815,ExtraTreesRegressor,"{'mode': 'original', 'type': 'ExtraTreesRegressor'}",6,"['nodes_T2W30', 'edges_T2W30', 're_T2W30', 'l1_T2W30', 'l3_T2W30', 'lsc_T2W30']",0.17746846000366073,0.2238375622295971,98.0,0.20065301111662892,0.023184551112968188,0.11624447173447489,1.9844674545084815,2.1617740800036613,2.2309135950826264,98.0,2.196343837543144,0.03456975753948243,0.17332848859507394,1.9844674545084815,completed,True,COMPLETE
222,1.6943084844532645,2026-06-11 14:52:24.700775,2026-06-11 14:52:47.320667,0 days 00:00:22.619892,,,,,,16.0,sqrt,3.0,4.0,446.0,,,,,ExtraTreesRegressor,,,,,,6,,,,,,,,True,0.0033340403768314982,0.012702117360853372,98.0,0.008018078868842435,0.004684038492010937,0.023485189660764978,1.9844674545084815,1.6721960697432694,1.7164208991632597,98.0,1.6943084844532645,0.022112414709995087,0.11086891241552836,1.9844674545084815,0.25215174866667406,0.2702979251671695,98.0,0.2612248369169218,0.009073088250247743,0.045491342295619415,1.9844674545084815,5.737845188748505,5.974608827210378,98.0,5.856227007979442,0.1183818192309363,0.5935517997486265,1.9844674545084815,1.3021028014052636,1.3528687974450904,98.0,1.327485799425177,0.025382998019913457,0.12726721261433596,1.9844674545084815,99.0,0.16161616161616163,0.024393341987470847,0.038801927444634156,98.0,0.0315976347160525,0.007204292728581653,0.036121432689117855,1.9844674545084815,ExtraTreesRegressor,"{'mode': 'original', 'type': 'ExtraTreesRegressor'}",6,"['nodes_T2W30', 'edges_T2W30', 're_T2W30', 'l1_T2W30', 'l3_T2W30', 'lsc_T2W30']",0.17770566257536113,0.2240160707557114,98.0,0.20086086666553626,0.023155204090175133,0.11609732939193239,1.9844674545084815,2.161681281685323,2.230813743205718,98.0,2.1962475124455203,0.03456623076019758,0.17331080575994404,1.9844674545084815,completed,True,COMPLETE
223,1.6942813795659912,2026-06-11 14:52:47.334213,2026-06-11 14:53:10.170472,0 days 00:00:22.836259,,,,,,16.0,sqrt,3.0,3.0,445.0,,,,,ExtraTreesRegressor,,,,,,6,,,,,,,,True,0.00335462899686004,0.012716454491607635,98.0,0.008035541744233838,0.004680912747373798,0.02346951756375734,1.9844674545084815,1.672162735503186,1.7164000236287964,98.0,1.6942813795659912,0.022118644062805125,0.11090014562004986,1.9844674545084815,0.2521500044659291,0.27029664892657174,98.0,0.2612233266962504,0.009073322230321309,0.045492515442768805,1.9844674545084815,5.738003546653233,5.974702717125598,98.0,5.856353131889415,0.11834958523618272,0.5933901824857447,1.9844674545084815,1.3021956971755089,1.3530110935466892,98.0,1.327603395361099,0.02540769818559021,0.12739105619003677,1.9844674545084815,99.0,0.16161616161616163,0.0243960013582775,0.03879248377527252,98.0,0.03159424256677501,0.007198241208497514,0.03609109111588904,1.9844674545084815,ExtraTreesRegressor,"{'mode': 'original', 'type': 'ExtraTreesRegressor'}",6,"['nodes_T2W30', 'edges_T2W30', 're_T2W30', 'l1_T2W30', 'l3_T2W30', 'lsc_T2W30']",0.17748120497067674,0.2237015171995875,98.0,0.20059136108513212,0.023110156114455372,0.11587146441336389,1.9844674545084815,2.161685680556242,2.2308212882508434,98.0,2.1962534844035426,0.03456780384730081,0.1733186930241147,1.9844674545084815,completed,True,COMPLETE
224,2.415390070921986,2026-06-11 14:53:10.183626,2026-06-11 14:53:10.311238,0 days 00:00:00.127612,16.0,2.0,7.0,,,,,,,,,,,,DecisionTreeRegressor,,,,,,6,,,,,,,,True,,,,,,,,,,,,,,,,,,,,,,,,,,,,,,,,,,,,,,,,,,,,,DecisionTreeRegressor,"{'mode': 'original', 'type': 'DecisionTreeRegressor'}",6,"['edges_T2W30', 're_T2W30', 'l1_T2W30', 'lcc_T2W30', 'atd_T2W30', 'diameter_T2W30']",,,,,,,,,,,,,,,pruned,True,PRUNED
225,1.6944591724589568,2026-06-11 14:53:10.320941,2026-06-11 14:53:34.016933,0 days 00:00:23.695992,,,,,,16.0,sqrt,3.0,3.0,469.0,,,,,ExtraTreesRegressor,,,,,,6,,,,,,,,True,0.003552473641753451,0.012344776411617046,98.0,0.007948625026685249,0.004396151384931797,0.022041759312749227,1.9844674545084815,1.6724268286093178,1.7164915163085959,98.0,1.6944591724589568,0.022032343849638952,0.11046744702514531,1.9844674545084815,0.2523658186020384,0.27054148164290664,98.0,0.2614536501224725,0.009087831520434157,0.04556526322883515,1.9844674545084815,5.7552708381510085,5.999100843707182,98.0,5.877185840929095,0.12191500277808656,0.6112667450576038,1.9844674545084815,1.3032620974553764,1.3515989086459865,98.0,1.3274305030506814,0.02416840559530503,0.12117739642236632,1.9844674545084815,99.0,0.15151515151515152,0.023628568152242277,0.036896808268635346,98.0,0.03026268821043881,0.006634120058196533,0.03326265744074654,1.9844674545084815,ExtraTreesRegressor,"{'mode': 'original', 'type': 'ExtraTreesRegressor'}",6,"['edges_T2W30', 're_T2W30', 'l1_T2W30', 'l3_T2W30', 'lsc_T2W30', 'atd_T2W30']",0.1840656290450427,0.22923742549516085,98.0,0.20665152727010178,0.022585898225059076,0.11324290019797068,1.9844674545084815,2.163331361579155,2.2323819112577596,98.0,2.1978566364184573,0.034525274839302456,0.17310545783814668,1.9844674545084815,completed,True,COMPLETE
226,1.6944849491004006,2026-06-11 14:53:34.029650,2026-06-11 14:53:56.348585,0 days 00:00:22.318935,,,,,,16.0,sqrt,3.0,4.0,440.0,,,,,ExtraTreesRegressor,,,,,,6,,,,,,,,True,0.003234698572641465,0.012597132814337874,98.0,0.00791591569348967,0.004681217120848204,0.023471043654712045,1.9844674545084815,1.6723667606788248,1.7166031375219764,98.0,1.6944849491004006,0.02211818842157577,0.11089786109128118,1.9844674545084815,0.25218283842327927,0.2703298999169532,98.0,0.26125636917011624,0.009073530746836986,0.04549356091878837,1.9844674545084815,5.738404348864602,5.974960030058627,98.0,5.856682189461615,0.1182778405970128,0.5930304637385733,1.9844674545084815,1.3025505227442167,1.353392816582595,98.0,1.3279716696634059,0.02542114691918928,0.12745848647691635,1.9844674545084815,99.0,0.1717171717171717,0.024245389289513523,0.03864017473713214,98.0,0.03144278201332283,0.007197392723809309,0.036086836918605925,1.9844674545084815,ExtraTreesRegressor,"{'mode': 'original', 'type': 'ExtraTreesRegressor'}",6,"['nodes_T2W30', 'edges_T2W30', 're_T2W30', 'l1_T2W30', 'l3_T2W30', 'lsc_T2W30']",0.17712033356973453,0.22338868885743293,98.0,0.20025451121358373,0.023134177643849202,0.11599190539067822,1.9844674545084815,2.1618565277433395,2.23099197055619,98.0,2.1964242491497648,0.03456772140642508,0.17331827967576038,1.9844674545084815,completed,True,COMPLETE
227,1.6931426600988797,2026-06-11 14:53:56.361578,2026-06-11 14:54:00.303773,0 days 00:00:03.942195,,,,,,17.0,sqrt,3.0,4.0,466.0,,,,,ExtraTreesRegressor,,,,,,7,,,,,,,,True,,,,,,,,,,,,,,,,,,,,,,,,,,,,,,,,,,,,,,,,,,,,,ExtraTreesRegressor,"{'mode': 'original', 'type': 'ExtraTreesRegressor'}",7,"['nodes_T2W30', 'edges_T2W30', 're_T2W30', 'l1_T2W30', 'l3_T2W30', 'lsc_T2W30', 'atd_T2W30']",,,,,,,,,,,,,,,pruned,True,PRUNED
228,1.6946997506630896,2026-06-11 14:54:00.313593,2026-06-11 14:54:22.270646,0 days 00:00:21.957053,,,,,,17.0,sqrt,3.0,3.0,431.0,,,,,ExtraTreesRegressor,,,,,,6,,,,,,,,True,0.003117136616211583,0.012452361173298798,98.0,0.00778474889475519,0.004667612278543607,0.023402830658091022,1.9844674545084815,1.6726169008846825,1.7167826004414968,98.0,1.6946997506630896,0.02208284977840707,0.11072067750523966,1.9844674545084815,0.25221672196526124,0.2703649808101515,98.0,0.26129085138770636,0.00907412942244512,0.045496562604241265,1.9844674545084815,5.738479532354953,5.9748170164000545,98.0,5.856648274377504,0.11816874202255064,0.5924834569799113,1.9844674545084815,1.3030505199723175,1.35360184346581,98.0,1.3283261817190637,0.025275661746746142,0.12672904181639877,1.9844674545084815,99.0,0.1717171717171717,0.02411436022204708,0.03846282422014742,98.0,0.03128859222109725,0.007174231999050169,0.03597071190926261,1.9844674545084815,ExtraTreesRegressor,"{'mode': 'original', 'type': 'ExtraTreesRegressor'}",6,"['nodes_T2W30', 'edges_T2W30', 're_T2W30', 'l1_T2W30', 'l3_T2W30', 'lsc_T2W30']",0.17676376264515675,0.22306438609179402,98.0,0.1999140743684754,0.023150311723318648,0.11607279966961893,1.9844674545084815,2.1620481401389413,2.2311422666851493,98.0,2.1965952034120453,0.034547063273103924,0.17321470235035794,1.9844674545084815,completed,True,COMPLETE
229,1.69438713687478,2026-06-11 14:54:22.283818,2026-06-11 14:54:44.981829,0 days 00:00:22.698011,,,,,,16.0,sqrt,3.0,4.0,443.0,,,,,ExtraTreesRegressor,,,,,,6,,,,,,,,True,0.003288674785888928,0.012656728319742828,98.0,0.007972701552815879,0.004684026766926951,0.02348513087264407,1.9844674545084815,1.6722702698677436,1.7165040038818165,98.0,1.69438713687478,0.022116867007036353,0.11089123568221768,1.9844674545084815,0.25215934719496713,0.2703071602029432,98.0,0.26123325369895517,0.009073906503988047,0.04549544491866883,1.9844674545084815,5.738539214071709,5.975253878797059,98.0,5.856896546434384,0.11835733236267437,0.5934290256197823,1.9844674545084815,1.3021900429184838,1.353138972211998,98.0,1.327664507565241,0.025474464646757154,0.12772581496841962,1.9844674545084815,99.0,0.1717171717171717,0.024342945424328882,0.03875854456823942,98.0,0.03155074499628415,0.00720779957195527,0.03613901556805458,1.9844674545084815,ExtraTreesRegressor,"{'mode': 'original', 'type': 'ExtraTreesRegressor'}",6,"['nodes_T2W30', 'edges_T2W30', 're_T2W30', 'l1_T2W30', 'l3_T2W30', 'lsc_T2W30']",0.1773504382910288,0.22365791588145467,98.0,0.20050417708624174,0.023153738795212927,0.11608998258422466,1.9844674545084815,2.1617316373100812,2.2308701423590933,98.0,2.1963008898345873,0.03456925252450604,0.1733259565124443,1.9844674545084815,completed,True,COMPLETE
230,1.6895376618788058,2026-06-11 14:54:44.994573,2026-06-11 14:54:57.844596,0 days 00:00:12.850023,,,,,,18.0,sqrt,3.0,4.0,448.0,,,,,ExtraTreesRegressor,,,,,,5,,,,,,,,True,,,,,,,,,,,,,,,,,,,,,,,,,,,,,,,,,,,,,,,,,,,,,ExtraTreesRegressor,"{'mode': 'original', 'type': 'ExtraTreesRegressor'}",5,"['edges_T2W30', 're_T2W30', 'l1_T2W30', 'l3_T2W30', 'lsc_T2W30']",,,,,,,,,,,,,,,pruned,True,PRUNED
231,1.6943467467039537,2026-06-11 14:54:57.877560,2026-06-11 14:55:20.522276,0 days 00:00:22.644716,,,,,,16.0,sqrt,3.0,3.0,447.0,,,,,ExtraTreesRegressor,,,,,,6,,,,,,,,True,0.0033158552833062634,0.01267820471036411,98.0,0.007997029996835187,0.004681174713528923,0.02347083102965825,1.9844674545084815,1.672229182399868,1.7164643110080393,98.0,1.6943467467039537,0.022117564304085634,0.11089473184337865,1.9844674545084815,0.2521591624042025,0.2703079217002167,98.0,0.2612335420522096,0.009074379648007102,0.04549781720426027,1.9844674545084815,5.738506720886727,5.975367977453917,98.0,5.856937349170322,0.11843062828359527,0.5937965223017851,1.9844674545084815,1.3017635079731091,1.3524563947882355,98.0,1.3271099513806723,0.02534644340756329,0.12708393230921386,1.9844674545084815,99.0,0.16161616161616163,0.02432469227519723,0.03870720729654867,98.0,0.03151594978587295,0.007191257510675719,0.03605607571877861,1.9844674545084815,ExtraTreesRegressor,"{'mode': 'original', 'type': 'ExtraTreesRegressor'}",6,"['nodes_T2W30', 'edges_T2W30', 're_T2W30', 'l1_T2W30', 'l3_T2W30', 'lsc_T2W30']",0.17746846000366073,0.2238375622295971,98.0,0.20065301111662892,0.023184551112968188,0.11624447173447489,1.9844674545084815,2.1617740800036613,2.2309135950826264,98.0,2.196343837543144,0.03456975753948243,0.17332848859507394,1.9844674545084815,completed,True,COMPLETE
232,1.6945756064247273,2026-06-11 14:55:20.535448,2026-06-11 14:55:42.880761,0 days 00:00:22.345313,,,,,,16.0,sqrt,3.0,3.0,437.0,,,,,ExtraTreesRegressor,,,,,,6,,,,,,,,True,0.003179744389900368,0.012546264383484891,98.0,0.00786300438669263,0.004683259996792261,0.023481286382025537,1.9844674545084815,1.6724541470255958,1.7166970658238587,98.0,1.6945756064247273,0.022121459399131523,0.11091426136817982,1.9844674545084815,0.2521924756004101,0.2703410107327024,98.0,0.26126674316655624,0.009074267566146148,0.04549725523967212,1.9844674545084815,5.738445650994654,5.9750683307999495,98.0,5.856756990897302,0.11831133990264735,0.5931984251137142,1.9844674545084815,1.3030575047246238,1.3541093439052245,98.0,1.3285834243149242,0.025525919590300313,0.12798380369121856,1.9844674545084815,99.0,0.1717171717171717,0.024212103554666374,0.03861161360201492,98.0,0.03141185857834065,0.007199755023674273,0.036098681197951385,1.9844674545084815,ExtraTreesRegressor,"{'mode': 'original', 'type': 'ExtraTreesRegressor'}",6,"['nodes_T2W30', 'edges_T2W30', 're_T2W30', 'l1_T2W30', 'l3_T2W30', 'lsc_T2W30']",0.17650918659626305,0.22281582827930993,98.0,0.1996625074377865,0.023153320841523436,0.11608788701611952,1.9844674545084815,2.161889270540806,2.231029198916281,98.0,2.1964592347285437,0.03456996418773772,0.17332952470386703,1.9844674545084815,completed,True,COMPLETE
233,1.6944224434709347,2026-06-11 14:55:42.895335,2026-06-11 14:56:06.453611,0 days 00:00:23.558276,,,,,,17.0,sqrt,3.0,3.0,464.0,,,,,ExtraTreesRegressor,,,,,,6,,,,,,,,True,0.0032426542917253515,0.012659855306790457,98.0,0.007951254799257904,0.004708600507532553,0.023608340568674824,1.9844674545084815,1.6722980148964253,1.7165468720454442,98.0,1.6944224434709347,0.022124428574509462,0.11092914844628687,1.9844674545084815,0.2521777061029875,0.2703319167924344,98.0,0.26125481144771096,0.00907710534472347,0.04551148351047249,1.9844674545084815,5.739595537243184,5.976518663567968,98.0,5.858057100405576,0.11846156316239184,0.5939516259579377,1.9844674545084815,1.3030664976687334,1.3537920702523272,98.0,1.3284292839605303,0.02536278629179689,0.12716587350941636,1.9844674545084815,99.0,0.1717171717171717,0.02421279146836745,0.038692781460716766,98.0,0.03145278646454211,0.007239994996174659,0.03630043944304851,1.9844674545084815,ExtraTreesRegressor,"{'mode': 'original', 'type': 'ExtraTreesRegressor'}",6,"['nodes_T2W30', 'edges_T2W30', 're_T2W30', 'l1_T2W30', 'l3_T2W30', 'lsc_T2W30']",0.1766884629036028,0.2231165726340314,98.0,0.1999025177688171,0.02321405486521431,0.11639239989911022,1.9844674545084815,2.1618384789223106,2.2309724989702056,98.0,2.196405488946258,0.034567010023947645,0.1733147128920048,1.9844674545084815,completed,True,COMPLETE
234,1.6943379164873824,2026-06-11 14:56:06.466361,2026-06-11 14:56:29.261425,0 days 00:00:22.795064,,,,,,17.0,sqrt,3.0,2.0,448.0,,,,,ExtraTreesRegressor,,,,,,6,,,,,,,,True,0.0033114173935122415,0.012691024590703984,98.0,0.008001220992108113,0.004689803598595871,0.0235140951921334,1.9844674545084815,1.6722205212495278,1.716455311725237,98.0,1.6943379164873824,0.022117395237854658,0.11089388416620724,1.9844674545084815,0.2521595633477827,0.2703098720840938,98.0,0.26123471771593826,0.009075154368155538,0.045501701555264444,1.9844674545084815,5.739799542492711,5.9766207293473235,98.0,5.858210135920017,0.11841059342730667,0.5936960700103349,1.9844674545084815,1.3017493967885603,1.352356604961014,98.0,1.3270530008747872,0.02530360408622681,0.12686914125054907,1.9844674545084815,99.0,0.16161616161616163,0.0242872242033151,0.038693025052635985,98.0,0.03149012462797554,0.007202900424660441,0.036114451849461895,1.9844674545084815,ExtraTreesRegressor,"{'mode': 'original', 'type': 'ExtraTreesRegressor'}",6,"['nodes_T2W30', 'edges_T2W30', 're_T2W30', 'l1_T2W30', 'l3_T2W30', 'lsc_T2W30']",0.1777432311928516,0.2240663317803843,98.0,0.20090478148661794,0.02316155029376635,0.11612914847181822,1.9844674545084815,2.161804654595029,2.230931728723326,98.0,2.1963681916591775,0.034563537064148504,0.17329729990111967,1.9844674545084815,completed,True,COMPLETE
