number,value,datetime_start,datetime_complete,duration,params_dt_max_depth,params_dt_min_samples_leaf,params_dt_min_samples_split,params_elastic_alpha,params_elastic_l1_ratio,params_et_max_depth,params_et_max_features,params_et_min_samples_leaf,params_et_min_samples_split,params_et_n_estimators,params_knn_metric,params_knn_n_neighbors,params_knn_weights,params_quantile_alpha,params_regressor,params_rf_max_depth,params_rf_max_features,params_rf_min_samples_leaf,params_rf_min_samples_split,params_rf_n_estimators,params_rfe_n_features,params_rfe_proxy_et_max_depth,params_rfe_proxy_et_min_samples_leaf,params_rfe_proxy_et_min_samples_split,params_rfe_proxy_et_n_estimators,params_rfe_proxy_lsvr_C,params_rfe_proxy_lsvr_epsilon,params_rfe_proxy_type,params_use_scaler,user_attrs_d2mae_ci_lower_val,user_attrs_d2mae_ci_upper_val,user_attrs_d2mae_df_val,user_attrs_d2mae_mean_val,user_attrs_d2mae_samperror_val,user_attrs_d2mae_std_val,user_attrs_d2mae_t_critical_val,user_attrs_mae_ci_lower_val,user_attrs_mae_ci_upper_val,user_attrs_mae_df_val,user_attrs_mae_mean_val,user_attrs_mae_samperror_val,user_attrs_mae_std_val,user_attrs_mae_t_critical_val,user_attrs_mape_ci_lower_val,user_attrs_mape_ci_upper_val,user_attrs_mape_df_val,user_attrs_mape_mean_val,user_attrs_mape_samperror_val,user_attrs_mape_std_val,user_attrs_mape_t_critical_val,user_attrs_max_error_ci_lower_val,user_attrs_max_error_ci_upper_val,user_attrs_max_error_df_val,user_attrs_max_error_mean_val,user_attrs_max_error_samperror_val,user_attrs_max_error_std_val,user_attrs_max_error_t_critical_val,user_attrs_median_ae_ci_lower_val,user_attrs_median_ae_ci_upper_val,user_attrs_median_ae_df_val,user_attrs_median_ae_mean_val,user_attrs_median_ae_samperror_val,user_attrs_median_ae_std_val,user_attrs_median_ae_t_critical_val,user_attrs_n_splits_val,user_attrs_r2_below_zero_val,user_attrs_r2_ci_lower_val,user_attrs_r2_ci_upper_val,user_attrs_r2_df_val,user_attrs_r2_mean_val,user_attrs_r2_samperror_val,user_attrs_r2_std_val,user_attrs_r2_t_critical_val,user_attrs_regressor_final,user_attrs_rfe_estimator,user_attrs_rfe_n_features,user_attrs_rfe_selected_features,user_attrs_rho_ci_lower_val,user_attrs_rho_ci_upper_val,user_attrs_rho_df_val,user_attrs_rho_mean_val,user_attrs_rho_samperror_val,user_attrs_rho_std_val,user_attrs_rho_t_critical_val,user_attrs_rmse_ci_lower_val,user_attrs_rmse_ci_upper_val,user_attrs_rmse_df_val,user_attrs_rmse_mean_val,user_attrs_rmse_samperror_val,user_attrs_rmse_std_val,user_attrs_rmse_t_critical_val,user_attrs_termination_reason,user_attrs_use_scaler_final,state
235,1.6947634241620395,2026-06-11 14:56:29.274365,2026-06-11 14:56:51.249967,0 days 00:00:21.975602,,,,,,17.0,sqrt,3.0,2.0,428.0,,,,,ExtraTreesRegressor,,,,,,6,,,,,,,,True,0.0030705663143369855,0.012425917305152369,98.0,0.007748241809744677,0.0046776754954076915,0.023453286382793866,1.9844674545084815,1.672669148618666,1.716857699705413,98.0,1.6947634241620395,0.022094275543373555,0.11077796487760323,1.9844674545084815,0.2522223641118067,0.2703722073276968,98.0,0.26129728571975175,0.009074921607945034,0.04550053452435757,1.9844674545084815,5.737827636946919,5.974205129210022,98.0,5.856016383078471,0.11818874613155152,0.5925837551082639,1.9844674545084815,1.3032904701439791,1.3541241947799716,98.0,1.3287073324619754,0.025416862317996152,0.12743700401646837,1.9844674545084815,99.0,0.16161616161616163,0.024087993987799178,0.038464470849111324,98.0,0.03127623241845525,0.007188238430656074,0.03604093842497043,1.9844674545084815,ExtraTreesRegressor,"{'mode': 'original', 'type': 'ExtraTreesRegressor'}",6,"['nodes_T2W30', 'edges_T2W30', 're_T2W30', 'l1_T2W30', 'l3_T2W30', 'lsc_T2W30']",0.17663643732661494,0.2230913094714057,98.0,0.19986387339901032,0.023227436072395375,0.11645949161688181,1.9844674545084815,2.1620518908301425,2.231169623841939,98.0,2.1966107573360407,0.034558866505898296,0.17327388229972404,1.9844674545084815,completed,True,COMPLETE
236,1.7937916100438946,2026-06-11 14:56:51.262683,2026-06-11 14:56:51.417122,0 days 00:00:00.154439,,,,0.0013080224899824887,0.7614967525537156,,,,,,,,,,ElasticNet,,,,,,6,,,,,,,,True,,,,,,,,,,,,,,,,,,,,,,,,,,,,,,,,,,,,,,,,,,,,,ElasticNet,"{'mode': 'original', 'type': 'ElasticNet'}",6,"['nodes_T2W30', 'edges_T2W30', 'lcc_T2W30', 'lsc_T2W30', 'density_T2W30', 'diameter_T2W30']",,,,,,,,,,,,,,,pruned,True,PRUNED
237,1.6945243720529362,2026-06-11 14:56:51.426947,2026-06-11 14:57:13.647699,0 days 00:00:22.220752,,,,,,18.0,sqrt,3.0,2.0,436.0,,,,,ExtraTreesRegressor,,,,,,6,,,,,,,,True,0.0032106567641501165,0.012572372050794166,98.0,0.007891514407472142,0.004680857643322025,0.02346924127885721,1.9844674545084815,1.6724133657004323,1.71663537840544,98.0,1.6945243720529362,0.02211100635250374,0.1108618510852573,1.9844674545084815,0.2521881619999213,0.2703360423823555,98.0,0.2612621021911384,0.009073940191217116,0.04549561382226883,1.9844674545084815,5.739299945499183,5.975800007064502,98.0,5.857549976281843,0.11825003078266012,0.5928910287690236,1.9844674545084815,1.3030802392226113,1.353965521279233,98.0,1.3285228802509221,0.025442641028310793,0.1275662552815854,1.9844674545084815,99.0,0.1717171717171717,0.02421924316307045,0.03859283791274891,98.0,0.03140604053790968,0.007186797374839228,0.036033713149339563,1.9844674545084815,ExtraTreesRegressor,"{'mode': 'original', 'type': 'ExtraTreesRegressor'}",6,"['nodes_T2W30', 'edges_T2W30', 're_T2W30', 'l1_T2W30', 'l3_T2W30', 'lsc_T2W30']",0.176776668530983,0.22317188437330648,98.0,0.19997427645214474,0.023197607921161732,0.11630993695584586,1.9844674545084815,2.1619065081938915,2.231020216367156,98.0,2.196463362280524,0.034556854086632144,0.17326379227842656,1.9844674545084815,completed,True,COMPLETE
238,1.6943533720666066,2026-06-11 14:57:13.660318,2026-06-11 14:57:36.516463,0 days 00:00:22.856145,,,,,,18.0,sqrt,3.0,4.0,449.0,,,,,ExtraTreesRegressor,,,,,,6,,,,,,,,True,0.0033006293243439183,0.012682939417184458,98.0,0.007991784370764188,0.00469115504642027,0.023520871184373168,1.9844674545084815,1.672236301341445,1.7164704427917683,98.0,1.6943533720666066,0.022117070725161628,0.11089225709970124,1.9844674545084815,0.2521619574590451,0.2703137813240204,98.0,0.26123786939153276,0.009075911932487652,0.04550549988912747,1.9844674545084815,5.740184268830431,5.977114930518015,98.0,5.858649599674223,0.11846533084379206,0.5939705166464785,1.9844674545084815,1.3014263061324254,1.3521114874265572,98.0,1.3267688967794913,0.025342590647065986,0.1270646150446032,1.9844674545084815,99.0,0.15151515151515152,0.024282543195292775,0.03869039626930077,98.0,0.031486469732296775,0.007203926537003999,0.036119596649839346,1.9844674545084815,ExtraTreesRegressor,"{'mode': 'original', 'type': 'ExtraTreesRegressor'}",6,"['nodes_T2W30', 'edges_T2W30', 're_T2W30', 'l1_T2W30', 'l3_T2W30', 'lsc_T2W30']",0.1776782239686304,0.22403951616043358,98.0,0.20085887006453199,0.02318064609590158,0.11622489246188902,1.9844674545084815,2.161806000531995,2.230940608067207,98.0,2.196373304299601,0.03456730376760621,0.17331618568637758,1.9844674545084815,completed,True,COMPLETE
239,1.7967838716550457,2026-06-11 14:57:36.531127,2026-06-11 14:57:36.652258,0 days 00:00:00.121131,,,,,,,,,,,,,,,LinearRegression,,,,,,6,,,,,,,,True,,,,,,,,,,,,,,,,,,,,,,,,,,,,,,,,,,,,,,,,,,,,,LinearRegression,"{'mode': 'original', 'type': 'LinearRegression'}",6,"['nodes_T2W30', 'edges_T2W30', 'lcc_T2W30', 'lsc_T2W30', 'density_T2W30', 'diameter_T2W30']",,,,,,,,,,,,,,,pruned,True,PRUNED
240,1.694413113642154,2026-06-11 14:57:36.663073,2026-06-11 14:57:59.032337,0 days 00:00:22.369264,,,,,,17.0,sqrt,3.0,4.0,441.0,,,,,ExtraTreesRegressor,,,,,,6,,,,,,,,True,0.003275087308333034,0.01263776352811283,98.0,0.007956425418222932,0.004681338109889898,0.02347165027880275,1.9844674545084815,1.6723047799125477,1.7165214473717605,98.0,1.694413113642154,0.02210833372960635,0.11084845088460908,1.9844674545084815,0.2521700468355955,0.27031699960618083,98.0,0.2612435232208882,0.009073476385292677,0.04549328835672883,1.9844674545084815,5.738857450374761,5.975202787954123,98.0,5.857030119164442,0.11817266878968097,0.5925031453046266,1.9844674545084815,1.3022381889495966,1.3531876607137916,98.0,1.3277129248316941,0.025474735882097557,0.12772717490886906,1.9844674545084815,99.0,0.1717171717171717,0.024313267450818108,0.03868900756094052,98.0,0.031501137505879316,0.007187870055061207,0.03603909143529974,1.9844674545084815,ExtraTreesRegressor,"{'mode': 'original', 'type': 'ExtraTreesRegressor'}",6,"['nodes_T2W30', 'edges_T2W30', 're_T2W30', 'l1_T2W30', 'l3_T2W30', 'lsc_T2W30']",0.17739072083844445,0.22374846050496902,98.0,0.20056959067170674,0.023178869833262287,0.11621598650070993,1.9844674545084815,2.161803817387816,2.2309027247205204,98.0,2.196353271054168,0.03454945366635206,0.17322668748645192,1.9844674545084815,completed,True,COMPLETE
241,1.6944333762492254,2026-06-11 14:57:59.045609,2026-06-11 14:58:22.730631,0 days 00:00:23.685022,,,,,,16.0,sqrt,3.0,4.0,462.0,,,,,ExtraTreesRegressor,,,,,,6,,,,,,,,True,0.0032389148903694456,0.012654961579916179,98.0,0.007946938235142812,0.0047080233447733665,0.02360544674598576,1.9844674545084815,1.6722979830049949,1.716568769493456,98.0,1.6944333762492254,0.022135393244230563,0.11098412394411998,1.9844674545084815,0.25218030620364634,0.270337070762292,98.0,0.2612586884829692,0.009078382279322854,0.04551788590261809,1.9844674545084815,5.739234486124501,5.976187253022817,98.0,5.857710869573659,0.11847638344915763,0.5940259330427567,1.9844674545084815,1.303260380169464,1.3538959266436656,98.0,1.3285781534065648,0.025317773237100806,0.1269401836205414,1.9844674545084815,99.0,0.16161616161616163,0.024232508870966583,0.038713407484741245,98.0,0.031472958177853914,0.007240449306887332,0.03630271730077113,1.9844674545084815,ExtraTreesRegressor,"{'mode': 'original', 'type': 'ExtraTreesRegressor'}",6,"['nodes_T2W30', 'edges_T2W30', 're_T2W30', 'l1_T2W30', 'l3_T2W30', 'lsc_T2W30']",0.17677718960534927,0.22315463275082092,98.0,0.1999659111780851,0.023188721572735813,0.11626538190393278,1.9844674545084815,2.1618066932715068,2.2309700228883487,98.0,2.1963883580799277,0.034581664808421134,0.17338819016880014,1.9844674545084815,completed,True,COMPLETE
242,1.6943507027811209,2026-06-11 14:58:22.743690,2026-06-11 14:58:45.679138,0 days 00:00:22.935448,,,,,,16.0,sqrt,3.0,4.0,448.0,,,,,ExtraTreesRegressor,,,,,,6,,,,,,,,True,0.0033077049076146335,0.012682342057145177,98.0,0.007995023482379906,0.004687318574765272,0.023501635590003168,1.9844674545084815,1.6722270437648792,1.7164743617973626,98.0,1.6943507027811209,0.022123659016241692,0.11092528997631393,1.9844674545084815,0.25216115021567426,0.27031329765733175,98.0,0.261237223936503,0.009076073720828743,0.04550631107585916,1.9844674545084815,5.7396510646466234,5.976680575646324,98.0,5.858165820146474,0.11851475549985015,0.5942183257589403,1.9844674545084815,1.3018636968228336,1.3524977186776264,98.0,1.32718070775023,0.025317010927396393,0.12693636149396859,1.9844674545084815,99.0,0.16161616161616163,0.02428137492078761,0.03869451177196011,98.0,0.03148794334637386,0.007206568425586248,0.036132842752432774,1.9844674545084815,ExtraTreesRegressor,"{'mode': 'original', 'type': 'ExtraTreesRegressor'}",6,"['nodes_T2W30', 'edges_T2W30', 're_T2W30', 'l1_T2W30', 'l3_T2W30', 'lsc_T2W30']",0.17780998348399657,0.2241538357026906,98.0,0.20098190959334358,0.023171926109347027,0.11618117152782276,1.9844674545084815,2.161798697836243,2.2309507791319323,98.0,2.1963747384840877,0.03457604064784449,0.1733599913232846,1.9844674545084815,completed,True,COMPLETE
243,1.6943533720666066,2026-06-11 14:58:45.719950,2026-06-11 14:59:08.596782,0 days 00:00:22.876832,,,,,,18.0,sqrt,3.0,4.0,449.0,,,,,ExtraTreesRegressor,,,,,,6,,,,,,,,True,0.0033006293243439183,0.012682939417184458,98.0,0.007991784370764188,0.00469115504642027,0.023520871184373168,1.9844674545084815,1.672236301341445,1.7164704427917683,98.0,1.6943533720666066,0.022117070725161628,0.11089225709970124,1.9844674545084815,0.2521619574590451,0.2703137813240204,98.0,0.26123786939153276,0.009075911932487652,0.04550549988912747,1.9844674545084815,5.740184268830431,5.977114930518015,98.0,5.858649599674223,0.11846533084379206,0.5939705166464785,1.9844674545084815,1.3014263061324254,1.3521114874265572,98.0,1.3267688967794913,0.025342590647065986,0.1270646150446032,1.9844674545084815,99.0,0.15151515151515152,0.024282543195292775,0.03869039626930077,98.0,0.031486469732296775,0.007203926537003999,0.036119596649839346,1.9844674545084815,ExtraTreesRegressor,"{'mode': 'original', 'type': 'ExtraTreesRegressor'}",6,"['nodes_T2W30', 'edges_T2W30', 're_T2W30', 'l1_T2W30', 'l3_T2W30', 'lsc_T2W30']",0.1776782239686304,0.22403951616043358,98.0,0.20085887006453199,0.02318064609590158,0.11622489246188902,1.9844674545084815,2.161806000531995,2.230940608067207,98.0,2.196373304299601,0.03456730376760621,0.17331618568637758,1.9844674545084815,completed,True,COMPLETE
244,1.7116972499248864,2026-06-11 14:59:08.609724,2026-06-11 14:59:12.327195,0 days 00:00:03.717471,,,,,,8.0,sqrt,3.0,2.0,439.0,,,,,ExtraTreesRegressor,,,,,,6,,,,,,,,True,,,,,,,,,,,,,,,,,,,,,,,,,,,,,,,,,,,,,,,,,,,,,ExtraTreesRegressor,"{'mode': 'original', 'type': 'ExtraTreesRegressor'}",6,"['edges_T2W30', 're_T2W30', 'l3_T2W30', 'lcc_T2W30', 'lsc_T2W30', 'diameter_T2W30']",,,,,,,,,,,,,,,pruned,True,PRUNED
245,1.6944351821998829,2026-06-11 14:59:12.338597,2026-06-11 14:59:36.236266,0 days 00:00:23.897669,,,,,,17.0,sqrt,3.0,4.0,473.0,,,,,ExtraTreesRegressor,,,,,,6,,,,,,,,True,0.0035731143349972466,0.012350556286532748,98.0,0.007961835310764998,0.004388720975767751,0.02200450416021955,1.9844674545084815,1.6724111864037188,1.716459177996047,98.0,1.6944351821998829,0.022023995796163997,0.11042559091753817,1.9844674545084815,0.25236297496701915,0.27053903164795895,98.0,0.26145100330748905,0.009088028340469885,0.045566250060150894,1.9844674545084815,5.756025541120578,6.000091248511256,98.0,5.878058394815917,0.12203285369533941,0.6118576349804982,1.9844674545084815,1.3034749245568578,1.3517343932010482,98.0,1.327604658878953,0.024129734322095288,0.1209835034414903,1.9844674545084815,99.0,0.16161616161616163,0.023533234345234293,0.03677189196282086,98.0,0.030152563154027576,0.006619328808793285,0.033188495945671845,1.9844674545084815,ExtraTreesRegressor,"{'mode': 'original', 'type': 'ExtraTreesRegressor'}",6,"['edges_T2W30', 're_T2W30', 'l1_T2W30', 'l3_T2W30', 'lsc_T2W30', 'atd_T2W30']",0.18376124277214312,0.22863113638674892,98.0,0.20619618957944602,0.022434946807302892,0.1124860484595377,1.9844674545084815,2.1634673727931415,2.2324856773512427,98.0,2.197976525072192,0.03450915227905046,0.1730246213151375,1.9844674545084815,completed,True,COMPLETE
246,1.6944333762492254,2026-06-11 14:59:36.273949,2026-06-11 14:59:59.740666,0 days 00:00:23.466717,,,,,,16.0,sqrt,3.0,4.0,462.0,,,,,ExtraTreesRegressor,,,,,,6,,,,,,,,True,0.0032389148903694456,0.012654961579916179,98.0,0.007946938235142812,0.0047080233447733665,0.02360544674598576,1.9844674545084815,1.6722979830049949,1.716568769493456,98.0,1.6944333762492254,0.022135393244230563,0.11098412394411998,1.9844674545084815,0.25218030620364634,0.270337070762292,98.0,0.2612586884829692,0.009078382279322854,0.04551788590261809,1.9844674545084815,5.739234486124501,5.976187253022817,98.0,5.857710869573659,0.11847638344915763,0.5940259330427567,1.9844674545084815,1.303260380169464,1.3538959266436656,98.0,1.3285781534065648,0.025317773237100806,0.1269401836205414,1.9844674545084815,99.0,0.16161616161616163,0.024232508870966583,0.038713407484741245,98.0,0.031472958177853914,0.007240449306887332,0.03630271730077113,1.9844674545084815,ExtraTreesRegressor,"{'mode': 'original', 'type': 'ExtraTreesRegressor'}",6,"['nodes_T2W30', 'edges_T2W30', 're_T2W30', 'l1_T2W30', 'l3_T2W30', 'lsc_T2W30']",0.17677718960534927,0.22315463275082092,98.0,0.1999659111780851,0.023188721572735813,0.11626538190393278,1.9844674545084815,2.1618066932715068,2.2309700228883487,98.0,2.1963883580799277,0.034581664808421134,0.17338819016880014,1.9844674545084815,completed,True,COMPLETE
247,1.6943965395131804,2026-06-11 14:59:59.753511,2026-06-11 15:00:24.277000,0 days 00:00:24.523489,,,,,,17.0,sqrt,3.0,3.0,486.0,,,,,ExtraTreesRegressor,,,,,,6,,,,,,,,True,0.0032467001971545313,0.012670006988124295,98.0,0.007958353592639413,0.0047116533954848815,0.023623647371275997,1.9844674545084815,1.672309539204968,1.7164835398213927,98.0,1.6943965395131804,0.022087000308212267,0.11074148774833094,1.9844674545084815,0.252187295119964,0.2703350857554447,98.0,0.26126119043770435,0.009073895317740336,0.04549538883220637,1.9844674545084815,5.738931482396378,5.974762260809685,98.0,5.8568468716030315,0.11791538920665337,0.5912131772965602,1.9844674545084815,1.304507006033011,1.3554659827599767,98.0,1.3299864943964939,0.02547948836348271,0.12775100326273078,1.9844674545084815,99.0,0.16161616161616163,0.02438693852290496,0.03883042602044364,98.0,0.0316086822716743,0.007221743748769343,0.03620892994593604,1.9844674545084815,ExtraTreesRegressor,"{'mode': 'original', 'type': 'ExtraTreesRegressor'}",6,"['nodes_T2W30', 'edges_T2W30', 're_T2W30', 'l1_T2W30', 'l3_T2W30', 'lsc_T2W30']",0.17824048249946403,0.2241769429682429,98.0,0.20120871273385346,0.02296823023438943,0.11515986560459991,1.9844674545084815,2.1616852093501855,2.230750101125369,98.0,2.1962176552377772,0.03453244588759193,0.17314141258732993,1.9844674545084815,completed,True,COMPLETE
248,1.692586588309491,2026-06-11 15:00:24.290355,2026-06-11 15:00:28.084535,0 days 00:00:03.794180,,,,,,18.0,sqrt,3.0,3.0,450.0,,,,,ExtraTreesRegressor,,,,,,7,,,,,,,,True,,,,,,,,,,,,,,,,,,,,,,,,,,,,,,,,,,,,,,,,,,,,,ExtraTreesRegressor,"{'mode': 'original', 'type': 'ExtraTreesRegressor'}",7,"['nodes_T2W30', 'edges_T2W30', 're_T2W30', 'l1_T2W30', 'l3_T2W30', 'lsc_T2W30', 'atd_T2W30']",,,,,,,,,,,,,,,pruned,True,PRUNED
249,1.6948192664773885,2026-06-11 15:00:28.095027,2026-06-11 15:00:49.853988,0 days 00:00:21.758961,,,,,,15.0,sqrt,3.0,4.0,428.0,,,,,ExtraTreesRegressor,,,,,,6,,,,,,,,True,0.003029285400528641,0.012393604502614338,98.0,0.00771144495157149,0.0046821595510428485,0.02347576888314494,1.9844674545084815,1.6727439496127996,1.7168945833419773,98.0,1.6948192664773885,0.022075316864588856,0.11068290840705211,1.9844674545084815,0.2522309289552664,0.27037929628083085,98.0,0.2613051126180486,0.009074183662782224,0.04549683455858287,1.9844674545084815,5.7376080487276955,5.974337778389051,98.0,5.855972913558373,0.11836486483067751,0.5934667924827082,1.9844674545084815,1.3032665949811006,1.3541383198603003,98.0,1.3287024574207005,0.025435862439599805,0.12753226827618797,1.9844674545084815,99.0,0.16161616161616163,0.024037461295903458,0.038424632298458,98.0,0.03123104679718073,0.007193585501277272,0.03606774797572082,1.9844674545084815,ExtraTreesRegressor,"{'mode': 'original', 'type': 'ExtraTreesRegressor'}",6,"['nodes_T2W30', 'edges_T2W30', 're_T2W30', 'l1_T2W30', 'l3_T2W30', 'lsc_T2W30']",0.17597622887545833,0.22227039679106114,98.0,0.19912331283325974,0.023147083957801417,0.11605661605253681,1.9844674545084815,2.1621038054983774,2.231215716897924,98.0,2.1966597611981507,0.034555955699773204,0.17325928787783146,1.9844674545084815,completed,True,COMPLETE
250,1.6943748424760168,2026-06-11 15:00:49.867226,2026-06-11 15:01:12.506883,0 days 00:00:22.639657,,,,,,19.0,sqrt,3.0,4.0,441.0,,,,,ExtraTreesRegressor,,,,,,6,,,,,,,,True,0.003294767738750733,0.012661443869095687,98.0,0.00797810580392321,0.004683338065172477,0.023481677807228173,1.9844674545084815,1.67226898354852,1.7164807014035135,98.0,1.6943748424760168,0.02210585892749663,0.11083604253292309,1.9844674545084815,0.2521659354481708,0.27031220377938125,98.0,0.261239069613776,0.00907313416560524,0.04549157250954294,1.9844674545084815,5.739057431697007,5.975401653425636,98.0,5.8572295425613214,0.11817211086431466,0.592500347935846,1.9844674545084815,1.3021348422541978,1.3530952815629427,98.0,1.3276150619085703,0.02548021965437235,0.12775466986480283,1.9844674545084815,99.0,0.1717171717171717,0.024331790820367325,0.038709815891459595,98.0,0.03152080335591346,0.007189012535546134,0.0360448196911452,1.9844674545084815,ExtraTreesRegressor,"{'mode': 'original', 'type': 'ExtraTreesRegressor'}",6,"['nodes_T2W30', 'edges_T2W30', 're_T2W30', 'l1_T2W30', 'l3_T2W30', 'lsc_T2W30']",0.177506697413536,0.22390443175229627,98.0,0.20070556458291613,0.023198867169380123,0.11631625067066466,1.9844674545084815,2.1617827163631547,2.2308759737281663,98.0,2.1963293450456605,0.03454662868250559,0.17321252336684956,1.9844674545084815,completed,True,COMPLETE
251,1.6943859656423281,2026-06-11 15:01:12.521672,2026-06-11 15:01:35.850218,0 days 00:00:23.328546,,,,,,18.0,sqrt,3.0,4.0,462.0,,,,,ExtraTreesRegressor,,,,,,6,,,,,,,,True,0.0032610830526969663,0.01268489149122358,98.0,0.007972987271960273,0.0047119042192633066,0.023624904970678262,1.9844674545084815,1.672257976566441,1.7165139547182153,98.0,1.6943859656423281,0.022127989075887134,0.11094700035981933,1.9844674545084815,0.25217453008343405,0.27032941849034076,98.0,0.2612519742868874,0.00907744420345335,0.04551318250623289,1.9844674545084815,5.739650804342637,5.976450300830167,98.0,5.858050552586402,0.11839974824376447,0.5936416936014243,1.9844674545084815,1.3030543304650828,1.353707625730701,98.0,1.328380978097892,0.025326647632809077,0.12698467874300653,1.9844674545084815,99.0,0.1717171717171717,0.024260047557882906,0.03873663845070361,98.0,0.03149834300429326,0.007238295446410354,0.03629191811073652,1.9844674545084815,ExtraTreesRegressor,"{'mode': 'original', 'type': 'ExtraTreesRegressor'}",6,"['nodes_T2W30', 'edges_T2W30', 're_T2W30', 'l1_T2W30', 'l3_T2W30', 'lsc_T2W30']",0.17678705060481015,0.223218895650854,98.0,0.20000297312783208,0.02321592252302192,0.11640176410435915,1.9844674545084815,2.1617851899040352,2.2309257585281235,98.0,2.1963554742160794,0.03457028431204393,0.17333112976754422,1.9844674545084815,completed,True,COMPLETE
