number,value,datetime_start,datetime_complete,duration,params_dt_max_depth,params_dt_min_samples_leaf,params_dt_min_samples_split,params_elastic_alpha,params_elastic_l1_ratio,params_et_max_depth,params_et_max_features,params_et_min_samples_leaf,params_et_min_samples_split,params_et_n_estimators,params_knn_metric,params_knn_n_neighbors,params_knn_weights,params_quantile_alpha,params_regressor,params_rf_max_depth,params_rf_max_features,params_rf_min_samples_leaf,params_rf_min_samples_split,params_rf_n_estimators,params_rfe_n_features,params_rfe_proxy_et_max_depth,params_rfe_proxy_et_min_samples_leaf,params_rfe_proxy_et_min_samples_split,params_rfe_proxy_et_n_estimators,params_rfe_proxy_lsvr_C,params_rfe_proxy_lsvr_epsilon,params_rfe_proxy_type,params_use_scaler,user_attrs_d2mae_ci_lower_val,user_attrs_d2mae_ci_upper_val,user_attrs_d2mae_df_val,user_attrs_d2mae_mean_val,user_attrs_d2mae_samperror_val,user_attrs_d2mae_std_val,user_attrs_d2mae_t_critical_val,user_attrs_mae_ci_lower_val,user_attrs_mae_ci_upper_val,user_attrs_mae_df_val,user_attrs_mae_mean_val,user_attrs_mae_samperror_val,user_attrs_mae_std_val,user_attrs_mae_t_critical_val,user_attrs_mape_ci_lower_val,user_attrs_mape_ci_upper_val,user_attrs_mape_df_val,user_attrs_mape_mean_val,user_attrs_mape_samperror_val,user_attrs_mape_std_val,user_attrs_mape_t_critical_val,user_attrs_max_error_ci_lower_val,user_attrs_max_error_ci_upper_val,user_attrs_max_error_df_val,user_attrs_max_error_mean_val,user_attrs_max_error_samperror_val,user_attrs_max_error_std_val,user_attrs_max_error_t_critical_val,user_attrs_median_ae_ci_lower_val,user_attrs_median_ae_ci_upper_val,user_attrs_median_ae_df_val,user_attrs_median_ae_mean_val,user_attrs_median_ae_samperror_val,user_attrs_median_ae_std_val,user_attrs_median_ae_t_critical_val,user_attrs_n_splits_val,user_attrs_r2_below_zero_val,user_attrs_r2_ci_lower_val,user_attrs_r2_ci_upper_val,user_attrs_r2_df_val,user_attrs_r2_mean_val,user_attrs_r2_samperror_val,user_attrs_r2_std_val,user_attrs_r2_t_critical_val,user_attrs_regressor_final,user_attrs_rfe_estimator,user_attrs_rfe_n_features,user_attrs_rfe_selected_features,user_attrs_rho_ci_lower_val,user_attrs_rho_ci_upper_val,user_attrs_rho_df_val,user_attrs_rho_mean_val,user_attrs_rho_samperror_val,user_attrs_rho_std_val,user_attrs_rho_t_critical_val,user_attrs_rmse_ci_lower_val,user_attrs_rmse_ci_upper_val,user_attrs_rmse_df_val,user_attrs_rmse_mean_val,user_attrs_rmse_samperror_val,user_attrs_rmse_std_val,user_attrs_rmse_t_critical_val,user_attrs_termination_reason,user_attrs_use_scaler_final,state
273,1.6942578358191596,2026-06-11 15:06:00.781732,2026-06-11 15:06:23.825149,0 days 00:00:23.043417,,,,,,19.0,sqrt,3.0,5.0,450.0,,,,,ExtraTreesRegressor,,,,,,6,,,,,,,,True,0.0033553925422438935,0.012738079283050138,98.0,0.008046735912647016,0.004691343370403123,0.023521815417530626,1.9844674545084815,1.672147072082177,1.7163685995561422,98.0,1.6942578358191596,0.022110763736982696,0.1108606346410423,1.9844674545084815,0.2521542641034782,0.27030371579815693,98.0,0.26122898995081756,0.009074725847339348,0.04549955300489302,1.9844674545084815,5.740072104222515,5.976911630049672,98.0,5.8584918671360935,0.11841976291357842,0.5937420446803874,1.9844674545084815,1.3012579306193879,1.3518388246669657,98.0,1.3265483776431768,0.02529044702378882,0.12680317336679625,1.9844674545084815,99.0,0.15151515151515152,0.024331911536983015,0.03873849227240752,98.0,0.03153520190469527,0.007203290367712253,0.03611640697569417,1.9844674545084815,ExtraTreesRegressor,"{'mode': 'original', 'type': 'ExtraTreesRegressor'}",6,"['nodes_T2W30', 'edges_T2W30', 're_T2W30', 'l1_T2W30', 'l3_T2W30', 'lsc_T2W30']",0.17772659708976357,0.22410990266456388,98.0,0.20091824987716372,0.023191652787400163,0.11628007865171701,1.9844674545084815,2.1617561109100127,2.230874264216973,98.0,2.196315187563493,0.03455907665348017,0.17327493595370774,1.9844674545084815,completed,True,COMPLETE
274,1.6943212964375707,2026-06-11 15:06:23.839055,2026-06-11 15:06:46.417190,0 days 00:00:22.578135,,,,,,19.0,sqrt,3.0,5.0,442.0,,,,,ExtraTreesRegressor,,,,,,6,,,,,,,,True,0.0033212343467603775,0.012699128653808543,98.0,0.00801018150028446,0.004688947153524082,0.023509801082471558,1.9844674545084815,1.6722091033711002,1.7164334895040412,98.0,1.6943212964375707,0.022112193066470456,0.1108678011223095,1.9844674545084815,0.25215409485149776,0.27030134380363646,98.0,0.2612277193275671,0.009073624476069376,0.045494030865566804,1.9844674545084815,5.738460037312252,5.974826521980295,98.0,5.856643279646273,0.11818324233402135,0.5925561597481764,1.9844674545084815,1.3021138626988666,1.3530922709080613,98.0,1.327603066803464,0.02548920410459735,0.12779971678700291,1.9844674545084815,99.0,0.1717171717171717,0.024395488535049595,0.03879416408653194,98.0,0.03159482631079077,0.007199337775741171,0.03609658916842149,1.9844674545084815,ExtraTreesRegressor,"{'mode': 'original', 'type': 'ExtraTreesRegressor'}",6,"['nodes_T2W30', 'edges_T2W30', 're_T2W30', 'l1_T2W30', 'l3_T2W30', 'lsc_T2W30']",0.17741344524296163,0.22395138784201005,98.0,0.20068241654248584,0.02326897129952421,0.11666774410848438,1.9844674545084815,2.16169402289676,2.2307975592047207,98.0,2.1962457910507402,0.03455176815398027,0.1732382920411559,1.9844674545084815,completed,True,COMPLETE
275,1.6894429091491547,2026-06-11 15:06:46.430475,2026-06-11 15:06:58.936599,0 days 00:00:12.506124,,,,,,19.0,sqrt,3.0,5.0,439.0,,,,,ExtraTreesRegressor,,,,,,5,,,,,,,,True,,,,,,,,,,,,,,,,,,,,,,,,,,,,,,,,,,,,,,,,,,,,,ExtraTreesRegressor,"{'mode': 'original', 'type': 'ExtraTreesRegressor'}",5,"['edges_T2W30', 're_T2W30', 'l1_T2W30', 'l3_T2W30', 'lsc_T2W30']",,,,,,,,,,,,,,,pruned,True,PRUNED
276,1.8409514395790978,2026-06-11 15:06:58.948318,2026-06-11 15:07:01.530610,0 days 00:00:02.582292,,,,,,,,,,,,,,,RandomForestRegressor,15.0,,4.0,5.0,274.0,6,,,,,,,,True,,,,,,,,,,,,,,,,,,,,,,,,,,,,,,,,,,,,,,,,,,,,,RandomForestRegressor,"{'mode': 'original', 'type': 'RandomForestRegressor'}",6,"['edges_T2W30', 're_T2W30', 'l1_T2W30', 'l3_T2W30', 'lsc_T2W30', 'diameter_T2W30']",,,,,,,,,,,,,,,pruned,True,PRUNED
277,1.692910856359344,2026-06-11 15:07:01.540521,2026-06-11 15:07:05.083635,0 days 00:00:03.543114,,,,,,19.0,sqrt,3.0,5.0,422.0,,,,,ExtraTreesRegressor,,,,,,7,,,,,,,,True,,,,,,,,,,,,,,,,,,,,,,,,,,,,,,,,,,,,,,,,,,,,,ExtraTreesRegressor,"{'mode': 'original', 'type': 'ExtraTreesRegressor'}",7,"['nodes_T2W30', 'edges_T2W30', 're_T2W30', 'l1_T2W30', 'l3_T2W30', 'lsc_T2W30', 'atd_T2W30']",,,,,,,,,,,,,,,pruned,True,PRUNED
278,1.694378558245961,2026-06-11 15:07:05.094263,2026-06-11 15:07:28.258729,0 days 00:00:23.164466,,,,,,19.0,sqrt,3.0,4.0,456.0,,,,,ExtraTreesRegressor,,,,,,6,,,,,,,,True,0.0032795538599944933,0.012674977662422579,98.0,0.007977265761208536,0.004697711901214043,0.023553746443334533,1.9844674545084815,1.6722576775699731,1.7164994389219488,98.0,1.694378558245961,0.022120880675987758,0.11091135972191549,1.9844674545084815,0.2521718185749251,0.270324346907323,98.0,0.26124808274112404,0.009076264166198928,0.04550726594539033,1.9844674545084815,5.739550402599531,5.976275923139414,98.0,5.8579131628694725,0.1183627602699415,0.5934562404754772,1.9844674545084815,1.301894945513265,1.3525004457059997,98.0,1.3271976956096323,0.025302750096367434,0.12686485945101858,1.9844674545084815,99.0,0.15151515151515152,0.02429999834030255,0.0387222569725778,98.0,0.03151112765644017,0.007211129316137624,0.03615571049355056,1.9844674545084815,ExtraTreesRegressor,"{'mode': 'original', 'type': 'ExtraTreesRegressor'}",6,"['nodes_T2W30', 'edges_T2W30', 're_T2W30', 'l1_T2W30', 'l3_T2W30', 'lsc_T2W30']",0.17715027575068243,0.22378793517002693,98.0,0.20046910546035468,0.023318829709672265,0.1169177280103051,1.9844674545084815,2.1617813849269663,2.2309024986867927,98.0,2.1963419418068795,0.03456055687991308,0.1732823576259628,1.9844674545084815,completed,True,COMPLETE
279,1.6946681878032168,2026-06-11 15:07:28.272673,2026-06-11 15:07:50.327270,0 days 00:00:22.054597,,,,,,18.0,sqrt,3.0,4.0,430.0,,,,,ExtraTreesRegressor,,,,,,6,,,,,,,,True,0.003129236334907498,0.012477167663737373,98.0,0.007803201999322436,0.0046739656644149375,0.023434685749041003,1.9844674545084815,1.6725813686324404,1.7167550069739932,98.0,1.6946681878032168,0.022086819170776276,0.11074057954763059,1.9844674545084815,0.2522103773519334,0.27035889151897574,98.0,0.2612846344354546,0.009074257083521163,0.04549720268108698,1.9844674545084815,5.738302157399548,5.97474976444579,98.0,5.856525960922669,0.11822380352312141,0.5927595285335752,1.9844674545084815,1.3030977372345744,1.353682724472426,98.0,1.3283902308535003,0.02529249361892575,0.1268134347416828,1.9844674545084815,99.0,0.1717171717171717,0.024139103124389254,0.03849853866555687,98.0,0.031318820894973065,0.007179717770583811,0.035998216889232985,1.9844674545084815,ExtraTreesRegressor,"{'mode': 'original', 'type': 'ExtraTreesRegressor'}",6,"['nodes_T2W30', 'edges_T2W30', 're_T2W30', 'l1_T2W30', 'l3_T2W30', 'lsc_T2W30']",0.17685727128760695,0.22323245907225878,98.0,0.20004486517993286,0.023187593892325904,0.11625972785383293,1.9844674545084815,2.1620106348535644,2.2311106731461936,98.0,2.196560653999879,0.034550019146314406,0.17322952273304262,1.9844674545084815,completed,True,COMPLETE
280,1.694529728983831,2026-06-11 15:07:50.340916,2026-06-11 15:08:14.150030,0 days 00:00:23.809114,,,,,,19.0,sqrt,3.0,5.0,469.0,,,,,ExtraTreesRegressor,,,,,,6,,,,,,,,True,0.003506205871095837,0.012305797164796264,98.0,0.00790600151794605,0.004399795646850213,0.022060031191273165,1.9844674545084815,1.672501803134007,1.716557654833655,98.0,1.694529728983831,0.022027925849823958,0.1104452957205065,1.9844674545084815,0.25237330546118236,0.27054658137139104,98.0,0.2614599434162867,0.009086637955104362,0.04555927883989586,1.9844674545084815,5.755518847898062,5.9993421918662415,98.0,5.877430519882152,0.12191167198408957,0.6112500448684671,1.9844674545084815,1.303219672007648,1.3515843785692403,98.0,1.3274020252884442,0.024182353280796053,0.12124732839232004,1.9844674545084815,99.0,0.15151515151515152,0.023582456895418515,0.03684493580545112,98.0,0.03021369635043482,0.006631239455016302,0.03324821445268389,1.9844674545084815,ExtraTreesRegressor,"{'mode': 'original', 'type': 'ExtraTreesRegressor'}",6,"['edges_T2W30', 're_T2W30', 'l1_T2W30', 'l3_T2W30', 'lsc_T2W30', 'atd_T2W30']",0.18445017725186516,0.2293656696703321,98.0,0.20690792346109863,0.02245774620923346,0.11260036184090823,1.9844674545084815,2.1633937164646952,2.2324211863457086,98.0,2.197907451405202,0.034513734940506635,0.17304759821287927,1.9844674545084815,completed,True,COMPLETE
281,1.6943295348882268,2026-06-11 15:08:14.199772,2026-06-11 15:08:36.777232,0 days 00:00:22.577460,,,,,,19.0,sqrt,3.0,3.0,443.0,,,,,ExtraTreesRegressor,,,,,,6,,,,,,,,True,0.0033158807005539736,0.0126927394154179,98.0,0.008004310057985936,0.0046884293574319625,0.023507204916908494,1.9844674545084815,1.6722221867983817,1.7164368829780718,98.0,1.6943295348882268,0.022107348089845068,0.11084350900875337,1.9844674545084815,0.2521527681753419,0.2702982201841884,98.0,0.26122549417976515,0.009072726004423281,0.04548952603985938,1.9844674545084815,5.73890339527338,5.975413208623514,98.0,5.857158301948447,0.11825490667506652,0.592915475890482,1.9844674545084815,1.3019614770850743,1.3528971365142894,98.0,1.3274293067996819,0.025467829714607582,0.12769254823925316,1.9844674545084815,99.0,0.1717171717171717,0.02436884816388894,0.03877853040246491,98.0,0.03157368928317692,0.007204841119287983,0.036124182252292525,1.9844674545084815,ExtraTreesRegressor,"{'mode': 'original', 'type': 'ExtraTreesRegressor'}",6,"['nodes_T2W30', 'edges_T2W30', 're_T2W30', 'l1_T2W30', 'l3_T2W30', 'lsc_T2W30']",0.1773855817204822,0.22375049552074527,98.0,0.20056803862061373,0.023182456900131553,0.11623397161033153,1.9844674545084815,2.161715687584713,2.2308224725595944,98.0,2.196269080072154,0.03455339248744078,0.17324643624822367,1.9844674545084815,completed,True,COMPLETE
282,1.6893723128863476,2026-06-11 15:08:36.790585,2026-06-11 15:08:49.414788,0 days 00:00:12.624203,,,,,,19.0,sqrt,3.0,3.0,441.0,,,,,ExtraTreesRegressor,,,,,,5,,,,,,,,True,,,,,,,,,,,,,,,,,,,,,,,,,,,,,,,,,,,,,,,,,,,,,ExtraTreesRegressor,"{'mode': 'original', 'type': 'ExtraTreesRegressor'}",5,"['edges_T2W30', 're_T2W30', 'l1_T2W30', 'l3_T2W30', 'lsc_T2W30']",,,,,,,,,,,,,,,pruned,True,PRUNED
283,1.6943752237694267,2026-06-11 15:08:49.426783,2026-06-11 15:09:12.645495,0 days 00:00:23.218712,,,,,,19.0,sqrt,3.0,3.0,457.0,,,,,ExtraTreesRegressor,,,,,,6,,,,,,,,True,0.003273802737601036,0.012678889865560216,98.0,0.007976346301580626,0.00470254356397959,0.023577971802844117,1.9844674545084815,1.6722664947336412,1.7164839528052123,98.0,1.6943752237694267,0.022108729035785646,0.11085043290089923,1.9844674545084815,0.25216947835033027,0.27031850538738683,98.0,0.26124399186885855,0.009074513518528308,0.04549848841449603,1.9844674545084815,5.739607925736206,5.976473060638363,98.0,5.858040493187285,0.11843256745107883,0.5938062450477047,1.9844674545084815,1.3020978307681181,1.3526925623669364,98.0,1.3273951965675272,0.02529736579940919,0.12683786325201854,1.9844674545084815,99.0,0.16161616161616163,0.02430820482942511,0.03873750924973436,98.0,0.03152285703957974,0.007214652210154627,0.036173373848428024,1.9844674545084815,ExtraTreesRegressor,"{'mode': 'original', 'type': 'ExtraTreesRegressor'}",6,"['nodes_T2W30', 'edges_T2W30', 're_T2W30', 'l1_T2W30', 'l3_T2W30', 'lsc_T2W30']",0.1774093454580779,0.22387950312077098,98.0,0.20064442428942444,0.023235078831346543,0.11649781146497995,1.9844674545084815,2.1617727470776757,2.2308763359956916,98.0,2.1963245415366837,0.034551794459008064,0.17323842393131178,1.9844674545084815,completed,True,COMPLETE
284,1.6944949415767456,2026-06-11 15:09:12.658734,2026-06-11 15:09:34.682688,0 days 00:00:22.023954,,,,,,18.0,sqrt,3.0,5.0,433.0,,,,,ExtraTreesRegressor,,,,,,6,,,,,,,,True,0.003239023836337977,0.012573146152767506,98.0,0.007906084994552741,0.004667061158214764,0.023400067408926684,1.9844674545084815,1.6724061159839971,1.7165837671694941,98.0,1.6944949415767456,0.02208882559274841,0.11075063949923762,1.9844674545084815,0.25218642127955965,0.270333906030834,98.0,0.26126016365519683,0.00907374237563716,0.04549462199941745,1.9844674545084815,5.738903604874155,5.975246053457397,98.0,5.857074829165776,0.11817122429162132,0.5924959027700161,1.9844674545084815,1.3026393152198343,1.3534084710677088,98.0,1.3280238931437716,0.025384577923937158,0.12727513405770277,1.9844674545084815,99.0,0.1717171717171717,0.024282732337770695,0.03860529120346579,98.0,0.031444011770618244,0.007161279432847547,0.03590576934434112,1.9844674545084815,ExtraTreesRegressor,"{'mode': 'original', 'type': 'ExtraTreesRegressor'}",6,"['nodes_T2W30', 'edges_T2W30', 're_T2W30', 'l1_T2W30', 'l3_T2W30', 'lsc_T2W30']",0.1770619116261456,0.2234334702105265,98.0,0.20024769091833605,0.02318577929219047,0.11625062967318993,1.9844674545084815,2.1618798872918634,2.2309566638482576,98.0,2.1964182755700605,0.03453838827819714,0.17317120699884891,1.9844674545084815,completed,True,COMPLETE
285,1.6923271042103758,2026-06-11 15:09:34.697102,2026-06-11 15:09:38.375511,0 days 00:00:03.678409,,,,,,19.0,sqrt,3.0,3.0,442.0,,,,,ExtraTreesRegressor,,,,,,7,,,,,,,,True,,,,,,,,,,,,,,,,,,,,,,,,,,,,,,,,,,,,,,,,,,,,,ExtraTreesRegressor,"{'mode': 'original', 'type': 'ExtraTreesRegressor'}",7,"['nodes_T2W30', 'edges_T2W30', 're_T2W30', 'l1_T2W30', 'l3_T2W30', 'lsc_T2W30', 'atd_T2W30']",,,,,,,,,,,,,,,pruned,True,PRUNED
286,1.6942686429103622,2026-06-11 15:09:38.387035,2026-06-11 15:10:01.415586,0 days 00:00:23.028551,,,,,,19.0,sqrt,3.0,5.0,451.0,,,,,ExtraTreesRegressor,,,,,,6,,,,,,,,True,0.0033489222102481833,0.012731433587391008,98.0,0.008040177898819596,0.004691255688571413,0.023521375791671226,1.9844674545084815,1.6721598067959036,1.7163774790248207,98.0,1.6942686429103622,0.022108836114458574,0.11085096978012143,1.9844674545084815,0.25215356900541525,0.27030202972852807,98.0,0.26122779936697166,0.009074230361556399,0.04549706870046072,1.9844674545084815,5.740269958273588,5.9771946835165455,98.0,5.858732320895067,0.1184623626214786,0.5939556343469189,1.9844674545084815,1.3013126024299257,1.3520044961616349,98.0,1.3266585492957803,0.025345946865854552,0.12708144271050026,1.9844674545084815,99.0,0.15151515151515152,0.02433464350564379,0.03873484868547575,98.0,0.03153474609555977,0.0072001025899159805,0.036100423852099106,1.9844674545084815,ExtraTreesRegressor,"{'mode': 'original', 'type': 'ExtraTreesRegressor'}",6,"['nodes_T2W30', 'edges_T2W30', 're_T2W30', 'l1_T2W30', 'l3_T2W30', 'lsc_T2W30']",0.17790762988346537,0.2241567274450153,98.0,0.20103217866424034,0.023124548780774957,0.11594362746215522,1.9844674545084815,2.161757537966274,2.230875641672065,98.0,2.1963165898191694,0.034559051852895734,0.1732748116066448,1.9844674545084815,completed,True,COMPLETE
287,1.6943835850467261,2026-06-11 15:10:01.428978,2026-06-11 15:10:25.100599,0 days 00:00:23.671621,,,,,,18.0,sqrt,3.0,5.0,465.0,,,,,ExtraTreesRegressor,,,,,,6,,,,,,,,True,0.0032638656014640603,0.012684798494981036,98.0,0.007974332048222548,0.004710466446758488,0.023617696157167807,1.9844674545084815,1.6722560867797989,1.7165110833136534,98.0,1.6943835850467261,0.022127498266927254,0.11094453950439945,1.9844674545084815,0.25217378856495737,0.2703286702745768,98.0,0.2612512294197671,0.009077440854809696,0.04551316571654777,1.9844674545084815,5.740240344634591,5.976960298231079,98.0,5.858600321432835,0.11835997679824378,0.5934422844926543,1.9844674545084815,1.3032367496849087,1.353925401292704,98.0,1.3285810754888063,0.02534432580389759,0.12707331490634663,1.9844674545084815,99.0,0.1717171717171717,0.02422057933664949,0.038711621728283116,98.0,0.031466100532466304,0.007245521195816815,0.036328147124554684,1.9844674545084815,ExtraTreesRegressor,"{'mode': 'original', 'type': 'ExtraTreesRegressor'}",6,"['nodes_T2W30', 'edges_T2W30', 're_T2W30', 'l1_T2W30', 'l3_T2W30', 'lsc_T2W30']",0.17714588159212022,0.22359127500201834,98.0,0.20036857829706928,0.023222696704949062,0.11643572901468746,1.9844674545084815,2.161819479164244,2.23096200972334,98.0,2.196390744443792,0.03457126527954794,0.17333604821727985,1.9844674545084815,completed,True,COMPLETE
288,1.6892581077981985,2026-06-11 15:10:25.114106,2026-06-11 15:10:38.666130,0 days 00:00:13.552024,,,,,,19.0,sqrt,3.0,3.0,477.0,,,,,ExtraTreesRegressor,,,,,,5,,,,,,,,True,,,,,,,,,,,,,,,,,,,,,,,,,,,,,,,,,,,,,,,,,,,,,ExtraTreesRegressor,"{'mode': 'original', 'type': 'ExtraTreesRegressor'}",5,"['edges_T2W30', 're_T2W30', 'l1_T2W30', 'l3_T2W30', 'lsc_T2W30']",,,,,,,,,,,,,,,pruned,True,PRUNED
289,1.694290343341806,2026-06-11 15:10:38.677843,2026-06-11 15:11:01.745054,0 days 00:00:23.067211,,,,,,18.0,sqrt,3.0,5.0,452.0,,,,,ExtraTreesRegressor,,,,,,6,,,,,,,,True,0.003334619656101017,0.012720293114926652,98.0,0.008027456385513835,0.004692836729412818,0.023529302934901398,1.9844674545084815,1.6721802197178393,1.7164004669657726,98.0,1.694290343341806,0.022110123623966613,0.11085742519355109,1.9844674545084815,0.2521567503516375,0.2703067262564775,98.0,0.2612317383040575,0.009074987952420031,0.045500867167349496,1.9844674545084815,5.739836001222245,5.9767401869375805,98.0,5.858288094079913,0.11845209285766742,0.5939041430213697,1.9844674545084815,1.3016330078549334,1.3521705004603795,98.0,1.3269017541576564,0.025268746302722987,0.12669436863539285,1.9844674545084815,99.0,0.16161616161616163,0.024366985994369577,0.03876648668213601,98.0,0.03156673633825279,0.007199750343883216,0.036098657734057835,1.9844674545084815,ExtraTreesRegressor,"{'mode': 'original', 'type': 'ExtraTreesRegressor'}",6,"['nodes_T2W30', 'edges_T2W30', 're_T2W30', 'l1_T2W30', 'l3_T2W30', 'lsc_T2W30']",0.17753150690541541,0.22400835990537504,98.0,0.20076993340539523,0.023238426499979828,0.11651459626145594,1.9844674545084815,2.161720994627092,2.2308419541630724,98.0,2.1962814743950823,0.03456047976799004,0.17328197099631815,1.9844674545084815,completed,True,COMPLETE
290,2.4943262411347518,2026-06-11 15:11:01.758303,2026-06-11 15:11:01.911216,0 days 00:00:00.152913,16.0,2.0,2.0,,,,,,,,,,,,DecisionTreeRegressor,,,,,,6,,,,,,,,True,,,,,,,,,,,,,,,,,,,,,,,,,,,,,,,,,,,,,,,,,,,,,DecisionTreeRegressor,"{'mode': 'original', 'type': 'DecisionTreeRegressor'}",6,"['nodes_T2W30', 'edges_T2W30', 're_T2W30', 'l1_T2W30', 'lcc_T2W30', 'diameter_T2W30']",,,,,,,,,,,,,,,pruned,True,PRUNED
291,1.748173920931263,2026-06-11 15:11:01.921620,2026-06-11 15:11:02.320389,0 days 00:00:00.398769,,,,,,,,,,,minkowski,13.0,distance,,KNeighborsRegressor,,,,,,6,8.0,3.0,12.0,50.0,,,ExtraTrees,,,,,,,,,,,,,,,,,,,,,,,,,,,,,,,,,,,,,,,,,,,,,,KNeighborsRegressor,"{'mode': 'proxy', 'type': 'ExtraTrees'}",6,"['edges_T2W30', 're_T2W30', 'l1_T2W30', 'l3_T2W30', 'lsc_T2W30', 'atd_T2W30']",,,,,,,,,,,,,,,pruned,True,PRUNED
292,1.8364287762912508,2026-06-11 15:11:02.330743,2026-06-11 15:11:04.677989,0 days 00:00:02.347246,,,,,,18.0,,3.0,5.0,454.0,,,,,ExtraTreesRegressor,,,,,,7,,,,,,,,True,,,,,,,,,,,,,,,,,,,,,,,,,,,,,,,,,,,,,,,,,,,,,ExtraTreesRegressor,"{'mode': 'original', 'type': 'ExtraTreesRegressor'}",7,"['edges_T2W30', 're_T2W30', 'l1_T2W30', 'l3_T2W30', 'lcc_T2W30', 'lsc_T2W30', 'atd_T2W30']",,,,,,,,,,,,,,,pruned,True,PRUNED
293,1.736832528942726,2026-06-11 15:11:04.688341,2026-06-11 15:11:07.446198,0 days 00:00:02.757857,,,,,,18.0,sqrt,3.0,5.0,452.0,,,,,ExtraTreesRegressor,,,,,,13,,,,,,,,True,,,,,,,,,,,,,,,,,,,,,,,,,,,,,,,,,,,,,,,,,,,,,ExtraTreesRegressor,"{'mode': 'original', 'type': 'ExtraTreesRegressor'}",13,"['nodes_T2W30', 'edges_T2W30', 're_T2W30', 'pe_T2W30', 'l1_T2W30', 'l2_T2W30', 'l3_T2W30', 'lcc_T2W30', 'lsc_T2W30', 'atd_T2W30', 'density_T2W30', 'diameter_T2W30', 'asp_T2W30']",,,,,,,,,,,,,,,pruned,True,PRUNED
