number,value,datetime_start,datetime_complete,duration,params_dt_max_depth,params_dt_min_samples_leaf,params_dt_min_samples_split,params_elastic_alpha,params_elastic_l1_ratio,params_et_max_depth,params_et_max_features,params_et_min_samples_leaf,params_et_min_samples_split,params_et_n_estimators,params_knn_metric,params_knn_n_neighbors,params_knn_weights,params_quantile_alpha,params_regressor,params_rf_max_depth,params_rf_max_features,params_rf_min_samples_leaf,params_rf_min_samples_split,params_rf_n_estimators,params_rfe_n_features,params_rfe_proxy_et_max_depth,params_rfe_proxy_et_min_samples_leaf,params_rfe_proxy_et_min_samples_split,params_rfe_proxy_et_n_estimators,params_rfe_proxy_lsvr_C,params_rfe_proxy_lsvr_epsilon,params_rfe_proxy_type,params_use_scaler,user_attrs_d2mae_ci_lower_val,user_attrs_d2mae_ci_upper_val,user_attrs_d2mae_df_val,user_attrs_d2mae_mean_val,user_attrs_d2mae_samperror_val,user_attrs_d2mae_std_val,user_attrs_d2mae_t_critical_val,user_attrs_mae_ci_lower_val,user_attrs_mae_ci_upper_val,user_attrs_mae_df_val,user_attrs_mae_mean_val,user_attrs_mae_samperror_val,user_attrs_mae_std_val,user_attrs_mae_t_critical_val,user_attrs_mape_ci_lower_val,user_attrs_mape_ci_upper_val,user_attrs_mape_df_val,user_attrs_mape_mean_val,user_attrs_mape_samperror_val,user_attrs_mape_std_val,user_attrs_mape_t_critical_val,user_attrs_max_error_ci_lower_val,user_attrs_max_error_ci_upper_val,user_attrs_max_error_df_val,user_attrs_max_error_mean_val,user_attrs_max_error_samperror_val,user_attrs_max_error_std_val,user_attrs_max_error_t_critical_val,user_attrs_median_ae_ci_lower_val,user_attrs_median_ae_ci_upper_val,user_attrs_median_ae_df_val,user_attrs_median_ae_mean_val,user_attrs_median_ae_samperror_val,user_attrs_median_ae_std_val,user_attrs_median_ae_t_critical_val,user_attrs_n_splits_val,user_attrs_r2_below_zero_val,user_attrs_r2_ci_lower_val,user_attrs_r2_ci_upper_val,user_attrs_r2_df_val,user_attrs_r2_mean_val,user_attrs_r2_samperror_val,user_attrs_r2_std_val,user_attrs_r2_t_critical_val,user_attrs_regressor_final,user_attrs_rfe_estimator,user_attrs_rfe_n_features,user_attrs_rfe_selected_features,user_attrs_rho_ci_lower_val,user_attrs_rho_ci_upper_val,user_attrs_rho_df_val,user_attrs_rho_mean_val,user_attrs_rho_samperror_val,user_attrs_rho_std_val,user_attrs_rho_t_critical_val,user_attrs_rmse_ci_lower_val,user_attrs_rmse_ci_upper_val,user_attrs_rmse_df_val,user_attrs_rmse_mean_val,user_attrs_rmse_samperror_val,user_attrs_rmse_std_val,user_attrs_rmse_t_critical_val,user_attrs_termination_reason,user_attrs_use_scaler_final,state
13,1.7585025789813025,2026-06-11 14:12:24.226488,2026-06-11 14:12:25.990995,0 days 00:00:01.764507,,,,,,,,,,,euclidean,16.0,uniform,,KNeighborsRegressor,,,,,,5,,,,,0.0011396432463391681,0.00026430789875605035,LinearSVR,,-0.037506386935225254,-0.02177624120189079,98.0,-0.029641314068558022,0.007865072866667234,0.03943450257389243,1.9844674545084815,1.733730890419102,1.783274267543503,98.0,1.7585025789813025,0.024771688562200526,0.12420218260224397,1.9844674545084815,0.2615512474898204,0.27950134566826923,98.0,0.2705262965790448,0.008975049089224392,0.044999786068072874,1.9844674545084815,6.109230839530555,6.489254008954293,98.0,6.299242424242424,0.19001158471186935,0.9526945844514089,1.9844674545084815,1.3656410674587178,1.4323387305210802,98.0,1.398989898989899,0.03334883153118112,0.16720691659782785,1.9844674545084815,99.0,0.7878787878787878,-0.06555242064602283,-0.035166167341939766,98.0,-0.0503592939939813,0.015193126652041537,0.07617645789457053,1.9844674545084815,KNeighborsRegressor,"{'mode': 'proxy', 'type': 'LinearSVR'}",5,"['edges_T2W30', 'lcc_T2W30', 'lsc_T2W30', 'diameter_T2W30', 'asp_T2W30']",0.038752011916158166,0.08916122477057455,98.0,0.06395661834336636,0.025204606427208186,0.1263727792326046,1.9844674545084815,2.248269200457089,2.3233830133819824,98.0,2.2858261069195356,0.03755690646244673,0.18830568383384497,1.9844674545084815,completed,True,COMPLETE
14,1.726642247330622,2026-06-11 14:12:26.003484,2026-06-11 14:12:28.569801,0 days 00:00:02.566317,,,,,,,,,,,,,,0.03377108460750236,QuantileRegressor,,,,,,9,,,,,,,,False,-0.015701805620466087,-0.006525836421675968,98.0,-0.011113821021071028,0.00458798459939506,0.023003587323468615,1.9844674545084815,1.7053229636092384,1.7479615310520056,98.0,1.726642247330622,0.021319283721383604,0.10689225173583058,1.9844674545084815,0.2526597601950233,0.2704212172746466,98.0,0.26154048873483493,0.008880728539811651,0.04452687449921111,1.9844674545084815,5.85848561768719,6.130786361147891,98.0,5.9946359894175405,0.13615037173035008,0.6826411243042919,1.9844674545084815,1.1020871258212062,1.1712446272933483,98.0,1.1366658765572772,0.03457875073607104,0.1733735793704594,1.9844674545084815,99.0,0.7676767676767676,-0.021763591272567568,-0.01031566593345103,98.0,-0.0160396286030093,0.005723962669558268,0.028699240865546816,1.9844674545084815,QuantileRegressor,"{'mode': 'original', 'type': 'QuantileRegressor'}",9,"['pe_T2W30', 'l2_T2W30', 'l3_T2W30', 'lcc_T2W30', 'lsc_T2W30', 'atd_T2W30', 'density_T2W30', 'diameter_T2W30', 'asp_T2W30']",0.03781376705668989,0.09985723475559853,62.0,0.06883550090614421,0.031021733849454322,0.12317703224530746,1.9989715170333788,2.216854588486802,2.2802018654317164,98.0,2.2485282269592592,0.03167363847245724,0.1588077057950923,1.9844674545084815,completed,False,COMPLETE
15,1.7079303675048356,2026-06-11 14:12:28.582401,2026-06-11 14:12:30.869656,0 days 00:00:02.287255,,,,,,,,,,,,,,1.4657437167969012,QuantileRegressor,,,,,,8,,,,,,,,False,0.0,0.0,98.0,0.0,0.0,0.0,1.9844674545084815,1.6874905981416963,1.728370136867975,98.0,1.7079303675048356,0.020439769363139366,0.1024824755249899,1.9844674545084815,0.24769877534444404,0.26502057064376067,98.0,0.25635967299410234,0.008660897649658312,0.04342466960543163,1.9844674545084815,5.777847217965754,6.080738640620104,98.0,5.929292929292929,0.15144571132717455,0.7593300652619515,1.9844674545084815,1.0,1.0,98.0,1.0,0.0,0.0,1.9844674545084815,99.0,0.9696969696969697,-0.017081892832884867,-0.011545748963829566,98.0,-0.014313820898357216,0.002768071934527651,0.013878770314953832,1.9844674545084815,QuantileRegressor,"{'mode': 'original', 'type': 'QuantileRegressor'}",8,"['l2_T2W30', 'l3_T2W30', 'lcc_T2W30', 'lsc_T2W30', 'atd_T2W30', 'density_T2W30', 'diameter_T2W30', 'asp_T2W30']",,,,,,,,2.2153886891578116,2.278487658939916,98.0,2.246938174048864,0.03154948489105226,0.15818521509367467,1.9844674545084815,completed,False,COMPLETE
16,1.7079303675048356,2026-06-11 14:12:30.882150,2026-06-11 14:12:32.939243,0 days 00:00:02.057093,,,,,,,,,,,,,,0.451394758168731,QuantileRegressor,,,,,,5,,,,,,,,False,0.0,0.0,98.0,0.0,0.0,0.0,1.9844674545084815,1.6874905981416963,1.728370136867975,98.0,1.7079303675048356,0.020439769363139366,0.1024824755249899,1.9844674545084815,0.24769877534444404,0.26502057064376067,98.0,0.25635967299410234,0.008660897649658312,0.04342466960543163,1.9844674545084815,5.777847217965754,6.080738640620104,98.0,5.929292929292929,0.15144571132717455,0.7593300652619515,1.9844674545084815,1.0,1.0,98.0,1.0,0.0,0.0,1.9844674545084815,99.0,0.9696969696969697,-0.017081892832884867,-0.011545748963829566,98.0,-0.014313820898357216,0.002768071934527651,0.013878770314953832,1.9844674545084815,QuantileRegressor,"{'mode': 'original', 'type': 'QuantileRegressor'}",5,"['lsc_T2W30', 'atd_T2W30', 'density_T2W30', 'diameter_T2W30', 'asp_T2W30']",,,,,,,,2.2153886891578116,2.278487658939916,98.0,2.246938174048864,0.03154948489105226,0.15818521509367467,1.9844674545084815,completed,False,COMPLETE
17,2.066146144614412,2026-06-11 14:12:32.951269,2026-06-11 14:12:34.847297,0 days 00:00:01.896028,,,,,,,,,,,manhattan,2.0,distance,,KNeighborsRegressor,,,,,,7,11.0,4.0,8.0,80.0,,,ExtraTrees,,-0.2314903431142783,-0.1907386662063001,98.0,-0.2111145046602892,0.020375838453989114,0.10216193385370782,1.9844674545084815,2.0281976910420303,2.1040945981867933,98.0,2.066146144614412,0.03794845357238167,0.19026885261514986,1.9844674545084815,0.294333960297101,0.3131915915387803,98.0,0.30376277591794065,0.009428815620839609,0.04727491533416816,1.9844674545084815,6.483837919656642,7.046251059979236,98.0,6.765044489817939,0.28120657016129713,1.409934962181745,1.9844674545084815,1.6686384974454487,1.7760042203807649,98.0,1.7223213589131068,0.05368286146765814,0.2691592277157529,1.9844674545084815,99.0,0.9797979797979798,-0.42169950987697036,-0.3328537027380132,98.0,-0.37727660630749177,0.04442290356947858,0.22273094411809163,1.9844674545084815,KNeighborsRegressor,"{'mode': 'proxy', 'type': 'ExtraTrees'}",7,"['edges_T2W30', 're_T2W30', 'l1_T2W30', 'l3_T2W30', 'lcc_T2W30', 'lsc_T2W30', 'atd_T2W30']",0.10074501122521405,0.1501573596273253,98.0,0.12545118542626968,0.024706174201055628,0.1238737016985076,1.9844674545084815,2.5572211430308562,2.6564528812008024,98.0,2.6068370121158293,0.049615869084973174,0.2487678309287387,1.9844674545084815,completed,True,COMPLETE
18,1.9077210356230472,2026-06-11 14:12:34.860316,2026-06-11 14:12:36.609573,0 days 00:00:01.749257,3.0,1.0,20.0,,,,,,,,,,,,DecisionTreeRegressor,,,,,,5,,,,,,,,False,-0.13581399933065347,-0.10072845498735139,98.0,-0.11827122715900243,0.017542772171651035,0.08795728991755958,1.9844674545084815,1.8749860449199933,1.940456026326101,98.0,1.9077210356230472,0.0327349907030539,0.1641291946075673,1.9844674545084815,0.27845686154613536,0.2977153017333435,98.0,0.2880860816397394,0.009629220093604054,0.048279718573886625,1.9844674545084815,6.362366303160207,6.71029695045073,98.0,6.5363316268054685,0.17396532364526138,0.8722406161208349,1.9844674545084815,1.5017751012587555,1.588299505776038,98.0,1.5450373035173968,0.04326220225864121,0.2169113313051296,1.9844674545084815,99.0,0.898989898989899,-0.23912307693446572,-0.1562625572947947,98.0,-0.19769281711463021,0.041430259819835495,0.20772619849797244,1.9844674545084815,DecisionTreeRegressor,"{'mode': 'original', 'type': 'DecisionTreeRegressor'}",5,"['edges_T2W30', 're_T2W30', 'lcc_T2W30', 'lsc_T2W30', 'asp_T2W30']",0.043486845334003585,0.10318093959233128,98.0,0.07333389246316743,0.029847047129163844,0.14964940271899183,1.9844674545084815,2.387460997284832,2.470652338110107,98.0,2.4290566676974694,0.04159567041263752,0.2085555467517242,1.9844674545084815,completed,False,COMPLETE
19,1.8055337681191392,2026-06-11 14:12:36.621637,2026-06-11 14:12:38.905264,0 days 00:00:02.283627,,,,,,,,,,,,,,0.0006433288892232992,QuantileRegressor,,,,,,9,,,,,,,,False,-0.06858284662764973,-0.046686300124028246,98.0,-0.057634573375838986,0.010948273251810742,0.05489328796405098,1.9844674545084815,1.7790653540573083,1.8320021821809702,98.0,1.8055337681191392,0.026468414061831022,0.13270935440047807,1.9844674545084815,0.26843884743102564,0.2872703160785026,98.0,0.27785458175476413,0.009415734323738488,0.04720932732844347,1.9844674545084815,5.972699002519815,6.21502127867936,98.0,6.093860140599587,0.12116113807977201,0.6074869607008635,1.9844674545084815,1.458969813277616,1.510114278389275,98.0,1.4845420458334455,0.025572232555829383,0.1282160111722326,1.9844674545084815,99.0,0.7575757575757576,-0.10368363725532623,-0.060236821066355334,98.0,-0.08196022916084078,0.021723408094485443,0.10891848135905469,1.9844674545084815,QuantileRegressor,"{'mode': 'original', 'type': 'QuantileRegressor'}",9,"['edges_T2W30', 'pe_T2W30', 'l2_T2W30', 'l3_T2W30', 'lcc_T2W30', 'lsc_T2W30', 'atd_T2W30', 'diameter_T2W30', 'asp_T2W30']",0.012074251197651271,0.06870176595513602,98.0,0.04038800857639365,0.02831375737874238,0.1419616775529897,1.9844674545084815,2.279864775098586,2.353872480092406,98.0,2.316868627595496,0.03700385249691006,0.1855327396542828,1.9844674545084815,completed,False,COMPLETE
20,1.7079303675048356,2026-06-11 14:12:38.927315,2026-06-11 14:12:41.205529,0 days 00:00:02.278214,,,,,,,,,,,,,,0.33860550288793867,QuantileRegressor,,,,,,11,,,,,,,,False,0.0,0.0,98.0,0.0,0.0,0.0,1.9844674545084815,1.6874905981416963,1.728370136867975,98.0,1.7079303675048356,0.020439769363139366,0.1024824755249899,1.9844674545084815,0.24769877534444404,0.26502057064376067,98.0,0.25635967299410234,0.008660897649658312,0.04342466960543163,1.9844674545084815,5.777847217965754,6.080738640620104,98.0,5.929292929292929,0.15144571132717455,0.7593300652619515,1.9844674545084815,1.0,1.0,98.0,1.0,0.0,0.0,1.9844674545084815,99.0,0.9696969696969697,-0.017081892832884867,-0.011545748963829566,98.0,-0.014313820898357216,0.002768071934527651,0.013878770314953832,1.9844674545084815,QuantileRegressor,"{'mode': 'original', 'type': 'QuantileRegressor'}",11,"['re_T2W30', 'pe_T2W30', 'l1_T2W30', 'l2_T2W30', 'l3_T2W30', 'lcc_T2W30', 'lsc_T2W30', 'atd_T2W30', 'density_T2W30', 'diameter_T2W30', 'asp_T2W30']",,,,,,,,2.2153886891578116,2.278487658939916,98.0,2.246938174048864,0.03154948489105226,0.15818521509367467,1.9844674545084815,completed,False,COMPLETE
21,1.7079303675048356,2026-06-11 14:12:41.217481,2026-06-11 14:12:43.495394,0 days 00:00:02.277913,,,,,,,,,,,,,,7.650436292875533,QuantileRegressor,,,,,,7,,,,,,,,False,0.0,0.0,98.0,0.0,0.0,0.0,1.9844674545084815,1.6874905981416963,1.728370136867975,98.0,1.7079303675048356,0.020439769363139366,0.1024824755249899,1.9844674545084815,0.24769877534444404,0.26502057064376067,98.0,0.25635967299410234,0.008660897649658312,0.04342466960543163,1.9844674545084815,5.777847217965754,6.080738640620104,98.0,5.929292929292929,0.15144571132717455,0.7593300652619515,1.9844674545084815,1.0,1.0,98.0,1.0,0.0,0.0,1.9844674545084815,99.0,0.9696969696969697,-0.017081892832884867,-0.011545748963829566,98.0,-0.014313820898357216,0.002768071934527651,0.013878770314953832,1.9844674545084815,QuantileRegressor,"{'mode': 'original', 'type': 'QuantileRegressor'}",7,"['l3_T2W30', 'lcc_T2W30', 'lsc_T2W30', 'atd_T2W30', 'density_T2W30', 'diameter_T2W30', 'asp_T2W30']",,,,,,,,2.2153886891578116,2.278487658939916,98.0,2.246938174048864,0.03154948489105226,0.15818521509367467,1.9844674545084815,completed,False,COMPLETE
22,1.7079303675048356,2026-06-11 14:12:43.507731,2026-06-11 14:12:45.618190,0 days 00:00:02.110459,,,,,,,,,,,,,,7.519102299872907,QuantileRegressor,,,,,,6,,,,,,,,False,0.0,0.0,98.0,0.0,0.0,0.0,1.9844674545084815,1.6874905981416963,1.728370136867975,98.0,1.7079303675048356,0.020439769363139366,0.1024824755249899,1.9844674545084815,0.24769877534444404,0.26502057064376067,98.0,0.25635967299410234,0.008660897649658312,0.04342466960543163,1.9844674545084815,5.777847217965754,6.080738640620104,98.0,5.929292929292929,0.15144571132717455,0.7593300652619515,1.9844674545084815,1.0,1.0,98.0,1.0,0.0,0.0,1.9844674545084815,99.0,0.9696969696969697,-0.017081892832884867,-0.011545748963829566,98.0,-0.014313820898357216,0.002768071934527651,0.013878770314953832,1.9844674545084815,QuantileRegressor,"{'mode': 'original', 'type': 'QuantileRegressor'}",6,"['lcc_T2W30', 'lsc_T2W30', 'atd_T2W30', 'density_T2W30', 'diameter_T2W30', 'asp_T2W30']",,,,,,,,2.2153886891578116,2.278487658939916,98.0,2.246938174048864,0.03154948489105226,0.15818521509367467,1.9844674545084815,completed,False,COMPLETE
23,1.7079303675048356,2026-06-11 14:12:45.631427,2026-06-11 14:12:47.888729,0 days 00:00:02.257302,,,,,,,,,,,,,,1.1065975650776998,QuantileRegressor,,,,,,8,,,,,,,,False,0.0,0.0,98.0,0.0,0.0,0.0,1.9844674545084815,1.6874905981416963,1.728370136867975,98.0,1.7079303675048356,0.020439769363139366,0.1024824755249899,1.9844674545084815,0.24769877534444404,0.26502057064376067,98.0,0.25635967299410234,0.008660897649658312,0.04342466960543163,1.9844674545084815,5.777847217965754,6.080738640620104,98.0,5.929292929292929,0.15144571132717455,0.7593300652619515,1.9844674545084815,1.0,1.0,98.0,1.0,0.0,0.0,1.9844674545084815,99.0,0.9696969696969697,-0.017081892832884867,-0.011545748963829566,98.0,-0.014313820898357216,0.002768071934527651,0.013878770314953832,1.9844674545084815,QuantileRegressor,"{'mode': 'original', 'type': 'QuantileRegressor'}",8,"['l2_T2W30', 'l3_T2W30', 'lcc_T2W30', 'lsc_T2W30', 'atd_T2W30', 'density_T2W30', 'diameter_T2W30', 'asp_T2W30']",,,,,,,,2.2153886891578116,2.278487658939916,98.0,2.246938174048864,0.03154948489105226,0.15818521509367467,1.9844674545084815,completed,False,COMPLETE
24,1.7079303675048356,2026-06-11 14:12:47.900915,2026-06-11 14:12:50.227755,0 days 00:00:02.326840,,,,,,,,,,,,,,9.959327167494518,QuantileRegressor,,,,,,6,,,,,,,,False,0.0,0.0,98.0,0.0,0.0,0.0,1.9844674545084815,1.6874905981416963,1.728370136867975,98.0,1.7079303675048356,0.020439769363139366,0.1024824755249899,1.9844674545084815,0.24769877534444404,0.26502057064376067,98.0,0.25635967299410234,0.008660897649658312,0.04342466960543163,1.9844674545084815,5.777847217965754,6.080738640620104,98.0,5.929292929292929,0.15144571132717455,0.7593300652619515,1.9844674545084815,1.0,1.0,98.0,1.0,0.0,0.0,1.9844674545084815,99.0,0.9696969696969697,-0.017081892832884867,-0.011545748963829566,98.0,-0.014313820898357216,0.002768071934527651,0.013878770314953832,1.9844674545084815,QuantileRegressor,"{'mode': 'original', 'type': 'QuantileRegressor'}",6,"['lcc_T2W30', 'lsc_T2W30', 'atd_T2W30', 'density_T2W30', 'diameter_T2W30', 'asp_T2W30']",,,,,,,,2.2153886891578116,2.278487658939916,98.0,2.246938174048864,0.03154948489105226,0.15818521509367467,1.9844674545084815,completed,False,COMPLETE
25,1.7079303675048356,2026-06-11 14:12:50.239982,2026-06-11 14:12:52.545420,0 days 00:00:02.305438,,,,,,,,,,,,,,1.3358589404922976,QuantileRegressor,,,,,,4,,,,,,,,False,0.0,0.0,98.0,0.0,0.0,0.0,1.9844674545084815,1.6874905981416963,1.728370136867975,98.0,1.7079303675048356,0.020439769363139366,0.1024824755249899,1.9844674545084815,0.24769877534444404,0.26502057064376067,98.0,0.25635967299410234,0.008660897649658312,0.04342466960543163,1.9844674545084815,5.777847217965754,6.080738640620104,98.0,5.929292929292929,0.15144571132717455,0.7593300652619515,1.9844674545084815,1.0,1.0,98.0,1.0,0.0,0.0,1.9844674545084815,99.0,0.9696969696969697,-0.017081892832884867,-0.011545748963829566,98.0,-0.014313820898357216,0.002768071934527651,0.013878770314953832,1.9844674545084815,QuantileRegressor,"{'mode': 'original', 'type': 'QuantileRegressor'}",4,"['atd_T2W30', 'density_T2W30', 'diameter_T2W30', 'asp_T2W30']",,,,,,,,2.2153886891578116,2.278487658939916,98.0,2.246938174048864,0.03154948489105226,0.15818521509367467,1.9844674545084815,completed,False,COMPLETE
26,1.7772549205933177,2026-06-11 14:12:52.557877,2026-06-11 14:13:38.065903,0 days 00:00:45.508026,,,,,,,,,,,,,,,RandomForestRegressor,19.0,log2,1.0,2.0,491.0,8,,,,,,,,False,-0.050842193873310265,-0.03104142733122434,98.0,-0.0409418106022673,0.009900383271042961,0.049639297207160066,1.9844674545084815,1.7515808899944623,1.8029289511921731,98.0,1.7772549205933177,0.02567403059885552,0.12872641396922951,1.9844674545084815,0.2617127020065599,0.28029296352261296,98.0,0.2710028327645864,0.009290130758026538,0.046579566585049775,1.9844674545084815,5.8835864285421255,6.1935608728753735,98.0,6.0385736507087495,0.15498722216662358,0.7770867625845664,1.9844674545084815,1.3942624895653768,1.459726102434695,98.0,1.426994296000036,0.032731806434659075,0.16411322907967707,1.9844674545084815,99.0,0.7474747474747475,-0.0667622734966754,-0.029725177747122928,98.0,-0.048243725621899165,0.018518547874776237,0.09284970860569536,1.9844674545084815,RandomForestRegressor,"{'mode': 'original', 'type': 'RandomForestRegressor'}",8,"['re_T2W30', 'l1_T2W30', 'l3_T2W30', 'lcc_T2W30', 'lsc_T2W30', 'atd_T2W30', 'density_T2W30', 'diameter_T2W30']",0.11038447743583887,0.15621516491979756,98.0,0.13329982117781822,0.02291534374197935,0.11489469927284116,1.9844674545084815,2.243597046108563,2.321852940124345,98.0,2.282724993116454,0.0391279470078911,0.1961826868169423,1.9844674545084815,completed,False,COMPLETE
27,1.7768710527760219,2026-06-11 14:13:38.078857,2026-06-11 14:13:39.866570,0 days 00:00:01.787713,,,,,,,,,,,minkowski,20.0,distance,,KNeighborsRegressor,,,,,,4,,,,,7.4910104974988885,0.6592318760277409,LinearSVR,,-0.04850039702038303,-0.03219465984935013,98.0,-0.04034752843486658,0.008152868585516447,0.040877474712626545,1.9844674545084815,1.751470849058781,1.8022712564932628,98.0,1.7768710527760219,0.025400203717240864,0.12735347985267506,1.9844674545084815,0.2629130132802058,0.28210115849529804,98.0,0.2725070858877519,0.009594072607546142,0.04810349342595562,1.9844674545084815,6.151724849165686,6.4753389721530565,98.0,6.313531910659371,0.16180706149368496,0.8112805934689958,1.9844674545084815,1.4033613542641008,1.4661991685477849,98.0,1.4347802614059428,0.031418907141842096,0.15753051440944524,1.9844674545084815,99.0,0.8585858585858586,-0.08155960186501293,-0.05177068575775154,98.0,-0.06666514381138224,0.014894458053630695,0.07467897048250997,1.9844674545084815,KNeighborsRegressor,"{'mode': 'proxy', 'type': 'LinearSVR'}",4,"['lcc_T2W30', 'atd_T2W30', 'diameter_T2W30', 'asp_T2W30']",-0.006296075905160695,0.04462436269258799,98.0,0.019164143393713647,0.02546021929887434,0.12765439055604938,1.9844674545084815,2.2661424408773967,2.3408325287676903,98.0,2.3034874848225435,0.037345043945146726,0.187243431375996,1.9844674545084815,completed,True,COMPLETE
