number,value,datetime_start,datetime_complete,duration,params_dt_max_depth,params_dt_min_samples_leaf,params_dt_min_samples_split,params_elastic_alpha,params_elastic_l1_ratio,params_et_max_depth,params_et_max_features,params_et_min_samples_leaf,params_et_min_samples_split,params_et_n_estimators,params_knn_metric,params_knn_n_neighbors,params_knn_weights,params_quantile_alpha,params_regressor,params_rf_max_depth,params_rf_max_features,params_rf_min_samples_leaf,params_rf_min_samples_split,params_rf_n_estimators,params_rfe_n_features,params_rfe_proxy_et_max_depth,params_rfe_proxy_et_min_samples_leaf,params_rfe_proxy_et_min_samples_split,params_rfe_proxy_et_n_estimators,params_rfe_proxy_lsvr_C,params_rfe_proxy_lsvr_epsilon,params_rfe_proxy_type,params_use_scaler,user_attrs_d2mae_ci_lower_val,user_attrs_d2mae_ci_upper_val,user_attrs_d2mae_df_val,user_attrs_d2mae_mean_val,user_attrs_d2mae_samperror_val,user_attrs_d2mae_std_val,user_attrs_d2mae_t_critical_val,user_attrs_mae_ci_lower_val,user_attrs_mae_ci_upper_val,user_attrs_mae_df_val,user_attrs_mae_mean_val,user_attrs_mae_samperror_val,user_attrs_mae_std_val,user_attrs_mae_t_critical_val,user_attrs_mape_ci_lower_val,user_attrs_mape_ci_upper_val,user_attrs_mape_df_val,user_attrs_mape_mean_val,user_attrs_mape_samperror_val,user_attrs_mape_std_val,user_attrs_mape_t_critical_val,user_attrs_max_error_ci_lower_val,user_attrs_max_error_ci_upper_val,user_attrs_max_error_df_val,user_attrs_max_error_mean_val,user_attrs_max_error_samperror_val,user_attrs_max_error_std_val,user_attrs_max_error_t_critical_val,user_attrs_median_ae_ci_lower_val,user_attrs_median_ae_ci_upper_val,user_attrs_median_ae_df_val,user_attrs_median_ae_mean_val,user_attrs_median_ae_samperror_val,user_attrs_median_ae_std_val,user_attrs_median_ae_t_critical_val,user_attrs_n_splits_val,user_attrs_r2_below_zero_val,user_attrs_r2_ci_lower_val,user_attrs_r2_ci_upper_val,user_attrs_r2_df_val,user_attrs_r2_mean_val,user_attrs_r2_samperror_val,user_attrs_r2_std_val,user_attrs_r2_t_critical_val,user_attrs_regressor_final,user_attrs_rfe_estimator,user_attrs_rfe_n_features,user_attrs_rfe_selected_features,user_attrs_rho_ci_lower_val,user_attrs_rho_ci_upper_val,user_attrs_rho_df_val,user_attrs_rho_mean_val,user_attrs_rho_samperror_val,user_attrs_rho_std_val,user_attrs_rho_t_critical_val,user_attrs_rmse_ci_lower_val,user_attrs_rmse_ci_upper_val,user_attrs_rmse_df_val,user_attrs_rmse_mean_val,user_attrs_rmse_samperror_val,user_attrs_rmse_std_val,user_attrs_rmse_t_critical_val,user_attrs_termination_reason,user_attrs_use_scaler_final,state
294,1.694427632431132,2026-06-11 15:11:07.457152,2026-06-11 15:11:31.221856,0 days 00:00:23.764704,,,,,,18.0,sqrt,3.0,5.0,466.0,,,,,ExtraTreesRegressor,,,,,,6,,,,,,,,True,0.0032378309376292335,0.012654914539593708,98.0,0.00794637273861147,0.004708541800982237,0.02360804622129257,1.9844674545084815,1.672311727801187,1.716543537061077,98.0,1.694427632431132,0.022115904629945136,0.11088641044251246,1.9844674545084815,0.2521810137256248,0.2703344184974183,98.0,0.26125771611152154,0.009076702385896728,0.04550946312475456,1.9844674545084815,5.740066815904902,5.976744094417051,98.0,5.858405455160977,0.11833863925607471,0.59333530069532,1.9844674545084815,1.3033503018676795,1.3541122055718324,98.0,1.328731253719756,0.02538095185207655,0.12725695338187887,1.9844674545084815,99.0,0.1717171717171717,0.02420924031583997,0.03868462618519299,98.0,0.03144693325051648,0.007237692934676511,0.03628889719142378,1.9844674545084815,ExtraTreesRegressor,"{'mode': 'original', 'type': 'ExtraTreesRegressor'}",6,"['nodes_T2W30', 'edges_T2W30', 're_T2W30', 'l1_T2W30', 'l3_T2W30', 'lsc_T2W30']",0.17738571171955236,0.22386269442801343,98.0,0.2006242030737829,0.023238491354230523,0.11651492143264752,1.9844674545084815,2.1618507856741096,2.2309659650796347,98.0,2.196408375376872,0.034557589702762556,0.17326748056672087,1.9844674545084815,completed,True,COMPLETE
295,1.6944552769095444,2026-06-11 15:11:31.235003,2026-06-11 15:11:54.920062,0 days 00:00:23.685059,,,,,,15.0,sqrt,3.0,5.0,461.0,,,,,ExtraTreesRegressor,,,,,,6,,,,,,,,True,0.0032089804523594036,0.012646996914835115,98.0,0.007927988683597259,0.0047190082312378555,0.023660523608069733,1.9844674545084815,1.6723455288163627,1.7165650250027262,98.0,1.6944552769095444,0.02210974809318174,0.11085554232864268,1.9844674545084815,0.25218188967166183,0.27033481422886435,98.0,0.2612583519502631,0.009076462278601287,0.04550825925647251,1.9844674545084815,5.739459938445109,5.976548599894223,98.0,5.858004269169666,0.11854433072455738,0.5943666122776556,1.9844674545084815,1.3029921285390798,1.3536255567265154,98.0,1.3283088426327976,0.025316714093717725,0.12693487320661717,1.9844674545084815,99.0,0.1717171717171717,0.02419057412159835,0.03868849246028069,98.0,0.03143953329093952,0.007248959169341174,0.036345384698585295,1.9844674545084815,ExtraTreesRegressor,"{'mode': 'original', 'type': 'ExtraTreesRegressor'}",6,"['nodes_T2W30', 'edges_T2W30', 're_T2W30', 'l1_T2W30', 'l3_T2W30', 'lsc_T2W30']",0.17736805934666183,0.2236739422499438,98.0,0.20052100079830282,0.023152941451640978,0.11608598480217315,1.9844674545084815,2.1618528836980073,2.2309816462439724,98.0,2.19641726497099,0.03456438127298262,0.17330153265979925,1.9844674545084815,completed,True,COMPLETE
296,1.6945707693480097,2026-06-11 15:11:54.933852,2026-06-11 15:12:17.068179,0 days 00:00:22.134327,,,,,,18.0,sqrt,3.0,4.0,432.0,,,,,ExtraTreesRegressor,,,,,,6,,,,,,,,True,0.0031957026323036304,0.01252376033041206,98.0,0.007859731481357846,0.004664028849054216,0.02338486378584224,1.9844674545084815,1.672492898042279,1.7166486406537402,98.0,1.6945707693480097,0.022077871305730492,0.11069571605899411,1.9844674545084815,0.2522001441626556,0.270348512296207,98.0,0.2612743282294313,0.009074184066775706,0.04549683658415622,1.9844674545084815,5.739040915597675,5.975426740845023,98.0,5.857233828221349,0.11819291262367361,0.5926046453844378,1.9844674545084815,1.3027984118641822,1.3534323007943467,98.0,1.3281153563292645,0.025316944465082366,0.12693602826014636,1.9844674545084815,99.0,0.1717171717171717,0.02419923461417723,0.03853351664687973,98.0,0.03136637563052848,0.007167141016351247,0.03593515859904763,1.9844674545084815,ExtraTreesRegressor,"{'mode': 'original', 'type': 'ExtraTreesRegressor'}",6,"['nodes_T2W30', 'edges_T2W30', 're_T2W30', 'l1_T2W30', 'l3_T2W30', 'lsc_T2W30']",0.17724561055460072,0.22339591070365403,98.0,0.20032076062912738,0.023075150074526644,0.11569594845883006,1.9844674545084815,2.161962152624798,2.231052442934325,98.0,2.1965072977795614,0.03454514515476323,0.17320508514223726,1.9844674545084815,completed,True,COMPLETE
297,1.6919828448309522,2026-06-11 15:12:17.081252,2026-06-11 15:12:21.025074,0 days 00:00:03.943822,,,,,,19.0,sqrt,3.0,12.0,451.0,,,,,ExtraTreesRegressor,,,,,,6,,,,,,,,True,,,,,,,,,,,,,,,,,,,,,,,,,,,,,,,,,,,,,,,,,,,,,ExtraTreesRegressor,"{'mode': 'original', 'type': 'ExtraTreesRegressor'}",6,"['edges_T2W30', 're_T2W30', 'l1_T2W30', 'l3_T2W30', 'lsc_T2W30', 'diameter_T2W30']",,,,,,,,,,,,,,,pruned,True,PRUNED
298,1.7939429342333146,2026-06-11 15:12:21.036257,2026-06-11 15:12:21.160130,0 days 00:00:00.123873,,,,0.001299758432255868,0.6184555991958911,,,,,,,,,,ElasticNet,,,,,,6,,,,,,,,True,,,,,,,,,,,,,,,,,,,,,,,,,,,,,,,,,,,,,,,,,,,,,ElasticNet,"{'mode': 'original', 'type': 'ElasticNet'}",6,"['nodes_T2W30', 'edges_T2W30', 'lcc_T2W30', 'lsc_T2W30', 'density_T2W30', 'diameter_T2W30']",,,,,,,,,,,,,,,pruned,True,PRUNED
299,1.6893691571544722,2026-06-11 15:12:21.170076,2026-06-11 15:12:33.207004,0 days 00:00:12.036928,,,,,,19.0,sqrt,3.0,4.0,420.0,,,,,ExtraTreesRegressor,,,,,,5,,,,,,,,True,,,,,,,,,,,,,,,,,,,,,,,,,,,,,,,,,,,,,,,,,,,,,ExtraTreesRegressor,"{'mode': 'original', 'type': 'ExtraTreesRegressor'}",5,"['edges_T2W30', 're_T2W30', 'l1_T2W30', 'l3_T2W30', 'lsc_T2W30']",,,,,,,,,,,,,,,pruned,True,PRUNED
