number,value,datetime_start,datetime_complete,duration,params_dt_max_depth,params_dt_min_samples_leaf,params_dt_min_samples_split,params_elastic_alpha,params_elastic_l1_ratio,params_et_max_depth,params_et_max_features,params_et_min_samples_leaf,params_et_min_samples_split,params_et_n_estimators,params_knn_metric,params_knn_n_neighbors,params_knn_weights,params_quantile_alpha,params_regressor,params_rf_max_depth,params_rf_max_features,params_rf_min_samples_leaf,params_rf_min_samples_split,params_rf_n_estimators,params_rfe_n_features,params_rfe_proxy_et_max_depth,params_rfe_proxy_et_min_samples_leaf,params_rfe_proxy_et_min_samples_split,params_rfe_proxy_et_n_estimators,params_rfe_proxy_lsvr_C,params_rfe_proxy_lsvr_epsilon,params_rfe_proxy_type,params_use_scaler,user_attrs_d2mae_ci_lower_val,user_attrs_d2mae_ci_upper_val,user_attrs_d2mae_df_val,user_attrs_d2mae_mean_val,user_attrs_d2mae_samperror_val,user_attrs_d2mae_std_val,user_attrs_d2mae_t_critical_val,user_attrs_mae_ci_lower_val,user_attrs_mae_ci_upper_val,user_attrs_mae_df_val,user_attrs_mae_mean_val,user_attrs_mae_samperror_val,user_attrs_mae_std_val,user_attrs_mae_t_critical_val,user_attrs_mape_ci_lower_val,user_attrs_mape_ci_upper_val,user_attrs_mape_df_val,user_attrs_mape_mean_val,user_attrs_mape_samperror_val,user_attrs_mape_std_val,user_attrs_mape_t_critical_val,user_attrs_max_error_ci_lower_val,user_attrs_max_error_ci_upper_val,user_attrs_max_error_df_val,user_attrs_max_error_mean_val,user_attrs_max_error_samperror_val,user_attrs_max_error_std_val,user_attrs_max_error_t_critical_val,user_attrs_median_ae_ci_lower_val,user_attrs_median_ae_ci_upper_val,user_attrs_median_ae_df_val,user_attrs_median_ae_mean_val,user_attrs_median_ae_samperror_val,user_attrs_median_ae_std_val,user_attrs_median_ae_t_critical_val,user_attrs_n_splits_val,user_attrs_r2_below_zero_val,user_attrs_r2_ci_lower_val,user_attrs_r2_ci_upper_val,user_attrs_r2_df_val,user_attrs_r2_mean_val,user_attrs_r2_samperror_val,user_attrs_r2_std_val,user_attrs_r2_t_critical_val,user_attrs_regressor_final,user_attrs_rfe_estimator,user_attrs_rfe_n_features,user_attrs_rfe_selected_features,user_attrs_rho_ci_lower_val,user_attrs_rho_ci_upper_val,user_attrs_rho_df_val,user_attrs_rho_mean_val,user_attrs_rho_samperror_val,user_attrs_rho_std_val,user_attrs_rho_t_critical_val,user_attrs_rmse_ci_lower_val,user_attrs_rmse_ci_upper_val,user_attrs_rmse_df_val,user_attrs_rmse_mean_val,user_attrs_rmse_samperror_val,user_attrs_rmse_std_val,user_attrs_rmse_t_critical_val,user_attrs_termination_reason,user_attrs_use_scaler_final,state
159,2.8044935480257034,2026-06-12 03:06:40.561654,2026-06-12 03:06:50.007608,0 days 00:00:09.445954,,,,,,14.0,log2,3.0,10.0,161.0,,,,,ExtraTreesRegressor,,,,,,2,,,,,,,,True,-0.0030508447284078397,0.0052040936019454,98.0,0.0010766244367687802,0.00412746916517662,0.02069461989444853,1.9844674545084815,2.778657818212765,2.8303292778386417,98.0,2.8044935480257034,0.025835729812938482,0.1295371538291201,1.9844674545084815,644067881248248.1,864517269234708.1,98.0,754292575241478.1,110224693993229.95,552652982708397.4,1.9844674545084815,8.332076185784603,8.732518425415174,98.0,8.532297305599888,0.20022111981528629,1.0038839307091179,1.9844674545084815,2.379422854789456,2.446238561011427,98.0,2.4128307079004414,0.03340785311098551,0.1675028434989727,1.9844674545084815,99.0,0.3333333333333333,0.008837002046910259,0.02214045487973544,98.0,0.01548872846332285,0.006651726416412592,0.03335093354322622,1.9844674545084815,ExtraTreesRegressor,"{'mode': 'original', 'type': 'ExtraTreesRegressor'}",2,"['z_pe_T2W40', 'z_l2_T2W40']",0.09719614910954238,0.14943829223406518,98.0,0.12331722067180378,0.026121071562261403,0.13096782206816487,1.9844674545084815,3.403207899208801,3.488514373072382,98.0,3.4458611361405915,0.04265323693179058,0.21385805447525094,1.9844674545084815,completed,True,COMPLETE
160,2.8575640969580363,2026-06-12 03:06:50.020420,2026-06-12 03:06:51.667196,0 days 00:00:01.646776,,,,8.912313736633426,0.6963295794718103,,,,,,,,,,ElasticNet,,,,,,2,,,,,,,,True,-0.020030331037097827,-0.015666330410428902,98.0,-0.017848330723763364,0.0021820003133344625,0.010940279693668413,1.9844674545084815,2.8334053213957517,2.8817228725203208,98.0,2.8575640969580363,0.024158775562284407,0.1211291126278769,1.9844674545084815,674668379207983.9,905461171279375.4,98.0,790064775243679.6,115396396035695.73,578583257095218.2,1.9844674545084815,8.185812288132906,8.513518683925339,98.0,8.349665486029123,0.16385319789621572,0.8215396683180157,1.9844674545084815,2.514882466924047,2.5365408572265498,98.0,2.5257116620752984,0.010829195151251358,0.05429624509584,1.9844674545084815,99.0,1.0,-0.0036125289973331746,-0.0021240076793173496,98.0,-0.002868268338325262,0.0007442606590079126,0.0037316308915178635,1.9844674545084815,ElasticNet,"{'mode': 'original', 'type': 'ElasticNet'}",2,"['z_diameter_T2W40', 'z_asp_T2W40']",,,,,,,,3.4381798172002545,3.5172622922268215,98.0,3.477721054713538,0.03954123751328356,0.1982548742937724,1.9844674545084815,completed,True,COMPLETE
161,2.802824056821213,2026-06-12 03:06:51.680034,2026-06-12 03:07:01.679954,0 days 00:00:09.999920,,,,,,17.0,log2,3.0,12.0,172.0,,,,,ExtraTreesRegressor,,,,,,2,,,,,,,,True,-0.0023980232325480056,0.00573562399708389,98.0,0.0016688003822679424,0.004066823614815948,0.02039055060579279,1.9844674545084815,2.777097571738776,2.82855054190365,98.0,2.802824056821213,0.025726485082436874,0.12898941426215338,1.9844674545084815,643865283376331.9,864351997725341.1,98.0,754108640550836.5,110243357174504.64,552746557590981.44,1.9844674545084815,8.327381058865075,8.72670452564519,98.0,8.527042792255132,0.19966173339005708,1.001079236359878,1.9844674545084815,2.3801804725848075,2.4462471390281677,98.0,2.4132138058064876,0.033033333221680006,0.16562504709591788,1.9844674545084815,99.0,0.30303030303030304,0.010397757949303095,0.0234227715563285,98.0,0.016910264752815797,0.006512506803512702,0.03265290362331228,1.9844674545084815,ExtraTreesRegressor,"{'mode': 'original', 'type': 'ExtraTreesRegressor'}",2,"['z_pe_T2W40', 'z_l2_T2W40']",0.10026766355461063,0.15197874648581491,98.0,0.12612320502021276,0.02585554146560214,0.12963648700520153,1.9844674545084815,3.4008856573915858,3.4858435547967876,98.0,3.4433646060941867,0.04247894870260079,0.2129841948506679,1.9844674545084815,completed,True,COMPLETE
162,2.801949362425358,2026-06-12 03:07:01.692504,2026-06-12 03:07:17.006423,0 days 00:00:15.313919,,,,,,18.0,log2,3.0,12.0,280.0,,,,,ExtraTreesRegressor,,,,,,2,,,,,,,,True,-0.0022777924806103023,0.006226647770403861,98.0,0.001974427644896779,0.004252220125507081,0.021320105779912644,1.9844674545084815,2.7760784601075668,2.8278202647431496,98.0,2.801949362425358,0.025870902317791343,0.12971350441819457,1.9844674545084815,642152875932698.8,862219943969111.2,98.0,752186409950905.0,110033534018206.22,551694530236959.2,1.9844674545084815,8.346915429292965,8.757026645553138,98.0,8.551971037423051,0.20505560813008583,1.0281234571731874,1.9844674545084815,2.3767893474777084,2.4454389860913954,98.0,2.411114166784552,0.0343248193068434,0.17210039859143464,1.9844674545084815,99.0,0.32323232323232326,0.009712655407684246,0.02348999294025937,98.0,0.01660132417397181,0.0068886687662875635,0.0345389331796451,1.9844674545084815,ExtraTreesRegressor,"{'mode': 'original', 'type': 'ExtraTreesRegressor'}",2,"['z_pe_T2W40', 'z_l2_T2W40']",0.1002458245108052,0.15158002094213507,98.0,0.12591292272647014,0.02566709821566494,0.12869165585733322,1.9844674545084815,3.4010854043812384,3.486724287160063,98.0,3.4439048457706507,0.04281944138941226,0.21469138306902041,1.9844674545084815,completed,True,COMPLETE
163,2.8028839367521523,2026-06-12 03:07:17.039560,2026-06-12 03:07:32.516865,0 days 00:00:15.477305,,,,,,18.0,log2,3.0,10.0,283.0,,,,,ExtraTreesRegressor,,,,,,2,,,,,,,,True,-0.0026975173190208887,0.005985067552174391,98.0,0.001643775116576751,0.00434129243559764,0.02176670332593348,1.9844674545084815,2.776873109845973,2.8288947636583317,98.0,2.8028839367521523,0.0260108269061792,0.13041506899801134,1.9844674545084815,642043818380291.9,862032726478403.6,98.0,752038272429347.8,109994454049055.83,551498588105185.75,1.9844674545084815,8.347385809603768,8.758780748429128,98.0,8.553083279016448,0.20569746941267944,1.031341670256475,1.9844674545084815,2.3781266747731764,2.4460057146094205,98.0,2.4120661946912985,0.033939519918122184,0.17016855511155546,1.9844674545084815,99.0,0.3333333333333333,0.008889952997037348,0.0230105578316799,98.0,0.015950255414358624,0.0070603024173212766,0.03539948307768101,1.9844674545084815,ExtraTreesRegressor,"{'mode': 'original', 'type': 'ExtraTreesRegressor'}",2,"['z_pe_T2W40', 'z_l2_T2W40']",0.10137006171196702,0.15296564778525915,98.0,0.12716785474861309,0.025797793036646057,0.12934694352494236,1.9844674545084815,3.4020379834929604,3.488061354748694,98.0,3.445049669120827,0.043011685627867,0.21565527190319625,1.9844674545084815,completed,True,COMPLETE
164,2.8022930183203383,2026-06-12 03:07:32.530426,2026-06-12 03:07:47.747641,0 days 00:00:15.217215,,,,,,19.0,log2,3.0,12.0,278.0,,,,,ExtraTreesRegressor,,,,,,2,,,,,,,,True,-0.0023890084632472892,0.0060914433036795956,98.0,0.001851217420216153,0.004240225883463442,0.021259968133795423,1.9844674545084815,2.7764435442421225,2.828142492398554,98.0,2.8022930183203383,0.02584947407821566,0.1296060658752813,1.9844674545084815,642262088818805.2,862362130513327.5,98.0,752312109666066.4,110050020847261.06,551777193158691.8,1.9844674545084815,8.346091945298078,8.755789612712984,98.0,8.550940779005531,0.2048488337074531,1.0270867157926868,1.9844674545084815,2.376689368957815,2.445110508043372,98.0,2.4108999385005934,0.03421056954277873,0.17152756440522274,1.9844674545084815,99.0,0.32323232323232326,0.00962037463953885,0.02335181857115944,98.0,0.016486096605349145,0.006865721965810294,0.03442388076019219,1.9844674545084815,ExtraTreesRegressor,"{'mode': 'original', 'type': 'ExtraTreesRegressor'}",2,"['z_pe_T2W40', 'z_l2_T2W40']",0.100340889733119,0.15182155263820357,98.0,0.12608122118566129,0.025740331452542287,0.1290588382492947,1.9844674545084815,3.401305628034736,3.486908279580537,98.0,3.4441069538076365,0.042801325772900474,0.21460055360843283,1.9844674545084815,completed,True,COMPLETE
165,2.8443702620909552,2026-06-12 03:07:47.760790,2026-06-12 03:07:49.612425,0 days 00:00:01.851635,,,,,,,,,,,,,,,LinearRegression,,,,,,2,,,,,,,,True,-0.01731403888382642,-0.008986598660540912,98.0,-0.013150318772183665,0.004163720111642753,0.020876377656386533,1.9844674545084815,2.8183855289449746,2.870354995236936,98.0,2.8443702620909552,0.025984733145980505,0.13028423811174214,1.9844674545084815,667325083212203.4,894347793085975.1,98.0,780836438149089.2,113511354936885.92,569131894174227.6,1.9844674545084815,8.01277000543369,8.286977852574623,98.0,8.149873929004157,0.1371039235704665,0.6874221152920265,1.9844674545084815,2.4478681477398387,2.515755314689339,98.0,2.481811731214589,0.03394358347475032,0.17018892928189414,1.9844674545084815,99.0,0.494949494949495,-0.017384403898975276,-0.0008425564918841614,98.0,-0.00911348019542972,0.008270923703545558,0.04146938847295677,1.9844674545084815,LinearRegression,"{'mode': 'original', 'type': 'LinearRegression'}",2,"['z_l1_T2W40', 'z_density_T2W40']",0.05985745092459105,0.11115716982209153,98.0,0.08550731037334129,0.02564985944875024,0.12860522281217357,1.9844674545084815,3.4479427789607366,3.525798984266572,98.0,3.486870881613654,0.038928102652917386,0.1951806919385492,1.9844674545084815,completed,True,COMPLETE
166,2.8022754867691315,2026-06-12 03:07:49.625145,2026-06-12 03:08:05.222760,0 days 00:00:15.597615,,,,,,19.0,log2,3.0,12.0,283.0,,,,,ExtraTreesRegressor,,,,,,2,,,,,,,,True,-0.002392772601296184,0.006110020903293243,98.0,0.0018586241509985298,0.004251396752294714,0.0213159774884635,1.9844674545084815,2.7763986941041754,2.8281522794340876,98.0,2.8022754867691315,0.02587679266495611,0.12974303789034006,1.9844674545084815,642250060371816.9,862347822614632.6,98.0,752298941493224.8,110048881121407.83,551771478714228.94,1.9844674545084815,8.34704854090183,8.757247216584934,98.0,8.552147878743382,0.20509933784155335,1.0283427125378426,1.9844674545084815,2.3763924038984503,2.4453448513906575,98.0,2.410868627644554,0.03447622374610367,0.17285952172365784,1.9844674545084815,99.0,0.32323232323232326,0.009536875410573308,0.023328742098269063,98.0,0.016432808754421185,0.006895933343847876,0.03457535687302428,1.9844674545084815,ExtraTreesRegressor,"{'mode': 'original', 'type': 'ExtraTreesRegressor'}",2,"['z_pe_T2W40', 'z_l2_T2W40']",0.0998603911053586,0.1512072360015309,98.0,0.12553381355344476,0.025673422448086156,0.12872336477649013,1.9844674545084815,3.4013736709049835,3.487023077653692,98.0,3.444198374279338,0.042824703374354504,0.21471776601070025,1.9844674545084815,completed,True,COMPLETE
167,2.856868132816589,2026-06-12 03:08:05.236845,2026-06-12 03:08:36.129867,0 days 00:00:30.893022,,,,,,,,,,,,,,,RandomForestRegressor,7.0,log2,4.0,9.0,367.0,2,,,,,,,,True,-0.02685799794556832,-0.008878998924650406,98.0,-0.017868498435109362,0.008989499510458956,0.04507223869286461,1.9844674545084815,2.8251128151357805,2.888623450497397,98.0,2.856868132816589,0.03175531768080845,0.15921723524339662,1.9844674545084815,578796855115327.8,782918441189675.0,98.0,680857648152501.4,102060793037173.64,511720193054405.94,1.9844674545084815,8.421573325934082,8.757223581111125,98.0,8.589398453522604,0.16782512758852122,0.8414544325331516,1.9844674545084815,2.3441672986086637,2.4494990415289646,98.0,2.396833170068814,0.05266587146015059,0.2640601656029726,1.9844674545084815,99.0,0.6767676767676768,-0.06328054704512034,-0.02984655073847197,98.0,-0.04656354889179616,0.01671699815332419,0.08381696112427248,1.9844674545084815,RandomForestRegressor,"{'mode': 'original', 'type': 'RandomForestRegressor'}",2,"['z_re_T2W40', 'z_l2_T2W40']",0.10751345893571734,0.1526291848465282,98.0,0.13007132189112278,0.02255786295540544,0.11310233482342703,1.9844674545084815,3.503934100464945,3.592670857329569,98.0,3.548302478897257,0.044368378432312165,0.2224575618241979,1.9844674545084815,completed,True,COMPLETE
168,2.80207084331445,2026-06-12 03:08:36.143355,2026-06-12 03:08:51.310022,0 days 00:00:15.166667,,,,,,18.0,log2,3.0,12.0,279.0,,,,,ExtraTreesRegressor,,,,,,2,,,,,,,,True,-0.0023168577176055864,0.006177763852836837,98.0,0.001930453067615625,0.004247310785221212,0.021295490954923578,1.9844674545084815,2.776213223129694,2.8279284634992057,98.0,2.80207084331445,0.025857620184755983,0.12964690944593568,1.9844674545084815,642195841875605.9,862278007702392.6,98.0,752236924788999.2,110041082913393.39,551732379463754.06,1.9844674545084815,8.34676763703962,8.756773537594684,98.0,8.551770587317153,0.20500295027753204,1.0278594372133891,1.9844674545084815,2.3768810799003184,2.445451848564903,98.0,2.4111664642326107,0.03428538433229255,0.17190267650649158,1.9844674545084815,99.0,0.32323232323232326,0.009665559274155537,0.02342188483804148,98.0,0.016543722056098508,0.006878162781942971,0.034486257473558005,1.9844674545084815,ExtraTreesRegressor,"{'mode': 'original', 'type': 'ExtraTreesRegressor'}",2,"['z_pe_T2W40', 'z_l2_T2W40']",0.10042386247761477,0.15174293987309034,98.0,0.12608340117535255,0.02565953869773778,0.1286537533694339,1.9844674545084815,3.4011959213279797,3.4868144946854187,98.0,3.444005208006699,0.04280928667871971,0.21464046860557795,1.9844674545084815,completed,True,COMPLETE
169,2.8099706146160046,2026-06-12 03:08:51.322795,2026-06-12 03:09:06.286084,0 days 00:00:14.963289,,,,,,19.0,log2,4.0,12.0,277.0,,,,,ExtraTreesRegressor,,,,,,3,,,,,,,,True,-0.0038619403566967584,0.002140232184519508,98.0,-0.0008608540860886251,0.003001086270608133,0.015047075376037559,1.9844674545084815,2.7850751689198283,2.834866060312181,98.0,2.8099706146160046,0.024895445696176414,0.12482268556528617,1.9844674545084815,655605375286305.4,879980581049825.9,98.0,767792978168065.6,112187602881760.28,562494765096087.56,1.9844674545084815,8.191318096910406,8.520767033180023,98.0,8.356042565045215,0.16472446813480804,0.8259081095325831,1.9844674545084815,2.392296690988893,2.441850974016773,98.0,2.417073832502833,0.02477714151393994,0.12422952302782536,1.9844674545084815,99.0,0.1717171717171717,0.013432941902651693,0.021383960367203386,98.0,0.01740845113492754,0.003975509232275846,0.01993271158581726,1.9844674545084815,ExtraTreesRegressor,"{'mode': 'original', 'type': 'ExtraTreesRegressor'}",3,"['z_re_T2W40', 'z_pe_T2W40', 'z_l2_T2W40']",0.09185876255220789,0.14440107795646254,98.0,0.1181299202543352,0.02627115770212732,0.1317203354102766,1.9844674545084815,3.401850882337854,3.4831466085438407,98.0,3.4424987454408473,0.0406478631029934,0.2038033581292743,1.9844674545084815,completed,True,COMPLETE
170,2.8114784442589955,2026-06-12 03:09:06.298637,2026-06-12 03:09:21.480768,0 days 00:00:15.182131,,,,,,18.0,,3.0,12.0,282.0,,,,,ExtraTreesRegressor,,,,,,2,,,,,,,,True,-0.008821028609305689,0.005715575023952473,98.0,-0.0015527267926766077,0.007268301816629081,0.03644236633972094,1.9844674545084815,2.7820584230797603,2.8408984654382308,98.0,2.8114784442589955,0.029420021179235294,0.1475083474221053,1.9844674545084815,606722053437927.2,817801355763813.0,98.0,712261704600870.1,105539651162942.92,529162757419736.1,1.9844674545084815,8.26162275052627,8.572225011006926,98.0,8.416923880766598,0.15530113024032877,0.7786606588408814,1.9844674545084815,2.360892995765059,2.450696604659917,98.0,2.405794800212488,0.04490180444742893,0.22513209388800787,1.9844674545084815,99.0,0.494949494949495,-0.014807913305451894,0.009490233800532726,98.0,-0.002658839752459584,0.01214907355299231,0.06091395215501616,1.9844674545084815,ExtraTreesRegressor,"{'mode': 'original', 'type': 'ExtraTreesRegressor'}",2,"['z_re_T2W40', 'z_l2_T2W40']",0.12180111271251248,0.16908972117961696,98.0,0.14544541694606472,0.023644304233552238,0.11854961701721774,1.9844674545084815,3.43221593640014,3.5183721370739143,98.0,3.475294036737027,0.04307810033688709,0.21598826703982063,1.9844674545084815,completed,True,COMPLETE
171,2.802491925116248,2026-06-12 03:09:21.493634,2026-06-12 03:09:37.137973,0 days 00:00:15.644339,,,,,,18.0,log2,3.0,12.0,286.0,,,,,ExtraTreesRegressor,,,,,,2,,,,,,,,True,-0.002462830438611353,0.006024301795960559,98.0,0.0017807356786746027,0.004243566117285956,0.02127671565304977,1.9844674545084815,2.7766335266081845,2.8283503236243113,98.0,2.802491925116248,0.025858398508063166,0.12965081186273217,1.9844674545084815,642290524478253.8,862361025051711.5,98.0,752325774764982.6,110035250286728.88,551703135395057.75,1.9844674545084815,8.346620627188473,8.757170516808698,98.0,8.551895571998585,0.20527494481011282,1.0292231841585189,1.9844674545084815,2.377003412728987,2.446099945329328,98.0,2.4115516790291576,0.03454826630017016,0.1732207341792735,1.9844674545084815,99.0,0.32323232323232326,0.009421366669286068,0.023193859790822,98.0,0.016307613230054033,0.006886246560767965,0.034526788540756644,1.9844674545084815,ExtraTreesRegressor,"{'mode': 'original', 'type': 'ExtraTreesRegressor'}",2,"['z_pe_T2W40', 'z_l2_T2W40']",0.09882695164839796,0.14981629831090976,98.0,0.12432162497965385,0.025494673331255893,0.12782713881301588,1.9844674545084815,3.401600677896468,3.4872359426802397,98.0,3.444418310288354,0.04281763239188573,0.2146823129791655,1.9844674545084815,completed,True,COMPLETE
172,2.802491925116248,2026-06-12 03:09:37.151287,2026-06-12 03:09:52.786881,0 days 00:00:15.635594,,,,,,18.0,log2,3.0,12.0,286.0,,,,,ExtraTreesRegressor,,,,,,2,,,,,,,,True,-0.002462830438611353,0.006024301795960559,98.0,0.0017807356786746027,0.004243566117285956,0.02127671565304977,1.9844674545084815,2.7766335266081845,2.8283503236243113,98.0,2.802491925116248,0.025858398508063166,0.12965081186273217,1.9844674545084815,642290524478253.8,862361025051711.5,98.0,752325774764982.6,110035250286728.88,551703135395057.75,1.9844674545084815,8.346620627188473,8.757170516808698,98.0,8.551895571998585,0.20527494481011282,1.0292231841585189,1.9844674545084815,2.377003412728987,2.446099945329328,98.0,2.4115516790291576,0.03454826630017016,0.1732207341792735,1.9844674545084815,99.0,0.32323232323232326,0.009421366669286068,0.023193859790822,98.0,0.016307613230054033,0.006886246560767965,0.034526788540756644,1.9844674545084815,ExtraTreesRegressor,"{'mode': 'original', 'type': 'ExtraTreesRegressor'}",2,"['z_pe_T2W40', 'z_l2_T2W40']",0.09882695164839796,0.14981629831090976,98.0,0.12432162497965385,0.025494673331255893,0.12782713881301588,1.9844674545084815,3.401600677896468,3.4872359426802397,98.0,3.444418310288354,0.04281763239188573,0.2146823129791655,1.9844674545084815,completed,True,COMPLETE
173,2.801949362425358,2026-06-12 03:09:52.814347,2026-06-12 03:10:08.224541,0 days 00:00:15.410194,,,,,,18.0,log2,3.0,12.0,280.0,,,,,ExtraTreesRegressor,,,,,,2,,,,,,,,True,-0.0022777924806103023,0.006226647770403861,98.0,0.001974427644896779,0.004252220125507081,0.021320105779912644,1.9844674545084815,2.7760784601075668,2.8278202647431496,98.0,2.801949362425358,0.025870902317791343,0.12971350441819457,1.9844674545084815,642152875932698.8,862219943969111.2,98.0,752186409950905.0,110033534018206.22,551694530236959.2,1.9844674545084815,8.346915429292965,8.757026645553138,98.0,8.551971037423051,0.20505560813008583,1.0281234571731874,1.9844674545084815,2.3767893474777084,2.4454389860913954,98.0,2.411114166784552,0.0343248193068434,0.17210039859143464,1.9844674545084815,99.0,0.32323232323232326,0.009712655407684246,0.02348999294025937,98.0,0.01660132417397181,0.0068886687662875635,0.0345389331796451,1.9844674545084815,ExtraTreesRegressor,"{'mode': 'original', 'type': 'ExtraTreesRegressor'}",2,"['z_pe_T2W40', 'z_l2_T2W40']",0.1002458245108052,0.15158002094213507,98.0,0.12591292272647014,0.02566709821566494,0.12869165585733322,1.9844674545084815,3.4010854043812384,3.486724287160063,98.0,3.4439048457706507,0.04281944138941226,0.21469138306902041,1.9844674545084815,completed,True,COMPLETE
