number,value,datetime_start,datetime_complete,duration,params_dt_max_depth,params_dt_min_samples_leaf,params_dt_min_samples_split,params_elastic_alpha,params_elastic_l1_ratio,params_et_max_depth,params_et_max_features,params_et_min_samples_leaf,params_et_min_samples_split,params_et_n_estimators,params_knn_metric,params_knn_n_neighbors,params_knn_weights,params_quantile_alpha,params_regressor,params_rf_max_depth,params_rf_max_features,params_rf_min_samples_leaf,params_rf_min_samples_split,params_rf_n_estimators,params_rfe_n_features,params_rfe_proxy_et_max_depth,params_rfe_proxy_et_min_samples_leaf,params_rfe_proxy_et_min_samples_split,params_rfe_proxy_et_n_estimators,params_rfe_proxy_lsvr_C,params_rfe_proxy_lsvr_epsilon,params_rfe_proxy_type,params_use_scaler,user_attrs_d2mae_ci_lower_val,user_attrs_d2mae_ci_upper_val,user_attrs_d2mae_df_val,user_attrs_d2mae_mean_val,user_attrs_d2mae_samperror_val,user_attrs_d2mae_std_val,user_attrs_d2mae_t_critical_val,user_attrs_mae_ci_lower_val,user_attrs_mae_ci_upper_val,user_attrs_mae_df_val,user_attrs_mae_mean_val,user_attrs_mae_samperror_val,user_attrs_mae_std_val,user_attrs_mae_t_critical_val,user_attrs_mape_ci_lower_val,user_attrs_mape_ci_upper_val,user_attrs_mape_df_val,user_attrs_mape_mean_val,user_attrs_mape_samperror_val,user_attrs_mape_std_val,user_attrs_mape_t_critical_val,user_attrs_max_error_ci_lower_val,user_attrs_max_error_ci_upper_val,user_attrs_max_error_df_val,user_attrs_max_error_mean_val,user_attrs_max_error_samperror_val,user_attrs_max_error_std_val,user_attrs_max_error_t_critical_val,user_attrs_median_ae_ci_lower_val,user_attrs_median_ae_ci_upper_val,user_attrs_median_ae_df_val,user_attrs_median_ae_mean_val,user_attrs_median_ae_samperror_val,user_attrs_median_ae_std_val,user_attrs_median_ae_t_critical_val,user_attrs_n_splits_val,user_attrs_r2_below_zero_val,user_attrs_r2_ci_lower_val,user_attrs_r2_ci_upper_val,user_attrs_r2_df_val,user_attrs_r2_mean_val,user_attrs_r2_samperror_val,user_attrs_r2_std_val,user_attrs_r2_t_critical_val,user_attrs_regressor_final,user_attrs_rfe_estimator,user_attrs_rfe_n_features,user_attrs_rfe_selected_features,user_attrs_rho_ci_lower_val,user_attrs_rho_ci_upper_val,user_attrs_rho_df_val,user_attrs_rho_mean_val,user_attrs_rho_samperror_val,user_attrs_rho_std_val,user_attrs_rho_t_critical_val,user_attrs_rmse_ci_lower_val,user_attrs_rmse_ci_upper_val,user_attrs_rmse_df_val,user_attrs_rmse_mean_val,user_attrs_rmse_samperror_val,user_attrs_rmse_std_val,user_attrs_rmse_t_critical_val,user_attrs_termination_reason,user_attrs_use_scaler_final,state
101,2.805591711789301,2026-06-12 02:52:12.676219,2026-06-12 02:52:30.577498,0 days 00:00:17.901279,,,,,,10.0,sqrt,2.0,8.0,344.0,,,,,ExtraTreesRegressor,,,,,,2,,,,,,,,True,-0.004112976201597694,0.005365827752566211,98.0,0.0006264257754842587,0.0047394019770819525,0.023762775327362592,1.9844674545084815,2.77954792200926,2.831635501569342,98.0,2.805591711789301,0.02604378978004087,0.13058034077059083,1.9844674545084815,636387879460547.5,855489978882407.2,98.0,745938929171477.4,109551049710929.81,549275413595613.1,1.9844674545084815,8.171510710918426,8.497167604706696,98.0,8.334339157812561,0.1628284468941346,0.8164016935383502,1.9844674545084815,2.372652872260638,2.4380859285899734,98.0,2.4053694004253057,0.03271652816466767,0.16403662572360975,1.9844674545084815,99.0,0.3333333333333333,0.0058939768105770755,0.020341804519237672,98.0,0.013117890664907374,0.0072239138543302986,0.036219810586812465,1.9844674545084815,ExtraTreesRegressor,"{'mode': 'original', 'type': 'ExtraTreesRegressor'}",2,"['z_re_T2W40', 'z_l2_T2W40']",0.10871476788299578,0.1567484698331234,98.0,0.1327316188580596,0.024016850975063807,0.12041752030127956,1.9844674545084815,3.4080550326788073,3.4907101747535485,98.0,3.449382603716178,0.04132757103737047,0.2072113296435987,1.9844674545084815,completed,True,COMPLETE
102,2.8054024461307745,2026-06-12 02:52:30.590377,2026-06-12 02:52:48.319010,0 days 00:00:17.728633,,,,,,10.0,sqrt,2.0,8.0,343.0,,,,,ExtraTreesRegressor,,,,,,2,,,,,,,,True,-0.0040529771813351744,0.005440207438476871,98.0,0.0006936151285708485,0.004746592309906023,0.023798826766817098,1.9844674545084815,2.7793534398715547,2.8314514523899943,98.0,2.8054024461307745,0.026049006259219586,0.13060649555200063,1.9844674545084815,636364207447725.1,855455316123476.4,98.0,745909761785600.8,109545554337875.62,549247860474806.25,1.9844674545084815,8.171690346100405,8.497488045478931,98.0,8.334589195789668,0.1628988496892637,0.816754684445465,1.9844674545084815,2.372944209927781,2.4383145480403425,98.0,2.4056293789840617,0.03268516905628099,0.16387939503276253,1.9844674545084815,99.0,0.3333333333333333,0.005983717891060511,0.0204467700976911,98.0,0.013215243994375807,0.007231526103315296,0.0362579774617138,1.9844674545084815,ExtraTreesRegressor,"{'mode': 'original', 'type': 'ExtraTreesRegressor'}",2,"['z_re_T2W40', 'z_l2_T2W40']",0.10950110797545098,0.15773139271241599,98.0,0.13361625034393348,0.024115142368482504,0.12091034119085939,1.9844674545084815,3.407872928794833,3.4905571562977946,98.0,3.4492150425463137,0.041342113751480856,0.2072842450134547,1.9844674545084815,completed,True,COMPLETE
103,2.805601007635317,2026-06-12 02:52:48.336950,2026-06-12 02:53:06.291764,0 days 00:00:17.954814,,,,,,10.0,sqrt,2.0,8.0,349.0,,,,,ExtraTreesRegressor,,,,,,2,,,,,,,,True,-0.004116843607697924,0.005364726752864489,98.0,0.000623941572583282,0.004740785180281207,0.02376971053712427,1.9844674545084815,2.7795458704736085,2.8316561447970257,98.0,2.805601007635317,0.02605513716170874,0.1306372351387899,1.9844674545084815,636288374201376.2,855384841513850.5,98.0,745836607857613.4,109548233656237.12,549261294245683.44,1.9844674545084815,8.171625260263582,8.497534192046984,98.0,8.334579726155283,0.16295446589170165,0.8170335372056834,1.9844674545084815,2.3710932251394565,2.437203395816921,98.0,2.4041483104781887,0.03305508533873223,0.1657341095204402,1.9844674545084815,99.0,0.3333333333333333,0.005798678355567608,0.020274424961996666,98.0,0.013036551658782137,0.007237873303214529,0.03628980153696479,1.9844674545084815,ExtraTreesRegressor,"{'mode': 'original', 'type': 'ExtraTreesRegressor'}",2,"['z_re_T2W40', 'z_l2_T2W40']",0.10981326996941028,0.1576621924278238,98.0,0.13373773119861704,0.023924461229206762,0.11995428954263755,1.9844674545084815,3.4081984764611413,3.4908356310325512,98.0,3.4495170537468463,0.04131857728570513,0.2071662360851272,1.9844674545084815,completed,True,COMPLETE
104,2.805601007635317,2026-06-12 02:53:06.304112,2026-06-12 02:53:24.358650,0 days 00:00:18.054538,,,,,,10.0,sqrt,2.0,8.0,349.0,,,,,ExtraTreesRegressor,,,,,,2,,,,,,,,True,-0.004116843607697924,0.005364726752864489,98.0,0.000623941572583282,0.004740785180281207,0.02376971053712427,1.9844674545084815,2.7795458704736085,2.8316561447970257,98.0,2.805601007635317,0.02605513716170874,0.1306372351387899,1.9844674545084815,636288374201376.2,855384841513850.5,98.0,745836607857613.4,109548233656237.12,549261294245683.44,1.9844674545084815,8.171625260263582,8.497534192046984,98.0,8.334579726155283,0.16295446589170165,0.8170335372056834,1.9844674545084815,2.3710932251394565,2.437203395816921,98.0,2.4041483104781887,0.03305508533873223,0.1657341095204402,1.9844674545084815,99.0,0.3333333333333333,0.005798678355567608,0.020274424961996666,98.0,0.013036551658782137,0.007237873303214529,0.03628980153696479,1.9844674545084815,ExtraTreesRegressor,"{'mode': 'original', 'type': 'ExtraTreesRegressor'}",2,"['z_re_T2W40', 'z_l2_T2W40']",0.10981326996941028,0.1576621924278238,98.0,0.13373773119861704,0.023924461229206762,0.11995428954263755,1.9844674545084815,3.4081984764611413,3.4908356310325512,98.0,3.4495170537468463,0.04131857728570513,0.2071662360851272,1.9844674545084815,completed,True,COMPLETE
105,2.8056151897495605,2026-06-12 02:53:24.371469,2026-06-12 02:53:42.200263,0 days 00:00:17.828794,,,,,,10.0,sqrt,2.0,8.0,346.0,,,,,ExtraTreesRegressor,,,,,,2,,,,,,,,True,-0.004127318906670861,0.005362526578034453,98.0,0.0006176038356817962,0.004744922742352657,0.02379045576160245,1.9844674545084815,2.779568275960862,2.831662103538259,98.0,2.8056151897495605,0.026046913788698632,0.13059600416361258,1.9844674545084815,636346917750351.0,855468737321651.0,98.0,745907827536001.0,109560909785649.97,549324850790731.7,1.9844674545084815,8.172471243268772,8.498495454645658,98.0,8.335483348957215,0.1630121056884428,0.817322536017453,1.9844674545084815,2.372104425410832,2.437373232867695,98.0,2.4047388291392635,0.03263440372843158,0.163624863957758,1.9844674545084815,99.0,0.3333333333333333,0.005782412118832943,0.020248866272704877,98.0,0.01301563919576891,0.007233227076935967,0.03626650593306551,1.9844674545084815,ExtraTreesRegressor,"{'mode': 'original', 'type': 'ExtraTreesRegressor'}",2,"['z_re_T2W40', 'z_l2_T2W40']",0.10886069724871827,0.1566779715949127,98.0,0.1327693344218155,0.023908637173097214,0.11987494968247858,1.9844674545084815,3.408228981106961,3.4908866786227803,98.0,3.4495578298648706,0.04132884875790974,0.20721773597634968,1.9844674545084815,completed,True,COMPLETE
106,2.805601007635317,2026-06-12 02:53:42.213328,2026-06-12 02:54:00.246838,0 days 00:00:18.033510,,,,,,10.0,sqrt,2.0,8.0,349.0,,,,,ExtraTreesRegressor,,,,,,2,,,,,,,,True,-0.004116843607697924,0.005364726752864489,98.0,0.000623941572583282,0.004740785180281207,0.02376971053712427,1.9844674545084815,2.7795458704736085,2.8316561447970257,98.0,2.805601007635317,0.02605513716170874,0.1306372351387899,1.9844674545084815,636288374201376.2,855384841513850.5,98.0,745836607857613.4,109548233656237.12,549261294245683.44,1.9844674545084815,8.171625260263582,8.497534192046984,98.0,8.334579726155283,0.16295446589170165,0.8170335372056834,1.9844674545084815,2.3710932251394565,2.437203395816921,98.0,2.4041483104781887,0.03305508533873223,0.1657341095204402,1.9844674545084815,99.0,0.3333333333333333,0.005798678355567608,0.020274424961996666,98.0,0.013036551658782137,0.007237873303214529,0.03628980153696479,1.9844674545084815,ExtraTreesRegressor,"{'mode': 'original', 'type': 'ExtraTreesRegressor'}",2,"['z_re_T2W40', 'z_l2_T2W40']",0.10981326996941028,0.1576621924278238,98.0,0.13373773119861704,0.023924461229206762,0.11995428954263755,1.9844674545084815,3.4081984764611413,3.4908356310325512,98.0,3.4495170537468463,0.04131857728570513,0.2071662360851272,1.9844674545084815,completed,True,COMPLETE
107,2.8055752507135248,2026-06-12 02:54:00.259611,2026-06-12 02:54:18.217366,0 days 00:00:17.957755,,,,,,10.0,sqrt,2.0,8.0,348.0,,,,,ExtraTreesRegressor,,,,,,2,,,,,,,,True,-0.0041035324641480785,0.005369488609514053,98.0,0.0006329780726829876,0.004736510536831066,0.02374827800356804,1.9844674545084815,2.77952738808505,2.8316231133419993,98.0,2.8055752507135248,0.02604786262847466,0.13060076152889377,1.9844674545084815,636353222398497.4,855478755400880.4,98.0,745915988899688.9,109562766501191.45,549334160132811.6,1.9844674545084815,8.171507595181705,8.497603405909636,98.0,8.33455550054567,0.16304790536396566,0.8175020311626962,1.9844674545084815,2.371393630558246,2.437255764955882,98.0,2.404324697757064,0.03293106719881792,0.16511229790590493,1.9844674545084815,99.0,0.3333333333333333,0.0058293022745455406,0.020282076220928067,98.0,0.013055689247736804,0.007226386973191263,0.036232210498897396,1.9844674545084815,ExtraTreesRegressor,"{'mode': 'original', 'type': 'ExtraTreesRegressor'}",2,"['z_re_T2W40', 'z_l2_T2W40']",0.1097463613265212,0.1575190753441834,98.0,0.1336327183353523,0.023886357008831113,0.1197632396945366,1.9844674545084815,3.408166562207609,3.4908102185420677,98.0,3.4494883903748383,0.04132182816722958,0.20718253560301045,1.9844674545084815,completed,True,COMPLETE
108,2.8058006955745154,2026-06-12 02:54:18.230613,2026-06-12 02:54:36.440162,0 days 00:00:18.209549,,,,,,10.0,sqrt,2.0,8.0,352.0,,,,,ExtraTreesRegressor,,,,,,2,,,,,,,,True,-0.00418036738906689,0.005284630166600439,98.0,0.0005521313887667747,0.004732498777833665,0.02372816354014338,1.9844674545084815,2.7797634418684876,2.831837949280543,98.0,2.8058006955745154,0.02603725370602789,0.1305475697038941,1.9844674545084815,636511906932514.4,855655354590730.6,98.0,746083630761622.5,109571723829108.12,549379071067112.3,1.9844674545084815,8.171613383549186,8.49744108009347,98.0,8.334527231821328,0.16291384827214175,0.8168298854849386,1.9844674545084815,2.371006544505343,2.437249771112223,98.0,2.404128157808783,0.03312161330344011,0.16606767250707538,1.9844674545084815,99.0,0.3434343434343434,0.005710866412784951,0.020153142979073113,98.0,0.012932004695929032,0.0072211382831440804,0.03620589421617707,1.9844674545084815,ExtraTreesRegressor,"{'mode': 'original', 'type': 'ExtraTreesRegressor'}",2,"['z_re_T2W40', 'z_l2_T2W40']",0.10885536127298312,0.15682011784134287,98.0,0.132837739557163,0.02398237828417988,0.12024467849288989,1.9844674545084815,3.4084049373520555,3.4909874103161282,98.0,3.449696173834092,0.041291236482036406,0.20702915267713795,1.9844674545084815,completed,True,COMPLETE
109,2.8057991967051517,2026-06-12 02:54:36.453087,2026-06-12 02:54:54.619538,0 days 00:00:18.166451,,,,,,10.0,sqrt,2.0,8.0,351.0,,,,,ExtraTreesRegressor,,,,,,2,,,,,,,,True,-0.004186410584241795,0.00529214679728301,98.0,0.000552868106520607,0.0047392786907624026,0.023762157185004854,1.9844674545084815,2.7797502109031,2.8318481825072035,98.0,2.8057991967051517,0.026048985802051727,0.13060639298229118,1.9844674545084815,636432900775067.6,855557676913881.1,98.0,745995288844474.4,109562388069406.75,549332262722648.9,1.9844674545084815,8.172497078590817,8.498365835760934,98.0,8.335431457175876,0.16293437858505833,0.8169328219346418,1.9844674545084815,2.3712385449465,2.4374858698214497,98.0,2.4043622073839748,0.03312366243747474,0.16607794661168102,1.9844674545084815,99.0,0.3434343434343434,0.005688171792373175,0.020150440573836737,98.0,0.012919306183104957,0.007231134390731781,0.036256013463268434,1.9844674545084815,ExtraTreesRegressor,"{'mode': 'original', 'type': 'ExtraTreesRegressor'}",2,"['z_re_T2W40', 'z_l2_T2W40']",0.10889905279210225,0.15689158859847344,98.0,0.13289532069528784,0.023996267903185587,0.12031431932466811,1.9844674545084815,3.4084097287878588,3.4910331155788046,98.0,3.4497214221833317,0.0413116933954729,0.2071317211109263,1.9844674545084815,completed,True,COMPLETE
110,2.805631816899422,2026-06-12 02:54:54.632060,2026-06-12 02:55:12.541618,0 days 00:00:17.909558,,,,,,10.0,sqrt,2.0,8.0,347.0,,,,,ExtraTreesRegressor,,,,,,2,,,,,,,,True,-0.004125951414444995,0.005351317631718741,98.0,0.0006126831086368728,0.004738634523081868,0.02375892740792755,1.9844674545084815,2.779581671356195,2.831681962442649,98.0,2.805631816899422,0.026050145543227054,0.13061220778110344,1.9844674545084815,636412500639706.0,855562585983966.5,98.0,745987543311836.2,109575042672130.22,549395711335539.0,1.9844674545084815,8.172277771786087,8.498368657326536,98.0,8.335323214556311,0.16304544277022387,0.8174896840222571,1.9844674545084815,2.3717234215111347,2.4372910994741526,98.0,2.4045072604926436,0.03278383898150893,0.1643741138340158,1.9844674545084815,99.0,0.3333333333333333,0.005781470305666029,0.020229846323781386,98.0,0.013005658314723709,0.007224188009057679,0.03622118516470714,1.9844674545084815,ExtraTreesRegressor,"{'mode': 'original', 'type': 'ExtraTreesRegressor'}",2,"['z_re_T2W40', 'z_l2_T2W40']",0.10936487393351561,0.15729173733684568,98.0,0.13332830563518064,0.02396343170166503,0.12014968267153968,1.9844674545084815,3.408248085652309,3.490908864572446,98.0,3.4495784751123777,0.04133038946006838,0.2072254608664137,1.9844674545084815,completed,True,COMPLETE
111,2.8056151897495605,2026-06-12 02:55:12.554089,2026-06-12 02:55:30.425348,0 days 00:00:17.871259,,,,,,10.0,sqrt,2.0,8.0,346.0,,,,,ExtraTreesRegressor,,,,,,2,,,,,,,,True,-0.004127318906670861,0.005362526578034453,98.0,0.0006176038356817962,0.004744922742352657,0.02379045576160245,1.9844674545084815,2.779568275960862,2.831662103538259,98.0,2.8056151897495605,0.026046913788698632,0.13059600416361258,1.9844674545084815,636346917750351.0,855468737321651.0,98.0,745907827536001.0,109560909785649.97,549324850790731.7,1.9844674545084815,8.172471243268772,8.498495454645658,98.0,8.335483348957215,0.1630121056884428,0.817322536017453,1.9844674545084815,2.372104425410832,2.437373232867695,98.0,2.4047388291392635,0.03263440372843158,0.163624863957758,1.9844674545084815,99.0,0.3333333333333333,0.005782412118832943,0.020248866272704877,98.0,0.01301563919576891,0.007233227076935967,0.03626650593306551,1.9844674545084815,ExtraTreesRegressor,"{'mode': 'original', 'type': 'ExtraTreesRegressor'}",2,"['z_re_T2W40', 'z_l2_T2W40']",0.10886069724871827,0.1566779715949127,98.0,0.1327693344218155,0.023908637173097214,0.11987494968247858,1.9844674545084815,3.408228981106961,3.4908866786227803,98.0,3.4495578298648706,0.04132884875790974,0.20721773597634968,1.9844674545084815,completed,True,COMPLETE
112,2.805654879182578,2026-06-12 02:55:30.438010,2026-06-12 02:55:48.347451,0 days 00:00:17.909441,,,,,,10.0,sqrt,2.0,8.0,345.0,,,,,ExtraTreesRegressor,,,,,,2,,,,,,,,True,-0.004135137058850859,0.0053405934564038325,98.0,0.0006027281987764864,0.004737865257627346,0.023755070406084006,1.9844674545084815,2.779626946298041,2.8316828120671147,98.0,2.805654879182578,0.02602793288453664,0.13050083625776862,1.9844674545084815,636431070597240.0,855553625521226.2,98.0,745992348059233.1,109561277461993.17,549326694274441.0,1.9844674545084815,8.172261806017303,8.498275589489364,98.0,8.335268697753333,0.1630068917360304,0.8172963939049369,1.9844674545084815,2.3724358823549525,2.4377635815194325,98.0,2.4050997319371925,0.03266384958224014,0.16377250182678846,1.9844674545084815,99.0,0.3333333333333333,0.0058055905565316404,0.0202500746337165,98.0,0.01302783259512407,0.007222242038592429,0.03621142830947877,1.9844674545084815,ExtraTreesRegressor,"{'mode': 'original', 'type': 'ExtraTreesRegressor'}",2,"['z_re_T2W40', 'z_l2_T2W40']",0.10867592668282171,0.15677216601538635,98.0,0.13272404634910404,0.024048119666282328,0.12057429765162869,1.9844674545084815,3.4082184463500904,3.490856031171908,98.0,3.4495372387609993,0.041318792410909064,0.2071673146962923,1.9844674545084815,completed,True,COMPLETE
113,2.8057395429747425,2026-06-12 02:55:48.360622,2026-06-12 02:56:06.449813,0 days 00:00:18.089191,,,,,,10.0,sqrt,2.0,8.0,350.0,,,,,ExtraTreesRegressor,,,,,,2,,,,,,,,True,-0.004167145845504132,0.005315892311098033,98.0,0.0005743732327969508,0.004741519078301082,0.023773390211024866,1.9844674545084815,2.7796848507725027,2.8317942351769823,98.0,2.8057395429747425,0.026054692202239608,0.1306350041670458,1.9844674545084815,636362809855812.6,855476557330132.4,98.0,745919683592972.5,109556873737159.89,549304614542794.9,1.9844674545084815,8.172517868956447,8.498374348742448,98.0,8.335446108849448,0.1629282398930008,0.8169020432919201,1.9844674545084815,2.370863747775069,2.4371723080179994,98.0,2.404018027896534,0.03315428012146529,0.16623145989230792,1.9844674545084815,99.0,0.3434343434343434,0.005690866514397392,0.02017401125094335,98.0,0.012932438882670372,0.00724157236827298,0.03630834819165463,1.9844674545084815,ExtraTreesRegressor,"{'mode': 'original', 'type': 'ExtraTreesRegressor'}",2,"['z_re_T2W40', 'z_l2_T2W40']",0.10871606167147946,0.1567052503804352,98.0,0.13271065602595733,0.02399459435447787,0.12030592835843794,1.9844674545084815,3.408377604833594,3.491017832935689,98.0,3.4496977188846416,0.041320114051047706,0.20717394123648236,1.9844674545084815,completed,True,COMPLETE
114,2.8056151897495605,2026-06-12 02:56:06.462315,2026-06-12 02:56:24.467799,0 days 00:00:18.005484,,,,,,10.0,sqrt,2.0,8.0,346.0,,,,,ExtraTreesRegressor,,,,,,2,,,,,,,,True,-0.004127318906670861,0.005362526578034453,98.0,0.0006176038356817962,0.004744922742352657,0.02379045576160245,1.9844674545084815,2.779568275960862,2.831662103538259,98.0,2.8056151897495605,0.026046913788698632,0.13059600416361258,1.9844674545084815,636346917750351.0,855468737321651.0,98.0,745907827536001.0,109560909785649.97,549324850790731.7,1.9844674545084815,8.172471243268772,8.498495454645658,98.0,8.335483348957215,0.1630121056884428,0.817322536017453,1.9844674545084815,2.372104425410832,2.437373232867695,98.0,2.4047388291392635,0.03263440372843158,0.163624863957758,1.9844674545084815,99.0,0.3333333333333333,0.005782412118832943,0.020248866272704877,98.0,0.01301563919576891,0.007233227076935967,0.03626650593306551,1.9844674545084815,ExtraTreesRegressor,"{'mode': 'original', 'type': 'ExtraTreesRegressor'}",2,"['z_re_T2W40', 'z_l2_T2W40']",0.10886069724871827,0.1566779715949127,98.0,0.1327693344218155,0.023908637173097214,0.11987494968247858,1.9844674545084815,3.408228981106961,3.4908866786227803,98.0,3.4495578298648706,0.04132884875790974,0.20721773597634968,1.9844674545084815,completed,True,COMPLETE
