number,value,datetime_start,datetime_complete,duration,params_dt_max_depth,params_dt_min_samples_leaf,params_dt_min_samples_split,params_elastic_alpha,params_elastic_l1_ratio,params_et_max_depth,params_et_max_features,params_et_min_samples_leaf,params_et_min_samples_split,params_et_n_estimators,params_knn_metric,params_knn_n_neighbors,params_knn_weights,params_quantile_alpha,params_regressor,params_rf_max_depth,params_rf_max_features,params_rf_min_samples_leaf,params_rf_min_samples_split,params_rf_n_estimators,params_rfe_n_features,params_rfe_proxy_et_max_depth,params_rfe_proxy_et_min_samples_leaf,params_rfe_proxy_et_min_samples_split,params_rfe_proxy_et_n_estimators,params_rfe_proxy_lsvr_C,params_rfe_proxy_lsvr_epsilon,params_rfe_proxy_type,params_use_scaler,user_attrs_d2mae_ci_lower_val,user_attrs_d2mae_ci_upper_val,user_attrs_d2mae_df_val,user_attrs_d2mae_mean_val,user_attrs_d2mae_samperror_val,user_attrs_d2mae_std_val,user_attrs_d2mae_t_critical_val,user_attrs_mae_ci_lower_val,user_attrs_mae_ci_upper_val,user_attrs_mae_df_val,user_attrs_mae_mean_val,user_attrs_mae_samperror_val,user_attrs_mae_std_val,user_attrs_mae_t_critical_val,user_attrs_mape_ci_lower_val,user_attrs_mape_ci_upper_val,user_attrs_mape_df_val,user_attrs_mape_mean_val,user_attrs_mape_samperror_val,user_attrs_mape_std_val,user_attrs_mape_t_critical_val,user_attrs_max_error_ci_lower_val,user_attrs_max_error_ci_upper_val,user_attrs_max_error_df_val,user_attrs_max_error_mean_val,user_attrs_max_error_samperror_val,user_attrs_max_error_std_val,user_attrs_max_error_t_critical_val,user_attrs_median_ae_ci_lower_val,user_attrs_median_ae_ci_upper_val,user_attrs_median_ae_df_val,user_attrs_median_ae_mean_val,user_attrs_median_ae_samperror_val,user_attrs_median_ae_std_val,user_attrs_median_ae_t_critical_val,user_attrs_n_splits_val,user_attrs_r2_below_zero_val,user_attrs_r2_ci_lower_val,user_attrs_r2_ci_upper_val,user_attrs_r2_df_val,user_attrs_r2_mean_val,user_attrs_r2_samperror_val,user_attrs_r2_std_val,user_attrs_r2_t_critical_val,user_attrs_regressor_final,user_attrs_rfe_estimator,user_attrs_rfe_n_features,user_attrs_rfe_selected_features,user_attrs_rho_ci_lower_val,user_attrs_rho_ci_upper_val,user_attrs_rho_df_val,user_attrs_rho_mean_val,user_attrs_rho_samperror_val,user_attrs_rho_std_val,user_attrs_rho_t_critical_val,user_attrs_rmse_ci_lower_val,user_attrs_rmse_ci_upper_val,user_attrs_rmse_df_val,user_attrs_rmse_mean_val,user_attrs_rmse_samperror_val,user_attrs_rmse_std_val,user_attrs_rmse_t_critical_val,user_attrs_termination_reason,user_attrs_use_scaler_final,state
115,2.8137390249919445,2026-06-12 02:56:24.480481,2026-06-12 02:56:42.451714,0 days 00:00:17.971233,,,,,,9.0,sqrt,2.0,8.0,345.0,,,,,ExtraTreesRegressor,,,,,,2,,,,,,,,True,-0.008038786804808249,0.003550057008690693,98.0,-0.002244364898058778,0.005794421906749471,0.029052514766179902,1.9844674545084815,2.785783107848271,2.841694942135618,98.0,2.8137390249919445,0.027955917143673358,0.14016751087327894,1.9844674545084815,630934797775426.1,848290544406819.6,98.0,739612671091122.9,108677873315696.73,544897415147409.06,1.9844674545084815,8.473520353357092,8.913505845709611,98.0,8.693513099533352,0.21999274617625952,1.1030164198594978,1.9844674545084815,2.4026923420330144,2.472988513120966,98.0,2.4378404275769903,0.035148085543975915,0.1762281536799845,1.9844674545084815,99.0,0.41414141414141414,-0.005979742558980359,0.014107884680519767,98.0,0.004064071060769703,0.010043813619750062,0.0503584392356129,1.9844674545084815,ExtraTreesRegressor,"{'mode': 'original', 'type': 'ExtraTreesRegressor'}",2,"['z_pe_T2W40', 'z_l2_T2W40']",0.09301725576126259,0.1437678616196634,98.0,0.118392558690463,0.02537530292920041,0.12722863038125634,1.9844674545084815,3.4202665313580805,3.51032632353003,98.0,3.465296427444055,0.04502989608597479,0.22577432952085727,1.9844674545084815,completed,True,COMPLETE
116,2.8107714272937128,2026-06-12 02:56:42.464549,2026-06-12 02:56:59.663669,0 days 00:00:17.199120,,,,,,9.0,sqrt,2.0,9.0,328.0,,,,,ExtraTreesRegressor,,,,,,2,,,,,,,,True,-0.006856009716113938,0.004472383335976579,98.0,-0.0011918131900686792,0.005664196526045258,0.02839958081405716,1.9844674545084815,2.78309420641745,2.8384486481699756,98.0,2.8107714272937128,0.027677220876262808,0.13877016225860644,1.9844674545084815,630669750482708.6,848006350052213.1,98.0,739338050267460.9,108668299784752.27,544849414647341.06,1.9844674545084815,8.457456573062695,8.898462664993142,98.0,8.677959619027918,0.22050304596522313,1.105574999885708,1.9844674545084815,2.405834221129734,2.476495852883619,98.0,2.4411650370066766,0.035330815876942444,0.1771443409687553,1.9844674545084815,99.0,0.41414141414141414,-0.0036971581604365233,0.01618133377880295,98.0,0.006242087809183213,0.009939245969619736,0.04983414997115024,1.9844674545084815,ExtraTreesRegressor,"{'mode': 'original', 'type': 'ExtraTreesRegressor'}",2,"['z_pe_T2W40', 'z_l2_T2W40']",0.09625973823381871,0.1472844000609655,98.0,0.12177206914739211,0.025512330913573397,0.12791567174680463,1.9844674545084815,3.4166091151176814,3.506416098609407,98.0,3.4615126068635442,0.04490349174586304,0.22514055379366554,1.9844674545084815,completed,True,COMPLETE
117,2.81151649147011,2026-06-12 02:56:59.700181,2026-06-12 02:57:19.141635,0 days 00:00:19.441454,,,,,,12.0,sqrt,2.0,9.0,384.0,,,,,ExtraTreesRegressor,,,,,,3,,,,,,,,True,-0.005902765270170494,0.003061813731533626,98.0,-0.001420475769318434,0.00448228950085206,0.02247364517211154,1.9844674545084815,2.7850604687330294,2.8379725142071908,98.0,2.81151649147011,0.026456022737080555,0.1326472258307814,1.9844674545084815,639139403903274.6,858886189650950.1,98.0,749012796777112.4,109873392873837.78,550891602345909.75,1.9844674545084815,8.2349434787816,8.57923740770604,98.0,8.40709044324382,0.1721469644622203,0.8631235880780573,1.9844674545084815,2.345669175980956,2.417703620686061,98.0,2.3816863983335086,0.036017222352552385,0.18058589814032244,1.9844674545084815,99.0,0.3939393939393939,0.003093630873697656,0.017360641431925575,98.0,0.010227136152811615,0.007133505279113959,0.03576651317272488,1.9844674545084815,ExtraTreesRegressor,"{'mode': 'original', 'type': 'ExtraTreesRegressor'}",3,"['z_re_T2W40', 'z_pe_T2W40', 'z_l2_T2W40']",0.07732451854442107,0.12324766978607116,98.0,0.10028609416524611,0.022961575620825046,0.11512650019525382,1.9844674545084815,3.4126029925530683,3.49680541615427,98.0,3.454704204353669,0.04210121180060072,0.21109026874385384,1.9844674545084815,completed,True,COMPLETE
118,2.8086028687516924,2026-06-12 02:57:19.154760,2026-06-12 02:57:38.691227,0 days 00:00:19.536467,,,,,,8.0,sqrt,2.0,7.0,382.0,,,,,ExtraTreesRegressor,,,,,,2,,,,,,,,True,-0.005016250940220242,0.004145773447459882,98.0,-0.00043523874638017984,0.004581012193840062,0.022968628544387228,1.9844674545084815,2.782636556348498,2.8345691811548868,98.0,2.8086028687516924,0.025966312403194188,0.13019187878575308,1.9844674545084815,637995491172652.1,857803028495530.9,98.0,747899259834091.5,109903768661439.39,551043902787961.1,1.9844674545084815,8.191431529494858,8.522578825919767,98.0,8.357005177707313,0.16557364821245393,0.8301657934123531,1.9844674545084815,2.366655519517709,2.430544224537696,98.0,2.3985998720277024,0.03194435250999352,0.16016503249644518,1.9844674545084815,99.0,0.3333333333333333,0.004485624490866607,0.018240460817586852,98.0,0.011363042654226729,0.006877418163360122,0.03448252404808062,1.9844674545084815,ExtraTreesRegressor,"{'mode': 'original', 'type': 'ExtraTreesRegressor'}",2,"['z_re_T2W40', 'z_l2_T2W40']",0.10551216865196436,0.1518565348935436,98.0,0.12868435177275397,0.023172183120789617,0.11618246015140785,1.9844674545084815,3.4112893943377505,3.4937444023873865,98.0,3.4525168983625685,0.04122750402481783,0.20670960601929605,1.9844674545084815,completed,True,COMPLETE
119,2.805408105027839,2026-06-12 02:57:38.704070,2026-06-12 02:57:54.683361,0 days 00:00:15.979291,,,,,,11.0,sqrt,2.0,9.0,305.0,,,,,ExtraTreesRegressor,,,,,,2,,,,,,,,True,-0.004041653650683019,0.005448826672974813,98.0,0.0007035865111458974,0.004745240161828916,0.02379204726359687,1.9844674545084815,2.779223177380662,2.8315930326750163,98.0,2.805408105027839,0.0261849276471772,0.1312879885799899,1.9844674545084815,637488933947598.2,857360440132565.8,98.0,747424687040082.0,109935753092483.72,551204268769271.6,1.9844674545084815,8.17471922822177,8.505815194630285,98.0,8.340267211426028,0.16554798320425787,0.8300371122355955,1.9844674545084815,2.3651123373304284,2.426000243144692,98.0,2.3955562902375602,0.030443952907131675,0.15264221446233908,1.9844674545084815,99.0,0.3434343434343434,0.005754160899234078,0.020193150186304205,98.0,0.012973655542769141,0.007219494643535063,0.03619765321046852,1.9844674545084815,ExtraTreesRegressor,"{'mode': 'original', 'type': 'ExtraTreesRegressor'}",2,"['z_re_T2W40', 'z_l2_T2W40']",0.11038530865775022,0.15827206934418836,98.0,0.13432868900096928,0.023943380343219068,0.12004914764031342,1.9844674545084815,3.4082236100683185,3.4911265705551613,98.0,3.44967509031174,0.04145148024342123,0.20783259507721552,1.9844674545084815,completed,True,COMPLETE
120,2.8051001228729655,2026-06-12 02:57:54.695895,2026-06-12 02:58:11.002821,0 days 00:00:16.306926,,,,,,12.0,sqrt,2.0,9.0,314.0,,,,,ExtraTreesRegressor,,,,,,2,,,,,,,,True,-0.003953564221950423,0.005571318464792039,98.0,0.0008088771214208074,0.004762441343371231,0.023878291860348053,1.9844674545084815,2.7789451083891157,2.8312551373568153,98.0,2.8051001228729655,0.02615501448384981,0.13113800767883052,1.9844674545084815,637676816491322.5,857615962469455.8,98.0,747646389480389.1,109969572989066.67,551373837547776.06,1.9844674545084815,8.174482499203046,8.50470480956937,98.0,8.339593654386208,0.165111155183162,0.8278469105662304,1.9844674545084815,2.3643509684468205,2.427571366177565,98.0,2.3959611673121928,0.03161019886537237,0.1584896274516001,1.9844674545084815,99.0,0.3434343434343434,0.005815631520928815,0.020284554774419105,98.0,0.01305009314767396,0.0072344616267451456,0.03627269581311532,1.9844674545084815,ExtraTreesRegressor,"{'mode': 'original', 'type': 'ExtraTreesRegressor'}",2,"['z_re_T2W40', 'z_l2_T2W40']",0.1109742916563931,0.1586770329378896,98.0,0.13482566229714135,0.023851370640748253,0.11958782237220487,1.9844674545084815,3.4081074188061216,3.4909511705170324,98.0,3.449529294661577,0.041421875855455266,0.20768416233752787,1.9844674545084815,completed,True,COMPLETE
121,2.8060174001386846,2026-06-12 02:58:11.020929,2026-06-12 02:58:26.414603,0 days 00:00:15.393674,,,,,,12.0,sqrt,2.0,9.0,293.0,,,,,ExtraTreesRegressor,,,,,,2,,,,,,,,True,-0.004261743693961356,0.00522282179629695,98.0,0.0004805390511677971,0.004742282745129153,0.023777219142047844,1.9844674545084815,2.779902110987133,2.832132689290236,98.0,2.8060174001386846,0.02611528915155151,0.13093882977605414,1.9844674545084815,637543875214545.1,857497516328538.1,98.0,747520695771541.6,109976820556996.47,551410175956971.75,1.9844674545084815,8.172138937732667,8.50175424773989,98.0,8.336946592736279,0.16480765500361277,0.8263251982039287,1.9844674545084815,2.3654109748468115,2.427976886318158,98.0,2.396693930582485,0.031282955735673336,0.156848870873858,1.9844674545084815,99.0,0.3333333333333333,0.005537833169560272,0.019924572247055135,98.0,0.012731202708307703,0.007193369538747431,0.036066665166307195,1.9844674545084815,ExtraTreesRegressor,"{'mode': 'original', 'type': 'ExtraTreesRegressor'}",2,"['z_re_T2W40', 'z_l2_T2W40']",0.11089377967812356,0.1585547990983415,98.0,0.13472428938823253,0.023830509710108968,0.11948322824613197,1.9844674545084815,3.408731446742654,3.4914130078126346,98.0,3.4500722272776443,0.04134078053499051,0.20727756043086898,1.9844674545084815,completed,True,COMPLETE
122,2.80523230237204,2026-06-12 02:58:26.426789,2026-06-12 02:58:42.548836,0 days 00:00:16.122047,,,,,,11.0,sqrt,2.0,9.0,306.0,,,,,ExtraTreesRegressor,,,,,,2,,,,,,,,True,-0.003989516673698037,0.005521588979687199,98.0,0.0007660361529945808,0.004755552826692618,0.023843753689717195,1.9844674545084815,2.779036414675371,2.831428190068709,98.0,2.80523230237204,0.026195887696668977,0.13134294091256463,1.9844674545084815,637442264295694.8,857288158123835.2,98.0,747365211209765.0,109922946914070.2,551140060174619.0,1.9844674545084815,8.175819704677489,8.507164319152507,98.0,8.341492011914998,0.16567230723750884,0.8306604575614868,1.9844674545084815,2.3653295537972223,2.4261492697319404,98.0,2.3957394117645814,0.03040985796735925,0.15247126665130092,1.9844674545084815,99.0,0.3434343434343434,0.005785423538720039,0.020242437671841407,98.0,0.013013930605280723,0.007228507066560684,0.03624284038483115,1.9844674545084815,ExtraTreesRegressor,"{'mode': 'original', 'type': 'ExtraTreesRegressor'}",2,"['z_re_T2W40', 'z_l2_T2W40']",0.1107330785626927,0.1585272287097498,98.0,0.13463015363622124,0.02389707507352855,0.11981697874528202,1.9844674545084815,3.4081453371225527,3.4910640611658663,98.0,3.4496046991442095,0.04145936202165672,0.2078721133384425,1.9844674545084815,completed,True,COMPLETE
123,2.810371999862086,2026-06-12 02:58:42.561553,2026-06-12 02:58:57.990637,0 days 00:00:15.429084,,,,,,12.0,sqrt,2.0,9.0,298.0,,,,,ExtraTreesRegressor,,,,,,3,,,,,,,,True,-0.005526934664674353,0.003513734445599888,98.0,-0.0010066001095372322,0.00452033455513712,0.02266439836875215,1.9844674545084815,2.78380723092874,2.836936768795432,98.0,2.810371999862086,0.026564768933345938,0.1331924658087481,1.9844674545084815,638810546282424.1,858410932249709.4,98.0,748610739266066.8,109800192983642.61,550524587150088.25,1.9844674545084815,8.235360500519183,8.580551164293775,98.0,8.40795583240648,0.1725953318872958,0.8653716468917428,1.9844674545084815,2.3475641367234084,2.419467643073347,98.0,2.3835158898983777,0.03595175317496947,0.18025764378137743,1.9844674545084815,99.0,0.3838383838383838,0.0037087432859992707,0.018194435159355673,98.0,0.010951589222677471,0.007242845936678201,0.03631473370611903,1.9844674545084815,ExtraTreesRegressor,"{'mode': 'original', 'type': 'ExtraTreesRegressor'}",3,"['z_re_T2W40', 'z_pe_T2W40', 'z_l2_T2W40']",0.07771065295054144,0.12476988749780427,98.0,0.10124027022417285,0.023529617273631415,0.11797459078505697,1.9844674545084815,3.41119729362359,3.4957231847966446,98.0,3.4534602392101172,0.04226294558652745,0.2119011819426931,1.9844674545084815,completed,True,COMPLETE
124,2.8051954039017133,2026-06-12 02:58:58.002737,2026-06-12 02:59:14.034010,0 days 00:00:16.031273,,,,,,11.0,sqrt,2.0,9.0,308.0,,,,,ExtraTreesRegressor,,,,,,2,,,,,,,,True,-0.003967698944676476,0.005526306069777574,98.0,0.0007793035625505487,0.004747002507227025,0.023800883445449974,1.9844674545084815,2.7790101505384914,2.831380657264935,98.0,2.8051954039017133,0.026185253363221663,0.13128962167995117,1.9844674545084815,637495576404513.9,857363653263014.6,98.0,747429614833764.2,109934038429250.33,551195671659894.94,1.9844674545084815,8.174972687261745,8.506227797765343,98.0,8.340600242513544,0.16562755525179904,0.8304360766402192,1.9844674545084815,2.365262932430781,2.4264090008582304,98.0,2.3958359666445057,0.03057303421372477,0.15328941216837175,1.9844674545084815,99.0,0.3434343434343434,0.005885252216658466,0.020297343586727877,98.0,0.013091297901693172,0.0072060456850347055,0.03613022179596171,1.9844674545084815,ExtraTreesRegressor,"{'mode': 'original', 'type': 'ExtraTreesRegressor'}",2,"['z_re_T2W40', 'z_l2_T2W40']",0.11088240052947604,0.15860435035576662,98.0,0.13474337544262133,0.023860974913145285,0.11963597700611377,1.9844674545084815,3.4080297563763513,3.490914120306264,98.0,3.4494719383413077,0.04144218196495625,0.2077859746590355,1.9844674545084815,completed,True,COMPLETE
125,2.8052841124789594,2026-06-12 02:59:14.047032,2026-06-12 02:59:30.064075,0 days 00:00:16.017043,,,,,,12.0,sqrt,2.0,9.0,306.0,,,,,ExtraTreesRegressor,,,,,,2,,,,,,,,True,-0.004030883856967091,0.005513466586541944,98.0,0.0007412913647874267,0.0047721752217545176,0.023927096322641905,1.9844674545084815,2.7791397512677753,2.8314284736901434,98.0,2.8052841124789594,0.026144361211183968,0.1310845934873178,1.9844674545084815,637592518430379.2,857524878167562.5,98.0,747558698298970.9,109966179868591.64,551356824861387.25,1.9844674545084815,8.175553014565839,8.506067118734599,98.0,8.340810066650219,0.1652570520843795,0.8285784195838986,1.9844674545084815,2.365782711346672,2.428350421718838,98.0,2.397066566532755,0.03128385518608306,0.15685338060696521,1.9844674545084815,99.0,0.35353535353535354,0.005705730505810085,0.020176481523076852,98.0,0.012941106014443468,0.007235375508633383,0.03627727790387085,1.9844674545084815,ExtraTreesRegressor,"{'mode': 'original', 'type': 'ExtraTreesRegressor'}",2,"['z_re_T2W40', 'z_l2_T2W40']",0.11146679161193238,0.15910306208372435,98.0,0.13528492684782836,0.02381813523589598,0.11942118416294609,1.9844674545084815,3.4083059527077464,3.4911230070472805,98.0,3.4497144798775135,0.041408527169766965,0.2076172336784986,1.9844674545084815,completed,True,COMPLETE
126,2.8089913032828555,2026-06-12 02:59:30.097763,2026-06-12 02:59:45.870480,0 days 00:00:15.772717,,,,,,12.0,sqrt,2.0,10.0,307.0,,,,,ExtraTreesRegressor,,,,,,3,,,,,,,,True,-0.004985900600237372,0.003975511123529429,98.0,-0.0005051947383539712,0.0044807058618834,0.022465705002192658,1.9844674545084815,2.7823790635733903,2.8356035429923208,98.0,2.8089913032828555,0.026612239709465465,0.13343047840886066,1.9844674545084815,639631150629807.0,859410592738349.5,98.0,749520871684078.2,109889721054271.22,550973469823076.8,1.9844674545084815,8.234648053887375,8.577122476347581,98.0,8.405885265117478,0.17123721123010388,0.8585621978936706,1.9844674545084815,2.348898904020564,2.4211122516169614,98.0,2.3850055778187627,0.03610667379819868,0.18103439662512696,1.9844674545084815,99.0,0.3939393939393939,0.004904962928600236,0.019122096283165857,98.0,0.012013529605883047,0.007108566677282811,0.035641474107636545,1.9844674545084815,ExtraTreesRegressor,"{'mode': 'original', 'type': 'ExtraTreesRegressor'}",3,"['z_re_T2W40', 'z_pe_T2W40', 'z_l2_T2W40']",0.07890183460338529,0.1260624606681909,98.0,0.1024821476357881,0.023580313032402805,0.11822877304930889,1.9844674545084815,3.4094322276350986,3.493836515796833,98.0,3.451634371715966,0.042202144080867345,0.2115963307134551,1.9844674545084815,completed,True,COMPLETE
127,2.8096940141542492,2026-06-12 02:59:45.882604,2026-06-12 03:00:00.059061,0 days 00:00:14.176457,,,,,,13.0,sqrt,2.0,10.0,267.0,,,,,ExtraTreesRegressor,,,,,,2,,,,,,,,True,-0.006550204232849907,0.0049565138140727156,98.0,-0.0007968452093885957,0.0057533590234613114,0.028846630548173345,1.9844674545084815,2.781765359527902,2.8376226687805963,98.0,2.8096940141542492,0.027928654626347183,0.14003081998332848,1.9844674545084815,629053951321755.5,846092594677436.8,98.0,737573272999596.1,108519321677840.56,544102456845416.44,1.9844674545084815,8.461894965906273,8.907676608783936,98.0,8.684785787345104,0.22289082143883163,1.1175470107820027,1.9844674545084815,2.3898689320506854,2.45874930648451,98.0,2.4243091192675976,0.034440187216912124,0.17267883902341474,1.9844674545084815,99.0,0.42424242424242425,-0.003697104395207075,0.016560942123408452,98.0,0.006431918864100689,0.010129023259307764,0.050785669829330526,1.9844674545084815,ExtraTreesRegressor,"{'mode': 'original', 'type': 'ExtraTreesRegressor'}",2,"['z_pe_T2W40', 'z_l2_T2W40']",0.09995751104530978,0.15092760786612489,98.0,0.12544255945571733,0.025485048410407548,0.12777888065032597,1.9844674545084815,3.4160465632656245,3.506309711245915,98.0,3.4611781372557697,0.045131573990145106,0.22628412995649028,1.9844674545084815,completed,True,COMPLETE
128,2.804830512783959,2026-06-12 03:00:00.072471,2026-06-12 03:00:16.464911,0 days 00:00:16.392440,,,,,,14.0,sqrt,2.0,9.0,312.0,,,,,ExtraTreesRegressor,,,,,,2,,,,,,,,True,-0.003876818994205835,0.005691517311991029,98.0,0.0009073491588925967,0.004784168153098432,0.023987227397072815,1.9844674545084815,2.778617470636408,2.8310435549315094,98.0,2.804830512783959,0.02621304214755042,0.131428951207562,1.9844674545084815,637624114177360.1,857589441355179.6,98.0,747606777766269.9,109982663588909.73,551439472196298.3,1.9844674545084815,8.176251097251134,8.506788704431132,98.0,8.341519900841133,0.16526880358999949,0.8286373401796101,1.9844674545084815,2.366505183132398,2.430096482288376,98.0,2.398300832710387,0.031795649577989,0.15941945438747052,1.9844674545084815,99.0,0.3434343434343434,0.005833167710921432,0.02035170545236353,98.0,0.013092436581642481,0.007259268870721049,0.03639707626616425,1.9844674545084815,ExtraTreesRegressor,"{'mode': 'original', 'type': 'ExtraTreesRegressor'}",2,"['z_re_T2W40', 'z_l2_T2W40']",0.11148531259672254,0.15946216213138395,98.0,0.13547373736405324,0.023988424767330714,0.12027499481155811,1.9844674545084815,3.407978793537046,3.49095924072021,98.0,3.449469017128628,0.04149022359158232,0.2080268494329831,1.9844674545084815,completed,True,COMPLETE
