number,value,datetime_start,datetime_complete,duration,params_dt_max_depth,params_dt_min_samples_leaf,params_dt_min_samples_split,params_elastic_alpha,params_elastic_l1_ratio,params_et_max_depth,params_et_max_features,params_et_min_samples_leaf,params_et_min_samples_split,params_et_n_estimators,params_knn_metric,params_knn_n_neighbors,params_knn_weights,params_quantile_alpha,params_regressor,params_rf_max_depth,params_rf_max_features,params_rf_min_samples_leaf,params_rf_min_samples_split,params_rf_n_estimators,params_rfe_n_features,params_rfe_proxy_et_max_depth,params_rfe_proxy_et_min_samples_leaf,params_rfe_proxy_et_min_samples_split,params_rfe_proxy_et_n_estimators,params_rfe_proxy_lsvr_C,params_rfe_proxy_lsvr_epsilon,params_rfe_proxy_type,params_use_scaler,user_attrs_d2mae_ci_lower_val,user_attrs_d2mae_ci_upper_val,user_attrs_d2mae_df_val,user_attrs_d2mae_mean_val,user_attrs_d2mae_samperror_val,user_attrs_d2mae_std_val,user_attrs_d2mae_t_critical_val,user_attrs_mae_ci_lower_val,user_attrs_mae_ci_upper_val,user_attrs_mae_df_val,user_attrs_mae_mean_val,user_attrs_mae_samperror_val,user_attrs_mae_std_val,user_attrs_mae_t_critical_val,user_attrs_mape_ci_lower_val,user_attrs_mape_ci_upper_val,user_attrs_mape_df_val,user_attrs_mape_mean_val,user_attrs_mape_samperror_val,user_attrs_mape_std_val,user_attrs_mape_t_critical_val,user_attrs_max_error_ci_lower_val,user_attrs_max_error_ci_upper_val,user_attrs_max_error_df_val,user_attrs_max_error_mean_val,user_attrs_max_error_samperror_val,user_attrs_max_error_std_val,user_attrs_max_error_t_critical_val,user_attrs_median_ae_ci_lower_val,user_attrs_median_ae_ci_upper_val,user_attrs_median_ae_df_val,user_attrs_median_ae_mean_val,user_attrs_median_ae_samperror_val,user_attrs_median_ae_std_val,user_attrs_median_ae_t_critical_val,user_attrs_n_splits_val,user_attrs_r2_below_zero_val,user_attrs_r2_ci_lower_val,user_attrs_r2_ci_upper_val,user_attrs_r2_df_val,user_attrs_r2_mean_val,user_attrs_r2_samperror_val,user_attrs_r2_std_val,user_attrs_r2_t_critical_val,user_attrs_regressor_final,user_attrs_rfe_estimator,user_attrs_rfe_n_features,user_attrs_rfe_selected_features,user_attrs_rho_ci_lower_val,user_attrs_rho_ci_upper_val,user_attrs_rho_df_val,user_attrs_rho_mean_val,user_attrs_rho_samperror_val,user_attrs_rho_std_val,user_attrs_rho_t_critical_val,user_attrs_rmse_ci_lower_val,user_attrs_rmse_ci_upper_val,user_attrs_rmse_df_val,user_attrs_rmse_mean_val,user_attrs_rmse_samperror_val,user_attrs_rmse_std_val,user_attrs_rmse_t_critical_val,user_attrs_termination_reason,user_attrs_use_scaler_final,state
86,2.8087542087542094,2026-06-12 02:50:03.112622,2026-06-12 02:50:05.283976,0 days 00:00:02.171354,,,,,,,,,,,,,,2.866593224145212,QuantileRegressor,,,,,,9,,,,,,,,False,-0.0009331355682963278,0.00012430831312870661,98.0,-0.0004044136275838106,0.0005287219407125172,0.002650946416563353,1.9844674545084815,2.7849467735529934,2.8325616439554255,98.0,2.8087542087542094,0.02380743520121607,0.11936753551247853,1.9844674545084815,608805169475213.9,816576530769995.1,98.0,712690850122604.5,103885680647390.62,520869953823584.9,1.9844674545084815,8.727991855320967,9.049785922456811,98.0,8.88888888888889,0.16089703356792168,0.8067178260046389,1.9844674545084815,2.2959895660805363,2.491889221798252,98.0,2.393939393939394,0.09794982785885767,0.4911083221088062,1.9844674545084815,99.0,1.0,-0.037483843968863534,-0.033183157484501485,98.0,-0.03533350072668251,0.002150343242181023,0.010781555054361772,1.9844674545084815,QuantileRegressor,"{'mode': 'original', 'type': 'QuantileRegressor'}",9,"['z_re_T2W40', 'z_pe_T2W40', 'z_l1_T2W40', 'z_l2_T2W40', 'z_l3_T2W40', 'z_lsc_T2W40', 'z_density_T2W40', 'z_diameter_T2W40', 'z_asp_T2W40']",,,,,,,,3.4925577655390954,3.575019515589782,98.0,3.5337886405644388,0.04123087502534345,0.20672650779899443,1.9844674545084815,completed,False,COMPLETE
87,2.8596681508567445,2026-06-12 02:50:05.296088,2026-06-12 02:50:07.086911,0 days 00:00:01.790823,,,,,,,,,,,,,,,LinearRegression,,,,,,6,,,,,,,,False,-0.026377792915660385,-0.011271075909968259,98.0,-0.018824434412814322,0.007553358502846062,0.03787160530761014,1.9844674545084815,2.8306895475862643,2.8886467541272247,98.0,2.8596681508567445,0.028978603270480158,0.14529513262370983,1.9844674545084815,693670371986223.2,928417827168987.0,98.0,811044099577605.1,117373727591381.92,588497352952182.2,1.9844674545084815,8.240874218578966,8.637327869231314,98.0,8.43910104390514,0.19822682532617375,0.9938847848019887,1.9844674545084815,2.3481539849285618,2.4274966205435735,98.0,2.3878253027360676,0.039671317807505706,0.19890708080021885,1.9844674545084815,99.0,0.5959595959595959,-0.03241348280636398,-0.0058995356061983684,98.0,-0.019156509206281175,0.013256973600082806,0.06646882596219537,1.9844674545084815,LinearRegression,"{'mode': 'original', 'type': 'LinearRegression'}",6,"['z_pe_T2W40', 'z_l1_T2W40', 'z_l2_T2W40', 'z_lsc_T2W40', 'z_density_T2W40', 'z_asp_T2W40']",0.035878709333197166,0.08923495005928594,98.0,0.06255682969624156,0.026678120363044393,0.13376079585755696,1.9844674545084815,3.46147313636271,3.543798582212601,98.0,3.5026358592876554,0.04116272292494572,0.20638480159688913,1.9844674545084815,completed,False,COMPLETE
88,2.8087542087542094,2026-06-12 02:50:07.100961,2026-06-12 02:50:09.242209,0 days 00:00:02.141248,,,,,,,,,,,,,,0.2989234563742327,QuantileRegressor,,,,,,7,,,,,,,,False,-0.0009331355682963278,0.00012430831312870661,98.0,-0.0004044136275838106,0.0005287219407125172,0.002650946416563353,1.9844674545084815,2.7849467735529934,2.8325616439554255,98.0,2.8087542087542094,0.02380743520121607,0.11936753551247853,1.9844674545084815,608805169475213.9,816576530769995.1,98.0,712690850122604.5,103885680647390.62,520869953823584.9,1.9844674545084815,8.727991855320967,9.049785922456811,98.0,8.88888888888889,0.16089703356792168,0.8067178260046389,1.9844674545084815,2.2959895660805363,2.491889221798252,98.0,2.393939393939394,0.09794982785885767,0.4911083221088062,1.9844674545084815,99.0,1.0,-0.037483843968863534,-0.033183157484501485,98.0,-0.03533350072668251,0.002150343242181023,0.010781555054361772,1.9844674545084815,QuantileRegressor,"{'mode': 'original', 'type': 'QuantileRegressor'}",7,"['z_l1_T2W40', 'z_l2_T2W40', 'z_l3_T2W40', 'z_lsc_T2W40', 'z_density_T2W40', 'z_diameter_T2W40', 'z_asp_T2W40']",,,,,,,,3.4925577655390954,3.575019515589782,98.0,3.5337886405644388,0.04123087502534345,0.20672650779899443,1.9844674545084815,completed,False,COMPLETE
89,2.9401917832218336,2026-06-12 02:50:09.254725,2026-06-12 02:50:30.358318,0 days 00:00:21.103593,,,,,,,,,,,,,,,RandomForestRegressor,20.0,,3.0,2.0,216.0,6,,,,,,,,False,-0.05640362478529001,-0.03848852318713977,98.0,-0.04744607398621489,0.008957550799075118,0.044912051805513824,1.9844674545084815,2.9073467620679403,2.973036804375727,98.0,2.9401917832218336,0.032845021153893185,0.1646808736791265,1.9844674545084815,620919491573478.6,838022977608332.1,98.0,729471234590905.4,108551743017426.8,544265013432117.75,1.9844674545084815,8.71761366781433,9.081602775814993,98.0,8.899608221814661,0.18199455400033127,0.9124981840380091,1.9844674545084815,2.5056465733238453,2.618194194033291,98.0,2.5619203836785682,0.05627381035472268,0.2821499249779215,1.9844674545084815,99.0,0.8585858585858586,-0.10533130291800254,-0.07058601898917528,98.0,-0.08795866095358891,0.017372641964413623,0.08710427810076717,1.9844674545084815,RandomForestRegressor,"{'mode': 'original', 'type': 'RandomForestRegressor'}",6,"['z_re_T2W40', 'z_pe_T2W40', 'z_l1_T2W40', 'z_l2_T2W40', 'z_l3_T2W40', 'z_diameter_T2W40']",0.05381284209187227,0.09949042716059726,98.0,0.07665163462623477,0.022838792534362495,0.11451088098596994,1.9844674545084815,3.5726398433070488,3.663295826897685,98.0,3.617967835102367,0.04532799179531824,0.22726894453799082,1.9844674545084815,completed,False,COMPLETE
90,2.8087542087542094,2026-06-12 02:50:30.370905,2026-06-12 02:50:32.529338,0 days 00:00:02.158433,,,,,,,,,,,,,,0.9989164818368736,QuantileRegressor,,,,,,5,,,,,,,,False,-0.0009331355682963278,0.00012430831312870661,98.0,-0.0004044136275838106,0.0005287219407125172,0.002650946416563353,1.9844674545084815,2.7849467735529934,2.8325616439554255,98.0,2.8087542087542094,0.02380743520121607,0.11936753551247853,1.9844674545084815,608805169475213.9,816576530769995.1,98.0,712690850122604.5,103885680647390.62,520869953823584.9,1.9844674545084815,8.727991855320967,9.049785922456811,98.0,8.88888888888889,0.16089703356792168,0.8067178260046389,1.9844674545084815,2.2959895660805363,2.491889221798252,98.0,2.393939393939394,0.09794982785885767,0.4911083221088062,1.9844674545084815,99.0,1.0,-0.037483843968863534,-0.033183157484501485,98.0,-0.03533350072668251,0.002150343242181023,0.010781555054361772,1.9844674545084815,QuantileRegressor,"{'mode': 'original', 'type': 'QuantileRegressor'}",5,"['z_l3_T2W40', 'z_lsc_T2W40', 'z_density_T2W40', 'z_diameter_T2W40', 'z_asp_T2W40']",,,,,,,,3.4925577655390954,3.575019515589782,98.0,3.5337886405644388,0.04123087502534345,0.20672650779899443,1.9844674545084815,completed,False,COMPLETE
91,2.8087542087542094,2026-06-12 02:50:32.542008,2026-06-12 02:50:34.845496,0 days 00:00:02.303488,,,,,,,,,,,,,,0.17155672211428988,QuantileRegressor,,,,,,5,,,,,,,,False,-0.0009331355682963278,0.00012430831312870661,98.0,-0.0004044136275838106,0.0005287219407125172,0.002650946416563353,1.9844674545084815,2.7849467735529934,2.8325616439554255,98.0,2.8087542087542094,0.02380743520121607,0.11936753551247853,1.9844674545084815,608805169475213.9,816576530769995.1,98.0,712690850122604.5,103885680647390.62,520869953823584.9,1.9844674545084815,8.727991855320967,9.049785922456811,98.0,8.88888888888889,0.16089703356792168,0.8067178260046389,1.9844674545084815,2.2959895660805363,2.491889221798252,98.0,2.393939393939394,0.09794982785885767,0.4911083221088062,1.9844674545084815,99.0,1.0,-0.037483843968863534,-0.033183157484501485,98.0,-0.03533350072668251,0.002150343242181023,0.010781555054361772,1.9844674545084815,QuantileRegressor,"{'mode': 'original', 'type': 'QuantileRegressor'}",5,"['z_l3_T2W40', 'z_lsc_T2W40', 'z_density_T2W40', 'z_diameter_T2W40', 'z_asp_T2W40']",,,,,,,,3.4925577655390954,3.575019515589782,98.0,3.5337886405644388,0.04123087502534345,0.20672650779899443,1.9844674545084815,completed,False,COMPLETE
92,2.8087542087542094,2026-06-12 02:50:34.857828,2026-06-12 02:50:37.042978,0 days 00:00:02.185150,,,,,,,,,,,,,,3.58903512960813,QuantileRegressor,,,,,,5,,,,,,,,False,-0.0009331355682963278,0.00012430831312870661,98.0,-0.0004044136275838106,0.0005287219407125172,0.002650946416563353,1.9844674545084815,2.7849467735529934,2.8325616439554255,98.0,2.8087542087542094,0.02380743520121607,0.11936753551247853,1.9844674545084815,608805169475213.9,816576530769995.1,98.0,712690850122604.5,103885680647390.62,520869953823584.9,1.9844674545084815,8.727991855320967,9.049785922456811,98.0,8.88888888888889,0.16089703356792168,0.8067178260046389,1.9844674545084815,2.2959895660805363,2.491889221798252,98.0,2.393939393939394,0.09794982785885767,0.4911083221088062,1.9844674545084815,99.0,1.0,-0.037483843968863534,-0.033183157484501485,98.0,-0.03533350072668251,0.002150343242181023,0.010781555054361772,1.9844674545084815,QuantileRegressor,"{'mode': 'original', 'type': 'QuantileRegressor'}",5,"['z_l3_T2W40', 'z_lsc_T2W40', 'z_density_T2W40', 'z_diameter_T2W40', 'z_asp_T2W40']",,,,,,,,3.4925577655390954,3.575019515589782,98.0,3.5337886405644388,0.04123087502534345,0.20672650779899443,1.9844674545084815,completed,False,COMPLETE
93,2.8087542087542094,2026-06-12 02:50:37.055484,2026-06-12 02:50:39.168857,0 days 00:00:02.113373,,,,,,,,,,,,,,1.0078209065079518,QuantileRegressor,,,,,,4,,,,,,,,False,-0.0009331355682963278,0.00012430831312870661,98.0,-0.0004044136275838106,0.0005287219407125172,0.002650946416563353,1.9844674545084815,2.7849467735529934,2.8325616439554255,98.0,2.8087542087542094,0.02380743520121607,0.11936753551247853,1.9844674545084815,608805169475213.9,816576530769995.1,98.0,712690850122604.5,103885680647390.62,520869953823584.9,1.9844674545084815,8.727991855320967,9.049785922456811,98.0,8.88888888888889,0.16089703356792168,0.8067178260046389,1.9844674545084815,2.2959895660805363,2.491889221798252,98.0,2.393939393939394,0.09794982785885767,0.4911083221088062,1.9844674545084815,99.0,1.0,-0.037483843968863534,-0.033183157484501485,98.0,-0.03533350072668251,0.002150343242181023,0.010781555054361772,1.9844674545084815,QuantileRegressor,"{'mode': 'original', 'type': 'QuantileRegressor'}",4,"['z_lsc_T2W40', 'z_density_T2W40', 'z_diameter_T2W40', 'z_asp_T2W40']",,,,,,,,3.4925577655390954,3.575019515589782,98.0,3.5337886405644388,0.04123087502534345,0.20672650779899443,1.9844674545084815,completed,False,COMPLETE
94,2.8087542087542094,2026-06-12 02:50:39.207628,2026-06-12 02:50:41.392358,0 days 00:00:02.184730,,,,,,,,,,,,,,6.303921928757115,QuantileRegressor,,,,,,6,,,,,,,,False,-0.0009331355682963278,0.00012430831312870661,98.0,-0.0004044136275838106,0.0005287219407125172,0.002650946416563353,1.9844674545084815,2.7849467735529934,2.8325616439554255,98.0,2.8087542087542094,0.02380743520121607,0.11936753551247853,1.9844674545084815,608805169475213.9,816576530769995.1,98.0,712690850122604.5,103885680647390.62,520869953823584.9,1.9844674545084815,8.727991855320967,9.049785922456811,98.0,8.88888888888889,0.16089703356792168,0.8067178260046389,1.9844674545084815,2.2959895660805363,2.491889221798252,98.0,2.393939393939394,0.09794982785885767,0.4911083221088062,1.9844674545084815,99.0,1.0,-0.037483843968863534,-0.033183157484501485,98.0,-0.03533350072668251,0.002150343242181023,0.010781555054361772,1.9844674545084815,QuantileRegressor,"{'mode': 'original', 'type': 'QuantileRegressor'}",6,"['z_l2_T2W40', 'z_l3_T2W40', 'z_lsc_T2W40', 'z_density_T2W40', 'z_diameter_T2W40', 'z_asp_T2W40']",,,,,,,,3.4925577655390954,3.575019515589782,98.0,3.5337886405644388,0.04123087502534345,0.20672650779899443,1.9844674545084815,completed,False,COMPLETE
95,2.8087542087542094,2026-06-12 02:50:41.405520,2026-06-12 02:50:43.574933,0 days 00:00:02.169413,,,,,,,,,,,,,,1.9609452023473257,QuantileRegressor,,,,,,5,,,,,,,,False,-0.0009331355682963278,0.00012430831312870661,98.0,-0.0004044136275838106,0.0005287219407125172,0.002650946416563353,1.9844674545084815,2.7849467735529934,2.8325616439554255,98.0,2.8087542087542094,0.02380743520121607,0.11936753551247853,1.9844674545084815,608805169475213.9,816576530769995.1,98.0,712690850122604.5,103885680647390.62,520869953823584.9,1.9844674545084815,8.727991855320967,9.049785922456811,98.0,8.88888888888889,0.16089703356792168,0.8067178260046389,1.9844674545084815,2.2959895660805363,2.491889221798252,98.0,2.393939393939394,0.09794982785885767,0.4911083221088062,1.9844674545084815,99.0,1.0,-0.037483843968863534,-0.033183157484501485,98.0,-0.03533350072668251,0.002150343242181023,0.010781555054361772,1.9844674545084815,QuantileRegressor,"{'mode': 'original', 'type': 'QuantileRegressor'}",5,"['z_l3_T2W40', 'z_lsc_T2W40', 'z_density_T2W40', 'z_diameter_T2W40', 'z_asp_T2W40']",,,,,,,,3.4925577655390954,3.575019515589782,98.0,3.5337886405644388,0.04123087502534345,0.20672650779899443,1.9844674545084815,completed,False,COMPLETE
96,2.8054639519968254,2026-06-12 02:50:43.587861,2026-06-12 02:51:01.236272,0 days 00:00:17.648411,,,,,,10.0,sqrt,2.0,8.0,342.0,,,,,ExtraTreesRegressor,,,,,,2,,,,,,,,True,-0.004075400374800564,0.005419179231837889,98.0,0.0006718894285186623,0.004747289803319226,0.023802323912522492,1.9844674545084815,2.779411623276035,2.831516280717616,98.0,2.8054639519968254,0.02605232872079067,0.13062315396338442,1.9844674545084815,636448286803772.0,855590551525590.0,98.0,746019419164681.0,109571132360909.02,549376105518716.9,1.9844674545084815,8.17234387698378,8.498216717561393,98.0,8.335280297272586,0.16293642028880653,0.8169430587847104,1.9844674545084815,2.3729583668496215,2.4382454943244714,98.0,2.4056019305870464,0.03264356373742501,0.16367079110990929,1.9844674545084815,99.0,0.3333333333333333,0.005966470350346958,0.020428017463359684,98.0,0.01319724390685332,0.007230773556506363,0.03625420428509142,1.9844674545084815,ExtraTreesRegressor,"{'mode': 'original', 'type': 'ExtraTreesRegressor'}",2,"['z_re_T2W40', 'z_l2_T2W40']",0.11009584789453007,0.1579679990619125,98.0,0.1340319234782213,0.02393607558369122,0.12001252247951885,1.9844674545084815,3.4079032898084423,3.490591293399352,98.0,3.449247291603897,0.041344001795454804,0.2072937114324202,1.9844674545084815,completed,True,COMPLETE
97,2.8054639519968254,2026-06-12 02:51:01.253989,2026-06-12 02:51:19.036116,0 days 00:00:17.782127,,,,,,10.0,sqrt,2.0,8.0,342.0,,,,,ExtraTreesRegressor,,,,,,2,,,,,,,,True,-0.004075400374800564,0.005419179231837889,98.0,0.0006718894285186623,0.004747289803319226,0.023802323912522492,1.9844674545084815,2.779411623276035,2.831516280717616,98.0,2.8054639519968254,0.02605232872079067,0.13062315396338442,1.9844674545084815,636448286803772.0,855590551525590.0,98.0,746019419164681.0,109571132360909.02,549376105518716.9,1.9844674545084815,8.17234387698378,8.498216717561393,98.0,8.335280297272586,0.16293642028880653,0.8169430587847104,1.9844674545084815,2.3729583668496215,2.4382454943244714,98.0,2.4056019305870464,0.03264356373742501,0.16367079110990929,1.9844674545084815,99.0,0.3333333333333333,0.005966470350346958,0.020428017463359684,98.0,0.01319724390685332,0.007230773556506363,0.03625420428509142,1.9844674545084815,ExtraTreesRegressor,"{'mode': 'original', 'type': 'ExtraTreesRegressor'}",2,"['z_re_T2W40', 'z_l2_T2W40']",0.11009584789453007,0.1579679990619125,98.0,0.1340319234782213,0.02393607558369122,0.12001252247951885,1.9844674545084815,3.4079032898084423,3.490591293399352,98.0,3.449247291603897,0.041344001795454804,0.2072937114324202,1.9844674545084815,completed,True,COMPLETE
98,2.805654879182578,2026-06-12 02:51:19.048859,2026-06-12 02:51:36.872410,0 days 00:00:17.823551,,,,,,10.0,sqrt,2.0,8.0,345.0,,,,,ExtraTreesRegressor,,,,,,2,,,,,,,,True,-0.004135137058850859,0.0053405934564038325,98.0,0.0006027281987764864,0.004737865257627346,0.023755070406084006,1.9844674545084815,2.779626946298041,2.8316828120671147,98.0,2.805654879182578,0.02602793288453664,0.13050083625776862,1.9844674545084815,636431070597240.0,855553625521226.2,98.0,745992348059233.1,109561277461993.17,549326694274441.0,1.9844674545084815,8.172261806017303,8.498275589489364,98.0,8.335268697753333,0.1630068917360304,0.8172963939049369,1.9844674545084815,2.3724358823549525,2.4377635815194325,98.0,2.4050997319371925,0.03266384958224014,0.16377250182678846,1.9844674545084815,99.0,0.3333333333333333,0.0058055905565316404,0.0202500746337165,98.0,0.01302783259512407,0.007222242038592429,0.03621142830947877,1.9844674545084815,ExtraTreesRegressor,"{'mode': 'original', 'type': 'ExtraTreesRegressor'}",2,"['z_re_T2W40', 'z_l2_T2W40']",0.10867592668282171,0.15677216601538635,98.0,0.13272404634910404,0.024048119666282328,0.12057429765162869,1.9844674545084815,3.4082184463500904,3.490856031171908,98.0,3.4495372387609993,0.041318792410909064,0.2071673146962923,1.9844674545084815,completed,True,COMPLETE
99,2.805591711789301,2026-06-12 02:51:36.885048,2026-06-12 02:51:54.705897,0 days 00:00:17.820849,,,,,,10.0,sqrt,2.0,8.0,344.0,,,,,ExtraTreesRegressor,,,,,,2,,,,,,,,True,-0.004112976201597694,0.005365827752566211,98.0,0.0006264257754842587,0.0047394019770819525,0.023762775327362592,1.9844674545084815,2.77954792200926,2.831635501569342,98.0,2.805591711789301,0.02604378978004087,0.13058034077059083,1.9844674545084815,636387879460547.5,855489978882407.2,98.0,745938929171477.4,109551049710929.81,549275413595613.1,1.9844674545084815,8.171510710918426,8.497167604706696,98.0,8.334339157812561,0.1628284468941346,0.8164016935383502,1.9844674545084815,2.372652872260638,2.4380859285899734,98.0,2.4053694004253057,0.03271652816466767,0.16403662572360975,1.9844674545084815,99.0,0.3333333333333333,0.0058939768105770755,0.020341804519237672,98.0,0.013117890664907374,0.0072239138543302986,0.036219810586812465,1.9844674545084815,ExtraTreesRegressor,"{'mode': 'original', 'type': 'ExtraTreesRegressor'}",2,"['z_re_T2W40', 'z_l2_T2W40']",0.10871476788299578,0.1567484698331234,98.0,0.1327316188580596,0.024016850975063807,0.12041752030127956,1.9844674545084815,3.4080550326788073,3.4907101747535485,98.0,3.449382603716178,0.04132757103737047,0.2072113296435987,1.9844674545084815,completed,True,COMPLETE
100,2.805654879182578,2026-06-12 02:51:54.718421,2026-06-12 02:52:12.661804,0 days 00:00:17.943383,,,,,,10.0,sqrt,2.0,8.0,345.0,,,,,ExtraTreesRegressor,,,,,,2,,,,,,,,True,-0.004135137058850859,0.0053405934564038325,98.0,0.0006027281987764864,0.004737865257627346,0.023755070406084006,1.9844674545084815,2.779626946298041,2.8316828120671147,98.0,2.805654879182578,0.02602793288453664,0.13050083625776862,1.9844674545084815,636431070597240.0,855553625521226.2,98.0,745992348059233.1,109561277461993.17,549326694274441.0,1.9844674545084815,8.172261806017303,8.498275589489364,98.0,8.335268697753333,0.1630068917360304,0.8172963939049369,1.9844674545084815,2.3724358823549525,2.4377635815194325,98.0,2.4050997319371925,0.03266384958224014,0.16377250182678846,1.9844674545084815,99.0,0.3333333333333333,0.0058055905565316404,0.0202500746337165,98.0,0.01302783259512407,0.007222242038592429,0.03621142830947877,1.9844674545084815,ExtraTreesRegressor,"{'mode': 'original', 'type': 'ExtraTreesRegressor'}",2,"['z_re_T2W40', 'z_l2_T2W40']",0.10867592668282171,0.15677216601538635,98.0,0.13272404634910404,0.024048119666282328,0.12057429765162869,1.9844674545084815,3.4082184463500904,3.490856031171908,98.0,3.4495372387609993,0.041318792410909064,0.2071673146962923,1.9844674545084815,completed,True,COMPLETE
