number,value,datetime_start,datetime_complete,duration,params_dt_max_depth,params_dt_min_samples_leaf,params_dt_min_samples_split,params_elastic_alpha,params_elastic_l1_ratio,params_et_max_depth,params_et_max_features,params_et_min_samples_leaf,params_et_min_samples_split,params_et_n_estimators,params_knn_metric,params_knn_n_neighbors,params_knn_weights,params_quantile_alpha,params_regressor,params_rf_max_depth,params_rf_max_features,params_rf_min_samples_leaf,params_rf_min_samples_split,params_rf_n_estimators,params_rfe_n_features,params_rfe_proxy_et_max_depth,params_rfe_proxy_et_min_samples_leaf,params_rfe_proxy_et_min_samples_split,params_rfe_proxy_et_n_estimators,params_rfe_proxy_lsvr_C,params_rfe_proxy_lsvr_epsilon,params_rfe_proxy_type,params_use_scaler,user_attrs_d2mae_ci_lower_val,user_attrs_d2mae_ci_upper_val,user_attrs_d2mae_df_val,user_attrs_d2mae_mean_val,user_attrs_d2mae_samperror_val,user_attrs_d2mae_std_val,user_attrs_d2mae_t_critical_val,user_attrs_mae_ci_lower_val,user_attrs_mae_ci_upper_val,user_attrs_mae_df_val,user_attrs_mae_mean_val,user_attrs_mae_samperror_val,user_attrs_mae_std_val,user_attrs_mae_t_critical_val,user_attrs_mape_ci_lower_val,user_attrs_mape_ci_upper_val,user_attrs_mape_df_val,user_attrs_mape_mean_val,user_attrs_mape_samperror_val,user_attrs_mape_std_val,user_attrs_mape_t_critical_val,user_attrs_max_error_ci_lower_val,user_attrs_max_error_ci_upper_val,user_attrs_max_error_df_val,user_attrs_max_error_mean_val,user_attrs_max_error_samperror_val,user_attrs_max_error_std_val,user_attrs_max_error_t_critical_val,user_attrs_median_ae_ci_lower_val,user_attrs_median_ae_ci_upper_val,user_attrs_median_ae_df_val,user_attrs_median_ae_mean_val,user_attrs_median_ae_samperror_val,user_attrs_median_ae_std_val,user_attrs_median_ae_t_critical_val,user_attrs_n_splits_val,user_attrs_r2_below_zero_val,user_attrs_r2_ci_lower_val,user_attrs_r2_ci_upper_val,user_attrs_r2_df_val,user_attrs_r2_mean_val,user_attrs_r2_samperror_val,user_attrs_r2_std_val,user_attrs_r2_t_critical_val,user_attrs_regressor_final,user_attrs_rfe_estimator,user_attrs_rfe_n_features,user_attrs_rfe_selected_features,user_attrs_rho_ci_lower_val,user_attrs_rho_ci_upper_val,user_attrs_rho_df_val,user_attrs_rho_mean_val,user_attrs_rho_samperror_val,user_attrs_rho_std_val,user_attrs_rho_t_critical_val,user_attrs_rmse_ci_lower_val,user_attrs_rmse_ci_upper_val,user_attrs_rmse_df_val,user_attrs_rmse_mean_val,user_attrs_rmse_samperror_val,user_attrs_rmse_std_val,user_attrs_rmse_t_critical_val,user_attrs_termination_reason,user_attrs_use_scaler_final,state
217,2.8019751720402266,2026-06-12 03:19:59.856699,2026-06-12 03:20:14.844305,0 days 00:00:14.987606,,,,,,17.0,log2,3.0,12.0,273.0,,,,,ExtraTreesRegressor,,,,,,2,,,,,,,,True,-0.0022588747784943707,0.00619275948843049,98.0,0.0019669423549680595,0.00422581713346243,0.02118772444341468,1.9844674545084815,2.776114118697454,2.8278362253829994,98.0,2.8019751720402266,0.025861053342772992,0.12966412287560805,1.9844674545084815,642404911841641.6,862558118747138.6,98.0,752481515294390.1,110076603452748.52,551910475054776.75,1.9844674545084815,8.343931480382912,8.752685748982218,98.0,8.548308614682565,0.20437713429965318,1.024721673303402,1.9844674545084815,2.3760212424640836,2.4444872278672825,98.0,2.410254235165683,0.03423299270159936,0.17163999135017508,1.9844674545084815,99.0,0.32323232323232326,0.009913992134796323,0.023590531246847776,98.0,0.01675226169082205,0.006838269556025727,0.03428623777294193,1.9844674545084815,ExtraTreesRegressor,"{'mode': 'original', 'type': 'ExtraTreesRegressor'}",2,"['z_pe_T2W40', 'z_l2_T2W40']",0.09996362377432504,0.15127878636546815,98.0,0.1256212050698966,0.025657581295571566,0.12864393919707082,1.9844674545084815,3.4008584795396537,3.4864316133497217,98.0,3.4436450464446877,0.04278656690503397,0.2145265544703783,1.9844674545084815,completed,True,COMPLETE
218,2.802023325914378,2026-06-12 03:20:14.857867,2026-06-12 03:20:29.943610,0 days 00:00:15.085743,,,,,,17.0,log2,3.0,12.0,274.0,,,,,ExtraTreesRegressor,,,,,,2,,,,,,,,True,-0.0022659437380132073,0.006165781280625296,98.0,0.0019499187713060443,0.004215862509319252,0.021137813189183334,1.9844674545084815,2.776172523385098,2.827874128443658,98.0,2.802023325914378,0.02585080252928002,0.12961272656461056,1.9844674545084815,642517323412035.2,862709296613171.5,98.0,752613310012603.4,110095986600568.16,552007659760569.2,1.9844674545084815,8.343246640415966,8.751677362020288,98.0,8.547462001218127,0.20421536080216152,1.0239105609956878,1.9844674545084815,2.3762447482498184,2.444570782613763,98.0,2.4104077654317906,0.034163017181972385,0.17128914274958118,1.9844674545084815,99.0,0.32323232323232326,0.009931469277482355,0.023561816739103847,98.0,0.0167466430082931,0.006815173730810746,0.03417043816188604,1.9844674545084815,ExtraTreesRegressor,"{'mode': 'original', 'type': 'ExtraTreesRegressor'}",2,"['z_pe_T2W40', 'z_l2_T2W40']",0.09993863588227979,0.15126631055093903,98.0,0.12560247321660942,0.02566383733432963,0.12867530620163511,1.9844674545084815,3.4008833505876,3.486432296883174,98.0,3.443657823735387,0.04277447314778696,0.21446591786733973,1.9844674545084815,completed,True,COMPLETE
219,2.8020661889392096,2026-06-12 03:20:29.956859,2026-06-12 03:20:45.087731,0 days 00:00:15.130872,,,,,,17.0,log2,3.0,12.0,276.0,,,,,ExtraTreesRegressor,,,,,,2,,,,,,,,True,-0.0022920141026049525,0.006156466257085434,98.0,0.0019322260772402405,0.004224240179845193,0.021179817793020965,1.9844674545084815,2.7762352562593744,2.8278971216190447,98.0,2.8020661889392096,0.025830932679835144,0.12951310159706605,1.9844674545084815,642348938937623.1,862487137158383.9,98.0,752418038048003.5,110069099110380.39,551872849210306.1,1.9844674545084815,8.343482248643042,8.752545975477187,98.0,8.548014112060114,0.20453186341707236,1.0254974659607061,1.9844674545084815,2.3764551358679804,2.444671609072048,98.0,2.410563372470014,0.034108236602033846,0.17101447969722208,1.9844674545084815,99.0,0.32323232323232326,0.009845306797657605,0.023509691229266036,98.0,0.01667749901346182,0.0068321922158042165,0.03425576674073786,1.9844674545084815,ExtraTreesRegressor,"{'mode': 'original', 'type': 'ExtraTreesRegressor'}",2,"['z_pe_T2W40', 'z_l2_T2W40']",0.10070078040736949,0.1520157550519944,98.0,0.12635826772968195,0.025657487322312468,0.12864346802677265,1.9844674545084815,3.400999156775644,3.4865486048517016,98.0,3.443773880813673,0.042774724038028726,0.214467175799981,1.9844674545084815,completed,True,COMPLETE
220,2.8019916681198285,2026-06-12 03:20:45.100617,2026-06-12 03:21:00.248028,0 days 00:00:15.147411,,,,,,17.0,log2,3.0,12.0,275.0,,,,,ExtraTreesRegressor,,,,,,2,,,,,,,,True,-0.0022539347471301724,0.006174528964622353,98.0,0.0019602971087460904,0.004214231855876263,0.02112963729450508,1.9844674545084815,2.776154350098562,2.827828986141095,98.0,2.8019916681198285,0.025837318021266535,0.1295451169092418,1.9844674545084815,642469870756106.4,862629866467716.4,98.0,752549868611911.4,110079997855804.98,551927494171870.3,1.9844674545084815,8.342684844929583,8.751019898657841,98.0,8.546852371793712,0.2041675268641292,1.0236707275466617,1.9844674545084815,2.376148810275184,2.4444461245859874,98.0,2.4102974674305857,0.03414865715540177,0.17121714335245414,1.9844674545084815,99.0,0.32323232323232326,0.009971920411801801,0.02359282088663544,98.0,0.01678237064921862,0.00681045023741682,0.034146755150226984,1.9844674545084815,ExtraTreesRegressor,"{'mode': 'original', 'type': 'ExtraTreesRegressor'}",2,"['z_pe_T2W40', 'z_l2_T2W40']",0.09971374144819044,0.1510681297518402,98.0,0.12539093560001532,0.025677194151824883,0.12874227563253865,1.9844674545084815,3.400827499156479,3.4863611278124647,98.0,3.4435943134844718,0.04276681432799268,0.2144275174921607,1.9844674545084815,completed,True,COMPLETE
221,2.802023325914378,2026-06-12 03:21:00.261435,2026-06-12 03:21:15.328526,0 days 00:00:15.067091,,,,,,17.0,log2,3.0,12.0,274.0,,,,,ExtraTreesRegressor,,,,,,2,,,,,,,,True,-0.0022659437380132073,0.006165781280625296,98.0,0.0019499187713060443,0.004215862509319252,0.021137813189183334,1.9844674545084815,2.776172523385098,2.827874128443658,98.0,2.802023325914378,0.02585080252928002,0.12961272656461056,1.9844674545084815,642517323412035.2,862709296613171.5,98.0,752613310012603.4,110095986600568.16,552007659760569.2,1.9844674545084815,8.343246640415966,8.751677362020288,98.0,8.547462001218127,0.20421536080216152,1.0239105609956878,1.9844674545084815,2.3762447482498184,2.444570782613763,98.0,2.4104077654317906,0.034163017181972385,0.17128914274958118,1.9844674545084815,99.0,0.32323232323232326,0.009931469277482355,0.023561816739103847,98.0,0.0167466430082931,0.006815173730810746,0.03417043816188604,1.9844674545084815,ExtraTreesRegressor,"{'mode': 'original', 'type': 'ExtraTreesRegressor'}",2,"['z_pe_T2W40', 'z_l2_T2W40']",0.09993863588227979,0.15126631055093903,98.0,0.12560247321660942,0.02566383733432963,0.12867530620163511,1.9844674545084815,3.4008833505876,3.486432296883174,98.0,3.443657823735387,0.04277447314778696,0.21446591786733973,1.9844674545084815,completed,True,COMPLETE
222,2.801977908063755,2026-06-12 03:21:15.341713,2026-06-12 03:21:30.345212,0 days 00:00:15.003499,,,,,,17.0,log2,3.0,12.0,271.0,,,,,ExtraTreesRegressor,,,,,,2,,,,,,,,True,-0.002242631614359978,0.006173356352211445,98.0,0.0019653623689257337,0.004207993983285712,0.021098361372857845,1.9844674545084815,2.7761459714404984,2.8278098446870112,98.0,2.801977908063755,0.025831936623256647,0.12951813524521028,1.9844674545084815,642443636900106.8,862643942251249.8,98.0,752543789575678.2,110100152675571.47,552028547945361.2,1.9844674545084815,8.343359368153939,8.751319671849549,98.0,8.547339520001744,0.20398015184780527,1.0227312523900074,1.9844674545084815,2.3760330418194138,2.4444086825988625,98.0,2.410220862209138,0.03418782038972419,0.1714135029655017,1.9844674545084815,99.0,0.32323232323232326,0.009970987878816909,0.023577384897531063,98.0,0.016774186388173986,0.006803198509357077,0.034110395882654396,1.9844674545084815,ExtraTreesRegressor,"{'mode': 'original', 'type': 'ExtraTreesRegressor'}",2,"['z_pe_T2W40', 'z_l2_T2W40']",0.10062529338246376,0.151982802092238,98.0,0.12630404773735088,0.02567875435488712,0.12875009829772138,1.9844674545084815,3.40085792690376,3.4863516344986794,98.0,3.44360478070122,0.04274685379745957,0.21432743786085562,1.9844674545084815,completed,True,COMPLETE
223,2.802023325914378,2026-06-12 03:21:30.358603,2026-06-12 03:21:45.407824,0 days 00:00:15.049221,,,,,,17.0,log2,3.0,12.0,274.0,,,,,ExtraTreesRegressor,,,,,,2,,,,,,,,True,-0.0022659437380132073,0.006165781280625296,98.0,0.0019499187713060443,0.004215862509319252,0.021137813189183334,1.9844674545084815,2.776172523385098,2.827874128443658,98.0,2.802023325914378,0.02585080252928002,0.12961272656461056,1.9844674545084815,642517323412035.2,862709296613171.5,98.0,752613310012603.4,110095986600568.16,552007659760569.2,1.9844674545084815,8.343246640415966,8.751677362020288,98.0,8.547462001218127,0.20421536080216152,1.0239105609956878,1.9844674545084815,2.3762447482498184,2.444570782613763,98.0,2.4104077654317906,0.034163017181972385,0.17128914274958118,1.9844674545084815,99.0,0.32323232323232326,0.009931469277482355,0.023561816739103847,98.0,0.0167466430082931,0.006815173730810746,0.03417043816188604,1.9844674545084815,ExtraTreesRegressor,"{'mode': 'original', 'type': 'ExtraTreesRegressor'}",2,"['z_pe_T2W40', 'z_l2_T2W40']",0.09993863588227979,0.15126631055093903,98.0,0.12560247321660942,0.02566383733432963,0.12867530620163511,1.9844674545084815,3.4008833505876,3.486432296883174,98.0,3.443657823735387,0.04277447314778696,0.21446591786733973,1.9844674545084815,completed,True,COMPLETE
224,2.8019751720402266,2026-06-12 03:21:45.420742,2026-06-12 03:22:00.479500,0 days 00:00:15.058758,,,,,,17.0,log2,3.0,12.0,273.0,,,,,ExtraTreesRegressor,,,,,,2,,,,,,,,True,-0.0022588747784943707,0.00619275948843049,98.0,0.0019669423549680595,0.00422581713346243,0.02118772444341468,1.9844674545084815,2.776114118697454,2.8278362253829994,98.0,2.8019751720402266,0.025861053342772992,0.12966412287560805,1.9844674545084815,642404911841641.6,862558118747138.6,98.0,752481515294390.1,110076603452748.52,551910475054776.75,1.9844674545084815,8.343931480382912,8.752685748982218,98.0,8.548308614682565,0.20437713429965318,1.024721673303402,1.9844674545084815,2.3760212424640836,2.4444872278672825,98.0,2.410254235165683,0.03423299270159936,0.17163999135017508,1.9844674545084815,99.0,0.32323232323232326,0.009913992134796323,0.023590531246847776,98.0,0.01675226169082205,0.006838269556025727,0.03428623777294193,1.9844674545084815,ExtraTreesRegressor,"{'mode': 'original', 'type': 'ExtraTreesRegressor'}",2,"['z_pe_T2W40', 'z_l2_T2W40']",0.09996362377432504,0.15127878636546815,98.0,0.1256212050698966,0.025657581295571566,0.12864393919707082,1.9844674545084815,3.4008584795396537,3.4864316133497217,98.0,3.4436450464446877,0.04278656690503397,0.2145265544703783,1.9844674545084815,completed,True,COMPLETE
225,2.802023325914378,2026-06-12 03:22:00.493591,2026-06-12 03:22:15.459436,0 days 00:00:14.965845,,,,,,17.0,log2,3.0,12.0,274.0,,,,,ExtraTreesRegressor,,,,,,2,,,,,,,,True,-0.0022659437380132073,0.006165781280625296,98.0,0.0019499187713060443,0.004215862509319252,0.021137813189183334,1.9844674545084815,2.776172523385098,2.827874128443658,98.0,2.802023325914378,0.02585080252928002,0.12961272656461056,1.9844674545084815,642517323412035.2,862709296613171.5,98.0,752613310012603.4,110095986600568.16,552007659760569.2,1.9844674545084815,8.343246640415966,8.751677362020288,98.0,8.547462001218127,0.20421536080216152,1.0239105609956878,1.9844674545084815,2.3762447482498184,2.444570782613763,98.0,2.4104077654317906,0.034163017181972385,0.17128914274958118,1.9844674545084815,99.0,0.32323232323232326,0.009931469277482355,0.023561816739103847,98.0,0.0167466430082931,0.006815173730810746,0.03417043816188604,1.9844674545084815,ExtraTreesRegressor,"{'mode': 'original', 'type': 'ExtraTreesRegressor'}",2,"['z_pe_T2W40', 'z_l2_T2W40']",0.09993863588227979,0.15126631055093903,98.0,0.12560247321660942,0.02566383733432963,0.12867530620163511,1.9844674545084815,3.4008833505876,3.486432296883174,98.0,3.443657823735387,0.04277447314778696,0.21446591786733973,1.9844674545084815,completed,True,COMPLETE
226,2.8019751720402266,2026-06-12 03:22:15.471973,2026-06-12 03:22:30.400794,0 days 00:00:14.928821,,,,,,17.0,log2,3.0,12.0,273.0,,,,,ExtraTreesRegressor,,,,,,2,,,,,,,,True,-0.0022588747784943707,0.00619275948843049,98.0,0.0019669423549680595,0.00422581713346243,0.02118772444341468,1.9844674545084815,2.776114118697454,2.8278362253829994,98.0,2.8019751720402266,0.025861053342772992,0.12966412287560805,1.9844674545084815,642404911841641.6,862558118747138.6,98.0,752481515294390.1,110076603452748.52,551910475054776.75,1.9844674545084815,8.343931480382912,8.752685748982218,98.0,8.548308614682565,0.20437713429965318,1.024721673303402,1.9844674545084815,2.3760212424640836,2.4444872278672825,98.0,2.410254235165683,0.03423299270159936,0.17163999135017508,1.9844674545084815,99.0,0.32323232323232326,0.009913992134796323,0.023590531246847776,98.0,0.01675226169082205,0.006838269556025727,0.03428623777294193,1.9844674545084815,ExtraTreesRegressor,"{'mode': 'original', 'type': 'ExtraTreesRegressor'}",2,"['z_pe_T2W40', 'z_l2_T2W40']",0.09996362377432504,0.15127878636546815,98.0,0.1256212050698966,0.025657581295571566,0.12864393919707082,1.9844674545084815,3.4008584795396537,3.4864316133497217,98.0,3.4436450464446877,0.04278656690503397,0.2145265544703783,1.9844674545084815,completed,True,COMPLETE
227,2.8019751720402266,2026-06-12 03:22:30.413739,2026-06-12 03:22:45.454013,0 days 00:00:15.040274,,,,,,17.0,log2,3.0,12.0,273.0,,,,,ExtraTreesRegressor,,,,,,2,,,,,,,,True,-0.0022588747784943707,0.00619275948843049,98.0,0.0019669423549680595,0.00422581713346243,0.02118772444341468,1.9844674545084815,2.776114118697454,2.8278362253829994,98.0,2.8019751720402266,0.025861053342772992,0.12966412287560805,1.9844674545084815,642404911841641.6,862558118747138.6,98.0,752481515294390.1,110076603452748.52,551910475054776.75,1.9844674545084815,8.343931480382912,8.752685748982218,98.0,8.548308614682565,0.20437713429965318,1.024721673303402,1.9844674545084815,2.3760212424640836,2.4444872278672825,98.0,2.410254235165683,0.03423299270159936,0.17163999135017508,1.9844674545084815,99.0,0.32323232323232326,0.009913992134796323,0.023590531246847776,98.0,0.01675226169082205,0.006838269556025727,0.03428623777294193,1.9844674545084815,ExtraTreesRegressor,"{'mode': 'original', 'type': 'ExtraTreesRegressor'}",2,"['z_pe_T2W40', 'z_l2_T2W40']",0.09996362377432504,0.15127878636546815,98.0,0.1256212050698966,0.025657581295571566,0.12864393919707082,1.9844674545084815,3.4008584795396537,3.4864316133497217,98.0,3.4436450464446877,0.04278656690503397,0.2145265544703783,1.9844674545084815,completed,True,COMPLETE
228,2.8034613258881307,2026-06-12 03:22:45.467255,2026-06-12 03:22:58.989094,0 days 00:00:13.521839,,,,,,17.0,log2,3.0,12.0,245.0,,,,,ExtraTreesRegressor,,,,,,2,,,,,,,,True,-0.0026932388295220905,0.005569738397865086,98.0,0.0014382497841714979,0.004131488613693588,0.02071477291217323,1.9844674545084815,2.777694769259917,2.8292278825163444,98.0,2.8034613258881307,0.025766556628213845,0.12919032803649091,1.9844674545084815,643308146437303.8,863745865175602.2,98.0,753527005806453.0,110218859369149.22,552623728624903.2,1.9844674545084815,8.341753977651411,8.748369127663416,98.0,8.545061552657414,0.20330757500600233,1.0193590352918513,1.9844674545084815,2.3801045161613743,2.4472981971784176,98.0,2.413701356669896,0.03359684050852154,0.16845040293559949,1.9844674545084815,99.0,0.3333333333333333,0.009201661703681207,0.022524363387577098,98.0,0.015863012545629152,0.006661350841947944,0.03339918922247804,1.9844674545084815,ExtraTreesRegressor,"{'mode': 'original', 'type': 'ExtraTreesRegressor'}",2,"['z_pe_T2W40', 'z_l2_T2W40']",0.0961904065005674,0.14765807647199716,98.0,0.12192424148628228,0.025733834985714875,0.12902626576812767,1.9844674545084815,3.4025368754670633,3.487888397532816,98.0,3.4452126364999396,0.04267576103287631,0.2139709875322356,1.9844674545084815,completed,True,COMPLETE
229,2.802143886791728,2026-06-12 03:22:59.001760,2026-06-12 03:23:13.886679,0 days 00:00:14.884919,,,,,,16.0,log2,3.0,12.0,270.0,,,,,ExtraTreesRegressor,,,,,,2,,,,,,,,True,-0.0022993774341016435,0.006110701124893991,98.0,0.0019056618453961735,0.004205039279497817,0.021083546853513383,1.9844674545084815,2.776321288277608,2.8279664853058484,98.0,2.802143886791728,0.0258225985141201,0.12947131512096943,1.9844674545084815,642446239586529.2,862635180920250.5,98.0,752540710253389.9,110094470666860.61,552000059056455.56,1.9844674545084815,8.343675419767845,8.751565094605368,98.0,8.547620257186606,0.20394483741876113,1.0225541902105915,1.9844674545084815,2.3766197751554015,2.444937469895892,98.0,2.4107786225256467,0.034158847370245146,0.1712682358293176,1.9844674545084815,99.0,0.32323232323232326,0.009833049868322364,0.023436878698166706,98.0,0.016634964283244534,0.0068019144149221705,0.03410395759197904,1.9844674545084815,ExtraTreesRegressor,"{'mode': 'original', 'type': 'ExtraTreesRegressor'}",2,"['z_pe_T2W40', 'z_l2_T2W40']",0.10045299979773403,0.1517850876812833,98.0,0.12611904373950866,0.025666043941774633,0.12868636985844348,1.9844674545084815,3.4011032722197494,3.4865902233199813,98.0,3.4438467477698653,0.04274347555011598,0.21431049974650818,1.9844674545084815,completed,True,COMPLETE
230,3.648222222222222,2026-06-12 03:23:13.900472,2026-06-12 03:23:14.026644,0 days 00:00:00.126172,16.0,2.0,7.0,,,,,,,,,,,,DecisionTreeRegressor,,,,,,2,,,,,,,,True,,,,,,,,,,,,,,,,,,,,,,,,,,,,,,,,,,,,,,,,,,,,,DecisionTreeRegressor,"{'mode': 'original', 'type': 'DecisionTreeRegressor'}",2,"['z_re_T2W40', 'z_l1_T2W40']",,,,,,,,,,,,,,,pruned,True,PRUNED
231,2.802023325914378,2026-06-12 03:23:14.036514,2026-06-12 03:23:29.079381,0 days 00:00:15.042867,,,,,,17.0,log2,3.0,12.0,274.0,,,,,ExtraTreesRegressor,,,,,,2,,,,,,,,True,-0.0022659437380132073,0.006165781280625296,98.0,0.0019499187713060443,0.004215862509319252,0.021137813189183334,1.9844674545084815,2.776172523385098,2.827874128443658,98.0,2.802023325914378,0.02585080252928002,0.12961272656461056,1.9844674545084815,642517323412035.2,862709296613171.5,98.0,752613310012603.4,110095986600568.16,552007659760569.2,1.9844674545084815,8.343246640415966,8.751677362020288,98.0,8.547462001218127,0.20421536080216152,1.0239105609956878,1.9844674545084815,2.3762447482498184,2.444570782613763,98.0,2.4104077654317906,0.034163017181972385,0.17128914274958118,1.9844674545084815,99.0,0.32323232323232326,0.009931469277482355,0.023561816739103847,98.0,0.0167466430082931,0.006815173730810746,0.03417043816188604,1.9844674545084815,ExtraTreesRegressor,"{'mode': 'original', 'type': 'ExtraTreesRegressor'}",2,"['z_pe_T2W40', 'z_l2_T2W40']",0.09993863588227979,0.15126631055093903,98.0,0.12560247321660942,0.02566383733432963,0.12867530620163511,1.9844674545084815,3.4008833505876,3.486432296883174,98.0,3.443657823735387,0.04277447314778696,0.21446591786733973,1.9844674545084815,completed,True,COMPLETE
