number,value,datetime_start,datetime_complete,duration,params_dt_max_depth,params_dt_min_samples_leaf,params_dt_min_samples_split,params_elastic_alpha,params_elastic_l1_ratio,params_et_max_depth,params_et_max_features,params_et_min_samples_leaf,params_et_min_samples_split,params_et_n_estimators,params_knn_metric,params_knn_n_neighbors,params_knn_weights,params_quantile_alpha,params_regressor,params_rf_max_depth,params_rf_max_features,params_rf_min_samples_leaf,params_rf_min_samples_split,params_rf_n_estimators,params_rfe_n_features,params_rfe_proxy_et_max_depth,params_rfe_proxy_et_min_samples_leaf,params_rfe_proxy_et_min_samples_split,params_rfe_proxy_et_n_estimators,params_rfe_proxy_lsvr_C,params_rfe_proxy_lsvr_epsilon,params_rfe_proxy_type,params_use_scaler,user_attrs_d2mae_ci_lower_val,user_attrs_d2mae_ci_upper_val,user_attrs_d2mae_df_val,user_attrs_d2mae_mean_val,user_attrs_d2mae_samperror_val,user_attrs_d2mae_std_val,user_attrs_d2mae_t_critical_val,user_attrs_mae_ci_lower_val,user_attrs_mae_ci_upper_val,user_attrs_mae_df_val,user_attrs_mae_mean_val,user_attrs_mae_samperror_val,user_attrs_mae_std_val,user_attrs_mae_t_critical_val,user_attrs_mape_ci_lower_val,user_attrs_mape_ci_upper_val,user_attrs_mape_df_val,user_attrs_mape_mean_val,user_attrs_mape_samperror_val,user_attrs_mape_std_val,user_attrs_mape_t_critical_val,user_attrs_max_error_ci_lower_val,user_attrs_max_error_ci_upper_val,user_attrs_max_error_df_val,user_attrs_max_error_mean_val,user_attrs_max_error_samperror_val,user_attrs_max_error_std_val,user_attrs_max_error_t_critical_val,user_attrs_median_ae_ci_lower_val,user_attrs_median_ae_ci_upper_val,user_attrs_median_ae_df_val,user_attrs_median_ae_mean_val,user_attrs_median_ae_samperror_val,user_attrs_median_ae_std_val,user_attrs_median_ae_t_critical_val,user_attrs_n_splits_val,user_attrs_r2_below_zero_val,user_attrs_r2_ci_lower_val,user_attrs_r2_ci_upper_val,user_attrs_r2_df_val,user_attrs_r2_mean_val,user_attrs_r2_samperror_val,user_attrs_r2_std_val,user_attrs_r2_t_critical_val,user_attrs_regressor_final,user_attrs_rfe_estimator,user_attrs_rfe_n_features,user_attrs_rfe_selected_features,user_attrs_rho_ci_lower_val,user_attrs_rho_ci_upper_val,user_attrs_rho_df_val,user_attrs_rho_mean_val,user_attrs_rho_samperror_val,user_attrs_rho_std_val,user_attrs_rho_t_critical_val,user_attrs_rmse_ci_lower_val,user_attrs_rmse_ci_upper_val,user_attrs_rmse_df_val,user_attrs_rmse_mean_val,user_attrs_rmse_samperror_val,user_attrs_rmse_std_val,user_attrs_rmse_t_critical_val,user_attrs_termination_reason,user_attrs_use_scaler_final,state
27,2.9272826462466495,2026-06-12 02:45:32.866954,2026-06-12 02:45:34.631433,0 days 00:00:01.764479,,,,,,,,,,,minkowski,20.0,distance,,KNeighborsRegressor,,,,,,4,,,,,7.4910104974988885,0.6592318760277409,LinearSVR,,-0.04903629398650372,-0.03664270269133946,98.0,-0.04283949833892159,0.006196795647582131,0.031069966935730612,1.9844674545084815,2.8995460514983415,2.9550192409949574,98.0,2.9272826462466495,0.027736594748308113,0.13906785550947454,1.9844674545084815,634735545697725.9,858481839199979.9,98.0,746608692448852.9,111873146751127.03,560918120950120.75,1.9844674545084815,8.692712104801432,9.000474271229036,98.0,8.846593188015234,0.15388108321380217,0.7715407186862341,1.9844674545084815,2.5307345550423026,2.61386308613588,98.0,2.5722988205890913,0.04156426554678865,0.208398086638621,1.9844674545084815,99.0,0.9393939393939394,-0.08935125866632652,-0.06659481962994272,98.0,-0.07797303914813462,0.011378219518191904,0.05704898536643599,1.9844674545084815,KNeighborsRegressor,"{'mode': 'proxy', 'type': 'LinearSVR'}",4,"['z_re_T2W40', 'z_pe_T2W40', 'z_lsc_T2W40', 'z_asp_T2W40']",-0.08793417943789189,-0.04214454832497191,98.0,-0.0650393638814319,0.022894815556459995,0.11479177348964452,1.9844674545084815,3.5611070697849807,3.645887463846431,98.0,3.603497266815706,0.04239019703072526,0.2125392049449996,1.9844674545084815,completed,True,COMPLETE
28,3.4202633032262657,2026-06-12 02:45:34.643695,2026-06-12 02:45:36.399420,0 days 00:00:01.755725,20.0,5.0,4.0,,,,,,,,,,,,DecisionTreeRegressor,,,,,,7,,,,,,,,False,-0.24216434471811024,-0.19648011213080005,98.0,-0.21932222842445515,0.0228421162936551,0.11452754590396895,1.9844674545084815,3.3562782512497247,3.4842483552028067,98.0,3.4202633032262657,0.06398505197654104,0.3208131367165253,1.9844674545084815,603749807130495.2,835016007447422.8,98.0,719382907288959.0,115633100158463.77,579770062290387.8,1.9844674545084815,10.155763363062624,10.715697275064683,98.0,10.435730319063653,0.2799669560010287,1.4037196901019515,1.9844674545084815,2.853618283120012,3.034709438541043,98.0,2.9441638608305274,0.0905455777105153,0.45398432764843744,1.9844674545084815,99.0,0.9797979797979798,-0.5609340227988291,-0.46214968236109066,98.0,-0.5115418525799599,0.049392170218869186,0.24764623248194736,1.9844674545084815,DecisionTreeRegressor,"{'mode': 'original', 'type': 'DecisionTreeRegressor'}",7,"['z_re_T2W40', 'z_l1_T2W40', 'z_l2_T2W40', 'z_l3_T2W40', 'z_density_T2W40', 'z_diameter_T2W40', 'z_asp_T2W40']",0.02546084760949175,0.08141361516493387,98.0,0.05343723138721281,0.02797638377772106,0.1402701280450096,1.9844674545084815,4.1784061554533505,4.318801685423418,98.0,4.248603920438384,0.07019776498503406,0.3519629113311485,1.9844674545084815,completed,False,COMPLETE
29,2.859620680385836,2026-06-12 02:45:36.412471,2026-06-12 02:45:38.057057,0 days 00:00:01.644586,,,,0.00016377964907056237,0.8770241030575711,,,,,,,,,,ElasticNet,,,,,,6,,,,,,,,True,-0.026355787102007307,-0.011258916460985261,98.0,-0.018807351781496284,0.007548435320511022,0.03784692108029857,1.9844674545084815,2.8306500537536134,2.888591307018059,98.0,2.859620680385836,0.028970626632222694,0.14525513874606527,1.9844674545084815,693640867439027.1,928379053551079.6,98.0,811009960495053.4,117369093056026.25,588474115965124.4,1.9844674545084815,8.24060078488313,8.636915097881245,98.0,8.438757941382187,0.19815715649905705,0.9935354739197084,1.9844674545084815,2.3481206379222876,2.4273920489969565,98.0,2.387756343459622,0.039635705537334545,0.19872852528223015,1.9844674545084815,99.0,0.5959595959595959,-0.03236386593851858,-0.0058659528976285,98.0,-0.01911490941807354,0.01324895652044504,0.06642862931647192,1.9844674545084815,ElasticNet,"{'mode': 'original', 'type': 'ElasticNet'}",6,"['z_pe_T2W40', 'z_l1_T2W40', 'z_l2_T2W40', 'z_lsc_T2W40', 'z_density_T2W40', 'z_asp_T2W40']",0.0357350726941062,0.08911053727710172,98.0,0.062422804985603965,0.026687732291497762,0.1338089888779854,1.9844674545084815,3.4614069951599014,3.543729397220714,98.0,3.5025681961903077,0.04116120103040642,0.2063771710059023,1.9844674545084815,completed,True,COMPLETE
30,2.850964196089408,2026-06-12 02:45:38.069339,2026-06-12 02:45:40.239269,0 days 00:00:02.169930,,,,,,,,,,,,,,,LinearRegression,,,,,,5,,,,,,,,False,-0.02315455599521158,-0.008227830179553905,98.0,-0.015691193087382743,0.007463362907828837,0.037420378525162085,1.9844674545084815,2.821871069262428,2.880057322916388,98.0,2.850964196089408,0.02909312682698006,0.14586933957132842,1.9844674545084815,694508393303259.9,929907559055764.4,98.0,812207976179512.1,117699582876252.28,590131151047606.9,1.9844674545084815,8.257177992278564,8.675998880342362,98.0,8.466588436310463,0.20941044403189976,1.0499580657636263,1.9844674545084815,2.339893314725086,2.4208863159277083,98.0,2.380389815326397,0.040496500601311165,0.20304444526688042,1.9844674545084815,99.0,0.5757575757575758,-0.02501230988371555,-0.0001821210777143787,98.0,-0.012597215480714965,0.012415094403000586,0.06224774779457337,1.9844674545084815,LinearRegression,"{'mode': 'original', 'type': 'LinearRegression'}",5,"['z_pe_T2W40', 'z_l2_T2W40', 'z_lsc_T2W40', 'z_density_T2W40', 'z_asp_T2W40']",0.03479952220431089,0.08916636759546966,98.0,0.06198294489989027,0.02718342269557938,0.1362943192553368,1.9844674545084815,3.449757852843862,3.5345833851262816,98.0,3.492170618985072,0.04241276614120977,0.21265236367354282,1.9844674545084815,completed,False,COMPLETE
31,2.8087542087542094,2026-06-12 02:45:40.253392,2026-06-12 02:45:42.447011,0 days 00:00:02.193619,,,,,,,,,,,,,,8.632405665578633,QuantileRegressor,,,,,,5,,,,,,,,False,-0.0009331355682963278,0.00012430831312870661,98.0,-0.0004044136275838106,0.0005287219407125172,0.002650946416563353,1.9844674545084815,2.7849467735529934,2.8325616439554255,98.0,2.8087542087542094,0.02380743520121607,0.11936753551247853,1.9844674545084815,608805169475213.9,816576530769995.1,98.0,712690850122604.5,103885680647390.62,520869953823584.9,1.9844674545084815,8.727991855320967,9.049785922456811,98.0,8.88888888888889,0.16089703356792168,0.8067178260046389,1.9844674545084815,2.2959895660805363,2.491889221798252,98.0,2.393939393939394,0.09794982785885767,0.4911083221088062,1.9844674545084815,99.0,1.0,-0.037483843968863534,-0.033183157484501485,98.0,-0.03533350072668251,0.002150343242181023,0.010781555054361772,1.9844674545084815,QuantileRegressor,"{'mode': 'original', 'type': 'QuantileRegressor'}",5,"['z_l3_T2W40', 'z_lsc_T2W40', 'z_density_T2W40', 'z_diameter_T2W40', 'z_asp_T2W40']",,,,,,,,3.4925577655390954,3.575019515589782,98.0,3.5337886405644388,0.04123087502534345,0.20672650779899443,1.9844674545084815,completed,False,COMPLETE
32,2.8087542087542094,2026-06-12 02:45:42.459550,2026-06-12 02:45:44.687587,0 days 00:00:02.228037,,,,,,,,,,,,,,2.2931680347694705,QuantileRegressor,,,,,,5,,,,,,,,False,-0.0009331355682963278,0.00012430831312870661,98.0,-0.0004044136275838106,0.0005287219407125172,0.002650946416563353,1.9844674545084815,2.7849467735529934,2.8325616439554255,98.0,2.8087542087542094,0.02380743520121607,0.11936753551247853,1.9844674545084815,608805169475213.9,816576530769995.1,98.0,712690850122604.5,103885680647390.62,520869953823584.9,1.9844674545084815,8.727991855320967,9.049785922456811,98.0,8.88888888888889,0.16089703356792168,0.8067178260046389,1.9844674545084815,2.2959895660805363,2.491889221798252,98.0,2.393939393939394,0.09794982785885767,0.4911083221088062,1.9844674545084815,99.0,1.0,-0.037483843968863534,-0.033183157484501485,98.0,-0.03533350072668251,0.002150343242181023,0.010781555054361772,1.9844674545084815,QuantileRegressor,"{'mode': 'original', 'type': 'QuantileRegressor'}",5,"['z_l3_T2W40', 'z_lsc_T2W40', 'z_density_T2W40', 'z_diameter_T2W40', 'z_asp_T2W40']",,,,,,,,3.4925577655390954,3.575019515589782,98.0,3.5337886405644388,0.04123087502534345,0.20672650779899443,1.9844674545084815,completed,False,COMPLETE
33,2.8087542087542094,2026-06-12 02:45:44.700226,2026-06-12 02:45:46.872860,0 days 00:00:02.172634,,,,,,,,,,,,,,3.227908133236349,QuantileRegressor,,,,,,4,,,,,,,,False,-0.0009331355682963278,0.00012430831312870661,98.0,-0.0004044136275838106,0.0005287219407125172,0.002650946416563353,1.9844674545084815,2.7849467735529934,2.8325616439554255,98.0,2.8087542087542094,0.02380743520121607,0.11936753551247853,1.9844674545084815,608805169475213.9,816576530769995.1,98.0,712690850122604.5,103885680647390.62,520869953823584.9,1.9844674545084815,8.727991855320967,9.049785922456811,98.0,8.88888888888889,0.16089703356792168,0.8067178260046389,1.9844674545084815,2.2959895660805363,2.491889221798252,98.0,2.393939393939394,0.09794982785885767,0.4911083221088062,1.9844674545084815,99.0,1.0,-0.037483843968863534,-0.033183157484501485,98.0,-0.03533350072668251,0.002150343242181023,0.010781555054361772,1.9844674545084815,QuantileRegressor,"{'mode': 'original', 'type': 'QuantileRegressor'}",4,"['z_lsc_T2W40', 'z_density_T2W40', 'z_diameter_T2W40', 'z_asp_T2W40']",,,,,,,,3.4925577655390954,3.575019515589782,98.0,3.5337886405644388,0.04123087502534345,0.20672650779899443,1.9844674545084815,completed,False,COMPLETE
34,2.8596152083101747,2026-06-12 02:45:46.884937,2026-06-12 02:45:48.586452,0 days 00:00:01.701515,,,,0.000123469869878032,0.9566761854597826,,,,,,,,,,ElasticNet,,,,,,6,,,,,,,,False,-0.026354541610390782,-0.011256396738234817,98.0,-0.0188054691743128,0.0075490724360779814,0.037850115498950634,1.9844674545084815,2.8306440944849176,2.8885863221354318,98.0,2.8596152083101747,0.02897111382525695,0.1452575814716813,1.9844674545084815,693639777044845.0,928378074894261.5,98.0,811008925969553.2,117369148924708.22,588474396083785.8,1.9844674545084815,8.240499355903466,8.636825961390464,98.0,8.438662658646965,0.19816330274349933,0.9935662904291532,1.9844674545084815,2.348139692695757,2.427398459313053,98.0,2.387769076004405,0.03962938330864822,0.19869682640955214,1.9844674545084815,99.0,0.5959595959595959,-0.032359348508929124,-0.005858997992551138,98.0,-0.01910917325074013,0.013250175258188992,0.06643473991678236,1.9844674545084815,ElasticNet,"{'mode': 'original', 'type': 'ElasticNet'}",6,"['z_pe_T2W40', 'z_l1_T2W40', 'z_l2_T2W40', 'z_lsc_T2W40', 'z_density_T2W40', 'z_asp_T2W40']",0.03574617330572247,0.08912884710434223,98.0,0.06243751020503235,0.026691336899309876,0.1338270619357249,1.9844674545084815,3.4613969515683536,3.5437180947909814,98.0,3.5025575231796675,0.04116057161131397,0.20637401517642148,1.9844674545084815,completed,False,COMPLETE
35,2.827922845842664,2026-06-12 02:45:48.621544,2026-06-12 02:46:11.148196,0 days 00:00:22.526652,,,,,,2.0,log2,1.0,2.0,441.0,,,,,ExtraTreesRegressor,,,,,,3,,,,,,,,False,-0.010225916874080598,-0.004316960567458986,98.0,-0.007271438720769792,0.0029544781533108054,0.01481338804056287,1.9844674545084815,2.803161848927182,2.852683842758146,98.0,2.827922845842664,0.024760996915482055,0.12414857600797763,1.9844674545084815,665988487821839.0,893633365165958.0,98.0,779810926493898.5,113822438672059.55,570691629546469.5,1.9844674545084815,8.228024941158722,8.570308495039981,98.0,8.399166718099352,0.17114177694062907,0.8580837021698889,1.9844674545084815,2.4487462034349656,2.4815465107565293,98.0,2.4651463570957475,0.016400153660781656,0.08222834202709343,1.9844674545084815,99.0,0.2828282828282828,0.006377803690510864,0.013759273357850856,98.0,0.01006853852418086,0.003690734833669996,0.018504887973095966,1.9844674545084815,ExtraTreesRegressor,"{'mode': 'original', 'type': 'ExtraTreesRegressor'}",3,"['z_pe_T2W40', 'z_l1_T2W40', 'z_l2_T2W40']",0.02664165106777537,0.08507562076344984,98.0,0.0558586359156126,0.029216984847837232,0.14649034836871533,1.9844674545084815,3.414893073628523,3.4956006969513744,98.0,3.4552468852899487,0.04035381166142579,0.20232902057055974,1.9844674545084815,completed,False,COMPLETE
36,2.850964196089408,2026-06-12 02:46:11.169845,2026-06-12 02:46:12.985479,0 days 00:00:01.815634,,,,,,,,,,,,,,,LinearRegression,,,,,,5,,,,,,,,False,-0.02315455599521158,-0.008227830179553905,98.0,-0.015691193087382743,0.007463362907828837,0.037420378525162085,1.9844674545084815,2.821871069262428,2.880057322916388,98.0,2.850964196089408,0.02909312682698006,0.14586933957132842,1.9844674545084815,694508393303259.9,929907559055764.4,98.0,812207976179512.1,117699582876252.28,590131151047606.9,1.9844674545084815,8.257177992278564,8.675998880342362,98.0,8.466588436310463,0.20941044403189976,1.0499580657636263,1.9844674545084815,2.339893314725086,2.4208863159277083,98.0,2.380389815326397,0.040496500601311165,0.20304444526688042,1.9844674545084815,99.0,0.5757575757575758,-0.02501230988371555,-0.0001821210777143787,98.0,-0.012597215480714965,0.012415094403000586,0.06224774779457337,1.9844674545084815,LinearRegression,"{'mode': 'original', 'type': 'LinearRegression'}",5,"['z_pe_T2W40', 'z_l2_T2W40', 'z_lsc_T2W40', 'z_density_T2W40', 'z_asp_T2W40']",0.03479952220431089,0.08916636759546966,98.0,0.06198294489989027,0.02718342269557938,0.1362943192553368,1.9844674545084815,3.449757852843862,3.5345833851262816,98.0,3.492170618985072,0.04241276614120977,0.21265236367354282,1.9844674545084815,completed,False,COMPLETE
37,2.8087542087542094,2026-06-12 02:46:12.997236,2026-06-12 02:46:15.216019,0 days 00:00:02.218783,,,,,,,,,,,,,,0.21980426427532332,QuantileRegressor,,,,,,7,,,,,,,,True,-0.0009331355682963278,0.00012430831312870661,98.0,-0.0004044136275838106,0.0005287219407125172,0.002650946416563353,1.9844674545084815,2.7849467735529934,2.8325616439554255,98.0,2.8087542087542094,0.02380743520121607,0.11936753551247853,1.9844674545084815,608805169475213.9,816576530769995.1,98.0,712690850122604.5,103885680647390.62,520869953823584.9,1.9844674545084815,8.727991855320967,9.049785922456811,98.0,8.88888888888889,0.16089703356792168,0.8067178260046389,1.9844674545084815,2.2959895660805363,2.491889221798252,98.0,2.393939393939394,0.09794982785885767,0.4911083221088062,1.9844674545084815,99.0,1.0,-0.037483843968863534,-0.033183157484501485,98.0,-0.03533350072668251,0.002150343242181023,0.010781555054361772,1.9844674545084815,QuantileRegressor,"{'mode': 'original', 'type': 'QuantileRegressor'}",7,"['z_l1_T2W40', 'z_l2_T2W40', 'z_l3_T2W40', 'z_lsc_T2W40', 'z_density_T2W40', 'z_diameter_T2W40', 'z_asp_T2W40']",,,,,,,,3.4925577655390954,3.575019515589782,98.0,3.5337886405644388,0.04123087502534345,0.20672650779899443,1.9844674545084815,completed,True,COMPLETE
38,2.816721126268936,2026-06-12 02:46:15.228340,2026-06-12 02:46:44.286040,0 days 00:00:29.057700,,,,,,,,,,,,,,,RandomForestRegressor,2.0,,1.0,12.0,353.0,4,,,,,,,,False,-0.010443326513659137,0.004013881007284118,98.0,-0.0032147227531875095,0.007228603760471628,0.03624332519614118,1.9844674545084815,2.785483163310564,2.847959089227308,98.0,2.816721126268936,0.031237962958371987,0.15662328265333228,1.9844674545084815,615881724773392.2,827046911189568.8,98.0,721464317981480.5,105582593208088.3,529378063522873.5,1.9844674545084815,8.419588691228062,8.741917102193144,98.0,8.580752896710603,0.16116420548254093,0.808057392939788,1.9844674545084815,2.3362618086319644,2.4336932112174496,98.0,2.384977509924707,0.048715701292742664,0.24425450095437942,1.9844674545084815,99.0,0.5555555555555556,-0.02384036095804464,0.000452027248041895,98.0,-0.011694166855001372,0.012146194103043267,0.06089951494911205,1.9844674545084815,RandomForestRegressor,"{'mode': 'original', 'type': 'RandomForestRegressor'}",4,"['z_re_T2W40', 'z_pe_T2W40', 'z_l1_T2W40', 'z_l2_T2W40']",0.0727224836580764,0.11856460385483372,98.0,0.09564354375645506,0.022921060098378652,0.11492336037680839,1.9844674545084815,3.447095052749019,3.535782985317183,98.0,3.491439019033101,0.04434396628408192,0.22233516233235087,1.9844674545084815,completed,False,COMPLETE
39,2.9283880058173506,2026-06-12 02:46:44.298399,2026-06-12 02:46:51.171720,0 days 00:00:06.873321,,,,,,20.0,,1.0,12.0,99.0,,,,,ExtraTreesRegressor,,,,,,9,,,,,,,,False,-0.0521119510276509,-0.034191437377481454,98.0,-0.043151694202566176,0.008960256825084724,0.044925619485235276,1.9844674545084815,2.8946875893130737,2.9620884223216275,98.0,2.9283880058173506,0.0337004165042769,0.16896972016767736,1.9844674545084815,632049910194798.2,851956281269539.2,98.0,742003095732168.8,109953185537370.52,551291672891828.6,1.9844674545084815,8.52962437343183,8.870317781715318,98.0,8.699971077573574,0.17034670414174366,0.8540973054936476,1.9844674545084815,2.4993438158558297,2.6118786826715255,98.0,2.5556112492636776,0.05626743340784801,0.28211795175501486,1.9844674545084815,99.0,0.7878787878787878,-0.08644935187051002,-0.05419970933718017,98.0,-0.0703245306038451,0.016124821266664924,0.08084785945706062,1.9844674545084815,ExtraTreesRegressor,"{'mode': 'original', 'type': 'ExtraTreesRegressor'}",9,"['z_re_T2W40', 'z_pe_T2W40', 'z_l1_T2W40', 'z_l2_T2W40', 'z_l3_T2W40', 'z_lsc_T2W40', 'z_density_T2W40', 'z_diameter_T2W40', 'z_asp_T2W40']",0.02972984075903433,0.0768293033900933,98.0,0.05327957207456382,0.02354973131552949,0.11807544010335923,1.9844674545084815,3.544162969108438,3.6340917515563156,98.0,3.589127360332377,0.04496439122393884,0.22544589624447825,1.9844674545084815,completed,False,COMPLETE
40,2.8087542087542094,2026-06-12 02:46:51.184543,2026-06-12 02:46:53.376956,0 days 00:00:02.192413,,,,,,,,,,,,,,2.8828145009000483,QuantileRegressor,,,,,,2,,,,,,,,True,-0.0009331355682963278,0.00012430831312870661,98.0,-0.0004044136275838106,0.0005287219407125172,0.002650946416563353,1.9844674545084815,2.7849467735529934,2.8325616439554255,98.0,2.8087542087542094,0.02380743520121607,0.11936753551247853,1.9844674545084815,608805169475213.9,816576530769995.1,98.0,712690850122604.5,103885680647390.62,520869953823584.9,1.9844674545084815,8.727991855320967,9.049785922456811,98.0,8.88888888888889,0.16089703356792168,0.8067178260046389,1.9844674545084815,2.2959895660805363,2.491889221798252,98.0,2.393939393939394,0.09794982785885767,0.4911083221088062,1.9844674545084815,99.0,1.0,-0.037483843968863534,-0.033183157484501485,98.0,-0.03533350072668251,0.002150343242181023,0.010781555054361772,1.9844674545084815,QuantileRegressor,"{'mode': 'original', 'type': 'QuantileRegressor'}",2,"['z_diameter_T2W40', 'z_asp_T2W40']",,,,,,,,3.4925577655390954,3.575019515589782,98.0,3.5337886405644388,0.04123087502534345,0.20672650779899443,1.9844674545084815,completed,True,COMPLETE
