number,value,datetime_start,datetime_complete,duration,params_dt_max_depth,params_dt_min_samples_leaf,params_dt_min_samples_split,params_elastic_alpha,params_elastic_l1_ratio,params_et_max_depth,params_et_max_features,params_et_min_samples_leaf,params_et_min_samples_split,params_et_n_estimators,params_knn_metric,params_knn_n_neighbors,params_knn_weights,params_quantile_alpha,params_regressor,params_rf_max_depth,params_rf_max_features,params_rf_min_samples_leaf,params_rf_min_samples_split,params_rf_n_estimators,params_rfe_n_features,params_rfe_proxy_et_max_depth,params_rfe_proxy_et_min_samples_leaf,params_rfe_proxy_et_min_samples_split,params_rfe_proxy_et_n_estimators,params_rfe_proxy_lsvr_C,params_rfe_proxy_lsvr_epsilon,params_rfe_proxy_type,params_use_scaler,user_attrs_d2mae_ci_lower_val,user_attrs_d2mae_ci_upper_val,user_attrs_d2mae_df_val,user_attrs_d2mae_mean_val,user_attrs_d2mae_samperror_val,user_attrs_d2mae_std_val,user_attrs_d2mae_t_critical_val,user_attrs_mae_ci_lower_val,user_attrs_mae_ci_upper_val,user_attrs_mae_df_val,user_attrs_mae_mean_val,user_attrs_mae_samperror_val,user_attrs_mae_std_val,user_attrs_mae_t_critical_val,user_attrs_mape_ci_lower_val,user_attrs_mape_ci_upper_val,user_attrs_mape_df_val,user_attrs_mape_mean_val,user_attrs_mape_samperror_val,user_attrs_mape_std_val,user_attrs_mape_t_critical_val,user_attrs_max_error_ci_lower_val,user_attrs_max_error_ci_upper_val,user_attrs_max_error_df_val,user_attrs_max_error_mean_val,user_attrs_max_error_samperror_val,user_attrs_max_error_std_val,user_attrs_max_error_t_critical_val,user_attrs_median_ae_ci_lower_val,user_attrs_median_ae_ci_upper_val,user_attrs_median_ae_df_val,user_attrs_median_ae_mean_val,user_attrs_median_ae_samperror_val,user_attrs_median_ae_std_val,user_attrs_median_ae_t_critical_val,user_attrs_n_splits_val,user_attrs_r2_below_zero_val,user_attrs_r2_ci_lower_val,user_attrs_r2_ci_upper_val,user_attrs_r2_df_val,user_attrs_r2_mean_val,user_attrs_r2_samperror_val,user_attrs_r2_std_val,user_attrs_r2_t_critical_val,user_attrs_regressor_final,user_attrs_rfe_estimator,user_attrs_rfe_n_features,user_attrs_rfe_selected_features,user_attrs_rho_ci_lower_val,user_attrs_rho_ci_upper_val,user_attrs_rho_df_val,user_attrs_rho_mean_val,user_attrs_rho_samperror_val,user_attrs_rho_std_val,user_attrs_rho_t_critical_val,user_attrs_rmse_ci_lower_val,user_attrs_rmse_ci_upper_val,user_attrs_rmse_df_val,user_attrs_rmse_mean_val,user_attrs_rmse_samperror_val,user_attrs_rmse_std_val,user_attrs_rmse_t_critical_val,user_attrs_termination_reason,user_attrs_use_scaler_final,state
232,2.8020250730401286,2026-06-12 03:23:29.092147,2026-06-12 03:23:44.086939,0 days 00:00:14.994792,,,,,,17.0,log2,3.0,12.0,272.0,,,,,ExtraTreesRegressor,,,,,,2,,,,,,,,True,-0.0022673734272020503,0.006164609271153838,98.0,0.001948617921975894,0.004215991349177944,0.021138459176299456,1.9844674545084815,2.7761828186732638,2.8278673274069934,98.0,2.8020250730401286,0.025842254366864912,0.12956986713552768,1.9844674545084815,642380848446935.0,862549673979881.0,98.0,752465261213408.0,110084412766473.03,551949629987908.3,1.9844674545084815,8.34351708870523,8.751925889496828,98.0,8.54772148910103,0.20420440039579865,1.0238556068738056,1.9844674545084815,2.3760911817134365,2.4445594164880977,98.0,2.410325299100767,0.0342341173873305,0.171645630385326,1.9844674545084815,99.0,0.32323232323232326,0.009927248302487377,0.023571740997437557,98.0,0.016749494649962466,0.006822246347475089,0.03420589938707522,1.9844674545084815,ExtraTreesRegressor,"{'mode': 'original', 'type': 'ExtraTreesRegressor'}",2,"['z_pe_T2W40', 'z_l2_T2W40']",0.10035823190605889,0.15176953027068837,98.0,0.12606388108837363,0.025705649182314747,0.12888494563599767,1.9844674545084815,3.400883217665332,3.486412780669086,98.0,3.443647999167209,0.04276478150187717,0.21441732515344455,1.9844674545084815,completed,True,COMPLETE
233,2.8021416553205682,2026-06-12 03:23:44.100965,2026-06-12 03:23:58.971306,0 days 00:00:14.870341,,,,,,17.0,log2,3.0,12.0,270.0,,,,,ExtraTreesRegressor,,,,,,2,,,,,,,,True,-0.002298311282174454,0.00611116804475647,98.0,0.0019064283812910083,0.004204739663465462,0.02108204461578471,1.9844674545084815,2.7763198294153173,2.827963481225819,98.0,2.8021416553205682,0.02582182590525096,0.12946744135565852,1.9844674545084815,642447582948228.2,862639538813054.0,98.0,752543560880641.1,110095977932412.9,552007616299510.94,1.9844674545084815,8.343675419767845,8.751565094605368,98.0,8.547620257186606,0.20394483741876113,1.0225541902105915,1.9844674545084815,2.3766197751554015,2.444937469895892,98.0,2.4107786225256467,0.034158847370245146,0.1712682358293176,1.9844674545084815,99.0,0.32323232323232326,0.00983452812526366,0.02343769696888211,98.0,0.016636112547072885,0.006801584421809225,0.03410230304732543,1.9844674545084815,ExtraTreesRegressor,"{'mode': 'original', 'type': 'ExtraTreesRegressor'}",2,"['z_pe_T2W40', 'z_l2_T2W40']",0.10045299979773403,0.1517850876812833,98.0,0.12611904373950866,0.025666043941774633,0.12868636985844348,1.9844674545084815,3.401101645674217,3.4865877807246033,98.0,3.44384471319941,0.042743067525193336,0.21430845396001202,1.9844674545084815,completed,True,COMPLETE
234,2.8020250730401286,2026-06-12 03:23:58.985007,2026-06-12 03:24:13.973415,0 days 00:00:14.988408,,,,,,17.0,log2,3.0,12.0,272.0,,,,,ExtraTreesRegressor,,,,,,2,,,,,,,,True,-0.0022673734272020503,0.006164609271153838,98.0,0.001948617921975894,0.004215991349177944,0.021138459176299456,1.9844674545084815,2.7761828186732638,2.8278673274069934,98.0,2.8020250730401286,0.025842254366864912,0.12956986713552768,1.9844674545084815,642380848446935.0,862549673979881.0,98.0,752465261213408.0,110084412766473.03,551949629987908.3,1.9844674545084815,8.34351708870523,8.751925889496828,98.0,8.54772148910103,0.20420440039579865,1.0238556068738056,1.9844674545084815,2.3760911817134365,2.4445594164880977,98.0,2.410325299100767,0.0342341173873305,0.171645630385326,1.9844674545084815,99.0,0.32323232323232326,0.009927248302487377,0.023571740997437557,98.0,0.016749494649962466,0.006822246347475089,0.03420589938707522,1.9844674545084815,ExtraTreesRegressor,"{'mode': 'original', 'type': 'ExtraTreesRegressor'}",2,"['z_pe_T2W40', 'z_l2_T2W40']",0.10035823190605889,0.15176953027068837,98.0,0.12606388108837363,0.025705649182314747,0.12888494563599767,1.9844674545084815,3.400883217665332,3.486412780669086,98.0,3.443647999167209,0.04276478150187717,0.21441732515344455,1.9844674545084815,completed,True,COMPLETE
235,2.803061491800599,2026-06-12 03:24:13.986426,2026-06-12 03:24:27.996654,0 days 00:00:14.010228,,,,,,16.0,log2,3.0,12.0,251.0,,,,,ExtraTreesRegressor,,,,,,2,,,,,,,,True,-0.002596479320593443,0.005754868975182391,98.0,0.001579194827294474,0.004175674147887917,0.02093631371560299,1.9844674545084815,2.7772639618745805,2.8288590217266174,98.0,2.803061491800599,0.025797529926018338,0.1293456243207974,1.9844674545084815,642635052140026.0,862807195888208.8,98.0,752721124014117.4,110086071874091.33,551957948548302.3,1.9844674545084815,8.343688081839854,8.75173137524338,98.0,8.547709728541617,0.20402164670176415,1.0229393024555293,1.9844674545084815,2.3782086904734427,2.4457868657488335,98.0,2.411997778111138,0.03378908763769544,0.16941430626348364,1.9844674545084815,99.0,0.3333333333333333,0.009268448755493656,0.02275856804917242,98.0,0.016013508402333038,0.006745059646839381,0.033818894816807464,1.9844674545084815,ExtraTreesRegressor,"{'mode': 'original', 'type': 'ExtraTreesRegressor'}",2,"['z_pe_T2W40', 'z_l2_T2W40']",0.09851357559542451,0.14953517913388412,98.0,0.12402437736465431,0.0255108017692298,0.1279080048061957,1.9844674545084815,3.40221401031774,3.4876731331992086,98.0,3.444943571758474,0.042729561440734566,0.21424073612301525,1.9844674545084815,completed,True,COMPLETE
236,2.802023325914378,2026-06-12 03:24:28.034180,2026-06-12 03:24:43.034668,0 days 00:00:15.000488,,,,,,17.0,log2,3.0,12.0,274.0,,,,,ExtraTreesRegressor,,,,,,2,,,,,,,,True,-0.0022659437380132073,0.006165781280625296,98.0,0.0019499187713060443,0.004215862509319252,0.021137813189183334,1.9844674545084815,2.776172523385098,2.827874128443658,98.0,2.802023325914378,0.02585080252928002,0.12961272656461056,1.9844674545084815,642517323412035.2,862709296613171.5,98.0,752613310012603.4,110095986600568.16,552007659760569.2,1.9844674545084815,8.343246640415966,8.751677362020288,98.0,8.547462001218127,0.20421536080216152,1.0239105609956878,1.9844674545084815,2.3762447482498184,2.444570782613763,98.0,2.4104077654317906,0.034163017181972385,0.17128914274958118,1.9844674545084815,99.0,0.32323232323232326,0.009931469277482355,0.023561816739103847,98.0,0.0167466430082931,0.006815173730810746,0.03417043816188604,1.9844674545084815,ExtraTreesRegressor,"{'mode': 'original', 'type': 'ExtraTreesRegressor'}",2,"['z_pe_T2W40', 'z_l2_T2W40']",0.09993863588227979,0.15126631055093903,98.0,0.12560247321660942,0.02566383733432963,0.12867530620163511,1.9844674545084815,3.4008833505876,3.486432296883174,98.0,3.443657823735387,0.04277447314778696,0.21446591786733973,1.9844674545084815,completed,True,COMPLETE
237,2.7994612794612794,2026-06-12 03:24:43.064374,2026-06-12 03:24:44.992744,0 days 00:00:01.928370,,,,,,,,,,,euclidean,20.0,uniform,,KNeighborsRegressor,,,,,,2,7.0,3.0,7.0,50.0,,,ExtraTrees,,-0.004792315447362477,0.010201978337198377,98.0,0.00270483144491795,0.007497146892280427,0.03758976724468162,1.9844674545084815,2.769911307643933,2.829011251278626,98.0,2.7994612794612794,0.02954997181734659,0.14815990384884828,1.9844674545084815,604784881201155.9,816553183014988.9,98.0,710669032108072.4,105884150906916.55,530890036527092.9,1.9844674545084815,8.327941407713876,8.649836370063898,98.0,8.488888888888887,0.16094748117501098,0.806970764067049,1.9844674545084815,2.390268516250063,2.4693274433458967,98.0,2.42979797979798,0.039529463547916935,0.1981958410876691,1.9844674545084815,99.0,0.41414141414141414,-0.0026673924965272214,0.024163470527517668,98.0,0.010748039015495222,0.013415431512022444,0.06726331433403485,1.9844674545084815,KNeighborsRegressor,"{'mode': 'proxy', 'type': 'ExtraTrees'}",2,"['z_re_T2W40', 'z_l2_T2W40']",0.13010947164242298,0.18288322037863575,98.0,0.15649634601052936,0.02638687436810638,0.13230052446125576,1.9844674545084815,3.4074001167296206,3.4956740062760856,98.0,3.451537061502853,0.044136944773232364,0.22129718208209195,1.9844674545084815,completed,True,COMPLETE
238,3.096,2026-06-12 03:24:45.012171,2026-06-12 03:24:45.356302,0 days 00:00:00.344131,,,,,,,,,,,euclidean,5.0,uniform,,KNeighborsRegressor,,,,,,2,7.0,3.0,7.0,50.0,,,ExtraTrees,,,,,,,,,,,,,,,,,,,,,,,,,,,,,,,,,,,,,,,,,,,,,,KNeighborsRegressor,"{'mode': 'proxy', 'type': 'ExtraTrees'}",2,"['z_re_T2W40', 'z_l2_T2W40']",,,,,,,,,,,,,,,pruned,True,PRUNED
239,2.7994612794612794,2026-06-12 03:24:45.366096,2026-06-12 03:24:47.271594,0 days 00:00:01.905498,,,,,,,,,,,euclidean,20.0,uniform,,KNeighborsRegressor,,,,,,2,7.0,3.0,7.0,50.0,,,ExtraTrees,,-0.004792315447362477,0.010201978337198377,98.0,0.00270483144491795,0.007497146892280427,0.03758976724468162,1.9844674545084815,2.769911307643933,2.829011251278626,98.0,2.7994612794612794,0.02954997181734659,0.14815990384884828,1.9844674545084815,604784881201155.9,816553183014988.9,98.0,710669032108072.4,105884150906916.55,530890036527092.9,1.9844674545084815,8.327941407713876,8.649836370063898,98.0,8.488888888888887,0.16094748117501098,0.806970764067049,1.9844674545084815,2.390268516250063,2.4693274433458967,98.0,2.42979797979798,0.039529463547916935,0.1981958410876691,1.9844674545084815,99.0,0.41414141414141414,-0.0026673924965272214,0.024163470527517668,98.0,0.010748039015495222,0.013415431512022444,0.06726331433403485,1.9844674545084815,KNeighborsRegressor,"{'mode': 'proxy', 'type': 'ExtraTrees'}",2,"['z_re_T2W40', 'z_l2_T2W40']",0.13010947164242298,0.18288322037863575,98.0,0.15649634601052936,0.02638687436810638,0.13230052446125576,1.9844674545084815,3.4074001167296206,3.4956740062760856,98.0,3.451537061502853,0.044136944773232364,0.22129718208209195,1.9844674545084815,completed,True,COMPLETE
240,2.844440016844191,2026-06-12 03:24:47.284618,2026-06-12 03:24:48.968364,0 days 00:00:01.683746,,,,0.0010191304818896125,0.7137261091541958,,,,,,,,,,ElasticNet,,,,,,2,,,,,,,,True,-0.017326367451550174,-0.00902287866224672,98.0,-0.013174623056898448,0.004151744394651728,0.020816332892591875,1.9844674545084815,2.8184634536318027,2.8704165800565793,98.0,2.844440016844191,0.025976563212388497,0.13024327507519762,1.9844674545084815,667381663231282.0,894420886373607.5,98.0,780901274802444.8,113519611571162.7,569173291917282.1,1.9844674545084815,8.013215869490251,8.28767030766632,98.0,8.150443088578285,0.13722721908803492,0.688040303767496,1.9844674545084815,2.448368582095937,2.516082984305517,98.0,2.482225783200727,0.0338572011047898,0.16975581876298415,1.9844674545084815,99.0,0.494949494949495,-0.017330695243452147,-0.0008526832482933181,98.0,-0.009091689245872732,0.008239005997579414,0.041309357042935445,1.9844674545084815,ElasticNet,"{'mode': 'original', 'type': 'ElasticNet'}",2,"['z_l1_T2W40', 'z_density_T2W40']",0.05956935936285508,0.11078582784477455,98.0,0.08517759360381481,0.025608234240959735,0.12839651916866252,1.9844674545084815,3.4479154659985474,3.525774074168659,98.0,3.486844770083603,0.03892930408505559,0.19518671577069288,1.9844674545084815,completed,True,COMPLETE
241,2.7994612794612794,2026-06-12 03:24:48.981014,2026-06-12 03:24:50.947518,0 days 00:00:01.966504,,,,,,,,,,,euclidean,20.0,uniform,,KNeighborsRegressor,,,,,,2,7.0,3.0,7.0,50.0,,,ExtraTrees,,-0.004792315447362477,0.010201978337198377,98.0,0.00270483144491795,0.007497146892280427,0.03758976724468162,1.9844674545084815,2.769911307643933,2.829011251278626,98.0,2.7994612794612794,0.02954997181734659,0.14815990384884828,1.9844674545084815,604784881201155.9,816553183014988.9,98.0,710669032108072.4,105884150906916.55,530890036527092.9,1.9844674545084815,8.327941407713876,8.649836370063898,98.0,8.488888888888887,0.16094748117501098,0.806970764067049,1.9844674545084815,2.390268516250063,2.4693274433458967,98.0,2.42979797979798,0.039529463547916935,0.1981958410876691,1.9844674545084815,99.0,0.41414141414141414,-0.0026673924965272214,0.024163470527517668,98.0,0.010748039015495222,0.013415431512022444,0.06726331433403485,1.9844674545084815,KNeighborsRegressor,"{'mode': 'proxy', 'type': 'ExtraTrees'}",2,"['z_re_T2W40', 'z_l2_T2W40']",0.13010947164242298,0.18288322037863575,98.0,0.15649634601052936,0.02638687436810638,0.13230052446125576,1.9844674545084815,3.4074001167296206,3.4956740062760856,98.0,3.451537061502853,0.044136944773232364,0.22129718208209195,1.9844674545084815,completed,True,COMPLETE
242,2.7994612794612794,2026-06-12 03:24:50.960807,2026-06-12 03:24:52.981813,0 days 00:00:02.021006,,,,,,,,,,,euclidean,20.0,uniform,,KNeighborsRegressor,,,,,,2,7.0,3.0,7.0,50.0,,,ExtraTrees,,-0.004792315447362477,0.010201978337198377,98.0,0.00270483144491795,0.007497146892280427,0.03758976724468162,1.9844674545084815,2.769911307643933,2.829011251278626,98.0,2.7994612794612794,0.02954997181734659,0.14815990384884828,1.9844674545084815,604784881201155.9,816553183014988.9,98.0,710669032108072.4,105884150906916.55,530890036527092.9,1.9844674545084815,8.327941407713876,8.649836370063898,98.0,8.488888888888887,0.16094748117501098,0.806970764067049,1.9844674545084815,2.390268516250063,2.4693274433458967,98.0,2.42979797979798,0.039529463547916935,0.1981958410876691,1.9844674545084815,99.0,0.41414141414141414,-0.0026673924965272214,0.024163470527517668,98.0,0.010748039015495222,0.013415431512022444,0.06726331433403485,1.9844674545084815,KNeighborsRegressor,"{'mode': 'proxy', 'type': 'ExtraTrees'}",2,"['z_re_T2W40', 'z_l2_T2W40']",0.13010947164242298,0.18288322037863575,98.0,0.15649634601052936,0.02638687436810638,0.13230052446125576,1.9844674545084815,3.4074001167296206,3.4956740062760856,98.0,3.451537061502853,0.044136944773232364,0.22129718208209195,1.9844674545084815,completed,True,COMPLETE
243,2.7994612794612794,2026-06-12 03:24:52.995110,2026-06-12 03:24:54.970607,0 days 00:00:01.975497,,,,,,,,,,,euclidean,20.0,uniform,,KNeighborsRegressor,,,,,,2,7.0,3.0,7.0,50.0,,,ExtraTrees,,-0.004792315447362477,0.010201978337198377,98.0,0.00270483144491795,0.007497146892280427,0.03758976724468162,1.9844674545084815,2.769911307643933,2.829011251278626,98.0,2.7994612794612794,0.02954997181734659,0.14815990384884828,1.9844674545084815,604784881201155.9,816553183014988.9,98.0,710669032108072.4,105884150906916.55,530890036527092.9,1.9844674545084815,8.327941407713876,8.649836370063898,98.0,8.488888888888887,0.16094748117501098,0.806970764067049,1.9844674545084815,2.390268516250063,2.4693274433458967,98.0,2.42979797979798,0.039529463547916935,0.1981958410876691,1.9844674545084815,99.0,0.41414141414141414,-0.0026673924965272214,0.024163470527517668,98.0,0.010748039015495222,0.013415431512022444,0.06726331433403485,1.9844674545084815,KNeighborsRegressor,"{'mode': 'proxy', 'type': 'ExtraTrees'}",2,"['z_re_T2W40', 'z_l2_T2W40']",0.13010947164242298,0.18288322037863575,98.0,0.15649634601052936,0.02638687436810638,0.13230052446125576,1.9844674545084815,3.4074001167296206,3.4956740062760856,98.0,3.451537061502853,0.044136944773232364,0.22129718208209195,1.9844674545084815,completed,True,COMPLETE
244,2.7994612794612794,2026-06-12 03:24:54.983543,2026-06-12 03:24:56.998404,0 days 00:00:02.014861,,,,,,,,,,,euclidean,20.0,uniform,,KNeighborsRegressor,,,,,,2,7.0,3.0,7.0,50.0,,,ExtraTrees,,-0.004792315447362477,0.010201978337198377,98.0,0.00270483144491795,0.007497146892280427,0.03758976724468162,1.9844674545084815,2.769911307643933,2.829011251278626,98.0,2.7994612794612794,0.02954997181734659,0.14815990384884828,1.9844674545084815,604784881201155.9,816553183014988.9,98.0,710669032108072.4,105884150906916.55,530890036527092.9,1.9844674545084815,8.327941407713876,8.649836370063898,98.0,8.488888888888887,0.16094748117501098,0.806970764067049,1.9844674545084815,2.390268516250063,2.4693274433458967,98.0,2.42979797979798,0.039529463547916935,0.1981958410876691,1.9844674545084815,99.0,0.41414141414141414,-0.0026673924965272214,0.024163470527517668,98.0,0.010748039015495222,0.013415431512022444,0.06726331433403485,1.9844674545084815,KNeighborsRegressor,"{'mode': 'proxy', 'type': 'ExtraTrees'}",2,"['z_re_T2W40', 'z_l2_T2W40']",0.13010947164242298,0.18288322037863575,98.0,0.15649634601052936,0.02638687436810638,0.13230052446125576,1.9844674545084815,3.4074001167296206,3.4956740062760856,98.0,3.451537061502853,0.044136944773232364,0.22129718208209195,1.9844674545084815,completed,True,COMPLETE
245,2.7994612794612794,2026-06-12 03:24:57.011501,2026-06-12 03:24:58.969771,0 days 00:00:01.958270,,,,,,,,,,,euclidean,20.0,uniform,,KNeighborsRegressor,,,,,,2,7.0,3.0,7.0,50.0,,,ExtraTrees,,-0.004792315447362477,0.010201978337198377,98.0,0.00270483144491795,0.007497146892280427,0.03758976724468162,1.9844674545084815,2.769911307643933,2.829011251278626,98.0,2.7994612794612794,0.02954997181734659,0.14815990384884828,1.9844674545084815,604784881201155.9,816553183014988.9,98.0,710669032108072.4,105884150906916.55,530890036527092.9,1.9844674545084815,8.327941407713876,8.649836370063898,98.0,8.488888888888887,0.16094748117501098,0.806970764067049,1.9844674545084815,2.390268516250063,2.4693274433458967,98.0,2.42979797979798,0.039529463547916935,0.1981958410876691,1.9844674545084815,99.0,0.41414141414141414,-0.0026673924965272214,0.024163470527517668,98.0,0.010748039015495222,0.013415431512022444,0.06726331433403485,1.9844674545084815,KNeighborsRegressor,"{'mode': 'proxy', 'type': 'ExtraTrees'}",2,"['z_re_T2W40', 'z_l2_T2W40']",0.13010947164242298,0.18288322037863575,98.0,0.15649634601052936,0.02638687436810638,0.13230052446125576,1.9844674545084815,3.4074001167296206,3.4956740062760856,98.0,3.451537061502853,0.044136944773232364,0.22129718208209195,1.9844674545084815,completed,True,COMPLETE
246,2.7994612794612794,2026-06-12 03:24:58.983194,2026-06-12 03:25:01.125306,0 days 00:00:02.142112,,,,,,,,,,,euclidean,20.0,uniform,,KNeighborsRegressor,,,,,,2,7.0,3.0,7.0,50.0,,,ExtraTrees,,-0.004792315447362477,0.010201978337198377,98.0,0.00270483144491795,0.007497146892280427,0.03758976724468162,1.9844674545084815,2.769911307643933,2.829011251278626,98.0,2.7994612794612794,0.02954997181734659,0.14815990384884828,1.9844674545084815,604784881201155.9,816553183014988.9,98.0,710669032108072.4,105884150906916.55,530890036527092.9,1.9844674545084815,8.327941407713876,8.649836370063898,98.0,8.488888888888887,0.16094748117501098,0.806970764067049,1.9844674545084815,2.390268516250063,2.4693274433458967,98.0,2.42979797979798,0.039529463547916935,0.1981958410876691,1.9844674545084815,99.0,0.41414141414141414,-0.0026673924965272214,0.024163470527517668,98.0,0.010748039015495222,0.013415431512022444,0.06726331433403485,1.9844674545084815,KNeighborsRegressor,"{'mode': 'proxy', 'type': 'ExtraTrees'}",2,"['z_re_T2W40', 'z_l2_T2W40']",0.13010947164242298,0.18288322037863575,98.0,0.15649634601052936,0.02638687436810638,0.13230052446125576,1.9844674545084815,3.4074001167296206,3.4956740062760856,98.0,3.451537061502853,0.044136944773232364,0.22129718208209195,1.9844674545084815,completed,True,COMPLETE
