number,value,datetime_start,datetime_complete,duration,params_dt_max_depth,params_dt_min_samples_leaf,params_dt_min_samples_split,params_elastic_alpha,params_elastic_l1_ratio,params_et_max_depth,params_et_max_features,params_et_min_samples_leaf,params_et_min_samples_split,params_et_n_estimators,params_knn_metric,params_knn_n_neighbors,params_knn_weights,params_quantile_alpha,params_regressor,params_rf_max_depth,params_rf_max_features,params_rf_min_samples_leaf,params_rf_min_samples_split,params_rf_n_estimators,params_rfe_n_features,params_rfe_proxy_et_max_depth,params_rfe_proxy_et_min_samples_leaf,params_rfe_proxy_et_min_samples_split,params_rfe_proxy_et_n_estimators,params_rfe_proxy_lsvr_C,params_rfe_proxy_lsvr_epsilon,params_rfe_proxy_type,params_use_scaler,user_attrs_d2mae_ci_lower_val,user_attrs_d2mae_ci_upper_val,user_attrs_d2mae_df_val,user_attrs_d2mae_mean_val,user_attrs_d2mae_samperror_val,user_attrs_d2mae_std_val,user_attrs_d2mae_t_critical_val,user_attrs_mae_ci_lower_val,user_attrs_mae_ci_upper_val,user_attrs_mae_df_val,user_attrs_mae_mean_val,user_attrs_mae_samperror_val,user_attrs_mae_std_val,user_attrs_mae_t_critical_val,user_attrs_mape_ci_lower_val,user_attrs_mape_ci_upper_val,user_attrs_mape_df_val,user_attrs_mape_mean_val,user_attrs_mape_samperror_val,user_attrs_mape_std_val,user_attrs_mape_t_critical_val,user_attrs_max_error_ci_lower_val,user_attrs_max_error_ci_upper_val,user_attrs_max_error_df_val,user_attrs_max_error_mean_val,user_attrs_max_error_samperror_val,user_attrs_max_error_std_val,user_attrs_max_error_t_critical_val,user_attrs_median_ae_ci_lower_val,user_attrs_median_ae_ci_upper_val,user_attrs_median_ae_df_val,user_attrs_median_ae_mean_val,user_attrs_median_ae_samperror_val,user_attrs_median_ae_std_val,user_attrs_median_ae_t_critical_val,user_attrs_n_splits_val,user_attrs_r2_below_zero_val,user_attrs_r2_ci_lower_val,user_attrs_r2_ci_upper_val,user_attrs_r2_df_val,user_attrs_r2_mean_val,user_attrs_r2_samperror_val,user_attrs_r2_std_val,user_attrs_r2_t_critical_val,user_attrs_regressor_final,user_attrs_rfe_estimator,user_attrs_rfe_n_features,user_attrs_rfe_selected_features,user_attrs_rho_ci_lower_val,user_attrs_rho_ci_upper_val,user_attrs_rho_df_val,user_attrs_rho_mean_val,user_attrs_rho_samperror_val,user_attrs_rho_std_val,user_attrs_rho_t_critical_val,user_attrs_rmse_ci_lower_val,user_attrs_rmse_ci_upper_val,user_attrs_rmse_df_val,user_attrs_rmse_mean_val,user_attrs_rmse_samperror_val,user_attrs_rmse_std_val,user_attrs_rmse_t_critical_val,user_attrs_termination_reason,user_attrs_use_scaler_final,state
129,2.803784548560337,2026-06-12 03:00:16.483856,2026-06-12 03:00:32.411402,0 days 00:00:15.927546,,,,,,13.0,sqrt,3.0,9.0,308.0,,,,,ExtraTreesRegressor,,,,,,2,,,,,,,,True,-0.003049513664926274,0.005688216700297828,98.0,0.001319351517685777,0.004368865182612051,0.021904949669170455,1.9844674545084815,2.777771328757029,2.829797768363645,98.0,2.803784548560337,0.026013219803308004,0.13042706668825332,1.9844674545084815,642579809163729.0,862848166334495.5,98.0,752713987749112.2,110134178585383.23,552199149648714.5,1.9844674545084815,8.351338638762499,8.761273582183101,98.0,8.5563061104728,0.20496747171030164,1.0276815520654083,1.9844674545084815,2.3755078858332683,2.4437397051900507,98.0,2.4096237955116595,0.034115909678391045,0.17105295155304426,1.9844674545084815,99.0,0.3434343434343434,0.008070957292167561,0.022150698889027653,98.0,0.015110828090597607,0.007039870798430045,0.03529704146761409,1.9844674545084815,ExtraTreesRegressor,"{'mode': 'original', 'type': 'ExtraTreesRegressor'}",2,"['z_pe_T2W40', 'z_l2_T2W40']",0.1019349693868055,0.15317083007962762,98.0,0.12755289973321657,0.02561793034641106,0.1284451342421474,1.9844674545084815,3.403512407551181,3.4895232954667494,98.0,3.446517851508965,0.043005443957784294,0.21562397694139301,1.9844674545084815,completed,True,COMPLETE
130,2.8033014377540053,2026-06-12 03:00:32.429473,2026-06-12 03:00:48.166199,0 days 00:00:15.736726,,,,,,14.0,sqrt,3.0,10.0,305.0,,,,,ExtraTreesRegressor,,,,,,2,,,,,,,,True,-0.002787371949646352,0.005779364236803194,98.0,0.0014959961435784207,0.004283368093224773,0.021476277837560124,1.9844674545084815,2.7773515116196728,2.829251363888338,98.0,2.8033014377540053,0.025949926134332637,0.13010972006039204,1.9844674545084815,642781755717955.8,862975518315325.2,98.0,752878637016640.5,110096881298684.78,552012145666266.6,1.9844674545084815,8.345234283038483,8.755008901850822,98.0,8.550121592444652,0.20488730940616856,1.0272796281872378,1.9844674545084815,2.37829385142363,2.4463294957255717,98.0,2.412311673574601,0.034017822150970795,0.17056115282236578,1.9844674545084815,99.0,0.3434343434343434,0.008762711617752402,0.022647055779478363,98.0,0.015704883698615384,0.006942172080862981,0.03480719218145014,1.9844674545084815,ExtraTreesRegressor,"{'mode': 'original', 'type': 'ExtraTreesRegressor'}",2,"['z_pe_T2W40', 'z_l2_T2W40']",0.1008596208962168,0.1522395367976624,98.0,0.1265495788469396,0.025689957950722795,0.12880627174154174,1.9844674545084815,3.4025319978071122,3.4884690125704525,98.0,3.4455005051887824,0.04296850738167027,0.21543878151720156,1.9844674545084815,completed,True,COMPLETE
131,2.8033014377540053,2026-06-12 03:00:48.183871,2026-06-12 03:01:03.902459,0 days 00:00:15.718588,,,,,,14.0,sqrt,3.0,10.0,305.0,,,,,ExtraTreesRegressor,,,,,,2,,,,,,,,True,-0.002787371949646352,0.005779364236803194,98.0,0.0014959961435784207,0.004283368093224773,0.021476277837560124,1.9844674545084815,2.7773515116196728,2.829251363888338,98.0,2.8033014377540053,0.025949926134332637,0.13010972006039204,1.9844674545084815,642781755717955.8,862975518315325.2,98.0,752878637016640.5,110096881298684.78,552012145666266.6,1.9844674545084815,8.345234283038483,8.755008901850822,98.0,8.550121592444652,0.20488730940616856,1.0272796281872378,1.9844674545084815,2.37829385142363,2.4463294957255717,98.0,2.412311673574601,0.034017822150970795,0.17056115282236578,1.9844674545084815,99.0,0.3434343434343434,0.008762711617752402,0.022647055779478363,98.0,0.015704883698615384,0.006942172080862981,0.03480719218145014,1.9844674545084815,ExtraTreesRegressor,"{'mode': 'original', 'type': 'ExtraTreesRegressor'}",2,"['z_pe_T2W40', 'z_l2_T2W40']",0.1008596208962168,0.1522395367976624,98.0,0.1265495788469396,0.025689957950722795,0.12880627174154174,1.9844674545084815,3.4025319978071122,3.4884690125704525,98.0,3.4455005051887824,0.04296850738167027,0.21543878151720156,1.9844674545084815,completed,True,COMPLETE
132,2.803158402016777,2026-06-12 03:01:03.915409,2026-06-12 03:01:19.634643,0 days 00:00:15.719234,,,,,,14.0,sqrt,3.0,10.0,302.0,,,,,ExtraTreesRegressor,,,,,,2,,,,,,,,True,-0.0027408185239490125,0.005834609678440039,98.0,0.0015468955772455128,0.004287714101194526,0.021498068183991085,1.9844674545084815,2.7772050704398104,2.8291117335937437,98.0,2.803158402016777,0.025953331576966564,0.13012679452856155,1.9844674545084815,642742697949661.5,862926449806720.2,98.0,752834573878190.9,110091875928529.31,551987049359388.7,1.9844674545084815,8.34545645653913,8.755532501910468,98.0,8.550494479224799,0.20503802268566806,1.0280352859299056,1.9844674545084815,2.3779905839780917,2.445959500105061,98.0,2.4119750420415764,0.03398445806348454,0.17039386941429613,1.9844674545084815,99.0,0.3434343434343434,0.008857638912403747,0.022752846675754074,98.0,0.01580524279407891,0.006947603881675163,0.034834426558898395,1.9844674545084815,ExtraTreesRegressor,"{'mode': 'original', 'type': 'ExtraTreesRegressor'}",2,"['z_pe_T2W40', 'z_l2_T2W40']",0.10107866660138265,0.1525178583567417,98.0,0.12679826247906217,0.02571959587767953,0.1289548726415809,1.9844674545084815,3.4023604174497826,3.4882817411271767,98.0,3.4453210792884796,0.04296066183869703,0.21539944493509777,1.9844674545084815,completed,True,COMPLETE
133,2.8032075595954233,2026-06-12 03:01:19.652224,2026-06-12 03:01:35.193327,0 days 00:00:15.541103,,,,,,15.0,sqrt,3.0,10.0,303.0,,,,,ExtraTreesRegressor,,,,,,2,,,,,,,,True,-0.0027659938320370924,0.00582585539500077,98.0,0.0015299307814818392,0.004295924613518931,0.02153923467728092,1.9844674545084815,2.7772377392889562,2.8291773799018904,98.0,2.8032075595954233,0.02596982030646717,0.13020946697889413,1.9844674545084815,642647552672396.4,862794683870331.1,98.0,752721118271363.8,110073565598967.39,551895243631650.5,1.9844674545084815,8.34580482390733,8.75566541080276,98.0,8.550735117355044,0.20493029344771593,1.0274951448551406,1.9844674545084815,2.377965366550389,2.4460233547927928,98.0,2.411994360671591,0.03402899412120192,0.17061716769931654,1.9844674545084815,99.0,0.3434343434343434,0.008784806641984416,0.022713586504537565,98.0,0.01574919657326099,0.006964389931276575,0.03491858973544286,1.9844674545084815,ExtraTreesRegressor,"{'mode': 'original', 'type': 'ExtraTreesRegressor'}",2,"['z_pe_T2W40', 'z_l2_T2W40']",0.10078587109246809,0.15249322323226996,98.0,0.12663954716236903,0.025853676069900945,0.12962713414187438,1.9844674545084815,3.4024427606791665,3.488395669847126,98.0,3.445419215263146,0.042976454583979556,0.21547862780664265,1.9844674545084815,completed,True,COMPLETE
134,2.8078220290022973,2026-06-12 03:01:35.205823,2026-06-12 03:01:50.712961,0 days 00:00:15.507138,,,,,,15.0,sqrt,3.0,10.0,304.0,,,,,ExtraTreesRegressor,,,,,,3,,,,,,,,True,-0.0035253092348045308,0.0033058203321559357,98.0,-0.00010974445132429753,0.0034155647834802332,0.017125219375433702,1.9844674545084815,2.7827187529284374,2.832925305076157,98.0,2.8078220290022973,0.025103276073860037,0.12586472137380764,1.9844674545084815,650169485068165.4,872652117060927.4,98.0,761410801064546.4,111241315996380.95,557750199692850.0,1.9844674545084815,8.191270944479868,8.527860674510624,98.0,8.359565809495246,0.1682948650153783,0.8438096378926538,1.9844674545084815,2.3663273447336137,2.4252955935724354,98.0,2.3958114691530246,0.029484124419411024,0.14782975313983462,1.9844674545084815,99.0,0.25252525252525254,0.011754192742253698,0.021497845818329045,98.0,0.016626019280291372,0.004871826538037674,0.02442673569726414,1.9844674545084815,ExtraTreesRegressor,"{'mode': 'original', 'type': 'ExtraTreesRegressor'}",3,"['z_re_T2W40', 'z_pe_T2W40', 'z_l2_T2W40']",0.08336632931805471,0.13309681850549107,98.0,0.10823157391177289,0.024865244593718177,0.12467126097293799,1.9844674545084815,3.402883454528854,3.484648561211697,98.0,3.4437660078702756,0.040882553341421636,0.20498006595744822,1.9844674545084815,completed,True,COMPLETE
135,2.8028474095760414,2026-06-12 03:01:50.801082,2026-06-12 03:02:05.295852,0 days 00:00:14.494770,,,,,,15.0,sqrt,3.0,10.0,278.0,,,,,ExtraTreesRegressor,,,,,,2,,,,,,,,True,-0.0026725558809713376,0.005985401052742232,98.0,0.001656422585885447,0.004328978466856785,0.021704962609701332,1.9844674545084815,2.7768573485476,2.828837470604483,98.0,2.8028474095760414,0.025990061028441657,0.1303109514554313,1.9844674545084815,642024904624345.9,862011957673526.9,98.0,752018431148936.4,109993526524590.53,551493937612236.2,1.9844674545084815,8.346301498040827,8.757172143430008,98.0,8.551736820735417,0.20543532269459144,1.0300272990352,1.9844674545084815,2.3786262947019345,2.446557543209564,98.0,2.412591918955749,0.03396562425381476,0.17029943902204298,1.9844674545084815,99.0,0.3434343434343434,0.008949112237272547,0.02303249344078814,98.0,0.015990802839030344,0.007041690601757797,0.03530616573641983,1.9844674545084815,ExtraTreesRegressor,"{'mode': 'original', 'type': 'ExtraTreesRegressor'}",2,"['z_pe_T2W40', 'z_l2_T2W40']",0.10142742209540262,0.15296757219150736,98.0,0.127197497143455,0.02577007504805237,0.12920796895839087,1.9844674545084815,3.4019798185745946,3.4879833471644455,98.0,3.44498158286952,0.0430017642949252,0.21560552756693102,1.9844674545084815,completed,True,COMPLETE
136,2.802535452007742,2026-06-12 03:02:05.313955,2026-06-12 03:02:20.116315,0 days 00:00:14.802360,,,,,,15.0,log2,3.0,10.0,271.0,,,,,ExtraTreesRegressor,,,,,,2,,,,,,,,True,-0.0025285290050121234,0.006067385281872273,98.0,0.0017694281384300749,0.004297957143442198,0.021549425530925807,1.9844674545084815,2.7765625851216758,2.8285083188938085,98.0,2.802535452007742,0.02597286688606631,0.13022474215219268,1.9844674545084815,642291857930905.6,862379171917937.4,98.0,752335514924421.5,110043656993515.84,551745285583116.8,1.9844674545084815,8.34345130322349,8.752945627932212,98.0,8.548198465577851,0.20474716235436008,1.026576948203345,1.9844674545084815,2.3792413443357576,2.4469482431856475,98.0,2.4130947937607026,0.03385344942494488,0.1697370083042625,1.9844674545084815,99.0,0.3434343434343434,0.00928183886618409,0.023254670989136278,98.0,0.016268254927660184,0.006986416061476093,0.035029026027994827,1.9844674545084815,ExtraTreesRegressor,"{'mode': 'original', 'type': 'ExtraTreesRegressor'}",2,"['z_pe_T2W40', 'z_l2_T2W40']",0.10176529287222358,0.15322025617000729,98.0,0.12749277452111543,0.025727481648891853,0.12899441092309985,1.9844674545084815,3.4015460723357096,3.487449582955241,98.0,3.4444978276454754,0.04295175530976558,0.21535478870062597,1.9844674545084815,completed,True,COMPLETE
137,2.8027610097807525,2026-06-12 03:02:20.135038,2026-06-12 03:02:34.875107,0 days 00:00:14.740069,,,,,,15.0,log2,3.0,10.0,269.0,,,,,ExtraTreesRegressor,,,,,,2,,,,,,,,True,-0.002602206215892141,0.005980283075655817,98.0,0.001689038429881838,0.004291244645773979,0.021515769897842426,1.9844674545084815,2.776796669097025,2.82872535046448,98.0,2.8027610097807525,0.02596434068372753,0.1301819928282164,1.9844674545084815,642496322324283.2,862617978538612.0,98.0,752557150431447.6,110060828107164.4,551831379423167.6,1.9844674545084815,8.343012439211547,8.752085609827498,98.0,8.547549024519522,0.20453658530797558,1.025521140937675,1.9844674545084815,2.379674129665491,2.447344329307494,98.0,2.4135092294864924,0.033835099821001725,0.16964500565963442,1.9844674545084815,99.0,0.3434343434343434,0.009111237891382374,0.02306430448329691,98.0,0.01608777118733964,0.006976533295957267,0.03497947506401826,1.9844674545084815,ExtraTreesRegressor,"{'mode': 'original', 'type': 'ExtraTreesRegressor'}",2,"['z_pe_T2W40', 'z_l2_T2W40']",0.1004336336816763,0.15192073966598685,98.0,0.12617718667383157,0.025743552992155274,0.129074990650463,1.9844674545084815,3.4018688141390516,3.4877578244091545,98.0,3.444813319274103,0.0429445051350514,0.21531843722133592,1.9844674545084815,completed,True,COMPLETE
138,2.8025541975098096,2026-06-12 03:02:34.887710,2026-06-12 03:02:49.767026,0 days 00:00:14.879316,,,,,,15.0,log2,3.0,11.0,273.0,,,,,ExtraTreesRegressor,,,,,,2,,,,,,,,True,-0.002491364964734474,0.0060281563864551975,98.0,0.0017683957108603615,0.004259760675594836,0.02135791316541117,1.9844674545084815,2.7765589662619425,2.8285494287576767,98.0,2.8025541975098096,0.02599523124786706,0.13033687429615956,1.9844674545084815,642434077301643.0,862518665919565.5,98.0,752476371610604.2,110042294308961.23,551738453251301.6,1.9844674545084815,8.34275785086018,8.752422178113305,98.0,8.547590014486742,0.20483216362656206,1.0270031340689127,1.9844674545084815,2.3797890358825944,2.446940291966343,98.0,2.413364663924469,0.03357562804187455,0.16834404625146315,1.9844674545084815,99.0,0.32323232323232326,0.009539940915977093,0.023431782726346145,98.0,0.01648586182116162,0.006945920905184526,0.03482598832293073,1.9844674545084815,ExtraTreesRegressor,"{'mode': 'original', 'type': 'ExtraTreesRegressor'}",2,"['z_pe_T2W40', 'z_l2_T2W40']",0.0991802721682494,0.15035738862858727,98.0,0.12476883039841834,0.02558855823016893,0.1282978660841549,1.9844674545084815,3.4011749128944824,3.487094329438078,98.0,3.44413462116628,0.04295970827179799,0.21539466386860645,1.9844674545084815,completed,True,COMPLETE
139,2.8029536367630032,2026-06-12 03:02:49.779519,2026-06-12 03:03:04.280076,0 days 00:00:14.500557,,,,,,15.0,log2,3.0,11.0,265.0,,,,,ExtraTreesRegressor,,,,,,2,,,,,,,,True,-0.0026040068985904515,0.005856375296140892,98.0,0.00162618419877522,0.004230191097365671,0.021209654957438456,1.9844674545084815,2.7769912731968156,2.828916000329191,98.0,2.8029536367630032,0.025962363566187592,0.13017207980540793,1.9844674545084815,642895692859512.8,863162430747209.2,98.0,753029061803361.0,110133368943848.28,552195090206197.56,1.9844674545084815,8.33975286780308,8.7478948487131,98.0,8.54382385825809,0.20407099045501012,1.0231867059312976,1.9844674545084815,2.38073587365724,2.447740161444185,98.0,2.4142380175507125,0.033502143893472745,0.16797560582015167,1.9844674545084815,99.0,0.32323232323232326,0.009460071648203595,0.023237151377180916,98.0,0.016348611512692256,0.00688853986448866,0.03453828688196842,1.9844674545084815,ExtraTreesRegressor,"{'mode': 'original', 'type': 'ExtraTreesRegressor'}",2,"['z_pe_T2W40', 'z_l2_T2W40']",0.09742738837429404,0.14884040188751083,98.0,0.12313389513090243,0.025706506756608388,0.1288892454074382,1.9844674545084815,3.4014580202981137,3.487298779841273,98.0,3.4443784000696933,0.04292037977157972,0.21519747563279779,1.9844674545084815,completed,True,COMPLETE
140,2.80269872347576,2026-06-12 03:03:04.292694,2026-06-12 03:03:19.050526,0 days 00:00:14.757832,,,,,,15.0,log2,3.0,11.0,267.0,,,,,ExtraTreesRegressor,,,,,,2,,,,,,,,True,-0.0025146737413006435,0.005949545136913045,98.0,0.0017174356978062006,0.004232109439106844,0.021219273285661516,1.9844674545084815,2.7767309872331674,2.828666459718353,98.0,2.80269872347576,0.025967736242592583,0.13019901774039125,1.9844674545084815,642840815017906.2,863069019353497.8,98.0,752954917185702.0,110114102167795.75,552098488974052.0,1.9844674545084815,8.340642623505833,8.748662919156324,98.0,8.544652771331078,0.20401014782524557,1.0228816485108863,1.9844674545084815,2.380881229960567,2.4477132197664093,98.0,2.414297224863488,0.03341599490292119,0.16754366543673305,1.9844674545084815,99.0,0.32323232323232326,0.009565354052545879,0.02334430729317283,98.0,0.016454830672859355,0.006889476620313476,0.03454298365981283,1.9844674545084815,ExtraTreesRegressor,"{'mode': 'original', 'type': 'ExtraTreesRegressor'}",2,"['z_pe_T2W40', 'z_l2_T2W40']",0.09839373898330905,0.1500554668873372,98.0,0.12422460293532313,0.025830863952014078,0.12951275700427173,1.9844674545084815,3.401271975491807,3.487114582091629,98.0,3.444193278791718,0.04292130329991124,0.21520210608962684,1.9844674545084815,completed,True,COMPLETE
141,2.803287010242637,2026-06-12 03:03:19.063227,2026-06-12 03:03:33.306783,0 days 00:00:14.243556,,,,,,15.0,log2,3.0,11.0,257.0,,,,,ExtraTreesRegressor,,,,,,2,,,,,,,,True,-0.0027371328203179045,0.005749194277160999,98.0,0.0015060307284215475,0.004243163548739452,0.021274697224148674,1.9844674545084815,2.7773227550600974,2.8292512654251767,98.0,2.803287010242637,0.02596425518253986,0.1301815641358365,1.9844674545084815,642653048284805.5,862758116512383.2,98.0,752705582398594.4,110052534113788.84,551789794366212.5,1.9844674545084815,8.342633346934798,8.751371848338659,98.0,8.547002597636729,0.20436925070193085,1.024682145919493,1.9844674545084815,2.3812978012480412,2.4481752670727133,98.0,2.4147365341603773,0.03343873291233594,0.1676576710036225,1.9844674545084815,99.0,0.3333333333333333,0.009073062413726091,0.022903878597897446,98.0,0.01598847050581177,0.006915408092085678,0.034673000851984,1.9844674545084815,ExtraTreesRegressor,"{'mode': 'original', 'type': 'ExtraTreesRegressor'}",2,"['z_pe_T2W40', 'z_l2_T2W40']",0.09681003603382378,0.14836482549199978,98.0,0.12258743076291177,0.025777394729087997,0.1292446689337799,1.9844674545084815,3.402074828957841,3.487926209188122,98.0,3.4450005190729813,0.04292569011514056,0.21522410103861006,1.9844674545084815,completed,True,COMPLETE
142,2.803617447024762,2026-06-12 03:03:33.319524,2026-06-12 03:03:47.177710,0 days 00:00:13.858186,,,,,,15.0,log2,3.0,11.0,248.0,,,,,ExtraTreesRegressor,,,,,,2,,,,,,,,True,-0.00279408201402641,0.005574521417790317,98.0,0.0013902197018819532,0.0041843017159083635,0.020979571274569883,1.9844674545084815,2.777698669957849,2.829536224091675,98.0,2.803617447024762,0.02591877706691273,0.12995354248897364,1.9844674545084815,642958895283813.0,863166963970427.0,98.0,753062929627120.0,110104034343307.06,552048010147289.4,1.9844674545084815,8.341889351063136,8.749851109928661,98.0,8.545870230495899,0.20398087943276344,1.0227349004109973,1.9844674545084815,2.382323537862372,2.4485050056969007,98.0,2.4154142717796363,0.03309073391726447,0.16591284708406065,1.9844674545084815,99.0,0.3434343434343434,0.008911764171934535,0.02252423908569683,98.0,0.015718001628815682,0.006806237456881148,0.03412563278967248,1.9844674545084815,ExtraTreesRegressor,"{'mode': 'original', 'type': 'ExtraTreesRegressor'}",2,"['z_pe_T2W40', 'z_l2_T2W40']",0.09663819617633944,0.1477909092952729,98.0,0.12221455273580617,0.02557635655946673,0.12823668841639915,1.9844674545084815,3.4026131240427473,3.488361609353979,98.0,3.445487366698363,0.04287424265561594,0.21496614983975443,1.9844674545084815,completed,True,COMPLETE
