number,value,datetime_start,datetime_complete,duration,params_dt_max_depth,params_dt_min_samples_leaf,params_dt_min_samples_split,params_elastic_alpha,params_elastic_l1_ratio,params_et_max_depth,params_et_max_features,params_et_min_samples_leaf,params_et_min_samples_split,params_et_n_estimators,params_knn_metric,params_knn_n_neighbors,params_knn_weights,params_quantile_alpha,params_regressor,params_rf_max_depth,params_rf_max_features,params_rf_min_samples_leaf,params_rf_min_samples_split,params_rf_n_estimators,params_rfe_n_features,params_rfe_proxy_et_max_depth,params_rfe_proxy_et_min_samples_leaf,params_rfe_proxy_et_min_samples_split,params_rfe_proxy_et_n_estimators,params_rfe_proxy_lsvr_C,params_rfe_proxy_lsvr_epsilon,params_rfe_proxy_type,params_use_scaler,user_attrs_d2mae_ci_lower_val,user_attrs_d2mae_ci_upper_val,user_attrs_d2mae_df_val,user_attrs_d2mae_mean_val,user_attrs_d2mae_samperror_val,user_attrs_d2mae_std_val,user_attrs_d2mae_t_critical_val,user_attrs_mae_ci_lower_val,user_attrs_mae_ci_upper_val,user_attrs_mae_df_val,user_attrs_mae_mean_val,user_attrs_mae_samperror_val,user_attrs_mae_std_val,user_attrs_mae_t_critical_val,user_attrs_mape_ci_lower_val,user_attrs_mape_ci_upper_val,user_attrs_mape_df_val,user_attrs_mape_mean_val,user_attrs_mape_samperror_val,user_attrs_mape_std_val,user_attrs_mape_t_critical_val,user_attrs_max_error_ci_lower_val,user_attrs_max_error_ci_upper_val,user_attrs_max_error_df_val,user_attrs_max_error_mean_val,user_attrs_max_error_samperror_val,user_attrs_max_error_std_val,user_attrs_max_error_t_critical_val,user_attrs_median_ae_ci_lower_val,user_attrs_median_ae_ci_upper_val,user_attrs_median_ae_df_val,user_attrs_median_ae_mean_val,user_attrs_median_ae_samperror_val,user_attrs_median_ae_std_val,user_attrs_median_ae_t_critical_val,user_attrs_n_splits_val,user_attrs_r2_below_zero_val,user_attrs_r2_ci_lower_val,user_attrs_r2_ci_upper_val,user_attrs_r2_df_val,user_attrs_r2_mean_val,user_attrs_r2_samperror_val,user_attrs_r2_std_val,user_attrs_r2_t_critical_val,user_attrs_regressor_final,user_attrs_rfe_estimator,user_attrs_rfe_n_features,user_attrs_rfe_selected_features,user_attrs_rho_ci_lower_val,user_attrs_rho_ci_upper_val,user_attrs_rho_df_val,user_attrs_rho_mean_val,user_attrs_rho_samperror_val,user_attrs_rho_std_val,user_attrs_rho_t_critical_val,user_attrs_rmse_ci_lower_val,user_attrs_rmse_ci_upper_val,user_attrs_rmse_df_val,user_attrs_rmse_mean_val,user_attrs_rmse_samperror_val,user_attrs_rmse_std_val,user_attrs_rmse_t_critical_val,user_attrs_termination_reason,user_attrs_use_scaler_final,state
41,2.8087542087542094,2026-06-12 02:46:53.389866,2026-06-12 02:46:55.487223,0 days 00:00:02.097357,,,,,,,,,,,,,,1.91586447344442,QuantileRegressor,,,,,,5,,,,,,,,False,-0.0009331355682963278,0.00012430831312870661,98.0,-0.0004044136275838106,0.0005287219407125172,0.002650946416563353,1.9844674545084815,2.7849467735529934,2.8325616439554255,98.0,2.8087542087542094,0.02380743520121607,0.11936753551247853,1.9844674545084815,608805169475213.9,816576530769995.1,98.0,712690850122604.5,103885680647390.62,520869953823584.9,1.9844674545084815,8.727991855320967,9.049785922456811,98.0,8.88888888888889,0.16089703356792168,0.8067178260046389,1.9844674545084815,2.2959895660805363,2.491889221798252,98.0,2.393939393939394,0.09794982785885767,0.4911083221088062,1.9844674545084815,99.0,1.0,-0.037483843968863534,-0.033183157484501485,98.0,-0.03533350072668251,0.002150343242181023,0.010781555054361772,1.9844674545084815,QuantileRegressor,"{'mode': 'original', 'type': 'QuantileRegressor'}",5,"['z_l3_T2W40', 'z_lsc_T2W40', 'z_density_T2W40', 'z_diameter_T2W40', 'z_asp_T2W40']",,,,,,,,3.4925577655390954,3.575019515589782,98.0,3.5337886405644388,0.04123087502534345,0.20672650779899443,1.9844674545084815,completed,False,COMPLETE
42,2.8087542087542094,2026-06-12 02:46:55.500179,2026-06-12 02:46:57.720776,0 days 00:00:02.220597,,,,,,,,,,,,,,9.826163478636927,QuantileRegressor,,,,,,6,,,,,,,,False,-0.0009331355682963278,0.00012430831312870661,98.0,-0.0004044136275838106,0.0005287219407125172,0.002650946416563353,1.9844674545084815,2.7849467735529934,2.8325616439554255,98.0,2.8087542087542094,0.02380743520121607,0.11936753551247853,1.9844674545084815,608805169475213.9,816576530769995.1,98.0,712690850122604.5,103885680647390.62,520869953823584.9,1.9844674545084815,8.727991855320967,9.049785922456811,98.0,8.88888888888889,0.16089703356792168,0.8067178260046389,1.9844674545084815,2.2959895660805363,2.491889221798252,98.0,2.393939393939394,0.09794982785885767,0.4911083221088062,1.9844674545084815,99.0,1.0,-0.037483843968863534,-0.033183157484501485,98.0,-0.03533350072668251,0.002150343242181023,0.010781555054361772,1.9844674545084815,QuantileRegressor,"{'mode': 'original', 'type': 'QuantileRegressor'}",6,"['z_l2_T2W40', 'z_l3_T2W40', 'z_lsc_T2W40', 'z_density_T2W40', 'z_diameter_T2W40', 'z_asp_T2W40']",,,,,,,,3.4925577655390954,3.575019515589782,98.0,3.5337886405644388,0.04123087502534345,0.20672650779899443,1.9844674545084815,completed,False,COMPLETE
43,2.8087542087542094,2026-06-12 02:46:57.732965,2026-06-12 02:46:59.976804,0 days 00:00:02.243839,,,,,,,,,,,,,,0.9148123318887017,QuantileRegressor,,,,,,5,,,,,,,,False,-0.0009331355682963278,0.00012430831312870661,98.0,-0.0004044136275838106,0.0005287219407125172,0.002650946416563353,1.9844674545084815,2.7849467735529934,2.8325616439554255,98.0,2.8087542087542094,0.02380743520121607,0.11936753551247853,1.9844674545084815,608805169475213.9,816576530769995.1,98.0,712690850122604.5,103885680647390.62,520869953823584.9,1.9844674545084815,8.727991855320967,9.049785922456811,98.0,8.88888888888889,0.16089703356792168,0.8067178260046389,1.9844674545084815,2.2959895660805363,2.491889221798252,98.0,2.393939393939394,0.09794982785885767,0.4911083221088062,1.9844674545084815,99.0,1.0,-0.037483843968863534,-0.033183157484501485,98.0,-0.03533350072668251,0.002150343242181023,0.010781555054361772,1.9844674545084815,QuantileRegressor,"{'mode': 'original', 'type': 'QuantileRegressor'}",5,"['z_l3_T2W40', 'z_lsc_T2W40', 'z_density_T2W40', 'z_diameter_T2W40', 'z_asp_T2W40']",,,,,,,,3.4925577655390954,3.575019515589782,98.0,3.5337886405644388,0.04123087502534345,0.20672650779899443,1.9844674545084815,completed,False,COMPLETE
44,2.8087542087542094,2026-06-12 02:46:59.989685,2026-06-12 02:47:02.171210,0 days 00:00:02.181525,,,,,,,,,,,,,,3.206526793907659,QuantileRegressor,,,,,,4,,,,,,,,False,-0.0009331355682963278,0.00012430831312870661,98.0,-0.0004044136275838106,0.0005287219407125172,0.002650946416563353,1.9844674545084815,2.7849467735529934,2.8325616439554255,98.0,2.8087542087542094,0.02380743520121607,0.11936753551247853,1.9844674545084815,608805169475213.9,816576530769995.1,98.0,712690850122604.5,103885680647390.62,520869953823584.9,1.9844674545084815,8.727991855320967,9.049785922456811,98.0,8.88888888888889,0.16089703356792168,0.8067178260046389,1.9844674545084815,2.2959895660805363,2.491889221798252,98.0,2.393939393939394,0.09794982785885767,0.4911083221088062,1.9844674545084815,99.0,1.0,-0.037483843968863534,-0.033183157484501485,98.0,-0.03533350072668251,0.002150343242181023,0.010781555054361772,1.9844674545084815,QuantileRegressor,"{'mode': 'original', 'type': 'QuantileRegressor'}",4,"['z_lsc_T2W40', 'z_density_T2W40', 'z_diameter_T2W40', 'z_asp_T2W40']",,,,,,,,3.4925577655390954,3.575019515589782,98.0,3.5337886405644388,0.04123087502534345,0.20672650779899443,1.9844674545084815,completed,False,COMPLETE
45,2.8979042506567856,2026-06-12 02:47:02.183756,2026-06-12 02:47:04.014712,0 days 00:00:01.830956,2.0,1.0,17.0,,,,,,,,,,,,DecisionTreeRegressor,,,,,,7,,,,,,,,False,-0.04515717151381598,-0.019031555987957312,98.0,-0.032094363750886645,0.013062807762929335,0.06549530246981417,1.9844674545084815,2.8537475952923534,2.9420609060212177,98.0,2.8979042506567856,0.04415665536443228,0.22139600854849384,1.9844674545084815,606280015178544.5,816254269854462.2,98.0,711267142516503.4,104987127337958.84,526392471299335.0,1.9844674545084815,8.722655510376136,9.196262682057522,98.0,8.959459096216829,0.23680358584069275,1.1873038907138265,1.9844674545084815,2.4540619737693867,2.5846760366232755,98.0,2.519369005196331,0.06530703142694455,0.3274413781738305,1.9844674545084815,99.0,0.7171717171717171,-0.09797912174766629,-0.04940652922321609,98.0,-0.07369282548544119,0.0242862962622251,0.12176848564517569,1.9844674545084815,DecisionTreeRegressor,"{'mode': 'original', 'type': 'DecisionTreeRegressor'}",7,"['z_re_T2W40', 'z_l1_T2W40', 'z_l2_T2W40', 'z_lsc_T2W40', 'z_density_T2W40', 'z_diameter_T2W40', 'z_asp_T2W40']",0.0888150386257615,0.14296684683147015,98.0,0.11589094272861582,0.027075904102854324,0.135755234329687,1.9844674545084815,3.538442250553008,3.645294392518012,98.0,3.59186832153551,0.05342607098250211,0.26787171198392123,1.9844674545084815,completed,False,COMPLETE
46,2.855774475022019,2026-06-12 02:47:04.026892,2026-06-12 02:47:05.834229,0 days 00:00:01.807337,,,,0.011866566188088819,0.04359534820671335,,,,,,,,,,ElasticNet,,,,,,6,,,,,,,,True,-0.024591971467203745,-0.010233113491333358,98.0,-0.01741254247926855,0.007179428987935193,0.03599676896875045,1.9844674545084815,2.827265718856123,2.8842832311879145,98.0,2.855774475022019,0.02850875616589544,0.14293937735364667,1.9844674545084815,691717759326465.8,925855031120710.2,98.0,808786395223588.0,117068635897122.31,586967660931966.9,1.9844674545084815,8.232901251057935,8.619228264798782,98.0,8.426064757928359,0.19316350687042372,0.9684979323137014,1.9844674545084815,2.3410274731548455,2.4203612113209045,98.0,2.380694342237875,0.03966686908302968,0.19888477544592978,1.9844674545084815,99.0,0.5858585858585859,-0.02851073235385295,-0.003313721925354172,98.0,-0.015912227139603562,0.01259850521424939,0.06316734691728759,1.9844674545084815,ElasticNet,"{'mode': 'original', 'type': 'ElasticNet'}",6,"['z_pe_T2W40', 'z_l1_T2W40', 'z_l2_T2W40', 'z_lsc_T2W40', 'z_density_T2W40', 'z_asp_T2W40']",0.03401404768000459,0.08764047300988778,98.0,0.06082726034494619,0.026813212664941598,0.13443813195058363,1.9844674545084815,3.4562693648821754,3.53849742417026,98.0,3.4973833945262176,0.041114029644042024,0.20614065950899238,1.9844674545084815,completed,True,COMPLETE
47,3.701907968574636,2026-06-12 02:47:05.846790,2026-06-12 02:47:07.601709,0 days 00:00:01.754919,,,,,,,,,,,minkowski,1.0,uniform,,KNeighborsRegressor,,,,,,5,2.0,1.0,2.0,20.0,,,ExtraTrees,,-0.34285366652138877,-0.2972394777897999,98.0,-0.32004657215559434,0.022807094365794423,0.1143519502893094,1.9844674545084815,3.6408609971510177,3.762954939998254,98.0,3.701907968574636,0.061046971423618084,0.3060819642161948,1.9844674545084815,597964955994763.0,847634924395768.0,98.0,722799940195265.5,124834984200502.47,625907170756135.4,1.9844674545084815,11.01043375151777,11.737040995956978,98.0,11.373737373737374,0.3633036222196041,1.8215594271530573,1.9844674545084815,3.193195773085077,3.3926628127735086,98.0,3.292929292929293,0.09973351984421559,0.50005153311016,1.9844674545084815,99.0,1.0,-0.7956005566951787,-0.6764802815553872,98.0,-0.736040419125283,0.05956013756989581,0.2986271631704155,1.9844674545084815,KNeighborsRegressor,"{'mode': 'proxy', 'type': 'ExtraTrees'}",5,"['z_re_T2W40', 'z_pe_T2W40', 'z_l1_T2W40', 'z_l2_T2W40', 'z_l3_T2W40']",0.08423095476051898,0.1316047579666807,98.0,0.10791785636359984,0.023686901603080866,0.1187631949594434,1.9844674545084815,4.476470311391042,4.6248287331968765,98.0,4.550649522293959,0.07417921090291764,0.371925388724333,1.9844674545084815,completed,True,COMPLETE
48,2.8087542087542094,2026-06-12 02:47:07.629888,2026-06-12 02:47:09.790141,0 days 00:00:02.160253,,,,,,,,,,,,,,3.545642138383163,QuantileRegressor,,,,,,4,,,,,,,,False,-0.0009331355682963278,0.00012430831312870661,98.0,-0.0004044136275838106,0.0005287219407125172,0.002650946416563353,1.9844674545084815,2.7849467735529934,2.8325616439554255,98.0,2.8087542087542094,0.02380743520121607,0.11936753551247853,1.9844674545084815,608805169475213.9,816576530769995.1,98.0,712690850122604.5,103885680647390.62,520869953823584.9,1.9844674545084815,8.727991855320967,9.049785922456811,98.0,8.88888888888889,0.16089703356792168,0.8067178260046389,1.9844674545084815,2.2959895660805363,2.491889221798252,98.0,2.393939393939394,0.09794982785885767,0.4911083221088062,1.9844674545084815,99.0,1.0,-0.037483843968863534,-0.033183157484501485,98.0,-0.03533350072668251,0.002150343242181023,0.010781555054361772,1.9844674545084815,QuantileRegressor,"{'mode': 'original', 'type': 'QuantileRegressor'}",4,"['z_lsc_T2W40', 'z_density_T2W40', 'z_diameter_T2W40', 'z_asp_T2W40']",,,,,,,,3.4925577655390954,3.575019515589782,98.0,3.5337886405644388,0.04123087502534345,0.20672650779899443,1.9844674545084815,completed,False,COMPLETE
49,2.8596681508567445,2026-06-12 02:47:09.802127,2026-06-12 02:47:11.484767,0 days 00:00:01.682640,,,,,,,,,,,,,,,LinearRegression,,,,,,6,,,,,,,,False,-0.026377792915660385,-0.011271075909968259,98.0,-0.018824434412814322,0.007553358502846062,0.03787160530761014,1.9844674545084815,2.8306895475862643,2.8886467541272247,98.0,2.8596681508567445,0.028978603270480158,0.14529513262370983,1.9844674545084815,693670371986223.2,928417827168987.0,98.0,811044099577605.1,117373727591381.92,588497352952182.2,1.9844674545084815,8.240874218578966,8.637327869231314,98.0,8.43910104390514,0.19822682532617375,0.9938847848019887,1.9844674545084815,2.3481539849285618,2.4274966205435735,98.0,2.3878253027360676,0.039671317807505706,0.19890708080021885,1.9844674545084815,99.0,0.5959595959595959,-0.03241348280636398,-0.0058995356061983684,98.0,-0.019156509206281175,0.013256973600082806,0.06646882596219537,1.9844674545084815,LinearRegression,"{'mode': 'original', 'type': 'LinearRegression'}",6,"['z_pe_T2W40', 'z_l1_T2W40', 'z_l2_T2W40', 'z_lsc_T2W40', 'z_density_T2W40', 'z_asp_T2W40']",0.035878709333197166,0.08923495005928594,98.0,0.06255682969624156,0.026678120363044393,0.13376079585755696,1.9844674545084815,3.46147313636271,3.543798582212601,98.0,3.5026358592876554,0.04116272292494572,0.20638480159688913,1.9844674545084815,completed,False,COMPLETE
50,2.8087542087542094,2026-06-12 02:47:11.500555,2026-06-12 02:47:13.666681,0 days 00:00:02.166126,,,,,,,,,,,,,,0.14333997003672974,QuantileRegressor,,,,,,6,,,,,,,,False,-0.0009331355682963278,0.00012430831312870661,98.0,-0.0004044136275838106,0.0005287219407125172,0.002650946416563353,1.9844674545084815,2.7849467735529934,2.8325616439554255,98.0,2.8087542087542094,0.02380743520121607,0.11936753551247853,1.9844674545084815,608805169475213.9,816576530769995.1,98.0,712690850122604.5,103885680647390.62,520869953823584.9,1.9844674545084815,8.727991855320967,9.049785922456811,98.0,8.88888888888889,0.16089703356792168,0.8067178260046389,1.9844674545084815,2.2959895660805363,2.491889221798252,98.0,2.393939393939394,0.09794982785885767,0.4911083221088062,1.9844674545084815,99.0,1.0,-0.037483843968863534,-0.033183157484501485,98.0,-0.03533350072668251,0.002150343242181023,0.010781555054361772,1.9844674545084815,QuantileRegressor,"{'mode': 'original', 'type': 'QuantileRegressor'}",6,"['z_l2_T2W40', 'z_l3_T2W40', 'z_lsc_T2W40', 'z_density_T2W40', 'z_diameter_T2W40', 'z_asp_T2W40']",,,,,,,,3.4925577655390954,3.575019515589782,98.0,3.5337886405644388,0.04123087502534345,0.20672650779899443,1.9844674545084815,completed,False,COMPLETE
51,2.8087542087542094,2026-06-12 02:47:13.680371,2026-06-12 02:47:15.870514,0 days 00:00:02.190143,,,,,,,,,,,,,,0.5965725739332831,QuantileRegressor,,,,,,7,,,,,,,,False,-0.0009331355682963278,0.00012430831312870661,98.0,-0.0004044136275838106,0.0005287219407125172,0.002650946416563353,1.9844674545084815,2.7849467735529934,2.8325616439554255,98.0,2.8087542087542094,0.02380743520121607,0.11936753551247853,1.9844674545084815,608805169475213.9,816576530769995.1,98.0,712690850122604.5,103885680647390.62,520869953823584.9,1.9844674545084815,8.727991855320967,9.049785922456811,98.0,8.88888888888889,0.16089703356792168,0.8067178260046389,1.9844674545084815,2.2959895660805363,2.491889221798252,98.0,2.393939393939394,0.09794982785885767,0.4911083221088062,1.9844674545084815,99.0,1.0,-0.037483843968863534,-0.033183157484501485,98.0,-0.03533350072668251,0.002150343242181023,0.010781555054361772,1.9844674545084815,QuantileRegressor,"{'mode': 'original', 'type': 'QuantileRegressor'}",7,"['z_l1_T2W40', 'z_l2_T2W40', 'z_l3_T2W40', 'z_lsc_T2W40', 'z_density_T2W40', 'z_diameter_T2W40', 'z_asp_T2W40']",,,,,,,,3.4925577655390954,3.575019515589782,98.0,3.5337886405644388,0.04123087502534345,0.20672650779899443,1.9844674545084815,completed,False,COMPLETE
52,2.8087542087542094,2026-06-12 02:47:15.883256,2026-06-12 02:47:18.189067,0 days 00:00:02.305811,,,,,,,,,,,,,,0.08916879606918253,QuantileRegressor,,,,,,8,,,,,,,,False,-0.0009331355682963278,0.00012430831312870661,98.0,-0.0004044136275838106,0.0005287219407125172,0.002650946416563353,1.9844674545084815,2.7849467735529934,2.8325616439554255,98.0,2.8087542087542094,0.02380743520121607,0.11936753551247853,1.9844674545084815,608805169475213.9,816576530769995.1,98.0,712690850122604.5,103885680647390.62,520869953823584.9,1.9844674545084815,8.727991855320967,9.049785922456811,98.0,8.88888888888889,0.16089703356792168,0.8067178260046389,1.9844674545084815,2.2959895660805363,2.491889221798252,98.0,2.393939393939394,0.09794982785885767,0.4911083221088062,1.9844674545084815,99.0,1.0,-0.037483843968863534,-0.033183157484501485,98.0,-0.03533350072668251,0.002150343242181023,0.010781555054361772,1.9844674545084815,QuantileRegressor,"{'mode': 'original', 'type': 'QuantileRegressor'}",8,"['z_pe_T2W40', 'z_l1_T2W40', 'z_l2_T2W40', 'z_l3_T2W40', 'z_lsc_T2W40', 'z_density_T2W40', 'z_diameter_T2W40', 'z_asp_T2W40']",,,,,,,,3.4925577655390954,3.575019515589782,98.0,3.5337886405644388,0.04123087502534345,0.20672650779899443,1.9844674545084815,completed,False,COMPLETE
53,2.8087542087542094,2026-06-12 02:47:18.201240,2026-06-12 02:47:20.504211,0 days 00:00:02.302971,,,,,,,,,,,,,,0.5473354489818252,QuantileRegressor,,,,,,7,,,,,,,,False,-0.0009331355682963278,0.00012430831312870661,98.0,-0.0004044136275838106,0.0005287219407125172,0.002650946416563353,1.9844674545084815,2.7849467735529934,2.8325616439554255,98.0,2.8087542087542094,0.02380743520121607,0.11936753551247853,1.9844674545084815,608805169475213.9,816576530769995.1,98.0,712690850122604.5,103885680647390.62,520869953823584.9,1.9844674545084815,8.727991855320967,9.049785922456811,98.0,8.88888888888889,0.16089703356792168,0.8067178260046389,1.9844674545084815,2.2959895660805363,2.491889221798252,98.0,2.393939393939394,0.09794982785885767,0.4911083221088062,1.9844674545084815,99.0,1.0,-0.037483843968863534,-0.033183157484501485,98.0,-0.03533350072668251,0.002150343242181023,0.010781555054361772,1.9844674545084815,QuantileRegressor,"{'mode': 'original', 'type': 'QuantileRegressor'}",7,"['z_l1_T2W40', 'z_l2_T2W40', 'z_l3_T2W40', 'z_lsc_T2W40', 'z_density_T2W40', 'z_diameter_T2W40', 'z_asp_T2W40']",,,,,,,,3.4925577655390954,3.575019515589782,98.0,3.5337886405644388,0.04123087502534345,0.20672650779899443,1.9844674545084815,completed,False,COMPLETE
54,2.8972719452349733,2026-06-12 02:47:20.516154,2026-06-12 02:47:44.882035,0 days 00:00:24.365881,,,,,,,,,,,,,,,RandomForestRegressor,10.0,,5.0,7.0,264.0,6,,,,,,,,False,-0.041430189180630655,-0.0229226809131159,98.0,-0.03217643504687328,0.00925375413375738,0.04639717869015167,1.9844674545084815,2.8642157681515887,2.930328122318358,98.0,2.8972719452349733,0.0330561770833847,0.16573958339309694,1.9844674545084815,604347538006056.6,812594394780110.1,98.0,708470966393083.4,104123428387026.77,522061991584652.94,1.9844674545084815,8.602163005181211,8.99237707105279,98.0,8.797270038117,0.19510703293578985,0.9782425316233814,1.9844674545084815,2.397471361495451,2.510202047196616,98.0,2.4538367043460334,0.05636534285058281,0.28260885759110665,1.9844674545084815,99.0,0.7676767676767676,-0.07466276456798791,-0.04253304733455353,98.0,-0.05859790595127072,0.016064858616717196,0.08054721414661188,1.9844674545084815,RandomForestRegressor,"{'mode': 'original', 'type': 'RandomForestRegressor'}",6,"['z_re_T2W40', 'z_pe_T2W40', 'z_l1_T2W40', 'z_l2_T2W40', 'z_l3_T2W40', 'z_asp_T2W40']",0.07065902901192182,0.11500483767016446,98.0,0.09283193334104314,0.022172904329121324,0.11117219988426076,1.9844674545084815,3.524318142679442,3.614683461507989,98.0,3.5695008020937156,0.04518265941427365,0.2265402659546478,1.9844674545084815,completed,False,COMPLETE
55,2.8087542087542094,2026-06-12 02:47:44.894102,2026-06-12 02:47:47.108353,0 days 00:00:02.214251,,,,,,,,,,,,,,4.779503609233727,QuantileRegressor,,,,,,5,,,,,,,,False,-0.0009331355682963278,0.00012430831312870661,98.0,-0.0004044136275838106,0.0005287219407125172,0.002650946416563353,1.9844674545084815,2.7849467735529934,2.8325616439554255,98.0,2.8087542087542094,0.02380743520121607,0.11936753551247853,1.9844674545084815,608805169475213.9,816576530769995.1,98.0,712690850122604.5,103885680647390.62,520869953823584.9,1.9844674545084815,8.727991855320967,9.049785922456811,98.0,8.88888888888889,0.16089703356792168,0.8067178260046389,1.9844674545084815,2.2959895660805363,2.491889221798252,98.0,2.393939393939394,0.09794982785885767,0.4911083221088062,1.9844674545084815,99.0,1.0,-0.037483843968863534,-0.033183157484501485,98.0,-0.03533350072668251,0.002150343242181023,0.010781555054361772,1.9844674545084815,QuantileRegressor,"{'mode': 'original', 'type': 'QuantileRegressor'}",5,"['z_l3_T2W40', 'z_lsc_T2W40', 'z_density_T2W40', 'z_diameter_T2W40', 'z_asp_T2W40']",,,,,,,,3.4925577655390954,3.575019515589782,98.0,3.5337886405644388,0.04123087502534345,0.20672650779899443,1.9844674545084815,completed,False,COMPLETE
