number,value,datetime_start,datetime_complete,duration,params_dt_max_depth,params_dt_min_samples_leaf,params_dt_min_samples_split,params_elastic_alpha,params_elastic_l1_ratio,params_et_max_depth,params_et_max_features,params_et_min_samples_leaf,params_et_min_samples_split,params_et_n_estimators,params_knn_metric,params_knn_n_neighbors,params_knn_weights,params_quantile_alpha,params_regressor,params_rf_max_depth,params_rf_max_features,params_rf_min_samples_leaf,params_rf_min_samples_split,params_rf_n_estimators,params_rfe_n_features,params_rfe_proxy_et_max_depth,params_rfe_proxy_et_min_samples_leaf,params_rfe_proxy_et_min_samples_split,params_rfe_proxy_et_n_estimators,params_rfe_proxy_lsvr_C,params_rfe_proxy_lsvr_epsilon,params_rfe_proxy_type,params_use_scaler,user_attrs_d2mae_ci_lower_val,user_attrs_d2mae_ci_upper_val,user_attrs_d2mae_df_val,user_attrs_d2mae_mean_val,user_attrs_d2mae_samperror_val,user_attrs_d2mae_std_val,user_attrs_d2mae_t_critical_val,user_attrs_mae_ci_lower_val,user_attrs_mae_ci_upper_val,user_attrs_mae_df_val,user_attrs_mae_mean_val,user_attrs_mae_samperror_val,user_attrs_mae_std_val,user_attrs_mae_t_critical_val,user_attrs_mape_ci_lower_val,user_attrs_mape_ci_upper_val,user_attrs_mape_df_val,user_attrs_mape_mean_val,user_attrs_mape_samperror_val,user_attrs_mape_std_val,user_attrs_mape_t_critical_val,user_attrs_max_error_ci_lower_val,user_attrs_max_error_ci_upper_val,user_attrs_max_error_df_val,user_attrs_max_error_mean_val,user_attrs_max_error_samperror_val,user_attrs_max_error_std_val,user_attrs_max_error_t_critical_val,user_attrs_median_ae_ci_lower_val,user_attrs_median_ae_ci_upper_val,user_attrs_median_ae_df_val,user_attrs_median_ae_mean_val,user_attrs_median_ae_samperror_val,user_attrs_median_ae_std_val,user_attrs_median_ae_t_critical_val,user_attrs_n_splits_val,user_attrs_r2_below_zero_val,user_attrs_r2_ci_lower_val,user_attrs_r2_ci_upper_val,user_attrs_r2_df_val,user_attrs_r2_mean_val,user_attrs_r2_samperror_val,user_attrs_r2_std_val,user_attrs_r2_t_critical_val,user_attrs_regressor_final,user_attrs_rfe_estimator,user_attrs_rfe_n_features,user_attrs_rfe_selected_features,user_attrs_rho_ci_lower_val,user_attrs_rho_ci_upper_val,user_attrs_rho_df_val,user_attrs_rho_mean_val,user_attrs_rho_samperror_val,user_attrs_rho_std_val,user_attrs_rho_t_critical_val,user_attrs_rmse_ci_lower_val,user_attrs_rmse_ci_upper_val,user_attrs_rmse_df_val,user_attrs_rmse_mean_val,user_attrs_rmse_samperror_val,user_attrs_rmse_std_val,user_attrs_rmse_t_critical_val,user_attrs_termination_reason,user_attrs_use_scaler_final,state
189,2.8025230642724424,2026-06-12 03:13:36.684876,2026-06-12 03:13:52.278997,0 days 00:00:15.594121,,,,,,19.0,log2,3.0,12.0,287.0,,,,,ExtraTreesRegressor,,,,,,2,,,,,,,,True,-0.0024632884881103092,0.006002651050684585,98.0,0.0017696812812871383,0.004232969769397447,0.02122358687532996,1.9844674545084815,2.776677034057868,2.828369094487017,98.0,2.8025230642724424,0.025846030214574375,0.12958879876893295,1.9844674545084815,642403900651151.8,862510638429187.2,98.0,752457269540169.5,110053368889017.75,551793979825962.3,1.9844674545084815,8.345947376835115,8.756165735252074,98.0,8.551056556043594,0.2051091792084788,1.0283920559343922,1.9844674545084815,2.377186891137188,2.4461050046818826,98.0,2.4116459479095353,0.034459056772347216,0.17277344864051403,1.9844674545084815,99.0,0.32323232323232326,0.009455196341836468,0.02317482538922965,98.0,0.01631501086553306,0.006859814523696593,0.03439426157608709,1.9844674545084815,ExtraTreesRegressor,"{'mode': 'original', 'type': 'ExtraTreesRegressor'}",2,"['z_pe_T2W40', 'z_l2_T2W40']",0.0988082893161076,0.1497954156758773,98.0,0.12430185249599246,0.025493563179884857,0.12782157265134889,1.9844674545084815,3.4016060891678714,3.4872106045861146,98.0,3.444408346876993,0.04280225770912176,0.21460522622138123,1.9844674545084815,completed,True,COMPLETE
190,2.804525861520158,2026-06-12 03:13:52.310941,2026-06-12 03:14:07.665624,0 days 00:00:15.354683,,,,,,18.0,log2,4.0,12.0,284.0,,,,,ExtraTreesRegressor,,,,,,2,,,,,,,,True,-0.0025683546779459495,0.0046983833571029665,98.0,0.0010650143395785083,0.003633369017524458,0.018217262866145972,1.9844674545084815,2.7792477251225254,2.8298039979177902,98.0,2.804525861520158,0.025278136397632277,0.12674144940986842,1.9844674545084815,650451069932608.1,873311664758984.6,98.0,761881367345796.4,111430297413188.3,558697729142842.9,1.9844674545084815,8.302903718298964,8.691753361170203,98.0,8.497328539734584,0.1944248214356192,0.9748220075398176,1.9844674545084815,2.3827373463132164,2.436326594111287,98.0,2.4095319702122517,0.026794623899035367,0.13434493017745303,1.9844674545084815,99.0,0.26262626262626265,0.012082869063569705,0.023051018417963563,98.0,0.017566943740766634,0.005484074677196929,0.027496472142028598,1.9844674545084815,ExtraTreesRegressor,"{'mode': 'original', 'type': 'ExtraTreesRegressor'}",2,"['z_pe_T2W40', 'z_l2_T2W40']",0.09123261134703521,0.14561697806639864,98.0,0.11842479470671692,0.027192183359681713,0.13633824414159648,1.9844674545084815,3.400192722398578,3.484605772895055,98.0,3.4423992476468164,0.04220652524823831,0.2116182973447751,1.9844674545084815,completed,True,COMPLETE
191,2.8025492570884283,2026-06-12 03:14:07.679137,2026-06-12 03:14:23.525746,0 days 00:00:15.846609,,,,,,19.0,log2,3.0,12.0,290.0,,,,,ExtraTreesRegressor,,,,,,2,,,,,,,,True,-0.002449724358614443,0.005970917815553809,98.0,0.0017605967284696827,0.004210321087084126,0.021110029183478797,1.9844674545084815,2.7767277607437575,2.828370753433099,98.0,2.8025492570884283,0.025821496344670614,0.12946578897966987,1.9844674545084815,642679072192216.6,862878232565665.6,98.0,752778652378941.1,110099580186724.5,552025677557089.9,1.9844674545084815,8.344157334220714,8.753557651702785,98.0,8.54885749296175,0.20470015874103492,1.0263412778997032,1.9844674545084815,2.377589194024107,2.4461482437368773,98.0,2.411868718880492,0.034279524856385295,0.17187329781901298,1.9844674545084815,99.0,0.32323232323232326,0.009593423959564033,0.023196339549389957,98.0,0.016394881754476995,0.006801457794912961,0.034101668155729216,1.9844674545084815,ExtraTreesRegressor,"{'mode': 'original', 'type': 'ExtraTreesRegressor'}",2,"['z_pe_T2W40', 'z_l2_T2W40']",0.09870450964786986,0.14972390640691127,98.0,0.12421420802739057,0.025509698379520704,0.1279024725466654,1.9844674545084815,3.401505943216225,3.487045676110807,98.0,3.444275809663516,0.04276986644729106,0.21444282044082608,1.9844674545084815,completed,True,COMPLETE
192,2.8019916681198285,2026-06-12 03:14:23.538341,2026-06-12 03:14:38.635458,0 days 00:00:15.097117,,,,,,19.0,log2,3.0,12.0,275.0,,,,,ExtraTreesRegressor,,,,,,2,,,,,,,,True,-0.0022539347471301724,0.006174528964622353,98.0,0.0019602971087460904,0.004214231855876263,0.02112963729450508,1.9844674545084815,2.776154350098562,2.827828986141095,98.0,2.8019916681198285,0.025837318021266535,0.1295451169092418,1.9844674545084815,642469870756106.4,862629866467716.4,98.0,752549868611911.4,110079997855804.98,551927494171870.3,1.9844674545084815,8.342684844929583,8.751019898657841,98.0,8.546852371793712,0.2041675268641292,1.0236707275466617,1.9844674545084815,2.376148810275184,2.4444461245859874,98.0,2.4102974674305857,0.03414865715540177,0.17121714335245414,1.9844674545084815,99.0,0.32323232323232326,0.009971920411801801,0.02359282088663544,98.0,0.01678237064921862,0.00681045023741682,0.034146755150226984,1.9844674545084815,ExtraTreesRegressor,"{'mode': 'original', 'type': 'ExtraTreesRegressor'}",2,"['z_pe_T2W40', 'z_l2_T2W40']",0.09971374144819044,0.1510681297518402,98.0,0.12539093560001532,0.025677194151824883,0.12874227563253865,1.9844674545084815,3.400827499156479,3.4863611278124647,98.0,3.4435943134844718,0.04276681432799268,0.2144275174921607,1.9844674545084815,completed,True,COMPLETE
193,2.802023325914378,2026-06-12 03:14:38.648352,2026-06-12 03:14:53.656210,0 days 00:00:15.007858,,,,,,18.0,log2,3.0,12.0,274.0,,,,,ExtraTreesRegressor,,,,,,2,,,,,,,,True,-0.0022659437380132073,0.006165781280625296,98.0,0.0019499187713060443,0.004215862509319252,0.021137813189183334,1.9844674545084815,2.776172523385098,2.827874128443658,98.0,2.802023325914378,0.02585080252928002,0.12961272656461056,1.9844674545084815,642517323412035.2,862709296613171.5,98.0,752613310012603.4,110095986600568.16,552007659760569.2,1.9844674545084815,8.343246640415966,8.751677362020288,98.0,8.547462001218127,0.20421536080216152,1.0239105609956878,1.9844674545084815,2.3762447482498184,2.444570782613763,98.0,2.4104077654317906,0.034163017181972385,0.17128914274958118,1.9844674545084815,99.0,0.32323232323232326,0.009931469277482355,0.023561816739103847,98.0,0.0167466430082931,0.006815173730810746,0.03417043816188604,1.9844674545084815,ExtraTreesRegressor,"{'mode': 'original', 'type': 'ExtraTreesRegressor'}",2,"['z_pe_T2W40', 'z_l2_T2W40']",0.09993863588227979,0.15126631055093903,98.0,0.12560247321660942,0.02566383733432963,0.12867530620163511,1.9844674545084815,3.4008833505876,3.486432296883174,98.0,3.443657823735387,0.04277447314778696,0.21446591786733973,1.9844674545084815,completed,True,COMPLETE
194,2.802614116147814,2026-06-12 03:14:53.712695,2026-06-12 03:15:09.547097,0 days 00:00:15.834402,,,,,,18.0,log2,3.0,12.0,291.0,,,,,ExtraTreesRegressor,,,,,,2,,,,,,,,True,-0.0024704112088682274,0.005944476906771487,98.0,0.0017370328489516294,0.004207444057819857,0.02109560411458874,1.9844674545084815,2.7768009200740957,2.8284273122215327,98.0,2.802614116147814,0.02581319607371868,0.12942417244772328,1.9844674545084815,642760858929953.5,862999391543421.5,98.0,752880125236687.5,110119266306734.0,552124381327969.7,1.9844674545084815,8.343604449110705,8.75280306587097,98.0,8.548203757490837,0.20459930838013154,1.0258356266636572,1.9844674545084815,2.377317466744136,2.4458508629233022,98.0,2.411584164833719,0.03426669808958298,0.17180898599672528,1.9844674545084815,99.0,0.32323232323232326,0.009601558967653509,0.02318296512206696,98.0,0.016392262044860235,0.006790703077206726,0.03404774533133106,1.9844674545084815,ExtraTreesRegressor,"{'mode': 'original', 'type': 'ExtraTreesRegressor'}",2,"['z_pe_T2W40', 'z_l2_T2W40']",0.09878793036636455,0.14988557136468464,98.0,0.12433675086552459,0.025548820499160053,0.1280986260157772,1.9844674545084815,3.4015220381464233,3.4870369517592095,98.0,3.4442794949528164,0.04275745680639297,0.21438060003623063,1.9844674545084815,completed,True,COMPLETE
195,2.8020661889392096,2026-06-12 03:15:09.560786,2026-06-12 03:15:24.688995,0 days 00:00:15.128209,,,,,,18.0,log2,3.0,12.0,276.0,,,,,ExtraTreesRegressor,,,,,,2,,,,,,,,True,-0.0022920141026049525,0.006156466257085434,98.0,0.0019322260772402405,0.004224240179845193,0.021179817793020965,1.9844674545084815,2.7762352562593744,2.8278971216190447,98.0,2.8020661889392096,0.025830932679835144,0.12951310159706605,1.9844674545084815,642348938937623.1,862487137158383.9,98.0,752418038048003.5,110069099110380.39,551872849210306.1,1.9844674545084815,8.343482248643042,8.752545975477187,98.0,8.548014112060114,0.20453186341707236,1.0254974659607061,1.9844674545084815,2.3764551358679804,2.444671609072048,98.0,2.410563372470014,0.034108236602033846,0.17101447969722208,1.9844674545084815,99.0,0.32323232323232326,0.009845306797657605,0.023509691229266036,98.0,0.01667749901346182,0.0068321922158042165,0.03425576674073786,1.9844674545084815,ExtraTreesRegressor,"{'mode': 'original', 'type': 'ExtraTreesRegressor'}",2,"['z_pe_T2W40', 'z_l2_T2W40']",0.10070078040736949,0.1520157550519944,98.0,0.12635826772968195,0.025657487322312468,0.12864346802677265,1.9844674545084815,3.400999156775644,3.4865486048517016,98.0,3.443773880813673,0.042774724038028726,0.214467175799981,1.9844674545084815,completed,True,COMPLETE
196,2.846771907795405,2026-06-12 03:15:24.702934,2026-06-12 03:15:26.355348,0 days 00:00:01.652414,,,,0.18980154253561898,0.24126973451845218,,,,,,,,,,ElasticNet,,,,,,2,,,,,,,,True,-0.01886072292535713,-0.009325814359383969,98.0,-0.01409326864237055,0.004767454282986582,0.02390342611956161,1.9844674545084815,2.8210930265289607,2.8724507890618494,98.0,2.846771907795405,0.02567888126644424,0.1287507346165719,1.9844674545084815,678908548446812.9,910382607719534.4,98.0,794645578083173.6,115737029636360.73,580291151838203.8,1.9844674545084815,8.171665664074688,8.496057411520276,98.0,8.333861537797482,0.16219587372279431,0.813230049896101,1.9844674545084815,2.3512963339872694,2.416119109038754,98.0,2.383707721513012,0.03241138752574219,0.1625066883008933,1.9844674545084815,99.0,0.43434343434343436,-0.007944245999634808,0.0075775803893175855,98.0,-0.00018333280515861163,0.007760913194476197,0.03891225886035723,1.9844674545084815,ElasticNet,"{'mode': 'original', 'type': 'ElasticNet'}",2,"['z_pe_T2W40', 'z_l1_T2W40']",0.04401922256230727,0.09887916384873073,98.0,0.071449193205519,0.027429970643211732,0.13753048017085742,1.9844674545084815,3.4316508926557754,3.512457810722095,98.0,3.4720543516889353,0.04040345903316011,0.20257794635187593,1.9844674545084815,completed,True,COMPLETE
197,2.802390502020898,2026-06-12 03:15:26.368958,2026-06-12 03:15:40.935105,0 days 00:00:14.566147,,,,,,18.0,log2,3.0,12.0,263.0,,,,,ExtraTreesRegressor,,,,,,2,,,,,,,,True,-0.0023794809961701544,0.006015115064505789,98.0,0.0018178170341678177,0.004197298030337972,0.02104473318769055,1.9844674545084815,2.77657611965938,2.828204884382416,98.0,2.802390502020898,0.025814382361518194,0.12943012034802584,1.9844674545084815,642703208129801.9,862998526833212.6,98.0,752850867481507.2,110147659351705.38,552266740543705.6,1.9844674545084815,8.34163245063798,8.749374512101351,98.0,8.545503481369666,0.2038710307316843,1.022184132610256,1.9844674545084815,2.376588362598256,2.444922222752489,98.0,2.4107552926753724,0.03416693007711676,0.1713087615218746,1.9844674545084815,99.0,0.32323232323232326,0.009796506159564856,0.023380434613799697,98.0,0.016588470386682277,0.006791964227117421,0.03405406858099987,1.9844674545084815,ExtraTreesRegressor,"{'mode': 'original', 'type': 'ExtraTreesRegressor'}",2,"['z_pe_T2W40', 'z_l2_T2W40']",0.09914033152528855,0.15018018310156153,98.0,0.12466025731342503,0.02551992578813649,0.12795375150850347,1.9844674545084815,3.4011967419227984,3.486656696125028,98.0,3.443926719023913,0.0427299771011148,0.2142428201927514,1.9844674545084815,completed,True,COMPLETE
198,2.802381382899935,2026-06-12 03:15:40.949114,2026-06-12 03:15:55.483427,0 days 00:00:14.534313,,,,,,18.0,log2,3.0,12.0,265.0,,,,,ExtraTreesRegressor,,,,,,2,,,,,,,,True,-0.0023653116500530094,0.006008954625643723,98.0,0.001821821487795357,0.004187133137848366,0.020993767673976937,1.9844674545084815,2.7765698246318533,2.8281929411680164,98.0,2.802381382899935,0.02581155826808146,0.12941596069282776,1.9844674545084815,642813225457438.2,863138601347503.8,98.0,752975913402471.0,110162687945032.8,552342092051860.6,1.9844674545084815,8.34111452856349,8.748393849195752,98.0,8.54475418887962,0.20363966031613126,1.0210240699633713,1.9844674545084815,2.3770787216545632,2.445247614720396,98.0,2.4111631681874797,0.03408444653291652,0.17089519923310634,1.9844674545084815,99.0,0.32323232323232326,0.009843906995418912,0.02338215928370623,98.0,0.016613033139562573,0.006769126144143661,0.033939561257663,1.9844674545084815,ExtraTreesRegressor,"{'mode': 'original', 'type': 'ExtraTreesRegressor'}",2,"['z_pe_T2W40', 'z_l2_T2W40']",0.09946934294149348,0.15056873700426202,98.0,0.12501903997287775,0.02554969703138426,0.12810302083993683,1.9844674545084815,3.4011613443675888,3.4866185258449978,98.0,3.4438899351062933,0.04272859073870433,0.21423586914309545,1.9844674545084815,completed,True,COMPLETE
199,2.802349971698682,2026-06-12 03:15:55.496132,2026-06-12 03:16:09.992918,0 days 00:00:14.496786,,,,,,18.0,log2,3.0,12.0,260.0,,,,,ExtraTreesRegressor,,,,,,2,,,,,,,,True,-0.002362142022223265,0.006027662004162218,98.0,0.0018327599909694762,0.0041949020131927415,0.0210327198540721,1.9844674545084815,2.776532440298866,2.828167503098498,98.0,2.802349971698682,0.025817531399816348,0.12944590923656876,1.9844674545084815,642627624199913.0,862863969622384.0,98.0,752745796911148.5,110118172711235.53,552118898175400.1,1.9844674545084815,8.342740867116042,8.750440130350896,98.0,8.546590498733469,0.2038496316174273,1.0220768400980884,1.9844674545084815,2.3767101962039074,2.445088308683207,98.0,2.4108992524435573,0.03418905623964973,0.17141969936417412,1.9844674545084815,99.0,0.32323232323232326,0.009768391763058189,0.023352549538236976,98.0,0.01656047065064758,0.006792078887589393,0.03405464347442473,1.9844674545084815,ExtraTreesRegressor,"{'mode': 'original', 'type': 'ExtraTreesRegressor'}",2,"['z_pe_T2W40', 'z_l2_T2W40']",0.09959870055025477,0.15071539639340759,98.0,0.12515704847183118,0.025558347921576414,0.1281463953333881,1.9844674545084815,3.401236970104691,3.4867209463735658,98.0,3.4439789582391285,0.042741988134437484,0.21430304202826497,1.9844674545084815,completed,True,COMPLETE
200,2.8443702620909552,2026-06-12 03:16:10.005895,2026-06-12 03:16:11.641070,0 days 00:00:01.635175,,,,,,,,,,,,,,,LinearRegression,,,,,,2,,,,,,,,True,-0.01731403888382642,-0.008986598660540912,98.0,-0.013150318772183665,0.004163720111642753,0.020876377656386533,1.9844674545084815,2.8183855289449746,2.870354995236936,98.0,2.8443702620909552,0.025984733145980505,0.13028423811174214,1.9844674545084815,667325083212203.4,894347793085975.1,98.0,780836438149089.2,113511354936885.92,569131894174227.6,1.9844674545084815,8.01277000543369,8.286977852574623,98.0,8.149873929004157,0.1371039235704665,0.6874221152920265,1.9844674545084815,2.4478681477398387,2.515755314689339,98.0,2.481811731214589,0.03394358347475032,0.17018892928189414,1.9844674545084815,99.0,0.494949494949495,-0.017384403898975276,-0.0008425564918841614,98.0,-0.00911348019542972,0.008270923703545558,0.04146938847295677,1.9844674545084815,LinearRegression,"{'mode': 'original', 'type': 'LinearRegression'}",2,"['z_l1_T2W40', 'z_density_T2W40']",0.05985745092459105,0.11115716982209153,98.0,0.08550731037334129,0.02564985944875024,0.12860522281217357,1.9844674545084815,3.4479427789607366,3.525798984266572,98.0,3.486870881613654,0.038928102652917386,0.1951806919385492,1.9844674545084815,completed,True,COMPLETE
201,2.802349971698682,2026-06-12 03:16:11.655416,2026-06-12 03:16:25.997779,0 days 00:00:14.342363,,,,,,18.0,log2,3.0,12.0,260.0,,,,,ExtraTreesRegressor,,,,,,2,,,,,,,,True,-0.002362142022223265,0.006027662004162218,98.0,0.0018327599909694762,0.0041949020131927415,0.0210327198540721,1.9844674545084815,2.776532440298866,2.828167503098498,98.0,2.802349971698682,0.025817531399816348,0.12944590923656876,1.9844674545084815,642627624199913.0,862863969622384.0,98.0,752745796911148.5,110118172711235.53,552118898175400.1,1.9844674545084815,8.342740867116042,8.750440130350896,98.0,8.546590498733469,0.2038496316174273,1.0220768400980884,1.9844674545084815,2.3767101962039074,2.445088308683207,98.0,2.4108992524435573,0.03418905623964973,0.17141969936417412,1.9844674545084815,99.0,0.32323232323232326,0.009768391763058189,0.023352549538236976,98.0,0.01656047065064758,0.006792078887589393,0.03405464347442473,1.9844674545084815,ExtraTreesRegressor,"{'mode': 'original', 'type': 'ExtraTreesRegressor'}",2,"['z_pe_T2W40', 'z_l2_T2W40']",0.09959870055025477,0.15071539639340759,98.0,0.12515704847183118,0.025558347921576414,0.1281463953333881,1.9844674545084815,3.401236970104691,3.4867209463735658,98.0,3.4439789582391285,0.042741988134437484,0.21430304202826497,1.9844674545084815,completed,True,COMPLETE
202,2.8023748225411786,2026-06-12 03:16:26.011184,2026-06-12 03:16:40.430352,0 days 00:00:14.419168,,,,,,17.0,log2,3.0,12.0,261.0,,,,,ExtraTreesRegressor,,,,,,2,,,,,,,,True,-0.0023682651687821415,0.006016301416408013,98.0,0.001824018123812936,0.004192283292595077,0.02101958991288789,1.9844674545084815,2.7765594735311914,2.828190171551166,98.0,2.8023748225411786,0.02581534900998741,0.12943496700389204,1.9844674545084815,642717553853412.8,862996009383695.2,98.0,752856781618554.0,110139227765141.22,552224465611520.94,1.9844674545084815,8.342202336876483,8.749657528123723,98.0,8.545929932500103,0.20372759562362103,1.0214649667189801,1.9844674545084815,2.376832819967617,2.4452941010994818,98.0,2.4110634605335495,0.034230640565932134,0.17162819803285995,1.9844674545084815,99.0,0.32323232323232326,0.009770863342793784,0.02332543371650944,98.0,0.016548148529651613,0.00677728518685783,0.03398046968869305,1.9844674545084815,ExtraTreesRegressor,"{'mode': 'original', 'type': 'ExtraTreesRegressor'}",2,"['z_pe_T2W40', 'z_l2_T2W40']",0.09943674639320854,0.1506260604300792,98.0,0.12503140341164387,0.025594657018435323,0.12832844465420323,1.9844674545084815,3.4012717251857834,3.4867306647341736,98.0,3.4440011949599785,0.04272946977419531,0.21424027651832508,1.9844674545084815,completed,True,COMPLETE
