number,value,datetime_start,datetime_complete,duration,params_dt_max_depth,params_dt_min_samples_leaf,params_dt_min_samples_split,params_elastic_alpha,params_elastic_l1_ratio,params_et_max_depth,params_et_max_features,params_et_min_samples_leaf,params_et_min_samples_split,params_et_n_estimators,params_knn_metric,params_knn_n_neighbors,params_knn_weights,params_quantile_alpha,params_regressor,params_rf_max_depth,params_rf_max_features,params_rf_min_samples_leaf,params_rf_min_samples_split,params_rf_n_estimators,params_rfe_n_features,params_rfe_proxy_et_max_depth,params_rfe_proxy_et_min_samples_leaf,params_rfe_proxy_et_min_samples_split,params_rfe_proxy_et_n_estimators,params_rfe_proxy_lsvr_C,params_rfe_proxy_lsvr_epsilon,params_rfe_proxy_type,params_use_scaler,user_attrs_d2mae_ci_lower_val,user_attrs_d2mae_ci_upper_val,user_attrs_d2mae_df_val,user_attrs_d2mae_mean_val,user_attrs_d2mae_samperror_val,user_attrs_d2mae_std_val,user_attrs_d2mae_t_critical_val,user_attrs_mae_ci_lower_val,user_attrs_mae_ci_upper_val,user_attrs_mae_df_val,user_attrs_mae_mean_val,user_attrs_mae_samperror_val,user_attrs_mae_std_val,user_attrs_mae_t_critical_val,user_attrs_mape_ci_lower_val,user_attrs_mape_ci_upper_val,user_attrs_mape_df_val,user_attrs_mape_mean_val,user_attrs_mape_samperror_val,user_attrs_mape_std_val,user_attrs_mape_t_critical_val,user_attrs_max_error_ci_lower_val,user_attrs_max_error_ci_upper_val,user_attrs_max_error_df_val,user_attrs_max_error_mean_val,user_attrs_max_error_samperror_val,user_attrs_max_error_std_val,user_attrs_max_error_t_critical_val,user_attrs_median_ae_ci_lower_val,user_attrs_median_ae_ci_upper_val,user_attrs_median_ae_df_val,user_attrs_median_ae_mean_val,user_attrs_median_ae_samperror_val,user_attrs_median_ae_std_val,user_attrs_median_ae_t_critical_val,user_attrs_n_splits_val,user_attrs_r2_below_zero_val,user_attrs_r2_ci_lower_val,user_attrs_r2_ci_upper_val,user_attrs_r2_df_val,user_attrs_r2_mean_val,user_attrs_r2_samperror_val,user_attrs_r2_std_val,user_attrs_r2_t_critical_val,user_attrs_regressor_final,user_attrs_rfe_estimator,user_attrs_rfe_n_features,user_attrs_rfe_selected_features,user_attrs_rho_ci_lower_val,user_attrs_rho_ci_upper_val,user_attrs_rho_df_val,user_attrs_rho_mean_val,user_attrs_rho_samperror_val,user_attrs_rho_std_val,user_attrs_rho_t_critical_val,user_attrs_rmse_ci_lower_val,user_attrs_rmse_ci_upper_val,user_attrs_rmse_df_val,user_attrs_rmse_mean_val,user_attrs_rmse_samperror_val,user_attrs_rmse_std_val,user_attrs_rmse_t_critical_val,user_attrs_termination_reason,user_attrs_use_scaler_final,state
203,2.8023748225411786,2026-06-12 03:16:40.442962,2026-06-12 03:16:54.932144,0 days 00:00:14.489182,,,,,,17.0,log2,3.0,12.0,261.0,,,,,ExtraTreesRegressor,,,,,,2,,,,,,,,True,-0.0023682651687821415,0.006016301416408013,98.0,0.001824018123812936,0.004192283292595077,0.02101958991288789,1.9844674545084815,2.7765594735311914,2.828190171551166,98.0,2.8023748225411786,0.02581534900998741,0.12943496700389204,1.9844674545084815,642717553853412.8,862996009383695.2,98.0,752856781618554.0,110139227765141.22,552224465611520.94,1.9844674545084815,8.342202336876483,8.749657528123723,98.0,8.545929932500103,0.20372759562362103,1.0214649667189801,1.9844674545084815,2.376832819967617,2.4452941010994818,98.0,2.4110634605335495,0.034230640565932134,0.17162819803285995,1.9844674545084815,99.0,0.32323232323232326,0.009770863342793784,0.02332543371650944,98.0,0.016548148529651613,0.00677728518685783,0.03398046968869305,1.9844674545084815,ExtraTreesRegressor,"{'mode': 'original', 'type': 'ExtraTreesRegressor'}",2,"['z_pe_T2W40', 'z_l2_T2W40']",0.09943674639320854,0.1506260604300792,98.0,0.12503140341164387,0.025594657018435323,0.12832844465420323,1.9844674545084815,3.4012717251857834,3.4867306647341736,98.0,3.4440011949599785,0.04272946977419531,0.21424027651832508,1.9844674545084815,completed,True,COMPLETE
204,2.811536854311121,2026-06-12 03:16:54.979187,2026-06-12 03:17:09.322131,0 days 00:00:14.342944,,,,,,18.0,,3.0,12.0,263.0,,,,,ExtraTreesRegressor,,,,,,2,,,,,,,,True,-0.008813358280266597,0.005683188842377758,98.0,-0.0015650847189444192,0.0072482735613221775,0.03634194714477643,1.9844674545084815,2.7820607421596337,2.8410129664626087,98.0,2.811536854311121,0.02947611215148763,0.1477895806194519,1.9844674545084815,607166069410057.1,818459651763075.4,98.0,712812860586566.2,105646791176509.14,529699944196307.5,1.9844674545084815,8.262161569799597,8.573544593693269,98.0,8.417853081746433,0.15569151194683525,0.7806179844335372,1.9844674545084815,2.360178149842705,2.4510110703677865,98.0,2.4055946101052457,0.0454164602625409,0.22771251449055738,1.9844674545084815,99.0,0.494949494949495,-0.014543571394089613,0.009539889632314957,98.0,-0.0025018408808873283,0.012041730513202285,0.06037574743006962,1.9844674545084815,ExtraTreesRegressor,"{'mode': 'original', 'type': 'ExtraTreesRegressor'}",2,"['z_re_T2W40', 'z_l2_T2W40']",0.12096326890916692,0.16844272116189135,98.0,0.14470299503552914,0.023739726126362222,0.1190280505856553,1.9844674545084815,3.4319819389877857,3.518173697824114,98.0,3.47507781840595,0.043095879418163986,0.2160774091543644,1.9844674545084815,completed,True,COMPLETE
205,2.922843456220817,2026-06-12 03:17:09.335236,2026-06-12 03:17:25.875288,0 days 00:00:16.540052,,,,,,,,,,,,,,,RandomForestRegressor,15.0,sqrt,2.0,5.0,181.0,2,,,,,,,,True,-0.05189364731676714,-0.03104743076447776,98.0,-0.04147053904062245,0.010423108276144689,0.05226017573029278,1.9844674545084815,2.888476517955354,2.95721039448628,98.0,2.922843456220817,0.03436693826546309,0.17231157784053444,1.9844674545084815,577068815009209.2,781543120659098.5,98.0,679305967834153.9,102237152824944.64,512604439217497.5,1.9844674545084815,8.691363626365932,9.080394970728,98.0,8.885879298546966,0.19451567218103288,0.9752775219405856,1.9844674545084815,2.412315462689266,2.51888039163767,98.0,2.465597927163468,0.05328246447420186,0.2671516867130564,1.9844674545084815,99.0,0.8383838383838383,-0.12085268865520193,-0.08095032124826607,98.0,-0.100901504951734,0.019951183703467934,0.10003276745737168,1.9844674545084815,RandomForestRegressor,"{'mode': 'original', 'type': 'RandomForestRegressor'}",2,"['z_re_T2W40', 'z_l2_T2W40']",0.08022984777207183,0.12371630034527005,98.0,0.10197307405867094,0.02174322628659911,0.10901784732312965,1.9844674545084815,3.5908470133016968,3.6856033250642932,98.0,3.638225169182995,0.04737815588129818,0.23754821369366694,1.9844674545084815,completed,True,COMPLETE
206,2.8087443556978773,2026-06-12 03:17:25.888538,2026-06-12 03:17:40.405328,0 days 00:00:14.516790,,,,,,17.0,log2,3.0,4.0,262.0,,,,,ExtraTreesRegressor,,,,,,2,,,,,,,,True,-0.004139385201971732,0.0031719468198819073,98.0,-0.00048371919104491195,0.0036556660109268195,0.01832905723329569,1.9844674545084815,2.7839327824641833,2.8335559289315713,98.0,2.8087443556978773,0.024811573233694127,0.12440215941203796,1.9844674545084815,646779946405985.4,868963054738900.9,98.0,757871500572443.1,111091554166457.78,556999312400679.4,1.9844674545084815,8.168768063904778,8.485028327438638,98.0,8.326898195671708,0.15813013176693025,0.7928449225945096,1.9844674545084815,2.3705087662781525,2.431140822901233,98.0,2.400824794589693,0.030316028311540084,0.15200081636220192,1.9844674545084815,99.0,0.2828282828282828,0.010440221438611084,0.020544960915735634,98.0,0.01549259117717336,0.005052369738562275,0.02533195697448328,1.9844674545084815,ExtraTreesRegressor,"{'mode': 'original', 'type': 'ExtraTreesRegressor'}",2,"['z_re_T2W40', 'z_l2_T2W40']",0.12731633428747238,0.17516149552898716,98.0,0.15123891490822977,0.023922580620757396,0.11994486040447264,1.9844674545084815,3.4051073729520605,3.4860276249478197,98.0,3.44556749894994,0.040460125997879744,0.20286206750421282,1.9844674545084815,completed,True,COMPLETE
207,2.802023325914378,2026-06-12 03:17:40.418839,2026-06-12 03:17:55.594372,0 days 00:00:15.175533,,,,,,17.0,log2,3.0,12.0,274.0,,,,,ExtraTreesRegressor,,,,,,2,,,,,,,,True,-0.0022659437380132073,0.006165781280625296,98.0,0.0019499187713060443,0.004215862509319252,0.021137813189183334,1.9844674545084815,2.776172523385098,2.827874128443658,98.0,2.802023325914378,0.02585080252928002,0.12961272656461056,1.9844674545084815,642517323412035.2,862709296613171.5,98.0,752613310012603.4,110095986600568.16,552007659760569.2,1.9844674545084815,8.343246640415966,8.751677362020288,98.0,8.547462001218127,0.20421536080216152,1.0239105609956878,1.9844674545084815,2.3762447482498184,2.444570782613763,98.0,2.4104077654317906,0.034163017181972385,0.17128914274958118,1.9844674545084815,99.0,0.32323232323232326,0.009931469277482355,0.023561816739103847,98.0,0.0167466430082931,0.006815173730810746,0.03417043816188604,1.9844674545084815,ExtraTreesRegressor,"{'mode': 'original', 'type': 'ExtraTreesRegressor'}",2,"['z_pe_T2W40', 'z_l2_T2W40']",0.09993863588227979,0.15126631055093903,98.0,0.12560247321660942,0.02566383733432963,0.12867530620163511,1.9844674545084815,3.4008833505876,3.486432296883174,98.0,3.443657823735387,0.04277447314778696,0.21446591786733973,1.9844674545084815,completed,True,COMPLETE
208,2.8044910499677536,2026-06-12 03:17:55.688725,2026-06-12 03:18:00.112445,0 days 00:00:04.423720,,,,,,17.0,log2,3.0,12.0,56.0,,,,,ExtraTreesRegressor,,,,,,2,,,,,,,,True,-0.0027754425249998244,0.004843102647703427,98.0,0.0010338300613518011,0.0038092725863516255,0.019099221603879977,1.9844674545084815,2.779507572370556,2.829474527564951,98.0,2.8044910499677536,0.02498347759719769,0.12526406662891504,1.9844674545084815,648627025436869.6,869354479037303.9,98.0,758990752237086.8,110363726800217.17,553350076006570.0,1.9844674545084815,8.17486501409971,8.495198833441771,98.0,8.33503192377074,0.16016690967103,0.8030570750898879,1.9844674545084815,2.376433252654458,2.437180833869344,98.0,2.406807043261901,0.030373790607443163,0.15229042936961823,1.9844674545084815,99.0,0.2727272727272727,0.011365244519526314,0.021884413128349677,98.0,0.016624828823937995,0.005259584304411681,0.026370905178633736,1.9844674545084815,ExtraTreesRegressor,"{'mode': 'original', 'type': 'ExtraTreesRegressor'}",2,"['z_re_T2W40', 'z_l2_T2W40']",0.11584920104016784,0.1678794888332921,98.0,0.14186434493672997,0.02601514389656213,0.13043671385385097,1.9844674545084815,3.402862878488008,3.48440940511474,98.0,3.443636141801374,0.04077326331336598,0.20443209927414813,1.9844674545084815,completed,True,COMPLETE
209,2.802023325914378,2026-06-12 03:18:00.125698,2026-06-12 03:18:15.220521,0 days 00:00:15.094823,,,,,,17.0,log2,3.0,12.0,274.0,,,,,ExtraTreesRegressor,,,,,,2,,,,,,,,True,-0.0022659437380132073,0.006165781280625296,98.0,0.0019499187713060443,0.004215862509319252,0.021137813189183334,1.9844674545084815,2.776172523385098,2.827874128443658,98.0,2.802023325914378,0.02585080252928002,0.12961272656461056,1.9844674545084815,642517323412035.2,862709296613171.5,98.0,752613310012603.4,110095986600568.16,552007659760569.2,1.9844674545084815,8.343246640415966,8.751677362020288,98.0,8.547462001218127,0.20421536080216152,1.0239105609956878,1.9844674545084815,2.3762447482498184,2.444570782613763,98.0,2.4104077654317906,0.034163017181972385,0.17128914274958118,1.9844674545084815,99.0,0.32323232323232326,0.009931469277482355,0.023561816739103847,98.0,0.0167466430082931,0.006815173730810746,0.03417043816188604,1.9844674545084815,ExtraTreesRegressor,"{'mode': 'original', 'type': 'ExtraTreesRegressor'}",2,"['z_pe_T2W40', 'z_l2_T2W40']",0.09993863588227979,0.15126631055093903,98.0,0.12560247321660942,0.02566383733432963,0.12867530620163511,1.9844674545084815,3.4008833505876,3.486432296883174,98.0,3.443657823735387,0.04277447314778696,0.21446591786733973,1.9844674545084815,completed,True,COMPLETE
210,2.802023325914378,2026-06-12 03:18:15.234549,2026-06-12 03:18:30.281629,0 days 00:00:15.047080,,,,,,17.0,log2,3.0,12.0,274.0,,,,,ExtraTreesRegressor,,,,,,2,,,,,,,,True,-0.0022659437380132073,0.006165781280625296,98.0,0.0019499187713060443,0.004215862509319252,0.021137813189183334,1.9844674545084815,2.776172523385098,2.827874128443658,98.0,2.802023325914378,0.02585080252928002,0.12961272656461056,1.9844674545084815,642517323412035.2,862709296613171.5,98.0,752613310012603.4,110095986600568.16,552007659760569.2,1.9844674545084815,8.343246640415966,8.751677362020288,98.0,8.547462001218127,0.20421536080216152,1.0239105609956878,1.9844674545084815,2.3762447482498184,2.444570782613763,98.0,2.4104077654317906,0.034163017181972385,0.17128914274958118,1.9844674545084815,99.0,0.32323232323232326,0.009931469277482355,0.023561816739103847,98.0,0.0167466430082931,0.006815173730810746,0.03417043816188604,1.9844674545084815,ExtraTreesRegressor,"{'mode': 'original', 'type': 'ExtraTreesRegressor'}",2,"['z_pe_T2W40', 'z_l2_T2W40']",0.09993863588227979,0.15126631055093903,98.0,0.12560247321660942,0.02566383733432963,0.12867530620163511,1.9844674545084815,3.4008833505876,3.486432296883174,98.0,3.443657823735387,0.04277447314778696,0.21446591786733973,1.9844674545084815,completed,True,COMPLETE
211,2.8019916681198285,2026-06-12 03:18:30.294211,2026-06-12 03:18:45.495163,0 days 00:00:15.200952,,,,,,17.0,log2,3.0,12.0,275.0,,,,,ExtraTreesRegressor,,,,,,2,,,,,,,,True,-0.0022539347471301724,0.006174528964622353,98.0,0.0019602971087460904,0.004214231855876263,0.02112963729450508,1.9844674545084815,2.776154350098562,2.827828986141095,98.0,2.8019916681198285,0.025837318021266535,0.1295451169092418,1.9844674545084815,642469870756106.4,862629866467716.4,98.0,752549868611911.4,110079997855804.98,551927494171870.3,1.9844674545084815,8.342684844929583,8.751019898657841,98.0,8.546852371793712,0.2041675268641292,1.0236707275466617,1.9844674545084815,2.376148810275184,2.4444461245859874,98.0,2.4102974674305857,0.03414865715540177,0.17121714335245414,1.9844674545084815,99.0,0.32323232323232326,0.009971920411801801,0.02359282088663544,98.0,0.01678237064921862,0.00681045023741682,0.034146755150226984,1.9844674545084815,ExtraTreesRegressor,"{'mode': 'original', 'type': 'ExtraTreesRegressor'}",2,"['z_pe_T2W40', 'z_l2_T2W40']",0.09971374144819044,0.1510681297518402,98.0,0.12539093560001532,0.025677194151824883,0.12874227563253865,1.9844674545084815,3.400827499156479,3.4863611278124647,98.0,3.4435943134844718,0.04276681432799268,0.2144275174921607,1.9844674545084815,completed,True,COMPLETE
212,2.8020250730401286,2026-06-12 03:18:45.509044,2026-06-12 03:19:00.478195,0 days 00:00:14.969151,,,,,,17.0,log2,3.0,12.0,272.0,,,,,ExtraTreesRegressor,,,,,,2,,,,,,,,True,-0.0022673734272020503,0.006164609271153838,98.0,0.001948617921975894,0.004215991349177944,0.021138459176299456,1.9844674545084815,2.7761828186732638,2.8278673274069934,98.0,2.8020250730401286,0.025842254366864912,0.12956986713552768,1.9844674545084815,642380848446935.0,862549673979881.0,98.0,752465261213408.0,110084412766473.03,551949629987908.3,1.9844674545084815,8.34351708870523,8.751925889496828,98.0,8.54772148910103,0.20420440039579865,1.0238556068738056,1.9844674545084815,2.3760911817134365,2.4445594164880977,98.0,2.410325299100767,0.0342341173873305,0.171645630385326,1.9844674545084815,99.0,0.32323232323232326,0.009927248302487377,0.023571740997437557,98.0,0.016749494649962466,0.006822246347475089,0.03420589938707522,1.9844674545084815,ExtraTreesRegressor,"{'mode': 'original', 'type': 'ExtraTreesRegressor'}",2,"['z_pe_T2W40', 'z_l2_T2W40']",0.10035823190605889,0.15176953027068837,98.0,0.12606388108837363,0.025705649182314747,0.12888494563599767,1.9844674545084815,3.400883217665332,3.486412780669086,98.0,3.443647999167209,0.04276478150187717,0.21441732515344455,1.9844674545084815,completed,True,COMPLETE
213,2.8027690774986755,2026-06-12 03:19:00.491559,2026-06-12 03:19:14.691576,0 days 00:00:14.200017,,,,,,17.0,log2,3.0,12.0,257.0,,,,,ExtraTreesRegressor,,,,,,2,,,,,,,,True,-0.0025184649902237643,0.005883301929554351,98.0,0.001682418469665293,0.004200883459889057,0.02106271008800129,1.9844674545084815,2.776953299250442,2.828584855746909,98.0,2.8027690774986755,0.025815778248233605,0.12943711915136877,1.9844674545084815,642596404967439.8,862783827264262.2,98.0,752690116115851.0,110093711148411.27,551996250924890.44,1.9844674545084815,8.344398676896846,8.752332969533375,98.0,8.54836582321511,0.20396714631826482,1.0226660442734608,1.9844674545084815,2.377248998973663,2.445353430999068,98.0,2.4113012149863655,0.034052216012702495,0.17073359939113608,1.9844674545084815,99.0,0.3333333333333333,0.009410074103231345,0.023007106986803617,98.0,0.01620859054501748,0.006798516441786136,0.0340869205749481,1.9844674545084815,ExtraTreesRegressor,"{'mode': 'original', 'type': 'ExtraTreesRegressor'}",2,"['z_pe_T2W40', 'z_l2_T2W40']",0.09872236030063743,0.15006575626658694,98.0,0.12439405828361219,0.02567169798297476,0.12871471852170943,1.9844674545084815,3.4018471278448166,3.4873376494504624,98.0,3.4445923886476395,0.04274526080282284,0.21431945078277415,1.9844674545084815,completed,True,COMPLETE
214,2.8019916681198285,2026-06-12 03:19:14.704420,2026-06-12 03:19:29.814831,0 days 00:00:15.110411,,,,,,17.0,log2,3.0,12.0,275.0,,,,,ExtraTreesRegressor,,,,,,2,,,,,,,,True,-0.0022539347471301724,0.006174528964622353,98.0,0.0019602971087460904,0.004214231855876263,0.02112963729450508,1.9844674545084815,2.776154350098562,2.827828986141095,98.0,2.8019916681198285,0.025837318021266535,0.1295451169092418,1.9844674545084815,642469870756106.4,862629866467716.4,98.0,752549868611911.4,110079997855804.98,551927494171870.3,1.9844674545084815,8.342684844929583,8.751019898657841,98.0,8.546852371793712,0.2041675268641292,1.0236707275466617,1.9844674545084815,2.376148810275184,2.4444461245859874,98.0,2.4102974674305857,0.03414865715540177,0.17121714335245414,1.9844674545084815,99.0,0.32323232323232326,0.009971920411801801,0.02359282088663544,98.0,0.01678237064921862,0.00681045023741682,0.034146755150226984,1.9844674545084815,ExtraTreesRegressor,"{'mode': 'original', 'type': 'ExtraTreesRegressor'}",2,"['z_pe_T2W40', 'z_l2_T2W40']",0.09971374144819044,0.1510681297518402,98.0,0.12539093560001532,0.025677194151824883,0.12874227563253865,1.9844674545084815,3.400827499156479,3.4863611278124647,98.0,3.4435943134844718,0.04276681432799268,0.2144275174921607,1.9844674545084815,completed,True,COMPLETE
215,2.8019751720402266,2026-06-12 03:19:29.848166,2026-06-12 03:19:44.847774,0 days 00:00:14.999608,,,,,,17.0,log2,3.0,12.0,273.0,,,,,ExtraTreesRegressor,,,,,,2,,,,,,,,True,-0.0022588747784943707,0.00619275948843049,98.0,0.0019669423549680595,0.00422581713346243,0.02118772444341468,1.9844674545084815,2.776114118697454,2.8278362253829994,98.0,2.8019751720402266,0.025861053342772992,0.12966412287560805,1.9844674545084815,642404911841641.6,862558118747138.6,98.0,752481515294390.1,110076603452748.52,551910475054776.75,1.9844674545084815,8.343931480382912,8.752685748982218,98.0,8.548308614682565,0.20437713429965318,1.024721673303402,1.9844674545084815,2.3760212424640836,2.4444872278672825,98.0,2.410254235165683,0.03423299270159936,0.17163999135017508,1.9844674545084815,99.0,0.32323232323232326,0.009913992134796323,0.023590531246847776,98.0,0.01675226169082205,0.006838269556025727,0.03428623777294193,1.9844674545084815,ExtraTreesRegressor,"{'mode': 'original', 'type': 'ExtraTreesRegressor'}",2,"['z_pe_T2W40', 'z_l2_T2W40']",0.09996362377432504,0.15127878636546815,98.0,0.1256212050698966,0.025657581295571566,0.12864393919707082,1.9844674545084815,3.4008584795396537,3.4864316133497217,98.0,3.4436450464446877,0.04278656690503397,0.2145265544703783,1.9844674545084815,completed,True,COMPLETE
216,2.8020250730401286,2026-06-12 03:19:44.871616,2026-06-12 03:19:59.842842,0 days 00:00:14.971226,,,,,,17.0,log2,3.0,12.0,272.0,,,,,ExtraTreesRegressor,,,,,,2,,,,,,,,True,-0.0022673734272020503,0.006164609271153838,98.0,0.001948617921975894,0.004215991349177944,0.021138459176299456,1.9844674545084815,2.7761828186732638,2.8278673274069934,98.0,2.8020250730401286,0.025842254366864912,0.12956986713552768,1.9844674545084815,642380848446935.0,862549673979881.0,98.0,752465261213408.0,110084412766473.03,551949629987908.3,1.9844674545084815,8.34351708870523,8.751925889496828,98.0,8.54772148910103,0.20420440039579865,1.0238556068738056,1.9844674545084815,2.3760911817134365,2.4445594164880977,98.0,2.410325299100767,0.0342341173873305,0.171645630385326,1.9844674545084815,99.0,0.32323232323232326,0.009927248302487377,0.023571740997437557,98.0,0.016749494649962466,0.006822246347475089,0.03420589938707522,1.9844674545084815,ExtraTreesRegressor,"{'mode': 'original', 'type': 'ExtraTreesRegressor'}",2,"['z_pe_T2W40', 'z_l2_T2W40']",0.10035823190605889,0.15176953027068837,98.0,0.12606388108837363,0.025705649182314747,0.12888494563599767,1.9844674545084815,3.400883217665332,3.486412780669086,98.0,3.443647999167209,0.04276478150187717,0.21441732515344455,1.9844674545084815,completed,True,COMPLETE
