number,value,datetime_start,datetime_complete,duration,params_dt_max_depth,params_dt_min_samples_leaf,params_dt_min_samples_split,params_elastic_alpha,params_elastic_l1_ratio,params_et_max_depth,params_et_max_features,params_et_min_samples_leaf,params_et_min_samples_split,params_et_n_estimators,params_knn_metric,params_knn_n_neighbors,params_knn_weights,params_quantile_alpha,params_regressor,params_rf_max_depth,params_rf_max_features,params_rf_min_samples_leaf,params_rf_min_samples_split,params_rf_n_estimators,params_rfe_n_features,params_rfe_proxy_et_max_depth,params_rfe_proxy_et_min_samples_leaf,params_rfe_proxy_et_min_samples_split,params_rfe_proxy_et_n_estimators,params_rfe_proxy_lsvr_C,params_rfe_proxy_lsvr_epsilon,params_rfe_proxy_type,params_use_scaler,user_attrs_d2mae_ci_lower_val,user_attrs_d2mae_ci_upper_val,user_attrs_d2mae_df_val,user_attrs_d2mae_mean_val,user_attrs_d2mae_samperror_val,user_attrs_d2mae_std_val,user_attrs_d2mae_t_critical_val,user_attrs_mae_ci_lower_val,user_attrs_mae_ci_upper_val,user_attrs_mae_df_val,user_attrs_mae_mean_val,user_attrs_mae_samperror_val,user_attrs_mae_std_val,user_attrs_mae_t_critical_val,user_attrs_mape_ci_lower_val,user_attrs_mape_ci_upper_val,user_attrs_mape_df_val,user_attrs_mape_mean_val,user_attrs_mape_samperror_val,user_attrs_mape_std_val,user_attrs_mape_t_critical_val,user_attrs_max_error_ci_lower_val,user_attrs_max_error_ci_upper_val,user_attrs_max_error_df_val,user_attrs_max_error_mean_val,user_attrs_max_error_samperror_val,user_attrs_max_error_std_val,user_attrs_max_error_t_critical_val,user_attrs_median_ae_ci_lower_val,user_attrs_median_ae_ci_upper_val,user_attrs_median_ae_df_val,user_attrs_median_ae_mean_val,user_attrs_median_ae_samperror_val,user_attrs_median_ae_std_val,user_attrs_median_ae_t_critical_val,user_attrs_n_splits_val,user_attrs_r2_below_zero_val,user_attrs_r2_ci_lower_val,user_attrs_r2_ci_upper_val,user_attrs_r2_df_val,user_attrs_r2_mean_val,user_attrs_r2_samperror_val,user_attrs_r2_std_val,user_attrs_r2_t_critical_val,user_attrs_regressor_final,user_attrs_rfe_estimator,user_attrs_rfe_n_features,user_attrs_rfe_selected_features,user_attrs_rho_ci_lower_val,user_attrs_rho_ci_upper_val,user_attrs_rho_df_val,user_attrs_rho_mean_val,user_attrs_rho_samperror_val,user_attrs_rho_std_val,user_attrs_rho_t_critical_val,user_attrs_rmse_ci_lower_val,user_attrs_rmse_ci_upper_val,user_attrs_rmse_df_val,user_attrs_rmse_mean_val,user_attrs_rmse_samperror_val,user_attrs_rmse_std_val,user_attrs_rmse_t_critical_val,user_attrs_termination_reason,user_attrs_use_scaler_final,state
143,2.8034454022094772,2026-06-12 03:03:47.190407,2026-06-12 03:04:01.091618,0 days 00:00:13.901211,,,,,,15.0,log2,3.0,11.0,253.0,,,,,ExtraTreesRegressor,,,,,,2,,,,,,,,True,-0.002772319193419661,0.005674355058345416,98.0,0.0014510179324628775,0.0042233371258825385,0.02117528999214507,1.9844674545084815,2.777486480696935,2.8294043237220197,98.0,2.8034454022094772,0.025958921512542577,0.130154821774157,1.9844674545084815,642751033816730.9,862882703873266.1,98.0,752816868844998.5,110065835028267.67,551856483506306.0,1.9844674545084815,8.341526564011534,8.750084817119912,98.0,8.545805690565723,0.2042791265541891,1.024230274589584,1.9844674545084815,2.3816833404727906,2.448055417856596,98.0,2.4148693791646934,0.03318603869190289,0.16639069343647156,1.9844674545084815,99.0,0.3333333333333333,0.00900832413738355,0.022743984282811453,98.0,0.015876154210097502,0.006867830072713952,0.03443445054746914,1.9844674545084815,ExtraTreesRegressor,"{'mode': 'original', 'type': 'ExtraTreesRegressor'}",2,"['z_pe_T2W40', 'z_l2_T2W40']",0.09657684821824622,0.14810784380639072,98.0,0.12234234601231847,0.025765497794072254,0.12918501917306527,1.9844674545084815,3.4022891381836815,3.488126793322816,98.0,3.445207965753249,0.04291882756956712,0.21518969308388836,1.9844674545084815,completed,True,COMPLETE
144,2.8059432881322537,2026-06-12 03:04:01.104229,2026-06-12 03:04:14.117262,0 days 00:00:13.013033,,,,,,15.0,log2,3.0,11.0,234.0,,,,,ExtraTreesRegressor,,,,,,3,,,,,,,,True,-0.0028790014379267027,0.004011532310645133,98.0,0.0005662654363592149,0.0034452668742859177,0.017274141985075472,1.9844674545084815,2.7807437470860648,2.8311428291784426,98.0,2.8059432881322537,0.025199541046188784,0.12634738203867726,1.9844674545084815,650495363326211.9,873274833843306.4,98.0,761885098584759.1,111389735258547.2,558494355516340.9,1.9844674545084815,8.192179793073453,8.530982182051734,98.0,8.361580987562593,0.16940119448913926,0.8493566370394127,1.9844674545084815,2.364785722789388,2.4252219765940373,98.0,2.3950038496917125,0.030218126902324772,0.15150995080518326,1.9844674545084815,99.0,0.23232323232323232,0.012618377067638247,0.022510542465459908,98.0,0.01756445976654908,0.004946082698910831,0.02479904690362181,1.9844674545084815,ExtraTreesRegressor,"{'mode': 'original', 'type': 'ExtraTreesRegressor'}",3,"['z_re_T2W40', 'z_pe_T2W40', 'z_l2_T2W40']",0.08449229333097558,0.134990792695313,98.0,0.10974154301314429,0.025249249682168712,0.12659661499134356,1.9844674545084815,3.4011567032088226,3.483124596900471,98.0,3.4421406500546468,0.040983946845824105,0.2054884404478208,1.9844674545084815,completed,True,COMPLETE
145,2.8034454022094772,2026-06-12 03:04:14.173108,2026-06-12 03:04:28.115517,0 days 00:00:13.942409,,,,,,15.0,log2,3.0,11.0,253.0,,,,,ExtraTreesRegressor,,,,,,2,,,,,,,,True,-0.002772319193419661,0.005674355058345416,98.0,0.0014510179324628775,0.0042233371258825385,0.02117528999214507,1.9844674545084815,2.777486480696935,2.8294043237220197,98.0,2.8034454022094772,0.025958921512542577,0.130154821774157,1.9844674545084815,642751033816730.9,862882703873266.1,98.0,752816868844998.5,110065835028267.67,551856483506306.0,1.9844674545084815,8.341526564011534,8.750084817119912,98.0,8.545805690565723,0.2042791265541891,1.024230274589584,1.9844674545084815,2.3816833404727906,2.448055417856596,98.0,2.4148693791646934,0.03318603869190289,0.16639069343647156,1.9844674545084815,99.0,0.3333333333333333,0.00900832413738355,0.022743984282811453,98.0,0.015876154210097502,0.006867830072713952,0.03443445054746914,1.9844674545084815,ExtraTreesRegressor,"{'mode': 'original', 'type': 'ExtraTreesRegressor'}",2,"['z_pe_T2W40', 'z_l2_T2W40']",0.09657684821824622,0.14810784380639072,98.0,0.12234234601231847,0.025765497794072254,0.12918501917306527,1.9844674545084815,3.4022891381836815,3.488126793322816,98.0,3.445207965753249,0.04291882756956712,0.21518969308388836,1.9844674545084815,completed,True,COMPLETE
146,2.803695758886091,2026-06-12 03:04:28.128534,2026-06-12 03:04:41.767902,0 days 00:00:13.639368,,,,,,16.0,log2,3.0,11.0,246.0,,,,,ExtraTreesRegressor,,,,,,2,,,,,,,,True,-0.0028093377398403225,0.0055327452152366015,98.0,0.0013617037376981397,0.004171041477538462,0.02091308607945561,1.9844674545084815,2.777800479366367,2.829591038405815,98.0,2.803695758886091,0.025895279519724188,0.1298357286936287,1.9844674545084815,643118394590694.1,863417391914189.4,98.0,753267893252441.8,110149498661747.61,552275962616765.1,1.9844674545084815,8.339939305425544,8.747429985989504,98.0,8.543684645707524,0.20374534028197952,1.0215539362412684,1.9844674545084815,2.3830109553560055,2.448928012227536,98.0,2.4159694837917707,0.03295852843576509,0.16524998515145672,1.9844674545084815,99.0,0.32323232323232326,0.00899103178716488,0.02256363353471163,98.0,0.015777332660938254,0.006786300873773373,0.034025673227796066,1.9844674545084815,ExtraTreesRegressor,"{'mode': 'original', 'type': 'ExtraTreesRegressor'}",2,"['z_pe_T2W40', 'z_l2_T2W40']",0.09638484390819702,0.14773274074972556,98.0,0.12205879232896129,0.02567394842076428,0.1287260019384441,1.9844674545084815,3.402533813426015,3.4882290561018947,98.0,3.445381434763955,0.04284762133793995,0.21483267384554422,1.9844674545084815,completed,True,COMPLETE
147,2.8035891029461832,2026-06-12 03:04:41.803688,2026-06-12 03:04:55.012604,0 days 00:00:13.208916,,,,,,16.0,log2,3.0,11.0,238.0,,,,,ExtraTreesRegressor,,,,,,2,,,,,,,,True,-0.002755187137780406,0.005559567899345507,98.0,0.0014021903807825504,0.004157377518562957,0.020844576679158414,1.9844674545084815,2.7776811610149625,2.829497044877404,98.0,2.8035891029461832,0.025907941931220677,0.12989921645874097,1.9844674545084815,643221216980975.2,863498037411298.2,98.0,753359627196136.8,110138410215161.44,552220366517039.75,1.9844674545084815,8.339250390819583,8.745822307299594,98.0,8.542536349059588,0.20328595824000567,1.0192506515007809,1.9844674545084815,2.3839894062856763,2.4498830981086166,98.0,2.4169362521971465,0.03294684591147002,0.16519141041957644,1.9844674545084815,99.0,0.32323232323232326,0.008952790842374079,0.02245087356920317,98.0,0.015701832205788625,0.006749041363414545,0.033838858651242774,1.9844674545084815,ExtraTreesRegressor,"{'mode': 'original', 'type': 'ExtraTreesRegressor'}",2,"['z_pe_T2W40', 'z_l2_T2W40']",0.09635904367704222,0.14750309520951774,98.0,0.12193106944327997,0.025572025766237756,0.12821497435479665,1.9844674545084815,3.4026732470185266,3.4883765210925226,98.0,3.4455248840555246,0.042851637036997986,0.21485280806394555,1.9844674545084815,completed,True,COMPLETE
148,2.8059349644207994,2026-06-12 03:04:55.025235,2026-06-12 03:05:09.830356,0 days 00:00:14.805121,,,,,,16.0,log2,3.0,11.0,273.0,,,,,ExtraTreesRegressor,,,,,,3,,,,,,,,True,-0.0029218592041317065,0.004050497416023077,98.0,0.0005643191059456855,0.003486178310077392,0.0174792668640652,1.9844674545084815,2.7807488746269318,2.831121054214667,98.0,2.8059349644207994,0.025186089793867668,0.12627993912323687,1.9844674545084815,649877885451921.1,872368488930158.6,98.0,761123187191039.9,111245301739118.77,557770183713966.9,1.9844674545084815,8.192518708773585,8.531333996545525,98.0,8.361926352659555,0.16940764388597004,0.8493889735174383,1.9844674545084815,2.3605474249430736,2.4230488771910834,98.0,2.3917981510670785,0.03125072612400472,0.1566872755872221,1.9844674545084815,99.0,0.24242424242424243,0.0124471494428583,0.022520587389169042,98.0,0.01748386841601367,0.005036718973155372,0.02525348597247419,1.9844674545084815,ExtraTreesRegressor,"{'mode': 'original', 'type': 'ExtraTreesRegressor'}",3,"['z_re_T2W40', 'z_pe_T2W40', 'z_l2_T2W40']",0.08633674415914772,0.1361924969456062,98.0,0.11126462055237696,0.024927876393229242,0.1249852890691676,1.9844674545084815,3.401292422641019,3.4832167347702043,98.0,3.4422545787056116,0.040962156064592935,0.20537918416588735,1.9844674545084815,completed,True,COMPLETE
149,2.803293189554948,2026-06-12 03:05:09.844243,2026-06-12 03:05:22.216229,0 days 00:00:12.371986,,,,,,15.0,log2,3.0,11.0,221.0,,,,,ExtraTreesRegressor,,,,,,2,,,,,,,,True,-0.00265430243628149,0.005664069167957271,98.0,0.0015048833658378904,0.004159185802119381,0.020853643189255523,1.9844674545084815,2.7774200528893735,2.829166326220523,98.0,2.803293189554948,0.02587313666557463,0.12972470716162807,1.9844674545084815,642639385210655.6,862802708518616.4,98.0,752721046864636.0,110081661653980.39,551935836250137.44,1.9844674545084815,8.342582691668406,8.748837338058705,98.0,8.545710014863555,0.2031273231951484,1.0184552750064009,1.9844674545084815,2.3839002112839243,2.4502005354630745,98.0,2.4170503733734994,0.03315016208957503,0.16621081258974268,1.9844674545084815,99.0,0.3333333333333333,0.008944888927591843,0.022411819512322052,98.0,0.015678354219956947,0.006733465292365104,0.03376076215750354,1.9844674545084815,ExtraTreesRegressor,"{'mode': 'original', 'type': 'ExtraTreesRegressor'}",2,"['z_pe_T2W40', 'z_l2_T2W40']",0.09663707037749093,0.1477118067564211,98.0,0.12217443856695602,0.025537368189465087,0.12804120555142817,1.9844674545084815,3.4027551649740615,3.4883540297705466,98.0,3.445554597372304,0.042799432398242715,0.214591060462078,1.9844674545084815,completed,True,COMPLETE
150,3.462412698412698,2026-06-12 03:05:22.229320,2026-06-12 03:05:22.403882,0 days 00:00:00.174562,13.0,3.0,9.0,,,,,,,,,,,,DecisionTreeRegressor,,,,,,2,,,,,,,,True,,,,,,,,,,,,,,,,,,,,,,,,,,,,,,,,,,,,,,,,,,,,,DecisionTreeRegressor,"{'mode': 'original', 'type': 'DecisionTreeRegressor'}",2,"['z_re_T2W40', 'z_l2_T2W40']",,,,,,,,,,,,,,,pruned,True,PRUNED
151,2.803684997088594,2026-06-12 03:05:22.415077,2026-06-12 03:05:34.556277,0 days 00:00:12.141200,,,,,,15.0,log2,3.0,11.0,216.0,,,,,ExtraTreesRegressor,,,,,,2,,,,,,,,True,-0.0027728950101419104,0.005506647929074529,98.0,0.0013668764594663096,0.00413977146960822,0.020756302127276756,1.9844674545084815,2.777812642941818,2.82955735123537,98.0,2.803684997088594,0.02587235414677594,0.12972078370915607,1.9844674545084815,643172962487809.0,863481109051069.8,98.0,753327035769439.4,110154073281630.31,552298899195052.06,1.9844674545084815,8.34401736811224,8.748460860445796,98.0,8.546239114279018,0.20222174616677713,1.013914823791065,1.9844674545084815,2.3845040749009496,2.450597167090487,98.0,2.4175506209957183,0.03304654609476843,0.16569129480736913,1.9844674545084815,99.0,0.3434343434343434,0.008697670085451628,0.02206888535637773,98.0,0.01538327772091468,0.006685607635463052,0.03352080978499817,1.9844674545084815,ExtraTreesRegressor,"{'mode': 'original', 'type': 'ExtraTreesRegressor'}",2,"['z_pe_T2W40', 'z_l2_T2W40']",0.09436046008862263,0.14527440987092038,98.0,0.1198174349797715,0.02545697489114887,0.1276381234969935,1.9844674545084815,3.4033014401824953,3.4888491722086585,98.0,3.446075306195577,0.04277386601308179,0.2144628737690206,1.9844674545084815,completed,True,COMPLETE
152,2.803118451656331,2026-06-12 03:05:34.568770,2026-06-12 03:05:46.778313,0 days 00:00:12.209543,,,,,,16.0,log2,3.0,12.0,215.0,,,,,ExtraTreesRegressor,,,,,,2,,,,,,,,True,-0.002527345756299511,0.005650339515550452,98.0,0.0015614968796254702,0.004088842635924982,0.020500951254244344,1.9844674545084815,2.7773933735321323,2.8288435297805297,98.0,2.803118451656331,0.02572507812419875,0.12898235994756493,1.9844674545084815,643271352531499.8,863606976867621.8,98.0,753439164699560.8,110167812168060.97,552367784272342.1,1.9844674545084815,8.344430026914923,8.747090257103723,98.0,8.545760142009323,0.2013301150944001,1.0094442958741998,1.9844674545084815,2.381968962750207,2.4486608249307826,98.0,2.415314893840495,0.03334593109028793,0.16719237414592603,1.9844674545084815,99.0,0.31313131313131315,0.009240492995266917,0.022318066166836122,98.0,0.01577927958105152,0.006538786585784602,0.03278466720124868,1.9844674545084815,ExtraTreesRegressor,"{'mode': 'original', 'type': 'ExtraTreesRegressor'}",2,"['z_pe_T2W40', 'z_l2_T2W40']",0.09578601895844202,0.14698882430245963,98.0,0.12138742163045083,0.025601402672008812,0.1283622665268948,1.9844674545084815,3.402793155730429,3.4879237825438314,98.0,3.44535846913713,0.04256531340670115,0.21341721679514003,1.9844674545084815,completed,True,COMPLETE
153,2.803331003953913,2026-06-12 03:05:46.791002,2026-06-12 03:05:57.277376,0 days 00:00:10.486374,,,,,,16.0,log2,3.0,12.0,181.0,,,,,ExtraTreesRegressor,,,,,,2,,,,,,,,True,-0.00253157971543334,0.005505357043797607,98.0,0.0014868886641821333,0.0040184683796154735,0.020148103437241348,1.9844674545084815,2.7776711559579876,2.828990851949839,98.0,2.803331003953913,0.02565984799592541,0.12865530415229162,1.9844674545084815,644693107045505.4,865438895541586.1,98.0,755066001293545.8,110372894248040.39,553396040456093.75,1.9844674545084815,8.328129237332313,8.726347722697497,98.0,8.527238480014905,0.19910924268259164,0.9983091162866192,1.9844674545084815,2.3808386853502665,2.446438170286496,98.0,2.4136384278183813,0.032799742468114776,0.16445385194885898,1.9844674545084815,99.0,0.30303030303030304,0.010189843395136393,0.022942977575915187,98.0,0.01656641048552579,0.006376567090389396,0.03197131871520872,1.9844674545084815,ExtraTreesRegressor,"{'mode': 'original', 'type': 'ExtraTreesRegressor'}",2,"['z_pe_T2W40', 'z_l2_T2W40']",0.098257470734869,0.15008909790437297,98.0,0.12417328431962098,0.02591581358475198,0.12993868395595343,1.9844674545084815,3.4015519242427246,3.4864222729247816,98.0,3.443987098583753,0.04243517434102843,0.21276471561590943,1.9844674545084815,completed,True,COMPLETE
154,2.803283155646493,2026-06-12 03:05:57.290220,2026-06-12 03:06:08.311802,0 days 00:00:11.021582,,,,,,14.0,log2,3.0,12.0,191.0,,,,,ExtraTreesRegressor,,,,,,2,,,,,,,,True,-0.00254448183512851,0.005550248098628418,98.0,0.0015028831317499536,0.004047364966878464,0.020292987351747525,1.9844674545084815,2.77760424209627,2.828962069196716,98.0,2.803283155646493,0.025678913550223028,0.1287508964834458,1.9844674545084815,644104841033328.9,864676055343962.9,98.0,754390448188645.9,110285607155317.03,552958393769150.1,1.9844674545084815,8.333673941257379,8.734489041385745,98.0,8.534081491321562,0.20040755006418293,1.0048186689187437,1.9844674545084815,2.381934792564387,2.4468748477882354,98.0,2.414404820176311,0.032470027611924475,0.16280070244020137,1.9844674545084815,99.0,0.31313131313131315,0.009890261977642019,0.022794451091336557,98.0,0.01634235653448929,0.00645209455684727,0.03235000409052866,1.9844674545084815,ExtraTreesRegressor,"{'mode': 'original', 'type': 'ExtraTreesRegressor'}",2,"['z_pe_T2W40', 'z_l2_T2W40']",0.09728994320348476,0.14972807047530912,98.0,0.12350900683939693,0.02621906363591217,0.13145914220544921,1.9844674545084815,3.4018778348824386,3.4868763956696265,98.0,3.4443771152760325,0.042499280393593825,0.2130861354346127,1.9844674545084815,completed,True,COMPLETE
155,2.803912492571112,2026-06-12 03:06:08.325565,2026-06-12 03:06:19.907173,0 days 00:00:11.581608,,,,,,14.0,log2,3.0,12.0,204.0,,,,,ExtraTreesRegressor,,,,,,2,,,,,,,,True,-0.002798384962244671,0.0053577723840671715,98.0,0.00127969371091125,0.004078078673155921,0.02044698207624464,1.9844674545084815,2.7781815437330897,2.829643441409134,98.0,2.803912492571112,0.02573094883802198,0.1290117949805643,1.9844674545084815,643791432909114.6,864257634319729.6,98.0,754024533614422.1,110233100705307.5,552695132922982.8,1.9844674545084815,8.341681806930975,8.743985048519367,98.0,8.54283342772517,0.20115162079419646,1.0085493475297749,1.9844674545084815,2.381603330932673,2.447847640086638,98.0,2.4147254855096554,0.033122154576982206,0.16607038638566887,1.9844674545084815,99.0,0.31313131313131315,0.008989509807532318,0.022025992876758674,98.0,0.015507751342145496,0.006518241534613178,0.03268165685575857,1.9844674545084815,ExtraTreesRegressor,"{'mode': 'original', 'type': 'ExtraTreesRegressor'}",2,"['z_pe_T2W40', 'z_l2_T2W40']",0.09323147057246864,0.14521101436817488,98.0,0.11922124247032176,0.02598977189785312,0.13030950179042106,1.9844674545084815,3.403276639276012,3.4883945084653383,98.0,3.445835573870675,0.0425589345946631,0.21338523422053493,1.9844674545084815,completed,True,COMPLETE
156,3.0404938271604935,2026-06-12 03:06:19.919943,2026-06-12 03:06:20.057561,0 days 00:00:00.137618,,,,,,,,,,,manhattan,9.0,uniform,,KNeighborsRegressor,,,,,,2,,,,,2.1549622207027137,0.20421189210893173,LinearSVR,,,,,,,,,,,,,,,,,,,,,,,,,,,,,,,,,,,,,,,,,,,,,,KNeighborsRegressor,"{'mode': 'proxy', 'type': 'LinearSVR'}",2,"['z_l1_T2W40', 'z_density_T2W40']",,,,,,,,,,,,,,,pruned,True,PRUNED
157,2.8030749569366877,2026-06-12 03:06:20.066977,2026-06-12 03:06:30.248941,0 days 00:00:10.181964,,,,,,17.0,log2,3.0,12.0,174.0,,,,,ExtraTreesRegressor,,,,,,2,,,,,,,,True,-0.0024678057034771533,0.005626115372558948,98.0,0.0015791548345408973,0.004046960538018051,0.020290959595462583,1.9844674545084815,2.777373782568025,2.8287761313053505,98.0,2.8030749569366877,0.025701174368663014,0.1288625094738084,1.9844674545084815,644139325836846.4,864714097196583.4,98.0,754426711516714.9,110287385679868.45,552967311071276.9,1.9844674545084815,8.326164486526947,8.724924685836308,98.0,8.525544586181628,0.1993800996546806,0.9996671596441405,1.9844674545084815,2.3800498163166632,2.445926284857547,98.0,2.412988050587105,0.03293823427044186,0.16514823271657897,1.9844674545084815,99.0,0.30303030303030304,0.010342113398617727,0.02327845380363918,98.0,0.016810283601128455,0.0064681702025107275,0.03243060538959345,1.9844674545084815,ExtraTreesRegressor,"{'mode': 'original', 'type': 'ExtraTreesRegressor'}",2,"['z_pe_T2W40', 'z_l2_T2W40']",0.09950627467501127,0.15119184853770318,98.0,0.12534906160635723,0.025842786931345955,0.1295725373479662,1.9844674545084815,3.4010851547949,3.4860060407909956,98.0,3.443545597792948,0.04246044299804759,0.21289140953688807,1.9844674545084815,completed,True,COMPLETE
158,2.8033239016661406,2026-06-12 03:06:30.283043,2026-06-12 03:06:40.549229,0 days 00:00:10.266186,,,,,,14.0,log2,3.0,12.0,176.0,,,,,ExtraTreesRegressor,,,,,,2,,,,,,,,True,-0.0025354529204815084,0.005515315744053727,98.0,0.0014899314117861097,0.004025384332267618,0.020182779168450113,1.9844674545084815,2.777652589307569,2.828995214024712,98.0,2.8033239016661406,0.025671312358571355,0.12871278504864614,1.9844674545084815,644388090919753.5,865046169122720.2,98.0,754717130021236.9,110329039101483.4,553176156175414.2,1.9844674545084815,8.326339743519357,8.724822885695618,98.0,8.525581314607487,0.19924157108813,0.9989725945451509,1.9844674545084815,2.380057477665535,2.445685314150968,98.0,2.4128713959082515,0.03281391824271646,0.1645249275294027,1.9844674545084815,99.0,0.30303030303030304,0.01026879038983797,0.023114060446765446,98.0,0.01669142541830171,0.006422635028463737,0.032202297658870595,1.9844674545084815,ExtraTreesRegressor,"{'mode': 'original', 'type': 'ExtraTreesRegressor'}",2,"['z_pe_T2W40', 'z_l2_T2W40']",0.09797725099333764,0.14945613855096945,98.0,0.12371669477215355,0.025739443778815912,0.12905438756302123,1.9844674545084815,3.401315599383346,3.4862055762142052,98.0,3.4437605877987756,0.04244498841542979,0.212813922171119,1.9844674545084815,completed,True,COMPLETE
