number,value,datetime_start,datetime_complete,duration,params_dt_max_depth,params_dt_min_samples_leaf,params_dt_min_samples_split,params_elastic_alpha,params_elastic_l1_ratio,params_et_max_depth,params_et_max_features,params_et_min_samples_leaf,params_et_min_samples_split,params_et_n_estimators,params_knn_metric,params_knn_n_neighbors,params_knn_weights,params_quantile_alpha,params_regressor,params_rf_max_depth,params_rf_max_features,params_rf_min_samples_leaf,params_rf_min_samples_split,params_rf_n_estimators,params_rfe_n_features,params_rfe_proxy_et_max_depth,params_rfe_proxy_et_min_samples_leaf,params_rfe_proxy_et_min_samples_split,params_rfe_proxy_et_n_estimators,params_rfe_proxy_lsvr_C,params_rfe_proxy_lsvr_epsilon,params_rfe_proxy_type,params_use_scaler,user_attrs_d2mae_ci_lower_val,user_attrs_d2mae_ci_upper_val,user_attrs_d2mae_df_val,user_attrs_d2mae_mean_val,user_attrs_d2mae_samperror_val,user_attrs_d2mae_std_val,user_attrs_d2mae_t_critical_val,user_attrs_mae_ci_lower_val,user_attrs_mae_ci_upper_val,user_attrs_mae_df_val,user_attrs_mae_mean_val,user_attrs_mae_samperror_val,user_attrs_mae_std_val,user_attrs_mae_t_critical_val,user_attrs_mape_ci_lower_val,user_attrs_mape_ci_upper_val,user_attrs_mape_df_val,user_attrs_mape_mean_val,user_attrs_mape_samperror_val,user_attrs_mape_std_val,user_attrs_mape_t_critical_val,user_attrs_max_error_ci_lower_val,user_attrs_max_error_ci_upper_val,user_attrs_max_error_df_val,user_attrs_max_error_mean_val,user_attrs_max_error_samperror_val,user_attrs_max_error_std_val,user_attrs_max_error_t_critical_val,user_attrs_median_ae_ci_lower_val,user_attrs_median_ae_ci_upper_val,user_attrs_median_ae_df_val,user_attrs_median_ae_mean_val,user_attrs_median_ae_samperror_val,user_attrs_median_ae_std_val,user_attrs_median_ae_t_critical_val,user_attrs_n_splits_val,user_attrs_r2_below_zero_val,user_attrs_r2_ci_lower_val,user_attrs_r2_ci_upper_val,user_attrs_r2_df_val,user_attrs_r2_mean_val,user_attrs_r2_samperror_val,user_attrs_r2_std_val,user_attrs_r2_t_critical_val,user_attrs_regressor_final,user_attrs_rfe_estimator,user_attrs_rfe_n_features,user_attrs_rfe_selected_features,user_attrs_rho_ci_lower_val,user_attrs_rho_ci_upper_val,user_attrs_rho_df_val,user_attrs_rho_mean_val,user_attrs_rho_samperror_val,user_attrs_rho_std_val,user_attrs_rho_t_critical_val,user_attrs_rmse_ci_lower_val,user_attrs_rmse_ci_upper_val,user_attrs_rmse_df_val,user_attrs_rmse_mean_val,user_attrs_rmse_samperror_val,user_attrs_rmse_std_val,user_attrs_rmse_t_critical_val,user_attrs_termination_reason,user_attrs_use_scaler_final,state
91,0.9928730463320011,2026-06-10 19:50:12.358154,2026-06-10 19:50:14.678895,0 days 00:00:02.320741,,,,,,,,,,,,,,0.008201449991142688,QuantileRegressor,,,,,,9,,,,,,,,False,0.009911023689622907,0.019380682029310106,98.0,0.014645852859466508,0.0047348291698436,0.023739847837450204,1.9844674545084815,0.981165548129865,1.0045805445341371,98.0,0.9928730463320011,0.011707498202136122,0.058699947961399004,1.9844674545084815,223437779052724.44,304018631018789.5,98.0,263728205035756.97,40290425983032.54,202011212618857.16,1.9844674545084815,3.096284489802316,3.1985590653973874,98.0,3.1474217775998516,0.05113728779753569,0.2563960361791673,1.9844674545084815,0.9902377025337751,0.99608267596996,98.0,0.9931601892518676,0.002922486718092529,0.014652986941190445,1.9844674545084815,99.0,0.15151515151515152,0.03091802004853724,0.04552633286282121,98.0,0.03822217645567923,0.007304156407141984,0.03662213682193214,1.9844674545084815,QuantileRegressor,"{'mode': 'original', 'type': 'QuantileRegressor'}",9,"['edges_T2W20', 'l2_T2W20', 'l3_T2W20', 'lcc_T2W20', 'lsc_T2W20', 'atd_T2W20', 'density_T2W20', 'diameter_T2W20', 'asp_T2W20']",0.20114344167315307,0.25665271375440746,97.0,0.22889807771378026,0.027754636040627202,0.13843586898558694,1.9847231860139845,1.2915401875337857,1.3223836053152866,98.0,1.3069618964245362,0.015421708890750464,0.0773225409676105,1.9844674545084815,completed,False,COMPLETE
92,1.0145333908675898,2026-06-10 19:50:14.696461,2026-06-10 19:50:16.967986,0 days 00:00:02.271525,,,,,,,,,,,,,,0.010229395588233225,QuantileRegressor,,,,,,9,,,,,,,,False,-0.010432981672923978,-0.0037015935723841605,98.0,-0.007067287622654069,0.0033656940502699087,0.016875173687302934,1.9844674545084815,1.003890759101645,1.0251760226335345,98.0,1.0145333908675898,0.010642631765944805,0.053360839356721555,1.9844674545084815,241710318615747.12,328744758508788.5,98.0,285227538562267.8,43517219946520.67,218189958450682.28,1.9844674545084815,2.9911352794946784,3.031681446568078,98.0,3.011408363031378,0.020273083536699838,0.10164673340750506,1.9844674545084815,0.9966974063974179,1.0010858914712346,98.0,0.9988916489343262,0.0021942425369083337,0.011001660688506998,1.9844674545084815,99.0,0.8686868686868687,-0.007343311632061408,-0.0024889830112514587,98.0,-0.004916147321656433,0.0024271643104049746,0.012169501652243805,1.9844674545084815,QuantileRegressor,"{'mode': 'original', 'type': 'QuantileRegressor'}",9,"['l1_T2W20', 'l2_T2W20', 'l3_T2W20', 'lcc_T2W20', 'lsc_T2W20', 'atd_T2W20', 'density_T2W20', 'diameter_T2W20', 'asp_T2W20']",-0.05093589142946996,0.057538571317048384,32.0,0.003301339943789217,0.05423723137325917,0.15295992595870037,2.0369333434601016,1.3215106381263078,1.3505079406490585,98.0,1.3360092893876832,0.01449865126137545,0.07269444418090337,1.9844674545084815,completed,False,COMPLETE
93,0.9927727036430753,2026-06-10 19:50:16.980219,2026-06-10 19:50:19.350843,0 days 00:00:02.370624,,,,,,,,,,,,,,0.007568649453817542,QuantileRegressor,,,,,,9,,,,,,,,False,0.01003069273121626,0.01945892144756444,98.0,0.014744807089390351,0.004714114358174091,0.02363598633381927,1.9844674545084815,0.9810727832227438,1.004472624063407,98.0,0.9927727036430753,0.011699920420331529,0.058661953900677195,1.9844674545084815,222931877824520.28,303517634029910.6,98.0,263224755927215.44,40292878102695.164,202023507243558.88,1.9844674545084815,3.0970446574628214,3.199516548095522,98.0,3.1482806027791717,0.05123594531635014,0.25689069277619775,1.9844674545084815,0.9892167526377186,0.9953145995815952,98.0,0.9922656761096569,0.003048923471938339,0.015286925186835708,1.9844674545084815,99.0,0.1414141414141414,0.0316488143787014,0.0462454040003976,98.0,0.0389471091895495,0.007298294810848102,0.03659274750309723,1.9844674545084815,QuantileRegressor,"{'mode': 'original', 'type': 'QuantileRegressor'}",9,"['edges_T2W20', 'l2_T2W20', 'l3_T2W20', 'lcc_T2W20', 'lsc_T2W20', 'atd_T2W20', 'density_T2W20', 'diameter_T2W20', 'asp_T2W20']",0.20337585651026738,0.2545522762125133,98.0,0.22896406636139033,0.02558820985112296,0.12829611935470714,1.9844674545084815,1.291007440096178,1.3219658347873018,98.0,1.3064866374417399,0.01547919734556187,0.07761078096966277,1.9844674545084815,completed,False,COMPLETE
94,0.9931574981855803,2026-06-10 19:50:19.363250,2026-06-10 19:50:21.708158,0 days 00:00:02.344908,,,,,,,,,,,,,,0.008549207044575667,QuantileRegressor,,,,,,8,,,,,,,,False,0.009706429077146849,0.018997580935180912,98.0,0.01435200500616388,0.004645575929017031,0.02329234312709715,1.9844674545084815,0.9815259101178087,1.004789086253352,98.0,0.9931574981855803,0.011631588067771648,0.05831934393652506,1.9844674545084815,223425944521997.94,304002876547543.6,98.0,263714410534770.78,40288466012772.86,202001385570391.06,1.9844674545084815,3.092062512025671,3.193732117435962,98.0,3.1428973147308166,0.05083480270514566,0.25487941333833236,1.9844674545084815,0.9907111676614708,0.9964833560825355,98.0,0.9935972618720031,0.0028860942105323247,0.014470519409435535,1.9844674545084815,99.0,0.16161616161616163,0.030770443362772747,0.04541293750244803,98.0,0.03809169043261039,0.007321247069837642,0.03670782729085554,1.9844674545084815,QuantileRegressor,"{'mode': 'original', 'type': 'QuantileRegressor'}",8,"['edges_T2W20', 'l3_T2W20', 'lcc_T2W20', 'lsc_T2W20', 'atd_T2W20', 'density_T2W20', 'diameter_T2W20', 'asp_T2W20']",0.19146165634833884,0.2519940006748586,98.0,0.22172782851159872,0.03026617216325989,0.1517508438011069,1.9844674545084815,1.2916347715390626,1.3224561588953971,98.0,1.3070454652172299,0.015410693678167246,0.07726731205411806,1.9844674545084815,completed,False,COMPLETE
95,1.008062616235507,2026-06-10 19:50:21.720514,2026-06-10 19:50:24.025756,0 days 00:00:02.305242,,,,,,,,,,,,,,0.018299286656031193,QuantileRegressor,,,,,,8,,,,,,,,False,-0.0014530138249670558,0.00047929650546804143,98.0,-0.0004868586597495072,0.0009661551652175486,0.004844182500968413,1.9844674545084815,0.9973736560823806,1.0187515763886337,98.0,1.008062616235507,0.010688960153126481,0.05359312415999436,1.9844674545084815,242845688701236.72,330687617091801.25,98.0,286766652896519.0,43920964195282.27,220214282177479.56,1.9844674545084815,2.971188534444465,3.011859045712453,98.0,2.991523790078459,0.02033525563399405,0.10195845661367695,1.9844674545084815,0.9994555191368705,1.0001796044679738,98.0,0.9998175618024221,0.00036204266555163055,0.001815237146379346,1.9844674545084815,99.0,0.8888888888888888,-0.0031424945175659515,-0.0017060497506270716,98.0,-0.0024242721340965116,0.0007182223834694399,0.0036010781984724747,1.9844674545084815,QuantileRegressor,"{'mode': 'original', 'type': 'QuantileRegressor'}",8,"['l2_T2W20', 'l3_T2W20', 'lcc_T2W20', 'lsc_T2W20', 'atd_T2W20', 'density_T2W20', 'diameter_T2W20', 'asp_T2W20']",-0.1741743402334926,0.110899305035707,4.0,-0.03163751759889279,0.1425368226345998,0.11479500318991186,2.7764451051977934,1.3196925291826758,1.3492688226188472,98.0,1.3344806759007615,0.014788146718085746,0.07414593859504347,1.9844674545084815,completed,False,COMPLETE
96,1.0482415439697097,2026-06-10 19:50:24.037826,2026-06-10 19:50:25.879689,0 days 00:00:01.841863,,,,0.011625267142361314,0.4604460730022364,,,,,,,,,,ElasticNet,,,,,,8,,,,,,,,False,-0.05166620053739583,-0.029329394344537144,98.0,-0.04049779744096649,0.011168403096429344,0.055996991778543566,1.9844674545084815,1.0327662862100375,1.0637168017293819,98.0,1.0482415439697097,0.015475257759672085,0.07759102837327309,1.9844674545084815,220566199347667.3,300756678985333.7,98.0,260661439166500.5,40095239818833.2,201032573332865.6,1.9844674545084815,3.187242763369251,3.4558372355020035,98.0,3.321539999435627,0.13429723606637617,0.6733497312873934,1.9844674545084815,0.9142132551861011,0.9380335706186917,98.0,0.9261234129023964,0.011910157716295361,0.05971605769975961,1.9844674545084815,99.0,0.3838383838383838,-0.023536575455286056,0.025254879451411756,98.0,0.0008591519980628503,0.024395727453348906,0.12231716010263997,1.9844674545084815,ElasticNet,"{'mode': 'original', 'type': 'ElasticNet'}",8,"['nodes_T2W20', 'edges_T2W20', 'pe_T2W20', 'l2_T2W20', 'l3_T2W20', 'lcc_T2W20', 'lsc_T2W20', 'diameter_T2W20']",0.18561382270744303,0.23943373695289472,98.0,0.21252377983016887,0.02690995712272585,0.1349231966962227,1.9844674545084815,1.308357328469934,1.3517408532062585,98.0,1.3300490908380962,0.02169176236816239,0.10875981360132442,1.9844674545084815,completed,False,COMPLETE
97,1.0075757575757578,2026-06-10 19:50:25.892014,2026-06-10 19:50:28.120404,0 days 00:00:02.228390,,,,,,,,,,,,,,0.04085569666502641,QuantileRegressor,,,,,,9,,,,,,,,False,-3.990382500761741e-16,-2.0653794517391124e-16,98.0,-3.0278809762504267e-16,9.625015245113143e-17,4.825863598362349e-16,1.9844674545084815,0.9969166374215648,1.0182348777299508,98.0,1.0075757575757578,0.01065912015419303,0.053443510096056926,1.9844674545084815,243249413827922.2,331073265925134.3,98.0,287161339876528.25,43911926048606.08,220168966027914.5,1.9844674545084815,2.969853864095874,3.009944115702106,98.0,2.98989898989899,0.020045125803115963,0.10050378152592115,1.9844674545084815,0.9999999999999992,0.9999999999999997,98.0,0.9999999999999994,1.6897696744770726e-16,8.472296151235491e-16,1.9844674545084815,99.0,0.8787878787878788,-0.0030948902600818297,-0.0016582379893588612,98.0,-0.0023765641247203454,0.0007183261353614841,0.0036015983976267893,1.9844674545084815,QuantileRegressor,"{'mode': 'original', 'type': 'QuantileRegressor'}",9,"['l1_T2W20', 'l2_T2W20', 'l3_T2W20', 'lcc_T2W20', 'lsc_T2W20', 'atd_T2W20', 'density_T2W20', 'diameter_T2W20', 'asp_T2W20']",,,,,,,,1.3196611267084086,1.3492364416432259,98.0,1.3344487841758172,0.014787657467408706,0.07414348555266102,1.9844674545084815,completed,False,COMPLETE
98,1.0461840767999064,2026-06-10 19:50:28.132889,2026-06-10 19:50:29.804510,0 days 00:00:01.671621,,,,,,,,,,,,,,,LinearRegression,,,,,,9,,,,,,,,False,-0.05019080622981425,-0.026296273751770967,98.0,-0.03824353999079261,0.011947266239021639,0.05990211524299796,1.9844674545084815,1.0296612581099078,1.062706895489905,98.0,1.0461840767999064,0.016522818689998522,0.0828433693119492,1.9844674545084815,235715819695262.44,321075032896993.3,98.0,278395426296127.88,42679606600865.44,213990268734499.84,1.9844674545084815,3.1937352757993254,3.392872489068162,98.0,3.2933038824337437,0.09956860663441837,0.49922467867327636,1.9844674545084815,0.9118056355811691,0.9384807310590956,98.0,0.9251431833201323,0.013337547738963255,0.0668728147288521,1.9844674545084815,99.0,0.40404040404040403,-0.02189776825944453,0.020619782176977377,98.0,-0.0006389930412335773,0.021258775218210953,0.10658886958482511,1.9844674545084815,LinearRegression,"{'mode': 'original', 'type': 'LinearRegression'}",9,"['nodes_T2W20', 'edges_T2W20', 'pe_T2W20', 'l2_T2W20', 'lsc_T2W20', 'atd_T2W20', 'density_T2W20', 'diameter_T2W20', 'asp_T2W20']",0.1532241358650481,0.20393256989853017,98.0,0.17857835288178914,0.025354217016741048,0.1271229082241641,1.9844674545084815,1.3110450601322912,1.3524175111883365,98.0,1.3317312856603138,0.02068622552802273,0.10371817625315913,1.9844674545084815,completed,False,COMPLETE
99,0.9928004101984005,2026-06-10 19:50:29.836761,2026-06-10 19:50:32.355709,0 days 00:00:02.518948,,,,,,,,,,,,,,0.008237927112094815,QuantileRegressor,,,,,,8,,,,,,,,False,0.009997166778356763,0.019449803894180464,98.0,0.014723485336268613,0.0047263185579118515,0.02369717668184651,1.9844674545084815,0.9810781164019867,1.0045227039948144,98.0,0.9928004101984005,0.011722293796413806,0.058774131241136736,1.9844674545084815,223410540037176.2,303994138931734.75,98.0,263702339484455.47,40291799447279.27,202018098998715.47,1.9844674545084815,3.096473095431204,3.1988054644918487,98.0,3.1476392799615263,0.051166184530322616,0.2565409208233125,1.9844674545084815,0.9904686983389358,0.9962435784021068,98.0,0.9933561383705213,0.002887440031585517,0.014477267189740413,1.9844674545084815,99.0,0.15151515151515152,0.031010415729951044,0.04560072005129556,98.0,0.0383055678906233,0.007295152160672258,0.03657699064380946,1.9844674545084815,QuantileRegressor,"{'mode': 'original', 'type': 'QuantileRegressor'}",8,"['edges_T2W20', 'l3_T2W20', 'lcc_T2W20', 'lsc_T2W20', 'atd_T2W20', 'density_T2W20', 'diameter_T2W20', 'asp_T2W20']",0.20371533879754322,0.25948490899501203,95.0,0.23160012389627763,0.02788478509873442,0.13762188248932727,1.9852510035054978,1.2914813151185833,1.3223343102008909,98.0,1.306907812659737,0.0154264975411537,0.07734655066845539,1.9844674545084815,completed,False,COMPLETE
100,0.9927958957622647,2026-06-10 19:50:32.368130,2026-06-10 19:50:34.701606,0 days 00:00:02.333476,,,,,,,,,,,,,,0.008211162502749477,QuantileRegressor,,,,,,8,,,,,,,,False,0.010002286653884465,0.01945390499458937,98.0,0.014728095824236917,0.004725809170352452,0.023694622675626508,1.9844674545084815,0.9810733647660838,1.0045184267584455,98.0,0.9927958957622647,0.011722530996180874,0.05877532053143112,1.9844674545084815,223412751100761.28,303997970197059.94,98.0,263705360648910.6,40292609548149.32,202022160744281.78,1.9844674545084815,3.0964886292027423,3.1988176201824956,98.0,3.147653124692619,0.0511644954898767,0.2565324521834231,1.9844674545084815,0.990457727451791,0.9962288020582268,98.0,0.9933432647550089,0.002885537303217967,0.01446772714504158,1.9844674545084815,99.0,0.15151515151515152,0.03100856975827524,0.045598526836012114,98.0,0.03830354829714368,0.007294978538868436,0.03657612012555925,1.9844674545084815,QuantileRegressor,"{'mode': 'original', 'type': 'QuantileRegressor'}",8,"['edges_T2W20', 'l3_T2W20', 'lcc_T2W20', 'lsc_T2W20', 'atd_T2W20', 'density_T2W20', 'diameter_T2W20', 'asp_T2W20']",0.1907957970591229,0.24988943465335064,97.0,0.22034261585623677,0.029546818797113888,0.1473750017817096,1.9847231860139845,1.291482779776925,1.3223355755379185,98.0,1.3069091776574218,0.015426397880496615,0.07734605098224713,1.9844674545084815,completed,False,COMPLETE
101,0.9928214135434466,2026-06-10 19:50:34.716772,2026-06-10 19:50:36.954969,0 days 00:00:02.238197,,,,,,,,,,,,,,0.00812986021590297,QuantileRegressor,,,,,,8,,,,,,,,False,0.009978053858101705,0.019429260724481562,98.0,0.014703657291291633,0.004725603433189929,0.02369359113493991,1.9844674545084815,0.9810958329682797,1.0045469941186134,98.0,0.9928214135434466,0.01172558057516676,0.058790610743283817,1.9844674545084815,223438452951383.72,304024854728829.56,98.0,263731653840106.62,40293200888722.914,202025125652778.72,1.9844674545084815,3.0968091663066057,3.199343112601943,98.0,3.1480761394542744,0.051266973147668586,0.25704626248479834,1.9844674545084815,0.9902754546193093,0.9960534941581598,98.0,0.9931644743887346,0.0028890197694252284,0.014485187799881253,1.9844674545084815,99.0,0.15151515151515152,0.030942591474003557,0.045551640659900715,98.0,0.038247116066952136,0.007304524592948581,0.03662398286002791,1.9844674545084815,QuantileRegressor,"{'mode': 'original', 'type': 'QuantileRegressor'}",8,"['edges_T2W20', 'l3_T2W20', 'lcc_T2W20', 'lsc_T2W20', 'atd_T2W20', 'density_T2W20', 'diameter_T2W20', 'asp_T2W20']",0.20371388597168438,0.2590855244978897,96.0,0.23139970523478703,0.027685819263102655,0.13736818747921906,1.984984311522457,1.29151362016184,1.3223838478680412,98.0,1.3069487340149406,0.015435113853100535,0.07738975179086137,1.9844674545084815,completed,False,COMPLETE
102,0.9926706926765233,2026-06-10 19:50:36.966814,2026-06-10 19:50:39.227245,0 days 00:00:02.260431,,,,,,,,,,,,,,0.008443548517969792,QuantileRegressor,,,,,,8,,,,,,,,False,0.010157219165747423,0.01954299600273586,98.0,0.014850107584241642,0.004692888418494219,0.023529562097562462,1.9844674545084815,0.9809704433663043,1.0043709419867424,98.0,0.9926706926765233,0.011700249310218982,0.058663602913894636,1.9844674545084815,223425196006121.8,304003341998804.44,98.0,263714269002463.12,40289072996341.31,202004428910929.47,1.9844674545084815,3.096427632331424,3.1987329556448367,98.0,3.1475802939881303,0.051152661656706525,0.25647311880755747,1.9844674545084815,0.9904959359138974,0.99627793539636,98.0,0.9933869356551287,0.00289099974123129,0.014495115133627043,1.9844674545084815,99.0,0.15151515151515152,0.03105280685910197,0.045626022115620224,98.0,0.0383394144873611,0.007286607628259128,0.03653414941510753,1.9844674545084815,QuantileRegressor,"{'mode': 'original', 'type': 'QuantileRegressor'}",8,"['edges_T2W20', 'l3_T2W20', 'lcc_T2W20', 'lsc_T2W20', 'atd_T2W20', 'density_T2W20', 'diameter_T2W20', 'asp_T2W20']",0.20661692393477335,0.2612340320748067,97.0,0.23392547800479002,0.027308554070016675,0.13621088051339525,1.9847231860139845,1.2914634544671708,1.3223054123179878,98.0,1.3068844333925793,0.015420978925408458,0.07731888101167034,1.9844674545084815,completed,False,COMPLETE
103,1.0000496204290037,2026-06-10 19:50:39.245600,2026-06-10 19:50:41.560730,0 days 00:00:02.315130,,,,,,,,,,,,,,0.002805605887032676,QuantileRegressor,,,,,,8,,,,,,,,False,0.0007996846058845927,0.013934223333517154,98.0,0.007366953969700873,0.006567269363816281,0.03292747632745043,1.9844674545084815,0.9879433103321944,1.012155930525813,98.0,1.0000496204290037,0.012106310096809262,0.060699541474847414,1.9844674545084815,224131657516955.38,305350598058021.0,98.0,264741127787488.2,40609470270532.81,203610861215876.0,1.9844674545084815,3.148598382463914,3.281036915017672,98.0,3.214817648740793,0.06621926627687906,0.33201521088302194,1.9844674545084815,0.9864358755687329,0.9955335594536493,98.0,0.9909847175111911,0.004548841942458166,0.022807330882887025,1.9844674545084815,99.0,0.1919191919191919,0.02005411629694629,0.04294795769629536,98.0,0.031501036996620824,0.011446920699674533,0.05739344459318872,1.9844674545084815,QuantileRegressor,"{'mode': 'original', 'type': 'QuantileRegressor'}",8,"['nodes_T2W20', 'edges_T2W20', 'pe_T2W20', 'l1_T2W20', 'l2_T2W20', 'lcc_T2W20', 'lsc_T2W20', 'diameter_T2W20']",0.16367726212888162,0.21717524040402492,98.0,0.19042625126645327,0.026748989137571663,0.1341161231277401,1.9844674545084815,1.2954342503905956,1.3264056576457945,98.0,1.310919954018195,0.015485703627599597,0.07764340266308034,1.9844674545084815,completed,False,COMPLETE
104,1.09266156269977,2026-06-10 19:50:41.573098,2026-06-10 19:50:44.056179,0 days 00:00:02.483081,,,,,,,,,,,,,,,RandomForestRegressor,20.0,sqrt,3.0,2.0,274.0,8,,,,,,,,False,,,,,,,,,,,,,,,,,,,,,,,,,,,,,,,,,,,,,,,,,,,,,RandomForestRegressor,"{'mode': 'original', 'type': 'RandomForestRegressor'}",8,"['re_T2W20', 'l1_T2W20', 'l2_T2W20', 'l3_T2W20', 'lcc_T2W20', 'lsc_T2W20', 'density_T2W20', 'diameter_T2W20']",,,,,,,,,,,,,,,pruned,False,PRUNED
