number,value,datetime_start,datetime_complete,duration,params_dt_max_depth,params_dt_min_samples_leaf,params_dt_min_samples_split,params_elastic_alpha,params_elastic_l1_ratio,params_et_max_depth,params_et_max_features,params_et_min_samples_leaf,params_et_min_samples_split,params_et_n_estimators,params_knn_metric,params_knn_n_neighbors,params_knn_weights,params_quantile_alpha,params_regressor,params_rf_max_depth,params_rf_max_features,params_rf_min_samples_leaf,params_rf_min_samples_split,params_rf_n_estimators,params_rfe_n_features,params_rfe_proxy_et_max_depth,params_rfe_proxy_et_min_samples_leaf,params_rfe_proxy_et_min_samples_split,params_rfe_proxy_et_n_estimators,params_rfe_proxy_lsvr_C,params_rfe_proxy_lsvr_epsilon,params_rfe_proxy_type,params_use_scaler,user_attrs_d2mae_ci_lower_val,user_attrs_d2mae_ci_upper_val,user_attrs_d2mae_df_val,user_attrs_d2mae_mean_val,user_attrs_d2mae_samperror_val,user_attrs_d2mae_std_val,user_attrs_d2mae_t_critical_val,user_attrs_mae_ci_lower_val,user_attrs_mae_ci_upper_val,user_attrs_mae_df_val,user_attrs_mae_mean_val,user_attrs_mae_samperror_val,user_attrs_mae_std_val,user_attrs_mae_t_critical_val,user_attrs_mape_ci_lower_val,user_attrs_mape_ci_upper_val,user_attrs_mape_df_val,user_attrs_mape_mean_val,user_attrs_mape_samperror_val,user_attrs_mape_std_val,user_attrs_mape_t_critical_val,user_attrs_max_error_ci_lower_val,user_attrs_max_error_ci_upper_val,user_attrs_max_error_df_val,user_attrs_max_error_mean_val,user_attrs_max_error_samperror_val,user_attrs_max_error_std_val,user_attrs_max_error_t_critical_val,user_attrs_median_ae_ci_lower_val,user_attrs_median_ae_ci_upper_val,user_attrs_median_ae_df_val,user_attrs_median_ae_mean_val,user_attrs_median_ae_samperror_val,user_attrs_median_ae_std_val,user_attrs_median_ae_t_critical_val,user_attrs_n_splits_val,user_attrs_r2_below_zero_val,user_attrs_r2_ci_lower_val,user_attrs_r2_ci_upper_val,user_attrs_r2_df_val,user_attrs_r2_mean_val,user_attrs_r2_samperror_val,user_attrs_r2_std_val,user_attrs_r2_t_critical_val,user_attrs_regressor_final,user_attrs_rfe_estimator,user_attrs_rfe_n_features,user_attrs_rfe_selected_features,user_attrs_rho_ci_lower_val,user_attrs_rho_ci_upper_val,user_attrs_rho_df_val,user_attrs_rho_mean_val,user_attrs_rho_samperror_val,user_attrs_rho_std_val,user_attrs_rho_t_critical_val,user_attrs_rmse_ci_lower_val,user_attrs_rmse_ci_upper_val,user_attrs_rmse_df_val,user_attrs_rmse_mean_val,user_attrs_rmse_samperror_val,user_attrs_rmse_std_val,user_attrs_rmse_t_critical_val,user_attrs_termination_reason,user_attrs_use_scaler_final,state
120,0.9910046463560541,2026-06-10 19:51:34.965710,2026-06-10 19:51:37.239667,0 days 00:00:02.273957,,,,,,,,,,,,,,0.007321594472603414,QuantileRegressor,,,,,,7,,,,,,,,False,0.01179400286292697,0.021192591152824375,98.0,0.016493297007875673,0.004699294144948702,0.023561679617722698,1.9844674545084815,0.979349329523212,1.0026599631888962,98.0,0.9910046463560541,0.011655316832842124,0.058438317029732206,1.9844674545084815,222659385135391.16,303186010951810.75,98.0,262922698043600.97,40263312908209.805,201875271015135.4,1.9844674545084815,3.1001803499948726,3.2045043452964763,98.0,3.1523423476456744,0.0521619976508019,0.26153380464376413,1.9844674545084815,0.992373807891379,0.9973243085571576,98.0,0.9948490582242683,0.0024752503328892878,0.012410599021533584,1.9844674545084815,99.0,0.12121212121212122,0.03240410239473597,0.04706737607790605,98.0,0.03973573923632101,0.007331636841585038,0.03675992032135386,1.9844674545084815,QuantileRegressor,"{'mode': 'original', 'type': 'QuantileRegressor'}",7,"['edges_T2W20', 'lcc_T2W20', 'lsc_T2W20', 'atd_T2W20', 'density_T2W20', 'diameter_T2W20', 'asp_T2W20']",0.20507630979327582,0.2612383522100533,97.0,0.23315733100166455,0.028081021208388738,0.1400638281581351,1.9847231860139845,1.290437655234215,1.3214845046240307,98.0,1.3059610799291228,0.015523424694907906,0.07783253142909137,1.9844674545084815,completed,False,COMPLETE
121,0.9909679181244336,2026-06-10 19:51:37.258483,2026-06-10 19:51:39.473257,0 days 00:00:02.214774,,,,,,,,,,,,,,0.007749403785900451,QuantileRegressor,,,,,,7,,,,,,,,False,0.01182578795880598,0.021233013005953875,98.0,0.016529400482379927,0.004703612523573948,0.023583331434037593,1.9844674545084815,0.9793121393818504,1.0026236968670168,98.0,0.9909679181244336,0.011655778742583242,0.05844063298804356,1.9844674545084815,222585971111957.7,303110039229062.25,98.0,262848005170509.97,40262034058552.266,201868859021125.1,1.9844674545084815,3.100121422996322,3.2044733494174134,98.0,3.1522973862068677,0.0521759632105456,0.26160382623301004,1.9844674545084815,0.9926812721661318,0.9976058921770938,98.0,0.9951435821716128,0.002462310005481068,0.012345717820413486,1.9844674545084815,99.0,0.12121212121212122,0.03247746347944076,0.047098232386677416,98.0,0.03978784793305909,0.007310384453618328,0.03665336347665807,1.9844674545084815,QuantileRegressor,"{'mode': 'original', 'type': 'QuantileRegressor'}",7,"['edges_T2W20', 'lcc_T2W20', 'lsc_T2W20', 'atd_T2W20', 'density_T2W20', 'diameter_T2W20', 'asp_T2W20']",0.20689536375320938,0.26166151388279774,97.0,0.23427843881800356,0.027383075064794184,0.1365825798091307,1.9847231860139845,1.290415325785266,1.321432853498447,98.0,1.3059240896418565,0.01550876385659056,0.07775902379907168,1.9844674545084815,completed,False,COMPLETE
122,1.0100034498723418,2026-06-10 19:51:39.490726,2026-06-10 19:51:41.717337,0 days 00:00:02.226611,,,,,,,,,,,,,,0.015823053324577778,QuantileRegressor,,,,,,7,,,,,,,,False,-0.004777905572000264,-0.00029302829511708125,98.0,-0.0025354669335586723,0.002242438638441591,0.011243309980533222,1.9844674545084815,0.9995750820816892,1.0204318176629945,98.0,1.0100034498723418,0.010428367790652609,0.05228654628552044,1.9844674545084815,242889998914911.8,330732320573769.8,98.0,286811159744340.8,43921160829429.01,220215268076770.84,1.9844674545084815,2.981577637636298,3.009534361551511,98.0,2.9955559995939045,0.013978361957606263,0.070085777962996,1.9844674545084815,0.9975251048358845,0.9999138386137026,98.0,0.9987194717247936,0.0011943668889090595,0.005988407857537646,1.9844674545084815,99.0,0.9090909090909091,-0.0046027430388792395,-0.002124177128643285,98.0,-0.0033634600837612622,0.0012392829551179773,0.006213611458133815,1.9844674545084815,QuantileRegressor,"{'mode': 'original', 'type': 'QuantileRegressor'}",7,"['l3_T2W20', 'lcc_T2W20', 'lsc_T2W20', 'atd_T2W20', 'density_T2W20', 'diameter_T2W20', 'asp_T2W20']",-0.0891525531877824,0.13122473337231863,9.0,0.021036090092268114,0.11018864328005051,0.15403310202273932,2.262157162798205,1.3203963914065675,1.3497190602524498,98.0,1.3350577258295087,0.014661334422941064,0.07351011743177392,1.9844674545084815,completed,False,COMPLETE
123,1.0115259873079592,2026-06-10 19:51:41.729344,2026-06-10 19:51:44.236171,0 days 00:00:02.506827,,,,,,,,,,,,,,0.0002249018605774703,QuantileRegressor,,,,,,7,,,,,,,,False,-0.011123794148987459,0.0029842808301768203,98.0,-0.004069756659405319,0.00705403748958214,0.03536807150486504,1.9844674545084815,0.9992036253224935,1.023848349293425,98.0,1.0115259873079592,0.012322361985465673,0.06178279892252136,1.9844674545084815,221431704656006.7,301455190092162.4,98.0,261443447374084.53,40011742718077.84,200613929196890.16,1.9844674545084815,3.118485782380384,3.233165461205112,98.0,3.175825621792748,0.05733983941236409,0.28749486282275266,1.9844674545084815,0.9686809435826467,0.9832951813469655,98.0,0.9759880624648061,0.00730711888215941,0.0366369903052603,1.9844674545084815,99.0,0.25252525252525254,0.014511967056027881,0.03459615857747175,98.0,0.024554062816749815,0.010042095760721934,0.050349826102916655,1.9844674545084815,QuantileRegressor,"{'mode': 'original', 'type': 'QuantileRegressor'}",7,"['nodes_T2W20', 'edges_T2W20', 'pe_T2W20', 'l2_T2W20', 'atd_T2W20', 'diameter_T2W20', 'asp_T2W20']",0.13338694394838607,0.18963880964273,98.0,0.16151287679555804,0.028125932847171978,0.14101994858248726,1.9844674545084815,1.3002875182421636,1.3313723603972611,98.0,1.3158299393197124,0.015542421077548824,0.07792777694211421,1.9844674545084815,completed,False,COMPLETE
124,0.9941336577348485,2026-06-10 19:51:44.307284,2026-06-10 19:51:46.532868,0 days 00:00:02.225584,,,,,,,,,,,,,,0.003984107090722353,QuantileRegressor,,,,,,7,,,,,,,,False,0.008110402998935243,0.018577623992178327,98.0,0.013344013495556785,0.005233610496621542,0.0262406757189049,1.9844674545084815,0.9823733425387433,1.0058939729309537,98.0,0.9941336577348485,0.011760315196105159,0.05896476583657017,1.9844674545084815,223287522943972.12,304155723629171.94,98.0,263721623286572.03,40434100342599.92,202731578087583.38,1.9844674545084815,3.1259138810344234,3.253928661175204,98.0,3.1899212711048137,0.06400739007039057,0.3209251371562336,1.9844674545084815,0.9891176357964657,0.9948371571369283,98.0,0.991977396466697,0.002859760670231277,0.01433848629538997,1.9844674545084815,99.0,0.15151515151515152,0.028740988344516286,0.04616636856321871,98.0,0.037453678453867496,0.008712690109351212,0.04368435059246021,1.9844674545084815,QuantileRegressor,"{'mode': 'original', 'type': 'QuantileRegressor'}",7,"['nodes_T2W20', 'edges_T2W20', 'pe_T2W20', 'l2_T2W20', 'lcc_T2W20', 'lsc_T2W20', 'diameter_T2W20']",0.17531619452437394,0.22538631226313535,97.0,0.20035125339375465,0.025035058869380716,0.12487103504491588,1.9847231860139845,1.291602654748608,1.3232069257743158,98.0,1.3074047902614618,0.015802135512853987,0.07922995299834933,1.9844674545084815,completed,False,COMPLETE
125,0.9933531449229932,2026-06-10 19:51:46.545139,2026-06-10 19:51:48.779488,0 days 00:00:02.234349,,,,,,,,,,,,,,0.002304880897376841,QuantileRegressor,,,,,,6,,,,,,,,False,0.007317437720485084,0.02077729117221747,98.0,0.014047364446351277,0.0067299267258661925,0.033743020222740214,1.9844674545084815,0.9811112376094812,1.0055950522365051,98.0,0.9933531449229932,0.012241907313512006,0.061379409148259415,1.9844674545084815,222530721365461.62,303170784348514.56,98.0,262850752856988.1,40320031491526.48,202159650976733.47,1.9844674545084815,3.164198913633146,3.306588920479128,98.0,3.235393917056137,0.0711950034229913,0.3569629415171464,1.9844674545084815,0.9896244419039231,0.9960297936460853,98.0,0.9928271177750042,0.003202675871081133,0.016057820699506002,1.9844674545084815,99.0,0.16161616161616163,0.022270196240226726,0.04749088747221727,98.0,0.034880541856222,0.012610345615995272,0.06322671322717936,1.9844674545084815,QuantileRegressor,"{'mode': 'original', 'type': 'QuantileRegressor'}",6,"['nodes_T2W20', 'edges_T2W20', 'pe_T2W20', 'l2_T2W20', 'lcc_T2W20', 'lsc_T2W20']",0.17069424550738727,0.22353841956461318,98.0,0.19711633253600022,0.026422087028612942,0.1324770763858113,1.9844674545084815,1.292689783451821,1.3243882066398496,98.0,1.3085389950458353,0.01584921159401437,0.07946598664675399,1.9844674545084815,completed,False,COMPLETE
126,1.0151897765534128,2026-06-10 19:51:48.791745,2026-06-10 19:51:50.442606,0 days 00:00:01.650861,,,,4.336015361646728,0.6936389647869402,,,,,,,,,,ElasticNet,,,,,,8,,,,,,,,False,-0.008443339149005608,-0.006889279046144798,98.0,-0.007666309097575203,0.0007770300514304052,0.003895932572091772,1.9844674545084815,1.0048612895143063,1.0255182635925193,98.0,1.0151897765534128,0.01032848703910649,0.051785756550867056,1.9844674545084815,241077355323462.2,328386068633303.8,98.0,284731711978383.0,43654356654920.805,218877544945055.3,1.9844674545084815,2.9992886360115256,3.0396461665596406,98.0,3.019467401285583,0.020178765274057514,0.10117383330422736,1.9844674545084815,0.9679492393024587,0.974750485215448,98.0,0.9713498622589534,0.003400622956494683,0.0170503029029853,1.9844674545084815,99.0,1.0,-0.0034871412259275033,-0.0018535020443341188,98.0,-0.002670321635130811,0.0008168195907966922,0.004095432401165666,1.9844674545084815,ElasticNet,"{'mode': 'original', 'type': 'ElasticNet'}",8,"['l2_T2W20', 'l3_T2W20', 'lcc_T2W20', 'lsc_T2W20', 'atd_T2W20', 'density_T2W20', 'diameter_T2W20', 'asp_T2W20']",,,,,,,,1.3198997115289124,1.3493526673910676,98.0,1.33462618945999,0.014726477931077609,0.07383673892439481,1.9844674545084815,completed,False,COMPLETE
127,0.9903929142793171,2026-06-10 19:51:50.455054,2026-06-10 19:51:52.703216,0 days 00:00:02.248162,,,,,,,,,,,,,,0.007043472515760002,QuantileRegressor,,,,,,6,,,,,,,,False,0.012394003147364052,0.021774617969754044,98.0,0.017084310558559048,0.004690307411194997,0.023516621246192124,1.9844674545084815,0.9788043689341158,1.0019814596245182,98.0,0.9903929142793171,0.011588545345201252,0.05810353304923078,1.9844674545084815,222456545481135.3,302918046006563.4,98.0,262687295743849.34,40230750262714.016,201712005938080.8,1.9844674545084815,3.0998970048882053,3.2045247877908802,98.0,3.1522108963395428,0.0523138914513373,0.26229538137289493,1.9844674545084815,0.9944561468385195,0.998951609722634,98.0,0.9967038782805767,0.0022477314420572174,0.011269847443229609,1.9844674545084815,99.0,0.12121212121212122,0.03310646122502085,0.04779136052198346,98.0,0.04044891087350216,0.007342449648481307,0.03681413439776618,1.9844674545084815,QuantileRegressor,"{'mode': 'original', 'type': 'QuantileRegressor'}",6,"['edges_T2W20', 'lsc_T2W20', 'atd_T2W20', 'density_T2W20', 'diameter_T2W20', 'asp_T2W20']",0.22380967704967075,0.2754430596412024,97.0,0.24962636834543658,0.025816691295765828,0.1287696977409622,1.9847231860139845,1.289998001853815,1.3209177624708013,98.0,1.3054578821623082,0.015459880308493053,0.07751392773499809,1.9844674545084815,completed,False,COMPLETE
128,0.9936033815419463,2026-06-10 19:51:52.721562,2026-06-10 19:51:55.052416,0 days 00:00:02.330854,,,,,,,,,,,,,,0.004293855836292684,QuantileRegressor,,,,,,6,,,,,,,,False,0.008759581049472677,0.01898181009966491,98.0,0.013870695574568794,0.0051111145250961176,0.025626496068404378,1.9844674545084815,0.9818977045982396,1.005309058485653,98.0,0.9936033815419463,0.011705676943706736,0.058690816396893636,1.9844674545084815,222709035140479.8,303357210510774.06,98.0,263033122825626.94,40324087685147.11,202179988229863.2,1.9844674545084815,3.1251111285975886,3.2527632696079523,98.0,3.1889371991027704,0.06382607050518192,0.32001602328251216,1.9844674545084815,0.9907706642950803,0.9958908383864714,98.0,0.9933307513407759,0.002560087045695508,0.012835959806644162,1.9844674545084815,99.0,0.15151515151515152,0.02883155586639791,0.046050590142720685,98.0,0.037441073004559296,0.008609517138161386,0.043167054075706465,1.9844674545084815,QuantileRegressor,"{'mode': 'original', 'type': 'QuantileRegressor'}",6,"['nodes_T2W20', 'edges_T2W20', 'pe_T2W20', 'l2_T2W20', 'lcc_T2W20', 'lsc_T2W20']",0.18009606001399042,0.23231758461014196,98.0,0.2062068223120662,0.026110762298075768,0.13091613269262375,1.9844674545084815,1.2916664792214074,1.3231577878613654,98.0,1.3074121335413864,0.015745654319979065,0.07894676328306492,1.9844674545084815,completed,False,COMPLETE
129,1.0935118346319033,2026-06-10 19:51:55.065282,2026-06-10 19:52:15.673337,0 days 00:00:20.608055,,,,,,,,,,,,,,,RandomForestRegressor,9.0,,4.0,9.0,190.0,6,,,,,,,,False,-0.09502473045504412,-0.07545474603679736,98.0,-0.08523973824592074,0.009784992209123381,0.04906074069466331,1.9844674545084815,1.0781298620555768,1.1088938072082297,98.0,1.0935118346319033,0.015381972576326494,0.07712330800181434,1.9844674545084815,227700442615258.38,314189838863778.1,98.0,270945140739518.25,43244698124259.88,216823567740313.84,1.9844674545084815,3.2085723521424048,3.3159280234855886,98.0,3.2622501878139967,0.05367783567159173,0.2691340289958839,1.9844674545084815,0.9472230179620716,0.9926496488074777,98.0,0.9699363333847747,0.022713315422703096,0.11388175426755545,1.9844674545084815,99.0,0.7373737373737373,-0.07008717719844804,-0.037161973406884416,98.0,-0.053624575302666226,0.016462601895781807,0.08254144975356922,1.9844674545084815,RandomForestRegressor,"{'mode': 'original', 'type': 'RandomForestRegressor'}",6,"['re_T2W20', 'l1_T2W20', 'l2_T2W20', 'l3_T2W20', 'lsc_T2W20', 'diameter_T2W20']",0.04978357628150901,0.09897429334168326,98.0,0.07437893481159613,0.024595358530087128,0.12331808563033927,1.9844674545084815,1.3487678997900985,1.3851798983244668,98.0,1.3669738990572826,0.018205999267184206,0.09128262854432816,1.9844674545084815,completed,False,COMPLETE
130,1.0290133438285833,2026-06-10 19:52:15.701510,2026-06-10 19:52:17.339654,0 days 00:00:01.638144,,,,,,,,,,,,,,,LinearRegression,,,,,,7,,,,,,,,False,-0.0306228748712983,-0.011698534581668737,98.0,-0.021160704726483518,0.00946217014481478,0.04744215079197609,1.9844674545084815,1.0141737354390106,1.043852952218156,98.0,1.0290133438285833,0.014839608389572715,0.07440396105092055,1.9844674545084815,224712843251077.44,307759545716297.7,98.0,266236194483687.56,41523351232610.11,208192947327754.53,1.9844674545084815,3.152884272257374,3.3124307871702934,98.0,3.232657529713834,0.07977325745645951,0.39997324625265085,1.9844674545084815,0.9112176675545178,0.9352541612231109,98.0,0.9232359143888144,0.01201824683429651,0.060258003168579176,1.9844674545084815,99.0,0.29292929292929293,0.016668222393755427,0.045744454499801274,98.0,0.03120633844677835,0.014538116053022923,0.07289231576508107,1.9844674545084815,LinearRegression,"{'mode': 'original', 'type': 'LinearRegression'}",7,"['nodes_T2W20', 'edges_T2W20', 'l2_T2W20', 'atd_T2W20', 'density_T2W20', 'diameter_T2W20', 'asp_T2W20']",0.13983224979776313,0.1893010114593565,98.0,0.1645666306285598,0.02473438083079668,0.12401512625133512,1.9844674545084815,1.2928195009223935,1.3298568167412745,98.0,1.311338158831834,0.01851865790944061,0.09285026030589305,1.9844674545084815,completed,False,COMPLETE
131,0.9928670029502258,2026-06-10 19:52:17.352760,2026-06-10 19:52:19.633386,0 days 00:00:02.280626,,,,,,,,,,,,,,0.007122191411633473,QuantileRegressor,,,,,,8,,,,,,,,False,0.00986595318843814,0.019441436972316272,98.0,0.014653695080377206,0.004787741891939065,0.024005145681607297,1.9844674545084815,0.9811309735344302,1.0046030323660213,98.0,0.9928670029502258,0.011736029415795568,0.058842999937847695,1.9844674545084815,222833746573775.7,303394607508017.5,98.0,263114177040896.6,40280430467120.914,201961096338356.5,1.9844674545084815,3.097332023517394,3.1998218810723857,98.0,3.14857695229489,0.05124492877749579,0.25693573473927633,1.9844674545084815,0.9885162266429378,0.9947645697447286,98.0,0.9916403981938332,0.0031241715508953808,0.015664209747782102,1.9844674545084815,99.0,0.13131313131313133,0.031779259966861095,0.04649607661615367,98.0,0.03913766829150738,0.007358408324646288,0.0368941492262328,1.9844674545084815,QuantileRegressor,"{'mode': 'original', 'type': 'QuantileRegressor'}",8,"['edges_T2W20', 'l3_T2W20', 'lcc_T2W20', 'lsc_T2W20', 'atd_T2W20', 'density_T2W20', 'diameter_T2W20', 'asp_T2W20']",0.19960906693055822,0.25484318457614025,97.0,0.22722612575334922,0.027617058822791005,0.13774965491756982,1.9847231860139845,1.2908545505076918,1.3218607483060998,98.0,1.3063576494068958,0.01550309889920394,0.0777306204033968,1.9844674545084815,completed,False,COMPLETE
132,0.9929435733170336,2026-06-10 19:52:19.645431,2026-06-10 19:52:22.067609,0 days 00:00:02.422178,,,,,,,,,,,,,,0.006947390537883624,QuantileRegressor,,,,,,8,,,,,,,,False,0.00976715051312827,0.01938483508905648,98.0,0.014575992801092374,0.004808842287964105,0.02411094045750645,1.9844674545084815,0.9812038281695075,1.0046833184645598,98.0,0.9929435733170336,0.011739745147526145,0.05886163015717017,1.9844674545084815,222806174665639.7,303365307231301.6,98.0,263085740948470.66,40279566282830.984,201956763425212.1,1.9844674545084815,3.0977990288007278,3.2005882703701185,98.0,3.149193649585423,0.05139462078469518,0.2576862719489458,1.9844674545084815,0.9885753222415068,0.994868254103727,98.0,0.9917217881726169,0.003146465931110115,0.015775991012732266,1.9844674545084815,99.0,0.13131313131313133,0.03174320007076796,0.04649183700506576,98.0,0.03911751853791686,0.007374318467148898,0.036973920712919106,1.9844674545084815,QuantileRegressor,"{'mode': 'original', 'type': 'QuantileRegressor'}",8,"['edges_T2W20', 'l3_T2W20', 'lcc_T2W20', 'lsc_T2W20', 'atd_T2W20', 'density_T2W20', 'diameter_T2W20', 'asp_T2W20']",0.18808018570520416,0.251577645665654,98.0,0.21982891568542906,0.031748729980224905,0.15918420532746044,1.9844674545084815,1.2908682557803304,1.3218692164664922,98.0,1.3063687361234113,0.01550048034308093,0.07771749128686817,1.9844674545084815,completed,False,COMPLETE
133,1.0118127806834636,2026-06-10 19:52:22.079739,2026-06-10 19:52:24.209769,0 days 00:00:02.130030,,,,,,,,,,,,,,0.012591291296853277,QuantileRegressor,,,,,,8,,,,,,,,False,-0.007289602932464183,-0.0013901660606791826,98.0,-0.004339884496571683,0.0029497184358925,0.014789523406125894,1.9844674545084815,1.001234094804905,1.0223914665620222,98.0,1.0118127806834636,0.0105786858785586,0.05304022258641696,1.9844674545084815,242600662318351.78,329949552361793.4,98.0,286275107340072.56,43674445021720.79,218978265531591.34,1.9844674545084815,2.9840916759520386,3.015654507037623,98.0,2.999873091494831,0.015781415542792186,0.07912606563117744,1.9844674545084815,0.9956358811732998,1.0004511001305596,98.0,0.9980434906519298,0.002407609478629924,0.012071456144333331,1.9844674545084815,99.0,0.9090909090909091,-0.006077761585636846,-0.002106003288683169,98.0,-0.004091882437160008,0.0019858791484768388,0.009956952430020321,1.9844674545084815,QuantileRegressor,"{'mode': 'original', 'type': 'QuantileRegressor'}",8,"['l2_T2W20', 'l3_T2W20', 'lcc_T2W20', 'lsc_T2W20', 'atd_T2W20', 'density_T2W20', 'diameter_T2W20', 'asp_T2W20']",-0.08617701770323874,0.07064797642375858,12.0,-0.007764520639740071,0.07841249706349866,0.12975886452935653,2.1788128296672284,1.3209193127670025,1.3500835191771743,98.0,1.3355014159720884,0.014582103205085843,0.07311286190504053,1.9844674545084815,completed,False,COMPLETE
