number,value,datetime_start,datetime_complete,duration,params_dt_max_depth,params_dt_min_samples_leaf,params_dt_min_samples_split,params_elastic_alpha,params_elastic_l1_ratio,params_et_max_depth,params_et_max_features,params_et_min_samples_leaf,params_et_min_samples_split,params_et_n_estimators,params_knn_metric,params_knn_n_neighbors,params_knn_weights,params_quantile_alpha,params_regressor,params_rf_max_depth,params_rf_max_features,params_rf_min_samples_leaf,params_rf_min_samples_split,params_rf_n_estimators,params_rfe_n_features,params_rfe_proxy_et_max_depth,params_rfe_proxy_et_min_samples_leaf,params_rfe_proxy_et_min_samples_split,params_rfe_proxy_et_n_estimators,params_rfe_proxy_lsvr_C,params_rfe_proxy_lsvr_epsilon,params_rfe_proxy_type,params_use_scaler,user_attrs_d2mae_ci_lower_val,user_attrs_d2mae_ci_upper_val,user_attrs_d2mae_df_val,user_attrs_d2mae_mean_val,user_attrs_d2mae_samperror_val,user_attrs_d2mae_std_val,user_attrs_d2mae_t_critical_val,user_attrs_mae_ci_lower_val,user_attrs_mae_ci_upper_val,user_attrs_mae_df_val,user_attrs_mae_mean_val,user_attrs_mae_samperror_val,user_attrs_mae_std_val,user_attrs_mae_t_critical_val,user_attrs_mape_ci_lower_val,user_attrs_mape_ci_upper_val,user_attrs_mape_df_val,user_attrs_mape_mean_val,user_attrs_mape_samperror_val,user_attrs_mape_std_val,user_attrs_mape_t_critical_val,user_attrs_max_error_ci_lower_val,user_attrs_max_error_ci_upper_val,user_attrs_max_error_df_val,user_attrs_max_error_mean_val,user_attrs_max_error_samperror_val,user_attrs_max_error_std_val,user_attrs_max_error_t_critical_val,user_attrs_median_ae_ci_lower_val,user_attrs_median_ae_ci_upper_val,user_attrs_median_ae_df_val,user_attrs_median_ae_mean_val,user_attrs_median_ae_samperror_val,user_attrs_median_ae_std_val,user_attrs_median_ae_t_critical_val,user_attrs_n_splits_val,user_attrs_r2_below_zero_val,user_attrs_r2_ci_lower_val,user_attrs_r2_ci_upper_val,user_attrs_r2_df_val,user_attrs_r2_mean_val,user_attrs_r2_samperror_val,user_attrs_r2_std_val,user_attrs_r2_t_critical_val,user_attrs_regressor_final,user_attrs_rfe_estimator,user_attrs_rfe_n_features,user_attrs_rfe_selected_features,user_attrs_rho_ci_lower_val,user_attrs_rho_ci_upper_val,user_attrs_rho_df_val,user_attrs_rho_mean_val,user_attrs_rho_samperror_val,user_attrs_rho_std_val,user_attrs_rho_t_critical_val,user_attrs_rmse_ci_lower_val,user_attrs_rmse_ci_upper_val,user_attrs_rmse_df_val,user_attrs_rmse_mean_val,user_attrs_rmse_samperror_val,user_attrs_rmse_std_val,user_attrs_rmse_t_critical_val,user_attrs_termination_reason,user_attrs_use_scaler_final,state
222,0.9902191598357074,2026-06-10 19:56:11.513570,2026-06-10 19:56:13.742758,0 days 00:00:02.229188,,,,,,,,,,,,,,0.008390892292214638,QuantileRegressor,,,,,,3,,,,,,,,False,0.01260392751715632,0.0218747061242451,98.0,0.01723931682070071,0.0046353893035443895,0.023241268646894606,1.9844674545084815,0.9787164337894081,1.0017218858820067,98.0,0.9902191598357074,0.011502726046299323,0.05767324569896599,1.9844674545084815,223118003447381.75,303500400767683.44,98.0,263309202107532.6,40191198660150.836,201513699094708.84,1.9844674545084815,3.0992510721144395,3.2035923862187143,98.0,3.151421729166577,0.052170657052137505,0.261577221811036,1.9844674545084815,0.9947541921975185,0.9990454480741446,98.0,0.9968998201358316,0.0021456279383131028,0.010757913103973208,1.9844674545084815,99.0,0.13131313131313133,0.032425778945322066,0.046953278741632444,98.0,0.039689528843477255,0.007263749898155189,0.03641954358348996,1.9844674545084815,QuantileRegressor,"{'mode': 'original', 'type': 'QuantileRegressor'}",3,"['edges_T2W20', 'diameter_T2W20', 'asp_T2W20']",0.23195485382301032,0.2829721035245421,95.0,0.2574634786737762,0.025508624850765906,0.12589463964833528,1.9852510035054978,1.2906187319913305,1.3212704101930872,98.0,1.3059445710922089,0.015325839100878426,0.07684186169870127,1.9844674545084815,completed,False,COMPLETE
223,1.0799108983688526,2026-06-10 19:56:13.755017,2026-06-10 19:56:17.781394,0 days 00:00:04.026377,,,,,,,,,,,,,,,RandomForestRegressor,6.0,log2,2.0,10.0,380.0,3,,,,,,,,False,,,,,,,,,,,,,,,,,,,,,,,,,,,,,,,,,,,,,,,,,,,,,RandomForestRegressor,"{'mode': 'original', 'type': 'RandomForestRegressor'}",3,"['l3_T2W20', 'lcc_T2W20', 'atd_T2W20']",,,,,,,,,,,,,,,pruned,False,PRUNED
224,0.9903178524906029,2026-06-10 19:56:17.791667,2026-06-10 19:56:19.969964,0 days 00:00:02.178297,,,,,,,,,,,,,,0.007977712770278643,QuantileRegressor,,,,,,3,,,,,,,,False,0.012475176099716843,0.021812954437522868,98.0,0.017144065268619856,0.004668889168903013,0.023409232828422843,1.9844674545084815,0.9787919025407154,1.0018438024404905,98.0,0.9903178524906029,0.011525949949887542,0.05778968747914412,1.9844674545084815,223035233526070.25,303417151916894.5,98.0,263226192721482.38,40190959195412.11,201512498448126.72,1.9844674545084815,3.0995860115260423,3.204138686719903,98.0,3.1518623491229727,0.05227633759693025,0.26210709099168933,1.9844674545084815,0.9947454374205348,0.9990411182729085,98.0,0.9968932778467217,0.0021478404261868556,0.010769006244524006,1.9844674545084815,99.0,0.13131313131313133,0.032434671894349,0.04699901629914439,98.0,0.039716844096746695,0.007282172202397694,0.0365119107384272,1.9844674545084815,QuantileRegressor,"{'mode': 'original', 'type': 'QuantileRegressor'}",3,"['edges_T2W20', 'diameter_T2W20', 'asp_T2W20']",0.22462338764723846,0.2800791104576493,96.0,0.2523512490524439,0.02772786140520542,0.13757678715270236,1.984984311522457,1.290590038899978,1.3212639881182888,98.0,1.3059270135091334,0.015336974609155458,0.0768976937599239,1.9844674545084815,completed,False,COMPLETE
225,1.0075757575757578,2026-06-10 19:56:19.982525,2026-06-10 19:56:22.028552,0 days 00:00:02.046027,,,,,,,,,,,,,,0.012944137093934254,QuantileRegressor,,,,,,3,,,,,,,,False,-2.126109703280539e-16,-1.193344996608818e-16,98.0,-1.6597273499446786e-16,4.663823533358605e-17,2.338383435833861e-16,1.9844674545084815,0.9969166374215648,1.0182348777299508,98.0,1.0075757575757578,0.010659120154193033,0.05344351009605694,1.9844674545084815,243249413827922.25,331073265925134.4,98.0,287161339876528.3,43911926048606.08,220168966027914.5,1.9844674545084815,2.969853864095874,3.009944115702106,98.0,2.98989898989899,0.020045125803115963,0.10050378152592114,1.9844674545084815,0.9999999999999998,1.0,98.0,0.9999999999999999,9.7061888167951e-17,4.866563023220704e-16,1.9844674545084815,99.0,0.8787878787878788,-0.0030948902600818097,-0.0016582379893588402,98.0,-0.002376564124720325,0.0007183261353614849,0.003601598397626793,1.9844674545084815,QuantileRegressor,"{'mode': 'original', 'type': 'QuantileRegressor'}",3,"['density_T2W20', 'diameter_T2W20', 'asp_T2W20']",,,,,,,,1.3196611267084086,1.3492364416432259,98.0,1.3344487841758172,0.014787657467408713,0.07414348555266105,1.9844674545084815,completed,False,COMPLETE
226,0.9902901107998714,2026-06-10 19:56:22.041360,2026-06-10 19:56:24.187666,0 days 00:00:02.146306,,,,,,,,,,,,,,0.0077749394198892395,QuantileRegressor,,,,,,3,,,,,,,,False,0.012489296459760654,0.021856450980905256,98.0,0.017172873720332955,0.004683577260572301,0.023482877103378368,1.9844674545084815,0.9787544767852291,1.0018257448145136,98.0,0.9902901107998714,0.011535634014642259,0.057838242182065444,1.9844674545084815,223016613200864.75,303398663797139.94,98.0,263207638499002.34,40191025298137.586,201512829879016.44,1.9844674545084815,3.0997523520409467,3.204408779409794,98.0,3.1520805657253703,0.052328213684423655,0.26236719127816627,1.9844674545084815,0.9947454374205351,0.9990411182729089,98.0,0.996893277846722,0.0021478404261868803,0.010769006244524131,1.9844674545084815,99.0,0.13131313131313133,0.03247567613113413,0.04706428970117323,98.0,0.03976998291615368,0.007294306785019551,0.03657275203484579,1.9844674545084815,QuantileRegressor,"{'mode': 'original', 'type': 'QuantileRegressor'}",3,"['edges_T2W20', 'diameter_T2W20', 'asp_T2W20']",0.22483388001103932,0.28087318703733943,96.0,0.2528535335241894,0.02801965351315006,0.13902456634277005,1.984984311522457,1.290546747344967,1.3212368799580745,98.0,1.3058918136515207,0.01534506630655367,0.07693826452986925,1.9844674545084815,completed,False,COMPLETE
227,1.0075757575757578,2026-06-10 19:56:24.232378,2026-06-10 19:56:26.350227,0 days 00:00:02.117849,,,,,,,,,,,,,,0.010572001578160094,QuantileRegressor,,,,,,2,,,,,,,,False,-1.7985647524541347e-16,-9.825999961018131e-17,98.0,-1.390582374277974e-16,4.0798237817616085e-17,2.0455731834952454e-16,1.9844674545084815,0.9969166374215648,1.0182348777299508,98.0,1.0075757575757578,0.010659120154193034,0.053443510096056954,1.9844674545084815,243249413827922.16,331073265925134.3,98.0,287161339876528.25,43911926048606.086,220168966027914.53,1.9844674545084815,2.969853864095874,3.009944115702106,98.0,2.98989898989899,0.020045125803115984,0.10050378152592125,1.9844674545084815,0.9999999999999996,0.9999999999999998,98.0,0.9999999999999997,9.455529452751797e-17,4.740885518331619e-16,1.9844674545084815,99.0,0.8787878787878788,-0.0030948902600818,-0.001658237989358837,98.0,-0.0023765641247203186,0.0007183261353614815,0.0036015983976267762,1.9844674545084815,QuantileRegressor,"{'mode': 'original', 'type': 'QuantileRegressor'}",2,"['diameter_T2W20', 'asp_T2W20']",,,,,,,,1.3196611267084086,1.3492364416432259,98.0,1.3344487841758172,0.014787657467408713,0.07414348555266105,1.9844674545084815,completed,False,COMPLETE
228,1.0127521055263915,2026-06-10 19:56:26.363000,2026-06-10 19:56:33.748053,0 days 00:00:07.385053,,,,,,15.0,log2,2.0,10.0,61.0,,,,,ExtraTreesRegressor,,,,,,3,,,,,,,,False,-0.00945861873147984,-0.0009135420158665076,98.0,-0.005186080373673174,0.0042725383578066664,0.021421978883633102,1.9844674545084815,1.0013791449932354,1.0241250660595476,98.0,1.0127521055263915,0.011372960533156073,0.057022617465915894,1.9844674545084815,225491000123242.3,307041339082710.7,98.0,266266169602976.5,40775169479734.195,204441656556557.03,1.9844674545084815,3.0327952793906126,3.1160026699155305,98.0,3.0743989746530715,0.04160369526245892,0.2085957823561873,1.9844674545084815,0.9198105204678182,0.9411428700688447,98.0,0.9304766952683314,0.010666174800513293,0.053478881220163525,1.9844674545084815,99.0,0.08080808080808081,0.041580129343031284,0.05386043133044991,98.0,0.0477202803367406,0.006140150993709315,0.03078595764722019,1.9844674545084815,ExtraTreesRegressor,"{'mode': 'original', 'type': 'ExtraTreesRegressor'}",3,"['edges_T2W20', 'l3_T2W20', 'lsc_T2W20']",0.24226219049205427,0.29003817851861396,98.0,0.2661501845053341,0.023887994013279856,0.11977144743237218,1.9844674545084815,1.2855604503394311,1.315424906677326,98.0,1.3004926785083786,0.014932228168947511,0.07486834516916922,1.9844674545084815,completed,False,COMPLETE
229,0.9908528539104097,2026-06-10 19:56:33.760671,2026-06-10 19:56:35.920792,0 days 00:00:02.160121,,,,,,,,,,,,,,0.008107983806651694,QuantileRegressor,,,,,,3,,,,,,,,True,0.011397938049799808,0.021780620064528668,98.0,0.016589279057164237,0.005191341007364429,0.026028741727807236,1.9844674545084815,0.9791730679052856,1.0025326399155337,98.0,0.9908528539104097,0.011679786005124057,0.05856100243312145,1.9844674545084815,219940503608051.88,299178577399650.44,98.0,259559540503851.16,39619036895799.27,198644950775207.88,1.9844674545084815,3.109989940300265,3.2244288231656304,98.0,3.1672093817329476,0.057219441432682816,0.28689120224387177,1.9844674545084815,0.9932286664546212,0.9972708920484631,98.0,0.9952497792515421,0.002021112796920927,0.010133609585498752,1.9844674545084815,99.0,0.12121212121212122,0.03353543641257527,0.049869628101224,98.0,0.041702532256899634,0.008167095844324365,0.04094880842861258,1.9844674545084815,QuantileRegressor,"{'mode': 'original', 'type': 'QuantileRegressor'}",3,"['edges_T2W20', 'pe_T2W20', 'l2_T2W20']",0.2018439034530875,0.2516715775304336,98.0,0.22675774049176056,0.02491383703867305,0.12491489748185906,1.9844674545084815,1.2890522757670182,1.3199353871849218,98.0,1.30449383147597,0.015441555708951737,0.07742205045934815,1.9844674545084815,completed,True,COMPLETE
230,0.9899150331306767,2026-06-10 19:56:35.934232,2026-06-10 19:56:38.140248,0 days 00:00:02.206016,,,,,,,,,,,,,,0.007696324332657558,QuantileRegressor,,,,,,3,,,,,,,,False,0.012867108815934763,0.022244754715001296,98.0,0.01755593176546803,0.004688822949533268,0.023509178339023593,1.9844674545084815,0.9783409157585994,1.001489150502754,98.0,0.9899150331306767,0.011574117372077386,0.058031192976489634,1.9844674545084815,222349831888777.7,302750231859977.8,98.0,262550031874377.75,40200199985600.05,201558830627195.97,1.9844674545084815,3.0997523520409467,3.204408779409794,98.0,3.1520805657253703,0.052328213684423655,0.26236719127816627,1.9844674545084815,0.994745437420535,0.9990411182729088,98.0,0.9968932778467219,0.002147840426186851,0.010769006244523982,1.9844674545084815,99.0,0.12121212121212122,0.03346867351520151,0.0481611349818384,98.0,0.040814904248519954,0.00734623073331844,0.03683309228948184,1.9844674545084815,QuantileRegressor,"{'mode': 'original', 'type': 'QuantileRegressor'}",3,"['edges_T2W20', 'diameter_T2W20', 'asp_T2W20']",0.23376253506907266,0.2844246975232242,96.0,0.2590936162961484,0.025331081227075756,0.12568472986059334,1.984984311522457,1.2897583080774204,1.320651562479795,98.0,1.3052049352786077,0.01544662720118731,0.07744747829415752,1.9844674545084815,completed,False,COMPLETE
231,0.9899150331306766,2026-06-10 19:56:38.201564,2026-06-10 19:56:40.395412,0 days 00:00:02.193848,,,,,,,,,,,,,,0.007575263424900028,QuantileRegressor,,,,,,3,,,,,,,,False,0.012867108815934735,0.022244754715001255,98.0,0.017555931765467995,0.004688822949533261,0.023509178339023558,1.9844674545084815,0.9783409157585993,1.001489150502754,98.0,0.9899150331306766,0.011574117372077372,0.058031192976489565,1.9844674545084815,222349831888777.7,302750231859977.8,98.0,262550031874377.75,40200199985600.05,201558830627195.97,1.9844674545084815,3.099752352040947,3.2044087794097944,98.0,3.1520805657253708,0.052328213684423655,0.26236719127816627,1.9844674545084815,0.994745437420535,0.9990411182729088,98.0,0.9968932778467219,0.002147840426186918,0.01076900624452432,1.9844674545084815,99.0,0.12121212121212122,0.033468673515201455,0.04816113498183833,98.0,0.04081490424851989,0.007346230733318439,0.03683309228948183,1.9844674545084815,QuantileRegressor,"{'mode': 'original', 'type': 'QuantileRegressor'}",3,"['edges_T2W20', 'diameter_T2W20', 'asp_T2W20']",0.2349593662984421,0.2857434342898359,97.0,0.260351400294139,0.025392033995696908,0.126651572240413,1.9847231860139845,1.2897583080774204,1.320651562479795,98.0,1.3052049352786077,0.015446627201187306,0.07744747829415749,1.9844674545084815,completed,False,COMPLETE
232,0.9902191598357075,2026-06-10 19:56:40.413124,2026-06-10 19:56:42.621872,0 days 00:00:02.208748,,,,,,,,,,,,,,0.008432706636078681,QuantileRegressor,,,,,,4,,,,,,,,False,0.012603927517156346,0.021874706124245143,98.0,0.017239316820700745,0.004635389303544397,0.023241268646894648,1.9844674545084815,0.9787164337894082,1.001721885882007,98.0,0.9902191598357075,0.01150272604629935,0.05767324569896612,1.9844674545084815,223118003447381.8,303500400767683.5,98.0,263309202107532.66,40191198660150.86,201513699094708.94,1.9844674545084815,3.0992510721144386,3.2035923862187135,98.0,3.151421729166576,0.052170657052137547,0.2615772218110362,1.9844674545084815,0.9947541921975189,0.9990454480741449,98.0,0.9968998201358319,0.002145627938312984,0.010757913103972613,1.9844674545084815,99.0,0.13131313131313133,0.03242577894532213,0.04695327874163249,98.0,0.03968952884347731,0.007263749898155185,0.03641954358348994,1.9844674545084815,QuantileRegressor,"{'mode': 'original', 'type': 'QuantileRegressor'}",4,"['edges_T2W20', 'density_T2W20', 'diameter_T2W20', 'asp_T2W20']",0.22303855368281217,0.2799550538768623,97.0,0.25149680377983724,0.028458250097025066,0.14194538801459997,1.9847231860139845,1.2906187319913303,1.321270410193087,98.0,1.3059445710922086,0.015325839100878426,0.07684186169870127,1.9844674545084815,completed,False,COMPLETE
233,0.9926344117804189,2026-06-10 19:56:42.635624,2026-06-10 19:56:44.703991,0 days 00:00:02.068367,,,,,,,,,,,,,,0.009849030461537026,QuantileRegressor,,,,,,4,,,,,,,,False,0.010410984415370994,0.01918300395098497,98.0,0.014796994183177982,0.004386009767806988,0.021990910498835923,1.9844674545084815,0.9813560436330345,1.0039127799278031,98.0,0.9926344117804189,0.011278368147384343,0.05654834294317183,1.9844674545084815,223922041929140.2,304855830991819.44,98.0,264388936460479.8,40466894531339.62,202896004093824.84,1.9844674545084815,3.0906016776701377,3.191981142613518,98.0,3.141291410141828,0.05068973247169021,0.25415204913057793,1.9844674545084815,0.9954558213045898,0.9995837118144307,98.0,0.9975197665595102,0.0020639452549205276,0.010348366232241316,1.9844674545084815,99.0,0.18181818181818182,0.028594228517368765,0.043113245436109816,98.0,0.03585373697673929,0.007259508459370524,0.03639827753401956,1.9844674545084815,QuantileRegressor,"{'mode': 'original', 'type': 'QuantileRegressor'}",4,"['edges_T2W20', 'density_T2W20', 'diameter_T2W20', 'asp_T2W20']",0.1900116401470962,0.25933062731300965,96.0,0.22467113373005293,0.03465949358295673,0.17196933084019667,1.984984311522457,1.2934051876724706,1.3235269639434086,98.0,1.3084660758079396,0.015060888135468959,0.07551343032819545,1.9844674545084815,completed,False,COMPLETE
234,0.9903159336230978,2026-06-10 19:56:44.716477,2026-06-10 19:56:46.901518,0 days 00:00:02.185041,,,,,,,,,,,,,,0.008065438509436071,QuantileRegressor,,,,,,4,,,,,,,,False,0.012477030866459647,0.02181478389638964,98.0,0.017145907381424644,0.0046688765149649975,0.023409169383142716,1.9844674545084815,0.9787902132902897,1.0018416539559059,98.0,0.9903159336230978,0.01152572033280802,0.057788536207507235,1.9844674545084815,223061610641730.34,303442996503778.0,98.0,263252303572754.2,40190692931023.836,201511163431416.4,1.9844674545084815,3.0992596338464713,3.2035992635336736,98.0,3.1514294486900725,0.05216981484360129,0.2615729990816027,1.9844674545084815,0.9947454374205352,0.999041118272909,98.0,0.9968932778467221,0.0021478404261869102,0.01076900624452428,1.9844674545084815,99.0,0.13131313131313133,0.03244659569826658,0.04700740441078155,98.0,0.039727000054524064,0.0072804043562574835,0.036503046976533546,1.9844674545084815,QuantileRegressor,"{'mode': 'original', 'type': 'QuantileRegressor'}",4,"['edges_T2W20', 'density_T2W20', 'diameter_T2W20', 'asp_T2W20']",0.22271822322888624,0.2805388451134424,96.0,0.2516285341711643,0.028910310942278097,0.14344372387397863,1.984984311522457,1.29058454403856,1.3212552121879813,98.0,1.3059198781132706,0.015335334074710563,0.07688946832312421,1.9844674545084815,completed,False,COMPLETE
235,1.0075757575757578,2026-06-10 19:56:46.914260,2026-06-10 19:56:48.983454,0 days 00:00:02.069194,,,,,,,,,,,,,,0.014387954474427393,QuantileRegressor,,,,,,4,,,,,,,,False,-1.7296086366575478e-16,-9.618411200094984e-17,98.0,-1.345724878333523e-16,3.8388375832402474e-17,1.9247456841577846e-16,1.9844674545084815,0.9969166374215648,1.0182348777299508,98.0,1.0075757575757578,0.010659120154193036,0.05344351009605696,1.9844674545084815,243249413827922.2,331073265925134.3,98.0,287161339876528.25,43911926048606.08,220168966027914.5,1.9844674545084815,2.969853864095874,3.009944115702106,98.0,2.98989898989899,0.020045125803115984,0.10050378152592125,1.9844674545084815,0.9999999999999996,0.9999999999999998,98.0,0.9999999999999997,8.977829341601303e-17,4.501372590961942e-16,1.9844674545084815,99.0,0.8787878787878788,-0.0030948902600818062,-0.0016582379893588396,98.0,-0.002376564124720323,0.0007183261353614834,0.0036015983976267862,1.9844674545084815,QuantileRegressor,"{'mode': 'original', 'type': 'QuantileRegressor'}",4,"['atd_T2W20', 'density_T2W20', 'diameter_T2W20', 'asp_T2W20']",,,,,,,,1.3196611267084086,1.3492364416432259,98.0,1.3344487841758172,0.014787657467408713,0.07414348555266105,1.9844674545084815,completed,False,COMPLETE
236,0.9902814805940142,2026-06-10 19:56:48.996961,2026-06-10 19:56:51.219917,0 days 00:00:02.222956,,,,,,,,,,,,,,0.007900005149018166,QuantileRegressor,,,,,,4,,,,,,,,False,0.01250124090578101,0.021862517399282598,98.0,0.017181879152531804,0.004680638246750793,0.02346814125158479,1.9844674545084815,0.9787454866368676,1.001817474551161,98.0,0.9902814805940142,0.011535993957146674,0.05784004688926364,1.9844674545084815,223029321398975.94,303411099381734.94,98.0,263220210390355.44,40190888991379.51,201512146453790.3,1.9844674545084815,3.0995968565562313,3.204147407810976,98.0,3.1518721321836036,0.05227527562737248,0.2621017664076748,1.9844674545084815,0.9947454374205351,0.9990411182729089,98.0,0.996893277846722,0.0021478404261868617,0.010769006244524036,1.9844674545084815,99.0,0.13131313131313133,0.03248164079018067,0.047068547871558404,98.0,0.03977509433086954,0.007293453540688866,0.03656847397330396,1.9844674545084815,QuantileRegressor,"{'mode': 'original', 'type': 'QuantileRegressor'}",4,"['edges_T2W20', 'density_T2W20', 'diameter_T2W20', 'asp_T2W20']",0.22361620578339494,0.28100745898392454,97.0,0.25231183238365973,0.028695626600264795,0.14312938561610514,1.9847231860139845,1.2905431551195627,1.3212339252978669,98.0,1.3058885402087148,0.015345385089152024,0.07693986286638926,1.9844674545084815,completed,False,COMPLETE
