number,value,datetime_start,datetime_complete,duration,params_dt_max_depth,params_dt_min_samples_leaf,params_dt_min_samples_split,params_elastic_alpha,params_elastic_l1_ratio,params_et_max_depth,params_et_max_features,params_et_min_samples_leaf,params_et_min_samples_split,params_et_n_estimators,params_knn_metric,params_knn_n_neighbors,params_knn_weights,params_quantile_alpha,params_regressor,params_rf_max_depth,params_rf_max_features,params_rf_min_samples_leaf,params_rf_min_samples_split,params_rf_n_estimators,params_rfe_n_features,params_rfe_proxy_et_max_depth,params_rfe_proxy_et_min_samples_leaf,params_rfe_proxy_et_min_samples_split,params_rfe_proxy_et_n_estimators,params_rfe_proxy_lsvr_C,params_rfe_proxy_lsvr_epsilon,params_rfe_proxy_type,params_use_scaler,user_attrs_d2mae_ci_lower_val,user_attrs_d2mae_ci_upper_val,user_attrs_d2mae_df_val,user_attrs_d2mae_mean_val,user_attrs_d2mae_samperror_val,user_attrs_d2mae_std_val,user_attrs_d2mae_t_critical_val,user_attrs_mae_ci_lower_val,user_attrs_mae_ci_upper_val,user_attrs_mae_df_val,user_attrs_mae_mean_val,user_attrs_mae_samperror_val,user_attrs_mae_std_val,user_attrs_mae_t_critical_val,user_attrs_mape_ci_lower_val,user_attrs_mape_ci_upper_val,user_attrs_mape_df_val,user_attrs_mape_mean_val,user_attrs_mape_samperror_val,user_attrs_mape_std_val,user_attrs_mape_t_critical_val,user_attrs_max_error_ci_lower_val,user_attrs_max_error_ci_upper_val,user_attrs_max_error_df_val,user_attrs_max_error_mean_val,user_attrs_max_error_samperror_val,user_attrs_max_error_std_val,user_attrs_max_error_t_critical_val,user_attrs_median_ae_ci_lower_val,user_attrs_median_ae_ci_upper_val,user_attrs_median_ae_df_val,user_attrs_median_ae_mean_val,user_attrs_median_ae_samperror_val,user_attrs_median_ae_std_val,user_attrs_median_ae_t_critical_val,user_attrs_n_splits_val,user_attrs_r2_below_zero_val,user_attrs_r2_ci_lower_val,user_attrs_r2_ci_upper_val,user_attrs_r2_df_val,user_attrs_r2_mean_val,user_attrs_r2_samperror_val,user_attrs_r2_std_val,user_attrs_r2_t_critical_val,user_attrs_regressor_final,user_attrs_rfe_estimator,user_attrs_rfe_n_features,user_attrs_rfe_selected_features,user_attrs_rho_ci_lower_val,user_attrs_rho_ci_upper_val,user_attrs_rho_df_val,user_attrs_rho_mean_val,user_attrs_rho_samperror_val,user_attrs_rho_std_val,user_attrs_rho_t_critical_val,user_attrs_rmse_ci_lower_val,user_attrs_rmse_ci_upper_val,user_attrs_rmse_df_val,user_attrs_rmse_mean_val,user_attrs_rmse_samperror_val,user_attrs_rmse_std_val,user_attrs_rmse_t_critical_val,user_attrs_termination_reason,user_attrs_use_scaler_final,state
148,1.259543714765955,2026-06-10 19:53:08.535281,2026-06-10 19:53:08.741124,0 days 00:00:00.205843,7.0,4.0,2.0,,,,,,,,,,,,DecisionTreeRegressor,,,,,,6,,,,,,,,False,,,,,,,,,,,,,,,,,,,,,,,,,,,,,,,,,,,,,,,,,,,,,DecisionTreeRegressor,"{'mode': 'original', 'type': 'DecisionTreeRegressor'}",6,"['edges_T2W20', 'l1_T2W20', 'l2_T2W20', 'lcc_T2W20', 'density_T2W20', 'diameter_T2W20']",,,,,,,,,,,,,,,pruned,False,PRUNED
149,0.993648402518892,2026-06-10 19:53:08.750557,2026-06-10 19:53:11.105116,0 days 00:00:02.354559,,,,,,,,,,,,,,0.005093598235913214,QuantileRegressor,,,,,,6,,,,,,,,False,0.008760117530226716,0.018870813251979424,98.0,0.013815465391103069,0.005055347860876353,0.02534688891142154,1.9844674545084815,0.9820119667717341,1.0052848382660498,98.0,0.993648402518892,0.011636435747157874,0.05834364960138975,1.9844674545084815,222780551584236.62,303380351573385.8,98.0,263080451578811.22,40299899994574.58,202058714140950.25,1.9844674545084815,3.118373912103182,3.2429208622316614,98.0,3.1806473871674217,0.0622734750642399,0.31223150177203496,1.9844674545084815,0.9905895606783512,0.9958208159285169,98.0,0.9932051883034341,0.002615627625082775,0.013114433402239818,1.9844674545084815,99.0,0.15151515151515152,0.028560018748987823,0.04541846884140807,98.0,0.03698924379519795,0.008429225046210123,0.04226309182581606,1.9844674545084815,QuantileRegressor,"{'mode': 'original', 'type': 'QuantileRegressor'}",6,"['nodes_T2W20', 'edges_T2W20', 'pe_T2W20', 'l2_T2W20', 'lcc_T2W20', 'lsc_T2W20']",0.18123955708178122,0.23137107343651594,98.0,0.20630531525914858,0.025065758177367357,0.12567661128113733,1.9844674545084815,1.2920778479700226,1.323352165610344,98.0,1.3077150067901833,0.01563715882016076,0.07840278026607685,1.9844674545084815,completed,False,COMPLETE
150,1.0844444444444445,2026-06-10 19:53:11.117593,2026-06-10 19:53:11.520597,0 days 00:00:00.403004,,,,,,,,,,,euclidean,15.0,uniform,,KNeighborsRegressor,,,,,,7,4.0,1.0,2.0,80.0,,,ExtraTrees,,,,,,,,,,,,,,,,,,,,,,,,,,,,,,,,,,,,,,,,,,,,,,KNeighborsRegressor,"{'mode': 'proxy', 'type': 'ExtraTrees'}",7,"['edges_T2W20', 'pe_T2W20', 'l1_T2W20', 'l2_T2W20', 'l3_T2W20', 'atd_T2W20', 'diameter_T2W20']",,,,,,,,,,,,,,,pruned,True,PRUNED
151,0.9908578054387284,2026-06-10 19:53:11.531889,2026-06-10 19:53:13.864376,0 days 00:00:02.332487,,,,,,,,,,,,,,0.006155766364075173,QuantileRegressor,,,,,,7,,,,,,,,False,0.011679491375996968,0.021528496560421544,98.0,0.016603993968209257,0.004924502592212289,0.024690846917738,1.9844674545084815,0.9792352927582324,1.0024803181192243,98.0,0.9908578054387284,0.011622512680496005,0.05827384106720046,1.9844674545084815,222840945158730.56,303364630858924.4,98.0,263102788008827.47,40261842850096.91,201867900325579.25,1.9844674545084815,3.113556625166086,3.2329471047973373,98.0,3.1732518649817116,0.05969523981562566,0.2993045491205892,1.9844674545084815,0.9927644008827573,0.9977205647132378,98.0,0.9952424827979975,0.002478081915240214,0.012424796225221172,1.9844674545084815,99.0,0.15151515151515152,0.03068994596414458,0.046966049823770034,98.0,0.03882799789395731,0.008138051929812727,0.040803185833503626,1.9844674545084815,QuantileRegressor,"{'mode': 'original', 'type': 'QuantileRegressor'}",7,"['nodes_T2W20', 'edges_T2W20', 'lcc_T2W20', 'atd_T2W20', 'density_T2W20', 'diameter_T2W20', 'asp_T2W20']",0.2102762583157683,0.2592036003499497,97.0,0.234739929332859,0.0244636710170907,0.1220210400479075,1.9847231860139845,1.2909150078972214,1.322065776571107,98.0,1.3064903922341642,0.015575384336942853,0.07809305064770528,1.9844674545084815,completed,False,COMPLETE
152,0.9951949679199366,2026-06-10 19:53:13.876500,2026-06-10 19:53:16.318776,0 days 00:00:02.442276,,,,,,,,,,,,,,0.00348459444950806,QuantileRegressor,,,,,,7,,,,,,,,False,0.006159957513607006,0.018216767938702663,98.0,0.012188362726154834,0.006028405212547828,0.030225678121583506,1.9844674545084815,0.9834223435731904,1.0069675922666828,98.0,0.9951949679199366,0.01177262434674623,0.05902648239544592,1.9844674545084815,223041759687592.12,303645926166828.25,98.0,263343842927210.2,40302083239618.05,202069660661566.88,1.9844674545084815,3.1510599972631588,3.2817732818167005,98.0,3.2164166395399296,0.06535664227677089,0.32769012083881727,1.9844674545084815,0.9889239859473851,0.9948520880771836,98.0,0.9918880370122843,0.002964051064899231,0.014861385435256221,1.9844674545084815,99.0,0.16161616161616163,0.02298445806822686,0.04539088412526456,98.0,0.03418767109674571,0.011203213028518852,0.05617152447262685,1.9844674545084815,QuantileRegressor,"{'mode': 'original', 'type': 'QuantileRegressor'}",7,"['nodes_T2W20', 'edges_T2W20', 'pe_T2W20', 'l2_T2W20', 'lcc_T2W20', 'lsc_T2W20', 'diameter_T2W20']",0.16090800164622776,0.2188135622531162,98.0,0.189860781949672,0.02895278030344424,0.14516565946086615,1.9844674545084815,1.293668865209174,1.3246401608690501,98.0,1.309154513039112,0.015485647829938037,0.07764312290050653,1.9844674545084815,completed,False,COMPLETE
153,0.9909085806218444,2026-06-10 19:53:16.379452,2026-06-10 19:53:18.612411,0 days 00:00:02.232959,,,,,,,,,,,,,,0.006223231646345217,QuantileRegressor,,,,,,7,,,,,,,,False,0.01164274825655593,0.02145638030556559,98.0,0.01654956428106076,0.00490681602450483,0.024602168654789033,1.9844674545084815,0.9793051731900128,1.002511988053676,98.0,0.9909085806218444,0.011603407431831622,0.058178049713400876,1.9844674545084815,222854651809967.3,303378412125002.3,98.0,263116531967484.8,40261880157517.49,201868087380371.75,1.9844674545084815,3.1135558666726877,3.2329464765462945,98.0,3.173251171609491,0.05969530493680349,0.29930487563012037,1.9844674545084815,0.992873217069245,0.9977156837379207,98.0,0.9952944504035829,0.002421233334337842,0.012139764471806959,1.9844674545084815,99.0,0.15151515151515152,0.030655314131107933,0.046917742477278104,98.0,0.03878652830419302,0.008131214173085086,0.04076890216698877,1.9844674545084815,QuantileRegressor,"{'mode': 'original', 'type': 'QuantileRegressor'}",7,"['nodes_T2W20', 'edges_T2W20', 'lcc_T2W20', 'atd_T2W20', 'density_T2W20', 'diameter_T2W20', 'asp_T2W20']",0.2129703846810723,0.26356859936872323,97.0,0.23826949202489778,0.025299107343825476,0.1261880683492104,1.9847231860139845,1.2909489471111752,1.322085642408598,98.0,1.3065172947598866,0.01556834764871147,0.07805776956323521,1.9844674545084815,completed,False,COMPLETE
154,0.9908317934861819,2026-06-10 19:53:18.624661,2026-06-10 19:53:20.903751,0 days 00:00:02.279090,,,,,,,,,,,,,,0.0059922436797205025,QuantileRegressor,,,,,,6,,,,,,,,False,0.011719961801456609,0.021523312714001902,98.0,0.016621637257729256,0.004901675456272648,0.024576394481476235,1.9844674545084815,0.9792499687833993,1.0024136181889645,98.0,0.9908317934861819,0.0115818247027826,0.0580698365793761,1.9844674545084815,222916988239994.0,303492867226921.6,98.0,263204927733457.8,40287939493463.805,201998745667697.25,1.9844674545084815,3.1143998318548767,3.234521174026249,98.0,3.174460502940563,0.060060671085686246,0.301136776310862,1.9844674545084815,0.9928008394384449,0.9977611282783725,98.0,0.9952809838584087,0.002480144419963834,0.012435137368807643,1.9844674545084815,99.0,0.15151515151515152,0.030706810630228426,0.047034367572248714,98.0,0.03887058910123857,0.008163778471010146,0.04093217552911936,1.9844674545084815,QuantileRegressor,"{'mode': 'original', 'type': 'QuantileRegressor'}",6,"['nodes_T2W20', 'edges_T2W20', 'lcc_T2W20', 'density_T2W20', 'diameter_T2W20', 'asp_T2W20']",0.21307001797177855,0.26841307833399913,97.0,0.24074154815288884,0.027671530181110286,0.13802134970083832,1.9847231860139845,1.2908899313100302,1.3220208998157534,98.0,1.3064554155628918,0.01556548425286172,0.07804341285059932,1.9844674545084815,completed,False,COMPLETE
155,0.9916106650413281,2026-06-10 19:53:20.916017,2026-06-10 19:53:23.206147,0 days 00:00:02.290130,,,,,,,,,,,,,,0.005593626090360601,QuantileRegressor,,,,,,6,,,,,,,,False,0.01087494490113576,0.020808276920564327,98.0,0.015841610910850044,0.004966666009714284,0.02490224907817483,1.9844674545084815,0.9800224878347462,1.0031988422479101,98.0,0.9916106650413281,0.011588177206581906,0.05810168724772604,1.9844674545084815,222944945864518.75,303505836622748.6,98.0,263225391243633.7,40280445379114.945,201961171105250.16,1.9844674545084815,3.1172885788009865,3.240004843538317,98.0,3.1786467111696517,0.06135813236866534,0.3076420867091934,1.9844674545084815,0.9928346328676438,0.9978205635153883,98.0,0.9953275981915161,0.0024929653238722196,0.012499419795270285,1.9844674545084815,99.0,0.15151515151515152,0.029978625448092273,0.0466273121424045,98.0,0.03830296879524839,0.008324343347156114,0.04173722795889271,1.9844674545084815,QuantileRegressor,"{'mode': 'original', 'type': 'QuantileRegressor'}",6,"['nodes_T2W20', 'edges_T2W20', 'lcc_T2W20', 'density_T2W20', 'diameter_T2W20', 'asp_T2W20']",0.21465604431895696,0.2656105001770182,98.0,0.24013327224798758,0.025477227929030618,0.1277396697239664,1.9844674545084815,1.291237118491672,1.322418144528333,98.0,1.3068276315100025,0.015590513018330393,0.07816890398501446,1.9844674545084815,completed,False,COMPLETE
156,0.9908317934861819,2026-06-10 19:53:23.218870,2026-06-10 19:53:25.563901,0 days 00:00:02.345031,,,,,,,,,,,,,,0.005997458469676932,QuantileRegressor,,,,,,6,,,,,,,,False,0.011719961801456603,0.021523312714001888,98.0,0.016621637257729246,0.004901675456272642,0.024576394481476208,1.9844674545084815,0.9792499687833993,1.0024136181889645,98.0,0.9908317934861819,0.011581824702782621,0.05806983657937621,1.9844674545084815,222916988239994.0,303492867226921.6,98.0,263204927733457.8,40287939493463.81,201998745667697.28,1.9844674545084815,3.1143998318548767,3.234521174026249,98.0,3.174460502940563,0.06006067108568609,0.3011367763108612,1.9844674545084815,0.9928008394384449,0.9977611282783725,98.0,0.9952809838584087,0.0024801444199637488,0.012435137368807215,1.9844674545084815,99.0,0.15151515151515152,0.03070681063022846,0.047034367572248735,98.0,0.0388705891012386,0.008163778471010137,0.04093217552911931,1.9844674545084815,QuantileRegressor,"{'mode': 'original', 'type': 'QuantileRegressor'}",6,"['nodes_T2W20', 'edges_T2W20', 'lcc_T2W20', 'density_T2W20', 'diameter_T2W20', 'asp_T2W20']",0.21549506678555116,0.2704008200700992,97.0,0.24294794342782516,0.027452876642274006,0.13693073937500788,1.9847231860139845,1.2908899313100302,1.3220208998157534,98.0,1.3064554155628918,0.015565484252861724,0.07804341285059933,1.9844674545084815,completed,False,COMPLETE
157,0.9915581967697219,2026-06-10 19:53:25.576617,2026-06-10 19:53:27.935655,0 days 00:00:02.359038,,,,,,,,,,,,,,0.005638283819581835,QuantileRegressor,,,,,,6,,,,,,,,False,0.010934769642393795,0.020841260545580713,98.0,0.015888015093987254,0.004953245451593458,0.02483496005965833,1.9844674545084815,0.9799969790984323,1.0031194144410116,98.0,0.9915581967697219,0.011561217671289616,0.05796651547221963,1.9844674545084815,223112142179987.6,303655440571469.6,98.0,263383791375728.6,40271649195741.0,201917068129755.78,1.9844674545084815,3.1163541365200147,3.2383959969349543,98.0,3.1773750667274845,0.06102093020746983,0.30595139677929567,1.9844674545084815,0.9928346328676433,0.9978205635153875,98.0,0.9953275981915154,0.002492965323872162,0.012499419795269995,1.9844674545084815,99.0,0.15151515151515152,0.03004588107077682,0.04667462782972578,98.0,0.0383602544502513,0.008314373379474478,0.041687239774057284,1.9844674545084815,QuantileRegressor,"{'mode': 'original', 'type': 'QuantileRegressor'}",6,"['nodes_T2W20', 'edges_T2W20', 'lcc_T2W20', 'density_T2W20', 'diameter_T2W20', 'asp_T2W20']",0.20964561742097762,0.26300190239832444,98.0,0.23632375990965102,0.026678142488673402,0.13376090679272423,1.9844674545084815,1.291208641386502,1.3223648078795829,98.0,1.3067867246330425,0.015578083246540388,0.0781065826466168,1.9844674545084815,completed,False,COMPLETE
158,0.991365654339057,2026-06-10 19:53:27.949107,2026-06-10 19:53:30.129548,0 days 00:00:02.180441,,,,,,,,,,,,,,0.005742978067468132,QuantileRegressor,,,,,,6,,,,,,,,False,0.011130807601885978,0.02102014260109724,98.0,0.01607547510149161,0.004944667499605631,0.024791951269342312,1.9844674545084815,0.9798205378968792,1.0029107707812348,98.0,0.991365654339057,0.011545116442177789,0.05788578590090897,1.9844674545084815,222756967116773.06,303250699176443.5,98.0,263003833146608.28,40246866029835.21,201792808401172.34,1.9844674545084815,3.1162350385507063,3.2383040788314865,98.0,3.1772695586910964,0.06103452014039035,0.306019535022109,1.9844674545084815,0.9931298596585557,0.997994439303587,98.0,0.9955621494810714,0.0024322898225156778,0.012195200336025698,1.9844674545084815,99.0,0.15151515151515152,0.0302512548113463,0.0469234764037168,98.0,0.03858736560753155,0.00833611079618525,0.041796228492885765,1.9844674545084815,QuantileRegressor,"{'mode': 'original', 'type': 'QuantileRegressor'}",6,"['nodes_T2W20', 'edges_T2W20', 'lcc_T2W20', 'density_T2W20', 'diameter_T2W20', 'asp_T2W20']",0.20465656819881725,0.26224278344940544,98.0,0.23344967582411133,0.028793107625294086,0.14436508040149365,1.9844674545084815,1.2910632069092816,1.3221851036008205,98.0,1.306624155255051,0.015560948345769376,0.07802067037345509,1.9844674545084815,completed,False,COMPLETE
159,1.0023957161329125,2026-06-10 19:53:30.163599,2026-06-10 19:53:32.374243,0 days 00:00:02.210644,,,,,,,,,,,,,,0.0023522409759329415,QuantileRegressor,,,,,,5,,,,,,,,True,-0.0017041116786974675,0.011752970862506809,98.0,0.005024429591904671,0.006728541270602138,0.03373607372140417,1.9844674545084815,0.9902240127392825,1.0145674195265424,98.0,1.0023957161329125,0.012171703393629928,0.06102741537703576,1.9844674545084815,220784386674580.4,300184671787313.6,98.0,260484529230947.03,39700142556366.62,199051604525862.25,1.9844674545084815,3.0959687211400744,3.2071554606623116,98.0,3.151562090901193,0.05559336976111858,0.2787382800008506,1.9844674545084815,0.961735129289171,0.9772887586658644,98.0,0.9695119439775177,0.007776814688346645,0.03899198698387157,1.9844674545084815,99.0,0.16161616161616163,0.03049084880663229,0.05015871556202811,98.0,0.0403247821843302,0.009833933377697912,0.049306125660682,1.9844674545084815,QuantileRegressor,"{'mode': 'original', 'type': 'QuantileRegressor'}",5,"['nodes_T2W20', 'edges_T2W20', 'lsc_T2W20', 'density_T2W20', 'diameter_T2W20']",0.21403646183888667,0.2657515791014823,98.0,0.23989402047018446,0.025857558631297798,0.1296466008245095,1.9844674545084815,1.2896446712159852,1.3208077211775027,98.0,1.305226196196744,0.015581524980758628,0.07812383907630138,1.9844674545084815,completed,True,COMPLETE
160,1.0224698190988655,2026-06-10 19:53:32.386932,2026-06-10 19:53:34.200745,0 days 00:00:01.813813,,,,0.1616143208885724,0.2233107723608863,,,,,,,,,,ElasticNet,,,,,,6,,,,,,,,False,-0.020313470119249603,-0.009881483934602938,98.0,-0.015097477026926272,0.005215993092323333,0.02615234423273554,1.9844674545084815,1.01164695465856,1.033292683539171,98.0,1.0224698190988655,0.010822864440305335,0.054264503694161005,1.9844674545084815,229172051233642.7,312156303417734.6,98.0,270664177325688.66,41492126092045.95,208036388334999.88,1.9844674545084815,3.0190512373857143,3.073614096788026,98.0,3.0463326670868702,0.027281429701155786,0.13678571425944946,1.9844674545084815,0.9578558620525053,0.9712754867682312,98.0,0.9645656744103682,0.0067098123578629675,0.03364216926938706,1.9844674545084815,99.0,0.1717171717171717,0.021850716085585593,0.034565120965036014,98.0,0.028207918525310804,0.00635720243972521,0.03187422675186586,1.9844674545084815,ElasticNet,"{'mode': 'original', 'type': 'ElasticNet'}",6,"['edges_T2W20', 'lcc_T2W20', 'atd_T2W20', 'density_T2W20', 'diameter_T2W20', 'asp_T2W20']",0.15421941546533832,0.20780741380674153,98.0,0.18101341463603993,0.026793999170701608,0.13434179786685613,1.9844674545084815,1.2994522873324175,1.3274287378449254,98.0,1.3134405125886714,0.013988225256253876,0.07013523132248804,1.9844674545084815,completed,False,COMPLETE
161,0.9910568488541339,2026-06-10 19:53:34.213639,2026-06-10 19:53:36.380532,0 days 00:00:02.166893,,,,,,,,,,,,,,0.005804065911429314,QuantileRegressor,,,,,,6,,,,,,,,False,0.011444008095123994,0.02132939450915596,98.0,0.016386701302139976,0.004942693207015982,0.02478205241048519,1.9844674545084815,0.9794951838298509,1.002618513878417,98.0,0.9910568488541339,0.011561665024283034,0.05796875844479846,1.9844674545084815,222876628837221.0,303452248925025.7,98.0,263164438881123.34,40287810043902.35,201998096623606.84,1.9844674545084815,3.1153423822070105,3.2367727601857568,98.0,3.1760575711963837,0.06071518898937298,0.3044184481268957,1.9844674545084815,0.9927748729241855,0.9977458825624353,98.0,0.9952603777433104,0.0024855048191249197,0.012462013747208506,1.9844674545084815,99.0,0.15151515151515152,0.030219884999984292,0.04684914139351426,98.0,0.038534513196749276,0.008314628196764986,0.0416885173964352,1.9844674545084815,QuantileRegressor,"{'mode': 'original', 'type': 'QuantileRegressor'}",6,"['nodes_T2W20', 'edges_T2W20', 'lcc_T2W20', 'density_T2W20', 'diameter_T2W20', 'asp_T2W20']",0.22297313374100097,0.2728337132430139,98.0,0.24790342349200745,0.024930289751006487,0.12499738934657022,1.9844674545084815,1.291096558472147,1.3222338799937157,98.0,1.3066652192329313,0.015568660760784324,0.07805933946844171,1.9844674545084815,completed,False,COMPLETE
162,0.9915316982461996,2026-06-10 19:53:36.393247,2026-06-10 19:53:38.692741,0 days 00:00:02.299494,,,,,,,,,,,,,,0.0056895372398179335,QuantileRegressor,,,,,,6,,,,,,,,False,0.010995367644891955,0.020834771321440588,98.0,0.01591506948316627,0.004919701838274316,0.024666776531266955,1.9844674545084815,0.9799820292818884,1.0030813672105108,98.0,0.9915316982461996,0.01154966896431117,0.05790861168381396,1.9844674545084815,223096994209280.44,303638600475950.94,98.0,263367797342615.7,40270803133335.266,201912826077497.38,1.9844674545084815,3.1163108413401663,3.2383645139293225,98.0,3.1773376776347444,0.06102683629457786,0.30598100916956994,1.9844674545084815,0.9928219545651701,0.997817340384881,98.0,0.9953196474750255,0.0024976929098554945,0.012523123326666141,1.9844674545084815,99.0,0.15151515151515152,0.0300382658314714,0.04663769396943741,98.0,0.03833797990045441,0.008299714068983007,0.04161373980436756,1.9844674545084815,QuantileRegressor,"{'mode': 'original', 'type': 'QuantileRegressor'}",6,"['nodes_T2W20', 'edges_T2W20', 'lcc_T2W20', 'density_T2W20', 'diameter_T2W20', 'asp_T2W20']",0.20564243668494053,0.26256934034240365,98.0,0.2341058885136721,0.02846345182873156,0.14271222701050504,1.9844674545084815,1.2912304449989809,1.322373793376228,98.0,1.3068021191876045,0.015571674188623687,0.07807444842291703,1.9844674545084815,completed,False,COMPLETE
