number,value,datetime_start,datetime_complete,duration,params_dt_max_depth,params_dt_min_samples_leaf,params_dt_min_samples_split,params_elastic_alpha,params_elastic_l1_ratio,params_et_max_depth,params_et_max_features,params_et_min_samples_leaf,params_et_min_samples_split,params_et_n_estimators,params_knn_metric,params_knn_n_neighbors,params_knn_weights,params_quantile_alpha,params_regressor,params_rf_max_depth,params_rf_max_features,params_rf_min_samples_leaf,params_rf_min_samples_split,params_rf_n_estimators,params_rfe_n_features,params_rfe_proxy_et_max_depth,params_rfe_proxy_et_min_samples_leaf,params_rfe_proxy_et_min_samples_split,params_rfe_proxy_et_n_estimators,params_rfe_proxy_lsvr_C,params_rfe_proxy_lsvr_epsilon,params_rfe_proxy_type,params_use_scaler,user_attrs_d2mae_ci_lower_val,user_attrs_d2mae_ci_upper_val,user_attrs_d2mae_df_val,user_attrs_d2mae_mean_val,user_attrs_d2mae_samperror_val,user_attrs_d2mae_std_val,user_attrs_d2mae_t_critical_val,user_attrs_mae_ci_lower_val,user_attrs_mae_ci_upper_val,user_attrs_mae_df_val,user_attrs_mae_mean_val,user_attrs_mae_samperror_val,user_attrs_mae_std_val,user_attrs_mae_t_critical_val,user_attrs_mape_ci_lower_val,user_attrs_mape_ci_upper_val,user_attrs_mape_df_val,user_attrs_mape_mean_val,user_attrs_mape_samperror_val,user_attrs_mape_std_val,user_attrs_mape_t_critical_val,user_attrs_max_error_ci_lower_val,user_attrs_max_error_ci_upper_val,user_attrs_max_error_df_val,user_attrs_max_error_mean_val,user_attrs_max_error_samperror_val,user_attrs_max_error_std_val,user_attrs_max_error_t_critical_val,user_attrs_median_ae_ci_lower_val,user_attrs_median_ae_ci_upper_val,user_attrs_median_ae_df_val,user_attrs_median_ae_mean_val,user_attrs_median_ae_samperror_val,user_attrs_median_ae_std_val,user_attrs_median_ae_t_critical_val,user_attrs_n_splits_val,user_attrs_r2_below_zero_val,user_attrs_r2_ci_lower_val,user_attrs_r2_ci_upper_val,user_attrs_r2_df_val,user_attrs_r2_mean_val,user_attrs_r2_samperror_val,user_attrs_r2_std_val,user_attrs_r2_t_critical_val,user_attrs_regressor_final,user_attrs_rfe_estimator,user_attrs_rfe_n_features,user_attrs_rfe_selected_features,user_attrs_rho_ci_lower_val,user_attrs_rho_ci_upper_val,user_attrs_rho_df_val,user_attrs_rho_mean_val,user_attrs_rho_samperror_val,user_attrs_rho_std_val,user_attrs_rho_t_critical_val,user_attrs_rmse_ci_lower_val,user_attrs_rmse_ci_upper_val,user_attrs_rmse_df_val,user_attrs_rmse_mean_val,user_attrs_rmse_samperror_val,user_attrs_rmse_std_val,user_attrs_rmse_t_critical_val,user_attrs_termination_reason,user_attrs_use_scaler_final,state
193,0.9906724823242067,2026-06-10 19:55:09.897438,2026-06-10 19:55:12.194016,0 days 00:00:02.296578,,,,,,,,,,,,,,0.006630404682090569,QuantileRegressor,,,,,,3,,,,,,,,False,0.01194039268882724,0.02167441853787823,98.0,0.016807405613352734,0.004867012924525496,0.024402600834478545,1.9844674545084815,0.9789999490981137,1.0023450155502998,98.0,0.9906724823242067,0.011672533226093003,0.0585246378961087,1.9844674545084815,223302445759531.25,303927665034494.75,98.0,263615055397013.0,40312609637481.766,202122438718514.06,1.9844674545084815,3.1095584549434654,3.2251819828413724,98.0,3.167370218892419,0.05781176394895363,0.28986103407994396,1.9844674545084815,0.9937979530905672,0.9983580268983727,98.0,0.99607798999447,0.002280036903902815,0.011431823033271513,1.9844674545084815,99.0,0.13131313131313133,0.03085213462514491,0.04670279270719417,98.0,0.03877746366616954,0.007925329041024628,0.03973661957942711,1.9844674545084815,QuantileRegressor,"{'mode': 'original', 'type': 'QuantileRegressor'}",3,"['nodes_T2W20', 'edges_T2W20', 'lcc_T2W20']",0.21690375732471515,0.27257102339946865,97.0,0.24473739036209188,0.02783363303737674,0.13882989389285885,1.9847231860139845,1.2909628605070418,1.3221560967921089,98.0,1.3065594786495753,0.015596618142533518,0.07819951432266592,1.9844674545084815,completed,False,COMPLETE
194,0.9906724823242067,2026-06-10 19:55:12.206518,2026-06-10 19:55:14.323396,0 days 00:00:02.116878,,,,,,,,,,,,,,0.006564531441556588,QuantileRegressor,,,,,,3,,,,,,,,False,0.01194039268882721,0.02167441853787818,98.0,0.016807405613352696,0.004867012924525486,0.024402600834478497,1.9844674545084815,0.9789999490981137,1.0023450155502998,98.0,0.9906724823242067,0.011672533226093013,0.05852463789610875,1.9844674545084815,223302445759531.2,303927665034494.7,98.0,263615055397012.94,40312609637481.75,202122438718513.97,1.9844674545084815,3.1095584549434663,3.2251819828413733,98.0,3.1673702188924198,0.05781176394895364,0.289861034079944,1.9844674545084815,0.9937979530905672,0.9983580268983727,98.0,0.99607798999447,0.0022800369039028233,0.011431823033271553,1.9844674545084815,99.0,0.13131313131313133,0.030852134625144904,0.04670279270719418,98.0,0.03877746366616954,0.007925329041024637,0.03973661957942716,1.9844674545084815,QuantileRegressor,"{'mode': 'original', 'type': 'QuantileRegressor'}",3,"['nodes_T2W20', 'edges_T2W20', 'lcc_T2W20']",0.20542313205481413,0.2645429861723041,97.0,0.23498305911355913,0.029559927058744988,0.14744038378085148,1.9847231860139845,1.2909628605070418,1.3221560967921089,98.0,1.3065594786495753,0.015596618142533531,0.07819951432266598,1.9844674545084815,completed,False,COMPLETE
195,1.0075757575757578,2026-06-10 19:55:14.335695,2026-06-10 19:55:16.430838,0 days 00:00:02.095143,,,,,,,,,,,,,,0.01046762168346386,QuantileRegressor,,,,,,3,,,,,,,,False,-2.205505903355294e-16,-1.3382362762563168e-16,98.0,-1.7718710898058055e-16,4.3363481354948865e-17,2.1741913216746518e-16,1.9844674545084815,0.9969166374215648,1.0182348777299508,98.0,1.0075757575757578,0.010659120154193038,0.05344351009605697,1.9844674545084815,243249413827922.2,331073265925134.3,98.0,287161339876528.25,43911926048606.08,220168966027914.5,1.9844674545084815,2.969853864095874,3.009944115702106,98.0,2.98989898989899,0.020045125803115967,0.10050378152592117,1.9844674545084815,0.9999999999999998,1.0,98.0,0.9999999999999999,8.086514493571947e-17,4.054478350252178e-16,1.9844674545084815,99.0,0.8787878787878788,-0.0030948902600818145,-0.0016582379893588582,98.0,-0.0023765641247203363,0.0007183261353614781,0.003601598397626759,1.9844674545084815,QuantileRegressor,"{'mode': 'original', 'type': 'QuantileRegressor'}",3,"['density_T2W20', 'diameter_T2W20', 'asp_T2W20']",,,,,,,,1.3196611267084086,1.3492364416432259,98.0,1.3344487841758172,0.014787657467408706,0.07414348555266102,1.9844674545084815,completed,False,COMPLETE
196,0.9901104776397219,2026-06-10 19:55:16.443344,2026-06-10 19:55:18.598502,0 days 00:00:02.155158,,,,,,,,,,,,,,0.006659139499996659,QuantileRegressor,,,,,,3,,,,,,,,False,0.012647869747820947,0.02207210859071034,98.0,0.017359989169265642,0.004712119421444697,0.023625983967798796,1.9844674545084815,0.9785336521096686,1.0016873031697753,98.0,0.9901104776397219,0.011576825530053321,0.05804477134562658,1.9844674545084815,222226700494386.7,302548191130381.56,98.0,262387445812384.12,40160745317997.42,201361009803726.94,1.9844674545084815,3.1016900863796333,3.2084537867274876,98.0,3.1550719365535604,0.05338185017392702,0.26764999431910924,1.9844674545084815,0.9946898640930584,0.9990334206541038,98.0,0.9968616423735811,0.0021717782805227162,0.0108890276854469,1.9844674545084815,99.0,0.12121212121212122,0.032827308414540686,0.048004245931475946,98.0,0.040415777173008316,0.007588468758467631,0.03804764378673811,1.9844674545084815,QuantileRegressor,"{'mode': 'original', 'type': 'QuantileRegressor'}",3,"['edges_T2W20', 'diameter_T2W20', 'asp_T2W20']",0.23311035501329255,0.28348585357886963,97.0,0.2582981042960811,0.025187749282788528,0.12563263141515607,1.9847231860139845,1.2899577626106276,1.3209716095558635,98.0,1.3054646860832455,0.015506923472617989,0.0777497963414583,1.9844674545084815,completed,False,COMPLETE
197,1.0075757575757578,2026-06-10 19:55:18.611050,2026-06-10 19:55:20.716665,0 days 00:00:02.105615,,,,,,,,,,,,,,0.012936079606918659,QuantileRegressor,,,,,,3,,,,,,,,False,-2.126109703280539e-16,-1.193344996608818e-16,98.0,-1.6597273499446786e-16,4.663823533358605e-17,2.338383435833861e-16,1.9844674545084815,0.9969166374215648,1.0182348777299508,98.0,1.0075757575757578,0.010659120154193033,0.05344351009605694,1.9844674545084815,243249413827922.25,331073265925134.4,98.0,287161339876528.3,43911926048606.08,220168966027914.5,1.9844674545084815,2.969853864095874,3.009944115702106,98.0,2.98989898989899,0.020045125803115963,0.10050378152592114,1.9844674545084815,0.9999999999999998,1.0,98.0,0.9999999999999999,9.7061888167951e-17,4.866563023220704e-16,1.9844674545084815,99.0,0.8787878787878788,-0.0030948902600818097,-0.0016582379893588402,98.0,-0.002376564124720325,0.0007183261353614849,0.003601598397626793,1.9844674545084815,QuantileRegressor,"{'mode': 'original', 'type': 'QuantileRegressor'}",3,"['density_T2W20', 'diameter_T2W20', 'asp_T2W20']",,,,,,,,1.3196611267084086,1.3492364416432259,98.0,1.3344487841758172,0.014787657467408713,0.07414348555266105,1.9844674545084815,completed,False,COMPLETE
198,0.9901169814405908,2026-06-10 19:55:20.729386,2026-06-10 19:55:22.869752,0 days 00:00:02.140366,,,,,,,,,,,,,,0.006887294561775619,QuantileRegressor,,,,,,3,,,,,,,,False,0.012642764330770353,0.022064123391706218,98.0,0.017353443861238285,0.004710679530467932,0.023618764532532026,1.9844674545084815,0.9785411527446995,1.0016928101364821,98.0,0.9901169814405908,0.011575828695891247,0.05803977334242985,1.9844674545084815,222241343685734.8,302571103202200.06,98.0,262406223443967.44,40164879758232.64,201381739375704.38,1.9844674545084815,3.1015245477370095,3.2081768733687555,98.0,3.1548507105528825,0.05332616281587289,0.267370784793432,1.9844674545084815,0.9946898640930586,0.999033420654104,98.0,0.9968616423735813,0.0021717782805227314,0.010889027685446976,1.9844674545084815,99.0,0.12121212121212122,0.03283667417505867,0.04799384797584029,98.0,0.04041526107544948,0.0075785869003908105,0.03799809737256352,1.9844674545084815,QuantileRegressor,"{'mode': 'original', 'type': 'QuantileRegressor'}",3,"['edges_T2W20', 'diameter_T2W20', 'asp_T2W20']",0.2345489160898099,0.28439097768071003,98.0,0.25946994688526,0.02492103079545007,0.12495096608859019,1.9844674545084815,1.289962819796032,1.3209672726668704,98.0,1.3054650462314512,0.015502226435419219,0.07772624597788957,1.9844674545084815,completed,False,COMPLETE
199,1.1085435233503391,2026-06-10 19:55:22.882439,2026-06-10 19:55:23.353876,0 days 00:00:00.471437,,,,,,,,,,,minkowski,6.0,distance,,KNeighborsRegressor,,,,,,3,7.0,3.0,7.0,50.0,,,ExtraTrees,,,,,,,,,,,,,,,,,,,,,,,,,,,,,,,,,,,,,,,,,,,,,,KNeighborsRegressor,"{'mode': 'proxy', 'type': 'ExtraTrees'}",3,"['edges_T2W20', 'l2_T2W20', 'l3_T2W20']",,,,,,,,,,,,,,,pruned,True,PRUNED
200,0.992635304053862,2026-06-10 19:55:23.363817,2026-06-10 19:55:25.732046,0 days 00:00:02.368229,,,,,,,,,,,,,,0.010105145594518672,QuantileRegressor,,,,,,3,,,,,,,,False,0.010409967235886206,0.019182198614500857,98.0,0.014796082925193531,0.004386115689307326,0.021991441576137877,1.9844674545084815,0.9813569852913898,1.0039136228163343,98.0,0.992635304053862,0.011278318762472258,0.05654809533333073,1.9844674545084815,223952188891433.78,304883155532854.25,98.0,264417672212144.03,40465483320710.25,202888928458272.62,1.9844674545084815,3.090601677670137,3.191981142613517,98.0,3.141291410141827,0.05068973247169018,0.2541520491305778,1.9844674545084815,0.9954666142739288,0.9995892665738575,98.0,0.9975279404238931,0.0020613261499643795,0.010335234363931203,1.9844674545084815,99.0,0.18181818181818182,0.028583707618807443,0.043101685016457204,98.0,0.035842696317632323,0.007258988698824883,0.03639567151892951,1.9844674545084815,QuantileRegressor,"{'mode': 'original', 'type': 'QuantileRegressor'}",3,"['edges_T2W20', 'diameter_T2W20', 'asp_T2W20']",0.20387716974426995,0.26840855155130505,94.0,0.2361428606477875,0.03226569090351756,0.15838999782047777,1.985523441866604,1.2934128746994884,1.3235342895010662,98.0,1.3084735821002773,0.015060707400788808,0.07551252414686306,1.9844674545084815,completed,False,COMPLETE
201,0.9899239763132568,2026-06-10 19:55:25.746542,2026-06-10 19:55:27.879493,0 days 00:00:02.132951,,,,,,,,,,,,,,0.007313867973312834,QuantileRegressor,,,,,,3,,,,,,,,False,0.012858939288817088,0.02223439680656558,98.0,0.017546668047691335,0.004687728758874247,0.02350369220239257,1.9844674545084815,0.9783515583421033,1.0014963942844104,98.0,0.9899239763132568,0.011572417971153505,0.05802267239044511,1.9844674545084815,222349831888777.62,302750231859977.7,98.0,262550031874377.66,40200199985600.03,201558830627195.88,1.9844674545084815,3.099752352040947,3.2044087794097944,98.0,3.1520805657253708,0.052328213684423606,0.26236719127816605,1.9844674545084815,0.9947454374205352,0.999041118272909,98.0,0.9968932778467221,0.002147840426186871,0.010769006244524086,1.9844674545084815,99.0,0.12121212121212122,0.0334997306744818,0.048206599326126136,98.0,0.04085316500030397,0.007353434325822166,0.03686921021133013,1.9844674545084815,QuantileRegressor,"{'mode': 'original', 'type': 'QuantileRegressor'}",3,"['edges_T2W20', 'diameter_T2W20', 'asp_T2W20']",0.234115274624864,0.2847714050660629,97.0,0.25944333984546347,0.025328065220599456,0.1263325057984825,1.9847231860139845,1.2897272470131,1.32063240186627,98.0,1.305179824439685,0.015452577426585049,0.0774773119883572,1.9844674545084815,completed,False,COMPLETE
202,0.9899239763132569,2026-06-10 19:55:27.897196,2026-06-10 19:55:30.217352,0 days 00:00:02.320156,,,,,,,,,,,,,,0.007472112191891102,QuantileRegressor,,,,,,3,,,,,,,,False,0.012858939288817137,0.022234396806565616,98.0,0.017546668047691377,0.00468772875887424,0.02350369220239254,1.9844674545084815,0.9783515583421034,1.0014963942844104,98.0,0.9899239763132569,0.011572417971153489,0.058022672390445035,1.9844674545084815,222349831888777.6,302750231859977.6,98.0,262550031874377.62,40200199985600.03,201558830627195.88,1.9844674545084815,3.099752352040947,3.2044087794097944,98.0,3.1520805657253708,0.052328213684423766,0.2623671912781668,1.9844674545084815,0.9947454374205351,0.9990411182729089,98.0,0.996893277846722,0.0021478404261868595,0.010769006244524025,1.9844674545084815,99.0,0.12121212121212122,0.033499730674481774,0.04820659932612612,98.0,0.04085316500030395,0.007353434325822176,0.03686921021133019,1.9844674545084815,QuantileRegressor,"{'mode': 'original', 'type': 'QuantileRegressor'}",3,"['edges_T2W20', 'diameter_T2W20', 'asp_T2W20']",0.23538981832273595,0.2860669790295976,97.0,0.26072839867616676,0.025338580353430822,0.12638495366877264,1.9847231860139845,1.2897272470131,1.32063240186627,98.0,1.305179824439685,0.015452577426585056,0.07747731198835724,1.9844674545084815,completed,False,COMPLETE
203,0.9904021193601567,2026-06-10 19:55:30.230153,2026-06-10 19:55:32.439590,0 days 00:00:02.209437,,,,,,,,,,,,,,0.007479931581616142,QuantileRegressor,,,,,,3,,,,,,,,False,0.012382633088829219,0.02176953150393473,98.0,0.017076082296381974,0.004693449207552755,0.023532373824541618,1.9844674545084815,0.9788090629893796,1.0019951757309336,98.0,0.9904021193601567,0.01159305637077697,0.058126150773528104,1.9844674545084815,222451540061191.7,302909168113769.3,98.0,262680354087480.5,40228814026288.8,201702297888125.25,1.9844674545084815,3.0999139166846046,3.204538784025842,98.0,3.1522263503552232,0.05231243367061866,0.2622880722406751,1.9844674545084815,0.9944166369467479,0.9989253296989148,98.0,0.9966709833228313,0.0022543463760834803,0.011303013904279234,1.9844674545084815,99.0,0.12121212121212122,0.0330869968764264,0.047767291994408115,98.0,0.040427144435417256,0.007340147558990855,0.036802592005791494,1.9844674545084815,QuantileRegressor,"{'mode': 'original', 'type': 'QuantileRegressor'}",3,"['edges_T2W20', 'lsc_T2W20', 'diameter_T2W20']",0.21648226851373165,0.2722729862090729,97.0,0.24437762736140228,0.027895358847670648,0.13913777277026038,1.9847231860139845,1.2900145851118032,1.3209300008311176,98.0,1.3054722929714604,0.015457707859657234,0.07750303534523131,1.9844674545084815,completed,False,COMPLETE
204,1.0075757575757578,2026-06-10 19:55:32.452165,2026-06-10 19:55:34.519952,0 days 00:00:02.067787,,,,,,,,,,,,,,0.010262853362693244,QuantileRegressor,,,,,,3,,,,,,,,False,-2.14211799601869e-16,-1.2670516957595682e-16,98.0,-1.704584845889129e-16,4.375331501295609e-17,2.1937370991273022e-16,1.9844674545084815,0.9969166374215648,1.0182348777299508,98.0,1.0075757575757578,0.010659120154193041,0.05344351009605699,1.9844674545084815,243249413827922.2,331073265925134.3,98.0,287161339876528.25,43911926048606.08,220168966027914.5,1.9844674545084815,2.969853864095874,3.009944115702106,98.0,2.98989898989899,0.020045125803115977,0.10050378152592121,1.9844674545084815,0.9999999999999998,1.0,98.0,0.9999999999999999,8.843070034168366e-17,4.4338059409650687e-16,1.9844674545084815,99.0,0.8787878787878788,-0.003094890260081811,-0.001658237989358853,98.0,-0.002376564124720332,0.000718326135361479,0.003601598397626764,1.9844674545084815,QuantileRegressor,"{'mode': 'original', 'type': 'QuantileRegressor'}",3,"['density_T2W20', 'diameter_T2W20', 'asp_T2W20']",,,,,,,,1.3196611267084086,1.3492364416432259,98.0,1.3344487841758172,0.014787657467408706,0.07414348555266102,1.9844674545084815,completed,False,COMPLETE
205,0.9903189759499095,2026-06-10 19:55:34.532175,2026-06-10 19:55:36.861891,0 days 00:00:02.329716,,,,,,,,,,,,,,0.008173596044382538,QuantileRegressor,,,,,,3,,,,,,,,False,0.012473849235764731,0.021812124259606033,98.0,0.01714298674768538,0.00466913751192065,0.023410477989597347,1.9844674545084815,0.9787927856653449,1.001845166234474,98.0,0.9903189759499095,0.011526190284564615,0.05779089248748954,1.9844674545084815,223065872962421.06,303450670612322.6,98.0,263258271787371.84,40192398824950.8,201519716572575.3,1.9844674545084815,3.0992596338464713,3.2035992635336736,98.0,3.1514294486900725,0.05216981484360127,0.2615729990816026,1.9844674545084815,0.9947454374205352,0.999041118272909,98.0,0.9968932778467221,0.0021478404261868816,0.010769006244524138,1.9844674545084815,99.0,0.13131313131313133,0.03243687509660407,0.04699857979424311,98.0,0.03971772744542359,0.007280852348819517,0.0365052931558303,1.9844674545084815,QuantileRegressor,"{'mode': 'original', 'type': 'QuantileRegressor'}",3,"['edges_T2W20', 'diameter_T2W20', 'asp_T2W20']",0.22340928774687446,0.2791536019916761,96.0,0.2512814448692753,0.027872157122400806,0.13829273638807718,1.984984311522457,1.2905901242406144,1.3212626492053559,98.0,1.305926386722985,0.015336262482370725,0.07689412324430357,1.9844674545084815,completed,False,COMPLETE
206,0.9899150331306769,2026-06-10 19:55:36.874247,2026-06-10 19:55:39.125272,0 days 00:00:02.251025,,,,,,,,,,,,,,0.007709163969266717,QuantileRegressor,,,,,,3,,,,,,,,False,0.012867108815934714,0.022244754715001234,98.0,0.017555931765467974,0.004688822949533259,0.02350917833902355,1.9844674545084815,0.9783409157585995,1.0014891505027543,98.0,0.9899150331306769,0.011574117372077386,0.058031192976489634,1.9844674545084815,222349831888777.62,302750231859977.75,98.0,262550031874377.7,40200199985600.05,201558830627195.97,1.9844674545084815,3.099752352040947,3.2044087794097944,98.0,3.1520805657253708,0.05232821368442363,0.26236719127816616,1.9844674545084815,0.994745437420535,0.9990411182729088,98.0,0.9968932778467219,0.0021478404261868933,0.010769006244524195,1.9844674545084815,99.0,0.12121212121212122,0.03346867351520147,0.04816113498183834,98.0,0.040814904248519905,0.007346230733318438,0.036833092289481825,1.9844674545084815,QuantileRegressor,"{'mode': 'original', 'type': 'QuantileRegressor'}",3,"['edges_T2W20', 'diameter_T2W20', 'asp_T2W20']",0.22631506426450138,0.2817274078946633,97.0,0.2540212360795823,0.02770617181508095,0.1381941368595238,1.9847231860139845,1.2897583080774204,1.320651562479795,98.0,1.3052049352786077,0.015446627201187306,0.07744747829415749,1.9844674545084815,completed,False,COMPLETE
207,0.9907276339669163,2026-06-10 19:55:39.143235,2026-06-10 19:55:41.439671,0 days 00:00:02.296436,,,,,,,,,,,,,,0.008695749185331728,QuantileRegressor,,,,,,3,,,,,,,,False,0.01212558838339552,0.021318165458639387,98.0,0.016721876921017453,0.004596288537621934,0.023045222242678187,1.9844674545084815,0.9792832334866169,1.0021720344472156,98.0,0.9907276339669163,0.011444400480299335,0.057380808524950984,1.9844674545084815,223147219490956.94,303545389836826.44,98.0,263346304663891.7,40199085172934.75,201553241094376.06,1.9844674545084815,3.094966255411472,3.198776148434561,98.0,3.1468712019230165,0.05190494651154443,0.26024498202450647,1.9844674545084815,0.9949519385144908,0.999204207996032,98.0,0.9970780732552614,0.0021261347407705946,0.010660176622481567,1.9844674545084815,99.0,0.1414141414141414,0.0320859595820596,0.04668355938794327,98.0,0.03938475948500143,0.007298799902941832,0.036595279972383654,1.9844674545084815,QuantileRegressor,"{'mode': 'original', 'type': 'QuantileRegressor'}",3,"['edges_T2W20', 'diameter_T2W20', 'asp_T2W20']",0.22769453536935347,0.2807752373578972,96.0,0.25423488636362535,0.02654035099427188,0.1316847399926588,1.984984311522457,1.2908242577854294,1.321468234745384,98.0,1.3061462462654068,0.015321988479977382,0.07682255516176163,1.9844674545084815,completed,False,COMPLETE
