number,value,datetime_start,datetime_complete,duration,params_dt_max_depth,params_dt_min_samples_leaf,params_dt_min_samples_split,params_elastic_alpha,params_elastic_l1_ratio,params_et_max_depth,params_et_max_features,params_et_min_samples_leaf,params_et_min_samples_split,params_et_n_estimators,params_knn_metric,params_knn_n_neighbors,params_knn_weights,params_quantile_alpha,params_regressor,params_rf_max_depth,params_rf_max_features,params_rf_min_samples_leaf,params_rf_min_samples_split,params_rf_n_estimators,params_rfe_n_features,params_rfe_proxy_et_max_depth,params_rfe_proxy_et_min_samples_leaf,params_rfe_proxy_et_min_samples_split,params_rfe_proxy_et_n_estimators,params_rfe_proxy_lsvr_C,params_rfe_proxy_lsvr_epsilon,params_rfe_proxy_type,params_use_scaler,user_attrs_d2mae_ci_lower_val,user_attrs_d2mae_ci_upper_val,user_attrs_d2mae_df_val,user_attrs_d2mae_mean_val,user_attrs_d2mae_samperror_val,user_attrs_d2mae_std_val,user_attrs_d2mae_t_critical_val,user_attrs_mae_ci_lower_val,user_attrs_mae_ci_upper_val,user_attrs_mae_df_val,user_attrs_mae_mean_val,user_attrs_mae_samperror_val,user_attrs_mae_std_val,user_attrs_mae_t_critical_val,user_attrs_mape_ci_lower_val,user_attrs_mape_ci_upper_val,user_attrs_mape_df_val,user_attrs_mape_mean_val,user_attrs_mape_samperror_val,user_attrs_mape_std_val,user_attrs_mape_t_critical_val,user_attrs_max_error_ci_lower_val,user_attrs_max_error_ci_upper_val,user_attrs_max_error_df_val,user_attrs_max_error_mean_val,user_attrs_max_error_samperror_val,user_attrs_max_error_std_val,user_attrs_max_error_t_critical_val,user_attrs_median_ae_ci_lower_val,user_attrs_median_ae_ci_upper_val,user_attrs_median_ae_df_val,user_attrs_median_ae_mean_val,user_attrs_median_ae_samperror_val,user_attrs_median_ae_std_val,user_attrs_median_ae_t_critical_val,user_attrs_n_splits_val,user_attrs_r2_below_zero_val,user_attrs_r2_ci_lower_val,user_attrs_r2_ci_upper_val,user_attrs_r2_df_val,user_attrs_r2_mean_val,user_attrs_r2_samperror_val,user_attrs_r2_std_val,user_attrs_r2_t_critical_val,user_attrs_regressor_final,user_attrs_rfe_estimator,user_attrs_rfe_n_features,user_attrs_rfe_selected_features,user_attrs_rho_ci_lower_val,user_attrs_rho_ci_upper_val,user_attrs_rho_df_val,user_attrs_rho_mean_val,user_attrs_rho_samperror_val,user_attrs_rho_std_val,user_attrs_rho_t_critical_val,user_attrs_rmse_ci_lower_val,user_attrs_rmse_ci_upper_val,user_attrs_rmse_df_val,user_attrs_rmse_mean_val,user_attrs_rmse_samperror_val,user_attrs_rmse_std_val,user_attrs_rmse_t_critical_val,user_attrs_termination_reason,user_attrs_use_scaler_final,state
297,0.9898481330388786,2026-06-10 19:59:15.699224,2026-06-10 19:59:17.969220,0 days 00:00:02.269996,,,,,,,,,,,,,,0.0011949175086387513,QuantileRegressor,,,,,,4,,,,,,,,False,0.010515005530066259,0.02446274377007177,98.0,0.017488874650069014,0.006973869120002756,0.03496611721529689,1.9844674545084815,0.9776423394470733,1.002053926630684,98.0,0.9898481330388786,0.01220579359180534,0.06119833941429295,1.9844674545084815,222068682236575.03,302180159796195.9,98.0,262124421016385.47,40055738779810.43,200834520008831.38,1.9844674545084815,3.171076992335933,3.3180085068961005,98.0,3.244542749616017,0.07346575728008363,0.36834822050186966,1.9844674545084815,0.9913338965822897,0.9977482155255871,98.0,0.9945410560539384,0.003207159471648785,0.016080300918204893,1.9844674545084815,99.0,0.16161616161616163,0.023836829355131595,0.04948736730101823,98.0,0.03666209832807491,0.012825268972943315,0.06430431235644828,1.9844674545084815,QuantileRegressor,"{'mode': 'original', 'type': 'QuantileRegressor'}",4,"['nodes_T2W20', 'edges_T2W20', 'l2_T2W20', 'lcc_T2W20']",0.21107110463286197,0.26309722897379445,98.0,0.23708416680332822,0.02601306217046625,0.13042627633668133,1.9844674545084815,1.2914506919067443,1.3231057151988794,98.0,1.3072782035528119,0.0158275116460675,0.07935718579167345,1.9844674545084815,completed,False,COMPLETE
298,1.012695744691197,2026-06-10 19:59:17.987484,2026-06-10 19:59:44.170580,0 days 00:00:26.183096,,,,,,2.0,sqrt,4.0,10.0,395.0,,,,,ExtraTreesRegressor,,,,,,4,,,,,,,,False,-0.008392862834573491,-0.0019977881979504524,98.0,-0.005195325516261971,0.003197537318311519,0.01603205663147324,1.9844674545084815,1.001945489798467,1.0234459995839271,98.0,1.012695744691197,0.010750254892730151,0.05390044840322051,1.9844674545084815,232062926624847.12,316082112127464.9,98.0,274072519376156.0,42009592751308.875,210630902162467.3,1.9844674545084815,3.0438303924517047,3.112550700322208,98.0,3.0781905463869563,0.034360153935251644,0.17227756204796382,1.9844674545084815,0.9635745128340839,0.9719903700416844,98.0,0.9677824414378842,0.004207928603800305,0.021098033568204375,1.9844674545084815,99.0,0.1414141414141414,0.02235378865119173,0.03142746959554027,98.0,0.026890629123365997,0.00453684047217427,0.02274715699526717,1.9844674545084815,ExtraTreesRegressor,"{'mode': 'original', 'type': 'ExtraTreesRegressor'}",4,"['edges_T2W20', 'lcc_T2W20', 'atd_T2W20', 'diameter_T2W20']",0.18845784726232426,0.23600099595698057,98.0,0.2122294216096524,0.023771574347328153,0.11918773362647969,1.9844674545084815,1.3000593105297427,1.3292643479591388,98.0,1.3146618292444407,0.01460251871469803,0.07321522274517478,1.9844674545084815,completed,False,COMPLETE
299,0.9909955856788869,2026-06-10 19:59:44.183448,2026-06-10 19:59:46.383480,0 days 00:00:02.200032,,,,,,,,,,,,,,0.0009809377805780081,QuantileRegressor,,,,,,4,,,,,,,,False,0.009257552471669457,0.02352460914012864,98.0,0.016391080805899048,0.00713352833422959,0.03576662876822312,1.9844674545084815,0.978550363117622,1.0034408082401518,98.0,0.9909955856788869,0.012445222561264898,0.06239880665375519,1.9844674545084815,221832625870222.66,301760888980846.8,98.0,261796757425534.75,39964131555312.086,200375212715496.94,1.9844674545084815,3.173531967973419,3.3219052187815676,98.0,3.2477185933774932,0.0741866254040746,0.3719625641160827,1.9844674545084815,0.9906284393759499,0.997154255769898,98.0,0.993891347572924,0.0032629081969740878,0.016359818131789647,1.9844674545084815,99.0,0.1717171717171717,0.02215743283070263,0.04823162088520567,98.0,0.03519452685795415,0.01303709402725152,0.0653663769794899,1.9844674545084815,QuantileRegressor,"{'mode': 'original', 'type': 'QuantileRegressor'}",4,"['nodes_T2W20', 'edges_T2W20', 'lcc_T2W20', 'lsc_T2W20']",0.20810139835699773,0.26110437857061686,98.0,0.23460288846380728,0.02650149010680956,0.13287519359904015,1.9844674545084815,1.2922241385009878,1.3243754530789043,98.0,1.308299795789946,0.01607565728895829,0.08060135735361137,1.9844674545084815,completed,False,COMPLETE
