number,value,datetime_start,datetime_complete,duration,params_dt_max_depth,params_dt_min_samples_leaf,params_dt_min_samples_split,params_elastic_alpha,params_elastic_l1_ratio,params_et_max_depth,params_et_max_features,params_et_min_samples_leaf,params_et_min_samples_split,params_et_n_estimators,params_knn_metric,params_knn_n_neighbors,params_knn_weights,params_quantile_alpha,params_regressor,params_rf_max_depth,params_rf_max_features,params_rf_min_samples_leaf,params_rf_min_samples_split,params_rf_n_estimators,params_rfe_n_features,params_rfe_proxy_et_max_depth,params_rfe_proxy_et_min_samples_leaf,params_rfe_proxy_et_min_samples_split,params_rfe_proxy_et_n_estimators,params_rfe_proxy_lsvr_C,params_rfe_proxy_lsvr_epsilon,params_rfe_proxy_type,params_use_scaler,user_attrs_d2mae_ci_lower_val,user_attrs_d2mae_ci_upper_val,user_attrs_d2mae_df_val,user_attrs_d2mae_mean_val,user_attrs_d2mae_samperror_val,user_attrs_d2mae_std_val,user_attrs_d2mae_t_critical_val,user_attrs_mae_ci_lower_val,user_attrs_mae_ci_upper_val,user_attrs_mae_df_val,user_attrs_mae_mean_val,user_attrs_mae_samperror_val,user_attrs_mae_std_val,user_attrs_mae_t_critical_val,user_attrs_mape_ci_lower_val,user_attrs_mape_ci_upper_val,user_attrs_mape_df_val,user_attrs_mape_mean_val,user_attrs_mape_samperror_val,user_attrs_mape_std_val,user_attrs_mape_t_critical_val,user_attrs_max_error_ci_lower_val,user_attrs_max_error_ci_upper_val,user_attrs_max_error_df_val,user_attrs_max_error_mean_val,user_attrs_max_error_samperror_val,user_attrs_max_error_std_val,user_attrs_max_error_t_critical_val,user_attrs_median_ae_ci_lower_val,user_attrs_median_ae_ci_upper_val,user_attrs_median_ae_df_val,user_attrs_median_ae_mean_val,user_attrs_median_ae_samperror_val,user_attrs_median_ae_std_val,user_attrs_median_ae_t_critical_val,user_attrs_n_splits_val,user_attrs_r2_below_zero_val,user_attrs_r2_ci_lower_val,user_attrs_r2_ci_upper_val,user_attrs_r2_df_val,user_attrs_r2_mean_val,user_attrs_r2_samperror_val,user_attrs_r2_std_val,user_attrs_r2_t_critical_val,user_attrs_regressor_final,user_attrs_rfe_estimator,user_attrs_rfe_n_features,user_attrs_rfe_selected_features,user_attrs_rho_ci_lower_val,user_attrs_rho_ci_upper_val,user_attrs_rho_df_val,user_attrs_rho_mean_val,user_attrs_rho_samperror_val,user_attrs_rho_std_val,user_attrs_rho_t_critical_val,user_attrs_rmse_ci_lower_val,user_attrs_rmse_ci_upper_val,user_attrs_rmse_df_val,user_attrs_rmse_mean_val,user_attrs_rmse_samperror_val,user_attrs_rmse_std_val,user_attrs_rmse_t_critical_val,user_attrs_termination_reason,user_attrs_use_scaler_final,state
163,0.9936242309574992,2026-06-10 19:53:38.705219,2026-06-10 19:53:40.944155,0 days 00:00:02.238936,,,,,,,,,,,,,,0.0052100688211877645,QuantileRegressor,,,,,,6,,,,,,,,False,0.008785662268845532,0.01889296699819557,98.0,0.01383931463352055,0.005053652364675019,0.025338387903172922,1.9844674545084815,0.9819892892418419,1.0052591726731563,98.0,0.9936242309574992,0.011634941715657236,0.058336158712232564,1.9844674545084815,222768055002422.9,303363372970088.75,98.0,263065713986255.84,40297658983832.93,202047477990267.62,1.9844674545084815,3.1183612659086735,3.242942643782935,98.0,3.1806519548458043,0.062290688937130814,0.3123178100016383,1.9844674545084815,0.9905577374598855,0.9957834382610775,98.0,0.9931705878604815,0.0026128504005959495,0.013100508742159662,1.9844674545084815,99.0,0.15151515151515152,0.028569809037070595,0.045430724872826095,98.0,0.037000266954948346,0.008430457917877752,0.042269273291871697,1.9844674545084815,QuantileRegressor,"{'mode': 'original', 'type': 'QuantileRegressor'}",6,"['nodes_T2W20', 'edges_T2W20', 'pe_T2W20', 'l2_T2W20', 'lcc_T2W20', 'lsc_T2W20']",0.1798685772969046,0.23004611563357072,97.0,0.20495734646523767,0.025088769168333046,0.12513893378075439,1.9847231860139845,1.292070517639523,1.323343969538679,98.0,1.307707243589101,0.015636725949577993,0.07840060990651379,1.9844674545084815,completed,False,COMPLETE
164,0.9908301028290939,2026-06-10 19:53:40.956673,2026-06-10 19:53:43.213421,0 days 00:00:02.256748,,,,,,,,,,,,,,0.006051792049439517,QuantileRegressor,,,,,,5,,,,,,,,False,0.01172181790955044,0.021524639019250006,98.0,0.016623228464400223,0.004901410554849782,0.024575066298505917,1.9844674545084815,0.9792487215033226,1.0024114841548653,98.0,0.9908301028290939,0.011581381325771247,0.05806761354187959,1.9844674545084815,222919786164391.47,303495731309889.0,98.0,263207758737140.25,40287972572748.77,201998911523140.72,1.9844674545084815,3.1143998318548776,3.23452117402625,98.0,3.1744605029405637,0.0600606710856861,0.3011367763108613,1.9844674545084815,0.9928008394384442,0.9977611282783718,98.0,0.995280983858408,0.0024801444199638477,0.012435137368807709,1.9844674545084815,99.0,0.15151515151515152,0.03069454239884279,0.04702107783087176,98.0,0.038857810114857276,0.008163267716014486,0.040929614666743074,1.9844674545084815,QuantileRegressor,"{'mode': 'original', 'type': 'QuantileRegressor'}",5,"['nodes_T2W20', 'edges_T2W20', 'lcc_T2W20', 'diameter_T2W20', 'asp_T2W20']",0.2187279178805075,0.27162993285602194,97.0,0.24517892536826472,0.026451007487757236,0.13193356964767428,1.9847231860139845,1.2908975730693877,1.3220316555414389,98.0,1.3064646143054133,0.015567041236025501,0.07805121937160941,1.9844674545084815,completed,False,COMPLETE
165,0.9920398677172937,2026-06-10 19:53:43.226100,2026-06-10 19:53:45.465686,0 days 00:00:02.239586,,,,,,,,,,,,,,0.0037838631882104825,QuantileRegressor,,,,,,5,,,,,,,,False,0.010284533944524367,0.020557649953008465,98.0,0.015421091948766416,0.005136558004242048,0.025754066525904052,1.9844674545084815,0.9803409662301826,1.0037387692044049,98.0,0.9920398677172937,0.01169890148711111,0.05865684509553521,1.9844674545084815,222883449298112.94,303516198965321.75,98.0,263199824131717.34,40316374833604.42,202141316946180.5,1.9844674545084815,3.1310691673872584,3.262976010677606,98.0,3.197022589032432,0.0659534216451737,0.33068229878024025,1.9844674545084815,0.9926271837243998,0.9968211071260886,98.0,0.9947241454252442,0.002096961700844443,0.01051390660851492,1.9844674545084815,99.0,0.15151515151515152,0.029843553671035954,0.047498028070703996,98.0,0.03867079087086998,0.008827237199834023,0.04425867553655832,1.9844674545084815,QuantileRegressor,"{'mode': 'original', 'type': 'QuantileRegressor'}",5,"['nodes_T2W20', 'edges_T2W20', 'pe_T2W20', 'l2_T2W20', 'lcc_T2W20']",0.18420952786469943,0.23704253392720628,97.0,0.21062603089595286,0.026416503031253417,0.13176146670916017,1.9847231860139845,1.2907886024085498,1.3223200039803373,98.0,1.3065543031944435,0.015765700785893864,0.07904727378374507,1.9844674545084815,completed,False,COMPLETE
166,0.9905825161427447,2026-06-10 19:53:45.478355,2026-06-10 19:53:47.744263,0 days 00:00:02.265908,,,,,,,,,,,,,,0.006373200858811408,QuantileRegressor,,,,,,5,,,,,,,,False,0.011983963080196666,0.021753974019763037,98.0,0.01686896854997985,0.004885005469783187,0.024492813231020004,1.9844674545084815,0.9790052399477737,1.002159792337716,98.0,0.9905825161427447,0.01157727619497109,0.058047030923784465,1.9844674545084815,223085097500903.28,303731834604104.4,98.0,263408466052503.84,40323368551600.56,202176382583205.75,1.9844674545084815,3.110774328616775,3.2272093737062892,98.0,3.168991851161532,0.058217522544757185,0.2918954574936681,1.9844674545084815,0.9929937061334436,0.9977697961222428,98.0,0.9953817511278432,0.0023880449943995815,0.011973362240205876,1.9844674545084815,99.0,0.1414141414141414,0.0313319393323177,0.04717538333444309,98.0,0.039253661333380395,0.0079217220010627,0.03971853432718926,1.9844674545084815,QuantileRegressor,"{'mode': 'original', 'type': 'QuantileRegressor'}",5,"['nodes_T2W20', 'edges_T2W20', 'lcc_T2W20', 'diameter_T2W20', 'asp_T2W20']",0.21472862272494184,0.26991444245320945,97.0,0.24232153258907566,0.02759290986413381,0.13762920361451858,1.9847231860139845,1.2907406953161893,1.3216540723749837,98.0,1.3061973838455865,0.015456688529397212,0.07749792454938188,1.9844674545084815,completed,False,COMPLETE
167,0.9922000233035086,2026-06-10 19:53:47.756512,2026-06-10 19:53:49.977561,0 days 00:00:02.221049,,,,,,,,,,,,,,0.004190041340440444,QuantileRegressor,,,,,,5,,,,,,,,False,0.01018448737181486,0.02033622020949561,98.0,0.015260353790655235,0.005075866418840375,0.025449766423246506,1.9844674545084815,0.9805297673907786,1.0038702792162386,98.0,0.9922000233035086,0.01167025591273004,0.05851321972857284,1.9844674545084815,222633869291832.34,303182046153891.5,98.0,262907957722861.9,40274088431029.56,201929298153799.53,1.9844674545084815,3.1256223173943436,3.2536087890570746,98.0,3.189615553225709,0.06399323583136567,0.3208541695524083,1.9844674545084815,0.9928049861367461,0.9969605856790962,98.0,0.9948827859079211,0.002077799771175113,0.010417831063167033,1.9844674545084815,99.0,0.15151515151515152,0.029942910380289966,0.04727966177890716,98.0,0.038611286079598565,0.0086683756993086,0.043462163621466966,1.9844674545084815,QuantileRegressor,"{'mode': 'original', 'type': 'QuantileRegressor'}",5,"['nodes_T2W20', 'edges_T2W20', 'pe_T2W20', 'l2_T2W20', 'lcc_T2W20']",0.18222713562811535,0.2417756019089148,98.0,0.21200136876851508,0.02977423314039974,0.14928432238521608,1.9844674545084815,1.2908785697303622,1.3223303970525682,98.0,1.3066044833914652,0.015725913661102996,0.07884778606105368,1.9844674545084815,completed,False,COMPLETE
168,1.0209634920606763,2026-06-10 19:53:49.989851,2026-06-10 19:53:51.638581,0 days 00:00:01.648730,,,,,,,,,,,,,,,LinearRegression,,,,,,5,,,,,,,,False,-0.021825015604935424,-0.004459312428082176,98.0,-0.013142164016508799,0.008682851588426624,0.04353474393907641,1.9844674545084815,1.006569869069357,1.0353571150519956,98.0,1.0209634920606763,0.014393622991319245,0.07216784542510343,1.9844674545084815,224271162868819.75,307054058072156.8,98.0,265662610470488.28,41391447601668.516,207531598836513.4,1.9844674545084815,3.1477660816917754,3.305808709581266,98.0,3.2267873956365207,0.07902131394474511,0.39620309448790464,1.9844674545084815,0.908641914301133,0.9348459647429593,98.0,0.9217439395220461,0.013102025220913142,0.06569193395359332,1.9844674545084815,99.0,0.24242424242424243,0.030816087353140925,0.05687633917237768,98.0,0.0438462132627593,0.013030125909618375,0.06533143969951835,1.9844674545084815,LinearRegression,"{'mode': 'original', 'type': 'LinearRegression'}",5,"['edges_T2W20', 'l2_T2W20', 'atd_T2W20', 'density_T2W20', 'asp_T2W20']",0.16435520290034236,0.2125413980917553,98.0,0.18844830049604883,0.024093097595706475,0.12079981142673457,1.9844674545084815,1.28484773350784,1.3210544994527444,98.0,1.3029511164802923,0.018103382972452255,0.09076812313448251,1.9844674545084815,completed,False,COMPLETE
169,0.9930947906638254,2026-06-10 19:53:51.651795,2026-06-10 19:53:53.934170,0 days 00:00:02.282375,,,,,,,,,,,,,,0.002641468868936772,QuantileRegressor,,,,,,6,,,,,,,,False,0.008097908370097842,0.02051135041906284,98.0,0.014304629394580342,0.0062067210244825,0.031119731547903918,1.9844674545084815,0.9811154254585183,1.0050741558691327,98.0,0.9930947906638254,0.011979365205307228,0.060063055489842074,1.9844674545084815,222606406574365.5,303144010295585.44,98.0,262875208434975.47,40268801860609.984,201902791943577.16,1.9844674545084815,3.1596769545043633,3.2955274483605295,98.0,3.2276022014324464,0.06792524692808331,0.3405687868665375,1.9844674545084815,0.9904499967502929,0.9962680622803444,98.0,0.9933590295153186,0.0029090327650257582,0.01458553048454538,1.9844674545084815,99.0,0.1717171717171717,0.024404363773740202,0.04731307331823922,98.0,0.03585871854598971,0.011454354772249507,0.05743071811360769,1.9844674545084815,QuantileRegressor,"{'mode': 'original', 'type': 'QuantileRegressor'}",6,"['nodes_T2W20', 'edges_T2W20', 'pe_T2W20', 'l2_T2W20', 'lcc_T2W20', 'lsc_T2W20']",0.17104073958831537,0.22385518131381485,98.0,0.1974479604510651,0.02640722086274974,0.1324025392688723,1.9844674545084815,1.292456244702405,1.3235082712846138,98.0,1.3079822579935094,0.015526013291104292,0.07784551033025344,1.9844674545084815,completed,False,COMPLETE
170,1.0995431511985818,2026-06-10 19:53:53.946980,2026-06-10 19:53:58.255058,0 days 00:00:04.308078,,,,,,,,,,,,,,,RandomForestRegressor,16.0,log2,2.0,5.0,397.0,4,,,,,,,,False,,,,,,,,,,,,,,,,,,,,,,,,,,,,,,,,,,,,,,,,,,,,,RandomForestRegressor,"{'mode': 'original', 'type': 'RandomForestRegressor'}",4,"['l1_T2W20', 'l3_T2W20', 'lcc_T2W20', 'lsc_T2W20']",,,,,,,,,,,,,,,pruned,False,PRUNED
171,0.9908208527291394,2026-06-10 19:53:58.265986,2026-06-10 19:54:00.535508,0 days 00:00:02.269522,,,,,,,,,,,,,,0.006266494131886474,QuantileRegressor,,,,,,6,,,,,,,,False,0.011745038939340813,0.02153331236254804,98.0,0.016639175650944426,0.004894136711603613,0.024538596148123867,1.9844674545084815,0.9792140234877784,1.0024276819705005,98.0,0.9908208527291394,0.011606829241361026,0.05819520624315999,1.9844674545084815,222854244268947.94,303377743150710.6,98.0,263115993709829.28,40261749440881.36,201867431983325.66,1.9844674545084815,3.1126888388782534,3.2314449590458816,98.0,3.1720668989620675,0.05937806008381397,0.29771424917517814,1.9844674545084815,0.9928732524106206,0.9977157211681617,98.0,0.9952944867893911,0.002421234378770562,0.012139769708463437,1.9844674545084815,99.0,0.1414141414141414,0.030751886530804063,0.04698434340287512,98.0,0.03886811496683959,0.008116228436035527,0.04069376553491039,1.9844674545084815,QuantileRegressor,"{'mode': 'original', 'type': 'QuantileRegressor'}",6,"['nodes_T2W20', 'edges_T2W20', 'lcc_T2W20', 'density_T2W20', 'diameter_T2W20', 'asp_T2W20']",0.21560232310640187,0.2674486989068417,97.0,0.24152551100662178,0.02592318790021992,0.12930088647498256,1.9847231860139845,1.290894678119222,1.3220338840313104,98.0,1.3064642810752662,0.015569602956044135,0.07806406351894041,1.9844674545084815,completed,False,COMPLETE
172,0.9909055895759685,2026-06-10 19:54:00.570964,2026-06-10 19:54:02.883044,0 days 00:00:02.312080,,,,,,,,,,,,,,0.006147389532010215,QuantileRegressor,,,,,,6,,,,,,,,False,0.011648489573617058,0.021454043683016042,98.0,0.01655126662831655,0.004902777054699492,0.02458191775973891,1.9844674545084815,0.9793130190975617,1.0024981600543754,98.0,0.9909055895759685,0.011592570478406825,0.058123714569281046,1.9844674545084815,222863518018593.06,303401801132560.6,98.0,263132659575576.84,40269141556983.77,201904495139180.53,1.9844674545084815,3.1134612212693344,3.2328030976507165,98.0,3.1731321594600255,0.05967093819069112,0.2991827037788769,1.9844674545084815,0.9927851950136849,0.9977433724525019,98.0,0.9952642837330934,0.0024790887194084997,0.012429844216795913,1.9844674545084815,99.0,0.15151515151515152,0.03079491473219656,0.047087268185121656,98.0,0.03894109145865911,0.00814617672646255,0.04084392255900272,1.9844674545084815,QuantileRegressor,"{'mode': 'original', 'type': 'QuantileRegressor'}",6,"['nodes_T2W20', 'edges_T2W20', 'lcc_T2W20', 'density_T2W20', 'diameter_T2W20', 'asp_T2W20']",0.21203526942306086,0.26340103549546967,98.0,0.23771815245926528,0.025682883036204418,0.12877079899519664,1.9844674545084815,1.2908454574392398,1.3219733394875424,98.0,1.306409398463391,0.01556394102415129,0.07803567529271711,1.9844674545084815,completed,False,COMPLETE
173,0.9927590050568184,2026-06-10 19:54:02.895346,2026-06-10 19:54:05.216786,0 days 00:00:02.321440,,,,,,,,,,,,,,0.0033440230844970506,QuantileRegressor,,,,,,5,,,,,,,,False,0.008696367372745808,0.02052845471329292,98.0,0.014612411043019363,0.005916043670273555,0.029662311245886783,1.9844674545084815,0.9810368191277098,1.004481190985927,98.0,0.9927590050568184,0.011722185929108567,0.058773590407809675,1.9844674545084815,222613468959988.38,303104701688360.1,98.0,262859085324174.25,40245616364185.86,201786542732169.5,1.9844674545084815,3.1547305012952798,3.2866981916989984,98.0,3.220714346497139,0.0659838452018595,0.3308348387305715,1.9844674545084815,0.9924806365704711,0.9968592164652971,98.0,0.9946699265178841,0.0021892899474130097,0.010976829017330943,1.9844674545084815,99.0,0.16161616161616163,0.024877882295676945,0.04677680510003365,98.0,0.0358273436978553,0.010949461402178355,0.05489924520303962,1.9844674545084815,QuantileRegressor,"{'mode': 'original', 'type': 'QuantileRegressor'}",5,"['nodes_T2W20', 'edges_T2W20', 'pe_T2W20', 'l2_T2W20', 'lcc_T2W20']",0.17651463092383193,0.23511477638762665,98.0,0.2058147036557293,0.029300072731897348,0.14690694074279415,1.9844674545084815,1.2926160387580627,1.3235257779855378,98.0,1.3080709083718003,0.01545486961373764,0.07748880473123461,1.9844674545084815,completed,False,COMPLETE
174,0.9905096606713817,2026-06-10 19:54:05.229273,2026-06-10 19:54:07.650481,0 days 00:00:02.421208,,,,,,,,,,,,,,0.006685867996862782,QuantileRegressor,,,,,,6,,,,,,,,False,0.012243420440129507,0.02168654621811568,98.0,0.016964983329122593,0.004721562888993085,0.023673332346085495,1.9844674545084815,0.9789204587993783,1.002098862543385,98.0,0.9905096606713817,0.011589201872003393,0.0581068247934152,1.9844674545084815,222296231251195.38,302650516459588.8,98.0,262473373855392.1,40177142604196.734,201443223768656.9,1.9844674545084815,3.1017501350872263,3.20850131498042,98.0,3.155125725033823,0.05337558994659691,0.26761860631356277,1.9844674545084815,0.9944561468385192,0.9989516097226337,98.0,0.9967038782805765,0.002247731442057202,0.01126984744322953,1.9844674545084815,99.0,0.12121212121212122,0.03246364600751777,0.0476248735227573,98.0,0.040044259765137535,0.007580613757619765,0.03800825978402075,1.9844674545084815,QuantileRegressor,"{'mode': 'original', 'type': 'QuantileRegressor'}",6,"['edges_T2W20', 'lsc_T2W20', 'atd_T2W20', 'density_T2W20', 'diameter_T2W20', 'asp_T2W20']",0.2152844586497357,0.2726990226167144,97.0,0.24399174063322507,0.02870728198348937,0.1431875208805234,1.9847231860139845,1.2902087846426302,1.3212288454824836,98.0,1.305718815062557,0.015510030419926662,0.07776537419098593,1.9844674545084815,completed,False,COMPLETE
175,0.9936421965023792,2026-06-10 19:54:07.662937,2026-06-10 19:54:09.934596,0 days 00:00:02.271659,,,,,,,,,,,,,,0.004414793065160859,QuantileRegressor,,,,,,6,,,,,,,,False,0.008725007644956019,0.018933978917509742,98.0,0.01382949328123288,0.005104485636276861,0.02559325963974866,1.9844674545084815,0.9819490034729339,1.0053353895318244,98.0,0.9936421965023792,0.011693193029445232,0.05862822359484041,1.9844674545084815,222656865178942.34,303296962177233.6,98.0,262976913678087.97,40320048499145.63,202159736250832.38,1.9844674545084815,3.1248032554169733,3.2521813190057736,98.0,3.1884922872113735,0.06368903179439996,0.31932892813607594,1.9844674545084815,0.9905564645385216,0.99575863753944,98.0,0.9931575510389808,0.002601086500459152,0.013041526001873856,1.9844674545084815,99.0,0.15151515151515152,0.028909847391984215,0.04607475747911166,98.0,0.037492302435547936,0.008582455043563721,0.043031368080527786,1.9844674545084815,QuantileRegressor,"{'mode': 'original', 'type': 'QuantileRegressor'}",6,"['nodes_T2W20', 'edges_T2W20', 'pe_T2W20', 'l2_T2W20', 'lcc_T2W20', 'lsc_T2W20']",0.17831780541848752,0.23150649047339222,97.0,0.20491214794593987,0.026594342527452356,0.13264850284828378,1.9847231860139845,1.2916447996910891,1.3231104506408995,98.0,1.3073776251659943,0.015732825474905145,0.07888244104058048,1.9844674545084815,completed,False,COMPLETE
176,0.9908858241327955,2026-06-10 19:54:09.947027,2026-06-10 19:54:12.190137,0 days 00:00:02.243110,,,,,,,,,,,,,,0.0065039391511098835,QuantileRegressor,,,,,,5,,,,,,,,False,0.011744794876898172,0.021450454429607652,98.0,0.016597624653252912,0.0048528297763547395,0.024331488283771484,1.9844674545084815,0.979212383926312,1.0025592643392789,98.0,0.9908858241327955,0.011673440206483402,0.05852918538360767,1.9844674545084815,223366257580082.12,304016841732150.6,98.0,263691549656116.38,40325292076034.234,202186026896808.0,1.9844674545084815,3.10883573090223,3.224051303648268,98.0,3.166443517275249,0.05760778637301924,0.2888383157428652,1.9844674545084815,0.9929952663076311,0.9977705672076056,98.0,0.9953829167576184,0.002387650449987221,0.011971384043320927,1.9844674545084815,99.0,0.13131313131313133,0.030813237598290147,0.04663996713111046,98.0,0.038726602364700304,0.007913364766410158,0.03967663218629327,1.9844674545084815,QuantileRegressor,"{'mode': 'original', 'type': 'QuantileRegressor'}",5,"['nodes_T2W20', 'edges_T2W20', 'lcc_T2W20', 'diameter_T2W20', 'asp_T2W20']",0.22081211980328638,0.2697547931804913,97.0,0.24528345649188882,0.02447133668860244,0.12205927524203983,1.9847231860139845,1.290996776295894,1.3221965002678138,98.0,1.306596638281854,0.015599861985959891,0.0782157785523959,1.9844674545084815,completed,False,COMPLETE
177,1.0130621266941844,2026-06-10 19:54:12.202462,2026-06-10 19:54:14.495678,0 days 00:00:02.293216,,,,,,,,,,,,,,0.011272914951341277,QuantileRegressor,,,,,,5,,,,,,,,False,-0.008908399172730544,-0.0023486069710490433,98.0,-0.005628503071889794,0.0032798961008407503,0.016444993380654034,1.9844674545084815,1.00255137550266,1.0235728778857087,98.0,1.0130621266941844,0.010510751191524281,0.05269960646802535,1.9844674545084815,242458968694034.62,329773633694826.5,98.0,286116301194430.56,43657332500395.945,218892465466204.75,1.9844674545084815,2.986449896605662,3.024146958742449,98.0,3.0052984276740555,0.018848531068393556,0.0945042035250231,1.9844674545084815,0.9961176357388695,1.0009276752711926,98.0,0.998522655505031,0.002405019766161641,0.01205847164632201,1.9844674545084815,99.0,0.8686868686868687,-0.007948079397079432,-0.002692567935337251,98.0,-0.005320323666208341,0.00262775573087109,0.013175242224616107,1.9844674545084815,QuantileRegressor,"{'mode': 'original', 'type': 'QuantileRegressor'}",5,"['lsc_T2W20', 'atd_T2W20', 'density_T2W20', 'diameter_T2W20', 'asp_T2W20']",-0.09128737865625439,0.07057952802331624,12.0,-0.010353925316469077,0.08093345333978531,0.13393060291532086,2.1788128296672284,1.3217203467647027,1.3508557568488673,98.0,1.336288051806785,0.01456770504208219,0.07304067129655512,1.9844674545084815,completed,False,COMPLETE
