number,value,datetime_start,datetime_complete,duration,params_dt_max_depth,params_dt_min_samples_leaf,params_dt_min_samples_split,params_elastic_alpha,params_elastic_l1_ratio,params_et_max_depth,params_et_max_features,params_et_min_samples_leaf,params_et_min_samples_split,params_et_n_estimators,params_knn_metric,params_knn_n_neighbors,params_knn_weights,params_quantile_alpha,params_regressor,params_rf_max_depth,params_rf_max_features,params_rf_min_samples_leaf,params_rf_min_samples_split,params_rf_n_estimators,params_rfe_n_features,params_rfe_proxy_et_max_depth,params_rfe_proxy_et_min_samples_leaf,params_rfe_proxy_et_min_samples_split,params_rfe_proxy_et_n_estimators,params_rfe_proxy_lsvr_C,params_rfe_proxy_lsvr_epsilon,params_rfe_proxy_type,params_use_scaler,user_attrs_d2mae_ci_lower_val,user_attrs_d2mae_ci_upper_val,user_attrs_d2mae_df_val,user_attrs_d2mae_mean_val,user_attrs_d2mae_samperror_val,user_attrs_d2mae_std_val,user_attrs_d2mae_t_critical_val,user_attrs_mae_ci_lower_val,user_attrs_mae_ci_upper_val,user_attrs_mae_df_val,user_attrs_mae_mean_val,user_attrs_mae_samperror_val,user_attrs_mae_std_val,user_attrs_mae_t_critical_val,user_attrs_mape_ci_lower_val,user_attrs_mape_ci_upper_val,user_attrs_mape_df_val,user_attrs_mape_mean_val,user_attrs_mape_samperror_val,user_attrs_mape_std_val,user_attrs_mape_t_critical_val,user_attrs_max_error_ci_lower_val,user_attrs_max_error_ci_upper_val,user_attrs_max_error_df_val,user_attrs_max_error_mean_val,user_attrs_max_error_samperror_val,user_attrs_max_error_std_val,user_attrs_max_error_t_critical_val,user_attrs_median_ae_ci_lower_val,user_attrs_median_ae_ci_upper_val,user_attrs_median_ae_df_val,user_attrs_median_ae_mean_val,user_attrs_median_ae_samperror_val,user_attrs_median_ae_std_val,user_attrs_median_ae_t_critical_val,user_attrs_n_splits_val,user_attrs_r2_below_zero_val,user_attrs_r2_ci_lower_val,user_attrs_r2_ci_upper_val,user_attrs_r2_df_val,user_attrs_r2_mean_val,user_attrs_r2_samperror_val,user_attrs_r2_std_val,user_attrs_r2_t_critical_val,user_attrs_regressor_final,user_attrs_rfe_estimator,user_attrs_rfe_n_features,user_attrs_rfe_selected_features,user_attrs_rho_ci_lower_val,user_attrs_rho_ci_upper_val,user_attrs_rho_df_val,user_attrs_rho_mean_val,user_attrs_rho_samperror_val,user_attrs_rho_std_val,user_attrs_rho_t_critical_val,user_attrs_rmse_ci_lower_val,user_attrs_rmse_ci_upper_val,user_attrs_rmse_df_val,user_attrs_rmse_mean_val,user_attrs_rmse_samperror_val,user_attrs_rmse_std_val,user_attrs_rmse_t_critical_val,user_attrs_termination_reason,user_attrs_use_scaler_final,state
267,1.0365445901413732,2026-06-10 19:57:55.113549,2026-06-10 19:58:10.656167,0 days 00:00:15.542618,,,,,,7.0,,4.0,5.0,203.0,,,,,ExtraTreesRegressor,,,,,,3,,,,,,,,False,-0.037601834782652686,-0.02056238533741759,98.0,-0.029082110060035138,0.008519724722617548,0.04271684601000804,1.9844674545084815,1.0237125228577006,1.0493766574250458,98.0,1.0365445901413732,0.012832067283672527,0.06433839824560583,1.9844674545084815,212745810873951.44,290889401956510.0,98.0,251817606415230.72,39071795541279.29,195901150308359.38,1.9844674545084815,2.9917789227904956,3.120748971366144,98.0,3.0562639470783197,0.06448502428782431,0.3233199360469846,1.9844674545084815,0.8292283425538912,0.871816204806564,98.0,0.8505222736802276,0.021293931126336423,0.10676513695996119,1.9844674545084815,99.0,0.1414141414141414,0.042185703147211095,0.06956091983816583,98.0,0.05587331149268846,0.013687608345477362,0.06862797531320006,1.9844674545084815,ExtraTreesRegressor,"{'mode': 'original', 'type': 'ExtraTreesRegressor'}",3,"['edges_T2W20', 'l2_T2W20', 'l3_T2W20']",0.22250221186537664,0.27160239208183745,98.0,0.24705230197360706,0.024550090108230418,0.12309111536210567,1.9844674545084815,1.277711247368183,1.3104541795312648,98.0,1.294082713449724,0.01637146608154087,0.08208450605295975,1.9844674545084815,completed,False,COMPLETE
268,1.0075757575757578,2026-06-10 19:58:10.669670,2026-06-10 19:58:12.905603,0 days 00:00:02.235933,,,,,,,,,,,,,,0.014378342272146512,QuantileRegressor,,,,,,4,,,,,,,,False,-1.7296086366575478e-16,-9.618411200094984e-17,98.0,-1.345724878333523e-16,3.8388375832402474e-17,1.9247456841577846e-16,1.9844674545084815,0.9969166374215648,1.0182348777299508,98.0,1.0075757575757578,0.010659120154193036,0.05344351009605696,1.9844674545084815,243249413827922.2,331073265925134.3,98.0,287161339876528.25,43911926048606.08,220168966027914.5,1.9844674545084815,2.969853864095874,3.009944115702106,98.0,2.98989898989899,0.020045125803115984,0.10050378152592125,1.9844674545084815,0.9999999999999996,0.9999999999999998,98.0,0.9999999999999997,9.022301833391569e-17,4.52367054829433e-16,1.9844674545084815,99.0,0.8787878787878788,-0.0030948902600818062,-0.0016582379893588396,98.0,-0.002376564124720323,0.0007183261353614834,0.0036015983976267862,1.9844674545084815,QuantileRegressor,"{'mode': 'original', 'type': 'QuantileRegressor'}",4,"['atd_T2W20', 'density_T2W20', 'diameter_T2W20', 'asp_T2W20']",,,,,,,,1.3196611267084086,1.3492364416432259,98.0,1.3344487841758172,0.014787657467408713,0.07414348555266105,1.9844674545084815,completed,False,COMPLETE
269,0.9908754863356437,2026-06-10 19:58:12.918284,2026-06-10 19:58:15.100161,0 days 00:00:02.181877,,,,,,,,,,,,,,0.0038816263685990775,QuantileRegressor,,,,,,3,,,,,,,,False,0.011414330709822498,0.0217246163191034,98.0,0.01656947351446295,0.005155142804640451,0.025847248416468866,1.9844674545084815,0.9792069807256065,1.002543991945681,98.0,0.9908754863356437,0.011668505610037188,0.05850444392735441,1.9844674545084815,222987657129923.47,303676286004334.25,98.0,263331971567128.88,40344314437205.41,202281402662968.4,1.9844674545084815,3.1321438225805016,3.263961330172714,98.0,3.198052576376608,0.06590875379610613,0.3304583397096904,1.9844674545084815,0.9935409826049919,0.9984046249420329,98.0,0.9959728037735124,0.0024318211685204548,0.012192850562858407,1.9844674545084815,99.0,0.15151515151515152,0.03037903749667487,0.04787921536780307,98.0,0.03912912643223897,0.008750088935564098,0.04387186368147467,1.9844674545084815,QuantileRegressor,"{'mode': 'original', 'type': 'QuantileRegressor'}",3,"['nodes_T2W20', 'edges_T2W20', 'lcc_T2W20']",0.2135955063437043,0.26898196030104593,97.0,0.24128873332237513,0.027693226978670826,0.13812957000032636,1.9847231860139845,1.2905027467903294,1.321994416351503,98.0,1.3062485815709162,0.015745834780586714,0.07894766809023167,1.9844674545084815,completed,False,COMPLETE
270,0.9899264437789295,2026-06-10 19:58:15.112583,2026-06-10 19:58:17.449131,0 days 00:00:02.336548,,,,,,,,,,,,,,0.006990162376360733,QuantileRegressor,,,,,,4,,,,,,,,False,0.01285561665808932,0.02223220807927217,98.0,0.017543912368680744,0.0046882957105914246,0.02350653482817994,1.9844674545084815,0.9783547863856135,1.0014981011722455,98.0,0.9899264437789295,0.011571657393316006,0.05801885894723881,1.9844674545084815,222349876167129.06,302750309206495.3,98.0,262550092686812.2,40200216519683.13,201558913527043.56,1.9844674545084815,3.099750216916446,3.204407089893701,98.0,3.1520786534050735,0.05232843648862745,0.26236830839088693,1.9844674545084815,0.9947473489422045,0.9990431248981275,98.0,0.996895236920166,0.0021478879779614937,0.010769244663240673,1.9844674545084815,99.0,0.12121212121212122,0.03350256113324196,0.04820906227926046,98.0,0.04085581170625121,0.007353250573009253,0.03686828889745338,1.9844674545084815,QuantileRegressor,"{'mode': 'original', 'type': 'QuantileRegressor'}",4,"['edges_T2W20', 'density_T2W20', 'diameter_T2W20', 'asp_T2W20']",0.224845998863394,0.2803208166221476,97.0,0.25258340774277077,0.027737408879376788,0.13834994254668984,1.9847231860139845,1.2897250806477232,1.320631403815929,98.0,1.305178242231826,0.015453161584102974,0.07748024088190145,1.9844674545084815,completed,False,COMPLETE
271,0.992636627162385,2026-06-10 19:58:17.506904,2026-06-10 19:58:19.766366,0 days 00:00:02.259462,,,,,,,,,,,,,,0.010165254059761967,QuantileRegressor,,,,,,3,,,,,,,,False,0.010408497726244251,0.019181021907097,98.0,0.014794759816670626,0.004386262090426375,0.021992175613241387,1.9844674545084815,0.9813582864973269,1.003914967827443,98.0,0.992636627162385,0.01127834066505805,0.0565482051501869,1.9844674545084815,223955204987963.8,304886236982717.3,98.0,264420720985340.56,40465515997376.75,202889092295036.88,1.9844674545084815,3.0906395318397504,3.192008276953338,98.0,3.141323904396544,0.050684372556793894,0.25412517518022076,1.9844674545084815,0.9954666142739285,0.9995892665738572,98.0,0.9975279404238928,0.002061326149964364,0.010335234363931125,1.9844674545084815,99.0,0.18181818181818182,0.028577020233984524,0.043096416138518036,98.0,0.03583671818625128,0.007259697952266757,0.03639922762796413,1.9844674545084815,QuantileRegressor,"{'mode': 'original', 'type': 'QuantileRegressor'}",3,"['edges_T2W20', 'diameter_T2W20', 'asp_T2W20']",0.20704366639256064,0.2696543867129888,94.0,0.23834902655277473,0.031305360160214096,0.15367580202675962,1.985523441866604,1.2934170823632443,1.3235378192494844,98.0,1.3084774508063644,0.015060368443120113,0.0755108246550357,1.9844674545084815,completed,False,COMPLETE
272,0.9901215170680239,2026-06-10 19:58:19.779109,2026-06-10 19:58:22.021188,0 days 00:00:02.242079,,,,,,,,,,,,,,0.006855886606754933,QuantileRegressor,,,,,,4,,,,,,,,False,0.012637503869601201,0.022060846201236387,98.0,0.017349175035418794,0.004711671165817594,0.02362373646952632,1.9844674545084815,0.9785443834695905,1.0016986506664571,98.0,0.9901215170680239,0.011577133598433362,0.05804631596238113,1.9844674545084815,222229985077129.16,302551557264792.0,98.0,262390771170960.6,40160786093831.43,201361214248715.38,1.9844674545084815,3.101684461324481,3.208449266386429,98.0,3.155066863855455,0.05338240253097405,0.2676527637690256,1.9844674545084815,0.9946898640930588,0.9990334206541043,98.0,0.9968616423735815,0.0021717782805227392,0.010889027685447018,1.9844674545084815,99.0,0.12121212121212122,0.03280594525787215,0.047979956286687477,98.0,0.04039295077227981,0.007587005514407663,0.03804030726200055,1.9844674545084815,QuantileRegressor,"{'mode': 'original', 'type': 'QuantileRegressor'}",4,"['edges_T2W20', 'density_T2W20', 'diameter_T2W20', 'asp_T2W20']",0.23201644922758546,0.2830268650269374,96.0,0.25752165712726144,0.02550520789967596,0.12654869076345004,1.984984311522457,1.2899729068314867,1.3209883934570954,98.0,1.305480650144291,0.015507743312804368,0.07775390691875211,1.9844674545084815,completed,False,COMPLETE
273,0.9911804293093414,2026-06-10 19:58:22.033888,2026-06-10 19:58:24.338713,0 days 00:00:02.304825,,,,,,,,,,,,,,0.004766323590473336,QuantileRegressor,,,,,,4,,,,,,,,False,0.011198891101791102,0.021308307929938142,98.0,0.016253599515864622,0.005054708414073519,0.02534368280424114,1.9844674545084815,0.9795998370124633,1.0027610216062193,98.0,0.9911804293093414,0.01158059229687801,0.05806365744859874,1.9844674545084815,222941761132937.3,303512101230638.7,98.0,263226931181788.0,40285170048850.69,201984860014941.6,1.9844674545084815,3.124456107100094,3.2508310255546804,98.0,3.187643566327387,0.06318745922729323,0.316814105320843,1.9844674545084815,0.9938663477285635,0.998547459244025,98.0,0.9962069034862943,0.002340555757730707,0.011735257081182159,1.9844674545084815,99.0,0.15151515151515152,0.030252157087388175,0.047251890929802746,98.0,0.03875202400859546,0.008499866921207286,0.04261728144981895,1.9844674545084815,QuantileRegressor,"{'mode': 'original', 'type': 'QuantileRegressor'}",4,"['nodes_T2W20', 'edges_T2W20', 'l2_T2W20', 'lcc_T2W20']",0.22389624474971936,0.2758695594132463,98.0,0.24988290208148284,0.025986657331763485,0.130293885741268,1.9844674545084815,1.2908836182175967,1.3221273630698467,98.0,1.3065054906437217,0.015621872426125102,0.07832613617705646,1.9844674545084815,completed,False,COMPLETE
274,1.2861313686313687,2026-06-10 19:58:24.351388,2026-06-10 19:58:24.510802,0 days 00:00:00.159414,15.0,2.0,15.0,,,,,,,,,,,,DecisionTreeRegressor,,,,,,4,,,,,,,,False,,,,,,,,,,,,,,,,,,,,,,,,,,,,,,,,,,,,,,,,,,,,,DecisionTreeRegressor,"{'mode': 'original', 'type': 'DecisionTreeRegressor'}",4,"['edges_T2W20', 'l2_T2W20', 'lsc_T2W20', 'density_T2W20']",,,,,,,,,,,,,,,pruned,False,PRUNED
275,0.9901104776397219,2026-06-10 19:58:24.520672,2026-06-10 19:58:26.779600,0 days 00:00:02.258928,,,,,,,,,,,,,,0.006732439638679263,QuantileRegressor,,,,,,4,,,,,,,,False,0.012647869747820957,0.0220721085907103,98.0,0.01735998916926563,0.004712119421444672,0.023625983967798678,1.9844674545084815,0.9785336521096686,1.0016873031697753,98.0,0.9901104776397219,0.011576825530053316,0.05804477134562655,1.9844674545084815,222226700494386.7,302548191130381.56,98.0,262387445812384.12,40160745317997.42,201361009803726.97,1.9844674545084815,3.101690086379633,3.208453786727487,98.0,3.15507193655356,0.053381850173926944,0.26764999431910885,1.9844674545084815,0.9946898640930582,0.9990334206541036,98.0,0.9968616423735809,0.0021717782805227227,0.010889027685446933,1.9844674545084815,99.0,0.12121212121212122,0.03282730841454068,0.04800424593147594,98.0,0.04041577717300831,0.0075884687584676265,0.03804764378673809,1.9844674545084815,QuantileRegressor,"{'mode': 'original', 'type': 'QuantileRegressor'}",4,"['edges_T2W20', 'density_T2W20', 'diameter_T2W20', 'asp_T2W20']",0.23268950822165818,0.28328851975669905,97.0,0.2579890139891786,0.025299505767520433,0.12619005562551103,1.9847231860139845,1.2899577626106276,1.3209716095558635,98.0,1.3054646860832455,0.015506923472617985,0.07774979634145829,1.9844674545084815,completed,False,COMPLETE
276,0.9911759734117107,2026-06-10 19:58:26.792293,2026-06-10 19:58:29.042612,0 days 00:00:02.250319,,,,,,,,,,,,,,0.0056302987452601615,QuantileRegressor,,,,,,4,,,,,,,,False,0.011277263228680777,0.02124671534252024,98.0,0.01626198928560051,0.004984726056919733,0.024992799921133475,1.9844674545084815,0.9796207617129185,1.002731185110503,98.0,0.9911759734117107,0.011555211698792273,0.05793640226895753,1.9844674545084815,223086145351356.44,303613518686635.06,98.0,263349832018995.75,40263686667639.33,201877144998687.2,1.9844674545084815,3.1170791573011254,3.2394893773496545,98.0,3.17828426732539,0.061205110024264646,0.3068748516007043,1.9844674545084815,0.9940778769823181,0.9986894508325513,98.0,0.9963836639074347,0.002305786925116622,0.011560930454785324,1.9844674545084815,99.0,0.15151515151515152,0.030229829857164377,0.046906831641367996,98.0,0.03856833074926619,0.008338500892101811,0.04180821213819602,1.9844674545084815,QuantileRegressor,"{'mode': 'original', 'type': 'QuantileRegressor'}",4,"['nodes_T2W20', 'edges_T2W20', 'lcc_T2W20', 'asp_T2W20']",0.22194011273128283,0.274864752048021,97.0,0.24840243238965193,0.0264623196583691,0.1319899930202047,1.9847231860139845,1.2910702425639191,1.3222083157809656,98.0,1.3066392791724424,0.015569036608523358,0.07806122392251906,1.9844674545084815,completed,False,COMPLETE
277,0.9901169814405908,2026-06-10 19:58:29.055787,2026-06-10 19:58:31.223964,0 days 00:00:02.168177,,,,,,,,,,,,,,0.00687824461581095,QuantileRegressor,,,,,,4,,,,,,,,False,0.012642764330770315,0.022064123391706165,98.0,0.01735344386123824,0.004710679530467925,0.02361876453253199,1.9844674545084815,0.9785411527446995,1.0016928101364821,98.0,0.9901169814405908,0.011575828695891258,0.0580397733424299,1.9844674545084815,222241343685734.84,302571103202200.1,98.0,262406223443967.47,40164879758232.625,201381739375704.3,1.9844674545084815,3.101524547737009,3.208176873368755,98.0,3.154850710552882,0.053326162815873,0.26737078479343257,1.9844674545084815,0.9946898640930586,0.999033420654104,98.0,0.9968616423735813,0.002171778280522759,0.010889027685447117,1.9844674545084815,99.0,0.12121212121212122,0.032836674175058624,0.04799384797584027,98.0,0.040415261075449446,0.007578586900390823,0.037998097372563586,1.9844674545084815,QuantileRegressor,"{'mode': 'original', 'type': 'QuantileRegressor'}",4,"['edges_T2W20', 'density_T2W20', 'diameter_T2W20', 'asp_T2W20']",0.22506780893078784,0.2801404090536576,97.0,0.25260410899222274,0.027536300061434888,0.13734684259856952,1.9847231860139845,1.289962819796032,1.3209672726668704,98.0,1.3054650462314512,0.015502226435419228,0.07772624597788962,1.9844674545084815,completed,False,COMPLETE
278,1.0748388896774,2026-06-10 19:58:31.236599,2026-06-10 19:58:33.487903,0 days 00:00:02.251304,,,,,,,,,,,minkowski,14.0,distance,,KNeighborsRegressor,,,,,,4,8.0,3.0,12.0,50.0,,,ExtraTrees,,-0.07725913715820851,-0.05647816365651486,98.0,-0.06686865040736169,0.010390486750846827,0.052096615437193045,1.9844674545084815,1.0597635822833416,1.0899141970714583,98.0,1.0748388896774,0.015075307394058383,0.07558572670733875,1.9844674545084815,228267352786221.28,313820129319545.9,98.0,271043741052883.56,42776388266662.28,214475520036512.06,1.9844674545084815,3.103762211732463,3.2303560726035596,98.0,3.167059142168011,0.06329693043554854,0.3173629804192553,1.9844674545084815,0.8533455553531071,0.8960132409209425,98.0,0.8746793981370248,0.021333842783917662,0.10696524907466085,1.9844674545084815,99.0,0.48484848484848486,-0.02434463719269908,0.010252305190973997,98.0,-0.007046166000862542,0.01729847119183654,0.08673239502076487,1.9844674545084815,KNeighborsRegressor,"{'mode': 'proxy', 'type': 'ExtraTrees'}",4,"['edges_T2W20', 'l2_T2W20', 'l3_T2W20', 'lsc_T2W20']",0.16376970351296993,0.21248567661095963,98.0,0.18812769006196478,0.024357986548994837,0.12212793187613505,1.9844674545084815,1.3173761542825047,1.3556474928632307,98.0,1.3365118235728677,0.019135669290363054,0.09594387905572382,1.9844674545084815,completed,True,COMPLETE
279,0.9919132525326178,2026-06-10 19:58:33.500700,2026-06-10 19:58:35.951241,0 days 00:00:02.450541,,,,,,,,,,,,,,0.003815957297621492,QuantileRegressor,,,,,,4,,,,,,,,False,0.010426089027140638,0.02065768034183668,98.0,0.015541884684488659,0.005115795657348021,0.0256499666865367,1.9844674545084815,0.9802418670429733,1.0035846380222622,98.0,0.9919132525326178,0.011671385489644403,0.05851888328751145,1.9844674545084815,222989122578638.44,303671418314857.3,98.0,263330270446747.88,40341147868109.45,202265525877173.6,1.9844674545084815,3.1318329262946163,3.263577420141913,98.0,3.1977051732182646,0.06587224692364844,0.3302752987664846,1.9844674545084815,0.9923349878169526,0.9967635385356953,98.0,0.994549263176324,0.0022142753593713538,0.011102102782607396,1.9844674545084815,99.0,0.15151515151515152,0.02980392308174415,0.0472760489910678,98.0,0.038539986036405974,0.008736062954661823,0.043801539148012776,1.9844674545084815,QuantileRegressor,"{'mode': 'original', 'type': 'QuantileRegressor'}",4,"['nodes_T2W20', 'edges_T2W20', 'pe_T2W20', 'lcc_T2W20']",0.2107302379170695,0.2605043951144496,97.0,0.23561731651575957,0.024887078598690066,0.12413293214434838,1.9847231860139845,1.2909031831728166,1.3223983950028404,98.0,1.3066507890878285,0.01574760591501188,0.0789565483391794,1.9844674545084815,completed,False,COMPLETE
280,0.9959460486581965,2026-06-10 19:58:35.992534,2026-06-10 19:58:38.253382,0 days 00:00:02.260848,,,,,,,,,,,,,,0.005386012018110706,QuantileRegressor,,,,,,4,,,,,,,,True,0.005647431975030669,0.017452855618260522,98.0,0.011550143796645596,0.005902711821614927,0.029595467005641852,1.9844674545084815,0.9838182896169736,1.0080738076994193,98.0,0.9959460486581965,0.012127759041222924,0.06080708382925744,1.9844674545084815,220307772758850.44,300088797165740.4,98.0,260198284962295.4,39890512203444.97,200006094390732.8,1.9844674545084815,3.129243166342399,3.261415084157134,98.0,3.1953291252497666,0.06608595890736747,0.3313468242202101,1.9844674545084815,0.9811593797278605,0.9899681359598022,98.0,0.9855637578438313,0.004404378115970776,0.022083007124667948,1.9844674545084815,99.0,0.13131313131313133,0.02829318069648295,0.04708178466162977,98.0,0.03768748267905636,0.009394301982573412,0.047101868220668315,1.9844674545084815,QuantileRegressor,"{'mode': 'original', 'type': 'QuantileRegressor'}",4,"['edges_T2W20', 'pe_T2W20', 'lcc_T2W20', 'density_T2W20']",0.21340623928696267,0.2598865052444909,98.0,0.2366463722657268,0.023240132978764132,0.1165231523350172,1.9844674545084815,1.2913082934734745,1.3230388589885769,98.0,1.3071735762310257,0.015865282757551245,0.07954656547299044,1.9844674545084815,completed,True,COMPLETE
281,0.9901104776397219,2026-06-10 19:58:38.266178,2026-06-10 19:58:40.548765,0 days 00:00:02.282587,,,,,,,,,,,,,,0.006737365957697316,QuantileRegressor,,,,,,4,,,,,,,,False,0.012647869747820922,0.022072108590710286,98.0,0.017359989169265604,0.004712119421444681,0.02362598396779872,1.9844674545084815,0.9785336521096686,1.0016873031697753,98.0,0.9901104776397219,0.011576825530053327,0.0580447713456266,1.9844674545084815,222226700494386.72,302548191130381.56,98.0,262387445812384.16,40160745317997.43,201361009803727.0,1.9844674545084815,3.101690086379633,3.2084537867274863,98.0,3.1550719365535596,0.05338185017392691,0.2676499943191087,1.9844674545084815,0.9946898640930579,0.9990334206541034,98.0,0.9968616423735807,0.0021717782805227128,0.010889027685446882,1.9844674545084815,99.0,0.12121212121212122,0.03282730841454069,0.04800424593147594,98.0,0.040415777173008316,0.007588468758467626,0.03804764378673808,1.9844674545084815,QuantileRegressor,"{'mode': 'original', 'type': 'QuantileRegressor'}",4,"['edges_T2W20', 'density_T2W20', 'diameter_T2W20', 'asp_T2W20']",0.23298745117984132,0.2835373160537962,97.0,0.25826238361681875,0.025274932436977437,0.12606748762056186,1.9847231860139845,1.2899577626106276,1.3209716095558635,98.0,1.3054646860832455,0.015506923472617989,0.0777497963414583,1.9844674545084815,completed,False,COMPLETE
