number,value,datetime_start,datetime_complete,duration,params_dt_max_depth,params_dt_min_samples_leaf,params_dt_min_samples_split,params_elastic_alpha,params_elastic_l1_ratio,params_et_max_depth,params_et_max_features,params_et_min_samples_leaf,params_et_min_samples_split,params_et_n_estimators,params_knn_metric,params_knn_n_neighbors,params_knn_weights,params_quantile_alpha,params_regressor,params_rf_max_depth,params_rf_max_features,params_rf_min_samples_leaf,params_rf_min_samples_split,params_rf_n_estimators,params_rfe_n_features,params_rfe_proxy_et_max_depth,params_rfe_proxy_et_min_samples_leaf,params_rfe_proxy_et_min_samples_split,params_rfe_proxy_et_n_estimators,params_rfe_proxy_lsvr_C,params_rfe_proxy_lsvr_epsilon,params_rfe_proxy_type,params_use_scaler,user_attrs_d2mae_ci_lower_val,user_attrs_d2mae_ci_upper_val,user_attrs_d2mae_df_val,user_attrs_d2mae_mean_val,user_attrs_d2mae_samperror_val,user_attrs_d2mae_std_val,user_attrs_d2mae_t_critical_val,user_attrs_mae_ci_lower_val,user_attrs_mae_ci_upper_val,user_attrs_mae_df_val,user_attrs_mae_mean_val,user_attrs_mae_samperror_val,user_attrs_mae_std_val,user_attrs_mae_t_critical_val,user_attrs_mape_ci_lower_val,user_attrs_mape_ci_upper_val,user_attrs_mape_df_val,user_attrs_mape_mean_val,user_attrs_mape_samperror_val,user_attrs_mape_std_val,user_attrs_mape_t_critical_val,user_attrs_max_error_ci_lower_val,user_attrs_max_error_ci_upper_val,user_attrs_max_error_df_val,user_attrs_max_error_mean_val,user_attrs_max_error_samperror_val,user_attrs_max_error_std_val,user_attrs_max_error_t_critical_val,user_attrs_median_ae_ci_lower_val,user_attrs_median_ae_ci_upper_val,user_attrs_median_ae_df_val,user_attrs_median_ae_mean_val,user_attrs_median_ae_samperror_val,user_attrs_median_ae_std_val,user_attrs_median_ae_t_critical_val,user_attrs_n_splits_val,user_attrs_r2_below_zero_val,user_attrs_r2_ci_lower_val,user_attrs_r2_ci_upper_val,user_attrs_r2_df_val,user_attrs_r2_mean_val,user_attrs_r2_samperror_val,user_attrs_r2_std_val,user_attrs_r2_t_critical_val,user_attrs_regressor_final,user_attrs_rfe_estimator,user_attrs_rfe_n_features,user_attrs_rfe_selected_features,user_attrs_rho_ci_lower_val,user_attrs_rho_ci_upper_val,user_attrs_rho_df_val,user_attrs_rho_mean_val,user_attrs_rho_samperror_val,user_attrs_rho_std_val,user_attrs_rho_t_critical_val,user_attrs_rmse_ci_lower_val,user_attrs_rmse_ci_upper_val,user_attrs_rmse_df_val,user_attrs_rmse_mean_val,user_attrs_rmse_samperror_val,user_attrs_rmse_std_val,user_attrs_rmse_t_critical_val,user_attrs_termination_reason,user_attrs_use_scaler_final,state
252,0.9920000740780206,2026-06-10 19:57:22.245457,2026-06-10 19:57:24.447532,0 days 00:00:02.202075,,,,,,,,,,,,,,0.00499722091525972,QuantileRegressor,,,,,,4,,,,,,,,False,0.010444003985797277,0.02044801037837227,98.0,0.015446007182084774,0.005002003196287497,0.025079425361026735,1.9844674545084815,0.9804177788103727,1.0035823693456685,98.0,0.9920000740780206,0.011582295267647924,0.05807219593340973,1.9844674545084815,223012722164513.25,303611514018511.6,98.0,263312118091512.44,40299395926999.17,202056186808472.0,1.9844674545084815,3.119867218144784,3.2449361332260596,98.0,3.182401675685422,0.06253445754063772,0.31354003562947286,1.9844674545084815,0.9928421744612813,0.9971031085375853,98.0,0.9949726414994333,0.0021304670381519903,0.010681898225718271,1.9844674545084815,99.0,0.15151515151515152,0.029548621474067324,0.046416023200567605,98.0,0.037982322337317465,0.008433700863250139,0.04228553301887007,1.9844674545084815,QuantileRegressor,"{'mode': 'original', 'type': 'QuantileRegressor'}",4,"['nodes_T2W20', 'edges_T2W20', 'pe_T2W20', 'lcc_T2W20']",0.2181130027900662,0.269785577094417,98.0,0.2439492899422416,0.025836287152175397,0.12953994825912032,1.9844674545084815,1.2914112162269729,1.3226694830157988,98.0,1.3070403496213858,0.015629133394413054,0.07836254177399041,1.9844674545084815,completed,False,COMPLETE
253,1.0075757575757578,2026-06-10 19:57:24.460173,2026-06-10 19:57:26.608955,0 days 00:00:02.148782,,,,,,,,,,,,,,0.015324808603440444,QuantileRegressor,,,,,,4,,,,,,,,False,-1.8082601541050934e-16,-9.729045944508545e-17,98.0,-1.390582374277974e-16,4.176777798271195e-17,2.094184728212143e-16,1.9844674545084815,0.9969166374215648,1.0182348777299508,98.0,1.0075757575757578,0.010659120154193034,0.053443510096056954,1.9844674545084815,243249413827922.25,331073265925134.4,98.0,287161339876528.3,43911926048606.08,220168966027914.5,1.9844674545084815,2.969853864095874,3.009944115702106,98.0,2.98989898989899,0.020045125803115967,0.10050378152592117,1.9844674545084815,0.9999999999999999,1.0,98.0,1.0,8.440702046951966e-17,4.2320636088020276e-16,1.9844674545084815,99.0,0.8787878787878788,-0.003094890260081808,-0.0016582379893588422,98.0,-0.002376564124720325,0.0007183261353614828,0.0036015983976267828,1.9844674545084815,QuantileRegressor,"{'mode': 'original', 'type': 'QuantileRegressor'}",4,"['atd_T2W20', 'density_T2W20', 'diameter_T2W20', 'asp_T2W20']",,,,,,,,1.3196611267084086,1.3492364416432259,98.0,1.3344487841758172,0.014787657467408713,0.07414348555266105,1.9844674545084815,completed,False,COMPLETE
254,1.020014194449884,2026-06-10 19:57:26.621563,2026-06-10 19:57:28.425283,0 days 00:00:01.803720,,,,0.22641645251455553,0.7009180979530569,,,,,,,,,,ElasticNet,,,,,,4,,,,,,,,False,-0.015490295501743492,-0.009598548883366743,98.0,-0.012544422192555117,0.002945873309188375,0.014770244416410061,1.9844674545084815,1.009616096414273,1.0304122924854948,98.0,1.020014194449884,0.010398098035610957,0.052134777477610215,1.9844674545084815,236654096244165.66,322148310349549.44,98.0,279401203296857.53,42747107052691.88,214328707651266.9,1.9844674545084815,2.9933655055391917,3.035133491655926,98.0,3.0142494985975588,0.020883993058366912,0.10470975818972861,1.9844674545084815,0.9764114235631103,0.9848699768583413,98.0,0.9806407002107258,0.004229276647615479,0.02120507001949332,1.9844674545084815,99.0,0.23232323232323232,0.006100140670673155,0.01270271773854168,98.0,0.009401429204607417,0.0033012885339342626,0.01655225239429435,1.9844674545084815,ElasticNet,"{'mode': 'original', 'type': 'ElasticNet'}",4,"['lcc_T2W20', 'density_T2W20', 'diameter_T2W20', 'asp_T2W20']",0.12445348922362308,0.17866901678994518,92.0,0.15156125300678414,0.027107763783161057,0.13162459486534536,1.98608631695113,1.3120168962449839,1.3408183820309474,98.0,1.3264176391379656,0.014400742892981657,0.07220354373142455,1.9844674545084815,completed,False,COMPLETE
255,0.9910497265471074,2026-06-10 19:57:28.438120,2026-06-10 19:57:30.739920,0 days 00:00:02.301800,,,,,,,,,,,,,,0.004807539297513345,QuantileRegressor,,,,,,4,,,,,,,,False,0.011302306815151202,0.021448918386558484,98.0,0.016375612600854843,0.005073305785703642,0.025436927725406944,1.9844674545084815,0.9794887641860544,1.0026106889081605,98.0,0.9910497265471074,0.01156096236105304,0.05796523537827109,1.9844674545084815,222966334807716.88,303555004002668.0,98.0,263260669405192.44,40294334597475.55,202030809928243.38,1.9844674545084815,3.1226098241950835,3.247905105938128,98.0,3.1852574650666057,0.06264764087152215,0.3141075228516193,1.9844674545084815,0.9938663477285623,0.9985474592440235,98.0,0.9962069034862929,0.0023405557577306168,0.011735257081181706,1.9844674545084815,99.0,0.15151515151515152,0.03030837154205674,0.04730357191315163,98.0,0.03880597172760419,0.008497600185547448,0.04260591631757827,1.9844674545084815,QuantileRegressor,"{'mode': 'original', 'type': 'QuantileRegressor'}",4,"['nodes_T2W20', 'edges_T2W20', 'l2_T2W20', 'lcc_T2W20']",0.22583156784818467,0.27560892601467796,97.0,0.2507202469314313,0.024888679083246632,0.12414091511591616,1.9847231860139845,1.2908542179032165,1.322078784576062,98.0,1.3064665012396393,0.015612283336422726,0.07827805766730071,1.9844674545084815,completed,False,COMPLETE
256,0.9914646327985963,2026-06-10 19:57:30.752612,2026-06-10 19:57:32.908158,0 days 00:00:02.155546,,,,,,,,,,,,,,0.00979497009817384,QuantileRegressor,,,,,,4,,,,,,,,False,0.011462630725136681,0.02056636805590393,98.0,0.016014499390520305,0.004551868665383624,0.02282250649727965,1.9844674545084815,0.9799375895473523,1.0029916760498403,98.0,0.9914646327985963,0.01152704325124394,0.05779516915692178,1.9844674545084815,223415087908494.3,303985988836957.2,98.0,263700538372725.75,40285450464231.44,201986265982977.9,1.9844674545084815,3.0944030673586,3.196756905996034,98.0,3.145579986677317,0.051176919318717075,0.25659474372460633,1.9844674545084815,0.9954558213045892,0.9995837118144302,98.0,0.9975197665595097,0.0020639452549204964,0.01034836623224116,1.9844674545084815,99.0,0.16161616161616163,0.030363037496104917,0.04508031399613188,98.0,0.0377216757461184,0.007358638250013481,0.03689530204358594,1.9844674545084815,QuantileRegressor,"{'mode': 'original', 'type': 'QuantileRegressor'}",4,"['edges_T2W20', 'density_T2W20', 'diameter_T2W20', 'asp_T2W20']",0.21367077102619136,0.27101189854606494,95.0,0.24234133478612815,0.02867056375993679,0.14149999516588943,1.9852510035054978,1.291957325899094,1.32255733705819,98.0,1.307257331478642,0.015300005579548023,0.07671233561793044,1.9844674545084815,completed,False,COMPLETE
257,0.9899150331306767,2026-06-10 19:57:32.920891,2026-06-10 19:57:35.093825,0 days 00:00:02.172934,,,,,,,,,,,,,,0.007572810957321357,QuantileRegressor,,,,,,4,,,,,,,,False,0.01286710881593474,0.022244754715001265,98.0,0.017555931765468002,0.0046888229495332615,0.02350917833902356,1.9844674545084815,0.9783409157585994,1.001489150502754,98.0,0.9899150331306767,0.011574117372077386,0.058031192976489634,1.9844674545084815,222349831888777.7,302750231859977.8,98.0,262550031874377.75,40200199985600.05,201558830627195.97,1.9844674545084815,3.099752352040947,3.2044087794097944,98.0,3.1520805657253708,0.052328213684423606,0.26236719127816605,1.9844674545084815,0.9947454374205348,0.9990411182729085,98.0,0.9968932778467217,0.0021478404261868656,0.010769006244524058,1.9844674545084815,99.0,0.12121212121212122,0.03346867351520146,0.048161134981838334,98.0,0.0408149042485199,0.007346230733318437,0.03683309228948182,1.9844674545084815,QuantileRegressor,"{'mode': 'original', 'type': 'QuantileRegressor'}",4,"['edges_T2W20', 'density_T2W20', 'diameter_T2W20', 'asp_T2W20']",0.23521210767026293,0.2857834675673916,96.0,0.26049778761882725,0.02528567994856432,0.1254594632257473,1.984984311522457,1.2897583080774204,1.320651562479795,98.0,1.3052049352786077,0.015446627201187307,0.0774474782941575,1.9844674545084815,completed,False,COMPLETE
258,1.0075757575757578,2026-06-10 19:57:35.119860,2026-06-10 19:57:37.247220,0 days 00:00:02.127360,,,,,,,,,,,,,,0.011964502153123727,QuantileRegressor,,,,,,4,,,,,,,,False,-1.8598917858606392e-16,-1.1007029464731114e-16,98.0,-1.4802973661668753e-16,3.79594419693764e-17,1.9032394707859828e-16,1.9844674545084815,0.9969166374215648,1.0182348777299508,98.0,1.0075757575757578,0.010659120154193033,0.05344351009605694,1.9844674545084815,243249413827922.25,331073265925134.4,98.0,287161339876528.3,43911926048606.08,220168966027914.5,1.9844674545084815,2.969853864095874,3.009944115702106,98.0,2.98989898989899,0.020045125803115973,0.1005037815259212,1.9844674545084815,0.9999999999999998,1.0,98.0,0.9999999999999999,7.36101671320606e-17,3.690722736385693e-16,1.9844674545084815,99.0,0.8787878787878788,-0.003094890260081807,-0.0016582379893588428,98.0,-0.002376564124720325,0.0007183261353614823,0.00360159839762678,1.9844674545084815,QuantileRegressor,"{'mode': 'original', 'type': 'QuantileRegressor'}",4,"['atd_T2W20', 'density_T2W20', 'diameter_T2W20', 'asp_T2W20']",,,,,,,,1.3196611267084086,1.3492364416432259,98.0,1.3344487841758172,0.014787657467408713,0.07414348555266105,1.9844674545084815,completed,False,COMPLETE
259,0.9899150331306767,2026-06-10 19:57:37.259628,2026-06-10 19:57:39.589292,0 days 00:00:02.329664,,,,,,,,,,,,,,0.007600893983289023,QuantileRegressor,,,,,,4,,,,,,,,False,0.012867108815934726,0.022244754715001286,98.0,0.017555931765468005,0.004688822949533279,0.023509178339023648,1.9844674545084815,0.9783409157585994,1.001489150502754,98.0,0.9899150331306767,0.011574117372077393,0.05803119297648967,1.9844674545084815,222349831888777.66,302750231859977.75,98.0,262550031874377.7,40200199985600.04,201558830627195.94,1.9844674545084815,3.099752352040947,3.2044087794097944,98.0,3.1520805657253708,0.052328213684423676,0.2623671912781664,1.9844674545084815,0.9947454374205352,0.999041118272909,98.0,0.9968932778467221,0.0021478404261868708,0.010769006244524084,1.9844674545084815,99.0,0.12121212121212122,0.033468673515201476,0.048161134981838376,98.0,0.040814904248519926,0.007346230733318447,0.036833092289481874,1.9844674545084815,QuantileRegressor,"{'mode': 'original', 'type': 'QuantileRegressor'}",4,"['edges_T2W20', 'density_T2W20', 'diameter_T2W20', 'asp_T2W20']",0.23463337473461915,0.2858587623897349,96.0,0.260246068562177,0.025612693827557875,0.1270820015877513,1.984984311522457,1.2897583080774204,1.320651562479795,98.0,1.3052049352786077,0.01544662720118731,0.07744747829415752,1.9844674545084815,completed,False,COMPLETE
260,1.014271549895455,2026-06-10 19:57:39.602922,2026-06-10 19:57:41.308918,0 days 00:00:01.705996,,,,,,,,,,,,,,,LinearRegression,,,,,,3,,,,,,,,False,-0.015020789143031265,0.0011723120294540087,98.0,-0.006924238556788628,0.008096550586242637,0.04059510322987376,1.9844674545084815,1.0017040911506458,1.0268390086402643,98.0,1.014271549895455,0.012567458744809287,0.06301168375945028,1.9844674545084815,214941427375485.2,293603108984145.6,98.0,254272268179815.4,39330840804330.2,197199971217677.28,1.9844674545084815,3.114579846305049,3.2586974563470594,98.0,3.1866386513260543,0.07205880502100497,0.36129393589159986,1.9844674545084815,0.8918016020601347,0.9129749680037309,98.0,0.9023882850319328,0.010586682971798149,0.053080319022811746,1.9844674545084815,99.0,0.1717171717171717,0.03950301207226866,0.06392522567360176,98.0,0.05171411887293521,0.012211106800666546,0.06122497918636688,1.9844674545084815,LinearRegression,"{'mode': 'original', 'type': 'LinearRegression'}",3,"['edges_T2W20', 'atd_T2W20', 'density_T2W20']",0.18175944629765747,0.22873309555780844,98.0,0.20524627092773295,0.02348682463007547,0.11776003376301052,1.9844674545084815,1.2810126503683672,1.313304740551012,98.0,1.2971586954596896,0.016146045091322555,0.0809542730888575,1.9844674545084815,completed,False,COMPLETE
261,0.9912704588190498,2026-06-10 19:57:41.321640,2026-06-10 19:57:43.536993,0 days 00:00:02.215353,,,,,,,,,,,,,,0.005227519244728142,QuantileRegressor,,,,,,3,,,,,,,,False,0.011140328799220438,0.02120069612156271,98.0,0.016170512460391574,0.005030183661171137,0.02522071872649536,1.9844674545084815,0.9796850718798338,1.002855845758266,98.0,0.9912704588190498,0.011585386939216015,0.05808769719226345,1.9844674545084815,222970308830473.06,303562049698593.06,98.0,263266179264533.06,40295870434060.0,202038510422920.22,1.9844674545084815,3.1203932566074872,3.2456848944185577,98.0,3.1830390755130225,0.06264581890553532,0.3140983877395084,1.9844674545084815,0.9938387071650487,0.9986135949258959,98.0,0.9962261510454723,0.002387443880423561,0.011970348329077975,1.9844674545084815,99.0,0.15151515151515152,0.029911466740133476,0.046792985254388686,98.0,0.03835222599726108,0.008440759257127606,0.04232092293276498,1.9844674545084815,QuantileRegressor,"{'mode': 'original', 'type': 'QuantileRegressor'}",3,"['nodes_T2W20', 'edges_T2W20', 'lcc_T2W20']",0.2132764726191935,0.2659399178628575,98.0,0.2396081952410255,0.026331722621831994,0.13202400042679585,1.9844674545084815,1.2911753343165995,1.3223898029709906,98.0,1.306782568643795,0.015607234327195487,0.07825274255951438,1.9844674545084815,completed,False,COMPLETE
262,0.992011058290681,2026-06-10 19:57:43.632141,2026-06-10 19:57:45.858442,0 days 00:00:02.226301,,,,,,,,,,,,,,0.007143510456746907,QuantileRegressor,,,,,,4,,,,,,,,True,0.010417537653748652,0.020586301744558735,98.0,0.015501919699153693,0.005084382045405041,0.025492462721599423,1.9844674545084815,0.9801408759173454,1.0038812406640165,98.0,0.992011058290681,0.011870182373335574,0.05951562627444873,1.9844674545084815,220509802787328.03,300008766854263.4,98.0,260259284820795.7,39749482033467.664,199298986561568.7,1.9844674545084815,3.1111405561807337,3.2256361945489354,98.0,3.1683883753648345,0.05724781918410062,0.2870334847796216,1.9844674545084815,0.9909978042582503,0.9954728643079396,98.0,0.993235334283095,0.002237530024844613,0.011218698799072384,1.9844674545084815,99.0,0.12121212121212122,0.03237590066698959,0.048643609525324996,98.0,0.04050975509615729,0.008133854429167703,0.04078214008443096,1.9844674545084815,QuantileRegressor,"{'mode': 'original', 'type': 'QuantileRegressor'}",4,"['edges_T2W20', 'pe_T2W20', 'l2_T2W20', 'lcc_T2W20']",0.18996960743610286,0.24051200756094798,98.0,0.21524080749852542,0.025271200062422564,0.126706671483037,1.9844674545084815,1.289774539746212,1.3209129464644829,98.0,1.3053437431053474,0.015569203359135399,0.07806205998946353,1.9844674545084815,completed,True,COMPLETE
263,1.0587287502642961,2026-06-10 19:57:45.872153,2026-06-10 19:57:48.334569,0 days 00:00:02.462416,,,,,,,,,,,,,,,RandomForestRegressor,14.0,,4.0,5.0,214.0,3,,,,,,,,False,,,,,,,,,,,,,,,,,,,,,,,,,,,,,,,,,,,,,,,,,,,,,RandomForestRegressor,"{'mode': 'original', 'type': 'RandomForestRegressor'}",3,"['l1_T2W20', 'l3_T2W20', 'lsc_T2W20']",,,,,,,,,,,,,,,pruned,False,PRUNED
264,0.9924923403735889,2026-06-10 19:57:48.344633,2026-06-10 19:57:50.595566,0 days 00:00:02.250933,,,,,,,,,,,,,,0.009989000570893015,QuantileRegressor,,,,,,2,,,,,,,,False,0.010519143724917912,0.019351434633398994,98.0,0.014935289179158453,0.00441614545424054,0.0221420071033272,1.9844674545084815,0.9812115858189852,1.0037730949281927,98.0,0.9924923403735889,0.011280754554603738,0.05656030809381072,1.9844674545084815,223850801306335.7,304744282358872.8,98.0,264297541832604.25,40446740526268.555,202794954405115.97,1.9844674545084815,3.0904538568280944,3.1918621978867683,98.0,3.1411580273574313,0.05070417052933703,0.2542244397658699,1.9844674545084815,0.9953751747693229,0.9997977126034863,98.0,0.9975864436864046,0.0022112689170816578,0.011087028852814105,1.9844674545084815,99.0,0.18181818181818182,0.028646928244672135,0.04319648890699372,98.0,0.03592170857583293,0.007274780331160791,0.03647484881029772,1.9844674545084815,QuantileRegressor,"{'mode': 'original', 'type': 'QuantileRegressor'}",2,"['edges_T2W20', 'asp_T2W20']",0.21575390763794638,0.2751225962587555,94.0,0.24543825194835095,0.029684344310404565,0.145718349707327,1.985523441866604,1.2933571136517867,1.3234789219182532,98.0,1.30841801778502,0.015060904133233268,0.07551351053900704,1.9844674545084815,completed,False,COMPLETE
265,0.9913423966636961,2026-06-10 19:57:50.608231,2026-06-10 19:57:52.834522,0 days 00:00:02.226291,,,,,,,,,,,,,,0.004921026921367187,QuantileRegressor,,,,,,3,,,,,,,,False,0.011048730273790835,0.021155200001508973,98.0,0.016101965137649905,0.0050532348638590695,0.025336294605719706,1.9844674545084815,0.9797351621578291,1.0029496311695631,98.0,0.9913423966636961,0.011607234505867014,0.0581972381892685,1.9844674545084815,223008020355455.16,303603605622579.4,98.0,263305812989017.28,40297792633562.12,202048148093479.5,1.9844674545084815,3.1216223003366377,3.247667155298764,98.0,3.184644727817701,0.06302242748106333,0.3159866565569469,1.9844674545084815,0.9938353763573692,0.9986114224323869,98.0,0.996223399394878,0.002388023037508878,0.011973252151071591,1.9844674545084815,99.0,0.15151515151515152,0.029882853022028748,0.046788004356329384,98.0,0.038335428689179066,0.008452575667150318,0.042380168951124154,1.9844674545084815,QuantileRegressor,"{'mode': 'original', 'type': 'QuantileRegressor'}",3,"['nodes_T2W20', 'edges_T2W20', 'lcc_T2W20']",0.21391905144440046,0.26634916629367755,97.0,0.24013410886903902,0.02621505742463856,0.13075668691077855,1.9847231860139845,1.2911674229133314,1.3224318908492767,98.0,1.306799656881304,0.015632233967972742,0.07837808766632896,1.9844674545084815,completed,False,COMPLETE
266,0.9899209000201799,2026-06-10 19:57:52.848195,2026-06-10 19:57:55.101162,0 days 00:00:02.252967,,,,,,,,,,,,,,0.0075262833031071955,QuantileRegressor,,,,,,4,,,,,,,,False,0.012861603510572344,0.022238016077052645,98.0,0.017549809793812494,0.00468820628324015,0.02350608645050134,1.9844674545084815,0.9783479981439314,1.0014938018964283,98.0,0.9899209000201799,0.011572901876248513,0.058025098630740415,1.9844674545084815,222349831888777.66,302750231859977.75,98.0,262550031874377.7,40200199985600.03,201558830627195.88,1.9844674545084815,3.099752352040947,3.2044087794097944,98.0,3.1520805657253708,0.05232821368442368,0.26236719127816643,1.9844674545084815,0.994745437420535,0.9990411182729088,98.0,0.9968932778467219,0.0021478404261868725,0.010769006244524091,1.9844674545084815,99.0,0.12121212121212122,0.0334841620617119,0.04818320363309314,98.0,0.04083368284740252,0.007349520785690621,0.03684958820515083,1.9844674545084815,QuantileRegressor,"{'mode': 'original', 'type': 'QuantileRegressor'}",4,"['edges_T2W20', 'density_T2W20', 'diameter_T2W20', 'asp_T2W20']",0.23405532613147728,0.2851906232055288,96.0,0.25962297466850304,0.02556764853702577,0.1268585012514937,1.984984311522457,1.289742734765699,1.3206429343497392,98.0,1.305192834557719,0.01545009979202022,0.07746488943509161,1.9844674545084815,completed,False,COMPLETE
