number,value,datetime_start,datetime_complete,duration,params_dt_max_depth,params_dt_min_samples_leaf,params_dt_min_samples_split,params_elastic_alpha,params_elastic_l1_ratio,params_et_max_depth,params_et_max_features,params_et_min_samples_leaf,params_et_min_samples_split,params_et_n_estimators,params_knn_metric,params_knn_n_neighbors,params_knn_weights,params_quantile_alpha,params_regressor,params_rf_max_depth,params_rf_max_features,params_rf_min_samples_leaf,params_rf_min_samples_split,params_rf_n_estimators,params_rfe_n_features,params_rfe_proxy_et_max_depth,params_rfe_proxy_et_min_samples_leaf,params_rfe_proxy_et_min_samples_split,params_rfe_proxy_et_n_estimators,params_rfe_proxy_lsvr_C,params_rfe_proxy_lsvr_epsilon,params_rfe_proxy_type,params_use_scaler,user_attrs_d2mae_ci_lower_val,user_attrs_d2mae_ci_upper_val,user_attrs_d2mae_df_val,user_attrs_d2mae_mean_val,user_attrs_d2mae_samperror_val,user_attrs_d2mae_std_val,user_attrs_d2mae_t_critical_val,user_attrs_mae_ci_lower_val,user_attrs_mae_ci_upper_val,user_attrs_mae_df_val,user_attrs_mae_mean_val,user_attrs_mae_samperror_val,user_attrs_mae_std_val,user_attrs_mae_t_critical_val,user_attrs_mape_ci_lower_val,user_attrs_mape_ci_upper_val,user_attrs_mape_df_val,user_attrs_mape_mean_val,user_attrs_mape_samperror_val,user_attrs_mape_std_val,user_attrs_mape_t_critical_val,user_attrs_max_error_ci_lower_val,user_attrs_max_error_ci_upper_val,user_attrs_max_error_df_val,user_attrs_max_error_mean_val,user_attrs_max_error_samperror_val,user_attrs_max_error_std_val,user_attrs_max_error_t_critical_val,user_attrs_median_ae_ci_lower_val,user_attrs_median_ae_ci_upper_val,user_attrs_median_ae_df_val,user_attrs_median_ae_mean_val,user_attrs_median_ae_samperror_val,user_attrs_median_ae_std_val,user_attrs_median_ae_t_critical_val,user_attrs_n_splits_val,user_attrs_r2_below_zero_val,user_attrs_r2_ci_lower_val,user_attrs_r2_ci_upper_val,user_attrs_r2_df_val,user_attrs_r2_mean_val,user_attrs_r2_samperror_val,user_attrs_r2_std_val,user_attrs_r2_t_critical_val,user_attrs_regressor_final,user_attrs_rfe_estimator,user_attrs_rfe_n_features,user_attrs_rfe_selected_features,user_attrs_rho_ci_lower_val,user_attrs_rho_ci_upper_val,user_attrs_rho_df_val,user_attrs_rho_mean_val,user_attrs_rho_samperror_val,user_attrs_rho_std_val,user_attrs_rho_t_critical_val,user_attrs_rmse_ci_lower_val,user_attrs_rmse_ci_upper_val,user_attrs_rmse_df_val,user_attrs_rmse_mean_val,user_attrs_rmse_samperror_val,user_attrs_rmse_std_val,user_attrs_rmse_t_critical_val,user_attrs_termination_reason,user_attrs_use_scaler_final,state
178,0.9908892885600525,2026-06-10 19:54:14.508390,2026-06-10 19:54:16.870642,0 days 00:00:02.362252,,,,,,,,,,,,,,0.006616813837693935,QuantileRegressor,,,,,,5,,,,,,,,False,0.011741159982174006,0.021447013047381492,98.0,0.01659408651477775,0.004852926532603742,0.02433197340763683,1.9844674545084815,0.9792161433742135,1.0025624337458916,98.0,0.9908892885600525,0.011673145185839036,0.058527706186585995,1.9844674545084815,223367648374867.53,304018261644323.4,98.0,263692955009595.47,40325306634727.94,202186099892297.56,1.9844674545084815,3.10883573090223,3.224051303648268,98.0,3.166443517275249,0.05760778637301911,0.28883831574286456,1.9844674545084815,0.992995266307631,0.9977705672076055,98.0,0.9953829167576183,0.0023876504499872266,0.011971384043320953,1.9844674545084815,99.0,0.13131313131313133,0.030809417496685913,0.04663613185855293,98.0,0.03872277467761942,0.007913357180933507,0.03967659415365154,1.9844674545084815,QuantileRegressor,"{'mode': 'original', 'type': 'QuantileRegressor'}",5,"['nodes_T2W20', 'edges_T2W20', 'lcc_T2W20', 'diameter_T2W20', 'asp_T2W20']",0.20780819441151122,0.26194068496995043,97.0,0.23487443969073082,0.027066245279219615,0.13500228141781584,1.9847231860139845,1.2909994607627748,1.3221989499044864,98.0,1.3065992053336306,0.015599744570855714,0.07821518984758588,1.9844674545084815,completed,False,COMPLETE
179,1.049882287952639,2026-06-10 19:54:16.884081,2026-06-10 19:54:42.580460,0 days 00:00:25.696379,,,,,,6.0,,3.0,4.0,383.0,,,,,ExtraTreesRegressor,,,,,,5,,,,,,,,False,-0.05077364389148041,-0.03351141813990251,98.0,-0.04214253101569146,0.008631112875788953,0.04327533243313512,1.9844674545084815,1.0362754612998453,1.0634891146054328,98.0,1.049882287952639,0.013606826652793731,0.06822294589744515,1.9844674545084815,210232380338530.2,287692247161427.1,98.0,248962313749978.66,38729933411448.47,194187095872085.34,1.9844674545084815,3.001279141474435,3.1191662305460204,98.0,3.0602226860102277,0.05894354453579283,0.2955356419597949,1.9844674545084815,0.8543873017540641,0.8918673920813022,98.0,0.8731273469176831,0.018740045163619035,0.09396026861639781,1.9844674545084815,99.0,0.21212121212121213,0.025285095999748,0.05376920891641686,98.0,0.03952715245808243,0.014242056458334429,0.07140790957499371,1.9844674545084815,ExtraTreesRegressor,"{'mode': 'original', 'type': 'ExtraTreesRegressor'}",5,"['edges_T2W20', 'l1_T2W20', 'l2_T2W20', 'l3_T2W20', 'lsc_T2W20']",0.20452148255688007,0.2461360997500575,98.0,0.2253287911534688,0.02080730859658872,0.10432527178297378,1.9844674545084815,1.288346914991191,1.3222657460631075,98.0,1.3053063305271493,0.016959415535958308,0.0850324118977746,1.9844674545084815,completed,False,COMPLETE
180,0.990110477639722,2026-06-10 19:54:42.593479,2026-06-10 19:54:44.922717,0 days 00:00:02.329238,,,,,,,,,,,,,,0.006719423596237452,QuantileRegressor,,,,,,4,,,,,,,,False,0.012647869747820999,0.02207210859071032,98.0,0.01735998916926566,0.004712119421444661,0.02362598396779862,1.9844674545084815,0.9785336521096687,1.0016873031697753,98.0,0.990110477639722,0.011576825530053311,0.05804477134562652,1.9844674545084815,222226700494386.72,302548191130381.56,98.0,262387445812384.16,40160745317997.43,201361009803727.0,1.9844674545084815,3.1016900863796324,3.2084537867274867,98.0,3.1550719365535596,0.053381850173926944,0.26764999431910885,1.9844674545084815,0.994689864093058,0.9990334206541037,98.0,0.9968616423735809,0.0021717782805228216,0.010889027685447429,1.9844674545084815,99.0,0.12121212121212122,0.03282730841454073,0.04800424593147596,98.0,0.040415777173008344,0.007588468758467614,0.03804764378673803,1.9844674545084815,QuantileRegressor,"{'mode': 'original', 'type': 'QuantileRegressor'}",4,"['edges_T2W20', 'density_T2W20', 'diameter_T2W20', 'asp_T2W20']",0.23357710886744457,0.2835584154944575,97.0,0.258567762180951,0.024990653313506445,0.12464954694086566,1.9847231860139845,1.2899577626106276,1.3209716095558635,98.0,1.3054646860832455,0.015506923472617982,0.07774979634145826,1.9844674545084815,completed,False,COMPLETE
181,0.9901169814405907,2026-06-10 19:54:44.941152,2026-06-10 19:54:47.152195,0 days 00:00:02.211043,,,,,,,,,,,,,,0.006868460613307188,QuantileRegressor,,,,,,4,,,,,,,,False,0.012642764330770329,0.02206412339170618,98.0,0.017353443861238254,0.004710679530467925,0.023618764532531995,1.9844674545084815,0.9785411527446994,1.001692810136482,98.0,0.9901169814405907,0.01157582869589126,0.05803977334242991,1.9844674545084815,222241343685734.8,302571103202200.06,98.0,262406223443967.44,40164879758232.625,201381739375704.28,1.9844674545084815,3.101524547737009,3.208176873368755,98.0,3.154850710552882,0.053326162815873046,0.2673707847934328,1.9844674545084815,0.9946898640930588,0.9990334206541043,98.0,0.9968616423735815,0.002171778280522772,0.01088902768544718,1.9844674545084815,99.0,0.12121212121212122,0.032836674175058624,0.04799384797584027,98.0,0.040415261075449446,0.007578586900390824,0.03799809737256359,1.9844674545084815,QuantileRegressor,"{'mode': 'original', 'type': 'QuantileRegressor'}",4,"['edges_T2W20', 'density_T2W20', 'diameter_T2W20', 'asp_T2W20']",0.22506780893078784,0.2801404090536576,97.0,0.25260410899222274,0.027536300061434888,0.13734684259856952,1.9847231860139845,1.289962819796032,1.3209672726668704,98.0,1.3054650462314512,0.015502226435419231,0.07772624597788963,1.9844674545084815,completed,False,COMPLETE
182,0.9922553423161612,2026-06-10 19:54:47.165659,2026-06-10 19:54:49.345025,0 days 00:00:02.179366,,,,,,,,,,,,,,0.004286038704722396,QuantileRegressor,,,,,,4,,,,,,,,False,0.01018213237465549,0.02021349971154321,98.0,0.01519781604309935,0.005015683668443859,0.02514801755637034,1.9844674545084815,0.9806418959530985,1.003868788679224,98.0,0.9922553423161612,0.01161344636306271,0.058228383672943605,1.9844674545084815,222720572935503.6,303314885857273.7,98.0,263017729396388.66,40297156460885.055,202044958402360.78,1.9844674545084815,3.1269036974225743,3.255239524095013,98.0,3.1910716107587938,0.06416791333621956,0.32172998095702415,1.9844674545084815,0.9924568404952847,0.9968790969049817,98.0,0.9946679687001332,0.0022111282048484578,0.011086323339080618,1.9844674545084815,99.0,0.15151515151515152,0.02964852448433758,0.04682976968032479,98.0,0.038239147082331185,0.008590622597993603,0.04307231918824767,1.9844674545084815,QuantileRegressor,"{'mode': 'original', 'type': 'QuantileRegressor'}",4,"['nodes_T2W20', 'edges_T2W20', 'pe_T2W20', 'lcc_T2W20']",0.21828326277302065,0.27107925436807806,98.0,0.24468125857054934,0.026397995797528693,0.13235628593284215,1.9844674545084815,1.2911676510345376,1.3225530702511636,98.0,1.3068603606428506,0.015692709608312927,0.07868130504715704,1.9844674545084815,completed,False,COMPLETE
183,0.9901104776397219,2026-06-10 19:54:49.372419,2026-06-10 19:54:51.558470,0 days 00:00:02.186051,,,,,,,,,,,,,,0.006735195012089909,QuantileRegressor,,,,,,4,,,,,,,,False,0.012647869747820947,0.022072108590710297,98.0,0.01735998916926562,0.004712119421444674,0.023625983967798685,1.9844674545084815,0.9785336521096686,1.0016873031697753,98.0,0.9901104776397219,0.01157682553005332,0.05804477134562657,1.9844674545084815,222226700494386.7,302548191130381.56,98.0,262387445812384.12,40160745317997.42,201361009803726.97,1.9844674545084815,3.101690086379633,3.2084537867274863,98.0,3.1550719365535596,0.0533818501739269,0.26764999431910863,1.9844674545084815,0.994689864093058,0.9990334206541035,98.0,0.9968616423735808,0.0021717782805227184,0.010889027685446912,1.9844674545084815,99.0,0.12121212121212122,0.032827308414540714,0.04800424593147596,98.0,0.04041577717300834,0.007588468758467624,0.038047643786738077,1.9844674545084815,QuantileRegressor,"{'mode': 'original', 'type': 'QuantileRegressor'}",4,"['edges_T2W20', 'density_T2W20', 'diameter_T2W20', 'asp_T2W20']",0.23268950822165818,0.28328851975669905,97.0,0.2579890139891786,0.025299505767520433,0.12619005562551103,1.9847231860139845,1.2899577626106276,1.3209716095558635,98.0,1.3054646860832455,0.015506923472617989,0.0777497963414583,1.9844674545084815,completed,False,COMPLETE
184,0.9907540682251178,2026-06-10 19:54:51.576646,2026-06-10 19:54:54.032710,0 days 00:00:02.456064,,,,,,,,,,,,,,0.006565185966218843,QuantileRegressor,,,,,,4,,,,,,,,False,0.011872507995968283,0.0215812401274963,98.0,0.016726874061732292,0.004854366065764009,0.024339191048855947,1.9844674545084815,0.9790852146289911,1.0024229218212444,98.0,0.9907540682251178,0.011668853596126662,0.0585061886865669,1.9844674545084815,223366918558892.75,304004182905975.7,98.0,263685550732434.22,40318632173541.48,202152634969429.22,1.9844674545084815,3.109598711327999,3.225213937811446,98.0,3.1674063245697224,0.05780761324172378,0.2898402229472674,1.9844674545084815,0.9934500252515664,0.9981038095698173,98.0,0.9957769174106919,0.0023268921591253983,0.011666749487736557,1.9844674545084815,99.0,0.13131313131313133,0.0308157277556544,0.046650435922608424,98.0,0.03873308183913141,0.007917354083477013,0.03969663412865387,1.9844674545084815,QuantileRegressor,"{'mode': 'original', 'type': 'QuantileRegressor'}",4,"['nodes_T2W20', 'edges_T2W20', 'lcc_T2W20', 'asp_T2W20']",0.2138999768599807,0.270127050399534,97.0,0.24201351362975734,0.028113536769776643,0.14022601079276592,1.9847231860139845,1.2909944838808582,1.3221867092495192,98.0,1.3065905965651887,0.015596112684330563,0.07819698001775313,1.9844674545084815,completed,False,COMPLETE
185,1.0075757575757578,2026-06-10 19:54:54.045499,2026-06-10 19:54:56.209664,0 days 00:00:02.164165,,,,,,,,,,,,,,0.011337239971982195,QuantileRegressor,,,,,,4,,,,,,,,False,-1.8221914702037354e-16,-1.0935457661855646e-16,98.0,-1.45786861819465e-16,3.643228520090854e-17,1.82666971925563e-16,1.9844674545084815,0.9969166374215648,1.0182348777299508,98.0,1.0075757575757578,0.010659120154193036,0.05344351009605696,1.9844674545084815,243249413827922.2,331073265925134.3,98.0,287161339876528.25,43911926048606.08,220168966027914.5,1.9844674545084815,2.969853864095874,3.009944115702106,98.0,2.98989898989899,0.020045125803115984,0.10050378152592125,1.9844674545084815,0.9999999999999996,0.9999999999999998,98.0,0.9999999999999997,8.752077825145258e-17,4.3881835727841824e-16,1.9844674545084815,99.0,0.8888888888888888,-0.0030948902600818223,-0.0016582379893588504,98.0,-0.0023765641247203363,0.000718326135361486,0.003601598397626799,1.9844674545084815,QuantileRegressor,"{'mode': 'original', 'type': 'QuantileRegressor'}",4,"['atd_T2W20', 'density_T2W20', 'diameter_T2W20', 'asp_T2W20']",,,,,,,,1.3196611267084086,1.3492364416432259,98.0,1.3344487841758172,0.014787657467408713,0.07414348555266105,1.9844674545084815,completed,False,COMPLETE
186,0.9906724823242066,2026-06-10 19:54:56.222339,2026-06-10 19:54:58.557075,0 days 00:00:02.334736,,,,,,,,,,,,,,0.006620387192951557,QuantileRegressor,,,,,,3,,,,,,,,False,0.01194039268882724,0.02167441853787823,98.0,0.016807405613352734,0.004867012924525495,0.02440260083447854,1.9844674545084815,0.9789999490981136,1.0023450155502995,98.0,0.9906724823242066,0.011672533226093004,0.058524637896108705,1.9844674545084815,223302445759531.25,303927665034494.75,98.0,263615055397013.0,40312609637481.766,202122438718514.06,1.9844674545084815,3.1095584549434654,3.2251819828413724,98.0,3.167370218892419,0.05781176394895362,0.2898610340799439,1.9844674545084815,0.9937979530905672,0.9983580268983727,98.0,0.99607798999447,0.002280036903902787,0.01143182303327137,1.9844674545084815,99.0,0.13131313131313133,0.0308521346251449,0.046702792707194185,98.0,0.03877746366616954,0.00792532904102464,0.039736619579427174,1.9844674545084815,QuantileRegressor,"{'mode': 'original', 'type': 'QuantileRegressor'}",3,"['nodes_T2W20', 'edges_T2W20', 'lcc_T2W20']",0.2172346043602795,0.27178388476678333,97.0,0.2445092445635314,0.027274640203251915,0.13604172334594514,1.9847231860139845,1.2909628605070418,1.3221560967921089,98.0,1.3065594786495753,0.015596618142533521,0.07819951432266593,1.9844674545084815,completed,False,COMPLETE
187,0.9909628284302953,2026-06-10 19:54:58.569483,2026-06-10 19:55:00.775184,0 days 00:00:02.205701,,,,,,,,,,,,,,0.004608915307454199,QuantileRegressor,,,,,,2,,,,,,,,False,0.011730733665076841,0.021193285164395746,98.0,0.016462009414736294,0.004731275749659453,0.02372203142814626,1.9844674545084815,0.979559593357708,1.0023660635028824,98.0,0.9909628284302953,0.011403235072587187,0.057174410262163126,1.9844674545084815,220815506251491.94,300253111470079.7,98.0,260534308860785.8,39718802609293.89,199145163723299.3,1.9844674545084815,3.1071711010388094,3.2168541020204993,98.0,3.1620126015296544,0.0548415004908448,0.2749685004735052,1.9844674545084815,0.9949329285802856,0.9991788638580935,98.0,0.9970558962191896,0.002122967638904015,0.010644297165440714,1.9844674545084815,99.0,0.12121212121212122,0.03338289666901551,0.04863068257871755,98.0,0.04100678962386653,0.0076238929548510205,0.03822525632601657,1.9844674545084815,QuantileRegressor,"{'mode': 'original', 'type': 'QuantileRegressor'}",2,"['nodes_T2W20', 'edges_T2W20']",0.22876797608416136,0.28090486422703387,97.0,0.2548364201555976,0.026068444071436242,0.13002540198505502,1.9847231860139845,1.289701703299527,1.3202955689358715,98.0,1.3049986361176993,0.015296932818172248,0.07669692917244211,1.9844674545084815,completed,False,COMPLETE
188,1.3826213948088948,2026-06-10 19:55:00.787617,2026-06-10 19:55:00.940552,0 days 00:00:00.152935,16.0,2.0,15.0,,,,,,,,,,,,DecisionTreeRegressor,,,,,,3,,,,,,,,False,,,,,,,,,,,,,,,,,,,,,,,,,,,,,,,,,,,,,,,,,,,,,DecisionTreeRegressor,"{'mode': 'original', 'type': 'DecisionTreeRegressor'}",3,"['l2_T2W20', 'lsc_T2W20', 'density_T2W20']",,,,,,,,,,,,,,,pruned,False,PRUNED
189,0.9926635716704162,2026-06-10 19:55:00.950215,2026-06-10 19:55:03.304659,0 days 00:00:02.354444,,,,,,,,,,,,,,0.003313881456042235,QuantileRegressor,,,,,,4,,,,,,,,False,0.00879379437168222,0.02056748170012229,98.0,0.014680638035902254,0.005886843664220033,0.029515906027092774,1.9844674545084815,0.9810527512021948,1.0042743921386375,98.0,0.9926635716704162,0.011610820468221358,0.058215217760988876,1.9844674545084815,222820913199740.06,303293849004306.94,98.0,263057381102023.5,40236467902283.445,201740673475704.4,1.9844674545084815,3.15623283796257,3.288788489906876,98.0,3.222510663934723,0.06627782597215276,0.3323088219522574,1.9844674545084815,0.9920442442747411,0.9966508644183615,98.0,0.9943475543465513,0.0023033100718101366,0.011548511818652442,1.9844674545084815,99.0,0.16161616161616163,0.02460551732005186,0.04642483937821546,98.0,0.03551517834913366,0.0109096610290818,0.05469969105498211,1.9844674545084815,QuantileRegressor,"{'mode': 'original', 'type': 'QuantileRegressor'}",4,"['nodes_T2W20', 'edges_T2W20', 'pe_T2W20', 'lcc_T2W20']",0.2138290858792556,0.26611404551351736,98.0,0.23997156569638647,0.026142479817130887,0.131075160410233,1.9844674545084815,1.292899023839557,1.3236327888935715,98.0,1.3082659063665643,0.015366882527007141,0.0770476483609169,1.9844674545084815,completed,False,COMPLETE
190,0.9948309504042727,2026-06-10 19:55:03.317189,2026-06-10 19:55:05.574429,0 days 00:00:02.257240,,,,,,,,,,,,,,0.006185541479000797,QuantileRegressor,,,,,,4,,,,,,,,True,0.007064641237265456,0.018272316967840856,98.0,0.012668479102553157,0.0056038378652877,0.028096949954387933,1.9844674545084815,0.9828157762389399,1.0068461245696056,98.0,0.9948309504042727,0.012015174165332857,0.0602425971864338,1.9844674545084815,219982333720686.4,299671827974254.0,98.0,259827080847470.2,39844747126783.79,199776633956737.56,1.9844674545084815,3.1260971162151407,3.255127118199433,98.0,3.1906121172072868,0.06451500099214583,0.32347023553482956,1.9844674545084815,0.9827638085821612,0.9910668342542405,98.0,0.9869153214182008,0.004151512836039663,0.020815171886350962,1.9844674545084815,99.0,0.13131313131313133,0.030092406488812097,0.047551568774413265,98.0,0.03882198763161268,0.008729581142800582,0.043769040145033564,1.9844674545084815,QuantileRegressor,"{'mode': 'original', 'type': 'QuantileRegressor'}",4,"['edges_T2W20', 'pe_T2W20', 'lcc_T2W20', 'density_T2W20']",0.21471606716273534,0.2625992488193545,98.0,0.2386576579910449,0.023941590828309572,0.12004017523389061,1.9844674545084815,1.290733708360081,1.3221614919674411,98.0,1.306447600163761,0.015713891803680206,0.07878750995484096,1.9844674545084815,completed,True,COMPLETE
191,0.9909628284302954,2026-06-10 19:55:05.586698,2026-06-10 19:55:07.644868,0 days 00:00:02.058170,,,,,,,,,,,,,,0.004744438352081464,QuantileRegressor,,,,,,2,,,,,,,,False,0.011730733665076805,0.021193285164395684,98.0,0.016462009414736245,0.0047312757496594405,0.0237220314281462,1.9844674545084815,0.9795595933577081,1.0023660635028826,98.0,0.9909628284302954,0.011403235072587191,0.05717441026216315,1.9844674545084815,220815506251491.94,300253111470079.7,98.0,260534308860785.8,39718802609293.89,199145163723299.3,1.9844674545084815,3.1071711010388094,3.2168541020204993,98.0,3.1620126015296544,0.05484150049084478,0.27496850047350513,1.9844674545084815,0.9949329285802855,0.9991788638580936,98.0,0.9970558962191896,0.002122967638904048,0.01064429716544088,1.9844674545084815,99.0,0.12121212121212122,0.033382896669015484,0.048630682578717534,98.0,0.04100678962386651,0.007623892954851023,0.03822525632601658,1.9844674545084815,QuantileRegressor,"{'mode': 'original', 'type': 'QuantileRegressor'}",2,"['nodes_T2W20', 'edges_T2W20']",0.23173384881274914,0.28336540149484524,97.0,0.2575496251537972,0.025815776341048063,0.1287651340871189,1.9847231860139845,1.289701703299527,1.3202955689358715,98.0,1.3049986361176993,0.015296932818172241,0.07669692917244209,1.9844674545084815,completed,False,COMPLETE
192,0.9914544769670073,2026-06-10 19:55:07.657295,2026-06-10 19:55:09.884942,0 days 00:00:02.227647,,,,,,,,,,,,,,0.0043967984555435356,QuantileRegressor,,,,,,2,,,,,,,,False,0.011256495661008762,0.020714458382012524,98.0,0.015985477021510642,0.00472898136050188,0.02371052764468823,1.9844674545084815,0.9800024464919821,1.0029065074420325,98.0,0.9914544769670073,0.011452030475025176,0.057419064374802056,1.9844674545084815,221234353211749.44,300779267053138.56,98.0,261006810132444.0,39772456920694.555,199414179804510.3,1.9844674545084815,3.1073246077256784,3.2169333257086934,98.0,3.162128966717186,0.0548043589915073,0.2747822775896168,1.9844674545084815,0.992188889531494,0.9970303311806193,98.0,0.9946096103560567,0.0024207208245627053,0.012137194811183413,1.9844674545084815,99.0,0.12121212121212122,0.03275108527573458,0.04803539827595308,98.0,0.04039324177584383,0.007642156500109248,0.0383168274830425,1.9844674545084815,QuantileRegressor,"{'mode': 'original', 'type': 'QuantileRegressor'}",2,"['edges_T2W20', 'lcc_T2W20']",0.21902451687896607,0.27175767980561466,97.0,0.24539109834229036,0.026366581463324306,0.1315124655827439,1.9847231860139845,1.2900750938564285,1.320781757236955,98.0,1.3054284255466917,0.0153533316902631,0.07697970614149692,1.9844674545084815,completed,False,COMPLETE
