number,value,datetime_start,datetime_complete,duration,params_dt_max_depth,params_dt_min_samples_leaf,params_dt_min_samples_split,params_elastic_alpha,params_elastic_l1_ratio,params_et_max_depth,params_et_max_features,params_et_min_samples_leaf,params_et_min_samples_split,params_et_n_estimators,params_knn_metric,params_knn_n_neighbors,params_knn_weights,params_quantile_alpha,params_regressor,params_rf_max_depth,params_rf_max_features,params_rf_min_samples_leaf,params_rf_min_samples_split,params_rf_n_estimators,params_rfe_n_features,params_rfe_proxy_et_max_depth,params_rfe_proxy_et_min_samples_leaf,params_rfe_proxy_et_min_samples_split,params_rfe_proxy_et_n_estimators,params_rfe_proxy_lsvr_C,params_rfe_proxy_lsvr_epsilon,params_rfe_proxy_type,params_use_scaler,user_attrs_d2mae_ci_lower_val,user_attrs_d2mae_ci_upper_val,user_attrs_d2mae_df_val,user_attrs_d2mae_mean_val,user_attrs_d2mae_samperror_val,user_attrs_d2mae_std_val,user_attrs_d2mae_t_critical_val,user_attrs_mae_ci_lower_val,user_attrs_mae_ci_upper_val,user_attrs_mae_df_val,user_attrs_mae_mean_val,user_attrs_mae_samperror_val,user_attrs_mae_std_val,user_attrs_mae_t_critical_val,user_attrs_mape_ci_lower_val,user_attrs_mape_ci_upper_val,user_attrs_mape_df_val,user_attrs_mape_mean_val,user_attrs_mape_samperror_val,user_attrs_mape_std_val,user_attrs_mape_t_critical_val,user_attrs_max_error_ci_lower_val,user_attrs_max_error_ci_upper_val,user_attrs_max_error_df_val,user_attrs_max_error_mean_val,user_attrs_max_error_samperror_val,user_attrs_max_error_std_val,user_attrs_max_error_t_critical_val,user_attrs_median_ae_ci_lower_val,user_attrs_median_ae_ci_upper_val,user_attrs_median_ae_df_val,user_attrs_median_ae_mean_val,user_attrs_median_ae_samperror_val,user_attrs_median_ae_std_val,user_attrs_median_ae_t_critical_val,user_attrs_n_splits_val,user_attrs_r2_below_zero_val,user_attrs_r2_ci_lower_val,user_attrs_r2_ci_upper_val,user_attrs_r2_df_val,user_attrs_r2_mean_val,user_attrs_r2_samperror_val,user_attrs_r2_std_val,user_attrs_r2_t_critical_val,user_attrs_regressor_final,user_attrs_rfe_estimator,user_attrs_rfe_n_features,user_attrs_rfe_selected_features,user_attrs_rho_ci_lower_val,user_attrs_rho_ci_upper_val,user_attrs_rho_df_val,user_attrs_rho_mean_val,user_attrs_rho_samperror_val,user_attrs_rho_std_val,user_attrs_rho_t_critical_val,user_attrs_rmse_ci_lower_val,user_attrs_rmse_ci_upper_val,user_attrs_rmse_df_val,user_attrs_rmse_mean_val,user_attrs_rmse_samperror_val,user_attrs_rmse_std_val,user_attrs_rmse_t_critical_val,user_attrs_termination_reason,user_attrs_use_scaler_final,state
208,1.0182952239467782,2026-06-10 19:55:41.452368,2026-06-10 19:55:43.110627,0 days 00:00:01.658259,,,,0.0012438243157799952,0.257445553108674,,,,,,,,,,ElasticNet,,,,,,3,,,,,,,,False,-0.01832655070512685,-0.003013201759764366,98.0,-0.010669876232445608,0.007656674472681242,0.038389618801885114,1.9844674545084815,1.0051310250599814,1.031459422833575,98.0,1.0182952239467782,0.013164198886796662,0.06600366502447798,1.9844674545084815,222081152994280.16,303605375676791.4,98.0,262843264335535.75,40762111341255.6,204376184665301.38,1.9844674545084815,3.1401066480462676,3.289074575305632,98.0,3.2145906116759497,0.07448396362968213,0.37345338120345256,1.9844674545084815,0.9033596675118198,0.9241757501336245,98.0,0.9137677088227222,0.010408041310902364,0.05218463183010245,1.9844674545084815,99.0,0.1919191919191919,0.027312878505170772,0.051630873844351395,98.0,0.039471876174761084,0.012158997669590312,0.060963710448189275,1.9844674545084815,ElasticNet,"{'mode': 'original', 'type': 'ElasticNet'}",3,"['edges_T2W20', 'l2_T2W20', 'atd_T2W20']",0.1755187119870673,0.22864601112434213,98.0,0.20208236155570472,0.026563649568637396,0.1331868534525464,1.9844674545084815,1.2889986528532773,1.322324703754948,98.0,1.3056616783041126,0.01666302545083532,0.0835463486695249,1.9844674545084815,completed,False,COMPLETE
209,0.9906781415755931,2026-06-10 19:55:43.123093,2026-06-10 19:55:45.275963,0 days 00:00:02.152870,,,,,,,,,,,,,,0.00883014291854213,QuantileRegressor,,,,,,3,,,,,,,,False,0.012181374958830211,0.02136346972505685,98.0,0.01677242234194353,0.00459104738311332,0.02301894374221622,1.9844674545084815,0.9792309039148013,1.002125379236385,98.0,0.9906781415755931,0.011447237660791844,0.05739503379702807,1.9844674545084815,223094948624528.97,303454909920543.06,98.0,263274929272536.03,40179980648007.055,201457453369302.72,1.9844674545084815,3.0950807376729252,3.1988680424091878,98.0,3.1469743900410565,0.051893652368131205,0.2601883545863315,1.9844674545084815,0.9949704718198261,0.9992241667196301,98.0,0.9970973192697281,0.002126847449902003,0.010663750057916104,1.9844674545084815,99.0,0.1414141414141414,0.03210851076876636,0.046710140498616604,98.0,0.03940932563369148,0.007300814864925118,0.03660538274255034,1.9844674545084815,QuantileRegressor,"{'mode': 'original', 'type': 'QuantileRegressor'}",3,"['edges_T2W20', 'diameter_T2W20', 'asp_T2W20']",0.22270188363254537,0.27902226282101633,97.0,0.25086207322678084,0.028160189594235472,0.14045870792794493,1.9847231860139845,1.2908064521565683,1.3214528261851999,98.0,1.306129639170884,0.015323187014315728,0.0768285644646952,1.9844674545084815,completed,False,COMPLETE
210,1.0075757575757578,2026-06-10 19:55:45.288372,2026-06-10 19:55:47.417459,0 days 00:00:02.129087,,,,,,,,,,,,,,0.013882049864343117,QuantileRegressor,,,,,,3,,,,,,,,False,-2.5130851678390166e-16,-1.5689469631060033e-16,98.0,-2.04101606547251e-16,4.7206910236650675e-17,2.366896092116615e-16,1.9844674545084815,0.9969166374215648,1.0182348777299508,98.0,1.0075757575757578,0.010659120154193034,0.053443510096056954,1.9844674545084815,243249413827922.2,331073265925134.3,98.0,287161339876528.25,43911926048606.08,220168966027914.5,1.9844674545084815,2.969853864095874,3.009944115702106,98.0,2.98989898989899,0.020045125803115956,0.10050378152592111,1.9844674545084815,0.9999999999999996,0.9999999999999998,98.0,0.9999999999999997,1.00903395811718e-16,5.059171465168871e-16,1.9844674545084815,99.0,0.8787878787878788,-0.003094890260081804,-0.0016582379893588504,98.0,-0.0023765641247203272,0.0007183261353614769,0.0036015983976267533,1.9844674545084815,QuantileRegressor,"{'mode': 'original', 'type': 'QuantileRegressor'}",3,"['density_T2W20', 'diameter_T2W20', 'asp_T2W20']",,,,,,,,1.3196611267084086,1.3492364416432259,98.0,1.3344487841758172,0.014787657467408713,0.07414348555266105,1.9844674545084815,completed,False,COMPLETE
211,0.991034179238688,2026-06-10 19:55:47.429766,2026-06-10 19:55:49.659378,0 days 00:00:02.229612,,,,,,,,,,,,,,0.00900366696418723,QuantileRegressor,,,,,,3,,,,,,,,False,0.011828924901101066,0.0209701479420928,98.0,0.016399536421596934,0.0045706115204958665,0.0229164808546309,1.9844674545084815,0.9796587151490153,1.0024096433283607,98.0,0.991034179238688,0.011375464089672733,0.057035169988641846,1.9844674545084815,223122163565433.47,303489563963030.3,98.0,263305863764231.88,40183700198798.414,201476102736923.6,1.9844674545084815,3.094130810972937,3.197020126805158,98.0,3.1455754688890476,0.05144465791611071,0.25793715193709676,1.9844674545084815,0.9949704718198257,0.9992241667196297,98.0,0.9970973192697277,0.0021268474499020248,0.010663750057916211,1.9844674545084815,99.0,0.15151515151515152,0.03127572880172713,0.04577361132449498,98.0,0.038524670063111055,0.007248941261383924,0.03634529491030256,1.9844674545084815,QuantileRegressor,"{'mode': 'original', 'type': 'QuantileRegressor'}",3,"['edges_T2W20', 'diameter_T2W20', 'asp_T2W20']",0.22770620812831277,0.28130888920085007,96.0,0.2545075486645814,0.026801340536268637,0.1329796866942327,1.984984311522457,1.2915095005786765,1.3218784415374547,98.0,1.3066939710580656,0.015184470479389037,0.07613305691551644,1.9844674545084815,completed,False,COMPLETE
212,0.9899239763132568,2026-06-10 19:55:49.672693,2026-06-10 19:55:51.923321,0 days 00:00:02.250628,,,,,,,,,,,,,,0.007348505009457336,QuantileRegressor,,,,,,3,,,,,,,,False,0.01285893928881712,0.022234396806565613,98.0,0.017546668047691366,0.004687728758874248,0.023503692202392578,1.9844674545084815,0.9783515583421033,1.0014963942844104,98.0,0.9899239763132568,0.011572417971153492,0.05802267239044505,1.9844674545084815,222349831888777.72,302750231859977.8,98.0,262550031874377.75,40200199985600.04,201558830627195.9,1.9844674545084815,3.099752352040947,3.2044087794097944,98.0,3.1520805657253708,0.052328213684423676,0.2623671912781664,1.9844674545084815,0.994745437420535,0.9990411182729088,98.0,0.9968932778467219,0.0021478404261868474,0.010769006244523965,1.9844674545084815,99.0,0.12121212121212122,0.03349973067448178,0.048206599326126115,98.0,0.04085316500030395,0.007353434325822164,0.036869210211330126,1.9844674545084815,QuantileRegressor,"{'mode': 'original', 'type': 'QuantileRegressor'}",3,"['edges_T2W20', 'diameter_T2W20', 'asp_T2W20']",0.22432621235815553,0.28170171640868746,97.0,0.2530139643834215,0.028687752025265974,0.14309010844341016,1.9847231860139845,1.2897272470131,1.32063240186627,98.0,1.305179824439685,0.015452577426585056,0.07747731198835724,1.9844674545084815,completed,False,COMPLETE
213,0.9902814805940142,2026-06-10 19:55:51.935789,2026-06-10 19:55:54.114828,0 days 00:00:02.179039,,,,,,,,,,,,,,0.007846831851973653,QuantileRegressor,,,,,,3,,,,,,,,False,0.012501240905780987,0.021862517399282605,98.0,0.017181879152531797,0.00468063824675081,0.02346814125158487,1.9844674545084815,0.9787454866368676,1.001817474551161,98.0,0.9902814805940142,0.011535993957146662,0.05784004688926358,1.9844674545084815,223029321398976.0,303411099381735.0,98.0,263220210390355.5,40190888991379.51,201512146453790.3,1.9844674545084815,3.0995968565562317,3.2041474078109764,98.0,3.151872132183604,0.05227527562737253,0.262101766407675,1.9844674545084815,0.9947454374205352,0.999041118272909,98.0,0.9968932778467221,0.0021478404261868586,0.010769006244524022,1.9844674545084815,99.0,0.13131313131313133,0.03248164079018059,0.047068547871558335,98.0,0.03977509433086946,0.007293453540688877,0.03656847397330402,1.9844674545084815,QuantileRegressor,"{'mode': 'original', 'type': 'QuantileRegressor'}",3,"['edges_T2W20', 'diameter_T2W20', 'asp_T2W20']",0.22063995284335447,0.2777888111550195,97.0,0.249214381999187,0.028574429155832526,0.1425248713463358,1.9847231860139845,1.2905431551195627,1.3212339252978669,98.0,1.3058885402087148,0.01534538508915203,0.07693986286638929,1.9844674545084815,completed,False,COMPLETE
214,0.9910255734010088,2026-06-10 19:55:54.127184,2026-06-10 19:55:56.330277,0 days 00:00:02.203093,,,,,,,,,,,,,,0.00886214154164737,QuantileRegressor,,,,,,3,,,,,,,,False,0.011837117514966893,0.020977254595212113,98.0,0.016407186055089503,0.00457006854012261,0.022913758418197098,1.9844674545084815,0.9796538978400794,1.0023972489619384,98.0,0.9910255734010088,0.011371675560929459,0.05701617477410148,1.9844674545084815,223113389872439.5,303473751719185.4,98.0,263293570795812.44,40180180923372.93,201458457525216.47,1.9844674545084815,3.0941308109729375,3.1970201268051595,98.0,3.1455754688890485,0.051444657916110866,0.25793715193709754,1.9844674545084815,0.9949704718198258,0.9992241667196298,98.0,0.9970973192697278,0.0021268474499019975,0.010663750057916076,1.9844674545084815,99.0,0.15151515151515152,0.03130710076127746,0.0458054677565176,98.0,0.03855628425889753,0.007249183497620072,0.03634650945282999,1.9844674545084815,QuantileRegressor,"{'mode': 'original', 'type': 'QuantileRegressor'}",3,"['edges_T2W20', 'diameter_T2W20', 'asp_T2W20']",0.21092693003757343,0.2718440657013351,96.0,0.24138549786945426,0.030458567831880837,0.1511256797755107,1.984984311522457,1.2914947334308304,1.3218454316040407,98.0,1.3066700825174355,0.015175349086605073,0.07608732338026325,1.9844674545084815,completed,False,COMPLETE
215,0.9903178524906029,2026-06-10 19:55:56.342838,2026-06-10 19:55:58.654854,0 days 00:00:02.312016,,,,,,,,,,,,,,0.007932227333424505,QuantileRegressor,,,,,,3,,,,,,,,False,0.012475176099716859,0.021812954437522923,98.0,0.01714406526861989,0.004668889168903031,0.023409232828422933,1.9844674545084815,0.9787919025407154,1.0018438024404903,98.0,0.9903178524906029,0.011525949949887536,0.05778968747914409,1.9844674545084815,223035233526070.22,303417151916894.44,98.0,263226192721482.34,40190959195412.12,201512498448126.75,1.9844674545084815,3.0995860115260423,3.204138686719903,98.0,3.1518623491229727,0.05227633759693033,0.2621070909916898,1.9844674545084815,0.994745437420535,0.9990411182729088,98.0,0.9968932778467219,0.0021478404261868677,0.010769006244524069,1.9844674545084815,99.0,0.13131313131313133,0.03243467189434901,0.046999016299144394,98.0,0.0397168440967467,0.007282172202397691,0.03651191073842718,1.9844674545084815,QuantileRegressor,"{'mode': 'original', 'type': 'QuantileRegressor'}",3,"['edges_T2W20', 'diameter_T2W20', 'asp_T2W20']",0.23361403125004238,0.28455166528416803,96.0,0.2590828482671052,0.02546881701706283,0.1263681308335513,1.984984311522457,1.290590038899978,1.3212639881182888,98.0,1.3059270135091334,0.01533697460915545,0.07689769375992386,1.9844674545084815,completed,False,COMPLETE
216,1.014271549895455,2026-06-10 19:55:58.667375,2026-06-10 19:56:00.239625,0 days 00:00:01.572250,,,,,,,,,,,,,,,LinearRegression,,,,,,3,,,,,,,,False,-0.015020789143031265,0.0011723120294540087,98.0,-0.006924238556788628,0.008096550586242637,0.04059510322987376,1.9844674545084815,1.0017040911506458,1.0268390086402643,98.0,1.014271549895455,0.012567458744809287,0.06301168375945028,1.9844674545084815,214941427375485.2,293603108984145.6,98.0,254272268179815.4,39330840804330.2,197199971217677.28,1.9844674545084815,3.114579846305049,3.2586974563470594,98.0,3.1866386513260543,0.07205880502100497,0.36129393589159986,1.9844674545084815,0.8918016020601347,0.9129749680037309,98.0,0.9023882850319328,0.010586682971798149,0.053080319022811746,1.9844674545084815,99.0,0.1717171717171717,0.03950301207226866,0.06392522567360176,98.0,0.05171411887293521,0.012211106800666546,0.06122497918636688,1.9844674545084815,LinearRegression,"{'mode': 'original', 'type': 'LinearRegression'}",3,"['edges_T2W20', 'atd_T2W20', 'density_T2W20']",0.18175944629765747,0.22873309555780844,98.0,0.20524627092773295,0.02348682463007547,0.11776003376301052,1.9844674545084815,1.2810126503683672,1.313304740551012,98.0,1.2971586954596896,0.016146045091322555,0.0809542730888575,1.9844674545084815,completed,False,COMPLETE
217,1.0075757575757578,2026-06-10 19:56:00.252202,2026-06-10 19:56:02.695420,0 days 00:00:02.443218,,,,,,,,,,,,,,0.011748504461899803,QuantileRegressor,,,,,,3,,,,,,,,False,-1.9215638437483435e-16,-1.0838883845298582e-16,98.0,-1.5027261141391008e-16,4.1883772960924266e-17,2.1000005729530837e-16,1.9844674545084815,0.9969166374215648,1.0182348777299508,98.0,1.0075757575757578,0.010659120154193033,0.05344351009605694,1.9844674545084815,243249413827922.2,331073265925134.3,98.0,287161339876528.25,43911926048606.08,220168966027914.5,1.9844674545084815,2.969853864095874,3.009944115702106,98.0,2.98989898989899,0.020045125803115984,0.10050378152592125,1.9844674545084815,0.9999999999999996,0.9999999999999998,98.0,0.9999999999999997,9.539814390419966e-17,4.783144943613005e-16,1.9844674545084815,99.0,0.8888888888888888,-0.0030948902600818123,-0.0016582379893588474,98.0,-0.00237656412472033,0.0007183261353614825,0.0036015983976267815,1.9844674545084815,QuantileRegressor,"{'mode': 'original', 'type': 'QuantileRegressor'}",3,"['density_T2W20', 'diameter_T2W20', 'asp_T2W20']",,,,,,,,1.3196611267084086,1.3492364416432259,98.0,1.3344487841758172,0.014787657467408713,0.07414348555266105,1.9844674545084815,completed,False,COMPLETE
218,0.9902814805940141,2026-06-10 19:56:02.708647,2026-06-10 19:56:04.863166,0 days 00:00:02.154519,,,,,,,,,,,,,,0.007832244790765806,QuantileRegressor,,,,,,3,,,,,,,,False,0.012501240905781062,0.021862517399282685,98.0,0.017181879152531873,0.004680638246750812,0.02346814125158488,1.9844674545084815,0.9787454866368674,1.0018174745511608,98.0,0.9902814805940141,0.01153599395714667,0.05784004688926363,1.9844674545084815,223029321398976.0,303411099381735.0,98.0,263220210390355.5,40190888991379.51,201512146453790.3,1.9844674545084815,3.099596856556231,3.2041474078109764,98.0,3.1518721321836036,0.05227527562737259,0.2621017664076753,1.9844674545084815,0.9947454374205352,0.999041118272909,98.0,0.9968932778467221,0.002147840426186864,0.01076900624452405,1.9844674545084815,99.0,0.13131313131313133,0.032481640790180594,0.04706854787155834,98.0,0.03977509433086947,0.007293453540688875,0.03656847397330401,1.9844674545084815,QuantileRegressor,"{'mode': 'original', 'type': 'QuantileRegressor'}",3,"['edges_T2W20', 'diameter_T2W20', 'asp_T2W20']",0.2248472900329963,0.28061781003521935,96.0,0.25273255003410783,0.027885260001111536,0.1383577486848833,1.984984311522457,1.2905431551195627,1.3212339252978669,98.0,1.3058885402087148,0.01534538508915203,0.07693986286638929,1.9844674545084815,completed,False,COMPLETE
219,0.9903189759499096,2026-06-10 19:56:04.875528,2026-06-10 19:56:07.080377,0 days 00:00:02.204849,,,,,,,,,,,,,,0.008119985430660474,QuantileRegressor,,,,,,3,,,,,,,,False,0.012473849235764691,0.02181212425960601,98.0,0.01714298674768535,0.004669137511920659,0.02341047798959739,1.9844674545084815,0.978792785665345,1.0018451662344743,98.0,0.9903189759499096,0.011526190284564619,0.05779089248748956,1.9844674545084815,223065872962420.94,303450670612322.56,98.0,263258271787371.75,40192398824950.8,201519716572575.3,1.9844674545084815,3.0992596338464713,3.2035992635336736,98.0,3.1514294486900725,0.052169814843601205,0.26157299908160225,1.9844674545084815,0.9947454374205352,0.999041118272909,98.0,0.9968932778467221,0.0021478404261868985,0.010769006244524221,1.9844674545084815,99.0,0.13131313131313133,0.03243687509660405,0.0469985797942431,98.0,0.039717727445423574,0.007280852348819524,0.036505293155830336,1.9844674545084815,QuantileRegressor,"{'mode': 'original', 'type': 'QuantileRegressor'}",3,"['edges_T2W20', 'diameter_T2W20', 'asp_T2W20']",0.22775338204606818,0.28042331855701236,96.0,0.25408835030154026,0.02633496825547208,0.1306656964779868,1.984984311522457,1.2905901242406144,1.3212626492053559,98.0,1.305926386722985,0.015336262482370723,0.07689412324430356,1.9844674545084815,completed,False,COMPLETE
220,1.0075757575757578,2026-06-10 19:56:07.092678,2026-06-10 19:56:09.229693,0 days 00:00:02.137015,,,,,,,,,,,,,,0.017556863566362355,QuantileRegressor,,,,,,2,,,,,,,,False,-1.7346420255160811e-16,-8.670927392620635e-17,98.0,-1.3008673823890723e-16,4.337746431270089e-17,2.1748924098817297e-16,1.9844674545084815,0.9969166374215648,1.0182348777299508,98.0,1.0075757575757578,0.010659120154193034,0.053443510096056954,1.9844674545084815,243249413827922.2,331073265925134.3,98.0,287161339876528.25,43911926048606.07,220168966027914.47,1.9844674545084815,2.969853864095874,3.009944115702106,98.0,2.98989898989899,0.020045125803115987,0.10050378152592127,1.9844674545084815,0.9999999999999999,1.0,98.0,1.0,8.440702046951966e-17,4.2320636088020276e-16,1.9844674545084815,99.0,0.8787878787878788,-0.003094890260081806,-0.00165823798935884,98.0,-0.002376564124720323,0.0007183261353614829,0.003601598397626783,1.9844674545084815,QuantileRegressor,"{'mode': 'original', 'type': 'QuantileRegressor'}",2,"['diameter_T2W20', 'asp_T2W20']",,,,,,,,1.3196611267084086,1.3492364416432259,98.0,1.3344487841758172,0.014787657467408713,0.07414348555266105,1.9844674545084815,completed,False,COMPLETE
221,0.9902191598357074,2026-06-10 19:56:09.242193,2026-06-10 19:56:11.501139,0 days 00:00:02.258946,,,,,,,,,,,,,,0.00840578169275879,QuantileRegressor,,,,,,3,,,,,,,,False,0.012603927517156374,0.021874706124245136,98.0,0.017239316820700755,0.00463538930354438,0.023241268646894558,1.9844674545084815,0.9787164337894081,1.0017218858820067,98.0,0.9902191598357074,0.011502726046299332,0.05767324569896603,1.9844674545084815,223118003447381.8,303500400767683.56,98.0,263309202107532.7,40191198660150.86,201513699094708.94,1.9844674545084815,3.0992510721144377,3.2035923862187126,98.0,3.151421729166575,0.052170657052137415,0.26157722181103554,1.9844674545084815,0.9947541921975186,0.9990454480741445,98.0,0.9968998201358316,0.0021456279383129996,0.010757913103972689,1.9844674545084815,99.0,0.13131313131313133,0.03242577894532209,0.04695327874163245,98.0,0.03968952884347727,0.007263749898155182,0.03641954358348993,1.9844674545084815,QuantileRegressor,"{'mode': 'original', 'type': 'QuantileRegressor'}",3,"['edges_T2W20', 'diameter_T2W20', 'asp_T2W20']",0.23552637622106287,0.2862826192338226,97.0,0.26090449772744273,0.02537812150637987,0.12658217887688492,1.9847231860139845,1.2906187319913303,1.321270410193087,98.0,1.3059445710922086,0.015325839100878428,0.07684186169870129,1.9844674545084815,completed,False,COMPLETE
