number,value,datetime_start,datetime_complete,duration,params_dt_max_depth,params_dt_min_samples_leaf,params_dt_min_samples_split,params_elastic_alpha,params_elastic_l1_ratio,params_et_max_depth,params_et_max_features,params_et_min_samples_leaf,params_et_min_samples_split,params_et_n_estimators,params_knn_metric,params_knn_n_neighbors,params_knn_weights,params_quantile_alpha,params_regressor,params_rf_max_depth,params_rf_max_features,params_rf_min_samples_leaf,params_rf_min_samples_split,params_rf_n_estimators,params_rfe_n_features,params_rfe_proxy_et_max_depth,params_rfe_proxy_et_min_samples_leaf,params_rfe_proxy_et_min_samples_split,params_rfe_proxy_et_n_estimators,params_rfe_proxy_lsvr_C,params_rfe_proxy_lsvr_epsilon,params_rfe_proxy_type,params_use_scaler,user_attrs_d2mae_ci_lower_val,user_attrs_d2mae_ci_upper_val,user_attrs_d2mae_df_val,user_attrs_d2mae_mean_val,user_attrs_d2mae_samperror_val,user_attrs_d2mae_std_val,user_attrs_d2mae_t_critical_val,user_attrs_mae_ci_lower_val,user_attrs_mae_ci_upper_val,user_attrs_mae_df_val,user_attrs_mae_mean_val,user_attrs_mae_samperror_val,user_attrs_mae_std_val,user_attrs_mae_t_critical_val,user_attrs_mape_ci_lower_val,user_attrs_mape_ci_upper_val,user_attrs_mape_df_val,user_attrs_mape_mean_val,user_attrs_mape_samperror_val,user_attrs_mape_std_val,user_attrs_mape_t_critical_val,user_attrs_max_error_ci_lower_val,user_attrs_max_error_ci_upper_val,user_attrs_max_error_df_val,user_attrs_max_error_mean_val,user_attrs_max_error_samperror_val,user_attrs_max_error_std_val,user_attrs_max_error_t_critical_val,user_attrs_median_ae_ci_lower_val,user_attrs_median_ae_ci_upper_val,user_attrs_median_ae_df_val,user_attrs_median_ae_mean_val,user_attrs_median_ae_samperror_val,user_attrs_median_ae_std_val,user_attrs_median_ae_t_critical_val,user_attrs_n_splits_val,user_attrs_r2_below_zero_val,user_attrs_r2_ci_lower_val,user_attrs_r2_ci_upper_val,user_attrs_r2_df_val,user_attrs_r2_mean_val,user_attrs_r2_samperror_val,user_attrs_r2_std_val,user_attrs_r2_t_critical_val,user_attrs_regressor_final,user_attrs_rfe_estimator,user_attrs_rfe_n_features,user_attrs_rfe_selected_features,user_attrs_rho_ci_lower_val,user_attrs_rho_ci_upper_val,user_attrs_rho_df_val,user_attrs_rho_mean_val,user_attrs_rho_samperror_val,user_attrs_rho_std_val,user_attrs_rho_t_critical_val,user_attrs_rmse_ci_lower_val,user_attrs_rmse_ci_upper_val,user_attrs_rmse_df_val,user_attrs_rmse_mean_val,user_attrs_rmse_samperror_val,user_attrs_rmse_std_val,user_attrs_rmse_t_critical_val,user_attrs_termination_reason,user_attrs_use_scaler_final,state
75,1.0141161467218052,2026-06-10 19:49:39.819329,2026-06-10 19:49:42.104081,0 days 00:00:02.284752,,,,,,,,,,,,,,0.01097200402420666,QuantileRegressor,,,,,,9,,,,,,,,False,-0.010065128624458467,-0.003279555324844855,98.0,-0.006672341974651661,0.0033927866498068057,0.01701101263047396,1.9844674545084815,1.0035458303620997,1.0246864630815107,98.0,1.0141161467218052,0.010570316359705494,0.0529982588540587,1.9844674545084815,242359397693745.7,329550876925235.8,98.0,285955137309490.75,43595739615745.055,218583646360587.5,1.9844674545084815,2.9892366245626727,3.0283633938806087,98.0,3.0088000092216407,0.019563384658968,0.09808839101258408,1.9844674545084815,0.9969213859175915,1.0013713724527051,98.0,0.9991463791851484,0.0022249932675568636,0.011155841048621369,1.9844674545084815,99.0,0.8787878787878788,-0.007819004091425271,-0.0029068697759632987,98.0,-0.005362936933694285,0.002456067157730986,0.012314416953931706,1.9844674545084815,QuantileRegressor,"{'mode': 'original', 'type': 'QuantileRegressor'}",9,"['l1_T2W20', 'l2_T2W20', 'l3_T2W20', 'lcc_T2W20', 'lsc_T2W20', 'atd_T2W20', 'density_T2W20', 'diameter_T2W20', 'asp_T2W20']",-0.10967587448576727,0.02075974981973982,22.0,-0.04445806233301373,0.06521781215275355,0.1508161922946276,2.0738730679040254,1.3217751055783142,1.3508558954848446,98.0,1.3363155005315794,0.014540394953265309,0.07290374188903408,1.9844674545084815,completed,False,COMPLETE
76,1.0528601336738526,2026-06-10 19:49:42.116095,2026-06-10 19:49:43.899981,0 days 00:00:01.783886,,,,,,,,,,,,,,,LinearRegression,,,,,,10,,,,,,,,False,-0.05734086339254798,-0.03231694623991709,98.0,-0.044828904816232536,0.012511958576315442,0.06273341277907607,1.9844674545084815,1.0357977192715555,1.0699225480761496,98.0,1.0528601336738526,0.01706241440229712,0.08554883547433925,1.9844674545084815,238149411428975.56,324711284640790.25,98.0,281430348034882.9,43280936605907.33,217005263005192.66,1.9844674545084815,3.221028689631116,3.4242127016775337,98.0,3.322620695654325,0.10159200602320859,0.509369752947594,1.9844674545084815,0.9149095901094142,0.9449439356197711,98.0,0.9299267628645926,0.015017172755178396,0.0752942468182889,1.9844674545084815,99.0,0.45454545454545453,-0.03767640717002657,0.007094007440644676,98.0,-0.01529119986469095,0.022385207305335626,0.1122366607486285,1.9844674545084815,LinearRegression,"{'mode': 'original', 'type': 'LinearRegression'}",10,"['nodes_T2W20', 'edges_T2W20', 're_T2W20', 'pe_T2W20', 'l2_T2W20', 'lsc_T2W20', 'atd_T2W20', 'density_T2W20', 'diameter_T2W20', 'asp_T2W20']",0.1250539715210214,0.17760156761001947,98.0,0.15132776956552044,0.026273798044499034,0.13173357376036166,1.9844674545084815,1.3199287570398046,1.3629037159678021,98.0,1.3414162365038034,0.021487479463998843,0.10773556438626876,1.9844674545084815,completed,False,COMPLETE
77,1.0979531703996335,2026-06-10 19:49:43.912466,2026-06-10 19:49:47.625200,0 days 00:00:03.712734,,,,,,,,,,,,,,,RandomForestRegressor,10.0,log2,3.0,8.0,499.0,9,,,,,,,,True,,,,,,,,,,,,,,,,,,,,,,,,,,,,,,,,,,,,,,,,,,,,,RandomForestRegressor,"{'mode': 'original', 'type': 'RandomForestRegressor'}",9,"['re_T2W20', 'l1_T2W20', 'l2_T2W20', 'l3_T2W20', 'lcc_T2W20', 'lsc_T2W20', 'atd_T2W20', 'density_T2W20', 'diameter_T2W20']",,,,,,,,,,,,,,,pruned,True,PRUNED
78,0.9933331879812132,2026-06-10 19:49:47.635454,2026-06-10 19:49:49.874766,0 days 00:00:02.239312,,,,,,,,,,,,,,0.00933447333942763,QuantileRegressor,,,,,,9,,,,,,,,False,0.009548877185666894,0.018764714824162455,98.0,0.014156796004914676,0.0046079188192477815,0.02310353503627649,1.9844674545084815,0.9817859053713197,1.0048804705911065,98.0,0.9933331879812132,0.01154728260989344,0.05789664679791609,1.9844674545084815,223486517985099.34,304060020188236.5,98.0,263773269086667.9,40286751101568.57,201992787217718.97,1.9844674545084815,3.090924422178152,3.1916057880305786,98.0,3.1412651051043654,0.050340682926213264,0.2524019578812188,1.9844674545084815,0.9911514937197592,0.9968287508802469,98.0,0.993990122300003,0.002838628580243832,0.014232532609883336,1.9844674545084815,99.0,0.1717171717171717,0.030009441771400015,0.04452300244391587,98.0,0.03726622210765794,0.007256780336257925,0.03638459906215675,1.9844674545084815,QuantileRegressor,"{'mode': 'original', 'type': 'QuantileRegressor'}",9,"['edges_T2W20', 'l2_T2W20', 'l3_T2W20', 'lcc_T2W20', 'lsc_T2W20', 'atd_T2W20', 'density_T2W20', 'diameter_T2W20', 'asp_T2W20']",0.1975244678873111,0.2540772624390145,96.0,0.2258008651631628,0.02827639727585171,0.14029844684432788,1.984984311522457,1.2922950253009353,1.322848536133649,98.0,1.3075717807172922,0.015276755416356836,0.0765957621753509,1.9844674545084815,completed,False,COMPLETE
79,1.0117242831915736,2026-06-10 19:49:49.887144,2026-06-10 19:49:52.058608,0 days 00:00:02.171464,,,,,,,,,,,,,,0.01372262818772262,QuantileRegressor,,,,,,9,,,,,,,,False,-0.007139283440469063,-0.001359437361026095,98.0,-0.004249360400747579,0.002889923039721484,0.014489716685427066,1.9844674545084815,1.0011514511471975,1.0222971152359497,98.0,1.0117242831915736,0.010572832044376142,0.0530108721858487,1.9844674545084815,242647021966333.3,330037052826981.8,98.0,286342037396657.56,43695015430324.24,219081403016109.38,1.9844674545084815,2.984041865136568,3.0154120888335036,98.0,2.999726976985036,0.015685111848467874,0.07864321081901132,1.9844674545084815,0.9970080559112314,1.0001943328008511,98.0,0.9986011943560413,0.0015931384448098927,0.007987799117370945,1.9844674545084815,99.0,0.8888888888888888,-0.005772173296492159,-0.0020982332974599956,98.0,-0.003935203296976077,0.0018369699995160818,0.009210340374732728,1.9844674545084815,QuantileRegressor,"{'mode': 'original', 'type': 'QuantileRegressor'}",9,"['l1_T2W20', 'l2_T2W20', 'l3_T2W20', 'lcc_T2W20', 'lsc_T2W20', 'atd_T2W20', 'density_T2W20', 'diameter_T2W20', 'asp_T2W20']",-0.056925764647256516,0.09290729824552516,10.0,0.01799076679913432,0.07491653144639084,0.11151460564544315,2.228138851986274,1.3208108235446492,1.3499994780271214,98.0,1.3354051507858853,0.014594327241236129,0.07317415171038674,1.9844674545084815,completed,False,COMPLETE
80,1.0790987659686313,2026-06-10 19:49:52.070874,2026-06-10 19:49:53.770012,0 days 00:00:01.699138,,,,,,12.0,,3.0,7.0,271.0,,,,,ExtraTreesRegressor,,,,,,8,,,,,,,,False,,,,,,,,,,,,,,,,,,,,,,,,,,,,,,,,,,,,,,,,,,,,,ExtraTreesRegressor,"{'mode': 'original', 'type': 'ExtraTreesRegressor'}",8,"['edges_T2W20', 're_T2W20', 'l1_T2W20', 'l2_T2W20', 'l3_T2W20', 'lsc_T2W20', 'density_T2W20', 'diameter_T2W20']",,,,,,,,,,,,,,,pruned,False,PRUNED
81,0.9931189323241693,2026-06-10 19:49:53.779860,2026-06-10 19:49:55.981232,0 days 00:00:02.201372,,,,,,,,,,,,,,0.007096884012739771,QuantileRegressor,,,,,,9,,,,,,,,False,0.009625786020181649,0.019164074589314503,98.0,0.014394930304748076,0.004769144284566427,0.023911899578457674,1.9844674545084815,0.9814160455712132,1.0048218190771254,98.0,0.9931189323241693,0.011702886752956066,0.058676826725570286,1.9844674545084815,222821821449919.88,303386099584109.6,98.0,263103960517014.75,40282139067094.86,201969663047300.25,1.9844674545084815,3.0969003449446624,3.199346644297609,98.0,3.1481234946211356,0.05122314967647321,0.2568265370204641,1.9844674545084815,0.9881765868804089,0.994785574916671,98.0,0.9914810808985399,0.003304494018130995,0.016568324295591328,1.9844674545084815,99.0,0.13131313131313133,0.03164557211573783,0.0462822990974399,98.0,0.03896393560658887,0.007318363490851034,0.03669336938246777,1.9844674545084815,QuantileRegressor,"{'mode': 'original', 'type': 'QuantileRegressor'}",9,"['edges_T2W20', 'l2_T2W20', 'l3_T2W20', 'lcc_T2W20', 'lsc_T2W20', 'atd_T2W20', 'density_T2W20', 'diameter_T2W20', 'asp_T2W20']",0.1932941400112719,0.25003179485667326,97.0,0.2216629674339726,0.02836882742270069,0.1414993614261414,1.9847231860139845,1.290996033006804,1.321947732533116,98.0,1.30647188276996,0.01547584976315602,0.07759399660552048,1.9844674545084815,completed,False,COMPLETE
82,1.0155526221008746,2026-06-10 19:49:55.993739,2026-06-10 19:49:58.158230,0 days 00:00:02.164491,,,,,,,,,,,,,,0.012042191770177882,QuantileRegressor,,,,,,10,,,,,,,,False,-0.011734565511265335,-0.004492494100819849,98.0,-0.008113529806042592,0.003621035705222743,0.01815542516369215,1.9844674545084815,1.004955818951236,1.0261494252505132,98.0,1.0155526221008746,0.010596803149638574,0.05313106034280483,1.9844674545084815,239987529315310.94,326741972913975.8,98.0,283364751114643.4,43377221799332.445,217488025056138.47,1.9844674545084815,2.990701299831145,3.0339489073901587,98.0,3.0123251036106518,0.021623803779506772,0.10841907764315985,1.9844674545084815,0.999196364841117,1.0040730652173107,98.0,1.0016347150292138,0.00243835018809681,0.012225586259482396,1.9844674545084815,99.0,0.8787878787878788,-0.006972016845548013,-0.001672312618777433,98.0,-0.004322164732162723,0.0026498521133852897,0.013286030753584834,1.9844674545084815,QuantileRegressor,"{'mode': 'original', 'type': 'QuantileRegressor'}",10,"['pe_T2W20', 'l1_T2W20', 'l2_T2W20', 'l3_T2W20', 'lcc_T2W20', 'lsc_T2W20', 'atd_T2W20', 'density_T2W20', 'diameter_T2W20', 'asp_T2W20']",-0.07543240038560388,0.018284498757869888,27.0,-0.028573950813866995,0.04685844957173688,0.12084409837274988,2.0518305164802846,1.3211185999481347,1.3500793419486035,98.0,1.335598970948369,0.014480371000234282,0.07260278921250786,1.9844674545084815,completed,False,COMPLETE
83,0.9940024833198118,2026-06-10 19:49:58.170464,2026-06-10 19:50:00.493756,0 days 00:00:02.323292,,,,,,,,,,,,,,0.00571115596170589,QuantileRegressor,,,,,,9,,,,,,,,False,0.0083759559875637,0.018604089588174548,98.0,0.013490022787869125,0.005114066800305425,0.025641298411156175,1.9844674545084815,0.9822584055231887,1.005746561116435,98.0,0.9940024833198118,0.011744077796623066,0.05888335352386503,1.9844674545084815,222932216269699.7,303429357469152.0,98.0,263180786869425.84,40248570599726.17,201801354903778.5,1.9844674545084815,3.1118815011791296,3.2314369880760863,98.0,3.171659244627608,0.059777743448478395,0.2997182121313764,1.9844674545084815,0.9889515829668459,0.9958192940618932,98.0,0.9923854385143696,0.0034338555475236336,0.017216927004081974,1.9844674545084815,99.0,0.15151515151515152,0.029272298408728477,0.04609772200682739,98.0,0.03768501020777793,0.008412711799049457,0.042180296446968336,1.9844674545084815,QuantileRegressor,"{'mode': 'original', 'type': 'QuantileRegressor'}",9,"['nodes_T2W20', 'edges_T2W20', 'l3_T2W20', 'lcc_T2W20', 'lsc_T2W20', 'atd_T2W20', 'density_T2W20', 'diameter_T2W20', 'asp_T2W20']",0.20397470554025854,0.25527352112072493,98.0,0.22962411333049174,0.025649407790233197,0.12860295825223184,1.9844674545084815,1.291606718915783,1.3228934526627454,98.0,1.3072500857892642,0.015643366873481147,0.07843390667759163,1.9844674545084815,completed,False,COMPLETE
84,1.0080584894933973,2026-06-10 19:50:00.506021,2026-06-10 19:50:02.773046,0 days 00:00:02.267025,,,,,,,,,,,,,,0.025669445566794204,QuantileRegressor,,,,,,9,,,,,,,,False,-0.0014406976974469443,0.0004752338621678753,98.0,-0.0004827319176395345,0.0009579657798074098,0.0048031219354136585,1.9844674545084815,0.99737014891133,1.0187468300754645,98.0,1.0080584894933973,0.010688340582067232,0.053590017707333994,1.9844674545084815,242847440861551.7,330689232798805.56,98.0,286768336830178.6,43920895968626.93,220213940097468.12,1.9844674545084815,2.9712293783914894,3.0119420535306065,98.0,2.991585715961048,0.02035633756955866,0.10206415883111075,1.9844674545084815,0.999494963923381,1.0001665930650474,98.0,0.9998307784942142,0.0003358145708332109,0.0016837327234432,1.9844674545084815,99.0,0.8888888888888888,-0.0031421364170724363,-0.0017057727820691394,98.0,-0.002423954599570788,0.0007181818175016484,0.0036008748057273087,1.9844674545084815,QuantileRegressor,"{'mode': 'original', 'type': 'QuantileRegressor'}",9,"['l1_T2W20', 'l2_T2W20', 'l3_T2W20', 'lcc_T2W20', 'lsc_T2W20', 'atd_T2W20', 'density_T2W20', 'diameter_T2W20', 'asp_T2W20']",-0.011452397633210931,0.26443393590260006,2.0,0.12649076913469456,0.1379431667679055,0.055529597298657966,4.302652729749462,1.3196923213129381,1.3492686064554789,98.0,1.3344804638842085,0.01478814257127029,0.07414591780342367,1.9844674545084815,completed,False,COMPLETE
85,0.9940323945422239,2026-06-10 19:50:02.786232,2026-06-10 19:50:05.074077,0 days 00:00:02.287845,,,,,,,,,,,,,,0.00697873334223731,QuantileRegressor,,,,,,10,,,,,,,,False,0.008652834926992953,0.01831580240620434,98.0,0.013484318666598646,0.004831483739605694,0.024224461895663865,1.9844674545084815,0.9823109386720539,1.005753850412394,98.0,0.9940323945422239,0.011721455870170086,0.05876992998258835,1.9844674545084815,222807521772929.3,303549796560299.56,98.0,263178659166614.44,40371137393685.14,202415889649201.25,1.9844674545084815,3.0981107372243737,3.200525298895115,98.0,3.1493180180597444,0.051207280835370766,0.2567469726138899,1.9844674545084815,0.9873338206296282,0.9940639999673929,98.0,0.9906989102985105,0.003365089668882401,0.01687214339377796,1.9844674545084815,99.0,0.13131313131313133,0.030975634267267498,0.04567308783083034,98.0,0.03832436104904892,0.007348726781781422,0.03684560716775527,1.9844674545084815,QuantileRegressor,"{'mode': 'original', 'type': 'QuantileRegressor'}",10,"['edges_T2W20', 'l1_T2W20', 'l2_T2W20', 'l3_T2W20', 'lcc_T2W20', 'lsc_T2W20', 'atd_T2W20', 'density_T2W20', 'diameter_T2W20', 'asp_T2W20']",0.18573560059790387,0.24377504227756944,98.0,0.21475532143773665,0.029019720839832785,0.14550129103087986,1.9844674545084815,1.2914151992882201,1.322398574657256,98.0,1.306906886972738,0.015491687684518007,0.07767340598434028,1.9844674545084815,completed,False,COMPLETE
86,0.9932233808187453,2026-06-10 19:50:05.086280,2026-06-10 19:50:07.341614,0 days 00:00:02.255334,,,,,,,,,,,,,,0.008270099869870899,QuantileRegressor,,,,,,10,,,,,,,,False,0.009623333159042777,0.018979565132948874,98.0,0.014301449145995826,0.004678115986953049,0.023455494952920763,1.9844674545084815,0.9815270981033097,1.0049196635341808,98.0,0.9932233808187453,0.01169628271543555,0.05864371489825275,1.9844674545084815,223626437191730.03,304352465586043.1,98.0,263989451388886.6,40363014197156.555,202375160946512.1,1.9844674545084815,3.0964999215041433,3.198900874772883,98.0,3.147700398138513,0.05120047663437008,0.2567128571916397,1.9844674545084815,0.9896006306274568,0.9955653379329749,98.0,0.9925829842802159,0.0029823536527589555,0.014953152347057134,1.9844674545084815,99.0,0.15151515151515152,0.030624181410504624,0.04516855743152657,98.0,0.0378963694210156,0.007272188010510975,0.036461851235186776,1.9844674545084815,QuantileRegressor,"{'mode': 'original', 'type': 'QuantileRegressor'}",10,"['edges_T2W20', 'l1_T2W20', 'l2_T2W20', 'l3_T2W20', 'lcc_T2W20', 'lsc_T2W20', 'atd_T2W20', 'density_T2W20', 'diameter_T2W20', 'asp_T2W20']",0.18723430743219394,0.2473011381571799,98.0,0.21726772279468692,0.03003341536249298,0.15058382999023256,1.9844674545084815,1.291769970660737,1.3226004776890559,98.0,1.3071852241748965,0.015415253514159441,0.07729017450780655,1.9844674545084815,completed,False,COMPLETE
87,1.008062616235507,2026-06-10 19:50:07.353976,2026-06-10 19:50:09.506373,0 days 00:00:02.152397,,,,,,,,,,,,,,0.022021755945743002,QuantileRegressor,,,,,,10,,,,,,,,False,-0.0014530138249670976,0.000479296505467989,98.0,-0.0004868586597495543,0.0009661551652175433,0.004844182500968386,1.9844674545084815,0.9973736560823806,1.0187515763886335,98.0,1.008062616235507,0.01068896015312646,0.05359312415999426,1.9844674545084815,242845688701236.72,330687617091801.25,98.0,286766652896519.0,43920964195282.27,220214282177479.56,1.9844674545084815,2.9711885344444653,3.0118590457124537,98.0,2.9915237900784595,0.020335255633993975,0.10195845661367656,1.9844674545084815,0.9994555191368701,1.0001796044679734,98.0,0.9998175618024218,0.00036204266555163033,0.0018152371463793448,1.9844674545084815,99.0,0.8888888888888888,-0.003142494517565907,-0.0017060497506270452,98.0,-0.002424272134096476,0.0007182223834694307,0.0036010781984724283,1.9844674545084815,QuantileRegressor,"{'mode': 'original', 'type': 'QuantileRegressor'}",10,"['pe_T2W20', 'l1_T2W20', 'l2_T2W20', 'l3_T2W20', 'lcc_T2W20', 'lsc_T2W20', 'atd_T2W20', 'density_T2W20', 'diameter_T2W20', 'asp_T2W20']",-0.1533115707198592,0.05369331427363327,4.0,-0.049809128223112974,0.10350244249674624,0.08335785095362079,2.7764451051977934,1.3196925291826758,1.3492688226188472,98.0,1.3344806759007615,0.014788146718085744,0.07414593859504345,1.9844674545084815,completed,False,COMPLETE
88,1.1323427941187507,2026-06-10 19:50:09.518720,2026-06-10 19:50:09.645020,0 days 00:00:00.126300,,,,,,,,,,,euclidean,10.0,distance,,KNeighborsRegressor,,,,,,10,,,,,0.18785228749799582,0.0002885692394149801,LinearSVR,,,,,,,,,,,,,,,,,,,,,,,,,,,,,,,,,,,,,,,,,,,,,,KNeighborsRegressor,"{'mode': 'proxy', 'type': 'LinearSVR'}",10,"['nodes_T2W20', 'edges_T2W20', 'pe_T2W20', 'l2_T2W20', 'l3_T2W20', 'lsc_T2W20', 'atd_T2W20', 'density_T2W20', 'diameter_T2W20', 'asp_T2W20']",,,,,,,,,,,,,,,pruned,True,PRUNED
89,1.3982365394462166,2026-06-10 19:50:09.654333,2026-06-10 19:50:09.868104,0 days 00:00:00.213771,9.0,3.0,10.0,,,,,,,,,,,,DecisionTreeRegressor,,,,,,10,,,,,,,,False,,,,,,,,,,,,,,,,,,,,,,,,,,,,,,,,,,,,,,,,,,,,,DecisionTreeRegressor,"{'mode': 'original', 'type': 'DecisionTreeRegressor'}",10,"['edges_T2W20', 're_T2W20', 'pe_T2W20', 'l1_T2W20', 'l2_T2W20', 'lcc_T2W20', 'lsc_T2W20', 'atd_T2W20', 'density_T2W20', 'diameter_T2W20']",,,,,,,,,,,,,,,pruned,False,PRUNED
90,1.0211614677371856,2026-06-10 19:50:09.877358,2026-06-10 19:50:12.344829,0 days 00:00:02.467471,,,,,,,,,,,,,,0.0028665246059931646,QuantileRegressor,,,,,,10,,,,,,,,True,-0.021927716127157063,-0.004776781374116074,98.0,-0.013352248750636569,0.008575467376520495,0.042996332782232034,1.9844674545084815,1.0068964680243835,1.0354264674499878,98.0,1.0211614677371856,0.014264999712802047,0.0715229442151928,1.9844674545084815,221465812134060.97,302083037780131.25,98.0,261774424957096.12,40308612823035.15,202102399185218.6,1.9844674545084815,3.1367776204446374,3.2750949649765815,98.0,3.2059362927106094,0.06915867226597226,0.3467530289563755,1.9844674545084815,0.9601303266924517,0.9792872811326898,98.0,0.9697088039125707,0.009578477220119114,0.04802530008228827,1.9844674545084815,99.0,0.2727272727272727,0.007546314641063569,0.0343977991523037,98.0,0.020972056896683633,0.013425742255620064,0.06731501112716468,1.9844674545084815,QuantileRegressor,"{'mode': 'original', 'type': 'QuantileRegressor'}",10,"['edges_T2W20', 're_T2W20', 'pe_T2W20', 'l1_T2W20', 'l2_T2W20', 'l3_T2W20', 'lcc_T2W20', 'lsc_T2W20', 'density_T2W20', 'diameter_T2W20']",0.16421946682564587,0.21710787875617094,98.0,0.1906636727909084,0.02644420596526254,0.1325879779984253,1.9844674545084815,1.3007557765246303,1.3356043064775112,98.0,1.3181800415010707,0.01742426497644049,0.08736310949815612,1.9844674545084815,completed,True,COMPLETE
