number,value,datetime_start,datetime_complete,duration,params_dt_max_depth,params_dt_min_samples_leaf,params_dt_min_samples_split,params_elastic_alpha,params_elastic_l1_ratio,params_et_max_depth,params_et_max_features,params_et_min_samples_leaf,params_et_min_samples_split,params_et_n_estimators,params_knn_metric,params_knn_n_neighbors,params_knn_weights,params_quantile_alpha,params_regressor,params_rf_max_depth,params_rf_max_features,params_rf_min_samples_leaf,params_rf_min_samples_split,params_rf_n_estimators,params_rfe_n_features,params_rfe_proxy_et_max_depth,params_rfe_proxy_et_min_samples_leaf,params_rfe_proxy_et_min_samples_split,params_rfe_proxy_et_n_estimators,params_rfe_proxy_lsvr_C,params_rfe_proxy_lsvr_epsilon,params_rfe_proxy_type,params_use_scaler,user_attrs_d2mae_ci_lower_val,user_attrs_d2mae_ci_upper_val,user_attrs_d2mae_df_val,user_attrs_d2mae_mean_val,user_attrs_d2mae_samperror_val,user_attrs_d2mae_std_val,user_attrs_d2mae_t_critical_val,user_attrs_mae_ci_lower_val,user_attrs_mae_ci_upper_val,user_attrs_mae_df_val,user_attrs_mae_mean_val,user_attrs_mae_samperror_val,user_attrs_mae_std_val,user_attrs_mae_t_critical_val,user_attrs_mape_ci_lower_val,user_attrs_mape_ci_upper_val,user_attrs_mape_df_val,user_attrs_mape_mean_val,user_attrs_mape_samperror_val,user_attrs_mape_std_val,user_attrs_mape_t_critical_val,user_attrs_max_error_ci_lower_val,user_attrs_max_error_ci_upper_val,user_attrs_max_error_df_val,user_attrs_max_error_mean_val,user_attrs_max_error_samperror_val,user_attrs_max_error_std_val,user_attrs_max_error_t_critical_val,user_attrs_median_ae_ci_lower_val,user_attrs_median_ae_ci_upper_val,user_attrs_median_ae_df_val,user_attrs_median_ae_mean_val,user_attrs_median_ae_samperror_val,user_attrs_median_ae_std_val,user_attrs_median_ae_t_critical_val,user_attrs_n_splits_val,user_attrs_r2_below_zero_val,user_attrs_r2_ci_lower_val,user_attrs_r2_ci_upper_val,user_attrs_r2_df_val,user_attrs_r2_mean_val,user_attrs_r2_samperror_val,user_attrs_r2_std_val,user_attrs_r2_t_critical_val,user_attrs_regressor_final,user_attrs_rfe_estimator,user_attrs_rfe_n_features,user_attrs_rfe_selected_features,user_attrs_rho_ci_lower_val,user_attrs_rho_ci_upper_val,user_attrs_rho_df_val,user_attrs_rho_mean_val,user_attrs_rho_samperror_val,user_attrs_rho_std_val,user_attrs_rho_t_critical_val,user_attrs_rmse_ci_lower_val,user_attrs_rmse_ci_upper_val,user_attrs_rmse_df_val,user_attrs_rmse_mean_val,user_attrs_rmse_samperror_val,user_attrs_rmse_std_val,user_attrs_rmse_t_critical_val,user_attrs_termination_reason,user_attrs_use_scaler_final,state
61,1.0075757575757578,2026-06-10 19:49:08.235976,2026-06-10 19:49:10.599999,0 days 00:00:02.364023,,,,,,,,,,,,,,0.313449047266433,QuantileRegressor,,,,,,11,,,,,,,,False,0.0,0.0,98.0,0.0,0.0,0.0,1.9844674545084815,0.9969166374215648,1.0182348777299508,98.0,1.0075757575757578,0.010659120154193034,0.053443510096056954,1.9844674545084815,243249413827922.25,331073265925134.4,98.0,287161339876528.3,43911926048606.08,220168966027914.5,1.9844674545084815,2.969853864095874,3.009944115702106,98.0,2.98989898989899,0.02004512580311598,0.10050378152592122,1.9844674545084815,1.0,1.0,98.0,1.0,0.0,0.0,1.9844674545084815,99.0,0.8787878787878788,-0.0030948902600817954,-0.0016582379893588322,98.0,-0.002376564124720314,0.0007183261353614816,0.0036015983976267767,1.9844674545084815,QuantileRegressor,"{'mode': 'original', 'type': 'QuantileRegressor'}",11,"['re_T2W20', 'pe_T2W20', 'l1_T2W20', 'l2_T2W20', 'l3_T2W20', 'lcc_T2W20', 'lsc_T2W20', 'atd_T2W20', 'density_T2W20', 'diameter_T2W20', 'asp_T2W20']",,,,,,,,1.3196611267084086,1.3492364416432259,98.0,1.3344487841758172,0.014787657467408713,0.07414348555266105,1.9844674545084815,completed,False,COMPLETE
62,1.0075757575757578,2026-06-10 19:49:10.613568,2026-06-10 19:49:12.936656,0 days 00:00:02.323088,,,,,,,,,,,,,,0.4587271442433529,QuantileRegressor,,,,,,11,,,,,,,,False,0.0,0.0,98.0,0.0,0.0,0.0,1.9844674545084815,0.9969166374215648,1.0182348777299508,98.0,1.0075757575757578,0.010659120154193034,0.053443510096056954,1.9844674545084815,243249413827922.25,331073265925134.4,98.0,287161339876528.3,43911926048606.08,220168966027914.5,1.9844674545084815,2.969853864095874,3.009944115702106,98.0,2.98989898989899,0.02004512580311598,0.10050378152592122,1.9844674545084815,1.0,1.0,98.0,1.0,0.0,0.0,1.9844674545084815,99.0,0.8787878787878788,-0.0030948902600817954,-0.0016582379893588322,98.0,-0.002376564124720314,0.0007183261353614816,0.0036015983976267767,1.9844674545084815,QuantileRegressor,"{'mode': 'original', 'type': 'QuantileRegressor'}",11,"['re_T2W20', 'pe_T2W20', 'l1_T2W20', 'l2_T2W20', 'l3_T2W20', 'lcc_T2W20', 'lsc_T2W20', 'atd_T2W20', 'density_T2W20', 'diameter_T2W20', 'asp_T2W20']",,,,,,,,1.3196611267084086,1.3492364416432259,98.0,1.3344487841758172,0.014787657467408713,0.07414348555266105,1.9844674545084815,completed,False,COMPLETE
63,0.9987921390929329,2026-06-10 19:49:12.948738,2026-06-10 19:49:15.267895,0 days 00:00:02.319157,,,,,,,,,,,,,,0.004777101472034386,QuantileRegressor,,,,,,11,,,,,,,,False,0.003187546067175086,0.014355280281878274,98.0,0.00877141317452668,0.005583867107351594,0.027996819044149118,1.9844674545084815,0.9866334985790023,1.0109507796068633,98.0,0.9987921390929329,0.012158640513930547,0.06096191971388547,1.9844674545084815,222532267768628.2,302994284807578.7,98.0,262763276288103.44,40231008519475.266,201713300805539.62,1.9844674545084815,3.1156350646319737,3.236565571633081,98.0,3.1761003181325274,0.06046525350055345,0.30316530249884543,1.9844674545084815,0.9836001840785363,0.9921939478280769,98.0,0.9878970659533066,0.004296881874770314,0.021544034266797952,1.9844674545084815,99.0,0.1919191919191919,0.025443560592328662,0.04347008948694141,98.0,0.034456825039635035,0.009013264447306372,0.04519139314688748,1.9844674545084815,QuantileRegressor,"{'mode': 'original', 'type': 'QuantileRegressor'}",11,"['nodes_T2W20', 'edges_T2W20', 'pe_T2W20', 'l2_T2W20', 'l3_T2W20', 'lcc_T2W20', 'lsc_T2W20', 'atd_T2W20', 'density_T2W20', 'diameter_T2W20', 'asp_T2W20']",0.1780232416934508,0.23136118361824104,98.0,0.20469221265584592,0.02666897096239512,0.1337149218943312,1.9844674545084815,1.2934799525006997,1.325386328950052,98.0,1.3094331407253759,0.015953188224676285,0.07998731261270137,1.9844674545084815,completed,False,COMPLETE
64,1.00514686426962,2026-06-10 19:49:15.285729,2026-06-10 19:49:17.579156,0 days 00:00:02.293427,,,,,,,,,,,,,,0.0018937490332605236,QuantileRegressor,,,,,,8,,,,,,,,False,-0.005256665913671075,0.009915339568875919,98.0,0.002329336827602422,0.007586002741273497,0.03803527948153231,1.9844674545084815,0.9923496325549294,1.0179440959843105,98.0,1.00514686426962,0.012797231714690587,0.06416373701131475,1.9844674545084815,224993723274969.75,306720719651617.3,98.0,265857221463293.53,40863498188323.78,204884525776623.25,1.9844674545084815,3.1488729804425453,3.2879065297013503,98.0,3.218389755071948,0.0695167746294026,0.34854850991526887,1.9844674545084815,0.9822158229106253,0.9937182685873494,98.0,0.9879670457489873,0.005751222838361993,0.028835919980296165,1.9844674545084815,99.0,0.21212121212121213,0.015368553594269321,0.04107249617858602,98.0,0.02822052488642767,0.01285197129215835,0.06443819448235671,1.9844674545084815,QuantileRegressor,"{'mode': 'original', 'type': 'QuantileRegressor'}",8,"['nodes_T2W20', 'edges_T2W20', 'pe_T2W20', 'l1_T2W20', 'l2_T2W20', 'lcc_T2W20', 'lsc_T2W20', 'diameter_T2W20']",0.163892798598493,0.21923287111355863,98.0,0.19156283485602582,0.027670036257532806,0.13873413946891286,1.9844674545084815,1.2970252245963432,1.329041411626006,98.0,1.3130333181111746,0.016008093514831356,0.08026260094666157,1.9844674545084815,completed,False,COMPLETE
65,1.0174653329100483,2026-06-10 19:49:17.623871,2026-06-10 19:49:19.957222,0 days 00:00:02.333351,,,,,,,,,,,,,,0.0017586628089076481,QuantileRegressor,,,,,,12,,,,,,,,False,-0.018534756386313783,-0.0010829933892015538,98.0,-0.009808874887757668,0.008725881498556114,0.04375049058637668,1.9844674545084815,1.0035434837726105,1.031387182047486,98.0,1.0174653329100483,0.013921849137437733,0.06980242967237321,1.9844674545084815,223206663244116.8,304277642421319.8,98.0,263742152832718.3,40535489588601.484,203239931226860.47,1.9844674545084815,3.160871478327368,3.323829333795852,98.0,3.24235040606161,0.08147892773424217,0.4085252660622186,1.9844674545084815,0.9726437466185076,0.9890129590987913,98.0,0.9808283528586494,0.00818460624014178,0.04103660338749442,1.9844674545084815,99.0,0.23232323232323232,0.0022899168629680784,0.033907372603582314,98.0,0.018098644733275198,0.01580872787030712,0.07926300626325362,1.9844674545084815,QuantileRegressor,"{'mode': 'original', 'type': 'QuantileRegressor'}",12,"['nodes_T2W20', 'edges_T2W20', 'pe_T2W20', 'l1_T2W20', 'l2_T2W20', 'l3_T2W20', 'lcc_T2W20', 'lsc_T2W20', 'atd_T2W20', 'density_T2W20', 'diameter_T2W20', 'asp_T2W20']",0.15955256903935752,0.2163958871224648,98.0,0.18797422808091116,0.028421659041553637,0.14250268314467227,1.9844674545084815,1.3022638229560821,1.3369070968645935,98.0,1.3195854599103378,0.017321636954255773,0.08684854528831282,1.9844674545084815,completed,False,COMPLETE
66,0.99815250331836,2026-06-10 19:49:19.969201,2026-06-10 19:49:22.270957,0 days 00:00:02.301756,,,,,,,,,,,,,,0.0049825735460424575,QuantileRegressor,,,,,,8,,,,,,,,False,0.003895003873742693,0.014884660720354683,98.0,0.009389832297048688,0.0054948284233059955,0.027550390094958722,1.9844674545084815,0.9861028244939477,1.0102021821427722,98.0,0.99815250331836,0.012049678824412297,0.060415599279401835,1.9844674545084815,222526614661896.3,302966340382778.5,98.0,262746477522337.4,40219862860441.1,201657417849676.22,1.9844674545084815,3.1137358135773248,3.2332157261603083,98.0,3.1734757698688165,0.05973995629149188,0.2995287519998931,1.9844674545084815,0.9844336668172836,0.9924797251624032,98.0,0.9884566959898434,0.0040230291725597694,0.020170970688969305,1.9844674545084815,99.0,0.1919191919191919,0.025935858823614953,0.04363694728018792,98.0,0.034786403051901435,0.00885054422828648,0.04437553409452458,1.9844674545084815,QuantileRegressor,"{'mode': 'original', 'type': 'QuantileRegressor'}",8,"['nodes_T2W20', 'edges_T2W20', 'pe_T2W20', 'l2_T2W20', 'l3_T2W20', 'lcc_T2W20', 'lsc_T2W20', 'diameter_T2W20']",0.17228021859008855,0.22672544743110376,98.0,0.19950283301059615,0.0272226144205076,0.136490821716758,1.9844674545084815,1.293331805738245,1.325098414414544,98.0,1.3092151100763945,0.015883304338149346,0.07963692344913754,1.9844674545084815,completed,False,COMPLETE
67,0.9978926744718701,2026-06-10 19:49:22.288361,2026-06-10 19:49:24.555427,0 days 00:00:02.267066,,,,,,,,,,,,,,0.0052893305919619145,QuantileRegressor,,,,,,9,,,,,,,,False,0.004215719378906377,0.015132775175341295,98.0,0.009674247277123836,0.005458527898217459,0.027368383751940048,1.9844674545084815,0.9857751565899062,1.010010192353834,98.0,0.9978926744718701,0.012117517881963935,0.060755735923395074,1.9844674545084815,222426679251795.9,302846062790751.6,98.0,262636371021273.78,40209691769477.875,201606421257582.5,1.9844674545084815,3.1131255400517728,3.2338036351396933,98.0,3.173464587595733,0.0603390475439602,0.3025325214420787,1.9844674545084815,0.9850661841902876,0.9930533007034369,98.0,0.9890597424468622,0.00399355825657463,0.02002320716128524,1.9844674545084815,99.0,0.18181818181818182,0.026026937818916927,0.043675687612179735,98.0,0.03485131271554833,0.008824374896631404,0.04424432430232002,1.9844674545084815,QuantileRegressor,"{'mode': 'original', 'type': 'QuantileRegressor'}",9,"['nodes_T2W20', 'edges_T2W20', 'pe_T2W20', 'l2_T2W20', 'l3_T2W20', 'lcc_T2W20', 'lsc_T2W20', 'diameter_T2W20', 'asp_T2W20']",0.178877445964122,0.23312094434085825,97.0,0.20599919515249013,0.02712174918836813,0.1352791264063008,1.9847231860139845,1.2932862145526787,1.325070907934866,98.0,1.3091785612437723,0.01589234669109368,0.07968226068841075,1.9844674545084815,completed,False,COMPLETE
68,0.99274206041203,2026-06-10 19:49:24.572791,2026-06-10 19:49:26.820434,0 days 00:00:02.247643,,,,,,,,,,,,,,0.00826539835274543,QuantileRegressor,,,,,,9,,,,,,,,False,0.010070714307618349,0.019475703425485814,98.0,0.014773208866552081,0.0047024945589337315,0.023577726097605303,1.9844674545084815,0.9810580451351972,1.0044260756888626,98.0,0.99274206041203,0.011684015276832676,0.05858220747837743,1.9844674545084815,223448654544646.47,304023629118604.2,98.0,263736141831625.34,40287487286978.87,201996478360312.2,1.9844674545084815,3.0963078653581357,3.1986064565030174,98.0,3.1474571609305766,0.0511492955724408,0.2564562416773781,1.9844674545084815,0.9902551396538349,0.9960987025609319,98.0,0.9931769211073834,0.002921781453548483,0.01464945083199617,1.9844674545084815,99.0,0.15151515151515152,0.030958014722768858,0.045552012229981696,98.0,0.03825501347637528,0.00729699875360642,0.03658624923238831,1.9844674545084815,QuantileRegressor,"{'mode': 'original', 'type': 'QuantileRegressor'}",9,"['edges_T2W20', 'l2_T2W20', 'l3_T2W20', 'lcc_T2W20', 'lsc_T2W20', 'atd_T2W20', 'density_T2W20', 'diameter_T2W20', 'asp_T2W20']",0.19394015097149087,0.2503412663298199,96.0,0.22214070865065538,0.028200557679164514,0.1399221550020287,1.984984311522457,1.2915230133807638,1.322354916745557,98.0,1.3069389650631604,0.015415951682396675,0.07729367503699616,1.9844674545084815,completed,False,COMPLETE
69,1.0007087774758605,2026-06-10 19:49:26.838905,2026-06-10 19:49:29.116547,0 days 00:00:02.277642,,,,,,,,,,,,,,0.003979399599233562,QuantileRegressor,,,,,,9,,,,,,,,False,0.0007306431339262837,0.013070630477820023,98.0,0.006900636805873153,0.006169993671946869,0.03093558514485701,1.9844674545084815,0.9881404849564911,1.01327706999523,98.0,1.0007087774758605,0.012568292519369443,0.06301586420197076,1.9844674545084815,222669207233057.06,303342984640131.25,98.0,263006095936594.16,40336888703537.1,202244170952796.12,1.9844674545084815,3.124959187944112,3.2486477078339617,98.0,3.186803447889037,0.06184425994492505,0.3100794702506096,1.9844674545084815,0.9827031998590885,0.9926864297462641,98.0,0.9876948148026763,0.00499161494358778,0.02502733994684559,1.9844674545084815,99.0,0.1919191919191919,0.02272923236046372,0.042701702520273305,98.0,0.03271546744036851,0.00998623507990479,0.050069747558342856,1.9844674545084815,QuantileRegressor,"{'mode': 'original', 'type': 'QuantileRegressor'}",9,"['nodes_T2W20', 'edges_T2W20', 'pe_T2W20', 'l2_T2W20', 'l3_T2W20', 'lcc_T2W20', 'lsc_T2W20', 'diameter_T2W20', 'asp_T2W20']",0.16865621579306894,0.22222110823144514,98.0,0.19543866201225704,0.026782446219188107,0.13428387279687667,1.9844674545084815,1.294244264013597,1.3268978767901844,98.0,1.3105710704018907,0.016326806388293823,0.08186058787468531,1.9844674545084815,completed,False,COMPLETE
70,1.0459533617588714,2026-06-10 19:49:29.128497,2026-06-10 19:49:30.773880,0 days 00:00:01.645383,,,,0.013709467957098978,0.5231080046914804,,,,,,,,,,ElasticNet,,,,,,10,,,,,,,,False,-0.049027179182277794,-0.027430523468756116,98.0,-0.038228851325516955,0.010798327856760838,0.05414148029903892,1.9844674545084815,1.030777079501473,1.0611296440162699,98.0,1.0459533617588714,0.015176282257398423,0.07609200218320329,1.9844674545084815,220642890417773.25,300875915890456.56,98.0,260759403154114.9,40116512736341.66,201139233110144.56,1.9844674545084815,3.1784251766548284,3.4241471632408915,98.0,3.30128616994786,0.12286099329303148,0.6160098244961394,1.9844674545084815,0.91604463550889,0.9398958055705384,98.0,0.9279702205397142,0.011925585030824207,0.0597934083467033,1.9844674545084815,99.0,0.36363636363636365,-0.019508117014793897,0.02600624276617963,98.0,0.003249062875692867,0.022757179890486763,0.11410168528371277,1.9844674545084815,ElasticNet,"{'mode': 'original', 'type': 'ElasticNet'}",10,"['nodes_T2W20', 'edges_T2W20', 'pe_T2W20', 'l2_T2W20', 'l3_T2W20', 'lcc_T2W20', 'lsc_T2W20', 'density_T2W20', 'diameter_T2W20', 'asp_T2W20']",0.18020032940228792,0.23345556245997368,98.0,0.2068279459311308,0.02662761652884287,0.13350757587936046,1.9844674545084815,1.307820763979486,1.34954924218475,98.0,1.328685003082118,0.020864239102631868,0.10461071429891107,1.9844674545084815,completed,False,COMPLETE
71,0.9933451424220451,2026-06-10 19:49:30.785934,2026-06-10 19:49:33.008438,0 days 00:00:02.222504,,,,,,,,,,,,,,0.006169232475523627,QuantileRegressor,,,,,,9,,,,,,,,False,0.009064205952083414,0.019241252662164206,98.0,0.01415272930712381,0.005088523355040396,0.025513226735899504,1.9844674545084815,0.981572907281376,1.0051173775627142,98.0,0.9933451424220451,0.011772235140669062,0.05902453096431337,1.9844674545084815,222854709842745.2,303420014239614.9,98.0,263137362041180.03,40282652198434.836,201972235824373.03,1.9844674545084815,3.110453979612961,3.227756610421216,98.0,3.1691052950170886,0.05865131540412756,0.294070441237541,1.9844674545084815,0.989019600520983,0.9958016612562517,98.0,0.9924106308886174,0.0033910303676342973,0.017002206848884094,1.9844674545084815,99.0,0.15151515151515152,0.02962264434001479,0.04609640911219077,98.0,0.03785952672610278,0.00823688238608799,0.041298709517573105,1.9844674545084815,QuantileRegressor,"{'mode': 'original', 'type': 'QuantileRegressor'}",9,"['nodes_T2W20', 'edges_T2W20', 'l3_T2W20', 'lcc_T2W20', 'lsc_T2W20', 'atd_T2W20', 'density_T2W20', 'diameter_T2W20', 'asp_T2W20']",0.20299041836849474,0.25489330233714425,97.0,0.2289418603528195,0.02595144198432475,0.1294418135143326,1.9847231860139845,1.2915144495327016,1.3227883796084394,98.0,1.3071514145705705,0.015636965037868905,0.07840180866563314,1.9844674545084815,completed,False,COMPLETE
72,0.9942502643360558,2026-06-10 19:49:33.020502,2026-06-10 19:49:35.250422,0 days 00:00:02.229920,,,,,,,,,,,,,,0.00544453330169894,QuantileRegressor,,,,,,9,,,,,,,,False,0.00807200463345866,0.01841625816070295,98.0,0.013244131397080803,0.005172126763622144,0.025932403886167937,1.9844674545084815,0.9824748265741656,1.006025702097946,98.0,0.9942502643360558,0.01177543776189011,0.05904058851100437,1.9844674545084815,222726543630272.84,303194608051426.7,98.0,262960575840849.78,40234032210576.93,201728461218742.72,1.9844674545084815,3.1120952904032064,3.2323123722782023,98.0,3.1722038313407044,0.060108540937497935,0.301376789827136,1.9844674545084815,0.9886538503888143,0.9956683926192764,98.0,0.9921611215040453,0.0035072711152310874,0.0175850235802743,1.9844674545084815,99.0,0.15151515151515152,0.029173450058462943,0.04608493637487561,98.0,0.03762919321666928,0.008455743158206335,0.04239605035951271,1.9844674545084815,QuantileRegressor,"{'mode': 'original', 'type': 'QuantileRegressor'}",9,"['nodes_T2W20', 'edges_T2W20', 'l3_T2W20', 'lcc_T2W20', 'lsc_T2W20', 'atd_T2W20', 'density_T2W20', 'diameter_T2W20', 'asp_T2W20']",0.20545355444317517,0.2583122391346336,97.0,0.2318828967889044,0.02642934234572921,0.13182550724112874,1.9847231860139845,1.2916239067230473,1.322950860937333,98.0,1.3072873838301902,0.01566347710714278,0.07853473690186738,1.9844674545084815,completed,False,COMPLETE
73,0.9940506389895399,2026-06-10 19:49:35.263652,2026-06-10 19:49:37.484340,0 days 00:00:02.220688,,,,,,,,,,,,,,0.005622613982065574,QuantileRegressor,,,,,,9,,,,,,,,False,0.008308239588584,0.018574323052981883,98.0,0.013441281320782941,0.005133041732198941,0.025736436372784673,1.9844674545084815,0.9823007352884763,1.0058005426906036,98.0,0.9940506389895399,0.011749903701063607,0.05891256388816177,1.9844674545084815,222931635670080.12,303428761570580.06,98.0,263180198620330.1,40248562950249.96,201801316550250.9,1.9844674545084815,3.1115908894360365,3.23112262846712,98.0,3.1713567589515783,0.05976586951554176,0.29965867770024146,1.9844674545084815,0.9889800075269343,0.9958235443513394,98.0,0.9924017759391368,0.0034217684122025195,0.01715632360256086,1.9844674545084815,99.0,0.15151515151515152,0.029276878209875144,0.046104544160841844,98.0,0.037690711185358494,0.008413832975483352,0.04218591788693689,1.9844674545084815,QuantileRegressor,"{'mode': 'original', 'type': 'QuantileRegressor'}",9,"['nodes_T2W20', 'edges_T2W20', 'l3_T2W20', 'lcc_T2W20', 'lsc_T2W20', 'atd_T2W20', 'density_T2W20', 'diameter_T2W20', 'asp_T2W20']",0.20657641813138275,0.2591478158108267,97.0,0.23286211697110473,0.026285698839721976,0.13110903545785116,1.9847231860139845,1.2916022776025566,1.3228898090150607,98.0,1.3072460433088087,0.01564376570625212,0.07843590637577626,1.9844674545084815,completed,False,COMPLETE
74,0.9931843136901688,2026-06-10 19:49:37.496687,2026-06-10 19:49:39.807258,0 days 00:00:02.310571,,,,,,,,,,,,,,0.00868226753497226,QuantileRegressor,,,,,,9,,,,,,,,False,0.009670281627107013,0.01896746075459249,98.0,0.014318871190849751,0.004648589563742738,0.023307453118875016,1.9844674545084815,0.9815744921319328,1.0047941352484049,98.0,0.9931843136901688,0.01160982155823601,0.058210209349871006,1.9844674545084815,223458426876549.44,304036450000254.44,98.0,263747438438401.94,40289011561852.484,202004120886000.94,1.9844674545084815,3.0920263066246503,3.193654263805605,98.0,3.1428402852151276,0.05081397859047739,0.2547750038029846,1.9844674545084815,0.9904599196222311,0.9962599245081519,98.0,0.9933599220651915,0.0029000024429603494,0.014540253566611075,1.9844674545084815,99.0,0.16161616161616163,0.030686036802796777,0.045355048148677204,98.0,0.03802054247573699,0.007334505672940212,0.036774304286941666,1.9844674545084815,QuantileRegressor,"{'mode': 'original', 'type': 'QuantileRegressor'}",9,"['edges_T2W20', 'l2_T2W20', 'l3_T2W20', 'lcc_T2W20', 'lsc_T2W20', 'atd_T2W20', 'density_T2W20', 'diameter_T2W20', 'asp_T2W20']",0.1928580963278983,0.2510642821999485,96.0,0.2219611892639234,0.029103092936025088,0.14440024651858563,1.984984311522457,1.2916825499957998,1.3225006008015723,98.0,1.307091575398686,0.015409025402886347,0.07725894752819773,1.9844674545084815,completed,False,COMPLETE
