number,value,datetime_start,datetime_complete,duration,params_dt_max_depth,params_dt_min_samples_leaf,params_dt_min_samples_split,params_elastic_alpha,params_elastic_l1_ratio,params_et_max_depth,params_et_max_features,params_et_min_samples_leaf,params_et_min_samples_split,params_et_n_estimators,params_knn_metric,params_knn_n_neighbors,params_knn_weights,params_quantile_alpha,params_regressor,params_rf_max_depth,params_rf_max_features,params_rf_min_samples_leaf,params_rf_min_samples_split,params_rf_n_estimators,params_rfe_n_features,params_rfe_proxy_et_max_depth,params_rfe_proxy_et_min_samples_leaf,params_rfe_proxy_et_min_samples_split,params_rfe_proxy_et_n_estimators,params_rfe_proxy_lsvr_C,params_rfe_proxy_lsvr_epsilon,params_rfe_proxy_type,params_use_scaler,user_attrs_d2mae_ci_lower_val,user_attrs_d2mae_ci_upper_val,user_attrs_d2mae_df_val,user_attrs_d2mae_mean_val,user_attrs_d2mae_samperror_val,user_attrs_d2mae_std_val,user_attrs_d2mae_t_critical_val,user_attrs_mae_ci_lower_val,user_attrs_mae_ci_upper_val,user_attrs_mae_df_val,user_attrs_mae_mean_val,user_attrs_mae_samperror_val,user_attrs_mae_std_val,user_attrs_mae_t_critical_val,user_attrs_mape_ci_lower_val,user_attrs_mape_ci_upper_val,user_attrs_mape_df_val,user_attrs_mape_mean_val,user_attrs_mape_samperror_val,user_attrs_mape_std_val,user_attrs_mape_t_critical_val,user_attrs_max_error_ci_lower_val,user_attrs_max_error_ci_upper_val,user_attrs_max_error_df_val,user_attrs_max_error_mean_val,user_attrs_max_error_samperror_val,user_attrs_max_error_std_val,user_attrs_max_error_t_critical_val,user_attrs_median_ae_ci_lower_val,user_attrs_median_ae_ci_upper_val,user_attrs_median_ae_df_val,user_attrs_median_ae_mean_val,user_attrs_median_ae_samperror_val,user_attrs_median_ae_std_val,user_attrs_median_ae_t_critical_val,user_attrs_n_splits_val,user_attrs_r2_below_zero_val,user_attrs_r2_ci_lower_val,user_attrs_r2_ci_upper_val,user_attrs_r2_df_val,user_attrs_r2_mean_val,user_attrs_r2_samperror_val,user_attrs_r2_std_val,user_attrs_r2_t_critical_val,user_attrs_regressor_final,user_attrs_rfe_estimator,user_attrs_rfe_n_features,user_attrs_rfe_selected_features,user_attrs_rho_ci_lower_val,user_attrs_rho_ci_upper_val,user_attrs_rho_df_val,user_attrs_rho_mean_val,user_attrs_rho_samperror_val,user_attrs_rho_std_val,user_attrs_rho_t_critical_val,user_attrs_rmse_ci_lower_val,user_attrs_rmse_ci_upper_val,user_attrs_rmse_df_val,user_attrs_rmse_mean_val,user_attrs_rmse_samperror_val,user_attrs_rmse_std_val,user_attrs_rmse_t_critical_val,user_attrs_termination_reason,user_attrs_use_scaler_final,state
13,1.0605534511784511,2026-06-10 19:45:08.318550,2026-06-10 19:45:10.106265,0 days 00:00:01.787715,,,,,,,,,,,euclidean,16.0,uniform,,KNeighborsRegressor,,,,,,5,,,,,0.0011396432463391681,0.00026430789875605035,LinearSVR,,-0.06253169898144868,-0.04256820476614967,98.0,-0.052549951873799176,0.009981747107649505,0.050047245420542875,1.9844674545084815,1.0455150752606663,1.075591827096236,98.0,1.0605534511784511,0.015038375917784817,0.07540055685311657,1.9844674545084815,229213660846115.53,314781748688957.8,98.0,271997704767536.7,42784043921421.15,214513904542595.0,1.9844674545084815,3.150343801998829,3.2941006424456156,98.0,3.2222222222222223,0.07187842022339333,0.3603895088269945,1.9844674545084815,0.8481297096343554,0.8860874620828163,98.0,0.8671085858585859,0.01897887622423046,0.09515773801484695,1.9844674545084815,99.0,0.40404040404040403,-0.004459024726732682,0.02889203721325896,98.0,0.012216506243263139,0.01667553096999582,0.08360904979586953,1.9844674545084815,KNeighborsRegressor,"{'mode': 'proxy', 'type': 'LinearSVR'}",5,"['edges_T2W20', 'pe_T2W20', 'l2_T2W20', 'l3_T2W20', 'lsc_T2W20']",0.1814832535372834,0.23094577255905302,98.0,0.2062145130481682,0.024731259510884798,0.12399947633935267,1.9844674545084815,1.3043819636288907,1.3436255644117465,98.0,1.3240037640203186,0.019621800391427833,0.09838128027007666,1.9844674545084815,completed,True,COMPLETE
14,1.007575757575758,2026-06-10 19:45:10.118411,2026-06-10 19:45:12.240825,0 days 00:00:02.122414,,,,,,,,,,,,,,0.03377108460750236,QuantileRegressor,,,,,,9,,,,,,,,False,-5.76675156416921e-16,-3.204747624720945e-16,98.0,-4.485749594445077e-16,1.2810019697241324e-16,6.422785437416198e-16,1.9844674545084815,0.996916637421565,1.018234877729951,98.0,1.007575757575758,0.010659120154193026,0.053443510096056905,1.9844674545084815,243249413827922.2,331073265925134.3,98.0,287161339876528.25,43911926048606.07,220168966027914.47,1.9844674545084815,2.969853864095875,3.009944115702107,98.0,2.989898989898991,0.020045125803115953,0.1005037815259211,1.9844674545084815,0.9999999999999993,1.0,98.0,0.9999999999999997,2.932402722025162e-16,1.47027045584628e-15,1.9844674545084815,99.0,0.8787878787878788,-0.003094890260081793,-0.00165823798935884,98.0,-0.0023765641247203164,0.0007183261353614765,0.003601598397626751,1.9844674545084815,QuantileRegressor,"{'mode': 'original', 'type': 'QuantileRegressor'}",9,"['l1_T2W20', 'l2_T2W20', 'l3_T2W20', 'lcc_T2W20', 'lsc_T2W20', 'atd_T2W20', 'density_T2W20', 'diameter_T2W20', 'asp_T2W20']",-0.6870267580704045,0.7471394603565554,2.0,0.030056351143075515,0.71708310921348,0.28866479737478856,4.302652729749462,1.3196611267084086,1.3492364416432259,98.0,1.3344487841758172,0.014787657467408713,0.07414348555266105,1.9844674545084815,completed,False,COMPLETE
15,1.0075757575757578,2026-06-10 19:45:12.267938,2026-06-10 19:45:14.423756,0 days 00:00:02.155818,,,,,,,,,,,,,,1.4657437167969012,QuantileRegressor,,,,,,8,,,,,,,,False,0.0,0.0,98.0,0.0,0.0,0.0,1.9844674545084815,0.9969166374215648,1.0182348777299508,98.0,1.0075757575757578,0.010659120154193034,0.053443510096056954,1.9844674545084815,243249413827922.25,331073265925134.4,98.0,287161339876528.3,43911926048606.08,220168966027914.5,1.9844674545084815,2.969853864095874,3.009944115702106,98.0,2.98989898989899,0.02004512580311598,0.10050378152592122,1.9844674545084815,1.0,1.0,98.0,1.0,0.0,0.0,1.9844674545084815,99.0,0.8787878787878788,-0.0030948902600817954,-0.0016582379893588322,98.0,-0.002376564124720314,0.0007183261353614816,0.0036015983976267767,1.9844674545084815,QuantileRegressor,"{'mode': 'original', 'type': 'QuantileRegressor'}",8,"['l2_T2W20', 'l3_T2W20', 'lcc_T2W20', 'lsc_T2W20', 'atd_T2W20', 'density_T2W20', 'diameter_T2W20', 'asp_T2W20']",,,,,,,,1.3196611267084086,1.3492364416432259,98.0,1.3344487841758172,0.014787657467408713,0.07414348555266105,1.9844674545084815,completed,False,COMPLETE
16,1.0075757575757578,2026-06-10 19:45:14.435929,2026-06-10 19:45:16.646157,0 days 00:00:02.210228,,,,,,,,,,,,,,0.451394758168731,QuantileRegressor,,,,,,5,,,,,,,,False,0.0,0.0,98.0,0.0,0.0,0.0,1.9844674545084815,0.9969166374215648,1.0182348777299508,98.0,1.0075757575757578,0.010659120154193034,0.053443510096056954,1.9844674545084815,243249413827922.25,331073265925134.4,98.0,287161339876528.3,43911926048606.08,220168966027914.5,1.9844674545084815,2.969853864095874,3.009944115702106,98.0,2.98989898989899,0.02004512580311598,0.10050378152592122,1.9844674545084815,1.0,1.0,98.0,1.0,0.0,0.0,1.9844674545084815,99.0,0.8787878787878788,-0.0030948902600817954,-0.0016582379893588322,98.0,-0.002376564124720314,0.0007183261353614816,0.0036015983976267767,1.9844674545084815,QuantileRegressor,"{'mode': 'original', 'type': 'QuantileRegressor'}",5,"['lsc_T2W20', 'atd_T2W20', 'density_T2W20', 'diameter_T2W20', 'asp_T2W20']",,,,,,,,1.3196611267084086,1.3492364416432259,98.0,1.3344487841758172,0.014787657467408713,0.07414348555266105,1.9844674545084815,completed,False,COMPLETE
17,1.33242779656205,2026-06-10 19:45:16.694980,2026-06-10 19:45:18.643722,0 days 00:00:01.948742,,,,,,,,,,,manhattan,2.0,distance,,KNeighborsRegressor,,,,,,7,11.0,4.0,8.0,80.0,,,ExtraTrees,,-0.343239780594851,-0.3044751442788544,98.0,-0.3238574624368527,0.01938231815799827,0.09718054597165668,1.9844674545084815,1.3119030149367423,1.3529525781873575,98.0,1.33242779656205,0.020524781625307565,0.10290871649288888,1.9844674545084815,219317019347891.5,303641318164530.8,98.0,261479168756211.16,42162149408319.664,211395802371981.3,1.9844674545084815,3.701957949258016,3.8782144345248146,98.0,3.7900861918914153,0.08812824263339923,0.4418641085561904,1.9844674545084815,1.2105364713093412,1.284739183248175,98.0,1.247637827278758,0.03710135596941699,0.1860216100058638,1.9844674545084815,99.0,1.0,-0.528594869703976,-0.4513798745149053,98.0,-0.4899873721094406,0.03860749759453532,0.19357321782937062,1.9844674545084815,KNeighborsRegressor,"{'mode': 'proxy', 'type': 'ExtraTrees'}",7,"['edges_T2W20', 'pe_T2W20', 'l1_T2W20', 'l2_T2W20', 'l3_T2W20', 'lsc_T2W20', 'diameter_T2W20']",0.02990026166109792,0.07348361561279855,98.0,0.05169193863694824,0.021791676975850317,0.1092607730864854,1.9844674545084815,1.5993184641969251,1.6436485550863633,98.0,1.6214835096416442,0.022165045444719193,0.11113279640988263,1.9844674545084815,completed,True,COMPLETE
18,1.1164160596519725,2026-06-10 19:45:18.656146,2026-06-10 19:45:20.457166,0 days 00:00:01.801020,3.0,1.0,20.0,,,,,,,,,,,,DecisionTreeRegressor,,,,,,5,,,,,,,,False,-0.12448280624444766,-0.09406241638633467,98.0,-0.10927261131539116,0.015210194929056488,0.0762620361244596,1.9844674545084815,1.1003185872666303,1.1325135320373148,98.0,1.1164160596519725,0.016097472385342104,0.08071073554871279,1.9844674545084815,203101393207051.66,278527111811356.97,98.0,240814252509204.3,37712859302152.66,189087612083340.7,1.9844674545084815,3.2358259166968852,3.4886358680632292,98.0,3.3622308923800572,0.12640497568317186,0.6337789138682307,1.9844674545084815,0.7587244394698226,0.8431623503264524,98.0,0.8009433948981375,0.042218955428314886,0.21168062073027114,1.9844674545084815,99.0,0.6565656565656566,-0.11385567983558423,-0.05515079424626271,98.0,-0.08450323704092347,0.029352442794660764,0.14716951776017834,1.9844674545084815,DecisionTreeRegressor,"{'mode': 'original', 'type': 'DecisionTreeRegressor'}",5,"['edges_T2W20', 'l2_T2W20', 'density_T2W20', 'diameter_T2W20', 'asp_T2W20']",0.16834772237210313,0.2232305345409379,98.0,0.19578912845652052,0.027441406084417395,0.13758781605868747,1.9844674545084815,1.3628694951946692,1.404765000416654,98.0,1.3838172478056616,0.02094775261099247,0.10502944070058985,1.9844674545084815,completed,False,COMPLETE
19,1.0202975800583902,2026-06-10 19:45:20.469391,2026-06-10 19:45:22.849243,0 days 00:00:02.379852,,,,,,,,,,,,,,0.0006433288892232992,QuantileRegressor,,,,,,9,,,,,,,,False,-0.021808021480192407,-0.0035267561060196816,98.0,-0.012667388793106044,0.009140632687086363,0.045830001747797305,1.9844674545084815,1.0062205627152556,1.0343745974015248,98.0,1.0202975800583902,0.01407701734313451,0.0705804238639933,1.9844674545084815,222345965235052.8,302927370127568.5,98.0,262636667681310.66,40290702446257.83,202012598771274.84,1.9844674545084815,3.1221300303608865,3.2973234714051944,98.0,3.2097267508830405,0.08759672052215405,0.43919912243091114,1.9844674545084815,0.9588321631530433,0.9751631863718239,98.0,0.9669976747624336,0.00816551160939028,0.040940865270596774,1.9844674545084815,99.0,0.2727272727272727,0.001698645430835883,0.03553315204137676,98.0,0.018615898736106324,0.01691725330527044,0.08482101568787703,1.9844674545084815,QuantileRegressor,"{'mode': 'original', 'type': 'QuantileRegressor'}",9,"['edges_T2W20', 're_T2W20', 'pe_T2W20', 'l1_T2W20', 'l2_T2W20', 'lsc_T2W20', 'atd_T2W20', 'diameter_T2W20', 'asp_T2W20']",0.17250998039721332,0.22620883603334246,98.0,0.1993594082152779,0.02684942781806457,0.13461971024912606,1.9844674545084815,1.3009144785491367,1.3378027246296462,98.0,1.3193586015893914,0.01844412304025479,0.0924765516905273,1.9844674545084815,completed,False,COMPLETE
20,1.0075757575757578,2026-06-10 19:45:22.861377,2026-06-10 19:45:25.194082,0 days 00:00:02.332705,,,,,,,,,,,,,,0.33860550288793867,QuantileRegressor,,,,,,11,,,,,,,,False,0.0,0.0,98.0,0.0,0.0,0.0,1.9844674545084815,0.9969166374215648,1.0182348777299508,98.0,1.0075757575757578,0.010659120154193034,0.053443510096056954,1.9844674545084815,243249413827922.25,331073265925134.4,98.0,287161339876528.3,43911926048606.08,220168966027914.5,1.9844674545084815,2.969853864095874,3.009944115702106,98.0,2.98989898989899,0.02004512580311598,0.10050378152592122,1.9844674545084815,1.0,1.0,98.0,1.0,0.0,0.0,1.9844674545084815,99.0,0.8787878787878788,-0.0030948902600817954,-0.0016582379893588322,98.0,-0.002376564124720314,0.0007183261353614816,0.0036015983976267767,1.9844674545084815,QuantileRegressor,"{'mode': 'original', 'type': 'QuantileRegressor'}",11,"['re_T2W20', 'pe_T2W20', 'l1_T2W20', 'l2_T2W20', 'l3_T2W20', 'lcc_T2W20', 'lsc_T2W20', 'atd_T2W20', 'density_T2W20', 'diameter_T2W20', 'asp_T2W20']",,,,,,,,1.3196611267084086,1.3492364416432259,98.0,1.3344487841758172,0.014787657467408713,0.07414348555266105,1.9844674545084815,completed,False,COMPLETE
21,1.0075757575757578,2026-06-10 19:45:25.206253,2026-06-10 19:45:27.426966,0 days 00:00:02.220713,,,,,,,,,,,,,,7.650436292875533,QuantileRegressor,,,,,,7,,,,,,,,False,0.0,0.0,98.0,0.0,0.0,0.0,1.9844674545084815,0.9969166374215648,1.0182348777299508,98.0,1.0075757575757578,0.010659120154193034,0.053443510096056954,1.9844674545084815,243249413827922.25,331073265925134.4,98.0,287161339876528.3,43911926048606.08,220168966027914.5,1.9844674545084815,2.969853864095874,3.009944115702106,98.0,2.98989898989899,0.02004512580311598,0.10050378152592122,1.9844674545084815,1.0,1.0,98.0,1.0,0.0,0.0,1.9844674545084815,99.0,0.8787878787878788,-0.0030948902600817954,-0.0016582379893588322,98.0,-0.002376564124720314,0.0007183261353614816,0.0036015983976267767,1.9844674545084815,QuantileRegressor,"{'mode': 'original', 'type': 'QuantileRegressor'}",7,"['l3_T2W20', 'lcc_T2W20', 'lsc_T2W20', 'atd_T2W20', 'density_T2W20', 'diameter_T2W20', 'asp_T2W20']",,,,,,,,1.3196611267084086,1.3492364416432259,98.0,1.3344487841758172,0.014787657467408713,0.07414348555266105,1.9844674545084815,completed,False,COMPLETE
22,1.0075757575757578,2026-06-10 19:45:27.443483,2026-06-10 19:45:29.559374,0 days 00:00:02.115891,,,,,,,,,,,,,,7.519102299872907,QuantileRegressor,,,,,,6,,,,,,,,False,0.0,0.0,98.0,0.0,0.0,0.0,1.9844674545084815,0.9969166374215648,1.0182348777299508,98.0,1.0075757575757578,0.010659120154193034,0.053443510096056954,1.9844674545084815,243249413827922.25,331073265925134.4,98.0,287161339876528.3,43911926048606.08,220168966027914.5,1.9844674545084815,2.969853864095874,3.009944115702106,98.0,2.98989898989899,0.02004512580311598,0.10050378152592122,1.9844674545084815,1.0,1.0,98.0,1.0,0.0,0.0,1.9844674545084815,99.0,0.8787878787878788,-0.0030948902600817954,-0.0016582379893588322,98.0,-0.002376564124720314,0.0007183261353614816,0.0036015983976267767,1.9844674545084815,QuantileRegressor,"{'mode': 'original', 'type': 'QuantileRegressor'}",6,"['lcc_T2W20', 'lsc_T2W20', 'atd_T2W20', 'density_T2W20', 'diameter_T2W20', 'asp_T2W20']",,,,,,,,1.3196611267084086,1.3492364416432259,98.0,1.3344487841758172,0.014787657467408713,0.07414348555266105,1.9844674545084815,completed,False,COMPLETE
23,1.0075757575757578,2026-06-10 19:45:29.571665,2026-06-10 19:45:31.816401,0 days 00:00:02.244736,,,,,,,,,,,,,,1.1065975650776998,QuantileRegressor,,,,,,8,,,,,,,,False,0.0,0.0,98.0,0.0,0.0,0.0,1.9844674545084815,0.9969166374215648,1.0182348777299508,98.0,1.0075757575757578,0.010659120154193034,0.053443510096056954,1.9844674545084815,243249413827922.25,331073265925134.4,98.0,287161339876528.3,43911926048606.08,220168966027914.5,1.9844674545084815,2.969853864095874,3.009944115702106,98.0,2.98989898989899,0.02004512580311598,0.10050378152592122,1.9844674545084815,1.0,1.0,98.0,1.0,0.0,0.0,1.9844674545084815,99.0,0.8787878787878788,-0.0030948902600817954,-0.0016582379893588322,98.0,-0.002376564124720314,0.0007183261353614816,0.0036015983976267767,1.9844674545084815,QuantileRegressor,"{'mode': 'original', 'type': 'QuantileRegressor'}",8,"['l2_T2W20', 'l3_T2W20', 'lcc_T2W20', 'lsc_T2W20', 'atd_T2W20', 'density_T2W20', 'diameter_T2W20', 'asp_T2W20']",,,,,,,,1.3196611267084086,1.3492364416432259,98.0,1.3344487841758172,0.014787657467408713,0.07414348555266105,1.9844674545084815,completed,False,COMPLETE
24,1.0075757575757578,2026-06-10 19:45:31.828410,2026-06-10 19:45:34.138241,0 days 00:00:02.309831,,,,,,,,,,,,,,9.959327167494518,QuantileRegressor,,,,,,6,,,,,,,,False,0.0,0.0,98.0,0.0,0.0,0.0,1.9844674545084815,0.9969166374215648,1.0182348777299508,98.0,1.0075757575757578,0.010659120154193034,0.053443510096056954,1.9844674545084815,243249413827922.25,331073265925134.4,98.0,287161339876528.3,43911926048606.08,220168966027914.5,1.9844674545084815,2.969853864095874,3.009944115702106,98.0,2.98989898989899,0.02004512580311598,0.10050378152592122,1.9844674545084815,1.0,1.0,98.0,1.0,0.0,0.0,1.9844674545084815,99.0,0.8787878787878788,-0.0030948902600817954,-0.0016582379893588322,98.0,-0.002376564124720314,0.0007183261353614816,0.0036015983976267767,1.9844674545084815,QuantileRegressor,"{'mode': 'original', 'type': 'QuantileRegressor'}",6,"['lcc_T2W20', 'lsc_T2W20', 'atd_T2W20', 'density_T2W20', 'diameter_T2W20', 'asp_T2W20']",,,,,,,,1.3196611267084086,1.3492364416432259,98.0,1.3344487841758172,0.014787657467408713,0.07414348555266105,1.9844674545084815,completed,False,COMPLETE
25,1.0075757575757578,2026-06-10 19:45:34.150527,2026-06-10 19:45:36.242591,0 days 00:00:02.092064,,,,,,,,,,,,,,1.3358589404922976,QuantileRegressor,,,,,,4,,,,,,,,False,0.0,0.0,98.0,0.0,0.0,0.0,1.9844674545084815,0.9969166374215648,1.0182348777299508,98.0,1.0075757575757578,0.010659120154193034,0.053443510096056954,1.9844674545084815,243249413827922.25,331073265925134.4,98.0,287161339876528.3,43911926048606.08,220168966027914.5,1.9844674545084815,2.969853864095874,3.009944115702106,98.0,2.98989898989899,0.02004512580311598,0.10050378152592122,1.9844674545084815,1.0,1.0,98.0,1.0,0.0,0.0,1.9844674545084815,99.0,0.8787878787878788,-0.0030948902600817954,-0.0016582379893588322,98.0,-0.002376564124720314,0.0007183261353614816,0.0036015983976267767,1.9844674545084815,QuantileRegressor,"{'mode': 'original', 'type': 'QuantileRegressor'}",4,"['atd_T2W20', 'density_T2W20', 'diameter_T2W20', 'asp_T2W20']",,,,,,,,1.3196611267084086,1.3492364416432259,98.0,1.3344487841758172,0.014787657467408713,0.07414348555266105,1.9844674545084815,completed,False,COMPLETE
26,1.1105578151368356,2026-06-10 19:45:36.255898,2026-06-10 19:46:24.180039,0 days 00:00:47.924141,,,,,,,,,,,,,,,RandomForestRegressor,19.0,log2,1.0,2.0,491.0,8,,,,,,,,False,-0.11262556939549909,-0.09195227299330674,98.0,-0.10228892119440292,0.010336648201096171,0.051826675607682414,1.9844674545084815,1.095138411179076,1.1259772190945951,98.0,1.1105578151368356,0.015419403957759637,0.07731098431867663,1.9844674545084815,228076628967799.3,313856288105851.44,98.0,270966458536825.38,42889829569026.07,215044300695749.12,1.9844674545084815,3.2475944193105217,3.3744084403963734,98.0,3.3110014298534476,0.06340701054292588,0.31791490846255455,1.9844674545084815,0.9479557948603559,0.9933116312947257,98.0,0.9706337130775408,0.02267791821718489,0.1137042770571367,1.9844674545084815,99.0,0.8282828282828283,-0.09452053205606456,-0.05993758190406484,98.0,-0.0772290569800647,0.01729147507599986,0.0866973173612637,1.9844674545084815,RandomForestRegressor,"{'mode': 'original', 'type': 'RandomForestRegressor'}",8,"['re_T2W20', 'l1_T2W20', 'l3_T2W20', 'lcc_T2W20', 'lsc_T2W20', 'atd_T2W20', 'density_T2W20', 'diameter_T2W20']",0.03346942996521741,0.08240497669854202,98.0,0.05793720333187972,0.02446777336666231,0.12267838940110416,1.9844674545084815,1.3632501233983008,1.4013321804130068,98.0,1.3822911519056538,0.019041028507353074,0.09546936187521311,1.9844674545084815,completed,False,COMPLETE
27,1.072237275579982,2026-06-10 19:46:24.192687,2026-06-10 19:46:25.968111,0 days 00:00:01.775424,,,,,,,,,,,minkowski,20.0,distance,,KNeighborsRegressor,,,,,,4,,,,,7.4910104974988885,0.6592318760277409,LinearSVR,,-0.0738204932586186,-0.05546950779402564,98.0,-0.06464500052632212,0.009175492732296477,0.04600478570286914,1.9844674545084815,1.0591809930109664,1.0852935581489978,98.0,1.072237275579982,0.013056282569015759,0.06546258595459019,1.9844674545084815,229119535005460.4,312743624379679.4,98.0,270931579692569.9,41812044687109.5,209640420602003.6,1.9844674545084815,3.2099849756950904,3.3364170429678426,98.0,3.2732010093314665,0.06321603363637616,0.3169573738738025,1.9844674545084815,0.8422517273130384,0.8814295032019178,98.0,0.8618406152574781,0.019588887944439658,0.0982162613316039,1.9844674545084815,99.0,0.5353535353535354,-0.023055204341123996,0.004351860670355853,98.0,-0.009351671835384072,0.013703532505739925,0.068707817083201,1.9844674545084815,KNeighborsRegressor,"{'mode': 'proxy', 'type': 'LinearSVR'}",4,"['nodes_T2W20', 'edges_T2W20', 'lsc_T2W20', 'diameter_T2W20']",0.16340898424193154,0.20536274295679882,98.0,0.18438586359936518,0.020976879357433635,0.10517547860474852,1.9844674545084815,1.3216464138548614,1.3543600178730673,98.0,1.3380032158639643,0.016356802009102955,0.08201098220745956,1.9844674545084815,completed,True,COMPLETE
