number,value,datetime_start,datetime_complete,duration,params_dt_max_depth,params_dt_min_samples_leaf,params_dt_min_samples_split,params_elastic_alpha,params_elastic_l1_ratio,params_et_max_depth,params_et_max_features,params_et_min_samples_leaf,params_et_min_samples_split,params_et_n_estimators,params_knn_metric,params_knn_n_neighbors,params_knn_weights,params_quantile_alpha,params_regressor,params_rf_max_depth,params_rf_max_features,params_rf_min_samples_leaf,params_rf_min_samples_split,params_rf_n_estimators,params_rfe_n_features,params_rfe_proxy_et_max_depth,params_rfe_proxy_et_min_samples_leaf,params_rfe_proxy_et_min_samples_split,params_rfe_proxy_et_n_estimators,params_rfe_proxy_lsvr_C,params_rfe_proxy_lsvr_epsilon,params_rfe_proxy_type,params_use_scaler,user_attrs_d2mae_ci_lower_val,user_attrs_d2mae_ci_upper_val,user_attrs_d2mae_df_val,user_attrs_d2mae_mean_val,user_attrs_d2mae_samperror_val,user_attrs_d2mae_std_val,user_attrs_d2mae_t_critical_val,user_attrs_mae_ci_lower_val,user_attrs_mae_ci_upper_val,user_attrs_mae_df_val,user_attrs_mae_mean_val,user_attrs_mae_samperror_val,user_attrs_mae_std_val,user_attrs_mae_t_critical_val,user_attrs_mape_ci_lower_val,user_attrs_mape_ci_upper_val,user_attrs_mape_df_val,user_attrs_mape_mean_val,user_attrs_mape_samperror_val,user_attrs_mape_std_val,user_attrs_mape_t_critical_val,user_attrs_max_error_ci_lower_val,user_attrs_max_error_ci_upper_val,user_attrs_max_error_df_val,user_attrs_max_error_mean_val,user_attrs_max_error_samperror_val,user_attrs_max_error_std_val,user_attrs_max_error_t_critical_val,user_attrs_median_ae_ci_lower_val,user_attrs_median_ae_ci_upper_val,user_attrs_median_ae_df_val,user_attrs_median_ae_mean_val,user_attrs_median_ae_samperror_val,user_attrs_median_ae_std_val,user_attrs_median_ae_t_critical_val,user_attrs_n_splits_val,user_attrs_r2_below_zero_val,user_attrs_r2_ci_lower_val,user_attrs_r2_ci_upper_val,user_attrs_r2_df_val,user_attrs_r2_mean_val,user_attrs_r2_samperror_val,user_attrs_r2_std_val,user_attrs_r2_t_critical_val,user_attrs_regressor_final,user_attrs_rfe_estimator,user_attrs_rfe_n_features,user_attrs_rfe_selected_features,user_attrs_rho_ci_lower_val,user_attrs_rho_ci_upper_val,user_attrs_rho_df_val,user_attrs_rho_mean_val,user_attrs_rho_samperror_val,user_attrs_rho_std_val,user_attrs_rho_t_critical_val,user_attrs_rmse_ci_lower_val,user_attrs_rmse_ci_upper_val,user_attrs_rmse_df_val,user_attrs_rmse_mean_val,user_attrs_rmse_samperror_val,user_attrs_rmse_std_val,user_attrs_rmse_t_critical_val,user_attrs_termination_reason,user_attrs_use_scaler_final,state
105,1.0089197740617102,2026-06-10 19:50:44.066002,2026-06-10 19:50:46.297825,0 days 00:00:02.231823,,,,,,,,,,,,,,0.017130479425443233,QuantileRegressor,,,,,,8,,,,,,,,False,-0.0029098838403734993,0.00018893315830414265,98.0,-0.0013604753410346782,0.0015494084993388209,0.007768542579450797,1.9844674545084815,0.9982481925553447,1.0195913555680756,98.0,1.0089197740617102,0.010671581506365478,0.05350598977458619,1.9844674545084815,242890292267746.72,330732613056982.4,98.0,286811452662364.56,43921160394617.84,220215265896681.47,1.9844674545084815,2.9721597945335034,3.0130329205896986,98.0,2.992596357561601,0.020436563028097498,0.10246639935766065,1.9844674545084815,0.998011913272248,1.000169335364689,98.0,0.9990906243184685,0.0010787110462205083,0.005408523767014276,1.9844674545084815,99.0,0.898989898989899,-0.003929136293740003,-0.0019474507479057817,98.0,-0.0029382935208228924,0.0009908427729171108,0.004967963112524802,1.9844674545084815,QuantileRegressor,"{'mode': 'original', 'type': 'QuantileRegressor'}",8,"['l2_T2W20', 'l3_T2W20', 'lcc_T2W20', 'lsc_T2W20', 'atd_T2W20', 'density_T2W20', 'diameter_T2W20', 'asp_T2W20']",-0.08097147323836879,0.08964735198465021,10.0,0.004337939373140718,0.0853094126115095,0.1269845963440581,2.228138851986274,1.3200400651654225,1.349590507777748,98.0,1.3348152864715852,0.014775221306162711,0.0740811321783213,1.9844674545084815,completed,False,COMPLETE
106,0.9916722350435213,2026-06-10 19:50:46.342700,2026-06-10 19:50:48.559400,0 days 00:00:02.216700,,,,,,,,,,,,,,0.008627594352250028,QuantileRegressor,,,,,,7,,,,,,,,False,0.011189445146635493,0.020423783414806676,98.0,0.015806614280721085,0.004617169134085592,0.023149914970762152,1.9844674545084815,0.9801318972415349,1.0032125728455077,98.0,0.9916722350435213,0.011540337801986376,0.057861826390028064,1.9844674545084815,223321628265120.8,303840249075264.4,98.0,263580938670192.6,40259310405071.766,201855202959444.78,1.9844674545084815,3.095151659705374,3.1986475400062244,98.0,3.146899599855799,0.05174794015042539,0.2594577715489486,1.9844674545084815,0.9932623068434321,0.9980630013884453,98.0,0.9956626541159387,0.0024003472725066055,0.012035044341045934,1.9844674545084815,99.0,0.1414141414141414,0.0312677897149292,0.04583232361067026,98.0,0.03855005666279973,0.007282266947870529,0.03651238578050955,1.9844674545084815,QuantileRegressor,"{'mode': 'original', 'type': 'QuantileRegressor'}",7,"['edges_T2W20', 'lcc_T2W20', 'lsc_T2W20', 'atd_T2W20', 'density_T2W20', 'diameter_T2W20', 'asp_T2W20']",0.1972281561991898,0.25637794230944255,97.0,0.22680304925431616,0.029574893055126377,0.14751503187608359,1.9847231860139845,1.2913380379535013,1.3221345595397072,98.0,1.3067362987466042,0.015398260793102938,0.0772049751061481,1.9844674545084815,completed,False,COMPLETE
107,1.0075757575757578,2026-06-10 19:50:48.576899,2026-06-10 19:50:50.873954,0 days 00:00:02.297055,,,,,,,,,,,,,,0.03566484398821561,QuantileRegressor,,,,,,7,,,,,,,,False,-3.485854231128081e-16,-2.0316177700393636e-16,98.0,-2.7587360005837223e-16,7.271182305443586e-17,3.645680875436799e-16,1.9844674545084815,0.9969166374215648,1.0182348777299508,98.0,1.0075757575757578,0.010659120154193034,0.053443510096056954,1.9844674545084815,243249413827922.2,331073265925134.3,98.0,287161339876528.25,43911926048606.08,220168966027914.5,1.9844674545084815,2.969853864095875,3.009944115702107,98.0,2.989898989898991,0.02004512580311599,0.10050378152592128,1.9844674545084815,0.9999999999999994,0.9999999999999999,98.0,0.9999999999999997,1.9193358519791585e-16,9.623312571687387e-16,1.9844674545084815,99.0,0.8787878787878788,-0.0030948902600818054,-0.0016582379893588448,98.0,-0.002376564124720325,0.0007183261353614802,0.0036015983976267697,1.9844674545084815,QuantileRegressor,"{'mode': 'original', 'type': 'QuantileRegressor'}",7,"['l3_T2W20', 'lcc_T2W20', 'lsc_T2W20', 'atd_T2W20', 'density_T2W20', 'diameter_T2W20', 'asp_T2W20']",,,,,,,,1.3196611267084086,1.3492364416432259,98.0,1.3344487841758172,0.01478765746740871,0.07414348555266104,1.9844674545084815,completed,False,COMPLETE
108,1.0397272166996343,2026-06-10 19:50:50.886380,2026-06-10 19:51:14.010412,0 days 00:00:23.124032,,,,,,10.0,log2,2.0,7.0,323.0,,,,,ExtraTreesRegressor,,,,,,7,,,,,,,,False,-0.03725416948813346,-0.02690632767632383,98.0,-0.032080248582228646,0.005173920905904817,0.025941399493667496,1.9844674545084815,1.0281675734128344,1.0512868599864342,98.0,1.0397272166996343,0.011559643286799835,0.05795862170311322,1.9844674545084815,224094735423517.2,306263309737078.94,98.0,265179022580298.06,41084287156780.86,205991534356519.22,1.9844674545084815,3.042394694324911,3.136334762933772,98.0,3.0893647286293415,0.04697003430443017,0.23550194258514737,1.9844674545084815,0.9189672399437481,0.9447749569515524,98.0,0.9318710984476503,0.012903858503902136,0.06469835054444918,1.9844674545084815,99.0,0.15151515151515152,0.024728682623677355,0.04137979521943921,98.0,0.03305423892155828,0.008325556297880926,0.04174330954380495,1.9844674545084815,ExtraTreesRegressor,"{'mode': 'original', 'type': 'ExtraTreesRegressor'}",7,"['edges_T2W20', 'l1_T2W20', 'l2_T2W20', 'l3_T2W20', 'lsc_T2W20', 'density_T2W20', 'diameter_T2W20']",0.1660720523584842,0.20803163420135157,98.0,0.1870518432799179,0.02097979092143368,0.10519007682653238,1.9844674545084815,1.2950110523902705,1.3255313271735085,98.0,1.3102711897818895,0.015260137391618913,0.07651244145469006,1.9844674545084815,completed,False,COMPLETE
109,1.0079682141255684,2026-06-10 19:51:14.023878,2026-06-10 19:51:16.330200,0 days 00:00:02.306322,,,,,,,,,,,,,,0.0030689850444524554,QuantileRegressor,,,,,,8,,,,,,,,True,-0.007594413196410457,0.006714703394083784,98.0,-0.00043985490116333633,0.00715455829524712,0.035872070391706264,1.9844674545084815,0.9952473623149588,1.0206890659361778,98.0,1.0079682141255684,0.012720851810609517,0.06378077761918455,1.9844674545084815,222074341641405.53,302581781069715.5,98.0,262328061355560.53,40253719714154.99,201827171926664.2,1.9844674545084815,3.121365690218641,3.248546645007482,98.0,3.1849561676130613,0.06359047739442057,0.3188347885641304,1.9844674545084815,0.9638230162647766,0.9790861704903989,98.0,0.9714545933775878,0.007631577112811195,0.03826378374362549,1.9844674545084815,99.0,0.2222222222222222,0.0238078295665071,0.044320291429808374,98.0,0.03406406049815774,0.010256230931650635,0.051423473364970176,1.9844674545084815,QuantileRegressor,"{'mode': 'original', 'type': 'QuantileRegressor'}",8,"['edges_T2W20', 'pe_T2W20', 'l1_T2W20', 'l2_T2W20', 'lcc_T2W20', 'lsc_T2W20', 'density_T2W20', 'diameter_T2W20']",0.17757096695255337,0.23103697900749276,98.0,0.20430397298002306,0.02673300602746971,0.13403598579053555,1.9844674545084815,1.2935174733118247,1.3254793000003635,98.0,1.309498386656094,0.015980913344269373,0.08012632293320185,1.9844674545084815,completed,True,COMPLETE
110,1.3653505291005292,2026-06-10 19:51:16.348542,2026-06-10 19:51:16.566818,0 days 00:00:00.218276,13.0,3.0,10.0,,,,,,,,,,,,DecisionTreeRegressor,,,,,,7,,,,,,,,False,,,,,,,,,,,,,,,,,,,,,,,,,,,,,,,,,,,,,,,,,,,,,DecisionTreeRegressor,"{'mode': 'original', 'type': 'DecisionTreeRegressor'}",7,"['edges_T2W20', 're_T2W20', 'l2_T2W20', 'lcc_T2W20', 'lsc_T2W20', 'atd_T2W20', 'density_T2W20']",,,,,,,,,,,,,,,pruned,False,PRUNED
111,0.9925774672254251,2026-06-10 19:51:16.576091,2026-06-10 19:51:18.829788,0 days 00:00:02.253697,,,,,,,,,,,,,,0.007761788131893302,QuantileRegressor,,,,,,8,,,,,,,,False,0.01021264539861456,0.019687729352404357,98.0,0.014950187375509459,0.004737541976894899,0.023753449516476004,1.9844674545084815,0.9808317854356169,1.0043231490152331,98.0,0.9925774672254251,0.011745681789808152,0.05889139574730759,1.9844674545084815,222866729858345.53,303463942667832.6,98.0,263165336263089.1,40298606404743.56,202052228241533.25,1.9844674545084815,3.096868425328129,3.1993605344978047,98.0,3.148114479912967,0.05124605458483799,0.25694137939804634,1.9844674545084815,0.9898262435086671,0.9955862749380386,98.0,0.9927062592233529,0.0028800157146857625,0.014440042583070389,1.9844674545084815,99.0,0.1414141414141414,0.03181423581260903,0.04648347059438067,98.0,0.03914885320349485,0.007334617390885821,0.03677486442690329,1.9844674545084815,QuantileRegressor,"{'mode': 'original', 'type': 'QuantileRegressor'}",8,"['edges_T2W20', 'l3_T2W20', 'lcc_T2W20', 'lsc_T2W20', 'atd_T2W20', 'density_T2W20', 'diameter_T2W20', 'asp_T2W20']",0.20319824989073185,0.25700044671364186,96.0,0.23009934830218684,0.026901098411455004,0.13347465339075348,1.984984311522457,1.290842566753386,1.3218691582460784,98.0,1.3063558624997322,0.015513295746346223,0.07778174613378668,1.9844674545084815,completed,False,COMPLETE
112,1.0116741837539127,2026-06-10 19:51:18.871091,2026-06-10 19:51:21.167050,0 days 00:00:02.295959,,,,,,,,,,,,,,0.014407826488862107,QuantileRegressor,,,,,,8,,,,,,,,False,-0.007136613959561118,-0.0012472445143982464,98.0,-0.004191929236979682,0.0029446847225814356,0.014764284990171394,1.9844674545084815,1.0010593739210552,1.0222889935867703,98.0,1.0116741837539127,0.01061480983285759,0.053221343625335746,1.9844674545084815,242666116626251.94,330012048983104.94,98.0,286339082804678.44,43672966178426.5,218970850794222.25,1.9844674545084815,2.9841244822982973,3.01546373794679,98.0,2.9997941101225436,0.01566962782424624,0.07856557583668203,1.9844674545084815,0.9963993142999655,1.0007713959314173,98.0,0.9985853551156915,0.0021860408157258794,0.010960538272915585,1.9844674545084815,99.0,0.898989898989899,-0.006005502417794704,-0.0020802098099142316,98.0,-0.004042856113854468,0.001962646303940236,0.00984046582103284,1.9844674545084815,QuantileRegressor,"{'mode': 'original', 'type': 'QuantileRegressor'}",8,"['l2_T2W20', 'l3_T2W20', 'lcc_T2W20', 'lsc_T2W20', 'atd_T2W20', 'density_T2W20', 'diameter_T2W20', 'asp_T2W20']",-0.051180406015107455,0.09825751538867111,10.0,0.023538554686781833,0.07471896070188928,0.11122051803574201,2.228138851986274,1.3208783049455912,1.3500683251115577,98.0,1.3354733150285745,0.014595010082983235,0.0731775753944505,1.9844674545084815,completed,False,COMPLETE
113,0.9925722280475452,2026-06-10 19:51:21.180549,2026-06-10 19:51:23.410374,0 days 00:00:02.229825,,,,,,,,,,,,,,0.007916740195576819,QuantileRegressor,,,,,,8,,,,,,,,False,0.010215715991525676,0.019696750457534037,98.0,0.014956233224529856,0.00474051723300418,0.023768367082617908,1.9844674545084815,0.9808227478767831,1.0043217082183074,98.0,0.9925722280475452,0.01174948017076207,0.05891044035961356,1.9844674545084815,222879615168688.25,303477184008765.0,98.0,263178399588726.62,40298784420038.36,202053120788203.78,1.9844674545084815,3.096778735745265,3.199187620554273,98.0,3.147983178149769,0.05120444240450405,0.2567327410725912,1.9844674545084815,0.9896582728885018,0.9955405110744523,98.0,0.9925993919814771,0.002941119092975235,0.01474640736433538,1.9844674545084815,99.0,0.1414141414141414,0.031806031660558176,0.0464878166982438,98.0,0.03914692417940099,0.007340892518842813,0.036806327142349986,1.9844674545084815,QuantileRegressor,"{'mode': 'original', 'type': 'QuantileRegressor'}",8,"['edges_T2W20', 'l3_T2W20', 'lcc_T2W20', 'lsc_T2W20', 'atd_T2W20', 'density_T2W20', 'diameter_T2W20', 'asp_T2W20']",0.20103498204929388,0.25639454939693396,98.0,0.22871476572311392,0.027679783673820044,0.1387830118085827,1.9844674545084815,1.2908401003786316,1.3218751573796987,98.0,1.3063576288791652,0.015517528500533473,0.07780296863975979,1.9844674545084815,completed,False,COMPLETE
114,1.0025962370875516,2026-06-10 19:51:23.422447,2026-06-10 19:51:25.844914,0 days 00:00:02.422467,,,,,,,,,,,,,,0.003582578929047648,QuantileRegressor,,,,,,8,,,,,,,,False,-0.0019429199288275951,0.011716635634143734,98.0,0.00488685785265807,0.006829777781485665,0.03424366106569028,1.9844674545084815,0.9901462259410316,1.0150462482340716,98.0,1.0025962370875516,0.01245001114651995,0.06242281602795513,1.9844674545084815,222667925530531.12,303318103082881.4,98.0,262993014306706.25,40325088776175.125,202185007576459.25,1.9844674545084815,3.148090272413234,3.2728237709762054,98.0,3.2104570216947197,0.06236674928148569,0.31269916716082563,1.9844674545084815,0.981666370836704,0.9916938822843088,98.0,0.9866801265605064,0.005013755723802408,0.025138351080393005,1.9844674545084815,99.0,0.20202020202020202,0.017422467398303436,0.041291118536792966,98.0,0.0293567929675482,0.011934325569244765,0.059837232325283776,1.9844674545084815,QuantileRegressor,"{'mode': 'original', 'type': 'QuantileRegressor'}",8,"['nodes_T2W20', 'edges_T2W20', 'pe_T2W20', 'l2_T2W20', 'l3_T2W20', 'lcc_T2W20', 'lsc_T2W20', 'diameter_T2W20']",0.17113793051247322,0.22470825067504718,97.0,0.1979230905937602,0.02678516008128699,0.13360027154898424,1.9847231860139845,1.296489628506996,1.3282957622050637,98.0,1.3123926953560299,0.015903066849033927,0.07973601023441673,1.9844674545084815,completed,False,COMPLETE
115,0.9963385972242756,2026-06-10 19:51:25.857062,2026-06-10 19:51:28.217672,0 days 00:00:02.360610,,,,,,,,,,,,,,0.001677771268198483,QuantileRegressor,,,,,,7,,,,,,,,False,0.003941546976393942,0.018244422991985768,98.0,0.011092984984189855,0.007151438007795913,0.03585642565635392,1.9844674545084815,0.9838093910051774,1.008867803443374,98.0,0.9963385972242756,0.012529206219098268,0.06281989032674071,1.9844674545084815,223035220070433.53,303590067944544.0,98.0,263312644007488.78,40277423937055.25,201946021968465.3,1.9844674545084815,3.162152616344647,3.303170648139929,98.0,3.232661632242288,0.07050901589764094,0.35352348491036356,1.9844674545084815,0.9846211305957717,0.992952692780471,98.0,0.9887869116881214,0.004165781092349705,0.020886711158741925,1.9844674545084815,99.0,0.1717171717171717,0.02172368741146679,0.04708401695965125,98.0,0.03440385218555902,0.012680164774092227,0.0635767778504011,1.9844674545084815,QuantileRegressor,"{'mode': 'original', 'type': 'QuantileRegressor'}",7,"['nodes_T2W20', 'edges_T2W20', 'pe_T2W20', 'l2_T2W20', 'lcc_T2W20', 'lsc_T2W20', 'diameter_T2W20']",0.16907239374129068,0.22153107620108314,98.0,0.1953017349711869,0.026229341229896216,0.13151067279051662,1.9844674545084815,1.2929195298189944,1.3248348743864682,98.0,1.3088772021027313,0.01595767228373688,0.08000979513022717,1.9844674545084815,completed,False,COMPLETE
116,0.99283449308786,2026-06-10 19:51:28.229792,2026-06-10 19:51:30.399929,0 days 00:00:02.170137,,,,,,,,,,,,,,0.008102735878795956,QuantileRegressor,,,,,,8,,,,,,,,False,0.009961845261375599,0.019417566293125882,98.0,0.01468970577725074,0.0047278605158751425,0.023704907868359725,1.9844674545084815,0.9811112107366774,1.0045577754390427,98.0,0.99283449308786,0.011723282351182607,0.058779087732479605,1.9844674545084815,223438452951383.84,304024854728829.7,98.0,263731653840106.75,40293200888722.914,202025125652778.72,1.9844674545084815,3.096774745492825,3.199282553085077,98.0,3.148028649288951,0.051253903796125995,0.25698073437262664,1.9844674545084815,0.9902751321113878,0.9960532499990844,98.0,0.9931641910552361,0.002889058943848303,0.01448538421559332,1.9844674545084815,99.0,0.15151515151515152,0.03094758747442799,0.04555451820749249,98.0,0.03825105284096024,0.007303465366532249,0.036618672029785235,1.9844674545084815,QuantileRegressor,"{'mode': 'original', 'type': 'QuantileRegressor'}",8,"['edges_T2W20', 'l3_T2W20', 'lcc_T2W20', 'lsc_T2W20', 'atd_T2W20', 'density_T2W20', 'diameter_T2W20', 'asp_T2W20']",0.18375441170623044,0.24859919528534488,98.0,0.21617680349578766,0.03242239178955722,0.1625618623186162,1.9844674545084815,1.2915108456014508,1.3223817335927013,98.0,1.306946289597076,0.015435443995625298,0.07739140708464735,1.9844674545084815,completed,False,COMPLETE
117,1.1298833819916336,2026-06-10 19:51:30.412130,2026-06-10 19:51:30.534900,0 days 00:00:00.122770,,,,,,,,,,,manhattan,8.0,distance,,KNeighborsRegressor,,,,,,7,,,,,0.0014989694154553623,0.2669876570464688,LinearSVR,,,,,,,,,,,,,,,,,,,,,,,,,,,,,,,,,,,,,,,,,,,,,,KNeighborsRegressor,"{'mode': 'proxy', 'type': 'LinearSVR'}",7,"['edges_T2W20', 'pe_T2W20', 'l1_T2W20', 'l2_T2W20', 'l3_T2W20', 'lsc_T2W20', 'density_T2W20']",,,,,,,,,,,,,,,pruned,True,PRUNED
118,1.0080584894933973,2026-06-10 19:51:30.543950,2026-06-10 19:51:32.667709,0 days 00:00:02.123759,,,,,,,,,,,,,,0.025569087791348834,QuantileRegressor,,,,,,8,,,,,,,,False,-0.001440697697446997,0.0004752338621678204,98.0,-0.0004827319176395883,0.0009579657798074087,0.004803121935413652,1.9844674545084815,0.99737014891133,1.0187468300754645,98.0,1.0080584894933973,0.010688340582067251,0.05359001770733409,1.9844674545084815,242847440861551.75,330689232798805.6,98.0,286768336830178.7,43920895968626.93,220213940097468.12,1.9844674545084815,2.97122937839149,3.011942053530607,98.0,2.9915857159610484,0.020356337569558694,0.10206415883111092,1.9844674545084815,0.9994949639233811,1.0001665930650476,98.0,0.9998307784942143,0.0003358145708332098,0.0016837327234431943,1.9844674545084815,99.0,0.898989898989899,-0.003142136417072487,-0.0017057727820691834,98.0,-0.002423954599570835,0.0007181818175016517,0.0036008748057273247,1.9844674545084815,QuantileRegressor,"{'mode': 'original', 'type': 'QuantileRegressor'}",8,"['l2_T2W20', 'l3_T2W20', 'lcc_T2W20', 'lsc_T2W20', 'atd_T2W20', 'density_T2W20', 'diameter_T2W20', 'asp_T2W20']",-0.055237387252344713,0.24055054793518132,1.0,0.09265658034141831,0.14789396759376303,0.01646074961855479,12.706204736174694,1.3196923213129381,1.3492686064554789,98.0,1.3344804638842085,0.01478814257127029,0.07414591780342367,1.9844674545084815,completed,False,COMPLETE
119,1.0129550737332966,2026-06-10 19:51:32.679447,2026-06-10 19:51:34.945814,0 days 00:00:02.266367,,,,,,,,,,,,,,0.01201020226663613,QuantileRegressor,,,,,,8,,,,,,,,False,-0.008829124360675174,-0.002204372264513195,98.0,-0.005516748312594184,0.0033123760480809894,0.01660784381888371,1.9844674545084815,1.002410892007898,1.0234992554586952,98.0,1.0129550737332966,0.01054418172539855,0.05286722303006619,1.9844674545084815,242527350857939.53,329824468900419.44,98.0,286175909879179.5,43648559021239.96,218848476326851.1,1.9844674545084815,2.9839146099372282,3.015717736601882,98.0,2.999816173269555,0.01590156333232688,0.07972847178760775,1.9844674545084815,0.9957324333464322,1.0010803688475436,98.0,0.998406401096988,0.002673967750555679,0.013406943575651257,1.9844674545084815,99.0,0.8888888888888888,-0.00691631551956234,-0.0025948146982505446,98.0,-0.004755565108906443,0.002160750410655898,0.01083373530989999,1.9844674545084815,QuantileRegressor,"{'mode': 'original', 'type': 'QuantileRegressor'}",8,"['l2_T2W20', 'l3_T2W20', 'lcc_T2W20', 'lsc_T2W20', 'atd_T2W20', 'density_T2W20', 'diameter_T2W20', 'asp_T2W20']",-0.03428673573654507,0.09963600084190102,14.0,0.032674632552677975,0.06696136828922304,0.12091657677864193,2.144786687917804,1.3213956576997612,1.3504369846434727,98.0,1.335916321171617,0.014520663471855835,0.07280481068170525,1.9844674545084815,completed,False,COMPLETE
