number,value,datetime_start,datetime_complete,duration,params_dt_max_depth,params_dt_min_samples_leaf,params_dt_min_samples_split,params_elastic_alpha,params_elastic_l1_ratio,params_et_max_depth,params_et_max_features,params_et_min_samples_leaf,params_et_min_samples_split,params_et_n_estimators,params_knn_metric,params_knn_n_neighbors,params_knn_weights,params_quantile_alpha,params_regressor,params_rf_max_depth,params_rf_max_features,params_rf_min_samples_leaf,params_rf_min_samples_split,params_rf_n_estimators,params_rfe_n_features,params_rfe_proxy_et_max_depth,params_rfe_proxy_et_min_samples_leaf,params_rfe_proxy_et_min_samples_split,params_rfe_proxy_et_n_estimators,params_rfe_proxy_lsvr_C,params_rfe_proxy_lsvr_epsilon,params_rfe_proxy_type,params_use_scaler,user_attrs_d2mae_ci_lower_val,user_attrs_d2mae_ci_upper_val,user_attrs_d2mae_df_val,user_attrs_d2mae_mean_val,user_attrs_d2mae_samperror_val,user_attrs_d2mae_std_val,user_attrs_d2mae_t_critical_val,user_attrs_mae_ci_lower_val,user_attrs_mae_ci_upper_val,user_attrs_mae_df_val,user_attrs_mae_mean_val,user_attrs_mae_samperror_val,user_attrs_mae_std_val,user_attrs_mae_t_critical_val,user_attrs_mape_ci_lower_val,user_attrs_mape_ci_upper_val,user_attrs_mape_df_val,user_attrs_mape_mean_val,user_attrs_mape_samperror_val,user_attrs_mape_std_val,user_attrs_mape_t_critical_val,user_attrs_max_error_ci_lower_val,user_attrs_max_error_ci_upper_val,user_attrs_max_error_df_val,user_attrs_max_error_mean_val,user_attrs_max_error_samperror_val,user_attrs_max_error_std_val,user_attrs_max_error_t_critical_val,user_attrs_median_ae_ci_lower_val,user_attrs_median_ae_ci_upper_val,user_attrs_median_ae_df_val,user_attrs_median_ae_mean_val,user_attrs_median_ae_samperror_val,user_attrs_median_ae_std_val,user_attrs_median_ae_t_critical_val,user_attrs_n_splits_val,user_attrs_r2_below_zero_val,user_attrs_r2_ci_lower_val,user_attrs_r2_ci_upper_val,user_attrs_r2_df_val,user_attrs_r2_mean_val,user_attrs_r2_samperror_val,user_attrs_r2_std_val,user_attrs_r2_t_critical_val,user_attrs_regressor_final,user_attrs_rfe_estimator,user_attrs_rfe_n_features,user_attrs_rfe_selected_features,user_attrs_rho_ci_lower_val,user_attrs_rho_ci_upper_val,user_attrs_rho_df_val,user_attrs_rho_mean_val,user_attrs_rho_samperror_val,user_attrs_rho_std_val,user_attrs_rho_t_critical_val,user_attrs_rmse_ci_lower_val,user_attrs_rmse_ci_upper_val,user_attrs_rmse_df_val,user_attrs_rmse_mean_val,user_attrs_rmse_samperror_val,user_attrs_rmse_std_val,user_attrs_rmse_t_critical_val,user_attrs_termination_reason,user_attrs_use_scaler_final,state
237,0.9914646327985963,2026-06-10 19:56:51.232508,2026-06-10 19:56:53.531573,0 days 00:00:02.299065,,,,,,,,,,,,,,0.009678019251595536,QuantileRegressor,,,,,,4,,,,,,,,False,0.011462630725136792,0.020566368055904033,98.0,0.016014499390520413,0.00455186866538362,0.02282250649727963,1.9844674545084815,0.9799375895473523,1.0029916760498403,98.0,0.9914646327985963,0.011527043251243962,0.05779516915692189,1.9844674545084815,223415087908494.28,303985988836957.1,98.0,263700538372725.7,40285450464231.414,201986265982977.8,1.9844674545084815,3.0944030673585994,3.1967569059960335,98.0,3.1455799866773164,0.05117691931871717,0.25659474372460683,1.9844674545084815,0.9954558213045896,0.9995837118144306,98.0,0.9975197665595101,0.002063945254920491,0.010348366232241136,1.9844674545084815,99.0,0.16161616161616163,0.030363037496105028,0.045080313996131965,98.0,0.037721675746118496,0.007358638250013467,0.03689530204358587,1.9844674545084815,QuantileRegressor,"{'mode': 'original', 'type': 'QuantileRegressor'}",4,"['edges_T2W20', 'density_T2W20', 'diameter_T2W20', 'asp_T2W20']",0.21622343870460897,0.2726810289134086,96.0,0.2444522338090088,0.028228795104399833,0.1400622600820624,1.984984311522457,1.291957325899094,1.32255733705819,98.0,1.307257331478642,0.015300005579548023,0.07671233561793044,1.9844674545084815,completed,False,COMPLETE
238,0.9903178524906028,2026-06-10 19:56:53.544163,2026-06-10 19:56:55.804626,0 days 00:00:02.260463,,,,,,,,,,,,,,0.00796481301504321,QuantileRegressor,,,,,,4,,,,,,,,False,0.01247517609971682,0.021812954437522843,98.0,0.01714406526861983,0.004668889168903013,0.023409232828422843,1.9844674545084815,0.9787919025407152,1.0018438024404903,98.0,0.9903178524906028,0.01152594994988753,0.057789687479144064,1.9844674545084815,223035233526070.25,303417151916894.44,98.0,263226192721482.34,40190959195412.11,201512498448126.7,1.9844674545084815,3.099586011526043,3.204138686719904,98.0,3.1518623491229736,0.052276337596930296,0.26210709099168955,1.9844674545084815,0.9947454374205348,0.9990411182729085,98.0,0.9968932778467217,0.002147840426186915,0.010769006244524305,1.9844674545084815,99.0,0.13131313131313133,0.03243467189434905,0.04699901629914442,98.0,0.03971684409674674,0.007282172202397686,0.03651191073842716,1.9844674545084815,QuantileRegressor,"{'mode': 'original', 'type': 'QuantileRegressor'}",4,"['edges_T2W20', 'density_T2W20', 'diameter_T2W20', 'asp_T2W20']",0.23238365399503697,0.2838850098466755,95.0,0.2581343319208562,0.025750677925819265,0.12708926244113153,1.9852510035054978,1.290590038899978,1.3212639881182888,98.0,1.3059270135091334,0.015336974609155458,0.0768976937599239,1.9844674545084815,completed,False,COMPLETE
239,1.0075757575757578,2026-06-10 19:56:55.817146,2026-06-10 19:56:58.009370,0 days 00:00:02.192224,,,,,,,,,,,,,,0.01154123678298291,QuantileRegressor,,,,,,4,,,,,,,,False,-2.0302896459082177e-16,-1.2443075580366883e-16,98.0,-1.637298601972453e-16,3.9299104393576466e-17,1.970408487794277e-16,1.9844674545084815,0.9969166374215648,1.0182348777299508,98.0,1.0075757575757578,0.01065912015419304,0.053443510096056975,1.9844674545084815,243249413827922.2,331073265925134.3,98.0,287161339876528.25,43911926048606.08,220168966027914.5,1.9844674545084815,2.969853864095874,3.009944115702106,98.0,2.98989898989899,0.020045125803115967,0.10050378152592117,1.9844674545084815,0.9999999999999996,0.9999999999999998,98.0,0.9999999999999997,9.13253563297619e-17,4.578940411996072e-16,1.9844674545084815,99.0,0.8787878787878788,-0.0030948902600818166,-0.0016582379893588474,98.0,-0.002376564124720332,0.0007183261353614848,0.0036015983976267927,1.9844674545084815,QuantileRegressor,"{'mode': 'original', 'type': 'QuantileRegressor'}",4,"['atd_T2W20', 'density_T2W20', 'diameter_T2W20', 'asp_T2W20']",,,,,,,,1.3196611267084086,1.3492364416432259,98.0,1.3344487841758172,0.014787657467408713,0.07414348555266105,1.9844674545084815,completed,False,COMPLETE
240,0.9902047710552997,2026-06-10 19:56:58.022822,2026-06-10 19:57:00.303536,0 days 00:00:02.280714,,,,,,,,,,,,,,0.008267178091358136,QuantileRegressor,,,,,,4,,,,,,,,False,0.012617172496004291,0.021891489904509058,98.0,0.017254331200256674,0.004637158704252383,0.02325014020319885,1.9844674545084815,0.9786989571654955,1.001710584945104,98.0,0.9902047710552997,0.011505813889804217,0.057688727764384294,1.9844674545084815,223085652854335.34,303470858972530.06,98.0,263278255913432.72,40192603059097.37,201520740577325.8,1.9844674545084815,3.0992566957563716,3.20359690797299,98.0,3.1514268018646807,0.052170106108309064,0.26157445944682284,1.9844674545084815,0.9947541921975185,0.9990454480741446,98.0,0.9968998201358316,0.0021456279383130334,0.01075791310397286,1.9844674545084815,99.0,0.13131313131313133,0.03245031152554903,0.047003576693343166,98.0,0.0397269441094461,0.007276632583897069,0.036484135776424356,1.9844674545084815,QuantileRegressor,"{'mode': 'original', 'type': 'QuantileRegressor'}",4,"['edges_T2W20', 'density_T2W20', 'diameter_T2W20', 'asp_T2W20']",0.22497810474671817,0.28088708293010595,96.0,0.25293259383841205,0.02795448909169388,0.13870124130844474,1.984984311522457,1.2905864735532209,1.3212530140613308,98.0,1.3059197438072758,0.015333270254054876,0.07687912058161711,1.9844674545084815,completed,False,COMPLETE
241,0.9902901107998715,2026-06-10 19:57:00.316166,2026-06-10 19:57:02.455647,0 days 00:00:02.139481,,,,,,,,,,,,,,0.007785840769333544,QuantileRegressor,,,,,,4,,,,,,,,False,0.012489296459760584,0.021856450980905207,98.0,0.017172873720332896,0.004683577260572311,0.023482877103378416,1.9844674545084815,0.9787544767852292,1.0018257448145138,98.0,0.9902901107998715,0.011535634014642266,0.057838242182065486,1.9844674545084815,223016613200864.75,303398663797139.94,98.0,263207638499002.34,40191025298137.58,201512829879016.4,1.9844674545084815,3.099752352040947,3.2044087794097944,98.0,3.1520805657253708,0.052328213684423655,0.26236719127816627,1.9844674545084815,0.9947454374205352,0.999041118272909,98.0,0.9968932778467221,0.0021478404261868695,0.010769006244524077,1.9844674545084815,99.0,0.13131313131313133,0.03247567613113418,0.04706428970117328,98.0,0.03976998291615373,0.007294306785019551,0.03657275203484579,1.9844674545084815,QuantileRegressor,"{'mode': 'original', 'type': 'QuantileRegressor'}",4,"['edges_T2W20', 'density_T2W20', 'diameter_T2W20', 'asp_T2W20']",0.23153355553012167,0.28294468905139847,96.0,0.25723912229076007,0.025705566760638385,0.12754280740180032,1.984984311522457,1.2905467473449674,1.321236879958075,98.0,1.3058918136515212,0.015345066306553676,0.07693826452986928,1.9844674545084815,completed,False,COMPLETE
242,0.990315933623098,2026-06-10 19:57:02.467927,2026-06-10 19:57:04.722317,0 days 00:00:02.254390,,,,,,,,,,,,,,0.00805874197639489,QuantileRegressor,,,,,,4,,,,,,,,False,0.012477030866459609,0.021814783896389595,98.0,0.017145907381424602,0.004668876514964992,0.02340916938314269,1.9844674545084815,0.9787902132902899,1.001841653955906,98.0,0.990315933623098,0.011525720332808022,0.05778853620750724,1.9844674545084815,223061610641730.34,303442996503778.0,98.0,263252303572754.2,40190692931023.836,201511163431416.4,1.9844674545084815,3.0992596338464713,3.2035992635336736,98.0,3.1514294486900725,0.05216981484360128,0.26157299908160264,1.9844674545084815,0.9947454374205351,0.9990411182729091,98.0,0.9968932778467221,0.0021478404261869484,0.010769006244524471,1.9844674545084815,99.0,0.13131313131313133,0.03244659569826652,0.047007404410781495,98.0,0.03972700005452401,0.0072804043562574835,0.036503046976533546,1.9844674545084815,QuantileRegressor,"{'mode': 'original', 'type': 'QuantileRegressor'}",4,"['edges_T2W20', 'density_T2W20', 'diameter_T2W20', 'asp_T2W20']",0.22467559070703547,0.2805249075424131,96.0,0.2526002491247243,0.027924658417688826,0.1385532310371786,1.984984311522457,1.29058454403856,1.3212552121879813,98.0,1.3059198781132706,0.015335334074710563,0.07688946832312421,1.9844674545084815,completed,False,COMPLETE
243,0.9914932895916794,2026-06-10 19:57:04.734910,2026-06-10 19:57:06.824883,0 days 00:00:02.089973,,,,,,,,,,,,,,0.009273193380126197,QuantileRegressor,,,,,,4,,,,,,,,False,0.011433660094018371,0.02053389850680792,98.0,0.015983779300413146,0.004550119206394775,0.022813734926288735,1.9844674545084815,0.9799742883043114,1.0030122908790473,98.0,0.9914932895916794,0.01151900128736788,0.057754847744705295,1.9844674545084815,223361408208104.22,303918552560802.5,98.0,263639980384453.38,40278572176349.15,201951779098266.72,1.9844674545084815,3.0947138534398673,3.1973017132682657,98.0,3.1460077833540665,0.05129392991419912,0.25718142037807573,1.9844674545084815,0.9952133728657215,0.9994050322040873,98.0,0.9973092025349044,0.0020958296691828194,0.010508230741777157,1.9844674545084815,99.0,0.16161616161616163,0.030404162829586513,0.04512789292684641,98.0,0.03776602787821646,0.007361865048629946,0.03691148081274721,1.9844674545084815,QuantileRegressor,"{'mode': 'original', 'type': 'QuantileRegressor'}",4,"['edges_T2W20', 'density_T2W20', 'diameter_T2W20', 'asp_T2W20']",0.22342799637109512,0.278726896983291,93.0,0.25107744667719306,0.027649450306097938,0.13499401838512243,1.9858018143458227,1.2919248890488042,1.3225303582089176,98.0,1.307227623628861,0.015302734580056664,0.07672601848894849,1.9844674545084815,completed,False,COMPLETE
244,1.2021472720538442,2026-06-10 19:57:06.837019,2026-06-10 19:57:07.018440,0 days 00:00:00.181421,6.0,4.0,8.0,,,,,,,,,,,,DecisionTreeRegressor,,,,,,4,,,,,,,,False,,,,,,,,,,,,,,,,,,,,,,,,,,,,,,,,,,,,,,,,,,,,,DecisionTreeRegressor,"{'mode': 'original', 'type': 'DecisionTreeRegressor'}",4,"['l2_T2W20', 'lcc_T2W20', 'density_T2W20', 'diameter_T2W20']",,,,,,,,,,,,,,,pruned,False,PRUNED
245,0.9913491600137763,2026-06-10 19:57:07.028219,2026-06-10 19:57:09.302944,0 days 00:00:02.274725,,,,,,,,,,,,,,0.0048494615367597,QuantileRegressor,,,,,,4,,,,,,,,False,0.010982160632756088,0.02117498629586099,98.0,0.01607857346430854,0.005096412831552449,0.025552783595333035,1.9844674545084815,0.9797768777567346,1.002921442270818,98.0,0.9913491600137763,0.011572282257041695,0.05802199193667409,1.9844674545084815,222978112570914.34,303575253590700.6,98.0,263276683080807.5,40298570509893.16,202052048269192.88,1.9844674545084815,3.1226097667125683,3.247905060963935,98.0,3.1852574138382517,0.06264764712568349,0.3141075542092107,1.9844674545084815,0.9939843281326725,0.9986582551694562,98.0,0.9963212916510643,0.002336963518391902,0.011717246037438052,1.9844674545084815,99.0,0.15151515151515152,0.029988580645897992,0.04694921861041157,98.0,0.03846889962815478,0.008480318982256787,0.042519270501678245,1.9844674545084815,QuantileRegressor,"{'mode': 'original', 'type': 'QuantileRegressor'}",4,"['nodes_T2W20', 'edges_T2W20', 'l2_T2W20', 'lcc_T2W20']",0.21653401881843407,0.2727413525450046,98.0,0.2446376856817193,0.02810366686328526,0.1409083096932136,1.9844674545084815,1.2910842868985606,1.3223130761799124,98.0,1.3066986815392365,0.015614394640676032,0.07828864348569334,1.9844674545084815,completed,False,COMPLETE
246,1.0075757575757578,2026-06-10 19:57:09.315634,2026-06-10 19:57:11.432117,0 days 00:00:02.116483,,,,,,,,,,,,,,0.011900629887507808,QuantileRegressor,,,,,,4,,,,,,,,False,-1.6588089133367887e-16,-9.429258514413559e-17,98.0,-1.3008673823890723e-16,3.579415309477164e-17,1.7946745647179174e-16,1.9844674545084815,0.9969166374215648,1.0182348777299508,98.0,1.0075757575757578,0.010659120154193034,0.05344351009605695,1.9844674545084815,243249413827922.2,331073265925134.3,98.0,287161339876528.25,43911926048606.08,220168966027914.5,1.9844674545084815,2.969853864095874,3.009944115702106,98.0,2.98989898989899,0.020045125803115977,0.10050378152592121,1.9844674545084815,0.9999999999999998,1.0,98.0,0.9999999999999999,8.520346989875553e-17,4.2719965981075496e-16,1.9844674545084815,99.0,0.8787878787878788,-0.0030948902600818015,-0.00165823798935884,98.0,-0.0023765641247203207,0.0007183261353614807,0.0036015983976267728,1.9844674545084815,QuantileRegressor,"{'mode': 'original', 'type': 'QuantileRegressor'}",4,"['atd_T2W20', 'density_T2W20', 'diameter_T2W20', 'asp_T2W20']",,,,,,,,1.3196611267084086,1.3492364416432259,98.0,1.3344487841758172,0.01478765746740871,0.07414348555266104,1.9844674545084815,completed,False,COMPLETE
247,0.9899150331306767,2026-06-10 19:57:11.444811,2026-06-10 19:57:13.819855,0 days 00:00:02.375044,,,,,,,,,,,,,,0.007709301851176765,QuantileRegressor,,,,,,4,,,,,,,,False,0.012867108815934636,0.022244754715001168,98.0,0.0175559317654679,0.004688822949533265,0.02350917833902358,1.9844674545084815,0.9783409157585994,1.001489150502754,98.0,0.9899150331306767,0.011574117372077395,0.05803119297648968,1.9844674545084815,222349831888777.62,302750231859977.75,98.0,262550031874377.7,40200199985600.05,201558830627195.97,1.9844674545084815,3.099752352040947,3.2044087794097944,98.0,3.1520805657253708,0.05232821368442364,0.2623671912781662,1.9844674545084815,0.9947454374205347,0.9990411182729084,98.0,0.9968932778467215,0.0021478404261868816,0.010769006244524138,1.9844674545084815,99.0,0.12121212121212122,0.03346867351520146,0.04816113498183835,98.0,0.040814904248519905,0.007346230733318442,0.036833092289481846,1.9844674545084815,QuantileRegressor,"{'mode': 'original', 'type': 'QuantileRegressor'}",4,"['edges_T2W20', 'density_T2W20', 'diameter_T2W20', 'asp_T2W20']",0.224941890342632,0.2805267917210176,97.0,0.2527343410318248,0.027792450689192793,0.13862448265455737,1.9847231860139845,1.2897583080774204,1.320651562479795,98.0,1.3052049352786077,0.015446627201187313,0.07744747829415753,1.9844674545084815,completed,False,COMPLETE
248,0.9902901107998715,2026-06-10 19:57:13.832304,2026-06-10 19:57:16.183782,0 days 00:00:02.351478,,,,,,,,,,,,,,0.007773419257023003,QuantileRegressor,,,,,,4,,,,,,,,False,0.012489296459760553,0.02185645098090514,98.0,0.017172873720332847,0.004683577260572295,0.02348287710337834,1.9844674545084815,0.9787544767852292,1.0018257448145138,98.0,0.9902901107998715,0.011535634014642259,0.057838242182065444,1.9844674545084815,223016613200864.72,303398663797139.9,98.0,263207638499002.3,40191025298137.586,201512829879016.44,1.9844674545084815,3.099752352040947,3.2044087794097944,98.0,3.1520805657253708,0.052328213684423655,0.26236719127816627,1.9844674545084815,0.994745437420535,0.9990411182729088,98.0,0.9968932778467219,0.0021478404261868534,0.010769006244523996,1.9844674545084815,99.0,0.13131313131313133,0.03247567613113417,0.047064289701173254,98.0,0.03976998291615371,0.007294306785019546,0.03657275203484577,1.9844674545084815,QuantileRegressor,"{'mode': 'original', 'type': 'QuantileRegressor'}",4,"['edges_T2W20', 'density_T2W20', 'diameter_T2W20', 'asp_T2W20']",0.2260391351299906,0.28160903910724017,97.0,0.25382408711861537,0.027784951988624778,0.1385870802858909,1.9847231860139845,1.2905467473449674,1.321236879958075,98.0,1.3058918136515212,0.015345066306553674,0.07693826452986927,1.9844674545084815,completed,False,COMPLETE
249,1.0075757575757578,2026-06-10 19:57:16.213563,2026-06-10 19:57:18.298684,0 days 00:00:02.085121,,,,,,,,,,,,,,0.010537959937650289,QuantileRegressor,,,,,,4,,,,,,,,False,-1.8437313535347213e-16,-1.1168633787990293e-16,98.0,-1.4802973661668753e-16,3.63433987367846e-17,1.8222130618823273e-16,1.9844674545084815,0.9969166374215648,1.0182348777299508,98.0,1.0075757575757578,0.010659120154193034,0.05344351009605695,1.9844674545084815,243249413827922.2,331073265925134.3,98.0,287161339876528.25,43911926048606.07,220168966027914.47,1.9844674545084815,2.969853864095874,3.009944115702106,98.0,2.98989898989899,0.020045125803115984,0.10050378152592125,1.9844674545084815,0.9999999999999998,1.0,98.0,0.9999999999999999,8.520346989875553e-17,4.2719965981075496e-16,1.9844674545084815,99.0,0.8787878787878788,-0.003094890260081798,-0.0016582379893588348,98.0,-0.0023765641247203164,0.0007183261353614816,0.003601598397626777,1.9844674545084815,QuantileRegressor,"{'mode': 'original', 'type': 'QuantileRegressor'}",4,"['atd_T2W20', 'density_T2W20', 'diameter_T2W20', 'asp_T2W20']",,,,,,,,1.3196611267084086,1.3492364416432259,98.0,1.3344487841758172,0.01478765746740871,0.07414348555266104,1.9844674545084815,completed,False,COMPLETE
250,0.9899150331306767,2026-06-10 19:57:18.315000,2026-06-10 19:57:20.528195,0 days 00:00:02.213195,,,,,,,,,,,,,,0.007743244567575874,QuantileRegressor,,,,,,4,,,,,,,,False,0.012867108815934667,0.022244754715001203,98.0,0.017555931765467936,0.0046888229495332685,0.023509178339023596,1.9844674545084815,0.9783409157585994,1.001489150502754,98.0,0.9899150331306767,0.01157411737207739,0.058031192976489655,1.9844674545084815,222349831888777.62,302750231859977.7,98.0,262550031874377.66,40200199985600.04,201558830627195.9,1.9844674545084815,3.099752352040947,3.2044087794097944,98.0,3.1520805657253708,0.05232821368442368,0.26236719127816643,1.9844674545084815,0.9947454374205347,0.9990411182729084,98.0,0.9968932778467215,0.0021478404261869007,0.010769006244524232,1.9844674545084815,99.0,0.12121212121212122,0.033468673515201455,0.04816113498183834,98.0,0.0408149042485199,0.00734623073331844,0.03683309228948184,1.9844674545084815,QuantileRegressor,"{'mode': 'original', 'type': 'QuantileRegressor'}",4,"['edges_T2W20', 'density_T2W20', 'diameter_T2W20', 'asp_T2W20']",0.234872725143812,0.285446763516888,97.0,0.26015974433035,0.025287019186538008,0.12612777447412318,1.9847231860139845,1.2897583080774204,1.320651562479795,98.0,1.3052049352786077,0.015446627201187313,0.07744747829415753,1.9844674545084815,completed,False,COMPLETE
251,1.0542087542087542,2026-06-10 19:57:20.542208,2026-06-10 19:57:22.232439,0 days 00:00:01.690231,,,,,,,,,,,euclidean,20.0,uniform,,KNeighborsRegressor,,,,,,4,,,,,0.07663881235811267,0.012662797671543494,LinearSVR,,-0.05544326637130793,-0.0371030411471702,98.0,-0.046273153759239065,0.00917011261206886,0.04597781044547985,1.9844674545084815,1.039726268174081,1.0686912402434272,98.0,1.0542087542087542,0.014482486034673097,0.07261339373358926,1.9844674545084815,231907480058856.16,317963838080951.44,98.0,274935659069903.8,43028179011047.65,215737967686504.97,1.9844674545084815,3.1506663684377156,3.2877174699461222,98.0,3.219191919191919,0.06852555075420334,0.34357863600303745,1.9844674545084815,0.8327657571611844,0.8712746468792196,98.0,0.852020202020202,0.01925444485901761,0.09653940506638219,1.9844674545084815,99.0,0.3434343434343434,0.004923215239595468,0.03480193085349884,98.0,0.019862573046547156,0.014939357806951688,0.07490409229230373,1.9844674545084815,KNeighborsRegressor,"{'mode': 'proxy', 'type': 'LinearSVR'}",4,"['edges_T2W20', 'l2_T2W20', 'l3_T2W20', 'lsc_T2W20']",0.1890584799043513,0.23820844594383803,98.0,0.21363346292409466,0.024574983019743375,0.1232159253415897,1.9844674545084815,1.3002571002161138,1.3376737736762316,98.0,1.3189654369461727,0.018708336730058908,0.09380128645233672,1.9844674545084815,completed,True,COMPLETE
