number,value,datetime_start,datetime_complete,duration,params_dt_max_depth,params_dt_min_samples_leaf,params_dt_min_samples_split,params_elastic_alpha,params_elastic_l1_ratio,params_et_max_depth,params_et_max_features,params_et_min_samples_leaf,params_et_min_samples_split,params_et_n_estimators,params_knn_metric,params_knn_n_neighbors,params_knn_weights,params_quantile_alpha,params_regressor,params_rf_max_depth,params_rf_max_features,params_rf_min_samples_leaf,params_rf_min_samples_split,params_rf_n_estimators,params_rfe_n_features,params_rfe_proxy_et_max_depth,params_rfe_proxy_et_min_samples_leaf,params_rfe_proxy_et_min_samples_split,params_rfe_proxy_et_n_estimators,params_rfe_proxy_lsvr_C,params_rfe_proxy_lsvr_epsilon,params_rfe_proxy_type,params_use_scaler,user_attrs_d2mae_ci_lower_val,user_attrs_d2mae_ci_upper_val,user_attrs_d2mae_df_val,user_attrs_d2mae_mean_val,user_attrs_d2mae_samperror_val,user_attrs_d2mae_std_val,user_attrs_d2mae_t_critical_val,user_attrs_mae_ci_lower_val,user_attrs_mae_ci_upper_val,user_attrs_mae_df_val,user_attrs_mae_mean_val,user_attrs_mae_samperror_val,user_attrs_mae_std_val,user_attrs_mae_t_critical_val,user_attrs_mape_ci_lower_val,user_attrs_mape_ci_upper_val,user_attrs_mape_df_val,user_attrs_mape_mean_val,user_attrs_mape_samperror_val,user_attrs_mape_std_val,user_attrs_mape_t_critical_val,user_attrs_max_error_ci_lower_val,user_attrs_max_error_ci_upper_val,user_attrs_max_error_df_val,user_attrs_max_error_mean_val,user_attrs_max_error_samperror_val,user_attrs_max_error_std_val,user_attrs_max_error_t_critical_val,user_attrs_median_ae_ci_lower_val,user_attrs_median_ae_ci_upper_val,user_attrs_median_ae_df_val,user_attrs_median_ae_mean_val,user_attrs_median_ae_samperror_val,user_attrs_median_ae_std_val,user_attrs_median_ae_t_critical_val,user_attrs_n_splits_val,user_attrs_r2_below_zero_val,user_attrs_r2_ci_lower_val,user_attrs_r2_ci_upper_val,user_attrs_r2_df_val,user_attrs_r2_mean_val,user_attrs_r2_samperror_val,user_attrs_r2_std_val,user_attrs_r2_t_critical_val,user_attrs_regressor_final,user_attrs_rfe_estimator,user_attrs_rfe_n_features,user_attrs_rfe_selected_features,user_attrs_rho_ci_lower_val,user_attrs_rho_ci_upper_val,user_attrs_rho_df_val,user_attrs_rho_mean_val,user_attrs_rho_samperror_val,user_attrs_rho_std_val,user_attrs_rho_t_critical_val,user_attrs_rmse_ci_lower_val,user_attrs_rmse_ci_upper_val,user_attrs_rmse_df_val,user_attrs_rmse_mean_val,user_attrs_rmse_samperror_val,user_attrs_rmse_std_val,user_attrs_rmse_t_critical_val,user_attrs_termination_reason,user_attrs_use_scaler_final,state
282,0.9901215170680239,2026-06-10 19:58:40.589668,2026-06-10 19:58:42.854923,0 days 00:00:02.265255,,,,,,,,,,,,,,0.006835655082604423,QuantileRegressor,,,,,,4,,,,,,,,False,0.012637503869601175,0.02206084620123637,98.0,0.017349175035418773,0.004711671165817598,0.023623736469526344,1.9844674545084815,0.9785443834695905,1.0016986506664571,98.0,0.9901215170680239,0.011577133598433362,0.05804631596238113,1.9844674545084815,222229985077129.2,302551557264792.1,98.0,262390771170960.66,40160786093831.45,201361214248715.47,1.9844674545084815,3.101684461324481,3.208449266386429,98.0,3.155066863855455,0.05338240253097403,0.26765276376902547,1.9844674545084815,0.9946898640930586,0.999033420654104,98.0,0.9968616423735813,0.0021717782805227574,0.010889027685447108,1.9844674545084815,99.0,0.12121212121212122,0.03280594525787211,0.047979956286687435,98.0,0.04039295077227977,0.007587005514407665,0.038040307262000556,1.9844674545084815,QuantileRegressor,"{'mode': 'original', 'type': 'QuantileRegressor'}",4,"['edges_T2W20', 'density_T2W20', 'diameter_T2W20', 'asp_T2W20']",0.22401823568758675,0.2794196449592086,97.0,0.2517189403233977,0.027700704635810945,0.13816686740760106,1.9847231860139845,1.2899729068314867,1.3209883934570954,98.0,1.305480650144291,0.015507743312804372,0.07775390691875214,1.9844674545084815,completed,False,COMPLETE
283,0.9904454437224708,2026-06-10 19:58:42.867228,2026-06-10 19:58:45.263403,0 days 00:00:02.396175,,,,,,,,,,,,,,0.006334779941174012,QuantileRegressor,,,,,,4,,,,,,,,False,0.012117469570300198,0.021890035167410723,98.0,0.01700375236885546,0.0048862827985552615,0.024499217599498725,1.9844674545084815,0.9788720767309931,1.0020188107139485,98.0,0.9904454437224708,0.011573366991477702,0.058027430660972504,1.9844674545084815,223084370105324.06,303717753445360.94,98.0,263401061775342.5,40316691670018.42,202142905524772.8,1.9844674545084815,3.1115445855682315,3.2283709116624957,98.0,3.1699577486153636,0.05841316304713196,0.2928763747750772,1.9844674545084815,0.9934617783772504,0.9981116187847359,98.0,0.9957866985809931,0.0023249202037427096,0.011656862347346057,1.9844674545084815,99.0,0.1414141414141414,0.03133981536110829,0.04719145285417205,98.0,0.03926563410764017,0.007925818746531877,0.03973907490227198,1.9844674545084815,QuantileRegressor,"{'mode': 'original', 'type': 'QuantileRegressor'}",4,"['nodes_T2W20', 'edges_T2W20', 'lcc_T2W20', 'asp_T2W20']",0.2168301691569143,0.27058391020013545,97.0,0.2437070396785249,0.02687687052161058,0.13405770916346646,1.9847231860139845,1.2907344339365456,1.3216409777486928,98.0,1.3061877058426192,0.015453271906073644,0.07748079402261737,1.9844674545084815,completed,False,COMPLETE
284,1.0221905383624637,2026-06-10 19:58:45.276128,2026-06-10 19:58:47.003147,0 days 00:00:01.727019,,,,0.002289832682489307,0.2568128693993845,,,,,,,,,,ElasticNet,,,,,,4,,,,,,,,False,-0.022458463944988807,-0.006724858594158447,98.0,-0.014591661269573626,0.00786680267541518,0.03944317562100586,1.9844674545084815,1.0090434401041282,1.0353376366207991,98.0,1.0221905383624637,0.013147098258335462,0.06591792458843874,1.9844674545084815,222886667596966.66,304634698715890.4,98.0,263760683156428.5,40874015559461.84,204937258574684.4,1.9844674545084815,3.1432872576408397,3.2895994267505846,98.0,3.216443342195712,0.0731560845548725,0.3667955597590612,1.9844674545084815,0.9097090486504814,0.9311356646132122,98.0,0.9204223566318468,0.010713307981365423,0.05371520115936031,1.9844674545084815,99.0,0.24242424242424243,0.020576690447986698,0.044740291984228533,98.0,0.032658491216107616,0.012081800768120918,0.0605766547322031,1.9844674545084815,ElasticNet,"{'mode': 'original', 'type': 'ElasticNet'}",4,"['edges_T2W20', 'l2_T2W20', 'atd_T2W20', 'diameter_T2W20']",0.1577365731181195,0.20936583355536348,98.0,0.1835512033367415,0.025814630218621987,0.1294313630728884,1.9844674545084815,1.2936535513457958,1.3269250640286236,98.0,1.3102893076872097,0.016635756341413843,0.08340962472762396,1.9844674545084815,completed,False,COMPLETE
285,0.991068023919543,2026-06-10 19:58:47.016095,2026-06-10 19:58:49.235960,0 days 00:00:02.219865,,,,,,,,,,,,,,0.0041713049099845675,QuantileRegressor,,,,,,4,,,,,,,,False,0.011255505972451302,0.021505767235481168,98.0,0.016380636603966235,0.0051251306315149335,0.025696771092427517,1.9844674545084815,0.9794043457957103,1.0027317020433755,98.0,0.991068023919543,0.011663678123832599,0.058480239508604884,1.9844674545084815,222651467263675.2,303191998640239.0,98.0,262921732951957.1,40270265688281.9,201910131394472.84,1.9844674545084815,3.127180724988005,3.2557112084485107,98.0,3.1914459667182578,0.06426524173025315,0.3222179734867942,1.9844674545084815,0.9937462107731316,0.9984690440515245,98.0,0.9961076274123281,0.002361416639196467,0.011839850960705077,1.9844674545084815,99.0,0.15151515151515152,0.03053999073165864,0.04794904832107437,98.0,0.039244519526366504,0.008704528794707863,0.04364343077025825,1.9844674545084815,QuantileRegressor,"{'mode': 'original', 'type': 'QuantileRegressor'}",4,"['nodes_T2W20', 'edges_T2W20', 'l2_T2W20', 'lcc_T2W20']",0.21853658855134878,0.27289453250807116,97.0,0.24571556052970997,0.027178971978361197,0.13556454490888445,1.9847231860139845,1.2904423766720812,1.3219014193872431,98.0,1.3061718980296622,0.01572952135758095,0.0788658746049817,1.9844674545084815,completed,False,COMPLETE
286,0.9912965903288394,2026-06-10 19:58:49.255192,2026-06-10 19:58:51.634231,0 days 00:00:02.379039,,,,,,,,,,,,,,0.005179593200042894,QuantileRegressor,,,,,,4,,,,,,,,False,0.011113402376487488,0.0211753653599561,98.0,0.016144383868221795,0.005030981491734307,0.025224718950260634,1.9844674545084815,0.9797111399732026,1.0028820406844763,98.0,0.9912965903288394,0.011585450355636892,0.05808801515435416,1.9844674545084815,222978483531999.25,303572459896374.3,98.0,263275471714186.78,40296988182187.52,202044114673784.66,1.9844674545084815,3.1203783829435063,3.2456860174457174,98.0,3.183032200194612,0.06265381725110543,0.3141384904549337,1.9844674545084815,0.9939843281326723,0.9986582551694563,98.0,0.9963212916510643,0.0023369635183919896,0.011717246037438489,1.9844674545084815,99.0,0.15151515151515152,0.029879147610800322,0.04675746109024635,98.0,0.03831830435052334,0.008439156739723013,0.04231288810870328,1.9844674545084815,QuantileRegressor,"{'mode': 'original', 'type': 'QuantileRegressor'}",4,"['nodes_T2W20', 'edges_T2W20', 'l2_T2W20', 'lcc_T2W20']",0.22351379258718762,0.2746438040625048,97.0,0.24907879832484622,0.025565005737658596,0.12751432876776814,1.9847231860139845,1.2911992262206053,1.3224116649177036,98.0,1.3068054455691545,0.01560621934854921,0.07824765358211802,1.9844674545084815,completed,False,COMPLETE
287,0.9971767802820753,2026-06-10 19:58:51.647015,2026-06-10 19:58:53.884176,0 days 00:00:02.237161,,,,,,,,,,,,,,0.00010335486211843857,QuantileRegressor,,,,,,4,,,,,,,,False,0.0047896082519239555,0.015895479312484296,98.0,0.010342543782204125,0.00555293553028017,0.027841731942438067,1.9844674545084815,0.9851675206517103,1.0091860399124404,98.0,0.9971767802820753,0.012009259630365027,0.06021294243963537,1.9844674545084815,220082264676238.25,299510542985858.25,98.0,259796403831048.25,39714139154810.01,199121781739309.4,1.9844674545084815,3.112965482334027,3.2291384960286917,98.0,3.1710519891813593,0.05808650684733228,0.2912385609912569,1.9844674545084815,0.9799629347993803,0.9897884162071169,98.0,0.9848756755032486,0.004912740703868287,0.024631874264332446,1.9844674545084815,99.0,0.15151515151515152,0.029163521619517994,0.0457794370907849,98.0,0.037471479355151445,0.008307957735633451,0.04165507252934752,1.9844674545084815,QuantileRegressor,"{'mode': 'original', 'type': 'QuantileRegressor'}",4,"['edges_T2W20', 'l2_T2W20', 'atd_T2W20', 'asp_T2W20']",0.19090125284595827,0.2429823495429761,98.0,0.21694180119446718,0.02604054834850892,0.13056408863380117,1.9844674545084815,1.2918296738045458,1.3229175869609735,98.0,1.3073736303827597,0.015543956578213823,0.07793547575253247,1.9844674545084815,completed,False,COMPLETE
288,0.9901104776397219,2026-06-10 19:58:53.896846,2026-06-10 19:58:56.114218,0 days 00:00:02.217372,,,,,,,,,,,,,,0.006710159771980644,QuantileRegressor,,,,,,4,,,,,,,,False,0.012647869747821033,0.022072108590710376,98.0,0.017359989169265705,0.004712119421444671,0.023625983967798667,1.9844674545084815,0.9785336521096686,1.0016873031697753,98.0,0.9901104776397219,0.01157682553005332,0.05804477134562657,1.9844674545084815,222226700494386.7,302548191130381.56,98.0,262387445812384.12,40160745317997.43,201361009803727.0,1.9844674545084815,3.1016900863796324,3.2084537867274867,98.0,3.1550719365535596,0.053381850173926965,0.26764999431910896,1.9844674545084815,0.9946898640930585,0.9990334206541039,98.0,0.9968616423735812,0.002171778280522719,0.010889027685446914,1.9844674545084815,99.0,0.12121212121212122,0.03282730841454073,0.04800424593147596,98.0,0.040415777173008344,0.007588468758467614,0.03804764378673803,1.9844674545084815,QuantileRegressor,"{'mode': 'original', 'type': 'QuantileRegressor'}",4,"['edges_T2W20', 'density_T2W20', 'diameter_T2W20', 'asp_T2W20']",0.23409614277451998,0.28390734751955643,97.0,0.2590017451470382,0.024905602372518227,0.12422532588797522,1.9847231860139845,1.2899577626106276,1.3209716095558635,98.0,1.3054646860832455,0.015506923472617982,0.07774979634145827,1.9844674545084815,completed,False,COMPLETE
289,1.0239093133861372,2026-06-10 19:58:56.151274,2026-06-10 19:58:57.922501,0 days 00:00:01.771227,,,,,,,,,,,,,,,LinearRegression,,,,,,4,,,,,,,,False,-0.024542910580782097,-0.007778666377281272,98.0,-0.016160788479031685,0.008382122101750412,0.042026923488151124,1.9844674545084815,1.0099686974759483,1.0378499292963261,98.0,1.0239093133861372,0.013940615910188981,0.06989652394980823,1.9844674545084815,220672795730077.53,302257835518407.1,98.0,261465315624242.34,40792519894164.81,204528649388552.56,1.9844674545084815,3.1536242971931756,3.316066445689806,98.0,3.234845371441491,0.08122107424831522,0.4072324205759972,1.9844674545084815,0.9089465275323969,0.9365660877872055,98.0,0.9227563076598012,0.013809780127404322,0.06924052951715078,1.9844674545084815,99.0,0.21212121212121213,0.03103217899519522,0.056566408330775954,98.0,0.043799293662985586,0.012767114667790368,0.0640127338631382,1.9844674545084815,LinearRegression,"{'mode': 'original', 'type': 'LinearRegression'}",4,"['edges_T2W20', 'l2_T2W20', 'atd_T2W20', 'density_T2W20']",0.1768589528304592,0.22308267643719967,98.0,0.19997081463382943,0.023111861803370232,0.11588001652661746,1.9844674545084815,1.2853224638077445,1.3203904508559074,98.0,1.302856457331826,0.017533993524081547,0.08791327486441983,1.9844674545084815,completed,False,COMPLETE
290,0.9901169814405908,2026-06-10 19:58:57.936504,2026-06-10 19:59:00.183983,0 days 00:00:02.247479,,,,,,,,,,,,,,0.006878205979619638,QuantileRegressor,,,,,,4,,,,,,,,False,0.012642764330770315,0.022064123391706165,98.0,0.01735344386123824,0.004710679530467925,0.02361876453253199,1.9844674545084815,0.9785411527446995,1.0016928101364821,98.0,0.9901169814405908,0.011575828695891258,0.0580397733424299,1.9844674545084815,222241343685734.84,302571103202200.1,98.0,262406223443967.47,40164879758232.625,201381739375704.3,1.9844674545084815,3.101524547737009,3.208176873368755,98.0,3.154850710552882,0.053326162815873,0.26737078479343257,1.9844674545084815,0.9946898640930586,0.999033420654104,98.0,0.9968616423735813,0.002171778280522759,0.010889027685447117,1.9844674545084815,99.0,0.12121212121212122,0.032836674175058624,0.04799384797584027,98.0,0.040415261075449446,0.007578586900390823,0.037998097372563586,1.9844674545084815,QuantileRegressor,"{'mode': 'original', 'type': 'QuantileRegressor'}",4,"['edges_T2W20', 'density_T2W20', 'diameter_T2W20', 'asp_T2W20']",0.22506780893078784,0.2801404090536576,97.0,0.25260410899222274,0.027536300061434888,0.13734684259856952,1.9847231860139845,1.289962819796032,1.3209672726668704,98.0,1.3054650462314512,0.015502226435419228,0.07772624597788962,1.9844674545084815,completed,False,COMPLETE
291,0.9907540682251178,2026-06-10 19:59:00.222211,2026-06-10 19:59:02.516241,0 days 00:00:02.294030,,,,,,,,,,,,,,0.006550664210209424,QuantileRegressor,,,,,,4,,,,,,,,False,0.01187250799596827,0.02158124012749625,98.0,0.01672687406173226,0.00485436606576399,0.024339191048855846,1.9844674545084815,0.9790852146289911,1.0024229218212444,98.0,0.9907540682251178,0.011668853596126651,0.058506188686566846,1.9844674545084815,223366918558892.62,304004182905975.56,98.0,263685550732434.1,40318632173541.47,202152634969429.16,1.9844674545084815,3.1095987113279984,3.2252139378114464,98.0,3.1674063245697224,0.05780761324172391,0.2898402229472681,1.9844674545084815,0.9934500252515658,0.9981038095698168,98.0,0.9957769174106913,0.0023268921591255705,0.011666749487737419,1.9844674545084815,99.0,0.13131313131313133,0.03081572775565443,0.046650435922608424,98.0,0.03873308183913143,0.007917354083476996,0.039696634128653784,1.9844674545084815,QuantileRegressor,"{'mode': 'original', 'type': 'QuantileRegressor'}",4,"['nodes_T2W20', 'edges_T2W20', 'lcc_T2W20', 'asp_T2W20']",0.22103978547692743,0.272066518419091,97.0,0.24655315194800922,0.025513366471081798,0.12725676002386987,1.9847231860139845,1.2909944838808582,1.3221867092495192,98.0,1.3065905965651887,0.01559611268433055,0.07819698001775306,1.9844674545084815,completed,False,COMPLETE
292,1.0993624994074722,2026-06-10 19:59:02.528683,2026-06-10 19:59:06.584765,0 days 00:00:04.056082,,,,,,,,,,,,,,,RandomForestRegressor,6.0,sqrt,4.0,4.0,69.0,4,,,,,,,,False,,,,,,,,,,,,,,,,,,,,,,,,,,,,,,,,,,,,,,,,,,,,,RandomForestRegressor,"{'mode': 'original', 'type': 'RandomForestRegressor'}",4,"['l2_T2W20', 'l3_T2W20', 'atd_T2W20', 'diameter_T2W20']",,,,,,,,,,,,,,,pruned,False,PRUNED
293,0.9913013308050785,2026-06-10 19:59:06.595368,2026-06-10 19:59:08.953030,0 days 00:00:02.357662,,,,,,,,,,,,,,0.005287091984336138,QuantileRegressor,,,,,,4,,,,,,,,False,0.01110901370283868,0.021169702362538238,98.0,0.01613935803268846,0.005030344329849778,0.025221524299378004,1.9844674545084815,0.9797171816577547,1.0028854799524023,98.0,0.9913013308050785,0.011584149147323817,0.058081491056810375,1.9844674545084815,222986248002600.7,303580016431291.1,98.0,263283132216945.9,40296884214345.234,202043593391882.5,1.9844674545084815,3.1203775853692504,3.2456853857044354,98.0,3.183031485536843,0.0626539001675925,0.31413890618794443,1.9844674545084815,0.993988014912447,0.9986606931761345,98.0,0.9963243540442908,0.002336339131843746,0.011714115440511897,1.9844674545084815,99.0,0.15151515151515152,0.029859256127152484,0.04672672359504183,98.0,0.03829298986109716,0.008433733733944675,0.04228569782846691,1.9844674545084815,QuantileRegressor,"{'mode': 'original', 'type': 'QuantileRegressor'}",4,"['nodes_T2W20', 'edges_T2W20', 'l2_T2W20', 'lcc_T2W20']",0.22611956733709018,0.2758856452367538,98.0,0.251002606286922,0.024883038949831817,0.12476047967362391,1.9844674545084815,1.2912195841889385,1.3224252434124577,98.0,1.306822413800698,0.015602829611759525,0.07823065786110898,1.9844674545084815,completed,False,COMPLETE
294,0.9908956882933482,2026-06-10 19:59:08.966226,2026-06-10 19:59:11.230158,0 days 00:00:02.263932,,,,,,,,,,,,,,0.0036887958046654163,QuantileRegressor,,,,,,4,,,,,,,,False,0.011383461679118387,0.021703843503689774,98.0,0.01654365259140408,0.005160190912285693,0.025872559003834596,1.9844674545084815,0.9792464879570963,1.0025448886296,98.0,0.9908956882933482,0.01164920033625182,0.058407649672338004,1.9844674545084815,222982772356948.16,303634988449539.1,98.0,263308880403243.62,40326108046295.48,202190118070775.8,1.9844674545084815,3.1321739556351047,3.2640708718234657,98.0,3.198122413729285,0.06594845809418064,0.3306574121494703,1.9844674545084815,0.9936923866377299,0.9984156884810478,98.0,0.9960540375593888,0.00236165092165897,0.011841025623995197,1.9844674545084815,99.0,0.15151515151515152,0.030421583369861824,0.04793845649218734,98.0,0.03918001993102458,0.008758436561162755,0.04391371764376296,1.9844674545084815,QuantileRegressor,"{'mode': 'original', 'type': 'QuantileRegressor'}",4,"['nodes_T2W20', 'edges_T2W20', 'l2_T2W20', 'lcc_T2W20']",0.21396034684998286,0.2678903639786379,97.0,0.24092535541431037,0.026965008564327517,0.13449732820643814,1.9847231860139845,1.2904939796114139,1.3219104584794925,98.0,1.3062022190454532,0.015708239434039248,0.07875916967256595,1.9844674545084815,completed,False,COMPLETE
295,0.9903705872811804,2026-06-10 19:59:11.243223,2026-06-10 19:59:13.445760,0 days 00:00:02.202537,,,,,,,,,,,,,,0.006466687410087478,QuantileRegressor,,,,,,4,,,,,,,,False,0.012225601354253619,0.02193679200003255,98.0,0.017081196677143085,0.004855595322889465,0.02434535439204418,1.9844674545084815,0.9787986356058913,1.0019425389564696,98.0,0.9903705872811804,0.011571951675289138,0.05802033444065427,1.9844674545084815,223092554368838.28,303727408512362.5,98.0,263409981440600.4,40317427071762.12,202146592738158.7,1.9844674545084815,3.1097130291949147,3.2253050642177707,98.0,3.1675090467063427,0.05779601751142815,0.28978208338976535,1.9844674545084815,0.9934500252515656,0.9981038095698168,98.0,0.9957769174106912,0.00232689215912563,0.011666749487737715,1.9844674545084815,99.0,0.12121212121212122,0.03156505588526149,0.04734961143243354,98.0,0.039457333658847515,0.007892277773586023,0.039570904612385695,1.9844674545084815,QuantileRegressor,"{'mode': 'original', 'type': 'QuantileRegressor'}",4,"['nodes_T2W20', 'edges_T2W20', 'lcc_T2W20', 'asp_T2W20']",0.22107999963912275,0.2721919719334473,97.0,0.246635985786285,0.02555598614716226,0.1274693404333354,1.9847231860139845,1.2906000835166427,1.321531177022165,98.0,1.3060656302694038,0.015465546752761223,0.07754233858571315,1.9844674545084815,completed,False,COMPLETE
296,1.0075757575757578,2026-06-10 19:59:13.458502,2026-06-10 19:59:15.686533,0 days 00:00:02.228031,,,,,,,,,,,,,,0.011781001406917707,QuantileRegressor,,,,,,4,,,,,,,,False,-1.875391764698668e-16,-1.0852029676350824e-16,98.0,-1.4802973661668753e-16,3.9509439853179294e-17,1.9809544475885482e-16,1.9844674545084815,0.9969166374215648,1.0182348777299508,98.0,1.0075757575757578,0.010659120154193038,0.05344351009605697,1.9844674545084815,243249413827922.2,331073265925134.3,98.0,287161339876528.25,43911926048606.08,220168966027914.5,1.9844674545084815,2.969853864095874,3.009944115702106,98.0,2.98989898989899,0.020045125803115977,0.10050378152592121,1.9844674545084815,0.9999999999999998,1.0,98.0,0.9999999999999999,9.890015138200971e-17,4.958731267145707e-16,1.9844674545084815,99.0,0.8787878787878788,-0.0030948902600817997,-0.0016582379893588374,98.0,-0.0023765641247203186,0.0007183261353614813,0.0036015983976267754,1.9844674545084815,QuantileRegressor,"{'mode': 'original', 'type': 'QuantileRegressor'}",4,"['atd_T2W20', 'density_T2W20', 'diameter_T2W20', 'asp_T2W20']",,,,,,,,1.3196611267084086,1.3492364416432259,98.0,1.3344487841758172,0.014787657467408713,0.07414348555266105,1.9844674545084815,completed,False,COMPLETE
