number,value,datetime_start,datetime_complete,duration,params_dt_max_depth,params_dt_min_samples_leaf,params_dt_min_samples_split,params_elastic_alpha,params_elastic_l1_ratio,params_et_max_depth,params_et_max_features,params_et_min_samples_leaf,params_et_min_samples_split,params_et_n_estimators,params_knn_metric,params_knn_n_neighbors,params_knn_weights,params_quantile_alpha,params_regressor,params_rf_max_depth,params_rf_max_features,params_rf_min_samples_leaf,params_rf_min_samples_split,params_rf_n_estimators,params_rfe_n_features,params_rfe_proxy_et_max_depth,params_rfe_proxy_et_min_samples_leaf,params_rfe_proxy_et_min_samples_split,params_rfe_proxy_et_n_estimators,params_rfe_proxy_lsvr_C,params_rfe_proxy_lsvr_epsilon,params_rfe_proxy_type,params_use_scaler,user_attrs_d2mae_ci_lower_val,user_attrs_d2mae_ci_upper_val,user_attrs_d2mae_df_val,user_attrs_d2mae_mean_val,user_attrs_d2mae_samperror_val,user_attrs_d2mae_std_val,user_attrs_d2mae_t_critical_val,user_attrs_mae_ci_lower_val,user_attrs_mae_ci_upper_val,user_attrs_mae_df_val,user_attrs_mae_mean_val,user_attrs_mae_samperror_val,user_attrs_mae_std_val,user_attrs_mae_t_critical_val,user_attrs_mape_ci_lower_val,user_attrs_mape_ci_upper_val,user_attrs_mape_df_val,user_attrs_mape_mean_val,user_attrs_mape_samperror_val,user_attrs_mape_std_val,user_attrs_mape_t_critical_val,user_attrs_max_error_ci_lower_val,user_attrs_max_error_ci_upper_val,user_attrs_max_error_df_val,user_attrs_max_error_mean_val,user_attrs_max_error_samperror_val,user_attrs_max_error_std_val,user_attrs_max_error_t_critical_val,user_attrs_median_ae_ci_lower_val,user_attrs_median_ae_ci_upper_val,user_attrs_median_ae_df_val,user_attrs_median_ae_mean_val,user_attrs_median_ae_samperror_val,user_attrs_median_ae_std_val,user_attrs_median_ae_t_critical_val,user_attrs_n_splits_val,user_attrs_r2_below_zero_val,user_attrs_r2_ci_lower_val,user_attrs_r2_ci_upper_val,user_attrs_r2_df_val,user_attrs_r2_mean_val,user_attrs_r2_samperror_val,user_attrs_r2_std_val,user_attrs_r2_t_critical_val,user_attrs_regressor_final,user_attrs_rfe_estimator,user_attrs_rfe_n_features,user_attrs_rfe_selected_features,user_attrs_rho_ci_lower_val,user_attrs_rho_ci_upper_val,user_attrs_rho_df_val,user_attrs_rho_mean_val,user_attrs_rho_samperror_val,user_attrs_rho_std_val,user_attrs_rho_t_critical_val,user_attrs_rmse_ci_lower_val,user_attrs_rmse_ci_upper_val,user_attrs_rmse_df_val,user_attrs_rmse_mean_val,user_attrs_rmse_samperror_val,user_attrs_rmse_std_val,user_attrs_rmse_t_critical_val,user_attrs_termination_reason,user_attrs_use_scaler_final,state
28,1.2824519166533055,2026-06-10 19:46:25.980372,2026-06-10 19:46:27.725198,0 days 00:00:01.744826,20.0,5.0,4.0,,,,,,,,,,,,DecisionTreeRegressor,,,,,,6,,,,,,,,False,-0.29446508506561697,-0.25344231612407553,98.0,-0.27395370059484625,0.020511384470770697,0.10284154481704773,1.9844674545084815,1.2601923648234128,1.3047114684831982,98.0,1.2824519166533055,0.022259551829892792,0.11160663973626453,1.9844674545084815,183293249713018.28,255642087345933.47,98.0,219467668529475.88,36174418816457.586,181374061767737.56,1.9844674545084815,3.6697234142634136,3.8665921220521233,98.0,3.7681577681577685,0.09843435389435472,0.49353767572292245,1.9844674545084815,1.072362303745432,1.1337744607246658,98.0,1.1030683822350489,0.030706078489616997,0.15395647971231644,1.9844674545084815,99.0,0.9696969696969697,-0.47354024909696807,-0.38163348202913155,98.0,-0.4275868655630498,0.04595338353391825,0.23040458136470512,1.9844674545084815,DecisionTreeRegressor,"{'mode': 'original', 'type': 'DecisionTreeRegressor'}",6,"['edges_T2W20', 're_T2W20', 'l3_T2W20', 'lsc_T2W20', 'diameter_T2W20', 'asp_T2W20']",0.05388487621105982,0.10853018118598713,98.0,0.08120752869852348,0.027322652487463656,0.13699240021141948,1.9844674545084815,1.558102300770327,1.6134452315538057,98.0,1.5857737661620663,0.02767146539173934,0.13874130497106413,1.9844674545084815,completed,False,COMPLETE
29,1.0453507992723465,2026-06-10 19:46:27.737180,2026-06-10 19:46:29.486382,0 days 00:00:01.749202,,,,0.00016377964907056237,0.8770241030575711,,,,,,,,,,ElasticNet,,,,,,9,,,,,,,,True,-0.04928996312785667,-0.02554182108442376,98.0,-0.037415892106140214,0.011874071021716453,0.0595351234764689,1.9844674545084815,1.0288845716434052,1.0618170269012879,98.0,1.0453507992723465,0.016466227628941454,0.0825596287311884,1.9844674545084815,235529147261836.34,320845495546219.94,98.0,278187321404028.12,42658174142191.79,213882809037551.22,1.9844674545084815,3.191759625018834,3.388224609390981,98.0,3.2899921172049074,0.09823249218607348,0.4925255660845588,1.9844674545084815,0.911375901201387,0.9378743546436873,98.0,0.9246251279225371,0.013249226721150144,0.06642998406938795,1.9844674545084815,99.0,0.40404040404040403,-0.020130856036684158,0.021882059800157,98.0,0.0008756018817364209,0.02100645791842058,0.10532378185115772,1.9844674545084815,ElasticNet,"{'mode': 'original', 'type': 'ElasticNet'}",9,"['nodes_T2W20', 'edges_T2W20', 'pe_T2W20', 'l2_T2W20', 'lsc_T2W20', 'atd_T2W20', 'density_T2W20', 'diameter_T2W20', 'asp_T2W20']",0.15408222798126356,0.2043223250088995,98.0,0.17920227649508153,0.02512004851381796,0.12594881631328295,1.9844674545084815,1.3101713029936637,1.3513413804137115,98.0,1.3307563417036876,0.020585038710023852,0.10321083806285046,1.9844674545084815,completed,True,COMPLETE
30,1.0290133438285833,2026-06-10 19:46:29.499189,2026-06-10 19:46:31.180852,0 days 00:00:01.681663,,,,,,,,,,,,,,,LinearRegression,,,,,,7,,,,,,,,False,-0.0306228748712983,-0.011698534581668737,98.0,-0.021160704726483518,0.00946217014481478,0.04744215079197609,1.9844674545084815,1.0141737354390106,1.043852952218156,98.0,1.0290133438285833,0.014839608389572715,0.07440396105092055,1.9844674545084815,224712843251077.44,307759545716297.7,98.0,266236194483687.56,41523351232610.11,208192947327754.53,1.9844674545084815,3.152884272257374,3.3124307871702934,98.0,3.232657529713834,0.07977325745645951,0.39997324625265085,1.9844674545084815,0.9112176675545178,0.9352541612231109,98.0,0.9232359143888144,0.01201824683429651,0.060258003168579176,1.9844674545084815,99.0,0.29292929292929293,0.016668222393755427,0.045744454499801274,98.0,0.03120633844677835,0.014538116053022923,0.07289231576508107,1.9844674545084815,LinearRegression,"{'mode': 'original', 'type': 'LinearRegression'}",7,"['nodes_T2W20', 'edges_T2W20', 'l2_T2W20', 'atd_T2W20', 'density_T2W20', 'diameter_T2W20', 'asp_T2W20']",0.13983224979776313,0.1893010114593565,98.0,0.1645666306285598,0.02473438083079668,0.12401512625133512,1.9844674545084815,1.2928195009223935,1.3298568167412745,98.0,1.311338158831834,0.01851865790944061,0.09285026030589305,1.9844674545084815,completed,False,COMPLETE
31,1.0075757575757578,2026-06-10 19:46:31.192811,2026-06-10 19:46:33.352572,0 days 00:00:02.159761,,,,,,,,,,,,,,8.632405665578633,QuantileRegressor,,,,,,7,,,,,,,,False,0.0,0.0,98.0,0.0,0.0,0.0,1.9844674545084815,0.9969166374215648,1.0182348777299508,98.0,1.0075757575757578,0.010659120154193034,0.053443510096056954,1.9844674545084815,243249413827922.25,331073265925134.4,98.0,287161339876528.3,43911926048606.08,220168966027914.5,1.9844674545084815,2.969853864095874,3.009944115702106,98.0,2.98989898989899,0.02004512580311598,0.10050378152592122,1.9844674545084815,1.0,1.0,98.0,1.0,0.0,0.0,1.9844674545084815,99.0,0.8787878787878788,-0.0030948902600817954,-0.0016582379893588322,98.0,-0.002376564124720314,0.0007183261353614816,0.0036015983976267767,1.9844674545084815,QuantileRegressor,"{'mode': 'original', 'type': 'QuantileRegressor'}",7,"['l3_T2W20', 'lcc_T2W20', 'lsc_T2W20', 'atd_T2W20', 'density_T2W20', 'diameter_T2W20', 'asp_T2W20']",,,,,,,,1.3196611267084086,1.3492364416432259,98.0,1.3344487841758172,0.014787657467408713,0.07414348555266105,1.9844674545084815,completed,False,COMPLETE
32,1.0075757575757578,2026-06-10 19:46:33.364902,2026-06-10 19:46:35.630535,0 days 00:00:02.265633,,,,,,,,,,,,,,2.2931680347694705,QuantileRegressor,,,,,,8,,,,,,,,False,0.0,0.0,98.0,0.0,0.0,0.0,1.9844674545084815,0.9969166374215648,1.0182348777299508,98.0,1.0075757575757578,0.010659120154193034,0.053443510096056954,1.9844674545084815,243249413827922.25,331073265925134.4,98.0,287161339876528.3,43911926048606.08,220168966027914.5,1.9844674545084815,2.969853864095874,3.009944115702106,98.0,2.98989898989899,0.02004512580311598,0.10050378152592122,1.9844674545084815,1.0,1.0,98.0,1.0,0.0,0.0,1.9844674545084815,99.0,0.8787878787878788,-0.0030948902600817954,-0.0016582379893588322,98.0,-0.002376564124720314,0.0007183261353614816,0.0036015983976267767,1.9844674545084815,QuantileRegressor,"{'mode': 'original', 'type': 'QuantileRegressor'}",8,"['l2_T2W20', 'l3_T2W20', 'lcc_T2W20', 'lsc_T2W20', 'atd_T2W20', 'density_T2W20', 'diameter_T2W20', 'asp_T2W20']",,,,,,,,1.3196611267084086,1.3492364416432259,98.0,1.3344487841758172,0.014787657467408713,0.07414348555266105,1.9844674545084815,completed,False,COMPLETE
33,1.0075757575757578,2026-06-10 19:46:35.642885,2026-06-10 19:46:37.822397,0 days 00:00:02.179512,,,,,,,,,,,,,,3.227908133236349,QuantileRegressor,,,,,,5,,,,,,,,False,0.0,0.0,98.0,0.0,0.0,0.0,1.9844674545084815,0.9969166374215648,1.0182348777299508,98.0,1.0075757575757578,0.010659120154193034,0.053443510096056954,1.9844674545084815,243249413827922.25,331073265925134.4,98.0,287161339876528.3,43911926048606.08,220168966027914.5,1.9844674545084815,2.969853864095874,3.009944115702106,98.0,2.98989898989899,0.02004512580311598,0.10050378152592122,1.9844674545084815,1.0,1.0,98.0,1.0,0.0,0.0,1.9844674545084815,99.0,0.8787878787878788,-0.0030948902600817954,-0.0016582379893588322,98.0,-0.002376564124720314,0.0007183261353614816,0.0036015983976267767,1.9844674545084815,QuantileRegressor,"{'mode': 'original', 'type': 'QuantileRegressor'}",5,"['lsc_T2W20', 'atd_T2W20', 'density_T2W20', 'diameter_T2W20', 'asp_T2W20']",,,,,,,,1.3196611267084086,1.3492364416432259,98.0,1.3344487841758172,0.014787657467408713,0.07414348555266105,1.9844674545084815,completed,False,COMPLETE
34,1.0433911722750329,2026-06-10 19:46:37.834769,2026-06-10 19:46:39.618034,0 days 00:00:01.783265,,,,0.000123469869878032,0.9566761854597826,,,,,,,,,,ElasticNet,,,,,,7,,,,,,,,False,-0.04658079589935569,-0.024650110391489434,98.0,-0.03561545314542256,0.010965342753933129,0.05497887233647721,1.9844674545084815,1.0280115148587279,1.0587708296913378,98.0,1.0433911722750329,0.015379657416305028,0.07711170007581375,1.9844674545084815,223943625969713.03,306206030140842.8,98.0,265074828055277.94,41131202085564.9,206226760006840.78,1.9844674545084815,3.2250810113406168,3.471927428865383,98.0,3.348504220103,0.12342320876238305,0.6188287033227028,1.9844674545084815,0.9180148532653011,0.943875838956099,98.0,0.9309453461107,0.01293049284539892,0.06483189183848602,1.9844674545084815,99.0,0.40404040404040403,-0.031616636661967325,0.015882589016800147,98.0,-0.007867023822583589,0.023749612839383736,0.1190776213419221,1.9844674545084815,ElasticNet,"{'mode': 'original', 'type': 'ElasticNet'}",7,"['nodes_T2W20', 'edges_T2W20', 'pe_T2W20', 'l2_T2W20', 'atd_T2W20', 'diameter_T2W20', 'asp_T2W20']",0.09790251755874173,0.1501450800883567,98.0,0.12402379882354922,0.026121281264807488,0.1309688734907942,1.9844674545084815,1.3153263017801227,1.356669488357525,98.0,1.3359978950688238,0.020671593288701058,0.10364481201496653,1.9844674545084815,completed,False,COMPLETE
35,1.0172165461647769,2026-06-10 19:46:39.630514,2026-06-10 19:47:08.451900,0 days 00:00:28.821386,,,,,,2.0,log2,1.0,2.0,441.0,,,,,ExtraTreesRegressor,,,,,,10,,,,,,,,False,-0.01326936369180079,-0.00613527714551654,98.0,-0.009702320418658665,0.003567043273142125,0.017884713787211785,1.9844674545084815,1.0063772365368169,1.0280558557927368,98.0,1.0172165461647769,0.010839309627960005,0.0543469578310635,1.9844674545084815,235622217242254.88,321059159840508.7,98.0,278340688541381.78,42718471299126.92,214185131524661.84,1.9844674545084815,3.03277652459324,3.088967183263418,98.0,3.060871853928329,0.02809532933508875,0.1408665063580508,1.9844674545084815,0.9698514259305968,0.9779402407618094,98.0,0.9738958333462031,0.004044407415606348,0.020278158555469366,1.9844674545084815,99.0,0.18181818181818182,0.01213041288928883,0.02130272789447387,98.0,0.01671657039188135,0.00458615750259252,0.022994426486082367,1.9844674545084815,ExtraTreesRegressor,"{'mode': 'original', 'type': 'ExtraTreesRegressor'}",10,"['nodes_T2W20', 'edges_T2W20', 'l1_T2W20', 'l2_T2W20', 'lcc_T2W20', 'lsc_T2W20', 'atd_T2W20', 'density_T2W20', 'diameter_T2W20', 'asp_T2W20']",0.15043537965401477,0.20168583740542545,98.0,0.1760606085297201,0.02562522887570534,0.12848172816532144,1.9844674545084815,1.3070191723876228,1.3358751976151773,98.0,1.3214471850014,0.014428012613777345,0.07234027073868018,1.9844674545084815,completed,False,COMPLETE
36,1.014271549895455,2026-06-10 19:47:08.464279,2026-06-10 19:47:10.162402,0 days 00:00:01.698123,,,,,,,,,,,,,,,LinearRegression,,,,,,3,,,,,,,,False,-0.015020789143031265,0.0011723120294540087,98.0,-0.006924238556788628,0.008096550586242637,0.04059510322987376,1.9844674545084815,1.0017040911506458,1.0268390086402643,98.0,1.014271549895455,0.012567458744809287,0.06301168375945028,1.9844674545084815,214941427375485.2,293603108984145.6,98.0,254272268179815.4,39330840804330.2,197199971217677.28,1.9844674545084815,3.114579846305049,3.2586974563470594,98.0,3.1866386513260543,0.07205880502100497,0.36129393589159986,1.9844674545084815,0.8918016020601347,0.9129749680037309,98.0,0.9023882850319328,0.010586682971798149,0.053080319022811746,1.9844674545084815,99.0,0.1717171717171717,0.03950301207226866,0.06392522567360176,98.0,0.05171411887293521,0.012211106800666546,0.06122497918636688,1.9844674545084815,LinearRegression,"{'mode': 'original', 'type': 'LinearRegression'}",3,"['edges_T2W20', 'atd_T2W20', 'density_T2W20']",0.18175944629765747,0.22873309555780844,98.0,0.20524627092773295,0.02348682463007547,0.11776003376301052,1.9844674545084815,1.2810126503683672,1.313304740551012,98.0,1.2971586954596896,0.016146045091322555,0.0809542730888575,1.9844674545084815,completed,False,COMPLETE
37,1.0075757575757578,2026-06-10 19:47:10.174396,2026-06-10 19:47:12.324197,0 days 00:00:02.149801,,,,,,,,,,,,,,0.21980426427532332,QuantileRegressor,,,,,,6,,,,,,,,True,0.0,0.0,98.0,0.0,0.0,0.0,1.9844674545084815,0.9969166374215648,1.0182348777299508,98.0,1.0075757575757578,0.010659120154193034,0.053443510096056954,1.9844674545084815,243249413827922.25,331073265925134.4,98.0,287161339876528.3,43911926048606.08,220168966027914.5,1.9844674545084815,2.969853864095874,3.009944115702106,98.0,2.98989898989899,0.02004512580311598,0.10050378152592122,1.9844674545084815,1.0,1.0,98.0,1.0,0.0,0.0,1.9844674545084815,99.0,0.8787878787878788,-0.0030948902600817954,-0.0016582379893588322,98.0,-0.002376564124720314,0.0007183261353614816,0.0036015983976267767,1.9844674545084815,QuantileRegressor,"{'mode': 'original', 'type': 'QuantileRegressor'}",6,"['lcc_T2W20', 'lsc_T2W20', 'atd_T2W20', 'density_T2W20', 'diameter_T2W20', 'asp_T2W20']",,,,,,,,1.3196611267084086,1.3492364416432259,98.0,1.3344487841758172,0.014787657467408713,0.07414348555266105,1.9844674545084815,completed,True,COMPLETE
38,1.0405362467666035,2026-06-10 19:47:12.336370,2026-06-10 19:47:47.501725,0 days 00:00:35.165355,,,,,,,,,,,,,,,RandomForestRegressor,2.0,,1.0,12.0,353.0,2,,,,,,,,False,-0.04323579503389145,-0.022444753702078702,98.0,-0.032840274367985076,0.010395520665906374,0.05212185486468948,1.9844674545084815,1.0257398870761791,1.0553326064570279,98.0,1.0405362467666035,0.01479635969042444,0.0741871174225407,1.9844674545084815,202585014077119.88,278038826739088.3,98.0,240311920408104.1,37726906330984.22,189158042148516.72,1.9844674545084815,2.9733746092533924,3.095969436508317,98.0,3.0346720228808546,0.06129741362746218,0.307337650450706,1.9844674545084815,0.7986880150241249,0.8507136314874102,98.0,0.8247008232557675,0.026012808231642648,0.13042500311882785,1.9844674545084815,99.0,0.20202020202020202,0.04130509116926473,0.0730743419599077,98.0,0.05718971656458621,0.015884625395321483,0.07964354706640568,1.9844674545084815,RandomForestRegressor,"{'mode': 'original', 'type': 'RandomForestRegressor'}",2,"['edges_T2W20', 'l3_T2W20']",0.23889667685811802,0.2873939504611367,98.0,0.26314531365962734,0.024248636801509328,0.12157966576699993,1.9844674545084815,1.2754532707481014,1.3106019139738785,98.0,1.29302759236099,0.017574321612888584,0.08811547491377998,1.9844674545084815,completed,False,COMPLETE
39,1.108006558579619,2026-06-10 19:47:47.533529,2026-06-10 19:47:56.388642,0 days 00:00:08.855113,,,,,,20.0,,1.0,12.0,99.0,,,,,ExtraTreesRegressor,,,,,,13,,,,,,,,False,-0.10963947096938281,-0.09041582107609905,98.0,-0.10002764602274093,0.009611824946641883,0.048192501458510596,1.9844674545084815,1.0938976816930746,1.1221154354661635,98.0,1.108006558579619,0.01410887688654451,0.07074016367415187,1.9844674545084815,214562368342611.78,294081045021895.56,98.0,254321706682253.7,39759338339641.9,199348404861664.06,1.9844674545084815,3.1888689325744526,3.32688454262542,98.0,3.2578767375999362,0.06900780502548372,0.3459965992723511,1.9844674545084815,0.9237301729242468,0.9615430650543076,98.0,0.9426366189892772,0.018906446065030395,0.09479458215503192,1.9844674545084815,99.0,0.7171717171717171,-0.07721266919404483,-0.042918464338229184,98.0,-0.06006556676613701,0.017147102427907828,0.0859734507602417,1.9844674545084815,ExtraTreesRegressor,"{'mode': 'original', 'type': 'ExtraTreesRegressor'}",13,"['nodes_T2W20', 'edges_T2W20', 're_T2W20', 'pe_T2W20', 'l1_T2W20', 'l2_T2W20', 'l3_T2W20', 'lcc_T2W20', 'lsc_T2W20', 'atd_T2W20', 'density_T2W20', 'diameter_T2W20', 'asp_T2W20']",0.08779048215591664,0.12809703270169273,98.0,0.10794375742880469,0.02015327527288805,0.1010460295910557,1.9844674545084815,1.3530374574572834,1.3887585020427318,98.0,1.3708979797500076,0.017860522292724196,0.08955044972417989,1.9844674545084815,completed,False,COMPLETE
40,1.0075757575757578,2026-06-10 19:47:56.401129,2026-06-10 19:47:58.619742,0 days 00:00:02.218613,,,,,,,,,,,,,,2.8828145009000483,QuantileRegressor,,,,,,10,,,,,,,,True,0.0,0.0,98.0,0.0,0.0,0.0,1.9844674545084815,0.9969166374215648,1.0182348777299508,98.0,1.0075757575757578,0.010659120154193034,0.053443510096056954,1.9844674545084815,243249413827922.25,331073265925134.4,98.0,287161339876528.3,43911926048606.08,220168966027914.5,1.9844674545084815,2.969853864095874,3.009944115702106,98.0,2.98989898989899,0.02004512580311598,0.10050378152592122,1.9844674545084815,1.0,1.0,98.0,1.0,0.0,0.0,1.9844674545084815,99.0,0.8787878787878788,-0.0030948902600817954,-0.0016582379893588322,98.0,-0.002376564124720314,0.0007183261353614816,0.0036015983976267767,1.9844674545084815,QuantileRegressor,"{'mode': 'original', 'type': 'QuantileRegressor'}",10,"['pe_T2W20', 'l1_T2W20', 'l2_T2W20', 'l3_T2W20', 'lcc_T2W20', 'lsc_T2W20', 'atd_T2W20', 'density_T2W20', 'diameter_T2W20', 'asp_T2W20']",,,,,,,,1.3196611267084086,1.3492364416432259,98.0,1.3344487841758172,0.014787657467408713,0.07414348555266105,1.9844674545084815,completed,True,COMPLETE
41,1.0075757575757578,2026-06-10 19:47:58.631716,2026-06-10 19:48:00.756312,0 days 00:00:02.124596,,,,,,,,,,,,,,1.91586447344442,QuantileRegressor,,,,,,8,,,,,,,,False,0.0,0.0,98.0,0.0,0.0,0.0,1.9844674545084815,0.9969166374215648,1.0182348777299508,98.0,1.0075757575757578,0.010659120154193034,0.053443510096056954,1.9844674545084815,243249413827922.25,331073265925134.4,98.0,287161339876528.3,43911926048606.08,220168966027914.5,1.9844674545084815,2.969853864095874,3.009944115702106,98.0,2.98989898989899,0.02004512580311598,0.10050378152592122,1.9844674545084815,1.0,1.0,98.0,1.0,0.0,0.0,1.9844674545084815,99.0,0.8787878787878788,-0.0030948902600817954,-0.0016582379893588322,98.0,-0.002376564124720314,0.0007183261353614816,0.0036015983976267767,1.9844674545084815,QuantileRegressor,"{'mode': 'original', 'type': 'QuantileRegressor'}",8,"['l2_T2W20', 'l3_T2W20', 'lcc_T2W20', 'lsc_T2W20', 'atd_T2W20', 'density_T2W20', 'diameter_T2W20', 'asp_T2W20']",,,,,,,,1.3196611267084086,1.3492364416432259,98.0,1.3344487841758172,0.014787657467408713,0.07414348555266105,1.9844674545084815,completed,False,COMPLETE
42,1.0075757575757578,2026-06-10 19:48:00.768387,2026-06-10 19:48:02.868729,0 days 00:00:02.100342,,,,,,,,,,,,,,9.826163478636927,QuantileRegressor,,,,,,8,,,,,,,,False,0.0,0.0,98.0,0.0,0.0,0.0,1.9844674545084815,0.9969166374215648,1.0182348777299508,98.0,1.0075757575757578,0.010659120154193034,0.053443510096056954,1.9844674545084815,243249413827922.25,331073265925134.4,98.0,287161339876528.3,43911926048606.08,220168966027914.5,1.9844674545084815,2.969853864095874,3.009944115702106,98.0,2.98989898989899,0.02004512580311598,0.10050378152592122,1.9844674545084815,1.0,1.0,98.0,1.0,0.0,0.0,1.9844674545084815,99.0,0.8787878787878788,-0.0030948902600817954,-0.0016582379893588322,98.0,-0.002376564124720314,0.0007183261353614816,0.0036015983976267767,1.9844674545084815,QuantileRegressor,"{'mode': 'original', 'type': 'QuantileRegressor'}",8,"['l2_T2W20', 'l3_T2W20', 'lcc_T2W20', 'lsc_T2W20', 'atd_T2W20', 'density_T2W20', 'diameter_T2W20', 'asp_T2W20']",,,,,,,,1.3196611267084086,1.3492364416432259,98.0,1.3344487841758172,0.014787657467408713,0.07414348555266105,1.9844674545084815,completed,False,COMPLETE
