number,value,datetime_start,datetime_complete,duration,params_dt_max_depth,params_dt_min_samples_leaf,params_dt_min_samples_split,params_elastic_alpha,params_elastic_l1_ratio,params_et_max_depth,params_et_max_features,params_et_min_samples_leaf,params_et_min_samples_split,params_et_n_estimators,params_knn_metric,params_knn_n_neighbors,params_knn_weights,params_quantile_alpha,params_regressor,params_rf_max_depth,params_rf_max_features,params_rf_min_samples_leaf,params_rf_min_samples_split,params_rf_n_estimators,params_rfe_n_features,params_rfe_proxy_et_max_depth,params_rfe_proxy_et_min_samples_leaf,params_rfe_proxy_et_min_samples_split,params_rfe_proxy_et_n_estimators,params_rfe_proxy_lsvr_C,params_rfe_proxy_lsvr_epsilon,params_rfe_proxy_type,params_use_scaler,user_attrs_d2mae_ci_lower_val,user_attrs_d2mae_ci_upper_val,user_attrs_d2mae_df_val,user_attrs_d2mae_mean_val,user_attrs_d2mae_samperror_val,user_attrs_d2mae_std_val,user_attrs_d2mae_t_critical_val,user_attrs_mae_ci_lower_val,user_attrs_mae_ci_upper_val,user_attrs_mae_df_val,user_attrs_mae_mean_val,user_attrs_mae_samperror_val,user_attrs_mae_std_val,user_attrs_mae_t_critical_val,user_attrs_mape_ci_lower_val,user_attrs_mape_ci_upper_val,user_attrs_mape_df_val,user_attrs_mape_mean_val,user_attrs_mape_samperror_val,user_attrs_mape_std_val,user_attrs_mape_t_critical_val,user_attrs_max_error_ci_lower_val,user_attrs_max_error_ci_upper_val,user_attrs_max_error_df_val,user_attrs_max_error_mean_val,user_attrs_max_error_samperror_val,user_attrs_max_error_std_val,user_attrs_max_error_t_critical_val,user_attrs_median_ae_ci_lower_val,user_attrs_median_ae_ci_upper_val,user_attrs_median_ae_df_val,user_attrs_median_ae_mean_val,user_attrs_median_ae_samperror_val,user_attrs_median_ae_std_val,user_attrs_median_ae_t_critical_val,user_attrs_n_splits_val,user_attrs_r2_below_zero_val,user_attrs_r2_ci_lower_val,user_attrs_r2_ci_upper_val,user_attrs_r2_df_val,user_attrs_r2_mean_val,user_attrs_r2_samperror_val,user_attrs_r2_std_val,user_attrs_r2_t_critical_val,user_attrs_regressor_final,user_attrs_rfe_estimator,user_attrs_rfe_n_features,user_attrs_rfe_selected_features,user_attrs_rho_ci_lower_val,user_attrs_rho_ci_upper_val,user_attrs_rho_df_val,user_attrs_rho_mean_val,user_attrs_rho_samperror_val,user_attrs_rho_std_val,user_attrs_rho_t_critical_val,user_attrs_rmse_ci_lower_val,user_attrs_rmse_ci_upper_val,user_attrs_rmse_df_val,user_attrs_rmse_mean_val,user_attrs_rmse_samperror_val,user_attrs_rmse_std_val,user_attrs_rmse_t_critical_val,user_attrs_termination_reason,user_attrs_use_scaler_final,state
134,0.9910015206774476,2026-06-10 19:52:24.222918,2026-06-10 19:52:26.505861,0 days 00:00:02.282943,,,,,,,,,,,,,,0.007144190693009905,QuantileRegressor,,,,,,7,,,,,,,,False,0.011796371843568694,0.021195902945238966,98.0,0.01649613739440383,0.004699765550835135,0.02356404318853216,1.9844674545084815,0.9793469564149785,1.0026560849399169,98.0,0.9910015206774476,0.011654564262469186,0.05843454373496282,1.9844674545084815,222656638517193.47,303180465320663.4,98.0,262918551918928.4,40261913401734.945,201868254062766.3,1.9844674545084815,3.1002007153931,3.204523673518126,98.0,3.152362194455613,0.052161479062512915,0.26153120450622397,1.9844674545084815,0.9923825111055882,0.9973133987299656,98.0,0.9948479549177769,0.002465443812188729,0.012361430339645582,1.9844674545084815,99.0,0.12121212121212122,0.03239768329647417,0.04706032472823219,98.0,0.03972900401235318,0.007331320715879011,0.036758335306163376,1.9844674545084815,QuantileRegressor,"{'mode': 'original', 'type': 'QuantileRegressor'}",7,"['edges_T2W20', 'lcc_T2W20', 'lsc_T2W20', 'atd_T2W20', 'density_T2W20', 'diameter_T2W20', 'asp_T2W20']",0.1945979976019562,0.2539003792440189,97.0,0.22424918842298758,0.02965119082103137,0.14789559343377273,1.9847231860139845,1.2904419843441735,1.3214896254247976,98.0,1.3059658048844855,0.015523820540312167,0.07783451614898879,1.9844674545084815,completed,False,COMPLETE
135,1.013467559345862,2026-06-10 19:52:26.518236,2026-06-10 19:52:28.785439,0 days 00:00:02.267203,,,,,,,,,,,,,,0.010276590190500897,QuantileRegressor,,,,,,7,,,,,,,,False,-0.009452891925220726,-0.0026322022322661574,98.0,-0.006042547078743442,0.0034103448464772846,0.017099047256920887,1.9844674545084815,1.0029578436234665,1.0239772750682574,98.0,1.013467559345862,0.010509715722395514,0.05269441475388413,1.9844674545084815,242582344940491.97,329883605181565.9,98.0,286232975061028.94,43650630120536.97,218858860562565.5,1.9844674545084815,2.985747180325483,3.021304993840285,98.0,3.003526087082884,0.017778906757401132,0.0891412395245634,1.9844674545084815,0.9955394927956934,1.0010034551692264,98.0,0.9982714739824599,0.002731981186766473,0.01369781576950854,1.9844674545084815,99.0,0.8888888888888888,-0.008210127418289411,-0.0029560321539921636,98.0,-0.005583079786140787,0.002627047632148624,0.013171691905201776,1.9844674545084815,QuantileRegressor,"{'mode': 'original', 'type': 'QuantileRegressor'}",7,"['l3_T2W20', 'lcc_T2W20', 'lsc_T2W20', 'atd_T2W20', 'density_T2W20', 'diameter_T2W20', 'asp_T2W20']",-0.08060108534543703,0.0638877984727311,17.0,-0.00835664343635297,0.07224444190908406,0.14527677768711644,2.1098155778333156,1.3219194348260426,1.3509859297598417,98.0,1.3364526822929421,0.014533247466899506,0.07286790527642192,1.9844674545084815,completed,False,COMPLETE
136,0.9967028187237434,2026-06-10 19:52:28.817343,2026-06-10 19:52:31.033698,0 days 00:00:02.216355,,,,,,,,,,,,,,0.005759833824484705,QuantileRegressor,,,,,,6,,,,,,,,True,0.004666495485432192,0.016917033746017773,98.0,0.010791764615724982,0.00612526913029279,0.030711341824690378,1.9844674545084815,0.9844804615810984,1.0089251758663886,98.0,0.9967028187237434,0.012222357142645121,0.061281387009566014,1.9844674545084815,220791012097434.94,301010280877512.56,98.0,260900646487473.75,40109634390038.81,201104745932519.9,1.9844674545084815,3.1341286690856243,3.2696633050868935,98.0,3.201895987086259,0.06776731800063475,0.33977695075750963,1.9844674545084815,0.9796937931984198,0.9895645620216398,98.0,0.9846291776100298,0.004935384411610049,0.024745407014297085,1.9844674545084815,99.0,0.15151515151515152,0.0269818470126239,0.047029235108744266,98.0,0.037005541060684086,0.010023694048060184,0.050257562191618484,1.9844674545084815,QuantileRegressor,"{'mode': 'original', 'type': 'QuantileRegressor'}",6,"['edges_T2W20', 'pe_T2W20', 'l1_T2W20', 'l2_T2W20', 'lcc_T2W20', 'density_T2W20']",0.18138717667792645,0.23017834137792983,98.0,0.20578275902792814,0.024395582350001704,0.122316432572404,1.9844674545084815,1.2915723529138023,1.3236029179864743,98.0,1.3075876354501383,0.01601528253633594,0.08029864581132237,1.9844674545084815,completed,True,COMPLETE
137,0.9941344337160901,2026-06-10 19:52:31.045899,2026-06-10 19:52:33.318688,0 days 00:00:02.272789,,,,,,,,,,,,,,0.004429561936207994,QuantileRegressor,,,,,,7,,,,,,,,False,0.008214952156491564,0.01846600356986712,98.0,0.013340477863179342,0.005125525706687778,0.025698751950479888,1.9844674545084815,0.9824326328346471,1.0058362345975331,98.0,0.9941344337160901,0.01170180088144301,0.058671382300108196,1.9844674545084815,222858626496693.06,303594401190952.5,98.0,263226513843822.78,40367887347129.71,202399594317749.38,1.9844674545084815,3.124091567738557,3.2510004714422265,98.0,3.1875460195903917,0.06345445185183489,0.3181527733177182,1.9844674545084815,0.9892057376558885,0.9948409705506884,98.0,0.9920233541032885,0.002817616447399981,0.014127180374657962,1.9844674545084815,99.0,0.15151515151515152,0.028689514425090927,0.0458814952618764,98.0,0.03728550484348366,0.008595990418392733,0.0430992327758182,1.9844674545084815,QuantileRegressor,"{'mode': 'original', 'type': 'QuantileRegressor'}",7,"['nodes_T2W20', 'edges_T2W20', 'pe_T2W20', 'l2_T2W20', 'lcc_T2W20', 'lsc_T2W20', 'diameter_T2W20']",0.17813460329207817,0.22981086481385957,97.0,0.20397273405296887,0.0258381307608907,0.12887663450571757,1.9847231860139845,1.2917733238686513,1.323266931102961,98.0,1.3075201274858061,0.015746803617154876,0.07895252571695535,1.9844674545084815,completed,False,COMPLETE
138,1.008062616235507,2026-06-10 19:52:33.331070,2026-06-10 19:52:35.474218,0 days 00:00:02.143148,,,,,,,,,,,,,,0.019157670919405144,QuantileRegressor,,,,,,7,,,,,,,,False,-0.001453013824967069,0.00047929650546802777,98.0,-0.00048685865974952065,0.0009661551652175484,0.004844182500968412,1.9844674545084815,0.9973736560823806,1.0187515763886337,98.0,1.008062616235507,0.010688960153126483,0.05359312415999437,1.9844674545084815,242845688701236.66,330687617091801.2,98.0,286766652896518.94,43920964195282.27,220214282177479.53,1.9844674545084815,2.971188534444465,3.011859045712453,98.0,2.991523790078459,0.02033525563399403,0.10195845661367685,1.9844674545084815,0.9994555191368701,1.0001796044679734,98.0,0.9998175618024218,0.00036204266555162865,0.0018152371463793363,1.9844674545084815,99.0,0.8888888888888888,-0.0031424945175659116,-0.0017060497506270447,98.0,-0.002424272134096478,0.0007182223834694334,0.003601078198472442,1.9844674545084815,QuantileRegressor,"{'mode': 'original', 'type': 'QuantileRegressor'}",7,"['l3_T2W20', 'lcc_T2W20', 'lsc_T2W20', 'atd_T2W20', 'density_T2W20', 'diameter_T2W20', 'asp_T2W20']",-0.08759075467815927,0.08896666468405576,5.0,0.0006879550029482498,0.08827870968110751,0.08412017500173458,2.5705818356363146,1.3196925291826758,1.3492688226188472,98.0,1.3344806759007615,0.01478814671808574,0.07414593859504344,1.9844674545084815,completed,False,COMPLETE
139,1.019829249525986,2026-06-10 19:52:35.486494,2026-06-10 19:52:50.129848,0 days 00:00:14.643354,,,,,,15.0,sqrt,5.0,9.0,191.0,,,,,ExtraTreesRegressor,,,,,,8,,,,,,,,False,-0.015032712948399576,-0.00945889048258934,98.0,-0.012245801715494458,0.002786911232905119,0.013973228226908486,1.9844674545084815,1.0089965119490205,1.0306619871029514,98.0,1.019829249525986,0.01083273757696537,0.054314006380230526,1.9844674545084815,233567252011556.3,318541650478463.4,98.0,276054451245009.84,42487199233453.53,213025561991909.2,1.9844674545084815,3.0334963311284504,3.096629513713876,98.0,3.065062922421163,0.031566591292712616,0.15827098447582041,1.9844674545084815,0.9638538281983392,0.9761704439774731,98.0,0.9700121360879062,0.006158307889566911,0.03087699407734212,1.9844674545084815,99.0,0.13131313131313133,0.019214044033349146,0.027456844711842187,98.0,0.023335444372595666,0.0041214003392465205,0.020664191551848517,1.9844674545084815,ExtraTreesRegressor,"{'mode': 'original', 'type': 'ExtraTreesRegressor'}",8,"['edges_T2W20', 'l1_T2W20', 'l2_T2W20', 'l3_T2W20', 'lsc_T2W20', 'atd_T2W20', 'density_T2W20', 'asp_T2W20']",0.16188650632727164,0.20823836662941803,98.0,0.18506243647834483,0.023175930151073186,0.11620124729780391,1.9844674545084815,1.3023349169401495,1.3319379709905836,98.0,1.3171364439653666,0.014801527025217148,0.07421302580007738,1.9844674545084815,completed,False,COMPLETE
140,0.9925268440168863,2026-06-10 19:52:50.142147,2026-06-10 19:52:52.515914,0 days 00:00:02.373767,,,,,,,,,,,,,,0.009289817433714948,QuantileRegressor,,,,,,7,,,,,,,,False,0.01038429856023488,0.01956639340047835,98.0,0.014975345980356615,0.004591047420121734,0.02301894392777183,1.9844674545084815,0.9809220683251446,1.0041316197086279,98.0,0.9925268440168863,0.01160477569174164,0.05818490999935857,1.9844674545084815,223538449919276.44,304207794910113.06,98.0,263873122414694.75,40334672495418.305,202233059159396.78,1.9844674545084815,3.0943586802606347,3.196738659392016,98.0,3.1455486698263253,0.05118998956569046,0.25666027632635724,1.9844674545084815,0.9935486163572944,0.9982713211213747,98.0,0.9959099687393346,0.002361352382040121,0.011839528783270707,1.9844674545084815,99.0,0.16161616161616163,0.029742737859126,0.044446106318991194,98.0,0.037094422089058596,0.007351684229932595,0.036860435446997776,1.9844674545084815,QuantileRegressor,"{'mode': 'original', 'type': 'QuantileRegressor'}",7,"['edges_T2W20', 'lcc_T2W20', 'lsc_T2W20', 'atd_T2W20', 'density_T2W20', 'diameter_T2W20', 'asp_T2W20']",0.2110034593456234,0.2652696717620479,97.0,0.23813656555383567,0.027133106208212264,0.1353357734799251,1.9847231860139845,1.2923406754916733,1.323059365446272,98.0,1.3077000204689726,0.015359344977299247,0.0770098560189519,1.9844674545084815,completed,False,COMPLETE
141,0.9920319272234739,2026-06-10 19:52:52.528483,2026-06-10 19:52:54.781331,0 days 00:00:02.252848,,,,,,,,,,,,,,0.00901402207142497,QuantileRegressor,,,,,,7,,,,,,,,False,0.010836875713592112,0.020023491146730795,98.0,0.015430183430161453,0.004593307716569341,0.023030276774598808,1.9844674545084815,0.9805638258240008,1.003500028622947,98.0,0.9920319272234739,0.011468101399473048,0.057499642002275836,1.9844674545084815,223347105753310.78,303873833483251.4,98.0,263610469618281.06,40263363864970.28,201875526506029.9,1.9844674545084815,3.0941378065083844,3.1967447231694885,98.0,3.1454412648389365,0.051303458330552276,0.2572291946791628,1.9844674545084815,0.9932135408513958,0.9980392151244726,98.0,0.9956263779879342,0.0024128371365383797,0.012097666974511409,1.9844674545084815,99.0,0.15151515151515152,0.03044589939510149,0.04489862446557728,98.0,0.03767226193033939,0.007226362535237896,0.03623208797002178,1.9844674545084815,QuantileRegressor,"{'mode': 'original', 'type': 'QuantileRegressor'}",7,"['edges_T2W20', 'lcc_T2W20', 'lsc_T2W20', 'atd_T2W20', 'density_T2W20', 'diameter_T2W20', 'asp_T2W20']",0.1986335578348548,0.25745518850241644,96.0,0.22804437316863563,0.029410815333780815,0.14592706671576863,1.984984311522457,1.2920367722893173,1.3225550119953855,98.0,1.3072958921423514,0.015259119853034164,0.07650733964207886,1.9844674545084815,completed,False,COMPLETE
142,1.0133212259291742,2026-06-10 19:52:54.793352,2026-06-10 19:52:56.946139,0 days 00:00:02.152787,,,,,,,,,,,,,,0.010323083572572042,QuantileRegressor,,,,,,6,,,,,,,,False,-0.009269045361009236,-0.002506000641600706,98.0,-0.005887523001304971,0.003381522359704265,0.016954534873106414,1.9844674545084815,1.0027844398618881,1.0238580119964602,98.0,1.0133212259291742,0.010536786067286003,0.0528301421150106,1.9844674545084815,242556409096689.2,329853719975428.3,98.0,286205064536058.75,43648655439369.57,218848959755427.62,1.9844674545084815,2.9855761111528287,3.0211951682105016,98.0,3.003385639681665,0.017809528528836344,0.08929477329913234,1.9844674545084815,0.9960951651135491,1.0011675708291472,98.0,0.9986313679713482,0.0025362028577990718,0.012716207442610887,1.9844674545084815,99.0,0.8888888888888888,-0.008026823996182137,-0.0028055407106649575,98.0,-0.005416182353423548,0.00261064164275859,0.013089434303549995,1.9844674545084815,QuantileRegressor,"{'mode': 'original', 'type': 'QuantileRegressor'}",6,"['lcc_T2W20', 'lsc_T2W20', 'atd_T2W20', 'density_T2W20', 'diameter_T2W20', 'asp_T2W20']",-0.09333424299413957,0.06994634192102932,12.0,-0.01169395053655513,0.08164029245758445,0.13510029709374083,2.1788128296672284,1.3217830502779924,1.3509234638879457,98.0,1.336353257082969,0.014570206804976565,0.07305321482628077,1.9844674545084815,completed,False,COMPLETE
143,1.0116741837539125,2026-06-10 19:52:56.958418,2026-06-10 19:52:59.291344,0 days 00:00:02.332926,,,,,,,,,,,,,,0.014410904877231935,QuantileRegressor,,,,,,7,,,,,,,,False,-0.007136613959561129,-0.0012472445143982607,98.0,-0.004191929236979695,0.0029446847225814343,0.014764284990171388,1.9844674545084815,1.001059373921055,1.02228899358677,98.0,1.0116741837539125,0.010614809832857576,0.053221343625335676,1.9844674545084815,242666116626251.88,330012048983104.9,98.0,286339082804678.4,43672966178426.5,218970850794222.25,1.9844674545084815,2.9841244822982973,3.01546373794679,98.0,2.9997941101225436,0.01566962782424624,0.07856557583668203,1.9844674545084815,0.9963993142999654,1.000771395931417,98.0,0.9985853551156912,0.0021860408157258725,0.010960538272915548,1.9844674545084815,99.0,0.898989898989899,-0.006005502417794661,-0.002080209809914193,98.0,-0.004042856113854427,0.001962646303940234,0.00984046582103283,1.9844674545084815,QuantileRegressor,"{'mode': 'original', 'type': 'QuantileRegressor'}",7,"['l3_T2W20', 'lcc_T2W20', 'lsc_T2W20', 'atd_T2W20', 'density_T2W20', 'diameter_T2W20', 'asp_T2W20']",-0.0732601352688396,0.05431982326325594,14.0,-0.009470156002791824,0.06378997926604776,0.11518978961593944,2.144786687917804,1.3208783049455912,1.3500683251115577,98.0,1.3354733150285745,0.014595010082983235,0.0731775753944505,1.9844674545084815,completed,False,COMPLETE
144,0.9907320627894664,2026-06-10 19:52:59.303944,2026-06-10 19:53:01.625539,0 days 00:00:02.321595,,,,,,,,,,,,,,0.006277483055827929,QuantileRegressor,,,,,,7,,,,,,,,False,0.0118153928653356,0.021640538315899262,98.0,0.01672796559061743,0.004912572725281832,0.024631032040476137,1.9844674545084815,0.9791151562938387,1.002348969285094,98.0,0.9907320627894664,0.011616906495627617,0.058245732349662814,1.9844674545084815,223033139703413.25,303643718832719.4,98.0,263338429268066.3,40305289564653.07,202085736778723.06,1.9844674545084815,3.11296235566612,3.231631508507556,98.0,3.172296932086838,0.059334576420718224,0.2974962274666268,1.9844674545084815,0.9928732524106205,0.9977157211681618,98.0,0.9952944867893911,0.0024212343787706394,0.012139769708463824,1.9844674545084815,99.0,0.1414141414141414,0.030719183885413153,0.04692570630128527,98.0,0.038822445093349214,0.008103261207936061,0.04062874945705156,1.9844674545084815,QuantileRegressor,"{'mode': 'original', 'type': 'QuantileRegressor'}",7,"['nodes_T2W20', 'edges_T2W20', 'lcc_T2W20', 'atd_T2W20', 'density_T2W20', 'diameter_T2W20', 'asp_T2W20']",0.21533080332051016,0.2672650305026556,97.0,0.24129791691158287,0.025967113591072708,0.12951998108588275,1.9847231860139845,1.2909315392761074,1.322059521742736,98.0,1.3064955305094217,0.01556399123331428,0.07803592703525031,1.9844674545084815,completed,False,COMPLETE
145,0.9907320627894664,2026-06-10 19:53:01.637870,2026-06-10 19:53:03.850754,0 days 00:00:02.212884,,,,,,,,,,,,,,0.006278252424731241,QuantileRegressor,,,,,,7,,,,,,,,False,0.011815392865335585,0.02164053831589925,98.0,0.016727965590617417,0.004912572725281831,0.02463103204047613,1.9844674545084815,0.9791151562938387,1.002348969285094,98.0,0.9907320627894664,0.011616906495627617,0.058245732349662814,1.9844674545084815,223033139703413.25,303643718832719.4,98.0,263338429268066.3,40305289564653.07,202085736778723.06,1.9844674545084815,3.11296235566612,3.231631508507556,98.0,3.172296932086838,0.05933457642071817,0.2974962274666265,1.9844674545084815,0.9928732524106204,0.9977157211681617,98.0,0.995294486789391,0.002421234378770631,0.012139769708463784,1.9844674545084815,99.0,0.1414141414141414,0.030719183885413184,0.04692570630128527,98.0,0.03882244509334923,0.008103261207936044,0.040628749457051465,1.9844674545084815,QuantileRegressor,"{'mode': 'original', 'type': 'QuantileRegressor'}",7,"['nodes_T2W20', 'edges_T2W20', 'lcc_T2W20', 'atd_T2W20', 'density_T2W20', 'diameter_T2W20', 'asp_T2W20']",0.2141009080350839,0.2666258383656393,97.0,0.24036337320036158,0.026262465165277697,0.13099314945211454,1.9847231860139845,1.2909315392761074,1.322059521742736,98.0,1.3064955305094217,0.015563991233314277,0.07803592703525028,1.9844674545084815,completed,False,COMPLETE
146,0.991056848854134,2026-06-10 19:53:03.863090,2026-06-10 19:53:06.184319,0 days 00:00:02.321229,,,,,,,,,,,,,,0.005808230288922655,QuantileRegressor,,,,,,7,,,,,,,,False,0.01144400809512387,0.0213293945091558,98.0,0.016386701302139834,0.004942693207015966,0.024782052410485107,1.9844674545084815,0.979495183829851,1.0026185138784172,98.0,0.991056848854134,0.01156166502428303,0.05796875844479843,1.9844674545084815,222876628837220.88,303452248925025.56,98.0,263164438881123.22,40287810043902.33,201998096623606.75,1.9844674545084815,3.115342382207011,3.236772760185757,98.0,3.176057571196384,0.06071518898937292,0.3044184481268954,1.9844674545084815,0.9927748729241852,0.9977458825624352,98.0,0.9952603777433102,0.0024855048191249987,0.012462013747208903,1.9844674545084815,99.0,0.15151515151515152,0.030219884999984205,0.046849141393514177,98.0,0.03853451319674919,0.008314628196764987,0.041688517396435205,1.9844674545084815,QuantileRegressor,"{'mode': 'original', 'type': 'QuantileRegressor'}",7,"['nodes_T2W20', 'edges_T2W20', 'lcc_T2W20', 'atd_T2W20', 'density_T2W20', 'diameter_T2W20', 'asp_T2W20']",0.21301322319126056,0.2640125662782807,97.0,0.23851289473477064,0.025499671543510065,0.1271884518249689,1.9847231860139845,1.2910965584721474,1.322233879993716,98.0,1.3066652192329318,0.01556866076078431,0.07805933946844164,1.9844674545084815,completed,False,COMPLETE
147,0.9910568488541339,2026-06-10 19:53:06.196864,2026-06-10 19:53:08.521039,0 days 00:00:02.324175,,,,,,,,,,,,,,0.005803961928344531,QuantileRegressor,,,,,,6,,,,,,,,False,0.011444008095123994,0.02132939450915596,98.0,0.016386701302139976,0.004942693207015982,0.02478205241048519,1.9844674545084815,0.9794951838298509,1.002618513878417,98.0,0.9910568488541339,0.011561665024283034,0.05796875844479846,1.9844674545084815,222876628837221.0,303452248925025.7,98.0,263164438881123.34,40287810043902.35,201998096623606.84,1.9844674545084815,3.1153423822070105,3.2367727601857568,98.0,3.1760575711963837,0.06071518898937298,0.3044184481268957,1.9844674545084815,0.9927748729241855,0.9977458825624353,98.0,0.9952603777433104,0.0024855048191249197,0.012462013747208506,1.9844674545084815,99.0,0.15151515151515152,0.030219884999984292,0.04684914139351426,98.0,0.038534513196749276,0.008314628196764986,0.0416885173964352,1.9844674545084815,QuantileRegressor,"{'mode': 'original', 'type': 'QuantileRegressor'}",6,"['nodes_T2W20', 'edges_T2W20', 'lcc_T2W20', 'density_T2W20', 'diameter_T2W20', 'asp_T2W20']",0.22297313374100097,0.2728337132430139,98.0,0.24790342349200745,0.024930289751006487,0.12499738934657022,1.9844674545084815,1.291096558472147,1.3222338799937157,98.0,1.3066652192329313,0.015568660760784324,0.07805933946844171,1.9844674545084815,completed,False,COMPLETE
