number,value,datetime_start,datetime_complete,duration,params_dt_max_depth,params_dt_min_samples_leaf,params_dt_min_samples_split,params_elastic_alpha,params_elastic_l1_ratio,params_et_max_depth,params_et_max_features,params_et_min_samples_leaf,params_et_min_samples_split,params_et_n_estimators,params_knn_metric,params_knn_n_neighbors,params_knn_weights,params_quantile_alpha,params_regressor,params_rf_max_depth,params_rf_max_features,params_rf_min_samples_leaf,params_rf_min_samples_split,params_rf_n_estimators,params_rfe_n_features,params_rfe_proxy_et_max_depth,params_rfe_proxy_et_min_samples_leaf,params_rfe_proxy_et_min_samples_split,params_rfe_proxy_et_n_estimators,params_rfe_proxy_lsvr_C,params_rfe_proxy_lsvr_epsilon,params_rfe_proxy_type,params_use_scaler,user_attrs_d2mae_ci_lower_val,user_attrs_d2mae_ci_upper_val,user_attrs_d2mae_df_val,user_attrs_d2mae_mean_val,user_attrs_d2mae_samperror_val,user_attrs_d2mae_std_val,user_attrs_d2mae_t_critical_val,user_attrs_mae_ci_lower_val,user_attrs_mae_ci_upper_val,user_attrs_mae_df_val,user_attrs_mae_mean_val,user_attrs_mae_samperror_val,user_attrs_mae_std_val,user_attrs_mae_t_critical_val,user_attrs_mape_ci_lower_val,user_attrs_mape_ci_upper_val,user_attrs_mape_df_val,user_attrs_mape_mean_val,user_attrs_mape_samperror_val,user_attrs_mape_std_val,user_attrs_mape_t_critical_val,user_attrs_max_error_ci_lower_val,user_attrs_max_error_ci_upper_val,user_attrs_max_error_df_val,user_attrs_max_error_mean_val,user_attrs_max_error_samperror_val,user_attrs_max_error_std_val,user_attrs_max_error_t_critical_val,user_attrs_median_ae_ci_lower_val,user_attrs_median_ae_ci_upper_val,user_attrs_median_ae_df_val,user_attrs_median_ae_mean_val,user_attrs_median_ae_samperror_val,user_attrs_median_ae_std_val,user_attrs_median_ae_t_critical_val,user_attrs_n_splits_val,user_attrs_r2_below_zero_val,user_attrs_r2_ci_lower_val,user_attrs_r2_ci_upper_val,user_attrs_r2_df_val,user_attrs_r2_mean_val,user_attrs_r2_samperror_val,user_attrs_r2_std_val,user_attrs_r2_t_critical_val,user_attrs_regressor_final,user_attrs_rfe_estimator,user_attrs_rfe_n_features,user_attrs_rfe_selected_features,user_attrs_rho_ci_lower_val,user_attrs_rho_ci_upper_val,user_attrs_rho_df_val,user_attrs_rho_mean_val,user_attrs_rho_samperror_val,user_attrs_rho_std_val,user_attrs_rho_t_critical_val,user_attrs_rmse_ci_lower_val,user_attrs_rmse_ci_upper_val,user_attrs_rmse_df_val,user_attrs_rmse_mean_val,user_attrs_rmse_samperror_val,user_attrs_rmse_std_val,user_attrs_rmse_t_critical_val,user_attrs_termination_reason,user_attrs_use_scaler_final,state
253,6.1023960960438055,2026-06-11 14:10:03.626875,2026-06-11 14:10:03.765631,0 days 00:00:00.138756,,,,0.34056592207486325,0.7646029033770328,,,,,,,,,,ElasticNet,,,,,,3,,,,,,,,True,,,,,,,,,,,,,,,,,,,,,,,,,,,,,,,,,,,,,,,,,,,,,ElasticNet,"{'mode': 'original', 'type': 'ElasticNet'}",3,"['pe_T2W30', 'l2_T2W30', 'asp_T2W30']",,,,,,,,,,,,,,,pruned,True,PRUNED
254,6.308224106554845,2026-06-11 14:10:03.776329,2026-06-11 14:10:05.598789,0 days 00:00:01.822460,,,,0.33170652218475855,0.7606120564959616,,,,,,,,,,ElasticNet,,,,,,2,,,,,,,,True,-0.004594806852165268,0.003833284254811559,98.0,-0.0003807612986768542,0.0042140455534884136,0.021128703197374928,1.9844674545084815,6.257949349450044,6.358498863659646,98.0,6.308224106554845,0.05027475710480089,0.2520714139665921,1.9844674545084815,178066222625416.0,402318392031700.25,98.0,290192307328558.1,112126084703142.14,562186320557278.6,1.9844674545084815,16.04069127873269,16.68844564383107,98.0,16.36456846128188,0.32387718254919023,1.6238801350448369,1.9844674545084815,6.078675964024627,6.22878835927187,98.0,6.153732161648248,0.07505619762362148,0.37632249167317317,1.9844674545084815,99.0,0.2828282828282828,0.003393539661190423,0.01983482851009315,98.0,0.011614184085641787,0.008220644424451364,0.04121729438629465,1.9844674545084815,ElasticNet,"{'mode': 'original', 'type': 'ElasticNet'}",2,"['l2_T2W30', 'asp_T2W30']",0.09370226660944296,0.14598638996496527,98.0,0.11984432828720411,0.02614206167776115,0.1310730639111501,1.9844674545084815,7.3834923227003095,7.5215212872393185,98.0,7.452506804969814,0.06901448226950466,0.34603007814800735,1.9844674545084815,completed,True,COMPLETE
255,6.308570735422987,2026-06-11 14:10:05.689352,2026-06-11 14:10:07.508496,0 days 00:00:01.819144,,,,0.3419132151064189,0.7577091126726032,,,,,,,,,,ElasticNet,,,,,,2,,,,,,,,True,-0.004608962336599311,0.0037390228787398017,98.0,-0.00043496972892975494,0.004173992607669557,0.020927882680926876,1.9844674545084815,6.258402309600749,6.358739161245225,98.0,6.308570735422987,0.050168425822238454,0.25153828206724704,1.9844674545084815,178111260547318.8,402418993569461.2,98.0,290265127058390.0,112153866511071.2,562325615106084.25,1.9844674545084815,16.03798569962629,16.683772925016306,98.0,16.3608793123213,0.322893612695009,1.618948637447314,1.9844674545084815,6.081260589253027,6.230682518004608,98.0,6.1559715536288175,0.07471096437579078,0.37459153486819924,1.9844674545084815,99.0,0.2828282828282828,0.0035368047293546957,0.019766735161988708,98.0,0.011651769945671702,0.008114965216317006,0.04068743190748113,1.9844674545084815,ElasticNet,"{'mode': 'original', 'type': 'ElasticNet'}",2,"['l2_T2W30', 'asp_T2W30']",0.09346324848337562,0.14580861578624632,98.0,0.11963593213481097,0.026172683651435356,0.1312265986997203,1.9844674545084815,7.383559820628156,7.52125149661012,98.0,7.452405658619138,0.06884583799098207,0.34518451659400623,1.9844674545084815,completed,True,COMPLETE
256,6.3078696405938635,2026-06-11 14:10:07.521382,2026-06-11 14:10:09.311070,0 days 00:00:01.789688,,,,0.3230282044247755,0.756551893090586,,,,,,,,,,ElasticNet,,,,,,2,,,,,,,,True,-0.004573525501300318,0.003923690984390997,98.0,-0.0003249172584546604,0.004248608242845658,0.021301996246978476,1.9844674545084815,6.2574932902842155,6.358245990903511,98.0,6.3078696405938635,0.05037635030964805,0.2525807897302947,1.9844674545084815,178016707310378.84,402207657384792.5,98.0,290112182347585.7,112095475037206.84,562032847478189.0,1.9844674545084815,16.043005740774237,16.692668702794005,98.0,16.36783722178412,0.3248314810098837,1.6286648694958,1.9844674545084815,6.076574327297009,6.227349285132157,98.0,6.151961806214583,0.07538747891757382,0.3779834951070271,1.9844674545084815,99.0,0.2828282828282828,0.0032907628823021784,0.019910535172034227,98.0,0.011600649027168203,0.008309886144866024,0.04166474133472728,1.9844674545084815,ElasticNet,"{'mode': 'original', 'type': 'ElasticNet'}",2,"['l2_T2W30', 'asp_T2W30']",0.0940265256120762,0.14633464233494292,98.0,0.12018058397350956,0.026154058361433363,0.131133213799291,1.9844674545084815,7.383357624316876,7.521692716457228,98.0,7.452525170387052,0.06916754607017638,0.3467975211131119,1.9844674545084815,completed,True,COMPLETE
257,6.307807599819165,2026-06-11 14:10:09.324606,2026-06-11 14:10:11.180711,0 days 00:00:01.856105,,,,0.3210572270885915,0.7570470454462825,,,,,,,,,,ElasticNet,,,,,,2,,,,,,,,True,-0.004571788143339605,0.0039413828697440765,98.0,-0.00031520263679776474,0.004256585506541841,0.02134199326049541,1.9844674545084815,6.257408894780798,6.358206304857533,98.0,6.307807599819165,0.05039870503836774,0.2526928735751846,1.9844674545084815,178007827527519.8,402187833759122.56,98.0,290097830643321.2,112090003115801.39,562005411941048.3,1.9844674545084815,16.04354650771227,16.693605071176975,98.0,16.368575789444623,0.325029281732351,1.6296566178535696,1.9844674545084815,6.076142565917258,6.227074757099669,98.0,6.1516086615084635,0.07546609559120593,0.3783776693850348,1.9844674545084815,99.0,0.2828282828282828,0.003260116900608241,0.01992082034657728,98.0,0.01159046862359276,0.00833035172298452,0.04176735321215951,1.9844674545084815,ElasticNet,"{'mode': 'original', 'type': 'ElasticNet'}",2,"['l2_T2W30', 'asp_T2W30']",0.09394143456012392,0.1462735114190996,98.0,0.12010747298961177,0.02616603842948785,0.13119328037877967,1.9844674545084815,7.383353469740414,7.52175847475556,98.0,7.452555972247987,0.06920250250757272,0.3469727883666834,1.9844674545084815,completed,True,COMPLETE
258,6.308223676186944,2026-06-11 14:10:11.193754,2026-06-11 14:10:13.266615,0 days 00:00:02.072861,,,,0.3327711685118302,0.7566745782086053,,,,,,,,,,ElasticNet,,,,,,2,,,,,,,,True,-0.004590026021874416,0.0038291218480591294,98.0,-0.0003804520869076435,0.004209573934966773,0.02110628305517276,1.9844674545084815,6.257955961113222,6.3584913912606655,98.0,6.308223676186944,0.0502677150737217,0.25203610609374394,1.9844674545084815,178064726008030.56,402314950828799.8,98.0,290189838418415.2,112125112410384.61,562181445601648.9,1.9844674545084815,16.040410859541225,16.68807339591691,98.0,16.364242127729067,0.32383126818784297,1.6236499261158897,1.9844674545084815,6.078883903096592,6.228929296675451,98.0,6.153906599886022,0.0750226967894293,0.3761545226340333,1.9844674545084815,99.0,0.2828282828282828,0.0034231439419108306,0.019840911982943327,98.0,0.011632027962427079,0.008208884020516248,0.04115832917553166,1.9844674545084815,ElasticNet,"{'mode': 'original', 'type': 'ElasticNet'}",2,"['l2_T2W30', 'asp_T2W30']",0.0937644814027551,0.14605745941592813,98.0,0.11991097040934161,0.026146489006586504,0.13109526199029298,1.9844674545084815,7.383444886386768,7.521445139541547,98.0,7.452445012964158,0.06900012657738931,0.3459581004833029,1.9844674545084815,completed,True,COMPLETE
259,6.1078066741270645,2026-06-11 14:10:13.279198,2026-06-11 14:10:13.451017,0 days 00:00:00.171819,,,,0.3087440283595942,0.7598081190868063,,,,,,,,,,ElasticNet,,,,,,3,,,,,,,,True,,,,,,,,,,,,,,,,,,,,,,,,,,,,,,,,,,,,,,,,,,,,,ElasticNet,"{'mode': 'original', 'type': 'ElasticNet'}",3,"['pe_T2W30', 'l2_T2W30', 'asp_T2W30']",,,,,,,,,,,,,,,pruned,True,PRUNED
260,6.307175766613606,2026-06-11 14:10:13.462470,2026-06-11 14:10:15.242952,0 days 00:00:01.780482,,,,0.3007819511237715,0.7622786798401678,,,,,,,,,,ElasticNet,,,,,,2,,,,,,,,True,-0.004556901859296891,0.004124378413465276,98.0,-0.00021626172291580733,0.004340640136381083,0.021763432778340305,1.9844674545084815,6.2565375212846,6.3578140119426125,98.0,6.307175766613606,0.05063824532900605,0.25389389896526854,1.9844674545084815,177915651493716.28,401982145972601.4,98.0,289948898733158.8,112033247239442.53,561720844996749.25,1.9844674545084815,16.049407872248782,16.70351431131127,98.0,16.376461091780026,0.3270532195312434,1.6398043916495473,1.9844674545084815,6.0713512621132555,6.224246530392739,98.0,6.147798896252997,0.07644763413974145,0.3832989822672892,1.9844674545084815,99.0,0.29292929292929293,0.0029307092607977394,0.020017597164470553,98.0,0.011474153212634147,0.008543443951836408,0.0428357712916346,1.9844674545084815,ElasticNet,"{'mode': 'original', 'type': 'ElasticNet'}",2,"['l2_T2W30', 'asp_T2W30']",0.0939984668323224,0.1463013889248187,98.0,0.12014992787857055,0.02615146104624816,0.13112019118219734,1.9844674545084815,7.383343666341151,7.522485645811173,98.0,7.452914656076162,0.06957098973501064,0.34882033774927473,1.9844674545084815,completed,True,COMPLETE
261,6.307090806300689,2026-06-11 14:10:15.256538,2026-06-11 14:10:16.952181,0 days 00:00:01.695643,,,,0.2995775760185091,0.756726235915428,,,,,,,,,,ElasticNet,,,,,,2,,,,,,,,True,-0.004547682933024987,0.004142525379782577,98.0,-0.0002025787766212049,0.004345104156403782,0.02178581482260859,1.9844674545084815,6.256431095478644,6.357750517122734,98.0,6.307090806300689,0.0506597108220453,0.25400152429244044,1.9844674545084815,177901193573877.88,401949748668609.1,98.0,289925471121243.5,112024277547365.62,561675872070078.4,1.9844674545084815,16.04984029503674,16.7043414415536,98.0,16.37709086829517,0.32725057325842705,1.6407938988282504,1.9844674545084815,6.07089188575649,6.223904671258085,98.0,6.147398278507287,0.07650639275079746,0.38359359067565446,1.9844674545084815,99.0,0.29292929292929293,0.0029313357458549925,0.02003991517799495,98.0,0.011485625461924972,0.008554289716069979,0.04289015061205986,1.9844674545084815,ElasticNet,"{'mode': 'original', 'type': 'ElasticNet'}",2,"['l2_T2W30', 'asp_T2W30']",0.09413489836365392,0.14645537017054594,98.0,0.12029513426709994,0.026160235903446013,0.13116418723088252,1.9844674545084815,7.383270240029513,7.5224682431989764,98.0,7.452869241614245,0.06959900158473148,0.348960785699172,1.9844674545084815,completed,True,COMPLETE
262,6.167859208790997,2026-06-11 14:10:16.965408,2026-06-11 14:10:17.107408,0 days 00:00:00.142000,,,,0.28944170292139487,0.7583766574227215,,,,,,,,,,ElasticNet,,,,,,6,,,,,,,,True,,,,,,,,,,,,,,,,,,,,,,,,,,,,,,,,,,,,,,,,,,,,,ElasticNet,"{'mode': 'original', 'type': 'ElasticNet'}",6,"['pe_T2W30', 'l1_T2W30', 'l2_T2W30', 'lsc_T2W30', 'diameter_T2W30', 'asp_T2W30']",,,,,,,,,,,,,,,pruned,True,PRUNED
263,6.307012231202601,2026-06-11 14:10:17.117025,2026-06-11 14:10:19.005287,0 days 00:00:01.888262,,,,0.297592347363879,0.7550585996434209,,,,,,,,,,ElasticNet,,,,,,2,,,,,,,,True,-0.004543435914757355,0.004163170512677127,98.0,-0.0001901327010401137,0.004353303213717241,0.021826923881890337,1.9844674545084815,6.256325528985647,6.357698933419556,98.0,6.307012231202601,0.05068670221695482,0.25413685580812717,1.9844674545084815,177888831505176.38,401922123822864.25,98.0,289905477664020.3,112016646158843.95,561637609231907.4,1.9844674545084815,16.05050774259909,16.70543789157971,98.0,16.3779728170894,0.3274650744903094,1.64186938147465,1.9844674545084815,6.070312207967255,6.22354659910398,98.0,6.1469294035356175,0.0766171955683617,0.38414914229844366,1.9844674545084815,99.0,0.29292929292929293,0.0029052664042181504,0.02005459664229603,98.0,0.011479931523257091,0.00857466511903894,0.04299231036244551,1.9844674545084815,ElasticNet,"{'mode': 'original', 'type': 'ElasticNet'}",2,"['l2_T2W30', 'asp_T2W30']",0.0942830372209715,0.14655282160358707,98.0,0.12041792941227929,0.026134892191307782,0.13103711699281992,1.9844674545084815,7.383245676801968,7.522521707283653,98.0,7.4528836920428105,0.06963801524084248,0.34915639534556786,1.9844674545084815,completed,True,COMPLETE
264,6.305963923154196,2026-06-11 14:10:19.018371,2026-06-11 14:10:20.828516,0 days 00:00:01.810145,,,,0.2540544071122353,0.7562051629657407,,,,,,,,,,ElasticNet,,,,,,2,,,,,,,,True,-0.004563797499884906,0.004514410954153499,98.0,-2.4693272865703532e-05,0.0045391042270192025,0.02275850718207059,1.9844674545084815,6.254666535797104,6.357261310511288,98.0,6.305963923154196,0.05129738735709201,0.25719875556911215,1.9844674545084815,177672850414829.38,401440684061931.0,98.0,289556767238380.2,111883916823550.83,560972120761173.7,1.9844674545084815,16.06493278899757,16.72850142056244,98.0,16.396717104780006,0.3317843157824362,1.663525523094583,1.9844674545084815,6.058425458514459,6.214724084171588,98.0,6.136574771343024,0.07814931282856469,0.391830988743508,1.9844674545084815,99.0,0.29292929292929293,0.0021220898976090988,0.02020961610241871,98.0,0.011165853000013904,0.009043763102404805,0.04534430963137124,1.9844674545084815,ElasticNet,"{'mode': 'original', 'type': 'ElasticNet'}",2,"['l2_T2W30', 'asp_T2W30']",0.09491774017818451,0.1467422201708592,98.0,0.12082998017452184,0.02591223999633734,0.12992076642563627,1.9844674545084815,7.383400764613807,7.524372232278969,98.0,7.453886498446388,0.07048573383258129,0.3534067515157613,1.9844674545084815,completed,True,COMPLETE
265,6.305787340749384,2026-06-11 14:10:20.841102,2026-06-11 14:10:22.667413,0 days 00:00:01.826311,,,,0.23354561920137007,0.754516871576379,,,,,,,,,,ElasticNet,,,,,,2,,,,,,,,True,-0.004625852874382731,0.00463241943148677,98.0,3.2832785520196623e-06,0.004629136152934751,0.0232099161231493,1.9844674545084815,6.254173976351505,6.3574007051472625,98.0,6.305787340749384,0.05161336439787825,0.25878302537047454,1.9844674545084815,177566106387463.72,401202995136377.75,98.0,289384550761920.75,111818444374457.03,560643849999277.6,1.9844674545084815,16.071658317376414,16.73957077126956,98.0,16.405614544322987,0.3339562269465716,1.6744152170420281,1.9844674545084815,6.052854785475339,6.210867585069118,98.0,6.1318611852722285,0.07900639979688918,0.39612831679518873,1.9844674545084815,99.0,0.29292929292929293,0.0017099173562115377,0.020247832505057402,98.0,0.01097887493063447,0.009268957574422932,0.046473406861234315,1.9844674545084815,ElasticNet,"{'mode': 'original', 'type': 'ElasticNet'}",2,"['l2_T2W30', 'asp_T2W30']",0.0952716639663182,0.1468186980554967,98.0,0.12104518101090744,0.02577351704458925,0.1292252267033087,1.9844674545084815,7.38359904876542,7.525401037087152,98.0,7.454500042926286,0.07090099416086557,0.35548881544093647,1.9844674545084815,completed,True,COMPLETE
266,6.306318999423257,2026-06-11 14:10:22.685752,2026-06-11 14:10:24.533997,0 days 00:00:01.848245,,,,0.1742289045888061,0.7475424751481469,,,,,,,,,,ElasticNet,,,,,,2,,,,,,,,True,-0.004968510984614551,0.004809545432165388,98.0,-7.948277622458177e-05,0.0048890282083899695,0.02451298274484811,1.9844674545084815,6.253720979476317,6.358917019370197,98.0,6.306318999423257,0.052598019946939405,0.26371996650784296,1.9844674545084815,177232258538560.62,400459780128825.0,98.0,288846019333692.8,111613760795132.17,559617591848520.06,1.9844674545084815,16.09316620064459,16.774243294484357,98.0,16.433704747564473,0.3405385469198858,1.707418155263989,1.9844674545084815,6.035503410907354,6.19802441417633,98.0,6.116763912541842,0.0812605016344878,0.4074301046137502,1.9844674545084815,99.0,0.29292929292929293,0.00020760517710489632,0.020117969534807323,98.0,0.01016278735595611,0.009955182178851213,0.049914052153191064,1.9844674545084815,ElasticNet,"{'mode': 'original', 'type': 'ElasticNet'}",2,"['l2_T2W30', 'asp_T2W30']",0.0951943099600679,0.14646550035723666,98.0,0.12082990515865229,0.02563559519858438,0.12853370362609404,1.9844674545084815,7.385112480274717,7.529432053143077,98.0,7.457272266708897,0.07215978643417964,0.3618002442075252,1.9844674545084815,completed,True,COMPLETE
267,6.30701454503406,2026-06-11 14:10:24.547607,2026-06-11 14:10:26.302327,0 days 00:00:01.754720,,,,0.14673230779652013,0.7301204896735992,,,,,,,,,,ElasticNet,,,,,,2,,,,,,,,True,-0.005197108359189112,0.004819439303488596,98.0,-0.00018883452785025813,0.005008273831338854,0.025110865549600278,1.9844674545084815,6.253944180674826,6.3600849093932945,98.0,6.30701454503406,0.05307036435923452,0.2660882429698903,1.9844674545084815,177063232085498.94,400083833753646.44,98.0,288573532919572.7,111510300834073.77,559098856400061.2,1.9844674545084815,16.1042298259035,16.791582549326872,98.0,16.447906187615185,0.34367636171168536,1.7231507705342215,1.9844674545084815,6.028718735770002,6.193032628836598,98.0,6.1108756823033,0.08215694653329837,0.4119247684609623,1.9844674545084815,99.0,0.29292929292929293,-0.0005730256783001621,0.019998309983203948,98.0,0.009712642152451892,0.010285667830752054,0.05157106633620659,1.9844674545084815,ElasticNet,"{'mode': 'original', 'type': 'ElasticNet'}",2,"['l2_T2W30', 'asp_T2W30']",0.09538908465199539,0.14647966148485375,98.0,0.12093437306842457,0.02554528841642919,0.12808091658982496,1.9844674545084815,7.386028502043683,7.53159981549884,98.0,7.458814158771261,0.07278565672757889,0.36493828044881355,1.9844674545084815,completed,True,COMPLETE
268,6.307047641587627,2026-06-11 14:10:26.315632,2026-06-11 14:10:28.045549,0 days 00:00:01.729917,,,,0.14229520969913823,0.7045839986938813,,,,,,,,,,ElasticNet,,,,,,2,,,,,,,,True,-0.0052179584246630105,0.004830878969701261,98.0,-0.00019353972748087424,0.005024418697182136,0.025191813910085313,1.9844674545084815,6.253900064379306,6.3601952187959485,98.0,6.307047641587627,0.05314757720832124,0.26647537864525733,1.9844674545084815,177018591996562.06,399984232382172.44,98.0,288501412189367.25,111482820192805.2,558961071863641.9,1.9844674545084815,16.10634393094388,16.794825096932485,98.0,16.450584513938182,0.34424058299430094,1.7259797062604045,1.9844674545084815,6.027371176653248,6.191884099733737,98.0,6.109627638193492,0.08225646154024406,0.4124237243974257,1.9844674545084815,99.0,0.29292929292929293,-0.0006521293354678995,0.02000959236098187,98.0,0.009678731512756986,0.010330860848224885,0.051797658536185724,1.9844674545084815,ElasticNet,"{'mode': 'original', 'type': 'ElasticNet'}",2,"['l2_T2W30', 'asp_T2W30']",0.0952795964635986,0.14640406941208192,98.0,0.12084183293784026,0.02556223647424167,0.12816589205550197,1.9844674545084815,7.386040131864769,7.531804399378272,98.0,7.458922265621521,0.07288213375675116,0.3654220043404686,1.9844674545084815,completed,True,COMPLETE
269,6.110402033402204,2026-06-11 14:10:28.059005,2026-06-11 14:10:28.206822,0 days 00:00:00.147817,,,,0.12731327537565898,0.6978907559752762,,,,,,,,,,ElasticNet,,,,,,3,,,,,,,,True,,,,,,,,,,,,,,,,,,,,,,,,,,,,,,,,,,,,,,,,,,,,,ElasticNet,"{'mode': 'original', 'type': 'ElasticNet'}",3,"['l2_T2W30', 'density_T2W30', 'asp_T2W30']",,,,,,,,,,,,,,,pruned,True,PRUNED
