number,value,datetime_start,datetime_complete,duration,params_dt_max_depth,params_dt_min_samples_leaf,params_dt_min_samples_split,params_elastic_alpha,params_elastic_l1_ratio,params_et_max_depth,params_et_max_features,params_et_min_samples_leaf,params_et_min_samples_split,params_et_n_estimators,params_knn_metric,params_knn_n_neighbors,params_knn_weights,params_quantile_alpha,params_regressor,params_rf_max_depth,params_rf_max_features,params_rf_min_samples_leaf,params_rf_min_samples_split,params_rf_n_estimators,params_rfe_n_features,params_rfe_proxy_et_max_depth,params_rfe_proxy_et_min_samples_leaf,params_rfe_proxy_et_min_samples_split,params_rfe_proxy_et_n_estimators,params_rfe_proxy_lsvr_C,params_rfe_proxy_lsvr_epsilon,params_rfe_proxy_type,params_use_scaler,user_attrs_d2mae_ci_lower_val,user_attrs_d2mae_ci_upper_val,user_attrs_d2mae_df_val,user_attrs_d2mae_mean_val,user_attrs_d2mae_samperror_val,user_attrs_d2mae_std_val,user_attrs_d2mae_t_critical_val,user_attrs_mae_ci_lower_val,user_attrs_mae_ci_upper_val,user_attrs_mae_df_val,user_attrs_mae_mean_val,user_attrs_mae_samperror_val,user_attrs_mae_std_val,user_attrs_mae_t_critical_val,user_attrs_mape_ci_lower_val,user_attrs_mape_ci_upper_val,user_attrs_mape_df_val,user_attrs_mape_mean_val,user_attrs_mape_samperror_val,user_attrs_mape_std_val,user_attrs_mape_t_critical_val,user_attrs_max_error_ci_lower_val,user_attrs_max_error_ci_upper_val,user_attrs_max_error_df_val,user_attrs_max_error_mean_val,user_attrs_max_error_samperror_val,user_attrs_max_error_std_val,user_attrs_max_error_t_critical_val,user_attrs_median_ae_ci_lower_val,user_attrs_median_ae_ci_upper_val,user_attrs_median_ae_df_val,user_attrs_median_ae_mean_val,user_attrs_median_ae_samperror_val,user_attrs_median_ae_std_val,user_attrs_median_ae_t_critical_val,user_attrs_n_splits_val,user_attrs_r2_below_zero_val,user_attrs_r2_ci_lower_val,user_attrs_r2_ci_upper_val,user_attrs_r2_df_val,user_attrs_r2_mean_val,user_attrs_r2_samperror_val,user_attrs_r2_std_val,user_attrs_r2_t_critical_val,user_attrs_regressor_final,user_attrs_rfe_estimator,user_attrs_rfe_n_features,user_attrs_rfe_selected_features,user_attrs_rho_ci_lower_val,user_attrs_rho_ci_upper_val,user_attrs_rho_df_val,user_attrs_rho_mean_val,user_attrs_rho_samperror_val,user_attrs_rho_std_val,user_attrs_rho_t_critical_val,user_attrs_rmse_ci_lower_val,user_attrs_rmse_ci_upper_val,user_attrs_rmse_df_val,user_attrs_rmse_mean_val,user_attrs_rmse_samperror_val,user_attrs_rmse_std_val,user_attrs_rmse_t_critical_val,user_attrs_termination_reason,user_attrs_use_scaler_final,state
118,6.333545780827385,2026-06-11 13:43:41.246458,2026-06-11 13:44:03.945744,0 days 00:00:22.699286,,,,,,2.0,log2,1.0,3.0,446.0,,,,,ExtraTreesRegressor,,,,,,3,,,,,,,,True,-0.007469519129644448,-0.0012141224394322742,98.0,-0.004341820784538361,0.003127698345106087,0.015681892657748404,1.9844674545084815,6.284561633971944,6.382529927682826,98.0,6.333545780827385,0.04898414685544037,0.24560045380346449,1.9844674545084815,177604559734420.9,401248219504661.75,98.0,289426389619541.3,111821829885120.4,560660824531012.1,1.9844674545084815,15.951097961950268,16.5350384680266,98.0,16.243068214988433,0.29197025303816476,1.4639027368366109,1.9844674545084815,6.116080406637823,6.237367861191065,98.0,6.176724133914444,0.06064372727662076,0.30406014793778935,1.9844674545084815,99.0,0.23232323232323232,0.007938704792581387,0.016376481210818205,98.0,0.012157593001699796,0.00421888820911841,0.021152983673747232,1.9844674545084815,ExtraTreesRegressor,"{'mode': 'original', 'type': 'ExtraTreesRegressor'}",3,"['pe_T2W30', 'l2_T2W30', 'asp_T2W30']",0.07934284239790898,0.13049964866702737,98.0,0.10492124553246818,0.025578403134559197,0.12824694969078526,1.9844674545084815,7.38648193138593,7.517432623997152,98.0,7.451957277691541,0.06547534630561082,0.3282852881576933,1.9844674545084815,completed,True,COMPLETE
119,6.30398856315729,2026-06-11 13:44:03.958725,2026-06-11 13:44:06.279829,0 days 00:00:02.321104,,,,,,10.0,log2,2.0,11.0,372.0,,,,,ExtraTreesRegressor,,,,,,2,,,,,,,,True,,,,,,,,,,,,,,,,,,,,,,,,,,,,,,,,,,,,,,,,,,,,,ExtraTreesRegressor,"{'mode': 'original', 'type': 'ExtraTreesRegressor'}",2,"['diameter_T2W30', 'asp_T2W30']",,,,,,,,,,,,,,,pruned,True,PRUNED
120,6.343156206496348,2026-06-11 13:44:06.289743,2026-06-11 13:44:27.882008,0 days 00:00:21.592265,,,,,,3.0,log2,1.0,2.0,411.0,,,,,ExtraTreesRegressor,,,,,,2,,,,,,,,True,-0.010049081858043223,-0.001728981736019649,98.0,-0.005889031797031436,0.004160050061011787,0.0208579764764475,1.9844674545084815,6.29193385427792,6.3943785587147755,98.0,6.343156206496348,0.05122235221842774,0.2568225386644565,1.9844674545084815,174964711673298.94,395307023248376.56,98.0,285135867460837.75,110171155787538.8,552384548766853.5,1.9844674545084815,15.974842314002888,16.624071334655543,98.0,16.299456824329216,0.3246145103263269,1.6275770053241352,1.9844674545084815,6.03231754572549,6.170569734192616,98.0,6.101443639959053,0.06912609423356307,0.34658968673124013,1.9844674545084815,99.0,0.35353535353535354,0.00400331401146146,0.019314378765727478,98.0,0.01165884638859447,0.007655532377133009,0.03838389247606463,1.9844674545084815,ExtraTreesRegressor,"{'mode': 'original', 'type': 'ExtraTreesRegressor'}",2,"['pe_T2W30', 'l2_T2W30']",0.04931429346582262,0.100847881768549,98.0,0.07508108761718581,0.02576679415136319,0.12919151894818404,1.9844674545084815,7.38360831812439,7.521818433330665,98.0,7.4527133757275275,0.06910505760313752,0.3464842116681701,1.9844674545084815,completed,True,COMPLETE
121,6.31914221764085,2026-06-11 13:44:27.894457,2026-06-11 13:44:51.298984,0 days 00:00:23.404527,,,,,,2.0,log2,1.0,2.0,456.0,,,,,ExtraTreesRegressor,,,,,,2,,,,,,,,True,-0.005566585801349929,0.0014003417101009722,98.0,-0.0020831220456244783,0.0034834637557254505,0.017465656424290092,1.9844674545084815,6.270146344311533,6.368138090970167,98.0,6.31914221764085,0.04899587332931688,0.24565924889311025,1.9844674545084815,176181112108506.62,398035195716376.75,98.0,287108153912441.7,110927041803935.08,556174467762451.94,1.9844674545084815,15.84491483675785,16.44698642373173,98.0,16.14595063024479,0.30103579348694015,1.5093562353891863,1.9844674545084815,6.05069800156352,6.168592760989119,98.0,6.109645381276319,0.05894737971279929,0.2955548710629573,1.9844674545084815,99.0,0.21212121212121213,0.012673520510639864,0.02401810663664962,98.0,0.018345813573644742,0.005672293063004878,0.028440175848964834,1.9844674545084815,ExtraTreesRegressor,"{'mode': 'original', 'type': 'ExtraTreesRegressor'}",2,"['pe_T2W30', 'l2_T2W30']",0.07471579714068509,0.12433553980155033,98.0,0.09952566847111771,0.02480987133043262,0.12439362627958207,1.9844674545084815,7.361958468967082,7.494163533092815,98.0,7.428061001029948,0.06610253206286686,0.3314299199720585,1.9844674545084815,completed,True,COMPLETE
122,6.318760094186944,2026-06-11 13:44:51.311403,2026-06-11 13:45:13.966137,0 days 00:00:22.654734,,,,,,2.0,log2,1.0,2.0,438.0,,,,,ExtraTreesRegressor,,,,,,2,,,,,,,,True,-0.005500580371754124,0.001454288980509773,98.0,-0.0020231456956221754,0.0034774346761319483,0.017435427364905814,1.9844674545084815,6.26980231378011,6.367717874593778,98.0,6.318760094186944,0.048957780406833955,0.24546825569124603,1.9844674545084815,176151862990969.94,397968509038402.7,98.0,287060186014686.3,110908323023716.36,556080614113639.2,1.9844674545084815,15.844673961728526,16.446623703993875,98.0,16.145648832861202,0.3009748711326748,1.5090507782399887,1.9844674545084815,6.049369505825458,6.167065586301414,98.0,6.108217546063436,0.05884804023797757,0.29505679522285305,1.9844674545084815,99.0,0.21212121212121213,0.012856764637133138,0.024167698780910414,98.0,0.018512231709021776,0.005655467071888639,0.02835581241060513,1.9844674545084815,ExtraTreesRegressor,"{'mode': 'original', 'type': 'ExtraTreesRegressor'}",2,"['pe_T2W30', 'l2_T2W30']",0.0739831408456564,0.12366304777570288,98.0,0.09882309431067964,0.02483995346502324,0.12454445438175636,1.9844674545084815,7.361374644793065,7.493486218980156,98.0,7.42743043188661,0.06605578709354579,0.3311955464774631,1.9844674545084815,completed,True,COMPLETE
123,6.318710314229017,2026-06-11 13:45:13.978753,2026-06-11 13:45:36.547236,0 days 00:00:22.568483,,,,,,2.0,log2,1.0,2.0,439.0,,,,,ExtraTreesRegressor,,,,,,2,,,,,,,,True,-0.0054923979355362106,0.0014624291817733818,98.0,-0.0020149843768814146,0.0034774135586547964,0.017435321484487256,1.9844674545084815,6.269743929425013,6.367676699033022,98.0,6.318710314229017,0.048966384804004885,0.2455113970744393,1.9844674545084815,176150499125414.3,397965444719967.06,98.0,287057971922690.7,110907472797276.39,556076351183428.06,1.9844674545084815,15.84394753311811,16.446031025033694,98.0,16.1449892790759,0.301041745957792,1.509386080341815,1.9844674545084815,6.0487910019423,6.166581634666709,98.0,6.107686318304505,0.05889531636220482,0.29529383186245295,1.9844674545084815,99.0,0.21212121212121213,0.012891436455750485,0.02420456105275056,98.0,0.018547998754250523,0.005656562298500037,0.02836130374137324,1.9844674545084815,ExtraTreesRegressor,"{'mode': 'original', 'type': 'ExtraTreesRegressor'}",2,"['pe_T2W30', 'l2_T2W30']",0.07402527033042908,0.12370168971901224,98.0,0.09886348002472066,0.024838209694291586,0.1245357113309835,1.9844674545084815,7.361229542367094,7.493364850562739,98.0,7.427297196464917,0.06606765409782282,0.33125504616915574,1.9844674545084815,completed,True,COMPLETE
124,6.331741849171685,2026-06-11 13:45:36.560243,2026-06-11 13:45:59.303470,0 days 00:00:22.743227,,,,,,3.0,log2,1.0,8.0,439.0,,,,,ExtraTreesRegressor,,,,,,2,,,,,,,,True,-0.008323438369282912,0.00017200307768911252,98.0,-0.0040757176457969,0.004247720723486012,0.0212975463346807,1.9844674545084815,6.280214022462278,6.383269675881092,98.0,6.331741849171685,0.051527826709406734,0.2583541499800773,1.9844674545084815,174917121639931.72,395198483458209.1,98.0,285057802549070.44,110140680909138.72,552231751495794.5,1.9844674545084815,15.967699827661736,16.6186335469821,98.0,16.293166687321918,0.3254668596601817,1.6318505794625522,1.9844674545084815,6.024641545891146,6.166354861306521,98.0,6.095498203598834,0.07085665770768701,0.355266517948386,1.9844674545084815,99.0,0.3333333333333333,0.00541264530896308,0.021093791557305917,98.0,0.013253218433134498,0.007840573124171418,0.0393116638952318,1.9844674545084815,ExtraTreesRegressor,"{'mode': 'original', 'type': 'ExtraTreesRegressor'}",2,"['pe_T2W30', 'l2_T2W30']",0.05259107762001155,0.10319806653330943,98.0,0.07789457207666049,0.025303494456648944,0.126868591581405,1.9844674545084815,7.377139100330086,7.51619560847876,98.0,7.446667354404423,0.06952825407433683,0.3486060664323515,1.9844674545084815,completed,True,COMPLETE
125,6.31888847445598,2026-06-11 13:45:59.316416,2026-06-11 13:46:21.562469,0 days 00:00:22.246053,,,,,,2.0,log2,1.0,2.0,431.0,,,,,ExtraTreesRegressor,,,,,,2,,,,,,,,True,-0.005524133575075803,0.0014375882644378528,98.0,-0.002043272655318975,0.0034808609197568277,0.017452606126671228,1.9844674545084815,6.26991336092849,6.36786358798347,98.0,6.31888847445598,0.04897511352749021,0.24555516181439585,1.9844674545084815,176130614083529.3,397920462549186.44,98.0,287025538316357.9,110894924232828.56,556013434233336.8,1.9844674545084815,15.845564504898173,16.447897335262606,98.0,16.14673092008039,0.3011664151822177,1.5100111564135623,1.9844674545084815,6.051221447332794,6.168954907236764,98.0,6.110088177284779,0.058866729951985136,0.29515050313727814,1.9844674545084815,99.0,0.21212121212121213,0.0127412651167031,0.02407410549503021,98.0,0.018407685305866655,0.005666420189163556,0.028410729985901908,1.9844674545084815,ExtraTreesRegressor,"{'mode': 'original', 'type': 'ExtraTreesRegressor'}",2,"['pe_T2W30', 'l2_T2W30']",0.07412851705987267,0.12378135627408493,98.0,0.0989549366669788,0.02482641960710614,0.12447659729207466,1.9844674545084815,7.361741334417269,7.493911831535662,98.0,7.427826582976466,0.06608524855919691,0.3313432626223412,1.9844674545084815,completed,True,COMPLETE
126,6.318695784044084,2026-06-11 13:46:21.575242,2026-06-11 13:46:43.397341,0 days 00:00:21.822099,,,,,,2.0,log2,1.0,3.0,425.0,,,,,ExtraTreesRegressor,,,,,,2,,,,,,,,True,-0.005496636680036729,0.001472580181591208,98.0,-0.0020120282492227604,0.0034846084308139684,0.017471395683606523,1.9844674545084815,6.269688211329226,6.367703356758942,98.0,6.318695784044084,0.04900757271485817,0.24571790816519357,1.9844674545084815,176155844307969.38,397977444909698.1,98.0,287066644608833.75,110910800300864.38,556093034874861.1,1.9844674545084815,15.844250591204228,16.446966519597392,98.0,16.14560855540081,0.30135796419658234,1.5109715594801378,1.9844674545084815,6.053291975558497,6.170579468394428,98.0,6.1119357219764625,0.058643746417965784,0.2940324912770844,1.9844674545084815,99.0,0.2222222222222222,0.012720324594515085,0.02405520323073412,98.0,0.018387763912624602,0.005667439318109517,0.028415839772387545,1.9844674545084815,ExtraTreesRegressor,"{'mode': 'original', 'type': 'ExtraTreesRegressor'}",2,"['pe_T2W30', 'l2_T2W30']",0.0745292514559352,0.12400942570587345,98.0,0.09926933858090432,0.024740087124969133,0.12404373690454149,1.9844674545084815,7.361799133378089,7.494012524386878,98.0,7.4279058288824835,0.06610669550439371,0.33145079495292523,1.9844674545084815,completed,True,COMPLETE
127,6.200988397975099,2026-06-11 13:46:43.409903,2026-06-11 13:46:45.872750,0 days 00:00:02.462847,,,,,,2.0,log2,4.0,4.0,424.0,,,,,ExtraTreesRegressor,,,,,,2,,,,,,,,True,,,,,,,,,,,,,,,,,,,,,,,,,,,,,,,,,,,,,,,,,,,,,ExtraTreesRegressor,"{'mode': 'original', 'type': 'ExtraTreesRegressor'}",2,"['diameter_T2W30', 'asp_T2W30']",,,,,,,,,,,,,,,pruned,True,PRUNED
128,7.555783519081393,2026-06-11 13:46:45.882400,2026-06-11 13:46:46.013674,0 days 00:00:00.131274,12.0,3.0,10.0,,,,,,,,,,,,DecisionTreeRegressor,,,,,,3,,,,,,,,True,,,,,,,,,,,,,,,,,,,,,,,,,,,,,,,,,,,,,,,,,,,,,DecisionTreeRegressor,"{'mode': 'original', 'type': 'DecisionTreeRegressor'}",3,"['re_T2W30', 'pe_T2W30', 'asp_T2W30']",,,,,,,,,,,,,,,pruned,True,PRUNED
129,6.30372340425532,2026-06-11 13:46:46.023263,2026-06-11 13:46:46.257437,0 days 00:00:00.234174,,,,,,,,,,,euclidean,8.0,uniform,,KNeighborsRegressor,,,,,,2,4.0,1.0,2.0,20.0,,,ExtraTrees,,,,,,,,,,,,,,,,,,,,,,,,,,,,,,,,,,,,,,,,,,,,,,KNeighborsRegressor,"{'mode': 'proxy', 'type': 'ExtraTrees'}",2,"['l2_T2W30', 'asp_T2W30']",,,,,,,,,,,,,,,pruned,True,PRUNED
130,6.191277504211461,2026-06-11 13:46:46.267108,2026-06-11 13:46:48.423954,0 days 00:00:02.156846,,,,,,4.0,,1.0,3.0,396.0,,,,,ExtraTreesRegressor,,,,,,3,,,,,,,,True,,,,,,,,,,,,,,,,,,,,,,,,,,,,,,,,,,,,,,,,,,,,,ExtraTreesRegressor,"{'mode': 'original', 'type': 'ExtraTreesRegressor'}",3,"['l2_T2W30', 'diameter_T2W30', 'asp_T2W30']",,,,,,,,,,,,,,,pruned,True,PRUNED
131,6.318739345647466,2026-06-11 13:46:48.433739,2026-06-11 13:47:10.946626,0 days 00:00:22.512887,,,,,,2.0,log2,1.0,2.0,437.0,,,,,ExtraTreesRegressor,,,,,,2,,,,,,,,True,-0.005498954347081007,0.0014597710087653863,98.0,-0.00201959166915781,0.0034793626779231965,0.017445094127425162,1.9844674545084815,6.269767981347013,6.367710709947919,98.0,6.318739345647466,0.04897136430045299,0.24553636365374867,1.9844674545084815,176149871826966.12,397963982873442.5,98.0,287056927350204.3,110907055523238.19,556074259023010.5,1.9844674545084815,15.84513123664141,16.44701417963981,98.0,16.14607270814061,0.30094147149920086,1.5088833166087332,1.9844674545084815,6.049513421185539,6.16739191838049,98.0,6.108452669783015,0.05893924859747582,0.29551410265641004,1.9844674545084815,99.0,0.21212121212121213,0.012824588050039139,0.024135209344429545,98.0,0.01847989869723434,0.005655310647195202,0.02835502811653939,1.9844674545084815,ExtraTreesRegressor,"{'mode': 'original', 'type': 'ExtraTreesRegressor'}",2,"['pe_T2W30', 'l2_T2W30']",0.07400841607787907,0.12366131352802624,98.0,0.09883486480295266,0.024826448725073585,0.12447674328596203,1.9844674545084815,7.361487433413958,7.493623676597246,98.0,7.427555555005602,0.06606812159164376,0.3312573901253526,1.9844674545084815,completed,True,COMPLETE
132,6.318590592979259,2026-06-11 13:47:10.987625,2026-06-11 13:47:33.735184,0 days 00:00:22.747559,,,,,,2.0,log2,1.0,2.0,440.0,,,,,ExtraTreesRegressor,,,,,,2,,,,,,,,True,-0.005471601154301261,0.0014802280705544747,98.0,-0.0019956865418733934,0.003475914612427868,0.017427805953500325,1.9844674545084815,6.269619256544112,6.367561929414406,98.0,6.318590592979259,0.0489713364351469,0.2455362239405504,1.9844674545084815,176142741110764.44,397947790218129.2,98.0,287045265664446.8,110902524553682.39,556051541302063.8,1.9844674545084815,15.843945378512043,16.446151552505743,98.0,16.145048465508893,0.3011030869968508,1.5096936367247829,1.9844674545084815,6.048942955734046,6.166859588025932,98.0,6.107901271879989,0.05895831614594247,0.2956097049860811,1.9844674545084815,99.0,0.21212121212121213,0.012921869052978291,0.024243079170581036,98.0,0.018582474111779664,0.005660605058801372,0.028381573641501474,1.9844674545084815,ExtraTreesRegressor,"{'mode': 'original', 'type': 'ExtraTreesRegressor'}",2,"['pe_T2W30', 'l2_T2W30']",0.0739660707397401,0.12368464161031731,98.0,0.0988253561750287,0.0248592854352886,0.12464138248962153,1.9844674545084815,7.3610889753994675,7.4932453392407,98.0,7.427167157320084,0.06607818192061603,0.33130783137052316,1.9844674545084815,completed,True,COMPLETE
133,6.342083299678315,2026-06-11 13:47:33.748394,2026-06-11 13:47:55.622486,0 days 00:00:21.874092,,,,,,3.0,log2,1.0,3.0,415.0,,,,,ExtraTreesRegressor,,,,,,2,,,,,,,,True,-0.009885496997712297,-0.0015441564394140048,98.0,-0.005714826718563151,0.004170670279149146,0.02091122493664269,1.9844674545084815,6.290712866500244,6.393453732856385,98.0,6.342083299678315,0.05137043317807074,0.2575649982809382,1.9844674545084815,174985685602587.2,395353927856325.7,98.0,285169806729456.44,110184121126869.25,552449555374658.06,1.9844674545084815,15.968250274117734,16.619754622348008,98.0,16.29400244823287,0.32575217411513663,1.6332811108510115,1.9844674545084815,6.029684112528614,6.169614889727054,98.0,6.099649501127834,0.06996538859922027,0.3507978048737981,1.9844674545084815,99.0,0.35353535353535354,0.004188563390033934,0.019598427082557525,98.0,0.01189349523629573,0.007704931846261796,0.03863157530437815,1.9844674545084815,ExtraTreesRegressor,"{'mode': 'original', 'type': 'ExtraTreesRegressor'}",2,"['pe_T2W30', 'l2_T2W30']",0.051276084132950414,0.10285217280865745,98.0,0.07706412847080393,0.025788044337853522,0.12929806475494957,1.9844674545084815,7.382535241439495,7.521144231962763,98.0,7.451839736701129,0.06930449526163385,0.3474841674207272,1.9844674545084815,completed,True,COMPLETE
134,6.318883145374015,2026-06-11 13:47:55.650592,2026-06-11 13:48:18.040016,0 days 00:00:22.389424,,,,,,2.0,log2,1.0,2.0,435.0,,,,,ExtraTreesRegressor,,,,,,2,,,,,,,,True,-0.005522064248681159,0.0014367009594262385,98.0,-0.0020426816446274605,0.003479382604053699,0.01744519403457897,1.9844674545084815,6.269920914279337,6.367845376468693,98.0,6.318883145374015,0.04896223109467779,0.24549057088961843,1.9844674545084815,176145437959087.0,397954154766757.0,98.0,287049796362922.0,110904358403834.98,556060735999911.94,1.9844674545084815,15.844975657445792,16.447014752546785,98.0,16.14599520499629,0.3010195475504975,1.5092747802732167,1.9844674545084815,6.0508132941432455,6.168339891098365,98.0,6.109576592620805,0.058763298477559525,0.2946319105172727,1.9844674545084815,99.0,0.21212121212121213,0.012760372111593862,0.02408081886475723,98.0,0.018420595488175547,0.005660223376581686,0.028379659934059755,1.9844674545084815,ExtraTreesRegressor,"{'mode': 'original', 'type': 'ExtraTreesRegressor'}",2,"['pe_T2W30', 'l2_T2W30']",0.07369209311525067,0.12348835210491559,98.0,0.09859022261008313,0.024898129494832458,0.12483614179980602,1.9844674545084815,7.3617134494463405,7.493838907067121,98.0,7.427776178256731,0.0660627288103903,0.3312303513871458,1.9844674545084815,completed,True,COMPLETE
135,6.34301982428903,2026-06-11 13:48:18.052815,2026-06-11 13:48:39.387393,0 days 00:00:21.334578,,,,,,3.0,sqrt,1.0,2.0,430.0,,,,,ExtraTreesRegressor,,,,,,2,,,,,,,,True,-0.010030673719006036,-0.0017028800907150738,98.0,-0.005866776904860555,0.004163896814145481,0.02087726362088003,1.9844674545084815,6.291764595154916,6.394275053423144,98.0,6.34301982428903,0.05125522913411354,0.2569873794533738,1.9844674545084815,174979191086974.97,395338610413217.0,98.0,285158900750096.0,110179709663121.03,552427436841049.6,1.9844674545084815,15.977501024414154,16.625358391995068,98.0,16.301429708204612,0.32392868379045753,1.6241383558986986,1.9844674545084815,6.032593010047398,6.1714140988553225,98.0,6.10200355445136,0.06941054440396226,0.3480158847038349,1.9844674545084815,99.0,0.35353535353535354,0.004004619686311128,0.019312415464398647,98.0,0.011658517575354887,0.007653897889043759,0.0383756973549443,1.9844674545084815,ExtraTreesRegressor,"{'mode': 'original', 'type': 'ExtraTreesRegressor'}",2,"['pe_T2W30', 'l2_T2W30']",0.050282421954586695,0.101833488104199,98.0,0.07605795502939285,0.025775533074806147,0.12923533482946659,1.9844674545084815,7.383586667232538,7.521858243840248,98.0,7.452722455536393,0.06913578830385557,0.34663829160069043,1.9844674545084815,completed,True,COMPLETE
