number,value,datetime_start,datetime_complete,duration,params_dt_max_depth,params_dt_min_samples_leaf,params_dt_min_samples_split,params_elastic_alpha,params_elastic_l1_ratio,params_et_max_depth,params_et_max_features,params_et_min_samples_leaf,params_et_min_samples_split,params_et_n_estimators,params_knn_metric,params_knn_n_neighbors,params_knn_weights,params_quantile_alpha,params_regressor,params_rf_max_depth,params_rf_max_features,params_rf_min_samples_leaf,params_rf_min_samples_split,params_rf_n_estimators,params_rfe_n_features,params_rfe_proxy_et_max_depth,params_rfe_proxy_et_min_samples_leaf,params_rfe_proxy_et_min_samples_split,params_rfe_proxy_et_n_estimators,params_rfe_proxy_lsvr_C,params_rfe_proxy_lsvr_epsilon,params_rfe_proxy_type,params_use_scaler,user_attrs_d2mae_ci_lower_val,user_attrs_d2mae_ci_upper_val,user_attrs_d2mae_df_val,user_attrs_d2mae_mean_val,user_attrs_d2mae_samperror_val,user_attrs_d2mae_std_val,user_attrs_d2mae_t_critical_val,user_attrs_mae_ci_lower_val,user_attrs_mae_ci_upper_val,user_attrs_mae_df_val,user_attrs_mae_mean_val,user_attrs_mae_samperror_val,user_attrs_mae_std_val,user_attrs_mae_t_critical_val,user_attrs_mape_ci_lower_val,user_attrs_mape_ci_upper_val,user_attrs_mape_df_val,user_attrs_mape_mean_val,user_attrs_mape_samperror_val,user_attrs_mape_std_val,user_attrs_mape_t_critical_val,user_attrs_max_error_ci_lower_val,user_attrs_max_error_ci_upper_val,user_attrs_max_error_df_val,user_attrs_max_error_mean_val,user_attrs_max_error_samperror_val,user_attrs_max_error_std_val,user_attrs_max_error_t_critical_val,user_attrs_median_ae_ci_lower_val,user_attrs_median_ae_ci_upper_val,user_attrs_median_ae_df_val,user_attrs_median_ae_mean_val,user_attrs_median_ae_samperror_val,user_attrs_median_ae_std_val,user_attrs_median_ae_t_critical_val,user_attrs_n_splits_val,user_attrs_r2_below_zero_val,user_attrs_r2_ci_lower_val,user_attrs_r2_ci_upper_val,user_attrs_r2_df_val,user_attrs_r2_mean_val,user_attrs_r2_samperror_val,user_attrs_r2_std_val,user_attrs_r2_t_critical_val,user_attrs_regressor_final,user_attrs_rfe_estimator,user_attrs_rfe_n_features,user_attrs_rfe_selected_features,user_attrs_rho_ci_lower_val,user_attrs_rho_ci_upper_val,user_attrs_rho_df_val,user_attrs_rho_mean_val,user_attrs_rho_samperror_val,user_attrs_rho_std_val,user_attrs_rho_t_critical_val,user_attrs_rmse_ci_lower_val,user_attrs_rmse_ci_upper_val,user_attrs_rmse_df_val,user_attrs_rmse_mean_val,user_attrs_rmse_samperror_val,user_attrs_rmse_std_val,user_attrs_rmse_t_critical_val,user_attrs_termination_reason,user_attrs_use_scaler_final,state
81,6.319252136932431,2026-06-11 13:34:28.009448,2026-06-11 13:34:53.542611,0 days 00:00:25.533163,,,,,,2.0,log2,1.0,2.0,499.0,,,,,ExtraTreesRegressor,,,,,,2,,,,,,,,True,-0.005558481500909579,0.001358322981649421,98.0,-0.002100079259630079,0.0034584022412795,0.017340001090553402,1.9844674545084815,6.270308493932751,6.368195779932112,98.0,6.319252136932431,0.04894364299968018,0.24539737248034071,1.9844674545084815,176185245997783.03,398044599570787.6,98.0,287114922784285.3,110929676786502.28,556187679239140.06,1.9844674545084815,15.837637083114467,16.441202245034667,98.0,16.139419664074566,0.30178258096009924,1.513100535414333,1.9844674545084815,6.05139306668672,6.169107869457073,98.0,6.1102504680718965,0.05885740138517611,0.29510373085708724,1.9844674545084815,99.0,0.2222222222222222,0.012820962685203188,0.024160359794711966,98.0,0.018490661239957577,0.00566969855475439,0.02842716730549469,1.9844674545084815,ExtraTreesRegressor,"{'mode': 'original', 'type': 'ExtraTreesRegressor'}",2,"['pe_T2W30', 'l2_T2W30']",0.07569656260837601,0.12511351945383817,98.0,0.10040504103110709,0.024708478422731082,0.12388525478099417,1.9844674545084815,7.36144634916649,7.49356306706982,98.0,7.427504708118155,0.06605835895166466,0.3312084414559748,1.9844674545084815,completed,True,COMPLETE
82,6.344663623801764,2026-06-11 13:34:53.556067,2026-06-11 13:35:19.890325,0 days 00:00:26.334258,,,,,,3.0,log2,1.0,2.0,497.0,,,,,ExtraTreesRegressor,,,,,,2,,,,,,,,True,-0.010281359892816703,-0.0019770006414002823,98.0,-0.006129180267108492,0.00415217962570821,0.020818515087278184,1.9844674545084815,6.293490496079034,6.395836751524493,98.0,6.344663623801764,0.05117312772272951,0.25657573313128246,1.9844674545084815,174925104397224.38,395216244692270.75,98.0,285070674544747.56,110145570147523.2,552256265532336.25,1.9844674545084815,15.974600275631369,16.6218757168936,98.0,16.298237996262486,0.32363772063111695,1.6226795026051006,1.9844674545084815,6.033551860272345,6.170461065973235,98.0,6.10200646312279,0.0684546028504449,0.34322291198867627,1.9844674545084815,99.0,0.37373737373737376,0.003707728759954263,0.018929980269478716,98.0,0.01131885451471649,0.0076111257547622265,0.03816124316386308,1.9844674545084815,ExtraTreesRegressor,"{'mode': 'original', 'type': 'ExtraTreesRegressor'}",2,"['pe_T2W30', 'l2_T2W30']",0.049996958469226416,0.10103227618605704,98.0,0.07551461732764173,0.025517658858415313,0.12794238540326325,1.9844674545084815,7.3850080921480385,7.5229916371514465,98.0,7.4539998646497425,0.06899177250170398,0.3459162141810778,1.9844674545084815,completed,True,COMPLETE
83,6.317376878820071,2026-06-11 13:35:19.902930,2026-06-11 13:35:24.120303,0 days 00:00:04.217373,,,,,,2.0,log2,1.0,2.0,52.0,,,,,ExtraTreesRegressor,,,,,,2,,,,,,,,True,-0.005436118247390136,0.0018381513462376613,98.0,-0.0017989834505762377,0.003637134796813899,0.018236144017738543,1.9844674545084815,6.26782921271601,6.3669245449241325,98.0,6.317376878820071,0.049547666104060986,0.24842586961802696,1.9844674545084815,176277567255816.06,398256743533229.3,98.0,287267155394522.7,110989588138706.61,556488067349048.1,1.9844674545084815,15.857283360451456,16.472998998308388,98.0,16.165141179379923,0.30785781892846636,1.5435610271811564,1.9844674545084815,6.061377871624536,6.185616307888402,98.0,6.123497089756469,0.06211921813193256,0.31145807659248004,1.9844674545084815,99.0,0.23232323232323232,0.013017138395361307,0.025417705460485638,98.0,0.019217421927923473,0.006200283532562165,0.03108745475962676,1.9844674545084815,ExtraTreesRegressor,"{'mode': 'original', 'type': 'ExtraTreesRegressor'}",2,"['pe_T2W30', 'l2_T2W30']",0.07981978364198859,0.12875024350597591,98.0,0.10428501357398225,0.024465229931993654,0.12266563693425636,1.9844674545084815,7.357780148777614,7.491489403280024,98.0,7.424634776028819,0.06685462725120499,0.33520083222463626,1.9844674545084815,completed,True,COMPLETE
84,6.202161870738851,2026-06-11 13:35:24.138992,2026-06-11 13:35:24.957173,0 days 00:00:00.818181,,,,,,2.0,log2,4.0,3.0,123.0,,,,,ExtraTreesRegressor,,,,,,2,,,,,,,,True,,,,,,,,,,,,,,,,,,,,,,,,,,,,,,,,,,,,,,,,,,,,,ExtraTreesRegressor,"{'mode': 'original', 'type': 'ExtraTreesRegressor'}",2,"['diameter_T2W30', 'asp_T2W30']",,,,,,,,,,,,,,,pruned,True,PRUNED
85,6.349544543771367,2026-06-11 13:35:24.967215,2026-06-11 13:35:49.492401,0 days 00:00:24.525186,,,,,,3.0,log2,1.0,2.0,477.0,,,,,ExtraTreesRegressor,,,,,,3,,,,,,,,True,-0.010550130232237113,-0.0032356759964621705,98.0,-0.0068929031143496414,0.003657227117887471,0.018336884430513258,1.9844674545084815,6.2995015405301915,6.399587547012543,98.0,6.349544543771367,0.05004300324117543,0.2509094287584982,1.9844674545084815,176222740265057.88,398133795433122.6,98.0,287178267849090.25,110955527584032.39,556317291940639.5,1.9844674545084815,16.09322623607286,16.76227616909071,98.0,16.427751202581785,0.3345249665089269,1.6772668068639895,1.9844674545084815,6.124785518031913,6.2493590133110315,98.0,6.187072265671472,0.062286747639559166,0.3122980488230874,1.9844674545084815,99.0,0.36363636363636365,0.0019463737779047141,0.013542151710991155,98.0,0.007744262744447935,0.005797888966543221,0.029069898175167745,1.9844674545084815,ExtraTreesRegressor,"{'mode': 'original', 'type': 'ExtraTreesRegressor'}",3,"['pe_T2W30', 'l2_T2W30', 'diameter_T2W30']",0.07120620951269982,0.12142427010929147,98.0,0.09631523981099564,0.02510903029829582,0.12589357234342616,1.9844674545084815,7.400458553008277,7.536254461258804,98.0,7.4683565071335405,0.06789795412526385,0.34043194412886957,1.9844674545084815,completed,True,COMPLETE
86,6.123593875987733,2026-06-11 13:35:49.505258,2026-06-11 13:35:50.147099,0 days 00:00:00.641841,,,,,,2.0,log2,1.0,2.0,78.0,,,,,ExtraTreesRegressor,,,,,,2,,,,,,,,True,,,,,,,,,,,,,,,,,,,,,,,,,,,,,,,,,,,,,,,,,,,,,ExtraTreesRegressor,"{'mode': 'original', 'type': 'ExtraTreesRegressor'}",2,"['l2_T2W30', 'asp_T2W30']",,,,,,,,,,,,,,,pruned,True,PRUNED
87,6.31073010478421,2026-06-11 13:35:50.157091,2026-06-11 13:35:50.269138,0 days 00:00:00.112047,,,,,,,,,,,,,,,LinearRegression,,,,,,3,,,,,,,,False,,,,,,,,,,,,,,,,,,,,,,,,,,,,,,,,,,,,,,,,,,,,,LinearRegression,"{'mode': 'original', 'type': 'LinearRegression'}",3,"['density_T2W30', 'diameter_T2W30', 'asp_T2W30']",,,,,,,,,,,,,,,pruned,False,PRUNED
88,6.538185931576811,2026-06-11 13:35:50.306115,2026-06-11 13:35:52.676775,0 days 00:00:02.370660,,,,,,,,,,,,,,,RandomForestRegressor,9.0,log2,3.0,8.0,235.0,2,,,,,,,,True,,,,,,,,,,,,,,,,,,,,,,,,,,,,,,,,,,,,,,,,,,,,,RandomForestRegressor,"{'mode': 'original', 'type': 'RandomForestRegressor'}",2,"['diameter_T2W30', 'asp_T2W30']",,,,,,,,,,,,,,,pruned,True,PRUNED
89,6.375330686042029,2026-06-11 13:35:52.686234,2026-06-11 13:36:06.847128,0 days 00:00:14.160894,,,,,,4.0,sqrt,1.0,2.0,272.0,,,,,ExtraTreesRegressor,,,,,,3,,,,,,,,True,-0.015376457977897016,-0.006551031601171156,98.0,-0.010963744789534087,0.004412713188362931,0.022124798146731454,1.9844674545084815,6.322209485898155,6.428451886185904,98.0,6.375330686042029,0.05312120014387487,0.2663431273065303,1.9844674545084815,174784700829115.94,394905181939422.7,98.0,284844941384269.3,110060240555153.38,551828433510054.9,1.9844674545084815,16.230886862032044,16.97218693960349,98.0,16.601536900817766,0.3706500387857231,1.858393451185217,1.9844674545084815,6.115396873462498,6.267024066413923,98.0,6.191210469938211,0.07581359647571251,0.38011999583983236,1.9844674545084815,99.0,0.47474747474747475,-0.008113347352853765,0.006988152105398069,98.0,-0.000562597623727848,0.007550749729125917,0.03785852523883954,1.9844674545084815,ExtraTreesRegressor,"{'mode': 'original', 'type': 'ExtraTreesRegressor'}",3,"['pe_T2W30', 'l2_T2W30', 'asp_T2W30']",0.04548884295338801,0.1001974213596663,98.0,0.07284313215652716,0.027354289203139145,0.13715102279087732,1.9844674545084815,7.42736093627708,7.571407842604292,98.0,7.499384389440686,0.07202345316360624,0.36111668605104336,1.9844674545084815,completed,True,COMPLETE
90,6.319713633906421,2026-06-11 13:36:06.873313,2026-06-11 13:36:19.706103,0 days 00:00:12.832790,,,,,,2.0,log2,1.0,3.0,234.0,,,,,ExtraTreesRegressor,,,,,,2,,,,,,,,False,-0.0056677835304308685,0.001323221444766575,98.0,-0.0021722810428321465,0.0034955024875987215,0.01752601713691043,1.9844674545084815,6.270633206788408,6.368794061024434,98.0,6.319713633906421,0.04908042711801326,0.24608319113172714,1.9844674545084815,176356415829316.12,398430461523713.5,98.0,287393438676514.8,111037022847198.7,556725899110537.7,1.9844674545084815,15.847744519827403,16.45193499190013,98.0,16.149839755863766,0.3020952360363636,1.5146681492964549,1.9844674545084815,6.053789588301842,6.174230358642146,98.0,6.114009973471994,0.06022038517015218,0.3019375629763805,1.9844674545084815,99.0,0.2222222222222222,0.01225419892337461,0.023629816978001063,98.0,0.017942007950687837,0.005687809027313226,0.028517970974938432,1.9844674545084815,ExtraTreesRegressor,"{'mode': 'original', 'type': 'ExtraTreesRegressor'}",2,"['pe_T2W30', 'l2_T2W30']",0.07558091773694445,0.12605099509930476,98.0,0.1008159564181246,0.025235038681180152,0.12652536279005297,1.9844674545084815,7.363426917464432,7.49575599831525,98.0,7.429591457889841,0.06616454042540854,0.3317408222324324,1.9844674545084815,completed,False,COMPLETE
91,6.318984632304047,2026-06-11 13:36:19.719141,2026-06-11 13:36:44.458071,0 days 00:00:24.738930,,,,,,2.0,log2,1.0,2.0,481.0,,,,,ExtraTreesRegressor,,,,,,2,,,,,,,,True,-0.005532388305511851,0.0014177794206268637,98.0,-0.002057304442442494,0.0034750838630693576,0.017423640678966724,1.9844674545084815,6.269985055675652,6.367984208932442,98.0,6.318984632304047,0.048999576628395276,0.24567781677665237,1.9844674545084815,176173528473796.3,398018583265925.06,98.0,287096055869860.7,110922527396064.36,556151833079745.8,1.9844674545084815,15.842116595882077,16.445174805844704,98.0,16.14364570086339,0.301529104981314,1.511829638207495,1.9844674545084815,6.051279120826121,6.169154184965511,98.0,6.110216652895816,0.0589375320696953,0.29550549619842464,1.9844674545084815,99.0,0.2222222222222222,0.012742664359985202,0.024102911707358718,98.0,0.01842278803367196,0.005680123673686759,0.028479437562406604,1.9844674545084815,ExtraTreesRegressor,"{'mode': 'original', 'type': 'ExtraTreesRegressor'}",2,"['pe_T2W30', 'l2_T2W30']",0.07457966925508153,0.12419269259341664,98.0,0.09938618092424908,0.024806511669167558,0.12437678135353364,1.9844674545084815,7.361655561750884,7.493879495807396,98.0,7.42776752877914,0.06611196702825616,0.3314772257215711,1.9844674545084815,completed,True,COMPLETE
92,6.3191346522490575,2026-06-11 13:36:44.471345,2026-06-11 13:37:09.027528,0 days 00:00:24.556183,,,,,,2.0,log2,1.0,2.0,480.0,,,,,ExtraTreesRegressor,,,,,,2,,,,,,,,True,-0.005556673888964452,0.0013939129186976399,98.0,-0.0020813804851334064,0.0034752934038310463,0.0174246912904291,1.9844674545084815,6.2701424410681375,6.3681268634299775,98.0,6.3191346522490575,0.04899221118092014,0.24564088733399625,1.9844674545084815,176189073418997.25,398053683705220.4,98.0,287121378562108.8,110932305143111.56,556200857494094.7,1.9844674545084815,15.841987795510118,16.444928476763817,98.0,16.143458136136967,0.30147034062684996,1.5115350010023918,1.9844674545084815,6.051296436335516,6.169228534969276,98.0,6.110262485652396,0.05896604931688058,0.29564847814869927,1.9844674545084815,99.0,0.2222222222222222,0.012712207005790715,0.024065606043473967,98.0,0.01838890652463234,0.005676699518841625,0.02846226927352449,1.9844674545084815,ExtraTreesRegressor,"{'mode': 'original', 'type': 'ExtraTreesRegressor'}",2,"['pe_T2W30', 'l2_T2W30']",0.07456647180264478,0.12418012768451137,98.0,0.09937329974357807,0.0248068279409333,0.12437836710104949,1.9844674545084815,7.361793823951451,7.493995688992146,98.0,7.427894756471798,0.06610093252034784,0.33142190006370514,1.9844674545084815,completed,True,COMPLETE
93,6.344309178060676,2026-06-11 13:37:09.077602,2026-06-11 13:37:33.785951,0 days 00:00:24.708349,,,,,,3.0,log2,1.0,2.0,479.0,,,,,ExtraTreesRegressor,,,,,,2,,,,,,,,True,-0.01023814186663976,-0.0019069775591429002,98.0,-0.00607255971289133,0.00416558215374843,0.020885713705200554,1.9844674545084815,6.293081571165867,6.395536784955485,98.0,6.344309178060676,0.05122760689480872,0.2568488849619141,1.9844674545084815,174924802353816.78,395216354151881.6,98.0,285070578252849.2,110145775899032.4,552257297144955.4,1.9844674545084815,15.974953089535331,16.623867391022472,98.0,16.299410240278903,0.32445715074357057,1.6267880238389758,1.9844674545084815,6.0322683578676894,6.169729357889242,98.0,6.100998857878466,0.06873050001077655,0.3446062262266584,1.9844674545084815,99.0,0.37373737373737376,0.003745213927287606,0.019058562477377982,98.0,0.011401888202332794,0.007656674275045188,0.03838961781096238,1.9844674545084815,ExtraTreesRegressor,"{'mode': 'original', 'type': 'ExtraTreesRegressor'}",2,"['pe_T2W30', 'l2_T2W30']",0.05021400594039706,0.10086979552020135,98.0,0.0755419007302992,0.025327894789902144,0.12699093183441845,1.9844674545084815,7.384585611176782,7.522767985954745,98.0,7.4536767985657635,0.06909118738898187,0.34641466812991006,1.9844674545084815,completed,True,COMPLETE
94,6.334438805712363,2026-06-11 13:37:33.798983,2026-06-11 13:37:55.964586,0 days 00:00:22.165603,,,,,,2.0,log2,1.0,2.0,433.0,,,,,ExtraTreesRegressor,,,,,,3,,,,,,,,True,-0.007624721019071856,-0.0013422239956145626,98.0,-0.00448347250734321,0.003141248511728647,0.015749831517262166,1.9844674545084815,6.285415207374408,6.383462404050318,98.0,6.334438805712363,0.04902359833795499,0.24579825865729618,1.9844674545084815,177489617033373.12,400988687779935.25,98.0,289239152406654.2,111749535373281.08,560298348790286.5,1.9844674545084815,15.949993874202523,16.535527200574347,98.0,16.242760537388435,0.29276666318591166,1.467895838814636,1.9844674545084815,6.116046427976148,6.236420336858087,98.0,6.176233382417117,0.0601869544409693,0.30176994543508645,1.9844674545084815,99.0,0.25252525252525254,0.007516701552942134,0.016034337072505064,98.0,0.011775519312723599,0.004258817759781465,0.021353185502146044,1.9844674545084815,ExtraTreesRegressor,"{'mode': 'original', 'type': 'ExtraTreesRegressor'}",3,"['pe_T2W30', 'l2_T2W30', 'asp_T2W30']",0.07838715515317463,0.12945510544481423,98.0,0.10392113029899443,0.025533975145819805,0.12802419325025416,1.9844674545084815,7.387888495393854,7.5188796364997685,98.0,7.453384065946811,0.06549557055295735,0.32838669003248355,1.9844674545084815,completed,True,COMPLETE
95,6.344266151352416,2026-06-11 13:37:55.978096,2026-06-11 13:38:20.901961,0 days 00:00:24.923865,,,,,,3.0,log2,1.0,2.0,481.0,,,,,ExtraTreesRegressor,,,,,,2,,,,,,,,True,-0.010229366009547913,-0.0019017844171357306,98.0,-0.006065575213341822,0.004163790796206091,0.020876732060044596,1.9844674545084815,6.293040354469519,6.395491948235313,98.0,6.344266151352416,0.05122579688289726,0.2568398097860586,1.9844674545084815,174922312981657.8,395210708710284.7,98.0,285066510845971.25,110144197864313.44,552249385074051.25,1.9844674545084815,15.97476910065495,16.62369888207871,98.0,16.29923399136683,0.3244648907118801,1.6268268310827738,1.9844674545084815,6.032345144297551,6.169654337806442,98.0,6.1009997410519965,0.06865459675444535,0.34422565668739263,1.9844674545084815,99.0,0.37373737373737376,0.003744978728017885,0.019041710593552058,98.0,0.011393344660784972,0.0076483659327670865,0.03834796081038466,1.9844674545084815,ExtraTreesRegressor,"{'mode': 'original', 'type': 'ExtraTreesRegressor'}",2,"['pe_T2W30', 'l2_T2W30']",0.05001642467581178,0.10069746144174813,98.0,0.07535694305877995,0.02534051838296817,0.1270542249687216,1.9844674545084815,7.384636303382193,7.522787529866559,98.0,7.453711916624376,0.06907561324218334,0.3463365812841268,1.9844674545084815,completed,True,COMPLETE
96,6.910985999815788,2026-06-11 13:38:20.915927,2026-06-11 13:38:21.082481,0 days 00:00:00.166554,11.0,3.0,10.0,,,,,,,,,,,,DecisionTreeRegressor,,,,,,2,,,,,,,,True,,,,,,,,,,,,,,,,,,,,,,,,,,,,,,,,,,,,,,,,,,,,,DecisionTreeRegressor,"{'mode': 'original', 'type': 'DecisionTreeRegressor'}",2,"['pe_T2W30', 'asp_T2W30']",,,,,,,,,,,,,,,pruned,True,PRUNED
97,6.151066686301538,2026-06-11 13:38:21.093302,2026-06-11 13:38:22.995202,0 days 00:00:01.901900,,,,,,2.0,log2,1.0,3.0,481.0,,,,,ExtraTreesRegressor,,,,,,10,,,,,,,,True,,,,,,,,,,,,,,,,,,,,,,,,,,,,,,,,,,,,,,,,,,,,,ExtraTreesRegressor,"{'mode': 'original', 'type': 'ExtraTreesRegressor'}",10,"['nodes_T2W30', 'edges_T2W30', 'pe_T2W30', 'l1_T2W30', 'l2_T2W30', 'l3_T2W30', 'lcc_T2W30', 'lsc_T2W30', 'diameter_T2W30', 'asp_T2W30']",,,,,,,,,,,,,,,pruned,True,PRUNED
98,6.375308548779827,2026-06-11 13:38:23.004887,2026-06-11 13:38:34.497551,0 days 00:00:11.492664,,,,,,4.0,log2,1.0,2.0,201.0,,,,,ExtraTreesRegressor,,,,,,2,,,,,,,,True,-0.01570357399355892,-0.006178263932518878,98.0,-0.0109409189630389,0.004762655030520022,0.02387936326128252,1.9844674545084815,6.320480769776262,6.4301363277833925,98.0,6.375308548779827,0.05482777900356521,0.27489970263340663,1.9844674545084815,176494162688925.38,398773499363916.6,98.0,287633831026421.0,111139668337495.64,557240550903335.1,1.9844674545084815,16.5515320128082,17.33352495719848,98.0,16.94252848500334,0.3909964721951426,1.960407951782371,1.9844674545084815,6.060240648886072,6.215015516385414,98.0,6.137628082635743,0.07738743374967054,0.388011021273788,1.9844674545084815,99.0,0.5252525252525253,-0.017684393625773974,-0.0012481866363014769,98.0,-0.009466290131037725,0.008218103494736248,0.04120455447897409,1.9844674545084815,ExtraTreesRegressor,"{'mode': 'original', 'type': 'ExtraTreesRegressor'}",2,"['l2_T2W30', 'asp_T2W30']",0.027245109102760384,0.08133117130984656,98.0,0.05428814020630347,0.02704303110354309,0.13559041317698742,1.9844674545084815,7.457963066721643,7.607812848288686,98.0,7.532887957505165,0.07492489078352145,0.37566413541739846,1.9844674545084815,completed,True,COMPLETE
99,6.161170132660968,2026-06-11 13:38:34.528869,2026-06-11 13:38:36.664523,0 days 00:00:02.135654,,,,,,2.0,log2,2.0,3.0,387.0,,,,,ExtraTreesRegressor,,,,,,3,,,,,,,,True,,,,,,,,,,,,,,,,,,,,,,,,,,,,,,,,,,,,,,,,,,,,,ExtraTreesRegressor,"{'mode': 'original', 'type': 'ExtraTreesRegressor'}",3,"['l2_T2W30', 'diameter_T2W30', 'asp_T2W30']",,,,,,,,,,,,,,,pruned,True,PRUNED
100,6.644301174846666,2026-06-11 13:38:36.674473,2026-06-11 13:38:37.108076,0 days 00:00:00.433603,,,,,,,,,,,minkowski,9.0,distance,,KNeighborsRegressor,,,,,,2,12.0,5.0,12.0,80.0,,,ExtraTrees,,,,,,,,,,,,,,,,,,,,,,,,,,,,,,,,,,,,,,,,,,,,,,KNeighborsRegressor,"{'mode': 'proxy', 'type': 'ExtraTrees'}",2,"['diameter_T2W30', 'asp_T2W30']",,,,,,,,,,,,,,,pruned,True,PRUNED
