number,value,datetime_start,datetime_complete,duration,params_dt_max_depth,params_dt_min_samples_leaf,params_dt_min_samples_split,params_elastic_alpha,params_elastic_l1_ratio,params_et_max_depth,params_et_max_features,params_et_min_samples_leaf,params_et_min_samples_split,params_et_n_estimators,params_knn_metric,params_knn_n_neighbors,params_knn_weights,params_quantile_alpha,params_regressor,params_rf_max_depth,params_rf_max_features,params_rf_min_samples_leaf,params_rf_min_samples_split,params_rf_n_estimators,params_rfe_n_features,params_rfe_proxy_et_max_depth,params_rfe_proxy_et_min_samples_leaf,params_rfe_proxy_et_min_samples_split,params_rfe_proxy_et_n_estimators,params_rfe_proxy_lsvr_C,params_rfe_proxy_lsvr_epsilon,params_rfe_proxy_type,params_use_scaler,user_attrs_d2mae_ci_lower_val,user_attrs_d2mae_ci_upper_val,user_attrs_d2mae_df_val,user_attrs_d2mae_mean_val,user_attrs_d2mae_samperror_val,user_attrs_d2mae_std_val,user_attrs_d2mae_t_critical_val,user_attrs_mae_ci_lower_val,user_attrs_mae_ci_upper_val,user_attrs_mae_df_val,user_attrs_mae_mean_val,user_attrs_mae_samperror_val,user_attrs_mae_std_val,user_attrs_mae_t_critical_val,user_attrs_mape_ci_lower_val,user_attrs_mape_ci_upper_val,user_attrs_mape_df_val,user_attrs_mape_mean_val,user_attrs_mape_samperror_val,user_attrs_mape_std_val,user_attrs_mape_t_critical_val,user_attrs_max_error_ci_lower_val,user_attrs_max_error_ci_upper_val,user_attrs_max_error_df_val,user_attrs_max_error_mean_val,user_attrs_max_error_samperror_val,user_attrs_max_error_std_val,user_attrs_max_error_t_critical_val,user_attrs_median_ae_ci_lower_val,user_attrs_median_ae_ci_upper_val,user_attrs_median_ae_df_val,user_attrs_median_ae_mean_val,user_attrs_median_ae_samperror_val,user_attrs_median_ae_std_val,user_attrs_median_ae_t_critical_val,user_attrs_n_splits_val,user_attrs_r2_below_zero_val,user_attrs_r2_ci_lower_val,user_attrs_r2_ci_upper_val,user_attrs_r2_df_val,user_attrs_r2_mean_val,user_attrs_r2_samperror_val,user_attrs_r2_std_val,user_attrs_r2_t_critical_val,user_attrs_regressor_final,user_attrs_rfe_estimator,user_attrs_rfe_n_features,user_attrs_rfe_selected_features,user_attrs_rho_ci_lower_val,user_attrs_rho_ci_upper_val,user_attrs_rho_df_val,user_attrs_rho_mean_val,user_attrs_rho_samperror_val,user_attrs_rho_std_val,user_attrs_rho_t_critical_val,user_attrs_rmse_ci_lower_val,user_attrs_rmse_ci_upper_val,user_attrs_rmse_df_val,user_attrs_rmse_mean_val,user_attrs_rmse_samperror_val,user_attrs_rmse_std_val,user_attrs_rmse_t_critical_val,user_attrs_termination_reason,user_attrs_use_scaler_final,state
287,6.306614684372714,2026-06-11 14:10:53.869042,2026-06-11 14:10:55.791918,0 days 00:00:01.922876,,,,0.17648915224632028,0.8246362300330624,,,,,,,,,,ElasticNet,,,,,,2,,,,,,,,True,-0.005020778213357762,0.004763907924737354,98.0,-0.00012843514431020434,0.004892343069047558,0.024529603046191756,1.9844674545084815,6.254067671017884,6.359161697727544,98.0,6.306614684372714,0.052547013354830106,0.2634642257636797,1.9844674545084815,177322570058823.2,400662379864652.8,98.0,288992474961738.0,111669904902914.83,559899091460843.7,1.9844674545084815,16.092276673286033,16.771820884970747,98.0,16.43204877912839,0.33977210584235573,1.7035753144973527,1.9844674545084815,6.03518381465776,6.198501247709572,98.0,6.116842531183666,0.08165871652590581,0.40942670482671684,1.9844674545084815,99.0,0.29292929292929293,8.293265321512866e-05,0.020013035410717864,98.0,0.010047984031966497,0.009965051378751368,0.049963535100833456,1.9844674545084815,ElasticNet,"{'mode': 'original', 'type': 'ElasticNet'}",2,"['l2_T2W30', 'asp_T2W30']",0.09507055242936571,0.14645423805206625,98.0,0.12076239524071598,0.025691842811350264,0.12881572219960175,1.9844674545084815,7.385565000161224,7.529814274348089,98.0,7.457689637254656,0.07212463709343257,0.3616240097604121,1.9844674545084815,completed,True,COMPLETE
288,6.306575431006492,2026-06-11 14:10:55.843528,2026-06-11 14:10:57.586125,0 days 00:00:01.742597,,,,0.17755419646829035,0.8190743094804748,,,,,,,,,,ElasticNet,,,,,,2,,,,,,,,True,-0.00500862619535071,0.00476439585162005,98.0,-0.00012211517186533013,0.00488651102348538,0.024500361891070684,1.9844674545084815,6.254046928891084,6.359103933121901,98.0,6.306575431006492,0.05252850211540854,0.26337141269875447,1.9844674545084815,177323315856884.56,400663920291522.8,98.0,288993618074203.7,111670302217319.11,559901083546125.56,1.9844674545084815,16.0918707925315,16.77123610993584,98.0,16.43155345123367,0.3396826587021713,1.7031268375996014,1.9844674545084815,6.035476635588608,6.198677170842637,98.0,6.117076903215622,0.08160026762701499,0.4091336492768414,1.9844674545084815,99.0,0.29292929292929293,0.0001267261724204865,0.020025601706211586,98.0,0.010076163939316037,0.00994943776689555,0.049885250382134226,1.9844674545084815,ElasticNet,"{'mode': 'original', 'type': 'ElasticNet'}",2,"['l2_T2W30', 'asp_T2W30']",0.09506182505526498,0.14643843253616953,98.0,0.12075012879571725,0.025688303740452275,0.12879797773584384,1.9844674545084815,7.385491922696504,7.529690983797437,98.0,7.4575914532469705,0.0720995305504661,0.36149812865924275,1.9844674545084815,completed,True,COMPLETE
289,6.306480182217257,2026-06-11 14:10:57.599171,2026-06-11 14:10:59.534682,0 days 00:00:01.935511,,,,0.18258169773325766,0.8132283483596815,,,,,,,,,,ElasticNet,,,,,,2,,,,,,,,True,-0.004969858361442646,0.00475569420343441,98.0,-0.00010708207900411827,0.004862776282438528,0.024381358835057123,1.9844674545084815,6.2540408614577805,6.358919502976733,98.0,6.306480182217257,0.052439320759476514,0.2629242684103717,1.9844674545084815,177347457187892.72,400717534759879.9,98.0,289032495973886.3,111685038785993.6,559974970878789.3,1.9844674545084815,16.089945084713,16.76820331428359,98.0,16.429074199498295,0.339129114785294,1.7003514368646164,1.9844674545084815,6.036788059860662,6.199614979667107,98.0,6.118201519763884,0.08141345990322257,0.40819701845477546,1.9844674545084815,99.0,0.29292929292929293,0.00028189936953381886,0.020054251881423908,98.0,0.010168075625478864,0.009886176255945045,0.04956806499063216,1.9844674545084815,ElasticNet,"{'mode': 'original', 'type': 'ElasticNet'}",2,"['l2_T2W30', 'asp_T2W30']",0.0949942572242678,0.14644977456251312,98.0,0.12072201589339046,0.02572775866912266,0.12899579986827428,1.9844674545084815,7.385288660776062,7.529261526168154,98.0,7.457275093472108,0.07198643269604628,0.36093107000551794,1.9844674545084815,completed,True,COMPLETE
290,6.3102961918569225,2026-06-11 14:10:59.548115,2026-06-11 14:11:01.430567,0 days 00:00:01.882452,,,,0.08848272462333595,0.8158737486823132,,,,,,,,,,ElasticNet,,,,,,2,,,,,,,,False,-0.005754367827588159,0.004351356726591961,98.0,-0.0007015055504980995,0.00505286227709006,0.025334426501742717,1.9844674545084815,6.256798202876115,6.36379418083773,98.0,6.3102961918569225,0.0534979889808077,0.26823229993235725,1.9844674545084815,176845153492476.12,399597156578547.1,98.0,288221155035511.6,111376001543035.48,558425496365398.8,1.9844674545084815,16.151808916764036,16.86253800279906,98.0,16.507173459781548,0.35536454301751136,1.7817538659667023,1.9844674545084815,6.0503315061657466,6.216016798462008,98.0,6.133174152313877,0.08284264614813062,0.4153627815200171,1.9844674545084815,99.0,0.29292929292929293,-0.002663069851749405,0.018085496007084825,98.0,0.00771121307766771,0.010374282929417115,0.052015371480689486,1.9844674545084815,ElasticNet,"{'mode': 'original', 'type': 'ElasticNet'}",2,"['l2_T2W30', 'diameter_T2W30']",0.08909522486704309,0.14074499572679416,98.0,0.11492011029691863,0.02582488542987554,0.12948278143371353,1.9844674545084815,7.392851612629358,7.540086957966017,98.0,7.466469285297688,0.0736176726683293,0.3691099054691097,1.9844674545084815,completed,False,COMPLETE
291,6.318989232509372,2026-06-11 14:11:01.444688,2026-06-11 14:11:03.198064,0 days 00:00:01.753376,,,,0.18854695636656987,0.8953177923441478,,,,,,,,,,ElasticNet,,,,,,3,,,,,,,,True,-0.007077208194097461,0.0028301473140604225,98.0,-0.0021235304400185192,0.004953677754078942,0.02483712757085187,1.9844674545084815,6.267168823375506,6.370809641643238,98.0,6.318989232509372,0.051820409133865826,0.25982112206870295,1.9844674545084815,178407960053726.38,403131726345636.9,98.0,290769843199681.6,112361883145955.27,563368584785171.8,1.9844674545084815,16.137891067196342,16.8344544215014,98.0,16.48617274434887,0.3482816771525274,1.7462412525531663,1.9844674545084815,6.03857098365192,6.194927303093238,98.0,6.116749143372579,0.07817815972065924,0.3919756234925861,1.9844674545084815,99.0,0.37373737373737376,-0.006001186410393281,0.014063918633890487,98.0,0.004031366111748602,0.010032552522141884,0.050301977485017225,1.9844674545084815,ElasticNet,"{'mode': 'original', 'type': 'ElasticNet'}",3,"['l2_T2W30', 'density_T2W30', 'asp_T2W30']",0.0874649930902897,0.1376108760450782,98.0,0.11253793456768396,0.025072941477394264,0.12571262745901668,1.9844674545084815,7.408751317026612,7.551378610718434,98.0,7.480064963872523,0.07131364684591072,0.35755780496543305,1.9844674545084815,completed,True,COMPLETE
292,6.306419598285704,2026-06-11 14:11:03.211146,2026-06-11 14:11:05.047108,0 days 00:00:01.835962,,,,0.1878755306110279,0.8154585892772983,,,,,,,,,,ElasticNet,,,,,,2,,,,,,,,True,-0.004937284465511581,0.004741766192877429,98.0,-9.775913631707633e-05,0.004839525329194505,0.024264781431250385,1.9844674545084815,6.254073933520304,6.358765263051104,98.0,6.306419598285704,0.05234566476539953,0.2624546888397689,1.9844674545084815,177381580258235.56,400793561891084.94,98.0,289087571074660.25,111705990816424.69,560080021767950.75,1.9844674545084815,16.087909885891627,16.764897121819402,98.0,16.426403503855514,0.3384936179638877,1.6971651344025431,1.9844674545084815,6.03814572485054,6.200704473093897,98.0,6.1194250989722185,0.08127937412167903,0.4075247289303121,1.9844674545084815,99.0,0.30303030303030304,0.00042193832854525194,0.02007009627779923,98.0,0.010246017303172242,0.00982407897462699,0.04925671690251125,1.9844674545084815,ElasticNet,"{'mode': 'original', 'type': 'ElasticNet'}",2,"['l2_T2W30', 'asp_T2W30']",0.09506838194933438,0.14652308531513686,98.0,0.12079573363223561,0.02572735168290123,0.12899375928969753,1.9844674545084815,7.385139324466255,7.5288796774882005,98.0,7.457009500977228,0.07187017651097258,0.3603481758725279,1.9844674545084815,completed,True,COMPLETE
293,6.306335347364176,2026-06-11 14:11:05.059973,2026-06-11 14:11:06.852921,0 days 00:00:01.792948,,,,0.19482096239736663,0.8139633334476329,,,,,,,,,,ElasticNet,,,,,,2,,,,,,,,True,-0.004892729552043477,0.004723584021396944,98.0,-8.457276532326653e-05,0.004808156786720211,0.024107503439054746,1.9844674545084815,6.254109278212854,6.358561416515498,98.0,6.306335347364176,0.05222606915132215,0.2618550512227866,1.9844674545084815,177421482418629.25,400882397206204.5,98.0,289151939812416.9,111730457393787.64,560202694160737.25,1.9844674545084815,16.085297598633193,16.760704195475984,98.0,16.42300089705459,0.3377032984213942,1.6932025699659514,1.9844674545084815,6.040454850324286,6.202562442406913,98.0,6.1215086463656,0.08105379604131345,0.406393708335641,1.9844674545084815,99.0,0.30303030303030304,0.0006129411583005277,0.02009472213242294,98.0,0.010353831645361734,0.009740890487061206,0.04883962011489799,1.9844674545084815,ElasticNet,"{'mode': 'original', 'type': 'ElasticNet'}",2,"['l2_T2W30', 'asp_T2W30']",0.09515638365125859,0.1466833361609491,98.0,0.12091985990610385,0.025763476254845256,0.1291748834254121,1.9844674545084815,7.384922769073972,7.528359758479498,98.0,7.456641263776735,0.07171849470276254,0.3595876620466965,1.9844674545084815,completed,True,COMPLETE
294,6.3058676715808994,2026-06-11 14:11:06.866223,2026-06-11 14:11:08.681110,0 days 00:00:01.814887,,,,0.19081286788694646,0.7022082467254004,,,,,,,,,,ElasticNet,,,,,,2,,,,,,,,True,-0.004814521258182932,0.004800141302390952,98.0,-7.189977895989812e-06,0.004807331280286942,0.024103364451899843,1.9844674545084815,6.253545659318414,6.358189683843385,98.0,6.3058676715808994,0.052322012262485125,0.26233609811557995,1.9844674545084815,177276513579366.84,400557161887859.5,98.0,288916837733613.2,111640324154246.34,559750777245669.9,1.9844674545084815,16.086971996598834,16.76493878915897,98.0,16.4259553928789,0.33898339628006563,1.6996208223023728,1.9844674545084815,6.04020838190233,6.201151526028887,98.0,6.120679953965609,0.0804715720632786,0.40347450932126155,1.9844674545084815,99.0,0.29292929292929293,0.0007825217785058427,0.020254506043276638,98.0,0.01051851391089124,0.009735992132385397,0.04881506037039903,1.9844674545084815,ElasticNet,"{'mode': 'original', 'type': 'ElasticNet'}",2,"['l2_T2W30', 'asp_T2W30']",0.09579361184642031,0.14701744963708802,98.0,0.12140553074175417,0.02561191889533386,0.1284149935699635,1.9844674545084815,7.384247290337571,7.527831361382983,98.0,7.456039325860277,0.07179203552270627,0.35995638662210994,1.9844674545084815,completed,True,COMPLETE
295,6.306241164321799,2026-06-11 14:11:08.693871,2026-06-11 14:11:10.574850,0 days 00:00:01.880979,,,,0.19783118962755183,0.7996010779219717,,,,,,,,,,ElasticNet,,,,,,2,,,,,,,,True,-0.004861384231883987,0.00472281769629843,98.0,-6.928326779277809e-05,0.0047921009640912084,0.024027001530232933,1.9844674545084815,6.254062500036885,6.358419828606713,98.0,6.306241164321799,0.05217866428491366,0.26161736908581323,1.9844674545084815,177422933747484.94,400885300358189.94,98.0,289154117052837.44,111731183305352.52,560206333791540.25,1.9844674545084815,16.084206313258186,16.75914906603731,98.0,16.421677689647748,0.3374713763895617,1.692039741583267,1.9844674545084815,6.04169320130594,6.203407446240949,98.0,6.122550323773445,0.08085712246750418,0.4054076113618331,1.9844674545084815,99.0,0.29292929292929293,0.0007298886133840186,0.02012635465987087,98.0,0.010428121636627444,0.009698233023243425,0.04862574086733918,1.9844674545084815,ElasticNet,"{'mode': 'original', 'type': 'ElasticNet'}",2,"['l2_T2W30', 'asp_T2W30']",0.09502424895337422,0.146547510102609,98.0,0.12078587952799161,0.025761630574617386,0.12916562941302973,1.9844674545084815,7.384731159163751,7.528034454006928,98.0,7.4563828065853395,0.07165164742158875,0.3592524980467955,1.9844674545084815,completed,True,COMPLETE
296,6.306155626194132,2026-06-11 14:11:10.588813,2026-06-11 14:11:12.507401,0 days 00:00:01.918588,,,,0.20851323440193678,0.801020849232515,,,,,,,,,,ElasticNet,,,,,,2,,,,,,,,True,-0.004801011929190914,0.004688929901879628,98.0,-5.6041013655643335e-05,0.004744970915535271,0.02379069729598185,1.9844674545084815,6.254157227908457,6.3581540244798065,98.0,6.306155626194132,0.05199839828567455,0.2607135376615543,1.9844674545084815,177485266860566.62,401024082562611.4,98.0,289254674711589.0,111769407851022.39,560397986935784.2,1.9844674545084815,16.080341704838254,16.75285056348862,98.0,16.416596134163438,0.3362544293251836,1.6859381195187224,1.9844674545084815,6.045356226574169,6.206284366104255,98.0,6.125820296339212,0.08046406976504265,0.4034368937258168,1.9844674545084815,99.0,0.30303030303030304,0.0009954364618286263,0.020146014516282493,98.0,0.01057072548905556,0.009575289027226933,0.04800931487745368,1.9844674545084815,ElasticNet,"{'mode': 'original', 'type': 'ElasticNet'}",2,"['l2_T2W30', 'asp_T2W30']",0.09481984776600087,0.14638194984798428,98.0,0.12060089880699257,0.0257810510409917,0.12926300122943968,1.9844674545084815,7.384477784466476,7.527319871718076,98.0,7.455898828092276,0.07142104362580019,0.3580962791365914,1.9844674545084815,completed,True,COMPLETE
297,6.306127911820749,2026-06-11 14:11:12.520270,2026-06-11 14:11:14.327266,0 days 00:00:01.806996,,,,0.21502874692846785,0.8065673632769003,,,,,,,,,,ElasticNet,,,,,,2,,,,,,,,True,-0.004769525213433034,0.004665495037195637,98.0,-5.2015088118698735e-05,0.004717510125314336,0.023653012290260157,1.9844674545084815,6.254239645531837,6.3580161781096605,98.0,6.306127911820749,0.05188826628891163,0.2601613494512936,1.9844674545084815,177528159891356.7,401119684084904.44,98.0,289323921988130.56,111795762096773.88,560530123864397.3,1.9844674545084815,16.077987810786592,16.74894118380975,98.0,16.413464497298172,0.3354766865115812,1.682038613245257,1.9844674545084815,6.04714366461794,6.207571567459907,98.0,6.127357616038924,0.08021395142098385,0.40218283128421306,1.9844674545084815,99.0,0.30303030303030304,0.0011370415076332272,0.020144616276421244,98.0,0.010640828892027235,0.009503787384394008,0.047650814483861346,1.9844674545084815,ElasticNet,"{'mode': 'original', 'type': 'ElasticNet'}",2,"['l2_T2W30', 'asp_T2W30']",0.09500519305137475,0.1466517164980497,98.0,0.12082845477471223,0.02582326172333747,0.12947464036995732,1.9844674545084815,7.384382781902156,7.526945161016364,98.0,7.45566397145926,0.07128118955710416,0.35739506813378735,1.9844674545084815,completed,True,COMPLETE
298,6.115053060350588,2026-06-11 14:11:14.340463,2026-06-11 14:11:14.524869,0 days 00:00:00.184406,,,,0.7730568538143715,0.801964390621242,,,,,,,,,,ElasticNet,,,,,,2,,,,,,,,True,,,,,,,,,,,,,,,,,,,,,,,,,,,,,,,,,,,,,,,,,,,,,ElasticNet,"{'mode': 'original', 'type': 'ElasticNet'}",2,"['l2_T2W30', 'asp_T2W30']",,,,,,,,,,,,,,,pruned,True,PRUNED
299,6.13190828296138,2026-06-11 14:11:14.534843,2026-06-11 14:11:14.689455,0 days 00:00:00.154612,,,,0.2187959688801396,0.8045540060407957,,,,,,,,,,ElasticNet,,,,,,3,,,,,,,,True,,,,,,,,,,,,,,,,,,,,,,,,,,,,,,,,,,,,,,,,,,,,,ElasticNet,"{'mode': 'original', 'type': 'ElasticNet'}",3,"['pe_T2W30', 'l2_T2W30', 'asp_T2W30']",,,,,,,,,,,,,,,pruned,True,PRUNED
