number,value,datetime_start,datetime_complete,duration,params_dt_max_depth,params_dt_min_samples_leaf,params_dt_min_samples_split,params_elastic_alpha,params_elastic_l1_ratio,params_et_max_depth,params_et_max_features,params_et_min_samples_leaf,params_et_min_samples_split,params_et_n_estimators,params_knn_metric,params_knn_n_neighbors,params_knn_weights,params_quantile_alpha,params_regressor,params_rf_max_depth,params_rf_max_features,params_rf_min_samples_leaf,params_rf_min_samples_split,params_rf_n_estimators,params_rfe_n_features,params_rfe_proxy_et_max_depth,params_rfe_proxy_et_min_samples_leaf,params_rfe_proxy_et_min_samples_split,params_rfe_proxy_et_n_estimators,params_rfe_proxy_lsvr_C,params_rfe_proxy_lsvr_epsilon,params_rfe_proxy_type,params_use_scaler,user_attrs_d2mae_ci_lower_val,user_attrs_d2mae_ci_upper_val,user_attrs_d2mae_df_val,user_attrs_d2mae_mean_val,user_attrs_d2mae_samperror_val,user_attrs_d2mae_std_val,user_attrs_d2mae_t_critical_val,user_attrs_mae_ci_lower_val,user_attrs_mae_ci_upper_val,user_attrs_mae_df_val,user_attrs_mae_mean_val,user_attrs_mae_samperror_val,user_attrs_mae_std_val,user_attrs_mae_t_critical_val,user_attrs_mape_ci_lower_val,user_attrs_mape_ci_upper_val,user_attrs_mape_df_val,user_attrs_mape_mean_val,user_attrs_mape_samperror_val,user_attrs_mape_std_val,user_attrs_mape_t_critical_val,user_attrs_max_error_ci_lower_val,user_attrs_max_error_ci_upper_val,user_attrs_max_error_df_val,user_attrs_max_error_mean_val,user_attrs_max_error_samperror_val,user_attrs_max_error_std_val,user_attrs_max_error_t_critical_val,user_attrs_median_ae_ci_lower_val,user_attrs_median_ae_ci_upper_val,user_attrs_median_ae_df_val,user_attrs_median_ae_mean_val,user_attrs_median_ae_samperror_val,user_attrs_median_ae_std_val,user_attrs_median_ae_t_critical_val,user_attrs_n_splits_val,user_attrs_r2_below_zero_val,user_attrs_r2_ci_lower_val,user_attrs_r2_ci_upper_val,user_attrs_r2_df_val,user_attrs_r2_mean_val,user_attrs_r2_samperror_val,user_attrs_r2_std_val,user_attrs_r2_t_critical_val,user_attrs_regressor_final,user_attrs_rfe_estimator,user_attrs_rfe_n_features,user_attrs_rfe_selected_features,user_attrs_rho_ci_lower_val,user_attrs_rho_ci_upper_val,user_attrs_rho_df_val,user_attrs_rho_mean_val,user_attrs_rho_samperror_val,user_attrs_rho_std_val,user_attrs_rho_t_critical_val,user_attrs_rmse_ci_lower_val,user_attrs_rmse_ci_upper_val,user_attrs_rmse_df_val,user_attrs_rmse_mean_val,user_attrs_rmse_samperror_val,user_attrs_rmse_std_val,user_attrs_rmse_t_critical_val,user_attrs_termination_reason,user_attrs_use_scaler_final,state
101,6.319146925364102,2026-06-11 13:38:37.119447,2026-06-11 13:39:02.710237,0 days 00:00:25.590790,,,,,,2.0,log2,1.0,2.0,500.0,,,,,ExtraTreesRegressor,,,,,,2,,,,,,,,True,-0.0055443529391366285,0.001377611065511038,98.0,-0.0020833709368127955,0.0034609820023238334,0.017352935693355866,1.9844674545084815,6.2701964062251125,6.368097444503091,98.0,6.319146925364102,0.048950519138988756,0.24543184859236908,1.9844674545084815,176170590205883.38,398011440932709.0,98.0,287091015569296.2,110920425363412.8,556141293748017.7,1.9844674545084815,15.837983330036389,16.441704109897344,98.0,16.139843719966866,0.3018603899304776,1.513490659968126,1.9844674545084815,6.0511995913358465,6.168850893381171,98.0,6.110025242358509,0.058825651022661685,0.29494453846643526,1.9844674545084815,99.0,0.2222222222222222,0.01281557709647113,0.024161362663147057,98.0,0.018488469879809094,0.0056728927833379645,0.028443182772539426,1.9844674545084815,ExtraTreesRegressor,"{'mode': 'original', 'type': 'ExtraTreesRegressor'}",2,"['pe_T2W30', 'l2_T2W30']",0.07515079977780631,0.12456563786196312,98.0,0.09985821881988471,0.024707419042078408,0.12387994317742954,1.9844674545084815,7.361448987604079,7.493576214433497,98.0,7.427512601018788,0.06606361341470898,0.33123478668378875,1.9844674545084815,completed,True,COMPLETE
102,6.319373573009646,2026-06-11 13:39:02.722855,2026-06-11 13:39:27.662758,0 days 00:00:24.939903,,,,,,2.0,log2,1.0,2.0,487.0,,,,,ExtraTreesRegressor,,,,,,2,,,,,,,,True,-0.0055866239422820325,0.0013481442746242959,98.0,-0.0021192398338288686,0.0034673841084531644,0.01738503506165357,1.9844674545084815,6.270401166892279,6.368345979127012,98.0,6.319373573009646,0.0489724061173662,0.245541587194896,1.9844674545084815,176180172233559.3,398033614473732.3,98.0,287106893353645.8,110926721120086.5,556172859893298.5,1.9844674545084815,15.84014948465434,16.44324028527472,98.0,16.14169488496453,0.3015454003101897,1.5119113409710145,1.9844674545084815,6.051153085594889,6.169149734859406,98.0,6.1101514102271475,0.05899832463225829,0.29581030258807983,1.9844674545084815,99.0,0.2222222222222222,0.012764635796138391,0.02410719251365413,98.0,0.01843591415489626,0.005671278358757868,0.028435088247372474,1.9844674545084815,ExtraTreesRegressor,"{'mode': 'original', 'type': 'ExtraTreesRegressor'}",2,"['pe_T2W30', 'l2_T2W30']",0.07465145028092482,0.12417175921301937,98.0,0.0994116047469721,0.024760154466047273,0.12414435207070872,1.9844674545084815,7.3616382502131525,7.493791044098732,98.0,7.427714647155942,0.06607639694278998,0.33129888171247557,1.9844674545084815,completed,True,COMPLETE
103,6.327636819836549,2026-06-11 13:39:27.675498,2026-06-11 13:39:53.373848,0 days 00:00:25.698350,,,,,,3.0,log2,1.0,12.0,500.0,,,,,ExtraTreesRegressor,,,,,,2,,,,,,,,True,-0.007699446336040873,0.0008422219593138647,98.0,-0.003428612188363504,0.004270834147677369,0.02141343418482744,1.9844674545084815,6.276173220376298,6.3791004192968,98.0,6.327636819836549,0.05146359946025122,0.2580321224966612,1.9844674545084815,174832128960487.9,395006399137603.5,98.0,284919264049045.7,110087135088557.78,551963279374135.0,1.9844674545084815,15.95383029423582,16.608597137629577,98.0,16.281213715932697,0.32738342169687845,1.6414599844674886,1.9844674545084815,6.021461124595124,6.163545289085471,98.0,6.092503206840298,0.07104208224517392,0.3561962136453934,1.9844674545084815,99.0,0.30303030303030304,0.006180986461436951,0.021809557351657627,98.0,0.013995271906547289,0.007814285445110338,0.039179860723771165,1.9844674545084815,ExtraTreesRegressor,"{'mode': 'original', 'type': 'ExtraTreesRegressor'}",2,"['pe_T2W30', 'l2_T2W30']",0.054417343370363275,0.10495653835226457,98.0,0.07968694086131392,0.02526959749095065,0.12669863638788842,1.9844674545084815,7.3745246798693,7.513160208372053,98.0,7.443842444120676,0.06931776425137669,0.34755069649414294,1.9844674545084815,completed,True,COMPLETE
104,6.33571367118402,2026-06-11 13:39:53.386245,2026-06-11 13:40:18.039468,0 days 00:00:24.653223,,,,,,2.0,log2,1.0,2.0,484.0,,,,,ExtraTreesRegressor,,,,,,3,,,,,,,,True,-0.007816207737388298,-0.0015560236344496102,98.0,-0.004686115685918955,0.0031300920514693445,0.015693894405391845,1.9844674545084815,6.28672342005088,6.3847039223171596,98.0,6.33571367118402,0.048990251133139574,0.24563105989685,1.9844674545084815,177636617824857.56,401320851189801.94,98.0,289478734507329.75,111842116682472.19,560762540023792.2,1.9844674545084815,15.956088945659863,16.538453700526954,98.0,16.247271323093408,0.291182377433545,1.4599524260022436,1.9844674545084815,6.11792414763729,6.240099591850421,98.0,6.179011869743856,0.061087722106565386,0.3062862831003063,1.9844674545084815,99.0,0.26262626262626265,0.007145987823052751,0.015536414743010298,98.0,0.011341201283031524,0.004195213459978773,0.021034281409736438,1.9844674545084815,ExtraTreesRegressor,"{'mode': 'original', 'type': 'ExtraTreesRegressor'}",3,"['pe_T2W30', 'l2_T2W30', 'asp_T2W30']",0.07530009837946508,0.12634278415808917,98.0,0.10082144126877712,0.025521342889312036,0.12796085667852564,1.9844674545084815,7.38956724021464,7.520511465426298,98.0,7.455039352820469,0.0654721126058295,0.328269074786945,1.9844674545084815,completed,True,COMPLETE
105,6.462078334581405,2026-06-11 13:40:18.066915,2026-06-11 13:40:40.894976,0 days 00:00:22.828061,,,,,,5.0,,1.0,2.0,447.0,,,,,ExtraTreesRegressor,,,,,,2,,,,,,,,True,-0.032627225242759614,-0.016717636813856088,98.0,-0.02467243102830785,0.007954794214451765,0.03988435431463561,1.9844674545084815,6.393291968546215,6.530864700616595,98.0,6.462078334581405,0.06878636603518958,0.34488633156336107,1.9844674545084815,172137899447952.38,389104686671141.2,98.0,280621293059546.78,108483393611594.4,543922317964966.4,1.9844674545084815,17.25014288233135,18.324373818646496,98.0,17.787258350488923,0.5371154681575719,2.6930305250321798,1.9844674545084815,6.006691911507625,6.217048916215321,98.0,6.111870413861473,0.1051785023538479,0.527352001959075,1.9844674545084815,99.0,0.7272727272727273,-0.0674419482280025,-0.03832183046466858,98.0,-0.05288188934633554,0.014560058881666954,0.07300233439393684,1.9844674545084815,ExtraTreesRegressor,"{'mode': 'original', 'type': 'ExtraTreesRegressor'}",2,"['l2_T2W30', 'diameter_T2W30']",0.00472597775136379,0.05586505139125326,98.0,0.030295514571308524,0.025569536819944734,0.12820249508592496,1.9844674545084815,7.601679757620648,7.779566712776546,98.0,7.690623235198597,0.08894347757794961,0.44595159573707166,1.9844674545084815,completed,True,COMPLETE
106,6.319467797252941,2026-06-11 13:40:40.908149,2026-06-11 13:40:42.545343,0 days 00:00:01.637194,,,,0.0925760302566961,0.4761820716067884,,,,,,,,,,ElasticNet,,,,,,3,,,,,,,,True,-0.007826733028170395,0.003399228518440313,98.0,-0.002213752254865041,0.005612980773305354,0.028142791364361767,1.9844674545084815,6.26546725695011,6.373468337555773,98.0,6.319467797252941,0.0540005403028314,0.27075203010368804,1.9844674545084815,178558333568818.78,403481429457148.9,98.0,291019881512983.8,112461547944165.03,563868291756506.5,1.9844674545084815,16.211547256291528,16.957321347054606,98.0,16.584434301673067,0.3728870453815376,1.8696095255758716,1.9844674545084815,6.014179720599605,6.16750346336161,98.0,6.090841591980608,0.0766618713810025,0.3843731412973646,1.9844674545084815,99.0,0.42424242424242425,-0.009572756021797328,0.013510197716198121,98.0,0.0019687208472003964,0.011541476868997725,0.0578675375311392,1.9844674545084815,ElasticNet,"{'mode': 'original', 'type': 'ElasticNet'}",3,"['l2_T2W30', 'density_T2W30', 'asp_T2W30']",0.09698582884344975,0.148265580444792,98.0,0.12262570464412087,0.025639875800671116,0.1285551660355172,1.9844674545084815,7.412510335928845,7.561723033431829,98.0,7.487116684680337,0.07460634875149176,0.3740670050671884,1.9844674545084815,completed,True,COMPLETE
107,6.136375707002905,2026-06-11 13:40:42.562562,2026-06-11 13:40:45.433219,0 days 00:00:02.870657,,,,,,3.0,log2,1.0,3.0,484.0,,,,,ExtraTreesRegressor,,,,,,2,,,,,,,,True,,,,,,,,,,,,,,,,,,,,,,,,,,,,,,,,,,,,,,,,,,,,,ExtraTreesRegressor,"{'mode': 'original', 'type': 'ExtraTreesRegressor'}",2,"['pe_T2W30', 'asp_T2W30']",,,,,,,,,,,,,,,pruned,True,PRUNED
108,6.318770586288697,2026-06-11 13:40:45.442742,2026-06-11 13:41:07.610966,0 days 00:00:22.168224,,,,,,2.0,log2,1.0,2.0,429.0,,,,,ExtraTreesRegressor,,,,,,2,,,,,,,,True,-0.005505984339933781,0.0014568053004177504,98.0,-0.002024589519758015,0.0034813948201757655,0.01745528303733712,1.9844674545084815,6.269794679889085,6.36774649268831,98.0,6.318770586288697,0.04897590639961261,0.2455591371771524,1.9844674545084815,176131147416911.25,397921542053786.5,98.0,287026344735348.9,110895197318437.62,556014803450804.56,1.9844674545084815,15.844867323294872,16.447426650059306,98.0,16.14614698667709,0.30127966338221657,1.5105789688814253,1.9844674545084815,6.0513320059965,6.169104109703053,98.0,6.110218057849776,0.05888605185327669,0.29524738076055396,1.9844674545084815,99.0,0.21212121212121213,0.012771925744451882,0.024106543879162032,98.0,0.018439234811806957,0.005667309067355076,0.028415186711214645,1.9844674545084815,ExtraTreesRegressor,"{'mode': 'original', 'type': 'ExtraTreesRegressor'}",2,"['pe_T2W30', 'l2_T2W30']",0.07397449963055142,0.12355048124230014,98.0,0.09876249043642578,0.024787990805874363,0.12428392003570637,1.9844674545084815,7.361623594315063,7.493788613627274,98.0,7.427706103971168,0.06608250965610551,0.3313295301009981,1.9844674545084815,completed,True,COMPLETE
109,6.362471035917601,2026-06-11 13:41:07.623451,2026-06-11 13:41:25.024192,0 days 00:00:17.400741,,,,,,4.0,log2,1.0,3.0,325.0,,,,,ExtraTreesRegressor,,,,,,3,,,,,,,,True,-0.013267110742696549,-0.004575932885292656,98.0,-0.008921521813994603,0.004345588928701947,0.021788245410953262,1.9844674545084815,6.309563319571627,6.415378752263575,98.0,6.362471035917601,0.052907716345973535,0.26527274594827194,1.9844674545084815,174770887098037.1,394867844979835.9,98.0,284819366038936.5,110048478940899.4,551769462230902.75,1.9844674545084815,16.205322187918387,16.952309016952473,98.0,16.57881560243543,0.37349341451704293,1.872649785423451,1.9844674545084815,6.100461968465886,6.255977769509771,98.0,6.178219868987829,0.07775790052194237,0.38986849584933964,1.9844674545084815,99.0,0.4444444444444444,-0.004158843682363066,0.010598234142942366,98.0,0.00321969523028965,0.007378538912652716,0.03699508150467587,1.9844674545084815,ExtraTreesRegressor,"{'mode': 'original', 'type': 'ExtraTreesRegressor'}",3,"['pe_T2W30', 'l2_T2W30', 'asp_T2W30']",0.05386249120907167,0.10786004269768912,98.0,0.08086126695338039,0.02699877574430872,0.1353685222794431,1.9844674545084815,7.413607819310248,7.556870558894784,98.0,7.485239189102516,0.07163136979226783,0.35915082852138813,1.9844674545084815,completed,True,COMPLETE
110,6.224865138337621,2026-06-11 13:41:25.037141,2026-06-11 13:41:25.146791,0 days 00:00:00.109650,,,,,,,,,,,,,,,LinearRegression,,,,,,2,,,,,,,,True,,,,,,,,,,,,,,,,,,,,,,,,,,,,,,,,,,,,,,,,,,,,,LinearRegression,"{'mode': 'original', 'type': 'LinearRegression'}",2,"['diameter_T2W30', 'asp_T2W30']",,,,,,,,,,,,,,,pruned,True,PRUNED
111,6.31888847445598,2026-06-11 13:41:25.157360,2026-06-11 13:41:47.449567,0 days 00:00:22.292207,,,,,,2.0,log2,1.0,2.0,431.0,,,,,ExtraTreesRegressor,,,,,,2,,,,,,,,True,-0.005524133575075803,0.0014375882644378528,98.0,-0.002043272655318975,0.0034808609197568277,0.017452606126671228,1.9844674545084815,6.26991336092849,6.36786358798347,98.0,6.31888847445598,0.04897511352749021,0.24555516181439585,1.9844674545084815,176130614083529.3,397920462549186.44,98.0,287025538316357.9,110894924232828.56,556013434233336.8,1.9844674545084815,15.845564504898173,16.447897335262606,98.0,16.14673092008039,0.3011664151822177,1.5100111564135623,1.9844674545084815,6.051221447332794,6.168954907236764,98.0,6.110088177284779,0.058866729951985136,0.29515050313727814,1.9844674545084815,99.0,0.21212121212121213,0.0127412651167031,0.02407410549503021,98.0,0.018407685305866655,0.005666420189163556,0.028410729985901908,1.9844674545084815,ExtraTreesRegressor,"{'mode': 'original', 'type': 'ExtraTreesRegressor'}",2,"['pe_T2W30', 'l2_T2W30']",0.07412851705987267,0.12378135627408493,98.0,0.0989549366669788,0.02482641960710614,0.12447659729207466,1.9844674545084815,7.361741334417269,7.493911831535662,98.0,7.427826582976466,0.06608524855919691,0.3313432626223412,1.9844674545084815,completed,True,COMPLETE
112,6.318760094186944,2026-06-11 13:41:47.516251,2026-06-11 13:42:10.151688,0 days 00:00:22.635437,,,,,,2.0,log2,1.0,2.0,438.0,,,,,ExtraTreesRegressor,,,,,,2,,,,,,,,True,-0.005500580371754124,0.001454288980509773,98.0,-0.0020231456956221754,0.0034774346761319483,0.017435427364905814,1.9844674545084815,6.26980231378011,6.367717874593778,98.0,6.318760094186944,0.048957780406833955,0.24546825569124603,1.9844674545084815,176151862990969.94,397968509038402.7,98.0,287060186014686.3,110908323023716.36,556080614113639.2,1.9844674545084815,15.844673961728526,16.446623703993875,98.0,16.145648832861202,0.3009748711326748,1.5090507782399887,1.9844674545084815,6.049369505825458,6.167065586301414,98.0,6.108217546063436,0.05884804023797757,0.29505679522285305,1.9844674545084815,99.0,0.21212121212121213,0.012856764637133138,0.024167698780910414,98.0,0.018512231709021776,0.005655467071888639,0.02835581241060513,1.9844674545084815,ExtraTreesRegressor,"{'mode': 'original', 'type': 'ExtraTreesRegressor'}",2,"['pe_T2W30', 'l2_T2W30']",0.0739831408456564,0.12366304777570288,98.0,0.09882309431067964,0.02483995346502324,0.12454445438175636,1.9844674545084815,7.361374644793065,7.493486218980156,98.0,7.42743043188661,0.06605578709354579,0.3311955464774631,1.9844674545084815,completed,True,COMPLETE
113,6.343093071881917,2026-06-11 13:42:10.164614,2026-06-11 13:42:32.593383,0 days 00:00:22.428769,,,,,,3.0,log2,1.0,2.0,429.0,,,,,ExtraTreesRegressor,,,,,,2,,,,,,,,True,-0.010043283022251402,-0.0017130168954644157,98.0,-0.005878149958857909,0.004165133063393493,0.020883462021705955,1.9844674545084815,6.291826067950895,6.394360075812939,98.0,6.343093071881917,0.05126700393102234,0.25704641682872664,1.9844674545084815,174958686501867.44,395292486939134.06,98.0,285125586720500.75,110166900218633.3,552363211870704.9,1.9844674545084815,15.977356006070154,16.62519800045554,98.0,16.301277003262847,0.32392099719269296,1.6240998162482123,1.9844674545084815,6.0328274218899995,6.171582667106961,98.0,6.10220504449848,0.06937762260848071,0.3478508188931727,1.9844674545084815,99.0,0.36363636363636365,0.00399681871823032,0.019305490071716613,98.0,0.011651154394973467,0.007654335676743148,0.03837789236832193,1.9844674545084815,ExtraTreesRegressor,"{'mode': 'original', 'type': 'ExtraTreesRegressor'}",2,"['pe_T2W30', 'l2_T2W30']",0.05009639738303169,0.10165664670516421,98.0,0.07587652204409795,0.025780124661066262,0.12925835647507142,1.9844674545084815,7.383608491240164,7.521894590545434,98.0,7.452751540892799,0.06914304965263553,0.3466746991053642,1.9844674545084815,completed,True,COMPLETE
114,6.318979148778676,2026-06-11 13:42:32.606723,2026-06-11 13:42:53.024432,0 days 00:00:20.417709,,,,,,2.0,log2,1.0,2.0,393.0,,,,,ExtraTreesRegressor,,,,,,2,,,,,,,,True,-0.0055409528663375365,0.001424495642229569,98.0,-0.002058228612053984,0.003482724254283553,0.01746194865552453,1.9844674545084815,6.270016576359354,6.367941721197998,98.0,6.318979148778676,0.0489625724193223,0.24549228224916983,1.9844674545084815,176068281568866.38,397778743202918.25,98.0,286923512385892.3,110855230817025.92,555814416355922.2,1.9844674545084815,15.843523349133404,16.446925919572177,98.0,16.14522463435279,0.3017012852193858,1.5126929286253357,1.9844674545084815,6.0520135904487535,6.17013724885364,98.0,6.111075419651197,0.059061829202443336,0.2961287066485214,1.9844674545084815,99.0,0.21212121212121213,0.012787812003781988,0.024135783277769694,98.0,0.01846179764077584,0.005673985636993853,0.02844866220560211,1.9844674545084815,ExtraTreesRegressor,"{'mode': 'original', 'type': 'ExtraTreesRegressor'}",2,"['pe_T2W30', 'l2_T2W30']",0.07239969096303879,0.12202038590224247,98.0,0.09721003843264063,0.02481034746960184,0.12439601358248599,1.9844674545084815,7.361542569472688,7.493687205559963,98.0,7.4276148875163255,0.06607231804363738,0.3312784306166169,1.9844674545084815,completed,True,COMPLETE
115,6.333602233637004,2026-06-11 13:42:53.037262,2026-06-11 13:43:13.741506,0 days 00:00:20.704244,,,,,,2.0,log2,1.0,2.0,399.0,,,,,ExtraTreesRegressor,,,,,,3,,,,,,,,True,-0.007502280554075272,-0.0012005333978883162,98.0,-0.004351406975981794,0.003150873578093478,0.015798090409553732,1.9844674545084815,6.284577962955744,6.382626504318264,98.0,6.333602233637004,0.049024270681259655,0.245801629703468,1.9844674545084815,177515671392047.75,401047332471700.1,98.0,289281501931873.94,111765830539826.17,560380050739900.6,1.9844674545084815,15.94847573967659,16.53512291055989,98.0,16.24179932511824,0.2933235854416493,1.4706881781228223,1.9844674545084815,6.11593907416264,6.237014978284778,98.0,6.176477026223709,0.06053795206106928,0.3035298040896609,1.9844674545084815,99.0,0.24242424242424243,0.0077441553893651555,0.01628787567727441,98.0,0.012016015533319784,0.004271860143954628,0.021418578403262827,1.9844674545084815,ExtraTreesRegressor,"{'mode': 'original', 'type': 'ExtraTreesRegressor'}",3,"['pe_T2W30', 'l2_T2W30', 'asp_T2W30']",0.0793451965823171,0.13047604306431798,98.0,0.10491061982331754,0.02556542324100043,0.12818187010988,1.9844674545084815,7.386964073102011,7.51799030769249,98.0,7.452477190397251,0.06551311729523965,0.32847466722804486,1.9844674545084815,completed,True,COMPLETE
116,6.343284730461264,2026-06-11 13:43:13.755598,2026-06-11 13:43:35.806939,0 days 00:00:22.051341,,,,,,3.0,log2,1.0,2.0,421.0,,,,,ExtraTreesRegressor,,,,,,2,,,,,,,,True,-0.010070500415749804,-0.0017480301594341614,98.0,-0.005909265287591983,0.004161235128157821,0.02086391825654449,1.9844674545084815,6.292051990677994,6.3945174702445335,98.0,6.343284730461264,0.05123273978326979,0.2568746206298044,1.9844674545084815,174961461186717.1,395299633998393.0,98.0,285130547592555.06,110169086405837.97,552374173142953.8,1.9844674545084815,15.97893912533624,16.626571427096238,98.0,16.30275527621624,0.32381615087999965,1.6235741298041244,1.9844674545084815,6.0316611923490635,6.1705792131203365,98.0,6.1011202027347,0.06945901038563622,0.34825888714150693,1.9844674545084815,99.0,0.35353535353535354,0.003927794300945705,0.019237939611288245,98.0,0.011582866956116974,0.007655072655171269,0.03838158748700848,1.9844674545084815,ExtraTreesRegressor,"{'mode': 'original', 'type': 'ExtraTreesRegressor'}",2,"['pe_T2W30', 'l2_T2W30']",0.050815245206900256,0.10272934015929774,98.0,0.076772292683099,0.025957047476198744,0.13014542558771636,1.9844674545084815,7.38387427505589,7.52213776650459,98.0,7.45300602078024,0.06913174572435005,0.34661802260705005,1.9844674545084815,completed,True,COMPLETE
117,6.392762639395956,2026-06-11 13:43:35.819856,2026-06-11 13:43:41.236885,0 days 00:00:05.417029,,,,,,,,,,,,,,,RandomForestRegressor,20.0,,3.0,2.0,497.0,2,,,,,,,,True,,,,,,,,,,,,,,,,,,,,,,,,,,,,,,,,,,,,,,,,,,,,,RandomForestRegressor,"{'mode': 'original', 'type': 'RandomForestRegressor'}",2,"['pe_T2W30', 'asp_T2W30']",,,,,,,,,,,,,,,pruned,True,PRUNED
