number,value,datetime_start,datetime_complete,duration,params_dt_max_depth,params_dt_min_samples_leaf,params_dt_min_samples_split,params_elastic_alpha,params_elastic_l1_ratio,params_et_max_depth,params_et_max_features,params_et_min_samples_leaf,params_et_min_samples_split,params_et_n_estimators,params_knn_metric,params_knn_n_neighbors,params_knn_weights,params_quantile_alpha,params_regressor,params_rf_max_depth,params_rf_max_features,params_rf_min_samples_leaf,params_rf_min_samples_split,params_rf_n_estimators,params_rfe_n_features,params_rfe_proxy_et_max_depth,params_rfe_proxy_et_min_samples_leaf,params_rfe_proxy_et_min_samples_split,params_rfe_proxy_et_n_estimators,params_rfe_proxy_lsvr_C,params_rfe_proxy_lsvr_epsilon,params_rfe_proxy_type,params_use_scaler,user_attrs_d2mae_ci_lower_val,user_attrs_d2mae_ci_upper_val,user_attrs_d2mae_df_val,user_attrs_d2mae_mean_val,user_attrs_d2mae_samperror_val,user_attrs_d2mae_std_val,user_attrs_d2mae_t_critical_val,user_attrs_mae_ci_lower_val,user_attrs_mae_ci_upper_val,user_attrs_mae_df_val,user_attrs_mae_mean_val,user_attrs_mae_samperror_val,user_attrs_mae_std_val,user_attrs_mae_t_critical_val,user_attrs_mape_ci_lower_val,user_attrs_mape_ci_upper_val,user_attrs_mape_df_val,user_attrs_mape_mean_val,user_attrs_mape_samperror_val,user_attrs_mape_std_val,user_attrs_mape_t_critical_val,user_attrs_max_error_ci_lower_val,user_attrs_max_error_ci_upper_val,user_attrs_max_error_df_val,user_attrs_max_error_mean_val,user_attrs_max_error_samperror_val,user_attrs_max_error_std_val,user_attrs_max_error_t_critical_val,user_attrs_median_ae_ci_lower_val,user_attrs_median_ae_ci_upper_val,user_attrs_median_ae_df_val,user_attrs_median_ae_mean_val,user_attrs_median_ae_samperror_val,user_attrs_median_ae_std_val,user_attrs_median_ae_t_critical_val,user_attrs_n_splits_val,user_attrs_r2_below_zero_val,user_attrs_r2_ci_lower_val,user_attrs_r2_ci_upper_val,user_attrs_r2_df_val,user_attrs_r2_mean_val,user_attrs_r2_samperror_val,user_attrs_r2_std_val,user_attrs_r2_t_critical_val,user_attrs_regressor_final,user_attrs_rfe_estimator,user_attrs_rfe_n_features,user_attrs_rfe_selected_features,user_attrs_rho_ci_lower_val,user_attrs_rho_ci_upper_val,user_attrs_rho_df_val,user_attrs_rho_mean_val,user_attrs_rho_samperror_val,user_attrs_rho_std_val,user_attrs_rho_t_critical_val,user_attrs_rmse_ci_lower_val,user_attrs_rmse_ci_upper_val,user_attrs_rmse_df_val,user_attrs_rmse_mean_val,user_attrs_rmse_samperror_val,user_attrs_rmse_std_val,user_attrs_rmse_t_critical_val,user_attrs_termination_reason,user_attrs_use_scaler_final,state
154,6.362161446542979,2026-06-11 13:53:38.403253,2026-06-11 13:54:01.605125,0 days 00:00:23.201872,,,,,,3.0,log2,1.0,6.0,446.0,,,,,ExtraTreesRegressor,,,,,,2,,,,,,,,True,-0.012518645268229548,-0.005230157570589131,98.0,-0.00887440141940934,0.0036442438488202087,0.018271787925225894,1.9844674545084815,6.31141020520321,6.412912687882748,98.0,6.362161446542979,0.05075124133976824,0.2544604469874904,1.9844674545084815,178326936005448.38,402894416933345.25,98.0,290610676469396.8,112283740463948.45,562976787042548.4,1.9844674545084815,16.045903951586265,16.745122441570768,98.0,16.395513196578516,0.3496092449922531,1.7528975135033418,1.9844674545084815,6.12294537179463,6.253051986979543,98.0,6.1879986793870865,0.06505330759245588,0.32616923824915095,1.9844674545084815,99.0,0.3939393939393939,-0.0011925490161319328,0.009909975770440504,98.0,0.004358713377154286,0.005551262393286219,0.027833343040489806,1.9844674545084815,ExtraTreesRegressor,"{'mode': 'original', 'type': 'ExtraTreesRegressor'}",2,"['pe_T2W30', 'asp_T2W30']",0.030956759617912798,0.08122026059984955,98.0,0.056088510108881176,0.02513175049096838,0.12600748857937388,1.9844674545084815,7.413436718562631,7.548886401225159,98.0,7.481161559893895,0.06772484133126419,0.33956397799094795,1.9844674545084815,completed,True,COMPLETE
155,6.523557479185162,2026-06-11 13:54:01.618029,2026-06-11 13:54:28.387462,0 days 00:00:26.769433,,,,,,16.0,log2,1.0,6.0,456.0,,,,,ExtraTreesRegressor,,,,,,8,,,,,,,,True,-0.04418076647708348,-0.02449743787025266,98.0,-0.03433910217366807,0.009841664303415413,0.04934488756604175,1.9844674545084815,6.44391969044197,6.603195267928354,98.0,6.523557479185162,0.07963778874319201,0.3992940228795694,1.9844674545084815,226446231032110.97,512848117308139.1,98.0,369647174170125.06,143200943138014.1,717991817303116.6,1.9844674545084815,17.604664078156688,18.782450863058983,98.0,18.193557470607836,0.5888933924511465,2.9526386333663344,1.9844674545084815,5.849235024995669,6.057340099458529,98.0,5.953287562227099,0.1040525372314303,0.521706552098557,1.9844674545084815,99.0,0.8080808080808081,-0.10549208108841523,-0.06848768389909668,98.0,-0.08698988249375596,0.018502198594659274,0.09276773533732477,1.9844674545084815,ExtraTreesRegressor,"{'mode': 'original', 'type': 'ExtraTreesRegressor'}",8,"['nodes_T2W30', 'pe_T2W30', 'l1_T2W30', 'l2_T2W30', 'lcc_T2W30', 'lsc_T2W30', 'diameter_T2W30', 'asp_T2W30']",0.010168964849142155,0.06343755036395679,98.0,0.036803257606549476,0.02663429275740732,0.13354104966364344,1.9844674545084815,7.712430717444344,7.911609038294546,98.0,7.812019877869445,0.09958916042510106,0.499327732837595,1.9844674545084815,completed,True,COMPLETE
156,6.315923323121578,2026-06-11 13:54:28.400444,2026-06-11 13:54:51.214609,0 days 00:00:22.814165,,,,,,2.0,log2,1.0,6.0,444.0,,,,,ExtraTreesRegressor,,,,,,2,,,,,,,,True,-0.005106039730923651,0.0019617876203346734,98.0,-0.0015721260552944887,0.003533913675629162,0.017718606082865677,1.9844674545084815,6.26678753800319,6.365059108239966,98.0,6.315923323121578,0.0491357851183879,0.24636074929873547,1.9844674545084815,176130400112200.84,397920070751170.9,98.0,287025235431685.9,110894835319485.03,556012988432829.5,1.9844674545084815,15.843626180599898,16.446833531809368,98.0,16.145229856204633,0.30160367560473444,1.5122035260901705,1.9844674545084815,6.048387113186314,6.166447401014613,98.0,6.1074172571004635,0.05903014391415024,0.29596984053196657,1.9844674545084815,99.0,0.21212121212121213,0.013006696392977576,0.024413961310432396,98.0,0.018710328851704986,0.005703632458727411,0.028597307702952105,1.9844674545084815,ExtraTreesRegressor,"{'mode': 'original', 'type': 'ExtraTreesRegressor'}",2,"['pe_T2W30', 'l2_T2W30']",0.07468642589809524,0.12434441827866669,98.0,0.09951542208838096,0.024828996190285727,0.12448951596145635,1.9844674545084815,7.360516179204443,7.492842876950003,98.0,7.426679528077223,0.06616334887277954,0.331734847934926,1.9844674545084815,completed,True,COMPLETE
157,6.339526353882735,2026-06-11 13:54:51.233697,2026-06-11 13:55:14.209807,0 days 00:00:22.976110,,,,,,3.0,log2,1.0,6.0,448.0,,,,,ExtraTreesRegressor,,,,,,3,,,,,,,,True,-0.009037168081016114,-0.001548576709597748,98.0,-0.005292872395306931,0.003744295685709183,0.018773435460627916,1.9844674545084815,6.288910116081095,6.390142591684374,98.0,6.339526353882735,0.0506162378016399,0.25378355594502217,1.9844674545084815,175956170887725.9,397538902295138.5,98.0,286747536591432.2,110791365703706.28,555494204576796.94,1.9844674545084815,16.041495696145027,16.701217584011665,98.0,16.371356640078346,0.3298609439333195,1.6538819745324338,1.9844674545084815,6.098197302257965,6.230294638637529,98.0,6.164245970447747,0.066048668189782,0.33115985317448227,1.9844674545084815,99.0,0.35353535353535354,0.003958254004765884,0.015549686653135972,98.0,0.009753970328950928,0.005795716324185044,0.02905900481510381,1.9844674545084815,ExtraTreesRegressor,"{'mode': 'original', 'type': 'ExtraTreesRegressor'}",3,"['pe_T2W30', 'l2_T2W30', 'asp_T2W30']",0.06689012924341846,0.11760137094572438,98.0,0.09224575009457142,0.02535562085115296,0.12712994687627432,1.9844674545084815,7.39280654006486,7.528847638628116,98.0,7.460827089346488,0.06802054928162801,0.3410466210798839,1.9844674545084815,completed,True,COMPLETE
158,6.127963655969392,2026-06-11 13:55:14.245964,2026-06-11 13:55:15.172323,0 days 00:00:00.926359,,,,,,2.0,log2,1.0,6.0,136.0,,,,,ExtraTreesRegressor,,,,,,2,,,,,,,,False,,,,,,,,,,,,,,,,,,,,,,,,,,,,,,,,,,,,,,,,,,,,,ExtraTreesRegressor,"{'mode': 'original', 'type': 'ExtraTreesRegressor'}",2,"['pe_T2W30', 'asp_T2W30']",,,,,,,,,,,,,,,pruned,False,PRUNED
159,6.842514555918813,2026-06-11 13:55:15.182202,2026-06-11 13:55:15.376295,0 days 00:00:00.194093,8.0,4.0,14.0,,,,,,,,,,,,DecisionTreeRegressor,,,,,,2,,,,,,,,True,,,,,,,,,,,,,,,,,,,,,,,,,,,,,,,,,,,,,,,,,,,,,DecisionTreeRegressor,"{'mode': 'original', 'type': 'DecisionTreeRegressor'}",2,"['lsc_T2W30', 'asp_T2W30']",,,,,,,,,,,,,,,pruned,True,PRUNED
160,6.316353307735962,2026-06-11 13:55:15.388175,2026-06-11 13:55:35.557154,0 days 00:00:20.168979,,,,,,2.0,sqrt,1.0,6.0,408.0,,,,,ExtraTreesRegressor,,,,,,2,,,,,,,,True,-0.005170870333227163,0.001887835726736923,98.0,-0.00164151730324512,0.003529353029982043,0.017695739569667544,1.9844674545084815,6.267266476798272,6.3654401386736525,98.0,6.316353307735962,0.049086830937690375,0.24611529909154148,1.9844674545084815,176162549861172.7,397992122791616.44,98.0,287077336326394.56,110914786465221.88,556113021009926.94,1.9844674545084815,15.844228654154207,16.44766438471791,98.0,16.14594651943606,0.3017178652818516,1.5127760590078598,1.9844674545084815,6.050286920798702,6.168086135617048,98.0,6.109186528207875,0.05889960740917315,0.29531534664122056,1.9844674545084815,99.0,0.21212121212121213,0.012875091785804621,0.024253680371995184,98.0,0.018564386078899903,0.005689294293095282,0.028525417913866823,1.9844674545084815,ExtraTreesRegressor,"{'mode': 'original', 'type': 'ExtraTreesRegressor'}",2,"['pe_T2W30', 'l2_T2W30']",0.07402256342011346,0.12359842219872161,98.0,0.09881049280941753,0.02478792938930407,0.12428361210061914,1.9844674545084815,7.361101072581861,7.493362873898435,98.0,7.427231973240148,0.06613090065828729,0.33157215660076994,1.9844674545084815,completed,True,COMPLETE
161,6.315807115859823,2026-06-11 13:55:35.570576,2026-06-11 13:55:55.661128,0 days 00:00:20.090552,,,,,,2.0,sqrt,1.0,7.0,406.0,,,,,ExtraTreesRegressor,,,,,,2,,,,,,,,True,-0.005092977143628752,0.0019813196196511616,98.0,-0.0015558287619887956,0.003537148381639957,0.01773482449872411,1.9844674545084815,6.266731088331251,6.364883143388394,98.0,6.315807115859823,0.04907602752857181,0.2460611321344242,1.9844674545084815,176131069136616.88,397920876239739.6,98.0,287025972688178.25,110894903551561.39,556013330540021.2,1.9844674545084815,15.843399861240123,16.44754892771561,98.0,16.145474394477866,0.3020745332377432,1.5145643480247664,1.9844674545084815,6.049860282725483,6.1679022830566534,98.0,6.108881282891068,0.05902100016558507,0.2959239949075914,1.9844674545084815,99.0,0.21212121212121213,0.01292684173421553,0.02432934647317122,98.0,0.018628094103693375,0.0057012523694778446,0.0285853742298325,1.9844674545084815,ExtraTreesRegressor,"{'mode': 'original', 'type': 'ExtraTreesRegressor'}",2,"['pe_T2W30', 'l2_T2W30']",0.07390755861364394,0.12350451546975767,98.0,0.0987060370417008,0.024798478428056867,0.12433650367618385,1.9844674545084815,7.360821661525841,7.493166751064607,98.0,7.426994206295224,0.06617254476938285,0.33178095502311455,1.9844674545084815,completed,True,COMPLETE
162,6.315955610214138,2026-06-11 13:55:55.680728,2026-06-11 13:56:16.090477,0 days 00:00:20.409749,,,,,,2.0,sqrt,1.0,7.0,411.0,,,,,ExtraTreesRegressor,,,,,,2,,,,,,,,True,-0.005109556827124624,0.0019503505606861433,98.0,-0.0015796031332192405,0.003529953693905384,0.017698751224286973,1.9844674545084815,6.266905795740665,6.36500542468761,98.0,6.315955610214138,0.049049814473472404,0.24592970311827766,1.9844674545084815,176173320833927.7,398016488732343.7,98.0,287094904783135.7,110921583949208.0,556147102753896.9,1.9844674545084815,15.842437131908246,16.446036890823954,98.0,16.1442370113661,0.30179987945785447,1.5131872679425393,1.9844674545084815,6.049587458692511,6.167414886699743,98.0,6.108501172696127,0.058913714003615614,0.29538607536100236,1.9844674545084815,99.0,0.21212121212121213,0.012922994936102918,0.02429287663365666,98.0,0.01860793578487979,0.005684940848776872,0.028503590282503457,1.9844674545084815,ExtraTreesRegressor,"{'mode': 'original', 'type': 'ExtraTreesRegressor'}",2,"['pe_T2W30', 'l2_T2W30']",0.07428333957846887,0.12389655852813573,98.0,0.0990899490533023,0.02480660947483343,0.12437727173904538,1.9844674545084815,7.360935981221365,7.493205709269391,98.0,7.427070845245378,0.0661348640240135,0.3315920284263183,1.9844674545084815,completed,True,COMPLETE
163,6.315807115859823,2026-06-11 13:56:16.103290,2026-06-11 13:56:36.100946,0 days 00:00:19.997656,,,,,,2.0,sqrt,1.0,7.0,406.0,,,,,ExtraTreesRegressor,,,,,,2,,,,,,,,True,-0.005092977143628752,0.0019813196196511616,98.0,-0.0015558287619887956,0.003537148381639957,0.01773482449872411,1.9844674545084815,6.266731088331251,6.364883143388394,98.0,6.315807115859823,0.04907602752857181,0.2460611321344242,1.9844674545084815,176131069136616.88,397920876239739.6,98.0,287025972688178.25,110894903551561.39,556013330540021.2,1.9844674545084815,15.843399861240123,16.44754892771561,98.0,16.145474394477866,0.3020745332377432,1.5145643480247664,1.9844674545084815,6.049860282725483,6.1679022830566534,98.0,6.108881282891068,0.05902100016558507,0.2959239949075914,1.9844674545084815,99.0,0.21212121212121213,0.01292684173421553,0.02432934647317122,98.0,0.018628094103693375,0.0057012523694778446,0.0285853742298325,1.9844674545084815,ExtraTreesRegressor,"{'mode': 'original', 'type': 'ExtraTreesRegressor'}",2,"['pe_T2W30', 'l2_T2W30']",0.07390755861364394,0.12350451546975767,98.0,0.0987060370417008,0.024798478428056867,0.12433650367618385,1.9844674545084815,7.360821661525841,7.493166751064607,98.0,7.426994206295224,0.06617254476938285,0.33178095502311455,1.9844674545084815,completed,True,COMPLETE
164,6.1250173395858445,2026-06-11 13:56:36.113783,2026-06-11 13:56:38.317326,0 days 00:00:02.203543,,,,,,3.0,sqrt,1.0,7.0,379.0,,,,,ExtraTreesRegressor,,,,,,2,,,,,,,,True,,,,,,,,,,,,,,,,,,,,,,,,,,,,,,,,,,,,,,,,,,,,,ExtraTreesRegressor,"{'mode': 'original', 'type': 'ExtraTreesRegressor'}",2,"['pe_T2W30', 'asp_T2W30']",,,,,,,,,,,,,,,pruned,True,PRUNED
165,6.316004583401126,2026-06-11 13:56:38.328004,2026-06-11 13:56:58.392955,0 days 00:00:20.064951,,,,,,2.0,sqrt,1.0,7.0,405.0,,,,,ExtraTreesRegressor,,,,,,2,,,,,,,,True,-0.005122209810167427,0.0019479116221685895,98.0,-0.0015871490939994186,0.003535060716168008,0.017724357202257488,1.9844674545084815,6.266933167466086,6.365075999336166,98.0,6.316004583401126,0.04907141593503942,0.24603801017483076,1.9844674545084815,176129867149760.94,397918129782770.44,98.0,287023998466265.7,110894131316504.75,556009458648959.9,1.9844674545084815,15.843689107131528,16.44765325799722,98.0,16.145671182564374,0.30198207543284705,1.51410077602652,1.9844674545084815,6.0494485560118525,6.167490369368983,98.0,6.108469462690418,0.059020906678565015,0.29592352617523565,1.9844674545084815,99.0,0.21212121212121213,0.012890123343122083,0.02427863402975111,98.0,0.018584378686436597,0.005694255343314514,0.028550292006066097,1.9844674545084815,ExtraTreesRegressor,"{'mode': 'original', 'type': 'ExtraTreesRegressor'}",2,"['pe_T2W30', 'l2_T2W30']",0.07403591341436669,0.12362637811091923,98.0,0.09883114576264296,0.02479523234827627,0.12432022823365038,1.9844674545084815,7.361000119735174,7.493320849507062,98.0,7.427160484621118,0.06616036488594326,0.3317198865939988,1.9844674545084815,completed,True,COMPLETE
166,6.337535403812788,2026-06-11 13:56:58.407217,2026-06-11 13:57:18.539193,0 days 00:00:20.131976,,,,,,3.0,sqrt,1.0,7.0,407.0,,,,,ExtraTreesRegressor,,,,,,3,,,,,,,,True,-0.008741836534781503,-0.0012133703316712435,98.0,-0.004977603433226373,0.0037642331015551294,0.01887339919775053,1.9844674545084815,6.286885245145513,6.3881855624800625,98.0,6.337535403812788,0.05065015866727491,0.25395363096986545,1.9844674545084815,175786444330132.56,397154138479004.06,98.0,286470291404568.3,110683847074435.75,554955119467912.6,1.9844674545084815,16.03244436743789,16.692120356729568,98.0,16.36228236208373,0.3298379946458403,1.6537669096434608,1.9844674545084815,6.094743507709251,6.2266887672401205,98.0,6.160716137474686,0.06597262976543476,0.33077860591950203,1.9844674545084815,99.0,0.35353535353535354,0.004364689912912936,0.015984220198406625,98.0,0.010174455055659781,0.005809765142746845,0.029129443853765924,1.9844674545084815,ExtraTreesRegressor,"{'mode': 'original', 'type': 'ExtraTreesRegressor'}",3,"['pe_T2W30', 'l2_T2W30', 'asp_T2W30']",0.06853521957933442,0.11905970291999404,98.0,0.09379746124966423,0.02526224167032981,0.12666175521308903,1.9844674545084815,7.391218788754316,7.527256797570657,98.0,7.459237793162487,0.06801900440817049,0.34103887527544324,1.9844674545084815,completed,True,COMPLETE
167,6.316067725918202,2026-06-11 13:57:18.559470,2026-06-11 13:57:37.745885,0 days 00:00:19.186415,,,,,,2.0,sqrt,1.0,7.0,386.0,,,,,ExtraTreesRegressor,,,,,,2,,,,,,,,True,-0.005133846344234371,0.0019375821607139315,98.0,-0.0015981320917602196,0.003535714252474151,0.017727633952464846,1.9844674545084815,6.267024194398154,6.365111257438251,98.0,6.316067725918202,0.049043531520048256,0.2458982011669065,1.9844674545084815,176121783066734.12,397899802714207.9,98.0,287010792890471.0,110889009823736.86,555983780117665.75,1.9844674545084815,15.84414747788019,16.447375721949307,98.0,16.14576159991475,0.3016141220345584,1.5122559031972573,1.9844674545084815,6.0514480280474405,6.1692517922327355,98.0,6.110349910140088,0.05890188209264718,0.2953267516228185,1.9844674545084815,99.0,0.21212121212121213,0.012835654091569275,0.0242054449582296,98.0,0.018520549524899437,0.005684895433330161,0.028503362575070794,1.9844674545084815,ExtraTreesRegressor,"{'mode': 'original', 'type': 'ExtraTreesRegressor'}",2,"['pe_T2W30', 'l2_T2W30']",0.07287366480595359,0.12245355705679517,98.0,0.09766361093137438,0.024789946125420795,0.12429372376607146,1.9844674545084815,7.361278165267394,7.493516255437279,98.0,7.4273972103523365,0.0661190450849425,0.33151271422235773,1.9844674545084815,completed,True,COMPLETE
168,6.316147169491484,2026-06-11 13:57:37.758897,2026-06-11 13:57:56.901051,0 days 00:00:19.142154,,,,,,2.0,sqrt,1.0,7.0,385.0,,,,,ExtraTreesRegressor,,,,,,2,,,,,,,,True,-0.005142516456438246,0.001921473848614446,98.0,-0.0016105213039119002,0.003531995152526346,0.017708986845317774,1.9844674545084815,6.267106730428525,6.365187608554443,98.0,6.316147169491484,0.04904043906295945,0.24588269596954906,1.9844674545084815,176135144441746.12,397929885050914.75,98.0,287032514746330.44,110897370304584.31,556025698534581.5,1.9844674545084815,15.843739219871706,16.446745092248737,98.0,16.14524215606022,0.30150293618851476,1.5116984311170467,1.9844674545084815,6.051308733297107,6.169087996832205,98.0,6.110198365064656,0.05888963176754913,0.2952653300079398,1.9844674545084815,99.0,0.21212121212121213,0.01284311404759281,0.02420275529723406,98.0,0.018522934672413435,0.005679820624820625,0.028477918112873948,1.9844674545084815,ExtraTreesRegressor,"{'mode': 'original', 'type': 'ExtraTreesRegressor'}",2,"['pe_T2W30', 'l2_T2W30']",0.07299818182188424,0.1225732700907058,98.0,0.09778572595629502,0.024787544134410783,0.12428168048023386,1.9844674545084815,7.361272226265101,7.493509473071227,98.0,7.427390849668164,0.06611862340306303,0.3315105999615692,1.9844674545084815,completed,True,COMPLETE
169,6.316156256603512,2026-06-11 13:57:56.914027,2026-06-11 13:58:14.474690,0 days 00:00:17.560663,,,,,,2.0,sqrt,1.0,7.0,351.0,,,,,ExtraTreesRegressor,,,,,,2,,,,,,,,True,-0.005134210146738001,0.001913488306635766,98.0,-0.0016103609200511177,0.0035238492266868836,0.017668144180675156,1.9844674545084815,6.26708717748399,6.365225335723034,98.0,6.316156256603512,0.04906907911952148,0.24602629367084924,1.9844674545084815,176168134368557.53,398003915821221.4,98.0,287086025094889.44,110917890726331.9,556128585391186.75,1.9844674545084815,15.845365889322503,16.44762103182638,98.0,16.14649346057444,0.30112757125193773,1.509816397751491,1.9844674545084815,6.05175401052994,6.169104008154525,98.0,6.110429009342233,0.058674998812292066,0.29418918691683155,1.9844674545084815,99.0,0.21212121212121213,0.01287908043608945,0.024226476319788637,98.0,0.018552778377939044,0.005673697941849593,0.02844721973773193,1.9844674545084815,ExtraTreesRegressor,"{'mode': 'original', 'type': 'ExtraTreesRegressor'}",2,"['pe_T2W30', 'l2_T2W30']",0.07302170155799739,0.12307686966474896,98.0,0.09804928561137317,0.025027584053375775,0.125485210944952,1.9844674545084815,7.361136658482602,7.49344128567447,98.0,7.427288972078536,0.06615231359593414,0.3316795184217046,1.9844674545084815,completed,True,COMPLETE
170,6.124777294678632,2026-06-11 13:58:14.488405,2026-06-11 13:58:16.568208,0 days 00:00:02.079803,,,,,,3.0,sqrt,1.0,7.0,354.0,,,,,ExtraTreesRegressor,,,,,,2,,,,,,,,True,,,,,,,,,,,,,,,,,,,,,,,,,,,,,,,,,,,,,,,,,,,,,ExtraTreesRegressor,"{'mode': 'original', 'type': 'ExtraTreesRegressor'}",2,"['pe_T2W30', 'asp_T2W30']",,,,,,,,,,,,,,,pruned,True,PRUNED
