number,value,datetime_start,datetime_complete,duration,params_dt_max_depth,params_dt_min_samples_leaf,params_dt_min_samples_split,params_elastic_alpha,params_elastic_l1_ratio,params_et_max_depth,params_et_max_features,params_et_min_samples_leaf,params_et_min_samples_split,params_et_n_estimators,params_knn_metric,params_knn_n_neighbors,params_knn_weights,params_quantile_alpha,params_regressor,params_rf_max_depth,params_rf_max_features,params_rf_min_samples_leaf,params_rf_min_samples_split,params_rf_n_estimators,params_rfe_n_features,params_rfe_proxy_et_max_depth,params_rfe_proxy_et_min_samples_leaf,params_rfe_proxy_et_min_samples_split,params_rfe_proxy_et_n_estimators,params_rfe_proxy_lsvr_C,params_rfe_proxy_lsvr_epsilon,params_rfe_proxy_type,params_use_scaler,user_attrs_d2mae_ci_lower_val,user_attrs_d2mae_ci_upper_val,user_attrs_d2mae_df_val,user_attrs_d2mae_mean_val,user_attrs_d2mae_samperror_val,user_attrs_d2mae_std_val,user_attrs_d2mae_t_critical_val,user_attrs_mae_ci_lower_val,user_attrs_mae_ci_upper_val,user_attrs_mae_df_val,user_attrs_mae_mean_val,user_attrs_mae_samperror_val,user_attrs_mae_std_val,user_attrs_mae_t_critical_val,user_attrs_mape_ci_lower_val,user_attrs_mape_ci_upper_val,user_attrs_mape_df_val,user_attrs_mape_mean_val,user_attrs_mape_samperror_val,user_attrs_mape_std_val,user_attrs_mape_t_critical_val,user_attrs_max_error_ci_lower_val,user_attrs_max_error_ci_upper_val,user_attrs_max_error_df_val,user_attrs_max_error_mean_val,user_attrs_max_error_samperror_val,user_attrs_max_error_std_val,user_attrs_max_error_t_critical_val,user_attrs_median_ae_ci_lower_val,user_attrs_median_ae_ci_upper_val,user_attrs_median_ae_df_val,user_attrs_median_ae_mean_val,user_attrs_median_ae_samperror_val,user_attrs_median_ae_std_val,user_attrs_median_ae_t_critical_val,user_attrs_n_splits_val,user_attrs_r2_below_zero_val,user_attrs_r2_ci_lower_val,user_attrs_r2_ci_upper_val,user_attrs_r2_df_val,user_attrs_r2_mean_val,user_attrs_r2_samperror_val,user_attrs_r2_std_val,user_attrs_r2_t_critical_val,user_attrs_regressor_final,user_attrs_rfe_estimator,user_attrs_rfe_n_features,user_attrs_rfe_selected_features,user_attrs_rho_ci_lower_val,user_attrs_rho_ci_upper_val,user_attrs_rho_df_val,user_attrs_rho_mean_val,user_attrs_rho_samperror_val,user_attrs_rho_std_val,user_attrs_rho_t_critical_val,user_attrs_rmse_ci_lower_val,user_attrs_rmse_ci_upper_val,user_attrs_rmse_df_val,user_attrs_rmse_mean_val,user_attrs_rmse_samperror_val,user_attrs_rmse_std_val,user_attrs_rmse_t_critical_val,user_attrs_termination_reason,user_attrs_use_scaler_final,state
171,6.315396190404456,2026-06-11 13:58:16.578896,2026-06-11 13:58:35.378215,0 days 00:00:18.799319,,,,,,2.0,sqrt,1.0,8.0,378.0,,,,,ExtraTreesRegressor,,,,,,2,,,,,,,,True,-0.005036341224143119,0.002053755737817592,98.0,-0.0014912927431627635,0.0035450484809803557,0.017774434619705095,1.9844674545084815,6.266320240071478,6.364472140737435,98.0,6.315396190404456,0.04907595033297864,0.24606074508526787,1.9844674545084815,176095554394837.56,397840383538539.3,98.0,286967968966688.44,110872414571850.89,555900573577268.0,1.9844674545084815,15.845448973839037,16.44836015559574,98.0,16.14690456471739,0.30145559087835105,1.5114610475877184,1.9844674545084815,6.0487664631918925,6.166496551053534,98.0,6.107631507122713,0.05886504393082048,0.2951420496356915,1.9844674545084815,99.0,0.21212121212121213,0.012857456705116092,0.02422596425059602,98.0,0.018541710477856056,0.005684253772739964,0.028500145368234354,1.9844674545084815,ExtraTreesRegressor,"{'mode': 'original', 'type': 'ExtraTreesRegressor'}",2,"['pe_T2W30', 'l2_T2W30']",0.07343512197657823,0.1230510296691166,98.0,0.09824307582284741,0.02480795384626918,0.1243840122511477,1.9844674545084815,7.361203939388814,7.493429861110968,98.0,7.427316900249891,0.06611296086107751,0.33148220867641665,1.9844674545084815,completed,True,COMPLETE
172,6.315491959954745,2026-06-11 13:58:35.397040,2026-06-11 13:58:54.330714,0 days 00:00:18.933674,,,,,,2.0,sqrt,1.0,8.0,383.0,,,,,ExtraTreesRegressor,,,,,,2,,,,,,,,True,-0.005051084065147385,0.00203787628593962,98.0,-0.0015066038896038823,0.0035444801755435025,0.01777158520653471,1.9844674545084815,6.266420814363742,6.364563105545748,98.0,6.315491959954745,0.04907114559100315,0.24603665470327,1.9844674545084815,176119792134536.38,397895280023794.9,98.0,287007536079165.6,110887743944629.23,555977433156388.44,1.9844674545084815,15.845298063285664,16.44821905836483,98.0,16.146758560825248,0.30146049753958254,1.5114856489802604,1.9844674545084815,6.049640828813648,6.167575324047708,98.0,6.108608076430678,0.05896724761703028,0.29565448627743995,1.9844674545084815,99.0,0.21212121212121213,0.012851238603935502,0.024226775920709688,98.0,0.018539007262322594,0.005687768658387092,0.028517768570135774,1.9844674545084815,ExtraTreesRegressor,"{'mode': 'original', 'type': 'ExtraTreesRegressor'}",2,"['pe_T2W30', 'l2_T2W30']",0.07348456050836275,0.12290304953668399,98.0,0.09819380502252337,0.02470924451416062,0.12388909586866902,1.9844674545084815,7.361208337747761,7.49344362060602,98.0,7.42732597917689,0.06611764142912967,0.33150567646572127,1.9844674545084815,completed,True,COMPLETE
173,6.315513907970621,2026-06-11 13:58:54.343905,2026-06-11 13:59:11.861145,0 days 00:00:17.517240,,,,,,2.0,sqrt,1.0,8.0,351.0,,,,,ExtraTreesRegressor,,,,,,2,,,,,,,,True,-0.005042615481944946,0.0020261175212460533,98.0,-0.0015082489803494464,0.0035343665015954997,0.017720876496253805,1.9844674545084815,6.266411695687209,6.364616120254032,98.0,6.315513907970621,0.049102212283411426,0.24619241925656846,1.9844674545084815,176168134368557.53,398003915821221.4,98.0,287086025094889.44,110917890726331.9,556128585391186.75,1.9844674545084815,15.845299228087399,16.447745933860467,98.0,16.146522580973933,0.3012233528865337,1.5102966350207492,1.9844674545084815,6.050907602437834,6.168527422231043,98.0,6.109717512334439,0.05880990989660479,0.29486561440730324,1.9844674545084815,99.0,0.21212121212121213,0.01291540591072883,0.024267377036156224,98.0,0.018591391473442527,0.005675985562713697,0.02845868958580364,1.9844674545084815,ExtraTreesRegressor,"{'mode': 'original', 'type': 'ExtraTreesRegressor'}",2,"['pe_T2W30', 'l2_T2W30']",0.07301679715210427,0.12307357780544018,98.0,0.09804518747877222,0.025028390326667958,0.1254892534995163,1.9844674545084815,7.360988488059812,7.493296037877599,98.0,7.427142262968705,0.06615377490889301,0.3316868452641401,1.9844674545084815,completed,True,COMPLETE
174,6.552488880508717,2026-06-11 13:59:11.898401,2026-06-11 13:59:13.815316,0 days 00:00:01.916915,,,,,,,,,,,minkowski,14.0,distance,,KNeighborsRegressor,,,,,,2,,,,,0.002113779328519999,0.13217214800703278,LinearSVR,,-0.05060609331079124,-0.02686268693026802,98.0,-0.03873439012052963,0.011871703190261611,0.05952325146241595,1.9844674545084815,6.4596943307817,6.645283430235734,98.0,6.552488880508717,0.09279454972701755,0.4652603951784959,1.9844674545084815,219008707498843.2,495675145827461.06,98.0,357341926663152.1,138333219164308.95,693585651355996.4,1.9844674545084815,18.459738489722465,19.158463416836558,98.0,18.80910095327951,0.3493624635570467,1.7516601819100033,1.9844674545084815,5.682509856442128,5.9574075918176215,98.0,5.819958724129875,0.13744886768774633,0.6891516224321789,1.9844674545084815,99.0,0.8686868686868687,-0.14079517926866206,-0.09754374220953649,98.0,-0.11916946073909927,0.021625718529562788,0.10842867796311777,1.9844674545084815,KNeighborsRegressor,"{'mode': 'proxy', 'type': 'LinearSVR'}",2,"['nodes_T2W30', 're_T2W30']",-0.007869668267921924,0.04760172307261358,98.0,0.019866027402345828,0.027735695670267752,0.13906334764338127,1.9844674545084815,7.819135010132857,8.030593944514075,98.0,7.924864477323466,0.10572946719060929,0.5301144715053485,1.9844674545084815,completed,True,COMPLETE
175,6.315513907970621,2026-06-11 13:59:13.842803,2026-06-11 13:59:31.395283,0 days 00:00:17.552480,,,,,,2.0,sqrt,1.0,8.0,351.0,,,,,ExtraTreesRegressor,,,,,,2,,,,,,,,True,-0.005042615481944946,0.0020261175212460533,98.0,-0.0015082489803494464,0.0035343665015954997,0.017720876496253805,1.9844674545084815,6.266411695687209,6.364616120254032,98.0,6.315513907970621,0.049102212283411426,0.24619241925656846,1.9844674545084815,176168134368557.53,398003915821221.4,98.0,287086025094889.44,110917890726331.9,556128585391186.75,1.9844674545084815,15.845299228087399,16.447745933860467,98.0,16.146522580973933,0.3012233528865337,1.5102966350207492,1.9844674545084815,6.050907602437834,6.168527422231043,98.0,6.109717512334439,0.05880990989660479,0.29486561440730324,1.9844674545084815,99.0,0.21212121212121213,0.01291540591072883,0.024267377036156224,98.0,0.018591391473442527,0.005675985562713697,0.02845868958580364,1.9844674545084815,ExtraTreesRegressor,"{'mode': 'original', 'type': 'ExtraTreesRegressor'}",2,"['pe_T2W30', 'l2_T2W30']",0.07301679715210427,0.12307357780544018,98.0,0.09804518747877222,0.025028390326667958,0.1254892534995163,1.9844674545084815,7.360988488059812,7.493296037877599,98.0,7.427142262968705,0.06615377490889301,0.3316868452641401,1.9844674545084815,completed,True,COMPLETE
176,6.315220822345512,2026-06-11 13:59:31.408246,2026-06-11 13:59:48.438059,0 days 00:00:17.029813,,,,,,2.0,sqrt,1.0,8.0,339.0,,,,,ExtraTreesRegressor,,,,,,2,,,,,,,,True,-0.004996836649940273,0.0020741907605292347,98.0,-0.0014613229447055192,0.003535513705234754,0.017726628433410888,1.9844674545084815,6.266102474951086,6.364339169739938,98.0,6.315220822345512,0.04911834739442619,0.24627331870754984,1.9844674545084815,176146795692537.2,397955712426103.8,98.0,287051254059320.5,110904458366783.3,556061237201771.0,1.9844674545084815,15.844763423208667,16.447772924643903,98.0,16.146268173926284,0.30150475071761773,1.5117075289415416,1.9844674545084815,6.05081110666719,6.1691694807963735,98.0,6.109990293731782,0.05917918706459188,0.29671712445410553,1.9844674545084815,99.0,0.20202020202020202,0.012966948883595994,0.024348086278278273,98.0,0.018657517580937134,0.00569056869734114,0.028531807619132807,1.9844674545084815,ExtraTreesRegressor,"{'mode': 'original', 'type': 'ExtraTreesRegressor'}",2,"['pe_T2W30', 'l2_T2W30']",0.07273997576599539,0.12261505934663189,98.0,0.09767751755631364,0.024937541790318242,0.1250337501747219,1.9844674545084815,7.36069617394476,7.4930919120037505,98.0,7.426894042974255,0.06619786902949541,0.3319079277311263,1.9844674545084815,completed,True,COMPLETE
177,6.222429252014112,2026-06-11 13:59:48.457284,2026-06-11 13:59:48.580463,0 days 00:00:00.123179,,,,0.003518930952170641,0.23510305975455664,,,,,,,,,,ElasticNet,,,,,,2,,,,,,,,True,,,,,,,,,,,,,,,,,,,,,,,,,,,,,,,,,,,,,,,,,,,,,ElasticNet,"{'mode': 'original', 'type': 'ElasticNet'}",2,"['diameter_T2W30', 'asp_T2W30']",,,,,,,,,,,,,,,pruned,True,PRUNED
178,6.224846417282643,2026-06-11 13:59:48.590559,2026-06-11 13:59:50.562871,0 days 00:00:01.972312,,,,,,3.0,sqrt,3.0,8.0,344.0,,,,,ExtraTreesRegressor,,,,,,2,,,,,,,,True,,,,,,,,,,,,,,,,,,,,,,,,,,,,,,,,,,,,,,,,,,,,,ExtraTreesRegressor,"{'mode': 'original', 'type': 'ExtraTreesRegressor'}",2,"['diameter_T2W30', 'asp_T2W30']",,,,,,,,,,,,,,,pruned,True,PRUNED
179,6.333500546900774,2026-06-11 13:59:50.573903,2026-06-11 14:00:06.841911,0 days 00:00:16.268008,,,,,,2.0,sqrt,1.0,8.0,323.0,,,,,ExtraTreesRegressor,,,,,,3,,,,,,,,True,-0.007420367081402394,-0.0012437554193560668,98.0,-0.00433206125037923,0.0030883058310231634,0.015484383464339826,1.9844674545084815,6.284523188324512,6.382477905477037,98.0,6.333500546900774,0.04897735857626301,0.2455664182112672,1.9844674545084815,177699954244594.94,401463846483675.56,98.0,289581900364135.25,111881946119540.33,560962239895008.56,1.9844674545084815,15.939570628553122,16.520887812577982,98.0,16.23022922056555,0.2906585920124294,1.457326230684373,1.9844674545084815,6.116278375257028,6.236257997883559,98.0,6.176268186570294,0.05998981131326495,0.3007814941761248,1.9844674545084815,99.0,0.23232323232323232,0.008334783478036793,0.016719027222465935,98.0,0.012526905350251364,0.004192121872214572,0.02101878057106507,1.9844674545084815,ExtraTreesRegressor,"{'mode': 'original', 'type': 'ExtraTreesRegressor'}",3,"['pe_T2W30', 'l2_T2W30', 'asp_T2W30']",0.078304034456979,0.12889425397514723,98.0,0.10359914421606312,0.025295109759084118,0.12682655174486354,1.9844674545084815,7.38505846749669,7.516120956405984,98.0,7.450589711951337,0.0655312444546464,0.32856555456328024,1.9844674545084815,completed,True,COMPLETE
180,6.1341828542883485,2026-06-11 14:00:06.854999,2026-06-11 14:00:08.372455,0 days 00:00:01.517456,,,,,,2.0,sqrt,1.0,8.0,365.0,,,,,ExtraTreesRegressor,,,,,,9,,,,,,,,True,,,,,,,,,,,,,,,,,,,,,,,,,,,,,,,,,,,,,,,,,,,,,ExtraTreesRegressor,"{'mode': 'original', 'type': 'ExtraTreesRegressor'}",9,"['nodes_T2W30', 'pe_T2W30', 'l1_T2W30', 'l2_T2W30', 'l3_T2W30', 'lcc_T2W30', 'lsc_T2W30', 'diameter_T2W30', 'asp_T2W30']",,,,,,,,,,,,,,,pruned,True,PRUNED
181,6.315935756382472,2026-06-11 14:00:08.383501,2026-06-11 14:00:25.757205,0 days 00:00:17.373704,,,,,,2.0,sqrt,1.0,7.0,345.0,,,,,ExtraTreesRegressor,,,,,,2,,,,,,,,True,-0.005099917778346757,0.0019490476385763383,98.0,-0.0015754350698852092,0.0035244827084615475,0.017671320379942092,1.9844674545084815,6.266867506678672,6.365004006086272,98.0,6.315935756382472,0.049068249703800186,0.24602213508300771,1.9844674545084815,176168255649913.4,398004247954131.75,98.0,287086251802022.56,110917996152109.16,556129113982994.44,1.9844674545084815,15.84422191636957,16.446953263117045,98.0,16.145587589743307,0.30136567337373754,1.5110102123408962,1.9844674545084815,6.050890474833148,6.169033152754624,98.0,6.109961813793886,0.059071338960737976,0.29617638740041075,1.9844674545084815,99.0,0.21212121212121213,0.012935688357902903,0.024300214545111172,98.0,0.018617951451507037,0.005682263093604136,0.028490164349261434,1.9844674545084815,ExtraTreesRegressor,"{'mode': 'original', 'type': 'ExtraTreesRegressor'}",2,"['pe_T2W30', 'l2_T2W30']",0.07268659079234795,0.12263669257366443,98.0,0.09766164168300619,0.02497505089065824,0.12522181616457062,1.9844674545084815,7.360879224742516,7.49320020257523,98.0,7.427039713658873,0.06616048891635745,0.33172050846715506,1.9844674545084815,completed,True,COMPLETE
182,6.315935756382472,2026-06-11 14:00:25.770525,2026-06-11 14:00:43.188851,0 days 00:00:17.418326,,,,,,2.0,sqrt,1.0,7.0,345.0,,,,,ExtraTreesRegressor,,,,,,2,,,,,,,,True,-0.005099917778346757,0.0019490476385763383,98.0,-0.0015754350698852092,0.0035244827084615475,0.017671320379942092,1.9844674545084815,6.266867506678672,6.365004006086272,98.0,6.315935756382472,0.049068249703800186,0.24602213508300771,1.9844674545084815,176168255649913.4,398004247954131.75,98.0,287086251802022.56,110917996152109.16,556129113982994.44,1.9844674545084815,15.84422191636957,16.446953263117045,98.0,16.145587589743307,0.30136567337373754,1.5110102123408962,1.9844674545084815,6.050890474833148,6.169033152754624,98.0,6.109961813793886,0.059071338960737976,0.29617638740041075,1.9844674545084815,99.0,0.21212121212121213,0.012935688357902903,0.024300214545111172,98.0,0.018617951451507037,0.005682263093604136,0.028490164349261434,1.9844674545084815,ExtraTreesRegressor,"{'mode': 'original', 'type': 'ExtraTreesRegressor'}",2,"['pe_T2W30', 'l2_T2W30']",0.07268659079234795,0.12263669257366443,98.0,0.09766164168300619,0.02497505089065824,0.12522181616457062,1.9844674545084815,7.360879224742516,7.49320020257523,98.0,7.427039713658873,0.06616048891635745,0.33172050846715506,1.9844674545084815,completed,True,COMPLETE
183,6.315722394204102,2026-06-11 14:00:43.201687,2026-06-11 14:01:00.343992,0 days 00:00:17.142305,,,,,,2.0,sqrt,1.0,7.0,338.0,,,,,ExtraTreesRegressor,,,,,,2,,,,,,,,True,-0.005072367911772275,0.001989110366986895,98.0,-0.00154162877239269,0.003530739139379585,0.017702689350747987,1.9844674545084815,6.26663923433242,6.364805554075785,98.0,6.315722394204102,0.049083159871682304,0.24609689282062722,1.9844674545084815,176146182082750.4,397954344474329.75,98.0,287050263278540.06,110904081195789.66,556059346113058.75,1.9844674545084815,15.845327656529463,16.448249809366295,98.0,16.14678873294788,0.30146107641841563,1.5114885514071317,1.9844674545084815,6.052260598161265,6.1704220528282185,98.0,6.111341325494742,0.05908072733347709,0.29622345954013807,1.9844674545084815,99.0,0.21212121212121213,0.012899997646345647,0.024288164579367867,98.0,0.018594081112856757,0.00569408346651111,0.02854943023703216,1.9844674545084815,ExtraTreesRegressor,"{'mode': 'original', 'type': 'ExtraTreesRegressor'}",2,"['pe_T2W30', 'l2_T2W30']",0.07278185829834076,0.12265871687169559,98.0,0.09772028758501818,0.02493842928667742,0.12503819997169818,1.9844674545084815,7.360943450208352,7.4933153678415385,98.0,7.427129409024945,0.06618595881659345,0.3318482113967325,1.9844674545084815,completed,True,COMPLETE
184,6.12312135772512,2026-06-11 14:01:00.358549,2026-06-11 14:01:02.291300,0 days 00:00:01.932751,,,,,,3.0,sqrt,1.0,7.0,332.0,,,,,ExtraTreesRegressor,,,,,,2,,,,,,,,True,,,,,,,,,,,,,,,,,,,,,,,,,,,,,,,,,,,,,,,,,,,,,ExtraTreesRegressor,"{'mode': 'original', 'type': 'ExtraTreesRegressor'}",2,"['pe_T2W30', 'asp_T2W30']",,,,,,,,,,,,,,,pruned,True,PRUNED
185,6.316206855164897,2026-06-11 14:01:02.303604,2026-06-11 14:01:19.863147,0 days 00:00:17.559543,,,,,,2.0,sqrt,1.0,7.0,349.0,,,,,ExtraTreesRegressor,,,,,,2,,,,,,,,True,-0.005141904371440702,0.0019053280488225447,98.0,-0.0016182881613090786,0.0035236162101316233,0.01766697586448738,1.9844674545084815,6.267135082900049,6.3652786274297455,98.0,6.316206855164897,0.049071772264847824,0.24603979676841797,1.9844674545084815,176171446751756.56,398011211667753.3,98.0,287091329209754.94,110919882457998.39,556138571687418.2,1.9844674545084815,15.844613342649712,16.447147500161602,98.0,16.145880421405657,0.3012670787559451,1.5105158711218103,1.9844674545084815,6.05155514591327,6.169273113302247,98.0,6.110414129607759,0.0588589836944881,0.2951116643602721,1.9844674545084815,99.0,0.21212121212121213,0.012906290269821388,0.02426454218944122,98.0,0.018585416229631304,0.005679125959809915,0.028474435148428835,1.9844674545084815,ExtraTreesRegressor,"{'mode': 'original', 'type': 'ExtraTreesRegressor'}",2,"['pe_T2W30', 'l2_T2W30']",0.07272817371391854,0.1228104598391849,98.0,0.09776931677655172,0.02504114306263318,0.1255531941403432,1.9844674545084815,7.361005455344666,7.493322339557447,98.0,7.427163897451057,0.06615844210639013,0.33171024601513543,1.9844674545084815,completed,True,COMPLETE
186,6.123790953948097,2026-06-11 14:01:19.911292,2026-06-11 14:01:21.874107,0 days 00:00:01.962815,,,,,,3.0,sqrt,1.0,7.0,336.0,,,,,ExtraTreesRegressor,,,,,,2,,,,,,,,True,,,,,,,,,,,,,,,,,,,,,,,,,,,,,,,,,,,,,,,,,,,,,ExtraTreesRegressor,"{'mode': 'original', 'type': 'ExtraTreesRegressor'}",2,"['pe_T2W30', 'asp_T2W30']",,,,,,,,,,,,,,,pruned,True,PRUNED
187,6.315514203692331,2026-06-11 14:01:21.883800,2026-06-11 14:01:40.338093,0 days 00:00:18.454293,,,,,,2.0,sqrt,1.0,8.0,370.0,,,,,ExtraTreesRegressor,,,,,,2,,,,,,,,True,-0.005057479314145981,0.0020388838034883098,98.0,-0.0015092977553288357,0.0035481815588171454,0.017790143484468793,1.9844674545084815,6.26640560351372,6.364622803870942,98.0,6.315514203692331,0.049108600178610885,0.24622444737302143,1.9844674545084815,176103408989769.38,397858098033687.25,98.0,286980753511728.3,110877344521958.94,555925291737356.4,1.9844674545084815,15.846639172724979,16.448667023108616,98.0,16.1476530979168,0.3010139251918187,1.5092465904621941,1.9844674545084815,6.048774001703153,6.166715943964267,98.0,6.10774497283371,0.058970971130557014,0.29567315551372586,1.9844674545084815,99.0,0.21212121212121213,0.012808815358059687,0.024164138523503534,98.0,0.01848647694078161,0.005677661582721923,0.028467092942828898,1.9844674545084815,ExtraTreesRegressor,"{'mode': 'original', 'type': 'ExtraTreesRegressor'}",2,"['pe_T2W30', 'l2_T2W30']",0.07304218153017918,0.12295981900209589,98.0,0.09800100026613753,0.024958818735958357,0.12514043014855478,1.9844674545084815,7.361395177530027,7.493675694761385,98.0,7.427535436145706,0.06614025861567935,0.331619076241709,1.9844674545084815,completed,True,COMPLETE
188,6.359390233447037,2026-06-11 14:01:40.351644,2026-06-11 14:01:40.530316,0 days 00:00:00.178672,,,,,,,,,,,,,,0.00014540549905208173,QuantileRegressor,,,,,,3,,,,,,,,True,,,,,,,,,,,,,,,,,,,,,,,,,,,,,,,,,,,,,,,,,,,,,QuantileRegressor,"{'mode': 'original', 'type': 'QuantileRegressor'}",3,"['nodes_T2W30', 'diameter_T2W30', 'asp_T2W30']",,,,,,,,,,,,,,,pruned,True,PRUNED
189,6.224865138337621,2026-06-11 14:01:40.540090,2026-06-11 14:01:40.650603,0 days 00:00:00.110513,,,,,,,,,,,,,,,LinearRegression,,,,,,2,,,,,,,,True,,,,,,,,,,,,,,,,,,,,,,,,,,,,,,,,,,,,,,,,,,,,,LinearRegression,"{'mode': 'original', 'type': 'LinearRegression'}",2,"['diameter_T2W30', 'asp_T2W30']",,,,,,,,,,,,,,,pruned,True,PRUNED
