number,value,datetime_start,datetime_complete,duration,params_dt_max_depth,params_dt_min_samples_leaf,params_dt_min_samples_split,params_elastic_alpha,params_elastic_l1_ratio,params_et_max_depth,params_et_max_features,params_et_min_samples_leaf,params_et_min_samples_split,params_et_n_estimators,params_knn_metric,params_knn_n_neighbors,params_knn_weights,params_quantile_alpha,params_regressor,params_rf_max_depth,params_rf_max_features,params_rf_min_samples_leaf,params_rf_min_samples_split,params_rf_n_estimators,params_rfe_n_features,params_rfe_proxy_et_max_depth,params_rfe_proxy_et_min_samples_leaf,params_rfe_proxy_et_min_samples_split,params_rfe_proxy_et_n_estimators,params_rfe_proxy_lsvr_C,params_rfe_proxy_lsvr_epsilon,params_rfe_proxy_type,params_use_scaler,user_attrs_d2mae_ci_lower_val,user_attrs_d2mae_ci_upper_val,user_attrs_d2mae_df_val,user_attrs_d2mae_mean_val,user_attrs_d2mae_samperror_val,user_attrs_d2mae_std_val,user_attrs_d2mae_t_critical_val,user_attrs_mae_ci_lower_val,user_attrs_mae_ci_upper_val,user_attrs_mae_df_val,user_attrs_mae_mean_val,user_attrs_mae_samperror_val,user_attrs_mae_std_val,user_attrs_mae_t_critical_val,user_attrs_mape_ci_lower_val,user_attrs_mape_ci_upper_val,user_attrs_mape_df_val,user_attrs_mape_mean_val,user_attrs_mape_samperror_val,user_attrs_mape_std_val,user_attrs_mape_t_critical_val,user_attrs_max_error_ci_lower_val,user_attrs_max_error_ci_upper_val,user_attrs_max_error_df_val,user_attrs_max_error_mean_val,user_attrs_max_error_samperror_val,user_attrs_max_error_std_val,user_attrs_max_error_t_critical_val,user_attrs_median_ae_ci_lower_val,user_attrs_median_ae_ci_upper_val,user_attrs_median_ae_df_val,user_attrs_median_ae_mean_val,user_attrs_median_ae_samperror_val,user_attrs_median_ae_std_val,user_attrs_median_ae_t_critical_val,user_attrs_n_splits_val,user_attrs_r2_below_zero_val,user_attrs_r2_ci_lower_val,user_attrs_r2_ci_upper_val,user_attrs_r2_df_val,user_attrs_r2_mean_val,user_attrs_r2_samperror_val,user_attrs_r2_std_val,user_attrs_r2_t_critical_val,user_attrs_regressor_final,user_attrs_rfe_estimator,user_attrs_rfe_n_features,user_attrs_rfe_selected_features,user_attrs_rho_ci_lower_val,user_attrs_rho_ci_upper_val,user_attrs_rho_df_val,user_attrs_rho_mean_val,user_attrs_rho_samperror_val,user_attrs_rho_std_val,user_attrs_rho_t_critical_val,user_attrs_rmse_ci_lower_val,user_attrs_rmse_ci_upper_val,user_attrs_rmse_df_val,user_attrs_rmse_mean_val,user_attrs_rmse_samperror_val,user_attrs_rmse_std_val,user_attrs_rmse_t_critical_val,user_attrs_termination_reason,user_attrs_use_scaler_final,state
206,6.315373381703998,2026-06-11 14:05:16.871957,2026-06-11 14:05:30.746190,0 days 00:00:13.874233,,,,,,2.0,sqrt,1.0,9.0,267.0,,,,,ExtraTreesRegressor,,,,,,2,,,,,,,,True,-0.0050360084080062805,0.00206772106473532,98.0,-0.0014841436716354801,0.0035518647363708003,0.017808610481174603,1.9844674545084815,6.266162728705135,6.364584034702862,98.0,6.315373381703998,0.0492106529988631,0.24673612759151814,1.9844674545084815,176277075017291.22,398250816178694.25,98.0,287263945597992.75,110986870580701.53,556474441849327.7,1.9844674545084815,15.843038694808179,16.44576313187173,98.0,16.144400913339954,0.30136221853177514,1.5109928901906036,1.9844674545084815,6.0499091925142805,6.169362899441388,98.0,6.109636045977834,0.0597268534635539,0.29946305604121537,1.9844674545084815,99.0,0.21212121212121213,0.012974770613255757,0.024361070867128597,98.0,0.018667920740192176,0.005693150126936419,0.02854475058784334,1.9844674545084815,ExtraTreesRegressor,"{'mode': 'original', 'type': 'ExtraTreesRegressor'}",2,"['pe_T2W30', 'l2_T2W30']",0.07748625091558808,0.12748084246517985,98.0,0.10248354669038397,0.02499729577479589,0.12533334926231213,1.9844674545084815,7.360684431045792,7.493005501218205,98.0,7.426844966131998,0.06616053508620652,0.33172073995706786,1.9844674545084815,completed,True,COMPLETE
207,6.333079760567121,2026-06-11 14:05:30.758941,2026-06-11 14:05:44.227555,0 days 00:00:13.468614,,,,,,3.0,sqrt,1.0,9.0,259.0,,,,,ExtraTreesRegressor,,,,,,2,,,,,,,,True,-0.008547749289213858,-2.8105097289887575e-05,98.0,-0.004287927193251872,0.004259822095961985,0.021358221119535375,1.9844674545084815,6.281503762764553,6.384655758369689,98.0,6.333079760567121,0.0515759978025681,0.25859567388321997,1.9844674545084815,174850282432473.25,395048292671495.9,98.0,284949287551984.56,110099005119511.33,552022794241209.4,1.9844674545084815,15.958352449645956,16.613802823030266,98.0,16.28607763633811,0.32772518669215506,1.6431735518831219,1.9844674545084815,6.034429001865549,6.177082034639167,98.0,6.105755518252358,0.07132651638680891,0.35762233125174697,1.9844674545084815,99.0,0.3333333333333333,0.005174680707315786,0.02078728530774375,98.0,0.012980983007529768,0.007806302300213982,0.039139834222643964,1.9844674545084815,ExtraTreesRegressor,"{'mode': 'original', 'type': 'ExtraTreesRegressor'}",2,"['pe_T2W30', 'l2_T2W30']",0.04642211333088157,0.09647999004756357,98.0,0.07145105168922257,0.025028938358340993,0.12549200126254245,1.9844674545084815,7.378307215288639,7.517058939444415,98.0,7.447683077366527,0.0693758620778879,0.3478419918105289,1.9844674545084815,completed,True,COMPLETE
208,6.31538452252417,2026-06-11 14:05:44.240890,2026-06-11 14:05:57.876524,0 days 00:00:13.635634,,,,,,2.0,sqrt,1.0,9.0,265.0,,,,,ExtraTreesRegressor,,,,,,2,,,,,,,,True,-0.005034121824157779,0.0020631143625585635,98.0,-0.001485503730799608,0.0035486180933581714,0.017792332214665387,1.9844674545084815,6.266169191993041,6.3645998530552985,98.0,6.31538452252417,0.049215330531129274,0.2467595801597673,1.9844674545084815,176254341482432.62,398199508824192.6,98.0,287226925153312.6,110972583670880.02,556402809050537.4,1.9844674545084815,15.843854066332757,16.4457826276042,98.0,16.144818346968478,0.3009642806357221,1.5089976787981372,1.9844674545084815,6.05034265929378,6.169748469449416,98.0,6.110045564371598,0.059702905077818086,0.2993429817971557,1.9844674545084815,99.0,0.21212121212121213,0.012963828751171998,0.024318453979028765,98.0,0.01864114136510038,0.005677312613928382,0.028465343256459757,1.9844674545084815,ExtraTreesRegressor,"{'mode': 'original', 'type': 'ExtraTreesRegressor'}",2,"['pe_T2W30', 'l2_T2W30']",0.07666994696910207,0.126806657594338,98.0,0.10173830228172004,0.025068355312617967,0.12568963299606115,1.9844674545084815,7.360794145104702,7.493115381234059,98.0,7.42695476316938,0.06616061806467861,0.3317211560008639,1.9844674545084815,completed,True,COMPLETE
209,6.093349209645865,2026-06-11 14:05:57.890110,2026-06-11 14:05:59.333128,0 days 00:00:01.443018,,,,,,2.0,sqrt,1.0,9.0,264.0,,,,,ExtraTreesRegressor,,,,,,3,,,,,,,,True,,,,,,,,,,,,,,,,,,,,,,,,,,,,,,,,,,,,,,,,,,,,,ExtraTreesRegressor,"{'mode': 'original', 'type': 'ExtraTreesRegressor'}",3,"['pe_T2W30', 'l2_T2W30', 'asp_T2W30']",,,,,,,,,,,,,,,pruned,True,PRUNED
210,6.666327834313826,2026-06-11 14:05:59.343267,2026-06-11 14:05:59.667667,0 days 00:00:00.324400,,,,,,,,,,,manhattan,5.0,distance,,KNeighborsRegressor,,,,,,2,7.0,3.0,7.0,50.0,,,ExtraTrees,,,,,,,,,,,,,,,,,,,,,,,,,,,,,,,,,,,,,,,,,,,,,,KNeighborsRegressor,"{'mode': 'proxy', 'type': 'ExtraTrees'}",2,"['diameter_T2W30', 'asp_T2W30']",,,,,,,,,,,,,,,pruned,True,PRUNED
211,6.3156705817863905,2026-06-11 14:05:59.677479,2026-06-11 14:06:15.338451,0 days 00:00:15.660972,,,,,,2.0,sqrt,1.0,8.0,310.0,,,,,ExtraTreesRegressor,,,,,,2,,,,,,,,True,-0.00506560206121827,0.0020023233682717363,98.0,-0.001531639346473267,0.003533962714745003,0.017718851958927178,1.9844674545084815,6.266520748776969,6.364820414795812,98.0,6.3156705817863905,0.04914983300942139,0.24643118368688532,1.9844674545084815,176171659409272.9,398012699496669.75,98.0,287092179452971.3,110920520043698.4,556141768463259.25,1.9844674545084815,15.848967291404172,16.449963045262514,98.0,16.149465168333343,0.3004978769291703,1.5066591882999194,1.9844674545084815,6.049237453960689,6.168351493787728,98.0,6.108794473874209,0.059557019913519346,0.2986115316269465,1.9844674545084815,99.0,0.21212121212121213,0.012734358913278987,0.024050492103466513,98.0,0.01839242550837275,0.005658066595093764,0.028368846098437553,1.9844674545084815,ExtraTreesRegressor,"{'mode': 'original', 'type': 'ExtraTreesRegressor'}",2,"['pe_T2W30', 'l2_T2W30']",0.07469114138573736,0.12517396192403363,98.0,0.0999325516548855,0.02524141026914814,0.1265573091440643,1.9844674545084815,7.361731036821809,7.494087682289105,98.0,7.427909359555457,0.06617832273364772,0.3318099250212999,1.9844674545084815,completed,True,COMPLETE
212,6.315078237210011,2026-06-11 14:06:15.365937,2026-06-11 14:06:31.286097,0 days 00:00:15.920160,,,,,,2.0,sqrt,1.0,8.0,313.0,,,,,ExtraTreesRegressor,,,,,,2,,,,,,,,True,-0.004977742638511073,0.0021022615371269673,98.0,-0.001437740550692053,0.0035400020878190203,0.017749132628549626,1.9844674545084815,6.265916409331582,6.364240065088441,98.0,6.315078237210011,0.04916182787842985,0.2464913244765266,1.9844674545084815,176160564242855.25,397987092977741.0,98.0,287073828610298.1,110913264367442.89,556105389399921.4,1.9844674545084815,15.848684756814052,16.450488146236275,98.0,16.149586451525163,0.3009016947111119,1.5086838807129868,1.9844674545084815,6.049165286558632,6.16846880151241,98.0,6.108817044035521,0.05965175747688889,0.2990865340522099,1.9844674545084815,99.0,0.21212121212121213,0.01284735283434169,0.02419352594509401,98.0,0.01852043938971785,0.005673086555376161,0.028444154321572542,1.9844674545084815,ExtraTreesRegressor,"{'mode': 'original', 'type': 'ExtraTreesRegressor'}",2,"['pe_T2W30', 'l2_T2W30']",0.07448744840575809,0.12492804906688341,98.0,0.09970774873632075,0.02522030033056266,0.12645146652294736,1.9844674545084815,7.361222266008774,7.493621913481546,98.0,7.42742208974516,0.06619982373638571,0.33191772838970934,1.9844674545084815,completed,True,COMPLETE
213,6.3153196693841736,2026-06-11 14:06:31.300850,2026-06-11 14:06:47.064680,0 days 00:00:15.763830,,,,,,2.0,sqrt,1.0,8.0,312.0,,,,,ExtraTreesRegressor,,,,,,2,,,,,,,,True,-0.005016200397741387,0.002063811887933485,98.0,-0.0014761942549039507,0.003540006142837436,0.017749152959910423,1.9844674545084815,6.266161412314121,6.364477926454226,98.0,6.3153196693841736,0.04915825707005293,0.24647342088497476,1.9844674545084815,176162069044298.3,397990843641838.7,98.0,287076456343068.5,110914387298770.2,556111019638708.5,1.9844674545084815,15.848594665526898,16.450289162533977,98.0,16.149441914030437,0.3008472485035392,1.5084108941623136,1.9844674545084815,6.049197899787575,6.168319056972773,98.0,6.108758478380174,0.05956057859259857,0.2986293744036999,1.9844674545084815,99.0,0.21212121212121213,0.012826407738663583,0.02416667686487534,98.0,0.01849654230176946,0.005670134563105879,0.028429353397442028,1.9844674545084815,ExtraTreesRegressor,"{'mode': 'original', 'type': 'ExtraTreesRegressor'}",2,"['pe_T2W30', 'l2_T2W30']",0.07461916223527978,0.12509537449176397,98.0,0.09985726836352188,0.025238106128242094,0.12654074259022902,1.9844674545084815,7.361322490205715,7.493700437973909,98.0,7.427511464089812,0.0661889738840977,0.33186332857228473,1.9844674545084815,completed,True,COMPLETE
214,7.401914893617023,2026-06-11 14:06:47.077368,2026-06-11 14:06:47.276397,0 days 00:00:00.199029,16.0,2.0,6.0,,,,,,,,,,,,DecisionTreeRegressor,,,,,,2,,,,,,,,True,,,,,,,,,,,,,,,,,,,,,,,,,,,,,,,,,,,,,,,,,,,,,DecisionTreeRegressor,"{'mode': 'original', 'type': 'DecisionTreeRegressor'}",2,"['pe_T2W30', 'asp_T2W30']",,,,,,,,,,,,,,,pruned,True,PRUNED
215,6.3153196693841736,2026-06-11 14:06:47.287021,2026-06-11 14:07:03.109032,0 days 00:00:15.822011,,,,,,2.0,sqrt,1.0,8.0,312.0,,,,,ExtraTreesRegressor,,,,,,2,,,,,,,,True,-0.005016200397741387,0.002063811887933485,98.0,-0.0014761942549039507,0.003540006142837436,0.017749152959910423,1.9844674545084815,6.266161412314121,6.364477926454226,98.0,6.3153196693841736,0.04915825707005293,0.24647342088497476,1.9844674545084815,176162069044298.3,397990843641838.7,98.0,287076456343068.5,110914387298770.2,556111019638708.5,1.9844674545084815,15.848594665526898,16.450289162533977,98.0,16.149441914030437,0.3008472485035392,1.5084108941623136,1.9844674545084815,6.049197899787575,6.168319056972773,98.0,6.108758478380174,0.05956057859259857,0.2986293744036999,1.9844674545084815,99.0,0.21212121212121213,0.012826407738663583,0.02416667686487534,98.0,0.01849654230176946,0.005670134563105879,0.028429353397442028,1.9844674545084815,ExtraTreesRegressor,"{'mode': 'original', 'type': 'ExtraTreesRegressor'}",2,"['pe_T2W30', 'l2_T2W30']",0.07461916223527978,0.12509537449176397,98.0,0.09985726836352188,0.025238106128242094,0.12654074259022902,1.9844674545084815,7.361322490205715,7.493700437973909,98.0,7.427511464089812,0.0661889738840977,0.33186332857228473,1.9844674545084815,completed,True,COMPLETE
216,6.120368098732579,2026-06-11 14:07:03.121891,2026-06-11 14:07:04.932869,0 days 00:00:01.810978,,,,,,3.0,sqrt,1.0,8.0,309.0,,,,,ExtraTreesRegressor,,,,,,2,,,,,,,,True,,,,,,,,,,,,,,,,,,,,,,,,,,,,,,,,,,,,,,,,,,,,,ExtraTreesRegressor,"{'mode': 'original', 'type': 'ExtraTreesRegressor'}",2,"['pe_T2W30', 'asp_T2W30']",,,,,,,,,,,,,,,pruned,True,PRUNED
217,6.315132236174729,2026-06-11 14:07:04.943802,2026-06-11 14:07:19.873159,0 days 00:00:14.929357,,,,,,2.0,sqrt,1.0,8.0,292.0,,,,,ExtraTreesRegressor,,,,,,2,,,,,,,,True,-0.0049915194569724874,0.002098586084805845,98.0,-0.0014464666860833212,0.0035450527708891662,0.01777445612877728,1.9844674545084815,6.265961952070307,6.364302520279151,98.0,6.315132236174729,0.049170284104422084,0.24653372294775625,1.9844674545084815,176150926430277.12,397965795793937.1,98.0,287058361112107.1,110907434681830.02,556076160077294.25,1.9844674545084815,15.845133182459708,16.446907947096623,98.0,16.146020564778166,0.30088738231845796,1.5086121201464262,1.9844674545084815,6.049960850409244,6.168943016054612,98.0,6.109451933231928,0.05949108282268447,0.29828093120882926,1.9844674545084815,99.0,0.21212121212121213,0.01294499080221637,0.024304752539753036,98.0,0.018624871670984703,0.005679880868768334,0.028478220168576582,1.9844674545084815,ExtraTreesRegressor,"{'mode': 'original', 'type': 'ExtraTreesRegressor'}",2,"['pe_T2W30', 'l2_T2W30']",0.07541546580256574,0.12558333193144888,98.0,0.1004993988670073,0.025083933064441566,0.12576773791699414,1.9844674545084815,7.360852826199353,7.4931791499784195,98.0,7.427015988088886,0.06616316188953299,0.3317339104240546,1.9844674545084815,completed,True,COMPLETE
218,6.33241695798808,2026-06-11 14:07:19.886600,2026-06-11 14:07:35.074627,0 days 00:00:15.188027,,,,,,3.0,sqrt,1.0,8.0,296.0,,,,,ExtraTreesRegressor,,,,,,2,,,,,,,,True,-0.008435888217744563,7.100899234488249e-05,98.0,-0.00418243961269984,0.004253448605044723,0.021326265224371754,1.9844674545084815,6.280858533435438,6.383975382540722,98.0,6.33241695798808,0.051558424552642264,0.25850756378161255,1.9844674545084815,174713360272393.12,394739452793463.0,98.0,284726406532928.06,110013046260534.92,551591807153992.44,1.9844674545084815,15.965539065572914,16.61869401701493,98.0,16.29211654129392,0.3265774757210086,1.6374190710266796,1.9844674545084815,6.02982038595946,6.172529643095753,98.0,6.101175014527606,0.07135462856814676,0.3577632822519625,1.9844674545084815,99.0,0.35353535353535354,0.005106889986109042,0.020702685732787038,98.0,0.01290478785944804,0.007797897873338997,0.03909769546578155,1.9844674545084815,ExtraTreesRegressor,"{'mode': 'original', 'type': 'ExtraTreesRegressor'}",2,"['pe_T2W30', 'l2_T2W30']",0.050328419780080805,0.10045992648779294,98.0,0.07539417313393687,0.025065753353856062,0.12567658709664828,1.9844674545084815,7.37854981956069,7.517438517408126,98.0,7.447994168484408,0.06944434892371833,0.3481853763848312,1.9844674545084815,completed,True,COMPLETE
219,6.315132236174729,2026-06-11 14:07:35.087443,2026-06-11 14:07:49.923323,0 days 00:00:14.835880,,,,,,2.0,sqrt,1.0,8.0,292.0,,,,,ExtraTreesRegressor,,,,,,2,,,,,,,,True,-0.0049915194569724874,0.002098586084805845,98.0,-0.0014464666860833212,0.0035450527708891662,0.01777445612877728,1.9844674545084815,6.265961952070307,6.364302520279151,98.0,6.315132236174729,0.049170284104422084,0.24653372294775625,1.9844674545084815,176150926430277.12,397965795793937.1,98.0,287058361112107.1,110907434681830.02,556076160077294.25,1.9844674545084815,15.845133182459708,16.446907947096623,98.0,16.146020564778166,0.30088738231845796,1.5086121201464262,1.9844674545084815,6.049960850409244,6.168943016054612,98.0,6.109451933231928,0.05949108282268447,0.29828093120882926,1.9844674545084815,99.0,0.21212121212121213,0.01294499080221637,0.024304752539753036,98.0,0.018624871670984703,0.005679880868768334,0.028478220168576582,1.9844674545084815,ExtraTreesRegressor,"{'mode': 'original', 'type': 'ExtraTreesRegressor'}",2,"['pe_T2W30', 'l2_T2W30']",0.07541546580256574,0.12558333193144888,98.0,0.1004993988670073,0.025083933064441566,0.12576773791699414,1.9844674545084815,7.360852826199353,7.4931791499784195,98.0,7.427015988088886,0.06616316188953299,0.3317339104240546,1.9844674545084815,completed,True,COMPLETE
220,6.313621183110041,2026-06-11 14:07:49.936501,2026-06-11 14:08:05.012338,0 days 00:00:15.075837,,,,,,2.0,sqrt,1.0,10.0,295.0,,,,,ExtraTreesRegressor,,,,,,2,,,,,,,,True,-0.004786263532560942,0.002371893518118968,98.0,-0.001207185007220987,0.003579078525339955,0.01794505705316984,1.9844674545084815,6.264373192728275,6.3628691734918075,98.0,6.313621183110041,0.04924799038176639,0.24692333261137783,1.9844674545084815,176113375952316.8,397880750682124.94,98.0,286997063317220.9,110883687364904.08,555957093967378.4,1.9844674545084815,15.84318192114172,16.44668181124736,98.0,16.14493186619454,0.3017499450528196,1.5129369030117554,1.9844674545084815,6.048730530782136,6.168256337974468,98.0,6.108493434378302,0.05976290359616627,0.29964380694732795,1.9844674545084815,99.0,0.21212121212121213,0.013031903156172,0.0244365779432909,98.0,0.01873424054973145,0.0057023373935594516,0.028590814406378125,1.9844674545084815,ExtraTreesRegressor,"{'mode': 'original', 'type': 'ExtraTreesRegressor'}",2,"['pe_T2W30', 'l2_T2W30']",0.07536597557152107,0.12561410195478911,98.0,0.10049003876315508,0.02512406319163402,0.12596894541130332,1.9844674545084815,7.360400032229309,7.492795246481911,98.0,7.42659763935561,0.0661976071263015,0.3319066145809052,1.9844674545084815,completed,True,COMPLETE
221,6.313621183110041,2026-06-11 14:08:05.031136,2026-06-11 14:08:20.061039,0 days 00:00:15.029903,,,,,,2.0,sqrt,1.0,10.0,295.0,,,,,ExtraTreesRegressor,,,,,,2,,,,,,,,True,-0.004786263532560942,0.002371893518118968,98.0,-0.001207185007220987,0.003579078525339955,0.01794505705316984,1.9844674545084815,6.264373192728275,6.3628691734918075,98.0,6.313621183110041,0.04924799038176639,0.24692333261137783,1.9844674545084815,176113375952316.8,397880750682124.94,98.0,286997063317220.9,110883687364904.08,555957093967378.4,1.9844674545084815,15.84318192114172,16.44668181124736,98.0,16.14493186619454,0.3017499450528196,1.5129369030117554,1.9844674545084815,6.048730530782136,6.168256337974468,98.0,6.108493434378302,0.05976290359616627,0.29964380694732795,1.9844674545084815,99.0,0.21212121212121213,0.013031903156172,0.0244365779432909,98.0,0.01873424054973145,0.0057023373935594516,0.028590814406378125,1.9844674545084815,ExtraTreesRegressor,"{'mode': 'original', 'type': 'ExtraTreesRegressor'}",2,"['pe_T2W30', 'l2_T2W30']",0.07536597557152107,0.12561410195478911,98.0,0.10049003876315508,0.02512406319163402,0.12596894541130332,1.9844674545084815,7.360400032229309,7.492795246481911,98.0,7.42659763935561,0.0661976071263015,0.3319066145809052,1.9844674545084815,completed,True,COMPLETE
222,6.3143731613562615,2026-06-11 14:08:20.074301,2026-06-11 14:08:34.189653,0 days 00:00:14.115352,,,,,,2.0,sqrt,1.0,10.0,274.0,,,,,ExtraTreesRegressor,,,,,,2,,,,,,,,True,-0.004896698502201454,0.002244281477641617,98.0,-0.001326208512279918,0.0035704899899215354,0.01790199519884183,1.9844674545084815,6.26513880365256,6.363607519059963,98.0,6.3143731613562615,0.049234357703701805,0.24685498004969908,1.9844674545084815,176190990746666.72,398055991601353.9,98.0,287123491174010.3,110932500427343.6,556201836625080.7,1.9844674545084815,15.841589383997777,16.445632923517326,98.0,16.14361115375755,0.3020217697597744,1.514299798472201,1.9844674545084815,6.049007921088913,6.168178619131046,98.0,6.10859327010998,0.059585349021066936,0.29875357026834753,1.9844674545084815,99.0,0.21212121212121213,0.013035902474090682,0.02446296207185981,98.0,0.018749432272975246,0.0057135297988845654,0.028646931742362616,1.9844674545084815,ExtraTreesRegressor,"{'mode': 'original', 'type': 'ExtraTreesRegressor'}",2,"['pe_T2W30', 'l2_T2W30']",0.07807820231965594,0.12813546323761454,98.0,0.10310683277863524,0.025028630458979295,0.12549045749322496,1.9844674545084815,7.360338352387667,7.492728832316344,98.0,7.426533592352006,0.066195239964339,0.33189474592360396,1.9844674545084815,completed,True,COMPLETE
