number,value,datetime_start,datetime_complete,duration,params_dt_max_depth,params_dt_min_samples_leaf,params_dt_min_samples_split,params_elastic_alpha,params_elastic_l1_ratio,params_et_max_depth,params_et_max_features,params_et_min_samples_leaf,params_et_min_samples_split,params_et_n_estimators,params_knn_metric,params_knn_n_neighbors,params_knn_weights,params_quantile_alpha,params_regressor,params_rf_max_depth,params_rf_max_features,params_rf_min_samples_leaf,params_rf_min_samples_split,params_rf_n_estimators,params_rfe_n_features,params_rfe_proxy_et_max_depth,params_rfe_proxy_et_min_samples_leaf,params_rfe_proxy_et_min_samples_split,params_rfe_proxy_et_n_estimators,params_rfe_proxy_lsvr_C,params_rfe_proxy_lsvr_epsilon,params_rfe_proxy_type,params_use_scaler,user_attrs_d2mae_ci_lower_val,user_attrs_d2mae_ci_upper_val,user_attrs_d2mae_df_val,user_attrs_d2mae_mean_val,user_attrs_d2mae_samperror_val,user_attrs_d2mae_std_val,user_attrs_d2mae_t_critical_val,user_attrs_mae_ci_lower_val,user_attrs_mae_ci_upper_val,user_attrs_mae_df_val,user_attrs_mae_mean_val,user_attrs_mae_samperror_val,user_attrs_mae_std_val,user_attrs_mae_t_critical_val,user_attrs_mape_ci_lower_val,user_attrs_mape_ci_upper_val,user_attrs_mape_df_val,user_attrs_mape_mean_val,user_attrs_mape_samperror_val,user_attrs_mape_std_val,user_attrs_mape_t_critical_val,user_attrs_max_error_ci_lower_val,user_attrs_max_error_ci_upper_val,user_attrs_max_error_df_val,user_attrs_max_error_mean_val,user_attrs_max_error_samperror_val,user_attrs_max_error_std_val,user_attrs_max_error_t_critical_val,user_attrs_median_ae_ci_lower_val,user_attrs_median_ae_ci_upper_val,user_attrs_median_ae_df_val,user_attrs_median_ae_mean_val,user_attrs_median_ae_samperror_val,user_attrs_median_ae_std_val,user_attrs_median_ae_t_critical_val,user_attrs_n_splits_val,user_attrs_r2_below_zero_val,user_attrs_r2_ci_lower_val,user_attrs_r2_ci_upper_val,user_attrs_r2_df_val,user_attrs_r2_mean_val,user_attrs_r2_samperror_val,user_attrs_r2_std_val,user_attrs_r2_t_critical_val,user_attrs_regressor_final,user_attrs_rfe_estimator,user_attrs_rfe_n_features,user_attrs_rfe_selected_features,user_attrs_rho_ci_lower_val,user_attrs_rho_ci_upper_val,user_attrs_rho_df_val,user_attrs_rho_mean_val,user_attrs_rho_samperror_val,user_attrs_rho_std_val,user_attrs_rho_t_critical_val,user_attrs_rmse_ci_lower_val,user_attrs_rmse_ci_upper_val,user_attrs_rmse_df_val,user_attrs_rmse_mean_val,user_attrs_rmse_samperror_val,user_attrs_rmse_std_val,user_attrs_rmse_t_critical_val,user_attrs_termination_reason,user_attrs_use_scaler_final,state
136,6.317576166082809,2026-06-11 13:48:39.400240,2026-06-11 13:49:02.244908,0 days 00:00:22.844668,,,,,,2.0,log2,1.0,4.0,441.0,,,,,ExtraTreesRegressor,,,,,,2,,,,,,,,True,-0.005332518217044069,0.0016640205378441618,98.0,-0.0018342488395999537,0.0034982693774441155,0.01753988998037667,1.9844674545084815,6.268530261736617,6.366622070429,98.0,6.317576166082809,0.049045904346191285,0.24591009822370824,1.9844674545084815,176137607587217.44,397936271902777.8,98.0,287036939744997.6,110899332157780.17,556035535023856.7,1.9844674545084815,15.842070262438176,16.445261301335016,98.0,16.143665781886597,0.30159551944842017,1.5121626321311927,1.9844674545084815,6.0505200766029335,6.168132184207896,98.0,6.109326130405415,0.058806053802481634,0.29484628042830485,1.9844674545084815,99.0,0.2222222222222222,0.012955975184802635,0.024326933834855208,98.0,0.01864145450982892,0.005685479325026286,0.028506290135817403,1.9844674545084815,ExtraTreesRegressor,"{'mode': 'original', 'type': 'ExtraTreesRegressor'}",2,"['pe_T2W30', 'l2_T2W30']",0.0741505904024744,0.1238115679967306,98.0,0.0989810791996025,0.02483048879712809,0.12449699970755315,1.9844674545084815,7.360822511658228,7.493054662130475,98.0,7.426938586894352,0.06611607523612346,0.3314978237677004,1.9844674545084815,completed,True,COMPLETE
137,6.2505788810299965,2026-06-11 13:49:02.257792,2026-06-11 13:49:02.383280,0 days 00:00:00.125488,,,,0.00010763318440628593,0.6668680943212619,,,,,,,,,,ElasticNet,,,,,,3,,,,,,,,True,,,,,,,,,,,,,,,,,,,,,,,,,,,,,,,,,,,,,,,,,,,,,ElasticNet,"{'mode': 'original', 'type': 'ElasticNet'}",3,"['lcc_T2W30', 'diameter_T2W30', 'asp_T2W30']",,,,,,,,,,,,,,,pruned,True,PRUNED
138,6.132330849587252,2026-06-11 13:49:02.393138,2026-06-11 13:49:05.045101,0 days 00:00:02.651963,,,,,,3.0,log2,1.0,4.0,439.0,,,,,ExtraTreesRegressor,,,,,,2,,,,,,,,True,,,,,,,,,,,,,,,,,,,,,,,,,,,,,,,,,,,,,,,,,,,,,ExtraTreesRegressor,"{'mode': 'original', 'type': 'ExtraTreesRegressor'}",2,"['pe_T2W30', 'asp_T2W30']",,,,,,,,,,,,,,,pruned,True,PRUNED
139,6.317875762510136,2026-06-11 13:49:05.055002,2026-06-11 13:49:26.200352,0 days 00:00:21.145350,,,,,,2.0,log2,1.0,4.0,409.0,,,,,ExtraTreesRegressor,,,,,,2,,,,,,,,True,-0.005378640071617196,0.001613012970342808,98.0,-0.0018828135506371942,0.0034958265209800022,0.017527641800206595,1.9844674545084815,6.268869233835106,6.366882291185165,98.0,6.317875762510136,0.04900652867502979,0.24571267347862452,1.9844674545084815,176164845557207.03,397997272531003.0,98.0,287081059044105.0,110916213486897.97,556120175920111.8,1.9844674545084815,15.842090999214385,16.44604577524487,98.0,16.144068387229627,0.30197738801524265,1.5140772738944075,1.9844674545084815,6.052962323438704,6.170597622050691,98.0,6.1117799727446975,0.05881764930599343,0.2949044188487408,1.9844674545084815,99.0,0.2222222222222222,0.012842816451005691,0.024206433315800406,98.0,0.01852462488340305,0.005681808432397358,0.028487884734204733,1.9844674545084815,ExtraTreesRegressor,"{'mode': 'original', 'type': 'ExtraTreesRegressor'}",2,"['pe_T2W30', 'l2_T2W30']",0.0738521087435137,0.12345612388494778,98.0,0.09865411631423074,0.024802007570717047,0.12435419836098535,1.9844674545084815,7.361281334684909,7.493475039742174,98.0,7.427378187213542,0.0660968525286329,0.33140144348987394,1.9844674545084815,completed,True,COMPLETE
140,6.337034716986882,2026-06-11 13:49:26.213095,2026-06-11 13:49:47.712969,0 days 00:00:21.499874,,,,,,3.0,log2,1.0,5.0,409.0,,,,,ExtraTreesRegressor,,,,,,2,,,,,,,,True,-0.00912754984135678,-0.0007053559111726993,98.0,-0.0049164528762647396,0.00421109696509204,0.021113919339847187,1.9844674545084815,6.285635737515832,6.388433696457933,98.0,6.337034716986882,0.051398979471050515,0.25770812586323394,1.9844674545084815,174982682764288.62,395347641211245.1,98.0,285165161987766.9,110182479223478.23,552441323074131.9,1.9844674545084815,15.971083544061246,16.62100367054939,98.0,16.296043607305318,0.324960063244072,1.6293095649145222,1.9844674545084815,6.028095530458726,6.169947144152877,98.0,6.0990213373058015,0.07092580684707565,0.3556132231806745,1.9844674545084815,99.0,0.3333333333333333,0.0047785570481912645,0.020416992808022692,98.0,0.01259777492810698,0.007819217879915715,0.03920459134182462,1.9844674545084815,ExtraTreesRegressor,"{'mode': 'original', 'type': 'ExtraTreesRegressor'}",2,"['pe_T2W30', 'l2_T2W30']",0.04939427507242056,0.10039480628440539,98.0,0.07489454067841297,0.025500265605992414,0.1278551777868728,1.9844674545084815,7.379708669655857,7.518547590802516,98.0,7.4491281302291865,0.06941946057332975,0.3480605892742607,1.9844674545084815,completed,True,COMPLETE
141,6.317345682049539,2026-06-11 13:49:47.726264,2026-06-11 13:50:07.860340,0 days 00:00:20.134076,,,,,,2.0,log2,1.0,5.0,386.0,,,,,ExtraTreesRegressor,,,,,,2,,,,,,,,True,-0.00530785416255845,0.001707618668558015,98.0,-0.0018001177470002177,0.003507736415558233,0.017587356538564643,1.9844674545084815,6.268352333169504,6.366339030929574,98.0,6.317345682049539,0.048993348880035724,0.24564659161664718,1.9844674545084815,176121783066734.12,397899802714207.9,98.0,287010792890471.0,110889009823736.86,555983780117665.75,1.9844674545084815,15.844641549978261,16.447595175435225,98.0,16.146118362706744,0.3014768127284826,1.5115674513194859,1.9844674545084815,6.053448886643756,6.1711116478598305,98.0,6.112280267251793,0.0588313806080371,0.29497326589885253,1.9844674545084815,99.0,0.21212121212121213,0.012776600296570469,0.02411616268667109,98.0,0.01844638149162078,0.005669781195050312,0.028427581653717202,1.9844674545084815,ExtraTreesRegressor,"{'mode': 'original', 'type': 'ExtraTreesRegressor'}",2,"['pe_T2W30', 'l2_T2W30']",0.07269756603531075,0.12230276701824347,98.0,0.09750016652677711,0.024802600491466358,0.1243571711922879,1.9844674545084815,7.361606895823703,7.493739820812197,98.0,7.42767335831795,0.06606646249424698,0.3312490716162082,1.9844674545084815,completed,True,COMPLETE
142,6.3167880758457216,2026-06-11 13:50:07.879899,2026-06-11 13:50:31.010592,0 days 00:00:23.130693,,,,,,2.0,log2,1.0,5.0,445.0,,,,,ExtraTreesRegressor,,,,,,2,,,,,,,,True,-0.005220004688542718,0.0018006903911948373,98.0,-0.0017096571486739404,0.0035103475398687778,0.017600448392904776,1.9844674545084815,6.26772630622764,6.365849845463803,98.0,6.3167880758457216,0.049061769618081445,0.24598964473469348,1.9844674545084815,176141625691119.25,397945448865478.0,98.0,287043537278298.6,110901911587179.38,556048467963831.5,1.9844674545084815,15.843536823556853,16.44645669648157,98.0,16.14499676001921,0.3014599364623578,1.5114828358084513,1.9844674545084815,6.050431348546269,6.168245829465491,98.0,6.10933858900588,0.05890724045961074,0.29535361781203234,1.9844674545084815,99.0,0.21212121212121213,0.01296254952649993,0.024338305556763785,98.0,0.018650427541631858,0.005687878015131928,0.028518316871328754,1.9844674545084815,ExtraTreesRegressor,"{'mode': 'original', 'type': 'ExtraTreesRegressor'}",2,"['pe_T2W30', 'l2_T2W30']",0.07479987199581241,0.12441934997410316,98.0,0.09960961098495778,0.02480973898914537,0.12439296273673624,1.9844674545084815,7.360779219147377,7.4930322052761476,98.0,7.426905712211762,0.06612649306438585,0.3315500574700947,1.9844674545084815,completed,True,COMPLETE
143,6.316783892547696,2026-06-11 13:50:31.028394,2026-06-11 13:50:53.974473,0 days 00:00:22.946079,,,,,,2.0,log2,1.0,5.0,443.0,,,,,ExtraTreesRegressor,,,,,,2,,,,,,,,True,-0.005220562282303654,0.001802190822034044,98.0,-0.0017091857301348048,0.003511376552168849,0.017605607733305512,1.9844674545084815,6.267725664719605,6.365842120375787,98.0,6.316783892547696,0.0490582278280914,0.2459718866377443,1.9844674545084815,176141411675160.0,397944948236524.1,98.0,287043179955842.06,110901768280682.05,556047749442778.56,1.9844674545084815,15.844067539590819,16.446991052261083,98.0,16.14552929592595,0.301461756335132,1.5114919604254533,1.9844674545084815,6.049531930414425,6.167403649824481,98.0,6.108467790119453,0.058935859705028286,0.2954971111688281,1.9844674545084815,99.0,0.21212121212121213,0.01294441050835184,0.024318717434857525,98.0,0.018631563971604682,0.005687153463252843,0.02851468405782212,1.9844674545084815,ExtraTreesRegressor,"{'mode': 'original', 'type': 'ExtraTreesRegressor'}",2,"['pe_T2W30', 'l2_T2W30']",0.07453542955084913,0.12419299942476356,98.0,0.09936421448780634,0.024828784936957213,0.12448845676339573,1.9844674545084815,7.360849205254117,7.493106615532434,98.0,7.426977910393275,0.06612870513915835,0.3315611485394068,1.9844674545084815,completed,True,COMPLETE
144,6.31680610424504,2026-06-11 13:50:53.992863,2026-06-11 13:51:17.101834,0 days 00:00:23.108971,,,,,,2.0,log2,1.0,5.0,447.0,,,,,ExtraTreesRegressor,,,,,,2,,,,,,,,True,-0.00522580769968008,0.0018009974237649265,98.0,-0.0017124051379575767,0.0035134025617225033,0.017615765894623624,1.9844674545084815,6.267732044078058,6.3658801644120215,98.0,6.31680610424504,0.04907406016698206,0.24605126802674335,1.9844674545084815,176137807838501.2,397936840302554.56,98.0,287037324070527.9,110899516232026.69,556036457949361.8,1.9844674545084815,15.843037332023988,16.44613093037371,98.0,16.144584131198847,0.30154679917485977,1.5119183547054538,1.9844674545084815,6.049863608828977,6.167718037042098,98.0,6.108790822935537,0.05892721410656056,0.2954537632074286,1.9844674545084815,99.0,0.21212121212121213,0.012959691938537013,0.024350755613907656,98.0,0.018655223776222335,0.005695531837685322,0.028556692190960072,1.9844674545084815,ExtraTreesRegressor,"{'mode': 'original', 'type': 'ExtraTreesRegressor'}",2,"['pe_T2W30', 'l2_T2W30']",0.07472624748258143,0.12430917053341013,98.0,0.09951770900799578,0.02479146152541435,0.12430132179420923,1.9844674545084815,7.3607494871480625,7.493021520777097,98.0,7.42688550396258,0.06613601681451686,0.33159780837532105,1.9844674545084815,completed,True,COMPLETE
145,6.334439773362189,2026-06-11 13:51:17.114324,2026-06-11 13:51:40.194021,0 days 00:00:23.079697,,,,,,2.0,log2,1.0,5.0,451.0,,,,,ExtraTreesRegressor,,,,,,3,,,,,,,,True,-0.007586095248503321,-0.001379259888508361,98.0,-0.004482677568505841,0.0031034176799974804,0.015560152406010991,1.9844674545084815,6.285478739983605,6.383400806740773,98.0,6.334439773362189,0.048961033378583874,0.24548456568926127,1.9844674545084815,177636081335665.88,401320027246881.9,98.0,289478054291273.9,111841972955608.02,560761819395071.9,1.9844674545084815,15.950591418671053,16.533685710285326,98.0,16.24213856447819,0.2915471458071371,1.4617813295116127,1.9844674545084815,6.116953517450797,6.238528289977657,98.0,6.177740903714227,0.060787386263430034,0.3047804363294077,1.9844674545084815,99.0,0.24242424242424243,0.007913385634223528,0.01631183633411172,98.0,0.012112610984167625,0.004199225349944097,0.021054396529818064,1.9844674545084815,ExtraTreesRegressor,"{'mode': 'original', 'type': 'ExtraTreesRegressor'}",3,"['pe_T2W30', 'l2_T2W30', 'asp_T2W30']",0.07854782482970477,0.12966884242639298,98.0,0.10410833362804887,0.025560508798344112,0.12815722970223659,1.9844674545084815,7.386651078700064,7.51762205667338,98.0,7.452136567686722,0.06548548898665807,0.3283361423059822,1.9844674545084815,completed,True,COMPLETE
146,6.33779072761218,2026-06-11 13:51:40.206560,2026-06-11 13:51:40.389725,0 days 00:00:00.183165,,,,,,,,,,,,,,0.0021049497950820046,QuantileRegressor,,,,,,2,,,,,,,,False,,,,,,,,,,,,,,,,,,,,,,,,,,,,,,,,,,,,,,,,,,,,,QuantileRegressor,"{'mode': 'original', 'type': 'QuantileRegressor'}",2,"['diameter_T2W30', 'asp_T2W30']",,,,,,,,,,,,,,,pruned,False,PRUNED
147,6.224865138337621,2026-06-11 13:51:40.399080,2026-06-11 13:51:40.508820,0 days 00:00:00.109740,,,,,,,,,,,,,,,LinearRegression,,,,,,2,,,,,,,,True,,,,,,,,,,,,,,,,,,,,,,,,,,,,,,,,,,,,,,,,,,,,,LinearRegression,"{'mode': 'original', 'type': 'LinearRegression'}",2,"['diameter_T2W30', 'asp_T2W30']",,,,,,,,,,,,,,,pruned,True,PRUNED
148,6.339571759179297,2026-06-11 13:51:40.518569,2026-06-11 13:52:02.152270,0 days 00:00:21.633701,,,,,,3.0,log2,1.0,5.0,418.0,,,,,ExtraTreesRegressor,,,,,,3,,,,,,,,True,-0.009024973792198847,-0.0015676271072346194,98.0,-0.005296300449716733,0.0037286733424821135,0.018695106963913154,1.9844674545084815,6.288877697593707,6.390265820764887,98.0,6.339571759179297,0.05069406158559013,0.25417375477223225,1.9844674545084815,175807506079505.94,397202424376112.06,98.0,286504965227809.0,110697459148303.05,555023368722694.6,1.9844674545084815,16.047341942110588,16.706819497623624,98.0,16.377080719867106,0.32973877775651605,1.6532694484318793,1.9844674545084815,6.100587161427445,6.231886516447359,98.0,6.166236838937402,0.06564967750995734,0.32915936325439693,1.9844674545084815,99.0,0.37373737373737376,0.00404138395466333,0.015688000211758674,98.0,0.009864692083211002,0.005823308128547672,0.02919734670952766,1.9844674545084815,ExtraTreesRegressor,"{'mode': 'original', 'type': 'ExtraTreesRegressor'}",3,"['pe_T2W30', 'l2_T2W30', 'asp_T2W30']",0.06902695209076477,0.12009362136744935,98.0,0.09456028672910706,0.025533334638342283,0.12802098182498206,1.9844674545084815,7.3922766974949035,7.528573544789058,98.0,7.460425121141981,0.06814842364707757,0.3416877673323016,1.9844674545084815,completed,True,COMPLETE
149,6.441648393228031,2026-06-11 13:52:02.165012,2026-06-11 13:52:05.363920,0 days 00:00:03.198908,,,,,,,,,,,,,,,RandomForestRegressor,7.0,sqrt,4.0,9.0,328.0,2,,,,,,,,True,,,,,,,,,,,,,,,,,,,,,,,,,,,,,,,,,,,,,,,,,,,,,RandomForestRegressor,"{'mode': 'original', 'type': 'RandomForestRegressor'}",2,"['diameter_T2W30', 'asp_T2W30']",,,,,,,,,,,,,,,pruned,True,PRUNED
150,6.361869713148752,2026-06-11 13:52:05.373662,2026-06-11 13:52:29.449296,0 days 00:00:24.075634,,,,,,4.0,log2,1.0,5.0,460.0,,,,,ExtraTreesRegressor,,,,,,2,,,,,,,,True,-0.013825305308431407,-0.0038792752394316236,98.0,-0.008852290273931515,0.0049730150344998916,0.024934082303180387,1.9844674545084815,6.307658561511646,6.416080864785858,98.0,6.361869713148752,0.054211151637106325,0.2718080092845999,1.9844674545084815,173703559377965.28,392525705093358.25,98.0,283114632235661.75,109411072857696.47,548573586966325.4,1.9844674545084815,16.130463172590122,16.814295445409545,98.0,16.472379308999834,0.34191613640971297,1.7143252185809217,1.9844674545084815,5.954745427743419,6.115747724354882,98.0,6.0352465760491505,0.08050114830573156,0.4036228009428281,1.9844674545084815,99.0,0.47474747474747475,-0.007371566710151267,0.011477876886502845,98.0,0.0020531550881757892,0.009424721798327056,0.04725438941442843,1.9844674545084815,ExtraTreesRegressor,"{'mode': 'original', 'type': 'ExtraTreesRegressor'}",2,"['pe_T2W30', 'l2_T2W30']",0.03734026548565936,0.0877586643596859,98.0,0.06254946492267263,0.02520919943701327,0.12639580801568787,1.9844674545084815,7.415938446231285,7.560320486901208,98.0,7.488129466566247,0.07219102033496137,0.36195684712292725,1.9844674545084815,completed,True,COMPLETE
151,6.316050092481491,2026-06-11 13:52:29.463801,2026-06-11 13:52:52.370074,0 days 00:00:22.906273,,,,,,2.0,log2,1.0,6.0,443.0,,,,,ExtraTreesRegressor,,,,,,2,,,,,,,,True,-0.005124933953153112,0.0019399900528055095,98.0,-0.001592471950173801,0.0035324620029793105,0.017711327575747247,1.9844674545084815,6.266925350535548,6.3651748344274335,98.0,6.316050092481491,0.04912474194594271,0.24630538019795326,1.9844674545084815,176141411675160.0,397944948236524.1,98.0,287043179955842.06,110901768280682.05,556047749442778.56,1.9844674545084815,15.843326662467277,16.44650825547472,98.0,16.144917458970998,0.30159079650372056,1.5121389518706192,1.9844674545084815,6.048111093427736,6.166137724530727,98.0,6.107124408979232,0.059013315551494944,0.29588546520300335,1.9844674545084815,99.0,0.21212121212121213,0.01298773411693236,0.024387205932672816,98.0,0.018687470024802588,0.005699735907870228,0.02857777087889316,1.9844674545084815,ExtraTreesRegressor,"{'mode': 'original', 'type': 'ExtraTreesRegressor'}",2,"['pe_T2W30', 'l2_T2W30']",0.0746692523551516,0.12429701915968386,98.0,0.09948313575741773,0.024813883402266125,0.12441374231152827,1.9844674545084815,7.360612944919304,7.492918155959678,98.0,7.426765550439491,0.06615260552018624,0.3316809820937985,1.9844674545084815,completed,True,COMPLETE
152,6.3160459023375894,2026-06-11 13:52:52.388223,2026-06-11 13:53:15.371047,0 days 00:00:22.982824,,,,,,2.0,log2,1.0,6.0,445.0,,,,,ExtraTreesRegressor,,,,,,2,,,,,,,,True,-0.005123139715845944,0.0019398277566202494,98.0,-0.001591655979612847,0.0035314837362330964,0.017706422667277164,1.9844674545084815,6.266918785859307,6.365173018815872,98.0,6.3160459023375894,0.04912711647828271,0.24631728580941561,1.9844674545084815,176141625691119.25,397945448865478.0,98.0,287043537278298.6,110901911587179.38,556048467963831.5,1.9844674545084815,15.842667663547317,16.445885233028015,98.0,16.144276448287666,0.30160878474034925,1.5122291426642278,1.9844674545084815,6.049022696653451,6.166979794413961,98.0,6.108001245533706,0.05897854888025518,0.29571114941347004,1.9844674545084815,99.0,0.21212121212121213,0.013008243649384122,0.02441056552846173,98.0,0.018709404588922927,0.0057011609395388055,0.028584915811426533,1.9844674545084815,ExtraTreesRegressor,"{'mode': 'original', 'type': 'ExtraTreesRegressor'}",2,"['pe_T2W30', 'l2_T2W30']",0.07491969443200339,0.12451512824652611,98.0,0.09971741133926475,0.02479771690726136,0.12433268550510272,1.9844674545084815,7.3605314979471315,7.492830855764772,98.0,7.4266811768559515,0.06614967890881987,0.33166630842638095,1.9844674545084815,completed,True,COMPLETE
153,6.316050092481491,2026-06-11 13:53:15.390680,2026-06-11 13:53:38.389646,0 days 00:00:22.998966,,,,,,2.0,log2,1.0,6.0,443.0,,,,,ExtraTreesRegressor,,,,,,2,,,,,,,,True,-0.005124933953153112,0.0019399900528055095,98.0,-0.001592471950173801,0.0035324620029793105,0.017711327575747247,1.9844674545084815,6.266925350535548,6.3651748344274335,98.0,6.316050092481491,0.04912474194594271,0.24630538019795326,1.9844674545084815,176141411675160.0,397944948236524.1,98.0,287043179955842.06,110901768280682.05,556047749442778.56,1.9844674545084815,15.843326662467277,16.44650825547472,98.0,16.144917458970998,0.30159079650372056,1.5121389518706192,1.9844674545084815,6.048111093427736,6.166137724530727,98.0,6.107124408979232,0.059013315551494944,0.29588546520300335,1.9844674545084815,99.0,0.21212121212121213,0.01298773411693236,0.024387205932672816,98.0,0.018687470024802588,0.005699735907870228,0.02857777087889316,1.9844674545084815,ExtraTreesRegressor,"{'mode': 'original', 'type': 'ExtraTreesRegressor'}",2,"['pe_T2W30', 'l2_T2W30']",0.0746692523551516,0.12429701915968386,98.0,0.09948313575741773,0.024813883402266125,0.12441374231152827,1.9844674545084815,7.360612944919304,7.492918155959678,98.0,7.426765550439491,0.06615260552018624,0.3316809820937985,1.9844674545084815,completed,True,COMPLETE
