number,value,datetime_start,datetime_complete,duration,params_dt_max_depth,params_dt_min_samples_leaf,params_dt_min_samples_split,params_elastic_alpha,params_elastic_l1_ratio,params_et_max_depth,params_et_max_features,params_et_min_samples_leaf,params_et_min_samples_split,params_et_n_estimators,params_knn_metric,params_knn_n_neighbors,params_knn_weights,params_quantile_alpha,params_regressor,params_rf_max_depth,params_rf_max_features,params_rf_min_samples_leaf,params_rf_min_samples_split,params_rf_n_estimators,params_rfe_n_features,params_rfe_proxy_et_max_depth,params_rfe_proxy_et_min_samples_leaf,params_rfe_proxy_et_min_samples_split,params_rfe_proxy_et_n_estimators,params_rfe_proxy_lsvr_C,params_rfe_proxy_lsvr_epsilon,params_rfe_proxy_type,params_use_scaler,user_attrs_d2mae_ci_lower_val,user_attrs_d2mae_ci_upper_val,user_attrs_d2mae_df_val,user_attrs_d2mae_mean_val,user_attrs_d2mae_samperror_val,user_attrs_d2mae_std_val,user_attrs_d2mae_t_critical_val,user_attrs_mae_ci_lower_val,user_attrs_mae_ci_upper_val,user_attrs_mae_df_val,user_attrs_mae_mean_val,user_attrs_mae_samperror_val,user_attrs_mae_std_val,user_attrs_mae_t_critical_val,user_attrs_mape_ci_lower_val,user_attrs_mape_ci_upper_val,user_attrs_mape_df_val,user_attrs_mape_mean_val,user_attrs_mape_samperror_val,user_attrs_mape_std_val,user_attrs_mape_t_critical_val,user_attrs_max_error_ci_lower_val,user_attrs_max_error_ci_upper_val,user_attrs_max_error_df_val,user_attrs_max_error_mean_val,user_attrs_max_error_samperror_val,user_attrs_max_error_std_val,user_attrs_max_error_t_critical_val,user_attrs_median_ae_ci_lower_val,user_attrs_median_ae_ci_upper_val,user_attrs_median_ae_df_val,user_attrs_median_ae_mean_val,user_attrs_median_ae_samperror_val,user_attrs_median_ae_std_val,user_attrs_median_ae_t_critical_val,user_attrs_n_splits_val,user_attrs_r2_below_zero_val,user_attrs_r2_ci_lower_val,user_attrs_r2_ci_upper_val,user_attrs_r2_df_val,user_attrs_r2_mean_val,user_attrs_r2_samperror_val,user_attrs_r2_std_val,user_attrs_r2_t_critical_val,user_attrs_regressor_final,user_attrs_rfe_estimator,user_attrs_rfe_n_features,user_attrs_rfe_selected_features,user_attrs_rho_ci_lower_val,user_attrs_rho_ci_upper_val,user_attrs_rho_df_val,user_attrs_rho_mean_val,user_attrs_rho_samperror_val,user_attrs_rho_std_val,user_attrs_rho_t_critical_val,user_attrs_rmse_ci_lower_val,user_attrs_rmse_ci_upper_val,user_attrs_rmse_df_val,user_attrs_rmse_mean_val,user_attrs_rmse_samperror_val,user_attrs_rmse_std_val,user_attrs_rmse_t_critical_val,user_attrs_termination_reason,user_attrs_use_scaler_final,state
270,6.3072836582231835,2026-06-11 14:10:28.216710,2026-06-11 14:10:29.933837,0 days 00:00:01.717127,,,,0.13370867237876277,0.6950938179912618,,,,,,,,,,ElasticNet,,,,,,2,,,,,,,,True,-0.005293285759541846,0.004831705865261925,98.0,-0.00023078994713996077,0.0050624958124018855,0.025382727856287046,1.9844674545084815,6.253987211259326,6.360580105187041,98.0,6.3072836582231835,0.05329644696385791,0.26722179318678885,1.9844674545084815,176965035916804.94,399865224323721.3,98.0,288415130120263.1,111450094203458.2,558796987800720.3,1.9844674545084815,16.110368294269907,16.80068042130331,98.0,16.455524357786608,0.3451560635167016,1.7305698123699051,1.9844674545084815,6.02502587585953,6.190100026852075,98.0,6.107562951355803,0.08253707549627287,0.41383068806564377,1.9844674545084815,99.0,0.29292929292929293,-0.0009074736668850149,0.019964493095561534,98.0,0.00952850971433826,0.010435983381223275,0.05232472991471902,1.9844674545084815,ElasticNet,"{'mode': 'original', 'type': 'ElasticNet'}",2,"['l2_T2W30', 'asp_T2W30']",0.09526557381200146,0.1463688878862546,98.0,0.12081723084912803,0.02555165703712657,0.12811284806630846,1.9844674545084815,7.386355948427872,7.532518156861022,98.0,7.459437052644447,0.07308110421657468,0.366419617616665,1.9844674545084815,completed,True,COMPLETE
271,6.239099015570916,2026-06-11 14:10:29.947951,2026-06-11 14:10:30.077754,0 days 00:00:00.129803,,,,0.13245506581992947,0.6877010984481345,,,,,,,,,,ElasticNet,,,,,,2,,,,,,,,False,,,,,,,,,,,,,,,,,,,,,,,,,,,,,,,,,,,,,,,,,,,,,ElasticNet,"{'mode': 'original', 'type': 'ElasticNet'}",2,"['pe_T2W30', 'diameter_T2W30']",,,,,,,,,,,,,,,pruned,False,PRUNED
272,6.307067394358448,2026-06-11 14:10:30.088158,2026-06-11 14:10:32.152944,0 days 00:00:02.064786,,,,0.1583172155486321,0.8303711703802268,,,,,,,,,,ElasticNet,,,,,,2,,,,,,,,True,-0.00517372128414552,0.0047744174909827705,98.0,-0.0001996518965813747,0.004974069387564145,0.024939368699038504,1.9844674545084815,6.254199771085643,6.359935017631253,98.0,6.307067394358448,0.05286762327280503,0.26507172423825587,1.9844674545084815,177217134848072.62,400427882312431.75,98.0,288822508580252.2,111605373732179.58,559575540152216.9,1.9844674545084815,16.09925780537909,16.78312482475274,98.0,16.441191315065915,0.3419335096868252,1.7144123260435749,1.9844674545084815,6.031442728600513,6.195743835085421,98.0,6.113593281842967,0.08215055324245381,0.4118927132914122,1.9844674545084815,99.0,0.29292929292929293,-0.00045884365366371214,0.019918475694435757,98.0,0.009729816020386022,0.010188659674049734,0.0510846794368075,1.9844674545084815,ElasticNet,"{'mode': 'original', 'type': 'ElasticNet'}",2,"['l2_T2W30', 'asp_T2W30']",0.09462317322200382,0.14595217146951844,98.0,0.12028767234576113,0.025664499123757303,0.12867862433197305,1.9844674545084815,7.386242822708368,7.531323617497771,98.0,7.4587832201030695,0.07254039739470118,0.36370858048829235,1.9844674545084815,completed,True,COMPLETE
273,6.306991392428621,2026-06-11 14:10:32.167210,2026-06-11 14:10:34.307857,0 days 00:00:02.140647,,,,0.16070745241371903,0.8290263074473534,,,,,,,,,,ElasticNet,,,,,,2,,,,,,,,True,-0.005151025577428696,0.0047757671543424635,98.0,-0.00018762921154311641,0.00496339636588558,0.02488585548841863,1.9844674545084815,6.254164576958667,6.359818207898575,98.0,6.306991392428621,0.05282681546995459,0.26486711896201476,1.9844674545084815,177230562965098.16,400457726246159.9,98.0,288844144605629.0,111613581640530.84,559616693589507.5,1.9844674545084815,16.0983483094514,16.781646899252383,98.0,16.43999760435189,0.34164929490049195,1.712987308257574,1.9844674545084815,6.031966335208048,6.1961102419509855,98.0,6.114038288579517,0.08207195337146875,0.4114986232597985,1.9844674545084815,99.0,0.29292929292929293,-0.00038479538309113895,0.01993263078700269,98.0,0.009773917701955775,0.010158713085046914,0.05093453094344568,1.9844674545084815,ElasticNet,"{'mode': 'original', 'type': 'ElasticNet'}",2,"['l2_T2W30', 'asp_T2W30']",0.09473046115389953,0.1461099333172329,98.0,0.12042019723556621,0.02568973608166668,0.12880515931753592,1.9844674545084815,7.386146639568214,7.53111606281335,98.0,7.458631351190782,0.072484711622568,0.3634293789142266,1.9844674545084815,completed,True,COMPLETE
274,6.307940038324715,2026-06-11 14:10:34.320919,2026-06-11 14:10:36.212481,0 days 00:00:01.891562,,,,0.13015003268687464,0.8395121207139888,,,,,,,,,,ElasticNet,,,,,,2,,,,,,,,True,-0.005439247504837723,0.00476424010145584,98.0,-0.0003375037016909421,0.0051017438031467814,0.0255795124275539,1.9844674545084815,6.254574878415664,6.361305198233767,98.0,6.307940038324715,0.053365159909051996,0.2675663113953359,1.9844674545084815,177050241816217.5,400057028065521.25,98.0,288553634940869.4,111503393124651.86,559064221999389.25,1.9844674545084815,16.111648098567432,16.801616696135756,98.0,16.456632397351594,0.3449842987841636,1.7297086052454196,1.9844674545084815,6.024146707901466,6.189972236814804,98.0,6.107059472358135,0.08291276445666916,0.41571434604655294,1.9844674545084815,99.0,0.29292929292929293,-0.0013416513470798901,0.019745650642477942,98.0,0.009201999647699025,0.010543650994778915,0.052864562012381947,1.9844674545084815,ElasticNet,"{'mode': 'original', 'type': 'ElasticNet'}",2,"['l2_T2W30', 'asp_T2W30']",0.09516092226586423,0.14641304305954314,98.0,0.12078698266270368,0.025626060396839456,0.12848589730944246,1.9844674545084815,7.387384828586319,7.533816709704448,98.0,7.460600769145383,0.07321594055906477,0.36709567036088236,1.9844674545084815,completed,True,COMPLETE
275,6.3074788900378485,2026-06-11 14:10:36.225680,2026-06-11 14:10:38.141327,0 days 00:00:01.915647,,,,0.14592455335094792,0.8427974105845354,,,,,,,,,,ElasticNet,,,,,,2,,,,,,,,True,-0.005295887930785552,0.0047661738729552205,98.0,-0.00026485702891516596,0.005031030901870386,0.02522496668657172,1.9844674545084815,6.254395925256155,6.360561854819542,98.0,6.3074788900378485,0.05308296478169391,0.2661514199296376,1.9844674545084815,177151288637307.66,400281684424442.4,98.0,288716486530875.0,111565197893567.34,559374103466502.7,1.9844674545084815,16.104433483014162,16.791016510816434,98.0,16.447724996915298,0.34329151390113394,1.7212211912114328,1.9844674545084815,6.028332529609317,6.193491474188889,98.0,6.110912001899103,0.08257947228978592,0.4140432603445352,1.9844674545084815,99.0,0.29292929292929293,-0.000858589599678293,0.019836992175620613,98.0,0.00948920128797116,0.010347790887649453,0.05188254365989433,1.9844674545084815,ElasticNet,"{'mode': 'original', 'type': 'ElasticNet'}",2,"['l2_T2W30', 'asp_T2W30']",0.09485506458882331,0.14614361110134683,98.0,0.12049933784508507,0.02564427325626175,0.12857721433395602,1.9844674545084815,7.386776728240221,7.532448759960044,98.0,7.4596127441001325,0.07283601585991097,0.3651907749097339,1.9844674545084815,completed,True,COMPLETE
276,6.112745380453286,2026-06-11 14:10:38.154509,2026-06-11 14:10:38.315502,0 days 00:00:00.160993,,,,0.13492954467902582,0.8807348684650835,,,,,,,,,,ElasticNet,,,,,,3,,,,,,,,True,,,,,,,,,,,,,,,,,,,,,,,,,,,,,,,,,,,,,,,,,,,,,ElasticNet,"{'mode': 'original', 'type': 'ElasticNet'}",3,"['l2_T2W30', 'density_T2W30', 'asp_T2W30']",,,,,,,,,,,,,,,pruned,True,PRUNED
277,6.306896653037706,2026-06-11 14:10:38.325353,2026-06-11 14:10:40.240049,0 days 00:00:01.914696,,,,0.17597683143163004,0.8870780296570207,,,,,,,,,,ElasticNet,,,,,,2,,,,,,,,True,-0.0050809733939399,0.004731392999630708,98.0,-0.00017479019715459611,0.004906183196785304,0.024598995734873664,1.9844674545084815,6.254348901388132,6.359444404687279,98.0,6.306896653037706,0.052547751649573815,0.2634679274822098,1.9844674545084815,177383973317884.38,400800442249719.1,98.0,289092207783801.75,111708234465917.39,560091271149004.8,1.9844674545084815,16.092435166904817,16.771272247428346,98.0,16.43185370716658,0.33941854026176477,1.7018025804064907,1.9844674545084815,6.034986638586764,6.1990509571101455,98.0,6.117018797848455,0.08203215926169091,0.4112991005152465,1.9844674545084815,99.0,0.30303030303030304,-8.972126131196259e-05,0.019917458096165956,98.0,0.009913868417426997,0.01000358967873896,0.05015676137042021,1.9844674545084815,ElasticNet,"{'mode': 'original', 'type': 'ElasticNet'}",2,"['l2_T2W30', 'asp_T2W30']",0.094666524160125,0.14614949027136395,98.0,0.12040800721574448,0.025741483055619484,0.12906461224468949,1.9844674545084815,7.386016542521228,7.530319868856271,98.0,7.458168205688749,0.07215166316752179,0.3617595151532166,1.9844674545084815,completed,True,COMPLETE
278,6.307394027248094,2026-06-11 14:10:40.252945,2026-06-11 14:10:42.070994,0 days 00:00:01.818049,,,,0.14871800684764097,0.8422235624683809,,,,,,,,,,ElasticNet,,,,,,2,,,,,,,,True,-0.005269955210536345,0.004767034736468882,98.0,-0.0002514602370337318,0.005018494973502614,0.025162113092222944,1.9844674545084815,6.254360109214632,6.360427945281556,98.0,6.307394027248094,0.05303391803346186,0.2659055056002746,1.9844674545084815,177168219748672.2,400319322519441.94,98.0,288743771134057.06,111575551385384.88,559426014593919.9,1.9844674545084815,16.103157547031124,16.789158360586207,98.0,16.446157953808665,0.34300040677754257,1.7197616160988876,1.9844674545084815,6.028969323218571,6.193995639900325,98.0,6.111482481559448,0.08251315834087708,0.4137107704066462,1.9844674545084815,99.0,0.29292929292929293,-0.0007728529996626644,0.01985286787789932,98.0,0.009540007439118328,0.010312860438780993,0.05170740670958732,1.9844674545084815,ElasticNet,"{'mode': 'original', 'type': 'ElasticNet'}",2,"['l2_T2W30', 'asp_T2W30']",0.09483775864145114,0.1461925085158154,98.0,0.12051513357863326,0.025677374937182123,0.1287431820679597,1.9844674545084815,7.386668631727951,7.5322074557890195,98.0,7.459438043758485,0.07276941203053444,0.3648568315470333,1.9844674545084815,completed,True,COMPLETE
279,6.307357848762528,2026-06-11 14:10:42.084633,2026-06-11 14:10:44.076103,0 days 00:00:01.991470,,,,0.15049707547115798,0.8461393057469695,,,,,,,,,,ElasticNet,,,,,,2,,,,,,,,True,-0.005257163990644424,0.004765445879443791,98.0,-0.0002458590556003165,0.0050113049350441075,0.025126063128680966,1.9844674545084815,6.254355125352445,6.3603605721726115,98.0,6.307357848762528,0.05300272341008286,0.26574909961691184,1.9844674545084815,177182694861802.06,400351589446944.06,98.0,288767142154373.06,111584447292570.98,559470617572274.3,1.9844674545084815,16.10233728137573,16.787931848685307,98.0,16.445134565030518,0.34279728365479106,1.7187431818843864,1.9844674545084815,6.029409820827121,6.194356700146464,98.0,6.111883260486793,0.08247343965967148,0.41351162585162604,1.9844674545084815,99.0,0.29292929292929293,-0.0007290949438894783,0.019856386258937646,98.0,0.009563645657524083,0.010292740601413561,0.05160652833351851,1.9844674545084815,ElasticNet,"{'mode': 'original', 'type': 'ElasticNet'}",2,"['l2_T2W30', 'asp_T2W30']",0.09464667559387119,0.14601055159870174,98.0,0.12032861359628647,0.025681938002415274,0.12876606071266294,1.9844674545084815,7.386629641183631,7.532086450447028,98.0,7.459358045815329,0.0727284046316985,0.36465122552120766,1.9844674545084815,completed,True,COMPLETE
280,6.30719405461993,2026-06-11 14:10:44.090278,2026-06-11 14:10:45.901060,0 days 00:00:01.810782,,,,0.15791928946930217,0.8600996329961288,,,,,,,,,,ElasticNet,,,,,,2,,,,,,,,True,-0.0052016308159082685,0.004760803457602859,98.0,-0.00022041367915270446,0.004981217136755564,0.024975206629425782,1.9844674545084815,6.254320439623239,6.360067669616621,98.0,6.30719405461993,0.05287361499669104,0.26510176600074303,1.9844674545084815,177241847776688.25,400483455630246.0,98.0,288862651703467.1,111620803926778.86,559652905239477.5,1.9844674545084815,16.099446606432796,16.78307422616422,98.0,16.44126041629851,0.341813809865713,1.7138121659454089,1.9844674545084815,6.031029054375048,6.195626329143006,98.0,6.113327691759027,0.08229863738397931,0.4126351888614592,1.9844674545084815,99.0,0.30303030303030304,-0.0005411359337863658,0.0198757688751382,98.0,0.009667316470675917,0.010208452404462283,0.051183917739062265,1.9844674545084815,ElasticNet,"{'mode': 'original', 'type': 'ElasticNet'}",2,"['l2_T2W30', 'asp_T2W30']",0.09482223020168078,0.14609899071411542,98.0,0.12046061045789809,0.025638380256217317,0.1285476675606,1.9844674545084815,7.386446868815585,7.5315642090203,98.0,7.459005538917943,0.07255867010235748,0.36380019758444887,1.9844674545084815,completed,True,COMPLETE
281,6.307119308746401,2026-06-11 14:10:45.913579,2026-06-11 14:10:47.752195,0 days 00:00:01.838616,,,,0.16040291172393178,0.8596757160392512,,,,,,,,,,ElasticNet,,,,,,2,,,,,,,,True,-0.005178944716218724,0.004761697546181192,98.0,-0.00020862358501876614,0.004970321131199958,0.024920575405225853,1.9844674545084815,6.25428841549978,6.359950201993022,98.0,6.307119308746401,0.052830893246620554,0.26488756442986433,1.9844674545084815,177257166520143.56,400517536082380.06,98.0,288887351301261.8,111630184781118.27,559699939682878.6,1.9844674545084815,16.098484955399336,16.781501129259773,98.0,16.439993042329554,0.3415080869302184,1.712279308959715,1.9844674545084815,6.031575795357386,6.196023093323299,98.0,6.1137994443403425,0.08222364898295613,0.4122592062935553,1.9844674545084815,99.0,0.30303030303030304,-0.0004666929672957048,0.01988909791935651,98.0,0.009711202476030401,0.010177895443326106,0.05103070891531673,1.9844674545084815,ElasticNet,"{'mode': 'original', 'type': 'ElasticNet'}",2,"['l2_T2W30', 'asp_T2W30']",0.09487446337512737,0.14620467882151128,98.0,0.12053957109831932,0.02566510772319196,0.12868167577426473,1.9844674545084815,7.386353753118573,7.5313554853545,98.0,7.458854619236536,0.07250086611796358,0.3635103755560958,1.9844674545084815,completed,True,COMPLETE
282,6.105471535979288,2026-06-11 14:10:47.765638,2026-06-11 14:10:48.009414,0 days 00:00:00.243776,,,,0.16624508805354593,0.8367687290190657,,,,,,,,,,ElasticNet,,,,,,3,,,,,,,,True,,,,,,,,,,,,,,,,,,,,,,,,,,,,,,,,,,,,,,,,,,,,,ElasticNet,"{'mode': 'original', 'type': 'ElasticNet'}",3,"['l2_T2W30', 'density_T2W30', 'asp_T2W30']",,,,,,,,,,,,,,,pruned,True,PRUNED
283,6.3069875708941945,2026-06-11 14:10:48.020528,2026-06-11 14:10:49.958987,0 days 00:00:01.938459,,,,0.16511409823225973,0.8581346414703951,,,,,,,,,,ElasticNet,,,,,,2,,,,,,,,True,-0.005137204029322661,0.004761438646952258,98.0,-0.0001878826911852017,0.0049493213381374595,0.02481528504013796,1.9844674545084815,6.25423955951444,6.359735582273949,98.0,6.3069875708941945,0.05274801137975436,0.2644720050005149,1.9844674545084815,177285451906959.62,400580457922049.9,98.0,288932954914504.75,111647503007545.12,559786771128204.44,1.9844674545084815,16.096660574131967,16.77853239678587,98.0,16.43759648545892,0.3409359113269506,1.7094104912536,1.9844674545084815,6.032486479256372,6.196674287169984,98.0,6.114580383213178,0.08209390395680602,0.4116086807797549,1.9844674545084815,99.0,0.30303030303030304,-0.0003252105538496478,0.019914254376062396,98.0,0.009794521911106373,0.010119732464956021,0.05073908693556865,1.9844674545084815,ElasticNet,"{'mode': 'original', 'type': 'ElasticNet'}",2,"['l2_T2W30', 'asp_T2W30']",0.09501997784352792,0.1464333974687198,98.0,0.12072668765612386,0.025706709812595943,0.12889026350504515,1.9844674545084815,7.386176474264497,7.530959813495185,98.0,7.458568143879841,0.07239166961534438,0.3629628777977665,1.9844674545084815,completed,True,COMPLETE
284,6.306824564636443,2026-06-11 14:10:49.973526,2026-06-11 14:10:51.861238,0 days 00:00:01.887712,,,,0.1716340199766793,0.8521203640211171,,,,,,,,,,ElasticNet,,,,,,2,,,,,,,,True,-0.0050812424036380645,0.004756836774981558,98.0,-0.00016220281432825315,0.004919039589309811,0.02466345609686818,1.9844674545084815,6.254193944412977,6.359455184859909,98.0,6.306824564636443,0.05263062022346619,0.26388342026223266,1.9844674545084815,177320490312195.25,400658332208719.1,98.0,288989411260457.2,111668920948261.92,559894158033912.94,1.9844674545084815,16.09413756851575,16.774490844363807,98.0,16.43431420643978,0.340176637924029,1.7056035883209273,1.9844674545084815,6.033991409913674,6.197827190606316,98.0,6.115909300259995,0.08191789034632077,0.41072617030675757,1.9844674545084815,99.0,0.30303030303030304,-0.00012293645304903983,0.01995230620357368,98.0,0.009914684875262321,0.01003762132831136,0.0503273918522234,1.9844674545084815,ElasticNet,"{'mode': 'original', 'type': 'ElasticNet'}",2,"['l2_T2W30', 'asp_T2W30']",0.09503660495792396,0.14643324264185698,98.0,0.12073492379989047,0.02569831884196651,0.1288481922161336,1.9844674545084815,7.385913435317747,7.530395441337401,98.0,7.458154438327574,0.07224100300982729,0.3622074540726738,1.9844674545084815,completed,True,COMPLETE
285,6.145982367866965,2026-06-11 14:10:51.874126,2026-06-11 14:10:52.082555,0 days 00:00:00.208429,,,,0.19169503876525615,0.8574125721502324,,,,,,,,,,ElasticNet,,,,,,3,,,,,,,,True,,,,,,,,,,,,,,,,,,,,,,,,,,,,,,,,,,,,,,,,,,,,,ElasticNet,"{'mode': 'original', 'type': 'ElasticNet'}",3,"['pe_T2W30', 'l2_T2W30', 'asp_T2W30']",,,,,,,,,,,,,,,pruned,True,PRUNED
286,6.310425766924736,2026-06-11 14:10:52.092874,2026-06-11 14:10:53.855598,0 days 00:00:01.762724,,,,0.06630828837521986,0.8842371739677019,,,,,,,,,,ElasticNet,,,,,,2,,,,,,,,True,-0.006147509389432468,0.00468598002495995,98.0,-0.0007307646822362584,0.005416744707196209,0.02715888800004994,1.9844674545084815,6.255808399971634,6.365043133877838,98.0,6.310425766924736,0.05461736695310202,0.2738447226368787,1.9844674545084815,176664458790811.3,399201546390810.94,98.0,287933002590811.1,111268543799999.83,557886716532565.6,1.9844674545084815,16.14346639085256,16.847568395862105,98.0,16.495517393357332,0.352051002504773,1.7651401836660516,1.9844674545084815,6.018534578423731,6.187470231331785,98.0,6.103002404877758,0.08446782645402717,0.4235112345658277,1.9844674545084815,99.0,0.29292929292929293,-0.0036768358154220327,0.019081958293324732,98.0,0.007702561238951349,0.011379397054373382,0.057054889387208145,1.9844674545084815,ElasticNet,"{'mode': 'original', 'type': 'ElasticNet'}",2,"['l2_T2W30', 'asp_T2W30']",0.09448654454250127,0.145700796438628,98.0,0.12009367049056463,0.025607125948063355,0.1283909623251576,1.9844674545084815,7.390979959949807,7.540655923748225,98.0,7.465817941849016,0.07483798189920843,0.37522838502064615,1.9844674545084815,completed,True,COMPLETE
