number,value,datetime_start,datetime_complete,duration,params_dt_max_depth,params_dt_min_samples_leaf,params_dt_min_samples_split,params_elastic_alpha,params_elastic_l1_ratio,params_et_max_depth,params_et_max_features,params_et_min_samples_leaf,params_et_min_samples_split,params_et_n_estimators,params_knn_metric,params_knn_n_neighbors,params_knn_weights,params_quantile_alpha,params_regressor,params_rf_max_depth,params_rf_max_features,params_rf_min_samples_leaf,params_rf_min_samples_split,params_rf_n_estimators,params_rfe_n_features,params_rfe_proxy_et_max_depth,params_rfe_proxy_et_min_samples_leaf,params_rfe_proxy_et_min_samples_split,params_rfe_proxy_et_n_estimators,params_rfe_proxy_lsvr_C,params_rfe_proxy_lsvr_epsilon,params_rfe_proxy_type,params_use_scaler,user_attrs_d2mae_ci_lower_val,user_attrs_d2mae_ci_upper_val,user_attrs_d2mae_df_val,user_attrs_d2mae_mean_val,user_attrs_d2mae_samperror_val,user_attrs_d2mae_std_val,user_attrs_d2mae_t_critical_val,user_attrs_mae_ci_lower_val,user_attrs_mae_ci_upper_val,user_attrs_mae_df_val,user_attrs_mae_mean_val,user_attrs_mae_samperror_val,user_attrs_mae_std_val,user_attrs_mae_t_critical_val,user_attrs_mape_ci_lower_val,user_attrs_mape_ci_upper_val,user_attrs_mape_df_val,user_attrs_mape_mean_val,user_attrs_mape_samperror_val,user_attrs_mape_std_val,user_attrs_mape_t_critical_val,user_attrs_max_error_ci_lower_val,user_attrs_max_error_ci_upper_val,user_attrs_max_error_df_val,user_attrs_max_error_mean_val,user_attrs_max_error_samperror_val,user_attrs_max_error_std_val,user_attrs_max_error_t_critical_val,user_attrs_median_ae_ci_lower_val,user_attrs_median_ae_ci_upper_val,user_attrs_median_ae_df_val,user_attrs_median_ae_mean_val,user_attrs_median_ae_samperror_val,user_attrs_median_ae_std_val,user_attrs_median_ae_t_critical_val,user_attrs_n_splits_val,user_attrs_r2_below_zero_val,user_attrs_r2_ci_lower_val,user_attrs_r2_ci_upper_val,user_attrs_r2_df_val,user_attrs_r2_mean_val,user_attrs_r2_samperror_val,user_attrs_r2_std_val,user_attrs_r2_t_critical_val,user_attrs_regressor_final,user_attrs_rfe_estimator,user_attrs_rfe_n_features,user_attrs_rfe_selected_features,user_attrs_rho_ci_lower_val,user_attrs_rho_ci_upper_val,user_attrs_rho_df_val,user_attrs_rho_mean_val,user_attrs_rho_samperror_val,user_attrs_rho_std_val,user_attrs_rho_t_critical_val,user_attrs_rmse_ci_lower_val,user_attrs_rmse_ci_upper_val,user_attrs_rmse_df_val,user_attrs_rmse_mean_val,user_attrs_rmse_samperror_val,user_attrs_rmse_std_val,user_attrs_rmse_t_critical_val,user_attrs_termination_reason,user_attrs_use_scaler_final,state
238,6.30890215575804,2026-06-11 14:09:36.719300,2026-06-11 14:09:38.419508,0 days 00:00:01.700208,,,,0.34965024344245627,0.7592727851850163,,,,,,,,,,ElasticNet,,,,,,2,,,,,,,,True,-0.004630849928439262,0.003656469655210824,98.0,-0.00048719013661421926,0.004143659791825043,0.020775797693950684,1.9844674545084815,6.258820996610477,6.358983314905603,98.0,6.30890215575804,0.0500811591475629,0.25110073775386976,1.9844674545084815,178154664358788.28,402516234467688.4,98.0,290335449413238.3,112180785054450.03,562460581353206.56,1.9844674545084815,16.035934622008206,16.68013127906594,98.0,16.358032950537073,0.3220983285288652,1.6149611810017817,1.9844674545084815,6.083453646364975,6.232534600859588,98.0,6.157994123612282,0.07454047724730664,0.37373673349242104,1.9844674545084815,99.0,0.29292929292929293,0.0036234099251423197,0.019695409227521082,98.0,0.0116594095763317,0.00803599965118938,0.04029150833066706,1.9844674545084815,ElasticNet,"{'mode': 'original', 'type': 'ElasticNet'}",2,"['l2_T2W30', 'asp_T2W30']",0.09303805883039443,0.14551045932317241,98.0,0.11927425907678342,0.026236200246388994,0.13154506305086439,1.9844674545084815,7.383689729425706,7.521121892650598,98.0,7.452405811038152,0.06871608161244609,0.3445339341607471,1.9844674545084815,completed,True,COMPLETE
239,6.308843383846688,2026-06-11 14:09:38.432903,2026-06-11 14:09:40.148603,0 days 00:00:01.715700,,,,0.34893136346846615,0.7569072983174459,,,,,,,,,,ElasticNet,,,,,,2,,,,,,,,True,-0.00462424007131042,0.00366864974003557,98.0,-0.00047779516563742493,0.004146444905672995,0.020789761910311746,1.9844674545084815,6.258750920067238,6.358935847626138,98.0,6.308843383846688,0.050092463779449405,0.2511574177799525,1.9844674545084815,178146110245034.47,402497005066996.25,98.0,290321557656015.4,112175447410980.9,562433819069030.7,1.9844674545084815,16.036129092301476,16.680548133333883,98.0,16.35833861281768,0.32220952051620483,1.6155186838736908,1.9844674545084815,6.083234568411988,6.232351381201258,98.0,6.157792974806623,0.07455840639463533,0.37382662801958777,1.9844674545084815,99.0,0.29292929292929293,0.003625017005851246,0.019711110765397277,98.0,0.01166806388562426,0.008043046879773015,0.04032684226315965,1.9844674545084815,ElasticNet,"{'mode': 'original', 'type': 'ElasticNet'}",2,"['l2_T2W30', 'asp_T2W30']",0.09305571408683538,0.14553133581679215,98.0,0.11929352495181376,0.026237810864978388,0.1315531384932647,1.9844674545084815,7.383640690337611,7.521101752087548,98.0,7.452371221212579,0.06873053087496878,0.34460638097590085,1.9844674545084815,completed,True,COMPLETE
240,6.308111128349848,2026-06-11 14:09:40.161090,2026-06-11 14:09:42.150098,0 days 00:00:01.989008,,,,0.3288902095992593,0.7596821897003591,,,,,,,,,,ElasticNet,,,,,,2,,,,,,,,True,-0.004588159544997599,0.0038621943596027666,98.0,-0.0003629825926974163,0.004225176952300183,0.02118451465424701,1.9844674545084815,6.257804330881343,6.358417925818354,98.0,6.308111128349848,0.050306797468505624,0.25223206038734397,1.9844674545084815,178050777009873.56,402283852735755.06,98.0,290167314872814.3,112116537862940.77,562138453881295.25,1.9844674545084815,16.041438875411853,16.689797921166633,98.0,16.365618398289243,0.3241795228773916,1.6253960320559349,1.9844674545084815,6.077993887233694,6.22833114764461,98.0,6.153162517439152,0.07516863020545779,0.3768862147324475,1.9844674545084815,99.0,0.2828282828282828,0.003359607804899972,0.019858957192163233,98.0,0.011609282498531603,0.008249674693631632,0.04136284856539982,1.9844674545084815,ElasticNet,"{'mode': 'original', 'type': 'ElasticNet'}",2,"['l2_T2W30', 'asp_T2W30']",0.09410926133361777,0.14640891050674176,98.0,0.12025908592017977,0.026149824586561992,0.13111198617573394,1.9844674545084815,7.38345122984097,7.52157779177446,98.0,7.452514510807715,0.06906328096674513,0.34627474878037845,1.9844674545084815,completed,True,COMPLETE
241,6.308534733239836,2026-06-11 14:09:42.162850,2026-06-11 14:09:43.943032,0 days 00:00:01.780182,,,,0.339998520948613,0.7610224080424033,,,,,,,,,,ElasticNet,,,,,,2,,,,,,,,True,-0.004611138292211655,0.0037520822032872533,98.0,-0.00042952804446220105,0.004181610247749454,0.020966076586111257,1.9844674545084815,6.258350017442699,6.358719449036973,98.0,6.308534733239836,0.050184715797136834,0.2516199579865867,1.9844674545084815,178107708835693.7,402411135090113.06,98.0,290259421962903.4,112151713127209.67,562314818305740.5,1.9844674545084815,16.03848948869174,16.684551813861464,98.0,16.361520651276603,0.3230311625848597,1.6196382955823765,1.9844674545084815,6.080795441387949,6.230313604496057,98.0,6.155554522942003,0.07475908155405436,0.3748327884487129,1.9844674545084815,99.0,0.2828282828282828,0.0034993173570102287,0.01976962478775791,98.0,0.01163447107238407,0.008135153715373841,0.0407886545447683,1.9844674545084815,ElasticNet,"{'mode': 'original', 'type': 'ElasticNet'}",2,"['l2_T2W30', 'asp_T2W30']",0.09340715082535615,0.14576646992177045,98.0,0.11958681037356331,0.02617965954820715,0.1312615749833309,1.9844674545084815,7.3835880228884845,7.521336839240457,98.0,7.452462431064471,0.06887440817598638,0.34532776396795795,1.9844674545084815,completed,True,COMPLETE
242,6.309111089200119,2026-06-11 14:09:43.957291,2026-06-11 14:09:45.744492,0 days 00:00:01.787201,,,,0.34880346691751474,0.7801980586251052,,,,,,,,,,ElasticNet,,,,,,2,,,,,,,,True,-0.004669247563921704,0.0036265729979722476,98.0,-0.0005213372829747284,0.004147910280946976,0.020797109120692776,1.9844674545084815,6.2590480877726415,6.359174090627596,98.0,6.309111089200119,0.05006300142747728,0.25100969719117044,1.9844674545084815,178191909806733.88,402600236796653.25,98.0,290396073301693.56,112204163494959.7,562577797962395.2,1.9844674545084815,16.036140587433607,16.679790757647645,98.0,16.357965672540626,0.32182508510702007,1.613591172280347,1.9844674545084815,6.0834198958321775,6.232460502549756,98.0,6.157940199190967,0.07452030335878906,0.3736355841105706,1.9844674545084815,99.0,0.29292929292929293,0.0035234472118153212,0.019618357066680307,98.0,0.011570902139247814,0.008047454927432493,0.0403489436689216,1.9844674545084815,ElasticNet,"{'mode': 'original', 'type': 'ElasticNet'}",2,"['l2_T2W30', 'asp_T2W30']",0.09283691549284376,0.14525501178323194,98.0,0.11904596363803785,0.026209048145194088,0.13140892577373947,1.9844674545084815,7.384022323743789,7.521436670546482,98.0,7.452729497145135,0.06870717340134654,0.3444892694920926,1.9844674545084815,completed,True,COMPLETE
243,6.308381234590914,2026-06-11 14:09:45.757013,2026-06-11 14:09:47.632402,0 days 00:00:01.875389,,,,0.334304897551731,0.7666167394770318,,,,,,,,,,ElasticNet,,,,,,2,,,,,,,,True,-0.004609993890538505,0.003798423210453307,98.0,-0.0004057853400425987,0.004204208550495906,0.021079381681045256,1.9844674545084815,6.258141863458629,6.358620605723198,98.0,6.308381234590914,0.05023937113228456,0.25189399307705546,1.9844674545084815,178089374599880.06,402370286694831.3,98.0,290229830647355.7,112140456047475.61,562258376700268.7,1.9844674545084815,16.039997375046404,16.687030987720703,98.0,16.363514181383554,0.32351680633715046,1.6220732532902535,1.9844674545084815,6.079359754176596,6.229240500067914,98.0,6.154300127122255,0.07494037294565886,0.37574176106346774,1.9844674545084815,99.0,0.2828282828282828,0.0034037683585740573,0.019793524426695793,98.0,0.011598646392634925,0.008194878034060868,0.04108810489175351,1.9844674545084815,ElasticNet,"{'mode': 'original', 'type': 'ElasticNet'}",2,"['l2_T2W30', 'asp_T2W30']",0.09350481241096348,0.1458080015695708,98.0,0.11965640699026714,0.02615159457930366,0.1311208607004218,1.9844674545084815,7.383608787880001,7.521538303700523,98.0,7.452573545790262,0.06896475791026083,0.3457807663608405,1.9844674545084815,completed,True,COMPLETE
244,6.30903573990784,2026-06-11 14:09:47.645250,2026-06-11 14:09:49.449242,0 days 00:00:01.803992,,,,0.3529147991891853,0.7585280070076568,,,,,,,,,,ElasticNet,,,,,,2,,,,,,,,True,-0.0046388661324514215,0.0036224980351318,98.0,-0.000508184048659811,0.004130682083791611,0.02071072907099914,1.9844674545084815,6.258990281347672,6.359081198468007,98.0,6.30903573990784,0.050045458560167774,0.25092173942424345,1.9844674545084815,178170716731118.75,402552193809282.9,98.0,290361455270200.8,112190738539082.08,562510486894070.0,1.9844674545084815,16.03507234544699,16.678651361055316,98.0,16.356861853251154,0.32178950780416105,1.6134127920841366,1.9844674545084815,6.084145610722959,6.233177830169603,98.0,6.158661720446281,0.0745161097233221,0.37361455774102265,1.9844674545084815,99.0,0.29292929292929293,0.003664243323677799,0.019669529861538804,98.0,0.0116668865926083,0.008002643268930501,0.04012426355565445,1.9844674545084815,ElasticNet,"{'mode': 'original', 'type': 'ElasticNet'}",2,"['l2_T2W30', 'asp_T2W30']",0.09292479108214646,0.14544599483760412,98.0,0.11918539295987529,0.02626060187772883,0.13166740981232367,1.9844674545084815,7.3837267842584415,7.521053507761823,98.0,7.452390146010132,0.06866336175169031,0.34426960329949347,1.9844674545084815,completed,True,COMPLETE
245,6.308588416353742,2026-06-11 14:09:49.462421,2026-06-11 14:09:51.191445,0 days 00:00:01.729024,,,,0.3423672778822889,0.7578026635786919,,,,,,,,,,ElasticNet,,,,,,2,,,,,,,,True,-0.004609996303963297,0.0037344964056151425,98.0,-0.00043774994917407736,0.00417224635478922,0.020919127184967502,1.9844674545084815,6.2584249002676735,6.3587519324398105,98.0,6.308588416353742,0.05016351608606865,0.25151366525734487,1.9844674545084815,178113645276660.34,402424327540852.0,98.0,290268986408756.2,112155341132095.84,562333008673515.5,1.9844674545084815,16.03786511071608,16.683558498720974,98.0,16.360711804718527,0.32284669400244526,1.6187133929258666,1.9844674545084815,6.081394715429172,6.230793428378722,98.0,6.156094071903947,0.07469935647477503,0.37453333428821195,1.9844674545084815,99.0,0.2828282828282828,0.0035421249657211565,0.01976277978615613,98.0,0.011652452375938644,0.008110327410217487,0.040664178521318144,1.9844674545084815,ElasticNet,"{'mode': 'original', 'type': 'ElasticNet'}",2,"['l2_T2W30', 'asp_T2W30']",0.09335278534934942,0.14572487887227792,98.0,0.11953883211081368,0.026186046761464257,0.13129359968060927,1.9844674545084815,7.38356659644866,7.52124299551206,98.0,7.45240479598036,0.06883819953169987,0.3451462183039165,1.9844674545084815,completed,True,COMPLETE
246,6.3090046776730855,2026-06-11 14:09:51.204712,2026-06-11 14:09:52.848562,0 days 00:00:01.643850,,,,0.35241119359440626,0.7577838712606417,,,,,,,,,,ElasticNet,,,,,,2,,,,,,,,True,-0.004635867049057902,0.003629373383217768,98.0,-0.0005032468329200672,0.004132620216137835,0.020720446626868158,1.9844674545084815,6.258952647539997,6.359056707806174,98.0,6.3090046776730855,0.05005203013308925,0.2509546884780767,1.9844674545084815,178166522058703.75,402542773653652.75,98.0,290354647856178.25,112188125797474.52,562497386930802.7,1.9844674545084815,16.03520719065872,16.678910729273884,98.0,16.357058959966302,0.3218517693075819,1.6137249635615698,1.9844674545084815,6.084036009080456,6.233078266915563,98.0,6.1585571379980095,0.07452112891755358,0.3736397233601079,1.9844674545084815,99.0,0.29292929292929293,0.003661647854572696,0.019677016153964104,98.0,0.0116693320042684,0.008007684149695703,0.04014953790833751,1.9844674545084815,ElasticNet,"{'mode': 'original', 'type': 'ElasticNet'}",2,"['l2_T2W30', 'asp_T2W30']",0.09281064453381914,0.14532149787831083,98.0,0.11906607120606498,0.02625542667224584,0.13164146197211937,1.9844674545084815,7.383706831839807,7.521051714076505,98.0,7.452379272958156,0.06867244111834885,0.3443151261209517,1.9844674545084815,completed,True,COMPLETE
247,6.30868282944654,2026-06-11 14:09:52.861500,2026-06-11 14:09:54.768175,0 days 00:00:01.906675,,,,0.34452317133042837,0.7591745358744916,,,,,,,,,,ElasticNet,,,,,,2,,,,,,,,True,-0.004616680947672426,0.003711377270664354,98.0,-0.00045265183850403643,0.00416402910916839,0.02087792693176219,1.9844674545084815,6.258543675414737,6.358821983478343,98.0,6.30868282944654,0.05013915403180277,0.2513915169304394,1.9844674545084815,178126868103039.94,402453939620686.56,98.0,290290403861863.25,112163535758823.33,562374095518387.2,1.9844674545084815,16.037291299666187,16.682509009512955,98.0,16.35990015458957,0.3226088549233839,1.6175208972002177,1.9844674545084815,6.082042260859374,6.231329995942883,98.0,6.1566861284011285,0.07464386754175519,0.3742551196411147,1.9844674545084815,99.0,0.29292929292929293,0.003563231626296886,0.019740142127586152,98.0,0.011651686876941519,0.008088455250644633,0.040554514218444644,1.9844674545084815,ElasticNet,"{'mode': 'original', 'type': 'ElasticNet'}",2,"['l2_T2W30', 'asp_T2W30']",0.09322627507597406,0.1456041186007763,98.0,0.11941519683837518,0.026188921762401115,0.13130801457971655,1.9844674545084815,7.383614468333369,7.521216493014417,98.0,7.452415480673893,0.0688010123405238,0.3449597663268008,1.9844674545084815,completed,True,COMPLETE
248,6.308597022294975,2026-06-11 14:09:54.780613,2026-06-11 14:09:56.496684,0 days 00:00:01.716071,,,,0.34447113186868794,0.7512802116989197,,,,,,,,,,ElasticNet,,,,,,2,,,,,,,,True,-0.00460245453163727,0.0037250771740681356,98.0,-0.00043868867878456747,0.004163765852852703,0.02087660699715579,1.9844674545084815,6.258447566924291,6.35874647766566,98.0,6.308597022294975,0.050149455370684874,0.25144316656948884,1.9844674545084815,178112355032507.62,402421280993118.1,98.0,290266818012812.9,112154462980305.25,562328605729050.3,1.9844674545084815,16.037317818552566,16.682808469253153,98.0,16.36006314390286,0.32274532535029443,1.61820514304161,1.9844674545084815,6.081920048095062,6.231253498410261,98.0,6.156586773252662,0.07466672515759912,0.3743697248998467,1.9844674545084815,99.0,0.2828282828282828,0.0035946188332162694,0.01977029264033909,98.0,0.01168245573677768,0.00808783690356141,0.040551413902648686,1.9844674545084815,ElasticNet,"{'mode': 'original', 'type': 'ElasticNet'}",2,"['l2_T2W30', 'asp_T2W30']",0.09335225470763733,0.14572766329376402,98.0,0.11953995900070068,0.026187704293063337,0.1313019103390378,1.9844674545084815,7.383491723805858,7.521111929482882,98.0,7.45230182664437,0.06881010283851154,0.34500534495936697,1.9844674545084815,completed,True,COMPLETE
249,6.308963741170984,2026-06-11 14:09:56.510681,2026-06-11 14:09:58.252268,0 days 00:00:01.741587,,,,0.35103052065314516,0.7594046121736653,,,,,,,,,,ElasticNet,,,,,,2,,,,,,,,True,-0.004635059408244633,0.0036412663349042803,98.0,-0.0004968965366701761,0.004138162871574457,0.020748236815692465,1.9844674545084815,6.258898363777522,6.359029118564445,98.0,6.308963741170984,0.050065377393461785,0.251021609990749,1.9844674545084815,178162349861693.75,402533462735650.6,98.0,290347906298672.2,112185556436978.45,562484504475062.9,1.9844674545084815,16.035569104151154,16.679488812512385,98.0,16.35752895833177,0.3219598541806162,1.6142668877466502,1.9844674545084815,6.0837563003058825,6.232814818160385,98.0,6.158285559233134,0.07452925892725092,0.3736804862231825,1.9844674545084815,99.0,0.29292929292929293,0.0036388569904425606,0.019682725465902384,98.0,0.011660791228172472,0.008021934237729912,0.04022098608724056,1.9844674545084815,ElasticNet,"{'mode': 'original', 'type': 'ElasticNet'}",2,"['l2_T2W30', 'asp_T2W30']",0.09282357336004439,0.1453366722270472,98.0,0.1190801227935458,0.026256549433501402,0.13164709135818775,1.9844674545084815,7.383712522231873,7.521099010240281,98.0,7.452405766236077,0.06869324400420394,0.3444194292176559,1.9844674545084815,completed,True,COMPLETE
250,6.308928477549231,2026-06-11 14:09:58.287797,2026-06-11 14:10:00.120605,0 days 00:00:01.832808,,,,0.34990679623368914,0.7605707976509322,,,,,,,,,,ElasticNet,,,,,,2,,,,,,,,True,-0.0046340951465231135,0.003651270785810112,98.0,-0.0004914121803565004,0.004142682966166613,0.020770900010916513,1.9844674545084815,6.258851961927823,6.35900499317064,98.0,6.308928477549231,0.050076515621408836,0.2510774556880607,1.9844674545084815,178158627849683.62,402525149623851.0,98.0,290341888736767.3,112183260887083.69,562472994871812.1,1.9844674545084815,16.035864266745676,16.679966023410962,98.0,16.35791514507832,0.3220508783326446,1.614723271586737,1.9844674545084815,6.083522615945379,6.2325958005323425,98.0,6.1580592082388605,0.07453659229348178,0.3737172548144478,1.9844674545084815,99.0,0.29292929292929293,0.003620883718754936,0.019687963625588903,98.0,0.01165442367217192,0.008033539953416984,0.04027917571026024,1.9844674545084815,ElasticNet,"{'mode': 'original', 'type': 'ElasticNet'}",2,"['l2_T2W30', 'asp_T2W30']",0.09292042331770758,0.14541759421478506,98.0,0.11916900876624632,0.026248585448538732,0.13160716092259828,1.9844674545084815,7.383714743473295,7.521135580973347,98.0,7.452425162223321,0.06871041875002569,0.34450554126897376,1.9844674545084815,completed,True,COMPLETE
251,6.30854325720575,2026-06-11 14:10:00.135141,2026-06-11 14:10:01.927465,0 days 00:00:01.792324,,,,0.34063409047607807,0.7595889074695973,,,,,,,,,,ElasticNet,,,,,,2,,,,,,,,True,-0.004609831635861058,0.0037482797849169177,98.0,-0.00043077592547207045,0.004179055710388988,0.020953268451739945,1.9844674545084815,6.25836356622864,6.35872294818286,98.0,6.30854325720575,0.050179690977110114,0.25159476416045995,1.9844674545084815,178108308512178.0,402412440281546.6,98.0,290260374396862.3,112152065884684.3,562316586988088.0,1.9844674545084815,16.038322564819374,16.68430420064663,98.0,16.361313382733,0.32299081791362566,1.6194360123907783,1.9844674545084815,6.080938424662455,6.230423717465048,98.0,6.155681071063752,0.07474264640129628,0.3747503846255407,1.9844674545084815,99.0,0.2828282828282828,0.003513125961100691,0.01976990248628009,98.0,0.011641514223690391,0.0081283882625897,0.040754733401283355,1.9844674545084815,ElasticNet,"{'mode': 'original', 'type': 'ElasticNet'}",2,"['l2_T2W30', 'asp_T2W30']",0.09342776487787623,0.14577978488884635,98.0,0.11960377488336128,0.02617601000548506,0.13124327662751048,1.9844674545084815,7.38357356113217,7.521304030212248,98.0,7.452438795672209,0.06886523454003882,0.34528176849194403,1.9844674545084815,completed,True,COMPLETE
252,6.309938299138565,2026-06-11 14:10:01.967291,2026-06-11 14:10:03.613797,0 days 00:00:01.646506,,,,0.37365705041691316,0.7560400844684686,,,,,,,,,,ElasticNet,,,,,,2,,,,,,,,True,-0.004702648740360629,0.0034022829306714353,98.0,-0.0006501829048445968,0.004052465835516032,0.020318562476203113,1.9844674545084815,6.260105845671535,6.359770752605596,98.0,6.309938299138565,0.04983245346703054,0.2498537582324644,1.9844674545084815,178276273919493.22,402788783508674.5,98.0,290532528714083.9,112256254794590.66,562838977295911.6,1.9844674545084815,16.029667636381692,16.66933142553408,98.0,16.349499530957885,0.31983189457619193,1.6035975614835147,1.9844674545084815,6.088551258984766,6.237446764121116,98.0,6.162999011552941,0.07444775256817515,0.3732718234197666,1.9844674545084815,99.0,0.2828282828282828,0.003897343934354343,0.01948464555424778,98.0,0.011690994744301061,0.007793650809946718,0.03907640121522424,1.9844674545084815,ElasticNet,"{'mode': 'original', 'type': 'ElasticNet'}",2,"['l2_T2W30', 'asp_T2W30']",0.09268745067433143,0.14510950733804334,98.0,0.11889847900618739,0.02621102833185596,0.13141885418474572,1.9844674545084815,7.384041228864011,7.520711036928113,98.0,7.452376132896062,0.06833490403205147,0.3426227569180179,1.9844674545084815,completed,True,COMPLETE
