number,value,datetime_start,datetime_complete,duration,params_dt_max_depth,params_dt_min_samples_leaf,params_dt_min_samples_split,params_elastic_alpha,params_elastic_l1_ratio,params_et_max_depth,params_et_max_features,params_et_min_samples_leaf,params_et_min_samples_split,params_et_n_estimators,params_knn_metric,params_knn_n_neighbors,params_knn_weights,params_quantile_alpha,params_regressor,params_rf_max_depth,params_rf_max_features,params_rf_min_samples_leaf,params_rf_min_samples_split,params_rf_n_estimators,params_rfe_n_features,params_rfe_proxy_et_max_depth,params_rfe_proxy_et_min_samples_leaf,params_rfe_proxy_et_min_samples_split,params_rfe_proxy_et_n_estimators,params_rfe_proxy_lsvr_C,params_rfe_proxy_lsvr_epsilon,params_rfe_proxy_type,params_use_scaler,user_attrs_d2mae_ci_lower_val,user_attrs_d2mae_ci_upper_val,user_attrs_d2mae_df_val,user_attrs_d2mae_mean_val,user_attrs_d2mae_samperror_val,user_attrs_d2mae_std_val,user_attrs_d2mae_t_critical_val,user_attrs_mae_ci_lower_val,user_attrs_mae_ci_upper_val,user_attrs_mae_df_val,user_attrs_mae_mean_val,user_attrs_mae_samperror_val,user_attrs_mae_std_val,user_attrs_mae_t_critical_val,user_attrs_mape_ci_lower_val,user_attrs_mape_ci_upper_val,user_attrs_mape_df_val,user_attrs_mape_mean_val,user_attrs_mape_samperror_val,user_attrs_mape_std_val,user_attrs_mape_t_critical_val,user_attrs_max_error_ci_lower_val,user_attrs_max_error_ci_upper_val,user_attrs_max_error_df_val,user_attrs_max_error_mean_val,user_attrs_max_error_samperror_val,user_attrs_max_error_std_val,user_attrs_max_error_t_critical_val,user_attrs_median_ae_ci_lower_val,user_attrs_median_ae_ci_upper_val,user_attrs_median_ae_df_val,user_attrs_median_ae_mean_val,user_attrs_median_ae_samperror_val,user_attrs_median_ae_std_val,user_attrs_median_ae_t_critical_val,user_attrs_n_splits_val,user_attrs_r2_below_zero_val,user_attrs_r2_ci_lower_val,user_attrs_r2_ci_upper_val,user_attrs_r2_df_val,user_attrs_r2_mean_val,user_attrs_r2_samperror_val,user_attrs_r2_std_val,user_attrs_r2_t_critical_val,user_attrs_regressor_final,user_attrs_rfe_estimator,user_attrs_rfe_n_features,user_attrs_rfe_selected_features,user_attrs_rho_ci_lower_val,user_attrs_rho_ci_upper_val,user_attrs_rho_df_val,user_attrs_rho_mean_val,user_attrs_rho_samperror_val,user_attrs_rho_std_val,user_attrs_rho_t_critical_val,user_attrs_rmse_ci_lower_val,user_attrs_rmse_ci_upper_val,user_attrs_rmse_df_val,user_attrs_rmse_mean_val,user_attrs_rmse_samperror_val,user_attrs_rmse_std_val,user_attrs_rmse_t_critical_val,user_attrs_termination_reason,user_attrs_use_scaler_final,state
190,6.315402089615705,2026-06-11 14:01:40.659919,2026-06-11 14:01:56.517822,0 days 00:00:15.857903,,,,,,2.0,sqrt,1.0,8.0,311.0,,,,,ExtraTreesRegressor,,,,,,2,,,,,,,,True,-0.005025174953776973,0.002046381812273079,98.0,-0.001489396570751947,0.003535778383025026,0.017727955495115043,1.9844674545084815,6.266259538627384,6.364544640604025,98.0,6.315402089615705,0.04914255098832076,0.2463946725337525,1.9844674545084815,176158159659053.88,397982254934586.6,98.0,287070207296820.25,110912047637766.39,556099288867812.8,1.9844674545084815,15.848439724792891,16.450030442322323,98.0,16.149235083557606,0.30079535876471497,1.5081507254297521,1.9844674545084815,6.0493306341519135,6.168422920766747,98.0,6.10887677745933,0.05954614330741675,0.29855699766920457,1.9844674545084815,99.0,0.21212121212121213,0.012806577399588383,0.02413682554640309,98.0,0.018471701472995736,0.0056651240734073545,0.02840423142180842,1.9844674545084815,ExtraTreesRegressor,"{'mode': 'original', 'type': 'ExtraTreesRegressor'}",2,"['pe_T2W30', 'l2_T2W30']",0.07464387930416537,0.12511088412868016,98.0,0.09987738171642276,0.025233502412257386,0.1265176601276853,1.9844674545084815,7.361430050728021,7.493780217589052,98.0,7.4276051341585365,0.06617508343051531,0.3317936835560423,1.9844674545084815,completed,True,COMPLETE
191,6.315595640295545,2026-06-11 14:01:56.531187,2026-06-11 14:02:11.993514,0 days 00:00:15.462327,,,,,,2.0,sqrt,1.0,8.0,302.0,,,,,ExtraTreesRegressor,,,,,,2,,,,,,,,True,-0.0050593510727680825,0.0020189161834537747,98.0,-0.001520217444657154,0.0035391336281109286,0.01774477827898737,1.9844674545084815,6.266447792470613,6.364743488120476,98.0,6.315595640295545,0.04914784782493191,0.2464212302173896,1.9844674545084815,176086455922199.5,397819313055988.9,98.0,286952884489094.2,110866428566894.69,555870560488787.5,1.9844674545084815,15.84793426754156,16.449721722049993,98.0,16.148827994795777,0.30089372725421704,1.5086439328695584,1.9844674545084815,6.0500567855299145,6.169027531035544,98.0,6.109542158282729,0.05948537275281446,0.2982523016247423,1.9844674545084815,99.0,0.21212121212121213,0.012803804222291212,0.02414371976296199,98.0,0.0184737619926266,0.005669957770335389,0.028428466980357135,1.9844674545084815,ExtraTreesRegressor,"{'mode': 'original', 'type': 'ExtraTreesRegressor'}",2,"['pe_T2W30', 'l2_T2W30']",0.07506113880778759,0.12542829107930578,98.0,0.10024471494354668,0.025183576135759105,0.12626733595237852,1.9844674545084815,7.36141715747605,7.4937755640221,98.0,7.427596360749075,0.0661792032730248,0.33181433993682835,1.9844674545084815,completed,True,COMPLETE
192,6.315132236174729,2026-06-11 14:02:12.026252,2026-06-11 14:02:26.940501,0 days 00:00:14.914249,,,,,,2.0,sqrt,1.0,8.0,292.0,,,,,ExtraTreesRegressor,,,,,,2,,,,,,,,True,-0.0049915194569724874,0.002098586084805845,98.0,-0.0014464666860833212,0.0035450527708891662,0.01777445612877728,1.9844674545084815,6.265961952070307,6.364302520279151,98.0,6.315132236174729,0.049170284104422084,0.24653372294775625,1.9844674545084815,176150926430277.12,397965795793937.1,98.0,287058361112107.1,110907434681830.02,556076160077294.25,1.9844674545084815,15.845133182459708,16.446907947096623,98.0,16.146020564778166,0.30088738231845796,1.5086121201464262,1.9844674545084815,6.049960850409244,6.168943016054612,98.0,6.109451933231928,0.05949108282268447,0.29828093120882926,1.9844674545084815,99.0,0.21212121212121213,0.01294499080221637,0.024304752539753036,98.0,0.018624871670984703,0.005679880868768334,0.028478220168576582,1.9844674545084815,ExtraTreesRegressor,"{'mode': 'original', 'type': 'ExtraTreesRegressor'}",2,"['pe_T2W30', 'l2_T2W30']",0.07541546580256574,0.12558333193144888,98.0,0.1004993988670073,0.025083933064441566,0.12576773791699414,1.9844674545084815,7.360852826199353,7.4931791499784195,98.0,7.427015988088886,0.06616316188953299,0.3317339104240546,1.9844674545084815,completed,True,COMPLETE
193,6.314930912505647,2026-06-11 14:02:26.958892,2026-06-11 14:02:42.323414,0 days 00:00:15.364522,,,,,,2.0,sqrt,1.0,9.0,301.0,,,,,ExtraTreesRegressor,,,,,,2,,,,,,,,True,-0.004966281600896382,0.002136943438351669,98.0,-0.0014146690812723566,0.0035516125196240252,0.01780734589760132,1.9844674545084815,6.265746610073256,6.364115214938039,98.0,6.314930912505647,0.049184302432391275,0.24660400911035815,1.9844674545084815,176089886292738.8,397827112731614.2,98.0,286958499512176.5,110868613219437.7,555881514066432.75,1.9844674545084815,15.847479931811838,16.449421951901254,98.0,16.148450941856545,0.3009710100447071,1.5090314192224712,1.9844674545084815,6.049267725194352,6.16829702219072,98.0,6.108782373692536,0.059514648498183866,0.2983990865910985,1.9844674545084815,99.0,0.21212121212121213,0.012836479778872326,0.024178621716780355,98.0,0.01850755074782634,0.0056710709689540145,0.028434048420546643,1.9844674545084815,ExtraTreesRegressor,"{'mode': 'original', 'type': 'ExtraTreesRegressor'}",2,"['pe_T2W30', 'l2_T2W30']",0.07510662868751011,0.12547541658037834,98.0,0.10029102263394422,0.02518439394643411,0.12627143635395333,1.9844674545084815,7.361290784664734,7.493644052544746,98.0,7.42746741860474,0.06617663394000614,0.33180145761885693,1.9844674545084815,completed,True,COMPLETE
194,6.314302413178866,2026-06-11 14:02:42.341788,2026-06-11 14:02:57.464611,0 days 00:00:15.122823,,,,,,2.0,sqrt,1.0,9.0,296.0,,,,,ExtraTreesRegressor,,,,,,2,,,,,,,,True,-0.004880681410942193,0.002251862568847526,98.0,-0.0013144094210473334,0.0035662719898948594,0.017880846668404993,1.9844674545084815,6.265061859256382,6.36354296710135,98.0,6.314302413178866,0.049240553922483714,0.24688604712430165,1.9844674545084815,176083864301953.7,397814026343082.8,98.0,286948945322518.25,110865081020564.56,555863804058157.44,1.9844674545084815,15.846099773346273,16.44882658184253,98.0,16.1474631775944,0.30136340424812763,1.5109988352257415,1.9844674545084815,6.049094334224707,6.168584263529224,98.0,6.1088392988769655,0.059744964652258696,0.2995538633013264,1.9844674545084815,99.0,0.21212121212121213,0.01294593731770341,0.024342834091640793,98.0,0.0186443857046721,0.0056984483869686915,0.028571315408337922,1.9844674545084815,ExtraTreesRegressor,"{'mode': 'original', 'type': 'ExtraTreesRegressor'}",2,"['pe_T2W30', 'l2_T2W30']",0.07460423519155059,0.12495544128467152,98.0,0.09977983823811105,0.025175603046560472,0.126227359869276,1.9844674545084815,7.360731608675523,7.493154333191474,98.0,7.426942970933498,0.06621136225797596,0.3319755811098383,1.9844674545084815,completed,True,COMPLETE
195,6.331414283741209,2026-06-11 14:02:57.559264,2026-06-11 14:03:13.047658,0 days 00:00:15.488394,,,,,,3.0,sqrt,1.0,9.0,302.0,,,,,ExtraTreesRegressor,,,,,,2,,,,,,,,True,-0.00827446695421676,0.00022618215141735967,98.0,-0.0040241424013997005,0.00425032455281706,0.021310601612895903,1.9844674545084815,6.279888228445012,6.382940339037406,98.0,6.331414283741209,0.051526055296196936,0.25834526833333793,1.9844674545084815,174773797857611.34,394877443742780.5,98.0,284825620800195.94,110051822942584.6,551786228641754.56,1.9844674545084815,15.962303664026273,16.616088327811553,98.0,16.289195995918913,0.32689233189264055,1.6389977209287354,1.9844674545084815,6.0259682983833605,6.169434303652161,98.0,6.097701301017761,0.07173300263440072,0.3596604030215389,1.9844674545084815,99.0,0.3333333333333333,0.005330533063657454,0.020890473819958653,98.0,0.013110503441808053,0.007779970378150599,0.0390078092222419,1.9844674545084815,ExtraTreesRegressor,"{'mode': 'original', 'type': 'ExtraTreesRegressor'}",2,"['pe_T2W30', 'l2_T2W30']",0.04869854038544577,0.0991181415397207,98.0,0.07390834096258324,0.02520980057713747,0.1263988220579195,1.9844674545084815,7.377824570350749,7.516615304854377,98.0,7.447219937602563,0.06939536725181376,0.34793978834012534,1.9844674545084815,completed,True,COMPLETE
196,6.314442438960146,2026-06-11 14:03:13.060681,2026-06-11 14:03:28.145533,0 days 00:00:15.084852,,,,,,2.0,sqrt,1.0,9.0,295.0,,,,,ExtraTreesRegressor,,,,,,2,,,,,,,,True,-0.004897933523753014,0.002224435352564339,98.0,-0.0013367490855943375,0.0035611844381586767,0.017855338313245872,1.9844674545084815,6.26521928937368,6.3636655885466125,98.0,6.314442438960146,0.04922314958646596,0.24679878393613747,1.9844674545084815,176113375952316.8,397880750682124.94,98.0,286997063317220.9,110883687364904.08,555957093967378.4,1.9844674545084815,15.846057852773344,16.448442588376732,98.0,16.14725022057504,0.30119236780169445,1.5101412796377085,1.9844674545084815,6.049269291231841,6.168723887779903,98.0,6.108996589505872,0.05972729827403058,0.2994652862659297,1.9844674545084815,99.0,0.21212121212121213,0.012957228492779414,0.024343697647853053,98.0,0.018650463070316235,0.005693234577536821,0.028545174012708608,1.9844674545084815,ExtraTreesRegressor,"{'mode': 'original', 'type': 'ExtraTreesRegressor'}",2,"['pe_T2W30', 'l2_T2W30']",0.07529017047925983,0.1255879683645813,98.0,0.10043906942192057,0.02514889894266074,0.12609346879517921,1.9844674545084815,7.360721326193209,7.493118298133936,98.0,7.426919812163573,0.06619848597036376,0.33191102099633485,1.9844674545084815,completed,True,COMPLETE
197,6.359870487918223,2026-06-11 14:03:28.158579,2026-06-11 14:03:43.772380,0 days 00:00:15.613801,,,,,,3.0,sqrt,1.0,9.0,304.0,,,,,ExtraTreesRegressor,,,,,,2,,,,,,,,True,-0.012143003539016255,-0.0048725467678441365,98.0,-0.008507775153430196,0.0036352283855860595,0.01822658550763373,1.9844674545084815,6.309056348424514,6.410684627411932,98.0,6.359870487918223,0.050814139493708985,0.25477581055188675,1.9844674545084815,178435901026873.2,403140221579571.56,98.0,290788061303222.4,112352160276349.17,563319835519525.1,1.9844674545084815,16.02981232811496,16.734326474855752,98.0,16.382069401485357,0.3522570733703971,1.7661733974987295,1.9844674545084815,6.114063183888225,6.243818530945736,98.0,6.178940857416981,0.06487767352875545,0.3252886307767891,1.9844674545084815,99.0,0.36363636363636365,-7.165797721577112e-05,0.011021709144274543,98.0,0.005475025583529386,0.005546683560745157,0.027810385340454862,1.9844674545084815,ExtraTreesRegressor,"{'mode': 'original', 'type': 'ExtraTreesRegressor'}",2,"['pe_T2W30', 'asp_T2W30']",0.03202547944670733,0.08156935751920988,98.0,0.056797418482958606,0.02477193903625127,0.12420343844815492,1.9844674545084815,7.409286921903178,7.544643145716648,98.0,7.476965033809913,0.06767811190673513,0.339329682436017,1.9844674545084815,completed,True,COMPLETE
198,6.722422149982103,2026-06-11 14:03:43.785368,2026-06-11 14:03:45.516166,0 days 00:00:01.730798,,,,,,,,,,,,,,,RandomForestRegressor,15.0,log2,2.0,5.0,165.0,2,,,,,,,,True,,,,,,,,,,,,,,,,,,,,,,,,,,,,,,,,,,,,,,,,,,,,,RandomForestRegressor,"{'mode': 'original', 'type': 'RandomForestRegressor'}",2,"['diameter_T2W30', 'asp_T2W30']",,,,,,,,,,,,,,,pruned,True,PRUNED
199,6.315253634753326,2026-06-11 14:03:45.525860,2026-06-11 14:04:00.056989,0 days 00:00:14.531129,,,,,,2.0,sqrt,1.0,9.0,282.0,,,,,ExtraTreesRegressor,,,,,,2,,,,,,,,True,-0.005022317892427911,0.002089935130499156,98.0,-0.0014661913809643778,0.0035561265114635336,0.017829978494378396,1.9844674545084815,6.266067039094286,6.364440230412366,98.0,6.315253634753326,0.049186595659039975,0.24661550706514052,1.9844674545084815,176129412706552.16,397917115006326.0,98.0,287023263856439.06,110893851149886.9,556008053928189.94,1.9844674545084815,15.843708045139374,16.447192584513157,98.0,16.145450314826267,0.30174226968689205,1.5128984196763107,1.9844674545084815,6.04807904088245,6.167870994021986,98.0,6.107975017452218,0.0598959765697685,0.3003110183780412,1.9844674545084815,99.0,0.21212121212121213,0.013024257708685035,0.02443465955906311,98.0,0.018729458633874072,0.005705200925189036,0.028605171799797307,1.9844674545084815,ExtraTreesRegressor,"{'mode': 'original', 'type': 'ExtraTreesRegressor'}",2,"['pe_T2W30', 'l2_T2W30']",0.07689312372935928,0.127084104344146,98.0,0.10198861403675263,0.025095490307393362,0.12582568450371442,1.9844674545084815,7.360451921060888,7.492757660132356,98.0,7.426604790596622,0.06615286953573356,0.3316823058350984,1.9844674545084815,completed,True,COMPLETE
200,6.31499372639075,2026-06-11 14:04:00.070541,2026-06-11 14:04:14.430383,0 days 00:00:14.359842,,,,,,2.0,sqrt,1.0,9.0,280.0,,,,,ExtraTreesRegressor,,,,,,2,,,,,,,,True,-0.004980551591493483,0.0021315043275486533,98.0,-0.0014245236319724152,0.0035560279595210683,0.017829484367128123,1.9844674545084815,6.265794508516704,6.364192944264795,98.0,6.31499372639075,0.0491992178740456,0.24667879329001927,1.9844674545084815,176143068022979.3,397948059704224.44,98.0,287045563863601.9,110902495840622.56,556051397338333.1,1.9844674545084815,15.843408338348882,16.446860940253863,98.0,16.14513463930137,0.3017263009524908,1.5128183544170914,1.9844674545084815,6.047804354736378,6.16767017971989,98.0,6.107737267228134,0.05993291249175562,0.30049621052252123,1.9844674545084815,99.0,0.21212121212121213,0.013099797755927508,0.02452304340981887,98.0,0.01881142058287319,0.005711622826945681,0.02863737042092197,1.9844674545084815,ExtraTreesRegressor,"{'mode': 'original', 'type': 'ExtraTreesRegressor'}",2,"['pe_T2W30', 'l2_T2W30']",0.0782896595920062,0.12835267050426744,98.0,0.10332116504813682,0.02503150545613061,0.125504872373352,1.9844674545084815,7.360124301978095,7.492466841091071,98.0,7.426295571534583,0.06617126955648815,0.3317745612633833,1.9844674545084815,completed,True,COMPLETE
201,6.139705053037505,2026-06-11 14:04:14.475804,2026-06-11 14:04:15.454595,0 days 00:00:00.978791,,,,,,2.0,sqrt,1.0,9.0,280.0,,,,,ExtraTreesRegressor,,,,,,12,,,,,,,,True,,,,,,,,,,,,,,,,,,,,,,,,,,,,,,,,,,,,,,,,,,,,,ExtraTreesRegressor,"{'mode': 'original', 'type': 'ExtraTreesRegressor'}",12,"['nodes_T2W30', 'edges_T2W30', 're_T2W30', 'pe_T2W30', 'l1_T2W30', 'l2_T2W30', 'l3_T2W30', 'lcc_T2W30', 'lsc_T2W30', 'atd_T2W30', 'diameter_T2W30', 'asp_T2W30']",,,,,,,,,,,,,,,pruned,True,PRUNED
202,6.315992140714622,2026-06-11 14:04:15.464189,2026-06-11 14:04:30.090739,0 days 00:00:14.626550,,,,,,2.0,sqrt,1.0,8.0,286.0,,,,,ExtraTreesRegressor,,,,,,2,,,,,,,,True,-0.0051307599326395285,0.0019635214579344805,98.0,-0.001583619237352524,0.0035471406952870045,0.017784924723466287,1.9844674545084815,6.266837148470547,6.365147132958697,98.0,6.315992140714622,0.04915499224407542,0.24645705145132857,1.9844674545084815,176136103181406.38,397932059659996.75,98.0,287034081420701.56,110897978239295.17,556028746644030.25,1.9844674545084815,15.845811411704569,16.44824077377234,98.0,16.147026092738454,0.3012146810338853,1.5102531554241352,1.9844674545084815,6.049437027496484,6.16885142388155,98.0,6.109144225689017,0.05970719819253277,0.29936450694334776,1.9844674545084815,99.0,0.21212121212121213,0.012818932116311535,0.02419748040361549,98.0,0.018508206259963512,0.005689274143651976,0.028525316887050244,1.9844674545084815,ExtraTreesRegressor,"{'mode': 'original', 'type': 'ExtraTreesRegressor'}",2,"['pe_T2W30', 'l2_T2W30']",0.07595921245881207,0.12618757887741489,98.0,0.10107339566811348,0.025114183209301408,0.1259194084018782,1.9844674545084815,7.36129418156235,7.493607167220828,98.0,7.427450674391589,0.06615649282923926,0.3317004725805944,1.9844674545084815,completed,True,COMPLETE
203,6.314473596745562,2026-06-11 14:04:30.104576,2026-06-11 14:04:46.122039,0 days 00:00:16.017463,,,,,,2.0,sqrt,1.0,9.0,316.0,,,,,ExtraTreesRegressor,,,,,,2,,,,,,,,True,-0.004885242416015658,0.0022013348427777158,98.0,-0.0013419537866189715,0.003543288629396687,0.017765610941529147,1.9844674545084815,6.265307999707914,6.36363919378321,98.0,6.314473596745562,0.04916559703764837,0.24651022257466554,1.9844674545084815,176158808932084.94,397983027191769.44,98.0,287070918061927.2,110912109129842.27,556099597181475.7,1.9844674545084815,15.844796778129476,16.447230917284212,98.0,16.146013847706843,0.3012170695773678,1.5102651312857331,1.9844674545084815,6.048906264564108,6.168149108143373,98.0,6.1085276863537405,0.05962142178963271,0.29893443466833075,1.9844674545084815,99.0,0.21212121212121213,0.013001625105314139,0.024351877026112762,98.0,0.01867675106571345,0.005675125960399313,0.028454379646117915,1.9844674545084815,ExtraTreesRegressor,"{'mode': 'original', 'type': 'ExtraTreesRegressor'}",2,"['pe_T2W30', 'l2_T2W30']",0.0743093635473637,0.12467198654899225,98.0,0.09949067504817798,0.025181311500814273,0.12625598135286306,1.9844674545084815,7.3606536846400346,7.492992551896997,98.0,7.426823118268516,0.06616943362848071,0.33176535614742797,1.9844674545084815,completed,True,COMPLETE
204,6.3597337160899245,2026-06-11 14:04:46.135746,2026-06-11 14:05:02.139743,0 days 00:00:16.003997,,,,,,3.0,sqrt,1.0,9.0,315.0,,,,,ExtraTreesRegressor,,,,,,2,,,,,,,,True,-0.012120360888049117,-0.004850606067241275,98.0,-0.008485483477645196,0.003634877410403921,0.01822482576148032,1.9844674545084815,6.308901788711609,6.4105656434682405,98.0,6.3597337160899245,0.05083192737831629,0.2548649968052403,1.9844674545084815,178440696414247.94,403150954665039.7,98.0,290795825539643.8,112355129125395.89,563334720961447.9,1.9844674545084815,16.02940987620822,16.733498247717243,98.0,16.38145406196273,0.3520441857545116,1.7651060053233603,1.9844674545084815,6.112466751462308,6.2420623443021475,98.0,6.177264547882228,0.06479779641991944,0.32488813683256407,1.9844674545084815,99.0,0.36363636363636365,3.7074163091439447e-05,0.011112289160219379,98.0,0.005574681661655409,0.00553760749856397,0.027764879087237338,1.9844674545084815,ExtraTreesRegressor,"{'mode': 'original', 'type': 'ExtraTreesRegressor'}",2,"['pe_T2W30', 'asp_T2W30']",0.03232730250148574,0.08194465059935754,98.0,0.057135976550421644,0.024808674048935907,0.12438762325824149,1.9844674545084815,7.408914276950759,7.544276772870018,98.0,7.476595524910389,0.0676812479596293,0.3393454062173505,1.9844674545084815,completed,True,COMPLETE
205,6.316055828168569,2026-06-11 14:05:02.153060,2026-06-11 14:05:16.859179,0 days 00:00:14.706119,,,,,,2.0,sqrt,1.0,8.0,288.0,,,,,ExtraTreesRegressor,,,,,,2,,,,,,,,True,-0.005140068500051748,0.0019526244748726503,98.0,-0.0015937220125895489,0.003546346487462199,0.0177809426636631,1.9844674545084815,6.266902226390171,6.365209429946967,98.0,6.316055828168569,0.04915360177839783,0.24645007982839873,1.9844674545084815,176188391064056.8,398050387168126.2,98.0,287119389116091.5,110930998052034.7,556194303901101.0,1.9844674545084815,15.846537875285879,16.448604971688997,98.0,16.147571423487438,0.3010335482015588,1.5093449778059889,1.9844674545084815,6.0495471130200205,6.169013395328694,98.0,6.109280254174357,0.059733141154336526,0.299494581745116,1.9844674545084815,99.0,0.21212121212121213,0.01274257981813447,0.02409698319963328,98.0,0.018419781508883876,0.005677201690749405,0.02846478710135973,1.9844674545084815,ExtraTreesRegressor,"{'mode': 'original', 'type': 'ExtraTreesRegressor'}",2,"['pe_T2W30', 'l2_T2W30']",0.07529103180806093,0.12532609393850708,98.0,0.100308562873284,0.02501753106522307,0.12543480650574287,1.9844674545084815,7.361634864784875,7.49394774375175,98.0,7.427791304268313,0.06615643948343744,0.3317002051113421,1.9844674545084815,completed,True,COMPLETE
