number,value,datetime_start,datetime_complete,duration,params_dt_max_depth,params_dt_min_samples_leaf,params_dt_min_samples_split,params_elastic_alpha,params_elastic_l1_ratio,params_et_max_depth,params_et_max_features,params_et_min_samples_leaf,params_et_min_samples_split,params_et_n_estimators,params_knn_metric,params_knn_n_neighbors,params_knn_weights,params_quantile_alpha,params_regressor,params_rf_max_depth,params_rf_max_features,params_rf_min_samples_leaf,params_rf_min_samples_split,params_rf_n_estimators,params_rfe_n_features,params_rfe_proxy_et_max_depth,params_rfe_proxy_et_min_samples_leaf,params_rfe_proxy_et_min_samples_split,params_rfe_proxy_et_n_estimators,params_rfe_proxy_lsvr_C,params_rfe_proxy_lsvr_epsilon,params_rfe_proxy_type,params_use_scaler,user_attrs_d2mae_ci_lower_val,user_attrs_d2mae_ci_upper_val,user_attrs_d2mae_df_val,user_attrs_d2mae_mean_val,user_attrs_d2mae_samperror_val,user_attrs_d2mae_std_val,user_attrs_d2mae_t_critical_val,user_attrs_mae_ci_lower_val,user_attrs_mae_ci_upper_val,user_attrs_mae_df_val,user_attrs_mae_mean_val,user_attrs_mae_samperror_val,user_attrs_mae_std_val,user_attrs_mae_t_critical_val,user_attrs_mape_ci_lower_val,user_attrs_mape_ci_upper_val,user_attrs_mape_df_val,user_attrs_mape_mean_val,user_attrs_mape_samperror_val,user_attrs_mape_std_val,user_attrs_mape_t_critical_val,user_attrs_max_error_ci_lower_val,user_attrs_max_error_ci_upper_val,user_attrs_max_error_df_val,user_attrs_max_error_mean_val,user_attrs_max_error_samperror_val,user_attrs_max_error_std_val,user_attrs_max_error_t_critical_val,user_attrs_median_ae_ci_lower_val,user_attrs_median_ae_ci_upper_val,user_attrs_median_ae_df_val,user_attrs_median_ae_mean_val,user_attrs_median_ae_samperror_val,user_attrs_median_ae_std_val,user_attrs_median_ae_t_critical_val,user_attrs_n_splits_val,user_attrs_r2_below_zero_val,user_attrs_r2_ci_lower_val,user_attrs_r2_ci_upper_val,user_attrs_r2_df_val,user_attrs_r2_mean_val,user_attrs_r2_samperror_val,user_attrs_r2_std_val,user_attrs_r2_t_critical_val,user_attrs_regressor_final,user_attrs_rfe_estimator,user_attrs_rfe_n_features,user_attrs_rfe_selected_features,user_attrs_rho_ci_lower_val,user_attrs_rho_ci_upper_val,user_attrs_rho_df_val,user_attrs_rho_mean_val,user_attrs_rho_samperror_val,user_attrs_rho_std_val,user_attrs_rho_t_critical_val,user_attrs_rmse_ci_lower_val,user_attrs_rmse_ci_upper_val,user_attrs_rmse_df_val,user_attrs_rmse_mean_val,user_attrs_rmse_samperror_val,user_attrs_rmse_std_val,user_attrs_rmse_t_critical_val,user_attrs_termination_reason,user_attrs_use_scaler_final,state
223,6.314451714065886,2026-06-11 14:08:34.203104,2026-06-11 14:08:48.260025,0 days 00:00:14.056921,,,,,,2.0,sqrt,1.0,10.0,272.0,,,,,ExtraTreesRegressor,,,,,,2,,,,,,,,True,-0.0049044680906726295,0.002227918039653695,98.0,-0.001338275025509467,0.0035661930651631622,0.01788045094956195,1.9844674545084815,6.265216445636654,6.363686982495117,98.0,6.314451714065886,0.04923526842923094,0.24685954631486043,1.9844674545084815,176190312452152.88,398054288495216.1,98.0,287122300473684.5,110931988021531.61,556199267485715.56,1.9844674545084815,15.84132674687626,16.44547979111873,98.0,16.143403268997496,0.3020765221212345,1.5145743200405997,1.9844674545084815,6.049311713282096,6.16827554234955,98.0,6.108793627815823,0.059481914533726976,0.29823496254196225,1.9844674545084815,99.0,0.21212121212121213,0.013088041238481733,0.024505068557520004,98.0,0.018796554898000868,0.005708513659519136,0.02862178143999792,1.9844674545084815,ExtraTreesRegressor,"{'mode': 'original', 'type': 'ExtraTreesRegressor'}",2,"['pe_T2W30', 'l2_T2W30']",0.07808873353676674,0.1282413990005239,98.0,0.10316506626864531,0.02507633273187857,0.12572963078955884,1.9844674545084815,7.360167085058431,7.492546843636261,98.0,7.426356964347346,0.06618987928891537,0.3318678681600569,1.9844674545084815,completed,True,COMPLETE
224,6.314604988366303,2026-06-11 14:08:48.272922,2026-06-11 14:09:02.279118,0 days 00:00:14.006196,,,,,,2.0,sqrt,1.0,10.0,271.0,,,,,ExtraTreesRegressor,,,,,,2,,,,,,,,True,-0.004925823763501978,0.002200818985612611,98.0,-0.0013625023889446833,0.0035633213745572944,0.017866052648044813,1.9844674545084815,6.265373512281097,6.363836464451508,98.0,6.314604988366303,0.049231476085205964,0.2468405319709695,1.9844674545084815,176212001151852.3,398103366778654.8,98.0,287157683965253.56,110945682813401.23,556267931478330.4,1.9844674545084815,15.841636191291974,16.44542753263749,98.0,16.143531861964732,0.30189567067275774,1.5136675532462736,1.9844674545084815,6.049694957589359,6.168919868486401,98.0,6.10930741303788,0.05961245544852095,0.2988894785429847,1.9844674545084815,99.0,0.21212121212121213,0.01307394867889591,0.02447769557312607,98.0,0.01877582212601099,0.005701873447115082,0.028588488236288567,1.9844674545084815,ExtraTreesRegressor,"{'mode': 'original', 'type': 'ExtraTreesRegressor'}",2,"['pe_T2W30', 'l2_T2W30']",0.07831959433050514,0.12837569484551578,98.0,0.10334764458801046,0.025028050257505326,0.12548754843479581,1.9844674545084815,7.360255471645687,7.492617949976608,98.0,7.4264367108111475,0.06618123916546018,0.3318245476496931,1.9844674545084815,completed,True,COMPLETE
225,6.330542079862543,2026-06-11 14:09:02.292753,2026-06-11 14:09:16.535200,0 days 00:00:14.242447,,,,,,3.0,sqrt,1.0,10.0,272.0,,,,,ExtraTreesRegressor,,,,,,2,,,,,,,,True,-0.008157394226490405,0.00038425993514940504,98.0,-0.0038865671456705,0.004270827080819905,0.021413398752478167,1.9844674545084815,6.278981200986296,6.382102958738789,98.0,6.330542079862543,0.05156087887624693,0.25851986945660704,1.9844674545084815,174854630994590.56,395057751824589.94,98.0,284956191409590.25,110101560414999.7,552035606176740.3,1.9844674545084815,15.95497002129174,16.61138027983679,98.0,16.283175150564265,0.3282051292725251,1.6455799246201288,1.9844674545084815,6.031372974422545,6.1734809882907085,98.0,6.1024269813566265,0.07105400693408151,0.35625600256068907,1.9844674545084815,99.0,0.30303030303030304,0.00564953736128607,0.021249339760688348,98.0,0.01344943856098721,0.007799901199701139,0.039107739896382956,1.9844674545084815,ExtraTreesRegressor,"{'mode': 'original', 'type': 'ExtraTreesRegressor'}",2,"['pe_T2W30', 'l2_T2W30']",0.049154389762332815,0.0994642790942082,98.0,0.07430933442827051,0.025154944665937696,0.12612378130393379,1.9844674545084815,7.376560741274165,7.515275547300126,98.0,7.445918144287146,0.06935740301298,0.347749440342162,1.9844674545084815,completed,True,COMPLETE
226,6.30710159789498,2026-06-11 14:09:16.547967,2026-06-11 14:09:18.339229,0 days 00:00:01.791262,,,,0.2987258038425422,0.7614967525537156,,,,,,,,,,ElasticNet,,,,,,2,,,,,,,,True,-0.004553783293578428,0.004144667431112881,98.0,-0.00020455793123277298,0.004349225362345654,0.021806478039476048,1.9844674545084815,6.256436442111352,6.357766753678608,98.0,6.30710159789498,0.050665155783628055,0.25402882465636456,1.9844674545084815,177904201996728.12,401956574421339.0,98.0,289930388209033.56,112026186212305.44,561685441880016.3,1.9844674545084815,16.0500953291988,16.704619297000303,98.0,16.37735731309955,0.3272619839007528,1.6408511103775636,1.9844674545084815,6.070791102929729,6.223906286838092,98.0,6.1473486948839104,0.07655759195418174,0.3838502971489277,1.9844674545084815,99.0,0.29292929292929293,0.0029006566645154996,0.02003038545376684,98.0,0.01146552105914117,0.00856486439462567,0.042943170742425076,1.9844674545084815,ElasticNet,"{'mode': 'original', 'type': 'ElasticNet'}",2,"['l2_T2W30', 'asp_T2W30']",0.09409302846781588,0.14643984180865788,98.0,0.12026643513823687,0.026173406670420993,0.13123022382748878,1.9844674545084815,7.383328987233913,7.522550062428127,98.0,7.45293952483102,0.06961053759710754,0.3490186258384114,1.9844674545084815,completed,True,COMPLETE
227,6.305829105933573,2026-06-11 14:09:18.378094,2026-06-11 14:09:20.101466,0 days 00:00:01.723372,,,,0.20043154106277647,0.714666037193499,,,,,,,,,,ElasticNet,,,,,,2,,,,,,,,True,-0.004767753491803118,0.004764720684671678,98.0,-1.5164035657200707e-06,0.004766237088237398,0.02389732325563608,1.9844674545084815,6.253669397739813,6.357988814127333,98.0,6.305829105933573,0.05215970819376019,0.26152232558932503,1.9844674545084815,177341290642075.62,400701549254827.6,98.0,289021419948451.6,111680129306376.02,559950355355208.25,1.9844674545084815,16.083391363272337,16.759082153814486,98.0,16.42123675854341,0.3378453952710753,1.69391502599522,1.9844674545084815,6.042894535962999,6.203343163920385,98.0,6.123118849941692,0.08022431397869306,0.4022347878668898,1.9844674545084815,99.0,0.29292929292929293,0.0010096431042406883,0.020265487993379357,98.0,0.010637565548810023,0.009627922444569335,0.04827321232212429,1.9844674545084815,ElasticNet,"{'mode': 'original', 'type': 'ElasticNet'}",2,"['l2_T2W30', 'asp_T2W30']",0.09527003702344419,0.14669597656522068,98.0,0.12098300679433244,0.025712969770888244,0.12892165016166932,1.9844674545084815,7.384049371064367,7.5272267676288545,98.0,7.455638069346611,0.0715886982822439,0.358936878847889,1.9844674545084815,completed,True,COMPLETE
228,6.3067370938500575,2026-06-11 14:09:20.119414,2026-06-11 14:09:21.980934,0 days 00:00:01.861520,,,,0.2837896084247486,0.7759417385114161,,,,,,,,,,ElasticNet,,,,,,2,,,,,,,,True,-0.004562926784598658,0.004267007917014762,98.0,-0.00014795943379194846,0.00441496735080671,0.02213610023842191,1.9844674545084815,6.255887781489097,6.357586406211018,98.0,6.3067370938500575,0.050849312360960464,0.25495216295798306,1.9844674545084815,177850302107374.7,401836647593834.3,98.0,289843474850604.5,111993172743229.81,561519916429291.8,1.9844674545084815,16.055000067655058,16.712032916760386,98.0,16.383516492207722,0.3285164245526648,1.6471407206526663,1.9844674545084815,6.066533465084126,6.221192762598729,98.0,6.1438631138414275,0.07732964875730206,0.3877212944691013,1.9844674545084815,99.0,0.29292929292929293,0.0026020731977407716,0.020060272322585608,98.0,0.01133117276016319,0.008729099562422418,0.04376662556058099,1.9844674545084815,ElasticNet,"{'mode': 'original', 'type': 'ElasticNet'}",2,"['l2_T2W30', 'asp_T2W30']",0.0942064940052231,0.14639301369221058,98.0,0.12029975384871684,0.026093259843493737,0.13082837755011392,1.9844674545084815,7.383494790214914,7.523264905645109,98.0,7.4533798479300115,0.06988505771509752,0.35039503575640985,1.9844674545084815,completed,True,COMPLETE
229,6.306497978334889,2026-06-11 14:09:21.993979,2026-06-11 14:09:23.805631,0 days 00:00:01.811652,,,,0.2808733226573487,0.7543275278627315,,,,,,,,,,ElasticNet,,,,,,2,,,,,,,,True,-0.0045337717874722105,0.004315625097706033,98.0,-0.00010907334488308835,0.004424698442589122,0.022184890729043633,1.9844674545084815,6.255585533334481,6.357410423335296,98.0,6.306497978334889,0.05091244500040774,0.2552687022037072,1.9844674545084815,177804720301674.62,401734495461405.0,98.0,289769607881539.8,111964887579865.17,561378098118588.94,1.9844674545084815,16.056054384729304,16.714255463957752,98.0,16.385154924343528,0.3291005396142239,1.6500694013259405,1.9844674545084815,6.065143091383226,6.219944142700357,98.0,6.142543617041792,0.0774005256585655,0.3880766624857345,1.9844674545084815,99.0,0.29292929292929293,0.0026266321452759218,0.0201311846289471,98.0,0.011378908387111511,0.00875227624183559,0.043882830564586285,1.9844674545084815,ElasticNet,"{'mode': 'original', 'type': 'ElasticNet'}",2,"['l2_T2W30', 'asp_T2W30']",0.09455725363176778,0.1466868329171717,98.0,0.12062204327446974,0.026064789642701945,0.13068563148463738,1.9844674545084815,7.383238802646222,7.52315721895725,98.0,7.453198010801736,0.06995920815551435,0.35076681689347533,1.9844674545084815,completed,True,COMPLETE
230,6.115114685006108,2026-06-11 14:09:23.819005,2026-06-11 14:09:23.958445,0 days 00:00:00.139440,,,,0.2720348905237655,0.75034311031787,,,,,,,,,,ElasticNet,,,,,,3,,,,,,,,True,,,,,,,,,,,,,,,,,,,,,,,,,,,,,,,,,,,,,,,,,,,,,ElasticNet,"{'mode': 'original', 'type': 'ElasticNet'}",3,"['pe_T2W30', 'l2_T2W30', 'asp_T2W30']",,,,,,,,,,,,,,,pruned,True,PRUNED
231,6.310970601751498,2026-06-11 14:09:23.968278,2026-06-11 14:09:25.656661,0 days 00:00:01.688383,,,,0.39268369484576077,0.7615590707151947,,,,,,,,,,ElasticNet,,,,,,2,,,,,,,,True,-0.004794073058265819,0.0031687766035066564,98.0,-0.0008126482273795809,0.003981424830886237,0.01996237166558795,1.9844674545084815,6.2613205724611225,6.360620631041873,98.0,6.310970601751498,0.04965002929037519,0.24893910597357133,1.9844674545084815,178389456125710.75,403042809715286.4,98.0,290716132920498.56,112326676794787.83,563192064494862.2,1.9844674545084815,16.024728078828087,16.66062653777703,98.0,16.34267730830256,0.3179492294744703,1.5941581115180528,1.9844674545084815,6.093148041370605,6.242527347062992,98.0,6.167837694216798,0.07468965284619326,0.37448468149468145,1.9844674545084815,99.0,0.2828282828282828,0.004050124312112462,0.019261610046070923,98.0,0.011655867179091693,0.007605742866979231,0.038134254030293434,1.9844674545084815,ElasticNet,"{'mode': 'original', 'type': 'ElasticNet'}",2,"['l2_T2W30', 'asp_T2W30']",0.09214795144981437,0.1446158374838133,98.0,0.11838189446681383,0.026233943016999453,0.1315337455818872,1.9844674545084815,7.384538538775962,7.520609117933967,98.0,7.452573828354964,0.06803528957900251,0.34112052710778845,1.9844674545084815,completed,True,COMPLETE
232,6.312954425896734,2026-06-11 14:09:25.674465,2026-06-11 14:09:27.500832,0 days 00:00:01.826367,,,,0.4316155211979743,0.7572909230699175,,,,,,,,,,ElasticNet,,,,,,2,,,,,,,,True,-0.004966791450626415,0.0027185205239036183,98.0,-0.0011241354633613984,0.0038426559872650166,0.019266601847084546,1.9844674545084815,6.263628723737961,6.362280128055508,98.0,6.312954425896734,0.049325702158773174,0.24731296984962692,1.9844674545084815,178583528084863.12,403478344166936.75,98.0,291030936125899.94,112447408041036.83,563797396031094.1,1.9844674545084815,16.01649256580725,16.64528535087953,98.0,16.33088895834339,0.3143963925361405,1.5763446265365009,1.9844674545084815,6.100266008082865,6.251010592265772,98.0,6.1756383001743185,0.07537229209145388,0.37790735023922123,1.9844674545084815,99.0,0.2828282828282828,0.0043811957601557205,0.018848074695519936,98.0,0.011614635227837828,0.007233439467682108,0.03626757083399744,1.9844674545084815,ElasticNet,"{'mode': 'original', 'type': 'ElasticNet'}",2,"['l2_T2W30', 'asp_T2W30']",0.09140320797465226,0.14419559882704436,98.0,0.11779940340084831,0.02639619542619604,0.1323472590936564,1.9844674545084815,7.385377022840772,7.520340212289661,98.0,7.452858617565217,0.06748159472444441,0.33834436958994024,1.9844674545084815,completed,True,COMPLETE
233,6.30983204017952,2026-06-11 14:09:27.513755,2026-06-11 14:09:29.411809,0 days 00:00:01.898054,,,,0.37699858274452736,0.7362507692608148,,,,,,,,,,ElasticNet,,,,,,2,,,,,,,,True,-0.004672234418873607,0.0034077972586635022,98.0,-0.0006322185801050525,0.004040015838768555,0.020256139732370178,1.9844674545084815,6.260003694240192,6.359660386118849,98.0,6.30983204017952,0.049828345939328784,0.2498331635966011,1.9844674545084815,178251516743668.56,402732764975152.06,98.0,290492140859410.3,112240624115741.77,562760607005420.06,1.9844674545084815,16.028818063780722,16.66859907372506,98.0,16.34870856875289,0.31989050497216803,1.6038914267598012,1.9844674545084815,6.0889281529319454,6.237798395876855,98.0,6.1633632744044,0.07443512147245421,0.37320849266807976,1.9844674545084815,99.0,0.2828282828282828,0.004019089502398287,0.019539202143580545,98.0,0.011779145822989416,0.007760056320591129,0.03890796260067864,1.9844674545084815,ElasticNet,"{'mode': 'original', 'type': 'ElasticNet'}",2,"['l2_T2W30', 'asp_T2W30']",0.09275330666907412,0.14518407790479773,98.0,0.11896869228693592,0.0262153856178618,0.13144070107785472,1.9844674545084815,7.383752638938702,7.520370235327819,98.0,7.452061437133261,0.06830879819455882,0.3424918654776905,1.9844674545084815,completed,True,COMPLETE
234,6.3111113056164,2026-06-11 14:09:29.442648,2026-06-11 14:09:31.186133,0 days 00:00:01.743485,,,,0.3941475431623339,0.765886690836368,,,,,,,,,,ElasticNet,,,,,,2,,,,,,,,True,-0.004810908290176212,0.003140850017855553,98.0,-0.0008350291361603294,0.003975879154015882,0.019934566327668598,1.9844674545084815,6.261480546914423,6.360742064318377,98.0,6.3111113056164,0.049630758701977584,0.24884248562679917,1.9844674545084815,178407143341891.22,403082611123426.1,98.0,290744877232658.7,112337733890767.47,563247503406524.0,1.9844674545084815,16.02433622706075,16.6597919284213,98.0,16.342064077741025,0.31772785068027365,1.5930481456248502,1.9844674545084815,6.093519147799068,6.2429404254496195,98.0,6.168229786624344,0.07471063882527625,0.3745899025981846,1.9844674545084815,99.0,0.2828282828282828,0.004042075704708801,0.01922464822032135,98.0,0.011633361962515075,0.007591286257806274,0.038061770379943946,1.9844674545084815,ElasticNet,"{'mode': 'original', 'type': 'ElasticNet'}",2,"['l2_T2W30', 'asp_T2W30']",0.09224725834112787,0.14481256478761684,98.0,0.11852991156437236,0.02628265322324449,0.13177797253135204,1.9844674545084815,7.384655494334185,7.5206694383322965,98.0,7.452662466333241,0.06800697199905549,0.34097854626435087,1.9844674545084815,completed,True,COMPLETE
235,6.308455114023814,2026-06-11 14:09:31.199156,2026-06-11 14:09:33.200761,0 days 00:00:02.001605,,,,0.3383918793328681,0.7590651469665425,,,,,,,,,,ElasticNet,,,,,,2,,,,,,,,True,-0.004604635031803723,0.0037708111980889335,98.0,-0.00041691191685739486,0.0041877231149463285,0.0209967257461757,1.9844674545084815,6.258250884765524,6.3586593432821035,98.0,6.308455114023814,0.05020422925828995,0.2517177960673157,1.9844674545084815,178096399345270.0,402385803657750.0,98.0,290241101501510.0,112144702156240.02,562279666164439.94,1.9844674545084815,16.03891826793464,16.685367662918843,98.0,16.36214296542674,0.3232246974921002,1.6206086556702095,1.9844674545084815,6.080350509783039,6.229982824985719,98.0,6.155166667384379,0.07481615760134017,0.37511896069043976,1.9844674545084815,99.0,0.2828282828282828,0.0034867208593638652,0.01978941194395161,98.0,0.011638066401657737,0.008151345542293872,0.04086983836228385,1.9844674545084815,ElasticNet,"{'mode': 'original', 'type': 'ElasticNet'}",2,"['l2_T2W30', 'asp_T2W30']",0.09344102034393445,0.14578170247451075,98.0,0.1196113614092226,0.02617034106528815,0.13121485326251742,1.9844674545084815,7.383540090916405,7.521346546341,98.0,7.452443318628703,0.06890322771229775,0.3454722615585226,1.9844674545084815,completed,True,COMPLETE
236,6.30870851182658,2026-06-11 14:09:33.214550,2026-06-11 14:09:35.051995,0 days 00:00:01.837445,,,,0.3485024118333543,0.7468425280824261,,,,,,,,,,ElasticNet,,,,,,2,,,,,,,,True,-0.00460377548353026,0.0036918440176717747,98.0,-0.0004559657329292429,0.004147809750601018,0.020796605073972085,1.9844674545084815,6.2585978137709635,6.358819209882197,98.0,6.30870851182658,0.050110698055617076,0.25124884218537846,1.9844674545084815,178123985650339.1,402447177102774.1,98.0,290285581376556.6,112161595726217.53,562364368434851.7,1.9844674545084815,16.036260010085606,16.681104014990872,98.0,16.35868201253824,0.32242200245263225,1.6165840420224324,1.9844674545084815,6.08299061550637,6.2321750276671875,98.0,6.157582821586779,0.0745922060804085,0.37399609546359164,1.9844674545084815,99.0,0.2828282828282828,0.003662101944078096,0.01975452215420674,98.0,0.01170831204914242,0.008046210105064323,0.04034270228353157,1.9844674545084815,ElasticNet,"{'mode': 'original', 'type': 'ElasticNet'}",2,"['l2_T2W30', 'asp_T2W30']",0.09342048635986373,0.14578055568790274,98.0,0.11960052102388324,0.026180034664019507,0.13126345576761844,1.9844674545084815,7.3834723762260674,7.520969708673847,98.0,7.452221042449957,0.06874866622389003,0.34469730937234894,1.9844674545084815,completed,True,COMPLETE
237,6.310145719758287,2026-06-11 14:09:35.064316,2026-06-11 14:09:36.706751,0 days 00:00:01.642435,,,,0.3772739330528675,0.7588355048777913,,,,,,,,,,ElasticNet,,,,,,2,,,,,,,,True,-0.00472225602697369,0.003356306264403329,98.0,-0.0006829748812851807,0.0040392811456885095,0.020252456072136226,1.9844674545084815,6.26035139752033,6.359940041996244,98.0,6.310145719758287,0.04979432223795671,0.2496625729660913,1.9844674545084815,178301520228056.25,402845473754564.75,98.0,290573496991310.5,112271976763254.23,562917805302243.0,1.9844674545084815,16.028729465422952,16.667603656200217,98.0,16.348166560811585,0.3194370953886338,1.6016180871872354,1.9844674545084815,6.089337903671276,6.238239895004495,98.0,6.163788899337885,0.07445099566660968,0.37328808391419965,1.9844674545084815,99.0,0.2828282828282828,0.00392041818025513,0.019435945995377908,98.0,0.011678182087816518,0.007757763907561388,0.03889646872528114,1.9844674545084815,ElasticNet,"{'mode': 'original', 'type': 'ElasticNet'}",2,"['l2_T2W30', 'asp_T2W30']",0.09268515248494437,0.14529906761345734,98.0,0.11899211004920085,0.02630695756425648,0.1318998314911407,1.9844674545084815,7.384161617351558,7.5207114602708325,98.0,7.452436538811195,0.06827492145963732,0.34232201171878657,1.9844674545084815,completed,True,COMPLETE
