number,value,datetime_start,datetime_complete,duration,params_dt_max_depth,params_dt_min_samples_leaf,params_dt_min_samples_split,params_elastic_alpha,params_elastic_l1_ratio,params_et_max_depth,params_et_max_features,params_et_min_samples_leaf,params_et_min_samples_split,params_et_n_estimators,params_knn_metric,params_knn_n_neighbors,params_knn_weights,params_quantile_alpha,params_regressor,params_rf_max_depth,params_rf_max_features,params_rf_min_samples_leaf,params_rf_min_samples_split,params_rf_n_estimators,params_rfe_n_features,params_rfe_proxy_et_max_depth,params_rfe_proxy_et_min_samples_leaf,params_rfe_proxy_et_min_samples_split,params_rfe_proxy_et_n_estimators,params_rfe_proxy_lsvr_C,params_rfe_proxy_lsvr_epsilon,params_rfe_proxy_type,params_use_scaler,user_attrs_d2mae_ci_lower_val,user_attrs_d2mae_ci_upper_val,user_attrs_d2mae_df_val,user_attrs_d2mae_mean_val,user_attrs_d2mae_samperror_val,user_attrs_d2mae_std_val,user_attrs_d2mae_t_critical_val,user_attrs_mae_ci_lower_val,user_attrs_mae_ci_upper_val,user_attrs_mae_df_val,user_attrs_mae_mean_val,user_attrs_mae_samperror_val,user_attrs_mae_std_val,user_attrs_mae_t_critical_val,user_attrs_mape_ci_lower_val,user_attrs_mape_ci_upper_val,user_attrs_mape_df_val,user_attrs_mape_mean_val,user_attrs_mape_samperror_val,user_attrs_mape_std_val,user_attrs_mape_t_critical_val,user_attrs_max_error_ci_lower_val,user_attrs_max_error_ci_upper_val,user_attrs_max_error_df_val,user_attrs_max_error_mean_val,user_attrs_max_error_samperror_val,user_attrs_max_error_std_val,user_attrs_max_error_t_critical_val,user_attrs_median_ae_ci_lower_val,user_attrs_median_ae_ci_upper_val,user_attrs_median_ae_df_val,user_attrs_median_ae_mean_val,user_attrs_median_ae_samperror_val,user_attrs_median_ae_std_val,user_attrs_median_ae_t_critical_val,user_attrs_n_splits_val,user_attrs_r2_below_zero_val,user_attrs_r2_ci_lower_val,user_attrs_r2_ci_upper_val,user_attrs_r2_df_val,user_attrs_r2_mean_val,user_attrs_r2_samperror_val,user_attrs_r2_std_val,user_attrs_r2_t_critical_val,user_attrs_regressor_final,user_attrs_rfe_estimator,user_attrs_rfe_n_features,user_attrs_rfe_selected_features,user_attrs_rho_ci_lower_val,user_attrs_rho_ci_upper_val,user_attrs_rho_df_val,user_attrs_rho_mean_val,user_attrs_rho_samperror_val,user_attrs_rho_std_val,user_attrs_rho_t_critical_val,user_attrs_rmse_ci_lower_val,user_attrs_rmse_ci_upper_val,user_attrs_rmse_df_val,user_attrs_rmse_mean_val,user_attrs_rmse_samperror_val,user_attrs_rmse_std_val,user_attrs_rmse_t_critical_val,user_attrs_termination_reason,user_attrs_use_scaler_final,state
27,6.584015472065556,2026-06-11 13:21:27.078950,2026-06-11 13:21:29.022502,0 days 00:00:01.943552,,,,,,,,,,,minkowski,20.0,distance,,KNeighborsRegressor,,,,,,2,,,,,7.4910104974988885,0.6592318760277409,LinearSVR,,-0.0526842077823717,-0.03553310091421256,98.0,-0.04410865434829213,0.008575553434079572,0.042996764264189344,1.9844674545084815,6.514738713057124,6.653292231073989,98.0,6.584015472065556,0.06927675900843204,0.3473451012776896,1.9844674545084815,185202385718885.1,420262602728227.0,98.0,302732494223556.06,117530108504670.97,589281427509678.1,1.9844674545084815,17.573964802542275,18.366653925680797,98.0,17.970309364111536,0.3963445615692601,1.9872226104338948,1.9844674545084815,6.065988119406937,6.313656999928535,98.0,6.189822559667736,0.12383444026079934,0.6208905671932196,1.9844674545084815,99.0,0.9393939393939394,-0.12179919088305596,-0.0877369977688538,98.0,-0.10476809432595488,0.017031096557101076,0.08539181167202635,1.9844674545084815,KNeighborsRegressor,"{'mode': 'proxy', 'type': 'LinearSVR'}",2,"['diameter_T2W30', 'asp_T2W30']",-0.07395425971496034,-0.015822133301647928,98.0,-0.04488819650830413,0.029066063206656206,0.14573364592634733,1.9844674545084815,7.78508693058279,7.9661325394089255,98.0,7.875609734995858,0.09052280441306729,0.45387014515171376,1.9844674545084815,completed,True,COMPLETE
28,6.453652466705214,2026-06-11 13:21:29.035571,2026-06-11 13:21:30.998074,0 days 00:00:01.962503,,,,0.0001188792504471683,0.9629635936766694,,,,,,,,,,ElasticNet,,,,,,3,,,,,,,,False,-0.028389700241338058,-0.01838132910961155,98.0,-0.023385514675474804,0.005004185565863252,0.02509036749215651,1.9844674545084815,6.398283580138988,6.50902135327144,98.0,6.453652466705214,0.055368886566226204,0.27761274902652283,1.9844674545084815,175637809114005.53,396880372226005.4,98.0,286259090670005.44,110621281555999.9,554641423696796.25,1.9844674545084815,16.276765440850127,16.954835311689905,98.0,16.615800376270016,0.33903493541988855,1.699879233174905,1.9844674545084815,6.168059263716698,6.349957692453442,98.0,6.25900847808507,0.09094921436837176,0.45600811192774354,1.9844674545084815,99.0,0.696969696969697,-0.03511868400169214,-0.015338729059295174,98.0,-0.025228706530493656,0.009889977471198482,0.04958712381376538,1.9844674545084815,ElasticNet,"{'mode': 'original', 'type': 'ElasticNet'}",3,"['atd_T2W30', 'diameter_T2W30', 'asp_T2W30']",-0.031698534991397964,0.024081321594594113,98.0,-0.003808606698401925,0.02788992829299604,0.1398366509377135,1.9844674545084815,7.517425192683118,7.66192613944169,98.0,7.589675666062404,0.07225047337928614,0.3622549373338122,1.9844674545084815,completed,False,COMPLETE
29,7.373303620466741,2026-06-11 13:21:31.011166,2026-06-11 13:21:32.765563,0 days 00:00:01.754397,20.0,5.0,2.0,,,,,,,,,,,,DecisionTreeRegressor,,,,,,3,,,,,,,,True,-0.19064639573873501,-0.14902266222749253,98.0,-0.16983452898311377,0.020811866755621248,0.10434812582859393,1.9844674545084815,7.240374341875497,7.506232899057985,98.0,7.373303620466741,0.1329292785912443,0.6664909617008222,1.9844674545084815,150436372750919.88,363910442939970.25,98.0,257173407845445.06,106737035094525.19,535166292356078.8,1.9844674545084815,20.349131081909153,21.56174754563614,98.0,20.955439313772647,0.6063082318634943,3.0399544842519166,1.9844674545084815,6.324803219649834,6.7129392847593365,98.0,6.518871252204585,0.19406803255475152,0.9730331122200373,1.9844674545084815,99.0,0.98989898989899,-0.49681153018067353,-0.40640031381103,98.0,-0.45160592199585176,0.0452056081848218,0.2266553282517924,1.9844674545084815,DecisionTreeRegressor,"{'mode': 'original', 'type': 'DecisionTreeRegressor'}",3,"['l2_T2W30', 'lsc_T2W30', 'asp_T2W30']",-0.004097654183623366,0.049911906549018184,98.0,0.02290712618269741,0.027004780366320775,0.135398628711539,1.9844674545084815,8.856500853095445,9.1476683863615,98.0,9.002084619728473,0.1455837666330269,0.7299389995912104,1.9844674545084815,completed,True,COMPLETE
30,6.4056874248229,2026-06-11 13:21:32.778268,2026-06-11 13:21:34.508760,0 days 00:00:01.730492,,,,,,,,,,,,,,,LinearRegression,,,,,,2,,,,,,,,False,-0.020372691486628933,-0.011331695994462803,98.0,-0.015852193740545868,0.004520497746083064,0.02266521658797109,1.9844674545084815,6.354437095728157,6.456937753917643,98.0,6.4056874248229,0.05125032909474334,0.2569628112620255,1.9844674545084815,176731398617809.62,399349874714707.0,98.0,288040636666258.3,111309238048448.69,558090752461081.9,1.9844674545084815,16.33308875736492,17.03664448662785,98.0,16.684866621996385,0.3517778646314657,1.7637707041519317,1.9844674545084815,6.123415382960264,6.297752681300352,98.0,6.210584032130308,0.08716864917004431,0.4370528256167871,1.9844674545084815,99.0,0.5454545454545454,-0.026042515132947537,-0.008054397376901272,98.0,-0.017048456254924405,0.008994058878023133,0.045095098797912944,1.9844674545084815,LinearRegression,"{'mode': 'original', 'type': 'LinearRegression'}",2,"['density_T2W30', 'asp_T2W30']",0.023622006134686537,0.08042959850562213,98.0,0.05202580232015434,0.0284037961854678,0.14241312099359807,1.9844674545084815,7.489654776684917,7.629174471225188,98.0,7.559414623955052,0.0697598472701357,0.3497672460718348,1.9844674545084815,completed,False,COMPLETE
31,6.330109606705351,2026-06-11 13:21:34.521473,2026-06-11 13:21:36.719027,0 days 00:00:02.197554,,,,,,,,,,,,,,0.5666133038668838,QuantileRegressor,,,,,,4,,,,,,,,False,-0.004913272175107958,-0.0025695569213330808,98.0,-0.0037414145482205195,0.001171857626887439,0.005875549201785084,1.9844674545084815,6.282772519194316,6.3774466942163865,98.0,6.330109606705351,0.047337087511035505,0.23734230196464884,1.9844674545084815,163305468686774.3,369034912799101.4,98.0,266170190742937.84,102864722056163.55,515750993722883.1,1.9844674545084815,17.42464761459776,17.989493799543652,98.0,17.707070707070706,0.282423092472946,1.4160344545886403,1.9844674545084815,5.80194971207936,5.955626045496397,98.0,5.878787878787879,0.07683816670851838,0.3852570642647098,1.9844674545084815,99.0,1.0,-0.03644772985381353,-0.03141677022195434,98.0,-0.033932250037883936,0.002515479815929598,0.012612304673775266,1.9844674545084815,QuantileRegressor,"{'mode': 'original', 'type': 'QuantileRegressor'}",4,"['atd_T2W30', 'density_T2W30', 'diameter_T2W30', 'asp_T2W30']",,,,,,,,7.557252049162439,7.691690488979247,98.0,7.624471269070843,0.06721921990840433,0.3370288547137454,1.9844674545084815,completed,False,COMPLETE
32,6.329894691596819,2026-06-11 13:21:36.731549,2026-06-11 13:21:38.864632,0 days 00:00:02.133083,,,,,,,,,,,,,,0.5685176287340171,QuantileRegressor,,,,,,6,,,,,,,,False,-0.004793250966053816,-0.0026254150595798197,98.0,-0.0037093330128168175,0.0010839179532369978,0.005434630554786577,1.9844674545084815,6.282693622130791,6.377095761062847,98.0,6.329894691596819,0.04720106946602785,0.2366603243101655,1.9844674545084815,163305468686774.3,369034912799101.4,98.0,266170190742937.84,102864722056163.55,515750993722883.1,1.9844674545084815,17.414256403955253,17.979682989984138,98.0,17.696969696969695,0.2827132930144408,1.4174894842106824,1.9844674545084815,5.81410588024748,5.963671897530299,98.0,5.888888888888889,0.07478300864140913,0.3749527559053243,1.9844674545084815,99.0,1.0,-0.03628796358695671,-0.0310731621430881,98.0,-0.033680562865022405,0.0026074007219343063,0.0130731847273854,1.9844674545084815,QuantileRegressor,"{'mode': 'original', 'type': 'QuantileRegressor'}",6,"['lcc_T2W30', 'lsc_T2W30', 'atd_T2W30', 'density_T2W30', 'diameter_T2W30', 'asp_T2W30']",,,,,,,,7.556517983956788,7.69042640953194,98.0,7.623472196744364,0.06695421278757632,0.3357001417869165,1.9844674545084815,completed,False,COMPLETE
33,6.329035031162691,2026-06-11 13:21:38.877488,2026-06-11 13:21:40.872183,0 days 00:00:01.994695,,,,,,,,,,,,,,0.8472738932568814,QuantileRegressor,,,,,,3,,,,,,,,False,-0.004649182931232083,-0.002490074393065753,98.0,-0.0035696286621489178,0.0010795542690831652,0.005412751582154899,1.9844674545084815,6.2817369734587185,6.376333088866664,98.0,6.329035031162691,0.04729805770397312,0.23714661133938036,1.9844674545084815,163305468686774.3,369034912799101.4,98.0,266170190742937.84,102864722056163.55,515750993722883.1,1.9844674545084815,17.433618522138016,18.000724912205417,98.0,17.717171717171716,0.2835531950337024,1.4217006490532562,1.9844674545084815,5.80194971207936,5.955626045496397,98.0,5.878787878787879,0.07683816670851838,0.3852570642647098,1.9844674545084815,99.0,1.0,-0.03676161324354874,-0.03185374552700306,98.0,-0.0343076793852759,0.002453933858272843,0.012303720854302477,1.9844674545084815,QuantileRegressor,"{'mode': 'original', 'type': 'QuantileRegressor'}",3,"['density_T2W30', 'diameter_T2W30', 'asp_T2W30']",,,,,,,,7.558654957439963,7.69308068127485,98.0,7.625867819357406,0.06721286191744377,0.33699697653344757,1.9844674545084815,completed,False,COMPLETE
34,6.449298381682361,2026-06-11 13:21:40.884608,2026-06-11 13:21:42.626513,0 days 00:00:01.741905,,,,0.002308227598485473,0.9566761854597826,,,,,,,,,,ElasticNet,,,,,,3,,,,,,,,False,-0.027591988143753948,-0.017799938832408674,98.0,-0.02269596348808131,0.0048960246556726365,0.02454806206617846,1.9844674545084815,6.394351179513429,6.504245583851293,98.0,6.449298381682361,0.054947202168931876,0.27549847561388247,1.9844674545084815,175651717529618.16,396910152732109.6,98.0,286280935130863.9,110629217601245.72,554681214046101.1,1.9844674545084815,16.27128986104688,16.94826763816753,98.0,16.609778749607205,0.33848888856032294,1.6971414217580185,1.9844674545084815,6.172526891067837,6.352840175320806,98.0,6.262683533194322,0.09015664212648494,0.45203425273501546,1.9844674545084815,99.0,0.7070707070707071,-0.033719268766085664,-0.01427546904995741,98.0,-0.023997368908021538,0.009721899858064128,0.04874440344993371,1.9844674545084815,ElasticNet,"{'mode': 'original', 'type': 'ElasticNet'}",3,"['atd_T2W30', 'diameter_T2W30', 'asp_T2W30']",-0.02868592182175645,0.027736475751439726,98.0,-0.0004747230351583623,0.02821119878659809,0.14144746145678172,1.9844674545084815,7.513260724793081,7.657079839266146,98.0,7.585170282029614,0.07190955723653245,0.36054562595973993,1.9844674545084815,completed,False,COMPLETE
35,6.31854157839574,2026-06-11 13:21:42.639684,2026-06-11 13:22:05.342463,0 days 00:00:22.702779,,,,,,2.0,log2,1.0,2.0,441.0,,,,,ExtraTreesRegressor,,,,,,2,,,,,,,,False,-0.005467264163614434,0.0014911639147202563,98.0,-0.001988050124447089,0.003479214039167345,0.017444348871087482,1.9844674545084815,6.269565766584303,6.367517390207177,98.0,6.31854157839574,0.048975811811437474,0.24555866292374123,1.9844674545084815,176137607587217.44,397936271902777.8,98.0,287036939744997.6,110899332157780.17,556035535023856.7,1.9844674545084815,15.843770209508719,16.446080880593527,98.0,16.144925545051123,0.30115533554240453,1.5099556044699074,1.9844674545084815,6.04865528968292,6.166650041688357,98.0,6.107652665685639,0.0589973760027183,0.2958055462768961,1.9844674545084815,99.0,0.21212121212121213,0.012920432913597273,0.024250562375488584,98.0,0.01858549764454293,0.005665064730945656,0.028403933886045146,1.9844674545084815,ExtraTreesRegressor,"{'mode': 'original', 'type': 'ExtraTreesRegressor'}",2,"['pe_T2W30', 'l2_T2W30']",0.07402126107492281,0.12372667096924107,98.0,0.09887396602208194,0.02485270494715913,0.12460838873603804,1.9844674545084815,7.361075232696063,7.493231136052099,98.0,7.427153184374081,0.06607795167801812,0.33130667696261445,1.9844674545084815,completed,False,COMPLETE
36,6.319399152573074,2026-06-11 13:22:05.361245,2026-06-11 13:22:30.531284,0 days 00:00:25.170039,,,,,,2.0,log2,1.0,2.0,496.0,,,,,ExtraTreesRegressor,,,,,,2,,,,,,,,False,-0.005580731160322979,0.0013344683327752428,98.0,-0.002123131413773868,0.0034575997465491107,0.017335977481230568,1.9844674545084815,6.270448269450056,6.368350035696092,98.0,6.319399152573074,0.048950883123017944,0.24543367356327261,1.9844674545084815,176188579012597.66,398052561885053.4,98.0,287120570448825.5,110931991436227.84,556199284606580.1,1.9844674545084815,15.838410315018903,16.441537373497674,98.0,16.13997384425829,0.301563529239386,1.512002237179756,1.9844674545084815,6.051461046489844,6.169186938316622,98.0,6.110323992403233,0.05886294591338882,0.2951315304357793,1.9844674545084815,99.0,0.2222222222222222,0.012774021614360465,0.02409190392574437,98.0,0.01843296277005242,0.005658941155691954,0.02837323103710818,1.9844674545084815,ExtraTreesRegressor,"{'mode': 'original', 'type': 'ExtraTreesRegressor'}",2,"['pe_T2W30', 'l2_T2W30']",0.07518827111360815,0.12455546451835617,98.0,0.09987186781598216,0.024683596702374012,0.12376050091258158,1.9844674545084815,7.361674618102079,7.493780138291582,98.0,7.42772737819683,0.0660527600947518,0.3311803694798998,1.9844674545084815,completed,False,COMPLETE
37,6.3194767243573375,2026-06-11 13:22:30.543769,2026-06-11 13:22:55.830195,0 days 00:00:25.286426,,,,,,2.0,log2,1.0,2.0,495.0,,,,,ExtraTreesRegressor,,,,,,2,,,,,,,,True,-0.005593499776881557,0.0013226300820144607,98.0,-0.0021354348474335485,0.0034580649294480093,0.017338309850750206,1.9844674545084815,6.270524271223026,6.368429177491649,98.0,6.3194767243573375,0.04895245313431119,0.24544154540571247,1.9844674545084815,176173999093624.78,398019531336195.9,98.0,287096765214910.3,110922766121285.53,556153030018478.44,1.9844674545084815,15.83866779148777,16.441645408590045,98.0,16.140156600038907,0.3014888085511364,1.511627596890587,1.9844674545084815,6.051384533412492,6.169079974267815,98.0,6.110232253840153,0.058847720427661294,0.2950551917334825,1.9844674545084815,99.0,0.2222222222222222,0.012766253914644853,0.02408287489166304,98.0,0.018424564403153945,0.005658310488509092,0.02837006894985642,1.9844674545084815,ExtraTreesRegressor,"{'mode': 'original', 'type': 'ExtraTreesRegressor'}",2,"['pe_T2W30', 'l2_T2W30']",0.0751865966699001,0.12461066146305239,98.0,0.09989862906647624,0.024712032396576142,0.12390307396628546,1.9844674545084815,7.361710128127049,7.493807053904556,98.0,7.427758591015802,0.06604846288875314,0.3311588238205159,1.9844674545084815,completed,True,COMPLETE
38,6.319399152573074,2026-06-11 13:22:55.843325,2026-06-11 13:23:21.080919,0 days 00:00:25.237594,,,,,,2.0,log2,1.0,2.0,496.0,,,,,ExtraTreesRegressor,,,,,,2,,,,,,,,True,-0.005580731160322979,0.0013344683327752428,98.0,-0.002123131413773868,0.0034575997465491107,0.017335977481230568,1.9844674545084815,6.270448269450056,6.368350035696092,98.0,6.319399152573074,0.048950883123017944,0.24543367356327261,1.9844674545084815,176188579012597.66,398052561885053.4,98.0,287120570448825.5,110931991436227.84,556199284606580.1,1.9844674545084815,15.838410315018903,16.441537373497674,98.0,16.13997384425829,0.301563529239386,1.512002237179756,1.9844674545084815,6.051461046489844,6.169186938316622,98.0,6.110323992403233,0.05886294591338882,0.2951315304357793,1.9844674545084815,99.0,0.2222222222222222,0.012774021614360465,0.02409190392574437,98.0,0.01843296277005242,0.005658941155691954,0.02837323103710818,1.9844674545084815,ExtraTreesRegressor,"{'mode': 'original', 'type': 'ExtraTreesRegressor'}",2,"['pe_T2W30', 'l2_T2W30']",0.07518827111360815,0.12455546451835617,98.0,0.09987186781598216,0.024683596702374012,0.12376050091258158,1.9844674545084815,7.361674618102079,7.493780138291582,98.0,7.42772737819683,0.0660527600947518,0.3311803694798998,1.9844674545084815,completed,True,COMPLETE
39,6.337611586906895,2026-06-11 13:23:21.093370,2026-06-11 13:23:45.924219,0 days 00:00:24.830849,,,,,,2.0,log2,1.0,2.0,493.0,,,,,ExtraTreesRegressor,,,,,,3,,,,,,,,True,-0.008096571291283978,-0.0018816765148446327,98.0,-0.0049891239030643054,0.0031074473882196727,0.01558035686462873,1.9844674545084815,6.288735609577974,6.386487564235817,98.0,6.337611586906895,0.04887597732892179,0.2450581051762837,1.9844674545084815,177653291256434.56,401355484662543.2,98.0,289504387959488.9,111851096703054.31,560807564736310.75,1.9844674545084815,15.963260830297955,16.550426037955425,98.0,16.25684343412669,0.2935826038287359,1.471986864279379,1.9844674545084815,6.116041935048954,6.2378576996887665,98.0,6.17694981736886,0.06090788231990607,0.30538458865320706,1.9844674545084815,99.0,0.2828282828282828,0.007349564661800424,0.015712155389644447,98.0,0.011530860025722435,0.004181295363922011,0.02096449779754638,1.9844674545084815,ExtraTreesRegressor,"{'mode': 'original', 'type': 'ExtraTreesRegressor'}",3,"['pe_T2W30', 'l2_T2W30', 'diameter_T2W30']",0.07568897312749574,0.12622112052402068,98.0,0.10095504682575822,0.025266073698262472,0.12668096852718483,1.9844674545084815,7.388911988878011,7.519717406459261,98.0,7.454314697668636,0.06540270879062529,0.3279210926416165,1.9844674545084815,completed,True,COMPLETE
40,6.319486072423176,2026-06-11 13:23:45.939318,2026-06-11 13:24:10.694165,0 days 00:00:24.754847,,,,,,2.0,log2,1.0,2.0,488.0,,,,,ExtraTreesRegressor,,,,,,2,,,,,,,,True,-0.005604081891372981,0.0013296219943065143,98.0,-0.0021372299485332333,0.0034668519428397476,0.017382366849087994,1.9844674545084815,6.270519296818307,6.368452848028046,98.0,6.319486072423176,0.04896677560486934,0.24551335650163805,1.9844674545084815,176190985304889.22,398058125854591.4,98.0,287124555579740.3,110933570274851.1,556207200708160.9,1.9844674545084815,15.840151079188967,16.442980568950976,98.0,16.14156582406997,0.3014147448810038,1.5112562508089946,1.9844674545084815,6.051569042332868,6.169500396922957,98.0,6.110534719627912,0.05896567729504481,0.29564661287722765,1.9844674545084815,99.0,0.2222222222222222,0.012728587105959855,0.024065858905360168,98.0,0.01839722300566001,0.005668635899700157,0.02842183928448564,1.9844674545084815,ExtraTreesRegressor,"{'mode': 'original', 'type': 'ExtraTreesRegressor'}",2,"['pe_T2W30', 'l2_T2W30']",0.07528370765674111,0.12475411169654624,98.0,0.10001890967664367,0.024735202019902567,0.12401924359194451,1.9844674545084815,7.361791888964574,7.493929511087543,98.0,7.427860700026058,0.06606881106148448,0.331260847041858,1.9844674545084815,completed,True,COMPLETE
41,6.319440590477602,2026-06-11 13:24:10.706901,2026-06-11 13:24:35.656468,0 days 00:00:24.949567,,,,,,2.0,log2,1.0,2.0,494.0,,,,,ExtraTreesRegressor,,,,,,2,,,,,,,,True,-0.005589465422903934,0.0013295803611086368,98.0,-0.002129942530897649,0.0034595228920062857,0.017345619894691522,1.9844674545084815,6.270492207323637,6.368388973631567,98.0,6.319440590477602,0.04894838315396481,0.24542113902764506,1.9844674545084815,176174366138484.1,398020351895011.75,98.0,287097359016747.94,110922992878263.84,556154166949921.6,1.9844674545084815,15.83859760495233,16.441721787458246,98.0,16.140159696205288,0.3015620912529573,1.5119950272936573,1.9844674545084815,6.051350234442616,6.168897261927789,98.0,6.110123748185202,0.05877351374258631,0.2946831285926575,1.9844674545084815,99.0,0.2222222222222222,0.012768512801111213,0.0240918961310665,98.0,0.018430204466088857,0.005661691664977644,0.028387021750474074,1.9844674545084815,ExtraTreesRegressor,"{'mode': 'original', 'type': 'ExtraTreesRegressor'}",2,"['pe_T2W30', 'l2_T2W30']",0.0751933346095904,0.12461563484180235,98.0,0.09990448472569638,0.024711150116105973,0.12389865032113155,1.9844674545084815,7.361690149756681,7.493778685087532,98.0,7.427734417422107,0.06604426766542557,0.33113778948963124,1.9844674545084815,completed,True,COMPLETE
