number,value,datetime_start,datetime_complete,duration,params_dt_max_depth,params_dt_min_samples_leaf,params_dt_min_samples_split,params_elastic_alpha,params_elastic_l1_ratio,params_et_max_depth,params_et_max_features,params_et_min_samples_leaf,params_et_min_samples_split,params_et_n_estimators,params_knn_metric,params_knn_n_neighbors,params_knn_weights,params_quantile_alpha,params_regressor,params_rf_max_depth,params_rf_max_features,params_rf_min_samples_leaf,params_rf_min_samples_split,params_rf_n_estimators,params_rfe_n_features,params_rfe_proxy_et_max_depth,params_rfe_proxy_et_min_samples_leaf,params_rfe_proxy_et_min_samples_split,params_rfe_proxy_et_n_estimators,params_rfe_proxy_lsvr_C,params_rfe_proxy_lsvr_epsilon,params_rfe_proxy_type,params_ridge_alpha,params_ridge_solver,params_use_scaler,user_attrs_d2mae_ci_lower_val,user_attrs_d2mae_ci_upper_val,user_attrs_d2mae_df_val,user_attrs_d2mae_mean_val,user_attrs_d2mae_samperror_val,user_attrs_d2mae_std_val,user_attrs_d2mae_t_critical_val,user_attrs_mae_ci_lower_val,user_attrs_mae_ci_upper_val,user_attrs_mae_df_val,user_attrs_mae_mean_val,user_attrs_mae_samperror_val,user_attrs_mae_std_val,user_attrs_mae_t_critical_val,user_attrs_mape_ci_lower_val,user_attrs_mape_ci_upper_val,user_attrs_mape_df_val,user_attrs_mape_mean_val,user_attrs_mape_samperror_val,user_attrs_mape_std_val,user_attrs_mape_t_critical_val,user_attrs_max_error_ci_lower_val,user_attrs_max_error_ci_upper_val,user_attrs_max_error_df_val,user_attrs_max_error_mean_val,user_attrs_max_error_samperror_val,user_attrs_max_error_std_val,user_attrs_max_error_t_critical_val,user_attrs_median_ae_ci_lower_val,user_attrs_median_ae_ci_upper_val,user_attrs_median_ae_df_val,user_attrs_median_ae_mean_val,user_attrs_median_ae_samperror_val,user_attrs_median_ae_std_val,user_attrs_median_ae_t_critical_val,user_attrs_n_splits_val,user_attrs_r2_below_zero_val,user_attrs_r2_ci_lower_val,user_attrs_r2_ci_upper_val,user_attrs_r2_df_val,user_attrs_r2_mean_val,user_attrs_r2_samperror_val,user_attrs_r2_std_val,user_attrs_r2_t_critical_val,user_attrs_regressor_final,user_attrs_rfe_estimator,user_attrs_rfe_n_features,user_attrs_rfe_selected_features,user_attrs_rho_ci_lower_val,user_attrs_rho_ci_upper_val,user_attrs_rho_df_val,user_attrs_rho_mean_val,user_attrs_rho_samperror_val,user_attrs_rho_std_val,user_attrs_rho_t_critical_val,user_attrs_rmse_ci_lower_val,user_attrs_rmse_ci_upper_val,user_attrs_rmse_df_val,user_attrs_rmse_mean_val,user_attrs_rmse_samperror_val,user_attrs_rmse_std_val,user_attrs_rmse_t_critical_val,user_attrs_termination_reason,user_attrs_use_scaler_final,state
244,2.8524015666872806,2026-06-09 21:26:24.638895,2026-06-09 21:26:26.728511,0 days 00:00:02.089616,,,,,,,,,,,,,,9.79152611107408,QuantileRegressor,,,,,,4,,,,,,,,,,True,-0.0021366239032900173,-0.0003373548466185717,98.0,-0.0012369893749542946,0.0008996345283357229,0.004510656255146754,1.9844674545084815,2.8288476122758714,2.87595552109869,98.0,2.8524015666872806,0.02355395441140907,0.11809661418377225,1.9844674545084815,895808466426701.4,1081653336562200.9,98.0,988730901494451.1,92922435067749.72,465901596459623.1,1.9844674545084815,8.498632602859773,8.8751047708776,98.0,8.686868686868687,0.1882360840089134,0.9437924435268922,1.9844674545084815,2.5292803316943395,2.723244920830913,98.0,2.6262626262626263,0.096982294568287,0.48625722985776854,1.9844674545084815,99.0,1.0,-0.039213189619550365,-0.03441658042164543,98.0,-0.0368148850205979,0.0023983045989524688,0.012024802628490464,1.9844674545084815,QuantileRegressor,"{'mode': 'original', 'type': 'QuantileRegressor'}",4,"['z_atd_T2W10', 'z_density_T2W10', 'z_diameter_T2W10', 'z_asp_T2W10']",,,,,,,,3.5137282305785247,3.5820538077534714,98.0,3.547891019165998,0.03416278858747357,0.17128799660503746,1.9844674545084815,completed,True,COMPLETE
245,2.8416326530612244,2026-06-09 21:26:26.742266,2026-06-09 21:26:26.998054,0 days 00:00:00.255788,,,,,,,,,,,minkowski,5.0,uniform,,KNeighborsRegressor,,,,,,19,7.0,3.0,8.0,60.0,,,ExtraTrees,,,True,,,,,,,,,,,,,,,,,,,,,,,,,,,,,,,,,,,,,,,,,,,,,KNeighborsRegressor,"{'mode': 'proxy', 'type': 'ExtraTrees'}",19,"['nodes_T2W10', 're_T2W10', 'pe_T2W10', 'l2_T2W10', 'l3_T2W10', 'lcc_T2W10', 'lsc_T2W10', 'atd_T2W10', 'density_T2W10', 'diameter_T2W10', 'asp_T2W10', 'z_re_T2W10', 'z_pe_T2W10', 'z_l1_T2W10', 'z_l2_T2W10', 'z_l3_T2W10', 'z_atd_T2W10', 'z_diameter_T2W10', 'z_asp_T2W10']",,,,,,,,,,,,,,,pruned,True,PRUNED
246,2.8524015666872806,2026-06-09 21:26:27.008106,2026-06-09 21:26:29.510923,0 days 00:00:02.502817,,,,,,,,,,,,,,6.610151533165364,QuantileRegressor,,,,,,17,,,,,,,,,,True,-0.0021366239032900173,-0.0003373548466185717,98.0,-0.0012369893749542946,0.0008996345283357229,0.004510656255146754,1.9844674545084815,2.8288476122758714,2.87595552109869,98.0,2.8524015666872806,0.02355395441140907,0.11809661418377225,1.9844674545084815,895808466426701.4,1081653336562200.9,98.0,988730901494451.1,92922435067749.72,465901596459623.1,1.9844674545084815,8.498632602859773,8.8751047708776,98.0,8.686868686868687,0.1882360840089134,0.9437924435268922,1.9844674545084815,2.5292803316943395,2.723244920830913,98.0,2.6262626262626263,0.096982294568287,0.48625722985776854,1.9844674545084815,99.0,1.0,-0.039213189619550365,-0.03441658042164543,98.0,-0.0368148850205979,0.0023983045989524688,0.012024802628490464,1.9844674545084815,QuantileRegressor,"{'mode': 'original', 'type': 'QuantileRegressor'}",17,"['l3_T2W10', 'lcc_T2W10', 'lsc_T2W10', 'atd_T2W10', 'density_T2W10', 'diameter_T2W10', 'asp_T2W10', 'z_re_T2W10', 'z_pe_T2W10', 'z_l1_T2W10', 'z_l2_T2W10', 'z_l3_T2W10', 'z_lsc_T2W10', 'z_atd_T2W10', 'z_density_T2W10', 'z_diameter_T2W10', 'z_asp_T2W10']",,,,,,,,3.5137282305785247,3.5820538077534714,98.0,3.547891019165998,0.03416278858747357,0.17128799660503746,1.9844674545084815,completed,True,COMPLETE
247,2.8524015666872806,2026-06-09 21:26:29.585313,2026-06-09 21:26:31.767939,0 days 00:00:02.182626,,,,,,,,,,,,,,1.073832035486907,QuantileRegressor,,,,,,4,,,,,,,,,,True,-0.0021366239032900173,-0.0003373548466185717,98.0,-0.0012369893749542946,0.0008996345283357229,0.004510656255146754,1.9844674545084815,2.8288476122758714,2.87595552109869,98.0,2.8524015666872806,0.02355395441140907,0.11809661418377225,1.9844674545084815,895808466426701.4,1081653336562200.9,98.0,988730901494451.1,92922435067749.72,465901596459623.1,1.9844674545084815,8.498632602859773,8.8751047708776,98.0,8.686868686868687,0.1882360840089134,0.9437924435268922,1.9844674545084815,2.5292803316943395,2.723244920830913,98.0,2.6262626262626263,0.096982294568287,0.48625722985776854,1.9844674545084815,99.0,1.0,-0.039213189619550365,-0.03441658042164543,98.0,-0.0368148850205979,0.0023983045989524688,0.012024802628490464,1.9844674545084815,QuantileRegressor,"{'mode': 'original', 'type': 'QuantileRegressor'}",4,"['z_atd_T2W10', 'z_density_T2W10', 'z_diameter_T2W10', 'z_asp_T2W10']",,,,,,,,3.5137282305785247,3.5820538077534714,98.0,3.547891019165998,0.03416278858747357,0.17128799660503746,1.9844674545084815,completed,True,COMPLETE
248,3.2277774153284353,2026-06-09 21:26:31.800155,2026-06-09 21:26:31.986781,0 days 00:00:00.186626,16.0,4.0,16.0,,,,,,,,,,,,DecisionTreeRegressor,,,,,,15,,,,,,,,,,True,,,,,,,,,,,,,,,,,,,,,,,,,,,,,,,,,,,,,,,,,,,,,DecisionTreeRegressor,"{'mode': 'original', 'type': 'DecisionTreeRegressor'}",15,"['nodes_T2W10', 'pe_T2W10', 'l2_T2W10', 'lcc_T2W10', 'density_T2W10', 'asp_T2W10', 'z_re_T2W10', 'z_l1_T2W10', 'z_l2_T2W10', 'z_l3_T2W10', 'z_lsc_T2W10', 'z_atd_T2W10', 'z_density_T2W10', 'z_diameter_T2W10', 'z_asp_T2W10']",,,,,,,,,,,,,,,pruned,True,PRUNED
249,2.8524015666872806,2026-06-09 21:26:31.997462,2026-06-09 21:26:34.327872,0 days 00:00:02.330410,,,,,,,,,,,,,,4.890407837098295,QuantileRegressor,,,,,,18,,,,,,,,,,True,-0.0021366239032900173,-0.0003373548466185717,98.0,-0.0012369893749542946,0.0008996345283357229,0.004510656255146754,1.9844674545084815,2.8288476122758714,2.87595552109869,98.0,2.8524015666872806,0.02355395441140907,0.11809661418377225,1.9844674545084815,895808466426701.4,1081653336562200.9,98.0,988730901494451.1,92922435067749.72,465901596459623.1,1.9844674545084815,8.498632602859773,8.8751047708776,98.0,8.686868686868687,0.1882360840089134,0.9437924435268922,1.9844674545084815,2.5292803316943395,2.723244920830913,98.0,2.6262626262626263,0.096982294568287,0.48625722985776854,1.9844674545084815,99.0,1.0,-0.039213189619550365,-0.03441658042164543,98.0,-0.0368148850205979,0.0023983045989524688,0.012024802628490464,1.9844674545084815,QuantileRegressor,"{'mode': 'original', 'type': 'QuantileRegressor'}",18,"['l2_T2W10', 'l3_T2W10', 'lcc_T2W10', 'lsc_T2W10', 'atd_T2W10', 'density_T2W10', 'diameter_T2W10', 'asp_T2W10', 'z_re_T2W10', 'z_pe_T2W10', 'z_l1_T2W10', 'z_l2_T2W10', 'z_l3_T2W10', 'z_lsc_T2W10', 'z_atd_T2W10', 'z_density_T2W10', 'z_diameter_T2W10', 'z_asp_T2W10']",,,,,,,,3.5137282305785247,3.5820538077534714,98.0,3.547891019165998,0.03416278858747357,0.17128799660503746,1.9844674545084815,completed,True,COMPLETE
250,2.8524015666872806,2026-06-09 21:26:34.340583,2026-06-09 21:26:36.534483,0 days 00:00:02.193900,,,,,,,,,,,,,,8.190028999612629,QuantileRegressor,,,,,,10,,,,,,,,,,False,-0.0021366239032900173,-0.0003373548466185717,98.0,-0.0012369893749542946,0.0008996345283357229,0.004510656255146754,1.9844674545084815,2.8288476122758714,2.87595552109869,98.0,2.8524015666872806,0.02355395441140907,0.11809661418377225,1.9844674545084815,895808466426701.4,1081653336562200.9,98.0,988730901494451.1,92922435067749.72,465901596459623.1,1.9844674545084815,8.498632602859773,8.8751047708776,98.0,8.686868686868687,0.1882360840089134,0.9437924435268922,1.9844674545084815,2.5292803316943395,2.723244920830913,98.0,2.6262626262626263,0.096982294568287,0.48625722985776854,1.9844674545084815,99.0,1.0,-0.039213189619550365,-0.03441658042164543,98.0,-0.0368148850205979,0.0023983045989524688,0.012024802628490464,1.9844674545084815,QuantileRegressor,"{'mode': 'original', 'type': 'QuantileRegressor'}",10,"['z_re_T2W10', 'z_pe_T2W10', 'z_l1_T2W10', 'z_l2_T2W10', 'z_l3_T2W10', 'z_lsc_T2W10', 'z_atd_T2W10', 'z_density_T2W10', 'z_diameter_T2W10', 'z_asp_T2W10']",,,,,,,,3.5137282305785247,3.5820538077534714,98.0,3.547891019165998,0.03416278858747357,0.17128799660503746,1.9844674545084815,completed,False,COMPLETE
251,2.8524015666872806,2026-06-09 21:26:36.548999,2026-06-09 21:26:38.881928,0 days 00:00:02.332929,,,,,,,,,,,,,,2.50791462763537,QuantileRegressor,,,,,,13,,,,,,,,,,True,-0.0021366239032900173,-0.0003373548466185717,98.0,-0.0012369893749542946,0.0008996345283357229,0.004510656255146754,1.9844674545084815,2.8288476122758714,2.87595552109869,98.0,2.8524015666872806,0.02355395441140907,0.11809661418377225,1.9844674545084815,895808466426701.4,1081653336562200.9,98.0,988730901494451.1,92922435067749.72,465901596459623.1,1.9844674545084815,8.498632602859773,8.8751047708776,98.0,8.686868686868687,0.1882360840089134,0.9437924435268922,1.9844674545084815,2.5292803316943395,2.723244920830913,98.0,2.6262626262626263,0.096982294568287,0.48625722985776854,1.9844674545084815,99.0,1.0,-0.039213189619550365,-0.03441658042164543,98.0,-0.0368148850205979,0.0023983045989524688,0.012024802628490464,1.9844674545084815,QuantileRegressor,"{'mode': 'original', 'type': 'QuantileRegressor'}",13,"['density_T2W10', 'diameter_T2W10', 'asp_T2W10', 'z_re_T2W10', 'z_pe_T2W10', 'z_l1_T2W10', 'z_l2_T2W10', 'z_l3_T2W10', 'z_lsc_T2W10', 'z_atd_T2W10', 'z_density_T2W10', 'z_diameter_T2W10', 'z_asp_T2W10']",,,,,,,,3.5137282305785247,3.5820538077534714,98.0,3.547891019165998,0.03416278858747357,0.17128799660503746,1.9844674545084815,completed,True,COMPLETE
252,3.0330865012317076,2026-06-09 21:26:38.894882,2026-06-09 21:26:39.012899,0 days 00:00:00.118017,,,,,,,,,,,,,,,LinearRegression,,,,,,14,,,,,,,,,,True,,,,,,,,,,,,,,,,,,,,,,,,,,,,,,,,,,,,,,,,,,,,,LinearRegression,"{'mode': 'original', 'type': 'LinearRegression'}",14,"['nodes_T2W10', 'edges_T2W10', 'pe_T2W10', 'l2_T2W10', 'lcc_T2W10', 'lsc_T2W10', 'atd_T2W10', 'diameter_T2W10', 'z_pe_T2W10', 'z_l1_T2W10', 'z_lsc_T2W10', 'z_density_T2W10', 'z_diameter_T2W10', 'z_asp_T2W10']",,,,,,,,,,,,,,,pruned,True,PRUNED
253,2.8524015666872806,2026-06-09 21:26:39.022720,2026-06-09 21:26:41.395643,0 days 00:00:02.372923,,,,,,,,,,,,,,4.398679346799196,QuantileRegressor,,,,,,16,,,,,,,,,,True,-0.0021366239032900173,-0.0003373548466185717,98.0,-0.0012369893749542946,0.0008996345283357229,0.004510656255146754,1.9844674545084815,2.8288476122758714,2.87595552109869,98.0,2.8524015666872806,0.02355395441140907,0.11809661418377225,1.9844674545084815,895808466426701.4,1081653336562200.9,98.0,988730901494451.1,92922435067749.72,465901596459623.1,1.9844674545084815,8.498632602859773,8.8751047708776,98.0,8.686868686868687,0.1882360840089134,0.9437924435268922,1.9844674545084815,2.5292803316943395,2.723244920830913,98.0,2.6262626262626263,0.096982294568287,0.48625722985776854,1.9844674545084815,99.0,1.0,-0.039213189619550365,-0.03441658042164543,98.0,-0.0368148850205979,0.0023983045989524688,0.012024802628490464,1.9844674545084815,QuantileRegressor,"{'mode': 'original', 'type': 'QuantileRegressor'}",16,"['lcc_T2W10', 'lsc_T2W10', 'atd_T2W10', 'density_T2W10', 'diameter_T2W10', 'asp_T2W10', 'z_re_T2W10', 'z_pe_T2W10', 'z_l1_T2W10', 'z_l2_T2W10', 'z_l3_T2W10', 'z_lsc_T2W10', 'z_atd_T2W10', 'z_density_T2W10', 'z_diameter_T2W10', 'z_asp_T2W10']",,,,,,,,3.5137282305785247,3.5820538077534714,98.0,3.547891019165998,0.03416278858747357,0.17128799660503746,1.9844674545084815,completed,True,COMPLETE
254,2.8524015666872806,2026-06-09 21:26:41.408635,2026-06-09 21:26:43.807730,0 days 00:00:02.399095,,,,,,,,,,,,,,1.895445318894079,QuantileRegressor,,,,,,17,,,,,,,,,,True,-0.0021366239032900173,-0.0003373548466185717,98.0,-0.0012369893749542946,0.0008996345283357229,0.004510656255146754,1.9844674545084815,2.8288476122758714,2.87595552109869,98.0,2.8524015666872806,0.02355395441140907,0.11809661418377225,1.9844674545084815,895808466426701.4,1081653336562200.9,98.0,988730901494451.1,92922435067749.72,465901596459623.1,1.9844674545084815,8.498632602859773,8.8751047708776,98.0,8.686868686868687,0.1882360840089134,0.9437924435268922,1.9844674545084815,2.5292803316943395,2.723244920830913,98.0,2.6262626262626263,0.096982294568287,0.48625722985776854,1.9844674545084815,99.0,1.0,-0.039213189619550365,-0.03441658042164543,98.0,-0.0368148850205979,0.0023983045989524688,0.012024802628490464,1.9844674545084815,QuantileRegressor,"{'mode': 'original', 'type': 'QuantileRegressor'}",17,"['l3_T2W10', 'lcc_T2W10', 'lsc_T2W10', 'atd_T2W10', 'density_T2W10', 'diameter_T2W10', 'asp_T2W10', 'z_re_T2W10', 'z_pe_T2W10', 'z_l1_T2W10', 'z_l2_T2W10', 'z_l3_T2W10', 'z_lsc_T2W10', 'z_atd_T2W10', 'z_density_T2W10', 'z_diameter_T2W10', 'z_asp_T2W10']",,,,,,,,3.5137282305785247,3.5820538077534714,98.0,3.547891019165998,0.03416278858747357,0.17128799660503746,1.9844674545084815,completed,True,COMPLETE
255,2.8524015666872806,2026-06-09 21:26:43.820833,2026-06-09 21:26:46.255881,0 days 00:00:02.435048,,,,,,,,,,,,,,0.717002831774899,QuantileRegressor,,,,,,11,,,,,,,,,,True,-0.0021366239032900173,-0.0003373548466185717,98.0,-0.0012369893749542946,0.0008996345283357229,0.004510656255146754,1.9844674545084815,2.8288476122758714,2.87595552109869,98.0,2.8524015666872806,0.02355395441140907,0.11809661418377225,1.9844674545084815,895808466426701.4,1081653336562200.9,98.0,988730901494451.1,92922435067749.72,465901596459623.1,1.9844674545084815,8.498632602859773,8.8751047708776,98.0,8.686868686868687,0.1882360840089134,0.9437924435268922,1.9844674545084815,2.5292803316943395,2.723244920830913,98.0,2.6262626262626263,0.096982294568287,0.48625722985776854,1.9844674545084815,99.0,1.0,-0.039213189619550365,-0.03441658042164543,98.0,-0.0368148850205979,0.0023983045989524688,0.012024802628490464,1.9844674545084815,QuantileRegressor,"{'mode': 'original', 'type': 'QuantileRegressor'}",11,"['asp_T2W10', 'z_re_T2W10', 'z_pe_T2W10', 'z_l1_T2W10', 'z_l2_T2W10', 'z_l3_T2W10', 'z_lsc_T2W10', 'z_atd_T2W10', 'z_density_T2W10', 'z_diameter_T2W10', 'z_asp_T2W10']",,,,,,,,3.5137282305785247,3.5820538077534714,98.0,3.547891019165998,0.03416278858747357,0.17128799660503746,1.9844674545084815,completed,True,COMPLETE
256,2.8524015666872806,2026-06-09 21:26:46.301177,2026-06-09 21:26:48.609642,0 days 00:00:02.308465,,,,,,,,,,,,,,6.2095213018070785,QuantileRegressor,,,,,,8,,,,,,,,,,True,-0.0021366239032900173,-0.0003373548466185717,98.0,-0.0012369893749542946,0.0008996345283357229,0.004510656255146754,1.9844674545084815,2.8288476122758714,2.87595552109869,98.0,2.8524015666872806,0.02355395441140907,0.11809661418377225,1.9844674545084815,895808466426701.4,1081653336562200.9,98.0,988730901494451.1,92922435067749.72,465901596459623.1,1.9844674545084815,8.498632602859773,8.8751047708776,98.0,8.686868686868687,0.1882360840089134,0.9437924435268922,1.9844674545084815,2.5292803316943395,2.723244920830913,98.0,2.6262626262626263,0.096982294568287,0.48625722985776854,1.9844674545084815,99.0,1.0,-0.039213189619550365,-0.03441658042164543,98.0,-0.0368148850205979,0.0023983045989524688,0.012024802628490464,1.9844674545084815,QuantileRegressor,"{'mode': 'original', 'type': 'QuantileRegressor'}",8,"['z_l1_T2W10', 'z_l2_T2W10', 'z_l3_T2W10', 'z_lsc_T2W10', 'z_atd_T2W10', 'z_density_T2W10', 'z_diameter_T2W10', 'z_asp_T2W10']",,,,,,,,3.5137282305785247,3.5820538077534714,98.0,3.547891019165998,0.03416278858747357,0.17128799660503746,1.9844674545084815,completed,True,COMPLETE
257,2.8524015666872806,2026-06-09 21:26:48.622382,2026-06-09 21:26:51.193682,0 days 00:00:02.571300,,,,,,,,,,,,,,1.3958704788966392,QuantileRegressor,,,,,,16,,,,,,,,,,True,-0.0021366239032900173,-0.0003373548466185717,98.0,-0.0012369893749542946,0.0008996345283357229,0.004510656255146754,1.9844674545084815,2.8288476122758714,2.87595552109869,98.0,2.8524015666872806,0.02355395441140907,0.11809661418377225,1.9844674545084815,895808466426701.4,1081653336562200.9,98.0,988730901494451.1,92922435067749.72,465901596459623.1,1.9844674545084815,8.498632602859773,8.8751047708776,98.0,8.686868686868687,0.1882360840089134,0.9437924435268922,1.9844674545084815,2.5292803316943395,2.723244920830913,98.0,2.6262626262626263,0.096982294568287,0.48625722985776854,1.9844674545084815,99.0,1.0,-0.039213189619550365,-0.03441658042164543,98.0,-0.0368148850205979,0.0023983045989524688,0.012024802628490464,1.9844674545084815,QuantileRegressor,"{'mode': 'original', 'type': 'QuantileRegressor'}",16,"['lcc_T2W10', 'lsc_T2W10', 'atd_T2W10', 'density_T2W10', 'diameter_T2W10', 'asp_T2W10', 'z_re_T2W10', 'z_pe_T2W10', 'z_l1_T2W10', 'z_l2_T2W10', 'z_l3_T2W10', 'z_lsc_T2W10', 'z_atd_T2W10', 'z_density_T2W10', 'z_diameter_T2W10', 'z_asp_T2W10']",,,,,,,,3.5137282305785247,3.5820538077534714,98.0,3.547891019165998,0.03416278858747357,0.17128799660503746,1.9844674545084815,completed,True,COMPLETE
258,2.838964507469265,2026-06-09 21:26:51.224793,2026-06-09 21:26:51.961460,0 days 00:00:00.736667,,,,,,16.0,log2,4.0,10.0,95.0,,,,,ExtraTreesRegressor,,,,,,18,,,,,,,,,,False,,,,,,,,,,,,,,,,,,,,,,,,,,,,,,,,,,,,,,,,,,,,,ExtraTreesRegressor,"{'mode': 'original', 'type': 'ExtraTreesRegressor'}",18,"['nodes_T2W10', 're_T2W10', 'pe_T2W10', 'l1_T2W10', 'l2_T2W10', 'l3_T2W10', 'lsc_T2W10', 'atd_T2W10', 'density_T2W10', 'diameter_T2W10', 'z_re_T2W10', 'z_pe_T2W10', 'z_l1_T2W10', 'z_l2_T2W10', 'z_l3_T2W10', 'z_atd_T2W10', 'z_diameter_T2W10', 'z_asp_T2W10']",,,,,,,,,,,,,,,pruned,False,PRUNED
259,2.8524015666872806,2026-06-09 21:26:51.971901,2026-06-09 21:26:54.154069,0 days 00:00:02.182168,,,,,,,,,,,,,,3.211694249683077,QuantileRegressor,,,,,,2,,,,,,,,,,True,-0.0021366239032900173,-0.0003373548466185717,98.0,-0.0012369893749542946,0.0008996345283357229,0.004510656255146754,1.9844674545084815,2.8288476122758714,2.87595552109869,98.0,2.8524015666872806,0.02355395441140907,0.11809661418377225,1.9844674545084815,895808466426701.4,1081653336562200.9,98.0,988730901494451.1,92922435067749.72,465901596459623.1,1.9844674545084815,8.498632602859773,8.8751047708776,98.0,8.686868686868687,0.1882360840089134,0.9437924435268922,1.9844674545084815,2.5292803316943395,2.723244920830913,98.0,2.6262626262626263,0.096982294568287,0.48625722985776854,1.9844674545084815,99.0,1.0,-0.039213189619550365,-0.03441658042164543,98.0,-0.0368148850205979,0.0023983045989524688,0.012024802628490464,1.9844674545084815,QuantileRegressor,"{'mode': 'original', 'type': 'QuantileRegressor'}",2,"['z_diameter_T2W10', 'z_asp_T2W10']",,,,,,,,3.5137282305785247,3.5820538077534714,98.0,3.547891019165998,0.03416278858747357,0.17128799660503746,1.9844674545084815,completed,True,COMPLETE
260,2.8524015666872806,2026-06-09 21:26:54.167775,2026-06-09 21:26:56.408590,0 days 00:00:02.240815,,,,,,,,,,,,,,0.40034274582031126,QuantileRegressor,,,,,,14,,,,,,,,,,True,-0.0021366239032900173,-0.0003373548466185717,98.0,-0.0012369893749542946,0.0008996345283357229,0.004510656255146754,1.9844674545084815,2.8288476122758714,2.87595552109869,98.0,2.8524015666872806,0.02355395441140907,0.11809661418377225,1.9844674545084815,895808466426701.4,1081653336562200.9,98.0,988730901494451.1,92922435067749.72,465901596459623.1,1.9844674545084815,8.498632602859773,8.8751047708776,98.0,8.686868686868687,0.1882360840089134,0.9437924435268922,1.9844674545084815,2.5292803316943395,2.723244920830913,98.0,2.6262626262626263,0.096982294568287,0.48625722985776854,1.9844674545084815,99.0,1.0,-0.039213189619550365,-0.03441658042164543,98.0,-0.0368148850205979,0.0023983045989524688,0.012024802628490464,1.9844674545084815,QuantileRegressor,"{'mode': 'original', 'type': 'QuantileRegressor'}",14,"['atd_T2W10', 'density_T2W10', 'diameter_T2W10', 'asp_T2W10', 'z_re_T2W10', 'z_pe_T2W10', 'z_l1_T2W10', 'z_l2_T2W10', 'z_l3_T2W10', 'z_lsc_T2W10', 'z_atd_T2W10', 'z_density_T2W10', 'z_diameter_T2W10', 'z_asp_T2W10']",,,,,,,,3.5137282305785247,3.5820538077534714,98.0,3.547891019165998,0.03416278858747357,0.17128799660503746,1.9844674545084815,completed,True,COMPLETE
