number,value,datetime_start,datetime_complete,duration,params_dt_max_depth,params_dt_min_samples_leaf,params_dt_min_samples_split,params_elastic_alpha,params_elastic_l1_ratio,params_et_max_depth,params_et_max_features,params_et_min_samples_leaf,params_et_min_samples_split,params_et_n_estimators,params_knn_metric,params_knn_n_neighbors,params_knn_weights,params_quantile_alpha,params_regressor,params_rf_max_depth,params_rf_max_features,params_rf_min_samples_leaf,params_rf_min_samples_split,params_rf_n_estimators,params_rfe_n_features,params_rfe_proxy_et_max_depth,params_rfe_proxy_et_min_samples_leaf,params_rfe_proxy_et_min_samples_split,params_rfe_proxy_et_n_estimators,params_rfe_proxy_lsvr_C,params_rfe_proxy_lsvr_epsilon,params_rfe_proxy_type,params_ridge_alpha,params_ridge_solver,params_use_scaler,user_attrs_d2mae_ci_lower_val,user_attrs_d2mae_ci_upper_val,user_attrs_d2mae_df_val,user_attrs_d2mae_mean_val,user_attrs_d2mae_samperror_val,user_attrs_d2mae_std_val,user_attrs_d2mae_t_critical_val,user_attrs_mae_ci_lower_val,user_attrs_mae_ci_upper_val,user_attrs_mae_df_val,user_attrs_mae_mean_val,user_attrs_mae_samperror_val,user_attrs_mae_std_val,user_attrs_mae_t_critical_val,user_attrs_mape_ci_lower_val,user_attrs_mape_ci_upper_val,user_attrs_mape_df_val,user_attrs_mape_mean_val,user_attrs_mape_samperror_val,user_attrs_mape_std_val,user_attrs_mape_t_critical_val,user_attrs_max_error_ci_lower_val,user_attrs_max_error_ci_upper_val,user_attrs_max_error_df_val,user_attrs_max_error_mean_val,user_attrs_max_error_samperror_val,user_attrs_max_error_std_val,user_attrs_max_error_t_critical_val,user_attrs_median_ae_ci_lower_val,user_attrs_median_ae_ci_upper_val,user_attrs_median_ae_df_val,user_attrs_median_ae_mean_val,user_attrs_median_ae_samperror_val,user_attrs_median_ae_std_val,user_attrs_median_ae_t_critical_val,user_attrs_n_splits_val,user_attrs_r2_below_zero_val,user_attrs_r2_ci_lower_val,user_attrs_r2_ci_upper_val,user_attrs_r2_df_val,user_attrs_r2_mean_val,user_attrs_r2_samperror_val,user_attrs_r2_std_val,user_attrs_r2_t_critical_val,user_attrs_regressor_final,user_attrs_rfe_estimator,user_attrs_rfe_n_features,user_attrs_rfe_selected_features,user_attrs_rho_ci_lower_val,user_attrs_rho_ci_upper_val,user_attrs_rho_df_val,user_attrs_rho_mean_val,user_attrs_rho_samperror_val,user_attrs_rho_std_val,user_attrs_rho_t_critical_val,user_attrs_rmse_ci_lower_val,user_attrs_rmse_ci_upper_val,user_attrs_rmse_df_val,user_attrs_rmse_mean_val,user_attrs_rmse_samperror_val,user_attrs_rmse_std_val,user_attrs_rmse_t_critical_val,user_attrs_termination_reason,user_attrs_use_scaler_final,state
199,2.8404139021032675,2026-06-09 21:24:50.533555,2026-06-09 21:24:50.915853,0 days 00:00:00.382298,,,,,,,,,,,manhattan,13.0,distance,,KNeighborsRegressor,,,,,,12,2.0,1.0,7.0,50.0,,,ExtraTrees,,,False,,,,,,,,,,,,,,,,,,,,,,,,,,,,,,,,,,,,,,,,,,,,,KNeighborsRegressor,"{'mode': 'proxy', 'type': 'ExtraTrees'}",12,"['nodes_T2W10', 'edges_T2W10', 're_T2W10', 'pe_T2W10', 'l2_T2W10', 'lcc_T2W10', 'atd_T2W10', 'z_re_T2W10', 'z_pe_T2W10', 'z_l1_T2W10', 'z_l2_T2W10', 'z_l3_T2W10']",,,,,,,,,,,,,,,pruned,True,PRUNED
200,2.8524015666872806,2026-06-09 21:24:50.927588,2026-06-09 21:24:53.440569,0 days 00:00:02.512981,,,,,,,,,,,,,,2.996823999679443,QuantileRegressor,,,,,,17,,,,,,,,,,True,-0.0021366239032900173,-0.0003373548466185717,98.0,-0.0012369893749542946,0.0008996345283357229,0.004510656255146754,1.9844674545084815,2.8288476122758714,2.87595552109869,98.0,2.8524015666872806,0.02355395441140907,0.11809661418377225,1.9844674545084815,895808466426701.4,1081653336562200.9,98.0,988730901494451.1,92922435067749.72,465901596459623.1,1.9844674545084815,8.498632602859773,8.8751047708776,98.0,8.686868686868687,0.1882360840089134,0.9437924435268922,1.9844674545084815,2.5292803316943395,2.723244920830913,98.0,2.6262626262626263,0.096982294568287,0.48625722985776854,1.9844674545084815,99.0,1.0,-0.039213189619550365,-0.03441658042164543,98.0,-0.0368148850205979,0.0023983045989524688,0.012024802628490464,1.9844674545084815,QuantileRegressor,"{'mode': 'original', 'type': 'QuantileRegressor'}",17,"['l3_T2W10', 'lcc_T2W10', 'lsc_T2W10', 'atd_T2W10', 'density_T2W10', 'diameter_T2W10', 'asp_T2W10', 'z_re_T2W10', 'z_pe_T2W10', 'z_l1_T2W10', 'z_l2_T2W10', 'z_l3_T2W10', 'z_lsc_T2W10', 'z_atd_T2W10', 'z_density_T2W10', 'z_diameter_T2W10', 'z_asp_T2W10']",,,,,,,,3.5137282305785247,3.5820538077534714,98.0,3.547891019165998,0.03416278858747357,0.17128799660503746,1.9844674545084815,completed,True,COMPLETE
201,2.8524015666872806,2026-06-09 21:24:53.456265,2026-06-09 21:24:55.900542,0 days 00:00:02.444277,,,,,,,,,,,,,,9.990203608796158,QuantileRegressor,,,,,,16,,,,,,,,,,True,-0.0021366239032900173,-0.0003373548466185717,98.0,-0.0012369893749542946,0.0008996345283357229,0.004510656255146754,1.9844674545084815,2.8288476122758714,2.87595552109869,98.0,2.8524015666872806,0.02355395441140907,0.11809661418377225,1.9844674545084815,895808466426701.4,1081653336562200.9,98.0,988730901494451.1,92922435067749.72,465901596459623.1,1.9844674545084815,8.498632602859773,8.8751047708776,98.0,8.686868686868687,0.1882360840089134,0.9437924435268922,1.9844674545084815,2.5292803316943395,2.723244920830913,98.0,2.6262626262626263,0.096982294568287,0.48625722985776854,1.9844674545084815,99.0,1.0,-0.039213189619550365,-0.03441658042164543,98.0,-0.0368148850205979,0.0023983045989524688,0.012024802628490464,1.9844674545084815,QuantileRegressor,"{'mode': 'original', 'type': 'QuantileRegressor'}",16,"['lcc_T2W10', 'lsc_T2W10', 'atd_T2W10', 'density_T2W10', 'diameter_T2W10', 'asp_T2W10', 'z_re_T2W10', 'z_pe_T2W10', 'z_l1_T2W10', 'z_l2_T2W10', 'z_l3_T2W10', 'z_lsc_T2W10', 'z_atd_T2W10', 'z_density_T2W10', 'z_diameter_T2W10', 'z_asp_T2W10']",,,,,,,,3.5137282305785247,3.5820538077534714,98.0,3.547891019165998,0.03416278858747357,0.17128799660503746,1.9844674545084815,completed,True,COMPLETE
202,2.8524015666872806,2026-06-09 21:24:55.915152,2026-06-09 21:24:58.169898,0 days 00:00:02.254746,,,,,,,,,,,,,,6.96337156386595,QuantileRegressor,,,,,,15,,,,,,,,,,True,-0.0021366239032900173,-0.0003373548466185717,98.0,-0.0012369893749542946,0.0008996345283357229,0.004510656255146754,1.9844674545084815,2.8288476122758714,2.87595552109869,98.0,2.8524015666872806,0.02355395441140907,0.11809661418377225,1.9844674545084815,895808466426701.4,1081653336562200.9,98.0,988730901494451.1,92922435067749.72,465901596459623.1,1.9844674545084815,8.498632602859773,8.8751047708776,98.0,8.686868686868687,0.1882360840089134,0.9437924435268922,1.9844674545084815,2.5292803316943395,2.723244920830913,98.0,2.6262626262626263,0.096982294568287,0.48625722985776854,1.9844674545084815,99.0,1.0,-0.039213189619550365,-0.03441658042164543,98.0,-0.0368148850205979,0.0023983045989524688,0.012024802628490464,1.9844674545084815,QuantileRegressor,"{'mode': 'original', 'type': 'QuantileRegressor'}",15,"['lsc_T2W10', 'atd_T2W10', 'density_T2W10', 'diameter_T2W10', 'asp_T2W10', 'z_re_T2W10', 'z_pe_T2W10', 'z_l1_T2W10', 'z_l2_T2W10', 'z_l3_T2W10', 'z_lsc_T2W10', 'z_atd_T2W10', 'z_density_T2W10', 'z_diameter_T2W10', 'z_asp_T2W10']",,,,,,,,3.5137282305785247,3.5820538077534714,98.0,3.547891019165998,0.03416278858747357,0.17128799660503746,1.9844674545084815,completed,True,COMPLETE
203,2.8524015666872806,2026-06-09 21:24:58.182256,2026-06-09 21:25:00.598757,0 days 00:00:02.416501,,,,,,,,,,,,,,1.208029409052314,QuantileRegressor,,,,,,16,,,,,,,,,,True,-0.0021366239032900173,-0.0003373548466185717,98.0,-0.0012369893749542946,0.0008996345283357229,0.004510656255146754,1.9844674545084815,2.8288476122758714,2.87595552109869,98.0,2.8524015666872806,0.02355395441140907,0.11809661418377225,1.9844674545084815,895808466426701.4,1081653336562200.9,98.0,988730901494451.1,92922435067749.72,465901596459623.1,1.9844674545084815,8.498632602859773,8.8751047708776,98.0,8.686868686868687,0.1882360840089134,0.9437924435268922,1.9844674545084815,2.5292803316943395,2.723244920830913,98.0,2.6262626262626263,0.096982294568287,0.48625722985776854,1.9844674545084815,99.0,1.0,-0.039213189619550365,-0.03441658042164543,98.0,-0.0368148850205979,0.0023983045989524688,0.012024802628490464,1.9844674545084815,QuantileRegressor,"{'mode': 'original', 'type': 'QuantileRegressor'}",16,"['lcc_T2W10', 'lsc_T2W10', 'atd_T2W10', 'density_T2W10', 'diameter_T2W10', 'asp_T2W10', 'z_re_T2W10', 'z_pe_T2W10', 'z_l1_T2W10', 'z_l2_T2W10', 'z_l3_T2W10', 'z_lsc_T2W10', 'z_atd_T2W10', 'z_density_T2W10', 'z_diameter_T2W10', 'z_asp_T2W10']",,,,,,,,3.5137282305785247,3.5820538077534714,98.0,3.547891019165998,0.03416278858747357,0.17128799660503746,1.9844674545084815,completed,True,COMPLETE
204,2.8524015666872806,2026-06-09 21:25:00.611859,2026-06-09 21:25:03.100065,0 days 00:00:02.488206,,,,,,,,,,,,,,7.7684265905463965,QuantileRegressor,,,,,,17,,,,,,,,,,True,-0.0021366239032900173,-0.0003373548466185717,98.0,-0.0012369893749542946,0.0008996345283357229,0.004510656255146754,1.9844674545084815,2.8288476122758714,2.87595552109869,98.0,2.8524015666872806,0.02355395441140907,0.11809661418377225,1.9844674545084815,895808466426701.4,1081653336562200.9,98.0,988730901494451.1,92922435067749.72,465901596459623.1,1.9844674545084815,8.498632602859773,8.8751047708776,98.0,8.686868686868687,0.1882360840089134,0.9437924435268922,1.9844674545084815,2.5292803316943395,2.723244920830913,98.0,2.6262626262626263,0.096982294568287,0.48625722985776854,1.9844674545084815,99.0,1.0,-0.039213189619550365,-0.03441658042164543,98.0,-0.0368148850205979,0.0023983045989524688,0.012024802628490464,1.9844674545084815,QuantileRegressor,"{'mode': 'original', 'type': 'QuantileRegressor'}",17,"['l3_T2W10', 'lcc_T2W10', 'lsc_T2W10', 'atd_T2W10', 'density_T2W10', 'diameter_T2W10', 'asp_T2W10', 'z_re_T2W10', 'z_pe_T2W10', 'z_l1_T2W10', 'z_l2_T2W10', 'z_l3_T2W10', 'z_lsc_T2W10', 'z_atd_T2W10', 'z_density_T2W10', 'z_diameter_T2W10', 'z_asp_T2W10']",,,,,,,,3.5137282305785247,3.5820538077534714,98.0,3.547891019165998,0.03416278858747357,0.17128799660503746,1.9844674545084815,completed,True,COMPLETE
205,3.4215320125409625,2026-06-09 21:25:03.113687,2026-06-09 21:25:03.287168,0 days 00:00:00.173481,6.0,3.0,7.0,,,,,,,,,,,,DecisionTreeRegressor,,,,,,15,,,,,,,,,,True,,,,,,,,,,,,,,,,,,,,,,,,,,,,,,,,,,,,,,,,,,,,,DecisionTreeRegressor,"{'mode': 'original', 'type': 'DecisionTreeRegressor'}",15,"['nodes_T2W10', 'pe_T2W10', 'l2_T2W10', 'l3_T2W10', 'lcc_T2W10', 'density_T2W10', 'asp_T2W10', 'z_l1_T2W10', 'z_l2_T2W10', 'z_l3_T2W10', 'z_lsc_T2W10', 'z_atd_T2W10', 'z_density_T2W10', 'z_diameter_T2W10', 'z_asp_T2W10']",,,,,,,,,,,,,,,pruned,True,PRUNED
206,2.8524015666872806,2026-06-09 21:25:03.297209,2026-06-09 21:25:05.766441,0 days 00:00:02.469232,,,,,,,,,,,,,,4.87240634434414,QuantileRegressor,,,,,,17,,,,,,,,,,True,-0.0021366239032900173,-0.0003373548466185717,98.0,-0.0012369893749542946,0.0008996345283357229,0.004510656255146754,1.9844674545084815,2.8288476122758714,2.87595552109869,98.0,2.8524015666872806,0.02355395441140907,0.11809661418377225,1.9844674545084815,895808466426701.4,1081653336562200.9,98.0,988730901494451.1,92922435067749.72,465901596459623.1,1.9844674545084815,8.498632602859773,8.8751047708776,98.0,8.686868686868687,0.1882360840089134,0.9437924435268922,1.9844674545084815,2.5292803316943395,2.723244920830913,98.0,2.6262626262626263,0.096982294568287,0.48625722985776854,1.9844674545084815,99.0,1.0,-0.039213189619550365,-0.03441658042164543,98.0,-0.0368148850205979,0.0023983045989524688,0.012024802628490464,1.9844674545084815,QuantileRegressor,"{'mode': 'original', 'type': 'QuantileRegressor'}",17,"['l3_T2W10', 'lcc_T2W10', 'lsc_T2W10', 'atd_T2W10', 'density_T2W10', 'diameter_T2W10', 'asp_T2W10', 'z_re_T2W10', 'z_pe_T2W10', 'z_l1_T2W10', 'z_l2_T2W10', 'z_l3_T2W10', 'z_lsc_T2W10', 'z_atd_T2W10', 'z_density_T2W10', 'z_diameter_T2W10', 'z_asp_T2W10']",,,,,,,,3.5137282305785247,3.5820538077534714,98.0,3.547891019165998,0.03416278858747357,0.17128799660503746,1.9844674545084815,completed,True,COMPLETE
207,3.1135447563411223,2026-06-09 21:25:05.779000,2026-06-09 21:25:05.943788,0 days 00:00:00.164788,,,,,,,,,,,,,,,LinearRegression,,,,,,16,,,,,,,,,,True,,,,,,,,,,,,,,,,,,,,,,,,,,,,,,,,,,,,,,,,,,,,,LinearRegression,"{'mode': 'original', 'type': 'LinearRegression'}",16,"['nodes_T2W10', 'edges_T2W10', 're_T2W10', 'pe_T2W10', 'l1_T2W10', 'l2_T2W10', 'lcc_T2W10', 'lsc_T2W10', 'atd_T2W10', 'diameter_T2W10', 'z_pe_T2W10', 'z_l1_T2W10', 'z_lsc_T2W10', 'z_density_T2W10', 'z_diameter_T2W10', 'z_asp_T2W10']",,,,,,,,,,,,,,,pruned,True,PRUNED
208,2.8524015666872806,2026-06-09 21:25:05.953309,2026-06-09 21:25:08.427150,0 days 00:00:02.473841,,,,,,,,,,,,,,3.742275690905943,QuantileRegressor,,,,,,15,,,,,,,,,,True,-0.0021366239032900173,-0.0003373548466185717,98.0,-0.0012369893749542946,0.0008996345283357229,0.004510656255146754,1.9844674545084815,2.8288476122758714,2.87595552109869,98.0,2.8524015666872806,0.02355395441140907,0.11809661418377225,1.9844674545084815,895808466426701.4,1081653336562200.9,98.0,988730901494451.1,92922435067749.72,465901596459623.1,1.9844674545084815,8.498632602859773,8.8751047708776,98.0,8.686868686868687,0.1882360840089134,0.9437924435268922,1.9844674545084815,2.5292803316943395,2.723244920830913,98.0,2.6262626262626263,0.096982294568287,0.48625722985776854,1.9844674545084815,99.0,1.0,-0.039213189619550365,-0.03441658042164543,98.0,-0.0368148850205979,0.0023983045989524688,0.012024802628490464,1.9844674545084815,QuantileRegressor,"{'mode': 'original', 'type': 'QuantileRegressor'}",15,"['lsc_T2W10', 'atd_T2W10', 'density_T2W10', 'diameter_T2W10', 'asp_T2W10', 'z_re_T2W10', 'z_pe_T2W10', 'z_l1_T2W10', 'z_l2_T2W10', 'z_l3_T2W10', 'z_lsc_T2W10', 'z_atd_T2W10', 'z_density_T2W10', 'z_diameter_T2W10', 'z_asp_T2W10']",,,,,,,,3.5137282305785247,3.5820538077534714,98.0,3.547891019165998,0.03416278858747357,0.17128799660503746,1.9844674545084815,completed,True,COMPLETE
209,2.8524015666872806,2026-06-09 21:25:08.440711,2026-06-09 21:25:10.820106,0 days 00:00:02.379395,,,,,,,,,,,,,,2.0689149633342883,QuantileRegressor,,,,,,18,,,,,,,,,,True,-0.0021366239032900173,-0.0003373548466185717,98.0,-0.0012369893749542946,0.0008996345283357229,0.004510656255146754,1.9844674545084815,2.8288476122758714,2.87595552109869,98.0,2.8524015666872806,0.02355395441140907,0.11809661418377225,1.9844674545084815,895808466426701.4,1081653336562200.9,98.0,988730901494451.1,92922435067749.72,465901596459623.1,1.9844674545084815,8.498632602859773,8.8751047708776,98.0,8.686868686868687,0.1882360840089134,0.9437924435268922,1.9844674545084815,2.5292803316943395,2.723244920830913,98.0,2.6262626262626263,0.096982294568287,0.48625722985776854,1.9844674545084815,99.0,1.0,-0.039213189619550365,-0.03441658042164543,98.0,-0.0368148850205979,0.0023983045989524688,0.012024802628490464,1.9844674545084815,QuantileRegressor,"{'mode': 'original', 'type': 'QuantileRegressor'}",18,"['l2_T2W10', 'l3_T2W10', 'lcc_T2W10', 'lsc_T2W10', 'atd_T2W10', 'density_T2W10', 'diameter_T2W10', 'asp_T2W10', 'z_re_T2W10', 'z_pe_T2W10', 'z_l1_T2W10', 'z_l2_T2W10', 'z_l3_T2W10', 'z_lsc_T2W10', 'z_atd_T2W10', 'z_density_T2W10', 'z_diameter_T2W10', 'z_asp_T2W10']",,,,,,,,3.5137282305785247,3.5820538077534714,98.0,3.547891019165998,0.03416278858747357,0.17128799660503746,1.9844674545084815,completed,True,COMPLETE
210,2.8524015666872806,2026-06-09 21:25:10.833202,2026-06-09 21:25:13.413210,0 days 00:00:02.580008,,,,,,,,,,,,,,6.188275059541046,QuantileRegressor,,,,,,18,,,,,,,,,,False,-0.0021366239032900173,-0.0003373548466185717,98.0,-0.0012369893749542946,0.0008996345283357229,0.004510656255146754,1.9844674545084815,2.8288476122758714,2.87595552109869,98.0,2.8524015666872806,0.02355395441140907,0.11809661418377225,1.9844674545084815,895808466426701.4,1081653336562200.9,98.0,988730901494451.1,92922435067749.72,465901596459623.1,1.9844674545084815,8.498632602859773,8.8751047708776,98.0,8.686868686868687,0.1882360840089134,0.9437924435268922,1.9844674545084815,2.5292803316943395,2.723244920830913,98.0,2.6262626262626263,0.096982294568287,0.48625722985776854,1.9844674545084815,99.0,1.0,-0.039213189619550365,-0.03441658042164543,98.0,-0.0368148850205979,0.0023983045989524688,0.012024802628490464,1.9844674545084815,QuantileRegressor,"{'mode': 'original', 'type': 'QuantileRegressor'}",18,"['l2_T2W10', 'l3_T2W10', 'lcc_T2W10', 'lsc_T2W10', 'atd_T2W10', 'density_T2W10', 'diameter_T2W10', 'asp_T2W10', 'z_re_T2W10', 'z_pe_T2W10', 'z_l1_T2W10', 'z_l2_T2W10', 'z_l3_T2W10', 'z_lsc_T2W10', 'z_atd_T2W10', 'z_density_T2W10', 'z_diameter_T2W10', 'z_asp_T2W10']",,,,,,,,3.5137282305785247,3.5820538077534714,98.0,3.547891019165998,0.03416278858747357,0.17128799660503746,1.9844674545084815,completed,False,COMPLETE
211,2.8524015666872806,2026-06-09 21:25:13.426159,2026-06-09 21:25:15.773416,0 days 00:00:02.347257,,,,,,,,,,,,,,2.6687023727314543,QuantileRegressor,,,,,,18,,,,,,,,,,True,-0.0021366239032900173,-0.0003373548466185717,98.0,-0.0012369893749542946,0.0008996345283357229,0.004510656255146754,1.9844674545084815,2.8288476122758714,2.87595552109869,98.0,2.8524015666872806,0.02355395441140907,0.11809661418377225,1.9844674545084815,895808466426701.4,1081653336562200.9,98.0,988730901494451.1,92922435067749.72,465901596459623.1,1.9844674545084815,8.498632602859773,8.8751047708776,98.0,8.686868686868687,0.1882360840089134,0.9437924435268922,1.9844674545084815,2.5292803316943395,2.723244920830913,98.0,2.6262626262626263,0.096982294568287,0.48625722985776854,1.9844674545084815,99.0,1.0,-0.039213189619550365,-0.03441658042164543,98.0,-0.0368148850205979,0.0023983045989524688,0.012024802628490464,1.9844674545084815,QuantileRegressor,"{'mode': 'original', 'type': 'QuantileRegressor'}",18,"['l2_T2W10', 'l3_T2W10', 'lcc_T2W10', 'lsc_T2W10', 'atd_T2W10', 'density_T2W10', 'diameter_T2W10', 'asp_T2W10', 'z_re_T2W10', 'z_pe_T2W10', 'z_l1_T2W10', 'z_l2_T2W10', 'z_l3_T2W10', 'z_lsc_T2W10', 'z_atd_T2W10', 'z_density_T2W10', 'z_diameter_T2W10', 'z_asp_T2W10']",,,,,,,,3.5137282305785247,3.5820538077534714,98.0,3.547891019165998,0.03416278858747357,0.17128799660503746,1.9844674545084815,completed,True,COMPLETE
212,2.8524015666872806,2026-06-09 21:25:15.786464,2026-06-09 21:25:18.291619,0 days 00:00:02.505155,,,,,,,,,,,,,,0.2846221072760588,QuantileRegressor,,,,,,19,,,,,,,,,,True,-0.0021366239032900173,-0.0003373548466185717,98.0,-0.0012369893749542946,0.0008996345283357229,0.004510656255146754,1.9844674545084815,2.8288476122758714,2.87595552109869,98.0,2.8524015666872806,0.02355395441140907,0.11809661418377225,1.9844674545084815,895808466426701.4,1081653336562200.9,98.0,988730901494451.1,92922435067749.72,465901596459623.1,1.9844674545084815,8.498632602859773,8.8751047708776,98.0,8.686868686868687,0.1882360840089134,0.9437924435268922,1.9844674545084815,2.5292803316943395,2.723244920830913,98.0,2.6262626262626263,0.096982294568287,0.48625722985776854,1.9844674545084815,99.0,1.0,-0.039213189619550365,-0.03441658042164543,98.0,-0.0368148850205979,0.0023983045989524688,0.012024802628490464,1.9844674545084815,QuantileRegressor,"{'mode': 'original', 'type': 'QuantileRegressor'}",19,"['l1_T2W10', 'l2_T2W10', 'l3_T2W10', 'lcc_T2W10', 'lsc_T2W10', 'atd_T2W10', 'density_T2W10', 'diameter_T2W10', 'asp_T2W10', 'z_re_T2W10', 'z_pe_T2W10', 'z_l1_T2W10', 'z_l2_T2W10', 'z_l3_T2W10', 'z_lsc_T2W10', 'z_atd_T2W10', 'z_density_T2W10', 'z_diameter_T2W10', 'z_asp_T2W10']",,,,,,,,3.5137282305785247,3.5820538077534714,98.0,3.547891019165998,0.03416278858747357,0.17128799660503746,1.9844674545084815,completed,True,COMPLETE
213,2.8524015666872806,2026-06-09 21:25:18.304067,2026-06-09 21:25:20.653939,0 days 00:00:02.349872,,,,,,,,,,,,,,9.9986801232578,QuantileRegressor,,,,,,17,,,,,,,,,,True,-0.0021366239032900173,-0.0003373548466185717,98.0,-0.0012369893749542946,0.0008996345283357229,0.004510656255146754,1.9844674545084815,2.8288476122758714,2.87595552109869,98.0,2.8524015666872806,0.02355395441140907,0.11809661418377225,1.9844674545084815,895808466426701.4,1081653336562200.9,98.0,988730901494451.1,92922435067749.72,465901596459623.1,1.9844674545084815,8.498632602859773,8.8751047708776,98.0,8.686868686868687,0.1882360840089134,0.9437924435268922,1.9844674545084815,2.5292803316943395,2.723244920830913,98.0,2.6262626262626263,0.096982294568287,0.48625722985776854,1.9844674545084815,99.0,1.0,-0.039213189619550365,-0.03441658042164543,98.0,-0.0368148850205979,0.0023983045989524688,0.012024802628490464,1.9844674545084815,QuantileRegressor,"{'mode': 'original', 'type': 'QuantileRegressor'}",17,"['l3_T2W10', 'lcc_T2W10', 'lsc_T2W10', 'atd_T2W10', 'density_T2W10', 'diameter_T2W10', 'asp_T2W10', 'z_re_T2W10', 'z_pe_T2W10', 'z_l1_T2W10', 'z_l2_T2W10', 'z_l3_T2W10', 'z_lsc_T2W10', 'z_atd_T2W10', 'z_density_T2W10', 'z_diameter_T2W10', 'z_asp_T2W10']",,,,,,,,3.5137282305785247,3.5820538077534714,98.0,3.547891019165998,0.03416278858747357,0.17128799660503746,1.9844674545084815,completed,True,COMPLETE
