number,value,datetime_start,datetime_complete,duration,params_dt_max_depth,params_dt_min_samples_leaf,params_dt_min_samples_split,params_elastic_alpha,params_elastic_l1_ratio,params_et_max_depth,params_et_max_features,params_et_min_samples_leaf,params_et_min_samples_split,params_et_n_estimators,params_knn_metric,params_knn_n_neighbors,params_knn_weights,params_quantile_alpha,params_regressor,params_rf_max_depth,params_rf_max_features,params_rf_min_samples_leaf,params_rf_min_samples_split,params_rf_n_estimators,params_rfe_n_features,params_rfe_proxy_et_max_depth,params_rfe_proxy_et_min_samples_leaf,params_rfe_proxy_et_min_samples_split,params_rfe_proxy_et_n_estimators,params_rfe_proxy_lsvr_C,params_rfe_proxy_lsvr_epsilon,params_rfe_proxy_type,params_ridge_alpha,params_ridge_solver,params_use_scaler,user_attrs_d2mae_ci_lower_val,user_attrs_d2mae_ci_upper_val,user_attrs_d2mae_df_val,user_attrs_d2mae_mean_val,user_attrs_d2mae_samperror_val,user_attrs_d2mae_std_val,user_attrs_d2mae_t_critical_val,user_attrs_mae_ci_lower_val,user_attrs_mae_ci_upper_val,user_attrs_mae_df_val,user_attrs_mae_mean_val,user_attrs_mae_samperror_val,user_attrs_mae_std_val,user_attrs_mae_t_critical_val,user_attrs_mape_ci_lower_val,user_attrs_mape_ci_upper_val,user_attrs_mape_df_val,user_attrs_mape_mean_val,user_attrs_mape_samperror_val,user_attrs_mape_std_val,user_attrs_mape_t_critical_val,user_attrs_max_error_ci_lower_val,user_attrs_max_error_ci_upper_val,user_attrs_max_error_df_val,user_attrs_max_error_mean_val,user_attrs_max_error_samperror_val,user_attrs_max_error_std_val,user_attrs_max_error_t_critical_val,user_attrs_median_ae_ci_lower_val,user_attrs_median_ae_ci_upper_val,user_attrs_median_ae_df_val,user_attrs_median_ae_mean_val,user_attrs_median_ae_samperror_val,user_attrs_median_ae_std_val,user_attrs_median_ae_t_critical_val,user_attrs_n_splits_val,user_attrs_r2_below_zero_val,user_attrs_r2_ci_lower_val,user_attrs_r2_ci_upper_val,user_attrs_r2_df_val,user_attrs_r2_mean_val,user_attrs_r2_samperror_val,user_attrs_r2_std_val,user_attrs_r2_t_critical_val,user_attrs_regressor_final,user_attrs_rfe_estimator,user_attrs_rfe_n_features,user_attrs_rfe_selected_features,user_attrs_rho_ci_lower_val,user_attrs_rho_ci_upper_val,user_attrs_rho_df_val,user_attrs_rho_mean_val,user_attrs_rho_samperror_val,user_attrs_rho_std_val,user_attrs_rho_t_critical_val,user_attrs_rmse_ci_lower_val,user_attrs_rmse_ci_upper_val,user_attrs_rmse_df_val,user_attrs_rmse_mean_val,user_attrs_rmse_samperror_val,user_attrs_rmse_std_val,user_attrs_rmse_t_critical_val,user_attrs_termination_reason,user_attrs_use_scaler_final,state
167,2.8524015666872806,2026-06-09 21:23:47.325984,2026-06-09 21:23:49.734253,0 days 00:00:02.408269,,,,,,,,,,,,,,9.913592008601581,QuantileRegressor,,,,,,18,,,,,,,,,,False,-0.0021366239032900173,-0.0003373548466185717,98.0,-0.0012369893749542946,0.0008996345283357229,0.004510656255146754,1.9844674545084815,2.8288476122758714,2.87595552109869,98.0,2.8524015666872806,0.02355395441140907,0.11809661418377225,1.9844674545084815,895808466426701.4,1081653336562200.9,98.0,988730901494451.1,92922435067749.72,465901596459623.1,1.9844674545084815,8.498632602859773,8.8751047708776,98.0,8.686868686868687,0.1882360840089134,0.9437924435268922,1.9844674545084815,2.5292803316943395,2.723244920830913,98.0,2.6262626262626263,0.096982294568287,0.48625722985776854,1.9844674545084815,99.0,1.0,-0.039213189619550365,-0.03441658042164543,98.0,-0.0368148850205979,0.0023983045989524688,0.012024802628490464,1.9844674545084815,QuantileRegressor,"{'mode': 'original', 'type': 'QuantileRegressor'}",18,"['l2_T2W10', 'l3_T2W10', 'lcc_T2W10', 'lsc_T2W10', 'atd_T2W10', 'density_T2W10', 'diameter_T2W10', 'asp_T2W10', 'z_re_T2W10', 'z_pe_T2W10', 'z_l1_T2W10', 'z_l2_T2W10', 'z_l3_T2W10', 'z_lsc_T2W10', 'z_atd_T2W10', 'z_density_T2W10', 'z_diameter_T2W10', 'z_asp_T2W10']",,,,,,,,3.5137282305785247,3.5820538077534714,98.0,3.547891019165998,0.03416278858747357,0.17128799660503746,1.9844674545084815,completed,False,COMPLETE
168,3.4212617880985228,2026-06-09 21:23:49.748917,2026-06-09 21:23:49.874618,0 days 00:00:00.125701,15.0,1.0,15.0,,,,,,,,,,,,DecisionTreeRegressor,,,,,,19,,,,,,,,,,True,,,,,,,,,,,,,,,,,,,,,,,,,,,,,,,,,,,,,,,,,,,,,DecisionTreeRegressor,"{'mode': 'original', 'type': 'DecisionTreeRegressor'}",19,"['nodes_T2W10', 're_T2W10', 'pe_T2W10', 'l3_T2W10', 'lsc_T2W10', 'atd_T2W10', 'density_T2W10', 'diameter_T2W10', 'asp_T2W10', 'z_re_T2W10', 'z_pe_T2W10', 'z_l1_T2W10', 'z_l2_T2W10', 'z_l3_T2W10', 'z_lsc_T2W10', 'z_atd_T2W10', 'z_density_T2W10', 'z_diameter_T2W10', 'z_asp_T2W10']",,,,,,,,,,,,,,,pruned,True,PRUNED
169,2.8524015666872806,2026-06-09 21:23:49.885056,2026-06-09 21:23:52.176835,0 days 00:00:02.291779,,,,,,,,,,,,,,1.0358921624591007,QuantileRegressor,,,,,,8,,,,,,,,,,True,-0.0021366239032900173,-0.0003373548466185717,98.0,-0.0012369893749542946,0.0008996345283357229,0.004510656255146754,1.9844674545084815,2.8288476122758714,2.87595552109869,98.0,2.8524015666872806,0.02355395441140907,0.11809661418377225,1.9844674545084815,895808466426701.4,1081653336562200.9,98.0,988730901494451.1,92922435067749.72,465901596459623.1,1.9844674545084815,8.498632602859773,8.8751047708776,98.0,8.686868686868687,0.1882360840089134,0.9437924435268922,1.9844674545084815,2.5292803316943395,2.723244920830913,98.0,2.6262626262626263,0.096982294568287,0.48625722985776854,1.9844674545084815,99.0,1.0,-0.039213189619550365,-0.03441658042164543,98.0,-0.0368148850205979,0.0023983045989524688,0.012024802628490464,1.9844674545084815,QuantileRegressor,"{'mode': 'original', 'type': 'QuantileRegressor'}",8,"['z_l1_T2W10', 'z_l2_T2W10', 'z_l3_T2W10', 'z_lsc_T2W10', 'z_atd_T2W10', 'z_density_T2W10', 'z_diameter_T2W10', 'z_asp_T2W10']",,,,,,,,3.5137282305785247,3.5820538077534714,98.0,3.547891019165998,0.03416278858747357,0.17128799660503746,1.9844674545084815,completed,True,COMPLETE
170,2.879777664046263,2026-06-09 21:23:52.191065,2026-06-09 21:23:52.390825,0 days 00:00:00.199760,,,,,,,,,,,,,,,LinearRegression,,,,,,3,,,,,,,,,,True,,,,,,,,,,,,,,,,,,,,,,,,,,,,,,,,,,,,,,,,,,,,,LinearRegression,"{'mode': 'original', 'type': 'LinearRegression'}",3,"['lcc_T2W10', 'lsc_T2W10', 'diameter_T2W10']",,,,,,,,,,,,,,,pruned,True,PRUNED
171,2.8524015666872806,2026-06-09 21:23:52.400813,2026-06-09 21:23:54.724227,0 days 00:00:02.323414,,,,,,,,,,,,,,3.557906609847794,QuantileRegressor,,,,,,18,,,,,,,,,,False,-0.0021366239032900173,-0.0003373548466185717,98.0,-0.0012369893749542946,0.0008996345283357229,0.004510656255146754,1.9844674545084815,2.8288476122758714,2.87595552109869,98.0,2.8524015666872806,0.02355395441140907,0.11809661418377225,1.9844674545084815,895808466426701.4,1081653336562200.9,98.0,988730901494451.1,92922435067749.72,465901596459623.1,1.9844674545084815,8.498632602859773,8.8751047708776,98.0,8.686868686868687,0.1882360840089134,0.9437924435268922,1.9844674545084815,2.5292803316943395,2.723244920830913,98.0,2.6262626262626263,0.096982294568287,0.48625722985776854,1.9844674545084815,99.0,1.0,-0.039213189619550365,-0.03441658042164543,98.0,-0.0368148850205979,0.0023983045989524688,0.012024802628490464,1.9844674545084815,QuantileRegressor,"{'mode': 'original', 'type': 'QuantileRegressor'}",18,"['l2_T2W10', 'l3_T2W10', 'lcc_T2W10', 'lsc_T2W10', 'atd_T2W10', 'density_T2W10', 'diameter_T2W10', 'asp_T2W10', 'z_re_T2W10', 'z_pe_T2W10', 'z_l1_T2W10', 'z_l2_T2W10', 'z_l3_T2W10', 'z_lsc_T2W10', 'z_atd_T2W10', 'z_density_T2W10', 'z_diameter_T2W10', 'z_asp_T2W10']",,,,,,,,3.5137282305785247,3.5820538077534714,98.0,3.547891019165998,0.03416278858747357,0.17128799660503746,1.9844674545084815,completed,False,COMPLETE
172,2.8524015666872806,2026-06-09 21:23:54.736749,2026-06-09 21:23:56.855624,0 days 00:00:02.118875,,,,,,,,,,,,,,1.422385496788472,QuantileRegressor,,,,,,2,,,,,,,,,,False,-0.0021366239032900173,-0.0003373548466185717,98.0,-0.0012369893749542946,0.0008996345283357229,0.004510656255146754,1.9844674545084815,2.8288476122758714,2.87595552109869,98.0,2.8524015666872806,0.02355395441140907,0.11809661418377225,1.9844674545084815,895808466426701.4,1081653336562200.9,98.0,988730901494451.1,92922435067749.72,465901596459623.1,1.9844674545084815,8.498632602859773,8.8751047708776,98.0,8.686868686868687,0.1882360840089134,0.9437924435268922,1.9844674545084815,2.5292803316943395,2.723244920830913,98.0,2.6262626262626263,0.096982294568287,0.48625722985776854,1.9844674545084815,99.0,1.0,-0.039213189619550365,-0.03441658042164543,98.0,-0.0368148850205979,0.0023983045989524688,0.012024802628490464,1.9844674545084815,QuantileRegressor,"{'mode': 'original', 'type': 'QuantileRegressor'}",2,"['z_diameter_T2W10', 'z_asp_T2W10']",,,,,,,,3.5137282305785247,3.5820538077534714,98.0,3.547891019165998,0.03416278858747357,0.17128799660503746,1.9844674545084815,completed,False,COMPLETE
173,2.8524015666872806,2026-06-09 21:23:56.868400,2026-06-09 21:23:59.144203,0 days 00:00:02.275803,,,,,,,,,,,,,,4.589496575484743,QuantileRegressor,,,,,,17,,,,,,,,,,False,-0.0021366239032900173,-0.0003373548466185717,98.0,-0.0012369893749542946,0.0008996345283357229,0.004510656255146754,1.9844674545084815,2.8288476122758714,2.87595552109869,98.0,2.8524015666872806,0.02355395441140907,0.11809661418377225,1.9844674545084815,895808466426701.4,1081653336562200.9,98.0,988730901494451.1,92922435067749.72,465901596459623.1,1.9844674545084815,8.498632602859773,8.8751047708776,98.0,8.686868686868687,0.1882360840089134,0.9437924435268922,1.9844674545084815,2.5292803316943395,2.723244920830913,98.0,2.6262626262626263,0.096982294568287,0.48625722985776854,1.9844674545084815,99.0,1.0,-0.039213189619550365,-0.03441658042164543,98.0,-0.0368148850205979,0.0023983045989524688,0.012024802628490464,1.9844674545084815,QuantileRegressor,"{'mode': 'original', 'type': 'QuantileRegressor'}",17,"['l3_T2W10', 'lcc_T2W10', 'lsc_T2W10', 'atd_T2W10', 'density_T2W10', 'diameter_T2W10', 'asp_T2W10', 'z_re_T2W10', 'z_pe_T2W10', 'z_l1_T2W10', 'z_l2_T2W10', 'z_l3_T2W10', 'z_lsc_T2W10', 'z_atd_T2W10', 'z_density_T2W10', 'z_diameter_T2W10', 'z_asp_T2W10']",,,,,,,,3.5137282305785247,3.5820538077534714,98.0,3.547891019165998,0.03416278858747357,0.17128799660503746,1.9844674545084815,completed,False,COMPLETE
174,3.042121011871788,2026-06-09 21:23:59.157009,2026-06-09 21:23:59.350242,0 days 00:00:00.193233,,,,,,,,,,,,,,0.0007111153303574623,QuantileRegressor,,,,,,6,,,,,,,,,,False,,,,,,,,,,,,,,,,,,,,,,,,,,,,,,,,,,,,,,,,,,,,,QuantileRegressor,"{'mode': 'original', 'type': 'QuantileRegressor'}",6,"['pe_T2W10', 'l1_T2W10', 'l3_T2W10', 'lcc_T2W10', 'z_pe_T2W10', 'z_density_T2W10']",,,,,,,,,,,,,,,pruned,False,PRUNED
175,2.8524015666872806,2026-06-09 21:23:59.360284,2026-06-09 21:24:01.731927,0 days 00:00:02.371643,,,,,,,,,,,,,,2.269719258731846,QuantileRegressor,,,,,,17,,,,,,,,,,False,-0.0021366239032900173,-0.0003373548466185717,98.0,-0.0012369893749542946,0.0008996345283357229,0.004510656255146754,1.9844674545084815,2.8288476122758714,2.87595552109869,98.0,2.8524015666872806,0.02355395441140907,0.11809661418377225,1.9844674545084815,895808466426701.4,1081653336562200.9,98.0,988730901494451.1,92922435067749.72,465901596459623.1,1.9844674545084815,8.498632602859773,8.8751047708776,98.0,8.686868686868687,0.1882360840089134,0.9437924435268922,1.9844674545084815,2.5292803316943395,2.723244920830913,98.0,2.6262626262626263,0.096982294568287,0.48625722985776854,1.9844674545084815,99.0,1.0,-0.039213189619550365,-0.03441658042164543,98.0,-0.0368148850205979,0.0023983045989524688,0.012024802628490464,1.9844674545084815,QuantileRegressor,"{'mode': 'original', 'type': 'QuantileRegressor'}",17,"['l3_T2W10', 'lcc_T2W10', 'lsc_T2W10', 'atd_T2W10', 'density_T2W10', 'diameter_T2W10', 'asp_T2W10', 'z_re_T2W10', 'z_pe_T2W10', 'z_l1_T2W10', 'z_l2_T2W10', 'z_l3_T2W10', 'z_lsc_T2W10', 'z_atd_T2W10', 'z_density_T2W10', 'z_diameter_T2W10', 'z_asp_T2W10']",,,,,,,,3.5137282305785247,3.5820538077534714,98.0,3.547891019165998,0.03416278858747357,0.17128799660503746,1.9844674545084815,completed,False,COMPLETE
176,2.8524015666872806,2026-06-09 21:24:01.745433,2026-06-09 21:24:04.230492,0 days 00:00:02.485059,,,,,,,,,,,,,,5.992092129449854,QuantileRegressor,,,,,,16,,,,,,,,,,True,-0.0021366239032900173,-0.0003373548466185717,98.0,-0.0012369893749542946,0.0008996345283357229,0.004510656255146754,1.9844674545084815,2.8288476122758714,2.87595552109869,98.0,2.8524015666872806,0.02355395441140907,0.11809661418377225,1.9844674545084815,895808466426701.4,1081653336562200.9,98.0,988730901494451.1,92922435067749.72,465901596459623.1,1.9844674545084815,8.498632602859773,8.8751047708776,98.0,8.686868686868687,0.1882360840089134,0.9437924435268922,1.9844674545084815,2.5292803316943395,2.723244920830913,98.0,2.6262626262626263,0.096982294568287,0.48625722985776854,1.9844674545084815,99.0,1.0,-0.039213189619550365,-0.03441658042164543,98.0,-0.0368148850205979,0.0023983045989524688,0.012024802628490464,1.9844674545084815,QuantileRegressor,"{'mode': 'original', 'type': 'QuantileRegressor'}",16,"['lcc_T2W10', 'lsc_T2W10', 'atd_T2W10', 'density_T2W10', 'diameter_T2W10', 'asp_T2W10', 'z_re_T2W10', 'z_pe_T2W10', 'z_l1_T2W10', 'z_l2_T2W10', 'z_l3_T2W10', 'z_lsc_T2W10', 'z_atd_T2W10', 'z_density_T2W10', 'z_diameter_T2W10', 'z_asp_T2W10']",,,,,,,,3.5137282305785247,3.5820538077534714,98.0,3.547891019165998,0.03416278858747357,0.17128799660503746,1.9844674545084815,completed,True,COMPLETE
177,2.8524015666872806,2026-06-09 21:24:04.244806,2026-06-09 21:24:06.525791,0 days 00:00:02.280985,,,,,,,,,,,,,,8.58361880823223,QuantileRegressor,,,,,,14,,,,,,,,,,True,-0.0021366239032900173,-0.0003373548466185717,98.0,-0.0012369893749542946,0.0008996345283357229,0.004510656255146754,1.9844674545084815,2.8288476122758714,2.87595552109869,98.0,2.8524015666872806,0.02355395441140907,0.11809661418377225,1.9844674545084815,895808466426701.4,1081653336562200.9,98.0,988730901494451.1,92922435067749.72,465901596459623.1,1.9844674545084815,8.498632602859773,8.8751047708776,98.0,8.686868686868687,0.1882360840089134,0.9437924435268922,1.9844674545084815,2.5292803316943395,2.723244920830913,98.0,2.6262626262626263,0.096982294568287,0.48625722985776854,1.9844674545084815,99.0,1.0,-0.039213189619550365,-0.03441658042164543,98.0,-0.0368148850205979,0.0023983045989524688,0.012024802628490464,1.9844674545084815,QuantileRegressor,"{'mode': 'original', 'type': 'QuantileRegressor'}",14,"['atd_T2W10', 'density_T2W10', 'diameter_T2W10', 'asp_T2W10', 'z_re_T2W10', 'z_pe_T2W10', 'z_l1_T2W10', 'z_l2_T2W10', 'z_l3_T2W10', 'z_lsc_T2W10', 'z_atd_T2W10', 'z_density_T2W10', 'z_diameter_T2W10', 'z_asp_T2W10']",,,,,,,,3.5137282305785247,3.5820538077534714,98.0,3.547891019165998,0.03416278858747357,0.17128799660503746,1.9844674545084815,completed,True,COMPLETE
178,2.8524015666872806,2026-06-09 21:24:06.538999,2026-06-09 21:24:08.996305,0 days 00:00:02.457306,,,,,,,,,,,,,,0.6762619420606945,QuantileRegressor,,,,,,15,,,,,,,,,,True,-0.0021366239032900173,-0.0003373548466185717,98.0,-0.0012369893749542946,0.0008996345283357229,0.004510656255146754,1.9844674545084815,2.8288476122758714,2.87595552109869,98.0,2.8524015666872806,0.02355395441140907,0.11809661418377225,1.9844674545084815,895808466426701.4,1081653336562200.9,98.0,988730901494451.1,92922435067749.72,465901596459623.1,1.9844674545084815,8.498632602859773,8.8751047708776,98.0,8.686868686868687,0.1882360840089134,0.9437924435268922,1.9844674545084815,2.5292803316943395,2.723244920830913,98.0,2.6262626262626263,0.096982294568287,0.48625722985776854,1.9844674545084815,99.0,1.0,-0.039213189619550365,-0.03441658042164543,98.0,-0.0368148850205979,0.0023983045989524688,0.012024802628490464,1.9844674545084815,QuantileRegressor,"{'mode': 'original', 'type': 'QuantileRegressor'}",15,"['lsc_T2W10', 'atd_T2W10', 'density_T2W10', 'diameter_T2W10', 'asp_T2W10', 'z_re_T2W10', 'z_pe_T2W10', 'z_l1_T2W10', 'z_l2_T2W10', 'z_l3_T2W10', 'z_lsc_T2W10', 'z_atd_T2W10', 'z_density_T2W10', 'z_diameter_T2W10', 'z_asp_T2W10']",,,,,,,,3.5137282305785247,3.5820538077534714,98.0,3.547891019165998,0.03416278858747357,0.17128799660503746,1.9844674545084815,completed,True,COMPLETE
179,2.8524015666872806,2026-06-09 21:24:09.029132,2026-06-09 21:24:11.487149,0 days 00:00:02.458017,,,,,,,,,,,,,,3.1597168391228436,QuantileRegressor,,,,,,18,,,,,,,,,,True,-0.0021366239032900173,-0.0003373548466185717,98.0,-0.0012369893749542946,0.0008996345283357229,0.004510656255146754,1.9844674545084815,2.8288476122758714,2.87595552109869,98.0,2.8524015666872806,0.02355395441140907,0.11809661418377225,1.9844674545084815,895808466426701.4,1081653336562200.9,98.0,988730901494451.1,92922435067749.72,465901596459623.1,1.9844674545084815,8.498632602859773,8.8751047708776,98.0,8.686868686868687,0.1882360840089134,0.9437924435268922,1.9844674545084815,2.5292803316943395,2.723244920830913,98.0,2.6262626262626263,0.096982294568287,0.48625722985776854,1.9844674545084815,99.0,1.0,-0.039213189619550365,-0.03441658042164543,98.0,-0.0368148850205979,0.0023983045989524688,0.012024802628490464,1.9844674545084815,QuantileRegressor,"{'mode': 'original', 'type': 'QuantileRegressor'}",18,"['l2_T2W10', 'l3_T2W10', 'lcc_T2W10', 'lsc_T2W10', 'atd_T2W10', 'density_T2W10', 'diameter_T2W10', 'asp_T2W10', 'z_re_T2W10', 'z_pe_T2W10', 'z_l1_T2W10', 'z_l2_T2W10', 'z_l3_T2W10', 'z_lsc_T2W10', 'z_atd_T2W10', 'z_density_T2W10', 'z_diameter_T2W10', 'z_asp_T2W10']",,,,,,,,3.5137282305785247,3.5820538077534714,98.0,3.547891019165998,0.03416278858747357,0.17128799660503746,1.9844674545084815,completed,True,COMPLETE
180,2.8524015666872806,2026-06-09 21:24:11.500158,2026-06-09 21:24:13.706745,0 days 00:00:02.206587,,,,,,,,,,,,,,0.4468477497317918,QuantileRegressor,,,,,,13,,,,,,,,,,True,-0.0021366239032900173,-0.0003373548466185717,98.0,-0.0012369893749542946,0.0008996345283357229,0.004510656255146754,1.9844674545084815,2.8288476122758714,2.87595552109869,98.0,2.8524015666872806,0.02355395441140907,0.11809661418377225,1.9844674545084815,895808466426701.4,1081653336562200.9,98.0,988730901494451.1,92922435067749.72,465901596459623.1,1.9844674545084815,8.498632602859773,8.8751047708776,98.0,8.686868686868687,0.1882360840089134,0.9437924435268922,1.9844674545084815,2.5292803316943395,2.723244920830913,98.0,2.6262626262626263,0.096982294568287,0.48625722985776854,1.9844674545084815,99.0,1.0,-0.039213189619550365,-0.03441658042164543,98.0,-0.0368148850205979,0.0023983045989524688,0.012024802628490464,1.9844674545084815,QuantileRegressor,"{'mode': 'original', 'type': 'QuantileRegressor'}",13,"['density_T2W10', 'diameter_T2W10', 'asp_T2W10', 'z_re_T2W10', 'z_pe_T2W10', 'z_l1_T2W10', 'z_l2_T2W10', 'z_l3_T2W10', 'z_lsc_T2W10', 'z_atd_T2W10', 'z_density_T2W10', 'z_diameter_T2W10', 'z_asp_T2W10']",,,,,,,,3.5137282305785247,3.5820538077534714,98.0,3.547891019165998,0.03416278858747357,0.17128799660503746,1.9844674545084815,completed,True,COMPLETE
181,2.8524015666872806,2026-06-09 21:24:13.720172,2026-06-09 21:24:16.077341,0 days 00:00:02.357169,,,,,,,,,,,,,,0.33774492484717183,QuantileRegressor,,,,,,17,,,,,,,,,,True,-0.0021366239032900173,-0.0003373548466185717,98.0,-0.0012369893749542946,0.0008996345283357229,0.004510656255146754,1.9844674545084815,2.8288476122758714,2.87595552109869,98.0,2.8524015666872806,0.02355395441140907,0.11809661418377225,1.9844674545084815,895808466426701.4,1081653336562200.9,98.0,988730901494451.1,92922435067749.72,465901596459623.1,1.9844674545084815,8.498632602859773,8.8751047708776,98.0,8.686868686868687,0.1882360840089134,0.9437924435268922,1.9844674545084815,2.5292803316943395,2.723244920830913,98.0,2.6262626262626263,0.096982294568287,0.48625722985776854,1.9844674545084815,99.0,1.0,-0.039213189619550365,-0.03441658042164543,98.0,-0.0368148850205979,0.0023983045989524688,0.012024802628490464,1.9844674545084815,QuantileRegressor,"{'mode': 'original', 'type': 'QuantileRegressor'}",17,"['l3_T2W10', 'lcc_T2W10', 'lsc_T2W10', 'atd_T2W10', 'density_T2W10', 'diameter_T2W10', 'asp_T2W10', 'z_re_T2W10', 'z_pe_T2W10', 'z_l1_T2W10', 'z_l2_T2W10', 'z_l3_T2W10', 'z_lsc_T2W10', 'z_atd_T2W10', 'z_density_T2W10', 'z_diameter_T2W10', 'z_asp_T2W10']",,,,,,,,3.5137282305785247,3.5820538077534714,98.0,3.547891019165998,0.03416278858747357,0.17128799660503746,1.9844674545084815,completed,True,COMPLETE
182,2.8524015666872806,2026-06-09 21:24:16.090011,2026-06-09 21:24:18.498855,0 days 00:00:02.408844,,,,,,,,,,,,,,6.980430224953259,QuantileRegressor,,,,,,21,,,,,,,,,,True,-0.0021366239032900173,-0.0003373548466185717,98.0,-0.0012369893749542946,0.0008996345283357229,0.004510656255146754,1.9844674545084815,2.8288476122758714,2.87595552109869,98.0,2.8524015666872806,0.02355395441140907,0.11809661418377225,1.9844674545084815,895808466426701.4,1081653336562200.9,98.0,988730901494451.1,92922435067749.72,465901596459623.1,1.9844674545084815,8.498632602859773,8.8751047708776,98.0,8.686868686868687,0.1882360840089134,0.9437924435268922,1.9844674545084815,2.5292803316943395,2.723244920830913,98.0,2.6262626262626263,0.096982294568287,0.48625722985776854,1.9844674545084815,99.0,1.0,-0.039213189619550365,-0.03441658042164543,98.0,-0.0368148850205979,0.0023983045989524688,0.012024802628490464,1.9844674545084815,QuantileRegressor,"{'mode': 'original', 'type': 'QuantileRegressor'}",21,"['re_T2W10', 'pe_T2W10', 'l1_T2W10', 'l2_T2W10', 'l3_T2W10', 'lcc_T2W10', 'lsc_T2W10', 'atd_T2W10', 'density_T2W10', 'diameter_T2W10', 'asp_T2W10', 'z_re_T2W10', 'z_pe_T2W10', 'z_l1_T2W10', 'z_l2_T2W10', 'z_l3_T2W10', 'z_lsc_T2W10', 'z_atd_T2W10', 'z_density_T2W10', 'z_diameter_T2W10', 'z_asp_T2W10']",,,,,,,,3.5137282305785247,3.5820538077534714,98.0,3.547891019165998,0.03416278858747357,0.17128799660503746,1.9844674545084815,completed,True,COMPLETE
