number,value,datetime_start,datetime_complete,duration,params_dt_max_depth,params_dt_min_samples_leaf,params_dt_min_samples_split,params_elastic_alpha,params_elastic_l1_ratio,params_et_max_depth,params_et_max_features,params_et_min_samples_leaf,params_et_min_samples_split,params_et_n_estimators,params_knn_metric,params_knn_n_neighbors,params_knn_weights,params_quantile_alpha,params_regressor,params_rf_max_depth,params_rf_max_features,params_rf_min_samples_leaf,params_rf_min_samples_split,params_rf_n_estimators,params_rfe_n_features,params_rfe_proxy_et_max_depth,params_rfe_proxy_et_min_samples_leaf,params_rfe_proxy_et_min_samples_split,params_rfe_proxy_et_n_estimators,params_rfe_proxy_lsvr_C,params_rfe_proxy_lsvr_epsilon,params_rfe_proxy_type,params_ridge_alpha,params_ridge_solver,params_use_scaler,user_attrs_d2mae_ci_lower_val,user_attrs_d2mae_ci_upper_val,user_attrs_d2mae_df_val,user_attrs_d2mae_mean_val,user_attrs_d2mae_samperror_val,user_attrs_d2mae_std_val,user_attrs_d2mae_t_critical_val,user_attrs_mae_ci_lower_val,user_attrs_mae_ci_upper_val,user_attrs_mae_df_val,user_attrs_mae_mean_val,user_attrs_mae_samperror_val,user_attrs_mae_std_val,user_attrs_mae_t_critical_val,user_attrs_mape_ci_lower_val,user_attrs_mape_ci_upper_val,user_attrs_mape_df_val,user_attrs_mape_mean_val,user_attrs_mape_samperror_val,user_attrs_mape_std_val,user_attrs_mape_t_critical_val,user_attrs_max_error_ci_lower_val,user_attrs_max_error_ci_upper_val,user_attrs_max_error_df_val,user_attrs_max_error_mean_val,user_attrs_max_error_samperror_val,user_attrs_max_error_std_val,user_attrs_max_error_t_critical_val,user_attrs_median_ae_ci_lower_val,user_attrs_median_ae_ci_upper_val,user_attrs_median_ae_df_val,user_attrs_median_ae_mean_val,user_attrs_median_ae_samperror_val,user_attrs_median_ae_std_val,user_attrs_median_ae_t_critical_val,user_attrs_n_splits_val,user_attrs_r2_below_zero_val,user_attrs_r2_ci_lower_val,user_attrs_r2_ci_upper_val,user_attrs_r2_df_val,user_attrs_r2_mean_val,user_attrs_r2_samperror_val,user_attrs_r2_std_val,user_attrs_r2_t_critical_val,user_attrs_regressor_final,user_attrs_rfe_estimator,user_attrs_rfe_n_features,user_attrs_rfe_selected_features,user_attrs_rho_ci_lower_val,user_attrs_rho_ci_upper_val,user_attrs_rho_df_val,user_attrs_rho_mean_val,user_attrs_rho_samperror_val,user_attrs_rho_std_val,user_attrs_rho_t_critical_val,user_attrs_rmse_ci_lower_val,user_attrs_rmse_ci_upper_val,user_attrs_rmse_df_val,user_attrs_rmse_mean_val,user_attrs_rmse_samperror_val,user_attrs_rmse_std_val,user_attrs_rmse_t_critical_val,user_attrs_termination_reason,user_attrs_use_scaler_final,state
37,2.8524015666872806,2026-06-09 21:19:27.939643,2026-06-09 21:19:30.382446,0 days 00:00:02.442803,,,,,,,,,,,,,,2.54151821964917,QuantileRegressor,,,,,,18,,,,,,,,,,True,-0.0021366239032900173,-0.0003373548466185717,98.0,-0.0012369893749542946,0.0008996345283357229,0.004510656255146754,1.9844674545084815,2.8288476122758714,2.87595552109869,98.0,2.8524015666872806,0.02355395441140907,0.11809661418377225,1.9844674545084815,895808466426701.4,1081653336562200.9,98.0,988730901494451.1,92922435067749.72,465901596459623.1,1.9844674545084815,8.498632602859773,8.8751047708776,98.0,8.686868686868687,0.1882360840089134,0.9437924435268922,1.9844674545084815,2.5292803316943395,2.723244920830913,98.0,2.6262626262626263,0.096982294568287,0.48625722985776854,1.9844674545084815,99.0,1.0,-0.039213189619550365,-0.03441658042164543,98.0,-0.0368148850205979,0.0023983045989524688,0.012024802628490464,1.9844674545084815,QuantileRegressor,"{'mode': 'original', 'type': 'QuantileRegressor'}",18,"['l2_T2W10', 'l3_T2W10', 'lcc_T2W10', 'lsc_T2W10', 'atd_T2W10', 'density_T2W10', 'diameter_T2W10', 'asp_T2W10', 'z_re_T2W10', 'z_pe_T2W10', 'z_l1_T2W10', 'z_l2_T2W10', 'z_l3_T2W10', 'z_lsc_T2W10', 'z_atd_T2W10', 'z_density_T2W10', 'z_diameter_T2W10', 'z_asp_T2W10']",,,,,,,,3.5137282305785247,3.5820538077534714,98.0,3.547891019165998,0.03416278858747357,0.17128799660503746,1.9844674545084815,completed,True,COMPLETE
38,2.888588932215964,2026-06-09 21:19:30.394992,2026-06-09 21:19:32.025972,0 days 00:00:01.630980,,,,1.1421103239507664,0.9430362931548232,,,,,,,,,,ElasticNet,,,,,,16,,,,,,,,,,False,-0.016168645119859052,-0.012000469153169574,98.0,-0.014084557136514313,0.00208408798334474,0.010449359381237585,1.9844674545084815,2.866188072293882,2.9109897921380457,98.0,2.888588932215964,0.022400859922081563,0.11231514103302254,1.9844674545084815,1006997647577968.6,1216769917529587.0,98.0,1111883782553777.8,104886134975809.16,525886108086603.2,1.9844674545084815,7.901373232130305,8.26919472286879,98.0,8.085283977499547,0.18391074536924218,0.9221057305605128,1.9844674545084815,2.5278005416992126,2.5850041519438047,98.0,2.5564023468215087,0.028601805122295827,0.14340591331241956,1.9844674545084815,99.0,1.0,-0.0029239255974476954,-0.0015435514944414181,98.0,-0.002233738545944557,0.0006901870515031388,0.0034605125115008415,1.9844674545084815,ElasticNet,"{'mode': 'original', 'type': 'ElasticNet'}",16,"['lcc_T2W10', 'lsc_T2W10', 'atd_T2W10', 'density_T2W10', 'diameter_T2W10', 'asp_T2W10', 'z_re_T2W10', 'z_pe_T2W10', 'z_l1_T2W10', 'z_l2_T2W10', 'z_l3_T2W10', 'z_lsc_T2W10', 'z_atd_T2W10', 'z_density_T2W10', 'z_diameter_T2W10', 'z_asp_T2W10']",,,,,,,,3.4563038644361925,3.519404894129375,98.0,3.487854379282784,0.03155051484659153,0.15819037916336007,1.9844674545084815,completed,False,COMPLETE
39,2.913566411361475,2026-06-09 21:19:32.037905,2026-06-09 21:19:43.144910,0 days 00:00:11.107005,,,,,,,,,,,,,,,RandomForestRegressor,20.0,sqrt,1.0,12.0,77.0,14,,,,,,,,,,True,-0.031089192599840415,-0.013668386871240104,98.0,-0.02237878973554026,0.008710402864300157,0.04367288262866864,1.9844674545084815,2.8759879426211348,2.951144880101815,98.0,2.913566411361475,0.037578468740339994,0.18841379442830425,1.9844674545084815,983164211323915.0,1192068249984250.2,98.0,1087616230654082.6,104452019330167.61,523709505932290.0,1.9844674545084815,8.001072331755516,8.40964747132691,98.0,8.205359901541213,0.20428756978569637,1.0242726079080733,1.9844674545084815,2.634516533585043,2.740810488802833,98.0,2.687663511193938,0.05314697760889498,0.2664723723278946,1.9844674545084815,99.0,0.6767676767676768,-0.04776167305529419,-0.018938287790849186,98.0,-0.03334998042307169,0.014411692632222504,0.07225844436967631,1.9844674545084815,RandomForestRegressor,"{'mode': 'original', 'type': 'RandomForestRegressor'}",14,"['nodes_T2W10', 'pe_T2W10', 'l2_T2W10', 'l3_T2W10', 'lcc_T2W10', 'lsc_T2W10', 'atd_T2W10', 'density_T2W10', 'asp_T2W10', 'z_re_T2W10', 'z_l1_T2W10', 'z_l2_T2W10', 'z_atd_T2W10', 'z_diameter_T2W10']",0.06730357677491677,0.11854782444712039,98.0,0.09292570061101858,0.025622123836101802,0.12846615988079138,1.9844674545084815,3.4978221436980235,3.582244967810132,98.0,3.5400335557540776,0.0422114120560542,0.21164279919474657,1.9844674545084815,completed,True,COMPLETE
40,2.9320404884888225,2026-06-09 21:19:43.188280,2026-06-09 21:19:44.946438,0 days 00:00:01.758158,,,,,,,,,,,,,,,Ridge,,,,,,13,,,,,,,,11.587054505729132,sparse_cg,True,-0.03644476795344247,-0.022666864330708907,98.0,-0.029555816142075687,0.006888951811366779,0.03454035233266429,1.9844674545084815,2.905262511940503,2.958818465037142,98.0,2.9320404884888225,0.026777976548319458,0.1342614624199657,1.9844674545084815,986755662956880.2,1193742380527005.2,98.0,1090249021741942.8,103493358785062.44,518902900529604.4,1.9844674545084815,8.059332219973507,8.353017143628316,98.0,8.206174681800912,0.146842461827405,0.7362499416160213,1.9844674545084815,2.5525176601556696,2.654168480315798,98.0,2.603343070235734,0.05082541008006434,0.2548323198778871,1.9844674545084815,99.0,0.6666666666666666,-0.04777559686166512,-0.021454797453449775,98.0,-0.03461519715755745,0.013160399704107673,0.06598461639237152,1.9844674545084815,Ridge,"{'mode': 'original', 'type': 'Ridge'}",13,"['nodes_T2W10', 'edges_T2W10', 'pe_T2W10', 'l1_T2W10', 'l2_T2W10', 'l3_T2W10', 'lcc_T2W10', 'lsc_T2W10', 'asp_T2W10', 'z_l2_T2W10', 'z_atd_T2W10', 'z_density_T2W10', 'z_asp_T2W10']",0.019890848383944035,0.07205495558114093,98.0,0.04597290198254248,0.026082053598598446,0.1307721908242363,1.9844674545084815,3.5060594605998676,3.5756310756186314,98.0,3.5408452681092495,0.03478580750938203,0.1744117364223386,1.9844674545084815,completed,True,COMPLETE
41,2.8524015666872806,2026-06-09 21:19:44.958887,2026-06-09 21:19:47.253178,0 days 00:00:02.294291,,,,,,,,,,,,,,8.838071168628368,QuantileRegressor,,,,,,18,,,,,,,,,,True,-0.0021366239032900173,-0.0003373548466185717,98.0,-0.0012369893749542946,0.0008996345283357229,0.004510656255146754,1.9844674545084815,2.8288476122758714,2.87595552109869,98.0,2.8524015666872806,0.02355395441140907,0.11809661418377225,1.9844674545084815,895808466426701.4,1081653336562200.9,98.0,988730901494451.1,92922435067749.72,465901596459623.1,1.9844674545084815,8.498632602859773,8.8751047708776,98.0,8.686868686868687,0.1882360840089134,0.9437924435268922,1.9844674545084815,2.5292803316943395,2.723244920830913,98.0,2.6262626262626263,0.096982294568287,0.48625722985776854,1.9844674545084815,99.0,1.0,-0.039213189619550365,-0.03441658042164543,98.0,-0.0368148850205979,0.0023983045989524688,0.012024802628490464,1.9844674545084815,QuantileRegressor,"{'mode': 'original', 'type': 'QuantileRegressor'}",18,"['l2_T2W10', 'l3_T2W10', 'lcc_T2W10', 'lsc_T2W10', 'atd_T2W10', 'density_T2W10', 'diameter_T2W10', 'asp_T2W10', 'z_re_T2W10', 'z_pe_T2W10', 'z_l1_T2W10', 'z_l2_T2W10', 'z_l3_T2W10', 'z_lsc_T2W10', 'z_atd_T2W10', 'z_density_T2W10', 'z_diameter_T2W10', 'z_asp_T2W10']",,,,,,,,3.5137282305785247,3.5820538077534714,98.0,3.547891019165998,0.03416278858747357,0.17128799660503746,1.9844674545084815,completed,True,COMPLETE
42,2.8524015666872806,2026-06-09 21:19:47.266176,2026-06-09 21:19:49.588196,0 days 00:00:02.322020,,,,,,,,,,,,,,3.835448112913548,QuantileRegressor,,,,,,18,,,,,,,,,,True,-0.0021366239032900173,-0.0003373548466185717,98.0,-0.0012369893749542946,0.0008996345283357229,0.004510656255146754,1.9844674545084815,2.8288476122758714,2.87595552109869,98.0,2.8524015666872806,0.02355395441140907,0.11809661418377225,1.9844674545084815,895808466426701.4,1081653336562200.9,98.0,988730901494451.1,92922435067749.72,465901596459623.1,1.9844674545084815,8.498632602859773,8.8751047708776,98.0,8.686868686868687,0.1882360840089134,0.9437924435268922,1.9844674545084815,2.5292803316943395,2.723244920830913,98.0,2.6262626262626263,0.096982294568287,0.48625722985776854,1.9844674545084815,99.0,1.0,-0.039213189619550365,-0.03441658042164543,98.0,-0.0368148850205979,0.0023983045989524688,0.012024802628490464,1.9844674545084815,QuantileRegressor,"{'mode': 'original', 'type': 'QuantileRegressor'}",18,"['l2_T2W10', 'l3_T2W10', 'lcc_T2W10', 'lsc_T2W10', 'atd_T2W10', 'density_T2W10', 'diameter_T2W10', 'asp_T2W10', 'z_re_T2W10', 'z_pe_T2W10', 'z_l1_T2W10', 'z_l2_T2W10', 'z_l3_T2W10', 'z_lsc_T2W10', 'z_atd_T2W10', 'z_density_T2W10', 'z_diameter_T2W10', 'z_asp_T2W10']",,,,,,,,3.5137282305785247,3.5820538077534714,98.0,3.547891019165998,0.03416278858747357,0.17128799660503746,1.9844674545084815,completed,True,COMPLETE
43,2.8524015666872806,2026-06-09 21:19:49.600489,2026-06-09 21:19:52.017040,0 days 00:00:02.416551,,,,,,,,,,,,,,0.26697865533506776,QuantileRegressor,,,,,,21,,,,,,,,,,True,-0.0021366239032900173,-0.0003373548466185717,98.0,-0.0012369893749542946,0.0008996345283357229,0.004510656255146754,1.9844674545084815,2.8288476122758714,2.87595552109869,98.0,2.8524015666872806,0.02355395441140907,0.11809661418377225,1.9844674545084815,895808466426701.4,1081653336562200.9,98.0,988730901494451.1,92922435067749.72,465901596459623.1,1.9844674545084815,8.498632602859773,8.8751047708776,98.0,8.686868686868687,0.1882360840089134,0.9437924435268922,1.9844674545084815,2.5292803316943395,2.723244920830913,98.0,2.6262626262626263,0.096982294568287,0.48625722985776854,1.9844674545084815,99.0,1.0,-0.039213189619550365,-0.03441658042164543,98.0,-0.0368148850205979,0.0023983045989524688,0.012024802628490464,1.9844674545084815,QuantileRegressor,"{'mode': 'original', 'type': 'QuantileRegressor'}",21,"['re_T2W10', 'pe_T2W10', 'l1_T2W10', 'l2_T2W10', 'l3_T2W10', 'lcc_T2W10', 'lsc_T2W10', 'atd_T2W10', 'density_T2W10', 'diameter_T2W10', 'asp_T2W10', 'z_re_T2W10', 'z_pe_T2W10', 'z_l1_T2W10', 'z_l2_T2W10', 'z_l3_T2W10', 'z_lsc_T2W10', 'z_atd_T2W10', 'z_density_T2W10', 'z_diameter_T2W10', 'z_asp_T2W10']",,,,,,,,3.5137282305785247,3.5820538077534714,98.0,3.547891019165998,0.03416278858747357,0.17128799660503746,1.9844674545084815,completed,True,COMPLETE
44,2.9301587301587304,2026-06-09 21:19:52.051446,2026-06-09 21:19:54.083548,0 days 00:00:02.032102,,,,,,,,,,,manhattan,20.0,uniform,,KNeighborsRegressor,,,,,,15,2.0,5.0,12.0,80.0,,,ExtraTrees,,,True,-0.0353702524741419,-0.02150958801382476,98.0,-0.02843992024398333,0.006930332230158569,0.03474782863441215,1.9844674545084815,2.8980039634780534,2.9623134968394074,98.0,2.9301587301587304,0.03215476668067712,0.161220023123496,1.9844674545084815,985339540215317.2,1189589927325575.2,98.0,1087464733770446.2,102125193555129.03,512043089286154.1,1.9844674545084815,8.439493542629455,8.944344841208933,98.0,8.691919191919194,0.25242564928973976,1.265630984656187,1.9844674545084815,2.579147401954439,2.6713576485506114,98.0,2.625252525252525,0.04610512329808631,0.2311653857745418,1.9844674545084815,99.0,0.8282828282828283,-0.07176169528403355,-0.04795444624474602,98.0,-0.05985807076438979,0.011903624519643765,0.059683301059797,1.9844674545084815,KNeighborsRegressor,"{'mode': 'proxy', 'type': 'ExtraTrees'}",15,"['nodes_T2W10', 'edges_T2W10', 'pe_T2W10', 'l1_T2W10', 'l2_T2W10', 'l3_T2W10', 'lcc_T2W10', 'atd_T2W10', 'density_T2W10', 'diameter_T2W10', 'z_re_T2W10', 'z_pe_T2W10', 'z_l2_T2W10', 'z_l3_T2W10', 'z_diameter_T2W10']",-0.013340834224157634,0.03204359183800519,98.0,0.009351378806923777,0.02269221303108141,0.11377594948598155,1.9844674545084815,3.5444953417156495,3.628158928105138,98.0,3.586327134910394,0.0418317931947441,0.20973943717671933,1.9844674545084815,completed,True,COMPLETE
45,3.0639441723711647,2026-06-09 21:19:54.096376,2026-06-09 21:19:55.756406,0 days 00:00:01.660030,,,,,,,,,,,,,,,LinearRegression,,,,,,16,,,,,,,,,,True,-0.08991457489375364,-0.06216276140559919,98.0,-0.07603866814967641,0.01387590674407722,0.06957208019437866,1.9844674545084815,3.021664849025584,3.1062234957167454,98.0,3.0639441723711647,0.0422793233455806,0.2119832980009274,1.9844674545084815,1013069071938818.6,1223636390778652.5,98.0,1118352731358735.5,105283659419916.89,527879246482153.0,1.9844674545084815,9.161783233462701,10.5660842317918,98.0,9.86393373262725,0.7021504991645496,3.520495758394324,1.9844674545084815,2.595498203593201,2.708533244261411,98.0,2.652015723927306,0.05651752033410517,0.2833718566716471,1.9844674545084815,99.0,0.8888888888888888,-0.24197646305857742,-0.13941684447175226,98.0,-0.19069665376516484,0.05127980929341259,0.25711062133193957,1.9844674545084815,LinearRegression,"{'mode': 'original', 'type': 'LinearRegression'}",16,"['nodes_T2W10', 'edges_T2W10', 're_T2W10', 'pe_T2W10', 'l1_T2W10', 'l2_T2W10', 'lcc_T2W10', 'lsc_T2W10', 'atd_T2W10', 'diameter_T2W10', 'z_pe_T2W10', 'z_l1_T2W10', 'z_lsc_T2W10', 'z_density_T2W10', 'z_diameter_T2W10', 'z_asp_T2W10']",-0.018130600775107968,0.03592488151613103,98.0,0.008897140370511532,0.0270277411456195,0.13551375121907372,1.9844674545084815,3.7062047824336,3.8552978753639264,98.0,3.7807513288987633,0.07454654646516302,0.37376716380009095,1.9844674545084815,completed,True,COMPLETE
46,2.8524015666872806,2026-06-09 21:19:55.768773,2026-06-09 21:19:58.245344,0 days 00:00:02.476571,,,,,,,,,,,,,,3.4132115002393064,QuantileRegressor,,,,,,20,,,,,,,,,,True,-0.0021366239032900173,-0.0003373548466185717,98.0,-0.0012369893749542946,0.0008996345283357229,0.004510656255146754,1.9844674545084815,2.8288476122758714,2.87595552109869,98.0,2.8524015666872806,0.02355395441140907,0.11809661418377225,1.9844674545084815,895808466426701.4,1081653336562200.9,98.0,988730901494451.1,92922435067749.72,465901596459623.1,1.9844674545084815,8.498632602859773,8.8751047708776,98.0,8.686868686868687,0.1882360840089134,0.9437924435268922,1.9844674545084815,2.5292803316943395,2.723244920830913,98.0,2.6262626262626263,0.096982294568287,0.48625722985776854,1.9844674545084815,99.0,1.0,-0.039213189619550365,-0.03441658042164543,98.0,-0.0368148850205979,0.0023983045989524688,0.012024802628490464,1.9844674545084815,QuantileRegressor,"{'mode': 'original', 'type': 'QuantileRegressor'}",20,"['pe_T2W10', 'l1_T2W10', 'l2_T2W10', 'l3_T2W10', 'lcc_T2W10', 'lsc_T2W10', 'atd_T2W10', 'density_T2W10', 'diameter_T2W10', 'asp_T2W10', 'z_re_T2W10', 'z_pe_T2W10', 'z_l1_T2W10', 'z_l2_T2W10', 'z_l3_T2W10', 'z_lsc_T2W10', 'z_atd_T2W10', 'z_density_T2W10', 'z_diameter_T2W10', 'z_asp_T2W10']",,,,,,,,3.5137282305785247,3.5820538077534714,98.0,3.547891019165998,0.03416278858747357,0.17128799660503746,1.9844674545084815,completed,True,COMPLETE
47,2.9884837447521098,2026-06-09 21:19:58.258592,2026-06-09 21:20:00.041796,0 days 00:00:01.783204,2.0,1.0,19.0,,,,,,,,,,,,DecisionTreeRegressor,,,,,,19,,,,,,,,,,True,-0.060307948192752765,-0.03874085005599164,98.0,-0.049524399124372204,0.01078354906838056,0.05406738128199217,1.9844674545084815,2.953944059025198,3.0230234304790216,98.0,2.9884837447521098,0.03453968572691195,0.17317771224623194,1.9844674545084815,971020204928800.8,1191780461550443.2,98.0,1081400333239622.0,110380128310821.19,553432311152142.56,1.9844674545084815,8.355878741190667,8.789818455625268,98.0,8.572848598407967,0.2169698572173013,1.0878600285007054,1.9844674545084815,2.6749568115772657,2.7949379190101187,98.0,2.734947365293692,0.05999055371642656,0.3007852164937541,1.9844674545084815,99.0,0.8383838383838383,-0.12579383610139316,-0.0796184415605144,98.0,-0.10270613883095378,0.023087697270439383,0.11575885854725569,1.9844674545084815,DecisionTreeRegressor,"{'mode': 'original', 'type': 'DecisionTreeRegressor'}",19,"['pe_T2W10', 'l2_T2W10', 'l3_T2W10', 'lcc_T2W10', 'lsc_T2W10', 'atd_T2W10', 'density_T2W10', 'diameter_T2W10', 'asp_T2W10', 'z_re_T2W10', 'z_pe_T2W10', 'z_l1_T2W10', 'z_l2_T2W10', 'z_l3_T2W10', 'z_lsc_T2W10', 'z_atd_T2W10', 'z_density_T2W10', 'z_diameter_T2W10', 'z_asp_T2W10']",0.043940499113722525,0.09936501732294437,98.0,0.07165275821833345,0.027712259104610924,0.1389458396018939,1.9844674545084815,3.605938193068623,3.698455537179202,98.0,3.6521968651239125,0.04625867205528953,0.2319352602517142,1.9844674545084815,completed,True,COMPLETE
48,2.8524015666872806,2026-06-09 21:20:00.054444,2026-06-09 21:20:02.209876,0 days 00:00:02.155432,,,,,,,,,,,,,,0.30170510362054537,QuantileRegressor,,,,,,4,,,,,,,,,,True,-0.0021366239032900173,-0.0003373548466185717,98.0,-0.0012369893749542946,0.0008996345283357229,0.004510656255146754,1.9844674545084815,2.8288476122758714,2.87595552109869,98.0,2.8524015666872806,0.02355395441140907,0.11809661418377225,1.9844674545084815,895808466426701.4,1081653336562200.9,98.0,988730901494451.1,92922435067749.72,465901596459623.1,1.9844674545084815,8.498632602859773,8.8751047708776,98.0,8.686868686868687,0.1882360840089134,0.9437924435268922,1.9844674545084815,2.5292803316943395,2.723244920830913,98.0,2.6262626262626263,0.096982294568287,0.48625722985776854,1.9844674545084815,99.0,1.0,-0.039213189619550365,-0.03441658042164543,98.0,-0.0368148850205979,0.0023983045989524688,0.012024802628490464,1.9844674545084815,QuantileRegressor,"{'mode': 'original', 'type': 'QuantileRegressor'}",4,"['z_atd_T2W10', 'z_density_T2W10', 'z_diameter_T2W10', 'z_asp_T2W10']",,,,,,,,3.5137282305785247,3.5820538077534714,98.0,3.547891019165998,0.03416278858747357,0.17128799660503746,1.9844674545084815,completed,True,COMPLETE
49,2.8524015666872806,2026-06-09 21:20:02.249207,2026-06-09 21:20:04.566377,0 days 00:00:02.317170,,,,,,,,,,,,,,3.570018945301958,QuantileRegressor,,,,,,17,,,,,,,,,,False,-0.0021366239032900173,-0.0003373548466185717,98.0,-0.0012369893749542946,0.0008996345283357229,0.004510656255146754,1.9844674545084815,2.8288476122758714,2.87595552109869,98.0,2.8524015666872806,0.02355395441140907,0.11809661418377225,1.9844674545084815,895808466426701.4,1081653336562200.9,98.0,988730901494451.1,92922435067749.72,465901596459623.1,1.9844674545084815,8.498632602859773,8.8751047708776,98.0,8.686868686868687,0.1882360840089134,0.9437924435268922,1.9844674545084815,2.5292803316943395,2.723244920830913,98.0,2.6262626262626263,0.096982294568287,0.48625722985776854,1.9844674545084815,99.0,1.0,-0.039213189619550365,-0.03441658042164543,98.0,-0.0368148850205979,0.0023983045989524688,0.012024802628490464,1.9844674545084815,QuantileRegressor,"{'mode': 'original', 'type': 'QuantileRegressor'}",17,"['l3_T2W10', 'lcc_T2W10', 'lsc_T2W10', 'atd_T2W10', 'density_T2W10', 'diameter_T2W10', 'asp_T2W10', 'z_re_T2W10', 'z_pe_T2W10', 'z_l1_T2W10', 'z_l2_T2W10', 'z_l3_T2W10', 'z_lsc_T2W10', 'z_atd_T2W10', 'z_density_T2W10', 'z_diameter_T2W10', 'z_asp_T2W10']",,,,,,,,3.5137282305785247,3.5820538077534714,98.0,3.547891019165998,0.03416278858747357,0.17128799660503746,1.9844674545084815,completed,False,COMPLETE
50,2.820975736396124,2026-06-09 21:20:04.579352,2026-06-09 21:20:06.176121,0 days 00:00:01.596769,,,,,,,,,,,,,,,RandomForestRegressor,20.0,,5.0,2.0,156.0,12,,,,,,,,,,True,,,,,,,,,,,,,,,,,,,,,,,,,,,,,,,,,,,,,,,,,,,,,RandomForestRegressor,"{'mode': 'original', 'type': 'RandomForestRegressor'}",12,"['nodes_T2W10', 'pe_T2W10', 'l3_T2W10', 'lcc_T2W10', 'atd_T2W10', 'density_T2W10', 'z_re_T2W10', 'z_pe_T2W10', 'z_l1_T2W10', 'z_l3_T2W10', 'z_atd_T2W10', 'z_asp_T2W10']",,,,,,,,,,,,,,,pruned,True,PRUNED
