number,value,datetime_start,datetime_complete,duration,params_dt_max_depth,params_dt_min_samples_leaf,params_dt_min_samples_split,params_elastic_alpha,params_elastic_l1_ratio,params_et_max_depth,params_et_max_features,params_et_min_samples_leaf,params_et_min_samples_split,params_et_n_estimators,params_knn_metric,params_knn_n_neighbors,params_knn_weights,params_quantile_alpha,params_regressor,params_rf_max_depth,params_rf_max_features,params_rf_min_samples_leaf,params_rf_min_samples_split,params_rf_n_estimators,params_rfe_n_features,params_rfe_proxy_et_max_depth,params_rfe_proxy_et_min_samples_leaf,params_rfe_proxy_et_min_samples_split,params_rfe_proxy_et_n_estimators,params_rfe_proxy_lsvr_C,params_rfe_proxy_lsvr_epsilon,params_rfe_proxy_type,params_ridge_alpha,params_ridge_solver,params_use_scaler,user_attrs_d2mae_ci_lower_val,user_attrs_d2mae_ci_upper_val,user_attrs_d2mae_df_val,user_attrs_d2mae_mean_val,user_attrs_d2mae_samperror_val,user_attrs_d2mae_std_val,user_attrs_d2mae_t_critical_val,user_attrs_mae_ci_lower_val,user_attrs_mae_ci_upper_val,user_attrs_mae_df_val,user_attrs_mae_mean_val,user_attrs_mae_samperror_val,user_attrs_mae_std_val,user_attrs_mae_t_critical_val,user_attrs_mape_ci_lower_val,user_attrs_mape_ci_upper_val,user_attrs_mape_df_val,user_attrs_mape_mean_val,user_attrs_mape_samperror_val,user_attrs_mape_std_val,user_attrs_mape_t_critical_val,user_attrs_max_error_ci_lower_val,user_attrs_max_error_ci_upper_val,user_attrs_max_error_df_val,user_attrs_max_error_mean_val,user_attrs_max_error_samperror_val,user_attrs_max_error_std_val,user_attrs_max_error_t_critical_val,user_attrs_median_ae_ci_lower_val,user_attrs_median_ae_ci_upper_val,user_attrs_median_ae_df_val,user_attrs_median_ae_mean_val,user_attrs_median_ae_samperror_val,user_attrs_median_ae_std_val,user_attrs_median_ae_t_critical_val,user_attrs_n_splits_val,user_attrs_r2_below_zero_val,user_attrs_r2_ci_lower_val,user_attrs_r2_ci_upper_val,user_attrs_r2_df_val,user_attrs_r2_mean_val,user_attrs_r2_samperror_val,user_attrs_r2_std_val,user_attrs_r2_t_critical_val,user_attrs_regressor_final,user_attrs_rfe_estimator,user_attrs_rfe_n_features,user_attrs_rfe_selected_features,user_attrs_rho_ci_lower_val,user_attrs_rho_ci_upper_val,user_attrs_rho_df_val,user_attrs_rho_mean_val,user_attrs_rho_samperror_val,user_attrs_rho_std_val,user_attrs_rho_t_critical_val,user_attrs_rmse_ci_lower_val,user_attrs_rmse_ci_upper_val,user_attrs_rmse_df_val,user_attrs_rmse_mean_val,user_attrs_rmse_samperror_val,user_attrs_rmse_std_val,user_attrs_rmse_t_critical_val,user_attrs_termination_reason,user_attrs_use_scaler_final,state
24,2.8524015666872806,2026-06-09 21:18:36.315678,2026-06-09 21:18:38.726113,0 days 00:00:02.410435,,,,,,,,,,,,,,5.785072127757741,QuantileRegressor,,,,,,18,,,,,,,,,,True,-0.0021366239032900173,-0.0003373548466185717,98.0,-0.0012369893749542946,0.0008996345283357229,0.004510656255146754,1.9844674545084815,2.8288476122758714,2.87595552109869,98.0,2.8524015666872806,0.02355395441140907,0.11809661418377225,1.9844674545084815,895808466426701.4,1081653336562200.9,98.0,988730901494451.1,92922435067749.72,465901596459623.1,1.9844674545084815,8.498632602859773,8.8751047708776,98.0,8.686868686868687,0.1882360840089134,0.9437924435268922,1.9844674545084815,2.5292803316943395,2.723244920830913,98.0,2.6262626262626263,0.096982294568287,0.48625722985776854,1.9844674545084815,99.0,1.0,-0.039213189619550365,-0.03441658042164543,98.0,-0.0368148850205979,0.0023983045989524688,0.012024802628490464,1.9844674545084815,QuantileRegressor,"{'mode': 'original', 'type': 'QuantileRegressor'}",18,"['l2_T2W10', 'l3_T2W10', 'lcc_T2W10', 'lsc_T2W10', 'atd_T2W10', 'density_T2W10', 'diameter_T2W10', 'asp_T2W10', 'z_re_T2W10', 'z_pe_T2W10', 'z_l1_T2W10', 'z_l2_T2W10', 'z_l3_T2W10', 'z_lsc_T2W10', 'z_atd_T2W10', 'z_density_T2W10', 'z_diameter_T2W10', 'z_asp_T2W10']",,,,,,,,3.5137282305785247,3.5820538077534714,98.0,3.547891019165998,0.03416278858747357,0.17128799660503746,1.9844674545084815,completed,True,COMPLETE
25,3.603351297228848,2026-06-09 21:18:38.740206,2026-06-09 21:18:40.536356,0 days 00:00:01.796150,20.0,5.0,2.0,,,,,,,,,,,,DecisionTreeRegressor,,,,,,14,,,,,,,,,,True,-0.28815510880417966,-0.24335875676731528,98.0,-0.26575693278574747,0.022398176018432206,0.11230168427207919,1.9844674545084815,3.5385190883654385,3.668183506092258,98.0,3.603351297228848,0.06483220886340975,0.3250606765679737,1.9844674545084815,919894341569694.2,1154985343631808.8,98.0,1037439842600751.5,117545501031057.2,589358603733177.5,1.9844674545084815,9.949822112277367,10.476272163816908,98.0,10.213047138047138,0.26322502576976997,1.3197777226226013,1.9844674545084815,3.068860872751697,3.2617788578880336,98.0,3.1653198653198653,0.09645899256816846,0.4836334583529863,1.9844674545084815,99.0,0.98989898989899,-0.6582427494650485,-0.5546854602161138,98.0,-0.6064641048405811,0.05177864462446733,0.2596117199841587,1.9844674545084815,DecisionTreeRegressor,"{'mode': 'original', 'type': 'DecisionTreeRegressor'}",14,"['nodes_T2W10', 'pe_T2W10', 'l2_T2W10', 'l3_T2W10', 'lcc_T2W10', 'lsc_T2W10', 'density_T2W10', 'z_l2_T2W10', 'z_l3_T2W10', 'z_lsc_T2W10', 'z_atd_T2W10', 'z_density_T2W10', 'z_diameter_T2W10', 'z_asp_T2W10']",-0.012906670098647384,0.04193170370650063,98.0,0.014512516803926623,0.027419186902574007,0.13747641182907044,1.9844674545084815,4.325496028914298,4.4679481219722135,98.0,4.396722075443256,0.07122604652895753,0.3571185878109417,1.9844674545084815,completed,True,COMPLETE
26,2.9261898380277205,2026-06-09 21:18:40.550033,2026-06-09 21:18:42.695953,0 days 00:00:02.145920,,,,0.00011746197473882945,0.044734603163115505,,,,,,,,,,ElasticNet,,,,,,10,,,,,,,,,,False,-0.036510372437589055,-0.018521580095828244,98.0,-0.02751597626670865,0.008994396170880405,0.04509678994258176,1.9844674545084815,2.89500507295294,2.957374603102501,98.0,2.9261898380277205,0.03118476507478038,0.1563565550447033,1.9844674545084815,937952821384955.8,1136749893121311.5,98.0,1037351357253133.6,99398535868177.89,498371964886290.7,1.9844674545084815,8.164534560779753,8.516814074266023,98.0,8.340674317522888,0.176139756743134,0.8831429547321173,1.9844674545084815,2.521167073658811,2.622046484180825,98.0,2.571606778919818,0.05043970526100677,0.2528984436204465,1.9844674545084815,99.0,0.6161616161616161,-0.06205633554402948,-0.023026607285664632,98.0,-0.04254147141484706,0.019514864129182425,0.09784511507742716,1.9844674545084815,ElasticNet,"{'mode': 'original', 'type': 'ElasticNet'}",10,"['edges_T2W10', 'pe_T2W10', 'lcc_T2W10', 'lsc_T2W10', 'atd_T2W10', 'diameter_T2W10', 'z_lsc_T2W10', 'z_density_T2W10', 'z_diameter_T2W10', 'z_asp_T2W10']",0.05659095273640225,0.10968584475256696,98.0,0.0831383987444846,0.02654744600808235,0.13310561080403616,1.9844674545084815,3.511085034854061,3.5930011834853564,98.0,3.5520431091697087,0.04095807431564789,0.20535871878152182,1.9844674545084815,completed,False,COMPLETE
27,2.8524015666872806,2026-06-09 21:18:42.707983,2026-06-09 21:18:45.129374,0 days 00:00:02.421391,,,,,,,,,,,,,,1.172302518606423,QuantileRegressor,,,,,,17,,,,,,,,,,True,-0.0021366239032900173,-0.0003373548466185717,98.0,-0.0012369893749542946,0.0008996345283357229,0.004510656255146754,1.9844674545084815,2.8288476122758714,2.87595552109869,98.0,2.8524015666872806,0.02355395441140907,0.11809661418377225,1.9844674545084815,895808466426701.4,1081653336562200.9,98.0,988730901494451.1,92922435067749.72,465901596459623.1,1.9844674545084815,8.498632602859773,8.8751047708776,98.0,8.686868686868687,0.1882360840089134,0.9437924435268922,1.9844674545084815,2.5292803316943395,2.723244920830913,98.0,2.6262626262626263,0.096982294568287,0.48625722985776854,1.9844674545084815,99.0,1.0,-0.039213189619550365,-0.03441658042164543,98.0,-0.0368148850205979,0.0023983045989524688,0.012024802628490464,1.9844674545084815,QuantileRegressor,"{'mode': 'original', 'type': 'QuantileRegressor'}",17,"['l3_T2W10', 'lcc_T2W10', 'lsc_T2W10', 'atd_T2W10', 'density_T2W10', 'diameter_T2W10', 'asp_T2W10', 'z_re_T2W10', 'z_pe_T2W10', 'z_l1_T2W10', 'z_l2_T2W10', 'z_l3_T2W10', 'z_lsc_T2W10', 'z_atd_T2W10', 'z_density_T2W10', 'z_diameter_T2W10', 'z_asp_T2W10']",,,,,,,,3.5137282305785247,3.5820538077534714,98.0,3.547891019165998,0.03416278858747357,0.17128799660503746,1.9844674545084815,completed,True,COMPLETE
28,2.8524015666872806,2026-06-09 21:18:45.141880,2026-06-09 21:18:47.448906,0 days 00:00:02.307026,,,,,,,,,,,,,,1.2571961202641695,QuantileRegressor,,,,,,10,,,,,,,,,,True,-0.0021366239032900173,-0.0003373548466185717,98.0,-0.0012369893749542946,0.0008996345283357229,0.004510656255146754,1.9844674545084815,2.8288476122758714,2.87595552109869,98.0,2.8524015666872806,0.02355395441140907,0.11809661418377225,1.9844674545084815,895808466426701.4,1081653336562200.9,98.0,988730901494451.1,92922435067749.72,465901596459623.1,1.9844674545084815,8.498632602859773,8.8751047708776,98.0,8.686868686868687,0.1882360840089134,0.9437924435268922,1.9844674545084815,2.5292803316943395,2.723244920830913,98.0,2.6262626262626263,0.096982294568287,0.48625722985776854,1.9844674545084815,99.0,1.0,-0.039213189619550365,-0.03441658042164543,98.0,-0.0368148850205979,0.0023983045989524688,0.012024802628490464,1.9844674545084815,QuantileRegressor,"{'mode': 'original', 'type': 'QuantileRegressor'}",10,"['z_re_T2W10', 'z_pe_T2W10', 'z_l1_T2W10', 'z_l2_T2W10', 'z_l3_T2W10', 'z_lsc_T2W10', 'z_atd_T2W10', 'z_density_T2W10', 'z_diameter_T2W10', 'z_asp_T2W10']",,,,,,,,3.5137282305785247,3.5820538077534714,98.0,3.547891019165998,0.03416278858747357,0.17128799660503746,1.9844674545084815,completed,True,COMPLETE
29,2.883302940909624,2026-06-09 21:18:47.461032,2026-06-09 21:18:49.233397,0 days 00:00:01.772365,,,,,,,,,,,,,,,Ridge,,,,,,16,,,,,,,,56.18832910765979,lsqr,False,-0.01586725796003906,-0.008661735250047566,98.0,-0.012264496605043314,0.0036027613549957467,0.01806379983188921,1.9844674545084815,2.859961493723581,2.906644388095667,98.0,2.883302940909624,0.023341447186043047,0.11703112923942002,1.9844674545084815,990000979004742.8,1194940057275141.5,98.0,1092470518139942.1,102469539135199.38,513769595434767.44,1.9844674545084815,7.944075541546429,8.2853750662217,98.0,8.114725303884065,0.1706497623376361,0.8556168018045601,1.9844674545084815,2.534794282335738,2.606137968235869,98.0,2.5704661252858036,0.035671842950065404,0.1788542085339789,1.9844674545084815,99.0,0.5252525252525253,-0.00836562669899341,0.002298849155658463,98.0,-0.0030333887716674736,0.005332237927325937,0.026735181457872948,1.9844674545084815,Ridge,"{'mode': 'original', 'type': 'Ridge'}",16,"['nodes_T2W10', 'edges_T2W10', 're_T2W10', 'pe_T2W10', 'l2_T2W10', 'lcc_T2W10', 'lsc_T2W10', 'atd_T2W10', 'diameter_T2W10', 'z_re_T2W10', 'z_pe_T2W10', 'z_l2_T2W10', 'z_l3_T2W10', 'z_atd_T2W10', 'z_density_T2W10', 'z_diameter_T2W10']",-0.005285734996356293,0.049803560747626346,98.0,0.02225891287563503,0.02754464787199132,0.13810545761227966,1.9844674545084815,3.456396516956152,3.521347351337617,98.0,3.4888719341468843,0.03247541719073228,0.16282772512174185,1.9844674545084815,completed,False,COMPLETE
30,2.8524015666872806,2026-06-09 21:18:49.245523,2026-06-09 21:18:51.469798,0 days 00:00:02.224275,,,,,,,,,,,,,,0.7842597348323528,QuantileRegressor,,,,,,11,,,,,,,,,,True,-0.0021366239032900173,-0.0003373548466185717,98.0,-0.0012369893749542946,0.0008996345283357229,0.004510656255146754,1.9844674545084815,2.8288476122758714,2.87595552109869,98.0,2.8524015666872806,0.02355395441140907,0.11809661418377225,1.9844674545084815,895808466426701.4,1081653336562200.9,98.0,988730901494451.1,92922435067749.72,465901596459623.1,1.9844674545084815,8.498632602859773,8.8751047708776,98.0,8.686868686868687,0.1882360840089134,0.9437924435268922,1.9844674545084815,2.5292803316943395,2.723244920830913,98.0,2.6262626262626263,0.096982294568287,0.48625722985776854,1.9844674545084815,99.0,1.0,-0.039213189619550365,-0.03441658042164543,98.0,-0.0368148850205979,0.0023983045989524688,0.012024802628490464,1.9844674545084815,QuantileRegressor,"{'mode': 'original', 'type': 'QuantileRegressor'}",11,"['asp_T2W10', 'z_re_T2W10', 'z_pe_T2W10', 'z_l1_T2W10', 'z_l2_T2W10', 'z_l3_T2W10', 'z_lsc_T2W10', 'z_atd_T2W10', 'z_density_T2W10', 'z_diameter_T2W10', 'z_asp_T2W10']",,,,,,,,3.5137282305785247,3.5820538077534714,98.0,3.547891019165998,0.03416278858747357,0.17128799660503746,1.9844674545084815,completed,True,COMPLETE
31,2.8524015666872806,2026-06-09 21:18:51.506916,2026-06-09 21:18:53.912016,0 days 00:00:02.405100,,,,,,,,,,,,,,8.810569656876046,QuantileRegressor,,,,,,15,,,,,,,,,,True,-0.0021366239032900173,-0.0003373548466185717,98.0,-0.0012369893749542946,0.0008996345283357229,0.004510656255146754,1.9844674545084815,2.8288476122758714,2.87595552109869,98.0,2.8524015666872806,0.02355395441140907,0.11809661418377225,1.9844674545084815,895808466426701.4,1081653336562200.9,98.0,988730901494451.1,92922435067749.72,465901596459623.1,1.9844674545084815,8.498632602859773,8.8751047708776,98.0,8.686868686868687,0.1882360840089134,0.9437924435268922,1.9844674545084815,2.5292803316943395,2.723244920830913,98.0,2.6262626262626263,0.096982294568287,0.48625722985776854,1.9844674545084815,99.0,1.0,-0.039213189619550365,-0.03441658042164543,98.0,-0.0368148850205979,0.0023983045989524688,0.012024802628490464,1.9844674545084815,QuantileRegressor,"{'mode': 'original', 'type': 'QuantileRegressor'}",15,"['lsc_T2W10', 'atd_T2W10', 'density_T2W10', 'diameter_T2W10', 'asp_T2W10', 'z_re_T2W10', 'z_pe_T2W10', 'z_l1_T2W10', 'z_l2_T2W10', 'z_l3_T2W10', 'z_lsc_T2W10', 'z_atd_T2W10', 'z_density_T2W10', 'z_diameter_T2W10', 'z_asp_T2W10']",,,,,,,,3.5137282305785247,3.5820538077534714,98.0,3.547891019165998,0.03416278858747357,0.17128799660503746,1.9844674545084815,completed,True,COMPLETE
32,2.8524015666872806,2026-06-09 21:18:53.924128,2026-06-09 21:18:56.212059,0 days 00:00:02.287931,,,,,,,,,,,,,,8.830670506239807,QuantileRegressor,,,,,,14,,,,,,,,,,True,-0.0021366239032900173,-0.0003373548466185717,98.0,-0.0012369893749542946,0.0008996345283357229,0.004510656255146754,1.9844674545084815,2.8288476122758714,2.87595552109869,98.0,2.8524015666872806,0.02355395441140907,0.11809661418377225,1.9844674545084815,895808466426701.4,1081653336562200.9,98.0,988730901494451.1,92922435067749.72,465901596459623.1,1.9844674545084815,8.498632602859773,8.8751047708776,98.0,8.686868686868687,0.1882360840089134,0.9437924435268922,1.9844674545084815,2.5292803316943395,2.723244920830913,98.0,2.6262626262626263,0.096982294568287,0.48625722985776854,1.9844674545084815,99.0,1.0,-0.039213189619550365,-0.03441658042164543,98.0,-0.0368148850205979,0.0023983045989524688,0.012024802628490464,1.9844674545084815,QuantileRegressor,"{'mode': 'original', 'type': 'QuantileRegressor'}",14,"['atd_T2W10', 'density_T2W10', 'diameter_T2W10', 'asp_T2W10', 'z_re_T2W10', 'z_pe_T2W10', 'z_l1_T2W10', 'z_l2_T2W10', 'z_l3_T2W10', 'z_lsc_T2W10', 'z_atd_T2W10', 'z_density_T2W10', 'z_diameter_T2W10', 'z_asp_T2W10']",,,,,,,,3.5137282305785247,3.5820538077534714,98.0,3.547891019165998,0.03416278858747357,0.17128799660503746,1.9844674545084815,completed,True,COMPLETE
33,2.8974057270967686,2026-06-09 21:18:56.224785,2026-06-09 21:19:22.060992,0 days 00:00:25.836207,,,,,,,,,,,,,,,RandomForestRegressor,2.0,,5.0,3.0,245.0,21,,,,,,,,,,True,-0.02405720649522551,-0.009990667352210728,98.0,-0.01702393692371812,0.007033269571507392,0.03526394373228662,1.9844674545084815,2.866175422477618,2.9286360317159192,98.0,2.8974057270967686,0.031230304619150488,0.15658488468768572,1.9844674545084815,998897025136381.2,1211503752797030.2,98.0,1105200388966705.8,106303363830324.53,532991918275347.6,1.9844674545084815,7.9302715913295865,8.277251621153795,98.0,8.10376160624169,0.17349001491210375,0.8698574769206204,1.9844674545084815,2.6124585921943746,2.7073480294775525,98.0,2.6599033108359635,0.04744471864158915,0.2378819511410521,1.9844674545084815,99.0,0.5555555555555556,-0.027139605020109196,-0.0028702625510520687,98.0,-0.015004933785580632,0.012134671234528563,0.06084174071156779,1.9844674545084815,RandomForestRegressor,"{'mode': 'original', 'type': 'RandomForestRegressor'}",21,"['nodes_T2W10', 'edges_T2W10', 're_T2W10', 'pe_T2W10', 'l2_T2W10', 'l3_T2W10', 'lcc_T2W10', 'lsc_T2W10', 'atd_T2W10', 'density_T2W10', 'diameter_T2W10', 'asp_T2W10', 'z_re_T2W10', 'z_pe_T2W10', 'z_l1_T2W10', 'z_l2_T2W10', 'z_l3_T2W10', 'z_lsc_T2W10', 'z_atd_T2W10', 'z_diameter_T2W10', 'z_asp_T2W10']",0.019197951389153086,0.0716479915720889,98.0,0.045422971480620994,0.026225020091467908,0.13148900713689052,1.9844674545084815,3.4704417923304276,3.546641525045978,98.0,3.508541658688203,0.03809986635777534,0.19102801759385363,1.9844674545084815,completed,True,COMPLETE
34,2.8524015666872806,2026-06-09 21:19:22.073672,2026-06-09 21:19:24.407651,0 days 00:00:02.333979,,,,,,,,,,,,,,1.2491532414094437,QuantileRegressor,,,,,,17,,,,,,,,,,False,-0.0021366239032900173,-0.0003373548466185717,98.0,-0.0012369893749542946,0.0008996345283357229,0.004510656255146754,1.9844674545084815,2.8288476122758714,2.87595552109869,98.0,2.8524015666872806,0.02355395441140907,0.11809661418377225,1.9844674545084815,895808466426701.4,1081653336562200.9,98.0,988730901494451.1,92922435067749.72,465901596459623.1,1.9844674545084815,8.498632602859773,8.8751047708776,98.0,8.686868686868687,0.1882360840089134,0.9437924435268922,1.9844674545084815,2.5292803316943395,2.723244920830913,98.0,2.6262626262626263,0.096982294568287,0.48625722985776854,1.9844674545084815,99.0,1.0,-0.039213189619550365,-0.03441658042164543,98.0,-0.0368148850205979,0.0023983045989524688,0.012024802628490464,1.9844674545084815,QuantileRegressor,"{'mode': 'original', 'type': 'QuantileRegressor'}",17,"['l3_T2W10', 'lcc_T2W10', 'lsc_T2W10', 'atd_T2W10', 'density_T2W10', 'diameter_T2W10', 'asp_T2W10', 'z_re_T2W10', 'z_pe_T2W10', 'z_l1_T2W10', 'z_l2_T2W10', 'z_l3_T2W10', 'z_lsc_T2W10', 'z_atd_T2W10', 'z_density_T2W10', 'z_diameter_T2W10', 'z_asp_T2W10']",,,,,,,,3.5137282305785247,3.5820538077534714,98.0,3.547891019165998,0.03416278858747357,0.17128799660503746,1.9844674545084815,completed,False,COMPLETE
35,3.0438055210921817,2026-06-09 21:19:24.420257,2026-06-09 21:19:26.052383,0 days 00:00:01.632126,,,,,,,,,,,,,,,LinearRegression,,,,,,15,,,,,,,,,,True,-0.08281457289074678,-0.055191065152831474,98.0,-0.06900281902178913,0.013811753868957659,0.06925042561317998,1.9844674545084815,3.002015572674575,3.0855954695097885,98.0,3.0438055210921817,0.041789948417606644,0.20952963263965976,1.9844674545084815,995349134967825.5,1201723599002347.5,98.0,1098536366985086.5,103187232017260.97,517368018778671.5,1.9844674545084815,9.119851570044995,10.529350067942003,98.0,9.824600818993499,0.7047492489485044,3.5335255683886593,1.9844674545084815,2.5914850323568848,2.7017619977993013,98.0,2.646623515078093,0.0551384827212082,0.27645753264475176,1.9844674545084815,99.0,0.8585858585858586,-0.22664267559516227,-0.12396694229709833,98.0,-0.1753048089461303,0.05133786664903196,0.2574017137322794,1.9844674545084815,LinearRegression,"{'mode': 'original', 'type': 'LinearRegression'}",15,"['nodes_T2W10', 'edges_T2W10', 're_T2W10', 'pe_T2W10', 'l2_T2W10', 'lcc_T2W10', 'lsc_T2W10', 'atd_T2W10', 'diameter_T2W10', 'z_pe_T2W10', 'z_l1_T2W10', 'z_lsc_T2W10', 'z_density_T2W10', 'z_diameter_T2W10', 'z_asp_T2W10']",-0.008353592535372326,0.04634326661605369,98.0,0.018994837040340683,0.02734842957571301,0.13712164334370178,1.9844674545084815,3.6811931240992104,3.8302404317873338,98.0,3.755716777943272,0.07452365384406162,0.3736523830293276,1.9844674545084815,completed,True,COMPLETE
36,3.8427128427128427,2026-06-09 21:19:26.064635,2026-06-09 21:19:27.926575,0 days 00:00:01.861940,,,,,,,,,,,minkowski,1.0,uniform,,KNeighborsRegressor,,,,,,8,,,,,0.0012801497208079068,0.641577890749168,LinearSVR,,,True,-0.3726873855434406,-0.32728811044143813,98.0,-0.34998774799243937,0.02269963755100125,0.11381317511056915,1.9844674545084815,3.778533382168654,3.9068923032570315,98.0,3.8427128427128427,0.0641794605441886,0.3217878772295821,1.9844674545084815,753777957508799.8,1004584791252224.5,98.0,879181374380512.1,125403416871712.34,628757221863851.1,1.9844674545084815,11.0408505533217,11.484401971930826,98.0,11.262626262626263,0.22177570930456256,1.1119559764617262,1.9844674545084815,3.2516264501949954,3.475646277077732,98.0,3.3636363636363638,0.11200991344136856,0.5616038522192117,1.9844674545084815,99.0,1.0,-0.9328314315990676,-0.8141195747100265,98.0,-0.873475503154547,0.0593559284445205,0.2976032838730788,1.9844674545084815,KNeighborsRegressor,"{'mode': 'proxy', 'type': 'LinearSVR'}",8,"['edges_T2W10', 'l3_T2W10', 'lcc_T2W10', 'atd_T2W10', 'density_T2W10', 'z_l3_T2W10', 'z_atd_T2W10', 'z_diameter_T2W10']",0.036859628346727714,0.08666877703688514,98.0,0.06176420269180643,0.024904574345078714,0.12486845548181925,1.9844674545084815,4.678617287995014,4.817043001748674,98.0,4.747830144871844,0.06921285687682999,0.3470247038934749,1.9844674545084815,completed,True,COMPLETE
