number,value,datetime_start,datetime_complete,duration,params_dt_max_depth,params_dt_min_samples_leaf,params_dt_min_samples_split,params_elastic_alpha,params_elastic_l1_ratio,params_et_max_depth,params_et_max_features,params_et_min_samples_leaf,params_et_min_samples_split,params_et_n_estimators,params_knn_metric,params_knn_n_neighbors,params_knn_weights,params_quantile_alpha,params_regressor,params_rf_max_depth,params_rf_max_features,params_rf_min_samples_leaf,params_rf_min_samples_split,params_rf_n_estimators,params_rfe_n_features,params_rfe_proxy_et_max_depth,params_rfe_proxy_et_min_samples_leaf,params_rfe_proxy_et_min_samples_split,params_rfe_proxy_et_n_estimators,params_rfe_proxy_lsvr_C,params_rfe_proxy_lsvr_epsilon,params_rfe_proxy_type,params_use_scaler,user_attrs_d2mae_ci_lower_val,user_attrs_d2mae_ci_upper_val,user_attrs_d2mae_df_val,user_attrs_d2mae_mean_val,user_attrs_d2mae_samperror_val,user_attrs_d2mae_std_val,user_attrs_d2mae_t_critical_val,user_attrs_mae_ci_lower_val,user_attrs_mae_ci_upper_val,user_attrs_mae_df_val,user_attrs_mae_mean_val,user_attrs_mae_samperror_val,user_attrs_mae_std_val,user_attrs_mae_t_critical_val,user_attrs_mape_ci_lower_val,user_attrs_mape_ci_upper_val,user_attrs_mape_df_val,user_attrs_mape_mean_val,user_attrs_mape_samperror_val,user_attrs_mape_std_val,user_attrs_mape_t_critical_val,user_attrs_max_error_ci_lower_val,user_attrs_max_error_ci_upper_val,user_attrs_max_error_df_val,user_attrs_max_error_mean_val,user_attrs_max_error_samperror_val,user_attrs_max_error_std_val,user_attrs_max_error_t_critical_val,user_attrs_median_ae_ci_lower_val,user_attrs_median_ae_ci_upper_val,user_attrs_median_ae_df_val,user_attrs_median_ae_mean_val,user_attrs_median_ae_samperror_val,user_attrs_median_ae_std_val,user_attrs_median_ae_t_critical_val,user_attrs_n_splits_val,user_attrs_r2_below_zero_val,user_attrs_r2_ci_lower_val,user_attrs_r2_ci_upper_val,user_attrs_r2_df_val,user_attrs_r2_mean_val,user_attrs_r2_samperror_val,user_attrs_r2_std_val,user_attrs_r2_t_critical_val,user_attrs_regressor_final,user_attrs_rfe_estimator,user_attrs_rfe_n_features,user_attrs_rfe_selected_features,user_attrs_rho_ci_lower_val,user_attrs_rho_ci_upper_val,user_attrs_rho_df_val,user_attrs_rho_mean_val,user_attrs_rho_samperror_val,user_attrs_rho_std_val,user_attrs_rho_t_critical_val,user_attrs_rmse_ci_lower_val,user_attrs_rmse_ci_upper_val,user_attrs_rmse_df_val,user_attrs_rmse_mean_val,user_attrs_rmse_samperror_val,user_attrs_rmse_std_val,user_attrs_rmse_t_critical_val,user_attrs_termination_reason,user_attrs_use_scaler_final,state
179,2.8087542087542094,2026-06-12 01:31:45.710367,2026-06-12 01:31:47.814612,0 days 00:00:02.104245,,,,,,,,,,,,,,4.594593463882421,QuantileRegressor,,,,,,8,,,,,,,,False,-0.0009331355682963278,0.00012430831312870661,98.0,-0.0004044136275838106,0.0005287219407125172,0.002650946416563353,1.9844674545084815,2.7849467735529934,2.8325616439554255,98.0,2.8087542087542094,0.02380743520121607,0.11936753551247853,1.9844674545084815,608805169475213.9,816576530769995.1,98.0,712690850122604.5,103885680647390.62,520869953823584.9,1.9844674545084815,8.727991855320967,9.049785922456811,98.0,8.88888888888889,0.16089703356792168,0.8067178260046389,1.9844674545084815,2.2959895660805363,2.491889221798252,98.0,2.393939393939394,0.09794982785885767,0.4911083221088062,1.9844674545084815,99.0,1.0,-0.037483843968863534,-0.033183157484501485,98.0,-0.03533350072668251,0.002150343242181023,0.010781555054361772,1.9844674545084815,QuantileRegressor,"{'mode': 'original', 'type': 'QuantileRegressor'}",8,"['l2_T2W40', 'l3_T2W40', 'lcc_T2W40', 'lsc_T2W40', 'atd_T2W40', 'density_T2W40', 'diameter_T2W40', 'asp_T2W40']",,,,,,,,3.4925577655390954,3.575019515589782,98.0,3.5337886405644388,0.04123087502534345,0.20672650779899443,1.9844674545084815,completed,False,COMPLETE
180,2.8087542087542094,2026-06-12 01:31:47.826820,2026-06-12 01:31:49.906870,0 days 00:00:02.080050,,,,,,,,,,,,,,1.262491660194141,QuantileRegressor,,,,,,7,,,,,,,,False,-0.0009331355682963278,0.00012430831312870661,98.0,-0.0004044136275838106,0.0005287219407125172,0.002650946416563353,1.9844674545084815,2.7849467735529934,2.8325616439554255,98.0,2.8087542087542094,0.02380743520121607,0.11936753551247853,1.9844674545084815,608805169475213.9,816576530769995.1,98.0,712690850122604.5,103885680647390.62,520869953823584.9,1.9844674545084815,8.727991855320967,9.049785922456811,98.0,8.88888888888889,0.16089703356792168,0.8067178260046389,1.9844674545084815,2.2959895660805363,2.491889221798252,98.0,2.393939393939394,0.09794982785885767,0.4911083221088062,1.9844674545084815,99.0,1.0,-0.037483843968863534,-0.033183157484501485,98.0,-0.03533350072668251,0.002150343242181023,0.010781555054361772,1.9844674545084815,QuantileRegressor,"{'mode': 'original', 'type': 'QuantileRegressor'}",7,"['l3_T2W40', 'lcc_T2W40', 'lsc_T2W40', 'atd_T2W40', 'density_T2W40', 'diameter_T2W40', 'asp_T2W40']",,,,,,,,3.4925577655390954,3.575019515589782,98.0,3.5337886405644388,0.04123087502534345,0.20672650779899443,1.9844674545084815,completed,False,COMPLETE
181,2.8087542087542094,2026-06-12 01:31:49.919155,2026-06-12 01:31:52.108519,0 days 00:00:02.189364,,,,,,,,,,,,,,8.67400424310657,QuantileRegressor,,,,,,8,,,,,,,,False,-0.0009331355682963278,0.00012430831312870661,98.0,-0.0004044136275838106,0.0005287219407125172,0.002650946416563353,1.9844674545084815,2.7849467735529934,2.8325616439554255,98.0,2.8087542087542094,0.02380743520121607,0.11936753551247853,1.9844674545084815,608805169475213.9,816576530769995.1,98.0,712690850122604.5,103885680647390.62,520869953823584.9,1.9844674545084815,8.727991855320967,9.049785922456811,98.0,8.88888888888889,0.16089703356792168,0.8067178260046389,1.9844674545084815,2.2959895660805363,2.491889221798252,98.0,2.393939393939394,0.09794982785885767,0.4911083221088062,1.9844674545084815,99.0,1.0,-0.037483843968863534,-0.033183157484501485,98.0,-0.03533350072668251,0.002150343242181023,0.010781555054361772,1.9844674545084815,QuantileRegressor,"{'mode': 'original', 'type': 'QuantileRegressor'}",8,"['l2_T2W40', 'l3_T2W40', 'lcc_T2W40', 'lsc_T2W40', 'atd_T2W40', 'density_T2W40', 'diameter_T2W40', 'asp_T2W40']",,,,,,,,3.4925577655390954,3.575019515589782,98.0,3.5337886405644388,0.04123087502534345,0.20672650779899443,1.9844674545084815,completed,False,COMPLETE
182,2.8087542087542094,2026-06-12 01:31:52.171523,2026-06-12 01:31:54.238466,0 days 00:00:02.066943,,,,,,,,,,,,,,5.9710538916147025,QuantileRegressor,,,,,,8,,,,,,,,False,-0.0009331355682963278,0.00012430831312870661,98.0,-0.0004044136275838106,0.0005287219407125172,0.002650946416563353,1.9844674545084815,2.7849467735529934,2.8325616439554255,98.0,2.8087542087542094,0.02380743520121607,0.11936753551247853,1.9844674545084815,608805169475213.9,816576530769995.1,98.0,712690850122604.5,103885680647390.62,520869953823584.9,1.9844674545084815,8.727991855320967,9.049785922456811,98.0,8.88888888888889,0.16089703356792168,0.8067178260046389,1.9844674545084815,2.2959895660805363,2.491889221798252,98.0,2.393939393939394,0.09794982785885767,0.4911083221088062,1.9844674545084815,99.0,1.0,-0.037483843968863534,-0.033183157484501485,98.0,-0.03533350072668251,0.002150343242181023,0.010781555054361772,1.9844674545084815,QuantileRegressor,"{'mode': 'original', 'type': 'QuantileRegressor'}",8,"['l2_T2W40', 'l3_T2W40', 'lcc_T2W40', 'lsc_T2W40', 'atd_T2W40', 'density_T2W40', 'diameter_T2W40', 'asp_T2W40']",,,,,,,,3.4925577655390954,3.575019515589782,98.0,3.5337886405644388,0.04123087502534345,0.20672650779899443,1.9844674545084815,completed,False,COMPLETE
183,2.8087542087542094,2026-06-12 01:31:54.262352,2026-06-12 01:31:56.468074,0 days 00:00:02.205722,,,,,,,,,,,,,,8.515792195985702,QuantileRegressor,,,,,,7,,,,,,,,False,-0.0009331355682963278,0.00012430831312870661,98.0,-0.0004044136275838106,0.0005287219407125172,0.002650946416563353,1.9844674545084815,2.7849467735529934,2.8325616439554255,98.0,2.8087542087542094,0.02380743520121607,0.11936753551247853,1.9844674545084815,608805169475213.9,816576530769995.1,98.0,712690850122604.5,103885680647390.62,520869953823584.9,1.9844674545084815,8.727991855320967,9.049785922456811,98.0,8.88888888888889,0.16089703356792168,0.8067178260046389,1.9844674545084815,2.2959895660805363,2.491889221798252,98.0,2.393939393939394,0.09794982785885767,0.4911083221088062,1.9844674545084815,99.0,1.0,-0.037483843968863534,-0.033183157484501485,98.0,-0.03533350072668251,0.002150343242181023,0.010781555054361772,1.9844674545084815,QuantileRegressor,"{'mode': 'original', 'type': 'QuantileRegressor'}",7,"['l3_T2W40', 'lcc_T2W40', 'lsc_T2W40', 'atd_T2W40', 'density_T2W40', 'diameter_T2W40', 'asp_T2W40']",,,,,,,,3.4925577655390954,3.575019515589782,98.0,3.5337886405644388,0.04123087502534345,0.20672650779899443,1.9844674545084815,completed,False,COMPLETE
184,2.8087542087542094,2026-06-12 01:31:56.481775,2026-06-12 01:31:58.631052,0 days 00:00:02.149277,,,,,,,,,,,,,,2.6444610939170428,QuantileRegressor,,,,,,8,,,,,,,,False,-0.0009331355682963278,0.00012430831312870661,98.0,-0.0004044136275838106,0.0005287219407125172,0.002650946416563353,1.9844674545084815,2.7849467735529934,2.8325616439554255,98.0,2.8087542087542094,0.02380743520121607,0.11936753551247853,1.9844674545084815,608805169475213.9,816576530769995.1,98.0,712690850122604.5,103885680647390.62,520869953823584.9,1.9844674545084815,8.727991855320967,9.049785922456811,98.0,8.88888888888889,0.16089703356792168,0.8067178260046389,1.9844674545084815,2.2959895660805363,2.491889221798252,98.0,2.393939393939394,0.09794982785885767,0.4911083221088062,1.9844674545084815,99.0,1.0,-0.037483843968863534,-0.033183157484501485,98.0,-0.03533350072668251,0.002150343242181023,0.010781555054361772,1.9844674545084815,QuantileRegressor,"{'mode': 'original', 'type': 'QuantileRegressor'}",8,"['l2_T2W40', 'l3_T2W40', 'lcc_T2W40', 'lsc_T2W40', 'atd_T2W40', 'density_T2W40', 'diameter_T2W40', 'asp_T2W40']",,,,,,,,3.4925577655390954,3.575019515589782,98.0,3.5337886405644388,0.04123087502534345,0.20672650779899443,1.9844674545084815,completed,False,COMPLETE
185,3.3598704661368104,2026-06-12 01:31:58.666209,2026-06-12 01:32:00.368263,0 days 00:00:01.702054,6.0,4.0,7.0,,,,,,,,,,,,DecisionTreeRegressor,,,,,,5,,,,,,,,False,-0.21945360700518174,-0.1746509020232887,98.0,-0.19705225451423522,0.022401352490946505,0.11231761071238872,1.9844674545084815,3.293041761886119,3.4266991703875016,98.0,3.3598704661368104,0.06682870425069119,0.335070857506307,1.9844674545084815,606080020408019.1,840851994073172.4,98.0,723466007240595.8,117385986832576.6,588558819271266.8,1.9844674545084815,9.858512769593055,10.47443759359145,98.0,10.166475181592252,0.30796241199919755,1.5440854439013674,1.9844674545084815,2.7521532726430746,2.9057506522292793,98.0,2.828951962436177,0.07679868979310218,0.38505913189345525,1.9844674545084815,99.0,0.9696969696969697,-0.5302751299739488,-0.42796853731688206,98.0,-0.4791218336454154,0.05115329632853333,0.2564763009735987,1.9844674545084815,DecisionTreeRegressor,"{'mode': 'original', 'type': 'DecisionTreeRegressor'}",5,"['re_T2W40', 'pe_T2W40', 'l2_T2W40', 'l3_T2W40', 'density_T2W40']",-0.04474723178853346,0.01357454036010972,98.0,-0.015586345714211872,0.02916088607432159,0.1462090760567994,1.9844674545084815,4.1249220775115765,4.2817532485115,98.0,4.203337663011538,0.07841558549996212,0.3931660469843643,1.9844674545084815,completed,False,COMPLETE
186,2.8087542087542094,2026-06-12 01:32:00.381682,2026-06-12 01:32:02.447654,0 days 00:00:02.065972,,,,,,,,,,,,,,9.660165344980129,QuantileRegressor,,,,,,9,,,,,,,,False,-0.0009331355682963278,0.00012430831312870661,98.0,-0.0004044136275838106,0.0005287219407125172,0.002650946416563353,1.9844674545084815,2.7849467735529934,2.8325616439554255,98.0,2.8087542087542094,0.02380743520121607,0.11936753551247853,1.9844674545084815,608805169475213.9,816576530769995.1,98.0,712690850122604.5,103885680647390.62,520869953823584.9,1.9844674545084815,8.727991855320967,9.049785922456811,98.0,8.88888888888889,0.16089703356792168,0.8067178260046389,1.9844674545084815,2.2959895660805363,2.491889221798252,98.0,2.393939393939394,0.09794982785885767,0.4911083221088062,1.9844674545084815,99.0,1.0,-0.037483843968863534,-0.033183157484501485,98.0,-0.03533350072668251,0.002150343242181023,0.010781555054361772,1.9844674545084815,QuantileRegressor,"{'mode': 'original', 'type': 'QuantileRegressor'}",9,"['l1_T2W40', 'l2_T2W40', 'l3_T2W40', 'lcc_T2W40', 'lsc_T2W40', 'atd_T2W40', 'density_T2W40', 'diameter_T2W40', 'asp_T2W40']",,,,,,,,3.4925577655390954,3.575019515589782,98.0,3.5337886405644388,0.04123087502534345,0.20672650779899443,1.9844674545084815,completed,False,COMPLETE
187,2.871902321065073,2026-06-12 01:32:02.487199,2026-06-12 01:32:04.336775,0 days 00:00:01.849576,,,,,,,,,,,manhattan,20.0,distance,,KNeighborsRegressor,,,,,,8,7.0,3.0,8.0,50.0,,,ExtraTrees,,-0.029477583749159285,-0.01633522349621907,98.0,-0.022906403622689177,0.006571180126470109,0.03294708440769999,1.9844674545084815,2.841590904039329,2.9022137380908175,98.0,2.871902321065073,0.030311417025744355,0.151977695945562,1.9844674545084815,610494595642428.9,823980077297489.9,98.0,717237336469959.4,106742740827530.52,535194900195662.7,1.9844674545084815,8.860176407804389,9.454485378572624,98.0,9.157330893188506,0.2971544853841168,1.4898958366153205,1.9844674545084815,2.52820052106236,2.622685517245736,98.0,2.575443019154048,0.047242498091688026,0.23686804231518907,1.9844674545084815,99.0,0.7676767676767676,-0.05898905154867147,-0.03133407239605303,98.0,-0.04516156197236225,0.013827489576309223,0.0693293225035937,1.9844674545084815,KNeighborsRegressor,"{'mode': 'proxy', 'type': 'ExtraTrees'}",8,"['nodes_T2W40', 're_T2W40', 'pe_T2W40', 'l1_T2W40', 'l2_T2W40', 'l3_T2W40', 'lcc_T2W40', 'density_T2W40']",0.018777112600218603,0.0665694175677709,98.0,0.04267326508399475,0.023896152483776148,0.11981235299437258,1.9844674545084815,3.5007302034467367,3.5974022761362994,98.0,3.549066239791518,0.04833603634478143,0.24235090786358351,1.9844674545084815,completed,True,COMPLETE
188,2.8087542087542094,2026-06-12 01:32:04.350012,2026-06-12 01:32:06.470941,0 days 00:00:02.120929,,,,,,,,,,,,,,6.9151833259725,QuantileRegressor,,,,,,6,,,,,,,,False,-0.0009331355682963278,0.00012430831312870661,98.0,-0.0004044136275838106,0.0005287219407125172,0.002650946416563353,1.9844674545084815,2.7849467735529934,2.8325616439554255,98.0,2.8087542087542094,0.02380743520121607,0.11936753551247853,1.9844674545084815,608805169475213.9,816576530769995.1,98.0,712690850122604.5,103885680647390.62,520869953823584.9,1.9844674545084815,8.727991855320967,9.049785922456811,98.0,8.88888888888889,0.16089703356792168,0.8067178260046389,1.9844674545084815,2.2959895660805363,2.491889221798252,98.0,2.393939393939394,0.09794982785885767,0.4911083221088062,1.9844674545084815,99.0,1.0,-0.037483843968863534,-0.033183157484501485,98.0,-0.03533350072668251,0.002150343242181023,0.010781555054361772,1.9844674545084815,QuantileRegressor,"{'mode': 'original', 'type': 'QuantileRegressor'}",6,"['lcc_T2W40', 'lsc_T2W40', 'atd_T2W40', 'density_T2W40', 'diameter_T2W40', 'asp_T2W40']",,,,,,,,3.4925577655390954,3.575019515589782,98.0,3.5337886405644388,0.04123087502534345,0.20672650779899443,1.9844674545084815,completed,False,COMPLETE
189,2.8087542087542094,2026-06-12 01:32:06.483134,2026-06-12 01:32:08.570557,0 days 00:00:02.087423,,,,,,,,,,,,,,0.36507675767781256,QuantileRegressor,,,,,,7,,,,,,,,True,-0.0009331355682963278,0.00012430831312870661,98.0,-0.0004044136275838106,0.0005287219407125172,0.002650946416563353,1.9844674545084815,2.7849467735529934,2.8325616439554255,98.0,2.8087542087542094,0.02380743520121607,0.11936753551247853,1.9844674545084815,608805169475213.9,816576530769995.1,98.0,712690850122604.5,103885680647390.62,520869953823584.9,1.9844674545084815,8.727991855320967,9.049785922456811,98.0,8.88888888888889,0.16089703356792168,0.8067178260046389,1.9844674545084815,2.2959895660805363,2.491889221798252,98.0,2.393939393939394,0.09794982785885767,0.4911083221088062,1.9844674545084815,99.0,1.0,-0.037483843968863534,-0.033183157484501485,98.0,-0.03533350072668251,0.002150343242181023,0.010781555054361772,1.9844674545084815,QuantileRegressor,"{'mode': 'original', 'type': 'QuantileRegressor'}",7,"['l3_T2W40', 'lcc_T2W40', 'lsc_T2W40', 'atd_T2W40', 'density_T2W40', 'diameter_T2W40', 'asp_T2W40']",,,,,,,,3.4925577655390954,3.575019515589782,98.0,3.5337886405644388,0.04123087502534345,0.20672650779899443,1.9844674545084815,completed,True,COMPLETE
190,2.8087542087542094,2026-06-12 01:32:08.583213,2026-06-12 01:32:10.671313,0 days 00:00:02.088100,,,,,,,,,,,,,,0.6109684737828145,QuantileRegressor,,,,,,7,,,,,,,,False,-0.0009331355682963278,0.00012430831312870661,98.0,-0.0004044136275838106,0.0005287219407125172,0.002650946416563353,1.9844674545084815,2.7849467735529934,2.8325616439554255,98.0,2.8087542087542094,0.02380743520121607,0.11936753551247853,1.9844674545084815,608805169475213.9,816576530769995.1,98.0,712690850122604.5,103885680647390.62,520869953823584.9,1.9844674545084815,8.727991855320967,9.049785922456811,98.0,8.88888888888889,0.16089703356792168,0.8067178260046389,1.9844674545084815,2.2959895660805363,2.491889221798252,98.0,2.393939393939394,0.09794982785885767,0.4911083221088062,1.9844674545084815,99.0,1.0,-0.037483843968863534,-0.033183157484501485,98.0,-0.03533350072668251,0.002150343242181023,0.010781555054361772,1.9844674545084815,QuantileRegressor,"{'mode': 'original', 'type': 'QuantileRegressor'}",7,"['l3_T2W40', 'lcc_T2W40', 'lsc_T2W40', 'atd_T2W40', 'density_T2W40', 'diameter_T2W40', 'asp_T2W40']",,,,,,,,3.4925577655390954,3.575019515589782,98.0,3.5337886405644388,0.04123087502534345,0.20672650779899443,1.9844674545084815,completed,False,COMPLETE
191,2.8087542087542094,2026-06-12 01:32:10.684052,2026-06-12 01:32:12.917699,0 days 00:00:02.233647,,,,,,,,,,,,,,0.8137076941736836,QuantileRegressor,,,,,,10,,,,,,,,False,-0.0009331355682963278,0.00012430831312870661,98.0,-0.0004044136275838106,0.0005287219407125172,0.002650946416563353,1.9844674545084815,2.7849467735529934,2.8325616439554255,98.0,2.8087542087542094,0.02380743520121607,0.11936753551247853,1.9844674545084815,608805169475213.9,816576530769995.1,98.0,712690850122604.5,103885680647390.62,520869953823584.9,1.9844674545084815,8.727991855320967,9.049785922456811,98.0,8.88888888888889,0.16089703356792168,0.8067178260046389,1.9844674545084815,2.2959895660805363,2.491889221798252,98.0,2.393939393939394,0.09794982785885767,0.4911083221088062,1.9844674545084815,99.0,1.0,-0.037483843968863534,-0.033183157484501485,98.0,-0.03533350072668251,0.002150343242181023,0.010781555054361772,1.9844674545084815,QuantileRegressor,"{'mode': 'original', 'type': 'QuantileRegressor'}",10,"['pe_T2W40', 'l1_T2W40', 'l2_T2W40', 'l3_T2W40', 'lcc_T2W40', 'lsc_T2W40', 'atd_T2W40', 'density_T2W40', 'diameter_T2W40', 'asp_T2W40']",,,,,,,,3.4925577655390954,3.575019515589782,98.0,3.5337886405644388,0.04123087502534345,0.20672650779899443,1.9844674545084815,completed,False,COMPLETE
192,2.8087542087542094,2026-06-12 01:32:12.931615,2026-06-12 01:32:15.053294,0 days 00:00:02.121679,,,,,,,,,,,,,,0.958134104251223,QuantileRegressor,,,,,,9,,,,,,,,False,-0.0009331355682963278,0.00012430831312870661,98.0,-0.0004044136275838106,0.0005287219407125172,0.002650946416563353,1.9844674545084815,2.7849467735529934,2.8325616439554255,98.0,2.8087542087542094,0.02380743520121607,0.11936753551247853,1.9844674545084815,608805169475213.9,816576530769995.1,98.0,712690850122604.5,103885680647390.62,520869953823584.9,1.9844674545084815,8.727991855320967,9.049785922456811,98.0,8.88888888888889,0.16089703356792168,0.8067178260046389,1.9844674545084815,2.2959895660805363,2.491889221798252,98.0,2.393939393939394,0.09794982785885767,0.4911083221088062,1.9844674545084815,99.0,1.0,-0.037483843968863534,-0.033183157484501485,98.0,-0.03533350072668251,0.002150343242181023,0.010781555054361772,1.9844674545084815,QuantileRegressor,"{'mode': 'original', 'type': 'QuantileRegressor'}",9,"['l1_T2W40', 'l2_T2W40', 'l3_T2W40', 'lcc_T2W40', 'lsc_T2W40', 'atd_T2W40', 'density_T2W40', 'diameter_T2W40', 'asp_T2W40']",,,,,,,,3.4925577655390954,3.575019515589782,98.0,3.5337886405644388,0.04123087502534345,0.20672650779899443,1.9844674545084815,completed,False,COMPLETE
193,2.8087542087542094,2026-06-12 01:32:15.066416,2026-06-12 01:32:17.197032,0 days 00:00:02.130616,,,,,,,,,,,,,,1.7105991179280653,QuantileRegressor,,,,,,9,,,,,,,,False,-0.0009331355682963278,0.00012430831312870661,98.0,-0.0004044136275838106,0.0005287219407125172,0.002650946416563353,1.9844674545084815,2.7849467735529934,2.8325616439554255,98.0,2.8087542087542094,0.02380743520121607,0.11936753551247853,1.9844674545084815,608805169475213.9,816576530769995.1,98.0,712690850122604.5,103885680647390.62,520869953823584.9,1.9844674545084815,8.727991855320967,9.049785922456811,98.0,8.88888888888889,0.16089703356792168,0.8067178260046389,1.9844674545084815,2.2959895660805363,2.491889221798252,98.0,2.393939393939394,0.09794982785885767,0.4911083221088062,1.9844674545084815,99.0,1.0,-0.037483843968863534,-0.033183157484501485,98.0,-0.03533350072668251,0.002150343242181023,0.010781555054361772,1.9844674545084815,QuantileRegressor,"{'mode': 'original', 'type': 'QuantileRegressor'}",9,"['l1_T2W40', 'l2_T2W40', 'l3_T2W40', 'lcc_T2W40', 'lsc_T2W40', 'atd_T2W40', 'density_T2W40', 'diameter_T2W40', 'asp_T2W40']",,,,,,,,3.4925577655390954,3.575019515589782,98.0,3.5337886405644388,0.04123087502534345,0.20672650779899443,1.9844674545084815,completed,False,COMPLETE
