number,value,datetime_start,datetime_complete,duration,params_dt_max_depth,params_dt_min_samples_leaf,params_dt_min_samples_split,params_elastic_alpha,params_elastic_l1_ratio,params_et_max_depth,params_et_max_features,params_et_min_samples_leaf,params_et_min_samples_split,params_et_n_estimators,params_knn_metric,params_knn_n_neighbors,params_knn_weights,params_quantile_alpha,params_regressor,params_rf_max_depth,params_rf_max_features,params_rf_min_samples_leaf,params_rf_min_samples_split,params_rf_n_estimators,params_rfe_n_features,params_rfe_proxy_et_max_depth,params_rfe_proxy_et_min_samples_leaf,params_rfe_proxy_et_min_samples_split,params_rfe_proxy_et_n_estimators,params_rfe_proxy_lsvr_C,params_rfe_proxy_lsvr_epsilon,params_rfe_proxy_type,params_use_scaler,user_attrs_d2mae_ci_lower_val,user_attrs_d2mae_ci_upper_val,user_attrs_d2mae_df_val,user_attrs_d2mae_mean_val,user_attrs_d2mae_samperror_val,user_attrs_d2mae_std_val,user_attrs_d2mae_t_critical_val,user_attrs_mae_ci_lower_val,user_attrs_mae_ci_upper_val,user_attrs_mae_df_val,user_attrs_mae_mean_val,user_attrs_mae_samperror_val,user_attrs_mae_std_val,user_attrs_mae_t_critical_val,user_attrs_mape_ci_lower_val,user_attrs_mape_ci_upper_val,user_attrs_mape_df_val,user_attrs_mape_mean_val,user_attrs_mape_samperror_val,user_attrs_mape_std_val,user_attrs_mape_t_critical_val,user_attrs_max_error_ci_lower_val,user_attrs_max_error_ci_upper_val,user_attrs_max_error_df_val,user_attrs_max_error_mean_val,user_attrs_max_error_samperror_val,user_attrs_max_error_std_val,user_attrs_max_error_t_critical_val,user_attrs_median_ae_ci_lower_val,user_attrs_median_ae_ci_upper_val,user_attrs_median_ae_df_val,user_attrs_median_ae_mean_val,user_attrs_median_ae_samperror_val,user_attrs_median_ae_std_val,user_attrs_median_ae_t_critical_val,user_attrs_n_splits_val,user_attrs_r2_below_zero_val,user_attrs_r2_ci_lower_val,user_attrs_r2_ci_upper_val,user_attrs_r2_df_val,user_attrs_r2_mean_val,user_attrs_r2_samperror_val,user_attrs_r2_std_val,user_attrs_r2_t_critical_val,user_attrs_regressor_final,user_attrs_rfe_estimator,user_attrs_rfe_n_features,user_attrs_rfe_selected_features,user_attrs_rho_ci_lower_val,user_attrs_rho_ci_upper_val,user_attrs_rho_df_val,user_attrs_rho_mean_val,user_attrs_rho_samperror_val,user_attrs_rho_std_val,user_attrs_rho_t_critical_val,user_attrs_rmse_ci_lower_val,user_attrs_rmse_ci_upper_val,user_attrs_rmse_df_val,user_attrs_rmse_mean_val,user_attrs_rmse_samperror_val,user_attrs_rmse_std_val,user_attrs_rmse_t_critical_val,user_attrs_termination_reason,user_attrs_use_scaler_final,state
209,2.891396856403277,2026-06-12 01:32:57.548852,2026-06-12 01:32:59.823342,0 days 00:00:02.274490,,,,,,,,,,,,,,0.00016578149218950748,QuantileRegressor,,,,,,3,,,,,,,,False,-0.037735629715711635,-0.022269829816727343,98.0,-0.03000272976621949,0.007732899949492145,0.0387718039147828,1.9844674545084815,2.860376108649891,2.922417604156663,98.0,2.891396856403277,0.03102074775338605,0.15553419248146508,1.9844674545084815,607206149173688.8,815502126921078.0,98.0,711354138047383.4,104147988873694.67,522185134827079.3,1.9844674545084815,8.822982406646656,9.62144227331633,98.0,9.222212339981493,0.39922993333483664,2.0016895075936763,1.9844674545084815,2.4867633655004835,2.624046871414049,98.0,2.555405118457266,0.06864175295678257,0.344161259474477,1.9844674545084815,99.0,0.9494949494949495,-0.1172580049369194,-0.06306141692911552,98.0,-0.09015971093301746,0.02709829400390194,0.13586749452427888,1.9844674545084815,QuantileRegressor,"{'mode': 'original', 'type': 'QuantileRegressor'}",3,"['edges_T2W40', 'lcc_T2W40', 'atd_T2W40']",-0.0601213157972362,0.0005905889474762879,88.0,-0.029765363424879957,0.030355952372356245,0.14410453502249757,1.9872898648311692,3.5630838914686023,3.6762770976735424,98.0,3.6196804945710723,0.05659660310246992,0.283768367890996,1.9844674545084815,completed,False,COMPLETE
210,2.8087542087542094,2026-06-12 01:32:59.837330,2026-06-12 01:33:01.899982,0 days 00:00:02.062652,,,,,,,,,,,,,,3.3544885729349265,QuantileRegressor,,,,,,4,,,,,,,,True,-0.0009331355682963278,0.00012430831312870661,98.0,-0.0004044136275838106,0.0005287219407125172,0.002650946416563353,1.9844674545084815,2.7849467735529934,2.8325616439554255,98.0,2.8087542087542094,0.02380743520121607,0.11936753551247853,1.9844674545084815,608805169475213.9,816576530769995.1,98.0,712690850122604.5,103885680647390.62,520869953823584.9,1.9844674545084815,8.727991855320967,9.049785922456811,98.0,8.88888888888889,0.16089703356792168,0.8067178260046389,1.9844674545084815,2.2959895660805363,2.491889221798252,98.0,2.393939393939394,0.09794982785885767,0.4911083221088062,1.9844674545084815,99.0,1.0,-0.037483843968863534,-0.033183157484501485,98.0,-0.03533350072668251,0.002150343242181023,0.010781555054361772,1.9844674545084815,QuantileRegressor,"{'mode': 'original', 'type': 'QuantileRegressor'}",4,"['atd_T2W40', 'density_T2W40', 'diameter_T2W40', 'asp_T2W40']",,,,,,,,3.4925577655390954,3.575019515589782,98.0,3.5337886405644388,0.04123087502534345,0.20672650779899443,1.9844674545084815,completed,True,COMPLETE
211,2.8087542087542094,2026-06-12 01:33:01.913159,2026-06-12 01:33:04.013995,0 days 00:00:02.100836,,,,,,,,,,,,,,6.950899001915723,QuantileRegressor,,,,,,9,,,,,,,,False,-0.0009331355682963278,0.00012430831312870661,98.0,-0.0004044136275838106,0.0005287219407125172,0.002650946416563353,1.9844674545084815,2.7849467735529934,2.8325616439554255,98.0,2.8087542087542094,0.02380743520121607,0.11936753551247853,1.9844674545084815,608805169475213.9,816576530769995.1,98.0,712690850122604.5,103885680647390.62,520869953823584.9,1.9844674545084815,8.727991855320967,9.049785922456811,98.0,8.88888888888889,0.16089703356792168,0.8067178260046389,1.9844674545084815,2.2959895660805363,2.491889221798252,98.0,2.393939393939394,0.09794982785885767,0.4911083221088062,1.9844674545084815,99.0,1.0,-0.037483843968863534,-0.033183157484501485,98.0,-0.03533350072668251,0.002150343242181023,0.010781555054361772,1.9844674545084815,QuantileRegressor,"{'mode': 'original', 'type': 'QuantileRegressor'}",9,"['l1_T2W40', 'l2_T2W40', 'l3_T2W40', 'lcc_T2W40', 'lsc_T2W40', 'atd_T2W40', 'density_T2W40', 'diameter_T2W40', 'asp_T2W40']",,,,,,,,3.4925577655390954,3.575019515589782,98.0,3.5337886405644388,0.04123087502534345,0.20672650779899443,1.9844674545084815,completed,False,COMPLETE
212,2.8087542087542094,2026-06-12 01:33:04.027756,2026-06-12 01:33:06.487689,0 days 00:00:02.459933,,,,,,,,,,,,,,2.4977894628605175,QuantileRegressor,,,,,,10,,,,,,,,False,-0.0009331355682963278,0.00012430831312870661,98.0,-0.0004044136275838106,0.0005287219407125172,0.002650946416563353,1.9844674545084815,2.7849467735529934,2.8325616439554255,98.0,2.8087542087542094,0.02380743520121607,0.11936753551247853,1.9844674545084815,608805169475213.9,816576530769995.1,98.0,712690850122604.5,103885680647390.62,520869953823584.9,1.9844674545084815,8.727991855320967,9.049785922456811,98.0,8.88888888888889,0.16089703356792168,0.8067178260046389,1.9844674545084815,2.2959895660805363,2.491889221798252,98.0,2.393939393939394,0.09794982785885767,0.4911083221088062,1.9844674545084815,99.0,1.0,-0.037483843968863534,-0.033183157484501485,98.0,-0.03533350072668251,0.002150343242181023,0.010781555054361772,1.9844674545084815,QuantileRegressor,"{'mode': 'original', 'type': 'QuantileRegressor'}",10,"['pe_T2W40', 'l1_T2W40', 'l2_T2W40', 'l3_T2W40', 'lcc_T2W40', 'lsc_T2W40', 'atd_T2W40', 'density_T2W40', 'diameter_T2W40', 'asp_T2W40']",,,,,,,,3.4925577655390954,3.575019515589782,98.0,3.5337886405644388,0.04123087502534345,0.20672650779899443,1.9844674545084815,completed,False,COMPLETE
213,2.8087542087542094,2026-06-12 01:33:06.500816,2026-06-12 01:33:08.705183,0 days 00:00:02.204367,,,,,,,,,,,,,,0.4907049980724475,QuantileRegressor,,,,,,9,,,,,,,,False,-0.0009331355682963278,0.00012430831312870661,98.0,-0.0004044136275838106,0.0005287219407125172,0.002650946416563353,1.9844674545084815,2.7849467735529934,2.8325616439554255,98.0,2.8087542087542094,0.02380743520121607,0.11936753551247853,1.9844674545084815,608805169475213.9,816576530769995.1,98.0,712690850122604.5,103885680647390.62,520869953823584.9,1.9844674545084815,8.727991855320967,9.049785922456811,98.0,8.88888888888889,0.16089703356792168,0.8067178260046389,1.9844674545084815,2.2959895660805363,2.491889221798252,98.0,2.393939393939394,0.09794982785885767,0.4911083221088062,1.9844674545084815,99.0,1.0,-0.037483843968863534,-0.033183157484501485,98.0,-0.03533350072668251,0.002150343242181023,0.010781555054361772,1.9844674545084815,QuantileRegressor,"{'mode': 'original', 'type': 'QuantileRegressor'}",9,"['l1_T2W40', 'l2_T2W40', 'l3_T2W40', 'lcc_T2W40', 'lsc_T2W40', 'atd_T2W40', 'density_T2W40', 'diameter_T2W40', 'asp_T2W40']",,,,,,,,3.4925577655390954,3.575019515589782,98.0,3.5337886405644388,0.04123087502534345,0.20672650779899443,1.9844674545084815,completed,False,COMPLETE
214,2.8087542087542094,2026-06-12 01:33:08.718218,2026-06-12 01:33:10.753632,0 days 00:00:02.035414,,,,,,,,,,,,,,3.77194349114061,QuantileRegressor,,,,,,8,,,,,,,,False,-0.0009331355682963278,0.00012430831312870661,98.0,-0.0004044136275838106,0.0005287219407125172,0.002650946416563353,1.9844674545084815,2.7849467735529934,2.8325616439554255,98.0,2.8087542087542094,0.02380743520121607,0.11936753551247853,1.9844674545084815,608805169475213.9,816576530769995.1,98.0,712690850122604.5,103885680647390.62,520869953823584.9,1.9844674545084815,8.727991855320967,9.049785922456811,98.0,8.88888888888889,0.16089703356792168,0.8067178260046389,1.9844674545084815,2.2959895660805363,2.491889221798252,98.0,2.393939393939394,0.09794982785885767,0.4911083221088062,1.9844674545084815,99.0,1.0,-0.037483843968863534,-0.033183157484501485,98.0,-0.03533350072668251,0.002150343242181023,0.010781555054361772,1.9844674545084815,QuantileRegressor,"{'mode': 'original', 'type': 'QuantileRegressor'}",8,"['l2_T2W40', 'l3_T2W40', 'lcc_T2W40', 'lsc_T2W40', 'atd_T2W40', 'density_T2W40', 'diameter_T2W40', 'asp_T2W40']",,,,,,,,3.4925577655390954,3.575019515589782,98.0,3.5337886405644388,0.04123087502534345,0.20672650779899443,1.9844674545084815,completed,False,COMPLETE
215,2.8087542087542094,2026-06-12 01:33:10.766429,2026-06-12 01:33:12.938073,0 days 00:00:02.171644,,,,,,,,,,,,,,0.1314363277405975,QuantileRegressor,,,,,,6,,,,,,,,False,-0.0009331355682963311,0.00012430831312870315,98.0,-0.00040441362758381397,0.0005287219407125171,0.0026509464165633523,1.9844674545084815,2.7849467735529934,2.8325616439554255,98.0,2.8087542087542094,0.023807435201216063,0.1193675355124785,1.9844674545084815,608805169475213.9,816576530769995.1,98.0,712690850122604.5,103885680647390.62,520869953823584.9,1.9844674545084815,8.727991855320967,9.049785922456811,98.0,8.88888888888889,0.16089703356792168,0.8067178260046389,1.9844674545084815,2.2959895660805363,2.491889221798252,98.0,2.393939393939394,0.09794982785885765,0.49110832210880606,1.9844674545084815,99.0,1.0,-0.037483843968863534,-0.033183157484501485,98.0,-0.03533350072668251,0.002150343242181023,0.010781555054361772,1.9844674545084815,QuantileRegressor,"{'mode': 'original', 'type': 'QuantileRegressor'}",6,"['lcc_T2W40', 'lsc_T2W40', 'atd_T2W40', 'density_T2W40', 'diameter_T2W40', 'asp_T2W40']",,,,,,,,3.4925577655390954,3.575019515589782,98.0,3.5337886405644388,0.04123087502534345,0.20672650779899443,1.9844674545084815,completed,False,COMPLETE
216,2.845055205435182,2026-06-12 01:33:12.951341,2026-06-12 01:33:23.928791,0 days 00:00:10.977450,,,,,,2.0,,4.0,10.0,211.0,,,,,ExtraTreesRegressor,,,,,,7,,,,,,,,False,-0.017787375383728196,-0.009263324551752182,98.0,-0.013525349967740189,0.004262025415988006,0.021369268293631557,1.9844674545084815,2.8206651047752955,2.8694453060950686,98.0,2.845055205435182,0.024390100659886366,0.12228894805616021,1.9844674545084815,658118567152949.2,882620760216646.2,98.0,770369663684797.8,112251096531848.55,562813114404514.56,1.9844674545084815,8.211034238448125,8.604682182248759,98.0,8.407858210348442,0.19682397190031714,0.9868510512345362,1.9844674545084815,2.4512177208442854,2.5129682796982724,98.0,2.482093000271279,0.03087527942699359,0.15480483228496203,1.9844674545084815,99.0,0.47474747474747475,-0.011069397471183556,0.0035442412174574627,98.0,-0.003762578126863046,0.007306819344320509,0.03663548845958393,1.9844674545084815,ExtraTreesRegressor,"{'mode': 'original', 'type': 'ExtraTreesRegressor'}",7,"['nodes_T2W40', 're_T2W40', 'pe_T2W40', 'l1_T2W40', 'l2_T2W40', 'l3_T2W40', 'density_T2W40']",-0.008405797366817208,0.04430947545212103,98.0,0.01795183904265191,0.02635763640946912,0.13215392895290098,1.9844674545084815,3.4384152980877287,3.5180369485649408,98.0,3.4782261233263347,0.039810825238605865,0.19960655380499057,1.9844674545084815,completed,False,COMPLETE
217,2.8087542087542094,2026-06-12 01:33:23.942962,2026-06-12 01:33:25.988490,0 days 00:00:02.045528,,,,,,,,,,,,,,7.920798669888455,QuantileRegressor,,,,,,8,,,,,,,,False,-0.0009331355682963278,0.00012430831312870661,98.0,-0.0004044136275838106,0.0005287219407125172,0.002650946416563353,1.9844674545084815,2.7849467735529934,2.8325616439554255,98.0,2.8087542087542094,0.02380743520121607,0.11936753551247853,1.9844674545084815,608805169475213.9,816576530769995.1,98.0,712690850122604.5,103885680647390.62,520869953823584.9,1.9844674545084815,8.727991855320967,9.049785922456811,98.0,8.88888888888889,0.16089703356792168,0.8067178260046389,1.9844674545084815,2.2959895660805363,2.491889221798252,98.0,2.393939393939394,0.09794982785885767,0.4911083221088062,1.9844674545084815,99.0,1.0,-0.037483843968863534,-0.033183157484501485,98.0,-0.03533350072668251,0.002150343242181023,0.010781555054361772,1.9844674545084815,QuantileRegressor,"{'mode': 'original', 'type': 'QuantileRegressor'}",8,"['l2_T2W40', 'l3_T2W40', 'lcc_T2W40', 'lsc_T2W40', 'atd_T2W40', 'density_T2W40', 'diameter_T2W40', 'asp_T2W40']",,,,,,,,3.4925577655390954,3.575019515589782,98.0,3.5337886405644388,0.04123087502534345,0.20672650779899443,1.9844674545084815,completed,False,COMPLETE
218,2.8087542087542094,2026-06-12 01:33:26.001627,2026-06-12 01:33:28.134784,0 days 00:00:02.133157,,,,,,,,,,,,,,5.693166107606496,QuantileRegressor,,,,,,6,,,,,,,,False,-0.0009331355682963278,0.00012430831312870661,98.0,-0.0004044136275838106,0.0005287219407125172,0.002650946416563353,1.9844674545084815,2.7849467735529934,2.8325616439554255,98.0,2.8087542087542094,0.02380743520121607,0.11936753551247853,1.9844674545084815,608805169475213.9,816576530769995.1,98.0,712690850122604.5,103885680647390.62,520869953823584.9,1.9844674545084815,8.727991855320967,9.049785922456811,98.0,8.88888888888889,0.16089703356792168,0.8067178260046389,1.9844674545084815,2.2959895660805363,2.491889221798252,98.0,2.393939393939394,0.09794982785885767,0.4911083221088062,1.9844674545084815,99.0,1.0,-0.037483843968863534,-0.033183157484501485,98.0,-0.03533350072668251,0.002150343242181023,0.010781555054361772,1.9844674545084815,QuantileRegressor,"{'mode': 'original', 'type': 'QuantileRegressor'}",6,"['lcc_T2W40', 'lsc_T2W40', 'atd_T2W40', 'density_T2W40', 'diameter_T2W40', 'asp_T2W40']",,,,,,,,3.4925577655390954,3.575019515589782,98.0,3.5337886405644388,0.04123087502534345,0.20672650779899443,1.9844674545084815,completed,False,COMPLETE
219,3.3674307700288098,2026-06-12 01:33:28.147236,2026-06-12 01:33:28.273169,0 days 00:00:00.125933,15.0,2.0,19.0,,,,,,,,,,,,DecisionTreeRegressor,,,,,,10,,,,,,,,False,,,,,,,,,,,,,,,,,,,,,,,,,,,,,,,,,,,,,,,,,,,,,DecisionTreeRegressor,"{'mode': 'original', 'type': 'DecisionTreeRegressor'}",10,"['nodes_T2W40', 're_T2W40', 'pe_T2W40', 'l1_T2W40', 'l2_T2W40', 'l3_T2W40', 'lsc_T2W40', 'density_T2W40', 'diameter_T2W40', 'asp_T2W40']",,,,,,,,,,,,,,,pruned,False,PRUNED
220,2.8087542087542094,2026-06-12 01:33:28.358439,2026-06-12 01:33:30.450301,0 days 00:00:02.091862,,,,,,,,,,,,,,1.5434604461530663,QuantileRegressor,,,,,,8,,,,,,,,False,-0.0009331355682963278,0.00012430831312870661,98.0,-0.0004044136275838106,0.0005287219407125172,0.002650946416563353,1.9844674545084815,2.7849467735529934,2.8325616439554255,98.0,2.8087542087542094,0.02380743520121607,0.11936753551247853,1.9844674545084815,608805169475213.9,816576530769995.1,98.0,712690850122604.5,103885680647390.62,520869953823584.9,1.9844674545084815,8.727991855320967,9.049785922456811,98.0,8.88888888888889,0.16089703356792168,0.8067178260046389,1.9844674545084815,2.2959895660805363,2.491889221798252,98.0,2.393939393939394,0.09794982785885767,0.4911083221088062,1.9844674545084815,99.0,1.0,-0.037483843968863534,-0.033183157484501485,98.0,-0.03533350072668251,0.002150343242181023,0.010781555054361772,1.9844674545084815,QuantileRegressor,"{'mode': 'original', 'type': 'QuantileRegressor'}",8,"['l2_T2W40', 'l3_T2W40', 'lcc_T2W40', 'lsc_T2W40', 'atd_T2W40', 'density_T2W40', 'diameter_T2W40', 'asp_T2W40']",,,,,,,,3.4925577655390954,3.575019515589782,98.0,3.5337886405644388,0.04123087502534345,0.20672650779899443,1.9844674545084815,completed,False,COMPLETE
221,2.80875420875421,2026-06-12 01:33:30.464147,2026-06-12 01:33:32.631367,0 days 00:00:02.167220,,,,,,,,,,,,,,0.1499268168370868,QuantileRegressor,,,,,,10,,,,,,,,False,-0.0009331355682963354,0.00012430831312869854,98.0,-0.00040441362758381847,0.000528721940712517,0.002650946416563352,1.9844674545084815,2.784946773552994,2.832561643955426,98.0,2.80875420875421,0.023807435201216063,0.1193675355124785,1.9844674545084815,608805169475213.9,816576530769995.1,98.0,712690850122604.5,103885680647390.62,520869953823584.9,1.9844674545084815,8.727991855320967,9.049785922456811,98.0,8.88888888888889,0.16089703356792165,0.8067178260046388,1.9844674545084815,2.2959895660805363,2.491889221798252,98.0,2.393939393939394,0.09794982785885763,0.49110832210880595,1.9844674545084815,99.0,1.0,-0.037483843968863534,-0.033183157484501485,98.0,-0.03533350072668251,0.002150343242181024,0.010781555054361775,1.9844674545084815,QuantileRegressor,"{'mode': 'original', 'type': 'QuantileRegressor'}",10,"['pe_T2W40', 'l1_T2W40', 'l2_T2W40', 'l3_T2W40', 'lcc_T2W40', 'lsc_T2W40', 'atd_T2W40', 'density_T2W40', 'diameter_T2W40', 'asp_T2W40']",,,,,,,,3.4925577655390945,3.5750195155897813,98.0,3.533788640564438,0.04123087502534345,0.20672650779899443,1.9844674545084815,completed,False,COMPLETE
222,3.0439680438282344,2026-06-12 01:33:32.643792,2026-06-12 01:33:34.925068,0 days 00:00:02.281276,,,,,,,,,,,,,,0.0019074746787879399,QuantileRegressor,,,,,,11,,,,,,,,False,-0.09875079778619007,-0.07003697803307131,98.0,-0.08439388790963069,0.01435690987655938,0.07198377040850323,1.9844674545084815,2.9975700373277974,3.0903660503286714,98.0,3.0439680438282344,0.04639800650043688,0.23263386592631405,1.9844674545084815,629048920716678.1,840157761273285.9,98.0,734603340994982.0,105554420278303.88,529236807937460.3,1.9844674545084815,9.285882277870117,10.301990798620073,98.0,9.793936538245095,0.5080542603749774,2.5473212236015415,1.9844674545084815,2.6025968558242853,2.709967122238977,98.0,2.656281989031631,0.053685133207345595,0.2691706179375692,1.9844674545084815,99.0,0.9393939393939394,-0.24210079706955187,-0.1506191287022918,98.0,-0.19635996288592183,0.04574083418363004,0.22933888521120321,1.9844674545084815,QuantileRegressor,"{'mode': 'original', 'type': 'QuantileRegressor'}",11,"['nodes_T2W40', 'edges_T2W40', 're_T2W40', 'l1_T2W40', 'l2_T2W40', 'l3_T2W40', 'lcc_T2W40', 'lsc_T2W40', 'density_T2W40', 'diameter_T2W40', 'asp_T2W40']",-0.04914741936850353,0.006741308650692095,98.0,-0.021203055358905716,0.02794436400959781,0.14010958488795597,1.9844674545084815,3.706387543951801,3.862566171192603,98.0,3.784476857572202,0.07808931362040107,0.3915301601346864,1.9844674545084815,completed,False,COMPLETE
223,2.810428512493572,2026-06-12 01:33:34.938288,2026-06-12 01:33:37.086734,0 days 00:00:02.148446,,,,,,,,,,,,,,0.11552043802941594,QuantileRegressor,,,,,,10,,,,,,,,False,-0.0023211113134020984,0.00029706360224569773,98.0,-0.0010120238555782002,0.001309087457823898,0.006563602601037536,1.9844674545084815,2.786539706076316,2.834317318910828,98.0,2.810428512493572,0.023888806417256023,0.11977552072542774,1.9844674545084815,608353288225674.2,816199241511595.5,98.0,712276264868634.9,103922976642960.6,521056951332474.2,1.9844674545084815,8.729920220610063,9.051928602645836,98.0,8.89092441162795,0.16100419101788577,0.8072551002051526,1.9844674545084815,2.2957224237181615,2.4914518142235407,98.0,2.393587118970851,0.09786469525268937,0.49068147775097526,1.9844674545084815,99.0,1.0,-0.03899927350130456,-0.03349971321292549,98.0,-0.036249493357115026,0.002749780144189533,0.013787057540590782,1.9844674545084815,QuantileRegressor,"{'mode': 'original', 'type': 'QuantileRegressor'}",10,"['pe_T2W40', 'l1_T2W40', 'l2_T2W40', 'l3_T2W40', 'lcc_T2W40', 'lsc_T2W40', 'atd_T2W40', 'density_T2W40', 'diameter_T2W40', 'asp_T2W40']",,,0.0,-0.21849952682843216,,,,3.494159227311044,3.5763478090512293,98.0,3.5352535181811366,0.04109429087009277,0.20604169173777104,1.9844674545084815,completed,False,COMPLETE
