number,value,datetime_start,datetime_complete,duration,params_dt_max_depth,params_dt_min_samples_leaf,params_dt_min_samples_split,params_elastic_alpha,params_elastic_l1_ratio,params_et_max_depth,params_et_max_features,params_et_min_samples_leaf,params_et_min_samples_split,params_et_n_estimators,params_knn_metric,params_knn_n_neighbors,params_knn_weights,params_quantile_alpha,params_regressor,params_rf_max_depth,params_rf_max_features,params_rf_min_samples_leaf,params_rf_min_samples_split,params_rf_n_estimators,params_rfe_n_features,params_rfe_proxy_et_max_depth,params_rfe_proxy_et_min_samples_leaf,params_rfe_proxy_et_min_samples_split,params_rfe_proxy_et_n_estimators,params_rfe_proxy_lsvr_C,params_rfe_proxy_lsvr_epsilon,params_rfe_proxy_type,params_use_scaler,user_attrs_d2mae_ci_lower_val,user_attrs_d2mae_ci_upper_val,user_attrs_d2mae_df_val,user_attrs_d2mae_mean_val,user_attrs_d2mae_samperror_val,user_attrs_d2mae_std_val,user_attrs_d2mae_t_critical_val,user_attrs_mae_ci_lower_val,user_attrs_mae_ci_upper_val,user_attrs_mae_df_val,user_attrs_mae_mean_val,user_attrs_mae_samperror_val,user_attrs_mae_std_val,user_attrs_mae_t_critical_val,user_attrs_mape_ci_lower_val,user_attrs_mape_ci_upper_val,user_attrs_mape_df_val,user_attrs_mape_mean_val,user_attrs_mape_samperror_val,user_attrs_mape_std_val,user_attrs_mape_t_critical_val,user_attrs_max_error_ci_lower_val,user_attrs_max_error_ci_upper_val,user_attrs_max_error_df_val,user_attrs_max_error_mean_val,user_attrs_max_error_samperror_val,user_attrs_max_error_std_val,user_attrs_max_error_t_critical_val,user_attrs_median_ae_ci_lower_val,user_attrs_median_ae_ci_upper_val,user_attrs_median_ae_df_val,user_attrs_median_ae_mean_val,user_attrs_median_ae_samperror_val,user_attrs_median_ae_std_val,user_attrs_median_ae_t_critical_val,user_attrs_n_splits_val,user_attrs_r2_below_zero_val,user_attrs_r2_ci_lower_val,user_attrs_r2_ci_upper_val,user_attrs_r2_df_val,user_attrs_r2_mean_val,user_attrs_r2_samperror_val,user_attrs_r2_std_val,user_attrs_r2_t_critical_val,user_attrs_regressor_final,user_attrs_rfe_estimator,user_attrs_rfe_n_features,user_attrs_rfe_selected_features,user_attrs_rho_ci_lower_val,user_attrs_rho_ci_upper_val,user_attrs_rho_df_val,user_attrs_rho_mean_val,user_attrs_rho_samperror_val,user_attrs_rho_std_val,user_attrs_rho_t_critical_val,user_attrs_rmse_ci_lower_val,user_attrs_rmse_ci_upper_val,user_attrs_rmse_df_val,user_attrs_rmse_mean_val,user_attrs_rmse_samperror_val,user_attrs_rmse_std_val,user_attrs_rmse_t_critical_val,user_attrs_termination_reason,user_attrs_use_scaler_final,state
284,2.9157651005445624,2026-06-12 01:38:26.742089,2026-06-12 01:38:54.823828,0 days 00:00:28.081739,,,,,,15.0,,2.0,9.0,497.0,,,,,ExtraTreesRegressor,,,,,,8,,,,,,,,False,-0.04836429537845629,-0.029334977007948022,98.0,-0.038849636193202156,0.009514659185254133,0.047705324348711865,1.9844674545084815,2.882646762279239,2.9488834388098857,98.0,2.9157651005445624,0.03311833826532321,0.1660512518710254,1.9844674545084815,622735882287353.2,845863883930572.5,98.0,734299883108962.9,111564000821609.56,559368101495764.3,1.9844674545084815,8.683118910346957,9.195330844993451,98.0,8.939224877670204,0.25610596732324675,1.2840836440816519,1.9844674545084815,2.4903555818132026,2.6103571882572605,98.0,2.5503563850352315,0.06000080322202901,0.3008366062471503,1.9844674545084815,99.0,0.7878787878787878,-0.08841325161531677,-0.05214584416334853,98.0,-0.07027954788933265,0.018133703725984114,0.09092014764251496,1.9844674545084815,ExtraTreesRegressor,"{'mode': 'original', 'type': 'ExtraTreesRegressor'}",8,"['nodes_T2W40', 're_T2W40', 'pe_T2W40', 'l1_T2W40', 'l2_T2W40', 'l3_T2W40', 'lsc_T2W40', 'density_T2W40']",0.008695385836251665,0.059535582081251495,98.0,0.03411548395875158,0.025420098122499915,0.1274532279400347,1.9844674545084815,3.5422562454119637,3.63334167009209,98.0,3.587798957752027,0.04554271234006329,0.22834552679195846,1.9844674545084815,completed,False,COMPLETE
285,2.8087542087542094,2026-06-12 01:38:54.837152,2026-06-12 01:38:56.911943,0 days 00:00:02.074791,,,,,,,,,,,,,,5.950764086187402,QuantileRegressor,,,,,,3,,,,,,,,True,-0.0009331355682963278,0.00012430831312870661,98.0,-0.0004044136275838106,0.0005287219407125172,0.002650946416563353,1.9844674545084815,2.7849467735529934,2.8325616439554255,98.0,2.8087542087542094,0.02380743520121607,0.11936753551247853,1.9844674545084815,608805169475213.9,816576530769995.1,98.0,712690850122604.5,103885680647390.62,520869953823584.9,1.9844674545084815,8.727991855320967,9.049785922456811,98.0,8.88888888888889,0.16089703356792168,0.8067178260046389,1.9844674545084815,2.2959895660805363,2.491889221798252,98.0,2.393939393939394,0.09794982785885767,0.4911083221088062,1.9844674545084815,99.0,1.0,-0.037483843968863534,-0.033183157484501485,98.0,-0.03533350072668251,0.002150343242181023,0.010781555054361772,1.9844674545084815,QuantileRegressor,"{'mode': 'original', 'type': 'QuantileRegressor'}",3,"['density_T2W40', 'diameter_T2W40', 'asp_T2W40']",,,,,,,,3.4925577655390954,3.575019515589782,98.0,3.5337886405644388,0.04123087502534345,0.20672650779899443,1.9844674545084815,completed,True,COMPLETE
286,2.8087542087542094,2026-06-12 01:38:56.925175,2026-06-12 01:38:59.057517,0 days 00:00:02.132342,,,,,,,,,,,,,,0.3540892772914113,QuantileRegressor,,,,,,6,,,,,,,,False,-0.0009331355682963278,0.00012430831312870661,98.0,-0.0004044136275838106,0.0005287219407125172,0.002650946416563353,1.9844674545084815,2.7849467735529934,2.8325616439554255,98.0,2.8087542087542094,0.02380743520121607,0.11936753551247853,1.9844674545084815,608805169475213.9,816576530769995.1,98.0,712690850122604.5,103885680647390.62,520869953823584.9,1.9844674545084815,8.727991855320967,9.049785922456811,98.0,8.88888888888889,0.16089703356792168,0.8067178260046389,1.9844674545084815,2.2959895660805363,2.491889221798252,98.0,2.393939393939394,0.09794982785885767,0.4911083221088062,1.9844674545084815,99.0,1.0,-0.037483843968863534,-0.033183157484501485,98.0,-0.03533350072668251,0.002150343242181023,0.010781555054361772,1.9844674545084815,QuantileRegressor,"{'mode': 'original', 'type': 'QuantileRegressor'}",6,"['lcc_T2W40', 'lsc_T2W40', 'atd_T2W40', 'density_T2W40', 'diameter_T2W40', 'asp_T2W40']",,,,,,,,3.4925577655390954,3.575019515589782,98.0,3.5337886405644388,0.04123087502534345,0.20672650779899443,1.9844674545084815,completed,False,COMPLETE
287,2.8087542087542094,2026-06-12 01:38:59.070656,2026-06-12 01:39:01.263209,0 days 00:00:02.192553,,,,,,,,,,,,,,1.3782380278424666,QuantileRegressor,,,,,,7,,,,,,,,False,-0.0009331355682963278,0.00012430831312870661,98.0,-0.0004044136275838106,0.0005287219407125172,0.002650946416563353,1.9844674545084815,2.7849467735529934,2.8325616439554255,98.0,2.8087542087542094,0.02380743520121607,0.11936753551247853,1.9844674545084815,608805169475213.9,816576530769995.1,98.0,712690850122604.5,103885680647390.62,520869953823584.9,1.9844674545084815,8.727991855320967,9.049785922456811,98.0,8.88888888888889,0.16089703356792168,0.8067178260046389,1.9844674545084815,2.2959895660805363,2.491889221798252,98.0,2.393939393939394,0.09794982785885767,0.4911083221088062,1.9844674545084815,99.0,1.0,-0.037483843968863534,-0.033183157484501485,98.0,-0.03533350072668251,0.002150343242181023,0.010781555054361772,1.9844674545084815,QuantileRegressor,"{'mode': 'original', 'type': 'QuantileRegressor'}",7,"['l3_T2W40', 'lcc_T2W40', 'lsc_T2W40', 'atd_T2W40', 'density_T2W40', 'diameter_T2W40', 'asp_T2W40']",,,,,,,,3.4925577655390954,3.575019515589782,98.0,3.5337886405644388,0.04123087502534345,0.20672650779899443,1.9844674545084815,completed,False,COMPLETE
288,3.677111111111111,2026-06-12 01:39:01.277180,2026-06-12 01:39:01.403814,0 days 00:00:00.126634,17.0,2.0,6.0,,,,,,,,,,,,DecisionTreeRegressor,,,,,,9,,,,,,,,False,,,,,,,,,,,,,,,,,,,,,,,,,,,,,,,,,,,,,,,,,,,,,DecisionTreeRegressor,"{'mode': 'original', 'type': 'DecisionTreeRegressor'}",9,"['edges_T2W40', 're_T2W40', 'pe_T2W40', 'l1_T2W40', 'l2_T2W40', 'l3_T2W40', 'lcc_T2W40', 'lsc_T2W40', 'density_T2W40']",,,,,,,,,,,,,,,pruned,False,PRUNED
289,2.8866369142119117,2026-06-12 01:39:01.413539,2026-06-12 01:39:21.827057,0 days 00:00:20.413518,,,,,,,,,,,,,,,RandomForestRegressor,8.0,log2,2.0,6.0,235.0,3,,,,,,,,False,-0.037293196550848964,-0.01945499356040203,98.0,-0.028374095055625496,0.008919101495223465,0.04471927175154532,1.9844674545084815,2.853928007834095,2.9193458205897285,98.0,2.8866369142119117,0.032708906377816836,0.1639984110270288,1.9844674545084815,638534723356590.2,859026625779432.8,98.0,748780674568011.5,110245951211421.31,552759563771242.1,1.9844674545084815,8.150211490497371,8.495378901789495,98.0,8.322795196143433,0.17258370564606212,0.8653133543561711,1.9844674545084815,2.516989515918954,2.6287374007924202,98.0,2.572863458355687,0.055873942436733104,0.2801450366941771,1.9844674545084815,99.0,0.7373737373737373,-0.07030005976053386,-0.03638233609496717,98.0,-0.053341197927750515,0.016958861832783348,0.08502963569853929,1.9844674545084815,RandomForestRegressor,"{'mode': 'original', 'type': 'RandomForestRegressor'}",3,"['re_T2W40', 'lsc_T2W40', 'density_T2W40']",0.06609265875534051,0.11576527770153297,98.0,0.09092896822843674,0.024836309473096233,0.12452618385693597,1.9844674545084815,3.5172942426649327,3.600530790077251,98.0,3.558912516371092,0.04161827370615913,0.20866887686978755,1.9844674545084815,completed,False,COMPLETE
290,2.816939073267019,2026-06-12 01:39:21.839992,2026-06-12 01:39:24.052189,0 days 00:00:02.212197,,,,,,,,,,,,,,0.08182853787410112,QuantileRegressor,,,,,,7,,,,,,,,False,-0.005817867211606591,-0.0010129774613298797,98.0,-0.003415422336468235,0.0024024448751383556,0.012045561461202737,1.9844674545084815,2.793476423985089,2.8404017225489495,98.0,2.816939073267019,0.023462649281930145,0.11763882155750102,1.9844674545084815,608539837916600.0,816449558131935.5,98.0,712494698024267.8,103954860107667.77,521216811081058.1,1.9844674545084815,8.731085825438498,9.052205936471061,98.0,8.89164588095478,0.16056005551628244,0.8050282597323377,1.9844674545084815,2.3400096553744945,2.53389215803843,98.0,2.4369509067064623,0.09694125133196803,0.4860514441472355,1.9844674545084815,99.0,1.0,-0.04187695687243252,-0.03428938221558911,98.0,-0.038083169544010816,0.003793787328421703,0.019021580435889925,1.9844674545084815,QuantileRegressor,"{'mode': 'original', 'type': 'QuantileRegressor'}",7,"['l3_T2W40', 'lcc_T2W40', 'lsc_T2W40', 'atd_T2W40', 'density_T2W40', 'diameter_T2W40', 'asp_T2W40']",-0.1841888901347171,0.08294305577359815,7.0,-0.050622917180559474,0.13356597295415762,0.15976391200089657,2.364624251592784,3.4975593891968253,3.5785715302606227,98.0,3.538065459728724,0.04050607053189889,0.20309242771520494,1.9844674545084815,completed,False,COMPLETE
291,2.8087542087542094,2026-06-12 01:39:24.064878,2026-06-12 01:39:26.296883,0 days 00:00:02.232005,,,,,,,,,,,,,,3.6709525090838726,QuantileRegressor,,,,,,10,,,,,,,,False,-0.0009331355682963278,0.00012430831312870661,98.0,-0.0004044136275838106,0.0005287219407125172,0.002650946416563353,1.9844674545084815,2.7849467735529934,2.8325616439554255,98.0,2.8087542087542094,0.02380743520121607,0.11936753551247853,1.9844674545084815,608805169475213.9,816576530769995.1,98.0,712690850122604.5,103885680647390.62,520869953823584.9,1.9844674545084815,8.727991855320967,9.049785922456811,98.0,8.88888888888889,0.16089703356792168,0.8067178260046389,1.9844674545084815,2.2959895660805363,2.491889221798252,98.0,2.393939393939394,0.09794982785885767,0.4911083221088062,1.9844674545084815,99.0,1.0,-0.037483843968863534,-0.033183157484501485,98.0,-0.03533350072668251,0.002150343242181023,0.010781555054361772,1.9844674545084815,QuantileRegressor,"{'mode': 'original', 'type': 'QuantileRegressor'}",10,"['pe_T2W40', 'l1_T2W40', 'l2_T2W40', 'l3_T2W40', 'lcc_T2W40', 'lsc_T2W40', 'atd_T2W40', 'density_T2W40', 'diameter_T2W40', 'asp_T2W40']",,,,,,,,3.4925577655390954,3.575019515589782,98.0,3.5337886405644388,0.04123087502534345,0.20672650779899443,1.9844674545084815,completed,False,COMPLETE
292,2.8087542087542094,2026-06-12 01:39:26.310008,2026-06-12 01:39:28.570101,0 days 00:00:02.260093,,,,,,,,,,,,,,7.674296292248443,QuantileRegressor,,,,,,5,,,,,,,,True,-0.0009331355682963278,0.00012430831312870661,98.0,-0.0004044136275838106,0.0005287219407125172,0.002650946416563353,1.9844674545084815,2.7849467735529934,2.8325616439554255,98.0,2.8087542087542094,0.02380743520121607,0.11936753551247853,1.9844674545084815,608805169475213.9,816576530769995.1,98.0,712690850122604.5,103885680647390.62,520869953823584.9,1.9844674545084815,8.727991855320967,9.049785922456811,98.0,8.88888888888889,0.16089703356792168,0.8067178260046389,1.9844674545084815,2.2959895660805363,2.491889221798252,98.0,2.393939393939394,0.09794982785885767,0.4911083221088062,1.9844674545084815,99.0,1.0,-0.037483843968863534,-0.033183157484501485,98.0,-0.03533350072668251,0.002150343242181023,0.010781555054361772,1.9844674545084815,QuantileRegressor,"{'mode': 'original', 'type': 'QuantileRegressor'}",5,"['lsc_T2W40', 'atd_T2W40', 'density_T2W40', 'diameter_T2W40', 'asp_T2W40']",,,,,,,,3.4925577655390954,3.575019515589782,98.0,3.5337886405644388,0.04123087502534345,0.20672650779899443,1.9844674545084815,completed,True,COMPLETE
293,2.9700994174099455,2026-06-12 01:39:28.583137,2026-06-12 01:39:30.914532,0 days 00:00:02.331395,,,,,,,,,,,,,,0.0003719790900421741,QuantileRegressor,,,,,,7,,,,,,,,False,-0.07011733376121715,-0.04684084925730357,98.0,-0.05847909150926036,0.011638242251956789,0.058352707193016704,1.9844674545084815,2.9344373180385213,3.00576151678137,98.0,2.9700994174099455,0.035662099371424165,0.17880535543579143,1.9844674545084815,613966975071472.4,821599423184932.4,98.0,717783199128202.4,103816224056730.02,520521707068645.4,1.9844674545084815,8.929858783850376,9.807301916208049,98.0,9.368580350029212,0.43872156617883634,2.1996956702109376,1.9844674545084815,2.5240298022383585,2.6258828927606275,98.0,2.574956347499493,0.05092654526113471,0.2553393991670229,1.9844674545084815,99.0,0.8383838383838383,-0.1759612522742492,-0.10260422411679938,98.0,-0.13928273819552428,0.0366785140787249,0.1839015330644899,1.9844674545084815,QuantileRegressor,"{'mode': 'original', 'type': 'QuantileRegressor'}",7,"['edges_T2W40', 're_T2W40', 'pe_T2W40', 'l2_T2W40', 'lcc_T2W40', 'atd_T2W40', 'asp_T2W40']",0.0007660989353997505,0.05821050656954019,98.0,0.02948830275246997,0.02872220381707022,0.14400957747668888,1.9844674545084815,3.6335434952364807,3.754423005314213,98.0,3.693983250275347,0.06043975503886607,0.30303745636568336,1.9844674545084815,completed,False,COMPLETE
294,3.048144080028574,2026-06-12 01:39:30.927593,2026-06-12 01:39:32.608872,0 days 00:00:01.681279,,,,,,,,,,,minkowski,6.0,distance,,KNeighborsRegressor,,,,,,12,,,,,0.15808691970398972,0.0025465810491774677,LinearSVR,,-0.09604791050777116,-0.07587868811247235,98.0,-0.08596329931012175,0.010084611197649402,0.050562993245213815,1.9844674545084815,3.0122725597775797,3.0840156002795687,98.0,3.048144080028574,0.03587152025099444,0.17985536582405376,1.9844674545084815,699061391147572.5,951676559180667.0,98.0,825368975164119.8,126307584016547.19,633290604097514.8,1.9844674545084815,9.084645623018096,9.561346643630616,98.0,9.322996133324356,0.23835051030626078,1.1950599786551845,1.9844674545084815,2.4928079342053215,2.623055427264861,98.0,2.5579316807350914,0.06512374652976961,0.3265224103687091,1.9844674545084815,99.0,0.9797979797979798,-0.21668698190632146,-0.1717426371566103,98.0,-0.1942148095314659,0.022472172374855576,0.11267269285105914,1.9844674545084815,KNeighborsRegressor,"{'mode': 'proxy', 'type': 'LinearSVR'}",12,"['nodes_T2W40', 'edges_T2W40', 're_T2W40', 'pe_T2W40', 'l1_T2W40', 'l2_T2W40', 'l3_T2W40', 'lcc_T2W40', 'lsc_T2W40', 'atd_T2W40', 'diameter_T2W40', 'asp_T2W40']",-0.028137380795574162,0.020187843100261126,98.0,-0.003974768847656519,0.024162611947917644,0.12114834779094442,1.9844674545084815,3.740523517566061,3.8356728251413537,98.0,3.7880981713537074,0.047574653787646345,0.23853342989255194,1.9844674545084815,completed,True,COMPLETE
295,2.8087542087542094,2026-06-12 01:39:32.622012,2026-06-12 01:39:34.742055,0 days 00:00:02.120043,,,,,,,,,,,,,,0.8939433978139649,QuantileRegressor,,,,,,6,,,,,,,,False,-0.0009331355682963278,0.00012430831312870661,98.0,-0.0004044136275838106,0.0005287219407125172,0.002650946416563353,1.9844674545084815,2.7849467735529934,2.8325616439554255,98.0,2.8087542087542094,0.02380743520121607,0.11936753551247853,1.9844674545084815,608805169475213.9,816576530769995.1,98.0,712690850122604.5,103885680647390.62,520869953823584.9,1.9844674545084815,8.727991855320967,9.049785922456811,98.0,8.88888888888889,0.16089703356792168,0.8067178260046389,1.9844674545084815,2.2959895660805363,2.491889221798252,98.0,2.393939393939394,0.09794982785885767,0.4911083221088062,1.9844674545084815,99.0,1.0,-0.037483843968863534,-0.033183157484501485,98.0,-0.03533350072668251,0.002150343242181023,0.010781555054361772,1.9844674545084815,QuantileRegressor,"{'mode': 'original', 'type': 'QuantileRegressor'}",6,"['lcc_T2W40', 'lsc_T2W40', 'atd_T2W40', 'density_T2W40', 'diameter_T2W40', 'asp_T2W40']",,,,,,,,3.4925577655390954,3.575019515589782,98.0,3.5337886405644388,0.04123087502534345,0.20672650779899443,1.9844674545084815,completed,False,COMPLETE
296,2.8087542087542094,2026-06-12 01:39:34.754885,2026-06-12 01:39:36.894694,0 days 00:00:02.139809,,,,,,,,,,,,,,1.9624942862264254,QuantileRegressor,,,,,,8,,,,,,,,False,-0.0009331355682963278,0.00012430831312870661,98.0,-0.0004044136275838106,0.0005287219407125172,0.002650946416563353,1.9844674545084815,2.7849467735529934,2.8325616439554255,98.0,2.8087542087542094,0.02380743520121607,0.11936753551247853,1.9844674545084815,608805169475213.9,816576530769995.1,98.0,712690850122604.5,103885680647390.62,520869953823584.9,1.9844674545084815,8.727991855320967,9.049785922456811,98.0,8.88888888888889,0.16089703356792168,0.8067178260046389,1.9844674545084815,2.2959895660805363,2.491889221798252,98.0,2.393939393939394,0.09794982785885767,0.4911083221088062,1.9844674545084815,99.0,1.0,-0.037483843968863534,-0.033183157484501485,98.0,-0.03533350072668251,0.002150343242181023,0.010781555054361772,1.9844674545084815,QuantileRegressor,"{'mode': 'original', 'type': 'QuantileRegressor'}",8,"['l2_T2W40', 'l3_T2W40', 'lcc_T2W40', 'lsc_T2W40', 'atd_T2W40', 'density_T2W40', 'diameter_T2W40', 'asp_T2W40']",,,,,,,,3.4925577655390954,3.575019515589782,98.0,3.5337886405644388,0.04123087502534345,0.20672650779899443,1.9844674545084815,completed,False,COMPLETE
297,2.8087542087542094,2026-06-12 01:39:36.907560,2026-06-12 01:39:39.130168,0 days 00:00:02.222608,,,,,,,,,,,,,,0.6771375446428952,QuantileRegressor,,,,,,9,,,,,,,,False,-0.0009331355682963278,0.00012430831312870661,98.0,-0.0004044136275838106,0.0005287219407125172,0.002650946416563353,1.9844674545084815,2.7849467735529934,2.8325616439554255,98.0,2.8087542087542094,0.02380743520121607,0.11936753551247853,1.9844674545084815,608805169475213.9,816576530769995.1,98.0,712690850122604.5,103885680647390.62,520869953823584.9,1.9844674545084815,8.727991855320967,9.049785922456811,98.0,8.88888888888889,0.16089703356792168,0.8067178260046389,1.9844674545084815,2.2959895660805363,2.491889221798252,98.0,2.393939393939394,0.09794982785885767,0.4911083221088062,1.9844674545084815,99.0,1.0,-0.037483843968863534,-0.033183157484501485,98.0,-0.03533350072668251,0.002150343242181023,0.010781555054361772,1.9844674545084815,QuantileRegressor,"{'mode': 'original', 'type': 'QuantileRegressor'}",9,"['l1_T2W40', 'l2_T2W40', 'l3_T2W40', 'lcc_T2W40', 'lsc_T2W40', 'atd_T2W40', 'density_T2W40', 'diameter_T2W40', 'asp_T2W40']",,,,,,,,3.4925577655390954,3.575019515589782,98.0,3.5337886405644388,0.04123087502534345,0.20672650779899443,1.9844674545084815,completed,False,COMPLETE
298,2.8087542087542094,2026-06-12 01:39:39.142952,2026-06-12 01:39:41.370989,0 days 00:00:02.228037,,,,,,,,,,,,,,5.9494389335080395,QuantileRegressor,,,,,,8,,,,,,,,False,-0.0009331355682963278,0.00012430831312870661,98.0,-0.0004044136275838106,0.0005287219407125172,0.002650946416563353,1.9844674545084815,2.7849467735529934,2.8325616439554255,98.0,2.8087542087542094,0.02380743520121607,0.11936753551247853,1.9844674545084815,608805169475213.9,816576530769995.1,98.0,712690850122604.5,103885680647390.62,520869953823584.9,1.9844674545084815,8.727991855320967,9.049785922456811,98.0,8.88888888888889,0.16089703356792168,0.8067178260046389,1.9844674545084815,2.2959895660805363,2.491889221798252,98.0,2.393939393939394,0.09794982785885767,0.4911083221088062,1.9844674545084815,99.0,1.0,-0.037483843968863534,-0.033183157484501485,98.0,-0.03533350072668251,0.002150343242181023,0.010781555054361772,1.9844674545084815,QuantileRegressor,"{'mode': 'original', 'type': 'QuantileRegressor'}",8,"['l2_T2W40', 'l3_T2W40', 'lcc_T2W40', 'lsc_T2W40', 'atd_T2W40', 'density_T2W40', 'diameter_T2W40', 'asp_T2W40']",,,,,,,,3.4925577655390954,3.575019515589782,98.0,3.5337886405644388,0.04123087502534345,0.20672650779899443,1.9844674545084815,completed,False,COMPLETE
