number,value,datetime_start,datetime_complete,duration,params_dt_max_depth,params_dt_min_samples_leaf,params_dt_min_samples_split,params_elastic_alpha,params_elastic_l1_ratio,params_et_max_depth,params_et_max_features,params_et_min_samples_leaf,params_et_min_samples_split,params_et_n_estimators,params_knn_metric,params_knn_n_neighbors,params_knn_weights,params_quantile_alpha,params_regressor,params_rf_max_depth,params_rf_max_features,params_rf_min_samples_leaf,params_rf_min_samples_split,params_rf_n_estimators,params_rfe_n_features,params_rfe_proxy_et_max_depth,params_rfe_proxy_et_min_samples_leaf,params_rfe_proxy_et_min_samples_split,params_rfe_proxy_et_n_estimators,params_rfe_proxy_lsvr_C,params_rfe_proxy_lsvr_epsilon,params_rfe_proxy_type,params_use_scaler,user_attrs_d2mae_ci_lower_val,user_attrs_d2mae_ci_upper_val,user_attrs_d2mae_df_val,user_attrs_d2mae_mean_val,user_attrs_d2mae_samperror_val,user_attrs_d2mae_std_val,user_attrs_d2mae_t_critical_val,user_attrs_mae_ci_lower_val,user_attrs_mae_ci_upper_val,user_attrs_mae_df_val,user_attrs_mae_mean_val,user_attrs_mae_samperror_val,user_attrs_mae_std_val,user_attrs_mae_t_critical_val,user_attrs_mape_ci_lower_val,user_attrs_mape_ci_upper_val,user_attrs_mape_df_val,user_attrs_mape_mean_val,user_attrs_mape_samperror_val,user_attrs_mape_std_val,user_attrs_mape_t_critical_val,user_attrs_max_error_ci_lower_val,user_attrs_max_error_ci_upper_val,user_attrs_max_error_df_val,user_attrs_max_error_mean_val,user_attrs_max_error_samperror_val,user_attrs_max_error_std_val,user_attrs_max_error_t_critical_val,user_attrs_median_ae_ci_lower_val,user_attrs_median_ae_ci_upper_val,user_attrs_median_ae_df_val,user_attrs_median_ae_mean_val,user_attrs_median_ae_samperror_val,user_attrs_median_ae_std_val,user_attrs_median_ae_t_critical_val,user_attrs_n_splits_val,user_attrs_r2_below_zero_val,user_attrs_r2_ci_lower_val,user_attrs_r2_ci_upper_val,user_attrs_r2_df_val,user_attrs_r2_mean_val,user_attrs_r2_samperror_val,user_attrs_r2_std_val,user_attrs_r2_t_critical_val,user_attrs_regressor_final,user_attrs_rfe_estimator,user_attrs_rfe_n_features,user_attrs_rfe_selected_features,user_attrs_rho_ci_lower_val,user_attrs_rho_ci_upper_val,user_attrs_rho_df_val,user_attrs_rho_mean_val,user_attrs_rho_samperror_val,user_attrs_rho_std_val,user_attrs_rho_t_critical_val,user_attrs_rmse_ci_lower_val,user_attrs_rmse_ci_upper_val,user_attrs_rmse_df_val,user_attrs_rmse_mean_val,user_attrs_rmse_samperror_val,user_attrs_rmse_std_val,user_attrs_rmse_t_critical_val,user_attrs_termination_reason,user_attrs_use_scaler_final,state
56,2.8087542087542094,2026-06-12 01:23:56.309981,2026-06-12 01:23:58.455518,0 days 00:00:02.145537,,,,,,,,,,,,,,1.4871720442765948,QuantileRegressor,,,,,,3,,,,,,,,False,-0.0009331355682963278,0.00012430831312870661,98.0,-0.0004044136275838106,0.0005287219407125172,0.002650946416563353,1.9844674545084815,2.7849467735529934,2.8325616439554255,98.0,2.8087542087542094,0.02380743520121607,0.11936753551247853,1.9844674545084815,608805169475213.9,816576530769995.1,98.0,712690850122604.5,103885680647390.62,520869953823584.9,1.9844674545084815,8.727991855320967,9.049785922456811,98.0,8.88888888888889,0.16089703356792168,0.8067178260046389,1.9844674545084815,2.2959895660805363,2.491889221798252,98.0,2.393939393939394,0.09794982785885767,0.4911083221088062,1.9844674545084815,99.0,1.0,-0.037483843968863534,-0.033183157484501485,98.0,-0.03533350072668251,0.002150343242181023,0.010781555054361772,1.9844674545084815,QuantileRegressor,"{'mode': 'original', 'type': 'QuantileRegressor'}",3,"['density_T2W40', 'diameter_T2W40', 'asp_T2W40']",,,,,,,,3.4925577655390954,3.575019515589782,98.0,3.5337886405644388,0.04123087502534345,0.20672650779899443,1.9844674545084815,completed,False,COMPLETE
57,2.864610075073413,2026-06-12 01:23:58.499437,2026-06-12 01:24:24.926819,0 days 00:00:26.427382,,,,,,11.0,log2,3.0,2.0,491.0,,,,,ExtraTreesRegressor,,,,,,4,,,,,,,,True,-0.025164737450225273,-0.015549278901905411,98.0,-0.020357008176065342,0.004807729274159932,0.024105359943953752,1.9844674545084815,2.837665091467479,2.8915550586793475,98.0,2.864610075073413,0.026944983605934458,0.13509881515083336,1.9844674545084815,675781985124647.4,909549307849326.6,98.0,792665646486987.0,116883661362339.6,586040221492860.4,1.9844674545084815,8.23321628504919,8.64845866775435,98.0,8.44083747640177,0.20762119135257975,1.0409869741305124,1.9844674545084815,2.486114375198557,2.5737485965487505,98.0,2.5299314858736537,0.04381711067509667,0.21969357347223364,1.9844674545084815,99.0,0.6666666666666666,-0.025780809943975923,-0.008871819074666828,98.0,-0.017326314509321376,0.008454495434654548,0.04238979442794683,1.9844674545084815,ExtraTreesRegressor,"{'mode': 'original', 'type': 'ExtraTreesRegressor'}",4,"['re_T2W40', 'pe_T2W40', 'l1_T2W40', 'density_T2W40']",-0.01025005370796434,0.04047238400447604,98.0,0.01511116514825585,0.02536121885622019,0.12715801458130066,1.9844674545084815,3.460561765047289,3.5425520298772613,98.0,3.501556897462275,0.04099513241498635,0.20554452350813018,1.9844674545084815,completed,True,COMPLETE
58,3.585840307840308,2026-06-12 01:24:24.969007,2026-06-12 01:24:25.094934,0 days 00:00:00.125927,20.0,3.0,12.0,,,,,,,,,,,,DecisionTreeRegressor,,,,,,6,,,,,,,,False,,,,,,,,,,,,,,,,,,,,,,,,,,,,,,,,,,,,,,,,,,,,,DecisionTreeRegressor,"{'mode': 'original', 'type': 'DecisionTreeRegressor'}",6,"['re_T2W40', 'pe_T2W40', 'l1_T2W40', 'l2_T2W40', 'l3_T2W40', 'density_T2W40']",,,,,,,,,,,,,,,pruned,False,PRUNED
59,2.8087542087542094,2026-06-12 01:24:25.104592,2026-06-12 01:24:27.243587,0 days 00:00:02.138995,,,,,,,,,,,,,,3.9547495154467516,QuantileRegressor,,,,,,5,,,,,,,,False,-0.0009331355682963278,0.00012430831312870661,98.0,-0.0004044136275838106,0.0005287219407125172,0.002650946416563353,1.9844674545084815,2.7849467735529934,2.8325616439554255,98.0,2.8087542087542094,0.02380743520121607,0.11936753551247853,1.9844674545084815,608805169475213.9,816576530769995.1,98.0,712690850122604.5,103885680647390.62,520869953823584.9,1.9844674545084815,8.727991855320967,9.049785922456811,98.0,8.88888888888889,0.16089703356792168,0.8067178260046389,1.9844674545084815,2.2959895660805363,2.491889221798252,98.0,2.393939393939394,0.09794982785885767,0.4911083221088062,1.9844674545084815,99.0,1.0,-0.037483843968863534,-0.033183157484501485,98.0,-0.03533350072668251,0.002150343242181023,0.010781555054361772,1.9844674545084815,QuantileRegressor,"{'mode': 'original', 'type': 'QuantileRegressor'}",5,"['lsc_T2W40', 'atd_T2W40', 'density_T2W40', 'diameter_T2W40', 'asp_T2W40']",,,,,,,,3.4925577655390954,3.575019515589782,98.0,3.5337886405644388,0.04123087502534345,0.20672650779899443,1.9844674545084815,completed,False,COMPLETE
60,2.9292255892255885,2026-06-12 01:24:27.256083,2026-06-12 01:24:29.069916,0 days 00:00:01.813833,,,,,,,,,,,manhattan,10.0,uniform,,KNeighborsRegressor,,,,,,7,12.0,5.0,12.0,20.0,,,ExtraTrees,,-0.0533039300119609,-0.033489761827347274,98.0,-0.043396845919654085,0.009907084092306812,0.049672894296196125,1.9844674545084815,2.8928015525165507,2.9656496259346263,98.0,2.9292255892255885,0.036424036709037974,0.18262561500752614,1.9844674545084815,658443612673257.5,894919167891840.2,98.0,776681390282548.9,118237777609291.36,592829592873267.8,1.9844674545084815,8.939293329027139,9.577878388144578,98.0,9.258585858585858,0.31929252955871995,1.600893251996452,1.9844674545084815,2.51004371191142,2.6152088133411047,98.0,2.5626262626262624,0.05258255071484221,0.2636424056913961,1.9844674545084815,99.0,0.8383838383838383,-0.11605679443001127,-0.07451613558717593,98.0,-0.0952864650085936,0.020770329421417665,0.10413986277237917,1.9844674545084815,KNeighborsRegressor,"{'mode': 'proxy', 'type': 'ExtraTrees'}",7,"['nodes_T2W40', 're_T2W40', 'pe_T2W40', 'l1_T2W40', 'l2_T2W40', 'lsc_T2W40', 'density_T2W40']",0.0039021633012747033,0.05702251052562589,98.0,0.030462336913450298,0.026560173612175594,0.13316942543676533,1.9844674545084815,3.577408026206635,3.683154384268685,98.0,3.63028120523766,0.052873179031024925,0.26509958012281487,1.9844674545084815,completed,True,COMPLETE
61,2.8087542087542094,2026-06-12 01:24:29.082457,2026-06-12 01:24:31.316004,0 days 00:00:02.233547,,,,,,,,,,,,,,0.313449047266433,QuantileRegressor,,,,,,11,,,,,,,,False,-0.0009331355682963278,0.00012430831312870661,98.0,-0.0004044136275838106,0.0005287219407125172,0.002650946416563353,1.9844674545084815,2.7849467735529934,2.8325616439554255,98.0,2.8087542087542094,0.02380743520121607,0.11936753551247853,1.9844674545084815,608805169475213.9,816576530769995.1,98.0,712690850122604.5,103885680647390.62,520869953823584.9,1.9844674545084815,8.727991855320967,9.049785922456811,98.0,8.88888888888889,0.16089703356792168,0.8067178260046389,1.9844674545084815,2.2959895660805363,2.491889221798252,98.0,2.393939393939394,0.09794982785885767,0.4911083221088062,1.9844674545084815,99.0,1.0,-0.037483843968863534,-0.033183157484501485,98.0,-0.03533350072668251,0.002150343242181023,0.010781555054361772,1.9844674545084815,QuantileRegressor,"{'mode': 'original', 'type': 'QuantileRegressor'}",11,"['re_T2W40', 'pe_T2W40', 'l1_T2W40', 'l2_T2W40', 'l3_T2W40', 'lcc_T2W40', 'lsc_T2W40', 'atd_T2W40', 'density_T2W40', 'diameter_T2W40', 'asp_T2W40']",,,,,,,,3.4925577655390954,3.575019515589782,98.0,3.5337886405644388,0.04123087502534345,0.20672650779899443,1.9844674545084815,completed,False,COMPLETE
62,2.8087542087542094,2026-06-12 01:24:31.330540,2026-06-12 01:24:33.564835,0 days 00:00:02.234295,,,,,,,,,,,,,,0.4587271442433529,QuantileRegressor,,,,,,11,,,,,,,,False,-0.0009331355682963278,0.00012430831312870661,98.0,-0.0004044136275838106,0.0005287219407125172,0.002650946416563353,1.9844674545084815,2.7849467735529934,2.8325616439554255,98.0,2.8087542087542094,0.02380743520121607,0.11936753551247853,1.9844674545084815,608805169475213.9,816576530769995.1,98.0,712690850122604.5,103885680647390.62,520869953823584.9,1.9844674545084815,8.727991855320967,9.049785922456811,98.0,8.88888888888889,0.16089703356792168,0.8067178260046389,1.9844674545084815,2.2959895660805363,2.491889221798252,98.0,2.393939393939394,0.09794982785885767,0.4911083221088062,1.9844674545084815,99.0,1.0,-0.037483843968863534,-0.033183157484501485,98.0,-0.03533350072668251,0.002150343242181023,0.010781555054361772,1.9844674545084815,QuantileRegressor,"{'mode': 'original', 'type': 'QuantileRegressor'}",11,"['re_T2W40', 'pe_T2W40', 'l1_T2W40', 'l2_T2W40', 'l3_T2W40', 'lcc_T2W40', 'lsc_T2W40', 'atd_T2W40', 'density_T2W40', 'diameter_T2W40', 'asp_T2W40']",,,,,,,,3.4925577655390954,3.575019515589782,98.0,3.5337886405644388,0.04123087502534345,0.20672650779899443,1.9844674545084815,completed,False,COMPLETE
63,2.9590622543633303,2026-06-12 01:24:33.577746,2026-06-12 01:24:36.047907,0 days 00:00:02.470161,,,,,,,,,,,,,,0.004777101472034386,QuantileRegressor,,,,,,11,,,,,,,,False,-0.06463160897768933,-0.04408258956013486,98.0,-0.05435709926891209,0.01027450970877723,0.051515120892700175,1.9844674545084815,2.9248453164598107,2.99327919226685,98.0,2.9590622543633303,0.0342169379035197,0.17155949457831696,1.9844674545084815,628681630131769.9,838528681943191.4,98.0,733605156037480.6,104923525905710.8,526073581584489.75,1.9844674545084815,8.918190006478172,9.40142419099975,98.0,9.15980709873896,0.24161709226078948,1.2114382165529698,1.9844674545084815,2.519718933176451,2.6201522124861576,98.0,2.5699355728313042,0.05021663965485319,0.25178002026072277,1.9844674545084815,99.0,0.8686868686868687,-0.13240929411270555,-0.08833299490819045,98.0,-0.110371144510448,0.022038149602257546,0.11049655635069924,1.9844674545084815,QuantileRegressor,"{'mode': 'original', 'type': 'QuantileRegressor'}",11,"['re_T2W40', 'pe_T2W40', 'l1_T2W40', 'l2_T2W40', 'l3_T2W40', 'lcc_T2W40', 'lsc_T2W40', 'atd_T2W40', 'density_T2W40', 'diameter_T2W40', 'asp_T2W40']",-0.029990416440654668,0.023055662236216284,98.0,-0.003467377102219193,0.026523039338435476,0.13298323878112855,1.9844674545084815,3.604570678805679,3.7008694802714004,98.0,3.6527200795385397,0.04814940073286073,0.24141513998915495,1.9844674545084815,completed,False,COMPLETE
64,2.8250104650797243,2026-06-12 01:24:36.060490,2026-06-12 01:24:38.205008,0 days 00:00:02.144518,,,,,,,,,,,,,,0.05452195593800724,QuantileRegressor,,,,,,7,,,,,,,,False,-0.009527086569109059,-0.0029715636672320482,98.0,-0.006249325118170554,0.003277761450938506,0.01643429051006511,1.9844674545084815,2.800135006707806,2.8498859234516427,98.0,2.8250104650797243,0.024875458371918197,0.12472247159355727,1.9844674545084815,607574623291711.0,815465328800146.2,98.0,711519976045928.6,103945352754217.56,521169142386761.4,1.9844674545084815,8.731001100845642,9.063163378394155,98.0,8.897082239619898,0.16608113877425681,0.8327102883210343,1.9844674545084815,2.3677358937913744,2.5563136496129597,98.0,2.462024771702167,0.09428887791079245,0.4727527718682343,1.9844674545084815,99.0,1.0,-0.04677681378565399,-0.036405805458703505,98.0,-0.041591309622178746,0.005185504163475241,0.025999476514468007,1.9844674545084815,QuantileRegressor,"{'mode': 'original', 'type': 'QuantileRegressor'}",7,"['l3_T2W40', 'lcc_T2W40', 'lsc_T2W40', 'atd_T2W40', 'density_T2W40', 'diameter_T2W40', 'asp_T2W40']",-0.15976663735078409,0.02135785951665739,14.0,-0.06920438891706335,0.09056224843372074,0.16353424886248688,2.144786687917804,3.5028766151581294,3.585018125304125,98.0,3.5439473702311273,0.04107075507299766,0.20592368616212545,1.9844674545084815,completed,False,COMPLETE
65,2.9054821844267518,2026-06-12 01:24:38.246869,2026-06-12 01:24:40.622260,0 days 00:00:02.375391,,,,,,,,,,,,,,0.01674029124506962,QuantileRegressor,,,,,,12,,,,,,,,False,-0.04297957964571826,-0.02752314804226133,98.0,-0.035251363843989796,0.007728215801728464,0.038748318177247394,1.9844674545084815,2.8769763931079146,2.933987975745589,98.0,2.9054821844267518,0.028505791318837254,0.14292451197719955,1.9844674545084815,619215192436897.4,828075046194251.4,98.0,723645119315574.4,104429926878676.95,523598737112987.06,1.9844674545084815,8.73668099001175,9.179203076159956,98.0,8.957942033085853,0.22126104307410224,1.1093755036379083,1.9844674545084815,2.514043037113032,2.612171014044365,98.0,2.5631070255786983,0.049063988465666515,0.24600076976205024,1.9844674545084815,99.0,0.7878787878787878,-0.08636135445195818,-0.05524004930567379,98.0,-0.07080070187881599,0.015560652573142195,0.07801918740608457,1.9844674545084815,QuantileRegressor,"{'mode': 'original', 'type': 'QuantileRegressor'}",12,"['edges_T2W40', 're_T2W40', 'pe_T2W40', 'l1_T2W40', 'l2_T2W40', 'l3_T2W40', 'lcc_T2W40', 'lsc_T2W40', 'atd_T2W40', 'density_T2W40', 'diameter_T2W40', 'asp_T2W40']",-0.028666136157438203,0.026386975876232156,98.0,-0.0011395801406030223,0.02752655601683518,0.13801474728819035,1.9844674545084815,3.547344212454017,3.6311747752744257,98.0,3.5892594938642213,0.04191528141020422,0.21015803676292344,1.9844674545084815,completed,False,COMPLETE
66,2.8087542087542094,2026-06-12 01:24:40.655254,2026-06-12 01:24:42.842904,0 days 00:00:02.187650,,,,,,,,,,,,,,4.9543450559861455,QuantileRegressor,,,,,,9,,,,,,,,False,-0.0009331355682963278,0.00012430831312870661,98.0,-0.0004044136275838106,0.0005287219407125172,0.002650946416563353,1.9844674545084815,2.7849467735529934,2.8325616439554255,98.0,2.8087542087542094,0.02380743520121607,0.11936753551247853,1.9844674545084815,608805169475213.9,816576530769995.1,98.0,712690850122604.5,103885680647390.62,520869953823584.9,1.9844674545084815,8.727991855320967,9.049785922456811,98.0,8.88888888888889,0.16089703356792168,0.8067178260046389,1.9844674545084815,2.2959895660805363,2.491889221798252,98.0,2.393939393939394,0.09794982785885767,0.4911083221088062,1.9844674545084815,99.0,1.0,-0.037483843968863534,-0.033183157484501485,98.0,-0.03533350072668251,0.002150343242181023,0.010781555054361772,1.9844674545084815,QuantileRegressor,"{'mode': 'original', 'type': 'QuantileRegressor'}",9,"['l1_T2W40', 'l2_T2W40', 'l3_T2W40', 'lcc_T2W40', 'lsc_T2W40', 'atd_T2W40', 'density_T2W40', 'diameter_T2W40', 'asp_T2W40']",,,,,,,,3.4925577655390954,3.575019515589782,98.0,3.5337886405644388,0.04123087502534345,0.20672650779899443,1.9844674545084815,completed,False,COMPLETE
67,2.8851075500023704,2026-06-12 01:24:42.856538,2026-06-12 01:24:44.660509,0 days 00:00:01.803971,,,,0.011459843843256665,0.5151049616733656,,,,,,,,,,ElasticNet,,,,,,6,,,,,,,,False,-0.0354220876656815,-0.02038195836186334,98.0,-0.02790202301377242,0.007520064651909079,0.03770467405691143,1.9844674545084815,2.856297193679616,2.913917906325125,98.0,2.8851075500023704,0.028810356322754475,0.1444515632371811,1.9844674545084815,675057027128452.1,905029737380504.9,98.0,790043382254478.5,114986355126026.33,576527362689422.2,1.9844674545084815,8.357680474511648,8.781206478948063,98.0,8.569443476729855,0.21176300221820707,1.0617535015371893,1.9844674545084815,2.3397119395673185,2.425910270383387,98.0,2.3828111049753526,0.04309916540803427,0.21609388470115132,1.9844674545084815,99.0,0.6060606060606061,-0.04323549608787361,-0.013906711282788971,98.0,-0.028571103685331292,0.01466439240254232,0.07352544976327306,1.9844674545084815,ElasticNet,"{'mode': 'original', 'type': 'ElasticNet'}",6,"['re_T2W40', 'pe_T2W40', 'l1_T2W40', 'l2_T2W40', 'lcc_T2W40', 'asp_T2W40']",0.022025607573211252,0.07503800964315441,98.0,0.04853180860818283,0.02650620103497158,0.13289881361018055,1.9844674545084815,3.4762019512495277,3.5603055002973054,98.0,3.5182537257734166,0.04205177452388899,0.21084239635299562,1.9844674545084815,completed,False,COMPLETE
68,2.862892331421015,2026-06-12 01:24:44.672844,2026-06-12 01:25:25.422389,0 days 00:00:40.749545,,,,,,,,,,,,,,,RandomForestRegressor,9.0,log2,3.0,8.0,488.0,7,,,,,,,,False,-0.028293111695237405,-0.011180416614900998,98.0,-0.0197367641550692,0.008556347540168202,0.04290046828756952,1.9844674545084815,2.829294507138394,2.896490155703636,98.0,2.862892331421015,0.03359782428262126,0.16845533545725888,1.9844674545084815,631052625836913.5,853740838215661.0,98.0,742396732026287.2,111344106189373.77,558265577007067.3,1.9844674545084815,8.406008739151245,8.872543652285627,98.0,8.639276195718436,0.23326745656719,1.1695741758972555,1.9844674545084815,2.4262918063556973,2.5432301958127357,98.0,2.4847610010842165,0.05846919472851935,0.2931573106953603,1.9844674545084815,99.0,0.6161616161616161,-0.05220413051972,-0.018819642615974512,98.0,-0.035511886567847255,0.016692243951872743,0.08369284661988068,1.9844674545084815,RandomForestRegressor,"{'mode': 'original', 'type': 'RandomForestRegressor'}",7,"['re_T2W40', 'pe_T2W40', 'l1_T2W40', 'l2_T2W40', 'lcc_T2W40', 'lsc_T2W40', 'density_T2W40']",0.06072149871897254,0.11111551815819398,98.0,0.08591850843858326,0.025197009719610718,0.12633469028029812,1.9844674545084815,3.4837165630447786,3.576629274604056,98.0,3.5301729188244173,0.04645635577963884,0.2329264219953908,1.9844674545084815,completed,False,COMPLETE
69,3.0505170406134288,2026-06-12 01:25:25.434554,2026-06-12 01:25:27.136599,0 days 00:00:01.702045,,,,,,,,,,,,,,,LinearRegression,,,,,,12,,,,,,,,True,-0.09975308890730031,-0.07335892732375246,98.0,-0.08655600811552638,0.01319708079177393,0.06616853082908558,1.9844674545084815,3.005539693591689,3.0954943876351684,98.0,3.0505170406134288,0.044977347021739424,0.22551085501223223,1.9844674545084815,688494292337828.2,923884822388336.8,98.0,806189557363082.5,117695265025254.28,590109501876749.8,1.9844674545084815,9.34554632184996,10.448516953300919,98.0,9.89703163757544,0.5514853157254799,2.7650791634249257,1.9844674545084815,2.4437082322701604,2.5390413967666587,98.0,2.4913748145184096,0.047666582248249136,0.23899434782398246,1.9844674545084815,99.0,0.8888888888888888,-0.25196282729052755,-0.15776306022939024,98.0,-0.2048629437599589,0.04709988353056867,0.2361529905448017,1.9844674545084815,LinearRegression,"{'mode': 'original', 'type': 'LinearRegression'}",12,"['nodes_T2W40', 'edges_T2W40', 're_T2W40', 'pe_T2W40', 'l1_T2W40', 'l2_T2W40', 'lcc_T2W40', 'lsc_T2W40', 'atd_T2W40', 'density_T2W40', 'diameter_T2W40', 'asp_T2W40']",-0.052589725151119426,0.0006519205391469877,98.0,-0.025968902305986218,0.026620822845133205,0.13347351318950662,1.9844674545084815,3.714821151333701,3.8753177736415356,98.0,3.7950694624876182,0.0802483111539174,0.40235510673541053,1.9844674545084815,completed,True,COMPLETE
70,2.8087542087542094,2026-06-12 01:25:27.149228,2026-06-12 01:25:29.260581,0 days 00:00:02.111353,,,,,,,,,,,,,,0.8470751572615766,QuantileRegressor,,,,,,8,,,,,,,,False,-0.0009331355682963278,0.00012430831312870661,98.0,-0.0004044136275838106,0.0005287219407125172,0.002650946416563353,1.9844674545084815,2.7849467735529934,2.8325616439554255,98.0,2.8087542087542094,0.02380743520121607,0.11936753551247853,1.9844674545084815,608805169475213.9,816576530769995.1,98.0,712690850122604.5,103885680647390.62,520869953823584.9,1.9844674545084815,8.727991855320967,9.049785922456811,98.0,8.88888888888889,0.16089703356792168,0.8067178260046389,1.9844674545084815,2.2959895660805363,2.491889221798252,98.0,2.393939393939394,0.09794982785885767,0.4911083221088062,1.9844674545084815,99.0,1.0,-0.037483843968863534,-0.033183157484501485,98.0,-0.03533350072668251,0.002150343242181023,0.010781555054361772,1.9844674545084815,QuantileRegressor,"{'mode': 'original', 'type': 'QuantileRegressor'}",8,"['l2_T2W40', 'l3_T2W40', 'lcc_T2W40', 'lsc_T2W40', 'atd_T2W40', 'density_T2W40', 'diameter_T2W40', 'asp_T2W40']",,,,,,,,3.4925577655390954,3.575019515589782,98.0,3.5337886405644388,0.04123087502534345,0.20672650779899443,1.9844674545084815,completed,False,COMPLETE
