number,value,datetime_start,datetime_complete,duration,params_dt_max_depth,params_dt_min_samples_leaf,params_dt_min_samples_split,params_elastic_alpha,params_elastic_l1_ratio,params_et_max_depth,params_et_max_features,params_et_min_samples_leaf,params_et_min_samples_split,params_et_n_estimators,params_knn_metric,params_knn_n_neighbors,params_knn_weights,params_quantile_alpha,params_regressor,params_rf_max_depth,params_rf_max_features,params_rf_min_samples_leaf,params_rf_min_samples_split,params_rf_n_estimators,params_rfe_n_features,params_rfe_proxy_et_max_depth,params_rfe_proxy_et_min_samples_leaf,params_rfe_proxy_et_min_samples_split,params_rfe_proxy_et_n_estimators,params_rfe_proxy_lsvr_C,params_rfe_proxy_lsvr_epsilon,params_rfe_proxy_type,params_use_scaler,user_attrs_d2mae_ci_lower_val,user_attrs_d2mae_ci_upper_val,user_attrs_d2mae_df_val,user_attrs_d2mae_mean_val,user_attrs_d2mae_samperror_val,user_attrs_d2mae_std_val,user_attrs_d2mae_t_critical_val,user_attrs_mae_ci_lower_val,user_attrs_mae_ci_upper_val,user_attrs_mae_df_val,user_attrs_mae_mean_val,user_attrs_mae_samperror_val,user_attrs_mae_std_val,user_attrs_mae_t_critical_val,user_attrs_mape_ci_lower_val,user_attrs_mape_ci_upper_val,user_attrs_mape_df_val,user_attrs_mape_mean_val,user_attrs_mape_samperror_val,user_attrs_mape_std_val,user_attrs_mape_t_critical_val,user_attrs_max_error_ci_lower_val,user_attrs_max_error_ci_upper_val,user_attrs_max_error_df_val,user_attrs_max_error_mean_val,user_attrs_max_error_samperror_val,user_attrs_max_error_std_val,user_attrs_max_error_t_critical_val,user_attrs_median_ae_ci_lower_val,user_attrs_median_ae_ci_upper_val,user_attrs_median_ae_df_val,user_attrs_median_ae_mean_val,user_attrs_median_ae_samperror_val,user_attrs_median_ae_std_val,user_attrs_median_ae_t_critical_val,user_attrs_n_splits_val,user_attrs_r2_below_zero_val,user_attrs_r2_ci_lower_val,user_attrs_r2_ci_upper_val,user_attrs_r2_df_val,user_attrs_r2_mean_val,user_attrs_r2_samperror_val,user_attrs_r2_std_val,user_attrs_r2_t_critical_val,user_attrs_regressor_final,user_attrs_rfe_estimator,user_attrs_rfe_n_features,user_attrs_rfe_selected_features,user_attrs_rho_ci_lower_val,user_attrs_rho_ci_upper_val,user_attrs_rho_df_val,user_attrs_rho_mean_val,user_attrs_rho_samperror_val,user_attrs_rho_std_val,user_attrs_rho_t_critical_val,user_attrs_rmse_ci_lower_val,user_attrs_rmse_ci_upper_val,user_attrs_rmse_df_val,user_attrs_rmse_mean_val,user_attrs_rmse_samperror_val,user_attrs_rmse_std_val,user_attrs_rmse_t_critical_val,user_attrs_termination_reason,user_attrs_use_scaler_final,state
239,2.8087542087542094,2026-06-12 01:34:10.197796,2026-06-12 01:34:12.458838,0 days 00:00:02.261042,,,,,,,,,,,,,,1.2193383230374217,QuantileRegressor,,,,,,8,,,,,,,,False,-0.0009331355682963278,0.00012430831312870661,98.0,-0.0004044136275838106,0.0005287219407125172,0.002650946416563353,1.9844674545084815,2.7849467735529934,2.8325616439554255,98.0,2.8087542087542094,0.02380743520121607,0.11936753551247853,1.9844674545084815,608805169475213.9,816576530769995.1,98.0,712690850122604.5,103885680647390.62,520869953823584.9,1.9844674545084815,8.727991855320967,9.049785922456811,98.0,8.88888888888889,0.16089703356792168,0.8067178260046389,1.9844674545084815,2.2959895660805363,2.491889221798252,98.0,2.393939393939394,0.09794982785885767,0.4911083221088062,1.9844674545084815,99.0,1.0,-0.037483843968863534,-0.033183157484501485,98.0,-0.03533350072668251,0.002150343242181023,0.010781555054361772,1.9844674545084815,QuantileRegressor,"{'mode': 'original', 'type': 'QuantileRegressor'}",8,"['l2_T2W40', 'l3_T2W40', 'lcc_T2W40', 'lsc_T2W40', 'atd_T2W40', 'density_T2W40', 'diameter_T2W40', 'asp_T2W40']",,,,,,,,3.4925577655390954,3.575019515589782,98.0,3.5337886405644388,0.04123087502534345,0.20672650779899443,1.9844674545084815,completed,False,COMPLETE
240,2.8087542087542094,2026-06-12 01:34:12.472587,2026-06-12 01:34:14.636680,0 days 00:00:02.164093,,,,,,,,,,,,,,0.38624942038082943,QuantileRegressor,,,,,,7,,,,,,,,False,-0.0009331355682963278,0.00012430831312870661,98.0,-0.0004044136275838106,0.0005287219407125172,0.002650946416563353,1.9844674545084815,2.7849467735529934,2.8325616439554255,98.0,2.8087542087542094,0.02380743520121607,0.11936753551247853,1.9844674545084815,608805169475213.9,816576530769995.1,98.0,712690850122604.5,103885680647390.62,520869953823584.9,1.9844674545084815,8.727991855320967,9.049785922456811,98.0,8.88888888888889,0.16089703356792168,0.8067178260046389,1.9844674545084815,2.2959895660805363,2.491889221798252,98.0,2.393939393939394,0.09794982785885767,0.4911083221088062,1.9844674545084815,99.0,1.0,-0.037483843968863534,-0.033183157484501485,98.0,-0.03533350072668251,0.002150343242181023,0.010781555054361772,1.9844674545084815,QuantileRegressor,"{'mode': 'original', 'type': 'QuantileRegressor'}",7,"['l3_T2W40', 'lcc_T2W40', 'lsc_T2W40', 'atd_T2W40', 'density_T2W40', 'diameter_T2W40', 'asp_T2W40']",,,,,,,,3.4925577655390954,3.575019515589782,98.0,3.5337886405644388,0.04123087502534345,0.20672650779899443,1.9844674545084815,completed,False,COMPLETE
241,2.8087542087542094,2026-06-12 01:34:14.650210,2026-06-12 01:34:16.961006,0 days 00:00:02.310796,,,,,,,,,,,,,,4.332510358892195,QuantileRegressor,,,,,,5,,,,,,,,False,-0.0009331355682963278,0.00012430831312870661,98.0,-0.0004044136275838106,0.0005287219407125172,0.002650946416563353,1.9844674545084815,2.7849467735529934,2.8325616439554255,98.0,2.8087542087542094,0.02380743520121607,0.11936753551247853,1.9844674545084815,608805169475213.9,816576530769995.1,98.0,712690850122604.5,103885680647390.62,520869953823584.9,1.9844674545084815,8.727991855320967,9.049785922456811,98.0,8.88888888888889,0.16089703356792168,0.8067178260046389,1.9844674545084815,2.2959895660805363,2.491889221798252,98.0,2.393939393939394,0.09794982785885767,0.4911083221088062,1.9844674545084815,99.0,1.0,-0.037483843968863534,-0.033183157484501485,98.0,-0.03533350072668251,0.002150343242181023,0.010781555054361772,1.9844674545084815,QuantileRegressor,"{'mode': 'original', 'type': 'QuantileRegressor'}",5,"['lsc_T2W40', 'atd_T2W40', 'density_T2W40', 'diameter_T2W40', 'asp_T2W40']",,,,,,,,3.4925577655390954,3.575019515589782,98.0,3.5337886405644388,0.04123087502534345,0.20672650779899443,1.9844674545084815,completed,False,COMPLETE
242,2.8087542087542094,2026-06-12 01:34:16.973505,2026-06-12 01:34:19.282668,0 days 00:00:02.309163,,,,,,,,,,,,,,8.078599336678877,QuantileRegressor,,,,,,5,,,,,,,,False,-0.0009331355682963278,0.00012430831312870661,98.0,-0.0004044136275838106,0.0005287219407125172,0.002650946416563353,1.9844674545084815,2.7849467735529934,2.8325616439554255,98.0,2.8087542087542094,0.02380743520121607,0.11936753551247853,1.9844674545084815,608805169475213.9,816576530769995.1,98.0,712690850122604.5,103885680647390.62,520869953823584.9,1.9844674545084815,8.727991855320967,9.049785922456811,98.0,8.88888888888889,0.16089703356792168,0.8067178260046389,1.9844674545084815,2.2959895660805363,2.491889221798252,98.0,2.393939393939394,0.09794982785885767,0.4911083221088062,1.9844674545084815,99.0,1.0,-0.037483843968863534,-0.033183157484501485,98.0,-0.03533350072668251,0.002150343242181023,0.010781555054361772,1.9844674545084815,QuantileRegressor,"{'mode': 'original', 'type': 'QuantileRegressor'}",5,"['lsc_T2W40', 'atd_T2W40', 'density_T2W40', 'diameter_T2W40', 'asp_T2W40']",,,,,,,,3.4925577655390954,3.575019515589782,98.0,3.5337886405644388,0.04123087502534345,0.20672650779899443,1.9844674545084815,completed,False,COMPLETE
243,2.8087542087542094,2026-06-12 01:34:19.295769,2026-06-12 01:34:21.496009,0 days 00:00:02.200240,,,,,,,,,,,,,,3.124246466674101,QuantileRegressor,,,,,,5,,,,,,,,False,-0.0009331355682963278,0.00012430831312870661,98.0,-0.0004044136275838106,0.0005287219407125172,0.002650946416563353,1.9844674545084815,2.7849467735529934,2.8325616439554255,98.0,2.8087542087542094,0.02380743520121607,0.11936753551247853,1.9844674545084815,608805169475213.9,816576530769995.1,98.0,712690850122604.5,103885680647390.62,520869953823584.9,1.9844674545084815,8.727991855320967,9.049785922456811,98.0,8.88888888888889,0.16089703356792168,0.8067178260046389,1.9844674545084815,2.2959895660805363,2.491889221798252,98.0,2.393939393939394,0.09794982785885767,0.4911083221088062,1.9844674545084815,99.0,1.0,-0.037483843968863534,-0.033183157484501485,98.0,-0.03533350072668251,0.002150343242181023,0.010781555054361772,1.9844674545084815,QuantileRegressor,"{'mode': 'original', 'type': 'QuantileRegressor'}",5,"['lsc_T2W40', 'atd_T2W40', 'density_T2W40', 'diameter_T2W40', 'asp_T2W40']",,,,,,,,3.4925577655390954,3.575019515589782,98.0,3.5337886405644388,0.04123087502534345,0.20672650779899443,1.9844674545084815,completed,False,COMPLETE
244,2.8087542087542094,2026-06-12 01:34:21.508718,2026-06-12 01:34:23.724845,0 days 00:00:02.216127,,,,,,,,,,,,,,9.9225689194301,QuantileRegressor,,,,,,4,,,,,,,,False,-0.0009331355682963278,0.00012430831312870661,98.0,-0.0004044136275838106,0.0005287219407125172,0.002650946416563353,1.9844674545084815,2.7849467735529934,2.8325616439554255,98.0,2.8087542087542094,0.02380743520121607,0.11936753551247853,1.9844674545084815,608805169475213.9,816576530769995.1,98.0,712690850122604.5,103885680647390.62,520869953823584.9,1.9844674545084815,8.727991855320967,9.049785922456811,98.0,8.88888888888889,0.16089703356792168,0.8067178260046389,1.9844674545084815,2.2959895660805363,2.491889221798252,98.0,2.393939393939394,0.09794982785885767,0.4911083221088062,1.9844674545084815,99.0,1.0,-0.037483843968863534,-0.033183157484501485,98.0,-0.03533350072668251,0.002150343242181023,0.010781555054361772,1.9844674545084815,QuantileRegressor,"{'mode': 'original', 'type': 'QuantileRegressor'}",4,"['atd_T2W40', 'density_T2W40', 'diameter_T2W40', 'asp_T2W40']",,,,,,,,3.4925577655390954,3.575019515589782,98.0,3.5337886405644388,0.04123087502534345,0.20672650779899443,1.9844674545084815,completed,False,COMPLETE
245,2.9863640406777443,2026-06-12 01:34:23.739632,2026-06-12 01:34:25.589070,0 days 00:00:01.849438,,,,,,,,,,,,,,,LinearRegression,,,,,,6,,,,,,,,False,-0.07548123199743097,-0.052037841639841695,98.0,-0.06375953681863633,0.011721695178794636,0.05877112984643332,1.9844674545084815,2.945450002208142,3.027278079147347,98.0,2.9863640406777443,0.040914038469602586,0.2051379284959573,1.9844674545084815,669707212640407.5,898869279294059.0,98.0,784288245967233.2,114581033326825.72,574495129319840.8,1.9844674545084815,9.216938843350755,10.483648979247155,98.0,9.850293911298955,0.6333550679481995,3.1755639751338376,1.9844674545084815,2.551470398118488,2.627992292158424,98.0,2.589731345138456,0.03826094701996816,0.1918356561110717,1.9844674545084815,99.0,0.8686868686868687,-0.20651329535848265,-0.11053471692368641,98.0,-0.15852400614108453,0.047989289217398125,0.24061236065377475,1.9844674545084815,LinearRegression,"{'mode': 'original', 'type': 'LinearRegression'}",6,"['nodes_T2W40', 'edges_T2W40', 'lcc_T2W40', 'atd_T2W40', 'density_T2W40', 'asp_T2W40']",-0.05052595083676936,0.009698522672024677,98.0,-0.020413714082372345,0.03011223675439702,0.15097903070033544,1.9844674545084815,3.6403773581763734,3.8000336676490547,98.0,3.720205512912714,0.07982815473634076,0.40024849442408883,1.9844674545084815,completed,False,COMPLETE
246,2.810428512493572,2026-06-12 01:34:25.602516,2026-06-12 01:34:27.845653,0 days 00:00:02.243137,,,,,,,,,,,,,,0.11528321060420477,QuantileRegressor,,,,,,11,,,,,,,,False,-0.0023211113134020984,0.00029706360224569773,98.0,-0.0010120238555782002,0.001309087457823898,0.006563602601037536,1.9844674545084815,2.786539706076316,2.834317318910828,98.0,2.810428512493572,0.023888806417256023,0.11977552072542774,1.9844674545084815,608353288225674.5,816199241511595.8,98.0,712276264868635.1,103922976642960.61,521056951332474.25,1.9844674545084815,8.729920220610063,9.051928602645836,98.0,8.89092441162795,0.16100419101788585,0.807255100205153,1.9844674545084815,2.2957224237181615,2.4914518142235407,98.0,2.393587118970851,0.0978646952526894,0.49068147775097537,1.9844674545084815,99.0,1.0,-0.03899927350130454,-0.03349971321292547,98.0,-0.036249493357115005,0.0027497801441895373,0.013787057540590803,1.9844674545084815,QuantileRegressor,"{'mode': 'original', 'type': 'QuantileRegressor'}",11,"['re_T2W40', 'pe_T2W40', 'l1_T2W40', 'l2_T2W40', 'l3_T2W40', 'lcc_T2W40', 'lsc_T2W40', 'atd_T2W40', 'density_T2W40', 'diameter_T2W40', 'asp_T2W40']",,,0.0,-0.21849952682843216,,,,3.494159227311044,3.5763478090512293,98.0,3.5352535181811366,0.04109429087009277,0.20604169173777104,1.9844674545084815,completed,False,COMPLETE
247,2.8087542087542094,2026-06-12 01:34:27.858172,2026-06-12 01:34:29.982504,0 days 00:00:02.124332,,,,,,,,,,,,,,0.22625889797409013,QuantileRegressor,,,,,,3,,,,,,,,False,-0.0009331355682963278,0.00012430831312870661,98.0,-0.0004044136275838106,0.0005287219407125172,0.002650946416563353,1.9844674545084815,2.7849467735529934,2.8325616439554255,98.0,2.8087542087542094,0.02380743520121607,0.11936753551247853,1.9844674545084815,608805169475213.9,816576530769995.1,98.0,712690850122604.5,103885680647390.62,520869953823584.9,1.9844674545084815,8.727991855320967,9.049785922456811,98.0,8.88888888888889,0.16089703356792168,0.8067178260046389,1.9844674545084815,2.2959895660805363,2.491889221798252,98.0,2.393939393939394,0.09794982785885767,0.4911083221088062,1.9844674545084815,99.0,1.0,-0.037483843968863534,-0.033183157484501485,98.0,-0.03533350072668251,0.002150343242181023,0.010781555054361772,1.9844674545084815,QuantileRegressor,"{'mode': 'original', 'type': 'QuantileRegressor'}",3,"['density_T2W40', 'diameter_T2W40', 'asp_T2W40']",,,,,,,,3.4925577655390954,3.575019515589782,98.0,3.5337886405644388,0.04123087502534345,0.20672650779899443,1.9844674545084815,completed,False,COMPLETE
248,2.8087542087542094,2026-06-12 01:34:30.009667,2026-06-12 01:34:32.208911,0 days 00:00:02.199244,,,,,,,,,,,,,,6.853715118770213,QuantileRegressor,,,,,,8,,,,,,,,False,-0.0009331355682963278,0.00012430831312870661,98.0,-0.0004044136275838106,0.0005287219407125172,0.002650946416563353,1.9844674545084815,2.7849467735529934,2.8325616439554255,98.0,2.8087542087542094,0.02380743520121607,0.11936753551247853,1.9844674545084815,608805169475213.9,816576530769995.1,98.0,712690850122604.5,103885680647390.62,520869953823584.9,1.9844674545084815,8.727991855320967,9.049785922456811,98.0,8.88888888888889,0.16089703356792168,0.8067178260046389,1.9844674545084815,2.2959895660805363,2.491889221798252,98.0,2.393939393939394,0.09794982785885767,0.4911083221088062,1.9844674545084815,99.0,1.0,-0.037483843968863534,-0.033183157484501485,98.0,-0.03533350072668251,0.002150343242181023,0.010781555054361772,1.9844674545084815,QuantileRegressor,"{'mode': 'original', 'type': 'QuantileRegressor'}",8,"['l2_T2W40', 'l3_T2W40', 'lcc_T2W40', 'lsc_T2W40', 'atd_T2W40', 'density_T2W40', 'diameter_T2W40', 'asp_T2W40']",,,,,,,,3.4925577655390954,3.575019515589782,98.0,3.5337886405644388,0.04123087502534345,0.20672650779899443,1.9844674545084815,completed,False,COMPLETE
249,2.7960182891022134,2026-06-12 01:34:32.221388,2026-06-12 01:34:46.061617,0 days 00:00:13.840229,,,,,,,,,,,,,,,RandomForestRegressor,12.0,sqrt,4.0,4.0,153.0,2,,,,,,,,False,-0.006387759315128672,0.014634657030169692,98.0,0.00412344885752051,0.010511208172649182,0.05270189771486458,1.9844674545084815,2.758360314297244,2.833676263907183,98.0,2.7960182891022134,0.037657974804969685,0.18881242800277082,1.9844674545084815,601393415440048.5,817732346965748.5,98.0,709562881202898.5,108169465762850.03,542348322559050.75,1.9844674545084815,8.298080295191284,8.806880801689157,98.0,8.55248054844022,0.25440025324893706,1.2755314046817143,1.9844674545084815,2.387052593584721,2.4940500667066963,98.0,2.4405513301457087,0.05349873656098773,0.26823604820691654,1.9844674545084815,99.0,0.46464646464646464,-0.015533483489011823,0.02576429267018268,98.0,0.00511540459058543,0.020648888079597253,0.10353097090477931,1.9844674545084815,RandomForestRegressor,"{'mode': 'original', 'type': 'RandomForestRegressor'}",2,"['pe_T2W40', 'lsc_T2W40']",0.15814302017296375,0.21212614644805808,98.0,0.18513458331051091,0.02699156313754716,0.13533235916122094,1.9844674545084815,3.4078904256557507,3.5082512686089586,98.0,3.4580708471323547,0.05018042147660395,0.25159842679457134,1.9844674545084815,completed,False,COMPLETE
250,2.8582383690067488,2026-06-12 01:34:46.080159,2026-06-12 01:35:00.809948,0 days 00:00:14.729789,,,,,,,,,,,,,,,RandomForestRegressor,13.0,sqrt,4.0,4.0,166.0,7,,,,,,,,False,-0.02621761337779641,-0.009821136174654087,98.0,-0.01801937477622525,0.008198238601571161,0.04110495436160344,1.9844674545084815,2.824820440726669,2.8916562972868287,98.0,2.8582383690067488,0.03341792828008011,0.1675533591506811,1.9844674545084815,635819679686908.2,860915417495624.5,98.0,748367548591266.4,112547868904358.1,564301094374437.9,1.9844674545084815,8.380924351754754,8.833248046868281,98.0,8.607086199311517,0.2261618475567635,1.133947531165422,1.9844674545084815,2.4322617515241025,2.5482193996649305,98.0,2.4902405755945165,0.057978824070413805,0.2906986528663682,1.9844674545084815,99.0,0.6363636363636364,-0.044872827732781784,-0.013701094848878584,98.0,-0.029286961290830183,0.015585866441951599,0.0781456066257559,1.9844674545084815,RandomForestRegressor,"{'mode': 'original', 'type': 'RandomForestRegressor'}",7,"['re_T2W40', 'pe_T2W40', 'l1_T2W40', 'l2_T2W40', 'lcc_T2W40', 'lsc_T2W40', 'density_T2W40']",0.06454527538053945,0.11569629011511393,98.0,0.09012078274782669,0.025575507367287247,0.12823243067184226,1.9844674545084815,3.4741370778463194,3.566023823573829,98.0,3.5200804507100742,0.04594337286375466,0.23035438910265943,1.9844674545084815,completed,False,COMPLETE
251,2.867580070746848,2026-06-12 01:35:00.824408,2026-06-12 01:35:36.163845,0 days 00:00:35.339437,,,,,,,,,,,,,,,RandomForestRegressor,17.0,sqrt,2.0,7.0,419.0,2,,,,,,,,True,-0.03188514586085119,-0.011377909593067724,98.0,-0.02163152772695946,0.010253618133891735,0.05141037312016697,1.9844674545084815,2.832516594404588,2.9026435470891085,98.0,2.867580070746848,0.03506347634226042,0.17580393360734345,1.9844674545084815,636509745212914.5,856609118700527.8,98.0,746559431956721.1,110049686743806.61,551775518005294.2,1.9844674545084815,7.797614888721986,8.176982777113075,98.0,7.9872988329175305,0.18968394419554424,0.9510518354262738,1.9844674545084815,2.4143554551516218,2.5377985799400227,98.0,2.476077017545822,0.061721562394200506,0.3094642799069367,1.9844674545084815,99.0,0.5959595959595959,-0.047687046695547464,-0.008024027519968474,98.0,-0.02785553710775797,0.019831509587789495,0.09943273624307097,1.9844674545084815,RandomForestRegressor,"{'mode': 'original', 'type': 'RandomForestRegressor'}",2,"['re_T2W40', 'lsc_T2W40']",0.14898537207312224,0.19346195307596942,98.0,0.17122366257454583,0.022238290501423584,0.11150003806499499,1.9844674545084815,3.469877519502697,3.55837285251813,98.0,3.5141251860104137,0.04424766650771656,0.22185232716434636,1.9844674545084815,completed,True,COMPLETE
252,2.8087542087542094,2026-06-12 01:35:36.176593,2026-06-12 01:35:38.558370,0 days 00:00:02.381777,,,,,,,,,,,,,,0.930720974739076,QuantileRegressor,,,,,,9,,,,,,,,False,-0.0009331355682963278,0.00012430831312870661,98.0,-0.0004044136275838106,0.0005287219407125172,0.002650946416563353,1.9844674545084815,2.7849467735529934,2.8325616439554255,98.0,2.8087542087542094,0.02380743520121607,0.11936753551247853,1.9844674545084815,608805169475213.9,816576530769995.1,98.0,712690850122604.5,103885680647390.62,520869953823584.9,1.9844674545084815,8.727991855320967,9.049785922456811,98.0,8.88888888888889,0.16089703356792168,0.8067178260046389,1.9844674545084815,2.2959895660805363,2.491889221798252,98.0,2.393939393939394,0.09794982785885767,0.4911083221088062,1.9844674545084815,99.0,1.0,-0.037483843968863534,-0.033183157484501485,98.0,-0.03533350072668251,0.002150343242181023,0.010781555054361772,1.9844674545084815,QuantileRegressor,"{'mode': 'original', 'type': 'QuantileRegressor'}",9,"['l1_T2W40', 'l2_T2W40', 'l3_T2W40', 'lcc_T2W40', 'lsc_T2W40', 'atd_T2W40', 'density_T2W40', 'diameter_T2W40', 'asp_T2W40']",,,,,,,,3.4925577655390954,3.575019515589782,98.0,3.5337886405644388,0.04123087502534345,0.20672650779899443,1.9844674545084815,completed,False,COMPLETE
253,2.848034057904042,2026-06-12 01:35:38.572064,2026-06-12 01:36:02.687147,0 days 00:00:24.115083,,,,,,,,,,,,,,,RandomForestRegressor,5.0,sqrt,5.0,10.0,289.0,2,,,,,,,,False,-0.022592671832763186,-0.006317167543877461,98.0,-0.014454919688320323,0.008137752144442862,0.04080168274673762,1.9844674545084815,2.815601853644877,2.8804662621632073,98.0,2.848034057904042,0.03243220425916526,0.16261106082759053,1.9844674545084815,629873359836878.1,850825928922018.1,98.0,740349644379448.1,110476284542570.02,553914426605193.94,1.9844674545084815,8.062179180169169,8.39305097035915,98.0,8.22761507526416,0.16543589509499046,0.829475116319176,1.9844674545084815,2.4601825687984675,2.5565247424547914,98.0,2.5083536556266295,0.04817108682816193,0.24152387138878348,1.9844674545084815,99.0,0.6161616161616161,-0.043856614755245174,-0.013452355502814182,98.0,-0.028654485129029676,0.015202129626215494,0.07622159769355959,1.9844674545084815,RandomForestRegressor,"{'mode': 'original', 'type': 'RandomForestRegressor'}",2,"['lsc_T2W40', 'density_T2W40']",0.08840939115301438,0.13490359572515945,98.0,0.11165649343908692,0.023247102286072536,0.11655809557987336,1.9844674545084815,3.4760337691362864,3.5602552861439998,98.0,3.518144527640143,0.042110758503856774,0.21113813473321025,1.9844674545084815,completed,False,COMPLETE
