number,value,datetime_start,datetime_complete,duration,params_dt_max_depth,params_dt_min_samples_leaf,params_dt_min_samples_split,params_elastic_alpha,params_elastic_l1_ratio,params_et_max_depth,params_et_max_features,params_et_min_samples_leaf,params_et_min_samples_split,params_et_n_estimators,params_knn_metric,params_knn_n_neighbors,params_knn_weights,params_quantile_alpha,params_regressor,params_rf_max_depth,params_rf_max_features,params_rf_min_samples_leaf,params_rf_min_samples_split,params_rf_n_estimators,params_rfe_n_features,params_rfe_proxy_et_max_depth,params_rfe_proxy_et_min_samples_leaf,params_rfe_proxy_et_min_samples_split,params_rfe_proxy_et_n_estimators,params_rfe_proxy_lsvr_C,params_rfe_proxy_lsvr_epsilon,params_rfe_proxy_type,params_use_scaler,user_attrs_d2mae_ci_lower_val,user_attrs_d2mae_ci_upper_val,user_attrs_d2mae_df_val,user_attrs_d2mae_mean_val,user_attrs_d2mae_samperror_val,user_attrs_d2mae_std_val,user_attrs_d2mae_t_critical_val,user_attrs_mae_ci_lower_val,user_attrs_mae_ci_upper_val,user_attrs_mae_df_val,user_attrs_mae_mean_val,user_attrs_mae_samperror_val,user_attrs_mae_std_val,user_attrs_mae_t_critical_val,user_attrs_mape_ci_lower_val,user_attrs_mape_ci_upper_val,user_attrs_mape_df_val,user_attrs_mape_mean_val,user_attrs_mape_samperror_val,user_attrs_mape_std_val,user_attrs_mape_t_critical_val,user_attrs_max_error_ci_lower_val,user_attrs_max_error_ci_upper_val,user_attrs_max_error_df_val,user_attrs_max_error_mean_val,user_attrs_max_error_samperror_val,user_attrs_max_error_std_val,user_attrs_max_error_t_critical_val,user_attrs_median_ae_ci_lower_val,user_attrs_median_ae_ci_upper_val,user_attrs_median_ae_df_val,user_attrs_median_ae_mean_val,user_attrs_median_ae_samperror_val,user_attrs_median_ae_std_val,user_attrs_median_ae_t_critical_val,user_attrs_n_splits_val,user_attrs_r2_below_zero_val,user_attrs_r2_ci_lower_val,user_attrs_r2_ci_upper_val,user_attrs_r2_df_val,user_attrs_r2_mean_val,user_attrs_r2_samperror_val,user_attrs_r2_std_val,user_attrs_r2_t_critical_val,user_attrs_regressor_final,user_attrs_rfe_estimator,user_attrs_rfe_n_features,user_attrs_rfe_selected_features,user_attrs_rho_ci_lower_val,user_attrs_rho_ci_upper_val,user_attrs_rho_df_val,user_attrs_rho_mean_val,user_attrs_rho_samperror_val,user_attrs_rho_std_val,user_attrs_rho_t_critical_val,user_attrs_rmse_ci_lower_val,user_attrs_rmse_ci_upper_val,user_attrs_rmse_df_val,user_attrs_rmse_mean_val,user_attrs_rmse_samperror_val,user_attrs_rmse_std_val,user_attrs_rmse_t_critical_val,user_attrs_termination_reason,user_attrs_use_scaler_final,state
27,2.9023156305021924,2026-06-12 01:21:41.663346,2026-06-12 01:21:43.486055,0 days 00:00:01.822709,,,,,,,,,,,minkowski,20.0,distance,,KNeighborsRegressor,,,,,,4,,,,,7.4910104974988885,0.6592318760277409,LinearSVR,,-0.04121267500444921,-0.02641269655163529,98.0,-0.03381268577804225,0.007399989226406962,0.03710263072479022,1.9844674545084815,2.871210854501582,2.933420406502803,98.0,2.9023156305021924,0.031104776000610453,0.15595549972014228,1.9844674545084815,671267541724924.8,902861783840418.0,98.0,787064662782671.4,115797121057746.67,580592442792716.8,1.9844674545084815,8.273982651920877,8.730616824864368,98.0,8.502299738392622,0.2283170864717457,1.144753632517695,1.9844674545084815,2.5303560896159607,2.6236572333453023,98.0,2.5770066614806315,0.046650571864670635,0.23390019742441912,1.9844674545084815,99.0,0.7070707070707071,-0.052945370780356944,-0.027443963378229234,98.0,-0.04019466707929309,0.012750703701063855,0.06393045130573692,1.9844674545084815,KNeighborsRegressor,"{'mode': 'proxy', 'type': 'LinearSVR'}",4,"['re_T2W40', 'lcc_T2W40', 'lsc_T2W40', 'asp_T2W40']",-0.0017054871352762124,0.0507514388439393,98.0,0.024522975854331545,0.026228462989607758,0.13150626940233412,1.9844674545084815,3.495949636232554,3.583401149798708,98.0,3.539675393015631,0.04372575678307667,0.21923553635661255,1.9844674545084815,completed,True,COMPLETE
28,3.4758992927511447,2026-06-12 01:21:43.498692,2026-06-12 01:21:45.362879,0 days 00:00:01.864187,20.0,5.0,4.0,,,,,,,,,,,,DecisionTreeRegressor,,,,,,6,,,,,,,,False,-0.2597240000934693,-0.21671896332350232,98.0,-0.2382214817084858,0.021502518384983474,0.10781096767601961,1.9844674545084815,3.40983671410501,3.5419618713972794,98.0,3.4758992927511447,0.06606257864613484,0.33122959848214173,1.9844674545084815,564480765827212.8,811654421898154.8,98.0,688067593862683.8,123586828035470.98,619649070120964.8,1.9844674545084815,9.996053591072265,10.555966610947937,98.0,10.276010101010101,0.279956509937836,1.4036673148331085,1.9844674545084815,2.841724077431198,3.048223012515891,98.0,2.9449735449735446,0.10324946754234633,0.5176800600039433,1.9844674545084815,99.0,1.0,-0.6001296553025648,-0.5059283450161949,98.0,-0.5530290001593798,0.04710065514318494,0.236156859315024,1.9844674545084815,DecisionTreeRegressor,"{'mode': 'original', 'type': 'DecisionTreeRegressor'}",6,"['re_T2W40', 'pe_T2W40', 'l1_T2W40', 'l2_T2W40', 'l3_T2W40', 'density_T2W40']",-0.017058426997959626,0.038468929184999584,98.0,0.010705251093519979,0.027763678091479605,0.13920364804237428,1.9844674545084815,4.238779851308853,4.384221286970274,98.0,4.311500569139564,0.07272071783071035,0.3646126848517834,1.9844674545084815,completed,False,COMPLETE
29,2.994144861921164,2026-06-12 01:21:45.375034,2026-06-12 01:21:47.271723,0 days 00:00:01.896689,,,,0.00016377964907056237,0.8770241030575711,,,,,,,,,,ElasticNet,,,,,,9,,,,,,,,True,-0.0802376369201252,-0.053270077993805315,98.0,-0.06675385745696526,0.01348377946315994,0.06760600250752585,1.9844674545084815,2.9509147307113195,3.037374993131009,98.0,2.994144861921164,0.0432301312098446,0.21675053103312228,1.9844674545084815,673997650571552.4,903317701743305.9,98.0,788657676157429.1,114660025585876.73,574891186736685.1,1.9844674545084815,9.143260624492928,10.283478376179744,98.0,9.713369500336336,0.5701088758434083,2.8584553904295067,1.9844674545084815,2.3903443093524075,2.4847349625249935,98.0,2.4375396359387005,0.04719532658629306,0.2366315302214746,1.9844674545084815,99.0,0.7878787878787878,-0.20536409128827937,-0.1095693098645401,98.0,-0.15746670057640974,0.047897390711869645,0.24015159291338184,1.9844674545084815,ElasticNet,"{'mode': 'original', 'type': 'ElasticNet'}",9,"['nodes_T2W40', 'edges_T2W40', 're_T2W40', 'l2_T2W40', 'lcc_T2W40', 'lsc_T2W40', 'atd_T2W40', 'density_T2W40', 'asp_T2W40']",0.010071629655939152,0.06649613549505715,98.0,0.03828388257549815,0.028212252919558995,0.14145274674906888,1.9844674545084815,3.6373852942082854,3.7986329264674836,98.0,3.7180091103378845,0.08062381612959922,0.40423784223971737,1.9844674545084815,completed,True,COMPLETE
30,3.0059071560001667,2026-06-12 01:21:47.284473,2026-06-12 01:21:48.945583,0 days 00:00:01.661110,,,,,,,,,,,,,,,LinearRegression,,,,,,7,,,,,,,,False,-0.08237084618126544,-0.05902415718356435,98.0,-0.0706975016824149,0.011673344498850546,0.058528705517373984,1.9844674545084815,2.9648213219626225,3.046992990037711,98.0,3.0059071560001667,0.04108583403754437,0.20599929022534386,1.9844674545084815,670835100924528.6,900650352940159.6,98.0,785742726932344.1,114907626007815.53,576132624628204.6,1.9844674545084815,9.313801133547708,10.569842191976422,98.0,9.941821662762065,0.6280205292143578,3.1488172577166664,1.9844674545084815,2.5901417328948164,2.6685475821875886,98.0,2.6293446575412025,0.03920292464638605,0.19655861542286074,1.9844674545084815,99.0,0.9090909090909091,-0.2202673288674074,-0.12605714649206595,98.0,-0.17316223767973668,0.047105091187670735,0.23617910109341034,1.9844674545084815,LinearRegression,"{'mode': 'original', 'type': 'LinearRegression'}",7,"['nodes_T2W40', 'edges_T2W40', 're_T2W40', 'lcc_T2W40', 'atd_T2W40', 'density_T2W40', 'asp_T2W40']",-0.08236384291968807,-0.022317555401151844,98.0,-0.05234069916041995,0.03002314375926811,0.1505323294420907,1.9844674545084815,3.6652391773089805,3.8235546411176546,98.0,3.7443969092133176,0.07915773190433711,0.396887077264651,1.9844674545084815,completed,False,COMPLETE
31,2.8087542087542094,2026-06-12 01:21:48.957690,2026-06-12 01:21:51.298571,0 days 00:00:02.340881,,,,,,,,,,,,,,8.632405665578633,QuantileRegressor,,,,,,7,,,,,,,,False,-0.0009331355682963278,0.00012430831312870661,98.0,-0.0004044136275838106,0.0005287219407125172,0.002650946416563353,1.9844674545084815,2.7849467735529934,2.8325616439554255,98.0,2.8087542087542094,0.02380743520121607,0.11936753551247853,1.9844674545084815,608805169475213.9,816576530769995.1,98.0,712690850122604.5,103885680647390.62,520869953823584.9,1.9844674545084815,8.727991855320967,9.049785922456811,98.0,8.88888888888889,0.16089703356792168,0.8067178260046389,1.9844674545084815,2.2959895660805363,2.491889221798252,98.0,2.393939393939394,0.09794982785885767,0.4911083221088062,1.9844674545084815,99.0,1.0,-0.037483843968863534,-0.033183157484501485,98.0,-0.03533350072668251,0.002150343242181023,0.010781555054361772,1.9844674545084815,QuantileRegressor,"{'mode': 'original', 'type': 'QuantileRegressor'}",7,"['l3_T2W40', 'lcc_T2W40', 'lsc_T2W40', 'atd_T2W40', 'density_T2W40', 'diameter_T2W40', 'asp_T2W40']",,,,,,,,3.4925577655390954,3.575019515589782,98.0,3.5337886405644388,0.04123087502534345,0.20672650779899443,1.9844674545084815,completed,False,COMPLETE
32,2.8087542087542094,2026-06-12 01:21:51.311439,2026-06-12 01:21:53.590865,0 days 00:00:02.279426,,,,,,,,,,,,,,2.2931680347694705,QuantileRegressor,,,,,,8,,,,,,,,False,-0.0009331355682963278,0.00012430831312870661,98.0,-0.0004044136275838106,0.0005287219407125172,0.002650946416563353,1.9844674545084815,2.7849467735529934,2.8325616439554255,98.0,2.8087542087542094,0.02380743520121607,0.11936753551247853,1.9844674545084815,608805169475213.9,816576530769995.1,98.0,712690850122604.5,103885680647390.62,520869953823584.9,1.9844674545084815,8.727991855320967,9.049785922456811,98.0,8.88888888888889,0.16089703356792168,0.8067178260046389,1.9844674545084815,2.2959895660805363,2.491889221798252,98.0,2.393939393939394,0.09794982785885767,0.4911083221088062,1.9844674545084815,99.0,1.0,-0.037483843968863534,-0.033183157484501485,98.0,-0.03533350072668251,0.002150343242181023,0.010781555054361772,1.9844674545084815,QuantileRegressor,"{'mode': 'original', 'type': 'QuantileRegressor'}",8,"['l2_T2W40', 'l3_T2W40', 'lcc_T2W40', 'lsc_T2W40', 'atd_T2W40', 'density_T2W40', 'diameter_T2W40', 'asp_T2W40']",,,,,,,,3.4925577655390954,3.575019515589782,98.0,3.5337886405644388,0.04123087502534345,0.20672650779899443,1.9844674545084815,completed,False,COMPLETE
33,2.8087542087542094,2026-06-12 01:21:53.603319,2026-06-12 01:21:55.759996,0 days 00:00:02.156677,,,,,,,,,,,,,,3.227908133236349,QuantileRegressor,,,,,,5,,,,,,,,False,-0.0009331355682963278,0.00012430831312870661,98.0,-0.0004044136275838106,0.0005287219407125172,0.002650946416563353,1.9844674545084815,2.7849467735529934,2.8325616439554255,98.0,2.8087542087542094,0.02380743520121607,0.11936753551247853,1.9844674545084815,608805169475213.9,816576530769995.1,98.0,712690850122604.5,103885680647390.62,520869953823584.9,1.9844674545084815,8.727991855320967,9.049785922456811,98.0,8.88888888888889,0.16089703356792168,0.8067178260046389,1.9844674545084815,2.2959895660805363,2.491889221798252,98.0,2.393939393939394,0.09794982785885767,0.4911083221088062,1.9844674545084815,99.0,1.0,-0.037483843968863534,-0.033183157484501485,98.0,-0.03533350072668251,0.002150343242181023,0.010781555054361772,1.9844674545084815,QuantileRegressor,"{'mode': 'original', 'type': 'QuantileRegressor'}",5,"['lsc_T2W40', 'atd_T2W40', 'density_T2W40', 'diameter_T2W40', 'asp_T2W40']",,,,,,,,3.4925577655390954,3.575019515589782,98.0,3.5337886405644388,0.04123087502534345,0.20672650779899443,1.9844674545084815,completed,False,COMPLETE
34,2.960466039891372,2026-06-12 01:21:55.772964,2026-06-12 01:21:57.647692,0 days 00:00:01.874728,,,,0.000123469869878032,0.9566761854597826,,,,,,,,,,ElasticNet,,,,,,7,,,,,,,,False,-0.06703215082981703,-0.04239887890247294,98.0,-0.05471551486614499,0.01231663596367205,0.061754089357462426,1.9844674545084815,2.91983922115487,3.0010928586278736,98.0,2.960466039891372,0.040626818736501806,0.20369784427852594,1.9844674545084815,665844427017712.8,893908723404072.8,98.0,779876575210892.8,114032148193179.94,571743087147763.9,1.9844674545084815,9.032908649862614,10.154502621990355,98.0,9.593705635926485,0.5607969860638701,2.811766726801829,1.9844674545084815,2.3660719462052446,2.4602439753300533,98.0,2.413157960767649,0.047086014562404396,0.2360834532537883,1.9844674545084815,99.0,0.7171717171717171,-0.1724712245658398,-0.08150601573965816,98.0,-0.12698862015274898,0.045482604413090814,0.22804415308047601,1.9844674545084815,ElasticNet,"{'mode': 'original', 'type': 'ElasticNet'}",7,"['nodes_T2W40', 'edges_T2W40', 're_T2W40', 'l2_T2W40', 'lcc_T2W40', 'atd_T2W40', 'asp_T2W40']",0.027634790706478164,0.08205414451425976,98.0,0.05484446761036896,0.027209676903890794,0.1364259546085984,1.9844674545084815,3.592432778747362,3.747282046954786,98.0,3.669857412851074,0.07742463410371207,0.38819753924788303,1.9844674545084815,completed,False,COMPLETE
35,2.8498959854256007,2026-06-12 01:21:57.660001,2026-06-12 01:22:19.686325,0 days 00:00:22.026324,,,,,,2.0,log2,1.0,2.0,441.0,,,,,ExtraTreesRegressor,,,,,,10,,,,,,,,False,-0.01836940676256161,-0.012008577394020956,98.0,-0.015188992078291282,0.003180414684270326,0.015946205862177654,1.9844674545084815,2.8259384462242627,2.8738535246269388,98.0,2.8498959854256007,0.023957539201338217,0.12012013840370599,1.9844674545084815,664487141463767.0,891640484838693.0,98.0,778063813151230.0,113576671687463.03,569459384283018.2,1.9844674545084815,8.107316731115118,8.493359303313413,98.0,8.300338017214266,0.19302128609914843,0.9677848549568869,1.9844674545084815,2.496518508841684,2.534570591851144,98.0,2.515544550346414,0.01902604150473023,0.0953942188977068,1.9844674545084815,99.0,0.5252525252525253,-0.008553824187179725,0.0011990809280371596,98.0,-0.0036773716295712823,0.004876452557608442,0.024449929987229772,1.9844674545084815,ExtraTreesRegressor,"{'mode': 'original', 'type': 'ExtraTreesRegressor'}",10,"['nodes_T2W40', 'edges_T2W40', 're_T2W40', 'pe_T2W40', 'l1_T2W40', 'l2_T2W40', 'lcc_T2W40', 'atd_T2W40', 'density_T2W40', 'diameter_T2W40']",-0.007831564529972083,0.042644325412947784,98.0,0.017406380441487852,0.025237944971459935,0.12653993457005572,1.9844674545084815,3.4394974225127184,3.5174137211031535,98.0,3.478455571807936,0.03895814929521768,0.1953313420867696,1.9844674545084815,completed,False,COMPLETE
36,2.898310927649249,2026-06-12 01:22:19.698736,2026-06-12 01:22:21.324175,0 days 00:00:01.625439,,,,,,,,,,,,,,,LinearRegression,,,,,,3,,,,,,,,False,-0.03958304952345837,-0.025087113773705937,98.0,-0.032335081648582155,0.007247967874876217,0.03634041447074475,1.9844674545084815,2.866754021244163,2.9298678340543347,98.0,2.898310927649249,0.03155690640508579,0.15822242564712008,1.9844674545084815,662931067160509.8,889012033467127.5,98.0,775971550313818.6,113040483153308.84,566771001290432.6,1.9844674545084815,8.376718165265126,8.869692775258356,98.0,8.623205470261741,0.24648730499661559,1.2358568608455458,1.9844674545084815,2.5459456959900693,2.6154152082208255,98.0,2.5806804521054474,0.03473475611537813,0.17415577104701704,1.9844674545084815,99.0,0.7373737373737373,-0.0731742223982651,-0.03334242087840111,98.0,-0.053258321638333106,0.019915900759931993,0.09985586314239966,1.9844674545084815,LinearRegression,"{'mode': 'original', 'type': 'LinearRegression'}",3,"['lcc_T2W40', 'atd_T2W40', 'density_T2W40']",-0.029847387633048346,0.02814043008607444,98.0,-0.0008534787734869545,0.028993908859561393,0.14537187295431464,1.9844674545084815,3.510497176135869,3.608792205580072,98.0,3.5596446908579704,0.049147514722101625,0.24641956008099788,1.9844674545084815,completed,False,COMPLETE
37,2.8087542087542094,2026-06-12 01:22:21.336658,2026-06-12 01:22:23.606293,0 days 00:00:02.269635,,,,,,,,,,,,,,0.21980426427532332,QuantileRegressor,,,,,,6,,,,,,,,True,-0.0009331355682963278,0.00012430831312870661,98.0,-0.0004044136275838106,0.0005287219407125172,0.002650946416563353,1.9844674545084815,2.7849467735529934,2.8325616439554255,98.0,2.8087542087542094,0.02380743520121607,0.11936753551247853,1.9844674545084815,608805169475213.9,816576530769995.1,98.0,712690850122604.5,103885680647390.62,520869953823584.9,1.9844674545084815,8.727991855320967,9.049785922456811,98.0,8.88888888888889,0.16089703356792168,0.8067178260046389,1.9844674545084815,2.2959895660805363,2.491889221798252,98.0,2.393939393939394,0.09794982785885767,0.4911083221088062,1.9844674545084815,99.0,1.0,-0.037483843968863534,-0.033183157484501485,98.0,-0.03533350072668251,0.002150343242181023,0.010781555054361772,1.9844674545084815,QuantileRegressor,"{'mode': 'original', 'type': 'QuantileRegressor'}",6,"['lcc_T2W40', 'lsc_T2W40', 'atd_T2W40', 'density_T2W40', 'diameter_T2W40', 'asp_T2W40']",,,,,,,,3.4925577655390954,3.575019515589782,98.0,3.5337886405644388,0.04123087502534345,0.20672650779899443,1.9844674545084815,completed,True,COMPLETE
38,2.9234078522687046,2026-06-12 01:22:23.619739,2026-06-12 01:22:52.431613,0 days 00:00:28.811874,,,,,,,,,,,,,,,RandomForestRegressor,2.0,,1.0,12.0,353.0,2,,,,,,,,False,-0.04911570044920177,-0.034078970459180374,98.0,-0.04159733545419107,0.007518364995010695,0.03769615218744241,1.9844674545084815,2.894815487045673,2.952000217491736,98.0,2.9234078522687046,0.028592365223031765,0.14335858282506914,1.9844674545084815,667023238800756.6,894332409797749.6,98.0,780677824299253.1,113654585498496.5,569850034494888.9,1.9844674545084815,8.330297581257751,8.713206632452861,98.0,8.521752106855306,0.19145452559755494,0.9599293115842872,1.9844674545084815,2.5540218341141276,2.643722950684367,98.0,2.5988723923992474,0.044850558285119586,0.22487515196849245,1.9844674545084815,99.0,0.8686868686868687,-0.08216801312562025,-0.05380359856442807,98.0,-0.06798580584502416,0.01418220728059609,0.07110783320016821,1.9844674545084815,RandomForestRegressor,"{'mode': 'original', 'type': 'RandomForestRegressor'}",2,"['re_T2W40', 'density_T2W40']",-0.06965604828492691,-0.016738695961507784,98.0,-0.04319737212321735,0.026458676161709566,0.13266052977368648,1.9844674545084815,3.5448453987990103,3.6248178251375585,98.0,3.5848316119682844,0.039986213169274226,0.20048592719677225,1.9844674545084815,completed,False,COMPLETE
39,2.973375169661703,2026-06-12 01:22:52.444605,2026-06-12 01:22:59.535342,0 days 00:00:07.090737,,,,,,20.0,,1.0,12.0,99.0,,,,,ExtraTreesRegressor,,,,,,13,,,,,,,,False,-0.06917638210810342,-0.0496626768479111,98.0,-0.05941952947800726,0.00975685263009616,0.04891965232582185,1.9844674545084815,2.940022266994411,3.0067280723289946,98.0,2.973375169661703,0.03335290266729202,0.1672273287707556,1.9844674545084815,636387533888880.9,863250233059120.4,98.0,749818883474000.6,113431349585119.72,568730757235812.1,1.9844674545084815,8.779987730581,9.306219324766959,98.0,9.04310352767398,0.2631157970929799,1.3192300635469585,1.9844674545084815,2.5626462413536295,2.6806973300534045,98.0,2.621671785703517,0.0590255443498877,0.2959467788856443,1.9844674545084815,99.0,0.8585858585858586,-0.1259429844597625,-0.08770523123802221,98.0,-0.10682410784889236,0.01911887661087015,0.09585968263772343,1.9844674545084815,ExtraTreesRegressor,"{'mode': 'original', 'type': 'ExtraTreesRegressor'}",13,"['nodes_T2W40', 'edges_T2W40', 're_T2W40', 'pe_T2W40', 'l1_T2W40', 'l2_T2W40', 'l3_T2W40', 'lcc_T2W40', 'lsc_T2W40', 'atd_T2W40', 'density_T2W40', 'diameter_T2W40', 'asp_T2W40']",-0.025409616087064008,0.023426047170745163,98.0,-0.0009917844581594215,0.024417831628904586,0.12242798770495482,1.9844674545084815,3.602658868913129,3.693464197771024,98.0,3.6480615333420765,0.04540266442894746,0.22764334388723662,1.9844674545084815,completed,False,COMPLETE
40,2.8087542087542094,2026-06-12 01:22:59.548224,2026-06-12 01:23:01.718831,0 days 00:00:02.170607,,,,,,,,,,,,,,2.8828145009000483,QuantileRegressor,,,,,,10,,,,,,,,True,-0.0009331355682963278,0.00012430831312870661,98.0,-0.0004044136275838106,0.0005287219407125172,0.002650946416563353,1.9844674545084815,2.7849467735529934,2.8325616439554255,98.0,2.8087542087542094,0.02380743520121607,0.11936753551247853,1.9844674545084815,608805169475213.9,816576530769995.1,98.0,712690850122604.5,103885680647390.62,520869953823584.9,1.9844674545084815,8.727991855320967,9.049785922456811,98.0,8.88888888888889,0.16089703356792168,0.8067178260046389,1.9844674545084815,2.2959895660805363,2.491889221798252,98.0,2.393939393939394,0.09794982785885767,0.4911083221088062,1.9844674545084815,99.0,1.0,-0.037483843968863534,-0.033183157484501485,98.0,-0.03533350072668251,0.002150343242181023,0.010781555054361772,1.9844674545084815,QuantileRegressor,"{'mode': 'original', 'type': 'QuantileRegressor'}",10,"['pe_T2W40', 'l1_T2W40', 'l2_T2W40', 'l3_T2W40', 'lcc_T2W40', 'lsc_T2W40', 'atd_T2W40', 'density_T2W40', 'diameter_T2W40', 'asp_T2W40']",,,,,,,,3.4925577655390954,3.575019515589782,98.0,3.5337886405644388,0.04123087502534345,0.20672650779899443,1.9844674545084815,completed,True,COMPLETE
