number,value,datetime_start,datetime_complete,duration,params_dt_max_depth,params_dt_min_samples_leaf,params_dt_min_samples_split,params_elastic_alpha,params_elastic_l1_ratio,params_et_max_depth,params_et_max_features,params_et_min_samples_leaf,params_et_min_samples_split,params_et_n_estimators,params_knn_metric,params_knn_n_neighbors,params_knn_weights,params_quantile_alpha,params_regressor,params_rf_max_depth,params_rf_max_features,params_rf_min_samples_leaf,params_rf_min_samples_split,params_rf_n_estimators,params_rfe_n_features,params_rfe_proxy_et_max_depth,params_rfe_proxy_et_min_samples_leaf,params_rfe_proxy_et_min_samples_split,params_rfe_proxy_et_n_estimators,params_rfe_proxy_lsvr_C,params_rfe_proxy_lsvr_epsilon,params_rfe_proxy_type,params_use_scaler,user_attrs_d2mae_ci_lower_val,user_attrs_d2mae_ci_upper_val,user_attrs_d2mae_df_val,user_attrs_d2mae_mean_val,user_attrs_d2mae_samperror_val,user_attrs_d2mae_std_val,user_attrs_d2mae_t_critical_val,user_attrs_mae_ci_lower_val,user_attrs_mae_ci_upper_val,user_attrs_mae_df_val,user_attrs_mae_mean_val,user_attrs_mae_samperror_val,user_attrs_mae_std_val,user_attrs_mae_t_critical_val,user_attrs_mape_ci_lower_val,user_attrs_mape_ci_upper_val,user_attrs_mape_df_val,user_attrs_mape_mean_val,user_attrs_mape_samperror_val,user_attrs_mape_std_val,user_attrs_mape_t_critical_val,user_attrs_max_error_ci_lower_val,user_attrs_max_error_ci_upper_val,user_attrs_max_error_df_val,user_attrs_max_error_mean_val,user_attrs_max_error_samperror_val,user_attrs_max_error_std_val,user_attrs_max_error_t_critical_val,user_attrs_median_ae_ci_lower_val,user_attrs_median_ae_ci_upper_val,user_attrs_median_ae_df_val,user_attrs_median_ae_mean_val,user_attrs_median_ae_samperror_val,user_attrs_median_ae_std_val,user_attrs_median_ae_t_critical_val,user_attrs_n_splits_val,user_attrs_r2_below_zero_val,user_attrs_r2_ci_lower_val,user_attrs_r2_ci_upper_val,user_attrs_r2_df_val,user_attrs_r2_mean_val,user_attrs_r2_samperror_val,user_attrs_r2_std_val,user_attrs_r2_t_critical_val,user_attrs_regressor_final,user_attrs_rfe_estimator,user_attrs_rfe_n_features,user_attrs_rfe_selected_features,user_attrs_rho_ci_lower_val,user_attrs_rho_ci_upper_val,user_attrs_rho_df_val,user_attrs_rho_mean_val,user_attrs_rho_samperror_val,user_attrs_rho_std_val,user_attrs_rho_t_critical_val,user_attrs_rmse_ci_lower_val,user_attrs_rmse_ci_upper_val,user_attrs_rmse_df_val,user_attrs_rmse_mean_val,user_attrs_rmse_samperror_val,user_attrs_rmse_std_val,user_attrs_rmse_t_critical_val,user_attrs_termination_reason,user_attrs_use_scaler_final,state
164,2.8087542087542094,2026-06-12 01:30:37.001732,2026-06-12 01:30:39.315122,0 days 00:00:02.313390,,,,,,,,,,,,,,5.872529285636562,QuantileRegressor,,,,,,7,,,,,,,,True,-0.0009331355682963278,0.00012430831312870661,98.0,-0.0004044136275838106,0.0005287219407125172,0.002650946416563353,1.9844674545084815,2.7849467735529934,2.8325616439554255,98.0,2.8087542087542094,0.02380743520121607,0.11936753551247853,1.9844674545084815,608805169475213.9,816576530769995.1,98.0,712690850122604.5,103885680647390.62,520869953823584.9,1.9844674545084815,8.727991855320967,9.049785922456811,98.0,8.88888888888889,0.16089703356792168,0.8067178260046389,1.9844674545084815,2.2959895660805363,2.491889221798252,98.0,2.393939393939394,0.09794982785885767,0.4911083221088062,1.9844674545084815,99.0,1.0,-0.037483843968863534,-0.033183157484501485,98.0,-0.03533350072668251,0.002150343242181023,0.010781555054361772,1.9844674545084815,QuantileRegressor,"{'mode': 'original', 'type': 'QuantileRegressor'}",7,"['l3_T2W40', 'lcc_T2W40', 'lsc_T2W40', 'atd_T2W40', 'density_T2W40', 'diameter_T2W40', 'asp_T2W40']",,,,,,,,3.4925577655390954,3.575019515589782,98.0,3.5337886405644388,0.04123087502534345,0.20672650779899443,1.9844674545084815,completed,True,COMPLETE
165,2.8087542087542094,2026-06-12 01:30:39.329246,2026-06-12 01:30:41.681716,0 days 00:00:02.352470,,,,,,,,,,,,,,8.46536081415938,QuantileRegressor,,,,,,12,,,,,,,,False,-0.0009331355682963278,0.00012430831312870661,98.0,-0.0004044136275838106,0.0005287219407125172,0.002650946416563353,1.9844674545084815,2.7849467735529934,2.8325616439554255,98.0,2.8087542087542094,0.02380743520121607,0.11936753551247853,1.9844674545084815,608805169475213.9,816576530769995.1,98.0,712690850122604.5,103885680647390.62,520869953823584.9,1.9844674545084815,8.727991855320967,9.049785922456811,98.0,8.88888888888889,0.16089703356792168,0.8067178260046389,1.9844674545084815,2.2959895660805363,2.491889221798252,98.0,2.393939393939394,0.09794982785885767,0.4911083221088062,1.9844674545084815,99.0,1.0,-0.037483843968863534,-0.033183157484501485,98.0,-0.03533350072668251,0.002150343242181023,0.010781555054361772,1.9844674545084815,QuantileRegressor,"{'mode': 'original', 'type': 'QuantileRegressor'}",12,"['edges_T2W40', 're_T2W40', 'pe_T2W40', 'l1_T2W40', 'l2_T2W40', 'l3_T2W40', 'lcc_T2W40', 'lsc_T2W40', 'atd_T2W40', 'density_T2W40', 'diameter_T2W40', 'asp_T2W40']",,,,,,,,3.4925577655390954,3.575019515589782,98.0,3.5337886405644388,0.04123087502534345,0.20672650779899443,1.9844674545084815,completed,False,COMPLETE
166,3.0376706909475537,2026-06-12 01:30:41.694207,2026-06-12 01:30:43.358228,0 days 00:00:01.664021,,,,,,,,,,,,,,,LinearRegression,,,,,,11,,,,,,,,False,-0.09518197127754521,-0.0689300162937587,98.0,-0.08205599378565195,0.013125977491893264,0.06581202767778745,1.9844674545084815,2.9935499967151675,3.08179138517994,98.0,3.0376706909475537,0.04412069423238639,0.22121570388021367,1.9844674545084815,686328459277191.5,919965340720271.8,98.0,803146899998731.6,116818440721540.17,585713213266607.9,1.9844674545084815,9.325982112692037,10.416987480256667,98.0,9.871484796474352,0.5455026837823144,2.735082986814628,1.9844674545084815,2.440038483144678,2.5347079506921477,98.0,2.487373216918413,0.04733473377373478,0.23733050061694144,1.9844674545084815,99.0,0.8686868686868687,-0.23955571618160554,-0.14621698026772234,98.0,-0.19288634822466394,0.04666936795694159,0.2339944387062996,1.9844674545084815,LinearRegression,"{'mode': 'original', 'type': 'LinearRegression'}",11,"['nodes_T2W40', 'edges_T2W40', 're_T2W40', 'pe_T2W40', 'l1_T2W40', 'l2_T2W40', 'lcc_T2W40', 'lsc_T2W40', 'atd_T2W40', 'density_T2W40', 'asp_T2W40']",-0.041550174694409255,0.010915564764320677,98.0,-0.01531730496504429,0.026232869729364967,0.13152836425043585,1.9844674545084815,3.6963877060459898,3.855787232303515,98.0,3.7760874691747524,0.07969976312876272,0.3996047547836133,1.9844674545084815,completed,False,COMPLETE
167,2.8087542087542094,2026-06-12 01:30:43.370871,2026-06-12 01:30:45.541843,0 days 00:00:02.170972,,,,,,,,,,,,,,4.108196708256391,QuantileRegressor,,,,,,9,,,,,,,,False,-0.0009331355682963278,0.00012430831312870661,98.0,-0.0004044136275838106,0.0005287219407125172,0.002650946416563353,1.9844674545084815,2.7849467735529934,2.8325616439554255,98.0,2.8087542087542094,0.02380743520121607,0.11936753551247853,1.9844674545084815,608805169475213.9,816576530769995.1,98.0,712690850122604.5,103885680647390.62,520869953823584.9,1.9844674545084815,8.727991855320967,9.049785922456811,98.0,8.88888888888889,0.16089703356792168,0.8067178260046389,1.9844674545084815,2.2959895660805363,2.491889221798252,98.0,2.393939393939394,0.09794982785885767,0.4911083221088062,1.9844674545084815,99.0,1.0,-0.037483843968863534,-0.033183157484501485,98.0,-0.03533350072668251,0.002150343242181023,0.010781555054361772,1.9844674545084815,QuantileRegressor,"{'mode': 'original', 'type': 'QuantileRegressor'}",9,"['l1_T2W40', 'l2_T2W40', 'l3_T2W40', 'lcc_T2W40', 'lsc_T2W40', 'atd_T2W40', 'density_T2W40', 'diameter_T2W40', 'asp_T2W40']",,,,,,,,3.4925577655390954,3.575019515589782,98.0,3.5337886405644388,0.04123087502534345,0.20672650779899443,1.9844674545084815,completed,False,COMPLETE
168,2.8087542087542094,2026-06-12 01:30:45.555559,2026-06-12 01:30:47.999487,0 days 00:00:02.443928,,,,,,,,,,,,,,0.7952396701888313,QuantileRegressor,,,,,,5,,,,,,,,False,-0.0009331355682963278,0.00012430831312870661,98.0,-0.0004044136275838106,0.0005287219407125172,0.002650946416563353,1.9844674545084815,2.7849467735529934,2.8325616439554255,98.0,2.8087542087542094,0.02380743520121607,0.11936753551247853,1.9844674545084815,608805169475213.9,816576530769995.1,98.0,712690850122604.5,103885680647390.62,520869953823584.9,1.9844674545084815,8.727991855320967,9.049785922456811,98.0,8.88888888888889,0.16089703356792168,0.8067178260046389,1.9844674545084815,2.2959895660805363,2.491889221798252,98.0,2.393939393939394,0.09794982785885767,0.4911083221088062,1.9844674545084815,99.0,1.0,-0.037483843968863534,-0.033183157484501485,98.0,-0.03533350072668251,0.002150343242181023,0.010781555054361772,1.9844674545084815,QuantileRegressor,"{'mode': 'original', 'type': 'QuantileRegressor'}",5,"['lsc_T2W40', 'atd_T2W40', 'density_T2W40', 'diameter_T2W40', 'asp_T2W40']",,,,,,,,3.4925577655390954,3.575019515589782,98.0,3.5337886405644388,0.04123087502534345,0.20672650779899443,1.9844674545084815,completed,False,COMPLETE
169,2.8936589977302996,2026-06-12 01:30:48.013931,2026-06-12 01:31:06.217930,0 days 00:00:18.203999,,,,,,,,,,,,,,,RandomForestRegressor,15.0,log2,2.0,10.0,204.0,10,,,,,,,,True,-0.03948073761962764,-0.022239346193056807,98.0,-0.030860041906342225,0.00862069571328542,0.043223102068773306,1.9844674545084815,2.861461700800658,2.925856294659941,98.0,2.8936589977302996,0.03219729692964142,0.16143326453151385,1.9844674545084815,628037018279424.0,852043881193644.2,98.0,740040449736534.1,112003431457110.06,561571352351854.0,1.9844674545084815,8.488185279039575,8.97284447721776,98.0,8.730514878128668,0.24232959908909213,1.2150106376647558,1.9844674545084815,2.497822492176896,2.6134316091687344,98.0,2.555627050672815,0.05780455849591927,0.2898249068296252,1.9844674545084815,99.0,0.7373737373737373,-0.07284440974541975,-0.03916909716604743,98.0,-0.056006753455733596,0.016837656289686163,0.0844219260965733,1.9844674545084815,RandomForestRegressor,"{'mode': 'original', 'type': 'RandomForestRegressor'}",10,"['nodes_T2W40', 're_T2W40', 'pe_T2W40', 'l1_T2W40', 'l2_T2W40', 'l3_T2W40', 'lcc_T2W40', 'lsc_T2W40', 'density_T2W40', 'asp_T2W40']",0.03490205690734027,0.08430932863150474,98.0,0.05960569276942251,0.024703635862082237,0.1238609747808456,1.9844674545084815,3.519729033105606,3.6089734098637365,98.0,3.5643512214846713,0.044622188379065036,0.2237301335051195,1.9844674545084815,completed,True,COMPLETE
170,2.8087542087542094,2026-06-12 01:31:06.256141,2026-06-12 01:31:08.462133,0 days 00:00:02.205992,,,,,,,,,,,,,,2.236784083740534,QuantileRegressor,,,,,,7,,,,,,,,False,-0.0009331355682963278,0.00012430831312870661,98.0,-0.0004044136275838106,0.0005287219407125172,0.002650946416563353,1.9844674545084815,2.7849467735529934,2.8325616439554255,98.0,2.8087542087542094,0.02380743520121607,0.11936753551247853,1.9844674545084815,608805169475213.9,816576530769995.1,98.0,712690850122604.5,103885680647390.62,520869953823584.9,1.9844674545084815,8.727991855320967,9.049785922456811,98.0,8.88888888888889,0.16089703356792168,0.8067178260046389,1.9844674545084815,2.2959895660805363,2.491889221798252,98.0,2.393939393939394,0.09794982785885767,0.4911083221088062,1.9844674545084815,99.0,1.0,-0.037483843968863534,-0.033183157484501485,98.0,-0.03533350072668251,0.002150343242181023,0.010781555054361772,1.9844674545084815,QuantileRegressor,"{'mode': 'original', 'type': 'QuantileRegressor'}",7,"['l3_T2W40', 'lcc_T2W40', 'lsc_T2W40', 'atd_T2W40', 'density_T2W40', 'diameter_T2W40', 'asp_T2W40']",,,,,,,,3.4925577655390954,3.575019515589782,98.0,3.5337886405644388,0.04123087502534345,0.20672650779899443,1.9844674545084815,completed,False,COMPLETE
171,2.8087542087542094,2026-06-12 01:31:08.474847,2026-06-12 01:31:10.647810,0 days 00:00:02.172963,,,,,,,,,,,,,,1.4470483723590055,QuantileRegressor,,,,,,8,,,,,,,,False,-0.0009331355682963278,0.00012430831312870661,98.0,-0.0004044136275838106,0.0005287219407125172,0.002650946416563353,1.9844674545084815,2.7849467735529934,2.8325616439554255,98.0,2.8087542087542094,0.02380743520121607,0.11936753551247853,1.9844674545084815,608805169475213.9,816576530769995.1,98.0,712690850122604.5,103885680647390.62,520869953823584.9,1.9844674545084815,8.727991855320967,9.049785922456811,98.0,8.88888888888889,0.16089703356792168,0.8067178260046389,1.9844674545084815,2.2959895660805363,2.491889221798252,98.0,2.393939393939394,0.09794982785885767,0.4911083221088062,1.9844674545084815,99.0,1.0,-0.037483843968863534,-0.033183157484501485,98.0,-0.03533350072668251,0.002150343242181023,0.010781555054361772,1.9844674545084815,QuantileRegressor,"{'mode': 'original', 'type': 'QuantileRegressor'}",8,"['l2_T2W40', 'l3_T2W40', 'lcc_T2W40', 'lsc_T2W40', 'atd_T2W40', 'density_T2W40', 'diameter_T2W40', 'asp_T2W40']",,,,,,,,3.4925577655390954,3.575019515589782,98.0,3.5337886405644388,0.04123087502534345,0.20672650779899443,1.9844674545084815,completed,False,COMPLETE
172,2.8087542087542094,2026-06-12 01:31:10.660681,2026-06-12 01:31:12.813218,0 days 00:00:02.152537,,,,,,,,,,,,,,1.0199823512935813,QuantileRegressor,,,,,,8,,,,,,,,False,-0.0009331355682963278,0.00012430831312870661,98.0,-0.0004044136275838106,0.0005287219407125172,0.002650946416563353,1.9844674545084815,2.7849467735529934,2.8325616439554255,98.0,2.8087542087542094,0.02380743520121607,0.11936753551247853,1.9844674545084815,608805169475213.9,816576530769995.1,98.0,712690850122604.5,103885680647390.62,520869953823584.9,1.9844674545084815,8.727991855320967,9.049785922456811,98.0,8.88888888888889,0.16089703356792168,0.8067178260046389,1.9844674545084815,2.2959895660805363,2.491889221798252,98.0,2.393939393939394,0.09794982785885767,0.4911083221088062,1.9844674545084815,99.0,1.0,-0.037483843968863534,-0.033183157484501485,98.0,-0.03533350072668251,0.002150343242181023,0.010781555054361772,1.9844674545084815,QuantileRegressor,"{'mode': 'original', 'type': 'QuantileRegressor'}",8,"['l2_T2W40', 'l3_T2W40', 'lcc_T2W40', 'lsc_T2W40', 'atd_T2W40', 'density_T2W40', 'diameter_T2W40', 'asp_T2W40']",,,,,,,,3.4925577655390954,3.575019515589782,98.0,3.5337886405644388,0.04123087502534345,0.20672650779899443,1.9844674545084815,completed,False,COMPLETE
173,2.8087542087542094,2026-06-12 01:31:12.825380,2026-06-12 01:31:14.944626,0 days 00:00:02.119246,,,,,,,,,,,,,,1.6608283607003151,QuantileRegressor,,,,,,8,,,,,,,,False,-0.0009331355682963278,0.00012430831312870661,98.0,-0.0004044136275838106,0.0005287219407125172,0.002650946416563353,1.9844674545084815,2.7849467735529934,2.8325616439554255,98.0,2.8087542087542094,0.02380743520121607,0.11936753551247853,1.9844674545084815,608805169475213.9,816576530769995.1,98.0,712690850122604.5,103885680647390.62,520869953823584.9,1.9844674545084815,8.727991855320967,9.049785922456811,98.0,8.88888888888889,0.16089703356792168,0.8067178260046389,1.9844674545084815,2.2959895660805363,2.491889221798252,98.0,2.393939393939394,0.09794982785885767,0.4911083221088062,1.9844674545084815,99.0,1.0,-0.037483843968863534,-0.033183157484501485,98.0,-0.03533350072668251,0.002150343242181023,0.010781555054361772,1.9844674545084815,QuantileRegressor,"{'mode': 'original', 'type': 'QuantileRegressor'}",8,"['l2_T2W40', 'l3_T2W40', 'lcc_T2W40', 'lsc_T2W40', 'atd_T2W40', 'density_T2W40', 'diameter_T2W40', 'asp_T2W40']",,,,,,,,3.4925577655390954,3.575019515589782,98.0,3.5337886405644388,0.04123087502534345,0.20672650779899443,1.9844674545084815,completed,False,COMPLETE
174,2.8087542087542094,2026-06-12 01:31:14.958592,2026-06-12 01:31:17.147931,0 days 00:00:02.189339,,,,,,,,,,,,,,0.4535325263967116,QuantileRegressor,,,,,,7,,,,,,,,False,-0.0009331355682963278,0.00012430831312870661,98.0,-0.0004044136275838106,0.0005287219407125172,0.002650946416563353,1.9844674545084815,2.7849467735529934,2.8325616439554255,98.0,2.8087542087542094,0.02380743520121607,0.11936753551247853,1.9844674545084815,608805169475213.9,816576530769995.1,98.0,712690850122604.5,103885680647390.62,520869953823584.9,1.9844674545084815,8.727991855320967,9.049785922456811,98.0,8.88888888888889,0.16089703356792168,0.8067178260046389,1.9844674545084815,2.2959895660805363,2.491889221798252,98.0,2.393939393939394,0.09794982785885767,0.4911083221088062,1.9844674545084815,99.0,1.0,-0.037483843968863534,-0.033183157484501485,98.0,-0.03533350072668251,0.002150343242181023,0.010781555054361772,1.9844674545084815,QuantileRegressor,"{'mode': 'original', 'type': 'QuantileRegressor'}",7,"['l3_T2W40', 'lcc_T2W40', 'lsc_T2W40', 'atd_T2W40', 'density_T2W40', 'diameter_T2W40', 'asp_T2W40']",,,,,,,,3.4925577655390954,3.575019515589782,98.0,3.5337886405644388,0.04123087502534345,0.20672650779899443,1.9844674545084815,completed,False,COMPLETE
175,2.8087542087542094,2026-06-12 01:31:17.165429,2026-06-12 01:31:19.135526,0 days 00:00:01.970097,,,,,,,,,,,,,,6.085959960213893,QuantileRegressor,,,,,,5,,,,,,,,False,-0.0009331355682963278,0.00012430831312870661,98.0,-0.0004044136275838106,0.0005287219407125172,0.002650946416563353,1.9844674545084815,2.7849467735529934,2.8325616439554255,98.0,2.8087542087542094,0.02380743520121607,0.11936753551247853,1.9844674545084815,608805169475213.9,816576530769995.1,98.0,712690850122604.5,103885680647390.62,520869953823584.9,1.9844674545084815,8.727991855320967,9.049785922456811,98.0,8.88888888888889,0.16089703356792168,0.8067178260046389,1.9844674545084815,2.2959895660805363,2.491889221798252,98.0,2.393939393939394,0.09794982785885767,0.4911083221088062,1.9844674545084815,99.0,1.0,-0.037483843968863534,-0.033183157484501485,98.0,-0.03533350072668251,0.002150343242181023,0.010781555054361772,1.9844674545084815,QuantileRegressor,"{'mode': 'original', 'type': 'QuantileRegressor'}",5,"['lsc_T2W40', 'atd_T2W40', 'density_T2W40', 'diameter_T2W40', 'asp_T2W40']",,,,,,,,3.4925577655390954,3.575019515589782,98.0,3.5337886405644388,0.04123087502534345,0.20672650779899443,1.9844674545084815,completed,False,COMPLETE
176,2.8087542087542094,2026-06-12 01:31:19.148107,2026-06-12 01:31:21.232346,0 days 00:00:02.084239,,,,,,,,,,,,,,3.390419357663996,QuantileRegressor,,,,,,9,,,,,,,,False,-0.0009331355682963278,0.00012430831312870661,98.0,-0.0004044136275838106,0.0005287219407125172,0.002650946416563353,1.9844674545084815,2.7849467735529934,2.8325616439554255,98.0,2.8087542087542094,0.02380743520121607,0.11936753551247853,1.9844674545084815,608805169475213.9,816576530769995.1,98.0,712690850122604.5,103885680647390.62,520869953823584.9,1.9844674545084815,8.727991855320967,9.049785922456811,98.0,8.88888888888889,0.16089703356792168,0.8067178260046389,1.9844674545084815,2.2959895660805363,2.491889221798252,98.0,2.393939393939394,0.09794982785885767,0.4911083221088062,1.9844674545084815,99.0,1.0,-0.037483843968863534,-0.033183157484501485,98.0,-0.03533350072668251,0.002150343242181023,0.010781555054361772,1.9844674545084815,QuantileRegressor,"{'mode': 'original', 'type': 'QuantileRegressor'}",9,"['l1_T2W40', 'l2_T2W40', 'l3_T2W40', 'lcc_T2W40', 'lsc_T2W40', 'atd_T2W40', 'density_T2W40', 'diameter_T2W40', 'asp_T2W40']",,,,,,,,3.4925577655390954,3.575019515589782,98.0,3.5337886405644388,0.04123087502534345,0.20672650779899443,1.9844674545084815,completed,False,COMPLETE
177,2.8087542087542094,2026-06-12 01:31:21.244546,2026-06-12 01:31:23.344461,0 days 00:00:02.099915,,,,,,,,,,,,,,8.098335046455178,QuantileRegressor,,,,,,6,,,,,,,,False,-0.0009331355682963278,0.00012430831312870661,98.0,-0.0004044136275838106,0.0005287219407125172,0.002650946416563353,1.9844674545084815,2.7849467735529934,2.8325616439554255,98.0,2.8087542087542094,0.02380743520121607,0.11936753551247853,1.9844674545084815,608805169475213.9,816576530769995.1,98.0,712690850122604.5,103885680647390.62,520869953823584.9,1.9844674545084815,8.727991855320967,9.049785922456811,98.0,8.88888888888889,0.16089703356792168,0.8067178260046389,1.9844674545084815,2.2959895660805363,2.491889221798252,98.0,2.393939393939394,0.09794982785885767,0.4911083221088062,1.9844674545084815,99.0,1.0,-0.037483843968863534,-0.033183157484501485,98.0,-0.03533350072668251,0.002150343242181023,0.010781555054361772,1.9844674545084815,QuantileRegressor,"{'mode': 'original', 'type': 'QuantileRegressor'}",6,"['lcc_T2W40', 'lsc_T2W40', 'atd_T2W40', 'density_T2W40', 'diameter_T2W40', 'asp_T2W40']",,,,,,,,3.4925577655390954,3.575019515589782,98.0,3.5337886405644388,0.04123087502534345,0.20672650779899443,1.9844674545084815,completed,False,COMPLETE
178,2.9012299842079248,2026-06-12 01:31:23.357331,2026-06-12 01:31:45.666459,0 days 00:00:22.309128,,,,,,15.0,log2,2.0,4.0,395.0,,,,,ExtraTreesRegressor,,,,,,4,,,,,,,,False,-0.04017826855236984,-0.026764739333369182,98.0,-0.03347150394286951,0.006706764609500328,0.033626888236052914,1.9844674545084815,2.87182513884439,2.9306348295714595,98.0,2.9012299842079248,0.02940484536353454,0.14743225775917942,1.9844674545084815,684650119319864.8,924227711133690.2,98.0,804438915226777.5,119788795906912.73,600606206782201.8,1.9844674545084815,8.359254962271798,8.80414512171265,98.0,8.581700041992224,0.22244507972042563,1.1153121169368017,1.9844674545084815,2.5101040584636993,2.6102085349664033,98.0,2.5601562967150513,0.05005223825135176,0.25095573195730414,1.9844674545084815,99.0,0.7474747474747475,-0.05805994960761154,-0.03317252860132846,98.0,-0.04561623910447,0.01244371050314154,0.062391225381341286,1.9844674545084815,ExtraTreesRegressor,"{'mode': 'original', 'type': 'ExtraTreesRegressor'}",4,"['re_T2W40', 'pe_T2W40', 'l1_T2W40', 'density_T2W40']",-0.020047067862038026,0.03030499092569946,98.0,0.005128961531830717,0.025176029393868742,0.12622949752194754,1.9844674545084815,3.5063664877744007,3.590660099401527,98.0,3.548513293587964,0.042146805813563365,0.2113188714856224,1.9844674545084815,completed,False,COMPLETE
