number,value,datetime_start,datetime_complete,duration,params_dt_max_depth,params_dt_min_samples_leaf,params_dt_min_samples_split,params_elastic_alpha,params_elastic_l1_ratio,params_et_max_depth,params_et_max_features,params_et_min_samples_leaf,params_et_min_samples_split,params_et_n_estimators,params_knn_metric,params_knn_n_neighbors,params_knn_weights,params_quantile_alpha,params_regressor,params_rf_max_depth,params_rf_max_features,params_rf_min_samples_leaf,params_rf_min_samples_split,params_rf_n_estimators,params_rfe_n_features,params_rfe_proxy_et_max_depth,params_rfe_proxy_et_min_samples_leaf,params_rfe_proxy_et_min_samples_split,params_rfe_proxy_et_n_estimators,params_rfe_proxy_lsvr_C,params_rfe_proxy_lsvr_epsilon,params_rfe_proxy_type,params_use_scaler,user_attrs_d2mae_ci_lower_val,user_attrs_d2mae_ci_upper_val,user_attrs_d2mae_df_val,user_attrs_d2mae_mean_val,user_attrs_d2mae_samperror_val,user_attrs_d2mae_std_val,user_attrs_d2mae_t_critical_val,user_attrs_mae_ci_lower_val,user_attrs_mae_ci_upper_val,user_attrs_mae_df_val,user_attrs_mae_mean_val,user_attrs_mae_samperror_val,user_attrs_mae_std_val,user_attrs_mae_t_critical_val,user_attrs_mape_ci_lower_val,user_attrs_mape_ci_upper_val,user_attrs_mape_df_val,user_attrs_mape_mean_val,user_attrs_mape_samperror_val,user_attrs_mape_std_val,user_attrs_mape_t_critical_val,user_attrs_max_error_ci_lower_val,user_attrs_max_error_ci_upper_val,user_attrs_max_error_df_val,user_attrs_max_error_mean_val,user_attrs_max_error_samperror_val,user_attrs_max_error_std_val,user_attrs_max_error_t_critical_val,user_attrs_median_ae_ci_lower_val,user_attrs_median_ae_ci_upper_val,user_attrs_median_ae_df_val,user_attrs_median_ae_mean_val,user_attrs_median_ae_samperror_val,user_attrs_median_ae_std_val,user_attrs_median_ae_t_critical_val,user_attrs_n_splits_val,user_attrs_r2_below_zero_val,user_attrs_r2_ci_lower_val,user_attrs_r2_ci_upper_val,user_attrs_r2_df_val,user_attrs_r2_mean_val,user_attrs_r2_samperror_val,user_attrs_r2_std_val,user_attrs_r2_t_critical_val,user_attrs_regressor_final,user_attrs_rfe_estimator,user_attrs_rfe_n_features,user_attrs_rfe_selected_features,user_attrs_rho_ci_lower_val,user_attrs_rho_ci_upper_val,user_attrs_rho_df_val,user_attrs_rho_mean_val,user_attrs_rho_samperror_val,user_attrs_rho_std_val,user_attrs_rho_t_critical_val,user_attrs_rmse_ci_lower_val,user_attrs_rmse_ci_upper_val,user_attrs_rmse_df_val,user_attrs_rmse_mean_val,user_attrs_rmse_samperror_val,user_attrs_rmse_std_val,user_attrs_rmse_t_critical_val,user_attrs_termination_reason,user_attrs_use_scaler_final,state
299,2.9380334792605787,2026-06-12 01:39:41.419378,2026-06-12 01:39:43.391773,0 days 00:00:01.972395,,,,0.0015035717720230822,0.5882632676233213,,,,,,,,,,ElasticNet,,,,,,7,,,,,,,,False,-0.057144119730370105,-0.03639591327697503,98.0,-0.046770016503672567,0.010374103226697538,0.05201447047347979,1.9844674545084815,2.9025809874736512,2.973485971047506,98.0,2.9380334792605787,0.03545249178692725,0.17775440893211925,1.9844674545084815,670170671233762.0,899887027983008.0,98.0,785028849608385.0,114858178374623.02,575884700311232.6,1.9844674545084815,8.696208796814627,9.434817612263544,98.0,9.065513204539085,0.36930440772445855,1.8516466234763678,1.9844674545084815,2.3625789956397973,2.4574260966579438,98.0,2.4100025461488706,0.0474235505090734,0.2377758167427664,1.9844674545084815,99.0,0.7272727272727273,-0.11893693890560433,-0.057206612690270636,98.0,-0.08807177579793748,0.03086516310766685,0.15475411031107933,1.9844674545084815,ElasticNet,"{'mode': 'original', 'type': 'ElasticNet'}",7,"['nodes_T2W40', 're_T2W40', 'pe_T2W40', 'l2_T2W40', 'lcc_T2W40', 'atd_T2W40', 'asp_T2W40']",0.01437173739799142,0.067098708709803,98.0,0.04073522305389721,0.026363485655905787,0.13218325635107928,1.9844674545084815,3.5526769988124345,3.672623748384872,98.0,3.6126503735986533,0.05997337478621883,0.3006990834624424,1.9844674545084815,completed,False,COMPLETE
