number,value,datetime_start,datetime_complete,duration,params_dt_max_depth,params_dt_min_samples_leaf,params_dt_min_samples_split,params_elastic_alpha,params_elastic_l1_ratio,params_et_max_depth,params_et_max_features,params_et_min_samples_leaf,params_et_min_samples_split,params_et_n_estimators,params_knn_metric,params_knn_n_neighbors,params_knn_weights,params_quantile_alpha,params_regressor,params_rf_max_depth,params_rf_max_features,params_rf_min_samples_leaf,params_rf_min_samples_split,params_rf_n_estimators,params_rfe_n_features,params_rfe_proxy_et_max_depth,params_rfe_proxy_et_min_samples_leaf,params_rfe_proxy_et_min_samples_split,params_rfe_proxy_et_n_estimators,params_rfe_proxy_lsvr_C,params_rfe_proxy_lsvr_epsilon,params_rfe_proxy_type,params_use_scaler,user_attrs_d2mae_ci_lower_val,user_attrs_d2mae_ci_upper_val,user_attrs_d2mae_df_val,user_attrs_d2mae_mean_val,user_attrs_d2mae_samperror_val,user_attrs_d2mae_std_val,user_attrs_d2mae_t_critical_val,user_attrs_mae_ci_lower_val,user_attrs_mae_ci_upper_val,user_attrs_mae_df_val,user_attrs_mae_mean_val,user_attrs_mae_samperror_val,user_attrs_mae_std_val,user_attrs_mae_t_critical_val,user_attrs_mape_ci_lower_val,user_attrs_mape_ci_upper_val,user_attrs_mape_df_val,user_attrs_mape_mean_val,user_attrs_mape_samperror_val,user_attrs_mape_std_val,user_attrs_mape_t_critical_val,user_attrs_max_error_ci_lower_val,user_attrs_max_error_ci_upper_val,user_attrs_max_error_df_val,user_attrs_max_error_mean_val,user_attrs_max_error_samperror_val,user_attrs_max_error_std_val,user_attrs_max_error_t_critical_val,user_attrs_median_ae_ci_lower_val,user_attrs_median_ae_ci_upper_val,user_attrs_median_ae_df_val,user_attrs_median_ae_mean_val,user_attrs_median_ae_samperror_val,user_attrs_median_ae_std_val,user_attrs_median_ae_t_critical_val,user_attrs_n_splits_val,user_attrs_r2_below_zero_val,user_attrs_r2_ci_lower_val,user_attrs_r2_ci_upper_val,user_attrs_r2_df_val,user_attrs_r2_mean_val,user_attrs_r2_samperror_val,user_attrs_r2_std_val,user_attrs_r2_t_critical_val,user_attrs_regressor_final,user_attrs_rfe_estimator,user_attrs_rfe_n_features,user_attrs_rfe_selected_features,user_attrs_rho_ci_lower_val,user_attrs_rho_ci_upper_val,user_attrs_rho_df_val,user_attrs_rho_mean_val,user_attrs_rho_samperror_val,user_attrs_rho_std_val,user_attrs_rho_t_critical_val,user_attrs_rmse_ci_lower_val,user_attrs_rmse_ci_upper_val,user_attrs_rmse_df_val,user_attrs_rmse_mean_val,user_attrs_rmse_samperror_val,user_attrs_rmse_std_val,user_attrs_rmse_t_critical_val,user_attrs_termination_reason,user_attrs_use_scaler_final,state
41,2.8087542087542094,2026-06-12 01:23:01.730928,2026-06-12 01:23:03.793978,0 days 00:00:02.063050,,,,,,,,,,,,,,1.91586447344442,QuantileRegressor,,,,,,8,,,,,,,,False,-0.0009331355682963278,0.00012430831312870661,98.0,-0.0004044136275838106,0.0005287219407125172,0.002650946416563353,1.9844674545084815,2.7849467735529934,2.8325616439554255,98.0,2.8087542087542094,0.02380743520121607,0.11936753551247853,1.9844674545084815,608805169475213.9,816576530769995.1,98.0,712690850122604.5,103885680647390.62,520869953823584.9,1.9844674545084815,8.727991855320967,9.049785922456811,98.0,8.88888888888889,0.16089703356792168,0.8067178260046389,1.9844674545084815,2.2959895660805363,2.491889221798252,98.0,2.393939393939394,0.09794982785885767,0.4911083221088062,1.9844674545084815,99.0,1.0,-0.037483843968863534,-0.033183157484501485,98.0,-0.03533350072668251,0.002150343242181023,0.010781555054361772,1.9844674545084815,QuantileRegressor,"{'mode': 'original', 'type': 'QuantileRegressor'}",8,"['l2_T2W40', 'l3_T2W40', 'lcc_T2W40', 'lsc_T2W40', 'atd_T2W40', 'density_T2W40', 'diameter_T2W40', 'asp_T2W40']",,,,,,,,3.4925577655390954,3.575019515589782,98.0,3.5337886405644388,0.04123087502534345,0.20672650779899443,1.9844674545084815,completed,False,COMPLETE
42,2.8087542087542094,2026-06-12 01:23:03.806162,2026-06-12 01:23:05.921171,0 days 00:00:02.115009,,,,,,,,,,,,,,9.826163478636927,QuantileRegressor,,,,,,8,,,,,,,,False,-0.0009331355682963278,0.00012430831312870661,98.0,-0.0004044136275838106,0.0005287219407125172,0.002650946416563353,1.9844674545084815,2.7849467735529934,2.8325616439554255,98.0,2.8087542087542094,0.02380743520121607,0.11936753551247853,1.9844674545084815,608805169475213.9,816576530769995.1,98.0,712690850122604.5,103885680647390.62,520869953823584.9,1.9844674545084815,8.727991855320967,9.049785922456811,98.0,8.88888888888889,0.16089703356792168,0.8067178260046389,1.9844674545084815,2.2959895660805363,2.491889221798252,98.0,2.393939393939394,0.09794982785885767,0.4911083221088062,1.9844674545084815,99.0,1.0,-0.037483843968863534,-0.033183157484501485,98.0,-0.03533350072668251,0.002150343242181023,0.010781555054361772,1.9844674545084815,QuantileRegressor,"{'mode': 'original', 'type': 'QuantileRegressor'}",8,"['l2_T2W40', 'l3_T2W40', 'lcc_T2W40', 'lsc_T2W40', 'atd_T2W40', 'density_T2W40', 'diameter_T2W40', 'asp_T2W40']",,,,,,,,3.4925577655390954,3.575019515589782,98.0,3.5337886405644388,0.04123087502534345,0.20672650779899443,1.9844674545084815,completed,False,COMPLETE
43,2.8087542087542094,2026-06-12 01:23:05.935103,2026-06-12 01:23:08.144401,0 days 00:00:02.209298,,,,,,,,,,,,,,0.9148123318887017,QuantileRegressor,,,,,,9,,,,,,,,False,-0.0009331355682963278,0.00012430831312870661,98.0,-0.0004044136275838106,0.0005287219407125172,0.002650946416563353,1.9844674545084815,2.7849467735529934,2.8325616439554255,98.0,2.8087542087542094,0.02380743520121607,0.11936753551247853,1.9844674545084815,608805169475213.9,816576530769995.1,98.0,712690850122604.5,103885680647390.62,520869953823584.9,1.9844674545084815,8.727991855320967,9.049785922456811,98.0,8.88888888888889,0.16089703356792168,0.8067178260046389,1.9844674545084815,2.2959895660805363,2.491889221798252,98.0,2.393939393939394,0.09794982785885767,0.4911083221088062,1.9844674545084815,99.0,1.0,-0.037483843968863534,-0.033183157484501485,98.0,-0.03533350072668251,0.002150343242181023,0.010781555054361772,1.9844674545084815,QuantileRegressor,"{'mode': 'original', 'type': 'QuantileRegressor'}",9,"['l1_T2W40', 'l2_T2W40', 'l3_T2W40', 'lcc_T2W40', 'lsc_T2W40', 'atd_T2W40', 'density_T2W40', 'diameter_T2W40', 'asp_T2W40']",,,,,,,,3.4925577655390954,3.575019515589782,98.0,3.5337886405644388,0.04123087502534345,0.20672650779899443,1.9844674545084815,completed,False,COMPLETE
44,2.8087542087542094,2026-06-12 01:23:08.157040,2026-06-12 01:23:10.531084,0 days 00:00:02.374044,,,,,,,,,,,,,,3.206526793907659,QuantileRegressor,,,,,,7,,,,,,,,False,-0.0009331355682963278,0.00012430831312870661,98.0,-0.0004044136275838106,0.0005287219407125172,0.002650946416563353,1.9844674545084815,2.7849467735529934,2.8325616439554255,98.0,2.8087542087542094,0.02380743520121607,0.11936753551247853,1.9844674545084815,608805169475213.9,816576530769995.1,98.0,712690850122604.5,103885680647390.62,520869953823584.9,1.9844674545084815,8.727991855320967,9.049785922456811,98.0,8.88888888888889,0.16089703356792168,0.8067178260046389,1.9844674545084815,2.2959895660805363,2.491889221798252,98.0,2.393939393939394,0.09794982785885767,0.4911083221088062,1.9844674545084815,99.0,1.0,-0.037483843968863534,-0.033183157484501485,98.0,-0.03533350072668251,0.002150343242181023,0.010781555054361772,1.9844674545084815,QuantileRegressor,"{'mode': 'original', 'type': 'QuantileRegressor'}",7,"['l3_T2W40', 'lcc_T2W40', 'lsc_T2W40', 'atd_T2W40', 'density_T2W40', 'diameter_T2W40', 'asp_T2W40']",,,,,,,,3.4925577655390954,3.575019515589782,98.0,3.5337886405644388,0.04123087502534345,0.20672650779899443,1.9844674545084815,completed,False,COMPLETE
45,2.9718845333968127,2026-06-12 01:23:10.544015,2026-06-12 01:23:12.296304,0 days 00:00:01.752289,2.0,1.0,17.0,,,,,,,,,,,,DecisionTreeRegressor,,,,,,6,,,,,,,,False,-0.06988468953669269,-0.04731263423058326,98.0,-0.05859866188363797,0.011286027653054712,0.05658674675724874,1.9844674545084815,2.932546516853833,3.0112225499397924,98.0,2.9718845333968127,0.03933801654297976,0.19723594948374581,1.9844674545084815,657233762104065.4,881603945515326.6,98.0,769418853809696.0,112185091705630.6,562482174369564.3,1.9844674545084815,9.023618047525208,9.521008604380292,98.0,9.27231332595275,0.2486952784275418,1.2469273665383738,1.9844674545084815,2.536953293604538,2.667488577177559,98.0,2.6022209353910486,0.06526764178651061,0.3272438833885425,1.9844674545084815,99.0,0.8787878787878788,-0.15814031262522787,-0.1076181653445621,98.0,-0.13287923898489498,0.025261073640332882,0.12665589885515044,1.9844674545084815,DecisionTreeRegressor,"{'mode': 'original', 'type': 'DecisionTreeRegressor'}",6,"['pe_T2W40', 'l1_T2W40', 'l3_T2W40', 'density_T2W40', 'diameter_T2W40', 'asp_T2W40']",-0.011353718999490024,0.046155304261479076,96.0,0.017400792630994526,0.02875451163048455,0.14267069747847255,1.984984311522457,3.636843036702843,3.7400937074088874,98.0,3.688468372055865,0.051625335353022266,0.25884304625895727,1.9844674545084815,completed,False,COMPLETE
46,2.9748467743103184,2026-06-12 01:23:12.309236,2026-06-12 01:23:13.968155,0 days 00:00:01.658919,,,,0.011866566188088819,0.04359534820671335,,,,,,,,,,ElasticNet,,,,,,12,,,,,,,,True,-0.06985049876280226,-0.050209596119479845,98.0,-0.06003004744114105,0.009820451321661207,0.04923852829922156,1.9844674545084815,2.942173573057069,3.007519975563568,98.0,2.9748467743103184,0.03267320125324956,0.1638193899485825,1.9844674545084815,689231186595241.5,922104104734201.8,98.0,805667645664721.6,116436459069480.06,583798004507998.2,1.9844674545084815,8.643106695036243,9.058189968619319,98.0,8.85064833182778,0.20754163679153848,1.0405880974010364,1.9844674545084815,2.4432542542019187,2.530020390803907,98.0,2.486637322502913,0.043383068300993956,0.21751733869235362,1.9844674545084815,99.0,0.8484848484848485,-0.12546900556905438,-0.08036767180648405,98.0,-0.10291833868776921,0.02255066688128516,0.11306625459782343,1.9844674545084815,ElasticNet,"{'mode': 'original', 'type': 'ElasticNet'}",12,"['nodes_T2W40', 'edges_T2W40', 're_T2W40', 'pe_T2W40', 'l1_T2W40', 'l2_T2W40', 'l3_T2W40', 'lcc_T2W40', 'lsc_T2W40', 'atd_T2W40', 'density_T2W40', 'asp_T2W40']",-0.044033521914922324,0.008856050310257085,98.0,-0.017588735802332618,0.026444786112589703,0.13259088678536907,1.9844674545084815,3.59224485267957,3.687728131799187,98.0,3.6399864922393785,0.04774163955980862,0.23937067590079228,1.9844674545084815,completed,True,COMPLETE
47,3.967676767676768,2026-06-12 01:23:13.980614,2026-06-12 01:23:15.721948,0 days 00:00:01.741334,,,,,,,,,,,minkowski,1.0,uniform,,KNeighborsRegressor,,,,,,5,2.0,1.0,2.0,20.0,,,ExtraTrees,,-0.44267869526214104,-0.3876358070091643,98.0,-0.41515725113565266,0.027521444126488402,0.137989116902248,1.9844674545084815,3.8952624856064024,4.040091049747134,98.0,3.967676767676768,0.07241428207036552,0.36307625385045544,1.9844674545084815,574578021067315.0,798236410800057.0,98.0,686407215933686.0,111829194866371.02,560697751636076.1,1.9844674545084815,11.016314857229954,11.56954372862863,98.0,11.292929292929292,0.27661443569933747,1.3869105679606466,1.9844674545084815,3.1630476865632136,3.3824068588913323,98.0,3.272727272727273,0.10967958616405947,0.5499198794737695,1.9844674545084815,99.0,1.0,-1.158201015655027,-1.0166508837899317,98.0,-1.0874259497224794,0.07077506593254763,0.3548574268793918,1.9844674545084815,KNeighborsRegressor,"{'mode': 'proxy', 'type': 'ExtraTrees'}",5,"['edges_T2W40', 're_T2W40', 'pe_T2W40', 'l2_T2W40', 'density_T2W40']",-0.07528557816446609,-0.02346987655000235,98.0,-0.04937772735723422,0.025907850807231868,0.1298987595743316,1.9844674545084815,4.91449418845213,5.062688366975943,98.0,4.988591277714036,0.07409708926190667,0.37151364097339423,1.9844674545084815,completed,True,COMPLETE
48,2.8087542087542094,2026-06-12 01:23:15.734252,2026-06-12 01:23:17.998713,0 days 00:00:02.264461,,,,,,,,,,,,,,3.545642138383163,QuantileRegressor,,,,,,9,,,,,,,,False,-0.0009331355682963278,0.00012430831312870661,98.0,-0.0004044136275838106,0.0005287219407125172,0.002650946416563353,1.9844674545084815,2.7849467735529934,2.8325616439554255,98.0,2.8087542087542094,0.02380743520121607,0.11936753551247853,1.9844674545084815,608805169475213.9,816576530769995.1,98.0,712690850122604.5,103885680647390.62,520869953823584.9,1.9844674545084815,8.727991855320967,9.049785922456811,98.0,8.88888888888889,0.16089703356792168,0.8067178260046389,1.9844674545084815,2.2959895660805363,2.491889221798252,98.0,2.393939393939394,0.09794982785885767,0.4911083221088062,1.9844674545084815,99.0,1.0,-0.037483843968863534,-0.033183157484501485,98.0,-0.03533350072668251,0.002150343242181023,0.010781555054361772,1.9844674545084815,QuantileRegressor,"{'mode': 'original', 'type': 'QuantileRegressor'}",9,"['l1_T2W40', 'l2_T2W40', 'l3_T2W40', 'lcc_T2W40', 'lsc_T2W40', 'atd_T2W40', 'density_T2W40', 'diameter_T2W40', 'asp_T2W40']",,,,,,,,3.4925577655390954,3.575019515589782,98.0,3.5337886405644388,0.04123087502534345,0.20672650779899443,1.9844674545084815,completed,False,COMPLETE
49,3.0059071560001667,2026-06-12 01:23:18.012264,2026-06-12 01:23:19.644818,0 days 00:00:01.632554,,,,,,,,,,,,,,,LinearRegression,,,,,,7,,,,,,,,False,-0.08237084618126544,-0.05902415718356435,98.0,-0.0706975016824149,0.011673344498850546,0.058528705517373984,1.9844674545084815,2.9648213219626225,3.046992990037711,98.0,3.0059071560001667,0.04108583403754437,0.20599929022534386,1.9844674545084815,670835100924528.6,900650352940159.6,98.0,785742726932344.1,114907626007815.53,576132624628204.6,1.9844674545084815,9.313801133547708,10.569842191976422,98.0,9.941821662762065,0.6280205292143578,3.1488172577166664,1.9844674545084815,2.5901417328948164,2.6685475821875886,98.0,2.6293446575412025,0.03920292464638605,0.19655861542286074,1.9844674545084815,99.0,0.9090909090909091,-0.2202673288674074,-0.12605714649206595,98.0,-0.17316223767973668,0.047105091187670735,0.23617910109341034,1.9844674545084815,LinearRegression,"{'mode': 'original', 'type': 'LinearRegression'}",7,"['nodes_T2W40', 'edges_T2W40', 're_T2W40', 'lcc_T2W40', 'atd_T2W40', 'density_T2W40', 'asp_T2W40']",-0.08236384291968807,-0.022317555401151844,98.0,-0.05234069916041995,0.03002314375926811,0.1505323294420907,1.9844674545084815,3.6652391773089805,3.8235546411176546,98.0,3.7443969092133176,0.07915773190433711,0.396887077264651,1.9844674545084815,completed,False,COMPLETE
50,2.8087542087542094,2026-06-12 01:23:19.657927,2026-06-12 01:23:22.089916,0 days 00:00:02.431989,,,,,,,,,,,,,,0.14333997003672974,QuantileRegressor,,,,,,10,,,,,,,,False,-0.0009331355682963375,0.0001243083131286961,98.0,-0.0004044136275838207,0.0005287219407125168,0.002650946416563351,1.9844674545084815,2.7849467735529934,2.8325616439554255,98.0,2.8087542087542094,0.02380743520121607,0.11936753551247853,1.9844674545084815,608805169475213.9,816576530769995.1,98.0,712690850122604.5,103885680647390.64,520869953823584.94,1.9844674545084815,8.727991855320967,9.049785922456811,98.0,8.88888888888889,0.16089703356792165,0.8067178260046388,1.9844674545084815,2.2959895660805363,2.491889221798252,98.0,2.393939393939394,0.09794982785885763,0.49110832210880595,1.9844674545084815,99.0,1.0,-0.037483843968863534,-0.033183157484501485,98.0,-0.03533350072668251,0.002150343242181022,0.010781555054361767,1.9844674545084815,QuantileRegressor,"{'mode': 'original', 'type': 'QuantileRegressor'}",10,"['pe_T2W40', 'l1_T2W40', 'l2_T2W40', 'l3_T2W40', 'lcc_T2W40', 'lsc_T2W40', 'atd_T2W40', 'density_T2W40', 'diameter_T2W40', 'asp_T2W40']",,,,,,,,3.4925577655390945,3.5750195155897813,98.0,3.533788640564438,0.041230875025343436,0.20672650779899437,1.9844674545084815,completed,False,COMPLETE
51,2.8087542087542094,2026-06-12 01:23:22.104631,2026-06-12 01:23:24.217330,0 days 00:00:02.112699,,,,,,,,,,,,,,0.5965725739332831,QuantileRegressor,,,,,,4,,,,,,,,False,-0.0009331355682963278,0.00012430831312870661,98.0,-0.0004044136275838106,0.0005287219407125172,0.002650946416563353,1.9844674545084815,2.7849467735529934,2.8325616439554255,98.0,2.8087542087542094,0.02380743520121607,0.11936753551247853,1.9844674545084815,608805169475213.9,816576530769995.1,98.0,712690850122604.5,103885680647390.62,520869953823584.9,1.9844674545084815,8.727991855320967,9.049785922456811,98.0,8.88888888888889,0.16089703356792168,0.8067178260046389,1.9844674545084815,2.2959895660805363,2.491889221798252,98.0,2.393939393939394,0.09794982785885767,0.4911083221088062,1.9844674545084815,99.0,1.0,-0.037483843968863534,-0.033183157484501485,98.0,-0.03533350072668251,0.002150343242181023,0.010781555054361772,1.9844674545084815,QuantileRegressor,"{'mode': 'original', 'type': 'QuantileRegressor'}",4,"['atd_T2W40', 'density_T2W40', 'diameter_T2W40', 'asp_T2W40']",,,,,,,,3.4925577655390954,3.575019515589782,98.0,3.5337886405644388,0.04123087502534345,0.20672650779899443,1.9844674545084815,completed,False,COMPLETE
52,2.8087542087542094,2026-06-12 01:23:24.230278,2026-06-12 01:23:26.443122,0 days 00:00:02.212844,,,,,,,,,,,,,,0.08916879606918253,QuantileRegressor,,,,,,5,,,,,,,,False,-0.0009331355682963407,0.00012430831312869263,98.0,-0.00040441362758382405,0.0005287219407125167,0.0026509464165633506,1.9844674545084815,2.7849467735529934,2.8325616439554255,98.0,2.8087542087542094,0.023807435201216063,0.1193675355124785,1.9844674545084815,608805169475213.9,816576530769995.1,98.0,712690850122604.5,103885680647390.62,520869953823584.9,1.9844674545084815,8.727991855320967,9.049785922456811,98.0,8.88888888888889,0.16089703356792168,0.8067178260046389,1.9844674545084815,2.2959895660805363,2.491889221798252,98.0,2.393939393939394,0.0979498278588576,0.4911083221088058,1.9844674545084815,99.0,1.0,-0.03748384396886354,-0.03318315748450149,98.0,-0.03533350072668252,0.002150343242181025,0.010781555054361782,1.9844674545084815,QuantileRegressor,"{'mode': 'original', 'type': 'QuantileRegressor'}",5,"['lsc_T2W40', 'atd_T2W40', 'density_T2W40', 'diameter_T2W40', 'asp_T2W40']",,,0.0,0.2312707702255323,,,,3.4925577655390954,3.575019515589782,98.0,3.5337886405644388,0.04123087502534345,0.20672650779899443,1.9844674545084815,completed,False,COMPLETE
53,2.8087542087542094,2026-06-12 01:23:26.456688,2026-06-12 01:23:28.731841,0 days 00:00:02.275153,,,,,,,,,,,,,,0.5473354489818252,QuantileRegressor,,,,,,6,,,,,,,,False,-0.0009331355682963278,0.00012430831312870661,98.0,-0.0004044136275838106,0.0005287219407125172,0.002650946416563353,1.9844674545084815,2.7849467735529934,2.8325616439554255,98.0,2.8087542087542094,0.02380743520121607,0.11936753551247853,1.9844674545084815,608805169475213.9,816576530769995.1,98.0,712690850122604.5,103885680647390.62,520869953823584.9,1.9844674545084815,8.727991855320967,9.049785922456811,98.0,8.88888888888889,0.16089703356792168,0.8067178260046389,1.9844674545084815,2.2959895660805363,2.491889221798252,98.0,2.393939393939394,0.09794982785885767,0.4911083221088062,1.9844674545084815,99.0,1.0,-0.037483843968863534,-0.033183157484501485,98.0,-0.03533350072668251,0.002150343242181023,0.010781555054361772,1.9844674545084815,QuantileRegressor,"{'mode': 'original', 'type': 'QuantileRegressor'}",6,"['lcc_T2W40', 'lsc_T2W40', 'atd_T2W40', 'density_T2W40', 'diameter_T2W40', 'asp_T2W40']",,,,,,,,3.4925577655390954,3.575019515589782,98.0,3.5337886405644388,0.04123087502534345,0.20672650779899443,1.9844674545084815,completed,False,COMPLETE
54,2.8868091300465837,2026-06-12 01:23:28.743937,2026-06-12 01:23:54.187161,0 days 00:00:25.443224,,,,,,,,,,,,,,,RandomForestRegressor,10.0,,5.0,7.0,264.0,8,,,,,,,,False,-0.037832053562463774,-0.019081363763121056,98.0,-0.028456708662792415,0.00937534489967136,0.047006819751675394,1.9844674545084815,2.853276406633113,2.9203418534600543,98.0,2.8868091300465837,0.03353272341347066,0.16812892775123978,1.9844674545084815,631018341202700.4,858848868050578.1,98.0,744933604626639.2,113915263423938.84,571157041371504.0,1.9844674545084815,8.401714353941458,8.853015349857031,98.0,8.627364851899245,0.22565049795778677,1.13138368752165,1.9844674545084815,2.491231096830921,2.610760045097587,98.0,2.550995570964254,0.05976447413333288,0.29965168142643184,1.9844674545084815,99.0,0.696969696969697,-0.06350298047974508,-0.029250679683951425,98.0,-0.04637683008184825,0.017126150397896826,0.08586839987318651,1.9844674545084815,RandomForestRegressor,"{'mode': 'original', 'type': 'RandomForestRegressor'}",8,"['re_T2W40', 'pe_T2W40', 'l1_T2W40', 'l2_T2W40', 'l3_T2W40', 'lcc_T2W40', 'lsc_T2W40', 'density_T2W40']",0.0564269894191971,0.10614946245744528,98.0,0.08128822593832119,0.024861236519124093,0.12465116498265588,1.9844674545084815,3.5031685324343083,3.5922282274184805,98.0,3.5476983799263944,0.044529847492085946,0.2232671477188485,1.9844674545084815,completed,False,COMPLETE
55,2.8087542087542094,2026-06-12 01:23:54.237207,2026-06-12 01:23:56.297934,0 days 00:00:02.060727,,,,,,,,,,,,,,4.779503609233727,QuantileRegressor,,,,,,5,,,,,,,,False,-0.0009331355682963278,0.00012430831312870661,98.0,-0.0004044136275838106,0.0005287219407125172,0.002650946416563353,1.9844674545084815,2.7849467735529934,2.8325616439554255,98.0,2.8087542087542094,0.02380743520121607,0.11936753551247853,1.9844674545084815,608805169475213.9,816576530769995.1,98.0,712690850122604.5,103885680647390.62,520869953823584.9,1.9844674545084815,8.727991855320967,9.049785922456811,98.0,8.88888888888889,0.16089703356792168,0.8067178260046389,1.9844674545084815,2.2959895660805363,2.491889221798252,98.0,2.393939393939394,0.09794982785885767,0.4911083221088062,1.9844674545084815,99.0,1.0,-0.037483843968863534,-0.033183157484501485,98.0,-0.03533350072668251,0.002150343242181023,0.010781555054361772,1.9844674545084815,QuantileRegressor,"{'mode': 'original', 'type': 'QuantileRegressor'}",5,"['lsc_T2W40', 'atd_T2W40', 'density_T2W40', 'diameter_T2W40', 'asp_T2W40']",,,,,,,,3.4925577655390954,3.575019515589782,98.0,3.5337886405644388,0.04123087502534345,0.20672650779899443,1.9844674545084815,completed,False,COMPLETE
