number,value,datetime_start,datetime_complete,duration,params_regressor,params_rfe_n_features,params_use_scaler,user_attrs_d2mae_ci_lower_val,user_attrs_d2mae_ci_upper_val,user_attrs_d2mae_df_val,user_attrs_d2mae_mean_val,user_attrs_d2mae_samperror_val,user_attrs_d2mae_std_val,user_attrs_d2mae_t_critical_val,user_attrs_mae_ci_lower_val,user_attrs_mae_ci_upper_val,user_attrs_mae_df_val,user_attrs_mae_mean_val,user_attrs_mae_samperror_val,user_attrs_mae_std_val,user_attrs_mae_t_critical_val,user_attrs_mape_ci_lower_val,user_attrs_mape_ci_upper_val,user_attrs_mape_df_val,user_attrs_mape_mean_val,user_attrs_mape_samperror_val,user_attrs_mape_std_val,user_attrs_mape_t_critical_val,user_attrs_max_error_ci_lower_val,user_attrs_max_error_ci_upper_val,user_attrs_max_error_df_val,user_attrs_max_error_mean_val,user_attrs_max_error_samperror_val,user_attrs_max_error_std_val,user_attrs_max_error_t_critical_val,user_attrs_median_ae_ci_lower_val,user_attrs_median_ae_ci_upper_val,user_attrs_median_ae_df_val,user_attrs_median_ae_mean_val,user_attrs_median_ae_samperror_val,user_attrs_median_ae_std_val,user_attrs_median_ae_t_critical_val,user_attrs_n_splits_val,user_attrs_r2_below_zero_val,user_attrs_r2_ci_lower_val,user_attrs_r2_ci_upper_val,user_attrs_r2_df_val,user_attrs_r2_mean_val,user_attrs_r2_samperror_val,user_attrs_r2_std_val,user_attrs_r2_t_critical_val,user_attrs_regressor_final,user_attrs_rfe_estimator,user_attrs_rfe_n_features,user_attrs_rfe_selected_features,user_attrs_rho_ci_lower_val,user_attrs_rho_ci_upper_val,user_attrs_rho_df_val,user_attrs_rho_mean_val,user_attrs_rho_samperror_val,user_attrs_rho_std_val,user_attrs_rho_t_critical_val,user_attrs_rmse_ci_lower_val,user_attrs_rmse_ci_upper_val,user_attrs_rmse_df_val,user_attrs_rmse_mean_val,user_attrs_rmse_samperror_val,user_attrs_rmse_std_val,user_attrs_rmse_t_critical_val,user_attrs_termination_reason,user_attrs_trial_time_seconds,user_attrs_use_scaler_final,state
220,2.9124065329798787,2026-06-13 17:26:11.508603,2026-06-13 17:26:14.836236,0 days 00:00:03.327633,LinearRegression,9,False,-0.03751560123442927,-0.029337116495751322,398,-0.033426358865090294,0.004089242369338973,0.041548804029983864,1.9659423239762661,2.8974332948718193,2.927379771087938,398,2.9124065329798787,0.014973238108059238,0.152135794275898,1.9659423239762661,916692558801514.5,1027179366472233.0,398,971935962636873.8,55243403835359.195,561301373847310.94,1.9659423239762661,8.450310124726014,8.68727337309325,398,8.568791748909632,0.11848162418361698,1.203834192189265,1.9659423239762661,2.542553601060635,2.5829789147092272,398,2.562766257884931,0.020212656824296224,0.2053709810929489,1.9659423239762661,399,0.7543859649122807,-0.07070691789909775,-0.05414190246319626,398,-0.06242441018114701,0.008282507717950749,0.08415453498922662,1.9659423239762661,LinearRegression,"{'mode': 'original', 'type': 'LinearRegression'}",9,"['nodes_T6W30', 'edges_T6W30', 're_T6W30', 'l1_T6W30', 'l2_T6W30', 'lcc_T6W30', 'atd_T6W30', 'density_T6W30', 'asp_T6W30']",0.03634883193506699,0.06028918367101032,398,0.048319007803038654,0.011970175867971665,0.12162313857253534,1.9659423239762661,3.530698629064634,3.571723385950724,398,3.551211007507679,0.020512378443045196,0.2084163067734034,1.9659423239762661,completed,3.319542169570923,False,COMPLETE
221,2.85025544216135,2026-06-13 17:26:14.848463,2026-06-13 17:26:18.183886,0 days 00:00:03.335423,LinearRegression,3,True,-0.01391991958628925,-0.008517499085712955,398,-0.011218709336001102,0.0027012102502881473,0.027445684358187904,1.9659423239762661,2.837217897005486,2.8632929873172137,398,2.85025544216135,0.013037545155863813,0.1324681590836143,1.9659423239762661,918031931189578.4,1028184655805712.1,398,973108293497645.2,55076362308066.83,559604146083464.3,1.9659423239762661,8.308953493193284,8.567240889585007,398,8.438097191389145,0.1291436981958605,1.3121663436433988,1.9659423239762661,2.554334503660427,2.5960528098574924,398,2.5751936567589597,0.020859153098532784,0.2119397154887807,1.9659423239762661,399,0.5263157894736842,-0.020024159749167297,-0.009584045104403261,398,-0.01480410242678528,0.005220057322382019,0.05303846510521035,1.9659423239762661,LinearRegression,"{'mode': 'original', 'type': 'LinearRegression'}",3,"['nodes_T6W30', 'lcc_T6W30', 'atd_T6W30']",0.09833284576278685,0.1223173911593796,398,0.11032511846108323,0.011992272698296383,0.12184765372471351,1.9659423239762661,3.453937163332427,3.4921863200811374,398,3.473061741706782,0.019124578374355116,0.19431554485252875,1.9659423239762661,completed,3.3273301124572754,True,COMPLETE
222,2.8509742827176967,2026-06-13 17:26:18.196566,2026-06-13 17:26:21.486138,0 days 00:00:03.289572,LinearRegression,4,True,-0.014300467290952343,-0.008629475509457866,398,-0.011464971400205104,0.0028354958907472376,0.028810095477790367,1.9659423239762661,2.837665884196672,2.864282681238721,398,2.8509742827176967,0.013308398521024431,0.13522016847153898,1.9659423239762661,912981551650662.1,1022748247648184.9,398,967864899649423.5,54883347998761.336,557643021506343.06,1.9659423239762661,8.336255423017217,8.580831375980669,398,8.458543399498943,0.12228797648172597,1.2425086877117142,1.9659423239762661,2.5461890445007223,2.5853397388626496,398,2.565764391681686,0.019575347180963543,0.19889558758832548,1.9659423239762661,399,0.5739348370927319,-0.025181924147955913,-0.01438703480975763,398,-0.01978447947885677,0.00539744466909914,0.05484081171137151,1.9659423239762661,LinearRegression,"{'mode': 'original', 'type': 'LinearRegression'}",4,"['nodes_T6W30', 'lcc_T6W30', 'atd_T6W30', 'density_T6W30']",0.08079768104172431,0.10482444278246981,398,0.09281106191209706,0.01201338087037275,0.12206212360099379,1.9659423239762661,3.462348800510767,3.500336827474395,398,3.481342813992581,0.018994013481814245,0.19298893844395495,1.9659423239762661,completed,3.2818901538848877,True,COMPLETE
223,2.967192120663289,2026-06-13 17:26:21.497903,2026-06-13 17:26:24.910289,0 days 00:00:03.412386,LinearRegression,12,True,-0.057648364258886815,-0.04805872493266699,398,-0.0528535445957769,0.004794819663109911,0.04871783194740564,1.9659423239762661,2.9504699702820254,2.9839142710445525,398,2.967192120663289,0.01672215038126355,0.16990564177866313,1.9659423239762661,939083441157966.5,1052772109553630.5,398,995927775355798.5,56844334197832.05,577567649085672.0,1.9659423239762661,9.024327612934478,9.38272641123551,398,9.203527012084994,0.17919939915051594,1.8207579901406565,1.9659423239762661,2.6201669180796174,2.6620962725867767,398,2.641131595333197,0.02096467725357943,0.2130118951353912,1.9659423239762661,399,0.8671679197994987,-0.12142620773675641,-0.09996804149790961,398,-0.11069712461733301,0.010729083119423395,0.10901299842063193,1.9659423239762661,LinearRegression,"{'mode': 'original', 'type': 'LinearRegression'}",12,"['nodes_T6W30', 'edges_T6W30', 're_T6W30', 'pe_T6W30', 'l1_T6W30', 'l2_T6W30', 'lcc_T6W30', 'lsc_T6W30', 'atd_T6W30', 'density_T6W30', 'diameter_T6W30', 'asp_T6W30']",-0.011725448421892217,0.012359315967304182,398,0.0003169337727059828,0.0120423821945982,0.12235679195958463,1.9659423239762661,3.606024858846365,3.654053371299225,398,3.630039115072795,0.02401425622643018,0.243997184749667,1.9659423239762661,completed,3.404862880706787,True,COMPLETE
224,2.8597694652366177,2026-06-13 17:26:24.922326,2026-06-13 17:26:28.185488,0 days 00:00:03.263162,LinearRegression,6,False,-0.018063424979408663,-0.011295326208620192,398,-0.014679375594014428,0.003384049385394235,0.03438368089790211,1.9659423239762661,2.8459755493161687,2.8735633811570667,398,2.8597694652366177,0.013793915920449186,0.14015327476846592,1.9659423239762661,914326273451419.4,1024256603256255.1,398,969291438353837.2,54965164902417.87,558474323295117.9,1.9659423239762661,8.180635134804247,8.38446246341635,398,8.282548799110298,0.10191366430605167,1.03549520517029,1.9659423239762661,2.54854596119697,2.5887704078696654,398,2.5686581845333176,0.020112223336347646,0.2043505252402679,1.9659423239762661,399,0.5839598997493735,-0.026748105024731454,-0.014080319406776058,398,-0.020414212215753756,0.006333892808977697,0.0643556060751858,1.9659423239762661,LinearRegression,"{'mode': 'original', 'type': 'LinearRegression'}",6,"['edges_T6W30', 're_T6W30', 'l1_T6W30', 'l2_T6W30', 'atd_T6W30', 'density_T6W30']",0.09059834261138781,0.11505939891431989,398,0.10282887076285385,0.012230528151466042,0.12426845157397902,1.9659423239762661,3.462714567546525,3.499840408981051,398,3.481277488263788,0.018562920717263214,0.18860881440744054,1.9659423239762661,completed,3.254857063293457,False,COMPLETE
225,2.8663788671265036,2026-06-13 17:26:28.198498,2026-06-13 17:26:31.566924,0 days 00:00:03.368426,LinearRegression,6,True,-0.02057273507161944,-0.013526142286136307,398,-0.017049438678877874,0.003523296392741568,0.03579850205485185,1.9659423239762661,2.8524328944562,2.880324839796807,398,2.8663788671265036,0.013945972670303525,0.14169824949251378,1.9659423239762661,912893615398726.2,1022692179172824.8,398,967792897285775.5,54899281887049.26,557804918000146.9,1.9659423239762661,8.277338772612774,8.515562193443602,398,8.396450483028188,0.11911171041541341,1.2102361921203997,1.9659423239762661,2.5497042257443048,2.5895653022319762,398,2.5696347639881405,0.01993053824383581,0.2025045113281201,1.9659423239762661,399,0.6215538847117794,-0.03666130088177976,-0.02331787713576107,398,-0.029989589008770415,0.006671711873009345,0.06778802137888236,1.9659423239762661,LinearRegression,"{'mode': 'original', 'type': 'LinearRegression'}",6,"['nodes_T6W30', 're_T6W30', 'l1_T6W30', 'lcc_T6W30', 'atd_T6W30', 'density_T6W30']",0.06647397849582165,0.09122839521679724,398,0.07885118685630944,0.012377208360487788,0.12575879788003735,1.9659423239762661,3.4784172024490054,3.5166302472815634,398,3.4975237248652844,0.019106522416279054,0.19413208703909587,1.9659423239762661,completed,3.360318899154663,True,COMPLETE
226,2.9439911709577973,2026-06-13 17:26:31.579380,2026-06-13 17:26:34.965507,0 days 00:00:03.386127,LinearRegression,11,True,-0.04914895320386655,-0.04013314372675938,398,-0.044641048465312964,0.004507904738553587,0.04580262886160876,1.9659423239762661,2.928051704460118,2.9599306374554764,398,2.9439911709577973,0.01593946649767904,0.1619531712818517,1.9659423239762661,936913311124614.6,1050781053735931.4,398,993847182430273.0,56933871305658.39,578477392116406.0,1.9659423239762661,8.506874922206855,8.771139572417283,398,8.639007247312069,0.13213232510521483,1.342532328967857,1.9659423239762661,2.5897028615004736,2.6332482233390344,398,2.611475542419754,0.02177268091928056,0.22122162763093706,1.9659423239762661,399,0.8145363408521303,-0.09129608521135027,-0.07295755899384898,398,-0.08212682210259963,0.009169263108750644,0.09316442548413321,1.9659423239762661,LinearRegression,"{'mode': 'original', 'type': 'LinearRegression'}",11,"['nodes_T6W30', 'edges_T6W30', 're_T6W30', 'l1_T6W30', 'l2_T6W30', 'lcc_T6W30', 'lsc_T6W30', 'atd_T6W30', 'density_T6W30', 'diameter_T6W30', 'asp_T6W30']",0.007033579129990778,0.03109789680283892,398,0.01906573796641485,0.012032158836424072,0.12225291738651209,1.9659423239762661,3.5619405044661594,3.6050806283248242,398,3.583510566395492,0.02157006192933238,0.21916291456241546,1.9659423239762661,completed,3.378622055053711,True,COMPLETE
227,2.931281990711572,2026-06-13 17:26:34.977341,2026-06-13 17:26:38.390244,0 days 00:00:03.412903,LinearRegression,10,True,-0.04449747252101671,-0.035773910938733236,398,-0.040135691729874974,0.0043617807911417355,0.044317934459382834,1.9659423239762661,2.915746356965465,2.946817624457679,398,2.931281990711572,0.015535633746106812,0.1578500229867615,1.9659423239762661,930033456829043.0,1042213396066388.8,398,986123426447715.9,56089969618672.875,569902917275776.2,1.9659423239762661,8.51442552541188,8.773106471104786,398,8.643765998258333,0.129340472846453,1.3141656752205237,1.9659423239762661,2.559094392051792,2.599792086083405,398,2.5794432390675985,0.02034884701580651,0.20675474343002495,1.9659423239762661,399,0.7994987468671679,-0.08278968603055308,-0.06512688105581076,398,-0.07395828354318192,0.008831402487371165,0.08973158793642538,1.9659423239762661,LinearRegression,"{'mode': 'original', 'type': 'LinearRegression'}",10,"['nodes_T6W30', 'edges_T6W30', 're_T6W30', 'l1_T6W30', 'l2_T6W30', 'lcc_T6W30', 'atd_T6W30', 'density_T6W30', 'diameter_T6W30', 'asp_T6W30']",0.02652795775094328,0.050589712485163155,398,0.03855883511805322,0.012030877367109939,0.12223989699970338,1.9659423239762661,3.548973230988603,3.5915134808624933,398,3.570243355925548,0.021270124936945266,0.21611540057511186,1.9659423239762661,completed,3.4045250415802,True,COMPLETE
228,2.8962135520275485,2026-06-13 17:26:38.402980,2026-06-13 17:26:41.833884,0 days 00:00:03.430904,LinearRegression,8,True,-0.03161607660480649,-0.023678785057724104,398,-0.027647430831265297,0.003968645773541192,0.04032348063926121,1.9659423239762661,2.881356680698364,2.911070423356733,398,2.8962135520275485,0.014856871329184475,0.15095344799891525,1.9659423239762661,919567386094906.0,1030487465250095.5,398,975027425672500.8,55460039577594.805,563502504322610.2,1.9659423239762661,8.40328588229964,8.644588931434049,398,8.523937406866844,0.1206515245672046,1.2258814952491819,1.9659423239762661,2.525777068508479,2.5653843289830927,398,2.545580698745786,0.01980363023730684,0.20121506076078668,1.9659423239762661,399,0.7017543859649122,-0.05620440174210125,-0.04099479747455192,398,-0.048599599608326584,0.007604802133774666,0.0772686979652134,1.9659423239762661,LinearRegression,"{'mode': 'original', 'type': 'LinearRegression'}",8,"['nodes_T6W30', 're_T6W30', 'l1_T6W30', 'l2_T6W30', 'lcc_T6W30', 'atd_T6W30', 'density_T6W30', 'diameter_T6W30']",0.056452468481927205,0.08063436718464387,398,0.06854341783328553,0.01209094935135833,0.12285025923206776,1.9659423239762661,3.508420563127311,3.548660749267892,398,3.5285406561976016,0.0201200930702905,0.204430485781568,1.9659423239762661,completed,3.422271966934204,True,COMPLETE
229,2.829673509794336,2026-06-13 17:26:41.846507,2026-06-13 17:26:45.081258,0 days 00:00:03.234751,LinearRegression,4,False,-0.007116492265887261,-0.0009372603448009479,398,-0.004026876305344105,0.0030896159605431567,0.031392085985177,1.9659423239762661,2.8166800497333773,2.842666969855295,398,2.829673509794336,0.01299346006095876,0.13202023186301542,1.9659423239762661,910872018316873.9,1020022294238960.6,398,965447156277917.2,54575137961043.414,554511449126766.44,1.9659423239762661,8.180612283398972,8.387592812507371,398,8.284102547953172,0.10349026455419891,1.0515142739432868,1.9659423239762661,2.548956127917115,2.586601935426335,398,2.567779031671725,0.018822903754610036,0.1912503756782608,1.9659423239762661,399,0.45614035087719296,-0.010082985491401322,0.0015090197508789644,398,-0.004286982870261179,0.005796002621140143,0.0588903653323813,1.9659423239762661,LinearRegression,"{'mode': 'original', 'type': 'LinearRegression'}",4,"['edges_T6W30', 'l1_T6W30', 'atd_T6W30', 'density_T6W30']",0.11447015726668243,0.139141927332758,398,0.1268060422997202,0.012335885033037775,0.1253389316361187,1.9659423239762661,3.4358053150078227,3.472144662889221,398,3.453974988948522,0.01816967394069901,0.18461322505881256,1.9659423239762661,completed,3.22692608833313,False,COMPLETE
230,2.8903733009700256,2026-06-13 17:26:45.093165,2026-06-13 17:26:48.548097,0 days 00:00:03.454932,LinearRegression,8,False,-0.029483496804301033,-0.02169481839647079,398,-0.025589157600385912,0.00389433920391512,0.039568487703972546,1.9659423239762661,2.8757577085670443,2.904988893373007,398,2.8903733009700256,0.014615592402981556,0.14850193010979817,1.9659423239762661,913897851094987.8,1023958863603946.5,398,968928357349467.1,55030506254479.33,559138225012514.56,1.9659423239762661,8.313493376145416,8.504250205403292,398,8.408871790774354,0.09537841462893686,0.969093709832817,1.9659423239762661,2.5355250889814434,2.5738485316449546,398,2.554686810313199,0.019161721331755494,0.19469293638835297,1.9659423239762661,399,0.6791979949874687,-0.051895893979509534,-0.037004132310843214,398,-0.044450013145176374,0.00744588083433316,0.07565397588950702,1.9659423239762661,LinearRegression,"{'mode': 'original', 'type': 'LinearRegression'}",8,"['edges_T6W30', 're_T6W30', 'l1_T6W30', 'l2_T6W30', 'lcc_T6W30', 'atd_T6W30', 'density_T6W30', 'asp_T6W30']",0.053981695778687985,0.07858962667871618,398,0.06628566122870208,0.012303965450014092,0.1250146122683762,1.9659423239762661,3.5018830883799494,3.540853435507087,398,3.5213682619435183,0.019485173563568745,0.19797937729325882,1.9659423239762661,completed,3.447272300720215,False,COMPLETE
231,2.9130869205195755,2026-06-13 17:26:48.560271,2026-06-13 17:26:51.954588,0 days 00:00:03.394317,LinearRegression,9,True,-0.037808431431218335,-0.029524789889746782,398,-0.03366661066048256,0.004141820770735776,0.04208302760944823,1.9659423239762661,2.8979964955891653,2.9281773454499858,398,2.9130869205195755,0.01509042493041015,0.15332647261603796,1.9659423239762661,920200420353880.8,1031038996379351.2,398,975619708366616.0,55419288012735.21,563088447480452.5,1.9659423239762661,8.468658004310333,8.713567048636987,398,8.59111252647366,0.12245452216332628,1.2442008774285027,1.9659423239762661,2.541744227259757,2.5821113305647123,398,2.5619277789122346,0.02018355165247767,0.20507525758944242,1.9659423239762661,399,0.7468671679197995,-0.07030081170833045,-0.053562984713712625,398,-0.06193189821102154,0.008368913497308918,0.08503246211346087,1.9659423239762661,LinearRegression,"{'mode': 'original', 'type': 'LinearRegression'}",9,"['nodes_T6W30', 'edges_T6W30', 're_T6W30', 'l1_T6W30', 'l2_T6W30', 'lcc_T6W30', 'atd_T6W30', 'density_T6W30', 'diameter_T6W30']",0.041005068093746114,0.0650582276999139,398,0.05303164789683001,0.012026579803083892,0.12219623154057986,1.9659423239762661,3.5296878611119262,3.5710932800939346,398,3.5503905706029304,0.020702709491004,0.2103501680362515,1.9659423239762661,completed,3.3867640495300293,True,COMPLETE
232,2.815064302823216,2026-06-13 17:26:51.966886,2026-06-13 17:26:55.386862,0 days 00:00:03.419976,LinearRegression,3,False,-0.0017123622453966425,0.004100214807642394,398,0.001193926281122876,0.0029062885265195184,0.02952938503923155,1.9659423239762661,2.8022123149182723,2.8279162907281594,398,2.815064302823216,0.012851987904943454,0.130582802052043,1.9659423239762661,910062401247824.4,1019107694886736.9,398,964585048067280.6,54522646819456.29,553978112151813.4,1.9659423239762661,8.180012763328687,8.38543609294923,398,8.282724428138959,0.10271166481027241,1.043603300404336,1.9659423239762661,2.5340503959387357,2.570693887173819,398,2.5523721415562775,0.018321745617541664,0.18615835144873305,1.9659423239762661,399,0.38095238095238093,0.0001486690802658527,0.010818864035380581,398,0.0054837665578232175,0.005335097477557365,0.054207332203624,1.9659423239762661,LinearRegression,"{'mode': 'original', 'type': 'LinearRegression'}",3,"['l1_T6W30', 'atd_T6W30', 'density_T6W30']",0.13055599293897288,0.15521223416832056,398,0.14288411355364672,0.012328120614673848,0.1252600411552246,1.9659423239762661,3.4194984788024514,3.4553722686014114,398,3.4374353737019314,0.01793689489948004,0.18224807036942253,1.9659423239762661,completed,3.41239333152771,False,COMPLETE
233,2.818178785061706,2026-06-13 17:26:55.398829,2026-06-13 17:26:58.774737,0 days 00:00:03.375908,LinearRegression,2,False,-0.0022844228207669296,0.002622800989954611,398,0.00016918908459384095,0.0024536119053607704,0.024929957927132925,1.9659423239762661,2.8055900038819344,2.8307675662414775,398,2.818178785061706,0.012588781179771365,0.12790848645618932,1.9659423239762661,907556673128542.8,1016410505984454.8,398,961983589556498.8,54426916427956.055,553005442176079.0,1.9659423239762661,8.210864289239003,8.415765469331232,398,8.313314879285118,0.10245059004611487,1.0409506466280547,1.9659423239762661,2.517530860310872,2.555428581603281,398,2.5364797209570766,0.018948860646204466,0.19253016242905907,1.9659423239762661,399,0.37844611528822053,0.0003846675266939159,0.009424434450354,398,0.004904550988523958,0.004519883461830042,0.0459243388462442,1.9659423239762661,LinearRegression,"{'mode': 'original', 'type': 'LinearRegression'}",2,"['atd_T6W30', 'density_T6W30']",0.13470698459755145,0.1593084932460395,398,0.14700773892179547,0.012300754324244007,0.12498198558027936,1.9659423239762661,3.4211110415348225,3.4573282625677475,398,3.439219652051285,0.018108610516462512,0.1839927892866448,1.9659423239762661,completed,3.3680830001831055,False,COMPLETE
234,2.8349319657834124,2026-06-13 17:26:58.787090,2026-06-13 17:27:02.057567,0 days 00:00:03.270477,LinearRegression,2,True,-0.00829361207307145,-0.0032907994938684683,398,-0.00579220578346996,0.0025014062896014915,0.02541557343367295,1.9659423239762661,2.822332639563202,2.847531292003623,398,2.8349319657834124,0.012599326220210805,0.12801562948639747,1.9659423239762661,917906777585565.0,1027875625603208.8,398,972891201594386.9,54984424008821.875,558670005713888.75,1.9659423239762661,8.263067934224233,8.518794972635467,398,8.39093145342985,0.12786351920561745,1.2991590671885405,1.9659423239762661,2.5489328156747733,2.5913059205713105,398,2.570119368123042,0.02118655244826869,0.21526626114029712,1.9659423239762661,399,0.41854636591478694,-0.007210958064530067,0.0022081718751219507,398,-0.002501393094704058,0.004709564969826009,0.047851600449256064,1.9659423239762661,LinearRegression,"{'mode': 'original', 'type': 'LinearRegression'}",2,"['nodes_T6W30', 'lcc_T6W30']",0.12072005620682386,0.1451399215825418,398,0.13292998889468283,0.012209932687858976,0.12405919107923977,1.9659423239762661,3.4334691298338336,3.4708302960512056,398,3.4521497129425196,0.018680583108685932,0.18980432477375617,1.9659423239762661,completed,3.2623960971832275,True,COMPLETE
