number,value,datetime_start,datetime_complete,duration,params_et_max_depth,params_et_max_features,params_et_min_samples_leaf,params_et_min_samples_split,params_et_n_estimators,params_regressor,params_rfe_n_features,params_use_scaler,user_attrs_d2mae_ci_lower_val,user_attrs_d2mae_ci_upper_val,user_attrs_d2mae_df_val,user_attrs_d2mae_mean_val,user_attrs_d2mae_samperror_val,user_attrs_d2mae_std_val,user_attrs_d2mae_t_critical_val,user_attrs_mae_ci_lower_val,user_attrs_mae_ci_upper_val,user_attrs_mae_df_val,user_attrs_mae_mean_val,user_attrs_mae_samperror_val,user_attrs_mae_std_val,user_attrs_mae_t_critical_val,user_attrs_mape_ci_lower_val,user_attrs_mape_ci_upper_val,user_attrs_mape_df_val,user_attrs_mape_mean_val,user_attrs_mape_samperror_val,user_attrs_mape_std_val,user_attrs_mape_t_critical_val,user_attrs_max_error_ci_lower_val,user_attrs_max_error_ci_upper_val,user_attrs_max_error_df_val,user_attrs_max_error_mean_val,user_attrs_max_error_samperror_val,user_attrs_max_error_std_val,user_attrs_max_error_t_critical_val,user_attrs_median_ae_ci_lower_val,user_attrs_median_ae_ci_upper_val,user_attrs_median_ae_df_val,user_attrs_median_ae_mean_val,user_attrs_median_ae_samperror_val,user_attrs_median_ae_std_val,user_attrs_median_ae_t_critical_val,user_attrs_n_splits_val,user_attrs_r2_below_zero_val,user_attrs_r2_ci_lower_val,user_attrs_r2_ci_upper_val,user_attrs_r2_df_val,user_attrs_r2_mean_val,user_attrs_r2_samperror_val,user_attrs_r2_std_val,user_attrs_r2_t_critical_val,user_attrs_regressor_final,user_attrs_rfe_estimator,user_attrs_rfe_n_features,user_attrs_rfe_selected_features,user_attrs_rho_ci_lower_val,user_attrs_rho_ci_upper_val,user_attrs_rho_df_val,user_attrs_rho_mean_val,user_attrs_rho_samperror_val,user_attrs_rho_std_val,user_attrs_rho_t_critical_val,user_attrs_rmse_ci_lower_val,user_attrs_rmse_ci_upper_val,user_attrs_rmse_df_val,user_attrs_rmse_mean_val,user_attrs_rmse_samperror_val,user_attrs_rmse_std_val,user_attrs_rmse_t_critical_val,user_attrs_termination_reason,user_attrs_trial_time_seconds,user_attrs_use_scaler_final,state
313,2.8385327379928444,2026-06-14 01:31:01.893522,2026-06-14 01:31:54.585158,0 days 00:00:52.691636,12,sqrt,4,4,470,ExtraTreesRegressor,2,False,-0.008834905509551605,-0.0053686488855086605,398.0,-0.007101777197530132,0.0017331283120214718,0.01760947434539988,1.9659423239762661,2.8272023636906765,2.8498631122950124,398.0,2.8385327379928444,0.011330374302167783,0.11512242585494718,1.9659423239762661,931272729080826.5,1042508699282307.2,398.0,986890714181566.9,55617985100740.36,565107312009675.5,1.9659423239762661,8.21146513874146,8.40803208412494,398.0,8.3097486114332,0.09828347269173962,0.9986105927283222,1.9659423239762661,2.5456779454780305,2.574355758222149,398.0,2.5600168518500896,0.014338906372059168,0.14569065784019028,1.9659423239762661,399.0,0.40350877192982454,-0.0016927901307194173,0.003608046602342643,398.0,0.0009576282358116129,0.0026504183665310302,0.02692961271607604,1.9659423239762661,ExtraTreesRegressor,"{'mode': 'original', 'type': 'ExtraTreesRegressor'}",2,"['lcc_T6W30', 'density_T6W30']",0.08735677486881027,0.11003760931028214,398.0,0.0986971920895462,0.011340417220735937,0.11522446706889086,1.9659423239762661,3.429533962939293,3.463772429215516,398.0,3.4466531960774045,0.01711923313811159,0.17394020665837504,1.9659423239762661,completed,52.68417406082153,False,COMPLETE
314,2.899145290621461,2026-06-14 01:31:54.596817,2026-06-14 01:32:34.924547,0 days 00:00:40.327730,12,sqrt,2,4,313,ExtraTreesRegressor,7,False,-0.03180699175727542,-0.025438057138997227,398.0,-0.028622524448136323,0.0031844673091390966,0.03235582443324298,1.9659423239762661,2.885465661244588,2.912824919998334,398.0,2.899145290621461,0.013679629376872974,0.13899206475119816,1.9659423239762661,922779937253809.6,1034260805659761.4,398.0,978520371456785.5,55740434202975.82,566351457817851.5,1.9659423239762661,8.568289235150779,8.78508167865192,398.0,8.67668545690135,0.10839622175057016,1.101361320344811,1.9659423239762661,2.60884022406137,2.654006406812539,398.0,2.6314233154369546,0.022583091375584403,0.2294558143559125,1.9659423239762661,399.0,0.8320802005012531,-0.0620923713327325,-0.05100963905886188,398.0,-0.05655100519579719,0.005541366136935313,0.056303127789202656,1.9659423239762661,ExtraTreesRegressor,"{'mode': 'original', 'type': 'ExtraTreesRegressor'}",7,"['nodes_T6W30', 'l1_T6W30', 'l2_T6W30', 'l3_T6W30', 'atd_T6W30', 'density_T6W30', 'asp_T6W30']",0.002235878298109102,0.023523737339070608,398.0,0.012879807818589856,0.010643929520480754,0.10814779409294431,1.9659423239762661,3.5244912820266423,3.5619575831843155,398.0,3.543224432605479,0.018733150578836566,0.19033843728614164,1.9659423239762661,completed,40.320286989212036,False,COMPLETE
315,2.850610686673386,2026-06-14 01:32:34.937054,2026-06-14 01:33:18.990058,0 days 00:00:44.053004,10,sqrt,4,6,368,ExtraTreesRegressor,5,True,-0.014085762788419217,-0.008744219536596078,398.0,-0.011414991162507647,0.00267077162591157,0.027136412291399372,1.9659423239762661,2.8380459917454637,2.863175381601308,398.0,2.850610686673386,0.012564694927922103,0.12766375775891145,1.9659423239762661,919088642858528.1,1029525080602824.9,398.0,974306861730676.5,55218218872148.37,561045481677946.0,1.9659423239762661,8.399510758467024,8.617066172621449,398.0,8.508288465544236,0.10877770707721282,1.105237407317751,1.9659423239762661,2.584173822373619,2.625043614476292,398.0,2.6046087184249553,0.020434896051336443,0.2076290458536253,1.9659423239762661,399.0,0.681704260651629,-0.03002641372869197,-0.020777528421106792,398.0,-0.02540197107489938,0.004624442653792591,0.04698671397200318,1.9659423239762661,ExtraTreesRegressor,"{'mode': 'original', 'type': 'ExtraTreesRegressor'}",5,"['nodes_T6W30', 'l1_T6W30', 'lcc_T6W30', 'atd_T6W30', 'density_T6W30']",0.04498068214378435,0.06665486022519551,398.0,0.055817771184489925,0.010837089040705579,0.11011039408763337,1.9659423239762661,3.4729536050431533,3.5090913063313507,398.0,3.491022455687252,0.018068850644098525,0.18358880854989637,1.9659423239762661,completed,44.045477867126465,True,COMPLETE
316,2.869836089214407,2026-06-14 01:33:19.002556,2026-06-14 01:33:43.334907,0 days 00:00:24.332351,11,sqrt,3,2,185,ExtraTreesRegressor,6,True,-0.021144768334982085,-0.01537614747721508,398.0,-0.018260457906098582,0.0028843104288835027,0.029306076272190118,1.9659423239762661,2.8569999487595865,2.882672229669227,398.0,2.869836089214407,0.012836140454820342,0.13042178381441613,1.9659423239762661,921813940767100.6,1032873762750741.1,398.0,977343851758920.9,55529910991820.26,564212433799698.4,1.9659423239762661,8.433161821509536,8.647657018780773,398.0,8.540409420145155,0.10724759863561768,1.089690719192553,1.9659423239762661,2.607558868211403,2.650166814528372,398.0,2.6288628413698873,0.021303973158484434,0.21645931590134426,1.9659423239762661,399.0,0.7368421052631579,-0.04259996021211062,-0.03264109125136292,398.0,-0.03762052573173677,0.004979434480373851,0.05059361336868899,1.9659423239762661,ExtraTreesRegressor,"{'mode': 'original', 'type': 'ExtraTreesRegressor'}",6,"['nodes_T6W30', 'l1_T6W30', 'lcc_T6W30', 'atd_T6W30', 'density_T6W30', 'asp_T6W30']",0.021590662521829528,0.04330803107611957,398.0,0.03244934679897455,0.010858684277145024,0.1103298127881563,1.9659423239762661,3.4934145841239483,3.52946626693102,398.0,3.5114404255274843,0.018025841403535855,0.18315181256232282,1.9659423239762661,completed,24.3248188495636,True,COMPLETE
317,2.893926721220495,2026-06-14 01:33:43.346560,2026-06-14 01:34:00.243181,0 days 00:00:16.896621,5,log2,1,2,121,ExtraTreesRegressor,10,True,-0.029817696046337203,-0.023731841047467332,398.0,-0.026774768546902267,0.003042927499434935,0.030917707226022995,1.9659423239762661,2.8805592907852917,2.907294151655698,398.0,2.893926721220495,0.01336743043520304,0.13581996305747798,1.9659423239762661,916837004143115.5,1026938212458550.0,398.0,971887608300832.8,55050604157717.195,559342430038194.9,1.9659423239762661,8.416255833604845,8.634087881699019,398.0,8.525171857651932,0.10891602404708604,1.1066427788159958,1.9659423239762661,2.569697453617386,2.6102194702449912,398.0,2.5899584619311886,0.02026100831380246,0.20586225707529604,1.9659423239762661,399.0,0.7894736842105263,-0.05176289970654223,-0.0409693777755971,398.0,-0.046366138741069665,0.0053967609654725635,0.054833864931154164,1.9659423239762661,ExtraTreesRegressor,"{'mode': 'original', 'type': 'ExtraTreesRegressor'}",10,"['nodes_T6W30', 'pe_T6W30', 'l1_T6W30', 'l2_T6W30', 'l3_T6W30', 'lcc_T6W30', 'atd_T6W30', 'density_T6W30', 'diameter_T6W30', 'asp_T6W30']",0.01763764264065327,0.039354401643898494,398.0,0.02849602214227588,0.010858379501622613,0.11032671611221732,1.9659423239762661,3.507601631219604,3.544691377115008,398.0,3.526146504167306,0.01854487294770203,0.18842543979352713,1.9659423239762661,completed,16.889361143112183,True,COMPLETE
318,2.917853166875123,2026-06-14 01:34:00.254997,2026-06-14 01:34:01.443463,0 days 00:00:01.188466,6,,3,7,189,ExtraTreesRegressor,11,False,,,,,,,,,,,,,,,,,,,,,,,,,,,,,,,,,,,,,,,,,,,,,ExtraTreesRegressor,"{'mode': 'original', 'type': 'ExtraTreesRegressor'}",11,"['nodes_T6W30', 're_T6W30', 'pe_T6W30', 'l1_T6W30', 'l2_T6W30', 'l3_T6W30', 'lsc_T6W30', 'atd_T6W30', 'density_T6W30', 'diameter_T6W30', 'asp_T6W30']",,,,,,,,,,,,,,,pruned,,False,PRUNED
319,2.866928105656072,2026-06-14 01:34:01.448886,2026-06-14 01:34:58.480798,0 days 00:00:57.031912,8,sqrt,3,5,479,ExtraTreesRegressor,6,False,-0.02000498787517281,-0.014418333638239524,398.0,-0.017211660756706167,0.002793327118466643,0.028381639079899077,1.9659423239762661,2.854154826338345,2.879701384973799,398.0,2.866928105656072,0.012773279317726914,0.12978308235573519,1.9659423239762661,919582593051549.8,1030223203756348.0,398.0,974902898403948.9,55320305352399.06,562082732781928.06,1.9659423239762661,8.417461327242048,8.634690241119571,398.0,8.52607578418081,0.10861445693876126,1.1035787020130108,1.9659423239762661,2.597645933490005,2.6399598937367394,398.0,2.618802913613372,0.021156980123367388,0.21496579112138897,1.9659423239762661,399.0,0.7293233082706767,-0.03977330021001814,-0.02995716718338853,398.0,-0.034865233696703336,0.0049080665133148065,0.04986847814569805,1.9659423239762661,ExtraTreesRegressor,"{'mode': 'original', 'type': 'ExtraTreesRegressor'}",6,"['nodes_T6W30', 'l1_T6W30', 'lcc_T6W30', 'atd_T6W30', 'density_T6W30', 'asp_T6W30']",0.026733625343565305,0.04841087323364123,398.0,0.03757224928860327,0.010838623945037961,0.11012598950447369,1.9659423239762661,3.488794786086731,3.5249141513592903,398.0,3.5068544687230108,0.018059682636279755,0.18349565687880356,1.9659423239762661,completed,57.02286076545715,False,COMPLETE
320,2.8770285993723,2026-06-14 01:34:58.495097,2026-06-14 01:35:17.459104,0 days 00:00:18.964007,18,sqrt,5,9,137,ExtraTreesRegressor,9,True,-0.023458260749613602,-0.018050003224353156,398.0,-0.02075413198698338,0.0027041287626302216,0.02747533794347528,1.9659423239762661,2.8641219980586827,2.889935200685917,398.0,2.8770285993723,0.012906601313617119,0.13113770235127822,1.9659423239762661,930722436249913.5,1042490400602632.0,398.0,986606418426272.8,55883982176359.19,567809979000094.5,1.9659423239762661,8.392697996152002,8.612090703589189,398.0,8.502394349870595,0.10969635371859278,1.1145713293082125,1.9659423239762661,2.595762311485646,2.6394252346679865,398.0,2.617593773076816,0.02183146159117055,0.22181886946610435,1.9659423239762661,399.0,0.7418546365914787,-0.03919090628913616,-0.03008886642580408,398.0,-0.03463988635747012,0.004551019931666039,0.04624070138153957,1.9659423239762661,ExtraTreesRegressor,"{'mode': 'original', 'type': 'ExtraTreesRegressor'}",9,"['nodes_T6W30', 're_T6W30', 'pe_T6W30', 'l1_T6W30', 'lcc_T6W30', 'atd_T6W30', 'density_T6W30', 'diameter_T6W30', 'asp_T6W30']",0.01437360601295236,0.03588744784438595,398.0,0.025130526928669156,0.010756920915716795,0.10929584473746887,1.9659423239762661,3.4885817761438753,3.5252237988645145,398.0,3.506902787504195,0.0183210113603198,0.18615089101800691,1.9659423239762661,completed,18.956217050552368,True,COMPLETE
321,3.049738485082759,2026-06-14 01:35:17.471631,2026-06-14 01:35:18.624737,0 days 00:00:01.153106,15,,1,4,130,ExtraTreesRegressor,10,False,,,,,,,,,,,,,,,,,,,,,,,,,,,,,,,,,,,,,,,,,,,,,ExtraTreesRegressor,"{'mode': 'original', 'type': 'ExtraTreesRegressor'}",10,"['nodes_T6W30', 're_T6W30', 'pe_T6W30', 'l1_T6W30', 'l2_T6W30', 'l3_T6W30', 'lsc_T6W30', 'atd_T6W30', 'density_T6W30', 'asp_T6W30']",,,,,,,,,,,,,,,pruned,,False,PRUNED
322,2.83087570743904,2026-06-14 01:35:18.630422,2026-06-14 01:35:31.154683,0 days 00:00:12.524261,2,log2,5,3,87,ExtraTreesRegressor,4,True,-0.00630510551767603,-0.0024300002877914303,398.0,-0.00436755290273373,0.0019375526149422995,0.01968653032151619,1.9659423239762661,2.8191911257553404,2.8425602891227397,398.0,2.83087570743904,0.011684581683699591,0.11872135488678585,1.9659423239762661,925579818094891.6,1036127650899922.4,398.0,980853734497407.0,55273916402515.39,561611397210741.25,1.9659423239762661,8.209003755672956,8.414342967108642,398.0,8.311673361390799,0.10266960571784228,1.0431759584100924,1.9659423239762661,2.534011238081952,2.5689920165363285,398.0,2.55150162730914,0.017490389227188083,0.1777113432692058,1.9659423239762661,399.0,0.3583959899749373,0.0021801114192286876,0.00810909344089068,398.0,0.005144602430059684,0.0029644910108309963,0.030120752191457042,1.9659423239762661,ExtraTreesRegressor,"{'mode': 'original', 'type': 'ExtraTreesRegressor'}",4,"['nodes_T6W30', 'lcc_T6W30', 'atd_T6W30', 'density_T6W30']",0.1238674761015632,0.14795610946019674,398.0,0.13591179278087998,0.012044316679316774,0.12237644731850239,1.9659423239762661,3.4219947530075765,3.4569328977752147,398.0,3.4394638253913956,0.01746907238381897,0.17749475318535013,1.9659423239762661,completed,12.517094135284424,True,COMPLETE
323,2.847191217908031,2026-06-14 01:35:31.167115,2026-06-14 01:35:51.642389,0 days 00:00:20.475274,3,log2,2,6,160,ExtraTreesRegressor,8,False,-0.012577044883725682,-0.007794485809062411,398.0,-0.010185765346394047,0.0023912795373316354,0.024296629033892004,1.9659423239762661,2.8349876606488036,2.859394775167259,398.0,2.847191217908031,0.012203557259227442,0.12399441344786115,1.9659423239762661,918121648952106.4,1028037245839880.9,398.0,973079447395993.6,54957798443887.2,558399476290650.56,1.9659423239762661,8.243809388600317,8.451515525362032,398.0,8.347662456981174,0.10385306838085806,1.055200547275534,1.9659423239762661,2.5376621812581543,2.5757738232345426,398.0,2.5567180022463485,0.019055820988194045,0.19361693447309994,1.9659423239762661,399.0,0.5363408521303258,-0.015102993924497637,-0.006978140385476228,398.0,-0.011040567154986932,0.004062426769510704,0.041276343754563384,1.9659423239762661,ExtraTreesRegressor,"{'mode': 'original', 'type': 'ExtraTreesRegressor'}",8,"['nodes_T6W30', 'l1_T6W30', 'l3_T6W30', 'lcc_T6W30', 'atd_T6W30', 'density_T6W30', 'diameter_T6W30', 'asp_T6W30']",0.07983048407673249,0.10168647496560473,398.0,0.09075847952116861,0.010927995444436126,0.11103404986846734,1.9659423239762661,3.4490525468929416,3.484390383887483,398.0,3.4667214653902123,0.0176689184972709,0.17952529240362358,1.9659423239762661,completed,20.467945098876953,False,COMPLETE
324,2.987541483711067,2026-06-14 01:35:51.654010,2026-06-14 01:35:53.758156,0 days 00:00:02.104146,15,,1,9,293,ExtraTreesRegressor,9,False,,,,,,,,,,,,,,,,,,,,,,,,,,,,,,,,,,,,,,,,,,,,,ExtraTreesRegressor,"{'mode': 'original', 'type': 'ExtraTreesRegressor'}",9,"['nodes_T6W30', 're_T6W30', 'l1_T6W30', 'l2_T6W30', 'l3_T6W30', 'lsc_T6W30', 'atd_T6W30', 'density_T6W30', 'asp_T6W30']",,,,,,,,,,,,,,,pruned,,False,PRUNED
325,2.8778584589014935,2026-06-14 01:35:53.763604,2026-06-14 01:36:32.215404,0 days 00:00:38.451800,4,sqrt,1,5,323,ExtraTreesRegressor,12,True,-0.023624383872431567,-0.01851834765270718,398.0,-0.021071365762569374,0.0025530181098621938,0.02593997605204583,1.9659423239762661,2.86534907387969,2.890367843923297,398.0,2.8778584589014935,0.012509385021803465,0.12710178068768893,1.9659423239762661,920830916239150.5,1030839715194749.5,398.0,975835315716950.0,55004399477799.53,558872966744563.44,1.9659423239762661,8.301385754915758,8.514870427428518,398.0,8.408128091172138,0.10674233625637966,1.0845569937533153,1.9659423239762661,2.556519005068361,2.595626615672026,398.0,2.5760728103701935,0.019553805301832622,0.1986767110254787,1.9659423239762661,399.0,0.7192982456140351,-0.03354187053184231,-0.0248596719294344,398.0,-0.029200771230638353,0.004341099301203952,0.04410779989291252,1.9659423239762661,ExtraTreesRegressor,"{'mode': 'original', 'type': 'ExtraTreesRegressor'}",12,"['nodes_T6W30', 're_T6W30', 'pe_T6W30', 'l1_T6W30', 'l2_T6W30', 'l3_T6W30', 'lcc_T6W30', 'lsc_T6W30', 'atd_T6W30', 'density_T6W30', 'diameter_T6W30', 'asp_T6W30']",0.028806460261470778,0.05069132091970634,398.0,0.03974889059058856,0.010942430329117781,0.11118071571525852,1.9659423239762661,3.4797180534283187,3.5155258677059003,398.0,3.4976219605671095,0.017903907138790705,0.18191289776763547,1.9659423239762661,completed,38.4443941116333,True,COMPLETE
326,2.854330568795131,2026-06-14 01:36:32.227069,2026-06-14 01:37:01.707782,0 days 00:00:29.480713,2,,1,10,239,ExtraTreesRegressor,10,False,-0.015182913132929774,-0.01021988655741619,398.0,-0.012701399845172982,0.0024815132877567913,0.025213450311450884,1.9659423239762661,2.8418537743204992,2.866807363269763,398.0,2.854330568795131,0.012476794474631642,0.12677064397937715,1.9659423239762661,917377922930486.4,1027294930925037.6,398.0,972336426927762.0,54958503997275.57,558406645075676.8,1.9659423239762661,8.26525135228817,8.48247460629113,398.0,8.37386297928965,0.1086116270014802,1.1035499483958642,1.9659423239762661,2.5510624446105075,2.5904439369945154,398.0,2.5707531908025114,0.019690746192004085,0.20006810084675397,1.9659423239762661,399.0,0.5764411027568922,-0.01821009474858693,-0.010055714831829498,398.0,-0.014132904790208215,0.004077189958378718,0.04142634534061118,1.9659423239762661,ExtraTreesRegressor,"{'mode': 'original', 'type': 'ExtraTreesRegressor'}",10,"['nodes_T6W30', 're_T6W30', 'l1_T6W30', 'l2_T6W30', 'l3_T6W30', 'lcc_T6W30', 'atd_T6W30', 'density_T6W30', 'diameter_T6W30', 'asp_T6W30']",0.07028558150001755,0.09270185116037911,398.0,0.08149371633019833,0.011208134830180778,0.1138804099978294,1.9659423239762661,3.4542321613530356,3.4900000991640883,398.0,3.472116130258562,0.01788396890552649,0.18171031507094565,1.9659423239762661,completed,29.473299026489258,False,COMPLETE
327,2.8773786082554964,2026-06-14 01:37:01.719406,2026-06-14 01:37:47.426270,0 days 00:00:45.706864,12,sqrt,5,11,376,ExtraTreesRegressor,11,True,-0.02348458063781454,-0.018267403528988136,398.0,-0.020875992083401337,0.0026085885544132018,0.02650460032763802,1.9659423239762661,2.8646183999515906,2.890138816559402,398.0,2.8773786082554964,0.012760208303905916,0.12965027413781346,1.9659423239762661,928130496035735.1,1039518277197377.6,398.0,983824386616556.4,55693890580821.27,565878550696902.9,1.9659423239762661,8.390273348575287,8.605554018476047,398.0,8.497913683525667,0.10764033495038022,1.0936811219869376,1.9659423239762661,2.583798552861364,2.624371249500095,398.0,2.6040849011807294,0.0202863483193655,0.2061197245546393,1.9659423239762661,399.0,0.7644110275689223,-0.036944989692514245,-0.028392631672006598,398.0,-0.03266881068226042,0.0042761790102538244,0.04344817637280007,1.9659423239762661,ExtraTreesRegressor,"{'mode': 'original', 'type': 'ExtraTreesRegressor'}",11,"['nodes_T6W30', 're_T6W30', 'pe_T6W30', 'l1_T6W30', 'l2_T6W30', 'l3_T6W30', 'lcc_T6W30', 'atd_T6W30', 'density_T6W30', 'diameter_T6W30', 'asp_T6W30']",0.007308524867421574,0.028696138410968283,398.0,0.01800233163919493,0.010693806771773355,0.10865457259916564,1.9659423239762661,3.485498073981694,3.521896994052622,398.0,3.503697534017158,0.01819946003546391,0.1849158670893962,1.9659423239762661,completed,45.69935393333435,True,COMPLETE
328,2.9573163723937728,2026-06-14 01:37:47.438724,2026-06-14 01:37:50.708778,0 days 00:00:03.270054,18,,1,7,435,ExtraTreesRegressor,4,True,,,,,,,,,,,,,,,,,,,,,,,,,,,,,,,,,,,,,,,,,,,,,ExtraTreesRegressor,"{'mode': 'original', 'type': 'ExtraTreesRegressor'}",4,"['l3_T6W30', 'atd_T6W30', 'density_T6W30', 'asp_T6W30']",,,,,,,,,,,,,,,pruned,,True,PRUNED
329,2.911270099232684,2026-06-14 01:37:50.714323,2026-06-14 01:37:51.971406,0 days 00:00:01.257083,12,sqrt,1,12,225,ExtraTreesRegressor,11,False,,,,,,,,,,,,,,,,,,,,,,,,,,,,,,,,,,,,,,,,,,,,,ExtraTreesRegressor,"{'mode': 'original', 'type': 'ExtraTreesRegressor'}",11,"['nodes_T6W30', 're_T6W30', 'pe_T6W30', 'l1_T6W30', 'l2_T6W30', 'l3_T6W30', 'lcc_T6W30', 'atd_T6W30', 'density_T6W30', 'diameter_T6W30', 'asp_T6W30']",,,,,,,,,,,,,,,pruned,,False,PRUNED
