number,value,datetime_start,datetime_complete,duration,params_et_max_depth,params_et_max_features,params_et_min_samples_leaf,params_et_min_samples_split,params_et_n_estimators,params_regressor,params_rfe_n_features,params_use_scaler,user_attrs_d2mae_ci_lower_val,user_attrs_d2mae_ci_upper_val,user_attrs_d2mae_df_val,user_attrs_d2mae_mean_val,user_attrs_d2mae_samperror_val,user_attrs_d2mae_std_val,user_attrs_d2mae_t_critical_val,user_attrs_mae_ci_lower_val,user_attrs_mae_ci_upper_val,user_attrs_mae_df_val,user_attrs_mae_mean_val,user_attrs_mae_samperror_val,user_attrs_mae_std_val,user_attrs_mae_t_critical_val,user_attrs_mape_ci_lower_val,user_attrs_mape_ci_upper_val,user_attrs_mape_df_val,user_attrs_mape_mean_val,user_attrs_mape_samperror_val,user_attrs_mape_std_val,user_attrs_mape_t_critical_val,user_attrs_max_error_ci_lower_val,user_attrs_max_error_ci_upper_val,user_attrs_max_error_df_val,user_attrs_max_error_mean_val,user_attrs_max_error_samperror_val,user_attrs_max_error_std_val,user_attrs_max_error_t_critical_val,user_attrs_median_ae_ci_lower_val,user_attrs_median_ae_ci_upper_val,user_attrs_median_ae_df_val,user_attrs_median_ae_mean_val,user_attrs_median_ae_samperror_val,user_attrs_median_ae_std_val,user_attrs_median_ae_t_critical_val,user_attrs_n_splits_val,user_attrs_r2_below_zero_val,user_attrs_r2_ci_lower_val,user_attrs_r2_ci_upper_val,user_attrs_r2_df_val,user_attrs_r2_mean_val,user_attrs_r2_samperror_val,user_attrs_r2_std_val,user_attrs_r2_t_critical_val,user_attrs_regressor_final,user_attrs_rfe_estimator,user_attrs_rfe_n_features,user_attrs_rfe_selected_features,user_attrs_rho_ci_lower_val,user_attrs_rho_ci_upper_val,user_attrs_rho_df_val,user_attrs_rho_mean_val,user_attrs_rho_samperror_val,user_attrs_rho_std_val,user_attrs_rho_t_critical_val,user_attrs_rmse_ci_lower_val,user_attrs_rmse_ci_upper_val,user_attrs_rmse_df_val,user_attrs_rmse_mean_val,user_attrs_rmse_samperror_val,user_attrs_rmse_std_val,user_attrs_rmse_t_critical_val,user_attrs_termination_reason,user_attrs_trial_time_seconds,user_attrs_use_scaler_final,state
97,2.8986365195955393,2026-06-13 23:48:12.837227,2026-06-13 23:49:02.378033,0 days 00:00:49.540806,6,sqrt,2,2,380,ExtraTreesRegressor,9,False,-0.031538426091696416,-0.025364654064614803,398.0,-0.028451540078155608,0.003086886013540805,0.03136434832064936,1.9659423239762661,2.885198916648377,2.9120741225427014,398.0,2.8986365195955393,0.013437602947162142,0.1365329518422811,1.9659423239762661,920176432931554.2,1030884222980611.5,398.0,975530327956082.9,55353895024528.68,562424021113284.75,1.9659423239762661,8.475312932873743,8.69012242510299,398.0,8.582717678988367,0.1074047461146229,1.0912874183410186,1.9659423239762661,2.602610513317074,2.645831087156337,398.0,2.6242208002367056,0.02161028691963139,0.21957162113641876,1.9659423239762661,399.0,0.8145363408521303,-0.05891035971685523,-0.047922410094155106,398.0,-0.05341638490550517,0.005493974811350065,0.05582160756574353,1.9659423239762661,ExtraTreesRegressor,"{'mode': 'original', 'type': 'ExtraTreesRegressor'}",9,"['nodes_T6W30', 'l1_T6W30', 'l2_T6W30', 'l3_T6W30', 'lcc_T6W30', 'atd_T6W30', 'density_T6W30', 'diameter_T6W30', 'asp_T6W30']",-0.0005405977797846261,0.020810462974734288,398.0,0.010134932597474831,0.010675530377259457,0.10846887503823692,1.9659423239762661,3.5194137693405403,3.5563058537761427,398.0,3.5378598115583415,0.01844604221780106,0.18742126878630472,1.9659423239762661,completed,49.53207087516785,False,COMPLETE
98,2.8473280459442263,2026-06-13 23:49:02.390624,2026-06-13 23:49:17.527119,0 days 00:00:15.136495,3,sqrt,3,10,98,ExtraTreesRegressor,11,False,-0.012420759681266163,-0.008023270008786427,398.0,-0.010222014845026295,0.0021987448362398676,0.022340377522703993,1.9659423239762661,2.835337962770935,2.8593181291175176,398.0,2.8473280459442263,0.011990083173291234,0.12182540702541299,1.9659423239762661,924173086025896.8,1034473600158003.2,398.0,979323343091950.0,55150257066053.2,560354954800854.0,1.9659423239762661,8.233404250421303,8.437074129996747,398.0,8.335239190209025,0.10183493978772211,1.0346953236056864,1.9659423239762661,2.5482084698514242,2.58258584530849,398.0,2.565397157579957,0.017188687728532714,0.17464590099139563,1.9659423239762661,399.0,0.5263157894736842,-0.011023795308773668,-0.004142070717917376,398.0,-0.007582933013345522,0.0034408622954281453,0.03496092926133272,1.9659423239762661,ExtraTreesRegressor,"{'mode': 'original', 'type': 'ExtraTreesRegressor'}",11,"['nodes_T6W30', 're_T6W30', 'pe_T6W30', 'l1_T6W30', 'l2_T6W30', 'l3_T6W30', 'lcc_T6W30', 'atd_T6W30', 'density_T6W30', 'diameter_T6W30', 'asp_T6W30']",0.07435125997492824,0.09672152318188539,398.0,0.08553639157840681,0.01118513160347857,0.11364668539263761,1.9659423239762661,3.4436368077464423,3.478514733963887,398.0,3.4610757708551647,0.017438963108722408,0.1771888274765069,1.9659423239762661,completed,15.128610134124756,False,COMPLETE
99,3.045675836522287,2026-06-13 23:49:17.539493,2026-06-13 23:49:48.862540,0 days 00:00:31.323047,13,,1,5,172,ExtraTreesRegressor,7,True,-0.08535758800820137,-0.07596542455103289,398.0,-0.08066150627961713,0.0046960817285842385,0.047714603788885965,1.9659423239762661,3.028822722898741,3.062528950145833,398.0,3.045675836522287,0.016853113623546037,0.171236295625333,1.9659423239762661,946486747000671.0,1061923772245229.2,398.0,1004205259622950.1,57718512622279.18,586449751138836.8,1.9659423239762661,8.839146278176655,9.048092768958368,398.0,8.943619523567511,0.10447324539085569,1.0615018644206113,1.9659423239762661,2.7042150930231874,2.757606487250341,398.0,2.730910790136764,0.026695697113576694,0.27124200221839684,1.9659423239762661,399.0,0.9824561403508771,-0.16685287782679248,-0.15013297403233306,398.0,-0.15849292592956277,0.008359951897229715,0.08494140765107984,1.9659423239762661,ExtraTreesRegressor,"{'mode': 'original', 'type': 'ExtraTreesRegressor'}",7,"['re_T6W30', 'l1_T6W30', 'l2_T6W30', 'l3_T6W30', 'lsc_T6W30', 'density_T6W30', 'asp_T6W30']",-0.06308046904470818,-0.04064514029431902,398.0,-0.0518628046695136,0.011217664375194584,0.11397723507262622,1.9659423239762661,3.687766637405515,3.7292785208697268,398.0,3.708522579137621,0.020755941732105872,0.21089103496314293,1.9659423239762661,completed,31.31480598449707,True,COMPLETE
100,2.855827533333716,2026-06-13 23:49:48.874870,2026-06-13 23:50:43.423997,0 days 00:00:54.549127,15,log2,4,10,443,ExtraTreesRegressor,7,False,-0.01570029472863086,-0.010777713150437847,398.0,-0.013239003939534354,0.002461290789096507,0.025007979332246348,1.9659423239762661,2.843423383362127,2.868231683305305,398.0,2.855827533333716,0.012404149971589095,0.12603253849475207,1.9659423239762661,921680100077468.5,1032222965223653.8,398.0,976951532650561.1,55271432573092.64,561586160227308.0,1.9659423239762661,8.356553761234123,8.563699527362841,398.0,8.460126644298482,0.10357288306435923,1.0523537204661044,1.9659423239762661,2.573183100715322,2.612378921646734,398.0,2.592781011181028,0.019597910465706022,0.19912484215710996,1.9659423239762661,399.0,0.6516290726817042,-0.02488717904947302,-0.01663679448034614,398.0,-0.02076198676490958,0.004125192284563439,0.04191407364416849,1.9659423239762661,ExtraTreesRegressor,"{'mode': 'original', 'type': 'ExtraTreesRegressor'}",7,"['nodes_T6W30', 'l1_T6W30', 'l3_T6W30', 'lcc_T6W30', 'atd_T6W30', 'density_T6W30', 'asp_T6W30']",0.030703402238412073,0.0524846752958321,398.0,0.04159403876712209,0.010890636528710014,0.1106544640850676,1.9659423239762661,3.4654933489590594,3.5013431988477475,398.0,3.4834182739034034,0.01792492494434386,0.18212644947359846,1.9659423239762661,completed,54.54020595550537,False,COMPLETE
101,2.8266105505482177,2026-06-13 23:50:43.437710,2026-06-13 23:51:38.857949,0 days 00:00:55.420239,2,,5,9,475,ExtraTreesRegressor,2,False,-0.004766644234609356,-0.0009392593485785883,398.0,-0.002852951791593972,0.0019136924430153837,0.01944409871243712,1.9659423239762661,2.8149592744095777,2.838261826686858,398.0,2.8266105505482177,0.011651276138640115,0.11838295343248133,1.9659423239762661,922668763228062.5,1032854757645553.2,398.0,977761760436807.9,55092997208745.33,559773165223423.3,1.9659423239762661,8.21405330977239,8.422661412024867,398.0,8.318357360898629,0.10430405112623772,1.0597827637391946,1.9659423239762661,2.5300159412160133,2.565237913927189,398.0,2.547626927571601,0.017610986355587773,0.17893667207143757,1.9659423239762661,399.0,0.3308270676691729,0.0035991422745769363,0.009669228500013661,398.0,0.006634185387295298,0.003035043112718362,0.03083759780501148,1.9659423239762661,ExtraTreesRegressor,"{'mode': 'original', 'type': 'ExtraTreesRegressor'}",2,"['nodes_T6W30', 'density_T6W30']",0.12941092257044753,0.1534589087727433,398.0,0.1414349156715954,0.012023993101147882,0.12216994931954325,1.9659423239762661,3.4193811211117175,3.4543329261801343,398.0,3.436857023645926,0.017475902534208304,0.17756415102348017,1.9659423239762661,completed,55.41165328025818,False,COMPLETE
102,2.903110937085587,2026-06-13 23:51:38.880710,2026-06-13 23:52:38.803759,0 days 00:00:59.923049,20,sqrt,3,12,466,ExtraTreesRegressor,11,True,-0.03291790131885845,-0.027111901181556455,398.0,-0.030014901250207452,0.0029030000686509974,0.029495972617271795,1.9659423239762661,2.8898413892386183,2.916380484932556,398.0,2.903110937085587,0.013269547846968809,0.13482542565686187,1.9659423239762661,929858309304722.9,1041724767444793.9,398.0,985791538374758.4,55933229070035.484,568310352748978.6,1.9659423239762661,8.490230707630738,8.709276648175619,398.0,8.599753677903179,0.10952297027244115,1.112809664389495,1.9659423239762661,2.608812526993994,2.654218644999817,398.0,2.6315155859969055,0.022703059002911554,0.2306747471037319,1.9659423239762661,399.0,0.849624060150376,-0.0585373905926475,-0.048718560930293024,398.0,-0.05362797576147026,0.004909414831177239,0.049882177748112516,1.9659423239762661,ExtraTreesRegressor,"{'mode': 'original', 'type': 'ExtraTreesRegressor'}",11,"['nodes_T6W30', 're_T6W30', 'pe_T6W30', 'l1_T6W30', 'l2_T6W30', 'l3_T6W30', 'lcc_T6W30', 'atd_T6W30', 'density_T6W30', 'diameter_T6W30', 'asp_T6W30']",-0.020434219801607652,0.0006380980416246136,398.0,-0.009898060879991519,0.010536158921616133,0.107052789422643,1.9659423239762661,3.520181386197295,3.557379422352811,398.0,3.538780404275053,0.018599018077757913,0.18897558214134633,1.9659423239762661,completed,59.91430878639221,True,COMPLETE
103,2.840632125969009,2026-06-13 23:52:38.816260,2026-06-13 23:53:00.061820,0 days 00:00:21.245560,4,log2,4,2,153,ExtraTreesRegressor,5,False,-0.010133692160293657,-0.005533974092474125,398.0,-0.007833833126383891,0.002299859033909766,0.023367749735986328,1.9659423239762661,2.82843664337806,2.8528276085599575,398.0,2.840632125969009,0.012195482590948747,0.12391237066838834,1.9659423239762661,920202060536498.2,1030509022791129.5,398.0,975355541663813.9,55153481127315.57,560387712920200.4,1.9659423239762661,8.297646553959172,8.512085333627134,398.0,8.404865943793153,0.10721938983398145,1.0894041032707644,1.9659423239762661,2.535205717318537,2.5701120855221613,398.0,2.552658901420349,0.017453184101812184,0.1773333200748007,1.9659423239762661,399.0,0.5037593984962406,-0.013417779287984537,-0.005570354064756423,398.0,-0.00949406667637048,0.0039237126116140565,0.039866936621876424,1.9659423239762661,ExtraTreesRegressor,"{'mode': 'original', 'type': 'ExtraTreesRegressor'}",5,"['nodes_T6W30', 'lcc_T6W30', 'atd_T6W30', 'density_T6W30', 'asp_T6W30']",0.07476743180107241,0.09730283699607346,398.0,0.08603513439857294,0.011267702597500531,0.11448564912706993,1.9659423239762661,3.4463981142797935,3.4821518022218316,398.0,3.4642749582508126,0.01787684397101894,0.1816379220746781,1.9659423239762661,completed,21.237555980682373,False,COMPLETE
104,2.8461541573800333,2026-06-13 23:53:00.074413,2026-06-13 23:53:26.675685,0 days 00:00:26.601272,13,,4,11,193,ExtraTreesRegressor,2,False,-0.012718822036838162,-0.0068636220030140645,398.0,-0.009791222019926113,0.0029276000169120484,0.02974592073409408,1.9659423239762661,2.832896347803845,2.8594119669562215,398.0,2.8461541573800333,0.01325780957618794,0.13470615879315576,1.9659423239762661,919071606271438.9,1031246311159704.4,398.0,975158958715571.6,56087352444132.75,569876325437421.2,1.9659423239762661,8.445449164036834,8.682918458542343,398.0,8.564183811289588,0.11873464725275466,1.2064050366061898,1.9659423239762661,2.546805838511042,2.588784987819901,398.0,2.5677954131654714,0.020989574654429313,0.2132648655233839,1.9659423239762661,399.0,0.6691729323308271,-0.03434031237603585,-0.023497752718503497,398.0,-0.028919032547269675,0.0054212798287661765,0.05508298918303581,1.9659423239762661,ExtraTreesRegressor,"{'mode': 'original', 'type': 'ExtraTreesRegressor'}",2,"['atd_T6W30', 'density_T6W30']",0.057337848291012745,0.08059661580403804,398.0,0.06896723204752539,0.011629383756512644,0.11816051557905793,1.9659423239762661,3.4778521916866136,3.5157236379169587,398.0,3.496787914801786,0.018935723115172352,0.19239667836208765,1.9659423239762661,completed,26.593122005462646,False,COMPLETE
105,2.9198933199172528,2026-06-13 23:53:26.688594,2026-06-13 23:54:29.130070,0 days 00:01:02.441476,17,sqrt,2,12,473,ExtraTreesRegressor,9,True,-0.03925281646379679,-0.03272015137067588,398.0,-0.035986483917236335,0.0032663325465604534,0.03318761731790829,1.9659423239762661,2.9060234858749867,2.933763153959519,398.0,2.9198933199172528,0.013869834042266202,0.14092464190222903,1.9659423239762661,928661371215621.6,1040988638688099.4,398.0,984825004951860.5,56163633736238.84,570651382567963.1,1.9659423239762661,8.592899404490577,8.814898066316793,398.0,8.703898735403685,0.11099933091310887,1.1278102472350162,1.9659423239762661,2.6420905364908562,2.689254745168419,398.0,2.6656726408296376,0.023582104338781263,0.23960629947816986,1.9659423239762661,399.0,0.8872180451127819,-0.07633268525572412,-0.06484900550289424,398.0,-0.07059084537930918,0.005741839876414936,0.05834004401046918,1.9659423239762661,ExtraTreesRegressor,"{'mode': 'original', 'type': 'ExtraTreesRegressor'}",9,"['nodes_T6W30', 'l1_T6W30', 'l2_T6W30', 'l3_T6W30', 'lcc_T6W30', 'atd_T6W30', 'density_T6W30', 'diameter_T6W30', 'asp_T6W30']",-0.02580897378278264,-0.004493269925046613,398.0,-0.015151121853914627,0.010657851928868013,0.10828925291721087,1.9659423239762661,3.547710971589196,3.585452455386851,398.0,3.5665817134880236,0.01887074189882728,0.1917364358086516,1.9659423239762661,completed,62.432044982910156,True,COMPLETE
106,2.9178141641924586,2026-06-13 23:54:29.143277,2026-06-13 23:55:24.303457,0 days 00:00:55.160180,9,,4,6,396,ExtraTreesRegressor,5,False,-0.039158333130803,-0.03148301723371413,398.0,-0.035320675182258565,0.003837657948544433,0.0389925770195807,1.9659423239762661,2.9032324787875106,2.9323958495974067,398.0,2.9178141641924586,0.014581685404947937,0.14815741758417558,1.9659423239762661,920994510416718.6,1033014856843638.6,398.0,977004683630178.6,56010173213460.02,569092144789570.8,1.9659423239762661,8.655336009497612,8.879104259374307,398.0,8.76722013443596,0.11188412493834776,1.1368002092478313,1.9659423239762661,2.657526537721634,2.7104952200485517,398.0,2.684010878885093,0.026484341163458686,0.2690945171444212,1.9659423239762661,399.0,0.8822055137844611,-0.08735216298566723,-0.07358159329038441,398.0,-0.08046687813802582,0.0068852848476414095,0.06995803256130166,1.9659423239762661,ExtraTreesRegressor,"{'mode': 'original', 'type': 'ExtraTreesRegressor'}",5,"['nodes_T6W30', 'l1_T6W30', 'atd_T6W30', 'density_T6W30', 'asp_T6W30']",0.007795577514636151,0.02952272554067331,398.0,0.01865915152765473,0.01086357401301858,0.11037949501758151,1.9659423239762661,3.5628604976955787,3.601238728934656,398.0,3.5820496133151174,0.0191891156195387,0.19497127643079695,1.9659423239762661,completed,55.151273012161255,False,COMPLETE
107,2.8414702696660745,2026-06-13 23:55:24.316733,2026-06-13 23:55:36.078597,0 days 00:00:11.761864,2,log2,3,12,68,ExtraTreesRegressor,13,True,-0.009860305933794609,-0.006394193649281376,398.0,-0.008127249791537993,0.0017330561422566168,0.017608741063499217,1.9659423239762661,2.8300074839189264,2.8529330554132226,398.0,2.8414702696660745,0.011462785747148091,0.11646779418529221,1.9659423239762661,931849973777962.9,1042892025149596.6,398.0,987370999463779.8,55521025685816.91,564122154524337.2,1.9659423239762661,8.16710041887825,8.360018437425902,398.0,8.263559428152076,0.09645900927382474,0.9800731067677935,1.9659423239762661,2.5461891019976575,2.5811533349424245,398.0,2.563671218470041,0.017482116472383645,0.1776272878288301,1.9659423239762661,399.0,0.40100250626566414,-0.0007389862118253347,0.004317575815228649,398.0,0.0017892948017016572,0.002528281013526992,0.025688634440306567,1.9659423239762661,ExtraTreesRegressor,"{'mode': 'original', 'type': 'ExtraTreesRegressor'}",13,"['nodes_T6W30', 'edges_T6W30', 're_T6W30', 'pe_T6W30', 'l1_T6W30', 'l2_T6W30', 'l3_T6W30', 'lcc_T6W30', 'lsc_T6W30', 'atd_T6W30', 'density_T6W30', 'diameter_T6W30', 'asp_T6W30']",0.1021607163903079,0.1249654894727938,398.0,0.11356310293155085,0.01140238654124295,0.1158541072127284,1.9659423239762661,3.4281809930527096,3.4623191782276326,398.0,3.445250085640171,0.017069092587461258,0.17343075289536344,1.9659423239762661,completed,11.752445220947266,True,COMPLETE
108,2.890179103437593,2026-06-13 23:55:36.092488,2026-06-13 23:56:10.463460,0 days 00:00:34.370972,18,,3,12,238,ExtraTreesRegressor,4,True,-0.029248495856135235,-0.021590304590907352,398.0,-0.025419400223521293,0.003829095632613943,0.03890557948935207,1.9659423239762661,2.8751654469042434,2.9051927599709426,398.0,2.890179103437593,0.015013656533349566,0.15254646624882384,1.9659423239762661,903831071658982.6,1013708855770237.4,398.0,958769963714610.0,54938892055627.39,558207377669494.9,1.9659423239762661,8.71020499832044,8.921027173562296,398.0,8.815616085941368,0.10541108762092755,1.0710308234572452,1.9659423239762661,2.603295428634743,2.651787939475404,398.0,2.6275416840550734,0.024246255420330376,0.2463544157895165,1.9659423239762661,399.0,0.7919799498746867,-0.06826900692725084,-0.054609527399601066,398.0,-0.06143926716342595,0.006829739763824888,0.06939366596380533,1.9659423239762661,ExtraTreesRegressor,"{'mode': 'original', 'type': 'ExtraTreesRegressor'}",4,"['l1_T6W30', 'l3_T6W30', 'atd_T6W30', 'density_T6W30']",0.0365395122792873,0.05903476545306058,398.0,0.04778713886617394,0.011247626586886638,0.11428166654170036,1.9659423239762661,3.530887292324343,3.5706997233661233,398.0,3.550793507845233,0.019906215520890173,0.20225737996297502,1.9659423239762661,completed,34.36166191101074,True,COMPLETE
109,2.9623576845427135,2026-06-13 23:56:10.476859,2026-06-13 23:56:13.127366,0 days 00:00:02.650507,11,,1,4,324,ExtraTreesRegressor,6,True,,,,,,,,,,,,,,,,,,,,,,,,,,,,,,,,,,,,,,,,,,,,,ExtraTreesRegressor,"{'mode': 'original', 'type': 'ExtraTreesRegressor'}",6,"['l1_T6W30', 'l2_T6W30', 'l3_T6W30', 'atd_T6W30', 'density_T6W30', 'asp_T6W30']",,,,,,,,,,,,,,,pruned,,True,PRUNED
110,2.8642131132227266,2026-06-13 23:56:13.134105,2026-06-13 23:57:09.335639,0 days 00:00:56.201534,19,log2,1,12,448,ExtraTreesRegressor,3,False,-0.019747062280275438,-0.01261383799826988,398.0,-0.01618045013927266,0.00356661214100278,0.03623861231816406,1.9659423239762661,2.8496371256462627,2.8787891007991906,398.0,2.8642131132227266,0.014575987576464043,0.1480995247185316,1.9659423239762661,913684036743838.2,1025413225232464.0,398.0,969548630988151.1,55864594244312.82,567612987646590.8,1.9659423239762661,8.584131134414983,8.821805853996496,398.0,8.70296849420574,0.11883735979075666,1.2074486487786706,1.9659423239762661,2.57122719053123,2.6251439488649777,398.0,2.5981855696981038,0.02695837916687385,0.27391098687836,1.9659423239762661,399.0,0.7293233082706767,-0.050607770014864245,-0.03768830694235217,398.0,-0.04414803847860821,0.006459731536256035,0.06563419221580515,1.9659423239762661,ExtraTreesRegressor,"{'mode': 'original', 'type': 'ExtraTreesRegressor'}",3,"['atd_T6W30', 'density_T6W30', 'asp_T6W30']",0.050621266325100285,0.07439829128476877,398.0,0.06250977880493452,0.011888512479834239,0.12079339658032988,1.9659423239762661,3.5022583006687595,3.541846456598055,398.0,3.5220523786334073,0.019794077964647612,0.2011180047614321,1.9659423239762661,completed,56.193171977996826,False,COMPLETE
111,2.834233969877295,2026-06-13 23:57:09.348769,2026-06-13 23:57:29.882858,0 days 00:00:20.534089,12,log2,3,8,150,ExtraTreesRegressor,3,True,-0.0073403515424291625,-0.0037939393432101613,398.0,-0.005567145442819662,0.0017732060996095004,0.01801668526420866,1.9659423239762661,2.8228015838325597,2.8456663559220305,398.0,2.834233969877295,0.011432386044735609,0.11615891758566181,1.9659423239762661,934538508633643.4,1045880122920704.6,398.0,990209315777174.0,55670807143530.62,565644011110910.4,1.9659423239762661,8.214196322342218,8.401582835122557,398.0,8.307889578732388,0.09369325639016886,0.9519716360846174,1.9659423239762661,2.563348755836369,2.594832555742383,398.0,2.579090655789376,0.015741899953007003,0.1599457936539058,1.9659423239762661,399.0,0.42606516290726815,-0.0013179104769727133,0.0038150218030143183,398.0,0.0012485556630208025,0.002566466139993516,0.02607661494943795,1.9659423239762661,ExtraTreesRegressor,"{'mode': 'original', 'type': 'ExtraTreesRegressor'}",3,"['nodes_T6W30', 'l1_T6W30', 'density_T6W30']",0.08025893215147321,0.10258432903716956,398.0,0.09142163059432139,0.011162698442848179,0.1134187529517058,1.9659423239762661,3.4291356206869787,3.4631205136656638,398.0,3.4461280671763213,0.016992446489342616,0.17265198914825175,1.9659423239762661,completed,20.525856733322144,True,COMPLETE
