number,value,datetime_start,datetime_complete,duration,params_regressor,params_rfe_n_features,params_use_scaler,user_attrs_d2mae_ci_lower_val,user_attrs_d2mae_ci_upper_val,user_attrs_d2mae_df_val,user_attrs_d2mae_mean_val,user_attrs_d2mae_samperror_val,user_attrs_d2mae_std_val,user_attrs_d2mae_t_critical_val,user_attrs_mae_ci_lower_val,user_attrs_mae_ci_upper_val,user_attrs_mae_df_val,user_attrs_mae_mean_val,user_attrs_mae_samperror_val,user_attrs_mae_std_val,user_attrs_mae_t_critical_val,user_attrs_mape_ci_lower_val,user_attrs_mape_ci_upper_val,user_attrs_mape_df_val,user_attrs_mape_mean_val,user_attrs_mape_samperror_val,user_attrs_mape_std_val,user_attrs_mape_t_critical_val,user_attrs_max_error_ci_lower_val,user_attrs_max_error_ci_upper_val,user_attrs_max_error_df_val,user_attrs_max_error_mean_val,user_attrs_max_error_samperror_val,user_attrs_max_error_std_val,user_attrs_max_error_t_critical_val,user_attrs_median_ae_ci_lower_val,user_attrs_median_ae_ci_upper_val,user_attrs_median_ae_df_val,user_attrs_median_ae_mean_val,user_attrs_median_ae_samperror_val,user_attrs_median_ae_std_val,user_attrs_median_ae_t_critical_val,user_attrs_n_splits_val,user_attrs_r2_below_zero_val,user_attrs_r2_ci_lower_val,user_attrs_r2_ci_upper_val,user_attrs_r2_df_val,user_attrs_r2_mean_val,user_attrs_r2_samperror_val,user_attrs_r2_std_val,user_attrs_r2_t_critical_val,user_attrs_regressor_final,user_attrs_rfe_estimator,user_attrs_rfe_n_features,user_attrs_rfe_selected_features,user_attrs_rho_ci_lower_val,user_attrs_rho_ci_upper_val,user_attrs_rho_df_val,user_attrs_rho_mean_val,user_attrs_rho_samperror_val,user_attrs_rho_std_val,user_attrs_rho_t_critical_val,user_attrs_rmse_ci_lower_val,user_attrs_rmse_ci_upper_val,user_attrs_rmse_df_val,user_attrs_rmse_mean_val,user_attrs_rmse_samperror_val,user_attrs_rmse_std_val,user_attrs_rmse_t_critical_val,user_attrs_termination_reason,user_attrs_trial_time_seconds,user_attrs_use_scaler_final,state
482,2.9870272726274987,2026-06-13 17:40:43.936181,2026-06-13 17:40:47.302330,0 days 00:00:03.366149,LinearRegression,13,False,-0.0647915472444363,-0.05492599075109032,398,-0.05985876899776331,0.004932778246672985,0.05011956205655612,1.9659423239762661,2.9697906735626654,3.004263871692332,398,2.9870272726274987,0.017236599064833172,0.17513270479096696,1.9659423239762661,934549782184624.6,1047934232285839.1,398,991242007235231.9,56692225050607.195,576022141977411.5,1.9659423239762661,9.04715508746331,9.400705216378284,398,9.223930151920797,0.17677506445748714,1.7961255037370618,1.9659423239762661,2.633505826123324,2.6766594678970463,398,2.655082647010185,0.02157682088686107,0.21923158904449366,1.9659423239762661,399,0.9147869674185464,-0.13634080442321692,-0.11432285870064926,398,-0.1253318315619331,0.011008972861283826,0.11185682203983248,1.9659423239762661,LinearRegression,"{'mode': 'original', 'type': 'LinearRegression'}",13,"['nodes_T6W30', 'edges_T6W30', 're_T6W30', 'pe_T6W30', 'l1_T6W30', 'l2_T6W30', 'l3_T6W30', 'lcc_T6W30', 'lsc_T6W30', 'atd_T6W30', 'density_T6W30', 'diameter_T6W30', 'asp_T6W30']",-0.03032110014051321,-0.0060415827869229125,398,-0.01818134146371806,0.012139758676795148,0.12334618706276221,1.9659423239762661,3.6293874009271043,3.678278872757889,398,3.6538331368424966,0.0244457359153924,0.24838124013704863,1.9659423239762661,completed,3.358220100402832,False,COMPLETE
483,2.9130869205195755,2026-06-13 17:40:47.315108,2026-06-13 17:40:50.596077,0 days 00:00:03.280969,LinearRegression,9,True,-0.037808431431218335,-0.029524789889746782,398,-0.03366661066048256,0.004141820770735776,0.04208302760944823,1.9659423239762661,2.8979964955891653,2.9281773454499858,398,2.9130869205195755,0.01509042493041015,0.15332647261603796,1.9659423239762661,920200420353880.8,1031038996379351.2,398,975619708366616.0,55419288012735.21,563088447480452.5,1.9659423239762661,8.468658004310333,8.713567048636987,398,8.59111252647366,0.12245452216332628,1.2442008774285027,1.9659423239762661,2.541744227259757,2.5821113305647123,398,2.5619277789122346,0.02018355165247767,0.20507525758944242,1.9659423239762661,399,0.7468671679197995,-0.07030081170833045,-0.053562984713712625,398,-0.06193189821102154,0.008368913497308918,0.08503246211346087,1.9659423239762661,LinearRegression,"{'mode': 'original', 'type': 'LinearRegression'}",9,"['nodes_T6W30', 'edges_T6W30', 're_T6W30', 'l1_T6W30', 'l2_T6W30', 'lcc_T6W30', 'atd_T6W30', 'density_T6W30', 'diameter_T6W30']",0.041005068093746114,0.0650582276999139,398,0.05303164789683001,0.012026579803083892,0.12219623154057986,1.9659423239762661,3.5296878611119262,3.5710932800939346,398,3.5503905706029304,0.020702709491004,0.2103501680362515,1.9659423239762661,completed,3.272916793823242,True,COMPLETE
484,2.8349319657834124,2026-06-13 17:40:50.608858,2026-06-13 17:40:53.903558,0 days 00:00:03.294700,LinearRegression,2,True,-0.00829361207307145,-0.0032907994938684683,398,-0.00579220578346996,0.0025014062896014915,0.02541557343367295,1.9659423239762661,2.822332639563202,2.847531292003623,398,2.8349319657834124,0.012599326220210805,0.12801562948639747,1.9659423239762661,917906777585565.0,1027875625603208.8,398,972891201594386.9,54984424008821.875,558670005713888.75,1.9659423239762661,8.263067934224233,8.518794972635467,398,8.39093145342985,0.12786351920561745,1.2991590671885405,1.9659423239762661,2.5489328156747733,2.5913059205713105,398,2.570119368123042,0.02118655244826869,0.21526626114029712,1.9659423239762661,399,0.41854636591478694,-0.007210958064530067,0.0022081718751219507,398,-0.002501393094704058,0.004709564969826009,0.047851600449256064,1.9659423239762661,LinearRegression,"{'mode': 'original', 'type': 'LinearRegression'}",2,"['nodes_T6W30', 'lcc_T6W30']",0.12072005620682386,0.1451399215825418,398,0.13292998889468283,0.012209932687858976,0.12405919107923977,1.9659423239762661,3.4334691298338336,3.4708302960512056,398,3.4521497129425196,0.018680583108685932,0.18980432477375617,1.9659423239762661,completed,3.28698992729187,True,COMPLETE
485,2.931281990711572,2026-06-13 17:40:53.915669,2026-06-13 17:40:57.399621,0 days 00:00:03.483952,LinearRegression,10,True,-0.04449747252101671,-0.035773910938733236,398,-0.040135691729874974,0.0043617807911417355,0.044317934459382834,1.9659423239762661,2.915746356965465,2.946817624457679,398,2.931281990711572,0.015535633746106812,0.1578500229867615,1.9659423239762661,930033456829043.0,1042213396066388.8,398,986123426447715.9,56089969618672.875,569902917275776.2,1.9659423239762661,8.51442552541188,8.773106471104786,398,8.643765998258333,0.129340472846453,1.3141656752205237,1.9659423239762661,2.559094392051792,2.599792086083405,398,2.5794432390675985,0.02034884701580651,0.20675474343002495,1.9659423239762661,399,0.7994987468671679,-0.08278968603055308,-0.06512688105581076,398,-0.07395828354318192,0.008831402487371165,0.08973158793642538,1.9659423239762661,LinearRegression,"{'mode': 'original', 'type': 'LinearRegression'}",10,"['nodes_T6W30', 'edges_T6W30', 're_T6W30', 'l1_T6W30', 'l2_T6W30', 'lcc_T6W30', 'atd_T6W30', 'density_T6W30', 'diameter_T6W30', 'asp_T6W30']",0.02652795775094328,0.050589712485163155,398,0.03855883511805322,0.012030877367109939,0.12223989699970338,1.9659423239762661,3.548973230988603,3.5915134808624933,398,3.570243355925548,0.021270124936945266,0.21611540057511186,1.9659423239762661,completed,3.476538896560669,True,COMPLETE
486,2.8597694652366177,2026-06-13 17:40:57.412184,2026-06-13 17:41:00.730228,0 days 00:00:03.318044,LinearRegression,6,False,-0.018063424979408663,-0.011295326208620192,398,-0.014679375594014428,0.003384049385394235,0.03438368089790211,1.9659423239762661,2.8459755493161687,2.8735633811570667,398,2.8597694652366177,0.013793915920449186,0.14015327476846592,1.9659423239762661,914326273451419.4,1024256603256255.1,398,969291438353837.2,54965164902417.87,558474323295117.9,1.9659423239762661,8.180635134804247,8.38446246341635,398,8.282548799110298,0.10191366430605167,1.03549520517029,1.9659423239762661,2.54854596119697,2.5887704078696654,398,2.5686581845333176,0.020112223336347646,0.2043505252402679,1.9659423239762661,399,0.5839598997493735,-0.026748105024731454,-0.014080319406776058,398,-0.020414212215753756,0.006333892808977697,0.0643556060751858,1.9659423239762661,LinearRegression,"{'mode': 'original', 'type': 'LinearRegression'}",6,"['edges_T6W30', 're_T6W30', 'l1_T6W30', 'l2_T6W30', 'atd_T6W30', 'density_T6W30']",0.09059834261138781,0.11505939891431989,398,0.10282887076285385,0.012230528151466042,0.12426845157397902,1.9659423239762661,3.462714567546525,3.499840408981051,398,3.481277488263788,0.018562920717263214,0.18860881440744054,1.9659423239762661,completed,3.3104748725891113,False,COMPLETE
487,2.9130869205195755,2026-06-13 17:41:00.742244,2026-06-13 17:41:04.160528,0 days 00:00:03.418284,LinearRegression,9,True,-0.037808431431218335,-0.029524789889746782,398,-0.03366661066048256,0.004141820770735776,0.04208302760944823,1.9659423239762661,2.8979964955891653,2.9281773454499858,398,2.9130869205195755,0.01509042493041015,0.15332647261603796,1.9659423239762661,920200420353880.8,1031038996379351.2,398,975619708366616.0,55419288012735.21,563088447480452.5,1.9659423239762661,8.468658004310333,8.713567048636987,398,8.59111252647366,0.12245452216332628,1.2442008774285027,1.9659423239762661,2.541744227259757,2.5821113305647123,398,2.5619277789122346,0.02018355165247767,0.20507525758944242,1.9659423239762661,399,0.7468671679197995,-0.07030081170833045,-0.053562984713712625,398,-0.06193189821102154,0.008368913497308918,0.08503246211346087,1.9659423239762661,LinearRegression,"{'mode': 'original', 'type': 'LinearRegression'}",9,"['nodes_T6W30', 'edges_T6W30', 're_T6W30', 'l1_T6W30', 'l2_T6W30', 'lcc_T6W30', 'atd_T6W30', 'density_T6W30', 'diameter_T6W30']",0.041005068093746114,0.0650582276999139,398,0.05303164789683001,0.012026579803083892,0.12219623154057986,1.9659423239762661,3.5296878611119262,3.5710932800939346,398,3.5503905706029304,0.020702709491004,0.2103501680362515,1.9659423239762661,completed,3.410291910171509,True,COMPLETE
488,2.9870272726274982,2026-06-13 17:41:04.173936,2026-06-13 17:41:07.508593,0 days 00:00:03.334657,LinearRegression,13,True,-0.0647915472444362,-0.054925990751090246,398,-0.05985876899776322,0.004932778246672973,0.05011956205655601,1.9659423239762661,2.969790673562665,3.0042638716923316,398,2.9870272726274982,0.017236599064833123,0.1751327047909665,1.9659423239762661,934549782184624.0,1047934232285838.2,398,991242007235231.1,56692225050607.16,576022141977411.1,1.9659423239762661,9.047155087463308,9.40070521637828,398,9.223930151920793,0.17677506445748586,1.796125503737049,1.9659423239762661,2.633505826123323,2.6766594678970455,398,2.6550826470101843,0.021576820886860977,0.2192315890444927,1.9659423239762661,399,0.9147869674185464,-0.13634080442321736,-0.1143228587006497,398,-0.12533183156193353,0.011008972861283824,0.11185682203983247,1.9659423239762661,LinearRegression,"{'mode': 'original', 'type': 'LinearRegression'}",13,"['nodes_T6W30', 'edges_T6W30', 're_T6W30', 'pe_T6W30', 'l1_T6W30', 'l2_T6W30', 'l3_T6W30', 'lcc_T6W30', 'lsc_T6W30', 'atd_T6W30', 'density_T6W30', 'diameter_T6W30', 'asp_T6W30']",-0.03032110014051321,-0.0060415827869229125,398,-0.01818134146371806,0.012139758676795148,0.12334618706276221,1.9659423239762661,3.629387400927105,3.6782788727578897,398,3.6538331368424974,0.024445735915392383,0.24838124013704843,1.9659423239762661,completed,3.32639217376709,True,COMPLETE
489,2.952807598088823,2026-06-13 17:41:07.521948,2026-06-13 17:41:10.842002,0 days 00:00:03.320054,LinearRegression,11,False,-0.05246676441730107,-0.043032211011464205,398,-0.04774948771438264,0.00471727670291843,0.047929955620715455,1.9659423239762661,2.9363158847973208,2.969299311380325,398,2.952807598088823,0.0164917132915022,0.16756428251966626,1.9659423239762661,931914845368829.2,1043927278413327.0,398,987921061891078.1,56006216522248.81,569051942773428.5,1.9659423239762661,9.052958127672348,9.419562695013685,398,9.236260411343016,0.1833022836706694,1.8624454054339366,1.9659423239762661,2.5846146070720537,2.624318831445722,398,2.604466719258888,0.019852112186834248,0.20170766228399536,1.9659423239762661,399,0.8646616541353384,-0.11366950203741001,-0.09228963687585444,398,-0.10297956945663223,0.010689932580777783,0.10861520882761307,1.9659423239762661,LinearRegression,"{'mode': 'original', 'type': 'LinearRegression'}",11,"['nodes_T6W30', 'edges_T6W30', 're_T6W30', 'pe_T6W30', 'l1_T6W30', 'l2_T6W30', 'lcc_T6W30', 'atd_T6W30', 'density_T6W30', 'diameter_T6W30', 'asp_T6W30']",0.00801524194334665,0.032428467219649496,398,0.020221854581498073,0.012206612638151423,0.12402545766795965,1.9659423239762661,3.5934359417175794,3.6416501817528864,398,3.617543061735233,0.02410712001765351,0.24494072859337493,1.9659423239762661,completed,3.311582088470459,False,COMPLETE
490,2.9671921206632894,2026-06-13 17:41:10.854820,2026-06-13 17:41:14.320996,0 days 00:00:03.466176,LinearRegression,12,False,-0.05764836425888693,-0.04805872493266709,398,-0.05285354459577701,0.0047948196631099164,0.04871783194740569,1.9659423239762661,2.950469970282026,2.983914271044553,398,2.9671921206632894,0.016722150381263585,0.1699056417786635,1.9659423239762661,939083441157967.5,1052772109553631.8,398,995927775355799.6,56844334197832.13,577567649085672.9,1.9659423239762661,9.024327612934481,9.382726411235517,398,9.203527012084999,0.1791993991505168,1.820757990140665,1.9659423239762661,2.6201669180796197,2.662096272586778,398,2.641131595333199,0.020964677253579315,0.21301189513539007,1.9659423239762661,399,0.8671679197994987,-0.12142620773675625,-0.09996804149790947,398,-0.11069712461733286,0.010729083119423395,0.10901299842063192,1.9659423239762661,LinearRegression,"{'mode': 'original', 'type': 'LinearRegression'}",12,"['nodes_T6W30', 'edges_T6W30', 're_T6W30', 'pe_T6W30', 'l1_T6W30', 'l2_T6W30', 'lcc_T6W30', 'lsc_T6W30', 'atd_T6W30', 'density_T6W30', 'diameter_T6W30', 'asp_T6W30']",-0.011725448421892217,0.012359315967304182,398,0.0003169337727059828,0.0120423821945982,0.12235679195958463,1.9659423239762661,3.606024858846365,3.654053371299225,398,3.630039115072795,0.0240142562264302,0.2439971847496672,1.9659423239762661,completed,3.4580368995666504,False,COMPLETE
491,2.931281990711572,2026-06-13 17:41:14.334189,2026-06-13 17:41:17.795925,0 days 00:00:03.461736,LinearRegression,10,True,-0.04449747252101671,-0.035773910938733236,398,-0.040135691729874974,0.0043617807911417355,0.044317934459382834,1.9659423239762661,2.915746356965465,2.946817624457679,398,2.931281990711572,0.015535633746106812,0.1578500229867615,1.9659423239762661,930033456829043.0,1042213396066388.8,398,986123426447715.9,56089969618672.875,569902917275776.2,1.9659423239762661,8.51442552541188,8.773106471104786,398,8.643765998258333,0.129340472846453,1.3141656752205237,1.9659423239762661,2.559094392051792,2.599792086083405,398,2.5794432390675985,0.02034884701580651,0.20675474343002495,1.9659423239762661,399,0.7994987468671679,-0.08278968603055308,-0.06512688105581076,398,-0.07395828354318192,0.008831402487371165,0.08973158793642538,1.9659423239762661,LinearRegression,"{'mode': 'original', 'type': 'LinearRegression'}",10,"['nodes_T6W30', 'edges_T6W30', 're_T6W30', 'l1_T6W30', 'l2_T6W30', 'lcc_T6W30', 'atd_T6W30', 'density_T6W30', 'diameter_T6W30', 'asp_T6W30']",0.02652795775094328,0.050589712485163155,398,0.03855883511805322,0.012030877367109939,0.12223989699970338,1.9659423239762661,3.548973230988603,3.5915134808624933,398,3.570243355925548,0.021270124936945266,0.21611540057511186,1.9659423239762661,completed,3.453075885772705,True,COMPLETE
492,2.9439911709577973,2026-06-13 17:41:17.810394,2026-06-13 17:41:21.341131,0 days 00:00:03.530737,LinearRegression,11,True,-0.04914895320386655,-0.04013314372675938,398,-0.044641048465312964,0.004507904738553587,0.04580262886160876,1.9659423239762661,2.928051704460118,2.9599306374554764,398,2.9439911709577973,0.01593946649767904,0.1619531712818517,1.9659423239762661,936913311124614.6,1050781053735931.4,398,993847182430273.0,56933871305658.39,578477392116406.0,1.9659423239762661,8.506874922206855,8.771139572417283,398,8.639007247312069,0.13213232510521483,1.342532328967857,1.9659423239762661,2.5897028615004736,2.6332482233390344,398,2.611475542419754,0.02177268091928056,0.22122162763093706,1.9659423239762661,399,0.8145363408521303,-0.09129608521135027,-0.07295755899384898,398,-0.08212682210259963,0.009169263108750644,0.09316442548413321,1.9659423239762661,LinearRegression,"{'mode': 'original', 'type': 'LinearRegression'}",11,"['nodes_T6W30', 'edges_T6W30', 're_T6W30', 'l1_T6W30', 'l2_T6W30', 'lcc_T6W30', 'lsc_T6W30', 'atd_T6W30', 'density_T6W30', 'diameter_T6W30', 'asp_T6W30']",0.007033579129990778,0.03109789680283892,398,0.01906573796641485,0.012032158836424072,0.12225291738651209,1.9659423239762661,3.5619405044661594,3.6050806283248242,398,3.583510566395492,0.02157006192933238,0.21916291456241546,1.9659423239762661,completed,3.5226778984069824,True,COMPLETE
493,2.815064302823216,2026-06-13 17:41:21.353825,2026-06-13 17:41:24.873939,0 days 00:00:03.520114,LinearRegression,3,False,-0.0017123622453966425,0.004100214807642394,398,0.001193926281122876,0.0029062885265195184,0.02952938503923155,1.9659423239762661,2.8022123149182723,2.8279162907281594,398,2.815064302823216,0.012851987904943454,0.130582802052043,1.9659423239762661,910062401247824.4,1019107694886736.9,398,964585048067280.6,54522646819456.29,553978112151813.4,1.9659423239762661,8.180012763328687,8.38543609294923,398,8.282724428138959,0.10271166481027241,1.043603300404336,1.9659423239762661,2.5340503959387357,2.570693887173819,398,2.5523721415562775,0.018321745617541664,0.18615835144873305,1.9659423239762661,399,0.38095238095238093,0.0001486690802658527,0.010818864035380581,398,0.0054837665578232175,0.005335097477557365,0.054207332203624,1.9659423239762661,LinearRegression,"{'mode': 'original', 'type': 'LinearRegression'}",3,"['l1_T6W30', 'atd_T6W30', 'density_T6W30']",0.13055599293897288,0.15521223416832056,398,0.14288411355364672,0.012328120614673848,0.1252600411552246,1.9659423239762661,3.4194984788024514,3.4553722686014114,398,3.4374353737019314,0.01793689489948004,0.18224807036942253,1.9659423239762661,completed,3.512176990509033,False,COMPLETE
494,2.8496694897114234,2026-06-13 17:41:24.887001,2026-06-13 17:41:28.332694,0 days 00:00:03.445693,LinearRegression,5,True,-0.014367525248807782,-0.007767895146891814,398,-0.011067710197849799,0.0032998150509579846,0.033527816770031,1.9659423239762661,2.83589839669096,2.863440582731887,398,2.8496694897114234,0.013771093020463745,0.13992138237539062,1.9659423239762661,917203513597956.5,1027369402687339.5,398,972286458142648.0,55082944544691.5,559671024990336.6,1.9659423239762661,8.304356259341652,8.54717724656891,398,8.425766752955282,0.1214104936136294,1.2335930108128401,1.9659423239762661,2.5554577294064105,2.5930705128102387,398,2.5742641211083246,0.018806391701914157,0.19108260473693975,1.9659423239762661,399,0.5614035087719298,-0.026023877908893312,-0.013680729359852959,398,-0.019852303634373136,0.006171574274520177,0.06270636634579801,1.9659423239762661,LinearRegression,"{'mode': 'original', 'type': 'LinearRegression'}",5,"['nodes_T6W30', 'l1_T6W30', 'lcc_T6W30', 'atd_T6W30', 'density_T6W30']",0.0858135357972587,0.11032570403952599,398,0.09806961991839235,0.012256084121133652,0.12452811335961375,1.9659423239762661,3.4617034784093135,3.4997453254473085,398,3.480724401928311,0.01902092351899742,0.19326235825143484,1.9659423239762661,completed,3.4371979236602783,True,COMPLETE
495,2.931281990711572,2026-06-13 17:41:28.345809,2026-06-13 17:41:31.852668,0 days 00:00:03.506859,LinearRegression,10,False,-0.04449747252101678,-0.03577391093873329,398,-0.040135691729875037,0.0043617807911417415,0.04431793445938289,1.9659423239762661,2.915746356965465,2.946817624457679,398,2.931281990711572,0.015535633746106812,0.1578500229867615,1.9659423239762661,930033456829043.2,1042213396066389.0,398,986123426447716.1,56089969618672.88,569902917275776.4,1.9659423239762661,8.51442552541188,8.773106471104786,398,8.643765998258333,0.12934047284645306,1.3141656752205242,1.9659423239762661,2.5590943920517932,2.5997920860834065,398,2.5794432390676,0.020348847015806602,0.2067547434300259,1.9659423239762661,399,0.7994987468671679,-0.08278968603055287,-0.06512688105581058,398,-0.07395828354318172,0.008831402487371139,0.08973158793642513,1.9659423239762661,LinearRegression,"{'mode': 'original', 'type': 'LinearRegression'}",10,"['nodes_T6W30', 'edges_T6W30', 're_T6W30', 'l1_T6W30', 'l2_T6W30', 'lcc_T6W30', 'atd_T6W30', 'density_T6W30', 'diameter_T6W30', 'asp_T6W30']",0.02652795775094328,0.050589712485163155,398,0.03855883511805322,0.012030877367109939,0.12223989699970338,1.9659423239762661,3.5489732309886026,3.591513480862493,398,3.5702433559255478,0.02127012493694523,0.21611540057511153,1.9659423239762661,completed,3.4989421367645264,False,COMPLETE
