number,value,datetime_start,datetime_complete,duration,params_et_max_depth,params_et_max_features,params_et_min_samples_leaf,params_et_min_samples_split,params_et_n_estimators,params_regressor,params_rfe_n_features,params_use_scaler,user_attrs_d2mae_ci_lower_val,user_attrs_d2mae_ci_upper_val,user_attrs_d2mae_df_val,user_attrs_d2mae_mean_val,user_attrs_d2mae_samperror_val,user_attrs_d2mae_std_val,user_attrs_d2mae_t_critical_val,user_attrs_mae_ci_lower_val,user_attrs_mae_ci_upper_val,user_attrs_mae_df_val,user_attrs_mae_mean_val,user_attrs_mae_samperror_val,user_attrs_mae_std_val,user_attrs_mae_t_critical_val,user_attrs_mape_ci_lower_val,user_attrs_mape_ci_upper_val,user_attrs_mape_df_val,user_attrs_mape_mean_val,user_attrs_mape_samperror_val,user_attrs_mape_std_val,user_attrs_mape_t_critical_val,user_attrs_max_error_ci_lower_val,user_attrs_max_error_ci_upper_val,user_attrs_max_error_df_val,user_attrs_max_error_mean_val,user_attrs_max_error_samperror_val,user_attrs_max_error_std_val,user_attrs_max_error_t_critical_val,user_attrs_median_ae_ci_lower_val,user_attrs_median_ae_ci_upper_val,user_attrs_median_ae_df_val,user_attrs_median_ae_mean_val,user_attrs_median_ae_samperror_val,user_attrs_median_ae_std_val,user_attrs_median_ae_t_critical_val,user_attrs_n_splits_val,user_attrs_r2_below_zero_val,user_attrs_r2_ci_lower_val,user_attrs_r2_ci_upper_val,user_attrs_r2_df_val,user_attrs_r2_mean_val,user_attrs_r2_samperror_val,user_attrs_r2_std_val,user_attrs_r2_t_critical_val,user_attrs_regressor_final,user_attrs_rfe_estimator,user_attrs_rfe_n_features,user_attrs_rfe_selected_features,user_attrs_rho_ci_lower_val,user_attrs_rho_ci_upper_val,user_attrs_rho_df_val,user_attrs_rho_mean_val,user_attrs_rho_samperror_val,user_attrs_rho_std_val,user_attrs_rho_t_critical_val,user_attrs_rmse_ci_lower_val,user_attrs_rmse_ci_upper_val,user_attrs_rmse_df_val,user_attrs_rmse_mean_val,user_attrs_rmse_samperror_val,user_attrs_rmse_std_val,user_attrs_rmse_t_critical_val,user_attrs_termination_reason,user_attrs_trial_time_seconds,user_attrs_use_scaler_final,state
195,2.8766546773968322,2026-06-14 00:35:39.114721,2026-06-14 00:36:18.423900,0 days 00:00:39.309179,15,sqrt,5,12,319,ExtraTreesRegressor,11,False,-0.02322114121536359,-0.018008074168360526,398.0,-0.020614607691862057,0.0026065335235015328,0.026483720157446912,1.9659423239762661,2.8638733920116906,2.889435962781974,398.0,2.8766546773968322,0.012781285385141563,0.1298644281151737,1.9659423239762661,927691683495064.9,1039076013172539.1,398.0,983383848333802.0,55692164838737.086,565861016270428.2,1.9659423239762661,8.384895956984138,8.599101235304907,398.0,8.491998596144523,0.10710263916038386,1.0882178564261051,1.9659423239762661,2.582594191292617,2.622780139906506,398.0,2.6026871655995616,0.020092974306944237,0.20415494520900185,1.9659423239762661,399.0,0.7568922305764411,-0.03616460140336222,-0.027639050770535703,398.0,-0.03190182608694896,0.004262775316413258,0.04331198795490748,1.9659423239762661,ExtraTreesRegressor,"{'mode': 'original', 'type': 'ExtraTreesRegressor'}",11,"['nodes_T6W30', 're_T6W30', 'pe_T6W30', 'l1_T6W30', 'l2_T6W30', 'l3_T6W30', 'lcc_T6W30', 'atd_T6W30', 'density_T6W30', 'diameter_T6W30', 'asp_T6W30']",0.008113396753144337,0.029405168335841874,398.0,0.018759282544493106,0.010645885791348769,0.10816767081033679,1.9659423239762661,3.484201847745454,3.5206264883621676,398.0,3.502414168053811,0.018212320308357035,0.18504653407118604,1.9659423239762661,completed,39.3015570640564,False,COMPLETE
196,2.8351127465279977,2026-06-14 00:36:18.435954,2026-06-14 00:37:07.161033,0 days 00:00:48.725079,9,log2,3,8,428,ExtraTreesRegressor,2,False,-0.0077540543871776725,-0.003985678558812014,398.0,-0.0058698664729948434,0.0018841879141828289,0.01914431753642945,1.9659423239762661,2.8234763457385044,2.846749147317491,398.0,2.8351127465279977,0.011636400789493389,0.11823181224036002,1.9659423239762661,930096354885755.1,1041819682853061.4,398.0,985958018869408.2,55861663983653.1,567583214692358.4,1.9659423239762661,8.26164767045019,8.470241155761373,398.0,8.365944413105781,0.10429674265559254,1.059708505921445,1.9659423239762661,2.530242356394044,2.561457535107922,398.0,2.545849945750983,0.015607589356938916,0.15858112897249066,1.9659423239762661,399.0,0.44110275689223055,-0.004488832092671305,0.001590504731191639,398.0,-0.001449163680739833,0.003039668411931472,0.030884593222066353,1.9659423239762661,ExtraTreesRegressor,"{'mode': 'original', 'type': 'ExtraTreesRegressor'}",2,"['atd_T6W30', 'density_T6W30']",0.08892031027434173,0.11167239682322956,398.0,0.10029635354878565,0.011376043274443913,0.11558644608362792,1.9659423239762661,3.433304981351044,3.4682696642480138,398.0,3.450787322799529,0.017482341448484644,0.17762957370163676,1.9659423239762661,completed,48.71735620498657,False,COMPLETE
197,2.926991975749087,2026-06-14 00:37:07.172643,2026-06-14 00:37:08.326094,0 days 00:00:01.153451,11,,5,5,173,ExtraTreesRegressor,12,False,,,,,,,,,,,,,,,,,,,,,,,,,,,,,,,,,,,,,,,,,,,,,ExtraTreesRegressor,"{'mode': 'original', 'type': 'ExtraTreesRegressor'}",12,"['nodes_T6W30', 're_T6W30', 'pe_T6W30', 'l1_T6W30', 'l2_T6W30', 'l3_T6W30', 'lcc_T6W30', 'lsc_T6W30', 'atd_T6W30', 'density_T6W30', 'diameter_T6W30', 'asp_T6W30']",,,,,,,,,,,,,,,pruned,,False,PRUNED
198,2.960922123812121,2026-06-14 00:37:08.332281,2026-06-14 00:37:09.963675,0 days 00:00:01.631394,11,sqrt,1,3,256,ExtraTreesRegressor,10,False,,,,,,,,,,,,,,,,,,,,,,,,,,,,,,,,,,,,,,,,,,,,,ExtraTreesRegressor,"{'mode': 'original', 'type': 'ExtraTreesRegressor'}",10,"['nodes_T6W30', 'pe_T6W30', 'l1_T6W30', 'l2_T6W30', 'l3_T6W30', 'lcc_T6W30', 'atd_T6W30', 'density_T6W30', 'diameter_T6W30', 'asp_T6W30']",,,,,,,,,,,,,,,pruned,,False,PRUNED
199,2.8405600947619765,2026-06-14 00:37:09.969897,2026-06-14 00:37:48.054406,0 days 00:00:38.084509,4,sqrt,4,10,325,ExtraTreesRegressor,5,True,-0.010128268115252234,-0.005495596199768883,398.0,-0.007811932157510559,0.002316335957741676,0.023535163749995883,1.9659423239762661,2.8283613398426817,2.8527588496812712,398.0,2.8405600947619765,0.01219875491929463,0.12394561920610875,1.9659423239762661,919510743285702.5,1029687704488160.8,398.0,974599223886931.6,55088480601229.12,559727274169868.06,1.9659423239762661,8.289919691139202,8.506373436929126,398.0,8.398146564034164,0.10822687289496175,1.0996406489394832,1.9659423239762661,2.5381991415823424,2.5732602402350113,398.0,2.555729690908677,0.017530549326334466,0.17811939051574927,1.9659423239762661,399.0,0.506265664160401,-0.013119017913627703,-0.005206160637420397,398.0,-0.00916258927552405,0.003956428638103653,0.040199348264543557,1.9659423239762661,ExtraTreesRegressor,"{'mode': 'original', 'type': 'ExtraTreesRegressor'}",5,"['nodes_T6W30', 'lcc_T6W30', 'atd_T6W30', 'density_T6W30', 'asp_T6W30']",0.07548341942439735,0.09783000249733426,398.0,0.0866567109608658,0.011173291536468451,0.11352638422692686,1.9659423239762661,3.4457958448704655,3.481601308855222,398.0,3.4636985768628437,0.017902731992377907,0.1819009576761462,1.9659423239762661,completed,38.07673120498657,True,COMPLETE
200,2.850029778735926,2026-06-14 00:37:48.066415,2026-06-14 00:38:41.196282,0 days 00:00:53.129867,6,log2,4,4,458,ExtraTreesRegressor,7,True,-0.013640890243166419,-0.008730516852552642,398.0,-0.01118570354785953,0.0024551866953068883,0.024945958602306948,1.9659423239762661,2.8376769588433786,2.8623825986284737,398.0,2.850029778735926,0.012352819892547537,0.1255109985119591,1.9659423239762661,923977221843020.6,1034746680813826.9,398.0,979361951328423.8,55384729485403.125,562737315082321.25,1.9659423239762661,8.305677624367165,8.516108903931373,398.0,8.41089326414927,0.10521563978210441,1.0690449729695768,1.9659423239762661,2.5701608401194136,2.6099739378594933,398.0,2.5900673889894534,0.019906548870039627,0.20226076696164946,1.9659423239762661,399.0,0.6265664160401002,-0.020577838432504835,-0.012414917625960992,398.0,-0.016496378029232914,0.004081460403271922,0.04146973525540787,1.9659423239762661,ExtraTreesRegressor,"{'mode': 'original', 'type': 'ExtraTreesRegressor'}",7,"['nodes_T6W30', 'l1_T6W30', 'lcc_T6W30', 'atd_T6W30', 'density_T6W30', 'diameter_T6W30', 'asp_T6W30']",0.05287853101368635,0.07439409877173427,398.0,0.06363631489271031,0.010757783879023954,0.10930461288816667,1.9659423239762661,3.4583186093324616,3.493860438946411,398.0,3.4760895241394363,0.017770914806974757,0.180561627328509,1.9659423239762661,completed,53.12221384048462,True,COMPLETE
201,2.8582095817792283,2026-06-14 00:38:41.209254,2026-06-14 00:39:34.548205,0 days 00:00:53.338951,4,log2,3,7,458,ExtraTreesRegressor,9,False,-0.01665401515572159,-0.011548487626370669,398.0,-0.014101251391046128,0.0025527637646754597,0.02593739177423466,1.9659423239762661,2.8457624179320384,2.8706567456264183,398.0,2.8582095817792283,0.012447163847189881,0.1264695815766949,1.9659423239762661,918168364525306.9,1028198514765424.4,398.0,973183439645365.6,55015075120058.8,558981436756380.4,1.9659423239762661,8.283736381916102,8.493642568428049,398.0,8.388689475172075,0.10495309325597366,1.0663773653352748,1.9659423239762661,2.544128265079981,2.5830325290517173,398.0,2.563580397065849,0.019452131985868218,0.19764365788298022,1.9659423239762661,399.0,0.6265664160401002,-0.02369744444870997,-0.015129679925627462,398.0,-0.019413562187168717,0.004283882261541255,0.043526445364761746,1.9659423239762661,ExtraTreesRegressor,"{'mode': 'original', 'type': 'ExtraTreesRegressor'}",9,"['nodes_T6W30', 'l1_T6W30', 'l2_T6W30', 'l3_T6W30', 'lcc_T6W30', 'atd_T6W30', 'density_T6W30', 'diameter_T6W30', 'asp_T6W30']",0.051662912467000506,0.07325075263384795,398.0,0.062456832550424224,0.010793920083423718,0.10967177529611069,1.9659423239762661,3.4631449401829717,3.498737989985582,398.0,3.480941465084277,0.017796524901305243,0.18082183904853444,1.9659423239762661,completed,53.33125305175781,False,COMPLETE
202,2.839173630262516,2026-06-14 00:39:34.560065,2026-06-14 00:40:27.293175,0 days 00:00:52.733110,2,log2,2,6,472,ExtraTreesRegressor,9,True,-0.009275241906017062,-0.005369009164067209,398.0,-0.007322125535042135,0.001953116370974927,0.019844666081386703,1.9659423239762661,2.8275031565743083,2.850844103950724,398.0,2.839173630262516,0.01167047368820795,0.11857801040216123,1.9659423239762661,925972224690230.4,1036572249094320.9,398.0,981272236892275.6,55300012202045.23,561876543945207.5,1.9659423239762661,8.180966864309337,8.378428744615995,398.0,8.279697804462666,0.09873094015332998,1.0031570921020967,1.9659423239762661,2.557965995369922,2.594502298806904,398.0,2.576234147088413,0.018268151718491197,0.18561380989121942,1.9659423239762661,399.0,0.40852130325814534,-0.002554476090493221,0.00343711243678262,398.0,0.00044131817314469954,0.0029957942636379205,0.03043880932745071,1.9659423239762661,ExtraTreesRegressor,"{'mode': 'original', 'type': 'ExtraTreesRegressor'}",9,"['nodes_T6W30', 're_T6W30', 'l1_T6W30', 'l3_T6W30', 'lcc_T6W30', 'atd_T6W30', 'density_T6W30', 'diameter_T6W30', 'asp_T6W30']",0.10704125633333353,0.1296540011537003,398.0,0.11834762874351691,0.011306372410183375,0.11487855429725073,1.9659423239762661,3.4302081776795417,3.464626414328393,398.0,3.4474172960039673,0.017209118324425822,0.17485348634543169,1.9659423239762661,completed,52.72543811798096,True,COMPLETE
203,2.9225970976272224,2026-06-14 00:40:27.305065,2026-06-14 00:40:29.168073,0 days 00:00:01.863008,20,,2,8,259,ExtraTreesRegressor,5,False,,,,,,,,,,,,,,,,,,,,,,,,,,,,,,,,,,,,,,,,,,,,,ExtraTreesRegressor,"{'mode': 'original', 'type': 'ExtraTreesRegressor'}",5,"['l1_T6W30', 'l2_T6W30', 'l3_T6W30', 'density_T6W30', 'asp_T6W30']",,,,,,,,,,,,,,,pruned,,False,PRUNED
204,2.8345350763188573,2026-06-14 00:40:29.174185,2026-06-14 00:41:02.531691,0 days 00:00:33.357506,4,log2,4,11,286,ExtraTreesRegressor,2,True,-0.007268921798874924,-0.00404885020173208,398.0,-0.005658886000303502,0.0016100357985714222,0.01635879114861959,1.9659423239762661,2.82319227229124,2.8458778803464746,398.0,2.8345350763188573,0.011342804027617146,0.11524871825343994,1.9659423239762661,932526037958828.8,1044020793356605.5,398.0,988273415657717.1,55747377698888.38,566422007304748.4,1.9659423239762661,8.2011473910613,8.399348340322573,398.0,8.300247865691937,0.09910047463063715,1.0069117523039668,1.9659423239762661,2.5305954338435743,2.559517740972993,398.0,2.5450565874082836,0.014461153564709435,0.1469327521432146,1.9659423239762661,399.0,0.3383458646616541,0.003023742863601486,0.0076888717816733804,398.0,0.0053563073226374335,0.0023325644590359474,0.023700053663352875,1.9659423239762661,ExtraTreesRegressor,"{'mode': 'original', 'type': 'ExtraTreesRegressor'}",2,"['atd_T6W30', 'density_T6W30']",0.1153735155062259,0.13886731799915028,398.0,0.1271204167526881,0.011746901246462195,0.11935455367193791,1.9659423239762661,3.4220653402074968,3.4564117962677896,398.0,3.439238568237643,0.017173228030146592,0.17448882251069125,1.9659423239762661,completed,33.34978795051575,True,COMPLETE
205,2.9140177796224753,2026-06-14 00:41:02.543242,2026-06-14 00:41:03.453812,0 days 00:00:00.910570,19,,4,11,124,ExtraTreesRegressor,8,False,,,,,,,,,,,,,,,,,,,,,,,,,,,,,,,,,,,,,,,,,,,,,ExtraTreesRegressor,"{'mode': 'original', 'type': 'ExtraTreesRegressor'}",8,"['nodes_T6W30', 're_T6W30', 'l1_T6W30', 'l2_T6W30', 'l3_T6W30', 'atd_T6W30', 'density_T6W30', 'asp_T6W30']",,,,,,,,,,,,,,,pruned,,False,PRUNED
206,2.85077367755688,2026-06-14 00:41:03.459258,2026-06-14 00:41:52.680633,0 days 00:00:49.221375,10,log2,4,2,413,ExtraTreesRegressor,5,False,-0.014141257594317034,-0.008805050336390143,398.0,-0.011473153965353589,0.002668103628963446,0.027109304071260266,1.9659423239762661,2.8382160590077437,2.8633312961060167,398.0,2.85077367755688,0.01255761854913637,0.12759185811373147,1.9659423239762661,919126437082923.5,1029570067692339.2,398.0,974348252387631.4,55221815304707.875,561082023281041.6,1.9659423239762661,8.399970892035846,8.616632643360436,398.0,8.508301767698141,0.1083308756622949,1.100697370505048,1.9659423239762661,2.5840570479546225,2.625071088189848,398.0,2.6045640680722353,0.020507020117612868,0.20836186343324192,1.9659423239762661,399.0,0.6791979949874687,-0.030237384649357,-0.020999143656921567,398.0,-0.025618264153139284,0.004619120496217717,0.04693263811586094,1.9659423239762661,ExtraTreesRegressor,"{'mode': 'original', 'type': 'ExtraTreesRegressor'}",5,"['nodes_T6W30', 'l1_T6W30', 'lcc_T6W30', 'atd_T6W30', 'density_T6W30']",0.045233409263186586,0.06688571214624714,398.0,0.05605956070471686,0.010826151441530273,0.10999926245892369,1.9659423239762661,3.4733387515414806,3.509425137501915,398.0,3.491381944521698,0.018043192980217126,0.18332811349878653,1.9659423239762661,completed,49.21389317512512,False,COMPLETE
207,2.924241342588094,2026-06-14 00:41:52.692472,2026-06-14 00:41:53.643754,0 days 00:00:00.951282,18,,5,11,142,ExtraTreesRegressor,11,True,,,,,,,,,,,,,,,,,,,,,,,,,,,,,,,,,,,,,,,,,,,,,ExtraTreesRegressor,"{'mode': 'original', 'type': 'ExtraTreesRegressor'}",11,"['nodes_T6W30', 're_T6W30', 'l1_T6W30', 'l2_T6W30', 'l3_T6W30', 'lcc_T6W30', 'lsc_T6W30', 'atd_T6W30', 'density_T6W30', 'diameter_T6W30', 'asp_T6W30']",,,,,,,,,,,,,,,pruned,,True,PRUNED
208,2.94671355482573,2026-06-14 00:41:53.649155,2026-06-14 00:42:31.499978,0 days 00:00:37.850823,19,,3,7,259,ExtraTreesRegressor,6,False,-0.04963137153259417,-0.04141088274953582,398.0,-0.045521127141064995,0.00411024439152918,0.04176219536886783,1.9659423239762661,2.9312259599167376,2.9622011497347227,398.0,2.94671355482573,0.015487594908992413,0.15736192371339486,1.9659423239762661,929112929798850.1,1042453581337091.4,398.0,985783255567970.8,56670325769120.63,575799634022954.0,1.9659423239762661,8.762244066326558,8.973416619177245,398.0,8.867830342751901,0.1055862764253434,1.0728108317437433,1.9659423239762661,2.640064685939438,2.6902512688666733,398.0,2.6651579774030556,0.025093291463617686,0.25496073730099156,1.9659423239762661,399.0,0.9072681704260651,-0.10171084466263626,-0.08731737261706464,398.0,-0.09451410863985045,0.00719673602278581,0.07312253656282768,1.9659423239762661,ExtraTreesRegressor,"{'mode': 'original', 'type': 'ExtraTreesRegressor'}",6,"['l1_T6W30', 'l2_T6W30', 'l3_T6W30', 'atd_T6W30', 'density_T6W30', 'asp_T6W30']",-0.006638940915392018,0.015450018832210723,398.0,0.004405538958409353,0.011044479873801371,0.1122175915348967,1.9659423239762661,3.5854575289798905,3.6252431075820666,398.0,3.6053503182809785,0.019892789301087965,0.2021209626697356,1.9659423239762661,completed,37.843376874923706,False,COMPLETE
209,2.9216958359917973,2026-06-14 00:42:31.511911,2026-06-14 00:42:52.990655,0 days 00:00:21.478744,11,,4,5,141,ExtraTreesRegressor,6,False,-0.040403828695410905,-0.032856780983514015,398.0,-0.03663030483946246,0.0037735238559484436,0.03834094167879204,1.9659423239762661,2.906868008621635,2.9365236633619594,398.0,2.9216958359917973,0.01482782737016193,0.1506583464488749,1.9659423239762661,924744472371741.0,1037073522889616.0,398.0,980908997630678.5,56164525258937.516,570660440896756.0,1.9659423239762661,8.659652891142866,8.876187258275348,398.0,8.767920074709107,0.1082671835662415,1.1000502260762843,1.9659423239762661,2.6205134590965597,2.6691692251339108,398.0,2.6448413421152352,0.024327883018675472,0.24718379413903868,1.9659423239762661,399.0,0.8721804511278195,-0.08066015625270254,-0.06757486389505007,398.0,-0.0741175100738763,0.006542646178826227,0.06647664759609652,1.9659423239762661,ExtraTreesRegressor,"{'mode': 'original', 'type': 'ExtraTreesRegressor'}",6,"['l1_T6W30', 'l2_T6W30', 'l3_T6W30', 'atd_T6W30', 'density_T6W30', 'asp_T6W30']",0.0016326124013377324,0.02375361587335607,398.0,0.012693114137346901,0.011060501736009169,0.11238038188893847,1.9659423239762661,3.5525091202196295,3.591585021380026,398.0,3.5720470707998278,0.019537950580198298,0.19851561890556094,1.9659423239762661,completed,21.47142505645752,False,COMPLETE
210,2.8881942468635624,2026-06-14 00:42:53.002219,2026-06-14 00:42:53.680373,0 days 00:00:00.678154,15,log2,2,10,121,ExtraTreesRegressor,13,True,,,,,,,,,,,,,,,,,,,,,,,,,,,,,,,,,,,,,,,,,,,,,ExtraTreesRegressor,"{'mode': 'original', 'type': 'ExtraTreesRegressor'}",13,"['nodes_T6W30', 'edges_T6W30', 're_T6W30', 'pe_T6W30', 'l1_T6W30', 'l2_T6W30', 'l3_T6W30', 'lcc_T6W30', 'lsc_T6W30', 'atd_T6W30', 'density_T6W30', 'diameter_T6W30', 'asp_T6W30']",,,,,,,,,,,,,,,pruned,,True,PRUNED
211,2.9235774809603536,2026-06-14 00:42:53.686254,2026-06-14 00:42:54.498723,0 days 00:00:00.812469,18,log2,1,9,133,ExtraTreesRegressor,12,False,,,,,,,,,,,,,,,,,,,,,,,,,,,,,,,,,,,,,,,,,,,,,ExtraTreesRegressor,"{'mode': 'original', 'type': 'ExtraTreesRegressor'}",12,"['nodes_T6W30', 'edges_T6W30', 'pe_T6W30', 'l1_T6W30', 'l2_T6W30', 'l3_T6W30', 'lcc_T6W30', 'lsc_T6W30', 'atd_T6W30', 'density_T6W30', 'diameter_T6W30', 'asp_T6W30']",,,,,,,,,,,,,,,pruned,,False,PRUNED
212,2.9241892128145976,2026-06-14 00:42:54.504696,2026-06-14 00:43:59.290156,0 days 00:01:04.785460,9,,4,12,486,ExtraTreesRegressor,7,True,-0.04113499945947198,-0.03387448386903172,398.0,-0.03750474166425185,0.0036302577952201306,0.03688528487400581,1.9659423239762661,2.909577034907247,2.9388013907219483,398.0,2.9241892128145976,0.014612177907350808,0.14846723707940043,1.9659423239762661,922486885240495.8,1034518042531880.5,398.0,978502463886188.1,56015578645692.35,569147066759029.5,1.9659423239762661,8.665595143630522,8.890760490545976,398.0,8.778177817088249,0.1125826734577267,1.1438978212051785,1.9659423239762661,2.6408638621811926,2.6884641823722584,398.0,2.6646640222767255,0.023800160095533016,0.24182185803073203,1.9659423239762661,399.0,0.8922305764411027,-0.08398771649448877,-0.07118187387864869,398.0,-0.07758479518656873,0.0064029213079200495,0.06505697109980363,1.9659423239762661,ExtraTreesRegressor,"{'mode': 'original', 'type': 'ExtraTreesRegressor'}",7,"['nodes_T6W30', 'l1_T6W30', 'l2_T6W30', 'l3_T6W30', 'atd_T6W30', 'density_T6W30', 'asp_T6W30']",-0.01577114432034117,0.006071927803887501,398.0,-0.004849608258226836,0.010921536062114337,0.11096841922444999,1.9659423239762661,3.5584221863390484,3.5974821900937,398.0,3.5779521882163743,0.019530001877326095,0.19843485599935465,1.9659423239762661,completed,64.7779688835144,True,COMPLETE
213,2.876039998575168,2026-06-14 00:43:59.302120,2026-06-14 00:44:37.049677,0 days 00:00:37.747557,12,log2,5,9,302,ExtraTreesRegressor,12,True,-0.022916735923464562,-0.01788277706860373,398.0,-0.020399756496034146,0.002516979427430415,0.02557380451741536,1.9659423239762661,2.863426782950052,2.888653214200284,398.0,2.876039998575168,0.012613215625115814,0.12815675297832307,1.9659423239762661,928965258507823.8,1040385639109883.0,398.0,984675448808853.4,55710190301029.63,566044164231028.1,1.9659423239762661,8.360913368970433,8.572601774947795,398.0,8.466757571959114,0.10584420298868152,1.0754314981817648,1.9659423239762661,2.576716670231089,2.6156410855414998,398.0,2.5961788778862944,0.01946220765520523,0.19774603186156686,1.9659423239762661,399.0,0.7443609022556391,-0.034281550323893725,-0.026201561147911917,398.0,-0.03024155573590282,0.004039994587990904,0.041048421261898345,1.9659423239762661,ExtraTreesRegressor,"{'mode': 'original', 'type': 'ExtraTreesRegressor'}",12,"['nodes_T6W30', 're_T6W30', 'pe_T6W30', 'l1_T6W30', 'l2_T6W30', 'l3_T6W30', 'lcc_T6W30', 'lsc_T6W30', 'atd_T6W30', 'density_T6W30', 'diameter_T6W30', 'asp_T6W30']",0.006718973177458218,0.02777141523127597,398.0,0.017245194204367095,0.010526221026908877,0.10695181530510027,1.9659423239762661,3.481634987523574,3.517663112047162,398.0,3.499649049785368,0.01801406226179395,0.18303213042864805,1.9659423239762661,completed,37.740031003952026,True,COMPLETE
