number,value,datetime_start,datetime_complete,duration,params_et_max_depth,params_et_max_features,params_et_min_samples_leaf,params_et_min_samples_split,params_et_n_estimators,params_regressor,params_rfe_n_features,params_use_scaler,user_attrs_d2mae_ci_lower_val,user_attrs_d2mae_ci_upper_val,user_attrs_d2mae_df_val,user_attrs_d2mae_mean_val,user_attrs_d2mae_samperror_val,user_attrs_d2mae_std_val,user_attrs_d2mae_t_critical_val,user_attrs_mae_ci_lower_val,user_attrs_mae_ci_upper_val,user_attrs_mae_df_val,user_attrs_mae_mean_val,user_attrs_mae_samperror_val,user_attrs_mae_std_val,user_attrs_mae_t_critical_val,user_attrs_mape_ci_lower_val,user_attrs_mape_ci_upper_val,user_attrs_mape_df_val,user_attrs_mape_mean_val,user_attrs_mape_samperror_val,user_attrs_mape_std_val,user_attrs_mape_t_critical_val,user_attrs_max_error_ci_lower_val,user_attrs_max_error_ci_upper_val,user_attrs_max_error_df_val,user_attrs_max_error_mean_val,user_attrs_max_error_samperror_val,user_attrs_max_error_std_val,user_attrs_max_error_t_critical_val,user_attrs_median_ae_ci_lower_val,user_attrs_median_ae_ci_upper_val,user_attrs_median_ae_df_val,user_attrs_median_ae_mean_val,user_attrs_median_ae_samperror_val,user_attrs_median_ae_std_val,user_attrs_median_ae_t_critical_val,user_attrs_n_splits_val,user_attrs_r2_below_zero_val,user_attrs_r2_ci_lower_val,user_attrs_r2_ci_upper_val,user_attrs_r2_df_val,user_attrs_r2_mean_val,user_attrs_r2_samperror_val,user_attrs_r2_std_val,user_attrs_r2_t_critical_val,user_attrs_regressor_final,user_attrs_rfe_estimator,user_attrs_rfe_n_features,user_attrs_rfe_selected_features,user_attrs_rho_ci_lower_val,user_attrs_rho_ci_upper_val,user_attrs_rho_df_val,user_attrs_rho_mean_val,user_attrs_rho_samperror_val,user_attrs_rho_std_val,user_attrs_rho_t_critical_val,user_attrs_rmse_ci_lower_val,user_attrs_rmse_ci_upper_val,user_attrs_rmse_df_val,user_attrs_rmse_mean_val,user_attrs_rmse_samperror_val,user_attrs_rmse_std_val,user_attrs_rmse_t_critical_val,user_attrs_termination_reason,user_attrs_trial_time_seconds,user_attrs_use_scaler_final,state
418,2.927175582571352,2026-06-14 02:17:01.992283,2026-06-14 02:17:04.264989,0 days 00:00:02.272706,7,,4,3,357,ExtraTreesRegressor,10,False,,,,,,,,,,,,,,,,,,,,,,,,,,,,,,,,,,,,,,,,,,,,,ExtraTreesRegressor,"{'mode': 'original', 'type': 'ExtraTreesRegressor'}",10,"['nodes_T6W30', 're_T6W30', 'l1_T6W30', 'l2_T6W30', 'l3_T6W30', 'lcc_T6W30', 'atd_T6W30', 'density_T6W30', 'diameter_T6W30', 'asp_T6W30']",,,,,,,,,,,,,,,pruned,,False,PRUNED
419,3.0011159303564177,2026-06-14 02:17:04.270466,2026-06-14 02:17:06.329757,0 days 00:00:02.059291,15,,1,8,275,ExtraTreesRegressor,9,False,,,,,,,,,,,,,,,,,,,,,,,,,,,,,,,,,,,,,,,,,,,,,ExtraTreesRegressor,"{'mode': 'original', 'type': 'ExtraTreesRegressor'}",9,"['nodes_T6W30', 're_T6W30', 'l1_T6W30', 'l2_T6W30', 'l3_T6W30', 'lsc_T6W30', 'atd_T6W30', 'density_T6W30', 'asp_T6W30']",,,,,,,,,,,,,,,pruned,,False,PRUNED
420,2.840172684399133,2026-06-14 02:17:06.335278,2026-06-14 02:17:20.966543,0 days 00:00:14.631265,20,sqrt,3,3,106,ExtraTreesRegressor,2,True,-0.009706750670584978,-0.005623811653923994,398.0,-0.007665281162254486,0.0020414695083304916,0.020742379363667404,1.9659423239762661,2.8283126923297575,2.852032676468508,398.0,2.840172684399133,0.011859992069375594,0.12050361455276262,1.9659423239762661,947286881043033.5,1059704927153738.0,398.0,1003495904098385.8,56209023055352.31,571112561376790.9,1.9659423239762661,8.191831414066607,8.372158503862936,398.0,8.281994958964772,0.09016354489816389,0.9161079533243796,1.9659423239762661,2.5803258370491458,2.6140976397681515,398.0,2.5972117384086486,0.01688590135950291,0.17156943587304083,1.9659423239762661,399.0,0.5238095238095238,-0.006887182354044088,-0.0012439562602952442,398.0,-0.004065569307169666,0.002821613046874422,0.0286690386493237,1.9659423239762661,ExtraTreesRegressor,"{'mode': 'original', 'type': 'ExtraTreesRegressor'}",2,"['nodes_T6W30', 'l1_T6W30']",0.048163713697040984,0.07101018090179587,398.0,0.05958694729941842,0.011423233602377438,0.11606592406764814,1.9659423239762661,3.4381377342856996,3.472186642746253,398.0,3.4551621885159762,0.0170244542302766,0.17297720424566934,1.9659423239762661,completed,14.624047994613647,True,COMPLETE
421,2.881300097416468,2026-06-14 02:17:20.979124,2026-06-14 02:17:58.981976,0 days 00:00:38.002852,6,,5,9,295,ExtraTreesRegressor,5,False,-0.025697059544805265,-0.01891467756996424,398.0,-0.022305868557384752,0.003391190987420511,0.034456243244725744,1.9659423239762661,2.867361352326973,2.895238842505963,398.0,2.881300097416468,0.013938745089495061,0.1416248135570766,1.9659423239762661,916094962206140.4,1026974675618223.6,398.0,971534818912182.0,55439856706041.61,563297435975179.0,1.9659423239762661,8.509976446217168,8.73754560914711,398.0,8.62376102768214,0.11378458146497122,1.1561098242474788,1.9659423239762661,2.6188540376861593,2.6674855562110023,398.0,2.643169796948581,0.024315759262421507,0.2470606105448159,1.9659423239762661,399.0,0.7819548872180451,-0.055559164289366615,-0.04360629137129649,398.0,-0.049582727830331554,0.00597643645903506,0.060723665854572076,1.9659423239762661,ExtraTreesRegressor,"{'mode': 'original', 'type': 'ExtraTreesRegressor'}",5,"['nodes_T6W30', 'l1_T6W30', 'atd_T6W30', 'density_T6W30', 'asp_T6W30']",0.025493808171800015,0.047387874677671527,398.0,0.03644084142473577,0.010947033252935754,0.11122748378679956,1.9659423239762661,3.5123008717433204,3.5501134918289075,398.0,3.531207181786114,0.018906310042793445,0.19209782643065068,1.9659423239762661,completed,37.9955039024353,False,COMPLETE
422,2.847381533720733,2026-06-14 02:17:58.993641,2026-06-14 02:18:52.590324,0 days 00:00:53.596683,17,log2,4,8,454,ExtraTreesRegressor,4,False,-0.01298969250940654,-0.007551940052491506,398.0,-0.010270816280949023,0.0027188762284575175,0.027625179775348955,1.9659423239762661,2.8347617965829683,2.8600012708584974,398.0,2.847381533720733,0.012619737137764705,0.12822301489839402,1.9659423239762661,919776673271016.1,1030364569586606.1,398.0,975070621428811.1,55293948157795.05,561814930139171.1,1.9659423239762661,8.392237487040934,8.605104269724137,398.0,8.498670878382535,0.10643339134160118,1.0814179546451328,1.9659423239762661,2.587065325287909,2.6278390266315204,398.0,2.6074521759597147,0.020386850671805488,0.20714088010594414,1.9659423239762661,399.0,0.6591478696741855,-0.027398724531494972,-0.018093312835871032,398.0,-0.022746018683683002,0.004652705847811972,0.047273882548357946,1.9659423239762661,ExtraTreesRegressor,"{'mode': 'original', 'type': 'ExtraTreesRegressor'}",4,"['l1_T6W30', 'lcc_T6W30', 'atd_T6W30', 'density_T6W30']",0.05481867578087466,0.07654608049011549,398.0,0.06568237813549507,0.010863702354620414,0.1103807990342139,1.9659423239762661,3.4684371700376975,3.5044870037765303,398.0,3.486462086907114,0.01802491686941639,0.18314241882052934,1.9659423239762661,completed,53.5892276763916,False,COMPLETE
423,2.9013343318740836,2026-06-14 02:18:52.601985,2026-06-14 02:19:21.099228,0 days 00:00:28.497243,19,log2,2,2,211,ExtraTreesRegressor,5,True,-0.033027614427847456,-0.025812881494432203,398.0,-0.02942024796113983,0.0036073664667076277,0.03665269721192852,1.9659423239762661,2.8869622567007363,2.915706407047431,398.0,2.9013343318740836,0.014372075173347322,0.14602766990750232,1.9659423239762661,932412941653392.0,1045476209037505.8,398.0,988944575345448.9,56531633692056.86,574390451242876.9,1.9659423239762661,8.50113001549177,8.713282703987632,398.0,8.6072063597397,0.10607634424793183,1.0777901726785821,1.9659423239762661,2.599824304273939,2.646400054128859,398.0,2.623112179201399,0.023287874927460154,0.2366167774477566,1.9659423239762661,399.0,0.8070175438596491,-0.0647008680645092,-0.05229377354534496,398.0,-0.058497320804927075,0.006203547259582118,0.06303122830569376,1.9659423239762661,ExtraTreesRegressor,"{'mode': 'original', 'type': 'ExtraTreesRegressor'}",5,"['l1_T6W30', 'l2_T6W30', 'atd_T6W30', 'density_T6W30', 'asp_T6W30']",0.021888817236818663,0.044109757507566225,398.0,0.032999287372192446,0.011110470135373782,0.11288808650641456,1.9659423239762661,3.527100759543042,3.5646595316071195,398.0,3.545880145575081,0.018779386032038745,0.19080821325215885,1.9659423239762661,completed,28.489943981170654,True,COMPLETE
424,2.920065717758973,2026-06-14 02:19:21.111915,2026-06-14 02:19:23.422733,0 days 00:00:02.310818,10,,5,6,391,ExtraTreesRegressor,13,True,,,,,,,,,,,,,,,,,,,,,,,,,,,,,,,,,,,,,,,,,,,,,ExtraTreesRegressor,"{'mode': 'original', 'type': 'ExtraTreesRegressor'}",13,"['nodes_T6W30', 'edges_T6W30', 're_T6W30', 'pe_T6W30', 'l1_T6W30', 'l2_T6W30', 'l3_T6W30', 'lcc_T6W30', 'lsc_T6W30', 'atd_T6W30', 'density_T6W30', 'diameter_T6W30', 'asp_T6W30']",,,,,,,,,,,,,,,pruned,,True,PRUNED
425,2.8540330164635233,2026-06-14 02:19:23.428237,2026-06-14 02:19:49.298365,0 days 00:00:25.870128,11,sqrt,4,3,203,ExtraTreesRegressor,6,True,-0.015183731100189645,-0.010066617745413743,398.0,-0.012625174422801694,0.0025585566773879517,0.0259962507445072,1.9659423239762661,2.8416181224996895,2.866447910427357,398.0,2.8540330164635233,0.012414893963833993,0.12614170297754967,1.9659423239762661,923237203821048.1,1034099678909211.9,398.0,978668441365130.0,55431237544081.87,563209860860078.8,1.9659423239762661,8.349623533682616,8.562902615111197,398.0,8.456263074396906,0.10663954071429077,1.0835125382166535,1.9659423239762661,2.594427493920197,2.635089906694483,398.0,2.61475870030734,0.020331206387142815,0.20657550557686927,1.9659423239762661,399.0,0.6716791979949874,-0.02666606578232497,-0.017965241348618474,398.0,-0.022315653565471723,0.004350412216853249,0.04420242390203501,1.9659423239762661,ExtraTreesRegressor,"{'mode': 'original', 'type': 'ExtraTreesRegressor'}",6,"['nodes_T6W30', 'l1_T6W30', 'lcc_T6W30', 'atd_T6W30', 'density_T6W30', 'asp_T6W30']",0.039829256888476994,0.06144259880498078,398.0,0.050635927846728886,0.010806670958251894,0.1098013307373384,1.9659423239762661,3.4680353721085786,3.5036319962537417,398.0,3.48583368418116,0.017798312072581375,0.18083999762716918,1.9659423239762661,completed,25.862659692764282,True,COMPLETE
426,2.9501499683286214,2026-06-14 02:19:49.311041,2026-06-14 02:19:50.805781,0 days 00:00:01.494740,9,,3,9,237,ExtraTreesRegressor,13,False,,,,,,,,,,,,,,,,,,,,,,,,,,,,,,,,,,,,,,,,,,,,,ExtraTreesRegressor,"{'mode': 'original', 'type': 'ExtraTreesRegressor'}",13,"['nodes_T6W30', 'edges_T6W30', 're_T6W30', 'pe_T6W30', 'l1_T6W30', 'l2_T6W30', 'l3_T6W30', 'lcc_T6W30', 'lsc_T6W30', 'atd_T6W30', 'density_T6W30', 'diameter_T6W30', 'asp_T6W30']",,,,,,,,,,,,,,,pruned,,False,PRUNED
427,2.8753625286626527,2026-06-14 02:19:50.811249,2026-06-14 02:20:07.477808,0 days 00:00:16.666559,11,sqrt,3,8,118,ExtraTreesRegressor,6,False,-0.022820378416233827,-0.017486336686853995,398.0,-0.02015335755154391,0.0026670208646899177,0.02709830262978328,1.9659423239762661,2.8624618287377475,2.888263228587558,398.0,2.8753625286626527,0.012900699924905138,0.13107774120910254,1.9659423239762661,922607957720574.0,1033630869757229.8,398.0,978119413738901.9,55511456018327.93,564024921784572.9,1.9659423239762661,8.389129335719112,8.612148438339737,398.0,8.500638887029424,0.11150955131031232,1.1329943486848242,1.9659423239762661,2.5952927035051547,2.6362812847119446,398.0,2.6157869941085496,0.020494290603394784,0.2082325250267905,1.9659423239762661,399.0,0.7468671679197995,-0.03579303055549153,-0.026932130549680897,398.0,-0.031362580552586214,0.004430450002905319,0.04501564894161828,1.9659423239762661,ExtraTreesRegressor,"{'mode': 'original', 'type': 'ExtraTreesRegressor'}",6,"['nodes_T6W30', 're_T6W30', 'l1_T6W30', 'l2_T6W30', 'atd_T6W30', 'density_T6W30']",0.021661520899561276,0.04365124160032005,398.0,0.032656381249940664,0.010994860350379387,0.11171343167629326,1.9659423239762661,3.4830881463003336,3.5198128712812617,398.0,3.5014505087907977,0.01836236249046413,0.18657103975158829,1.9659423239762661,completed,16.65937304496765,False,COMPLETE
428,2.8491950122680745,2026-06-14 02:20:07.491143,2026-06-14 02:20:26.034095,0 days 00:00:18.542952,3,sqrt,3,8,144,ExtraTreesRegressor,11,False,-0.013072315611829607,-0.008679734921586182,398.0,-0.010876025266707895,0.002196290345121712,0.02231543863152302,1.9659423239762661,2.8371451298794788,2.86124489465667,398.0,2.8491950122680745,0.012049882388595565,0.12243299778512333,1.9659423239762661,924695763784161.6,1035182153811349.6,398.0,979938958797755.6,55243195013593.97,561299252110857.8,1.9659423239762661,8.237927058192701,8.442237903319695,398.0,8.340082480756198,0.10215542256349672,1.0379515933111665,1.9659423239762661,2.5505579159027087,2.5854661281998466,398.0,2.5680120220512777,0.017454106148569026,0.17734268854371163,1.9659423239762661,399.0,0.5513784461152882,-0.012536586770937407,-0.005583159810384625,398.0,-0.009059873290661016,0.0034767134802763913,0.0353251957241551,1.9659423239762661,ExtraTreesRegressor,"{'mode': 'original', 'type': 'ExtraTreesRegressor'}",11,"['nodes_T6W30', 're_T6W30', 'pe_T6W30', 'l1_T6W30', 'l2_T6W30', 'l3_T6W30', 'lcc_T6W30', 'atd_T6W30', 'density_T6W30', 'diameter_T6W30', 'asp_T6W30']",0.07032044445196631,0.09235987308131352,398.0,0.08134015876663991,0.011019714314673613,0.11196596072655737,1.9659423239762661,3.446105247012307,3.481157139856931,398.0,3.463631193434619,0.017525946422312134,0.17807262264534213,1.9659423239762661,completed,18.53571105003357,False,COMPLETE
429,2.966701450221862,2026-06-14 02:20:26.045742,2026-06-14 02:20:28.237312,0 days 00:00:02.191570,19,,2,6,305,ExtraTreesRegressor,9,True,,,,,,,,,,,,,,,,,,,,,,,,,,,,,,,,,,,,,,,,,,,,,ExtraTreesRegressor,"{'mode': 'original', 'type': 'ExtraTreesRegressor'}",9,"['re_T6W30', 'pe_T6W30', 'l1_T6W30', 'l2_T6W30', 'l3_T6W30', 'lsc_T6W30', 'atd_T6W30', 'density_T6W30', 'asp_T6W30']",,,,,,,,,,,,,,,pruned,,True,PRUNED
430,2.992567127831547,2026-06-14 02:20:28.243276,2026-06-14 02:20:30.865363,0 days 00:00:02.622087,13,,1,11,390,ExtraTreesRegressor,11,False,,,,,,,,,,,,,,,,,,,,,,,,,,,,,,,,,,,,,,,,,,,,,ExtraTreesRegressor,"{'mode': 'original', 'type': 'ExtraTreesRegressor'}",11,"['nodes_T6W30', 're_T6W30', 'pe_T6W30', 'l1_T6W30', 'l2_T6W30', 'l3_T6W30', 'lsc_T6W30', 'atd_T6W30', 'density_T6W30', 'diameter_T6W30', 'asp_T6W30']",,,,,,,,,,,,,,,pruned,,False,PRUNED
431,2.92107528700163,2026-06-14 02:20:30.871400,2026-06-14 02:20:46.617947,0 days 00:00:15.746547,18,sqrt,1,12,106,ExtraTreesRegressor,8,False,-0.03989370304783789,-0.03290606612369508,398.0,-0.036399884585766484,0.0034938184620714034,0.035498991129843484,1.9659423239762661,2.9067431017056675,2.9354074722975927,398.0,2.92107528700163,0.0143321852959625,0.1456223682529296,1.9659423239762661,928959052551445.5,1041414835970658.5,398.0,985186944261052.0,56227891709606.45,571304276601056.6,1.9659423239762661,8.618620012061243,8.846771856472099,398.0,8.73269593426667,0.11407592220542821,1.159069995897357,1.9659423239762661,2.6265152790076725,2.6735095841474488,398.0,2.6500124315775606,0.02349715256988821,0.23874314584751127,1.9659423239762661,399.0,0.8771929824561403,-0.07655862613254998,-0.06447107680193902,398.0,-0.0705148514672445,0.006043774665305477,0.06140785663696203,1.9659423239762661,ExtraTreesRegressor,"{'mode': 'original', 'type': 'ExtraTreesRegressor'}",8,"['nodes_T6W30', 'l1_T6W30', 'l2_T6W30', 'l3_T6W30', 'atd_T6W30', 'density_T6W30', 'diameter_T6W30', 'asp_T6W30']",-0.01279914563912312,0.008878177652704905,398.0,-0.001960483993209107,0.010838661645914013,0.11012637256474973,1.9659423239762661,3.5471732592170375,3.5854970887267386,398.0,3.566335173971888,0.019161914754850455,0.19469490166640246,1.9659423239762661,completed,15.739345788955688,False,COMPLETE
432,2.877462268623561,2026-06-14 02:20:46.630527,2026-06-14 02:21:29.787437,0 days 00:00:43.156910,11,log2,5,10,353,ExtraTreesRegressor,11,False,-0.023507219390794483,-0.018288098423761813,398.0,-0.020897658907278148,0.0026095604835163354,0.026514475626823006,1.9659423239762661,2.864652367971483,2.8902721692756392,398.0,2.877462268623561,0.012809900652078139,0.1301551739333057,1.9659423239762661,928212958622037.2,1039644177275426.5,398.0,983928567948731.9,55715609326694.69,566099224316749.4,1.9659423239762661,8.387495302782796,8.601989479668365,398.0,8.49474239122558,0.10724708844278528,1.0896855353711756,1.9659423239762661,2.584337854418267,2.624689684097419,398.0,2.604513769257843,0.02017591483957621,0.20499766364562647,1.9659423239762661,399.0,0.7543859649122807,-0.03716673672733073,-0.0285547556796783,398.0,-0.032860746203504515,0.004305990523826212,0.04375107667153109,1.9659423239762661,ExtraTreesRegressor,"{'mode': 'original', 'type': 'ExtraTreesRegressor'}",11,"['nodes_T6W30', 're_T6W30', 'pe_T6W30', 'l1_T6W30', 'l2_T6W30', 'l3_T6W30', 'lcc_T6W30', 'atd_T6W30', 'density_T6W30', 'diameter_T6W30', 'asp_T6W30']",0.00635067909278304,0.027734207301638007,398.0,0.017042443197210523,0.010691764104427483,0.10863381804915695,1.9659423239762661,3.4857754933049794,3.522291295330337,398.0,3.5040333943176583,0.01825790101267889,0.18550965745208836,1.9659423239762661,completed,43.149572134017944,False,COMPLETE
433,2.912604688744858,2026-06-14 02:21:29.799106,2026-06-14 02:21:31.523996,0 days 00:00:01.724890,14,log2,1,6,248,ExtraTreesRegressor,4,True,,,,,,,,,,,,,,,,,,,,,,,,,,,,,,,,,,,,,,,,,,,,,ExtraTreesRegressor,"{'mode': 'original', 'type': 'ExtraTreesRegressor'}",4,"['l3_T6W30', 'atd_T6W30', 'density_T6W30', 'asp_T6W30']",,,,,,,,,,,,,,,pruned,,True,PRUNED
434,2.9720698751419397,2026-06-14 02:21:31.529494,2026-06-14 02:21:34.393184,0 days 00:00:02.863690,17,,2,8,420,ExtraTreesRegressor,9,True,,,,,,,,,,,,,,,,,,,,,,,,,,,,,,,,,,,,,,,,,,,,,ExtraTreesRegressor,"{'mode': 'original', 'type': 'ExtraTreesRegressor'}",9,"['re_T6W30', 'l1_T6W30', 'l2_T6W30', 'l3_T6W30', 'lsc_T6W30', 'atd_T6W30', 'density_T6W30', 'diameter_T6W30', 'asp_T6W30']",,,,,,,,,,,,,,,pruned,,True,PRUNED
435,2.8627664990651605,2026-06-14 02:21:34.398702,2026-06-14 02:22:03.922241,0 days 00:00:29.523539,20,log2,4,7,236,ExtraTreesRegressor,4,True,-0.01846885881246265,-0.012950371293661,398.0,-0.015709615053061825,0.0027592437594008254,0.028035334635553272,1.9659423239762661,2.8498775333843587,2.8756554647459622,398.0,2.8627664990651605,0.01288896568080162,0.1309585152585077,1.9659423239762661,911557995459401.5,1021801619318174.0,398.0,966679807388787.8,55121811929386.305,560065937593695.9,1.9659423239762661,8.438916701760432,8.675064701300533,398.0,8.556990701530482,0.11807399977005126,1.1996925186596972,1.9659423239762661,2.5718929531536197,2.6096255575372447,398.0,2.590759255345432,0.01886630219181252,0.19169132610371212,1.9659423239762661,399.0,0.7218045112781954,-0.03977683095883891,-0.029530978714689803,398.0,-0.03465390483676436,0.005122926122074555,0.05205156219208605,1.9659423239762661,ExtraTreesRegressor,"{'mode': 'original', 'type': 'ExtraTreesRegressor'}",4,"['nodes_T6W30', 'lcc_T6W30', 'atd_T6W30', 'density_T6W30']",0.03148396975362884,0.05396454894657665,398.0,0.042724259350102746,0.011240289596473904,0.11420711894845564,1.9659423239762661,3.4879555335107413,3.5253043750915833,398.0,3.5066299543011623,0.018674420790421076,0.18974171245322544,1.9659423239762661,completed,29.516146898269653,True,COMPLETE
436,2.8450567048129174,2026-06-14 02:22:03.934041,2026-06-14 02:22:50.965033,0 days 00:00:47.030992,11,log2,4,4,394,ExtraTreesRegressor,4,False,-0.012139438344322141,-0.0067327794285142895,398.0,-0.009436108886418215,0.0027033294579039253,0.027467216596674674,1.9659423239762661,2.832401269478395,2.8577121401474397,398.0,2.8450567048129174,0.012655435334522493,0.12858572692359319,1.9659423239762661,916606213677374.2,1027024277329535.2,398.0,971815245503454.8,55209031826080.55,560952136568458.6,1.9659423239762661,8.41102634848495,8.63083373156426,398.0,8.520930040024606,0.10990369153965457,1.116677988125966,1.9659423239762661,2.5822825535851694,2.6249177955470278,398.0,2.6036001745660986,0.021317620980929024,0.21659798479131712,1.9659423239762661,399.0,0.6591478696741855,-0.027908080068654556,-0.01847071852700744,398.0,-0.023189399297831,0.004718680770823558,0.04794422167221496,1.9659423239762661,ExtraTreesRegressor,"{'mode': 'original', 'type': 'ExtraTreesRegressor'}",4,"['nodes_T6W30', 'l1_T6W30', 'atd_T6W30', 'density_T6W30']",0.0583665465309723,0.08020564740763068,398.0,0.06928609696930149,0.010919550438329192,0.11094824426633432,1.9659423239762661,3.4690792676149864,3.5053630189317837,398.0,3.487221143273385,0.018141875658398705,0.18433078022445265,1.9659423239762661,completed,47.02355408668518,False,COMPLETE
437,2.9045329625716563,2026-06-14 02:22:50.977996,2026-06-14 02:23:02.890881,0 days 00:00:11.912885,9,log2,3,7,73,ExtraTreesRegressor,8,False,-0.033735013173993106,-0.02740651857465064,398.0,-0.030570765874321875,0.003164247299671234,0.0321503787455127,1.9659423239762661,2.8911065169112273,2.917959408232085,398.0,2.9045329625716563,0.013426445660429087,0.1364195880750821,1.9659423239762661,922412856781864.0,1033728640146217.2,398.0,978070748464040.6,55657891682176.61,565512783385995.4,1.9659423239762661,8.533648111298323,8.753083331493965,398.0,8.643365721396144,0.10971761009782104,1.114787305045323,1.9659423239762661,2.6041314762414345,2.6485968174049894,398.0,2.626364146823212,0.022232670581777372,0.22589535900137372,1.9659423239762661,399.0,0.8721804511278195,-0.066299180175424,-0.0554264340414876,398.0,-0.0608628071084558,0.005436373066968194,0.05523634423993718,1.9659423239762661,ExtraTreesRegressor,"{'mode': 'original', 'type': 'ExtraTreesRegressor'}",8,"['nodes_T6W30', 'l1_T6W30', 'l2_T6W30', 'l3_T6W30', 'lsc_T6W30', 'atd_T6W30', 'density_T6W30', 'diameter_T6W30']",-0.015502943614048912,0.005951138808594944,398.0,-0.004775902402726984,0.010727041211321928,0.10899225158493658,1.9659423239762661,3.531879887982702,3.569059555386748,398.0,3.550469721684725,0.018589833702023145,0.18888226416381512,1.9659423239762661,completed,11.905597925186157,False,COMPLETE
