number,value,datetime_start,datetime_complete,duration,params_et_max_depth,params_et_max_features,params_et_min_samples_leaf,params_et_min_samples_split,params_et_n_estimators,params_regressor,params_rfe_n_features,params_use_scaler,user_attrs_d2mae_ci_lower_val,user_attrs_d2mae_ci_upper_val,user_attrs_d2mae_df_val,user_attrs_d2mae_mean_val,user_attrs_d2mae_samperror_val,user_attrs_d2mae_std_val,user_attrs_d2mae_t_critical_val,user_attrs_mae_ci_lower_val,user_attrs_mae_ci_upper_val,user_attrs_mae_df_val,user_attrs_mae_mean_val,user_attrs_mae_samperror_val,user_attrs_mae_std_val,user_attrs_mae_t_critical_val,user_attrs_mape_ci_lower_val,user_attrs_mape_ci_upper_val,user_attrs_mape_df_val,user_attrs_mape_mean_val,user_attrs_mape_samperror_val,user_attrs_mape_std_val,user_attrs_mape_t_critical_val,user_attrs_max_error_ci_lower_val,user_attrs_max_error_ci_upper_val,user_attrs_max_error_df_val,user_attrs_max_error_mean_val,user_attrs_max_error_samperror_val,user_attrs_max_error_std_val,user_attrs_max_error_t_critical_val,user_attrs_median_ae_ci_lower_val,user_attrs_median_ae_ci_upper_val,user_attrs_median_ae_df_val,user_attrs_median_ae_mean_val,user_attrs_median_ae_samperror_val,user_attrs_median_ae_std_val,user_attrs_median_ae_t_critical_val,user_attrs_n_splits_val,user_attrs_r2_below_zero_val,user_attrs_r2_ci_lower_val,user_attrs_r2_ci_upper_val,user_attrs_r2_df_val,user_attrs_r2_mean_val,user_attrs_r2_samperror_val,user_attrs_r2_std_val,user_attrs_r2_t_critical_val,user_attrs_regressor_final,user_attrs_rfe_estimator,user_attrs_rfe_n_features,user_attrs_rfe_selected_features,user_attrs_rho_ci_lower_val,user_attrs_rho_ci_upper_val,user_attrs_rho_df_val,user_attrs_rho_mean_val,user_attrs_rho_samperror_val,user_attrs_rho_std_val,user_attrs_rho_t_critical_val,user_attrs_rmse_ci_lower_val,user_attrs_rmse_ci_upper_val,user_attrs_rmse_df_val,user_attrs_rmse_mean_val,user_attrs_rmse_samperror_val,user_attrs_rmse_std_val,user_attrs_rmse_t_critical_val,user_attrs_termination_reason,user_attrs_trial_time_seconds,user_attrs_use_scaler_final,state
177,2.9336327054417386,2026-06-14 00:27:03.003859,2026-06-14 00:27:59.987538,0 days 00:00:56.983679,20,sqrt,2,10,452,ExtraTreesRegressor,12,False,-0.04399919739936052,-0.03772371966453912,398.0,-0.04086145853194982,0.0031377388674107,0.03188103945044102,1.9659423239762661,2.9199671899164814,2.947298220966996,398.0,2.9336327054417386,0.013665515525257228,0.13884866076534302,1.9659423239762661,934610545811274.5,1047158191469544.8,398.0,990884368640409.6,56273822829135.17,571770960380547.4,1.9659423239762661,8.572725186300563,8.792935787698045,398.0,8.682830486999304,0.11010530069874169,1.1187264407939637,1.9659423239762661,2.626503884222808,2.673162910596536,398.0,2.649833397409672,0.023329513186863896,0.23703984356217606,1.9659423239762661,399.0,0.9523809523809523,-0.08226822334394795,-0.07156881309761254,398.0,-0.07691851822078025,0.0053497051231677145,0.05435575339023661,1.9659423239762661,ExtraTreesRegressor,"{'mode': 'original', 'type': 'ExtraTreesRegressor'}",12,"['nodes_T6W30', 're_T6W30', 'pe_T6W30', 'l1_T6W30', 'l2_T6W30', 'l3_T6W30', 'lcc_T6W30', 'lsc_T6W30', 'atd_T6W30', 'density_T6W30', 'diameter_T6W30', 'asp_T6W30']",-0.05141167307744395,-0.03061675976292797,398.0,-0.04101421642018596,0.01039745665725799,0.10564350313441963,1.9659423239762661,3.5586529342753708,3.596093980218812,398.0,3.5773734572470914,0.018720522971720797,0.19021013430822215,1.9659423239762661,completed,56.97531700134277,False,COMPLETE
178,2.8538460435749773,2026-06-14 00:27:59.999517,2026-06-14 00:28:31.535526,0 days 00:00:31.536009,14,sqrt,5,9,258,ExtraTreesRegressor,8,False,-0.014807858590528973,-0.010250231161844175,398.0,-0.012529044876186574,0.0022788137143423984,0.02315391847349887,1.9659423239762661,2.841676667379257,2.8660154197706977,398.0,2.8538460435749773,0.012169376195720458,0.12364711627618051,1.9659423239762661,929153390003369.8,1040306761708778.5,398.0,984730075856074.1,55576685852704.414,564687690424978.8,1.9659423239762661,8.284230948598662,8.491200042972928,398.0,8.387715495785795,0.10348454718713229,1.051456182555601,1.9659423239762661,2.5897532389772215,2.629637210403746,398.0,2.609695224690484,0.019941985713262268,0.2026208235006158,1.9659423239762661,399.0,0.6190476190476191,-0.01876204363752089,-0.011525625603317456,398.0,-0.015143834620419173,0.0036182090171017174,0.03676286309617325,1.9659423239762661,ExtraTreesRegressor,"{'mode': 'original', 'type': 'ExtraTreesRegressor'}",8,"['nodes_T6W30', 're_T6W30', 'l1_T6W30', 'lcc_T6W30', 'atd_T6W30', 'density_T6W30', 'diameter_T6W30', 'asp_T6W30']",0.04341722741540739,0.06459073580444023,398.0,0.05400398160992381,0.010586754194516422,0.10756686339740658,1.9659423239762661,3.4563498832778468,3.4917354008607493,398.0,3.474042642069298,0.017692758791451373,0.17976752204458316,1.9659423239762661,completed,31.528414964675903,False,COMPLETE
179,3.0086502584934625,2026-06-14 00:28:31.547462,2026-06-14 00:28:33.663062,0 days 00:00:02.115600,14,sqrt,1,2,281,ExtraTreesRegressor,2,False,,,,,,,,,,,,,,,,,,,,,,,,,,,,,,,,,,,,,,,,,,,,,ExtraTreesRegressor,"{'mode': 'original', 'type': 'ExtraTreesRegressor'}",2,"['density_T6W30', 'asp_T6W30']",,,,,,,,,,,,,,,pruned,,False,PRUNED
180,2.842906763432289,2026-06-14 00:28:33.669299,2026-06-14 00:28:59.035056,0 days 00:00:25.365757,7,sqrt,4,5,209,ExtraTreesRegressor,3,True,-0.010318527132874789,-0.006961742087375201,398.0,-0.008640134610124995,0.0016783925227497943,0.017053330596394595,1.9659423239762661,2.8315349889525967,2.8542785379119815,398.0,2.842906763432289,0.011371774479692422,0.1155430729351191,1.9659423239762661,933449556211574.1,1044852856213585.4,398.0,989151206212579.8,55701650001005.68,565957390393724.4,1.9659423239762661,8.217077603537463,8.413900641500613,398.0,8.315489122519038,0.09841151898157413,0.9999116088390304,1.9659423239762661,2.5450671827717053,2.5723858387228193,398.0,2.5587265107472623,0.013659327975557117,0.13878579208046307,1.9659423239762661,399.0,0.42857142857142855,-0.0038910281126783497,0.0011759588405584618,398.0,-0.001357534636059944,0.0025334934766184057,0.025741595744122287,1.9659423239762661,ExtraTreesRegressor,"{'mode': 'original', 'type': 'ExtraTreesRegressor'}",3,"['nodes_T6W30', 'lcc_T6W30', 'density_T6W30']",0.08318455773790534,0.10579839527938356,398.0,0.09449147650864445,0.011306918770739105,0.11488410560128444,1.9659423239762661,3.4335513815264505,3.4678653608445367,398.0,3.4507083711854936,0.01715698965904322,0.17432383231500145,1.9659423239762661,completed,25.358487844467163,True,COMPLETE
181,2.8342590381191792,2026-06-14 00:28:59.046636,2026-06-14 00:29:20.216430,0 days 00:00:21.169794,2,log2,5,2,169,ExtraTreesRegressor,6,False,-0.007367255721132589,-0.003779144141380844,398.0,-0.005573199931256717,0.0017940557898758727,0.01822852883245952,1.9659423239762661,2.8227800439793893,2.845738032258969,398.0,2.8342590381191792,0.01147899413979011,0.11663247978440801,1.9659423239762661,928471662694486.2,1039288424286447.8,398.0,983880043490467.0,55408380795980.805,562977624552753.4,1.9659423239762661,8.171176624802778,8.369443297639966,398.0,8.270309961221372,0.0991333364185952,1.0072456449580638,1.9659423239762661,2.5481762570704873,2.584129578648417,398.0,2.566152917859452,0.01797666078896481,0.18265211224321046,1.9659423239762661,399.0,0.3483709273182957,0.002255310895854797,0.00761885564241498,398.0,0.004937083269134888,0.002681772373280091,0.02724818553820546,1.9659423239762661,ExtraTreesRegressor,"{'mode': 'original', 'type': 'ExtraTreesRegressor'}",6,"['nodes_T6W30', 'lcc_T6W30', 'atd_T6W30', 'density_T6W30', 'diameter_T6W30', 'asp_T6W30']",0.12308120875768737,0.14669072624878096,398.0,0.13488596750323417,0.011804758745546798,0.11994241559696234,1.9659423239762661,3.422678154317673,3.456852965861343,398.0,3.439765560089508,0.017087405771835037,0.17361682426017572,1.9659423239762661,completed,21.16242790222168,False,COMPLETE
182,2.861008444114122,2026-06-14 00:29:20.228468,2026-06-14 00:30:00.629571,0 days 00:00:40.401103,16,log2,3,9,327,ExtraTreesRegressor,5,True,-0.01797067622058638,-0.012210733333767598,398.0,-0.01509070477717699,0.002879971443409391,0.02926198994986681,1.9659423239762661,2.847979898802584,2.87403698942566,398.0,2.861008444114122,0.013028545311538119,0.13237671604003431,1.9659423239762661,920587343762873.0,1031638650614503.5,398.0,976112997188688.2,55525653425815.2,564169174741024.0,1.9659423239762661,8.42404244241762,8.640316213708656,398.0,8.532179328063139,0.10813688564551778,1.0987263322385759,1.9659423239762661,2.6067806105170312,2.6506191029337423,398.0,2.6286998567253868,0.021919246208355437,0.22271080629127513,1.9659423239762661,399.0,0.7218045112781954,-0.03670693558159497,-0.02675252720037453,398.0,-0.03172973139098475,0.004977204190610218,0.05057095247849229,1.9659423239762661,ExtraTreesRegressor,"{'mode': 'original', 'type': 'ExtraTreesRegressor'}",5,"['nodes_T6W30', 'l1_T6W30', 'atd_T6W30', 'density_T6W30', 'asp_T6W30']",0.03935171275074159,0.06090110200431216,398.0,0.050126407377526876,0.010774694626785283,0.10947643477625141,1.9659423239762661,3.4833649871238994,3.519756910061012,398.0,3.5015609485924557,0.018195961468556253,0.1848803198516189,1.9659423239762661,completed,40.39291191101074,True,COMPLETE
183,2.894202393667283,2026-06-14 00:30:00.641683,2026-06-14 00:30:42.334063,0 days 00:00:41.692380,16,,4,10,312,ExtraTreesRegressor,4,True,-0.030744478742426452,-0.023153878373508005,398.0,-0.02694917855796723,0.0037953001844592237,0.0385622003678272,1.9659423239762661,2.8797976008067834,2.908607186527783,398.0,2.894202393667283,0.014404792860499891,0.14636009842335873,1.9659423239762661,908737228245976.8,1019487772430728.8,398.0,964112500338352.8,55375272092375.95,562641223108789.25,1.9659423239762661,8.665950319972328,8.888980613992672,398.0,8.7774654669825,0.11151514701017186,1.1330512038711584,1.9659423239762661,2.6108217616589227,2.660657368179091,398.0,2.6357395649190067,0.024917803260083898,0.2531776869655873,1.9659423239762661,399.0,0.8546365914786967,-0.07936964079136524,-0.06553337319904642,398.0,-0.07245150699520583,0.006918133796159411,0.07029179476008914,1.9659423239762661,ExtraTreesRegressor,"{'mode': 'original', 'type': 'ExtraTreesRegressor'}",4,"['nodes_T6W30', 'l1_T6W30', 'atd_T6W30', 'density_T6W30']",0.030862961967249754,0.0522560328056546,398.0,0.04155949738645218,0.010696535419202423,0.10868229705936082,1.9659423239762661,3.5494159496572704,3.588144137803994,398.0,3.5687800437306323,0.01936409407336176,0.19674914744716787,1.9659423239762661,completed,41.684528827667236,True,COMPLETE
184,2.9459093292702905,2026-06-14 00:30:42.346069,2026-06-14 00:30:44.018423,0 days 00:00:01.672354,13,,2,12,248,ExtraTreesRegressor,9,False,,,,,,,,,,,,,,,,,,,,,,,,,,,,,,,,,,,,,,,,,,,,,ExtraTreesRegressor,"{'mode': 'original', 'type': 'ExtraTreesRegressor'}",9,"['nodes_T6W30', 're_T6W30', 'l1_T6W30', 'l2_T6W30', 'l3_T6W30', 'lsc_T6W30', 'atd_T6W30', 'density_T6W30', 'asp_T6W30']",,,,,,,,,,,,,,,pruned,,False,PRUNED
185,2.9665885423250464,2026-06-14 00:30:44.024828,2026-06-14 00:30:46.941808,0 days 00:00:02.916980,18,,2,12,438,ExtraTreesRegressor,10,False,,,,,,,,,,,,,,,,,,,,,,,,,,,,,,,,,,,,,,,,,,,,,ExtraTreesRegressor,"{'mode': 'original', 'type': 'ExtraTreesRegressor'}",10,"['nodes_T6W30', 're_T6W30', 'l1_T6W30', 'l2_T6W30', 'l3_T6W30', 'lsc_T6W30', 'atd_T6W30', 'density_T6W30', 'diameter_T6W30', 'asp_T6W30']",,,,,,,,,,,,,,,pruned,,False,PRUNED
186,2.87852280441962,2026-06-14 00:30:46.947223,2026-06-14 00:31:04.933178,0 days 00:00:17.985955,12,log2,5,12,130,ExtraTreesRegressor,10,True,-0.023901403470116364,-0.018643281646166812,398.0,-0.021272342558141588,0.002629060911974777,0.02671261000168802,1.9659423239762661,2.8656634375768912,2.891382171262349,398.0,2.87852280441962,0.01285936684272894,0.13065777585215263,1.9659423239762661,928227241354990.4,1039684594003122.1,398.0,983955917679056.2,55728676324065.93,566231991725477.4,1.9659423239762661,8.399832704392903,8.612590909272416,398.0,8.50621180683266,0.10637910243975718,1.0808663515020587,1.9659423239762661,2.589894567172995,2.631815253344179,398.0,2.610854910258587,0.020960343085591818,0.21296785776120658,1.9659423239762661,399.0,0.7669172932330827,-0.03921946076195527,-0.030448062177603756,398.0,-0.03483376146977951,0.004385699292175755,0.04456095872216676,1.9659423239762661,ExtraTreesRegressor,"{'mode': 'original', 'type': 'ExtraTreesRegressor'}",10,"['nodes_T6W30', 're_T6W30', 'pe_T6W30', 'l1_T6W30', 'l3_T6W30', 'lcc_T6W30', 'atd_T6W30', 'density_T6W30', 'diameter_T6W30', 'asp_T6W30']",0.004546623809853049,0.02607527091316083,398.0,0.015310947361506939,0.01076432355165389,0.10937105932297786,1.9659423239762661,3.4890221020904115,3.5256917879280363,398.0,3.507356945009224,0.018334842918812447,0.1862914267606543,1.9659423239762661,completed,17.977567195892334,True,COMPLETE
187,2.8712270203869332,2026-06-14 00:31:04.952053,2026-06-14 00:31:39.450948,0 days 00:00:34.498895,17,sqrt,3,10,278,ExtraTreesRegressor,8,True,-0.02139759980492962,-0.01603302881120975,398.0,-0.018715314308069685,0.0026822854968599342,0.0272533991374829,1.9659423239762661,2.8585019408888424,2.883952099885024,398.0,2.8712270203869332,0.012725079498090984,0.12929334741721707,1.9659423239762661,928306251231635.4,1040106084327715.9,398.0,984206167779675.6,55899916548040.24,567971880405421.1,1.9659423239762661,8.369683273313704,8.585921305095638,398.0,8.477802289204671,0.10811901589096752,1.0985447663486596,1.9659423239762661,2.607782711029773,2.6488103742301297,398.0,2.6282965426299514,0.020513831600178212,0.20843107159668636,1.9659423239762661,399.0,0.7268170426065163,-0.035742185996332276,-0.02674718402621762,398.0,-0.031244685011274947,0.004497500985057327,0.04569692137935399,1.9659423239762661,ExtraTreesRegressor,"{'mode': 'original', 'type': 'ExtraTreesRegressor'}",8,"['nodes_T6W30', 'l1_T6W30', 'l2_T6W30', 'lcc_T6W30', 'atd_T6W30', 'density_T6W30', 'diameter_T6W30', 'asp_T6W30']",0.022368284467762498,0.04387086869702714,398.0,0.03311957658239482,0.01075129211463232,0.10923865322567779,1.9659423239762661,3.48303497805833,3.518939056320215,398.0,3.5009870171892725,0.017952039130942572,0.18240194354405737,1.9659423239762661,completed,34.49040389060974,True,COMPLETE
188,2.984083477948814,2026-06-14 00:31:39.463351,2026-06-14 00:31:41.708380,0 days 00:00:02.245029,16,,3,3,336,ExtraTreesRegressor,13,False,,,,,,,,,,,,,,,,,,,,,,,,,,,,,,,,,,,,,,,,,,,,,ExtraTreesRegressor,"{'mode': 'original', 'type': 'ExtraTreesRegressor'}",13,"['nodes_T6W30', 'edges_T6W30', 're_T6W30', 'pe_T6W30', 'l1_T6W30', 'l2_T6W30', 'l3_T6W30', 'lcc_T6W30', 'lsc_T6W30', 'atd_T6W30', 'density_T6W30', 'diameter_T6W30', 'asp_T6W30']",,,,,,,,,,,,,,,pruned,,False,PRUNED
189,2.865507602600135,2026-06-14 00:31:41.713817,2026-06-14 00:32:30.214574,0 days 00:00:48.500757,5,sqrt,4,8,410,ExtraTreesRegressor,11,False,-0.019202066197582832,-0.01414464658179566,398.0,-0.016673356389689246,0.0025287098078935854,0.025692991211438632,1.9659423239762661,2.852963430126179,2.8780517750740913,398.0,2.865507602600135,0.012544172473956127,0.127455239079647,1.9659423239762661,922614534610064.8,1033203917293031.5,398.0,977909225951548.1,55294691341483.37,561822481267384.0,1.9659423239762661,8.319512696598402,8.533640629055384,398.0,8.426576662826893,0.10706396622849176,1.0878249195631553,1.9659423239762661,2.5539080159681595,2.5929608710273393,398.0,2.5734344434977494,0.019526427529589933,0.19839853878941416,1.9659423239762661,399.0,0.6942355889724311,-0.028424843273163882,-0.020207880004090368,398.0,-0.024316361638627125,0.004108481634536757,0.04174428485190268,1.9659423239762661,ExtraTreesRegressor,"{'mode': 'original', 'type': 'ExtraTreesRegressor'}",11,"['nodes_T6W30', 're_T6W30', 'l1_T6W30', 'l2_T6W30', 'l3_T6W30', 'lcc_T6W30', 'lsc_T6W30', 'atd_T6W30', 'density_T6W30', 'diameter_T6W30', 'asp_T6W30']",0.029239701605354634,0.0502122894979594,398.0,0.03972599555165702,0.010486293946302383,0.10654613564667571,1.9659423239762661,3.471522639916712,3.5075305467110223,398.0,3.489526593313867,0.01800395339715509,0.18292941916873476,1.9659423239762661,completed,48.49319291114807,False,COMPLETE
190,2.841114753628656,2026-06-14 00:32:30.226316,2026-06-14 00:33:14.243357,0 days 00:00:44.017041,2,sqrt,2,10,393,ExtraTreesRegressor,3,True,-0.009445934070204082,-0.006556629572887607,398.0,-0.008001281821545844,0.001444652248658237,0.014678409287018964,1.9659423239762661,2.829976860473959,2.852252646783353,398.0,2.841114753628656,0.011137893154696892,0.11316671847606974,1.9659423239762661,937326322590935.8,1048989914994718.2,398.0,993158118792827.0,55831796201891.29,567279742679905.2,1.9659423239762661,8.113936876364788,8.29929799161925,398.0,8.206617433992019,0.09268055762723117,0.9416820962035399,1.9659423239762661,2.546634703460896,2.5757969277635038,398.0,2.5612158156122,0.014581112151304003,0.14815159303254472,1.9659423239762661,399.0,0.2556390977443609,0.005772190030170893,0.009481967629481572,398.0,0.007627078829826233,0.0018548887996553398,0.018846623475328474,1.9659423239762661,ExtraTreesRegressor,"{'mode': 'original', 'type': 'ExtraTreesRegressor'}",3,"['atd_T6W30', 'diameter_T6W30', 'asp_T6W30']",0.13410878008367544,0.1577574248391732,398.0,0.14593310246142432,0.011824322377748891,0.12014119215434475,1.9659423239762661,3.4185504568057765,3.4519765360307626,398.0,3.4352634964182696,0.016713039612492847,0.16981307168571516,1.9659423239762661,completed,44.00906801223755,True,COMPLETE
191,2.852473582532214,2026-06-14 00:33:14.256092,2026-06-14 00:34:12.681215,0 days 00:00:58.425123,8,sqrt,4,6,499,ExtraTreesRegressor,6,False,-0.014597266373229847,-0.009537076075298207,398.0,-0.012067171224264027,0.0025300951489658197,0.025707066988691782,1.9659423239762661,2.8400805850610817,2.864866580003346,398.0,2.852473582532214,0.012392997471132018,0.12591922335857678,1.9659423239762661,921775261016106.4,1032358370567321.4,398.0,977066815791713.9,55291554775607.48,561790612146130.25,1.9659423239762661,8.346699304276227,8.561493705652746,398.0,8.454096504964486,0.10739720068825956,1.0912107529313955,1.9659423239762661,2.583630849358073,2.6233238242501384,398.0,2.6034773368041058,0.0198464874460328,0.2016505120267665,1.9659423239762661,399.0,0.6541353383458647,-0.025311863237458126,-0.01668293798598542,398.0,-0.020997400611721773,0.004314462625736355,0.04383715758094989,1.9659423239762661,ExtraTreesRegressor,"{'mode': 'original', 'type': 'ExtraTreesRegressor'}",6,"['nodes_T6W30', 'l1_T6W30', 'lcc_T6W30', 'atd_T6W30', 'density_T6W30', 'asp_T6W30']",0.043878925859001876,0.06538116260678765,398.0,0.05463004423289476,0.010751118373892888,0.10923688793047572,1.9659423239762661,3.465802965308214,3.5014545558474683,398.0,3.483628760577841,0.01782579526962709,0.1811192410334128,1.9659423239762661,completed,58.41503572463989,False,COMPLETE
192,2.8801866879595988,2026-06-14 00:34:12.701275,2026-06-14 00:34:14.988879,0 days 00:00:02.287604,8,,1,10,329,ExtraTreesRegressor,2,True,,,,,,,,,,,,,,,,,,,,,,,,,,,,,,,,,,,,,,,,,,,,,ExtraTreesRegressor,"{'mode': 'original', 'type': 'ExtraTreesRegressor'}",2,"['atd_T6W30', 'density_T6W30']",,,,,,,,,,,,,,,pruned,,True,PRUNED
193,2.838604142143202,2026-06-14 00:34:14.994595,2026-06-14 00:34:50.146332,0 days 00:00:35.151737,13,log2,5,9,302,ExtraTreesRegressor,2,True,-0.00868310715125899,-0.005531335689201043,398.0,-0.007107221420230016,0.0015758857310289734,0.01601180891186817,1.9659423239762661,2.827315677873836,2.8498926064125674,398.0,2.838604142143202,0.011288464269365386,0.11469659838312665,1.9659423239762661,933719789713011.6,1045215379574866.4,398.0,989467584643939.0,55747794930927.42,566426246596690.4,1.9659423239762661,8.218532546358112,8.418747149385524,398.0,8.318639847871818,0.10010730151370607,1.0171416308678811,1.9659423239762661,2.538647983051657,2.5673756647392816,398.0,2.5530118238954693,0.014363840843812467,0.14594400488761325,1.9659423239762661,399.0,0.37092731829573933,0.00010489849454894604,0.00469593077943122,398.0,0.002400414636990083,0.002295516142441137,0.023323623726751338,1.9659423239762661,ExtraTreesRegressor,"{'mode': 'original', 'type': 'ExtraTreesRegressor'}",2,"['nodes_T6W30', 'density_T6W30']",0.09688899640161973,0.11948465300268903,398.0,0.10818682470215438,0.011297828300534652,0.11479174175220148,1.9659423239762661,3.427179110844613,3.4615096905936382,398.0,3.4443444007191255,0.017165289874512813,0.1744081667698478,1.9659423239762661,completed,35.144370794296265,True,COMPLETE
194,2.8684325763845444,2026-06-14 00:34:50.158110,2026-06-14 00:35:39.102622,0 days 00:00:48.944512,15,sqrt,3,10,403,ExtraTreesRegressor,7,False,-0.02041233082302657,-0.015055912140984803,398.0,-0.017734121482005687,0.002678209341020884,0.027211983299326125,1.9659423239762661,2.8557831035814285,2.8810820491876603,398.0,2.8684325763845444,0.01264947280311568,0.12852514454021532,1.9659423239762661,925107200623735.0,1036547463756004.0,398.0,980827332189869.5,55720131566134.51,566145172593542.8,1.9659423239762661,8.38775500837141,8.60731003697651,398.0,8.49753252267396,0.10977751430254977,1.115395962551542,1.9659423239762661,2.5943607336664285,2.6350542306541693,398.0,2.614707482160299,0.02034674849387032,0.20673342136867368,1.9659423239762661,399.0,0.7293233082706767,-0.036198156090541916,-0.027031728245023784,398.0,-0.03161494216778285,0.004583213922759067,0.04656780887629134,1.9659423239762661,ExtraTreesRegressor,"{'mode': 'original', 'type': 'ExtraTreesRegressor'}",7,"['nodes_T6W30', 'l1_T6W30', 'l2_T6W30', 'lcc_T6W30', 'atd_T6W30', 'density_T6W30', 'asp_T6W30']",0.024788604239994363,0.04614166999363842,398.0,0.03546513711681639,0.010676532876822025,0.10847906094900063,1.9659423239762661,3.483580576883572,3.5195457130760452,398.0,3.5015631449798086,0.01798256809623678,0.18271213352099736,1.9659423239762661,completed,48.93690609931946,False,COMPLETE
