number,value,datetime_start,datetime_complete,duration,params_et_max_depth,params_et_max_features,params_et_min_samples_leaf,params_et_min_samples_split,params_et_n_estimators,params_regressor,params_rfe_n_features,params_use_scaler,user_attrs_d2mae_ci_lower_val,user_attrs_d2mae_ci_upper_val,user_attrs_d2mae_df_val,user_attrs_d2mae_mean_val,user_attrs_d2mae_samperror_val,user_attrs_d2mae_std_val,user_attrs_d2mae_t_critical_val,user_attrs_mae_ci_lower_val,user_attrs_mae_ci_upper_val,user_attrs_mae_df_val,user_attrs_mae_mean_val,user_attrs_mae_samperror_val,user_attrs_mae_std_val,user_attrs_mae_t_critical_val,user_attrs_mape_ci_lower_val,user_attrs_mape_ci_upper_val,user_attrs_mape_df_val,user_attrs_mape_mean_val,user_attrs_mape_samperror_val,user_attrs_mape_std_val,user_attrs_mape_t_critical_val,user_attrs_max_error_ci_lower_val,user_attrs_max_error_ci_upper_val,user_attrs_max_error_df_val,user_attrs_max_error_mean_val,user_attrs_max_error_samperror_val,user_attrs_max_error_std_val,user_attrs_max_error_t_critical_val,user_attrs_median_ae_ci_lower_val,user_attrs_median_ae_ci_upper_val,user_attrs_median_ae_df_val,user_attrs_median_ae_mean_val,user_attrs_median_ae_samperror_val,user_attrs_median_ae_std_val,user_attrs_median_ae_t_critical_val,user_attrs_n_splits_val,user_attrs_r2_below_zero_val,user_attrs_r2_ci_lower_val,user_attrs_r2_ci_upper_val,user_attrs_r2_df_val,user_attrs_r2_mean_val,user_attrs_r2_samperror_val,user_attrs_r2_std_val,user_attrs_r2_t_critical_val,user_attrs_regressor_final,user_attrs_rfe_estimator,user_attrs_rfe_n_features,user_attrs_rfe_selected_features,user_attrs_rho_ci_lower_val,user_attrs_rho_ci_upper_val,user_attrs_rho_df_val,user_attrs_rho_mean_val,user_attrs_rho_samperror_val,user_attrs_rho_std_val,user_attrs_rho_t_critical_val,user_attrs_rmse_ci_lower_val,user_attrs_rmse_ci_upper_val,user_attrs_rmse_df_val,user_attrs_rmse_mean_val,user_attrs_rmse_samperror_val,user_attrs_rmse_std_val,user_attrs_rmse_t_critical_val,user_attrs_termination_reason,user_attrs_trial_time_seconds,user_attrs_use_scaler_final,state
366,2.836143238588015,2026-06-14 01:52:27.449487,2026-06-14 01:52:38.808059,0 days 00:00:11.358572,2,sqrt,3,8,72,ExtraTreesRegressor,7,True,-0.00811055699760279,-0.004382437130212973,398.0,-0.006246497063907881,0.0018640599336949082,0.01893980691043123,1.9659423239762661,2.8246006813973157,2.8476857957787143,398.0,2.836143238588015,0.011542557190699434,0.11727831304818843,1.9659423239762661,926249824784318.4,1036896934252506.1,398.0,981573379518412.2,55323554734093.91,562115748169881.0,1.9659423239762661,8.161613897300137,8.355227733156367,398.0,8.258420815228252,0.09680691792811545,0.9836080374937992,1.9659423239762661,2.5497358905096337,2.5869885187460633,398.0,2.5683622046278485,0.018626314118214693,0.18925292394046217,1.9659423239762661,399.0,0.3483709273182957,0.0008099717509756793,0.006433488111800917,398.0,0.0036217299313882983,0.002811758180412619,0.028568908141424924,1.9659423239762661,ExtraTreesRegressor,"{'mode': 'original', 'type': 'ExtraTreesRegressor'}",7,"['nodes_T6W30', 'l3_T6W30', 'lcc_T6W30', 'atd_T6W30', 'density_T6W30', 'diameter_T6W30', 'asp_T6W30']",0.11486269285465851,0.1386160829197914,398.0,0.12673938788722497,0.011876695032566454,0.12067332524282604,1.9659423239762661,3.4248704928611047,3.4590948483495283,398.0,3.4419826706053165,0.017112177744211903,0.17386852023042196,1.9659423239762661,completed,11.350799083709717,True,COMPLETE
367,2.879547463495633,2026-06-14 01:52:38.819781,2026-06-14 01:53:25.620773,0 days 00:00:46.800992,4,,2,8,376,ExtraTreesRegressor,6,True,-0.024811096351493245,-0.01854115931008023,398.0,-0.021676127830786738,0.0031349685207065084,0.03185289130418033,1.9659423239762661,2.866054912657012,2.8930400143342543,398.0,2.879547463495633,0.013492550838621381,0.1370912506585163,1.9659423239762661,907480805764005.8,1016814599907751.5,398.0,962147702835878.6,54666897071872.93,555443768849952.1,1.9659423239762661,8.44940615557186,8.671968524170277,398.0,8.560687339871068,0.11128118429920861,1.130674022488851,1.9659423239762661,2.5603566526375485,2.602838374541689,398.0,2.5815975135896188,0.021240860952070017,0.2158180634493316,1.9659423239762661,399.0,0.7418546365914787,-0.04738228277458185,-0.03605435452376788,398.0,-0.041718318649174864,0.005663964125406985,0.057548786358054646,1.9659423239762661,ExtraTreesRegressor,"{'mode': 'original', 'type': 'ExtraTreesRegressor'}",6,"['nodes_T6W30', 'l1_T6W30', 'l3_T6W30', 'atd_T6W30', 'density_T6W30', 'asp_T6W30']",0.023659562664027106,0.04574895559682941,398.0,0.03470425913042826,0.011044696466401152,0.1122197922270225,1.9659423239762661,3.499444725379652,3.536822542830996,398.0,3.518133634105324,0.01868890872567197,0.18988891732106405,1.9659423239762661,completed,46.79343819618225,True,COMPLETE
368,2.834597755323664,2026-06-14 01:53:25.632828,2026-06-14 01:54:11.226199,0 days 00:00:45.593371,6,sqrt,3,9,398,ExtraTreesRegressor,2,True,-0.0075215158062121494,-0.003846087658899774,398.0,-0.005683801732555962,0.001837714073656188,0.01867211943268285,1.9659423239762661,2.823001702571906,2.846193808075422,398.0,2.834597755323664,0.011596052751758042,0.11782185544116659,1.9659423239762661,929793940564660.6,1041304016413640.1,398.0,985548978489150.4,55755037924489.72,566499839133627.4,1.9659423239762661,8.248521554980146,8.45522017424245,398.0,8.351870864611298,0.10334930963115327,1.0500820994851043,1.9659423239762661,2.527395693303602,2.5564372329572467,398.0,2.5419164631304243,0.014520769826822485,0.1475384840044776,1.9659423239762661,399.0,0.41102756892230574,-0.002496916161355939,0.003305362444262463,398.0,0.0004042231414532618,0.002901139302809201,0.029477066280027966,1.9659423239762661,ExtraTreesRegressor,"{'mode': 'original', 'type': 'ExtraTreesRegressor'}",2,"['atd_T6W30', 'density_T6W30']",0.09542576891397309,0.11854042487310942,398.0,0.10698309689354125,0.01155732797956817,0.11742839185414942,1.9659423239762661,3.430207891224347,3.465088612797195,398.0,3.447648252010771,0.017440360786424094,0.17720302860025536,1.9659423239762661,completed,45.5857720375061,True,COMPLETE
369,2.8812138528066447,2026-06-14 01:54:11.238966,2026-06-14 01:54:59.498483,0 days 00:00:48.259517,6,sqrt,1,5,399,ExtraTreesRegressor,5,True,-0.025517446327538558,-0.019055113766785606,398.0,-0.022286280047162082,0.0032311662803764752,0.03283030998071063,1.9659423239762661,2.867652696285734,2.8947750093275553,398.0,2.8812138528066447,0.013561156520910611,0.13778831964864302,1.9659423239762661,912864102120287.0,1022645488372317.8,398.0,967754795246302.4,54890693126015.36,557717651774076.94,1.9659423239762661,8.43832024374667,8.65577118353886,398.0,8.547045713642765,0.10872546989609444,1.1047066507116767,1.9659423239762661,2.5849195998940973,2.628181137169168,398.0,2.6065503685316327,0.021630768637535328,0.21977972591635764,1.9659423239762661,399.0,0.7268170426065163,-0.05088102042481631,-0.03890140118920351,398.0,-0.04489121080700991,0.005989809617806405,0.06085954402046868,1.9659423239762661,ExtraTreesRegressor,"{'mode': 'original', 'type': 'ExtraTreesRegressor'}",5,"['l1_T6W30', 'lcc_T6W30', 'atd_T6W30', 'density_T6W30', 'asp_T6W30']",0.02913800915083599,0.051820441326822925,398.0,0.04047922523882946,0.011341216087993468,0.11523258397078398,1.9659423239762661,3.504538585759894,3.5417423401943813,398.0,3.5231404629771377,0.01860187721724367,0.1890046324679004,1.9659423239762661,completed,48.2518150806427,True,COMPLETE
370,2.872509232221303,2026-06-14 01:54:59.511226,2026-06-14 01:55:24.927164,0 days 00:00:25.415938,18,sqrt,5,12,193,ExtraTreesRegressor,13,False,-0.021548592704976804,-0.016733104427272154,398.0,-0.01914084856612448,0.002407744138852325,0.024463917846886833,1.9659423239762661,2.860038433626791,2.884980030815815,398.0,2.872509232221303,0.012470798594511705,0.12670972275593526,1.9659423239762661,929967980616940.1,1041366145646495.6,398.0,985667063131717.9,55699082514777.76,565931303414157.4,1.9659423239762661,8.339603388262844,8.549054803243177,398.0,8.44432909575301,0.10472570749016537,1.064067009095788,1.9659423239762661,2.572151266600936,2.611379141801768,398.0,2.591765204201352,0.019613937600416128,0.19928768608248482,1.9659423239762661,399.0,0.7343358395989975,-0.03149466717651407,-0.02370369979888372,398.0,-0.027599183487698895,0.0038954836888151732,0.03958011625873469,1.9659423239762661,ExtraTreesRegressor,"{'mode': 'original', 'type': 'ExtraTreesRegressor'}",13,"['nodes_T6W30', 'edges_T6W30', 're_T6W30', 'pe_T6W30', 'l1_T6W30', 'l2_T6W30', 'l3_T6W30', 'lcc_T6W30', 'lsc_T6W30', 'atd_T6W30', 'density_T6W30', 'diameter_T6W30', 'asp_T6W30']",0.008798280091013107,0.029675103209536667,398.0,0.019236691650274886,0.010438411559261779,0.1060596259864622,1.9659423239762661,3.477263251306489,3.5132308239280965,398.0,3.495247037617293,0.017983786310803673,0.182724511207066,1.9659423239762661,completed,25.408538103103638,False,COMPLETE
371,2.923633068255661,2026-06-14 01:55:24.939835,2026-06-14 01:56:14.478542,0 days 00:00:49.538707,13,,2,12,368,ExtraTreesRegressor,5,False,-0.04128304400898871,-0.03336334415065965,398.0,-0.03732319407982418,0.003959849929164532,0.040234110340003765,1.9659423239762661,2.908461651747483,2.9388044847638386,398.0,2.923633068255661,0.015171416508177825,0.15414938866962768,1.9659423239762661,908201559373161.1,1018626886963943.1,398.0,963414223168552.1,55212663795390.97,560989039243206.6,1.9659423239762661,8.730429591475767,8.94672234981086,398.0,8.838575970643314,0.10814637916754646,1.0988227913013309,1.9659423239762661,2.618845550586836,2.667631478574698,398.0,2.643238514580767,0.02439296399393116,0.24784505029427506,1.9659423239762661,399.0,0.8571428571428571,-0.08450362222443439,-0.07053376130847308,398.0,-0.07751869176645373,0.006984930457980659,0.07097048317256315,1.9659423239762661,ExtraTreesRegressor,"{'mode': 'original', 'type': 'ExtraTreesRegressor'}",5,"['l1_T6W30', 'l2_T6W30', 'l3_T6W30', 'atd_T6W30', 'density_T6W30']",0.015438555134641423,0.03709192803410336,398.0,0.026265241584372392,0.01082668644973097,0.11000469841719603,1.9659423239762661,3.5575349853444815,3.597369030570855,398.0,3.5774520079576684,0.019917022613187032,0.20236718557472916,1.9659423239762661,completed,49.53043007850647,False,COMPLETE
372,2.907932298490068,2026-06-14 01:56:14.493738,2026-06-14 01:57:16.574057,0 days 00:01:02.080319,5,,5,6,471,ExtraTreesRegressor,9,False,-0.03509204462289647,-0.028412943354081118,398.0,-0.0317524939884888,0.0033395506344076793,0.03393155071892758,1.9659423239762661,2.89401300955488,2.9218515874252557,398.0,2.907932298490068,0.013919288935187749,0.14142712903034058,1.9659423239762661,920603503948543.5,1031927439541189.5,398.0,976265471744866.5,55661967796323.016,565554198800533.5,1.9659423239762661,8.51963516275488,8.743967337699985,398.0,8.631801250227433,0.11216608747255263,1.1396650935025079,1.9659423239762661,2.6126080391988613,2.6573271310025617,398.0,2.6349675851007115,0.022359545901850013,0.22718447745751252,1.9659423239762661,399.0,0.8596491228070176,-0.0676058606024806,-0.055952009843671546,398.0,-0.06177893522307607,0.0058269253794045245,0.05920455644827768,1.9659423239762661,ExtraTreesRegressor,"{'mode': 'original', 'type': 'ExtraTreesRegressor'}",9,"['nodes_T6W30', 'l1_T6W30', 'l2_T6W30', 'l3_T6W30', 'lcc_T6W30', 'atd_T6W30', 'density_T6W30', 'diameter_T6W30', 'asp_T6W30']",-0.014928216174492604,0.0072171069656791955,398.0,-0.0038555546044067046,0.0110726615700859,0.11250393205238178,1.9659423239762661,3.5329642113348747,3.570555427455541,398.0,3.551759819395208,0.01879560806033323,0.1909730373965114,1.9659423239762661,completed,62.07243609428406,False,COMPLETE
373,2.93881756855652,2026-06-14 01:57:16.586759,2026-06-14 01:57:18.404201,0 days 00:00:01.817442,11,,3,4,251,ExtraTreesRegressor,8,False,,,,,,,,,,,,,,,,,,,,,,,,,,,,,,,,,,,,,,,,,,,,,ExtraTreesRegressor,"{'mode': 'original', 'type': 'ExtraTreesRegressor'}",8,"['re_T6W30', 'l1_T6W30', 'l2_T6W30', 'l3_T6W30', 'lsc_T6W30', 'atd_T6W30', 'density_T6W30', 'asp_T6W30']",,,,,,,,,,,,,,,pruned,,False,PRUNED
374,2.8571637259312803,2026-06-14 01:57:18.409662,2026-06-14 01:58:03.129308,0 days 00:00:44.719646,3,sqrt,2,2,391,ExtraTreesRegressor,12,True,-0.015820773687780912,-0.011596604239095564,398.0,-0.013708688963438237,0.0021120847243426733,0.0214598662491658,1.9659423239762661,2.8452463316225036,2.869081120240057,398.0,2.8571637259312803,0.011917394308776683,0.12108685080543392,1.9659423239762661,927129206158852.0,1037797218369555.0,398.0,982463212264203.5,55334006105351.445,562221939473062.3,1.9659423239762661,8.231046448185115,8.434110831481018,398.0,8.332578639833066,0.10153219164795084,1.0316192469162453,1.9659423239762661,2.5546545657003628,2.5912260100990276,398.0,2.572940287899695,0.018285722199332284,0.18579233500644676,1.9659423239762661,399.0,0.5864661654135338,-0.01563750609119449,-0.008996394339589885,398.0,-0.012316950215392187,0.0033205558758023007,0.03373855420964528,1.9659423239762661,ExtraTreesRegressor,"{'mode': 'original', 'type': 'ExtraTreesRegressor'}",12,"['nodes_T6W30', 're_T6W30', 'pe_T6W30', 'l1_T6W30', 'l2_T6W30', 'l3_T6W30', 'lcc_T6W30', 'lsc_T6W30', 'atd_T6W30', 'density_T6W30', 'diameter_T6W30', 'asp_T6W30']",0.059848814018439944,0.08140962867153215,398.0,0.07062922134498605,0.010780407326546098,0.1095344787417116,1.9659423239762661,3.451837458224712,3.486629465092918,398.0,3.469233461658815,0.01739600343410308,0.1767523351043908,1.9659423239762661,completed,44.71229887008667,True,COMPLETE
375,3.0719431941974755,2026-06-14 01:58:03.142012,2026-06-14 01:58:04.715234,0 days 00:00:01.573222,15,,1,4,191,ExtraTreesRegressor,11,False,,,,,,,,,,,,,,,,,,,,,,,,,,,,,,,,,,,,,,,,,,,,,ExtraTreesRegressor,"{'mode': 'original', 'type': 'ExtraTreesRegressor'}",11,"['edges_T6W30', 're_T6W30', 'pe_T6W30', 'l1_T6W30', 'l2_T6W30', 'l3_T6W30', 'lsc_T6W30', 'atd_T6W30', 'density_T6W30', 'diameter_T6W30', 'asp_T6W30']",,,,,,,,,,,,,,,pruned,,False,PRUNED
376,2.842194599235726,2026-06-14 01:58:04.720727,2026-06-14 01:58:38.734289,0 days 00:00:34.013562,7,sqrt,2,7,289,ExtraTreesRegressor,3,False,-0.0103038604478034,-0.006443009100739017,398.0,-0.008373434774271209,0.0019304256735321913,0.019614116934087253,1.9659423239762661,2.8304170256789827,2.8539721727924694,398.0,2.842194599235726,0.011777573556743191,0.11966620010761199,1.9659423239762661,923727843806178.2,1034448945462987.0,398.0,979088394634582.6,55360550828404.36,562491647501235.25,1.9659423239762661,8.26772960177491,8.464782356426916,398.0,8.366255979100913,0.09852637732600332,1.0010786286468263,1.9659423239762661,2.543059493131769,2.5761788983653955,398.0,2.5596191957485823,0.01655970261681308,0.16825508900613262,1.9659423239762661,399.0,0.48370927318295737,-0.006212978445936406,-0.0001449934578135314,398.0,-0.0031789859518749687,0.0030339924940614373,0.03082692297951957,1.9659423239762661,ExtraTreesRegressor,"{'mode': 'original', 'type': 'ExtraTreesRegressor'}",3,"['l3_T6W30', 'atd_T6W30', 'density_T6W30']",0.08312832747729691,0.10612054564121405,398.0,0.09462443655925548,0.01149610908195857,0.1168063763926095,1.9659423239762661,3.436255769858567,3.4713341890131826,398.0,3.453794979435875,0.0175392095773077,0.1782073831163433,1.9659423239762661,completed,34.00631809234619,False,COMPLETE
377,2.8759104365583177,2026-06-14 01:58:38.746802,2026-06-14 01:59:05.163865,0 days 00:00:26.417063,15,sqrt,5,9,205,ExtraTreesRegressor,12,False,-0.022900475817688285,-0.017823016274334216,398.0,-0.02036174604601125,0.0025387297716770356,0.025794799192972732,1.9659423239762661,2.8633138850312334,2.888506988085402,398.0,2.8759104365583177,0.012596551527084278,0.12798743717825212,1.9659423239762661,928863650633177.4,1040224980230472.4,398.0,984544315431824.9,55680664798647.53,565744169952978.2,1.9659423239762661,8.36093069005364,8.571672240408729,398.0,8.466301465231185,0.10537077517754388,1.0706212283149577,1.9659423239762661,2.5742505736432313,2.612690087854928,398.0,2.5934703307490796,0.019219757105848147,0.1952826096790789,1.9659423239762661,399.0,0.7493734335839599,-0.03433956857148125,-0.026223886387546864,398.0,-0.03028172747951406,0.004057841091967192,0.04122975091403413,1.9659423239762661,ExtraTreesRegressor,"{'mode': 'original', 'type': 'ExtraTreesRegressor'}",12,"['nodes_T6W30', 're_T6W30', 'pe_T6W30', 'l1_T6W30', 'l2_T6W30', 'l3_T6W30', 'lcc_T6W30', 'lsc_T6W30', 'atd_T6W30', 'density_T6W30', 'diameter_T6W30', 'asp_T6W30']",0.00502820162291882,0.02622962452215569,398.0,0.015628913072537255,0.010600711449618435,0.10770867628220357,1.9659423239762661,3.481720405735594,3.5176239588502702,398.0,3.499672182292932,0.01795177655733806,0.18239927566129283,1.9659423239762661,completed,26.40968918800354,False,COMPLETE
378,2.9377802464538036,2026-06-14 01:59:05.176476,2026-06-14 01:59:05.556900,0 days 00:00:00.380424,17,sqrt,1,10,54,ExtraTreesRegressor,13,True,,,,,,,,,,,,,,,,,,,,,,,,,,,,,,,,,,,,,,,,,,,,,ExtraTreesRegressor,"{'mode': 'original', 'type': 'ExtraTreesRegressor'}",13,"['nodes_T6W30', 'edges_T6W30', 're_T6W30', 'pe_T6W30', 'l1_T6W30', 'l2_T6W30', 'l3_T6W30', 'lcc_T6W30', 'lsc_T6W30', 'atd_T6W30', 'density_T6W30', 'diameter_T6W30', 'asp_T6W30']",,,,,,,,,,,,,,,pruned,,True,PRUNED
379,2.8635154030956103,2026-06-14 01:59:05.562521,2026-06-14 01:59:44.014153,0 days 00:00:38.451632,16,sqrt,4,2,318,ExtraTreesRegressor,8,True,-0.01845583923299827,-0.013492927585594445,398.0,-0.01597438340929636,0.002481455823701914,0.025212866447121205,1.9659423239762661,2.851095577014976,2.8759352291762443,398.0,2.8635154030956103,0.012419826080634149,0.12619181581896968,1.9659423239762661,928160071935366.5,1039308013487848.2,398.0,983734042711607.4,55573970776240.88,564660103852767.8,1.9659423239762661,8.329684314317769,8.53956656395052,398.0,8.434625439134145,0.10494112481637545,1.0662557598380955,1.9659423239762661,2.588978219345602,2.630655102514244,398.0,2.609816660929923,0.02083844158432104,0.21172927586025675,1.9659423239762661,399.0,0.6766917293233082,-0.02855144404210272,-0.020439226326338975,398.0,-0.024495335184220847,0.004056108857881871,0.04121215052549156,1.9659423239762661,ExtraTreesRegressor,"{'mode': 'original', 'type': 'ExtraTreesRegressor'}",8,"['nodes_T6W30', 're_T6W30', 'l1_T6W30', 'lcc_T6W30', 'atd_T6W30', 'density_T6W30', 'diameter_T6W30', 'asp_T6W30']",0.028793479898445974,0.049923014772616604,398.0,0.03935824733553129,0.010564767437085317,0.10734346664239656,1.9659423239762661,3.471929261489261,3.5076411717859,398.0,3.4897852166375807,0.01785595514831938,0.181425680900795,1.9659423239762661,completed,38.44396615028381,True,COMPLETE
380,2.8337986182727217,2026-06-14 01:59:44.026678,2026-06-14 02:00:31.132143,0 days 00:00:47.105465,20,sqrt,5,4,419,ExtraTreesRegressor,2,False,-0.007014466705512618,-0.0037872854216884433,398.0,-0.005400876063600531,0.0016135906419120875,0.016394910183878064,1.9659423239762661,2.8224731333471986,2.845124103198245,398.0,2.8337986182727217,0.011325484925522973,0.11507274727547064,1.9659423239762661,933049327291413.8,1044652830520287.8,398.0,988851078905850.8,55801751614436.98,566974474230751.8,1.9659423239762661,8.21340893336845,8.413784035056034,398.0,8.313596484212242,0.10018755084379212,1.017957005303567,1.9659423239762661,2.5296873271134555,2.558896561024893,398.0,2.5442919440691742,0.01460461695571892,0.14839041392507019,1.9659423239762661,399.0,0.3383458646616541,0.0026460510984904323,0.007312470767355188,398.0,0.00497926093292281,0.002333209834432378,0.023706611009054152,1.9659423239762661,ExtraTreesRegressor,"{'mode': 'original', 'type': 'ExtraTreesRegressor'}",2,"['atd_T6W30', 'density_T6W30']",0.10477908319154026,0.1278846313951328,398.0,0.11633185729333652,0.011552774101796255,0.11738212211564222,1.9659423239762661,3.422706937922569,3.457085069084195,398.0,3.439896003503382,0.01718906558081309,0.17464974016475135,1.9659423239762661,completed,47.098037004470825,False,COMPLETE
381,2.8738848093946605,2026-06-14 02:00:31.144816,2026-06-14 02:00:51.620972,0 days 00:00:20.476156,13,log2,3,4,152,ExtraTreesRegressor,7,True,-0.02247178443009121,-0.016829872898948942,398.0,-0.019650828664520077,0.0028209557655711356,0.028662360333490042,1.9659423239762661,2.8608692863552005,2.8869003324341205,398.0,2.8738848093946605,0.013015523039460058,0.13224440306327037,1.9659423239762661,929312610253817.5,1041406569863412.5,398.0,985359590058615.0,56046979804797.49,569466118673329.4,1.9659423239762661,8.417859622584992,8.634062519672359,398.0,8.525961071128675,0.10810144854368368,1.0983662730719843,1.9659423239762661,2.5986763883934696,2.641724986239943,398.0,2.6202006873167063,0.021524298923236686,0.21869793890180175,1.9659423239762661,399.0,0.7443609022556391,-0.03893297572748031,-0.029386784090513443,398.0,-0.034159879908996875,0.004773095818483434,0.04849710652160769,1.9659423239762661,ExtraTreesRegressor,"{'mode': 'original', 'type': 'ExtraTreesRegressor'}",7,"['nodes_T6W30', 'l1_T6W30', 'l2_T6W30', 'atd_T6W30', 'density_T6W30', 'diameter_T6W30', 'asp_T6W30']",0.02643678425446263,0.04863537665209073,398.0,0.03753608045327668,0.01109929619881405,0.11277455356841977,1.9659423239762661,3.487678484375609,3.523939203545079,398.0,3.505808843960344,0.01813035958473504,0.18421377099764968,1.9659423239762661,completed,20.468910932540894,True,COMPLETE
382,2.894990050158126,2026-06-14 02:00:51.632572,2026-06-14 02:00:54.555099,0 days 00:00:02.922527,8,,1,4,413,ExtraTreesRegressor,4,False,,,,,,,,,,,,,,,,,,,,,,,,,,,,,,,,,,,,,,,,,,,,,ExtraTreesRegressor,"{'mode': 'original', 'type': 'ExtraTreesRegressor'}",4,"['l3_T6W30', 'atd_T6W30', 'density_T6W30', 'asp_T6W30']",,,,,,,,,,,,,,,pruned,,False,PRUNED
383,2.9729189984458078,2026-06-14 02:00:54.561202,2026-06-14 02:00:57.422754,0 days 00:00:02.861552,9,,2,7,421,ExtraTreesRegressor,10,False,,,,,,,,,,,,,,,,,,,,,,,,,,,,,,,,,,,,,,,,,,,,,ExtraTreesRegressor,"{'mode': 'original', 'type': 'ExtraTreesRegressor'}",10,"['nodes_T6W30', 're_T6W30', 'l1_T6W30', 'l2_T6W30', 'l3_T6W30', 'lsc_T6W30', 'atd_T6W30', 'density_T6W30', 'diameter_T6W30', 'asp_T6W30']",,,,,,,,,,,,,,,pruned,,False,PRUNED
