number,value,datetime_start,datetime_complete,duration,params_et_max_depth,params_et_max_features,params_et_min_samples_leaf,params_et_min_samples_split,params_et_n_estimators,params_regressor,params_rfe_n_features,params_use_scaler,user_attrs_d2mae_ci_lower_val,user_attrs_d2mae_ci_upper_val,user_attrs_d2mae_df_val,user_attrs_d2mae_mean_val,user_attrs_d2mae_samperror_val,user_attrs_d2mae_std_val,user_attrs_d2mae_t_critical_val,user_attrs_mae_ci_lower_val,user_attrs_mae_ci_upper_val,user_attrs_mae_df_val,user_attrs_mae_mean_val,user_attrs_mae_samperror_val,user_attrs_mae_std_val,user_attrs_mae_t_critical_val,user_attrs_mape_ci_lower_val,user_attrs_mape_ci_upper_val,user_attrs_mape_df_val,user_attrs_mape_mean_val,user_attrs_mape_samperror_val,user_attrs_mape_std_val,user_attrs_mape_t_critical_val,user_attrs_max_error_ci_lower_val,user_attrs_max_error_ci_upper_val,user_attrs_max_error_df_val,user_attrs_max_error_mean_val,user_attrs_max_error_samperror_val,user_attrs_max_error_std_val,user_attrs_max_error_t_critical_val,user_attrs_median_ae_ci_lower_val,user_attrs_median_ae_ci_upper_val,user_attrs_median_ae_df_val,user_attrs_median_ae_mean_val,user_attrs_median_ae_samperror_val,user_attrs_median_ae_std_val,user_attrs_median_ae_t_critical_val,user_attrs_n_splits_val,user_attrs_r2_below_zero_val,user_attrs_r2_ci_lower_val,user_attrs_r2_ci_upper_val,user_attrs_r2_df_val,user_attrs_r2_mean_val,user_attrs_r2_samperror_val,user_attrs_r2_std_val,user_attrs_r2_t_critical_val,user_attrs_regressor_final,user_attrs_rfe_estimator,user_attrs_rfe_n_features,user_attrs_rfe_selected_features,user_attrs_rho_ci_lower_val,user_attrs_rho_ci_upper_val,user_attrs_rho_df_val,user_attrs_rho_mean_val,user_attrs_rho_samperror_val,user_attrs_rho_std_val,user_attrs_rho_t_critical_val,user_attrs_rmse_ci_lower_val,user_attrs_rmse_ci_upper_val,user_attrs_rmse_df_val,user_attrs_rmse_mean_val,user_attrs_rmse_samperror_val,user_attrs_rmse_std_val,user_attrs_rmse_t_critical_val,user_attrs_termination_reason,user_attrs_trial_time_seconds,user_attrs_use_scaler_final,state
27,2.9176838653103445,2026-06-13 23:07:16.805708,2026-06-13 23:08:14.754884,0 days 00:00:57.949176,19,sqrt,3,7,441,ExtraTreesRegressor,11,False,-0.03824313148989557,-0.03216981463731723,398.0,-0.0352064730636064,0.0030366584262891683,0.030854010221038376,1.9659423239762661,2.9042573920303965,2.9311103385902926,398.0,2.9176838653103445,0.013426473279948186,0.13641986870359046,1.9659423239762661,930482361371015.5,1042632460543468.2,398.0,986557410957241.9,56075049586226.414,569751322078365.9,1.9659423239762661,8.530475138802583,8.746461673102694,398.0,8.638468405952638,0.10799326715005622,1.0972670945157754,1.9659423239762661,2.6141650226334283,2.6605627600262,398.0,2.637363891329814,0.02319886869638579,0.23571242839765275,1.9659423239762661,399.0,0.9197994987468672,-0.07174454337571147,-0.06154190633122665,398.0,-0.06664322485346906,0.005101318522242411,0.05183201787313947,1.9659423239762661,ExtraTreesRegressor,"{'mode': 'original', 'type': 'ExtraTreesRegressor'}",11,"['nodes_T6W30', 're_T6W30', 'l1_T6W30', 'l2_T6W30', 'l3_T6W30', 'lcc_T6W30', 'lsc_T6W30', 'atd_T6W30', 'density_T6W30', 'diameter_T6W30', 'asp_T6W30']",-0.03597686928323778,-0.015478383222887424,398.0,-0.025727626253062602,0.010249243030175178,0.10413757651280138,1.9659423239762661,3.5418053420304254,3.5789904203254377,398.0,3.5603978811779315,0.01859253914750636,0.18890975288031642,1.9659423239762661,completed,57.94099187850952,False,COMPLETE
28,2.8521881930812465,2026-06-13 23:08:14.767539,2026-06-13 23:08:43.233718,0 days 00:00:28.466179,3,log2,1,8,219,ExtraTreesRegressor,9,True,-0.014302683239232245,-0.00957196779975342,398.0,-0.011937325519492833,0.0023653577197394115,0.024033250045325374,1.9659423239762661,2.8398786711878206,2.8644977149746724,398.0,2.8521881930812465,0.012309521893426049,0.1250710685890282,1.9659423239762661,919214134240141.0,1029133608466900.5,398.0,974173871353520.8,54959737113379.81,558419174169023.25,1.9659423239762661,8.242414926566774,8.448888027947518,398.0,8.345651477257146,0.10323655069037192,1.0489364106973034,1.9659423239762661,2.553842857219822,2.5907576685129157,398.0,2.572300262866369,0.018457405646546885,0.18753672706229468,1.9659423239762661,399.0,0.5588972431077694,-0.01636571341677545,-0.008464369357467718,398.0,-0.012415041387121585,0.003950672029653868,0.04014085816423773,1.9659423239762661,ExtraTreesRegressor,"{'mode': 'original', 'type': 'ExtraTreesRegressor'}",9,"['nodes_T6W30', 're_T6W30', 'l1_T6W30', 'l3_T6W30', 'lcc_T6W30', 'atd_T6W30', 'density_T6W30', 'diameter_T6W30', 'asp_T6W30']",0.07604346617659052,0.09888695099218026,398.0,0.08746520858438539,0.01142174240779487,0.1160507727643294,1.9659423239762661,3.451442843802635,3.4869648288289463,398.0,3.4692038363157907,0.017760992513155723,0.18046081172400824,1.9659423239762661,completed,28.458073139190674,True,COMPLETE
29,2.8402800909084864,2026-06-13 23:08:43.245981,2026-06-13 23:09:33.215117,0 days 00:00:49.969136,8,sqrt,3,3,420,ExtraTreesRegressor,3,False,-0.009543367763153239,-0.005866717846502195,398.0,-0.007705042804827717,0.0018383249583255217,0.01867832633487123,1.9659423239762661,2.8287006330237143,2.8518595487932585,398.0,2.8402800909084864,0.011579457884772227,0.1176532430640996,1.9659423239762661,930001981896700.9,1041312862767456.1,398.0,985657422332078.5,55655440435377.63,565487877458764.5,1.9659423239762661,8.249002582597521,8.453493913362463,398.0,8.351248247979992,0.10224566538247121,1.0388685067298473,1.9659423239762661,2.5412110147922333,2.5708196192055177,398.0,2.5560153169988755,0.01480430220664198,0.1504193186973793,1.9659423239762661,399.0,0.46616541353383456,-0.006329613614766558,-0.0004489652444155264,398.0,-0.0033892894295910426,0.002940324185175516,0.02987520482289922,1.9659423239762661,ExtraTreesRegressor,"{'mode': 'original', 'type': 'ExtraTreesRegressor'}",3,"['lcc_T6W30', 'atd_T6W30', 'density_T6W30']",0.07642535745288541,0.0992451272521314,398.0,0.0878352423525084,0.011409884899622998,0.11593029438745182,1.9659423239762661,3.436740249783678,3.471510470232037,398.0,3.4541253600078576,0.01738511022417958,0.17664165449329214,1.9659423239762661,completed,49.96093702316284,False,COMPLETE
30,2.8984101585213278,2026-06-13 23:09:33.227614,2026-06-13 23:10:14.143956,0 days 00:00:40.916342,14,,5,9,293,ExtraTreesRegressor,5,False,-0.03198050874740842,-0.02480702121375629,398.0,-0.028393764980582353,0.0035867437668260643,0.036443159982643,1.9659423239762661,2.8841511900619383,2.9126691269807172,398.0,2.8984101585213278,0.014258968459389648,0.144878447565501,1.9659423239762661,921147577552600.6,1032981939608769.6,398.0,977064758580685.1,55917181028084.48,568147296395291.5,1.9659423239762661,8.572033345930821,8.7977657049181,398.0,8.684899525424461,0.11286617949363907,1.146778388230445,1.9659423239762661,2.6467922611151957,2.6979828223021327,398.0,2.672387541708664,0.025595280593468394,0.26006120484425455,1.9659423239762661,399.0,0.8471177944862155,-0.07009801832874056,-0.05750034542870657,398.0,-0.06379918187872356,0.006298836450016992,0.06399941545186048,1.9659423239762661,ExtraTreesRegressor,"{'mode': 'original', 'type': 'ExtraTreesRegressor'}",5,"['nodes_T6W30', 'l1_T6W30', 'atd_T6W30', 'density_T6W30', 'asp_T6W30']",0.016627153087291985,0.03825615473959982,398.0,0.027441653913445902,0.010814500826153919,0.10988088621917562,1.9659423239762661,3.535777118745239,3.5738058759210567,398.0,3.554791497333148,0.01901437858790904,0.19319585838798342,1.9659423239762661,completed,40.9075140953064,False,COMPLETE
31,2.8478270062713116,2026-06-13 23:10:14.157617,2026-06-13 23:10:25.305688,0 days 00:00:11.148071,20,sqrt,4,11,61,ExtraTreesRegressor,5,True,-0.012979193404639423,-0.00780633572877374,398.0,-0.010392764566706581,0.002586428837932841,0.026279446219799867,1.9659423239762661,2.8351962447421486,2.8604577678004746,398.0,2.8478270062713116,0.012630761529162936,0.1283350283806932,1.9659423239762661,923260800709492.6,1034135710460917.9,398.0,978698255585205.2,55437454875712.68,563273032144680.2,1.9659423239762661,8.344149619594681,8.559112828266205,398.0,8.451631223930443,0.10748160433576169,1.09206833736703,1.9659423239762661,2.592510946813883,2.6337593400456,398.0,2.6131351434297416,0.02062419661585868,0.2095524368751683,1.9659423239762661,399.0,0.6390977443609023,-0.022123630778792994,-0.013475505495391678,398.0,-0.017799568137092336,0.004324062641700658,0.04393469867682043,1.9659423239762661,ExtraTreesRegressor,"{'mode': 'original', 'type': 'ExtraTreesRegressor'}",5,"['nodes_T6W30', 'l1_T6W30', 'atd_T6W30', 'density_T6W30', 'asp_T6W30']",0.05612227954562975,0.07755414548522592,398.0,0.06683821251542783,0.010715932969798088,0.10887938614226869,1.9659423239762661,3.460285958098081,3.4961800971700367,398.0,3.478233027634059,0.01794706953597791,0.1823514499052251,1.9659423239762661,completed,11.139786005020142,True,COMPLETE
32,2.8558086250639287,2026-06-13 23:10:25.318213,2026-06-13 23:11:08.925215,0 days 00:00:43.607002,7,log2,4,12,347,ExtraTreesRegressor,4,False,-0.01592463386665915,-0.010563889047429834,398.0,-0.013244261457044493,0.002680372409614659,0.02723396118789053,1.9659423239762661,2.8431050648848286,2.868512185243029,398.0,2.8558086250639287,0.012703560179100142,0.1290747000769877,1.9659423239762661,912290462219870.6,1022384652813536.4,398.0,967337557516703.5,55047095296832.83,559306778208323.8,1.9659423239762661,8.412148831604968,8.648214221848791,398.0,8.53018152672688,0.11803269512191136,1.199272842207169,1.9659423239762661,2.566726203589947,2.602131727446394,398.0,2.5844289655181707,0.017702761928223548,0.1798691590550349,1.9659423239762661,399.0,0.706766917293233,-0.03350473946273229,-0.023677441684601386,398.0,-0.02859109057366684,0.004913648889065453,0.04992519795223836,1.9659423239762661,ExtraTreesRegressor,"{'mode': 'original', 'type': 'ExtraTreesRegressor'}",4,"['nodes_T6W30', 'lcc_T6W30', 'atd_T6W30', 'density_T6W30']",0.03943629916374233,0.061795262825423164,398.0,0.05061578099458275,0.011179481830840415,0.11358928079908338,1.9659423239762661,3.477924545175352,3.5149669253340092,398.0,3.4964457352546807,0.01852119007932829,0.1881848096796688,1.9659423239762661,completed,43.59864115715027,False,COMPLETE
33,2.864604258648126,2026-06-13 23:11:08.937884,2026-06-13 23:11:19.333951,0 days 00:00:10.396067,4,sqrt,1,2,56,ExtraTreesRegressor,3,False,-0.018839888633889492,-0.013809849890004045,398.0,-0.01632486926194677,0.002515019371942723,0.02555388934634195,1.9659423239762661,2.851924507920156,2.877284009376096,398.0,2.864604258648126,0.012679750727969818,0.12883278381726862,1.9659423239762661,918131966628753.1,1027820221183068.4,398.0,972976093905910.8,54844127277157.61,557244518818401.06,1.9659423239762661,8.314563073072664,8.525977909460961,398.0,8.420270491266812,0.10570741819414872,1.0740416943723996,1.9659423239762661,2.5461225242577017,2.581468464014602,398.0,2.563795494136152,0.017672969878450066,0.17956645651850367,1.9659423239762661,399.0,0.6441102756892231,-0.02818523373894337,-0.018902036567195343,398.0,-0.023543635153069356,0.004641598585874012,0.047161027058786026,1.9659423239762661,ExtraTreesRegressor,"{'mode': 'original', 'type': 'ExtraTreesRegressor'}",3,"['nodes_T6W30', 'atd_T6W30', 'asp_T6W30']",0.06582137967300968,0.08874679735548131,398.0,0.0772840885142455,0.01146270884123582,0.1164670127816998,1.9659423239762661,3.4697068509175137,3.5062507255474324,398.0,3.487978788232473,0.018271937314959286,0.18565227349684194,1.9659423239762661,completed,10.387757062911987,False,COMPLETE
34,2.892421845371529,2026-06-13 23:11:19.345987,2026-06-13 23:11:38.479499,0 days 00:00:19.133512,10,sqrt,4,6,128,ExtraTreesRegressor,9,True,-0.029192503824716873,-0.023273897993944928,398.0,-0.0262332009093309,0.0029593029153859715,0.030068038475451732,1.9659423239762661,2.879147912004294,2.905695778738764,398.0,2.892421845371529,0.01327393336723489,0.1348699847965869,1.9659423239762661,925836125445950.4,1037290068380612.1,398.0,981563096913281.2,55726971467330.86,566214669504883.2,1.9659423239762661,8.454640852682914,8.671315132876938,398.0,8.562977992779926,0.10833714009701148,1.1007610203812082,1.9659423239762661,2.614137064417705,2.6586940327107285,398.0,2.6364155485642167,0.022278484146511613,0.22636084836373832,1.9659423239762661,399.0,0.8145363408521303,-0.052931351508314524,-0.04270090848770038,398.0,-0.04781612999800745,0.005115221510307072,0.05197327937694786,1.9659423239762661,ExtraTreesRegressor,"{'mode': 'original', 'type': 'ExtraTreesRegressor'}",9,"['nodes_T6W30', 'l1_T6W30', 'l2_T6W30', 'l3_T6W30', 'lcc_T6W30', 'atd_T6W30', 'density_T6W30', 'diameter_T6W30', 'asp_T6W30']",-0.0027189642800613204,0.019151356909149236,398.0,0.008216196314543957,0.010935160594605278,0.11110685147652452,1.9659423239762661,3.510358321954193,3.5470838456913585,398.0,3.528721083822776,0.01836276186858261,0.18657509763852181,1.9659423239762661,completed,19.125484943389893,True,COMPLETE
35,2.906846036321921,2026-06-13 23:11:38.491612,2026-06-13 23:12:26.697312,0 days 00:00:48.205700,5,,4,2,347,ExtraTreesRegressor,8,False,-0.03472806920479512,-0.028044752934469626,398.0,-0.03138641106963237,0.0033416581351627455,0.03395296400969309,1.9659423239762661,2.8930397805470784,2.9206522920967632,398.0,2.906846036321921,0.013806255774842449,0.1402786540308419,1.9659423239762661,915434351353768.2,1026021991026172.0,398.0,970728171189970.1,55293819836201.83,561813626325836.56,1.9659423239762661,8.541246014964296,8.765967728089043,398.0,8.65360687152667,0.11236085656237417,1.141644047551495,1.9659423239762661,2.6091191358503716,2.652643319907762,398.0,2.6308812278790668,0.02176209202869499,0.2211140390607086,1.9659423239762661,399.0,0.8571428571428571,-0.06888439104551057,-0.05688486448373188,398.0,-0.06288462776462123,0.005999763280889346,0.06096067835281211,1.9659423239762661,ExtraTreesRegressor,"{'mode': 'original', 'type': 'ExtraTreesRegressor'}",8,"['nodes_T6W30', 'l1_T6W30', 'l2_T6W30', 'l3_T6W30', 'lcc_T6W30', 'atd_T6W30', 'density_T6W30', 'asp_T6W30']",-0.013720760449506063,0.008273470225084682,398.0,-0.002723645112210691,0.010997115337295372,0.11173634350225028,1.9659423239762661,3.5345956061295785,3.572451891726279,398.0,3.5535237489279288,0.018928142798350176,0.19231965844747187,1.9659423239762661,completed,48.197349071502686,False,COMPLETE
36,2.839387239020958,2026-06-13 23:12:26.709955,2026-06-13 23:12:59.344189,0 days 00:00:32.634234,12,sqrt,2,12,256,ExtraTreesRegressor,2,False,-0.009533928791555513,-0.0052292195757223,398.0,-0.007381574183638906,0.0021523546079166064,0.021869028961914002,1.9659423239762661,2.8273442502975494,2.8514302277443666,398.0,2.839387239020958,0.012042988723408804,0.12236295460400974,1.9659423239762661,928525103378220.1,1040505407492696.6,398.0,984515255435458.4,55990152057238.24,568888719553016.0,1.9659423239762661,8.3007922949607,8.51426535365799,398.0,8.407528824309345,0.10673652934864553,1.0844979925864304,1.9659423239762661,2.538372255353765,2.573023748822172,398.0,2.5556980020879685,0.01732574673420353,0.17603849092684656,1.9659423239762661,399.0,0.5388471177944862,-0.013134518216915903,-0.005704968515045314,398.0,-0.009419743365980608,0.003714774850935294,0.03774402159536777,1.9659423239762661,ExtraTreesRegressor,"{'mode': 'original', 'type': 'ExtraTreesRegressor'}",2,"['atd_T6W30', 'density_T6W30']",0.07144106689185219,0.09406264070561478,398.0,0.08275185379873348,0.011310786906881297,0.11492340785241494,1.9659423239762661,3.4464725332905433,3.4819426113399192,398.0,3.4642075723152312,0.0177350390246881,0.18019711094307114,1.9659423239762661,completed,32.625242948532104,False,COMPLETE
37,2.8908023342180016,2026-06-13 23:12:59.356574,2026-06-13 23:13:14.975490,0 days 00:00:15.618916,14,sqrt,2,2,92,ExtraTreesRegressor,5,True,-0.029103449491395157,-0.022236503308147595,398.0,-0.025669976399771376,0.003433473091623782,0.03488585115319537,1.9659423239762661,2.8767447473310095,2.9048599211049937,398.0,2.8908023342180016,0.014057586886991942,0.14283230729523014,1.9659423239762661,909470705470566.9,1019572995132122.9,398.0,964521850301344.9,55051144830778.01,559347923554357.25,1.9659423239762661,8.576988619260355,8.783526975752007,398.0,8.680257797506181,0.10326917824582699,1.0492679234287923,1.9659423239762661,2.5988924439886167,2.6427234097864254,398.0,2.620807926887521,0.02191548289890426,0.22267256913319822,1.9659423239762661,399.0,0.8095238095238095,-0.05483922880278579,-0.04336538516406146,398.0,-0.049102306983423626,0.0057369218193621665,0.05829007402330825,1.9659423239762661,ExtraTreesRegressor,"{'mode': 'original', 'type': 'ExtraTreesRegressor'}",5,"['l1_T6W30', 'l2_T6W30', 'l3_T6W30', 'atd_T6W30', 'density_T6W30']",0.035968825981740477,0.05796693022625607,398.0,0.04696787810399827,0.010999052122257795,0.1117560222328277,1.9659423239762661,3.51167980232764,3.549703599687809,398.0,3.5306917010077243,0.019011898680084675,0.19317066125000515,1.9659423239762661,completed,15.610707998275757,True,COMPLETE
38,2.9637121523250687,2026-06-13 23:13:14.987737,2026-06-13 23:14:07.475257,0 days 00:00:52.487520,18,,5,10,333,ExtraTreesRegressor,11,False,-0.0552130044212264,-0.04788800458937695,398.0,-0.05155050450530167,0.0036624999159247254,0.037212881390346036,1.9659423239762661,2.9490569007032397,2.9783674039468977,398.0,2.9637121523250687,0.01465525162182906,0.14890488815509093,1.9659423239762661,934886707535963.4,1048350157408283.6,398.0,991618432472123.5,56731724936160.1,576423481114546.0,1.9659423239762661,8.66870647890874,8.888152134690612,398.0,8.778429306799676,0.10972282789093568,1.114840320504914,1.9659423239762661,2.651474060525077,2.7030764741166937,398.0,2.6772752673208853,0.025801206795808378,0.2621535208903308,1.9659423239762661,399.0,0.9699248120300752,-0.10881806295189075,-0.09614571751742274,398.0,-0.10248189023465674,0.006336172717234013,0.06437877111476825,1.9659423239762661,ExtraTreesRegressor,"{'mode': 'original', 'type': 'ExtraTreesRegressor'}",11,"['nodes_T6W30', 're_T6W30', 'l1_T6W30', 'l2_T6W30', 'l3_T6W30', 'lcc_T6W30', 'lsc_T6W30', 'atd_T6W30', 'density_T6W30', 'diameter_T6W30', 'asp_T6W30']",-0.0567027171575573,-0.03530392300217956,398.0,-0.04600332007986843,0.01069939707768887,0.10871137298025652,1.9659423239762661,3.5996450661305843,3.6385223305054843,398.0,3.6190836983180343,0.019438632187450233,0.19750649299319067,1.9659423239762661,completed,52.47684073448181,False,COMPLETE
39,2.8780138180611576,2026-06-13 23:14:07.490060,2026-06-13 23:14:37.420860,0 days 00:00:29.930800,16,sqrt,5,5,217,ExtraTreesRegressor,11,True,-0.023692175700493017,-0.018490265257611892,398.0,-0.021091220479052455,0.002600955221440563,0.026427041741687283,1.9659423239762661,2.865203823339058,2.8908238127832573,398.0,2.8780138180611576,0.012809994722099862,0.1301561297330712,1.9659423239762661,928347117701700.8,1039870263297403.0,398.0,984108690499551.9,55761572797851.086,566566236805403.5,1.9659423239762661,8.38801889661637,8.60226369957595,398.0,8.49514129809616,0.10712240147979014,1.0884186517475922,1.9659423239762661,2.584332125386197,2.6247446229752955,398.0,2.604538374180746,0.02020624879454921,0.20530587221748256,1.9659423239762661,399.0,0.7518796992481203,-0.0374022716424028,-0.028839248350691835,398.0,-0.033120759996547317,0.004281511645855483,0.04350235869107933,1.9659423239762661,ExtraTreesRegressor,"{'mode': 'original', 'type': 'ExtraTreesRegressor'}",11,"['nodes_T6W30', 're_T6W30', 'pe_T6W30', 'l1_T6W30', 'l2_T6W30', 'l3_T6W30', 'lcc_T6W30', 'atd_T6W30', 'density_T6W30', 'diameter_T6W30', 'asp_T6W30']",0.0049223206551457024,0.026139406150268975,398.0,0.015530863402707339,0.010608542747561636,0.10778824629399407,1.9659423239762661,3.4862410203776815,3.5227276771158236,398.0,3.5044843487467525,0.0182433283690709,0.18536159190380808,1.9659423239762661,completed,29.92115879058838,True,COMPLETE
40,2.8544452246144436,2026-06-13 23:14:37.434651,2026-06-13 23:15:15.824521,0 days 00:00:38.389870,17,,5,5,277,ExtraTreesRegressor,3,False,-0.016116954866183697,-0.00942121541861244,398.0,-0.012769085142398068,0.0033478697237856285,0.03401607694238257,1.9659423239762661,2.8406295363510288,2.8682609128778584,398.0,2.8544452246144436,0.013815688263415032,0.1403744929623163,1.9659423239762661,909526480646246.4,1019867707005726.9,398.0,964697093825986.6,55170613179740.26,560561783377398.44,1.9659423239762661,8.490606970798533,8.706469514777707,398.0,8.59853824278812,0.10793127198958682,1.0966371918246403,1.9659423239762661,2.6080070572318848,2.6540318542077976,398.0,2.631019455719841,0.02301239848795646,0.23381779524860002,1.9659423239762661,399.0,0.6942355889724311,-0.038906788369903696,-0.027439948022031473,398.0,-0.033173368195967584,0.00573342017393611,0.058254495506201855,1.9659423239762661,ExtraTreesRegressor,"{'mode': 'original', 'type': 'ExtraTreesRegressor'}",3,"['l1_T6W30', 'atd_T6W30', 'density_T6W30']",0.06188692027103873,0.08388752234024746,398.0,0.0728872213056431,0.011000301034604369,0.1117687118241142,1.9659423239762661,3.484892286086194,3.5223690299982326,398.0,3.5036306580422134,0.018738371956019045,0.19039148916170373,1.9659423239762661,completed,38.379159927368164,False,COMPLETE
