number,value,datetime_start,datetime_complete,duration,params_et_max_depth,params_et_max_features,params_et_min_samples_leaf,params_et_min_samples_split,params_et_n_estimators,params_regressor,params_rfe_n_features,params_use_scaler,user_attrs_d2mae_ci_lower_val,user_attrs_d2mae_ci_upper_val,user_attrs_d2mae_df_val,user_attrs_d2mae_mean_val,user_attrs_d2mae_samperror_val,user_attrs_d2mae_std_val,user_attrs_d2mae_t_critical_val,user_attrs_mae_ci_lower_val,user_attrs_mae_ci_upper_val,user_attrs_mae_df_val,user_attrs_mae_mean_val,user_attrs_mae_samperror_val,user_attrs_mae_std_val,user_attrs_mae_t_critical_val,user_attrs_mape_ci_lower_val,user_attrs_mape_ci_upper_val,user_attrs_mape_df_val,user_attrs_mape_mean_val,user_attrs_mape_samperror_val,user_attrs_mape_std_val,user_attrs_mape_t_critical_val,user_attrs_max_error_ci_lower_val,user_attrs_max_error_ci_upper_val,user_attrs_max_error_df_val,user_attrs_max_error_mean_val,user_attrs_max_error_samperror_val,user_attrs_max_error_std_val,user_attrs_max_error_t_critical_val,user_attrs_median_ae_ci_lower_val,user_attrs_median_ae_ci_upper_val,user_attrs_median_ae_df_val,user_attrs_median_ae_mean_val,user_attrs_median_ae_samperror_val,user_attrs_median_ae_std_val,user_attrs_median_ae_t_critical_val,user_attrs_n_splits_val,user_attrs_r2_below_zero_val,user_attrs_r2_ci_lower_val,user_attrs_r2_ci_upper_val,user_attrs_r2_df_val,user_attrs_r2_mean_val,user_attrs_r2_samperror_val,user_attrs_r2_std_val,user_attrs_r2_t_critical_val,user_attrs_regressor_final,user_attrs_rfe_estimator,user_attrs_rfe_n_features,user_attrs_rfe_selected_features,user_attrs_rho_ci_lower_val,user_attrs_rho_ci_upper_val,user_attrs_rho_df_val,user_attrs_rho_mean_val,user_attrs_rho_samperror_val,user_attrs_rho_std_val,user_attrs_rho_t_critical_val,user_attrs_rmse_ci_lower_val,user_attrs_rmse_ci_upper_val,user_attrs_rmse_df_val,user_attrs_rmse_mean_val,user_attrs_rmse_samperror_val,user_attrs_rmse_std_val,user_attrs_rmse_t_critical_val,user_attrs_termination_reason,user_attrs_trial_time_seconds,user_attrs_use_scaler_final,state
346,2.8825641670063575,2026-06-14 01:45:30.044403,2026-06-14 01:46:14.061779,0 days 00:00:44.017376,13,,4,3,336,ExtraTreesRegressor,4,True,-0.026442342671149845,-0.01896336017988169,398.0,-0.022702851425515768,0.003739491245634075,0.037995152867841935,1.9659423239762661,2.8676738328521276,2.8974545011605874,398.0,2.8825641670063575,0.014890334154230113,0.15129344749870904,1.9659423239762661,904023977378150.5,1014016829159069.8,398.0,959020403268610.1,54996425890459.57,558791950999376.0,1.9659423239762661,8.6869996980222,8.89360241093287,398.0,8.790301054477535,0.10330135645533545,1.0495948705745342,1.9659423239762661,2.602352049137603,2.650257800804411,398.0,2.626304924971007,0.02395287583340395,0.24337352841169785,1.9659423239762661,399.0,0.7844611528822055,-0.06343339372281012,-0.0501005299702733,398.0,-0.05676696184654171,0.006666431876268415,0.06773437389848043,1.9659423239762661,ExtraTreesRegressor,"{'mode': 'original', 'type': 'ExtraTreesRegressor'}",4,"['l1_T6W30', 'l3_T6W30', 'atd_T6W30', 'density_T6W30']",0.04062786570933148,0.06299053780394302,398.0,0.05180920175663725,0.011181336047305772,0.11360812059129671,1.9659423239762661,3.5232583637321233,3.562980277769969,398.0,3.543119320751046,0.019860957018922668,0.20179753032358022,1.9659423239762661,completed,44.009970903396606,True,COMPLETE
347,2.844243528343678,2026-06-14 01:46:14.074106,2026-06-14 01:46:52.648593,0 days 00:00:38.574487,15,sqrt,5,11,324,ExtraTreesRegressor,6,False,-0.011488585508990283,-0.006787691924900526,398.0,-0.009138138716945405,0.002350446792044879,0.02388174735687369,1.9659423239762661,2.83210275898822,2.8563842976991363,398.0,2.844243528343678,0.01214076935545823,0.12335645607739056,1.9659423239762661,923379873560010.2,1033972630617308.0,398.0,978676252088659.1,55296378528648.88,561839623956070.6,1.9659423239762661,8.298467657030997,8.51080878699253,398.0,8.404638222011764,0.10617056498076645,1.078747503746425,1.9659423239762661,2.5797850144666987,2.6184150129998227,398.0,2.5991000137332607,0.019314999266562178,0.1962503189791122,1.9659423239762661,399.0,0.581453634085213,-0.016300081915007272,-0.008562713742231252,398.0,-0.012431397828619262,0.0038686840863880094,0.03930781852513088,1.9659423239762661,ExtraTreesRegressor,"{'mode': 'original', 'type': 'ExtraTreesRegressor'}",6,"['nodes_T6W30', 'l1_T6W30', 'lcc_T6W30', 'atd_T6W30', 'density_T6W30', 'asp_T6W30']",0.054170429255523324,0.07569092195216881,398.0,0.06493067560384606,0.01076024634832274,0.10932963284176302,1.9659423239762661,3.451571196703212,3.486861296296118,398.0,3.469216246499665,0.017645049796452962,0.17928277413662852,1.9659423239762661,completed,38.56668996810913,False,COMPLETE
348,2.8652230844734112,2026-06-14 01:46:52.660202,2026-06-14 01:47:15.676005,0 days 00:00:23.015803,19,sqrt,3,8,174,ExtraTreesRegressor,7,False,-0.019200216893164528,-0.013939891301667548,398.0,-0.016570054097416038,0.0026301627957484894,0.026723805707112837,1.9659423239762661,2.8525081407754818,2.8779380281713407,398.0,2.8652230844734112,0.012714943697929354,0.12919036247854965,1.9659423239762661,920238735334380.1,1030949540433190.9,398.0,975594137883785.5,55355402549405.42,562439338340784.8,1.9659423239762661,8.417311833449519,8.626284326380423,398.0,8.521798079914971,0.10448624646545181,1.061633962020065,1.9659423239762661,2.580105105537989,2.6205320703643555,398.0,2.6003185879511723,0.020213482413183072,0.20537936950032876,1.9659423239762661,399.0,0.706766917293233,-0.03130011264405309,-0.0225990092269032,398.0,-0.026949560935478144,0.004350551708574945,0.044203841209615506,1.9659423239762661,ExtraTreesRegressor,"{'mode': 'original', 'type': 'ExtraTreesRegressor'}",7,"['nodes_T6W30', 'l1_T6W30', 'l2_T6W30', 'l3_T6W30', 'atd_T6W30', 'density_T6W30', 'asp_T6W30']",0.02858262655504683,0.04985977679741878,398.0,0.0392212016762328,0.010638575121185972,0.10809339064435802,1.9659423239762661,3.475793416365344,3.511960990145956,398.0,3.49387720325565,0.018083786890305893,0.18374056848745027,1.9659423239762661,completed,23.008511066436768,False,COMPLETE
349,2.8954798557406467,2026-06-14 01:47:15.687614,2026-06-14 01:47:18.192629,0 days 00:00:02.505015,18,log2,2,9,447,ExtraTreesRegressor,10,False,,,,,,,,,,,,,,,,,,,,,,,,,,,,,,,,,,,,,,,,,,,,,ExtraTreesRegressor,"{'mode': 'original', 'type': 'ExtraTreesRegressor'}",10,"['nodes_T6W30', 're_T6W30', 'l1_T6W30', 'l2_T6W30', 'l3_T6W30', 'lcc_T6W30', 'atd_T6W30', 'density_T6W30', 'diameter_T6W30', 'asp_T6W30']",,,,,,,,,,,,,,,pruned,,False,PRUNED
350,2.8365107255309683,2026-06-14 01:47:18.198152,2026-06-14 01:48:12.946158,0 days 00:00:54.748006,2,sqrt,4,11,499,ExtraTreesRegressor,2,False,-0.007788283926456245,-0.004928545608255352,398.0,-0.006358414767355798,0.0014298691591004462,0.01452820549973559,1.9659423239762661,2.8253410102523095,2.847680440809627,398.0,2.8365107255309683,0.011169715278658558,0.11349004760965563,1.9659423239762661,936032979828825.6,1047570144550314.1,398.0,991801562189569.9,55768582360744.3,566637457566777.2,1.9659423239762661,8.157829703543666,8.347950414656292,398.0,8.252890059099979,0.09506035555631356,0.965862066196952,1.9659423239762661,2.52991257465185,2.556721852737299,398.0,2.5433172136945745,0.013404639042724311,0.13619802163226963,1.9659423239762661,399.0,0.2681704260651629,0.006586654372457444,0.01035884969518907,398.0,0.008472752033823257,0.001886097661365813,0.019163721549272407,1.9659423239762661,ExtraTreesRegressor,"{'mode': 'original', 'type': 'ExtraTreesRegressor'}",2,"['atd_T6W30', 'density_T6W30']",0.1393290264907624,0.16388516561560545,398.0,0.15160709605318393,0.01227806956242153,0.12475149674193217,1.9659423239762661,3.4169610316997785,3.4508614436617266,398.0,3.4339112376807526,0.016950205980974204,0.1722228038748414,1.9659423239762661,completed,54.74043107032776,False,COMPLETE
351,2.8498727182777133,2026-06-14 01:48:12.971892,2026-06-14 01:49:09.582457,0 days 00:00:56.610565,17,log2,5,11,489,ExtraTreesRegressor,4,True,-0.01364777420300685,-0.008607185973515246,398.0,-0.011127480088261048,0.0025202941147458024,0.025607483444035198,1.9659423239762661,2.837382034220768,2.8623634023346587,398.0,2.8498727182777133,0.012490684056945468,0.12691176927386752,1.9659423239762661,914773630895485.9,1025083976660044.9,398.0,969928803777765.4,55155172882279.445,560404902020065.9,1.9659423239762661,8.380684854883041,8.611779762203499,398.0,8.49623230854327,0.11554745366022952,1.1740215117326436,1.9659423239762661,2.565313025464724,2.600641874751823,398.0,2.5829774501082734,0.01766442464354958,0.17947963254031823,1.9659423239762661,399.0,0.656641604010025,-0.026336711998270246,-0.017349388694851812,398.0,-0.02184305034656103,0.004493661651709218,0.0456579117794138,1.9659423239762661,ExtraTreesRegressor,"{'mode': 'original', 'type': 'ExtraTreesRegressor'}",4,"['nodes_T6W30', 'lcc_T6W30', 'atd_T6W30', 'density_T6W30']",0.045231597916447756,0.06761631422734343,398.0,0.0564239560718956,0.01119235815544784,0.11372011087453983,1.9659423239762661,3.466872849075289,3.5034964744800923,398.0,3.4851846617776907,0.018311812702401578,0.18605742792615187,1.9659423239762661,completed,56.60221004486084,True,COMPLETE
352,2.8455071186691323,2026-06-14 01:49:09.595103,2026-06-14 01:49:31.092786,0 days 00:00:21.497683,3,sqrt,1,3,171,ExtraTreesRegressor,7,False,-0.011902355370244925,-0.007249573216485544,398.0,-0.009575964293365234,0.00232639107687969,0.02363732892799951,1.9659423239762661,2.833337162986739,2.8576770743515256,398.0,2.8455071186691323,0.012169955682393313,0.12365300415858851,1.9659423239762661,920076476183171.6,1029959960311194.1,398.0,975018218247182.9,54941742064011.305,558236335219361.44,1.9659423239762661,8.232820816071152,8.439963714438706,398.0,8.33639226525493,0.10357144918377677,1.0523391515024818,1.9659423239762661,2.5377201186048866,2.574442041592128,398.0,2.556081080098507,0.018360961493620456,0.18655680490365145,1.9659423239762661,399.0,0.5137844611528822,-0.01295883590928976,-0.005003761308135055,398.0,-0.008981298608712407,0.003977537300577353,0.04041382312351276,1.9659423239762661,ExtraTreesRegressor,"{'mode': 'original', 'type': 'ExtraTreesRegressor'}",7,"['nodes_T6W30', 'l1_T6W30', 'lcc_T6W30', 'atd_T6W30', 'density_T6W30', 'diameter_T6W30', 'asp_T6W30']",0.09141876677409891,0.11420870435720412,398.0,0.10281373556565152,0.0113949687915526,0.115778739063719,1.9659423239762661,3.445617182760624,3.4808234589367197,398.0,3.463220320848672,0.01760313808804798,0.17885692963982458,1.9659423239762661,completed,21.48958706855774,False,COMPLETE
353,2.8978495597910734,2026-06-14 01:49:31.105429,2026-06-14 01:49:57.285082,0 days 00:00:26.179653,7,,1,4,197,ExtraTreesRegressor,2,False,-0.03258980229552819,-0.023706296591454998,398.0,-0.028148049443491596,0.004441752852036597,0.045130491697591146,1.9659423239762661,2.8816110099635592,2.9140881096185876,398.0,2.8978495597910734,0.01623854982751433,0.16499201161891153,1.9659423239762661,910774791610815.0,1021260564346260.5,398.0,966017677978537.8,55242886367722.76,561296116110185.94,1.9659423239762661,8.78775418554643,9.025693561974784,398.0,8.906723873760606,0.11896968821417721,1.2087931735673019,1.9659423239762661,2.588644902545055,2.6446178339582183,398.0,2.6166313682516367,0.027986465706581573,0.2843568744795602,1.9659423239762661,399.0,0.7619047619047619,-0.07547853512690575,-0.05845281102047414,398.0,-0.06696567307368995,0.00851286205321581,0.08649505342001171,1.9659423239762661,ExtraTreesRegressor,"{'mode': 'original', 'type': 'ExtraTreesRegressor'}",2,"['density_T6W30', 'asp_T6W30']",0.05273329200181928,0.07737609550124902,398.0,0.06505469375153415,0.012321401749714873,0.12519177403425924,1.9659423239762661,3.5376429073224203,3.579811177324306,398.0,3.5587270423233632,0.021084135000943045,0.21422564724074183,1.9659423239762661,completed,26.17213010787964,False,COMPLETE
354,2.8778843526782873,2026-06-14 01:49:57.297554,2026-06-14 01:49:58.058850,0 days 00:00:00.761296,8,log2,1,11,116,ExtraTreesRegressor,8,False,,,,,,,,,,,,,,,,,,,,,,,,,,,,,,,,,,,,,,,,,,,,,ExtraTreesRegressor,"{'mode': 'original', 'type': 'ExtraTreesRegressor'}",8,"['nodes_T6W30', 'l1_T6W30', 'l3_T6W30', 'lcc_T6W30', 'atd_T6W30', 'density_T6W30', 'diameter_T6W30', 'asp_T6W30']",,,,,,,,,,,,,,,pruned,,False,PRUNED
355,2.8578848566901347,2026-06-14 01:49:58.064342,2026-06-14 01:50:35.801603,0 days 00:00:37.737261,11,log2,4,3,311,ExtraTreesRegressor,7,True,-0.01654082499190975,-0.0114137232390458,398.0,-0.013977274115477775,0.0025635508764319755,0.02604699437343043,1.9659423239762661,2.8453660692433127,2.8704036441369567,398.0,2.8578848566901347,0.01251878744682219,0.12719731415800578,1.9659423239762661,925577016263984.0,1036708104285414.5,398.0,981142560274699.2,55565544010715.28,564574483584315.4,1.9659423239762661,8.347947615935091,8.558754047645692,398.0,8.453350831790392,0.10540321585530078,1.0709508422729925,1.9659423239762661,2.5909866069238863,2.6317780936548685,398.0,2.6113823502893774,0.02039574336549113,0.207231234443954,1.9659423239762661,399.0,0.6842105263157895,-0.027210238589961903,-0.0186443050572453,398.0,-0.0229272718236036,0.004282966766358301,0.0435171434632085,1.9659423239762661,ExtraTreesRegressor,"{'mode': 'original', 'type': 'ExtraTreesRegressor'}",7,"['nodes_T6W30', 'l1_T6W30', 'lcc_T6W30', 'atd_T6W30', 'density_T6W30', 'diameter_T6W30', 'asp_T6W30']",0.03879825784450326,0.06060971691267722,398.0,0.04970398737859024,0.010905729534086977,0.11080781677634678,1.9659423239762661,3.469089127214329,3.5048568133794067,398.0,3.486972970296868,0.017883843082538667,0.181709036644726,1.9659423239762661,completed,37.73000407218933,True,COMPLETE
356,2.940968909183206,2026-06-14 01:50:35.814040,2026-06-14 01:50:36.391065,0 days 00:00:00.577025,9,,4,7,75,ExtraTreesRegressor,12,False,,,,,,,,,,,,,,,,,,,,,,,,,,,,,,,,,,,,,,,,,,,,,ExtraTreesRegressor,"{'mode': 'original', 'type': 'ExtraTreesRegressor'}",12,"['nodes_T6W30', 're_T6W30', 'pe_T6W30', 'l1_T6W30', 'l2_T6W30', 'l3_T6W30', 'lcc_T6W30', 'lsc_T6W30', 'atd_T6W30', 'density_T6W30', 'diameter_T6W30', 'asp_T6W30']",,,,,,,,,,,,,,,pruned,,False,PRUNED
357,2.9474196784867117,2026-06-14 01:50:36.422324,2026-06-14 01:50:39.279576,0 days 00:00:02.857252,20,,2,11,428,ExtraTreesRegressor,7,False,,,,,,,,,,,,,,,,,,,,,,,,,,,,,,,,,,,,,,,,,,,,,ExtraTreesRegressor,"{'mode': 'original', 'type': 'ExtraTreesRegressor'}",7,"['l1_T6W30', 'l2_T6W30', 'l3_T6W30', 'atd_T6W30', 'density_T6W30', 'diameter_T6W30', 'asp_T6W30']",,,,,,,,,,,,,,,pruned,,False,PRUNED
358,2.9025907494157326,2026-06-14 01:50:39.285176,2026-06-14 01:51:07.586541,0 days 00:00:28.301365,18,log2,2,6,212,ExtraTreesRegressor,4,False,-0.033676231407766606,-0.026076818971950043,398.0,-0.029876525189858325,0.003799706217908281,0.038606967932033484,1.9659423239762661,2.887912526243582,2.917268972587883,398.0,2.9025907494157326,0.01467822317215059,0.1491382909119758,1.9659423239762661,925781971699467.4,1038503355831730.6,398.0,982142663765599.0,56360692066131.62,572653596472568.2,1.9659423239762661,8.585091866887858,8.793936135026303,398.0,8.68951400095708,0.10442213406922214,1.0609825471255083,1.9659423239762661,2.614884864855552,2.665690417225736,398.0,2.640287641040644,0.02540277618509177,0.25810526112262056,1.9659423239762661,399.0,0.8145363408521303,-0.06952819373153041,-0.05627983070312787,398.0,-0.06290401221732914,0.006624181514201267,0.06730508850642686,1.9659423239762661,ExtraTreesRegressor,"{'mode': 'original', 'type': 'ExtraTreesRegressor'}",4,"['l1_T6W30', 'atd_T6W30', 'density_T6W30', 'asp_T6W30']",0.031485626765636106,0.053922650513237975,398.0,0.04270413863943704,0.011218511873800935,0.11398584609401614,1.9659423239762661,3.533907284763812,3.5721655759998217,398.0,3.553036430381817,0.01912914561800471,0.1943619503952222,1.9659423239762661,completed,28.29382300376892,False,COMPLETE
359,2.8950434171218404,2026-06-14 01:51:07.598243,2026-06-14 01:51:46.765917,0 days 00:00:39.167674,13,log2,4,7,306,ExtraTreesRegressor,9,True,-0.03012929314515863,-0.024198710184958706,398.0,-0.027164001665058668,0.0029652914800999608,0.030128885370609634,1.9659423239762661,2.881743507092333,2.9083433271513477,398.0,2.8950434171218404,0.013299910029507363,0.13513392103529084,1.9659423239762661,925708269607468.1,1037108047515497.4,398.0,981408158561482.8,55699888954014.57,565939497251251.4,1.9659423239762661,8.465811766730793,8.678567656784823,398.0,8.572189711757808,0.1063779450270159,1.0808545915937857,1.9659423239762661,2.6064753846253033,2.653563580294118,398.0,2.6300194824597107,0.023544097834407536,0.23922013386129937,1.9659423239762661,399.0,0.8320802005012531,-0.05554824177231774,-0.045510562578205425,398.0,-0.050529402175261584,0.005018839597056157,0.05099398960539428,1.9659423239762661,ExtraTreesRegressor,"{'mode': 'original', 'type': 'ExtraTreesRegressor'}",9,"['nodes_T6W30', 're_T6W30', 'l1_T6W30', 'l3_T6W30', 'lcc_T6W30', 'atd_T6W30', 'density_T6W30', 'diameter_T6W30', 'asp_T6W30']",-0.010107824219538545,0.011176544476929055,398.0,0.0005343601286952557,0.0106421843482338,0.10813006224603033,1.9659423239762661,3.514895343090776,3.5520504309582077,398.0,3.533472887024492,0.018577543933715867,0.18875739380181317,1.9659423239762661,completed,39.16025185585022,True,COMPLETE
360,2.981570880333861,2026-06-14 01:51:46.777766,2026-06-14 01:51:47.681243,0 days 00:00:00.903477,7,,1,4,133,ExtraTreesRegressor,13,False,,,,,,,,,,,,,,,,,,,,,,,,,,,,,,,,,,,,,,,,,,,,,ExtraTreesRegressor,"{'mode': 'original', 'type': 'ExtraTreesRegressor'}",13,"['nodes_T6W30', 'edges_T6W30', 're_T6W30', 'pe_T6W30', 'l1_T6W30', 'l2_T6W30', 'l3_T6W30', 'lcc_T6W30', 'lsc_T6W30', 'atd_T6W30', 'density_T6W30', 'diameter_T6W30', 'asp_T6W30']",,,,,,,,,,,,,,,pruned,,False,PRUNED
361,2.9208103924012954,2026-06-14 01:51:47.686868,2026-06-14 01:51:49.227566,0 days 00:00:01.540698,17,log2,1,6,218,ExtraTreesRegressor,4,True,,,,,,,,,,,,,,,,,,,,,,,,,,,,,,,,,,,,,,,,,,,,,ExtraTreesRegressor,"{'mode': 'original', 'type': 'ExtraTreesRegressor'}",4,"['l3_T6W30', 'atd_T6W30', 'density_T6W30', 'asp_T6W30']",,,,,,,,,,,,,,,pruned,,True,PRUNED
362,2.9030715599568135,2026-06-14 01:51:49.233200,2026-06-14 01:51:50.189512,0 days 00:00:00.956312,18,log2,2,4,148,ExtraTreesRegressor,9,True,,,,,,,,,,,,,,,,,,,,,,,,,,,,,,,,,,,,,,,,,,,,,ExtraTreesRegressor,"{'mode': 'original', 'type': 'ExtraTreesRegressor'}",9,"['nodes_T6W30', 're_T6W30', 'pe_T6W30', 'l1_T6W30', 'l2_T6W30', 'l3_T6W30', 'atd_T6W30', 'density_T6W30', 'asp_T6W30']",,,,,,,,,,,,,,,pruned,,True,PRUNED
363,2.8654914129871876,2026-06-14 01:51:50.195459,2026-06-14 01:52:23.106208,0 days 00:00:32.910749,8,sqrt,3,3,256,ExtraTreesRegressor,4,True,-0.019801739293788218,-0.013670026168282095,398.0,-0.016735882731035157,0.0030658565627530616,0.031150678293118225,1.9659423239762661,2.852441586098025,2.87854123987635,398.0,2.8654914129871876,0.013049826889162598,0.13259294780580058,1.9659423239762661,915760566711168.8,1025885649945087.5,398.0,970823108328128.1,55062541616959.32,559463720759035.0,1.9659423239762661,8.49612137939966,8.714143983506531,398.0,8.605132681453096,0.1090113020534354,1.1076108523261061,1.9659423239762661,2.588974441825374,2.6325113398759035,398.0,2.6107428908506387,0.021768449025264806,0.22117862941286745,1.9659423239762661,399.0,0.7493734335839599,-0.04544054763306583,-0.03454037320840534,398.0,-0.039990460420735584,0.005450087212330241,0.05537568700483632,1.9659423239762661,ExtraTreesRegressor,"{'mode': 'original', 'type': 'ExtraTreesRegressor'}",4,"['nodes_T6W30', 'l1_T6W30', 'lcc_T6W30', 'density_T6W30']",0.0350146350485148,0.057728480648234874,398.0,0.046371557848374836,0.01135692279986004,0.11539217223539572,1.9659423239762661,3.4968915662890954,3.533473977193518,398.0,3.5151827717413067,0.018291205452211346,0.18584804767367022,1.9659423239762661,completed,32.90328598022461,True,COMPLETE
364,2.9969993963973036,2026-06-14 01:52:23.117848,2026-06-14 01:52:24.841621,0 days 00:00:01.723773,10,,1,10,261,ExtraTreesRegressor,13,False,,,,,,,,,,,,,,,,,,,,,,,,,,,,,,,,,,,,,,,,,,,,,ExtraTreesRegressor,"{'mode': 'original', 'type': 'ExtraTreesRegressor'}",13,"['nodes_T6W30', 'edges_T6W30', 're_T6W30', 'pe_T6W30', 'l1_T6W30', 'l2_T6W30', 'l3_T6W30', 'lcc_T6W30', 'lsc_T6W30', 'atd_T6W30', 'density_T6W30', 'diameter_T6W30', 'asp_T6W30']",,,,,,,,,,,,,,,pruned,,False,PRUNED
365,2.913542716196169,2026-06-14 01:52:24.847523,2026-06-14 01:52:27.440792,0 days 00:00:02.593269,5,,2,2,423,ExtraTreesRegressor,12,True,,,,,,,,,,,,,,,,,,,,,,,,,,,,,,,,,,,,,,,,,,,,,ExtraTreesRegressor,"{'mode': 'original', 'type': 'ExtraTreesRegressor'}",12,"['nodes_T6W30', 're_T6W30', 'pe_T6W30', 'l1_T6W30', 'l2_T6W30', 'l3_T6W30', 'lcc_T6W30', 'lsc_T6W30', 'atd_T6W30', 'density_T6W30', 'diameter_T6W30', 'asp_T6W30']",,,,,,,,,,,,,,,pruned,,True,PRUNED
