number,value,datetime_start,datetime_complete,duration,params_regressor,params_rfe_n_features,params_use_scaler,user_attrs_d2mae_ci_lower_val,user_attrs_d2mae_ci_upper_val,user_attrs_d2mae_df_val,user_attrs_d2mae_mean_val,user_attrs_d2mae_samperror_val,user_attrs_d2mae_std_val,user_attrs_d2mae_t_critical_val,user_attrs_mae_ci_lower_val,user_attrs_mae_ci_upper_val,user_attrs_mae_df_val,user_attrs_mae_mean_val,user_attrs_mae_samperror_val,user_attrs_mae_std_val,user_attrs_mae_t_critical_val,user_attrs_mape_ci_lower_val,user_attrs_mape_ci_upper_val,user_attrs_mape_df_val,user_attrs_mape_mean_val,user_attrs_mape_samperror_val,user_attrs_mape_std_val,user_attrs_mape_t_critical_val,user_attrs_max_error_ci_lower_val,user_attrs_max_error_ci_upper_val,user_attrs_max_error_df_val,user_attrs_max_error_mean_val,user_attrs_max_error_samperror_val,user_attrs_max_error_std_val,user_attrs_max_error_t_critical_val,user_attrs_median_ae_ci_lower_val,user_attrs_median_ae_ci_upper_val,user_attrs_median_ae_df_val,user_attrs_median_ae_mean_val,user_attrs_median_ae_samperror_val,user_attrs_median_ae_std_val,user_attrs_median_ae_t_critical_val,user_attrs_n_splits_val,user_attrs_r2_below_zero_val,user_attrs_r2_ci_lower_val,user_attrs_r2_ci_upper_val,user_attrs_r2_df_val,user_attrs_r2_mean_val,user_attrs_r2_samperror_val,user_attrs_r2_std_val,user_attrs_r2_t_critical_val,user_attrs_regressor_final,user_attrs_rfe_estimator,user_attrs_rfe_n_features,user_attrs_rfe_selected_features,user_attrs_rho_ci_lower_val,user_attrs_rho_ci_upper_val,user_attrs_rho_df_val,user_attrs_rho_mean_val,user_attrs_rho_samperror_val,user_attrs_rho_std_val,user_attrs_rho_t_critical_val,user_attrs_rmse_ci_lower_val,user_attrs_rmse_ci_upper_val,user_attrs_rmse_df_val,user_attrs_rmse_mean_val,user_attrs_rmse_samperror_val,user_attrs_rmse_std_val,user_attrs_rmse_t_critical_val,user_attrs_termination_reason,user_attrs_trial_time_seconds,user_attrs_use_scaler_final,state
496,2.829673509794336,2026-06-13 17:41:31.864879,2026-06-13 17:41:35.241835,0 days 00:00:03.376956,LinearRegression,4,False,-0.007116492265887261,-0.0009372603448009479,398,-0.004026876305344105,0.0030896159605431567,0.031392085985177,1.9659423239762661,2.8166800497333773,2.842666969855295,398,2.829673509794336,0.01299346006095876,0.13202023186301542,1.9659423239762661,910872018316873.9,1020022294238960.6,398,965447156277917.2,54575137961043.414,554511449126766.44,1.9659423239762661,8.180612283398972,8.387592812507371,398,8.284102547953172,0.10349026455419891,1.0515142739432868,1.9659423239762661,2.548956127917115,2.586601935426335,398,2.567779031671725,0.018822903754610036,0.1912503756782608,1.9659423239762661,399,0.45614035087719296,-0.010082985491401322,0.0015090197508789644,398,-0.004286982870261179,0.005796002621140143,0.0588903653323813,1.9659423239762661,LinearRegression,"{'mode': 'original', 'type': 'LinearRegression'}",4,"['edges_T6W30', 'l1_T6W30', 'atd_T6W30', 'density_T6W30']",0.11447015726668243,0.139141927332758,398,0.1268060422997202,0.012335885033037775,0.1253389316361187,1.9659423239762661,3.4358053150078227,3.472144662889221,398,3.453974988948522,0.01816967394069901,0.18461322505881256,1.9659423239762661,completed,3.36954402923584,False,COMPLETE
497,2.8349319657834124,2026-06-13 17:41:35.254116,2026-06-13 17:41:38.754698,0 days 00:00:03.500582,LinearRegression,2,True,-0.00829361207307145,-0.0032907994938684683,398,-0.00579220578346996,0.0025014062896014915,0.02541557343367295,1.9659423239762661,2.822332639563202,2.847531292003623,398,2.8349319657834124,0.012599326220210805,0.12801562948639747,1.9659423239762661,917906777585565.0,1027875625603208.8,398,972891201594386.9,54984424008821.875,558670005713888.75,1.9659423239762661,8.263067934224233,8.518794972635467,398,8.39093145342985,0.12786351920561745,1.2991590671885405,1.9659423239762661,2.5489328156747733,2.5913059205713105,398,2.570119368123042,0.02118655244826869,0.21526626114029712,1.9659423239762661,399,0.41854636591478694,-0.007210958064530067,0.0022081718751219507,398,-0.002501393094704058,0.004709564969826009,0.047851600449256064,1.9659423239762661,LinearRegression,"{'mode': 'original', 'type': 'LinearRegression'}",2,"['nodes_T6W30', 'lcc_T6W30']",0.12072005620682386,0.1451399215825418,398,0.13292998889468283,0.012209932687858976,0.12405919107923977,1.9659423239762661,3.4334691298338336,3.4708302960512056,398,3.4521497129425196,0.018680583108685932,0.18980432477375617,1.9659423239762661,completed,3.4930481910705566,True,COMPLETE
498,2.9124065329798787,2026-06-13 17:41:38.767903,2026-06-13 17:41:42.364834,0 days 00:00:03.596931,LinearRegression,9,False,-0.03751560123442927,-0.029337116495751322,398,-0.033426358865090294,0.004089242369338973,0.041548804029983864,1.9659423239762661,2.8974332948718193,2.927379771087938,398,2.9124065329798787,0.014973238108059238,0.152135794275898,1.9659423239762661,916692558801514.5,1027179366472233.0,398,971935962636873.8,55243403835359.195,561301373847310.94,1.9659423239762661,8.450310124726014,8.68727337309325,398,8.568791748909632,0.11848162418361698,1.203834192189265,1.9659423239762661,2.542553601060635,2.5829789147092272,398,2.562766257884931,0.020212656824296224,0.2053709810929489,1.9659423239762661,399,0.7543859649122807,-0.07070691789909775,-0.05414190246319626,398,-0.06242441018114701,0.008282507717950749,0.08415453498922662,1.9659423239762661,LinearRegression,"{'mode': 'original', 'type': 'LinearRegression'}",9,"['nodes_T6W30', 'edges_T6W30', 're_T6W30', 'l1_T6W30', 'l2_T6W30', 'lcc_T6W30', 'atd_T6W30', 'density_T6W30', 'asp_T6W30']",0.03634883193506699,0.06028918367101032,398,0.048319007803038654,0.011970175867971665,0.12162313857253534,1.9659423239762661,3.530698629064634,3.571723385950724,398,3.551211007507679,0.020512378443045196,0.2084163067734034,1.9659423239762661,completed,3.5888912677764893,False,COMPLETE
499,2.967192120663289,2026-06-13 17:41:42.377565,2026-06-13 17:41:45.774530,0 days 00:00:03.396965,LinearRegression,12,True,-0.057648364258886815,-0.04805872493266699,398,-0.0528535445957769,0.004794819663109911,0.04871783194740564,1.9659423239762661,2.9504699702820254,2.9839142710445525,398,2.967192120663289,0.01672215038126355,0.16990564177866313,1.9659423239762661,939083441157966.5,1052772109553630.5,398,995927775355798.5,56844334197832.05,577567649085672.0,1.9659423239762661,9.024327612934478,9.38272641123551,398,9.203527012084994,0.17919939915051594,1.8207579901406565,1.9659423239762661,2.6201669180796174,2.6620962725867767,398,2.641131595333197,0.02096467725357943,0.2130118951353912,1.9659423239762661,399,0.8671679197994987,-0.12142620773675641,-0.09996804149790961,398,-0.11069712461733301,0.010729083119423395,0.10901299842063193,1.9659423239762661,LinearRegression,"{'mode': 'original', 'type': 'LinearRegression'}",12,"['nodes_T6W30', 'edges_T6W30', 're_T6W30', 'pe_T6W30', 'l1_T6W30', 'l2_T6W30', 'lcc_T6W30', 'lsc_T6W30', 'atd_T6W30', 'density_T6W30', 'diameter_T6W30', 'asp_T6W30']",-0.011725448421892217,0.012359315967304182,398,0.0003169337727059828,0.0120423821945982,0.12235679195958463,1.9659423239762661,3.606024858846365,3.654053371299225,398,3.630039115072795,0.02401425622643018,0.243997184749667,1.9659423239762661,completed,3.389003038406372,True,COMPLETE
