number,value,datetime_start,datetime_complete,duration,params_et_max_depth,params_et_max_features,params_et_min_samples_leaf,params_et_min_samples_split,params_et_n_estimators,params_regressor,params_rfe_n_features,params_use_scaler,user_attrs_d2mae_ci_lower_val,user_attrs_d2mae_ci_upper_val,user_attrs_d2mae_df_val,user_attrs_d2mae_mean_val,user_attrs_d2mae_samperror_val,user_attrs_d2mae_std_val,user_attrs_d2mae_t_critical_val,user_attrs_mae_ci_lower_val,user_attrs_mae_ci_upper_val,user_attrs_mae_df_val,user_attrs_mae_mean_val,user_attrs_mae_samperror_val,user_attrs_mae_std_val,user_attrs_mae_t_critical_val,user_attrs_mape_ci_lower_val,user_attrs_mape_ci_upper_val,user_attrs_mape_df_val,user_attrs_mape_mean_val,user_attrs_mape_samperror_val,user_attrs_mape_std_val,user_attrs_mape_t_critical_val,user_attrs_max_error_ci_lower_val,user_attrs_max_error_ci_upper_val,user_attrs_max_error_df_val,user_attrs_max_error_mean_val,user_attrs_max_error_samperror_val,user_attrs_max_error_std_val,user_attrs_max_error_t_critical_val,user_attrs_median_ae_ci_lower_val,user_attrs_median_ae_ci_upper_val,user_attrs_median_ae_df_val,user_attrs_median_ae_mean_val,user_attrs_median_ae_samperror_val,user_attrs_median_ae_std_val,user_attrs_median_ae_t_critical_val,user_attrs_n_splits_val,user_attrs_r2_below_zero_val,user_attrs_r2_ci_lower_val,user_attrs_r2_ci_upper_val,user_attrs_r2_df_val,user_attrs_r2_mean_val,user_attrs_r2_samperror_val,user_attrs_r2_std_val,user_attrs_r2_t_critical_val,user_attrs_regressor_final,user_attrs_rfe_estimator,user_attrs_rfe_n_features,user_attrs_rfe_selected_features,user_attrs_rho_ci_lower_val,user_attrs_rho_ci_upper_val,user_attrs_rho_df_val,user_attrs_rho_mean_val,user_attrs_rho_samperror_val,user_attrs_rho_std_val,user_attrs_rho_t_critical_val,user_attrs_rmse_ci_lower_val,user_attrs_rmse_ci_upper_val,user_attrs_rmse_df_val,user_attrs_rmse_mean_val,user_attrs_rmse_samperror_val,user_attrs_rmse_std_val,user_attrs_rmse_t_critical_val,user_attrs_termination_reason,user_attrs_trial_time_seconds,user_attrs_use_scaler_final,state
247,2.877454704208109,2026-06-14 01:00:04.272869,2026-06-14 01:00:59.301271,0 days 00:00:55.028402,15,log2,5,7,460,ExtraTreesRegressor,11,False,-0.02348790938904542,-0.018306074691199156,398.0,-0.020896992040122287,0.002590917348923131,0.026325051798212214,1.9659423239762661,2.8646884741979597,2.890220934218258,398.0,2.877454704208109,0.012766230010149184,0.12971145776794105,1.9659423239762661,928066718368745.8,1039459128258354.5,398.0,983762923313550.1,55696204944804.39,565902065824377.2,1.9659423239762661,8.388831314354611,8.602740483002606,398.0,8.495785898678609,0.1069545843239973,1.0867135431995671,1.9659423239762661,2.5852019862411977,2.6251764555619497,398.0,2.6051892209015737,0.019987234660375972,0.20308057605778554,1.9659423239762661,399.0,0.7568922305764411,-0.036866800033679925,-0.028344285191461663,398.0,-0.032605542612570794,0.004261257421109133,0.04329656535853559,1.9659423239762661,ExtraTreesRegressor,"{'mode': 'original', 'type': 'ExtraTreesRegressor'}",11,"['nodes_T6W30', 're_T6W30', 'pe_T6W30', 'l1_T6W30', 'l2_T6W30', 'l3_T6W30', 'lcc_T6W30', 'atd_T6W30', 'density_T6W30', 'diameter_T6W30', 'asp_T6W30']",0.00592637013855069,0.027210776632433355,398.0,0.016568573385492023,0.010642203246941333,0.10813025426661135,1.9659423239762661,3.485391544327822,3.5218363220250293,398.0,3.5036139331764256,0.01822238884860355,0.18514883561454945,1.9659423239762661,completed,55.0208740234375,False,COMPLETE
248,2.8393336176914055,2026-06-14 01:00:59.313596,2026-06-14 01:01:52.956100,0 days 00:00:53.642504,4,log2,5,7,475,ExtraTreesRegressor,6,False,-0.009600041352488929,-0.00514577234606719,398.0,-0.00737290684927806,0.002227134503210869,0.022628831129244645,1.9659423239762661,2.8272445496153313,2.8514226857674796,398.0,2.8393336176914055,0.012089068076074131,0.12283114450834882,1.9659423239762661,922095685672268.5,1032582776312660.0,398.0,977339230992464.2,55243545320195.76,561302811405962.75,1.9659423239762661,8.253978850678115,8.467094406346567,398.0,8.36053662851234,0.10655777783422508,1.0826817853353257,1.9659423239762661,2.5455615853234264,2.5825103038657975,398.0,2.564035944594612,0.01847435927118576,0.18770898460149074,1.9659423239762661,399.0,0.49874686716791977,-0.00940361135287779,-0.0021259400391522277,398.0,-0.005764775696015009,0.0036388356568627816,0.036972440356659295,1.9659423239762661,ExtraTreesRegressor,"{'mode': 'original', 'type': 'ExtraTreesRegressor'}",6,"['nodes_T6W30', 'lcc_T6W30', 'atd_T6W30', 'density_T6W30', 'diameter_T6W30', 'asp_T6W30']",0.08129297617871276,0.10400143962534739,398.0,0.09264720790203007,0.011354231723317315,0.11536482951471433,1.9659423239762661,3.4402656354884456,3.4756855468082795,398.0,3.4579755911483625,0.01770995565991684,0.17994225106606607,1.9659423239762661,completed,53.634907245635986,False,COMPLETE
249,2.9373552455992673,2026-06-14 01:01:52.968556,2026-06-14 01:02:47.353116,0 days 00:00:54.384560,9,,3,7,393,ExtraTreesRegressor,6,True,-0.04620177861686496,-0.038163389521651075,398.0,-0.04218258406925802,0.004019194547606946,0.04083708216196906,1.9659423239762661,2.921979163216076,2.9527313279824585,398.0,2.9373552455992673,0.015376082383191212,0.15622889914235397,1.9659423239762661,925294713462370.6,1037896872578794.6,398.0,981595793020582.6,56301079558211.984,572047902755839.8,1.9659423239762661,8.708032002938527,8.920317550640988,398.0,8.814174776789757,0.10614277385123036,1.0784651315878253,1.9659423239762661,2.6364630698765255,2.687594485876288,398.0,2.6620287778764067,0.025565707999881303,0.2597607320953607,1.9659423239762661,399.0,0.8922305764411027,-0.09312423029655068,-0.07908747843268205,398.0,-0.08610585436461636,0.00701837593193431,0.07131030637634524,1.9659423239762661,ExtraTreesRegressor,"{'mode': 'original', 'type': 'ExtraTreesRegressor'}",6,"['l1_T6W30', 'l2_T6W30', 'l3_T6W30', 'atd_T6W30', 'density_T6W30', 'asp_T6W30']",-0.003165918839828188,0.01886950277588314,398.0,0.007851791968027476,0.011017710807855664,0.11194560406763791,1.9659423239762661,3.57179378417551,3.6114249261941813,398.0,3.5916093551848456,0.019815571009335856,0.2013363851412441,1.9659423239762661,completed,54.37705397605896,True,COMPLETE
250,2.992826787023466,2026-06-14 01:02:47.365361,2026-06-14 01:02:49.239754,0 days 00:00:01.874393,20,sqrt,1,4,308,ExtraTreesRegressor,12,True,,,,,,,,,,,,,,,,,,,,,,,,,,,,,,,,,,,,,,,,,,,,,ExtraTreesRegressor,"{'mode': 'original', 'type': 'ExtraTreesRegressor'}",12,"['nodes_T6W30', 're_T6W30', 'pe_T6W30', 'l1_T6W30', 'l2_T6W30', 'l3_T6W30', 'lcc_T6W30', 'lsc_T6W30', 'atd_T6W30', 'density_T6W30', 'diameter_T6W30', 'asp_T6W30']",,,,,,,,,,,,,,,pruned,,True,PRUNED
251,2.9060529950527094,2026-06-14 01:02:49.246377,2026-06-14 01:02:50.892709,0 days 00:00:01.646332,11,,5,8,252,ExtraTreesRegressor,10,False,,,,,,,,,,,,,,,,,,,,,,,,,,,,,,,,,,,,,,,,,,,,,ExtraTreesRegressor,"{'mode': 'original', 'type': 'ExtraTreesRegressor'}",10,"['nodes_T6W30', 're_T6W30', 'l1_T6W30', 'l2_T6W30', 'l3_T6W30', 'lcc_T6W30', 'lsc_T6W30', 'atd_T6W30', 'density_T6W30', 'asp_T6W30']",,,,,,,,,,,,,,,pruned,,False,PRUNED
252,2.9108969775610323,2026-06-14 01:02:50.898317,2026-06-14 01:03:15.645154,0 days 00:00:24.746837,8,log2,2,10,185,ExtraTreesRegressor,13,True,-0.03572448671250227,-0.02983074884811349,398.0,-0.03277761778030788,0.0029468689321943925,0.029941702816109896,1.9659423239762661,2.8975397786831545,2.92425417643891,398.0,2.9108969775610323,0.013357198877877757,0.13571600517681598,1.9659423239762661,928805881074281.2,1040490324812349.0,398.0,984648102943315.1,55842221869033.914,567385672816069.0,1.9659423239762661,8.491176096377824,8.708816833245734,398.0,8.59999646481178,0.10882036843395479,1.1056708686269208,1.9659423239762661,2.597749768467585,2.6418867921896707,398.0,2.619818280328628,0.022068511861042656,0.22422742203369475,1.9659423239762661,399.0,0.9122807017543859,-0.06647667435667198,-0.056401613336106396,398.0,-0.06143914384638919,0.005037530510282792,0.051183898889475284,1.9659423239762661,ExtraTreesRegressor,"{'mode': 'original', 'type': 'ExtraTreesRegressor'}",13,"['nodes_T6W30', 'edges_T6W30', 're_T6W30', 'pe_T6W30', 'l1_T6W30', 'l2_T6W30', 'l3_T6W30', 'lcc_T6W30', 'lsc_T6W30', 'atd_T6W30', 'density_T6W30', 'diameter_T6W30', 'asp_T6W30']",-0.03539702934972772,-0.014703078858319703,398.0,-0.025050054104023712,0.010346975245704009,0.10513058604945057,1.9659423239762661,3.5331968383765124,3.570293500884925,398.0,3.5517451696307187,0.018548331254206383,0.1884605779649161,1.9659423239762661,completed,24.739609956741333,True,COMPLETE
253,2.8532042038394594,2026-06-14 01:03:15.657592,2026-06-14 01:03:39.006712,0 days 00:00:23.349120,2,,5,10,182,ExtraTreesRegressor,11,False,-0.014754001360912889,-0.009885952357570917,398.0,-0.012319976859241903,0.002434024501670986,0.02473093983921886,1.9659423239762661,2.8409180269150744,2.8654903807638443,398.0,2.8532042038394594,0.012286176924384782,0.12483387170604215,1.9659423239762661,920242900563872.2,1030666655397400.0,398.0,975454777980636.1,55211877416763.92,560981049232217.5,1.9659423239762661,8.262161843963721,8.479912226211994,398.0,8.371037035087857,0.10887519112413564,1.1062278953338236,1.9659423239762661,2.543143954668436,2.581789791358125,398.0,2.5624668730132805,0.019322918344844557,0.19633078088426112,1.9659423239762661,399.0,0.5614035087719298,-0.017745522216676593,-0.009857043217235422,398.0,-0.013801282716956007,0.003944239499720585,0.040075500354287676,1.9659423239762661,ExtraTreesRegressor,"{'mode': 'original', 'type': 'ExtraTreesRegressor'}",11,"['nodes_T6W30', 'edges_T6W30', 're_T6W30', 'l1_T6W30', 'l2_T6W30', 'l3_T6W30', 'lcc_T6W30', 'atd_T6W30', 'density_T6W30', 'diameter_T6W30', 'asp_T6W30']",0.06756883184915484,0.08914182878497733,398.0,0.07835533031706608,0.010786498467911245,0.1095963678683618,1.9659423239762661,3.453826854974724,3.489295773790925,398.0,3.4715613143828246,0.017734459408100357,0.18019122174066113,1.9659423239762661,completed,23.341921091079712,False,COMPLETE
254,2.8354603306836106,2026-06-14 01:03:39.018286,2026-06-14 01:04:27.934666,0 days 00:00:48.916380,13,log2,3,2,431,ExtraTreesRegressor,2,False,-0.007895956333620033,-0.004090442439678507,398.0,-0.00599319938664927,0.0019027569469707631,0.019332988452616044,1.9659423239762661,2.8238003378717043,2.847120323495517,398.0,2.8354603306836106,0.011659992811906533,0.11847151931257083,1.9659423239762661,930706986509767.5,1042487033657759.5,398.0,986597010083763.5,55890023573995.96,567871362704900.0,1.9659423239762661,8.265265711360707,8.474116053085341,398.0,8.369690882223024,0.10442517086231794,1.0610134025040407,1.9659423239762661,2.530511409015349,2.5617517907061056,398.0,2.5461315998607272,0.015620190845378185,0.15870916657123388,1.9659423239762661,399.0,0.44611528822055135,-0.0052286649540514134,0.000938232505327223,398.0,-0.002145216224362095,0.003083448729689318,0.031329423750217515,1.9659423239762661,ExtraTreesRegressor,"{'mode': 'original', 'type': 'ExtraTreesRegressor'}",2,"['atd_T6W30', 'density_T6W30']",0.08670402237521177,0.10935568454340899,398.0,0.09802985345931038,0.011325831084098618,0.1150762644244982,1.9659423239762661,3.4344662924719027,3.469482119864557,398.0,3.45197420616823,0.01750791369632727,0.17788940088189537,1.9659423239762661,completed,48.90810704231262,False,COMPLETE
255,2.8522847156535986,2026-06-14 01:04:27.946481,2026-06-14 01:05:16.206777,0 days 00:00:48.260296,20,sqrt,5,2,414,ExtraTreesRegressor,8,True,-0.01423645951984208,-0.009702963719151315,398.0,-0.011969711619496698,0.0022667479003453833,0.02303132360238458,1.9659423239762661,2.840103994425107,2.86446543688209,398.0,2.8522847156535986,0.012180721228491398,0.1237623876396115,1.9659423239762661,929014364554210.0,1040099880850976.0,398.0,984557122702593.0,55542758148383.0,564342967512830.8,1.9659423239762661,8.28507863691188,8.492644571352386,398.0,8.388861604132133,0.1037829672202526,1.054488283457153,1.9659423239762661,2.587174693176321,2.6272022568942814,398.0,2.607188475035301,0.020013781858980256,0.20335030923883263,1.9659423239762661,399.0,0.6015037593984962,-0.017882355274532014,-0.010685039035413988,398.0,-0.014283697154973001,0.003598658119559014,0.03656421592947489,1.9659423239762661,ExtraTreesRegressor,"{'mode': 'original', 'type': 'ExtraTreesRegressor'}",8,"['nodes_T6W30', 're_T6W30', 'l1_T6W30', 'lcc_T6W30', 'atd_T6W30', 'density_T6W30', 'diameter_T6W30', 'asp_T6W30']",0.045934901608328985,0.06716846047338756,398.0,0.056551681040858275,0.01061677943252929,0.10787193524629088,1.9659423239762661,3.45488349208047,3.4903029465494817,398.0,3.4725932193149758,0.017709727234506083,0.17993993014649962,1.9659423239762661,completed,48.252716064453125,True,COMPLETE
256,2.892719542489825,2026-06-14 01:05:16.219218,2026-06-14 01:05:28.016719,0 days 00:00:11.797501,3,,2,6,72,ExtraTreesRegressor,13,True,-0.029215159369500223,-0.023516422548039765,398.0,-0.026365790958769994,0.0028493684107302277,0.028951047410230718,1.9659423239762661,2.879807695703389,2.905631389276261,398.0,2.892719542489825,0.01291184678643597,0.13119099905088918,1.9659423239762661,919300269280943.0,1029428440242704.8,398.0,974364354761823.9,55064085480880.836,559479407209905.4,1.9659423239762661,8.3886519195708,8.615253815147542,398.0,8.50195286735917,0.11330094778837022,1.1511958575425305,1.9659423239762661,2.557383005292608,2.598007742380309,398.0,2.5776953738364585,0.0203123685438505,0.20638410340781013,1.9659423239762661,399.0,0.8195488721804511,-0.0507588835391672,-0.040706744308577014,398.0,-0.04573281392387211,0.005026069615295097,0.05106745030637774,1.9659423239762661,ExtraTreesRegressor,"{'mode': 'original', 'type': 'ExtraTreesRegressor'}",13,"['nodes_T6W30', 'edges_T6W30', 're_T6W30', 'pe_T6W30', 'l1_T6W30', 'l2_T6W30', 'l3_T6W30', 'lcc_T6W30', 'lsc_T6W30', 'atd_T6W30', 'density_T6W30', 'diameter_T6W30', 'asp_T6W30']",0.005969488021033264,0.027812979898542287,398.0,0.016891233959787776,0.010921745938754512,0.1109705516789747,1.9659423239762661,3.507038132299715,3.5433133511280372,398.0,3.525175741713876,0.01813760941416108,0.18428743299047548,1.9659423239762661,completed,11.790327072143555,True,COMPLETE
257,2.891025771891981,2026-06-14 01:05:28.028262,2026-06-14 01:05:53.736961,0 days 00:00:25.708699,11,sqrt,4,4,194,ExtraTreesRegressor,9,False,-0.028663066629217415,-0.022820068664298927,398.0,-0.02574156764675817,0.0029214989824592435,0.029683931088588977,1.9659423239762661,2.8778453602321283,2.9042061835518336,398.0,2.891025771891981,0.013180411659852535,0.13391975618658472,1.9659423239762661,925980265165380.8,1037469230914953.5,398.0,981724748040167.1,55744482874786.42,566392594404154.5,1.9659423239762661,8.455939213174517,8.672173359681349,398.0,8.564056286427933,0.1081170732534159,1.098525028152768,1.9659423239762661,2.6141461410165054,2.658420108094328,398.0,2.636283124555417,0.022136983538911498,0.22492312947004234,1.9659423239762661,399.0,0.8170426065162907,-0.05183650855475749,-0.04181375965962744,398.0,-0.04682513410719247,0.005011374447565026,0.05091813985004909,1.9659423239762661,ExtraTreesRegressor,"{'mode': 'original', 'type': 'ExtraTreesRegressor'}",9,"['nodes_T6W30', 'l1_T6W30', 'l2_T6W30', 'l3_T6W30', 'lcc_T6W30', 'atd_T6W30', 'density_T6W30', 'diameter_T6W30', 'asp_T6W30']",-0.004257936435260913,0.017463303674021144,398.0,0.0066026836193801165,0.01086062005464103,0.11034948128235715,1.9659423239762661,3.508778415770373,3.545486901895874,398.0,3.5271326588331235,0.01835424306275036,0.18648854219325217,1.9659423239762661,completed,25.7013418674469,False,COMPLETE
258,2.892567819800654,2026-06-14 01:05:53.748730,2026-06-14 01:06:28.833226,0 days 00:00:35.084496,10,log2,4,8,276,ExtraTreesRegressor,10,False,-0.029113409583303038,-0.023404842045269714,398.0,-0.026259125814286376,0.0028542837690166633,0.029000989976538737,1.9659423239762661,2.8793164605302435,2.905819179071065,398.0,2.892567819800654,0.01325135927041044,0.13464062037149302,1.9659423239762661,925686436700273.8,1037192506687236.8,398.0,981439471693755.2,55753034993481.555,566479488325231.2,1.9659423239762661,8.462491355426426,8.677192190534878,398.0,8.569841772980652,0.10735041755422567,1.0907354122466622,1.9659423239762661,2.605333698143116,2.6491625945987614,398.0,2.6272481463709387,0.021914448227822486,0.2226620563432657,1.9659423239762661,399.0,0.8320802005012531,-0.0512195477517763,-0.04161912719643998,398.0,-0.04641933747410814,0.004800210277668156,0.048772603361680586,1.9659423239762661,ExtraTreesRegressor,"{'mode': 'original', 'type': 'ExtraTreesRegressor'}",10,"['nodes_T6W30', 're_T6W30', 'l1_T6W30', 'l2_T6W30', 'l3_T6W30', 'lcc_T6W30', 'atd_T6W30', 'density_T6W30', 'diameter_T6W30', 'asp_T6W30']",-0.009504474004983523,0.0120268115116582,398.0,0.0012611687533373385,0.010765642758320862,0.10938446314068552,1.9659423239762661,3.5081339770840456,3.545407916156809,398.0,3.5267709466204273,0.018636969536381928,0.18936118846511044,1.9659423239762661,completed,35.07706427574158,False,COMPLETE
259,2.837898344616256,2026-06-14 01:06:28.845436,2026-06-14 01:07:03.575753,0 days 00:00:34.730317,11,log2,4,3,299,ExtraTreesRegressor,3,True,-0.008517408191721598,-0.0051847549076336034,398.0,-0.0068510815496776005,0.0016663266420439973,0.016930735047484796,1.9659423239762661,2.8264713273345494,2.8493253618979626,398.0,2.837898344616256,0.011427017281706637,0.11610436819415429,1.9659423239762661,932191379027182.9,1043680150298452.4,398.0,987935764662817.6,55744385635634.805,566391606404400.6,1.9659423239762661,8.234138015985707,8.438114309888348,398.0,8.336126162937028,0.1019881469513215,1.0362519871246085,1.9659423239762661,2.533954208963507,2.562361463181045,398.0,2.548157836072276,0.014203627108769138,0.1443161510019794,1.9659423239762661,399.0,0.40100250626566414,-0.0022713320125578407,0.0028391683497118367,398.0,0.00028391816857699793,0.0025552501811348387,0.025962655043289644,1.9659423239762661,ExtraTreesRegressor,"{'mode': 'original', 'type': 'ExtraTreesRegressor'}",3,"['nodes_T6W30', 'atd_T6W30', 'density_T6W30']",0.08466681471212689,0.10726777269338947,398.0,0.09596729370275818,0.011300478990631295,0.11481867412583516,1.9659423239762661,3.4306450817284793,3.4652537794144376,398.0,3.4479494305714584,0.01730434884297898,0.17582107735512734,1.9659423239762661,completed,34.722919940948486,True,COMPLETE
260,2.855117821970841,2026-06-14 01:07:03.587368,2026-06-14 01:07:50.525621,0 days 00:00:46.938253,8,,3,2,387,ExtraTreesRegressor,2,True,-0.01629141884244323,-0.00960755761958406,398.0,-0.012949488231013646,0.0033419306114295857,0.033955732508596126,1.9659423239762661,2.8409869833399934,2.8692486606016887,398.0,2.855117821970841,0.014130838630847423,0.1435765826585899,1.9659423239762661,884367388474828.2,991314019696828.8,398.0,937840704085828.5,53473315611000.305,543316367797997.6,1.9659423239762661,8.540948808261573,8.759133024212984,398.0,8.650040916237279,0.10909210797570582,1.108431882024431,1.9659423239762661,2.546578873508826,2.5931006940750776,398.0,2.5698397837919518,0.02326091028312598,0.23634280280355868,1.9659423239762661,399.0,0.631578947368421,-0.03224022062013335,-0.020340093511853806,398.0,-0.026290157065993577,0.005950063554139769,0.06045570358718195,1.9659423239762661,ExtraTreesRegressor,"{'mode': 'original', 'type': 'ExtraTreesRegressor'}",2,"['l3_T6W30', 'density_T6W30']",0.06982581880527611,0.09439988567362173,398.0,0.08211285223944892,0.012287033434172812,0.124842574285669,1.9659423239762661,3.4725736559621785,3.5120478439932237,398.0,3.492310749977701,0.019737094015522573,0.20053901855293466,1.9659423239762661,completed,46.93076682090759,True,COMPLETE
261,2.9838884549529374,2026-06-14 01:07:50.537911,2026-06-14 01:07:51.855896,0 days 00:00:01.317985,16,,1,5,161,ExtraTreesRegressor,5,True,,,,,,,,,,,,,,,,,,,,,,,,,,,,,,,,,,,,,,,,,,,,,ExtraTreesRegressor,"{'mode': 'original', 'type': 'ExtraTreesRegressor'}",5,"['l1_T6W30', 'l2_T6W30', 'l3_T6W30', 'density_T6W30', 'asp_T6W30']",,,,,,,,,,,,,,,pruned,,True,PRUNED
262,2.8444762210746686,2026-06-14 01:07:51.861268,2026-06-14 01:08:21.887291,0 days 00:00:30.026023,19,log2,5,6,245,ExtraTreesRegressor,6,False,-0.011547867999278115,-0.006882378337292987,398.0,-0.00921512316828555,0.002332744830992564,0.023701886335129475,1.9659423239762661,2.832325781628797,2.8566266605205404,398.0,2.8444762210746686,0.012150439445871982,0.1234547091656804,1.9659423239762661,924946605938937.8,1035638504288406.5,398.0,980292555113672.1,55345949174734.31,562343287195815.56,1.9659423239762661,8.29376863346514,8.50419214258869,398.0,8.398980388026915,0.10521175456177499,1.0690054971343241,1.9659423239762661,2.581959936559067,2.6204472122708795,398.0,2.6012035744149733,0.019243637855906368,0.19552525037254762,1.9659423239762661,399.0,0.5889724310776943,-0.016005483987947464,-0.008368377987297747,398.0,-0.012186930987622606,0.0038185530003248596,0.038798460927189145,1.9659423239762661,ExtraTreesRegressor,"{'mode': 'original', 'type': 'ExtraTreesRegressor'}",6,"['nodes_T6W30', 'l1_T6W30', 'lcc_T6W30', 'atd_T6W30', 'density_T6W30', 'asp_T6W30']",0.054783126897295885,0.07635407907222579,398.0,0.06556860298476083,0.010785476087464949,0.10958597995760215,1.9659423239762661,3.4511993872147158,3.486430660877747,398.0,3.4688150240462314,0.017615636831515603,0.1789839232968529,1.9659423239762661,completed,30.01874017715454,False,COMPLETE
