number,value,datetime_start,datetime_complete,duration,params_regressor,params_rfe_n_features,params_use_scaler,user_attrs_d2mae_ci_lower_val,user_attrs_d2mae_ci_upper_val,user_attrs_d2mae_df_val,user_attrs_d2mae_mean_val,user_attrs_d2mae_samperror_val,user_attrs_d2mae_std_val,user_attrs_d2mae_t_critical_val,user_attrs_mae_ci_lower_val,user_attrs_mae_ci_upper_val,user_attrs_mae_df_val,user_attrs_mae_mean_val,user_attrs_mae_samperror_val,user_attrs_mae_std_val,user_attrs_mae_t_critical_val,user_attrs_mape_ci_lower_val,user_attrs_mape_ci_upper_val,user_attrs_mape_df_val,user_attrs_mape_mean_val,user_attrs_mape_samperror_val,user_attrs_mape_std_val,user_attrs_mape_t_critical_val,user_attrs_max_error_ci_lower_val,user_attrs_max_error_ci_upper_val,user_attrs_max_error_df_val,user_attrs_max_error_mean_val,user_attrs_max_error_samperror_val,user_attrs_max_error_std_val,user_attrs_max_error_t_critical_val,user_attrs_median_ae_ci_lower_val,user_attrs_median_ae_ci_upper_val,user_attrs_median_ae_df_val,user_attrs_median_ae_mean_val,user_attrs_median_ae_samperror_val,user_attrs_median_ae_std_val,user_attrs_median_ae_t_critical_val,user_attrs_n_splits_val,user_attrs_r2_below_zero_val,user_attrs_r2_ci_lower_val,user_attrs_r2_ci_upper_val,user_attrs_r2_df_val,user_attrs_r2_mean_val,user_attrs_r2_samperror_val,user_attrs_r2_std_val,user_attrs_r2_t_critical_val,user_attrs_regressor_final,user_attrs_rfe_estimator,user_attrs_rfe_n_features,user_attrs_rfe_selected_features,user_attrs_rho_ci_lower_val,user_attrs_rho_ci_upper_val,user_attrs_rho_df_val,user_attrs_rho_mean_val,user_attrs_rho_samperror_val,user_attrs_rho_std_val,user_attrs_rho_t_critical_val,user_attrs_rmse_ci_lower_val,user_attrs_rmse_ci_upper_val,user_attrs_rmse_df_val,user_attrs_rmse_mean_val,user_attrs_rmse_samperror_val,user_attrs_rmse_std_val,user_attrs_rmse_t_critical_val,user_attrs_termination_reason,user_attrs_trial_time_seconds,user_attrs_use_scaler_final,state
28,2.931281990711572,2026-06-13 17:15:44.646713,2026-06-13 17:15:47.948379,0 days 00:00:03.301666,LinearRegression,10,False,-0.04449747252101678,-0.03577391093873329,398,-0.040135691729875037,0.0043617807911417415,0.04431793445938289,1.9659423239762661,2.915746356965465,2.946817624457679,398,2.931281990711572,0.015535633746106812,0.1578500229867615,1.9659423239762661,930033456829043.2,1042213396066389.0,398,986123426447716.1,56089969618672.88,569902917275776.4,1.9659423239762661,8.51442552541188,8.773106471104786,398,8.643765998258333,0.12934047284645306,1.3141656752205242,1.9659423239762661,2.5590943920517932,2.5997920860834065,398,2.5794432390676,0.020348847015806602,0.2067547434300259,1.9659423239762661,399,0.7994987468671679,-0.08278968603055287,-0.06512688105581058,398,-0.07395828354318172,0.008831402487371139,0.08973158793642513,1.9659423239762661,LinearRegression,"{'mode': 'original', 'type': 'LinearRegression'}",10,"['nodes_T6W30', 'edges_T6W30', 're_T6W30', 'l1_T6W30', 'l2_T6W30', 'lcc_T6W30', 'atd_T6W30', 'density_T6W30', 'diameter_T6W30', 'asp_T6W30']",0.02652795775094328,0.050589712485163155,398,0.03855883511805322,0.012030877367109939,0.12223989699970338,1.9659423239762661,3.5489732309886026,3.591513480862493,398,3.5702433559255478,0.02127012493694523,0.21611540057511153,1.9659423239762661,completed,3.2942121028900146,False,COMPLETE
29,2.8844820479996764,2026-06-13 17:15:47.960022,2026-06-13 17:15:51.302524,0 days 00:00:03.342502,LinearRegression,7,False,-0.027205895490281122,-0.019772749369244683,398,-0.023489322429762902,0.0037165730605182214,0.03776229232887236,1.9659423239762661,2.8701888581750037,2.898775237824349,398,2.8844820479996764,0.014293189824672948,0.14522615422394103,1.9659423239762661,915028440688704.9,1025106924697047.9,398,970067682692876.4,55039242004171.45,559226984718893.1,1.9659423239762661,8.26611855613203,8.46504498517468,398,8.365581770653355,0.09946321452132571,1.0105973760138947,1.9659423239762661,2.5641003751650127,2.602859712585161,398,2.583480043875087,0.019379668710074027,0.1969073937603354,1.9659423239762661,399,0.6591478696741855,-0.04470618464769105,-0.030371235535085705,398,-0.03753871009138838,0.007167474556302674,0.07282522502520554,1.9659423239762661,LinearRegression,"{'mode': 'original', 'type': 'LinearRegression'}",7,"['edges_T6W30', 're_T6W30', 'l1_T6W30', 'l2_T6W30', 'lcc_T6W30', 'atd_T6W30', 'density_T6W30']",0.06348369380992878,0.08822646086096227,398,0.07585507733544553,0.012371383525516741,0.1256996145632123,1.9659423239762661,3.4906561184278826,3.528962921009675,398,3.509809519718779,0.019153401290896137,0.1946084004973579,1.9659423239762661,completed,3.334138870239258,False,COMPLETE
30,2.952807598088823,2026-06-13 17:15:51.315280,2026-06-13 17:15:54.635342,0 days 00:00:03.320062,LinearRegression,11,False,-0.05246676441730107,-0.043032211011464205,398,-0.04774948771438264,0.00471727670291843,0.047929955620715455,1.9659423239762661,2.9363158847973208,2.969299311380325,398,2.952807598088823,0.0164917132915022,0.16756428251966626,1.9659423239762661,931914845368829.2,1043927278413327.0,398,987921061891078.1,56006216522248.81,569051942773428.5,1.9659423239762661,9.052958127672348,9.419562695013685,398,9.236260411343016,0.1833022836706694,1.8624454054339366,1.9659423239762661,2.5846146070720537,2.624318831445722,398,2.604466719258888,0.019852112186834248,0.20170766228399536,1.9659423239762661,399,0.8646616541353384,-0.11366950203741001,-0.09228963687585444,398,-0.10297956945663223,0.010689932580777783,0.10861520882761307,1.9659423239762661,LinearRegression,"{'mode': 'original', 'type': 'LinearRegression'}",11,"['nodes_T6W30', 'edges_T6W30', 're_T6W30', 'pe_T6W30', 'l1_T6W30', 'l2_T6W30', 'lcc_T6W30', 'atd_T6W30', 'density_T6W30', 'diameter_T6W30', 'asp_T6W30']",0.00801524194334665,0.032428467219649496,398,0.020221854581498073,0.012206612638151423,0.12402545766795965,1.9659423239762661,3.5934359417175794,3.6416501817528864,398,3.617543061735233,0.02410712001765351,0.24494072859337493,1.9659423239762661,completed,3.311943292617798,False,COMPLETE
31,2.8844820479996764,2026-06-13 17:15:54.647174,2026-06-13 17:15:57.840193,0 days 00:00:03.193019,LinearRegression,7,False,-0.027205895490281122,-0.019772749369244683,398,-0.023489322429762902,0.0037165730605182214,0.03776229232887236,1.9659423239762661,2.8701888581750037,2.898775237824349,398,2.8844820479996764,0.014293189824672948,0.14522615422394103,1.9659423239762661,915028440688704.9,1025106924697047.9,398,970067682692876.4,55039242004171.45,559226984718893.1,1.9659423239762661,8.26611855613203,8.46504498517468,398,8.365581770653355,0.09946321452132571,1.0105973760138947,1.9659423239762661,2.5641003751650127,2.602859712585161,398,2.583480043875087,0.019379668710074027,0.1969073937603354,1.9659423239762661,399,0.6591478696741855,-0.04470618464769105,-0.030371235535085705,398,-0.03753871009138838,0.007167474556302674,0.07282522502520554,1.9659423239762661,LinearRegression,"{'mode': 'original', 'type': 'LinearRegression'}",7,"['edges_T6W30', 're_T6W30', 'l1_T6W30', 'l2_T6W30', 'lcc_T6W30', 'atd_T6W30', 'density_T6W30']",0.06348369380992878,0.08822646086096227,398,0.07585507733544553,0.012371383525516741,0.1256996145632123,1.9659423239762661,3.4906561184278826,3.528962921009675,398,3.509809519718779,0.019153401290896137,0.1946084004973579,1.9659423239762661,completed,3.1843669414520264,False,COMPLETE
32,2.8349319657834124,2026-06-13 17:15:57.851903,2026-06-13 17:16:01.167062,0 days 00:00:03.315159,LinearRegression,2,True,-0.00829361207307145,-0.0032907994938684683,398,-0.00579220578346996,0.0025014062896014915,0.02541557343367295,1.9659423239762661,2.822332639563202,2.847531292003623,398,2.8349319657834124,0.012599326220210805,0.12801562948639747,1.9659423239762661,917906777585565.0,1027875625603208.8,398,972891201594386.9,54984424008821.875,558670005713888.75,1.9659423239762661,8.263067934224233,8.518794972635467,398,8.39093145342985,0.12786351920561745,1.2991590671885405,1.9659423239762661,2.5489328156747733,2.5913059205713105,398,2.570119368123042,0.02118655244826869,0.21526626114029712,1.9659423239762661,399,0.41854636591478694,-0.007210958064530067,0.0022081718751219507,398,-0.002501393094704058,0.004709564969826009,0.047851600449256064,1.9659423239762661,LinearRegression,"{'mode': 'original', 'type': 'LinearRegression'}",2,"['nodes_T6W30', 'lcc_T6W30']",0.12072005620682386,0.1451399215825418,398,0.13292998889468283,0.012209932687858976,0.12405919107923977,1.9659423239762661,3.4334691298338336,3.4708302960512056,398,3.4521497129425196,0.018680583108685932,0.18980432477375617,1.9659423239762661,completed,3.3074378967285156,True,COMPLETE
33,2.9130869205195755,2026-06-13 17:16:01.179229,2026-06-13 17:16:04.550385,0 days 00:00:03.371156,LinearRegression,9,True,-0.037808431431218335,-0.029524789889746782,398,-0.03366661066048256,0.004141820770735776,0.04208302760944823,1.9659423239762661,2.8979964955891653,2.9281773454499858,398,2.9130869205195755,0.01509042493041015,0.15332647261603796,1.9659423239762661,920200420353880.8,1031038996379351.2,398,975619708366616.0,55419288012735.21,563088447480452.5,1.9659423239762661,8.468658004310333,8.713567048636987,398,8.59111252647366,0.12245452216332628,1.2442008774285027,1.9659423239762661,2.541744227259757,2.5821113305647123,398,2.5619277789122346,0.02018355165247767,0.20507525758944242,1.9659423239762661,399,0.7468671679197995,-0.07030081170833045,-0.053562984713712625,398,-0.06193189821102154,0.008368913497308918,0.08503246211346087,1.9659423239762661,LinearRegression,"{'mode': 'original', 'type': 'LinearRegression'}",9,"['nodes_T6W30', 'edges_T6W30', 're_T6W30', 'l1_T6W30', 'l2_T6W30', 'lcc_T6W30', 'atd_T6W30', 'density_T6W30', 'diameter_T6W30']",0.041005068093746114,0.0650582276999139,398,0.05303164789683001,0.012026579803083892,0.12219623154057986,1.9659423239762661,3.5296878611119262,3.5710932800939346,398,3.5503905706029304,0.020702709491004,0.2103501680362515,1.9659423239762661,completed,3.3633689880371094,True,COMPLETE
34,2.9671921206632894,2026-06-13 17:16:04.561946,2026-06-13 17:16:07.936464,0 days 00:00:03.374518,LinearRegression,12,False,-0.05764836425888693,-0.04805872493266709,398,-0.05285354459577701,0.0047948196631099164,0.04871783194740569,1.9659423239762661,2.950469970282026,2.983914271044553,398,2.9671921206632894,0.016722150381263585,0.1699056417786635,1.9659423239762661,939083441157967.5,1052772109553631.8,398,995927775355799.6,56844334197832.13,577567649085672.9,1.9659423239762661,9.024327612934481,9.382726411235517,398,9.203527012084999,0.1791993991505168,1.820757990140665,1.9659423239762661,2.6201669180796197,2.662096272586778,398,2.641131595333199,0.020964677253579315,0.21301189513539007,1.9659423239762661,399,0.8671679197994987,-0.12142620773675625,-0.09996804149790947,398,-0.11069712461733286,0.010729083119423395,0.10901299842063192,1.9659423239762661,LinearRegression,"{'mode': 'original', 'type': 'LinearRegression'}",12,"['nodes_T6W30', 'edges_T6W30', 're_T6W30', 'pe_T6W30', 'l1_T6W30', 'l2_T6W30', 'lcc_T6W30', 'lsc_T6W30', 'atd_T6W30', 'density_T6W30', 'diameter_T6W30', 'asp_T6W30']",-0.011725448421892217,0.012359315967304182,398,0.0003169337727059828,0.0120423821945982,0.12235679195958463,1.9659423239762661,3.606024858846365,3.654053371299225,398,3.630039115072795,0.0240142562264302,0.2439971847496672,1.9659423239762661,completed,3.366241931915283,False,COMPLETE
35,2.952807598088823,2026-06-13 17:16:07.949673,2026-06-13 17:16:11.495967,0 days 00:00:03.546294,LinearRegression,11,False,-0.05246676441730107,-0.043032211011464205,398,-0.04774948771438264,0.00471727670291843,0.047929955620715455,1.9659423239762661,2.9363158847973208,2.969299311380325,398,2.952807598088823,0.0164917132915022,0.16756428251966626,1.9659423239762661,931914845368829.2,1043927278413327.0,398,987921061891078.1,56006216522248.81,569051942773428.5,1.9659423239762661,9.052958127672348,9.419562695013685,398,9.236260411343016,0.1833022836706694,1.8624454054339366,1.9659423239762661,2.5846146070720537,2.624318831445722,398,2.604466719258888,0.019852112186834248,0.20170766228399536,1.9659423239762661,399,0.8646616541353384,-0.11366950203741001,-0.09228963687585444,398,-0.10297956945663223,0.010689932580777783,0.10861520882761307,1.9659423239762661,LinearRegression,"{'mode': 'original', 'type': 'LinearRegression'}",11,"['nodes_T6W30', 'edges_T6W30', 're_T6W30', 'pe_T6W30', 'l1_T6W30', 'l2_T6W30', 'lcc_T6W30', 'atd_T6W30', 'density_T6W30', 'diameter_T6W30', 'asp_T6W30']",0.00801524194334665,0.032428467219649496,398,0.020221854581498073,0.012206612638151423,0.12402545766795965,1.9659423239762661,3.5934359417175794,3.6416501817528864,398,3.617543061735233,0.02410712001765351,0.24494072859337493,1.9659423239762661,completed,3.5367958545684814,False,COMPLETE
36,2.8496694897114234,2026-06-13 17:16:11.508437,2026-06-13 17:16:14.727167,0 days 00:00:03.218730,LinearRegression,5,True,-0.014367525248807782,-0.007767895146891814,398,-0.011067710197849799,0.0032998150509579846,0.033527816770031,1.9659423239762661,2.83589839669096,2.863440582731887,398,2.8496694897114234,0.013771093020463745,0.13992138237539062,1.9659423239762661,917203513597956.5,1027369402687339.5,398,972286458142648.0,55082944544691.5,559671024990336.6,1.9659423239762661,8.304356259341652,8.54717724656891,398,8.425766752955282,0.1214104936136294,1.2335930108128401,1.9659423239762661,2.5554577294064105,2.5930705128102387,398,2.5742641211083246,0.018806391701914157,0.19108260473693975,1.9659423239762661,399,0.5614035087719298,-0.026023877908893312,-0.013680729359852959,398,-0.019852303634373136,0.006171574274520177,0.06270636634579801,1.9659423239762661,LinearRegression,"{'mode': 'original', 'type': 'LinearRegression'}",5,"['nodes_T6W30', 'l1_T6W30', 'lcc_T6W30', 'atd_T6W30', 'density_T6W30']",0.0858135357972587,0.11032570403952599,398,0.09806961991839235,0.012256084121133652,0.12452811335961375,1.9659423239762661,3.4617034784093135,3.4997453254473085,398,3.480724401928311,0.01902092351899742,0.19326235825143484,1.9659423239762661,completed,3.2098329067230225,True,COMPLETE
37,2.952807598088823,2026-06-13 17:16:14.739448,2026-06-13 17:16:17.800138,0 days 00:00:03.060690,LinearRegression,11,False,-0.05246676441730107,-0.043032211011464205,398,-0.04774948771438264,0.00471727670291843,0.047929955620715455,1.9659423239762661,2.9363158847973208,2.969299311380325,398,2.952807598088823,0.0164917132915022,0.16756428251966626,1.9659423239762661,931914845368829.2,1043927278413327.0,398,987921061891078.1,56006216522248.81,569051942773428.5,1.9659423239762661,9.052958127672348,9.419562695013685,398,9.236260411343016,0.1833022836706694,1.8624454054339366,1.9659423239762661,2.5846146070720537,2.624318831445722,398,2.604466719258888,0.019852112186834248,0.20170766228399536,1.9659423239762661,399,0.8646616541353384,-0.11366950203741001,-0.09228963687585444,398,-0.10297956945663223,0.010689932580777783,0.10861520882761307,1.9659423239762661,LinearRegression,"{'mode': 'original', 'type': 'LinearRegression'}",11,"['nodes_T6W30', 'edges_T6W30', 're_T6W30', 'pe_T6W30', 'l1_T6W30', 'l2_T6W30', 'lcc_T6W30', 'atd_T6W30', 'density_T6W30', 'diameter_T6W30', 'asp_T6W30']",0.00801524194334665,0.032428467219649496,398,0.020221854581498073,0.012206612638151423,0.12402545766795965,1.9659423239762661,3.5934359417175794,3.6416501817528864,398,3.617543061735233,0.02410712001765351,0.24494072859337493,1.9659423239762661,completed,3.0528767108917236,False,COMPLETE
38,2.952807598088823,2026-06-13 17:16:17.812189,2026-06-13 17:16:20.944671,0 days 00:00:03.132482,LinearRegression,11,False,-0.05246676441730107,-0.043032211011464205,398,-0.04774948771438264,0.00471727670291843,0.047929955620715455,1.9659423239762661,2.9363158847973208,2.969299311380325,398,2.952807598088823,0.0164917132915022,0.16756428251966626,1.9659423239762661,931914845368829.2,1043927278413327.0,398,987921061891078.1,56006216522248.81,569051942773428.5,1.9659423239762661,9.052958127672348,9.419562695013685,398,9.236260411343016,0.1833022836706694,1.8624454054339366,1.9659423239762661,2.5846146070720537,2.624318831445722,398,2.604466719258888,0.019852112186834248,0.20170766228399536,1.9659423239762661,399,0.8646616541353384,-0.11366950203741001,-0.09228963687585444,398,-0.10297956945663223,0.010689932580777783,0.10861520882761307,1.9659423239762661,LinearRegression,"{'mode': 'original', 'type': 'LinearRegression'}",11,"['nodes_T6W30', 'edges_T6W30', 're_T6W30', 'pe_T6W30', 'l1_T6W30', 'l2_T6W30', 'lcc_T6W30', 'atd_T6W30', 'density_T6W30', 'diameter_T6W30', 'asp_T6W30']",0.00801524194334665,0.032428467219649496,398,0.020221854581498073,0.012206612638151423,0.12402545766795965,1.9659423239762661,3.5934359417175794,3.6416501817528864,398,3.617543061735233,0.02410712001765351,0.24494072859337493,1.9659423239762661,completed,3.1250228881835938,False,COMPLETE
39,2.8903733009700256,2026-06-13 17:16:20.956172,2026-06-13 17:16:24.081951,0 days 00:00:03.125779,LinearRegression,8,False,-0.029483496804301033,-0.02169481839647079,398,-0.025589157600385912,0.00389433920391512,0.039568487703972546,1.9659423239762661,2.8757577085670443,2.904988893373007,398,2.8903733009700256,0.014615592402981556,0.14850193010979817,1.9659423239762661,913897851094987.8,1023958863603946.5,398,968928357349467.1,55030506254479.33,559138225012514.56,1.9659423239762661,8.313493376145416,8.504250205403292,398,8.408871790774354,0.09537841462893686,0.969093709832817,1.9659423239762661,2.5355250889814434,2.5738485316449546,398,2.554686810313199,0.019161721331755494,0.19469293638835297,1.9659423239762661,399,0.6791979949874687,-0.051895893979509534,-0.037004132310843214,398,-0.044450013145176374,0.00744588083433316,0.07565397588950702,1.9659423239762661,LinearRegression,"{'mode': 'original', 'type': 'LinearRegression'}",8,"['edges_T6W30', 're_T6W30', 'l1_T6W30', 'l2_T6W30', 'lcc_T6W30', 'atd_T6W30', 'density_T6W30', 'asp_T6W30']",0.053981695778687985,0.07858962667871618,398,0.06628566122870208,0.012303965450014092,0.1250146122683762,1.9659423239762661,3.5018830883799494,3.540853435507087,398,3.5213682619435183,0.019485173563568745,0.19797937729325882,1.9659423239762661,completed,3.118446111679077,False,COMPLETE
40,2.8430681474550843,2026-06-13 17:16:24.093382,2026-06-13 17:16:27.193605,0 days 00:00:03.100223,LinearRegression,5,False,-0.012037554943572268,-0.005562426883869289,398,-0.008799990913720778,0.0032375640298514894,0.032895314403330184,1.9659423239762661,2.829876543528143,2.8562597513820256,398,2.8430681474550843,0.01319160392694111,0.13403347537217306,1.9659423239762661,909248938900762.4,1018393420881882.6,398,963821179891322.5,54572240990560.11,554482014417835.1,1.9659423239762661,8.166352452836707,8.374630737809396,398,8.270491595323051,0.10413914248634426,1.0581072072074618,1.9659423239762661,2.5555464638734287,2.595320979960421,398,2.5754337219169248,0.019887258043495937,0.20206476224995765,1.9659423239762661,399,0.5388471177944862,-0.018557289493003858,-0.006444683547405849,398,-0.012500986520204854,0.006056302972799005,0.061535150679687144,1.9659423239762661,LinearRegression,"{'mode': 'original', 'type': 'LinearRegression'}",5,"['edges_T6W30', 're_T6W30', 'l1_T6W30', 'atd_T6W30', 'density_T6W30']",0.09523932637622425,0.11990421317753934,398,0.10757176977688179,0.012332443400657542,0.12530396288239998,1.9659423239762661,3.449622843598887,3.4860540396793387,398,3.467838441639113,0.018215598040225812,0.18507983751147603,1.9659423239762661,completed,3.092884063720703,False,COMPLETE
41,2.8844820479996764,2026-06-13 17:16:27.205247,2026-06-13 17:16:30.232064,0 days 00:00:03.026817,LinearRegression,7,False,-0.027205895490281122,-0.019772749369244683,398,-0.023489322429762902,0.0037165730605182214,0.03776229232887236,1.9659423239762661,2.8701888581750037,2.898775237824349,398,2.8844820479996764,0.014293189824672948,0.14522615422394103,1.9659423239762661,915028440688704.9,1025106924697047.9,398,970067682692876.4,55039242004171.45,559226984718893.1,1.9659423239762661,8.26611855613203,8.46504498517468,398,8.365581770653355,0.09946321452132571,1.0105973760138947,1.9659423239762661,2.5641003751650127,2.602859712585161,398,2.583480043875087,0.019379668710074027,0.1969073937603354,1.9659423239762661,399,0.6591478696741855,-0.04470618464769105,-0.030371235535085705,398,-0.03753871009138838,0.007167474556302674,0.07282522502520554,1.9659423239762661,LinearRegression,"{'mode': 'original', 'type': 'LinearRegression'}",7,"['edges_T6W30', 're_T6W30', 'l1_T6W30', 'l2_T6W30', 'lcc_T6W30', 'atd_T6W30', 'density_T6W30']",0.06348369380992878,0.08822646086096227,398,0.07585507733544553,0.012371383525516741,0.1256996145632123,1.9659423239762661,3.4906561184278826,3.528962921009675,398,3.509809519718779,0.019153401290896137,0.1946084004973579,1.9659423239762661,completed,3.0186519622802734,False,COMPLETE
