number,value,datetime_start,datetime_complete,duration,params_et_max_depth,params_et_max_features,params_et_min_samples_leaf,params_et_min_samples_split,params_et_n_estimators,params_regressor,params_rfe_n_features,params_use_scaler,user_attrs_d2mae_ci_lower_val,user_attrs_d2mae_ci_upper_val,user_attrs_d2mae_df_val,user_attrs_d2mae_mean_val,user_attrs_d2mae_samperror_val,user_attrs_d2mae_std_val,user_attrs_d2mae_t_critical_val,user_attrs_mae_ci_lower_val,user_attrs_mae_ci_upper_val,user_attrs_mae_df_val,user_attrs_mae_mean_val,user_attrs_mae_samperror_val,user_attrs_mae_std_val,user_attrs_mae_t_critical_val,user_attrs_mape_ci_lower_val,user_attrs_mape_ci_upper_val,user_attrs_mape_df_val,user_attrs_mape_mean_val,user_attrs_mape_samperror_val,user_attrs_mape_std_val,user_attrs_mape_t_critical_val,user_attrs_max_error_ci_lower_val,user_attrs_max_error_ci_upper_val,user_attrs_max_error_df_val,user_attrs_max_error_mean_val,user_attrs_max_error_samperror_val,user_attrs_max_error_std_val,user_attrs_max_error_t_critical_val,user_attrs_median_ae_ci_lower_val,user_attrs_median_ae_ci_upper_val,user_attrs_median_ae_df_val,user_attrs_median_ae_mean_val,user_attrs_median_ae_samperror_val,user_attrs_median_ae_std_val,user_attrs_median_ae_t_critical_val,user_attrs_n_splits_val,user_attrs_r2_below_zero_val,user_attrs_r2_ci_lower_val,user_attrs_r2_ci_upper_val,user_attrs_r2_df_val,user_attrs_r2_mean_val,user_attrs_r2_samperror_val,user_attrs_r2_std_val,user_attrs_r2_t_critical_val,user_attrs_regressor_final,user_attrs_rfe_estimator,user_attrs_rfe_n_features,user_attrs_rfe_selected_features,user_attrs_rho_ci_lower_val,user_attrs_rho_ci_upper_val,user_attrs_rho_df_val,user_attrs_rho_mean_val,user_attrs_rho_samperror_val,user_attrs_rho_std_val,user_attrs_rho_t_critical_val,user_attrs_rmse_ci_lower_val,user_attrs_rmse_ci_upper_val,user_attrs_rmse_df_val,user_attrs_rmse_mean_val,user_attrs_rmse_samperror_val,user_attrs_rmse_std_val,user_attrs_rmse_t_critical_val,user_attrs_termination_reason,user_attrs_trial_time_seconds,user_attrs_use_scaler_final,state
143,2.977608180757209,2026-06-14 00:12:24.440506,2026-06-14 00:12:26.237407,0 days 00:00:01.796901,14,log2,1,3,270,ExtraTreesRegressor,10,False,,,,,,,,,,,,,,,,,,,,,,,,,,,,,,,,,,,,,,,,,,,,,ExtraTreesRegressor,"{'mode': 'original', 'type': 'ExtraTreesRegressor'}",10,"['nodes_T6W30', 're_T6W30', 'pe_T6W30', 'l1_T6W30', 'l2_T6W30', 'l3_T6W30', 'lcc_T6W30', 'atd_T6W30', 'density_T6W30', 'asp_T6W30']",,,,,,,,,,,,,,,pruned,,False,PRUNED
144,2.966314561356583,2026-06-14 00:12:26.243483,2026-06-14 00:12:28.690441,0 days 00:00:02.446958,10,,1,11,353,ExtraTreesRegressor,10,True,,,,,,,,,,,,,,,,,,,,,,,,,,,,,,,,,,,,,,,,,,,,,ExtraTreesRegressor,"{'mode': 'original', 'type': 'ExtraTreesRegressor'}",10,"['nodes_T6W30', 're_T6W30', 'l1_T6W30', 'l2_T6W30', 'l3_T6W30', 'lsc_T6W30', 'atd_T6W30', 'density_T6W30', 'diameter_T6W30', 'asp_T6W30']",,,,,,,,,,,,,,,pruned,,True,PRUNED
145,2.87678169844322,2026-06-14 00:12:28.695852,2026-06-14 00:13:21.968752,0 days 00:00:53.272900,12,sqrt,5,2,441,ExtraTreesRegressor,9,False,-0.023384075843721517,-0.017943655059661046,398.0,-0.02066386545169128,0.002720210392030235,0.027638735562905695,1.9659423239762661,2.8638297444124485,2.8897336524739914,398.0,2.87678169844322,0.012951954030771587,0.13159850926539196,1.9659423239762661,924690458200116.0,1035711496656311.8,398.0,980200977428213.9,55510519228097.92,564015403514397.5,1.9659423239762661,8.397084871247381,8.608479850048349,398.0,8.502782360647865,0.1056974894004832,1.073940812726118,1.9659423239762661,2.5914019103778,2.6362732090870953,398.0,2.6138375597324477,0.0224356493546475,0.22795772764928315,1.9659423239762661,399.0,0.7694235588972431,-0.03999452699164334,-0.030954568671321358,398.0,-0.03547454783148235,0.0045199791601609925,0.045925311190468276,1.9659423239762661,ExtraTreesRegressor,"{'mode': 'original', 'type': 'ExtraTreesRegressor'}",9,"['nodes_T6W30', 're_T6W30', 'l1_T6W30', 'l3_T6W30', 'lcc_T6W30', 'atd_T6W30', 'density_T6W30', 'diameter_T6W30', 'asp_T6W30']",0.008633240676156385,0.02987096065742551,398.0,0.019252100666790947,0.010618859990634562,0.10789307478588801,1.9659423239762661,3.490013631746244,3.5266483570546363,398.0,3.50833099440044,0.018317362654195948,0.18611381828863297,1.9659423239762661,completed,53.265042781829834,False,COMPLETE
146,2.9491710078116466,2026-06-14 00:13:21.980294,2026-06-14 00:13:37.201139,0 days 00:00:15.220845,14,sqrt,1,12,98,ExtraTreesRegressor,11,False,-0.04991937503110086,-0.042891641799944646,398.0,-0.04640550841552275,0.0035138666155781063,0.035702690672687575,1.9659423239762661,2.9349563658292896,2.9633856497940037,398.0,2.9491710078116466,0.014214641982357102,0.14442806777843484,1.9659423239762661,935546239358781.4,1048696897773124.9,398.0,992121568565953.1,56575329207171.78,574834420132593.9,1.9659423239762661,8.6805128703612,8.913135122504967,398.0,8.796823996433083,0.1163111260718838,1.181780815904203,1.9659423239762661,2.654838149734459,2.7032748098513735,398.0,2.679056479792916,0.024218330058457506,0.2460706797613901,1.9659423239762661,399.0,0.9624060150375939,-0.10509752024550728,-0.09257389002137031,398.0,-0.0988357051334388,0.006261815112068483,0.06362325963217035,1.9659423239762661,ExtraTreesRegressor,"{'mode': 'original', 'type': 'ExtraTreesRegressor'}",11,"['nodes_T6W30', 'edges_T6W30', 'pe_T6W30', 'l1_T6W30', 'l2_T6W30', 'l3_T6W30', 'lcc_T6W30', 'atd_T6W30', 'density_T6W30', 'diameter_T6W30', 'asp_T6W30']",-0.053818697880919655,-0.03290110073337309,398.0,-0.04335989930714637,0.010458798573773282,0.10626676853126367,1.9659423239762661,3.593903186821474,3.6319967137523035,398.0,3.6129499502868887,0.019046763465414698,0.19352490538678854,1.9659423239762661,completed,15.213373899459839,False,COMPLETE
147,2.857401241293482,2026-06-14 00:13:37.212612,2026-06-14 00:14:29.762624,0 days 00:00:52.550012,9,sqrt,4,5,446,ExtraTreesRegressor,7,False,-0.01636249282968458,-0.01125310081066113,398.0,-0.013807796820172856,0.0025546960095117243,0.025957024374797015,1.9659423239762661,2.8449127168249184,2.8698897657620455,398.0,2.857401241293482,0.012488524468563356,0.12688982674604218,1.9659423239762661,925827886863114.6,1037018118086808.1,398.0,981423002474961.4,55595115611846.77,564874946249350.2,1.9659423239762661,8.340019399938111,8.551403936638089,398.0,8.4457116682881,0.10569226834998872,1.0738877641698739,1.9659423239762661,2.593467751014691,2.6338505971304897,398.0,2.6136591740725903,0.020191423057899394,0.20515523511382686,1.9659423239762661,399.0,0.6716791979949874,-0.026573322396540672,-0.01806099394552537,398.0,-0.02231715817103302,0.004256164225507649,0.04324481587371192,1.9659423239762661,ExtraTreesRegressor,"{'mode': 'original', 'type': 'ExtraTreesRegressor'}",7,"['nodes_T6W30', 'l1_T6W30', 'lcc_T6W30', 'atd_T6W30', 'density_T6W30', 'diameter_T6W30', 'asp_T6W30']",0.04064599507302133,0.062319545722396716,398.0,0.05148277039770902,0.010836775324687695,0.11010720657166566,1.9659423239762661,3.468091012697045,3.503775514021838,398.0,3.4859332633594415,0.017842250662396458,0.18128643628076158,1.9659423239762661,completed,52.54258680343628,False,COMPLETE
148,2.8360550818361596,2026-06-14 00:14:29.774219,2026-06-14 00:15:03.954748,0 days 00:00:34.180529,2,log2,2,5,295,ExtraTreesRegressor,7,True,-0.008024687561202821,-0.004402288214953351,398.0,-0.006213487888078086,0.001811199673124735,0.018402719496911392,1.9659423239762661,2.82456374104503,2.847546422627289,398.0,2.8360550818361596,0.011491340791129344,0.11675792810724814,1.9659423239762661,929572236451574.6,1040519651017156.6,398.0,985045943734365.6,55473707282790.95,563641375231557.1,1.9659423239762661,8.164862885164448,8.361311245244702,398.0,8.263087065204575,0.098224180040127,0.9980081489160545,1.9659423239762661,2.5477663729458464,2.5829234890291004,398.0,2.5653449309874734,0.017578558041627005,0.17860718373592552,1.9659423239762661,399.0,0.3609022556390977,0.0008023924101025607,0.006273723663906189,398.0,0.0035380580370043746,0.002735665626901814,0.027795768692008387,1.9659423239762661,ExtraTreesRegressor,"{'mode': 'original', 'type': 'ExtraTreesRegressor'}",7,"['nodes_T6W30', 'l1_T6W30', 'lcc_T6W30', 'atd_T6W30', 'density_T6W30', 'diameter_T6W30', 'asp_T6W30']",0.11438551823344627,0.13724347391938677,398.0,0.1258144960764165,0.011428977842970246,0.11612428850417093,1.9659423239762661,3.4250836949789742,3.4591756184364884,398.0,3.4421296567077313,0.017045961728757043,0.1731957314834382,1.9659423239762661,completed,34.17301893234253,True,COMPLETE
149,2.8487363811283206,2026-06-14 00:15:03.977005,2026-06-14 00:15:23.539688,0 days 00:00:19.562683,3,sqrt,4,8,152,ExtraTreesRegressor,12,False,-0.012772401829770437,-0.008653554209405537,398.0,-0.010712978019587987,0.00205942381018245,0.02092480429761985,1.9659423239762661,2.8368815561591125,2.8605912060975287,398.0,2.8487363811283206,0.011854824969208243,0.12045111415956844,1.9659423239762661,926361622791241.0,1036883365614939.0,398.0,981622494203090.0,55260871411849.016,561478853401444.5,1.9659423239762661,8.21479890316502,8.416527683087809,398.0,8.315663293126415,0.10086438996139448,1.0248340385818937,1.9659423239762661,2.5509691395699083,2.5864776828458624,398.0,2.5687234112078854,0.01775427163797726,0.18039252417817978,1.9659423239762661,399.0,0.518796992481203,-0.009741930913441676,-0.0033758994284810726,398.0,-0.006558915170961375,0.003183015742480302,0.0323410757699955,1.9659423239762661,ExtraTreesRegressor,"{'mode': 'original', 'type': 'ExtraTreesRegressor'}",12,"['nodes_T6W30', 're_T6W30', 'pe_T6W30', 'l1_T6W30', 'l2_T6W30', 'l3_T6W30', 'lcc_T6W30', 'lsc_T6W30', 'atd_T6W30', 'density_T6W30', 'diameter_T6W30', 'asp_T6W30']",0.07315337385799689,0.09503128416125872,398.0,0.0840923290096278,0.010938955151630915,0.11114540612601678,1.9659423239762661,3.4420728949412926,3.4767664104530964,398.0,3.4594196526971945,0.017346757755901877,0.1762519737053583,1.9659423239762661,completed,19.555114030838013,False,COMPLETE
150,2.9621894569692926,2026-06-14 00:15:23.551345,2026-06-14 00:15:24.046728,0 days 00:00:00.495383,8,,2,6,61,ExtraTreesRegressor,11,True,,,,,,,,,,,,,,,,,,,,,,,,,,,,,,,,,,,,,,,,,,,,,ExtraTreesRegressor,"{'mode': 'original', 'type': 'ExtraTreesRegressor'}",11,"['re_T6W30', 'pe_T6W30', 'l1_T6W30', 'l2_T6W30', 'l3_T6W30', 'lcc_T6W30', 'lsc_T6W30', 'atd_T6W30', 'density_T6W30', 'diameter_T6W30', 'asp_T6W30']",,,,,,,,,,,,,,,pruned,,True,PRUNED
151,2.848627835637416,2026-06-14 00:15:24.053256,2026-06-14 00:16:17.210647,0 days 00:00:53.157391,2,log2,1,4,480,ExtraTreesRegressor,13,True,-0.012410330695274068,-0.008948134472628523,398.0,-0.010679232583951296,0.0017310981113227732,0.017588846462933377,1.9659423239762661,2.8372310638671996,2.8600246074076328,398.0,2.848627835637416,0.011396771770216517,0.11579705825353741,1.9659423239762661,931218045235814.4,1042113481496632.6,398.0,986665763366223.5,55447718130409.13,563377312086923.4,1.9659423239762661,8.171677688478027,8.364023073896902,398.0,8.267850381187465,0.09617269270943789,0.9771639833288298,1.9659423239762661,2.555346420674387,2.5903346313965816,398.0,2.5728405260354843,0.01749410536109722,0.17774910109953096,1.9659423239762661,399.0,0.46365914786967416,-0.004342192936481273,0.0006524158012602827,398.0,-0.001844888567610495,0.0024973043688707778,0.025373895810975693,1.9659423239762661,ExtraTreesRegressor,"{'mode': 'original', 'type': 'ExtraTreesRegressor'}",13,"['nodes_T6W30', 'edges_T6W30', 're_T6W30', 'pe_T6W30', 'l1_T6W30', 'l2_T6W30', 'l3_T6W30', 'lcc_T6W30', 'lsc_T6W30', 'atd_T6W30', 'density_T6W30', 'diameter_T6W30', 'asp_T6W30']",0.08911474293559474,0.11152334198619526,398.0,0.100319042460895,0.011204299525300266,0.11384144132919034,1.9659423239762661,3.4345034367957594,3.4684232547922664,398.0,3.451463345794013,0.016959908998253517,0.1723213915170072,1.9659423239762661,completed,53.149914026260376,True,COMPLETE
152,2.8717559430912507,2026-06-14 00:16:17.222202,2026-06-14 00:16:44.029634,0 days 00:00:26.807432,3,,2,7,208,ExtraTreesRegressor,8,False,-0.02174096936371285,-0.016097167084849484,398.0,-0.018919068224281167,0.0028219011394316823,0.028671965817762983,1.9659423239762661,2.858881768337027,2.8846301178454743,398.0,2.8717559430912507,0.012874174754223486,0.13080823184307003,1.9659423239762661,913134994520129.9,1022975278894236.1,398.0,968055136707183.0,54920142187053.164,558016869368783.75,1.9659423239762661,8.336176924252987,8.5565222763332,398.0,8.446349600293093,0.11017267604010574,1.1194110088879894,1.9659423239762661,2.5475906831484174,2.588631488352198,398.0,2.5681110857503078,0.020520402601890288,0.20849783635107286,1.9659423239762661,399.0,0.6867167919799498,-0.03504552389833177,-0.02515435552981147,398.0,-0.03009993971407162,0.004945584184260151,0.05024967696371321,1.9659423239762661,ExtraTreesRegressor,"{'mode': 'original', 'type': 'ExtraTreesRegressor'}",8,"['nodes_T6W30', 'l1_T6W30', 'l2_T6W30', 'l3_T6W30', 'atd_T6W30', 'density_T6W30', 'diameter_T6W30', 'asp_T6W30']",0.04664065583845385,0.06833775211303146,398.0,0.057489203975742656,0.010848548137288808,0.1102268243980173,1.9659423239762661,3.4807011394951393,3.516790289359282,398.0,3.4987457144272107,0.018044574932071445,0.18334215483984384,1.9659423239762661,completed,26.80001473426819,False,COMPLETE
153,2.921763907877813,2026-06-14 00:16:44.041269,2026-06-14 00:17:31.046937,0 days 00:00:47.005668,7,log2,1,6,372,ExtraTreesRegressor,8,False,-0.040162679264082235,-0.033130163444210936,398.0,-0.036646421354146586,0.003516257909935652,0.03572698745230246,1.9659423239762661,2.907404416115824,2.9361233996398015,398.0,2.921763907877813,0.014359491761988896,0.1458998159811907,1.9659423239762661,916542369674147.4,1027167495399447.1,398.0,971854932536797.2,55312562862649.83,562004065107028.8,1.9659423239762661,8.62389621840262,8.850853000714899,398.0,8.73737460955876,0.11347839115613963,1.1529987733513734,1.9659423239762661,2.6210400820855235,2.668157013036281,398.0,2.644598547560902,0.023558465475378553,0.2393661164774324,1.9659423239762661,399.0,0.8696741854636592,-0.08220671822653444,-0.06904369461902324,398.0,-0.07562520642277884,0.006581511803755598,0.06687154231933454,1.9659423239762661,ExtraTreesRegressor,"{'mode': 'original', 'type': 'ExtraTreesRegressor'}",8,"['nodes_T6W30', 'l1_T6W30', 'l3_T6W30', 'lcc_T6W30', 'atd_T6W30', 'density_T6W30', 'diameter_T6W30', 'asp_T6W30']",-0.022199921824803768,-0.0002459663021810547,398.0,-0.011222944063492411,0.010976977761311357,0.11153173538108038,1.9659423239762661,3.5550541682174903,3.593853362020632,398.0,3.574453765119061,0.019399596901570726,0.19710987442750655,1.9659423239762661,completed,46.99809503555298,False,COMPLETE
154,2.8779726317145076,2026-06-14 00:17:31.058417,2026-06-14 00:18:08.719291,0 days 00:00:37.660874,6,sqrt,3,12,305,ExtraTreesRegressor,9,True,-0.02393657126368044,-0.018261485597083762,398.0,-0.0210990284303821,0.002837542833298337,0.028830893466081295,1.9659423239762661,2.8649086982916487,2.8910365651373664,398.0,2.8779726317145076,0.013063933422858687,0.13273627743783115,1.9659423239762661,919590944953135.0,1030054271370580.5,398.0,974822608161857.8,55231663208722.8,561182083046901.9,1.9659423239762661,8.397009079763183,8.61143659032523,398.0,8.504222835044207,0.10721375528102402,1.0893468533169879,1.9659423239762661,2.580796042043484,2.6223080493708033,398.0,2.6015520457071437,0.020756003663659636,0.21089166421955724,1.9659423239762661,399.0,0.7593984962406015,-0.04149682820489728,-0.03176414846497774,398.0,-0.03663048833493751,0.004866339869959767,0.04944451400491082,1.9659423239762661,ExtraTreesRegressor,"{'mode': 'original', 'type': 'ExtraTreesRegressor'}",9,"['nodes_T6W30', 'l1_T6W30', 'l2_T6W30', 'l3_T6W30', 'lcc_T6W30', 'atd_T6W30', 'density_T6W30', 'diameter_T6W30', 'asp_T6W30']",0.014101437946817947,0.03570132312170873,398.0,0.02490138053426334,0.010799942587445393,0.10973296703207688,1.9659423239762661,3.4917159068154957,3.5282876953431552,398.0,3.5100018010793255,0.01828589426382969,0.18579408327016841,1.9659423239762661,completed,37.653427839279175,True,COMPLETE
155,3.031663359009933,2026-06-14 00:18:08.730739,2026-06-14 00:18:11.957119,0 days 00:00:03.226380,18,,2,4,419,ExtraTreesRegressor,12,True,,,,,,,,,,,,,,,,,,,,,,,,,,,,,,,,,,,,,,,,,,,,,ExtraTreesRegressor,"{'mode': 'original', 'type': 'ExtraTreesRegressor'}",12,"['nodes_T6W30', 're_T6W30', 'pe_T6W30', 'l1_T6W30', 'l2_T6W30', 'l3_T6W30', 'lcc_T6W30', 'lsc_T6W30', 'atd_T6W30', 'density_T6W30', 'diameter_T6W30', 'asp_T6W30']",,,,,,,,,,,,,,,pruned,,True,PRUNED
156,2.8585112942998996,2026-06-14 00:18:11.963303,2026-06-14 00:18:59.462938,0 days 00:00:47.499635,7,sqrt,3,11,402,ExtraTreesRegressor,7,True,-0.016789436634515424,-0.011599183555660893,398.0,-0.014194310095088158,0.0025951265394272647,0.02636781933693587,1.9659423239762661,2.845904615985941,2.8711179726138583,398.0,2.8585112942998996,0.012606678313958796,0.12809033053729035,1.9659423239762661,919149478640806.1,1029549907938303.6,398.0,974349693289554.9,55200214648748.695,560862549515412.94,1.9659423239762661,8.38138638904041,8.590826853259342,398.0,8.486106621149876,0.10472023210946597,1.0640113764139556,1.9659423239762661,2.5650637059819883,2.604635328620025,398.0,2.5848495173010066,0.019785811319018215,0.2010340113934145,1.9659423239762661,399.0,0.681704260651629,-0.028953470194488656,-0.020095791130213585,398.0,-0.02452463066235112,0.004428839532137536,0.044999285730958925,1.9659423239762661,ExtraTreesRegressor,"{'mode': 'original', 'type': 'ExtraTreesRegressor'}",7,"['nodes_T6W30', 'l1_T6W30', 'l3_T6W30', 'lcc_T6W30', 'atd_T6W30', 'density_T6W30', 'asp_T6W30']",0.029455368888672912,0.05118635122970701,398.0,0.04032086005918996,0.010865491170517046,0.1103989743230381,1.9659423239762661,3.471626417643202,3.507714626999649,398.0,3.4896705223214255,0.018044104678223795,0.18333737681907725,1.9659423239762661,completed,47.492045164108276,True,COMPLETE
157,2.9694112540614226,2026-06-14 00:18:59.474361,2026-06-14 00:19:02.155443,0 days 00:00:02.681082,18,log2,1,4,382,ExtraTreesRegressor,8,True,,,,,,,,,,,,,,,,,,,,,,,,,,,,,,,,,,,,,,,,,,,,,ExtraTreesRegressor,"{'mode': 'original', 'type': 'ExtraTreesRegressor'}",8,"['nodes_T6W30', 're_T6W30', 'pe_T6W30', 'l1_T6W30', 'l3_T6W30', 'atd_T6W30', 'density_T6W30', 'asp_T6W30']",,,,,,,,,,,,,,,pruned,,True,PRUNED
158,2.900344982953684,2026-06-14 00:19:02.165999,2026-06-14 00:19:04.013883,0 days 00:00:01.847884,11,sqrt,1,12,318,ExtraTreesRegressor,10,False,,,,,,,,,,,,,,,,,,,,,,,,,,,,,,,,,,,,,,,,,,,,,ExtraTreesRegressor,"{'mode': 'original', 'type': 'ExtraTreesRegressor'}",10,"['nodes_T6W30', 're_T6W30', 'l1_T6W30', 'l2_T6W30', 'l3_T6W30', 'lcc_T6W30', 'atd_T6W30', 'density_T6W30', 'diameter_T6W30', 'asp_T6W30']",,,,,,,,,,,,,,,pruned,,False,PRUNED
159,2.8502780416178912,2026-06-14 00:19:04.019291,2026-06-14 00:19:18.890381,0 days 00:00:14.871090,3,sqrt,3,9,107,ExtraTreesRegressor,12,False,-0.013366402718367983,-0.009143649842770805,398.0,-0.011255026280569394,0.0021113764377985885,0.021452669693872845,1.9659423239762661,2.838314298120019,2.8622417851157635,398.0,2.8502780416178912,0.01196374349787228,0.12155778238657985,1.9659423239762661,925472428403493.4,1035827944254034.6,398.0,980650186328764.0,55177757925270.68,560634377663839.75,1.9659423239762661,8.222169072994257,8.423016786934854,398.0,8.322592929964555,0.10042385697029854,1.0203579969921293,1.9659423239762661,2.5542859986880457,2.589370227768572,398.0,2.571828113228309,0.017542114540263352,0.1782368990329013,1.9659423239762661,399.0,0.5363408521303258,-0.011395111086539247,-0.004802270497844009,398.0,-0.008098690792191629,0.0032964202943476196,0.0334933242982247,1.9659423239762661,ExtraTreesRegressor,"{'mode': 'original', 'type': 'ExtraTreesRegressor'}",12,"['nodes_T6W30', 're_T6W30', 'pe_T6W30', 'l1_T6W30', 'l2_T6W30', 'l3_T6W30', 'lcc_T6W30', 'lsc_T6W30', 'atd_T6W30', 'density_T6W30', 'diameter_T6W30', 'asp_T6W30']",0.07222199004261738,0.09417924385812652,398.0,0.08320061695037195,0.010978626907754573,0.11154849155647849,1.9659423239762661,3.444614546435105,3.4794547786269376,398.0,3.462034662531021,0.01742011609591627,0.17699733214047492,1.9659423239762661,completed,14.86365008354187,False,COMPLETE
160,2.9037976537003436,2026-06-14 00:19:18.902231,2026-06-14 00:19:40.154334,0 days 00:00:21.252103,8,log2,3,2,152,ExtraTreesRegressor,8,False,-0.03352045229717323,-0.02705040323587396,398.0,-0.030285427766523595,0.003235024530649635,0.03286951178633118,1.9659423239762661,2.8900856031832522,2.917509704217435,398.0,2.9037976537003436,0.013712050517091238,0.13932148019779958,1.9659423239762661,922333883224321.1,1033626429212228.1,398.0,977980156218274.6,55646272993953.53,565394731542532.6,1.9659423239762661,8.554213408489801,8.771532002988351,398.0,8.662872705739076,0.10865929724927458,1.1040343026123127,1.9659423239762661,2.6209479571769085,2.667609045136138,398.0,2.6442785011565233,0.023330543979614746,0.23705031694627327,1.9659423239762661,399.0,0.8521303258145363,-0.06847257487333848,-0.05688664918783502,398.0,-0.06267961203058675,0.005792962842751727,0.05885947962174164,1.9659423239762661,ExtraTreesRegressor,"{'mode': 'original', 'type': 'ExtraTreesRegressor'}",8,"['nodes_T6W30', 'l1_T6W30', 'l3_T6W30', 'lcc_T6W30', 'atd_T6W30', 'density_T6W30', 'diameter_T6W30', 'asp_T6W30']",-0.012019442133625562,0.009954224680705564,398.0,-0.0010326087264599987,0.010986833407165563,0.11163187380800654,1.9659423239762661,3.5344851172959166,3.5721113148490944,398.0,3.5532982160725055,0.018813098776588922,0.19115075206255827,1.9659423239762661,completed,21.244709968566895,False,COMPLETE
