number,value,datetime_start,datetime_complete,duration,params_et_max_depth,params_et_max_features,params_et_min_samples_leaf,params_et_min_samples_split,params_et_n_estimators,params_regressor,params_rfe_n_features,params_use_scaler,user_attrs_d2mae_ci_lower_val,user_attrs_d2mae_ci_upper_val,user_attrs_d2mae_df_val,user_attrs_d2mae_mean_val,user_attrs_d2mae_samperror_val,user_attrs_d2mae_std_val,user_attrs_d2mae_t_critical_val,user_attrs_mae_ci_lower_val,user_attrs_mae_ci_upper_val,user_attrs_mae_df_val,user_attrs_mae_mean_val,user_attrs_mae_samperror_val,user_attrs_mae_std_val,user_attrs_mae_t_critical_val,user_attrs_mape_ci_lower_val,user_attrs_mape_ci_upper_val,user_attrs_mape_df_val,user_attrs_mape_mean_val,user_attrs_mape_samperror_val,user_attrs_mape_std_val,user_attrs_mape_t_critical_val,user_attrs_max_error_ci_lower_val,user_attrs_max_error_ci_upper_val,user_attrs_max_error_df_val,user_attrs_max_error_mean_val,user_attrs_max_error_samperror_val,user_attrs_max_error_std_val,user_attrs_max_error_t_critical_val,user_attrs_median_ae_ci_lower_val,user_attrs_median_ae_ci_upper_val,user_attrs_median_ae_df_val,user_attrs_median_ae_mean_val,user_attrs_median_ae_samperror_val,user_attrs_median_ae_std_val,user_attrs_median_ae_t_critical_val,user_attrs_n_splits_val,user_attrs_r2_below_zero_val,user_attrs_r2_ci_lower_val,user_attrs_r2_ci_upper_val,user_attrs_r2_df_val,user_attrs_r2_mean_val,user_attrs_r2_samperror_val,user_attrs_r2_std_val,user_attrs_r2_t_critical_val,user_attrs_regressor_final,user_attrs_rfe_estimator,user_attrs_rfe_n_features,user_attrs_rfe_selected_features,user_attrs_rho_ci_lower_val,user_attrs_rho_ci_upper_val,user_attrs_rho_df_val,user_attrs_rho_mean_val,user_attrs_rho_samperror_val,user_attrs_rho_std_val,user_attrs_rho_t_critical_val,user_attrs_rmse_ci_lower_val,user_attrs_rmse_ci_upper_val,user_attrs_rmse_df_val,user_attrs_rmse_mean_val,user_attrs_rmse_samperror_val,user_attrs_rmse_std_val,user_attrs_rmse_t_critical_val,user_attrs_termination_reason,user_attrs_trial_time_seconds,user_attrs_use_scaler_final,state
112,2.8643913553162133,2026-06-13 23:57:29.895458,2026-06-13 23:58:24.614947,0 days 00:00:54.719489,17,log2,3,9,438,ExtraTreesRegressor,5,False,-0.01928558709780143,-0.01335964770384601,398.0,-0.01632261740082372,0.0029629696969777097,0.030105294860868798,1.9659423239762661,2.8513868746060016,2.877395836026425,398.0,2.8643913553162133,0.01300448071021176,0.13213220732319586,1.9659423239762661,917929295400980.5,1028636345270755.2,398.0,973282820335867.9,55353524934887.36,562420260812331.2,1.9659423239762661,8.472657147571976,8.692436184158176,398.0,8.582546665865076,0.10988951829309947,1.1165339806570027,1.9659423239762661,2.5930055337093036,2.6352234563171506,398.0,2.614114495013227,0.021108961303923344,0.2144778952378407,1.9659423239762661,399.0,0.7493734335839599,-0.04496318437537112,-0.034433167255900975,398.0,-0.03969817581563605,0.005265008559735073,0.05349519277821185,1.9659423239762661,ExtraTreesRegressor,"{'mode': 'original', 'type': 'ExtraTreesRegressor'}",5,"['nodes_T6W30', 'l1_T6W30', 'lcc_T6W30', 'atd_T6W30', 'density_T6W30']",0.03334793389602667,0.05547071536573716,398.0,0.044409324630881916,0.011061390734855242,0.1123894145740919,1.9659423239762661,3.496537812424134,3.5332093101902498,398.0,3.514873561307192,0.018335748883057622,0.18630063182298154,1.9659423239762661,completed,54.71096706390381,False,COMPLETE
113,2.902301054073647,2026-06-13 23:58:24.628535,2026-06-13 23:58:38.732877,0 days 00:00:14.104342,6,sqrt,1,9,86,ExtraTreesRegressor,9,True,-0.032969745156265794,-0.026506786654355467,398.0,-0.02973826590531063,0.003231479250955163,0.03283348992263301,1.9659423239762661,2.888499977624848,2.9161021305224457,398.0,2.902301054073647,0.013801076448798884,0.14022602941646223,1.9659423239762661,917247332667108.9,1027269465460042.6,398.0,972258399063575.8,55011066396466.83,558940706064508.94,1.9659423239762661,8.454566585189747,8.678396400838599,398.0,8.566481493014173,0.1119149078244259,1.1371129791904317,1.9659423239762661,2.5938518017715353,2.6365397747633965,398.0,2.615195788267466,0.02134398649593081,0.2168658719735914,1.9659423239762661,399.0,0.8095238095238095,-0.0597853335033221,-0.048241678847492905,398.0,-0.054013506175407504,0.005771827327914602,0.05864473192895998,1.9659423239762661,ExtraTreesRegressor,"{'mode': 'original', 'type': 'ExtraTreesRegressor'}",9,"['nodes_T6W30', 'l1_T6W30', 'l2_T6W30', 'l3_T6W30', 'lcc_T6W30', 'atd_T6W30', 'density_T6W30', 'diameter_T6W30', 'asp_T6W30']",-0.000593599738914069,0.021590046542111507,398.0,0.010498223401598719,0.011091823140512788,0.11269862345549912,1.9659423239762661,3.5200318343104153,3.5574966195281807,398.0,3.538764226919298,0.018732392608882563,0.19033073592187044,1.9659423239762661,completed,14.096243143081665,True,COMPLETE
114,2.9257056864319275,2026-06-13 23:58:38.746166,2026-06-13 23:58:41.056654,0 days 00:00:02.310488,12,,5,4,355,ExtraTreesRegressor,12,True,,,,,,,,,,,,,,,,,,,,,,,,,,,,,,,,,,,,,,,,,,,,,ExtraTreesRegressor,"{'mode': 'original', 'type': 'ExtraTreesRegressor'}",12,"['nodes_T6W30', 're_T6W30', 'pe_T6W30', 'l1_T6W30', 'l2_T6W30', 'l3_T6W30', 'lcc_T6W30', 'lsc_T6W30', 'atd_T6W30', 'density_T6W30', 'diameter_T6W30', 'asp_T6W30']",,,,,,,,,,,,,,,pruned,,True,PRUNED
115,2.8395465997508365,2026-06-13 23:58:41.063017,2026-06-13 23:59:26.043175,0 days 00:00:44.980158,14,log2,4,8,364,ExtraTreesRegressor,2,False,-0.009156207930168853,-0.005738399991472616,398.0,-0.007447303960820734,0.001708903969348119,0.01736334257438113,1.9659423239762661,2.8281414756350993,2.8509517238665736,398.0,2.8395465997508365,0.011405124115737035,0.11588192237649202,1.9659423239762661,929976689809476.5,1041164047069463.2,398.0,985570368439469.9,55593678629993.31,564860345775220.5,1.9659423239762661,8.247855128084906,8.453918787790949,398.0,8.350886957937927,0.10303182985302156,1.046856341778987,1.9659423239762661,2.539513405196892,2.5694943066065448,398.0,2.5545038559017184,0.014990450704826524,0.15231068310501053,1.9659423239762661,399.0,0.42606516290726815,-0.003707487712371823,0.0016397903394404201,398.0,-0.0010338486864657015,0.0026736390259061217,0.027165546548968085,1.9659423239762661,ExtraTreesRegressor,"{'mode': 'original', 'type': 'ExtraTreesRegressor'}",2,"['nodes_T6W30', 'density_T6W30']",0.08700262273882053,0.10953453415407446,398.0,0.0982685784464475,0.01126595570762697,0.1144678998281869,1.9659423239762661,3.432867968889921,3.4674329194193065,398.0,3.450150444154614,0.017282475264692766,0.17559883055839481,1.9659423239762661,completed,44.97176122665405,False,COMPLETE
116,2.8479559550416824,2026-06-13 23:59:26.057142,2026-06-13 23:59:52.635126,0 days 00:00:26.577984,16,sqrt,5,3,201,ExtraTreesRegressor,5,True,-0.012780781723568323,-0.008089056690981639,398.0,-0.010434919207274981,0.0023458625162933416,0.02383516875927131,1.9659423239762661,2.835676668641082,2.860235241442283,398.0,2.8479559550416824,0.012279286400600475,0.12476386044319192,1.9659423239762661,921493501309720.8,1032244782123728.2,398.0,976869141716724.5,55375640407003.78,562644965374693.5,1.9659423239762661,8.324909649436286,8.543305915426611,398.0,8.434107782431449,0.10919813299516201,1.1095091507108485,1.9659423239762661,2.5729893106283743,2.6103235130258247,398.0,2.5916564118270995,0.018667101198725063,0.1896673416398842,1.9659423239762661,399.0,0.6115288220551378,-0.019906857169188736,-0.011877613256091313,398.0,-0.015892235212640025,0.004014621956548711,0.04079062228685567,1.9659423239762661,ExtraTreesRegressor,"{'mode': 'original', 'type': 'ExtraTreesRegressor'}",5,"['nodes_T6W30', 'lcc_T6W30', 'atd_T6W30', 'density_T6W30', 'asp_T6W30']",0.050089435282831773,0.0720158310394498,398.0,0.06105263316114079,0.010963197878309018,0.11139172468797179,1.9659423239762661,3.4572510137162817,3.493121002116494,398.0,3.475186007916388,0.01793499420010595,0.1822287582869678,1.9659423239762661,completed,26.569528818130493,True,COMPLETE
117,2.8586803568120387,2026-06-13 23:59:52.648019,2026-06-14 00:00:34.770995,0 days 00:00:42.122976,6,sqrt,3,8,334,ExtraTreesRegressor,8,False,-0.01679970654513227,-0.01172679644994169,398.0,-0.01426325149753698,0.0025364550475952896,0.025771686827268166,1.9659423239762661,2.846225430779596,2.8711352828444814,398.0,2.8586803568120387,0.012454926032442566,0.1265484493680311,1.9659423239762661,919791704150995.9,1030138667895948.4,398.0,974965186023472.1,55173481872476.23,560590930769884.3,1.9659423239762661,8.331688351060238,8.537863790302596,398.0,8.434776070681417,0.1030877196211787,1.0474242105465252,1.9659423239762661,2.560085503686212,2.5991646185993655,398.0,2.5796250611427887,0.019539557456577063,0.19853194559538062,1.9659423239762661,399.0,0.6766917293233082,-0.026448669469796706,-0.01789849958273616,398.0,-0.022173584526266433,0.004275084943530272,0.043437060092622236,1.9659423239762661,ExtraTreesRegressor,"{'mode': 'original', 'type': 'ExtraTreesRegressor'}",8,"['nodes_T6W30', 'l1_T6W30', 'l3_T6W30', 'lcc_T6W30', 'atd_T6W30', 'density_T6W30', 'diameter_T6W30', 'asp_T6W30']",0.03468321584081322,0.05637531016691758,398.0,0.0455292630038654,0.010846047163052182,0.1102014132144639,1.9659423239762661,3.467847100355565,3.503473869559809,398.0,3.485660484957687,0.017813384602121844,0.18099314227342655,1.9659423239762661,completed,42.11424899101257,False,COMPLETE
118,2.875391630530217,2026-06-14 00:00:34.784463,2026-06-14 00:01:17.804849,0 days 00:00:43.020386,19,sqrt,5,3,335,ExtraTreesRegressor,10,True,-0.02281505475779594,-0.017518838884247392,398.0,-0.020166946821021665,0.002648107936774272,0.02690613756236337,1.9659423239762661,2.8625434364235827,2.8882398246368512,398.0,2.875391630530217,0.01284819410663446,0.13054425511150175,1.9659423239762661,923997899551284.8,1035017596617316.0,398.0,979507748084300.4,55509848533015.68,564008588907676.0,1.9659423239762661,8.392183093068873,8.606226978836485,398.0,8.499205035952679,0.10702194288380555,1.0873979407843617,1.9659423239762661,2.5917666622076467,2.6335807104922324,398.0,2.6126736863499396,0.02090702414229263,0.21242610989543212,1.9659423239762661,399.0,0.7518796992481203,-0.036118129097340454,-0.027469673694759486,398.0,-0.03179390139604997,0.004324227701290482,0.04393637576708103,1.9659423239762661,ExtraTreesRegressor,"{'mode': 'original', 'type': 'ExtraTreesRegressor'}",10,"['nodes_T6W30', 're_T6W30', 'l1_T6W30', 'l2_T6W30', 'l3_T6W30', 'lcc_T6W30', 'atd_T6W30', 'density_T6W30', 'diameter_T6W30', 'asp_T6W30']",0.009500388152148318,0.031317927347159526,398.0,0.020409157749653923,0.010908769597505604,0.11083870538303987,1.9659423239762661,3.4839355526779876,3.5205208543227915,398.0,3.5022282035003895,0.018292650822401918,0.18586273337761605,1.9659423239762661,completed,43.01202201843262,True,COMPLETE
119,2.8365054483162195,2026-06-14 00:01:17.817896,2026-06-14 00:01:44.201920,0 days 00:00:26.384024,13,sqrt,5,2,205,ExtraTreesRegressor,3,False,-0.007890227385649737,-0.0048131424258103786,398.0,-0.0063516849057300585,0.00153854247991968,0.015632382289025727,1.9659423239762661,2.8251863226325638,2.8478245739998753,398.0,2.8365054483162195,0.01131912568365584,0.11500813410993713,1.9659423239762661,934054810643632.0,1045551651487690.8,398.0,989803231065661.4,55748420422029.414,566432601907741.1,1.9659423239762661,8.213456675077257,8.412470730770881,398.0,8.312963702924069,0.09950702784681138,1.011042541917524,1.9659423239762661,2.5346346530567962,2.562818458832466,398.0,2.548726555944631,0.014091902887834722,0.14318097549958994,1.9659423239762661,399.0,0.3508771929824561,0.0017459246077800032,0.006174722031044225,398.0,0.003960323319412114,0.0022143987116321107,0.022499428941582657,1.9659423239762661,ExtraTreesRegressor,"{'mode': 'original', 'type': 'ExtraTreesRegressor'}",3,"['nodes_T6W30', 'atd_T6W30', 'density_T6W30']",0.10049927545565823,0.12329470749059993,398.0,0.11189699147312908,0.01139771601747085,0.11580665229091221,1.9659423239762661,3.4245157838425335,3.4588745670255623,398.0,3.441695175434048,0.017179391591514364,0.17455144746178647,1.9659423239762661,completed,26.37593698501587,False,COMPLETE
120,2.8857273906828778,2026-06-14 00:01:44.214892,2026-06-14 00:01:55.428287,0 days 00:00:11.213395,8,sqrt,4,7,59,ExtraTreesRegressor,13,True,-0.026528078987639543,-0.02115216308293389,398.0,-0.023840121035286717,0.002687957952352827,0.02731103420049853,1.9659423239762661,2.8728304741642243,2.898624307201531,398.0,2.8857273906828778,0.012896916518653361,0.13103929985720333,1.9659423239762661,929856152447281.0,1041155577684552.2,398.0,985505865065916.6,55649712618635.6,565429679897006.2,1.9659423239762661,8.407328217861755,8.619531077751562,398.0,8.513429647806658,0.10610142994490392,1.0780450562519461,1.9659423239762661,2.5777769524746668,2.619874547840769,398.0,2.598825750157718,0.021048797683050922,0.21386660193028195,1.9659423239762661,399.0,0.8245614035087719,-0.044663857723339404,-0.035760046190737305,398.0,-0.040211951957038354,0.004451905766301051,0.045233650524338614,1.9659423239762661,ExtraTreesRegressor,"{'mode': 'original', 'type': 'ExtraTreesRegressor'}",13,"['nodes_T6W30', 'edges_T6W30', 're_T6W30', 'pe_T6W30', 'l1_T6W30', 'l2_T6W30', 'l3_T6W30', 'lcc_T6W30', 'lsc_T6W30', 'atd_T6W30', 'density_T6W30', 'diameter_T6W30', 'asp_T6W30']",-0.004879582300495568,0.01696135873009883,398.0,0.006040888214801631,0.010920470515297199,0.11095759272117837,1.9659423239762661,3.498049523649659,3.5348035483491524,398.0,3.516426535999406,0.018377012349746646,0.1867198898508047,1.9659423239762661,completed,11.205140829086304,True,COMPLETE
121,2.8857722315426617,2026-06-14 00:01:55.441089,2026-06-14 00:02:14.275068,0 days 00:00:18.833979,17,log2,2,9,123,ExtraTreesRegressor,5,False,-0.027176529005241253,-0.0206175673021655,398.0,-0.023897048153703377,0.003279480851537877,0.033321210853701023,1.9659423239762661,2.872067382160327,2.8994770809249966,398.0,2.8857722315426617,0.013704849382334686,0.13924831296784107,1.9659423239762661,919335929081136.6,1031006104749922.9,398.0,975171016915529.8,55835087834393.13,567313187357771.1,1.9659423239762661,8.541031552478676,8.758687508611965,398.0,8.64985953054532,0.10882797806664397,1.1057481864058114,1.9659423239762661,2.6228223944921294,2.671122252440591,398.0,2.6469723234663602,0.02414992897423066,0.24537568959272493,1.9659423239762661,399.0,0.8145363408521303,-0.060956558034998005,-0.04928084687031401,398.0,-0.05511870245265601,0.005837855582341996,0.05931561292740987,1.9659423239762661,ExtraTreesRegressor,"{'mode': 'original', 'type': 'ExtraTreesRegressor'}",5,"['nodes_T6W30', 'l1_T6W30', 'atd_T6W30', 'density_T6W30', 'asp_T6W30']",0.017233868778142005,0.0390438284349975,398.0,0.02813884860656975,0.010904979828427745,0.11080019938155765,1.9659423239762661,3.5218679977395433,3.5591060953931835,398.0,3.5404870465663634,0.018619048826820018,0.18917910484608877,1.9659423239762661,completed,18.82567811012268,False,COMPLETE
122,2.9219292912167214,2026-06-14 00:02:14.288128,2026-06-14 00:02:51.277670,0 days 00:00:36.989542,19,,4,6,244,ExtraTreesRegressor,6,True,-0.04048644265481861,-0.032932643123089224,398.0,-0.036709542888953915,0.0037768997658646883,0.03837524265850032,1.9659423239762661,2.907079264362943,2.9367793180704997,398.0,2.9219292912167214,0.014850026853778123,0.1508839046112504,1.9659423239762661,924281169806001.0,1036541728626379.5,398.0,980411449216190.2,56130279410189.195,570312485473728.8,1.9659423239762661,8.662442800075725,8.877190345839976,398.0,8.76981657295785,0.10737377288212609,1.0909727143809809,1.9659423239762661,2.6238897860141703,2.67209844583767,398.0,2.64799411592592,0.024104329911749926,0.2449123796834937,1.9659423239762661,399.0,0.8671679197994987,-0.08044308433062404,-0.0673645010630076,398.0,-0.07390379269681582,0.006539291633808213,0.0664425636947342,1.9659423239762661,ExtraTreesRegressor,"{'mode': 'original', 'type': 'ExtraTreesRegressor'}",6,"['l1_T6W30', 'l2_T6W30', 'l3_T6W30', 'atd_T6W30', 'density_T6W30', 'asp_T6W30']",0.0011545760830787063,0.023297070673706004,398.0,0.012225823378392354,0.011071247295313648,0.11248956229386675,1.9659423239762661,3.552162413498099,3.591227382916383,398.0,3.571694898207241,0.01953248470914225,0.19846008284659225,1.9659423239762661,completed,36.98027420043945,True,COMPLETE
123,2.8332940351271296,2026-06-14 00:02:51.293452,2026-06-14 00:03:11.727500,0 days 00:00:20.434048,2,,2,9,146,ExtraTreesRegressor,4,True,-0.007630722675777308,-0.0028638141656496556,398.0,-0.005247268420713482,0.002383454255063826,0.02421712014445509,1.9659423239762661,2.821102435639302,2.845485634614957,398.0,2.8332940351271296,0.012191599487827645,0.12387291634506024,1.9659423239762661,914509583160480.9,1023949651183638.9,398.0,969229617172059.9,54720034011579.055,555983667465685.1,1.9659423239762661,8.262611345888292,8.486036011447464,398.0,8.374323678667878,0.11171233277958575,1.1350547126267923,1.9659423239762661,2.5276315375228395,2.564420846791886,398.0,2.546026192157363,0.018394654634523274,0.1868991445309189,1.9659423239762661,399.0,0.43859649122807015,-0.006405553388330031,0.001898996655901822,398.0,-0.0022532783662141047,0.004152275022115927,0.04218924817615538,1.9659423239762661,ExtraTreesRegressor,"{'mode': 'original', 'type': 'ExtraTreesRegressor'}",4,"['nodes_T6W30', 'atd_T6W30', 'density_T6W30', 'asp_T6W30']",0.12106075414112803,0.145113405419599,398.0,0.13308707978036352,0.012026325639235485,0.12219364910525929,1.9659423239762661,3.433796731099504,3.4696163170370418,398.0,3.451706524068273,0.017909792968769028,0.18197270082508124,1.9659423239762661,completed,20.425372838974,True,COMPLETE
124,2.915693812922904,2026-06-14 00:03:11.740341,2026-06-14 00:03:14.368741,0 days 00:00:02.628400,18,,4,10,397,ExtraTreesRegressor,9,True,,,,,,,,,,,,,,,,,,,,,,,,,,,,,,,,,,,,,,,,,,,,,ExtraTreesRegressor,"{'mode': 'original', 'type': 'ExtraTreesRegressor'}",9,"['nodes_T6W30', 're_T6W30', 'l1_T6W30', 'l2_T6W30', 'l3_T6W30', 'lsc_T6W30', 'atd_T6W30', 'density_T6W30', 'asp_T6W30']",,,,,,,,,,,,,,,pruned,,True,PRUNED
125,2.853653518610431,2026-06-14 00:03:14.374575,2026-06-14 00:03:30.137251,0 days 00:00:15.762676,4,log2,3,9,102,ExtraTreesRegressor,8,True,-0.015129587311795773,-0.009856132376580933,398.0,-0.012492859844188353,0.0026367274676074195,0.026790506146938304,1.9659423239762661,2.841129007278639,2.866178029942223,398.0,2.853653518610431,0.012524511331792004,0.12725547177093774,1.9659423239762661,916214994928774.6,1026013217503799.4,398.0,971114106216287.0,54899111287512.39,557803184621177.25,1.9659423239762661,8.297546901076018,8.506263773281901,398.0,8.40190533717896,0.10435843610294146,1.0603353430522189,1.9659423239762661,2.5454539439126225,2.5839953183311395,398.0,2.564724631121881,0.01927068720925849,0.1958000857039019,1.9659423239762661,399.0,0.5964912280701754,-0.023627838055151326,-0.014598708950198333,398.0,-0.01911327350267483,0.0045145645524764955,0.04587029599369999,1.9659423239762661,ExtraTreesRegressor,"{'mode': 'original', 'type': 'ExtraTreesRegressor'}",8,"['nodes_T6W30', 'l1_T6W30', 'l3_T6W30', 'lcc_T6W30', 'atd_T6W30', 'density_T6W30', 'diameter_T6W30', 'asp_T6W30']",0.05755758117799183,0.07931259779013311,398.0,0.06843508948406248,0.01087750830607064,0.11052107459615024,1.9659423239762661,3.462403291863114,3.498247018866913,398.0,3.4803251553650134,0.01792186350189943,0.18209534364501603,1.9659423239762661,completed,15.754632234573364,True,COMPLETE
126,2.945443963087033,2026-06-14 00:03:30.149848,2026-06-14 00:03:31.730419,0 days 00:00:01.580571,10,,1,2,189,ExtraTreesRegressor,5,False,,,,,,,,,,,,,,,,,,,,,,,,,,,,,,,,,,,,,,,,,,,,,ExtraTreesRegressor,"{'mode': 'original', 'type': 'ExtraTreesRegressor'}",5,"['l1_T6W30', 'l2_T6W30', 'l3_T6W30', 'density_T6W30', 'asp_T6W30']",,,,,,,,,,,,,,,pruned,,False,PRUNED
127,2.8371613923869883,2026-06-14 00:03:31.736529,2026-06-14 00:04:20.284481,0 days 00:00:48.547952,2,log2,1,7,401,ExtraTreesRegressor,7,False,-0.008432944887531577,-0.00477533331819326,398.0,-0.006604139102862418,0.0018288057846691584,0.018581606638396118,1.9659423239762661,2.8256326977567676,2.848690087017209,398.0,2.8371613923869883,0.01152869463022083,0.11713746230943106,1.9659423239762661,927044173653290.2,1037658054954264.8,398.0,982351114303777.5,55306940650487.31,561946940542071.06,1.9659423239762661,8.172659896957741,8.370489307504316,398.0,8.271574602231029,0.09891470527328833,1.005024240162076,1.9659423239762661,2.5501480936384042,2.586259956082803,398.0,2.5682040248606035,0.018055931222199065,0.18345754058380412,1.9659423239762661,399.0,0.37343358395989973,0.00010330676012870917,0.005700734709672929,398.0,0.002902020734900819,0.00279871397477211,0.028436372308394332,1.9659423239762661,ExtraTreesRegressor,"{'mode': 'original', 'type': 'ExtraTreesRegressor'}",7,"['nodes_T6W30', 'l1_T6W30', 'lcc_T6W30', 'atd_T6W30', 'density_T6W30', 'diameter_T6W30', 'asp_T6W30']",0.11435222794800726,0.13751659860011844,398.0,0.12593441327406285,0.011582185326055592,0.1176809552692346,1.9659423239762661,3.426126084236889,3.460320392013631,398.0,3.44322323812526,0.017097153888370988,0.17371587013396658,1.9659423239762661,completed,48.53974723815918,False,COMPLETE
