number,value,datetime_start,datetime_complete,duration,params_et_max_depth,params_et_max_features,params_et_min_samples_leaf,params_et_min_samples_split,params_et_n_estimators,params_regressor,params_rfe_n_features,params_use_scaler,user_attrs_d2mae_ci_lower_val,user_attrs_d2mae_ci_upper_val,user_attrs_d2mae_df_val,user_attrs_d2mae_mean_val,user_attrs_d2mae_samperror_val,user_attrs_d2mae_std_val,user_attrs_d2mae_t_critical_val,user_attrs_mae_ci_lower_val,user_attrs_mae_ci_upper_val,user_attrs_mae_df_val,user_attrs_mae_mean_val,user_attrs_mae_samperror_val,user_attrs_mae_std_val,user_attrs_mae_t_critical_val,user_attrs_mape_ci_lower_val,user_attrs_mape_ci_upper_val,user_attrs_mape_df_val,user_attrs_mape_mean_val,user_attrs_mape_samperror_val,user_attrs_mape_std_val,user_attrs_mape_t_critical_val,user_attrs_max_error_ci_lower_val,user_attrs_max_error_ci_upper_val,user_attrs_max_error_df_val,user_attrs_max_error_mean_val,user_attrs_max_error_samperror_val,user_attrs_max_error_std_val,user_attrs_max_error_t_critical_val,user_attrs_median_ae_ci_lower_val,user_attrs_median_ae_ci_upper_val,user_attrs_median_ae_df_val,user_attrs_median_ae_mean_val,user_attrs_median_ae_samperror_val,user_attrs_median_ae_std_val,user_attrs_median_ae_t_critical_val,user_attrs_n_splits_val,user_attrs_r2_below_zero_val,user_attrs_r2_ci_lower_val,user_attrs_r2_ci_upper_val,user_attrs_r2_df_val,user_attrs_r2_mean_val,user_attrs_r2_samperror_val,user_attrs_r2_std_val,user_attrs_r2_t_critical_val,user_attrs_regressor_final,user_attrs_rfe_estimator,user_attrs_rfe_n_features,user_attrs_rfe_selected_features,user_attrs_rho_ci_lower_val,user_attrs_rho_ci_upper_val,user_attrs_rho_df_val,user_attrs_rho_mean_val,user_attrs_rho_samperror_val,user_attrs_rho_std_val,user_attrs_rho_t_critical_val,user_attrs_rmse_ci_lower_val,user_attrs_rmse_ci_upper_val,user_attrs_rmse_df_val,user_attrs_rmse_mean_val,user_attrs_rmse_samperror_val,user_attrs_rmse_std_val,user_attrs_rmse_t_critical_val,user_attrs_termination_reason,user_attrs_trial_time_seconds,user_attrs_use_scaler_final,state
477,2.8501219249123944,2026-06-14 02:38:32.400669,2026-06-14 02:38:52.528882,0 days 00:00:20.128213,17,log2,5,5,155,ExtraTreesRegressor,4,False,-0.013726751948209102,-0.008710879391437573,398.0,-0.011218815669823337,0.002507936278385765,0.02548192147563546,1.9659423239762661,2.8376718621281083,2.8625719876966804,398.0,2.8501219249123944,0.012450062784286047,0.12649903626742368,1.9659423239762661,915898148963778.2,1026300018100762.5,398.0,971099083532270.4,55200934568492.086,560869864269989.44,1.9659423239762661,8.377661259168791,8.6059471586979,398.0,8.491804208933345,0.11414294976455505,1.1597510303451193,1.9659423239762661,2.561169440242375,2.596834564667947,398.0,2.579002002455161,0.01783256221278617,0.18118799665359972,1.9659423239762661,399.0,0.6641604010025063,-0.0262189741883182,-0.017351330080098447,398.0,-0.021785152134208324,0.004433822054109877,0.04504991071483273,1.9659423239762661,ExtraTreesRegressor,"{'mode': 'original', 'type': 'ExtraTreesRegressor'}",4,"['nodes_T6W30', 'lcc_T6W30', 'atd_T6W30', 'density_T6W30']",0.042993593635152524,0.06538606001322196,398.0,0.05418982682418724,0.011196233189034715,0.11375948320725307,1.9659423239762661,3.4668531431266443,3.5033355186735156,398.0,3.48509433090008,0.018241187773435502,0.18533984235205017,1.9659423239762661,completed,20.12078094482422,False,COMPLETE
478,2.8753096283519373,2026-06-14 02:38:52.540593,2026-06-14 02:39:29.633766,0 days 00:00:37.093173,7,log2,2,6,300,ExtraTreesRegressor,5,False,-0.02323151441820274,-0.017182310363336787,398.0,-0.020206912390769764,0.003024602027432977,0.030731511012593513,1.9659423239762661,2.862238090899058,2.8883811658048164,398.0,2.8753096283519373,0.01307153745287907,0.1328135382907275,1.9659423239762661,917228051735876.0,1027593669829275.2,398.0,972410860782575.6,55182809046699.66,560685699653447.9,1.9659423239762661,8.43207543486447,8.643550768024811,398.0,8.537813101444641,0.10573766658016971,1.0743490335197274,1.9659423239762661,2.6021098024693985,2.646916981184757,398.0,2.6245133918270778,0.022403589357679058,0.22763198160369988,1.9659423239762661,399.0,0.7518796992481203,-0.045441061456947505,-0.03465120915119068,398.0,-0.04004613530406909,0.005394926152878412,0.05481522229224438,1.9659423239762661,ExtraTreesRegressor,"{'mode': 'original', 'type': 'ExtraTreesRegressor'}",5,"['l1_T6W30', 'lcc_T6W30', 'atd_T6W30', 'density_T6W30', 'asp_T6W30']",0.029454471614441466,0.051242919878223686,398.0,0.040348695746332576,0.010894224131891112,0.11069091597714091,1.9659423239762661,3.4971404442754794,3.533309867905934,398.0,3.5152251560907066,0.018084711815227104,0.18374996619999037,1.9659423239762661,completed,37.085808753967285,False,COMPLETE
479,2.9165553591748385,2026-06-14 02:39:29.646345,2026-06-14 02:39:42.045166,0 days 00:00:12.398821,7,log2,2,5,77,ExtraTreesRegressor,9,False,-0.038159320611473445,-0.03142849545028487,398.0,-0.03479390803087916,0.0033654125805942844,0.034194321383243804,1.9659423239762661,2.9024517845140796,2.9306589338355975,398.0,2.9165553591748385,0.014103574660758782,0.14329956671089605,1.9659423239762661,916028813479989.0,1026516320494661.0,398.0,971272566987325.0,55243753507335.945,561304926694299.3,1.9659423239762661,8.546021327828242,8.760477083155596,398.0,8.65324920549192,0.1072278776636768,1.0894903439825636,1.9659423239762661,2.6053384584908783,2.6540707003204136,398.0,2.629704579405646,0.024366120914767538,0.24757231081468514,1.9659423239762661,399.0,0.8796992481203008,-0.07429443146791676,-0.062432277272813724,398.0,-0.06836335437036524,0.005931077097551514,0.06026279143066022,1.9659423239762661,ExtraTreesRegressor,"{'mode': 'original', 'type': 'ExtraTreesRegressor'}",9,"['nodes_T6W30', 're_T6W30', 'l1_T6W30', 'l3_T6W30', 'lcc_T6W30', 'atd_T6W30', 'density_T6W30', 'diameter_T6W30', 'asp_T6W30']",-0.01943046036028615,0.0025083192872081776,398.0,-0.008461070536538988,0.010969389823747165,0.11145463803580925,1.9659423239762661,3.543730481715394,3.5819263623967377,398.0,3.5628284220560658,0.019097940340672057,0.194044888740399,1.9659423239762661,completed,12.391642808914185,False,COMPLETE
480,2.8737130052802007,2026-06-14 02:39:42.057734,2026-06-14 02:40:35.843156,0 days 00:00:53.785422,5,log2,3,11,460,ExtraTreesRegressor,12,True,-0.022090389771759283,-0.017076214815084922,398.0,-0.019583302293422103,0.002507087478337179,0.025473297230923588,1.9659423239762661,2.8611702648939414,2.88625574566646,398.0,2.8737130052802007,0.012542740386259086,0.12744068833266164,1.9659423239762661,925772744335624.5,1036548063996505.8,398.0,981160404166065.1,55387659830440.586,562767088893874.9,1.9659423239762661,8.330992131250431,8.54478812295403,398.0,8.43789012710223,0.10689799585179892,1.0861385752398893,1.9659423239762661,2.5618625688822787,2.6001105151115214,398.0,2.5809865419969,0.019123973114621193,0.19430939510257494,1.9659423239762661,399.0,0.7293233082706767,-0.03234613969554285,-0.02410144034964573,398.0,-0.02822379002259429,0.004122349672948558,0.04188519124927656,1.9659423239762661,ExtraTreesRegressor,"{'mode': 'original', 'type': 'ExtraTreesRegressor'}",12,"['nodes_T6W30', 're_T6W30', 'pe_T6W30', 'l1_T6W30', 'l2_T6W30', 'l3_T6W30', 'lcc_T6W30', 'lsc_T6W30', 'atd_T6W30', 'density_T6W30', 'diameter_T6W30', 'asp_T6W30']",0.019673690094405685,0.04069444112139596,398.0,0.030184065607900823,0.010510375513495138,0.10679081674543593,1.9659423239762661,3.4781716737693613,3.5141072674057408,398.0,3.496139470587551,0.01796779681818972,0.18256204974473322,1.9659423239762661,completed,53.77783918380737,True,COMPLETE
481,2.8546971230484326,2026-06-14 02:40:35.856604,2026-06-14 02:40:45.198016,0 days 00:00:09.341412,11,sqrt,5,10,55,ExtraTreesRegressor,4,False,-0.015098687584592591,-0.010553736538563856,398.0,-0.012826212061578223,0.002272475523014368,0.023089519192261,1.9659423239762661,2.8425116487808038,2.8668825973160614,398.0,2.8546971230484326,0.012185474267628659,0.1238106809599443,1.9659423239762661,928951619898331.4,1040527155123738.1,398.0,984739387511034.8,55787767612703.4,566832389586432.2,1.9659423239762661,8.278582942613,8.50439836916517,398.0,8.391490655889084,0.11290771327608506,1.1472003928052805,1.9659423239762661,2.5611002018634617,2.597353758587314,398.0,2.5792269802253878,0.01812677836192589,0.18417738393343436,1.9659423239762661,399.0,0.606516290726817,-0.016698168858477393,-0.009227295825310186,398.0,-0.012962732341893789,0.0037354365165836027,0.03795395473686884,1.9659423239762661,ExtraTreesRegressor,"{'mode': 'original', 'type': 'ExtraTreesRegressor'}",4,"['nodes_T6W30', 'l2_T6W30', 'atd_T6W30', 'asp_T6W30']",0.05767417543981455,0.07964292414515621,398.0,0.06865854979248538,0.010984374352670833,0.11160688855057435,1.9659423239762661,3.4524944474946078,3.488102715965826,398.0,3.470298581730217,0.017804134235609177,0.18089915379567767,1.9659423239762661,completed,9.334214210510254,False,COMPLETE
482,2.8854352664667777,2026-06-14 02:40:45.209693,2026-06-14 02:40:46.551357,0 days 00:00:01.341664,9,sqrt,1,7,220,ExtraTreesRegressor,8,False,,,,,,,,,,,,,,,,,,,,,,,,,,,,,,,,,,,,,,,,,,,,,ExtraTreesRegressor,"{'mode': 'original', 'type': 'ExtraTreesRegressor'}",8,"['nodes_T6W30', 'l1_T6W30', 'l3_T6W30', 'lcc_T6W30', 'atd_T6W30', 'density_T6W30', 'diameter_T6W30', 'asp_T6W30']",,,,,,,,,,,,,,,pruned,,False,PRUNED
483,2.8557148976246105,2026-06-14 02:40:46.556998,2026-06-14 02:41:26.488946,0 days 00:00:39.931948,4,log2,1,8,341,ExtraTreesRegressor,5,True,-0.015996510812889636,-0.010405605443213783,398.0,-0.01320105812805171,0.002795452684837926,0.028403235926609684,1.9659423239762661,2.8427841033143846,2.8686456919348364,398.0,2.8557148976246105,0.012930794310225813,0.13138351563017056,1.9659423239762661,911651188765516.0,1020794762576863.0,398.0,966222975671189.5,54571786905673.56,554477400682022.94,1.9659423239762661,8.36134914910308,8.590572033514164,398.0,8.475960591308622,0.1146114422055411,1.164511154314784,1.9659423239762661,2.5470517897621425,2.585767941944793,398.0,2.5664098658534678,0.019358076091325154,0.19668800165689393,1.9659423239762661,399.0,0.6215538847117794,-0.02837579219071113,-0.018120023414820705,398.0,-0.023247907802765918,0.0051278843879452125,0.05210194072150098,1.9659423239762661,ExtraTreesRegressor,"{'mode': 'original', 'type': 'ExtraTreesRegressor'}",5,"['nodes_T6W30', 'lcc_T6W30', 'atd_T6W30', 'density_T6W30', 'asp_T6W30']",0.06481617779267507,0.08737481739475855,398.0,0.07609549759371681,0.011279319801041736,0.11460368588540175,1.9659423239762661,3.468690381304425,3.5057079983831914,398.0,3.487199189843808,0.018508808539383245,0.18805900687066351,1.9659423239762661,completed,39.92458915710449,True,COMPLETE
484,2.8440338977856197,2026-06-14 02:41:26.500655,2026-06-14 02:41:51.426795,0 days 00:00:24.926140,2,sqrt,2,3,208,ExtraTreesRegressor,3,True,-0.010470478970947585,-0.007601224736940977,398.0,-0.00903585185394428,0.0014346271170033041,0.014576548797254714,1.9659423239762661,2.832893744167131,2.8551740514041084,398.0,2.8440338977856197,0.01114015361848879,0.11318968594990075,1.9659423239762661,939305243846850.2,1051091826479548.5,398.0,995198535163199.4,55893291316349.17,567904564646578.0,1.9659423239762661,8.141577406296442,8.324499934322876,398.0,8.233038670309659,0.09146126401321729,0.9292934464615922,1.9659423239762661,2.537407873951037,2.564379596656881,398.0,2.550893735303959,0.013485861352921992,0.137023282045927,1.9659423239762661,399.0,0.3057644110275689,0.0029569040055409364,0.006716795054348469,398.0,0.0048368495299447025,0.0018799455244037661,0.01910121267601063,1.9659423239762661,ExtraTreesRegressor,"{'mode': 'original', 'type': 'ExtraTreesRegressor'}",3,"['lcc_T6W30', 'atd_T6W30', 'asp_T6W30']",0.12899935776167248,0.15315582418463836,398.0,0.14107759097315542,0.01207823321148293,0.12272105671581138,1.9659423239762661,3.4233240204458584,3.456896945569099,398.0,3.4401104830074787,0.01678646256162035,0.17055908658262509,1.9659423239762661,completed,24.918877124786377,True,COMPLETE
485,2.9276341700207213,2026-06-14 02:41:51.438611,2026-06-14 02:42:41.557190,0 days 00:00:50.118579,8,log2,1,8,399,ExtraTreesRegressor,12,True,-0.042087673128102916,-0.03545356313456372,398.0,-0.03877061813133332,0.003317054996769595,0.0337029834794892,1.9659423239762661,2.9138837885309488,2.941384551510494,398.0,2.9276341700207213,0.01375038148977245,0.13971094257942598,1.9659423239762661,926170813313113.9,1037260787764260.6,398.0,981715800538687.2,55544987225573.34,564365616082659.6,1.9659423239762661,8.540584945419138,8.764801796308678,398.0,8.652693370863908,0.11210842544477012,1.13907921766637,1.9659423239762661,2.610457433715855,2.6564840971941286,398.0,2.633470765454992,0.023013331739136826,0.23382727756021218,1.9659423239762661,399.0,0.9273182957393483,-0.08436565704650578,-0.0726206003810928,398.0,-0.07849312871379929,0.005872528332706493,0.05966790589025225,1.9659423239762661,ExtraTreesRegressor,"{'mode': 'original', 'type': 'ExtraTreesRegressor'}",12,"['nodes_T6W30', 'edges_T6W30', 'pe_T6W30', 'l1_T6W30', 'l2_T6W30', 'l3_T6W30', 'lcc_T6W30', 'lsc_T6W30', 'atd_T6W30', 'density_T6W30', 'diameter_T6W30', 'asp_T6W30']",-0.04114766645102323,-0.020072498882194548,398.0,-0.03061008266660889,0.010537583784414344,0.10706726676094323,1.9659423239762661,3.5608700735845007,3.598076436730838,398.0,3.5794732551576693,0.01860318157316876,0.1890178853944384,1.9659423239762661,completed,50.1098427772522,True,COMPLETE
486,2.9453261631409946,2026-06-14 02:42:41.569765,2026-06-14 02:42:42.168051,0 days 00:00:00.598286,8,,4,5,81,ExtraTreesRegressor,11,False,,,,,,,,,,,,,,,,,,,,,,,,,,,,,,,,,,,,,,,,,,,,,ExtraTreesRegressor,"{'mode': 'original', 'type': 'ExtraTreesRegressor'}",11,"['nodes_T6W30', 're_T6W30', 'l1_T6W30', 'l2_T6W30', 'l3_T6W30', 'lcc_T6W30', 'lsc_T6W30', 'atd_T6W30', 'density_T6W30', 'diameter_T6W30', 'asp_T6W30']",,,,,,,,,,,,,,,pruned,,False,PRUNED
487,2.8780416472736414,2026-06-14 02:42:42.173569,2026-06-14 02:43:00.929197,0 days 00:00:18.755628,6,log2,4,5,138,ExtraTreesRegressor,11,True,-0.023716055042818478,-0.018518360581710004,398.0,-0.02111720781226424,0.0025988472305542385,0.0264056234709363,1.9659423239762661,2.8653310766406026,2.8907522179066802,398.0,2.8780416472736414,0.012710570633038713,0.12914592989184018,1.9659423239762661,926212043345871.5,1037463671013193.0,398.0,981837857179532.2,55625813833660.695,565186855959515.5,1.9659423239762661,8.379963955690437,8.596380165956015,398.0,8.488172060823226,0.10820810513278842,1.0994499588306093,1.9659423239762661,2.572183858184184,2.611777132558455,398.0,2.5919804953713195,0.019796637187135615,0.20114400777715466,1.9659423239762661,399.0,0.7593984962406015,-0.03796801071528621,-0.029254513341621397,398.0,-0.033611262028453805,0.004356748686832407,0.0442668056934837,1.9659423239762661,ExtraTreesRegressor,"{'mode': 'original', 'type': 'ExtraTreesRegressor'}",11,"['nodes_T6W30', 're_T6W30', 'pe_T6W30', 'l1_T6W30', 'l2_T6W30', 'l3_T6W30', 'lcc_T6W30', 'atd_T6W30', 'density_T6W30', 'diameter_T6W30', 'asp_T6W30']",0.008978234468714421,0.030530346559645156,398.0,0.01975429051417979,0.010776056045465368,0.10949026748970606,1.9659423239762661,3.4870503933663253,3.5233818079010533,398.0,3.5052161006336893,0.018165707267364183,0.18457292161916433,1.9659423239762661,completed,18.74825096130371,True,COMPLETE
488,2.8600891496907628,2026-06-14 02:43:00.940926,2026-06-14 02:43:49.361286,0 days 00:00:48.420360,5,log2,5,3,411,ExtraTreesRegressor,10,False,-0.01723161460748681,-0.01224707052445241,398.0,-0.01473934256596961,0.0024922720415172,0.025322764778832364,1.9659423239762661,2.847547225493645,2.8726310738878804,398.0,2.8600891496907628,0.012541924197117757,0.127432395431527,1.9659423239762661,920991319062354.4,1031409851696513.9,398.0,976200585379434.1,55209266317079.695,560954519117520.44,1.9659423239762661,8.318610937197027,8.530321314586603,398.0,8.424466125891815,0.1058551886947885,1.0755431186016233,1.9659423239762661,2.562087069051288,2.601432114850756,398.0,2.581759591951022,0.019672522899734132,0.1998829428319142,1.9659423239762661,399.0,0.6466165413533834,-0.023729917835465603,-0.01566444465114286,398.0,-0.019697181243304232,0.004032736592161372,0.04097467629421613,1.9659423239762661,ExtraTreesRegressor,"{'mode': 'original', 'type': 'ExtraTreesRegressor'}",10,"['nodes_T6W30', 're_T6W30', 'l1_T6W30', 'l2_T6W30', 'l3_T6W30', 'lcc_T6W30', 'atd_T6W30', 'density_T6W30', 'diameter_T6W30', 'asp_T6W30']",0.03823842448994784,0.05983005655953194,398.0,0.04903424052473989,0.010795816034792054,0.10969103913638684,1.9659423239762661,3.46368849362643,3.499778984584152,398.0,3.481733739105291,0.018045245478861324,0.18334896793983874,1.9659423239762661,completed,48.4129638671875,False,COMPLETE
489,2.9094016063885144,2026-06-14 02:43:49.373928,2026-06-14 02:44:29.430071,0 days 00:00:40.056143,6,log2,1,6,325,ExtraTreesRegressor,12,True,-0.035245409606220975,-0.029326009879778382,398.0,-0.03228570974299968,0.0029596998632212945,0.030072071669459414,1.9659423239762661,2.896258773232864,2.922544439544165,398.0,2.9094016063885144,0.013142833155650572,0.1335379392714187,1.9659423239762661,923630223117597.8,1034125510604735.0,398.0,978877866861166.4,55247643743568.65,561344453493707.2,1.9659423239762661,8.457267777438243,8.684276682230625,398.0,8.570772229834434,0.1135044523961897,1.1532635689437643,1.9659423239762661,2.5825905219732923,2.6258459398172946,398.0,2.6042182308952935,0.021627708922000957,0.2197486376340689,1.9659423239762661,399.0,0.8696741854636592,-0.06365084218049287,-0.053187261039782746,398.0,-0.05841905161013781,0.005231790570355061,0.053157680934607605,1.9659423239762661,ExtraTreesRegressor,"{'mode': 'original', 'type': 'ExtraTreesRegressor'}",12,"['nodes_T6W30', 'edges_T6W30', 're_T6W30', 'pe_T6W30', 'l1_T6W30', 'l2_T6W30', 'l3_T6W30', 'lcc_T6W30', 'atd_T6W30', 'density_T6W30', 'diameter_T6W30', 'asp_T6W30']",-0.020950238318258253,5.374292111768805e-05,398.0,-0.010448247698570282,0.01050199061968797,0.10670562191516166,1.9659423239762661,3.5280574019169033,3.5648641600393094,398.0,3.5464607809781064,0.01840337906120305,0.1869877891896728,1.9659423239762661,completed,40.04873585700989,True,COMPLETE
490,2.887517703151395,2026-06-14 02:44:29.442755,2026-06-14 02:44:44.569706,0 days 00:00:15.126951,7,sqrt,1,12,105,ExtraTreesRegressor,8,False,-0.027641253294459742,-0.02136332461760795,398.0,-0.024502288956033846,0.0031389643384258973,0.0318934908657537,1.9659423239762661,2.873983571844773,2.9010518344580176,398.0,2.887517703151395,0.013534131306622316,0.1375137295825829,1.9659423239762661,914594934899161.4,1024402116489378.4,398.0,969498525694269.9,54903590795108.54,557848698720478.06,1.9659423239762661,8.4578885951817,8.679186989973829,398.0,8.568537792577764,0.1106491973960639,1.1242527107600182,1.9659423239762661,2.5768400582429267,2.6203431856005235,398.0,2.598591621921725,0.021751563678798238,0.22100706561499178,1.9659423239762661,399.0,0.7644110275689223,-0.05266232049787245,-0.04138847315764249,398.0,-0.04702539682775747,0.00563692367011498,0.057274041435564124,1.9659423239762661,ExtraTreesRegressor,"{'mode': 'original', 'type': 'ExtraTreesRegressor'}",8,"['nodes_T6W30', 'l1_T6W30', 'l3_T6W30', 'lcc_T6W30', 'atd_T6W30', 'density_T6W30', 'diameter_T6W30', 'asp_T6W30']",0.011006910088260288,0.03320082025171352,398.0,0.022103865169986903,0.011096955081726615,0.11275076661565649,1.9659423239762661,3.508427575719087,3.545744451864051,398.0,3.527086013791569,0.01865843807248202,0.18957931982507129,1.9659423239762661,completed,15.119699001312256,False,COMPLETE
491,2.8820247933946828,2026-06-14 02:44:44.582238,2026-06-14 02:45:22.072380,0 days 00:00:37.490142,5,,5,3,291,ExtraTreesRegressor,6,True,-0.025823664384091026,-0.019339222892263294,398.0,-0.02258144363817716,0.0032422207459138646,0.03294262903171945,1.9659423239762661,2.8684646436889296,2.895584943100436,398.0,2.8820247933946828,0.01356014970575299,0.1377780898892157,1.9659423239762661,915702021956178.2,1026231326059598.8,398.0,970966674007888.5,55264652051710.305,561517266645394.56,1.9659423239762661,8.488041661413597,8.718507785787452,398.0,8.603274723600524,0.1152330621869272,1.170827132790745,1.9659423239762661,2.608686405608528,2.654745748024322,398.0,2.631716076816425,0.023029671207897066,0.23399329496005222,1.9659423239762661,399.0,0.7744360902255639,-0.05437390857271017,-0.04273500482815158,398.0,-0.048554456700430876,0.0058194518722792955,0.059128621775074865,1.9659423239762661,ExtraTreesRegressor,"{'mode': 'original', 'type': 'ExtraTreesRegressor'}",6,"['nodes_T6W30', 'l1_T6W30', 'lcc_T6W30', 'atd_T6W30', 'density_T6W30', 'asp_T6W30']",0.01809851285418078,0.03997292879196794,398.0,0.02903572082307436,0.010937207968893583,0.11112765385148735,1.9659423239762661,3.510800872193777,3.548248930108769,398.0,3.529524901151273,0.01872402895749614,0.1902457569255079,1.9659423239762661,completed,37.48275113105774,True,COMPLETE
492,3.0505633869530935,2026-06-14 02:45:22.085053,2026-06-14 02:45:24.454472,0 days 00:00:02.369419,18,,2,2,319,ExtraTreesRegressor,13,True,,,,,,,,,,,,,,,,,,,,,,,,,,,,,,,,,,,,,,,,,,,,,ExtraTreesRegressor,"{'mode': 'original', 'type': 'ExtraTreesRegressor'}",13,"['nodes_T6W30', 'edges_T6W30', 're_T6W30', 'pe_T6W30', 'l1_T6W30', 'l2_T6W30', 'l3_T6W30', 'lcc_T6W30', 'lsc_T6W30', 'atd_T6W30', 'density_T6W30', 'diameter_T6W30', 'asp_T6W30']",,,,,,,,,,,,,,,pruned,,True,PRUNED
