number,value,datetime_start,datetime_complete,duration,params_regressor,params_rfe_n_features,params_use_scaler,user_attrs_d2mae_ci_lower_val,user_attrs_d2mae_ci_upper_val,user_attrs_d2mae_df_val,user_attrs_d2mae_mean_val,user_attrs_d2mae_samperror_val,user_attrs_d2mae_std_val,user_attrs_d2mae_t_critical_val,user_attrs_mae_ci_lower_val,user_attrs_mae_ci_upper_val,user_attrs_mae_df_val,user_attrs_mae_mean_val,user_attrs_mae_samperror_val,user_attrs_mae_std_val,user_attrs_mae_t_critical_val,user_attrs_mape_ci_lower_val,user_attrs_mape_ci_upper_val,user_attrs_mape_df_val,user_attrs_mape_mean_val,user_attrs_mape_samperror_val,user_attrs_mape_std_val,user_attrs_mape_t_critical_val,user_attrs_max_error_ci_lower_val,user_attrs_max_error_ci_upper_val,user_attrs_max_error_df_val,user_attrs_max_error_mean_val,user_attrs_max_error_samperror_val,user_attrs_max_error_std_val,user_attrs_max_error_t_critical_val,user_attrs_median_ae_ci_lower_val,user_attrs_median_ae_ci_upper_val,user_attrs_median_ae_df_val,user_attrs_median_ae_mean_val,user_attrs_median_ae_samperror_val,user_attrs_median_ae_std_val,user_attrs_median_ae_t_critical_val,user_attrs_n_splits_val,user_attrs_r2_below_zero_val,user_attrs_r2_ci_lower_val,user_attrs_r2_ci_upper_val,user_attrs_r2_df_val,user_attrs_r2_mean_val,user_attrs_r2_samperror_val,user_attrs_r2_std_val,user_attrs_r2_t_critical_val,user_attrs_regressor_final,user_attrs_rfe_estimator,user_attrs_rfe_n_features,user_attrs_rfe_selected_features,user_attrs_rho_ci_lower_val,user_attrs_rho_ci_upper_val,user_attrs_rho_df_val,user_attrs_rho_mean_val,user_attrs_rho_samperror_val,user_attrs_rho_std_val,user_attrs_rho_t_critical_val,user_attrs_rmse_ci_lower_val,user_attrs_rmse_ci_upper_val,user_attrs_rmse_df_val,user_attrs_rmse_mean_val,user_attrs_rmse_samperror_val,user_attrs_rmse_std_val,user_attrs_rmse_t_critical_val,user_attrs_termination_reason,user_attrs_trial_time_seconds,user_attrs_use_scaler_final,state
116,2.8903733009700256,2026-06-13 17:20:32.743092,2026-06-13 17:20:35.933154,0 days 00:00:03.190062,LinearRegression,8,False,-0.029483496804301033,-0.02169481839647079,398,-0.025589157600385912,0.00389433920391512,0.039568487703972546,1.9659423239762661,2.8757577085670443,2.904988893373007,398,2.8903733009700256,0.014615592402981556,0.14850193010979817,1.9659423239762661,913897851094987.8,1023958863603946.5,398,968928357349467.1,55030506254479.33,559138225012514.56,1.9659423239762661,8.313493376145416,8.504250205403292,398,8.408871790774354,0.09537841462893686,0.969093709832817,1.9659423239762661,2.5355250889814434,2.5738485316449546,398,2.554686810313199,0.019161721331755494,0.19469293638835297,1.9659423239762661,399,0.6791979949874687,-0.051895893979509534,-0.037004132310843214,398,-0.044450013145176374,0.00744588083433316,0.07565397588950702,1.9659423239762661,LinearRegression,"{'mode': 'original', 'type': 'LinearRegression'}",8,"['edges_T6W30', 're_T6W30', 'l1_T6W30', 'l2_T6W30', 'lcc_T6W30', 'atd_T6W30', 'density_T6W30', 'asp_T6W30']",0.053981695778687985,0.07858962667871618,398,0.06628566122870208,0.012303965450014092,0.1250146122683762,1.9659423239762661,3.5018830883799494,3.540853435507087,398,3.5213682619435183,0.019485173563568745,0.19797937729325882,1.9659423239762661,completed,3.1826868057250977,False,COMPLETE
117,2.85025544216135,2026-06-13 17:20:35.944910,2026-06-13 17:20:39.004180,0 days 00:00:03.059270,LinearRegression,3,True,-0.01391991958628925,-0.008517499085712955,398,-0.011218709336001102,0.0027012102502881473,0.027445684358187904,1.9659423239762661,2.837217897005486,2.8632929873172137,398,2.85025544216135,0.013037545155863813,0.1324681590836143,1.9659423239762661,918031931189578.4,1028184655805712.1,398,973108293497645.2,55076362308066.83,559604146083464.3,1.9659423239762661,8.308953493193284,8.567240889585007,398,8.438097191389145,0.1291436981958605,1.3121663436433988,1.9659423239762661,2.554334503660427,2.5960528098574924,398,2.5751936567589597,0.020859153098532784,0.2119397154887807,1.9659423239762661,399,0.5263157894736842,-0.020024159749167297,-0.009584045104403261,398,-0.01480410242678528,0.005220057322382019,0.05303846510521035,1.9659423239762661,LinearRegression,"{'mode': 'original', 'type': 'LinearRegression'}",3,"['nodes_T6W30', 'lcc_T6W30', 'atd_T6W30']",0.09833284576278685,0.1223173911593796,398,0.11032511846108323,0.011992272698296383,0.12184765372471351,1.9659423239762661,3.453937163332427,3.4921863200811374,398,3.473061741706782,0.019124578374355116,0.19431554485252875,1.9659423239762661,completed,3.0519371032714844,True,COMPLETE
118,2.818178785061706,2026-06-13 17:20:39.015724,2026-06-13 17:20:42.242902,0 days 00:00:03.227178,LinearRegression,2,False,-0.0022844228207669296,0.002622800989954611,398,0.00016918908459384095,0.0024536119053607704,0.024929957927132925,1.9659423239762661,2.8055900038819344,2.8307675662414775,398,2.818178785061706,0.012588781179771365,0.12790848645618932,1.9659423239762661,907556673128542.8,1016410505984454.8,398,961983589556498.8,54426916427956.055,553005442176079.0,1.9659423239762661,8.210864289239003,8.415765469331232,398,8.313314879285118,0.10245059004611487,1.0409506466280547,1.9659423239762661,2.517530860310872,2.555428581603281,398,2.5364797209570766,0.018948860646204466,0.19253016242905907,1.9659423239762661,399,0.37844611528822053,0.0003846675266939159,0.009424434450354,398,0.004904550988523958,0.004519883461830042,0.0459243388462442,1.9659423239762661,LinearRegression,"{'mode': 'original', 'type': 'LinearRegression'}",2,"['atd_T6W30', 'density_T6W30']",0.13470698459755145,0.1593084932460395,398,0.14700773892179547,0.012300754324244007,0.12498198558027936,1.9659423239762661,3.4211110415348225,3.4573282625677475,398,3.439219652051285,0.018108610516462512,0.1839927892866448,1.9659423239762661,completed,3.219792127609253,False,COMPLETE
119,2.8903733009700256,2026-06-13 17:20:42.254872,2026-06-13 17:20:45.446022,0 days 00:00:03.191150,LinearRegression,8,False,-0.029483496804301033,-0.02169481839647079,398,-0.025589157600385912,0.00389433920391512,0.039568487703972546,1.9659423239762661,2.8757577085670443,2.904988893373007,398,2.8903733009700256,0.014615592402981556,0.14850193010979817,1.9659423239762661,913897851094987.8,1023958863603946.5,398,968928357349467.1,55030506254479.33,559138225012514.56,1.9659423239762661,8.313493376145416,8.504250205403292,398,8.408871790774354,0.09537841462893686,0.969093709832817,1.9659423239762661,2.5355250889814434,2.5738485316449546,398,2.554686810313199,0.019161721331755494,0.19469293638835297,1.9659423239762661,399,0.6791979949874687,-0.051895893979509534,-0.037004132310843214,398,-0.044450013145176374,0.00744588083433316,0.07565397588950702,1.9659423239762661,LinearRegression,"{'mode': 'original', 'type': 'LinearRegression'}",8,"['edges_T6W30', 're_T6W30', 'l1_T6W30', 'l2_T6W30', 'lcc_T6W30', 'atd_T6W30', 'density_T6W30', 'asp_T6W30']",0.053981695778687985,0.07858962667871618,398,0.06628566122870208,0.012303965450014092,0.1250146122683762,1.9659423239762661,3.5018830883799494,3.540853435507087,398,3.5213682619435183,0.019485173563568745,0.19797937729325882,1.9659423239762661,completed,3.1831657886505127,False,COMPLETE
120,2.8844820479996764,2026-06-13 17:20:45.458363,2026-06-13 17:20:48.624103,0 days 00:00:03.165740,LinearRegression,7,False,-0.027205895490281122,-0.019772749369244683,398,-0.023489322429762902,0.0037165730605182214,0.03776229232887236,1.9659423239762661,2.8701888581750037,2.898775237824349,398,2.8844820479996764,0.014293189824672948,0.14522615422394103,1.9659423239762661,915028440688704.9,1025106924697047.9,398,970067682692876.4,55039242004171.45,559226984718893.1,1.9659423239762661,8.26611855613203,8.46504498517468,398,8.365581770653355,0.09946321452132571,1.0105973760138947,1.9659423239762661,2.5641003751650127,2.602859712585161,398,2.583480043875087,0.019379668710074027,0.1969073937603354,1.9659423239762661,399,0.6591478696741855,-0.04470618464769105,-0.030371235535085705,398,-0.03753871009138838,0.007167474556302674,0.07282522502520554,1.9659423239762661,LinearRegression,"{'mode': 'original', 'type': 'LinearRegression'}",7,"['edges_T6W30', 're_T6W30', 'l1_T6W30', 'l2_T6W30', 'lcc_T6W30', 'atd_T6W30', 'density_T6W30']",0.06348369380992878,0.08822646086096227,398,0.07585507733544553,0.012371383525516741,0.1256996145632123,1.9659423239762661,3.4906561184278826,3.528962921009675,398,3.509809519718779,0.019153401290896137,0.1946084004973579,1.9659423239762661,completed,3.1584298610687256,False,COMPLETE
121,2.8597694652366177,2026-06-13 17:20:48.635676,2026-06-13 17:20:51.827075,0 days 00:00:03.191399,LinearRegression,6,False,-0.018063424979408663,-0.011295326208620192,398,-0.014679375594014428,0.003384049385394235,0.03438368089790211,1.9659423239762661,2.8459755493161687,2.8735633811570667,398,2.8597694652366177,0.013793915920449186,0.14015327476846592,1.9659423239762661,914326273451419.4,1024256603256255.1,398,969291438353837.2,54965164902417.87,558474323295117.9,1.9659423239762661,8.180635134804247,8.38446246341635,398,8.282548799110298,0.10191366430605167,1.03549520517029,1.9659423239762661,2.54854596119697,2.5887704078696654,398,2.5686581845333176,0.020112223336347646,0.2043505252402679,1.9659423239762661,399,0.5839598997493735,-0.026748105024731454,-0.014080319406776058,398,-0.020414212215753756,0.006333892808977697,0.0643556060751858,1.9659423239762661,LinearRegression,"{'mode': 'original', 'type': 'LinearRegression'}",6,"['edges_T6W30', 're_T6W30', 'l1_T6W30', 'l2_T6W30', 'atd_T6W30', 'density_T6W30']",0.09059834261138781,0.11505939891431989,398,0.10282887076285385,0.012230528151466042,0.12426845157397902,1.9659423239762661,3.462714567546525,3.499840408981051,398,3.481277488263788,0.018562920717263214,0.18860881440744054,1.9659423239762661,completed,3.1839311122894287,False,COMPLETE
122,2.8509742827176967,2026-06-13 17:20:51.838642,2026-06-13 17:20:55.233407,0 days 00:00:03.394765,LinearRegression,4,True,-0.014300467290952343,-0.008629475509457866,398,-0.011464971400205104,0.0028354958907472376,0.028810095477790367,1.9659423239762661,2.837665884196672,2.864282681238721,398,2.8509742827176967,0.013308398521024431,0.13522016847153898,1.9659423239762661,912981551650662.1,1022748247648184.9,398,967864899649423.5,54883347998761.336,557643021506343.06,1.9659423239762661,8.336255423017217,8.580831375980669,398,8.458543399498943,0.12228797648172597,1.2425086877117142,1.9659423239762661,2.5461890445007223,2.5853397388626496,398,2.565764391681686,0.019575347180963543,0.19889558758832548,1.9659423239762661,399,0.5739348370927319,-0.025181924147955913,-0.01438703480975763,398,-0.01978447947885677,0.00539744466909914,0.05484081171137151,1.9659423239762661,LinearRegression,"{'mode': 'original', 'type': 'LinearRegression'}",4,"['nodes_T6W30', 'lcc_T6W30', 'atd_T6W30', 'density_T6W30']",0.08079768104172431,0.10482444278246981,398,0.09281106191209706,0.01201338087037275,0.12206212360099379,1.9659423239762661,3.462348800510767,3.500336827474395,398,3.481342813992581,0.018994013481814245,0.19298893844395495,1.9659423239762661,completed,3.386779308319092,True,COMPLETE
123,2.818178785061706,2026-06-13 17:20:55.250784,2026-06-13 17:20:58.656101,0 days 00:00:03.405317,LinearRegression,2,False,-0.0022844228207669296,0.002622800989954611,398,0.00016918908459384095,0.0024536119053607704,0.024929957927132925,1.9659423239762661,2.8055900038819344,2.8307675662414775,398,2.818178785061706,0.012588781179771365,0.12790848645618932,1.9659423239762661,907556673128542.8,1016410505984454.8,398,961983589556498.8,54426916427956.055,553005442176079.0,1.9659423239762661,8.210864289239003,8.415765469331232,398,8.313314879285118,0.10245059004611487,1.0409506466280547,1.9659423239762661,2.517530860310872,2.555428581603281,398,2.5364797209570766,0.018948860646204466,0.19253016242905907,1.9659423239762661,399,0.37844611528822053,0.0003846675266939159,0.009424434450354,398,0.004904550988523958,0.004519883461830042,0.0459243388462442,1.9659423239762661,LinearRegression,"{'mode': 'original', 'type': 'LinearRegression'}",2,"['atd_T6W30', 'density_T6W30']",0.13470698459755145,0.1593084932460395,398,0.14700773892179547,0.012300754324244007,0.12498198558027936,1.9659423239762661,3.4211110415348225,3.4573282625677475,398,3.439219652051285,0.018108610516462512,0.1839927892866448,1.9659423239762661,completed,3.396218776702881,False,COMPLETE
124,2.818178785061706,2026-06-13 17:20:58.669024,2026-06-13 17:21:02.007971,0 days 00:00:03.338947,LinearRegression,2,False,-0.0022844228207669296,0.002622800989954611,398,0.00016918908459384095,0.0024536119053607704,0.024929957927132925,1.9659423239762661,2.8055900038819344,2.8307675662414775,398,2.818178785061706,0.012588781179771365,0.12790848645618932,1.9659423239762661,907556673128542.8,1016410505984454.8,398,961983589556498.8,54426916427956.055,553005442176079.0,1.9659423239762661,8.210864289239003,8.415765469331232,398,8.313314879285118,0.10245059004611487,1.0409506466280547,1.9659423239762661,2.517530860310872,2.555428581603281,398,2.5364797209570766,0.018948860646204466,0.19253016242905907,1.9659423239762661,399,0.37844611528822053,0.0003846675266939159,0.009424434450354,398,0.004904550988523958,0.004519883461830042,0.0459243388462442,1.9659423239762661,LinearRegression,"{'mode': 'original', 'type': 'LinearRegression'}",2,"['atd_T6W30', 'density_T6W30']",0.13470698459755145,0.1593084932460395,398,0.14700773892179547,0.012300754324244007,0.12498198558027936,1.9659423239762661,3.4211110415348225,3.4573282625677475,398,3.439219652051285,0.018108610516462512,0.1839927892866448,1.9659423239762661,completed,3.331325054168701,False,COMPLETE
125,2.818178785061706,2026-06-13 17:21:02.020495,2026-06-13 17:21:05.671235,0 days 00:00:03.650740,LinearRegression,2,False,-0.0022844228207669296,0.002622800989954611,398,0.00016918908459384095,0.0024536119053607704,0.024929957927132925,1.9659423239762661,2.8055900038819344,2.8307675662414775,398,2.818178785061706,0.012588781179771365,0.12790848645618932,1.9659423239762661,907556673128542.8,1016410505984454.8,398,961983589556498.8,54426916427956.055,553005442176079.0,1.9659423239762661,8.210864289239003,8.415765469331232,398,8.313314879285118,0.10245059004611487,1.0409506466280547,1.9659423239762661,2.517530860310872,2.555428581603281,398,2.5364797209570766,0.018948860646204466,0.19253016242905907,1.9659423239762661,399,0.37844611528822053,0.0003846675266939159,0.009424434450354,398,0.004904550988523958,0.004519883461830042,0.0459243388462442,1.9659423239762661,LinearRegression,"{'mode': 'original', 'type': 'LinearRegression'}",2,"['atd_T6W30', 'density_T6W30']",0.13470698459755145,0.1593084932460395,398,0.14700773892179547,0.012300754324244007,0.12498198558027936,1.9659423239762661,3.4211110415348225,3.4573282625677475,398,3.439219652051285,0.018108610516462512,0.1839927892866448,1.9659423239762661,completed,3.6422910690307617,False,COMPLETE
126,2.85025544216135,2026-06-13 17:21:05.683634,2026-06-13 17:21:08.992096,0 days 00:00:03.308462,LinearRegression,3,True,-0.01391991958628925,-0.008517499085712955,398,-0.011218709336001102,0.0027012102502881473,0.027445684358187904,1.9659423239762661,2.837217897005486,2.8632929873172137,398,2.85025544216135,0.013037545155863813,0.1324681590836143,1.9659423239762661,918031931189578.4,1028184655805712.1,398,973108293497645.2,55076362308066.83,559604146083464.3,1.9659423239762661,8.308953493193284,8.567240889585007,398,8.438097191389145,0.1291436981958605,1.3121663436433988,1.9659423239762661,2.554334503660427,2.5960528098574924,398,2.5751936567589597,0.020859153098532784,0.2119397154887807,1.9659423239762661,399,0.5263157894736842,-0.020024159749167297,-0.009584045104403261,398,-0.01480410242678528,0.005220057322382019,0.05303846510521035,1.9659423239762661,LinearRegression,"{'mode': 'original', 'type': 'LinearRegression'}",3,"['nodes_T6W30', 'lcc_T6W30', 'atd_T6W30']",0.09833284576278685,0.1223173911593796,398,0.11032511846108323,0.011992272698296383,0.12184765372471351,1.9659423239762661,3.453937163332427,3.4921863200811374,398,3.473061741706782,0.019124578374355116,0.19431554485252875,1.9659423239762661,completed,3.3009018898010254,True,COMPLETE
127,2.967192120663289,2026-06-13 17:21:09.004137,2026-06-13 17:21:12.354404,0 days 00:00:03.350267,LinearRegression,12,True,-0.057648364258886815,-0.04805872493266699,398,-0.0528535445957769,0.004794819663109911,0.04871783194740564,1.9659423239762661,2.9504699702820254,2.9839142710445525,398,2.967192120663289,0.01672215038126355,0.16990564177866313,1.9659423239762661,939083441157966.5,1052772109553630.5,398,995927775355798.5,56844334197832.05,577567649085672.0,1.9659423239762661,9.024327612934478,9.38272641123551,398,9.203527012084994,0.17919939915051594,1.8207579901406565,1.9659423239762661,2.6201669180796174,2.6620962725867767,398,2.641131595333197,0.02096467725357943,0.2130118951353912,1.9659423239762661,399,0.8671679197994987,-0.12142620773675641,-0.09996804149790961,398,-0.11069712461733301,0.010729083119423395,0.10901299842063193,1.9659423239762661,LinearRegression,"{'mode': 'original', 'type': 'LinearRegression'}",12,"['nodes_T6W30', 'edges_T6W30', 're_T6W30', 'pe_T6W30', 'l1_T6W30', 'l2_T6W30', 'lcc_T6W30', 'lsc_T6W30', 'atd_T6W30', 'density_T6W30', 'diameter_T6W30', 'asp_T6W30']",-0.011725448421892217,0.012359315967304182,398,0.0003169337727059828,0.0120423821945982,0.12235679195958463,1.9659423239762661,3.606024858846365,3.654053371299225,398,3.630039115072795,0.02401425622643018,0.243997184749667,1.9659423239762661,completed,3.3423759937286377,True,COMPLETE
128,2.8430681474550843,2026-06-13 17:21:12.366384,2026-06-13 17:21:15.594754,0 days 00:00:03.228370,LinearRegression,5,False,-0.012037554943572268,-0.005562426883869289,398,-0.008799990913720778,0.0032375640298514894,0.032895314403330184,1.9659423239762661,2.829876543528143,2.8562597513820256,398,2.8430681474550843,0.01319160392694111,0.13403347537217306,1.9659423239762661,909248938900762.4,1018393420881882.6,398,963821179891322.5,54572240990560.11,554482014417835.1,1.9659423239762661,8.166352452836707,8.374630737809396,398,8.270491595323051,0.10413914248634426,1.0581072072074618,1.9659423239762661,2.5555464638734287,2.595320979960421,398,2.5754337219169248,0.019887258043495937,0.20206476224995765,1.9659423239762661,399,0.5388471177944862,-0.018557289493003858,-0.006444683547405849,398,-0.012500986520204854,0.006056302972799005,0.061535150679687144,1.9659423239762661,LinearRegression,"{'mode': 'original', 'type': 'LinearRegression'}",5,"['edges_T6W30', 're_T6W30', 'l1_T6W30', 'atd_T6W30', 'density_T6W30']",0.09523932637622425,0.11990421317753934,398,0.10757176977688179,0.012332443400657542,0.12530396288239998,1.9659423239762661,3.449622843598887,3.4860540396793387,398,3.467838441639113,0.018215598040225812,0.18507983751147603,1.9659423239762661,completed,3.22042179107666,False,COMPLETE
129,2.952807598088823,2026-06-13 17:21:15.607058,2026-06-13 17:21:19.027329,0 days 00:00:03.420271,LinearRegression,11,False,-0.05246676441730107,-0.043032211011464205,398,-0.04774948771438264,0.00471727670291843,0.047929955620715455,1.9659423239762661,2.9363158847973208,2.969299311380325,398,2.952807598088823,0.0164917132915022,0.16756428251966626,1.9659423239762661,931914845368829.2,1043927278413327.0,398,987921061891078.1,56006216522248.81,569051942773428.5,1.9659423239762661,9.052958127672348,9.419562695013685,398,9.236260411343016,0.1833022836706694,1.8624454054339366,1.9659423239762661,2.5846146070720537,2.624318831445722,398,2.604466719258888,0.019852112186834248,0.20170766228399536,1.9659423239762661,399,0.8646616541353384,-0.11366950203741001,-0.09228963687585444,398,-0.10297956945663223,0.010689932580777783,0.10861520882761307,1.9659423239762661,LinearRegression,"{'mode': 'original', 'type': 'LinearRegression'}",11,"['nodes_T6W30', 'edges_T6W30', 're_T6W30', 'pe_T6W30', 'l1_T6W30', 'l2_T6W30', 'lcc_T6W30', 'atd_T6W30', 'density_T6W30', 'diameter_T6W30', 'asp_T6W30']",0.00801524194334665,0.032428467219649496,398,0.020221854581498073,0.012206612638151423,0.12402545766795965,1.9659423239762661,3.5934359417175794,3.6416501817528864,398,3.617543061735233,0.02410712001765351,0.24494072859337493,1.9659423239762661,completed,3.4129300117492676,False,COMPLETE
130,2.8663788671265036,2026-06-13 17:21:19.039148,2026-06-13 17:21:22.374777,0 days 00:00:03.335629,LinearRegression,6,True,-0.02057273507161944,-0.013526142286136307,398,-0.017049438678877874,0.003523296392741568,0.03579850205485185,1.9659423239762661,2.8524328944562,2.880324839796807,398,2.8663788671265036,0.013945972670303525,0.14169824949251378,1.9659423239762661,912893615398726.2,1022692179172824.8,398,967792897285775.5,54899281887049.26,557804918000146.9,1.9659423239762661,8.277338772612774,8.515562193443602,398,8.396450483028188,0.11911171041541341,1.2102361921203997,1.9659423239762661,2.5497042257443048,2.5895653022319762,398,2.5696347639881405,0.01993053824383581,0.2025045113281201,1.9659423239762661,399,0.6215538847117794,-0.03666130088177976,-0.02331787713576107,398,-0.029989589008770415,0.006671711873009345,0.06778802137888236,1.9659423239762661,LinearRegression,"{'mode': 'original', 'type': 'LinearRegression'}",6,"['nodes_T6W30', 're_T6W30', 'l1_T6W30', 'lcc_T6W30', 'atd_T6W30', 'density_T6W30']",0.06647397849582165,0.09122839521679724,398,0.07885118685630944,0.012377208360487788,0.12575879788003735,1.9659423239762661,3.4784172024490054,3.5166302472815634,398,3.4975237248652844,0.019106522416279054,0.19413208703909587,1.9659423239762661,completed,3.328254222869873,True,COMPLETE
