number,value,datetime_start,datetime_complete,duration,params_et_max_depth,params_et_max_features,params_et_min_samples_leaf,params_et_min_samples_split,params_et_n_estimators,params_regressor,params_rfe_n_features,params_use_scaler,user_attrs_d2mae_ci_lower_val,user_attrs_d2mae_ci_upper_val,user_attrs_d2mae_df_val,user_attrs_d2mae_mean_val,user_attrs_d2mae_samperror_val,user_attrs_d2mae_std_val,user_attrs_d2mae_t_critical_val,user_attrs_mae_ci_lower_val,user_attrs_mae_ci_upper_val,user_attrs_mae_df_val,user_attrs_mae_mean_val,user_attrs_mae_samperror_val,user_attrs_mae_std_val,user_attrs_mae_t_critical_val,user_attrs_mape_ci_lower_val,user_attrs_mape_ci_upper_val,user_attrs_mape_df_val,user_attrs_mape_mean_val,user_attrs_mape_samperror_val,user_attrs_mape_std_val,user_attrs_mape_t_critical_val,user_attrs_max_error_ci_lower_val,user_attrs_max_error_ci_upper_val,user_attrs_max_error_df_val,user_attrs_max_error_mean_val,user_attrs_max_error_samperror_val,user_attrs_max_error_std_val,user_attrs_max_error_t_critical_val,user_attrs_median_ae_ci_lower_val,user_attrs_median_ae_ci_upper_val,user_attrs_median_ae_df_val,user_attrs_median_ae_mean_val,user_attrs_median_ae_samperror_val,user_attrs_median_ae_std_val,user_attrs_median_ae_t_critical_val,user_attrs_n_splits_val,user_attrs_r2_below_zero_val,user_attrs_r2_ci_lower_val,user_attrs_r2_ci_upper_val,user_attrs_r2_df_val,user_attrs_r2_mean_val,user_attrs_r2_samperror_val,user_attrs_r2_std_val,user_attrs_r2_t_critical_val,user_attrs_regressor_final,user_attrs_rfe_estimator,user_attrs_rfe_n_features,user_attrs_rfe_selected_features,user_attrs_rho_ci_lower_val,user_attrs_rho_ci_upper_val,user_attrs_rho_df_val,user_attrs_rho_mean_val,user_attrs_rho_samperror_val,user_attrs_rho_std_val,user_attrs_rho_t_critical_val,user_attrs_rmse_ci_lower_val,user_attrs_rmse_ci_upper_val,user_attrs_rmse_df_val,user_attrs_rmse_mean_val,user_attrs_rmse_samperror_val,user_attrs_rmse_std_val,user_attrs_rmse_t_critical_val,user_attrs_termination_reason,user_attrs_trial_time_seconds,user_attrs_use_scaler_final,state
41,3.0044901039145637,2026-06-13 23:15:15.970090,2026-06-13 23:16:32.961180,0 days 00:01:16.991090,12,,3,8,478,ExtraTreesRegressor,11,False,-0.07004356687272087,-0.06197240644327486,398.0,-0.06600798665799787,0.0040355802147230046,0.0410035689608466,1.9659423239762661,2.9889514254749954,3.020028782354132,398.0,3.0044901039145637,0.015538678439568547,0.15788095863707208,1.9659423239762661,947143179566097.2,1062279344609169.8,398.0,1004711262087633.5,57568082521536.25,584921304005733.9,1.9659423239762661,8.800282003097488,9.01613156719606,398.0,8.908206785146774,0.10792478204928599,1.0965712506958514,1.9659423239762661,2.671949067031486,2.7228268497434014,398.0,2.6973879583874436,0.02543889135595792,0.25847220981905344,1.9659423239762661,399.0,0.9849624060150376,-0.14090218746280173,-0.12679397954415586,398.0,-0.1338480835034788,0.007054103959322935,0.07167332149608435,1.9659423239762661,ExtraTreesRegressor,"{'mode': 'original', 'type': 'ExtraTreesRegressor'}",11,"['nodes_T6W30', 're_T6W30', 'pe_T6W30', 'l1_T6W30', 'l2_T6W30', 'l3_T6W30', 'lsc_T6W30', 'atd_T6W30', 'density_T6W30', 'diameter_T6W30', 'asp_T6W30']",-0.0710088574930272,-0.04937632664385094,398.0,-0.06019259206843907,0.010816265424588125,0.10989881544613565,1.9659423239762661,3.64985206765077,3.689801134819494,398.0,3.669826601235132,0.019974533584362082,0.20295152659810373,1.9659423239762661,completed,76.982595205307,False,COMPLETE
42,2.838116702056665,2026-06-13 23:16:32.973635,2026-06-13 23:16:47.213143,0 days 00:00:14.239508,11,log2,3,2,91,ExtraTreesRegressor,3,True,-0.008759609305324382,-0.005109803756649475,398.0,-0.006934706530986929,0.0018249027743374529,0.0185419500475775,1.9659423239762661,2.8265376733250633,2.849695730788267,398.0,2.838116702056665,0.011579028731601939,0.1176488826473376,1.9659423239762661,938432093042109.8,1050212478269289.5,398.0,994322285655699.6,55890192613589.91,567873080234047.9,1.9659423239762661,8.219855830431653,8.410350612298403,398.0,8.315103221365028,0.09524739093337448,0.9677624417497551,1.9659423239762661,2.5790996893171285,2.610061909396013,398.0,2.594580799356571,0.015481110039442204,0.1572960341060383,1.9659423239762661,399.0,0.5037593984962406,-0.0048908411706478205,0.00030144794388150186,398.0,-0.0022946966133831595,0.0025961445572646614,0.026378162921347044,1.9659423239762661,ExtraTreesRegressor,"{'mode': 'original', 'type': 'ExtraTreesRegressor'}",3,"['nodes_T6W30', 'l1_T6W30', 'atd_T6W30']",0.06375134996898107,0.08592969683439164,398.0,0.07484052340168636,0.01108917343270528,0.11267170106242791,1.9659423239762661,3.435145270535684,3.4694273516019027,398.0,3.4522863110687934,0.01714104053310961,0.17416178099888632,1.9659423239762661,completed,14.230967044830322,True,COMPLETE
43,2.835858845379103,2026-06-13 23:16:47.226076,2026-06-13 23:17:26.734049,0 days 00:00:39.507973,3,log2,4,2,328,ExtraTreesRegressor,2,False,-0.007658283775047537,-0.004597391939049558,398.0,-0.006127837857048547,0.0015304459179989898,0.015550117058898574,1.9659423239762661,2.8245930611348533,2.847124629623353,398.0,2.835858845379103,0.01126578424424989,0.1144661576721567,1.9659423239762661,933898466628652.8,1045357280162883.8,398.0,989627873395768.2,55729406767115.555,566239413402253.4,1.9659423239762661,8.183985422236946,8.379585905257619,398.0,8.281785663747282,0.09780024151033691,0.9937007155814402,1.9659423239762661,2.528400111205524,2.5564743710822966,398.0,2.5424372411439102,0.014037129938386178,0.1426244541840902,1.9659423239762661,399.0,0.3157894736842105,0.0046779428837602655,0.008916037729924728,398.0,0.006796990306842497,0.0021190474230822313,0.021530610846653794,1.9659423239762661,ExtraTreesRegressor,"{'mode': 'original', 'type': 'ExtraTreesRegressor'}",2,"['atd_T6W30', 'density_T6W30']",0.12520069188036065,0.14918539393815244,398.0,0.13719304290925655,0.011992351028895905,0.12184844960386058,1.9659423239762661,3.41970765819452,3.453871477972535,398.0,3.4367895680835274,0.017081909889007502,0.173560983266185,1.9659423239762661,completed,39.49962091445923,False,COMPLETE
44,2.8367809836366704,2026-06-13 23:17:26.746521,2026-06-13 23:17:54.654965,0 days 00:00:27.908444,9,sqrt,5,10,218,ExtraTreesRegressor,3,False,-0.007995772919347353,-0.004903802742977679,398.0,-0.006449787831162516,0.001545985088184837,0.015708003013930556,1.9659423239762661,2.8254556971011833,2.8481062701721576,398.0,2.8367809836366704,0.011325286535486956,0.11507073153074741,1.9659423239762661,934124430655538.2,1045627396958638.8,398.0,989875913807088.5,55751483151550.195,566463720813680.8,1.9659423239762661,8.212750010413354,8.411671934693556,398.0,8.312210972553455,0.0994609621401012,1.010574490663102,1.9659423239762661,2.534388367777307,2.562457590726229,398.0,2.548422979251768,0.014034611474460749,0.1425988652963102,1.9659423239762661,399.0,0.3609022556390977,0.0014934535605206863,0.005953169747735227,398.0,0.003723311654127957,0.0022298580936072707,0.022656504207389024,1.9659423239762661,ExtraTreesRegressor,"{'mode': 'original', 'type': 'ExtraTreesRegressor'}",3,"['nodes_T6W30', 'atd_T6W30', 'density_T6W30']",0.0995240592035926,0.12238720849541491,398.0,0.11095563384950376,0.011431574645911161,0.11615067335660853,1.9659423239762661,3.4249168551673175,3.4592821117268504,398.0,3.442099483447084,0.017182628279766667,0.1745843338778398,1.9659423239762661,completed,27.90056610107422,False,COMPLETE
45,2.829668381606514,2026-06-13 23:17:54.666961,2026-06-13 23:18:25.435312,0 days 00:00:30.768351,19,log2,3,3,241,ExtraTreesRegressor,3,True,-0.005729239845092475,-0.002160357526325014,398.0,-0.003944798685708744,0.0017844411593837305,0.01813083924547539,1.9659423239762661,2.8182159616951834,2.841120801517844,398.0,2.829668381606514,0.011452419911330433,0.11636247196613882,1.9659423239762661,934042461767986.2,1045519210995816.5,398.0,989780836381901.4,55738374613915.09,566330531334523.4,1.9659423239762661,8.207213018895748,8.396016219554676,398.0,8.301614619225212,0.09440160032946407,0.9591687745424098,1.9659423239762661,2.575452891055176,2.6070878417061807,398.0,2.5912703663806784,0.01581747532550221,0.16071367827841238,1.9659423239762661,399.0,0.42105263157894735,0.0013717937398577827,0.006480250202405228,398.0,0.003926021971131505,0.0025542282312737224,0.02595227150749672,1.9659423239762661,ExtraTreesRegressor,"{'mode': 'original', 'type': 'ExtraTreesRegressor'}",3,"['l1_T6W30', 'atd_T6W30', 'density_T6W30']",0.09215037241251033,0.11434181870029513,398.0,0.10324609555640273,0.011095723143892405,0.11273824949413919,1.9659423239762661,3.4245160230739504,3.4585415381639404,398.0,3.4415287806189454,0.01701275754499498,0.17285835991200732,1.9659423239762661,completed,30.759979009628296,True,COMPLETE
46,2.9208261183556896,2026-06-13 23:18:25.458869,2026-06-13 23:19:16.156757,0 days 00:00:50.697888,13,log2,2,12,386,ExtraTreesRegressor,13,False,-0.039312247074541146,-0.03330558883678418,398.0,-0.03630891795566266,0.0030033291188784807,0.03051536732903352,1.9659423239762661,2.9073911280557234,2.934261108655656,398.0,2.9208261183556896,0.013434990299966167,0.13650640600406938,1.9659423239762661,932324316375445.8,1044458996340094.8,398.0,988391656357770.2,56067339982324.47,569672988540575.9,1.9659423239762661,8.52817708605057,8.745934321102686,398.0,8.637055703576628,0.10887861752605732,1.1062627093382562,1.9659423239762661,2.610085736909726,2.656398178291396,398.0,2.633241957600561,0.02315622069083516,0.2352791027434487,1.9659423239762661,399.0,0.9323308270676691,-0.07477316273603686,-0.06449046962899953,398.0,-0.0696318161825182,0.005141346553518662,0.05223872324224966,1.9659423239762661,ExtraTreesRegressor,"{'mode': 'original', 'type': 'ExtraTreesRegressor'}",13,"['nodes_T6W30', 'edges_T6W30', 're_T6W30', 'pe_T6W30', 'l1_T6W30', 'l2_T6W30', 'l3_T6W30', 'lcc_T6W30', 'lsc_T6W30', 'atd_T6W30', 'density_T6W30', 'diameter_T6W30', 'asp_T6W30']",-0.04689475140860708,-0.025939695805709654,398.0,-0.036417223607158364,0.01047752780144871,0.1064570671098351,1.9659423239762661,3.546784060885454,3.5838757291432484,398.0,3.5653298950143513,0.01854583412889727,0.1884352058884443,1.9659423239762661,completed,50.689311027526855,False,COMPLETE
47,2.934105346109222,2026-06-13 23:19:16.169207,2026-06-13 23:19:29.869604,0 days 00:00:13.700397,18,,5,7,69,ExtraTreesRegressor,8,False,-0.04472155772943008,-0.03736487693182698,398.0,-0.04104321733062853,0.003678340398801553,0.03737382883717003,1.9659423239762661,2.9194760600208456,2.9487346321975982,398.0,2.934105346109222,0.01462928608837612,0.14864106499091284,1.9659423239762661,920811690636141.5,1032870388046473.5,398.0,976841039341307.5,56029348705165.98,569286977640037.9,1.9659423239762661,8.66396503279913,8.89081494160807,398.0,8.7773899872036,0.11342495440447095,1.1524558284920206,1.9659423239762661,2.6481633441288315,2.6960484900907105,398.0,2.672105917109771,0.02394257298093928,0.24326884613577943,1.9659423239762661,399.0,0.9147869674185464,-0.09284938889294969,-0.07981735519232483,398.0,-0.08633337204263726,0.006516016850312433,0.0662060799329603,1.9659423239762661,ExtraTreesRegressor,"{'mode': 'original', 'type': 'ExtraTreesRegressor'}",8,"['nodes_T6W30', 'l1_T6W30', 'l2_T6W30', 'l3_T6W30', 'lcc_T6W30', 'atd_T6W30', 'density_T6W30', 'asp_T6W30']",-0.026587970257546535,-0.005042169406722896,398.0,-0.015815069832134716,0.01077290042541182,0.10945820476821488,1.9659423239762661,3.572892020908988,3.6115864343199044,398.0,3.592239227614446,0.019347206705458506,0.19657756311045665,1.9659423239762661,completed,13.69152283668518,False,COMPLETE
48,2.9670189387033847,2026-06-13 23:19:29.883501,2026-06-13 23:20:11.143094,0 days 00:00:41.259593,13,,5,8,254,ExtraTreesRegressor,12,False,-0.056339443310403234,-0.049066181306865325,398.0,-0.05270281230863428,0.0036366310017689548,0.03695003992788209,1.9659423239762661,2.952314459290743,2.9817234181160264,398.0,2.9670189387033847,0.014704479412641712,0.149405067809063,1.9659423239762661,940665158858888.5,1054599228403984.8,398.0,997632193631436.6,56967034772548.125,578814349983488.6,1.9659423239762661,8.673563440088598,8.894987936538461,398.0,8.78427568831353,0.11071224822493163,1.1248933395846132,1.9659423239762661,2.648461183626036,2.697738875172741,398.0,2.6731000293993885,0.024638845773352482,0.2503433355376053,1.9659423239762661,399.0,0.9799498746867168,-0.11058608443348564,-0.09804527156430304,398.0,-0.10431567799889434,0.006270406434591298,0.06371055188428415,1.9659423239762661,ExtraTreesRegressor,"{'mode': 'original', 'type': 'ExtraTreesRegressor'}",12,"['nodes_T6W30', 're_T6W30', 'pe_T6W30', 'l1_T6W30', 'l2_T6W30', 'l3_T6W30', 'lcc_T6W30', 'lsc_T6W30', 'atd_T6W30', 'density_T6W30', 'diameter_T6W30', 'asp_T6W30']",-0.06280416625390223,-0.04132719470884129,398.0,-0.05206568048137176,0.010738485772530466,0.10910853420844359,1.9659423239762661,3.6027525527279183,3.641541817790868,398.0,3.622147185259393,0.019394632531475088,0.19705943387602873,1.9659423239762661,completed,41.251012086868286,False,COMPLETE
49,2.951696869935639,2026-06-13 23:20:11.155677,2026-06-13 23:20:39.284011,0 days 00:00:28.128334,5,,2,7,175,ExtraTreesRegressor,13,False,-0.05074190823923643,-0.04386665496784877,398.0,-0.0473042816035426,0.003437626635693827,0.034928053295550675,1.9659423239762661,2.9376235055805577,2.9657702342907206,398.0,2.951696869935639,0.014073364355081538,0.1429926144794311,1.9659423239762661,925513102339662.2,1036766502439071.8,398.0,981139802389367.0,55626700049704.8,565195860369970.8,1.9659423239762661,8.604863024797226,8.841343074608343,398.0,8.723103049702784,0.11824002490555788,1.2013794193606528,1.9659423239762661,2.6213618117699093,2.666949517368045,398.0,2.644155664568977,0.02279385279906807,0.23159725873374204,1.9659423239762661,399.0,0.9649122807017544,-0.1008843494634115,-0.08821206216968784,398.0,-0.09454820581654967,0.006336143646861832,0.06437847574484695,1.9659423239762661,ExtraTreesRegressor,"{'mode': 'original', 'type': 'ExtraTreesRegressor'}",13,"['nodes_T6W30', 'edges_T6W30', 're_T6W30', 'pe_T6W30', 'l1_T6W30', 'l2_T6W30', 'l3_T6W30', 'lcc_T6W30', 'lsc_T6W30', 'atd_T6W30', 'density_T6W30', 'diameter_T6W30', 'asp_T6W30']",-0.0585944862778952,-0.03693852850007668,398.0,-0.04776650738898594,0.010827978888909262,0.11001783026346226,1.9659423239762661,3.586785572580532,3.6249003843666525,398.0,3.6058429784735924,0.019057405893060157,0.1936330379210594,1.9659423239762661,completed,28.11982011795044,False,COMPLETE
50,3.040180008643067,2026-06-13 23:20:39.397384,2026-06-13 23:21:14.039979,0 days 00:00:34.642595,17,,1,9,189,ExtraTreesRegressor,10,True,-0.08331654569120547,-0.07412963677047119,398.0,-0.07872309123083833,0.004593454460367143,0.0466718580012417,1.9659423239762661,3.0236592072697466,3.0567008100163875,398.0,3.040180008643067,0.016520801373320366,0.16785983237998586,1.9659423239762661,928818559950526.0,1041824915364355.5,398.0,985321737657440.8,56503177706914.74,574101323809635.2,1.9659423239762661,8.854621998220685,9.077414406741243,398.0,8.966018202480964,0.11139620426027948,1.1318426844047849,1.9659423239762661,2.7045718079538674,2.758110413591846,398.0,2.7313411107728567,0.026769302818989267,0.2719898740130858,1.9659423239762661,399.0,0.9924812030075187,-0.16872270063099265,-0.15211028424102757,398.0,-0.1604164924360101,0.008306208194982536,0.08439534401610022,1.9659423239762661,ExtraTreesRegressor,"{'mode': 'original', 'type': 'ExtraTreesRegressor'}",10,"['nodes_T6W30', 're_T6W30', 'pe_T6W30', 'l1_T6W30', 'l2_T6W30', 'l3_T6W30', 'lsc_T6W30', 'atd_T6W30', 'density_T6W30', 'asp_T6W30']",-0.0782424954188848,-0.05608969603335808,398.0,-0.06716609572612144,0.011076399692763356,0.1125419132998936,1.9659423239762661,3.691065902918959,3.73219068894187,398.0,3.7116282959304145,0.02056239301145526,0.20892448049210866,1.9659423239762661,completed,34.63437485694885,True,COMPLETE
51,3.0628531435518553,2026-06-13 23:21:14.053578,2026-06-13 23:22:28.548507,0 days 00:01:14.494929,18,,1,2,470,ExtraTreesRegressor,3,True,-0.09299503530600116,-0.08034148297275494,398.0,-0.08666825913937805,0.006326776166623114,0.06428329733145392,1.9659423239762661,3.041843902161296,3.0838623849424147,398.0,3.0628531435518553,0.021009241390559156,0.21346468966965976,1.9659423239762661,921284035135869.9,1036962877578728.1,398.0,979123456357299.0,57839421221429.07,587678244643962.6,1.9659423239762661,9.618917127048157,9.852885091583492,398.0,9.735901109315824,0.11698398226766805,1.1886173806499407,1.9659423239762661,2.6079469155595145,2.667973083113723,398.0,2.6379599993366187,0.030013083777104238,0.3049483556025981,1.9659423239762661,399.0,0.9774436090225563,-0.23584161915125973,-0.21129348019179212,398.0,-0.22356754967152592,0.012274069479733796,0.12471085384608854,1.9659423239762661,ExtraTreesRegressor,"{'mode': 'original', 'type': 'ExtraTreesRegressor'}",3,"['l3_T6W30', 'density_T6W30', 'asp_T6W30']",0.0030598582838989707,0.028375345128855256,398.0,0.015717601706377114,0.012657743422478144,0.1286091782834031,1.9659423239762661,3.7837381916226125,3.8348012460676877,398.0,3.80926971884515,0.025531527222537764,0.2594134378312477,1.9659423239762661,completed,74.48392701148987,True,COMPLETE
52,2.906421515355215,2026-06-13 23:22:28.561876,2026-06-13 23:23:31.097776,0 days 00:01:02.535900,18,sqrt,3,11,487,ExtraTreesRegressor,12,True,-0.03402290917065823,-0.028349179320909728,398.0,-0.031186044245783976,0.0028368649248742485,0.028824005568099526,1.9659423239762661,2.893233576318162,2.9196094543922677,398.0,2.906421515355215,0.013187939037052804,0.13399623820743506,1.9659423239762661,932206247900532.8,1044238780428196.2,398.0,988222514164364.5,56016266263831.72,569154053312708.6,1.9659423239762661,8.472611186103236,8.68897809082863,398.0,8.580794638465933,0.1081834523626966,1.09919947401684,1.9659423239762661,2.6044411762293613,2.647271877176764,398.0,2.6258565267030627,0.021415350473701286,0.21759096666336025,1.9659423239762661,399.0,0.8872180451127819,-0.059650279522168975,-0.05018441622433306,398.0,-0.05491734787325102,0.004732931648917958,0.048089017917514326,1.9659423239762661,ExtraTreesRegressor,"{'mode': 'original', 'type': 'ExtraTreesRegressor'}",12,"['nodes_T6W30', 're_T6W30', 'pe_T6W30', 'l1_T6W30', 'l2_T6W30', 'l3_T6W30', 'lcc_T6W30', 'lsc_T6W30', 'atd_T6W30', 'density_T6W30', 'diameter_T6W30', 'asp_T6W30']",-0.02833227753264678,-0.00750578970355122,398.0,-0.017919033618099,0.01041324391454778,0.10580390978192546,1.9659423239762661,3.5225543414128793,3.5594529279556446,398.0,3.541003634684262,0.018449293271382634,0.18745430116148615,1.9659423239762661,completed,62.52735495567322,True,COMPLETE
53,2.836164483804899,2026-06-13 23:23:31.110229,2026-06-13 23:24:29.354689,0 days 00:00:58.244460,12,sqrt,5,10,499,ExtraTreesRegressor,3,False,-0.007833114536142383,-0.004634316964439101,398.0,-0.006233715750290742,0.0015993987858516406,0.016250713632776456,1.9659423239762661,2.824800716254842,2.847528251354956,398.0,2.836164483804899,0.011363767550056997,0.11546171841507435,1.9659423239762661,932583387665841.6,1043984108279862.4,398.0,988283747972852.0,55700360307010.4,565944286439928.4,1.9659423239762661,8.216349472616965,8.416827617457578,398.0,8.316588545037272,0.10023907242030632,1.018480490999097,1.9659423239762661,2.535390359869445,2.56433940840527,398.0,2.5498648841373575,0.014474524267912504,0.14706860535927554,1.9659423239762661,399.0,0.3634085213032581,0.0009873822766450495,0.005668878929682883,398.0,0.0033281306031639666,0.002340748326518917,0.02378320596286116,1.9659423239762661,ExtraTreesRegressor,"{'mode': 'original', 'type': 'ExtraTreesRegressor'}",3,"['nodes_T6W30', 'atd_T6W30', 'density_T6W30']",0.09647612513913012,0.11920227765659042,398.0,0.10783920139786027,0.011363076258730143,0.11545469453992271,1.9659423239762661,3.4255373426480764,3.4599668520086855,398.0,3.442752097328381,0.017214754680304426,0.1749107546178137,1.9659423239762661,completed,58.235923051834106,False,COMPLETE
54,2.94679894675626,2026-06-13 23:24:29.367255,2026-06-13 23:24:52.664105,0 days 00:00:23.296850,14,log2,2,8,153,ExtraTreesRegressor,11,True,-0.04884876162939644,-0.04213973124851886,398.0,-0.04549424643895765,0.0033545151904387925,0.034083598298839786,1.9659423239762661,2.9324797394463684,2.9611181540661513,398.0,2.94679894675626,0.014319207309891432,0.14549050524475632,1.9659423239762661,935950513429713.6,1049093555892135.6,398.0,992522034660924.6,56571521231211.04,574795729139824.6,1.9659423239762661,8.639184531337197,8.861356745934199,398.0,8.750270638635698,0.11108610729850088,1.1286919399070174,1.9659423239762661,2.6481422019155048,2.696733420859789,398.0,2.672437811387647,0.024295609472141964,0.24685587832012623,1.9659423239762661,399.0,0.9448621553884712,-0.09349647771182566,-0.08175786756806634,398.0,-0.087627172639946,0.005869305071879665,0.059635155903742396,1.9659423239762661,ExtraTreesRegressor,"{'mode': 'original', 'type': 'ExtraTreesRegressor'}",11,"['nodes_T6W30', 're_T6W30', 'pe_T6W30', 'l1_T6W30', 'l2_T6W30', 'l3_T6W30', 'lcc_T6W30', 'atd_T6W30', 'density_T6W30', 'diameter_T6W30', 'asp_T6W30']",-0.051797353171920135,-0.03006869287953974,398.0,-0.04093302302572994,0.010864330146190196,0.11038717771919969,1.9659423239762661,3.575697913886989,3.614195140773764,398.0,3.5949465273303765,0.01924861344338726,0.1955758048984245,1.9659423239762661,completed,23.28844690322876,True,COMPLETE
