number,value,datetime_start,datetime_complete,duration,params_et_max_depth,params_et_max_features,params_et_min_samples_leaf,params_et_min_samples_split,params_et_n_estimators,params_regressor,params_rfe_n_features,params_use_scaler,user_attrs_d2mae_ci_lower_val,user_attrs_d2mae_ci_upper_val,user_attrs_d2mae_df_val,user_attrs_d2mae_mean_val,user_attrs_d2mae_samperror_val,user_attrs_d2mae_std_val,user_attrs_d2mae_t_critical_val,user_attrs_mae_ci_lower_val,user_attrs_mae_ci_upper_val,user_attrs_mae_df_val,user_attrs_mae_mean_val,user_attrs_mae_samperror_val,user_attrs_mae_std_val,user_attrs_mae_t_critical_val,user_attrs_mape_ci_lower_val,user_attrs_mape_ci_upper_val,user_attrs_mape_df_val,user_attrs_mape_mean_val,user_attrs_mape_samperror_val,user_attrs_mape_std_val,user_attrs_mape_t_critical_val,user_attrs_max_error_ci_lower_val,user_attrs_max_error_ci_upper_val,user_attrs_max_error_df_val,user_attrs_max_error_mean_val,user_attrs_max_error_samperror_val,user_attrs_max_error_std_val,user_attrs_max_error_t_critical_val,user_attrs_median_ae_ci_lower_val,user_attrs_median_ae_ci_upper_val,user_attrs_median_ae_df_val,user_attrs_median_ae_mean_val,user_attrs_median_ae_samperror_val,user_attrs_median_ae_std_val,user_attrs_median_ae_t_critical_val,user_attrs_n_splits_val,user_attrs_r2_below_zero_val,user_attrs_r2_ci_lower_val,user_attrs_r2_ci_upper_val,user_attrs_r2_df_val,user_attrs_r2_mean_val,user_attrs_r2_samperror_val,user_attrs_r2_std_val,user_attrs_r2_t_critical_val,user_attrs_regressor_final,user_attrs_rfe_estimator,user_attrs_rfe_n_features,user_attrs_rfe_selected_features,user_attrs_rho_ci_lower_val,user_attrs_rho_ci_upper_val,user_attrs_rho_df_val,user_attrs_rho_mean_val,user_attrs_rho_samperror_val,user_attrs_rho_std_val,user_attrs_rho_t_critical_val,user_attrs_rmse_ci_lower_val,user_attrs_rmse_ci_upper_val,user_attrs_rmse_df_val,user_attrs_rmse_mean_val,user_attrs_rmse_samperror_val,user_attrs_rmse_std_val,user_attrs_rmse_t_critical_val,user_attrs_termination_reason,user_attrs_trial_time_seconds,user_attrs_use_scaler_final,state
214,2.9074416202320275,2026-06-14 00:44:37.061536,2026-06-14 00:44:39.305960,0 days 00:00:02.244424,7,,5,7,370,ExtraTreesRegressor,11,True,,,,,,,,,,,,,,,,,,,,,,,,,,,,,,,,,,,,,,,,,,,,,ExtraTreesRegressor,"{'mode': 'original', 'type': 'ExtraTreesRegressor'}",11,"['nodes_T6W30', 're_T6W30', 'l1_T6W30', 'l2_T6W30', 'l3_T6W30', 'lcc_T6W30', 'lsc_T6W30', 'atd_T6W30', 'density_T6W30', 'diameter_T6W30', 'asp_T6W30']",,,,,,,,,,,,,,,pruned,,True,PRUNED
215,2.994401635672911,2026-06-14 00:44:39.311531,2026-06-14 00:44:42.192012,0 days 00:00:02.880481,17,,2,3,371,ExtraTreesRegressor,10,True,,,,,,,,,,,,,,,,,,,,,,,,,,,,,,,,,,,,,,,,,,,,,ExtraTreesRegressor,"{'mode': 'original', 'type': 'ExtraTreesRegressor'}",10,"['re_T6W30', 'pe_T6W30', 'l1_T6W30', 'l2_T6W30', 'l3_T6W30', 'lsc_T6W30', 'atd_T6W30', 'density_T6W30', 'diameter_T6W30', 'asp_T6W30']",,,,,,,,,,,,,,,pruned,,True,PRUNED
216,2.903958420944233,2026-06-14 00:44:42.198194,2026-06-14 00:45:10.989723,0 days 00:00:28.791529,17,,5,7,208,ExtraTreesRegressor,5,True,-0.034032949387698075,-0.026741810737810748,398.0,-0.03038738006275441,0.003645569324943662,0.037040857884950894,1.9659423239762661,2.889709290305533,2.9182075515829333,398.0,2.903958420944233,0.014249130638700059,0.14477849025140813,1.9659423239762661,925320549759368.6,1037402994667591.9,398.0,981361772213480.2,56041222454111.67,569407621031524.0,1.9659423239762661,8.543340081088443,8.764800700450996,398.0,8.65407039076972,0.11073030968127594,1.125076853263277,1.9659423239762661,2.6481288645158263,2.6980463897924607,398.0,2.6730876271541435,0.024958762638317228,0.25359385529842243,1.9659423239762661,399.0,0.8370927318295739,-0.06979887465637394,-0.05709441976375673,398.0,-0.06344664721006534,0.0063522274463086005,0.06454189541306764,1.9659423239762661,ExtraTreesRegressor,"{'mode': 'original', 'type': 'ExtraTreesRegressor'}",5,"['l1_T6W30', 'lcc_T6W30', 'atd_T6W30', 'density_T6W30', 'asp_T6W30']",0.014707460439602067,0.03690061361867184,398.0,0.025804037029136955,0.011096576589534888,0.11274692094047253,1.9659423239762661,3.535173333791725,3.5730346786484266,398.0,3.5541040062200757,0.018930672428350774,0.1923453607883141,1.9659423239762661,completed,28.78389883041382,True,COMPLETE
217,2.9422629946046697,2026-06-14 00:45:11.001549,2026-06-14 00:45:31.144303,0 days 00:00:20.142754,18,,5,4,128,ExtraTreesRegressor,8,True,-0.04750885351014927,-0.04037642950019397,398.0,-0.04394264150517162,0.0035662120049776524,0.03623454673050948,1.9659423239762661,2.927870635399725,2.9566553538096145,398.0,2.9422629946046697,0.01439235920494485,0.14623376609297248,1.9659423239762661,926961279469348.2,1039471509981735.5,398.0,983216394725541.9,56255115256193.67,571580881825201.5,1.9659423239762661,8.592422247903706,8.822236462493208,398.0,8.707329355198457,0.11490710729475093,1.167515263570375,1.9659423239762661,2.646077308889262,2.696397383701813,398.0,2.6712373462955377,0.025160037406275315,0.25563891038069747,1.9659423239762661,399.0,0.9373433583959899,-0.09366930327735057,-0.08098563118494481,398.0,-0.08732746723114769,0.0063418360462028775,0.06443631344760942,1.9659423239762661,ExtraTreesRegressor,"{'mode': 'original', 'type': 'ExtraTreesRegressor'}",8,"['nodes_T6W30', 're_T6W30', 'l1_T6W30', 'l2_T6W30', 'lcc_T6W30', 'atd_T6W30', 'density_T6W30', 'asp_T6W30']",-0.025981230751823584,-0.00491238797261395,398.0,-0.015446809362218768,0.010534421389604818,0.10703513520444963,1.9659423239762661,3.5747766408075483,3.6132083330441382,398.0,3.5939924869258433,0.01921584611829515,0.1952428720355923,1.9659423239762661,completed,20.134541273117065,True,COMPLETE
218,2.8705302098624115,2026-06-14 00:45:31.162813,2026-06-14 00:45:41.693501,0 days 00:00:10.530688,7,sqrt,5,9,64,ExtraTreesRegressor,9,True,-0.021201993553763284,-0.015700329467686066,398.0,-0.018451161510724675,0.00275083204303861,0.027949867274334964,1.9659423239762661,2.8575687985648774,2.8834916211599455,398.0,2.8705302098624115,0.01296141129753406,0.13169459995600977,1.9659423239762661,926518935363000.0,1037664312171776.2,398.0,982091623767388.1,55572688404388.1,564647074295702.6,1.9659423239762661,8.35525449657633,8.574725568333351,398.0,8.46499003245484,0.1097355358785109,1.1149694401896109,1.9659423239762661,2.5787167827160644,2.62105076693601,398.0,2.5998837748260373,0.021166992109972953,0.2150675180506961,1.9659423239762661,399.0,0.7092731829573935,-0.034261361870375394,-0.02495034665618599,398.0,-0.02960585426328069,0.0046555076070947015,0.04730234986256024,1.9659423239762661,ExtraTreesRegressor,"{'mode': 'original', 'type': 'ExtraTreesRegressor'}",9,"['nodes_T6W30', 're_T6W30', 'l1_T6W30', 'l2_T6W30', 'lcc_T6W30', 'atd_T6W30', 'density_T6W30', 'diameter_T6W30', 'asp_T6W30']",0.02794980351259252,0.05051187419329363,398.0,0.039230838852943074,0.011281035340350553,0.1146211166464352,1.9659423239762661,3.479948486747616,3.516625436975052,398.0,3.498286961861334,0.01833847511371823,0.18632833172756716,1.9659423239762661,completed,10.522962093353271,True,COMPLETE
219,2.8681093342688797,2026-06-14 00:45:41.705101,2026-06-14 00:46:25.121916,0 days 00:00:43.416815,12,log2,3,3,352,ExtraTreesRegressor,6,False,-0.020407008909127368,-0.014799187374763191,398.0,-0.01760309814194528,0.0028039107671820876,0.02848917439003313,1.9659423239762661,2.8551527722461985,2.881065896291561,398.0,2.8681093342688797,0.012956562022681242,0.13164532883134913,1.9659423239762661,924029817010471.9,1035491474038602.4,398.0,979760645524537.1,55730828514065.3,566253859081931.9,1.9659423239762661,8.396500784004715,8.618112225592927,398.0,8.507306504798821,0.11080572079410661,1.125843068925175,1.9659423239762661,2.590969902856906,2.632338835104588,398.0,2.611654368980747,0.020684466123841016,0.2101648060501816,1.9659423239762661,399.0,0.7243107769423559,-0.036014708723219144,-0.02650643619284075,398.0,-0.03126057245802995,0.004754136265189194,0.048304467716379404,1.9659423239762661,ExtraTreesRegressor,"{'mode': 'original', 'type': 'ExtraTreesRegressor'}",6,"['nodes_T6W30', 'l1_T6W30', 'l2_T6W30', 'atd_T6W30', 'density_T6W30', 'asp_T6W30']",0.03154152917886484,0.05304342853758752,398.0,0.04229247885822618,0.010750949679361342,0.10923517390733915,1.9659423239762661,3.4827558852506293,3.519102315902204,398.0,3.5009291005764167,0.018173215325787338,0.1846492073513108,1.9659423239762661,completed,43.40928387641907,False,COMPLETE
220,2.8415739086287446,2026-06-14 00:46:25.133524,2026-06-14 00:46:53.634492,0 days 00:00:28.500968,2,log2,5,10,240,ExtraTreesRegressor,12,True,-0.009887817931957643,-0.006433958256855641,398.0,-0.008160888094406642,0.0017269298375510009,0.01754649465923858,1.9659423239762661,2.830096245254314,2.8530515720031753,398.0,2.8415739086287446,0.011477663374430605,0.11661895852444394,1.9659423239762661,932158137224172.8,1043252249229167.2,398.0,987705193226670.0,55547056002497.22,564386635919399.1,1.9659423239762661,8.172207314499117,8.367886685173625,398.0,8.27004699983637,0.09783968533725398,0.9941014851340249,1.9659423239762661,2.5589121502918064,2.592394306675993,398.0,2.5756532284838998,0.016741078192093486,0.17009795806414094,1.9659423239762661,399.0,0.38847117794486213,5.212258417412914e-05,0.004923211417633327,398.0,0.002487667000903728,0.0024355444167295987,0.024746382957334338,1.9659423239762661,ExtraTreesRegressor,"{'mode': 'original', 'type': 'ExtraTreesRegressor'}",12,"['nodes_T6W30', 're_T6W30', 'pe_T6W30', 'l1_T6W30', 'l2_T6W30', 'l3_T6W30', 'lcc_T6W30', 'lsc_T6W30', 'atd_T6W30', 'density_T6W30', 'diameter_T6W30', 'asp_T6W30']",0.09688554219932173,0.11932361914273078,398.0,0.10810458067102625,0.011219038471704528,0.11399119659934766,1.9659423239762661,3.4270190486408003,3.4611572414532583,398.0,3.4440881450470293,0.017069096406229133,0.17343079169600764,1.9659423239762661,completed,28.493577241897583,True,COMPLETE
221,2.9263818537275577,2026-06-14 00:46:53.646105,2026-06-14 00:47:03.992043,0 days 00:00:10.345938,20,,2,9,58,ExtraTreesRegressor,3,False,-0.042495780530474835,-0.03400476364662732,398.0,-0.03825027208855108,0.004245508441923758,0.04313654763624265,1.9659423239762661,2.9103550664832922,2.942408640971823,398.0,2.9263818537275577,0.016026787244265397,0.1628403949433474,1.9659423239762661,910182038969579.5,1021314326268162.5,398.0,965748182618871.0,55566143649291.516,564580576220418.2,1.9659423239762661,8.842110689829724,9.071459376832717,398.0,8.95678503333122,0.11467434350149727,1.1651502638081488,1.9659423239762661,2.5935920943852526,2.64528166607575,398.0,2.6194368802305013,0.02584478584524856,0.262596306428938,1.9659423239762661,399.0,0.8972431077694235,-0.0909871572736163,-0.07537975711267779,398.0,-0.08318345719314704,0.007803700080469247,0.07928960332194705,1.9659423239762661,ExtraTreesRegressor,"{'mode': 'original', 'type': 'ExtraTreesRegressor'}",3,"['l3_T6W30', 'density_T6W30', 'asp_T6W30']",0.014354515969335171,0.038235372484233254,398.0,0.026294944226784214,0.011940428257449042,0.12132088756163123,1.9659423239762661,3.5655146933829927,3.6077688889546153,398.0,3.586641791168804,0.02112709778581117,0.21466217121458414,1.9659423239762661,completed,10.338531017303467,False,COMPLETE
222,2.8521672039492514,2026-06-14 00:47:04.003660,2026-06-14 00:47:17.679274,0 days 00:00:13.675614,6,log2,3,2,93,ExtraTreesRegressor,5,True,-0.014671499768587549,-0.009276149759560356,398.0,-0.011973824764073953,0.0026976750045135953,0.027409764444272792,1.9659423239762661,2.8396030617262653,2.8647313461722375,398.0,2.8521672039492514,0.01256414222298605,0.1276581419927131,1.9659423239762661,917736292443352.1,1028168515780216.6,398.0,972952404111784.4,55216111668432.21,561024071405248.44,1.9659423239762661,8.392676174512344,8.61289476125208,398.0,8.502785467882212,0.11010929336986812,1.1187670083845354,1.9659423239762661,2.569676544374559,2.607923880595399,398.0,2.588800212484979,0.01912366811041999,0.1943062961031419,1.9659423239762661,399.0,0.6892230576441103,-0.030918087528545097,-0.021387926482531922,398.0,-0.02615300700553851,0.004765080523006587,0.04841566700031472,1.9659423239762661,ExtraTreesRegressor,"{'mode': 'original', 'type': 'ExtraTreesRegressor'}",5,"['nodes_T6W30', 'l1_T6W30', 'lcc_T6W30', 'atd_T6W30', 'density_T6W30']",0.04369921801815263,0.06587663361554157,398.0,0.0547879258168471,0.011088707798694464,0.11266696998157777,1.9659423239762661,3.474134729517778,3.5102395901761323,398.0,3.492187159846955,0.01805243032917698,0.18342196971150876,1.9659423239762661,completed,13.66825008392334,True,COMPLETE
223,2.8591368922129856,2026-06-14 00:47:17.691076,2026-06-14 00:48:12.670117,0 days 00:00:54.979041,18,sqrt,3,9,457,ExtraTreesRegressor,4,True,-0.01748365891315521,-0.011405921869401864,398.0,-0.014444790391278536,0.003038868521876672,0.03087646592802734,1.9659423239762661,2.84593513623355,2.872338648192421,398.0,2.8591368922129856,0.013201755979435573,0.1341366254428945,1.9659423239762661,915302001781307.0,1025912130228099.0,398.0,970607066004703.0,55305064223396.055,561927875078484.06,1.9659423239762661,8.494980655606842,8.716452562663104,398.0,8.605716609134973,0.11073595352813079,1.1251341976478275,1.9659423239762661,2.5934831823320006,2.638349510063837,398.0,2.6159163461979187,0.022433163865918017,0.2279324738064407,1.9659423239762661,399.0,0.7468671679197995,-0.04380721229498372,-0.03300913394306359,398.0,-0.038408173119023656,0.005399039175960068,0.05485701272053298,1.9659423239762661,ExtraTreesRegressor,"{'mode': 'original', 'type': 'ExtraTreesRegressor'}",4,"['nodes_T6W30', 'l1_T6W30', 'atd_T6W30', 'density_T6W30']",0.0456750853932858,0.06748099550264713,398.0,0.056578040447966466,0.010902955054680669,0.11077962663970868,1.9659423239762661,3.4941788504190145,3.5311359852522286,398.0,3.5126574178356216,0.018478567416607118,0.1877517415216363,1.9659423239762661,completed,54.971447229385376,True,COMPLETE
224,2.835250697109062,2026-06-14 00:48:12.681642,2026-06-14 00:48:49.209654,0 days 00:00:36.528012,20,log2,3,11,312,ExtraTreesRegressor,3,True,-0.007699524948578553,-0.0041651315279277,398.0,-0.005932328238253126,0.0017671967103254267,0.017955626780716466,1.9659423239762661,2.8238493891203165,2.8466520050978072,398.0,2.835250697109062,0.011401307988745406,0.11584314856505994,1.9659423239762661,935103251471757.5,1046501706115377.8,398.0,990802478793567.6,55699227321810.16,565932774728026.2,1.9659423239762661,8.213900132021024,8.403709488529667,398.0,8.308804810275346,0.09490467825432128,0.9642803048024959,1.9659423239762661,2.5680256492057985,2.599692106239073,398.0,2.583858877722436,0.01583322851663721,0.16087373879627814,1.9659423239762661,399.0,0.43859649122807015,-0.0015783826571043537,0.0034550733798529615,398.0,0.0009383453613743038,0.0025167280184786576,0.025571250073260547,1.9659423239762661,ExtraTreesRegressor,"{'mode': 'original', 'type': 'ExtraTreesRegressor'}",3,"['nodes_T6W30', 'l1_T6W30', 'density_T6W30']",0.07684077835286401,0.09882156973636433,398.0,0.08783117404461417,0.010990395691750164,0.11166806845012762,1.9659423239762661,3.429695475003234,3.4636526981079214,398.0,3.4466740865555776,0.016978611552343766,0.17251141907824505,1.9659423239762661,completed,36.52057695388794,True,COMPLETE
225,2.868642258039036,2026-06-14 00:48:49.221288,2026-06-14 00:49:31.893132,0 days 00:00:42.671844,17,sqrt,3,11,351,ExtraTreesRegressor,7,False,-0.020603659411918808,-0.014992932250931899,398.0,-0.017798295831425354,0.002805363580493455,0.028503935719911437,1.9659423239762661,2.8557163361303988,2.881568179947673,398.0,2.868642258039036,0.01292592190863689,0.13133400952598573,1.9659423239762661,925005207570769.8,1036288857364332.5,398.0,980647032467551.1,55641824896781.39,565349536589282.4,1.9659423239762661,8.40526436057591,8.619614185436006,398.0,8.512439273005958,0.10717491243004897,1.08895218998883,1.9659423239762661,2.6084876582912315,2.651491062952763,398.0,2.6299893606219973,0.02150170233076579,0.21846834590937894,1.9659423239762661,399.0,0.7343358395989975,-0.03805881433280063,-0.02856444335813732,398.0,-0.033311628845468975,0.004747185487331654,0.04823384424117914,1.9659423239762661,ExtraTreesRegressor,"{'mode': 'original', 'type': 'ExtraTreesRegressor'}",7,"['nodes_T6W30', 'l1_T6W30', 'lcc_T6W30', 'atd_T6W30', 'density_T6W30', 'diameter_T6W30', 'asp_T6W30']",0.028096345996410983,0.049603505248614004,398.0,0.03884992562251249,0.010753579626101512,0.10926189551781054,1.9659423239762661,3.4862613621096528,3.522514947055019,398.0,3.504388154582336,0.018126792472683003,0.18417752730597847,1.9659423239762661,completed,42.66435384750366,False,COMPLETE
226,2.892924390550217,2026-06-14 00:49:31.904893,2026-06-14 00:50:27.479358,0 days 00:00:55.574465,10,log2,4,8,452,ExtraTreesRegressor,8,True,-0.029391266481219112,-0.02345227493618121,398.0,-0.02642177070870016,0.002969495772518951,0.030171603142270995,1.9659423239762661,2.879677336787773,2.906171444312661,398.0,2.892924390550217,0.01324705376244387,0.1345968741978512,1.9659423239762661,926342122543347.5,1037816208110023.2,398.0,982079165326685.4,55737042783337.94,566316999251400.5,1.9659423239762661,8.465369416127096,8.683976491580164,398.0,8.57467295385363,0.10930353772653457,1.1105801169515557,1.9659423239762661,2.6143350462659747,2.6613193001348003,398.0,2.6378271732003875,0.0234921269344128,0.23869208280828924,1.9659423239762661,399.0,0.8345864661654135,-0.056040163800869715,-0.045708712070232284,398.0,-0.050874437935551,0.005165725865318713,0.05248642957923792,1.9659423239762661,ExtraTreesRegressor,"{'mode': 'original', 'type': 'ExtraTreesRegressor'}",8,"['nodes_T6W30', 're_T6W30', 'l1_T6W30', 'lcc_T6W30', 'atd_T6W30', 'density_T6W30', 'diameter_T6W30', 'asp_T6W30']",0.002213717237407313,0.02362679214750869,398.0,0.012920254692458001,0.010706537455050688,0.10878392288385988,1.9659423239762661,3.5153779889150867,3.552413290677041,398.0,3.533895639796064,0.018517650880977177,0.18814884960554448,1.9659423239762661,completed,55.56688594818115,True,COMPLETE
227,2.838935344213267,2026-06-14 00:50:27.491235,2026-06-14 00:50:59.245391,0 days 00:00:31.754156,14,sqrt,4,12,269,ExtraTreesRegressor,2,False,-0.008951411166694975,-0.005525480902382129,398.0,-0.0072384460345385525,0.001712965132156423,0.017404606075640254,1.9659423239762661,2.82758607866641,2.850284609760124,398.0,2.838935344213267,0.011349265546856915,0.11531437060964217,1.9659423239762661,932301363522283.8,1043649928633104.5,398.0,987975646077694.1,55674282555410.33,565679323081703.9,1.9659423239762661,8.206972298165892,8.401895491102886,398.0,8.30443389463439,0.09746159646849747,0.9902599079187271,1.9659423239762661,2.5466208678680187,2.5750516895017808,398.0,2.5608362786848997,0.01421541081688088,0.14443587953231848,1.9659423239762661,399.0,0.40100250626566414,-0.0016437863398317681,0.003577413721340977,398.0,0.0009668136907546046,0.0026106000305863727,0.02652503795930219,1.9659423239762661,ExtraTreesRegressor,"{'mode': 'original', 'type': 'ExtraTreesRegressor'}",2,"['lcc_T6W30', 'density_T6W30']",0.08750817077274751,0.1102834210016757,398.0,0.0988957958872116,0.01138762511446409,0.11570412353041196,1.9659423239762661,3.42954245701931,3.4637589422341533,398.0,3.4466506996267317,0.017108242607421463,0.17382853721827202,1.9659423239762661,completed,31.746800899505615,False,COMPLETE
228,2.8380486574668797,2026-06-14 00:50:59.257002,2026-06-14 00:51:30.272853,0 days 00:00:31.015851,2,sqrt,2,3,263,ExtraTreesRegressor,4,False,-0.008807602918885729,-0.0050328941319462755,398.0,-0.006920248525416002,0.0018873543934697266,0.019176490593312254,1.9659423239762661,2.8264511905173237,2.8496461244164357,398.0,2.8380486574668797,0.011597466949555848,0.11783622441758168,1.9659423239762661,927862061470449.0,1038549977917726.5,398.0,983206019694087.8,55343958223638.8,562323058109488.7,1.9659423239762661,8.1502658016293,8.34508561550017,398.0,8.247675708564735,0.09740990693543358,0.9897347156983355,1.9659423239762661,2.5508857189442096,2.5871646747157393,398.0,2.5690251968299744,0.01813947788576508,0.18430641762222347,1.9659423239762661,399.0,0.38596491228070173,-0.0006925218731542709,0.005269039698153941,398.0,0.002288258912499835,0.0029807807856541057,0.03028626467535692,1.9659423239762661,ExtraTreesRegressor,"{'mode': 'original', 'type': 'ExtraTreesRegressor'}",4,"['lcc_T6W30', 'atd_T6W30', 'diameter_T6W30', 'asp_T6W30']",0.11979959210434775,0.14363031798541132,398.0,0.13171495504487954,0.011915362940531788,0.12106621106009806,1.9659423239762661,3.427103300335804,3.461255147789309,398.0,3.4441792240625566,0.01707592372675277,0.1735001607812478,1.9659423239762661,completed,31.008336782455444,False,COMPLETE
229,2.9339441065313094,2026-06-14 00:51:30.284566,2026-06-14 00:51:31.323115,0 days 00:00:01.038549,11,sqrt,1,2,143,ExtraTreesRegressor,6,True,,,,,,,,,,,,,,,,,,,,,,,,,,,,,,,,,,,,,,,,,,,,,ExtraTreesRegressor,"{'mode': 'original', 'type': 'ExtraTreesRegressor'}",6,"['l1_T6W30', 'l3_T6W30', 'atd_T6W30', 'density_T6W30', 'diameter_T6W30', 'asp_T6W30']",,,,,,,,,,,,,,,pruned,,True,PRUNED
