number,value,datetime_start,datetime_complete,duration,params_et_max_depth,params_et_max_features,params_et_min_samples_leaf,params_et_min_samples_split,params_et_n_estimators,params_regressor,params_rfe_n_features,params_use_scaler,user_attrs_d2mae_ci_lower_val,user_attrs_d2mae_ci_upper_val,user_attrs_d2mae_df_val,user_attrs_d2mae_mean_val,user_attrs_d2mae_samperror_val,user_attrs_d2mae_std_val,user_attrs_d2mae_t_critical_val,user_attrs_mae_ci_lower_val,user_attrs_mae_ci_upper_val,user_attrs_mae_df_val,user_attrs_mae_mean_val,user_attrs_mae_samperror_val,user_attrs_mae_std_val,user_attrs_mae_t_critical_val,user_attrs_mape_ci_lower_val,user_attrs_mape_ci_upper_val,user_attrs_mape_df_val,user_attrs_mape_mean_val,user_attrs_mape_samperror_val,user_attrs_mape_std_val,user_attrs_mape_t_critical_val,user_attrs_max_error_ci_lower_val,user_attrs_max_error_ci_upper_val,user_attrs_max_error_df_val,user_attrs_max_error_mean_val,user_attrs_max_error_samperror_val,user_attrs_max_error_std_val,user_attrs_max_error_t_critical_val,user_attrs_median_ae_ci_lower_val,user_attrs_median_ae_ci_upper_val,user_attrs_median_ae_df_val,user_attrs_median_ae_mean_val,user_attrs_median_ae_samperror_val,user_attrs_median_ae_std_val,user_attrs_median_ae_t_critical_val,user_attrs_n_splits_val,user_attrs_r2_below_zero_val,user_attrs_r2_ci_lower_val,user_attrs_r2_ci_upper_val,user_attrs_r2_df_val,user_attrs_r2_mean_val,user_attrs_r2_samperror_val,user_attrs_r2_std_val,user_attrs_r2_t_critical_val,user_attrs_regressor_final,user_attrs_rfe_estimator,user_attrs_rfe_n_features,user_attrs_rfe_selected_features,user_attrs_rho_ci_lower_val,user_attrs_rho_ci_upper_val,user_attrs_rho_df_val,user_attrs_rho_mean_val,user_attrs_rho_samperror_val,user_attrs_rho_std_val,user_attrs_rho_t_critical_val,user_attrs_rmse_ci_lower_val,user_attrs_rmse_ci_upper_val,user_attrs_rmse_df_val,user_attrs_rmse_mean_val,user_attrs_rmse_samperror_val,user_attrs_rmse_std_val,user_attrs_rmse_t_critical_val,user_attrs_termination_reason,user_attrs_trial_time_seconds,user_attrs_use_scaler_final,state
330,2.881636109191329,2026-06-14 01:37:51.976944,2026-06-14 01:38:30.053985,0 days 00:00:38.077041,8,sqrt,2,4,302,ExtraTreesRegressor,7,False,-0.02532911142822612,-0.019503274296074905,398.0,-0.022416192862150512,0.002912918566075606,0.029596749648454126,1.9659423239762661,2.868528645593321,2.8947435727893374,398.0,2.881636109191329,0.013107463598008321,0.13317856638852874,1.9659423239762661,919609544363159.2,1030250099914476.2,398.0,974929822138817.8,55320277775658.45,562082452588071.06,1.9659423239762661,8.472275440507605,8.687757662839875,398.0,8.58001655167374,0.1077411111661348,1.0947050601302635,1.9659423239762661,2.584771249714917,2.626564040911096,398.0,2.6056676453130065,0.02089639559808927,0.21231811842406806,1.9659423239762661,399.0,0.7744360902255639,-0.045812331405483235,-0.03565800253501144,398.0,-0.04073516697024734,0.005077164435235897,0.051586599935801836,1.9659423239762661,ExtraTreesRegressor,"{'mode': 'original', 'type': 'ExtraTreesRegressor'}",7,"['nodes_T6W30', 'l1_T6W30', 'l2_T6W30', 'l3_T6W30', 'atd_T6W30', 'density_T6W30', 'asp_T6W30']",0.019753414023366958,0.04080559053393654,398.0,0.030279502278651747,0.010526088255284788,0.10695046627716506,1.9659423239762661,3.498453313176479,3.5351456176802474,398.0,3.516799465428363,0.018346152251884382,0.1864063353967965,1.9659423239762661,completed,38.068991899490356,False,COMPLETE
331,2.853668859218115,2026-06-14 01:38:30.066578,2026-06-14 01:39:13.747872,0 days 00:00:43.681294,2,,4,4,369,ExtraTreesRegressor,11,True,-0.014928154513172467,-0.010057243862482601,398.0,-0.012492699187827534,0.0024354553253449324,0.024745477743079978,1.9659423239762661,2.841425012422732,2.8659127060134986,398.0,2.853668859218115,0.012243846795383193,0.12440377584094055,1.9659423239762661,919467611902445.1,1029666426924462.1,398.0,974567019413453.6,55099407511008.48,559838297188821.44,1.9659423239762661,8.266287937381284,8.484736857132935,398.0,8.37551239725711,0.10922445987582531,1.1097766453483886,1.9659423239762661,2.541198950268455,2.5801526772132974,398.0,2.5606758137408763,0.019476863472421033,0.19789494249644746,1.9659423239762661,399.0,0.568922305764411,-0.01856574895382448,-0.010549099588223032,398.0,-0.014557424271023757,0.0040083246828007246,0.040726638749259546,1.9659423239762661,ExtraTreesRegressor,"{'mode': 'original', 'type': 'ExtraTreesRegressor'}",11,"['nodes_T6W30', 'edges_T6W30', 're_T6W30', 'l1_T6W30', 'l2_T6W30', 'l3_T6W30', 'lcc_T6W30', 'atd_T6W30', 'density_T6W30', 'diameter_T6W30', 'asp_T6W30']",0.0667258799486822,0.08838471668814454,398.0,0.07755529831841337,0.010829418369731175,0.11003245612839582,1.9659423239762661,3.4550798608825573,3.490524526374555,398.0,3.472802193628556,0.01772233274599899,0.18006800862153535,1.9659423239762661,completed,43.67384696006775,True,COMPLETE
332,2.8898222831092086,2026-06-14 01:39:13.759591,2026-06-14 01:40:02.239479,0 days 00:00:48.479888,13,sqrt,4,10,395,ExtraTreesRegressor,10,True,-0.02808332803531891,-0.0224843001551679,398.0,-0.025283814095243405,0.0027995139400755036,0.028444500366997732,1.9659423239762661,2.8766620810430488,2.9029824851753685,398.0,2.8898222831092086,0.013160202066159745,0.1337144163284821,1.9659423239762661,925260713166454.0,1036692633287381.0,398.0,980976673226917.5,55715960060463.445,566102787952090.2,1.9659423239762661,8.449623371143824,8.664044759074075,398.0,8.55683406510895,0.10721069396512509,1.089315748774173,1.9659423239762661,2.6020144923468957,2.646373011598327,398.0,2.6241937519726113,0.022179259625715365,0.22535267623864152,1.9659423239762661,399.0,0.8295739348370927,-0.049083226261847496,-0.03966097463293336,398.0,-0.04437210044739043,0.004711125814457064,0.047867459432862226,1.9659423239762661,ExtraTreesRegressor,"{'mode': 'original', 'type': 'ExtraTreesRegressor'}",10,"['nodes_T6W30', 're_T6W30', 'l1_T6W30', 'l2_T6W30', 'l3_T6W30', 'lcc_T6W30', 'atd_T6W30', 'density_T6W30', 'diameter_T6W30', 'asp_T6W30']",-0.006903878345840922,0.014267660037232314,398.0,0.0036818908456956955,0.010585769191536618,0.10755685526091564,1.9659423239762661,3.5047716378629015,3.541959608633132,398.0,3.523365623248017,0.018593985385115388,0.18892444739767958,1.9659423239762661,completed,48.47238516807556,True,COMPLETE
333,2.8642979057647775,2026-06-14 01:40:02.251938,2026-06-14 01:40:19.565779,0 days 00:00:17.313841,5,sqrt,4,11,126,ExtraTreesRegressor,9,False,-0.018934423222678645,-0.013550956278347638,398.0,-0.016242689750513142,0.002691733472165504,0.027349395422123453,1.9659423239762661,2.851473119720717,2.877122691808838,398.0,2.8642979057647775,0.01282478604406052,0.13030641716579852,1.9659423239762661,917457603961236.2,1027420012159910.5,398.0,972438808060573.4,54981204099337.18,558637289778737.3,1.9659423239762661,8.332061880058552,8.541496122736712,398.0,8.436779001397632,0.10471712133907933,1.0639797693881294,1.9659423239762661,2.560330742546431,2.6022987877069044,398.0,2.5813147651266677,0.020984022580236846,0.21320845359624738,1.9659423239762661,399.0,0.6917293233082706,-0.030398497347781384,-0.0214670715073016,398.0,-0.025932784427541492,0.00446571292023989,0.04537393830417725,1.9659423239762661,ExtraTreesRegressor,"{'mode': 'original', 'type': 'ExtraTreesRegressor'}",9,"['nodes_T6W30', 're_T6W30', 'l1_T6W30', 'l3_T6W30', 'lcc_T6W30', 'atd_T6W30', 'density_T6W30', 'diameter_T6W30', 'asp_T6W30']",0.03371435593179759,0.05559920678023459,398.0,0.04465678135601609,0.010942425424218501,0.1111806658789611,1.9659423239762661,3.4739438186542815,3.510234779931676,398.0,3.492089299292979,0.018145480638697472,0.18436740867697202,1.9659423239762661,completed,17.306572914123535,False,COMPLETE
334,2.8486750485832446,2026-06-14 01:40:19.578185,2026-06-14 01:41:00.122036,0 days 00:00:40.543851,4,,4,7,335,ExtraTreesRegressor,4,True,-0.013693518543734483,-0.007754664541750458,398.0,-0.01072409154274247,0.0029694270009920118,0.030170904388213994,1.9659423239762661,2.8355689911094304,2.861781106057059,398.0,2.8486750485832446,0.01310605747381431,0.1331642794440774,1.9659423239762661,905524832530326.1,1014657747334683.6,398.0,960091289932504.9,54566457402178.74,554423250187558.8,1.9659423239762661,8.415533832478934,8.645018800141395,398.0,8.530276316310164,0.114742483831231,1.1658426045771562,1.9659423239762661,2.56276499087937,2.6039453104136783,398.0,2.583355150646524,0.020590159767154177,0.20920660499999622,1.9659423239762661,399.0,0.6340852130325815,-0.030687734224919046,-0.020054450615315956,398.0,-0.0253710924201175,0.005316641804801546,0.05401981308362207,1.9659423239762661,ExtraTreesRegressor,"{'mode': 'original', 'type': 'ExtraTreesRegressor'}",4,"['nodes_T6W30', 'l1_T6W30', 'atd_T6W30', 'density_T6W30']",0.05750759543200952,0.07947947271899973,398.0,0.06849353407550463,0.010985938643495103,0.11162278254927464,1.9659423239762661,3.4720832400292325,3.509291119101122,398.0,3.4906871795651773,0.018603939535944542,0.18902558668577518,1.9659423239762661,completed,40.53635621070862,True,COMPLETE
335,2.991901829392318,2026-06-14 01:41:00.133630,2026-06-14 01:41:03.561454,0 days 00:00:03.427824,11,,1,4,459,ExtraTreesRegressor,9,False,,,,,,,,,,,,,,,,,,,,,,,,,,,,,,,,,,,,,,,,,,,,,ExtraTreesRegressor,"{'mode': 'original', 'type': 'ExtraTreesRegressor'}",9,"['re_T6W30', 'pe_T6W30', 'l1_T6W30', 'l2_T6W30', 'l3_T6W30', 'lsc_T6W30', 'atd_T6W30', 'density_T6W30', 'asp_T6W30']",,,,,,,,,,,,,,,pruned,,False,PRUNED
336,2.8796720985560125,2026-06-14 01:41:03.567034,2026-06-14 01:41:47.661093,0 days 00:00:44.094059,7,sqrt,4,12,362,ExtraTreesRegressor,10,True,-0.024389126643626052,-0.018968238134492367,398.0,-0.02167868238905921,0.002710444254566843,0.027539506587230686,1.9659423239762661,2.8666687994601707,2.892675397651854,398.0,2.8796720985560125,0.013003299095841562,0.1321202015139353,1.9659423239762661,923096806950130.6,1034038462681557.6,398.0,978567634815844.1,55470827865713.516,563612118874250.5,1.9659423239762661,8.407260612123572,8.62246718410205,398.0,8.51486389811281,0.10760328598923842,1.0933046855014072,1.9659423239762661,2.5863491376228023,2.629270171498769,398.0,2.6078096545607856,0.021460516937983502,0.2180498811525722,1.9659423239762661,399.0,0.7744360902255639,-0.04069741084124254,-0.031625650698623636,398.0,-0.03616153076993309,0.0045358800713094505,0.04608687261958754,1.9659423239762661,ExtraTreesRegressor,"{'mode': 'original', 'type': 'ExtraTreesRegressor'}",10,"['nodes_T6W30', 're_T6W30', 'l1_T6W30', 'l2_T6W30', 'l3_T6W30', 'lcc_T6W30', 'atd_T6W30', 'density_T6W30', 'diameter_T6W30', 'asp_T6W30']",0.005344663541929971,0.0263902614261843,398.0,0.015867462484057137,0.010522798942127166,0.10691704516502851,1.9659423239762661,3.491114001353286,3.52797775915084,398.0,3.509545880252063,0.018431878898776947,0.1872773621861581,1.9659423239762661,completed,44.08667302131653,True,COMPLETE
337,2.891152312499918,2026-06-14 01:41:47.672731,2026-06-14 01:42:10.918928,0 days 00:00:23.246197,14,sqrt,4,10,169,ExtraTreesRegressor,10,False,-0.02860254548918285,-0.022913547792009773,398.0,-0.025758046640596312,0.0028444988485865387,0.028901570156268718,1.9659423239762661,2.8779283516712777,2.904376273328558,398.0,2.891152312499918,0.013223960828640333,0.13436223812240733,1.9659423239762661,924233137843880.2,1035514557070884.8,398.0,979873847457382.5,55640709613502.31,565338204737996.6,1.9659423239762661,8.46176766502612,8.677470232728322,398.0,8.56961894887722,0.1078512838511002,1.0958244712298368,1.9659423239762661,2.603396685783636,2.64870392307932,398.0,2.626050304431478,0.02265361864784168,0.2301724076876647,1.9659423239762661,399.0,0.8245614035087719,-0.050270670349793614,-0.04073109458573897,398.0,-0.04550088246776629,0.004769787882027323,0.04846349618718753,1.9659423239762661,ExtraTreesRegressor,"{'mode': 'original', 'type': 'ExtraTreesRegressor'}",10,"['nodes_T6W30', 're_T6W30', 'l1_T6W30', 'l2_T6W30', 'l3_T6W30', 'lcc_T6W30', 'atd_T6W30', 'density_T6W30', 'diameter_T6W30', 'asp_T6W30']",-0.0077653346473348294,0.013774179069969302,398.0,0.003004422211317237,0.010769756858652066,0.10942626451438316,1.9659423239762661,3.506607930701826,3.5438867291932294,398.0,3.5252473299475278,0.01863939924570156,0.18938587556048248,1.9659423239762661,completed,23.238749265670776,False,COMPLETE
338,2.8680638180793854,2026-06-14 01:42:10.931350,2026-06-14 01:42:21.406903,0 days 00:00:10.475553,6,log2,5,2,64,ExtraTreesRegressor,10,False,-0.02022259166556722,-0.014927398964007046,398.0,-0.017574995314787133,0.0026475963507800876,0.026900939585746426,1.9659423239762661,2.8552846271440293,2.8808430090147414,398.0,2.8680638180793854,0.01277919093535591,0.12984314742896463,1.9659423239762661,921959673829991.4,1032222494079183.9,398.0,977091083954587.6,55131410124596.25,560163460189766.5,1.9659423239762661,8.359607788804617,8.570503306553142,398.0,8.46505554767888,0.10544775887426223,1.0714034222373423,1.9659423239762661,2.563109558887069,2.6040951829158328,398.0,2.583602370901451,0.020492812014381887,0.20821750180253792,1.9659423239762661,399.0,0.7243107769423559,-0.03337159947886539,-0.024573167805707966,398.0,-0.028972383642286676,0.00439921583657871,0.04469829375976976,1.9659423239762661,ExtraTreesRegressor,"{'mode': 'original', 'type': 'ExtraTreesRegressor'}",10,"['nodes_T6W30', 're_T6W30', 'l1_T6W30', 'l3_T6W30', 'lcc_T6W30', 'lsc_T6W30', 'atd_T6W30', 'density_T6W30', 'diameter_T6W30', 'asp_T6W30']",0.02065944488143296,0.04220733009946661,398.0,0.031433387490449785,0.010773942609016825,0.10946879388924433,1.9659423239762661,3.4791207721547703,3.5155659495351,398.0,3.497343360844935,0.018222588690164833,0.18515086610751536,1.9659423239762661,completed,10.468270063400269,False,COMPLETE
339,2.8698749496459204,2026-06-14 01:42:21.511844,2026-06-14 01:43:15.243414,0 days 00:00:53.731570,8,log2,5,11,450,ExtraTreesRegressor,8,False,-0.020956397290840707,-0.015487840752352338,398.0,-0.01822211902159652,0.002734278269244184,0.027781672425211252,1.9659423239762661,2.856981639656056,2.882768259635785,398.0,2.8698749496459204,0.012893309989864687,0.1310026556712307,1.9659423239762661,922150492072246.0,1033099217619212.0,398.0,977624854845729.0,55474362773483.04,563648035353860.9,1.9659423239762661,8.393018417507834,8.605186168668714,398.0,8.499102293088274,0.1060838755804401,1.0778666948873945,1.9659423239762661,2.589866656924178,2.6325074528876193,398.0,2.6111870549058986,0.0213203979817206,0.21662620054652532,1.9659423239762661,399.0,0.7343358395989975,-0.03690990395369119,-0.027592642087727826,398.0,-0.03225127302070951,0.00465863093298168,0.047334084458722316,1.9659423239762661,ExtraTreesRegressor,"{'mode': 'original', 'type': 'ExtraTreesRegressor'}",8,"['nodes_T6W30', 'l1_T6W30', 'l3_T6W30', 'lcc_T6W30', 'atd_T6W30', 'density_T6W30', 'diameter_T6W30', 'asp_T6W30']",0.018098980267445483,0.039490439398218585,398.0,0.028794709832832034,0.010695729565386553,0.10867410917044443,1.9659423239762661,3.4844843156181096,3.520973700297003,398.0,3.5027290079575564,0.01824469233944695,0.18537545054380508,1.9659423239762661,completed,53.72302794456482,False,COMPLETE
340,2.8332807038882573,2026-06-14 01:43:15.256095,2026-06-14 01:44:10.810502,0 days 00:00:55.554407,8,log2,5,10,500,ExtraTreesRegressor,2,False,-0.006836228227962245,-0.0035968248356405977,398.0,-0.0052165265318014215,0.0016197016961608235,0.016457001635659236,1.9659423239762661,2.821946201321169,2.8446152064553454,398.0,2.8332807038882573,0.011334502567088052,0.1151643711481492,1.9659423239762661,932494425825576.8,1044039834549938.0,398.0,988267130187757.4,55772704362180.664,566679339219763.9,1.9659423239762661,8.213597563197046,8.414367471865765,398.0,8.313982517531405,0.10038495433435861,1.019962726218003,1.9659423239762661,2.5288171340361734,2.5578832240128344,398.0,2.543350179024504,0.01453304498833058,0.14766320595389307,1.9659423239762661,399.0,0.3433583959899749,0.0028651607359382824,0.007583040786623557,398.0,0.00522410076128092,0.0023589400253426376,0.023968042972050574,1.9659423239762661,ExtraTreesRegressor,"{'mode': 'original', 'type': 'ExtraTreesRegressor'}",2,"['atd_T6W30', 'density_T6W30']",0.10607051524117463,0.12925571386831253,398.0,0.11766311455474357,0.011592599313568947,0.11778676673436256,1.9659423239762661,3.4222701151280086,3.4566644406291367,398.0,3.4394672778785726,0.017197162750564005,0.174732011570746,1.9659423239762661,completed,55.546916007995605,False,COMPLETE
341,2.838872264562446,2026-06-14 01:44:10.823087,2026-06-14 01:44:20.670280,0 days 00:00:09.847193,8,log2,3,10,60,ExtraTreesRegressor,2,True,-0.00920607519790222,-0.005199366330390455,398.0,-0.0072027207641463375,0.0020033544337558825,0.020355110617759187,1.9659423239762661,2.827059587450695,2.850684941674197,398.0,2.838872264562446,0.011812677111751116,0.1200228702670322,1.9659423239762661,945394822540175.6,1057604047688918.6,398.0,1001499435114547.1,56104612574371.53,570051697231032.8,1.9659423239762661,8.189715875559209,8.37090467785756,398.0,8.280310276708384,0.09059440114917593,0.9204856742617878,1.9659423239762661,2.5752663926091857,2.609222000416261,398.0,2.5922441965127234,0.016977803903537644,0.1725032129513052,1.9659423239762661,399.0,0.5263157894736842,-0.006343667976136109,-0.0006687526509282105,398.0,-0.00350621031353216,0.0028374576626039494,0.0288300280880551,1.9659423239762661,ExtraTreesRegressor,"{'mode': 'original', 'type': 'ExtraTreesRegressor'}",2,"['nodes_T6W30', 'l1_T6W30']",0.04741450018544199,0.07045706476388837,398.0,0.05893578247466518,0.01152128228922319,0.11706214911551928,1.9659423239762661,3.437145404851726,3.4712909155208123,398.0,3.454218160186269,0.01707275533454293,0.1734679682880848,1.9659423239762661,completed,9.83995008468628,True,COMPLETE
342,2.847354097112333,2026-06-14 01:44:20.682050,2026-06-14 01:45:06.511309,0 days 00:00:45.829259,2,,4,11,393,ExtraTreesRegressor,9,True,-0.01270911122387336,-0.007799055826133505,398.0,-0.010254083525003432,0.0024550276988699266,0.024944343116795425,1.9659423239762661,2.83511595354425,2.859592240680416,398.0,2.847354097112333,0.012238143568083145,0.12434582812054988,1.9659423239762661,915259578776986.0,1025082272317711.5,398.0,970170925547348.8,54911346770362.77,557927503415038.6,1.9659423239762661,8.2430486641822,8.457767730855107,398.0,8.350408197518654,0.10735953333645318,1.0908280332789078,1.9659423239762661,2.535139225878878,2.574824861907999,398.0,2.5549820438934385,0.019842818014560806,0.20161322871720422,1.9659423239762661,399.0,0.5338345864661654,-0.014018805874250998,-0.005954245346005487,398.0,-0.009986525610128243,0.004032280264122756,0.040970039766826116,1.9659423239762661,ExtraTreesRegressor,"{'mode': 'original', 'type': 'ExtraTreesRegressor'}",9,"['nodes_T6W30', 'l1_T6W30', 'l2_T6W30', 'l3_T6W30', 'lcc_T6W30', 'atd_T6W30', 'density_T6W30', 'diameter_T6W30', 'asp_T6W30']",0.0825528943595771,0.10454309102236725,398.0,0.09354799269097218,0.010995098331395076,0.11171584968571667,1.9659423239762661,3.447296909186695,3.4825112360008776,398.0,3.4649040725937863,0.01760716340709148,0.17889782895001238,1.9659423239762661,completed,45.8213791847229,True,COMPLETE
343,2.988944321491381,2026-06-14 01:45:06.546539,2026-06-14 01:45:09.055605,0 days 00:00:02.509066,10,,2,9,391,ExtraTreesRegressor,13,False,,,,,,,,,,,,,,,,,,,,,,,,,,,,,,,,,,,,,,,,,,,,,ExtraTreesRegressor,"{'mode': 'original', 'type': 'ExtraTreesRegressor'}",13,"['nodes_T6W30', 'edges_T6W30', 're_T6W30', 'pe_T6W30', 'l1_T6W30', 'l2_T6W30', 'l3_T6W30', 'lcc_T6W30', 'lsc_T6W30', 'atd_T6W30', 'density_T6W30', 'diameter_T6W30', 'asp_T6W30']",,,,,,,,,,,,,,,pruned,,False,PRUNED
344,2.8404432345749906,2026-06-14 01:45:09.061139,2026-06-14 01:45:27.712667,0 days 00:00:18.651528,20,sqrt,4,12,145,ExtraTreesRegressor,2,False,-0.009443003864980554,-0.006081611051621756,398.0,-0.007762307458301155,0.001680696406679399,0.01707673924113933,1.9659423239762661,2.8290482705467777,2.8518381986032035,398.0,2.8404432345749906,0.01139496402821288,0.11577869066573947,1.9659423239762661,932091120100035.2,1043445571332716.0,398.0,987768345716375.6,55677225616340.42,565709226093261.6,1.9659423239762661,8.244365945110127,8.450369166767958,398.0,8.347367555939043,0.10300161082891567,1.0465493009638063,1.9659423239762661,2.5383319145456267,2.56822650212782,398.0,2.5532792083367233,0.014947293791096631,0.15187218668216532,1.9659423239762661,399.0,0.43609022556390975,-0.003862296417207757,0.0013264796716950492,398.0,-0.0012679083727563539,0.002594388044451403,0.02636031584845124,1.9659423239762661,ExtraTreesRegressor,"{'mode': 'original', 'type': 'ExtraTreesRegressor'}",2,"['nodes_T6W30', 'density_T6W30']",0.0836637405701127,0.105942658849243,398.0,0.09480319970967785,0.011139459139565154,0.1131826296871276,1.9659423239762661,3.4333009896430084,3.4678900361801457,398.0,3.450595512911577,0.017294523268568465,0.17572124446952347,1.9659423239762661,completed,18.644266843795776,False,COMPLETE
345,2.9487388570671365,2026-06-14 01:45:27.725662,2026-06-14 01:45:30.038414,0 days 00:00:02.312752,9,,1,12,355,ExtraTreesRegressor,9,False,,,,,,,,,,,,,,,,,,,,,,,,,,,,,,,,,,,,,,,,,,,,,ExtraTreesRegressor,"{'mode': 'original', 'type': 'ExtraTreesRegressor'}",9,"['nodes_T6W30', 'l1_T6W30', 'l2_T6W30', 'l3_T6W30', 'lsc_T6W30', 'atd_T6W30', 'density_T6W30', 'diameter_T6W30', 'asp_T6W30']",,,,,,,,,,,,,,,pruned,,False,PRUNED
