number,value,datetime_start,datetime_complete,duration,params_regressor,params_rfe_n_features,params_use_scaler,user_attrs_d2mae_ci_lower_val,user_attrs_d2mae_ci_upper_val,user_attrs_d2mae_df_val,user_attrs_d2mae_mean_val,user_attrs_d2mae_samperror_val,user_attrs_d2mae_std_val,user_attrs_d2mae_t_critical_val,user_attrs_mae_ci_lower_val,user_attrs_mae_ci_upper_val,user_attrs_mae_df_val,user_attrs_mae_mean_val,user_attrs_mae_samperror_val,user_attrs_mae_std_val,user_attrs_mae_t_critical_val,user_attrs_mape_ci_lower_val,user_attrs_mape_ci_upper_val,user_attrs_mape_df_val,user_attrs_mape_mean_val,user_attrs_mape_samperror_val,user_attrs_mape_std_val,user_attrs_mape_t_critical_val,user_attrs_max_error_ci_lower_val,user_attrs_max_error_ci_upper_val,user_attrs_max_error_df_val,user_attrs_max_error_mean_val,user_attrs_max_error_samperror_val,user_attrs_max_error_std_val,user_attrs_max_error_t_critical_val,user_attrs_median_ae_ci_lower_val,user_attrs_median_ae_ci_upper_val,user_attrs_median_ae_df_val,user_attrs_median_ae_mean_val,user_attrs_median_ae_samperror_val,user_attrs_median_ae_std_val,user_attrs_median_ae_t_critical_val,user_attrs_n_splits_val,user_attrs_r2_below_zero_val,user_attrs_r2_ci_lower_val,user_attrs_r2_ci_upper_val,user_attrs_r2_df_val,user_attrs_r2_mean_val,user_attrs_r2_samperror_val,user_attrs_r2_std_val,user_attrs_r2_t_critical_val,user_attrs_regressor_final,user_attrs_rfe_estimator,user_attrs_rfe_n_features,user_attrs_rfe_selected_features,user_attrs_rho_ci_lower_val,user_attrs_rho_ci_upper_val,user_attrs_rho_df_val,user_attrs_rho_mean_val,user_attrs_rho_samperror_val,user_attrs_rho_std_val,user_attrs_rho_t_critical_val,user_attrs_rmse_ci_lower_val,user_attrs_rmse_ci_upper_val,user_attrs_rmse_df_val,user_attrs_rmse_mean_val,user_attrs_rmse_samperror_val,user_attrs_rmse_std_val,user_attrs_rmse_t_critical_val,user_attrs_termination_reason,user_attrs_trial_time_seconds,user_attrs_use_scaler_final,state
72,2.9124065329798787,2026-06-13 17:18:07.691950,2026-06-13 17:18:11.136509,0 days 00:00:03.444559,LinearRegression,9,False,-0.03751560123442927,-0.029337116495751322,398,-0.033426358865090294,0.004089242369338973,0.041548804029983864,1.9659423239762661,2.8974332948718193,2.927379771087938,398,2.9124065329798787,0.014973238108059238,0.152135794275898,1.9659423239762661,916692558801514.5,1027179366472233.0,398,971935962636873.8,55243403835359.195,561301373847310.94,1.9659423239762661,8.450310124726014,8.68727337309325,398,8.568791748909632,0.11848162418361698,1.203834192189265,1.9659423239762661,2.542553601060635,2.5829789147092272,398,2.562766257884931,0.020212656824296224,0.2053709810929489,1.9659423239762661,399,0.7543859649122807,-0.07070691789909775,-0.05414190246319626,398,-0.06242441018114701,0.008282507717950749,0.08415453498922662,1.9659423239762661,LinearRegression,"{'mode': 'original', 'type': 'LinearRegression'}",9,"['nodes_T6W30', 'edges_T6W30', 're_T6W30', 'l1_T6W30', 'l2_T6W30', 'lcc_T6W30', 'atd_T6W30', 'density_T6W30', 'asp_T6W30']",0.03634883193506699,0.06028918367101032,398,0.048319007803038654,0.011970175867971665,0.12162313857253534,1.9659423239762661,3.530698629064634,3.571723385950724,398,3.551211007507679,0.020512378443045196,0.2084163067734034,1.9659423239762661,completed,3.436311960220337,False,COMPLETE
73,2.8962135520275485,2026-06-13 17:18:11.148861,2026-06-13 17:18:14.831447,0 days 00:00:03.682586,LinearRegression,8,True,-0.03161607660480649,-0.023678785057724104,398,-0.027647430831265297,0.003968645773541192,0.04032348063926121,1.9659423239762661,2.881356680698364,2.911070423356733,398,2.8962135520275485,0.014856871329184475,0.15095344799891525,1.9659423239762661,919567386094906.0,1030487465250095.5,398,975027425672500.8,55460039577594.805,563502504322610.2,1.9659423239762661,8.40328588229964,8.644588931434049,398,8.523937406866844,0.1206515245672046,1.2258814952491819,1.9659423239762661,2.525777068508479,2.5653843289830927,398,2.545580698745786,0.01980363023730684,0.20121506076078668,1.9659423239762661,399,0.7017543859649122,-0.05620440174210125,-0.04099479747455192,398,-0.048599599608326584,0.007604802133774666,0.0772686979652134,1.9659423239762661,LinearRegression,"{'mode': 'original', 'type': 'LinearRegression'}",8,"['nodes_T6W30', 're_T6W30', 'l1_T6W30', 'l2_T6W30', 'lcc_T6W30', 'atd_T6W30', 'density_T6W30', 'diameter_T6W30']",0.056452468481927205,0.08063436718464387,398,0.06854341783328553,0.01209094935135833,0.12285025923206776,1.9659423239762661,3.508420563127311,3.548660749267892,398,3.5285406561976016,0.0201200930702905,0.204430485781568,1.9659423239762661,completed,3.674453020095825,True,COMPLETE
74,2.8430681474550843,2026-06-13 17:18:14.844963,2026-06-13 17:18:18.236775,0 days 00:00:03.391812,LinearRegression,5,False,-0.012037554943572268,-0.005562426883869289,398,-0.008799990913720778,0.0032375640298514894,0.032895314403330184,1.9659423239762661,2.829876543528143,2.8562597513820256,398,2.8430681474550843,0.01319160392694111,0.13403347537217306,1.9659423239762661,909248938900762.4,1018393420881882.6,398,963821179891322.5,54572240990560.11,554482014417835.1,1.9659423239762661,8.166352452836707,8.374630737809396,398,8.270491595323051,0.10413914248634426,1.0581072072074618,1.9659423239762661,2.5555464638734287,2.595320979960421,398,2.5754337219169248,0.019887258043495937,0.20206476224995765,1.9659423239762661,399,0.5388471177944862,-0.018557289493003858,-0.006444683547405849,398,-0.012500986520204854,0.006056302972799005,0.061535150679687144,1.9659423239762661,LinearRegression,"{'mode': 'original', 'type': 'LinearRegression'}",5,"['edges_T6W30', 're_T6W30', 'l1_T6W30', 'atd_T6W30', 'density_T6W30']",0.09523932637622425,0.11990421317753934,398,0.10757176977688179,0.012332443400657542,0.12530396288239998,1.9659423239762661,3.449622843598887,3.4860540396793387,398,3.467838441639113,0.018215598040225812,0.18507983751147603,1.9659423239762661,completed,3.3833088874816895,False,COMPLETE
75,2.8597694652366177,2026-06-13 17:18:18.248412,2026-06-13 17:18:21.578071,0 days 00:00:03.329659,LinearRegression,6,False,-0.018063424979408663,-0.011295326208620192,398,-0.014679375594014428,0.003384049385394235,0.03438368089790211,1.9659423239762661,2.8459755493161687,2.8735633811570667,398,2.8597694652366177,0.013793915920449186,0.14015327476846592,1.9659423239762661,914326273451419.4,1024256603256255.1,398,969291438353837.2,54965164902417.87,558474323295117.9,1.9659423239762661,8.180635134804247,8.38446246341635,398,8.282548799110298,0.10191366430605167,1.03549520517029,1.9659423239762661,2.54854596119697,2.5887704078696654,398,2.5686581845333176,0.020112223336347646,0.2043505252402679,1.9659423239762661,399,0.5839598997493735,-0.026748105024731454,-0.014080319406776058,398,-0.020414212215753756,0.006333892808977697,0.0643556060751858,1.9659423239762661,LinearRegression,"{'mode': 'original', 'type': 'LinearRegression'}",6,"['edges_T6W30', 're_T6W30', 'l1_T6W30', 'l2_T6W30', 'atd_T6W30', 'density_T6W30']",0.09059834261138781,0.11505939891431989,398,0.10282887076285385,0.012230528151466042,0.12426845157397902,1.9659423239762661,3.462714567546525,3.499840408981051,398,3.481277488263788,0.018562920717263214,0.18860881440744054,1.9659423239762661,completed,3.3222689628601074,False,COMPLETE
76,2.9439911709577973,2026-06-13 17:18:21.590459,2026-06-13 17:18:24.919640,0 days 00:00:03.329181,LinearRegression,11,True,-0.04914895320386655,-0.04013314372675938,398,-0.044641048465312964,0.004507904738553587,0.04580262886160876,1.9659423239762661,2.928051704460118,2.9599306374554764,398,2.9439911709577973,0.01593946649767904,0.1619531712818517,1.9659423239762661,936913311124614.6,1050781053735931.4,398,993847182430273.0,56933871305658.39,578477392116406.0,1.9659423239762661,8.506874922206855,8.771139572417283,398,8.639007247312069,0.13213232510521483,1.342532328967857,1.9659423239762661,2.5897028615004736,2.6332482233390344,398,2.611475542419754,0.02177268091928056,0.22122162763093706,1.9659423239762661,399,0.8145363408521303,-0.09129608521135027,-0.07295755899384898,398,-0.08212682210259963,0.009169263108750644,0.09316442548413321,1.9659423239762661,LinearRegression,"{'mode': 'original', 'type': 'LinearRegression'}",11,"['nodes_T6W30', 'edges_T6W30', 're_T6W30', 'l1_T6W30', 'l2_T6W30', 'lcc_T6W30', 'lsc_T6W30', 'atd_T6W30', 'density_T6W30', 'diameter_T6W30', 'asp_T6W30']",0.007033579129990778,0.03109789680283892,398,0.01906573796641485,0.012032158836424072,0.12225291738651209,1.9659423239762661,3.5619405044661594,3.6050806283248242,398,3.583510566395492,0.02157006192933238,0.21916291456241546,1.9659423239762661,completed,3.3212647438049316,True,COMPLETE
77,2.8844820479996764,2026-06-13 17:18:24.932590,2026-06-13 17:18:28.165031,0 days 00:00:03.232441,LinearRegression,7,False,-0.027205895490281122,-0.019772749369244683,398,-0.023489322429762902,0.0037165730605182214,0.03776229232887236,1.9659423239762661,2.8701888581750037,2.898775237824349,398,2.8844820479996764,0.014293189824672948,0.14522615422394103,1.9659423239762661,915028440688704.9,1025106924697047.9,398,970067682692876.4,55039242004171.45,559226984718893.1,1.9659423239762661,8.26611855613203,8.46504498517468,398,8.365581770653355,0.09946321452132571,1.0105973760138947,1.9659423239762661,2.5641003751650127,2.602859712585161,398,2.583480043875087,0.019379668710074027,0.1969073937603354,1.9659423239762661,399,0.6591478696741855,-0.04470618464769105,-0.030371235535085705,398,-0.03753871009138838,0.007167474556302674,0.07282522502520554,1.9659423239762661,LinearRegression,"{'mode': 'original', 'type': 'LinearRegression'}",7,"['edges_T6W30', 're_T6W30', 'l1_T6W30', 'l2_T6W30', 'lcc_T6W30', 'atd_T6W30', 'density_T6W30']",0.06348369380992878,0.08822646086096227,398,0.07585507733544553,0.012371383525516741,0.1256996145632123,1.9659423239762661,3.4906561184278826,3.528962921009675,398,3.509809519718779,0.019153401290896137,0.1946084004973579,1.9659423239762661,completed,3.224618911743164,False,COMPLETE
78,2.8430681474550843,2026-06-13 17:18:28.177159,2026-06-13 17:18:31.567850,0 days 00:00:03.390691,LinearRegression,5,False,-0.012037554943572268,-0.005562426883869289,398,-0.008799990913720778,0.0032375640298514894,0.032895314403330184,1.9659423239762661,2.829876543528143,2.8562597513820256,398,2.8430681474550843,0.01319160392694111,0.13403347537217306,1.9659423239762661,909248938900762.4,1018393420881882.6,398,963821179891322.5,54572240990560.11,554482014417835.1,1.9659423239762661,8.166352452836707,8.374630737809396,398,8.270491595323051,0.10413914248634426,1.0581072072074618,1.9659423239762661,2.5555464638734287,2.595320979960421,398,2.5754337219169248,0.019887258043495937,0.20206476224995765,1.9659423239762661,399,0.5388471177944862,-0.018557289493003858,-0.006444683547405849,398,-0.012500986520204854,0.006056302972799005,0.061535150679687144,1.9659423239762661,LinearRegression,"{'mode': 'original', 'type': 'LinearRegression'}",5,"['edges_T6W30', 're_T6W30', 'l1_T6W30', 'atd_T6W30', 'density_T6W30']",0.09523932637622425,0.11990421317753934,398,0.10757176977688179,0.012332443400657542,0.12530396288239998,1.9659423239762661,3.449622843598887,3.4860540396793387,398,3.467838441639113,0.018215598040225812,0.18507983751147603,1.9659423239762661,completed,3.3821418285369873,False,COMPLETE
79,2.829673509794336,2026-06-13 17:18:31.580899,2026-06-13 17:18:34.899891,0 days 00:00:03.318992,LinearRegression,4,False,-0.007116492265887261,-0.0009372603448009479,398,-0.004026876305344105,0.0030896159605431567,0.031392085985177,1.9659423239762661,2.8166800497333773,2.842666969855295,398,2.829673509794336,0.01299346006095876,0.13202023186301542,1.9659423239762661,910872018316873.9,1020022294238960.6,398,965447156277917.2,54575137961043.414,554511449126766.44,1.9659423239762661,8.180612283398972,8.387592812507371,398,8.284102547953172,0.10349026455419891,1.0515142739432868,1.9659423239762661,2.548956127917115,2.586601935426335,398,2.567779031671725,0.018822903754610036,0.1912503756782608,1.9659423239762661,399,0.45614035087719296,-0.010082985491401322,0.0015090197508789644,398,-0.004286982870261179,0.005796002621140143,0.0588903653323813,1.9659423239762661,LinearRegression,"{'mode': 'original', 'type': 'LinearRegression'}",4,"['edges_T6W30', 'l1_T6W30', 'atd_T6W30', 'density_T6W30']",0.11447015726668243,0.139141927332758,398,0.1268060422997202,0.012335885033037775,0.1253389316361187,1.9659423239762661,3.4358053150078227,3.472144662889221,398,3.453974988948522,0.01816967394069901,0.18461322505881256,1.9659423239762661,completed,3.3106791973114014,False,COMPLETE
80,2.9671921206632894,2026-06-13 17:18:34.911936,2026-06-13 17:18:38.185871,0 days 00:00:03.273935,LinearRegression,12,False,-0.05764836425888693,-0.04805872493266709,398,-0.05285354459577701,0.0047948196631099164,0.04871783194740569,1.9659423239762661,2.950469970282026,2.983914271044553,398,2.9671921206632894,0.016722150381263585,0.1699056417786635,1.9659423239762661,939083441157967.5,1052772109553631.8,398,995927775355799.6,56844334197832.13,577567649085672.9,1.9659423239762661,9.024327612934481,9.382726411235517,398,9.203527012084999,0.1791993991505168,1.820757990140665,1.9659423239762661,2.6201669180796197,2.662096272586778,398,2.641131595333199,0.020964677253579315,0.21301189513539007,1.9659423239762661,399,0.8671679197994987,-0.12142620773675625,-0.09996804149790947,398,-0.11069712461733286,0.010729083119423395,0.10901299842063192,1.9659423239762661,LinearRegression,"{'mode': 'original', 'type': 'LinearRegression'}",12,"['nodes_T6W30', 'edges_T6W30', 're_T6W30', 'pe_T6W30', 'l1_T6W30', 'l2_T6W30', 'lcc_T6W30', 'lsc_T6W30', 'atd_T6W30', 'density_T6W30', 'diameter_T6W30', 'asp_T6W30']",-0.011725448421892217,0.012359315967304182,398,0.0003169337727059828,0.0120423821945982,0.12235679195958463,1.9659423239762661,3.606024858846365,3.654053371299225,398,3.630039115072795,0.0240142562264302,0.2439971847496672,1.9659423239762661,completed,3.265742063522339,False,COMPLETE
81,2.9870272726274982,2026-06-13 17:18:38.197721,2026-06-13 17:18:41.369217,0 days 00:00:03.171496,LinearRegression,13,True,-0.0647915472444362,-0.054925990751090246,398,-0.05985876899776322,0.004932778246672973,0.05011956205655601,1.9659423239762661,2.969790673562665,3.0042638716923316,398,2.9870272726274982,0.017236599064833123,0.1751327047909665,1.9659423239762661,934549782184624.0,1047934232285838.2,398,991242007235231.1,56692225050607.16,576022141977411.1,1.9659423239762661,9.047155087463308,9.40070521637828,398,9.223930151920793,0.17677506445748586,1.796125503737049,1.9659423239762661,2.633505826123323,2.6766594678970455,398,2.6550826470101843,0.021576820886860977,0.2192315890444927,1.9659423239762661,399,0.9147869674185464,-0.13634080442321736,-0.1143228587006497,398,-0.12533183156193353,0.011008972861283824,0.11185682203983247,1.9659423239762661,LinearRegression,"{'mode': 'original', 'type': 'LinearRegression'}",13,"['nodes_T6W30', 'edges_T6W30', 're_T6W30', 'pe_T6W30', 'l1_T6W30', 'l2_T6W30', 'l3_T6W30', 'lcc_T6W30', 'lsc_T6W30', 'atd_T6W30', 'density_T6W30', 'diameter_T6W30', 'asp_T6W30']",-0.03032110014051321,-0.0060415827869229125,398,-0.01818134146371806,0.012139758676795148,0.12334618706276221,1.9659423239762661,3.629387400927105,3.6782788727578897,398,3.6538331368424974,0.024445735915392383,0.24838124013704843,1.9659423239762661,completed,3.1640262603759766,True,COMPLETE
82,2.9870272726274987,2026-06-13 17:18:41.381245,2026-06-13 17:18:44.526769,0 days 00:00:03.145524,LinearRegression,13,False,-0.0647915472444363,-0.05492599075109032,398,-0.05985876899776331,0.004932778246672985,0.05011956205655612,1.9659423239762661,2.9697906735626654,3.004263871692332,398,2.9870272726274987,0.017236599064833172,0.17513270479096696,1.9659423239762661,934549782184624.6,1047934232285839.1,398,991242007235231.9,56692225050607.195,576022141977411.5,1.9659423239762661,9.04715508746331,9.400705216378284,398,9.223930151920797,0.17677506445748714,1.7961255037370618,1.9659423239762661,2.633505826123324,2.6766594678970463,398,2.655082647010185,0.02157682088686107,0.21923158904449366,1.9659423239762661,399,0.9147869674185464,-0.13634080442321692,-0.11432285870064926,398,-0.1253318315619331,0.011008972861283826,0.11185682203983248,1.9659423239762661,LinearRegression,"{'mode': 'original', 'type': 'LinearRegression'}",13,"['nodes_T6W30', 'edges_T6W30', 're_T6W30', 'pe_T6W30', 'l1_T6W30', 'l2_T6W30', 'l3_T6W30', 'lcc_T6W30', 'lsc_T6W30', 'atd_T6W30', 'density_T6W30', 'diameter_T6W30', 'asp_T6W30']",-0.03032110014051321,-0.0060415827869229125,398,-0.01818134146371806,0.012139758676795148,0.12334618706276221,1.9659423239762661,3.6293874009271043,3.678278872757889,398,3.6538331368424966,0.0244457359153924,0.24838124013704863,1.9659423239762661,completed,3.1381309032440186,False,COMPLETE
83,2.8663788671265036,2026-06-13 17:18:44.538392,2026-06-13 17:18:47.658424,0 days 00:00:03.120032,LinearRegression,6,True,-0.02057273507161944,-0.013526142286136307,398,-0.017049438678877874,0.003523296392741568,0.03579850205485185,1.9659423239762661,2.8524328944562,2.880324839796807,398,2.8663788671265036,0.013945972670303525,0.14169824949251378,1.9659423239762661,912893615398726.2,1022692179172824.8,398,967792897285775.5,54899281887049.26,557804918000146.9,1.9659423239762661,8.277338772612774,8.515562193443602,398,8.396450483028188,0.11911171041541341,1.2102361921203997,1.9659423239762661,2.5497042257443048,2.5895653022319762,398,2.5696347639881405,0.01993053824383581,0.2025045113281201,1.9659423239762661,399,0.6215538847117794,-0.03666130088177976,-0.02331787713576107,398,-0.029989589008770415,0.006671711873009345,0.06778802137888236,1.9659423239762661,LinearRegression,"{'mode': 'original', 'type': 'LinearRegression'}",6,"['nodes_T6W30', 're_T6W30', 'l1_T6W30', 'lcc_T6W30', 'atd_T6W30', 'density_T6W30']",0.06647397849582165,0.09122839521679724,398,0.07885118685630944,0.012377208360487788,0.12575879788003735,1.9659423239762661,3.4784172024490054,3.5166302472815634,398,3.4975237248652844,0.019106522416279054,0.19413208703909587,1.9659423239762661,completed,3.1123268604278564,True,COMPLETE
84,2.8509742827176967,2026-06-13 17:18:47.670139,2026-06-13 17:18:50.773765,0 days 00:00:03.103626,LinearRegression,4,True,-0.014300467290952343,-0.008629475509457866,398,-0.011464971400205104,0.0028354958907472376,0.028810095477790367,1.9659423239762661,2.837665884196672,2.864282681238721,398,2.8509742827176967,0.013308398521024431,0.13522016847153898,1.9659423239762661,912981551650662.1,1022748247648184.9,398,967864899649423.5,54883347998761.336,557643021506343.06,1.9659423239762661,8.336255423017217,8.580831375980669,398,8.458543399498943,0.12228797648172597,1.2425086877117142,1.9659423239762661,2.5461890445007223,2.5853397388626496,398,2.565764391681686,0.019575347180963543,0.19889558758832548,1.9659423239762661,399,0.5739348370927319,-0.025181924147955913,-0.01438703480975763,398,-0.01978447947885677,0.00539744466909914,0.05484081171137151,1.9659423239762661,LinearRegression,"{'mode': 'original', 'type': 'LinearRegression'}",4,"['nodes_T6W30', 'lcc_T6W30', 'atd_T6W30', 'density_T6W30']",0.08079768104172431,0.10482444278246981,398,0.09281106191209706,0.01201338087037275,0.12206212360099379,1.9659423239762661,3.462348800510767,3.500336827474395,398,3.481342813992581,0.018994013481814245,0.19298893844395495,1.9659423239762661,completed,3.0964410305023193,True,COMPLETE
85,2.931281990711572,2026-06-13 17:18:50.785303,2026-06-13 17:18:53.908401,0 days 00:00:03.123098,LinearRegression,10,False,-0.04449747252101678,-0.03577391093873329,398,-0.040135691729875037,0.0043617807911417415,0.04431793445938289,1.9659423239762661,2.915746356965465,2.946817624457679,398,2.931281990711572,0.015535633746106812,0.1578500229867615,1.9659423239762661,930033456829043.2,1042213396066389.0,398,986123426447716.1,56089969618672.88,569902917275776.4,1.9659423239762661,8.51442552541188,8.773106471104786,398,8.643765998258333,0.12934047284645306,1.3141656752205242,1.9659423239762661,2.5590943920517932,2.5997920860834065,398,2.5794432390676,0.020348847015806602,0.2067547434300259,1.9659423239762661,399,0.7994987468671679,-0.08278968603055287,-0.06512688105581058,398,-0.07395828354318172,0.008831402487371139,0.08973158793642513,1.9659423239762661,LinearRegression,"{'mode': 'original', 'type': 'LinearRegression'}",10,"['nodes_T6W30', 'edges_T6W30', 're_T6W30', 'l1_T6W30', 'l2_T6W30', 'lcc_T6W30', 'atd_T6W30', 'density_T6W30', 'diameter_T6W30', 'asp_T6W30']",0.02652795775094328,0.050589712485163155,398,0.03855883511805322,0.012030877367109939,0.12223989699970338,1.9659423239762661,3.5489732309886026,3.591513480862493,398,3.5702433559255478,0.02127012493694523,0.21611540057511153,1.9659423239762661,completed,3.115772008895874,False,COMPLETE
