number,value,datetime_start,datetime_complete,duration,params_et_max_depth,params_et_max_features,params_et_min_samples_leaf,params_et_min_samples_split,params_et_n_estimators,params_regressor,params_rfe_n_features,params_use_scaler,user_attrs_d2mae_ci_lower_val,user_attrs_d2mae_ci_upper_val,user_attrs_d2mae_df_val,user_attrs_d2mae_mean_val,user_attrs_d2mae_samperror_val,user_attrs_d2mae_std_val,user_attrs_d2mae_t_critical_val,user_attrs_mae_ci_lower_val,user_attrs_mae_ci_upper_val,user_attrs_mae_df_val,user_attrs_mae_mean_val,user_attrs_mae_samperror_val,user_attrs_mae_std_val,user_attrs_mae_t_critical_val,user_attrs_mape_ci_lower_val,user_attrs_mape_ci_upper_val,user_attrs_mape_df_val,user_attrs_mape_mean_val,user_attrs_mape_samperror_val,user_attrs_mape_std_val,user_attrs_mape_t_critical_val,user_attrs_max_error_ci_lower_val,user_attrs_max_error_ci_upper_val,user_attrs_max_error_df_val,user_attrs_max_error_mean_val,user_attrs_max_error_samperror_val,user_attrs_max_error_std_val,user_attrs_max_error_t_critical_val,user_attrs_median_ae_ci_lower_val,user_attrs_median_ae_ci_upper_val,user_attrs_median_ae_df_val,user_attrs_median_ae_mean_val,user_attrs_median_ae_samperror_val,user_attrs_median_ae_std_val,user_attrs_median_ae_t_critical_val,user_attrs_n_splits_val,user_attrs_r2_below_zero_val,user_attrs_r2_ci_lower_val,user_attrs_r2_ci_upper_val,user_attrs_r2_df_val,user_attrs_r2_mean_val,user_attrs_r2_samperror_val,user_attrs_r2_std_val,user_attrs_r2_t_critical_val,user_attrs_regressor_final,user_attrs_rfe_estimator,user_attrs_rfe_n_features,user_attrs_rfe_selected_features,user_attrs_rho_ci_lower_val,user_attrs_rho_ci_upper_val,user_attrs_rho_df_val,user_attrs_rho_mean_val,user_attrs_rho_samperror_val,user_attrs_rho_std_val,user_attrs_rho_t_critical_val,user_attrs_rmse_ci_lower_val,user_attrs_rmse_ci_upper_val,user_attrs_rmse_df_val,user_attrs_rmse_mean_val,user_attrs_rmse_samperror_val,user_attrs_rmse_std_val,user_attrs_rmse_t_critical_val,user_attrs_termination_reason,user_attrs_trial_time_seconds,user_attrs_use_scaler_final,state
230,2.864062207835646,2026-06-14 00:51:31.328479,2026-06-14 00:52:06.353891,0 days 00:00:35.025412,7,log2,2,12,281,ExtraTreesRegressor,6,True,-0.019062852405113736,-0.013329555532748446,398.0,-0.01619620396893109,0.002866648436182645,0.029126621349437377,1.9659423239762661,2.8511779363485963,2.876946479322696,398.0,2.864062207835646,0.012884271487049763,0.13091081983753264,1.9659423239762661,916379249390086.8,1026615724115747.0,398.0,971497486752916.9,55118237362830.08,560029618160431.1,1.9659423239762661,8.408027652392029,8.628637668154365,398.0,8.518332660273197,0.11030500788116733,1.12075556840161,1.9659423239762661,2.5875210789837695,2.629500482239987,398.0,2.608510780611878,0.020989701628108707,0.21326615564122128,1.9659423239762661,399.0,0.7192982456140351,-0.03887496651588622,-0.028744520513466612,398.0,-0.033809743514676416,0.005065223001209805,0.0514652688291139,1.9659423239762661,ExtraTreesRegressor,"{'mode': 'original', 'type': 'ExtraTreesRegressor'}",6,"['nodes_T6W30', 'l1_T6W30', 'lcc_T6W30', 'atd_T6W30', 'density_T6W30', 'asp_T6W30']",0.03165018156897936,0.053462518200611514,398.0,0.04255634988479544,0.010906168315816075,0.11081227502421462,1.9659423239762661,3.4868573859170184,3.523064253920596,398.0,3.504960819918807,0.018103434001788914,0.18394019323722882,1.9659423239762661,completed,35.0180869102478,True,COMPLETE
231,2.9153946760858886,2026-06-14 00:52:06.365701,2026-06-14 00:52:08.335312,0 days 00:00:01.969611,15,,1,12,272,ExtraTreesRegressor,6,False,,,,,,,,,,,,,,,,,,,,,,,,,,,,,,,,,,,,,,,,,,,,,ExtraTreesRegressor,"{'mode': 'original', 'type': 'ExtraTreesRegressor'}",6,"['l1_T6W30', 'l2_T6W30', 'l3_T6W30', 'atd_T6W30', 'density_T6W30', 'asp_T6W30']",,,,,,,,,,,,,,,pruned,,False,PRUNED
232,2.8381265248460936,2026-06-14 00:52:08.340724,2026-06-14 00:52:45.687355,0 days 00:00:37.346631,7,sqrt,5,11,324,ExtraTreesRegressor,2,True,-0.00851065446007307,-0.005360964868584935,398.0,-0.006935809664329003,0.0015748447957440676,0.016001232474412486,1.9659423239762661,2.826827979189329,2.8494250705028583,398.0,2.8381265248460936,0.0112985456567649,0.11479903046016698,1.9659423239762661,933540977691635.8,1044981062356802.2,398.0,989261020024219.0,55720042332583.28,566144265934803.1,1.9659423239762661,8.21686640385424,8.417195066735331,398.0,8.317030735294786,0.10016433144054647,1.0177210842335955,1.9659423239762661,2.538167746938261,2.5667774369317486,398.0,2.552472591935005,0.014304844996743915,0.14534457676204818,1.9659423239762661,399.0,0.3634085213032581,0.00045595277838262824,0.005049642582180506,398.0,0.002752797680281567,0.002296844901898939,0.02333712460572324,1.9659423239762661,ExtraTreesRegressor,"{'mode': 'original', 'type': 'ExtraTreesRegressor'}",2,"['nodes_T6W30', 'density_T6W30']",0.09735339973444475,0.1200635232746345,398.0,0.10870846150453962,0.011355061770094871,0.11537326321655479,1.9659423239762661,3.426565001611394,3.460922554519914,398.0,3.443743778065654,0.017178776454259696,0.17454519735114557,1.9659423239762661,completed,37.33926200866699,True,COMPLETE
233,2.9011676559088544,2026-06-14 00:52:45.699264,2026-06-14 00:53:27.553299,0 days 00:00:41.854035,15,sqrt,2,3,322,ExtraTreesRegressor,7,True,-0.032542291161248675,-0.02613564583041492,398.0,-0.029338968495831796,0.0032033226654168767,0.032547404543234765,1.9659423239762661,2.8874394072500666,2.914895904567642,398.0,2.9011676559088544,0.013728248658787575,0.13948606164203906,1.9659423239762661,923764919058377.5,1035407014651752.0,398.0,979585966855064.8,55821047796687.19,567170533359174.2,1.9659423239762661,8.580547102341196,8.798351040595762,398.0,8.689449071468479,0.10890196912728238,1.106499973607638,1.9659423239762661,2.61151865422928,2.6561696967743256,398.0,2.6338441755018027,0.02232552127252266,0.22683876973749212,1.9659423239762661,399.0,0.8370927318295739,-0.06400758254297124,-0.05290903575160943,398.0,-0.05845830914729033,0.005549273395680906,0.05638346960178349,1.9659423239762661,ExtraTreesRegressor,"{'mode': 'original', 'type': 'ExtraTreesRegressor'}",7,"['nodes_T6W30', 'l1_T6W30', 'l2_T6W30', 'l3_T6W30', 'atd_T6W30', 'density_T6W30', 'asp_T6W30']",0.000556542787354326,0.02189514857351644,398.0,0.011225845680435382,0.010669302893081056,0.10840560059853427,1.9659423239762661,3.527646452801744,3.5652490497823783,398.0,3.546447751292061,0.018801298490317236,0.19103085508959425,1.9659423239762661,completed,41.846407890319824,True,COMPLETE
234,2.8515231571579642,2026-06-14 00:53:27.565338,2026-06-14 00:53:40.105596,0 days 00:00:12.540258,8,sqrt,4,12,86,ExtraTreesRegressor,2,True,-0.013630932107551693,-0.009771083213146814,398.0,-0.011701007660349254,0.001929924447202439,0.01960902421698501,1.9659423239762661,2.8398291948804246,2.863217119435504,398.0,2.8515231571579642,0.01169396227753949,0.11881666654110627,1.9659423239762661,934323827344408.4,1045863275215802.1,398.0,990093551280105.2,55769723935696.85,566649056554977.2,1.9659423239762661,8.229472688179184,8.4301406020821,398.0,8.329806645130642,0.10033395695145744,1.0194445665989769,1.9659423239762661,2.5612372909528984,2.5929966305168017,398.0,2.57711696073485,0.015879669781951683,0.16134560591912797,1.9659423239762661,399.0,0.5588972431077694,-0.012053609301793137,-0.005998369019391355,398.0,-0.009025989160592246,0.0030276201412008917,0.030762176599554936,1.9659423239762661,ExtraTreesRegressor,"{'mode': 'original', 'type': 'ExtraTreesRegressor'}",2,"['nodes_T6W30', 'lcc_T6W30']",0.05275703593792522,0.07553826216027668,398.0,0.06414764904910095,0.011390613111175731,0.11573448311260379,1.9659423239762661,3.4463451541609773,3.481195748982656,398.0,3.4637704515718166,0.01742529741083933,0.17704997696289237,1.9659423239762661,completed,12.53273606300354,True,COMPLETE
235,2.876120676222536,2026-06-14 00:53:40.117433,2026-06-14 00:54:20.761622,0 days 00:00:40.644189,18,sqrt,1,9,326,ExtraTreesRegressor,3,False,-0.02412799748991051,-0.0167850301335804,398.0,-0.020456513811745455,0.003671483678165056,0.03730416103167378,1.9659423239762661,2.8615675278388366,2.8906738246062353,398.0,2.876120676222536,0.014553148383699555,0.14786746678244794,1.9659423239762661,889649404590744.5,998686349418640.2,398.0,944167877004692.4,54518472413947.81,553935698046522.4,1.9659423239762661,8.650805948041121,8.891534863257938,398.0,8.77117040564953,0.12036445760840803,1.2229647474173702,1.9659423239762661,2.55908039676089,2.6079379975848096,398.0,2.58350919717285,0.024428800411959575,0.24820916671861892,1.9659423239762661,399.0,0.7418546365914787,-0.05586431585564998,-0.0425055484910349,398.0,-0.04918493217334244,0.006679383682307539,0.06786597090407463,1.9659423239762661,ExtraTreesRegressor,"{'mode': 'original', 'type': 'ExtraTreesRegressor'}",3,"['l3_T6W30', 'atd_T6W30', 'density_T6W30']",0.04117883226231171,0.06396385656859489,398.0,0.0525713444154533,0.011392512153141594,0.11575377835493912,1.9659423239762661,3.5104334130916075,3.5504515432895896,398.0,3.5304424781905985,0.020009065098990822,0.20330238453328647,1.9659423239762661,completed,40.63605523109436,False,COMPLETE
236,2.918698785921175,2026-06-14 00:54:20.774198,2026-06-14 00:54:21.903222,0 days 00:00:01.129024,11,log2,1,8,183,ExtraTreesRegressor,10,False,,,,,,,,,,,,,,,,,,,,,,,,,,,,,,,,,,,,,,,,,,,,,ExtraTreesRegressor,"{'mode': 'original', 'type': 'ExtraTreesRegressor'}",10,"['nodes_T6W30', 'l1_T6W30', 'l2_T6W30', 'l3_T6W30', 'lcc_T6W30', 'lsc_T6W30', 'atd_T6W30', 'density_T6W30', 'diameter_T6W30', 'asp_T6W30']",,,,,,,,,,,,,,,pruned,,False,PRUNED
237,2.9323778594124015,2026-06-14 00:54:21.908650,2026-06-14 00:55:08.091305,0 days 00:00:46.182655,10,log2,2,9,362,ExtraTreesRegressor,11,False,-0.04361183454466384,-0.03721227574348882,398.0,-0.04041205514407633,0.003199779400587505,0.0325114031516015,1.9659423239762661,2.9185686692203165,2.9461870496044864,398.0,2.9323778594124015,0.01380919019208492,0.1403084692180912,1.9659423239762661,928919012092291.6,1040780571354716.6,398.0,984849791723504.1,55930779631212.5,568285465191713.1,1.9659423239762661,8.563500837431356,8.784931279028612,398.0,8.674216058229984,0.11071522079862899,1.1249235424610535,1.9659423239762661,2.6351266283844033,2.6836044274734587,398.0,2.659365527928931,0.024238899544527834,0.24627967631100567,1.9659423239762661,399.0,0.9398496240601504,-0.08297966343713183,-0.07203352221949792,398.0,-0.07750659282831487,0.005473070608816958,0.05560921012484751,1.9659423239762661,ExtraTreesRegressor,"{'mode': 'original', 'type': 'ExtraTreesRegressor'}",11,"['nodes_T6W30', 're_T6W30', 'l1_T6W30', 'l2_T6W30', 'l3_T6W30', 'lcc_T6W30', 'lsc_T6W30', 'atd_T6W30', 'density_T6W30', 'diameter_T6W30', 'asp_T6W30']",-0.04555425070608773,-0.024879360437978955,398.0,-0.03521680557203334,0.010337445134054386,0.10503375521734265,1.9659423239762661,3.559497033787202,3.59703105484179,398.0,3.578264044314496,0.01876701052729418,0.19068247176389214,1.9659423239762661,completed,46.175086975097656,False,COMPLETE
238,2.9655900928436125,2026-06-14 00:55:08.102857,2026-06-14 00:55:11.304680,0 days 00:00:03.201823,10,,3,5,463,ExtraTreesRegressor,10,False,,,,,,,,,,,,,,,,,,,,,,,,,,,,,,,,,,,,,,,,,,,,,ExtraTreesRegressor,"{'mode': 'original', 'type': 'ExtraTreesRegressor'}",10,"['nodes_T6W30', 're_T6W30', 'l1_T6W30', 'l2_T6W30', 'l3_T6W30', 'lsc_T6W30', 'atd_T6W30', 'density_T6W30', 'diameter_T6W30', 'asp_T6W30']",,,,,,,,,,,,,,,pruned,,False,PRUNED
239,2.8968899672783417,2026-06-14 00:55:11.310154,2026-06-14 00:55:43.482002,0 days 00:00:32.171848,4,,2,11,244,ExtraTreesRegressor,9,True,-0.031050908614933318,-0.02462820692088705,398.0,-0.027839557767910184,0.0032113508470231335,0.032628974994225034,1.9659423239762661,2.883266198608088,2.9105137359485953,398.0,2.8968899672783417,0.013623768670253696,0.13842449126381987,1.9659423239762661,914749413917005.5,1025057968098071.2,398.0,969903691007538.4,55154277090532.88,560395800315552.4,1.9659423239762661,8.4533371427008,8.681412761545005,398.0,8.567374952122902,0.11403780942210251,1.1586827504317152,1.9659423239762661,2.580807798661418,2.6235564042943205,398.0,2.602182101477869,0.02137430281645126,0.21717390137034684,1.9659423239762661,399.0,0.8045112781954887,-0.056823480216163874,-0.04538043131648349,398.0,-0.05110195576632368,0.005721524449840191,0.05813362883589588,1.9659423239762661,ExtraTreesRegressor,"{'mode': 'original', 'type': 'ExtraTreesRegressor'}",9,"['nodes_T6W30', 'l1_T6W30', 'l2_T6W30', 'l3_T6W30', 'lcc_T6W30', 'atd_T6W30', 'density_T6W30', 'diameter_T6W30', 'asp_T6W30']",0.0018418255283513627,0.024053251223105684,398.0,0.012947538375728523,0.01110571284737716,0.11283975001548706,1.9659423239762661,3.51523848556118,3.5524774952716953,398.0,3.5338579904164376,0.01861950485525781,0.18918373832938043,1.9659423239762661,completed,32.16448903083801,True,COMPLETE
240,2.9210455132829374,2026-06-14 00:55:43.493605,2026-06-14 00:56:16.460553,0 days 00:00:32.966948,7,,4,9,234,ExtraTreesRegressor,7,True,-0.04002329332712373,-0.03276696053886585,398.0,-0.03639512693299479,0.00362816639412894,0.03686403516409927,1.9659423239762661,2.9064892933118576,2.935601733254017,398.0,2.9210455132829374,0.014556219971079733,0.14789867568879128,1.9659423239762661,919848378477792.2,1031422218623857.0,398.0,975635298550824.6,55786920073032.38,566823778147804.2,1.9659423239762661,8.641384067461251,8.865768419181629,398.0,8.75357624332144,0.11219217586018924,1.1399301649283298,1.9659423239762661,2.629187882980208,2.6772493447313748,398.0,2.6532186138557914,0.024030730875583436,0.24416457565177244,1.9659423239762661,399.0,0.8796992481203008,-0.08098901599248089,-0.06808221282573908,398.0,-0.07453561440910998,0.006453401583370911,0.06556987664138113,1.9659423239762661,ExtraTreesRegressor,"{'mode': 'original', 'type': 'ExtraTreesRegressor'}",7,"['nodes_T6W30', 'l1_T6W30', 'l2_T6W30', 'l3_T6W30', 'atd_T6W30', 'density_T6W30', 'asp_T6W30']",-0.011644298017910684,0.010418645763401117,398.0,-0.0006128261272547833,0.0110314718906559,0.11208542374103131,1.9659423239762661,3.5533354755377458,3.5922974506732714,398.0,3.5728164631055086,0.019480987567762748,0.1979368454245885,1.9659423239762661,completed,32.95941615104675,True,COMPLETE
241,2.8324492387248537,2026-06-14 00:56:16.472207,2026-06-14 00:56:47.919512,0 days 00:00:31.447305,2,sqrt,5,7,269,ExtraTreesRegressor,6,True,-0.006739867422107017,-0.0031168753709671084,398.0,-0.004928371396537063,0.0018114960255699543,0.018405730590057286,1.9659423239762661,2.820934376589124,2.843964100860583,398.0,2.8324492387248537,0.011514862135729352,0.11699691705655453,1.9659423239762661,928015503006949.6,1038755694080327.6,398.0,983385598543638.6,55370095536688.96,562588626642656.1,1.9659423239762661,8.166976860829536,8.365937446479375,398.0,8.266457153654455,0.09948029282492038,1.0107709003553569,1.9659423239762661,2.5459215887741267,2.5820658631708775,398.0,2.563993725972502,0.01807213719837526,0.18362220163038526,1.9659423239762661,399.0,0.3383458646616541,0.0032403999291722102,0.008669782597319597,398.0,0.005955091263245904,0.002714691334073694,0.027582659097693994,1.9659423239762661,ExtraTreesRegressor,"{'mode': 'original', 'type': 'ExtraTreesRegressor'}",6,"['nodes_T6W30', 'lcc_T6W30', 'atd_T6W30', 'density_T6W30', 'diameter_T6W30', 'asp_T6W30']",0.12461587933163992,0.1484278983659248,398.0,0.13652188884878236,0.011906009517142437,0.12097117547151874,1.9659423239762661,3.4208842023183066,3.4551433121100987,398.0,3.4380137572142027,0.017129554895895856,0.17404508102205646,1.9659423239762661,completed,31.439944982528687,True,COMPLETE
242,2.876219426401828,2026-06-14 00:56:47.932379,2026-06-14 00:57:35.124961,0 days 00:00:47.192582,10,log2,5,5,391,ExtraTreesRegressor,12,True,-0.022972728611276805,-0.017949537541265298,398.0,-0.02046113307627105,0.0025115955350057547,0.0255191014034723,1.9659423239762661,2.8635990272662943,2.8888398255373615,398.0,2.876219426401828,0.01262039913553353,0.12822974113594146,1.9659423239762661,929025650421884.6,1040424812707547.9,398.0,984725231564716.2,55699581142831.586,565936369731440.9,1.9659423239762661,8.359930964001887,8.571831669603881,398.0,8.465881316802884,0.1059503528009981,1.0765100348277776,1.9659423239762661,2.5769903698316656,2.6158500982283575,398.0,2.5964202340300115,0.01942986419834608,0.19741740571781738,1.9659423239762661,399.0,0.7468671679197995,-0.03415002340231878,-0.026094476296317014,398.0,-0.030122249849317894,0.0040277735530008804,0.04092424926572339,1.9659423239762661,ExtraTreesRegressor,"{'mode': 'original', 'type': 'ExtraTreesRegressor'}",12,"['nodes_T6W30', 're_T6W30', 'pe_T6W30', 'l1_T6W30', 'l2_T6W30', 'l3_T6W30', 'lcc_T6W30', 'lsc_T6W30', 'atd_T6W30', 'density_T6W30', 'diameter_T6W30', 'asp_T6W30']",0.0067955574860577555,0.027779509671907898,398.0,0.017287533578982828,0.010491976092925072,0.10660386917655058,1.9659423239762661,3.481440458621384,3.517470557647092,398.0,3.499455508134238,0.018015049512853744,0.18304216140678706,1.9659423239762661,completed,47.18507122993469,True,COMPLETE
243,2.8700516618252716,2026-06-14 00:57:35.136652,2026-06-14 00:58:34.733480,0 days 00:00:59.596828,7,,2,12,493,ExtraTreesRegressor,3,False,-0.021846080119899504,-0.014652178991771207,398.0,-0.018249129555835356,0.003596950564064149,0.03654686628809427,1.9659423239762661,2.8553899345602356,2.8847133890903076,398.0,2.8700516618252716,0.014661727265036117,0.14897068401805946,1.9659423239762661,893517758498664.0,1002739160477280.2,398.0,948128459487972.1,54610700989308.14,554872787770609.9,1.9659423239762661,8.620241193851664,8.85582170162287,398.0,8.738031447737267,0.11779025388560431,1.1968095146500555,1.9659423239762661,2.546484013586856,2.5935386323642935,398.0,2.5700113229755748,0.02352730938871854,0.23904955462512345,1.9659423239762661,399.0,0.7092731829573935,-0.051082442200047276,-0.03769820579557545,398.0,-0.044390323997811364,0.006692118202235911,0.06799536017111515,1.9659423239762661,ExtraTreesRegressor,"{'mode': 'original', 'type': 'ExtraTreesRegressor'}",3,"['l3_T6W30', 'atd_T6W30', 'density_T6W30']",0.04035254358655294,0.06428173642812886,398.0,0.052317140007340904,0.01196459642078796,0.12156644852174023,1.9659423239762661,3.502209014334028,3.5429063879644076,398.0,3.5225577011492177,0.020348686815189962,0.20675311570942995,1.9659423239762661,completed,59.589186906814575,False,COMPLETE
244,2.8922743528534713,2026-06-14 00:58:34.745467,2026-06-14 00:59:23.879368,0 days 00:00:49.133901,17,sqrt,2,6,393,ExtraTreesRegressor,6,True,-0.029460569793316904,-0.022902016718257708,398.0,-0.026181293255787306,0.003279276537529599,0.03331913491837516,1.9659423239762661,2.87842218386166,2.9061265218452825,398.0,2.8922743528534713,0.013852168991811234,0.14074515591112308,1.9659423239762661,922132765601516.4,1034024617706377.6,398.0,978078691653947.0,55945926052430.67,568439360615390.6,1.9659423239762661,8.603695410436949,8.820772105364277,398.0,8.712233757900613,0.10853834746366404,1.10280539063158,1.9659423239762661,2.5973673687903656,2.6447239816847077,398.0,2.6210456752375366,0.023678306447171178,0.24058376233992976,1.9659423239762661,399.0,0.8145363408521303,-0.06336554481135848,-0.05167365136172205,398.0,-0.057519598086540266,0.005845946724818214,0.059397823093196,1.9659423239762661,ExtraTreesRegressor,"{'mode': 'original', 'type': 'ExtraTreesRegressor'}",6,"['nodes_T6W30', 'l1_T6W30', 'l3_T6W30', 'atd_T6W30', 'density_T6W30', 'asp_T6W30']",0.005158749197250243,0.02696235654738309,398.0,0.016060552872316666,0.010901803675066423,0.11076792803110697,1.9659423239762661,3.5257502104976757,3.563623041962164,398.0,3.54468662622992,0.018936415732244454,0.19240371570749235,1.9659423239762661,completed,49.12635922431946,True,COMPLETE
245,2.8910174649395874,2026-06-14 00:59:23.891091,2026-06-14 01:00:01.895067,0 days 00:00:38.003976,8,log2,1,8,301,ExtraTreesRegressor,6,False,-0.029087473216326543,-0.022375427359643152,398.0,-0.025731450287984847,0.003356022928341697,0.03409891769079514,1.9659423239762661,2.8770042770729343,2.9050306528062406,398.0,2.8910174649395874,0.01401318786665324,0.14238119043089173,1.9659423239762661,908927700608589.9,1018664227454576.1,398.0,963795964031583.0,54868263422993.086,557489754464220.56,1.9659423239762661,8.59007669507995,8.820350427875567,398.0,8.705213561477759,0.1151368663978084,1.1698497341360272,1.9659423239762661,2.5814158390876782,2.628658143851501,398.0,2.6050369914695897,0.02362115238191156,0.24000304766407832,1.9659423239762661,399.0,0.7769423558897243,-0.06105711809082569,-0.048756582667857304,398.0,-0.054906850379341496,0.006150267711484189,0.062489880715410236,1.9659423239762661,ExtraTreesRegressor,"{'mode': 'original', 'type': 'ExtraTreesRegressor'}",6,"['nodes_T6W30', 'l1_T6W30', 'l3_T6W30', 'atd_T6W30', 'density_T6W30', 'asp_T6W30']",0.011325031682553345,0.033350467660974485,398.0,0.022337749671763916,0.011012717989210571,0.11189487446427723,1.9659423239762661,3.5209326604987043,3.5594659069551295,398.0,3.540199283726917,0.01926662322821257,0.1957587935679002,1.9659423239762661,completed,37.996330976486206,False,COMPLETE
246,2.9498810492791283,2026-06-14 01:00:01.908325,2026-06-14 01:00:04.267275,0 days 00:00:02.358950,12,,2,8,331,ExtraTreesRegressor,8,True,,,,,,,,,,,,,,,,,,,,,,,,,,,,,,,,,,,,,,,,,,,,,ExtraTreesRegressor,"{'mode': 'original', 'type': 'ExtraTreesRegressor'}",8,"['re_T6W30', 'l1_T6W30', 'l2_T6W30', 'l3_T6W30', 'lsc_T6W30', 'atd_T6W30', 'density_T6W30', 'asp_T6W30']",,,,,,,,,,,,,,,pruned,,True,PRUNED
