number,value,datetime_start,datetime_complete,duration,params_et_max_depth,params_et_max_features,params_et_min_samples_leaf,params_et_min_samples_split,params_et_n_estimators,params_regressor,params_rfe_n_features,params_use_scaler,user_attrs_d2mae_ci_lower_val,user_attrs_d2mae_ci_upper_val,user_attrs_d2mae_df_val,user_attrs_d2mae_mean_val,user_attrs_d2mae_samperror_val,user_attrs_d2mae_std_val,user_attrs_d2mae_t_critical_val,user_attrs_mae_ci_lower_val,user_attrs_mae_ci_upper_val,user_attrs_mae_df_val,user_attrs_mae_mean_val,user_attrs_mae_samperror_val,user_attrs_mae_std_val,user_attrs_mae_t_critical_val,user_attrs_mape_ci_lower_val,user_attrs_mape_ci_upper_val,user_attrs_mape_df_val,user_attrs_mape_mean_val,user_attrs_mape_samperror_val,user_attrs_mape_std_val,user_attrs_mape_t_critical_val,user_attrs_max_error_ci_lower_val,user_attrs_max_error_ci_upper_val,user_attrs_max_error_df_val,user_attrs_max_error_mean_val,user_attrs_max_error_samperror_val,user_attrs_max_error_std_val,user_attrs_max_error_t_critical_val,user_attrs_median_ae_ci_lower_val,user_attrs_median_ae_ci_upper_val,user_attrs_median_ae_df_val,user_attrs_median_ae_mean_val,user_attrs_median_ae_samperror_val,user_attrs_median_ae_std_val,user_attrs_median_ae_t_critical_val,user_attrs_n_splits_val,user_attrs_r2_below_zero_val,user_attrs_r2_ci_lower_val,user_attrs_r2_ci_upper_val,user_attrs_r2_df_val,user_attrs_r2_mean_val,user_attrs_r2_samperror_val,user_attrs_r2_std_val,user_attrs_r2_t_critical_val,user_attrs_regressor_final,user_attrs_rfe_estimator,user_attrs_rfe_n_features,user_attrs_rfe_selected_features,user_attrs_rho_ci_lower_val,user_attrs_rho_ci_upper_val,user_attrs_rho_df_val,user_attrs_rho_mean_val,user_attrs_rho_samperror_val,user_attrs_rho_std_val,user_attrs_rho_t_critical_val,user_attrs_rmse_ci_lower_val,user_attrs_rmse_ci_upper_val,user_attrs_rmse_df_val,user_attrs_rmse_mean_val,user_attrs_rmse_samperror_val,user_attrs_rmse_std_val,user_attrs_rmse_t_critical_val,user_attrs_termination_reason,user_attrs_trial_time_seconds,user_attrs_use_scaler_final,state
400,2.8430050875866604,2026-06-14 02:09:04.670616,2026-06-14 02:09:50.141520,0 days 00:00:45.470904,4,,2,3,392,ExtraTreesRegressor,2,False,-0.011453868218371695,-0.005902509984036695,398.0,-0.008678189101204195,0.0027756791171675,0.02820232631697827,1.9659423239762661,2.8300650970564787,2.855945078116842,398.0,2.8430050875866604,0.012939990530181494,0.13147695395107328,1.9659423239762661,913710933246050.5,1023468547451724.8,398.0,968589740348887.6,54878807102837.16,557596883670080.5,1.9659423239762661,8.329441245337172,8.540373289757,398.0,8.434907267547086,0.10546602220991318,1.071588987113512,1.9659423239762661,2.5521910860496066,2.592509428094234,398.0,2.5723502570719203,0.020159171022313602,0.2048275378571982,1.9659423239762661,399.0,0.5288220551378446,-0.016000619560233596,-0.005989544720694816,398.0,-0.010995082140464206,0.00500553741976939,0.050858832647860036,1.9659423239762661,ExtraTreesRegressor,"{'mode': 'original', 'type': 'ExtraTreesRegressor'}",2,"['density_T6W30', 'asp_T6W30']",0.09230701630998543,0.11600511590286643,398.0,0.10415606610642593,0.011849049796440494,0.12039243543625147,1.9659423239762661,3.4480098988857297,3.4844104530819577,398.0,3.4662101759838437,0.01820027709811399,0.1849241688658287,1.9659423239762661,completed,45.46326804161072,False,COMPLETE
401,2.8530782582803966,2026-06-14 02:09:50.155637,2026-06-14 02:10:33.243044,0 days 00:00:43.087407,5,log2,2,9,364,ExtraTreesRegressor,4,False,-0.014979825773538421,-0.009505295562479811,398.0,-0.012242560668009116,0.002737265105529305,0.027812020216873252,1.9659423239762661,2.8401054937402996,2.8660510228204936,398.0,2.8530782582803966,0.012972764540097149,0.1318099547351482,1.9659423239762661,912783523321523.4,1022728431953267.1,398.0,967755977637395.2,54972454315871.82,558548387482010.44,1.9659423239762661,8.419233264721138,8.651962703517144,398.0,8.535597984119141,0.11636471939800332,1.1823253516404435,1.9659423239762661,2.551874735183045,2.5908479680378074,398.0,2.571361351610426,0.01948661642738135,0.19799403753111644,1.9659423239762661,399.0,0.6516290726817042,-0.030674791605626594,-0.020505234506854018,398.0,-0.025590013056240306,0.005084778549386289,0.051663963248641545,1.9659423239762661,ExtraTreesRegressor,"{'mode': 'original', 'type': 'ExtraTreesRegressor'}",4,"['nodes_T6W30', 'atd_T6W30', 'density_T6W30', 'asp_T6W30']",0.056605775631477374,0.07872245660068702,398.0,0.0676641161160822,0.011058340484604823,0.11235842246395254,1.9659423239762661,3.472656239613823,3.5098905852842264,398.0,3.491273412449025,0.01861717283520173,0.18916004380713086,1.9659423239762661,completed,43.0797598361969,False,COMPLETE
402,2.9172929458071377,2026-06-14 02:10:33.260789,2026-06-14 02:11:20.365315,0 days 00:00:47.104526,17,,5,9,353,ExtraTreesRegressor,6,True,-0.0388055035227389,-0.03143975536111941,398.0,-0.035122629441929155,0.003682874080809744,0.0374198933763387,1.9659423239762661,2.9029543273550296,2.931631564259246,398.0,2.9172929458071377,0.014338618452107986,0.14568773242551744,1.9659423239762661,923419523800615.1,1035428995020822.9,398.0,979424259410719.0,56004735610103.83,569036895944960.0,1.9659423239762661,8.601706364372614,8.830074792295687,398.0,8.71589057833415,0.11418421396153565,1.1601702957930802,1.9659423239762661,2.6534209007076033,2.7047293210447787,398.0,2.679075110876191,0.02565421016858781,0.2606599596127577,1.9659423239762661,399.0,0.8822055137844611,-0.08393681860376168,-0.07082840545187755,398.0,-0.07738261202781961,0.006554206575942068,0.06659410717195251,1.9659423239762661,ExtraTreesRegressor,"{'mode': 'original', 'type': 'ExtraTreesRegressor'}",6,"['nodes_T6W30', 'l1_T6W30', 'lcc_T6W30', 'atd_T6W30', 'density_T6W30', 'asp_T6W30']",-0.00169159910836484,0.019859846537040128,398.0,0.009084123714337644,0.010775722822702484,0.10948688177518415,1.9659423239762661,3.558153035320089,3.596189841246278,398.0,3.5771714382831834,0.019018402963094382,0.19323674810808725,1.9659423239762661,completed,47.09680104255676,True,COMPLETE
403,2.8484345381161273,2026-06-14 02:11:20.378130,2026-06-14 02:11:32.999327,0 days 00:00:12.621197,20,sqrt,5,3,86,ExtraTreesRegressor,8,True,-0.01284146640017511,-0.008367525709701952,398.0,-0.010604496054938531,0.002236970345236579,0.02272876833909561,1.9659423239762661,2.836328538441579,2.860540537790676,398.0,2.8484345381161273,0.012105999674548592,0.12300317825039465,1.9659423239762661,927772305838711.6,1039057201937153.9,398.0,983414753887932.8,55642448049221.11,565355868138322.5,1.9659423239762661,8.260612696512887,8.46916862053357,398.0,8.364890658523228,0.10427796201034137,1.0595176849138794,1.9659423239762661,2.5816362887743525,2.6184954108274834,398.0,2.600065849800918,0.018429561026565424,0.18725381141328018,1.9659423239762661,399.0,0.5839598997493735,-0.013190630995916656,-0.0061262892731763705,398.0,-0.009658460134546513,0.0035321708613701435,0.035888671216915614,1.9659423239762661,ExtraTreesRegressor,"{'mode': 'original', 'type': 'ExtraTreesRegressor'}",8,"['nodes_T6W30', 'l1_T6W30', 'l2_T6W30', 'lcc_T6W30', 'atd_T6W30', 'density_T6W30', 'diameter_T6W30', 'asp_T6W30']",0.05833357476816965,0.08026952273717362,398.0,0.06930154875267164,0.010967973984501982,0.11144025238144523,1.9659423239762661,3.4470865289587,3.48220357757075,398.0,3.464645053264725,0.017558524306025218,0.17840363068640508,1.9659423239762661,completed,12.614016771316528,True,COMPLETE
404,2.904573469772304,2026-06-14 02:11:33.010974,2026-06-14 02:12:09.009484,0 days 00:00:35.998510,13,,3,6,260,ExtraTreesRegressor,4,True,-0.03463132703553392,-0.026477140682210253,398.0,-0.030554233858872085,0.004077093176661832,0.04142536198862924,1.9659423239762661,2.889175353367642,2.9199715861769655,398.0,2.904573469772304,0.015398116404661549,0.15645277612429265,1.9659423239762661,894075391548151.1,1001742659633688.4,398.0,947909025590919.8,53833634042768.62,546977388240851.1,1.9659423239762661,8.701666720593769,8.910750885795844,398.0,8.806208803194806,0.10454208260103737,1.062201285853113,1.9659423239762661,2.5676273063917385,2.617855789435507,398.0,2.5927415479136227,0.025114241521884198,0.25517360065970535,1.9659423239762661,399.0,0.8145363408521303,-0.06895790413161262,-0.05493592439113449,398.0,-0.061946914261373554,0.007010989870239064,0.07123526019365131,1.9659423239762661,ExtraTreesRegressor,"{'mode': 'original', 'type': 'ExtraTreesRegressor'}",4,"['l1_T6W30', 'l2_T6W30', 'l3_T6W30', 'density_T6W30']",0.041865051693566926,0.06459322125034742,398.0,0.05322913647195717,0.011364084778390248,0.11546494161797127,1.9659423239762661,3.5314809075124685,3.571607064842224,398.0,3.551543986177346,0.020063078664877755,0.20385119012153521,1.9659423239762661,completed,35.991039991378784,True,COMPLETE
405,3.0186651258916672,2026-06-14 02:12:09.022215,2026-06-14 02:12:11.800650,0 days 00:00:02.778435,12,,1,10,421,ExtraTreesRegressor,13,True,,,,,,,,,,,,,,,,,,,,,,,,,,,,,,,,,,,,,,,,,,,,,ExtraTreesRegressor,"{'mode': 'original', 'type': 'ExtraTreesRegressor'}",13,"['nodes_T6W30', 'edges_T6W30', 're_T6W30', 'pe_T6W30', 'l1_T6W30', 'l2_T6W30', 'l3_T6W30', 'lcc_T6W30', 'lsc_T6W30', 'atd_T6W30', 'density_T6W30', 'diameter_T6W30', 'asp_T6W30']",,,,,,,,,,,,,,,pruned,,True,PRUNED
406,2.899221906388594,2026-06-14 02:12:11.806756,2026-06-14 02:12:59.289036,0 days 00:00:47.482280,6,log2,1,11,395,ExtraTreesRegressor,12,True,-0.03151748246166956,-0.02580581259688535,398.0,-0.028661647529277457,0.0028558349323921047,0.029016750593612438,1.9659423239762661,2.8862088683734703,2.912234944403717,398.0,2.899221906388594,0.013013038015123629,0.13221915393890002,1.9659423239762661,923438655927731.2,1033951649784336.8,398.0,978695152856034.0,55256496928302.695,561434406400464.25,1.9659423239762661,8.43275956432839,8.658985694744963,398.0,8.545872629536676,0.11311306520828661,1.1492868739716193,1.9659423239762661,2.57619206122834,2.6187142886725696,398.0,2.597453174950455,0.021261113722114783,0.21602384200135966,1.9659423239762661,399.0,0.8395989974937343,-0.05532704946875226,-0.04538466165583448,398.0,-0.05035585556229337,0.004971193906458891,0.05050988490268891,1.9659423239762661,ExtraTreesRegressor,"{'mode': 'original', 'type': 'ExtraTreesRegressor'}",12,"['nodes_T6W30', 'edges_T6W30', 're_T6W30', 'pe_T6W30', 'l1_T6W30', 'l2_T6W30', 'l3_T6W30', 'lcc_T6W30', 'atd_T6W30', 'density_T6W30', 'diameter_T6W30', 'asp_T6W30']",-0.012391216483772649,0.008997809931709162,398.0,-0.001696703276031743,0.010694513207740905,0.10866175035164993,1.9659423239762661,3.5147506071491494,3.5514851433801193,398.0,3.5331178752646344,0.018367268115485096,0.186620883422917,1.9659423239762661,completed,47.474775075912476,True,COMPLETE
407,2.896034687028789,2026-06-14 02:12:59.300660,2026-06-14 02:13:41.477791,0 days 00:00:42.177131,13,,3,9,318,ExtraTreesRegressor,4,False,-0.03154780220857664,-0.02345429715158347,398.0,-0.027501049680080058,0.0040467525284965875,0.04111708541050012,1.9659423239762661,2.8805880299091013,2.911481344148477,398.0,2.896034687028789,0.015446657119687826,0.15694597473517083,1.9659423239762661,904588527703879.6,1014886638986474.4,398.0,959737583345177.0,55149055641297.34,560342747707894.1,1.9659423239762661,8.766253136344247,8.972196649323461,398.0,8.869224892833854,0.10297175648960707,1.0462459655335863,1.9659423239762661,2.6027173376069666,2.652567232275545,398.0,2.6276422849412557,0.024924947334289193,0.2532502744310203,1.9659423239762661,399.0,0.8170426065162907,-0.07740175264617129,-0.06280689759100659,398.0,-0.07010432511858894,0.007297427527582346,0.07414561399928488,1.9659423239762661,ExtraTreesRegressor,"{'mode': 'original', 'type': 'ExtraTreesRegressor'}",4,"['l1_T6W30', 'l3_T6W30', 'atd_T6W30', 'density_T6W30']",0.03717605881046481,0.05984705016705038,398.0,0.048511554488757595,0.011335495678292786,0.11517446166837242,1.9659423239762661,3.5447113660647664,3.585182219683941,398.0,3.5649467928743537,0.02023542680958718,0.20560233584553417,1.9659423239762661,completed,42.16963791847229,False,COMPLETE
408,3.0237758010260345,2026-06-14 02:13:41.490932,2026-06-14 02:13:44.151321,0 days 00:00:02.660389,16,,1,4,332,ExtraTreesRegressor,2,True,,,,,,,,,,,,,,,,,,,,,,,,,,,,,,,,,,,,,,,,,,,,,ExtraTreesRegressor,"{'mode': 'original', 'type': 'ExtraTreesRegressor'}",2,"['density_T6W30', 'asp_T6W30']",,,,,,,,,,,,,,,pruned,,True,PRUNED
409,2.879782365066654,2026-06-14 02:13:44.157016,2026-06-14 02:14:18.215946,0 days 00:00:34.058930,19,,3,5,265,ExtraTreesRegressor,2,True,-0.02585340358396682,-0.01774345328330706,398.0,-0.02179842843363694,0.0040549751503298785,0.04120063147412444,1.9659423239762661,2.864708645814305,2.8948560843190028,398.0,2.879782365066654,0.015073719252349044,0.1531567343414976,1.9659423239762661,904182805081212.2,1013089168443887.5,398.0,958635986762549.9,54453181681337.586,553272310648764.7,1.9659423239762661,8.620026538494542,8.825219091788064,398.0,8.722622815141303,0.10259627664675998,1.0424308973623677,1.9659423239762661,2.6198173611455218,2.669131151665878,398.0,2.6444742564057,0.024656895260178426,0.2505267275998112,1.9659423239762661,399.0,0.7919799498746867,-0.0640778859816241,-0.05000490873674096,398.0,-0.05704139735918253,0.007036488622441568,0.07149434062043517,1.9659423239762661,ExtraTreesRegressor,"{'mode': 'original', 'type': 'ExtraTreesRegressor'}",2,"['l1_T6W30', 'density_T6W30']",0.04989832445579591,0.07258259875876298,398.0,0.061240461607279445,0.011342137151483534,0.11524194244919918,1.9659423239762661,3.5235768439547974,3.5621620083202825,398.0,3.54286942613754,0.019292582182742588,0.19602254988684037,1.9659423239762661,completed,34.0515239238739,True,COMPLETE
410,2.847537500263441,2026-06-14 02:14:18.228584,2026-06-14 02:14:53.532501,0 days 00:00:35.303917,5,sqrt,4,5,297,ExtraTreesRegressor,8,True,-0.012585545369602501,-0.008021393177981125,398.0,-0.010303469273791813,0.0022820760958106876,0.023187065945830993,1.9659423239762661,2.8354677854155623,2.8596072151113194,398.0,2.847537500263441,0.012069714847878357,0.12263450576380218,1.9659423239762661,921204565200663.9,1031440520038237.6,398.0,976322542619450.8,55117977418786.9,560026976995361.1,1.9659423239762661,8.263031141641756,8.465902588194096,398.0,8.364466864917926,0.10143572327617062,1.0306390786816009,1.9659423239762661,2.5571460993499775,2.594827777020904,398.0,2.5759869381854408,0.01884083883546334,0.19143260531698877,1.9659423239762661,399.0,0.5639097744360902,-0.014648930700313529,-0.00727394977687563,398.0,-0.01096144023859458,0.0036874904617189494,0.03746679817884258,1.9659423239762661,ExtraTreesRegressor,"{'mode': 'original', 'type': 'ExtraTreesRegressor'}",8,"['nodes_T6W30', 'l1_T6W30', 'l3_T6W30', 'lcc_T6W30', 'atd_T6W30', 'density_T6W30', 'diameter_T6W30', 'asp_T6W30']",0.058042418784585575,0.0796168643824216,398.0,0.06882964158350359,0.010787222798918012,0.10960372744364126,1.9659423239762661,3.4492150934593937,3.484335639003631,398.0,3.4667753662315124,0.017560272772118742,0.178421396000493,1.9659423239762661,completed,35.29645895957947,True,COMPLETE
411,2.8548227841807705,2026-06-14 02:14:53.545236,2026-06-14 02:15:05.542084,0 days 00:00:11.996848,3,sqrt,2,8,81,ExtraTreesRegressor,10,True,-0.015144353037471275,-0.01060791552988409,398.0,-0.012876134283677683,0.0022682187537935924,0.023046268229324447,1.9659423239762661,2.8426774970850928,2.8669680712764483,398.0,2.8548227841807705,0.012145287095677554,0.12340235863979147,1.9659423239762661,921593046766912.8,1031826072640354.2,398.0,976709559703633.5,55116512936720.77,560012097104937.56,1.9659423239762661,8.259433217786762,8.462155994208425,398.0,8.360794605997594,0.10136138821083168,1.029883796215225,1.9659423239762661,2.55125059147043,2.58840447372345,398.0,2.56982753259694,0.018576941126509764,0.18875126897080244,1.9659423239762661,399.0,0.5964912280701754,-0.017249602861480744,-0.009853284073039517,398.0,-0.013551443467260131,0.0036981593942206135,0.037575200016073965,1.9659423239762661,ExtraTreesRegressor,"{'mode': 'original', 'type': 'ExtraTreesRegressor'}",10,"['nodes_T6W30', 're_T6W30', 'pe_T6W30', 'l1_T6W30', 'l3_T6W30', 'lcc_T6W30', 'atd_T6W30', 'density_T6W30', 'diameter_T6W30', 'asp_T6W30']",0.06519029782949606,0.08720028484320938,398.0,0.07619529133635272,0.01100499350685666,0.11181638975376897,1.9659423239762661,3.453593855329026,3.488931151059715,398.0,3.4712625031943705,0.017668647865344292,0.17952254264416517,1.9659423239762661,completed,11.989582777023315,True,COMPLETE
412,2.8341246709040857,2026-06-14 02:15:05.554664,2026-06-14 02:15:47.158323,0 days 00:00:41.603659,19,log2,4,10,364,ExtraTreesRegressor,2,False,-0.007237714645939979,-0.003796533207091013,398.0,-0.005517123926515496,0.001720590719424483,0.017482085961251774,1.9659423239762661,2.8226789334506246,2.845570408357547,398.0,2.8341246709040857,0.011445737453461328,0.116294574759917,1.9659423239762661,931781640411581.5,1043442351498478.5,398.0,987611995955030.0,55830355543448.54,567265104849738.8,1.9659423239762661,8.231536475378233,8.4353115817468,398.0,8.333424028562517,0.10188755318428432,1.0352299027540162,1.9659423239762661,2.5298233367331346,2.5595537175461813,398.0,2.544688527139658,0.014865190406523506,0.15103797410004866,1.9659423239762661,399.0,0.37593984962406013,5.068815667593797e-05,0.005233554514262146,398.0,0.002642121335469042,0.002591433178793104,0.026330292894788204,1.9659423239762661,ExtraTreesRegressor,"{'mode': 'original', 'type': 'ExtraTreesRegressor'}",2,"['atd_T6W30', 'density_T6W30']",0.09616199006811403,0.11915895110224682,398.0,0.10766047058518043,0.011498480517066397,0.1168304713920411,1.9659423239762661,3.42657581635085,3.46114975766254,398.0,3.443862787006695,0.017286970655845044,0.17564450604278883,1.9659423239762661,completed,41.59631109237671,False,COMPLETE
413,2.909511813406131,2026-06-14 02:15:47.170943,2026-06-14 02:15:49.374025,0 days 00:00:02.203082,14,sqrt,1,8,348,ExtraTreesRegressor,8,True,,,,,,,,,,,,,,,,,,,,,,,,,,,,,,,,,,,,,,,,,,,,,ExtraTreesRegressor,"{'mode': 'original', 'type': 'ExtraTreesRegressor'}",8,"['nodes_T6W30', 'pe_T6W30', 'l1_T6W30', 'l3_T6W30', 'atd_T6W30', 'density_T6W30', 'diameter_T6W30', 'asp_T6W30']",,,,,,,,,,,,,,,pruned,,True,PRUNED
414,2.9334028759150366,2026-06-14 02:15:49.379540,2026-06-14 02:15:50.031524,0 days 00:00:00.651984,17,,4,12,92,ExtraTreesRegressor,11,True,,,,,,,,,,,,,,,,,,,,,,,,,,,,,,,,,,,,,,,,,,,,,ExtraTreesRegressor,"{'mode': 'original', 'type': 'ExtraTreesRegressor'}",11,"['nodes_T6W30', 're_T6W30', 'pe_T6W30', 'l1_T6W30', 'l2_T6W30', 'l3_T6W30', 'lcc_T6W30', 'atd_T6W30', 'density_T6W30', 'diameter_T6W30', 'asp_T6W30']",,,,,,,,,,,,,,,pruned,,True,PRUNED
415,2.94718607483465,2026-06-14 02:15:50.037074,2026-06-14 02:15:52.645007,0 days 00:00:02.607933,8,,1,4,371,ExtraTreesRegressor,8,True,,,,,,,,,,,,,,,,,,,,,,,,,,,,,,,,,,,,,,,,,,,,,ExtraTreesRegressor,"{'mode': 'original', 'type': 'ExtraTreesRegressor'}",8,"['nodes_T6W30', 'l1_T6W30', 'l2_T6W30', 'l3_T6W30', 'lsc_T6W30', 'atd_T6W30', 'density_T6W30', 'asp_T6W30']",,,,,,,,,,,,,,,pruned,,True,PRUNED
416,2.9129850790124334,2026-06-14 02:15:52.650618,2026-06-14 02:16:31.415358,0 days 00:00:38.764740,9,,2,8,297,ExtraTreesRegressor,3,True,-0.03751337162844451,-0.029467632941696287,398.0,-0.033490502285070396,0.004022869343374109,0.04087441997552711,1.9659423239762661,2.8974160920013716,2.928554066023495,398.0,2.9129850790124334,0.01556898701106189,0.15818890929972976,1.9659423239762661,912156937556718.5,1023043754159027.8,398.0,967600345857873.1,55443408301154.62,563333522006775.2,1.9659423239762661,8.779622448669404,9.003111271506462,398.0,8.891366860087933,0.11174441141852924,1.1353806480844226,1.9659423239762661,2.585289974466715,2.634455036884556,398.0,2.6098725056756353,0.02458253120892065,0.24977115062160327,1.9659423239762661,399.0,0.8370927318295739,-0.07991580394599819,-0.06514205062762364,398.0,-0.07252892728681092,0.007386876659187274,0.07505446314639623,1.9659423239762661,ExtraTreesRegressor,"{'mode': 'original', 'type': 'ExtraTreesRegressor'}",3,"['l3_T6W30', 'density_T6W30', 'asp_T6W30']",0.015956111234552886,0.039756158639704754,398.0,0.02785613493712882,0.011900023702575934,0.12091035651927266,1.9659423239762661,3.548432771128156,3.5900264795837957,398.0,3.569229625355976,0.02079685422781972,0.21130672694548613,1.9659423239762661,completed,38.756524085998535,True,COMPLETE
417,2.8479734071760374,2026-06-14 02:16:31.428457,2026-06-14 02:17:01.979559,0 days 00:00:30.551102,12,log2,5,11,250,ExtraTreesRegressor,5,False,-0.012817027173326891,-0.008066685781105492,398.0,-0.010441856477216191,0.0023751706961106997,0.024132954928376218,1.9659423239762661,2.835652623240317,2.8602941911117576,398.0,2.8479734071760374,0.012320783935720442,0.12518549672656673,1.9659423239762661,921176405241110.9,1031953907605043.6,398.0,976565156423077.2,55388751181966.414,562778177586248.44,1.9659423239762661,8.328874803298861,8.548523667529205,398.0,8.438699235414033,0.1098244321151717,1.1158726716399443,1.9659423239762661,2.5692075010301036,2.6070067386751457,398.0,2.5881071198526246,0.01889961882252115,0.1920298401939092,1.9659423239762661,399.0,0.6090225563909775,-0.02041020590948523,-0.012221831335794638,398.0,-0.016316018622639934,0.004094187286845296,0.041599046933157115,1.9659423239762661,ExtraTreesRegressor,"{'mode': 'original', 'type': 'ExtraTreesRegressor'}",5,"['nodes_T6W30', 'lcc_T6W30', 'atd_T6W30', 'density_T6W30', 'asp_T6W30']",0.0493325933242223,0.07123157437544739,398.0,0.06028208384983484,0.010949490525612539,0.11125245094004571,1.9659423239762661,3.457893450543647,3.493872636889174,398.0,3.4758830437164105,0.017989593172763177,0.18278351190885703,1.9659423239762661,completed,30.54349994659424,False,COMPLETE
