number,value,datetime_start,datetime_complete,duration,params_et_max_depth,params_et_max_features,params_et_min_samples_leaf,params_et_min_samples_split,params_et_n_estimators,params_regressor,params_rfe_n_features,params_use_scaler,user_attrs_d2mae_ci_lower_val,user_attrs_d2mae_ci_upper_val,user_attrs_d2mae_df_val,user_attrs_d2mae_mean_val,user_attrs_d2mae_samperror_val,user_attrs_d2mae_std_val,user_attrs_d2mae_t_critical_val,user_attrs_mae_ci_lower_val,user_attrs_mae_ci_upper_val,user_attrs_mae_df_val,user_attrs_mae_mean_val,user_attrs_mae_samperror_val,user_attrs_mae_std_val,user_attrs_mae_t_critical_val,user_attrs_mape_ci_lower_val,user_attrs_mape_ci_upper_val,user_attrs_mape_df_val,user_attrs_mape_mean_val,user_attrs_mape_samperror_val,user_attrs_mape_std_val,user_attrs_mape_t_critical_val,user_attrs_max_error_ci_lower_val,user_attrs_max_error_ci_upper_val,user_attrs_max_error_df_val,user_attrs_max_error_mean_val,user_attrs_max_error_samperror_val,user_attrs_max_error_std_val,user_attrs_max_error_t_critical_val,user_attrs_median_ae_ci_lower_val,user_attrs_median_ae_ci_upper_val,user_attrs_median_ae_df_val,user_attrs_median_ae_mean_val,user_attrs_median_ae_samperror_val,user_attrs_median_ae_std_val,user_attrs_median_ae_t_critical_val,user_attrs_n_splits_val,user_attrs_r2_below_zero_val,user_attrs_r2_ci_lower_val,user_attrs_r2_ci_upper_val,user_attrs_r2_df_val,user_attrs_r2_mean_val,user_attrs_r2_samperror_val,user_attrs_r2_std_val,user_attrs_r2_t_critical_val,user_attrs_regressor_final,user_attrs_rfe_estimator,user_attrs_rfe_n_features,user_attrs_rfe_selected_features,user_attrs_rho_ci_lower_val,user_attrs_rho_ci_upper_val,user_attrs_rho_df_val,user_attrs_rho_mean_val,user_attrs_rho_samperror_val,user_attrs_rho_std_val,user_attrs_rho_t_critical_val,user_attrs_rmse_ci_lower_val,user_attrs_rmse_ci_upper_val,user_attrs_rmse_df_val,user_attrs_rmse_mean_val,user_attrs_rmse_samperror_val,user_attrs_rmse_std_val,user_attrs_rmse_t_critical_val,user_attrs_termination_reason,user_attrs_trial_time_seconds,user_attrs_use_scaler_final,state
83,2.8743870358250696,2026-06-13 23:39:36.844043,2026-06-13 23:39:54.232385,0 days 00:00:17.388342,5,sqrt,3,7,113,ExtraTreesRegressor,9,False,-0.02266259541046442,-0.016987361907158653,398.0,-0.019824978658811537,0.0028376167516528843,0.02883164451455187,1.9659423239762661,2.861307517907708,2.8874665537424313,398.0,2.8743870358250696,0.013079517917361594,0.13289462391121767,1.9659423239762661,917595800956506.5,1027516174417706.2,398.0,972555987687106.4,54960186730599.875,558423742511047.8,1.9659423239762661,8.369533926529256,8.579051189118937,398.0,8.474292557824096,0.1047586312948413,1.0644015318716102,1.9659423239762661,2.565839094208799,2.6089024103184095,398.0,2.5873707522636042,0.02153165805480527,0.21877271146056876,1.9659423239762661,399.0,0.7243107769423559,-0.039550406348847926,-0.029883560509383702,398.0,-0.03471698342911581,0.004833422919732111,0.04911006087380558,1.9659423239762661,ExtraTreesRegressor,"{'mode': 'original', 'type': 'ExtraTreesRegressor'}",9,"['nodes_T6W30', 're_T6W30', 'l1_T6W30', 'l3_T6W30', 'lcc_T6W30', 'atd_T6W30', 'density_T6W30', 'diameter_T6W30', 'asp_T6W30']",0.020348637284545387,0.04199345486777875,398.0,0.031171046076162067,0.01082240879161668,0.10996123521236609,1.9659423239762661,3.488493536970859,3.5250986565988276,398.0,3.5067960967848433,0.018302559813984112,0.18596341382455417,1.9659423239762661,completed,17.37966012954712,False,COMPLETE
84,2.9188522505016685,2026-06-13 23:39:54.245721,2026-06-13 23:40:14.689832,0 days 00:00:20.444111,20,log2,3,3,130,ExtraTreesRegressor,9,False,-0.03894134724670184,-0.03238079188914483,398.0,-0.03566106956792334,0.003280277678778503,0.03332930702797397,1.9659423239762661,2.9052188849972924,2.9324856160060446,398.0,2.9188522505016685,0.013633365504376245,0.13852200003054296,1.9659423239762661,932216240043191.1,1045158441559735.9,398.0,988687340801463.5,56471100758272.42,573775405526333.5,1.9659423239762661,8.515117738114041,8.74000553076157,398.0,8.627561634437805,0.11244389632376477,1.1424877742033033,1.9659423239762661,2.636862917474211,2.6856392333763273,398.0,2.661251075425269,0.024388157951058274,0.24779621842874847,1.9659423239762661,399.0,0.9047619047619048,-0.07700202512909772,-0.06552588413922349,398.0,-0.0712639546341606,0.005738070494937115,0.05830174515748103,1.9659423239762661,ExtraTreesRegressor,"{'mode': 'original', 'type': 'ExtraTreesRegressor'}",9,"['nodes_T6W30', 'l1_T6W30', 'l2_T6W30', 'lcc_T6W30', 'lsc_T6W30', 'atd_T6W30', 'density_T6W30', 'diameter_T6W30', 'asp_T6W30']",-0.015444588250804185,0.005654467227753371,398.0,-0.004895060511525408,0.010549527739278778,0.10718862348064423,1.9659423239762661,3.549031602689873,3.585875037451468,398.0,3.5674533200706704,0.018421717380797353,0.18717411594124317,1.9659423239762661,completed,20.435835361480713,False,COMPLETE
85,2.9902275235421745,2026-06-13 23:40:14.702352,2026-06-13 23:40:38.102352,0 days 00:00:23.400000,19,,1,4,144,ExtraTreesRegressor,2,False,-0.06739011460670498,-0.05453883142386548,398.0,-0.06096447301528523,0.006425641591419747,0.06528782085664678,1.9659423239762661,2.9693857396359515,3.0110693074483974,398.0,2.9902275235421745,0.020841783906222905,0.2117632355684773,1.9659423239762661,842737864601857.6,947960918911447.1,398.0,895349391756652.4,52611527154794.79,534560154189662.75,1.9659423239762661,9.212700722731414,9.44547034559095,398.0,9.329085534161182,0.11638481142976717,1.1825294970089304,1.9659423239762661,2.540206652423587,2.606647575083176,398.0,2.5734271137533815,0.033220461329794525,0.3375369598844323,1.9659423239762661,399.0,0.9223057644110275,-0.1727895986515719,-0.1482817401504149,398.0,-0.1605356694009934,0.012253929250578511,0.12450621876733503,1.9659423239762661,ExtraTreesRegressor,"{'mode': 'original', 'type': 'ExtraTreesRegressor'}",2,"['l3_T6W30', 'density_T6W30']",0.06663514428061698,0.09187478712787098,398.0,0.07925496570424398,0.012619821423626993,0.12822387128607135,1.9659423239762661,3.684029561593851,3.7340957239475117,398.0,3.7090626427706814,0.025033081176830382,0.25434896984375494,1.9659423239762661,completed,23.39141297340393,False,COMPLETE
86,3.0272782731631094,2026-06-13 23:40:38.116163,2026-06-13 23:41:28.806325,0 days 00:00:50.690162,10,,3,6,286,ExtraTreesRegressor,13,True,-0.07830079890441863,-0.06991760522082216,398.0,-0.0741092020626204,0.004191596841798233,0.0425887780725324,1.9659423239762661,3.0114607854190125,3.0430957609072062,398.0,3.0272782731631094,0.01581748774409693,0.160713804457717,1.9659423239762661,945309876310853.8,1060214121595717.5,398.0,1002761998953285.6,57452122642431.92,583743092039534.1,1.9659423239762661,8.84957519788367,9.073741475124272,398.0,8.961658336503971,0.11208313862030153,1.1388222905342773,1.9659423239762661,2.6816851981856424,2.7364562809674795,398.0,2.709070739576561,0.027385541390918363,0.2782511746033313,1.9659423239762661,399.0,0.9924812030075187,-0.1644751128898338,-0.14916132715863323,398.0,-0.1568182200242335,0.007656892865600294,0.07779796657120981,1.9659423239762661,ExtraTreesRegressor,"{'mode': 'original', 'type': 'ExtraTreesRegressor'}",13,"['nodes_T6W30', 'edges_T6W30', 're_T6W30', 'pe_T6W30', 'l1_T6W30', 'l2_T6W30', 'l3_T6W30', 'lcc_T6W30', 'lsc_T6W30', 'atd_T6W30', 'density_T6W30', 'diameter_T6W30', 'asp_T6W30']",-0.09749369818360239,-0.07562589193733578,398.0,-0.08655979506046908,0.010933903123133307,0.11109407492012524,1.9659423239762661,3.6861014595771677,3.726789247428098,398.0,3.706445353502633,0.020343893925465085,0.20670441748664686,1.9659423239762661,completed,50.68111491203308,True,COMPLETE
87,2.944638923021368,2026-06-13 23:41:28.819106,2026-06-13 23:42:16.349974,0 days 00:00:47.530868,9,sqrt,1,2,340,ExtraTreesRegressor,4,True,-0.049368922098806986,-0.040203106293880686,398.0,-0.044786014196343836,0.004582907902463147,0.046564699552813796,1.9659423239762661,2.9281061356546947,2.9611717103880415,398.0,2.944638923021368,0.016532787366673393,0.1679816162323355,1.9659423239762661,878533705756937.8,986851389761331.0,398.0,932692547759134.4,54158842002196.58,550281668240632.0,1.9659423239762661,8.928762766436801,9.198351414121401,398.0,9.063557090279101,0.1347943238422997,1.3695796042001838,1.9659423239762661,2.598156534754604,2.6506788354600466,398.0,2.6244176851073253,0.0262611503527213,0.26682678380434044,1.9659423239762661,399.0,0.8972431077694235,-0.11800771087678287,-0.10005318555670088,398.0,-0.10903044821674188,0.008977262660040989,0.09121360225171231,1.9659423239762661,ExtraTreesRegressor,"{'mode': 'original', 'type': 'ExtraTreesRegressor'}",4,"['nodes_T6W30', 'l3_T6W30', 'atd_T6W30', 'density_T6W30']",0.0040766666563257815,0.027763372762708818,398.0,0.0159200197095173,0.011843353053191518,0.120334553597152,1.9659423239762661,3.6062786070719843,3.6504236005077093,398.0,3.628351103789847,0.02207249671786237,0.22426791022689438,1.9659423239762661,completed,47.52221632003784,True,COMPLETE
88,2.8421473916999256,2026-06-13 23:42:16.362482,2026-06-13 23:42:27.038255,0 days 00:00:10.675773,3,sqrt,1,10,58,ExtraTreesRegressor,4,False,-0.010828282764773881,-0.005916520189057067,398.0,-0.008372401476915474,0.0024558812878584073,0.024953016019597776,1.9659423239762661,2.8297103925046057,2.8545843908952455,398.0,2.8421473916999256,0.012436999195319735,0.12636630348984138,1.9659423239762661,912484643484898.5,1021983062777268.2,398.0,967233853131083.4,54749209646184.836,556280106907322.4,1.9659423239762661,8.232575211780329,8.440028600840371,398.0,8.33630190631035,0.10372669453002156,1.0539165240045512,1.9659423239762661,2.5284610420153673,2.567518799262543,398.0,2.547989920638955,0.019528878623587726,0.1984234431641064,1.9659423239762661,399.0,0.5137844611528822,-0.011469183046224032,-0.002948545798070689,398.0,-0.00720886442214736,0.004260318624076671,0.04328702669821599,1.9659423239762661,ExtraTreesRegressor,"{'mode': 'original', 'type': 'ExtraTreesRegressor'}",4,"['atd_T6W30', 'density_T6W30', 'diameter_T6W30', 'asp_T6W30']",0.10718493809686383,0.13099577841539586,398.0,0.11909035825612985,0.011905420159266012,0.12096518729260944,1.9659423239762661,3.442311158064688,3.4777928329863577,398.0,3.460051995525523,0.01774083746083491,0.180256026034275,1.9659423239762661,completed,10.667262077331543,False,COMPLETE
89,2.83220477940028,2026-06-13 23:42:27.051295,2026-06-13 23:43:18.524112,0 days 00:00:51.472817,9,log2,2,9,424,ExtraTreesRegressor,3,False,-0.006947541010917558,-0.002751400776415733,398.0,-0.004849470893666646,0.0020980701172509126,0.02131747063867845,1.9659423239762661,2.8203642741566544,2.8440452846439053,398.0,2.83220477940028,0.011840505243625392,0.12030561838840408,1.9659423239762661,929323641224975.6,1040419967614323.4,398.0,984871804419649.5,55548163194673.84,564397885560925.6,1.9659423239762661,8.261011352219398,8.45441843765137,398.0,8.357714894935384,0.09670354271598562,0.9825576922116157,1.9659423239762661,2.5764483781142857,2.611582233527227,398.0,2.5940153058207565,0.017566927706470874,0.17848901355363742,1.9659423239762661,399.0,0.49874686716791977,-0.006259988622205347,0.00022618858219544723,398.0,-0.0030169000200049503,0.0032430886022003975,0.03295144689760231,1.9659423239762661,ExtraTreesRegressor,"{'mode': 'original', 'type': 'ExtraTreesRegressor'}",3,"['l1_T6W30', 'atd_T6W30', 'density_T6W30']",0.07689430252405097,0.09873559450439365,398.0,0.08781494851422231,0.010920645990171339,0.11095937563608028,1.9659423239762661,3.4359945787231796,3.4705361248088034,398.0,3.4532653517659915,0.017270773042812007,0.1754799299700402,1.9659423239762661,completed,51.46345400810242,False,COMPLETE
90,2.8435099551488427,2026-06-13 23:43:18.537617,2026-06-13 23:43:37.767010,0 days 00:00:19.229393,13,sqrt,5,6,131,ExtraTreesRegressor,6,True,-0.01121329946156677,-0.006536321848593762,398.0,-0.008874810655080266,0.002338488806486504,0.023760248078111543,1.9659423239762661,2.831368544498356,2.8556513657993294,398.0,2.8435099551488427,0.012141410650486698,0.12336297196445632,1.9659423239762661,924649651385684.2,1035327304051378.8,398.0,979988477718531.5,55338826332847.3,562270915461648.0,1.9659423239762661,8.29553269274508,8.506641483323179,398.0,8.40108708803413,0.10555439528904878,1.0724869030145265,1.9659423239762661,2.583463343713401,2.621419931096958,398.0,2.6024416374051795,0.018978293691778614,0.1928292172984244,1.9659423239762661,399.0,0.5839598997493735,-0.01555282326146897,-0.007925250152950718,398.0,-0.011739036707209844,0.003813786554259126,0.03875003138557294,1.9659423239762661,ExtraTreesRegressor,"{'mode': 'original', 'type': 'ExtraTreesRegressor'}",6,"['nodes_T6W30', 'l1_T6W30', 'lcc_T6W30', 'atd_T6W30', 'density_T6W30', 'asp_T6W30']",0.05660660997707229,0.07803064790840247,398.0,0.06731862894273738,0.010712018965665086,0.10883961784877892,1.9659423239762661,3.4504390530261917,3.4856497462766196,398.0,3.4680443996514057,0.017605346625213736,0.17887936951244773,1.9659423239762661,completed,19.221164226531982,True,COMPLETE
91,2.830312860295667,2026-06-13 23:43:37.779553,2026-06-13 23:44:18.533026,0 days 00:00:40.753473,9,log2,3,8,331,ExtraTreesRegressor,3,True,-0.00594845256661013,-0.002403828110597897,398.0,-0.004176140338604014,0.0017723122280061169,0.018007603069336714,1.9659423239762661,2.8188904591078514,2.8417352614834823,398.0,2.830312860295667,0.011422401187815392,0.11605746630790038,1.9659423239762661,934034169119044.4,1045409798534663.4,398.0,989721983826853.9,55687814707809.54,565816816704570.1,1.9659423239762661,8.21043027443448,8.398805512856988,398.0,8.304617893645734,0.09418761921125511,0.9569946164114946,1.9659423239762661,2.5742438096218447,2.606137616913966,398.0,2.5901907132679054,0.015946903646060516,0.16202873653153235,1.9659423239762661,399.0,0.42355889724310775,0.0011324225368533635,0.006137732484185069,398.0,0.0036350775105192163,0.002502654973665853,0.025428260705494872,1.9659423239762661,ExtraTreesRegressor,"{'mode': 'original', 'type': 'ExtraTreesRegressor'}",3,"['l1_T6W30', 'atd_T6W30', 'density_T6W30']",0.08845045091394882,0.11055749465415221,398.0,0.09950397278405052,0.011053521870101696,0.11230946286420185,1.9659423239762661,3.425048223461421,3.4590379354611556,398.0,3.442043079461288,0.016994855999867588,0.17267647101348943,1.9659423239762661,completed,40.74513101577759,True,COMPLETE
92,3.01349074422141,2026-06-13 23:44:18.545366,2026-06-13 23:45:28.544169,0 days 00:01:09.998803,17,,1,6,453,ExtraTreesRegressor,5,True,-0.07413866579003743,-0.0643077987200484,398.0,-0.06922323225504291,0.004915433534994524,0.049943330872049094,1.9659423239762661,2.996144817117487,3.0308366713253325,398.0,3.01349074422141,0.017345927103922604,0.17624353385435737,1.9659423239762661,938445796355679.4,1054624168432150.6,398.0,996534982393915.0,58089186038235.64,590215983542710.9,1.9659423239762661,9.022857625868976,9.238965985036721,398.0,9.130911805452849,0.10805417958387319,1.0978859961476832,1.9659423239762661,2.6206705284765883,2.6754072296748665,398.0,2.6480388790757274,0.027368350599139016,0.27807650732410233,1.9659423239762661,399.0,0.9699248120300752,-0.164116570562558,-0.14555361502322325,398.0,-0.15483509279289062,0.009281477769667366,0.09430458410879153,1.9659423239762661,ExtraTreesRegressor,"{'mode': 'original', 'type': 'ExtraTreesRegressor'}",5,"['l1_T6W30', 'l3_T6W30', 'atd_T6W30', 'density_T6W30', 'asp_T6W30']",-0.015506121941358204,0.006913036825351815,398.0,-0.004296542558003195,0.01120957938335501,0.11389508740046936,1.9659423239762661,3.68050780836582,3.7235637056621824,398.0,3.7020357570140012,0.021527948648181274,0.21873502198291794,1.9659423239762661,completed,69.98945188522339,True,COMPLETE
93,2.94870148018233,2026-06-13 23:45:28.556784,2026-06-13 23:46:36.417237,0 days 00:01:07.860453,11,log2,2,3,493,ExtraTreesRegressor,8,False,-0.049726356639411315,-0.0426136056613812,398.0,-0.04616998115039626,0.003556375489015055,0.036134602673113386,1.9659423239762661,2.933981133604651,2.963421826760009,398.0,2.94870148018233,0.014720346577679053,0.1495662863603504,1.9659423239762661,924872830019016.5,1037127321192244.5,398.0,981000075605630.5,56127245586613.99,570281660267051.6,1.9659423239762661,8.685791786468913,8.907550522593015,398.0,8.796671154530964,0.11087936806205048,1.126591363016542,1.9659423239762661,2.644671192338592,2.6951161743073744,398.0,2.669893683322983,0.025222490984391378,0.2562734708307143,1.9659423239762661,399.0,0.9423558897243107,-0.09768101375348721,-0.08511315674738994,398.0,-0.09139708525043858,0.0062839285030486395,0.06384794304911866,1.9659423239762661,ExtraTreesRegressor,"{'mode': 'original', 'type': 'ExtraTreesRegressor'}",8,"['nodes_T6W30', 're_T6W30', 'l1_T6W30', 'l2_T6W30', 'l3_T6W30', 'atd_T6W30', 'density_T6W30', 'asp_T6W30']",-0.03183585702250613,-0.010586839861969326,398.0,-0.021211348442237727,0.0106245085802684,0.10795046735951043,1.9659423239762661,3.5813743597609733,3.6205661245898613,398.0,3.6009702421754173,0.019595882414443884,0.19910423611402356,1.9659423239762661,completed,67.8518328666687,False,COMPLETE
94,3.0112988913346332,2026-06-13 23:46:36.430044,2026-06-13 23:47:28.411245,0 days 00:00:51.981201,17,log2,1,4,343,ExtraTreesRegressor,9,False,-0.07264193770645863,-0.06424693488376415,398.0,-0.06844443629511139,0.004197501411347247,0.04264877153364707,1.9659423239762661,2.9955170379352944,3.027080744733972,398.0,3.0112988913346332,0.01578185339933897,0.1603517412016511,1.9659423239762661,934166106358255.2,1047828904191958.8,398.0,990997505275107.0,56831398916851.74,577436219983168.0,1.9659423239762661,8.821673464808034,9.053788184414207,398.0,8.937730824611121,0.11605735980308708,1.1792024201967948,1.9659423239762661,2.7076200333747487,2.759879955304979,398.0,2.7337499943398638,0.02612996096511505,0.26549383220495976,1.9659423239762661,399.0,0.9799498746867168,-0.14264376050806143,-0.12756162821202466,398.0,-0.13510269436004305,0.0075410661480183935,0.07662110759451271,1.9659423239762661,ExtraTreesRegressor,"{'mode': 'original', 'type': 'ExtraTreesRegressor'}",9,"['nodes_T6W30', 're_T6W30', 'pe_T6W30', 'l1_T6W30', 'l2_T6W30', 'l3_T6W30', 'atd_T6W30', 'density_T6W30', 'asp_T6W30']",-0.0521866078501325,-0.030534935750998374,398.0,-0.04136077180056544,0.010825836049567064,0.10999605791449016,1.9659423239762661,3.6511483941952507,3.6921795387318435,398.0,3.671663966463547,0.0205155722682964,0.20844875767933727,1.9659423239762661,completed,51.97250509262085,False,COMPLETE
95,2.9643180842810115,2026-06-13 23:47:28.423964,2026-06-13 23:47:49.275329,0 days 00:00:20.851365,19,sqrt,2,6,129,ExtraTreesRegressor,10,False,-0.05531903256706499,-0.04820149162981994,398.0,-0.051760262098442464,0.0035587704686225233,0.03615893689676142,1.9659423239762661,2.9498353796444334,2.9788007889175896,398.0,2.9643180842810115,0.01448270463657807,0.1471517221090009,1.9659423239762661,932654018236719.1,1045960682283281.9,398.0,989307350260000.5,56653332023281.39,575626968831743.0,1.9659423239762661,8.704689722961552,8.925881274504613,398.0,8.815285498733083,0.11059577577152996,1.1237099196001283,1.9659423239762661,2.669626015439125,2.7210478550917405,398.0,2.695336935265433,0.02571091982630758,0.2612361588796128,1.9659423239762661,399.0,0.9674185463659147,-0.11004087033049557,-0.0976166765568545,398.0,-0.10382877344367504,0.006212096886820538,0.06311809691228994,1.9659423239762661,ExtraTreesRegressor,"{'mode': 'original', 'type': 'ExtraTreesRegressor'}",10,"['nodes_T6W30', 're_T6W30', 'l1_T6W30', 'l2_T6W30', 'l3_T6W30', 'lcc_T6W30', 'atd_T6W30', 'density_T6W30', 'diameter_T6W30', 'asp_T6W30']",-0.052888716378948104,-0.03220192711531534,398.0,-0.04254532174713172,0.010343394631816381,0.10509420517219085,1.9659423239762661,3.6019971148283,3.6407444835729144,398.0,3.6213707992006072,0.01937368437230703,0.19684658981313125,1.9659423239762661,completed,20.843454360961914,False,COMPLETE
96,2.8969033473930628,2026-06-13 23:47:49.287758,2026-06-13 23:48:12.824800,0 days 00:00:23.537042,9,sqrt,2,5,160,ExtraTreesRegressor,7,False,-0.030855207370483022,-0.024731081404810576,398.0,-0.0277931443876468,0.003062062982836221,0.031112133571553492,1.9659423239762661,2.883246573972857,2.9105601208132685,398.0,2.8969033473930628,0.013656773420205852,0.13875983648524834,1.9659423239762661,919365711192355.2,1030057127979100.5,398.0,974711419585727.9,55345708393372.57,562340840733437.0,1.9659423239762661,8.496727012067925,8.705167397562665,398.0,8.600947204815295,0.10422019274736992,1.0589307195131112,1.9659423239762661,2.589000018770098,2.63641338504217,398.0,2.612706701906134,0.023706683136035762,0.24087208408223948,1.9659423239762661,399.0,0.8270676691729323,-0.05638480560311857,-0.04584397381901081,398.0,-0.05111438971106469,0.005270415892053884,0.0535501340535258,1.9659423239762661,ExtraTreesRegressor,"{'mode': 'original', 'type': 'ExtraTreesRegressor'}",7,"['re_T6W30', 'l1_T6W30', 'l3_T6W30', 'lcc_T6W30', 'atd_T6W30', 'density_T6W30', 'asp_T6W30']",-0.002146845530227103,0.019566849551505693,398.0,0.008710002010639295,0.010856847540866398,0.11031115060362363,1.9659423239762661,3.5155564925399077,3.5532346601981457,398.0,3.5343955763690267,0.01883908382911888,0.19141477355059022,1.9659423239762661,completed,23.52848982810974,False,COMPLETE
