number,value,datetime_start,datetime_complete,duration,params_et_max_depth,params_et_max_features,params_et_min_samples_leaf,params_et_min_samples_split,params_et_n_estimators,params_regressor,params_rfe_n_features,params_use_scaler,user_attrs_d2mae_ci_lower_val,user_attrs_d2mae_ci_upper_val,user_attrs_d2mae_df_val,user_attrs_d2mae_mean_val,user_attrs_d2mae_samperror_val,user_attrs_d2mae_std_val,user_attrs_d2mae_t_critical_val,user_attrs_mae_ci_lower_val,user_attrs_mae_ci_upper_val,user_attrs_mae_df_val,user_attrs_mae_mean_val,user_attrs_mae_samperror_val,user_attrs_mae_std_val,user_attrs_mae_t_critical_val,user_attrs_mape_ci_lower_val,user_attrs_mape_ci_upper_val,user_attrs_mape_df_val,user_attrs_mape_mean_val,user_attrs_mape_samperror_val,user_attrs_mape_std_val,user_attrs_mape_t_critical_val,user_attrs_max_error_ci_lower_val,user_attrs_max_error_ci_upper_val,user_attrs_max_error_df_val,user_attrs_max_error_mean_val,user_attrs_max_error_samperror_val,user_attrs_max_error_std_val,user_attrs_max_error_t_critical_val,user_attrs_median_ae_ci_lower_val,user_attrs_median_ae_ci_upper_val,user_attrs_median_ae_df_val,user_attrs_median_ae_mean_val,user_attrs_median_ae_samperror_val,user_attrs_median_ae_std_val,user_attrs_median_ae_t_critical_val,user_attrs_n_splits_val,user_attrs_r2_below_zero_val,user_attrs_r2_ci_lower_val,user_attrs_r2_ci_upper_val,user_attrs_r2_df_val,user_attrs_r2_mean_val,user_attrs_r2_samperror_val,user_attrs_r2_std_val,user_attrs_r2_t_critical_val,user_attrs_regressor_final,user_attrs_rfe_estimator,user_attrs_rfe_n_features,user_attrs_rfe_selected_features,user_attrs_rho_ci_lower_val,user_attrs_rho_ci_upper_val,user_attrs_rho_df_val,user_attrs_rho_mean_val,user_attrs_rho_samperror_val,user_attrs_rho_std_val,user_attrs_rho_t_critical_val,user_attrs_rmse_ci_lower_val,user_attrs_rmse_ci_upper_val,user_attrs_rmse_df_val,user_attrs_rmse_mean_val,user_attrs_rmse_samperror_val,user_attrs_rmse_std_val,user_attrs_rmse_t_critical_val,user_attrs_termination_reason,user_attrs_trial_time_seconds,user_attrs_use_scaler_final,state
493,2.9397383093493077,2026-06-14 02:45:24.460022,2026-06-14 02:46:25.446234,0 days 00:01:00.986212,10,sqrt,2,7,483,ExtraTreesRegressor,11,True,-0.04630178523398617,-0.03969133739150526,398.0,-0.042996561312745714,0.0033052239212404554,0.03358277367184612,1.9659423239762661,2.9255695716028858,2.9539070470957296,398.0,2.9397383093493077,0.014168737746421722,0.1439616571500686,1.9659423239762661,933285542645301.4,1046036778243855.9,398.0,989661160444578.6,56375617799277.234,572805249592011.8,1.9659423239762661,8.61806933272331,8.84132744515768,398.0,8.729698388940495,0.11162905621718466,1.13420857995502,1.9659423239762661,2.641881742866579,2.690194100443582,398.0,2.6660379216550805,0.024156178788501438,0.2454391909176421,1.9659423239762661,399.0,0.9348370927318296,-0.08789803261413982,-0.0764307679495053,398.0,-0.08216440028182256,0.005733632332317263,0.058256651144387536,1.9659423239762661,ExtraTreesRegressor,"{'mode': 'original', 'type': 'ExtraTreesRegressor'}",11,"['nodes_T6W30', 're_T6W30', 'pe_T6W30', 'l1_T6W30', 'l2_T6W30', 'l3_T6W30', 'lcc_T6W30', 'atd_T6W30', 'density_T6W30', 'diameter_T6W30', 'asp_T6W30']",-0.04495878173414762,-0.023470406077943318,398.0,-0.03421459390604547,0.010744187828102152,0.10916647002347192,1.9659423239762661,3.566816608271725,3.605118843556108,398.0,3.5859677259139167,0.019151117642191615,0.19458519745289934,1.9659423239762661,completed,60.9786651134491,True,COMPLETE
494,2.9192464802298455,2026-06-14 02:46:25.458041,2026-06-14 02:46:28.093522,0 days 00:00:02.635481,8,,5,10,432,ExtraTreesRegressor,12,False,,,,,,,,,,,,,,,,,,,,,,,,,,,,,,,,,,,,,,,,,,,,,ExtraTreesRegressor,"{'mode': 'original', 'type': 'ExtraTreesRegressor'}",12,"['nodes_T6W30', 're_T6W30', 'pe_T6W30', 'l1_T6W30', 'l2_T6W30', 'l3_T6W30', 'lcc_T6W30', 'lsc_T6W30', 'atd_T6W30', 'density_T6W30', 'diameter_T6W30', 'asp_T6W30']",,,,,,,,,,,,,,,pruned,,False,PRUNED
495,2.893305776721687,2026-06-14 02:46:28.099100,2026-06-14 02:46:58.267173,0 days 00:00:30.168073,14,log2,4,6,231,ExtraTreesRegressor,10,True,-0.02938629688711322,-0.023654064597803944,398.0,-0.02652018074245858,0.0028661161446546374,0.029121212993955727,1.9659423239762661,2.8800289229302853,2.906582630513089,398.0,2.893305776721687,0.01327685379140191,0.13489965780699825,1.9659423239762661,925543263804345.9,1037072089446987.6,398.0,981307676625666.8,55764412821320.875,566595092903411.2,1.9659423239762661,8.466888451312412,8.681471321227589,398.0,8.57417988627,0.10729143495758851,1.0901361187522898,1.9659423239762661,2.609851735342825,2.6537446457501317,398.0,2.6317981905464785,0.02194645520365305,0.2229872636668393,1.9659423239762661,399.0,0.8320802005012531,-0.05202538055589495,-0.04239213736376815,398.0,-0.04720875895983155,0.004816621596063404,0.048939350790737475,1.9659423239762661,ExtraTreesRegressor,"{'mode': 'original', 'type': 'ExtraTreesRegressor'}",10,"['nodes_T6W30', 're_T6W30', 'l1_T6W30', 'l2_T6W30', 'l3_T6W30', 'lcc_T6W30', 'atd_T6W30', 'density_T6W30', 'diameter_T6W30', 'asp_T6W30']",-0.010593148396547,0.01082334646825038,398.0,0.00011509903585169033,0.01070824743239869,0.108801297132513,1.9659423239762661,3.5094367510038897,3.5467658926701664,398.0,3.528101321837028,0.018664570833138425,0.18964163182510976,1.9659423239762661,completed,30.160694122314453,True,COMPLETE
496,2.903924882172422,2026-06-14 02:46:58.288481,2026-06-14 02:47:22.734170,0 days 00:00:24.445689,16,sqrt,2,7,181,ExtraTreesRegressor,7,True,-0.03356048317987814,-0.027056933829315837,398.0,-0.03030870850459699,0.0032517746752811546,0.03303970186407935,1.9659423239762661,2.8900610328470133,2.917788731497831,398.0,2.903924882172422,0.013863849325408645,0.14086383410327,1.9659423239762661,929297543973882.2,1042052320175879.0,398.0,985674932074880.6,56377388100998.414,572823236767298.5,1.9659423239762661,8.57568238942039,8.789887247047506,398.0,8.682784818233948,0.10710242881355753,1.0882157191942474,1.9659423239762661,2.6048316704043635,2.6512938151105216,398.0,2.6280627427574426,0.02323107235307907,0.23603963409987044,1.9659423239762661,399.0,0.8320802005012531,-0.06653663313601747,-0.05515601594432257,398.0,-0.06084632454017002,0.0056903085958474545,0.05781645971677066,1.9659423239762661,ExtraTreesRegressor,"{'mode': 'original', 'type': 'ExtraTreesRegressor'}",7,"['nodes_T6W30', 'l1_T6W30', 'l3_T6W30', 'atd_T6W30', 'density_T6W30', 'diameter_T6W30', 'asp_T6W30']",-0.006023689752180807,0.01606468680809908,398.0,0.005020498527959136,0.011044188280139942,0.11221462879343978,1.9659423239762661,3.5314934213344906,3.5692487775913606,398.0,3.5503710994629256,0.018877678128434886,0.19180691146615583,1.9659423239762661,completed,24.437875986099243,True,COMPLETE
497,2.8359431312211987,2026-06-14 02:47:22.746764,2026-06-14 02:47:56.449596,0 days 00:00:33.702832,15,log2,3,4,286,ExtraTreesRegressor,2,False,-0.008058175472744433,-0.004265271631263697,398.0,-0.006161723552004065,0.0018964519207403684,0.019268926145814474,1.9659423239762661,2.8242723388398443,2.847613923602553,398.0,2.8359431312211987,0.011670792381354192,0.11858124848831092,1.9659423239762661,931697283638842.5,1043627201095842.2,398.0,987662242367342.4,55964958728499.91,568632742385592.4,1.9659423239762661,8.262508924385466,8.469710958448028,398.0,8.366109941416747,0.10360101703128069,1.0526395760287315,1.9659423239762661,2.532218374169366,2.5629505696997805,398.0,2.5475844719345733,0.015366097765207158,0.1561274502923068,1.9659423239762661,399.0,0.45363408521303256,-0.005356280239622441,0.0007805933547239924,398.0,-0.0022878434424492247,0.003068436797173217,0.03117689480086995,1.9659423239762661,ExtraTreesRegressor,"{'mode': 'original', 'type': 'ExtraTreesRegressor'}",2,"['atd_T6W30', 'density_T6W30']",0.08534188157759429,0.10799980524300493,398.0,0.0966708434102996,0.011328961832705315,0.11510807443930733,1.9659423239762661,3.434721782408076,3.469731357555074,398.0,3.452226569981575,0.017504787573498864,0.17785763786737097,1.9659423239762661,completed,33.69549202919006,False,COMPLETE
498,3.014723887214232,2026-06-14 02:47:56.461414,2026-06-14 02:47:58.965773,0 days 00:00:02.504359,17,,1,8,349,ExtraTreesRegressor,11,True,,,,,,,,,,,,,,,,,,,,,,,,,,,,,,,,,,,,,,,,,,,,,ExtraTreesRegressor,"{'mode': 'original', 'type': 'ExtraTreesRegressor'}",11,"['nodes_T6W30', 're_T6W30', 'pe_T6W30', 'l1_T6W30', 'l2_T6W30', 'l3_T6W30', 'lsc_T6W30', 'atd_T6W30', 'density_T6W30', 'diameter_T6W30', 'asp_T6W30']",,,,,,,,,,,,,,,pruned,,True,PRUNED
499,2.9086446990218504,2026-06-14 02:47:58.971952,2026-06-14 02:48:00.314158,0 days 00:00:01.342206,14,,5,2,204,ExtraTreesRegressor,9,True,,,,,,,,,,,,,,,,,,,,,,,,,,,,,,,,,,,,,,,,,,,,,ExtraTreesRegressor,"{'mode': 'original', 'type': 'ExtraTreesRegressor'}",9,"['nodes_T6W30', 're_T6W30', 'l1_T6W30', 'l2_T6W30', 'l3_T6W30', 'lcc_T6W30', 'atd_T6W30', 'density_T6W30', 'asp_T6W30']",,,,,,,,,,,,,,,pruned,,True,PRUNED
