number,value,datetime_start,datetime_complete,duration,params_regressor,params_rfe_n_features,params_use_scaler,user_attrs_d2mae_ci_lower_val,user_attrs_d2mae_ci_upper_val,user_attrs_d2mae_df_val,user_attrs_d2mae_mean_val,user_attrs_d2mae_samperror_val,user_attrs_d2mae_std_val,user_attrs_d2mae_t_critical_val,user_attrs_mae_ci_lower_val,user_attrs_mae_ci_upper_val,user_attrs_mae_df_val,user_attrs_mae_mean_val,user_attrs_mae_samperror_val,user_attrs_mae_std_val,user_attrs_mae_t_critical_val,user_attrs_mape_ci_lower_val,user_attrs_mape_ci_upper_val,user_attrs_mape_df_val,user_attrs_mape_mean_val,user_attrs_mape_samperror_val,user_attrs_mape_std_val,user_attrs_mape_t_critical_val,user_attrs_max_error_ci_lower_val,user_attrs_max_error_ci_upper_val,user_attrs_max_error_df_val,user_attrs_max_error_mean_val,user_attrs_max_error_samperror_val,user_attrs_max_error_std_val,user_attrs_max_error_t_critical_val,user_attrs_median_ae_ci_lower_val,user_attrs_median_ae_ci_upper_val,user_attrs_median_ae_df_val,user_attrs_median_ae_mean_val,user_attrs_median_ae_samperror_val,user_attrs_median_ae_std_val,user_attrs_median_ae_t_critical_val,user_attrs_n_splits_val,user_attrs_r2_below_zero_val,user_attrs_r2_ci_lower_val,user_attrs_r2_ci_upper_val,user_attrs_r2_df_val,user_attrs_r2_mean_val,user_attrs_r2_samperror_val,user_attrs_r2_std_val,user_attrs_r2_t_critical_val,user_attrs_regressor_final,user_attrs_rfe_estimator,user_attrs_rfe_n_features,user_attrs_rfe_selected_features,user_attrs_rho_ci_lower_val,user_attrs_rho_ci_upper_val,user_attrs_rho_df_val,user_attrs_rho_mean_val,user_attrs_rho_samperror_val,user_attrs_rho_std_val,user_attrs_rho_t_critical_val,user_attrs_rmse_ci_lower_val,user_attrs_rmse_ci_upper_val,user_attrs_rmse_df_val,user_attrs_rmse_mean_val,user_attrs_rmse_samperror_val,user_attrs_rmse_std_val,user_attrs_rmse_t_critical_val,user_attrs_termination_reason,user_attrs_trial_time_seconds,user_attrs_use_scaler_final,state
131,2.9870272726274982,2026-06-13 17:21:22.386362,2026-06-13 17:21:25.607680,0 days 00:00:03.221318,LinearRegression,13,True,-0.0647915472444362,-0.054925990751090246,398,-0.05985876899776322,0.004932778246672973,0.05011956205655601,1.9659423239762661,2.969790673562665,3.0042638716923316,398,2.9870272726274982,0.017236599064833123,0.1751327047909665,1.9659423239762661,934549782184624.0,1047934232285838.2,398,991242007235231.1,56692225050607.16,576022141977411.1,1.9659423239762661,9.047155087463308,9.40070521637828,398,9.223930151920793,0.17677506445748586,1.796125503737049,1.9659423239762661,2.633505826123323,2.6766594678970455,398,2.6550826470101843,0.021576820886860977,0.2192315890444927,1.9659423239762661,399,0.9147869674185464,-0.13634080442321736,-0.1143228587006497,398,-0.12533183156193353,0.011008972861283824,0.11185682203983247,1.9659423239762661,LinearRegression,"{'mode': 'original', 'type': 'LinearRegression'}",13,"['nodes_T6W30', 'edges_T6W30', 're_T6W30', 'pe_T6W30', 'l1_T6W30', 'l2_T6W30', 'l3_T6W30', 'lcc_T6W30', 'lsc_T6W30', 'atd_T6W30', 'density_T6W30', 'diameter_T6W30', 'asp_T6W30']",-0.03032110014051321,-0.0060415827869229125,398,-0.01818134146371806,0.012139758676795148,0.12334618706276221,1.9659423239762661,3.629387400927105,3.6782788727578897,398,3.6538331368424974,0.024445735915392383,0.24838124013704843,1.9659423239762661,completed,3.2134599685668945,True,COMPLETE
132,2.9439911709577973,2026-06-13 17:21:25.619933,2026-06-13 17:21:29.031676,0 days 00:00:03.411743,LinearRegression,11,True,-0.04914895320386655,-0.04013314372675938,398,-0.044641048465312964,0.004507904738553587,0.04580262886160876,1.9659423239762661,2.928051704460118,2.9599306374554764,398,2.9439911709577973,0.01593946649767904,0.1619531712818517,1.9659423239762661,936913311124614.6,1050781053735931.4,398,993847182430273.0,56933871305658.39,578477392116406.0,1.9659423239762661,8.506874922206855,8.771139572417283,398,8.639007247312069,0.13213232510521483,1.342532328967857,1.9659423239762661,2.5897028615004736,2.6332482233390344,398,2.611475542419754,0.02177268091928056,0.22122162763093706,1.9659423239762661,399,0.8145363408521303,-0.09129608521135027,-0.07295755899384898,398,-0.08212682210259963,0.009169263108750644,0.09316442548413321,1.9659423239762661,LinearRegression,"{'mode': 'original', 'type': 'LinearRegression'}",11,"['nodes_T6W30', 'edges_T6W30', 're_T6W30', 'l1_T6W30', 'l2_T6W30', 'lcc_T6W30', 'lsc_T6W30', 'atd_T6W30', 'density_T6W30', 'diameter_T6W30', 'asp_T6W30']",0.007033579129990778,0.03109789680283892,398,0.01906573796641485,0.012032158836424072,0.12225291738651209,1.9659423239762661,3.5619405044661594,3.6050806283248242,398,3.583510566395492,0.02157006192933238,0.21916291456241546,1.9659423239762661,completed,3.400932788848877,True,COMPLETE
133,2.967192120663289,2026-06-13 17:21:29.045285,2026-06-13 17:21:32.480323,0 days 00:00:03.435038,LinearRegression,12,True,-0.057648364258886815,-0.04805872493266699,398,-0.0528535445957769,0.004794819663109911,0.04871783194740564,1.9659423239762661,2.9504699702820254,2.9839142710445525,398,2.967192120663289,0.01672215038126355,0.16990564177866313,1.9659423239762661,939083441157966.5,1052772109553630.5,398,995927775355798.5,56844334197832.05,577567649085672.0,1.9659423239762661,9.024327612934478,9.38272641123551,398,9.203527012084994,0.17919939915051594,1.8207579901406565,1.9659423239762661,2.6201669180796174,2.6620962725867767,398,2.641131595333197,0.02096467725357943,0.2130118951353912,1.9659423239762661,399,0.8671679197994987,-0.12142620773675641,-0.09996804149790961,398,-0.11069712461733301,0.010729083119423395,0.10901299842063193,1.9659423239762661,LinearRegression,"{'mode': 'original', 'type': 'LinearRegression'}",12,"['nodes_T6W30', 'edges_T6W30', 're_T6W30', 'pe_T6W30', 'l1_T6W30', 'l2_T6W30', 'lcc_T6W30', 'lsc_T6W30', 'atd_T6W30', 'density_T6W30', 'diameter_T6W30', 'asp_T6W30']",-0.011725448421892217,0.012359315967304182,398,0.0003169337727059828,0.0120423821945982,0.12235679195958463,1.9659423239762661,3.606024858846365,3.654053371299225,398,3.630039115072795,0.02401425622643018,0.243997184749667,1.9659423239762661,completed,3.4273531436920166,True,COMPLETE
134,2.8430681474550843,2026-06-13 17:21:32.492106,2026-06-13 17:21:35.885569,0 days 00:00:03.393463,LinearRegression,5,False,-0.012037554943572268,-0.005562426883869289,398,-0.008799990913720778,0.0032375640298514894,0.032895314403330184,1.9659423239762661,2.829876543528143,2.8562597513820256,398,2.8430681474550843,0.01319160392694111,0.13403347537217306,1.9659423239762661,909248938900762.4,1018393420881882.6,398,963821179891322.5,54572240990560.11,554482014417835.1,1.9659423239762661,8.166352452836707,8.374630737809396,398,8.270491595323051,0.10413914248634426,1.0581072072074618,1.9659423239762661,2.5555464638734287,2.595320979960421,398,2.5754337219169248,0.019887258043495937,0.20206476224995765,1.9659423239762661,399,0.5388471177944862,-0.018557289493003858,-0.006444683547405849,398,-0.012500986520204854,0.006056302972799005,0.061535150679687144,1.9659423239762661,LinearRegression,"{'mode': 'original', 'type': 'LinearRegression'}",5,"['edges_T6W30', 're_T6W30', 'l1_T6W30', 'atd_T6W30', 'density_T6W30']",0.09523932637622425,0.11990421317753934,398,0.10757176977688179,0.012332443400657542,0.12530396288239998,1.9659423239762661,3.449622843598887,3.4860540396793387,398,3.467838441639113,0.018215598040225812,0.18507983751147603,1.9659423239762661,completed,3.3862111568450928,False,COMPLETE
135,2.8349319657834124,2026-06-13 17:21:35.897357,2026-06-13 17:21:39.276145,0 days 00:00:03.378788,LinearRegression,2,True,-0.00829361207307145,-0.0032907994938684683,398,-0.00579220578346996,0.0025014062896014915,0.02541557343367295,1.9659423239762661,2.822332639563202,2.847531292003623,398,2.8349319657834124,0.012599326220210805,0.12801562948639747,1.9659423239762661,917906777585565.0,1027875625603208.8,398,972891201594386.9,54984424008821.875,558670005713888.75,1.9659423239762661,8.263067934224233,8.518794972635467,398,8.39093145342985,0.12786351920561745,1.2991590671885405,1.9659423239762661,2.5489328156747733,2.5913059205713105,398,2.570119368123042,0.02118655244826869,0.21526626114029712,1.9659423239762661,399,0.41854636591478694,-0.007210958064530067,0.0022081718751219507,398,-0.002501393094704058,0.004709564969826009,0.047851600449256064,1.9659423239762661,LinearRegression,"{'mode': 'original', 'type': 'LinearRegression'}",2,"['nodes_T6W30', 'lcc_T6W30']",0.12072005620682386,0.1451399215825418,398,0.13292998889468283,0.012209932687858976,0.12405919107923977,1.9659423239762661,3.4334691298338336,3.4708302960512056,398,3.4521497129425196,0.018680583108685932,0.18980432477375617,1.9659423239762661,completed,3.3713340759277344,True,COMPLETE
136,2.8496694897114234,2026-06-13 17:21:39.287884,2026-06-13 17:21:42.576686,0 days 00:00:03.288802,LinearRegression,5,True,-0.014367525248807782,-0.007767895146891814,398,-0.011067710197849799,0.0032998150509579846,0.033527816770031,1.9659423239762661,2.83589839669096,2.863440582731887,398,2.8496694897114234,0.013771093020463745,0.13992138237539062,1.9659423239762661,917203513597956.5,1027369402687339.5,398,972286458142648.0,55082944544691.5,559671024990336.6,1.9659423239762661,8.304356259341652,8.54717724656891,398,8.425766752955282,0.1214104936136294,1.2335930108128401,1.9659423239762661,2.5554577294064105,2.5930705128102387,398,2.5742641211083246,0.018806391701914157,0.19108260473693975,1.9659423239762661,399,0.5614035087719298,-0.026023877908893312,-0.013680729359852959,398,-0.019852303634373136,0.006171574274520177,0.06270636634579801,1.9659423239762661,LinearRegression,"{'mode': 'original', 'type': 'LinearRegression'}",5,"['nodes_T6W30', 'l1_T6W30', 'lcc_T6W30', 'atd_T6W30', 'density_T6W30']",0.0858135357972587,0.11032570403952599,398,0.09806961991839235,0.012256084121133652,0.12452811335961375,1.9659423239762661,3.4617034784093135,3.4997453254473085,398,3.480724401928311,0.01902092351899742,0.19326235825143484,1.9659423239762661,completed,3.281569004058838,True,COMPLETE
137,2.8903733009700256,2026-06-13 17:21:42.588337,2026-06-13 17:21:45.760980,0 days 00:00:03.172643,LinearRegression,8,False,-0.029483496804301033,-0.02169481839647079,398,-0.025589157600385912,0.00389433920391512,0.039568487703972546,1.9659423239762661,2.8757577085670443,2.904988893373007,398,2.8903733009700256,0.014615592402981556,0.14850193010979817,1.9659423239762661,913897851094987.8,1023958863603946.5,398,968928357349467.1,55030506254479.33,559138225012514.56,1.9659423239762661,8.313493376145416,8.504250205403292,398,8.408871790774354,0.09537841462893686,0.969093709832817,1.9659423239762661,2.5355250889814434,2.5738485316449546,398,2.554686810313199,0.019161721331755494,0.19469293638835297,1.9659423239762661,399,0.6791979949874687,-0.051895893979509534,-0.037004132310843214,398,-0.044450013145176374,0.00744588083433316,0.07565397588950702,1.9659423239762661,LinearRegression,"{'mode': 'original', 'type': 'LinearRegression'}",8,"['edges_T6W30', 're_T6W30', 'l1_T6W30', 'l2_T6W30', 'lcc_T6W30', 'atd_T6W30', 'density_T6W30', 'asp_T6W30']",0.053981695778687985,0.07858962667871618,398,0.06628566122870208,0.012303965450014092,0.1250146122683762,1.9659423239762661,3.5018830883799494,3.540853435507087,398,3.5213682619435183,0.019485173563568745,0.19797937729325882,1.9659423239762661,completed,3.165372848510742,False,COMPLETE
138,2.8496694897114234,2026-06-13 17:21:45.772747,2026-06-13 17:21:48.965923,0 days 00:00:03.193176,LinearRegression,5,True,-0.014367525248807782,-0.007767895146891814,398,-0.011067710197849799,0.0032998150509579846,0.033527816770031,1.9659423239762661,2.83589839669096,2.863440582731887,398,2.8496694897114234,0.013771093020463745,0.13992138237539062,1.9659423239762661,917203513597956.5,1027369402687339.5,398,972286458142648.0,55082944544691.5,559671024990336.6,1.9659423239762661,8.304356259341652,8.54717724656891,398,8.425766752955282,0.1214104936136294,1.2335930108128401,1.9659423239762661,2.5554577294064105,2.5930705128102387,398,2.5742641211083246,0.018806391701914157,0.19108260473693975,1.9659423239762661,399,0.5614035087719298,-0.026023877908893312,-0.013680729359852959,398,-0.019852303634373136,0.006171574274520177,0.06270636634579801,1.9659423239762661,LinearRegression,"{'mode': 'original', 'type': 'LinearRegression'}",5,"['nodes_T6W30', 'l1_T6W30', 'lcc_T6W30', 'atd_T6W30', 'density_T6W30']",0.0858135357972587,0.11032570403952599,398,0.09806961991839235,0.012256084121133652,0.12452811335961375,1.9659423239762661,3.4617034784093135,3.4997453254473085,398,3.480724401928311,0.01902092351899742,0.19326235825143484,1.9659423239762661,completed,3.1857011318206787,True,COMPLETE
139,2.952807598088823,2026-06-13 17:21:48.977967,2026-06-13 17:21:52.192626,0 days 00:00:03.214659,LinearRegression,11,False,-0.05246676441730107,-0.043032211011464205,398,-0.04774948771438264,0.00471727670291843,0.047929955620715455,1.9659423239762661,2.9363158847973208,2.969299311380325,398,2.952807598088823,0.0164917132915022,0.16756428251966626,1.9659423239762661,931914845368829.2,1043927278413327.0,398,987921061891078.1,56006216522248.81,569051942773428.5,1.9659423239762661,9.052958127672348,9.419562695013685,398,9.236260411343016,0.1833022836706694,1.8624454054339366,1.9659423239762661,2.5846146070720537,2.624318831445722,398,2.604466719258888,0.019852112186834248,0.20170766228399536,1.9659423239762661,399,0.8646616541353384,-0.11366950203741001,-0.09228963687585444,398,-0.10297956945663223,0.010689932580777783,0.10861520882761307,1.9659423239762661,LinearRegression,"{'mode': 'original', 'type': 'LinearRegression'}",11,"['nodes_T6W30', 'edges_T6W30', 're_T6W30', 'pe_T6W30', 'l1_T6W30', 'l2_T6W30', 'lcc_T6W30', 'atd_T6W30', 'density_T6W30', 'diameter_T6W30', 'asp_T6W30']",0.00801524194334665,0.032428467219649496,398,0.020221854581498073,0.012206612638151423,0.12402545766795965,1.9659423239762661,3.5934359417175794,3.6416501817528864,398,3.617543061735233,0.02410712001765351,0.24494072859337493,1.9659423239762661,completed,3.2072858810424805,False,COMPLETE
140,2.85025544216135,2026-06-13 17:21:52.204233,2026-06-13 17:21:55.484909,0 days 00:00:03.280676,LinearRegression,3,True,-0.01391991958628925,-0.008517499085712955,398,-0.011218709336001102,0.0027012102502881473,0.027445684358187904,1.9659423239762661,2.837217897005486,2.8632929873172137,398,2.85025544216135,0.013037545155863813,0.1324681590836143,1.9659423239762661,918031931189578.4,1028184655805712.1,398,973108293497645.2,55076362308066.83,559604146083464.3,1.9659423239762661,8.308953493193284,8.567240889585007,398,8.438097191389145,0.1291436981958605,1.3121663436433988,1.9659423239762661,2.554334503660427,2.5960528098574924,398,2.5751936567589597,0.020859153098532784,0.2119397154887807,1.9659423239762661,399,0.5263157894736842,-0.020024159749167297,-0.009584045104403261,398,-0.01480410242678528,0.005220057322382019,0.05303846510521035,1.9659423239762661,LinearRegression,"{'mode': 'original', 'type': 'LinearRegression'}",3,"['nodes_T6W30', 'lcc_T6W30', 'atd_T6W30']",0.09833284576278685,0.1223173911593796,398,0.11032511846108323,0.011992272698296383,0.12184765372471351,1.9659423239762661,3.453937163332427,3.4921863200811374,398,3.473061741706782,0.019124578374355116,0.19431554485252875,1.9659423239762661,completed,3.2733750343322754,True,COMPLETE
141,2.8962135520275485,2026-06-13 17:21:55.496460,2026-06-13 17:21:58.575953,0 days 00:00:03.079493,LinearRegression,8,True,-0.03161607660480649,-0.023678785057724104,398,-0.027647430831265297,0.003968645773541192,0.04032348063926121,1.9659423239762661,2.881356680698364,2.911070423356733,398,2.8962135520275485,0.014856871329184475,0.15095344799891525,1.9659423239762661,919567386094906.0,1030487465250095.5,398,975027425672500.8,55460039577594.805,563502504322610.2,1.9659423239762661,8.40328588229964,8.644588931434049,398,8.523937406866844,0.1206515245672046,1.2258814952491819,1.9659423239762661,2.525777068508479,2.5653843289830927,398,2.545580698745786,0.01980363023730684,0.20121506076078668,1.9659423239762661,399,0.7017543859649122,-0.05620440174210125,-0.04099479747455192,398,-0.048599599608326584,0.007604802133774666,0.0772686979652134,1.9659423239762661,LinearRegression,"{'mode': 'original', 'type': 'LinearRegression'}",8,"['nodes_T6W30', 're_T6W30', 'l1_T6W30', 'l2_T6W30', 'lcc_T6W30', 'atd_T6W30', 'density_T6W30', 'diameter_T6W30']",0.056452468481927205,0.08063436718464387,398,0.06854341783328553,0.01209094935135833,0.12285025923206776,1.9659423239762661,3.508420563127311,3.548660749267892,398,3.5285406561976016,0.0201200930702905,0.204430485781568,1.9659423239762661,completed,3.0721559524536133,True,COMPLETE
142,2.8597694652366177,2026-06-13 17:21:58.587512,2026-06-13 17:22:01.762274,0 days 00:00:03.174762,LinearRegression,6,False,-0.018063424979408663,-0.011295326208620192,398,-0.014679375594014428,0.003384049385394235,0.03438368089790211,1.9659423239762661,2.8459755493161687,2.8735633811570667,398,2.8597694652366177,0.013793915920449186,0.14015327476846592,1.9659423239762661,914326273451419.4,1024256603256255.1,398,969291438353837.2,54965164902417.87,558474323295117.9,1.9659423239762661,8.180635134804247,8.38446246341635,398,8.282548799110298,0.10191366430605167,1.03549520517029,1.9659423239762661,2.54854596119697,2.5887704078696654,398,2.5686581845333176,0.020112223336347646,0.2043505252402679,1.9659423239762661,399,0.5839598997493735,-0.026748105024731454,-0.014080319406776058,398,-0.020414212215753756,0.006333892808977697,0.0643556060751858,1.9659423239762661,LinearRegression,"{'mode': 'original', 'type': 'LinearRegression'}",6,"['edges_T6W30', 're_T6W30', 'l1_T6W30', 'l2_T6W30', 'atd_T6W30', 'density_T6W30']",0.09059834261138781,0.11505939891431989,398,0.10282887076285385,0.012230528151466042,0.12426845157397902,1.9659423239762661,3.462714567546525,3.499840408981051,398,3.481277488263788,0.018562920717263214,0.18860881440744054,1.9659423239762661,completed,3.167200803756714,False,COMPLETE
143,2.952807598088823,2026-06-13 17:22:01.774707,2026-06-13 17:22:05.255234,0 days 00:00:03.480527,LinearRegression,11,False,-0.05246676441730107,-0.043032211011464205,398,-0.04774948771438264,0.00471727670291843,0.047929955620715455,1.9659423239762661,2.9363158847973208,2.969299311380325,398,2.952807598088823,0.0164917132915022,0.16756428251966626,1.9659423239762661,931914845368829.2,1043927278413327.0,398,987921061891078.1,56006216522248.81,569051942773428.5,1.9659423239762661,9.052958127672348,9.419562695013685,398,9.236260411343016,0.1833022836706694,1.8624454054339366,1.9659423239762661,2.5846146070720537,2.624318831445722,398,2.604466719258888,0.019852112186834248,0.20170766228399536,1.9659423239762661,399,0.8646616541353384,-0.11366950203741001,-0.09228963687585444,398,-0.10297956945663223,0.010689932580777783,0.10861520882761307,1.9659423239762661,LinearRegression,"{'mode': 'original', 'type': 'LinearRegression'}",11,"['nodes_T6W30', 'edges_T6W30', 're_T6W30', 'pe_T6W30', 'l1_T6W30', 'l2_T6W30', 'lcc_T6W30', 'atd_T6W30', 'density_T6W30', 'diameter_T6W30', 'asp_T6W30']",0.00801524194334665,0.032428467219649496,398,0.020221854581498073,0.012206612638151423,0.12402545766795965,1.9659423239762661,3.5934359417175794,3.6416501817528864,398,3.617543061735233,0.02410712001765351,0.24494072859337493,1.9659423239762661,completed,3.4724650382995605,False,COMPLETE
144,2.85025544216135,2026-06-13 17:22:05.267599,2026-06-13 17:22:08.493929,0 days 00:00:03.226330,LinearRegression,3,True,-0.01391991958628925,-0.008517499085712955,398,-0.011218709336001102,0.0027012102502881473,0.027445684358187904,1.9659423239762661,2.837217897005486,2.8632929873172137,398,2.85025544216135,0.013037545155863813,0.1324681590836143,1.9659423239762661,918031931189578.4,1028184655805712.1,398,973108293497645.2,55076362308066.83,559604146083464.3,1.9659423239762661,8.308953493193284,8.567240889585007,398,8.438097191389145,0.1291436981958605,1.3121663436433988,1.9659423239762661,2.554334503660427,2.5960528098574924,398,2.5751936567589597,0.020859153098532784,0.2119397154887807,1.9659423239762661,399,0.5263157894736842,-0.020024159749167297,-0.009584045104403261,398,-0.01480410242678528,0.005220057322382019,0.05303846510521035,1.9659423239762661,LinearRegression,"{'mode': 'original', 'type': 'LinearRegression'}",3,"['nodes_T6W30', 'lcc_T6W30', 'atd_T6W30']",0.09833284576278685,0.1223173911593796,398,0.11032511846108323,0.011992272698296383,0.12184765372471351,1.9659423239762661,3.453937163332427,3.4921863200811374,398,3.473061741706782,0.019124578374355116,0.19431554485252875,1.9659423239762661,completed,3.2186341285705566,True,COMPLETE
145,2.9439911709577973,2026-06-13 17:22:08.505634,2026-06-13 17:22:11.720888,0 days 00:00:03.215254,LinearRegression,11,True,-0.04914895320386655,-0.04013314372675938,398,-0.044641048465312964,0.004507904738553587,0.04580262886160876,1.9659423239762661,2.928051704460118,2.9599306374554764,398,2.9439911709577973,0.01593946649767904,0.1619531712818517,1.9659423239762661,936913311124614.6,1050781053735931.4,398,993847182430273.0,56933871305658.39,578477392116406.0,1.9659423239762661,8.506874922206855,8.771139572417283,398,8.639007247312069,0.13213232510521483,1.342532328967857,1.9659423239762661,2.5897028615004736,2.6332482233390344,398,2.611475542419754,0.02177268091928056,0.22122162763093706,1.9659423239762661,399,0.8145363408521303,-0.09129608521135027,-0.07295755899384898,398,-0.08212682210259963,0.009169263108750644,0.09316442548413321,1.9659423239762661,LinearRegression,"{'mode': 'original', 'type': 'LinearRegression'}",11,"['nodes_T6W30', 'edges_T6W30', 're_T6W30', 'l1_T6W30', 'l2_T6W30', 'lcc_T6W30', 'lsc_T6W30', 'atd_T6W30', 'density_T6W30', 'diameter_T6W30', 'asp_T6W30']",0.007033579129990778,0.03109789680283892,398,0.01906573796641485,0.012032158836424072,0.12225291738651209,1.9659423239762661,3.5619405044661594,3.6050806283248242,398,3.583510566395492,0.02157006192933238,0.21916291456241546,1.9659423239762661,completed,3.2079129219055176,True,COMPLETE
