number,value,datetime_start,datetime_complete,duration,params_et_max_depth,params_et_max_features,params_et_min_samples_leaf,params_et_min_samples_split,params_et_n_estimators,params_regressor,params_rfe_n_features,params_use_scaler,user_attrs_d2mae_ci_lower_val,user_attrs_d2mae_ci_upper_val,user_attrs_d2mae_df_val,user_attrs_d2mae_mean_val,user_attrs_d2mae_samperror_val,user_attrs_d2mae_std_val,user_attrs_d2mae_t_critical_val,user_attrs_mae_ci_lower_val,user_attrs_mae_ci_upper_val,user_attrs_mae_df_val,user_attrs_mae_mean_val,user_attrs_mae_samperror_val,user_attrs_mae_std_val,user_attrs_mae_t_critical_val,user_attrs_mape_ci_lower_val,user_attrs_mape_ci_upper_val,user_attrs_mape_df_val,user_attrs_mape_mean_val,user_attrs_mape_samperror_val,user_attrs_mape_std_val,user_attrs_mape_t_critical_val,user_attrs_max_error_ci_lower_val,user_attrs_max_error_ci_upper_val,user_attrs_max_error_df_val,user_attrs_max_error_mean_val,user_attrs_max_error_samperror_val,user_attrs_max_error_std_val,user_attrs_max_error_t_critical_val,user_attrs_median_ae_ci_lower_val,user_attrs_median_ae_ci_upper_val,user_attrs_median_ae_df_val,user_attrs_median_ae_mean_val,user_attrs_median_ae_samperror_val,user_attrs_median_ae_std_val,user_attrs_median_ae_t_critical_val,user_attrs_n_splits_val,user_attrs_r2_below_zero_val,user_attrs_r2_ci_lower_val,user_attrs_r2_ci_upper_val,user_attrs_r2_df_val,user_attrs_r2_mean_val,user_attrs_r2_samperror_val,user_attrs_r2_std_val,user_attrs_r2_t_critical_val,user_attrs_regressor_final,user_attrs_rfe_estimator,user_attrs_rfe_n_features,user_attrs_rfe_selected_features,user_attrs_rho_ci_lower_val,user_attrs_rho_ci_upper_val,user_attrs_rho_df_val,user_attrs_rho_mean_val,user_attrs_rho_samperror_val,user_attrs_rho_std_val,user_attrs_rho_t_critical_val,user_attrs_rmse_ci_lower_val,user_attrs_rmse_ci_upper_val,user_attrs_rmse_df_val,user_attrs_rmse_mean_val,user_attrs_rmse_samperror_val,user_attrs_rmse_std_val,user_attrs_rmse_t_critical_val,user_attrs_termination_reason,user_attrs_trial_time_seconds,user_attrs_use_scaler_final,state
263,2.8713050794348107,2026-06-14 01:08:21.899685,2026-06-14 01:08:30.924751,0 days 00:00:09.025066,5,sqrt,4,9,51,ExtraTreesRegressor,10,False,-0.021263106717222854,-0.016151082773696812,398.0,-0.018707094745459833,0.0025560119717630194,0.025970395227574022,1.9659423239762661,2.858566884744308,2.8840432741253132,398.0,2.8713050794348107,0.012738194690502627,0.12942660451232416,1.9659423239762661,924784310962684.8,1035900523938022.8,398.0,980342417450353.8,55558106487668.945,564498914527847.2,1.9659423239762661,8.347812817275983,8.562927053854438,398.0,8.45536993556521,0.10755711828922743,1.0928355979426325,1.9659423239762661,2.558406771071747,2.5963961035979737,398.0,2.5774014373348604,0.018994666263113094,0.19299557103743087,1.9659423239762661,399.0,0.7243107769423559,-0.030696660580186046,-0.022295217259296965,398.0,-0.026495938919741505,0.004200721660444539,0.04268149091943703,1.9659423239762661,ExtraTreesRegressor,"{'mode': 'original', 'type': 'ExtraTreesRegressor'}",10,"['nodes_T6W30', 're_T6W30', 'pe_T6W30', 'l1_T6W30', 'l2_T6W30', 'l3_T6W30', 'atd_T6W30', 'density_T6W30', 'diameter_T6W30', 'asp_T6W30']",0.02805428095752344,0.05002608099443609,398.0,0.03904018097597976,0.010985900018456323,0.11162239009903033,1.9659423239762661,3.4751061536701786,3.511373127360956,398.0,3.4932396405155672,0.01813348684538865,0.18424554557306289,1.9659423239762661,completed,9.016823768615723,False,COMPLETE
264,2.900822097413754,2026-06-14 01:08:30.937058,2026-06-14 01:09:21.741450,0 days 00:00:50.804392,14,sqrt,2,2,402,ExtraTreesRegressor,7,True,-0.032435583571425036,-0.02600144470846622,398.0,-0.02921851413994563,0.0032170694314794094,0.03268707875121538,1.9659423239762661,2.8870812106217287,2.9145629842057796,398.0,2.900822097413754,0.013740886792025368,0.13961447157076792,1.9659423239762661,924548876497878.0,1036306684750038.0,398.0,980427780623958.0,55878904126080.04,567758383399529.4,1.9659423239762661,8.578004026008822,8.796012441963947,398.0,8.687008233986385,0.10900420797756233,1.1075387728694237,1.9659423239762661,2.6112911342235323,2.6555517053182998,398.0,2.633421419770916,0.022130285547383527,0.22485507443386335,1.9659423239762661,399.0,0.8395989974937343,-0.06395256697241776,-0.05279950976914515,398.0,-0.05837603837078145,0.005576528601636302,0.05666039650137948,1.9659423239762661,ExtraTreesRegressor,"{'mode': 'original', 'type': 'ExtraTreesRegressor'}",7,"['nodes_T6W30', 'l1_T6W30', 'l2_T6W30', 'l3_T6W30', 'atd_T6W30', 'density_T6W30', 'asp_T6W30']",0.0010766339820741655,0.02260435930610793,398.0,0.011840496644091049,0.010763862662016883,0.10936637644740389,1.9659423239762661,3.5274701044869374,3.5651282857891653,398.0,3.5462991951380514,0.018829090651114128,0.1913132377263335,1.9659423239762661,completed,50.796820878982544,True,COMPLETE
265,2.8408996764446726,2026-06-14 01:09:21.753792,2026-06-14 01:09:47.780836,0 days 00:00:26.027044,2,log2,3,10,216,ExtraTreesRegressor,9,False,-0.009842201517853527,-0.006021188295662611,398.0,-0.00793169490675807,0.0019105066110954583,0.019411729022856983,1.9659423239762661,2.8292666730964453,2.8525326797929,398.0,2.8408996764446726,0.011633003348227155,0.11819729249107037,1.9659423239762661,927166491839706.0,1037860078431381.0,398.0,982513285135543.5,55346793295837.46,562351863900037.1,1.9659423239762661,8.197093234129172,8.396201045151036,398.0,8.296647139640104,0.0995539055109326,1.0115188430765258,1.9659423239762661,2.5556483566207375,2.5913467171768736,398.0,2.5734975368988056,0.017849180278068175,0.18135684473727812,1.9659423239762661,399.0,0.41604010025062654,-0.002826821094501733,0.003008401036954338,398.0,9.078997122630259e-05,0.0029176110657280355,0.029644427856508365,1.9659423239762661,ExtraTreesRegressor,"{'mode': 'original', 'type': 'ExtraTreesRegressor'}",9,"['nodes_T6W30', 're_T6W30', 'pe_T6W30', 'l3_T6W30', 'lcc_T6W30', 'atd_T6W30', 'density_T6W30', 'diameter_T6W30', 'asp_T6W30']",0.10468873534376964,0.12823825074809492,398.0,0.11646349304593227,0.011774757702162632,0.11963758957793985,1.9659423239762661,3.4308231380034173,3.4653653413437815,398.0,3.4480942396735994,0.01727110167018191,0.17548326899300773,1.9659423239762661,completed,26.019697189331055,False,COMPLETE
266,2.924923705800602,2026-06-14 01:09:47.793127,2026-06-14 01:09:48.891495,0 days 00:00:01.098368,14,,2,8,147,ExtraTreesRegressor,5,False,,,,,,,,,,,,,,,,,,,,,,,,,,,,,,,,,,,,,,,,,,,,,ExtraTreesRegressor,"{'mode': 'original', 'type': 'ExtraTreesRegressor'}",5,"['l1_T6W30', 'l2_T6W30', 'l3_T6W30', 'density_T6W30', 'asp_T6W30']",,,,,,,,,,,,,,,pruned,,False,PRUNED
267,2.8555538403513703,2026-06-14 01:09:48.897770,2026-06-14 01:10:32.481177,0 days 00:00:43.583407,5,sqrt,2,11,371,ExtraTreesRegressor,8,True,-0.015695662845222294,-0.01060799717432546,398.0,-0.013151830009773878,0.0025438328354484177,0.025846648943474056,1.9659423239762661,2.8430787260939936,2.868028954608747,398.0,2.8555538403513703,0.012475114257376645,0.12675357210856333,1.9659423239762661,917148629240298.8,1027040220911014.5,398.0,972094425075656.6,54945795835357.914,558277523619571.1,1.9659423239762661,8.30227104567256,8.510227348356212,398.0,8.406249197014386,0.10397815134182646,1.0564714544420384,1.9659423239762661,2.5481876124444356,2.587479931308654,398.0,2.5678337718765447,0.019646159432109296,0.19961507645204196,1.9659423239762661,399.0,0.6265664160401002,-0.023723011476262816,-0.015050408929585715,398.0,-0.019386710202924266,0.004336301273338551,0.04405904946398107,1.9659423239762661,ExtraTreesRegressor,"{'mode': 'original', 'type': 'ExtraTreesRegressor'}",8,"['nodes_T6W30', 'l1_T6W30', 'l3_T6W30', 'lcc_T6W30', 'atd_T6W30', 'density_T6W30', 'diameter_T6W30', 'asp_T6W30']",0.049100769509667956,0.07082187443486551,398.0,0.05996132197226674,0.01086055246259878,0.11034879451247075,1.9659423239762661,3.4630402115168257,3.498711021996363,398.0,3.4808756167565944,0.017835405239768475,0.18121688326883814,1.9659423239762661,completed,43.57576107978821,True,COMPLETE
268,2.9431676312900494,2026-06-14 01:10:32.493507,2026-06-14 01:10:33.012754,0 days 00:00:00.519247,9,,1,5,56,ExtraTreesRegressor,6,False,,,,,,,,,,,,,,,,,,,,,,,,,,,,,,,,,,,,,,,,,,,,,ExtraTreesRegressor,"{'mode': 'original', 'type': 'ExtraTreesRegressor'}",6,"['l1_T6W30', 'l2_T6W30', 'l3_T6W30', 'atd_T6W30', 'density_T6W30', 'asp_T6W30']",,,,,,,,,,,,,,,pruned,,False,PRUNED
269,2.94910686050812,2026-06-14 01:10:33.018887,2026-06-14 01:10:33.457239,0 days 00:00:00.438352,10,,3,12,54,ExtraTreesRegressor,11,False,,,,,,,,,,,,,,,,,,,,,,,,,,,,,,,,,,,,,,,,,,,,,ExtraTreesRegressor,"{'mode': 'original', 'type': 'ExtraTreesRegressor'}",11,"['nodes_T6W30', 're_T6W30', 'l1_T6W30', 'l2_T6W30', 'l3_T6W30', 'lcc_T6W30', 'lsc_T6W30', 'atd_T6W30', 'density_T6W30', 'diameter_T6W30', 'asp_T6W30']",,,,,,,,,,,,,,,pruned,,False,PRUNED
270,2.8330676040948144,2026-06-14 01:10:33.462708,2026-06-14 01:10:47.902815,0 days 00:00:14.440107,2,log2,5,10,106,ExtraTreesRegressor,5,False,-0.006971090188619996,-0.003329037753705081,398.0,-0.005150063971162538,0.0018210262174574573,0.018502562237423303,1.9659423239762661,2.821557349262851,2.844577858926778,398.0,2.8330676040948144,0.01151025483196366,0.11695010448249371,1.9659423239762661,928527522702504.8,1039274859893147.2,398.0,983901191297826.0,55373668595321.31,562624930754639.3,1.9659423239762661,8.19056774787471,8.389136031923304,398.0,8.289851889899007,0.0992841420242965,1.0087779074145244,1.9659423239762661,2.546004986515851,2.58132585106085,398.0,2.5636654187883505,0.017660432272499464,0.17943906799867596,1.9659423239762661,399.0,0.3358395989974937,0.001718003061422706,0.0072759416965309884,398.0,0.004496972378976847,0.0027789693175541415,0.02823575644381764,1.9659423239762661,ExtraTreesRegressor,"{'mode': 'original', 'type': 'ExtraTreesRegressor'}",5,"['nodes_T6W30', 'lcc_T6W30', 'atd_T6W30', 'density_T6W30', 'asp_T6W30']",0.12313090449402803,0.1471906521806502,398.0,0.1351607783373391,0.01202987384331108,0.12222970068217259,1.9659423239762661,3.4233336852324636,3.4577436194126405,398.0,3.440538652322552,0.017204967090088487,0.17481130767114772,1.9659423239762661,completed,14.43297004699707,False,COMPLETE
271,2.8491647829290048,2026-06-14 01:10:47.915000,2026-06-14 01:11:13.489079,0 days 00:00:25.574079,9,log2,2,2,206,ExtraTreesRegressor,2,True,-0.012992215362298103,-0.008735348149559858,398.0,-0.01086378175592898,0.0021284336063691223,0.021625979292628193,1.9659423239762661,2.837216293803948,2.8611132720540615,398.0,2.8491647829290048,0.01194848912505693,0.12140279011919615,1.9659423239762661,912952341750095.9,1022358636672514.9,398.0,967655489211305.4,54703147461209.47,555812091435536.1,1.9659423239762661,8.291797434848895,8.482137371279894,398.0,8.386967403064395,0.09516996821550006,0.9669757871468014,1.9659423239762661,2.559015850027479,2.594422201147327,398.0,2.576719025587403,0.017703175559923744,0.17987336176568394,1.9659423239762661,399.0,0.48872180451127817,-0.006538203938601446,0.0002120416948590935,398.0,-0.0031630811218711762,0.0033751228167302697,0.03429298237270336,1.9659423239762661,ExtraTreesRegressor,"{'mode': 'original', 'type': 'ExtraTreesRegressor'}",2,"['l3_T6W30', 'density_T6W30']",0.08516581084184154,0.1090294380515532,398.0,0.09709762444669737,0.01193181360485583,0.1212333582640123,1.9659423239762661,3.435974556577079,3.471342924136309,398.0,3.453658740356694,0.017684183779615042,0.17968039551742648,1.9659423239762661,completed,25.566613912582397,True,COMPLETE
272,2.9490691026689553,2026-06-14 01:11:13.501364,2026-06-14 01:11:16.296923,0 days 00:00:02.795559,10,,2,6,401,ExtraTreesRegressor,7,True,,,,,,,,,,,,,,,,,,,,,,,,,,,,,,,,,,,,,,,,,,,,,ExtraTreesRegressor,"{'mode': 'original', 'type': 'ExtraTreesRegressor'}",7,"['re_T6W30', 'l1_T6W30', 'l2_T6W30', 'l3_T6W30', 'atd_T6W30', 'density_T6W30', 'asp_T6W30']",,,,,,,,,,,,,,,pruned,,True,PRUNED
273,2.8514899840289067,2026-06-14 01:11:16.303057,2026-06-14 01:11:27.781345,0 days 00:00:11.478288,20,sqrt,4,12,76,ExtraTreesRegressor,2,True,-0.013631630593883858,-0.009754079419528432,398.0,-0.011692855006706145,0.0019387755871777134,0.01969895634794209,1.9659423239762661,2.8398081649444933,2.86317180311332,398.0,2.8514899840289067,0.011681819084413502,0.11869328545827465,1.9659423239762661,934004684653938.5,1045483294416035.8,398.0,989743989534987.1,55739304881048.61,566339983326686.0,1.9659423239762661,8.224015875695283,8.42416802142133,398.0,8.324091948558307,0.10007607286302336,1.0168243317278092,1.9659423239762661,2.5629618077582275,2.594693986944803,398.0,2.5788278973515153,0.01586608959328768,0.16120762422312446,1.9659423239762661,399.0,0.568922305764411,-0.01171933599205866,-0.005688103173982854,398.0,-0.008703719583020757,0.0030156164090379034,0.030640212511779664,1.9659423239762661,ExtraTreesRegressor,"{'mode': 'original', 'type': 'ExtraTreesRegressor'}",2,"['nodes_T6W30', 'lcc_T6W30']",0.05153850569470854,0.07460301859455325,398.0,0.06307076214463089,0.011532256449922352,0.11717365222810118,1.9659423239762661,3.4458090122970204,3.480618014020695,398.0,3.4632135131588577,0.017404500861837112,0.17683867333719586,1.9659423239762661,completed,11.471071004867554,True,COMPLETE
274,2.8939564275607275,2026-06-14 01:11:27.793579,2026-06-14 01:11:47.500706,0 days 00:00:19.707127,4,,4,8,138,ExtraTreesRegressor,9,True,-0.029931332108532063,-0.023687561766884545,398.0,-0.026809446937708304,0.0031218851708237592,0.031719957745531435,1.9659423239762661,2.880565753542992,2.907347101578463,398.0,2.8939564275607275,0.013390674017735818,0.13605612980143286,1.9659423239762661,916056456865288.9,1026718711558402.1,398.0,971387584211845.5,55331127346556.65,562192689804245.5,1.9659423239762661,8.445041609716695,8.669985639477757,398.0,8.557513624597226,0.11247201488053078,1.1427734731908314,1.9659423239762661,2.583177268754512,2.626347285180291,398.0,2.6047622769674015,0.021585008212889605,0.2193147764846023,1.9659423239762661,399.0,0.8020050125313283,-0.05582742637840114,-0.0447450337988823,398.0,-0.05028623008864172,0.0055411962897594265,0.056301402054607215,1.9659423239762661,ExtraTreesRegressor,"{'mode': 'original', 'type': 'ExtraTreesRegressor'}",9,"['nodes_T6W30', 'l1_T6W30', 'l2_T6W30', 'l3_T6W30', 'lcc_T6W30', 'atd_T6W30', 'density_T6W30', 'diameter_T6W30', 'asp_T6W30']",0.0010062078777240187,0.022946972215483842,398.0,0.011976590046603931,0.010970382168879913,0.11146472077234738,1.9659423239762661,3.5140893848048695,3.5510363961968836,398.0,3.5325628905008766,0.018473505696006882,0.18770031183900102,1.9659423239762661,completed,19.6978759765625,True,COMPLETE
275,2.8458515180326476,2026-06-14 01:11:47.512344,2026-06-14 01:12:08.708554,0 days 00:00:21.196210,8,log2,2,12,167,ExtraTreesRegressor,2,False,-0.0117370660207713,-0.007627392370933477,398.0,-0.009682229195852389,0.0020548368249189122,0.020878198169983063,1.9659423239762661,2.8339720181019667,2.8577310179633284,398.0,2.8458515180326476,0.011879499930680664,0.1207018244491693,1.9659423239762661,923197985631892.0,1034077950325698.0,398.0,978637967978795.0,55439982346903.01,563298712550900.6,1.9659423239762661,8.332603819415215,8.55356785100151,398.0,8.443085835208363,0.11048201579314668,1.122554059755835,1.9659423239762661,2.5391457103280173,2.571413028790566,398.0,2.5552793695592917,0.016133659231274623,0.1639262692553802,1.9659423239762661,399.0,0.5538847117794486,-0.015568397792758313,-0.00817575918603563,398.0,-0.011872078489396972,0.003696319303361341,0.03755650374727793,1.9659423239762661,ExtraTreesRegressor,"{'mode': 'original', 'type': 'ExtraTreesRegressor'}",2,"['nodes_T6W30', 'density_T6W30']",0.06510369756138516,0.08752705291942615,398.0,0.07631537524040566,0.011211677679020501,0.11391640716279407,1.9659423239762661,3.45065049164635,3.4862677398088273,398.0,3.4684591157275886,0.017808624081238924,0.1809447729347128,1.9659423239762661,completed,21.1886248588562,False,COMPLETE
276,2.8751742923746306,2026-06-14 01:12:08.720713,2026-06-14 01:12:49.824440,0 days 00:00:41.103727,10,sqrt,5,3,334,ExtraTreesRegressor,10,True,-0.02273419840058316,-0.017445166603041053,398.0,-0.020089682501812107,0.0026445158987710524,0.02686964061021814,1.9659423239762661,2.862332236284961,2.8880163484643004,398.0,2.8751742923746306,0.012842056089669937,0.13048188970467142,1.9659423239762661,923983504624965.1,1034989156520989.4,398.0,979486330572977.2,55502825948012.08,563937235834968.4,1.9659423239762661,8.392531598163687,8.606376654670397,398.0,8.499454126417042,0.10692252825335417,1.0863878370474669,1.9659423239762661,2.5918416503698785,2.633830166221336,398.0,2.612835908295607,0.02099425792572861,0.21331244996662765,1.9659423239762661,399.0,0.7518796992481203,-0.03598354985887117,-0.027351392757069465,398.0,-0.03166747130797032,0.0043160785509008546,0.04385357621108302,1.9659423239762661,ExtraTreesRegressor,"{'mode': 'original', 'type': 'ExtraTreesRegressor'}",10,"['nodes_T6W30', 're_T6W30', 'l1_T6W30', 'l2_T6W30', 'l3_T6W30', 'lcc_T6W30', 'atd_T6W30', 'density_T6W30', 'diameter_T6W30', 'asp_T6W30']",0.009965776875936829,0.03173454949308907,398.0,0.02085016318451295,0.010884386308576122,0.11059095863637262,1.9659423239762661,3.483733150216943,3.5202919936898223,398.0,3.5020125719533826,0.018279421736439903,0.18572831906550463,1.9659423239762661,completed,41.096261978149414,True,COMPLETE
277,2.89452691935263,2026-06-14 01:12:49.836111,2026-06-14 01:13:43.837561,0 days 00:00:54.001450,10,,3,8,413,ExtraTreesRegressor,4,False,-0.031021728769127108,-0.022888476952010045,398.0,-0.026955102860568576,0.004066625908558533,0.0413190091653253,1.9659423239762661,2.8789911952775022,2.9100626434277577,398.0,2.89452691935263,0.015535724075127703,0.15785094077603598,1.9659423239762661,903602245915330.9,1013953888001872.4,398.0,958778066958601.6,55175821043270.77,560614697947311.6,1.9659423239762661,8.766226231002888,8.97184161317877,398.0,8.869033922090829,0.10280769108794087,1.0445789767356022,1.9659423239762661,2.5952756018612964,2.6441752871962794,398.0,2.619725444528788,0.02444984266749142,0.2484229668489308,1.9659423239762661,399.0,0.8045112781954887,-0.07691268141526003,-0.062262527270799804,398.0,-0.06958760434302992,0.007325077072230115,0.07442654758265527,1.9659423239762661,ExtraTreesRegressor,"{'mode': 'original', 'type': 'ExtraTreesRegressor'}",4,"['l1_T6W30', 'l3_T6W30', 'atd_T6W30', 'density_T6W30']",0.03857272615584501,0.061124311814812864,398.0,0.04984851898532894,0.011275792829483926,0.11456785004178105,1.9659423239762661,3.543792690806502,3.584388332383614,398.0,3.564090511595058,0.02029782078855587,0.2062362907375843,1.9659423239762661,completed,53.99392795562744,False,COMPLETE
278,2.924402968419636,2026-06-14 01:13:43.849958,2026-06-14 01:14:44.698551,0 days 00:01:00.848593,17,sqrt,2,11,492,ExtraTreesRegressor,13,False,-0.04062941387388694,-0.03450906814052018,398.0,-0.03756924100720356,0.0030601728666833795,0.031092929020065628,1.9659423239762661,2.9108061117883475,2.937999825050925,398.0,2.924402968419636,0.013596856631288606,0.13815105111720694,1.9659423239762661,932813629134580.1,1045118798462660.6,398.0,988966213798620.4,56152584664040.266,570539118316048.4,1.9659423239762661,8.545623809205988,8.763028721988018,398.0,8.654326265597003,0.10870245639101551,1.1044728216728952,1.9659423239762661,2.6143591391744567,2.66201482272048,398.0,2.6381869809474683,0.023827841773011442,0.2421031181001757,1.9659423239762661,399.0,0.9423558897243107,-0.0782378564905433,-0.06774575924036216,398.0,-0.07299180786545273,0.005246048625090563,0.05330255009826883,1.9659423239762661,ExtraTreesRegressor,"{'mode': 'original', 'type': 'ExtraTreesRegressor'}",13,"['nodes_T6W30', 'edges_T6W30', 're_T6W30', 'pe_T6W30', 'l1_T6W30', 'l2_T6W30', 'l3_T6W30', 'lcc_T6W30', 'lsc_T6W30', 'atd_T6W30', 'density_T6W30', 'diameter_T6W30', 'asp_T6W30']",-0.05008099191900093,-0.028946135765104984,398.0,-0.03951356384205296,0.01056742807694797,0.1073705001107663,1.9659423239762661,3.552228197291359,3.5895902421199044,398.0,3.570909219705632,0.018681022414272806,0.18980878834428824,1.9659423239762661,completed,60.8409538269043,False,COMPLETE
279,2.8719500302339154,2026-06-14 01:14:44.711119,2026-06-14 01:15:24.009620,0 days 00:00:39.298501,6,,3,6,306,ExtraTreesRegressor,4,False,-0.022522575413357022,-0.015377064005621253,398.0,-0.018949819709489137,0.0035727557038678845,0.03630103407419447,1.9659423239762661,2.8574824895373956,2.886417570930435,398.0,2.8719500302339154,0.014467540696519723,0.14699764868490386,1.9659423239762661,899950362625061.5,1009145112238453.8,398.0,954547737431757.6,54597374806696.17,554737386906634.7,1.9659423239762661,8.58288348444319,8.791788679542329,398.0,8.68733608199276,0.10445259754956901,1.0612920717417291,1.9659423239762661,2.5744445271990086,2.6200369910441683,398.0,2.5972407591215885,0.022796231922579867,0.2316214318513092,1.9659423239762661,399.0,0.7518796992481203,-0.052027037840017144,-0.03929642911606924,398.0,-0.04566173347804319,0.006365304361973953,0.06467476359676108,1.9659423239762661,ExtraTreesRegressor,"{'mode': 'original', 'type': 'ExtraTreesRegressor'}",4,"['l1_T6W30', 'l3_T6W30', 'atd_T6W30', 'density_T6W30']",0.04117275799424937,0.06401561774439286,398.0,0.052594187869321116,0.01142142987507175,0.11604759727124461,1.9659423239762661,3.505061418813583,3.5440062538054478,398.0,3.5245338363095153,0.019472417495932506,0.19784976909043248,1.9659423239762661,completed,39.291038036346436,False,COMPLETE
