number,value,datetime_start,datetime_complete,duration,params_et_max_depth,params_et_max_features,params_et_min_samples_leaf,params_et_min_samples_split,params_et_n_estimators,params_regressor,params_rfe_n_features,params_use_scaler,user_attrs_d2mae_ci_lower_val,user_attrs_d2mae_ci_upper_val,user_attrs_d2mae_df_val,user_attrs_d2mae_mean_val,user_attrs_d2mae_samperror_val,user_attrs_d2mae_std_val,user_attrs_d2mae_t_critical_val,user_attrs_mae_ci_lower_val,user_attrs_mae_ci_upper_val,user_attrs_mae_df_val,user_attrs_mae_mean_val,user_attrs_mae_samperror_val,user_attrs_mae_std_val,user_attrs_mae_t_critical_val,user_attrs_mape_ci_lower_val,user_attrs_mape_ci_upper_val,user_attrs_mape_df_val,user_attrs_mape_mean_val,user_attrs_mape_samperror_val,user_attrs_mape_std_val,user_attrs_mape_t_critical_val,user_attrs_max_error_ci_lower_val,user_attrs_max_error_ci_upper_val,user_attrs_max_error_df_val,user_attrs_max_error_mean_val,user_attrs_max_error_samperror_val,user_attrs_max_error_std_val,user_attrs_max_error_t_critical_val,user_attrs_median_ae_ci_lower_val,user_attrs_median_ae_ci_upper_val,user_attrs_median_ae_df_val,user_attrs_median_ae_mean_val,user_attrs_median_ae_samperror_val,user_attrs_median_ae_std_val,user_attrs_median_ae_t_critical_val,user_attrs_n_splits_val,user_attrs_r2_below_zero_val,user_attrs_r2_ci_lower_val,user_attrs_r2_ci_upper_val,user_attrs_r2_df_val,user_attrs_r2_mean_val,user_attrs_r2_samperror_val,user_attrs_r2_std_val,user_attrs_r2_t_critical_val,user_attrs_regressor_final,user_attrs_rfe_estimator,user_attrs_rfe_n_features,user_attrs_rfe_selected_features,user_attrs_rho_ci_lower_val,user_attrs_rho_ci_upper_val,user_attrs_rho_df_val,user_attrs_rho_mean_val,user_attrs_rho_samperror_val,user_attrs_rho_std_val,user_attrs_rho_t_critical_val,user_attrs_rmse_ci_lower_val,user_attrs_rmse_ci_upper_val,user_attrs_rmse_df_val,user_attrs_rmse_mean_val,user_attrs_rmse_samperror_val,user_attrs_rmse_std_val,user_attrs_rmse_t_critical_val,user_attrs_termination_reason,user_attrs_trial_time_seconds,user_attrs_use_scaler_final,state
161,2.8876846443873325,2026-06-14 00:19:40.174460,2026-06-14 00:20:16.974017,0 days 00:00:36.799557,8,sqrt,4,5,290,ExtraTreesRegressor,10,True,-0.02736697167364757,-0.021711243979384263,398.0,-0.024539107826515916,0.002827863847131653,0.02873254999236993,1.9659423239762661,2.8745664811425833,2.9008028076320818,398.0,2.8876846443873325,0.0131181632447494,0.13328728029821735,1.9659423239762661,923907065612651.8,1035187221204860.8,398.0,979547143408756.2,55640077796104.48,565331785148528.9,1.9659423239762661,8.44374498145941,8.658788873555096,398.0,8.551266927507253,0.10752194604784342,1.0924782298943316,1.9659423239762661,2.5996854444466266,2.642467764516884,398.0,2.6210766044817553,0.021391160035128434,0.21734517937542674,1.9659423239762661,399.0,0.8145363408521303,-0.047450454538218494,-0.03796272036138323,398.0,-0.04270658744980086,0.004743867088417631,0.048200127602809686,1.9659423239762661,ExtraTreesRegressor,"{'mode': 'original', 'type': 'ExtraTreesRegressor'}",10,"['nodes_T6W30', 're_T6W30', 'l1_T6W30', 'l2_T6W30', 'l3_T6W30', 'lcc_T6W30', 'atd_T6W30', 'density_T6W30', 'diameter_T6W30', 'asp_T6W30']",-0.0030992364543993246,0.018256827823395917,398.0,0.007578795684498297,0.010678032138897621,0.10849429422219461,1.9659423239762661,3.50197146861076,3.539031343608568,398.0,3.520501406109664,0.01852993749890378,0.1882736879580597,1.9659423239762661,completed,36.791919231414795,True,COMPLETE
162,2.860968295207001,2026-06-14 00:20:16.985956,2026-06-14 00:20:53.799941,0 days 00:00:36.813985,20,log2,4,3,303,ExtraTreesRegressor,7,True,-0.017528241243429186,-0.012579116818942714,398.0,-0.01505367903118595,0.0024745622122432373,0.02514282381191255,1.9659423239762661,2.848460209893719,2.8734763805202825,398.0,2.860968295207001,0.012508085313281849,0.12708857498115864,1.9659423239762661,924513643872672.4,1035280860167019.1,398.0,979897252019845.8,55383608147173.37,562725921709624.94,1.9659423239762661,8.350625827268138,8.56540966528061,398.0,8.458017746274374,0.1073919190062365,1.0911570883276611,1.9659423239762661,2.58589494427039,2.62597430956608,398.0,2.605934626918235,0.020039682647845128,0.20361347456472223,1.9659423239762661,399.0,0.6842105263157895,-0.028118350981617787,-0.0198591691342707,398.0,-0.023988760057944244,0.004129590923673545,0.0419587660780909,1.9659423239762661,ExtraTreesRegressor,"{'mode': 'original', 'type': 'ExtraTreesRegressor'}",7,"['nodes_T6W30', 're_T6W30', 'l1_T6W30', 'lcc_T6W30', 'atd_T6W30', 'density_T6W30', 'asp_T6W30']",0.03141636408926275,0.052494197029393286,398.0,0.04195528055932802,0.01053891647006527,0.10708080753205503,1.9659423239762661,3.470948935814956,3.5069520228978854,398.0,3.4889504793564208,0.01800154354146482,0.18290493379644027,1.9659423239762661,completed,36.80635070800781,True,COMPLETE
163,2.9754512917050246,2026-06-14 00:20:53.811454,2026-06-14 00:20:56.008692,0 days 00:00:02.197238,17,,2,12,349,ExtraTreesRegressor,13,True,,,,,,,,,,,,,,,,,,,,,,,,,,,,,,,,,,,,,,,,,,,,,ExtraTreesRegressor,"{'mode': 'original', 'type': 'ExtraTreesRegressor'}",13,"['nodes_T6W30', 'edges_T6W30', 're_T6W30', 'pe_T6W30', 'l1_T6W30', 'l2_T6W30', 'l3_T6W30', 'lcc_T6W30', 'lsc_T6W30', 'atd_T6W30', 'density_T6W30', 'diameter_T6W30', 'asp_T6W30']",,,,,,,,,,,,,,,pruned,,True,PRUNED
164,2.892841140293052,2026-06-14 00:20:56.014775,2026-06-14 00:21:32.216916,0 days 00:00:36.202141,13,log2,4,2,284,ExtraTreesRegressor,10,False,-0.029220605871092622,-0.023492661203000736,398.0,-0.02635663353704668,0.0028639723340459435,0.02909943077641688,1.9659423239762661,2.879575771329875,2.906106509256229,398.0,2.892841140293052,0.01326536896317713,0.13478296604991208,1.9659423239762661,925845570507681.2,1037427937976180.0,398.0,981636754241930.6,55791183734249.336,566867099136964.0,1.9659423239762661,8.4668227921584,8.681664902211054,398.0,8.574243847184727,0.10742105502632623,1.0914531252654565,1.9659423239762661,2.6063895427089503,2.6502161494733767,398.0,2.6283028460911635,0.021913303382213162,0.22265042412351196,1.9659423239762661,399.0,0.8345864661654135,-0.05167139444065637,-0.04201951182387523,398.0,-0.0468454531322658,0.0048259413083905685,0.04903404385760008,1.9659423239762661,ExtraTreesRegressor,"{'mode': 'original', 'type': 'ExtraTreesRegressor'}",10,"['nodes_T6W30', 're_T6W30', 'l1_T6W30', 'l2_T6W30', 'l3_T6W30', 'lcc_T6W30', 'atd_T6W30', 'density_T6W30', 'diameter_T6W30', 'asp_T6W30']",-0.009246026142415414,0.012164350558698162,398.0,0.0014591622081413748,0.010705188350556788,0.10877021528886542,1.9659423239762661,3.5088192477322586,3.546144593859765,398.0,3.5274819207960117,0.01866267306375291,0.1896223495128448,1.9659423239762661,completed,36.19478988647461,False,COMPLETE
165,2.8471676916067623,2026-06-14 00:21:32.228472,2026-06-14 00:21:53.892460,0 days 00:00:21.663988,8,sqrt,5,2,168,ExtraTreesRegressor,7,False,-0.012524006884530755,-0.007809501030506559,398.0,-0.010166753957518657,0.002357252927012098,0.02395090118597292,1.9659423239762661,2.8349505426464,2.8593848405671247,398.0,2.8471676916067623,0.012217148960362604,0.12413251211648821,1.9659423239762661,926426840122156.4,1037284719419940.4,398.0,981855779771048.4,55428939648892.055,563186513064008.0,1.9659423239762661,8.285661462820137,8.491556553564696,398.0,8.388609008192416,0.10294754537227886,1.045999968138871,1.9659423239762661,2.5776548549630967,2.616928359519676,398.0,2.5972916072413863,0.019636752278289555,0.19951949493467655,1.9659423239762661,399.0,0.5764411027568922,-0.01645894484801265,-0.008858740545578987,398.0,-0.012658842696795819,0.0038001021512168317,0.038610990817927765,1.9659423239762661,ExtraTreesRegressor,"{'mode': 'original', 'type': 'ExtraTreesRegressor'}",7,"['nodes_T6W30', 'l1_T6W30', 'lcc_T6W30', 'atd_T6W30', 'density_T6W30', 'diameter_T6W30', 'asp_T6W30']",0.055891889246947955,0.07776139025164223,398.0,0.06682663974929509,0.010934750502347138,0.1111026847284258,1.9659423239762661,3.45201841587713,3.4872620362026066,398.0,3.469640226039868,0.01762181016273845,0.1790466475146966,1.9659423239762661,completed,21.656376838684082,False,COMPLETE
166,2.8763075207772513,2026-06-14 00:21:53.904041,2026-06-14 00:22:49.310951,0 days 00:00:55.406910,11,log2,5,12,464,ExtraTreesRegressor,11,True,-0.023091669403168216,-0.017899021317689105,398.0,-0.02049534536042866,0.0025963240427395564,0.02637998658601377,1.9659423239762661,2.8635681558287156,2.889046885725787,398.0,2.8763075207772513,0.012739364948535477,0.12943849493536094,1.9659423239762661,927832560500934.8,1039240690821434.8,398.0,983536625661184.8,55704065160250.04,565981929652854.0,1.9659423239762661,8.385641681632197,8.599577122541554,398.0,8.492609402086876,0.10696772045467877,1.0868470130382564,1.9659423239762661,2.5826844426715243,2.6232494520331087,398.0,2.6029669473523165,0.020282504680792235,0.20608067121139897,1.9659423239762661,399.0,0.7518796992481203,-0.03575625232791926,-0.027264633864543374,398.0,-0.03151044309623132,0.004245809231687945,0.0431396038148297,1.9659423239762661,ExtraTreesRegressor,"{'mode': 'original', 'type': 'ExtraTreesRegressor'}",11,"['nodes_T6W30', 're_T6W30', 'pe_T6W30', 'l1_T6W30', 'l2_T6W30', 'l3_T6W30', 'lcc_T6W30', 'atd_T6W30', 'density_T6W30', 'diameter_T6W30', 'asp_T6W30']",0.009063125665097215,0.030395474213010438,398.0,0.019729299939053827,0.010666174273956611,0.10837381222035923,1.9659423239762661,3.4835621518812103,3.519937042362104,398.0,3.5017495971216572,0.018187445240446923,0.18479379059733886,1.9659423239762661,completed,55.39924621582031,True,COMPLETE
167,2.8942315003866548,2026-06-14 00:22:49.322962,2026-06-14 00:22:51.789204,0 days 00:00:02.466242,17,log2,2,10,441,ExtraTreesRegressor,10,False,,,,,,,,,,,,,,,,,,,,,,,,,,,,,,,,,,,,,,,,,,,,,ExtraTreesRegressor,"{'mode': 'original', 'type': 'ExtraTreesRegressor'}",10,"['nodes_T6W30', 're_T6W30', 'l1_T6W30', 'l2_T6W30', 'l3_T6W30', 'lcc_T6W30', 'atd_T6W30', 'density_T6W30', 'diameter_T6W30', 'asp_T6W30']",,,,,,,,,,,,,,,pruned,,False,PRUNED
168,2.8777230224461143,2026-06-14 00:22:51.795260,2026-06-14 00:23:33.474981,0 days 00:00:41.679721,17,sqrt,5,3,339,ExtraTreesRegressor,11,False,-0.023602136373195998,-0.018377976128683117,398.0,-0.020990056250939557,0.0026120801222564395,0.02654007645132387,1.9659423239762661,2.8649073307310355,2.890538714161193,398.0,2.8777230224461143,0.01281569171507867,0.1302140141095541,1.9659423239762661,928289905895574.8,1039739894331672.0,398.0,984014900113623.4,55724994218048.586,566194579636020.6,1.9659423239762661,8.388023244804517,8.601947582494455,398.0,8.494985413649486,0.10696216884497001,1.086790605830513,1.9659423239762661,2.5852386523897852,2.6255823408735424,398.0,2.605410496631664,0.020171844241878647,0.20495630428104364,1.9659423239762661,399.0,0.7568922305764411,-0.037334654676125775,-0.028730774087349174,398.0,-0.03303271438173747,0.0043019402943883,0.04370992425893406,1.9659423239762661,ExtraTreesRegressor,"{'mode': 'original', 'type': 'ExtraTreesRegressor'}",11,"['nodes_T6W30', 're_T6W30', 'pe_T6W30', 'l1_T6W30', 'l2_T6W30', 'l3_T6W30', 'lcc_T6W30', 'atd_T6W30', 'density_T6W30', 'diameter_T6W30', 'asp_T6W30']",0.005714288229837536,0.027206379311242777,398.0,0.016460333770540157,0.01074604554070262,0.10918534533821474,1.9659423239762661,3.4860721004425295,3.522577425497969,398.0,3.504324762970249,0.018252662527719826,0.18545643175272408,1.9659423239762661,completed,41.672168016433716,False,COMPLETE
169,2.896036697462725,2026-06-14 00:23:33.487037,2026-06-14 00:24:03.775832,0 days 00:00:30.288795,4,,1,6,229,ExtraTreesRegressor,8,False,-0.030892826124343287,-0.024170265191007855,398.0,-0.02753154565767557,0.0033612804666677174,0.034152336982159685,1.9659423239762661,2.8821089457025484,2.9099644492229015,398.0,2.896036697462725,0.013927751760176363,0.14151311568146901,1.9659423239762661,910454020453954.0,1019984371663427.5,398.0,965219196058690.8,54765175604736.72,556442329251489.8,1.9659423239762661,8.468935322957837,8.697818686661275,398.0,8.583377004809556,0.11444168185171849,1.1627863018761213,1.9659423239762661,2.5697295682835577,2.6142007071747972,398.0,2.5919651377291775,0.02223556944561968,0.22592481294780567,1.9659423239762661,399.0,0.7694235588972431,-0.0597574080237851,-0.04722820187831789,398.0,-0.05349280495105149,0.006264603072733605,0.06365158674532631,1.9659423239762661,ExtraTreesRegressor,"{'mode': 'original', 'type': 'ExtraTreesRegressor'}",8,"['nodes_T6W30', 'l1_T6W30', 'l3_T6W30', 'lcc_T6W30', 'atd_T6W30', 'density_T6W30', 'diameter_T6W30', 'asp_T6W30']",0.008672516515940056,0.03196857999008955,398.0,0.0203205482530148,0.011648031737074745,0.11834998864520316,1.9659423239762661,3.5185610433531163,3.556593496372409,398.0,3.5375772698627626,0.019016226509646326,0.19321463422252452,1.9659423239762661,completed,30.280975818634033,False,COMPLETE
170,2.9317886678799367,2026-06-14 00:24:03.787514,2026-06-14 00:24:05.043907,0 days 00:00:01.256393,11,sqrt,1,6,190,ExtraTreesRegressor,9,True,,,,,,,,,,,,,,,,,,,,,,,,,,,,,,,,,,,,,,,,,,,,,ExtraTreesRegressor,"{'mode': 'original', 'type': 'ExtraTreesRegressor'}",9,"['nodes_T6W30', 'l1_T6W30', 'l2_T6W30', 'l3_T6W30', 'lcc_T6W30', 'atd_T6W30', 'density_T6W30', 'diameter_T6W30', 'asp_T6W30']",,,,,,,,,,,,,,,pruned,,True,PRUNED
171,2.8757419920507608,2026-06-14 00:24:05.049765,2026-06-14 00:24:56.137771,0 days 00:00:51.088006,10,,5,2,402,ExtraTreesRegressor,4,True,-0.02389534653184938,-0.016827988363810966,398.0,-0.020361667447830172,0.003533679084019206,0.03590399553414106,1.9659423239762661,2.8617017279863695,2.889782256115152,398.0,2.8757419920507608,0.01404026406439139,0.14265629851500397,1.9659423239762661,908626410584403.5,1018975712620151.0,398.0,963801061602277.2,55174651017873.81,560602809887975.0,1.9659423239762661,8.582955916717705,8.808775821852482,398.0,8.695865869285093,0.11290995256738778,1.1472231451557404,1.9659423239762661,2.6108872821830724,2.659318970895124,398.0,2.6351031265390983,0.024215844356025754,0.2460454237472228,1.9659423239762661,399.0,0.7969924812030075,-0.06133850215825005,-0.048658642853232605,398.0,-0.054998572505741326,0.006339929652508724,0.06441694350793642,1.9659423239762661,ExtraTreesRegressor,"{'mode': 'original', 'type': 'ExtraTreesRegressor'}",4,"['nodes_T6W30', 'l1_T6W30', 'atd_T6W30', 'density_T6W30']",0.039717972608511044,0.06126668110840033,398.0,0.050492326858455686,0.010774354249944641,0.10947297637262285,1.9659423239762661,3.520938573643623,3.559191206106773,398.0,3.540064889875198,0.019126316231575118,0.1943332023750095,1.9659423239762661,completed,51.0802788734436,True,COMPLETE
172,2.8525931972689964,2026-06-14 00:24:56.150251,2026-06-14 00:25:19.497896,0 days 00:00:23.347645,3,log2,1,9,186,ExtraTreesRegressor,9,True,-0.014429747295374983,-0.009727476145842144,398.0,-0.012078611720608564,0.0023511355747664188,0.023888745743306114,1.9659423239762661,2.840287780994882,2.8648986135431107,398.0,2.8525931972689964,0.012305416274114469,0.12502935338684854,1.9659423239762661,919109378482039.6,1029007195198855.1,398.0,974058286840447.4,54948908358407.7,558309148453355.56,1.9659423239762661,8.243516395534623,8.449763928441275,398.0,8.34664016198795,0.10312376645332522,1.0477904648864458,1.9659423239762661,2.5561041320019178,2.5930925355853627,398.0,2.5745983337936402,0.018494201791722342,0.18791059480767877,1.9659423239762661,399.0,0.5538847117794486,-0.016506505326729558,-0.008638247024459861,398.0,-0.012572376175594709,0.0039341291511348474,0.03997277401671147,1.9659423239762661,ExtraTreesRegressor,"{'mode': 'original', 'type': 'ExtraTreesRegressor'}",9,"['nodes_T6W30', 're_T6W30', 'l1_T6W30', 'l3_T6W30', 'lcc_T6W30', 'atd_T6W30', 'density_T6W30', 'diameter_T6W30', 'asp_T6W30']",0.07668045845200344,0.09956865682927687,398.0,0.08812455764064016,0.011444099188636715,0.11627792914735623,1.9659423239762661,3.4517192206673535,3.4872563081887975,398.0,3.4694877644280755,0.017768543760721803,0.1805375362800427,1.9659423239762661,completed,23.340047121047974,True,COMPLETE
173,2.844972637610494,2026-06-14 00:25:19.509786,2026-06-14 00:25:54.247368,0 days 00:00:34.737582,10,sqrt,5,3,287,ExtraTreesRegressor,6,False,-0.01175921465764674,-0.007025497527202856,398.0,-0.009392356092424798,0.002366858565221942,0.024048499406747557,1.9659423239762661,2.8327759306633666,2.8571693445576214,398.0,2.844972637610494,0.012196706947127345,0.12392481075638823,1.9659423239762661,923991938452452.1,1034644067878680.4,398.0,979318003165566.2,55326064713114.07,562141250846662.94,1.9659423239762661,8.300136712949904,8.511429472845684,398.0,8.405783092897794,0.10564637994788988,1.0734215144214243,1.9659423239762661,2.5802524918508674,2.618757789689311,398.0,2.599505140770089,0.019252648919221786,0.1956168074068289,1.9659423239762661,399.0,0.5864661654135338,-0.01702580192937869,-0.009261671324110602,398.0,-0.013143736626744645,0.003882065302634043,0.03944377855911125,1.9659423239762661,ExtraTreesRegressor,"{'mode': 'original', 'type': 'ExtraTreesRegressor'}",6,"['nodes_T6W30', 'l1_T6W30', 'lcc_T6W30', 'atd_T6W30', 'density_T6W30', 'asp_T6W30']",0.05376035398560583,0.07532424712426677,398.0,0.0645423005549363,0.010781946569330476,0.10955011823945382,1.9659423239762661,3.452776833565336,3.488084997847616,398.0,3.470430915706476,0.017654082141140153,0.17937454740058403,1.9659423239762661,completed,34.730024099349976,False,COMPLETE
174,2.8294873316461446,2026-06-14 00:25:54.258975,2026-06-14 00:26:39.238000,0 days 00:00:44.979025,2,,3,6,396,ExtraTreesRegressor,3,True,-0.006147319291870887,-0.0016261990532351364,398.0,-0.003886759172553012,0.0022605601193178755,0.022968452567099396,1.9659423239762661,2.817435028383849,2.84153963490844,398.0,2.8294873316461446,0.012052303262295451,0.12245759510605793,1.9659423239762661,915729555674185.6,1025384483047069.9,398.0,970557019360627.8,54827463686442.12,557075208172921.8,1.9659423239762661,8.262082637281136,8.484135384958204,398.0,8.37310901111967,0.11102637383853507,1.1280850172553396,1.9659423239762661,2.516431673702367,2.5525507515943224,398.0,2.5344912126483448,0.01805953894597767,0.18349419691148858,1.9659423239762661,399.0,0.41353383458646614,-0.003346380631490461,0.004326640845640557,398.0,0.0004901301070750481,0.003836510738565509,0.03898092077661673,1.9659423239762661,ExtraTreesRegressor,"{'mode': 'original', 'type': 'ExtraTreesRegressor'}",3,"['nodes_T6W30', 'atd_T6W30', 'density_T6W30']",0.12077418282854002,0.1447737185649356,398.0,0.1327739506967378,0.01199976786819779,0.1219238085028553,1.9659423239762661,3.429311870105397,3.465048103168832,398.0,3.4471799866371144,0.017868116531717455,0.1815492468061394,1.9659423239762661,completed,44.97067999839783,True,COMPLETE
175,2.8529913897745796,2026-06-14 00:26:39.250030,2026-06-14 00:26:48.561382,0 days 00:00:09.311352,6,sqrt,5,12,55,ExtraTreesRegressor,8,True,-0.014374644132474558,-0.010032450890549202,398.0,-0.01220354751151188,0.002171096620962678,0.022059457446421883,1.9659423239762661,2.8408414850432857,2.8651412945058734,398.0,2.8529913897745796,0.012149904731294021,0.12344927619076596,1.9659423239762661,930368706264230.1,1041627657424144.6,398.0,985998181844187.4,55629475579957.234,565224061183745.5,1.9659423239762661,8.244125550510654,8.454477397656886,398.0,8.34930147408377,0.10517592357311491,1.0686414358751528,1.9659423239762661,2.5892375575921363,2.626780363803493,398.0,2.6080089606978145,0.018771403105678108,0.19072710261772183,1.9659423239762661,399.0,0.543859649122807,-0.012841664336489096,-0.006085842538996407,398.0,-0.009463753437742752,0.003377910898746345,0.034321310718847385,1.9659423239762661,ExtraTreesRegressor,"{'mode': 'original', 'type': 'ExtraTreesRegressor'}",8,"['nodes_T6W30', 're_T6W30', 'l1_T6W30', 'l2_T6W30', 'atd_T6W30', 'density_T6W30', 'diameter_T6W30', 'asp_T6W30']",0.05337867094409156,0.07487715738769286,398.0,0.06412791416589221,0.010749243221800655,0.10921783542153402,1.9659423239762661,3.4468415024762473,3.4819656521730202,398.0,3.4644035773246338,0.017562074848386434,0.178439706021502,1.9659423239762661,completed,9.303823232650757,True,COMPLETE
176,2.899464623578089,2026-06-14 00:26:48.573028,2026-06-14 00:27:02.990601,0 days 00:00:14.417573,11,sqrt,2,3,94,ExtraTreesRegressor,6,False,-0.031930808669723754,-0.025473296744741174,398.0,-0.028702052707232466,0.0032287559624912905,0.032805819912278295,1.9659423239762661,2.885492394987941,2.9134368521682372,398.0,2.899464623578089,0.013972228590147844,0.14196502313166465,1.9659423239762661,922391041476017.9,1033662318969681.9,398.0,978026680222849.9,55635638746831.945,565286682126588.5,1.9659423239762661,8.517471818935048,8.730194055073015,398.0,8.623832937004032,0.10636111806898378,1.0806836210524113,1.9659423239762661,2.5846450350874357,2.6322968984490545,398.0,2.608470966768245,0.02382593168080942,0.24208371058176203,1.9659423239762661,399.0,0.8020050125313283,-0.05696807381064138,-0.04597421608310484,398.0,-0.05147114494687311,0.0054969288637682695,0.055851622256469266,1.9659423239762661,ExtraTreesRegressor,"{'mode': 'original', 'type': 'ExtraTreesRegressor'}",6,"['re_T6W30', 'l1_T6W30', 'l3_T6W30', 'atd_T6W30', 'density_T6W30', 'asp_T6W30']",0.015335011061192873,0.03727555408424365,398.0,0.02630528257271826,0.010970271511525388,0.111463596436756,1.9659423239762661,3.5158028544051856,3.5541198877898053,398.0,3.5349613710974954,0.019158516692309627,0.19466037560464364,1.9659423239762661,completed,14.410158157348633,False,COMPLETE
