number,value,datetime_start,datetime_complete,duration,params_et_max_depth,params_et_max_features,params_et_min_samples_leaf,params_et_min_samples_split,params_et_n_estimators,params_regressor,params_rfe_n_features,params_use_scaler,user_attrs_d2mae_ci_lower_val,user_attrs_d2mae_ci_upper_val,user_attrs_d2mae_df_val,user_attrs_d2mae_mean_val,user_attrs_d2mae_samperror_val,user_attrs_d2mae_std_val,user_attrs_d2mae_t_critical_val,user_attrs_mae_ci_lower_val,user_attrs_mae_ci_upper_val,user_attrs_mae_df_val,user_attrs_mae_mean_val,user_attrs_mae_samperror_val,user_attrs_mae_std_val,user_attrs_mae_t_critical_val,user_attrs_mape_ci_lower_val,user_attrs_mape_ci_upper_val,user_attrs_mape_df_val,user_attrs_mape_mean_val,user_attrs_mape_samperror_val,user_attrs_mape_std_val,user_attrs_mape_t_critical_val,user_attrs_max_error_ci_lower_val,user_attrs_max_error_ci_upper_val,user_attrs_max_error_df_val,user_attrs_max_error_mean_val,user_attrs_max_error_samperror_val,user_attrs_max_error_std_val,user_attrs_max_error_t_critical_val,user_attrs_median_ae_ci_lower_val,user_attrs_median_ae_ci_upper_val,user_attrs_median_ae_df_val,user_attrs_median_ae_mean_val,user_attrs_median_ae_samperror_val,user_attrs_median_ae_std_val,user_attrs_median_ae_t_critical_val,user_attrs_n_splits_val,user_attrs_r2_below_zero_val,user_attrs_r2_ci_lower_val,user_attrs_r2_ci_upper_val,user_attrs_r2_df_val,user_attrs_r2_mean_val,user_attrs_r2_samperror_val,user_attrs_r2_std_val,user_attrs_r2_t_critical_val,user_attrs_regressor_final,user_attrs_rfe_estimator,user_attrs_rfe_n_features,user_attrs_rfe_selected_features,user_attrs_rho_ci_lower_val,user_attrs_rho_ci_upper_val,user_attrs_rho_df_val,user_attrs_rho_mean_val,user_attrs_rho_samperror_val,user_attrs_rho_std_val,user_attrs_rho_t_critical_val,user_attrs_rmse_ci_lower_val,user_attrs_rmse_ci_upper_val,user_attrs_rmse_df_val,user_attrs_rmse_mean_val,user_attrs_rmse_samperror_val,user_attrs_rmse_std_val,user_attrs_rmse_t_critical_val,user_attrs_termination_reason,user_attrs_trial_time_seconds,user_attrs_use_scaler_final,state
384,2.8395460182552865,2026-06-14 02:00:57.428297,2026-06-14 02:01:28.477543,0 days 00:00:31.049246,9,sqrt,4,3,264,ExtraTreesRegressor,2,True,-0.009154026739780859,-0.005743161608247742,398.0,-0.007448594174014301,0.0017054325657665586,0.01732807132995681,1.9659423239762661,2.8281554326454916,2.8509366038650814,398.0,2.8395460182552865,0.01139058560979508,0.11573420368444277,1.9659423239762661,930661408168445.0,1041938820074244.5,398.0,986300114121344.8,55638705952899.73,565317846516546.2,1.9659423239762661,8.2480935807112,8.45426118822832,398.0,8.35117738446976,0.10308380375856066,1.0473844233698724,1.9659423239762661,2.5378699855566147,2.56753253529946,398.0,2.5527012604280372,0.014831274871422748,0.15069337483343653,1.9659423239762661,399.0,0.42355889724310775,-0.003724332255267895,0.001630332067343197,398.0,-0.001047000093962349,0.002677332161305546,0.027203070702615077,1.9659423239762661,ExtraTreesRegressor,"{'mode': 'original', 'type': 'ExtraTreesRegressor'}",2,"['nodes_T6W30', 'density_T6W30']",0.08713855564625196,0.10953396288872623,398.0,0.0983362592674891,0.011197703621237136,0.11377442355411925,1.9659423239762661,3.4328825912207117,3.4674742622079355,398.0,3.4501784267143236,0.017295835493611886,0.17573457735034786,1.9659423239762661,completed,31.04201602935791,True,COMPLETE
385,2.9224834031176616,2026-06-14 02:01:28.489327,2026-06-14 02:01:30.397918,0 days 00:00:01.908591,19,log2,1,9,326,ExtraTreesRegressor,12,True,,,,,,,,,,,,,,,,,,,,,,,,,,,,,,,,,,,,,,,,,,,,,ExtraTreesRegressor,"{'mode': 'original', 'type': 'ExtraTreesRegressor'}",12,"['nodes_T6W30', 're_T6W30', 'pe_T6W30', 'l1_T6W30', 'l2_T6W30', 'l3_T6W30', 'lcc_T6W30', 'lsc_T6W30', 'atd_T6W30', 'density_T6W30', 'diameter_T6W30', 'asp_T6W30']",,,,,,,,,,,,,,,pruned,,True,PRUNED
386,2.839332720651177,2026-06-14 02:01:30.403415,2026-06-14 02:01:56.773667,0 days 00:00:26.370252,6,log2,2,3,218,ExtraTreesRegressor,2,True,-0.009394937554133776,-0.0053021856967610595,398.0,-0.007348561625447418,0.0020463759286863587,0.02079223111600743,1.9659423239762661,2.827357280175956,2.8513081611263984,398.0,2.839332720651177,0.011975440475221075,0.12167662968779443,1.9659423239762661,926990343405532.6,1038399797606158.1,398.0,982695070505845.4,55704727100312.8,565988655304078.1,1.9659423239762661,8.290456863043271,8.500697196185161,398.0,8.395577029614216,0.10512016657094572,1.0680749160782834,1.9659423239762661,2.527075075035738,2.5575718184178835,398.0,2.5423234467268108,0.01524837169107252,0.15493129287691002,1.9659423239762661,399.0,0.5012531328320802,-0.009656206781290574,-0.0026641289217026938,398.0,-0.006160167851496634,0.00349603892979394,0.035521552223054864,1.9659423239762661,ExtraTreesRegressor,"{'mode': 'original', 'type': 'ExtraTreesRegressor'}",2,"['atd_T6W30', 'density_T6W30']",0.08197589285486236,0.1042967398775528,398.0,0.09313631636620757,0.011160423511345217,0.11339563847849507,1.9659423239762661,3.4410243032683283,3.476490470749754,398.0,3.458757387009041,0.01773308374071275,0.18017724425301535,1.9659423239762661,completed,26.363056898117065,True,COMPLETE
387,2.868159307627054,2026-06-14 02:01:56.785177,2026-06-14 02:02:13.768325,0 days 00:00:16.983148,17,log2,3,2,120,ExtraTreesRegressor,4,True,-0.020873173197781175,-0.014440821821553575,398.0,-0.017656997509667375,0.003216175688113801,0.03267799785930514,1.9659423239762661,2.854677152412237,2.8816414628418707,398.0,2.868159307627054,0.013482155214816983,0.13698562577810888,1.9659423239762661,919875086866720.8,1031061637935625.5,398.0,975468362401173.1,55593275534452.336,564856250117363.9,1.9659423239762661,8.52052126393362,8.735855739757007,398.0,8.628188501845313,0.10766723791169278,1.0939544698999355,1.9659423239762661,2.5941067980653716,2.6402603428066462,398.0,2.617183570436009,0.02307677237063723,0.23447186697988381,1.9659423239762661,399.0,0.7568922305764411,-0.049418503924960416,-0.038144282962705806,398.0,-0.04378139344383311,0.005637110481127307,0.05727593953145592,1.9659423239762661,ExtraTreesRegressor,"{'mode': 'original', 'type': 'ExtraTreesRegressor'}",4,"['l1_T6W30', 'lcc_T6W30', 'atd_T6W30', 'density_T6W30']",0.04164494468506985,0.06371641902893624,398.0,0.052680681857003045,0.011035737171933194,0.11212876119083662,1.9659423239762661,3.5030071098064433,3.5401415454757537,398.0,3.5215743276410985,0.018567217834655383,0.18865247532853432,1.9659423239762661,completed,16.97585892677307,True,COMPLETE
388,2.8407136281919567,2026-06-14 02:02:13.780131,2026-06-14 02:03:08.842683,0 days 00:00:55.062552,6,sqrt,5,11,482,ExtraTreesRegressor,6,False,-0.010171977586177845,-0.005585292626175218,398.0,-0.007878635106176531,0.0022933424800013133,0.023301538199266652,1.9659423239762661,2.8286246615870367,2.8528025947968767,398.0,2.8407136281919567,0.01208896660492014,0.12283011350927588,1.9659423239762661,922423016053497.0,1032913333396064.8,398.0,977668174724780.9,55245158671283.83,561319203882156.5,1.9659423239762661,8.278457558337033,8.49005557835819,398.0,8.384256568347611,0.10579901001057773,1.0749723142984995,1.9659423239762661,2.5616425655765473,2.5988155979610035,398.0,2.5802290817687754,0.018586516192227866,0.18884855655934907,1.9659423239762661,399.0,0.5513784461152882,-0.012688066022552982,-0.005177757161686623,398.0,-0.008932911592119803,0.0037551544304331797,0.03815429887507863,1.9659423239762661,ExtraTreesRegressor,"{'mode': 'original', 'type': 'ExtraTreesRegressor'}",6,"['nodes_T6W30', 'l1_T6W30', 'lcc_T6W30', 'atd_T6W30', 'density_T6W30', 'asp_T6W30']",0.0653345498827912,0.08705741245129413,398.0,0.07619598116704267,0.010861431284251462,0.11035772379210906,1.9659423239762661,3.445661063292014,3.4809271069260697,398.0,3.463294085109042,0.01763302181702768,0.17916056368420713,1.9659423239762661,completed,55.055142879486084,False,COMPLETE
389,2.8761788978400427,2026-06-14 02:03:08.854281,2026-06-14 02:03:51.937533,0 days 00:00:43.083252,10,log2,5,10,355,ExtraTreesRegressor,12,True,-0.022960923960611373,-0.0179306116355696,398.0,-0.020445767798090486,0.002515156162520888,0.02555527920891599,1.9659423239762661,2.8635470237568863,2.888810771923199,398.0,2.8761788978400427,0.012631874083156231,0.12834633250103264,1.9659423239762661,929023630820834.4,1040423839528188.4,398.0,984723735174511.4,55700104353676.96,565941685822520.2,1.9659423239762661,8.359925319193822,8.571573664905406,398.0,8.465749492049614,0.10582417285579183,1.0752279817376509,1.9659423239762661,2.577381480479486,2.6164615120530867,398.0,2.5969214962662863,0.01954001578680044,0.19853660246599678,1.9659423239762661,399.0,0.7518796992481203,-0.03424413968655059,-0.026159144871552603,398.0,-0.030201642279051595,0.004042497407498991,0.04107385119435813,1.9659423239762661,ExtraTreesRegressor,"{'mode': 'original', 'type': 'ExtraTreesRegressor'}",12,"['nodes_T6W30', 're_T6W30', 'pe_T6W30', 'l1_T6W30', 'l2_T6W30', 'l3_T6W30', 'lcc_T6W30', 'lsc_T6W30', 'atd_T6W30', 'density_T6W30', 'diameter_T6W30', 'asp_T6W30']",0.006917813994288017,0.028005188835363376,398.0,0.017461501414825695,0.010543687420537679,0.10712928284075798,1.9659423239762661,3.4815577245597407,3.5176198684472606,398.0,3.4995887965035006,0.018031071943759917,0.18320495753909652,1.9659423239762661,completed,43.075884103775024,True,COMPLETE
390,2.8931546797128678,2026-06-14 02:03:51.950117,2026-06-14 02:04:49.611247,0 days 00:00:57.661130,6,,3,11,462,ExtraTreesRegressor,5,True,-0.029994038707250592,-0.023007343097419836,398.0,-0.026500690902335214,0.0034933478049153782,0.03549420901125652,1.9659423239762661,2.8789261606152454,2.90738319881049,398.0,2.8931546797128678,0.014228519097622405,0.1445690664013051,1.9659423239762661,911869527837123.1,1022234256085013.6,398.0,967051891961068.4,55182364123945.28,560681179009607.1,1.9659423239762661,8.549794081622505,8.763166380470093,398.0,8.656480231046299,0.10668614942379319,1.0839861066585064,1.9659423239762661,2.5938224631894213,2.641029674834976,398.0,2.6174260690121987,0.023603605822777134,0.23982476560568455,1.9659423239762661,399.0,0.7844611528822055,-0.05949933941995473,-0.047127645500186464,398.0,-0.0533134924600706,0.006185846959884134,0.06285138416416335,1.9659423239762661,ExtraTreesRegressor,"{'mode': 'original', 'type': 'ExtraTreesRegressor'}",5,"['l1_T6W30', 'l3_T6W30', 'atd_T6W30', 'density_T6W30', 'asp_T6W30']",0.012934758427650586,0.035318735495323994,398.0,0.02412674696148729,0.011191988533836704,0.11371635532901349,1.9659423239762661,3.518295484835716,3.5564570881066593,398.0,3.5373762864711877,0.019080801635471455,0.19387075068757856,1.9659423239762661,completed,57.652994871139526,True,COMPLETE
391,2.8829244868863326,2026-06-14 02:04:49.624124,2026-06-14 02:04:49.997760,0 days 00:00:00.373636,20,sqrt,2,12,52,ExtraTreesRegressor,11,False,,,,,,,,,,,,,,,,,,,,,,,,,,,,,,,,,,,,,,,,,,,,,ExtraTreesRegressor,"{'mode': 'original', 'type': 'ExtraTreesRegressor'}",11,"['nodes_T6W30', 're_T6W30', 'pe_T6W30', 'l1_T6W30', 'l2_T6W30', 'l3_T6W30', 'lcc_T6W30', 'atd_T6W30', 'density_T6W30', 'diameter_T6W30', 'asp_T6W30']",,,,,,,,,,,,,,,pruned,,False,PRUNED
392,2.8978315903160414,2026-06-14 02:04:50.003323,2026-06-14 02:05:39.882006,0 days 00:00:49.878683,7,,1,12,403,ExtraTreesRegressor,3,True,-0.031868307363138886,-0.02436051193319408,398.0,-0.028114409648166482,0.003753897714972403,0.03814153000014161,1.9659423239762661,2.8828520342354107,2.912811146396672,398.0,2.8978315903160414,0.014979556080630693,0.15219998812417815,1.9659423239762661,905192658905613.2,1014894306788812.2,398.0,960043482847212.8,54850823941599.5,557312560370703.44,1.9659423239762661,8.618557302281198,8.838015507363009,398.0,8.728286404822104,0.10972910254090547,1.1149040741732967,1.9659423239762661,2.5787372263684745,2.625660652096675,398.0,2.602198939232575,0.02346171286410039,0.23838306022341157,1.9659423239762661,399.0,0.8020050125313283,-0.06452097653052631,-0.05088958437027549,398.0,-0.0577052804504009,0.006815696080125406,0.06925097492004037,1.9659423239762661,ExtraTreesRegressor,"{'mode': 'original', 'type': 'ExtraTreesRegressor'}",3,"['l3_T6W30', 'density_T6W30', 'asp_T6W30']",0.01881540231067875,0.042657800738435246,398.0,0.030736601524556997,0.011921199213878249,0.12112551059669577,1.9659423239762661,3.5245561983811253,3.564874234155922,398.0,3.5447152162685236,0.020159017887398427,0.20482598192776041,1.9659423239762661,completed,49.87044405937195,True,COMPLETE
393,2.8558906864726756,2026-06-14 02:05:39.895118,2026-06-14 02:06:19.312404,0 days 00:00:39.417286,6,sqrt,3,5,330,ExtraTreesRegressor,7,True,-0.015843857039337893,-0.010686262559803674,398.0,-0.013265059799570784,0.0025787972397671092,0.02620190526037886,1.9659423239762661,2.843325016033414,2.8684563569119375,398.0,2.8558906864726756,0.012565670439261628,0.12767366945545916,1.9659423239762661,917964968025337.9,1028108676755372.4,398.0,973036822390355.1,55071854365017.26,559558343065343.1,1.9659423239762661,8.3633304779344,8.572972806704467,398.0,8.468151642319434,0.10482116438503214,1.06503690020517,1.9659423239762661,2.5531275047706004,2.5918116667815028,398.0,2.5724695857760516,0.019342081005451293,0.19652548336416598,1.9659423239762661,399.0,0.6541353383458647,-0.02659835396055591,-0.017817527043412877,398.0,-0.022207940501984394,0.004390413458571515,0.04460885707546829,1.9659423239762661,ExtraTreesRegressor,"{'mode': 'original', 'type': 'ExtraTreesRegressor'}",7,"['nodes_T6W30', 'l1_T6W30', 'l3_T6W30', 'lcc_T6W30', 'atd_T6W30', 'density_T6W30', 'asp_T6W30']",0.03513013448018734,0.056935114390657904,398.0,0.04603262443542262,0.010902489955235281,0.11077490099031803,1.9659423239762661,3.467712417765853,3.5037951161484036,398.0,3.4857537669571284,0.018041349191275334,0.18330937965557154,1.9659423239762661,completed,39.410001277923584,True,COMPLETE
394,2.920485191578008,2026-06-14 02:06:19.325134,2026-06-14 02:06:33.210748,0 days 00:00:13.885614,9,sqrt,1,3,87,ExtraTreesRegressor,4,False,-0.04026971645881124,-0.03190788892866559,398.0,-0.03608880269373842,0.004180913765072826,0.04248023252271873,1.9659423239762661,2.9042479939027674,2.9367223892532484,398.0,2.920485191578008,0.016237197675240313,0.1649782730569048,1.9659423239762661,908559803983514.5,1019675198679976.2,398.0,964117501331745.4,55557697348230.875,564494757460890.0,1.9659423239762661,8.838078587902668,9.080082412656502,398.0,8.959080500279585,0.12100191237691654,1.2294416154683634,1.9659423239762661,2.5617096205921825,2.6157596268551044,398.0,2.5887346237236435,0.027025003131461084,0.2745879205981833,1.9659423239762661,399.0,0.8646616541353384,-0.09663365082041422,-0.08071553768751583,398.0,-0.08867459425396503,0.007959056566449196,0.08086810506084283,1.9659423239762661,ExtraTreesRegressor,"{'mode': 'original', 'type': 'ExtraTreesRegressor'}",4,"['l3_T6W30', 'atd_T6W30', 'density_T6W30', 'asp_T6W30']",0.009138151643912832,0.03225496552211539,398.0,0.02069655858301411,0.011558406939101278,0.11743935463750838,1.9659423239762661,3.574226556534569,3.617444160797511,398.0,3.59583535866604,0.021608802131471015,0.2195565349256419,1.9659423239762661,completed,13.878359079360962,False,COMPLETE
395,2.8338602669682267,2026-06-14 02:06:33.223411,2026-06-14 02:07:27.247934,0 days 00:00:54.024523,4,sqrt,5,4,489,ExtraTreesRegressor,2,False,-0.006985843907363943,-0.003855162644094298,398.0,-0.00542050327572912,0.0015653406316348223,0.015904665282649853,1.9659423239762661,2.82257357861648,2.8451469553199735,398.0,2.8338602669682267,0.011286688351746822,0.11467855414743634,1.9659423239762661,932872897494758.0,1044300332251552.5,398.0,988586614873155.2,55713717378397.27,566080001149731.0,1.9659423239762661,8.195600582376839,8.393278530661535,398.0,8.294439556519187,0.09883897414234816,1.0042547729517206,1.9659423239762661,2.529784947358864,2.558648469530341,398.0,2.5442167084446026,0.01443176108573867,0.14663410945138775,1.9659423239762661,399.0,0.3157894736842105,0.004462056703900852,0.008893077513723872,398.0,0.006677567108812362,0.0022155104049115092,0.02251072431662658,1.9659423239762661,ExtraTreesRegressor,"{'mode': 'original', 'type': 'ExtraTreesRegressor'}",2,"['atd_T6W30', 'density_T6W30']",0.119421626230417,0.14300995562929583,398.0,0.1312157909298564,0.011794164699439415,0.11983477464398273,1.9659423239762661,3.4198487764474343,3.454124636436651,398.0,3.4369867064420427,0.01713792999460857,0.17413017632913713,1.9659423239762661,completed,54.01720905303955,False,COMPLETE
396,2.9302748622911525,2026-06-14 02:07:27.259528,2026-06-14 02:07:38.532369,0 days 00:00:11.272841,13,,4,2,62,ExtraTreesRegressor,6,True,-0.04374139194103563,-0.03569354420941599,398.0,-0.03971746807522581,0.0040239238658098175,0.0408851344654177,1.9659423239762661,2.9151547284263524,2.9453949961559527,398.0,2.9302748622911525,0.015120133864800302,0.15362833065755963,1.9659423239762661,933773110228965.2,1047741704182759.0,398.0,990757407205862.1,56984296976896.81,578989742851122.8,1.9659423239762661,8.654777164631673,8.88409576459817,398.0,8.769436464614921,0.11465929998324927,1.1649974139315324,1.9659423239762661,2.6385761784447137,2.690239782035019,398.0,2.6644079802398664,0.025831801795152792,0.2624643818071573,1.9659423239762661,399.0,0.8897243107769424,-0.09340104607106732,-0.07902990985913343,398.0,-0.08621547796510037,0.007185568105966942,0.07300906478849375,1.9659423239762661,ExtraTreesRegressor,"{'mode': 'original', 'type': 'ExtraTreesRegressor'}",6,"['nodes_T6W30', 'l1_T6W30', 'l2_T6W30', 'atd_T6W30', 'density_T6W30', 'asp_T6W30']",0.002694787796757192,0.025101894926300303,398.0,0.013898341361528748,0.011203553564771556,0.11383386198685205,1.9659423239762661,3.571951691068545,3.6107842920921076,398.0,3.5913679915803263,0.01941630051178136,0.19727959169162337,1.9659423239762661,completed,11.265743017196655,True,COMPLETE
397,2.848274168329961,2026-06-14 02:07:38.544001,2026-06-14 02:08:00.692001,0 days 00:00:22.148000,15,log2,5,4,174,ExtraTreesRegressor,7,True,-0.012928167198753162,-0.008179910920171311,398.0,-0.010554039059462237,0.0023741281392909252,0.024122362015292925,1.9659423239762661,2.8359945882452897,2.8605537484146324,398.0,2.848274168329961,0.012279580084671417,0.12476684442428383,1.9659423239762661,926513678779604.5,1037397643781642.2,398.0,981955661280623.4,55441982501018.87,563319035144643.9,1.9659423239762661,8.291044545292673,8.497230197527633,398.0,8.394137371410153,0.1030928261174807,1.0474760951733018,1.9659423239762661,2.5793365785502322,2.618926403517764,398.0,2.599131491033998,0.019794912483765775,0.20112648390455162,1.9659423239762661,399.0,0.5889724310776943,-0.017312925321232044,-0.009668772558173016,398.0,-0.01349084893970253,0.003822076381529515,0.03883426029097663,1.9659423239762661,ExtraTreesRegressor,"{'mode': 'original', 'type': 'ExtraTreesRegressor'}",7,"['nodes_T6W30', 'l1_T6W30', 'lcc_T6W30', 'atd_T6W30', 'density_T6W30', 'diameter_T6W30', 'asp_T6W30']",0.05395210436020615,0.07557127197231854,398.0,0.06476168816626235,0.010809583806056197,0.10983092676801087,1.9659423239762661,3.4534107210567737,3.4887262033650495,398.0,3.4710684622109116,0.017657741154137655,0.17941172485309123,1.9659423239762661,completed,22.14030408859253,True,COMPLETE
398,2.8688341790426777,2026-06-14 02:08:00.703772,2026-06-14 02:08:20.730126,0 days 00:00:20.026354,6,log2,5,10,151,ExtraTreesRegressor,12,True,-0.020267256272673263,-0.015410790921430169,398.0,-0.017839023597051716,0.0024282326756215463,0.024672091910001397,1.9659423239762661,2.8563504748924884,2.881317883192867,398.0,2.8688341790426777,0.012483704150189122,0.12684084983408536,1.9659423239762661,926697326832652.9,1037695973034137.6,398.0,982196649933395.2,55499323100742.414,563901645106513.2,1.9659423239762661,8.33025493951444,8.540941676938601,398.0,8.43559830822652,0.10534336871208108,1.0703427645410306,1.9659423239762661,2.565525820230588,2.6035530077161346,398.0,2.5845394139733613,0.019013593742773355,0.19318788395805456,1.9659423239762661,399.0,0.706766917293233,-0.028515729204787198,-0.020726675206553795,398.0,-0.024621202205670496,0.0038945269991166997,0.03957039579973295,1.9659423239762661,ExtraTreesRegressor,"{'mode': 'original', 'type': 'ExtraTreesRegressor'}",12,"['nodes_T6W30', 're_T6W30', 'pe_T6W30', 'l1_T6W30', 'l2_T6W30', 'l3_T6W30', 'lcc_T6W30', 'lsc_T6W30', 'atd_T6W30', 'density_T6W30', 'diameter_T6W30', 'asp_T6W30']",0.019933737524838353,0.040841941387608556,398.0,0.030387839456223455,0.0104541019313851,0.10621904823088511,1.9659423239762661,3.4722539229050957,3.507975448739212,398.0,3.490114685822154,0.017860762917058168,0.1814745303020061,1.9659423239762661,completed,20.01923394203186,True,COMPLETE
399,2.8293779570469706,2026-06-14 02:08:20.743094,2026-06-14 02:09:04.658898,0 days 00:00:43.915804,2,,3,7,389,ExtraTreesRegressor,3,False,-0.006110194681259678,-0.0015861720234850844,398.0,-0.003848183352372381,0.0022620113288872967,0.022983197602135328,1.9659423239762661,2.8173250034120554,2.841430910681886,398.0,2.8293779570469706,0.012052953634915124,0.12246420322611554,1.9659423239762661,915674480299955.6,1025319613428695.6,398.0,970497046864325.6,54822566564369.98,557025450895923.0,1.9659423239762661,8.262344353485807,8.484724275744183,398.0,8.373534314614995,0.11118996112918833,1.1297471481997197,1.9659423239762661,2.5161417212529296,2.5522193021937394,398.0,2.5341805117233345,0.018038790470404843,0.1832833817365407,1.9659423239762661,399.0,0.41102756892230574,-0.0032772497104556616,0.004395505647004925,398.0,0.000559127968274632,0.0038363776787302935,0.03897956882030837,1.9659423239762661,ExtraTreesRegressor,"{'mode': 'original', 'type': 'ExtraTreesRegressor'}",3,"['nodes_T6W30', 'atd_T6W30', 'density_T6W30']",0.12062753948404714,0.1446296059908862,398.0,0.13262857273746667,0.012001033253419537,0.12193666546701937,1.9659423239762661,3.4291916998689316,3.4649325944687335,398.0,3.4470621471688325,0.017870447299900945,0.18157292860872007,1.9659423239762661,completed,43.9079270362854,False,COMPLETE
