number,value,datetime_start,datetime_complete,duration,params_et_max_depth,params_et_max_features,params_et_min_samples_leaf,params_et_min_samples_split,params_et_n_estimators,params_regressor,params_rfe_n_features,params_use_scaler,user_attrs_d2mae_ci_lower_val,user_attrs_d2mae_ci_upper_val,user_attrs_d2mae_df_val,user_attrs_d2mae_mean_val,user_attrs_d2mae_samperror_val,user_attrs_d2mae_std_val,user_attrs_d2mae_t_critical_val,user_attrs_mae_ci_lower_val,user_attrs_mae_ci_upper_val,user_attrs_mae_df_val,user_attrs_mae_mean_val,user_attrs_mae_samperror_val,user_attrs_mae_std_val,user_attrs_mae_t_critical_val,user_attrs_mape_ci_lower_val,user_attrs_mape_ci_upper_val,user_attrs_mape_df_val,user_attrs_mape_mean_val,user_attrs_mape_samperror_val,user_attrs_mape_std_val,user_attrs_mape_t_critical_val,user_attrs_max_error_ci_lower_val,user_attrs_max_error_ci_upper_val,user_attrs_max_error_df_val,user_attrs_max_error_mean_val,user_attrs_max_error_samperror_val,user_attrs_max_error_std_val,user_attrs_max_error_t_critical_val,user_attrs_median_ae_ci_lower_val,user_attrs_median_ae_ci_upper_val,user_attrs_median_ae_df_val,user_attrs_median_ae_mean_val,user_attrs_median_ae_samperror_val,user_attrs_median_ae_std_val,user_attrs_median_ae_t_critical_val,user_attrs_n_splits_val,user_attrs_r2_below_zero_val,user_attrs_r2_ci_lower_val,user_attrs_r2_ci_upper_val,user_attrs_r2_df_val,user_attrs_r2_mean_val,user_attrs_r2_samperror_val,user_attrs_r2_std_val,user_attrs_r2_t_critical_val,user_attrs_regressor_final,user_attrs_rfe_estimator,user_attrs_rfe_n_features,user_attrs_rfe_selected_features,user_attrs_rho_ci_lower_val,user_attrs_rho_ci_upper_val,user_attrs_rho_df_val,user_attrs_rho_mean_val,user_attrs_rho_samperror_val,user_attrs_rho_std_val,user_attrs_rho_t_critical_val,user_attrs_rmse_ci_lower_val,user_attrs_rmse_ci_upper_val,user_attrs_rmse_df_val,user_attrs_rmse_mean_val,user_attrs_rmse_samperror_val,user_attrs_rmse_std_val,user_attrs_rmse_t_critical_val,user_attrs_termination_reason,user_attrs_trial_time_seconds,user_attrs_use_scaler_final,state
438,2.838708421494457,2026-06-14 02:23:02.902523,2026-06-14 02:23:38.990399,0 days 00:00:36.087876,12,sqrt,3,11,308,ExtraTreesRegressor,2,False,-0.009081407863857954,-0.005228659933266316,398.0,-0.007155033898562135,0.001926373965295819,0.01957294949613788,1.9659423239762661,2.827067075008282,2.8503497679806324,398.0,2.838708421494457,0.011641346486175142,0.11828206306035606,1.9659423239762661,944377377222556.9,1056393474377149.9,398.0,1000385425799853.4,56008048577296.47,569070557394248.8,1.9659423239762661,8.18001317046557,8.36367188084659,398.0,8.27184252565608,0.09182935519051132,0.933033441993583,1.9659423239762661,2.5814664301308814,2.6146384835082963,398.0,2.598052456819589,0.01658602668870724,0.16852255510513486,1.9659423239762661,399.0,0.48621553884711777,-0.004497429610523861,0.0007590485225073855,398.0,-0.001869190544008238,0.0026282390665156234,0.02670425962945738,1.9659423239762661,ExtraTreesRegressor,"{'mode': 'original', 'type': 'ExtraTreesRegressor'}",2,"['nodes_T6W30', 'l1_T6W30']",0.05360421486985742,0.07655633321436259,398.0,0.06508027404211,0.011476059172252587,0.11660265900587818,1.9659423239762661,3.4344957924714636,3.468377109970885,398.0,3.4514364512211744,0.01694065874971095,0.17212579909866083,1.9659423239762661,completed,36.08053994178772,False,COMPLETE
439,2.8391827567845644,2026-06-14 02:23:39.003828,2026-06-14 02:24:17.494472,0 days 00:00:38.490644,2,sqrt,5,12,341,ExtraTreesRegressor,3,False,-0.008689141536627153,-0.005915570417534067,398.0,-0.00730235597708061,0.0013867855595465428,0.014090453986596299,1.9659423239762661,2.828018933022805,2.850346580546324,398.0,2.8391827567845644,0.011163823761759546,0.11343018677017305,1.9659423239762661,938284955732673.2,1049995679728592.5,398.0,994140317730632.9,55855361997959.64,567519183278974.6,1.9659423239762661,8.156043022595185,8.343688524666746,398.0,8.249865773630965,0.09382275103578104,0.9532873682343707,1.9659423239762661,2.5324285689764174,2.55850899575134,398.0,2.5454687823638786,0.013040213387461282,0.13249526968791137,1.9659423239762661,399.0,0.2581453634085213,0.005949229013657598,0.009465882028064879,398.0,0.007707555520861238,0.00175832650720364,0.017865500958393822,1.9659423239762661,ExtraTreesRegressor,"{'mode': 'original', 'type': 'ExtraTreesRegressor'}",3,"['nodes_T6W30', 'atd_T6W30', 'density_T6W30']",0.1356941057292474,0.1601521471218012,398.0,0.1479231264255243,0.01222902069627689,0.12425313505454069,1.9659423239762661,3.4183337302302346,3.4521993625806595,398.0,3.435266546405447,0.016932816175212622,0.17204611451127494,1.9659423239762661,completed,38.48318409919739,False,COMPLETE
440,2.8567261581064844,2026-06-14 02:24:17.506102,2026-06-14 02:24:38.252625,0 days 00:00:20.746523,8,sqrt,4,12,160,ExtraTreesRegressor,8,False,-0.015937253077392105,-0.011182911698583119,398.0,-0.013560082387987612,0.0023771706894044923,0.024153275888084587,1.9659423239762661,2.8444675809005546,2.8689847353124143,398.0,2.8567261581064844,0.012258577205930007,0.12455344438239943,1.9659423239762661,924067889326685.4,1034717802486259.4,398.0,979392845906472.4,55324956579787.03,562129991642564.56,1.9659423239762661,8.311800470674935,8.516150297998287,398.0,8.413975384336611,0.10217491366167614,1.0381496328856017,1.9659423239762661,2.575534551659631,2.6141735205074044,398.0,2.5948540360835177,0.01931948442388662,0.19629589048255605,1.9659423239762661,399.0,0.6516290726817042,-0.02223834383292173,-0.01445474638021602,398.0,-0.018346545106568874,0.003891798726352854,0.03954267514632895,1.9659423239762661,ExtraTreesRegressor,"{'mode': 'original', 'type': 'ExtraTreesRegressor'}",8,"['nodes_T6W30', 'l1_T6W30', 'l3_T6W30', 'lcc_T6W30', 'atd_T6W30', 'density_T6W30', 'diameter_T6W30', 'asp_T6W30']",0.03377478139721324,0.055401485896854244,398.0,0.04458813364703374,0.010813352249820503,0.10986921609334781,1.9659423239762661,3.4616342838053886,3.4970570377038235,398.0,3.479345660754606,0.017711376949217393,0.17995669209579357,1.9659423239762661,completed,20.73926305770874,False,COMPLETE
441,2.8648264398212846,2026-06-14 02:24:38.265302,2026-06-14 02:25:21.677664,0 days 00:00:43.412362,14,sqrt,3,6,352,ExtraTreesRegressor,4,True,-0.019622118271985806,-0.013314742588816392,398.0,-0.0164684304304011,0.003153687841584706,0.03204308922460057,1.9659423239762661,2.8514274107500777,2.8782254688924915,398.0,2.8648264398212846,0.013399029071206872,0.13614102143855658,1.9659423239762661,915878207353652.5,1026679721417251.5,398.0,971278964385452.0,55400757031799.555,562900163190640.75,1.9659423239762661,8.527204032655945,8.749033731447213,398.0,8.638118882051579,0.1109148493956334,1.1269518716004334,1.9659423239762661,2.593434476718682,2.6392940997184415,398.0,2.616364288218562,0.02292981149987978,0.23297866900635206,1.9659423239762661,399.0,0.7644110275689223,-0.05000111340204216,-0.03869511544748863,398.0,-0.0443481144247654,0.005652998977276762,0.05743737481780496,1.9659423239762661,ExtraTreesRegressor,"{'mode': 'original', 'type': 'ExtraTreesRegressor'}",4,"['nodes_T6W30', 'l1_T6W30', 'atd_T6W30', 'density_T6W30']",0.041006712811278025,0.0628802613315457,398.0,0.05194348707141186,0.010936774260133836,0.11112324714759522,1.9659423239762661,3.503896006471681,3.541215469350453,398.0,3.522555737911067,0.01865973143938596,0.18959246109750685,1.9659423239762661,completed,43.40388512611389,True,COMPLETE
442,2.9146171061852737,2026-06-14 02:25:21.691880,2026-06-14 02:25:23.478787,0 days 00:00:01.786907,15,sqrt,2,5,320,ExtraTreesRegressor,11,False,,,,,,,,,,,,,,,,,,,,,,,,,,,,,,,,,,,,,,,,,,,,,ExtraTreesRegressor,"{'mode': 'original', 'type': 'ExtraTreesRegressor'}",11,"['nodes_T6W30', 're_T6W30', 'pe_T6W30', 'l1_T6W30', 'l2_T6W30', 'l3_T6W30', 'lcc_T6W30', 'atd_T6W30', 'density_T6W30', 'diameter_T6W30', 'asp_T6W30']",,,,,,,,,,,,,,,pruned,,False,PRUNED
443,2.986020511058237,2026-06-14 02:25:23.484232,2026-06-14 02:26:02.325473,0 days 00:00:38.841241,19,,2,2,264,ExtraTreesRegressor,4,True,-0.06442616001516627,-0.05454904849767848,398.0,-0.059487604256422376,0.004938555758743897,0.05017826454839547,1.9659423239762661,2.9687328397994968,3.003308182316977,398.0,2.986020511058237,0.017287671258740187,0.17565162452825975,1.9659423239762661,926985270890693.2,1040226271732130.2,398.0,983605771311411.8,56620500420718.48,575293382876773.8,1.9659423239762661,8.950773199186852,9.165286938885863,398.0,9.058030069036358,0.10725686984950654,1.0897849194903577,1.9659423239762661,2.608129159969109,2.6628328994141324,398.0,2.6354810296916207,0.027351869722511756,0.27790905314766057,1.9659423239762661,399.0,0.9423558897243107,-0.13972915485915868,-0.1219821536466836,398.0,-0.13085565425292114,0.008873500606237544,0.09015932645931782,1.9659423239762661,ExtraTreesRegressor,"{'mode': 'original', 'type': 'ExtraTreesRegressor'}",4,"['l1_T6W30', 'l3_T6W30', 'density_T6W30', 'asp_T6W30']",-0.004800810033849686,0.017994438571118394,398.0,0.006596814268634354,0.01139762430248404,0.11580572041951176,1.9659423239762661,3.6424407630685702,3.684653873129983,398.0,3.6635473180992766,0.021106555030706336,0.21445344626531568,1.9659423239762661,completed,38.833786725997925,True,COMPLETE
444,2.8764252982397496,2026-06-14 02:26:02.337156,2026-06-14 02:26:22.807109,0 days 00:00:20.469953,9,log2,5,6,151,ExtraTreesRegressor,10,True,-0.02316928145628339,-0.017876757348590847,398.0,-0.02052301940243712,0.0026462620538462724,0.026887382443172392,1.9659423239762661,2.863510329072025,2.889340267407474,398.0,2.8764252982397496,0.012914969167724456,0.13122272404944513,1.9659423239762661,931277977956523.9,1043260349614268.1,398.0,987269163785396.0,55991185828872.11,568899223204095.5,1.9659423239762661,8.385385882436438,8.606704137482943,398.0,8.49604500995969,0.11065912752325263,1.1243536059555808,1.9659423239762661,2.591497004803681,2.6327545743906406,398.0,2.612125789597161,0.020628784793480022,0.20959905511777316,1.9659423239762661,399.0,0.7593984962406015,-0.03789204933362847,-0.029134196056460865,398.0,-0.03351312269504467,0.004378926638583803,0.04449214508104711,1.9659423239762661,ExtraTreesRegressor,"{'mode': 'original', 'type': 'ExtraTreesRegressor'}",10,"['nodes_T6W30', 're_T6W30', 'pe_T6W30', 'l1_T6W30', 'l2_T6W30', 'lcc_T6W30', 'atd_T6W30', 'density_T6W30', 'diameter_T6W30', 'asp_T6W30']",0.012612342881136614,0.03389954609578792,398.0,0.023255944488462268,0.010643601607325654,0.10814446232676625,1.9659423239762661,3.486783558436494,3.5234750737775005,398.0,3.505129316106997,0.01834575767050311,0.18640232624717815,1.9659423239762661,completed,20.462656021118164,True,COMPLETE
445,2.9246140473840394,2026-06-14 02:26:22.819732,2026-06-14 02:27:15.890634,0 days 00:00:53.070902,17,sqrt,1,11,425,ExtraTreesRegressor,8,False,-0.04110193239945946,-0.03416097031727652,398.0,-0.03763145135836799,0.0034704810410914654,0.03526187093903967,1.9659423239762661,2.9101842606149626,2.939043834153116,398.0,2.9246140473840394,0.014429786769076691,0.14661404937945446,1.9659423239762661,928311939295797.9,1040822965002739.1,398.0,984567452149268.5,56255512853470.67,571584921617870.4,1.9659423239762661,8.63948996353631,8.868608286719194,398.0,8.754049125127752,0.11455916159144261,1.1639799564073101,1.9659423239762661,2.628592358462312,2.6768020337441922,398.0,2.652697196103252,0.024104837640940246,0.24491753847300127,1.9659423239762661,399.0,0.8822055137844611,-0.08009247173815692,-0.06794534526712234,398.0,-0.07401890850263963,0.006073563235517289,0.06171052381935848,1.9659423239762661,ExtraTreesRegressor,"{'mode': 'original', 'type': 'ExtraTreesRegressor'}",8,"['nodes_T6W30', 'l1_T6W30', 'l2_T6W30', 'l3_T6W30', 'atd_T6W30', 'density_T6W30', 'diameter_T6W30', 'asp_T6W30']",-0.017605732164630634,0.003553173671629316,398.0,-0.00702627924650066,0.010579452918129976,0.10749267867702322,1.9659423239762661,3.5528963777312232,3.591599468906836,398.0,3.5722479233190296,0.019351545587806437,0.19662164838496496,1.9659423239762661,completed,53.063215017318726,False,COMPLETE
446,2.910913688266823,2026-06-14 02:27:15.997077,2026-06-14 02:28:19.859950,0 days 00:01:03.862873,4,,2,9,499,ExtraTreesRegressor,12,False,-0.03593549243594347,-0.029698105896049425,398.0,-0.032816799165996446,0.003118693269947023,0.03168752639223112,1.9659423239762661,2.897431987627964,2.924395388905682,398.0,2.910913688266823,0.013481700638859142,0.13698100705275998,1.9659423239762661,918388106415967.8,1028661173706096.2,398.0,973524640061032.0,55136533645064.31,560215517790819.25,1.9659423239762661,8.472940882099504,8.708919240472976,398.0,8.59093006128624,0.11798917918673708,1.1988306979419392,1.9659423239762661,2.574245685001541,2.618539619678386,398.0,2.5963926523399636,0.02214696733842248,0.22502457000398252,1.9659423239762661,399.0,0.8822055137844611,-0.06849422355868963,-0.05713655395013807,398.0,-0.06281538875441385,0.005678834804275775,0.057699880097751975,1.9659423239762661,ExtraTreesRegressor,"{'mode': 'original', 'type': 'ExtraTreesRegressor'}",12,"['nodes_T6W30', 'edges_T6W30', 're_T6W30', 'l1_T6W30', 'l2_T6W30', 'l3_T6W30', 'lcc_T6W30', 'lsc_T6W30', 'atd_T6W30', 'density_T6W30', 'diameter_T6W30', 'asp_T6W30']",-0.017831050923208233,0.003809235727203446,398.0,-0.007010907598002394,0.01082014332520584,0.10993821690935565,1.9659423239762661,3.5348960831898655,3.5722270262245424,398.0,3.553561554707204,0.01866547151733855,0.18965078323946577,1.9659423239762661,completed,63.85499310493469,False,COMPLETE
447,2.9447267992293935,2026-06-14 02:28:19.872598,2026-06-14 02:28:20.904321,0 days 00:00:01.031723,8,,3,9,143,ExtraTreesRegressor,8,False,,,,,,,,,,,,,,,,,,,,,,,,,,,,,,,,,,,,,,,,,,,,,ExtraTreesRegressor,"{'mode': 'original', 'type': 'ExtraTreesRegressor'}",8,"['nodes_T6W30', 're_T6W30', 'l1_T6W30', 'l2_T6W30', 'l3_T6W30', 'lcc_T6W30', 'density_T6W30', 'asp_T6W30']",,,,,,,,,,,,,,,pruned,,False,PRUNED
448,2.9118838051612084,2026-06-14 02:28:20.909806,2026-06-14 02:28:22.959670,0 days 00:00:02.049864,12,,4,4,299,ExtraTreesRegressor,8,False,,,,,,,,,,,,,,,,,,,,,,,,,,,,,,,,,,,,,,,,,,,,,ExtraTreesRegressor,"{'mode': 'original', 'type': 'ExtraTreesRegressor'}",8,"['nodes_T6W30', 're_T6W30', 'l1_T6W30', 'l2_T6W30', 'l3_T6W30', 'atd_T6W30', 'density_T6W30', 'asp_T6W30']",,,,,,,,,,,,,,,pruned,,False,PRUNED
449,2.8567392877171556,2026-06-14 02:28:22.965181,2026-06-14 02:29:00.302409,0 days 00:00:37.337228,17,sqrt,4,10,305,ExtraTreesRegressor,7,False,-0.0161295997121743,-0.011020181218677684,398.0,-0.013574890465425992,0.002554709246748307,0.025957158871923625,1.9659423239762661,2.8442664147906287,2.8692121606436825,398.0,2.8567392877171556,0.012472872926526657,0.126730799035255,1.9659423239762661,925197737677508.6,1036155285969104.1,398.0,980676511823306.4,55478774145797.74,563692857163685.9,1.9659423239762661,8.347263634324758,8.559505383234953,398.0,8.453384508779855,0.10612087445509744,1.0782426224685018,1.9659423239762661,2.5910911929894196,2.6329246832252045,398.0,2.612007938107312,0.020916745117892575,0.2125248800033648,1.9659423239762661,399.0,0.6641604010025063,-0.026375322655238457,-0.01789193890579951,398.0,-0.022133630780518984,0.004241691874719473,0.043097769352023765,1.9659423239762661,ExtraTreesRegressor,"{'mode': 'original', 'type': 'ExtraTreesRegressor'}",7,"['nodes_T6W30', 'l1_T6W30', 'lcc_T6W30', 'atd_T6W30', 'density_T6W30', 'diameter_T6W30', 'asp_T6W30']",0.0417303072663827,0.06302355658558097,398.0,0.052376931925981834,0.010646624659599136,0.10817517809148224,1.9659423239762661,3.467787617157945,3.503468648082919,398.0,3.485628132620432,0.01784051546248699,0.18126880575792148,1.9659423239762661,completed,37.32987904548645,False,COMPLETE
450,2.8450517851902535,2026-06-14 02:29:00.314060,2026-06-14 02:29:22.650077,0 days 00:00:22.336017,2,sqrt,2,7,179,ExtraTreesRegressor,13,True,-0.011125206085096331,-0.007683930364279203,398.0,-0.009404568224687767,0.0017206378604085637,0.01748256493787689,1.9659423239762661,2.8336345077075853,2.8564690626729217,398.0,2.8450517851902535,0.011417277482668005,0.11600540683041077,1.9659423239762661,932785081013239.6,1043915106962807.4,398.0,988350093988023.5,55565012974783.85,564569087986340.2,1.9659423239762661,8.166603389777414,8.35879360828244,398.0,8.262698499029927,0.0960951092525133,0.9763756955345191,1.9659423239762661,2.5505482375782553,2.5857078016492907,398.0,2.568128019613773,0.017579782035517546,0.17861962014289257,1.9659423239762661,399.0,0.43107769423558895,-0.0025290388878202404,0.002444665290863892,398.0,-4.218679847817417e-05,0.002486852089342066,0.025267695279292547,1.9659423239762661,ExtraTreesRegressor,"{'mode': 'original', 'type': 'ExtraTreesRegressor'}",13,"['nodes_T6W30', 'edges_T6W30', 're_T6W30', 'pe_T6W30', 'l1_T6W30', 'l2_T6W30', 'l3_T6W30', 'lcc_T6W30', 'lsc_T6W30', 'atd_T6W30', 'density_T6W30', 'diameter_T6W30', 'asp_T6W30']",0.0926684912586732,0.11508153511032963,398.0,0.10387501318450142,0.011206521925828212,0.11386402206069798,1.9659423239762661,3.4313830819048343,3.4653931566520164,398.0,3.4483881192784254,0.017005037373591086,0.17277991900296671,1.9659423239762661,completed,22.32859992980957,True,COMPLETE
451,2.8404906106969348,2026-06-14 02:29:22.665014,2026-06-14 02:29:35.984894,0 days 00:00:13.319880,13,log2,3,8,91,ExtraTreesRegressor,2,False,-0.009825601976052548,-0.00572776775760079,398.0,-0.0077766848668266685,0.0020489171092258783,0.02081805081626119,1.9659423239762661,2.8286103285713238,2.8523708928225457,398.0,2.8404906106969348,0.011880282125610857,0.12070977195164836,1.9659423239762661,946837924802200.0,1059276545340487.2,398.0,1003057235071343.6,56219310269143.66,571217084755751.2,1.9659423239762661,8.188784843614222,8.369068008431224,398.0,8.278926426022723,0.09014158240850031,0.9158848031423593,1.9659423239762661,2.5761888115314333,2.6102500599381484,398.0,2.593219435734791,0.017030624203357363,0.17303989434306366,1.9659423239762661,399.0,0.5112781954887218,-0.007257646313561277,-0.0015126211496125294,398.0,-0.004385133731586903,0.002872512581974374,0.029186204084403315,1.9659423239762661,ExtraTreesRegressor,"{'mode': 'original', 'type': 'ExtraTreesRegressor'}",2,"['nodes_T6W30', 'l1_T6W30']",0.046647378151401506,0.06955408664915173,398.0,0.05810073240027662,0.011453354248875114,0.11637196531577075,1.9659423239762661,3.4386191334223364,3.4728376687755516,398.0,3.455728401098944,0.01710926767660766,0.17383895244801084,1.9659423239762661,completed,13.311667203903198,False,COMPLETE
452,2.8575629800971662,2026-06-14 02:29:35.996519,2026-06-14 02:30:31.526232,0 days 00:00:55.529713,13,log2,3,10,451,ExtraTreesRegressor,4,True,-0.016892173272600116,-0.01087002349910782,398.0,-0.013881098385853968,0.0030110748867461486,0.03059406831130068,1.9659423239762661,2.8443846279522775,2.870741332242055,398.0,2.8575629800971662,0.013178352144888762,0.13389883045611978,1.9659423239762661,914295446610524.9,1024726397377093.4,398.0,969510921993809.1,55215475383284.24,561017606421143.25,1.9659423239762661,8.481084879198805,8.703941137087684,398.0,8.592513008143245,0.11142812894443994,1.1321670556026986,1.9659423239762661,2.592411769257138,2.6370896298373068,398.0,2.6147506995472223,0.02233893029008452,0.22697501224712904,1.9659423239762661,399.0,0.7218045112781954,-0.04172271671907367,-0.03098400364099495,398.0,-0.03635336018003431,0.005369356539039358,0.05455542187481573,1.9659423239762661,ExtraTreesRegressor,"{'mode': 'original', 'type': 'ExtraTreesRegressor'}",4,"['nodes_T6W30', 'l1_T6W30', 'atd_T6W30', 'density_T6W30']",0.04763119840094774,0.06941951364963539,398.0,0.05852535602529157,0.010894157624343828,0.11069024022628074,1.9659423239762661,3.49071977445225,3.5277165270635327,398.0,3.5092181507578912,0.01849837630564132,0.18795301001447617,1.9659423239762661,completed,55.52208209037781,True,COMPLETE
453,2.8335924376228476,2026-06-14 02:30:31.541243,2026-06-14 02:30:52.868175,0 days 00:00:21.326932,7,log2,3,8,161,ExtraTreesRegressor,3,True,-0.007079284112911509,-0.0035930055005332613,398.0,-0.005336144806722385,0.0017431393061891236,0.017711191191027768,1.9659423239762661,2.822172459341464,2.845012415904231,398.0,2.8335924376228476,0.011419978281383551,0.11603284833336448,1.9659423239762661,935615675081200.0,1046987624229727.2,398.0,991301649655463.6,55685974574263.65,565798120002056.1,1.9659423239762661,8.196002413105697,8.382691023517493,398.0,8.289346718311595,0.09334430520589718,0.9484261127182245,1.9659423239762661,2.5619463904023845,2.592328589848108,398.0,2.577137490125246,0.015191099722861623,0.15434938024648046,1.9659423239762661,399.0,0.40852130325814534,0.00022278747569632945,0.005205593411775126,398.0,0.002714190443735728,0.0024914029680393984,0.025313934545660673,1.9659423239762661,ExtraTreesRegressor,"{'mode': 'original', 'type': 'ExtraTreesRegressor'}",3,"['nodes_T6W30', 'l1_T6W30', 'density_T6W30']",0.08421741063216787,0.10708729579355827,398.0,0.09565235321286307,0.011434942580695207,0.11618489330487507,1.9659423239762661,3.4266480264212107,3.4606123611396327,398.0,3.4436301937804217,0.016982167359210865,0.17254754790342727,1.9659423239762661,completed,21.319087982177734,True,COMPLETE
454,2.9092444097032466,2026-06-14 02:30:52.880048,2026-06-14 02:30:53.841081,0 days 00:00:00.961033,7,,5,6,146,ExtraTreesRegressor,11,False,,,,,,,,,,,,,,,,,,,,,,,,,,,,,,,,,,,,,,,,,,,,,ExtraTreesRegressor,"{'mode': 'original', 'type': 'ExtraTreesRegressor'}",11,"['nodes_T6W30', 're_T6W30', 'l1_T6W30', 'l2_T6W30', 'l3_T6W30', 'lcc_T6W30', 'lsc_T6W30', 'atd_T6W30', 'density_T6W30', 'diameter_T6W30', 'asp_T6W30']",,,,,,,,,,,,,,,pruned,,False,PRUNED
455,2.9844778937312175,2026-06-14 02:30:53.847472,2026-06-14 02:30:54.704675,0 days 00:00:00.857203,18,,3,7,119,ExtraTreesRegressor,13,True,,,,,,,,,,,,,,,,,,,,,,,,,,,,,,,,,,,,,,,,,,,,,ExtraTreesRegressor,"{'mode': 'original', 'type': 'ExtraTreesRegressor'}",13,"['nodes_T6W30', 'edges_T6W30', 're_T6W30', 'pe_T6W30', 'l1_T6W30', 'l2_T6W30', 'l3_T6W30', 'lcc_T6W30', 'lsc_T6W30', 'atd_T6W30', 'density_T6W30', 'diameter_T6W30', 'asp_T6W30']",,,,,,,,,,,,,,,pruned,,True,PRUNED
