number,value,datetime_start,datetime_complete,duration,params_et_max_depth,params_et_max_features,params_et_min_samples_leaf,params_et_min_samples_split,params_et_n_estimators,params_regressor,params_rfe_n_features,params_use_scaler,user_attrs_d2mae_ci_lower_val,user_attrs_d2mae_ci_upper_val,user_attrs_d2mae_df_val,user_attrs_d2mae_mean_val,user_attrs_d2mae_samperror_val,user_attrs_d2mae_std_val,user_attrs_d2mae_t_critical_val,user_attrs_mae_ci_lower_val,user_attrs_mae_ci_upper_val,user_attrs_mae_df_val,user_attrs_mae_mean_val,user_attrs_mae_samperror_val,user_attrs_mae_std_val,user_attrs_mae_t_critical_val,user_attrs_mape_ci_lower_val,user_attrs_mape_ci_upper_val,user_attrs_mape_df_val,user_attrs_mape_mean_val,user_attrs_mape_samperror_val,user_attrs_mape_std_val,user_attrs_mape_t_critical_val,user_attrs_max_error_ci_lower_val,user_attrs_max_error_ci_upper_val,user_attrs_max_error_df_val,user_attrs_max_error_mean_val,user_attrs_max_error_samperror_val,user_attrs_max_error_std_val,user_attrs_max_error_t_critical_val,user_attrs_median_ae_ci_lower_val,user_attrs_median_ae_ci_upper_val,user_attrs_median_ae_df_val,user_attrs_median_ae_mean_val,user_attrs_median_ae_samperror_val,user_attrs_median_ae_std_val,user_attrs_median_ae_t_critical_val,user_attrs_n_splits_val,user_attrs_r2_below_zero_val,user_attrs_r2_ci_lower_val,user_attrs_r2_ci_upper_val,user_attrs_r2_df_val,user_attrs_r2_mean_val,user_attrs_r2_samperror_val,user_attrs_r2_std_val,user_attrs_r2_t_critical_val,user_attrs_regressor_final,user_attrs_rfe_estimator,user_attrs_rfe_n_features,user_attrs_rfe_selected_features,user_attrs_rho_ci_lower_val,user_attrs_rho_ci_upper_val,user_attrs_rho_df_val,user_attrs_rho_mean_val,user_attrs_rho_samperror_val,user_attrs_rho_std_val,user_attrs_rho_t_critical_val,user_attrs_rmse_ci_lower_val,user_attrs_rmse_ci_upper_val,user_attrs_rmse_df_val,user_attrs_rmse_mean_val,user_attrs_rmse_samperror_val,user_attrs_rmse_std_val,user_attrs_rmse_t_critical_val,user_attrs_termination_reason,user_attrs_trial_time_seconds,user_attrs_use_scaler_final,state
456,2.842160218399812,2026-06-14 02:30:54.710145,2026-06-14 02:31:44.425097,0 days 00:00:49.714952,2,sqrt,5,4,446,ExtraTreesRegressor,12,True,-0.010071837992671466,-0.006663019419343646,398.0,-0.008367428706007556,0.0017044092866639097,0.01731767428838678,1.9659423239762661,2.83069773275801,2.8536227040416136,398.0,2.842160218399812,0.011462485641801542,0.11646474496074011,1.9659423239762661,932545480147720.8,1043696544254113.2,398.0,988121012200917.0,55575532053196.21,564675967229010.8,1.9659423239762661,8.170081393530548,8.364402573054573,398.0,8.26724198329256,0.097160589762012,0.9872015250864331,1.9659423239762661,2.558082226257085,2.5913162736503885,398.0,2.5746992499537367,0.016617023696651936,0.16883750063594188,1.9659423239762661,399.0,0.39598997493734334,3.205876762605057e-05,0.004758486361935479,398.0,0.002395272564780765,0.0023632137971547145,0.024011466690052784,1.9659423239762661,ExtraTreesRegressor,"{'mode': 'original', 'type': 'ExtraTreesRegressor'}",12,"['nodes_T6W30', 're_T6W30', 'pe_T6W30', 'l1_T6W30', 'l2_T6W30', 'l3_T6W30', 'lcc_T6W30', 'lsc_T6W30', 'atd_T6W30', 'density_T6W30', 'diameter_T6W30', 'asp_T6W30']",0.09610293673309378,0.11846600875653615,398.0,0.10728447274481497,0.011181536011721178,0.11361015233252363,1.9659423239762661,3.4272129167522887,3.4613348213903197,398.0,3.444273869071304,0.01706095231901533,0.17334804358447806,1.9659423239762661,completed,49.707509994506836,True,COMPLETE
457,2.9760375456836567,2026-06-14 02:31:44.438512,2026-06-14 02:31:45.558682,0 days 00:00:01.120170,16,,2,10,157,ExtraTreesRegressor,9,False,,,,,,,,,,,,,,,,,,,,,,,,,,,,,,,,,,,,,,,,,,,,,ExtraTreesRegressor,"{'mode': 'original', 'type': 'ExtraTreesRegressor'}",9,"['nodes_T6W30', 're_T6W30', 'l1_T6W30', 'l2_T6W30', 'l3_T6W30', 'lsc_T6W30', 'density_T6W30', 'diameter_T6W30', 'asp_T6W30']",,,,,,,,,,,,,,,pruned,,False,PRUNED
458,2.907197007181665,2026-06-14 02:31:45.564564,2026-06-14 02:31:48.120897,0 days 00:00:02.556333,16,,5,9,402,ExtraTreesRegressor,10,True,,,,,,,,,,,,,,,,,,,,,,,,,,,,,,,,,,,,,,,,,,,,,ExtraTreesRegressor,"{'mode': 'original', 'type': 'ExtraTreesRegressor'}",10,"['nodes_T6W30', 're_T6W30', 'l1_T6W30', 'l2_T6W30', 'l3_T6W30', 'lcc_T6W30', 'lsc_T6W30', 'atd_T6W30', 'density_T6W30', 'asp_T6W30']",,,,,,,,,,,,,,,pruned,,True,PRUNED
459,2.8461652657911887,2026-06-14 02:31:48.127060,2026-06-14 02:32:22.010806,0 days 00:00:33.883746,7,sqrt,4,6,277,ExtraTreesRegressor,5,True,-0.012418728051241747,-0.007245938889860998,398.0,-0.009832333470551373,0.0025863945806903744,0.0262790981486108,1.9659423239762661,2.833723987293349,2.8586065442890285,398.0,2.8461652657911887,0.01244127849783967,0.1264097834026778,1.9659423239762661,919148174774939.8,1029471816078561.2,398.0,974309995426750.5,55161820651810.69,560472446774947.9,1.9659423239762661,8.371489822408268,8.589169024734424,398.0,8.480329423571346,0.10883960116307785,1.1058662830389614,1.9659423239762661,2.5731752045817724,2.612108061970091,398.0,2.5926416332759317,0.019466428694159085,0.19778891978662894,1.9659423239762661,399.0,0.656641604010025,-0.02553255682661,-0.01652571238384154,398.0,-0.02102913460522577,0.004503422221384231,0.04575708418349747,1.9659423239762661,ExtraTreesRegressor,"{'mode': 'original', 'type': 'ExtraTreesRegressor'}",5,"['nodes_T6W30', 'l1_T6W30', 'lcc_T6W30', 'atd_T6W30', 'density_T6W30']",0.05051858278946833,0.07242991253349847,398.0,0.0614742476614834,0.010955664872015072,0.11131518547263679,1.9659423239762661,3.465627434691,3.501660253205899,398.0,3.4836438439484496,0.018016409257449684,0.18305597711068639,1.9659423239762661,completed,33.87623190879822,True,COMPLETE
460,2.903220773907564,2026-06-14 02:32:22.023693,2026-06-14 02:33:22.265707,0 days 00:01:00.242014,9,,5,10,460,ExtraTreesRegressor,6,False,-0.033632571347266764,-0.026529273965990377,398.0,-0.03008092265662857,0.0035516486906381935,0.036086575972391996,1.9659423239762661,2.8889231293880604,2.9175184184270675,398.0,2.903220773907564,0.014297644519503765,0.1452714162127942,1.9659423239762661,927497707552001.8,1040190340231700.5,398.0,983844023891851.1,56346316339849.4,572507531705518.2,1.9659423239762661,8.557082002664446,8.793011538576925,398.0,8.675046770620686,0.11796476795623931,1.1985826672945783,1.9659423239762661,2.621333675312858,2.6698977210104315,398.0,2.6456156981616448,0.02428202284878671,0.24671783124435268,1.9659423239762661,399.0,0.8446115288220551,-0.06975839427226267,-0.057170784124282344,398.0,-0.06346458919827251,0.006293805073990167,0.06394829408568588,1.9659423239762661,ExtraTreesRegressor,"{'mode': 'original', 'type': 'ExtraTreesRegressor'}",6,"['nodes_T6W30', 'l1_T6W30', 'l2_T6W30', 'atd_T6W30', 'density_T6W30', 'asp_T6W30']",0.010928951083490668,0.0327874558941854,398.0,0.021858203488838032,0.010929252405347364,0.11104682123730718,1.9659423239762661,3.5351842478987043,3.573410406593375,398.0,3.5542973272460396,0.019113079347335356,0.1941987088283885,1.9659423239762661,completed,60.23453903198242,False,COMPLETE
461,2.873328067518749,2026-06-14 02:33:22.278717,2026-06-14 02:33:54.826132,0 days 00:00:32.547415,4,log2,2,4,269,ExtraTreesRegressor,12,True,-0.021865886600799526,-0.017031545599174084,398.0,-0.019448716099986805,0.0024171705008127205,0.024559694528832807,1.9659423239762661,2.8609454961759013,2.885710638861597,398.0,2.873328067518749,0.012382571342847737,0.12581328853697676,1.9659423239762661,924529065855663.5,1035032500670881.8,398.0,979780783263272.6,55251717407609.18,561385844013910.44,1.9659423239762661,8.293464614989825,8.503234160702435,398.0,8.39834938784613,0.10488477285630528,1.0656831949631893,1.9659423239762661,2.5515350401373014,2.58872053327528,398.0,2.5701277867062906,0.01859274656898916,0.18891186038918045,1.9659423239762661,399.0,0.7268170426065163,-0.030381846388519537,-0.022353514409072985,398.0,-0.02636768039879626,0.0040141659897232765,0.04078598942957722,1.9659423239762661,ExtraTreesRegressor,"{'mode': 'original', 'type': 'ExtraTreesRegressor'}",12,"['nodes_T6W30', 're_T6W30', 'pe_T6W30', 'l1_T6W30', 'l2_T6W30', 'l3_T6W30', 'lcc_T6W30', 'lsc_T6W30', 'atd_T6W30', 'density_T6W30', 'diameter_T6W30', 'asp_T6W30']",0.030035002537114674,0.05132982888728166,398.0,0.04068241571219817,0.010647413175083494,0.1081831898140399,1.9659423239762661,3.47518287068643,3.510755854630884,398.0,3.492969362658657,0.017786491972227245,0.18071989933294458,1.9659423239762661,completed,32.53972005844116,True,COMPLETE
462,2.9023713451655806,2026-06-14 02:33:54.837862,2026-06-14 02:33:55.676717,0 days 00:00:00.838855,15,,4,12,116,ExtraTreesRegressor,8,True,,,,,,,,,,,,,,,,,,,,,,,,,,,,,,,,,,,,,,,,,,,,,ExtraTreesRegressor,"{'mode': 'original', 'type': 'ExtraTreesRegressor'}",8,"['nodes_T6W30', 're_T6W30', 'l1_T6W30', 'l2_T6W30', 'l3_T6W30', 'atd_T6W30', 'density_T6W30', 'asp_T6W30']",,,,,,,,,,,,,,,pruned,,True,PRUNED
463,2.9226984429686755,2026-06-14 02:33:55.682920,2026-06-14 02:33:58.185754,0 days 00:00:02.502834,18,,5,3,411,ExtraTreesRegressor,11,False,,,,,,,,,,,,,,,,,,,,,,,,,,,,,,,,,,,,,,,,,,,,,ExtraTreesRegressor,"{'mode': 'original', 'type': 'ExtraTreesRegressor'}",11,"['nodes_T6W30', 're_T6W30', 'l1_T6W30', 'l2_T6W30', 'l3_T6W30', 'lcc_T6W30', 'lsc_T6W30', 'atd_T6W30', 'density_T6W30', 'diameter_T6W30', 'asp_T6W30']",,,,,,,,,,,,,,,pruned,,False,PRUNED
464,2.8483697517166737,2026-06-14 02:33:58.191271,2026-06-14 02:34:49.961392,0 days 00:00:51.770121,4,,4,9,437,ExtraTreesRegressor,4,True,-0.013581565195303102,-0.007652948430127338,398.0,-0.01061725681271522,0.002964308382587882,0.030118896594650064,1.9659423239762661,2.8352835777147725,2.861455925718575,398.0,2.8483697517166737,0.013086174001901289,0.13296225315085886,1.9659423239762661,905907167552574.1,1015057217845348.1,398.0,960482192698961.1,54575025146387.05,554510302871879.75,1.9659423239762661,8.411364977503728,8.640263175222659,398.0,8.525814076363194,0.11444909885946429,1.1628616624865928,1.9659423239762661,2.562122731516032,2.603084410646084,398.0,2.582603571081058,0.020480839565026176,0.20809585556416152,1.9659423239762661,399.0,0.6365914786967418,-0.0304985855110259,-0.019869072551233293,398.0,-0.025183829031129597,0.0053147564798963045,0.05400065721367216,1.9659423239762661,ExtraTreesRegressor,"{'mode': 'original', 'type': 'ExtraTreesRegressor'}",4,"['nodes_T6W30', 'l1_T6W30', 'atd_T6W30', 'density_T6W30']",0.05785091924505851,0.07990786992507158,398.0,0.06887939458506505,0.011028475340006538,0.11205497724643616,1.9659423239762661,3.4717739678562687,3.508949182440846,398.0,3.4903615751485573,0.018587607292288384,0.1888596426967058,1.9659423239762661,completed,51.76261615753174,True,COMPLETE
465,2.9572989055718675,2026-06-14 02:34:49.974124,2026-06-14 02:34:51.615323,0 days 00:00:01.641199,18,sqrt,1,6,264,ExtraTreesRegressor,10,False,,,,,,,,,,,,,,,,,,,,,,,,,,,,,,,,,,,,,,,,,,,,,ExtraTreesRegressor,"{'mode': 'original', 'type': 'ExtraTreesRegressor'}",10,"['re_T6W30', 'l1_T6W30', 'l2_T6W30', 'l3_T6W30', 'lcc_T6W30', 'lsc_T6W30', 'atd_T6W30', 'density_T6W30', 'diameter_T6W30', 'asp_T6W30']",,,,,,,,,,,,,,,pruned,,False,PRUNED
466,2.8892409865204733,2026-06-14 02:34:51.620845,2026-06-14 02:35:24.371541,0 days 00:00:32.750696,17,log2,4,11,257,ExtraTreesRegressor,10,False,-0.027865523741707605,-0.02230116452490832,398.0,-0.025083344133307962,0.0027821796083996415,0.02826837464865163,1.9659423239762661,2.876146855362663,2.902335117678284,398.0,2.8892409865204733,0.01309413115781067,0.13304310194426708,1.9659423239762661,924809914089212.6,1036029109928322.1,398.0,980419512008767.4,55609597919554.805,565022093938461.2,1.9659423239762661,8.447581969184531,8.662539767977668,398.0,8.5550608685811,0.10747889939656878,1.0920408537946984,1.9659423239762661,2.5984472193525994,2.6422785949657692,398.0,2.6203629071591843,0.021915687806584767,0.22267465110053905,1.9659423239762661,399.0,0.8320802005012531,-0.048346778401279315,-0.039052579909930794,398.0,-0.043699679155605055,0.0046470992456742605,0.04721691658927455,1.9659423239762661,ExtraTreesRegressor,"{'mode': 'original', 'type': 'ExtraTreesRegressor'}",10,"['nodes_T6W30', 're_T6W30', 'l1_T6W30', 'l2_T6W30', 'l3_T6W30', 'lcc_T6W30', 'atd_T6W30', 'density_T6W30', 'diameter_T6W30', 'asp_T6W30']",-0.007123830173907947,0.014058159119041604,398.0,0.0034671644725668286,0.010590994646474776,0.1076099485685711,1.9659423239762661,3.5037341497554575,3.54071352749572,398.0,3.522223838625589,0.01848968887013119,0.1878647412050165,1.9659423239762661,completed,32.74335980415344,False,COMPLETE
467,2.8501783754826704,2026-06-14 02:35:24.384228,2026-06-14 02:36:08.411521,0 days 00:00:44.027293,4,log2,5,6,377,ExtraTreesRegressor,9,False,-0.013635011350212648,-0.008824180117576895,398.0,-0.011229595733894772,0.002405415616317876,0.024440258861254522,1.9659423239762661,2.837837045501049,2.8625197054642917,398.0,2.8501783754826704,0.012341329981621392,0.12539425511201494,1.9659423239762661,923173001236115.0,1033805344285257.8,398.0,978489172760686.4,55316171524571.44,562040730966728.3,1.9659423239762661,8.269989313817907,8.486608600101276,398.0,8.378298956959592,0.10830964314168498,1.1004816371837611,1.9659423239762661,2.558238124582894,2.596369569216647,398.0,2.5773038468997704,0.019065722316876234,0.19371753706103584,1.9659423239762661,399.0,0.5764411027568922,-0.016510106082061646,-0.00866456094564632,398.0,-0.012587333513853983,0.003922772568207663,0.03985738529775713,1.9659423239762661,ExtraTreesRegressor,"{'mode': 'original', 'type': 'ExtraTreesRegressor'}",9,"['nodes_T6W30', 're_T6W30', 'l1_T6W30', 'l2_T6W30', 'lcc_T6W30', 'atd_T6W30', 'density_T6W30', 'diameter_T6W30', 'asp_T6W30']",0.06270107885193335,0.08445711085764865,398.0,0.073579094854791,0.010878016002857644,0.11052623305642348,1.9659423239762661,3.451704850433424,3.4874291375926574,398.0,3.4695669940130407,0.017862143579616612,0.1814885585431548,1.9659423239762661,completed,44.01977896690369,False,COMPLETE
468,2.949179270163923,2026-06-14 02:36:08.426058,2026-06-14 02:36:11.164500,0 days 00:00:02.738442,7,,2,10,474,ExtraTreesRegressor,13,True,,,,,,,,,,,,,,,,,,,,,,,,,,,,,,,,,,,,,,,,,,,,,ExtraTreesRegressor,"{'mode': 'original', 'type': 'ExtraTreesRegressor'}",13,"['nodes_T6W30', 'edges_T6W30', 're_T6W30', 'pe_T6W30', 'l1_T6W30', 'l2_T6W30', 'l3_T6W30', 'lcc_T6W30', 'lsc_T6W30', 'atd_T6W30', 'density_T6W30', 'diameter_T6W30', 'asp_T6W30']",,,,,,,,,,,,,,,pruned,,True,PRUNED
469,2.8732089958729294,2026-06-14 02:36:11.170966,2026-06-14 02:36:37.484820,0 days 00:00:26.313854,11,log2,5,6,205,ExtraTreesRegressor,13,True,-0.0218216239022452,-0.016973684743296018,398.0,-0.01939765432277061,0.002423969579474592,0.024628776662243307,1.9659423239762661,2.8607688175267794,2.8856491742190795,398.0,2.8732089958729294,0.012440178346150209,0.12639860529611913,1.9659423239762661,929601226017135.8,1040906392553205.0,398.0,985253809285170.4,55652583268034.67,565458847170194.8,1.9659423239762661,8.343629666018877,8.551960258934376,398.0,8.447794962476626,0.10416529645774894,1.058372944998072,1.9659423239762661,2.57410190807235,2.6143790900757335,398.0,2.5942404990740418,0.020138591001692015,0.20461843427112794,1.9659423239762661,399.0,0.7393483709273183,-0.0319794859217556,-0.02420318886947198,398.0,-0.02809133739561379,0.003888148526141809,0.0395055872362613,1.9659423239762661,ExtraTreesRegressor,"{'mode': 'original', 'type': 'ExtraTreesRegressor'}",13,"['nodes_T6W30', 'edges_T6W30', 're_T6W30', 'pe_T6W30', 'l1_T6W30', 'l2_T6W30', 'l3_T6W30', 'lcc_T6W30', 'lsc_T6W30', 'atd_T6W30', 'density_T6W30', 'diameter_T6W30', 'asp_T6W30']",0.007788509102520786,0.028968661739688543,398.0,0.018378585421104664,0.010590076318583878,0.10760061788524936,1.9659423239762661,3.478119159164872,3.514022354412492,398.0,3.496070756788682,0.017951597623810177,0.1823974576046914,1.9659423239762661,completed,26.30663514137268,True,COMPLETE
470,2.937536388775657,2026-06-14 02:36:37.502304,2026-06-14 02:36:39.907269,0 days 00:00:02.404965,13,,3,6,349,ExtraTreesRegressor,9,True,,,,,,,,,,,,,,,,,,,,,,,,,,,,,,,,,,,,,,,,,,,,,ExtraTreesRegressor,"{'mode': 'original', 'type': 'ExtraTreesRegressor'}",9,"['re_T6W30', 'pe_T6W30', 'l1_T6W30', 'l2_T6W30', 'l3_T6W30', 'lsc_T6W30', 'atd_T6W30', 'density_T6W30', 'asp_T6W30']",,,,,,,,,,,,,,,pruned,,True,PRUNED
471,2.9035378298129912,2026-06-14 02:36:39.912832,2026-06-14 02:36:40.815087,0 days 00:00:00.902255,16,log2,2,7,165,ExtraTreesRegressor,13,False,,,,,,,,,,,,,,,,,,,,,,,,,,,,,,,,,,,,,,,,,,,,,ExtraTreesRegressor,"{'mode': 'original', 'type': 'ExtraTreesRegressor'}",13,"['nodes_T6W30', 'edges_T6W30', 're_T6W30', 'pe_T6W30', 'l1_T6W30', 'l2_T6W30', 'l3_T6W30', 'lcc_T6W30', 'lsc_T6W30', 'atd_T6W30', 'density_T6W30', 'diameter_T6W30', 'asp_T6W30']",,,,,,,,,,,,,,,pruned,,False,PRUNED
472,2.8946700838884185,2026-06-14 02:36:40.820992,2026-06-14 02:37:01.223013,0 days 00:00:20.402021,9,sqrt,1,4,142,ExtraTreesRegressor,4,True,-0.03120677039815774,-0.022835914027054063,398.0,-0.027021342212605902,0.004185428185551838,0.042526101354852,1.9659423239762661,2.878954270022238,2.910385897754599,398.0,2.8946700838884185,0.01571581386618035,0.15968074560549553,1.9659423239762661,906684419912569.1,1018011184639161.6,398.0,962347802275865.4,55663382363296.266,565568571527960.8,1.9659423239762661,8.756013002200438,8.979736065174498,398.0,8.867874533687468,0.11186153148702935,1.136570648171132,1.9659423239762661,2.548862336772197,2.597748084358884,398.0,2.5733052105655405,0.02444287379334366,0.2483521595061218,1.9659423239762661,399.0,0.8245614035087719,-0.07828960253742176,-0.06288871599315782,398.0,-0.07058915926528979,0.007700443272131968,0.07824046108314629,1.9659423239762661,ExtraTreesRegressor,"{'mode': 'original', 'type': 'ExtraTreesRegressor'}",4,"['l1_T6W30', 'l3_T6W30', 'atd_T6W30', 'density_T6W30']",0.041462362163482216,0.06427426159262375,398.0,0.052868311878052986,0.011405949714570771,0.11589031088493734,1.9659423239762661,3.5449043241135985,3.5861790971843184,398.0,3.5655417106489584,0.02063738653535979,0.20968645323590834,1.9659423239762661,completed,20.394799947738647,True,COMPLETE
473,2.9592577515976233,2026-06-14 02:37:01.235550,2026-06-14 02:37:03.516874,0 days 00:00:02.281324,19,sqrt,1,6,376,ExtraTreesRegressor,9,True,,,,,,,,,,,,,,,,,,,,,,,,,,,,,,,,,,,,,,,,,,,,,ExtraTreesRegressor,"{'mode': 'original', 'type': 'ExtraTreesRegressor'}",9,"['nodes_T6W30', 're_T6W30', 'l1_T6W30', 'l2_T6W30', 'l3_T6W30', 'atd_T6W30', 'density_T6W30', 'diameter_T6W30', 'asp_T6W30']",,,,,,,,,,,,,,,pruned,,True,PRUNED
474,3.0767083211922075,2026-06-14 02:37:03.522571,2026-06-14 02:37:04.166006,0 days 00:00:00.643435,20,,1,4,66,ExtraTreesRegressor,11,True,,,,,,,,,,,,,,,,,,,,,,,,,,,,,,,,,,,,,,,,,,,,,ExtraTreesRegressor,"{'mode': 'original', 'type': 'ExtraTreesRegressor'}",11,"['nodes_T6W30', 're_T6W30', 'pe_T6W30', 'l1_T6W30', 'l2_T6W30', 'l3_T6W30', 'lsc_T6W30', 'atd_T6W30', 'density_T6W30', 'diameter_T6W30', 'asp_T6W30']",,,,,,,,,,,,,,,pruned,,True,PRUNED
475,2.873064573370824,2026-06-14 02:37:04.171601,2026-06-14 02:37:46.902895,0 days 00:00:42.731294,11,log2,5,11,354,ExtraTreesRegressor,13,False,-0.0217943104339954,-0.01690814904577674,398.0,-0.01935122973988607,0.0024430806941093276,0.02482295540858197,1.9659423239762661,2.8606199073461696,2.8855092393954784,398.0,2.873064573370824,0.012444666024654574,0.12644420241604665,1.9659423239762661,929570045884229.0,1040894256042081.8,398.0,985232150963155.4,55662105078926.32,565555593662335.8,1.9659423239762661,8.338633950160315,8.548176219678407,398.0,8.44340508491936,0.10477113475904638,1.0645285734937573,1.9659423239762661,2.571901171392609,2.6115448053106194,398.0,2.591722988351614,0.019821816959005176,0.20139984719982432,1.9659423239762661,399.0,0.7418546365914787,-0.03202199172433594,-0.024175461783466735,398.0,-0.028098726753901335,0.0039232649704346,0.039862388357439854,1.9659423239762661,ExtraTreesRegressor,"{'mode': 'original', 'type': 'ExtraTreesRegressor'}",13,"['nodes_T6W30', 'edges_T6W30', 're_T6W30', 'pe_T6W30', 'l1_T6W30', 'l2_T6W30', 'l3_T6W30', 'lcc_T6W30', 'lsc_T6W30', 'atd_T6W30', 'density_T6W30', 'diameter_T6W30', 'asp_T6W30']",0.008937630451481729,0.02963619520740865,398.0,0.01928691282944519,0.01034928237796346,0.10515402769889592,1.9659423239762661,3.4781240865847955,3.5139467565909888,398.0,3.496035421587892,0.017911335003096825,0.18198836868633925,1.9659423239762661,completed,42.723877906799316,False,COMPLETE
476,2.8406849618307857,2026-06-14 02:37:46.915541,2026-06-14 02:38:32.387969,0 days 00:00:45.472428,6,sqrt,5,7,390,ExtraTreesRegressor,6,False,-0.010171629057213529,-0.0055640149550514936,398.0,-0.007867822006132511,0.0023038070510810176,0.023407863619424804,1.9659423239762661,2.8285766895871425,2.852793234074429,398.0,2.8406849618307857,0.012108272243642972,0.12302626872032009,1.9659423239762661,922592212444200.9,1033083856445524.9,398.0,977838034444862.9,55245822000661.99,561325943649539.1,1.9659423239762661,8.280980617643767,8.49242397957844,398.0,8.386702298611104,0.10572168096733726,1.0741866114779686,1.9659423239762661,2.562922084028512,2.600251833292394,398.0,2.581586958660453,0.018664874631941105,0.18964471857707435,1.9659423239762661,399.0,0.556390977443609,-0.012879032952033685,-0.005319533197461814,398.0,-0.00909928307474775,0.0037797498772859355,0.038404201255279255,1.9659423239762661,ExtraTreesRegressor,"{'mode': 'original', 'type': 'ExtraTreesRegressor'}",6,"['nodes_T6W30', 'l1_T6W30', 'lcc_T6W30', 'atd_T6W30', 'density_T6W30', 'asp_T6W30']",0.06581902925152658,0.08761906470069078,398.0,0.07671904697610868,0.0109000177245821,0.11074978185634443,1.9659423239762661,3.445917607047746,3.4812377679615167,398.0,3.4635776875046314,0.01766008045688521,0.17943549337122885,1.9659423239762661,completed,45.46501016616821,False,COMPLETE
