number,value,datetime_start,datetime_complete,duration,params_et_max_depth,params_et_max_features,params_et_min_samples_leaf,params_et_min_samples_split,params_et_n_estimators,params_regressor,params_rfe_n_features,params_use_scaler,user_attrs_d2mae_ci_lower_val,user_attrs_d2mae_ci_upper_val,user_attrs_d2mae_df_val,user_attrs_d2mae_mean_val,user_attrs_d2mae_samperror_val,user_attrs_d2mae_std_val,user_attrs_d2mae_t_critical_val,user_attrs_mae_ci_lower_val,user_attrs_mae_ci_upper_val,user_attrs_mae_df_val,user_attrs_mae_mean_val,user_attrs_mae_samperror_val,user_attrs_mae_std_val,user_attrs_mae_t_critical_val,user_attrs_mape_ci_lower_val,user_attrs_mape_ci_upper_val,user_attrs_mape_df_val,user_attrs_mape_mean_val,user_attrs_mape_samperror_val,user_attrs_mape_std_val,user_attrs_mape_t_critical_val,user_attrs_max_error_ci_lower_val,user_attrs_max_error_ci_upper_val,user_attrs_max_error_df_val,user_attrs_max_error_mean_val,user_attrs_max_error_samperror_val,user_attrs_max_error_std_val,user_attrs_max_error_t_critical_val,user_attrs_median_ae_ci_lower_val,user_attrs_median_ae_ci_upper_val,user_attrs_median_ae_df_val,user_attrs_median_ae_mean_val,user_attrs_median_ae_samperror_val,user_attrs_median_ae_std_val,user_attrs_median_ae_t_critical_val,user_attrs_n_splits_val,user_attrs_r2_below_zero_val,user_attrs_r2_ci_lower_val,user_attrs_r2_ci_upper_val,user_attrs_r2_df_val,user_attrs_r2_mean_val,user_attrs_r2_samperror_val,user_attrs_r2_std_val,user_attrs_r2_t_critical_val,user_attrs_regressor_final,user_attrs_rfe_estimator,user_attrs_rfe_n_features,user_attrs_rfe_selected_features,user_attrs_rho_ci_lower_val,user_attrs_rho_ci_upper_val,user_attrs_rho_df_val,user_attrs_rho_mean_val,user_attrs_rho_samperror_val,user_attrs_rho_std_val,user_attrs_rho_t_critical_val,user_attrs_rmse_ci_lower_val,user_attrs_rmse_ci_upper_val,user_attrs_rmse_df_val,user_attrs_rmse_mean_val,user_attrs_rmse_samperror_val,user_attrs_rmse_std_val,user_attrs_rmse_t_critical_val,user_attrs_termination_reason,user_attrs_trial_time_seconds,user_attrs_use_scaler_final,state
128,2.8399773092953584,2026-06-14 00:04:20.297519,2026-06-14 00:04:56.527826,0 days 00:00:36.230307,2,log2,3,5,302,ExtraTreesRegressor,2,False,-0.0090460209128258,-0.006133041619556553,398.0,-0.007589531266191176,0.0014564896466346226,0.014798683333975314,1.9659423239762661,2.8287817587667146,2.8511728598240023,398.0,2.8399773092953584,0.01119555052864403,0.11375254702684853,1.9659423239762661,937403004057965.1,1048995389750178.9,398.0,993199196904072.0,55796192846106.875,566917994287736.6,1.9659423239762661,8.156355104855981,8.34453061208175,398.0,8.250442858468865,0.0940877536128847,0.9559799306087795,1.9659423239762661,2.531749417620888,2.558842833120598,398.0,2.545296125370743,0.013546707749855143,0.13764151270915737,1.9659423239762661,399.0,0.2907268170426065,0.004491084845422538,0.008362385203425237,398.0,0.006426735024423888,0.0019356501790013497,0.019667200594649718,1.9659423239762661,ExtraTreesRegressor,"{'mode': 'original', 'type': 'ExtraTreesRegressor'}",2,"['nodes_T6W30', 'density_T6W30']",0.13258508421584542,0.1570796713133673,398.0,0.14483237776460636,0.012247293548760946,0.12443879662662588,1.9659423239762661,3.4204886899035283,3.454355275535599,398.0,3.4374219827195636,0.016933292816035155,0.17205095742698878,1.9659423239762661,completed,36.22190594673157,False,COMPLETE
129,2.9673232671987653,2026-06-14 00:04:56.540985,2026-06-14 00:04:58.727811,0 days 00:00:02.186826,15,,2,10,305,ExtraTreesRegressor,10,True,,,,,,,,,,,,,,,,,,,,,,,,,,,,,,,,,,,,,,,,,,,,,ExtraTreesRegressor,"{'mode': 'original', 'type': 'ExtraTreesRegressor'}",10,"['nodes_T6W30', 're_T6W30', 'l1_T6W30', 'l2_T6W30', 'l3_T6W30', 'lsc_T6W30', 'atd_T6W30', 'density_T6W30', 'diameter_T6W30', 'asp_T6W30']",,,,,,,,,,,,,,,pruned,,True,PRUNED
130,2.8767916369550477,2026-06-14 00:04:58.733781,2026-06-14 00:05:11.319293,0 days 00:00:12.585512,12,log2,5,9,73,ExtraTreesRegressor,11,False,-0.023303770682850406,-0.01800058752762344,398.0,-0.020652179105236923,0.0026515915776134822,0.026941533143614426,1.9659423239762661,2.8638769424144637,2.8897063314956317,398.0,2.8767916369550477,0.012914694540584207,0.13121993369656287,1.9659423239762661,926406079532835.9,1037700798803275.9,398.0,982053439168055.9,55647359635219.95,565405772376249.9,1.9659423239762661,8.386341720981848,8.598810233540616,398.0,8.492575977261232,0.10623425627938388,1.0793946400728291,1.9659423239762661,2.575878610766533,2.6158860383465763,398.0,2.5958823245565545,0.020003713790021745,0.20324801248399754,1.9659423239762661,399.0,0.7293233082706767,-0.036995656177622446,-0.02826303266211759,398.0,-0.03262934441987002,0.004366311757752429,0.044363971408717416,1.9659423239762661,ExtraTreesRegressor,"{'mode': 'original', 'type': 'ExtraTreesRegressor'}",11,"['nodes_T6W30', 're_T6W30', 'pe_T6W30', 'l1_T6W30', 'l2_T6W30', 'l3_T6W30', 'lcc_T6W30', 'atd_T6W30', 'density_T6W30', 'diameter_T6W30', 'asp_T6W30']",0.007377325267680583,0.029176336149876476,398.0,0.01827683070877853,0.010899505441097947,0.11074457679287095,1.9659423239762661,3.4853411550025273,3.5218605618237575,398.0,3.5036008584131424,0.01825970341061497,0.18552797074141353,1.9659423239762661,completed,12.577383756637573,False,COMPLETE
131,2.834592369894332,2026-06-14 00:05:11.332276,2026-06-14 00:05:47.304594,0 days 00:00:35.972318,17,log2,4,6,296,ExtraTreesRegressor,2,False,-0.007359524100382698,-0.004001393612074295,398.0,-0.005680458856228496,0.0016790652441542012,0.017060165791590667,1.9659423239762661,2.8231765792163017,2.846008160572362,398.0,2.834592369894332,0.011415790678030007,0.11599030013118497,1.9659423239762661,932847064884661.0,1044637917656770.2,398.0,988742491270715.6,55895426386054.68,567926258052048.4,1.9659423239762661,8.22921939850043,8.430941433341392,398.0,8.33008041592091,0.1008610174204804,1.0247997718329787,1.9659423239762661,2.527891843397517,2.557064671465089,398.0,2.542478257431303,0.01458641403378574,0.14820546288332084,1.9659423239762661,399.0,0.37092731829573933,0.00028103012179617973,0.005339925151102242,398.0,0.002810477636449211,0.0025294475146530313,0.0257004866912394,1.9659423239762661,ExtraTreesRegressor,"{'mode': 'original', 'type': 'ExtraTreesRegressor'}",2,"['atd_T6W30', 'density_T6W30']",0.0977736666297904,0.12059882418294796,398.0,0.10918624540636918,0.011412578776578778,0.11595766556176905,1.9659423239762661,3.426322986353615,3.460863943944011,398.0,3.443593465148813,0.017270478795197858,0.17547694026305968,1.9659423239762661,completed,35.96334528923035,False,COMPLETE
132,2.8606952976021858,2026-06-14 00:05:47.319159,2026-06-14 00:06:41.391898,0 days 00:00:54.072739,6,log2,2,12,443,ExtraTreesRegressor,7,True,-0.017748619268131923,-0.012200773395931386,398.0,-0.014974696332031655,0.0027739229361002675,0.02818448261479257,1.9659423239762661,2.847813854640785,2.8735767405635864,398.0,2.8606952976021858,0.012881442961400534,0.13088208056329084,1.9659423239762661,919401139033580.4,1029795872945692.6,398.0,974598505989636.5,55197366956056.07,560833615494159.8,1.9659423239762661,8.367385511518997,8.582743823042147,398.0,8.475064667280572,0.10767915576157493,1.0940755613796005,1.9659423239762661,2.573010988081864,2.6140536870334308,398.0,2.5935323375576473,0.020521349475783334,0.20850745707644688,1.9659423239762661,399.0,0.6892230576441103,-0.03282455603043819,-0.02315812568965852,398.0,-0.027991340860048355,0.004833215170389834,0.04910795003372079,1.9659423239762661,ExtraTreesRegressor,"{'mode': 'original', 'type': 'ExtraTreesRegressor'}",7,"['nodes_T6W30', 'l1_T6W30', 'lcc_T6W30', 'atd_T6W30', 'density_T6W30', 'diameter_T6W30', 'asp_T6W30']",0.04005247509125447,0.061714749630537406,398.0,0.05088361236089594,0.010831137269641465,0.11004992103486733,1.9659423239762661,3.477184479855078,3.5133721269918836,398.0,3.495278303423481,0.01809382356840292,0.18384254629500016,1.9659423239762661,completed,54.06386613845825,True,COMPLETE
133,2.8407181499235032,2026-06-14 00:06:41.404400,2026-06-14 00:07:01.994455,0 days 00:00:20.590055,20,log2,4,12,153,ExtraTreesRegressor,2,False,-0.009516063861042413,-0.0062033342218024284,398.0,-0.00785969904142242,0.0016563648196199925,0.016829517812042873,1.9659423239762661,2.82935042494434,2.8520858749026665,398.0,2.8407181499235032,0.011367724979163447,0.11550192792861147,1.9659423239762661,932836440124770.1,1044263676746520.4,398.0,988550058435645.2,55713618310875.07,566078994572792.4,1.9659423239762661,8.240488618098908,8.445466906637051,398.0,8.34297776236798,0.1024891442690708,1.0413423773472057,1.9659423239762661,2.5381006636055243,2.567659199506208,398.0,2.552879931555866,0.014779267950341629,0.15016495778767663,1.9659423239762661,399.0,0.42857142857142855,-0.0034385248139829202,0.0016247396630162019,398.0,-0.0009068925754833593,0.002531632238499561,0.02572268460830093,1.9659423239762661,ExtraTreesRegressor,"{'mode': 'original', 'type': 'ExtraTreesRegressor'}",2,"['nodes_T6W30', 'density_T6W30']",0.08509809554555511,0.10737104213649795,398.0,0.09623456884102653,0.011136473295471416,0.11315229197663997,1.9659423239762661,3.432723617465881,3.4672510635091194,398.0,3.4499873404875,0.01726372302161924,0.17540829813155054,1.9659423239762661,completed,20.581813097000122,False,COMPLETE
134,2.868056063921773,2026-06-14 00:07:02.008057,2026-06-14 00:07:57.517522,0 days 00:00:55.509465,15,,3,10,441,ExtraTreesRegressor,2,False,-0.021411553624949026,-0.013838096368629985,398.0,-0.017624824996789506,0.00378672862815952,0.03847510895069852,1.9659423239762661,2.853490860999611,2.882621266843935,398.0,2.868056063921773,0.0145652029221621,0.14798994708833724,1.9659423239762661,906039831167000.0,1015109733692554.2,398.0,960574782429777.1,54534951262777.086,554103131619494.44,1.9659423239762661,8.551534430788891,8.757053044829426,398.0,8.654293737809159,0.10275930702026723,1.0440873697423316,1.9659423239762661,2.6139882449795615,2.6610782865720517,398.0,2.6375332657758066,0.02354502079624492,0.23922951162789893,1.9659423239762661,399.0,0.7368421052631579,-0.05129911966486026,-0.03829900832253307,398.0,-0.04479906399369667,0.006500055671163594,0.06604390614998401,1.9659423239762661,ExtraTreesRegressor,"{'mode': 'original', 'type': 'ExtraTreesRegressor'}",2,"['l1_T6W30', 'density_T6W30']",0.055202824443068385,0.07765154681328963,398.0,0.06642718562817901,0.011224361185110623,0.11404527810302077,1.9659423239762661,3.503715973693257,3.5415708749645094,398.0,3.522643424328883,0.018927450635626383,0.19231262571847946,1.9659423239762661,completed,55.50076103210449,False,COMPLETE
135,2.8772461840025407,2026-06-14 00:07:57.532600,2026-06-14 00:08:30.279354,0 days 00:00:32.746754,15,sqrt,5,7,247,ExtraTreesRegressor,9,True,-0.023560437998743848,-0.01811805204068044,398.0,-0.020839245019712144,0.0027211929790317024,0.027648719151815094,1.9659423239762661,2.8643523928111607,2.8901399751939207,398.0,2.8772461840025407,0.01289379119138009,0.13100754492592795,1.9659423239762661,925144328713145.5,1036196559936910.8,398.0,980670444325028.1,55526115611882.69,564173870788997.9,1.9659423239762661,8.398394621846464,8.609746310995781,398.0,8.504070466421123,0.10567584457465837,1.0737208901719544,1.9659423239762661,2.5945851196360756,2.6390410423946955,398.0,2.6168130810153856,0.02222796137931014,0.22584751108413714,1.9659423239762661,399.0,0.7669172932330827,-0.04019646429940529,-0.03114117798020588,398.0,-0.03566882113980559,0.004527643159599708,0.04600318136347457,1.9659423239762661,ExtraTreesRegressor,"{'mode': 'original', 'type': 'ExtraTreesRegressor'}",9,"['nodes_T6W30', 're_T6W30', 'l1_T6W30', 'l3_T6W30', 'lcc_T6W30', 'atd_T6W30', 'density_T6W30', 'diameter_T6W30', 'asp_T6W30']",0.006731868592027988,0.028162267230124074,398.0,0.01744706791107603,0.010715199319048043,0.10887193187360793,1.9659423239762661,3.49034823570114,3.526925271076849,398.0,3.5086367533889944,0.018288517687854514,0.18582073860649972,1.9659423239762661,completed,32.73847484588623,True,COMPLETE
136,2.9092813669731425,2026-06-14 00:08:30.292329,2026-06-14 00:09:14.659155,0 days 00:00:44.366826,13,log2,1,10,330,ExtraTreesRegressor,4,True,-0.03593765730940031,-0.028348116453997887,398.0,-0.0321428868816991,0.0037947704277012093,0.038556817766911354,1.9659423239762661,2.8939962635731202,2.924566470373165,398.0,2.9092813669731425,0.015285103400022492,0.15530450591712788,1.9659423239762661,911391331510044.9,1023244079849446.1,398.0,967317705679745.5,55926374169700.63,568240703438682.6,1.9659423239762661,8.770845665833706,9.00872691717563,398.0,8.889786291504668,0.11894062567096232,1.2084978831923165,1.9659423239762661,2.5665405920768802,2.619584868855339,398.0,2.5930627304661096,0.026522138389229247,0.26947855638313034,1.9659423239762661,399.0,0.8395989974937343,-0.08121947300072861,-0.06699373713810676,398.0,-0.07410660506941769,0.00711286793131093,0.07227039365166493,1.9659423239762661,ExtraTreesRegressor,"{'mode': 'original', 'type': 'ExtraTreesRegressor'}",4,"['l3_T6W30', 'atd_T6W30', 'density_T6W30', 'asp_T6W30']",0.009699399610707348,0.03277018755418838,398.0,0.021234793582447866,0.011535393971740518,0.11720553106221973,1.9659423239762661,3.551404512863309,3.5927692246977987,398.0,3.572086868780554,0.020682355917244842,0.21014336526667984,1.9659423239762661,completed,44.35760498046875,True,COMPLETE
137,2.8767818193988743,2026-06-14 00:09:14.699444,2026-06-14 00:10:09.289825,0 days 00:00:54.590381,11,log2,5,4,435,ExtraTreesRegressor,9,True,-0.02338513511420501,-0.017941893960679318,398.0,-0.020663514537442165,0.0027216205767628455,0.027653063764516005,1.9659423239762661,2.8638247368330023,2.8897389019647464,398.0,2.8767818193988743,0.012957082565872207,0.13165061781768866,1.9659423239762661,924623674465108.5,1035633116492144.5,398.0,980128395478626.5,55504721013517.945,563956490674426.6,1.9659423239762661,8.397311904497286,8.608769911752457,398.0,8.503040908124872,0.10572900362758482,1.0742610134693704,1.9659423239762661,2.5918319477370995,2.636587433707975,398.0,2.614209690722537,0.022377742985437526,0.22736936917866943,1.9659423239762661,399.0,0.7644110275689223,-0.04002167846913757,-0.030976733376566448,398.0,-0.03549920592285201,0.0045224725462855615,0.04595064527490346,1.9659423239762661,ExtraTreesRegressor,"{'mode': 'original', 'type': 'ExtraTreesRegressor'}",9,"['nodes_T6W30', 're_T6W30', 'l1_T6W30', 'l3_T6W30', 'lcc_T6W30', 'atd_T6W30', 'density_T6W30', 'diameter_T6W30', 'asp_T6W30']",0.008797754200836408,0.030032425401105525,398.0,0.019415089800970967,0.010617335600134559,0.10787758619498798,1.9659423239762661,3.4900542298173787,3.526682898205841,398.0,3.50836856401161,0.01831433419423092,0.18608304757899172,1.9659423239762661,completed,54.58191990852356,True,COMPLETE
138,2.9248460164012178,2026-06-14 00:10:09.310681,2026-06-14 00:11:15.265410,0 days 00:01:05.954729,6,,2,9,487,ExtraTreesRegressor,7,False,-0.0413579430383381,-0.03415902876208079,398.0,-0.03775848590020944,0.0035994571381286543,0.036572334368776806,1.9659423239762661,2.910415741204739,2.9392762915976967,398.0,2.9248460164012178,0.014430275196478678,0.14661901205287292,1.9659423239762661,916716083886848.6,1027756646540481.9,398.0,972236365213665.2,55520281326816.664,564114591454351.2,1.9659423239762661,8.614602954554645,8.842062998859074,398.0,8.72833297670686,0.11373002215221402,1.155555473590556,1.9659423239762661,2.620475846268541,2.665369769888373,398.0,2.642922808078457,0.02244696180991631,0.22807266800855017,1.9659423239762661,399.0,0.8922305764411027,-0.08139873552440641,-0.06842546549129411,398.0,-0.07491210050785026,0.00648663501655615,0.06590754540198342,1.9659423239762661,ExtraTreesRegressor,"{'mode': 'original', 'type': 'ExtraTreesRegressor'}",7,"['nodes_T6W30', 'l1_T6W30', 'l2_T6W30', 'l3_T6W30', 'atd_T6W30', 'density_T6W30', 'asp_T6W30']",-0.014494783026836806,0.006894857473870896,398.0,-0.0037999627764829552,0.010694820250353851,0.10866487006239386,1.9659423239762661,3.5540061213131535,3.592605332906187,398.0,3.57330572710967,0.01929960579651677,0.19609391341238583,1.9659423239762661,completed,65.945974111557,False,COMPLETE
139,2.9603337576171938,2026-06-14 00:11:15.278730,2026-06-14 00:11:36.827318,0 days 00:00:21.548588,11,,5,5,126,ExtraTreesRegressor,10,True,-0.05403067533679855,-0.046637133706716044,398.0,-0.050333904521757296,0.0036967708150412552,0.0375610913379883,1.9659423239762661,2.9455180168861674,2.97514949834822,398.0,2.9603337576171938,0.014815740731026136,0.1505355399836481,1.9659423239762661,932478884926477.5,1046058522893211.5,398.0,989268703909844.5,56789818983366.96,577013746490060.2,1.9659423239762661,8.685034836868658,8.9037164052337,398.0,8.794375621051179,0.10934078418252127,1.1109585600862073,1.9659423239762661,2.6504270973461472,2.703219880850512,398.0,2.6768234890983296,0.026396391752182207,0.2682009059265883,1.9659423239762661,399.0,0.9548872180451128,-0.10737760077278133,-0.09441349681254421,398.0,-0.10089554879266277,0.006482051980118552,0.06586097939644758,1.9659423239762661,ExtraTreesRegressor,"{'mode': 'original', 'type': 'ExtraTreesRegressor'}",10,"['nodes_T6W30', 're_T6W30', 'l1_T6W30', 'l2_T6W30', 'l3_T6W30', 'lcc_T6W30', 'atd_T6W30', 'density_T6W30', 'diameter_T6W30', 'asp_T6W30']",-0.05269945831068402,-0.0308610602910449,398.0,-0.04178025930086446,0.010919199009819558,0.11094467357206907,1.9659423239762661,3.5968287997856008,3.635984158544021,398.0,3.616406479164811,0.0195776793792101,0.19891928392108188,1.9659423239762661,completed,21.540199995040894,True,COMPLETE
140,2.917076337353783,2026-06-14 00:11:36.839835,2026-06-14 00:11:48.777777,0 days 00:00:11.937942,15,sqrt,3,9,66,ExtraTreesRegressor,12,False,-0.03804331003165991,-0.03193761700905173,398.0,-0.03499046352035582,0.00305284651130409,0.031018489484226294,1.9659423239762661,2.9036461846931063,2.9305064900144595,398.0,2.917076337353783,0.013430152660676415,0.13645725310270929,1.9659423239762661,931025867862702.0,1042947104615146.0,398.0,986986486238924.0,55960618376222.02,568588642175840.2,1.9659423239762661,8.507500397050846,8.725537877119715,398.0,8.61651913708528,0.10901874003443482,1.107686426035613,1.9659423239762661,2.606289265991706,2.650618419861972,398.0,2.628453842926839,0.02216457693513321,0.225203492556548,1.9659423239762661,399.0,0.8972431077694235,-0.068118002516622,-0.05778436453588048,398.0,-0.06295118352625124,0.005166818990370767,0.05249753629154938,1.9659423239762661,ExtraTreesRegressor,"{'mode': 'original', 'type': 'ExtraTreesRegressor'}",12,"['nodes_T6W30', 're_T6W30', 'pe_T6W30', 'l1_T6W30', 'l2_T6W30', 'l3_T6W30', 'lcc_T6W30', 'lsc_T6W30', 'atd_T6W30', 'density_T6W30', 'diameter_T6W30', 'asp_T6W30']",-0.030356420806487854,-0.008493180397837845,398.0,-0.01942480060216285,0.010931620204325004,0.1110708792917874,1.9659423239762661,3.535613201492558,3.5727495425828457,398.0,3.554181372037702,0.01856817054514409,0.18866215535671987,1.9659423239762661,completed,11.929888725280762,False,COMPLETE
141,2.8787721391170322,2026-06-14 00:11:48.790166,2026-06-14 00:12:13.289679,0 days 00:00:24.499513,3,,5,7,171,ExtraTreesRegressor,13,True,-0.024196948284184422,-0.018598895762044182,398.0,-0.021397922023114302,0.0027990262610701187,0.02843954529767335,1.9659423239762661,2.8658584382595236,2.891685839974541,398.0,2.8787721391170322,0.012913700857508677,0.13120983736583847,1.9659423239762661,920330668381116.8,1030929450127427.2,398.0,975630059254272.0,55299390873155.31,561870230924370.5,1.9659423239762661,8.372097032394002,8.598281747457861,398.0,8.485189389925932,0.1130923575319288,1.1490764733376637,1.9659423239762661,2.5507853082469127,2.5906606244817736,398.0,2.570722966364343,0.019937658117430604,0.20257685290291316,1.9659423239762661,399.0,0.7543859649122807,-0.04041351378064999,-0.030877241252396815,398.0,-0.0356453775165234,0.004768136264126584,0.048446714900510876,1.9659423239762661,ExtraTreesRegressor,"{'mode': 'original', 'type': 'ExtraTreesRegressor'}",13,"['nodes_T6W30', 'edges_T6W30', 're_T6W30', 'pe_T6W30', 'l1_T6W30', 'l2_T6W30', 'l3_T6W30', 'lcc_T6W30', 'lsc_T6W30', 'atd_T6W30', 'density_T6W30', 'diameter_T6W30', 'asp_T6W30']",0.019012253691029504,0.04080252114515547,398.0,0.02990738741809249,0.010895133727062982,0.1107001579315494,1.9659423239762661,3.490143671166301,3.5266812723703618,398.0,3.5084124717683314,0.018268800602030212,0.18562040288145223,1.9659423239762661,completed,24.491820096969604,True,COMPLETE
142,2.8565724624823,2026-06-14 00:12:13.301763,2026-06-14 00:12:24.428546,0 days 00:00:11.126783,4,log2,5,12,68,ExtraTreesRegressor,12,False,-0.01575449432034524,-0.0112362622742518,398.0,-0.013495378297298521,0.0022591160230467206,0.02295377980682954,1.9659423239762661,2.8444168203618774,2.8687281046027224,398.0,2.8565724624823,0.012155642120422477,0.12350757101288981,1.9659423239762661,925237100976536.1,1035786188345648.1,398.0,980511644661092.1,55274543684555.945,561617770718648.25,1.9659423239762661,8.260846088334212,8.469383280577713,398.0,8.365114684455962,0.10426859612175016,1.0594225226724432,1.9659423239762661,2.5559940769371376,2.591250030280012,398.0,2.5736220536085748,0.017627976671436913,0.17910930241218637,1.9659423239762661,399.0,0.5914786967418546,-0.016881500838307157,-0.009922928845917951,398.0,-0.013402214842112554,0.0034792859961946033,0.03535133380796036,1.9659423239762661,ExtraTreesRegressor,"{'mode': 'original', 'type': 'ExtraTreesRegressor'}",12,"['nodes_T6W30', 're_T6W30', 'pe_T6W30', 'l1_T6W30', 'l2_T6W30', 'l3_T6W30', 'lcc_T6W30', 'lsc_T6W30', 'atd_T6W30', 'density_T6W30', 'diameter_T6W30', 'asp_T6W30']",0.04776804461899468,0.06892096963158449,398.0,0.05834450712528959,0.010576462506294909,0.10746229455593619,1.9659423239762661,3.453480934287399,3.488753945346288,398.0,3.4711174398168434,0.017636505529444308,0.1791959599927215,1.9659423239762661,completed,11.118758201599121,False,COMPLETE
