number,value,datetime_start,datetime_complete,duration,params_dt_max_depth,params_dt_min_samples_leaf,params_dt_min_samples_split,params_elastic_alpha,params_elastic_l1_ratio,params_et_max_depth,params_et_max_features,params_et_min_samples_leaf,params_et_min_samples_split,params_et_n_estimators,params_knn_metric,params_knn_n_neighbors,params_knn_weights,params_quantile_alpha,params_regressor,params_rf_max_depth,params_rf_max_features,params_rf_min_samples_leaf,params_rf_min_samples_split,params_rf_n_estimators,params_rfe_n_features,params_rfe_proxy_et_max_depth,params_rfe_proxy_et_min_samples_leaf,params_rfe_proxy_et_min_samples_split,params_rfe_proxy_et_n_estimators,params_rfe_proxy_lsvr_C,params_rfe_proxy_lsvr_epsilon,params_rfe_proxy_type,params_use_scaler,params_xgb_booster,params_xgb_colsample_bytree,params_xgb_learning_rate,params_xgb_max_depth,params_xgb_n_estimators,params_xgb_reg_alpha,params_xgb_reg_lambda,params_xgb_subsample,user_attrs_d2mae_ci_lower_val,user_attrs_d2mae_ci_upper_val,user_attrs_d2mae_df_val,user_attrs_d2mae_mean_val,user_attrs_d2mae_samperror_val,user_attrs_d2mae_std_val,user_attrs_d2mae_t_critical_val,user_attrs_mae_ci_lower_val,user_attrs_mae_ci_upper_val,user_attrs_mae_df_val,user_attrs_mae_mean_val,user_attrs_mae_samperror_val,user_attrs_mae_std_val,user_attrs_mae_t_critical_val,user_attrs_mape_ci_lower_val,user_attrs_mape_ci_upper_val,user_attrs_mape_df_val,user_attrs_mape_mean_val,user_attrs_mape_samperror_val,user_attrs_mape_std_val,user_attrs_mape_t_critical_val,user_attrs_max_error_ci_lower_val,user_attrs_max_error_ci_upper_val,user_attrs_max_error_df_val,user_attrs_max_error_mean_val,user_attrs_max_error_samperror_val,user_attrs_max_error_std_val,user_attrs_max_error_t_critical_val,user_attrs_median_ae_ci_lower_val,user_attrs_median_ae_ci_upper_val,user_attrs_median_ae_df_val,user_attrs_median_ae_mean_val,user_attrs_median_ae_samperror_val,user_attrs_median_ae_std_val,user_attrs_median_ae_t_critical_val,user_attrs_n_splits_val,user_attrs_r2_below_zero_val,user_attrs_r2_ci_lower_val,user_attrs_r2_ci_upper_val,user_attrs_r2_df_val,user_attrs_r2_mean_val,user_attrs_r2_samperror_val,user_attrs_r2_std_val,user_attrs_r2_t_critical_val,user_attrs_regressor_final,user_attrs_rfe_estimator,user_attrs_rfe_n_features,user_attrs_rfe_selected_features,user_attrs_rho_ci_lower_val,user_attrs_rho_ci_upper_val,user_attrs_rho_df_val,user_attrs_rho_mean_val,user_attrs_rho_samperror_val,user_attrs_rho_std_val,user_attrs_rho_t_critical_val,user_attrs_rmse_ci_lower_val,user_attrs_rmse_ci_upper_val,user_attrs_rmse_df_val,user_attrs_rmse_mean_val,user_attrs_rmse_samperror_val,user_attrs_rmse_std_val,user_attrs_rmse_t_critical_val,user_attrs_termination_reason,user_attrs_use_scaler_final,state
99,1.7927676411689837,2026-06-13 06:47:43.179415,2026-06-13 06:47:45.676219,0 days 00:00:02.496804,,,,,,,,,,,,,,0.00048105946370578004,QuantileRegressor,,,,,,7,,,,,,,,False,,,,,,,,,-0.04467306561511133,-0.02312355608056369,98.0,-0.03389831084783751,0.010774754767273818,0.05402328774395273,1.9844674545084815,1.763731857088719,1.8218034252492483,98.0,1.7927676411689837,0.02903578408026454,0.14558183013164722,1.9844674545084815,0.271284832862967,0.29218577263269563,98.0,0.2817353027478313,0.010450469884864333,0.052397363452234114,1.9844674545084815,5.765720605950538,6.083170966919571,98.0,5.924445786435054,0.15872518048451661,0.7958284232667917,1.9844674545084815,1.4897672505859527,1.5583362218040893,98.0,1.524051736195021,0.03428448560906837,0.17189817041940272,1.9844674545084815,99.0,0.5353535353535354,-0.0446883227718574,-0.007726915665181883,98.0,-0.02620761921851964,0.01848070355333776,0.09265996185872018,1.9844674545084815,QuantileRegressor,"{'mode': 'original', 'type': 'QuantileRegressor'}",7,"['z_pe_T6W50', 'z_l2_T6W50', 'z_l3_T6W50', 'z_lsc_T6W50', 'z_density_T6W50', 'z_diameter_T6W50', 'z_asp_T6W50']",0.08223560314860164,0.1332210333496961,97.0,0.10772831824914886,0.025492715100547226,0.12715375415409333,1.9847231860139845,2.2293399760886854,2.3125248871082573,98.0,2.2709324315984714,0.041592455509785846,0.20853942762645625,1.9844674545084815,completed,False,COMPLETE
100,1.7541667239116137,2026-06-13 06:47:45.688955,2026-06-13 06:47:52.041917,0 days 00:00:06.352962,,,,,,3.0,,1.0,11.0,85.0,,,,,ExtraTreesRegressor,,,,,,2,,,,,,,,True,,,,,,,,,-0.016767682301966545,-0.0062471034312606595,98.0,-0.011507392866613602,0.0052602894353529425,0.026374440617960175,1.9844674545084815,1.7293150386359089,1.7790184091873185,98.0,1.7541667239116137,0.02485168527570482,0.12460327622948265,1.9844674545084815,0.2658571542774982,0.2868927727027289,98.0,0.27637496349011353,0.010517809212615371,0.052734994512815464,1.9844674545084815,5.742768132050859,6.044605715982128,98.0,5.893686924016493,0.1509187919656339,0.7566881567544066,1.9844674545084815,1.3380324355915654,1.4206385370997927,98.0,1.379335486345679,0.04130305075411366,0.20708838797610302,1.9844674545084815,99.0,0.48484848484848486,-0.011951753598160525,0.003255025468982176,98.0,-0.004348364064589175,0.007603389533571351,0.03812245470765478,1.9844674545084815,ExtraTreesRegressor,"{'mode': 'original', 'type': 'ExtraTreesRegressor'}",2,"['z_l1_T6W50', 'z_l3_T6W50']",0.05851453916352517,0.10637880058669308,98.0,0.08244666987510912,0.023932130711583954,0.11999274337868852,1.9844674545084815,2.2097315451477617,2.288147353127336,98.0,2.248939449137549,0.0392079039897871,0.1965835812348111,1.9844674545084815,completed,True,COMPLETE
101,1.7724773748774738,2026-06-13 06:47:52.057694,2026-06-13 06:47:52.245722,0 days 00:00:00.188028,,,,,,,,,,,euclidean,7.0,distance,,KNeighborsRegressor,,,,,,7,8.0,1.0,12.0,20.0,,,ExtraTrees,,,,,,,,,,,,,,,,,,,,,,,,,,,,,,,,,,,,,,,,,,,,,,,,,,,,,,KNeighborsRegressor,"{'mode': 'proxy', 'type': 'ExtraTrees'}",7,"['z_pe_T6W50', 'z_l1_T6W50', 'z_l3_T6W50', 'z_lsc_T6W50', 'z_density_T6W50', 'z_diameter_T6W50', 'z_asp_T6W50']",,,,,,,,,,,,,,,pruned,True,PRUNED
102,2.128399467468262,2026-06-13 06:47:52.255848,2026-06-13 06:47:52.831700,0 days 00:00:00.575852,,,,,,,,,,,,,,,XGBRegressor,,,,,,8,,,,,,,,True,gbtree,0.7699785651402797,0.28741006847416,3.0,230.0,0.37870378817184325,0.0004882270025709819,0.9635004839621477,,,,,,,,,,,,,,,,,,,,,,,,,,,,,,,,,,,,,,,,,,,,,XGBRegressor,"{'mode': 'original', 'type': 'XGBRegressor'}",8,"['z_pe_T6W50', 'z_l1_T6W50', 'z_l2_T6W50', 'z_l3_T6W50', 'z_lsc_T6W50', 'z_density_T6W50', 'z_diameter_T6W50', 'z_asp_T6W50']",,,,,,,,,,,,,,,pruned,True,PRUNED
103,1.7585008048586281,2026-06-13 06:47:52.842094,2026-06-13 06:47:54.738985,0 days 00:00:01.896891,,,,0.05875045082789027,0.30552431065802355,,,,,,,,,,ElasticNet,,,,,,5,,,,,,,,False,,,,,,,,,-0.020419010611766136,-0.007756883585025892,98.0,-0.014087947098396014,0.006331063513370121,0.0317431694080748,1.9844674545084815,1.7333618353419193,1.783639774375337,98.0,1.7585008048586281,0.025138969516708874,0.1260436838815625,1.9844674545084815,0.2661270017947726,0.28691361471177385,98.0,0.27652030825327323,0.010393306458500638,0.05211075310261801,1.9844674545084815,5.678913867316003,5.986803958919578,98.0,5.83285891311779,0.1539450458017874,0.7718614191912766,1.9844674545084815,1.402823176271091,1.4569305742966725,98.0,1.4298768752838817,0.0270536990127908,0.1356439007545113,1.9844674545084815,99.0,0.3838383838383838,-0.004618578718762542,0.01385145442614217,98.0,0.004616437853689813,0.009235016572452355,0.04630323087529505,1.9844674545084815,ElasticNet,"{'mode': 'original', 'type': 'ElasticNet'}",5,"['z_pe_T6W50', 'z_l2_T6W50', 'z_l3_T6W50', 'z_density_T6W50', 'z_diameter_T6W50']",0.0909144696775966,0.14235670480470092,98.0,0.11663558724114877,0.02572111756355216,0.12896250218633884,1.9844674545084815,2.1997109079879493,2.277011163244765,98.0,2.2383610356163572,0.03865012762840777,0.19378695954657618,1.9844674545084815,completed,False,COMPLETE
104,1.8035855335230189,2026-06-13 06:47:54.752502,2026-06-13 06:47:56.680622,0 days 00:00:01.928120,,,,,,,,,,,manhattan,19.0,distance,,KNeighborsRegressor,,,,,,7,2.0,1.0,6.0,40.0,,,ExtraTrees,,,,,,,,,,-0.04766871736409156,-0.03230409296817284,98.0,-0.0399864051661322,0.007682312197959357,0.038518163185466525,1.9844674545084815,1.7763034658721668,1.830867601173871,98.0,1.8035855335230189,0.027282067650851956,0.13678891286032221,1.9844674545084815,0.2717079304803382,0.293266326660841,98.0,0.2824871285705896,0.010779198090251399,0.05404556601579667,1.9844674545084815,5.912122531580613,6.260760390362367,98.0,6.08644146097149,0.17431892939087665,0.8740135515941609,1.9844674545084815,1.454974209662828,1.5157029841096912,98.0,1.4853385968862596,0.030364387223431634,0.15224328196522768,1.9844674545084815,99.0,0.8181818181818182,-0.06179849610727494,-0.03467230416525675,98.0,-0.048235400136265844,0.013563095971009095,0.06800368566773986,1.9844674545084815,KNeighborsRegressor,"{'mode': 'proxy', 'type': 'ExtraTrees'}",7,"['z_re_T6W50', 'z_pe_T6W50', 'z_l1_T6W50', 'z_l2_T6W50', 'z_l3_T6W50', 'z_diameter_T6W50', 'z_asp_T6W50']",0.02793630697785988,0.07509673600323678,98.0,0.051516521490548334,0.023580214512688453,0.11822827908364639,1.9844674545084815,2.2559034464268373,2.336321402557281,98.0,2.296112424492059,0.04020897806522207,0.20160284283271732,1.9844674545084815,completed,True,COMPLETE
105,1.759375041535058,2026-06-13 06:47:56.693204,2026-06-13 06:47:58.570317,0 days 00:00:01.877113,,,,0.0007485022950356935,0.5025660764634424,,,,,,,,,,ElasticNet,,,,,,5,,,,,,,,False,,,,,,,,,-0.02532408196728198,-0.005180630034230183,98.0,-0.01525235600075608,0.010071725966525898,0.05049838829005077,1.9844674545084815,1.7339566557073953,1.7847934273627206,98.0,1.759375041535058,0.025418385827662593,0.12744464270550293,1.9844674545084815,0.2651007299665238,0.2848760285971552,98.0,0.2749883792818395,0.009887649315315715,0.049575450728123596,1.9844674545084815,5.626664291962783,5.926018718793422,98.0,5.776341505378102,0.14967721341531948,0.750463035465885,1.9844674545084815,1.4612711775390377,1.5182826390187367,98.0,1.4897769082788872,0.02850573073984954,0.14292420824164775,1.9844674545084815,99.0,0.3939393939393939,-0.0034732371312997563,0.027648257128083536,98.0,0.01208750999839189,0.015560747129691646,0.07801966150092844,1.9844674545084815,ElasticNet,"{'mode': 'original', 'type': 'ElasticNet'}",5,"['z_pe_T6W50', 'z_l2_T6W50', 'z_l3_T6W50', 'z_diameter_T6W50', 'z_asp_T6W50']",0.14721087790337362,0.19962222296184856,98.0,0.1734165504326111,0.026205672529237476,0.13139200085284095,1.9844674545084815,2.1906132636418763,2.2631851079370096,98.0,2.226899185789443,0.036285922147566825,0.18193312567879932,1.9844674545084815,completed,False,COMPLETE
106,1.7697537950677056,2026-06-13 06:47:58.582916,2026-06-13 06:48:11.207834,0 days 00:00:12.624918,,,,,,,,,,,,,,,XGBRegressor,,,,,,8,,,,,,,,True,gbtree,0.6080190912547998,0.0018270239281680462,5.0,278.0,0.0037695681044651328,0.0071090215639210445,0.8204131573451031,-0.024385654772099977,-0.016328410640380934,98.0,-0.020357032706240456,0.004028622065859523,0.020199012764225765,1.9844674545084815,1.744719240698491,1.7947883494369201,98.0,1.7697537950677056,0.0250345543692146,0.12552015924645496,1.9844674545084815,0.2686161225404172,0.29008196338458503,98.0,0.2793490429625011,0.010732920422083929,0.05381353551138799,1.9844674545084815,5.866853269847819,6.165071257253024,98.0,6.0159622635504215,0.1491089937026028,0.7476140521057146,1.9844674545084815,1.3153135363381556,1.3803051798150758,98.0,1.3478093580766157,0.032495821738460176,0.16293003100034406,1.9844674545084815,99.0,0.8484848484848485,-0.03626238345941772,-0.022777235104808065,98.0,-0.029519809282112893,0.006742574177304827,0.03380643297997273,1.9844674545084815,XGBRegressor,"{'mode': 'original', 'type': 'XGBRegressor'}",8,"['z_pe_T6W50', 'z_l1_T6W50', 'z_l2_T6W50', 'z_l3_T6W50', 'z_lsc_T6W50', 'z_density_T6W50', 'z_diameter_T6W50', 'z_asp_T6W50']",-0.04153836311388899,0.012648754298224246,98.0,-0.014444804407832374,0.02709355870605662,0.13584375232656057,1.9844674545084815,2.2373314511655296,2.3171120370443856,98.0,2.2772217441049576,0.039890292939427925,0.20000499502807068,1.9844674545084815,completed,True,COMPLETE
107,1.7933764581890108,2026-06-13 06:48:11.221404,2026-06-13 06:48:13.627803,0 days 00:00:02.406399,,,,,,,,,,,,,,0.00032005827119523133,QuantileRegressor,,,,,,7,,,,,,,,False,,,,,,,,,-0.045452687671704184,-0.023265270843368338,98.0,-0.03435897925753626,0.011093708414167925,0.055622481880183,1.9844674545084815,1.7644049293207364,1.8223479870572852,98.0,1.7933764581890108,0.028971528868274293,0.1452596624460363,1.9844674545084815,0.27150139642977117,0.2923510942836575,98.0,0.28192624535671434,0.010424848926943201,0.052268903138106775,1.9844674545084815,5.779477720184624,6.094182193920989,98.0,5.936829957052806,0.15735223686818275,0.7889446537849373,1.9844674545084815,1.494289756784127,1.563146460763807,98.0,1.528718108773967,0.03442835198984008,0.17261949865869758,1.9844674545084815,99.0,0.5353535353535354,-0.046231544609901115,-0.008477957850366754,98.0,-0.027354751230133936,0.018876793379767182,0.09464590725866945,1.9844674545084815,QuantileRegressor,"{'mode': 'original', 'type': 'QuantileRegressor'}",7,"['z_pe_T6W50', 'z_l2_T6W50', 'z_l3_T6W50', 'z_lsc_T6W50', 'z_density_T6W50', 'z_diameter_T6W50', 'z_asp_T6W50']",0.08558727691058746,0.13892986158744125,98.0,0.11225856924901435,0.026671292338426893,0.13372656098663865,1.9844674545084815,2.2305187686526486,2.3132604170892788,98.0,2.2718895928709637,0.04137082421831524,0.20742819574315188,1.9844674545084815,completed,False,COMPLETE
108,1.7349970291146763,2026-06-13 06:48:13.640200,2026-06-13 06:48:15.687721,0 days 00:00:02.047521,,,,,,,,,,,,,,2.710323160002809,QuantileRegressor,,,,,,5,,,,,,,,True,,,,,,,,,0.0,0.0,98.0,0.0,0.0,0.0,1.9844674545084815,1.7097615267403508,1.760232531489002,98.0,1.7349970291146763,0.025235502374325525,0.1265276876901327,1.9844674545084815,0.25983396043683077,0.2806349322602259,98.0,0.27023444634852833,0.010400485911697585,0.05214674999296774,1.9844674545084815,5.70097731382373,6.036396423550007,98.0,5.8686868686868685,0.16770955486313893,0.8408749651825216,1.9844674545084815,1.033280465877702,1.1485377159404797,98.0,1.0909090909090908,0.057628625031388776,0.2889427981985323,1.9844674545084815,99.0,0.9797979797979798,-0.009845695376372022,-0.006666757700651824,98.0,-0.008256226538511923,0.0015894688378600991,0.007969400161994435,1.9844674545084815,QuantileRegressor,"{'mode': 'original', 'type': 'QuantileRegressor'}",5,"['z_l3_T6W50', 'z_lsc_T6W50', 'z_density_T6W50', 'z_diameter_T6W50', 'z_asp_T6W50']",,,,,,,,2.2146203974868346,2.2936018858285863,98.0,2.2541111416577104,0.03949074417087585,0.1980017069201324,1.9844674545084815,completed,True,COMPLETE
109,1.7845779584374362,2026-06-13 06:48:15.699955,2026-06-13 06:48:16.855686,0 days 00:00:01.155731,,,,,,,,,,,,,,,RandomForestRegressor,16.0,,3.0,3.0,167.0,9,,,,,,,,True,,,,,,,,,,,,,,,,,,,,,,,,,,,,,,,,,,,,,,,,,,,,,,,,,,,,,RandomForestRegressor,"{'mode': 'original', 'type': 'RandomForestRegressor'}",9,"['z_re_T6W50', 'z_pe_T6W50', 'z_l1_T6W50', 'z_l2_T6W50', 'z_l3_T6W50', 'z_lsc_T6W50', 'z_density_T6W50', 'z_diameter_T6W50', 'z_asp_T6W50']",,,,,,,,,,,,,,,pruned,True,PRUNED
110,1.75850710200207,2026-06-13 06:48:16.866591,2026-06-13 06:48:18.428244,0 days 00:00:01.561653,,,,0.0042012607279230466,0.7373570773877997,,,,,,,,,,ElasticNet,,,,,,5,,,,,,,,True,,,,,,,,,-0.024620577523003347,-0.004825378081226241,98.0,-0.014722977802114795,0.009897599720888554,0.04962534083096503,1.9844674545084815,1.7331562564270888,1.783857947577051,98.0,1.75850710200207,0.02535084557498104,0.12710600423217108,1.9844674545084815,0.2650466825069701,0.2848753230362307,98.0,0.2749610027716004,0.00991432026463029,0.04970917556923107,1.9844674545084815,5.630487761466963,5.9298882006336235,98.0,5.780187981050293,0.1497002195833303,0.7505783855468084,1.9844674545084815,1.4556945439398687,1.5131463856310903,98.0,1.4844204647854795,0.0287259208456107,0.14402821419805584,1.9844674545084815,99.0,0.37373737373737376,-0.002592857120659169,0.027864262015484857,98.0,0.012635702447412845,0.015228559568072014,0.076354114153081,1.9844674545084815,ElasticNet,"{'mode': 'original', 'type': 'ElasticNet'}",5,"['z_pe_T6W50', 'z_l2_T6W50', 'z_l3_T6W50', 'z_diameter_T6W50', 'z_asp_T6W50']",0.14674170231956524,0.1992140487006982,98.0,0.17297787551013172,0.026236173190566477,0.13154492739631665,1.9844674545084815,2.1900656716281715,2.2628665074874315,98.0,2.2264660895578015,0.03640041792963009,0.18250719336882787,1.9844674545084815,completed,True,COMPLETE
111,1.788897377132671,2026-06-13 06:48:18.441573,2026-06-13 06:48:20.219745,0 days 00:00:01.778172,,,,,,,,,,,minkowski,14.0,uniform,,KNeighborsRegressor,,,,,,7,,,,,0.4339260158221391,0.3806019094922788,LinearSVR,,,,,,,,,,-0.040822883317753265,-0.022144786892001396,98.0,-0.03148383510487733,0.009339048212875936,0.04682483265338365,1.9844674545084815,1.760191157659368,1.817603596605974,98.0,1.788897377132671,0.028706219473303075,0.14392943395403968,1.9844674545084815,0.2705977357186607,0.2924442036050035,98.0,0.2815209696618321,0.010923233943171386,0.054767743967482053,1.9844674545084815,5.917062630738483,6.241667527991673,98.0,6.079365079365078,0.16230244862659493,0.8137644032822023,1.9844674545084815,1.458016710852263,1.523224270388718,98.0,1.4906204906204905,0.03260377976822744,0.1634713192089724,1.9844674545084815,99.0,0.696969696969697,-0.05349007123984867,-0.022195284933020278,98.0,-0.037842678086434475,0.015647393153414197,0.07845409394719163,1.9844674545084815,KNeighborsRegressor,"{'mode': 'proxy', 'type': 'LinearSVR'}",7,"['z_pe_T6W50', 'z_l1_T6W50', 'z_l2_T6W50', 'z_l3_T6W50', 'z_density_T6W50', 'z_diameter_T6W50', 'z_asp_T6W50']",0.07853768938091255,0.12913062266791311,98.0,0.10383415602441283,0.02529646664350028,0.126833354995502,1.9844674545084815,2.2433456497704243,2.325178904976926,98.0,2.284262277373675,0.04091662760325082,0.20515091009183653,1.9844674545084815,completed,True,COMPLETE
112,1.7505291831675645,2026-06-13 06:48:20.232695,2026-06-13 06:48:25.756945,0 days 00:00:05.524250,,,,,,3.0,sqrt,5.0,2.0,82.0,,,,,ExtraTreesRegressor,,,,,,4,,,,,,,,False,,,,,,,,,-0.012200406364134036,-0.006069125559292811,98.0,-0.009134765961713424,0.003065640402420613,0.015370741808665706,1.9844674545084815,1.725461719566652,1.775596646768477,98.0,1.7505291831675645,0.025067463600912488,0.12568516206385988,1.9844674545084815,0.2654966880028265,0.28683006219480206,98.0,0.2761633750988143,0.0106666870959878,0.05348144980631022,1.9844674545084815,5.720831305386847,6.024276809905606,98.0,5.8725540576462265,0.15172275225937984,0.7607191142306424,1.9844674545084815,1.279592439650251,1.3422016294896806,98.0,1.3108970345699658,0.0313045949197148,0.15695736706623234,1.9844674545084815,99.0,0.46464646464646464,-0.005223255419254414,0.003289888320550646,98.0,-0.000966683549351884,0.00425657186990253,0.021341924888072534,1.9844674545084815,ExtraTreesRegressor,"{'mode': 'original', 'type': 'ExtraTreesRegressor'}",4,"['z_l2_T6W50', 'z_l3_T6W50', 'z_density_T6W50', 'z_asp_T6W50']",0.05270241352294203,0.10473604771724782,98.0,0.07871923062009492,0.026016817097152888,0.13044510307466575,1.9844674545084815,2.206387562254523,2.285187233353066,98.0,2.2457873978037943,0.03939983554927144,0.19754590233530253,1.9844674545084815,completed,False,COMPLETE
113,1.7138269116870568,2026-06-13 06:48:25.769375,2026-06-13 06:48:25.910022,0 days 00:00:00.140647,,,,,,,,,,,,,,,LinearRegression,,,,,,9,,,,,,,,False,,,,,,,,,,,,,,,,,,,,,,,,,,,,,,,,,,,,,,,,,,,,,,,,,,,,,LinearRegression,"{'mode': 'original', 'type': 'LinearRegression'}",9,"['z_re_T6W50', 'z_pe_T6W50', 'z_l1_T6W50', 'z_l2_T6W50', 'z_l3_T6W50', 'z_lsc_T6W50', 'z_density_T6W50', 'z_diameter_T6W50', 'z_asp_T6W50']",,,,,,,,,,,,,,,pruned,False,PRUNED
114,1.765539741346118,2026-06-13 06:48:25.919242,2026-06-13 06:48:28.782982,0 days 00:00:02.863740,,,,,,,,,,,,,,,XGBRegressor,,,,,,7,,,,,,,,True,gblinear,0.9899851646794253,0.09517259270730555,10.0,68.0,0.0026117662573891046,0.0017450341235732876,0.6464110183504823,-0.026782569033913742,-0.010023471891491883,98.0,-0.018403020462702813,0.00837954857121093,0.04201402012432937,1.9844674545084815,1.7398849940428418,1.7911944886493942,98.0,1.765539741346118,0.025654747303276167,0.12862972991021973,1.9844674545084815,0.2671892084524422,0.2878240946551037,98.0,0.27750665155377297,0.010317443101330752,0.05173038361281216,1.9844674545084815,5.702609603111303,6.014435728130805,98.0,5.858522665621054,0.15591306250975093,0.7817288115538519,1.9844674545084815,1.4590330898747226,1.5227875849829853,98.0,1.490910337428854,0.03187724755413133,0.15982857654752652,1.9844674545084815,99.0,0.40404040404040403,-0.012957364054377387,0.01277641489843867,98.0,-9.047457796935788e-05,0.012866889476408029,0.06451299241305167,1.9844674545084815,XGBRegressor,"{'mode': 'original', 'type': 'XGBRegressor'}",7,"['z_pe_T6W50', 'z_l2_T6W50', 'z_l3_T6W50', 'z_lsc_T6W50', 'z_density_T6W50', 'z_diameter_T6W50', 'z_asp_T6W50']",0.09388447425392255,0.1482058882055286,98.0,0.12104518122972557,0.027160706975803025,0.13618042544593742,1.9844674545084815,2.2040224864775833,2.281067546278457,98.0,2.24254501637802,0.03852252990043697,0.19314720032026153,1.9844674545084815,completed,True,COMPLETE
