number,value,datetime_start,datetime_complete,duration,params_dt_max_depth,params_dt_min_samples_leaf,params_dt_min_samples_split,params_elastic_alpha,params_elastic_l1_ratio,params_et_max_depth,params_et_max_features,params_et_min_samples_leaf,params_et_min_samples_split,params_et_n_estimators,params_knn_metric,params_knn_n_neighbors,params_knn_weights,params_quantile_alpha,params_regressor,params_rf_max_depth,params_rf_max_features,params_rf_min_samples_leaf,params_rf_min_samples_split,params_rf_n_estimators,params_rfe_n_features,params_rfe_proxy_et_max_depth,params_rfe_proxy_et_min_samples_leaf,params_rfe_proxy_et_min_samples_split,params_rfe_proxy_et_n_estimators,params_rfe_proxy_lsvr_C,params_rfe_proxy_lsvr_epsilon,params_rfe_proxy_type,params_use_scaler,params_xgb_booster,params_xgb_colsample_bytree,params_xgb_learning_rate,params_xgb_max_depth,params_xgb_n_estimators,params_xgb_reg_alpha,params_xgb_reg_lambda,params_xgb_subsample,user_attrs_d2mae_ci_lower_val,user_attrs_d2mae_ci_upper_val,user_attrs_d2mae_df_val,user_attrs_d2mae_mean_val,user_attrs_d2mae_samperror_val,user_attrs_d2mae_std_val,user_attrs_d2mae_t_critical_val,user_attrs_mae_ci_lower_val,user_attrs_mae_ci_upper_val,user_attrs_mae_df_val,user_attrs_mae_mean_val,user_attrs_mae_samperror_val,user_attrs_mae_std_val,user_attrs_mae_t_critical_val,user_attrs_mape_ci_lower_val,user_attrs_mape_ci_upper_val,user_attrs_mape_df_val,user_attrs_mape_mean_val,user_attrs_mape_samperror_val,user_attrs_mape_std_val,user_attrs_mape_t_critical_val,user_attrs_max_error_ci_lower_val,user_attrs_max_error_ci_upper_val,user_attrs_max_error_df_val,user_attrs_max_error_mean_val,user_attrs_max_error_samperror_val,user_attrs_max_error_std_val,user_attrs_max_error_t_critical_val,user_attrs_median_ae_ci_lower_val,user_attrs_median_ae_ci_upper_val,user_attrs_median_ae_df_val,user_attrs_median_ae_mean_val,user_attrs_median_ae_samperror_val,user_attrs_median_ae_std_val,user_attrs_median_ae_t_critical_val,user_attrs_n_splits_val,user_attrs_r2_below_zero_val,user_attrs_r2_ci_lower_val,user_attrs_r2_ci_upper_val,user_attrs_r2_df_val,user_attrs_r2_mean_val,user_attrs_r2_samperror_val,user_attrs_r2_std_val,user_attrs_r2_t_critical_val,user_attrs_regressor_final,user_attrs_rfe_estimator,user_attrs_rfe_n_features,user_attrs_rfe_selected_features,user_attrs_rho_ci_lower_val,user_attrs_rho_ci_upper_val,user_attrs_rho_df_val,user_attrs_rho_mean_val,user_attrs_rho_samperror_val,user_attrs_rho_std_val,user_attrs_rho_t_critical_val,user_attrs_rmse_ci_lower_val,user_attrs_rmse_ci_upper_val,user_attrs_rmse_df_val,user_attrs_rmse_mean_val,user_attrs_rmse_samperror_val,user_attrs_rmse_std_val,user_attrs_rmse_t_critical_val,user_attrs_termination_reason,user_attrs_use_scaler_final,state
133,1.775688869438756,2026-06-13 06:49:24.143252,2026-06-13 06:49:25.691783,0 days 00:00:01.548531,,,,,,,,,,,,,,,LinearRegression,,,,,,7,,,,,,,,True,,,,,,,,,-0.035459029378513085,-0.014018871158989152,98.0,-0.024738950268751118,0.010720079109761966,0.053749150759663855,1.9844674545084815,1.7497411631605804,1.8016365757169317,98.0,1.775688869438756,0.025947706278175605,0.1300985899761802,1.9844674545084815,0.26737492213009934,0.28720663135594887,98.0,0.2772907767430241,0.009915854612924753,0.04971686860180598,1.9844674545084815,5.6808757170034605,5.973370585017656,98.0,5.827123151010558,0.1462474340070972,0.733266545720109,1.9844674545084815,1.4747100150004113,1.5316318455392512,98.0,1.5031709302698313,0.02846091526941997,0.14269950901584721,1.9844674545084815,99.0,0.47474747474747475,-0.02342698297718109,0.011688694801609636,98.0,-0.005869144087785726,0.017557838889395362,0.08803283257682556,1.9844674545084815,LinearRegression,"{'mode': 'original', 'type': 'LinearRegression'}",7,"['z_re_T6W50', 'z_pe_T6W50', 'z_l2_T6W50', 'z_l3_T6W50', 'z_lsc_T6W50', 'z_diameter_T6W50', 'z_asp_T6W50']",0.11997246700006121,0.17334811246302623,98.0,0.1466602897315437,0.0266878227314825,0.13380944233288294,1.9844674545084815,2.209849498802816,2.282630205951782,98.0,2.246239852377299,0.03639035357448287,0.18245673193691414,1.9844674545084815,completed,True,COMPLETE
134,1.77987384875138,2026-06-13 06:49:25.705245,2026-06-13 06:49:28.041523,0 days 00:00:02.336278,,,,,,,,,,,,,,,LinearRegression,,,,,,8,,,,,,,,False,,,,,,,,,-0.03796410687347477,-0.01629424405824558,98.0,-0.027129175465860175,0.010834931407614596,0.05432500597576514,1.9844674545084815,1.7536516083208087,1.8060960891819515,98.0,1.77987384875138,0.026222240430571406,0.1314750702609536,1.9844674545084815,0.26826277551295963,0.2885493435754337,98.0,0.27840605954419667,0.010143284031237062,0.05085717157596214,1.9844674545084815,5.7206512999560895,6.02454895292495,98.0,5.87260012644052,0.1519488264844299,0.7618526224333967,1.9844674545084815,1.475770493699478,1.535831055744421,98.0,1.5058007747219495,0.03003028102247147,0.1505681147970308,1.9844674545084815,99.0,0.5151515151515151,-0.03143316449122989,0.003960213436731159,98.0,-0.013736475527249364,0.017696688963980522,0.08872900967733521,1.9844674545084815,LinearRegression,"{'mode': 'original', 'type': 'LinearRegression'}",8,"['z_re_T6W50', 'z_pe_T6W50', 'z_l2_T6W50', 'z_l3_T6W50', 'z_lsc_T6W50', 'z_density_T6W50', 'z_diameter_T6W50', 'z_asp_T6W50']",0.11697123891375387,0.1695353235714112,98.0,0.14325328124258255,0.026282042328828678,0.13177490958230872,1.9844674545084815,2.218045496156074,2.2925616215367426,98.0,2.2553035588464083,0.037258062690334125,0.18680731812250984,1.9844674545084815,completed,False,COMPLETE
135,1.8136003684844983,2026-06-13 06:49:28.054280,2026-06-13 06:49:38.995234,0 days 00:00:10.940954,,,,,,,,,,,,,,,RandomForestRegressor,8.0,sqrt,4.0,6.0,114.0,8,,,,,,,,False,,,,,,,,,-0.0551564322047342,-0.03722755108894734,98.0,-0.04619199164684077,0.008964440557893428,0.044946596204079495,1.9844674545084815,1.787132995431714,1.8400677415372826,98.0,1.8136003684844983,0.026467373052784345,0.13270413490987368,1.9844674545084815,0.27412145667201765,0.2956760769905889,98.0,0.2848987668313033,0.010777310159285618,0.05403610016344012,1.9844674545084815,5.926257226938947,6.242178776744362,98.0,6.084218001841655,0.1579607749027071,0.7919957882239409,1.9844674545084815,1.4345940242076847,1.4991725875562036,98.0,1.4668833058819442,0.03228928167425942,0.16189446466403523,1.9844674545084815,99.0,0.797979797979798,-0.07872507711149511,-0.04848081831401162,98.0,-0.06360294771275336,0.015122129398741748,0.07582048644771269,1.9844674545084815,RandomForestRegressor,"{'mode': 'original', 'type': 'RandomForestRegressor'}",8,"['z_pe_T6W50', 'z_l1_T6W50', 'z_l2_T6W50', 'z_l3_T6W50', 'z_lsc_T6W50', 'z_density_T6W50', 'z_diameter_T6W50', 'z_asp_T6W50']",0.01086927972078926,0.06222971592916614,98.0,0.0365494978249777,0.025680218104188437,0.12875743735567657,1.9844674545084815,2.27235882089451,2.3517509622565504,98.0,2.31205489157553,0.03969607068102029,0.19903118864649946,1.9844674545084815,completed,False,COMPLETE
136,1.7691315125217484,2026-06-13 06:49:39.008253,2026-06-13 06:49:41.003758,0 days 00:00:01.995505,,,,0.0013674069569182747,0.83704112524294,,,,,,,,,,ElasticNet,,,,,,4,,,,,,,,False,,,,,,,,,-0.02788779031013277,-0.01309513765592979,98.0,-0.02049146398303128,0.00739632632710149,0.03708426540071271,1.9844674545084815,1.7442801892283568,1.79398283581514,98.0,1.7691315125217484,0.024851323293391604,0.12460146129493542,1.9844674545084815,0.26673639833861734,0.28698562475188033,98.0,0.27686101154524884,0.010124613206631482,0.050763558370662314,1.9844674545084815,5.75071313664634,6.016834665903335,98.0,5.883773901274838,0.1330607646284978,0.6671502164289608,1.9844674545084815,1.3975176779119358,1.465162776254416,98.0,1.4313402270831759,0.03382254917124001,0.16958207825403718,1.9844674545084815,99.0,0.45454545454545453,-0.014044451357382701,0.010944491416854754,98.0,-0.001549979970263974,0.012494471387118728,0.06264573417532016,1.9844674545084815,ElasticNet,"{'mode': 'original', 'type': 'ElasticNet'}",4,"['z_pe_T6W50', 'z_l2_T6W50', 'z_diameter_T6W50', 'z_asp_T6W50']",0.12961809649524664,0.17712384008648757,98.0,0.1533709682908671,0.02375287179562046,0.119093961345414,1.9844674545084815,2.206860420640151,2.2798859365035566,98.0,2.243373178571854,0.036512757931702645,0.18307045224461732,1.9844674545084815,completed,False,COMPLETE
137,1.7465116738395468,2026-06-13 06:49:41.016164,2026-06-13 06:49:42.846912,0 days 00:00:01.830748,,,,0.6765873641051084,0.7884473432532987,,,,,,,,,,ElasticNet,,,,,,7,,,,,,,,True,,,,,,,,,-0.0069731792917479265,-0.006210909843375806,98.0,-0.0065920445675618665,0.00038113472418606,0.0019109623670001362,1.9844674545084815,1.7208783511456194,1.7721449965334741,98.0,1.7465116738395468,0.0256333226939273,0.12852230956881475,1.9844674545084815,0.2649590574833962,0.28658302073467057,98.0,0.2757710391090334,0.010811981625637153,0.05420993860743912,1.9844674545084815,5.730426756673638,6.048712219379618,98.0,5.889569488026628,0.1591427313529897,0.7979219716771716,1.9844674545084815,1.13521563144371,1.2184232051417612,98.0,1.1768194182927356,0.04160378684902556,0.20859624155990472,1.9844674545084815,99.0,1.0,-0.005763162184797371,-0.0034240173827588833,98.0,-0.004593589783778127,0.0011695724010192434,0.005864091361926638,1.9844674545084815,ElasticNet,"{'mode': 'original', 'type': 'ElasticNet'}",7,"['z_l1_T6W50', 'z_l2_T6W50', 'z_l3_T6W50', 'z_lsc_T6W50', 'z_density_T6W50', 'z_diameter_T6W50', 'z_asp_T6W50']",-0.13856472443731077,-0.05337335154944885,4.0,-0.0959690379933798,0.042595686443930955,0.03430532455281897,2.7764451051977934,2.2101039660223845,2.290728786122784,98.0,2.250416376072584,0.040312410050199914,0.2021214380125685,1.9844674545084815,completed,True,COMPLETE
138,1.746427864074923,2026-06-13 06:49:42.859624,2026-06-13 06:49:44.805523,0 days 00:00:01.945899,,,,7.655995024940027,0.11072059332631567,,,,,,,,,,ElasticNet,,,,,,5,,,,,,,,True,,,,,,,,,-0.006929990589016921,-0.006153986227407756,98.0,-0.006541988408212338,0.0003880021808045826,0.0019453949450944801,1.9844674545084815,1.7207864571086444,1.7720692710412014,98.0,1.746427864074923,0.025641406966278476,0.1285628431104926,1.9844674545084815,0.2649515644991853,0.286576518078214,98.0,0.27576404128869964,0.01081247678951438,0.05421242129787595,1.9844674545084815,5.729884355182948,6.04858606328747,98.0,5.889235209235209,0.15935085405226102,0.7989654731499785,1.9844674545084815,1.1339416758435712,1.2173425954407,98.0,1.1756421356421356,0.0417004597985643,0.20908094777204522,1.9844674545084815,99.0,1.0,-0.005710922460236731,-0.0033785820218229794,98.0,-0.004544752241029855,0.0011661702192068755,0.005847033243113108,1.9844674545084815,ElasticNet,"{'mode': 'original', 'type': 'ElasticNet'}",5,"['z_l3_T6W50', 'z_lsc_T6W50', 'z_density_T6W50', 'z_diameter_T6W50', 'z_asp_T6W50']",,,,,,,,2.2100458514374464,2.2906850879179124,98.0,2.2503654696776794,0.040319618240232794,0.20215757898585932,1.9844674545084815,completed,True,COMPLETE
139,1.7349970291146763,2026-06-13 06:49:44.817934,2026-06-13 06:49:47.042101,0 days 00:00:02.224167,,,,,,,,,,,,,,6.517060990074383,QuantileRegressor,,,,,,7,,,,,,,,True,,,,,,,,,0.0,0.0,98.0,0.0,0.0,0.0,1.9844674545084815,1.7097615267403508,1.760232531489002,98.0,1.7349970291146763,0.025235502374325525,0.1265276876901327,1.9844674545084815,0.25983396043683077,0.2806349322602259,98.0,0.27023444634852833,0.010400485911697585,0.05214674999296774,1.9844674545084815,5.70097731382373,6.036396423550007,98.0,5.8686868686868685,0.16770955486313893,0.8408749651825216,1.9844674545084815,1.033280465877702,1.1485377159404797,98.0,1.0909090909090908,0.057628625031388776,0.2889427981985323,1.9844674545084815,99.0,0.9797979797979798,-0.009845695376372022,-0.006666757700651824,98.0,-0.008256226538511923,0.0015894688378600991,0.007969400161994435,1.9844674545084815,QuantileRegressor,"{'mode': 'original', 'type': 'QuantileRegressor'}",7,"['z_l1_T6W50', 'z_l2_T6W50', 'z_l3_T6W50', 'z_lsc_T6W50', 'z_density_T6W50', 'z_diameter_T6W50', 'z_asp_T6W50']",,,,,,,,2.2146203974868346,2.2936018858285863,98.0,2.2541111416577104,0.03949074417087585,0.1980017069201324,1.9844674545084815,completed,True,COMPLETE
140,1.830626340145572,2026-06-13 06:49:47.070979,2026-06-13 06:50:11.253092,0 days 00:00:24.182113,,,,,,,,,,,,,,,RandomForestRegressor,7.0,log2,2.0,8.0,261.0,9,,,,,,,,True,,,,,,,,,-0.06531529590781433,-0.046505239418938624,98.0,-0.05591026766337648,0.009405028244437853,0.04715564837099523,1.9844674545084815,1.803157898728096,1.858094781563048,98.0,1.830626340145572,0.02746844141747593,0.1377233678748189,1.9844674545084815,0.2765226672277169,0.298345908275673,98.0,0.28743428775169494,0.010911620523978026,0.05470951572003464,1.9844674545084815,5.996132856984991,6.297998176841386,98.0,6.147065516913188,0.15093265992819743,0.7567576890034623,1.9844674545084815,1.4484817448736007,1.5185658263238873,98.0,1.483523785598744,0.035042040725143206,0.17569645807434944,1.9844674545084815,99.0,0.8888888888888888,-0.10183754856886837,-0.0698460835614716,98.0,-0.08584181606516998,0.015995732503698387,0.08020062436569375,1.9844674545084815,RandomForestRegressor,"{'mode': 'original', 'type': 'RandomForestRegressor'}",9,"['z_re_T6W50', 'z_pe_T6W50', 'z_l1_T6W50', 'z_l2_T6W50', 'z_l3_T6W50', 'z_lsc_T6W50', 'z_density_T6W50', 'z_diameter_T6W50', 'z_asp_T6W50']",-0.012531579607455334,0.03739103925836462,98.0,0.012429729825454646,0.02496130943290998,0.12515291819501215,1.9844674545084815,2.2957429598385763,2.376402112689574,98.0,2.336072536264075,0.04032957642549879,0.20220750809512,1.9844674545084815,completed,True,COMPLETE
141,1.7808821849464525,2026-06-13 06:50:11.373868,2026-06-13 06:50:16.876278,0 days 00:00:05.502410,,,,,,,,,,,,,,,RandomForestRegressor,18.0,sqrt,1.0,7.0,498.0,2,,,,,,,,False,,,,,,,,,,,,,,,,,,,,,,,,,,,,,,,,,,,,,,,,,,,,,,,,,,,,,RandomForestRegressor,"{'mode': 'original', 'type': 'RandomForestRegressor'}",2,"['z_pe_T6W50', 'z_l3_T6W50']",,,,,,,,,,,,,,,pruned,False,PRUNED
142,1.7703499112084764,2026-06-13 06:50:16.886678,2026-06-13 06:50:18.606228,0 days 00:00:01.719550,,,,,,,,,,,,,,,LinearRegression,,,,,,6,,,,,,,,False,,,,,,,,,-0.032097503041024864,-0.011188899783895433,98.0,-0.02164320141246015,0.010454301628564717,0.05241657534122444,1.9844674545084815,1.7447256630738277,1.795974159343125,98.0,1.7703499112084764,0.025624248134648652,0.12847681085096466,1.9844674545084815,0.26682684691945424,0.28662424077034654,98.0,0.2767255438449004,0.009898696925446171,0.049630842078910845,1.9844674545084815,5.672558713579845,5.968877888130263,98.0,5.820718300855054,0.1481595872752088,0.7428538457046514,1.9844674545084815,1.4762277681075675,1.5331364453944119,98.0,1.5046821067509897,0.02845433864342213,0.14266653462651402,1.9844674545084815,99.0,0.45454545454545453,-0.017234890189855183,0.0168013121988273,98.0,-0.0002167889955139415,0.017018101194341242,0.08532665453046023,1.9844674545084815,LinearRegression,"{'mode': 'original', 'type': 'LinearRegression'}",6,"['z_pe_T6W50', 'z_l2_T6W50', 'z_l3_T6W50', 'z_lsc_T6W50', 'z_diameter_T6W50', 'z_asp_T6W50']",0.12910495839931865,0.18218185775076226,98.0,0.15564340807504046,0.026538449675721814,0.1330605043062781,1.9844674545084815,2.203764168955851,2.2766108649486694,98.0,2.2401875169522603,0.03642334799640911,0.1826221618875874,1.9844674545084815,completed,False,COMPLETE
143,1.7606350820285805,2026-06-13 06:50:18.618439,2026-06-13 06:50:20.299312,0 days 00:00:01.680873,,,,,,,,,,,,,,,LinearRegression,,,,,,5,,,,,,,,False,,,,,,,,,-0.02624925337940115,-0.005772616056661678,98.0,-0.016010934718031413,0.010238318661369735,0.05133366345723365,1.9844674545084815,1.7351648154884323,1.7861053485687288,98.0,1.7606350820285805,0.025470266540148338,0.12770476618111945,1.9844674545084815,0.2652166844889022,0.2849457560449136,98.0,0.2750812202669079,0.009864535778005746,0.04945956231081413,1.9844674545084815,5.62692808716362,5.925704900688096,98.0,5.776316493925858,0.14938840676223775,0.749014994627945,1.9844674545084815,1.4658937185007197,1.5232217346869312,98.0,1.4945577265938255,0.028664008093105747,0.14371779131458065,1.9844674545084815,99.0,0.3939393939393939,-0.004924807645757017,0.02689557981846089,98.0,0.010985386086351936,0.015910193732108953,0.07977174354467721,1.9844674545084815,LinearRegression,"{'mode': 'original', 'type': 'LinearRegression'}",5,"['z_pe_T6W50', 'z_l2_T6W50', 'z_l3_T6W50', 'z_diameter_T6W50', 'z_asp_T6W50']",0.14693266015254625,0.19901720129262485,98.0,0.17297493072258555,0.0260422705700393,0.13057272363954414,1.9844674545084815,2.1917800824833362,2.2641050320844522,98.0,2.2279425572838942,0.03616247480055822,0.18131417594929555,1.9844674545084815,completed,False,COMPLETE
144,1.770600973609061,2026-06-13 06:50:20.312318,2026-06-13 06:50:22.106527,0 days 00:00:01.794209,,,,0.00016913898789842018,0.14002409755331768,,,,,,,,,,ElasticNet,,,,,,4,,,,,,,,False,,,,,,,,,-0.029002373833280894,-0.013740808485379605,98.0,-0.02137159115933025,0.007630782673950644,0.03825980052543765,1.9844674545084815,1.7456905156002702,1.795511431617852,98.0,1.770600973609061,0.024910458008790843,0.12489795544395985,1.9844674545084815,0.2668634065542514,0.2870475512256722,98.0,0.2769554788899618,0.010092072335710387,0.05060040246863207,1.9844674545084815,5.748762351555646,6.0138084618028405,98.0,5.881285406679243,0.13252305512359688,0.6644542074771699,1.9844674545084815,1.4053170048402972,1.4742184819752815,98.0,1.4397677434077893,0.03445073856749215,0.17273174219019524,1.9844674545084815,99.0,0.4444444444444444,-0.01548079448288021,0.010426430695875132,98.0,-0.002527181893502539,0.012953612589377671,0.06494781137526512,1.9844674545084815,ElasticNet,"{'mode': 'original', 'type': 'ElasticNet'}",4,"['z_pe_T6W50', 'z_l2_T6W50', 'z_diameter_T6W50', 'z_asp_T6W50']",0.13066638899929972,0.17892673964423644,98.0,0.15479656432176808,0.024130175322468347,0.12098571456281634,1.9844674545084815,2.2078984446025833,2.2805849954572235,98.0,2.2442417200299034,0.03634327542732029,0.18222068792983,1.9844674545084815,completed,False,COMPLETE
145,1.788237684313424,2026-06-13 06:50:22.119019,2026-06-13 06:50:23.842221,0 days 00:00:01.723202,,,,,,,,,,,,,,,LinearRegression,,,,,,3,,,,,,,,False,,,,,,,,,-0.03760588412305905,-0.025077630547566836,98.0,-0.03134175733531294,0.006264126787746107,0.03140755694476311,1.9844674545084815,1.7631944268039688,1.8132809418228792,98.0,1.788237684313424,0.025043257509455335,0.12556379571518733,1.9844674545084815,0.26952366453581006,0.2899743536265768,98.0,0.27974900908119343,0.010225344545383354,0.05126861284436174,1.9844674545084815,5.783597116542308,6.072454803826349,98.0,5.928025960184328,0.1444288436420203,0.7241483585591972,1.9844674545084815,1.3902126097732486,1.4560125267630168,98.0,1.4231125682681327,0.032899958494884245,0.16495632271201421,1.9844674545084815,99.0,0.6464646464646465,-0.04070360755883304,-0.01858012908987274,98.0,-0.029641868324352887,0.011061739234480148,0.05546219236728786,1.9844674545084815,LinearRegression,"{'mode': 'original', 'type': 'LinearRegression'}",3,"['z_l2_T6W50', 'z_diameter_T6W50', 'z_asp_T6W50']",0.015892414698407752,0.06288451139767495,98.0,0.039388463048041354,0.023496048349633602,0.11780628035205325,1.9844674545084815,2.2382557708296393,2.311878635752223,98.0,2.275067203290931,0.03681143246129178,0.18456796939487224,1.9844674545084815,completed,False,COMPLETE
146,1.7616517384847004,2026-06-13 06:50:23.854444,2026-06-13 06:50:24.795380,0 days 00:00:00.940936,,,,,,,,,,,,,,,XGBRegressor,,,,,,4,,,,,,,,True,gbtree,0.9371112623425879,0.007164066106541697,3.0,328.0,0.0002766427053811984,0.020908789688730462,0.7537059693589044,,,,,,,,,,,,,,,,,,,,,,,,,,,,,,,,,,,,,,,,,,,,,XGBRegressor,"{'mode': 'original', 'type': 'XGBRegressor'}",4,"['z_lsc_T6W50', 'z_density_T6W50', 'z_diameter_T6W50', 'z_asp_T6W50']",,,,,,,,,,,,,,,pruned,True,PRUNED
147,1.8555529399089952,2026-06-13 06:50:24.805612,2026-06-13 06:50:25.543461,0 days 00:00:00.737849,,,,,,,,,,,,,,,RandomForestRegressor,14.0,,2.0,2.0,50.0,2,,,,,,,,True,,,,,,,,,,,,,,,,,,,,,,,,,,,,,,,,,,,,,,,,,,,,,,,,,,,,,RandomForestRegressor,"{'mode': 'original', 'type': 'RandomForestRegressor'}",2,"['z_pe_T6W50', 'z_l3_T6W50']",,,,,,,,,,,,,,,pruned,True,PRUNED
148,1.757843137254902,2026-06-13 06:50:25.553320,2026-06-13 06:50:25.690530,0 days 00:00:00.137210,,,,,,,,,,,euclidean,8.0,uniform,,KNeighborsRegressor,,,,,,8,,,,,4.499329409129297,0.028202906874953113,LinearSVR,,,,,,,,,,,,,,,,,,,,,,,,,,,,,,,,,,,,,,,,,,,,,,,,,,,,,,KNeighborsRegressor,"{'mode': 'proxy', 'type': 'LinearSVR'}",8,"['z_re_T6W50', 'z_pe_T6W50', 'z_l2_T6W50', 'z_l3_T6W50', 'z_lsc_T6W50', 'z_density_T6W50', 'z_diameter_T6W50', 'z_asp_T6W50']",,,,,,,,,,,,,,,pruned,True,PRUNED
149,1.7349970291146763,2026-06-13 06:50:25.699876,2026-06-13 06:50:27.821892,0 days 00:00:02.122016,,,,,,,,,,,,,,0.07691294373283446,QuantileRegressor,,,,,,2,,,,,,,,False,,,,,,,,,0.0,0.0,98.0,0.0,0.0,0.0,1.9844674545084815,1.7097615267403508,1.760232531489002,98.0,1.7349970291146763,0.025235502374325525,0.1265276876901327,1.9844674545084815,0.25983396043683077,0.2806349322602259,98.0,0.27023444634852833,0.010400485911697585,0.05214674999296774,1.9844674545084815,5.70097731382373,6.036396423550007,98.0,5.8686868686868685,0.16770955486313893,0.8408749651825216,1.9844674545084815,1.033280465877702,1.1485377159404797,98.0,1.0909090909090908,0.057628625031388776,0.2889427981985323,1.9844674545084815,99.0,0.9797979797979798,-0.009845695376372022,-0.006666757700651824,98.0,-0.008256226538511923,0.0015894688378600991,0.007969400161994435,1.9844674545084815,QuantileRegressor,"{'mode': 'original', 'type': 'QuantileRegressor'}",2,"['z_diameter_T6W50', 'z_asp_T6W50']",,,,,,,,2.2146203974868346,2.2936018858285863,98.0,2.2541111416577104,0.03949074417087585,0.1980017069201324,1.9844674545084815,completed,False,COMPLETE
