number,value,datetime_start,datetime_complete,duration,params_dt_max_depth,params_dt_min_samples_leaf,params_dt_min_samples_split,params_elastic_alpha,params_elastic_l1_ratio,params_et_max_depth,params_et_max_features,params_et_min_samples_leaf,params_et_min_samples_split,params_et_n_estimators,params_knn_metric,params_knn_n_neighbors,params_knn_weights,params_quantile_alpha,params_regressor,params_rf_max_depth,params_rf_max_features,params_rf_min_samples_leaf,params_rf_min_samples_split,params_rf_n_estimators,params_rfe_n_features,params_rfe_proxy_et_max_depth,params_rfe_proxy_et_min_samples_leaf,params_rfe_proxy_et_min_samples_split,params_rfe_proxy_et_n_estimators,params_rfe_proxy_lsvr_C,params_rfe_proxy_lsvr_epsilon,params_rfe_proxy_type,params_use_scaler,params_xgb_booster,params_xgb_colsample_bytree,params_xgb_learning_rate,params_xgb_max_depth,params_xgb_n_estimators,params_xgb_reg_alpha,params_xgb_reg_lambda,params_xgb_subsample,user_attrs_d2mae_ci_lower_val,user_attrs_d2mae_ci_upper_val,user_attrs_d2mae_df_val,user_attrs_d2mae_mean_val,user_attrs_d2mae_samperror_val,user_attrs_d2mae_std_val,user_attrs_d2mae_t_critical_val,user_attrs_mae_ci_lower_val,user_attrs_mae_ci_upper_val,user_attrs_mae_df_val,user_attrs_mae_mean_val,user_attrs_mae_samperror_val,user_attrs_mae_std_val,user_attrs_mae_t_critical_val,user_attrs_mape_ci_lower_val,user_attrs_mape_ci_upper_val,user_attrs_mape_df_val,user_attrs_mape_mean_val,user_attrs_mape_samperror_val,user_attrs_mape_std_val,user_attrs_mape_t_critical_val,user_attrs_max_error_ci_lower_val,user_attrs_max_error_ci_upper_val,user_attrs_max_error_df_val,user_attrs_max_error_mean_val,user_attrs_max_error_samperror_val,user_attrs_max_error_std_val,user_attrs_max_error_t_critical_val,user_attrs_median_ae_ci_lower_val,user_attrs_median_ae_ci_upper_val,user_attrs_median_ae_df_val,user_attrs_median_ae_mean_val,user_attrs_median_ae_samperror_val,user_attrs_median_ae_std_val,user_attrs_median_ae_t_critical_val,user_attrs_n_splits_val,user_attrs_r2_below_zero_val,user_attrs_r2_ci_lower_val,user_attrs_r2_ci_upper_val,user_attrs_r2_df_val,user_attrs_r2_mean_val,user_attrs_r2_samperror_val,user_attrs_r2_std_val,user_attrs_r2_t_critical_val,user_attrs_regressor_final,user_attrs_rfe_estimator,user_attrs_rfe_n_features,user_attrs_rfe_selected_features,user_attrs_rho_ci_lower_val,user_attrs_rho_ci_upper_val,user_attrs_rho_df_val,user_attrs_rho_mean_val,user_attrs_rho_samperror_val,user_attrs_rho_std_val,user_attrs_rho_t_critical_val,user_attrs_rmse_ci_lower_val,user_attrs_rmse_ci_upper_val,user_attrs_rmse_df_val,user_attrs_rmse_mean_val,user_attrs_rmse_samperror_val,user_attrs_rmse_std_val,user_attrs_rmse_t_critical_val,user_attrs_termination_reason,user_attrs_use_scaler_final,state
25,2.0352048319055203,2026-06-13 06:40:18.811845,2026-06-13 06:40:31.155808,0 days 00:00:12.343963,,,,,,,,,,,,,,,XGBRegressor,,,,,,9,,,,,,,,True,gbtree,0.6881297927654579,0.2769773095430998,10.0,416.0,5.642953223871804e-08,0.09870115694031281,0.8766890926294708,-0.1953369695934443,-0.15570451354631096,98.0,-0.17552074156987763,0.01981622802356666,0.09935611637013472,1.9844674545084815,1.998900688462799,2.0715089753482414,98.0,2.0352048319055203,0.0363041434427213,0.18202448499903068,1.9844674545084815,0.3026116960193873,0.32518042406533787,98.0,0.3138960600423626,0.011284364022975253,0.05657840552179389,1.9844674545084815,6.762150904169188,7.203430898237508,98.0,6.982790901203348,0.22063999703416054,1.1062616556067755,1.9844674545084815,1.622015098851201,1.7125700428027655,98.0,1.6672925708269832,0.0452774719757823,0.2270156444113047,1.9844674545084815,99.0,0.9797979797979798,-0.4023118455698725,-0.31237941324049895,98.0,-0.3573456294051857,0.04496621616468678,0.22545504627167343,1.9844674545084815,XGBRegressor,"{'mode': 'original', 'type': 'XGBRegressor'}",9,"['z_re_T6W50', 'z_pe_T6W50', 'z_l1_T6W50', 'z_l2_T6W50', 'z_l3_T6W50', 'z_lsc_T6W50', 'z_density_T6W50', 'z_diameter_T6W50', 'z_asp_T6W50']",-0.03513471169363498,0.01946371468433447,98.0,-0.007835498504650254,0.027299213188984726,0.1368748784679001,1.9844674545084815,2.5518153393231064,2.6472041383930383,98.0,2.5995097388580723,0.04769439953496604,0.23913382025904223,1.9844674545084815,completed,True,COMPLETE
26,1.851145672170118,2026-06-13 06:40:31.169573,2026-06-13 06:40:53.441087,0 days 00:00:22.271514,,,,,,,,,,,,,,,XGBRegressor,,,,,,9,,,,,,,,True,gbtree,0.6117979192597263,0.005102035565208404,5.0,483.0,4.666624480502756,1.286442182600391e-08,0.9342995640947301,-0.07755116686451552,-0.05825412985206574,98.0,-0.06790264835829063,0.009648518506224892,0.04837647842787269,1.9844674545084815,1.8238068168646675,1.8784845274755686,98.0,1.851145672170118,0.027338855305450615,0.1370736391367852,1.9844674545084815,0.27975758524092,0.30157635131674665,98.0,0.2906669682788333,0.010909383037913311,0.05469829724164622,1.9844674545084815,6.070609187273484,6.404098483612624,98.0,6.237353835443054,0.1667446481695701,0.8360370423639846,1.9844674545084815,1.4551724064121163,1.5226104788214447,98.0,1.4888914426167805,0.03371903620466413,0.1690630770424696,1.9844674545084815,99.0,0.9292929292929293,-0.1196946829106968,-0.08725072565077675,98.0,-0.10347270428073678,0.016221978629960023,0.0813349944598615,1.9844674545084815,XGBRegressor,"{'mode': 'original', 'type': 'XGBRegressor'}",9,"['z_re_T6W50', 'z_pe_T6W50', 'z_l1_T6W50', 'z_l2_T6W50', 'z_l3_T6W50', 'z_lsc_T6W50', 'z_density_T6W50', 'z_diameter_T6W50', 'z_asp_T6W50']",-0.042263334280602693,0.008581671614505865,98.0,-0.016840831333048416,0.02542250294755428,0.12746528543542016,1.9844674545084815,2.314162882068524,2.3957845278772107,98.0,2.3549737049728674,0.04081082290434332,0.2046204184178076,1.9844674545084815,completed,True,COMPLETE
27,1.7510681932623675,2026-06-13 06:40:53.461235,2026-06-13 06:40:56.449402,0 days 00:00:02.988167,,,,0.08347790852520648,0.901158010490989,,,,,,,,,,ElasticNet,,,,,,2,,,,,,,,False,,,,,,,,,-0.014383248905833914,-0.004874342442653801,98.0,-0.009628795674243858,0.004754453231590057,0.023838240455874703,1.9844674545084815,1.7261538913050747,1.7759824952196603,98.0,1.7510681932623675,0.024914301957292856,0.12491722852631602,1.9844674545084815,0.26524762210428526,0.28620471014496457,98.0,0.2757261661246249,0.010478544020339653,0.052538123695200604,1.9844674545084815,5.687726187235808,5.995646842936066,98.0,5.841686515085937,0.15396032785012853,0.7719380414915222,1.9844674545084815,1.348966244139873,1.4090582334011508,98.0,1.379012238770512,0.030045994630638728,0.1506469008848677,1.9844674545084815,99.0,0.3333333333333333,0.0008327191892302018,0.013895393639300275,98.0,0.007364056414265238,0.0065313372250350365,0.032747317027813215,1.9844674545084815,ElasticNet,"{'mode': 'original', 'type': 'ElasticNet'}",2,"['z_l2_T6W50', 'z_l3_T6W50']",0.10135987080207114,0.1507609031774455,98.0,0.12606038698975833,0.024700516187687187,0.12384533311928102,1.9844674545084815,2.1968221613222547,2.275426008598482,98.0,2.2361240849603683,0.03930192363811349,0.1970549841228424,1.9844674545084815,completed,False,COMPLETE
28,1.788488799774574,2026-06-13 06:40:56.462003,2026-06-13 06:40:59.264338,0 days 00:00:02.802335,,,,0.0002447220966646715,0.9743948076661665,,,,,,,,,,ElasticNet,,,,,,9,,,,,,,,False,,,,,,,,,-0.04344919166631434,-0.020908399206811888,98.0,-0.032178795436563115,0.011270396229751229,0.0565083727341539,1.9844674545084815,1.7620925317915805,1.8148850677575674,98.0,1.788488799774574,0.026396267982993393,0.13234762288446425,1.9844674545084815,0.26920939380055425,0.2896816986646333,98.0,0.27944554623259377,0.01023615243203949,0.05132280225129858,1.9844674545084815,5.773772256975036,6.104779861849549,98.0,5.939276059412292,0.16550380243725632,0.8298155953342807,1.9844674545084815,1.492272315105814,1.5553206788477525,98.0,1.5237964969767832,0.03152418187096931,0.15805834888054432,1.9844674545084815,99.0,0.5656565656565656,-0.0489735840469705,-0.008931906290310682,98.0,-0.02895274516864059,0.020020838878329908,0.10038200988893523,1.9844674545084815,ElasticNet,"{'mode': 'original', 'type': 'ElasticNet'}",9,"['z_re_T6W50', 'z_pe_T6W50', 'z_l1_T6W50', 'z_l2_T6W50', 'z_l3_T6W50', 'z_lsc_T6W50', 'z_density_T6W50', 'z_diameter_T6W50', 'z_asp_T6W50']",0.09843712217958481,0.15218038250303093,98.0,0.12530875234130787,0.026871630161723056,0.1347310300541666,1.9844674545084815,2.2336359352214434,2.3088941633595907,98.0,2.271265049290517,0.037629114069073676,0.18866772384258446,1.9844674545084815,completed,False,COMPLETE
29,2.2480854717782823,2026-06-13 06:40:59.276781,2026-06-13 06:41:02.042436,0 days 00:00:02.765655,13.0,5.0,9.0,,,,,,,,,,,,DecisionTreeRegressor,,,,,,8,,,,,,,,True,,,,,,,,,-0.32087362209326187,-0.27644250266543835,98.0,-0.2986580623793501,0.02221555971391177,0.11138606870783364,1.9844674545084815,2.2077752964862363,2.2883956470703284,98.0,2.2480854717782823,0.040310175292045884,0.20211023321158683,1.9844674545084815,0.33021720526554416,0.35340948394719934,98.0,0.34181334460637175,0.01159613934082761,0.058141608404049534,1.9844674545084815,7.06359709346029,7.498620318757123,98.0,7.281108706108706,0.21751161264841629,1.0905763232261192,1.9844674545084815,1.7901705938510355,1.9027167657029909,98.0,1.8464436797770132,0.05627308592597768,0.28214629278179393,1.9844674545084815,99.0,1.0,-0.6720852950454411,-0.5647541073736343,98.0,-0.6184197012095377,0.053665593835903455,0.2690726499458557,1.9844674545084815,DecisionTreeRegressor,"{'mode': 'original', 'type': 'DecisionTreeRegressor'}",8,"['z_re_T6W50', 'z_pe_T6W50', 'z_l1_T6W50', 'z_l3_T6W50', 'z_lsc_T6W50', 'z_density_T6W50', 'z_diameter_T6W50', 'z_asp_T6W50']",-0.03416715692265731,0.020473956394143216,98.0,-0.0068466002642570455,0.02732055665840026,0.13698189198371505,1.9844674545084815,2.7887832110419097,2.8816988358351487,98.0,2.8352410234385292,0.0464578123966195,0.2329337252927724,1.9844674545084815,completed,True,COMPLETE
30,1.806366762529359,2026-06-13 06:41:02.055121,2026-06-13 06:41:26.082795,0 days 00:00:24.027674,,,,,,10.0,log2,2.0,6.0,428.0,,,,,ExtraTreesRegressor,,,,,,9,,,,,,,,True,,,,,,,,,-0.04899182349585514,-0.0344083842339904,98.0,-0.04170010386492277,0.0072917196309323735,0.0365597803642409,1.9844674545084815,1.779955839243897,1.8327776858148208,98.0,1.806366762529359,0.026410923285461824,0.13242110275842217,1.9844674545084815,0.2731239653692834,0.2948789067490968,98.0,0.2840014360591901,0.010877470689906668,0.05453829267577114,1.9844674545084815,5.916852174061554,6.2060733283516525,98.0,6.061462751206603,0.1446105771450488,0.7250595478659502,1.9844674545084815,1.4341422779281119,1.4967875363327623,98.0,1.465464907130437,0.031322629202325175,0.1570477887286979,1.9844674545084815,99.0,0.8484848484848485,-0.06899404640556842,-0.044827516949084045,98.0,-0.05691078167732623,0.012083264728242189,0.06058399484718347,1.9844674545084815,ExtraTreesRegressor,"{'mode': 'original', 'type': 'ExtraTreesRegressor'}",9,"['z_re_T6W50', 'z_pe_T6W50', 'z_l1_T6W50', 'z_l2_T6W50', 'z_l3_T6W50', 'z_lsc_T6W50', 'z_density_T6W50', 'z_diameter_T6W50', 'z_asp_T6W50']",-0.018813920888564407,0.030764081095027145,98.0,0.0059750801032313694,0.024789000991795776,0.12428898498297304,1.9844674545084815,2.265915336594989,2.3459168438236278,98.0,2.3059160902093083,0.04000075361431926,0.20055883118981524,1.9844674545084815,completed,True,COMPLETE
31,1.7882376843134244,2026-06-13 06:41:26.095270,2026-06-13 06:41:27.733977,0 days 00:00:01.638707,,,,,,,,,,,,,,,LinearRegression,,,,,,3,,,,,,,,True,,,,,,,,,-0.03760588412305907,-0.025077630547566857,98.0,-0.03134175733531296,0.006264126787746107,0.03140755694476311,1.9844674545084815,1.7631944268039692,1.8132809418228797,98.0,1.7882376843134244,0.025043257509455335,0.12556379571518733,1.9844674545084815,0.26952366453581006,0.2899743536265768,98.0,0.27974900908119343,0.010225344545383354,0.05126861284436174,1.9844674545084815,5.783597116542308,6.072454803826349,98.0,5.928025960184328,0.1444288436420203,0.7241483585591972,1.9844674545084815,1.390212609773249,1.4560125267630177,98.0,1.4231125682681334,0.032899958494884265,0.1649563227120143,1.9844674545084815,99.0,0.6464646464646465,-0.040703607558833045,-0.01858012908987275,98.0,-0.029641868324352897,0.011061739234480148,0.05546219236728786,1.9844674545084815,LinearRegression,"{'mode': 'original', 'type': 'LinearRegression'}",3,"['z_l2_T6W50', 'z_diameter_T6W50', 'z_asp_T6W50']",0.015892414698407752,0.06288451139767495,98.0,0.039388463048041354,0.023496048349633602,0.11780628035205325,1.9844674545084815,2.2382557708296393,2.311878635752223,98.0,2.275067203290931,0.03681143246129178,0.18456796939487224,1.9844674545084815,completed,True,COMPLETE
32,2.1405561329846297,2026-06-13 06:41:27.746147,2026-06-13 06:41:29.485697,0 days 00:00:01.739550,12.0,3.0,18.0,,,,,,,,,,,,DecisionTreeRegressor,,,,,,3,,,,,,,,True,,,,,,,,,-0.25655072567127707,-0.21679826644097053,98.0,-0.2366744960561238,0.019876229615153278,0.0996569569291444,1.9844674545084815,2.1045402702910696,2.1765719956781897,98.0,2.1405561329846297,0.036015862693559934,0.18057908097830166,1.9844674545084815,0.3166274323366251,0.34004710318628256,98.0,0.32833726776145383,0.011709835424828745,0.05871166650690398,1.9844674545084815,6.697899767822137,7.161172177925386,98.0,6.9295359728737616,0.23163620505162444,1.1613952825570728,1.9844674545084815,1.7829855774016896,1.8844877345903384,98.0,1.833736655996014,0.05075107859432435,0.2544596310019636,1.9844674545084815,99.0,0.98989898989899,-0.47902631938718293,-0.3907521296987772,98.0,-0.43488922454298007,0.04413709484420286,0.22129793451937674,1.9844674545084815,DecisionTreeRegressor,"{'mode': 'original', 'type': 'DecisionTreeRegressor'}",3,"['z_re_T6W50', 'z_pe_T6W50', 'z_l3_T6W50']",-0.03368263919843522,0.01993674012507552,98.0,-0.006872949536679849,0.02680968966175537,0.13442046804834518,1.9844674545084815,2.6267043873286133,2.719116604194594,98.0,2.6729104957616037,0.046206108432990445,0.2316717127507583,1.9844674545084815,completed,True,COMPLETE
33,1.762872548570042,2026-06-13 06:41:29.499282,2026-06-13 06:41:31.511598,0 days 00:00:02.012316,,,,0.015394819813084208,0.9041586944937484,,,,,,,,,,ElasticNet,,,,,,4,,,,,,,,True,,,,,,,,,-0.02309750514561178,-0.01041120549869767,98.0,-0.016754355322154725,0.0063431498234570545,0.0318037686719738,1.9844674545084815,1.738298277771702,1.7874468193683821,98.0,1.762872548570042,0.024574270798339962,0.12321235435156304,1.9844674545084815,0.26617198336398096,0.286667469307636,98.0,0.27641972633580847,0.010247742971827518,0.05138091578423747,1.9844674545084815,5.752247777426648,6.026777726907614,98.0,5.889512752167131,0.13726497474048305,0.6882296059391203,1.9844674545084815,1.3676793896663024,1.4361399468974032,98.0,1.4019096682818528,0.03423027861555036,0.171626383258413,1.9844674545084815,99.0,0.42424242424242425,-0.009003168189062377,0.011990458178218503,98.0,0.0014936449945780628,0.01049681318364044,0.052629723020397076,1.9844674545084815,ElasticNet,"{'mode': 'original', 'type': 'ElasticNet'}",4,"['z_pe_T6W50', 'z_l2_T6W50', 'z_diameter_T6W50', 'z_asp_T6W50']",0.12243506531017243,0.16938194790604735,98.0,0.1459085066081099,0.02347344129793746,0.1176929313909676,1.9844674545084815,2.2035926871408096,2.278219622038132,98.0,2.240906154589471,0.03731346744866108,0.18708511072810793,1.9844674545084815,completed,True,COMPLETE
34,1.8351754497838493,2026-06-13 06:41:31.523800,2026-06-13 06:41:33.287534,0 days 00:00:01.763734,,,,,,,,,,,euclidean,10.0,distance,,KNeighborsRegressor,,,,,,3,3.0,1.0,3.0,20.0,,,ExtraTrees,,,,,,,,,,-0.07044810826269923,-0.04752480306076089,98.0,-0.05898645566173006,0.01146165260096917,0.05746730852418722,1.9844674545084815,1.8072475648569917,1.8631033347107069,98.0,1.8351754497838493,0.027927884926857598,0.14002696080528682,1.9844674545084815,0.27361046364626573,0.29427726143844624,98.0,0.283943862542356,0.010333398896090244,0.05181038399426804,1.9844674545084815,5.877944854181313,6.2076016178955635,98.0,6.042773236038438,0.1648283818571258,0.8264291200838737,1.9844674545084815,1.4675562241408409,1.5461753602109443,98.0,1.5068657921758926,0.03930956803505167,0.19709331218360482,1.9844674545084815,99.0,0.8080808080808081,-0.10992980153371106,-0.06923878402023424,98.0,-0.08958429277697265,0.020345508756738403,0.10200986450297525,1.9844674545084815,KNeighborsRegressor,"{'mode': 'proxy', 'type': 'ExtraTrees'}",3,"['z_l1_T6W50', 'z_l3_T6W50', 'z_asp_T6W50']",0.0793771608791809,0.12393661318202162,98.0,0.10165688703060126,0.022279726151420366,0.1117077912891735,1.9844674545084815,2.2991285357138507,2.375012808368349,98.0,2.3370706720411,0.037942136327249396,0.19023717872939552,1.9844674545084815,completed,True,COMPLETE
35,1.8215686830982147,2026-06-13 06:41:33.299725,2026-06-13 06:41:49.333831,0 days 00:00:16.034106,,,,,,,,,,,,,,,RandomForestRegressor,5.0,sqrt,1.0,2.0,175.0,6,,,,,,,,False,,,,,,,,,-0.059638083151313026,-0.04192749993189411,98.0,-0.05078279154160357,0.008855291609709454,0.044399336877806714,1.9844674545084815,1.7952244146144483,1.8479129515819812,98.0,1.8215686830982147,0.026344268483766368,0.13208690382681895,1.9844674545084815,0.27586287103164253,0.29768353522803803,98.0,0.2867732031298403,0.010910332098197762,0.05470305571252938,1.9844674545084815,5.996264949759411,6.314741714817963,98.0,6.155503332288687,0.15923838252927613,0.7984015548446016,1.9844674545084815,1.4444373872978344,1.5057814623713686,98.0,1.4751094248346015,0.030672037536767015,0.1537858025850301,1.9844674545084815,99.0,0.8686868686868687,-0.09655860432476968,-0.06505234532970625,98.0,-0.08080547482723796,0.01575312949753172,0.07898424289875797,1.9844674545084815,RandomForestRegressor,"{'mode': 'original', 'type': 'RandomForestRegressor'}",6,"['z_pe_T6W50', 'z_l1_T6W50', 'z_l2_T6W50', 'z_l3_T6W50', 'z_density_T6W50', 'z_asp_T6W50']",-0.00617970097112315,0.04287542848849549,98.0,0.01834786375868617,0.02452756472980932,0.12297817590071944,1.9844674545084815,2.29079016116743,2.370160173083619,98.0,2.3304751671255244,0.039685005958094335,0.19897571149427212,1.9844674545084815,completed,False,COMPLETE
36,2.487180965642047,2026-06-13 06:41:49.346203,2026-06-13 06:41:51.170519,0 days 00:00:01.824316,16.0,2.0,5.0,,,,,,,,,,,,DecisionTreeRegressor,,,,,,4,,,,,,,,False,,,,,,,,,-0.46895595656681416,-0.40917352913396937,98.0,-0.43906474285039176,0.029891213716422407,0.14987084852482907,1.9844674545084815,2.4421692418337115,2.532192689450383,98.0,2.487180965642047,0.045011723808335645,0.22568321596838511,1.9844674545084815,0.3611539178296266,0.38437199356326224,98.0,0.3727629556964444,0.011609037866817856,0.05820628001803006,1.9844674545084815,7.877907354914312,8.424954597947638,98.0,8.151430976430975,0.2735236215166628,1.3714136079313681,1.9844674545084815,2.011446549523999,2.1425217044442553,98.0,2.076984126984127,0.0655375774601282,0.32859730746947774,1.9844674545084815,99.0,1.0,-1.0681249236796317,-0.9085076756393984,98.0,-0.9883162996595151,0.07980862402011668,0.4001505698285683,1.9844674545084815,DecisionTreeRegressor,"{'mode': 'original', 'type': 'DecisionTreeRegressor'}",4,"['z_pe_T6W50', 'z_l1_T6W50', 'z_l3_T6W50', 'z_diameter_T6W50']",-0.06906056586934312,-0.016334310062826825,98.0,-0.04269743796608497,0.026363127903258142,0.13218146262355207,1.9844674545084815,3.0812849354702423,3.1840919327797423,98.0,3.1326884341249923,0.05140349865475002,0.2577307844913549,1.9844674545084815,completed,False,COMPLETE
37,1.7611305802963952,2026-06-13 06:41:51.183126,2026-06-13 06:42:06.789769,0 days 00:00:15.606643,,,,,,4.0,,3.0,6.0,289.0,,,,,ExtraTreesRegressor,,,,,,2,,,,,,,,True,,,,,,,,,-0.02219511307303518,-0.009295565831078757,98.0,-0.01574533945205697,0.006449773620978212,0.03233836720514263,1.9844674545084815,1.736478645188386,1.7857825154044045,98.0,1.7611305802963952,0.02465193510800933,0.12360175359445319,1.9844674545084815,0.2660917357500461,0.28676263963676263,98.0,0.27642718769340435,0.01033545194335826,0.051820677719341846,1.9844674545084815,5.68097054713431,5.986202593525462,98.0,5.833586570329886,0.1526160231955758,0.7651978642218716,1.9844674545084815,1.3636701712142538,1.4395594330709032,98.0,1.4016148021425785,0.03794463092832478,0.19024968635064654,1.9844674545084815,99.0,0.5454545454545454,-0.015824189793196684,0.0018845090151730984,98.0,-0.006969840389011793,0.008854349404184891,0.04439461277584182,1.9844674545084815,ExtraTreesRegressor,"{'mode': 'original', 'type': 'ExtraTreesRegressor'}",2,"['z_l3_T6W50', 'z_density_T6W50']",0.04612417635898984,0.09961893374978219,98.0,0.07287155505438601,0.026747378695396177,0.13410804856985728,1.9844674545084815,2.2131292121850983,2.2889893279583173,98.0,2.251059270071708,0.03793005788660934,0.19017661892192983,1.9844674545084815,completed,True,COMPLETE
