number,value,datetime_start,datetime_complete,duration,params_dt_max_depth,params_dt_min_samples_leaf,params_dt_min_samples_split,params_elastic_alpha,params_elastic_l1_ratio,params_et_max_depth,params_et_max_features,params_et_min_samples_leaf,params_et_min_samples_split,params_et_n_estimators,params_knn_metric,params_knn_n_neighbors,params_knn_weights,params_quantile_alpha,params_regressor,params_rf_max_depth,params_rf_max_features,params_rf_min_samples_leaf,params_rf_min_samples_split,params_rf_n_estimators,params_rfe_n_features,params_rfe_proxy_et_max_depth,params_rfe_proxy_et_min_samples_leaf,params_rfe_proxy_et_min_samples_split,params_rfe_proxy_et_n_estimators,params_rfe_proxy_lsvr_C,params_rfe_proxy_lsvr_epsilon,params_rfe_proxy_type,params_use_scaler,params_xgb_booster,params_xgb_colsample_bytree,params_xgb_learning_rate,params_xgb_max_depth,params_xgb_n_estimators,params_xgb_reg_alpha,params_xgb_reg_lambda,params_xgb_subsample,user_attrs_d2mae_ci_lower_val,user_attrs_d2mae_ci_upper_val,user_attrs_d2mae_df_val,user_attrs_d2mae_mean_val,user_attrs_d2mae_samperror_val,user_attrs_d2mae_std_val,user_attrs_d2mae_t_critical_val,user_attrs_mae_ci_lower_val,user_attrs_mae_ci_upper_val,user_attrs_mae_df_val,user_attrs_mae_mean_val,user_attrs_mae_samperror_val,user_attrs_mae_std_val,user_attrs_mae_t_critical_val,user_attrs_mape_ci_lower_val,user_attrs_mape_ci_upper_val,user_attrs_mape_df_val,user_attrs_mape_mean_val,user_attrs_mape_samperror_val,user_attrs_mape_std_val,user_attrs_mape_t_critical_val,user_attrs_max_error_ci_lower_val,user_attrs_max_error_ci_upper_val,user_attrs_max_error_df_val,user_attrs_max_error_mean_val,user_attrs_max_error_samperror_val,user_attrs_max_error_std_val,user_attrs_max_error_t_critical_val,user_attrs_median_ae_ci_lower_val,user_attrs_median_ae_ci_upper_val,user_attrs_median_ae_df_val,user_attrs_median_ae_mean_val,user_attrs_median_ae_samperror_val,user_attrs_median_ae_std_val,user_attrs_median_ae_t_critical_val,user_attrs_n_splits_val,user_attrs_r2_below_zero_val,user_attrs_r2_ci_lower_val,user_attrs_r2_ci_upper_val,user_attrs_r2_df_val,user_attrs_r2_mean_val,user_attrs_r2_samperror_val,user_attrs_r2_std_val,user_attrs_r2_t_critical_val,user_attrs_regressor_final,user_attrs_rfe_estimator,user_attrs_rfe_n_features,user_attrs_rfe_selected_features,user_attrs_rho_ci_lower_val,user_attrs_rho_ci_upper_val,user_attrs_rho_df_val,user_attrs_rho_mean_val,user_attrs_rho_samperror_val,user_attrs_rho_std_val,user_attrs_rho_t_critical_val,user_attrs_rmse_ci_lower_val,user_attrs_rmse_ci_upper_val,user_attrs_rmse_df_val,user_attrs_rmse_mean_val,user_attrs_rmse_samperror_val,user_attrs_rmse_std_val,user_attrs_rmse_t_critical_val,user_attrs_termination_reason,user_attrs_use_scaler_final,state
38,1.811262598177055,2026-06-13 06:42:06.863313,2026-06-13 06:42:24.023659,0 days 00:00:17.160346,,,,,,13.0,,3.0,10.0,292.0,,,,,ExtraTreesRegressor,,,,,,7,,,,,,,,True,,,,,,,,,-0.054475049931496,-0.035161868632750254,98.0,-0.04481845928212313,0.009656590649372878,0.048416951155225936,1.9844674545084815,1.7840004083959489,1.838524787958161,98.0,1.811262598177055,0.027262189781106,0.13668924767998009,1.9844674545084815,0.2725329592862686,0.2937457729792177,98.0,0.28313936613274315,0.010606406846474573,0.053179212090921885,1.9844674545084815,5.864445181387419,6.167348770779242,98.0,6.01589697608333,0.1514517946959113,0.7593605665203854,1.9844674545084815,1.4662558312482759,1.5291087079646313,98.0,1.4976822696064536,0.031426438358177614,0.15756827499666445,1.9844674545084815,99.0,0.7474747474747475,-0.06788825498235478,-0.03798354581471852,98.0,-0.05293590039853665,0.014952354583818129,0.07496925652402547,1.9844674545084815,ExtraTreesRegressor,"{'mode': 'original', 'type': 'ExtraTreesRegressor'}",7,"['z_pe_T6W50', 'z_l1_T6W50', 'z_l2_T6W50', 'z_l3_T6W50', 'z_density_T6W50', 'z_diameter_T6W50', 'z_asp_T6W50']",0.03990872931626669,0.08700076133629381,98.0,0.06345474532628025,0.023546016010013555,0.11805681202102423,1.9844674545084815,2.260945571349828,2.3401455174225094,98.0,2.3005455443861687,0.03959997303634092,0.1985493669417681,1.9844674545084815,completed,True,COMPLETE
39,1.7514241242484376,2026-06-13 06:42:24.036314,2026-06-13 06:42:26.455656,0 days 00:00:02.419342,,,,,,,,,,,,,,0.0026636419343091617,QuantileRegressor,,,,,,3,,,,,,,,False,,,,,,,,,-0.014330520178461564,-0.005214421685004433,98.0,-0.009772470931732998,0.004558049246728565,0.02285349516770738,1.9844674545084815,1.7263408587954114,1.7765073897014638,98.0,1.7514241242484376,0.025083265453026207,0.12576439059593003,1.9844674545084815,0.26270944486565245,0.28321480601867416,98.0,0.2729621254421633,0.010252680576510855,0.051405672323419596,1.9844674545084815,5.726101906810594,6.053687972204911,98.0,5.8898949395077524,0.16379303269715914,0.8212380074513872,1.9844674545084815,1.1311387766807075,1.260992013594487,98.0,1.1960653951375972,0.06492661845688984,0.3255340345927758,1.9844674545084815,99.0,0.9090909090909091,-0.017788250351391255,-0.0060972210965308075,98.0,-0.011942735723961031,0.005845514627430224,0.029308687348347736,1.9844674545084815,QuantileRegressor,"{'mode': 'original', 'type': 'QuantileRegressor'}",3,"['z_pe_T6W50', 'z_l2_T6W50', 'z_diameter_T6W50']",-0.0022786225191676196,0.09410427583546589,23.0,0.045912826658149136,0.048191449177316756,0.11412662961250693,2.0686576104190486,2.218480450818864,2.2968841321236204,98.0,2.257682291471242,0.03920184065237836,0.19655318041097833,1.9844674545084815,completed,False,COMPLETE
40,1.7651982392975458,2026-06-13 06:42:26.468165,2026-06-13 06:42:36.129725,0 days 00:00:09.661560,,,,,,5.0,log2,5.0,9.0,166.0,,,,,ExtraTreesRegressor,,,,,,8,,,,,,,,True,,,,,,,,,-0.022183302171529085,-0.013318679751076661,98.0,-0.017750990961302872,0.004432311210226211,0.022223060204402408,1.9844674545084815,1.7401472055611813,1.7902492730339103,98.0,1.7651982392975458,0.02505103373636453,0.12560278475511924,1.9844674545084815,0.26747388672049943,0.2887230892458845,98.0,0.278098487983192,0.010624601262692527,0.05327043664349001,1.9844674545084815,5.74391035846906,6.052436403977024,98.0,5.898173381223042,0.15426302275398193,0.7734557163010841,1.9844674545084815,1.3620873396179178,1.417569167848941,98.0,1.3898282537334294,0.02774091411551163,0.1390895122823986,1.9844674545084815,99.0,0.5353535353535354,-0.014123401305014766,-0.0013069848049681726,98.0,-0.007715193054991469,0.006408208250023297,0.03212996357612438,1.9844674545084815,ExtraTreesRegressor,"{'mode': 'original', 'type': 'ExtraTreesRegressor'}",8,"['z_re_T6W50', 'z_pe_T6W50', 'z_l1_T6W50', 'z_l2_T6W50', 'z_l3_T6W50', 'z_density_T6W50', 'z_diameter_T6W50', 'z_asp_T6W50']",0.03413232626683409,0.0846582149907845,98.0,0.059395270628809296,0.025262944361975206,0.1266652784220877,1.9844674545084815,2.213608706617341,2.292321771454746,98.0,2.2529652390360435,0.03935653241870245,0.19732878579451144,1.9844674545084815,completed,True,COMPLETE
41,2.323127551374042,2026-06-13 06:42:36.143403,2026-06-13 06:42:37.973377,0 days 00:00:01.829974,11.0,1.0,12.0,,,,,,,,,,,,DecisionTreeRegressor,,,,,,4,,,,,,,,True,,,,,,,,,-0.370968638982961,-0.3154156812989454,98.0,-0.3431921601409532,0.027776478842007808,0.13926782942228133,1.9844674545084815,2.277704059346698,2.3685510434013857,98.0,2.323127551374042,0.04542349202734361,0.22774777088956505,1.9844674545084815,0.33969999166343323,0.3620159682545756,98.0,0.3508579799590044,0.011157988295571165,0.055944773255179464,1.9844674545084815,7.283296423892924,7.883836843397081,98.0,7.5835666336450025,0.30027020975207824,1.5055176932326486,1.9844674545084815,1.8982013986723807,2.017682538673858,98.0,1.9579419686731194,0.059740570000738714,0.299531829062151,1.9844674545084815,99.0,0.98989898989899,-0.7931526276283836,-0.6501775745406495,98.0,-0.7216651010845165,0.07148752654386699,0.35842961626493974,1.9844674545084815,DecisionTreeRegressor,"{'mode': 'original', 'type': 'DecisionTreeRegressor'}",4,"['z_re_T6W50', 'z_pe_T6W50', 'z_l3_T6W50', 'z_density_T6W50']",-0.04719523705263475,0.006971314846770112,98.0,-0.02011196110293232,0.02708327594970243,0.13579219585800775,1.9844674545084815,2.8625967331470035,2.9729377187560386,98.0,2.917767225951521,0.05517049280451739,0.27661802724334555,1.9844674545084815,completed,True,COMPLETE
42,1.7538592973561933,2026-06-13 06:42:37.986752,2026-06-13 06:42:40.166400,0 days 00:00:02.179648,,,,,,,,,,,,,,0.011460526527150103,QuantileRegressor,,,,,,4,,,,,,,,True,,,,,,,,,-0.0165087091013058,-0.0060788080429076624,98.0,-0.011293758572106731,0.0052149505291990686,0.026147116950178313,1.9844674545084815,1.7289961803815337,1.7787224143308529,98.0,1.7538592973561933,0.024863116974659552,0.12466059335412936,1.9844674545084815,0.26369387322049453,0.284141505783444,98.0,0.27391768950196926,0.010223816281474724,0.05126095031814487,1.9844674545084815,5.706508712922188,6.033936200004996,98.0,5.870222456463592,0.163713743541404,0.8208404614311896,1.9844674545084815,1.1531823119782814,1.2824385237773919,98.0,1.2178104178778366,0.06462810589955523,0.3240373295513718,1.9844674545084815,99.0,0.8686868686868687,-0.017297187028229726,-0.00548193987562823,98.0,-0.011389563451928979,0.005907623576300748,0.029620093936133653,1.9844674545084815,QuantileRegressor,"{'mode': 'original', 'type': 'QuantileRegressor'}",4,"['z_pe_T6W50', 'z_l2_T6W50', 'z_l3_T6W50', 'z_diameter_T6W50']",-0.01504836537575889,0.07198553404807478,28.0,0.028468584336157947,0.04351694971191684,0.11440398801630486,2.0484071417952454,2.2177517626731675,2.2965770704876305,98.0,2.257164416580399,0.03941265390723163,0.19761017199669578,1.9844674545084815,completed,True,COMPLETE
43,1.7349970291146763,2026-06-13 06:42:40.262392,2026-06-13 06:42:42.608804,0 days 00:00:02.346412,,,,,,,,,,,,,,1.6186162039332974,QuantileRegressor,,,,,,3,,,,,,,,True,,,,,,,,,0.0,0.0,98.0,0.0,0.0,0.0,1.9844674545084815,1.7097615267403508,1.760232531489002,98.0,1.7349970291146763,0.025235502374325525,0.1265276876901327,1.9844674545084815,0.25983396043683077,0.2806349322602259,98.0,0.27023444634852833,0.010400485911697585,0.05214674999296774,1.9844674545084815,5.70097731382373,6.036396423550007,98.0,5.8686868686868685,0.16770955486313893,0.8408749651825216,1.9844674545084815,1.033280465877702,1.1485377159404797,98.0,1.0909090909090908,0.057628625031388776,0.2889427981985323,1.9844674545084815,99.0,0.9797979797979798,-0.009845695376372022,-0.006666757700651824,98.0,-0.008256226538511923,0.0015894688378600991,0.007969400161994435,1.9844674545084815,QuantileRegressor,"{'mode': 'original', 'type': 'QuantileRegressor'}",3,"['z_density_T6W50', 'z_diameter_T6W50', 'z_asp_T6W50']",,,,,,,,2.2146203974868346,2.2936018858285863,98.0,2.2541111416577104,0.03949074417087585,0.1980017069201324,1.9844674545084815,completed,True,COMPLETE
44,1.7481740135972235,2026-06-13 06:42:42.622005,2026-06-13 06:43:05.563938,0 days 00:00:22.941933,,,,,,10.0,log2,3.0,6.0,418.0,,,,,ExtraTreesRegressor,,,,,,3,,,,,,,,True,,,,,,,,,-0.011006331643680313,-0.004571897882468867,98.0,-0.00778911476307459,0.003217216880605723,0.016130727522779647,1.9844674545084815,1.7231557845897074,1.7731922426047395,98.0,1.7481740135972235,0.025018229007516043,0.12543830590207591,1.9844674545084815,0.2651074270824586,0.2863831162081725,98.0,0.27574527164531554,0.010637844562856958,0.053336836912537024,1.9844674545084815,5.711852363725743,6.012843074811801,98.0,5.862347719268772,0.15049535554302892,0.7545650989035553,1.9844674545084815,1.279783708731763,1.3354225032735603,98.0,1.3076031060026616,0.027819397270898678,0.13948301711643954,1.9844674545084815,99.0,0.43434343434343436,-0.0045643389536834935,0.004427149816879414,98.0,-6.859456840203963e-05,0.004495744385281454,0.022541106298493603,1.9844674545084815,ExtraTreesRegressor,"{'mode': 'original', 'type': 'ExtraTreesRegressor'}",3,"['z_l2_T6W50', 'z_l3_T6W50', 'z_density_T6W50']",0.04940853683342611,0.10109365047557542,98.0,0.07525109365450076,0.025842556821074655,0.12957138360352674,1.9844674545084815,2.20540261174265,2.2840948844396256,98.0,2.244748748091138,0.039346136348487784,0.19727666118427722,1.9844674545084815,completed,True,COMPLETE
45,2.2859958624813053,2026-06-13 06:43:05.585217,2026-06-13 06:43:07.412896,0 days 00:00:01.827679,17.0,3.0,13.0,,,,,,,,,,,,DecisionTreeRegressor,,,,,,9,,,,,,,,True,,,,,,,,,-0.34797271337129565,-0.294954217864864,98.0,-0.3214634656180798,0.026509247753215812,0.1329140894786284,1.9844674545084815,2.24164863410617,2.3303430908564406,98.0,2.2859958624813053,0.044347228375135224,0.22235151805342537,1.9844674545084815,0.33472745516236896,0.358555986112623,98.0,0.346641720637496,0.011914265475127053,0.0597366534944798,1.9844674545084815,7.2791842610424595,7.748954267096071,98.0,7.514069264069265,0.23488500302680596,1.1776843537819959,1.9844674545084815,1.8464581085753495,1.9735449523368025,98.0,1.910001530456076,0.06354342188072655,0.3185988580384582,1.9844674545084815,99.0,1.0,-0.7342243153504179,-0.6047706971308894,98.0,-0.6694975062406536,0.06472680910976424,0.32453221523940334,1.9844674545084815,DecisionTreeRegressor,"{'mode': 'original', 'type': 'DecisionTreeRegressor'}",9,"['z_re_T6W50', 'z_pe_T6W50', 'z_l1_T6W50', 'z_l2_T6W50', 'z_l3_T6W50', 'z_lsc_T6W50', 'z_density_T6W50', 'z_diameter_T6W50', 'z_asp_T6W50']",-0.03698947101087533,0.021890033386889884,98.0,-0.0075497188119927235,0.029439752198882608,0.14760727631421577,1.9844674545084815,2.8227079707085414,2.9278664823138865,98.0,2.875287226511214,0.052579255802672725,0.2636258854093045,1.9844674545084815,completed,True,COMPLETE
46,1.77987384875138,2026-06-13 06:43:07.426935,2026-06-13 06:43:09.259027,0 days 00:00:01.832092,,,,,,,,,,,,,,,LinearRegression,,,,,,8,,,,,,,,True,,,,,,,,,-0.0379641068734748,-0.016294244058245595,98.0,-0.027129175465860196,0.0108349314076146,0.054325005975765166,1.9844674545084815,1.7536516083208087,1.8060960891819515,98.0,1.77987384875138,0.02622224043057141,0.13147507026095362,1.9844674545084815,0.26826277551295963,0.2885493435754337,98.0,0.27840605954419667,0.010143284031237062,0.05085717157596214,1.9844674545084815,5.72065129995609,6.024548952924951,98.0,5.8726001264405205,0.15194882648442984,0.7618526224333965,1.9844674545084815,1.475770493699478,1.535831055744421,98.0,1.5058007747219495,0.030030281022471482,0.15056811479703086,1.9844674545084815,99.0,0.5151515151515151,-0.0314331644912299,0.003960213436731154,98.0,-0.013736475527249372,0.017696688963980526,0.08872900967733523,1.9844674545084815,LinearRegression,"{'mode': 'original', 'type': 'LinearRegression'}",8,"['z_re_T6W50', 'z_pe_T6W50', 'z_l2_T6W50', 'z_l3_T6W50', 'z_lsc_T6W50', 'z_density_T6W50', 'z_diameter_T6W50', 'z_asp_T6W50']",0.11697123891375387,0.1695353235714112,98.0,0.14325328124258255,0.026282042328828678,0.13177490958230872,1.9844674545084815,2.218045496156074,2.2925616215367426,98.0,2.2553035588464083,0.03725806269033413,0.1868073181225099,1.9844674545084815,completed,True,COMPLETE
47,1.7508678368237487,2026-06-13 06:43:09.271839,2026-06-13 06:43:11.026664,0 days 00:00:01.754825,,,,0.2949458041415269,0.5427244433475962,,,,,,,,,,ElasticNet,,,,,,4,,,,,,,,True,,,,,,,,,-0.01272305630777083,-0.006016192897031676,98.0,-0.009369624602401252,0.0033534317053695766,0.01681369180662215,1.9844674545084815,1.7258922496625606,1.7758434239849368,98.0,1.7508678368237487,0.024975587161187977,0.12522450495867893,1.9844674545084815,0.26534554744807964,0.2864908243484207,98.0,0.2759181858982502,0.010572638450170518,0.053009901528446104,1.9844674545084815,5.714988695379859,6.021300152714539,98.0,5.868144424047199,0.15315572866733967,0.7679038807046452,1.9844674545084815,1.298431000835308,1.3633646536096353,98.0,1.3308978272224716,0.03246682638716365,0.16278465189518923,1.9844674545084815,99.0,0.32323232323232326,-0.001664134680536313,0.0076021455256768036,98.0,0.002969005422570245,0.004633140103106558,0.023229991434088253,1.9844674545084815,ElasticNet,"{'mode': 'original', 'type': 'ElasticNet'}",4,"['z_l2_T6W50', 'z_l3_T6W50', 'z_diameter_T6W50', 'z_asp_T6W50']",0.07335567208908986,0.12422391381055922,98.0,0.09878979294982454,0.025434120860734682,0.12752353621516277,1.9844674545084815,2.2018321827216427,2.2810322086034684,98.0,2.2414321956625556,0.03960001294091298,0.19854956701835694,1.9844674545084815,completed,True,COMPLETE
48,2.261143885163493,2026-06-13 06:43:11.039205,2026-06-13 06:43:13.138101,0 days 00:00:02.098896,13.0,5.0,2.0,,,,,,,,,,,,DecisionTreeRegressor,,,,,,9,,,,,,,,True,,,,,,,,,-0.3327411036231156,-0.2808474915509942,98.0,-0.3067942975870549,0.025946806036060706,0.13009407627356118,1.9844674545084815,2.2170675313817445,2.305220238945241,98.0,2.261143885163493,0.044076353781748547,0.22099338634489674,1.9844674545084815,0.33100252877707065,0.35410703157801643,98.0,0.34255478017754354,0.011552251400472884,0.0579215596993241,1.9844674545084815,7.031942917015859,7.475312173572566,98.0,7.253627545294212,0.22168462827835367,1.111499307461533,1.9844674545084815,1.8563874105568061,1.9642635434274816,98.0,1.9103254769921438,0.05393806643533781,0.27043879385906044,1.9844674545084815,99.0,1.0,-0.6848450981399273,-0.5602482438451147,98.0,-0.622546670992521,0.062298427147406306,0.3123566084308708,1.9844674545084815,DecisionTreeRegressor,"{'mode': 'original', 'type': 'DecisionTreeRegressor'}",9,"['z_re_T6W50', 'z_pe_T6W50', 'z_l1_T6W50', 'z_l2_T6W50', 'z_l3_T6W50', 'z_lsc_T6W50', 'z_density_T6W50', 'z_diameter_T6W50', 'z_asp_T6W50']",-0.017701713937796393,0.03955863176395118,98.0,0.01092845891307739,0.028630172850873783,0.14354814559489007,1.9844674545084815,2.783545072154611,2.8860647605319714,98.0,2.834804916343291,0.05125984418868045,0.25701051876616626,1.9844674545084815,completed,True,COMPLETE
49,1.7349970291146763,2026-06-13 06:43:13.151228,2026-06-13 06:43:15.840667,0 days 00:00:02.689439,,,,,,,,,,,,,,4.244656636175243,QuantileRegressor,,,,,,5,,,,,,,,False,,,,,,,,,0.0,0.0,98.0,0.0,0.0,0.0,1.9844674545084815,1.7097615267403508,1.760232531489002,98.0,1.7349970291146763,0.025235502374325525,0.1265276876901327,1.9844674545084815,0.25983396043683077,0.2806349322602259,98.0,0.27023444634852833,0.010400485911697585,0.05214674999296774,1.9844674545084815,5.70097731382373,6.036396423550007,98.0,5.8686868686868685,0.16770955486313893,0.8408749651825216,1.9844674545084815,1.033280465877702,1.1485377159404797,98.0,1.0909090909090908,0.057628625031388776,0.2889427981985323,1.9844674545084815,99.0,0.9797979797979798,-0.009845695376372022,-0.006666757700651824,98.0,-0.008256226538511923,0.0015894688378600991,0.007969400161994435,1.9844674545084815,QuantileRegressor,"{'mode': 'original', 'type': 'QuantileRegressor'}",5,"['z_l3_T6W50', 'z_lsc_T6W50', 'z_density_T6W50', 'z_diameter_T6W50', 'z_asp_T6W50']",,,,,,,,2.2146203974868346,2.2936018858285863,98.0,2.2541111416577104,0.03949074417087585,0.1980017069201324,1.9844674545084815,completed,False,COMPLETE
50,1.77061503965261,2026-06-13 06:43:15.853309,2026-06-13 06:43:17.686868,0 days 00:00:01.833559,,,,0.004742269251269964,0.8028534485980114,,,,,,,,,,ElasticNet,,,,,,2,,,,,,,,True,,,,,,,,,-0.025206730085264955,-0.016743568901655317,98.0,-0.020975149493460136,0.004231580591804818,0.021216621710698835,1.9844674545084815,1.7460422130443305,1.7951878662608893,98.0,1.77061503965261,0.024572826608279513,0.12320511336122239,1.9844674545084815,0.2680918022433379,0.28907336360703967,98.0,0.2785825829251888,0.01049078068185088,0.05259947680254503,1.9844674545084815,5.807228430779551,6.101292823820472,98.0,5.954260627300012,0.14703219652046082,0.7372012478999561,1.9844674545084815,1.2648967205676072,1.3398131534732083,98.0,1.3023549370204077,0.03745821645280049,0.18781086433180244,1.9844674545084815,99.0,0.8080808080808081,-0.0334038468645988,-0.017839234732777688,98.0,-0.025621540798688246,0.007782306065910559,0.03901952007178435,1.9844674545084815,ElasticNet,"{'mode': 'original', 'type': 'ElasticNet'}",2,"['z_diameter_T6W50', 'z_asp_T6W50']",-0.0490667613269581,-0.0019499278411882377,98.0,-0.02550834458407317,0.023558416742884933,0.11811898776187553,1.9844674545084815,2.2339880580213216,2.3098228619790144,98.0,2.271905460000168,0.03791740197884634,0.19011316376573287,1.9844674545084815,completed,True,COMPLETE
51,1.8062259666744833,2026-06-13 06:43:17.700697,2026-06-13 06:43:28.516267,0 days 00:00:10.815570,,,,,,,,,,,,,,,RandomForestRegressor,5.0,sqrt,3.0,7.0,113.0,7,,,,,,,,False,,,,,,,,,-0.05109191198422081,-0.03265408872537525,98.0,-0.04187300035479803,0.009218911629422783,0.046222482682860166,1.9844674545084815,1.7793566609414952,1.8330952724074714,98.0,1.8062259666744833,0.026869305732988156,0.13471937565598324,1.9844674545084815,0.2732195185751713,0.2948458162416367,98.0,0.284032667408404,0.010813148833232695,0.05421579084195887,1.9844674545084815,5.916656370518436,6.23843391958311,98.0,6.077545145050773,0.16088877453233716,0.8066764162217244,1.9844674545084815,1.425053401299208,1.4933942142933037,98.0,1.4592238077962558,0.03417040649704791,0.17132619186143364,1.9844674545084815,99.0,0.7878787878787878,-0.07214373147303316,-0.04297034275233365,98.0,-0.0575570371126834,0.014586694360349758,0.07313588138968374,1.9844674545084815,RandomForestRegressor,"{'mode': 'original', 'type': 'RandomForestRegressor'}",7,"['z_pe_T6W50', 'z_l2_T6W50', 'z_l3_T6W50', 'z_lsc_T6W50', 'z_density_T6W50', 'z_diameter_T6W50', 'z_asp_T6W50']",0.018384933844665503,0.07106412756723393,98.0,0.04472453070594972,0.026339596861284217,0.13206348088949596,1.9844674545084815,2.266046170706108,2.345484363639353,98.0,2.3057652671727307,0.03971909646662273,0.19914663708760083,1.9844674545084815,completed,False,COMPLETE
