number,value,datetime_start,datetime_complete,duration,params_dt_max_depth,params_dt_min_samples_leaf,params_dt_min_samples_split,params_elastic_alpha,params_elastic_l1_ratio,params_et_max_depth,params_et_max_features,params_et_min_samples_leaf,params_et_min_samples_split,params_et_n_estimators,params_knn_metric,params_knn_n_neighbors,params_knn_weights,params_quantile_alpha,params_regressor,params_rf_max_depth,params_rf_max_features,params_rf_min_samples_leaf,params_rf_min_samples_split,params_rf_n_estimators,params_rfe_n_features,params_rfe_proxy_et_max_depth,params_rfe_proxy_et_min_samples_leaf,params_rfe_proxy_et_min_samples_split,params_rfe_proxy_et_n_estimators,params_rfe_proxy_lsvr_C,params_rfe_proxy_lsvr_epsilon,params_rfe_proxy_type,params_use_scaler,params_xgb_booster,params_xgb_colsample_bytree,params_xgb_learning_rate,params_xgb_max_depth,params_xgb_n_estimators,params_xgb_reg_alpha,params_xgb_reg_lambda,params_xgb_subsample,user_attrs_d2mae_ci_lower_val,user_attrs_d2mae_ci_upper_val,user_attrs_d2mae_df_val,user_attrs_d2mae_mean_val,user_attrs_d2mae_samperror_val,user_attrs_d2mae_std_val,user_attrs_d2mae_t_critical_val,user_attrs_mae_ci_lower_val,user_attrs_mae_ci_upper_val,user_attrs_mae_df_val,user_attrs_mae_mean_val,user_attrs_mae_samperror_val,user_attrs_mae_std_val,user_attrs_mae_t_critical_val,user_attrs_mape_ci_lower_val,user_attrs_mape_ci_upper_val,user_attrs_mape_df_val,user_attrs_mape_mean_val,user_attrs_mape_samperror_val,user_attrs_mape_std_val,user_attrs_mape_t_critical_val,user_attrs_max_error_ci_lower_val,user_attrs_max_error_ci_upper_val,user_attrs_max_error_df_val,user_attrs_max_error_mean_val,user_attrs_max_error_samperror_val,user_attrs_max_error_std_val,user_attrs_max_error_t_critical_val,user_attrs_median_ae_ci_lower_val,user_attrs_median_ae_ci_upper_val,user_attrs_median_ae_df_val,user_attrs_median_ae_mean_val,user_attrs_median_ae_samperror_val,user_attrs_median_ae_std_val,user_attrs_median_ae_t_critical_val,user_attrs_n_splits_val,user_attrs_r2_below_zero_val,user_attrs_r2_ci_lower_val,user_attrs_r2_ci_upper_val,user_attrs_r2_df_val,user_attrs_r2_mean_val,user_attrs_r2_samperror_val,user_attrs_r2_std_val,user_attrs_r2_t_critical_val,user_attrs_regressor_final,user_attrs_rfe_estimator,user_attrs_rfe_n_features,user_attrs_rfe_selected_features,user_attrs_rho_ci_lower_val,user_attrs_rho_ci_upper_val,user_attrs_rho_df_val,user_attrs_rho_mean_val,user_attrs_rho_samperror_val,user_attrs_rho_std_val,user_attrs_rho_t_critical_val,user_attrs_rmse_ci_lower_val,user_attrs_rmse_ci_upper_val,user_attrs_rmse_df_val,user_attrs_rmse_mean_val,user_attrs_rmse_samperror_val,user_attrs_rmse_std_val,user_attrs_rmse_t_critical_val,user_attrs_termination_reason,user_attrs_use_scaler_final,state
238,1.7660457259845845,2026-06-13 06:58:29.244134,2026-06-13 06:58:30.921993,0 days 00:00:01.677859,,,,,,,,,,,,,,,LinearRegression,,,,,,6,,,,,,,,True,,,,,,,,,-0.029622891998686382,-0.00868689035709358,98.0,-0.01915489117788998,0.010468000820796401,0.05248526139671034,1.9844674545084815,1.740333131657399,1.7917583203117702,98.0,1.7660457259845845,0.025712594327185565,0.12891976773338026,1.9844674545084815,0.2657829500716771,0.2855387343550689,98.0,0.275660842213373,0.00987789214169585,0.04952652946639478,1.9844674545084815,5.634941596086831,5.9300673073399555,98.0,5.782504451713393,0.14756285562656193,0.7398619070241825,1.9844674545084815,1.4666080550249296,1.5230518561288575,98.0,1.4948299555768936,0.028221900551963885,0.14150111878469426,1.9844674545084815,99.0,0.42424242424242425,-0.011118219272740678,0.021706309932502887,98.0,0.005294045329881104,0.01641226460262178,0.0822890647915564,1.9844674545084815,LinearRegression,"{'mode': 'original', 'type': 'LinearRegression'}",6,"['z_re_T6W50', 'z_pe_T6W50', 'z_l2_T6W50', 'z_l3_T6W50', 'z_diameter_T6W50', 'z_asp_T6W50']",0.13613018113936406,0.18888079647406705,98.0,0.16250548880671556,0.026375307667351484,0.1322425304542805,1.9844674545084815,2.1979801453327976,2.2701897984636767,98.0,2.234084971898237,0.03610482656543951,0.18102513482854463,1.9844674545084815,completed,True,COMPLETE
239,1.785845497446857,2026-06-13 06:58:30.934694,2026-06-13 06:58:43.743727,0 days 00:00:12.809033,,,,,,,,,,,,,,,RandomForestRegressor,3.0,sqrt,3.0,7.0,144.0,8,,,,,,,,True,,,,,,,,,-0.03656323355487996,-0.023086460033438012,98.0,-0.029824846794158987,0.006738386760720973,0.03378543779113554,1.9844674545084815,1.759949369818058,1.811741625075656,98.0,1.785845497446857,0.02589612762879904,0.12983998100763292,1.9844674545084815,0.2706763524085988,0.29224294017249897,98.0,0.28145964629054887,0.010783293881950083,0.05406610180879211,1.9844674545084815,5.8754210869985375,6.180159755539954,98.0,6.027790421269246,0.15236933427070842,0.7639609964639311,1.9844674545084815,1.3831366092873965,1.4482296163774575,98.0,1.415683112832427,0.03254650354503044,0.1631841433099852,1.9844674545084815,99.0,0.797979797979798,-0.04952139345355172,-0.028164983671151847,98.0,-0.038843188562351784,0.010678204891199939,0.053539198606942895,1.9844674545084815,RandomForestRegressor,"{'mode': 'original', 'type': 'RandomForestRegressor'}",8,"['z_pe_T6W50', 'z_l1_T6W50', 'z_l2_T6W50', 'z_l3_T6W50', 'z_lsc_T6W50', 'z_density_T6W50', 'z_diameter_T6W50', 'z_asp_T6W50']",-0.0011324243648057238,0.05214605155922383,98.0,0.025506813597209053,0.026639237962014777,0.1335658443079051,1.9844674545084815,2.2467632408366702,2.3263895086168622,98.0,2.2865763747267662,0.03981313389009583,0.1996181290980192,1.9844674545084815,completed,True,COMPLETE
240,2.253519353207237,2026-06-13 06:58:43.756073,2026-06-13 06:58:43.878193,0 days 00:00:00.122120,11.0,1.0,9.0,,,,,,,,,,,,DecisionTreeRegressor,,,,,,7,,,,,,,,True,,,,,,,,,,,,,,,,,,,,,,,,,,,,,,,,,,,,,,,,,,,,,,,,,,,,,DecisionTreeRegressor,"{'mode': 'original', 'type': 'DecisionTreeRegressor'}",7,"['z_re_T6W50', 'z_pe_T6W50', 'z_l1_T6W50', 'z_l3_T6W50', 'z_lsc_T6W50', 'z_density_T6W50', 'z_diameter_T6W50']",,,,,,,,,,,,,,,pruned,True,PRUNED
241,1.7710212556670395,2026-06-13 06:58:43.888173,2026-06-13 06:58:45.550234,0 days 00:00:01.662061,,,,,,,,,,,,,,,LinearRegression,,,,,,4,,,,,,,,True,,,,,,,,,-0.029313171193327398,-0.013933138988960096,98.0,-0.021623155091143747,0.007690016102183651,0.038556789608401455,1.9844674545084815,1.7460991173630023,1.7959433939710767,98.0,1.7710212556670395,0.02492213830403731,0.12495651899966609,1.9844674545084815,0.26690740882276703,0.28707968423627356,98.0,0.2769935465295203,0.010086137706753274,0.05057064697305667,1.9844674545084815,5.749313592690695,6.014064012776468,98.0,5.881688802733581,0.13237521004288702,0.6637129305284847,1.9844674545084815,1.406504617218832,1.4757106597575325,98.0,1.4411076384881822,0.03460302126935015,0.17349526882245683,1.9844674545084815,99.0,0.4444444444444444,-0.01597337444520788,0.01018152292339466,98.0,-0.0028959257609066096,0.013077448684301269,0.06556871023873295,1.9844674545084815,LinearRegression,"{'mode': 'original', 'type': 'LinearRegression'}",4,"['z_pe_T6W50', 'z_l2_T6W50', 'z_diameter_T6W50', 'z_asp_T6W50']",0.13081679813354408,0.17907722183734792,98.0,0.154947009985446,0.02413021185190192,0.12098589771687819,1.9844674545084815,2.208289941562058,2.2809039014351575,98.0,2.2445969214986077,0.036306979936549647,0.1820387068282586,1.9844674545084815,completed,True,COMPLETE
242,1.7349970291146763,2026-06-13 06:58:45.562746,2026-06-13 06:58:47.804368,0 days 00:00:02.241622,,,,,,,,,,,,,,0.23939475196027465,QuantileRegressor,,,,,,7,,,,,,,,False,,,,,,,,,0.0,0.0,98.0,0.0,0.0,0.0,1.9844674545084815,1.7097615267403508,1.760232531489002,98.0,1.7349970291146763,0.025235502374325525,0.1265276876901327,1.9844674545084815,0.25983396043683077,0.2806349322602259,98.0,0.27023444634852833,0.010400485911697585,0.05214674999296774,1.9844674545084815,5.70097731382373,6.036396423550007,98.0,5.8686868686868685,0.16770955486313893,0.8408749651825216,1.9844674545084815,1.033280465877702,1.1485377159404797,98.0,1.0909090909090908,0.057628625031388776,0.2889427981985323,1.9844674545084815,99.0,0.9797979797979798,-0.009845695376372022,-0.006666757700651824,98.0,-0.008256226538511923,0.0015894688378600991,0.007969400161994435,1.9844674545084815,QuantileRegressor,"{'mode': 'original', 'type': 'QuantileRegressor'}",7,"['z_l1_T6W50', 'z_l2_T6W50', 'z_l3_T6W50', 'z_lsc_T6W50', 'z_density_T6W50', 'z_diameter_T6W50', 'z_asp_T6W50']",,,,,,,,2.2146203974868346,2.2936018858285863,98.0,2.2541111416577104,0.03949074417087585,0.1980017069201324,1.9844674545084815,completed,False,COMPLETE
243,1.8095227182967821,2026-06-13 06:58:47.817035,2026-06-13 06:58:57.634229,0 days 00:00:09.817194,,,,,,11.0,,5.0,10.0,154.0,,,,,ExtraTreesRegressor,,,,,,9,,,,,,,,True,,,,,,,,,-0.05192872732694691,-0.0353260356095664,98.0,-0.043627381468256655,0.008301345858690254,0.04162192139613428,1.9844674545084815,1.7826816780774417,1.8363637585161225,98.0,1.8095227182967821,0.02684104021934039,0.13457765586653042,1.9844674545084815,0.2735849805246117,0.29530201159204944,98.0,0.2844434960583306,0.010858515533718877,0.054443253867085234,1.9844674545084815,5.889027980927896,6.198907410176492,98.0,6.043967695552194,0.15493971462429784,0.7768485656432433,1.9844674545084815,1.4500279076230849,1.5124983543913049,98.0,1.4812631310071949,0.0312352233841101,0.15660954676682326,1.9844674545084815,99.0,0.7777777777777778,-0.06330448525150556,-0.03665424377133521,98.0,-0.049979364511420384,0.013325120740085173,0.06681050729349186,1.9844674545084815,ExtraTreesRegressor,"{'mode': 'original', 'type': 'ExtraTreesRegressor'}",9,"['z_re_T6W50', 'z_pe_T6W50', 'z_l1_T6W50', 'z_l2_T6W50', 'z_l3_T6W50', 'z_lsc_T6W50', 'z_density_T6W50', 'z_diameter_T6W50', 'z_asp_T6W50']",0.016824446296213446,0.06667817297981739,98.0,0.04175130963801542,0.024926863341801973,0.124980209754609,1.9844674545084815,2.2577126874606344,2.33881062817736,98.0,2.298261657818997,0.04054897035836287,0.20330752213909556,1.9844674545084815,completed,True,COMPLETE
244,1.8228721850759497,2026-06-13 06:58:57.647093,2026-06-13 06:59:34.801952,0 days 00:00:37.154859,,,,,,,,,,,,,,,RandomForestRegressor,12.0,log2,3.0,11.0,425.0,8,,,,,,,,True,,,,,,,,,-0.06161404767214261,-0.04153144865236405,98.0,-0.05157274816225333,0.010041299509889284,0.050345833799724814,1.9844674545084815,1.7953903933121673,1.8503539768397321,98.0,1.8228721850759497,0.027481791763782383,0.1377903048599822,1.9844674545084815,0.27517587902194196,0.2967411527664646,98.0,0.2859585158942033,0.010782636872261322,0.054062807643473904,1.9844674545084815,5.967852912470103,6.281572964020424,98.0,6.124712938245263,0.15686002577516098,0.7864767682429065,1.9844674545084815,1.4410045886180363,1.505191399302683,98.0,1.4730979939603597,0.03209340534232332,0.16091236496237388,1.9844674545084815,99.0,0.8282828282828283,-0.09080976461884138,-0.05728584074230275,98.0,-0.07404780268057207,0.01676196193826932,0.08404240398070999,1.9844674545084815,RandomForestRegressor,"{'mode': 'original', 'type': 'RandomForestRegressor'}",8,"['z_pe_T6W50', 'z_l1_T6W50', 'z_l2_T6W50', 'z_l3_T6W50', 'z_lsc_T6W50', 'z_density_T6W50', 'z_diameter_T6W50', 'z_asp_T6W50']",0.009299426980904524,0.06073833801200024,98.0,0.03501888249645238,0.025719455515547857,0.12895416888321315,1.9844674545084815,2.282750025526024,2.363317159326882,98.0,2.323033592426453,0.040283566900428745,0.20197682202703698,1.9844674545084815,completed,True,COMPLETE
245,1.8262683051545658,2026-06-13 06:59:34.814727,2026-06-13 06:59:55.457527,0 days 00:00:20.642800,,,,,,,,,,,,,,,RandomForestRegressor,15.0,log2,4.0,5.0,228.0,8,,,,,,,,True,,,,,,,,,-0.0638820606830133,-0.04321946571206528,98.0,-0.05355076319753929,0.01033129748547401,0.051799847781348024,1.9844674545084815,1.7985477989776584,1.8539888113314733,98.0,1.8262683051545658,0.02772050617690736,0.13898718940236165,1.9844674545084815,0.27558849460158846,0.29718325658884,98.0,0.2863858755952142,0.010797380993625753,0.05413673284439093,1.9844674545084815,5.967818787922886,6.279431697906664,98.0,6.123625242914775,0.155806454991889,0.7811942946448809,1.9844674545084815,1.4507938436715215,1.5142715948219503,98.0,1.482532719246736,0.031738875575214334,0.15913479655956453,1.9844674545084815,99.0,0.8383838383838383,-0.09269025613051185,-0.0585746911779625,98.0,-0.07563247365423717,0.017057782476274673,0.08552561157015544,1.9844674545084815,RandomForestRegressor,"{'mode': 'original', 'type': 'RandomForestRegressor'}",8,"['z_pe_T6W50', 'z_l1_T6W50', 'z_l2_T6W50', 'z_l3_T6W50', 'z_lsc_T6W50', 'z_density_T6W50', 'z_diameter_T6W50', 'z_asp_T6W50']",0.006536196454681238,0.059404967870909174,98.0,0.032970582162795206,0.026434385708113968,0.13253874044368597,1.9844674545084815,2.284189610712389,2.3653044453305063,98.0,2.3247470280214477,0.0405574173090586,0.2033498741051357,1.9844674545084815,completed,True,COMPLETE
246,1.7673942132757359,2026-06-13 06:59:55.471193,2026-06-13 06:59:57.141830,0 days 00:00:01.670637,,,,0.0012983159593181188,0.3072164170212709,,,,,,,,,,ElasticNet,,,,,,6,,,,,,,,False,,,,,,,,,-0.029996714447035645,-0.009751513777679723,98.0,-0.019874114112357684,0.010122600334677961,0.050753466079646356,1.9844674545084815,1.7418677794616186,1.792920647089853,98.0,1.7673942132757359,0.025526433814117296,0.12798638194583592,1.9844674545084815,0.2665017461418364,0.2863810214298702,98.0,0.2764413837858533,0.009939637644016872,0.04983611377813383,1.9844674545084815,5.667762930656063,5.965601663096527,98.0,5.816682296876295,0.14891936622023186,0.7466632833628936,1.9844674545084815,1.472009898813282,1.5278675675523279,98.0,1.499938733182805,0.02792883436952306,0.1400317211933811,1.9844674545084815,99.0,0.42424242424242425,-0.013470391473136894,0.019066605967149024,98.0,0.0027981072470060647,0.01626849872014296,0.08156824043827213,1.9844674545084815,ElasticNet,"{'mode': 'original', 'type': 'ElasticNet'}",6,"['z_pe_T6W50', 'z_l2_T6W50', 'z_l3_T6W50', 'z_lsc_T6W50', 'z_diameter_T6W50', 'z_asp_T6W50']",0.12851884178174566,0.1817969385904149,98.0,0.15515789018608028,0.02663904840433462,0.13356489388914194,1.9844674545084815,2.2005904910968206,2.2738339011389566,98.0,2.2372121961178886,0.03662170502106812,0.1836166994757407,1.9844674545084815,completed,False,COMPLETE
247,1.9734218106059216,2026-06-13 06:59:57.154532,2026-06-13 06:59:57.374701,0 days 00:00:00.220169,,,,,,,,,,,euclidean,3.0,distance,,KNeighborsRegressor,,,,,,3,,,,,7.920678473390555,0.00034820752090989644,LinearSVR,,,,,,,,,,,,,,,,,,,,,,,,,,,,,,,,,,,,,,,,,,,,,,,,,,,,,,KNeighborsRegressor,"{'mode': 'proxy', 'type': 'LinearSVR'}",3,"['z_pe_T6W50', 'z_l2_T6W50', 'z_l3_T6W50']",,,,,,,,,,,,,,,pruned,True,PRUNED
248,1.7461617517148764,2026-06-13 06:59:57.384418,2026-06-13 06:59:59.016713,0 days 00:00:01.632295,,,,0.8646887143722551,0.3064328227033716,,,,,,,,,,ElasticNet,,,,,,2,,,,,,,,True,,,,,,,,,-0.007694254769174955,-0.005179835468849884,98.0,-0.0064370451190124195,0.0012572096501625352,0.006303493689851212,1.9844674545084815,1.7207007603833624,1.7716227430463904,98.0,1.7461617517148764,0.02546099133151406,0.12765826143221726,1.9844674545084815,0.2648930935292863,0.28640531422154164,98.0,0.275649203875414,0.010756110346127666,0.0539298069223328,1.9844674545084815,5.722538864752516,6.036708182540624,98.0,5.87962352364657,0.1570846588940539,0.7876030509176298,1.9844674545084815,1.1916389237427656,1.2664200177593594,98.0,1.2290294707510625,0.03739054700829684,0.18747157810665352,1.9844674545084815,99.0,0.47474747474747475,-0.0027031392663740663,0.0013792382364899896,98.0,-0.0006619505149420384,0.002041188751432028,0.010234267938353508,1.9844674545084815,ElasticNet,"{'mode': 'original', 'type': 'ElasticNet'}",2,"['z_l3_T6W50', 'z_asp_T6W50']",0.0827812801865868,0.1353973632648803,84.0,0.10908932172573356,0.026308041539146756,0.12196871139791876,1.9886096669757083,2.2057230581770804,2.2862539949246092,98.0,2.245988526550845,0.04026546837376454,0.2018860782528314,1.9844674545084815,completed,True,COMPLETE
249,1.7717016797126672,2026-06-13 06:59:59.029362,2026-06-13 07:00:01.496447,0 days 00:00:02.467085,,,,,,,,,,,,,,0.00017900514722041515,QuantileRegressor,,,,,,5,,,,,,,,False,,,,,,,,,-0.03190652321235537,-0.011630908616578844,98.0,-0.021768715914467107,0.010137807297888263,0.0508297119123327,1.9844674545084815,1.7435342859848113,1.7998690734405232,98.0,1.7717016797126672,0.02816739372785602,0.14122782831021108,1.9844674545084815,0.2685755863659588,0.2890187818427893,98.0,0.27879718410437404,0.01022159773841523,0.051249826817641696,1.9844674545084815,5.673878452660352,5.97229427785695,98.0,5.823086365258651,0.1492079125982986,0.7481100192141003,1.9844674545084815,1.480217322966503,1.5523450943590382,98.0,1.5162812086627706,0.036063885696267596,0.18081986237422584,1.9844674545084815,99.0,0.37373737373737376,-0.016629176617484892,0.01565605326519596,98.0,-0.00048656167614446685,0.016142614941340425,0.08093707474109997,1.9844674545084815,QuantileRegressor,"{'mode': 'original', 'type': 'QuantileRegressor'}",5,"['z_pe_T6W50', 'z_l2_T6W50', 'z_l3_T6W50', 'z_density_T6W50', 'z_diameter_T6W50']",0.11775175798364902,0.17123450515368374,98.0,0.1444931315686664,0.026741373585017363,0.13407793968915085,1.9844674545084815,2.2027962770235416,2.281899231893553,98.0,2.2423477544585473,0.03955147743500545,0.1983062159947768,1.9844674545084815,completed,False,COMPLETE
250,1.8420903715021364,2026-06-13 07:00:01.508933,2026-06-13 07:00:03.335231,0 days 00:00:01.826298,,,,,,,,,,,manhattan,7.0,uniform,,KNeighborsRegressor,,,,,,6,6.0,1.0,7.0,40.0,,,ExtraTrees,,,,,,,,,,-0.07488191808518871,-0.05052780251276387,98.0,-0.06270486029897629,0.012177057786212418,0.06105426163919445,1.9844674545084815,1.812353955204587,1.8718267877996857,98.0,1.8420903715021364,0.02973641629754934,0.14909471341248287,1.9844674545084815,0.2750797611462075,0.29613740458330856,98.0,0.28560858286475804,0.010528821718550492,0.05279020985550911,1.9844674545084815,5.811553866657799,6.11629606119213,98.0,5.963924963924964,0.1523710972671651,0.7639698359101114,1.9844674545084815,1.4690520229653585,1.5497069957936604,98.0,1.5093795093795095,0.04032748641415096,0.20219702903672188,1.9844674545084815,99.0,0.7878787878787878,-0.10730795016352031,-0.06269279440455215,98.0,-0.08500037228403623,0.022307577879484078,0.11184743640888632,1.9844674545084815,KNeighborsRegressor,"{'mode': 'proxy', 'type': 'ExtraTrees'}",6,"['z_l1_T6W50', 'z_l2_T6W50', 'z_l3_T6W50', 'z_density_T6W50', 'z_diameter_T6W50', 'z_asp_T6W50']",0.07967190871452341,0.1266445060954957,98.0,0.10315820740500957,0.023486298690486157,0.11775739676695972,1.9844674545084815,2.292706842092177,2.3704680842068817,98.0,2.3315874631495292,0.03888062105735261,0.19494262509107638,1.9844674545084815,completed,True,COMPLETE
251,1.7606350820285803,2026-06-13 07:00:03.349997,2026-06-13 07:00:04.901382,0 days 00:00:01.551385,,,,,,,,,,,,,,,LinearRegression,,,,,,5,,,,,,,,True,,,,,,,,,-0.026249253379401136,-0.005772616056661671,98.0,-0.016010934718031403,0.010238318661369731,0.051333663457233634,1.9844674545084815,1.735164815488432,1.7861053485687286,98.0,1.7606350820285803,0.025470266540148345,0.12770476618111948,1.9844674545084815,0.2652166844889022,0.2849457560449136,98.0,0.2750812202669079,0.009864535778005744,0.04945956231081412,1.9844674545084815,5.62692808716362,5.925704900688096,98.0,5.776316493925858,0.1493884067622378,0.7490149946279452,1.9844674545084815,1.4658937185007197,1.5232217346869312,98.0,1.4945577265938255,0.028664008093105754,0.14371779131458068,1.9844674545084815,99.0,0.3939393939393939,-0.0049248076457570015,0.02689557981846092,98.0,0.010985386086351958,0.01591019373210896,0.07977174354467724,1.9844674545084815,LinearRegression,"{'mode': 'original', 'type': 'LinearRegression'}",5,"['z_pe_T6W50', 'z_l2_T6W50', 'z_l3_T6W50', 'z_diameter_T6W50', 'z_asp_T6W50']",0.14693266015254625,0.19901720129262485,98.0,0.17297493072258555,0.0260422705700393,0.13057272363954414,1.9844674545084815,2.1917800824833362,2.2641050320844522,98.0,2.2279425572838942,0.036162474800558224,0.18131417594929558,1.9844674545084815,completed,True,COMPLETE
252,1.8981658002828834,2026-06-13 07:00:04.913938,2026-06-13 07:00:05.343253,0 days 00:00:00.429315,,,,,,,,,,,euclidean,9.0,distance,,KNeighborsRegressor,,,,,,2,5.0,2.0,9.0,70.0,,,ExtraTrees,,,,,,,,,,,,,,,,,,,,,,,,,,,,,,,,,,,,,,,,,,,,,,,,,,,,,,KNeighborsRegressor,"{'mode': 'proxy', 'type': 'ExtraTrees'}",2,"['z_l3_T6W50', 'z_diameter_T6W50']",,,,,,,,,,,,,,,pruned,True,PRUNED
253,1.7703499112084764,2026-06-13 07:00:05.353133,2026-06-13 07:00:06.982385,0 days 00:00:01.629252,,,,,,,,,,,,,,,LinearRegression,,,,,,6,,,,,,,,False,,,,,,,,,-0.032097503041024864,-0.011188899783895433,98.0,-0.02164320141246015,0.010454301628564717,0.05241657534122444,1.9844674545084815,1.7447256630738277,1.795974159343125,98.0,1.7703499112084764,0.025624248134648652,0.12847681085096466,1.9844674545084815,0.26682684691945424,0.28662424077034654,98.0,0.2767255438449004,0.009898696925446171,0.049630842078910845,1.9844674545084815,5.672558713579845,5.968877888130263,98.0,5.820718300855054,0.1481595872752088,0.7428538457046514,1.9844674545084815,1.4762277681075675,1.5331364453944119,98.0,1.5046821067509897,0.02845433864342213,0.14266653462651402,1.9844674545084815,99.0,0.45454545454545453,-0.017234890189855183,0.0168013121988273,98.0,-0.0002167889955139415,0.017018101194341242,0.08532665453046023,1.9844674545084815,LinearRegression,"{'mode': 'original', 'type': 'LinearRegression'}",6,"['z_pe_T6W50', 'z_l2_T6W50', 'z_l3_T6W50', 'z_lsc_T6W50', 'z_diameter_T6W50', 'z_asp_T6W50']",0.12910495839931865,0.18218185775076226,98.0,0.15564340807504046,0.026538449675721814,0.1330605043062781,1.9844674545084815,2.203764168955851,2.2766108649486694,98.0,2.2401875169522603,0.03642334799640911,0.1826221618875874,1.9844674545084815,completed,False,COMPLETE
