number,value,datetime_start,datetime_complete,duration,params_dt_max_depth,params_dt_min_samples_leaf,params_dt_min_samples_split,params_elastic_alpha,params_elastic_l1_ratio,params_et_max_depth,params_et_max_features,params_et_min_samples_leaf,params_et_min_samples_split,params_et_n_estimators,params_knn_metric,params_knn_n_neighbors,params_knn_weights,params_quantile_alpha,params_regressor,params_rf_max_depth,params_rf_max_features,params_rf_min_samples_leaf,params_rf_min_samples_split,params_rf_n_estimators,params_rfe_n_features,params_rfe_proxy_et_max_depth,params_rfe_proxy_et_min_samples_leaf,params_rfe_proxy_et_min_samples_split,params_rfe_proxy_et_n_estimators,params_rfe_proxy_lsvr_C,params_rfe_proxy_lsvr_epsilon,params_rfe_proxy_type,params_use_scaler,params_xgb_booster,params_xgb_colsample_bytree,params_xgb_learning_rate,params_xgb_max_depth,params_xgb_n_estimators,params_xgb_reg_alpha,params_xgb_reg_lambda,params_xgb_subsample,user_attrs_d2mae_ci_lower_val,user_attrs_d2mae_ci_upper_val,user_attrs_d2mae_df_val,user_attrs_d2mae_mean_val,user_attrs_d2mae_samperror_val,user_attrs_d2mae_std_val,user_attrs_d2mae_t_critical_val,user_attrs_mae_ci_lower_val,user_attrs_mae_ci_upper_val,user_attrs_mae_df_val,user_attrs_mae_mean_val,user_attrs_mae_samperror_val,user_attrs_mae_std_val,user_attrs_mae_t_critical_val,user_attrs_mape_ci_lower_val,user_attrs_mape_ci_upper_val,user_attrs_mape_df_val,user_attrs_mape_mean_val,user_attrs_mape_samperror_val,user_attrs_mape_std_val,user_attrs_mape_t_critical_val,user_attrs_max_error_ci_lower_val,user_attrs_max_error_ci_upper_val,user_attrs_max_error_df_val,user_attrs_max_error_mean_val,user_attrs_max_error_samperror_val,user_attrs_max_error_std_val,user_attrs_max_error_t_critical_val,user_attrs_median_ae_ci_lower_val,user_attrs_median_ae_ci_upper_val,user_attrs_median_ae_df_val,user_attrs_median_ae_mean_val,user_attrs_median_ae_samperror_val,user_attrs_median_ae_std_val,user_attrs_median_ae_t_critical_val,user_attrs_n_splits_val,user_attrs_r2_below_zero_val,user_attrs_r2_ci_lower_val,user_attrs_r2_ci_upper_val,user_attrs_r2_df_val,user_attrs_r2_mean_val,user_attrs_r2_samperror_val,user_attrs_r2_std_val,user_attrs_r2_t_critical_val,user_attrs_regressor_final,user_attrs_rfe_estimator,user_attrs_rfe_n_features,user_attrs_rfe_selected_features,user_attrs_rho_ci_lower_val,user_attrs_rho_ci_upper_val,user_attrs_rho_df_val,user_attrs_rho_mean_val,user_attrs_rho_samperror_val,user_attrs_rho_std_val,user_attrs_rho_t_critical_val,user_attrs_rmse_ci_lower_val,user_attrs_rmse_ci_upper_val,user_attrs_rmse_df_val,user_attrs_rmse_mean_val,user_attrs_rmse_samperror_val,user_attrs_rmse_std_val,user_attrs_rmse_t_critical_val,user_attrs_termination_reason,user_attrs_use_scaler_final,state
186,1.77987384875138,2026-06-13 06:53:01.398193,2026-06-13 06:53:02.987451,0 days 00:00:01.589258,,,,,,,,,,,,,,,LinearRegression,,,,,,8,,,,,,,,False,,,,,,,,,-0.03796410687347477,-0.01629424405824558,98.0,-0.027129175465860175,0.010834931407614596,0.05432500597576514,1.9844674545084815,1.7536516083208087,1.8060960891819515,98.0,1.77987384875138,0.026222240430571406,0.1314750702609536,1.9844674545084815,0.26826277551295963,0.2885493435754337,98.0,0.27840605954419667,0.010143284031237062,0.05085717157596214,1.9844674545084815,5.7206512999560895,6.02454895292495,98.0,5.87260012644052,0.1519488264844299,0.7618526224333967,1.9844674545084815,1.475770493699478,1.535831055744421,98.0,1.5058007747219495,0.03003028102247147,0.1505681147970308,1.9844674545084815,99.0,0.5151515151515151,-0.03143316449122989,0.003960213436731159,98.0,-0.013736475527249364,0.017696688963980522,0.08872900967733521,1.9844674545084815,LinearRegression,"{'mode': 'original', 'type': 'LinearRegression'}",8,"['z_re_T6W50', 'z_pe_T6W50', 'z_l2_T6W50', 'z_l3_T6W50', 'z_lsc_T6W50', 'z_density_T6W50', 'z_diameter_T6W50', 'z_asp_T6W50']",0.11697123891375387,0.1695353235714112,98.0,0.14325328124258255,0.026282042328828678,0.13177490958230872,1.9844674545084815,2.218045496156074,2.2925616215367426,98.0,2.2553035588464083,0.037258062690334125,0.18680731812250984,1.9844674545084815,completed,False,COMPLETE
187,1.8180376199751047,2026-06-13 06:53:03.000683,2026-06-13 06:53:09.547398,0 days 00:00:06.546715,,,,,,,,,,,,,,,RandomForestRegressor,17.0,sqrt,4.0,2.0,61.0,7,,,,,,,,True,,,,,,,,,-0.05851871245693669,-0.039280410023891384,98.0,-0.04889956124041404,0.009619151216522655,0.048229234469554245,1.9844674545084815,1.7914915977844645,1.8445836421657449,98.0,1.8180376199751047,0.026546022190640072,0.13309847195948327,1.9844674545084815,0.2741248551438197,0.29546933442959844,98.0,0.28479709478670906,0.010672239642889398,0.053509289589716506,1.9844674545084815,5.9326084465399065,6.246632838804971,98.0,6.089620642672439,0.15701219613253226,0.7872397315938069,1.9844674545084815,1.4543447112366195,1.5147189652826973,98.0,1.4845318382596584,0.030187127023038853,0.1513545212446166,1.9844674545084815,99.0,0.797979797979798,-0.08343441653912574,-0.0518464689757822,98.0,-0.06764044275745397,0.015793973781671775,0.07918903108767303,1.9844674545084815,RandomForestRegressor,"{'mode': 'original', 'type': 'RandomForestRegressor'}",7,"['z_pe_T6W50', 'z_l1_T6W50', 'z_l2_T6W50', 'z_l3_T6W50', 'z_density_T6W50', 'z_diameter_T6W50', 'z_asp_T6W50']",0.01967672950179175,0.0716449793913497,98.0,0.045660854446570726,0.025984124944778975,0.1302811886661421,1.9844674545084815,2.276772452011077,2.355049203846151,98.0,2.315910827928614,0.03913837591753713,0.19623497608002363,1.9844674545084815,completed,True,COMPLETE
188,1.749217696759221,2026-06-13 06:53:09.560205,2026-06-13 06:53:11.850009,0 days 00:00:02.289804,,,,,,,,,,,,,,0.009610996297600935,QuantileRegressor,,,,,,3,,,,,,,,True,,,,,,,,,-0.012752558703433007,-0.004073026562171955,98.0,-0.008412792632802481,0.004339766070630526,0.021759050320774503,1.9844674545084815,1.7238811654236221,1.7745542280948199,98.0,1.749217696759221,0.025336531335598895,0.12703423440634393,1.9844674545084815,0.2626689776833479,0.28334794671187197,98.0,0.27300846219760994,0.010339484514262006,0.05184089653109082,1.9844674545084815,5.703165329711924,6.031871009546995,98.0,5.867518169629459,0.16435283991753563,0.8240448116154503,1.9844674545084815,1.1196894531299144,1.2466298525736652,98.0,1.1831596528517898,0.0634701997218754,0.3182317311903499,1.9844674545084815,99.0,0.8787878787878788,-0.01430825178326069,-0.005219116809544239,98.0,-0.009763684296402465,0.004544567486858226,0.022785899291188468,1.9844674545084815,QuantileRegressor,"{'mode': 'original', 'type': 'QuantileRegressor'}",3,"['z_pe_T6W50', 'z_l2_T6W50', 'z_l3_T6W50']",-0.025095004349046275,0.07264251169707203,20.0,0.023773753674012875,0.04886875802305915,0.10735796116306848,2.085963447265864,2.216266882450056,2.2945148528012194,98.0,2.255390867625638,0.0391239851755817,0.19616282267975615,1.9844674545084815,completed,True,COMPLETE
189,1.767616720056165,2026-06-13 06:53:11.863311,2026-06-13 06:53:35.337341,0 days 00:00:23.474030,,,,,,19.0,log2,4.0,2.0,425.0,,,,,ExtraTreesRegressor,,,,,,4,,,,,,,,True,,,,,,,,,-0.02497950457604907,-0.013561483626907254,98.0,-0.019270494101478162,0.0057090104745709065,0.028624272409219685,1.9844674545084815,1.7424408710196098,1.7927925690927202,98.0,1.767616720056165,0.025175849036555124,0.12622859323268426,1.9844674545084815,0.26726544272613095,0.28821498487687236,98.0,0.27774021380150166,0.010474771075370697,0.05251920661577723,1.9844674545084815,5.707055370805195,6.003012002721572,98.0,5.855033686763384,0.14797831595818878,0.7419449737413801,1.9844674545084815,1.3771608828860518,1.4342235098537954,98.0,1.4056921963699236,0.028531313483871917,0.14305247695601317,1.9844674545084815,99.0,0.5858585858585859,-0.016796966095091494,-0.0003996407835160382,98.0,-0.008598303439303765,0.008198662655787727,0.04110708051699681,1.9844674545084815,ExtraTreesRegressor,"{'mode': 'original', 'type': 'ExtraTreesRegressor'}",4,"['z_l2_T6W50', 'z_l3_T6W50', 'z_density_T6W50', 'z_diameter_T6W50']",0.04745844195224368,0.10008852813934123,98.0,0.07377348504579245,0.02631504309354878,0.1319403713349659,1.9844674545084815,2.2145422200196494,2.2923422503466133,98.0,2.2534422351831314,0.038900015163481794,0.19503986474047755,1.9844674545084815,completed,True,COMPLETE
190,2.5272515302417267,2026-06-13 06:53:35.351400,2026-06-13 06:53:35.469414,0 days 00:00:00.118014,8.0,2.0,3.0,,,,,,,,,,,,DecisionTreeRegressor,,,,,,9,,,,,,,,False,,,,,,,,,,,,,,,,,,,,,,,,,,,,,,,,,,,,,,,,,,,,,,,,,,,,,DecisionTreeRegressor,"{'mode': 'original', 'type': 'DecisionTreeRegressor'}",9,"['z_re_T6W50', 'z_pe_T6W50', 'z_l1_T6W50', 'z_l2_T6W50', 'z_l3_T6W50', 'z_lsc_T6W50', 'z_density_T6W50', 'z_diameter_T6W50', 'z_asp_T6W50']",,,,,,,,,,,,,,,pruned,False,PRUNED
191,1.7448220792267928,2026-06-13 06:53:35.479047,2026-06-13 06:53:35.733300,0 days 00:00:00.254253,,,,,,,,,,,manhattan,6.0,distance,,KNeighborsRegressor,,,,,,4,10.0,3.0,9.0,40.0,,,ExtraTrees,,,,,,,,,,,,,,,,,,,,,,,,,,,,,,,,,,,,,,,,,,,,,,,,,,,,,,KNeighborsRegressor,"{'mode': 'proxy', 'type': 'ExtraTrees'}",4,"['z_l2_T6W50', 'z_l3_T6W50', 'z_density_T6W50', 'z_asp_T6W50']",,,,,,,,,,,,,,,pruned,True,PRUNED
192,1.76897614439966,2026-06-13 06:53:35.743162,2026-06-13 06:53:49.545077,0 days 00:00:13.801915,,,,,,,,,,,,,,,XGBRegressor,,,,,,9,,,,,,,,True,gbtree,0.7995222935751908,0.005450361842724383,10.0,84.0,0.0041005206621905965,0.006863464331724661,0.5460334930412377,-0.024090836136724202,-0.015574905834029127,98.0,-0.019832870985376665,0.0042579651513475385,0.021348910628911914,1.9844674545084815,1.7434465845755318,1.7945057042237884,98.0,1.76897614439966,0.025529559824128318,0.1280020553733954,1.9844674545084815,0.2684461023260369,0.290077664901411,98.0,0.27926188361372395,0.010815781287687069,0.054228989643001976,1.9844674545084815,5.842612824363397,6.14624683392604,98.0,5.9944298291447184,0.1518170047813215,0.7611916847181781,1.9844674545084815,1.3304021876321417,1.3923955240581254,98.0,1.3613988558451335,0.03099666821299181,0.15541346064416972,1.9844674545084815,99.0,0.7878787878787878,-0.03384027616269148,-0.019067251244524398,98.0,-0.02645376370360794,0.0073865124590835425,0.03703505988028406,1.9844674545084815,XGBRegressor,"{'mode': 'original', 'type': 'XGBRegressor'}",9,"['z_re_T6W50', 'z_pe_T6W50', 'z_l1_T6W50', 'z_l2_T6W50', 'z_l3_T6W50', 'z_lsc_T6W50', 'z_density_T6W50', 'z_diameter_T6W50', 'z_asp_T6W50']",-0.024213175227118255,0.030868410137765517,98.0,0.003327617455323631,0.027540792682441886,0.13808612816870203,1.9844674545084815,2.233747502190979,2.313839393253709,98.0,2.273793447722344,0.04004594553136468,0.20078541787238743,1.9844674545084815,completed,True,COMPLETE
193,2.2018917607326136,2026-06-13 06:53:49.573467,2026-06-13 06:53:50.918225,0 days 00:00:01.344758,,,,,,,,,,,,,,,XGBRegressor,,,,,,2,,,,,,,,True,gbtree,0.6013163170676716,0.066755502433454,10.0,119.0,0.0019421055975565888,0.02042943471222008,0.9414969124148865,,,,,,,,,,,,,,,,,,,,,,,,,,,,,,,,,,,,,,,,,,,,,XGBRegressor,"{'mode': 'original', 'type': 'XGBRegressor'}",2,"['z_diameter_T6W50', 'z_asp_T6W50']",,,,,,,,,,,,,,,pruned,True,PRUNED
194,1.8377339979960219,2026-06-13 06:53:50.928191,2026-06-13 06:53:57.032049,0 days 00:00:06.103858,,,,,,,,,,,,,,,RandomForestRegressor,10.0,sqrt,4.0,3.0,53.0,5,,,,,,,,True,,,,,,,,,-0.07053861754176691,-0.05004548476928193,98.0,-0.06029205115552442,0.010246566386242485,0.05137501652963831,1.9844674545084815,1.810646997394046,1.8648209985979978,98.0,1.8377339979960219,0.027087000601975955,0.13581087080382925,1.9844674545084815,0.27753589012565266,0.29919688725808063,98.0,0.28836638869186665,0.010830498566213967,0.05430278025725163,1.9844674545084815,5.9690224342545495,6.310209933235164,98.0,6.139616183744857,0.17059374949030756,0.8553359603159187,1.9844674545084815,1.4453743243460333,1.512910292319892,98.0,1.4791423083329627,0.03376798398692935,0.1693084951687154,1.9844674545084815,99.0,0.8080808080808081,-0.10177484362346118,-0.06654580912260594,98.0,-0.08416032637303356,0.017614517250427612,0.08831701086886436,1.9844674545084815,RandomForestRegressor,"{'mode': 'original', 'type': 'RandomForestRegressor'}",5,"['z_pe_T6W50', 'z_l1_T6W50', 'z_l2_T6W50', 'z_l3_T6W50', 'z_density_T6W50']",0.024935693335316002,0.07682112622567332,98.0,0.05087840978049466,0.02594271644517866,0.13007357157069344,1.9844674545084815,2.293798877499879,2.372656235364938,98.0,2.3332275564324085,0.039428678932529326,0.19769051949150757,1.9844674545084815,completed,True,COMPLETE
195,1.775688869438756,2026-06-13 06:53:57.044522,2026-06-13 06:53:58.788936,0 days 00:00:01.744414,,,,,,,,,,,,,,,LinearRegression,,,,,,7,,,,,,,,False,,,,,,,,,-0.035459029378513085,-0.014018871158989154,98.0,-0.02473895026875112,0.010720079109761967,0.05374915075966386,1.9844674545084815,1.7497411631605804,1.8016365757169317,98.0,1.775688869438756,0.025947706278175605,0.1300985899761802,1.9844674545084815,0.26737492213009934,0.28720663135594887,98.0,0.2772907767430241,0.009915854612924753,0.04971686860180597,1.9844674545084815,5.6808757170034605,5.973370585017656,98.0,5.827123151010558,0.14624743400709722,0.7332665457201091,1.9844674545084815,1.4747100150004107,1.5316318455392506,98.0,1.5031709302698306,0.028460915269419965,0.1426995090158472,1.9844674545084815,99.0,0.47474747474747475,-0.023426982977181147,0.011688694801609598,98.0,-0.005869144087785774,0.017557838889395373,0.0880328325768256,1.9844674545084815,LinearRegression,"{'mode': 'original', 'type': 'LinearRegression'}",7,"['z_re_T6W50', 'z_pe_T6W50', 'z_l2_T6W50', 'z_l3_T6W50', 'z_lsc_T6W50', 'z_diameter_T6W50', 'z_asp_T6W50']",0.11997246700006121,0.17334811246302623,98.0,0.1466602897315437,0.0266878227314825,0.13380944233288294,1.9844674545084815,2.209849498802816,2.282630205951782,98.0,2.246239852377299,0.03639035357448288,0.1824567319369142,1.9844674545084815,completed,False,COMPLETE
196,1.746427853713297,2026-06-13 06:53:58.827924,2026-06-13 06:54:01.027845,0 days 00:00:02.199921,,,,,,,,,,,,,,,XGBRegressor,,,,,,7,,,,,,,,False,gblinear,0.9114919025208837,0.11941144217950807,10.0,86.0,2.4796739133918027,0.0007911989368573516,0.9025451592478313,-0.006929984318044985,-0.006153980084187405,98.0,-0.006541982201116195,0.00038800211692878943,0.0019453946248291537,1.9844674545084815,1.720786445739263,1.7720692616873308,98.0,1.746427853713297,0.02564140797403383,0.1285628481632533,1.9844674545084815,0.2649515595454217,0.2865765139276403,98.0,0.275764036736531,0.010812477191109298,0.054212423311423195,1.9844674545084815,5.72988430322846,6.048586054030655,98.0,5.889235178629558,0.1593508754010972,0.7989655801904026,1.9844674545084815,1.1339415523136485,1.217342474785961,98.0,1.1756420135498047,0.041700461236156214,0.20908095497995324,1.9844674545084815,99.0,1.0,-0.005710928237941765,-0.003378585106824165,98.0,-0.004544756672382965,0.0011661715655587998,0.005847039993555137,1.9844674545084815,XGBRegressor,"{'mode': 'original', 'type': 'XGBRegressor'}",7,"['z_l1_T6W50', 'z_l2_T6W50', 'z_l3_T6W50', 'z_lsc_T6W50', 'z_density_T6W50', 'z_diameter_T6W50', 'z_asp_T6W50']",,,,,,,,2.210045856241971,2.290685092793868,98.0,2.2503654745179196,0.04031961827594857,0.2021575791649338,1.9844674545084815,completed,False,COMPLETE
197,1.7650665342376053,2026-06-13 06:54:01.043072,2026-06-13 06:54:20.537365,0 days 00:00:19.494293,,,,,,16.0,log2,4.0,6.0,350.0,,,,,ExtraTreesRegressor,,,,,,5,,,,,,,,False,,,,,,,,,-0.022579779643856806,-0.01294538425528775,98.0,-0.017762581949572278,0.004817197694284528,0.02415283343137133,1.9844674545084815,1.7402501490704425,1.789882919404768,98.0,1.7650665342376053,0.024816385167162874,0.12442628585129357,1.9844674545084815,0.2671370374749556,0.28808932368279666,98.0,0.27761318057887613,0.010476143103920544,0.052526085797228894,1.9844674545084815,5.720973110725114,6.021215851349267,98.0,5.871094481037191,0.15012137031207665,0.7526899832113552,1.9844674545084815,1.3713385222495025,1.423800558765445,98.0,1.3975695405074737,0.026231018257971285,0.13151908120186434,1.9844674545084815,99.0,0.5454545454545454,-0.015153587111100857,-0.0010725637093062,98.0,-0.008113075410203528,0.007040511700897328,0.035300254873316,1.9844674545084815,ExtraTreesRegressor,"{'mode': 'original', 'type': 'ExtraTreesRegressor'}",5,"['z_l1_T6W50', 'z_l2_T6W50', 'z_l3_T6W50', 'z_density_T6W50', 'z_diameter_T6W50']",0.03865474073912777,0.08928411078274912,98.0,0.06396942576093845,0.025314685021810675,0.1269246996910379,1.9844674545084815,2.214119072851759,2.2922677558198443,98.0,2.2531934143358017,0.039074341484042825,0.19591391535048472,1.9844674545084815,completed,False,COMPLETE
198,1.7445226985600601,2026-06-13 06:54:20.550781,2026-06-13 06:54:22.923929,0 days 00:00:02.373148,,,,0.02854162178907665,0.9271106288584273,,,,,,,,,,ElasticNet,,,,,,2,,,,,,,,True,,,,,,,,,-0.010586675261117928,-0.0011079932239417695,98.0,-0.005847334242529849,0.004739341018588079,0.023762469689013875,1.9844674545084815,1.7195948169419502,1.7694505801781701,98.0,1.7445226985600601,0.02492788161811005,0.12498531526607375,1.9844674545084815,0.2639981435277752,0.2848577888552464,98.0,0.2744279661915108,0.010429822663735572,0.05229384083921465,1.9844674545084815,5.696693484326879,5.985285448571313,98.0,5.840989466449096,0.1442959821222173,0.72348220733168,1.9844674545084815,1.3170218709997037,1.3853181564122512,98.0,1.3511700137059774,0.0341481427062738,0.17121456396815535,1.9844674545084815,99.0,0.29292929292929293,0.01008869156994354,0.02406897668062777,98.0,0.017078834125285654,0.006990142555342114,0.03504771020733333,1.9844674545084815,ElasticNet,"{'mode': 'original', 'type': 'ElasticNet'}",2,"['z_pe_T6W50', 'z_l2_T6W50']",0.16036170654100615,0.20402579306249027,98.0,0.1821937498017482,0.021832043260742066,0.10946316464629005,1.9844674545084815,2.1859461789989534,2.2640153550240814,98.0,2.2249807670115174,0.03903458801256412,0.19571459636133814,1.9844674545084815,completed,True,COMPLETE
199,1.77987384875138,2026-06-13 06:54:22.994799,2026-06-13 06:54:25.561745,0 days 00:00:02.566946,,,,,,,,,,,,,,,LinearRegression,,,,,,8,,,,,,,,False,,,,,,,,,-0.03796410687347477,-0.01629424405824558,98.0,-0.027129175465860175,0.010834931407614596,0.05432500597576514,1.9844674545084815,1.7536516083208087,1.8060960891819515,98.0,1.77987384875138,0.026222240430571406,0.1314750702609536,1.9844674545084815,0.26826277551295963,0.2885493435754337,98.0,0.27840605954419667,0.010143284031237062,0.05085717157596214,1.9844674545084815,5.7206512999560895,6.02454895292495,98.0,5.87260012644052,0.1519488264844299,0.7618526224333967,1.9844674545084815,1.475770493699478,1.535831055744421,98.0,1.5058007747219495,0.03003028102247147,0.1505681147970308,1.9844674545084815,99.0,0.5151515151515151,-0.03143316449122989,0.003960213436731159,98.0,-0.013736475527249364,0.017696688963980522,0.08872900967733521,1.9844674545084815,LinearRegression,"{'mode': 'original', 'type': 'LinearRegression'}",8,"['z_re_T6W50', 'z_pe_T6W50', 'z_l2_T6W50', 'z_l3_T6W50', 'z_lsc_T6W50', 'z_density_T6W50', 'z_diameter_T6W50', 'z_asp_T6W50']",0.11697123891375387,0.1695353235714112,98.0,0.14325328124258255,0.026282042328828678,0.13177490958230872,1.9844674545084815,2.218045496156074,2.2925616215367426,98.0,2.2553035588464083,0.037258062690334125,0.18680731812250984,1.9844674545084815,completed,False,COMPLETE
200,1.77987384875138,2026-06-13 06:54:25.617417,2026-06-13 06:54:28.253289,0 days 00:00:02.635872,,,,,,,,,,,,,,,LinearRegression,,,,,,8,,,,,,,,False,,,,,,,,,-0.03796410687347477,-0.01629424405824558,98.0,-0.027129175465860175,0.010834931407614596,0.05432500597576514,1.9844674545084815,1.7536516083208087,1.8060960891819515,98.0,1.77987384875138,0.026222240430571406,0.1314750702609536,1.9844674545084815,0.26826277551295963,0.2885493435754337,98.0,0.27840605954419667,0.010143284031237062,0.05085717157596214,1.9844674545084815,5.7206512999560895,6.02454895292495,98.0,5.87260012644052,0.1519488264844299,0.7618526224333967,1.9844674545084815,1.475770493699478,1.535831055744421,98.0,1.5058007747219495,0.03003028102247147,0.1505681147970308,1.9844674545084815,99.0,0.5151515151515151,-0.03143316449122989,0.003960213436731159,98.0,-0.013736475527249364,0.017696688963980522,0.08872900967733521,1.9844674545084815,LinearRegression,"{'mode': 'original', 'type': 'LinearRegression'}",8,"['z_re_T6W50', 'z_pe_T6W50', 'z_l2_T6W50', 'z_l3_T6W50', 'z_lsc_T6W50', 'z_density_T6W50', 'z_diameter_T6W50', 'z_asp_T6W50']",0.11697123891375387,0.1695353235714112,98.0,0.14325328124258255,0.026282042328828678,0.13177490958230872,1.9844674545084815,2.218045496156074,2.2925616215367426,98.0,2.2553035588464083,0.037258062690334125,0.18680731812250984,1.9844674545084815,completed,False,COMPLETE
201,1.7349970291146763,2026-06-13 06:54:28.267586,2026-06-13 06:54:31.075035,0 days 00:00:02.807449,,,,,,,,,,,,,,0.05845961471326635,QuantileRegressor,,,,,,6,,,,,,,,False,,,,,,,,,0.0,0.0,98.0,0.0,0.0,0.0,1.9844674545084815,1.7097615267403508,1.760232531489002,98.0,1.7349970291146763,0.025235502374325525,0.1265276876901327,1.9844674545084815,0.25983396043683077,0.2806349322602259,98.0,0.27023444634852833,0.010400485911697585,0.05214674999296774,1.9844674545084815,5.70097731382373,6.036396423550007,98.0,5.8686868686868685,0.16770955486313893,0.8408749651825216,1.9844674545084815,1.033280465877702,1.1485377159404797,98.0,1.0909090909090908,0.057628625031388776,0.2889427981985323,1.9844674545084815,99.0,0.9797979797979798,-0.009845695376372022,-0.006666757700651824,98.0,-0.008256226538511923,0.0015894688378600991,0.007969400161994435,1.9844674545084815,QuantileRegressor,"{'mode': 'original', 'type': 'QuantileRegressor'}",6,"['z_l2_T6W50', 'z_l3_T6W50', 'z_lsc_T6W50', 'z_density_T6W50', 'z_diameter_T6W50', 'z_asp_T6W50']",,,,,,,,2.2146203974868346,2.2936018858285863,98.0,2.2541111416577104,0.03949074417087585,0.1980017069201324,1.9844674545084815,completed,False,COMPLETE
