number,value,datetime_start,datetime_complete,duration,params_dt_max_depth,params_dt_min_samples_leaf,params_dt_min_samples_split,params_elastic_alpha,params_elastic_l1_ratio,params_et_max_depth,params_et_max_features,params_et_min_samples_leaf,params_et_min_samples_split,params_et_n_estimators,params_knn_metric,params_knn_n_neighbors,params_knn_weights,params_quantile_alpha,params_regressor,params_rf_max_depth,params_rf_max_features,params_rf_min_samples_leaf,params_rf_min_samples_split,params_rf_n_estimators,params_rfe_n_features,params_rfe_proxy_et_max_depth,params_rfe_proxy_et_min_samples_leaf,params_rfe_proxy_et_min_samples_split,params_rfe_proxy_et_n_estimators,params_rfe_proxy_lsvr_C,params_rfe_proxy_lsvr_epsilon,params_rfe_proxy_type,params_use_scaler,params_xgb_booster,params_xgb_colsample_bytree,params_xgb_learning_rate,params_xgb_max_depth,params_xgb_n_estimators,params_xgb_reg_alpha,params_xgb_reg_lambda,params_xgb_subsample,user_attrs_d2mae_ci_lower_val,user_attrs_d2mae_ci_upper_val,user_attrs_d2mae_df_val,user_attrs_d2mae_mean_val,user_attrs_d2mae_samperror_val,user_attrs_d2mae_std_val,user_attrs_d2mae_t_critical_val,user_attrs_mae_ci_lower_val,user_attrs_mae_ci_upper_val,user_attrs_mae_df_val,user_attrs_mae_mean_val,user_attrs_mae_samperror_val,user_attrs_mae_std_val,user_attrs_mae_t_critical_val,user_attrs_mape_ci_lower_val,user_attrs_mape_ci_upper_val,user_attrs_mape_df_val,user_attrs_mape_mean_val,user_attrs_mape_samperror_val,user_attrs_mape_std_val,user_attrs_mape_t_critical_val,user_attrs_max_error_ci_lower_val,user_attrs_max_error_ci_upper_val,user_attrs_max_error_df_val,user_attrs_max_error_mean_val,user_attrs_max_error_samperror_val,user_attrs_max_error_std_val,user_attrs_max_error_t_critical_val,user_attrs_median_ae_ci_lower_val,user_attrs_median_ae_ci_upper_val,user_attrs_median_ae_df_val,user_attrs_median_ae_mean_val,user_attrs_median_ae_samperror_val,user_attrs_median_ae_std_val,user_attrs_median_ae_t_critical_val,user_attrs_n_splits_val,user_attrs_r2_below_zero_val,user_attrs_r2_ci_lower_val,user_attrs_r2_ci_upper_val,user_attrs_r2_df_val,user_attrs_r2_mean_val,user_attrs_r2_samperror_val,user_attrs_r2_std_val,user_attrs_r2_t_critical_val,user_attrs_regressor_final,user_attrs_rfe_estimator,user_attrs_rfe_n_features,user_attrs_rfe_selected_features,user_attrs_rho_ci_lower_val,user_attrs_rho_ci_upper_val,user_attrs_rho_df_val,user_attrs_rho_mean_val,user_attrs_rho_samperror_val,user_attrs_rho_std_val,user_attrs_rho_t_critical_val,user_attrs_rmse_ci_lower_val,user_attrs_rmse_ci_upper_val,user_attrs_rmse_df_val,user_attrs_rmse_mean_val,user_attrs_rmse_samperror_val,user_attrs_rmse_std_val,user_attrs_rmse_t_critical_val,user_attrs_termination_reason,user_attrs_use_scaler_final,state
272,1.771994839676153,2026-06-13 07:02:13.641886,2026-06-13 07:02:16.426583,0 days 00:00:02.784697,,,,0.02549116922605986,0.8096750362658893,,,,,,,,,,ElasticNet,,,,,,9,,,,,,,,True,,,,,,,,,-0.03150657233383094,-0.012992884132202046,98.0,-0.02224972823301649,0.009256844100814446,0.04641267140279792,1.9844674545084815,1.7460209363339179,1.797968743018388,98.0,1.771994839676153,0.025973903342235014,0.13022993881523004,1.9844674545084815,0.2676816702434046,0.2883470458379842,98.0,0.2780143580406944,0.01033268779728982,0.05180681863283389,1.9844674545084815,5.721994621129883,6.035024726725514,98.0,5.878509673927699,0.1565150527978157,0.7847471164019554,1.9844674545084815,1.4727721208319324,1.5309067952325148,98.0,1.5018394580322236,0.029067337200291282,0.14574003357286164,1.9844674545084815,99.0,0.48484848484848486,-0.02264001233723883,0.0069187873369370295,98.0,-0.007860612500150901,0.01477939983708793,0.0741020828155651,1.9844674545084815,ElasticNet,"{'mode': 'original', 'type': 'ElasticNet'}",9,"['z_re_T6W50', 'z_pe_T6W50', 'z_l1_T6W50', 'z_l2_T6W50', 'z_l3_T6W50', 'z_lsc_T6W50', 'z_density_T6W50', 'z_diameter_T6W50', 'z_asp_T6W50']",0.09865254115212262,0.1532995780907153,98.0,0.12597605962141895,0.027323518469296332,0.13699674213722088,1.9844674545084815,2.2119712344494737,2.28901199319835,98.0,2.250491613823912,0.038520379374438384,0.19313641784888916,1.9844674545084815,completed,True,COMPLETE
273,1.7629692193115933,2026-06-13 07:02:16.439666,2026-06-13 07:02:18.642323,0 days 00:00:02.202657,,,,0.09938153452537789,0.9024032761106747,,,,,,,,,,ElasticNet,,,,,,5,,,,,,,,True,,,,,,,,,-0.021851949492903366,-0.01129769107024258,98.0,-0.016574820281572974,0.005277129211330394,0.026458873171909036,1.9844674545084815,1.738021028179418,1.7879174104437687,98.0,1.7629692193115933,0.02494819113217529,0.12508714465764548,1.9844674545084815,0.26688376063148594,0.28783965366783354,98.0,0.27736170714965974,0.010477946518173794,0.05253512789324214,1.9844674545084815,5.704598230254596,6.007246292574412,98.0,5.855922261414504,0.15132403115990825,0.7587199759531047,1.9844674545084815,1.3665676128653617,1.4209309918539599,98.0,1.3937493023596608,0.027181689494299156,0.1362856291984861,1.9844674545084815,99.0,0.41414141414141414,-0.009842587941789821,0.005267105089611474,98.0,-0.0022877414260891733,0.007554846515700648,0.037879066020020426,1.9844674545084815,ElasticNet,"{'mode': 'original', 'type': 'ElasticNet'}",5,"['z_pe_T6W50', 'z_l2_T6W50', 'z_l3_T6W50', 'z_density_T6W50', 'z_asp_T6W50']",0.062099723868424286,0.11151789872841704,98.0,0.08680881129842066,0.024709087429996373,0.1238883082680982,1.9844674545084815,2.207642269424487,2.2854149297398676,98.0,2.2465285995821773,0.03888633015769027,0.19497124981404795,1.9844674545084815,completed,True,COMPLETE
274,1.7478555308763342,2026-06-13 07:02:18.654989,2026-06-13 07:02:36.232639,0 days 00:00:17.577650,,,,,,16.0,sqrt,3.0,8.0,334.0,,,,,ExtraTreesRegressor,,,,,,3,,,,,,,,False,,,,,,,,,-0.010696435389746075,-0.004471322912225422,98.0,-0.007583879150985748,0.003112556238760326,0.015605972009359153,1.9844674545084815,1.7227727371543464,1.772938324598322,98.0,1.7478555308763342,0.0250827937219877,0.1257620253948483,1.9844674545084815,0.26506610723183105,0.28636711951999866,98.0,0.27571661337591485,0.010650506144083825,0.053400320514780115,1.9844674545084815,5.707369376829637,6.006344197252056,98.0,5.856856787040846,0.14948741021120948,0.7495113856759983,1.9844674545084815,1.27379268979789,1.3300702855906572,98.0,1.3019314876942736,0.028138797896383665,0.14108445234804062,1.9844674545084815,99.0,0.47474747474747475,-0.003817611751090445,0.004877515723433548,98.0,0.0005299519861715517,0.004347563737261997,0.021798146856822156,1.9844674545084815,ExtraTreesRegressor,"{'mode': 'original', 'type': 'ExtraTreesRegressor'}",3,"['z_l2_T6W50', 'z_l3_T6W50', 'z_density_T6W50']",0.0501883573742566,0.10181667658485978,98.0,0.07600251697955819,0.02581415960530159,0.12942900347590705,1.9844674545084815,2.204666161907017,2.2836654235315823,98.0,2.2441657927192997,0.039499630812282555,0.19804626344101486,1.9844674545084815,completed,False,COMPLETE
275,1.7950421787978885,2026-06-13 07:02:36.252829,2026-06-13 07:02:38.922781,0 days 00:00:02.669952,,,,,,,,,,,minkowski,14.0,distance,,KNeighborsRegressor,,,,,,8,7.0,2.0,7.0,40.0,,,ExtraTrees,,,,,,,,,,-0.044769172656067086,-0.025669479600529177,98.0,-0.03521932612829813,0.009549846527768954,0.04788174933198822,1.9844674545084815,1.7669239471078826,1.8231604104878945,98.0,1.7950421787978885,0.028118231690005924,0.14098133593296258,1.9844674545084815,0.2712538987215275,0.29259084252032264,98.0,0.28192237062092507,0.01066847189939755,0.05349039858985601,1.9844674545084815,5.940030323338143,6.246044527785052,98.0,6.093037425561597,0.15300710222345387,0.7671586860976374,1.9844674545084815,1.462887855162593,1.5310210868879395,98.0,1.4969544710252662,0.0340666158626732,0.17080579845786564,1.9844674545084815,99.0,0.7575757575757576,-0.0651877302981365,-0.031108058894712826,98.0,-0.04814789459642466,0.017039835701711838,0.0854356286622169,1.9844674545084815,KNeighborsRegressor,"{'mode': 'proxy', 'type': 'ExtraTrees'}",8,"['z_pe_T6W50', 'z_l1_T6W50', 'z_l2_T6W50', 'z_l3_T6W50', 'z_lsc_T6W50', 'z_density_T6W50', 'z_diameter_T6W50', 'z_asp_T6W50']",0.058691976273861926,0.11271197030256129,98.0,0.08570197328821161,0.027009997014349682,0.13542478433954275,1.9844674545084815,2.2547711406292508,2.3340611999145096,98.0,2.29441617027188,0.03964502964262931,0.1987752751929403,1.9844674545084815,completed,True,COMPLETE
276,1.8285077691801312,2026-06-13 07:02:38.936310,2026-06-13 07:02:39.216741,0 days 00:00:00.280431,3.0,1.0,2.0,,,,,,,,,,,,DecisionTreeRegressor,,,,,,6,,,,,,,,True,,,,,,,,,,,,,,,,,,,,,,,,,,,,,,,,,,,,,,,,,,,,,,,,,,,,,DecisionTreeRegressor,"{'mode': 'original', 'type': 'DecisionTreeRegressor'}",6,"['z_re_T6W50', 'z_pe_T6W50', 'z_l1_T6W50', 'z_l3_T6W50', 'z_lsc_T6W50', 'z_diameter_T6W50']",,,,,,,,,,,,,,,pruned,True,PRUNED
277,1.764700429010264,2026-06-13 07:02:39.227411,2026-06-13 07:02:41.883947,0 days 00:00:02.656536,,,,,,,,,,,,,,0.001695263503744324,QuantileRegressor,,,,,,4,,,,,,,,False,,,,,,,,,-0.02635375270735938,-0.009161783784414838,98.0,-0.01775776824588711,0.008595984461472271,0.04309920290855578,1.9844674545084815,1.7383384503686694,1.7910624076518584,98.0,1.764700429010264,0.02636197864159461,0.1321757003677158,1.9844674545084815,0.26769474629934636,0.28819845492599433,98.0,0.27794660061267035,0.010251854313323983,0.05140152954199572,1.9844674545084815,5.675257875658353,5.996055207145426,98.0,5.83565654140189,0.1603986657435363,0.8042190713730372,1.9844674545084815,1.3734579191505085,1.4773424097601706,98.0,1.4254001644553396,0.05194224530483113,0.26043199356080143,1.9844674545084815,99.0,0.48484848484848486,-0.01493687679549385,0.012650879390873997,98.0,-0.0011429987023099262,0.013793878093183923,0.06916079868438861,1.9844674545084815,QuantileRegressor,"{'mode': 'original', 'type': 'QuantileRegressor'}",4,"['z_pe_T6W50', 'z_l2_T6W50', 'z_l3_T6W50', 'z_diameter_T6W50']",0.10136038990518165,0.15464900092794154,78.0,0.1280046954165616,0.026644305511379942,0.11895427389149114,1.9908470688116906,2.2040820915684387,2.2846010953490454,98.0,2.244341593458742,0.04025950189030343,0.20185616304271284,1.9844674545084815,completed,False,COMPLETE
278,1.7606350820285803,2026-06-13 07:02:41.897359,2026-06-13 07:02:44.066354,0 days 00:00:02.168995,,,,,,,,,,,,,,,LinearRegression,,,,,,5,,,,,,,,True,,,,,,,,,-0.026249253379401136,-0.005772616056661671,98.0,-0.016010934718031403,0.010238318661369731,0.051333663457233634,1.9844674545084815,1.735164815488432,1.7861053485687286,98.0,1.7606350820285803,0.025470266540148345,0.12770476618111948,1.9844674545084815,0.2652166844889022,0.2849457560449136,98.0,0.2750812202669079,0.009864535778005744,0.04945956231081412,1.9844674545084815,5.62692808716362,5.925704900688096,98.0,5.776316493925858,0.1493884067622378,0.7490149946279452,1.9844674545084815,1.4658937185007197,1.5232217346869312,98.0,1.4945577265938255,0.028664008093105754,0.14371779131458068,1.9844674545084815,99.0,0.3939393939393939,-0.0049248076457570015,0.02689557981846092,98.0,0.010985386086351958,0.01591019373210896,0.07977174354467724,1.9844674545084815,LinearRegression,"{'mode': 'original', 'type': 'LinearRegression'}",5,"['z_pe_T6W50', 'z_l2_T6W50', 'z_l3_T6W50', 'z_diameter_T6W50', 'z_asp_T6W50']",0.14693266015254625,0.19901720129262485,98.0,0.17297493072258555,0.0260422705700393,0.13057272363954414,1.9844674545084815,2.1917800824833362,2.2641050320844522,98.0,2.2279425572838942,0.036162474800558224,0.18131417594929558,1.9844674545084815,completed,True,COMPLETE
279,2.2740262736110486,2026-06-13 07:02:44.079085,2026-06-13 07:02:44.224260,0 days 00:00:00.145175,9.0,1.0,6.0,,,,,,,,,,,,DecisionTreeRegressor,,,,,,3,,,,,,,,True,,,,,,,,,,,,,,,,,,,,,,,,,,,,,,,,,,,,,,,,,,,,,,,,,,,,,DecisionTreeRegressor,"{'mode': 'original', 'type': 'DecisionTreeRegressor'}",3,"['z_pe_T6W50', 'z_l3_T6W50', 'z_density_T6W50']",,,,,,,,,,,,,,,pruned,True,PRUNED
280,1.8148103344501496,2026-06-13 07:02:44.234999,2026-06-13 07:02:54.686718,0 days 00:00:10.451719,,,,,,18.0,,2.0,11.0,158.0,,,,,ExtraTreesRegressor,,,,,,3,,,,,,,,False,,,,,,,,,-0.056954362011290914,-0.03724707535132773,98.0,-0.04710071868130932,0.009853643329981593,0.04940494892363689,1.9844674545084815,1.7883932310793762,1.841227437820923,98.0,1.8148103344501496,0.026417103370773444,0.1324520889418002,1.9844674545084815,0.273335349846028,0.2936682128536113,98.0,0.2835017813498196,0.01016643150379166,0.05097323014039095,1.9844674545084815,5.793940547204901,6.046878511177615,98.0,5.920409529191258,0.12646898198635703,0.6340998335558788,1.9844674545084815,1.435562801285437,1.5040759031873765,98.0,1.4698193522364067,0.03425655095096976,0.171758109498752,1.9844674545084815,99.0,0.797979797979798,-0.07885444135721902,-0.04648666210154019,98.0,-0.0626705517293796,0.01618388962783941,0.08114402091420907,1.9844674545084815,ExtraTreesRegressor,"{'mode': 'original', 'type': 'ExtraTreesRegressor'}",3,"['z_l1_T6W50', 'z_l3_T6W50', 'z_density_T6W50']",0.038060998622019726,0.08629654809463623,98.0,0.06217877335832798,0.024117774736308255,0.12092353955755729,1.9844674545084815,2.2725089836133865,2.3465753730872914,98.0,2.309542178350339,0.037033194736952296,0.18567985801670422,1.9844674545084815,completed,False,COMPLETE
281,1.812915070738314,2026-06-13 07:02:54.699553,2026-06-13 07:03:01.190057,0 days 00:00:06.490504,,,,,,,,,,,,,,,XGBRegressor,,,,,,3,,,,,,,,False,gbtree,0.7598058379015038,0.022851779404450448,5.0,113.0,9.305437128443685,1.647994748405775e-07,0.7013697423734153,-0.052715096127428,-0.03865526938954958,98.0,-0.04568518275848879,0.007029913368939215,0.03524711614771659,1.9844674545084815,1.7875838388921304,1.8382463025844975,98.0,1.812915070738314,0.02533123184618365,0.1270076634218752,1.9844674545084815,0.27405521195075316,0.2951086182731612,98.0,0.2845819151119572,0.010526703161204,0.052779587671004345,1.9844674545084815,5.934956190994094,6.212382753257997,98.0,6.073669472126046,0.13871328113195136,0.6954912350543688,1.9844674545084815,1.3283874384472383,1.3874657035686235,98.0,1.357926571007931,0.02953913256069265,0.1481055571566224,1.9844674545084815,99.0,0.9393939393939394,-0.10007110358769786,-0.07365759249136075,98.0,-0.0868643480395293,0.01320675554816855,0.06621703886104068,1.9844674545084815,XGBRegressor,"{'mode': 'original', 'type': 'XGBRegressor'}",3,"['z_lsc_T6W50', 'z_density_T6W50', 'z_asp_T6W50']",-0.09290407352529531,-0.045982765379009576,98.0,-0.06944341945215245,0.02346065407314287,0.117628817827416,1.9844674545084815,2.2994892708207546,2.3740547967910874,98.0,2.336772033805921,0.03728276298516626,0.18693116234577978,1.9844674545084815,completed,False,COMPLETE
282,1.7509175705581785,2026-06-13 07:03:01.203357,2026-06-13 07:03:02.740899,0 days 00:00:01.537542,,,,,,13.0,,1.0,8.0,211.0,,,,,ExtraTreesRegressor,,,,,,3,,,,,,,,True,,,,,,,,,,,,,,,,,,,,,,,,,,,,,,,,,,,,,,,,,,,,,,,,,,,,,ExtraTreesRegressor,"{'mode': 'original', 'type': 'ExtraTreesRegressor'}",3,"['z_l1_T6W50', 'z_l3_T6W50', 'z_density_T6W50']",,,,,,,,,,,,,,,pruned,True,PRUNED
283,1.7879088899777922,2026-06-13 07:03:02.751645,2026-06-13 07:03:06.023173,0 days 00:00:03.271528,,,,,,,,,,,,,,,RandomForestRegressor,11.0,log2,2.0,3.0,325.0,4,,,,,,,,True,,,,,,,,,,,,,,,,,,,,,,,,,,,,,,,,,,,,,,,,,,,,,,,,,,,,,RandomForestRegressor,"{'mode': 'original', 'type': 'RandomForestRegressor'}",4,"['z_pe_T6W50', 'z_l1_T6W50', 'z_l3_T6W50', 'z_density_T6W50']",,,,,,,,,,,,,,,pruned,True,PRUNED
284,2.163051523639759,2026-06-13 07:03:06.034614,2026-06-13 07:03:06.155386,0 days 00:00:00.120772,13.0,3.0,12.0,,,,,,,,,,,,DecisionTreeRegressor,,,,,,6,,,,,,,,True,,,,,,,,,,,,,,,,,,,,,,,,,,,,,,,,,,,,,,,,,,,,,,,,,,,,,DecisionTreeRegressor,"{'mode': 'original', 'type': 'DecisionTreeRegressor'}",6,"['z_re_T6W50', 'z_pe_T6W50', 'z_l3_T6W50', 'z_lsc_T6W50', 'z_density_T6W50', 'z_diameter_T6W50']",,,,,,,,,,,,,,,pruned,True,PRUNED
285,1.7138269116870568,2026-06-13 07:03:06.164951,2026-06-13 07:03:06.259749,0 days 00:00:00.094798,,,,,,,,,,,,,,,LinearRegression,,,,,,9,,,,,,,,False,,,,,,,,,,,,,,,,,,,,,,,,,,,,,,,,,,,,,,,,,,,,,,,,,,,,,LinearRegression,"{'mode': 'original', 'type': 'LinearRegression'}",9,"['z_re_T6W50', 'z_pe_T6W50', 'z_l1_T6W50', 'z_l2_T6W50', 'z_l3_T6W50', 'z_lsc_T6W50', 'z_density_T6W50', 'z_diameter_T6W50', 'z_asp_T6W50']",,,,,,,,,,,,,,,pruned,False,PRUNED
286,1.7478958441729973,2026-06-13 07:03:06.269226,2026-06-13 07:03:11.467682,0 days 00:00:05.198456,,,,,,,,,,,,,,,XGBRegressor,,,,,,7,,,,,,,,False,gbtree,0.6069973393491568,0.0026646637168733,2.0,86.0,3.544537957319563e-06,4.006964783909137e-05,0.7590387490201724,-0.008756810630705405,-0.006104658048553564,98.0,-0.007430734339629485,0.0013260762910759208,0.006648782509725172,1.9844674545084815,1.7223638099509768,1.7734278783950177,98.0,1.7478958441729973,0.02553203422202042,0.12801446169838426,1.9844674545084815,0.2652338881191983,0.2868136555573744,98.0,0.27602377183828636,0.010789883719088058,0.054099142437147925,1.9844674545084815,5.7502079286157395,6.063627080564195,98.0,5.906917504589967,0.15670957597422763,0.7857224315491816,1.9844674545084815,1.1906640226301233,1.2643350822646495,98.0,1.2274995524473864,0.036835529817263096,0.18468879055726758,1.9844674545084815,99.0,0.6464646464646465,-0.006682076781717697,-0.002337351310196225,98.0,-0.004509714045956961,0.002172362735760736,0.010891958071722874,1.9844674545084815,XGBRegressor,"{'mode': 'original', 'type': 'XGBRegressor'}",7,"['z_re_T6W50', 'z_pe_T6W50', 'z_l2_T6W50', 'z_l3_T6W50', 'z_density_T6W50', 'z_diameter_T6W50', 'z_asp_T6W50']",0.01316544889671174,0.06329219449658395,98.0,0.03822882169664785,0.025063372799936107,0.1256646512937288,1.9844674545084815,2.210086939495759,2.2903096743846127,98.0,2.250198306940186,0.040111367444427004,0.20111343525287206,1.9844674545084815,completed,False,COMPLETE
287,1.7349970291146763,2026-06-13 07:03:11.480772,2026-06-13 07:03:13.713148,0 days 00:00:02.232376,,,,,,,,,,,,,,4.557241216716546,QuantileRegressor,,,,,,9,,,,,,,,False,,,,,,,,,0.0,0.0,98.0,0.0,0.0,0.0,1.9844674545084815,1.7097615267403508,1.760232531489002,98.0,1.7349970291146763,0.025235502374325525,0.1265276876901327,1.9844674545084815,0.25983396043683077,0.2806349322602259,98.0,0.27023444634852833,0.010400485911697585,0.05214674999296774,1.9844674545084815,5.70097731382373,6.036396423550007,98.0,5.8686868686868685,0.16770955486313893,0.8408749651825216,1.9844674545084815,1.033280465877702,1.1485377159404797,98.0,1.0909090909090908,0.057628625031388776,0.2889427981985323,1.9844674545084815,99.0,0.9797979797979798,-0.009845695376372022,-0.006666757700651824,98.0,-0.008256226538511923,0.0015894688378600991,0.007969400161994435,1.9844674545084815,QuantileRegressor,"{'mode': 'original', 'type': 'QuantileRegressor'}",9,"['z_re_T6W50', 'z_pe_T6W50', 'z_l1_T6W50', 'z_l2_T6W50', 'z_l3_T6W50', 'z_lsc_T6W50', 'z_density_T6W50', 'z_diameter_T6W50', 'z_asp_T6W50']",,,,,,,,2.2146203974868346,2.2936018858285863,98.0,2.2541111416577104,0.03949074417087585,0.1980017069201324,1.9844674545084815,completed,False,COMPLETE
288,1.8666666666666667,2026-06-13 07:03:13.726182,2026-06-13 07:03:13.906068,0 days 00:00:00.179886,,,,,,,,,,,minkowski,3.0,uniform,,KNeighborsRegressor,,,,,,9,4.0,4.0,12.0,40.0,,,ExtraTrees,,,,,,,,,,,,,,,,,,,,,,,,,,,,,,,,,,,,,,,,,,,,,,,,,,,,,,KNeighborsRegressor,"{'mode': 'proxy', 'type': 'ExtraTrees'}",9,"['z_re_T6W50', 'z_pe_T6W50', 'z_l1_T6W50', 'z_l2_T6W50', 'z_l3_T6W50', 'z_lsc_T6W50', 'z_density_T6W50', 'z_diameter_T6W50', 'z_asp_T6W50']",,,,,,,,,,,,,,,pruned,True,PRUNED
289,1.7693086690590634,2026-06-13 07:03:13.916003,2026-06-13 07:03:23.202607,0 days 00:00:09.286604,,,,,,11.0,log2,3.0,5.0,143.0,,,,,ExtraTreesRegressor,,,,,,5,,,,,,,,True,,,,,,,,,-0.02562719695222793,-0.01460289443428037,98.0,-0.02011504569325415,0.005512151258973781,0.02763724465044841,1.9844674545084815,1.7435859517840868,1.79503138633404,98.0,1.7693086690590634,0.02572271727497651,0.12897052294156267,1.9844674545084815,0.2678555548653409,0.28930878109938624,98.0,0.27858216798236357,0.010726613117022657,0.0537819114639202,1.9844674545084815,5.780130803976969,6.089305731979512,98.0,5.934718267978241,0.15458746400127185,0.7750824245869736,1.9844674545084815,1.408452880915662,1.4657872573447033,98.0,1.4371200691301826,0.028667188214520616,0.14373373605002632,1.9844674545084815,99.0,0.6363636363636364,-0.022686815740230754,-0.006764558748699398,98.0,-0.014725687244465076,0.007961128495765678,0.03991611361769762,1.9844674545084815,ExtraTreesRegressor,"{'mode': 'original', 'type': 'ExtraTreesRegressor'}",5,"['z_pe_T6W50', 'z_l1_T6W50', 'z_l2_T6W50', 'z_l3_T6W50', 'z_density_T6W50']",0.04236531363955641,0.09058978735967461,98.0,0.06647755049961551,0.024112236860059102,0.12089577333098785,1.9844674545084815,2.2209206406190156,2.300328882474141,98.0,2.260624761546578,0.0397041209275626,0.1990715515869801,1.9844674545084815,completed,True,COMPLETE
290,1.7812946097535112,2026-06-13 07:03:23.232957,2026-06-13 07:03:24.894158,0 days 00:00:01.661201,,,,,,,,,,,,,,,RandomForestRegressor,8.0,,3.0,2.0,219.0,8,,,,,,,,False,,,,,,,,,,,,,,,,,,,,,,,,,,,,,,,,,,,,,,,,,,,,,,,,,,,,,RandomForestRegressor,"{'mode': 'original', 'type': 'RandomForestRegressor'}",8,"['z_re_T6W50', 'z_pe_T6W50', 'z_l1_T6W50', 'z_l2_T6W50', 'z_l3_T6W50', 'z_lsc_T6W50', 'z_density_T6W50', 'z_diameter_T6W50']",,,,,,,,,,,,,,,pruned,False,PRUNED
