number,value,datetime_start,datetime_complete,duration,params_dt_max_depth,params_dt_min_samples_leaf,params_dt_min_samples_split,params_elastic_alpha,params_elastic_l1_ratio,params_et_max_depth,params_et_max_features,params_et_min_samples_leaf,params_et_min_samples_split,params_et_n_estimators,params_knn_metric,params_knn_n_neighbors,params_knn_weights,params_quantile_alpha,params_regressor,params_rf_max_depth,params_rf_max_features,params_rf_min_samples_leaf,params_rf_min_samples_split,params_rf_n_estimators,params_rfe_n_features,params_rfe_proxy_et_max_depth,params_rfe_proxy_et_min_samples_leaf,params_rfe_proxy_et_min_samples_split,params_rfe_proxy_et_n_estimators,params_rfe_proxy_lsvr_C,params_rfe_proxy_lsvr_epsilon,params_rfe_proxy_type,params_use_scaler,params_xgb_booster,params_xgb_colsample_bytree,params_xgb_learning_rate,params_xgb_max_depth,params_xgb_n_estimators,params_xgb_reg_alpha,params_xgb_reg_lambda,params_xgb_subsample,user_attrs_d2mae_ci_lower_val,user_attrs_d2mae_ci_upper_val,user_attrs_d2mae_df_val,user_attrs_d2mae_mean_val,user_attrs_d2mae_samperror_val,user_attrs_d2mae_std_val,user_attrs_d2mae_t_critical_val,user_attrs_mae_ci_lower_val,user_attrs_mae_ci_upper_val,user_attrs_mae_df_val,user_attrs_mae_mean_val,user_attrs_mae_samperror_val,user_attrs_mae_std_val,user_attrs_mae_t_critical_val,user_attrs_mape_ci_lower_val,user_attrs_mape_ci_upper_val,user_attrs_mape_df_val,user_attrs_mape_mean_val,user_attrs_mape_samperror_val,user_attrs_mape_std_val,user_attrs_mape_t_critical_val,user_attrs_max_error_ci_lower_val,user_attrs_max_error_ci_upper_val,user_attrs_max_error_df_val,user_attrs_max_error_mean_val,user_attrs_max_error_samperror_val,user_attrs_max_error_std_val,user_attrs_max_error_t_critical_val,user_attrs_median_ae_ci_lower_val,user_attrs_median_ae_ci_upper_val,user_attrs_median_ae_df_val,user_attrs_median_ae_mean_val,user_attrs_median_ae_samperror_val,user_attrs_median_ae_std_val,user_attrs_median_ae_t_critical_val,user_attrs_n_splits_val,user_attrs_r2_below_zero_val,user_attrs_r2_ci_lower_val,user_attrs_r2_ci_upper_val,user_attrs_r2_df_val,user_attrs_r2_mean_val,user_attrs_r2_samperror_val,user_attrs_r2_std_val,user_attrs_r2_t_critical_val,user_attrs_regressor_final,user_attrs_rfe_estimator,user_attrs_rfe_n_features,user_attrs_rfe_selected_features,user_attrs_rho_ci_lower_val,user_attrs_rho_ci_upper_val,user_attrs_rho_df_val,user_attrs_rho_mean_val,user_attrs_rho_samperror_val,user_attrs_rho_std_val,user_attrs_rho_t_critical_val,user_attrs_rmse_ci_lower_val,user_attrs_rmse_ci_upper_val,user_attrs_rmse_df_val,user_attrs_rmse_mean_val,user_attrs_rmse_samperror_val,user_attrs_rmse_std_val,user_attrs_rmse_t_critical_val,user_attrs_termination_reason,user_attrs_use_scaler_final,state
220,1.8137324250648696,2026-06-13 06:56:47.935042,2026-06-13 06:56:55.497236,0 days 00:00:07.562194,,,,,,,,,,,,,,,XGBRegressor,,,,,,3,,,,,,,,False,gbtree,0.6053965507750143,0.009019282545016091,2.0,473.0,1.1595567099204797e-06,0.00016671124676531315,0.535517444522001,-0.05555589096191664,-0.03762061782113883,98.0,-0.046588254391527736,0.008967636570388904,0.044962620615437855,1.9844674545084815,1.7887078382057953,1.838757011923944,98.0,1.8137324250648696,0.02502458685907439,0.12547018338342827,1.9844674545084815,0.273066823184554,0.2930910249964159,98.0,0.28307892409048496,0.010012100905930982,0.05019943561086282,1.9844674545084815,5.8136144459281835,6.062927067457012,98.0,5.938270756692598,0.12465631076441397,0.6250113242465399,1.9844674545084815,1.4179010727058465,1.483460489078994,98.0,1.4506807808924203,0.032779708186573824,0.16435340253912228,1.9844674545084815,99.0,0.7878787878787878,-0.0799608661653228,-0.04860351744438843,98.0,-0.06428219180485562,0.01567867436046719,0.07861093405038681,1.9844674545084815,XGBRegressor,"{'mode': 'original', 'type': 'XGBRegressor'}",3,"['z_l3_T6W50', 'z_density_T6W50', 'z_diameter_T6W50']",-0.006352004894486063,0.04605487443014374,98.0,0.01985143476782884,0.026203439662314903,0.13138080553425993,1.9844674545084815,2.2748131863481205,2.3475197384563864,98.0,2.3111664624022534,0.03635327605413311,0.18227082983575715,1.9844674545084815,completed,False,COMPLETE
221,1.7707278716021893,2026-06-13 06:56:55.510284,2026-06-13 06:56:57.277441,0 days 00:00:01.767157,,,,0.00044503574138373846,0.25646306101676597,,,,,,,,,,ElasticNet,,,,,,4,,,,,,,,True,,,,,,,,,-0.029096329369689533,-0.013799332861510485,98.0,-0.02144783111560001,0.007648498254089525,0.03834862425312941,1.9844674545084815,1.7458154575231555,1.795640285681223,98.0,1.7707278716021893,0.02491241407903372,0.12490776293822409,1.9844674545084815,0.2668770660879006,0.28705772863045464,98.0,0.27696739735917764,0.010090331271277002,0.050591672986903986,1.9844674545084815,5.749114515891963,6.014076753489509,98.0,5.881595634690736,0.13248111879877286,0.6642439439313329,1.9844674545084815,1.4057025591060368,1.4746877221143726,98.0,1.4401951406102047,0.03449258150416793,0.1729415374994076,1.9844674545084815,99.0,0.4444444444444444,-0.015647452169110735,0.010335163398101394,98.0,-0.00265614438550467,0.012991307783606064,0.0651368104168535,1.9844674545084815,ElasticNet,"{'mode': 'original', 'type': 'ElasticNet'}",4,"['z_pe_T6W50', 'z_l2_T6W50', 'z_diameter_T6W50', 'z_asp_T6W50']",0.13057685436206537,0.17873688177073846,98.0,0.15465686806640191,0.024080013704336545,0.12073421041366693,1.9844674545084815,2.208036711306791,2.2807000702604805,98.0,2.244368390783636,0.03633167947684489,0.18216254726837383,1.9844674545084815,completed,True,COMPLETE
222,2.1680991902597007,2026-06-13 06:56:57.306868,2026-06-13 06:56:57.423078,0 days 00:00:00.116210,7.0,5.0,12.0,,,,,,,,,,,,DecisionTreeRegressor,,,,,,3,,,,,,,,False,,,,,,,,,,,,,,,,,,,,,,,,,,,,,,,,,,,,,,,,,,,,,,,,,,,,,DecisionTreeRegressor,"{'mode': 'original', 'type': 'DecisionTreeRegressor'}",3,"['z_pe_T6W50', 'z_l1_T6W50', 'z_asp_T6W50']",,,,,,,,,,,,,,,pruned,False,PRUNED
223,1.7810651043175567,2026-06-13 06:56:57.433060,2026-06-13 06:56:58.282187,0 days 00:00:00.849127,,,,,,,,,,,,,,,RandomForestRegressor,9.0,,4.0,7.0,75.0,8,,,,,,,,False,,,,,,,,,,,,,,,,,,,,,,,,,,,,,,,,,,,,,,,,,,,,,,,,,,,,,RandomForestRegressor,"{'mode': 'original', 'type': 'RandomForestRegressor'}",8,"['z_pe_T6W50', 'z_l1_T6W50', 'z_l2_T6W50', 'z_l3_T6W50', 'z_lsc_T6W50', 'z_density_T6W50', 'z_diameter_T6W50', 'z_asp_T6W50']",,,,,,,,,,,,,,,pruned,False,PRUNED
224,1.7556744459716214,2026-06-13 06:56:58.292119,2026-06-13 06:57:00.182408,0 days 00:00:01.890289,,,,,,,,,,,,,,,RandomForestRegressor,17.0,,5.0,5.0,267.0,8,,,,,,,,True,,,,,,,,,,,,,,,,,,,,,,,,,,,,,,,,,,,,,,,,,,,,,,,,,,,,,RandomForestRegressor,"{'mode': 'original', 'type': 'RandomForestRegressor'}",8,"['z_re_T6W50', 'z_pe_T6W50', 'z_l1_T6W50', 'z_l2_T6W50', 'z_l3_T6W50', 'z_lsc_T6W50', 'z_density_T6W50', 'z_diameter_T6W50']",,,,,,,,,,,,,,,pruned,True,PRUNED
225,1.7651044202709405,2026-06-13 06:57:00.193960,2026-06-13 06:57:02.569867,0 days 00:00:02.375907,,,,,,,,,,,,,,0.007258824163134309,QuantileRegressor,,,,,,7,,,,,,,,False,,,,,,,,,-0.023642555896795366,-0.011736193860387958,98.0,-0.017689374878591662,0.005953181018203705,0.029848513315132157,1.9844674545084815,1.7391779164804015,1.7910309240614795,98.0,1.7651044202709405,0.025926503790539006,0.12999228332556773,1.9844674545084815,0.26531783774126944,0.2861013716855901,98.0,0.27570960471342976,0.01039176697216033,0.05210303430851672,1.9844674545084815,5.69892279158369,6.02449825940795,98.0,5.86171052549582,0.16278773391212983,0.8161975636821017,1.9844674545084815,1.2024754340198578,1.3353773421174837,98.0,1.2689263880686708,0.06645095404881288,0.3331768647155483,1.9844674545084815,99.0,0.9090909090909091,-0.02320561821892484,-0.010532940782944237,98.0,-0.016869279500934538,0.006336338717990301,0.03176961863158472,1.9844674545084815,QuantileRegressor,"{'mode': 'original', 'type': 'QuantileRegressor'}",7,"['z_pe_T6W50', 'z_l1_T6W50', 'z_l2_T6W50', 'z_l3_T6W50', 'z_density_T6W50', 'z_diameter_T6W50', 'z_asp_T6W50']",-0.03177405687772645,0.034562231017989574,37.0,0.001394087070131565,0.03316814394785801,0.10090955066479745,2.0261924630291093,2.2234182450930904,2.3034479371808843,98.0,2.2634330911369873,0.040014846043896844,0.2006294888887165,1.9844674545084815,completed,False,COMPLETE
226,2.4162738671717,2026-06-13 06:57:02.582679,2026-06-13 06:57:02.692395,0 days 00:00:00.109716,12.0,2.0,4.0,,,,,,,,,,,,DecisionTreeRegressor,,,,,,8,,,,,,,,False,,,,,,,,,,,,,,,,,,,,,,,,,,,,,,,,,,,,,,,,,,,,,,,,,,,,,DecisionTreeRegressor,"{'mode': 'original', 'type': 'DecisionTreeRegressor'}",8,"['z_re_T6W50', 'z_pe_T6W50', 'z_l1_T6W50', 'z_l3_T6W50', 'z_lsc_T6W50', 'z_density_T6W50', 'z_diameter_T6W50', 'z_asp_T6W50']",,,,,,,,,,,,,,,pruned,False,PRUNED
227,1.801584100273816,2026-06-13 06:57:02.702290,2026-06-13 06:57:17.508024,0 days 00:00:14.805734,,,,,,,,,,,,,,,RandomForestRegressor,7.0,sqrt,5.0,2.0,162.0,3,,,,,,,,False,,,,,,,,,-0.04830357244487488,-0.029978327136329842,98.0,-0.03914094979060236,0.009162622654272519,0.04594025672347303,1.9844674545084815,1.774353102019116,1.828815098528516,98.0,1.801584100273816,0.027230998254700028,0.13653285722445704,1.9844674545084815,0.2729872680458413,0.29539069747810487,98.0,0.2841889827619731,0.011201714716131784,0.05616401211963457,1.9844674545084815,5.9167473001859054,6.32354076128998,98.0,6.120144030737943,0.20339673055203694,1.0198060501726007,1.9844674545084815,1.4730828687007826,1.5394954395275815,98.0,1.506289154114182,0.033206285413399386,0.16649220799387004,1.9844674545084815,99.0,0.6868686868686869,-0.048833810254879095,-0.020898383606761897,98.0,-0.034866096930820496,0.013967713324058599,0.07003238703144807,1.9844674545084815,RandomForestRegressor,"{'mode': 'original', 'type': 'RandomForestRegressor'}",3,"['z_pe_T6W50', 'z_l2_T6W50', 'z_l3_T6W50']",0.07068654488001845,0.11717688552903362,98.0,0.09393171520452603,0.023245170324507583,0.11654840896353841,1.9844674545084815,2.240165138931275,2.3240472840301636,98.0,2.2821062114807193,0.041941072549444056,0.2102873503451341,1.9844674545084815,completed,False,COMPLETE
228,1.8399165026450648,2026-06-13 06:57:17.532358,2026-06-13 06:57:33.438737,0 days 00:00:15.906379,,,,,,10.0,,1.0,10.0,261.0,,,,,ExtraTreesRegressor,,,,,,9,,,,,,,,False,,,,,,,,,-0.0708478665563902,-0.051735725691040235,98.0,-0.061291796123715214,0.009556070432674977,0.04791295522139281,1.9844674545084815,1.812231391757795,1.8676016135323346,98.0,1.8399165026450648,0.027685110887269812,0.13880972179793155,1.9844674545084815,0.27806971654387164,0.2999418411330515,98.0,0.28900577883846157,0.010936062294589936,0.05483206373483953,1.9844674545084815,6.074910785632553,6.390066154080489,98.0,6.232488469856521,0.15757768422396762,0.7900750189427291,1.9844674545084815,1.4521742775390862,1.5182858566293689,98.0,1.4852300670842276,0.03305578954514143,0.16573764032427724,1.9844674545084815,99.0,0.898989898989899,-0.11063851393292763,-0.07694088628613009,98.0,-0.09378970010952886,0.01684881382339877,0.0844778685906057,1.9844674545084815,ExtraTreesRegressor,"{'mode': 'original', 'type': 'ExtraTreesRegressor'}",9,"['z_re_T6W50', 'z_pe_T6W50', 'z_l1_T6W50', 'z_l2_T6W50', 'z_l3_T6W50', 'z_lsc_T6W50', 'z_density_T6W50', 'z_diameter_T6W50', 'z_asp_T6W50']",0.0016046556983690292,0.05027107779097964,98.0,0.025937866744674333,0.024333211046305304,0.1220037105699701,1.9844674545084815,2.303591988695182,2.3850714568855502,98.0,2.344331722790366,0.04073973409518399,0.20426398792119396,1.9844674545084815,completed,False,COMPLETE
229,1.7349970291146763,2026-06-13 06:57:33.451504,2026-06-13 06:57:36.085002,0 days 00:00:02.633498,,,,,,,,,,,,,,0.03542175278867556,QuantileRegressor,,,,,,6,,,,,,,,False,,,,,,,,,0.0,0.0,98.0,0.0,0.0,0.0,1.9844674545084815,1.7097615267403508,1.760232531489002,98.0,1.7349970291146763,0.025235502374325525,0.1265276876901327,1.9844674545084815,0.25983396043683077,0.2806349322602259,98.0,0.27023444634852833,0.010400485911697585,0.05214674999296774,1.9844674545084815,5.70097731382373,6.036396423550007,98.0,5.8686868686868685,0.16770955486313893,0.8408749651825216,1.9844674545084815,1.033280465877702,1.1485377159404797,98.0,1.0909090909090908,0.057628625031388776,0.2889427981985323,1.9844674545084815,99.0,0.9797979797979798,-0.009845695376372022,-0.006666757700651824,98.0,-0.008256226538511923,0.0015894688378600991,0.007969400161994435,1.9844674545084815,QuantileRegressor,"{'mode': 'original', 'type': 'QuantileRegressor'}",6,"['z_l2_T6W50', 'z_l3_T6W50', 'z_lsc_T6W50', 'z_density_T6W50', 'z_diameter_T6W50', 'z_asp_T6W50']",,,,,,,,2.2146203974868346,2.2936018858285863,98.0,2.2541111416577104,0.03949074417087585,0.1980017069201324,1.9844674545084815,completed,False,COMPLETE
230,1.773950341700848,2026-06-13 06:57:36.097633,2026-06-13 06:57:56.955869,0 days 00:00:20.858236,,,,,,4.0,,2.0,8.0,376.0,,,,,ExtraTreesRegressor,,,,,,5,,,,,,,,True,,,,,,,,,-0.02997804943918979,-0.016261454490119294,98.0,-0.02311975196465454,0.006858297474535247,0.03438665527922602,1.9844674545084815,1.748774594405002,1.799126088996694,98.0,1.773950341700848,0.02517574729584596,0.12622808311735217,1.9844674545084815,0.2676413132905056,0.2884223786540889,98.0,0.27803184597229724,0.010390532681791615,0.052096845729269314,1.9844674545084815,5.7617020387759315,6.0558012878884036,98.0,5.9087516633321675,0.1470496245562365,0.7372886299157753,1.9844674545084815,1.367464792657282,1.434509188467644,98.0,1.400986990562463,0.033522197905180906,0.16807615415450644,1.9844674545084815,99.0,0.5959595959595959,-0.02814015980040947,-0.00850598947749626,98.0,-0.018323074638952865,0.009817085161456605,0.04922165078829408,1.9844674545084815,ExtraTreesRegressor,"{'mode': 'original', 'type': 'ExtraTreesRegressor'}",5,"['z_l1_T6W50', 'z_l3_T6W50', 'z_density_T6W50', 'z_diameter_T6W50', 'z_asp_T6W50']",0.04125736537363772,0.09536072725177605,98.0,0.06830904631270689,0.02705168093906916,0.13563378238247337,1.9844674545084815,2.225036886947603,2.30232977064354,98.0,2.2636833287955715,0.03864644184796852,0.1937684794993239,1.9844674545084815,completed,True,COMPLETE
231,2.147251789604731,2026-06-13 06:57:56.968987,2026-06-13 06:57:57.093251,0 days 00:00:00.124264,17.0,4.0,11.0,,,,,,,,,,,,DecisionTreeRegressor,,,,,,3,,,,,,,,True,,,,,,,,,,,,,,,,,,,,,,,,,,,,,,,,,,,,,,,,,,,,,,,,,,,,,DecisionTreeRegressor,"{'mode': 'original', 'type': 'DecisionTreeRegressor'}",3,"['z_re_T6W50', 'z_pe_T6W50', 'z_diameter_T6W50']",,,,,,,,,,,,,,,pruned,True,PRUNED
232,1.7349970291146763,2026-06-13 06:57:57.103514,2026-06-13 06:57:59.434265,0 days 00:00:02.330751,,,,,,,,,,,,,,5.442611243442007,QuantileRegressor,,,,,,9,,,,,,,,False,,,,,,,,,0.0,0.0,98.0,0.0,0.0,0.0,1.9844674545084815,1.7097615267403508,1.760232531489002,98.0,1.7349970291146763,0.025235502374325525,0.1265276876901327,1.9844674545084815,0.25983396043683077,0.2806349322602259,98.0,0.27023444634852833,0.010400485911697585,0.05214674999296774,1.9844674545084815,5.70097731382373,6.036396423550007,98.0,5.8686868686868685,0.16770955486313893,0.8408749651825216,1.9844674545084815,1.033280465877702,1.1485377159404797,98.0,1.0909090909090908,0.057628625031388776,0.2889427981985323,1.9844674545084815,99.0,0.9797979797979798,-0.009845695376372022,-0.006666757700651824,98.0,-0.008256226538511923,0.0015894688378600991,0.007969400161994435,1.9844674545084815,QuantileRegressor,"{'mode': 'original', 'type': 'QuantileRegressor'}",9,"['z_re_T6W50', 'z_pe_T6W50', 'z_l1_T6W50', 'z_l2_T6W50', 'z_l3_T6W50', 'z_lsc_T6W50', 'z_density_T6W50', 'z_diameter_T6W50', 'z_asp_T6W50']",,,,,,,,2.2146203974868346,2.2936018858285863,98.0,2.2541111416577104,0.03949074417087585,0.1980017069201324,1.9844674545084815,completed,False,COMPLETE
233,1.8195518152119443,2026-06-13 06:57:59.447874,2026-06-13 06:58:18.214933,0 days 00:00:18.767059,,,,,,,,,,,,,,,RandomForestRegressor,3.0,,2.0,6.0,203.0,3,,,,,,,,True,,,,,,,,,-0.05900941277608497,-0.0404845709414738,98.0,-0.049746991858779385,0.009262420917305584,0.046440632870924425,1.9844674545084815,1.793244220157726,1.8458594102661625,98.0,1.8195518152119443,0.026307595054218126,0.13190302778696142,1.9844674545084815,0.2746635380226315,0.29579237999289604,98.0,0.28522795900776376,0.010564420985132253,0.05296870017510891,1.9844674545084815,5.802671020458134,6.103355196004618,98.0,5.953013108231376,0.15034208777324196,0.7537966332625344,1.9844674545084815,1.4502752404440051,1.523522958199861,98.0,1.486899099321933,0.03662385887792795,0.1836274986476394,1.9844674545084815,99.0,0.7878787878787878,-0.07376773625651828,-0.04435012595695303,98.0,-0.05905893110673566,0.01470880514978263,0.07374812978481286,1.9844674545084815,RandomForestRegressor,"{'mode': 'original', 'type': 'RandomForestRegressor'}",3,"['z_pe_T6W50', 'z_l3_T6W50', 'z_density_T6W50']",0.015868036431166622,0.06728354014779458,98.0,0.0415757882894806,0.02570775185831398,0.12889548819339153,1.9844674545084815,2.2688109734124096,2.3440877161750766,98.0,2.306449344793743,0.037638371381333594,0.18871413886127908,1.9844674545084815,completed,True,COMPLETE
234,1.9516612324060176,2026-06-13 06:58:18.227949,2026-06-13 06:58:19.382438,0 days 00:00:01.154489,,,,,,,,,,,,,,,XGBRegressor,,,,,,2,,,,,,,,False,gbtree,0.8769340413549565,0.043615447042338384,6.0,161.0,0.0015886199576773381,1.3779643280309122,0.8755885684770214,,,,,,,,,,,,,,,,,,,,,,,,,,,,,,,,,,,,,,,,,,,,,XGBRegressor,"{'mode': 'original', 'type': 'XGBRegressor'}",2,"['z_diameter_T6W50', 'z_asp_T6W50']",,,,,,,,,,,,,,,pruned,False,PRUNED
235,1.7563619095161427,2026-06-13 06:58:19.393341,2026-06-13 06:58:25.685691,0 days 00:00:06.292350,,,,,,,,,,,,,,,XGBRegressor,,,,,,4,,,,,,,,False,gbtree,0.7149788098899108,0.0028665332547584666,3.0,172.0,0.3009833970105686,1.1995541049382383e-07,0.671053810431797,-0.015622016693378881,-0.009655832432022563,98.0,-0.012638924562700722,0.0029830921306781594,0.014956854984006502,1.9844674545084815,1.7319119568844017,1.7808118621478837,98.0,1.7563619095161427,0.024449952631741045,0.12258903844033944,1.9844674545084815,0.266177496358293,0.28727349548026326,98.0,0.27672549591927814,0.010547999560985117,0.05288636518549404,1.9844674545084815,5.760114343222864,6.056891488563012,98.0,5.908502915892938,0.1483885726700734,0.7440019501527921,1.9844674545084815,1.2430664853327809,1.3070414224344669,98.0,1.2750539538836239,0.03198746855084292,0.1603812109925221,1.9844674545084815,99.0,0.7070707070707071,-0.017843663439595557,-0.008825161545155325,98.0,-0.013334412492375441,0.004509250947220117,0.022608826529515486,1.9844674545084815,XGBRegressor,"{'mode': 'original', 'type': 'XGBRegressor'}",4,"['z_l3_T6W50', 'z_density_T6W50', 'z_diameter_T6W50', 'z_asp_T6W50']",-0.03023088963326911,0.026555813584857726,98.0,-0.0018375380242056914,0.02839335160906342,0.14236075317932803,1.9844674545084815,2.220410377390645,2.298006220928637,98.0,2.259208299159641,0.038797921768996206,0.19452798108779304,1.9844674545084815,completed,False,COMPLETE
236,1.9164808965196798,2026-06-13 06:58:25.707391,2026-06-13 06:58:27.072348,0 days 00:00:01.364957,,,,,,,,,,,,,,,XGBRegressor,,,,,,8,,,,,,,,False,gbtree,0.8285152491170537,0.10806113572524977,10.0,347.0,1.2175258738653325,3.941568343635868e-05,0.7833026294527314,,,,,,,,,,,,,,,,,,,,,,,,,,,,,,,,,,,,,,,,,,,,,XGBRegressor,"{'mode': 'original', 'type': 'XGBRegressor'}",8,"['z_pe_T6W50', 'z_l1_T6W50', 'z_l2_T6W50', 'z_l3_T6W50', 'z_lsc_T6W50', 'z_density_T6W50', 'z_diameter_T6W50', 'z_asp_T6W50']",,,,,,,,,,,,,,,pruned,False,PRUNED
237,1.7994652406417115,2026-06-13 06:58:27.084054,2026-06-13 06:58:29.228437,0 days 00:00:02.144383,,,,,,,,,,,euclidean,12.0,uniform,,KNeighborsRegressor,,,,,,8,,,,,0.015326057621818302,0.5665821846009316,LinearSVR,,,,,,,,,,-0.046927184627924695,-0.028427726362629843,98.0,-0.03767745549527727,0.009249729132647424,0.046376997832412496,1.9844674545084815,1.7710375132585412,1.8278929680248819,98.0,1.7994652406417115,0.02842772738317027,0.14253310905898445,1.9844674545084815,0.2712920833998031,0.2934456429664635,98.0,0.2823688631831333,0.011076779783330222,0.055537603818954714,1.9844674545084815,6.006347982993231,6.33708636044111,98.0,6.17171717171717,0.1653691887239393,0.8291406588252016,1.9844674545084815,1.4401785512332057,1.5059493948947411,98.0,1.4730639730639734,0.032885421830767626,0.1648834376760787,1.9844674545084815,99.0,0.7676767676767676,-0.07292871518175931,-0.04088731417973951,98.0,-0.05690801468074941,0.016020700501009903,0.08032581081608489,1.9844674545084815,KNeighborsRegressor,"{'mode': 'proxy', 'type': 'LinearSVR'}",8,"['z_re_T6W50', 'z_l1_T6W50', 'z_l2_T6W50', 'z_l3_T6W50', 'z_lsc_T6W50', 'z_density_T6W50', 'z_diameter_T6W50', 'z_asp_T6W50']",0.05795887992113741,0.1079083549654245,98.0,0.08293361744328095,0.024974737522143547,0.12522024497359646,1.9844674545084815,2.2638907306745635,2.345981514813583,98.0,2.3049361227440732,0.041045392069509704,0.20579651919962136,1.9844674545084815,completed,True,COMPLETE
