number,value,datetime_start,datetime_complete,duration,params_dt_max_depth,params_dt_min_samples_leaf,params_dt_min_samples_split,params_elastic_alpha,params_elastic_l1_ratio,params_et_max_depth,params_et_max_features,params_et_min_samples_leaf,params_et_min_samples_split,params_et_n_estimators,params_knn_metric,params_knn_n_neighbors,params_knn_weights,params_quantile_alpha,params_regressor,params_rf_max_depth,params_rf_max_features,params_rf_min_samples_leaf,params_rf_min_samples_split,params_rf_n_estimators,params_rfe_n_features,params_rfe_proxy_et_max_depth,params_rfe_proxy_et_min_samples_leaf,params_rfe_proxy_et_min_samples_split,params_rfe_proxy_et_n_estimators,params_rfe_proxy_lsvr_C,params_rfe_proxy_lsvr_epsilon,params_rfe_proxy_type,params_use_scaler,params_xgb_booster,params_xgb_colsample_bytree,params_xgb_learning_rate,params_xgb_max_depth,params_xgb_n_estimators,params_xgb_reg_alpha,params_xgb_reg_lambda,params_xgb_subsample,user_attrs_d2mae_ci_lower_val,user_attrs_d2mae_ci_upper_val,user_attrs_d2mae_df_val,user_attrs_d2mae_mean_val,user_attrs_d2mae_samperror_val,user_attrs_d2mae_std_val,user_attrs_d2mae_t_critical_val,user_attrs_mae_ci_lower_val,user_attrs_mae_ci_upper_val,user_attrs_mae_df_val,user_attrs_mae_mean_val,user_attrs_mae_samperror_val,user_attrs_mae_std_val,user_attrs_mae_t_critical_val,user_attrs_mape_ci_lower_val,user_attrs_mape_ci_upper_val,user_attrs_mape_df_val,user_attrs_mape_mean_val,user_attrs_mape_samperror_val,user_attrs_mape_std_val,user_attrs_mape_t_critical_val,user_attrs_max_error_ci_lower_val,user_attrs_max_error_ci_upper_val,user_attrs_max_error_df_val,user_attrs_max_error_mean_val,user_attrs_max_error_samperror_val,user_attrs_max_error_std_val,user_attrs_max_error_t_critical_val,user_attrs_median_ae_ci_lower_val,user_attrs_median_ae_ci_upper_val,user_attrs_median_ae_df_val,user_attrs_median_ae_mean_val,user_attrs_median_ae_samperror_val,user_attrs_median_ae_std_val,user_attrs_median_ae_t_critical_val,user_attrs_n_splits_val,user_attrs_r2_below_zero_val,user_attrs_r2_ci_lower_val,user_attrs_r2_ci_upper_val,user_attrs_r2_df_val,user_attrs_r2_mean_val,user_attrs_r2_samperror_val,user_attrs_r2_std_val,user_attrs_r2_t_critical_val,user_attrs_regressor_final,user_attrs_rfe_estimator,user_attrs_rfe_n_features,user_attrs_rfe_selected_features,user_attrs_rho_ci_lower_val,user_attrs_rho_ci_upper_val,user_attrs_rho_df_val,user_attrs_rho_mean_val,user_attrs_rho_samperror_val,user_attrs_rho_std_val,user_attrs_rho_t_critical_val,user_attrs_rmse_ci_lower_val,user_attrs_rmse_ci_upper_val,user_attrs_rmse_df_val,user_attrs_rmse_mean_val,user_attrs_rmse_samperror_val,user_attrs_rmse_std_val,user_attrs_rmse_t_critical_val,user_attrs_termination_reason,user_attrs_use_scaler_final,state
254,1.9842172424525362,2026-06-13 07:00:06.995502,2026-06-13 07:00:07.110392,0 days 00:00:00.114890,16.0,5.0,2.0,,,,,,,,,,,,DecisionTreeRegressor,,,,,,2,,,,,,,,True,,,,,,,,,,,,,,,,,,,,,,,,,,,,,,,,,,,,,,,,,,,,,,,,,,,,,DecisionTreeRegressor,"{'mode': 'original', 'type': 'DecisionTreeRegressor'}",2,"['z_pe_T6W50', 'z_asp_T6W50']",,,,,,,,,,,,,,,pruned,True,PRUNED
255,1.7475494996187033,2026-06-13 07:00:07.134357,2026-06-13 07:00:08.903960,0 days 00:00:01.769603,,,,0.2339884881450403,0.8468872244289528,,,,,,,,,,ElasticNet,,,,,,4,,,,,,,,False,,,,,,,,,-0.00936042871940408,-0.005218146949801607,98.0,-0.007289287834602844,0.002071140884801236,0.010384444230482652,1.9844674545084815,1.722188254308104,1.7729107449293027,98.0,1.7475494996187033,0.02536124531059925,0.1271581472202853,1.9844674545084815,0.26505609671017544,0.28648620655309937,98.0,0.2757711516316374,0.010715054921461976,0.053723960100936795,1.9844674545084815,5.71822019615797,6.030699320154154,98.0,5.874459758156062,0.15623956199809172,0.7833658396058,1.9844674545084815,1.2262693717577475,1.3008175190304954,98.0,1.2635434453941214,0.03727407363637388,0.1868875950256637,1.9844674545084815,99.0,0.43434343434343436,-0.002559163370229928,0.003393204688169506,98.0,0.0004170206589697892,0.002976184029199717,0.014922218617611619,1.9844674545084815,ElasticNet,"{'mode': 'original', 'type': 'ElasticNet'}",4,"['z_l3_T6W50', 'z_density_T6W50', 'z_diameter_T6W50', 'z_asp_T6W50']",0.08726671684603891,0.13892774913721917,83.0,0.11309723299162905,0.025830516145590135,0.11902733947342183,1.9889597801751624,2.2045004530138264,2.2848972359635122,98.0,2.2446988444886693,0.04019839147484313,0.2015497629779437,1.9844674545084815,completed,False,COMPLETE
256,2.051226159638049,2026-06-13 07:00:08.917368,2026-06-13 07:00:09.806694,0 days 00:00:00.889326,,,,,,,,,,,,,,,XGBRegressor,,,,,,7,,,,,,,,False,gbtree,0.5299716504306542,0.07089301624794533,7.0,155.0,1.5092586963835046e-07,0.0028442823442350845,0.6093569444532696,,,,,,,,,,,,,,,,,,,,,,,,,,,,,,,,,,,,,,,,,,,,,XGBRegressor,"{'mode': 'original', 'type': 'XGBRegressor'}",7,"['z_l1_T6W50', 'z_l2_T6W50', 'z_l3_T6W50', 'z_lsc_T6W50', 'z_density_T6W50', 'z_diameter_T6W50', 'z_asp_T6W50']",,,,,,,,,,,,,,,pruned,False,PRUNED
257,1.7442083001583453,2026-06-13 07:00:09.816954,2026-06-13 07:00:12.204333,0 days 00:00:02.387379,,,,,,,,,,,,,,0.013551637750925319,QuantileRegressor,,,,,,6,,,,,,,,False,,,,,,,,,-0.008782012072350935,-0.002018178105042017,98.0,-0.005400095088696476,0.003381916983654459,0.016956513468784223,1.9844674545084815,1.7187001189821838,1.7697164813345068,98.0,1.7442083001583453,0.02550818117616144,0.12789486547667503,1.9844674545084815,0.2615244980373817,0.2823087912598549,98.0,0.2719166446486183,0.01039214661123663,0.052104937771890215,1.9844674545084815,5.703137526101486,6.034715936021211,98.0,5.868926731061348,0.1657892049598625,0.8312465682830511,1.9844674545084815,1.0803978914656334,1.2065634737897972,98.0,1.1434806826277153,0.06308279116208203,0.3162893125875846,1.9844674545084815,99.0,0.9595959595959596,-0.013968065819317338,-0.00771914689932367,98.0,-0.010843606359320504,0.0031244594599968345,0.015665653288407192,1.9844674545084815,QuantileRegressor,"{'mode': 'original', 'type': 'QuantileRegressor'}",6,"['z_l2_T6W50', 'z_l3_T6W50', 'z_lsc_T6W50', 'z_density_T6W50', 'z_diameter_T6W50', 'z_asp_T6W50']",-0.13789681386270797,0.010765063975929245,9.0,-0.06356587494338936,0.0743309389193186,0.10390748771546322,2.262157162798205,2.2174378001927924,2.2962786429323785,98.0,2.2568582215625854,0.03942042136979306,0.19764911709327201,1.9844674545084815,completed,False,COMPLETE
258,1.7606175649488243,2026-06-13 07:00:12.217513,2026-06-13 07:00:13.269279,0 days 00:00:01.051766,,,,,,,,,,,,,,,RandomForestRegressor,13.0,,5.0,5.0,90.0,4,,,,,,,,True,,,,,,,,,,,,,,,,,,,,,,,,,,,,,,,,,,,,,,,,,,,,,,,,,,,,,RandomForestRegressor,"{'mode': 'original', 'type': 'RandomForestRegressor'}",4,"['z_pe_T6W50', 'z_l1_T6W50', 'z_l2_T6W50', 'z_l3_T6W50']",,,,,,,,,,,,,,,pruned,True,PRUNED
259,1.9975229850939193,2026-06-13 07:00:13.279666,2026-06-13 07:00:13.566441,0 days 00:00:00.286775,6.0,4.0,14.0,,,,,,,,,,,,DecisionTreeRegressor,,,,,,6,,,,,,,,False,,,,,,,,,,,,,,,,,,,,,,,,,,,,,,,,,,,,,,,,,,,,,,,,,,,,,DecisionTreeRegressor,"{'mode': 'original', 'type': 'DecisionTreeRegressor'}",6,"['z_re_T6W50', 'z_pe_T6W50', 'z_l1_T6W50', 'z_l3_T6W50', 'z_lsc_T6W50', 'z_diameter_T6W50']",,,,,,,,,,,,,,,pruned,False,PRUNED
260,1.755977065285613,2026-06-13 07:00:13.576745,2026-06-13 07:00:15.939067,0 days 00:00:02.362322,,,,0.17739453395672486,0.10343411486048337,,,,,,,,,,ElasticNet,,,,,,5,,,,,,,,False,,,,,,,,,-0.017411709473119624,-0.007630263530107323,98.0,-0.012520986501613474,0.004890722971506152,0.024521480077498447,1.9844674545084815,1.7312122824499756,1.7807418481212505,98.0,1.755977065285613,0.02476478283563733,0.1241675581433804,1.9844674545084815,0.2659465201662229,0.28689277643337585,98.0,0.27641964829979937,0.010473128133576487,0.05251096910882581,1.9844674545084815,5.694827932874648,6.002321899457876,98.0,5.848574916166262,0.15374698329161418,0.7708683582623285,1.9844674545084815,1.365644170339232,1.4187547185635145,98.0,1.3921994444513732,0.026555274112141286,0.1331448599495805,1.9844674545084815,99.0,0.3939393939393939,-0.004044564793795006,0.010006915726503023,98.0,0.002981175466354008,0.007025740260149014,0.03522619269638714,1.9844674545084815,ElasticNet,"{'mode': 'original', 'type': 'ElasticNet'}",5,"['z_pe_T6W50', 'z_l2_T6W50', 'z_l3_T6W50', 'z_density_T6W50', 'z_diameter_T6W50']",0.07331074810582891,0.12286364402992955,98.0,0.09808719606787923,0.02477644796205032,0.12422604564443172,1.9844674545084815,2.2019254803598143,2.2794738247983055,98.0,2.24069965257906,0.03877417221924562,0.19440890378277056,1.9844674545084815,completed,False,COMPLETE
261,1.746427864074923,2026-06-13 07:00:15.953129,2026-06-13 07:00:17.975450,0 days 00:00:02.022321,,,,6.139856646782011,0.5657449506132892,,,,,,,,,,ElasticNet,,,,,,6,,,,,,,,False,,,,,,,,,-0.006929990589016921,-0.006153986227407756,98.0,-0.006541988408212338,0.0003880021808045826,0.0019453949450944801,1.9844674545084815,1.7207864571086444,1.7720692710412014,98.0,1.746427864074923,0.025641406966278476,0.1285628431104926,1.9844674545084815,0.2649515644991853,0.286576518078214,98.0,0.27576404128869964,0.01081247678951438,0.05421242129787595,1.9844674545084815,5.729884355182948,6.04858606328747,98.0,5.889235209235209,0.15935085405226102,0.7989654731499785,1.9844674545084815,1.1339416758435712,1.2173425954407,98.0,1.1756421356421356,0.0417004597985643,0.20908094777204522,1.9844674545084815,99.0,1.0,-0.005710922460236731,-0.0033785820218229794,98.0,-0.004544752241029855,0.0011661702192068755,0.005847033243113108,1.9844674545084815,ElasticNet,"{'mode': 'original', 'type': 'ElasticNet'}",6,"['z_l2_T6W50', 'z_l3_T6W50', 'z_lsc_T6W50', 'z_density_T6W50', 'z_diameter_T6W50', 'z_asp_T6W50']",,,,,,,,2.2100458514374464,2.2906850879179124,98.0,2.2503654696776794,0.040319618240232794,0.20215757898585932,1.9844674545084815,completed,False,COMPLETE
262,1.8271951410312257,2026-06-13 07:00:17.988768,2026-06-13 07:01:01.210167,0 days 00:00:43.221399,,,,,,,,,,,,,,,RandomForestRegressor,10.0,sqrt,5.0,7.0,495.0,4,,,,,,,,False,,,,,,,,,-0.0649846782000244,-0.043382983464906495,98.0,-0.054183830832465446,0.010800847367558953,0.0541541128145588,1.9844674545084815,1.799474720854421,1.8549155612080304,98.0,1.8271951410312257,0.027720420176804757,0.138986758208484,1.9844674545084815,0.2757358392647587,0.29760628437639397,98.0,0.28667106182057633,0.01093522255581761,0.0548278533884969,1.9844674545084815,5.859656708715297,6.217295770131935,98.0,6.038476239423616,0.1788195307083186,0.896579009949785,1.9844674545084815,1.466414369553878,1.5314682299828108,98.0,1.4989412997683444,0.03252693021446633,0.16308600505143436,1.9844674545084815,99.0,0.7171717171717171,-0.0791196847085335,-0.042904571988478586,98.0,-0.06101212834850605,0.018107556360027463,0.09078904798360551,1.9844674545084815,RandomForestRegressor,"{'mode': 'original', 'type': 'RandomForestRegressor'}",4,"['z_pe_T6W50', 'z_l2_T6W50', 'z_l3_T6W50', 'z_density_T6W50']",0.055621853772592184,0.10731907369476285,98.0,0.08147046373367751,0.025848609961085334,0.12960173329886687,1.9844674545084815,2.2683626111556516,2.348210202643872,98.0,2.3082864068997617,0.03992379574411004,0.20017297394700334,1.9844674545084815,completed,False,COMPLETE
263,1.8554680544388318,2026-06-13 07:01:01.222942,2026-06-13 07:01:33.420503,0 days 00:00:32.197561,,,,,,,,,,,,,,,RandomForestRegressor,16.0,sqrt,3.0,11.0,365.0,2,,,,,,,,False,,,,,,,,,-0.08149750892742195,-0.059987547162618546,98.0,-0.07074252804502025,0.010754980882401708,0.053924143930906845,1.9844674545084815,1.8284230000065065,1.882513108871157,98.0,1.8554680544388318,0.02704505443232537,0.13560055789724942,1.9844674545084815,0.28021674490454135,0.30241874695600784,98.0,0.2913177459302746,0.011101001025733246,0.055659046132595945,1.9844674545084815,6.044686377254545,6.3911545184418275,98.0,6.217920447848186,0.1732340705936409,0.8685742037639316,1.9844674545084815,1.5527966527708443,1.616858966471916,98.0,1.5848278096213801,0.032031156850535834,0.16060025872366146,1.9844674545084815,99.0,0.8585858585858586,-0.1044010022933432,-0.07012534380636554,98.0,-0.08726317304985437,0.01713782924348883,0.08592695616050455,1.9844674545084815,RandomForestRegressor,"{'mode': 'original', 'type': 'RandomForestRegressor'}",2,"['z_pe_T6W50', 'z_l3_T6W50']",0.01362120438999103,0.059922879572824585,98.0,0.03677204198140781,0.023150837591416777,0.11607543630722175,1.9844674545084815,2.296523284548803,2.3776349522754217,98.0,2.3370791184121122,0.04055583386330923,0.20334193490399444,1.9844674545084815,completed,False,COMPLETE
264,2.2943802414872545,2026-06-13 07:01:33.433053,2026-06-13 07:01:33.562392,0 days 00:00:00.129339,12.0,1.0,3.0,,,,,,,,,,,,DecisionTreeRegressor,,,,,,2,,,,,,,,False,,,,,,,,,,,,,,,,,,,,,,,,,,,,,,,,,,,,,,,,,,,,,,,,,,,,,DecisionTreeRegressor,"{'mode': 'original', 'type': 'DecisionTreeRegressor'}",2,"['z_pe_T6W50', 'z_lsc_T6W50']",,,,,,,,,,,,,,,pruned,False,PRUNED
265,1.7732850901204236,2026-06-13 07:01:33.572049,2026-06-13 07:01:51.542399,0 days 00:00:17.970350,,,,,,19.0,sqrt,3.0,10.0,326.0,,,,,ExtraTreesRegressor,,,,,,5,,,,,,,,False,,,,,,,,,-0.029072254338984867,-0.016132727290916693,98.0,-0.02260249081495078,0.006469763524034085,0.032438594106644014,1.9844674545084815,1.7478381643049532,1.798732015935894,98.0,1.7732850901204236,0.025446925815470336,0.12758773867444598,1.9844674545084815,0.26775004849448963,0.28874757045162674,98.0,0.2782488094730582,0.01049876097856853,0.05263948902325646,1.9844674545084815,5.71190828572561,6.00068994719437,98.0,5.85629911645999,0.14439083073438033,0.7239577665418591,1.9844674545084815,1.3969029667005848,1.4497411562509646,98.0,1.4233220614757747,0.02641909477518987,0.13246207359724033,1.9844674545084815,99.0,0.5858585858585859,-0.022433216506538248,-0.0034733969165048843,98.0,-0.012953306711521565,0.00947990979501668,0.04753109520398676,1.9844674545084815,ExtraTreesRegressor,"{'mode': 'original', 'type': 'ExtraTreesRegressor'}",5,"['z_l2_T6W50', 'z_l3_T6W50', 'z_density_T6W50', 'z_diameter_T6W50', 'z_asp_T6W50']",0.04665883899388651,0.09913230597295578,98.0,0.07289557248342114,0.026236733489534637,0.13154773666604327,1.9844674545084815,2.2191395140234573,2.2967343176664703,98.0,2.257936915844964,0.03879740182150663,0.19452537413538923,1.9844674545084815,completed,False,COMPLETE
266,1.7955460699665335,2026-06-13 07:01:51.555365,2026-06-13 07:02:03.451239,0 days 00:00:11.895874,,,,,,14.0,,4.0,6.0,199.0,,,,,ExtraTreesRegressor,,,,,,4,,,,,,,,True,,,,,,,,,-0.04547972725350109,-0.02652400803488185,98.0,-0.03600186764419147,0.00947785960930962,0.04752081582642566,1.9844674545084815,1.7697283308993026,1.8213638090337645,98.0,1.7955460699665335,0.025817739067230935,0.12944695045530047,1.9844674545084815,0.27039597706823376,0.2904352438697069,98.0,0.28041561046897034,0.010019633400736565,0.05023720260817285,1.9844674545084815,5.684572423948491,5.953091021897138,98.0,5.818831722922814,0.13425929897432334,0.6731595194000319,1.9844674545084815,1.4415770436760962,1.5036396587202585,98.0,1.4726083511981773,0.03103130752208108,0.15558713785563305,1.9844674545084815,99.0,0.6060606060606061,-0.04433869303357572,-0.014519526237112631,98.0,-0.029429109635344175,0.014909583398231544,0.07475480708958339,1.9844674545084815,ExtraTreesRegressor,"{'mode': 'original', 'type': 'ExtraTreesRegressor'}",4,"['z_l1_T6W50', 'z_l3_T6W50', 'z_density_T6W50', 'z_diameter_T6W50']",0.06834659363017587,0.1218626094668909,98.0,0.09510460154853338,0.026758007918357512,0.13416134217912615,1.9844674545084815,2.2363397420562854,2.3113665051239365,98.0,2.273853123590111,0.037513381533825635,0.1880874552250534,1.9844674545084815,completed,True,COMPLETE
267,1.7349970291146763,2026-06-13 07:02:03.463860,2026-06-13 07:02:05.490443,0 days 00:00:02.026583,,,,,,,,,,,,,,0.018142510366534415,QuantileRegressor,,,,,,4,,,,,,,,False,,,,,,,,,0.0,0.0,98.0,0.0,0.0,0.0,1.9844674545084815,1.7097615267403508,1.760232531489002,98.0,1.7349970291146763,0.025235502374325525,0.1265276876901327,1.9844674545084815,0.25983396043683077,0.2806349322602259,98.0,0.27023444634852833,0.010400485911697585,0.05214674999296774,1.9844674545084815,5.70097731382373,6.036396423550007,98.0,5.8686868686868685,0.16770955486313893,0.8408749651825216,1.9844674545084815,1.033280465877702,1.1485377159404797,98.0,1.0909090909090908,0.057628625031388776,0.2889427981985323,1.9844674545084815,99.0,0.9797979797979798,-0.009845695376372022,-0.006666757700651824,98.0,-0.008256226538511923,0.0015894688378600991,0.007969400161994435,1.9844674545084815,QuantileRegressor,"{'mode': 'original', 'type': 'QuantileRegressor'}",4,"['z_lsc_T6W50', 'z_density_T6W50', 'z_diameter_T6W50', 'z_asp_T6W50']",,,,,,,,2.2146203974868346,2.2936018858285863,98.0,2.2541111416577104,0.03949074417087585,0.1980017069201324,1.9844674545084815,completed,False,COMPLETE
268,1.7349970291146763,2026-06-13 07:02:05.521785,2026-06-13 07:02:07.571606,0 days 00:00:02.049821,,,,,,,,,,,,,,5.041035599333766,QuantileRegressor,,,,,,7,,,,,,,,False,,,,,,,,,0.0,0.0,98.0,0.0,0.0,0.0,1.9844674545084815,1.7097615267403508,1.760232531489002,98.0,1.7349970291146763,0.025235502374325525,0.1265276876901327,1.9844674545084815,0.25983396043683077,0.2806349322602259,98.0,0.27023444634852833,0.010400485911697585,0.05214674999296774,1.9844674545084815,5.70097731382373,6.036396423550007,98.0,5.8686868686868685,0.16770955486313893,0.8408749651825216,1.9844674545084815,1.033280465877702,1.1485377159404797,98.0,1.0909090909090908,0.057628625031388776,0.2889427981985323,1.9844674545084815,99.0,0.9797979797979798,-0.009845695376372022,-0.006666757700651824,98.0,-0.008256226538511923,0.0015894688378600991,0.007969400161994435,1.9844674545084815,QuantileRegressor,"{'mode': 'original', 'type': 'QuantileRegressor'}",7,"['z_l1_T6W50', 'z_l2_T6W50', 'z_l3_T6W50', 'z_lsc_T6W50', 'z_density_T6W50', 'z_diameter_T6W50', 'z_asp_T6W50']",,,,,,,,2.2146203974868346,2.2936018858285863,98.0,2.2541111416577104,0.03949074417087585,0.1980017069201324,1.9844674545084815,completed,False,COMPLETE
269,1.775688869438756,2026-06-13 07:02:07.615221,2026-06-13 07:02:09.712870,0 days 00:00:02.097649,,,,,,,,,,,,,,,LinearRegression,,,,,,7,,,,,,,,True,,,,,,,,,-0.035459029378513085,-0.014018871158989152,98.0,-0.024738950268751118,0.010720079109761966,0.053749150759663855,1.9844674545084815,1.7497411631605804,1.8016365757169317,98.0,1.775688869438756,0.025947706278175605,0.1300985899761802,1.9844674545084815,0.26737492213009934,0.28720663135594887,98.0,0.2772907767430241,0.009915854612924753,0.04971686860180598,1.9844674545084815,5.6808757170034605,5.973370585017656,98.0,5.827123151010558,0.1462474340070972,0.733266545720109,1.9844674545084815,1.4747100150004113,1.5316318455392512,98.0,1.5031709302698313,0.02846091526941997,0.14269950901584721,1.9844674545084815,99.0,0.47474747474747475,-0.02342698297718109,0.011688694801609636,98.0,-0.005869144087785726,0.017557838889395362,0.08803283257682556,1.9844674545084815,LinearRegression,"{'mode': 'original', 'type': 'LinearRegression'}",7,"['z_re_T6W50', 'z_pe_T6W50', 'z_l2_T6W50', 'z_l3_T6W50', 'z_lsc_T6W50', 'z_diameter_T6W50', 'z_asp_T6W50']",0.11997246700006121,0.17334811246302623,98.0,0.1466602897315437,0.0266878227314825,0.13380944233288294,1.9844674545084815,2.209849498802816,2.282630205951782,98.0,2.246239852377299,0.03639035357448287,0.18245673193691414,1.9844674545084815,completed,True,COMPLETE
270,1.759574704947897,2026-06-13 07:02:09.844070,2026-06-13 07:02:11.562451,0 days 00:00:01.718381,,,,,,19.0,,2.0,6.0,305.0,,,,,ExtraTreesRegressor,,,,,,6,,,,,,,,True,,,,,,,,,,,,,,,,,,,,,,,,,,,,,,,,,,,,,,,,,,,,,,,,,,,,,ExtraTreesRegressor,"{'mode': 'original', 'type': 'ExtraTreesRegressor'}",6,"['z_l1_T6W50', 'z_l2_T6W50', 'z_l3_T6W50', 'z_lsc_T6W50', 'z_density_T6W50', 'z_diameter_T6W50']",,,,,,,,,,,,,,,pruned,True,PRUNED
271,1.7717140677703551,2026-06-13 07:02:11.573029,2026-06-13 07:02:13.629140,0 days 00:00:02.056111,,,,0.00242854552214403,0.9408801695592043,,,,,,,,,,ElasticNet,,,,,,2,,,,,,,,True,,,,,,,,,-0.026034934700498166,-0.017228585593656243,98.0,-0.021631760147077204,0.00440317455342096,0.02207697261090397,1.9844674545084815,1.7471555959037024,1.7962725396370078,98.0,1.7717140677703551,0.02455847186665267,0.12313314046214978,1.9844674545084815,0.26821554943824777,0.2891527211697541,98.0,0.27868413530400094,0.01046858586575319,0.052488194739763294,1.9844674545084815,5.807656854854331,6.1009506772230715,98.0,5.954303766038701,0.14664691118437054,0.7352694748782304,1.9844674545084815,1.2701589388115404,1.3443329508372366,98.0,1.3072459448243885,0.03708700601284798,0.18594966109847935,1.9844674545084815,99.0,0.797979797979798,-0.0344782616199619,-0.018224968963555792,98.0,-0.026351615291758845,0.008126646328203051,0.040745999557717204,1.9844674545084815,ElasticNet,"{'mode': 'original', 'type': 'ElasticNet'}",2,"['z_diameter_T6W50', 'z_asp_T6W50']",-0.045894169304219384,0.000822883399360104,98.0,-0.02253564295242964,0.023358526351789744,0.11711676206406331,1.9844674545084815,2.2347941814973864,2.3103890020829234,98.0,2.272591591790155,0.03779741029276848,0.18951154029272768,1.9844674545084815,completed,True,COMPLETE
