number,value,datetime_start,datetime_complete,duration,params_dt_max_depth,params_dt_min_samples_leaf,params_dt_min_samples_split,params_elastic_alpha,params_elastic_l1_ratio,params_et_max_depth,params_et_max_features,params_et_min_samples_leaf,params_et_min_samples_split,params_et_n_estimators,params_knn_metric,params_knn_n_neighbors,params_knn_weights,params_quantile_alpha,params_regressor,params_rf_max_depth,params_rf_max_features,params_rf_min_samples_leaf,params_rf_min_samples_split,params_rf_n_estimators,params_rfe_n_features,params_rfe_proxy_et_max_depth,params_rfe_proxy_et_min_samples_leaf,params_rfe_proxy_et_min_samples_split,params_rfe_proxy_et_n_estimators,params_rfe_proxy_lsvr_C,params_rfe_proxy_lsvr_epsilon,params_rfe_proxy_type,params_use_scaler,params_xgb_booster,params_xgb_colsample_bytree,params_xgb_learning_rate,params_xgb_max_depth,params_xgb_n_estimators,params_xgb_reg_alpha,params_xgb_reg_lambda,params_xgb_subsample,user_attrs_d2mae_ci_lower_val,user_attrs_d2mae_ci_upper_val,user_attrs_d2mae_df_val,user_attrs_d2mae_mean_val,user_attrs_d2mae_samperror_val,user_attrs_d2mae_std_val,user_attrs_d2mae_t_critical_val,user_attrs_mae_ci_lower_val,user_attrs_mae_ci_upper_val,user_attrs_mae_df_val,user_attrs_mae_mean_val,user_attrs_mae_samperror_val,user_attrs_mae_std_val,user_attrs_mae_t_critical_val,user_attrs_mape_ci_lower_val,user_attrs_mape_ci_upper_val,user_attrs_mape_df_val,user_attrs_mape_mean_val,user_attrs_mape_samperror_val,user_attrs_mape_std_val,user_attrs_mape_t_critical_val,user_attrs_max_error_ci_lower_val,user_attrs_max_error_ci_upper_val,user_attrs_max_error_df_val,user_attrs_max_error_mean_val,user_attrs_max_error_samperror_val,user_attrs_max_error_std_val,user_attrs_max_error_t_critical_val,user_attrs_median_ae_ci_lower_val,user_attrs_median_ae_ci_upper_val,user_attrs_median_ae_df_val,user_attrs_median_ae_mean_val,user_attrs_median_ae_samperror_val,user_attrs_median_ae_std_val,user_attrs_median_ae_t_critical_val,user_attrs_n_splits_val,user_attrs_r2_below_zero_val,user_attrs_r2_ci_lower_val,user_attrs_r2_ci_upper_val,user_attrs_r2_df_val,user_attrs_r2_mean_val,user_attrs_r2_samperror_val,user_attrs_r2_std_val,user_attrs_r2_t_critical_val,user_attrs_regressor_final,user_attrs_rfe_estimator,user_attrs_rfe_n_features,user_attrs_rfe_selected_features,user_attrs_rho_ci_lower_val,user_attrs_rho_ci_upper_val,user_attrs_rho_df_val,user_attrs_rho_mean_val,user_attrs_rho_samperror_val,user_attrs_rho_std_val,user_attrs_rho_t_critical_val,user_attrs_rmse_ci_lower_val,user_attrs_rmse_ci_upper_val,user_attrs_rmse_df_val,user_attrs_rmse_mean_val,user_attrs_rmse_samperror_val,user_attrs_rmse_std_val,user_attrs_rmse_t_critical_val,user_attrs_termination_reason,user_attrs_use_scaler_final,state
291,1.7473384361735524,2026-06-13 07:03:24.904374,2026-06-13 07:03:27.316611,0 days 00:00:02.412237,,,,,,,,,,,,,,,XGBRegressor,,,,,,4,,,,,,,,True,gblinear,0.6560320223260103,0.018396906939747597,7.0,275.0,0.166557531238763,0.5659296068864758,0.5599764708654849,-0.00942624384215205,-0.005016793335009005,98.0,-0.007221518588580528,0.0022047252535715225,0.011054219733317355,1.9844674545084815,1.722200441650819,1.772476430696286,98.0,1.7473384361735524,0.025137994522733534,0.1260387953823608,1.9844674545084815,0.2649436961395618,0.28625872508270056,98.0,0.2756012106111312,0.01065751447156937,0.05343545940197831,1.9844674545084815,5.719449117054802,6.028597796477493,98.0,5.874023456766148,0.15457433971134527,0.7750166210205395,1.9844674545084815,1.2440466440282294,1.3100059882361874,98.0,1.2770263161322084,0.03297967210397907,0.16535599688875915,1.9844674545084815,99.0,0.30303030303030304,-0.0005603780533829459,0.005749181231013834,98.0,0.002594401588815444,0.00315477964219839,0.015817674931860162,1.9844674545084815,XGBRegressor,"{'mode': 'original', 'type': 'XGBRegressor'}",4,"['z_l2_T6W50', 'z_l3_T6W50', 'z_diameter_T6W50', 'z_asp_T6W50']",0.0740532916325021,0.1253879658816437,98.0,0.0997206287570729,0.025667337124570803,0.12869285371703815,1.9844674545084815,2.202242748248898,2.2819886102340603,98.0,2.242115679241479,0.03987293099258097,0.199917944373966,1.9844674545084815,completed,True,COMPLETE
292,1.7906811417524864,2026-06-13 07:03:27.367938,2026-06-13 07:03:29.236219,0 days 00:00:01.868281,,,,,,,,,,,,,,,RandomForestRegressor,18.0,,1.0,3.0,163.0,5,,,,,,,,True,,,,,,,,,,,,,,,,,,,,,,,,,,,,,,,,,,,,,,,,,,,,,,,,,,,,,RandomForestRegressor,"{'mode': 'original', 'type': 'RandomForestRegressor'}",5,"['z_pe_T6W50', 'z_l1_T6W50', 'z_l3_T6W50', 'z_lsc_T6W50', 'z_density_T6W50']",,,,,,,,,,,,,,,pruned,True,PRUNED
293,1.756220962627667,2026-06-13 07:03:29.245998,2026-06-13 07:03:30.922581,0 days 00:00:01.676583,,,,0.352325526118713,0.10540137739646227,,,,,,,,,,ElasticNet,,,,,,8,,,,,,,,False,,,,,,,,,-0.01658731982219411,-0.008637429582332368,98.0,-0.01261237470226324,0.0039749451199308705,0.019929883196290934,1.9844674545084815,1.7316480084797907,1.7807939167755433,98.0,1.756220962627667,0.024572954147876375,0.1232057528289865,1.9844674545084815,0.26618836101160664,0.28720060123523655,98.0,0.2766944811234216,0.010506120111814935,0.052676386807150734,1.9844674545084815,5.703019787166075,6.007946634237336,98.0,5.855483210701705,0.15246342353563033,0.7644327484009619,1.9844674545084815,1.321903582992076,1.3820812556083297,98.0,1.3519924193002029,0.030088836308126865,0.1508617037569855,1.9844674545084815,99.0,0.41414141414141414,-0.0063274069198086015,0.005185922078776975,98.0,-0.000570742420515813,0.005756664499292788,0.02886320379515962,1.9844674545084815,ElasticNet,"{'mode': 'original', 'type': 'ElasticNet'}",8,"['z_re_T6W50', 'z_pe_T6W50', 'z_l2_T6W50', 'z_l3_T6W50', 'z_lsc_T6W50', 'z_density_T6W50', 'z_diameter_T6W50', 'z_asp_T6W50']",0.05701730634266388,0.10658075383358348,98.0,0.08179903008812368,0.024781723745459804,0.12425249776991962,1.9844674545084815,2.206115174688739,2.283544317522487,98.0,2.244829746105613,0.03871457141687394,0.1941100727313136,1.9844674545084815,completed,False,COMPLETE
294,1.8243753835927805,2026-06-13 07:03:30.948152,2026-06-13 07:03:43.851029,0 days 00:00:12.902877,,,,,,,,,,,,,,,XGBRegressor,,,,,,2,,,,,,,,False,gbtree,0.9710291097442978,0.004679593024223319,7.0,356.0,4.835619142236148e-06,0.095399845303622,0.6243958943695885,-0.06320795124386162,-0.04143457390123438,98.0,-0.052321262572548,0.010886688671313618,0.05458451049443358,1.9844674545084815,1.7954499383644928,1.8533008288210682,98.0,1.8243753835927805,0.02892544522828764,0.14502860477492815,1.9844674545084815,0.27344571278160534,0.29454635551788433,98.0,0.28399603414974484,0.01055032136813951,0.05289800643939699,1.9844674545084815,6.179413230970174,6.471607714954527,98.0,6.325510472962351,0.1460972419921767,0.7325135015335685,1.9844674545084815,1.3861042941118213,1.453517336470121,98.0,1.4198108152909712,0.03370652117914985,0.16900032825244288,1.9844674545084815,99.0,0.8888888888888888,-0.12984492412051635,-0.08887326702631103,98.0,-0.10935909557341368,0.020485828547102656,0.10271341057662171,1.9844674545084815,XGBRegressor,"{'mode': 'original', 'type': 'XGBRegressor'}",2,"['z_diameter_T6W50', 'z_asp_T6W50']",0.003648047009583804,0.05801393314503053,98.0,0.030830990077307167,0.027182943067723363,0.13629191446058878,1.9844674545084815,2.318769184245861,2.4000479537351955,98.0,2.359408568990528,0.040639384744667224,0.20376084868925973,1.9844674545084815,completed,False,COMPLETE
295,1.7877842312091445,2026-06-13 07:03:43.864274,2026-06-13 07:03:46.364662,0 days 00:00:02.500388,,,,0.0004918786513508437,0.982739540910386,,,,,,,,,,ElasticNet,,,,,,3,,,,,,,,False,,,,,,,,,-0.03725102114371534,-0.024886840572254352,98.0,-0.031068930857984848,0.006182090285730495,0.03099623607021683,1.9844674545084815,1.762749066963954,1.812819395454335,98.0,1.7877842312091445,0.025035164245190488,0.12552321708916647,1.9844674545084815,0.26948940329189547,0.28996514206131346,98.0,0.27972727267660447,0.010237869384709015,0.051331410839624905,1.9844674545084815,5.784459314033441,6.073541302079635,98.0,5.929000308056538,0.1445409940230966,0.7247106666987644,1.9844674545084815,1.3864114739795128,1.452172266861587,98.0,1.41929187042055,0.032880396441037074,0.16485824099352736,1.9844674545084815,99.0,0.6565656565656566,-0.040252495825524884,-0.018492485059566775,98.0,-0.029372490442545827,0.010880005382979053,0.05455100131333643,1.9844674545084815,ElasticNet,"{'mode': 'original', 'type': 'ElasticNet'}",3,"['z_l2_T6W50', 'z_diameter_T6W50', 'z_asp_T6W50']",0.01396198137046957,0.06100319142159269,98.0,0.03748258639603113,0.02352060502556156,0.11792940448790092,1.9844674545084815,2.237958765560721,2.3117521120840068,98.0,2.274855438822364,0.03689667326164305,0.18499535622495472,1.9844674545084815,completed,False,COMPLETE
296,1.7455584678491234,2026-06-13 07:03:46.397371,2026-06-13 07:03:49.231452,0 days 00:00:02.834081,,,,,,,,,,,,,,,XGBRegressor,,,,,,4,,,,,,,,True,gblinear,0.6604272713749217,0.07295892049245895,4.0,256.0,0.002314467260697325,9.153982302423422,0.7564373711526339,-0.006816246904510483,-0.005337710140175505,98.0,-0.006076978522342994,0.000739268382167489,0.0037066002329021485,1.9844674545084815,1.7200828693162042,1.7710340663820425,98.0,1.7455584678491234,0.02547559853291905,0.12773150013339238,1.9844674545084815,0.2648008681491976,0.28632403545599366,98.0,0.27556245180259564,0.010761583653398034,0.053957249408028735,1.9844674545084815,5.723989443889293,6.038934548152092,98.0,5.881461996020692,0.15747255213139968,0.7895478996336964,1.9844674545084815,1.16665569877997,1.2415180260784775,98.0,1.2040868624292238,0.03743116364925361,0.18767522492080332,1.9844674545084815,99.0,0.5252525252525253,-0.0031162138717576275,-2.1188593348376835e-05,98.0,-0.0015687012325530023,0.0015475126392046254,0.007759036971224518,1.9844674545084815,XGBRegressor,"{'mode': 'original', 'type': 'XGBRegressor'}",4,"['z_re_T6W50', 'z_l2_T6W50', 'z_l3_T6W50', 'z_density_T6W50']",0.061139592521374825,0.11039883178006937,98.0,0.0857692121507221,0.02462961962934727,0.12348986654449767,1.9844674545084815,2.2068784337840803,2.286963717687442,98.0,2.246921075735761,0.04004264195168065,0.2007688541324499,1.9844674545084815,completed,True,COMPLETE
297,1.8705882352941177,2026-06-13 07:03:49.246618,2026-06-13 07:03:49.395174,0 days 00:00:00.148556,,,,,,,,,,,manhattan,4.0,uniform,,KNeighborsRegressor,,,,,,6,,,,,0.024850070766863297,0.0031571825764638364,LinearSVR,,,,,,,,,,,,,,,,,,,,,,,,,,,,,,,,,,,,,,,,,,,,,,,,,,,,,,KNeighborsRegressor,"{'mode': 'proxy', 'type': 'LinearSVR'}",6,"['z_l1_T6W50', 'z_l2_T6W50', 'z_l3_T6W50', 'z_lsc_T6W50', 'z_density_T6W50', 'z_asp_T6W50']",,,,,,,,,,,,,,,pruned,True,PRUNED
298,1.828058826637929,2026-06-13 07:03:49.404751,2026-06-13 07:04:08.294186,0 days 00:00:18.889435,,,,,,,,,,,,,,,RandomForestRegressor,10.0,log2,3.0,9.0,203.0,8,,,,,,,,False,,,,,,,,,-0.06474741777833493,-0.044232964538007756,98.0,-0.054490191158171344,0.010257226620163588,0.0514284656240239,1.9844674545084815,1.799973684866847,1.8561439684090109,98.0,1.828058826637929,0.028085141771081876,0.1408154271721537,1.9844674545084815,0.275685607461167,0.29741941670758076,98.0,0.2865525120843739,0.010866904623206905,0.054485315724186426,1.9844674545084815,5.972963738742867,6.28146973015819,98.0,6.127216734450529,0.15425299570766196,0.7734054419310159,1.9844674545084815,1.4496565917214321,1.512440048311362,98.0,1.481048320016397,0.03139172829496498,0.15739424303277771,1.9844674545084815,99.0,0.8383838383838383,-0.09756817198363651,-0.06331921158401024,98.0,-0.08044369178382338,0.017124480199813136,0.08586002570657078,1.9844674545084815,RandomForestRegressor,"{'mode': 'original', 'type': 'RandomForestRegressor'}",8,"['z_pe_T6W50', 'z_l1_T6W50', 'z_l2_T6W50', 'z_l3_T6W50', 'z_lsc_T6W50', 'z_density_T6W50', 'z_diameter_T6W50', 'z_asp_T6W50']",0.0025328068789691356,0.055307906388404646,98.0,0.028920356633686892,0.026387549754717757,0.13230391076619102,1.9844674545084815,2.289147237875326,2.3709160192979044,98.0,2.330031628586615,0.040884390711289194,0.20498927830271188,1.9844674545084815,completed,False,COMPLETE
299,1.7600968667459291,2026-06-13 07:04:08.306991,2026-06-13 07:04:19.919790,0 days 00:00:11.612799,,,,,,,,,,,,,,,XGBRegressor,,,,,,4,,,,,,,,True,gbtree,0.6173772108624856,0.0010406289634983384,5.0,368.0,0.23432759471836886,1.0863642854536062e-05,0.7017404845134998,-0.01763191206881276,-0.011673725649234785,98.0,-0.014652818859023772,0.002979093209788987,0.014936804889268641,1.9844674545084815,1.734911133544895,1.7852825999469633,98.0,1.7600968667459291,0.025185733201034222,0.12627815121087463,1.9844674545084815,0.26688941837483554,0.288152267714692,98.0,0.27752084304476377,0.010631424669928223,0.053304648363427035,1.9844674545084815,5.806561893000792,6.095305867551508,98.0,5.95093388027615,0.14437198727535808,0.7238632877689462,1.9844674545084815,1.2032017699695157,1.2649515574329269,98.0,1.2340766637012213,0.030874893731705606,0.15480289845649223,1.9844674545084815,99.0,0.8787878787878788,-0.03350378003532753,-0.023202703096727756,98.0,-0.028353241566027643,0.0051505384692998885,0.0258241628485515,1.9844674545084815,XGBRegressor,"{'mode': 'original', 'type': 'XGBRegressor'}",4,"['z_lsc_T6W50', 'z_density_T6W50', 'z_diameter_T6W50', 'z_asp_T6W50']",-0.09256081280923005,-0.04108021438573754,98.0,-0.0668205135974838,0.02574029921174625,0.12905867659793102,1.9844674545084815,2.2365423733601792,2.3153782925134685,98.0,2.275960332936824,0.039417959576644776,0.19763677396690965,1.9844674545084815,completed,True,COMPLETE
