number,value,datetime_start,datetime_complete,duration,params_dt_max_depth,params_dt_min_samples_leaf,params_dt_min_samples_split,params_elastic_alpha,params_elastic_l1_ratio,params_et_max_depth,params_et_max_features,params_et_min_samples_leaf,params_et_min_samples_split,params_et_n_estimators,params_knn_metric,params_knn_n_neighbors,params_knn_weights,params_quantile_alpha,params_regressor,params_rf_max_depth,params_rf_max_features,params_rf_min_samples_leaf,params_rf_min_samples_split,params_rf_n_estimators,params_rfe_n_features,params_rfe_proxy_et_max_depth,params_rfe_proxy_et_min_samples_leaf,params_rfe_proxy_et_min_samples_split,params_rfe_proxy_et_n_estimators,params_rfe_proxy_lsvr_C,params_rfe_proxy_lsvr_epsilon,params_rfe_proxy_type,params_use_scaler,params_xgb_booster,params_xgb_colsample_bytree,params_xgb_learning_rate,params_xgb_max_depth,params_xgb_n_estimators,params_xgb_reg_alpha,params_xgb_reg_lambda,params_xgb_subsample,user_attrs_d2mae_ci_lower_val,user_attrs_d2mae_ci_upper_val,user_attrs_d2mae_df_val,user_attrs_d2mae_mean_val,user_attrs_d2mae_samperror_val,user_attrs_d2mae_std_val,user_attrs_d2mae_t_critical_val,user_attrs_mae_ci_lower_val,user_attrs_mae_ci_upper_val,user_attrs_mae_df_val,user_attrs_mae_mean_val,user_attrs_mae_samperror_val,user_attrs_mae_std_val,user_attrs_mae_t_critical_val,user_attrs_mape_ci_lower_val,user_attrs_mape_ci_upper_val,user_attrs_mape_df_val,user_attrs_mape_mean_val,user_attrs_mape_samperror_val,user_attrs_mape_std_val,user_attrs_mape_t_critical_val,user_attrs_max_error_ci_lower_val,user_attrs_max_error_ci_upper_val,user_attrs_max_error_df_val,user_attrs_max_error_mean_val,user_attrs_max_error_samperror_val,user_attrs_max_error_std_val,user_attrs_max_error_t_critical_val,user_attrs_median_ae_ci_lower_val,user_attrs_median_ae_ci_upper_val,user_attrs_median_ae_df_val,user_attrs_median_ae_mean_val,user_attrs_median_ae_samperror_val,user_attrs_median_ae_std_val,user_attrs_median_ae_t_critical_val,user_attrs_n_splits_val,user_attrs_r2_below_zero_val,user_attrs_r2_ci_lower_val,user_attrs_r2_ci_upper_val,user_attrs_r2_df_val,user_attrs_r2_mean_val,user_attrs_r2_samperror_val,user_attrs_r2_std_val,user_attrs_r2_t_critical_val,user_attrs_regressor_final,user_attrs_rfe_estimator,user_attrs_rfe_n_features,user_attrs_rfe_selected_features,user_attrs_rho_ci_lower_val,user_attrs_rho_ci_upper_val,user_attrs_rho_df_val,user_attrs_rho_mean_val,user_attrs_rho_samperror_val,user_attrs_rho_std_val,user_attrs_rho_t_critical_val,user_attrs_rmse_ci_lower_val,user_attrs_rmse_ci_upper_val,user_attrs_rmse_df_val,user_attrs_rmse_mean_val,user_attrs_rmse_samperror_val,user_attrs_rmse_std_val,user_attrs_rmse_t_critical_val,user_attrs_termination_reason,user_attrs_use_scaler_final,state
115,1.760022310993215,2026-06-13 06:48:28.795453,2026-06-13 06:48:31.185787,0 days 00:00:02.390334,,,,,,,,,,,,,,0.00040504836317817647,QuantileRegressor,,,,,,3,,,,,,,,True,,,,,,,,,-0.021794532029742353,-0.008275276064035293,98.0,-0.015034904046888823,0.006759627982853531,0.033891938651719924,1.9844674545084815,1.7349051759861338,1.785139446000296,98.0,1.760022310993215,0.02511713500708109,0.12593420835085692,1.9844674545084815,0.2673858489192558,0.287644971860408,98.0,0.2775154103898319,0.010129561470576096,0.050788368354062106,1.9844674545084815,5.661737897112791,5.968618398624517,98.0,5.815178147868654,0.1534402507558632,0.7693304392658203,1.9844674545084815,1.3614702468290998,1.4546090185826512,98.0,1.4080396327058755,0.046569385876775685,0.2334931409224793,1.9844674545084815,99.0,0.46464646464646464,-0.0017551023783323218,0.018437219181787617,98.0,0.008341058401727648,0.01009616078005997,0.05062090142292786,1.9844674545084815,QuantileRegressor,"{'mode': 'original', 'type': 'QuantileRegressor'}",3,"['z_pe_T6W50', 'z_l2_T6W50', 'z_l3_T6W50']",0.11744338102286739,0.1731741675153604,79.0,0.1453087742691139,0.02786539324624651,0.12521571893258623,1.9904502102301285,2.19528137782311,2.272586779030796,98.0,2.233934078426953,0.03865270060384279,0.19379986012717282,1.9844674545084815,completed,True,COMPLETE
116,2.2193168487286137,2026-06-13 06:48:31.198128,2026-06-13 06:48:31.327100,0 days 00:00:00.128972,17.0,4.0,15.0,,,,,,,,,,,,DecisionTreeRegressor,,,,,,7,,,,,,,,True,,,,,,,,,,,,,,,,,,,,,,,,,,,,,,,,,,,,,,,,,,,,,,,,,,,,,DecisionTreeRegressor,"{'mode': 'original', 'type': 'DecisionTreeRegressor'}",7,"['z_re_T6W50', 'z_pe_T6W50', 'z_l1_T6W50', 'z_l2_T6W50', 'z_l3_T6W50', 'z_lsc_T6W50', 'z_diameter_T6W50']",,,,,,,,,,,,,,,pruned,True,PRUNED
117,1.7368457160509667,2026-06-13 06:48:31.336529,2026-06-13 06:48:33.774392,0 days 00:00:02.437863,,,,,,,,,,,,,,0.03382699854685835,QuantileRegressor,,,,,,8,,,,,,,,True,,,,,,,,,-0.0029357113982105307,0.0006663068371436974,98.0,-0.0011347022805334166,0.001801009117677114,0.009030036960959128,1.9844674545084815,1.711746700896585,1.7619447312053484,98.0,1.7368457160509667,0.025099015154381645,0.12584335765054833,1.9844674545084815,0.2601855553563095,0.28091792771499635,98.0,0.2705517415356529,0.01036618617934341,0.051974775377254145,1.9844674545084815,5.703359568087829,6.037226603497852,98.0,5.870293085792841,0.16693351770501177,0.8369840108546479,1.9844674545084815,1.0424310749776007,1.1602439626626055,98.0,1.1013375188201031,0.05890644384250245,0.2953496236723798,1.9844674545084815,99.0,0.9696969696969697,-0.01152008794605812,-0.006379569711605483,98.0,-0.008949828828831802,0.0025702591172263194,0.01288696131518245,1.9844674545084815,QuantileRegressor,"{'mode': 'original', 'type': 'QuantileRegressor'}",8,"['z_pe_T6W50', 'z_l1_T6W50', 'z_l2_T6W50', 'z_l3_T6W50', 'z_lsc_T6W50', 'z_density_T6W50', 'z_diameter_T6W50', 'z_asp_T6W50']",-1.4375847874941605,1.4383098785012634,1.0,0.00036254550355138,1.437947332997712,0.16004500655604945,12.706204736174694,2.2154532450941407,2.29400507799771,98.0,2.2547291615459253,0.03927591645178457,0.1969245873072485,1.9844674545084815,completed,True,COMPLETE
118,1.7464278650463252,2026-06-13 06:48:33.786748,2026-06-13 06:48:35.862794,0 days 00:00:02.076046,,,,,,,,,,,,,,,XGBRegressor,,,,,,3,,,,,,,,False,gblinear,0.8632308575565024,0.001054667477065073,6.0,122.0,8.438972315176365,7.8091343805248e-08,0.6233394322608115,-0.00692999120971602,-0.006153987065001996,98.0,-0.006541989137359008,0.00038800207235701174,0.0019453944013517728,1.9844674545084815,1.7207864589731643,1.772069271119486,98.0,1.7464278650463252,0.025641406073160813,0.1285628386325111,1.9844674545084815,0.2649515650917506,0.28657651804333734,98.0,0.27576404156754397,0.010812476475793356,0.054212419724917534,1.9844674545084815,5.729884420522415,6.048586129398178,98.0,5.8892352749602965,0.15935085443788077,0.7989654750834283,1.9844674545084815,1.133941688997399,1.2173426078282799,98.0,1.1756421484128394,0.04170045941544041,0.20908094585110942,1.9844674545084815,99.0,1.0,-0.005710921366128639,-0.003378581817130589,98.0,-0.004544751591629614,0.0011661697744990245,0.005847031013402946,1.9844674545084815,XGBRegressor,"{'mode': 'original', 'type': 'XGBRegressor'}",3,"['z_density_T6W50', 'z_diameter_T6W50', 'z_asp_T6W50']",,,,,,,,2.210045850769556,2.290685087159373,98.0,2.2503654689644645,0.04031961819490817,0.20215757875860726,1.9844674545084815,completed,False,COMPLETE
119,1.810670829003331,2026-06-13 06:48:35.875553,2026-06-13 06:48:37.937085,0 days 00:00:02.061532,,,,,,,,,,,manhattan,16.0,distance,,KNeighborsRegressor,,,,,,5,11.0,2.0,12.0,40.0,,,ExtraTrees,,,,,,,,,,-0.052998912121243004,-0.0353645227331267,98.0,-0.04418171742718485,0.008817194694058152,0.04420832365469017,1.9844674545084815,1.7830321701324168,1.8383094878742454,98.0,1.810670829003331,0.027638658870914348,0.13857681713327225,1.9844674545084815,0.2725290267426564,0.29398116868680574,98.0,0.28325509771473106,0.010726070972074673,0.05377919321620539,1.9844674545084815,5.902909434933682,6.215484950630684,98.0,6.059197192782183,0.1562877578485007,0.7836074876387202,1.9844674545084815,1.4733490577850108,1.5412369269578097,98.0,1.5072929923714102,0.03394393458639937,0.17019068971227574,1.9844674545084815,99.0,0.8383838383838383,-0.07693597719471641,-0.04677908011288605,98.0,-0.06185752865380123,0.015078448540915185,0.07560147602917079,1.9844674545084815,KNeighborsRegressor,"{'mode': 'proxy', 'type': 'ExtraTrees'}",5,"['z_l1_T6W50', 'z_l2_T6W50', 'z_l3_T6W50', 'z_density_T6W50', 'z_diameter_T6W50']",0.05571939902480644,0.10117044694463079,98.0,0.07844492298471861,0.02272552395991218,0.11394296636312744,1.9844674545084815,2.2700727408558676,2.351106102692778,98.0,2.310589421774323,0.04051668091845498,0.20314562688106766,1.9844674545084815,completed,True,COMPLETE
120,1.7601570906477744,2026-06-13 06:48:37.950429,2026-06-13 06:48:39.627148,0 days 00:00:01.676719,,,,0.0002917112640198782,0.5882022669483905,,,,,,,,,,ElasticNet,,,,,,5,,,,,,,,False,,,,,,,,,-0.025899845122381217,-0.005547835409228905,98.0,-0.01572384026580506,0.010176004856576156,0.051021229747186835,1.9844674545084815,1.7347091292757135,1.7856050520198352,98.0,1.7601570906477744,0.025447961372060894,0.1275929308271098,1.9844674545084815,0.26517323313592267,0.28491968726845784,98.0,0.27504646020219026,0.009873227066267564,0.049503139355190115,1.9844674545084815,5.626971071046003,5.925938115751387,98.0,5.776454593398695,0.14948352235269208,0.7494918924342558,1.9844674545084815,1.4645184368854274,1.521720880447436,98.0,1.4931196586664317,0.028601221781004438,0.1434029885113342,1.9844674545084815,99.0,0.3939393939393939,-0.004376506585741798,0.027180395616526416,98.0,0.01140194451539231,0.015778451101134107,0.0791112022873563,1.9844674545084815,ElasticNet,"{'mode': 'original', 'type': 'ElasticNet'}",5,"['z_pe_T6W50', 'z_l2_T6W50', 'z_l3_T6W50', 'z_diameter_T6W50', 'z_asp_T6W50']",0.1473309444783281,0.1996649179545368,98.0,0.17349793121643245,0.02616698673810436,0.13119803508089276,1.9844674545084815,2.191340359699973,2.263755206210062,98.0,2.2275477829550177,0.03620742325504462,0.18153954194070915,1.9844674545084815,completed,False,COMPLETE
121,1.7486779200107563,2026-06-13 06:48:39.639279,2026-06-13 06:48:46.545146,0 days 00:00:06.905867,,,,,,,,,,,,,,,XGBRegressor,,,,,,3,,,,,,,,False,gbtree,0.8924484885557338,0.0013964897465066847,2.0,274.0,0.023395288908658208,0.12517992356932114,0.6671191593480303,-0.009984505650223623,-0.005995905501153923,98.0,-0.007990205575688773,0.00199430007453485,0.009999173911745755,1.9844674545084815,1.723516603218539,1.7738392368029736,98.0,1.7486779200107563,0.025161316792217267,0.1261557303569728,1.9844674545084815,0.2652188109316575,0.2866199607382481,98.0,0.2759193858349528,0.0107005749032953,0.053651359080788115,1.9844674545084815,5.747518158698749,6.066123110098846,98.0,5.906820634398797,0.15930247570004868,0.7987229100755887,1.9844674545084815,1.2212333221331757,1.2958449715612146,98.0,1.2585391468471951,0.03730582471401947,0.18704679100189492,1.9844674545084815,99.0,0.5151515151515151,-0.004247589556938451,0.0017818748160789181,98.0,-0.0012328573704297663,0.0030147321865086844,0.015115494310588565,1.9844674545084815,XGBRegressor,"{'mode': 'original', 'type': 'XGBRegressor'}",3,"['z_pe_T6W50', 'z_l3_T6W50', 'z_diameter_T6W50']",0.03977655348317941,0.09148684540296328,98.0,0.06563169944307135,0.025855145959891933,0.12963450398848808,1.9844674545084815,2.2064603741118507,2.2864091249553855,98.0,2.246434749533618,0.039974375421767225,0.20042657419490595,1.9844674545084815,completed,False,COMPLETE
122,2.1858688946578217,2026-06-13 06:48:46.558363,2026-06-13 06:48:46.702422,0 days 00:00:00.144059,14.0,1.0,16.0,,,,,,,,,,,,DecisionTreeRegressor,,,,,,5,,,,,,,,True,,,,,,,,,,,,,,,,,,,,,,,,,,,,,,,,,,,,,,,,,,,,,,,,,,,,,DecisionTreeRegressor,"{'mode': 'original', 'type': 'DecisionTreeRegressor'}",5,"['z_re_T6W50', 'z_pe_T6W50', 'z_l3_T6W50', 'z_lsc_T6W50', 'z_diameter_T6W50']",,,,,,,,,,,,,,,pruned,True,PRUNED
123,1.7710212556670395,2026-06-13 06:48:46.711887,2026-06-13 06:48:48.355780,0 days 00:00:01.643893,,,,,,,,,,,,,,,LinearRegression,,,,,,4,,,,,,,,False,,,,,,,,,-0.0293131711933274,-0.013933138988960092,98.0,-0.021623155091143747,0.007690016102183656,0.038556789608401476,1.9844674545084815,1.7460991173630023,1.7959433939710767,98.0,1.7710212556670395,0.024922138304037295,0.12495651899966602,1.9844674545084815,0.2669074088227671,0.2870796842362736,98.0,0.27699354652952035,0.010086137706753274,0.05057064697305667,1.9844674545084815,5.749313592690695,6.014064012776468,98.0,5.881688802733581,0.1323752100428869,0.663712930528484,1.9844674545084815,1.4065046172188322,1.4757106597575327,98.0,1.4411076384881825,0.03460302126935016,0.1734952688224569,1.9844674545084815,99.0,0.4444444444444444,-0.015973374445207925,0.010181522923394642,98.0,-0.002895925760906641,0.013077448684301283,0.06556871023873302,1.9844674545084815,LinearRegression,"{'mode': 'original', 'type': 'LinearRegression'}",4,"['z_pe_T6W50', 'z_l2_T6W50', 'z_diameter_T6W50', 'z_asp_T6W50']",0.13081679813354408,0.17907722183734792,98.0,0.154947009985446,0.02413021185190192,0.12098589771687819,1.9844674545084815,2.208289941562058,2.2809039014351575,98.0,2.2445969214986077,0.03630697993654964,0.18203870682825854,1.9844674545084815,completed,False,COMPLETE
124,1.7349970291146763,2026-06-13 06:48:48.367843,2026-06-13 06:48:50.551676,0 days 00:00:02.183833,,,,,,,,,,,,,,0.025992279021942115,QuantileRegressor,,,,,,3,,,,,,,,True,,,,,,,,,0.0,0.0,98.0,0.0,0.0,0.0,1.9844674545084815,1.7097615267403508,1.760232531489002,98.0,1.7349970291146763,0.025235502374325525,0.1265276876901327,1.9844674545084815,0.25983396043683077,0.2806349322602259,98.0,0.27023444634852833,0.010400485911697585,0.05214674999296774,1.9844674545084815,5.70097731382373,6.036396423550007,98.0,5.8686868686868685,0.16770955486313893,0.8408749651825216,1.9844674545084815,1.033280465877702,1.1485377159404797,98.0,1.0909090909090908,0.057628625031388776,0.2889427981985323,1.9844674545084815,99.0,0.9797979797979798,-0.009845695376372022,-0.006666757700651824,98.0,-0.008256226538511923,0.0015894688378600991,0.007969400161994435,1.9844674545084815,QuantileRegressor,"{'mode': 'original', 'type': 'QuantileRegressor'}",3,"['z_density_T6W50', 'z_diameter_T6W50', 'z_asp_T6W50']",,,,,,,,2.2146203974868346,2.2936018858285863,98.0,2.2541111416577104,0.03949074417087585,0.1980017069201324,1.9844674545084815,completed,True,COMPLETE
125,1.9607843137254903,2026-06-13 06:48:50.598842,2026-06-13 06:48:50.749833,0 days 00:00:00.150991,,,,,,,,,,,euclidean,3.0,uniform,,KNeighborsRegressor,,,,,,8,11.0,2.0,4.0,30.0,,,ExtraTrees,,,,,,,,,,,,,,,,,,,,,,,,,,,,,,,,,,,,,,,,,,,,,,,,,,,,,,KNeighborsRegressor,"{'mode': 'proxy', 'type': 'ExtraTrees'}",8,"['z_pe_T6W50', 'z_l1_T6W50', 'z_l2_T6W50', 'z_l3_T6W50', 'z_lsc_T6W50', 'z_density_T6W50', 'z_diameter_T6W50', 'z_asp_T6W50']",,,,,,,,,,,,,,,pruned,True,PRUNED
126,1.9983183523532895,2026-06-13 06:48:50.759302,2026-06-13 06:48:50.867384,0 days 00:00:00.108082,8.0,1.0,19.0,,,,,,,,,,,,DecisionTreeRegressor,,,,,,7,,,,,,,,True,,,,,,,,,,,,,,,,,,,,,,,,,,,,,,,,,,,,,,,,,,,,,,,,,,,,,DecisionTreeRegressor,"{'mode': 'original', 'type': 'DecisionTreeRegressor'}",7,"['z_re_T6W50', 'z_pe_T6W50', 'z_l1_T6W50', 'z_l3_T6W50', 'z_lsc_T6W50', 'z_density_T6W50', 'z_diameter_T6W50']",,,,,,,,,,,,,,,pruned,True,PRUNED
127,1.7582437049093567,2026-06-13 06:48:50.876641,2026-06-13 06:48:53.099987,0 days 00:00:02.223346,,,,,,,,,,,,,,,XGBRegressor,,,,,,4,,,,,,,,False,gblinear,0.8042636363482333,0.014099932173699115,7.0,139.0,1.3981615309912755e-05,1.0638050900691945e-07,0.9860026648157685,-0.01909053674095905,-0.008499312386803385,98.0,-0.013794924563881218,0.005295612177077833,0.026551544476129185,1.9844674545084815,1.733023543364341,1.7834638664543723,98.0,1.7582437049093567,0.025220161545015638,0.12645077066938007,1.9844674545084815,0.2644369154183521,0.2854647695268052,98.0,0.27495084247257867,0.010513927054226562,0.05271552985081283,1.9844674545084815,5.700817146409616,6.0186708433821,98.0,5.859743994895858,0.15892684848624195,0.7968395616844425,1.9844674545084815,1.3673541992778837,1.4264547088956485,98.0,1.3969044540867661,0.02955025480888234,0.14816132273340715,1.9844674545084815,99.0,0.3939393939393939,-0.0055060162127248185,0.010150553731694597,98.0,0.0023222687594848896,0.007828284972209708,0.03925005262113718,1.9844674545084815,XGBRegressor,"{'mode': 'original', 'type': 'XGBRegressor'}",4,"['z_pe_T6W50', 'z_l2_T6W50', 'z_l3_T6W50', 'z_lsc_T6W50']",0.0674961616660219,0.12206685503850262,98.0,0.09478150835226226,0.027285346686240355,0.13680535353819714,1.9844674545084815,2.2021213966160964,2.281008336244688,98.0,2.241564866430392,0.039443469814295744,0.19776467914329665,1.9844674545084815,completed,False,COMPLETE
128,1.7557230224549694,2026-06-13 06:48:53.112491,2026-06-13 06:49:07.048926,0 days 00:00:13.936435,,,,,,11.0,sqrt,5.0,3.0,256.0,,,,,ExtraTreesRegressor,,,,,,5,,,,,,,,True,,,,,,,,,-0.0161362959384029,-0.0082090400237829,98.0,-0.0121726679810929,0.00396362795731,0.019873140342655936,1.9844674545084815,1.7304299043945777,1.781016140515361,98.0,1.7557230224549694,0.02529311806039161,0.12681656561395954,1.9844674545084815,0.2662282207597909,0.28764131866294207,98.0,0.2769347697113665,0.01070654895157557,0.053681312219974305,1.9844674545084815,5.731911728080389,6.037868210912059,98.0,5.884889969496224,0.15297824141583483,0.7670139815778406,1.9844674545084815,1.3469378974757518,1.4090565688387986,98.0,1.3779972331572752,0.03105933568152336,0.15572766758045634,1.9844674545084815,99.0,0.47474747474747475,-0.00816527995532831,0.0029810117219829036,98.0,-0.002592134116672703,0.005573145838655607,0.02794306392895125,1.9844674545084815,ExtraTreesRegressor,"{'mode': 'original', 'type': 'ExtraTreesRegressor'}",5,"['z_pe_T6W50', 'z_l1_T6W50', 'z_l2_T6W50', 'z_l3_T6W50', 'z_density_T6W50']",0.0505911907336723,0.09988321794972832,98.0,0.07523720434170031,0.024646013608028015,0.1235720639259386,1.9844674545084815,2.2078716299825163,2.2871753380884132,98.0,2.2475234840354648,0.03965185405294829,0.19880949194221287,1.9844674545084815,completed,True,COMPLETE
129,1.8159313594228603,2026-06-13 06:49:07.067952,2026-06-13 06:49:15.117174,0 days 00:00:08.049222,,,,,,8.0,,3.0,10.0,124.0,,,,,ExtraTreesRegressor,,,,,,8,,,,,,,,False,,,,,,,,,-0.056334285045664824,-0.03826256805667363,98.0,-0.047298426551169226,0.0090358584944956,0.045304676904983895,1.9844674545084815,1.788302734424631,1.8435599844210897,98.0,1.8159313594228603,0.027628624998229455,0.1385265085366545,1.9844674545084815,0.27420095808402867,0.2959509891729206,98.0,0.28507597362847464,0.010875015544445983,0.0545259828800922,1.9844674545084815,5.938352443491385,6.254329260038161,98.0,6.096340851764773,0.15798840827338786,0.7921343385267428,1.9844674545084815,1.4388462262956763,1.5010059803618492,98.0,1.4699261033287627,0.031079877033086546,0.15583065937656834,1.9844674545084815,99.0,0.8080808080808081,-0.07500098352705509,-0.045594694436429654,98.0,-0.060297838981742374,0.01470314454531272,0.073719748214124,1.9844674545084815,ExtraTreesRegressor,"{'mode': 'original', 'type': 'ExtraTreesRegressor'}",8,"['z_pe_T6W50', 'z_l1_T6W50', 'z_l2_T6W50', 'z_l3_T6W50', 'z_lsc_T6W50', 'z_density_T6W50', 'z_diameter_T6W50', 'z_asp_T6W50']",0.02056695610581986,0.07002009045776744,98.0,0.04529352328179365,0.024726567175973792,0.12397594955247317,1.9844674545084815,2.2682625332296134,2.3501245622921365,98.0,2.309193547760875,0.04093101453126143,0.2052230443694564,1.9844674545084815,completed,False,COMPLETE
130,1.7807240929831496,2026-06-13 06:49:15.130043,2026-06-13 06:49:17.563496,0 days 00:00:02.433453,,,,,,,,,,,,,,0.00033679722132229183,QuantileRegressor,,,,,,7,,,,,,,,True,,,,,,,,,-0.03702430845929522,-0.01682018293605766,98.0,-0.02692224569767644,0.010102062761618777,0.0506504932284861,1.9844674545084815,1.7522298998622414,1.8092182861040578,98.0,1.7807240929831496,0.028494193120908153,0.1428663600472885,1.9844674545084815,0.2695337832819289,0.29053022458437217,98.0,0.28003200393315053,0.010498220651221624,0.052636779888768644,1.9844674545084815,5.7551884117501935,6.079650413787114,98.0,5.917419412768654,0.1622310010184598,0.8134061738119016,1.9844674545084815,1.4748022282459892,1.5439585003404495,98.0,1.5093803642932193,0.03457813604723018,0.17337049739663818,1.9844674545084815,99.0,0.5050505050505051,-0.03315585266724115,-0.0008810834907556735,98.0,-0.01701846807899841,0.016137384588242737,0.08091085039757645,1.9844674545084815,QuantileRegressor,"{'mode': 'original', 'type': 'QuantileRegressor'}",7,"['z_re_T6W50', 'z_pe_T6W50', 'z_l2_T6W50', 'z_l3_T6W50', 'z_density_T6W50', 'z_diameter_T6W50', 'z_asp_T6W50']",0.10490890289387494,0.1536977755223719,98.0,0.12930333920812342,0.024394436314248483,0.12231068649088304,1.9844674545084815,2.2203419381632927,2.3024136221532703,98.0,2.2613777801582815,0.04103584199498872,0.2057486363071596,1.9844674545084815,completed,True,COMPLETE
131,1.7579930699555804,2026-06-13 06:49:17.600823,2026-06-13 06:49:21.761969,0 days 00:00:04.161146,,,,,,,,,,,,,,,RandomForestRegressor,9.0,,3.0,12.0,409.0,4,,,,,,,,False,,,,,,,,,,,,,,,,,,,,,,,,,,,,,,,,,,,,,,,,,,,,,,,,,,,,,RandomForestRegressor,"{'mode': 'original', 'type': 'RandomForestRegressor'}",4,"['z_pe_T6W50', 'z_l1_T6W50', 'z_l3_T6W50', 'z_density_T6W50']",,,,,,,,,,,,,,,pruned,False,PRUNED
132,1.7542137207627504,2026-06-13 06:49:21.772490,2026-06-13 06:49:24.133007,0 days 00:00:02.360517,,,,,,,,,,,,,,,RandomForestRegressor,13.0,,5.0,2.0,248.0,5,,,,,,,,True,,,,,,,,,,,,,,,,,,,,,,,,,,,,,,,,,,,,,,,,,,,,,,,,,,,,,RandomForestRegressor,"{'mode': 'original', 'type': 'RandomForestRegressor'}",5,"['z_pe_T6W50', 'z_l1_T6W50', 'z_l2_T6W50', 'z_l3_T6W50', 'z_density_T6W50']",,,,,,,,,,,,,,,pruned,True,PRUNED
