number,value,datetime_start,datetime_complete,duration,params_dt_max_depth,params_dt_min_samples_leaf,params_dt_min_samples_split,params_elastic_alpha,params_elastic_l1_ratio,params_et_max_depth,params_et_max_features,params_et_min_samples_leaf,params_et_min_samples_split,params_et_n_estimators,params_knn_metric,params_knn_n_neighbors,params_knn_weights,params_quantile_alpha,params_regressor,params_rf_max_depth,params_rf_max_features,params_rf_min_samples_leaf,params_rf_min_samples_split,params_rf_n_estimators,params_rfe_n_features,params_rfe_proxy_et_max_depth,params_rfe_proxy_et_min_samples_leaf,params_rfe_proxy_et_min_samples_split,params_rfe_proxy_et_n_estimators,params_rfe_proxy_lsvr_C,params_rfe_proxy_lsvr_epsilon,params_rfe_proxy_type,params_use_scaler,params_xgb_booster,params_xgb_colsample_bytree,params_xgb_learning_rate,params_xgb_max_depth,params_xgb_n_estimators,params_xgb_reg_alpha,params_xgb_reg_lambda,params_xgb_subsample,user_attrs_d2mae_ci_lower_val,user_attrs_d2mae_ci_upper_val,user_attrs_d2mae_df_val,user_attrs_d2mae_mean_val,user_attrs_d2mae_samperror_val,user_attrs_d2mae_std_val,user_attrs_d2mae_t_critical_val,user_attrs_mae_ci_lower_val,user_attrs_mae_ci_upper_val,user_attrs_mae_df_val,user_attrs_mae_mean_val,user_attrs_mae_samperror_val,user_attrs_mae_std_val,user_attrs_mae_t_critical_val,user_attrs_mape_ci_lower_val,user_attrs_mape_ci_upper_val,user_attrs_mape_df_val,user_attrs_mape_mean_val,user_attrs_mape_samperror_val,user_attrs_mape_std_val,user_attrs_mape_t_critical_val,user_attrs_max_error_ci_lower_val,user_attrs_max_error_ci_upper_val,user_attrs_max_error_df_val,user_attrs_max_error_mean_val,user_attrs_max_error_samperror_val,user_attrs_max_error_std_val,user_attrs_max_error_t_critical_val,user_attrs_median_ae_ci_lower_val,user_attrs_median_ae_ci_upper_val,user_attrs_median_ae_df_val,user_attrs_median_ae_mean_val,user_attrs_median_ae_samperror_val,user_attrs_median_ae_std_val,user_attrs_median_ae_t_critical_val,user_attrs_n_splits_val,user_attrs_r2_below_zero_val,user_attrs_r2_ci_lower_val,user_attrs_r2_ci_upper_val,user_attrs_r2_df_val,user_attrs_r2_mean_val,user_attrs_r2_samperror_val,user_attrs_r2_std_val,user_attrs_r2_t_critical_val,user_attrs_regressor_final,user_attrs_rfe_estimator,user_attrs_rfe_n_features,user_attrs_rfe_selected_features,user_attrs_rho_ci_lower_val,user_attrs_rho_ci_upper_val,user_attrs_rho_df_val,user_attrs_rho_mean_val,user_attrs_rho_samperror_val,user_attrs_rho_std_val,user_attrs_rho_t_critical_val,user_attrs_rmse_ci_lower_val,user_attrs_rmse_ci_upper_val,user_attrs_rmse_df_val,user_attrs_rmse_mean_val,user_attrs_rmse_samperror_val,user_attrs_rmse_std_val,user_attrs_rmse_t_critical_val,user_attrs_termination_reason,user_attrs_use_scaler_final,state
83,1.85319897608566,2026-06-13 06:45:46.011409,2026-06-13 06:46:19.002409,0 days 00:00:32.991000,,,,,,,,,,,,,,,RandomForestRegressor,6.0,,5.0,12.0,374.0,2,,,,,,,,False,,,,,,,,,-0.08108944490349691,-0.058026403748403774,98.0,-0.06955792432595034,0.01153152057754657,0.05781761791723188,1.9844674545084815,1.825794403085725,1.880603549085595,98.0,1.85319897608566,0.027404572999935015,0.13740313952873687,1.9844674545084815,0.2796392258090584,0.3018117055297648,98.0,0.2907254656694116,0.011086239860353167,0.05558503547509252,1.9844674545084815,6.044926843725372,6.392793384507558,98.0,6.218860114116465,0.17393327039109346,0.8720799050688951,1.9844674545084815,1.5409805344051393,1.6110113106538428,98.0,1.575995922529491,0.03501538812435172,0.17556282523046735,1.9844674545084815,99.0,0.797979797979798,-0.10561290981534818,-0.06764742504949742,98.0,-0.0866301674324228,0.01898274238292539,0.09517712245636338,1.9844674545084815,RandomForestRegressor,"{'mode': 'original', 'type': 'RandomForestRegressor'}",2,"['z_pe_T6W50', 'z_l3_T6W50']",0.020474500605310805,0.07096407209333859,98.0,0.0457192863493247,0.025244785744013894,0.12657423335755072,1.9844674545084815,2.2950350511846187,2.376204377880155,98.0,2.335619714532387,0.04058466334776843,0.2034864823733419,1.9844674545084815,completed,False,COMPLETE
84,1.7658732607148064,2026-06-13 06:46:19.014741,2026-06-13 06:46:19.585319,0 days 00:00:00.570578,,,,,,,,,,,,,,,RandomForestRegressor,18.0,,3.0,8.0,68.0,9,,,,,,,,False,,,,,,,,,,,,,,,,,,,,,,,,,,,,,,,,,,,,,,,,,,,,,,,,,,,,,RandomForestRegressor,"{'mode': 'original', 'type': 'RandomForestRegressor'}",9,"['z_re_T6W50', 'z_pe_T6W50', 'z_l1_T6W50', 'z_l2_T6W50', 'z_l3_T6W50', 'z_lsc_T6W50', 'z_density_T6W50', 'z_diameter_T6W50', 'z_asp_T6W50']",,,,,,,,,,,,,,,pruned,False,PRUNED
85,1.7868638971626314,2026-06-13 06:46:19.594950,2026-06-13 06:46:57.923981,0 days 00:00:38.329031,,,,,,,,,,,,,,,RandomForestRegressor,5.0,log2,5.0,4.0,459.0,3,,,,,,,,False,,,,,,,,,-0.03900142314041644,-0.02201293819006042,98.0,-0.030507180665238432,0.008494242475178012,0.042589081173079225,1.9844674545084815,1.7597898877075995,1.8139379066176633,98.0,1.7868638971626314,0.027074009455031866,0.13574573479984184,1.9844674545084815,0.27116315936422436,0.2935098451142906,98.0,0.2823365022392575,0.011173342875033137,0.056021759217493985,1.9844674545084815,5.866764322209072,6.258421847763833,98.0,6.062593084986452,0.19582876277738034,0.9818611957830582,1.9844674545084815,1.4538874546327007,1.519122589047352,98.0,1.4865050218400264,0.03261756720732556,0.16354044772333193,1.9844674545084815,99.0,0.6262626262626263,-0.034751905714747205,-0.009577228284873273,98.0,-0.022164566999810238,0.012587338714936966,0.06311135947084659,1.9844674545084815,RandomForestRegressor,"{'mode': 'original', 'type': 'RandomForestRegressor'}",3,"['z_pe_T6W50', 'z_l2_T6W50', 'z_l3_T6W50']",0.07901891932598248,0.1275021617439275,98.0,0.103260540534955,0.024241621208972514,0.12154449045373324,1.9844674545084815,2.22671457919048,2.310396411139396,98.0,2.268555495164938,0.041840915974458034,0.20978517766586788,1.9844674545084815,completed,False,COMPLETE
86,1.7442110700639408,2026-06-13 06:46:57.936215,2026-06-13 06:47:00.161040,0 days 00:00:02.224825,,,,,,,,,,,,,,,XGBRegressor,,,,,,4,,,,,,,,False,gblinear,0.7268947706918196,0.0021095505016488166,8.0,196.0,1.3318464888627862e-06,4.5863872977933616e-08,0.9849105225392724,-0.0071896127107691984,-0.0035911533772500746,98.0,-0.0053903830440096365,0.0017992296667595621,0.009021115014147204,1.9844674545084815,1.719056951774763,1.7693651883531187,98.0,1.7442110700639408,0.02515411828917796,0.1261196379530696,1.9844674545084815,0.2628783953226927,0.28422313000783866,98.0,0.2735507626652657,0.010672367342572998,0.053509929860135745,1.9844674545084815,5.713155133396627,6.034675980014092,98.0,5.873915556705359,0.16076042330873294,0.8060328790614987,1.9844674545084815,1.1934292370987767,1.2637912546380496,98.0,1.2286102458684132,0.03518100876963642,0.17639322666138715,1.9844674545084815,99.0,0.37373737373737376,-0.0017677052525894269,0.004383699526843853,98.0,0.0013079971371272132,0.00307570238971664,0.015421191368466387,1.9844674545084815,XGBRegressor,"{'mode': 'original', 'type': 'XGBRegressor'}",4,"['z_l2_T6W50', 'z_l3_T6W50', 'z_lsc_T6W50', 'z_diameter_T6W50']",0.07111934639795994,0.12223574817633076,98.0,0.09667754728714535,0.025558200889185412,0.1281456581311651,1.9844674545084815,2.203754427359201,2.2832648244784086,98.0,2.2435096259188048,0.03975519855960388,0.19932764851657583,1.9844674545084815,completed,False,COMPLETE
87,1.7606350820285803,2026-06-13 06:47:00.173407,2026-06-13 06:47:01.786323,0 days 00:00:01.612916,,,,,,,,,,,,,,,LinearRegression,,,,,,5,,,,,,,,True,,,,,,,,,-0.026249253379401136,-0.005772616056661671,98.0,-0.016010934718031403,0.010238318661369731,0.051333663457233634,1.9844674545084815,1.735164815488432,1.7861053485687286,98.0,1.7606350820285803,0.025470266540148345,0.12770476618111948,1.9844674545084815,0.2652166844889022,0.2849457560449136,98.0,0.2750812202669079,0.009864535778005744,0.04945956231081412,1.9844674545084815,5.62692808716362,5.925704900688096,98.0,5.776316493925858,0.1493884067622378,0.7490149946279452,1.9844674545084815,1.4658937185007197,1.5232217346869312,98.0,1.4945577265938255,0.028664008093105754,0.14371779131458068,1.9844674545084815,99.0,0.3939393939393939,-0.0049248076457570015,0.02689557981846092,98.0,0.010985386086351958,0.01591019373210896,0.07977174354467724,1.9844674545084815,LinearRegression,"{'mode': 'original', 'type': 'LinearRegression'}",5,"['z_pe_T6W50', 'z_l2_T6W50', 'z_l3_T6W50', 'z_diameter_T6W50', 'z_asp_T6W50']",0.14693266015254625,0.19901720129262485,98.0,0.17297493072258555,0.0260422705700393,0.13057272363954414,1.9844674545084815,2.1917800824833362,2.2641050320844522,98.0,2.2279425572838942,0.036162474800558224,0.18131417594929558,1.9844674545084815,completed,True,COMPLETE
88,1.7894241384518874,2026-06-13 06:47:01.798527,2026-06-13 06:47:08.773807,0 days 00:00:06.975280,,,,,,,,,,,,,,,RandomForestRegressor,4.0,log2,5.0,6.0,67.0,3,,,,,,,,False,,,,,,,,,-0.03972487490791974,-0.024567362254259584,98.0,-0.032146118581089664,0.0075787563268300785,0.03799894685577476,1.9844674545084815,1.7639149232710507,1.8149333536327241,98.0,1.7894241384518874,0.025509215180836618,0.1279000498482271,1.9844674545084815,0.27026148736754013,0.29148497802574697,98.0,0.28087323269664355,0.010611745329103422,0.053205978582540836,1.9844674545084815,5.814242686844916,6.159753877832775,98.0,5.9869982823388455,0.17275559549392955,0.8661751887934439,1.9844674545084815,1.4430074468348264,1.5071376751312344,98.0,1.4750725609830304,0.03206511414820402,0.16077051641421303,1.9844674545084815,99.0,0.6464646464646465,-0.031260503337009915,-0.009435139327288393,98.0,-0.020347821332149154,0.010912682004860761,0.05471483785389303,1.9844674545084815,RandomForestRegressor,"{'mode': 'original', 'type': 'RandomForestRegressor'}",3,"['z_pe_T6W50', 'z_l3_T6W50', 'z_diameter_T6W50']",0.05603688383931583,0.10480007141055858,98.0,0.0804184776249372,0.024381593785621374,0.12224629564075533,1.9844674545084815,2.226669390236942,2.3050597046906183,98.0,2.26586454746378,0.03919515722683794,0.196519670541948,1.9844674545084815,completed,False,COMPLETE
89,1.788237684313424,2026-06-13 06:47:08.813679,2026-06-13 06:47:10.576400,0 days 00:00:01.762721,,,,,,,,,,,,,,,LinearRegression,,,,,,3,,,,,,,,False,,,,,,,,,-0.03760588412305905,-0.025077630547566836,98.0,-0.03134175733531294,0.006264126787746107,0.03140755694476311,1.9844674545084815,1.7631944268039688,1.8132809418228792,98.0,1.788237684313424,0.025043257509455335,0.12556379571518733,1.9844674545084815,0.26952366453581006,0.2899743536265768,98.0,0.27974900908119343,0.010225344545383354,0.05126861284436174,1.9844674545084815,5.783597116542308,6.072454803826349,98.0,5.928025960184328,0.1444288436420203,0.7241483585591972,1.9844674545084815,1.3902126097732486,1.4560125267630168,98.0,1.4231125682681327,0.032899958494884245,0.16495632271201421,1.9844674545084815,99.0,0.6464646464646465,-0.04070360755883304,-0.01858012908987274,98.0,-0.029641868324352887,0.011061739234480148,0.05546219236728786,1.9844674545084815,LinearRegression,"{'mode': 'original', 'type': 'LinearRegression'}",3,"['z_l2_T6W50', 'z_diameter_T6W50', 'z_asp_T6W50']",0.015892414698407752,0.06288451139767495,98.0,0.039388463048041354,0.023496048349633602,0.11780628035205325,1.9844674545084815,2.2382557708296393,2.311878635752223,98.0,2.275067203290931,0.03681143246129178,0.18456796939487224,1.9844674545084815,completed,False,COMPLETE
90,1.796505358596862,2026-06-13 06:47:10.588478,2026-06-13 06:47:12.278794,0 days 00:00:01.690316,,,,,,,,,,,minkowski,9.0,uniform,,KNeighborsRegressor,,,,,,9,11.0,1.0,8.0,60.0,,,ExtraTrees,,,,,,,,,,-0.046382109585707335,-0.025598923411982586,98.0,-0.03599051649884496,0.010391593086862373,0.05210216246913951,1.9844674545084815,1.7670890900587586,1.8259216271349654,98.0,1.796505358596862,0.0294162685381035,0.1474895321436102,1.9844674545084815,0.269725192499912,0.29149361944841734,98.0,0.28060940597416467,0.010884213474252693,0.05457210016251109,1.9844674545084815,6.0577534970996165,6.404648298635511,98.0,6.231200897867564,0.17344740076794762,0.8696438148724873,1.9844674545084815,1.4581711294407433,1.5205045159015682,98.0,1.4893378226711558,0.031166693230412337,0.15626594505223051,1.9844674545084815,99.0,0.6868686868686869,-0.07106205492875606,-0.0332884743239085,98.0,-0.05217526462633228,0.018886790302423774,0.09469603059241542,1.9844674545084815,KNeighborsRegressor,"{'mode': 'proxy', 'type': 'ExtraTrees'}",9,"['z_re_T6W50', 'z_pe_T6W50', 'z_l1_T6W50', 'z_l2_T6W50', 'z_l3_T6W50', 'z_lsc_T6W50', 'z_density_T6W50', 'z_diameter_T6W50', 'z_asp_T6W50']",0.09002551977651357,0.14200910270352626,98.0,0.11601731124001992,0.02599179146350635,0.13031962764281946,1.9844674545084815,2.256999001681606,2.340960339288461,98.0,2.2989796704850334,0.04198066880342739,0.2104858810652041,1.9844674545084815,completed,True,COMPLETE
91,1.7138269116870568,2026-06-13 06:47:12.291185,2026-06-13 06:47:12.505542,0 days 00:00:00.214357,,,,,,,,,,,,,,,LinearRegression,,,,,,9,,,,,,,,True,,,,,,,,,,,,,,,,,,,,,,,,,,,,,,,,,,,,,,,,,,,,,,,,,,,,,LinearRegression,"{'mode': 'original', 'type': 'LinearRegression'}",9,"['z_re_T6W50', 'z_pe_T6W50', 'z_l1_T6W50', 'z_l2_T6W50', 'z_l3_T6W50', 'z_lsc_T6W50', 'z_density_T6W50', 'z_diameter_T6W50', 'z_asp_T6W50']",,,,,,,,,,,,,,,pruned,True,PRUNED
92,1.751260504201681,2026-06-13 06:47:12.516317,2026-06-13 06:47:12.633845,0 days 00:00:00.117528,,,,,,,,,,,minkowski,14.0,uniform,,KNeighborsRegressor,,,,,,4,,,,,0.0010544710041137256,0.0019876655910112248,LinearSVR,,,,,,,,,,,,,,,,,,,,,,,,,,,,,,,,,,,,,,,,,,,,,,,,,,,,,,KNeighborsRegressor,"{'mode': 'proxy', 'type': 'LinearSVR'}",4,"['z_re_T6W50', 'z_density_T6W50', 'z_diameter_T6W50', 'z_asp_T6W50']",,,,,,,,,,,,,,,pruned,True,PRUNED
93,1.7596951328515558,2026-06-13 06:47:12.644373,2026-06-13 06:47:14.340267,0 days 00:00:01.695894,,,,0.1251560159806257,0.46349404380057235,,,,,,,,,,ElasticNet,,,,,,5,,,,,,,,False,,,,,,,,,-0.019724696938459584,-0.009787020573366105,98.0,-0.014755858755912845,0.00496883818254674,0.024913140084094867,1.9844674545084815,1.7352904294492024,1.784099836253909,98.0,1.7596951328515558,0.024404703402353317,0.1223621644007715,1.9844674545084815,0.2665665985480336,0.2873550282930138,98.0,0.2769608134205237,0.010394214872490077,0.05211530777800524,1.9844674545084815,5.694772996005632,5.998250583746017,98.0,5.846511789875825,0.15173879387019237,0.7607995448831743,1.9844674545084815,1.3524675481605966,1.408735969328793,98.0,1.3806017587446948,0.028134210584098325,0.14106145213161667,1.9844674545084815,99.0,0.43434343434343436,-0.007825202858204471,0.006369352215111259,98.0,-0.000727925321546606,0.007097277536657865,0.03558487175282326,1.9844674545084815,ElasticNet,"{'mode': 'original', 'type': 'ElasticNet'}",5,"['z_re_T6W50', 'z_l2_T6W50', 'z_l3_T6W50', 'z_density_T6W50', 'z_asp_T6W50']",0.0677801751940805,0.11701255200224625,98.0,0.09239636359816338,0.024616188404082882,0.12342252404224272,1.9844674545084815,2.206298834825756,2.282958472250035,98.0,2.2446286535378954,0.038329818712139474,0.19218097025732817,1.9844674545084815,completed,False,COMPLETE
94,1.77987384875138,2026-06-13 06:47:14.354119,2026-06-13 06:47:16.007586,0 days 00:00:01.653467,,,,,,,,,,,,,,,LinearRegression,,,,,,8,,,,,,,,False,,,,,,,,,-0.03796410687347477,-0.01629424405824558,98.0,-0.027129175465860175,0.010834931407614596,0.05432500597576514,1.9844674545084815,1.7536516083208087,1.8060960891819515,98.0,1.77987384875138,0.026222240430571406,0.1314750702609536,1.9844674545084815,0.26826277551295963,0.2885493435754337,98.0,0.27840605954419667,0.010143284031237062,0.05085717157596214,1.9844674545084815,5.7206512999560895,6.02454895292495,98.0,5.87260012644052,0.1519488264844299,0.7618526224333967,1.9844674545084815,1.475770493699478,1.535831055744421,98.0,1.5058007747219495,0.03003028102247147,0.1505681147970308,1.9844674545084815,99.0,0.5151515151515151,-0.03143316449122989,0.003960213436731159,98.0,-0.013736475527249364,0.017696688963980522,0.08872900967733521,1.9844674545084815,LinearRegression,"{'mode': 'original', 'type': 'LinearRegression'}",8,"['z_re_T6W50', 'z_pe_T6W50', 'z_l2_T6W50', 'z_l3_T6W50', 'z_lsc_T6W50', 'z_density_T6W50', 'z_diameter_T6W50', 'z_asp_T6W50']",0.11697123891375387,0.1695353235714112,98.0,0.14325328124258255,0.026282042328828678,0.13177490958230872,1.9844674545084815,2.218045496156074,2.2925616215367426,98.0,2.2553035588464083,0.037258062690334125,0.18680731812250984,1.9844674545084815,completed,False,COMPLETE
95,1.8099591636284533,2026-06-13 06:47:16.020133,2026-06-13 06:47:18.484247,0 days 00:00:02.464114,,,,,,,,,,,,,,0.00020014140832964604,QuantileRegressor,,,,,,9,,,,,,,,False,,,,,,,,,-0.05587098007403393,-0.03212824394574308,98.0,-0.04399961200988851,0.011871368064145429,0.05952157118151898,1.9844674545084815,1.7803124288453822,1.8396058984115244,98.0,1.8099591636284533,0.029646734783071105,0.14864506139101075,1.9844674545084815,0.27315527417947,0.2942377708479565,98.0,0.28369652251371325,0.01054124833424323,0.05285251536962543,1.9844674545084815,5.859251893880822,6.208859379907619,98.0,6.03405563689422,0.17480374301339804,0.8764443471340477,1.9844674545084815,1.5157424726232607,1.5860228852911396,98.0,1.5508826789572001,0.03514020633393946,0.17618864829538983,1.9844674545084815,99.0,0.5959595959595959,-0.07723303345584037,-0.03214202827869881,98.0,-0.054687530867269595,0.022545502588570784,0.11304036147289123,1.9844674545084815,QuantileRegressor,"{'mode': 'original', 'type': 'QuantileRegressor'}",9,"['z_re_T6W50', 'z_pe_T6W50', 'z_l1_T6W50', 'z_l2_T6W50', 'z_l3_T6W50', 'z_lsc_T6W50', 'z_density_T6W50', 'z_diameter_T6W50', 'z_asp_T6W50']",0.06883223227195534,0.12011984965128267,98.0,0.094476040961619,0.02564380868966366,0.1285748850544924,1.9844674545084815,2.258347883249999,2.3425311350184383,98.0,2.3004395091342187,0.04209162588421967,0.2110422061447388,1.9844674545084815,completed,False,COMPLETE
96,2.265098039215686,2026-06-13 06:47:18.496507,2026-06-13 06:47:18.702739,0 days 00:00:00.206232,15.0,3.0,7.0,,,,,,,,,,,,DecisionTreeRegressor,,,,,,2,,,,,,,,False,,,,,,,,,,,,,,,,,,,,,,,,,,,,,,,,,,,,,,,,,,,,,,,,,,,,,DecisionTreeRegressor,"{'mode': 'original', 'type': 'DecisionTreeRegressor'}",2,"['z_re_T6W50', 'z_pe_T6W50']",,,,,,,,,,,,,,,pruned,False,PRUNED
97,1.7840368799017952,2026-06-13 06:47:18.713180,2026-06-13 06:47:41.040780,0 days 00:00:22.327600,,,,,,12.0,sqrt,4.0,2.0,413.0,,,,,ExtraTreesRegressor,,,,,,9,,,,,,,,True,,,,,,,,,-0.03436628346336997,-0.023094224753955436,98.0,-0.028730254108662704,0.0056360293547072695,0.028258354100782233,1.9844674545084815,1.7586161106289009,1.8094576491746894,98.0,1.7840368799017952,0.025420769272894227,0.12745659300510156,1.9844674545084815,0.27026555491050924,0.29177584077747826,98.0,0.28102069784399375,0.010755142933484483,0.053924956434992836,1.9844674545084815,5.812468081991703,6.114364837357002,98.0,5.963416459674352,0.15094837768264904,0.7568364958802561,1.9844674545084815,1.4003487738837084,1.4613270239156888,98.0,1.4308378988996986,0.03048912501599011,0.1528687018291117,1.9844674545084815,99.0,0.7474747474747475,-0.037473453532818564,-0.020253299196432963,98.0,-0.028863376364625763,0.008610077168192799,0.04316986199701751,1.9844674545084815,ExtraTreesRegressor,"{'mode': 'original', 'type': 'ExtraTreesRegressor'}",9,"['z_re_T6W50', 'z_pe_T6W50', 'z_l1_T6W50', 'z_l2_T6W50', 'z_l3_T6W50', 'z_lsc_T6W50', 'z_density_T6W50', 'z_diameter_T6W50', 'z_asp_T6W50']",-0.011676079868531267,0.03913401215824606,98.0,0.013728966144857396,0.025405046013388662,0.1273777585266481,1.9844674545084815,2.236400782084732,2.3156112467518604,98.0,2.276006014418296,0.03960523233356424,0.1985757364075577,1.9844674545084815,completed,True,COMPLETE
98,1.8369747717566596,2026-06-13 06:47:41.053414,2026-06-13 06:47:43.166636,0 days 00:00:02.113222,,,,,,,,,,,manhattan,16.0,distance,,KNeighborsRegressor,,,,,,3,3.0,5.0,10.0,60.0,,,ExtraTrees,,,,,,,,,,-0.06992199180472704,-0.04926924945772167,98.0,-0.05959562063122435,0.010326371173502684,0.0517751478624272,1.9844674545084815,1.8088474596456314,1.8651020838676877,98.0,1.8369747717566596,0.028127312111028098,0.1410268640408697,1.9844674545084815,0.27589928491389365,0.29720100970613034,98.0,0.286550147310012,0.01065086239611833,0.05340210671841863,1.9844674545084815,5.7436583404372294,6.02969109439928,98.0,5.886674717418255,0.1430163769810257,0.7170664254197613,1.9844674545084815,1.4292388324167447,1.503307799958204,98.0,1.4662733161874744,0.03703448377072963,0.18568632107263164,1.9844674545084815,99.0,0.8080808080808081,-0.10498200344812023,-0.06816860200645158,98.0,-0.0865753027272859,0.018406700720834324,0.09228892080947576,1.9844674545084815,KNeighborsRegressor,"{'mode': 'proxy', 'type': 'ExtraTrees'}",3,"['z_l2_T6W50', 'z_l3_T6W50', 'z_density_T6W50']",-0.0016422004026726451,0.053089042215777676,98.0,0.025723420906552514,0.02736562130922516,0.13720784056919827,1.9844674545084815,2.2958272909103634,2.3756044090394237,98.0,2.3357158499748936,0.039888559064530316,0.19999630159378573,1.9844674545084815,completed,True,COMPLETE
