number,value,datetime_start,datetime_complete,duration,params_dt_max_depth,params_dt_min_samples_leaf,params_dt_min_samples_split,params_elastic_alpha,params_elastic_l1_ratio,params_et_max_depth,params_et_max_features,params_et_min_samples_leaf,params_et_min_samples_split,params_et_n_estimators,params_knn_metric,params_knn_n_neighbors,params_knn_weights,params_quantile_alpha,params_regressor,params_rf_max_depth,params_rf_max_features,params_rf_min_samples_leaf,params_rf_min_samples_split,params_rf_n_estimators,params_rfe_n_features,params_rfe_proxy_et_max_depth,params_rfe_proxy_et_min_samples_leaf,params_rfe_proxy_et_min_samples_split,params_rfe_proxy_et_n_estimators,params_rfe_proxy_lsvr_C,params_rfe_proxy_lsvr_epsilon,params_rfe_proxy_type,params_use_scaler,user_attrs_d2mae_ci_lower_val,user_attrs_d2mae_ci_upper_val,user_attrs_d2mae_df_val,user_attrs_d2mae_mean_val,user_attrs_d2mae_samperror_val,user_attrs_d2mae_std_val,user_attrs_d2mae_t_critical_val,user_attrs_mae_ci_lower_val,user_attrs_mae_ci_upper_val,user_attrs_mae_df_val,user_attrs_mae_mean_val,user_attrs_mae_samperror_val,user_attrs_mae_std_val,user_attrs_mae_t_critical_val,user_attrs_mape_ci_lower_val,user_attrs_mape_ci_upper_val,user_attrs_mape_df_val,user_attrs_mape_mean_val,user_attrs_mape_samperror_val,user_attrs_mape_std_val,user_attrs_mape_t_critical_val,user_attrs_max_error_ci_lower_val,user_attrs_max_error_ci_upper_val,user_attrs_max_error_df_val,user_attrs_max_error_mean_val,user_attrs_max_error_samperror_val,user_attrs_max_error_std_val,user_attrs_max_error_t_critical_val,user_attrs_median_ae_ci_lower_val,user_attrs_median_ae_ci_upper_val,user_attrs_median_ae_df_val,user_attrs_median_ae_mean_val,user_attrs_median_ae_samperror_val,user_attrs_median_ae_std_val,user_attrs_median_ae_t_critical_val,user_attrs_n_splits_val,user_attrs_r2_below_zero_val,user_attrs_r2_ci_lower_val,user_attrs_r2_ci_upper_val,user_attrs_r2_df_val,user_attrs_r2_mean_val,user_attrs_r2_samperror_val,user_attrs_r2_std_val,user_attrs_r2_t_critical_val,user_attrs_regressor_final,user_attrs_rfe_estimator,user_attrs_rfe_n_features,user_attrs_rfe_selected_features,user_attrs_rho_ci_lower_val,user_attrs_rho_ci_upper_val,user_attrs_rho_df_val,user_attrs_rho_mean_val,user_attrs_rho_samperror_val,user_attrs_rho_std_val,user_attrs_rho_t_critical_val,user_attrs_rmse_ci_lower_val,user_attrs_rmse_ci_upper_val,user_attrs_rmse_df_val,user_attrs_rmse_mean_val,user_attrs_rmse_samperror_val,user_attrs_rmse_std_val,user_attrs_rmse_t_critical_val,user_attrs_termination_reason,user_attrs_use_scaler_final,state
26,1.799537956523861,2026-06-12 08:49:00.120632,2026-06-12 08:49:47.657142,0 days 00:00:47.536510,,,,,,,,,,,,,,,RandomForestRegressor,19.0,log2,1.0,2.0,491.0,10,,,,,,,,False,-0.050634940908009636,-0.026828292316627207,98.0,-0.03873161661231842,0.011903324295691216,0.05968179577403166,1.9844674545084815,1.7729653200340434,1.8261105930136785,98.0,1.799537956523861,0.02657263648981759,0.13323191276381022,1.9844674545084815,0.2694845456072393,0.28964683286745846,98.0,0.27956568923734887,0.010081143630109594,0.05054560729045003,1.9844674545084815,5.788092567469702,6.1543534736069,98.0,5.971223020538301,0.18313045306859901,0.9181934414743546,1.9844674545084815,1.412069378799051,1.488131288754159,98.0,1.450100333776605,0.03803095497755403,0.19068250445662327,1.9844674545084815,99.0,0.5858585858585859,-0.06042834124990491,-0.01766617752252324,98.0,-0.039047259386214075,0.021381081863690834,0.1072020999779498,1.9844674545084815,RandomForestRegressor,"{'mode': 'original', 'type': 'RandomForestRegressor'}",10,"['re_T6W30', 'pe_T6W30', 'l2_T6W30', 'l3_T6W30', 'lsc_T6W30', 'z_re_T6W30', 'z_l1_T6W30', 'z_l3_T6W30', 'z_lsc_T6W30', 'z_density_T6W30']",0.11961439965994185,0.17362333727494805,98.0,0.14661886846744496,0.027004468807503106,0.13539706659416187,1.9844674545084815,2.2444241439655017,2.3181240137481685,98.0,2.281274078856835,0.036849934891333445,0.18476101581698665,1.9844674545084815,completed,False,COMPLETE
27,1.8004431569740134,2026-06-12 08:49:47.669694,2026-06-12 08:49:49.391811,0 days 00:00:01.722117,,,,,,,,,,,minkowski,20.0,distance,,KNeighborsRegressor,,,,,,12,,,,,7.4910104974988885,0.6592318760277409,LinearSVR,,-0.047529104914202355,-0.02992659300252798,98.0,-0.03872784895836517,0.00880125595583719,0.04412840879260886,1.9844674545084815,1.7748974125645511,1.8259889013834756,98.0,1.8004431569740134,0.025545744409462133,0.1280832028824933,1.9844674545084815,0.27101953442768784,0.2917115150198913,98.0,0.28136552472378956,0.010345990296101738,0.051873515716577515,1.9844674545084815,5.764700556484067,6.070397292710878,98.0,5.917548924597472,0.15284836811340474,0.7663628129026382,1.9844674545084815,1.429540272141029,1.4865283322091951,98.0,1.458034302175112,0.02849403003408311,0.1428655423501189,1.9844674545084815,99.0,0.6363636363636364,-0.05190463560173024,-0.0211031361110553,98.0,-0.03650388585639277,0.015400749745337469,0.07721745440480977,1.9844674545084815,KNeighborsRegressor,"{'mode': 'proxy', 'type': 'LinearSVR'}",12,"['re_T6W30', 'pe_T6W30', 'l1_T6W30', 'lcc_T6W30', 'density_T6W30', 'diameter_T6W30', 'asp_T6W30', 'z_re_T6W30', 'z_pe_T6W30', 'z_l1_T6W30', 'z_lsc_T6W30', 'z_diameter_T6W30']",0.0569124050021923,0.10670505086196327,98.0,0.08180872793207779,0.024896322929885487,0.12482708390660413,1.9844674545084815,2.244108335134889,2.3188209857192326,98.0,2.2814646604270608,0.03735632529217187,0.18729999465466388,1.9844674545084815,completed,True,COMPLETE
28,2.0382955763674717,2026-06-12 08:49:49.405465,2026-06-12 08:49:51.106822,0 days 00:00:01.701357,20.0,5.0,4.0,,,,,,,,,,,,DecisionTreeRegressor,,,,,,2,,,,,,,,False,-0.20066327089801364,-0.15475835642029487,98.0,-0.17771081365915425,0.022952457238859397,0.11508078175587128,1.9844674545084815,1.9985388652161196,2.078052287518824,98.0,2.0382955763674717,0.03975671115135221,0.1993352324645193,1.9844674545084815,0.29583901258905737,0.3158037307588563,98.0,0.30582137167395684,0.009982359084899483,0.05005031379878278,1.9844674545084815,6.280528387940873,6.6274482033690525,98.0,6.453988295654963,0.17345990771409006,0.8697065231535429,1.9844674545084815,1.6058901775800531,1.7198032647800552,98.0,1.6628467211800542,0.05695654360000099,0.28557306502692376,1.9844674545084815,99.0,0.9393939393939394,-0.39591908326525305,-0.28984783146619586,98.0,-0.34288345736572445,0.053035625899528614,0.2659140686294985,1.9844674545084815,DecisionTreeRegressor,"{'mode': 'original', 'type': 'DecisionTreeRegressor'}",2,"['re_T6W30', 'l2_T6W30']",0.06803773811916329,0.12677545315146038,98.0,0.09740659563531183,0.029368857516148542,0.1472518191434882,1.9844674545084815,2.5323490590041957,2.622402097748941,98.0,2.5773755783765684,0.045026519372372516,0.22575739909649914,1.9844674545084815,completed,False,COMPLETE
29,1.8600204024812468,2026-06-12 08:49:51.119418,2026-06-12 08:49:55.903850,0 days 00:00:04.784432,,,,0.00016377964907056237,0.8770241030575711,,,,,,,,,,ElasticNet,,,,,,20,,,,,,,,True,-0.08888023324248483,-0.05855278261823658,98.0,-0.0737165079303607,0.015163725312124126,0.07602904321268465,1.9844674545084815,1.8291453330768386,1.890895471885655,98.0,1.8600204024812468,0.030875069404408182,0.15480377925769512,1.9844674545084815,0.27860972637823067,0.2989430570104028,98.0,0.28877639169431674,0.010166665316086088,0.0509744024463165,1.9844674545084815,6.140969708581167,6.484212758578007,98.0,6.312591233579587,0.1716215249984199,0.8604890995947432,1.9844674545084815,1.4513021512212936,1.5194620400507615,98.0,1.4853820956360275,0.034079944414733984,0.1708726261693767,1.9844674545084815,99.0,0.8585858585858586,-0.17331067019390148,-0.10467796137477178,98.0,-0.13899431578433663,0.03431635440956484,0.17205795664344792,1.9844674545084815,ElasticNet,"{'mode': 'original', 'type': 'ElasticNet'}",20,"['nodes_T6W30', 'edges_T6W30', 're_T6W30', 'pe_T6W30', 'l1_T6W30', 'l2_T6W30', 'lcc_T6W30', 'atd_T6W30', 'density_T6W30', 'diameter_T6W30', 'asp_T6W30', 'z_re_T6W30', 'z_pe_T6W30', 'z_l1_T6W30', 'z_l2_T6W30', 'z_l3_T6W30', 'z_lsc_T6W30', 'z_density_T6W30', 'z_diameter_T6W30', 'z_asp_T6W30']",0.033424679133600046,0.08565537024594935,98.0,0.0595400246897747,0.026115345556174653,0.13093911258185825,1.9844674545084815,2.340759695150077,2.4284043702986957,98.0,2.3845820327243863,0.04382233757430926,0.21971978049840452,1.9844674545084815,completed,True,COMPLETE
30,1.8223738968484002,2026-06-12 08:49:55.917496,2026-06-12 08:49:57.698139,0 days 00:00:01.780643,,,,,,,,,,,,,,,LinearRegression,,,,,,16,,,,,,,,False,-0.06496051422207273,-0.03912113119213687,98.0,-0.0520408227071048,0.012919691514967928,0.06477773530365116,1.9844674545084815,1.7949580514887122,1.8497897422080882,98.0,1.8223738968484002,0.02741584535968791,0.1374596577463332,1.9844674545084815,0.27292302951547504,0.292489465611714,98.0,0.2827062475635945,0.00978321804811951,0.049051845270824304,1.9844674545084815,6.0153756769067,6.268384372625681,98.0,6.14188002476619,0.12650434785949025,0.6342771536695945,1.9844674545084815,1.429779091692794,1.4967590289762602,98.0,1.463269060334527,0.03348996864173323,0.16791456061380722,1.9844674545084815,99.0,0.7171717171717171,-0.11793789131435346,-0.06413894389547524,98.0,-0.09103841760491435,0.026899473709439115,0.13487063415862807,1.9844674545084815,LinearRegression,"{'mode': 'original', 'type': 'LinearRegression'}",16,"['nodes_T6W30', 're_T6W30', 'pe_T6W30', 'l1_T6W30', 'l2_T6W30', 'atd_T6W30', 'density_T6W30', 'diameter_T6W30', 'asp_T6W30', 'z_pe_T6W30', 'z_l1_T6W30', 'z_l2_T6W30', 'z_lsc_T6W30', 'z_density_T6W30', 'z_diameter_T6W30', 'z_asp_T6W30']",0.062007801145253394,0.11166146035007751,98.0,0.08683463074766545,0.024826829602412056,0.1244786529578289,1.9844674545084815,2.2972352366209865,2.3737389368177677,98.0,2.335487086719377,0.038251850098390404,0.19179004527141977,1.9844674545084815,completed,False,COMPLETE
31,1.7349970291146763,2026-06-12 08:49:57.711042,2026-06-12 08:49:59.996548,0 days 00:00:02.285506,,,,,,,,,,,,,,8.632405665578633,QuantileRegressor,,,,,,11,,,,,,,,False,0.0,0.0,98.0,0.0,0.0,0.0,1.9844674545084815,1.7097615267403508,1.760232531489002,98.0,1.7349970291146763,0.025235502374325525,0.1265276876901327,1.9844674545084815,0.25983396043683077,0.2806349322602259,98.0,0.27023444634852833,0.010400485911697585,0.05214674999296774,1.9844674545084815,5.70097731382373,6.036396423550007,98.0,5.8686868686868685,0.16770955486313893,0.8408749651825216,1.9844674545084815,1.033280465877702,1.1485377159404797,98.0,1.0909090909090908,0.057628625031388776,0.2889427981985323,1.9844674545084815,99.0,0.9797979797979798,-0.009845695376372022,-0.006666757700651824,98.0,-0.008256226538511923,0.0015894688378600991,0.007969400161994435,1.9844674545084815,QuantileRegressor,"{'mode': 'original', 'type': 'QuantileRegressor'}",11,"['diameter_T6W30', 'asp_T6W30', 'z_re_T6W30', 'z_pe_T6W30', 'z_l1_T6W30', 'z_l2_T6W30', 'z_l3_T6W30', 'z_lsc_T6W30', 'z_density_T6W30', 'z_diameter_T6W30', 'z_asp_T6W30']",,,,,,,,2.2146203974868346,2.2936018858285863,98.0,2.2541111416577104,0.03949074417087585,0.1980017069201324,1.9844674545084815,completed,False,COMPLETE
32,1.7349970291146763,2026-06-12 08:50:00.010152,2026-06-12 08:50:02.231057,0 days 00:00:02.220905,,,,,,,,,,,,,,2.2931680347694705,QuantileRegressor,,,,,,9,,,,,,,,False,0.0,0.0,98.0,0.0,0.0,0.0,1.9844674545084815,1.7097615267403508,1.760232531489002,98.0,1.7349970291146763,0.025235502374325525,0.1265276876901327,1.9844674545084815,0.25983396043683077,0.2806349322602259,98.0,0.27023444634852833,0.010400485911697585,0.05214674999296774,1.9844674545084815,5.70097731382373,6.036396423550007,98.0,5.8686868686868685,0.16770955486313893,0.8408749651825216,1.9844674545084815,1.033280465877702,1.1485377159404797,98.0,1.0909090909090908,0.057628625031388776,0.2889427981985323,1.9844674545084815,99.0,0.9797979797979798,-0.009845695376372022,-0.006666757700651824,98.0,-0.008256226538511923,0.0015894688378600991,0.007969400161994435,1.9844674545084815,QuantileRegressor,"{'mode': 'original', 'type': 'QuantileRegressor'}",9,"['z_re_T6W30', 'z_pe_T6W30', 'z_l1_T6W30', 'z_l2_T6W30', 'z_l3_T6W30', 'z_lsc_T6W30', 'z_density_T6W30', 'z_diameter_T6W30', 'z_asp_T6W30']",,,,,,,,2.2146203974868346,2.2936018858285863,98.0,2.2541111416577104,0.03949074417087585,0.1980017069201324,1.9844674545084815,completed,False,COMPLETE
33,1.7349970291146763,2026-06-12 08:50:02.243982,2026-06-12 08:50:04.490888,0 days 00:00:02.246906,,,,,,,,,,,,,,3.227908133236349,QuantileRegressor,,,,,,12,,,,,,,,False,0.0,0.0,98.0,0.0,0.0,0.0,1.9844674545084815,1.7097615267403508,1.760232531489002,98.0,1.7349970291146763,0.025235502374325525,0.1265276876901327,1.9844674545084815,0.25983396043683077,0.2806349322602259,98.0,0.27023444634852833,0.010400485911697585,0.05214674999296774,1.9844674545084815,5.70097731382373,6.036396423550007,98.0,5.8686868686868685,0.16770955486313893,0.8408749651825216,1.9844674545084815,1.033280465877702,1.1485377159404797,98.0,1.0909090909090908,0.057628625031388776,0.2889427981985323,1.9844674545084815,99.0,0.9797979797979798,-0.009845695376372022,-0.006666757700651824,98.0,-0.008256226538511923,0.0015894688378600991,0.007969400161994435,1.9844674545084815,QuantileRegressor,"{'mode': 'original', 'type': 'QuantileRegressor'}",12,"['density_T6W30', 'diameter_T6W30', 'asp_T6W30', 'z_re_T6W30', 'z_pe_T6W30', 'z_l1_T6W30', 'z_l2_T6W30', 'z_l3_T6W30', 'z_lsc_T6W30', 'z_density_T6W30', 'z_diameter_T6W30', 'z_asp_T6W30']",,,,,,,,2.2146203974868346,2.2936018858285863,98.0,2.2541111416577104,0.03949074417087585,0.1980017069201324,1.9844674545084815,completed,False,COMPLETE
34,1.7886880870226665,2026-06-12 08:50:04.503983,2026-06-12 08:50:06.348551,0 days 00:00:01.844568,,,,0.000123469869878032,0.9566761854597826,,,,,,,,,,ElasticNet,,,,,,5,,,,,,,,False,-0.040681443509227415,-0.0230408645141602,98.0,-0.03186115401169381,0.008820289497533607,0.044223840616540035,1.9844674545084815,1.7629097328569532,1.8144664411883797,98.0,1.7886880870226665,0.025778354165713384,0.12924947943035311,1.9844674545084815,0.2686454440381148,0.2890027159994574,98.0,0.2788240800187861,0.010178635980671326,0.05103442187797343,1.9844674545084815,5.677138187338356,5.984941437025521,98.0,5.831039812181938,0.15390162484358233,0.7716437118772915,1.9844674545084815,1.4318363806814336,1.4896946427205573,98.0,1.4607655117009954,0.028929131019561804,0.14504708487650533,1.9844674545084815,99.0,0.5656565656565656,-0.03916650900145478,-0.007427616763596517,98.0,-0.02329706288252565,0.015869446118929133,0.07956744005200016,1.9844674545084815,ElasticNet,"{'mode': 'original', 'type': 'ElasticNet'}",5,"['re_T6W30', 'diameter_T6W30', 'asp_T6W30', 'z_l1_T6W30', 'z_density_T6W30']",0.05796366195381715,0.10902955976041141,98.0,0.08349661085711428,0.025532948903297135,0.12801904779717474,1.9844674545084815,2.2298417362817124,2.3031945712499713,98.0,2.266518153765842,0.0366764174841296,0.1838910209985032,1.9844674545084815,completed,False,COMPLETE
35,1.7425268233861193,2026-06-12 08:50:06.362469,2026-06-12 08:50:29.219904,0 days 00:00:22.857435,,,,,,2.0,log2,1.0,2.0,441.0,,,,,ExtraTreesRegressor,,,,,,8,,,,,,,,False,-0.00931009248264675,-6.521901108751289e-05,98.0,-0.004687655746867131,0.004622436735779618,0.023176326074140694,1.9844674545084815,1.7177696832488325,1.767283963523406,98.0,1.7425268233861193,0.024757140137286745,0.12412923859912608,1.9844674545084815,0.26370095817138933,0.28466553404841893,98.0,0.27418324610990413,0.0104822879385148,0.05255689523786997,1.9844674545084815,5.689807825146245,5.993446390946733,98.0,5.841627108046489,0.15181928290024388,0.7612031069246892,1.9844674545084815,1.3501253793847816,1.402630311834189,98.0,1.3763778456094853,0.026252466224703612,0.1316266186543011,1.9844674545084815,99.0,0.2222222222222222,0.010208156147998262,0.025168291540488892,98.0,0.017688223844243577,0.007480067696245315,0.037504134268175955,1.9844674545084815,ExtraTreesRegressor,"{'mode': 'original', 'type': 'ExtraTreesRegressor'}",8,"['nodes_T6W30', 're_T6W30', 'pe_T6W30', 'l2_T6W30', 'l3_T6W30', 'atd_T6W30', 'density_T6W30', 'z_l3_T6W30']",0.1618207339779581,0.2138989151577791,98.0,0.1878598245678686,0.026039090589910503,0.13055677961248935,1.9844674545084815,2.185551117389004,2.2624919146920326,98.0,2.2240215160405183,0.038470398651514325,0.19288582068593765,1.9844674545084815,completed,False,COMPLETE
36,1.808877512955128,2026-06-12 08:50:29.232297,2026-06-12 08:50:30.987258,0 days 00:00:01.754961,,,,,,,,,,,,,,,LinearRegression,,,,,,10,,,,,,,,False,-0.05495584897341732,-0.032167363925004105,98.0,-0.04356160644921071,0.01139424252420661,0.057129322736812586,1.9844674545084815,1.7804859571285157,1.8372690687817403,98.0,1.808877512955128,0.028391555826612336,0.14235174934822695,1.9844674545084815,0.27055239801431535,0.2910673185844768,98.0,0.2808098582993961,0.010257460285080743,0.05142963719101803,1.9844674545084815,5.9335242593178155,6.225915420594884,98.0,6.07971983995635,0.14619558063853408,0.7330065593435385,1.9844674545084815,1.4160714802035912,1.4859115803161056,98.0,1.4509915302598484,0.03492005005625714,0.17508481194878509,1.9844674545084815,99.0,0.6666666666666666,-0.0846059533226928,-0.037132618122027915,98.0,-0.06086928572236036,0.023736667600332446,0.11901271551443114,1.9844674545084815,LinearRegression,"{'mode': 'original', 'type': 'LinearRegression'}",10,"['nodes_T6W30', 'l1_T6W30', 'atd_T6W30', 'density_T6W30', 'diameter_T6W30', 'asp_T6W30', 'z_l1_T6W30', 'z_density_T6W30', 'z_diameter_T6W30', 'z_asp_T6W30']",0.06782223697615747,0.12090848210177019,98.0,0.09436535953896383,0.02654312256280636,0.1330839335841611,1.9844674545084815,2.2657787102097817,2.344413207506329,98.0,2.3050959588580553,0.03931724864827354,0.19713182182833427,1.9844674545084815,completed,False,COMPLETE
37,1.7349970291146763,2026-06-12 08:50:30.999301,2026-06-12 08:50:33.482314,0 days 00:00:02.483013,,,,,,,,,,,,,,0.21980426427532332,QuantileRegressor,,,,,,15,,,,,,,,True,0.0,0.0,98.0,0.0,0.0,0.0,1.9844674545084815,1.7097615267403508,1.760232531489002,98.0,1.7349970291146763,0.025235502374325525,0.1265276876901327,1.9844674545084815,0.25983396043683077,0.2806349322602259,98.0,0.27023444634852833,0.010400485911697585,0.05214674999296774,1.9844674545084815,5.70097731382373,6.036396423550007,98.0,5.8686868686868685,0.16770955486313893,0.8408749651825216,1.9844674545084815,1.033280465877702,1.1485377159404797,98.0,1.0909090909090908,0.057628625031388776,0.2889427981985323,1.9844674545084815,99.0,0.9797979797979798,-0.009845695376372022,-0.006666757700651824,98.0,-0.008256226538511923,0.0015894688378600991,0.007969400161994435,1.9844674545084815,QuantileRegressor,"{'mode': 'original', 'type': 'QuantileRegressor'}",15,"['lcc_T6W30', 'lsc_T6W30', 'atd_T6W30', 'density_T6W30', 'diameter_T6W30', 'asp_T6W30', 'z_re_T6W30', 'z_pe_T6W30', 'z_l1_T6W30', 'z_l2_T6W30', 'z_l3_T6W30', 'z_lsc_T6W30', 'z_density_T6W30', 'z_diameter_T6W30', 'z_asp_T6W30']",,,,,,,,2.2146203974868346,2.2936018858285863,98.0,2.2541111416577104,0.03949074417087585,0.1980017069201324,1.9844674545084815,completed,True,COMPLETE
38,1.7724551913490518,2026-06-12 08:50:33.495171,2026-06-12 08:51:05.485882,0 days 00:00:31.990711,,,,,,,,,,,,,,,RandomForestRegressor,2.0,,1.0,12.0,353.0,11,,,,,,,,False,-0.03062446852691736,-0.014301322032391798,98.0,-0.022462895279654577,0.00816157324726278,0.04092111880999981,1.9844674545084815,1.7472838867613614,1.7976264959367423,98.0,1.7724551913490518,0.0251713045876904,0.12620580792814978,1.9844674545084815,0.26771547813524527,0.2885465250925103,98.0,0.27813100161387777,0.010415523478632512,0.052222146493680864,1.9844674545084815,5.711958510484216,6.054192060203887,98.0,5.883075285344051,0.17111677485983587,0.8579583448291361,1.9844674545084815,1.3615893206094256,1.4189617632681935,98.0,1.3902755419388095,0.02868622132938398,0.14382916573386934,1.9844674545084815,99.0,0.46464646464646464,-0.030261538168634673,0.0008165400273632377,98.0,-0.014722499070635718,0.015539039097998955,0.07791082011494618,1.9844674545084815,RandomForestRegressor,"{'mode': 'original', 'type': 'RandomForestRegressor'}",11,"['re_T6W30', 'pe_T6W30', 'l2_T6W30', 'l3_T6W30', 'lsc_T6W30', 'atd_T6W30', 'z_re_T6W30', 'z_l1_T6W30', 'z_l2_T6W30', 'z_l3_T6W30', 'z_lsc_T6W30']",0.13165034502021783,0.18655265553780215,98.0,0.15910150027901,0.027451155258792145,0.13763669721319066,1.9844674545084815,2.220274113647881,2.2943190326507636,98.0,2.2572965731493224,0.037022459501441084,0.18562603287362228,1.9844674545084815,completed,False,COMPLETE
39,1.8035943952518898,2026-06-12 08:51:05.498572,2026-06-12 08:51:13.149944,0 days 00:00:07.651372,,,,,,20.0,,1.0,12.0,99.0,,,,,ExtraTreesRegressor,,,,,,13,,,,,,,,False,-0.052903679917295644,-0.02884727974613071,98.0,-0.04087547983171318,0.012028200085582468,0.060307907539474216,1.9844674545084815,1.7759333628926384,1.8312554276111412,98.0,1.8035943952518898,0.027661032359251384,0.1386889950365633,1.9844674545084815,0.27123026242891474,0.2924601507467886,98.0,0.28184520658785167,0.010614944158936915,0.053222017119683565,1.9844674545084815,5.931008583059614,6.310545136662152,98.0,6.120776859860883,0.18976827680126906,0.951474668680828,1.9844674545084815,1.387768019607882,1.458196508519922,98.0,1.422982264063902,0.035214244456020005,0.17655986628220915,1.9844674545084815,99.0,0.6565656565656566,-0.0881924406384258,-0.041921425089601116,98.0,-0.06505693286401346,0.023135507774412343,0.11599857450080663,1.9844674545084815,ExtraTreesRegressor,"{'mode': 'original', 'type': 'ExtraTreesRegressor'}",13,"['edges_T6W30', 're_T6W30', 'pe_T6W30', 'l2_T6W30', 'l3_T6W30', 'atd_T6W30', 'z_re_T6W30', 'z_pe_T6W30', 'z_l1_T6W30', 'z_l2_T6W30', 'z_l3_T6W30', 'z_lsc_T6W30', 'z_density_T6W30']",0.10057012635880588,0.15263918063468104,98.0,0.12660465349674346,0.026034527137937573,0.1305338990287207,1.9844674545084815,2.271283969483311,2.347865483402572,98.0,2.3095747264429414,0.03829075695963051,0.19198511946154168,1.9844674545084815,completed,False,COMPLETE
