number,value,datetime_start,datetime_complete,duration,params_dt_max_depth,params_dt_min_samples_leaf,params_dt_min_samples_split,params_elastic_alpha,params_elastic_l1_ratio,params_et_max_depth,params_et_max_features,params_et_min_samples_leaf,params_et_min_samples_split,params_et_n_estimators,params_knn_metric,params_knn_n_neighbors,params_knn_weights,params_quantile_alpha,params_regressor,params_rf_max_depth,params_rf_max_features,params_rf_min_samples_leaf,params_rf_min_samples_split,params_rf_n_estimators,params_rfe_n_features,params_rfe_proxy_et_max_depth,params_rfe_proxy_et_min_samples_leaf,params_rfe_proxy_et_min_samples_split,params_rfe_proxy_et_n_estimators,params_rfe_proxy_lsvr_C,params_rfe_proxy_lsvr_epsilon,params_rfe_proxy_type,params_use_scaler,user_attrs_d2mae_ci_lower_val,user_attrs_d2mae_ci_upper_val,user_attrs_d2mae_df_val,user_attrs_d2mae_mean_val,user_attrs_d2mae_samperror_val,user_attrs_d2mae_std_val,user_attrs_d2mae_t_critical_val,user_attrs_mae_ci_lower_val,user_attrs_mae_ci_upper_val,user_attrs_mae_df_val,user_attrs_mae_mean_val,user_attrs_mae_samperror_val,user_attrs_mae_std_val,user_attrs_mae_t_critical_val,user_attrs_mape_ci_lower_val,user_attrs_mape_ci_upper_val,user_attrs_mape_df_val,user_attrs_mape_mean_val,user_attrs_mape_samperror_val,user_attrs_mape_std_val,user_attrs_mape_t_critical_val,user_attrs_max_error_ci_lower_val,user_attrs_max_error_ci_upper_val,user_attrs_max_error_df_val,user_attrs_max_error_mean_val,user_attrs_max_error_samperror_val,user_attrs_max_error_std_val,user_attrs_max_error_t_critical_val,user_attrs_median_ae_ci_lower_val,user_attrs_median_ae_ci_upper_val,user_attrs_median_ae_df_val,user_attrs_median_ae_mean_val,user_attrs_median_ae_samperror_val,user_attrs_median_ae_std_val,user_attrs_median_ae_t_critical_val,user_attrs_n_splits_val,user_attrs_r2_below_zero_val,user_attrs_r2_ci_lower_val,user_attrs_r2_ci_upper_val,user_attrs_r2_df_val,user_attrs_r2_mean_val,user_attrs_r2_samperror_val,user_attrs_r2_std_val,user_attrs_r2_t_critical_val,user_attrs_regressor_final,user_attrs_rfe_estimator,user_attrs_rfe_n_features,user_attrs_rfe_selected_features,user_attrs_rho_ci_lower_val,user_attrs_rho_ci_upper_val,user_attrs_rho_df_val,user_attrs_rho_mean_val,user_attrs_rho_samperror_val,user_attrs_rho_std_val,user_attrs_rho_t_critical_val,user_attrs_rmse_ci_lower_val,user_attrs_rmse_ci_upper_val,user_attrs_rmse_df_val,user_attrs_rmse_mean_val,user_attrs_rmse_samperror_val,user_attrs_rmse_std_val,user_attrs_rmse_t_critical_val,user_attrs_termination_reason,user_attrs_use_scaler_final,state
88,1.8157980132538045,2026-06-12 08:54:07.949738,2026-06-12 08:54:10.507209,0 days 00:00:02.557471,,,,,,,,,,,,,,0.0021361301175131567,QuantileRegressor,,,,,,12,,,,,,,,False,-0.05810308082139756,-0.036664871421857814,98.0,-0.04738397612162769,0.010719104699769876,0.05374426518848193,1.9844674545084815,1.7872925963303856,1.8443034301772234,98.0,1.8157980132538045,0.028505416923418982,0.14292263480487885,1.9844674545084815,0.2742172730462661,0.2945131619329374,98.0,0.28436521748960175,0.010147944443335647,0.050880538305808465,1.9844674545084815,5.887277061803206,6.238568923965832,98.0,6.062922992884519,0.17564593108131304,0.880666973941823,1.9844674545084815,1.4449550657272485,1.5011921670420951,98.0,1.4730736163846718,0.02811855065742327,0.14098293519614216,1.9844674545084815,99.0,0.7070707070707071,-0.07854305452337512,-0.03853290820784971,98.0,-0.05853798136561242,0.02000507315776271,0.10030296251597048,1.9844674545084815,QuantileRegressor,"{'mode': 'original', 'type': 'QuantileRegressor'}",12,"['nodes_T6W30', 'edges_T6W30', 're_T6W30', 'pe_T6W30', 'l3_T6W30', 'lsc_T6W30', 'z_re_T6W30', 'z_pe_T6W30', 'z_l1_T6W30', 'z_l2_T6W30', 'z_l3_T6W30', 'z_asp_T6W30']",0.04628767752031657,0.0954970762820018,98.0,0.07089237690115918,0.024604699380842615,0.12336491950071837,1.9844674545084815,2.2636371574721266,2.3481949943918115,98.0,2.305916075931969,0.04227891845984246,0.21198126795391403,1.9844674545084815,completed,False,COMPLETE
89,1.7335515363156975,2026-06-12 08:54:10.543075,2026-06-12 08:54:13.292839,0 days 00:00:02.749764,,,,,,,,,,,,,,,RandomForestRegressor,20.0,,3.0,2.0,216.0,9,,,,,,,,False,,,,,,,,,,,,,,,,,,,,,,,,,,,,,,,,,,,,,,,,,,,,,RandomForestRegressor,"{'mode': 'original', 'type': 'RandomForestRegressor'}",9,"['re_T6W30', 'pe_T6W30', 'l2_T6W30', 'l3_T6W30', 'z_re_T6W30', 'z_l1_T6W30', 'z_l3_T6W30', 'z_lsc_T6W30', 'z_density_T6W30']",,,,,,,,,,,,,,,pruned,False,PRUNED
90,1.7349970291146763,2026-06-12 08:54:13.302433,2026-06-12 08:54:15.678174,0 days 00:00:02.375741,,,,,,,,,,,,,,4.910982051941129,QuantileRegressor,,,,,,20,,,,,,,,False,0.0,0.0,98.0,0.0,0.0,0.0,1.9844674545084815,1.7097615267403508,1.760232531489002,98.0,1.7349970291146763,0.025235502374325525,0.1265276876901327,1.9844674545084815,0.25983396043683077,0.2806349322602259,98.0,0.27023444634852833,0.010400485911697585,0.05214674999296774,1.9844674545084815,5.70097731382373,6.036396423550007,98.0,5.8686868686868685,0.16770955486313893,0.8408749651825216,1.9844674545084815,1.033280465877702,1.1485377159404797,98.0,1.0909090909090908,0.057628625031388776,0.2889427981985323,1.9844674545084815,99.0,0.9797979797979798,-0.009845695376372022,-0.006666757700651824,98.0,-0.008256226538511923,0.0015894688378600991,0.007969400161994435,1.9844674545084815,QuantileRegressor,"{'mode': 'original', 'type': 'QuantileRegressor'}",20,"['re_T6W30', 'pe_T6W30', 'l1_T6W30', 'l2_T6W30', 'l3_T6W30', 'lcc_T6W30', 'lsc_T6W30', 'atd_T6W30', 'density_T6W30', 'diameter_T6W30', 'asp_T6W30', 'z_re_T6W30', 'z_pe_T6W30', 'z_l1_T6W30', 'z_l2_T6W30', 'z_l3_T6W30', 'z_lsc_T6W30', 'z_density_T6W30', 'z_diameter_T6W30', 'z_asp_T6W30']",,,,,,,,2.2146203974868346,2.2936018858285863,98.0,2.2541111416577104,0.03949074417087585,0.1980017069201324,1.9844674545084815,completed,False,COMPLETE
91,1.7349970291146763,2026-06-12 08:54:15.692029,2026-06-12 08:54:17.922060,0 days 00:00:02.230031,,,,,,,,,,,,,,3.5338891814330946,QuantileRegressor,,,,,,10,,,,,,,,False,0.0,0.0,98.0,0.0,0.0,0.0,1.9844674545084815,1.7097615267403508,1.760232531489002,98.0,1.7349970291146763,0.025235502374325525,0.1265276876901327,1.9844674545084815,0.25983396043683077,0.2806349322602259,98.0,0.27023444634852833,0.010400485911697585,0.05214674999296774,1.9844674545084815,5.70097731382373,6.036396423550007,98.0,5.8686868686868685,0.16770955486313893,0.8408749651825216,1.9844674545084815,1.033280465877702,1.1485377159404797,98.0,1.0909090909090908,0.057628625031388776,0.2889427981985323,1.9844674545084815,99.0,0.9797979797979798,-0.009845695376372022,-0.006666757700651824,98.0,-0.008256226538511923,0.0015894688378600991,0.007969400161994435,1.9844674545084815,QuantileRegressor,"{'mode': 'original', 'type': 'QuantileRegressor'}",10,"['asp_T6W30', 'z_re_T6W30', 'z_pe_T6W30', 'z_l1_T6W30', 'z_l2_T6W30', 'z_l3_T6W30', 'z_lsc_T6W30', 'z_density_T6W30', 'z_diameter_T6W30', 'z_asp_T6W30']",,,,,,,,2.2146203974868346,2.2936018858285863,98.0,2.2541111416577104,0.03949074417087585,0.1980017069201324,1.9844674545084815,completed,False,COMPLETE
92,1.7349970291146763,2026-06-12 08:54:17.952701,2026-06-12 08:54:20.178612,0 days 00:00:02.225911,,,,,,,,,,,,,,9.93454832293435,QuantileRegressor,,,,,,11,,,,,,,,False,0.0,0.0,98.0,0.0,0.0,0.0,1.9844674545084815,1.7097615267403508,1.760232531489002,98.0,1.7349970291146763,0.025235502374325525,0.1265276876901327,1.9844674545084815,0.25983396043683077,0.2806349322602259,98.0,0.27023444634852833,0.010400485911697585,0.05214674999296774,1.9844674545084815,5.70097731382373,6.036396423550007,98.0,5.8686868686868685,0.16770955486313893,0.8408749651825216,1.9844674545084815,1.033280465877702,1.1485377159404797,98.0,1.0909090909090908,0.057628625031388776,0.2889427981985323,1.9844674545084815,99.0,0.9797979797979798,-0.009845695376372022,-0.006666757700651824,98.0,-0.008256226538511923,0.0015894688378600991,0.007969400161994435,1.9844674545084815,QuantileRegressor,"{'mode': 'original', 'type': 'QuantileRegressor'}",11,"['diameter_T6W30', 'asp_T6W30', 'z_re_T6W30', 'z_pe_T6W30', 'z_l1_T6W30', 'z_l2_T6W30', 'z_l3_T6W30', 'z_lsc_T6W30', 'z_density_T6W30', 'z_diameter_T6W30', 'z_asp_T6W30']",,,,,,,,2.2146203974868346,2.2936018858285863,98.0,2.2541111416577104,0.03949074417087585,0.1980017069201324,1.9844674545084815,completed,False,COMPLETE
93,1.7392792378702062,2026-06-12 08:54:20.190986,2026-06-12 08:54:22.661008,0 days 00:00:02.470022,,,,,,,,,,,,,,0.0213046407839766,QuantileRegressor,,,,,,14,,,,,,,,False,-0.0056446558858716765,0.00042035367411102616,98.0,-0.002612151105880325,0.003032504779991351,0.015204603896134459,1.9844674545084815,1.7141723455100326,1.7643861302303798,98.0,1.7392792378702062,0.0251068923601735,0.12588285298610846,1.9844674545084815,0.2607055336516559,0.2814455559645464,98.0,0.27107554480810114,0.01037001115644528,0.051993953339356455,1.9844674545084815,5.718272404693743,6.051784850510523,98.0,5.885028627602133,0.16675622290838962,0.8360950766728218,1.9844674545084815,1.047827749995733,1.1671826760547477,98.0,1.1075052130252403,0.05967746302950733,0.2992154185136866,1.9844674545084815,99.0,0.9797979797979798,-0.01441431809539665,-0.0069616226673424025,98.0,-0.010687970381369526,0.0037263477140271235,0.018683446550481653,1.9844674545084815,QuantileRegressor,"{'mode': 'original', 'type': 'QuantileRegressor'}",14,"['lsc_T6W30', 'atd_T6W30', 'density_T6W30', 'diameter_T6W30', 'asp_T6W30', 'z_re_T6W30', 'z_pe_T6W30', 'z_l1_T6W30', 'z_l2_T6W30', 'z_l3_T6W30', 'z_lsc_T6W30', 'z_density_T6W30', 'z_diameter_T6W30', 'z_asp_T6W30']",-0.1705298392113597,0.04329960371822342,2.0,-0.06361511774656814,0.10691472146479156,0.043038967187313926,4.302652729749462,2.2173780958206875,2.2956010184871003,98.0,2.256489557153894,0.0391114613332065,0.19610002968307927,1.9844674545084815,completed,False,COMPLETE
94,1.7349970291146763,2026-06-12 08:54:22.673998,2026-06-12 08:54:24.887498,0 days 00:00:02.213500,,,,,,,,,,,,,,6.303921928757115,QuantileRegressor,,,,,,8,,,,,,,,False,0.0,0.0,98.0,0.0,0.0,0.0,1.9844674545084815,1.7097615267403508,1.760232531489002,98.0,1.7349970291146763,0.025235502374325525,0.1265276876901327,1.9844674545084815,0.25983396043683077,0.2806349322602259,98.0,0.27023444634852833,0.010400485911697585,0.05214674999296774,1.9844674545084815,5.70097731382373,6.036396423550007,98.0,5.8686868686868685,0.16770955486313893,0.8408749651825216,1.9844674545084815,1.033280465877702,1.1485377159404797,98.0,1.0909090909090908,0.057628625031388776,0.2889427981985323,1.9844674545084815,99.0,0.9797979797979798,-0.009845695376372022,-0.006666757700651824,98.0,-0.008256226538511923,0.0015894688378600991,0.007969400161994435,1.9844674545084815,QuantileRegressor,"{'mode': 'original', 'type': 'QuantileRegressor'}",8,"['z_pe_T6W30', 'z_l1_T6W30', 'z_l2_T6W30', 'z_l3_T6W30', 'z_lsc_T6W30', 'z_density_T6W30', 'z_diameter_T6W30', 'z_asp_T6W30']",,,,,,,,2.2146203974868346,2.2936018858285863,98.0,2.2541111416577104,0.03949074417087585,0.1980017069201324,1.9844674545084815,completed,False,COMPLETE
95,1.785127344989009,2026-06-12 08:54:24.899651,2026-06-12 08:54:43.734886,0 days 00:00:18.835235,,,,,,10.0,sqrt,2.0,7.0,341.0,,,,,ExtraTreesRegressor,,,,,,13,,,,,,,,False,-0.03895841833393045,-0.020670931848998618,98.0,-0.029814675091464533,0.009143743242465916,0.04584559768774608,1.9844674545084815,1.7591095281908853,1.8111451617871328,98.0,1.785127344989009,0.026017816798123837,0.1304501154516876,1.9844674545084815,0.2683125679662151,0.28888443771396494,98.0,0.27859850284009,0.010285934873874901,0.051572405257395725,1.9844674545084815,5.755979378357883,6.049972648826825,98.0,5.902976013592354,0.14699663523447118,0.7370229480103477,1.9844674545084815,1.3978059715001059,1.4546232433670256,98.0,1.4262146074335658,0.028408635933459835,0.14243738689143326,1.9844674545084815,99.0,0.5656565656565656,-0.043294035109141135,-0.011651693372979378,98.0,-0.027472864241060255,0.015821170868080877,0.07932539391509799,1.9844674545084815,ExtraTreesRegressor,"{'mode': 'original', 'type': 'ExtraTreesRegressor'}",13,"['re_T6W30', 'pe_T6W30', 'l2_T6W30', 'l3_T6W30', 'lcc_T6W30', 'atd_T6W30', 'density_T6W30', 'z_re_T6W30', 'z_l1_T6W30', 'z_l2_T6W30', 'z_l3_T6W30', 'z_lsc_T6W30', 'z_diameter_T6W30']",0.08452103136001703,0.13694300668826737,98.0,0.11073201902414219,0.026210987664125166,0.13141865028177346,1.9844674545084815,2.2340561362624043,2.308651681964252,98.0,2.271353909113328,0.03729777285092368,0.18700641995621506,1.9844674545084815,completed,False,COMPLETE
96,1.7349970291146763,2026-06-12 08:54:43.748250,2026-06-12 08:54:46.021756,0 days 00:00:02.273506,,,,,,,,,,,,,,0.2798754990281559,QuantileRegressor,,,,,,9,,,,,,,,True,0.0,0.0,98.0,0.0,0.0,0.0,1.9844674545084815,1.7097615267403508,1.760232531489002,98.0,1.7349970291146763,0.025235502374325525,0.1265276876901327,1.9844674545084815,0.25983396043683077,0.2806349322602259,98.0,0.27023444634852833,0.010400485911697585,0.05214674999296774,1.9844674545084815,5.70097731382373,6.036396423550007,98.0,5.8686868686868685,0.16770955486313893,0.8408749651825216,1.9844674545084815,1.033280465877702,1.1485377159404797,98.0,1.0909090909090908,0.057628625031388776,0.2889427981985323,1.9844674545084815,99.0,0.9797979797979798,-0.009845695376372022,-0.006666757700651824,98.0,-0.008256226538511923,0.0015894688378600991,0.007969400161994435,1.9844674545084815,QuantileRegressor,"{'mode': 'original', 'type': 'QuantileRegressor'}",9,"['z_re_T6W30', 'z_pe_T6W30', 'z_l1_T6W30', 'z_l2_T6W30', 'z_l3_T6W30', 'z_lsc_T6W30', 'z_density_T6W30', 'z_diameter_T6W30', 'z_asp_T6W30']",,,,,,,,2.2146203974868346,2.2936018858285863,98.0,2.2541111416577104,0.03949074417087585,0.1980017069201324,1.9844674545084815,completed,True,COMPLETE
97,1.7349970291146763,2026-06-12 08:54:46.035636,2026-06-12 08:54:48.248056,0 days 00:00:02.212420,,,,,,,,,,,,,,1.1512938913675854,QuantileRegressor,,,,,,12,,,,,,,,False,0.0,0.0,98.0,0.0,0.0,0.0,1.9844674545084815,1.7097615267403508,1.760232531489002,98.0,1.7349970291146763,0.025235502374325525,0.1265276876901327,1.9844674545084815,0.25983396043683077,0.2806349322602259,98.0,0.27023444634852833,0.010400485911697585,0.05214674999296774,1.9844674545084815,5.70097731382373,6.036396423550007,98.0,5.8686868686868685,0.16770955486313893,0.8408749651825216,1.9844674545084815,1.033280465877702,1.1485377159404797,98.0,1.0909090909090908,0.057628625031388776,0.2889427981985323,1.9844674545084815,99.0,0.9797979797979798,-0.009845695376372022,-0.006666757700651824,98.0,-0.008256226538511923,0.0015894688378600991,0.007969400161994435,1.9844674545084815,QuantileRegressor,"{'mode': 'original', 'type': 'QuantileRegressor'}",12,"['density_T6W30', 'diameter_T6W30', 'asp_T6W30', 'z_re_T6W30', 'z_pe_T6W30', 'z_l1_T6W30', 'z_l2_T6W30', 'z_l3_T6W30', 'z_lsc_T6W30', 'z_density_T6W30', 'z_diameter_T6W30', 'z_asp_T6W30']",,,,,,,,2.2146203974868346,2.2936018858285863,98.0,2.2541111416577104,0.03949074417087585,0.1980017069201324,1.9844674545084815,completed,False,COMPLETE
98,2.3379178338001863,2026-06-12 08:54:48.260181,2026-06-12 08:54:48.392062,0 days 00:00:00.131881,13.0,3.0,10.0,,,,,,,,,,,,DecisionTreeRegressor,,,,,,10,,,,,,,,False,,,,,,,,,,,,,,,,,,,,,,,,,,,,,,,,,,,,,,,,,,,,,DecisionTreeRegressor,"{'mode': 'original', 'type': 'DecisionTreeRegressor'}",10,"['re_T6W30', 'pe_T6W30', 'l2_T6W30', 'l3_T6W30', 'lsc_T6W30', 'density_T6W30', 'z_re_T6W30', 'z_l3_T6W30', 'z_density_T6W30', 'z_diameter_T6W30']",,,,,,,,,,,,,,,pruned,False,PRUNED
99,1.7349970291146763,2026-06-12 08:54:48.401722,2026-06-12 08:54:50.661267,0 days 00:00:02.259545,,,,,,,,,,,,,,2.97852192261904,QuantileRegressor,,,,,,11,,,,,,,,False,0.0,0.0,98.0,0.0,0.0,0.0,1.9844674545084815,1.7097615267403508,1.760232531489002,98.0,1.7349970291146763,0.025235502374325525,0.1265276876901327,1.9844674545084815,0.25983396043683077,0.2806349322602259,98.0,0.27023444634852833,0.010400485911697585,0.05214674999296774,1.9844674545084815,5.70097731382373,6.036396423550007,98.0,5.8686868686868685,0.16770955486313893,0.8408749651825216,1.9844674545084815,1.033280465877702,1.1485377159404797,98.0,1.0909090909090908,0.057628625031388776,0.2889427981985323,1.9844674545084815,99.0,0.9797979797979798,-0.009845695376372022,-0.006666757700651824,98.0,-0.008256226538511923,0.0015894688378600991,0.007969400161994435,1.9844674545084815,QuantileRegressor,"{'mode': 'original', 'type': 'QuantileRegressor'}",11,"['diameter_T6W30', 'asp_T6W30', 'z_re_T6W30', 'z_pe_T6W30', 'z_l1_T6W30', 'z_l2_T6W30', 'z_l3_T6W30', 'z_lsc_T6W30', 'z_density_T6W30', 'z_diameter_T6W30', 'z_asp_T6W30']",,,,,,,,2.2146203974868346,2.2936018858285863,98.0,2.2541111416577104,0.03949074417087585,0.1980017069201324,1.9844674545084815,completed,False,COMPLETE
100,1.820304004622924,2026-06-12 08:54:50.749856,2026-06-12 08:54:52.790735,0 days 00:00:02.040879,,,,,,,,,,,manhattan,9.0,distance,,KNeighborsRegressor,,,,,,7,4.0,1.0,2.0,80.0,,,ExtraTrees,,-0.0636588535325003,-0.038474512517261375,98.0,-0.051066683024880835,0.012592170507619458,0.06313558548174367,1.9844674545084815,1.794294506067462,1.846313503178386,98.0,1.820304004622924,0.026009498555461988,0.13040840881181026,1.9844674545084815,0.2721973066234486,0.2925435012242313,98.0,0.28237040392383994,0.010173097300391369,0.05100665162009297,1.9844674545084815,5.927865747324389,6.2413059763268715,98.0,6.08458586182563,0.15672011450124174,0.7857752704201887,1.9844674545084815,1.4491693539553236,1.5264100565181136,98.0,1.4877897052367186,0.038620351281394884,0.19363766462549575,1.9844674545084815,99.0,0.7474747474747475,-0.09706735744737473,-0.05369890230636183,98.0,-0.07538312987686828,0.02168422757050645,0.10872203505780755,1.9844674545084815,KNeighborsRegressor,"{'mode': 'proxy', 'type': 'ExtraTrees'}",7,"['re_T6W30', 'pe_T6W30', 'l2_T6W30', 'l3_T6W30', 'atd_T6W30', 'z_l3_T6W30', 'z_lsc_T6W30']",0.09429058805514572,0.14412795476956158,98.0,0.11920927141235366,0.024918683357207937,0.12493919632358347,1.9844674545084815,2.2839508491501,2.357376701406308,98.0,2.320663775278204,0.036712926128103854,0.184074070823874,1.9844674545084815,completed,True,COMPLETE
101,1.7349970291146763,2026-06-12 08:54:52.805043,2026-06-12 08:54:54.951885,0 days 00:00:02.146842,,,,,,,,,,,,,,0.1330282291370316,QuantileRegressor,,,,,,4,,,,,,,,False,0.0,0.0,98.0,0.0,0.0,0.0,1.9844674545084815,1.7097615267403508,1.760232531489002,98.0,1.7349970291146763,0.025235502374325525,0.1265276876901327,1.9844674545084815,0.25983396043683077,0.2806349322602259,98.0,0.27023444634852833,0.010400485911697585,0.05214674999296774,1.9844674545084815,5.70097731382373,6.036396423550007,98.0,5.8686868686868685,0.16770955486313893,0.8408749651825216,1.9844674545084815,1.033280465877702,1.1485377159404797,98.0,1.0909090909090908,0.057628625031388776,0.2889427981985323,1.9844674545084815,99.0,0.9797979797979798,-0.009845695376372022,-0.006666757700651824,98.0,-0.008256226538511923,0.0015894688378600991,0.007969400161994435,1.9844674545084815,QuantileRegressor,"{'mode': 'original', 'type': 'QuantileRegressor'}",4,"['z_lsc_T6W30', 'z_density_T6W30', 'z_diameter_T6W30', 'z_asp_T6W30']",,,,,,,,2.2146203974868346,2.2936018858285863,98.0,2.2541111416577104,0.03949074417087585,0.1980017069201324,1.9844674545084815,completed,False,COMPLETE
102,1.7349970291146763,2026-06-12 08:54:54.963998,2026-06-12 08:54:57.141147,0 days 00:00:02.177149,,,,,,,,,,,,,,1.3110414279399865,QuantileRegressor,,,,,,6,,,,,,,,False,0.0,0.0,98.0,0.0,0.0,0.0,1.9844674545084815,1.7097615267403508,1.760232531489002,98.0,1.7349970291146763,0.025235502374325525,0.1265276876901327,1.9844674545084815,0.25983396043683077,0.2806349322602259,98.0,0.27023444634852833,0.010400485911697585,0.05214674999296774,1.9844674545084815,5.70097731382373,6.036396423550007,98.0,5.8686868686868685,0.16770955486313893,0.8408749651825216,1.9844674545084815,1.033280465877702,1.1485377159404797,98.0,1.0909090909090908,0.057628625031388776,0.2889427981985323,1.9844674545084815,99.0,0.9797979797979798,-0.009845695376372022,-0.006666757700651824,98.0,-0.008256226538511923,0.0015894688378600991,0.007969400161994435,1.9844674545084815,QuantileRegressor,"{'mode': 'original', 'type': 'QuantileRegressor'}",6,"['z_l2_T6W30', 'z_l3_T6W30', 'z_lsc_T6W30', 'z_density_T6W30', 'z_diameter_T6W30', 'z_asp_T6W30']",,,,,,,,2.2146203974868346,2.2936018858285863,98.0,2.2541111416577104,0.03949074417087585,0.1980017069201324,1.9844674545084815,completed,False,COMPLETE
103,1.7349970291146763,2026-06-12 08:54:57.153375,2026-06-12 08:54:59.364045,0 days 00:00:02.210670,,,,,,,,,,,,,,0.3945982361485738,QuantileRegressor,,,,,,6,,,,,,,,False,0.0,0.0,98.0,0.0,0.0,0.0,1.9844674545084815,1.7097615267403508,1.760232531489002,98.0,1.7349970291146763,0.025235502374325525,0.1265276876901327,1.9844674545084815,0.25983396043683077,0.2806349322602259,98.0,0.27023444634852833,0.010400485911697585,0.05214674999296774,1.9844674545084815,5.70097731382373,6.036396423550007,98.0,5.8686868686868685,0.16770955486313893,0.8408749651825216,1.9844674545084815,1.033280465877702,1.1485377159404797,98.0,1.0909090909090908,0.057628625031388776,0.2889427981985323,1.9844674545084815,99.0,0.9797979797979798,-0.009845695376372022,-0.006666757700651824,98.0,-0.008256226538511923,0.0015894688378600991,0.007969400161994435,1.9844674545084815,QuantileRegressor,"{'mode': 'original', 'type': 'QuantileRegressor'}",6,"['z_l2_T6W30', 'z_l3_T6W30', 'z_lsc_T6W30', 'z_density_T6W30', 'z_diameter_T6W30', 'z_asp_T6W30']",,,,,,,,2.2146203974868346,2.2936018858285863,98.0,2.2541111416577104,0.03949074417087585,0.1980017069201324,1.9844674545084815,completed,False,COMPLETE
