number,value,datetime_start,datetime_complete,duration,params_dt_max_depth,params_dt_min_samples_leaf,params_dt_min_samples_split,params_elastic_alpha,params_elastic_l1_ratio,params_et_max_depth,params_et_max_features,params_et_min_samples_leaf,params_et_min_samples_split,params_et_n_estimators,params_knn_metric,params_knn_n_neighbors,params_knn_weights,params_quantile_alpha,params_regressor,params_rf_max_depth,params_rf_max_features,params_rf_min_samples_leaf,params_rf_min_samples_split,params_rf_n_estimators,params_rfe_n_features,params_rfe_proxy_et_max_depth,params_rfe_proxy_et_min_samples_leaf,params_rfe_proxy_et_min_samples_split,params_rfe_proxy_et_n_estimators,params_rfe_proxy_lsvr_C,params_rfe_proxy_lsvr_epsilon,params_rfe_proxy_type,params_use_scaler,user_attrs_d2mae_ci_lower_val,user_attrs_d2mae_ci_upper_val,user_attrs_d2mae_df_val,user_attrs_d2mae_mean_val,user_attrs_d2mae_samperror_val,user_attrs_d2mae_std_val,user_attrs_d2mae_t_critical_val,user_attrs_mae_ci_lower_val,user_attrs_mae_ci_upper_val,user_attrs_mae_df_val,user_attrs_mae_mean_val,user_attrs_mae_samperror_val,user_attrs_mae_std_val,user_attrs_mae_t_critical_val,user_attrs_mape_ci_lower_val,user_attrs_mape_ci_upper_val,user_attrs_mape_df_val,user_attrs_mape_mean_val,user_attrs_mape_samperror_val,user_attrs_mape_std_val,user_attrs_mape_t_critical_val,user_attrs_max_error_ci_lower_val,user_attrs_max_error_ci_upper_val,user_attrs_max_error_df_val,user_attrs_max_error_mean_val,user_attrs_max_error_samperror_val,user_attrs_max_error_std_val,user_attrs_max_error_t_critical_val,user_attrs_median_ae_ci_lower_val,user_attrs_median_ae_ci_upper_val,user_attrs_median_ae_df_val,user_attrs_median_ae_mean_val,user_attrs_median_ae_samperror_val,user_attrs_median_ae_std_val,user_attrs_median_ae_t_critical_val,user_attrs_n_splits_val,user_attrs_r2_below_zero_val,user_attrs_r2_ci_lower_val,user_attrs_r2_ci_upper_val,user_attrs_r2_df_val,user_attrs_r2_mean_val,user_attrs_r2_samperror_val,user_attrs_r2_std_val,user_attrs_r2_t_critical_val,user_attrs_regressor_final,user_attrs_rfe_estimator,user_attrs_rfe_n_features,user_attrs_rfe_selected_features,user_attrs_rho_ci_lower_val,user_attrs_rho_ci_upper_val,user_attrs_rho_df_val,user_attrs_rho_mean_val,user_attrs_rho_samperror_val,user_attrs_rho_std_val,user_attrs_rho_t_critical_val,user_attrs_rmse_ci_lower_val,user_attrs_rmse_ci_upper_val,user_attrs_rmse_df_val,user_attrs_rmse_mean_val,user_attrs_rmse_samperror_val,user_attrs_rmse_std_val,user_attrs_rmse_t_critical_val,user_attrs_termination_reason,user_attrs_use_scaler_final,state
54,1.7285542006987877,2026-06-12 08:51:44.136163,2026-06-12 08:51:47.087950,0 days 00:00:02.951787,,,,,,,,,,,,,,,RandomForestRegressor,10.0,,5.0,7.0,264.0,11,,,,,,,,False,,,,,,,,,,,,,,,,,,,,,,,,,,,,,,,,,,,,,,,,,,,,,RandomForestRegressor,"{'mode': 'original', 'type': 'RandomForestRegressor'}",11,"['re_T6W30', 'pe_T6W30', 'l2_T6W30', 'l3_T6W30', 'z_re_T6W30', 'z_pe_T6W30', 'z_l1_T6W30', 'z_l2_T6W30', 'z_l3_T6W30', 'z_lsc_T6W30', 'z_density_T6W30']",,,,,,,,,,,,,,,pruned,False,PRUNED
55,1.7349970291146763,2026-06-12 08:51:47.098743,2026-06-12 08:51:49.394877,0 days 00:00:02.296134,,,,,,,,,,,,,,0.0711423526142679,QuantileRegressor,,,,,,14,,,,,,,,False,0.0,0.0,98.0,0.0,0.0,0.0,1.9844674545084815,1.7097615267403508,1.760232531489002,98.0,1.7349970291146763,0.025235502374325525,0.1265276876901327,1.9844674545084815,0.25983396043683077,0.2806349322602259,98.0,0.27023444634852833,0.010400485911697585,0.05214674999296774,1.9844674545084815,5.70097731382373,6.036396423550007,98.0,5.8686868686868685,0.16770955486313893,0.8408749651825216,1.9844674545084815,1.033280465877702,1.1485377159404797,98.0,1.0909090909090908,0.057628625031388776,0.2889427981985323,1.9844674545084815,99.0,0.9797979797979798,-0.009845695376372022,-0.006666757700651824,98.0,-0.008256226538511923,0.0015894688378600991,0.007969400161994435,1.9844674545084815,QuantileRegressor,"{'mode': 'original', 'type': 'QuantileRegressor'}",14,"['lsc_T6W30', 'atd_T6W30', 'density_T6W30', 'diameter_T6W30', 'asp_T6W30', 'z_re_T6W30', 'z_pe_T6W30', 'z_l1_T6W30', 'z_l2_T6W30', 'z_l3_T6W30', 'z_lsc_T6W30', 'z_density_T6W30', 'z_diameter_T6W30', 'z_asp_T6W30']",,,,,,,,2.2146203974868346,2.2936018858285863,98.0,2.2541111416577104,0.03949074417087585,0.1980017069201324,1.9844674545084815,completed,False,COMPLETE
56,1.786354266565483,2026-06-12 08:51:49.407936,2026-06-12 08:51:51.968067,0 days 00:00:02.560131,,,,,,,,,,,,,,0.00451780815885725,QuantileRegressor,,,,,,12,,,,,,,,False,-0.039670795785410634,-0.020845312395878012,98.0,-0.030258054090644325,0.009412741694766313,0.047194322656915755,1.9844674545084815,1.758922166090252,1.813786367040714,98.0,1.786354266565483,0.02743210047523099,0.13754115888517696,1.9844674545084815,0.27041180277189003,0.29113737795475436,98.0,0.2807745903633222,0.010362787591432181,0.05195773527781643,1.9844674545084815,5.816450657798755,6.161811247165988,98.0,5.9891309524823715,0.17268029468361673,0.8657976398440016,1.9844674545084815,1.4116912212713308,1.4818565217468116,98.0,1.4467738715090712,0.035082650237740334,0.17590006914778564,1.9844674545084815,99.0,0.6161616161616161,-0.04585298336664845,-0.013497042012846173,98.0,-0.029675012689747312,0.01617797067690114,0.08111434402628101,1.9844674545084815,QuantileRegressor,"{'mode': 'original', 'type': 'QuantileRegressor'}",12,"['nodes_T6W30', 'pe_T6W30', 'l3_T6W30', 'lsc_T6W30', 'z_pe_T6W30', 'z_l1_T6W30', 'z_l2_T6W30', 'z_l3_T6W30', 'z_lsc_T6W30', 'z_density_T6W30', 'z_diameter_T6W30', 'z_asp_T6W30']",0.05088875049282104,0.10414576025364244,93.0,0.07751725537323174,0.026628504880410707,0.13000941565198842,1.9858018143458227,2.23426983868645,2.3168464537006312,98.0,2.2755581461935406,0.04128830750709069,0.20701446715902594,1.9844674545084815,completed,False,COMPLETE
57,1.7700121164759146,2026-06-12 08:51:51.981437,2026-06-12 08:52:19.990180,0 days 00:00:28.008743,,,,,,11.0,log2,3.0,2.0,491.0,,,,,ExtraTreesRegressor,,,,,,8,,,,,,,,True,-0.02999354009652342,-0.012575299046792854,98.0,-0.021284419571658136,0.008709120524865282,0.04366645313734639,1.9844674545084815,1.7454833424687235,1.7945408904831057,98.0,1.7700121164759146,0.024528774007191004,0.12298423906794358,1.9844674545084815,0.2665697708370905,0.28692556648744943,98.0,0.27674766866226996,0.010177897825179492,0.05103072085763502,1.9844674545084815,5.768423126966817,6.0898471075780565,98.0,5.929135117272437,0.16071199030561956,0.8057900419742505,1.9844674545084815,1.3844624273009902,1.4404162237618956,98.0,1.412439325531443,0.027976898230452733,0.1402727074473769,1.9844674545084815,99.0,0.47474747474747475,-0.026945506174762247,0.0029247819752012023,98.0,-0.012010362099780523,0.014935144074981725,0.07488296516137537,1.9844674545084815,ExtraTreesRegressor,"{'mode': 'original', 'type': 'ExtraTreesRegressor'}",8,"['re_T6W30', 'pe_T6W30', 'l2_T6W30', 'l3_T6W30', 'lcc_T6W30', 'z_l2_T6W30', 'z_l3_T6W30', 'z_lsc_T6W30']",0.10820630094209513,0.15998864466034654,98.0,0.13409747280122084,0.025891171859125706,0.12981513339143766,1.9844674545084815,2.2176489411321976,2.290880426886271,98.0,2.254264684009234,0.03661574287703672,0.183586806022986,1.9844674545084815,completed,True,COMPLETE
58,2.206965028435617,2026-06-12 08:52:20.002812,2026-06-12 08:52:20.156528,0 days 00:00:00.153716,20.0,3.0,12.0,,,,,,,,,,,,DecisionTreeRegressor,,,,,,4,,,,,,,,False,,,,,,,,,,,,,,,,,,,,,,,,,,,,,,,,,,,,,,,,,,,,,DecisionTreeRegressor,"{'mode': 'original', 'type': 'DecisionTreeRegressor'}",4,"['re_T6W30', 'pe_T6W30', 'l2_T6W30', 'l3_T6W30']",,,,,,,,,,,,,,,pruned,False,PRUNED
59,1.7349970291146763,2026-06-12 08:52:20.166059,2026-06-12 08:52:22.547153,0 days 00:00:02.381094,,,,,,,,,,,,,,3.9547495154467516,QuantileRegressor,,,,,,9,,,,,,,,False,0.0,0.0,98.0,0.0,0.0,0.0,1.9844674545084815,1.7097615267403508,1.760232531489002,98.0,1.7349970291146763,0.025235502374325525,0.1265276876901327,1.9844674545084815,0.25983396043683077,0.2806349322602259,98.0,0.27023444634852833,0.010400485911697585,0.05214674999296774,1.9844674545084815,5.70097731382373,6.036396423550007,98.0,5.8686868686868685,0.16770955486313893,0.8408749651825216,1.9844674545084815,1.033280465877702,1.1485377159404797,98.0,1.0909090909090908,0.057628625031388776,0.2889427981985323,1.9844674545084815,99.0,0.9797979797979798,-0.009845695376372022,-0.006666757700651824,98.0,-0.008256226538511923,0.0015894688378600991,0.007969400161994435,1.9844674545084815,QuantileRegressor,"{'mode': 'original', 'type': 'QuantileRegressor'}",9,"['z_re_T6W30', 'z_pe_T6W30', 'z_l1_T6W30', 'z_l2_T6W30', 'z_l3_T6W30', 'z_lsc_T6W30', 'z_density_T6W30', 'z_diameter_T6W30', 'z_asp_T6W30']",,,,,,,,2.2146203974868346,2.2936018858285863,98.0,2.2541111416577104,0.03949074417087585,0.1980017069201324,1.9844674545084815,completed,False,COMPLETE
60,1.8429193899782137,2026-06-12 08:52:22.560165,2026-06-12 08:52:24.324646,0 days 00:00:01.764481,,,,,,,,,,,manhattan,10.0,uniform,,KNeighborsRegressor,,,,,,6,12.0,5.0,12.0,20.0,,,ExtraTrees,,-0.07593732920388425,-0.05205145784988653,98.0,-0.0639943935268854,0.011942935676998865,0.05988040234063475,1.9844674545084815,1.81695850002782,1.8688802799286075,98.0,1.8429193899782137,0.025960889950393792,0.13016469127807975,1.9844674545084815,0.2755461411046095,0.29590189799345923,98.0,0.28572401954903437,0.010177878444424887,0.051030623684928514,1.9844674545084815,5.957962936008609,6.314764336718661,98.0,6.136363636363635,0.17840070035502642,0.8944790463607735,1.9844674545084815,1.4842162260019576,1.5481070063212754,98.0,1.5161616161616165,0.03194539015965886,0.16017023514352707,1.9844674545084815,99.0,0.7575757575757576,-0.09779799355327531,-0.056330689852562045,98.0,-0.07706434170291868,0.02073365185035663,0.10395596596748874,1.9844674545084815,KNeighborsRegressor,"{'mode': 'proxy', 'type': 'ExtraTrees'}",6,"['re_T6W30', 'pe_T6W30', 'l2_T6W30', 'l3_T6W30', 'z_l1_T6W30', 'z_lsc_T6W30']",0.0490988246011074,0.1051383716088099,98.0,0.07711859810495865,0.02801977350385125,0.14048767876523408,1.9844674545084815,2.285424531416012,2.3612047993864302,98.0,2.323314665401221,0.03789013398520934,0.18997644541823727,1.9844674545084815,completed,True,COMPLETE
61,1.7349970291146763,2026-06-12 08:52:24.337161,2026-06-12 08:52:26.596335,0 days 00:00:02.259174,,,,,,,,,,,,,,0.38435228768365165,QuantileRegressor,,,,,,5,,,,,,,,False,0.0,0.0,98.0,0.0,0.0,0.0,1.9844674545084815,1.7097615267403508,1.760232531489002,98.0,1.7349970291146763,0.025235502374325525,0.1265276876901327,1.9844674545084815,0.25983396043683077,0.2806349322602259,98.0,0.27023444634852833,0.010400485911697585,0.05214674999296774,1.9844674545084815,5.70097731382373,6.036396423550007,98.0,5.8686868686868685,0.16770955486313893,0.8408749651825216,1.9844674545084815,1.033280465877702,1.1485377159404797,98.0,1.0909090909090908,0.057628625031388776,0.2889427981985323,1.9844674545084815,99.0,0.9797979797979798,-0.009845695376372022,-0.006666757700651824,98.0,-0.008256226538511923,0.0015894688378600991,0.007969400161994435,1.9844674545084815,QuantileRegressor,"{'mode': 'original', 'type': 'QuantileRegressor'}",5,"['z_l3_T6W30', 'z_lsc_T6W30', 'z_density_T6W30', 'z_diameter_T6W30', 'z_asp_T6W30']",,,,,,,,2.2146203974868346,2.2936018858285863,98.0,2.2541111416577104,0.03949074417087585,0.1980017069201324,1.9844674545084815,completed,False,COMPLETE
62,1.7349970291146763,2026-06-12 08:52:26.609308,2026-06-12 08:52:29.212794,0 days 00:00:02.603486,,,,,,,,,,,,,,1.9355398270804511,QuantileRegressor,,,,,,7,,,,,,,,False,0.0,0.0,98.0,0.0,0.0,0.0,1.9844674545084815,1.7097615267403508,1.760232531489002,98.0,1.7349970291146763,0.025235502374325525,0.1265276876901327,1.9844674545084815,0.25983396043683077,0.2806349322602259,98.0,0.27023444634852833,0.010400485911697585,0.05214674999296774,1.9844674545084815,5.70097731382373,6.036396423550007,98.0,5.8686868686868685,0.16770955486313893,0.8408749651825216,1.9844674545084815,1.033280465877702,1.1485377159404797,98.0,1.0909090909090908,0.057628625031388776,0.2889427981985323,1.9844674545084815,99.0,0.9797979797979798,-0.009845695376372022,-0.006666757700651824,98.0,-0.008256226538511923,0.0015894688378600991,0.007969400161994435,1.9844674545084815,QuantileRegressor,"{'mode': 'original', 'type': 'QuantileRegressor'}",7,"['z_l1_T6W30', 'z_l2_T6W30', 'z_l3_T6W30', 'z_lsc_T6W30', 'z_density_T6W30', 'z_diameter_T6W30', 'z_asp_T6W30']",,,,,,,,2.2146203974868346,2.2936018858285863,98.0,2.2541111416577104,0.03949074417087585,0.1980017069201324,1.9844674545084815,completed,False,COMPLETE
63,1.7349970291146763,2026-06-12 08:52:29.225306,2026-06-12 08:52:31.474464,0 days 00:00:02.249158,,,,,,,,,,,,,,0.6789353969133092,QuantileRegressor,,,,,,10,,,,,,,,False,0.0,0.0,98.0,0.0,0.0,0.0,1.9844674545084815,1.7097615267403508,1.760232531489002,98.0,1.7349970291146763,0.025235502374325525,0.1265276876901327,1.9844674545084815,0.25983396043683077,0.2806349322602259,98.0,0.27023444634852833,0.010400485911697585,0.05214674999296774,1.9844674545084815,5.70097731382373,6.036396423550007,98.0,5.8686868686868685,0.16770955486313893,0.8408749651825216,1.9844674545084815,1.033280465877702,1.1485377159404797,98.0,1.0909090909090908,0.057628625031388776,0.2889427981985323,1.9844674545084815,99.0,0.9797979797979798,-0.009845695376372022,-0.006666757700651824,98.0,-0.008256226538511923,0.0015894688378600991,0.007969400161994435,1.9844674545084815,QuantileRegressor,"{'mode': 'original', 'type': 'QuantileRegressor'}",10,"['asp_T6W30', 'z_re_T6W30', 'z_pe_T6W30', 'z_l1_T6W30', 'z_l2_T6W30', 'z_l3_T6W30', 'z_lsc_T6W30', 'z_density_T6W30', 'z_diameter_T6W30', 'z_asp_T6W30']",,,,,,,,2.2146203974868346,2.2936018858285863,98.0,2.2541111416577104,0.03949074417087585,0.1980017069201324,1.9844674545084815,completed,False,COMPLETE
64,1.7349970291146763,2026-06-12 08:52:31.486730,2026-06-12 08:52:33.941314,0 days 00:00:02.454584,,,,,,,,,,,,,,5.780683899448836,QuantileRegressor,,,,,,17,,,,,,,,False,0.0,0.0,98.0,0.0,0.0,0.0,1.9844674545084815,1.7097615267403508,1.760232531489002,98.0,1.7349970291146763,0.025235502374325525,0.1265276876901327,1.9844674545084815,0.25983396043683077,0.2806349322602259,98.0,0.27023444634852833,0.010400485911697585,0.05214674999296774,1.9844674545084815,5.70097731382373,6.036396423550007,98.0,5.8686868686868685,0.16770955486313893,0.8408749651825216,1.9844674545084815,1.033280465877702,1.1485377159404797,98.0,1.0909090909090908,0.057628625031388776,0.2889427981985323,1.9844674545084815,99.0,0.9797979797979798,-0.009845695376372022,-0.006666757700651824,98.0,-0.008256226538511923,0.0015894688378600991,0.007969400161994435,1.9844674545084815,QuantileRegressor,"{'mode': 'original', 'type': 'QuantileRegressor'}",17,"['l2_T6W30', 'l3_T6W30', 'lcc_T6W30', 'lsc_T6W30', 'atd_T6W30', 'density_T6W30', 'diameter_T6W30', 'asp_T6W30', 'z_re_T6W30', 'z_pe_T6W30', 'z_l1_T6W30', 'z_l2_T6W30', 'z_l3_T6W30', 'z_lsc_T6W30', 'z_density_T6W30', 'z_diameter_T6W30', 'z_asp_T6W30']",,,,,,,,2.2146203974868346,2.2936018858285863,98.0,2.2541111416577104,0.03949074417087585,0.1980017069201324,1.9844674545084815,completed,False,COMPLETE
65,1.7349970291146763,2026-06-12 08:52:33.955784,2026-06-12 08:52:36.189335,0 days 00:00:02.233551,,,,,,,,,,,,,,9.829865045831456,QuantileRegressor,,,,,,11,,,,,,,,False,0.0,0.0,98.0,0.0,0.0,0.0,1.9844674545084815,1.7097615267403508,1.760232531489002,98.0,1.7349970291146763,0.025235502374325525,0.1265276876901327,1.9844674545084815,0.25983396043683077,0.2806349322602259,98.0,0.27023444634852833,0.010400485911697585,0.05214674999296774,1.9844674545084815,5.70097731382373,6.036396423550007,98.0,5.8686868686868685,0.16770955486313893,0.8408749651825216,1.9844674545084815,1.033280465877702,1.1485377159404797,98.0,1.0909090909090908,0.057628625031388776,0.2889427981985323,1.9844674545084815,99.0,0.9797979797979798,-0.009845695376372022,-0.006666757700651824,98.0,-0.008256226538511923,0.0015894688378600991,0.007969400161994435,1.9844674545084815,QuantileRegressor,"{'mode': 'original', 'type': 'QuantileRegressor'}",11,"['diameter_T6W30', 'asp_T6W30', 'z_re_T6W30', 'z_pe_T6W30', 'z_l1_T6W30', 'z_l2_T6W30', 'z_l3_T6W30', 'z_lsc_T6W30', 'z_density_T6W30', 'z_diameter_T6W30', 'z_asp_T6W30']",,,,,,,,2.2146203974868346,2.2936018858285863,98.0,2.2541111416577104,0.03949074417087585,0.1980017069201324,1.9844674545084815,completed,False,COMPLETE
66,1.7349970291146763,2026-06-12 08:52:36.201991,2026-06-12 08:52:38.470629,0 days 00:00:02.268638,,,,,,,,,,,,,,1.8631269843932674,QuantileRegressor,,,,,,9,,,,,,,,False,0.0,0.0,98.0,0.0,0.0,0.0,1.9844674545084815,1.7097615267403508,1.760232531489002,98.0,1.7349970291146763,0.025235502374325525,0.1265276876901327,1.9844674545084815,0.25983396043683077,0.2806349322602259,98.0,0.27023444634852833,0.010400485911697585,0.05214674999296774,1.9844674545084815,5.70097731382373,6.036396423550007,98.0,5.8686868686868685,0.16770955486313893,0.8408749651825216,1.9844674545084815,1.033280465877702,1.1485377159404797,98.0,1.0909090909090908,0.057628625031388776,0.2889427981985323,1.9844674545084815,99.0,0.9797979797979798,-0.009845695376372022,-0.006666757700651824,98.0,-0.008256226538511923,0.0015894688378600991,0.007969400161994435,1.9844674545084815,QuantileRegressor,"{'mode': 'original', 'type': 'QuantileRegressor'}",9,"['z_re_T6W30', 'z_pe_T6W30', 'z_l1_T6W30', 'z_l2_T6W30', 'z_l3_T6W30', 'z_lsc_T6W30', 'z_density_T6W30', 'z_diameter_T6W30', 'z_asp_T6W30']",,,,,,,,2.2146203974868346,2.2936018858285863,98.0,2.2541111416577104,0.03949074417087585,0.1980017069201324,1.9844674545084815,completed,False,COMPLETE
67,1.6949377265036336,2026-06-12 08:52:38.483127,2026-06-12 08:52:38.633113,0 days 00:00:00.149986,,,,0.011459843843256665,0.5151049616733656,,,,,,,,,,ElasticNet,,,,,,12,,,,,,,,False,,,,,,,,,,,,,,,,,,,,,,,,,,,,,,,,,,,,,,,,,,,,,ElasticNet,"{'mode': 'original', 'type': 'ElasticNet'}",12,"['nodes_T6W30', 'edges_T6W30', 're_T6W30', 'pe_T6W30', 'l2_T6W30', 'lcc_T6W30', 'lsc_T6W30', 'z_re_T6W30', 'z_l2_T6W30', 'z_l3_T6W30', 'z_density_T6W30', 'z_asp_T6W30']",,,,,,,,,,,,,,,pruned,False,PRUNED
68,1.7795325144311283,2026-06-12 08:52:38.642841,2026-06-12 08:53:21.187365,0 days 00:00:42.544524,,,,,,,,,,,,,,,RandomForestRegressor,9.0,log2,3.0,8.0,488.0,6,,,,,,,,False,-0.03778885802030341,-0.016716514754826273,98.0,-0.027252686387564843,0.01053617163273857,0.05282706141618518,1.9844674545084815,1.755093054117688,1.8039719747445686,98.0,1.7795325144311283,0.024439460313440402,0.12253643125410643,1.9844674545084815,0.26728244973185894,0.2871252184291793,98.0,0.27720383408051913,0.009921384348660196,0.04974459401284654,1.9844674545084815,5.807586003708667,6.132796937525447,98.0,5.970191470617057,0.1626054669083904,0.8152836994687693,1.9844674545084815,1.410654957760217,1.4679190112399416,98.0,1.4392869845000793,0.02863202673986238,0.14355744076498345,1.9844674545084815,99.0,0.5353535353535354,-0.033839005387754216,0.0035135351702611697,98.0,-0.015162735108746524,0.018676270279007694,0.09364050923285616,1.9844674545084815,RandomForestRegressor,"{'mode': 'original', 'type': 'RandomForestRegressor'}",6,"['re_T6W30', 'pe_T6W30', 'l2_T6W30', 'l3_T6W30', 'z_l3_T6W30', 'z_lsc_T6W30']",0.14344761791063926,0.1951475156183588,98.0,0.16929756676449903,0.025849948853859772,0.12960844634163898,1.9844674545084815,2.2200276474781924,2.291144667853835,98.0,2.2555861576660137,0.035558510187821156,0.17828597208147662,1.9844674545084815,completed,False,COMPLETE
69,1.8059866858281584,2026-06-12 08:53:21.256146,2026-06-12 08:53:21.371204,0 days 00:00:00.115058,,,,,,,,,,,,,,,LinearRegression,,,,,,22,,,,,,,,True,,,,,,,,,,,,,,,,,,,,,,,,,,,,,,,,,,,,,,,,,,,,,LinearRegression,"{'mode': 'original', 'type': 'LinearRegression'}",22,"['nodes_T6W30', 'edges_T6W30', 're_T6W30', 'pe_T6W30', 'l1_T6W30', 'l2_T6W30', 'l3_T6W30', 'lcc_T6W30', 'lsc_T6W30', 'atd_T6W30', 'density_T6W30', 'diameter_T6W30', 'asp_T6W30', 'z_re_T6W30', 'z_pe_T6W30', 'z_l1_T6W30', 'z_l2_T6W30', 'z_l3_T6W30', 'z_lsc_T6W30', 'z_density_T6W30', 'z_diameter_T6W30', 'z_asp_T6W30']",,,,,,,,,,,,,,,pruned,True,PRUNED
70,1.7349970291146763,2026-06-12 08:53:21.382076,2026-06-12 08:53:23.619893,0 days 00:00:02.237817,,,,,,,,,,,,,,4.509842841852151,QuantileRegressor,,,,,,14,,,,,,,,False,0.0,0.0,98.0,0.0,0.0,0.0,1.9844674545084815,1.7097615267403508,1.760232531489002,98.0,1.7349970291146763,0.025235502374325525,0.1265276876901327,1.9844674545084815,0.25983396043683077,0.2806349322602259,98.0,0.27023444634852833,0.010400485911697585,0.05214674999296774,1.9844674545084815,5.70097731382373,6.036396423550007,98.0,5.8686868686868685,0.16770955486313893,0.8408749651825216,1.9844674545084815,1.033280465877702,1.1485377159404797,98.0,1.0909090909090908,0.057628625031388776,0.2889427981985323,1.9844674545084815,99.0,0.9797979797979798,-0.009845695376372022,-0.006666757700651824,98.0,-0.008256226538511923,0.0015894688378600991,0.007969400161994435,1.9844674545084815,QuantileRegressor,"{'mode': 'original', 'type': 'QuantileRegressor'}",14,"['lsc_T6W30', 'atd_T6W30', 'density_T6W30', 'diameter_T6W30', 'asp_T6W30', 'z_re_T6W30', 'z_pe_T6W30', 'z_l1_T6W30', 'z_l2_T6W30', 'z_l3_T6W30', 'z_lsc_T6W30', 'z_density_T6W30', 'z_diameter_T6W30', 'z_asp_T6W30']",,,,,,,,2.2146203974868346,2.2936018858285863,98.0,2.2541111416577104,0.03949074417087585,0.1980017069201324,1.9844674545084815,completed,False,COMPLETE
