number,value,datetime_start,datetime_complete,duration,params_dt_max_depth,params_dt_min_samples_leaf,params_dt_min_samples_split,params_elastic_alpha,params_elastic_l1_ratio,params_et_max_depth,params_et_max_features,params_et_min_samples_leaf,params_et_min_samples_split,params_et_n_estimators,params_knn_metric,params_knn_n_neighbors,params_knn_weights,params_quantile_alpha,params_regressor,params_rf_max_depth,params_rf_max_features,params_rf_min_samples_leaf,params_rf_min_samples_split,params_rf_n_estimators,params_rfe_n_features,params_rfe_proxy_et_max_depth,params_rfe_proxy_et_min_samples_leaf,params_rfe_proxy_et_min_samples_split,params_rfe_proxy_et_n_estimators,params_rfe_proxy_lsvr_C,params_rfe_proxy_lsvr_epsilon,params_rfe_proxy_type,params_use_scaler,user_attrs_d2mae_ci_lower_val,user_attrs_d2mae_ci_upper_val,user_attrs_d2mae_df_val,user_attrs_d2mae_mean_val,user_attrs_d2mae_samperror_val,user_attrs_d2mae_std_val,user_attrs_d2mae_t_critical_val,user_attrs_mae_ci_lower_val,user_attrs_mae_ci_upper_val,user_attrs_mae_df_val,user_attrs_mae_mean_val,user_attrs_mae_samperror_val,user_attrs_mae_std_val,user_attrs_mae_t_critical_val,user_attrs_mape_ci_lower_val,user_attrs_mape_ci_upper_val,user_attrs_mape_df_val,user_attrs_mape_mean_val,user_attrs_mape_samperror_val,user_attrs_mape_std_val,user_attrs_mape_t_critical_val,user_attrs_max_error_ci_lower_val,user_attrs_max_error_ci_upper_val,user_attrs_max_error_df_val,user_attrs_max_error_mean_val,user_attrs_max_error_samperror_val,user_attrs_max_error_std_val,user_attrs_max_error_t_critical_val,user_attrs_median_ae_ci_lower_val,user_attrs_median_ae_ci_upper_val,user_attrs_median_ae_df_val,user_attrs_median_ae_mean_val,user_attrs_median_ae_samperror_val,user_attrs_median_ae_std_val,user_attrs_median_ae_t_critical_val,user_attrs_n_splits_val,user_attrs_r2_below_zero_val,user_attrs_r2_ci_lower_val,user_attrs_r2_ci_upper_val,user_attrs_r2_df_val,user_attrs_r2_mean_val,user_attrs_r2_samperror_val,user_attrs_r2_std_val,user_attrs_r2_t_critical_val,user_attrs_regressor_final,user_attrs_rfe_estimator,user_attrs_rfe_n_features,user_attrs_rfe_selected_features,user_attrs_rho_ci_lower_val,user_attrs_rho_ci_upper_val,user_attrs_rho_df_val,user_attrs_rho_mean_val,user_attrs_rho_samperror_val,user_attrs_rho_std_val,user_attrs_rho_t_critical_val,user_attrs_rmse_ci_lower_val,user_attrs_rmse_ci_upper_val,user_attrs_rmse_df_val,user_attrs_rmse_mean_val,user_attrs_rmse_samperror_val,user_attrs_rmse_std_val,user_attrs_rmse_t_critical_val,user_attrs_termination_reason,user_attrs_use_scaler_final,state
104,1.7349970291146763,2026-06-12 08:54:59.377106,2026-06-12 08:55:01.523154,0 days 00:00:02.146048,,,,,,,,,,,,,,3.813148416111211,QuantileRegressor,,,,,,8,,,,,,,,False,0.0,0.0,98.0,0.0,0.0,0.0,1.9844674545084815,1.7097615267403508,1.760232531489002,98.0,1.7349970291146763,0.025235502374325525,0.1265276876901327,1.9844674545084815,0.25983396043683077,0.2806349322602259,98.0,0.27023444634852833,0.010400485911697585,0.05214674999296774,1.9844674545084815,5.70097731382373,6.036396423550007,98.0,5.8686868686868685,0.16770955486313893,0.8408749651825216,1.9844674545084815,1.033280465877702,1.1485377159404797,98.0,1.0909090909090908,0.057628625031388776,0.2889427981985323,1.9844674545084815,99.0,0.9797979797979798,-0.009845695376372022,-0.006666757700651824,98.0,-0.008256226538511923,0.0015894688378600991,0.007969400161994435,1.9844674545084815,QuantileRegressor,"{'mode': 'original', 'type': 'QuantileRegressor'}",8,"['z_pe_T6W30', 'z_l1_T6W30', 'z_l2_T6W30', 'z_l3_T6W30', 'z_lsc_T6W30', 'z_density_T6W30', 'z_diameter_T6W30', 'z_asp_T6W30']",,,,,,,,2.2146203974868346,2.2936018858285863,98.0,2.2541111416577104,0.03949074417087585,0.1980017069201324,1.9844674545084815,completed,False,COMPLETE
105,1.7349970291146763,2026-06-12 08:55:01.557669,2026-06-12 08:55:03.737242,0 days 00:00:02.179573,,,,,,,,,,,,,,0.900693955433623,QuantileRegressor,,,,,,7,,,,,,,,False,0.0,0.0,98.0,0.0,0.0,0.0,1.9844674545084815,1.7097615267403508,1.760232531489002,98.0,1.7349970291146763,0.025235502374325525,0.1265276876901327,1.9844674545084815,0.25983396043683077,0.2806349322602259,98.0,0.27023444634852833,0.010400485911697585,0.05214674999296774,1.9844674545084815,5.70097731382373,6.036396423550007,98.0,5.8686868686868685,0.16770955486313893,0.8408749651825216,1.9844674545084815,1.033280465877702,1.1485377159404797,98.0,1.0909090909090908,0.057628625031388776,0.2889427981985323,1.9844674545084815,99.0,0.9797979797979798,-0.009845695376372022,-0.006666757700651824,98.0,-0.008256226538511923,0.0015894688378600991,0.007969400161994435,1.9844674545084815,QuantileRegressor,"{'mode': 'original', 'type': 'QuantileRegressor'}",7,"['z_l1_T6W30', 'z_l2_T6W30', 'z_l3_T6W30', 'z_lsc_T6W30', 'z_density_T6W30', 'z_diameter_T6W30', 'z_asp_T6W30']",,,,,,,,2.2146203974868346,2.2936018858285863,98.0,2.2541111416577104,0.03949074417087585,0.1980017069201324,1.9844674545084815,completed,False,COMPLETE
106,1.746427864074923,2026-06-12 08:55:03.750416,2026-06-12 08:55:05.535558,0 days 00:00:01.785142,,,,5.694462782696772,0.7281272951248133,,,,,,,,,,ElasticNet,,,,,,5,,,,,,,,False,-0.006929990589016921,-0.006153986227407756,98.0,-0.006541988408212338,0.0003880021808045826,0.0019453949450944801,1.9844674545084815,1.7207864571086444,1.7720692710412014,98.0,1.746427864074923,0.025641406966278476,0.1285628431104926,1.9844674545084815,0.2649515644991853,0.286576518078214,98.0,0.27576404128869964,0.01081247678951438,0.05421242129787595,1.9844674545084815,5.729884355182948,6.04858606328747,98.0,5.889235209235209,0.15935085405226102,0.7989654731499785,1.9844674545084815,1.1339416758435712,1.2173425954407,98.0,1.1756421356421356,0.0417004597985643,0.20908094777204522,1.9844674545084815,99.0,1.0,-0.005710922460236731,-0.0033785820218229794,98.0,-0.004544752241029855,0.0011661702192068755,0.005847033243113108,1.9844674545084815,ElasticNet,"{'mode': 'original', 'type': 'ElasticNet'}",5,"['z_l3_T6W30', 'z_lsc_T6W30', 'z_density_T6W30', 'z_diameter_T6W30', 'z_asp_T6W30']",,,,,,,,2.2100458514374464,2.2906850879179124,98.0,2.2503654696776794,0.040319618240232794,0.20215757898585932,1.9844674545084815,completed,False,COMPLETE
107,1.7349970291146763,2026-06-12 08:55:05.548638,2026-06-12 08:55:07.829352,0 days 00:00:02.280714,,,,,,,,,,,,,,2.1823586041420797,QuantileRegressor,,,,,,12,,,,,,,,False,0.0,0.0,98.0,0.0,0.0,0.0,1.9844674545084815,1.7097615267403508,1.760232531489002,98.0,1.7349970291146763,0.025235502374325525,0.1265276876901327,1.9844674545084815,0.25983396043683077,0.2806349322602259,98.0,0.27023444634852833,0.010400485911697585,0.05214674999296774,1.9844674545084815,5.70097731382373,6.036396423550007,98.0,5.8686868686868685,0.16770955486313893,0.8408749651825216,1.9844674545084815,1.033280465877702,1.1485377159404797,98.0,1.0909090909090908,0.057628625031388776,0.2889427981985323,1.9844674545084815,99.0,0.9797979797979798,-0.009845695376372022,-0.006666757700651824,98.0,-0.008256226538511923,0.0015894688378600991,0.007969400161994435,1.9844674545084815,QuantileRegressor,"{'mode': 'original', 'type': 'QuantileRegressor'}",12,"['density_T6W30', 'diameter_T6W30', 'asp_T6W30', 'z_re_T6W30', 'z_pe_T6W30', 'z_l1_T6W30', 'z_l2_T6W30', 'z_l3_T6W30', 'z_lsc_T6W30', 'z_density_T6W30', 'z_diameter_T6W30', 'z_asp_T6W30']",,,,,,,,2.2146203974868346,2.2936018858285863,98.0,2.2541111416577104,0.03949074417087585,0.1980017069201324,1.9844674545084815,completed,False,COMPLETE
108,1.6855882590301632,2026-06-12 08:55:07.842138,2026-06-12 08:55:08.015723,0 days 00:00:00.173585,,,,,,,,,,,,,,,LinearRegression,,,,,,10,,,,,,,,False,,,,,,,,,,,,,,,,,,,,,,,,,,,,,,,,,,,,,,,,,,,,,LinearRegression,"{'mode': 'original', 'type': 'LinearRegression'}",10,"['nodes_T6W30', 'l1_T6W30', 'atd_T6W30', 'density_T6W30', 'diameter_T6W30', 'asp_T6W30', 'z_l1_T6W30', 'z_density_T6W30', 'z_diameter_T6W30', 'z_asp_T6W30']",,,,,,,,,,,,,,,pruned,False,PRUNED
109,1.7349970291146763,2026-06-12 08:55:08.024987,2026-06-12 08:55:10.385730,0 days 00:00:02.360743,,,,,,,,,,,,,,6.370630497371851,QuantileRegressor,,,,,,13,,,,,,,,True,0.0,0.0,98.0,0.0,0.0,0.0,1.9844674545084815,1.7097615267403508,1.760232531489002,98.0,1.7349970291146763,0.025235502374325525,0.1265276876901327,1.9844674545084815,0.25983396043683077,0.2806349322602259,98.0,0.27023444634852833,0.010400485911697585,0.05214674999296774,1.9844674545084815,5.70097731382373,6.036396423550007,98.0,5.8686868686868685,0.16770955486313893,0.8408749651825216,1.9844674545084815,1.033280465877702,1.1485377159404797,98.0,1.0909090909090908,0.057628625031388776,0.2889427981985323,1.9844674545084815,99.0,0.9797979797979798,-0.009845695376372022,-0.006666757700651824,98.0,-0.008256226538511923,0.0015894688378600991,0.007969400161994435,1.9844674545084815,QuantileRegressor,"{'mode': 'original', 'type': 'QuantileRegressor'}",13,"['atd_T6W30', 'density_T6W30', 'diameter_T6W30', 'asp_T6W30', 'z_re_T6W30', 'z_pe_T6W30', 'z_l1_T6W30', 'z_l2_T6W30', 'z_l3_T6W30', 'z_lsc_T6W30', 'z_density_T6W30', 'z_diameter_T6W30', 'z_asp_T6W30']",,,,,,,,2.2146203974868346,2.2936018858285863,98.0,2.2541111416577104,0.03949074417087585,0.1980017069201324,1.9844674545084815,completed,True,COMPLETE
110,1.6953763161300774,2026-06-12 08:55:10.399097,2026-06-12 08:55:13.137165,0 days 00:00:02.738068,,,,,,,,,,,,,,,RandomForestRegressor,7.0,log2,4.0,9.0,348.0,15,,,,,,,,False,,,,,,,,,,,,,,,,,,,,,,,,,,,,,,,,,,,,,,,,,,,,,RandomForestRegressor,"{'mode': 'original', 'type': 'RandomForestRegressor'}",15,"['nodes_T6W30', 're_T6W30', 'pe_T6W30', 'l2_T6W30', 'l3_T6W30', 'atd_T6W30', 'density_T6W30', 'z_re_T6W30', 'z_pe_T6W30', 'z_l1_T6W30', 'z_l2_T6W30', 'z_l3_T6W30', 'z_lsc_T6W30', 'z_density_T6W30', 'z_asp_T6W30']",,,,,,,,,,,,,,,pruned,False,PRUNED
111,1.7349970291146763,2026-06-12 08:55:13.147847,2026-06-12 08:55:15.381244,0 days 00:00:02.233397,,,,,,,,,,,,,,7.356211824976823,QuantileRegressor,,,,,,7,,,,,,,,False,0.0,0.0,98.0,0.0,0.0,0.0,1.9844674545084815,1.7097615267403508,1.760232531489002,98.0,1.7349970291146763,0.025235502374325525,0.1265276876901327,1.9844674545084815,0.25983396043683077,0.2806349322602259,98.0,0.27023444634852833,0.010400485911697585,0.05214674999296774,1.9844674545084815,5.70097731382373,6.036396423550007,98.0,5.8686868686868685,0.16770955486313893,0.8408749651825216,1.9844674545084815,1.033280465877702,1.1485377159404797,98.0,1.0909090909090908,0.057628625031388776,0.2889427981985323,1.9844674545084815,99.0,0.9797979797979798,-0.009845695376372022,-0.006666757700651824,98.0,-0.008256226538511923,0.0015894688378600991,0.007969400161994435,1.9844674545084815,QuantileRegressor,"{'mode': 'original', 'type': 'QuantileRegressor'}",7,"['z_l1_T6W30', 'z_l2_T6W30', 'z_l3_T6W30', 'z_lsc_T6W30', 'z_density_T6W30', 'z_diameter_T6W30', 'z_asp_T6W30']",,,,,,,,2.2146203974868346,2.2936018858285863,98.0,2.2541111416577104,0.03949074417087585,0.1980017069201324,1.9844674545084815,completed,False,COMPLETE
112,1.7349970291146763,2026-06-12 08:55:15.393945,2026-06-12 08:55:17.629740,0 days 00:00:02.235795,,,,,,,,,,,,,,9.852223988008936,QuantileRegressor,,,,,,9,,,,,,,,False,0.0,0.0,98.0,0.0,0.0,0.0,1.9844674545084815,1.7097615267403508,1.760232531489002,98.0,1.7349970291146763,0.025235502374325525,0.1265276876901327,1.9844674545084815,0.25983396043683077,0.2806349322602259,98.0,0.27023444634852833,0.010400485911697585,0.05214674999296774,1.9844674545084815,5.70097731382373,6.036396423550007,98.0,5.8686868686868685,0.16770955486313893,0.8408749651825216,1.9844674545084815,1.033280465877702,1.1485377159404797,98.0,1.0909090909090908,0.057628625031388776,0.2889427981985323,1.9844674545084815,99.0,0.9797979797979798,-0.009845695376372022,-0.006666757700651824,98.0,-0.008256226538511923,0.0015894688378600991,0.007969400161994435,1.9844674545084815,QuantileRegressor,"{'mode': 'original', 'type': 'QuantileRegressor'}",9,"['z_re_T6W30', 'z_pe_T6W30', 'z_l1_T6W30', 'z_l2_T6W30', 'z_l3_T6W30', 'z_lsc_T6W30', 'z_density_T6W30', 'z_diameter_T6W30', 'z_asp_T6W30']",,,,,,,,2.2146203974868346,2.2936018858285863,98.0,2.2541111416577104,0.03949074417087585,0.1980017069201324,1.9844674545084815,completed,False,COMPLETE
113,1.7349970291146763,2026-06-12 08:55:17.643382,2026-06-12 08:55:19.776138,0 days 00:00:02.132756,,,,,,,,,,,,,,4.3140016623312505,QuantileRegressor,,,,,,6,,,,,,,,False,0.0,0.0,98.0,0.0,0.0,0.0,1.9844674545084815,1.7097615267403508,1.760232531489002,98.0,1.7349970291146763,0.025235502374325525,0.1265276876901327,1.9844674545084815,0.25983396043683077,0.2806349322602259,98.0,0.27023444634852833,0.010400485911697585,0.05214674999296774,1.9844674545084815,5.70097731382373,6.036396423550007,98.0,5.8686868686868685,0.16770955486313893,0.8408749651825216,1.9844674545084815,1.033280465877702,1.1485377159404797,98.0,1.0909090909090908,0.057628625031388776,0.2889427981985323,1.9844674545084815,99.0,0.9797979797979798,-0.009845695376372022,-0.006666757700651824,98.0,-0.008256226538511923,0.0015894688378600991,0.007969400161994435,1.9844674545084815,QuantileRegressor,"{'mode': 'original', 'type': 'QuantileRegressor'}",6,"['z_l2_T6W30', 'z_l3_T6W30', 'z_lsc_T6W30', 'z_density_T6W30', 'z_diameter_T6W30', 'z_asp_T6W30']",,,,,,,,2.2146203974868346,2.2936018858285863,98.0,2.2541111416577104,0.03949074417087585,0.1980017069201324,1.9844674545084815,completed,False,COMPLETE
114,1.7349970291146763,2026-06-12 08:55:19.788193,2026-06-12 08:55:22.073110,0 days 00:00:02.284917,,,,,,,,,,,,,,4.431384898594523,QuantileRegressor,,,,,,11,,,,,,,,False,0.0,0.0,98.0,0.0,0.0,0.0,1.9844674545084815,1.7097615267403508,1.760232531489002,98.0,1.7349970291146763,0.025235502374325525,0.1265276876901327,1.9844674545084815,0.25983396043683077,0.2806349322602259,98.0,0.27023444634852833,0.010400485911697585,0.05214674999296774,1.9844674545084815,5.70097731382373,6.036396423550007,98.0,5.8686868686868685,0.16770955486313893,0.8408749651825216,1.9844674545084815,1.033280465877702,1.1485377159404797,98.0,1.0909090909090908,0.057628625031388776,0.2889427981985323,1.9844674545084815,99.0,0.9797979797979798,-0.009845695376372022,-0.006666757700651824,98.0,-0.008256226538511923,0.0015894688378600991,0.007969400161994435,1.9844674545084815,QuantileRegressor,"{'mode': 'original', 'type': 'QuantileRegressor'}",11,"['diameter_T6W30', 'asp_T6W30', 'z_re_T6W30', 'z_pe_T6W30', 'z_l1_T6W30', 'z_l2_T6W30', 'z_l3_T6W30', 'z_lsc_T6W30', 'z_density_T6W30', 'z_diameter_T6W30', 'z_asp_T6W30']",,,,,,,,2.2146203974868346,2.2936018858285863,98.0,2.2541111416577104,0.03949074417087585,0.1980017069201324,1.9844674545084815,completed,False,COMPLETE
115,1.7349970291146763,2026-06-12 08:55:22.085411,2026-06-12 08:55:24.396602,0 days 00:00:02.311191,,,,,,,,,,,,,,0.6146926913891221,QuantileRegressor,,,,,,8,,,,,,,,False,0.0,0.0,98.0,0.0,0.0,0.0,1.9844674545084815,1.7097615267403508,1.760232531489002,98.0,1.7349970291146763,0.025235502374325525,0.1265276876901327,1.9844674545084815,0.25983396043683077,0.2806349322602259,98.0,0.27023444634852833,0.010400485911697585,0.05214674999296774,1.9844674545084815,5.70097731382373,6.036396423550007,98.0,5.8686868686868685,0.16770955486313893,0.8408749651825216,1.9844674545084815,1.033280465877702,1.1485377159404797,98.0,1.0909090909090908,0.057628625031388776,0.2889427981985323,1.9844674545084815,99.0,0.9797979797979798,-0.009845695376372022,-0.006666757700651824,98.0,-0.008256226538511923,0.0015894688378600991,0.007969400161994435,1.9844674545084815,QuantileRegressor,"{'mode': 'original', 'type': 'QuantileRegressor'}",8,"['z_pe_T6W30', 'z_l1_T6W30', 'z_l2_T6W30', 'z_l3_T6W30', 'z_lsc_T6W30', 'z_density_T6W30', 'z_diameter_T6W30', 'z_asp_T6W30']",,,,,,,,2.2146203974868346,2.2936018858285863,98.0,2.2541111416577104,0.03949074417087585,0.1980017069201324,1.9844674545084815,completed,False,COMPLETE
116,1.7779581860017433,2026-06-12 08:55:24.409916,2026-06-12 08:55:26.832150,0 days 00:00:02.422234,,,,,,,,,,,,,,0.007479037838436921,QuantileRegressor,,,,,,12,,,,,,,,False,-0.03314131096212308,-0.0175827457257671,98.0,-0.025362028343945093,0.007779282618177993,0.0390043608788038,1.9844674545084815,1.7518728407449198,1.8040435312585668,98.0,1.7779581860017433,0.026085345256823492,0.13078869479145294,1.9844674545084815,0.26901805414575886,0.2898268530956063,98.0,0.2794224536206826,0.010404399474923694,0.05216637211494034,1.9844674545084815,5.762076189557092,6.108261268040856,98.0,5.935168728798974,0.17309253924188175,0.8678645830713012,1.9844674545084815,1.3362124819549033,1.4405273995921468,98.0,1.388369940773525,0.05215745881862171,0.26151104750059123,1.9844674545084815,99.0,0.7474747474747475,-0.03546453579014842,-0.010902771408875973,98.0,-0.023183653599512195,0.012280882190636222,0.06157482436161183,1.9844674545084815,QuantileRegressor,"{'mode': 'original', 'type': 'QuantileRegressor'}",12,"['re_T6W30', 'pe_T6W30', 'l3_T6W30', 'lsc_T6W30', 'z_re_T6W30', 'z_l1_T6W30', 'z_l2_T6W30', 'z_l3_T6W30', 'z_lsc_T6W30', 'z_density_T6W30', 'z_diameter_T6W30', 'z_asp_T6W30']",0.027173380640510437,0.08043309446493184,74.0,0.053803237552721137,0.0266298569122107,0.1157421789832746,1.992543495180932,2.2289896695438323,2.309530955898465,98.0,2.2692603127211486,0.040270643177316184,0.2019120240778016,1.9844674545084815,completed,False,COMPLETE
117,1.7349970291146763,2026-06-12 08:55:26.844907,2026-06-12 08:55:29.171492,0 days 00:00:02.326585,,,,,,,,,,,,,,0.060561576387805835,QuantileRegressor,,,,,,14,,,,,,,,False,0.0,0.0,98.0,0.0,0.0,0.0,1.9844674545084815,1.7097615267403508,1.760232531489002,98.0,1.7349970291146763,0.025235502374325525,0.1265276876901327,1.9844674545084815,0.25983396043683077,0.2806349322602259,98.0,0.27023444634852833,0.010400485911697585,0.05214674999296774,1.9844674545084815,5.70097731382373,6.036396423550007,98.0,5.8686868686868685,0.16770955486313893,0.8408749651825216,1.9844674545084815,1.033280465877702,1.1485377159404797,98.0,1.0909090909090908,0.057628625031388776,0.2889427981985323,1.9844674545084815,99.0,0.9797979797979798,-0.009845695376372022,-0.006666757700651824,98.0,-0.008256226538511923,0.0015894688378600991,0.007969400161994435,1.9844674545084815,QuantileRegressor,"{'mode': 'original', 'type': 'QuantileRegressor'}",14,"['lsc_T6W30', 'atd_T6W30', 'density_T6W30', 'diameter_T6W30', 'asp_T6W30', 'z_re_T6W30', 'z_pe_T6W30', 'z_l1_T6W30', 'z_l2_T6W30', 'z_l3_T6W30', 'z_lsc_T6W30', 'z_density_T6W30', 'z_diameter_T6W30', 'z_asp_T6W30']",,,,,,,,2.2146203974868346,2.2936018858285863,98.0,2.2541111416577104,0.03949074417087585,0.1980017069201324,1.9844674545084815,completed,False,COMPLETE
118,1.7349970291146763,2026-06-12 08:55:29.183954,2026-06-12 08:55:31.444992,0 days 00:00:02.261038,,,,,,,,,,,,,,2.969245708818057,QuantileRegressor,,,,,,7,,,,,,,,False,0.0,0.0,98.0,0.0,0.0,0.0,1.9844674545084815,1.7097615267403508,1.760232531489002,98.0,1.7349970291146763,0.025235502374325525,0.1265276876901327,1.9844674545084815,0.25983396043683077,0.2806349322602259,98.0,0.27023444634852833,0.010400485911697585,0.05214674999296774,1.9844674545084815,5.70097731382373,6.036396423550007,98.0,5.8686868686868685,0.16770955486313893,0.8408749651825216,1.9844674545084815,1.033280465877702,1.1485377159404797,98.0,1.0909090909090908,0.057628625031388776,0.2889427981985323,1.9844674545084815,99.0,0.9797979797979798,-0.009845695376372022,-0.006666757700651824,98.0,-0.008256226538511923,0.0015894688378600991,0.007969400161994435,1.9844674545084815,QuantileRegressor,"{'mode': 'original', 'type': 'QuantileRegressor'}",7,"['z_l1_T6W30', 'z_l2_T6W30', 'z_l3_T6W30', 'z_lsc_T6W30', 'z_density_T6W30', 'z_diameter_T6W30', 'z_asp_T6W30']",,,,,,,,2.2146203974868346,2.2936018858285863,98.0,2.2541111416577104,0.03949074417087585,0.1980017069201324,1.9844674545084815,completed,False,COMPLETE
119,1.7749689289504842,2026-06-12 08:55:31.457554,2026-06-12 08:55:43.090166,0 days 00:00:11.632612,,,,,,15.0,,5.0,5.0,193.0,,,,,ExtraTreesRegressor,,,,,,5,,,,,,,,False,-0.03403398390860457,-0.01476485386249544,98.0,-0.024399418885550004,0.009634565023054565,0.04830651738907201,1.9844674545084815,1.7505613474705188,1.7993765104304495,98.0,1.7749689289504842,0.024407581479965315,0.12237659472594739,1.9844674545084815,0.26708515876532696,0.2872140452550154,98.0,0.2771496020101712,0.01006444324484422,0.050461873624291206,1.9844674545084815,5.880111052858843,6.244391404868927,98.0,6.062251228863885,0.1821401760050422,0.9132283147585933,1.9844674545084815,1.3993309660240696,1.4585679114279388,98.0,1.4289494387260042,0.029618472701934708,0.14850335881174537,1.9844674545084815,99.0,0.494949494949495,-0.03202832636279166,0.0026965848541255586,98.0,-0.01466587075433305,0.01736245560845861,0.08705320497189266,1.9844674545084815,ExtraTreesRegressor,"{'mode': 'original', 'type': 'ExtraTreesRegressor'}",5,"['re_T6W30', 'pe_T6W30', 'l3_T6W30', 'z_l3_T6W30', 'z_lsc_T6W30']",0.11350021112557497,0.16962355604503848,98.0,0.14156188358530672,0.02806167245973175,0.14069775494781026,1.9844674545084815,2.2194836540368796,2.2929223747232297,98.0,2.2562030143800547,0.03671936034317498,0.18410633118243452,1.9844674545084815,completed,False,COMPLETE
