number,value,datetime_start,datetime_complete,duration,params_dt_max_depth,params_dt_min_samples_leaf,params_dt_min_samples_split,params_elastic_alpha,params_elastic_l1_ratio,params_et_max_depth,params_et_max_features,params_et_min_samples_leaf,params_et_min_samples_split,params_et_n_estimators,params_knn_metric,params_knn_n_neighbors,params_knn_weights,params_quantile_alpha,params_regressor,params_rf_max_depth,params_rf_max_features,params_rf_min_samples_leaf,params_rf_min_samples_split,params_rf_n_estimators,params_rfe_n_features,params_rfe_proxy_et_max_depth,params_rfe_proxy_et_min_samples_leaf,params_rfe_proxy_et_min_samples_split,params_rfe_proxy_et_n_estimators,params_rfe_proxy_lsvr_C,params_rfe_proxy_lsvr_epsilon,params_rfe_proxy_type,params_use_scaler,user_attrs_d2mae_ci_lower_val,user_attrs_d2mae_ci_upper_val,user_attrs_d2mae_df_val,user_attrs_d2mae_mean_val,user_attrs_d2mae_samperror_val,user_attrs_d2mae_std_val,user_attrs_d2mae_t_critical_val,user_attrs_mae_ci_lower_val,user_attrs_mae_ci_upper_val,user_attrs_mae_df_val,user_attrs_mae_mean_val,user_attrs_mae_samperror_val,user_attrs_mae_std_val,user_attrs_mae_t_critical_val,user_attrs_mape_ci_lower_val,user_attrs_mape_ci_upper_val,user_attrs_mape_df_val,user_attrs_mape_mean_val,user_attrs_mape_samperror_val,user_attrs_mape_std_val,user_attrs_mape_t_critical_val,user_attrs_max_error_ci_lower_val,user_attrs_max_error_ci_upper_val,user_attrs_max_error_df_val,user_attrs_max_error_mean_val,user_attrs_max_error_samperror_val,user_attrs_max_error_std_val,user_attrs_max_error_t_critical_val,user_attrs_median_ae_ci_lower_val,user_attrs_median_ae_ci_upper_val,user_attrs_median_ae_df_val,user_attrs_median_ae_mean_val,user_attrs_median_ae_samperror_val,user_attrs_median_ae_std_val,user_attrs_median_ae_t_critical_val,user_attrs_n_splits_val,user_attrs_r2_below_zero_val,user_attrs_r2_ci_lower_val,user_attrs_r2_ci_upper_val,user_attrs_r2_df_val,user_attrs_r2_mean_val,user_attrs_r2_samperror_val,user_attrs_r2_std_val,user_attrs_r2_t_critical_val,user_attrs_regressor_final,user_attrs_rfe_estimator,user_attrs_rfe_n_features,user_attrs_rfe_selected_features,user_attrs_rho_ci_lower_val,user_attrs_rho_ci_upper_val,user_attrs_rho_df_val,user_attrs_rho_mean_val,user_attrs_rho_samperror_val,user_attrs_rho_std_val,user_attrs_rho_t_critical_val,user_attrs_rmse_ci_lower_val,user_attrs_rmse_ci_upper_val,user_attrs_rmse_df_val,user_attrs_rmse_mean_val,user_attrs_rmse_samperror_val,user_attrs_rmse_std_val,user_attrs_rmse_t_critical_val,user_attrs_termination_reason,user_attrs_use_scaler_final,state
153,1.7349970291146763,2026-06-12 08:56:53.398600,2026-06-12 08:56:55.652361,0 days 00:00:02.253761,,,,,,,,,,,,,,0.294906368923024,QuantileRegressor,,,,,,12,,,,,,,,False,0.0,0.0,98.0,0.0,0.0,0.0,1.9844674545084815,1.7097615267403508,1.760232531489002,98.0,1.7349970291146763,0.025235502374325525,0.1265276876901327,1.9844674545084815,0.25983396043683077,0.2806349322602259,98.0,0.27023444634852833,0.010400485911697585,0.05214674999296774,1.9844674545084815,5.70097731382373,6.036396423550007,98.0,5.8686868686868685,0.16770955486313893,0.8408749651825216,1.9844674545084815,1.033280465877702,1.1485377159404797,98.0,1.0909090909090908,0.057628625031388776,0.2889427981985323,1.9844674545084815,99.0,0.9797979797979798,-0.009845695376372022,-0.006666757700651824,98.0,-0.008256226538511923,0.0015894688378600991,0.007969400161994435,1.9844674545084815,QuantileRegressor,"{'mode': 'original', 'type': 'QuantileRegressor'}",12,"['density_T6W30', 'diameter_T6W30', 'asp_T6W30', 'z_re_T6W30', 'z_pe_T6W30', 'z_l1_T6W30', 'z_l2_T6W30', 'z_l3_T6W30', 'z_lsc_T6W30', 'z_density_T6W30', 'z_diameter_T6W30', 'z_asp_T6W30']",,,,,,,,2.2146203974868346,2.2936018858285863,98.0,2.2541111416577104,0.03949074417087585,0.1980017069201324,1.9844674545084815,completed,False,COMPLETE
154,1.8479042482462398,2026-06-12 08:56:55.665229,2026-06-12 08:56:57.744478,0 days 00:00:02.079249,,,,,,,,,,,euclidean,6.0,distance,,KNeighborsRegressor,,,,,,13,,,,,0.1120208470071885,0.008967152917200912,LinearSVR,,-0.0802052747028122,-0.05264901677362501,98.0,-0.0664271457382186,0.013778128964593595,0.06908183450154373,1.9844674545084815,1.8174753549788785,1.878333141513601,98.0,1.8479042482462398,0.030428893267361392,0.15256670729115954,1.9844674545084815,0.2729236651406029,0.2941512628303327,98.0,0.2835374639854678,0.010613798844864915,0.05321627465658298,1.9844674545084815,6.027412017348034,6.456940472028132,98.0,6.242176244688083,0.21476422734004882,1.0768012730961387,1.9844674545084815,1.4372656637175207,1.5159804008875655,98.0,1.476623032302543,0.03935736858502245,0.19733297822902,1.9844674545084815,99.0,0.7676767676767676,-0.12408718604367591,-0.07438452313332788,98.0,-0.0992358545885019,0.02485133145517402,0.12460150221710299,1.9844674545084815,KNeighborsRegressor,"{'mode': 'proxy', 'type': 'LinearSVR'}",13,"['re_T6W30', 'pe_T6W30', 'l1_T6W30', 'l3_T6W30', 'lsc_T6W30', 'density_T6W30', 'z_re_T6W30', 'z_l2_T6W30', 'z_l3_T6W30', 'z_lsc_T6W30', 'z_density_T6W30', 'z_diameter_T6W30', 'z_asp_T6W30']",0.06784948403117368,0.12454266644845848,98.0,0.09619607523981608,0.028346591208642403,0.1421263023151061,1.9844674545084815,2.3058927683645174,2.3857198611126136,98.0,2.3458063147385655,0.03991354637404793,0.2001215848731897,1.9844674545084815,completed,True,COMPLETE
155,1.7349970291146763,2026-06-12 08:56:57.758042,2026-06-12 08:57:00.043599,0 days 00:00:02.285557,,,,,,,,,,,,,,7.949530779913007,QuantileRegressor,,,,,,9,,,,,,,,False,0.0,0.0,98.0,0.0,0.0,0.0,1.9844674545084815,1.7097615267403508,1.760232531489002,98.0,1.7349970291146763,0.025235502374325525,0.1265276876901327,1.9844674545084815,0.25983396043683077,0.2806349322602259,98.0,0.27023444634852833,0.010400485911697585,0.05214674999296774,1.9844674545084815,5.70097731382373,6.036396423550007,98.0,5.8686868686868685,0.16770955486313893,0.8408749651825216,1.9844674545084815,1.033280465877702,1.1485377159404797,98.0,1.0909090909090908,0.057628625031388776,0.2889427981985323,1.9844674545084815,99.0,0.9797979797979798,-0.009845695376372022,-0.006666757700651824,98.0,-0.008256226538511923,0.0015894688378600991,0.007969400161994435,1.9844674545084815,QuantileRegressor,"{'mode': 'original', 'type': 'QuantileRegressor'}",9,"['z_re_T6W30', 'z_pe_T6W30', 'z_l1_T6W30', 'z_l2_T6W30', 'z_l3_T6W30', 'z_lsc_T6W30', 'z_density_T6W30', 'z_diameter_T6W30', 'z_asp_T6W30']",,,,,,,,2.2146203974868346,2.2936018858285863,98.0,2.2541111416577104,0.03949074417087585,0.1980017069201324,1.9844674545084815,completed,False,COMPLETE
156,1.7349970291146763,2026-06-12 08:57:00.056621,2026-06-12 08:57:02.449756,0 days 00:00:02.393135,,,,,,,,,,,,,,9.997114747829508,QuantileRegressor,,,,,,11,,,,,,,,False,0.0,0.0,98.0,0.0,0.0,0.0,1.9844674545084815,1.7097615267403508,1.760232531489002,98.0,1.7349970291146763,0.025235502374325525,0.1265276876901327,1.9844674545084815,0.25983396043683077,0.2806349322602259,98.0,0.27023444634852833,0.010400485911697585,0.05214674999296774,1.9844674545084815,5.70097731382373,6.036396423550007,98.0,5.8686868686868685,0.16770955486313893,0.8408749651825216,1.9844674545084815,1.033280465877702,1.1485377159404797,98.0,1.0909090909090908,0.057628625031388776,0.2889427981985323,1.9844674545084815,99.0,0.9797979797979798,-0.009845695376372022,-0.006666757700651824,98.0,-0.008256226538511923,0.0015894688378600991,0.007969400161994435,1.9844674545084815,QuantileRegressor,"{'mode': 'original', 'type': 'QuantileRegressor'}",11,"['diameter_T6W30', 'asp_T6W30', 'z_re_T6W30', 'z_pe_T6W30', 'z_l1_T6W30', 'z_l2_T6W30', 'z_l3_T6W30', 'z_lsc_T6W30', 'z_density_T6W30', 'z_diameter_T6W30', 'z_asp_T6W30']",,,,,,,,2.2146203974868346,2.2936018858285863,98.0,2.2541111416577104,0.03949074417087585,0.1980017069201324,1.9844674545084815,completed,False,COMPLETE
157,1.7349970291146763,2026-06-12 08:57:02.462549,2026-06-12 08:57:04.817109,0 days 00:00:02.354560,,,,,,,,,,,,,,1.532070710760232,QuantileRegressor,,,,,,6,,,,,,,,False,0.0,0.0,98.0,0.0,0.0,0.0,1.9844674545084815,1.7097615267403508,1.760232531489002,98.0,1.7349970291146763,0.025235502374325525,0.1265276876901327,1.9844674545084815,0.25983396043683077,0.2806349322602259,98.0,0.27023444634852833,0.010400485911697585,0.05214674999296774,1.9844674545084815,5.70097731382373,6.036396423550007,98.0,5.8686868686868685,0.16770955486313893,0.8408749651825216,1.9844674545084815,1.033280465877702,1.1485377159404797,98.0,1.0909090909090908,0.057628625031388776,0.2889427981985323,1.9844674545084815,99.0,0.9797979797979798,-0.009845695376372022,-0.006666757700651824,98.0,-0.008256226538511923,0.0015894688378600991,0.007969400161994435,1.9844674545084815,QuantileRegressor,"{'mode': 'original', 'type': 'QuantileRegressor'}",6,"['z_l2_T6W30', 'z_l3_T6W30', 'z_lsc_T6W30', 'z_density_T6W30', 'z_diameter_T6W30', 'z_asp_T6W30']",,,,,,,,2.2146203974868346,2.2936018858285863,98.0,2.2541111416577104,0.03949074417087585,0.1980017069201324,1.9844674545084815,completed,False,COMPLETE
158,1.7349970291146763,2026-06-12 08:57:04.830871,2026-06-12 08:57:07.084162,0 days 00:00:02.253291,,,,,,,,,,,,,,0.575629959247531,QuantileRegressor,,,,,,10,,,,,,,,False,0.0,0.0,98.0,0.0,0.0,0.0,1.9844674545084815,1.7097615267403508,1.760232531489002,98.0,1.7349970291146763,0.025235502374325525,0.1265276876901327,1.9844674545084815,0.25983396043683077,0.2806349322602259,98.0,0.27023444634852833,0.010400485911697585,0.05214674999296774,1.9844674545084815,5.70097731382373,6.036396423550007,98.0,5.8686868686868685,0.16770955486313893,0.8408749651825216,1.9844674545084815,1.033280465877702,1.1485377159404797,98.0,1.0909090909090908,0.057628625031388776,0.2889427981985323,1.9844674545084815,99.0,0.9797979797979798,-0.009845695376372022,-0.006666757700651824,98.0,-0.008256226538511923,0.0015894688378600991,0.007969400161994435,1.9844674545084815,QuantileRegressor,"{'mode': 'original', 'type': 'QuantileRegressor'}",10,"['asp_T6W30', 'z_re_T6W30', 'z_pe_T6W30', 'z_l1_T6W30', 'z_l2_T6W30', 'z_l3_T6W30', 'z_lsc_T6W30', 'z_density_T6W30', 'z_diameter_T6W30', 'z_asp_T6W30']",,,,,,,,2.2146203974868346,2.2936018858285863,98.0,2.2541111416577104,0.03949074417087585,0.1980017069201324,1.9844674545084815,completed,False,COMPLETE
159,1.7349970291146763,2026-06-12 08:57:07.109468,2026-06-12 08:57:09.322101,0 days 00:00:02.212633,,,,,,,,,,,,,,0.035018149678067996,QuantileRegressor,,,,,,11,,,,,,,,False,0.0,0.0,98.0,0.0,0.0,0.0,1.9844674545084815,1.7097615267403508,1.760232531489002,98.0,1.7349970291146763,0.025235502374325525,0.1265276876901327,1.9844674545084815,0.25983396043683077,0.2806349322602259,98.0,0.27023444634852833,0.010400485911697585,0.05214674999296774,1.9844674545084815,5.70097731382373,6.036396423550007,98.0,5.8686868686868685,0.16770955486313893,0.8408749651825216,1.9844674545084815,1.033280465877702,1.1485377159404797,98.0,1.0909090909090908,0.057628625031388776,0.2889427981985323,1.9844674545084815,99.0,0.9797979797979798,-0.009845695376372022,-0.006666757700651824,98.0,-0.008256226538511923,0.0015894688378600991,0.007969400161994435,1.9844674545084815,QuantileRegressor,"{'mode': 'original', 'type': 'QuantileRegressor'}",11,"['diameter_T6W30', 'asp_T6W30', 'z_re_T6W30', 'z_pe_T6W30', 'z_l1_T6W30', 'z_l2_T6W30', 'z_l3_T6W30', 'z_lsc_T6W30', 'z_density_T6W30', 'z_diameter_T6W30', 'z_asp_T6W30']",,,,,,,,2.2146203974868346,2.2936018858285863,98.0,2.2541111416577104,0.03949074417087585,0.1980017069201324,1.9844674545084815,completed,False,COMPLETE
160,1.7660376567013607,2026-06-12 08:57:09.360400,2026-06-12 08:57:11.244525,0 days 00:00:01.884125,,,,0.0013024366432403058,0.6843244327062211,,,,,,,,,,ElasticNet,,,,,,7,,,,,,,,False,-0.028397883671683583,-0.00931885359620621,98.0,-0.018858368633944897,0.009539515037738687,0.0478299485188111,1.9844674545084815,1.740087397148325,1.7919879162543964,98.0,1.7660376567013607,0.02595025955303571,0.13011139178053086,1.9844674545084815,0.2648144433716205,0.2848544186961075,98.0,0.274834431033864,0.010019987662243478,0.050238978831552206,1.9844674545084815,5.72261461414468,6.002989762796089,98.0,5.8628021884703845,0.1401875743257048,0.702883158782137,1.9844674545084815,1.3904616171989805,1.446943741868835,98.0,1.4187026795339077,0.028241062334927132,0.14159719359447598,1.9844674545084815,99.0,0.41414141414141414,-0.01634831152630996,0.019958460471748842,98.0,0.0018050744727194396,0.018153385999029402,0.09101883212519203,1.9844674545084815,ElasticNet,"{'mode': 'original', 'type': 'ElasticNet'}",7,"['re_T6W30', 'pe_T6W30', 'l1_T6W30', 'atd_T6W30', 'z_l1_T6W30', 'z_density_T6W30', 'z_asp_T6W30']",0.1262138818747752,0.17590536254891617,98.0,0.15105962221184568,0.024845740337070484,0.12457346904246079,1.9844674545084815,2.2005556916179203,2.2748957510979957,98.0,2.237725721357958,0.037170029740037504,0.18636593179794422,1.9844674545084815,completed,False,COMPLETE
161,1.7349970291146763,2026-06-12 08:57:11.275774,2026-06-12 08:57:13.696567,0 days 00:00:02.420793,,,,,,,,,,,,,,0.16674928000237332,QuantileRegressor,,,,,,14,,,,,,,,True,0.0,0.0,98.0,0.0,0.0,0.0,1.9844674545084815,1.7097615267403508,1.760232531489002,98.0,1.7349970291146763,0.025235502374325525,0.1265276876901327,1.9844674545084815,0.25983396043683077,0.2806349322602259,98.0,0.27023444634852833,0.010400485911697585,0.05214674999296774,1.9844674545084815,5.70097731382373,6.036396423550007,98.0,5.8686868686868685,0.16770955486313893,0.8408749651825216,1.9844674545084815,1.033280465877702,1.1485377159404797,98.0,1.0909090909090908,0.057628625031388776,0.2889427981985323,1.9844674545084815,99.0,0.9797979797979798,-0.009845695376372022,-0.006666757700651824,98.0,-0.008256226538511923,0.0015894688378600991,0.007969400161994435,1.9844674545084815,QuantileRegressor,"{'mode': 'original', 'type': 'QuantileRegressor'}",14,"['lsc_T6W30', 'atd_T6W30', 'density_T6W30', 'diameter_T6W30', 'asp_T6W30', 'z_re_T6W30', 'z_pe_T6W30', 'z_l1_T6W30', 'z_l2_T6W30', 'z_l3_T6W30', 'z_lsc_T6W30', 'z_density_T6W30', 'z_diameter_T6W30', 'z_asp_T6W30']",,,,,,,,2.2146203974868346,2.2936018858285863,98.0,2.2541111416577104,0.03949074417087585,0.1980017069201324,1.9844674545084815,completed,True,COMPLETE
162,1.7349970291146763,2026-06-12 08:57:13.709566,2026-06-12 08:57:16.102470,0 days 00:00:02.392904,,,,,,,,,,,,,,0.35334514634908315,QuantileRegressor,,,,,,16,,,,,,,,True,0.0,0.0,98.0,0.0,0.0,0.0,1.9844674545084815,1.7097615267403508,1.760232531489002,98.0,1.7349970291146763,0.025235502374325525,0.1265276876901327,1.9844674545084815,0.25983396043683077,0.2806349322602259,98.0,0.27023444634852833,0.010400485911697585,0.05214674999296774,1.9844674545084815,5.70097731382373,6.036396423550007,98.0,5.8686868686868685,0.16770955486313893,0.8408749651825216,1.9844674545084815,1.033280465877702,1.1485377159404797,98.0,1.0909090909090908,0.057628625031388776,0.2889427981985323,1.9844674545084815,99.0,0.9797979797979798,-0.009845695376372022,-0.006666757700651824,98.0,-0.008256226538511923,0.0015894688378600991,0.007969400161994435,1.9844674545084815,QuantileRegressor,"{'mode': 'original', 'type': 'QuantileRegressor'}",16,"['l3_T6W30', 'lcc_T6W30', 'lsc_T6W30', 'atd_T6W30', 'density_T6W30', 'diameter_T6W30', 'asp_T6W30', 'z_re_T6W30', 'z_pe_T6W30', 'z_l1_T6W30', 'z_l2_T6W30', 'z_l3_T6W30', 'z_lsc_T6W30', 'z_density_T6W30', 'z_diameter_T6W30', 'z_asp_T6W30']",,,,,,,,2.2146203974868346,2.2936018858285863,98.0,2.2541111416577104,0.03949074417087585,0.1980017069201324,1.9844674545084815,completed,True,COMPLETE
163,1.7349970291146763,2026-06-12 08:57:16.115443,2026-06-12 08:57:18.527501,0 days 00:00:02.412058,,,,,,,,,,,,,,4.76965181799522,QuantileRegressor,,,,,,15,,,,,,,,True,0.0,0.0,98.0,0.0,0.0,0.0,1.9844674545084815,1.7097615267403508,1.760232531489002,98.0,1.7349970291146763,0.025235502374325525,0.1265276876901327,1.9844674545084815,0.25983396043683077,0.2806349322602259,98.0,0.27023444634852833,0.010400485911697585,0.05214674999296774,1.9844674545084815,5.70097731382373,6.036396423550007,98.0,5.8686868686868685,0.16770955486313893,0.8408749651825216,1.9844674545084815,1.033280465877702,1.1485377159404797,98.0,1.0909090909090908,0.057628625031388776,0.2889427981985323,1.9844674545084815,99.0,0.9797979797979798,-0.009845695376372022,-0.006666757700651824,98.0,-0.008256226538511923,0.0015894688378600991,0.007969400161994435,1.9844674545084815,QuantileRegressor,"{'mode': 'original', 'type': 'QuantileRegressor'}",15,"['lcc_T6W30', 'lsc_T6W30', 'atd_T6W30', 'density_T6W30', 'diameter_T6W30', 'asp_T6W30', 'z_re_T6W30', 'z_pe_T6W30', 'z_l1_T6W30', 'z_l2_T6W30', 'z_l3_T6W30', 'z_lsc_T6W30', 'z_density_T6W30', 'z_diameter_T6W30', 'z_asp_T6W30']",,,,,,,,2.2146203974868346,2.2936018858285863,98.0,2.2541111416577104,0.03949074417087585,0.1980017069201324,1.9844674545084815,completed,True,COMPLETE
164,1.7349970291146763,2026-06-12 08:57:18.540450,2026-06-12 08:57:20.881135,0 days 00:00:02.340685,,,,,,,,,,,,,,0.11586305943170501,QuantileRegressor,,,,,,13,,,,,,,,True,0.0,0.0,98.0,0.0,0.0,0.0,1.9844674545084815,1.7097615267403508,1.760232531489002,98.0,1.7349970291146763,0.025235502374325525,0.1265276876901327,1.9844674545084815,0.25983396043683077,0.2806349322602259,98.0,0.27023444634852833,0.010400485911697585,0.05214674999296774,1.9844674545084815,5.70097731382373,6.036396423550007,98.0,5.8686868686868685,0.16770955486313893,0.8408749651825216,1.9844674545084815,1.033280465877702,1.1485377159404797,98.0,1.0909090909090908,0.057628625031388776,0.2889427981985323,1.9844674545084815,99.0,0.9797979797979798,-0.009845695376372022,-0.006666757700651824,98.0,-0.008256226538511923,0.0015894688378600991,0.007969400161994435,1.9844674545084815,QuantileRegressor,"{'mode': 'original', 'type': 'QuantileRegressor'}",13,"['atd_T6W30', 'density_T6W30', 'diameter_T6W30', 'asp_T6W30', 'z_re_T6W30', 'z_pe_T6W30', 'z_l1_T6W30', 'z_l2_T6W30', 'z_l3_T6W30', 'z_lsc_T6W30', 'z_density_T6W30', 'z_diameter_T6W30', 'z_asp_T6W30']",,,,,,,,2.2146203974868346,2.2936018858285863,98.0,2.2541111416577104,0.03949074417087585,0.1980017069201324,1.9844674545084815,completed,True,COMPLETE
165,1.7349970291146763,2026-06-12 08:57:20.898074,2026-06-12 08:57:23.306549,0 days 00:00:02.408475,,,,,,,,,,,,,,1.0963316508853411,QuantileRegressor,,,,,,14,,,,,,,,True,0.0,0.0,98.0,0.0,0.0,0.0,1.9844674545084815,1.7097615267403508,1.760232531489002,98.0,1.7349970291146763,0.025235502374325525,0.1265276876901327,1.9844674545084815,0.25983396043683077,0.2806349322602259,98.0,0.27023444634852833,0.010400485911697585,0.05214674999296774,1.9844674545084815,5.70097731382373,6.036396423550007,98.0,5.8686868686868685,0.16770955486313893,0.8408749651825216,1.9844674545084815,1.033280465877702,1.1485377159404797,98.0,1.0909090909090908,0.057628625031388776,0.2889427981985323,1.9844674545084815,99.0,0.9797979797979798,-0.009845695376372022,-0.006666757700651824,98.0,-0.008256226538511923,0.0015894688378600991,0.007969400161994435,1.9844674545084815,QuantileRegressor,"{'mode': 'original', 'type': 'QuantileRegressor'}",14,"['lsc_T6W30', 'atd_T6W30', 'density_T6W30', 'diameter_T6W30', 'asp_T6W30', 'z_re_T6W30', 'z_pe_T6W30', 'z_l1_T6W30', 'z_l2_T6W30', 'z_l3_T6W30', 'z_lsc_T6W30', 'z_density_T6W30', 'z_diameter_T6W30', 'z_asp_T6W30']",,,,,,,,2.2146203974868346,2.2936018858285863,98.0,2.2541111416577104,0.03949074417087585,0.1980017069201324,1.9844674545084815,completed,True,COMPLETE
166,1.750998017702372,2026-06-12 08:57:23.319750,2026-06-12 08:57:23.452743,0 days 00:00:00.132993,,,,,,,,,,,,,,,LinearRegression,,,,,,15,,,,,,,,False,,,,,,,,,,,,,,,,,,,,,,,,,,,,,,,,,,,,,,,,,,,,,LinearRegression,"{'mode': 'original', 'type': 'LinearRegression'}",15,"['nodes_T6W30', 're_T6W30', 'pe_T6W30', 'l1_T6W30', 'l2_T6W30', 'atd_T6W30', 'density_T6W30', 'diameter_T6W30', 'asp_T6W30', 'z_pe_T6W30', 'z_l1_T6W30', 'z_l2_T6W30', 'z_density_T6W30', 'z_diameter_T6W30', 'z_asp_T6W30']",,,,,,,,,,,,,,,pruned,False,PRUNED
167,1.7349970291146763,2026-06-12 08:57:23.462104,2026-06-12 08:57:25.688148,0 days 00:00:02.226044,,,,,,,,,,,,,,5.921536004023373,QuantileRegressor,,,,,,12,,,,,,,,False,0.0,0.0,98.0,0.0,0.0,0.0,1.9844674545084815,1.7097615267403508,1.760232531489002,98.0,1.7349970291146763,0.025235502374325525,0.1265276876901327,1.9844674545084815,0.25983396043683077,0.2806349322602259,98.0,0.27023444634852833,0.010400485911697585,0.05214674999296774,1.9844674545084815,5.70097731382373,6.036396423550007,98.0,5.8686868686868685,0.16770955486313893,0.8408749651825216,1.9844674545084815,1.033280465877702,1.1485377159404797,98.0,1.0909090909090908,0.057628625031388776,0.2889427981985323,1.9844674545084815,99.0,0.9797979797979798,-0.009845695376372022,-0.006666757700651824,98.0,-0.008256226538511923,0.0015894688378600991,0.007969400161994435,1.9844674545084815,QuantileRegressor,"{'mode': 'original', 'type': 'QuantileRegressor'}",12,"['density_T6W30', 'diameter_T6W30', 'asp_T6W30', 'z_re_T6W30', 'z_pe_T6W30', 'z_l1_T6W30', 'z_l2_T6W30', 'z_l3_T6W30', 'z_lsc_T6W30', 'z_density_T6W30', 'z_diameter_T6W30', 'z_asp_T6W30']",,,,,,,,2.2146203974868346,2.2936018858285863,98.0,2.2541111416577104,0.03949074417087585,0.1980017069201324,1.9844674545084815,completed,False,COMPLETE
