number,value,datetime_start,datetime_complete,duration,params_dt_max_depth,params_dt_min_samples_leaf,params_dt_min_samples_split,params_elastic_alpha,params_elastic_l1_ratio,params_et_max_depth,params_et_max_features,params_et_min_samples_leaf,params_et_min_samples_split,params_et_n_estimators,params_knn_metric,params_knn_n_neighbors,params_knn_weights,params_quantile_alpha,params_regressor,params_rf_max_depth,params_rf_max_features,params_rf_min_samples_leaf,params_rf_min_samples_split,params_rf_n_estimators,params_rfe_n_features,params_rfe_proxy_et_max_depth,params_rfe_proxy_et_min_samples_leaf,params_rfe_proxy_et_min_samples_split,params_rfe_proxy_et_n_estimators,params_rfe_proxy_lsvr_C,params_rfe_proxy_lsvr_epsilon,params_rfe_proxy_type,params_use_scaler,user_attrs_d2mae_ci_lower_val,user_attrs_d2mae_ci_upper_val,user_attrs_d2mae_df_val,user_attrs_d2mae_mean_val,user_attrs_d2mae_samperror_val,user_attrs_d2mae_std_val,user_attrs_d2mae_t_critical_val,user_attrs_mae_ci_lower_val,user_attrs_mae_ci_upper_val,user_attrs_mae_df_val,user_attrs_mae_mean_val,user_attrs_mae_samperror_val,user_attrs_mae_std_val,user_attrs_mae_t_critical_val,user_attrs_mape_ci_lower_val,user_attrs_mape_ci_upper_val,user_attrs_mape_df_val,user_attrs_mape_mean_val,user_attrs_mape_samperror_val,user_attrs_mape_std_val,user_attrs_mape_t_critical_val,user_attrs_max_error_ci_lower_val,user_attrs_max_error_ci_upper_val,user_attrs_max_error_df_val,user_attrs_max_error_mean_val,user_attrs_max_error_samperror_val,user_attrs_max_error_std_val,user_attrs_max_error_t_critical_val,user_attrs_median_ae_ci_lower_val,user_attrs_median_ae_ci_upper_val,user_attrs_median_ae_df_val,user_attrs_median_ae_mean_val,user_attrs_median_ae_samperror_val,user_attrs_median_ae_std_val,user_attrs_median_ae_t_critical_val,user_attrs_n_splits_val,user_attrs_r2_below_zero_val,user_attrs_r2_ci_lower_val,user_attrs_r2_ci_upper_val,user_attrs_r2_df_val,user_attrs_r2_mean_val,user_attrs_r2_samperror_val,user_attrs_r2_std_val,user_attrs_r2_t_critical_val,user_attrs_regressor_final,user_attrs_rfe_estimator,user_attrs_rfe_n_features,user_attrs_rfe_selected_features,user_attrs_rho_ci_lower_val,user_attrs_rho_ci_upper_val,user_attrs_rho_df_val,user_attrs_rho_mean_val,user_attrs_rho_samperror_val,user_attrs_rho_std_val,user_attrs_rho_t_critical_val,user_attrs_rmse_ci_lower_val,user_attrs_rmse_ci_upper_val,user_attrs_rmse_df_val,user_attrs_rmse_mean_val,user_attrs_rmse_samperror_val,user_attrs_rmse_std_val,user_attrs_rmse_t_critical_val,user_attrs_termination_reason,user_attrs_use_scaler_final,state
40,1.7349970291146763,2026-06-12 08:51:13.162697,2026-06-12 08:51:15.426583,0 days 00:00:02.263886,,,,,,,,,,,,,,2.8828145009000483,QuantileRegressor,,,,,,8,,,,,,,,True,0.0,0.0,98.0,0.0,0.0,0.0,1.9844674545084815,1.7097615267403508,1.760232531489002,98.0,1.7349970291146763,0.025235502374325525,0.1265276876901327,1.9844674545084815,0.25983396043683077,0.2806349322602259,98.0,0.27023444634852833,0.010400485911697585,0.05214674999296774,1.9844674545084815,5.70097731382373,6.036396423550007,98.0,5.8686868686868685,0.16770955486313893,0.8408749651825216,1.9844674545084815,1.033280465877702,1.1485377159404797,98.0,1.0909090909090908,0.057628625031388776,0.2889427981985323,1.9844674545084815,99.0,0.9797979797979798,-0.009845695376372022,-0.006666757700651824,98.0,-0.008256226538511923,0.0015894688378600991,0.007969400161994435,1.9844674545084815,QuantileRegressor,"{'mode': 'original', 'type': 'QuantileRegressor'}",8,"['z_pe_T6W30', 'z_l1_T6W30', 'z_l2_T6W30', 'z_l3_T6W30', 'z_lsc_T6W30', 'z_density_T6W30', 'z_diameter_T6W30', 'z_asp_T6W30']",,,,,,,,2.2146203974868346,2.2936018858285863,98.0,2.2541111416577104,0.03949074417087585,0.1980017069201324,1.9844674545084815,completed,True,COMPLETE
41,1.7429904962287137,2026-06-12 08:51:15.439574,2026-06-12 08:51:17.786947,0 days 00:00:02.347373,,,,,,,,,,,,,,0.017653936240550082,QuantileRegressor,,,,,,14,,,,,,,,False,-0.008400858015988827,-0.0011110100827044964,98.0,-0.004755934049346662,0.0036449239666421656,0.018275197951865847,1.9844674545084815,1.717650337420143,1.7683306550372844,98.0,1.7429904962287137,0.025340158808570677,0.12705242210716597,1.9844674545084815,0.261551603437788,0.282369956842307,98.0,0.2719607801400475,0.010409176702259514,0.05219032454193804,1.9844674545084815,5.735700928289787,6.0692090540914565,98.0,5.902454991190622,0.1667540629008346,0.8360842466620981,1.9844674545084815,1.0657852690620244,1.1886587268720505,98.0,1.1272219979670375,0.0614367289050131,0.30803616002134804,1.9844674545084815,99.0,0.9797979797979798,-0.01803714677172946,-0.0088426941534549,98.0,-0.01343992046259218,0.004597226309137279,0.023049924113069286,1.9844674545084815,QuantileRegressor,"{'mode': 'original', 'type': 'QuantileRegressor'}",14,"['lsc_T6W30', 'atd_T6W30', 'density_T6W30', 'diameter_T6W30', 'asp_T6W30', 'z_re_T6W30', 'z_pe_T6W30', 'z_l1_T6W30', 'z_l2_T6W30', 'z_l3_T6W30', 'z_lsc_T6W30', 'z_density_T6W30', 'z_diameter_T6W30', 'z_asp_T6W30']",-0.10763997841836942,-0.033257945497533976,6.0,-0.0704489619579517,0.03719101646041772,0.040213210179161823,2.4469118511449786,2.220278097290163,2.298730433614536,98.0,2.2595042654523496,0.03922616816218663,0.19667515553624595,1.9844674545084815,completed,False,COMPLETE
42,1.7379360366919048,2026-06-12 08:51:17.799104,2026-06-12 08:51:20.214440,0 days 00:00:02.415336,,,,,,,,,,,,,,0.03032702434692847,QuantileRegressor,,,,,,15,,,,,,,,False,-0.00432015782081081,0.0007925715373667411,98.0,-0.0017637931417220343,0.0025563646790887754,0.012817296320873257,1.9844674545084815,1.7126424492045613,1.7632296241792482,98.0,1.7379360366919048,0.0252935874873434,0.12681891926263544,1.9844674545084815,0.2603528268134543,0.2811569620709079,98.0,0.2707548944421811,0.010402067628726796,0.05215468052651994,1.9844674545084815,5.7154622930240295,6.049777481863049,98.0,5.882619887443539,0.16715759441950936,0.8381075037865512,1.9844674545084815,1.040764270831742,1.1571984260743273,98.0,1.0989813484530346,0.058217077621292586,0.2918932267024463,1.9844674545084815,99.0,0.9797979797979798,-0.014825746041327536,-0.006234275839330835,98.0,-0.010530010940329185,0.0042957351009983505,0.0215382844849423,1.9844674545084815,QuantileRegressor,"{'mode': 'original', 'type': 'QuantileRegressor'}",15,"['lcc_T6W30', 'lsc_T6W30', 'atd_T6W30', 'density_T6W30', 'diameter_T6W30', 'asp_T6W30', 'z_re_T6W30', 'z_pe_T6W30', 'z_l1_T6W30', 'z_l2_T6W30', 'z_l3_T6W30', 'z_lsc_T6W30', 'z_density_T6W30', 'z_diameter_T6W30', 'z_asp_T6W30']",-0.35571664614885823,0.10126871108677632,1.0,-0.12722396753104095,0.22849267861781727,0.02543146846078267,12.706204736174694,2.2170852855774488,2.2955751547823064,98.0,2.2563302201798776,0.03924493460242868,0.19676924814652094,1.9844674545084815,completed,False,COMPLETE
43,1.827214767763294,2026-06-12 08:51:20.228187,2026-06-12 08:51:22.782541,0 days 00:00:02.554354,,,,,,,,,,,,,,0.00019021800936698172,QuantileRegressor,,,,,,13,,,,,,,,False,-0.06536187268622146,-0.04179368334913203,98.0,-0.05357777801767674,0.011784094668544713,0.05908399317025421,1.9844674545084815,1.7960075369700415,1.8584219985565464,98.0,1.827214767763294,0.03120723079325242,0.1564691953784839,1.9844674545084815,0.27157438859427396,0.29261996654929323,98.0,0.2820971775717836,0.01052278897750965,0.052759962438080725,1.9844674545084815,5.9375773340406,6.283249088420644,98.0,6.110413211230622,0.17283587719002202,0.8665777112881321,1.9844674545084815,1.4253364554975323,1.497169493844785,98.0,1.4612529746711587,0.0359165191736264,0.1800809848565071,1.9844674545084815,99.0,0.7272727272727273,-0.09973885272988674,-0.055458761921199404,98.0,-0.07759880732554307,0.022140045404343663,0.1110074492995317,1.9844674545084815,QuantileRegressor,"{'mode': 'original', 'type': 'QuantileRegressor'}",13,"['edges_T6W30', 're_T6W30', 'pe_T6W30', 'l1_T6W30', 'lsc_T6W30', 'atd_T6W30', 'diameter_T6W30', 'asp_T6W30', 'z_re_T6W30', 'z_pe_T6W30', 'z_l3_T6W30', 'z_lsc_T6W30', 'z_diameter_T6W30']",0.025311152058212535,0.07462666093644695,98.0,0.04996890649732974,0.024657754439117205,0.12363093100087297,1.9844674545084815,2.2817584343582107,2.371230061792045,98.0,2.326494248075128,0.04473581371691726,0.22429983689553343,1.9844674545084815,completed,False,COMPLETE
44,1.780992564743848,2026-06-12 08:51:22.794963,2026-06-12 08:51:25.163572,0 days 00:00:02.368609,,,,,,,,,,,,,,0.006338434758339061,QuantileRegressor,,,,,,11,,,,,,,,False,-0.03561171798670487,-0.018705291162718782,98.0,-0.027158504574711827,0.008453213411993047,0.0423833665248871,1.9844674545084815,1.7545292563354227,1.8074558731522734,98.0,1.780992564743848,0.02646330840842537,0.13268375528578713,1.9844674545084815,0.2694121618296883,0.2901437885154534,98.0,0.27977797517257086,0.010365813342882545,0.05197290602135308,1.9844674545084815,5.742776864579763,6.094376423515593,98.0,5.918576644047678,0.17579977946791434,0.8814383507237381,1.9844674545084815,1.3677646784951223,1.4640728338487847,98.0,1.4159187561719535,0.04815407767683117,0.24143858960776204,1.9844674545084815,99.0,0.6868686868686869,-0.03801890456996726,-0.010437332443341076,98.0,-0.024228118506654166,0.01379078606331309,0.06914529562904927,1.9844674545084815,QuantileRegressor,"{'mode': 'original', 'type': 'QuantileRegressor'}",11,"['re_T6W30', 'pe_T6W30', 'l3_T6W30', 'lsc_T6W30', 'z_re_T6W30', 'z_l2_T6W30', 'z_l3_T6W30', 'z_lsc_T6W30', 'z_density_T6W30', 'z_diameter_T6W30', 'z_asp_T6W30']",0.041795075742048694,0.09356150967593063,80.0,0.06767829270898966,0.025883216966940965,0.11705604465390768,1.990063421254446,2.2295202687938023,2.3106460019560746,98.0,2.2700831353749384,0.04056286658113621,0.20337719608134794,1.9844674545084815,completed,False,COMPLETE
45,1.8770864300484378,2026-06-12 08:51:25.176622,2026-06-12 08:51:26.968356,0 days 00:00:01.791734,2.0,1.0,17.0,,,,,,,,,,,,DecisionTreeRegressor,,,,,,18,,,,,,,,False,-0.09761532426060744,-0.06895104929984162,98.0,-0.08328318678022453,0.01433213748038291,0.07185956467801057,1.9844674545084815,1.8459127635379626,1.908260096558913,98.0,1.8770864300484378,0.031173666510475154,0.15630090821598594,1.9844674545084815,0.2826891271671827,0.30446602954124075,98.0,0.2935775783542117,0.01088845118702902,0.05459334753023652,1.9844674545084815,6.337488266835178,6.805249547334174,98.0,6.571368907084676,0.23388064024949765,1.1726486030396548,1.9844674545084815,1.3862316275856548,1.4871165093957368,98.0,1.4366740684906958,0.050442440905041096,0.2529121598012806,1.9844674545084815,99.0,0.8282828282828283,-0.20404039110079364,-0.13618106263391416,98.0,-0.1701107268673539,0.03392966423343974,0.17011913992754304,1.9844674545084815,DecisionTreeRegressor,"{'mode': 'original', 'type': 'DecisionTreeRegressor'}",18,"['re_T6W30', 'pe_T6W30', 'l3_T6W30', 'lcc_T6W30', 'lsc_T6W30', 'atd_T6W30', 'density_T6W30', 'diameter_T6W30', 'asp_T6W30', 'z_re_T6W30', 'z_pe_T6W30', 'z_l1_T6W30', 'z_l2_T6W30', 'z_l3_T6W30', 'z_lsc_T6W30', 'z_density_T6W30', 'z_diameter_T6W30', 'z_asp_T6W30']",0.012474880659160595,0.06812449461017157,98.0,0.040299687634666084,0.02782480697550549,0.139510140706247,1.9844674545084815,2.372083341677144,2.463211381760201,98.0,2.4176473617186724,0.04556402004152874,0.22845236097169558,1.9844674545084815,completed,False,COMPLETE
46,1.7614399253455768,2026-06-12 08:51:26.982156,2026-06-12 08:51:28.778083,0 days 00:00:01.795927,,,,0.011866566188088819,0.04359534820671335,,,,,,,,,,ElasticNet,,,,,,9,,,,,,,,True,-0.02644331670663081,-0.0057821820443295854,98.0,-0.016112749375480198,0.010330567331150613,0.051796186877878535,1.9844674545084815,1.734331400129879,1.7885484505612745,98.0,1.7614399253455768,0.027108525215697666,0.13591879255479078,1.9844674545084815,0.2644728468023277,0.2846214929112341,98.0,0.2745471698567809,0.010074323054453216,0.050511409767701486,1.9844674545084815,5.683781204439279,6.017478801471566,98.0,5.850630002955422,0.16684879851614365,0.8365592393200272,1.9844674545084815,1.4113582229377273,1.4662394749372782,98.0,1.4387988489375028,0.027440625999775505,0.13758390481077662,1.9844674545084815,99.0,0.42424242424242425,-0.011754604366667688,0.024202082648699493,98.0,0.006223739141015904,0.01797834350768359,0.09014119072344849,1.9844674545084815,ElasticNet,"{'mode': 'original', 'type': 'ElasticNet'}",9,"['re_T6W30', 'pe_T6W30', 'l1_T6W30', 'density_T6W30', 'z_re_T6W30', 'z_l1_T6W30', 'z_l2_T6W30', 'z_l3_T6W30', 'z_density_T6W30']",0.13029431142297426,0.1812489833218915,98.0,0.15577164737243288,0.025477335949458623,0.12774021132503208,1.9844674545084815,2.1948551661665774,2.2722139387959532,98.0,2.2335345524812653,0.038679386314688056,0.1939336589807694,1.9844674545084815,completed,True,COMPLETE
47,2.358288770053476,2026-06-12 08:51:28.790522,2026-06-12 08:51:30.530470,0 days 00:00:01.739948,,,,,,,,,,,minkowski,1.0,uniform,,KNeighborsRegressor,,,,,,12,2.0,1.0,2.0,20.0,,,ExtraTrees,,-0.39295833661027185,-0.33544428643771246,98.0,-0.36420131152399216,0.0287570250862797,0.1441841670136895,1.9844674545084815,2.3133239826390697,2.4032535574678824,98.0,2.358288770053476,0.04496478741440633,0.22544788269448005,1.9844674545084815,0.340450582358558,0.36168484850533406,98.0,0.35106771543194604,0.010617133073388017,0.05323299206600883,1.9844674545084815,7.347701093153282,7.84421809876591,98.0,7.595959595959596,0.248258502806314,1.2447374275954661,1.9844674545084815,1.9506497938855418,2.049350206114458,98.0,2.0,0.049350206114458124,0.24743582965269675,1.9844674545084815,99.0,0.98989898989899,-0.9053106787735582,-0.7494130347495965,98.0,-0.8273618567615774,0.07794882201198085,0.3908257525865584,1.9844674545084815,KNeighborsRegressor,"{'mode': 'proxy', 'type': 'ExtraTrees'}",12,"['nodes_T6W30', 're_T6W30', 'pe_T6W30', 'l1_T6W30', 'l2_T6W30', 'l3_T6W30', 'lcc_T6W30', 'atd_T6W30', 'diameter_T6W30', 'z_l1_T6W30', 'z_l2_T6W30', 'z_l3_T6W30']",-0.001518659761127139,0.05386574903356099,98.0,0.026173544636216926,0.027692204397344065,0.13884528778009386,1.9844674545084815,2.948773491818229,3.049567794760061,98.0,2.999170643289145,0.05039715147091625,0.25268508418013347,1.9844674545084815,completed,True,COMPLETE
48,1.7349970291146763,2026-06-12 08:51:30.543372,2026-06-12 08:51:32.910406,0 days 00:00:02.367034,,,,,,,,,,,,,,3.854965436088981,QuantileRegressor,,,,,,7,,,,,,,,False,0.0,0.0,98.0,0.0,0.0,0.0,1.9844674545084815,1.7097615267403508,1.760232531489002,98.0,1.7349970291146763,0.025235502374325525,0.1265276876901327,1.9844674545084815,0.25983396043683077,0.2806349322602259,98.0,0.27023444634852833,0.010400485911697585,0.05214674999296774,1.9844674545084815,5.70097731382373,6.036396423550007,98.0,5.8686868686868685,0.16770955486313893,0.8408749651825216,1.9844674545084815,1.033280465877702,1.1485377159404797,98.0,1.0909090909090908,0.057628625031388776,0.2889427981985323,1.9844674545084815,99.0,0.9797979797979798,-0.009845695376372022,-0.006666757700651824,98.0,-0.008256226538511923,0.0015894688378600991,0.007969400161994435,1.9844674545084815,QuantileRegressor,"{'mode': 'original', 'type': 'QuantileRegressor'}",7,"['z_l1_T6W30', 'z_l2_T6W30', 'z_l3_T6W30', 'z_lsc_T6W30', 'z_density_T6W30', 'z_diameter_T6W30', 'z_asp_T6W30']",,,,,,,,2.2146203974868346,2.2936018858285863,98.0,2.2541111416577104,0.03949074417087585,0.1980017069201324,1.9844674545084815,completed,False,COMPLETE
49,1.808877512955128,2026-06-12 08:51:32.924060,2026-06-12 08:51:34.683830,0 days 00:00:01.759770,,,,,,,,,,,,,,,LinearRegression,,,,,,10,,,,,,,,False,-0.05495584897341732,-0.032167363925004105,98.0,-0.04356160644921071,0.01139424252420661,0.057129322736812586,1.9844674545084815,1.7804859571285157,1.8372690687817403,98.0,1.808877512955128,0.028391555826612336,0.14235174934822695,1.9844674545084815,0.27055239801431535,0.2910673185844768,98.0,0.2808098582993961,0.010257460285080743,0.05142963719101803,1.9844674545084815,5.9335242593178155,6.225915420594884,98.0,6.07971983995635,0.14619558063853408,0.7330065593435385,1.9844674545084815,1.4160714802035912,1.4859115803161056,98.0,1.4509915302598484,0.03492005005625714,0.17508481194878509,1.9844674545084815,99.0,0.6666666666666666,-0.0846059533226928,-0.037132618122027915,98.0,-0.06086928572236036,0.023736667600332446,0.11901271551443114,1.9844674545084815,LinearRegression,"{'mode': 'original', 'type': 'LinearRegression'}",10,"['nodes_T6W30', 'l1_T6W30', 'atd_T6W30', 'density_T6W30', 'diameter_T6W30', 'asp_T6W30', 'z_l1_T6W30', 'z_density_T6W30', 'z_diameter_T6W30', 'z_asp_T6W30']",0.06782223697615747,0.12090848210177019,98.0,0.09436535953896383,0.02654312256280636,0.1330839335841611,1.9844674545084815,2.2657787102097817,2.344413207506329,98.0,2.3050959588580553,0.03931724864827354,0.19713182182833427,1.9844674545084815,completed,False,COMPLETE
50,1.7349970291146763,2026-06-12 08:51:34.696051,2026-06-12 08:51:37.070942,0 days 00:00:02.374891,,,,,,,,,,,,,,0.14333997003672974,QuantileRegressor,,,,,,16,,,,,,,,False,0.0,0.0,98.0,0.0,0.0,0.0,1.9844674545084815,1.7097615267403508,1.760232531489002,98.0,1.7349970291146763,0.025235502374325525,0.1265276876901327,1.9844674545084815,0.25983396043683077,0.2806349322602259,98.0,0.27023444634852833,0.010400485911697585,0.05214674999296774,1.9844674545084815,5.70097731382373,6.036396423550007,98.0,5.8686868686868685,0.16770955486313893,0.8408749651825216,1.9844674545084815,1.033280465877702,1.1485377159404797,98.0,1.0909090909090908,0.057628625031388776,0.2889427981985323,1.9844674545084815,99.0,0.9797979797979798,-0.009845695376372022,-0.006666757700651824,98.0,-0.008256226538511923,0.0015894688378600991,0.007969400161994435,1.9844674545084815,QuantileRegressor,"{'mode': 'original', 'type': 'QuantileRegressor'}",16,"['l3_T6W30', 'lcc_T6W30', 'lsc_T6W30', 'atd_T6W30', 'density_T6W30', 'diameter_T6W30', 'asp_T6W30', 'z_re_T6W30', 'z_pe_T6W30', 'z_l1_T6W30', 'z_l2_T6W30', 'z_l3_T6W30', 'z_lsc_T6W30', 'z_density_T6W30', 'z_diameter_T6W30', 'z_asp_T6W30']",,,,,,,,2.2146203974868346,2.2936018858285863,98.0,2.2541111416577104,0.03949074417087585,0.1980017069201324,1.9844674545084815,completed,False,COMPLETE
51,1.7349970291146763,2026-06-12 08:51:37.100043,2026-06-12 08:51:39.358793,0 days 00:00:02.258750,,,,,,,,,,,,,,1.1668456156594451,QuantileRegressor,,,,,,13,,,,,,,,False,0.0,0.0,98.0,0.0,0.0,0.0,1.9844674545084815,1.7097615267403508,1.760232531489002,98.0,1.7349970291146763,0.025235502374325525,0.1265276876901327,1.9844674545084815,0.25983396043683077,0.2806349322602259,98.0,0.27023444634852833,0.010400485911697585,0.05214674999296774,1.9844674545084815,5.70097731382373,6.036396423550007,98.0,5.8686868686868685,0.16770955486313893,0.8408749651825216,1.9844674545084815,1.033280465877702,1.1485377159404797,98.0,1.0909090909090908,0.057628625031388776,0.2889427981985323,1.9844674545084815,99.0,0.9797979797979798,-0.009845695376372022,-0.006666757700651824,98.0,-0.008256226538511923,0.0015894688378600991,0.007969400161994435,1.9844674545084815,QuantileRegressor,"{'mode': 'original', 'type': 'QuantileRegressor'}",13,"['atd_T6W30', 'density_T6W30', 'diameter_T6W30', 'asp_T6W30', 'z_re_T6W30', 'z_pe_T6W30', 'z_l1_T6W30', 'z_l2_T6W30', 'z_l3_T6W30', 'z_lsc_T6W30', 'z_density_T6W30', 'z_diameter_T6W30', 'z_asp_T6W30']",,,,,,,,2.2146203974868346,2.2936018858285863,98.0,2.2541111416577104,0.03949074417087585,0.1980017069201324,1.9844674545084815,completed,False,COMPLETE
52,1.7349970291146763,2026-06-12 08:51:39.371392,2026-06-12 08:51:41.870353,0 days 00:00:02.498961,,,,,,,,,,,,,,3.8881359622897174,QuantileRegressor,,,,,,13,,,,,,,,False,0.0,0.0,98.0,0.0,0.0,0.0,1.9844674545084815,1.7097615267403508,1.760232531489002,98.0,1.7349970291146763,0.025235502374325525,0.1265276876901327,1.9844674545084815,0.25983396043683077,0.2806349322602259,98.0,0.27023444634852833,0.010400485911697585,0.05214674999296774,1.9844674545084815,5.70097731382373,6.036396423550007,98.0,5.8686868686868685,0.16770955486313893,0.8408749651825216,1.9844674545084815,1.033280465877702,1.1485377159404797,98.0,1.0909090909090908,0.057628625031388776,0.2889427981985323,1.9844674545084815,99.0,0.9797979797979798,-0.009845695376372022,-0.006666757700651824,98.0,-0.008256226538511923,0.0015894688378600991,0.007969400161994435,1.9844674545084815,QuantileRegressor,"{'mode': 'original', 'type': 'QuantileRegressor'}",13,"['atd_T6W30', 'density_T6W30', 'diameter_T6W30', 'asp_T6W30', 'z_re_T6W30', 'z_pe_T6W30', 'z_l1_T6W30', 'z_l2_T6W30', 'z_l3_T6W30', 'z_lsc_T6W30', 'z_density_T6W30', 'z_diameter_T6W30', 'z_asp_T6W30']",,,,,,,,2.2146203974868346,2.2936018858285863,98.0,2.2541111416577104,0.03949074417087585,0.1980017069201324,1.9844674545084815,completed,False,COMPLETE
53,1.7349970291146763,2026-06-12 08:51:41.884079,2026-06-12 08:51:44.123455,0 days 00:00:02.239376,,,,,,,,,,,,,,0.7696970462887499,QuantileRegressor,,,,,,15,,,,,,,,False,0.0,0.0,98.0,0.0,0.0,0.0,1.9844674545084815,1.7097615267403508,1.760232531489002,98.0,1.7349970291146763,0.025235502374325525,0.1265276876901327,1.9844674545084815,0.25983396043683077,0.2806349322602259,98.0,0.27023444634852833,0.010400485911697585,0.05214674999296774,1.9844674545084815,5.70097731382373,6.036396423550007,98.0,5.8686868686868685,0.16770955486313893,0.8408749651825216,1.9844674545084815,1.033280465877702,1.1485377159404797,98.0,1.0909090909090908,0.057628625031388776,0.2889427981985323,1.9844674545084815,99.0,0.9797979797979798,-0.009845695376372022,-0.006666757700651824,98.0,-0.008256226538511923,0.0015894688378600991,0.007969400161994435,1.9844674545084815,QuantileRegressor,"{'mode': 'original', 'type': 'QuantileRegressor'}",15,"['lcc_T6W30', 'lsc_T6W30', 'atd_T6W30', 'density_T6W30', 'diameter_T6W30', 'asp_T6W30', 'z_re_T6W30', 'z_pe_T6W30', 'z_l1_T6W30', 'z_l2_T6W30', 'z_l3_T6W30', 'z_lsc_T6W30', 'z_density_T6W30', 'z_diameter_T6W30', 'z_asp_T6W30']",,,,,,,,2.2146203974868346,2.2936018858285863,98.0,2.2541111416577104,0.03949074417087585,0.1980017069201324,1.9844674545084815,completed,False,COMPLETE
