number,value,datetime_start,datetime_complete,duration,params_dt_max_depth,params_dt_min_samples_leaf,params_dt_min_samples_split,params_elastic_alpha,params_elastic_l1_ratio,params_et_max_depth,params_et_max_features,params_et_min_samples_leaf,params_et_min_samples_split,params_et_n_estimators,params_knn_metric,params_knn_n_neighbors,params_knn_weights,params_quantile_alpha,params_regressor,params_rf_max_depth,params_rf_max_features,params_rf_min_samples_leaf,params_rf_min_samples_split,params_rf_n_estimators,params_rfe_n_features,params_rfe_proxy_et_max_depth,params_rfe_proxy_et_min_samples_leaf,params_rfe_proxy_et_min_samples_split,params_rfe_proxy_et_n_estimators,params_rfe_proxy_lsvr_C,params_rfe_proxy_lsvr_epsilon,params_rfe_proxy_type,params_ridge_alpha,params_ridge_solver,params_svr_C,params_svr_degree,params_svr_epsilon,params_svr_gamma,params_svr_kernel,params_use_scaler,params_xgb_booster,params_xgb_colsample_bytree,params_xgb_learning_rate,params_xgb_max_depth,params_xgb_n_estimators,params_xgb_reg_alpha,params_xgb_reg_lambda,params_xgb_subsample,user_attrs_d2mae_ci_lower_val,user_attrs_d2mae_ci_upper_val,user_attrs_d2mae_df_val,user_attrs_d2mae_mean_val,user_attrs_d2mae_samperror_val,user_attrs_d2mae_std_val,user_attrs_d2mae_t_critical_val,user_attrs_mae_ci_lower_val,user_attrs_mae_ci_upper_val,user_attrs_mae_df_val,user_attrs_mae_mean_val,user_attrs_mae_samperror_val,user_attrs_mae_std_val,user_attrs_mae_t_critical_val,user_attrs_mape_ci_lower_val,user_attrs_mape_ci_upper_val,user_attrs_mape_df_val,user_attrs_mape_mean_val,user_attrs_mape_samperror_val,user_attrs_mape_std_val,user_attrs_mape_t_critical_val,user_attrs_max_error_ci_lower_val,user_attrs_max_error_ci_upper_val,user_attrs_max_error_df_val,user_attrs_max_error_mean_val,user_attrs_max_error_samperror_val,user_attrs_max_error_std_val,user_attrs_max_error_t_critical_val,user_attrs_median_ae_ci_lower_val,user_attrs_median_ae_ci_upper_val,user_attrs_median_ae_df_val,user_attrs_median_ae_mean_val,user_attrs_median_ae_samperror_val,user_attrs_median_ae_std_val,user_attrs_median_ae_t_critical_val,user_attrs_n_splits_val,user_attrs_r2_below_zero_val,user_attrs_r2_ci_lower_val,user_attrs_r2_ci_upper_val,user_attrs_r2_df_val,user_attrs_r2_mean_val,user_attrs_r2_samperror_val,user_attrs_r2_std_val,user_attrs_r2_t_critical_val,user_attrs_regressor_final,user_attrs_rfe_estimator,user_attrs_rfe_n_features,user_attrs_rfe_selected_features,user_attrs_rho_ci_lower_val,user_attrs_rho_ci_upper_val,user_attrs_rho_df_val,user_attrs_rho_mean_val,user_attrs_rho_samperror_val,user_attrs_rho_std_val,user_attrs_rho_t_critical_val,user_attrs_rmse_ci_lower_val,user_attrs_rmse_ci_upper_val,user_attrs_rmse_df_val,user_attrs_rmse_mean_val,user_attrs_rmse_samperror_val,user_attrs_rmse_std_val,user_attrs_rmse_t_critical_val,user_attrs_termination_reason,user_attrs_use_scaler_final,state
297,2.8068515541424484,2026-06-09 19:06:06.405800,2026-06-09 19:06:08.099492,0 days 00:00:01.693692,,,,,,,,,,,,,,,SVR,,,,,,2,,,,,,,,,,0.06346216713819813,,0.22925476492647606,scale,linear,False,,,,,,,,,0.010609830142499738,0.020339406121300488,99.0,0.015474618131900113,0.004864787989400374,0.024517419758514247,1.9842169515864174,2.7792733173312683,2.8344297909536285,99.0,2.8068515541424484,0.027578236811179886,0.13898801131161886,1.9842169515864174,896519507112864.1,1078318462061470.4,99.0,987418984587167.2,90899477474303.11,458112593996474.7,1.9842169515864174,8.276883383781405,8.67878251183892,99.0,8.477832947810162,0.20094956402875772,1.0127398814333024,1.9842169515864174,2.460278601843511,2.5664547305006056,99.0,2.5133666661720584,0.053088064328547305,0.2675517124581686,1.9842169515864174,100.0,0.39,-0.002086299262616537,0.01659544530551556,99.0,0.007254573021449512,0.009340872284066049,0.04707586172267026,1.9842169515864174,SVR,"{'mode': 'original', 'type': 'SVR'}",2.0,"['pe_T2W10', 'l2_T2W10']",0.0975606551424442,0.15351285286257194,99.0,0.12553675400250808,0.02797609886006387,0.14099314511800976,1.9842169515864174,3.4365899435947993,3.510947991248618,99.0,3.4737689674217087,0.03717902382690937,0.18737378388579973,1.9842169515864174,completed,True,COMPLETE
298,2.891099151184139,2026-06-09 19:06:08.112639,2026-06-09 19:06:08.295818,0 days 00:00:00.183179,,,,,,,,,,,,,,,SVR,,,,,,2,,,,,0.03300976053705674,0.0005038207050288917,LinearSVR,,,0.06786270223383833,,0.2742544728382998,scale,rbf,False,,,,,,,,,,,,,,,,,,,,,,,,,,,,,,,,,,,,,,,,,,,,,,,,,,,,,SVR,"{'mode': 'proxy', 'type': 'LinearSVR'}",2.0,"['pe_T2W10', 'l2_T2W10']",,,,,,,,,,,,,,,pruned,True,PRUNED
299,2.807881894139166,2026-06-09 19:06:08.305800,2026-06-09 19:06:10.228625,0 days 00:00:01.922825,,,,,,,,,,,,,,,SVR,,,,,,2,,,,,,,,,,0.11886829108767875,,0.20160456636401736,scale,linear,False,,,,,,,,,0.009986580329731817,0.020268200047958117,99.0,0.015127390188844967,0.005140809859113151,0.02590850690496813,1.9842169515864174,2.779753856860972,2.83600993141736,99.0,2.807881894139166,0.028128037278193806,0.1417588800242077,1.9842169515864174,894323709651906.6,1076601243488245.4,99.0,985462476570076.0,91138766918169.36,459318558110806.7,1.9842169515864174,8.28895621188715,8.6921696501213,99.0,8.490562931004225,0.2016067191170756,1.016051792904437,1.9842169515864174,2.464263877213061,2.5728295867954145,99.0,2.518546732004238,0.054282854791176574,0.2735731833546551,1.9842169515864174,100.0,0.42,-0.0032636321820058416,0.01604333917628204,99.0,0.006389853497138099,0.00965348567914394,0.04865136179501846,1.9842169515864174,SVR,"{'mode': 'original', 'type': 'SVR'}",2.0,"['pe_T2W10', 'l2_T2W10']",0.0962981342617559,0.1523391331013773,99.0,0.1243186336815666,0.02802049941981071,0.14121691379265666,1.9842169515864174,3.4377392564625304,3.5127125076002854,99.0,3.475225882031408,0.03748662556887764,0.18892402637174532,1.9842169515864174,completed,True,COMPLETE
