number,value,datetime_start,datetime_complete,duration,params_dt_max_depth,params_dt_min_samples_leaf,params_dt_min_samples_split,params_elastic_alpha,params_elastic_l1_ratio,params_et_max_depth,params_et_max_features,params_et_min_samples_leaf,params_et_min_samples_split,params_et_n_estimators,params_knn_metric,params_knn_n_neighbors,params_knn_weights,params_quantile_alpha,params_regressor,params_rf_max_depth,params_rf_max_features,params_rf_min_samples_leaf,params_rf_min_samples_split,params_rf_n_estimators,params_rfe_n_features,params_rfe_proxy_et_max_depth,params_rfe_proxy_et_min_samples_leaf,params_rfe_proxy_et_min_samples_split,params_rfe_proxy_et_n_estimators,params_rfe_proxy_lsvr_C,params_rfe_proxy_lsvr_epsilon,params_rfe_proxy_type,params_ridge_alpha,params_ridge_solver,params_svr_C,params_svr_degree,params_svr_epsilon,params_svr_gamma,params_svr_kernel,params_use_scaler,params_xgb_booster,params_xgb_colsample_bytree,params_xgb_learning_rate,params_xgb_max_depth,params_xgb_n_estimators,params_xgb_reg_alpha,params_xgb_reg_lambda,params_xgb_subsample,user_attrs_d2mae_ci_lower_val,user_attrs_d2mae_ci_upper_val,user_attrs_d2mae_df_val,user_attrs_d2mae_mean_val,user_attrs_d2mae_samperror_val,user_attrs_d2mae_std_val,user_attrs_d2mae_t_critical_val,user_attrs_mae_ci_lower_val,user_attrs_mae_ci_upper_val,user_attrs_mae_df_val,user_attrs_mae_mean_val,user_attrs_mae_samperror_val,user_attrs_mae_std_val,user_attrs_mae_t_critical_val,user_attrs_mape_ci_lower_val,user_attrs_mape_ci_upper_val,user_attrs_mape_df_val,user_attrs_mape_mean_val,user_attrs_mape_samperror_val,user_attrs_mape_std_val,user_attrs_mape_t_critical_val,user_attrs_max_error_ci_lower_val,user_attrs_max_error_ci_upper_val,user_attrs_max_error_df_val,user_attrs_max_error_mean_val,user_attrs_max_error_samperror_val,user_attrs_max_error_std_val,user_attrs_max_error_t_critical_val,user_attrs_median_ae_ci_lower_val,user_attrs_median_ae_ci_upper_val,user_attrs_median_ae_df_val,user_attrs_median_ae_mean_val,user_attrs_median_ae_samperror_val,user_attrs_median_ae_std_val,user_attrs_median_ae_t_critical_val,user_attrs_n_splits_val,user_attrs_r2_below_zero_val,user_attrs_r2_ci_lower_val,user_attrs_r2_ci_upper_val,user_attrs_r2_df_val,user_attrs_r2_mean_val,user_attrs_r2_samperror_val,user_attrs_r2_std_val,user_attrs_r2_t_critical_val,user_attrs_regressor_final,user_attrs_rfe_estimator,user_attrs_rfe_n_features,user_attrs_rfe_selected_features,user_attrs_rho_ci_lower_val,user_attrs_rho_ci_upper_val,user_attrs_rho_df_val,user_attrs_rho_mean_val,user_attrs_rho_samperror_val,user_attrs_rho_std_val,user_attrs_rho_t_critical_val,user_attrs_rmse_ci_lower_val,user_attrs_rmse_ci_upper_val,user_attrs_rmse_df_val,user_attrs_rmse_mean_val,user_attrs_rmse_samperror_val,user_attrs_rmse_std_val,user_attrs_rmse_t_critical_val,user_attrs_termination_reason,user_attrs_use_scaler_final,state
278,2.8099195165122204,2026-06-09 19:05:36.367095,2026-06-09 19:05:38.190431,0 days 00:00:01.823336,,,,,,,,,,,,,,,SVR,,,,,,3,,,,,,,,,,0.07811796603001507,,0.12564075490732945,scale,linear,False,,,,,,,,,0.009404449250364816,0.019400724194140496,99.0,0.014402586722252655,0.004998137471887839,0.025189470677043344,1.9842169515864174,2.782130873919155,2.837708159105286,99.0,2.8099195165122204,0.027788642593065786,0.1400484083701042,1.9842169515864174,888908830515737.5,1070980456498799.5,99.0,979944643507268.5,91035812991531.05,458799693847723.0,1.9842169515864174,8.293722603708268,8.707833205044043,99.0,8.500777904376156,0.20705530066788816,1.0435113988031586,1.9842169515864174,2.4886662468643723,2.596308037962664,99.0,2.5424871424135183,0.053820895549146,0.2712450143423844,1.9842169515864174,100.0,0.42,-0.004735100238433155,0.01401515017511697,99.0,0.004640024968341907,0.009375125206775062,0.04724848862559853,1.9842169515864174,SVR,"{'mode': 'original', 'type': 'SVR'}",3.0,"['pe_T2W10', 'l2_T2W10', 'density_T2W10']",0.09199584932864593,0.14749955892797598,99.0,0.11974770412831096,0.02775185479966502,0.13986300629816165,1.9842169515864174,3.44164667995964,3.514643444949561,99.0,3.4781450624546006,0.036498382494960596,0.18394350711387422,1.9842169515864174,completed,True,COMPLETE
279,2.8095114743352805,2026-06-09 19:05:38.233507,2026-06-09 19:05:40.102174,0 days 00:00:01.868667,,,,,,,,,,,,,,,SVR,,,,,,3,,,,,,,,,,0.07354804344243077,,0.12286417434847917,scale,linear,False,,,,,,,,,0.009565319389636758,0.01951938770346237,99.0,0.014542353546549565,0.004977034156912807,0.025083114792127836,1.9842169515864174,2.781790408426585,2.837232540243976,99.0,2.8095114743352805,0.027721065908695348,0.13970783732359435,1.9842169515864174,889142206426915.8,1071225424335187.0,99.0,980183815381051.4,91041608954135.61,458828904174748.56,1.9842169515864174,8.291964938342085,8.706052453541902,99.0,8.499008695941994,0.2070437575999079,1.0434532243783758,1.9842169515864174,2.488124120006799,2.59563316866177,99.0,2.5418786443342847,0.053754524327485384,0.270910518552458,1.9842169515864174,100.0,0.42,-0.0045444434459673,0.014153040411361503,99.0,0.004804298482697101,0.009348741928664401,0.04711552293306391,1.9842169515864174,SVR,"{'mode': 'original', 'type': 'SVR'}",3.0,"['pe_T2W10', 'l2_T2W10', 'density_T2W10']",0.09218654240085343,0.147669293577323,99.0,0.11992791798908822,0.02774137558823479,0.13981019346727713,1.9842169515864174,3.441400483512106,3.5143151098143703,99.0,3.4778577966632382,0.036457313151131994,0.1837365270062012,1.9842169515864174,completed,True,COMPLETE
280,2.8881385838493316,2026-06-09 19:05:40.117851,2026-06-09 19:05:40.251107,0 days 00:00:00.133256,,,,0.0080606391789898,0.7724357612429122,,,,,,,,,,ElasticNet,,,,,,3,,,,,,,,,,,,,,,False,,,,,,,,,,,,,,,,,,,,,,,,,,,,,,,,,,,,,,,,,,,,,,,,,,,,,ElasticNet,"{'mode': 'original', 'type': 'ElasticNet'}",3.0,"['pe_T2W10', 'l1_T2W10', 'l3_T2W10']",,,,,,,,,,,,,,,pruned,False,PRUNED
281,2.8250075632212117,2026-06-09 19:05:40.260745,2026-06-09 19:05:40.722443,0 days 00:00:00.461698,,,,,,,,,,,,,,,XGBRegressor,,,,,,3,,,,,,,,,,,,,,,False,gblinear,0.6482002263036739,0.008602943574574742,4.0,379.0,3.5454849904308846e-05,3.0776015063540315e-06,0.6336446213497858,,,,,,,,,,,,,,,,,,,,,,,,,,,,,,,,,,,,,,,,,,,,,XGBRegressor,"{'mode': 'original', 'type': 'XGBRegressor'}",3.0,"['pe_T2W10', 'l1_T2W10', 'l2_T2W10']",,,,,,,,,,,,,,,pruned,False,PRUNED
282,2.80927787045522,2026-06-09 19:05:40.732683,2026-06-09 19:05:42.395871,0 days 00:00:01.663188,,,,,,,,,,,,,,,SVR,,,,,,3,,,,,,,,,,0.06718870257242648,,0.12831038628849806,scale,linear,False,,,,,,,,,0.009671469734359853,0.019565213321326602,99.0,0.014618341527843227,0.004946871793483374,0.024931103373188403,1.9842169515864174,2.7816631814400865,2.836892559470354,99.0,2.80927787045522,0.027614689015133677,0.139171722089438,1.9842169515864174,889342570568446.1,1071414250729484.9,99.0,980378410648965.5,91035840080519.39,458799830370033.8,1.9842169515864174,8.292119485898827,8.705005620704451,99.0,8.498562553301639,0.20644306740281218,1.0404258830555662,1.9842169515864174,2.486614820973431,2.5938744127988063,99.0,2.5402446168861186,0.05362979591268768,0.27028191584498706,1.9842169515864174,100.0,0.41,-0.004434931776793599,0.014179338359286382,99.0,0.004872203291246391,0.00930713506803999,0.04690583386357408,1.9842169515864174,SVR,"{'mode': 'original', 'type': 'SVR'}",3.0,"['pe_T2W10', 'l2_T2W10', 'density_T2W10']",0.09270823631781222,0.1478474046423773,99.0,0.12027782048009476,0.027569584162282536,0.13894440393849147,1.9842169515864174,3.441336894591712,3.5141461604974293,99.0,3.4777415275445707,0.03640463295285867,0.18347103084545524,1.9842169515864174,completed,True,COMPLETE
283,2.811407609141407,2026-06-09 19:05:42.409404,2026-06-09 19:05:46.250474,0 days 00:00:03.841070,,,,,,,,,,,,,,,RandomForestRegressor,15.0,log2,2.0,5.0,377.0,3,,,,,,,,,,,,,,,False,,,,,,,,,,,,,,,,,,,,,,,,,,,,,,,,,,,,,,,,,,,,,,,,,,,,,RandomForestRegressor,"{'mode': 'original', 'type': 'RandomForestRegressor'}",3.0,"['atd_T2W10', 'density_T2W10', 'asp_T2W10']",,,,,,,,,,,,,,,pruned,False,PRUNED
284,2.8036833876018283,2026-06-09 19:05:46.261618,2026-06-09 19:05:48.099742,0 days 00:00:01.838124,,,,,,,,,,,,,,,SVR,,,,,,2,,,,,,,,,,0.08270191685456597,,0.12745481214203194,scale,linear,False,,,,,,,,,0.01169108160731326,0.021541847148114843,99.0,0.016616464377714052,0.0049253827704007925,0.024822803607553394,1.9842169515864174,2.775712212939349,2.8316545622643075,99.0,2.8036833876018283,0.02797117466247909,0.1409683282874669,1.9842169515864174,895839996225955.5,1079431808656165.8,99.0,987635902441060.6,91795906215105.19,462630389996984.44,1.9842169515864174,8.280277777863358,8.680531186591757,99.0,8.480404482227557,0.20012670436419927,1.0085928567649538,1.9842169515864174,2.4647795908525674,2.572154452024018,99.0,2.5184670214382927,0.05368743058572545,0.2705723814263424,1.9842169515864174,100.0,0.37,-0.0010389074587436962,0.017170256754683283,99.0,0.008065674647969794,0.00910458210671349,0.04588501322617072,1.9842169515864174,SVR,"{'mode': 'original', 'type': 'SVR'}",2.0,"['pe_T2W10', 'l2_T2W10']",0.09584878006201315,0.15198804282680567,99.0,0.1239184114444094,0.02806963138239625,0.1414645276563839,1.9842169515864174,3.4352950625118317,3.5095739075779346,99.0,3.472434485044883,0.037139422533051664,0.18717420241449917,1.9842169515864174,completed,True,COMPLETE
285,2.8043606633390827,2026-06-09 19:05:48.119740,2026-06-09 19:05:49.838893,0 days 00:00:01.719153,,,,,,,,,,,,,,,SVR,,,,,,2,,,,,,,,,,0.06962649955673894,,0.1566322385162123,scale,linear,False,,,,,,,,,0.01147219486570978,0.02127485563072911,99.0,0.016373525248219445,0.004901330382509665,0.024701585069066983,1.9842169515864174,2.7764782373187944,2.832243089359371,99.0,2.8043606633390827,0.027882426020288387,0.14052105541178792,1.9842169515864174,896075568922337.2,1079051885635751.8,99.0,987563727279044.5,91488158356707.25,461079411117624.06,1.9842169515864174,8.280842180099507,8.68019809168653,99.0,8.480520135893018,0.1996779557935118,1.0063312665173314,1.9842169515864174,2.464629522425852,2.572600832136421,99.0,2.5186151772811365,0.05398565485528444,0.2720753635942982,1.9842169515864174,100.0,0.37,-0.0011949243933607415,0.01716798134209374,99.0,0.0079865284743665,0.009181452867727242,0.04627242429506765,1.9842169515864174,SVR,"{'mode': 'original', 'type': 'SVR'}",2.0,"['pe_T2W10', 'l2_T2W10']",0.09686834801596549,0.15286868896911235,99.0,0.12486851849253892,0.028000170476573435,0.14111446056433896,1.9842169515864174,3.435373871124071,3.5097374747538463,99.0,3.4725556729389586,0.03718180181488773,0.18738778431038097,1.9842169515864174,completed,True,COMPLETE
286,2.804243307971695,2026-06-09 19:05:49.851867,2026-06-09 19:05:51.762593,0 days 00:00:01.910726,,,,,,,,,,,,,,,SVR,,,,,,2,,,,,,,,,,0.06823001253800538,,0.15523988318868168,scale,linear,False,,,,,,,,,0.01152479004065294,0.021306466601487217,99.0,0.01641562832107008,0.00489083828041714,0.024648707272190304,1.9842169515864174,2.7763661332167247,2.832120482726665,99.0,2.804243307971695,0.027877174754970292,0.1404945902346111,1.9842169515864174,896039329917541.4,1079037072993640.4,99.0,987538201455590.9,91498871538049.55,461133403103398.3,1.9842169515864174,8.28112249885423,8.680410836774499,99.0,8.480766667814365,0.1996441689601336,1.006160988598119,1.9842169515864174,2.4641955612448854,2.572089468486059,99.0,2.518142514865472,0.053946953620586824,0.2718803182154817,1.9842169515864174,100.0,0.37,-0.0011656608912239616,0.01716321605010407,99.0,0.007998777579440054,0.009164438470664015,0.046186675622022486,1.9842169515864174,SVR,"{'mode': 'original', 'type': 'SVR'}",2.0,"['pe_T2W10', 'l2_T2W10']",0.09674903184699021,0.1527408141552581,99.0,0.12474492300112415,0.027995891154133944,0.14109289375716058,1.9842169515864174,3.4353724317565515,3.5097012967692294,99.0,3.4725368642628904,0.03716443250633909,0.18730024696455422,1.9842169515864174,completed,True,COMPLETE
287,2.8880367359150285,2026-06-09 19:05:51.776994,2026-06-09 19:05:51.986854,0 days 00:00:00.209860,,,,,,,,,,,,,,,Ridge,,,,,,2,,,,,,,,88.05604239679897,auto,,,,,,False,,,,,,,,,,,,,,,,,,,,,,,,,,,,,,,,,,,,,,,,,,,,,,,,,,,,,Ridge,"{'mode': 'original', 'type': 'Ridge'}",2.0,"['pe_T2W10', 'l2_T2W10']",,,,,,,,,,,,,,,pruned,False,PRUNED
288,2.804418593328151,2026-06-09 19:05:51.996840,2026-06-09 19:05:54.198962,0 days 00:00:02.202122,,,,,,,,,,,,,,,SVR,,,,,,2,,,,,,,,,,0.07395960714012169,,0.15742454298190114,scale,linear,False,,,,,,,,,0.01142790412954502,0.021278099951162425,99.0,0.016353002040353722,0.0049250979108087034,0.024821367980305778,1.9842169515864174,2.7765039262081648,2.8323332604481375,99.0,2.804418593328151,0.02791466711998625,0.14068354318648457,1.9842169515864174,895863577513295.1,1078841417741129.9,99.0,987352497627212.5,91488920113917.36,461083250199885.25,1.9842169515864174,8.282161492742208,8.681506385004369,99.0,8.481833938873288,0.19967244613108087,1.0063034990777553,1.9842169515864174,2.464455612168296,2.5727236132963847,99.0,2.5185896127323404,0.05413400056404429,0.27282299206628174,1.9842169515864174,100.0,0.37,-0.0013405447541158418,0.017099738650438803,99.0,0.00787959694816148,0.009220141702277323,0.04646740717997421,1.9842169515864174,SVR,"{'mode': 'original', 'type': 'SVR'}",2.0,"['pe_T2W10', 'l2_T2W10']",0.09672838031389958,0.15272684886144933,99.0,0.12472761458767445,0.027999234273774876,0.14110974231617657,1.9842169515864174,3.43552723687071,3.5099389262275817,99.0,3.472733081549146,0.03720584467843579,0.1875089548483549,1.9842169515864174,completed,True,COMPLETE
289,2.8062386401261192,2026-06-09 19:05:54.217956,2026-06-09 19:05:56.114504,0 days 00:00:01.896548,,,,,,,,,,,,,,,SVR,,,,,,2,,,,,,,,,,0.07506778379292288,,0.20780436149677592,scale,linear,False,,,,,,,,,0.010783962013423711,0.0206110199401586,99.0,0.015697490976791156,0.004913528963367445,0.024763063128953666,1.9842169515864174,2.778510491534264,2.8339667887179743,99.0,2.8062386401261192,0.027728148591855222,0.13974353242817558,1.9842169515864174,896006619382486.9,1078177493352213.9,99.0,987092056367350.4,91085436984863.53,459049787433975.25,1.9842169515864174,8.282412139003537,8.683144589259076,99.0,8.482778364131306,0.2003662251277687,1.0097999866777283,1.9842169515864174,2.459286379204118,2.5663929985601643,99.0,2.512839688882141,0.053553309678023096,0.2698964427010174,1.9842169515864174,100.0,0.39,-0.0021127540739980097,0.016625164554846184,99.0,0.007256205240424088,0.009368959314422097,0.047217413937177814,1.9842169515864174,SVR,"{'mode': 'original', 'type': 'SVR'}",2.0,"['pe_T2W10', 'l2_T2W10']",0.09709280542864815,0.1530816668315568,99.0,0.12508723613010247,0.02799443070145433,0.1410855334094,1.9842169515864174,3.43653176151307,3.5110049428323338,99.0,3.473768352172702,0.03723659065963207,0.1876639075674701,1.9842169515864174,completed,True,COMPLETE
290,2.8065680800041886,2026-06-09 19:05:56.128054,2026-06-09 19:05:57.882750,0 days 00:00:01.754696,,,,,,,,,,,,,,,SVR,,,,,,2,,,,,,,,,,0.06444995328256528,,0.21966310356288296,scale,linear,False,,,,,,,,,0.010710000775473825,0.02044468689313615,99.0,0.015577343834304987,0.004867343058831163,0.02453029672455743,1.9842169515864174,2.7789536271953,2.834182532813077,99.0,2.8065680800041886,0.02761445280888848,0.13917053166394042,1.9842169515864174,896594953063776.2,1078548510383001.0,99.0,987571731723388.6,90976778659612.38,458502174305459.9,1.9842169515864174,8.276833502132542,8.678229440211554,99.0,8.477531471172048,0.20069796903950604,1.011471900182308,1.9842169515864174,2.459915229081486,2.566650450032677,99.0,2.5132828395570814,0.053367610475595524,0.26896056115702044,1.9842169515864174,100.0,0.4,-0.001957881847228577,0.01668324772204439,99.0,0.007362682937407907,0.009320564784636484,0.046973516566243045,1.9842169515864174,SVR,"{'mode': 'original', 'type': 'SVR'}",2.0,"['pe_T2W10', 'l2_T2W10']",0.09725417284559944,0.15324971464629245,99.0,0.12525194374594595,0.02799777090034651,0.14110236724850972,1.9842169515864174,3.436415527765067,3.510753802159161,99.0,3.473584664962114,0.03716913719704691,0.18732395753059922,1.9842169515864174,completed,True,COMPLETE
291,2.8938775510204082,2026-06-09 19:05:57.895194,2026-06-09 19:05:58.069980,0 days 00:00:00.174786,,,,,,,,,,,,,,1.1055913235995218,QuantileRegressor,,,,,,2,,,,,,,,,,,,,,,False,,,,,,,,,,,,,,,,,,,,,,,,,,,,,,,,,,,,,,,,,,,,,,,,,,,,,QuantileRegressor,"{'mode': 'original', 'type': 'QuantileRegressor'}",2.0,"['diameter_T2W10', 'asp_T2W10']",,,,,,,,,,,,,,,pruned,False,PRUNED
292,2.806170484833664,2026-06-09 19:05:58.080684,2026-06-09 19:05:59.918966,0 days 00:00:01.838282,,,,,,,,,,,,,,,SVR,,,,,,2,,,,,,,,,,0.06787162619721955,,0.20935124504872563,scale,linear,False,,,,,,,,,0.010840099457741031,0.020598696666399262,99.0,0.015719398062070147,0.004879298604329114,0.024590549941769357,1.9842169515864174,2.778512831117988,2.8338281385493405,99.0,2.806170484833664,0.0276576537156765,0.1393882543618212,1.9842169515864174,896429783763910.4,1078555917187194.9,99.0,987492850475552.6,91063066711642.23,458937046369025.6,1.9842169515864174,8.278502816948606,8.67936474341052,99.0,8.478933780179563,0.20043096323095688,1.0101262519237562,1.9842169515864174,2.459847861593078,2.566414006829174,99.0,2.513130934211126,0.05328307261804799,0.2685345096736887,1.9842169515864174,100.0,0.4,-0.001919538091253452,0.016706144255837326,99.0,0.007393303082291937,0.009312841173545389,0.04693459133135418,1.9842169515864174,SVR,"{'mode': 'original', 'type': 'SVR'}",2.0,"['pe_T2W10', 'l2_T2W10']",0.09712510600809413,0.15317100553426108,99.0,0.1251480557711776,0.028022949763083484,0.14122926296279562,1.9842169515864174,3.4363598116308407,3.510710253788132,99.0,3.4735350327094863,0.03717522107864575,0.18735461890356037,1.9842169515864174,completed,True,COMPLETE
293,2.8094494970393002,2026-06-09 19:05:59.932080,2026-06-09 19:06:01.872303,0 days 00:00:01.940223,,,,,,,,,,,,,,,SVR,,,,,,2,,,,,,,,,,0.06966912559009358,,0.28783738765677414,scale,linear,False,,,,,,,,,0.00952913522183238,0.019612303600438568,99.0,0.014570719411135474,0.005041584189303093,0.025408432204312412,1.9842169515864174,2.781517488022871,2.8373815060557295,99.0,2.8094494970393002,0.027932009016429196,0.1407709423815629,1.9842169515864174,891698744969351.5,1072017216045707.0,99.0,981857980507529.2,90159235538177.78,454381943799511.6,1.9842169515864174,8.301873935827006,8.704944044988308,99.0,8.503408990407657,0.20153505458065094,1.0156906200177356,1.9842169515864174,2.4627709832155014,2.5691846176624957,99.0,2.5159778004389985,0.053206817223497196,0.2681501999111407,1.9842169515864174,100.0,0.42,-0.004839274754080557,0.014726654950104983,99.0,0.004943690098012213,0.00978296485209277,0.049303907237921295,1.9842169515864174,SVR,"{'mode': 'original', 'type': 'SVR'}",2.0,"['pe_T2W10', 'l2_T2W10']",0.09804008548291471,0.15407140118336515,99.0,0.12605574333313993,0.028015657850225226,0.14119251338834798,1.9842169515864174,3.440184986599271,3.5152536991012324,99.0,3.4777193428502517,0.037534356250980616,0.18916457810206294,1.9842169515864174,completed,True,COMPLETE
294,2.807754750946284,2026-06-09 19:06:01.885122,2026-06-09 19:06:03.659710,0 days 00:00:01.774588,,,,,,,,,,,,,,,SVR,,,,,,2,,,,,,,,,,0.06514854988409544,,0.2522082694306034,scale,linear,False,,,,,,,,,0.010223148580648427,0.020094187554501743,99.0,0.015158668067575085,0.004935519486926657,0.02487389034238731,1.9842169515864174,2.780060343153834,2.835449158738734,99.0,2.807754750946284,0.027694407792449888,0.13957348650966672,1.9842169515864174,894895480000928.8,1076083935121599.0,99.0,985489707561263.9,90594227560335.12,456574204186207.56,1.9842169515864174,8.284693684197531,8.68735488709671,99.0,8.48602428564712,0.2013306014495892,1.014660222959096,1.9842169515864174,2.4605016907694917,2.567014309428498,99.0,2.5137580000989947,0.05325630932950313,0.2683996288154062,1.9842169515864174,100.0,0.41,-0.00297906365303301,0.01605870182074984,99.0,0.0065398190838584155,0.009518882736891426,0.04797299372571586,1.9842169515864174,SVR,"{'mode': 'original', 'type': 'SVR'}",2.0,"['pe_T2W10', 'l2_T2W10']",0.09763158158435127,0.15360925310329368,99.0,0.12562041734382248,0.027988835759471208,0.14105733618036892,1.9842169515864174,3.4376507043617544,3.5123290188295595,99.0,3.474989861595657,0.037339157233902714,0.18818081966313907,1.9842169515864174,completed,True,COMPLETE
295,5.192704183741661,2026-06-09 19:06:03.672945,2026-06-09 19:06:04.384162,0 days 00:00:00.711217,,,,,,,,,,,,,,,SVR,,,,,,2,5.0,1.0,2.0,130.0,,,ExtraTrees,,,0.06641832442378205,3.0,0.38455930588635845,scale,poly,False,,,,,,,,,,,,,,,,,,,,,,,,,,,,,,,,,,,,,,,,,,,,,,,,,,,,,SVR,"{'mode': 'proxy', 'type': 'ExtraTrees'}",2.0,"['re_T2W10', 'pe_T2W10']",,,,,,,,,,,,,,,pruned,True,PRUNED
296,2.8598377142274463,2026-06-09 19:06:04.394790,2026-06-09 19:06:06.395768,0 days 00:00:02.000978,,,,,,14.0,sqrt,4.0,4.0,282.0,,,,,ExtraTreesRegressor,,,,,,2,,,,,,,,,,,,,,,False,,,,,,,,,,,,,,,,,,,,,,,,,,,,,,,,,,,,,,,,,,,,,,,,,,,,,ExtraTreesRegressor,"{'mode': 'original', 'type': 'ExtraTreesRegressor'}",2.0,"['pe_T2W10', 'l2_T2W10']",,,,,,,,,,,,,,,pruned,False,PRUNED
