number,value,datetime_start,datetime_complete,duration,params_dt_max_depth,params_dt_min_samples_leaf,params_dt_min_samples_split,params_elastic_alpha,params_elastic_l1_ratio,params_et_max_depth,params_et_max_features,params_et_min_samples_leaf,params_et_min_samples_split,params_et_n_estimators,params_knn_metric,params_knn_n_neighbors,params_knn_weights,params_quantile_alpha,params_regressor,params_rf_max_depth,params_rf_max_features,params_rf_min_samples_leaf,params_rf_min_samples_split,params_rf_n_estimators,params_rfe_n_features,params_rfe_proxy_et_max_depth,params_rfe_proxy_et_min_samples_leaf,params_rfe_proxy_et_min_samples_split,params_rfe_proxy_et_n_estimators,params_rfe_proxy_lsvr_C,params_rfe_proxy_lsvr_epsilon,params_rfe_proxy_type,params_ridge_alpha,params_ridge_solver,params_svr_C,params_svr_degree,params_svr_epsilon,params_svr_gamma,params_svr_kernel,params_use_scaler,params_xgb_booster,params_xgb_colsample_bytree,params_xgb_learning_rate,params_xgb_max_depth,params_xgb_n_estimators,params_xgb_reg_alpha,params_xgb_reg_lambda,params_xgb_subsample,user_attrs_d2mae_ci_lower_val,user_attrs_d2mae_ci_upper_val,user_attrs_d2mae_df_val,user_attrs_d2mae_mean_val,user_attrs_d2mae_samperror_val,user_attrs_d2mae_std_val,user_attrs_d2mae_t_critical_val,user_attrs_mae_ci_lower_val,user_attrs_mae_ci_upper_val,user_attrs_mae_df_val,user_attrs_mae_mean_val,user_attrs_mae_samperror_val,user_attrs_mae_std_val,user_attrs_mae_t_critical_val,user_attrs_mape_ci_lower_val,user_attrs_mape_ci_upper_val,user_attrs_mape_df_val,user_attrs_mape_mean_val,user_attrs_mape_samperror_val,user_attrs_mape_std_val,user_attrs_mape_t_critical_val,user_attrs_max_error_ci_lower_val,user_attrs_max_error_ci_upper_val,user_attrs_max_error_df_val,user_attrs_max_error_mean_val,user_attrs_max_error_samperror_val,user_attrs_max_error_std_val,user_attrs_max_error_t_critical_val,user_attrs_median_ae_ci_lower_val,user_attrs_median_ae_ci_upper_val,user_attrs_median_ae_df_val,user_attrs_median_ae_mean_val,user_attrs_median_ae_samperror_val,user_attrs_median_ae_std_val,user_attrs_median_ae_t_critical_val,user_attrs_n_splits_val,user_attrs_r2_below_zero_val,user_attrs_r2_ci_lower_val,user_attrs_r2_ci_upper_val,user_attrs_r2_df_val,user_attrs_r2_mean_val,user_attrs_r2_samperror_val,user_attrs_r2_std_val,user_attrs_r2_t_critical_val,user_attrs_regressor_final,user_attrs_rfe_estimator,user_attrs_rfe_n_features,user_attrs_rfe_selected_features,user_attrs_rho_ci_lower_val,user_attrs_rho_ci_upper_val,user_attrs_rho_df_val,user_attrs_rho_mean_val,user_attrs_rho_samperror_val,user_attrs_rho_std_val,user_attrs_rho_t_critical_val,user_attrs_rmse_ci_lower_val,user_attrs_rmse_ci_upper_val,user_attrs_rmse_df_val,user_attrs_rmse_mean_val,user_attrs_rmse_samperror_val,user_attrs_rmse_std_val,user_attrs_rmse_t_critical_val,user_attrs_termination_reason,user_attrs_use_scaler_final,state
204,2.811030935411107,2026-06-09 19:03:50.845614,2026-06-09 19:03:52.677643,0 days 00:00:01.832029,,,,,,,,,,,,,,,SVR,,,,,,5,,,,,,,,,,0.02704938842748128,,0.051611792023707755,scale,linear,True,,,,,,,,,0.009315902655638916,0.01861859329423316,99.0,0.013967247974936038,0.004651345319297122,0.023441717477407333,1.9842169515864174,2.784243726896775,2.837818143925439,99.0,2.811030935411107,0.026787208514331983,0.13500140946238326,1.9842169515864174,894536381771032.9,1077118218759532.6,99.0,985827300265282.8,91290918494249.9,460085367284364.56,1.9842169515864174,8.229704660573743,8.633573945975767,99.0,8.431639303274755,0.20193464270101283,1.0177044528299308,1.9842169515864174,2.4757508466358606,2.5749544256883503,99.0,2.5253526361621055,0.04960178952624496,0.24998168414289287,1.9842169515864174,100.0,0.43,-0.0022785522476334976,0.01469005831044301,99.0,0.006205753031404756,0.008484305279038254,0.04275895976120402,1.9842169515864174,SVR,"{'mode': 'original', 'type': 'SVR'}",5.0,"['pe_T2W10', 'l1_T2W10', 'l2_T2W10', 'atd_T2W10', 'density_T2W10']",0.08697885443983003,0.14267473814115253,99.0,0.11482679629049128,0.027847941850661247,0.14034726307723716,1.9842169515864174,3.4397538951642526,3.5114030093038995,99.0,3.475578452234076,0.03582455706982366,0.18054758095469994,1.9842169515864174,completed,True,COMPLETE
205,2.81095682277568,2026-06-09 19:03:52.690756,2026-06-09 19:03:54.610579,0 days 00:00:01.919823,,,,,,,,,,,,,,,SVR,,,,,,5,,,,,,,,,,0.028221946866612727,,0.05393906485481604,scale,linear,True,,,,,,,,,0.009283197666378768,0.018709188023872704,99.0,0.013996192845125736,0.004712995178746967,0.023752418680723607,1.9842169515864174,2.7840549224439806,2.8378587231073795,99.0,2.81095682277568,0.026901900331699508,0.13557943001238323,1.9842169515864174,894335502148628.0,1076858141733745.8,99.0,985596821941186.9,91261319792558.88,459936196591777.9,1.9842169515864174,8.230417080300695,8.634401705710923,99.0,8.432409393005809,0.2019923127051137,1.0179950964717703,1.9842169515864174,2.4738224893328074,2.5729733507563886,99.0,2.523397920044598,0.04957543071179059,0.2498488417415955,1.9842169515864174,100.0,0.43,-0.002403852464396253,0.014756665543443431,99.0,0.006176406539523589,0.008580259003919842,0.04324254460712962,1.9842169515864174,SVR,"{'mode': 'original', 'type': 'SVR'}",5.0,"['pe_T2W10', 'l1_T2W10', 'l2_T2W10', 'atd_T2W10', 'density_T2W10']",0.08628573927389202,0.14218942550351282,99.0,0.11423758238870242,0.0279518431148104,0.14087090170488864,1.9842169515864174,3.4397179253968644,3.511503615326942,99.0,3.4756107703619032,0.03589284496503906,0.1808917363413415,1.9842169515864174,completed,True,COMPLETE
206,2.8938775510204082,2026-06-09 19:03:54.630661,2026-06-09 19:03:54.797686,0 days 00:00:00.167025,,,,,,,,,,,,,,0.22879880767468325,QuantileRegressor,,,,,,5,,,,,,,,,,,,,,,True,,,,,,,,,,,,,,,,,,,,,,,,,,,,,,,,,,,,,,,,,,,,,,,,,,,,,QuantileRegressor,"{'mode': 'original', 'type': 'QuantileRegressor'}",5.0,"['lsc_T2W10', 'atd_T2W10', 'density_T2W10', 'diameter_T2W10', 'asp_T2W10']",,,,,,,,,,,,,,,pruned,True,PRUNED
207,2.8169223696737107,2026-06-09 19:03:54.807841,2026-06-09 19:03:56.785701,0 days 00:00:01.977860,,,,,,,,,,,,,,,SVR,,,,,,5,,,,,,,,,,0.043639809840605205,,0.05466623121261836,scale,linear,True,,,,,,,,,0.006771958070806224,0.017068089928718087,99.0,0.011920023999762155,0.005148065928955931,0.02594507583880865,1.9842169515864174,2.7891939720920824,2.844650767255339,99.0,2.8169223696737107,0.027728397581628116,0.13974478727973147,1.9842169515864174,895609857270740.8,1077978167399408.8,99.0,986794012335074.8,91184155064333.94,459547303995314.4,1.9842169515864174,8.2384395865107,8.64244350343443,99.0,8.440441544972565,0.20200195846186514,1.018043708881536,1.9842169515864174,2.4660917161383047,2.5671872552923105,99.0,2.5166394857153076,0.05054776957700287,0.2547492074220463,1.9842169515864174,100.0,0.47,-0.005753438417460673,0.012567829189682932,99.0,0.003407195386111129,0.009160633803571802,0.04616750096932551,1.9842169515864174,SVR,"{'mode': 'original', 'type': 'SVR'}",5.0,"['nodes_T2W10', 'pe_T2W10', 'l1_T2W10', 'l2_T2W10', 'density_T2W10']",0.07677671680039391,0.13382324548854477,99.0,0.10529998114446934,0.02852326434407542,0.1437507341184166,1.9842169515864174,3.4439149977988692,3.5168200055169954,99.0,3.4803675016579323,0.03645250385906319,0.18371228927320046,1.9842169515864174,completed,True,COMPLETE
208,2.8565867066966275,2026-06-09 19:03:56.798976,2026-06-09 19:03:58.445731,0 days 00:00:01.646755,,,,,,6.0,sqrt,2.0,6.0,247.0,,,,,ExtraTreesRegressor,,,,,,5,,,,,,,,,,,,,,,True,,,,,,,,,,,,,,,,,,,,,,,,,,,,,,,,,,,,,,,,,,,,,,,,,,,,,ExtraTreesRegressor,"{'mode': 'original', 'type': 'ExtraTreesRegressor'}",5.0,"['pe_T2W10', 'l2_T2W10', 'l3_T2W10', 'density_T2W10', 'asp_T2W10']",,,,,,,,,,,,,,,pruned,True,PRUNED
209,2.81664640147329,2026-06-09 19:03:58.456262,2026-06-09 19:04:00.271091,0 days 00:00:01.814829,,,,,,,,,,,,,,,SVR,,,,,,5,,,,,,,,,,0.0436749097747992,,0.050086087688218234,scale,linear,True,,,,,,,,,0.0068722656992790355,0.01716820480181294,99.0,0.012020235250545987,0.005147969551266952,0.025944590117280557,1.9842169515864174,2.7888802144650136,2.8444125884815668,99.0,2.81664640147329,0.027766187008276513,0.13993523735434749,1.9842169515864174,895723108758651.0,1078161976270773.0,99.0,986942542514712.0,91219433756061.05,459725100539683.7,1.9842169515864174,8.237886778175593,8.64169581011505,99.0,8.439791294145321,0.2019045159697288,1.0175526209888615,1.9842169515864174,2.4652335000301058,2.566514211427614,99.0,2.51587385572886,0.05064035569875382,0.2552158203177628,1.9842169515864174,100.0,0.47,-0.005544593315134615,0.012766140272936337,99.0,0.0036107734789008615,0.009155366794035476,0.0461409564448867,1.9842169515864174,SVR,"{'mode': 'original', 'type': 'SVR'}",5.0,"['nodes_T2W10', 'pe_T2W10', 'l1_T2W10', 'l2_T2W10', 'density_T2W10']",0.0770327463049098,0.13403666564123703,99.0,0.10553470597307342,0.028501959668163615,0.14364336342039505,1.9842169515864174,3.443537824447278,3.516507764284651,99.0,3.4800227943659645,0.036484969918686334,0.18387591079451235,1.9842169515864174,completed,True,COMPLETE
210,2.7740427770617764,2026-06-09 19:04:00.284834,2026-06-09 19:04:00.431784,0 days 00:00:00.146950,,,,,,,,,,,,,,,SVR,,,,,,5,,,,,,,,,,0.09333464672213398,,0.05083486536923068,scale,linear,True,,,,,,,,,,,,,,,,,,,,,,,,,,,,,,,,,,,,,,,,,,,,,,,,,,,,,SVR,"{'mode': 'original', 'type': 'SVR'}",5.0,"['pe_T2W10', 'l1_T2W10', 'l2_T2W10', 'l3_T2W10', 'density_T2W10']",,,,,,,,,,,,,,,pruned,True,PRUNED
211,2.8186488989679304,2026-06-09 19:04:00.444993,2026-06-09 19:04:02.222515,0 days 00:00:01.777522,,,,,,,,,,,,,,,SVR,,,,,,5,,,,,,,,,,0.047877301053542265,,0.056934553246268574,scale,linear,True,,,,,,,,,0.0060863258574302016,0.016532053273624475,99.0,0.01130918956552734,0.005222863708097138,0.02632203955278864,1.9842169515864174,2.7908579876967354,2.8464398102391253,99.0,2.8186488989679304,0.027790911271194946,0.14005984198943372,1.9842169515864174,895354114871441.5,1077677924618913.8,99.0,986516019745177.6,91161904873736.14,459435168119345.8,1.9842169515864174,8.239688444695258,8.642787445133443,99.0,8.44123794491435,0.2015495002190933,1.0157634227343477,1.9842169515864174,2.467065564659242,2.567325474407127,99.0,2.5171955195331845,0.050129954873942825,0.2526435167982161,1.9842169515864174,100.0,0.47,-0.006531404972697637,0.012004183293806038,99.0,0.0027363891605542002,0.009267794133251838,0.046707564542486486,1.9842169515864174,SVR,"{'mode': 'original', 'type': 'SVR'}",5.0,"['nodes_T2W10', 'pe_T2W10', 'l1_T2W10', 'l2_T2W10', 'density_T2W10']",0.07551863386666997,0.1328168256147334,99.0,0.10416772974070168,0.02864909587403171,0.14438489627420145,1.9842169515864174,3.44501992874775,3.517989158328585,99.0,3.4815045435381675,0.0364846147904173,0.18387412102919082,1.9842169515864174,completed,True,COMPLETE
212,2.811873840824806,2026-06-09 19:04:02.235894,2026-06-09 19:04:04.089038,0 days 00:00:01.853144,,,,,,,,,,,,,,,SVR,,,,,,4,,,,,,,,,,0.02634139224521988,,0.04796540639853808,scale,linear,True,,,,,,,,,0.009124259026605819,0.018211662045870013,99.0,0.013667960536237915,0.004543701509632096,0.022899217275607512,1.9842169515864174,2.7852662501310284,2.838481431518584,99.0,2.811873840824806,0.026607590693777522,0.13409617669330096,1.9842169515864174,897554368175990.2,1080654015670316.2,99.0,989104191923153.2,91549823747163.03,461390190593661.1,1.9842169515864174,8.236653309484307,8.637656913324491,99.0,8.4371551114044,0.20050180192009134,1.0104832627288387,1.9842169515864174,2.477304466766272,2.576694767874388,99.0,2.52699961732033,0.04969515055405815,0.25045220238808047,1.9842169515864174,100.0,0.43,-0.0026367521732159494,0.013883650622038267,99.0,0.005623449224411159,0.008260201397627108,0.04162952741142005,1.9842169515864174,SVR,"{'mode': 'original', 'type': 'SVR'}",4.0,"['pe_T2W10', 'l1_T2W10', 'l2_T2W10', 'density_T2W10']",0.08456726097998687,0.1404042912429816,99.0,0.11248577611148423,0.027918515131497353,0.14070293628514763,1.9842169515864174,3.4409274833235752,3.5123857035048767,99.0,3.476656593414226,0.03572911009065088,0.18006654999134444,1.9842169515864174,completed,True,COMPLETE
213,2.812372591849351,2026-06-09 19:04:04.103523,2026-06-09 19:04:06.132334,0 days 00:00:02.028811,,,,,,,,,,,,,,,SVR,,,,,,4,,,,,,,,,,0.03919620372918713,,0.04900430557259821,scale,linear,True,,,,,,,,,0.008504013503112627,0.018531242661884016,99.0,0.013517628082498321,0.0050136145793856935,0.025267471761982567,1.9842169515864174,2.784843486775373,2.8399016969233295,99.0,2.812372591849351,0.02752910507397828,0.13874039858377513,1.9842169515864174,895472666800197.2,1078248290983450.5,99.0,986860478891823.9,91387812091626.66,460573688872884.9,1.9842169515864174,8.233170940003896,8.637207505093086,99.0,8.435189222548491,0.2020182825445951,1.0181259785280932,1.9842169515864174,2.46408667162764,2.5649834492126655,99.0,2.514535060420153,0.05044838879251255,0.2542483509788491,1.9842169515864174,100.0,0.44,-0.003522229610172803,0.014433160363115087,99.0,0.005455465376471142,0.008977694986643945,0.04524553113743996,1.9842169515864174,SVR,"{'mode': 'original', 'type': 'SVR'}",4.0,"['pe_T2W10', 'l1_T2W10', 'l2_T2W10', 'density_T2W10']",0.08146569773780787,0.13805543114844307,99.0,0.10976056444312547,0.02829486670531759,0.1425996622128207,1.9842169515864174,3.4405239245683594,3.513121320480633,99.0,3.4768226225244963,0.03629869795613696,0.18293714267038944,1.9842169515864174,completed,True,COMPLETE
214,2.8128835464104953,2026-06-09 19:04:06.145305,2026-06-09 19:04:07.993941,0 days 00:00:01.848636,,,,,,,,,,,,,,,SVR,,,,,,4,,,,,,,,,,0.04071951484316495,,0.05291021370710853,scale,linear,True,,,,,,,,,0.00829639761639619,0.0183822649014831,99.0,0.013339331258939643,0.005042933642543454,0.025415233140264913,1.9842169515864174,2.785301780658604,2.8404653121623866,99.0,2.8128835464104953,0.027581765751891196,0.13900579636636545,1.9842169515864174,895236856213278.6,1077888554921398.9,99.0,986562705567338.8,91325849354060.14,460261410835359.9,1.9842169515864174,8.233801935346005,8.637646554196223,99.0,8.435724244771114,0.20192230942510916,1.0176422959377935,1.9842169515864174,2.463974236224854,2.5646745975606415,99.0,2.5143244168927477,0.050350180667893825,0.25375340447342687,1.9842169515864174,100.0,0.44,-0.003776618344592089,0.014277013422477228,99.0,0.00525019753894257,0.00902681588353466,0.04549308923259403,1.9842169515864174,SVR,"{'mode': 'original', 'type': 'SVR'}",4.0,"['pe_T2W10', 'l1_T2W10', 'l2_T2W10', 'density_T2W10']",0.08211258017620734,0.1384755229670096,99.0,0.11029405157160847,0.02818147139540112,0.14202817576409438,1.9842169515864174,3.440851463107499,3.513479645415321,99.0,3.47716555426141,0.036314091153911085,0.18301472086949622,1.9842169515864174,completed,True,COMPLETE
215,2.8123462370441246,2026-06-09 19:04:08.008105,2026-06-09 19:04:10.050664,0 days 00:00:02.042559,,,,,,,,,,,,,,,SVR,,,,,,4,,,,,,,,,,0.03956978158905382,,0.047347067839667974,scale,linear,True,,,,,,,,,0.008506842599309443,0.01854962098283606,99.0,0.01352823179107275,0.005021389191763308,0.025306654031700595,1.9842169515864174,2.7847900297320716,2.8399024443561776,99.0,2.8123462370441246,0.027556207312053185,0.13887698767023182,1.9842169515864174,895482351219091.8,1078255408822931.5,99.0,986868880021011.6,91386528801919.86,460567221386021.75,1.9842169515864174,8.233002967591148,8.637203862045531,99.0,8.43510341481834,0.20210044722719228,1.0185400697519962,1.9842169515864174,2.4637920163504003,2.56468962356541,99.0,2.514240819957905,0.05044880360750495,0.2542504415516167,1.9842169515864174,100.0,0.44,-0.00354229930169395,0.01442855733590822,99.0,0.005443129017107135,0.008985428318801085,0.045284505364280206,1.9842169515864174,SVR,"{'mode': 'original', 'type': 'SVR'}",4.0,"['pe_T2W10', 'l1_T2W10', 'l2_T2W10', 'density_T2W10']",0.08163213932879894,0.13818820388138797,99.0,0.10991017160509346,0.02827803227629452,0.14251482053757136,1.9842169515864174,3.4405333581401063,3.5131554157374207,99.0,3.4768443869387635,0.03631102879865712,0.1829992872988299,1.9842169515864174,completed,True,COMPLETE
216,2.8131264583977504,2026-06-09 19:04:10.065012,2026-06-09 19:04:11.925046,0 days 00:00:01.860034,,,,,,,,,,,,,,,SVR,,,,,,4,,,,,,,,,,0.04187322218011054,,0.04961276758748024,scale,linear,True,,,,,,,,,0.008189453224199025,0.018323042858057054,99.0,0.013256248041128038,0.0050667948169290135,0.02553548800637964,1.9842169515864174,2.7854851200680573,2.8407677967274436,99.0,2.8131264583977504,0.027641338329692965,0.1393060285448787,1.9842169515864174,895256924205409.1,1077929434087742.9,99.0,986593179146576.0,91336254941166.89,460313852616478.75,1.9842169515864174,8.23377764971552,8.637811842611704,99.0,8.435794746163612,0.20201709644809185,1.018120000872765,1.9842169515864174,2.4639054282019166,2.5646131552088707,99.0,2.5142592917053936,0.05035386350347702,0.2537719651231595,1.9842169515864174,100.0,0.44,-0.003913336022827428,0.014210433660498695,99.0,0.005148548818835633,0.009061884841663061,0.045669828767554474,1.9842169515864174,SVR,"{'mode': 'original', 'type': 'SVR'}",4.0,"['pe_T2W10', 'l1_T2W10', 'l2_T2W10', 'density_T2W10']",0.08172087961958219,0.13804799358223885,99.0,0.10988443660091052,0.028163556981328337,0.14193789121099415,1.9842169515864174,3.4409917398389283,3.513683924147106,99.0,3.477337831993017,0.03634609215408875,0.18317599859747893,1.9842169515864174,completed,True,COMPLETE
217,2.812884484400085,2026-06-09 19:04:11.938531,2026-06-09 19:04:13.894057,0 days 00:00:01.955526,,,,,,,,,,,,,,,SVR,,,,,,4,,,,,,,,,,0.04110406616647918,,0.049551768220970134,scale,linear,True,,,,,,,,,0.008285917531739172,0.018394136481438103,99.0,0.013340027006588637,0.005054109474849465,0.02547155678117059,1.9842169515864174,2.785274636120493,2.8404943326796768,99.0,2.812884484400085,0.02760984827959188,0.1391473258885189,1.9842169515864174,895320237757495.1,1078013853152943.6,99.0,986667045455219.4,91346807697724.27,460367036097997.44,1.9842169515864174,8.233676309647574,8.637715428959876,99.0,8.435695869303725,0.20201955965615073,1.018132414878486,1.9842169515864174,2.4638898876567055,2.5645430760819004,99.0,2.514216481869303,0.05032659421259737,0.25363453412874204,1.9842169515864174,100.0,0.44,-0.0038076953983051803,0.01427321998655462,99.0,0.0052327622941247195,0.0090404576924299,0.04556184083198105,1.9842169515864174,SVR,"{'mode': 'original', 'type': 'SVR'}",4.0,"['pe_T2W10', 'l1_T2W10', 'l2_T2W10', 'density_T2W10']",0.08199927568893504,0.1382840137626538,99.0,0.11014164472579444,0.02814236903685939,0.14183110881276897,1.9842169515864174,3.4408682565021635,3.513519317339682,99.0,3.477193786920923,0.03632553041875916,0.18307237215021394,1.9842169515864174,completed,True,COMPLETE
218,2.8191809878446015,2026-06-09 19:04:13.906639,2026-06-09 19:04:15.745700,0 days 00:00:01.839061,,,,,,,,,,,,,,,SVR,,,,,,4,,,,,,,,,,0.05660938600501654,,0.0472028329440045,scale,linear,True,,,,,,,,,0.005776066436270923,0.01647359782289116,99.0,0.011124832129581042,0.005348765693310119,0.026956556786966686,1.9842169515864174,2.7911699705387636,2.8471920051504394,99.0,2.8191809878446015,0.02801101730583786,0.14116912610509927,1.9842169515864174,894544783820043.6,1077173603524719.6,99.0,985859193672381.6,91314409852338.05,460203758360851.25,1.9842169515864174,8.239927145911548,8.642423909727018,99.0,8.441175527819283,0.2012483819077356,1.014245855257077,1.9842169515864174,2.46608816687277,2.565815720720231,99.0,2.5159519437965003,0.049863776923730625,0.2513020407564991,1.9842169515864174,100.0,0.46,-0.006932491845924659,0.012092631990903824,99.0,0.002580070072489582,0.009512561918414241,0.047941138245033016,1.9842169515864174,SVR,"{'mode': 'original', 'type': 'SVR'}",4.0,"['pe_T2W10', 'l1_T2W10', 'l2_T2W10', 'density_T2W10']",0.07695966557389242,0.13398035663022415,99.0,0.10547001110205828,0.028510345528165868,0.1436856262384581,1.9842169515864174,3.445092005039167,3.5183375611624124,99.0,3.4817147831007897,0.03662277806162246,0.18457043234280343,1.9842169515864174,completed,True,COMPLETE
219,4.560595406456634,2026-06-09 19:04:15.768201,2026-06-09 19:04:15.956365,0 days 00:00:00.188164,,,,,,,,,,,,,,,SVR,,,,,,4,,,,,0.00878852377274676,0.001048499062137377,LinearSVR,,,0.0746077742826577,3.0,0.047059997900232756,scale,poly,True,,,,,,,,,,,,,,,,,,,,,,,,,,,,,,,,,,,,,,,,,,,,,,,,,,,,,SVR,"{'mode': 'proxy', 'type': 'LinearSVR'}",4.0,"['edges_T2W10', 'pe_T2W10', 'l2_T2W10', 'atd_T2W10']",,,,,,,,,,,,,,,pruned,True,PRUNED
220,2.8712087596919624,2026-06-09 19:04:15.966576,2026-06-09 19:04:16.073514,0 days 00:00:00.106938,,,,,,,,,,,,,,,LinearRegression,,,,,,4,,,,,,,,,,,,,,,False,,,,,,,,,,,,,,,,,,,,,,,,,,,,,,,,,,,,,,,,,,,,,,,,,,,,,LinearRegression,"{'mode': 'original', 'type': 'LinearRegression'}",4.0,"['edges_T2W10', 'pe_T2W10', 'atd_T2W10', 'density_T2W10']",,,,,,,,,,,,,,,pruned,False,PRUNED
221,2.813246027242623,2026-06-09 19:04:16.084382,2026-06-09 19:04:17.963995,0 days 00:00:01.879613,,,,,,,,,,,,,,,SVR,,,,,,4,,,,,,,,,,0.0413578464896922,,0.060354968457860404,scale,linear,True,,,,,,,,,0.008163164664238262,0.0182648441914449,99.0,0.013214004427841581,0.005050839763603319,0.02545507818368894,1.9842169515864174,2.785632471073803,2.840859583411443,99.0,2.813246027242623,0.027613556168820146,0.13916601280289742,1.9842169515864174,895058741418462.5,1077655798989102.5,99.0,986357270203782.5,91298528785320.06,460123721412243.9,1.9842169515864174,8.235163734330945,8.638667778162821,99.0,8.436915756246883,0.20175202191593772,1.016784085805906,1.9842169515864174,2.4642741601983236,2.5648352525673497,99.0,2.5145547063828366,0.05028054618451292,0.25340246259015536,1.9842169515864174,100.0,0.45,-0.003986765827007801,0.014093450219075852,99.0,0.0050533421960340255,0.009040108023041827,0.0455600785781721,1.9842169515864174,SVR,"{'mode': 'original', 'type': 'SVR'}",4.0,"['pe_T2W10', 'l1_T2W10', 'l2_T2W10', 'density_T2W10']",0.08179064548141424,0.13831112223916586,99.0,0.11005088386029005,0.028260238378875813,0.14242514336086706,1.9842169515864174,3.441185194931334,3.513825169130217,99.0,3.4775051820307756,0.03631998709944173,0.18304443508762105,1.9842169515864174,completed,True,COMPLETE
