number,value,datetime_start,datetime_complete,duration,params_dt_max_depth,params_dt_min_samples_leaf,params_dt_min_samples_split,params_elastic_alpha,params_elastic_l1_ratio,params_et_max_depth,params_et_max_features,params_et_min_samples_leaf,params_et_min_samples_split,params_et_n_estimators,params_knn_metric,params_knn_n_neighbors,params_knn_weights,params_quantile_alpha,params_regressor,params_rf_max_depth,params_rf_max_features,params_rf_min_samples_leaf,params_rf_min_samples_split,params_rf_n_estimators,params_rfe_n_features,params_rfe_proxy_et_max_depth,params_rfe_proxy_et_min_samples_leaf,params_rfe_proxy_et_min_samples_split,params_rfe_proxy_et_n_estimators,params_rfe_proxy_lsvr_C,params_rfe_proxy_lsvr_epsilon,params_rfe_proxy_type,params_ridge_alpha,params_ridge_solver,params_svr_C,params_svr_degree,params_svr_epsilon,params_svr_gamma,params_svr_kernel,params_use_scaler,params_xgb_booster,params_xgb_colsample_bytree,params_xgb_learning_rate,params_xgb_max_depth,params_xgb_n_estimators,params_xgb_reg_alpha,params_xgb_reg_lambda,params_xgb_subsample,user_attrs_d2mae_ci_lower_val,user_attrs_d2mae_ci_upper_val,user_attrs_d2mae_df_val,user_attrs_d2mae_mean_val,user_attrs_d2mae_samperror_val,user_attrs_d2mae_std_val,user_attrs_d2mae_t_critical_val,user_attrs_mae_ci_lower_val,user_attrs_mae_ci_upper_val,user_attrs_mae_df_val,user_attrs_mae_mean_val,user_attrs_mae_samperror_val,user_attrs_mae_std_val,user_attrs_mae_t_critical_val,user_attrs_mape_ci_lower_val,user_attrs_mape_ci_upper_val,user_attrs_mape_df_val,user_attrs_mape_mean_val,user_attrs_mape_samperror_val,user_attrs_mape_std_val,user_attrs_mape_t_critical_val,user_attrs_max_error_ci_lower_val,user_attrs_max_error_ci_upper_val,user_attrs_max_error_df_val,user_attrs_max_error_mean_val,user_attrs_max_error_samperror_val,user_attrs_max_error_std_val,user_attrs_max_error_t_critical_val,user_attrs_median_ae_ci_lower_val,user_attrs_median_ae_ci_upper_val,user_attrs_median_ae_df_val,user_attrs_median_ae_mean_val,user_attrs_median_ae_samperror_val,user_attrs_median_ae_std_val,user_attrs_median_ae_t_critical_val,user_attrs_n_splits_val,user_attrs_r2_below_zero_val,user_attrs_r2_ci_lower_val,user_attrs_r2_ci_upper_val,user_attrs_r2_df_val,user_attrs_r2_mean_val,user_attrs_r2_samperror_val,user_attrs_r2_std_val,user_attrs_r2_t_critical_val,user_attrs_regressor_final,user_attrs_rfe_estimator,user_attrs_rfe_n_features,user_attrs_rfe_selected_features,user_attrs_rho_ci_lower_val,user_attrs_rho_ci_upper_val,user_attrs_rho_df_val,user_attrs_rho_mean_val,user_attrs_rho_samperror_val,user_attrs_rho_std_val,user_attrs_rho_t_critical_val,user_attrs_rmse_ci_lower_val,user_attrs_rmse_ci_upper_val,user_attrs_rmse_df_val,user_attrs_rmse_mean_val,user_attrs_rmse_samperror_val,user_attrs_rmse_std_val,user_attrs_rmse_t_critical_val,user_attrs_termination_reason,user_attrs_use_scaler_final,state
54,2.995093813198351,2026-06-09 18:52:29.440027,2026-06-09 18:52:29.575440,0 days 00:00:00.135413,2.0,1.0,20.0,,,,,,,,,,,,DecisionTreeRegressor,,,,,,8,,,,,,,,,,,,,,,True,,,,,,,,,,,,,,,,,,,,,,,,,,,,,,,,,,,,,,,,,,,,,,,,,,,,,DecisionTreeRegressor,"{'mode': 'original', 'type': 'DecisionTreeRegressor'}",8.0,"['nodes_T2W10', 'pe_T2W10', 'lcc_T2W10', 'lsc_T2W10', 'atd_T2W10', 'density_T2W10', 'diameter_T2W10', 'asp_T2W10']",,,,,,,,,,,,,,,pruned,True,PRUNED
55,2.8370653469739393,2026-06-09 18:52:29.584408,2026-06-09 18:52:31.519230,0 days 00:00:01.934822,,,,,,,,,,,,,,,SVR,,,,,,11,,,,,,,,,,0.01973961285259095,,0.0038526184320818533,auto,linear,True,,,,,,,,,0.00013011617718770851,0.009265967145885812,99.0,0.00469804166153676,0.004567925484349052,0.02302130057248484,1.9842169515864174,2.811844130593037,2.8622865633548416,99.0,2.8370653469739393,0.025221216380902113,0.12710916697257976,1.9842169515864174,896966416509536.2,1080622633190597.8,99.0,988794524850067.0,91828108340530.7,462792681350254.94,1.9842169515864174,8.253539584130376,8.645216018889581,99.0,8.449377801509979,0.19583821737960208,0.9869798623735467,1.9842169515864174,2.511009688909517,2.6125688137888887,99.0,2.561789251349203,0.05077956243968585,0.25591739048034373,1.9842169515864174,100.0,0.58,-0.013981585525716095,0.0022526104208491476,99.0,-0.005864487552433474,0.008117097973282621,0.040908318854915804,1.9842169515864174,SVR,"{'mode': 'original', 'type': 'SVR'}",11.0,"['nodes_T2W10', 're_T2W10', 'pe_T2W10', 'l1_T2W10', 'l2_T2W10', 'l3_T2W10', 'lcc_T2W10', 'lsc_T2W10', 'atd_T2W10', 'density_T2W10', 'diameter_T2W10']",0.051659138227169756,0.1047060891339179,99.0,0.07818261368054383,0.026523475453374072,0.13367225510379838,1.9842169515864174,3.461548680576507,3.5315081514991964,99.0,3.496528416037852,0.03497973546134438,0.17628987310776395,1.9842169515864174,completed,True,COMPLETE
56,2.8442877643099775,2026-06-09 18:52:31.531956,2026-06-09 18:52:33.352987,0 days 00:00:01.821031,,,,,,,,,,,,,,,SVR,,,,,,9,,,,,,,,,,0.005097202451033243,,0.01267886176869458,auto,linear,True,,,,,,,,,5.7721689075945336e-05,0.004421581519676733,99.0,0.0022396516043763394,0.002181929915300394,0.010996428155479175,1.9842169515864174,2.820661790384681,2.867913738235274,99.0,2.8442877643099775,0.023625973925296636,0.11906950954333519,1.9842169515864174,901882678033479.6,1085865326225307.6,99.0,993874002129393.6,91991324095914.05,463615251459097.4,1.9842169515864174,8.320603143096529,8.702830253702421,99.0,8.511716698399475,0.1911135553029458,0.9631686451934958,1.9842169515864174,2.5519619443768375,2.672525849925365,99.0,2.6122438971511013,0.06028195277426389,0.3038072662672667,1.9842169515864174,100.0,0.72,-0.019394894425850087,-0.010323204736451244,99.0,-0.014859049581150667,0.004535844844699422,0.022859621479762744,1.9842169515864174,SVR,"{'mode': 'original', 'type': 'SVR'}",9.0,"['nodes_T2W10', 'edges_T2W10', 're_T2W10', 'pe_T2W10', 'l1_T2W10', 'l2_T2W10', 'l3_T2W10', 'atd_T2W10', 'density_T2W10']",0.06748805386535314,0.11964860903923272,99.0,0.09356833145229293,0.026080277586939784,0.1314386391371575,1.9842169515864174,3.478773431710237,3.5468679955072,99.0,3.5128207136087184,0.034047281898481496,0.1715905202365098,1.9842169515864174,completed,True,COMPLETE
57,2.9237652602917015,2026-06-09 18:52:33.366498,2026-06-09 18:52:33.551922,0 days 00:00:00.185424,,,,0.00012001690239989966,0.0056614213798094615,,,,,,,,,,ElasticNet,,,,,,10,,,,,,,,,,,,,,,True,,,,,,,,,,,,,,,,,,,,,,,,,,,,,,,,,,,,,,,,,,,,,,,,,,,,,ElasticNet,"{'mode': 'original', 'type': 'ElasticNet'}",10.0,"['edges_T2W10', 're_T2W10', 'pe_T2W10', 'l1_T2W10', 'l3_T2W10', 'lsc_T2W10', 'atd_T2W10', 'density_T2W10', 'diameter_T2W10', 'asp_T2W10']",,,,,,,,,,,,,,,pruned,True,PRUNED
58,2.8573500878470286,2026-06-09 18:52:33.561368,2026-06-09 19:00:05.965025,0 days 00:07:32.403657,,,,,,,,,,,,,,,XGBRegressor,,,,,,11,,,,,,,,,,,,,,,True,dart,0.5051564991103086,0.0011330862802817706,6.0,499.0,2.7554185659162266e-08,7.72708241098842,0.954504394943022,-0.005822779284206061,0.0011214511685408738,99.0,-0.0023506640578325935,0.0034721152263734673,0.017498667288360015,1.9842169515864174,2.8324283822848306,2.8822717934092266,99.0,2.8573500878470286,0.024921705562197853,0.12559970089093583,1.9842169515864174,986017176535124.2,1191226370857300.5,99.0,1088621773696212.4,102604597161088.11,517103722347769.8,1.9842169515864174,7.843075718785527,8.158517222498652,99.0,8.00079647064209,0.1577207518565628,0.7948765467932437,1.9842169515864174,2.529798637893174,2.606485856506851,99.0,2.5681422472000124,0.038343609306838396,0.1932430285719613,1.9842169515864174,100.0,0.32,0.005086666455023487,0.015175469785577059,99.0,0.010131068120300273,0.005044401665276786,0.02542263163936633,1.9842169515864174,XGBRegressor,"{'mode': 'original', 'type': 'XGBRegressor'}",11.0,"['re_T2W10', 'pe_T2W10', 'l1_T2W10', 'l2_T2W10', 'l3_T2W10', 'lcc_T2W10', 'lsc_T2W10', 'atd_T2W10', 'density_T2W10', 'diameter_T2W10', 'asp_T2W10']",0.08548409226686732,0.13384068008594577,99.0,0.10966238617640654,0.02417829390953922,0.12185307604699293,1.9842169515864174,3.435720780563607,3.5024816249367405,99.0,3.4691012027501738,0.03338042218656669,0.16822969968016066,1.9842169515864174,completed,True,COMPLETE
59,2.829717297012309,2026-06-09 19:00:05.978488,2026-06-09 19:00:07.744673,0 days 00:00:01.766185,,,,,,,,,,,,,,,SVR,,,,,,9,,,,,,,,,,0.028318535536304586,,0.003236118794635612,auto,linear,True,,,,,,,,,0.0024345978624556305,0.0122044126442423,99.0,0.007319505253348965,0.004884907390893334,0.02461881694432538,1.9842169515864174,2.803563199871027,2.855871394153591,99.0,2.829717297012309,0.026154097141282265,0.1318106728216972,1.9842169515864174,892187666478513.8,1075137610128246.5,99.0,983662638303380.1,91474971824866.44,461012954010550.75,1.9842169515864174,8.255292934603217,8.642634372700167,99.0,8.448963653651692,0.19367071904847552,0.9760561661043782,1.9842169515864174,2.498525094656521,2.595099038988258,99.0,2.5468120668223895,0.04828697216586839,0.24335530511047235,1.9842169515864174,100.0,0.49,-0.009131872779707468,0.008008219229841525,99.0,-0.0005618267749329719,0.008570046004774496,0.04319107342532574,1.9842169515864174,SVR,"{'mode': 'original', 'type': 'SVR'}",9.0,"['nodes_T2W10', 'pe_T2W10', 'l1_T2W10', 'l2_T2W10', 'l3_T2W10', 'lcc_T2W10', 'atd_T2W10', 'density_T2W10', 'diameter_T2W10']",0.06282991303012021,0.11593157866599817,99.0,0.08938074584805919,0.026550832817938977,0.1338101299694628,1.9842169515864174,3.4519429349185593,3.5224946045739953,99.0,3.4872187697462773,0.03527583482771807,0.17778214624925162,1.9842169515864174,completed,True,COMPLETE
60,2.9128097674067375,2026-06-09 19:00:07.757016,2026-06-09 19:00:08.507046,0 days 00:00:00.750030,,,,,,,,,,,,,,,RandomForestRegressor,12.0,,5.0,2.0,60.0,7,,,,,,,,,,,,,,,True,,,,,,,,,,,,,,,,,,,,,,,,,,,,,,,,,,,,,,,,,,,,,,,,,,,,,RandomForestRegressor,"{'mode': 'original', 'type': 'RandomForestRegressor'}",7.0,"['nodes_T2W10', 're_T2W10', 'pe_T2W10', 'l1_T2W10', 'l3_T2W10', 'density_T2W10', 'asp_T2W10']",,,,,,,,,,,,,,,pruned,True,PRUNED
61,2.836758587997544,2026-06-09 19:00:08.516832,2026-06-09 19:00:10.338092,0 days 00:00:01.821260,,,,,,,,,,,,,,,SVR,,,,,,8,,,,,,,,,,0.042117654999214445,,0.0029492794802703907,scale,linear,True,,,,,,,,,-0.00040694738589145893,0.010022804175023615,99.0,0.004807928394566078,0.005214875780457537,0.026281782222897298,1.9842169515864174,2.810542838265701,2.862974337729387,99.0,2.836758587997544,0.026215749731843024,0.13212138778918836,1.9842169515864174,889920884001202.9,1072225089668775.1,99.0,981072986834989.0,91152102833786.16,459385768077973.5,1.9842169515864174,8.262000097222383,8.646256084648758,99.0,8.454128090935571,0.19212799371318726,0.9682811829602475,1.9842169515864174,2.5020293399598637,2.596936185649455,99.0,2.5494827628046592,0.04745342284479563,0.23915440701610657,1.9842169515864174,100.0,0.5,-0.012717567813173476,0.005744604245449174,99.0,-0.003486481783862151,0.009231086029311325,0.046522564087212864,1.9842169515864174,SVR,"{'mode': 'original', 'type': 'SVR'}",8.0,"['nodes_T2W10', 'pe_T2W10', 'l1_T2W10', 'l2_T2W10', 'l3_T2W10', 'lcc_T2W10', 'density_T2W10', 'diameter_T2W10']",0.06058653557481903,0.11398810604437998,99.0,0.0872873208095995,0.02670078523478047,0.1345658558830107,1.9842169515864174,3.456529738661031,3.5277453708052797,99.0,3.4921375547331555,0.035607816072124404,0.17945525585624755,1.9842169515864174,completed,True,COMPLETE
62,2.827719450580125,2026-06-09 19:00:10.430521,2026-06-09 19:00:12.188870,0 days 00:00:01.758349,,,,,,,,,,,,,,,SVR,,,,,,9,,,,,,,,,,0.02165803111600348,,0.005279296059870291,auto,linear,True,,,,,,,,,0.003358880030614358,0.01275694875713724,99.0,0.0080579143938758,0.004699034363261441,0.023682059361021378,1.9842169515864174,2.801391088641498,2.854047812518752,99.0,2.827719450580125,0.02632836193862717,0.1326889275770836,1.9842169515864174,895721988725319.9,1079059786103477.9,99.0,987390887414398.9,91668898689079.0,461990301089747.56,1.9842169515864174,8.239886471518295,8.636584656686493,99.0,8.438235564102394,0.1983490925840993,0.9996340996155466,1.9842169515864174,2.490467130324774,2.58954460253699,99.0,2.540005866430882,0.04953873610610807,0.2496639093144575,1.9842169515864174,100.0,0.5,-0.010032742270256611,0.006941196930408193,99.0,-0.0015457726699242092,0.008486969600332402,0.04277238733167215,1.9842169515864174,SVR,"{'mode': 'original', 'type': 'SVR'}",9.0,"['nodes_T2W10', 're_T2W10', 'pe_T2W10', 'l1_T2W10', 'l2_T2W10', 'lcc_T2W10', 'lsc_T2W10', 'atd_T2W10', 'density_T2W10']",0.06453357271025911,0.12058373717112436,99.0,0.09255865494069174,0.028025082230432617,0.14124001011092086,1.9842169515864174,3.4533643907644658,3.524804412661484,99.0,3.489084401712975,0.03572001094850923,0.18002069239429908,1.9842169515864174,completed,True,COMPLETE
63,2.8323093719200756,2026-06-09 19:00:12.201548,2026-06-09 19:00:14.149210,0 days 00:00:01.947662,,,,,,,,,,,,,,,SVR,,,,,,9,,,,,,,,,,0.03252250367343924,,0.0030451601378917357,auto,linear,True,,,,,,,,,0.0013223388716433124,0.011492189549846238,99.0,0.006407264210744775,0.005084925339101463,0.025626861694916844,1.9842169515864174,2.805875729741534,2.858743014098617,99.0,2.8323093719200756,0.026433642178541307,0.13321951592746514,1.9842169515864174,891036413733571.6,1073814984228595.1,99.0,982425698981083.4,91389285247511.73,460581113241898.0,1.9842169515864174,8.256226024437208,8.64254097613945,99.0,8.449383500288329,0.1931574758511211,0.9734695376767556,1.9842169515864174,2.500263464002645,2.596950813419818,99.0,2.5486071387112315,0.048343674708586463,0.24364107296802812,1.9842169515864174,100.0,0.49,-0.010382043493005479,0.007429518574135625,99.0,-0.0014762624594349273,0.008905781033570552,0.044883101247825845,1.9842169515864174,SVR,"{'mode': 'original', 'type': 'SVR'}",9.0,"['nodes_T2W10', 'pe_T2W10', 'l1_T2W10', 'l2_T2W10', 'l3_T2W10', 'lcc_T2W10', 'atd_T2W10', 'density_T2W10', 'diameter_T2W10']",0.06169732484622967,0.11532163897063949,99.0,0.08850948190843458,0.02681215706220491,0.13512714444238624,1.9842169515864174,3.4532457962356267,3.524227867264453,99.0,3.48873683175004,0.03549103551441296,0.17886670853223602,1.9842169515864174,completed,True,COMPLETE
64,2.92525420331782,2026-06-09 19:00:14.162464,2026-06-09 19:00:14.314536,0 days 00:00:00.152072,,,,,,,,,,,,,,,Ridge,,,,,,9,,,,,,,,0.0028403334469492623,auto,,,,,,True,,,,,,,,,,,,,,,,,,,,,,,,,,,,,,,,,,,,,,,,,,,,,,,,,,,,,Ridge,"{'mode': 'original', 'type': 'Ridge'}",9.0,"['edges_T2W10', 're_T2W10', 'pe_T2W10', 'l1_T2W10', 'l2_T2W10', 'l3_T2W10', 'atd_T2W10', 'density_T2W10', 'asp_T2W10']",,,,,,,,,,,,,,,pruned,True,PRUNED
65,2.8913444000737756,2026-06-09 19:00:14.324216,2026-06-09 19:00:16.097853,0 days 00:00:01.773637,,,,,,,,,,,,,,,SVR,,,,,,9,,,,,,,,,,0.1277279474197113,,0.0026925188891776873,auto,linear,True,,,,,,,,,-0.022067955153269952,-0.007199593367650003,99.0,-0.014633774260459977,0.007434180892809974,0.03746657283048717,1.9842169515864174,2.8641477432181044,2.9185410569294468,99.0,2.8913444000737756,0.027196656855671082,0.1370649355350324,1.9842169515864174,889465535514807.2,1072382609013650.8,99.0,980924072264229.0,91458536749421.77,460930124986075.75,1.9842169515864174,8.330139318004012,8.691096327220073,99.0,8.510617822612042,0.18047850460803117,0.9095704200275849,1.9842169515864174,2.525630283279269,2.62908589866288,99.0,2.5773580909710745,0.05172780769180533,0.26069632985671254,1.9842169515864174,100.0,0.69,-0.04627575624296657,-0.019766725419050606,99.0,-0.03302124083100859,0.013254515411957981,0.06679972873611807,1.9842169515864174,SVR,"{'mode': 'original', 'type': 'SVR'}",9.0,"['nodes_T2W10', 'edges_T2W10', 'pe_T2W10', 'l1_T2W10', 'l2_T2W10', 'l3_T2W10', 'lcc_T2W10', 'lsc_T2W10', 'density_T2W10']",0.032927354683600515,0.08674407772100486,99.0,0.059835716202302686,0.02690836151870217,0.13561199291835727,1.9842169515864174,3.5056261921776533,3.5770510825596387,99.0,3.541338637368646,0.035712445190992814,0.1799825627053537,1.9842169515864174,completed,True,COMPLETE
66,3.509433106575963,2026-06-09 19:00:16.110475,2026-06-09 19:00:16.232369,0 days 00:00:00.121894,11.0,3.0,11.0,,,,,,,,,,,,DecisionTreeRegressor,,,,,,9,,,,,,,,,,,,,,,True,,,,,,,,,,,,,,,,,,,,,,,,,,,,,,,,,,,,,,,,,,,,,,,,,,,,,DecisionTreeRegressor,"{'mode': 'original', 'type': 'DecisionTreeRegressor'}",9.0,"['re_T2W10', 'pe_T2W10', 'l2_T2W10', 'l3_T2W10', 'lcc_T2W10', 'lsc_T2W10', 'atd_T2W10', 'diameter_T2W10', 'asp_T2W10']",,,,,,,,,,,,,,,pruned,True,PRUNED
67,2.847233857412644,2026-06-09 19:00:16.242210,2026-06-09 19:00:17.991287,0 days 00:00:01.749077,,,,,,,,,,,,,,,SVR,,,,,,8,,,,,,,,,,0.04751201966362458,,0.0022593533835981133,auto,linear,True,,,,,,,,,-0.0044281489558360854,0.006511685527479279,99.0,0.001041768285821597,0.005469917241657682,0.02756713290491941,1.9842169515864174,2.8216392547149196,2.8728284601103686,99.0,2.847233857412644,0.025594602697724355,0.12899094868260755,1.9842169515864174,893877612335575.4,1075900306203146.1,99.0,984888959269360.8,91011346933785.33,458676390507701.8,1.9842169515864174,8.279419918726441,8.66752495977577,99.0,8.473472439251106,0.19405252052466415,0.9779803582945688,1.9842169515864174,2.5158682470623455,2.6123596197063184,99.0,2.564113933384332,0.04824568632198629,0.24314723389200454,1.9842169515864174,100.0,0.57,-0.019725023787461198,-6.988919477338845e-05,99.0,-0.009897456491117293,0.009827567296343905,0.049528693364334915,1.9842169515864174,SVR,"{'mode': 'original', 'type': 'SVR'}",8.0,"['nodes_T2W10', 'pe_T2W10', 'l1_T2W10', 'l2_T2W10', 'l3_T2W10', 'lcc_T2W10', 'lsc_T2W10', 'density_T2W10']",0.048336493141392524,0.10209785106025823,99.0,0.07521717210082537,0.02688067895943285,0.13547247914569654,1.9842169515864174,3.467752674037935,3.538085445941334,99.0,3.5029190599896345,0.0351663859516993,0.17723054892552517,1.9842169515864174,completed,True,COMPLETE
68,2.95084372649981,2026-06-09 19:00:18.003610,2026-06-09 19:00:18.110175,0 days 00:00:00.106565,,,,,,,,,,,,,,,LinearRegression,,,,,,10,,,,,,,,,,,,,,,True,,,,,,,,,,,,,,,,,,,,,,,,,,,,,,,,,,,,,,,,,,,,,,,,,,,,,LinearRegression,"{'mode': 'original', 'type': 'LinearRegression'}",10.0,"['edges_T2W10', 're_T2W10', 'pe_T2W10', 'l1_T2W10', 'l2_T2W10', 'l3_T2W10', 'atd_T2W10', 'density_T2W10', 'diameter_T2W10', 'asp_T2W10']",,,,,,,,,,,,,,,pruned,True,PRUNED
69,2.823780400183295,2026-06-09 19:00:18.119602,2026-06-09 19:00:19.872192,0 days 00:00:01.752590,,,,,,,,,,,,,,,SVR,,,,,,8,,,,,,,,,,0.02830488624085464,,0.013462436350335056,auto,linear,True,,,,,,,,,0.004740069973509203,0.01411753142017435,99.0,0.009428800696841776,0.004688730723332573,0.02363013137038189,1.9842169515864174,2.797611373599449,2.8499494267671412,99.0,2.823780400183295,0.026169026583846264,0.13188591380052295,1.9842169515864174,894037984073237.8,1077527604117271.0,99.0,985782794095254.4,91744810022016.69,462372876860390.94,1.9842169515864174,8.247552728142622,8.636648442646027,99.0,8.442100585394325,0.19454785725170184,0.9804767422038064,1.9842169515864174,2.492945303517917,2.5927225513870527,99.0,2.542833927452485,0.0498886239345677,0.25142726401304477,1.9842169515864174,100.0,0.46,-0.005997499231179335,0.010339044144280357,99.0,0.0021707724565505114,0.008168271687729847,0.04116622268144199,1.9842169515864174,SVR,"{'mode': 'original', 'type': 'SVR'}",8.0,"['nodes_T2W10', 'pe_T2W10', 'l1_T2W10', 'l2_T2W10', 'l3_T2W10', 'lcc_T2W10', 'atd_T2W10', 'density_T2W10']",0.07250388572780285,0.12523607420054106,99.0,0.09886997996417196,0.026366094236369108,0.1328790897350662,1.9842169515864174,3.447398203656199,3.517738611687686,99.0,3.4825684076719425,0.03517020401574312,0.17724979109579678,1.9842169515864174,completed,True,COMPLETE
70,2.963265306122449,2026-06-09 19:00:19.889976,2026-06-09 19:00:20.168729,0 days 00:00:00.278753,,,,,,,,,,,manhattan,10.0,uniform,,KNeighborsRegressor,,,,,,7,,,,,0.14162286154819953,0.0157224597314756,LinearSVR,,,,,,,,True,,,,,,,,,,,,,,,,,,,,,,,,,,,,,,,,,,,,,,,,,,,,,,,,,,,,,KNeighborsRegressor,"{'mode': 'proxy', 'type': 'LinearSVR'}",7.0,"['nodes_T2W10', 'pe_T2W10', 'l1_T2W10', 'l2_T2W10', 'l3_T2W10', 'lsc_T2W10', 'density_T2W10']",,,,,,,,,,,,,,,pruned,True,PRUNED
71,2.9082732494195285,2026-06-09 19:00:20.178443,2026-06-09 19:00:20.291038,0 days 00:00:00.112595,,,,8.346752455335993,0.8162866977759544,,,,,,,,,,ElasticNet,,,,,,8,,,,,,,,,,,,,,,True,,,,,,,,,,,,,,,,,,,,,,,,,,,,,,,,,,,,,,,,,,,,,,,,,,,,,ElasticNet,"{'mode': 'original', 'type': 'ElasticNet'}",8.0,"['l2_T2W10', 'l3_T2W10', 'lcc_T2W10', 'lsc_T2W10', 'atd_T2W10', 'density_T2W10', 'diameter_T2W10', 'asp_T2W10']",,,,,,,,,,,,,,,pruned,True,PRUNED
72,2.821969198215975,2026-06-09 19:00:20.300736,2026-06-09 19:00:22.064403,0 days 00:00:01.763667,,,,,,,,,,,,,,,SVR,,,,,,8,,,,,,,,,,0.029693237345273592,,0.016786564432390842,auto,linear,True,,,,,,,,,0.004925536083601203,0.015254642598381555,99.0,0.01009008934099138,0.0051645532573901766,0.026028168206410202,1.9842169515864174,2.7948708129708426,2.8490675834611072,99.0,2.821969198215975,0.027098385245132126,0.13656966907508009,1.9842169515864174,889698469705387.2,1072561999302145.2,99.0,981130234503766.2,91431764798379.05,460795200470783.7,1.9842169515864174,8.234187143628047,8.625179423356704,99.0,8.429683283492375,0.19549613986432846,0.9852558698685935,1.9842169515864174,2.4723876650657703,2.5685789179117022,99.0,2.5204832914887363,0.048095626422966074,0.24239096629283782,1.9842169515864174,100.0,0.45,-0.006419384512116395,0.011429686729973479,99.0,0.0025051511089285426,0.008924535621044937,0.04497762008287253,1.9842169515864174,SVR,"{'mode': 'original', 'type': 'SVR'}",8.0,"['nodes_T2W10', 'pe_T2W10', 'l1_T2W10', 'l2_T2W10', 'lcc_T2W10', 'atd_T2W10', 'density_T2W10', 'diameter_T2W10']",0.07124052336460462,0.12862541714197134,99.0,0.09993297025328798,0.028692446888683353,0.14460337548141206,1.9842169515864174,3.445992571008852,3.517816922072237,99.0,3.4819047465405446,0.03591217553169228,0.18098915797982595,1.9842169515864174,completed,True,COMPLETE
