number,value,datetime_start,datetime_complete,duration,params_dt_max_depth,params_dt_min_samples_leaf,params_dt_min_samples_split,params_elastic_alpha,params_elastic_l1_ratio,params_et_max_depth,params_et_max_features,params_et_min_samples_leaf,params_et_min_samples_split,params_et_n_estimators,params_knn_metric,params_knn_n_neighbors,params_knn_weights,params_quantile_alpha,params_regressor,params_rf_max_depth,params_rf_max_features,params_rf_min_samples_leaf,params_rf_min_samples_split,params_rf_n_estimators,params_rfe_n_features,params_rfe_proxy_et_max_depth,params_rfe_proxy_et_min_samples_leaf,params_rfe_proxy_et_min_samples_split,params_rfe_proxy_et_n_estimators,params_rfe_proxy_lsvr_C,params_rfe_proxy_lsvr_epsilon,params_rfe_proxy_type,params_ridge_alpha,params_ridge_solver,params_svr_C,params_svr_degree,params_svr_epsilon,params_svr_gamma,params_svr_kernel,params_use_scaler,params_xgb_booster,params_xgb_colsample_bytree,params_xgb_learning_rate,params_xgb_max_depth,params_xgb_n_estimators,params_xgb_reg_alpha,params_xgb_reg_lambda,params_xgb_subsample,user_attrs_d2mae_ci_lower_val,user_attrs_d2mae_ci_upper_val,user_attrs_d2mae_df_val,user_attrs_d2mae_mean_val,user_attrs_d2mae_samperror_val,user_attrs_d2mae_std_val,user_attrs_d2mae_t_critical_val,user_attrs_mae_ci_lower_val,user_attrs_mae_ci_upper_val,user_attrs_mae_df_val,user_attrs_mae_mean_val,user_attrs_mae_samperror_val,user_attrs_mae_std_val,user_attrs_mae_t_critical_val,user_attrs_mape_ci_lower_val,user_attrs_mape_ci_upper_val,user_attrs_mape_df_val,user_attrs_mape_mean_val,user_attrs_mape_samperror_val,user_attrs_mape_std_val,user_attrs_mape_t_critical_val,user_attrs_max_error_ci_lower_val,user_attrs_max_error_ci_upper_val,user_attrs_max_error_df_val,user_attrs_max_error_mean_val,user_attrs_max_error_samperror_val,user_attrs_max_error_std_val,user_attrs_max_error_t_critical_val,user_attrs_median_ae_ci_lower_val,user_attrs_median_ae_ci_upper_val,user_attrs_median_ae_df_val,user_attrs_median_ae_mean_val,user_attrs_median_ae_samperror_val,user_attrs_median_ae_std_val,user_attrs_median_ae_t_critical_val,user_attrs_n_splits_val,user_attrs_r2_below_zero_val,user_attrs_r2_ci_lower_val,user_attrs_r2_ci_upper_val,user_attrs_r2_df_val,user_attrs_r2_mean_val,user_attrs_r2_samperror_val,user_attrs_r2_std_val,user_attrs_r2_t_critical_val,user_attrs_regressor_final,user_attrs_rfe_estimator,user_attrs_rfe_n_features,user_attrs_rfe_selected_features,user_attrs_rho_ci_lower_val,user_attrs_rho_ci_upper_val,user_attrs_rho_df_val,user_attrs_rho_mean_val,user_attrs_rho_samperror_val,user_attrs_rho_std_val,user_attrs_rho_t_critical_val,user_attrs_rmse_ci_lower_val,user_attrs_rmse_ci_upper_val,user_attrs_rmse_df_val,user_attrs_rmse_mean_val,user_attrs_rmse_samperror_val,user_attrs_rmse_std_val,user_attrs_rmse_t_critical_val,user_attrs_termination_reason,user_attrs_use_scaler_final,state
26,2.9925175153600923,2026-06-09 18:50:20.974457,2026-06-09 18:50:24.064483,0 days 00:00:03.090026,,,,,,,,,,,,,,,XGBRegressor,,,,,,3,,,,,,,,,,,,,,,False,gbtree,0.9719329010154774,0.23999883276717277,2.0,70.0,5.326522604768556,3.392173699617107e-08,0.5113615353735504,-0.06488018425625254,-0.034468977880957735,99.0,-0.04967458106860514,0.015205603187647406,0.07663276526032221,1.9842169515864174,2.9423784979052705,3.042656532814914,99.0,2.9925175153600923,0.05013901745482155,0.2526891901348514,1.9842169515864174,923546774452103.2,1140200976502035.0,99.0,1031873875477069.1,108327101024965.81,545943834107234.75,1.9842169515864174,8.506894938824484,8.904107937934093,99.0,8.705501438379288,0.19860649955480392,1.0009313719249018,1.9842169515864174,2.5623844861810663,2.7030996060544985,99.0,2.6327420461177824,0.07035755993671597,0.3545860238743743,1.9842169515864174,100.0,0.77,-0.14531720754099275,-0.08727622113583089,99.0,-0.11629671433841182,0.029020493202580926,0.14625665393785955,1.9842169515864174,XGBRegressor,"{'mode': 'original', 'type': 'XGBRegressor'}",3.0,"['pe_T2W10', 'density_T2W10', 'diameter_T2W10']",0.13145083723078319,0.1813707544129072,99.0,0.1564107958218452,0.024959958591062002,0.1257924874147762,1.9842169515864174,3.6197865557828073,3.731957012554959,99.0,3.675871784168883,0.0560852283860756,0.2826567343920454,1.9842169515864174,completed,False,COMPLETE
27,2.8903825003055115,2026-06-09 18:50:24.077655,2026-06-09 18:50:25.875634,0 days 00:00:01.797979,,,,9.712905031234865,0.9703798049018051,,,,,,,,,,ElasticNet,,,,,,5,,,,,,,,,,,,,,,False,,,,,,,,,-0.016098352525652435,-0.011967505680802319,99.0,-0.014032929103227376,0.0020654234224250574,0.010409262055611983,1.9842169515864174,2.867925793765349,2.912839206845674,99.0,2.8903825003055115,0.022456706540162383,0.11317666912485472,1.9842169515864174,1007145265989695.5,1214814003665732.8,99.0,1110979634827714.1,103834368838018.67,523301490570379.44,1.9842169515864174,7.9148399448907,8.282884606007505,99.0,8.098862275449102,0.1840223305584023,0.9274304929774596,1.9842169515864174,2.528096415672811,2.5847179555846744,99.0,2.5564071856287427,0.028310769955931913,0.1426798109616841,1.9842169515864174,100.0,1.0,-0.0030903312519515963,-0.0016328443404349832,99.0,-0.0023615877961932897,0.0007287434557583064,0.0036727004835618547,1.9842169515864174,ElasticNet,"{'mode': 'original', 'type': 'ElasticNet'}",5.0,"['lsc_T2W10', 'atd_T2W10', 'density_T2W10', 'diameter_T2W10', 'asp_T2W10']",,,,,,,,3.4592024280460905,3.522960944242074,99.0,3.4910816861440823,0.03187925809799185,0.16066417572183228,1.9842169515864174,completed,False,COMPLETE
28,2.868771394273956,2026-06-09 18:50:25.888641,2026-06-09 18:51:13.785459,0 days 00:00:47.896818,,,,,,,,,,,,,,,RandomForestRegressor,2.0,sqrt,1.0,12.0,500.0,2,,,,,,,,,,,,,,,False,,,,,,,,,-0.012131067745768474,-0.0003098715838322939,99.0,-0.006220469664800383,0.005910598080968089,0.02978806363005043,1.9842169515864174,2.8388837710201025,2.8986590175278093,99.0,2.868771394273956,0.029887623253853614,0.15062679123851813,1.9842169515864174,970815584494820.0,1169456557374588.2,99.0,1070136070934704.1,99320486439884.06,500552554802414.75,1.9842169515864174,7.789435913881426,8.133688060433832,99.0,7.961561987157629,0.17212607327620327,0.8674760748243046,1.9842169515864174,2.5369632427193753,2.629917181387084,99.0,2.5834402120532296,0.04647696933385434,0.2342333044614661,1.9842169515864174,100.0,0.41,-0.004284606872583792,0.017006188986544293,99.0,0.006360791056980251,0.010645397929564043,0.05365037286397969,1.9842169515864174,RandomForestRegressor,"{'mode': 'original', 'type': 'RandomForestRegressor'}",2.0,"['nodes_T2W10', 'pe_T2W10']",0.049580192282564814,0.10374069995178813,99.0,0.07666044611717647,0.02708025383461166,0.1364782909094719,1.9842169515864174,3.4380852419650467,3.511183884408172,99.0,3.4746345631866093,0.036549321221562424,0.18420022665535934,1.9842169515864174,completed,False,COMPLETE
29,2.855027437450612,2026-06-09 18:51:13.798177,2026-06-09 18:51:15.680808,0 days 00:00:01.882631,,,,,,,,,,,,,,,SVR,,,,,,11,,,,,8.903542421807142,0.7345010258903235,LinearSVR,,,0.0036358566826428886,,0.0019088210580947447,auto,rbf,True,,,,,,,,,-0.0024353174319297686,-0.0005105834589152659,99.0,-0.0014729504454225172,0.0009623669865072513,0.004850109690564943,1.9842169515864174,2.831213888857028,2.878840986044196,99.0,2.855027437450612,0.023813548593584158,0.12001484300668228,1.9842169515864174,896679424455542.5,1080778852014285.2,99.0,988729138234913.9,92049713779371.34,463909522120431.06,1.9842169515864174,8.509919457097643,8.88606493372703,99.0,8.697992195412336,0.188072738314693,0.9478436224643956,1.9842169515864174,2.5333730232196467,2.7227365923460134,99.0,2.62805480778283,0.09468178456318355,0.47717455738639736,1.9842169515864174,100.0,1.0,-0.03912307401141031,-0.034143594543637176,99.0,-0.036633334277523744,0.0024897397338865695,0.01254771930002905,1.9842169515864174,SVR,"{'mode': 'proxy', 'type': 'LinearSVR'}",11.0,"['nodes_T2W10', 'edges_T2W10', 'pe_T2W10', 'l2_T2W10', 'l3_T2W10', 'lcc_T2W10', 'lsc_T2W10', 'atd_T2W10', 'density_T2W10', 'diameter_T2W10', 'asp_T2W10']",0.004430427533342676,0.05292581944899238,99.0,0.028678123491167527,0.02424769595782485,0.12220284651050066,1.9842169515864174,3.516063437577375,3.585257205122641,99.0,3.550660321350008,0.034596883772632744,0.1743603880864535,1.9842169515864174,completed,True,COMPLETE
30,2.8824024991746815,2026-06-09 18:51:15.693038,2026-06-09 18:51:17.544815,0 days 00:00:01.851777,,,,,,,,,,,,,,,Ridge,,,,,,9,,,,,,,,27.280315171966105,lsqr,,,,,,False,,,,,,,,,-0.0148374878734308,-0.007695212322601529,99.0,-0.011266350098016164,0.0035711377754146355,0.01799771830675797,1.9842169515864174,2.8590228135813343,2.9057821847680287,99.0,2.8824024991746815,0.02337968559334731,0.11782827263246,1.9842169515864174,986275668096183.2,1189245779928393.8,99.0,1087760724012288.5,101485055916105.19,511461490312165.94,1.9842169515864174,7.924707910568946,8.27108026239962,99.0,8.097894086484283,0.17318617591533708,0.8728187498694212,1.9842169515864174,2.531560472681761,2.597831352636195,99.0,2.564695912658978,0.03313543997721707,0.16699504532871104,1.9842169515864174,100.0,0.46,-0.0038157358321739944,0.0062046882273886035,99.0,0.0011944761976073047,0.005010212029781299,0.02525032368953175,1.9842169515864174,Ridge,"{'mode': 'original', 'type': 'Ridge'}",9.0,"['nodes_T2W10', 'edges_T2W10', 'pe_T2W10', 'l1_T2W10', 'l2_T2W10', 'l3_T2W10', 'lcc_T2W10', 'atd_T2W10', 'diameter_T2W10']",0.010548546003971097,0.06952466184493758,99.0,0.040036603924454336,0.02948805792048324,0.14861307326755274,1.9842169515864174,3.451758103012834,3.517462630055737,99.0,3.4846103665342856,0.03285226352145144,0.1655679007035267,1.9842169515864174,completed,False,COMPLETE
31,3.0046578213670823,2026-06-09 18:51:17.557333,2026-06-09 18:51:19.944446,0 days 00:00:02.387113,,,,,,,,,,,,,,0.00010446696895618456,QuantileRegressor,,,,,,7,,,,,,,,,,,,,,,False,,,,,,,,,-0.06528701131247204,-0.043945052654274785,99.0,-0.05461603198337341,0.010670979329098624,0.053779297271737254,1.9842169515864174,2.9716764030488885,3.037639239685276,99.0,3.0046578213670823,0.03298141831819368,0.16621881136447522,1.9842169515864174,915887924776895.9,1110613443910956.9,99.0,1013250684343926.4,97362759567030.55,490686058745679.3,1.9842169515864174,8.64985707672706,9.486073772363895,99.0,9.067965424545477,0.41810834781841744,2.1071705263082863,1.9842169515864174,2.5921623820370714,2.6881427552408423,99.0,2.640152568638957,0.047990186601885386,0.24185957368984454,1.9842169515864174,100.0,0.87,-0.15226672248157602,-0.0894031779466692,99.0,-0.12083495021412262,0.03143177226745342,0.15840894939599798,1.9842169515864174,QuantileRegressor,"{'mode': 'original', 'type': 'QuantileRegressor'}",7.0,"['nodes_T2W10', 'edges_T2W10', 're_T2W10', 'pe_T2W10', 'l1_T2W10', 'l2_T2W10', 'l3_T2W10']",-0.015591826638602342,0.03349384858811787,99.0,0.008951010974757761,0.024542837613360104,0.12369029300821999,1.9842169515864174,3.630324456806894,3.731568820562145,99.0,3.6809466386845195,0.05062218187762567,0.25512422841238364,1.9842169515864174,completed,False,COMPLETE
32,2.8525011140332763,2026-06-09 18:51:19.956611,2026-06-09 18:51:21.825618,0 days 00:00:01.869007,,,,,,,,,,,,,,,SVR,,,,,,10,,,,,,,,,,0.001984809392720067,,0.0014840945555969732,auto,linear,True,,,,,,,,,-0.0019223080916405326,0.0006806469270622499,99.0,-0.0006208305822891413,0.0013014775093513912,0.006559149231694832,1.9842169515864174,2.8290460649511417,2.875956163115411,99.0,2.8525011140332763,0.02345504908213466,0.11820808739377982,1.9842169515864174,899026619953277.0,1082950639774058.0,99.0,990988629863667.5,91962009910390.48,463467514662976.7,1.9842169515864174,8.421754671900922,8.79345790363095,99.0,8.607606287765936,0.18585161586501311,0.9366496728919756,1.9842169515864174,2.555215627097973,2.7055902796372333,99.0,2.630402953367603,0.07518732626962991,0.3789269424873942,1.9842169515864174,100.0,0.98,-0.03012472886575802,-0.024010808384673742,99.0,-0.02706776862521588,0.0030569602405421392,0.015406381031560303,1.9842169515864174,SVR,"{'mode': 'original', 'type': 'SVR'}",10.0,"['nodes_T2W10', 'edges_T2W10', 're_T2W10', 'pe_T2W10', 'l1_T2W10', 'l2_T2W10', 'l3_T2W10', 'lsc_T2W10', 'atd_T2W10', 'density_T2W10']",0.05803813287028131,0.10999469867634132,99.0,0.08401641577331131,0.025978282903030003,0.1309246092382181,1.9842169515864174,3.4999349319672644,3.568284195191326,99.0,3.534109563579295,0.03417463161203073,0.1722323336906657,1.9842169515864174,completed,True,COMPLETE
33,2.8271253503405314,2026-06-09 18:51:21.838495,2026-06-09 18:51:23.660744,0 days 00:00:01.822249,,,,,,,,,,,,,,,SVR,,,,,,9,,,,,,,,,,0.02458155622904365,,0.007009457407538956,auto,linear,True,,,,,,,,,0.003774196710625282,0.01274158928955738,99.0,0.00825789300009133,0.004483696289466048,0.022596804678446332,1.9842169515864174,2.801184345770137,2.8530663549109256,99.0,2.8271253503405314,0.025941004570394055,0.13073673496062893,1.9842169515864174,895230164938261.0,1078406811574811.0,99.0,986818488256536.0,91588323318275.03,461584219634090.44,1.9842169515864174,8.250693193302766,8.639336210589025,99.0,8.445014701945896,0.19432150864312925,0.9793359969420968,1.9842169515864174,2.503073238779535,2.6047879440500226,99.0,2.5539305914147787,0.05085735263524369,0.25630943528923245,1.9842169515864174,100.0,0.47,-0.008728503320809508,0.00731621227357194,99.0,-0.0007061455236187841,0.008022357797190724,0.040430850017568416,1.9842169515864174,SVR,"{'mode': 'original', 'type': 'SVR'}",9.0,"['nodes_T2W10', 're_T2W10', 'pe_T2W10', 'l1_T2W10', 'l2_T2W10', 'l3_T2W10', 'atd_T2W10', 'density_T2W10', 'diameter_T2W10']",0.0639591938808238,0.11725941810473409,99.0,0.09060930599277894,0.02665011211195515,0.13431047492386305,1.9842169515864174,3.4524119065022614,3.522897755896228,99.0,3.4876548311992446,0.03524292469698311,0.17761628671101592,1.9842169515864174,completed,True,COMPLETE
34,2.866171205707733,2026-06-09 18:51:23.678442,2026-06-09 18:51:48.705172,0 days 00:00:25.026730,,,,,,7.0,sqrt,5.0,4.0,371.0,,,,,ExtraTreesRegressor,,,,,,8,,,,,,,,,,,,,,,True,,,,,,,,,-0.008330823684741384,-0.0025725151620543305,99.0,-0.005451669423397858,0.002879154261343527,0.014510279528866998,1.9842169515864174,2.841971261805378,2.8903711496100883,99.0,2.866171205707733,0.024199943902355317,0.12196218706329982,1.9842169515864174,990663744927199.6,1196176926522833.5,99.0,1093420335725016.5,102756590797816.92,517869735543087.5,1.9842169515864174,7.920913212469683,8.26320932874192,99.0,8.092061270605802,0.1711480581361183,0.8625471020156457,1.9842169515864174,2.5216563553827016,2.5895683972588404,99.0,2.555612376320771,0.03395602093806945,0.17113058585111368,1.9842169515864174,100.0,0.29,0.003120804564843172,0.011780657488517421,99.0,0.007450731026680296,0.0043299264618371245,0.021821839886889738,1.9842169515864174,ExtraTreesRegressor,"{'mode': 'original', 'type': 'ExtraTreesRegressor'}",8.0,"['nodes_T2W10', 'pe_T2W10', 'l1_T2W10', 'l2_T2W10', 'l3_T2W10', 'atd_T2W10', 'diameter_T2W10', 'asp_T2W10']",0.08086560557223764,0.13270778490922897,99.0,0.10678669524073331,0.025921089668495666,0.13063636840604193,1.9842169515864174,3.4402878793464478,3.5077915880296286,99.0,3.474039733688038,0.033751854341590455,0.17010163286129187,1.9842169515864174,completed,True,COMPLETE
35,3.8561224489795918,2026-06-09 18:51:48.717759,2026-06-09 18:51:50.766803,0 days 00:00:02.049044,,,,,,,,,,,euclidean,1.0,uniform,,KNeighborsRegressor,,,,,,9,3.0,1.0,12.0,150.0,,,ExtraTrees,,,,,,,,True,,,,,,,,,-0.37724389666067193,-0.3309363644684,99.0,-0.354090130564536,0.023153766096135953,0.11668968999394999,1.9842169515864174,3.7921695540958775,3.920075343863306,99.0,3.8561224489795918,0.06395289488371406,0.32230797561013963,1.9842169515864174,629888841315454.5,818615855161262.0,99.0,724252348238358.2,94363506922903.77,475570510812632.8,1.9842169515864174,10.767697920314273,11.172302079685728,99.0,10.97,0.20230207968572853,1.0195562512656913,1.9842169515864174,3.1861235979421503,3.3738764020578493,99.0,3.28,0.09387640205784968,0.4731156136066361,1.9842169515864174,100.0,1.0,-0.8935016901556129,-0.7843717507187443,99.0,-0.8389367204371786,0.05456496971843429,0.2749949781187415,1.9842169515864174,KNeighborsRegressor,"{'mode': 'proxy', 'type': 'ExtraTrees'}",9.0,"['nodes_T2W10', 'edges_T2W10', 're_T2W10', 'pe_T2W10', 'l2_T2W10', 'l3_T2W10', 'lcc_T2W10', 'atd_T2W10', 'density_T2W10']",0.06730793033423782,0.11484317443803865,99.0,0.09107555238613824,0.02376762205190042,0.11978338373179291,1.9842169515864174,4.641515249720483,4.775972587581764,99.0,4.708743918651123,0.0672286689306404,0.33881712822224336,1.9842169515864174,completed,True,COMPLETE
36,2.885570834450399,2026-06-09 18:51:50.779849,2026-06-09 18:51:52.707741,0 days 00:00:01.927892,,,,,,,,,,,,,,,SVR,,,,,,11,,,,,,,,,,0.0893532239752446,,0.023947397529605376,auto,linear,True,,,,,,,,,-0.019776833648014077,-0.005423129009584644,99.0,-0.01259998132879936,0.007176852319214716,0.036169695624647766,1.9842169515864174,2.8588510895799075,2.9122905793208904,99.0,2.885570834450399,0.026719744870491263,0.134661408114311,1.9842169515864174,886886951012095.8,1069228896413590.0,99.0,978057923712842.9,91170972700747.08,459480867895288.5,1.9842169515864174,8.314300504159442,8.68338830222354,99.0,8.498844403191491,0.18454389903204876,0.9300590788950905,1.9842169515864174,2.5303289590902893,2.6310391252870233,99.0,2.5806840421886563,0.05035508309836693,0.25377811160270114,1.9842169515864174,100.0,0.68,-0.042581994307389126,-0.016735646369148132,99.0,-0.029658820338268627,0.012923173969120495,0.06512984358282084,1.9842169515864174,SVR,"{'mode': 'original', 'type': 'SVR'}",11.0,"['nodes_T2W10', 'edges_T2W10', 'pe_T2W10', 'l1_T2W10', 'l2_T2W10', 'l3_T2W10', 'lcc_T2W10', 'lsc_T2W10', 'atd_T2W10', 'density_T2W10', 'diameter_T2W10']",0.029740384693303614,0.08472857662865678,99.0,0.0572344806609802,0.027494095967676584,0.13856396068834387,1.9842169515864174,3.4999673045107884,3.571549051874341,99.0,3.5357581781925647,0.03579087368177609,0.18037782437631447,1.9842169515864174,completed,True,COMPLETE
37,2.8601015307621513,2026-06-09 18:51:52.719890,2026-06-09 18:51:54.739859,0 days 00:00:02.019969,,,,,,,,,,,,,,,SVR,,,,,,8,,,,,,,,,,0.06431371248364447,,0.020751515458087098,scale,linear,True,,,,,,,,,-0.009731252257710078,0.002652642658582334,99.0,-0.0035393047995638726,0.0061919474581462065,0.03120600019668027,1.9842169515864174,2.833969457200514,2.8862336043237886,99.0,2.8601015307621513,0.02613207356163718,0.13169967901314478,1.9842169515864174,891671862432124.4,1073540928657596.6,99.0,982606395544860.5,90934533112736.17,458289266403214.44,1.9842169515864174,8.286603003642929,8.672941616068561,99.0,8.479772309855745,0.19316930621281528,0.9735291599962036,1.9842169515864174,2.5223534889605186,2.6217043367878206,99.0,2.5720289128741696,0.04967542391365111,0.25035278462838806,1.9842169515864174,100.0,0.59,-0.027101847463477213,-0.005309622214716802,99.0,-0.016205734839097007,0.010896112624380205,0.05491391763218516,1.9842169515864174,SVR,"{'mode': 'original', 'type': 'SVR'}",8.0,"['nodes_T2W10', 'pe_T2W10', 'l1_T2W10', 'l2_T2W10', 'l3_T2W10', 'lcc_T2W10', 'lsc_T2W10', 'density_T2W10']",0.04264400024767845,0.09778380337892276,99.0,0.0702139018133006,0.027569901565622154,0.1389460035787897,1.9842169515864174,3.4780437341550967,3.548834498164824,99.0,3.5134391161599603,0.0353953820048634,0.1783846367029782,1.9842169515864174,completed,True,COMPLETE
38,2.856039427539704,2026-06-09 18:51:54.754142,2026-06-09 18:52:03.440347,0 days 00:00:08.686205,,,,,,20.0,log2,2.0,12.0,74.0,,,,,ExtraTreesRegressor,,,,,,6,,,,,,,,,,,,,,,True,,,,,,,,,-0.008419189742868878,0.004768072944242194,99.0,-0.0018255583993133416,0.0065936313435555356,0.03323039518578756,1.9842169515864174,2.825704950253721,2.886373904825687,99.0,2.856039427539704,0.03033447728598307,0.15287883344475062,1.9842169515864174,926332612325027.8,1124296376214809.8,99.0,1025314494269918.8,98981881944891.0,498846065526016.2,1.9842169515864174,7.96162592064849,8.318647620247317,99.0,8.140136770447903,0.17851084979941326,0.8996538894433423,1.9842169515864174,2.554349297824842,2.6446336691688948,99.0,2.5994914834968683,0.04514218567202646,0.22750629983245763,1.9842169515864174,100.0,0.37,0.002402954494561427,0.024481941600590355,99.0,0.013442448047575892,0.011039493553014465,0.055636524746894185,1.9842169515864174,ExtraTreesRegressor,"{'mode': 'original', 'type': 'ExtraTreesRegressor'}",6.0,"['pe_T2W10', 'l2_T2W10', 'l3_T2W10', 'density_T2W10', 'diameter_T2W10', 'asp_T2W10']",0.12820422429511533,0.1793340376042525,99.0,0.15376913094968392,0.025564906654568592,0.12884128741128326,1.9842169515864174,3.4240744233883897,3.501021901619437,99.0,3.4625481625039134,0.03847373911552344,0.19389885307029048,1.9842169515864174,completed,True,COMPLETE
39,2.8548979591836727,2026-06-09 18:52:03.453126,2026-06-09 18:52:05.607564,0 days 00:00:02.154438,,,,,,,,,,,,,,0.020852855963261297,QuantileRegressor,,,,,,4,,,,,,,,,,,,,,,False,,,,,,,,,-0.0023921666440403413,-0.0004597568821275755,99.0,-0.0014259617630839583,0.0009662048809563828,0.004869451801547631,1.9842169515864174,2.831063283706104,2.8787326346612416,99.0,2.8548979591836727,0.023834675477569067,0.12012131767402154,1.9842169515864174,896047330588630.5,1080021893665772.5,99.0,988034612127201.5,91987281538570.95,463594877893898.9,1.9842169515864174,8.51186631524105,8.888133684758948,99.0,8.7,0.1881336847589489,0.9481507786158796,1.9842169515864174,2.5337185338358323,2.7262814661641674,99.0,2.63,0.09628146616416737,0.48523658709390927,1.9842169515864174,100.0,1.0,-0.039653449759146246,-0.034695711413592865,99.0,-0.037174580586369556,0.0024788691727766917,0.012492934156190889,1.9842169515864174,QuantileRegressor,"{'mode': 'original', 'type': 'QuantileRegressor'}",4.0,"['atd_T2W10', 'density_T2W10', 'diameter_T2W10', 'asp_T2W10']",,,,,,,,3.516985895849968,3.586188660389006,99.0,3.551587278119487,0.03460138226951906,0.1743830594827578,1.9842169515864174,completed,False,COMPLETE
