number,value,datetime_start,datetime_complete,duration,params_dt_max_depth,params_dt_min_samples_leaf,params_dt_min_samples_split,params_elastic_alpha,params_elastic_l1_ratio,params_et_max_depth,params_et_max_features,params_et_min_samples_leaf,params_et_min_samples_split,params_et_n_estimators,params_knn_metric,params_knn_n_neighbors,params_knn_weights,params_quantile_alpha,params_regressor,params_rf_max_depth,params_rf_max_features,params_rf_min_samples_leaf,params_rf_min_samples_split,params_rf_n_estimators,params_rfe_n_features,params_rfe_proxy_et_max_depth,params_rfe_proxy_et_min_samples_leaf,params_rfe_proxy_et_min_samples_split,params_rfe_proxy_et_n_estimators,params_rfe_proxy_lsvr_C,params_rfe_proxy_lsvr_epsilon,params_rfe_proxy_type,params_ridge_alpha,params_ridge_solver,params_svr_C,params_svr_degree,params_svr_epsilon,params_svr_gamma,params_svr_kernel,params_use_scaler,params_xgb_booster,params_xgb_colsample_bytree,params_xgb_learning_rate,params_xgb_max_depth,params_xgb_n_estimators,params_xgb_reg_alpha,params_xgb_reg_lambda,params_xgb_subsample,user_attrs_d2mae_ci_lower_val,user_attrs_d2mae_ci_upper_val,user_attrs_d2mae_df_val,user_attrs_d2mae_mean_val,user_attrs_d2mae_samperror_val,user_attrs_d2mae_std_val,user_attrs_d2mae_t_critical_val,user_attrs_mae_ci_lower_val,user_attrs_mae_ci_upper_val,user_attrs_mae_df_val,user_attrs_mae_mean_val,user_attrs_mae_samperror_val,user_attrs_mae_std_val,user_attrs_mae_t_critical_val,user_attrs_mape_ci_lower_val,user_attrs_mape_ci_upper_val,user_attrs_mape_df_val,user_attrs_mape_mean_val,user_attrs_mape_samperror_val,user_attrs_mape_std_val,user_attrs_mape_t_critical_val,user_attrs_max_error_ci_lower_val,user_attrs_max_error_ci_upper_val,user_attrs_max_error_df_val,user_attrs_max_error_mean_val,user_attrs_max_error_samperror_val,user_attrs_max_error_std_val,user_attrs_max_error_t_critical_val,user_attrs_median_ae_ci_lower_val,user_attrs_median_ae_ci_upper_val,user_attrs_median_ae_df_val,user_attrs_median_ae_mean_val,user_attrs_median_ae_samperror_val,user_attrs_median_ae_std_val,user_attrs_median_ae_t_critical_val,user_attrs_n_splits_val,user_attrs_r2_below_zero_val,user_attrs_r2_ci_lower_val,user_attrs_r2_ci_upper_val,user_attrs_r2_df_val,user_attrs_r2_mean_val,user_attrs_r2_samperror_val,user_attrs_r2_std_val,user_attrs_r2_t_critical_val,user_attrs_regressor_final,user_attrs_rfe_estimator,user_attrs_rfe_n_features,user_attrs_rfe_selected_features,user_attrs_rho_ci_lower_val,user_attrs_rho_ci_upper_val,user_attrs_rho_df_val,user_attrs_rho_mean_val,user_attrs_rho_samperror_val,user_attrs_rho_std_val,user_attrs_rho_t_critical_val,user_attrs_rmse_ci_lower_val,user_attrs_rmse_ci_upper_val,user_attrs_rmse_df_val,user_attrs_rmse_mean_val,user_attrs_rmse_samperror_val,user_attrs_rmse_std_val,user_attrs_rmse_t_critical_val,user_attrs_termination_reason,user_attrs_use_scaler_final,state
171,3.7699999999999996,2026-06-09 19:02:47.353156,2026-06-09 19:02:47.497435,0 days 00:00:00.144279,20.0,3.0,7.0,,,,,,,,,,,,DecisionTreeRegressor,,,,,,7,,,,,,,,,,,,,,,True,,,,,,,,,,,,,,,,,,,,,,,,,,,,,,,,,,,,,,,,,,,,,,,,,,,,,DecisionTreeRegressor,"{'mode': 'original', 'type': 'DecisionTreeRegressor'}",7.0,"['nodes_T2W10', 'pe_T2W10', 'l2_T2W10', 'lcc_T2W10', 'lsc_T2W10', 'density_T2W10', 'asp_T2W10']",,,,,,,,,,,,,,,pruned,True,PRUNED
172,2.819037910280164,2026-06-09 19:02:47.507355,2026-06-09 19:02:49.360586,0 days 00:00:01.853231,,,,,,,,,,,,,,,SVR,,,,,,7,,,,,,,,,,0.019800191384516268,,0.02736841977024068,auto,linear,True,,,,,,,,,0.006832283029475614,0.015445008407498562,99.0,0.011138645718487088,0.004306362689011474,0.021703083856674334,1.9842169515864174,2.7928757828070445,2.8452000377532833,99.0,2.819037910280164,0.02616212747311963,0.131851143859055,1.9842169515864174,898315048869690.2,1081484021444038.0,99.0,989899535156864.1,91584486287173.92,461564881874184.56,1.9842169515864174,8.2333786842614,8.637308919855855,99.0,8.435343802058627,0.2019651177972275,1.0178580403506419,1.9842169515864174,2.4969958403813437,2.599076738099843,99.0,2.5480362892405934,0.05104044885924966,0.25723219841682077,1.9842169515864174,100.0,0.47,-0.005921390685441123,0.009764011683384262,99.0,0.00192131049897157,0.007842701184412692,0.03952542174454417,1.9842169515864174,SVR,"{'mode': 'original', 'type': 'SVR'}",7.0,"['nodes_T2W10', 're_T2W10', 'pe_T2W10', 'l1_T2W10', 'l2_T2W10', 'atd_T2W10', 'density_T2W10']",0.07845987185165383,0.1344893423974184,99.0,0.1064746071245361,0.02801473527288227,0.14118786380936812,1.9842169515864174,3.44781886069596,3.5185081625408006,99.0,3.4831635116183803,0.03534465092242014,0.17812896364060113,1.9842169515864174,completed,True,COMPLETE
173,2.8224144130335604,2026-06-09 19:02:49.373960,2026-06-09 19:02:51.166110,0 days 00:00:01.792150,,,,,,,,,,,,,,,SVR,,,,,,7,,,,,,,,,,0.024671401068533164,,0.026992064089382834,auto,linear,True,,,,,,,,,0.005517961621481272,0.014296077661736836,99.0,0.009907019641609054,0.004389058020127782,0.02211984942784936,1.9842169515864174,2.7966844893661045,2.8481443367010164,99.0,2.8224144130335604,0.025729923667456005,0.12967293544632036,1.9842169515864174,893077261674103.1,1075622786490215.6,99.0,984350024082159.4,91272762408056.2,459993864759002.2,1.9842169515864174,8.263504034255707,8.650695788940123,99.0,8.457099911597915,0.1935958773422071,0.9756789810077153,1.9842169515864174,2.4918029681188707,2.5920409026939866,99.0,2.5419219354064286,0.05011896728755792,0.25258814187373463,1.9842169515864174,100.0,0.45,-0.006156577290918727,0.009821042106790098,99.0,0.0018322324079356855,0.007988809698854413,0.04026177526841112,1.9842169515864174,SVR,"{'mode': 'original', 'type': 'SVR'}",7.0,"['nodes_T2W10', 'pe_T2W10', 'l1_T2W10', 'l2_T2W10', 'l3_T2W10', 'density_T2W10', 'diameter_T2W10']",0.0695086085885502,0.12313417222518751,99.0,0.09632139040686885,0.026812781818318657,0.13513029307042937,1.9842169515864174,3.447967005716035,3.5185470124308287,99.0,3.483257009073432,0.035290003357396994,0.17785355240102146,1.9842169515864174,completed,True,COMPLETE
174,2.851904761904762,2026-06-09 19:02:51.178715,2026-06-09 19:02:52.939532,0 days 00:00:01.760817,,,,,,,,,,,euclidean,15.0,uniform,,KNeighborsRegressor,,,,,,6,,,,,1.4067191797722567,0.09753452819441158,LinearSVR,,,,,,,,True,,,,,,,,,-0.008901852293350656,0.00818666144568733,99.0,-0.0003575954238316625,0.008544256869518993,0.04306110207700678,1.9842169515864174,2.817621201342022,2.8861883224675022,99.0,2.851904761904762,0.034283560562740165,0.1727813107096471,1.9842169515864174,926355170356324.4,1121404007150098.4,99.0,1023879588753211.4,97524418396887.03,491500782305657.1,1.9842169515864174,8.300920800942869,8.795079199057131,99.0,8.548,0.24707919905713024,1.2452227003684548,1.9842169515864174,2.4616593835747858,2.5623406164252143,99.0,2.512,0.05034061642521427,0.2537052028759559,1.9842169515864174,100.0,0.61,-0.03782879871217168,-0.007133806725004223,99.0,-0.02248130271858795,0.015347495993583728,0.07734787257670149,1.9842169515864174,KNeighborsRegressor,"{'mode': 'proxy', 'type': 'LinearSVR'}",6.0,"['nodes_T2W10', 'l1_T2W10', 'l3_T2W10', 'lcc_T2W10', 'lsc_T2W10', 'density_T2W10']",0.09862018615378904,0.15114217073813901,99.0,0.12488117844596403,0.02626099229217499,0.13234939995436915,1.9842169515864174,3.479979080182371,3.568455621583909,99.0,3.52421735088314,0.04423827070076907,0.22295077494121684,1.9842169515864174,completed,True,COMPLETE
175,2.816709275979919,2026-06-09 19:02:52.976236,2026-06-09 19:02:54.940220,0 days 00:00:01.963984,,,,,,,,,,,,,,,SVR,,,,,,7,,,,,,,,,,0.030269961162137298,,0.030839889206715345,auto,linear,True,,,,,,,,,0.006931953072303085,0.016975492697240288,99.0,0.011953722884771686,0.005021769812468602,0.02530857227307531,1.9842169515864174,2.789635758862909,2.8437827930969286,99.0,2.816709275979919,0.027073517117009928,0.13644433939224318,1.9842169515864174,890061611878684.6,1072184484237445.6,99.0,981123048058065.1,91061436179380.52,458928828859038.06,1.9842169515864174,8.233344359513008,8.625321586645004,99.0,8.429332973079006,0.19598861356599726,0.9877378247842344,1.9842169515864174,2.471021376226915,2.568051630312018,99.0,2.5195365032694665,0.04851512704255149,0.24450515355068794,1.9842169515864174,100.0,0.44,-0.0042688784682270615,0.01348532993592548,99.0,0.004608225733849209,0.008877104202076271,0.044738576570363765,1.9842169515864174,SVR,"{'mode': 'original', 'type': 'SVR'}",7.0,"['nodes_T2W10', 'pe_T2W10', 'l1_T2W10', 'l2_T2W10', 'atd_T2W10', 'density_T2W10', 'diameter_T2W10']",0.07464925482705652,0.13271925730141634,99.0,0.10368425606423644,0.029035001237179916,0.14632977111684237,1.9842169515864174,3.4422857754485046,3.5142570772248307,99.0,3.4782714263366676,0.03598565088816324,0.18135945698574976,1.9842169515864174,completed,True,COMPLETE
176,2.8200280852145143,2026-06-09 19:02:54.958625,2026-06-09 19:02:56.725055,0 days 00:00:01.766430,,,,,,,,,,,,,,,SVR,,,,,,7,,,,,,,,,,0.03201051711728506,,0.07241220580117368,scale,linear,True,,,,,,,,,0.006191397162257774,0.015342919063310482,99.0,0.010767158112784128,0.004575760950526355,0.023060789531446902,1.9842169515864174,2.7937846262600723,2.8462715441689563,99.0,2.8200280852145143,0.02624345895444202,0.1322610359389375,1.9842169515864174,895690961654118.4,1078052855582776.6,99.0,986871908618447.5,91180946964329.12,459531135904409.6,1.9842169515864174,8.248442423292195,8.643023691346103,99.0,8.44573305731915,0.19729063402695388,0.9942997103679435,1.9842169515864174,2.493446649214352,2.5946141305247643,99.0,2.544030389869558,0.050583740655205905,0.2549304934360292,1.9842169515864174,100.0,0.48,-0.005712398430695374,0.010889815283369698,99.0,0.0025887084263371616,0.008301106857032536,0.04183568157905137,1.9842169515864174,SVR,"{'mode': 'original', 'type': 'SVR'}",7.0,"['nodes_T2W10', 'pe_T2W10', 'l1_T2W10', 'l2_T2W10', 'l3_T2W10', 'atd_T2W10', 'density_T2W10']",0.07501688444412165,0.12675078305357831,99.0,0.10088383374884997,0.02586694930472833,0.13036351334488516,1.9842169515864174,3.446579065045973,3.517020413280296,99.0,3.4817997391631343,0.03522067411716166,0.177504148873449,1.9842169515864174,completed,True,COMPLETE
177,3.8389452323266324,2026-06-09 19:02:56.738314,2026-06-09 19:02:57.083475,0 days 00:00:00.345161,,,,,,,,,,,,,,,SVR,,,,,,7,10.0,2.0,5.0,50.0,,,ExtraTrees,,,0.031201047069595964,3.0,0.06827734837770445,scale,poly,True,,,,,,,,,,,,,,,,,,,,,,,,,,,,,,,,,,,,,,,,,,,,,,,,,,,,,SVR,"{'mode': 'proxy', 'type': 'ExtraTrees'}",7.0,"['re_T2W10', 'pe_T2W10', 'l2_T2W10', 'l3_T2W10', 'density_T2W10', 'diameter_T2W10', 'asp_T2W10']",,,,,,,,,,,,,,,pruned,True,PRUNED
178,2.818508912789586,2026-06-09 19:02:57.094659,2026-06-09 19:02:59.127880,0 days 00:00:02.033221,,,,,,,,,,,,,,,SVR,,,,,,7,,,,,,,,,,0.031076139477496757,,0.03858671655224359,scale,linear,True,,,,,,,,,0.006724206101136289,0.015874099381253785,99.0,0.011299152741195037,0.004574946640058748,0.023056685592777522,1.9842169515864174,2.7922904076173416,2.8447274179618307,99.0,2.818508912789586,0.026218505172244725,0.13213527457913588,1.9842169515864174,896172285132714.6,1078688515566455.6,99.0,987430400349585.1,91258115216870.52,459920046262622.6,1.9842169515864174,8.245279380179738,8.64019427035754,99.0,8.44273682526864,0.197457445088901,0.9951404000002632,1.9842169515864174,2.49207260730068,2.593194953551761,99.0,2.5426337804262205,0.050561173125540475,0.25481675824367844,1.9842169515864174,100.0,0.46,-0.004757598089214568,0.011687843627172189,99.0,0.003465122768978811,0.008222720858193379,0.04144063405777863,1.9842169515864174,SVR,"{'mode': 'original', 'type': 'SVR'}",7.0,"['nodes_T2W10', 'pe_T2W10', 'l1_T2W10', 'l2_T2W10', 'l3_T2W10', 'atd_T2W10', 'density_T2W10']",0.07633761986371265,0.1277452517480142,99.0,0.10204143580586343,0.02570381594215078,0.12954135847695541,1.9842169515864174,3.445155427501962,3.515394071736752,99.0,3.480274749619357,0.03511932211739469,0.17699335795572232,1.9842169515864174,completed,True,COMPLETE
179,2.896093966181809,2026-06-09 19:02:59.140999,2026-06-09 19:02:59.312944,0 days 00:00:00.171945,,,,0.00011011276373506726,0.45477393948407835,,,,,,,,,,ElasticNet,,,,,,7,,,,,,,,,,,,,,,True,,,,,,,,,,,,,,,,,,,,,,,,,,,,,,,,,,,,,,,,,,,,,,,,,,,,,ElasticNet,"{'mode': 'original', 'type': 'ElasticNet'}",7.0,"['edges_T2W10', 'pe_T2W10', 'l3_T2W10', 'atd_T2W10', 'density_T2W10', 'diameter_T2W10', 'asp_T2W10']",,,,,,,,,,,,,,,pruned,True,PRUNED
180,2.8227061201991495,2026-06-09 19:02:59.322851,2026-06-09 19:03:01.110589,0 days 00:00:01.787738,,,,,,,,,,,,,,,SVR,,,,,,6,,,,,,,,,,0.04732071187662615,,0.0364092965920567,scale,linear,True,,,,,,,,,0.00443791482392042,0.015250954232746666,99.0,0.009844434528333543,0.005406519704413123,0.02724762380489952,1.9842169515864174,2.79508439216375,2.850327848234549,99.0,2.8227061201991495,0.027621728035399553,0.1392071971430114,1.9842169515864174,885186783472119.8,1066570550675681.5,99.0,975878667073900.6,90691883601780.9,457066368318600.94,1.9842169515864174,8.248077657848857,8.634128035614584,99.0,8.44110284673172,0.193025188882863,0.9728028415871353,1.9842169515864174,2.4617565423652334,2.5592618153792324,99.0,2.510509178872233,0.048752636506999375,0.24570214697551473,1.9842169515864174,100.0,0.46,-0.007746653767611904,0.011550997347300085,99.0,0.0019021717898440903,0.009648825557455994,0.048627875846648634,1.9842169515864174,SVR,"{'mode': 'original', 'type': 'SVR'}",6.0,"['nodes_T2W10', 'pe_T2W10', 'l1_T2W10', 'l2_T2W10', 'density_T2W10', 'diameter_T2W10']",0.07222037621319516,0.13088796288056084,99.0,0.101554169546878,0.02933379333368285,0.14783561500283499,1.9842169515864174,3.446299028938287,3.519355698626023,99.0,3.482827363782155,0.03652833484386808,0.18409446010761582,1.9842169515864174,completed,True,COMPLETE
181,2.996658280431008,2026-06-09 19:03:01.123322,2026-06-09 19:03:13.005448,0 days 00:00:11.882126,,,,,,,,,,,,,,,XGBRegressor,,,,,,7,,,,,,,,,,,,,,,False,dart,0.5107941512895093,0.0366558633928293,6.0,284.0,1.2416730806352729e-08,2.0328651601215106e-05,0.6949411107181183,,,,,,,,,,,,,,,,,,,,,,,,,,,,,,,,,,,,,,,,,,,,,XGBRegressor,"{'mode': 'original', 'type': 'XGBRegressor'}",7.0,"['l3_T2W10', 'lcc_T2W10', 'lsc_T2W10', 'atd_T2W10', 'density_T2W10', 'diameter_T2W10', 'asp_T2W10']",,,,,,,,,,,,,,,pruned,False,PRUNED
182,2.8182652733881186,2026-06-09 19:03:13.015997,2026-06-09 19:03:14.809306,0 days 00:00:01.793309,,,,,,,,,,,,,,,SVR,,,,,,7,,,,,,,,,,0.02344941178813579,,0.0193013994775253,scale,linear,True,,,,,,,,,0.0070708534948934155,0.015690519135411436,99.0,0.011380686315152426,0.0043098328202590104,0.02172057252516274,1.9842169515864174,2.7924397242187617,2.8440908225574755,99.0,2.8182652733881186,0.02582554916935693,0.13015486612342939,1.9842169515864174,897667612039163.1,1080708222705863.4,99.0,989187917372513.2,91520305333350.16,461241424533632.8,1.9842169515864174,8.243498220822095,8.640288682706084,99.0,8.44189345176409,0.1983952309419947,0.9998666263957383,1.9842169515864174,2.496414815461953,2.5984705027865798,99.0,2.5474426591242665,0.051027843662313443,0.2571686711048192,1.9842169515864174,100.0,0.47,-0.0044745271006902225,0.011265290261878988,99.0,0.0033953815805943823,0.007869908681284605,0.03966254131128388,1.9842169515864174,SVR,"{'mode': 'original', 'type': 'SVR'}",7.0,"['nodes_T2W10', 'pe_T2W10', 'l1_T2W10', 'l2_T2W10', 'l3_T2W10', 'atd_T2W10', 'density_T2W10']",0.07699488249665914,0.12858319334892704,99.0,0.10278903792279309,0.025794155426133947,0.12999664883172707,1.9842169515864174,3.445582912345944,3.515336410650568,99.0,3.480459661498256,0.034876749152311766,0.17577084564481305,1.9842169515864174,completed,True,COMPLETE
183,2.8164949632298386,2026-06-09 19:03:14.822741,2026-06-09 19:03:16.712088,0 days 00:00:01.889347,,,,,,,,,,,,,,,SVR,,,,,,7,,,,,,,,,,0.029384298437799165,,0.019064670953495868,scale,linear,True,,,,,,,,,0.007072488024885107,0.01698840930226397,99.0,0.012030448663574538,0.004957960638689431,0.024986988618988723,1.9842169515864174,2.7894935857197747,2.8434963407399025,99.0,2.8164949632298386,0.02700137751006377,0.13608077225867704,1.9842169515864174,890333990491799.6,1072649195655979.6,99.0,981491593073889.6,91157602582090.03,459413485552615.0,1.9842169515864174,8.233846630034101,8.626665405620543,99.0,8.430256017827322,0.19640938779322054,0.9898584307335329,1.9842169515864174,2.4704117263974155,2.568152526029068,99.0,2.5192821262132417,0.04887039981582636,0.24629564714056892,1.9842169515864174,100.0,0.44,-0.004017871617455768,0.013511009046890085,99.0,0.004746568714717158,0.008764440332172926,0.04417077641215391,1.9842169515864174,SVR,"{'mode': 'original', 'type': 'SVR'}",7.0,"['nodes_T2W10', 'pe_T2W10', 'l1_T2W10', 'l2_T2W10', 'atd_T2W10', 'density_T2W10', 'diameter_T2W10']",0.0762386702512772,0.1342163366232853,99.0,0.10522750343728125,0.028988833186004044,0.14609709468930274,1.9842169515864174,3.4421550832000793,3.51394431310732,99.0,3.4780496981536997,0.035894614953620424,0.18090065667931132,1.9842169515864174,completed,True,COMPLETE
184,2.8205541191572796,2026-06-09 19:03:16.731404,2026-06-09 19:03:18.713389,0 days 00:00:01.981985,,,,,,,,,,,,,,,SVR,,,,,,7,,,,,,,,,,0.0333715601035364,,0.019766851335277724,scale,linear,True,,,,,,,,,0.005357314026423239,0.015855415847070037,99.0,0.010606364936746637,0.005249050910323398,0.02645401706767341,1.9842169515864174,2.793110860042489,2.84799737827207,99.0,2.8205541191572796,0.02744325911479057,0.13830775456710612,1.9842169515864174,889085828248566.2,1071718880226441.8,99.0,980402354237504.0,91316525988937.8,460214423205731.5,1.9842169515864174,8.231264805839029,8.621928127628411,99.0,8.42659646673372,0.19533166089469142,0.9844269334485839,1.9842169515864174,2.4679020099546527,2.5648930119707147,99.0,2.5163975109626837,0.04849550100803123,0.24440624282167434,1.9842169515864174,100.0,0.45,-0.005874921842992818,0.01238002561232496,99.0,0.0032525518846660707,0.009127473727658889,0.046000381764510725,1.9842169515864174,SVR,"{'mode': 'original', 'type': 'SVR'}",7.0,"['nodes_T2W10', 'pe_T2W10', 'l1_T2W10', 'l2_T2W10', 'lcc_T2W10', 'density_T2W10', 'diameter_T2W10']",0.07263694130839371,0.1301529344100634,99.0,0.10139493785922855,0.02875799655083485,0.14493373079915636,1.9842169515864174,3.444356283794827,3.5168640881385254,99.0,3.4806101859666763,0.03625390217184923,0.18271138215437366,1.9842169515864174,completed,True,COMPLETE
185,2.816778416110562,2026-06-09 19:03:18.727503,2026-06-09 19:03:20.665040,0 days 00:00:01.937537,,,,,,,,,,,,,,,SVR,,,,,,7,,,,,,,,,,0.03166634073954499,,0.018371897908117774,scale,linear,True,,,,,,,,,0.0068664702598418914,0.01700954749761174,99.0,0.011938008878726815,0.005071538618884924,0.025559395684177262,1.9842169515864174,2.7895375842268204,2.844019247994303,99.0,2.816778416110562,0.027240831883741434,0.13728756758156863,1.9842169515864174,889433615034156.1,1071585218035469.4,99.0,980509416534812.8,91075801500656.66,459001226795486.8,1.9842169515864174,8.233120738429315,8.625815069948922,99.0,8.429467904189119,0.19634716575980285,0.9895448459041725,1.9842169515864174,2.467624600528002,2.5665907550521747,99.0,2.5171076777900883,0.04948307726208645,0.2493834014598244,1.9842169515864174,100.0,0.44,-0.004336457688362607,0.0135852816571613,99.0,0.004624411984399347,0.008960869672761954,0.04516073540041867,1.9842169515864174,SVR,"{'mode': 'original', 'type': 'SVR'}",7.0,"['nodes_T2W10', 'pe_T2W10', 'l1_T2W10', 'l2_T2W10', 'atd_T2W10', 'density_T2W10', 'diameter_T2W10']",0.07505659761489684,0.13317231306844568,99.0,0.10411445534167127,0.029057857726774425,0.14644496260120216,1.9842169515864174,3.442172207309915,3.514287448956384,99.0,3.4782298281331494,0.03605762082323478,0.18172216901184146,1.9842169515864174,completed,True,COMPLETE
186,2.839234581777077,2026-06-09 19:03:20.677713,2026-06-09 19:03:22.641056,0 days 00:00:01.963343,,,,,,,,,,,,,,,SVR,,,,,,7,,,,,,,,,,0.05554282364343646,,0.018662613369249317,scale,linear,True,,,,,,,,,-0.0015504594494914281,0.00938962447741622,99.0,0.0039195825139623965,0.005470041963453825,0.027567761474270373,1.9842169515864174,2.812815810345635,2.865653353208519,99.0,2.839234581777077,0.026418771431442098,0.13314457076036879,1.9842169515864174,886951141068847.4,1068265189405030.6,99.0,977608165236939.0,90657024168091.67,456890684738933.1,1.9842169515864174,8.278961318314865,8.660094391828641,99.0,8.469527855071753,0.1905665367568883,0.960411796726799,1.9842169515864174,2.4970960363864005,2.594431535280396,99.0,2.5457637858333984,0.04866774944699784,0.24527433559161507,1.9842169515864174,100.0,0.5,-0.014934774271851524,0.00454040584644042,99.0,-0.005197184212705552,0.009737590059145972,0.04907522865057972,1.9842169515864174,SVR,"{'mode': 'original', 'type': 'SVR'}",7.0,"['nodes_T2W10', 'pe_T2W10', 'l1_T2W10', 'l2_T2W10', 'l3_T2W10', 'density_T2W10', 'diameter_T2W10']",0.060635506471091324,0.11489243910614146,99.0,0.08776397278861639,0.02712846631752507,0.13672127080577237,1.9842169515864174,3.4592031515527313,3.530687971601034,99.0,3.4949455615768827,0.035742410024151614,0.18013357861686902,1.9842169515864174,completed,True,COMPLETE
187,2.8407555414096484,2026-06-09 19:03:22.654148,2026-06-09 19:03:22.833135,0 days 00:00:00.178987,,,,,,,,,,,,,,,SVR,,,,,,7,,,,,,,,,,0.03009129602998107,,4.07702960981922,scale,linear,True,,,,,,,,,,,,,,,,,,,,,,,,,,,,,,,,,,,,,,,,,,,,,,,,,,,,,SVR,"{'mode': 'original', 'type': 'SVR'}",7.0,"['pe_T2W10', 'l2_T2W10', 'l3_T2W10', 'lcc_T2W10', 'atd_T2W10', 'density_T2W10', 'asp_T2W10']",,,,,,,,,,,,,,,pruned,True,PRUNED
