number,value,datetime_start,datetime_complete,duration,params_dt_max_depth,params_dt_min_samples_leaf,params_dt_min_samples_split,params_elastic_alpha,params_elastic_l1_ratio,params_et_max_depth,params_et_max_features,params_et_min_samples_leaf,params_et_min_samples_split,params_et_n_estimators,params_knn_metric,params_knn_n_neighbors,params_knn_weights,params_quantile_alpha,params_regressor,params_rf_max_depth,params_rf_max_features,params_rf_min_samples_leaf,params_rf_min_samples_split,params_rf_n_estimators,params_rfe_n_features,params_rfe_proxy_et_max_depth,params_rfe_proxy_et_min_samples_leaf,params_rfe_proxy_et_min_samples_split,params_rfe_proxy_et_n_estimators,params_rfe_proxy_lsvr_C,params_rfe_proxy_lsvr_epsilon,params_rfe_proxy_type,params_ridge_alpha,params_ridge_solver,params_svr_C,params_svr_degree,params_svr_epsilon,params_svr_gamma,params_svr_kernel,params_use_scaler,params_xgb_booster,params_xgb_colsample_bytree,params_xgb_learning_rate,params_xgb_max_depth,params_xgb_n_estimators,params_xgb_reg_alpha,params_xgb_reg_lambda,params_xgb_subsample,user_attrs_d2mae_ci_lower_val,user_attrs_d2mae_ci_upper_val,user_attrs_d2mae_df_val,user_attrs_d2mae_mean_val,user_attrs_d2mae_samperror_val,user_attrs_d2mae_std_val,user_attrs_d2mae_t_critical_val,user_attrs_mae_ci_lower_val,user_attrs_mae_ci_upper_val,user_attrs_mae_df_val,user_attrs_mae_mean_val,user_attrs_mae_samperror_val,user_attrs_mae_std_val,user_attrs_mae_t_critical_val,user_attrs_mape_ci_lower_val,user_attrs_mape_ci_upper_val,user_attrs_mape_df_val,user_attrs_mape_mean_val,user_attrs_mape_samperror_val,user_attrs_mape_std_val,user_attrs_mape_t_critical_val,user_attrs_max_error_ci_lower_val,user_attrs_max_error_ci_upper_val,user_attrs_max_error_df_val,user_attrs_max_error_mean_val,user_attrs_max_error_samperror_val,user_attrs_max_error_std_val,user_attrs_max_error_t_critical_val,user_attrs_median_ae_ci_lower_val,user_attrs_median_ae_ci_upper_val,user_attrs_median_ae_df_val,user_attrs_median_ae_mean_val,user_attrs_median_ae_samperror_val,user_attrs_median_ae_std_val,user_attrs_median_ae_t_critical_val,user_attrs_n_splits_val,user_attrs_r2_below_zero_val,user_attrs_r2_ci_lower_val,user_attrs_r2_ci_upper_val,user_attrs_r2_df_val,user_attrs_r2_mean_val,user_attrs_r2_samperror_val,user_attrs_r2_std_val,user_attrs_r2_t_critical_val,user_attrs_regressor_final,user_attrs_rfe_estimator,user_attrs_rfe_n_features,user_attrs_rfe_selected_features,user_attrs_rho_ci_lower_val,user_attrs_rho_ci_upper_val,user_attrs_rho_df_val,user_attrs_rho_mean_val,user_attrs_rho_samperror_val,user_attrs_rho_std_val,user_attrs_rho_t_critical_val,user_attrs_rmse_ci_lower_val,user_attrs_rmse_ci_upper_val,user_attrs_rmse_df_val,user_attrs_rmse_mean_val,user_attrs_rmse_samperror_val,user_attrs_rmse_std_val,user_attrs_rmse_t_critical_val,user_attrs_termination_reason,user_attrs_use_scaler_final,state
153,2.8304637856955295,2026-06-09 19:02:21.514052,2026-06-09 19:02:23.256295,0 days 00:00:01.742243,,,,,,,,,,,,,,,SVR,,,,,,8,,,,,,,,,,0.03331518572058156,,0.06961769120327892,auto,linear,True,,,,,,,,,0.0022274938436282737,0.011834135376514492,99.0,0.007030814610071383,0.004803320766443109,0.024207639001384236,1.9842169515864174,2.804728796632941,2.856198774758118,99.0,2.8304637856955295,0.025734989062588757,0.12969846388023834,1.9842169515864174,897486303512221.0,1080096700031404.2,99.0,988791501771812.6,91305198259591.6,460157334038455.0,1.9842169515864174,8.259814384835078,8.655431187854663,99.0,8.45762278634487,0.1978084015097922,0.9969091401605091,1.9842169515864174,2.5049207501845436,2.605280417109015,99.0,2.5551005836467793,0.05017983346223547,0.25289489348488725,1.9842169515864174,100.0,0.54,-0.011927079335609304,0.005852764830631044,99.0,-0.00303715725248913,0.008889922083120174,0.044803175761665176,1.9842169515864174,SVR,"{'mode': 'original', 'type': 'SVR'}",8.0,"['nodes_T2W10', 'pe_T2W10', 'l1_T2W10', 'l2_T2W10', 'l3_T2W10', 'lsc_T2W10', 'atd_T2W10', 'density_T2W10']",0.05832940412861404,0.11099061135285418,99.0,0.08466000774073411,0.026330603612120067,0.13270022509921747,1.9842169515864174,3.4563218182256037,3.5263752481839354,99.0,3.4913485332047696,0.0350267149791659,0.17652663914176023,1.9842169515864174,completed,True,COMPLETE
154,2.822162148231858,2026-06-09 19:02:23.286626,2026-06-09 19:02:25.235974,0 days 00:00:01.949348,,,,,,,,,,,,,,,SVR,,,,,,8,,,,,,,,,,0.023094653615573526,,0.015848009043905213,auto,linear,True,,,,,,,,,0.005595378903070134,0.01440711128499533,99.0,0.010001245094032732,0.004405866190962598,0.022204558767830444,1.9842169515864174,2.7963365630754073,2.8479877333883086,99.0,2.822162148231858,0.025825585156450715,0.13015504749015822,1.9842169515864174,892871767288995.0,1075337981549441.8,99.0,984104874419218.4,91233107130223.44,459794011220803.8,1.9842169515864174,8.256575455319146,8.64526248816937,99.0,8.450918971744258,0.19434351642511158,0.9794469111340391,1.9842169515864174,2.4969142702136655,2.5980259730193542,99.0,2.54747012161651,0.050555851402844444,0.2547899379774179,1.9842169515864174,100.0,0.46,-0.005835626957754568,0.010184970997446292,99.0,0.0021746720198458614,0.00801029897760043,0.040370076322531416,1.9842169515864174,SVR,"{'mode': 'original', 'type': 'SVR'}",8.0,"['nodes_T2W10', 'pe_T2W10', 'l1_T2W10', 'l2_T2W10', 'l3_T2W10', 'atd_T2W10', 'density_T2W10', 'diameter_T2W10']",0.07067281830151839,0.12401687711047668,99.0,0.09734484770599754,0.02667202940447914,0.13442093306961403,1.9842169515864174,3.44744700230743,3.5177952954639222,99.0,3.482621148885676,0.03517414657824614,0.17726966070985217,1.9842169515864174,completed,True,COMPLETE
155,3.060681741543925,2026-06-09 19:02:25.248511,2026-06-09 19:02:25.439970,0 days 00:00:00.191459,,,,,,,,,,,,,,,SVR,,,,,,8,,,,,,,,,,3.0867519647673265,,0.11765361213281095,auto,linear,True,,,,,,,,,,,,,,,,,,,,,,,,,,,,,,,,,,,,,,,,,,,,,,,,,,,,,SVR,"{'mode': 'original', 'type': 'SVR'}",8.0,"['nodes_T2W10', 'pe_T2W10', 'l1_T2W10', 'l2_T2W10', 'l3_T2W10', 'lcc_T2W10', 'lsc_T2W10', 'density_T2W10']",,,,,,,,,,,,,,,pruned,True,PRUNED
156,2.8227890025052758,2026-06-09 19:02:25.449918,2026-06-09 19:02:27.448363,0 days 00:00:01.998445,,,,,,,,,,,,,,,SVR,,,,,,7,,,,,,,,,,0.014201785573912282,,0.010360514299465138,auto,linear,True,,,,,,,,,0.00593015863067555,0.013702469044103138,99.0,0.009816313837389344,0.0038861552067137937,0.019585334172287673,1.9842169515864174,2.7972003596407546,2.848377645369797,99.0,2.8227890025052758,0.025588642864521043,0.12896091248521216,1.9842169515864174,898679088414795.6,1081664063183095.6,99.0,990171575798945.6,91492487384150.0,461101228426660.1,1.9842169515864174,8.248086341657999,8.649873086999978,99.0,8.448979714328988,0.20089337267098936,1.0124566898310765,1.9842169515864174,2.5113366787184845,2.612170398467819,99.0,2.561753538593152,0.05041685987466721,0.2540894524379404,1.9842169515864174,100.0,0.5,-0.007332111607337949,0.007272487607364902,99.0,-2.9811999986523176e-05,0.007302299607351425,0.0368019212894694,1.9842169515864174,SVR,"{'mode': 'original', 'type': 'SVR'}",7.0,"['nodes_T2W10', 're_T2W10', 'pe_T2W10', 'l1_T2W10', 'l2_T2W10', 'atd_T2W10', 'density_T2W10']",0.07957641859027967,0.13497334304899603,99.0,0.10727488081963785,0.02769846222935817,0.13959391994515896,1.9842169515864174,3.4516053419475754,3.5217320220107413,99.0,3.4866686819791584,0.03506334003158311,0.17671122103633544,1.9842169515864174,completed,True,COMPLETE
157,3.1414974214301092,2026-06-09 19:02:27.461265,2026-06-09 19:02:27.645685,0 days 00:00:00.184420,,,,,,,,,,,,,,0.00013361356171747127,QuantileRegressor,,,,,,9,,,,,,,,,,,,,,,True,,,,,,,,,,,,,,,,,,,,,,,,,,,,,,,,,,,,,,,,,,,,,,,,,,,,,QuantileRegressor,"{'mode': 'original', 'type': 'QuantileRegressor'}",9.0,"['nodes_T2W10', 're_T2W10', 'pe_T2W10', 'l1_T2W10', 'l2_T2W10', 'l3_T2W10', 'lsc_T2W10', 'density_T2W10', 'asp_T2W10']",,,,,,,,,,,,,,,pruned,True,PRUNED
158,2.8558762244329605,2026-06-09 19:02:27.655539,2026-06-09 19:02:29.584432,0 days 00:00:01.928893,,,,,,10.0,,3.0,10.0,363.0,,,,,ExtraTreesRegressor,,,,,,8,,,,,,,,,,,,,,,True,,,,,,,,,,,,,,,,,,,,,,,,,,,,,,,,,,,,,,,,,,,,,,,,,,,,,ExtraTreesRegressor,"{'mode': 'original', 'type': 'ExtraTreesRegressor'}",8.0,"['nodes_T2W10', 're_T2W10', 'pe_T2W10', 'l2_T2W10', 'l3_T2W10', 'density_T2W10', 'diameter_T2W10', 'asp_T2W10']",,,,,,,,,,,,,,,pruned,True,PRUNED
159,2.818299476188683,2026-06-09 19:02:29.594731,2026-06-09 19:02:31.415464,0 days 00:00:01.820733,,,,,,,,,,,,,,,SVR,,,,,,7,,,,,,,,,,0.01808518682442128,,0.012843495241399697,auto,linear,True,,,,,,,,,0.007164465149451654,0.01561811667742806,99.0,0.011391290913439857,0.004226825763988203,0.021302235930444897,1.9842169515864174,2.792319095607608,2.8442798567697576,99.0,2.818299476188683,0.025980380581074627,0.13093518105619872,1.9842169515864174,895529884669494.5,1079183477708092.0,99.0,987356681188793.2,91826796519298.77,462786070071025.1,1.9842169515864174,8.234138446607606,8.630519834833375,99.0,8.43232914072049,0.19819069411288395,0.9988358075180583,1.9842169515864174,2.484944405446542,2.585693143629625,99.0,2.5353187745380836,0.05037436909154162,0.2538753086010398,1.9842169515864174,100.0,0.44,-0.003722980956694314,0.011764209312216303,99.0,0.004020614177760994,0.007743595134455308,0.03902594990061023,1.9842169515864174,SVR,"{'mode': 'original', 'type': 'SVR'}",7.0,"['nodes_T2W10', 'pe_T2W10', 'l1_T2W10', 'l2_T2W10', 'lcc_T2W10', 'atd_T2W10', 'density_T2W10']",0.08124174742078336,0.1370587582279231,99.0,0.10915025282435323,0.027908505403569876,0.14065248954382997,1.9842169515864174,3.4442380316491383,3.514795773515879,99.0,3.4795169025825086,0.03527887093337008,0.1777974475279227,1.9842169515864174,completed,True,COMPLETE
160,2.8158658246202175,2026-06-09 19:02:31.428593,2026-06-09 19:02:31.639286,0 days 00:00:00.210693,,,,,,,,,,,,,,,SVR,,,,,,6,,,,,,,,,,0.009940970777220478,,0.012045554792044921,auto,linear,True,,,,,,,,,,,,,,,,,,,,,,,,,,,,,,,,,,,,,,,,,,,,,,,,,,,,,SVR,"{'mode': 'original', 'type': 'SVR'}",6.0,"['re_T2W10', 'pe_T2W10', 'l1_T2W10', 'l2_T2W10', 'atd_T2W10', 'density_T2W10']",,,,,,,,,,,,,,,pruned,True,PRUNED
161,2.8228101142472872,2026-06-09 19:02:31.648652,2026-06-09 19:02:33.463638,0 days 00:00:01.814986,,,,,,,,,,,,,,,SVR,,,,,,7,,,,,,,,,,0.026675823583531218,,0.014406335027389533,auto,linear,True,,,,,,,,,0.00528911703618752,0.014234301496172209,99.0,0.009761709266179865,0.004472592229992345,0.02254084275621386,1.9842169515864174,2.797043789435531,2.8485764390590433,99.0,2.8228101142472872,0.02576632481175612,0.12985638889515322,1.9842169515864174,892330014529986.8,1074703008947118.2,99.0,983516511738552.5,91186497208565.75,459559107867012.7,1.9842169515864174,8.265950259964036,8.6525818170112,99.0,8.459266038487618,0.1933157785235811,0.9742673469704087,1.9842169515864174,2.4932070330507585,2.5924325744623093,99.0,2.542819803756534,0.04961277070577536,0.2500370267782918,1.9842169515864174,100.0,0.46,-0.006380743917945894,0.009839124454482439,99.0,0.0017291902682682724,0.008109934186214167,0.0408722150051693,1.9842169515864174,SVR,"{'mode': 'original', 'type': 'SVR'}",7.0,"['nodes_T2W10', 'pe_T2W10', 'l1_T2W10', 'l2_T2W10', 'l3_T2W10', 'density_T2W10', 'diameter_T2W10']",0.06905632539237387,0.12280428409011275,99.0,0.09593030474124331,0.026873979348869443,0.13543871463946122,1.9842169515864174,3.4481429777132218,3.5186290115686503,99.0,3.483385994640936,0.03524301692771441,0.17761675153282494,1.9842169515864174,completed,True,COMPLETE
162,2.8186109596703917,2026-06-09 19:02:33.477513,2026-06-09 19:02:35.426614,0 days 00:00:01.949101,,,,,,,,,,,,,,,SVR,,,,,,7,,,,,,,,,,0.017385444741820112,,0.022379906912608494,auto,linear,True,,,,,,,,,0.007104410862149771,0.015456817186431965,99.0,0.011280614024290868,0.004176203162141096,0.021047109585482303,1.9842169515864174,2.7927099302809775,2.844511989059806,99.0,2.8186109596703917,0.02590102938941429,0.13053526918367445,1.9842169515864174,895685972645405.6,1079208718738717.9,99.0,987447345692061.8,91761373046656.12,462456350719568.44,1.9842169515864174,8.236594895857868,8.632625089116472,99.0,8.43460999248717,0.19801509662930236,0.9979508363285865,1.9842169515864174,2.4861534023122087,2.587248113854734,99.0,2.5367007580834713,0.05054735577126277,0.25474712193567967,1.9842169515864174,100.0,0.45,-0.003922191535182298,0.011401899286249724,99.0,0.003739853875533713,0.007662045410716011,0.03861495792881956,1.9842169515864174,SVR,"{'mode': 'original', 'type': 'SVR'}",7.0,"['nodes_T2W10', 'pe_T2W10', 'l1_T2W10', 'l2_T2W10', 'lcc_T2W10', 'atd_T2W10', 'density_T2W10']",0.08120954754109308,0.13718101219908627,99.0,0.10919527987008967,0.027985732328996586,0.14104169559997703,1.9842169515864174,3.4447934929912662,3.515247431638942,99.0,3.480020462315104,0.03522696932383804,0.1775358752765086,1.9842169515864174,completed,True,COMPLETE
163,2.8171092959726796,2026-06-09 19:02:35.439894,2026-06-09 19:02:37.228107,0 days 00:00:01.788213,,,,,,,,,,,,,,,SVR,,,,,,7,,,,,,,,,,0.021404337408992162,,0.0070466835899944845,auto,linear,True,,,,,,,,,0.007335389069849187,0.016282932538095103,99.0,0.011809160803972145,0.004473771734122958,0.02254678718749024,1.9842169515864174,2.7908172820938866,2.8434013098514725,99.0,2.8171092959726796,0.026292013878793128,0.1325057416618288,1.9842169515864174,894307228816712.9,1078102291725875.9,99.0,986204760271294.4,91897531454581.45,463142557980404.8,1.9842169515864174,8.231162725935205,8.627709473189457,99.0,8.42943609956233,0.1982733736271259,0.9992524933758012,1.9842169515864174,2.478282983719903,2.57889486032708,99.0,2.5285889220234914,0.05030593830358821,0.2535304330676527,1.9842169515864174,100.0,0.43,-0.003530997801528658,0.012570350574822975,99.0,0.004519676386647158,0.008050674188175816,0.040573558157232535,1.9842169515864174,SVR,"{'mode': 'original', 'type': 'SVR'}",7.0,"['nodes_T2W10', 'pe_T2W10', 'l1_T2W10', 'l2_T2W10', 'lcc_T2W10', 'atd_T2W10', 'density_T2W10']",0.08013873104084565,0.13641725535114327,99.0,0.10827799319599446,0.028139262155148805,0.1418154508389365,1.9842169515864174,3.4431402597465435,3.5140259486854117,99.0,3.4785831042159776,0.03544284446943393,0.17862383667822582,1.9842169515864174,completed,True,COMPLETE
164,2.8180736013882326,2026-06-09 19:02:37.241146,2026-06-09 19:02:39.027287,0 days 00:00:01.786141,,,,,,,,,,,,,,,SVR,,,,,,7,,,,,,,,,,0.02970323039028887,,0.007511586420892889,auto,linear,True,,,,,,,,,0.006918529838121197,0.01600681979859329,99.0,0.011462674818357244,0.004544144980236047,0.022901452266108905,1.9842169515864174,2.7917594360346993,2.844387766741766,99.0,2.8180736013882326,0.026314165353533425,0.1326173800324343,1.9842169515864174,896964755481558.4,1079839002569315.6,99.0,988401879025437.0,91437123543878.67,460822207323513.8,1.9842169515864174,8.24111835866282,8.637466350912693,99.0,8.439292354787757,0.19817399612493541,0.998751653474645,1.9842169515864174,2.493689819473375,2.5961800556586114,99.0,2.5449349375659933,0.05124511809261806,0.2582636845817019,1.9842169515864174,100.0,0.46,-0.004339113387872746,0.011990260027367736,99.0,0.003825573319747495,0.008164686707620241,0.04114815520093418,1.9842169515864174,SVR,"{'mode': 'original', 'type': 'SVR'}",7.0,"['nodes_T2W10', 'pe_T2W10', 'l1_T2W10', 'l2_T2W10', 'l3_T2W10', 'atd_T2W10', 'density_T2W10']",0.07695620691891036,0.1278662189756699,99.0,0.10241121294729014,0.02545500602837977,0.12828741336993432,1.9842169515864174,3.4445167016210054,3.5148373797395114,99.0,3.4796770406802584,0.03516033905925311,0.1772000739694406,1.9842169515864174,completed,True,COMPLETE
165,2.832416726624487,2026-06-09 19:02:39.041001,2026-06-09 19:02:40.968390,0 days 00:00:01.927389,,,,,,,,,,,,,,,SVR,,,,,,6,,,,,,,,,,0.059265978628573475,,0.007912249549780072,auto,linear,True,,,,,,,,,0.0011661077856663787,0.011579032921450896,99.0,0.006372570353558637,0.005206462567892259,0.026239381554167236,1.9842169515864174,2.8057384702107724,2.8590949830382018,99.0,2.832416726624487,0.026678256413714848,0.13445231577315725,1.9842169515864174,896771720500238.4,1079622746048557.4,99.0,988197233274397.9,91425512774159.53,460763691697438.5,1.9842169515864174,8.26840247679377,8.658709806669616,99.0,8.463556141731694,0.1951536649379226,0.9835298745023507,1.9842169515864174,2.501146284826166,2.6026730548146264,99.0,2.5519096698203962,0.05076338499423018,0.2558358598521393,1.9842169515864174,100.0,0.52,-0.011990664118505811,0.006391634175999451,99.0,-0.00279951497125318,0.009191149147252631,0.04632129132806844,1.9842169515864174,SVR,"{'mode': 'original', 'type': 'SVR'}",6.0,"['nodes_T2W10', 'pe_T2W10', 'l1_T2W10', 'l2_T2W10', 'l3_T2W10', 'density_T2W10']",0.06935253948543851,0.12011499109399204,99.0,0.09473376528971528,0.025381225804276767,0.12791557790081381,1.9842169515864174,3.4554247569760626,3.5264174327995153,99.0,3.490921094887789,0.03549633791172646,0.1788934314029849,1.9842169515864174,completed,True,COMPLETE
166,2.873101021884537,2026-06-09 19:02:40.984370,2026-06-09 19:02:41.091840,0 days 00:00:00.107470,,,,,,,,,,,,,,,LinearRegression,,,,,,7,,,,,,,,,,,,,,,True,,,,,,,,,,,,,,,,,,,,,,,,,,,,,,,,,,,,,,,,,,,,,,,,,,,,,LinearRegression,"{'mode': 'original', 'type': 'LinearRegression'}",7.0,"['edges_T2W10', 'pe_T2W10', 'l1_T2W10', 'l3_T2W10', 'atd_T2W10', 'density_T2W10', 'asp_T2W10']",,,,,,,,,,,,,,,pruned,True,PRUNED
167,2.8259129365617213,2026-06-09 19:02:41.101256,2026-06-09 19:02:42.923488,0 days 00:00:01.822232,,,,,,,,,,,,,,,SVR,,,,,,7,,,,,,,,,,0.03474954505012519,,0.03883912349370649,auto,linear,True,,,,,,,,,0.0038332701324687527,0.013498144628425636,99.0,0.008665707380447195,0.004832437247978442,0.02435437941458378,1.9842169515864174,2.7997134477630454,2.852112425360397,99.0,2.8259129365617213,0.026199488798675757,0.13203943640199622,1.9842169515864174,890983243929437.5,1073013930110517.5,99.0,981998587019977.5,91015343090540.06,458696530224538.44,1.9842169515864174,8.268408043851514,8.651800059978923,99.0,8.460104051915218,0.19169600806370507,0.9661040740048141,1.9842169515864174,2.493864520421834,2.591178940074233,99.0,2.5425217302480334,0.048657209826199505,0.24522121831132015,1.9842169515864174,100.0,0.48,-0.007980500051176596,0.009318717027691565,99.0,0.000669108488257485,0.00864960853943408,0.04359205041826984,1.9842169515864174,SVR,"{'mode': 'original', 'type': 'SVR'}",7.0,"['nodes_T2W10', 'pe_T2W10', 'l1_T2W10', 'l2_T2W10', 'l3_T2W10', 'density_T2W10', 'diameter_T2W10']",0.0654724202523184,0.11990146506645948,99.0,0.09268694265938894,0.027214522407070535,0.1371549738314252,1.9842169515864174,3.449649161964265,3.520522472451087,99.0,3.485085817207676,0.03543665524341104,0.17859264439344089,1.9842169515864174,completed,True,COMPLETE
168,2.8226185844639455,2026-06-09 19:02:42.936899,2026-06-09 19:02:44.794855,0 days 00:00:01.857956,,,,,,,,,,,,,,,SVR,,,,,,7,,,,,,,,,,0.025908848406322658,,0.0060415400629472505,auto,linear,True,,,,,,,,,0.005398498531810255,0.014263958728703336,99.0,0.009831228630256796,0.00443273009844654,0.022339946722572307,1.9842169515864174,2.796881148387186,2.848356020540705,99.0,2.8226185844639455,0.0257374360767594,0.12971079627246332,1.9842169515864174,892453523465976.6,1074792812302028.4,99.0,983623167884002.5,91169644418025.89,459474173653914.75,1.9842169515864174,8.266195020005844,8.653792392523824,99.0,8.459993706264834,0.19379868625899033,0.9767010916021294,1.9842169515864174,2.4937133620092933,2.592872775959319,99.0,2.543293068984306,0.04957970697501257,0.24987039313101672,1.9842169515864174,100.0,0.46,-0.006338251643657113,0.009781148936146417,99.0,0.0017214486462446522,0.008059700289901765,0.0406190476472741,1.9842169515864174,SVR,"{'mode': 'original', 'type': 'SVR'}",7.0,"['nodes_T2W10', 'pe_T2W10', 'l1_T2W10', 'l2_T2W10', 'l3_T2W10', 'density_T2W10', 'diameter_T2W10']",0.0692307190125617,0.12258092460001527,99.0,0.09590582180628848,0.026675102793726792,0.13443642224908706,1.9842169515864174,3.4481642432216266,3.518678389184281,99.0,3.483421316202954,0.03525707298132723,0.1776875908309248,1.9842169515864174,completed,True,COMPLETE
169,2.8232591722669564,2026-06-09 19:02:44.808118,2026-06-09 19:02:46.871623,0 days 00:00:02.063505,,,,,,,,,,,,,,,SVR,,,,,,6,,,,,,,,,,0.012837465703561162,,0.05381132543248707,auto,linear,True,,,,,,,,,0.005966637653046463,0.013330489686006081,99.0,0.009648563669526272,0.003681926016479809,0.018556065724244734,1.9842169515864174,2.79794772319192,2.848570621341993,99.0,2.8232591722669564,0.025311449075036595,0.12756391913091777,1.9842169515864174,898702437626441.8,1081892149419075.8,99.0,990297293522758.8,91594855896316.95,461617142334588.0,1.9842169515864174,8.257533503227593,8.65558633632149,99.0,8.456559919774541,0.19902641654694797,1.0030476576052973,1.9842169515864174,2.5104855123274405,2.6120645135844147,99.0,2.5612750129559276,0.050789500628487194,0.2559674766808139,1.9842169515864174,100.0,0.51,-0.0076020324628722526,0.00640677537325463,99.0,-0.0005976285448088115,0.007004403918063441,0.035300595090991906,1.9842169515864174,SVR,"{'mode': 'original', 'type': 'SVR'}",6.0,"['re_T2W10', 'pe_T2W10', 'l1_T2W10', 'l2_T2W10', 'atd_T2W10', 'density_T2W10']",0.08193920685301181,0.13766213909121436,99.0,0.10980067297211309,0.027861466119101275,0.14041542229959042,1.9842169515864174,3.4528078850907353,3.522607753260624,99.0,3.4877078191756796,0.034899934084944254,0.17588769240702798,1.9842169515864174,completed,True,COMPLETE
170,2.8872670399911406,2026-06-09 19:02:46.885895,2026-06-09 19:02:47.342135,0 days 00:00:00.456240,,,,,,,,,,,,,,,SVR,,,,,,7,4.0,2.0,4.0,110.0,,,ExtraTrees,,,0.041098424631872126,,0.09090073012926858,auto,rbf,True,,,,,,,,,,,,,,,,,,,,,,,,,,,,,,,,,,,,,,,,,,,,,,,,,,,,,SVR,"{'mode': 'proxy', 'type': 'ExtraTrees'}",7.0,"['nodes_T2W10', 'edges_T2W10', 're_T2W10', 'pe_T2W10', 'l2_T2W10', 'l3_T2W10', 'density_T2W10']",,,,,,,,,,,,,,,pruned,True,PRUNED
