number,value,datetime_start,datetime_complete,duration,params_dt_max_depth,params_dt_min_samples_leaf,params_dt_min_samples_split,params_elastic_alpha,params_elastic_l1_ratio,params_et_max_depth,params_et_max_features,params_et_min_samples_leaf,params_et_min_samples_split,params_et_n_estimators,params_knn_metric,params_knn_n_neighbors,params_knn_weights,params_quantile_alpha,params_regressor,params_rf_max_depth,params_rf_max_features,params_rf_min_samples_leaf,params_rf_min_samples_split,params_rf_n_estimators,params_rfe_n_features,params_rfe_proxy_et_max_depth,params_rfe_proxy_et_min_samples_leaf,params_rfe_proxy_et_min_samples_split,params_rfe_proxy_et_n_estimators,params_rfe_proxy_lsvr_C,params_rfe_proxy_lsvr_epsilon,params_rfe_proxy_type,params_ridge_alpha,params_ridge_solver,params_svr_C,params_svr_degree,params_svr_epsilon,params_svr_gamma,params_svr_kernel,params_use_scaler,params_xgb_booster,params_xgb_colsample_bytree,params_xgb_learning_rate,params_xgb_max_depth,params_xgb_n_estimators,params_xgb_reg_alpha,params_xgb_reg_lambda,params_xgb_subsample,user_attrs_d2mae_ci_lower_val,user_attrs_d2mae_ci_upper_val,user_attrs_d2mae_df_val,user_attrs_d2mae_mean_val,user_attrs_d2mae_samperror_val,user_attrs_d2mae_std_val,user_attrs_d2mae_t_critical_val,user_attrs_mae_ci_lower_val,user_attrs_mae_ci_upper_val,user_attrs_mae_df_val,user_attrs_mae_mean_val,user_attrs_mae_samperror_val,user_attrs_mae_std_val,user_attrs_mae_t_critical_val,user_attrs_mape_ci_lower_val,user_attrs_mape_ci_upper_val,user_attrs_mape_df_val,user_attrs_mape_mean_val,user_attrs_mape_samperror_val,user_attrs_mape_std_val,user_attrs_mape_t_critical_val,user_attrs_max_error_ci_lower_val,user_attrs_max_error_ci_upper_val,user_attrs_max_error_df_val,user_attrs_max_error_mean_val,user_attrs_max_error_samperror_val,user_attrs_max_error_std_val,user_attrs_max_error_t_critical_val,user_attrs_median_ae_ci_lower_val,user_attrs_median_ae_ci_upper_val,user_attrs_median_ae_df_val,user_attrs_median_ae_mean_val,user_attrs_median_ae_samperror_val,user_attrs_median_ae_std_val,user_attrs_median_ae_t_critical_val,user_attrs_n_splits_val,user_attrs_r2_below_zero_val,user_attrs_r2_ci_lower_val,user_attrs_r2_ci_upper_val,user_attrs_r2_df_val,user_attrs_r2_mean_val,user_attrs_r2_samperror_val,user_attrs_r2_std_val,user_attrs_r2_t_critical_val,user_attrs_regressor_final,user_attrs_rfe_estimator,user_attrs_rfe_n_features,user_attrs_rfe_selected_features,user_attrs_rho_ci_lower_val,user_attrs_rho_ci_upper_val,user_attrs_rho_df_val,user_attrs_rho_mean_val,user_attrs_rho_samperror_val,user_attrs_rho_std_val,user_attrs_rho_t_critical_val,user_attrs_rmse_ci_lower_val,user_attrs_rmse_ci_upper_val,user_attrs_rmse_df_val,user_attrs_rmse_mean_val,user_attrs_rmse_samperror_val,user_attrs_rmse_std_val,user_attrs_rmse_t_critical_val,user_attrs_termination_reason,user_attrs_use_scaler_final,state
73,2.824423198253803,2026-06-09 19:00:22.082008,2026-06-09 19:00:24.158293,0 days 00:00:02.076285,,,,,,,,,,,,,,,SVR,,,,,,8,,,,,,,,,,0.02943067836133639,,0.015798527017732388,auto,linear,True,,,,,,,,,0.004455819937978875,0.013943255155532314,99.0,0.009199537546755595,0.00474371760877672,0.02390725270734146,1.9842169515864174,2.798218602040349,2.850627794467257,99.0,2.824423198253803,0.026204596213454057,0.13206517660532538,1.9842169515864174,893875107672389.4,1077258227871332.9,99.0,985566667771861.1,91691560099471.73,462104509419510.1,1.9842169515864174,8.247682346942135,8.636568312298916,99.0,8.442125329620525,0.19444298267839155,0.9799481983204048,1.9842169515864174,2.493179388127432,2.5933963305353833,99.0,2.5432878593314077,0.050108471203975484,0.25253524401105865,1.9842169515864174,100.0,0.47,-0.006288657696917721,0.010235805470809416,99.0,0.0019735738869458477,0.008262231583863569,0.041639759086110846,1.9842169515864174,SVR,"{'mode': 'original', 'type': 'SVR'}",8.0,"['nodes_T2W10', 'pe_T2W10', 'l1_T2W10', 'l2_T2W10', 'l3_T2W10', 'lcc_T2W10', 'atd_T2W10', 'density_T2W10']",0.07146955095602306,0.12427487669097578,99.0,0.09787221382349942,0.026402662867476355,0.1330633872791327,1.9842169515864174,3.447686883826166,3.5180853517860733,99.0,3.4828861178061197,0.03519923397995351,0.17739609548144966,1.9842169515864174,completed,True,COMPLETE
74,2.822489001650218,2026-06-09 19:00:24.170991,2026-06-09 19:00:25.931921,0 days 00:00:01.760930,,,,,,,,,,,,,,,SVR,,,,,,8,,,,,,,,,,0.025391973270670543,,0.044002706422197224,auto,linear,True,,,,,,,,,0.005347156395081735,0.014416600440390262,99.0,0.009881878417735999,0.004534722022654264,0.02285396271324399,1.9842169515864174,2.7965473423480534,2.848430660952383,99.0,2.822489001650218,0.025941659302164827,0.13074003465913342,1.9842169515864174,892172403003748.6,1074288874350728.4,99.0,983230638677238.5,91058235673489.88,458912699040733.3,1.9842169515864174,8.255566847156475,8.643846953299152,99.0,8.449706900227813,0.1941400530713378,0.9784215023267456,1.9842169515864174,2.489935239564722,2.5892069474078294,99.0,2.5395710934862756,0.049635853921553806,0.25015336091080687,1.9842169515864174,100.0,0.45,-0.006027107251388527,0.010318168187376976,99.0,0.0021455304679942246,0.008172637719382751,0.04118822648324105,1.9842169515864174,SVR,"{'mode': 'original', 'type': 'SVR'}",8.0,"['nodes_T2W10', 'pe_T2W10', 'l1_T2W10', 'l2_T2W10', 'l3_T2W10', 'atd_T2W10', 'density_T2W10', 'diameter_T2W10']",0.06980239461709381,0.12336876619977347,99.0,0.09658558040843364,0.026783185791339835,0.13498113585778104,1.9842169515864174,3.4473978877466047,3.5178647592420855,99.0,3.482631323494345,0.03523343574774056,0.1775684645752612,1.9842169515864174,completed,True,COMPLETE
75,2.8184226713909495,2026-06-09 19:00:25.944215,2026-06-09 19:00:27.745782,0 days 00:00:01.801567,,,,,,,,,,,,,,,SVR,,,,,,7,,,,,,,,,,0.030346869369569953,,0.04993488810218215,auto,linear,True,,,,,,,,,0.006771850898638076,0.015885518215777238,99.0,0.011328684557207657,0.004556833658569581,0.022965400305275642,1.9842169515864174,2.792238398278192,2.844606944503707,99.0,2.8184226713909495,0.02618427311275752,0.13196275282207784,1.9842169515864174,895836317247915.2,1078314058558533.5,99.0,987075187903224.4,91238870655309.14,459823058070147.06,1.9842169515864174,8.246982609298328,8.642365745874468,99.0,8.444674177586398,0.19769156828807033,0.99632032742192,1.9842169515864174,2.4920350646624794,2.592805267904084,99.0,2.5424201662832817,0.05038510162080216,0.25392939809590054,1.9842169515864174,100.0,0.47,-0.004926627077211116,0.011506063300486445,99.0,0.003289718111637664,0.00821634518884878,0.04140850214125861,1.9842169515864174,SVR,"{'mode': 'original', 'type': 'SVR'}",7.0,"['nodes_T2W10', 'pe_T2W10', 'l1_T2W10', 'l2_T2W10', 'l3_T2W10', 'atd_T2W10', 'density_T2W10']",0.07662046692089748,0.12820577116356793,99.0,0.1024131190422327,0.025792652121335222,0.12998907251907876,1.9842169515864174,3.4454488850150318,3.5157261612035695,99.0,3.4805875231093006,0.035138638094269065,0.17709070606505548,1.9842169515864174,completed,True,COMPLETE
76,2.896893413699403,2026-06-09 19:00:27.763760,2026-06-09 19:00:28.593517,0 days 00:00:00.829757,,,,,,,,,,,,,,,XGBRegressor,,,,,,7,,,,,,,,,,,,,,,True,dart,0.9919268729991534,0.21704883182198087,10.0,57.0,7.585536702885722,1.2312885220345916e-08,0.5082446786502743,,,,,,,,,,,,,,,,,,,,,,,,,,,,,,,,,,,,,,,,,,,,,XGBRegressor,"{'mode': 'original', 'type': 'XGBRegressor'}",7.0,"['pe_T2W10', 'l1_T2W10', 'l2_T2W10', 'l3_T2W10', 'density_T2W10', 'diameter_T2W10', 'asp_T2W10']",,,,,,,,,,,,,,,pruned,True,PRUNED
77,2.8853641319282493,2026-06-09 19:00:28.603667,2026-06-09 19:00:30.461715,0 days 00:00:01.858048,,,,,,,,,,,,,,,SVR,,,,,,8,,,,,,,,,,0.1312279610777049,,0.053981784393040515,auto,linear,True,,,,,,,,,-0.01961782247041455,-0.005345494572923403,99.0,-0.012481658521668977,0.0071361639487455735,0.03596463553564584,1.9842169515864174,2.8581741445756492,2.9125541192808493,99.0,2.8853641319282493,0.02718998735259986,0.1370313227636775,1.9842169515864174,888412575774548.0,1070911570247427.0,99.0,979662073010987.5,91249497236439.53,459876613610643.25,1.9842169515864174,8.307852033870278,8.675721900482904,99.0,8.49178696717659,0.18393493330631333,0.9269900307990716,1.9842169515864174,2.524144822964741,2.6277012777144155,99.0,2.5759230503395782,0.05177822737483746,0.260950433537219,1.9842169515864174,100.0,0.7,-0.0414757374710158,-0.01599583304436237,99.0,-0.028735785257689085,0.012739952213326716,0.06420644780370863,1.9842169515864174,SVR,"{'mode': 'original', 'type': 'SVR'}",8.0,"['nodes_T2W10', 'pe_T2W10', 'l1_T2W10', 'l2_T2W10', 'l3_T2W10', 'lcc_T2W10', 'lsc_T2W10', 'density_T2W10']",0.03823700889404402,0.09194926840885945,99.0,0.06509313865145173,0.026856129757407712,0.13534875677750738,1.9842169515864174,3.49842865002597,3.5701447654522434,99.0,3.5342867077391067,0.035858057713136514,0.18071641654138346,1.9842169515864174,completed,True,COMPLETE
78,2.8625578069059685,2026-06-09 19:00:30.475363,2026-06-09 19:00:34.183813,0 days 00:00:03.708450,,,,,,,,,,,,,,,RandomForestRegressor,2.0,,1.0,12.0,490.0,7,,,,,,,,,,,,,,,True,,,,,,,,,,,,,,,,,,,,,,,,,,,,,,,,,,,,,,,,,,,,,,,,,,,,,RandomForestRegressor,"{'mode': 'original', 'type': 'RandomForestRegressor'}",7.0,"['nodes_T2W10', 'edges_T2W10', 'pe_T2W10', 'l1_T2W10', 'l2_T2W10', 'lcc_T2W10', 'density_T2W10']",,,,,,,,,,,,,,,pruned,True,PRUNED
79,2.8872956845780857,2026-06-09 19:00:34.194148,2026-06-09 19:00:34.691847,0 days 00:00:00.497699,,,,,,,,,,,,,,,SVR,,,,,,6,7.0,5.0,7.0,80.0,,,ExtraTrees,,,0.03232640029110764,,0.11525467945669539,auto,rbf,True,,,,,,,,,,,,,,,,,,,,,,,,,,,,,,,,,,,,,,,,,,,,,,,,,,,,,SVR,"{'mode': 'proxy', 'type': 'ExtraTrees'}",6.0,"['nodes_T2W10', 'pe_T2W10', 'l2_T2W10', 'l3_T2W10', 'diameter_T2W10', 'asp_T2W10']",,,,,,,,,,,,,,,pruned,True,PRUNED
80,2.8910745759571554,2026-06-09 19:00:34.701696,2026-06-09 19:00:34.860031,0 days 00:00:00.158335,,,,,,,,,,,,,,,Ridge,,,,,,8,,,,,,,,0.5642114823756686,auto,,,,,,True,,,,,,,,,,,,,,,,,,,,,,,,,,,,,,,,,,,,,,,,,,,,,,,,,,,,,Ridge,"{'mode': 'original', 'type': 'Ridge'}",8.0,"['edges_T2W10', 'pe_T2W10', 'l3_T2W10', 'lcc_T2W10', 'lsc_T2W10', 'atd_T2W10', 'density_T2W10', 'asp_T2W10']",,,,,,,,,,,,,,,pruned,True,PRUNED
81,2.8517852583982792,2026-06-09 19:00:34.874008,2026-06-09 19:00:35.001958,0 days 00:00:00.127950,,,,,,,,,,,,,,,SVR,,,,,,7,,,,,,,,,,0.0046524705210726665,,0.016090542068187986,auto,linear,True,,,,,,,,,,,,,,,,,,,,,,,,,,,,,,,,,,,,,,,,,,,,,,,,,,,,,SVR,"{'mode': 'original', 'type': 'SVR'}",7.0,"['nodes_T2W10', 're_T2W10', 'pe_T2W10', 'l1_T2W10', 'l2_T2W10', 'atd_T2W10', 'density_T2W10']",,,,,,,,,,,,,,,pruned,True,PRUNED
82,2.8236128385367523,2026-06-09 19:00:35.011429,2026-06-09 19:00:36.757610,0 days 00:00:01.746181,,,,,,,,,,,,,,,SVR,,,,,,8,,,,,,,,,,0.027917787951993064,,0.04911729443857717,auto,linear,True,,,,,,,,,0.0048034463622734416,0.014172975084082424,99.0,0.009488210723177933,0.004684764360904491,0.023610141810142975,1.9842169515864174,2.797443698391842,2.8497819786816625,99.0,2.8236128385367523,0.026169140144910313,0.1318864861223346,1.9842169515864174,893407445189728.0,1076626346295293.0,99.0,985016895742510.5,91609450552782.48,461690696067983.2,1.9842169515864174,8.247430815212775,8.635705732260375,99.0,8.441568273736575,0.19413745852379943,0.9784084264000619,1.9842169515864174,2.493443381853208,2.5934303604028157,99.0,2.5434368711280118,0.04999348927480384,0.25195576136386266,1.9842169515864174,100.0,0.46,-0.00612045369701831,0.010310233309086456,99.0,0.0020948898060340728,0.008215343503052383,0.04140345387375139,1.9842169515864174,SVR,"{'mode': 'original', 'type': 'SVR'}",8.0,"['nodes_T2W10', 'pe_T2W10', 'l1_T2W10', 'l2_T2W10', 'l3_T2W10', 'lcc_T2W10', 'atd_T2W10', 'density_T2W10']",0.07102974648872168,0.12452618071579727,99.0,0.09777796360225947,0.026748217113537795,0.13480490171274925,1.9842169515864174,3.4475041586535484,3.5178670364390783,99.0,3.4826855975463133,0.035181438892764795,0.17730641230857644,1.9842169515864174,completed,True,COMPLETE
83,2.822735781943225,2026-06-09 19:00:36.770332,2026-06-09 19:00:39.029223,0 days 00:00:02.258891,,,,,,,,,,,,,,,SVR,,,,,,8,,,,,,,,,,0.02589547395933959,,0.06175064705854784,auto,linear,True,,,,,,,,,0.005208211872407665,0.0143817889419099,99.0,0.009795000407158782,0.004586788534751117,0.023116366035900948,1.9842169515864174,2.7967285493205134,2.8487430145659367,99.0,2.822735781943225,0.026007232622711714,0.13107050920978403,1.9842169515864174,892746144673786.0,1074867809099431.5,99.0,983806976886608.8,91060832212822.69,458925785005605.9,1.9842169515864174,8.251688456925002,8.638696369924382,99.0,8.445192413424692,0.19350395649969032,0.9752157209673086,1.9842169515864174,2.4923043922884323,2.592157251784155,99.0,2.5422308220362937,0.04992642974786138,0.25161779667260825,1.9842169515864174,100.0,0.44,-0.00611854867910202,0.010322149014597198,99.0,0.0021018001677475884,0.008220348846849608,0.04142867966266134,1.9842169515864174,SVR,"{'mode': 'original', 'type': 'SVR'}",8.0,"['nodes_T2W10', 'pe_T2W10', 'l1_T2W10', 'l2_T2W10', 'l3_T2W10', 'atd_T2W10', 'density_T2W10', 'diameter_T2W10']",0.06884565175255296,0.12270145377431664,99.0,0.0957735527634348,0.026927901010881845,0.13571046749375112,1.9842169515864174,3.447450002369719,3.5179361805616964,99.0,3.4826930914657077,0.03524308909598875,0.17761711524443563,1.9842169515864174,completed,True,COMPLETE
84,2.9566123011636494,2026-06-09 19:00:39.042372,2026-06-09 19:00:39.478714,0 days 00:00:00.436342,,,,,,,,,,,,,,,SVR,,,,,,8,2.0,3.0,7.0,70.0,,,ExtraTrees,,,0.06237737921825138,2.0,0.08563812648959925,auto,poly,True,,,,,,,,,,,,,,,,,,,,,,,,,,,,,,,,,,,,,,,,,,,,,,,,,,,,,SVR,"{'mode': 'proxy', 'type': 'ExtraTrees'}",8.0,"['nodes_T2W10', 'edges_T2W10', 're_T2W10', 'pe_T2W10', 'l2_T2W10', 'l3_T2W10', 'density_T2W10', 'diameter_T2W10']",,,,,,,,,,,,,,,pruned,True,PRUNED
85,2.827561496426761,2026-06-09 19:00:39.488437,2026-06-09 19:00:41.178737,0 days 00:00:01.690300,,,,,,,,,,,,,,,SVR,,,,,,7,,,,,,,,,,0.02691343278583882,,0.15802374983373196,scale,linear,True,,,,,,,,,0.0035096241641014297,0.012684167808219526,99.0,0.008096895986160478,0.004587271822059048,0.023118801693491432,1.9842169515864174,2.801592611638875,2.8535303812146466,99.0,2.827561496426761,0.02596888478788588,0.13087724488556196,1.9842169515864174,893735283718119.5,1075550986206679.0,99.0,984643134962399.2,90907851244279.75,458154795883571.5,1.9842169515864174,8.262461242895451,8.643268245459964,99.0,8.452864744177708,0.19040350128225722,0.95959013519175,1.9842169515864174,2.4958000137568246,2.5937396877310905,99.0,2.5447698507439576,0.04896983698713285,0.24679678776043407,1.9842169515864174,100.0,0.46,-0.008551680368690218,0.007958860336175157,99.0,-0.00029641001625753117,0.008255270352432688,0.04160467607048941,1.9842169515864174,SVR,"{'mode': 'original', 'type': 'SVR'}",7.0,"['nodes_T2W10', 'pe_T2W10', 'l1_T2W10', 'l2_T2W10', 'l3_T2W10', 'density_T2W10', 'diameter_T2W10']",0.06317495433966151,0.11756518546100701,99.0,0.09037006990033426,0.027195115560672747,0.13705716776045965,1.9842169515864174,3.451618765900197,3.5221147593643694,99.0,3.486866762632283,0.03524799673208606,0.1776418486088663,1.9842169515864174,completed,True,COMPLETE
86,2.8670815959376528,2026-06-09 19:00:41.218006,2026-06-09 19:00:41.362649,0 days 00:00:00.144643,,,,,,,,,,,,,,,SVR,,,,,,6,,,,,,,,,,1.542330748247203,,0.23421784726267034,scale,linear,True,,,,,,,,,,,,,,,,,,,,,,,,,,,,,,,,,,,,,,,,,,,,,,,,,,,,,SVR,"{'mode': 'original', 'type': 'SVR'}",6.0,"['nodes_T2W10', 'l1_T2W10', 'l3_T2W10', 'lcc_T2W10', 'lsc_T2W10', 'density_T2W10']",,,,,,,,,,,,,,,pruned,True,PRUNED
87,2.84119063996973,2026-06-09 19:00:41.372418,2026-06-09 19:00:43.217336,0 days 00:00:01.844918,,,,,,,,,,,,,,,SVR,,,,,,8,,,,,,,,,,0.03539278853325635,,0.28630287598890003,scale,linear,True,,,,,,,,,-0.0017696178112041605,0.008279012796679324,99.0,0.0032546974927375816,0.005024315303941742,0.02532140096840071,1.9842169515864174,2.8152257943402894,2.867155485599171,99.0,2.84119063996973,0.02596484562944061,0.13085688845003188,1.9842169515864174,891888579180323.2,1074230739330102.8,99.0,983059659255213.0,91171080074889.78,459481409036430.5,1.9842169515864174,8.256685800298133,8.62927025840905,99.0,8.442978029353592,0.18629222905545972,0.9388702626822925,1.9842169515864174,2.5119457103551808,2.612004191586995,99.0,2.561974950971088,0.050029240615906904,0.2521359399530763,1.9842169515864174,100.0,0.52,-0.013757547801959839,0.0038830677769470263,99.0,-0.004937240012506406,0.008820307789453433,0.04445233562993924,1.9842169515864174,SVR,"{'mode': 'original', 'type': 'SVR'}",8.0,"['nodes_T2W10', 'pe_T2W10', 'l1_T2W10', 'l2_T2W10', 'l3_T2W10', 'atd_T2W10', 'density_T2W10', 'diameter_T2W10']",0.05449933148199164,0.1074603989805319,99.0,0.08097986523126177,0.026480533749270133,0.13345583872821198,1.9842169515864174,3.4599708454377405,3.5291555946991666,99.0,3.4945632200684535,0.03459237463071289,0.17433766304161277,1.9842169515864174,completed,True,COMPLETE
88,2.8938775510204082,2026-06-09 19:00:43.231277,2026-06-09 19:00:43.424680,0 days 00:00:00.193403,,,,,,,,,,,,,,9.28918813088969,QuantileRegressor,,,,,,7,,,,,,,,,,,,,,,True,,,,,,,,,,,,,,,,,,,,,,,,,,,,,,,,,,,,,,,,,,,,,,,,,,,,,QuantileRegressor,"{'mode': 'original', 'type': 'QuantileRegressor'}",7.0,"['l3_T2W10', 'lcc_T2W10', 'lsc_T2W10', 'atd_T2W10', 'density_T2W10', 'diameter_T2W10', 'asp_T2W10']",,,,,,,,,,,,,,,pruned,True,PRUNED
89,2.869416019719211,2026-06-09 19:00:43.433832,2026-06-09 19:01:05.855836,0 days 00:00:22.422004,,,,,,10.0,,5.0,6.0,322.0,,,,,ExtraTreesRegressor,,,,,,7,,,,,,,,,,,,,,,True,,,,,,,,,-0.014533786810732372,0.0015500182306073407,99.0,-0.0064918842900625155,0.008041902520669856,0.04052935095751606,1.9842169515864174,2.8360488445393353,2.9027831948990865,99.0,2.869416019719211,0.03336717517987584,0.16816293779366304,1.9842169515864174,936893067204057.0,1138217507872477.0,99.0,1037555287538267.0,100662220334210.03,507314587014936.9,1.9842169515864174,8.020426087802846,8.399075622285256,99.0,8.209750855044051,0.18932476724120456,0.954153562138636,1.9842169515864174,2.5645858084433253,2.6658435582879707,99.0,2.615214683365648,0.05062887492232268,0.25515795982815276,1.9842169515864174,100.0,0.49,-0.012073458155627539,0.01435595536315037,99.0,0.0011412486037614155,0.013214706759388954,0.06659910222429839,1.9842169515864174,ExtraTreesRegressor,"{'mode': 'original', 'type': 'ExtraTreesRegressor'}",7.0,"['pe_T2W10', 'l1_T2W10', 'l2_T2W10', 'l3_T2W10', 'density_T2W10', 'diameter_T2W10', 'asp_T2W10']",0.12636995479961272,0.17707770862594857,99.0,0.15172383171278064,0.025353876913167917,0.12777774573943154,1.9842169515864174,3.4427605503927143,3.5244009713993005,99.0,3.4835807608960074,0.040820210503293285,0.20572453264577134,1.9842169515864174,completed,True,COMPLETE
90,2.8768864731319455,2026-06-09 19:01:05.868724,2026-06-09 19:01:05.973388,0 days 00:00:00.104664,,,,,,,,,,,,,,,LinearRegression,,,,,,6,,,,,,,,,,,,,,,True,,,,,,,,,,,,,,,,,,,,,,,,,,,,,,,,,,,,,,,,,,,,,,,,,,,,,LinearRegression,"{'mode': 'original', 'type': 'LinearRegression'}",6.0,"['pe_T2W10', 'l1_T2W10', 'l3_T2W10', 'atd_T2W10', 'density_T2W10', 'asp_T2W10']",,,,,,,,,,,,,,,pruned,True,PRUNED
91,2.8579571205198726,2026-06-09 19:01:05.982871,2026-06-09 19:01:07.792481,0 days 00:00:01.809610,,,,,,,,,,,,,,,SVR,,,,,,7,,,,,,,,,,0.09390817814316053,,0.03837350341402968,scale,linear,True,,,,,,,,,-0.009043891820482255,0.0035717905286158946,99.0,-0.00273605064593318,0.006307841174549075,0.03179007804315875,1.9842169515864174,2.8309943501653234,2.884919890874422,99.0,2.8579571205198726,0.026962770354549224,0.1358862010174442,1.9842169515864174,888071325032077.0,1070678276956566.0,99.0,979374800994321.5,91303475962244.55,460148654053407.6,1.9842169515864174,8.248077869997724,8.62529013326665,99.0,8.436684001632187,0.18860613163446413,0.9505318029042646,1.9842169515864174,2.517801421707353,2.621140720435002,99.0,2.5694710710711774,0.05166964936382426,0.2604032251741093,1.9842169515864174,100.0,0.54,-0.0228664705198635,-0.0013271899455726197,99.0,-0.01209683023271806,0.01076964028714544,0.05427652595415495,1.9842169515864174,SVR,"{'mode': 'original', 'type': 'SVR'}",7.0,"['nodes_T2W10', 'pe_T2W10', 'l1_T2W10', 'l2_T2W10', 'l3_T2W10', 'lcc_T2W10', 'density_T2W10']",0.05897067114847942,0.11021717386698429,99.0,0.08459392250773186,0.02562325135925244,0.12913533138987743,1.9842169515864174,3.471015380878906,3.5417169618413173,99.0,3.5063661713601117,0.03535079048120569,0.1781599056138599,1.9842169515864174,completed,True,COMPLETE
92,2.820032063556379,2026-06-09 19:01:07.805391,2026-06-09 19:01:09.533672,0 days 00:00:01.728281,,,,,,,,,,,,,,,SVR,,,,,,8,,,,,,,,,,0.02160516665252833,,0.06411124881968679,auto,linear,True,,,,,,,,,0.006215790452353176,0.015345432647669478,99.0,0.010780611550011327,0.004564821097658151,0.02300565517298143,1.9842169515864174,2.7936414375548257,2.8464226895579325,99.0,2.820032063556379,0.026390626001553265,0.13300272422556153,1.9842169515864174,894463568970467.6,1076736234148480.9,99.0,985599901559474.2,91136332589006.66,459306289648123.0,1.9842169515864174,8.22692254283593,8.622433318939912,99.0,8.42467793088792,0.19775538805199142,0.9966419644479018,1.9842169515864174,2.4898915504411687,2.5869199678356263,99.0,2.5384057591383975,0.048514208697228965,0.24450052530012395,1.9842169515864174,100.0,0.45,-0.005513607265511066,0.01083439295491009,99.0,0.002660392844699512,0.008174000110210577,0.04119509262167787,1.9842169515864174,SVR,"{'mode': 'original', 'type': 'SVR'}",8.0,"['nodes_T2W10', 're_T2W10', 'pe_T2W10', 'l1_T2W10', 'l2_T2W10', 'atd_T2W10', 'density_T2W10', 'diameter_T2W10']",0.07071342203758968,0.12812224915234802,99.0,0.09941783559496885,0.028704413557379176,0.14466368475699937,1.9842169515864174,3.446241240857851,3.5174101310568067,99.0,3.481825685957329,0.03558444509947799,0.1793374714948765,1.9842169515864174,completed,True,COMPLETE
