number,value,datetime_start,datetime_complete,duration,params_dt_max_depth,params_dt_min_samples_leaf,params_dt_min_samples_split,params_elastic_alpha,params_elastic_l1_ratio,params_et_max_depth,params_et_max_features,params_et_min_samples_leaf,params_et_min_samples_split,params_et_n_estimators,params_knn_metric,params_knn_n_neighbors,params_knn_weights,params_quantile_alpha,params_regressor,params_rf_max_depth,params_rf_max_features,params_rf_min_samples_leaf,params_rf_min_samples_split,params_rf_n_estimators,params_rfe_n_features,params_rfe_proxy_et_max_depth,params_rfe_proxy_et_min_samples_leaf,params_rfe_proxy_et_min_samples_split,params_rfe_proxy_et_n_estimators,params_rfe_proxy_lsvr_C,params_rfe_proxy_lsvr_epsilon,params_rfe_proxy_type,params_ridge_alpha,params_ridge_solver,params_svr_C,params_svr_degree,params_svr_epsilon,params_svr_gamma,params_svr_kernel,params_use_scaler,params_xgb_booster,params_xgb_colsample_bytree,params_xgb_learning_rate,params_xgb_max_depth,params_xgb_n_estimators,params_xgb_reg_alpha,params_xgb_reg_lambda,params_xgb_subsample,user_attrs_d2mae_ci_lower_val,user_attrs_d2mae_ci_upper_val,user_attrs_d2mae_df_val,user_attrs_d2mae_mean_val,user_attrs_d2mae_samperror_val,user_attrs_d2mae_std_val,user_attrs_d2mae_t_critical_val,user_attrs_mae_ci_lower_val,user_attrs_mae_ci_upper_val,user_attrs_mae_df_val,user_attrs_mae_mean_val,user_attrs_mae_samperror_val,user_attrs_mae_std_val,user_attrs_mae_t_critical_val,user_attrs_mape_ci_lower_val,user_attrs_mape_ci_upper_val,user_attrs_mape_df_val,user_attrs_mape_mean_val,user_attrs_mape_samperror_val,user_attrs_mape_std_val,user_attrs_mape_t_critical_val,user_attrs_max_error_ci_lower_val,user_attrs_max_error_ci_upper_val,user_attrs_max_error_df_val,user_attrs_max_error_mean_val,user_attrs_max_error_samperror_val,user_attrs_max_error_std_val,user_attrs_max_error_t_critical_val,user_attrs_median_ae_ci_lower_val,user_attrs_median_ae_ci_upper_val,user_attrs_median_ae_df_val,user_attrs_median_ae_mean_val,user_attrs_median_ae_samperror_val,user_attrs_median_ae_std_val,user_attrs_median_ae_t_critical_val,user_attrs_n_splits_val,user_attrs_r2_below_zero_val,user_attrs_r2_ci_lower_val,user_attrs_r2_ci_upper_val,user_attrs_r2_df_val,user_attrs_r2_mean_val,user_attrs_r2_samperror_val,user_attrs_r2_std_val,user_attrs_r2_t_critical_val,user_attrs_regressor_final,user_attrs_rfe_estimator,user_attrs_rfe_n_features,user_attrs_rfe_selected_features,user_attrs_rho_ci_lower_val,user_attrs_rho_ci_upper_val,user_attrs_rho_df_val,user_attrs_rho_mean_val,user_attrs_rho_samperror_val,user_attrs_rho_std_val,user_attrs_rho_t_critical_val,user_attrs_rmse_ci_lower_val,user_attrs_rmse_ci_upper_val,user_attrs_rmse_df_val,user_attrs_rmse_mean_val,user_attrs_rmse_samperror_val,user_attrs_rmse_std_val,user_attrs_rmse_t_critical_val,user_attrs_termination_reason,user_attrs_use_scaler_final,state
188,2.832836145693087,2026-06-09 19:03:22.843778,2026-06-09 19:03:24.649237,0 days 00:00:01.805459,,,,,,,,,,,,,,,SVR,,,,,,7,,,,,,,,,,0.04456120984785441,,0.023914135353303893,scale,linear,True,,,,,,,,,0.001029848182315823,0.011376957819340543,99.0,0.006203403000828183,0.00517355481851236,0.026073534017416838,1.9842169515864174,2.806471058102104,2.8592012332840695,99.0,2.832836145693087,0.026365087590982467,0.13287401647235753,1.9842169515864174,888512784597714.0,1070189901060271.2,99.0,979351342828992.6,90838558231278.67,457805574932981.0,1.9842169515864174,8.276354117380688,8.659281479354739,99.0,8.467817798367713,0.19146368098702607,0.9649331986300559,1.9842169515864174,2.4919773187927095,2.588598726820868,99.0,2.540288022806789,0.048310704014079366,0.24347490820222095,1.9842169515864174,100.0,0.51,-0.01169086810127725,0.006797839477480354,99.0,-0.002446514311898449,0.009244353789378802,0.04658943056598612,1.9842169515864174,SVR,"{'mode': 'original', 'type': 'SVR'}",7.0,"['nodes_T2W10', 'pe_T2W10', 'l1_T2W10', 'l2_T2W10', 'l3_T2W10', 'density_T2W10', 'diameter_T2W10']",0.06192944295425552,0.11632035393417504,99.0,0.08912489844421528,0.027195455489959757,0.13705888092638507,1.9842169515864174,3.4546638531929985,3.526026099322507,99.0,3.4903449762577528,0.03568112306475427,0.1798247063468869,1.9842169515864174,completed,True,COMPLETE
189,2.8438705970980953,2026-06-09 19:03:24.662170,2026-06-09 19:03:26.614245,0 days 00:00:01.952075,,,,,,,,,,,,,,,SVR,,,,,,6,,,,,,,,,,0.06857301496184616,,0.01711262575152372,scale,linear,True,,,,,,,,,-0.003646161701389306,0.008166061832959766,99.0,0.00225995006578523,0.005906111767174536,0.02976545363374954,1.9842169515864174,2.8170992447488366,2.870641949447354,99.0,2.8438705970980953,0.026771352349258745,0.13492149801388686,1.9842169515864174,891443996600667.2,1074386245668654.2,99.0,982915121134660.8,91471124533993.52,460993564543739.56,1.9842169515864174,8.25066059007891,8.627318017217759,99.0,8.438989303648334,0.1883287135694249,0.9491336792524259,1.9842169515864174,2.501680062154166,2.601660249775074,99.0,2.55167015596462,0.04999009381045361,0.2519386489994737,1.9842169515864174,100.0,0.51,-0.015769780774066294,0.004360806820918341,99.0,-0.005704486976573977,0.010065293797492318,0.050726780604534866,1.9842169515864174,SVR,"{'mode': 'original', 'type': 'SVR'}",6.0,"['pe_T2W10', 'l1_T2W10', 'l2_T2W10', 'l3_T2W10', 'lcc_T2W10', 'density_T2W10']",0.06451467809242115,0.11710508997723085,99.0,0.090809884034826,0.026295205942404844,0.13252182893297706,1.9842169515864174,3.4600575496670105,3.531224831022084,99.0,3.4956411903445472,0.035583640677536534,0.1793334173921192,1.9842169515864174,completed,True,COMPLETE
190,2.8220104620178126,2026-06-09 19:03:26.630377,2026-06-09 19:03:28.466887,0 days 00:00:01.836510,,,,,,,,,,,,,,,SVR,,,,,,7,,,,,,,,,,0.036317314565830025,,0.021242448267449327,scale,linear,True,,,,,,,,,0.0047644955960975885,0.015430800283403715,99.0,0.010097647939750652,0.005333152343653063,0.026877869072679333,1.9842169515864174,2.794405596155558,2.849615327880067,99.0,2.8220104620178126,0.027604865862254507,0.13912221564372745,1.9842169515864174,888193514796830.4,1070730123748907.9,99.0,979461819272869.1,91268304476038.75,459971397800366.94,1.9842169515864174,8.232192772559161,8.621908356143974,99.0,8.427050564351568,0.194857791792406,0.9820387414622865,1.9842169515864174,2.466213831774927,2.5634833934726196,99.0,2.5148486126237732,0.04863478084884629,0.2451081813909608,1.9842169515864174,100.0,0.46,-0.006654071259049394,0.01194454014580073,99.0,0.002645234443375667,0.009299305702425062,0.04686637565005227,1.9842169515864174,SVR,"{'mode': 'original', 'type': 'SVR'}",7.0,"['nodes_T2W10', 'pe_T2W10', 'l1_T2W10', 'l2_T2W10', 'lcc_T2W10', 'density_T2W10', 'diameter_T2W10']",0.07222073369213652,0.12998392721349802,99.0,0.10110233045281727,0.02888159676068075,0.1455566476114892,1.9842169515864174,3.4452385722106693,3.518042988296354,99.0,3.4816407802535116,0.03640220804284218,0.18345880985311588,1.9842169515864174,completed,True,COMPLETE
191,2.8793912197953357,2026-06-09 19:03:28.480075,2026-06-09 19:03:28.666443,0 days 00:00:00.186368,,,,,,,,,,,,,,,SVR,,,,,,7,,,,,,,,,,0.001283082222765335,,0.03357857161564155,scale,linear,True,,,,,,,,,,,,,,,,,,,,,,,,,,,,,,,,,,,,,,,,,,,,,,,,,,,,,SVR,"{'mode': 'original', 'type': 'SVR'}",7.0,"['nodes_T2W10', 're_T2W10', 'pe_T2W10', 'l1_T2W10', 'l2_T2W10', 'atd_T2W10', 'density_T2W10']",,,,,,,,,,,,,,,pruned,True,PRUNED
192,2.815683177668786,2026-06-09 19:03:28.676391,2026-06-09 19:03:30.571649,0 days 00:00:01.895258,,,,,,,,,,,,,,,SVR,,,,,,7,,,,,,,,,,0.024698337672821685,,0.04143619349397552,scale,linear,True,,,,,,,,,0.0076004616836008905,0.01701666569275277,99.0,0.01230856368817683,0.004708102004575939,0.02372775820109654,1.9842169515864174,2.789105653108241,2.8422607022293307,99.0,2.815683177668786,0.026577524560545067,0.13394465025256364,1.9842169515864174,891464869116707.0,1073766470100476.0,99.0,982615669608591.5,91150800491884.48,459379204572402.06,1.9842169515864174,8.233646594791372,8.627075399818155,99.0,8.430360997304764,0.1967144025133907,0.9913956352208058,1.9842169515864174,2.479696831768445,2.578128125471685,99.0,2.528912478620065,0.04921564685161985,0.24803561330463914,1.9842169515864174,100.0,0.43,-0.0032983111381813595,0.013565984551271757,99.0,0.005133836706545199,0.008432147844726559,0.04249609821136194,1.9842169515864174,SVR,"{'mode': 'original', 'type': 'SVR'}",7.0,"['nodes_T2W10', 'pe_T2W10', 'l1_T2W10', 'l2_T2W10', 'atd_T2W10', 'density_T2W10', 'diameter_T2W10']",0.07796463887224786,0.1362968281381671,99.0,0.10713073350520748,0.029166094632959622,0.1469904518739284,1.9842169515864174,3.441770436721237,3.51310486514331,99.0,3.4774376509322735,0.035667214211036656,0.1797546089026206,1.9842169515864174,completed,True,COMPLETE
193,2.8455126845439946,2026-06-09 19:03:30.590276,2026-06-09 19:03:33.311448,0 days 00:00:02.721172,,,,,,,,,,,,,,,RandomForestRegressor,20.0,,3.0,2.0,331.0,7,,,,,,,,,,,,,,,True,,,,,,,,,,,,,,,,,,,,,,,,,,,,,,,,,,,,,,,,,,,,,,,,,,,,,RandomForestRegressor,"{'mode': 'original', 'type': 'RandomForestRegressor'}",7.0,"['pe_T2W10', 'l1_T2W10', 'l2_T2W10', 'l3_T2W10', 'lsc_T2W10', 'density_T2W10', 'asp_T2W10']",,,,,,,,,,,,,,,pruned,True,PRUNED
194,2.8156843276806427,2026-06-09 19:03:33.321861,2026-06-09 19:03:35.195524,0 days 00:00:01.873663,,,,,,,,,,,,,,,SVR,,,,,,7,,,,,,,,,,0.024416165149143514,,0.04462519597962815,scale,linear,True,,,,,,,,,0.007613356738413724,0.01700069792580927,99.0,0.012307027332111498,0.004693670593697774,0.023655027188156513,1.9842169515864174,2.789138657247027,2.8422299981142585,99.0,2.8156843276806427,0.026545670433615703,0.13378411273218868,1.9842169515864174,891697811828259.2,1073955413661461.5,99.0,982826612744860.4,91128800916601.1,459268331740347.0,1.9842169515864174,8.233127917149055,8.626810162160996,99.0,8.429969039655026,0.1968411225059706,0.9920342750251809,1.9842169515864174,2.48071592002938,2.5794393584831337,99.0,2.5300776392562567,0.049361719226877064,0.24877178469527475,1.9842169515864174,100.0,0.43,-0.0032557107624809284,0.013550292423622604,99.0,0.0051472908305708375,0.008403001593051766,0.04234920776346263,1.9842169515864174,SVR,"{'mode': 'original', 'type': 'SVR'}",7.0,"['nodes_T2W10', 'pe_T2W10', 'l1_T2W10', 'l2_T2W10', 'atd_T2W10', 'density_T2W10', 'diameter_T2W10']",0.07794524588480278,0.13625889040839975,99.0,0.10710206814660127,0.029156822261798488,0.14694372124221133,1.9842169515864174,3.4417747939280106,3.5130619848680262,99.0,3.4774183893980184,0.03564359547000794,0.1796355758452232,1.9842169515864174,completed,True,COMPLETE
195,2.8157761682836,2026-06-09 19:03:35.208158,2026-06-09 19:03:37.079460,0 days 00:00:01.871302,,,,,,,,,,,,,,,SVR,,,,,,7,,,,,,,,,,0.022795645051440622,,0.0409559551710558,scale,linear,True,,,,,,,,,0.007669807863363211,0.01687972185248043,99.0,0.012274764857921821,0.00460495699455861,0.02320793092144921,1.9842169515864174,2.789348207082841,2.842204129484359,99.0,2.8157761682836,0.02642796120075901,0.13319088509766724,1.9842169515864174,892125588711832.1,1074648338750564.1,99.0,983386963731198.1,91261375019366.02,459936474922265.4,1.9842169515864174,8.23533809828706,8.629011026527026,99.0,8.432174562407043,0.1968364641199826,0.9920107978243421,1.9842169515864174,2.483888518782499,2.5833008378889266,99.0,2.533594678335713,0.049706159553213836,0.25050768522803346,1.9842169515864174,100.0,0.43,-0.0032575060354073735,0.013302073509004019,99.0,0.005022283736798323,0.008279789772205696,0.041728248342933746,1.9842169515864174,SVR,"{'mode': 'original', 'type': 'SVR'}",7.0,"['nodes_T2W10', 'pe_T2W10', 'l1_T2W10', 'l2_T2W10', 'atd_T2W10', 'density_T2W10', 'diameter_T2W10']",0.07847018282361186,0.13645955420372108,99.0,0.10746486851366648,0.028994685690054613,0.1461265899722953,1.9842169515864174,3.4421013785946943,3.5132186559882648,99.0,3.4776600172914796,0.03555863869678506,0.17920741312261887,1.9842169515864174,completed,True,COMPLETE
196,2.822166068363643,2026-06-09 19:03:37.092736,2026-06-09 19:03:39.197051,0 days 00:00:02.104315,,,,,,,,,,,,,,,SVR,,,,,,7,,,,,,,,,,0.024826381131348,,0.04204796788036967,scale,linear,True,,,,,,,,,0.005583515437416902,0.014398132411225,99.0,0.00999082392432095,0.004407308486904049,0.022211827609779897,1.9842169515864174,2.796452813062214,2.847879323665072,99.0,2.822166068363643,0.02571325530142907,0.1295889306906226,1.9842169515864174,893248791533634.8,1075576943163322.2,99.0,984412867348478.5,91164075814843.7,459446109166421.44,1.9842169515864174,8.264272580575836,8.650702550315502,99.0,8.45748756544567,0.19321498486983335,0.973759369989025,1.9842169515864174,2.4895889303738383,2.589368264436558,99.0,2.539478597405198,0.04988966703135956,0.2514325209825058,1.9842169515864174,100.0,0.45,-0.006115771821194195,0.009954442196527719,99.0,0.001919335187666762,0.008035107008860957,0.04049510313091893,1.9842169515864174,SVR,"{'mode': 'original', 'type': 'SVR'}",7.0,"['nodes_T2W10', 'pe_T2W10', 'l1_T2W10', 'l2_T2W10', 'l3_T2W10', 'density_T2W10', 'diameter_T2W10']",0.06941016313115639,0.12336037311578243,99.0,0.09638526812346941,0.02697510499231302,0.13594836477304528,1.9842169515864174,3.4477886145001144,3.518396151965638,99.0,3.483092383232876,0.035303768732761934,0.17792292674717816,1.9842169515864174,completed,True,COMPLETE
197,2.8837148837940174,2026-06-09 19:03:39.210330,2026-06-09 19:03:39.326581,0 days 00:00:00.116251,,,,,,,,,,,,,,,Ridge,,,,,,7,,,,,,,,1.2191909999136479,svd,,,,,,True,,,,,,,,,,,,,,,,,,,,,,,,,,,,,,,,,,,,,,,,,,,,,,,,,,,,,Ridge,"{'mode': 'original', 'type': 'Ridge'}",7.0,"['pe_T2W10', 'l3_T2W10', 'lcc_T2W10', 'lsc_T2W10', 'atd_T2W10', 'density_T2W10', 'diameter_T2W10']",,,,,,,,,,,,,,,pruned,True,PRUNED
198,2.8151369937061226,2026-06-09 19:03:39.336317,2026-06-09 19:03:41.266919,0 days 00:00:01.930602,,,,,,,,,,,,,,,SVR,,,,,,6,,,,,,,,,,0.025520619059110197,,0.04560684819457702,scale,linear,True,,,,,,,,,0.007842860475493516,0.01717226195598887,99.0,0.012507561215741193,0.004664700740247676,0.0235090257469989,1.9842169515864174,2.7885361660393753,2.84173782137287,99.0,2.8151369937061226,0.02660082766674723,0.13406209258256455,1.9842169515864174,892321979087929.1,1074663034964338.1,99.0,983492507026133.6,91170527938204.47,459478626393711.56,1.9842169515864174,8.235483172072072,8.62801898890175,99.0,8.431751080486912,0.1962679084148387,0.9891454069975512,1.9842169515864174,2.478007904502219,2.576076037538089,99.0,2.527041971020154,0.04903406651793484,0.2471204899178551,1.9842169515864174,100.0,0.42,-0.003164207236248829,0.013571120027912116,99.0,0.005203456395831643,0.008367663632080472,0.04217111251564691,1.9842169515864174,SVR,"{'mode': 'original', 'type': 'SVR'}",6.0,"['nodes_T2W10', 'pe_T2W10', 'l1_T2W10', 'l2_T2W10', 'density_T2W10', 'diameter_T2W10']",0.07853348595724721,0.13638553676368878,99.0,0.107459511360468,0.028926025403220777,0.14578055781699625,1.9842169515864174,3.4415219047319066,3.51326518210055,99.0,3.477393543416228,0.03587163868432155,0.18078486153261378,1.9842169515864174,completed,True,COMPLETE
199,2.815342849227431,2026-06-09 19:03:41.286333,2026-06-09 19:03:43.211861,0 days 00:00:01.925528,,,,,,,,,,,,,,,SVR,,,,,,6,,,,,,,,,,0.027839915492438794,,0.05074887661826375,scale,linear,True,,,,,,,,,0.007921796216222644,0.016899153767924807,99.0,0.012410474992073726,0.0044886787758510825,0.022621915271222245,1.9842169515864174,2.789245760500769,2.841439937954093,99.0,2.815342849227431,0.026097088726662193,0.1315233634396536,1.9842169515864174,895755326987679.2,1078226973945059.8,99.0,986991150466369.5,91235823478690.25,459807700996332.9,1.9842169515864174,8.246826217929673,8.640941758299736,99.0,8.443883988114704,0.19705777018503137,0.9931261298190206,1.9842169515864174,2.4852359868664444,2.5865953993537603,99.0,2.5359156931101023,0.050679706243658036,0.25541413807163926,1.9842169515864174,100.0,0.44,-0.0034727504344009147,0.01281232916799736,99.0,0.004669789366798223,0.008142539801199137,0.041036539853613434,1.9842169515864174,SVR,"{'mode': 'original', 'type': 'SVR'}",6.0,"['pe_T2W10', 'l1_T2W10', 'l2_T2W10', 'l3_T2W10', 'atd_T2W10', 'density_T2W10']",0.08020241758378496,0.1313476189298273,99.0,0.10577501825680613,0.025572600673021174,0.12888006350603656,1.9842169515864174,3.4430593297002603,3.513351554453114,99.0,3.4782054420766872,0.03514611237642704,0.1771283747390984,1.9842169515864174,completed,True,COMPLETE
200,2.810980954980561,2026-06-09 19:03:43.225251,2026-06-09 19:03:45.021868,0 days 00:00:01.796617,,,,,,,,,,,,,,,SVR,,,,,,5,,,,,,,,,,0.0279576569169033,,0.05406708316694897,scale,linear,True,,,,,,,,,0.009288549602894424,0.01868561083336242,99.0,0.01398708021812842,0.004698530615233997,0.02367952058608025,1.9842169515864174,2.784105318054141,2.837856591906981,99.0,2.810980954980561,0.026875636926419942,0.13544706845152382,1.9842169515864174,894383160936461.8,1076923463353658.0,99.0,985653312145059.9,91270151208598.14,459980704910448.44,1.9842169515864174,8.230270282025762,8.634246099465605,99.0,8.432258190745683,0.20198790871992184,1.017972901392808,1.9842169515864174,2.4741399310819756,2.573261025975794,99.0,2.523700478528885,0.049560547446909096,0.24977383348773705,1.9842169515864174,100.0,0.43,-0.0023779939914948317,0.014739246552234249,99.0,0.006180626280369709,0.00855862027186454,0.04313349034248381,1.9842169515864174,SVR,"{'mode': 'original', 'type': 'SVR'}",5.0,"['pe_T2W10', 'l1_T2W10', 'l2_T2W10', 'atd_T2W10', 'density_T2W10']",0.086545377215143,0.14238622179486202,99.0,0.1144657995050025,0.027920422289859515,0.14071254792746646,1.9842169515864174,3.4397288097737575,3.5114874813207684,99.0,3.475608145547263,0.03587933577350525,0.18082365310315018,1.9842169515864174,completed,True,COMPLETE
201,2.811028069703959,2026-06-09 19:03:45.047833,2026-06-09 19:03:46.887054,0 days 00:00:01.839221,,,,,,,,,,,,,,,SVR,,,,,,5,,,,,,,,,,0.027170772706508094,,0.04967852365047211,scale,linear,True,,,,,,,,,0.009311106965915444,0.018626007318137808,99.0,0.013968557142026626,0.004657450176111182,0.02347248456065989,1.9842169515864174,2.7842295591096393,2.8378265802982785,99.0,2.811028069703959,0.026798510594319636,0.13505836936275412,1.9842169515864174,894496698096990.0,1077037032625685.2,99.0,985766865361337.6,91270167264347.58,459980785827756.5,1.9842169515864174,8.229798137899026,8.633651870559467,99.0,8.431725004229246,0.20192686633022036,1.0176652616982038,1.9842169515864174,2.4761063278296316,2.5754305633011665,99.0,2.525768445565399,0.04966211773576736,0.2502857245326001,1.9842169515864174,100.0,0.43,-0.0022780028490659715,0.014706399472761776,99.0,0.006214198311847902,0.008492201160913874,0.04279875320147933,1.9842169515864174,SVR,"{'mode': 'original', 'type': 'SVR'}",5.0,"['pe_T2W10', 'l1_T2W10', 'l2_T2W10', 'atd_T2W10', 'density_T2W10']",0.0870887366995787,0.1428149435703254,99.0,0.11495184013495205,0.027863103435373352,0.14042367399943992,1.9842169515864174,3.439737621690086,3.5113835180072073,99.0,3.4755605698486467,0.035822948158560575,0.1805394724096046,1.9842169515864174,completed,True,COMPLETE
202,2.8138470576201295,2026-06-09 19:03:46.901372,2026-06-09 19:03:48.912491,0 days 00:00:02.011119,,,,,,,,,,,,,,,SVR,,,,,,5,,,,,,,,,,0.02597781276344958,,0.05039916738716057,scale,linear,True,,,,,,,,,0.008394132757334982,0.01756049741217685,99.0,0.012977315084755916,0.004583182327420934,0.023098191575052295,1.9842169515864174,2.787156285890723,2.840537829349536,99.0,2.8138470576201295,0.026690771729406506,0.134515390104226,1.9842169515864174,898041718005299.0,1080878170082547.8,99.0,989459944043923.4,91418226038624.31,460726968215515.9,1.9842169515864174,8.237802863181368,8.641604264761007,99.0,8.439703563971188,0.20190070078981845,1.0175333933539634,1.9842169515864174,2.477427386415863,2.5779185653161822,99.0,2.5276729758660226,0.050245589450159715,0.25322628863737634,1.9842169515864174,100.0,0.44,-0.003771221686685044,0.01280660063705016,99.0,0.004517689475182558,0.008288911161867602,0.04177421806239719,1.9842169515864174,SVR,"{'mode': 'original', 'type': 'SVR'}",5.0,"['nodes_T2W10', 'pe_T2W10', 'l1_T2W10', 'l2_T2W10', 'density_T2W10']",0.0820991484966721,0.1382862812185891,99.0,0.1101927148576306,0.028093566360958493,0.14158515447868328,1.9842169515864174,3.442802168301419,3.514383579285869,99.0,3.478592873793644,0.035790705492225204,0.18037697673941294,1.9842169515864174,completed,True,COMPLETE
203,2.8138721893808842,2026-06-09 19:03:48.928190,2026-06-09 19:03:50.832419,0 days 00:00:01.904229,,,,,,,,,,,,,,,SVR,,,,,,5,,,,,,,,,,0.025765554210604374,,0.05235327765035157,scale,linear,True,,,,,,,,,0.008389974162544242,0.01754596771107344,99.0,0.01296797093680884,0.004577996774264598,0.023072057572154126,1.9842169515864174,2.787194892941923,2.8405494858198455,99.0,2.8138721893808842,0.026677296438961086,0.13444747771977306,1.9842169515864174,897965851075080.4,1080830507042003.1,99.0,989398179058541.8,91432327983461.33,460798038794898.5,1.9842169515864174,8.23852993721537,8.6423224009001,99.0,8.440426169057735,0.20189623184236521,1.0175108708800493,1.9842169515864174,2.477999147336292,2.578385301278857,99.0,2.5281922243075745,0.05019307697128242,0.2529616377440589,1.9842169515864174,100.0,0.44,-0.0038171919980536807,0.012736311571217988,99.0,0.004459559786582154,0.008276751784635834,0.041712937579826755,1.9842169515864174,SVR,"{'mode': 'original', 'type': 'SVR'}",5.0,"['nodes_T2W10', 'pe_T2W10', 'l1_T2W10', 'l2_T2W10', 'density_T2W10']",0.08247936383558876,0.13854147822727955,99.0,0.11051042103143416,0.028031057195845397,0.14127012257119392,1.9842169515864174,3.442918371477886,3.514472087718078,99.0,3.478695229597982,0.03577685812009591,0.18030718914830185,1.9842169515864174,completed,True,COMPLETE
