number,value,datetime_start,datetime_complete,duration,params_dt_max_depth,params_dt_min_samples_leaf,params_dt_min_samples_split,params_elastic_alpha,params_elastic_l1_ratio,params_et_max_depth,params_et_max_features,params_et_min_samples_leaf,params_et_min_samples_split,params_et_n_estimators,params_knn_metric,params_knn_n_neighbors,params_knn_weights,params_quantile_alpha,params_regressor,params_rf_max_depth,params_rf_max_features,params_rf_min_samples_leaf,params_rf_min_samples_split,params_rf_n_estimators,params_rfe_n_features,params_rfe_proxy_et_max_depth,params_rfe_proxy_et_min_samples_leaf,params_rfe_proxy_et_min_samples_split,params_rfe_proxy_et_n_estimators,params_rfe_proxy_lsvr_C,params_rfe_proxy_lsvr_epsilon,params_rfe_proxy_type,params_ridge_alpha,params_ridge_solver,params_svr_C,params_svr_degree,params_svr_epsilon,params_svr_gamma,params_svr_kernel,params_use_scaler,params_xgb_booster,params_xgb_colsample_bytree,params_xgb_learning_rate,params_xgb_max_depth,params_xgb_n_estimators,params_xgb_reg_alpha,params_xgb_reg_lambda,params_xgb_subsample,user_attrs_d2mae_ci_lower_val,user_attrs_d2mae_ci_upper_val,user_attrs_d2mae_df_val,user_attrs_d2mae_mean_val,user_attrs_d2mae_samperror_val,user_attrs_d2mae_std_val,user_attrs_d2mae_t_critical_val,user_attrs_mae_ci_lower_val,user_attrs_mae_ci_upper_val,user_attrs_mae_df_val,user_attrs_mae_mean_val,user_attrs_mae_samperror_val,user_attrs_mae_std_val,user_attrs_mae_t_critical_val,user_attrs_mape_ci_lower_val,user_attrs_mape_ci_upper_val,user_attrs_mape_df_val,user_attrs_mape_mean_val,user_attrs_mape_samperror_val,user_attrs_mape_std_val,user_attrs_mape_t_critical_val,user_attrs_max_error_ci_lower_val,user_attrs_max_error_ci_upper_val,user_attrs_max_error_df_val,user_attrs_max_error_mean_val,user_attrs_max_error_samperror_val,user_attrs_max_error_std_val,user_attrs_max_error_t_critical_val,user_attrs_median_ae_ci_lower_val,user_attrs_median_ae_ci_upper_val,user_attrs_median_ae_df_val,user_attrs_median_ae_mean_val,user_attrs_median_ae_samperror_val,user_attrs_median_ae_std_val,user_attrs_median_ae_t_critical_val,user_attrs_n_splits_val,user_attrs_r2_below_zero_val,user_attrs_r2_ci_lower_val,user_attrs_r2_ci_upper_val,user_attrs_r2_df_val,user_attrs_r2_mean_val,user_attrs_r2_samperror_val,user_attrs_r2_std_val,user_attrs_r2_t_critical_val,user_attrs_regressor_final,user_attrs_rfe_estimator,user_attrs_rfe_n_features,user_attrs_rfe_selected_features,user_attrs_rho_ci_lower_val,user_attrs_rho_ci_upper_val,user_attrs_rho_df_val,user_attrs_rho_mean_val,user_attrs_rho_samperror_val,user_attrs_rho_std_val,user_attrs_rho_t_critical_val,user_attrs_rmse_ci_lower_val,user_attrs_rmse_ci_upper_val,user_attrs_rmse_df_val,user_attrs_rmse_mean_val,user_attrs_rmse_samperror_val,user_attrs_rmse_std_val,user_attrs_rmse_t_critical_val,user_attrs_termination_reason,user_attrs_use_scaler_final,state
93,2.8219264362247287,2026-06-09 19:01:09.546050,2026-06-09 19:01:11.483103,0 days 00:00:01.937053,,,,,,,,,,,,,,,SVR,,,,,,8,,,,,,,,,,0.024157597703194148,,0.06381873031735441,auto,linear,True,,,,,,,,,0.00555631531963721,0.014599724534838555,99.0,0.010078019927237883,0.0045217046076006726,0.022788357916131537,1.9842169515864174,2.7960234321329738,2.8478294403164837,99.0,2.8219264362247287,0.025903004091755014,0.13054522123221,1.9842169515864174,892948966943121.1,1075060338024851.9,99.0,984004652483986.5,91055685540865.4,458899846955065.8,1.9842169515864174,8.250514023775397,8.638202890896226,99.0,8.444358457335811,0.1938444335604139,0.9769316475470676,1.9842169515864174,2.4924570722936634,2.5927610356360136,99.0,2.5426090539648385,0.05015198167117502,0.2527545268226723,1.9842169515864174,100.0,0.45,-0.005709117545959719,0.010624389753611713,99.0,0.0024576361038259964,0.008166753649785715,0.0411585721171077,1.9842169515864174,SVR,"{'mode': 'original', 'type': 'SVR'}",8.0,"['nodes_T2W10', 'pe_T2W10', 'l1_T2W10', 'l2_T2W10', 'l3_T2W10', 'atd_T2W10', 'density_T2W10', 'diameter_T2W10']",0.0688550919072566,0.1229962379096649,99.0,0.09592566490846074,0.027070573001204152,0.13642950172137547,1.9842169515864174,3.4469130147595144,3.5172231798696685,99.0,3.4820680973145914,0.03515508255507699,0.17717358238961653,1.9842169515864174,completed,True,COMPLETE
94,2.843537334159937,2026-06-09 19:01:11.497773,2026-06-09 19:01:13.309049,0 days 00:00:01.811276,,,,,,,,,,,,,,,SVR,,,,,,8,,,,,,,,,,0.050142876966760556,,0.05849316215365919,auto,linear,True,,,,,,,,,-0.0031402339646312916,0.00796130790968743,99.0,0.002410536972528069,0.0055507709371593605,0.027974617053449818,1.9842169515864174,2.816954056922933,2.870120611396941,99.0,2.843537334159937,0.026583277237004002,0.1339736424273071,1.9842169515864174,887953037246759.8,1069851353837151.5,99.0,978902195541955.6,90949158295195.84,458362973980644.3,1.9842169515864174,8.262375482399621,8.643813324246635,99.0,8.453094403323128,0.1907189209235072,0.9611797781035182,1.9842169515864174,2.5056772674210936,2.6020244244286284,99.0,2.553850845924861,0.04817357850376744,0.24278382696635967,1.9842169515864174,100.0,0.5,-0.016252884031940303,0.0031120748576843778,99.0,-0.006570404587127963,0.00968247944481234,0.048797483748291855,1.9842169515864174,SVR,"{'mode': 'original', 'type': 'SVR'}",8.0,"['nodes_T2W10', 'pe_T2W10', 'l1_T2W10', 'l2_T2W10', 'l3_T2W10', 'lcc_T2W10', 'density_T2W10', 'diameter_T2W10']",0.056405581582824646,0.11067887514813955,99.0,0.0835422283654821,0.027136646782657453,0.1367624984806284,1.9842169515864174,3.4615323064691292,3.5332156805760198,99.0,3.4973739935225745,0.03584168705344508,0.18063391215758437,1.9842169515864174,completed,True,COMPLETE
95,2.8203473889116197,2026-06-09 19:01:13.321427,2026-06-09 19:01:15.301459,0 days 00:00:01.980032,,,,,,,,,,,,,,,SVR,,,,,,8,,,,,,,,,,0.020087707415583196,,0.027441154147201302,auto,linear,True,,,,,,,,,0.0062397911625080545,0.015092458173737583,99.0,0.010666124668122818,0.004426333505614764,0.02230770935645837,1.9842169515864174,2.7941831809147915,2.846511596908448,99.0,2.8203473889116197,0.026164207996828066,0.13186162922310138,1.9842169515864174,894159016508870.1,1076964478399603.1,99.0,985561747454236.6,91402730945366.48,460648876486456.5,1.9842169515864174,8.234887581189044,8.63039730628096,99.0,8.432642443735002,0.19775486254595778,0.9966393160175816,1.9842169515864174,2.49336391818432,2.5924063830617152,99.0,2.5428851506230177,0.049521232438697445,0.24957569483067024,1.9842169515864174,100.0,0.46,-0.0059981076079393516,0.009982748631220416,99.0,0.0019923205116405317,0.007990428119579883,0.040269931739023754,1.9842169515864174,SVR,"{'mode': 'original', 'type': 'SVR'}",8.0,"['nodes_T2W10', 're_T2W10', 'pe_T2W10', 'l1_T2W10', 'l2_T2W10', 'atd_T2W10', 'density_T2W10', 'diameter_T2W10']",0.07154117264208393,0.12888460095624107,99.0,0.1002128867991625,0.02867171415707857,0.1444988872519964,1.9842169515864174,3.4475311897970453,3.5185346750899438,99.0,3.4830329324434945,0.035501742646449404,0.1789206700308911,1.9842169515864174,completed,True,COMPLETE
96,2.897294935481012,2026-06-09 19:01:15.314265,2026-06-09 19:01:15.467230,0 days 00:00:00.152965,,,,,,,,,,,euclidean,8.0,distance,,KNeighborsRegressor,,,,,,8,,,,,0.18937333719079663,0.02460967586534941,LinearSVR,,,,,,,,True,,,,,,,,,,,,,,,,,,,,,,,,,,,,,,,,,,,,,,,,,,,,,,,,,,,,,KNeighborsRegressor,"{'mode': 'proxy', 'type': 'LinearSVR'}",8.0,"['nodes_T2W10', 'pe_T2W10', 'l1_T2W10', 'l2_T2W10', 'l3_T2W10', 'lcc_T2W10', 'lsc_T2W10', 'density_T2W10']",,,,,,,,,,,,,,,pruned,True,PRUNED
97,2.846370645806079,2026-06-09 19:01:15.477184,2026-06-09 19:01:15.639792,0 days 00:00:00.162608,,,,,,,,,,,,,,,SVR,,,,,,8,,,,,,,,,,0.005377869316655476,,0.02710116522451391,auto,linear,True,,,,,,,,,,,,,,,,,,,,,,,,,,,,,,,,,,,,,,,,,,,,,,,,,,,,,SVR,"{'mode': 'original', 'type': 'SVR'}",8.0,"['nodes_T2W10', 'edges_T2W10', 're_T2W10', 'pe_T2W10', 'l1_T2W10', 'l2_T2W10', 'atd_T2W10', 'density_T2W10']",,,,,,,,,,,,,,,pruned,True,PRUNED
98,3.538114674441205,2026-06-09 19:01:15.671188,2026-06-09 19:01:15.796814,0 days 00:00:00.125626,20.0,1.0,10.0,,,,,,,,,,,,DecisionTreeRegressor,,,,,,8,,,,,,,,,,,,,,,True,,,,,,,,,,,,,,,,,,,,,,,,,,,,,,,,,,,,,,,,,,,,,,,,,,,,,DecisionTreeRegressor,"{'mode': 'original', 'type': 'DecisionTreeRegressor'}",8.0,"['re_T2W10', 'pe_T2W10', 'l2_T2W10', 'lsc_T2W10', 'atd_T2W10', 'density_T2W10', 'diameter_T2W10', 'asp_T2W10']",,,,,,,,,,,,,,,pruned,True,PRUNED
99,2.820568922839004,2026-06-09 19:01:15.806562,2026-06-09 19:01:17.586138,0 days 00:00:01.779576,,,,,,,,,,,,,,,SVR,,,,,,8,,,,,,,,,,0.018578834487216516,,0.06739394915366267,auto,linear,True,,,,,,,,,0.006186618205363019,0.014976329502593786,99.0,0.010581473853978403,0.004394855648615384,0.022149068150544814,1.9842169515864174,2.7945230277861515,2.8466148178918567,99.0,2.820568922839004,0.026045895052852555,0.131265359022502,1.9842169515864174,895602259500689.9,1078139108142200.6,99.0,986870683821445.2,91268424320755.42,459972001790351.94,1.9842169515864174,8.233388114487816,8.627074638062126,99.0,8.430231376274971,0.19684326178715475,0.9920450565134775,1.9842169515864174,2.494794563993899,2.5915464089452462,99.0,2.5431704864695726,0.04837592247567355,0.24380359434484278,1.9842169515864174,100.0,0.44,-0.00555951839826312,0.010168759051831552,99.0,0.0023046203267842167,0.007864138725047336,0.0396334620504064,1.9842169515864174,SVR,"{'mode': 'original', 'type': 'SVR'}",8.0,"['nodes_T2W10', 're_T2W10', 'pe_T2W10', 'l1_T2W10', 'l2_T2W10', 'atd_T2W10', 'density_T2W10', 'diameter_T2W10']",0.071556944670378,0.12941774127362585,99.0,0.10048734297200193,0.028930398301623927,0.14580259622564734,1.9842169515864174,3.447180622398606,3.5177811055048247,99.0,3.4824808639517153,0.035300241553109186,0.1779051505677643,1.9842169515864174,completed,True,COMPLETE
100,4.245171920496917,2026-06-09 19:01:17.600200,2026-06-09 19:01:17.774108,0 days 00:00:00.173908,,,,,,,,,,,,,,,SVR,,,,,,7,,,,,0.001249790575806302,0.00010147780898330712,LinearSVR,,,0.016592664535503926,5.0,0.06015281163959605,auto,poly,True,,,,,,,,,,,,,,,,,,,,,,,,,,,,,,,,,,,,,,,,,,,,,,,,,,,,,SVR,"{'mode': 'proxy', 'type': 'LinearSVR'}",7.0,"['nodes_T2W10', 'edges_T2W10', 'l2_T2W10', 'l3_T2W10', 'lcc_T2W10', 'atd_T2W10', 'density_T2W10']",,,,,,,,,,,,,,,pruned,True,PRUNED
101,2.868024890020984,2026-06-09 19:01:17.785671,2026-06-09 19:01:19.554934,0 days 00:00:01.769263,,,,,,,,,,,,,,,SVR,,,,,,8,,,,,,,,,,0.07578991878962296,,0.042714295654491766,auto,linear,True,,,,,,,,,-0.01288317085725877,0.00017839206893172001,99.0,-0.0063523893941635256,0.006530781463095246,0.0329136461508091,1.9842169515864174,2.841603837663173,2.894445942378795,99.0,2.868024890020984,0.026421052357810868,0.13315606610802694,1.9842169515864174,889721995432833.1,1071355434991132.9,99.0,980538715211983.0,90816719779149.83,457695514124804.8,1.9842169515864174,8.294542645725317,8.675301515267323,99.0,8.48492208049632,0.19037943477100344,0.9594688454747433,1.9842169515864174,2.527241225463384,2.6286594999209365,99.0,2.5779503626921603,0.05070913722877619,0.2555624635110254,1.9842169515864174,100.0,0.62,-0.031419745892001485,-0.008380266476698352,99.0,-0.01990000618434992,0.011519739707651567,0.05805685561975129,1.9842169515864174,SVR,"{'mode': 'original', 'type': 'SVR'}",8.0,"['nodes_T2W10', 'pe_T2W10', 'l1_T2W10', 'l2_T2W10', 'l3_T2W10', 'lcc_T2W10', 'lsc_T2W10', 'density_T2W10']",0.0398618498262118,0.0946905402558621,99.0,0.06727619504103695,0.027414345214825154,0.13816203511872474,1.9842169515864174,3.4839197031036644,3.555314352271764,99.0,3.519617027687714,0.035697324584049665,0.17990635830174218,1.9842169515864174,completed,True,COMPLETE
102,2.8210704115368643,2026-06-09 19:01:19.567260,2026-06-09 19:01:21.399693,0 days 00:00:01.832433,,,,,,,,,,,,,,,SVR,,,,,,8,,,,,,,,,,0.017863334054189398,,0.0874935991086586,auto,linear,True,,,,,,,,,0.0060391678692516,0.014769305629226934,99.0,0.010404236749239267,0.004365068879987667,0.021998949643574586,1.9842169515864174,2.7950769494386196,2.847063873635109,99.0,2.8210704115368643,0.025993462098244862,0.13100110891333036,1.9842169515864174,896164538456279.4,1078687323988037.6,99.0,987425931222158.5,91261392765879.11,459936564360635.94,1.9842169515864174,8.23440802974733,8.627359901855717,99.0,8.430883965801524,0.19647593605419292,0.9901938187611332,1.9842169515864174,2.4972800296326634,2.5938156145032876,99.0,2.5455478220679755,0.0482677924353119,0.24325864365144612,1.9842169515864174,100.0,0.45,-0.0058519061600369425,0.009813182291696854,99.0,0.001980638065829956,0.007832544225866898,0.03947423299455555,1.9842169515864174,SVR,"{'mode': 'original', 'type': 'SVR'}",8.0,"['nodes_T2W10', 're_T2W10', 'pe_T2W10', 'l1_T2W10', 'l2_T2W10', 'atd_T2W10', 'density_T2W10', 'diameter_T2W10']",0.07073796194582153,0.1285080474829874,99.0,0.09962300471440445,0.02888504276858292,0.14557401470382966,1.9842169515864174,3.447775361979256,3.518326193165953,99.0,3.4830507775726045,0.035275415593348354,0.17778003340383228,1.9842169515864174,completed,True,COMPLETE
103,2.8210677769644406,2026-06-09 19:01:21.411878,2026-06-09 19:01:23.313577,0 days 00:00:01.901699,,,,,,,,,,,,,,,SVR,,,,,,8,,,,,,,,,,0.017974975741283802,,0.08759928822124777,auto,linear,True,,,,,,,,,0.006031871605208552,0.014777502624981904,99.0,0.010404687115095228,0.004372815509886676,0.02203799088799504,1.9842169515864174,2.795069949897284,2.847065604031597,99.0,2.8210677769644406,0.025997827067156153,0.13102310735915454,1.9842169515864174,896116234621415.0,1078624947857892.5,99.0,987370591239653.8,91254356618238.73,459901103784438.6,1.9842169515864174,8.234283702544351,8.627245875430313,99.0,8.430764788987332,0.19648108644298143,0.9902197755436533,1.9842169515864174,2.4972984657687047,2.593656787860574,99.0,2.5454776268146393,0.048179161045934636,0.24281196170315208,1.9842169515864174,100.0,0.45,-0.005853666224890265,0.009832298100419112,99.0,0.001989315937764423,0.007842982162654688,0.03952683781067429,1.9842169515864174,SVR,"{'mode': 'original', 'type': 'SVR'}",8.0,"['nodes_T2W10', 're_T2W10', 'pe_T2W10', 'l1_T2W10', 'l2_T2W10', 'atd_T2W10', 'density_T2W10', 'diameter_T2W10']",0.07089087795329292,0.12863609966608464,99.0,0.09976348880968879,0.02887261085639586,0.14551136070736462,1.9842169515864174,3.447754884735024,3.5183108171063577,99.0,3.483032850920691,0.03527796618566666,0.17779288780625166,1.9842169515864174,completed,True,COMPLETE
104,2.81700051431954,2026-06-09 19:01:23.326778,2026-06-09 19:01:25.253228,0 days 00:00:01.926450,,,,,,,,,,,,,,,SVR,,,,,,7,,,,,,,,,,0.01893537505812681,,0.08259772656940303,auto,linear,True,,,,,,,,,0.007441703307668273,0.01622850044269359,99.0,0.011835101875180932,0.004393398567512659,0.022141724794761262,1.9842169515864174,2.7909681056979068,2.8430329229411733,99.0,2.81700051431954,0.026032408621633207,0.13119739049109436,1.9842169515864174,893948826793471.5,1076313662059368.5,99.0,985131244426420.0,91182417632948.56,459538547738172.4,1.9842169515864174,8.240344459333446,8.63291251389889,99.0,8.436628486616168,0.1962840272827222,0.989226642408178,1.9842169515864174,2.486866044442101,2.585354377037875,99.0,2.536110210739988,0.04924416629788689,0.2481793447965218,1.9842169515864174,100.0,0.43,-0.003607926272665608,0.012348795571607651,99.0,0.0043704346494710215,0.00797836092213663,0.04020911582152236,1.9842169515864174,SVR,"{'mode': 'original', 'type': 'SVR'}",7.0,"['nodes_T2W10', 'pe_T2W10', 'l1_T2W10', 'l2_T2W10', 'atd_T2W10', 'density_T2W10', 'diameter_T2W10']",0.07825391319779668,0.1359230810855881,99.0,0.10708849714169238,0.028834583943895712,0.14531971375832636,1.9842169515864174,3.443560697884949,3.5140979958941885,99.0,3.478829346889569,0.035268649004619713,0.1777459313429501,1.9842169515864174,completed,True,COMPLETE
105,2.8196165703804423,2026-06-09 19:01:25.271564,2026-06-09 19:01:27.073023,0 days 00:00:01.801459,,,,,,,,,,,,,,,SVR,,,,,,7,,,,,,,,,,0.0161733351196134,,0.11427429884217793,auto,linear,True,,,,,,,,,0.006757712796570252,0.015074691441739549,99.0,0.010916202119154901,0.004158489322584649,0.020957835882108866,1.9842169515864174,2.793886186412181,2.8453469543487038,99.0,2.8196165703804423,0.025730383968261317,0.12967525525719054,1.9842169515864174,894583097269703.5,1076671318617873.5,99.0,985627207943788.5,91044110674085.0,458841512271597.0,1.9842169515864174,8.24996637647061,8.64079377533221,99.0,8.44538007590141,0.19541369943080067,0.9848403889230151,1.9842169515864174,2.4967705081654916,2.5952028393188487,99.0,2.54598667374217,0.04921616557667871,0.248038227560396,1.9842169515864174,100.0,0.43,-0.004860961497228084,0.010471026479164126,99.0,0.0028050324909680213,0.007665993988196105,0.03863485785698486,1.9842169515864174,SVR,"{'mode': 'original', 'type': 'SVR'}",7.0,"['nodes_T2W10', 'pe_T2W10', 'l1_T2W10', 'l2_T2W10', 'atd_T2W10', 'density_T2W10', 'diameter_T2W10']",0.07755260449088724,0.13509382388268473,99.0,0.10632321418678599,0.028770609695898747,0.1449972981679051,1.9842169515864174,3.446448854416415,3.516844941951212,99.0,3.4816468981838136,0.03519804376739825,0.17739009708216016,1.9842169515864174,completed,True,COMPLETE
106,2.8790233727313703,2026-06-09 19:01:27.085867,2026-06-09 19:01:27.198760,0 days 00:00:00.112893,,,,0.059455977357825186,0.5461347770959349,,,,,,,,,,ElasticNet,,,,,,7,,,,,,,,,,,,,,,True,,,,,,,,,,,,,,,,,,,,,,,,,,,,,,,,,,,,,,,,,,,,,,,,,,,,,ElasticNet,"{'mode': 'original', 'type': 'ElasticNet'}",7.0,"['pe_T2W10', 'l1_T2W10', 'l2_T2W10', 'l3_T2W10', 'lcc_T2W10', 'density_T2W10', 'diameter_T2W10']",,,,,,,,,,,,,,,pruned,True,PRUNED
107,2.8743742826033616,2026-06-09 19:01:27.208653,2026-06-09 19:01:27.645925,0 days 00:00:00.437272,,,,,,,,,,,,,,,XGBRegressor,,,,,,6,,,,,,,,,,,,,,,True,gbtree,0.7899315495500815,0.020795184847507805,2.0,244.0,0.000622081019403896,0.0002474416458444732,0.6882671926514123,,,,,,,,,,,,,,,,,,,,,,,,,,,,,,,,,,,,,,,,,,,,,XGBRegressor,"{'mode': 'original', 'type': 'XGBRegressor'}",6.0,"['l2_T2W10', 'lcc_T2W10', 'lsc_T2W10', 'atd_T2W10', 'density_T2W10', 'asp_T2W10']",,,,,,,,,,,,,,,pruned,True,PRUNED
108,2.8253903822766793,2026-06-09 19:01:27.655717,2026-06-09 19:01:27.804231,0 days 00:00:00.148514,,,,,,,,,,,,,,,SVR,,,,,,7,,,,,,,,,,0.007180428753664517,,0.0962074770779952,auto,linear,True,,,,,,,,,,,,,,,,,,,,,,,,,,,,,,,,,,,,,,,,,,,,,,,,,,,,,SVR,"{'mode': 'original', 'type': 'SVR'}",7.0,"['nodes_T2W10', 're_T2W10', 'pe_T2W10', 'l1_T2W10', 'l2_T2W10', 'atd_T2W10', 'density_T2W10']",,,,,,,,,,,,,,,pruned,True,PRUNED
109,2.89261610083032,2026-06-09 19:01:27.814161,2026-06-09 19:01:28.335509,0 days 00:00:00.521348,,,,,,,,,,,,,,,SVR,,,,,,7,8.0,3.0,7.0,140.0,,,ExtraTrees,,,0.01602502379101097,,0.13904843365220648,auto,rbf,True,,,,,,,,,,,,,,,,,,,,,,,,,,,,,,,,,,,,,,,,,,,,,,,,,,,,,SVR,"{'mode': 'proxy', 'type': 'ExtraTrees'}",7.0,"['nodes_T2W10', 're_T2W10', 'pe_T2W10', 'l2_T2W10', 'l3_T2W10', 'diameter_T2W10', 'asp_T2W10']",,,,,,,,,,,,,,,pruned,True,PRUNED
110,2.8766142893279594,2026-06-09 19:01:28.345499,2026-06-09 19:01:30.806844,0 days 00:00:02.461345,,,,,,,,,,,,,,,RandomForestRegressor,12.0,sqrt,3.0,7.0,306.0,7,,,,,,,,,,,,,,,True,,,,,,,,,,,,,,,,,,,,,,,,,,,,,,,,,,,,,,,,,,,,,,,,,,,,,RandomForestRegressor,"{'mode': 'original', 'type': 'RandomForestRegressor'}",7.0,"['nodes_T2W10', 'pe_T2W10', 'l2_T2W10', 'atd_T2W10', 'density_T2W10', 'diameter_T2W10', 'asp_T2W10']",,,,,,,,,,,,,,,pruned,True,PRUNED
111,2.830611147970398,2026-06-09 19:01:30.817315,2026-06-09 19:01:32.493111,0 days 00:00:01.675796,,,,,,,,,,,,,,,SVR,,,,,,6,,,,,,,,,,0.008735690624228786,,0.08103248008024878,auto,linear,False,,,,,,,,,0.003901330910790174,0.010213338629031435,99.0,0.0070573347699108046,0.0031560038591206306,0.015905538235611527,1.9842169515864174,2.805972368081761,2.8552499278590346,99.0,2.830611147970398,0.024638779888636605,0.12417382015075244,1.9842169515864174,901626095263141.8,1084974962750249.5,99.0,993300529006695.6,91674433743553.81,462018196499422.4,1.9842169515864174,8.273194931889497,8.664723962679906,99.0,8.468959447284702,0.19576451539520492,0.9866084212146643,1.9842169515864174,2.528523948717415,2.633425450405196,99.0,2.5809746995613057,0.052450750843890434,0.2643397981352549,1.9842169515864174,100.0,0.53,-0.010761700367102714,0.0016463771017707195,99.0,-0.004557661632665997,0.0062040387344367166,0.031266937466069296,1.9842169515864174,SVR,"{'mode': 'original', 'type': 'SVR'}",6.0,"['re_T2W10', 'pe_T2W10', 'l1_T2W10', 'l2_T2W10', 'atd_T2W10', 'density_T2W10']",0.08044804428753939,0.13566402439809783,99.0,0.10805603434281862,0.02760799005527922,0.1391379608626271,1.9842169515864174,3.460148674260412,3.529333428903996,99.0,3.494741051582204,0.03459237732179182,0.17433767660403562,1.9842169515864174,completed,True,COMPLETE
112,2.8645773128894727,2026-06-09 19:01:32.505391,2026-06-09 19:01:32.641356,0 days 00:00:00.135965,,,,,,,,,,,,,,,SVR,,,,,,8,,,,,,,,,,0.00272041388347609,,0.07087058631253852,auto,linear,True,,,,,,,,,,,,,,,,,,,,,,,,,,,,,,,,,,,,,,,,,,,,,,,,,,,,,SVR,"{'mode': 'original', 'type': 'SVR'}",8.0,"['nodes_T2W10', 'edges_T2W10', 're_T2W10', 'pe_T2W10', 'l1_T2W10', 'l2_T2W10', 'atd_T2W10', 'density_T2W10']",,,,,,,,,,,,,,,pruned,True,PRUNED
