number,value,datetime_start,datetime_complete,duration,params_dt_max_depth,params_dt_min_samples_leaf,params_dt_min_samples_split,params_elastic_alpha,params_elastic_l1_ratio,params_et_max_depth,params_et_max_features,params_et_min_samples_leaf,params_et_min_samples_split,params_et_n_estimators,params_knn_metric,params_knn_n_neighbors,params_knn_weights,params_quantile_alpha,params_regressor,params_rf_max_depth,params_rf_max_features,params_rf_min_samples_leaf,params_rf_min_samples_split,params_rf_n_estimators,params_rfe_n_features,params_rfe_proxy_et_max_depth,params_rfe_proxy_et_min_samples_leaf,params_rfe_proxy_et_min_samples_split,params_rfe_proxy_et_n_estimators,params_rfe_proxy_lsvr_C,params_rfe_proxy_lsvr_epsilon,params_rfe_proxy_type,params_ridge_alpha,params_ridge_solver,params_svr_C,params_svr_degree,params_svr_epsilon,params_svr_gamma,params_svr_kernel,params_use_scaler,params_xgb_booster,params_xgb_colsample_bytree,params_xgb_learning_rate,params_xgb_max_depth,params_xgb_n_estimators,params_xgb_reg_alpha,params_xgb_reg_lambda,params_xgb_subsample,user_attrs_d2mae_ci_lower_val,user_attrs_d2mae_ci_upper_val,user_attrs_d2mae_df_val,user_attrs_d2mae_mean_val,user_attrs_d2mae_samperror_val,user_attrs_d2mae_std_val,user_attrs_d2mae_t_critical_val,user_attrs_mae_ci_lower_val,user_attrs_mae_ci_upper_val,user_attrs_mae_df_val,user_attrs_mae_mean_val,user_attrs_mae_samperror_val,user_attrs_mae_std_val,user_attrs_mae_t_critical_val,user_attrs_mape_ci_lower_val,user_attrs_mape_ci_upper_val,user_attrs_mape_df_val,user_attrs_mape_mean_val,user_attrs_mape_samperror_val,user_attrs_mape_std_val,user_attrs_mape_t_critical_val,user_attrs_max_error_ci_lower_val,user_attrs_max_error_ci_upper_val,user_attrs_max_error_df_val,user_attrs_max_error_mean_val,user_attrs_max_error_samperror_val,user_attrs_max_error_std_val,user_attrs_max_error_t_critical_val,user_attrs_median_ae_ci_lower_val,user_attrs_median_ae_ci_upper_val,user_attrs_median_ae_df_val,user_attrs_median_ae_mean_val,user_attrs_median_ae_samperror_val,user_attrs_median_ae_std_val,user_attrs_median_ae_t_critical_val,user_attrs_n_splits_val,user_attrs_r2_below_zero_val,user_attrs_r2_ci_lower_val,user_attrs_r2_ci_upper_val,user_attrs_r2_df_val,user_attrs_r2_mean_val,user_attrs_r2_samperror_val,user_attrs_r2_std_val,user_attrs_r2_t_critical_val,user_attrs_regressor_final,user_attrs_rfe_estimator,user_attrs_rfe_n_features,user_attrs_rfe_selected_features,user_attrs_rho_ci_lower_val,user_attrs_rho_ci_upper_val,user_attrs_rho_df_val,user_attrs_rho_mean_val,user_attrs_rho_samperror_val,user_attrs_rho_std_val,user_attrs_rho_t_critical_val,user_attrs_rmse_ci_lower_val,user_attrs_rmse_ci_upper_val,user_attrs_rmse_df_val,user_attrs_rmse_mean_val,user_attrs_rmse_samperror_val,user_attrs_rmse_std_val,user_attrs_rmse_t_critical_val,user_attrs_termination_reason,user_attrs_use_scaler_final,state
257,2.8115181982773167,2026-06-09 19:05:12.210671,2026-06-09 19:05:14.157604,0 days 00:00:01.946933,,,,,,,,,,,,,,,SVR,,,,,,3,,,,,,,,,,0.0858731849735353,,0.14740202179056716,scale,linear,False,,,,,,,,,0.008747813174454139,0.018930426653131043,99.0,0.01383911991379259,0.005091306739338453,0.025659022493824884,1.9842169515864174,2.783611693173568,2.8394247033810656,99.0,2.8115181982773167,0.02790650510374874,0.14064240848984272,1.9842169515864174,888214672353036.8,1070376074719436.5,99.0,979295373536236.6,91080701183199.81,459025920075822.06,1.9842169515864174,8.299447024907913,8.712611977599568,99.0,8.50602950125374,0.20658247634582788,1.0411284722704413,1.9842169515864174,2.4844800422001376,2.5928978799126834,99.0,2.5386889610564105,0.054208918856273096,0.2732005631386834,1.9842169515864174,100.0,0.44,-0.005619201730459883,0.013251444261454167,99.0,0.003816121265497142,0.009435322995957025,0.047551871726593774,1.9842169515864174,SVR,"{'mode': 'original', 'type': 'SVR'}",3.0,"['pe_T2W10', 'l2_T2W10', 'density_T2W10']",0.0924072589930955,0.14787534848131684,99.0,0.12014130373720616,0.027734044744110665,0.13977324768814617,1.9842169515864174,3.443041300055354,3.5160916310498553,99.0,3.4795664655526046,0.03652516549725052,0.18407848732492677,1.9842169515864174,completed,True,COMPLETE
258,2.8268139765101283,2026-06-09 19:05:14.171632,2026-06-09 19:05:14.286763,0 days 00:00:00.115131,,,,,,,,,,,,,,,Ridge,,,,,,3,,,,,,,,0.011268552613863711,svd,,,,,,False,,,,,,,,,,,,,,,,,,,,,,,,,,,,,,,,,,,,,,,,,,,,,,,,,,,,,Ridge,"{'mode': 'original', 'type': 'Ridge'}",3.0,"['pe_T2W10', 'density_T2W10', 'asp_T2W10']",,,,,,,,,,,,,,,pruned,False,PRUNED
259,2.808640066949881,2026-06-09 19:05:14.297642,2026-06-09 19:05:15.688671,0 days 00:00:01.391029,,,,,,14.0,,4.0,6.0,152.0,,,,,ExtraTreesRegressor,,,,,,2,,,,,,,,,,,,,,,False,,,,,,,,,,,,,,,,,,,,,,,,,,,,,,,,,,,,,,,,,,,,,,,,,,,,,ExtraTreesRegressor,"{'mode': 'original', 'type': 'ExtraTreesRegressor'}",2.0,"['l2_T2W10', 'asp_T2W10']",,,,,,,,,,,,,,,pruned,False,PRUNED
260,2.810761660475919,2026-06-09 19:05:15.698812,2026-06-09 19:05:17.578532,0 days 00:00:01.879720,,,,,,,,,,,,,,,SVR,,,,,,3,,,,,,,,,,0.08947161441352859,,0.12751709258585156,scale,linear,False,,,,,,,,,0.009011166157290359,0.019206201983580543,99.0,0.01410868407043545,0.005097517913145092,0.02569032539042434,1.9842169515864174,2.7828078365661724,2.838715484385666,99.0,2.810761660475919,0.027953823909746947,0.14088088445871486,1.9842169515864174,888661691568185.4,1070792248935322.4,99.0,979726970251753.9,91065278683568.53,458948194202051.3,1.9842169515864174,8.297311688975336,8.710754900847194,99.0,8.504033294911265,0.20672160593592837,1.0418296536104619,1.9842169515864174,2.488115957336239,2.5961910913223796,99.0,2.542153524329309,0.05403756699307025,0.2723369889057053,1.9842169515864174,100.0,0.43,-0.005218028246644087,0.013658099314733746,99.0,0.00422003553404483,0.009438063780688916,0.0475656846553146,1.9842169515864174,SVR,"{'mode': 'original', 'type': 'SVR'}",3.0,"['pe_T2W10', 'l2_T2W10', 'density_T2W10']",0.09138854008832287,0.1468999514840062,99.0,0.11914424578616453,0.027755705697841665,0.13988241394495937,1.9842169515864174,3.4423282092500167,3.5153974605747176,99.0,3.478862834912367,0.036534625662350356,0.18412616439517998,1.9842169515864174,completed,True,COMPLETE
261,2.8042065711022737,2026-06-09 19:05:17.605838,2026-06-09 19:05:17.819523,0 days 00:00:00.213685,,,,,,,,,,,,,,,SVR,,,,,,3,,,,,,,,,,0.15607835343741772,,0.13637306288318318,scale,linear,False,,,,,,,,,,,,,,,,,,,,,,,,,,,,,,,,,,,,,,,,,,,,,,,,,,,,,SVR,"{'mode': 'original', 'type': 'SVR'}",3.0,"['pe_T2W10', 'l3_T2W10', 'density_T2W10']",,,,,,,,,,,,,,,pruned,True,PRUNED
262,2.8199599045555623,2026-06-09 19:05:17.830820,2026-06-09 19:05:19.623772,0 days 00:00:01.792952,,,,,,,,,,,,,,,SVR,,,,,,2,,,,,,,,,,0.08884149513446968,,0.17802958179409553,scale,linear,False,,,,,,,,,0.006255904001681754,0.015420275655581381,99.0,0.010838089828631568,0.004582185826949814,0.02309316944039952,1.9842169515864174,2.7931233597474865,2.846796449363638,99.0,2.8199599045555623,0.026836544808075798,0.13525005310845417,1.9842169515864174,881929239144309.6,1060886377085468.6,99.0,971407808114889.1,89478568970579.5,450951539845679.44,1.9842169515864174,8.359970977829896,8.768230134547693,99.0,8.564100556188794,0.20412957835889786,1.0287664269559462,1.9842169515864174,2.485238873598821,2.588771250605483,99.0,2.537005062102152,0.0517661885033309,0.26088976037596545,1.9842169515864174,100.0,0.47,-0.009877037638944298,0.008627164829910588,99.0,-0.0006249364045168549,0.009252101234427443,0.04662847591857443,1.9842169515864174,SVR,"{'mode': 'original', 'type': 'SVR'}",2.0,"['l2_T2W10', 'density_T2W10']",0.09559868487519933,0.14956701019103347,99.0,0.1225828475331164,0.026984162657917074,0.13599401333781946,1.9842169515864174,3.4510814305487743,3.5235327184663414,99.0,3.487307074507558,0.03622564395878345,0.182568967218128,1.9842169515864174,completed,True,COMPLETE
263,2.8696532685652327,2026-06-09 19:05:19.636638,2026-06-09 19:05:19.837663,0 days 00:00:00.201025,,,,,,,,,,,,,,,SVR,,,,,,3,,,,,0.14653925166472664,0.16898352681406445,LinearSVR,,,0.1129398087846819,,0.1057189314495412,scale,rbf,False,,,,,,,,,,,,,,,,,,,,,,,,,,,,,,,,,,,,,,,,,,,,,,,,,,,,,SVR,"{'mode': 'proxy', 'type': 'LinearSVR'}",3.0,"['l1_T2W10', 'l2_T2W10', 'density_T2W10']",,,,,,,,,,,,,,,pruned,True,PRUNED
264,2.8884918248792504,2026-06-09 19:05:19.847395,2026-06-09 19:05:19.981076,0 days 00:00:00.133681,,,,,,,,,,,,,,,LinearRegression,,,,,,3,,,,,,,,,,,,,,,False,,,,,,,,,,,,,,,,,,,,,,,,,,,,,,,,,,,,,,,,,,,,,,,,,,,,,LinearRegression,"{'mode': 'original', 'type': 'LinearRegression'}",3.0,"['pe_T2W10', 'atd_T2W10', 'density_T2W10']",,,,,,,,,,,,,,,pruned,False,PRUNED
265,2.802882593581038,2026-06-09 19:05:19.990417,2026-06-09 19:05:20.331095,0 days 00:00:00.340678,,,,,,,,,,,,,,,SVR,,,,,,3,,,,,,,,,,0.1531952301576201,,0.13287311160378643,scale,linear,False,,,,,,,,,,,,,,,,,,,,,,,,,,,,,,,,,,,,,,,,,,,,,,,,,,,,,SVR,"{'mode': 'original', 'type': 'SVR'}",3.0,"['pe_T2W10', 'l3_T2W10', 'density_T2W10']",,,,,,,,,,,,,,,pruned,True,PRUNED
266,8.654002980964744,2026-06-09 19:05:20.341077,2026-06-09 19:05:20.894592,0 days 00:00:00.553515,,,,,,,,,,,,,,,SVR,,,,,,3,2.0,2.0,9.0,90.0,,,ExtraTrees,,,0.08758952156594936,4.0,0.09507873767391187,scale,poly,False,,,,,,,,,,,,,,,,,,,,,,,,,,,,,,,,,,,,,,,,,,,,,,,,,,,,,SVR,"{'mode': 'proxy', 'type': 'ExtraTrees'}",3.0,"['pe_T2W10', 'l2_T2W10', 'density_T2W10']",,,,,,,,,,,,,,,pruned,True,PRUNED
267,2.81497912803902,2026-06-09 19:05:20.904907,2026-06-09 19:05:22.677027,0 days 00:00:01.772120,,,,,,,,,,,,,,,SVR,,,,,,3,,,,,,,,,,0.07933617715743543,,0.23493122191151516,scale,linear,False,,,,,,,,,0.00757184929478142,0.01764680127899971,99.0,0.012609325286890564,0.005037475992109144,0.025387727829265804,1.9842169515864174,2.7872998781701335,2.8426583779079064,99.0,2.81497912803902,0.02767924986888655,0.1394970940388171,1.9842169515864174,886981867196363.5,1068081344697764.5,99.0,977531605947064.0,90549738750700.56,456349990752293.5,1.9842169515864174,8.319832108865766,8.73271221738453,99.0,8.526272163125148,0.20644005425938147,1.040410697501243,1.9842169515864174,2.4852120148649335,2.5957577559120932,99.0,2.5404848853885134,0.055272870523579896,0.27856263640620665,1.9842169515864174,100.0,0.46,-0.007915374726613465,0.011477618480634917,99.0,0.0017811218770107263,0.009696496603624191,0.04886812702548311,1.9842169515864174,SVR,"{'mode': 'original', 'type': 'SVR'}",3.0,"['pe_T2W10', 'l2_T2W10', 'density_T2W10']",0.09063659316796378,0.14590425592104422,99.0,0.118270424544504,0.027633831376540213,0.13926819521648812,1.9842169515864174,3.4464297963557753,3.5196327334135677,99.0,3.4830312648846715,0.03660146852889624,0.1844630371675471,1.9842169515864174,completed,True,COMPLETE
268,3.067587267673053,2026-06-09 19:05:22.689839,2026-06-09 19:05:22.873815,0 days 00:00:00.183976,6.0,4.0,7.0,,,,,,,,,,,,DecisionTreeRegressor,,,,,,3,,,,,,,,,,,,,,,False,,,,,,,,,,,,,,,,,,,,,,,,,,,,,,,,,,,,,,,,,,,,,,,,,,,,,DecisionTreeRegressor,"{'mode': 'original', 'type': 'DecisionTreeRegressor'}",3.0,"['re_T2W10', 'pe_T2W10', 'diameter_T2W10']",,,,,,,,,,,,,,,pruned,False,PRUNED
269,2.8102826998241044,2026-06-09 19:05:22.883689,2026-06-09 19:05:24.611116,0 days 00:00:01.727427,,,,,,,,,,,,,,,SVR,,,,,,3,,,,,,,,,,0.06437087444493492,,0.1561684934273334,scale,linear,False,,,,,,,,,0.009349979305230231,0.019171604742185946,99.0,0.014260792023708089,0.0049108127184778584,0.024749373875430178,1.9842169515864174,2.782771740305935,2.8377936593422737,99.0,2.8102826998241044,0.027510959518169266,0.13864894912914516,1.9842169515864174,888443924500778.1,1070363515101248.4,99.0,979403719801013.2,90959795300235.12,458416582055259.25,1.9842169515864174,8.297830003031873,8.709546271773114,99.0,8.503688137402493,0.20585813437062084,1.0374779542430252,1.9842169515864174,2.4877708589115057,2.5949186690081154,99.0,2.5413447639598106,0.05357390504830465,0.270000238660754,1.9842169515864174,100.0,0.43,-0.005030131693059885,0.013571540917287971,99.0,0.004270704612114043,0.009300836305173928,0.04687408953813111,1.9842169515864174,SVR,"{'mode': 'original', 'type': 'SVR'}",3.0,"['pe_T2W10', 'l2_T2W10', 'density_T2W10']",0.09282522732558604,0.14800181829032596,99.0,0.120413522807956,0.027588295482369955,0.13903870471579538,1.9842169515864174,3.4423890416052108,3.5152004421206064,99.0,3.4787947418629086,0.036405700257698057,0.18347640981794375,1.9842169515864174,completed,True,COMPLETE
270,2.96,2026-06-09 19:05:24.624405,2026-06-09 19:05:24.790546,0 days 00:00:00.166141,,,,,,,,,,,manhattan,15.0,uniform,,KNeighborsRegressor,,,,,,3,,,,,1.5764016626875788,0.005277953238160833,LinearSVR,,,,,,,,False,,,,,,,,,,,,,,,,,,,,,,,,,,,,,,,,,,,,,,,,,,,,,,,,,,,,,KNeighborsRegressor,"{'mode': 'proxy', 'type': 'LinearSVR'}",3.0,"['nodes_T2W10', 'edges_T2W10', 'lcc_T2W10']",,,,,,,,,,,,,,,pruned,True,PRUNED
271,2.8120178265769904,2026-06-09 19:05:24.801441,2026-06-09 19:05:26.652437,0 days 00:00:01.850996,,,,,,,,,,,,,,,SVR,,,,,,3,,,,,,,,,,0.10372392427714969,,0.12846676086312922,scale,linear,False,,,,,,,,,0.008526728197263994,0.01879410719092414,99.0,0.013660417694094066,0.005133689496830073,0.02587262190621643,1.9842169515864174,2.7840848092009804,2.8399508439530003,99.0,2.8120178265769904,0.02793301737600986,0.14077602428341773,1.9842169515864174,888427921053634.1,1070679693573150.1,99.0,979553807313392.1,91125886259758.05,459253642535919.5,1.9842169515864174,8.302209088924453,8.714149157513443,99.0,8.508179123218948,0.20597003429449426,1.0380419042878224,1.9842169515864174,2.4861413835481074,2.5947869346838055,99.0,2.5404641591159565,0.0543227755678492,0.27377437494633416,1.9842169515864174,100.0,0.44,-0.005920627430922902,0.013070326588150563,99.0,0.003574849578613831,0.009495477009536733,0.04785503420855732,1.9842169515864174,SVR,"{'mode': 'original', 'type': 'SVR'}",3.0,"['pe_T2W10', 'l2_T2W10', 'density_T2W10']",0.091279160188515,0.14679766542014422,99.0,0.1190384128043296,0.027759252615814606,0.1399002896009964,1.9842169515864174,3.44347141158205,3.5164297830464246,99.0,3.4799505973142373,0.03647918573218731,0.18384675981636753,1.9842169515864174,completed,True,COMPLETE
272,2.8209097586338703,2026-06-09 19:05:26.665876,2026-06-09 19:05:28.540593,0 days 00:00:01.874717,,,,,,,,,,,,,,,SVR,,,,,,2,,,,,,,,,,0.10107168828062513,,0.19012600245447275,scale,linear,False,,,,,,,,,0.00582236074945917,0.015165265106190921,99.0,0.010493812927825046,0.004671452178365876,0.023543051452266678,1.9842169515864174,2.794073979227475,2.8477455380402654,99.0,2.8209097586338703,0.02683577940639499,0.13524619565889354,1.9842169515864174,880275982294600.1,1058995946607532.1,99.0,969635964451066.1,89359982156466.0,450353889402169.9,1.9842169515864174,8.37079666488049,8.779840846035068,99.0,8.57531875545778,0.20452209057728854,1.0307445988392017,1.9842169515864174,2.483959391842977,2.58645453970738,99.0,2.5352069657751786,0.05124757393220116,0.2582760614519889,1.9842169515864174,100.0,0.45,-0.010529799538044664,0.00836367874800354,99.0,-0.0010830603950205619,0.009446739143024102,0.047609406498978164,1.9842169515864174,SVR,"{'mode': 'original', 'type': 'SVR'}",2.0,"['l2_T2W10', 'density_T2W10']",0.09528562450228902,0.14920830201645266,99.0,0.12224696325937084,0.026961338757081826,0.13587898609335913,1.9842169515864174,3.451779591331907,3.524290030147889,99.0,3.488034810739898,0.036255219407991,0.1827180207235116,1.9842169515864174,completed,True,COMPLETE
273,2.810967456493099,2026-06-09 19:05:28.555573,2026-06-09 19:05:30.471348,0 days 00:00:01.915775,,,,,,,,,,,,,,,SVR,,,,,,3,,,,,,,,,,0.07137700216087836,,0.15872230142369634,scale,linear,False,,,,,,,,,0.009076500458832827,0.01897929798459408,99.0,0.014027899221713453,0.004951398762880625,0.024953918264441252,1.9842169515864174,2.7833164907557846,2.8386184222304136,99.0,2.810967456493099,0.027650965737314626,0.13935454847922338,1.9842169515864174,888223226271213.2,1070229746728435.0,99.0,979226486499824.1,91003260228610.88,458635635361607.56,1.9842169515864174,8.299293978879415,8.712010026027453,99.0,8.505652002453434,0.20635802357401878,1.0399972815927805,1.9842169515864174,2.486255384062464,2.59377144620275,99.0,2.540013415132607,0.053758031070143306,0.2709281917340883,1.9842169515864174,100.0,0.43,-0.0053868541791510125,0.013308614611485293,99.0,0.003960880216167141,0.009347734395318153,0.047110445195241726,1.9842169515864174,SVR,"{'mode': 'original', 'type': 'SVR'}",3.0,"['pe_T2W10', 'l2_T2W10', 'density_T2W10']",0.09259058588343237,0.14790635511971628,99.0,0.12024847050157432,0.027657884618141948,0.1393894180574809,1.9842169515864174,3.442848453970998,3.5158317616437222,99.0,3.47934010780736,0.036491653836362284,0.18390959621218106,1.9842169515864174,completed,True,COMPLETE
274,2.810259657416358,2026-06-09 19:05:30.485556,2026-06-09 19:05:32.485395,0 days 00:00:01.999839,,,,,,,,,,,,,,,SVR,,,,,,3,,,,,,,,,,0.0702341214156177,,0.14738355758419297,scale,linear,False,,,,,,,,,0.009336656131510305,0.019213926375450104,99.0,0.014275291253480205,0.0049386351219699,0.024889592431016027,1.9842169515864174,2.7826391676695943,2.837880147163122,99.0,2.810259657416358,0.027620489746763694,0.1392009564512621,1.9842169515864174,888748940491592.5,1070893731831124.0,99.0,979821336161358.2,91072395669765.73,458984062186101.75,1.9842169515864174,8.297132286961736,8.708983962516639,99.0,8.503058124739187,0.2059258377774509,1.0378191639417729,1.9842169515864174,2.4855759066966043,2.592768880655018,99.0,2.5391723936758113,0.053596486979207096,0.27011404643204834,1.9842169515864174,100.0,0.43,-0.00493170062559176,0.013700300134452635,99.0,0.004384299754430438,0.009316000380022197,0.04695051301005108,1.9842169515864174,SVR,"{'mode': 'original', 'type': 'SVR'}",3.0,"['pe_T2W10', 'l2_T2W10', 'density_T2W10']",0.09293956486454207,0.14824137979655413,99.0,0.12059047233054809,0.02765090746600603,0.13935425480514432,1.9842169515864174,3.442174981194324,3.5150148902285383,99.0,3.478594935711431,0.03641995451710696,0.18354824802796157,1.9842169515864174,completed,True,COMPLETE
275,2.8099825813978407,2026-06-09 19:05:32.552850,2026-06-09 19:05:34.312691,0 days 00:00:01.759841,,,,,,,,,,,,,,,SVR,,,,,,3,,,,,,,,,,0.06798981610728809,,0.14431949788679088,scale,linear,False,,,,,,,,,0.009443977293882595,0.01929575280784277,99.0,0.014369865050862683,0.0049258877569800874,0.02482534862451281,1.9842169515864174,2.7824094115401325,2.837555751255549,99.0,2.8099825813978407,0.02757316985770804,0.13896247502402795,1.9842169515864174,888883620665166.9,1071013470188329.9,99.0,979948545426748.4,91064924761581.45,458946410516115.1,1.9842169515864174,8.29690169578583,8.708187960001247,99.0,8.502544827893539,0.20564313210770735,1.0363943919705552,1.9842169515864174,2.4854635773328795,2.592706797575021,99.0,2.53908518745395,0.05362161012107076,0.27024066132586616,1.9842169515864174,100.0,0.43,-0.004771907201001664,0.013797169910924613,99.0,0.004512631354961475,0.009284538555963139,0.04679195260649287,1.9842169515864174,SVR,"{'mode': 'original', 'type': 'SVR'}",3.0,"['pe_T2W10', 'l2_T2W10', 'density_T2W10']",0.09302266586241106,0.14828777607940757,99.0,0.12065522097090932,0.02763255510849825,0.13926176311721117,1.9842169515864174,3.4420026996443083,3.5147353062330593,99.0,3.478369002938684,0.036366303294375464,0.18327785812584632,1.9842169515864174,completed,True,COMPLETE
276,2.810311292030398,2026-06-09 19:05:34.326905,2026-06-09 19:05:36.180391,0 days 00:00:01.853486,,,,,,,,,,,,,,,SVR,,,,,,3,,,,,,,,,,0.07090106570074031,,0.14724069148842078,scale,linear,False,,,,,,,,,0.009313139335224867,0.01920318452849133,99.0,0.014258161931858098,0.00494502259663323,0.024921783843644692,1.9842169515864174,2.782670918916463,2.8379516651443333,99.0,2.810311292030398,0.02764037311393532,0.13930116407803259,1.9842169515864174,888749264972537.1,1070909878747694.9,99.0,979829571860116.0,91080306887578.9,459023932915997.7,1.9842169515864174,8.296956625717078,8.708963719228821,99.0,8.50296017247295,0.2060035467558719,1.0382107994348517,1.9842169515864174,2.485503777460741,2.5926758636018667,99.0,2.539089820531304,0.053586043070562916,0.2700614115191381,1.9842169515864174,100.0,0.43,-0.004949145711217019,0.013692470701085896,99.0,0.004371662494934438,0.009320808206151457,0.04697474335505148,1.9842169515864174,SVR,"{'mode': 'original', 'type': 'SVR'}",3.0,"['pe_T2W10', 'l2_T2W10', 'density_T2W10']",0.09291453453586235,0.14823870837039124,99.0,0.1205766214531268,0.027662086917264444,0.1394105966847431,1.9842169515864174,3.4421877447701457,3.5150478249642365,99.0,3.478617784867191,0.03643004009704521,0.1835990770460797,1.9842169515864174,completed,True,COMPLETE
277,2.805448393279071,2026-06-09 19:05:36.193533,2026-06-09 19:05:36.356532,0 days 00:00:00.162999,,,,,,,,,,,,,,,SVR,,,,,,3,,,,,,,,,,0.15583637022390814,,0.15818606027306706,scale,linear,False,,,,,,,,,,,,,,,,,,,,,,,,,,,,,,,,,,,,,,,,,,,,,,,,,,,,,SVR,"{'mode': 'original', 'type': 'SVR'}",3.0,"['pe_T2W10', 'l3_T2W10', 'density_T2W10']",,,,,,,,,,,,,,,pruned,True,PRUNED
