number,value,datetime_start,datetime_complete,duration,params_dt_max_depth,params_dt_min_samples_leaf,params_dt_min_samples_split,params_elastic_alpha,params_elastic_l1_ratio,params_et_max_depth,params_et_max_features,params_et_min_samples_leaf,params_et_min_samples_split,params_et_n_estimators,params_knn_metric,params_knn_n_neighbors,params_knn_weights,params_quantile_alpha,params_regressor,params_rf_max_depth,params_rf_max_features,params_rf_min_samples_leaf,params_rf_min_samples_split,params_rf_n_estimators,params_rfe_n_features,params_rfe_proxy_et_max_depth,params_rfe_proxy_et_min_samples_leaf,params_rfe_proxy_et_min_samples_split,params_rfe_proxy_et_n_estimators,params_rfe_proxy_lsvr_C,params_rfe_proxy_lsvr_epsilon,params_rfe_proxy_type,params_ridge_alpha,params_ridge_solver,params_svr_C,params_svr_degree,params_svr_epsilon,params_svr_gamma,params_svr_kernel,params_use_scaler,params_xgb_booster,params_xgb_colsample_bytree,params_xgb_learning_rate,params_xgb_max_depth,params_xgb_n_estimators,params_xgb_reg_alpha,params_xgb_reg_lambda,params_xgb_subsample,user_attrs_d2mae_ci_lower_val,user_attrs_d2mae_ci_upper_val,user_attrs_d2mae_df_val,user_attrs_d2mae_mean_val,user_attrs_d2mae_samperror_val,user_attrs_d2mae_std_val,user_attrs_d2mae_t_critical_val,user_attrs_mae_ci_lower_val,user_attrs_mae_ci_upper_val,user_attrs_mae_df_val,user_attrs_mae_mean_val,user_attrs_mae_samperror_val,user_attrs_mae_std_val,user_attrs_mae_t_critical_val,user_attrs_mape_ci_lower_val,user_attrs_mape_ci_upper_val,user_attrs_mape_df_val,user_attrs_mape_mean_val,user_attrs_mape_samperror_val,user_attrs_mape_std_val,user_attrs_mape_t_critical_val,user_attrs_max_error_ci_lower_val,user_attrs_max_error_ci_upper_val,user_attrs_max_error_df_val,user_attrs_max_error_mean_val,user_attrs_max_error_samperror_val,user_attrs_max_error_std_val,user_attrs_max_error_t_critical_val,user_attrs_median_ae_ci_lower_val,user_attrs_median_ae_ci_upper_val,user_attrs_median_ae_df_val,user_attrs_median_ae_mean_val,user_attrs_median_ae_samperror_val,user_attrs_median_ae_std_val,user_attrs_median_ae_t_critical_val,user_attrs_n_splits_val,user_attrs_r2_below_zero_val,user_attrs_r2_ci_lower_val,user_attrs_r2_ci_upper_val,user_attrs_r2_df_val,user_attrs_r2_mean_val,user_attrs_r2_samperror_val,user_attrs_r2_std_val,user_attrs_r2_t_critical_val,user_attrs_regressor_final,user_attrs_rfe_estimator,user_attrs_rfe_n_features,user_attrs_rfe_selected_features,user_attrs_rho_ci_lower_val,user_attrs_rho_ci_upper_val,user_attrs_rho_df_val,user_attrs_rho_mean_val,user_attrs_rho_samperror_val,user_attrs_rho_std_val,user_attrs_rho_t_critical_val,user_attrs_rmse_ci_lower_val,user_attrs_rmse_ci_upper_val,user_attrs_rmse_df_val,user_attrs_rmse_mean_val,user_attrs_rmse_samperror_val,user_attrs_rmse_std_val,user_attrs_rmse_t_critical_val,user_attrs_termination_reason,user_attrs_use_scaler_final,state
113,2.8210326575789573,2026-06-09 19:01:32.652164,2026-06-09 19:01:34.539677,0 days 00:00:01.887513,,,,,,,,,,,,,,,SVR,,,,,,8,,,,,,,,,,0.019012720533988545,,0.029487970436428958,auto,linear,True,,,,,,,,,0.006054169273092431,0.014797619628924456,99.0,0.010425894451008444,0.004371725177916013,0.022032495864027064,1.9842169515864174,2.7949233165954115,2.847141998562503,99.0,2.8210326575789573,0.02610934098354583,0.13158511201444448,1.9842169515864174,896073638734069.8,1079726390077891.5,99.0,987900014405980.6,91826375671910.94,462783949096363.1,1.9842169515864174,8.231635415285457,8.627419198405931,99.0,8.429527306845694,0.1978918915602368,0.9973299109354883,1.9842169515864174,2.4987609594615705,2.599193087766756,99.0,2.5489770236141633,0.05021606415259292,0.25307748788480144,1.9842169515864174,100.0,0.45,-0.005768016158184291,0.00979504992583863,99.0,0.002013516883827169,0.0077815330420114605,0.03921714828507026,1.9842169515864174,SVR,"{'mode': 'original', 'type': 'SVR'}",8.0,"['nodes_T2W10', 're_T2W10', 'pe_T2W10', 'l1_T2W10', 'l2_T2W10', 'lcc_T2W10', 'atd_T2W10', 'density_T2W10']",0.07522714875557247,0.13271353819437923,99.0,0.10397034347497586,0.02874319471940338,0.1448591329512767,1.9842169515864174,3.4476888421479988,3.518351140031603,99.0,3.483019991089801,0.03533114894180216,0.17806091674377775,1.9842169515864174,completed,True,COMPLETE
114,2.822974658404985,2026-06-09 19:01:34.554420,2026-06-09 19:01:36.365334,0 days 00:00:01.810914,,,,,,,,,,,,,,,SVR,,,,,,8,,,,,,,,,,0.014160296169676507,,0.029952319340985203,auto,linear,True,,,,,,,,,0.005780890449686158,0.013708050187586855,99.0,0.009744470318636506,0.003963579868950348,0.019975536776769266,1.9842169515864174,2.7973778451659967,2.8485714716439734,99.0,2.822974658404985,0.025596813238988186,0.1290020893054213,1.9842169515864174,896010335359607.5,1078824078472590.0,99.0,987417206916098.8,91406871556491.25,460669744220307.2,1.9842169515864174,8.246784695219345,8.640914972463582,99.0,8.443849833841464,0.1970651386221187,0.9931632650580953,1.9842169515864174,2.5065752807000963,2.606835452433947,99.0,2.5567053665670216,0.05013008586692514,0.2526441769729123,1.9842169515864174,100.0,0.47,-0.007009033143653658,0.007770185367457655,99.0,0.00038057611190199904,0.007389609255555657,0.037241941964297455,1.9842169515864174,SVR,"{'mode': 'original', 'type': 'SVR'}",8.0,"['nodes_T2W10', 're_T2W10', 'pe_T2W10', 'l1_T2W10', 'l2_T2W10', 'atd_T2W10', 'density_T2W10', 'diameter_T2W10']",0.07325649986211238,0.12974707168003002,99.0,0.1015017857710712,0.028245285908958816,0.14234978632944445,1.9842169515864174,3.4508202060862163,3.5210682711069627,99.0,3.4859442385965895,0.03512403251037305,0.17701709725990775,1.9842169515864174,completed,True,COMPLETE
115,2.831542059407079,2026-06-09 19:01:36.378476,2026-06-09 19:01:38.271043,0 days 00:00:01.892567,,,,,,,,,,,,,,,SVR,,,,,,9,,,,,,,,,,0.015994039164496866,,0.17912143328617738,auto,linear,True,,,,,,,,,0.0025713769042899435,0.010833042887698149,99.0,0.006702209895994046,0.004130832991704103,0.020818454294533804,1.9842169515864174,2.806126107383468,2.8569580114306903,99.0,2.831542059407079,0.02541595202361141,0.12809059011057686,1.9842169515864174,898460144444238.9,1080831589174235.4,99.0,989645866809237.1,91185722364998.23,459555202832500.7,1.9842169515864174,8.249098724932027,8.636551938530788,99.0,8.442825331731408,0.19372660679937986,0.9763378275973901,1.9842169515864174,2.5237900016217663,2.628149405022136,99.0,2.575969703321951,0.05217970170018496,0.26297377239150355,1.9842169515864174,100.0,0.5,-0.010337323225354177,0.004898857294323671,99.0,-0.0027192329655152535,0.007618090259838924,0.03839343401309077,1.9842169515864174,SVR,"{'mode': 'original', 'type': 'SVR'}",9.0,"['nodes_T2W10', 're_T2W10', 'pe_T2W10', 'l1_T2W10', 'l2_T2W10', 'l3_T2W10', 'atd_T2W10', 'density_T2W10', 'diameter_T2W10']",0.0599500774306594,0.11446142128158894,99.0,0.08720574935612417,0.02725567192546477,0.1373623580005874,1.9842169515864174,3.456178905467342,3.526319573703494,99.0,3.491249239585418,0.03507033411807598,0.17674646963396123,1.9842169515864174,completed,True,COMPLETE
116,2.8210441607012,2026-06-09 19:01:38.283702,2026-06-09 19:01:40.173048,0 days 00:00:01.889346,,,,,,,,,,,,,,,SVR,,,,,,8,,,,,,,,,,0.01931641805389093,,0.02162124604936965,auto,linear,True,,,,,,,,,0.006023929792652344,0.01481618988515121,99.0,0.010420059838901777,0.004396130046249433,0.022155490823393315,1.9842169515864174,2.794922137394801,2.847166184007599,99.0,2.8210441607012,0.026122023306398887,0.13164902802344197,1.9842169515864174,896128725888479.1,1079937027679800.1,99.0,988032876784139.6,91904150895660.45,463175918450759.2,1.9842169515864174,8.230605889955061,8.626498550949375,99.0,8.428552220452218,0.1979463304971559,0.9976042707370997,1.9842169515864174,2.498168845691771,2.598945690838025,99.0,2.548557268264898,0.050388422573127166,0.25394613493671,1.9842169515864174,100.0,0.46,-0.0058106163803515985,0.009777216020819166,99.0,0.0019832998202337837,0.007793916200585382,0.039279556574466336,1.9842169515864174,SVR,"{'mode': 'original', 'type': 'SVR'}",8.0,"['nodes_T2W10', 're_T2W10', 'pe_T2W10', 'l1_T2W10', 'l2_T2W10', 'lcc_T2W10', 'atd_T2W10', 'density_T2W10']",0.07475384499795125,0.13235569298751765,99.0,0.10355476899273444,0.028800923994783196,0.1451500753068173,1.9842169515864174,3.447741225943291,3.5183913057869245,99.0,3.4830662658651077,0.035325039921816945,0.17803012867909396,1.9842169515864174,completed,True,COMPLETE
117,2.87887400049896,2026-06-09 19:01:40.187270,2026-06-09 19:01:40.371461,0 days 00:00:00.184191,,,,,,,,,,,,,,,Ridge,,,,,,7,,,,,,,,0.11375326418129382,lsqr,,,,,,True,,,,,,,,,,,,,,,,,,,,,,,,,,,,,,,,,,,,,,,,,,,,,,,,,,,,,Ridge,"{'mode': 'original', 'type': 'Ridge'}",7.0,"['edges_T2W10', 'pe_T2W10', 'l1_T2W10', 'l3_T2W10', 'atd_T2W10', 'density_T2W10', 'diameter_T2W10']",,,,,,,,,,,,,,,pruned,True,PRUNED
118,2.8938775510204082,2026-06-09 19:01:40.383589,2026-06-09 19:01:40.547441,0 days 00:00:00.163852,,,,,,,,,,,,,,0.5446246742413396,QuantileRegressor,,,,,,8,,,,,,,,,,,,,,,True,,,,,,,,,,,,,,,,,,,,,,,,,,,,,,,,,,,,,,,,,,,,,,,,,,,,,QuantileRegressor,"{'mode': 'original', 'type': 'QuantileRegressor'}",8.0,"['l2_T2W10', 'l3_T2W10', 'lcc_T2W10', 'lsc_T2W10', 'atd_T2W10', 'density_T2W10', 'diameter_T2W10', 'asp_T2W10']",,,,,,,,,,,,,,,pruned,True,PRUNED
119,2.8288849132000946,2026-06-09 19:01:40.556967,2026-06-09 19:01:42.308073,0 days 00:00:01.751106,,,,,,,,,,,,,,,SVR,,,,,,9,,,,,,,,,,0.011261569867536365,,0.02050339991639413,auto,linear,True,,,,,,,,,0.00403385506059705,0.011267046424244222,99.0,0.007650450742420636,0.0036165956818235857,0.018226815766955583,1.9842169515864174,2.8039219728445315,2.8538478535556577,99.0,2.8288849132000946,0.024962940355563037,0.1258075148264645,1.9842169515864174,896544720742284.6,1079327313437765.6,99.0,987936017090025.1,91391296347740.52,460591248727471.6,1.9842169515864174,8.259782890944903,8.651714971656192,99.0,8.455748931300548,0.19596604035564405,0.9876240609625154,1.9842169515864174,2.514326399847295,2.6170113350314304,99.0,2.5656688674393626,0.05134246759206773,0.2587543038124863,1.9842169515864174,100.0,0.52,-0.009451263028817148,0.004264381917494228,99.0,-0.0025934405556614594,0.006857822473155688,0.03456185810565087,1.9842169515864174,SVR,"{'mode': 'original', 'type': 'SVR'}",9.0,"['nodes_T2W10', 're_T2W10', 'pe_T2W10', 'l1_T2W10', 'l2_T2W10', 'atd_T2W10', 'density_T2W10', 'diameter_T2W10', 'asp_T2W10']",0.07222029797479132,0.12903368944925211,99.0,0.10062699371202172,0.0284066957372304,0.14316325497833657,1.9842169515864174,3.4564070530480935,3.525990952079062,99.0,3.4911990025635777,0.03479194951548406,0.17534347485373145,1.9842169515864174,completed,True,COMPLETE
120,2.8435216929398672,2026-06-09 19:01:42.320601,2026-06-09 19:01:44.836290,0 days 00:00:02.515689,,,,,,2.0,sqrt,1.0,2.0,496.0,,,,,ExtraTreesRegressor,,,,,,7,,,,,,,,,,,,,,,True,,,,,,,,,,,,,,,,,,,,,,,,,,,,,,,,,,,,,,,,,,,,,,,,,,,,,ExtraTreesRegressor,"{'mode': 'original', 'type': 'ExtraTreesRegressor'}",7.0,"['edges_T2W10', 're_T2W10', 'pe_T2W10', 'l2_T2W10', 'l3_T2W10', 'atd_T2W10', 'density_T2W10']",,,,,,,,,,,,,,,pruned,True,PRUNED
121,2.821822094642278,2026-06-09 19:01:44.846859,2026-06-09 19:01:46.684711,0 days 00:00:01.837852,,,,,,,,,,,,,,,SVR,,,,,,8,,,,,,,,,,0.01704533413566705,,0.024699098901600294,auto,linear,True,,,,,,,,,0.005936304976871943,0.014361081212928584,99.0,0.010148693094900263,0.004212388118028321,0.02122947349411787,1.9842169515864174,2.7959170166466145,2.8477271726379416,99.0,2.821822094642278,0.02590507799566341,0.1305556732339769,1.9842169515864174,896742301644466.6,1080584023288442.1,99.0,988663162466454.4,91920860821987.8,463260132660873.6,1.9842169515864174,8.23469291311533,8.629958549135745,99.0,8.432325731125538,0.19763281801020793,0.996024239447188,1.9842169515864174,2.4992061979219167,2.6003318408674487,99.0,2.5497690193946827,0.050562821472766036,0.2548250655370127,1.9842169515864174,100.0,0.47,-0.0060410785776597795,0.009077923866631216,99.0,0.0015184226444857184,0.007559501222145498,0.038098158651963636,1.9842169515864174,SVR,"{'mode': 'original', 'type': 'SVR'}",8.0,"['nodes_T2W10', 're_T2W10', 'pe_T2W10', 'l1_T2W10', 'l2_T2W10', 'lcc_T2W10', 'atd_T2W10', 'density_T2W10']",0.07537854043255932,0.1326726590875224,99.0,0.10402559976004086,0.02864705932748155,0.1443746325449831,1.9842169515864174,3.448710867475595,3.519144710419748,99.0,3.4839277889476716,0.03521692147207641,0.177485236399779,1.9842169515864174,completed,True,COMPLETE
122,2.8217722366929716,2026-06-09 19:01:46.697574,2026-06-09 19:01:48.599418,0 days 00:00:01.901844,,,,,,,,,,,,,,,SVR,,,,,,8,,,,,,,,,,0.017049823913236995,,0.022190536286403044,auto,linear,True,,,,,,,,,0.005950605242954515,0.014379125501394384,99.0,0.01016486537217445,0.004214260129219934,0.02123890800272902,1.9842169515864174,2.7958805952990486,2.8476638780868946,99.0,2.8217722366929716,0.025891641393922957,0.1304879558317558,1.9842169515864174,896755488804395.5,1080659586858627.0,99.0,988707537831511.2,91952049027115.78,463417314087546.94,1.9842169515864174,8.234127017347765,8.629503481252081,99.0,8.431815249299923,0.19768823195215846,0.9963035130513481,1.9842169515864174,2.4987736755160808,2.5998152718868384,99.0,2.5492944737014596,0.05052079818537897,0.2546132777718015,1.9842169515864174,100.0,0.48,-0.005998495960181444,0.009138509646551662,99.0,0.0015700068431851088,0.007568502803366553,0.038143524564263995,1.9842169515864174,SVR,"{'mode': 'original', 'type': 'SVR'}",8.0,"['nodes_T2W10', 're_T2W10', 'pe_T2W10', 'l1_T2W10', 'l2_T2W10', 'lcc_T2W10', 'atd_T2W10', 'density_T2W10']",0.07540607641262334,0.13272113049956138,99.0,0.10406360345609236,0.02865752704346902,0.14442738744146302,1.9842169515864174,3.448621953335646,3.519044817423824,99.0,3.483833385379735,0.03521143204408898,0.177457570937174,1.9842169515864174,completed,True,COMPLETE
123,2.8298054813198177,2026-06-09 19:01:48.613417,2026-06-09 19:01:48.755132,0 days 00:00:00.141715,,,,,,,,,,,,,,,SVR,,,,,,8,,,,,,,,,,0.007329688760334349,,0.02571735235847636,auto,linear,True,,,,,,,,,,,,,,,,,,,,,,,,,,,,,,,,,,,,,,,,,,,,,,,,,,,,,SVR,"{'mode': 'original', 'type': 'SVR'}",8.0,"['nodes_T2W10', 're_T2W10', 'pe_T2W10', 'l1_T2W10', 'l2_T2W10', 'atd_T2W10', 'density_T2W10', 'diameter_T2W10']",,,,,,,,,,,,,,,pruned,True,PRUNED
124,2.8226329003664983,2026-06-09 19:01:48.764659,2026-06-09 19:01:50.709987,0 days 00:00:01.945328,,,,,,,,,,,,,,,SVR,,,,,,8,,,,,,,,,,0.016059522007901658,,0.1155348666956593,auto,linear,True,,,,,,,,,0.00563261482189151,0.0140939353926081,99.0,0.009863275107249806,0.004230660285358296,0.021321561041880054,1.9842169515864174,2.7967189042422786,2.848546896490718,99.0,2.8226329003664983,0.02591399612421958,0.13060061856391697,1.9842169515864174,896401463233535.1,1078687249758323.9,99.0,987544356495929.5,91142893262394.42,459339353942743.1,1.9842169515864174,8.239671447580188,8.631253215415049,99.0,8.435462331497618,0.19579088391743113,0.9867413125409134,1.9842169515864174,2.5069633784445062,2.60448857588974,99.0,2.555725977167123,0.04876259872261674,0.245752354265647,1.9842169515864174,100.0,0.47,-0.006787938361126466,0.008527545022794366,99.0,0.0008698033308339503,0.007657741691960416,0.03859326816978311,1.9842169515864174,SVR,"{'mode': 'original', 'type': 'SVR'}",8.0,"['nodes_T2W10', 're_T2W10', 'pe_T2W10', 'l1_T2W10', 'l2_T2W10', 'atd_T2W10', 'density_T2W10', 'diameter_T2W10']",0.06969270715922243,0.1272396043809185,99.0,0.09846615577007047,0.028773448610848025,0.1450116056504967,1.9842169515864174,3.4497730057642046,3.520308830765031,99.0,3.485040918264618,0.03526791250041301,0.17774221953005528,1.9842169515864174,completed,True,COMPLETE
125,2.825752853654211,2026-06-09 19:01:50.745170,2026-06-09 19:01:52.532763,0 days 00:00:01.787593,,,,,,,,,,,,,,,SVR,,,,,,9,,,,,,,,,,0.019196609995686804,,0.03471254962176103,auto,linear,True,,,,,,,,,0.00449905597289521,0.012975509809063687,99.0,0.008737282890979449,0.004238226918084239,0.021359695141681456,1.9842169515864174,2.8001676762133423,2.8513380310950796,99.0,2.825752853654211,0.025585177440868457,0.12894344754192652,1.9842169515864174,896257198470625.5,1079348622794476.0,99.0,987802910632550.8,91545712161925.22,461369469143647.7,1.9842169515864174,8.245578740024715,8.63700491144117,99.0,8.441291825732943,0.19571308570822765,0.9863492273450819,1.9842169515864174,2.5089858835464924,2.6126830272918258,99.0,2.560834455419159,0.05184857187266666,0.2613049537310564,1.9842169515864174,100.0,0.48,-0.008080374383767087,0.007191580419700129,99.0,-0.0004443969820334792,0.007635977401733609,0.038483581120645635,1.9842169515864174,SVR,"{'mode': 'original', 'type': 'SVR'}",9.0,"['nodes_T2W10', 're_T2W10', 'pe_T2W10', 'l1_T2W10', 'l2_T2W10', 'l3_T2W10', 'atd_T2W10', 'density_T2W10', 'diameter_T2W10']",0.06485686886509207,0.11830471030396963,99.0,0.09158078958453085,0.026723920719438788,0.13468245343873575,1.9842169515864174,3.452235052615593,3.522315614260449,99.0,3.487275333438021,0.035040280822428056,0.17659500789171625,1.9842169515864174,completed,True,COMPLETE
126,2.82738863867664,2026-06-09 19:01:52.546187,2026-06-09 19:01:54.337494,0 days 00:00:01.791307,,,,,,,,,,,,,,,SVR,,,,,,7,,,,,,,,,,0.011249175592419608,,0.07953440297959713,auto,linear,True,,,,,,,,,0.004623585523597893,0.011752985386217284,99.0,0.008188285454907589,0.003564699931309696,0.01796527304365409,1.9842169515864174,2.8023290323131,2.85244824504018,99.0,2.82738863867664,0.0250596063635399,0.12629468941641836,1.9842169515864174,898978307090406.8,1081805181946057.5,99.0,990391744518232.1,91413437427825.42,460702834711389.4,1.9842169515864174,8.253178768657806,8.641950419974835,99.0,8.44756459431632,0.1943858256585137,0.9796601400018213,1.9842169515864174,2.513271701637015,2.6151242424919983,99.0,2.5641979720645067,0.0509262704274914,0.2566567652129719,1.9842169515864174,100.0,0.52,-0.008297997077866189,0.005199363567223443,99.0,-0.0015493167553213727,0.0067486803225448155,0.03401180660788692,1.9842169515864174,SVR,"{'mode': 'original', 'type': 'SVR'}",7.0,"['re_T2W10', 'pe_T2W10', 'l1_T2W10', 'l2_T2W10', 'atd_T2W10', 'density_T2W10', 'diameter_T2W10']",0.07246527440357825,0.12986681570456765,99.0,0.10116604505407295,0.028700770650494707,0.14464532533878374,1.9842169515864174,3.4545977018395604,3.5242395425668436,99.0,3.489418622203202,0.03482092036364138,0.17548948130798614,1.9842169515864174,completed,True,COMPLETE
127,2.9227414698185172,2026-06-09 19:01:54.351625,2026-06-09 19:01:54.478208,0 days 00:00:00.126583,,,,,,,,,,,,,,,LinearRegression,,,,,,8,,,,,,,,,,,,,,,True,,,,,,,,,,,,,,,,,,,,,,,,,,,,,,,,,,,,,,,,,,,,,,,,,,,,,LinearRegression,"{'mode': 'original', 'type': 'LinearRegression'}",8.0,"['edges_T2W10', 'pe_T2W10', 'l1_T2W10', 'l2_T2W10', 'l3_T2W10', 'atd_T2W10', 'density_T2W10', 'asp_T2W10']",,,,,,,,,,,,,,,pruned,True,PRUNED
128,2.825907318847088,2026-06-09 19:01:54.487880,2026-06-09 19:01:56.338779,0 days 00:00:01.850899,,,,,,,,,,,,,,,SVR,,,,,,9,,,,,,,,,,0.020505268327626867,,0.019764238172506093,auto,linear,True,,,,,,,,,0.004378014389777847,0.012981275287904352,99.0,0.0086796448388411,0.004301630449063253,0.0216792344487533,1.9842169515864174,2.8002819312862264,2.851532706407949,99.0,2.825907318847088,0.02562538756086124,0.12914609735781804,1.9842169515864174,895929841928073.5,1079187185171775.5,99.0,987558513549924.5,91628671621850.97,461787565863663.2,1.9842169515864174,8.247974923422522,8.639187318720463,99.0,8.443581121071492,0.19560619764897116,0.9858105359526359,1.9842169515864174,2.5066641491513475,2.609690141391613,99.0,2.5581771452714803,0.05151299612013269,0.2596137286245192,1.9842169515864174,100.0,0.48,-0.008258953127501363,0.007211701673620863,99.0,-0.00052362572694025,0.007735327400561113,0.038984282411137446,1.9842169515864174,SVR,"{'mode': 'original', 'type': 'SVR'}",9.0,"['nodes_T2W10', 're_T2W10', 'pe_T2W10', 'l1_T2W10', 'l2_T2W10', 'l3_T2W10', 'atd_T2W10', 'density_T2W10', 'diameter_T2W10']",0.06491507706132671,0.11834142149018814,99.0,0.09162824927575743,0.02671317221443071,0.13462828342975824,1.9842169515864174,3.4522914176322335,3.5225008773722832,99.0,3.4873961475022583,0.035104729870025005,0.1769198163636196,1.9842169515864174,completed,True,COMPLETE
129,3.0288931455274475,2026-06-09 19:01:56.351855,2026-06-09 19:01:56.487283,0 days 00:00:00.135428,2.0,3.0,15.0,,,,,,,,,,,,DecisionTreeRegressor,,,,,,8,,,,,,,,,,,,,,,False,,,,,,,,,,,,,,,,,,,,,,,,,,,,,,,,,,,,,,,,,,,,,,,,,,,,,DecisionTreeRegressor,"{'mode': 'original', 'type': 'DecisionTreeRegressor'}",8.0,"['nodes_T2W10', 'pe_T2W10', 'lcc_T2W10', 'lsc_T2W10', 'atd_T2W10', 'density_T2W10', 'diameter_T2W10', 'asp_T2W10']",,,,,,,,,,,,,,,pruned,False,PRUNED
130,2.8435830483718996,2026-06-09 19:01:56.497446,2026-06-09 19:01:58.498900,0 days 00:00:02.001454,,,,,,,,,,,,,,,SVR,,,,,,7,,,,,,,,,,0.045701174261109555,,0.35500962616675974,auto,linear,True,,,,,,,,,-0.0026194939243737968,0.007521705691178066,99.0,0.0024511058834021347,0.0050705998077759315,0.025554664290726347,1.9842169515864174,2.81710272582253,2.8700633709212693,99.0,2.8435830483718996,0.0264803225493697,0.13345477432897748,1.9842169515864174,896560492698390.5,1079286217443534.2,99.0,987923355070962.4,91362862372571.83,460447947990392.75,1.9842169515864174,8.261000224380242,8.639931731381038,99.0,8.45046597788064,0.18946575350039846,0.9548641006665988,1.9842169515864174,2.505082185930172,2.610579996167688,99.0,2.55783109104893,0.05274890511875775,0.2658424275459599,1.9842169515864174,100.0,0.53,-0.016843241418515197,0.0019581881129475693,99.0,-0.0074425266527838145,0.009400714765731384,0.047377454154977065,1.9842169515864174,SVR,"{'mode': 'original', 'type': 'SVR'}",7.0,"['nodes_T2W10', 'pe_T2W10', 'l1_T2W10', 'l2_T2W10', 'l3_T2W10', 'atd_T2W10', 'density_T2W10']",0.05738846417597164,0.10882448571796567,99.0,0.08310647494696866,0.025718010770997016,0.12961289717051858,1.9842169515864174,3.4638128357148874,3.5337525784280803,99.0,3.498782707071484,0.03496987135659636,0.1762401602739928,1.9842169515864174,completed,True,COMPLETE
