number,value,datetime_start,datetime_complete,duration,params_dt_max_depth,params_dt_min_samples_leaf,params_dt_min_samples_split,params_elastic_alpha,params_elastic_l1_ratio,params_et_max_depth,params_et_max_features,params_et_min_samples_leaf,params_et_min_samples_split,params_et_n_estimators,params_knn_metric,params_knn_n_neighbors,params_knn_weights,params_quantile_alpha,params_regressor,params_rf_max_depth,params_rf_max_features,params_rf_min_samples_leaf,params_rf_min_samples_split,params_rf_n_estimators,params_rfe_n_features,params_rfe_proxy_et_max_depth,params_rfe_proxy_et_min_samples_leaf,params_rfe_proxy_et_min_samples_split,params_rfe_proxy_et_n_estimators,params_rfe_proxy_lsvr_C,params_rfe_proxy_lsvr_epsilon,params_rfe_proxy_type,params_ridge_alpha,params_ridge_solver,params_svr_C,params_svr_degree,params_svr_epsilon,params_svr_gamma,params_svr_kernel,params_use_scaler,params_xgb_booster,params_xgb_colsample_bytree,params_xgb_learning_rate,params_xgb_max_depth,params_xgb_n_estimators,params_xgb_reg_alpha,params_xgb_reg_lambda,params_xgb_subsample,user_attrs_d2mae_ci_lower_val,user_attrs_d2mae_ci_upper_val,user_attrs_d2mae_df_val,user_attrs_d2mae_mean_val,user_attrs_d2mae_samperror_val,user_attrs_d2mae_std_val,user_attrs_d2mae_t_critical_val,user_attrs_mae_ci_lower_val,user_attrs_mae_ci_upper_val,user_attrs_mae_df_val,user_attrs_mae_mean_val,user_attrs_mae_samperror_val,user_attrs_mae_std_val,user_attrs_mae_t_critical_val,user_attrs_mape_ci_lower_val,user_attrs_mape_ci_upper_val,user_attrs_mape_df_val,user_attrs_mape_mean_val,user_attrs_mape_samperror_val,user_attrs_mape_std_val,user_attrs_mape_t_critical_val,user_attrs_max_error_ci_lower_val,user_attrs_max_error_ci_upper_val,user_attrs_max_error_df_val,user_attrs_max_error_mean_val,user_attrs_max_error_samperror_val,user_attrs_max_error_std_val,user_attrs_max_error_t_critical_val,user_attrs_median_ae_ci_lower_val,user_attrs_median_ae_ci_upper_val,user_attrs_median_ae_df_val,user_attrs_median_ae_mean_val,user_attrs_median_ae_samperror_val,user_attrs_median_ae_std_val,user_attrs_median_ae_t_critical_val,user_attrs_n_splits_val,user_attrs_r2_below_zero_val,user_attrs_r2_ci_lower_val,user_attrs_r2_ci_upper_val,user_attrs_r2_df_val,user_attrs_r2_mean_val,user_attrs_r2_samperror_val,user_attrs_r2_std_val,user_attrs_r2_t_critical_val,user_attrs_regressor_final,user_attrs_rfe_estimator,user_attrs_rfe_n_features,user_attrs_rfe_selected_features,user_attrs_rho_ci_lower_val,user_attrs_rho_ci_upper_val,user_attrs_rho_df_val,user_attrs_rho_mean_val,user_attrs_rho_samperror_val,user_attrs_rho_std_val,user_attrs_rho_t_critical_val,user_attrs_rmse_ci_lower_val,user_attrs_rmse_ci_upper_val,user_attrs_rmse_df_val,user_attrs_rmse_mean_val,user_attrs_rmse_samperror_val,user_attrs_rmse_std_val,user_attrs_rmse_t_critical_val,user_attrs_termination_reason,user_attrs_use_scaler_final,state
131,2.8595289215479403,2026-06-09 19:01:58.512361,2026-06-09 19:02:00.556303,0 days 00:00:02.043942,,,,,,,,,,,minkowski,20.0,distance,,KNeighborsRegressor,,,,,,8,9.0,4.0,9.0,60.0,,,ExtraTrees,,,,,,,,True,,,,,,,,,-0.010498721474827258,0.004583601451883319,99.0,-0.00295756001147197,0.007541161463355288,0.038005730458687964,1.9842169515864174,2.826539308263316,2.8925185348325644,99.0,2.8595289215479403,0.0329896132846243,0.16626011212256048,1.9842169515864174,919821631623535.9,1116056953596340.6,99.0,1017939292609938.2,98117660986402.33,494490589388199.1,1.9842169515864174,8.279568298926542,8.674169495234135,99.0,8.476868897080339,0.19730059815379683,0.9943499272902161,1.9842169515864174,2.454613448011644,2.557167132270596,99.0,2.50589029014112,0.051276842129476134,0.2584235664778459,1.9842169515864174,100.0,0.54,-0.022337695806413715,0.0015601242264026809,99.0,-0.010388785790005517,0.011948910016408198,0.0602197759012936,1.9842169515864174,KNeighborsRegressor,"{'mode': 'proxy', 'type': 'ExtraTrees'}",8.0,"['nodes_T2W10', 'pe_T2W10', 'l1_T2W10', 'l2_T2W10', 'l3_T2W10', 'density_T2W10', 'diameter_T2W10', 'asp_T2W10']",0.10879424967454088,0.15580539445535518,99.0,0.13229982206494803,0.02350557239040715,0.11846271332181704,1.9842169515864174,3.463035382787446,3.5458048697603575,99.0,3.5044201262739016,0.04138474348645587,0.20856964987305454,1.9842169515864174,completed,True,COMPLETE
132,2.8214570336931826,2026-06-09 19:02:00.570561,2026-06-09 19:02:02.653862,0 days 00:00:02.083301,,,,,,,,,,,,,,,SVR,,,,,,8,,,,,,,,,,0.017798111219942226,,0.010977172041218812,auto,linear,True,,,,,,,,,0.0059828092113878885,0.014561970093377435,99.0,0.010272389652382662,0.004289580440994773,0.021618505161772637,1.9842169515864174,2.7955068469992748,2.8474072203870904,99.0,2.8214570336931826,0.025950186693907983,0.1307830107648276,1.9842169515864174,896623052770234.4,1080700877242454.6,99.0,988661965006344.5,92038912236110.14,463855084810778.2,1.9842169515864174,8.23240960818476,8.628704813537219,99.0,8.43055721086099,0.19814760267622913,0.9986186365246327,1.9842169515864174,2.496255241851779,2.596910119170577,99.0,2.546582680511178,0.05032743865939884,0.2536387899476473,1.9842169515864174,100.0,0.46,-0.005847961231271095,0.009515259120615772,99.0,0.0018336489446723393,0.007681610175943434,0.038713559874598624,1.9842169515864174,SVR,"{'mode': 'original', 'type': 'SVR'}",8.0,"['nodes_T2W10', 're_T2W10', 'pe_T2W10', 'l1_T2W10', 'l2_T2W10', 'lcc_T2W10', 'atd_T2W10', 'density_T2W10']",0.0751542152137323,0.13254365742946278,99.0,0.10384893632159754,0.028694721107865234,0.14461483702638103,1.9842169515864174,3.448113788269824,3.518568545569936,99.0,3.48334116691988,0.03522737865005588,0.17753793818710675,1.9842169515864174,completed,True,COMPLETE
133,2.820278405867106,2026-06-09 19:02:02.708502,2026-06-09 19:02:04.491580,0 days 00:00:01.783078,,,,,,,,,,,,,,,SVR,,,,,,8,,,,,,,,,,0.02013029701692384,,0.03222037394212811,auto,linear,True,,,,,,,,,0.006259490461300926,0.015125776289938253,99.0,0.01069263337561959,0.0044331429143186635,0.022342027220230556,1.9842169515864174,2.794078003321244,2.8464788084129684,99.0,2.820278405867106,0.02620040254586202,0.13204404147900423,1.9842169515864174,894260201948023.2,1077015543663326.8,99.0,985637872805675.0,91377670857651.81,460522579371140.4,1.9842169515864174,8.23384729879058,8.629330716192557,99.0,8.431589007491569,0.197741708700988,0.9965730236448688,1.9842169515864174,2.4923622031543617,2.5915561817394988,99.0,2.5419591924469302,0.04959698929256867,0.24995749206212042,1.9842169515864174,100.0,0.46,-0.005893634681946322,0.010083554743856119,99.0,0.0020949600309548987,0.00798859471290122,0.040260691788335926,1.9842169515864174,SVR,"{'mode': 'original', 'type': 'SVR'}",8.0,"['nodes_T2W10', 're_T2W10', 'pe_T2W10', 'l1_T2W10', 'l2_T2W10', 'atd_T2W10', 'density_T2W10', 'diameter_T2W10']",0.07113184844934836,0.12847686220409058,99.0,0.09980435532671947,0.02867250687737111,0.14450288238111725,1.9842169515864174,3.447344167855392,3.518370337685025,99.0,3.4828572527702084,0.03551308491481641,0.17897783247151,1.9842169515864174,completed,True,COMPLETE
134,2.8254867625663254,2026-06-09 19:02:04.504068,2026-06-09 19:02:06.334847,0 days 00:00:01.830779,,,,,,,,,,,,,,,SVR,,,,,,8,,,,,,,,,,0.012280215158445127,,0.023096188781167325,auto,linear,True,,,,,,,,,0.005147104355410427,0.012575375909987186,99.0,0.008861240132698806,0.003714135777288379,0.018718395558100943,1.9842169515864174,2.8001958696020757,2.850777655530575,99.0,2.8254867625663254,0.025290892964249887,0.12746032103006358,1.9842169515864174,896546468057484.9,1079284558557139.9,99.0,987915513307312.4,91369045249827.55,460479108278841.9,1.9842169515864174,8.25282680623527,8.646996003559533,99.0,8.449911404897401,0.19708459866213138,0.9932613392127241,1.9842169515864174,2.5139687987429604,2.6156832292975953,99.0,2.564826014020278,0.05085721527731763,0.25630874303667434,1.9842169515864174,100.0,0.51,-0.008103438171298428,0.00600920927479299,99.0,-0.0010471144482527184,0.007056323723045709,0.035562259043317064,1.9842169515864174,SVR,"{'mode': 'original', 'type': 'SVR'}",8.0,"['nodes_T2W10', 're_T2W10', 'pe_T2W10', 'l1_T2W10', 'l2_T2W10', 'atd_T2W10', 'density_T2W10', 'diameter_T2W10']",0.07370514044836188,0.13018253646472736,99.0,0.10194383845654462,0.028238698008182732,0.14231658481500917,1.9842169515864174,3.4535172153136156,3.523475391773614,99.0,3.4884963035436147,0.034979088229999226,0.1762866112096906,1.9842169515864174,completed,True,COMPLETE
135,2.8190558279709244,2026-06-09 19:02:06.347999,2026-06-09 19:02:08.243506,0 days 00:00:01.895507,,,,,,,,,,,,,,,SVR,,,,,,7,,,,,,,,,,0.01952378710188405,,0.030109882645020684,auto,linear,True,,,,,,,,,0.0068362924491688045,0.01542924023663134,99.0,0.011132766342900072,0.004296473893731267,0.021653246588263234,1.9842169515864174,2.792901813429131,2.845209842512718,99.0,2.8190558279709244,0.02615401454179359,0.13181025653915002,1.9842169515864174,898348034089484.8,1081542082558792.8,99.0,989945058324138.8,91597024234653.95,461628070264294.75,1.9842169515864174,8.234067608026397,8.63804996190714,99.0,8.436058784966768,0.20199117694037078,1.0179893724770126,1.9842169515864174,2.496829251241326,2.5990098304798086,99.0,2.5479195408605673,0.051090289619241225,0.257483384457499,1.9842169515864174,100.0,0.46,-0.0059396528607555624,0.009726675922860093,99.0,0.0018935115310522654,0.007833164391807828,0.039477358489176655,1.9842169515864174,SVR,"{'mode': 'original', 'type': 'SVR'}",7.0,"['nodes_T2W10', 're_T2W10', 'pe_T2W10', 'l1_T2W10', 'l2_T2W10', 'atd_T2W10', 'density_T2W10']",0.0784391503102505,0.1341869719700237,99.0,0.1063130611401371,0.027873910829886595,0.14047814079806595,1.9842169515864174,3.4478718563863615,3.518557609517656,99.0,3.4832147329520087,0.03534287656564717,0.17812002128794385,1.9842169515864174,completed,True,COMPLETE
136,2.8265263668457896,2026-06-09 19:02:08.256463,2026-06-09 19:02:08.434380,0 days 00:00:00.177917,,,,,,,,,,,,,,,SVR,,,,,,7,,,,,,,,,,0.008205635524170696,,0.03604681873005042,auto,linear,True,,,,,,,,,,,,,,,,,,,,,,,,,,,,,,,,,,,,,,,,,,,,,,,,,,,,,SVR,"{'mode': 'original', 'type': 'SVR'}",7.0,"['re_T2W10', 'pe_T2W10', 'l1_T2W10', 'l2_T2W10', 'atd_T2W10', 'density_T2W10', 'diameter_T2W10']",,,,,,,,,,,,,,,pruned,True,PRUNED
137,2.828709872431684,2026-06-09 19:02:08.444496,2026-06-09 19:02:10.328667,0 days 00:00:01.884171,,,,,,,,,,,,,,,SVR,,,,,,7,,,,,,,,,,0.038820577098163465,,0.009060941596190296,auto,linear,True,,,,,,,,,0.0026357737289717824,0.012716534883317105,99.0,0.007676154306144444,0.005040380577172662,0.02540236627422614,1.9842169515864174,2.802282401513105,2.8551373433502634,99.0,2.828709872431684,0.026427470918579308,0.1331884141875215,1.9842169515864174,889380840602068.6,1071042900496756.4,99.0,980211870549412.5,90831029947343.84,457767634102323.3,1.9842169515864174,8.271076968442717,8.656897819106685,99.0,8.463987393774701,0.1929104253319843,0.9722244595166315,1.9842169515864174,2.490881119307993,2.588180039313847,99.0,2.53953057931092,0.04864946000292711,0.24518216097302759,1.9842169515864174,100.0,0.48,-0.009676597413254601,0.008437739966846708,99.0,-0.0006194287232039464,0.009057168690050655,0.045646060441169416,1.9842169515864174,SVR,"{'mode': 'original', 'type': 'SVR'}",7.0,"['nodes_T2W10', 'pe_T2W10', 'l1_T2W10', 'l2_T2W10', 'l3_T2W10', 'density_T2W10', 'diameter_T2W10']",0.06525887522775292,0.11925609652563882,99.0,0.09225748587669587,0.026998610648942944,0.136066827910915,1.9842169515864174,3.451518894957216,3.5229840519529754,99.0,3.4872514734550957,0.0357325784978796,0.18008402997117204,1.9842169515864174,completed,True,COMPLETE
138,2.8644614531245836,2026-06-09 19:02:10.341770,2026-06-09 19:02:10.462581,0 days 00:00:00.120811,,,,0.13269050474092625,0.545959175535429,,,,,,,,,,ElasticNet,,,,,,6,,,,,,,,,,,,,,,True,,,,,,,,,,,,,,,,,,,,,,,,,,,,,,,,,,,,,,,,,,,,,,,,,,,,,ElasticNet,"{'mode': 'original', 'type': 'ElasticNet'}",6.0,"['pe_T2W10', 'l1_T2W10', 'l2_T2W10', 'l3_T2W10', 'lcc_T2W10', 'density_T2W10']",,,,,,,,,,,,,,,pruned,True,PRUNED
139,2.890916024613805,2026-06-09 19:02:10.472476,2026-06-09 19:02:10.704279,0 days 00:00:00.231803,,,,,,,,,,,,,,,SVR,,,,,,7,,,,,0.7354927516426673,0.028656126365162106,LinearSVR,,,0.020422437653755676,,0.011436381951835191,auto,rbf,True,,,,,,,,,,,,,,,,,,,,,,,,,,,,,,,,,,,,,,,,,,,,,,,,,,,,,SVR,"{'mode': 'proxy', 'type': 'LinearSVR'}",7.0,"['nodes_T2W10', 'pe_T2W10', 'l1_T2W10', 'l3_T2W10', 'lcc_T2W10', 'lsc_T2W10', 'density_T2W10']",,,,,,,,,,,,,,,pruned,True,PRUNED
140,5.157494913408628,2026-06-09 19:02:10.714046,2026-06-09 19:02:10.894700,0 days 00:00:00.180654,,,,,,,,,,,,,,,SVR,,,,,,9,,,,,0.010737329567309535,0.0023321229150825603,LinearSVR,,,0.014050260974817055,4.0,0.04611176090426907,auto,poly,True,,,,,,,,,,,,,,,,,,,,,,,,,,,,,,,,,,,,,,,,,,,,,,,,,,,,,SVR,"{'mode': 'proxy', 'type': 'LinearSVR'}",9.0,"['edges_T2W10', 're_T2W10', 'pe_T2W10', 'l1_T2W10', 'l2_T2W10', 'lcc_T2W10', 'lsc_T2W10', 'atd_T2W10', 'density_T2W10']",,,,,,,,,,,,,,,pruned,True,PRUNED
141,2.886295947250055,2026-06-09 19:02:10.905415,2026-06-09 19:02:11.280530,0 days 00:00:00.375115,,,,,,,,,,,,,,,XGBRegressor,,,,,,8,,,,,,,,,,,,,,,True,gblinear,0.7894852036651562,0.03090865765802112,6.0,477.0,0.005108541545654714,0.0005288419435648655,0.9966795875962414,,,,,,,,,,,,,,,,,,,,,,,,,,,,,,,,,,,,,,,,,,,,,XGBRegressor,"{'mode': 'original', 'type': 'XGBRegressor'}",8.0,"['re_T2W10', 'pe_T2W10', 'l1_T2W10', 'l2_T2W10', 'l3_T2W10', 'density_T2W10', 'diameter_T2W10', 'asp_T2W10']",,,,,,,,,,,,,,,pruned,True,PRUNED
142,2.8212966109325817,2026-06-09 19:02:11.290950,2026-06-09 19:02:13.187533,0 days 00:00:01.896583,,,,,,,,,,,,,,,SVR,,,,,,8,,,,,,,,,,0.01800812996110347,,0.02952004511591207,auto,linear,True,,,,,,,,,0.006036256338522487,0.01463187593253262,99.0,0.010334066135527554,0.004297809797005067,0.021659979235480725,1.9842169515864174,2.7952726580896714,2.847320563775492,99.0,2.8212966109325817,0.026023952842910324,0.13115477529865724,1.9842169515864174,896252101970716.4,1079977095590122.4,99.0,988114598780419.4,91862496809703.02,462965991376383.0,1.9842169515864174,8.233229226258159,8.62884221700188,99.0,8.43103572163002,0.1978064953718601,0.9968995336609247,1.9842169515864174,2.4986686984487987,2.5995717408231593,99.0,2.549120219635979,0.05045152118718014,0.2542641375321546,1.9842169515864174,100.0,0.45,-0.005832225375715935,0.009532747633074769,99.0,0.001850261128679417,0.0076824865043953515,0.038717976369736506,1.9842169515864174,SVR,"{'mode': 'original', 'type': 'SVR'}",8.0,"['nodes_T2W10', 're_T2W10', 'pe_T2W10', 'l1_T2W10', 'l2_T2W10', 'lcc_T2W10', 'atd_T2W10', 'density_T2W10']",0.07487099426147167,0.13225729018439283,99.0,0.10356414222293225,0.028693147961460583,0.14460690872799917,1.9842169515864174,3.4480549991794236,3.518588722417446,99.0,3.483321860798435,0.035266861619011367,0.1777369233279399,1.9842169515864174,completed,True,COMPLETE
143,2.822114498151601,2026-06-09 19:02:13.201043,2026-06-09 19:02:15.111942,0 days 00:00:01.910899,,,,,,,,,,,,,,,SVR,,,,,,8,,,,,,,,,,0.021172494892040192,,0.03130245182877492,auto,linear,True,,,,,,,,,0.005711446982086282,0.014314182411050445,99.0,0.010012814696568364,0.0043013677144820815,0.021677910326504672,1.9842169515864174,2.796490497484042,2.84773849881916,99.0,2.822114498151601,0.025624000667558846,0.12913910773250875,1.9842169515864174,893586442385305.1,1076138502526550.1,99.0,984862472455927.6,91276030070622.55,460010333031605.8,1.9842169515864174,8.255592738529051,8.645464657429338,99.0,8.450528697979195,0.19493595945014422,0.9824326885943061,1.9842169515864174,2.4977783692700575,2.599207250728517,99.0,2.548492809999287,0.050714440729229746,0.2555891919413481,1.9842169515864174,100.0,0.46,-0.005689489216216508,0.010034342263016117,99.0,0.002172426523399805,0.007861915739616313,0.03962225871183375,1.9842169515864174,SVR,"{'mode': 'original', 'type': 'SVR'}",8.0,"['nodes_T2W10', 'pe_T2W10', 'l1_T2W10', 'l2_T2W10', 'l3_T2W10', 'atd_T2W10', 'density_T2W10', 'diameter_T2W10']",0.07060007702956675,0.12387372996947238,99.0,0.09723690349951956,0.02663682646995281,0.13424351832422451,1.9842169515864174,3.447593125663673,3.517696123247086,99.0,3.4826446244553795,0.03505149879170638,0.1766515438933332,1.9842169515864174,completed,True,COMPLETE
144,3.038483536040893,2026-06-09 19:02:15.125598,2026-06-09 19:02:15.629335,0 days 00:00:00.503737,,,,,,,,,,,,,,,SVR,,,,,,8,,,,,,,,,,81.10451819432582,,0.10399787663003168,auto,linear,True,,,,,,,,,,,,,,,,,,,,,,,,,,,,,,,,,,,,,,,,,,,,,,,,,,,,,SVR,"{'mode': 'original', 'type': 'SVR'}",8.0,"['nodes_T2W10', 'edges_T2W10', 'pe_T2W10', 'l2_T2W10', 'l3_T2W10', 'lsc_T2W10', 'atd_T2W10', 'density_T2W10']",,,,,,,,,,,,,,,pruned,True,PRUNED
145,2.8278700561683046,2026-06-09 19:02:15.639363,2026-06-09 19:02:17.689222,0 days 00:00:02.049859,,,,,,,,,,,,,,,SVR,,,,,,7,,,,,,,,,,0.037459574253105025,,0.04406801466387659,auto,linear,True,,,,,,,,,0.003038464790756968,0.01291113954411147,99.0,0.007974802167434219,0.004936337376677251,0.024878012319825005,1.9842169515864174,2.8015537587723784,2.8541863535642307,99.0,2.8278700561683046,0.026316297395926117,0.13262812503887622,1.9842169515864174,890212644375553.0,1071992372666712.5,99.0,981102508521132.8,90889864145579.81,458064145016560.4,1.9842169515864174,8.27092298551737,8.653060327024093,99.0,8.461991656270731,0.19106867075336145,0.96294243732067,1.9842169515864174,2.4924386650602863,2.5898257381790803,99.0,2.5411322016196833,0.04869353655939712,0.24540429674520095,1.9842169515864174,100.0,0.48,-0.009008237326395897,0.008612988333283214,99.0,-0.0001976244965563412,0.008810612829839555,0.04440347524899085,1.9842169515864174,SVR,"{'mode': 'original', 'type': 'SVR'}",7.0,"['nodes_T2W10', 'pe_T2W10', 'l1_T2W10', 'l2_T2W10', 'l3_T2W10', 'density_T2W10', 'diameter_T2W10']",0.06445948972902761,0.11925802200067649,99.0,0.09185875586485205,0.027399266135824437,0.13808604000645305,1.9842169515864174,3.451008791838571,3.522121097868912,99.0,3.4865649448537415,0.03555615301517037,0.17919488585531224,1.9842169515864174,completed,True,COMPLETE
146,2.8176701187710247,2026-06-09 19:02:17.701972,2026-06-09 19:02:17.887238,0 days 00:00:00.185266,,,,,,,,,,,,,,,SVR,,,,,,8,,,,,,,,,,0.009324449927221999,,0.018682726033463583,auto,linear,True,,,,,,,,,,,,,,,,,,,,,,,,,,,,,,,,,,,,,,,,,,,,,,,,,,,,,SVR,"{'mode': 'original', 'type': 'SVR'}",8.0,"['nodes_T2W10', 're_T2W10', 'pe_T2W10', 'l1_T2W10', 'l2_T2W10', 'atd_T2W10', 'density_T2W10', 'diameter_T2W10']",,,,,,,,,,,,,,,pruned,True,PRUNED
147,2.85909338221913,2026-06-09 19:02:17.900025,2026-06-09 19:02:18.865765,0 days 00:00:00.965740,,,,,,,,,,,,,,,RandomForestRegressor,10.0,log2,3.0,8.0,70.0,7,,,,,,,,,,,,,,,True,,,,,,,,,,,,,,,,,,,,,,,,,,,,,,,,,,,,,,,,,,,,,,,,,,,,,RandomForestRegressor,"{'mode': 'original', 'type': 'RandomForestRegressor'}",7.0,"['nodes_T2W10', 'pe_T2W10', 'l1_T2W10', 'l2_T2W10', 'atd_T2W10', 'density_T2W10', 'diameter_T2W10']",,,,,,,,,,,,,,,pruned,True,PRUNED
148,2.805279819987846,2026-06-09 19:02:18.876298,2026-06-09 19:02:19.027564,0 days 00:00:00.151266,,,,,,,,,,,,,,,SVR,,,,,,9,,,,,,,,,,0.012436152993198597,,0.05084166674741954,auto,linear,True,,,,,,,,,,,,,,,,,,,,,,,,,,,,,,,,,,,,,,,,,,,,,,,,,,,,,SVR,"{'mode': 'original', 'type': 'SVR'}",9.0,"['nodes_T2W10', 're_T2W10', 'pe_T2W10', 'l1_T2W10', 'l2_T2W10', 'l3_T2W10', 'atd_T2W10', 'density_T2W10', 'diameter_T2W10']",,,,,,,,,,,,,,,pruned,True,PRUNED
149,2.838281187116073,2026-06-09 19:02:19.047039,2026-06-09 19:02:19.223687,0 days 00:00:00.176648,,,,,,,,,,,,,,,SVR,,,,,,8,,,,,,,,,,0.006277616287224513,,0.030116878079045555,auto,linear,True,,,,,,,,,,,,,,,,,,,,,,,,,,,,,,,,,,,,,,,,,,,,,,,,,,,,,SVR,"{'mode': 'original', 'type': 'SVR'}",8.0,"['nodes_T2W10', 're_T2W10', 'pe_T2W10', 'l1_T2W10', 'l2_T2W10', 'atd_T2W10', 'density_T2W10', 'diameter_T2W10']",,,,,,,,,,,,,,,pruned,True,PRUNED
150,2.89362583679128,2026-06-09 19:02:19.233560,2026-06-09 19:02:19.401195,0 days 00:00:00.167635,,,,,,,,,,,,,,,Ridge,,,,,,7,,,,,,,,0.070751005716012,sparse_cg,,,,,,True,,,,,,,,,,,,,,,,,,,,,,,,,,,,,,,,,,,,,,,,,,,,,,,,,,,,,Ridge,"{'mode': 'original', 'type': 'Ridge'}",7.0,"['edges_T2W10', 'pe_T2W10', 'l3_T2W10', 'atd_T2W10', 'density_T2W10', 'diameter_T2W10', 'asp_T2W10']",,,,,,,,,,,,,,,pruned,True,PRUNED
151,3.1454260056083987,2026-06-09 19:02:19.412894,2026-06-09 19:02:19.557458,0 days 00:00:00.144564,,,,,,,,,,,,,,,SVR,,,,,,8,,,,,,,,,,0.0211545036580673,,7.04454496836961,auto,linear,False,,,,,,,,,,,,,,,,,,,,,,,,,,,,,,,,,,,,,,,,,,,,,,,,,,,,,SVR,"{'mode': 'original', 'type': 'SVR'}",8.0,"['nodes_T2W10', 'pe_T2W10', 'l2_T2W10', 'l3_T2W10', 'lsc_T2W10', 'density_T2W10', 'diameter_T2W10', 'asp_T2W10']",,,,,,,,,,,,,,,pruned,True,PRUNED
152,2.821606370488239,2026-06-09 19:02:19.604151,2026-06-09 19:02:21.501362,0 days 00:00:01.897211,,,,,,,,,,,,,,,SVR,,,,,,8,,,,,,,,,,0.0173830410270605,,0.013141357731377866,auto,linear,True,,,,,,,,,0.005970200097564783,0.014469565352358991,99.0,0.010219882724961887,0.004249682627397104,0.021417429298743802,1.9842169515864174,2.7957083709580117,2.847504370018466,99.0,2.821606370488239,0.02589799953022699,0.13051999938575803,1.9842169515864174,896752677954515.8,1080837357432125.0,99.0,988795017693320.4,92042339738804.69,463872358641101.06,1.9842169515864174,8.233157373705271,8.629171992242998,99.0,8.431164682974135,0.1980073092688642,0.9979115898115565,1.9842169515864174,2.4970875234941996,2.597589305384271,99.0,2.5473384144392353,0.05025089094503559,0.2532530069600458,1.9842169515864174,100.0,0.47,-0.0059074163652627085,0.00933500381473998,99.0,0.001713793724738636,0.007621210090001345,0.038409157244161475,1.9842169515864174,SVR,"{'mode': 'original', 'type': 'SVR'}",8.0,"['nodes_T2W10', 're_T2W10', 'pe_T2W10', 'l1_T2W10', 'l2_T2W10', 'lcc_T2W10', 'atd_T2W10', 'density_T2W10']",0.07565101938923378,0.13303083286397926,99.0,0.10434092612660653,0.028689906737372744,0.14459057369928546,1.9842169515864174,3.448358916940635,3.5187703468582865,99.0,3.4835646318994606,0.035205714958825796,0.17742875813392375,1.9842169515864174,completed,True,COMPLETE
