number,value,datetime_start,datetime_complete,duration,params_dt_max_depth,params_dt_min_samples_leaf,params_dt_min_samples_split,params_elastic_alpha,params_elastic_l1_ratio,params_et_max_depth,params_et_max_features,params_et_min_samples_leaf,params_et_min_samples_split,params_et_n_estimators,params_knn_metric,params_knn_n_neighbors,params_knn_weights,params_quantile_alpha,params_regressor,params_rf_max_depth,params_rf_max_features,params_rf_min_samples_leaf,params_rf_min_samples_split,params_rf_n_estimators,params_rfe_n_features,params_rfe_proxy_et_max_depth,params_rfe_proxy_et_min_samples_leaf,params_rfe_proxy_et_min_samples_split,params_rfe_proxy_et_n_estimators,params_rfe_proxy_lsvr_C,params_rfe_proxy_lsvr_epsilon,params_rfe_proxy_type,params_ridge_alpha,params_ridge_solver,params_svr_C,params_svr_degree,params_svr_epsilon,params_svr_gamma,params_svr_kernel,params_use_scaler,params_xgb_booster,params_xgb_colsample_bytree,params_xgb_learning_rate,params_xgb_max_depth,params_xgb_n_estimators,params_xgb_reg_alpha,params_xgb_reg_lambda,params_xgb_subsample,user_attrs_d2mae_ci_lower_val,user_attrs_d2mae_ci_upper_val,user_attrs_d2mae_df_val,user_attrs_d2mae_mean_val,user_attrs_d2mae_samperror_val,user_attrs_d2mae_std_val,user_attrs_d2mae_t_critical_val,user_attrs_mae_ci_lower_val,user_attrs_mae_ci_upper_val,user_attrs_mae_df_val,user_attrs_mae_mean_val,user_attrs_mae_samperror_val,user_attrs_mae_std_val,user_attrs_mae_t_critical_val,user_attrs_mape_ci_lower_val,user_attrs_mape_ci_upper_val,user_attrs_mape_df_val,user_attrs_mape_mean_val,user_attrs_mape_samperror_val,user_attrs_mape_std_val,user_attrs_mape_t_critical_val,user_attrs_max_error_ci_lower_val,user_attrs_max_error_ci_upper_val,user_attrs_max_error_df_val,user_attrs_max_error_mean_val,user_attrs_max_error_samperror_val,user_attrs_max_error_std_val,user_attrs_max_error_t_critical_val,user_attrs_median_ae_ci_lower_val,user_attrs_median_ae_ci_upper_val,user_attrs_median_ae_df_val,user_attrs_median_ae_mean_val,user_attrs_median_ae_samperror_val,user_attrs_median_ae_std_val,user_attrs_median_ae_t_critical_val,user_attrs_n_splits_val,user_attrs_r2_below_zero_val,user_attrs_r2_ci_lower_val,user_attrs_r2_ci_upper_val,user_attrs_r2_df_val,user_attrs_r2_mean_val,user_attrs_r2_samperror_val,user_attrs_r2_std_val,user_attrs_r2_t_critical_val,user_attrs_regressor_final,user_attrs_rfe_estimator,user_attrs_rfe_n_features,user_attrs_rfe_selected_features,user_attrs_rho_ci_lower_val,user_attrs_rho_ci_upper_val,user_attrs_rho_df_val,user_attrs_rho_mean_val,user_attrs_rho_samperror_val,user_attrs_rho_std_val,user_attrs_rho_t_critical_val,user_attrs_rmse_ci_lower_val,user_attrs_rmse_ci_upper_val,user_attrs_rmse_df_val,user_attrs_rmse_mean_val,user_attrs_rmse_samperror_val,user_attrs_rmse_std_val,user_attrs_rmse_t_critical_val,user_attrs_termination_reason,user_attrs_use_scaler_final,state
40,3.912857142857143,2026-06-09 18:52:05.642481,2026-06-09 18:52:07.337200,0 days 00:00:01.694719,,,,,,,,,,,minkowski,1.0,distance,,KNeighborsRegressor,,,,,,12,,,,,0.0012267280752973344,0.00016902636696323277,LinearSVR,,,,,,,,True,,,,,,,,,-0.39738438148450217,-0.3509168125089315,99.0,-0.3741505969967168,0.02323378448778535,0.11709296440194969,1.9842169515864174,3.849784464056401,3.9759298216578847,99.0,3.912857142857143,0.0630726788007418,0.31787188770015323,1.9842169515864174,745061405178269.9,962630045363442.1,99.0,853845725270856.0,108784320092586.14,548248113723709.0,1.9842169515864174,10.945807675262111,11.31419232473789,99.0,11.13,0.184192324737889,0.9282872247947679,1.9842169515864174,3.2414124307096523,3.4385875692903474,99.0,3.34,0.09858756929034768,0.4968588198559897,1.9842169515864174,100.0,1.0,-0.9593722307333803,-0.8418844180923393,99.0,-0.9006283244128598,0.058743906320520525,0.2960558636168979,1.9842169515864174,KNeighborsRegressor,"{'mode': 'proxy', 'type': 'LinearSVR'}",12.0,"['nodes_T2W10', 'edges_T2W10', 're_T2W10', 'pe_T2W10', 'l1_T2W10', 'l2_T2W10', 'l3_T2W10', 'lcc_T2W10', 'atd_T2W10', 'density_T2W10', 'diameter_T2W10', 'asp_T2W10']",0.01201571046466358,0.0602448264056602,99.0,0.03613026843516189,0.024114557970498312,0.12153186147925148,1.9842169515864174,4.72044332164003,4.850320512094111,99.0,4.78538191686707,0.06493859522704044,0.32727568008690205,1.9842169515864174,completed,True,COMPLETE
41,2.8941179817404556,2026-06-09 18:52:07.349525,2026-06-09 18:52:09.079764,0 days 00:00:01.730239,,,,,,,,,,,,,,,LinearRegression,,,,,,2,,,,,,,,,,,,,,,False,,,,,,,,,-0.019294892443515954,-0.011520015595713832,99.0,-0.015407454019614892,0.0038874384239010605,0.019591801293668935,1.9842169515864174,2.8706587820926024,2.917577181388309,99.0,2.8941179817404556,0.023459199647853354,0.11822900529650902,1.9842169515864174,972915627399506.8,1172779619028954.0,99.0,1072847623214230.4,99931995814723.67,503634422308640.3,1.9842169515864174,8.038833161165721,8.425508828611997,99.0,8.23217099488886,0.19333783372313743,0.974378500136088,1.9842169515864174,2.5200154395379655,2.5956492238209914,99.0,2.5578323316794784,0.03781689214151317,0.19058849442485548,1.9842169515864174,100.0,0.57,-0.02043451699417363,-0.006176562126507682,99.0,-0.013305539560340656,0.007128977433832974,0.03592841714275864,1.9842169515864174,LinearRegression,"{'mode': 'original', 'type': 'LinearRegression'}",2.0,"['atd_T2W10', 'density_T2W10']",0.0010200464827124153,0.051667278909330275,99.0,0.026343662696021345,0.02532361621330893,0.12762523872735912,1.9842169515864174,3.4768849353645974,3.541280667684587,99.0,3.5090828015245923,0.03219786615999474,0.1622698875455729,1.9842169515864174,completed,False,COMPLETE
42,2.8366428187990658,2026-06-09 18:52:09.091958,2026-06-09 18:52:10.866031,0 days 00:00:01.774073,,,,,,,,,,,,,,,SVR,,,,,,10,,,,,,,,,,0.008972483368809318,,0.004453642650540632,auto,linear,True,,,,,,,,,0.0015791820771412731,0.008244973845013555,99.0,0.004912077961077414,0.0033328958839361406,0.016797033617072115,1.9842169515864174,2.812152476044256,2.8611331615538753,99.0,2.8366428187990658,0.02449034275480945,0.1234257309173222,1.9842169515864174,899027224375158.5,1082731662191511.0,99.0,990879443283334.8,91852218908176.22,462914193101408.1,1.9842169515864174,8.279925888620765,8.671040220104631,99.0,8.475483054362698,0.19555716574193366,0.985563426346006,1.9842169515864174,2.535705746681927,2.6406019354543835,99.0,2.5881538410681553,0.052448094386228085,0.264326410195694,1.9842169515864174,100.0,0.58,-0.01394487778979135,-0.0008904361144499058,99.0,-0.007417656952120628,0.006527220837670722,0.03289570141234854,1.9842169515864174,SVR,"{'mode': 'original', 'type': 'SVR'}",10.0,"['nodes_T2W10', 're_T2W10', 'pe_T2W10', 'l1_T2W10', 'l2_T2W10', 'lcc_T2W10', 'lsc_T2W10', 'atd_T2W10', 'density_T2W10', 'diameter_T2W10']",0.06402760153113513,0.11977828477293886,99.0,0.091902943152037,0.027875341620901876,0.14048535165781664,1.9842169515864174,3.4649481710315966,3.5343507809232078,99.0,3.499649475977402,0.03470130494580577,0.17488664693677497,1.9842169515864174,completed,True,COMPLETE
43,2.8456397692297317,2026-06-09 18:52:10.932374,2026-06-09 18:52:12.907514,0 days 00:00:01.975140,,,,,,,,,,,,,,,SVR,,,,,,12,,,,,,,,,,0.024438781482724613,,0.009780883541599983,auto,linear,True,,,,,,,,,-0.003384129233376781,0.006651103075456449,99.0,0.001633486921039834,0.005017616154416615,0.025287638785692967,1.9842169515864174,2.820403462820185,2.8708760756392784,99.0,2.8456397692297317,0.02523630640954651,0.12718521726855336,1.9842169515864174,897097629283621.9,1080374863702137.4,99.0,988736246492879.6,91638617209257.75,461837689351414.0,1.9842169515864174,8.262733397127455,8.650341913667123,99.0,8.45653765539729,0.1938042582698336,0.9767291732634559,1.9842169515864174,2.5154274302838635,2.6130821395819215,99.0,2.5642547849328925,0.048827354649029084,0.24607870933665155,1.9842169515864174,100.0,0.59,-0.018383593285996556,-0.001294154117947437,99.0,-0.009838873701971998,0.00854471958402456,0.04306343405237467,1.9842169515864174,SVR,"{'mode': 'original', 'type': 'SVR'}",12.0,"['nodes_T2W10', 'edges_T2W10', 're_T2W10', 'pe_T2W10', 'l1_T2W10', 'l2_T2W10', 'l3_T2W10', 'lcc_T2W10', 'lsc_T2W10', 'atd_T2W10', 'density_T2W10', 'diameter_T2W10']",0.043211579332827516,0.09700839581547593,99.0,0.07010998757415172,0.026898408241324213,0.13556183067490904,1.9842169515864174,3.4684450212965197,3.5379804783315856,99.0,3.5032127498140526,0.03476772851753275,0.17522140655907267,1.9842169515864174,completed,True,COMPLETE
44,2.8433011380453284,2026-06-09 18:52:12.920882,2026-06-09 18:52:14.799169,0 days 00:00:01.878287,,,,,,,,,,,,,,,SVR,,,,,,12,,,,,,,,,,0.021058326192369314,,0.008990526338330128,auto,linear,True,,,,,,,,,-0.0023528345903505365,0.007283690270222667,99.0,0.002465427839936065,0.004818262430286602,0.0242829415726658,1.9842169515864174,2.8182348524016922,2.8683674236889645,99.0,2.8433011380453284,0.025066285643636135,0.12632835146174506,1.9842169515864174,897990370919253.8,1081659734482648.8,99.0,989825052700951.2,91834681781697.45,462825809991563.44,1.9842169515864174,8.259620086483364,8.648299214910248,99.0,8.453959650696806,0.19433956421344215,0.9794269928903901,1.9842169515864174,2.517407358201956,2.615587648101751,99.0,2.5664975031518535,0.04909014494989729,0.24740311239982518,1.9842169515864174,100.0,0.57,-0.016940440896418503,-0.0004008283679677871,99.0,-0.008670634632193145,0.008269806264225358,0.041677933744157854,1.9842169515864174,SVR,"{'mode': 'original', 'type': 'SVR'}",12.0,"['nodes_T2W10', 'edges_T2W10', 're_T2W10', 'pe_T2W10', 'l1_T2W10', 'l2_T2W10', 'l3_T2W10', 'lcc_T2W10', 'lsc_T2W10', 'atd_T2W10', 'density_T2W10', 'diameter_T2W10']",0.04405872346000794,0.0983988141905679,99.0,0.07122876882528792,0.027170045365279977,0.13693081970475574,1.9842169515864174,3.466527859052657,3.536035362959417,99.0,3.501281611006037,0.03475375195337981,0.1751509678696856,1.9842169515864174,completed,True,COMPLETE
45,2.8347378649427917,2026-06-09 18:52:14.834323,2026-06-09 18:52:16.619654,0 days 00:00:01.785331,,,,,,,,,,,,,,,SVR,,,,,,11,,,,,,,,,,0.014980502572122457,,0.006910190301353786,auto,linear,True,,,,,,,,,0.0012998365139349696,0.009769821901264715,99.0,0.0055348292075998425,0.004234992693664873,0.021343395389697276,1.9842169515864174,2.8097300588758376,2.8597456710097457,99.0,2.8347378649427917,0.025007806066954054,0.12603362775910093,1.9842169515864174,898543127994077.0,1082761585668355.2,99.0,990652356831216.1,92109228837139.08,464209464411117.3,1.9842169515864174,8.251002532174018,8.6444150516367,99.0,8.44770879190536,0.19670625973134045,0.9913545974600723,1.9842169515864174,2.516975079936323,2.618112193784466,99.0,2.5675436368603943,0.05056855692407139,0.25485397090091844,1.9842169515864174,100.0,0.55,-0.012752560646204641,0.002646615892082406,99.0,-0.005052972377061118,0.007699588269143524,0.03880416535594842,1.9842169515864174,SVR,"{'mode': 'original', 'type': 'SVR'}",11.0,"['nodes_T2W10', 're_T2W10', 'pe_T2W10', 'l1_T2W10', 'l2_T2W10', 'l3_T2W10', 'lcc_T2W10', 'lsc_T2W10', 'atd_T2W10', 'density_T2W10', 'diameter_T2W10']",0.054044936267342275,0.10739499462135296,99.0,0.08071996544434762,0.026675029177005347,0.13443605123763397,1.9842169515864174,3.460363166251547,3.530107078977271,99.0,3.495235122614409,0.03487195636286208,0.1757466910812415,1.9842169515864174,completed,True,COMPLETE
46,2.8325589477169144,2026-06-09 18:52:16.660529,2026-06-09 18:52:18.344108,0 days 00:00:01.683579,,,,,,,,,,,,,,,SVR,,,,,,10,,,,,,,,,,0.01169973922442132,,0.003497884493908375,auto,linear,True,,,,,,,,,0.002521758655905736,0.010167846970721008,99.0,0.006344802813313372,0.003823044157407636,0.019267268906008703,1.9842169515864174,2.8075302623817624,2.8575876330520664,99.0,2.8325589477169144,0.02502868533515203,0.12613885449945955,1.9842169515864174,897936346746114.4,1081786224770771.6,99.0,989861285758443.0,91924939012328.58,463280685808237.5,1.9842169515864174,8.257999654548177,8.652702885834563,99.0,8.45535127019137,0.1973516156431923,0.9946070437781822,1.9842169515864174,2.5220345109136773,2.621146658660578,99.0,2.5715905847871277,0.04955607387345053,0.24975128769981303,1.9842169515864174,100.0,0.55,-0.0116501438856187,0.00285128108291223,99.0,-0.004399431401353235,0.007250712484265465,0.03654193397787671,1.9842169515864174,SVR,"{'mode': 'original', 'type': 'SVR'}",10.0,"['nodes_T2W10', 're_T2W10', 'pe_T2W10', 'l1_T2W10', 'l2_T2W10', 'lcc_T2W10', 'lsc_T2W10', 'atd_T2W10', 'density_T2W10', 'diameter_T2W10']",0.06301190750361468,0.11950632068167283,99.0,0.09125911409264376,0.028247206589029066,0.14235946611808206,1.9842169515864174,3.459348858991427,3.529159070406156,99.0,3.4942539646987916,0.034905105707364194,0.1759137562021982,1.9842169515864174,completed,True,COMPLETE
47,2.8334358772726738,2026-06-09 18:52:18.357129,2026-06-09 18:52:20.150632,0 days 00:00:01.793503,,,,,,,,,,,,,,,SVR,,,,,,10,,,,,,,,,,0.012702947694836401,,0.005524613820929567,auto,linear,True,,,,,,,,,0.0021420528079401447,0.009893008405556208,99.0,0.006017530606748177,0.0038754777988080323,0.01953152247645862,1.9842169515864174,2.8085719741694275,2.85829978037592,99.0,2.8334358772726738,0.024863903103246404,0.1253083897069182,1.9842169515864174,898589051604075.5,1082190009288589.8,99.0,990389530446332.6,91800478842257.19,462653434992887.44,1.9842169515864174,8.25763454539062,8.651658937858162,99.0,8.45464674162439,0.19701219623377106,0.9928964475192908,1.9842169515864174,2.524305515171502,2.626384176068715,99.0,2.5753448456201085,0.05103933044860669,0.25722656188276094,1.9842169515864174,100.0,0.54,-0.012458201867926247,0.0023820772250978473,99.0,-0.0050380623214142,0.0074201395465120475,0.03739580765389345,1.9842169515864174,SVR,"{'mode': 'original', 'type': 'SVR'}",10.0,"['nodes_T2W10', 're_T2W10', 'pe_T2W10', 'l1_T2W10', 'l2_T2W10', 'l3_T2W10', 'lsc_T2W10', 'atd_T2W10', 'density_T2W10', 'diameter_T2W10']",0.05671339734189096,0.1101260118910877,99.0,0.08341970461648933,0.026706307274598374,0.13459368570178878,1.9842169515864174,3.460473468246848,3.5300965225486616,99.0,3.4952849953977547,0.034811527150906935,0.17544214166235444,1.9842169515864174,completed,True,COMPLETE
48,2.827812076289388,2026-06-09 18:52:20.162989,2026-06-09 18:52:21.997041,0 days 00:00:01.834052,,,,,,,,,,,,,,,SVR,,,,,,9,,,,,,,,,,0.013738967768210006,,0.005574474258738195,auto,linear,True,,,,,,,,,0.003948075838255825,0.012106205322563533,99.0,0.008027140580409679,0.004079064742153854,0.02055755414695237,1.9842169515864174,2.8022843347644373,2.8533398178143385,99.0,2.827812076289388,0.02552774152495067,0.1286539836510356,1.9842169515864174,896455005145157.0,1079599454292240.0,99.0,988027229718698.5,91572224573541.56,461503085639541.1,1.9842169515864174,8.252168711842398,8.648648923782034,99.0,8.450408817812216,0.19824010596981886,0.9990848319853447,1.9842169515864174,2.509344373098354,2.60732849279859,99.0,2.558336432948472,0.04899205985011793,0.24690878591147958,1.9842169515864174,100.0,0.52,-0.010188420837621795,0.0052907604759019206,99.0,-0.0024488301808599368,0.007739590656761858,0.03900576824814401,1.9842169515864174,SVR,"{'mode': 'original', 'type': 'SVR'}",9.0,"['nodes_T2W10', 're_T2W10', 'pe_T2W10', 'l1_T2W10', 'l2_T2W10', 'lsc_T2W10', 'atd_T2W10', 'density_T2W10', 'diameter_T2W10']",0.06642158502069598,0.12249545192781935,99.0,0.09445851847425767,0.028036933453561685,0.14129973756723352,1.9842169515864174,3.4555324672147107,3.5260740866430873,99.0,3.490803276928899,0.03527080971418848,0.17775682082540836,1.9842169515864174,completed,True,COMPLETE
49,2.85416535079177,2026-06-09 18:52:22.009431,2026-06-09 18:52:23.769860,0 days 00:00:01.760429,,,,,,,,,,,,,,,SVR,,,,,,9,,,,,,,,,,0.05346558622535169,,0.007860422074209667,auto,linear,True,,,,,,,,,-0.007208344572493175,0.004359447819875652,99.0,-0.001424448376308761,0.0057838961961844135,0.029149515084830234,1.9842169515864174,2.828419990544227,2.879910711039313,99.0,2.85416535079177,0.025745360247542988,0.12975073228237016,1.9842169515864174,892673904119309.8,1074671779392930.0,99.0,983672841756119.9,90998937636810.11,458613850486736.4,1.9842169515864174,8.279795208681575,8.666855775255394,99.0,8.473325491968485,0.1935302832869098,0.975348401958661,1.9842169515864174,2.525288801859867,2.6223480698634365,99.0,2.573818435861652,0.04852963400178455,0.2445782653100722,1.9842169515864174,100.0,0.58,-0.02320233568835852,-0.0027274878376480887,99.0,-0.012964911763003304,0.010237423925355215,0.05159427711354955,1.9842169515864174,SVR,"{'mode': 'original', 'type': 'SVR'}",9.0,"['nodes_T2W10', 'pe_T2W10', 'l1_T2W10', 'l2_T2W10', 'l3_T2W10', 'lcc_T2W10', 'lsc_T2W10', 'atd_T2W10', 'density_T2W10']",0.04497555479358789,0.09891976533171715,99.0,0.07194766006265252,0.026972105269064624,0.13593324685337427,1.9842169515864174,3.4729527623246628,3.543131544233192,99.0,3.5080421532789274,0.0350893909542647,0.17684251173345786,1.9842169515864174,completed,True,COMPLETE
50,2.8556374712695094,2026-06-09 18:52:23.784763,2026-06-09 18:52:25.554683,0 days 00:00:01.769920,,,,,,,,,,,,,,,SVR,,,,,,11,,,,,6.721745240881958,0.9186239815151755,LinearSVR,,,0.010237408918058634,,0.00490980740561864,auto,rbf,True,,,,,,,,,-0.0026412815682071334,-0.0007349214442162643,99.0,-0.0016881015062116989,0.0009531800619954346,0.004803809690434052,1.9842169515864174,2.8318360338724835,2.8794389086665353,99.0,2.8556374712695094,0.023801437397026025,0.11995380534369662,1.9842169515864174,897264760656076.6,1081459807560254.4,99.0,989362284108165.5,92097523452088.83,464150471945394.9,1.9842169515864174,8.508086136689716,8.88429714469913,99.0,8.696191640694423,0.188105504004706,0.9480087540544003,1.9842169515864174,2.533842146275478,2.720059893183497,99.0,2.6269510197294874,0.09310887345400955,0.4692474448399774,1.9842169515864174,100.0,1.0,-0.03879323109878055,-0.03376697826834778,99.0,-0.036280104683564164,0.0025131264152163887,0.012665582829574654,1.9842169515864174,SVR,"{'mode': 'proxy', 'type': 'LinearSVR'}",11.0,"['nodes_T2W10', 'edges_T2W10', 'pe_T2W10', 'l1_T2W10', 'l3_T2W10', 'lcc_T2W10', 'lsc_T2W10', 'atd_T2W10', 'density_T2W10', 'diameter_T2W10', 'asp_T2W10']",-0.016004537866633584,0.034956954850994475,99.0,0.009476208492180444,0.02548074635881403,0.12841713875310717,1.9842169515864174,3.515452308875297,3.5846588707668157,99.0,3.5500555898210564,0.034603280945759166,0.17439262837711983,1.9842169515864174,completed,True,COMPLETE
51,9.482017607300515,2026-06-09 18:52:25.569070,2026-06-09 18:52:25.838361,0 days 00:00:00.269291,,,,,,,,,,,,,,,SVR,,,,,,9,12.0,1.0,2.0,20.0,,,ExtraTrees,,,0.2391665125395428,5.0,0.03464420924670454,auto,poly,True,,,,,,,,,,,,,,,,,,,,,,,,,,,,,,,,,,,,,,,,,,,,,,,,,,,,,SVR,"{'mode': 'proxy', 'type': 'ExtraTrees'}",9.0,"['nodes_T2W10', 're_T2W10', 'pe_T2W10', 'l2_T2W10', 'l3_T2W10', 'lsc_T2W10', 'density_T2W10', 'diameter_T2W10', 'asp_T2W10']",,,,,,,,,,,,,,,pruned,True,PRUNED
52,2.835678635806908,2026-06-09 18:52:25.849428,2026-06-09 18:52:27.667225,0 days 00:00:01.817797,,,,,,,,,,,,,,,SVR,,,,,,10,,,,,,,,,,0.009357114023748538,,0.004306995268702559,auto,linear,True,,,,,,,,,0.0018300343639196292,0.008674750938989222,99.0,0.005252392651454426,0.0034223582875347967,0.017247903687137432,1.9842169515864174,2.811072025796684,2.860285245817132,99.0,2.835678635806908,0.024606610010223913,0.12401169131505747,1.9842169515864174,897958393036024.0,1081153386835536.0,99.0,989555889935780.0,91597496899756.03,461630452388395.1,1.9842169515864174,8.278941070320503,8.669752552425592,99.0,8.474346811373048,0.1954057410525455,0.9848002805152685,1.9842169515864174,2.53171742996636,2.635763434356825,99.0,2.5837404321615924,0.05202300219523266,0.2621840426957311,1.9842169515864174,100.0,0.58,-0.013570709003181466,-0.0002227757814374197,99.0,-0.006896742392309443,0.006673966610872023,0.033635266574736526,1.9842169515864174,SVR,"{'mode': 'original', 'type': 'SVR'}",10.0,"['nodes_T2W10', 're_T2W10', 'pe_T2W10', 'l1_T2W10', 'l2_T2W10', 'lsc_T2W10', 'atd_T2W10', 'density_T2W10', 'diameter_T2W10', 'asp_T2W10']",0.06409183246954306,0.11974999574794726,99.0,0.09192091410874516,0.027829081639202103,0.1402522119214446,1.9842169515864174,3.4639696676931258,3.5334671897196483,99.0,3.498718428706387,0.034748761013261346,0.17512581467202504,1.9842169515864174,completed,True,COMPLETE
53,2.832295122359125,2026-06-09 18:52:27.679726,2026-06-09 18:52:29.427808,0 days 00:00:01.748082,,,,,,,,,,,,,,,SVR,,,,,,10,,,,,,,,,,0.01189502171406951,,0.004751393457755104,auto,linear,True,,,,,,,,,0.002578739979160116,0.010293697043169233,99.0,0.0064362185111646745,0.0038574785320045586,0.0194408102849864,1.9842169515864174,2.8072407657053344,2.8573494790129152,99.0,2.832295122359125,0.02505435665379026,0.1262682320789511,1.9842169515864174,897822997322944.8,1081625412156280.2,99.0,989724204739612.5,91901207416667.77,463161083989284.0,1.9842169515864174,8.25713624972977,8.651896403774133,99.0,8.454516326751952,0.19738007702218185,0.9947504826242559,1.9842169515864174,2.521926925842908,2.620591460249468,99.0,2.571259193046188,0.04933226720327996,0.24862335322676243,1.9842169515864174,100.0,0.55,-0.011529574065248266,0.003054847009653556,99.0,-0.0042373635277973545,0.0072922105374509105,0.036751074682738985,1.9842169515864174,SVR,"{'mode': 'original', 'type': 'SVR'}",10.0,"['nodes_T2W10', 're_T2W10', 'pe_T2W10', 'l1_T2W10', 'l2_T2W10', 'lcc_T2W10', 'lsc_T2W10', 'atd_T2W10', 'density_T2W10', 'diameter_T2W10']",0.06297366759263548,0.11942127354670418,99.0,0.09119747056966983,0.02822380297703434,0.14224151726185436,1.9842169515864174,3.4590421974667676,3.528886084920736,99.0,3.493964141193752,0.03492194372698454,0.17599861597323727,1.9842169515864174,completed,True,COMPLETE
