number,value,datetime_start,datetime_complete,duration,params_dt_max_depth,params_dt_min_samples_leaf,params_dt_min_samples_split,params_elastic_alpha,params_elastic_l1_ratio,params_et_max_depth,params_et_max_features,params_et_min_samples_leaf,params_et_min_samples_split,params_et_n_estimators,params_knn_metric,params_knn_n_neighbors,params_knn_weights,params_quantile_alpha,params_regressor,params_rf_max_depth,params_rf_max_features,params_rf_min_samples_leaf,params_rf_min_samples_split,params_rf_n_estimators,params_rfe_n_features,params_rfe_proxy_et_max_depth,params_rfe_proxy_et_min_samples_leaf,params_rfe_proxy_et_min_samples_split,params_rfe_proxy_et_n_estimators,params_rfe_proxy_lsvr_C,params_rfe_proxy_lsvr_epsilon,params_rfe_proxy_type,params_use_scaler,params_xgb_booster,params_xgb_colsample_bytree,params_xgb_learning_rate,params_xgb_max_depth,params_xgb_n_estimators,params_xgb_reg_alpha,params_xgb_reg_lambda,params_xgb_subsample,user_attrs_d2mae_ci_lower_val,user_attrs_d2mae_ci_upper_val,user_attrs_d2mae_df_val,user_attrs_d2mae_mean_val,user_attrs_d2mae_samperror_val,user_attrs_d2mae_std_val,user_attrs_d2mae_t_critical_val,user_attrs_mae_ci_lower_val,user_attrs_mae_ci_upper_val,user_attrs_mae_df_val,user_attrs_mae_mean_val,user_attrs_mae_samperror_val,user_attrs_mae_std_val,user_attrs_mae_t_critical_val,user_attrs_mape_ci_lower_val,user_attrs_mape_ci_upper_val,user_attrs_mape_df_val,user_attrs_mape_mean_val,user_attrs_mape_samperror_val,user_attrs_mape_std_val,user_attrs_mape_t_critical_val,user_attrs_max_error_ci_lower_val,user_attrs_max_error_ci_upper_val,user_attrs_max_error_df_val,user_attrs_max_error_mean_val,user_attrs_max_error_samperror_val,user_attrs_max_error_std_val,user_attrs_max_error_t_critical_val,user_attrs_median_ae_ci_lower_val,user_attrs_median_ae_ci_upper_val,user_attrs_median_ae_df_val,user_attrs_median_ae_mean_val,user_attrs_median_ae_samperror_val,user_attrs_median_ae_std_val,user_attrs_median_ae_t_critical_val,user_attrs_n_splits_val,user_attrs_r2_below_zero_val,user_attrs_r2_ci_lower_val,user_attrs_r2_ci_upper_val,user_attrs_r2_df_val,user_attrs_r2_mean_val,user_attrs_r2_samperror_val,user_attrs_r2_std_val,user_attrs_r2_t_critical_val,user_attrs_regressor_final,user_attrs_rfe_estimator,user_attrs_rfe_n_features,user_attrs_rfe_selected_features,user_attrs_rho_ci_lower_val,user_attrs_rho_ci_upper_val,user_attrs_rho_df_val,user_attrs_rho_mean_val,user_attrs_rho_samperror_val,user_attrs_rho_std_val,user_attrs_rho_t_critical_val,user_attrs_rmse_ci_lower_val,user_attrs_rmse_ci_upper_val,user_attrs_rmse_df_val,user_attrs_rmse_mean_val,user_attrs_rmse_samperror_val,user_attrs_rmse_std_val,user_attrs_rmse_t_critical_val,user_attrs_termination_reason,user_attrs_use_scaler_final,state
213,6.3866150851888275,2026-06-12 15:41:14.834333,2026-06-12 15:41:16.528888,0 days 00:00:01.694555,,,,,,,,,,,,,,,LinearRegression,,,,,,6,,,,,,,,False,,,,,,,,,-0.00346481010529852,0.010283457083393613,98.0,0.0034093234890475465,0.0068741335943460664,0.03446605562529107,1.9844674545084815,6.331294561882795,6.44193560849486,98.0,6.3866150851888275,0.05532052330603236,0.2773702616216472,1.9844674545084815,148307446392880.3,326725982710119.5,98.0,237516714551499.9,89209268158619.6,447284236834647.2,1.9844674545084815,16.578584154386768,17.036849175966026,98.0,16.807716665176397,0.22913251078962818,1.148842069193041,1.9844674545084815,5.9411515318794255,6.153889262910681,98.0,6.047520397395053,0.1063688655156276,0.5333203356239808,1.9844674545084815,99.0,0.5353535353535354,-0.02926675231132072,-0.002470136099082053,98.0,-0.015868444205201386,0.013398308106119333,0.06717745969471907,1.9844674545084815,LinearRegression,"{'mode': 'original', 'type': 'LinearRegression'}",6,"['z_re_T6W50', 'z_l1_T6W50', 'z_l2_T6W50', 'z_lsc_T6W50', 'z_diameter_T6W50', 'z_asp_T6W50']",0.07722652983774482,0.12552505391433066,98.0,0.10137579187603775,0.024149262038292926,0.12108141299524935,1.9844674545084815,7.550763111582505,7.686967119596087,98.0,7.618865115589296,0.06810200400679096,0.3414550249972472,1.9844674545084815,completed,False,COMPLETE
214,6.3866150851888275,2026-06-12 15:41:16.541820,2026-06-12 15:41:18.402615,0 days 00:00:01.860795,,,,,,,,,,,,,,,LinearRegression,,,,,,6,,,,,,,,False,,,,,,,,,-0.00346481010529852,0.010283457083393613,98.0,0.0034093234890475465,0.0068741335943460664,0.03446605562529107,1.9844674545084815,6.331294561882795,6.44193560849486,98.0,6.3866150851888275,0.05532052330603236,0.2773702616216472,1.9844674545084815,148307446392880.3,326725982710119.5,98.0,237516714551499.9,89209268158619.6,447284236834647.2,1.9844674545084815,16.578584154386768,17.036849175966026,98.0,16.807716665176397,0.22913251078962818,1.148842069193041,1.9844674545084815,5.9411515318794255,6.153889262910681,98.0,6.047520397395053,0.1063688655156276,0.5333203356239808,1.9844674545084815,99.0,0.5353535353535354,-0.02926675231132072,-0.002470136099082053,98.0,-0.015868444205201386,0.013398308106119333,0.06717745969471907,1.9844674545084815,LinearRegression,"{'mode': 'original', 'type': 'LinearRegression'}",6,"['z_re_T6W50', 'z_l1_T6W50', 'z_l2_T6W50', 'z_lsc_T6W50', 'z_diameter_T6W50', 'z_asp_T6W50']",0.07722652983774482,0.12552505391433066,98.0,0.10137579187603775,0.024149262038292926,0.12108141299524935,1.9844674545084815,7.550763111582505,7.686967119596087,98.0,7.618865115589296,0.06810200400679096,0.3414550249972472,1.9844674545084815,completed,False,COMPLETE
215,6.3866150851888275,2026-06-12 15:41:18.415497,2026-06-12 15:41:20.761105,0 days 00:00:02.345608,,,,,,,,,,,,,,,LinearRegression,,,,,,6,,,,,,,,False,,,,,,,,,-0.00346481010529852,0.010283457083393613,98.0,0.0034093234890475465,0.0068741335943460664,0.03446605562529107,1.9844674545084815,6.331294561882795,6.44193560849486,98.0,6.3866150851888275,0.05532052330603236,0.2773702616216472,1.9844674545084815,148307446392880.3,326725982710119.5,98.0,237516714551499.9,89209268158619.6,447284236834647.2,1.9844674545084815,16.578584154386768,17.036849175966026,98.0,16.807716665176397,0.22913251078962818,1.148842069193041,1.9844674545084815,5.9411515318794255,6.153889262910681,98.0,6.047520397395053,0.1063688655156276,0.5333203356239808,1.9844674545084815,99.0,0.5353535353535354,-0.02926675231132072,-0.002470136099082053,98.0,-0.015868444205201386,0.013398308106119333,0.06717745969471907,1.9844674545084815,LinearRegression,"{'mode': 'original', 'type': 'LinearRegression'}",6,"['z_re_T6W50', 'z_l1_T6W50', 'z_l2_T6W50', 'z_lsc_T6W50', 'z_diameter_T6W50', 'z_asp_T6W50']",0.07722652983774482,0.12552505391433066,98.0,0.10137579187603775,0.024149262038292926,0.12108141299524935,1.9844674545084815,7.550763111582505,7.686967119596087,98.0,7.618865115589296,0.06810200400679096,0.3414550249972472,1.9844674545084815,completed,False,COMPLETE
216,6.3866150851888275,2026-06-12 15:41:20.796874,2026-06-12 15:41:23.409155,0 days 00:00:02.612281,,,,,,,,,,,,,,,LinearRegression,,,,,,6,,,,,,,,False,,,,,,,,,-0.00346481010529852,0.010283457083393613,98.0,0.0034093234890475465,0.0068741335943460664,0.03446605562529107,1.9844674545084815,6.331294561882795,6.44193560849486,98.0,6.3866150851888275,0.05532052330603236,0.2773702616216472,1.9844674545084815,148307446392880.3,326725982710119.5,98.0,237516714551499.9,89209268158619.6,447284236834647.2,1.9844674545084815,16.578584154386768,17.036849175966026,98.0,16.807716665176397,0.22913251078962818,1.148842069193041,1.9844674545084815,5.9411515318794255,6.153889262910681,98.0,6.047520397395053,0.1063688655156276,0.5333203356239808,1.9844674545084815,99.0,0.5353535353535354,-0.02926675231132072,-0.002470136099082053,98.0,-0.015868444205201386,0.013398308106119333,0.06717745969471907,1.9844674545084815,LinearRegression,"{'mode': 'original', 'type': 'LinearRegression'}",6,"['z_re_T6W50', 'z_l1_T6W50', 'z_l2_T6W50', 'z_lsc_T6W50', 'z_diameter_T6W50', 'z_asp_T6W50']",0.07722652983774482,0.12552505391433066,98.0,0.10137579187603775,0.024149262038292926,0.12108141299524935,1.9844674545084815,7.550763111582505,7.686967119596087,98.0,7.618865115589296,0.06810200400679096,0.3414550249972472,1.9844674545084815,completed,False,COMPLETE
217,6.415895286260866,2026-06-12 15:41:23.423158,2026-06-12 15:41:23.755867,0 days 00:00:00.332709,,,,,,,,,,,,,,,XGBRegressor,,,,,,6,,,,,,,,False,gblinear,0.8699310047362953,0.029447391665563878,4.0,185.0,0.1673123433856829,0.03096754892999828,0.8608695129304493,,,,,,,,,,,,,,,,,,,,,,,,,,,,,,,,,,,,,,,,,,,,,XGBRegressor,"{'mode': 'original', 'type': 'XGBRegressor'}",6,"['z_re_T6W50', 'z_pe_T6W50', 'z_l2_T6W50', 'z_density_T6W50', 'z_diameter_T6W50', 'z_asp_T6W50']",,,,,,,,,,,,,,,pruned,False,PRUNED
218,6.3866150851888275,2026-06-12 15:41:23.766772,2026-06-12 15:41:26.026196,0 days 00:00:02.259424,,,,,,,,,,,,,,,LinearRegression,,,,,,6,,,,,,,,False,,,,,,,,,-0.00346481010529852,0.010283457083393613,98.0,0.0034093234890475465,0.0068741335943460664,0.03446605562529107,1.9844674545084815,6.331294561882795,6.44193560849486,98.0,6.3866150851888275,0.05532052330603236,0.2773702616216472,1.9844674545084815,148307446392880.3,326725982710119.5,98.0,237516714551499.9,89209268158619.6,447284236834647.2,1.9844674545084815,16.578584154386768,17.036849175966026,98.0,16.807716665176397,0.22913251078962818,1.148842069193041,1.9844674545084815,5.9411515318794255,6.153889262910681,98.0,6.047520397395053,0.1063688655156276,0.5333203356239808,1.9844674545084815,99.0,0.5353535353535354,-0.02926675231132072,-0.002470136099082053,98.0,-0.015868444205201386,0.013398308106119333,0.06717745969471907,1.9844674545084815,LinearRegression,"{'mode': 'original', 'type': 'LinearRegression'}",6,"['z_re_T6W50', 'z_l1_T6W50', 'z_l2_T6W50', 'z_lsc_T6W50', 'z_diameter_T6W50', 'z_asp_T6W50']",0.07722652983774482,0.12552505391433066,98.0,0.10137579187603775,0.024149262038292926,0.12108141299524935,1.9844674545084815,7.550763111582505,7.686967119596087,98.0,7.618865115589296,0.06810200400679096,0.3414550249972472,1.9844674545084815,completed,False,COMPLETE
219,6.35686274509804,2026-06-12 15:41:26.101292,2026-06-12 15:41:26.267186,0 days 00:00:00.165894,,,,,,,,,,,,,,0.03539839661321602,QuantileRegressor,,,,,,6,,,,,,,,False,,,,,,,,,,,,,,,,,,,,,,,,,,,,,,,,,,,,,,,,,,,,,,,,,,,,,QuantileRegressor,"{'mode': 'original', 'type': 'QuantileRegressor'}",6,"['z_l2_T6W50', 'z_l3_T6W50', 'z_lsc_T6W50', 'z_density_T6W50', 'z_diameter_T6W50', 'z_asp_T6W50']",,,,,,,,,,,,,,,pruned,False,PRUNED
220,6.3866150851888275,2026-06-12 15:41:26.277748,2026-06-12 15:41:28.623458,0 days 00:00:02.345710,,,,,,,,,,,,,,,LinearRegression,,,,,,6,,,,,,,,False,,,,,,,,,-0.00346481010529852,0.010283457083393613,98.0,0.0034093234890475465,0.0068741335943460664,0.03446605562529107,1.9844674545084815,6.331294561882795,6.44193560849486,98.0,6.3866150851888275,0.05532052330603236,0.2773702616216472,1.9844674545084815,148307446392880.3,326725982710119.5,98.0,237516714551499.9,89209268158619.6,447284236834647.2,1.9844674545084815,16.578584154386768,17.036849175966026,98.0,16.807716665176397,0.22913251078962818,1.148842069193041,1.9844674545084815,5.9411515318794255,6.153889262910681,98.0,6.047520397395053,0.1063688655156276,0.5333203356239808,1.9844674545084815,99.0,0.5353535353535354,-0.02926675231132072,-0.002470136099082053,98.0,-0.015868444205201386,0.013398308106119333,0.06717745969471907,1.9844674545084815,LinearRegression,"{'mode': 'original', 'type': 'LinearRegression'}",6,"['z_re_T6W50', 'z_l1_T6W50', 'z_l2_T6W50', 'z_lsc_T6W50', 'z_diameter_T6W50', 'z_asp_T6W50']",0.07722652983774482,0.12552505391433066,98.0,0.10137579187603775,0.024149262038292926,0.12108141299524935,1.9844674545084815,7.550763111582505,7.686967119596087,98.0,7.618865115589296,0.06810200400679096,0.3414550249972472,1.9844674545084815,completed,False,COMPLETE
221,6.3866150851888275,2026-06-12 15:41:28.636014,2026-06-12 15:41:30.939233,0 days 00:00:02.303219,,,,,,,,,,,,,,,LinearRegression,,,,,,6,,,,,,,,False,,,,,,,,,-0.00346481010529852,0.010283457083393613,98.0,0.0034093234890475465,0.0068741335943460664,0.03446605562529107,1.9844674545084815,6.331294561882795,6.44193560849486,98.0,6.3866150851888275,0.05532052330603236,0.2773702616216472,1.9844674545084815,148307446392880.3,326725982710119.5,98.0,237516714551499.9,89209268158619.6,447284236834647.2,1.9844674545084815,16.578584154386768,17.036849175966026,98.0,16.807716665176397,0.22913251078962818,1.148842069193041,1.9844674545084815,5.9411515318794255,6.153889262910681,98.0,6.047520397395053,0.1063688655156276,0.5333203356239808,1.9844674545084815,99.0,0.5353535353535354,-0.02926675231132072,-0.002470136099082053,98.0,-0.015868444205201386,0.013398308106119333,0.06717745969471907,1.9844674545084815,LinearRegression,"{'mode': 'original', 'type': 'LinearRegression'}",6,"['z_re_T6W50', 'z_l1_T6W50', 'z_l2_T6W50', 'z_lsc_T6W50', 'z_diameter_T6W50', 'z_asp_T6W50']",0.07722652983774482,0.12552505391433066,98.0,0.10137579187603775,0.024149262038292926,0.12108141299524935,1.9844674545084815,7.550763111582505,7.686967119596087,98.0,7.618865115589296,0.06810200400679096,0.3414550249972472,1.9844674545084815,completed,False,COMPLETE
222,6.3866150851888275,2026-06-12 15:41:30.955019,2026-06-12 15:41:34.483893,0 days 00:00:03.528874,,,,,,,,,,,,,,,LinearRegression,,,,,,6,,,,,,,,False,,,,,,,,,-0.00346481010529852,0.010283457083393613,98.0,0.0034093234890475465,0.0068741335943460664,0.03446605562529107,1.9844674545084815,6.331294561882795,6.44193560849486,98.0,6.3866150851888275,0.05532052330603236,0.2773702616216472,1.9844674545084815,148307446392880.3,326725982710119.5,98.0,237516714551499.9,89209268158619.6,447284236834647.2,1.9844674545084815,16.578584154386768,17.036849175966026,98.0,16.807716665176397,0.22913251078962818,1.148842069193041,1.9844674545084815,5.9411515318794255,6.153889262910681,98.0,6.047520397395053,0.1063688655156276,0.5333203356239808,1.9844674545084815,99.0,0.5353535353535354,-0.02926675231132072,-0.002470136099082053,98.0,-0.015868444205201386,0.013398308106119333,0.06717745969471907,1.9844674545084815,LinearRegression,"{'mode': 'original', 'type': 'LinearRegression'}",6,"['z_re_T6W50', 'z_l1_T6W50', 'z_l2_T6W50', 'z_lsc_T6W50', 'z_diameter_T6W50', 'z_asp_T6W50']",0.07722652983774482,0.12552505391433066,98.0,0.10137579187603775,0.024149262038292926,0.12108141299524935,1.9844674545084815,7.550763111582505,7.686967119596087,98.0,7.618865115589296,0.06810200400679096,0.3414550249972472,1.9844674545084815,completed,False,COMPLETE
223,6.3866150851888275,2026-06-12 15:41:34.498489,2026-06-12 15:41:36.473827,0 days 00:00:01.975338,,,,,,,,,,,,,,,LinearRegression,,,,,,6,,,,,,,,False,,,,,,,,,-0.00346481010529852,0.010283457083393613,98.0,0.0034093234890475465,0.0068741335943460664,0.03446605562529107,1.9844674545084815,6.331294561882795,6.44193560849486,98.0,6.3866150851888275,0.05532052330603236,0.2773702616216472,1.9844674545084815,148307446392880.3,326725982710119.5,98.0,237516714551499.9,89209268158619.6,447284236834647.2,1.9844674545084815,16.578584154386768,17.036849175966026,98.0,16.807716665176397,0.22913251078962818,1.148842069193041,1.9844674545084815,5.9411515318794255,6.153889262910681,98.0,6.047520397395053,0.1063688655156276,0.5333203356239808,1.9844674545084815,99.0,0.5353535353535354,-0.02926675231132072,-0.002470136099082053,98.0,-0.015868444205201386,0.013398308106119333,0.06717745969471907,1.9844674545084815,LinearRegression,"{'mode': 'original', 'type': 'LinearRegression'}",6,"['z_re_T6W50', 'z_l1_T6W50', 'z_l2_T6W50', 'z_lsc_T6W50', 'z_diameter_T6W50', 'z_asp_T6W50']",0.07722652983774482,0.12552505391433066,98.0,0.10137579187603775,0.024149262038292926,0.12108141299524935,1.9844674545084815,7.550763111582505,7.686967119596087,98.0,7.618865115589296,0.06810200400679096,0.3414550249972472,1.9844674545084815,completed,False,COMPLETE
224,6.3866150851888275,2026-06-12 15:41:36.487420,2026-06-12 15:41:38.397426,0 days 00:00:01.910006,,,,,,,,,,,,,,,LinearRegression,,,,,,6,,,,,,,,False,,,,,,,,,-0.00346481010529852,0.010283457083393613,98.0,0.0034093234890475465,0.0068741335943460664,0.03446605562529107,1.9844674545084815,6.331294561882795,6.44193560849486,98.0,6.3866150851888275,0.05532052330603236,0.2773702616216472,1.9844674545084815,148307446392880.3,326725982710119.5,98.0,237516714551499.9,89209268158619.6,447284236834647.2,1.9844674545084815,16.578584154386768,17.036849175966026,98.0,16.807716665176397,0.22913251078962818,1.148842069193041,1.9844674545084815,5.9411515318794255,6.153889262910681,98.0,6.047520397395053,0.1063688655156276,0.5333203356239808,1.9844674545084815,99.0,0.5353535353535354,-0.02926675231132072,-0.002470136099082053,98.0,-0.015868444205201386,0.013398308106119333,0.06717745969471907,1.9844674545084815,LinearRegression,"{'mode': 'original', 'type': 'LinearRegression'}",6,"['z_re_T6W50', 'z_l1_T6W50', 'z_l2_T6W50', 'z_lsc_T6W50', 'z_diameter_T6W50', 'z_asp_T6W50']",0.07722652983774482,0.12552505391433066,98.0,0.10137579187603775,0.024149262038292926,0.12108141299524935,1.9844674545084815,7.550763111582505,7.686967119596087,98.0,7.618865115589296,0.06810200400679096,0.3414550249972472,1.9844674545084815,completed,False,COMPLETE
225,6.3866150851888275,2026-06-12 15:41:38.409891,2026-06-12 15:41:40.587268,0 days 00:00:02.177377,,,,,,,,,,,,,,,LinearRegression,,,,,,6,,,,,,,,True,,,,,,,,,-0.0034648101052985373,0.010283457083393599,98.0,0.003409323489047531,0.006874133594346068,0.03446605562529108,1.9844674545084815,6.331294561882795,6.44193560849486,98.0,6.3866150851888275,0.05532052330603235,0.27737026162164713,1.9844674545084815,148307446392880.38,326725982710119.56,98.0,237516714551499.97,89209268158619.6,447284236834647.2,1.9844674545084815,16.578584154386764,17.036849175966022,98.0,16.807716665176393,0.22913251078962826,1.1488420691930414,1.9844674545084815,5.941151531879425,6.15388926291068,98.0,6.047520397395052,0.1063688655156275,0.5333203356239804,1.9844674545084815,99.0,0.5353535353535354,-0.029266752311320685,-0.0024701360990820095,98.0,-0.015868444205201348,0.013398308106119338,0.0671774596947191,1.9844674545084815,LinearRegression,"{'mode': 'original', 'type': 'LinearRegression'}",6,"['z_re_T6W50', 'z_l1_T6W50', 'z_l2_T6W50', 'z_lsc_T6W50', 'z_diameter_T6W50', 'z_asp_T6W50']",0.07722652983774482,0.12552505391433066,98.0,0.10137579187603775,0.024149262038292926,0.12108141299524935,1.9844674545084815,7.550763111582505,7.686967119596087,98.0,7.618865115589296,0.06810200400679091,0.3414550249972469,1.9844674545084815,completed,True,COMPLETE
226,6.3866150851888275,2026-06-12 15:41:40.599895,2026-06-12 15:41:43.028284,0 days 00:00:02.428389,,,,,,,,,,,,,,,LinearRegression,,,,,,6,,,,,,,,False,,,,,,,,,-0.00346481010529852,0.010283457083393613,98.0,0.0034093234890475465,0.0068741335943460664,0.03446605562529107,1.9844674545084815,6.331294561882795,6.44193560849486,98.0,6.3866150851888275,0.05532052330603236,0.2773702616216472,1.9844674545084815,148307446392880.3,326725982710119.5,98.0,237516714551499.9,89209268158619.6,447284236834647.2,1.9844674545084815,16.578584154386768,17.036849175966026,98.0,16.807716665176397,0.22913251078962818,1.148842069193041,1.9844674545084815,5.9411515318794255,6.153889262910681,98.0,6.047520397395053,0.1063688655156276,0.5333203356239808,1.9844674545084815,99.0,0.5353535353535354,-0.02926675231132072,-0.002470136099082053,98.0,-0.015868444205201386,0.013398308106119333,0.06717745969471907,1.9844674545084815,LinearRegression,"{'mode': 'original', 'type': 'LinearRegression'}",6,"['z_re_T6W50', 'z_l1_T6W50', 'z_l2_T6W50', 'z_lsc_T6W50', 'z_diameter_T6W50', 'z_asp_T6W50']",0.07722652983774482,0.12552505391433066,98.0,0.10137579187603775,0.024149262038292926,0.12108141299524935,1.9844674545084815,7.550763111582505,7.686967119596087,98.0,7.618865115589296,0.06810200400679096,0.3414550249972472,1.9844674545084815,completed,False,COMPLETE
227,6.753060011883541,2026-06-12 15:41:43.041182,2026-06-12 15:41:45.646206,0 days 00:00:02.605024,,,,,,,,,,,minkowski,5.0,uniform,,KNeighborsRegressor,,,,,,6,,,,,0.06893971527876895,0.00010679652755700584,LinearSVR,,,,,,,,,,-0.06656970717247637,-0.04112555557581615,98.0,-0.05384763137414626,0.012722075798330108,0.06378691454222854,1.9844674545084815,6.665775633071577,6.840344390695504,98.0,6.753060011883541,0.0872843788119634,0.4376330797275247,1.9844674545084815,144651732163157.7,319533897879150.5,98.0,232092815021154.1,87441082857996.42,438418774432632.6,1.9844674545084815,18.502343103512903,19.396646795477,98.0,18.94949494949495,0.4471518459820504,2.241964050457915,1.9844674545084815,6.00597517778303,6.288974317166465,98.0,6.147474747474748,0.14149956969171731,0.709461341275172,1.9844674545084815,99.0,0.9393939393939394,-0.1817752261573933,-0.1353470833306694,98.0,-0.15856115474403135,0.023214071413361948,0.11639248286947573,1.9844674545084815,KNeighborsRegressor,"{'mode': 'proxy', 'type': 'LinearSVR'}",6,"['z_l1_T6W50', 'z_l2_T6W50', 'z_l3_T6W50', 'z_lsc_T6W50', 'z_density_T6W50', 'z_asp_T6W50']",0.017577417388866777,0.0662791577195376,98.0,0.041928287554202186,0.02435087016533541,0.12209225120864575,1.9844674545084815,8.034105025201079,8.227304459728678,98.0,8.130704742464879,0.09659971726379976,0.48433903457156163,1.9844674545084815,completed,True,COMPLETE
