number,value,datetime_start,datetime_complete,duration,params_dt_max_depth,params_dt_min_samples_leaf,params_dt_min_samples_split,params_elastic_alpha,params_elastic_l1_ratio,params_et_max_depth,params_et_max_features,params_et_min_samples_leaf,params_et_min_samples_split,params_et_n_estimators,params_knn_metric,params_knn_n_neighbors,params_knn_weights,params_quantile_alpha,params_regressor,params_rf_max_depth,params_rf_max_features,params_rf_min_samples_leaf,params_rf_min_samples_split,params_rf_n_estimators,params_rfe_n_features,params_rfe_proxy_et_max_depth,params_rfe_proxy_et_min_samples_leaf,params_rfe_proxy_et_min_samples_split,params_rfe_proxy_et_n_estimators,params_rfe_proxy_lsvr_C,params_rfe_proxy_lsvr_epsilon,params_rfe_proxy_type,params_use_scaler,params_xgb_booster,params_xgb_colsample_bytree,params_xgb_learning_rate,params_xgb_max_depth,params_xgb_n_estimators,params_xgb_reg_alpha,params_xgb_reg_lambda,params_xgb_subsample,user_attrs_d2mae_ci_lower_val,user_attrs_d2mae_ci_upper_val,user_attrs_d2mae_df_val,user_attrs_d2mae_mean_val,user_attrs_d2mae_samperror_val,user_attrs_d2mae_std_val,user_attrs_d2mae_t_critical_val,user_attrs_mae_ci_lower_val,user_attrs_mae_ci_upper_val,user_attrs_mae_df_val,user_attrs_mae_mean_val,user_attrs_mae_samperror_val,user_attrs_mae_std_val,user_attrs_mae_t_critical_val,user_attrs_mape_ci_lower_val,user_attrs_mape_ci_upper_val,user_attrs_mape_df_val,user_attrs_mape_mean_val,user_attrs_mape_samperror_val,user_attrs_mape_std_val,user_attrs_mape_t_critical_val,user_attrs_max_error_ci_lower_val,user_attrs_max_error_ci_upper_val,user_attrs_max_error_df_val,user_attrs_max_error_mean_val,user_attrs_max_error_samperror_val,user_attrs_max_error_std_val,user_attrs_max_error_t_critical_val,user_attrs_median_ae_ci_lower_val,user_attrs_median_ae_ci_upper_val,user_attrs_median_ae_df_val,user_attrs_median_ae_mean_val,user_attrs_median_ae_samperror_val,user_attrs_median_ae_std_val,user_attrs_median_ae_t_critical_val,user_attrs_n_splits_val,user_attrs_r2_below_zero_val,user_attrs_r2_ci_lower_val,user_attrs_r2_ci_upper_val,user_attrs_r2_df_val,user_attrs_r2_mean_val,user_attrs_r2_samperror_val,user_attrs_r2_std_val,user_attrs_r2_t_critical_val,user_attrs_regressor_final,user_attrs_rfe_estimator,user_attrs_rfe_n_features,user_attrs_rfe_selected_features,user_attrs_rho_ci_lower_val,user_attrs_rho_ci_upper_val,user_attrs_rho_df_val,user_attrs_rho_mean_val,user_attrs_rho_samperror_val,user_attrs_rho_std_val,user_attrs_rho_t_critical_val,user_attrs_rmse_ci_lower_val,user_attrs_rmse_ci_upper_val,user_attrs_rmse_df_val,user_attrs_rmse_mean_val,user_attrs_rmse_samperror_val,user_attrs_rmse_std_val,user_attrs_rmse_t_critical_val,user_attrs_termination_reason,user_attrs_use_scaler_final,state
26,6.417937940127983,2026-06-12 15:31:22.530955,2026-06-12 15:31:24.399850,0 days 00:00:01.868895,,,,,,,,,,,,,,,LinearRegression,,,,,,5,,,,,,,,True,,,,,,,,,-0.007824860907981018,0.004936901544511229,98.0,-0.0014439796817348946,0.006380881226246124,0.03199294925880702,1.9844674545084815,6.363748145343385,6.472127734912581,98.0,6.417937940127983,0.05418979478459819,0.271700928667614,1.9844674545084815,154958451364495.38,341191626496323.2,98.0,248075038930409.28,93116587565913.89,466875053071961.75,1.9844674545084815,16.29119066727145,16.829959792130772,98.0,16.56057522970111,0.2693845624296622,1.3506608776023759,1.9844674545084815,6.087915751312268,6.283473177884613,98.0,6.18569446459844,0.09777871328617205,0.4902503748054061,1.9844674545084815,99.0,0.5252525252525253,-0.024336751165954414,-0.002133582519742475,98.0,-0.013235166842848443,0.011101584323105968,0.05566197071347853,1.9844674545084815,LinearRegression,"{'mode': 'original', 'type': 'LinearRegression'}",5,"['z_re_T6W50', 'z_l1_T6W50', 'z_l2_T6W50', 'z_diameter_T6W50', 'z_asp_T6W50']",0.07200557736251795,0.12239276219177952,98.0,0.09719916977714874,0.02519359241463079,0.12631755633579292,1.9844674545084815,7.547005364885999,7.673388546617591,98.0,7.610196955751795,0.0631915908657962,0.3168348208452816,1.9844674545084815,completed,True,COMPLETE
27,6.3866150851888275,2026-06-12 15:31:24.412033,2026-06-12 15:31:26.086418,0 days 00:00:01.674385,,,,,,,,,,,,,,,LinearRegression,,,,,,6,,,,,,,,False,,,,,,,,,-0.00346481010529852,0.010283457083393613,98.0,0.0034093234890475465,0.0068741335943460664,0.03446605562529107,1.9844674545084815,6.331294561882795,6.44193560849486,98.0,6.3866150851888275,0.05532052330603236,0.2773702616216472,1.9844674545084815,148307446392880.3,326725982710119.5,98.0,237516714551499.9,89209268158619.6,447284236834647.2,1.9844674545084815,16.578584154386768,17.036849175966026,98.0,16.807716665176397,0.22913251078962818,1.148842069193041,1.9844674545084815,5.9411515318794255,6.153889262910681,98.0,6.047520397395053,0.1063688655156276,0.5333203356239808,1.9844674545084815,99.0,0.5353535353535354,-0.02926675231132072,-0.002470136099082053,98.0,-0.015868444205201386,0.013398308106119333,0.06717745969471907,1.9844674545084815,LinearRegression,"{'mode': 'original', 'type': 'LinearRegression'}",6,"['z_re_T6W50', 'z_l1_T6W50', 'z_l2_T6W50', 'z_lsc_T6W50', 'z_diameter_T6W50', 'z_asp_T6W50']",0.07722652983774482,0.12552505391433066,98.0,0.10137579187603775,0.024149262038292926,0.12108141299524935,1.9844674545084815,7.550763111582505,7.686967119596087,98.0,7.618865115589296,0.06810200400679096,0.3414550249972472,1.9844674545084815,completed,False,COMPLETE
28,6.453484832191148,2026-06-12 15:31:26.098474,2026-06-12 15:31:51.767981,0 days 00:00:25.669507,,,,,,20.0,log2,5.0,12.0,485.0,,,,,ExtraTreesRegressor,,,,,,5,,,,,,,,False,,,,,,,,,-0.009818929408546445,-0.0038424707674342188,98.0,-0.006830700087990332,0.0029882293205561136,0.014982612218669046,1.9844674545084815,6.406904736183389,6.500064928198908,98.0,6.453484832191148,0.04658009600775966,0.23354684019456667,1.9844674545084815,169029889241819.7,372089731583303.4,98.0,270559810412561.53,101529921170741.83,509058467176196.3,1.9844674545084815,16.4543610132108,16.93980575469883,98.0,16.697083383954816,0.24272237074401648,1.2169799461631816,1.9844674545084815,6.173116940248515,6.299365320147918,98.0,6.236241130198216,0.0631241899497016,0.316496880988363,1.9844674545084815,99.0,0.6262626262626263,-0.016373445594297684,-0.006288247497943086,98.0,-0.011330846546120385,0.005042599048177299,0.025282967941365996,1.9844674545084815,ExtraTreesRegressor,"{'mode': 'original', 'type': 'ExtraTreesRegressor'}",5,"['z_re_T6W50', 'z_l2_T6W50', 'z_l3_T6W50', 'z_lsc_T6W50', 'z_asp_T6W50']",-0.013184383655545888,0.034009906067323015,98.0,0.010412761205888564,0.023597144861434452,0.11831316575825439,1.9844674545084815,7.546635464940755,7.667183409211501,98.0,7.606909437076128,0.06027397213537282,0.3022062413921745,1.9844674545084815,completed,False,COMPLETE
29,6.437371292931247,2026-06-12 15:31:51.782314,2026-06-12 15:32:33.942323,0 days 00:00:42.160009,,,,,,,,,,,,,,,RandomForestRegressor,2.0,sqrt,5.0,11.0,496.0,3,,,,,,,,True,,,,,,,,,-0.008124796328022528,-0.0003770140215634435,98.0,-0.004250905174792986,0.0038738911532295423,0.019423211105956673,1.9844674545084815,6.385941567884516,6.488801017977978,98.0,6.437371292931247,0.05142972504673112,0.2578622803769767,1.9844674545084815,165442679185642.75,364328617242131.8,98.0,264885648213887.28,99442969028244.52,498594747255216.9,1.9844674545084815,16.421793416536506,16.847551942527527,98.0,16.634672679532017,0.21287926299550952,1.0673502950115672,1.9844674545084815,6.03139697227363,6.190759199594927,98.0,6.111078085934278,0.07968111366064909,0.3995112486571226,1.9844674545084815,99.0,0.5757575757575758,-0.017524711762886048,-0.004120453218519352,98.0,-0.0108225824907027,0.006702129272183347,0.03360364722806022,1.9844674545084815,RandomForestRegressor,"{'mode': 'original', 'type': 'RandomForestRegressor'}",3,"['z_l2_T6W50', 'z_l3_T6W50', 'z_lsc_T6W50']",0.009048672399481102,0.05834688543475595,98.0,0.033697778917118525,0.024649106517637423,0.12358757139217835,1.9844674545084815,7.54201654556344,7.667086379670975,98.0,7.6045514626172075,0.06253491705376774,0.3135423395714726,1.9844674545084815,completed,True,COMPLETE
30,7.921799853499199,2026-06-12 15:32:33.962194,2026-06-12 15:32:36.058819,0 days 00:00:02.096625,20.0,5.0,3.0,,,,,,,,,,,,DecisionTreeRegressor,,,,,,7,,,,,,,,False,,,,,,,,,-0.25974673442281626,-0.21333514760070196,98.0,-0.2365409410117591,0.023205793411057146,0.11635097798977159,1.9844674545084815,7.774412056416445,8.069187650581954,98.0,7.921799853499199,0.14738779708275462,0.7389841851373824,1.9844674545084815,165618740604923.56,393653217195066.1,98.0,279635978899994.84,114017238295071.3,571668330762755.2,1.9844674545084815,21.56044153112769,22.502938298918803,98.0,22.031689915023247,0.4712483838955549,2.3627811112125787,1.9844674545084815,6.589732899031866,7.018243692278058,98.0,6.803988295654962,0.21425539662309542,1.0742500588152877,1.9844674545084815,99.0,1.0,-0.7327385013673932,-0.6212001675834881,98.0,-0.6769693344754406,0.05576916689195251,0.2796197050716511,1.9844674545084815,DecisionTreeRegressor,"{'mode': 'original', 'type': 'DecisionTreeRegressor'}",7,"['z_re_T6W50', 'z_pe_T6W50', 'z_l1_T6W50', 'z_l2_T6W50', 'z_l3_T6W50', 'z_lsc_T6W50', 'z_asp_T6W50']",-0.0744094188772038,-0.017016275449005417,98.0,-0.04571284716310461,0.02869657171409919,0.14388106128265982,1.9844674545084815,9.598727827488224,9.915057481404753,98.0,9.756892654446489,0.15816482695826417,0.7930188799926359,1.9844674545084815,completed,False,COMPLETE
31,6.3866150851888275,2026-06-12 15:32:36.071197,2026-06-12 15:32:37.962652,0 days 00:00:01.891455,,,,,,,,,,,,,,,LinearRegression,,,,,,6,,,,,,,,False,,,,,,,,,-0.00346481010529852,0.010283457083393613,98.0,0.0034093234890475465,0.0068741335943460664,0.03446605562529107,1.9844674545084815,6.331294561882795,6.44193560849486,98.0,6.3866150851888275,0.05532052330603236,0.2773702616216472,1.9844674545084815,148307446392880.3,326725982710119.5,98.0,237516714551499.9,89209268158619.6,447284236834647.2,1.9844674545084815,16.578584154386768,17.036849175966026,98.0,16.807716665176397,0.22913251078962818,1.148842069193041,1.9844674545084815,5.9411515318794255,6.153889262910681,98.0,6.047520397395053,0.1063688655156276,0.5333203356239808,1.9844674545084815,99.0,0.5353535353535354,-0.02926675231132072,-0.002470136099082053,98.0,-0.015868444205201386,0.013398308106119333,0.06717745969471907,1.9844674545084815,LinearRegression,"{'mode': 'original', 'type': 'LinearRegression'}",6,"['z_re_T6W50', 'z_l1_T6W50', 'z_l2_T6W50', 'z_lsc_T6W50', 'z_diameter_T6W50', 'z_asp_T6W50']",0.07722652983774482,0.12552505391433066,98.0,0.10137579187603775,0.024149262038292926,0.12108141299524935,1.9844674545084815,7.550763111582505,7.686967119596087,98.0,7.618865115589296,0.06810200400679096,0.3414550249972472,1.9844674545084815,completed,False,COMPLETE
32,6.3866150851888275,2026-06-12 15:32:37.985312,2026-06-12 15:32:39.923127,0 days 00:00:01.937815,,,,,,,,,,,,,,,LinearRegression,,,,,,6,,,,,,,,False,,,,,,,,,-0.00346481010529852,0.010283457083393613,98.0,0.0034093234890475465,0.0068741335943460664,0.03446605562529107,1.9844674545084815,6.331294561882795,6.44193560849486,98.0,6.3866150851888275,0.05532052330603236,0.2773702616216472,1.9844674545084815,148307446392880.3,326725982710119.5,98.0,237516714551499.9,89209268158619.6,447284236834647.2,1.9844674545084815,16.578584154386768,17.036849175966026,98.0,16.807716665176397,0.22913251078962818,1.148842069193041,1.9844674545084815,5.9411515318794255,6.153889262910681,98.0,6.047520397395053,0.1063688655156276,0.5333203356239808,1.9844674545084815,99.0,0.5353535353535354,-0.02926675231132072,-0.002470136099082053,98.0,-0.015868444205201386,0.013398308106119333,0.06717745969471907,1.9844674545084815,LinearRegression,"{'mode': 'original', 'type': 'LinearRegression'}",6,"['z_re_T6W50', 'z_l1_T6W50', 'z_l2_T6W50', 'z_lsc_T6W50', 'z_diameter_T6W50', 'z_asp_T6W50']",0.07722652983774482,0.12552505391433066,98.0,0.10137579187603775,0.024149262038292926,0.12108141299524935,1.9844674545084815,7.550763111582505,7.686967119596087,98.0,7.618865115589296,0.06810200400679096,0.3414550249972472,1.9844674545084815,completed,False,COMPLETE
33,6.405454192703757,2026-06-12 15:32:39.936423,2026-06-12 15:32:42.074420,0 days 00:00:02.137997,,,,,,,,,,,,,,,LinearRegression,,,,,,7,,,,,,,,False,,,,,,,,,-0.006758289294055926,0.007728103531980779,98.0,0.0004849071189624265,0.0072431964130183525,0.03631649095114042,1.9844674545084815,6.3476721510499265,6.463236234357587,98.0,6.405454192703757,0.057782041653830114,0.2897120101683515,1.9844674545084815,149963075207890.8,330453893129617.7,98.0,240208484168754.25,90245408960863.42,452479318663598.25,1.9844674545084815,16.902393947793243,17.45857884626833,98.0,17.180486397030787,0.27809244923754567,1.3943211450353656,1.9844674545084815,5.929659494659768,6.135554229386592,98.0,6.03260686202318,0.10294736736341181,0.5161653670715668,1.9844674545084815,99.0,0.6161616161616161,-0.04412317093267554,-0.014645906333895894,98.0,-0.029384538633285717,0.014738632299389823,0.0738976794238177,1.9844674545084815,LinearRegression,"{'mode': 'original', 'type': 'LinearRegression'}",7,"['z_re_T6W50', 'z_l1_T6W50', 'z_l2_T6W50', 'z_l3_T6W50', 'z_lsc_T6W50', 'z_diameter_T6W50', 'z_asp_T6W50']",0.056535769037563334,0.10690543763307225,98.0,0.08172060333531779,0.025184834297754456,0.12627364422100937,1.9844674545084815,7.595270495315876,7.742896006136452,98.0,7.669083250726164,0.07381275541028799,0.37008802620877834,1.9844674545084815,completed,False,COMPLETE
34,6.3866150851888275,2026-06-12 15:32:42.091036,2026-06-12 15:32:44.021946,0 days 00:00:01.930910,,,,,,,,,,,,,,,LinearRegression,,,,,,6,,,,,,,,False,,,,,,,,,-0.00346481010529852,0.010283457083393613,98.0,0.0034093234890475465,0.0068741335943460664,0.03446605562529107,1.9844674545084815,6.331294561882795,6.44193560849486,98.0,6.3866150851888275,0.05532052330603236,0.2773702616216472,1.9844674545084815,148307446392880.3,326725982710119.5,98.0,237516714551499.9,89209268158619.6,447284236834647.2,1.9844674545084815,16.578584154386768,17.036849175966026,98.0,16.807716665176397,0.22913251078962818,1.148842069193041,1.9844674545084815,5.9411515318794255,6.153889262910681,98.0,6.047520397395053,0.1063688655156276,0.5333203356239808,1.9844674545084815,99.0,0.5353535353535354,-0.02926675231132072,-0.002470136099082053,98.0,-0.015868444205201386,0.013398308106119333,0.06717745969471907,1.9844674545084815,LinearRegression,"{'mode': 'original', 'type': 'LinearRegression'}",6,"['z_re_T6W50', 'z_l1_T6W50', 'z_l2_T6W50', 'z_lsc_T6W50', 'z_diameter_T6W50', 'z_asp_T6W50']",0.07722652983774482,0.12552505391433066,98.0,0.10137579187603775,0.024149262038292926,0.12108141299524935,1.9844674545084815,7.550763111582505,7.686967119596087,98.0,7.618865115589296,0.06810200400679096,0.3414550249972472,1.9844674545084815,completed,False,COMPLETE
35,6.468530688339661,2026-06-12 15:32:44.033982,2026-06-12 15:32:46.792063,0 days 00:00:02.758081,,,,,,,,,,,,,,,XGBRegressor,,,,,,5,,,,,,,,False,gblinear,0.9947306277660575,0.25224863038544315,10.0,60.0,5.701281087282288,0.00035578793174349317,0.5294710045907527,-0.01083838917895627,-0.007533869163218802,98.0,-0.009186129171087536,0.001652260007868734,0.008284227322187355,1.9844674545084815,6.425014541660535,6.512046835018787,98.0,6.468530688339661,0.04351614667912606,0.21818457722071116,1.9844674545084815,177419236407344.5,390358229631020.4,98.0,283888733019182.44,106469496611837.92,533824887493975.25,1.9844674545084815,16.301090080066658,16.755533224666465,98.0,16.52831165236656,0.22722157229990408,1.1392608599570855,1.9844674545084815,6.205775300071296,6.373387740706353,98.0,6.289581520388825,0.08380622031752875,0.42019402322717353,1.9844674545084815,99.0,1.0,-0.0020918309996722662,-0.0012107692168813861,98.0,-0.0016513001082768262,0.00044053089139544006,0.0022087674030633504,1.9844674545084815,XGBRegressor,"{'mode': 'original', 'type': 'XGBRegressor'}",5,"['z_l3_T6W50', 'z_lsc_T6W50', 'z_density_T6W50', 'z_diameter_T6W50', 'z_asp_T6W50']",,,,,,,,7.513725751673327,7.628433438661551,98.0,7.571079595167439,0.05735384349411229,0.2875650775565646,1.9844674545084815,completed,False,COMPLETE
36,6.475206952317544,2026-06-12 15:32:46.804660,2026-06-12 15:32:49.047879,0 days 00:00:02.243219,,,,0.0015982363229020825,0.041994011296772604,,,,,,,,,,ElasticNet,,,,,,4,,,,,,,,False,,,,,,,,,-0.015169810611310897,-0.005353276200211626,98.0,-0.010261543405761261,0.0049082672055496355,0.024609444697060567,1.9844674545084815,6.423588912572307,6.526824992062781,98.0,6.475206952317544,0.051618039745236925,0.2588064669838677,1.9844674545084815,166351081991149.25,366171805541163.4,98.0,266261443766156.3,99910361775007.06,500938196678723.2,1.9844674545084815,16.591065337131297,17.019208439811273,98.0,16.805136888471285,0.21407155133998804,1.0733282813044116,1.9844674545084815,6.079974167879563,6.216615559092466,98.0,6.148294863486014,0.06832069560645149,0.3425515176294071,1.9844674545084815,99.0,0.5858585858585859,-0.02519246735663505,-0.007658780379676258,98.0,-0.016425623868155655,0.008766843488479397,0.04395586893753058,1.9844674545084815,ElasticNet,"{'mode': 'original', 'type': 'ElasticNet'}",4,"['z_l2_T6W50', 'z_lsc_T6W50', 'z_diameter_T6W50', 'z_asp_T6W50']",0.018196281035251366,0.06918002535791945,98.0,0.04368815319658541,0.025491872161334042,0.12781309409348615,1.9844674545084815,7.561053336575826,7.687627098527159,98.0,7.6243402175514925,0.06328688097566625,0.3173125936703576,1.9844674545084815,completed,False,COMPLETE
37,6.405454192703757,2026-06-12 15:32:49.060426,2026-06-12 15:32:51.650718,0 days 00:00:02.590292,,,,,,,,,,,,,,,LinearRegression,,,,,,7,,,,,,,,False,,,,,,,,,-0.006758289294055926,0.007728103531980779,98.0,0.0004849071189624265,0.0072431964130183525,0.03631649095114042,1.9844674545084815,6.3476721510499265,6.463236234357587,98.0,6.405454192703757,0.057782041653830114,0.2897120101683515,1.9844674545084815,149963075207890.8,330453893129617.7,98.0,240208484168754.25,90245408960863.42,452479318663598.25,1.9844674545084815,16.902393947793243,17.45857884626833,98.0,17.180486397030787,0.27809244923754567,1.3943211450353656,1.9844674545084815,5.929659494659768,6.135554229386592,98.0,6.03260686202318,0.10294736736341181,0.5161653670715668,1.9844674545084815,99.0,0.6161616161616161,-0.04412317093267554,-0.014645906333895894,98.0,-0.029384538633285717,0.014738632299389823,0.0738976794238177,1.9844674545084815,LinearRegression,"{'mode': 'original', 'type': 'LinearRegression'}",7,"['z_re_T6W50', 'z_l1_T6W50', 'z_l2_T6W50', 'z_l3_T6W50', 'z_lsc_T6W50', 'z_diameter_T6W50', 'z_asp_T6W50']",0.056535769037563334,0.10690543763307225,98.0,0.08172060333531779,0.025184834297754456,0.12627364422100937,1.9844674545084815,7.595270495315876,7.742896006136452,98.0,7.669083250726164,0.07381275541028799,0.37008802620877834,1.9844674545084815,completed,False,COMPLETE
38,6.484242580124902,2026-06-12 15:32:51.673422,2026-06-12 15:32:56.156382,0 days 00:00:04.482960,,,,,,2.0,sqrt,1.0,7.0,60.0,,,,,ExtraTreesRegressor,,,,,,6,,,,,,,,False,,,,,,,,,-0.013828863368228982,-0.00943746199753066,98.0,-0.011633162682879821,0.0021957006853491603,0.011008971664440429,1.9844674545084815,6.439500393286664,6.52898476696314,98.0,6.484242580124902,0.044742186838237476,0.22433179093758315,1.9844674545084815,173970020488731.34,382811263739968.5,98.0,278390642114349.9,104420621625618.56,523552081725058.44,1.9844674545084815,16.38031023233419,16.84471738519897,98.0,16.61251380876658,0.2322035764323887,1.1642400124857584,1.9844674545084815,6.2370932141080315,6.386112613734563,98.0,6.3116029139212975,0.07450969981326575,0.37358241924480007,1.9844674545084815,99.0,0.7575757575757576,-0.011303213462016654,-0.006185197374915077,98.0,-0.008744205418465866,0.0025590080435507886,0.012830549823345277,1.9844674545084815,ExtraTreesRegressor,"{'mode': 'original', 'type': 'ExtraTreesRegressor'}",6,"['z_re_T6W50', 'z_pe_T6W50', 'z_l2_T6W50', 'z_l3_T6W50', 'z_lsc_T6W50', 'z_asp_T6W50']",-0.04913959996306639,0.0020909704360968784,98.0,-0.023524314763484756,0.025615285199581634,0.1284318718031056,1.9844674545084815,7.539483710722708,7.655826548710728,98.0,7.597655129716718,0.05817141899400952,0.2916642999924669,1.9844674545084815,completed,False,COMPLETE
39,6.748158006827394,2026-06-12 15:32:56.218485,2026-06-12 15:33:04.983863,0 days 00:00:08.765378,,,,,,,,,,,,,,,RandomForestRegressor,20.0,log2,1.0,2.0,69.0,8,,,,,,,,False,,,,,,,,,-0.06220668160794116,-0.04383035274737875,98.0,-0.05301851717765996,0.009188164430281203,0.046068320029284855,1.9844674545084815,6.679547304054505,6.816768709600283,98.0,6.748158006827394,0.06861070277288923,0.34400557769283063,1.9844674545084815,140406844134586.3,310499940226599.94,98.0,225453392180593.12,85046548046006.83,426412873049713.7,1.9844674545084815,17.507769665704096,18.259036886126616,98.0,17.883403275915356,0.3756336102112582,1.8833804619273964,1.9844674545084815,6.192867694438048,6.435796690023436,98.0,6.314332192230742,0.12146449779269387,0.6090079687808689,1.9844674545084815,99.0,0.9494949494949495,-0.16952886375256562,-0.13197653598323797,98.0,-0.1507526998679018,0.018776163884663834,0.09414136341642734,1.9844674545084815,RandomForestRegressor,"{'mode': 'original', 'type': 'RandomForestRegressor'}",8,"['z_pe_T6W50', 'z_l1_T6W50', 'z_l2_T6W50', 'z_l3_T6W50', 'z_lsc_T6W50', 'z_density_T6W50', 'z_diameter_T6W50', 'z_asp_T6W50']",-0.05601966627401192,-0.009056411286192098,98.0,-0.03253803878010201,0.02348162749390991,0.11773397596507626,1.9844674545084815,8.026403112515668,8.1843499469098,98.0,8.105376529712734,0.07897341719706526,0.3959629461190742,1.9844674545084815,completed,False,COMPLETE
