number,value,datetime_start,datetime_complete,duration,params_dt_max_depth,params_dt_min_samples_leaf,params_dt_min_samples_split,params_elastic_alpha,params_elastic_l1_ratio,params_et_max_depth,params_et_max_features,params_et_min_samples_leaf,params_et_min_samples_split,params_et_n_estimators,params_knn_metric,params_knn_n_neighbors,params_knn_weights,params_quantile_alpha,params_regressor,params_rf_max_depth,params_rf_max_features,params_rf_min_samples_leaf,params_rf_min_samples_split,params_rf_n_estimators,params_rfe_n_features,params_rfe_proxy_et_max_depth,params_rfe_proxy_et_min_samples_leaf,params_rfe_proxy_et_min_samples_split,params_rfe_proxy_et_n_estimators,params_rfe_proxy_lsvr_C,params_rfe_proxy_lsvr_epsilon,params_rfe_proxy_type,params_use_scaler,params_xgb_booster,params_xgb_colsample_bytree,params_xgb_learning_rate,params_xgb_max_depth,params_xgb_n_estimators,params_xgb_reg_alpha,params_xgb_reg_lambda,params_xgb_subsample,user_attrs_d2mae_ci_lower_val,user_attrs_d2mae_ci_upper_val,user_attrs_d2mae_df_val,user_attrs_d2mae_mean_val,user_attrs_d2mae_samperror_val,user_attrs_d2mae_std_val,user_attrs_d2mae_t_critical_val,user_attrs_mae_ci_lower_val,user_attrs_mae_ci_upper_val,user_attrs_mae_df_val,user_attrs_mae_mean_val,user_attrs_mae_samperror_val,user_attrs_mae_std_val,user_attrs_mae_t_critical_val,user_attrs_mape_ci_lower_val,user_attrs_mape_ci_upper_val,user_attrs_mape_df_val,user_attrs_mape_mean_val,user_attrs_mape_samperror_val,user_attrs_mape_std_val,user_attrs_mape_t_critical_val,user_attrs_max_error_ci_lower_val,user_attrs_max_error_ci_upper_val,user_attrs_max_error_df_val,user_attrs_max_error_mean_val,user_attrs_max_error_samperror_val,user_attrs_max_error_std_val,user_attrs_max_error_t_critical_val,user_attrs_median_ae_ci_lower_val,user_attrs_median_ae_ci_upper_val,user_attrs_median_ae_df_val,user_attrs_median_ae_mean_val,user_attrs_median_ae_samperror_val,user_attrs_median_ae_std_val,user_attrs_median_ae_t_critical_val,user_attrs_n_splits_val,user_attrs_r2_below_zero_val,user_attrs_r2_ci_lower_val,user_attrs_r2_ci_upper_val,user_attrs_r2_df_val,user_attrs_r2_mean_val,user_attrs_r2_samperror_val,user_attrs_r2_std_val,user_attrs_r2_t_critical_val,user_attrs_regressor_final,user_attrs_rfe_estimator,user_attrs_rfe_n_features,user_attrs_rfe_selected_features,user_attrs_rho_ci_lower_val,user_attrs_rho_ci_upper_val,user_attrs_rho_df_val,user_attrs_rho_mean_val,user_attrs_rho_samperror_val,user_attrs_rho_std_val,user_attrs_rho_t_critical_val,user_attrs_rmse_ci_lower_val,user_attrs_rmse_ci_upper_val,user_attrs_rmse_df_val,user_attrs_rmse_mean_val,user_attrs_rmse_samperror_val,user_attrs_rmse_std_val,user_attrs_rmse_t_critical_val,user_attrs_termination_reason,user_attrs_use_scaler_final,state
135,6.3866150851888275,2026-06-12 15:38:07.138867,2026-06-12 15:38:09.997758,0 days 00:00:02.858891,,,,,,,,,,,,,,,LinearRegression,,,,,,6,,,,,,,,False,,,,,,,,,-0.00346481010529852,0.010283457083393613,98.0,0.0034093234890475465,0.0068741335943460664,0.03446605562529107,1.9844674545084815,6.331294561882795,6.44193560849486,98.0,6.3866150851888275,0.05532052330603236,0.2773702616216472,1.9844674545084815,148307446392880.3,326725982710119.5,98.0,237516714551499.9,89209268158619.6,447284236834647.2,1.9844674545084815,16.578584154386768,17.036849175966026,98.0,16.807716665176397,0.22913251078962818,1.148842069193041,1.9844674545084815,5.9411515318794255,6.153889262910681,98.0,6.047520397395053,0.1063688655156276,0.5333203356239808,1.9844674545084815,99.0,0.5353535353535354,-0.02926675231132072,-0.002470136099082053,98.0,-0.015868444205201386,0.013398308106119333,0.06717745969471907,1.9844674545084815,LinearRegression,"{'mode': 'original', 'type': 'LinearRegression'}",6,"['z_re_T6W50', 'z_l1_T6W50', 'z_l2_T6W50', 'z_lsc_T6W50', 'z_diameter_T6W50', 'z_asp_T6W50']",0.07722652983774482,0.12552505391433066,98.0,0.10137579187603775,0.024149262038292926,0.12108141299524935,1.9844674545084815,7.550763111582505,7.686967119596087,98.0,7.618865115589296,0.06810200400679096,0.3414550249972472,1.9844674545084815,completed,False,COMPLETE
136,6.405454192703757,2026-06-12 15:38:10.037122,2026-06-12 15:38:12.570356,0 days 00:00:02.533234,,,,,,,,,,,,,,,LinearRegression,,,,,,7,,,,,,,,False,,,,,,,,,-0.006758289294055926,0.007728103531980779,98.0,0.0004849071189624265,0.0072431964130183525,0.03631649095114042,1.9844674545084815,6.3476721510499265,6.463236234357587,98.0,6.405454192703757,0.057782041653830114,0.2897120101683515,1.9844674545084815,149963075207890.8,330453893129617.7,98.0,240208484168754.25,90245408960863.42,452479318663598.25,1.9844674545084815,16.902393947793243,17.45857884626833,98.0,17.180486397030787,0.27809244923754567,1.3943211450353656,1.9844674545084815,5.929659494659768,6.135554229386592,98.0,6.03260686202318,0.10294736736341181,0.5161653670715668,1.9844674545084815,99.0,0.6161616161616161,-0.04412317093267554,-0.014645906333895894,98.0,-0.029384538633285717,0.014738632299389823,0.0738976794238177,1.9844674545084815,LinearRegression,"{'mode': 'original', 'type': 'LinearRegression'}",7,"['z_re_T6W50', 'z_l1_T6W50', 'z_l2_T6W50', 'z_l3_T6W50', 'z_lsc_T6W50', 'z_diameter_T6W50', 'z_asp_T6W50']",0.056535769037563334,0.10690543763307225,98.0,0.08172060333531779,0.025184834297754456,0.12627364422100937,1.9844674545084815,7.595270495315876,7.742896006136452,98.0,7.669083250726164,0.07381275541028799,0.37008802620877834,1.9844674545084815,completed,False,COMPLETE
137,7.58556333644569,2026-06-12 15:38:12.583676,2026-06-12 15:38:12.777944,0 days 00:00:00.194268,14.0,4.0,11.0,,,,,,,,,,,,DecisionTreeRegressor,,,,,,6,,,,,,,,False,,,,,,,,,,,,,,,,,,,,,,,,,,,,,,,,,,,,,,,,,,,,,,,,,,,,,DecisionTreeRegressor,"{'mode': 'original', 'type': 'DecisionTreeRegressor'}",6,"['z_re_T6W50', 'z_pe_T6W50', 'z_l2_T6W50', 'z_l3_T6W50', 'z_lsc_T6W50', 'z_asp_T6W50']",,,,,,,,,,,,,,,pruned,False,PRUNED
138,6.3866150851888275,2026-06-12 15:38:12.787683,2026-06-12 15:38:15.527403,0 days 00:00:02.739720,,,,,,,,,,,,,,,LinearRegression,,,,,,6,,,,,,,,True,,,,,,,,,-0.0034648101052985373,0.010283457083393599,98.0,0.003409323489047531,0.006874133594346068,0.03446605562529108,1.9844674545084815,6.331294561882795,6.44193560849486,98.0,6.3866150851888275,0.05532052330603235,0.27737026162164713,1.9844674545084815,148307446392880.38,326725982710119.56,98.0,237516714551499.97,89209268158619.6,447284236834647.2,1.9844674545084815,16.578584154386764,17.036849175966022,98.0,16.807716665176393,0.22913251078962826,1.1488420691930414,1.9844674545084815,5.941151531879425,6.15388926291068,98.0,6.047520397395052,0.1063688655156275,0.5333203356239804,1.9844674545084815,99.0,0.5353535353535354,-0.029266752311320685,-0.0024701360990820095,98.0,-0.015868444205201348,0.013398308106119338,0.0671774596947191,1.9844674545084815,LinearRegression,"{'mode': 'original', 'type': 'LinearRegression'}",6,"['z_re_T6W50', 'z_l1_T6W50', 'z_l2_T6W50', 'z_lsc_T6W50', 'z_diameter_T6W50', 'z_asp_T6W50']",0.07722652983774482,0.12552505391433066,98.0,0.10137579187603775,0.024149262038292926,0.12108141299524935,1.9844674545084815,7.550763111582505,7.686967119596087,98.0,7.618865115589296,0.06810200400679091,0.3414550249972469,1.9844674545084815,completed,True,COMPLETE
139,6.469474558795915,2026-06-12 15:38:15.542288,2026-06-12 15:38:18.350015,0 days 00:00:02.807727,,,,,,,,,,,,,,,LinearRegression,,,,,,5,,,,,,,,False,,,,,,,,,-0.014939333898285459,-0.003834168123719627,98.0,-0.009386751011002543,0.005552582887282916,0.02783996383406595,1.9844674545084815,6.415990106305477,6.522959011286353,98.0,6.469474558795915,0.05348445249043805,0.26816442964388404,1.9844674545084815,164012549966832.47,361046301055754.25,98.0,262529425511293.34,98516875544460.88,493951429069989.94,1.9844674545084815,16.680668763219025,17.12605332974806,98.0,16.903361046483543,0.2226922832645189,1.116551564931891,1.9844674545084815,5.945186760817173,6.110560361450005,98.0,6.027873561133589,0.08268680031641595,0.41458138979535447,1.9844674545084815,99.0,0.6161616161616161,-0.034683475892045595,-0.011318297052059185,98.0,-0.02300088647205239,0.011682589419993204,0.05857505840853925,1.9844674545084815,LinearRegression,"{'mode': 'original', 'type': 'LinearRegression'}",5,"['z_l1_T6W50', 'z_l2_T6W50', 'z_lsc_T6W50', 'z_diameter_T6W50', 'z_asp_T6W50']",0.03570224970645462,0.08687191865352047,98.0,0.061287084179987544,0.02558483447353292,0.1282791956289491,1.9844674545084815,7.58005692740428,7.714828145692573,98.0,7.647442536548427,0.06738560914414689,0.337863109762159,1.9844674545084815,completed,False,COMPLETE
140,6.3866150851888275,2026-06-12 15:38:18.380064,2026-06-12 15:38:21.115298,0 days 00:00:02.735234,,,,,,,,,,,,,,,LinearRegression,,,,,,6,,,,,,,,False,,,,,,,,,-0.00346481010529852,0.010283457083393613,98.0,0.0034093234890475465,0.0068741335943460664,0.03446605562529107,1.9844674545084815,6.331294561882795,6.44193560849486,98.0,6.3866150851888275,0.05532052330603236,0.2773702616216472,1.9844674545084815,148307446392880.3,326725982710119.5,98.0,237516714551499.9,89209268158619.6,447284236834647.2,1.9844674545084815,16.578584154386768,17.036849175966026,98.0,16.807716665176397,0.22913251078962818,1.148842069193041,1.9844674545084815,5.9411515318794255,6.153889262910681,98.0,6.047520397395053,0.1063688655156276,0.5333203356239808,1.9844674545084815,99.0,0.5353535353535354,-0.02926675231132072,-0.002470136099082053,98.0,-0.015868444205201386,0.013398308106119333,0.06717745969471907,1.9844674545084815,LinearRegression,"{'mode': 'original', 'type': 'LinearRegression'}",6,"['z_re_T6W50', 'z_l1_T6W50', 'z_l2_T6W50', 'z_lsc_T6W50', 'z_diameter_T6W50', 'z_asp_T6W50']",0.07722652983774482,0.12552505391433066,98.0,0.10137579187603775,0.024149262038292926,0.12108141299524935,1.9844674545084815,7.550763111582505,7.686967119596087,98.0,7.618865115589296,0.06810200400679096,0.3414550249972472,1.9844674545084815,completed,False,COMPLETE
141,6.3866150851888275,2026-06-12 15:38:21.155766,2026-06-12 15:38:24.133691,0 days 00:00:02.977925,,,,,,,,,,,,,,,LinearRegression,,,,,,6,,,,,,,,False,,,,,,,,,-0.00346481010529852,0.010283457083393613,98.0,0.0034093234890475465,0.0068741335943460664,0.03446605562529107,1.9844674545084815,6.331294561882795,6.44193560849486,98.0,6.3866150851888275,0.05532052330603236,0.2773702616216472,1.9844674545084815,148307446392880.3,326725982710119.5,98.0,237516714551499.9,89209268158619.6,447284236834647.2,1.9844674545084815,16.578584154386768,17.036849175966026,98.0,16.807716665176397,0.22913251078962818,1.148842069193041,1.9844674545084815,5.9411515318794255,6.153889262910681,98.0,6.047520397395053,0.1063688655156276,0.5333203356239808,1.9844674545084815,99.0,0.5353535353535354,-0.02926675231132072,-0.002470136099082053,98.0,-0.015868444205201386,0.013398308106119333,0.06717745969471907,1.9844674545084815,LinearRegression,"{'mode': 'original', 'type': 'LinearRegression'}",6,"['z_re_T6W50', 'z_l1_T6W50', 'z_l2_T6W50', 'z_lsc_T6W50', 'z_diameter_T6W50', 'z_asp_T6W50']",0.07722652983774482,0.12552505391433066,98.0,0.10137579187603775,0.024149262038292926,0.12108141299524935,1.9844674545084815,7.550763111582505,7.686967119596087,98.0,7.618865115589296,0.06810200400679096,0.3414550249972472,1.9844674545084815,completed,False,COMPLETE
142,6.3866150851888275,2026-06-12 15:38:24.147877,2026-06-12 15:38:26.491433,0 days 00:00:02.343556,,,,,,,,,,,,,,,LinearRegression,,,,,,6,,,,,,,,False,,,,,,,,,-0.00346481010529852,0.010283457083393613,98.0,0.0034093234890475465,0.0068741335943460664,0.03446605562529107,1.9844674545084815,6.331294561882795,6.44193560849486,98.0,6.3866150851888275,0.05532052330603236,0.2773702616216472,1.9844674545084815,148307446392880.3,326725982710119.5,98.0,237516714551499.9,89209268158619.6,447284236834647.2,1.9844674545084815,16.578584154386768,17.036849175966026,98.0,16.807716665176397,0.22913251078962818,1.148842069193041,1.9844674545084815,5.9411515318794255,6.153889262910681,98.0,6.047520397395053,0.1063688655156276,0.5333203356239808,1.9844674545084815,99.0,0.5353535353535354,-0.02926675231132072,-0.002470136099082053,98.0,-0.015868444205201386,0.013398308106119333,0.06717745969471907,1.9844674545084815,LinearRegression,"{'mode': 'original', 'type': 'LinearRegression'}",6,"['z_re_T6W50', 'z_l1_T6W50', 'z_l2_T6W50', 'z_lsc_T6W50', 'z_diameter_T6W50', 'z_asp_T6W50']",0.07722652983774482,0.12552505391433066,98.0,0.10137579187603775,0.024149262038292926,0.12108141299524935,1.9844674545084815,7.550763111582505,7.686967119596087,98.0,7.618865115589296,0.06810200400679096,0.3414550249972472,1.9844674545084815,completed,False,COMPLETE
143,6.3866150851888275,2026-06-12 15:38:26.503930,2026-06-12 15:38:29.300311,0 days 00:00:02.796381,,,,,,,,,,,,,,,LinearRegression,,,,,,6,,,,,,,,False,,,,,,,,,-0.00346481010529852,0.010283457083393613,98.0,0.0034093234890475465,0.0068741335943460664,0.03446605562529107,1.9844674545084815,6.331294561882795,6.44193560849486,98.0,6.3866150851888275,0.05532052330603236,0.2773702616216472,1.9844674545084815,148307446392880.3,326725982710119.5,98.0,237516714551499.9,89209268158619.6,447284236834647.2,1.9844674545084815,16.578584154386768,17.036849175966026,98.0,16.807716665176397,0.22913251078962818,1.148842069193041,1.9844674545084815,5.9411515318794255,6.153889262910681,98.0,6.047520397395053,0.1063688655156276,0.5333203356239808,1.9844674545084815,99.0,0.5353535353535354,-0.02926675231132072,-0.002470136099082053,98.0,-0.015868444205201386,0.013398308106119333,0.06717745969471907,1.9844674545084815,LinearRegression,"{'mode': 'original', 'type': 'LinearRegression'}",6,"['z_re_T6W50', 'z_l1_T6W50', 'z_l2_T6W50', 'z_lsc_T6W50', 'z_diameter_T6W50', 'z_asp_T6W50']",0.07722652983774482,0.12552505391433066,98.0,0.10137579187603775,0.024149262038292926,0.12108141299524935,1.9844674545084815,7.550763111582505,7.686967119596087,98.0,7.618865115589296,0.06810200400679096,0.3414550249972472,1.9844674545084815,completed,False,COMPLETE
144,6.3866150851888275,2026-06-12 15:38:29.312612,2026-06-12 15:38:31.854439,0 days 00:00:02.541827,,,,,,,,,,,,,,,LinearRegression,,,,,,6,,,,,,,,False,,,,,,,,,-0.00346481010529852,0.010283457083393613,98.0,0.0034093234890475465,0.0068741335943460664,0.03446605562529107,1.9844674545084815,6.331294561882795,6.44193560849486,98.0,6.3866150851888275,0.05532052330603236,0.2773702616216472,1.9844674545084815,148307446392880.3,326725982710119.5,98.0,237516714551499.9,89209268158619.6,447284236834647.2,1.9844674545084815,16.578584154386768,17.036849175966026,98.0,16.807716665176397,0.22913251078962818,1.148842069193041,1.9844674545084815,5.9411515318794255,6.153889262910681,98.0,6.047520397395053,0.1063688655156276,0.5333203356239808,1.9844674545084815,99.0,0.5353535353535354,-0.02926675231132072,-0.002470136099082053,98.0,-0.015868444205201386,0.013398308106119333,0.06717745969471907,1.9844674545084815,LinearRegression,"{'mode': 'original', 'type': 'LinearRegression'}",6,"['z_re_T6W50', 'z_l1_T6W50', 'z_l2_T6W50', 'z_lsc_T6W50', 'z_diameter_T6W50', 'z_asp_T6W50']",0.07722652983774482,0.12552505391433066,98.0,0.10137579187603775,0.024149262038292926,0.12108141299524935,1.9844674545084815,7.550763111582505,7.686967119596087,98.0,7.618865115589296,0.06810200400679096,0.3414550249972472,1.9844674545084815,completed,False,COMPLETE
145,6.35686274509804,2026-06-12 15:38:31.866954,2026-06-12 15:38:32.148530,0 days 00:00:00.281576,,,,,,,,,,,,,,0.32964923364769,QuantileRegressor,,,,,,6,,,,,,,,False,,,,,,,,,,,,,,,,,,,,,,,,,,,,,,,,,,,,,,,,,,,,,,,,,,,,,QuantileRegressor,"{'mode': 'original', 'type': 'QuantileRegressor'}",6,"['z_l2_T6W50', 'z_l3_T6W50', 'z_lsc_T6W50', 'z_density_T6W50', 'z_diameter_T6W50', 'z_asp_T6W50']",,,,,,,,,,,,,,,pruned,False,PRUNED
146,6.393104628020643,2026-06-12 15:38:32.158283,2026-06-12 15:38:32.994868,0 days 00:00:00.836585,,,,,,,,,,,,,,,XGBRegressor,,,,,,6,,,,,,,,False,gbtree,0.8608535994494564,0.004693985466726056,4.0,174.0,0.03988220610596876,3.233165975667827e-06,0.8433351026548044,,,,,,,,,,,,,,,,,,,,,,,,,,,,,,,,,,,,,,,,,,,,,XGBRegressor,"{'mode': 'original', 'type': 'XGBRegressor'}",6,"['z_l2_T6W50', 'z_l3_T6W50', 'z_lsc_T6W50', 'z_density_T6W50', 'z_diameter_T6W50', 'z_asp_T6W50']",,,,,,,,,,,,,,,pruned,False,PRUNED
147,6.3866150851888275,2026-06-12 15:38:33.005201,2026-06-12 15:38:35.854131,0 days 00:00:02.848930,,,,,,,,,,,,,,,LinearRegression,,,,,,6,,,,,,,,False,,,,,,,,,-0.00346481010529852,0.010283457083393613,98.0,0.0034093234890475465,0.0068741335943460664,0.03446605562529107,1.9844674545084815,6.331294561882795,6.44193560849486,98.0,6.3866150851888275,0.05532052330603236,0.2773702616216472,1.9844674545084815,148307446392880.3,326725982710119.5,98.0,237516714551499.9,89209268158619.6,447284236834647.2,1.9844674545084815,16.578584154386768,17.036849175966026,98.0,16.807716665176397,0.22913251078962818,1.148842069193041,1.9844674545084815,5.9411515318794255,6.153889262910681,98.0,6.047520397395053,0.1063688655156276,0.5333203356239808,1.9844674545084815,99.0,0.5353535353535354,-0.02926675231132072,-0.002470136099082053,98.0,-0.015868444205201386,0.013398308106119333,0.06717745969471907,1.9844674545084815,LinearRegression,"{'mode': 'original', 'type': 'LinearRegression'}",6,"['z_re_T6W50', 'z_l1_T6W50', 'z_l2_T6W50', 'z_lsc_T6W50', 'z_diameter_T6W50', 'z_asp_T6W50']",0.07722652983774482,0.12552505391433066,98.0,0.10137579187603775,0.024149262038292926,0.12108141299524935,1.9844674545084815,7.550763111582505,7.686967119596087,98.0,7.618865115589296,0.06810200400679096,0.3414550249972472,1.9844674545084815,completed,False,COMPLETE
148,6.3866150851888275,2026-06-12 15:38:35.867901,2026-06-12 15:38:38.834924,0 days 00:00:02.967023,,,,,,,,,,,,,,,LinearRegression,,,,,,6,,,,,,,,False,,,,,,,,,-0.00346481010529852,0.010283457083393613,98.0,0.0034093234890475465,0.0068741335943460664,0.03446605562529107,1.9844674545084815,6.331294561882795,6.44193560849486,98.0,6.3866150851888275,0.05532052330603236,0.2773702616216472,1.9844674545084815,148307446392880.3,326725982710119.5,98.0,237516714551499.9,89209268158619.6,447284236834647.2,1.9844674545084815,16.578584154386768,17.036849175966026,98.0,16.807716665176397,0.22913251078962818,1.148842069193041,1.9844674545084815,5.9411515318794255,6.153889262910681,98.0,6.047520397395053,0.1063688655156276,0.5333203356239808,1.9844674545084815,99.0,0.5353535353535354,-0.02926675231132072,-0.002470136099082053,98.0,-0.015868444205201386,0.013398308106119333,0.06717745969471907,1.9844674545084815,LinearRegression,"{'mode': 'original', 'type': 'LinearRegression'}",6,"['z_re_T6W50', 'z_l1_T6W50', 'z_l2_T6W50', 'z_lsc_T6W50', 'z_diameter_T6W50', 'z_asp_T6W50']",0.07722652983774482,0.12552505391433066,98.0,0.10137579187603775,0.024149262038292926,0.12108141299524935,1.9844674545084815,7.550763111582505,7.686967119596087,98.0,7.618865115589296,0.06810200400679096,0.3414550249972472,1.9844674545084815,completed,False,COMPLETE
149,6.405454192703757,2026-06-12 15:38:38.848869,2026-06-12 15:38:41.409101,0 days 00:00:02.560232,,,,,,,,,,,,,,,LinearRegression,,,,,,7,,,,,,,,False,,,,,,,,,-0.006758289294055926,0.007728103531980779,98.0,0.0004849071189624265,0.0072431964130183525,0.03631649095114042,1.9844674545084815,6.3476721510499265,6.463236234357587,98.0,6.405454192703757,0.057782041653830114,0.2897120101683515,1.9844674545084815,149963075207890.8,330453893129617.7,98.0,240208484168754.25,90245408960863.42,452479318663598.25,1.9844674545084815,16.902393947793243,17.45857884626833,98.0,17.180486397030787,0.27809244923754567,1.3943211450353656,1.9844674545084815,5.929659494659768,6.135554229386592,98.0,6.03260686202318,0.10294736736341181,0.5161653670715668,1.9844674545084815,99.0,0.6161616161616161,-0.04412317093267554,-0.014645906333895894,98.0,-0.029384538633285717,0.014738632299389823,0.0738976794238177,1.9844674545084815,LinearRegression,"{'mode': 'original', 'type': 'LinearRegression'}",7,"['z_re_T6W50', 'z_l1_T6W50', 'z_l2_T6W50', 'z_l3_T6W50', 'z_lsc_T6W50', 'z_diameter_T6W50', 'z_asp_T6W50']",0.056535769037563334,0.10690543763307225,98.0,0.08172060333531779,0.025184834297754456,0.12627364422100937,1.9844674545084815,7.595270495315876,7.742896006136452,98.0,7.669083250726164,0.07381275541028799,0.37008802620877834,1.9844674545084815,completed,False,COMPLETE
150,6.544030996236879,2026-06-12 15:38:41.494429,2026-06-12 15:38:44.326367,0 days 00:00:02.831938,,,,,,,,,,,manhattan,16.0,uniform,,KNeighborsRegressor,,,,,,6,2.0,5.0,8.0,50.0,,,ExtraTrees,,,,,,,,,,-0.02843841723033914,-0.013736831146899654,98.0,-0.021087624188619397,0.0073507930417197435,0.0368559671395238,1.9844674545084815,6.483559946852334,6.604502045621424,98.0,6.544030996236879,0.06047104938454472,0.30319436234432257,1.9844674545084815,154408618625205.5,340973960707513.2,98.0,247691289666359.34,93282671041153.86,467707775075032.9,1.9844674545084815,17.236469860890214,17.860752361332008,98.0,17.54861111111111,0.31214125022089856,1.5650376218917257,1.9844674545084815,6.166124634216091,6.374279406187949,98.0,6.27020202020202,0.10407738598592883,0.5218311406802322,1.9844674545084815,99.0,0.8080808080808081,-0.07569689498865487,-0.0488530804919625,98.0,-0.062274987740308686,0.013421907248346186,0.06729578287502049,1.9844674545084815,KNeighborsRegressor,"{'mode': 'proxy', 'type': 'ExtraTrees'}",6,"['z_re_T6W50', 'z_pe_T6W50', 'z_l2_T6W50', 'z_l3_T6W50', 'z_lsc_T6W50', 'z_asp_T6W50']",-0.012596916204547682,0.03764601384118554,98.0,0.012524548818318928,0.02512146502286661,0.1259559185144541,1.9844674545084815,7.720724896234023,7.862383283800618,98.0,7.79155409001732,0.07082919378329726,0.35512881722832945,1.9844674545084815,completed,True,COMPLETE
