number,value,datetime_start,datetime_complete,duration,params_dt_max_depth,params_dt_min_samples_leaf,params_dt_min_samples_split,params_elastic_alpha,params_elastic_l1_ratio,params_et_max_depth,params_et_max_features,params_et_min_samples_leaf,params_et_min_samples_split,params_et_n_estimators,params_knn_metric,params_knn_n_neighbors,params_knn_weights,params_quantile_alpha,params_regressor,params_rf_max_depth,params_rf_max_features,params_rf_min_samples_leaf,params_rf_min_samples_split,params_rf_n_estimators,params_rfe_n_features,params_rfe_proxy_et_max_depth,params_rfe_proxy_et_min_samples_leaf,params_rfe_proxy_et_min_samples_split,params_rfe_proxy_et_n_estimators,params_rfe_proxy_lsvr_C,params_rfe_proxy_lsvr_epsilon,params_rfe_proxy_type,params_use_scaler,params_xgb_booster,params_xgb_colsample_bytree,params_xgb_learning_rate,params_xgb_max_depth,params_xgb_n_estimators,params_xgb_reg_alpha,params_xgb_reg_lambda,params_xgb_subsample,user_attrs_d2mae_ci_lower_val,user_attrs_d2mae_ci_upper_val,user_attrs_d2mae_df_val,user_attrs_d2mae_mean_val,user_attrs_d2mae_samperror_val,user_attrs_d2mae_std_val,user_attrs_d2mae_t_critical_val,user_attrs_mae_ci_lower_val,user_attrs_mae_ci_upper_val,user_attrs_mae_df_val,user_attrs_mae_mean_val,user_attrs_mae_samperror_val,user_attrs_mae_std_val,user_attrs_mae_t_critical_val,user_attrs_mape_ci_lower_val,user_attrs_mape_ci_upper_val,user_attrs_mape_df_val,user_attrs_mape_mean_val,user_attrs_mape_samperror_val,user_attrs_mape_std_val,user_attrs_mape_t_critical_val,user_attrs_max_error_ci_lower_val,user_attrs_max_error_ci_upper_val,user_attrs_max_error_df_val,user_attrs_max_error_mean_val,user_attrs_max_error_samperror_val,user_attrs_max_error_std_val,user_attrs_max_error_t_critical_val,user_attrs_median_ae_ci_lower_val,user_attrs_median_ae_ci_upper_val,user_attrs_median_ae_df_val,user_attrs_median_ae_mean_val,user_attrs_median_ae_samperror_val,user_attrs_median_ae_std_val,user_attrs_median_ae_t_critical_val,user_attrs_n_splits_val,user_attrs_r2_below_zero_val,user_attrs_r2_ci_lower_val,user_attrs_r2_ci_upper_val,user_attrs_r2_df_val,user_attrs_r2_mean_val,user_attrs_r2_samperror_val,user_attrs_r2_std_val,user_attrs_r2_t_critical_val,user_attrs_regressor_final,user_attrs_rfe_estimator,user_attrs_rfe_n_features,user_attrs_rfe_selected_features,user_attrs_rho_ci_lower_val,user_attrs_rho_ci_upper_val,user_attrs_rho_df_val,user_attrs_rho_mean_val,user_attrs_rho_samperror_val,user_attrs_rho_std_val,user_attrs_rho_t_critical_val,user_attrs_rmse_ci_lower_val,user_attrs_rmse_ci_upper_val,user_attrs_rmse_df_val,user_attrs_rmse_mean_val,user_attrs_rmse_samperror_val,user_attrs_rmse_std_val,user_attrs_rmse_t_critical_val,user_attrs_termination_reason,user_attrs_use_scaler_final,state
103,6.3866150851888275,2026-06-12 15:36:53.966850,2026-06-12 15:36:56.437310,0 days 00:00:02.470460,,,,,,,,,,,,,,,LinearRegression,,,,,,6,,,,,,,,False,,,,,,,,,-0.00346481010529852,0.010283457083393613,98.0,0.0034093234890475465,0.0068741335943460664,0.03446605562529107,1.9844674545084815,6.331294561882795,6.44193560849486,98.0,6.3866150851888275,0.05532052330603236,0.2773702616216472,1.9844674545084815,148307446392880.3,326725982710119.5,98.0,237516714551499.9,89209268158619.6,447284236834647.2,1.9844674545084815,16.578584154386768,17.036849175966026,98.0,16.807716665176397,0.22913251078962818,1.148842069193041,1.9844674545084815,5.9411515318794255,6.153889262910681,98.0,6.047520397395053,0.1063688655156276,0.5333203356239808,1.9844674545084815,99.0,0.5353535353535354,-0.02926675231132072,-0.002470136099082053,98.0,-0.015868444205201386,0.013398308106119333,0.06717745969471907,1.9844674545084815,LinearRegression,"{'mode': 'original', 'type': 'LinearRegression'}",6,"['z_re_T6W50', 'z_l1_T6W50', 'z_l2_T6W50', 'z_lsc_T6W50', 'z_diameter_T6W50', 'z_asp_T6W50']",0.07722652983774482,0.12552505391433066,98.0,0.10137579187603775,0.024149262038292926,0.12108141299524935,1.9844674545084815,7.550763111582505,7.686967119596087,98.0,7.618865115589296,0.06810200400679096,0.3414550249972472,1.9844674545084815,completed,False,COMPLETE
104,6.3866150851888275,2026-06-12 15:36:56.450825,2026-06-12 15:36:59.247657,0 days 00:00:02.796832,,,,,,,,,,,,,,,LinearRegression,,,,,,6,,,,,,,,False,,,,,,,,,-0.00346481010529852,0.010283457083393613,98.0,0.0034093234890475465,0.0068741335943460664,0.03446605562529107,1.9844674545084815,6.331294561882795,6.44193560849486,98.0,6.3866150851888275,0.05532052330603236,0.2773702616216472,1.9844674545084815,148307446392880.3,326725982710119.5,98.0,237516714551499.9,89209268158619.6,447284236834647.2,1.9844674545084815,16.578584154386768,17.036849175966026,98.0,16.807716665176397,0.22913251078962818,1.148842069193041,1.9844674545084815,5.9411515318794255,6.153889262910681,98.0,6.047520397395053,0.1063688655156276,0.5333203356239808,1.9844674545084815,99.0,0.5353535353535354,-0.02926675231132072,-0.002470136099082053,98.0,-0.015868444205201386,0.013398308106119333,0.06717745969471907,1.9844674545084815,LinearRegression,"{'mode': 'original', 'type': 'LinearRegression'}",6,"['z_re_T6W50', 'z_l1_T6W50', 'z_l2_T6W50', 'z_lsc_T6W50', 'z_diameter_T6W50', 'z_asp_T6W50']",0.07722652983774482,0.12552505391433066,98.0,0.10137579187603775,0.024149262038292926,0.12108141299524935,1.9844674545084815,7.550763111582505,7.686967119596087,98.0,7.618865115589296,0.06810200400679096,0.3414550249972472,1.9844674545084815,completed,False,COMPLETE
105,6.3866150851888275,2026-06-12 15:36:59.261539,2026-06-12 15:37:01.809006,0 days 00:00:02.547467,,,,,,,,,,,,,,,LinearRegression,,,,,,6,,,,,,,,False,,,,,,,,,-0.00346481010529852,0.010283457083393613,98.0,0.0034093234890475465,0.0068741335943460664,0.03446605562529107,1.9844674545084815,6.331294561882795,6.44193560849486,98.0,6.3866150851888275,0.05532052330603236,0.2773702616216472,1.9844674545084815,148307446392880.3,326725982710119.5,98.0,237516714551499.9,89209268158619.6,447284236834647.2,1.9844674545084815,16.578584154386768,17.036849175966026,98.0,16.807716665176397,0.22913251078962818,1.148842069193041,1.9844674545084815,5.9411515318794255,6.153889262910681,98.0,6.047520397395053,0.1063688655156276,0.5333203356239808,1.9844674545084815,99.0,0.5353535353535354,-0.02926675231132072,-0.002470136099082053,98.0,-0.015868444205201386,0.013398308106119333,0.06717745969471907,1.9844674545084815,LinearRegression,"{'mode': 'original', 'type': 'LinearRegression'}",6,"['z_re_T6W50', 'z_l1_T6W50', 'z_l2_T6W50', 'z_lsc_T6W50', 'z_diameter_T6W50', 'z_asp_T6W50']",0.07722652983774482,0.12552505391433066,98.0,0.10137579187603775,0.024149262038292926,0.12108141299524935,1.9844674545084815,7.550763111582505,7.686967119596087,98.0,7.618865115589296,0.06810200400679096,0.3414550249972472,1.9844674545084815,completed,False,COMPLETE
106,6.3872959649199545,2026-06-12 15:37:01.821522,2026-06-12 15:37:04.729666,0 days 00:00:02.908144,,,,0.00016069894825398602,0.06171785927703577,,,,,,,,,,ElasticNet,,,,,,6,,,,,,,,False,,,,,,,,,-0.003479001453332015,0.010093843344414806,98.0,0.0033074209455413953,0.00678642239887341,0.034026282539617,1.9844674545084815,6.332279478979201,6.442312450860708,98.0,6.3872959649199545,0.055016485940753486,0.2758458558765381,1.9844674545084815,148697666142226.6,327574387449653.1,98.0,238136026795939.88,89438360653713.28,448432878270090.0,1.9844674545084815,16.56983077994337,17.027690920859254,98.0,16.79876085040131,0.22893007045794234,1.1478270584084929,1.9844674545084815,5.945223739343778,6.155757441547745,98.0,6.0504905904457615,0.10526685110198393,0.5277949716549484,1.9844674545084815,99.0,0.5353535353535354,-0.028681654379072566,-0.0022860893768571373,98.0,-0.015483871877964852,0.013197782501107714,0.06617204911289533,1.9844674545084815,ElasticNet,"{'mode': 'original', 'type': 'ElasticNet'}",6,"['z_re_T6W50', 'z_l1_T6W50', 'z_l2_T6W50', 'z_lsc_T6W50', 'z_diameter_T6W50', 'z_asp_T6W50']",0.07630899918176426,0.12466640577944602,98.0,0.10048770248060514,0.024178703298840885,0.12122902783423929,1.9844674545084815,7.549825657994127,7.685303706725421,98.0,7.617564682359774,0.06773902436564698,0.3396350899711361,1.9844674545084815,completed,False,COMPLETE
107,6.469474558795915,2026-06-12 15:37:04.742697,2026-06-12 15:37:07.515556,0 days 00:00:02.772859,,,,,,,,,,,,,,,LinearRegression,,,,,,5,,,,,,,,False,,,,,,,,,-0.014939333898285459,-0.003834168123719627,98.0,-0.009386751011002543,0.005552582887282916,0.02783996383406595,1.9844674545084815,6.415990106305477,6.522959011286353,98.0,6.469474558795915,0.05348445249043805,0.26816442964388404,1.9844674545084815,164012549966832.47,361046301055754.25,98.0,262529425511293.34,98516875544460.88,493951429069989.94,1.9844674545084815,16.680668763219025,17.12605332974806,98.0,16.903361046483543,0.2226922832645189,1.116551564931891,1.9844674545084815,5.945186760817173,6.110560361450005,98.0,6.027873561133589,0.08268680031641595,0.41458138979535447,1.9844674545084815,99.0,0.6161616161616161,-0.034683475892045595,-0.011318297052059185,98.0,-0.02300088647205239,0.011682589419993204,0.05857505840853925,1.9844674545084815,LinearRegression,"{'mode': 'original', 'type': 'LinearRegression'}",5,"['z_l1_T6W50', 'z_l2_T6W50', 'z_lsc_T6W50', 'z_diameter_T6W50', 'z_asp_T6W50']",0.03570224970645462,0.08687191865352047,98.0,0.061287084179987544,0.02558483447353292,0.1282791956289491,1.9844674545084815,7.58005692740428,7.714828145692573,98.0,7.647442536548427,0.06738560914414689,0.337863109762159,1.9844674545084815,completed,False,COMPLETE
108,7.781325675477925,2026-06-12 15:37:07.530852,2026-06-12 15:37:07.874523,0 days 00:00:00.343671,10.0,3.0,10.0,,,,,,,,,,,,DecisionTreeRegressor,,,,,,7,,,,,,,,False,,,,,,,,,,,,,,,,,,,,,,,,,,,,,,,,,,,,,,,,,,,,,,,,,,,,,DecisionTreeRegressor,"{'mode': 'original', 'type': 'DecisionTreeRegressor'}",7,"['z_re_T6W50', 'z_pe_T6W50', 'z_l1_T6W50', 'z_l2_T6W50', 'z_l3_T6W50', 'z_lsc_T6W50', 'z_asp_T6W50']",,,,,,,,,,,,,,,pruned,False,PRUNED
109,6.3866150851888275,2026-06-12 15:37:07.884371,2026-06-12 15:37:10.637291,0 days 00:00:02.752920,,,,,,,,,,,,,,,LinearRegression,,,,,,6,,,,,,,,False,,,,,,,,,-0.00346481010529852,0.010283457083393613,98.0,0.0034093234890475465,0.0068741335943460664,0.03446605562529107,1.9844674545084815,6.331294561882795,6.44193560849486,98.0,6.3866150851888275,0.05532052330603236,0.2773702616216472,1.9844674545084815,148307446392880.3,326725982710119.5,98.0,237516714551499.9,89209268158619.6,447284236834647.2,1.9844674545084815,16.578584154386768,17.036849175966026,98.0,16.807716665176397,0.22913251078962818,1.148842069193041,1.9844674545084815,5.9411515318794255,6.153889262910681,98.0,6.047520397395053,0.1063688655156276,0.5333203356239808,1.9844674545084815,99.0,0.5353535353535354,-0.02926675231132072,-0.002470136099082053,98.0,-0.015868444205201386,0.013398308106119333,0.06717745969471907,1.9844674545084815,LinearRegression,"{'mode': 'original', 'type': 'LinearRegression'}",6,"['z_re_T6W50', 'z_l1_T6W50', 'z_l2_T6W50', 'z_lsc_T6W50', 'z_diameter_T6W50', 'z_asp_T6W50']",0.07722652983774482,0.12552505391433066,98.0,0.10137579187603775,0.024149262038292926,0.12108141299524935,1.9844674545084815,7.550763111582505,7.686967119596087,98.0,7.618865115589296,0.06810200400679096,0.3414550249972472,1.9844674545084815,completed,False,COMPLETE
110,6.3866150851888275,2026-06-12 15:37:10.649771,2026-06-12 15:37:13.413635,0 days 00:00:02.763864,,,,,,,,,,,,,,,LinearRegression,,,,,,6,,,,,,,,False,,,,,,,,,-0.00346481010529852,0.010283457083393613,98.0,0.0034093234890475465,0.0068741335943460664,0.03446605562529107,1.9844674545084815,6.331294561882795,6.44193560849486,98.0,6.3866150851888275,0.05532052330603236,0.2773702616216472,1.9844674545084815,148307446392880.3,326725982710119.5,98.0,237516714551499.9,89209268158619.6,447284236834647.2,1.9844674545084815,16.578584154386768,17.036849175966026,98.0,16.807716665176397,0.22913251078962818,1.148842069193041,1.9844674545084815,5.9411515318794255,6.153889262910681,98.0,6.047520397395053,0.1063688655156276,0.5333203356239808,1.9844674545084815,99.0,0.5353535353535354,-0.02926675231132072,-0.002470136099082053,98.0,-0.015868444205201386,0.013398308106119333,0.06717745969471907,1.9844674545084815,LinearRegression,"{'mode': 'original', 'type': 'LinearRegression'}",6,"['z_re_T6W50', 'z_l1_T6W50', 'z_l2_T6W50', 'z_lsc_T6W50', 'z_diameter_T6W50', 'z_asp_T6W50']",0.07722652983774482,0.12552505391433066,98.0,0.10137579187603775,0.024149262038292926,0.12108141299524935,1.9844674545084815,7.550763111582505,7.686967119596087,98.0,7.618865115589296,0.06810200400679096,0.3414550249972472,1.9844674545084815,completed,False,COMPLETE
111,6.3866150851888275,2026-06-12 15:37:13.425847,2026-06-12 15:37:15.988197,0 days 00:00:02.562350,,,,,,,,,,,,,,,LinearRegression,,,,,,6,,,,,,,,False,,,,,,,,,-0.00346481010529852,0.010283457083393613,98.0,0.0034093234890475465,0.0068741335943460664,0.03446605562529107,1.9844674545084815,6.331294561882795,6.44193560849486,98.0,6.3866150851888275,0.05532052330603236,0.2773702616216472,1.9844674545084815,148307446392880.3,326725982710119.5,98.0,237516714551499.9,89209268158619.6,447284236834647.2,1.9844674545084815,16.578584154386768,17.036849175966026,98.0,16.807716665176397,0.22913251078962818,1.148842069193041,1.9844674545084815,5.9411515318794255,6.153889262910681,98.0,6.047520397395053,0.1063688655156276,0.5333203356239808,1.9844674545084815,99.0,0.5353535353535354,-0.02926675231132072,-0.002470136099082053,98.0,-0.015868444205201386,0.013398308106119333,0.06717745969471907,1.9844674545084815,LinearRegression,"{'mode': 'original', 'type': 'LinearRegression'}",6,"['z_re_T6W50', 'z_l1_T6W50', 'z_l2_T6W50', 'z_lsc_T6W50', 'z_diameter_T6W50', 'z_asp_T6W50']",0.07722652983774482,0.12552505391433066,98.0,0.10137579187603775,0.024149262038292926,0.12108141299524935,1.9844674545084815,7.550763111582505,7.686967119596087,98.0,7.618865115589296,0.06810200400679096,0.3414550249972472,1.9844674545084815,completed,False,COMPLETE
112,6.3866150851888275,2026-06-12 15:37:16.000550,2026-06-12 15:37:18.470989,0 days 00:00:02.470439,,,,,,,,,,,,,,,LinearRegression,,,,,,6,,,,,,,,False,,,,,,,,,-0.00346481010529852,0.010283457083393613,98.0,0.0034093234890475465,0.0068741335943460664,0.03446605562529107,1.9844674545084815,6.331294561882795,6.44193560849486,98.0,6.3866150851888275,0.05532052330603236,0.2773702616216472,1.9844674545084815,148307446392880.3,326725982710119.5,98.0,237516714551499.9,89209268158619.6,447284236834647.2,1.9844674545084815,16.578584154386768,17.036849175966026,98.0,16.807716665176397,0.22913251078962818,1.148842069193041,1.9844674545084815,5.9411515318794255,6.153889262910681,98.0,6.047520397395053,0.1063688655156276,0.5333203356239808,1.9844674545084815,99.0,0.5353535353535354,-0.02926675231132072,-0.002470136099082053,98.0,-0.015868444205201386,0.013398308106119333,0.06717745969471907,1.9844674545084815,LinearRegression,"{'mode': 'original', 'type': 'LinearRegression'}",6,"['z_re_T6W50', 'z_l1_T6W50', 'z_l2_T6W50', 'z_lsc_T6W50', 'z_diameter_T6W50', 'z_asp_T6W50']",0.07722652983774482,0.12552505391433066,98.0,0.10137579187603775,0.024149262038292926,0.12108141299524935,1.9844674545084815,7.550763111582505,7.686967119596087,98.0,7.618865115589296,0.06810200400679096,0.3414550249972472,1.9844674545084815,completed,False,COMPLETE
113,6.3866150851888275,2026-06-12 15:37:18.483480,2026-06-12 15:37:21.038017,0 days 00:00:02.554537,,,,,,,,,,,,,,,LinearRegression,,,,,,6,,,,,,,,False,,,,,,,,,-0.00346481010529852,0.010283457083393613,98.0,0.0034093234890475465,0.0068741335943460664,0.03446605562529107,1.9844674545084815,6.331294561882795,6.44193560849486,98.0,6.3866150851888275,0.05532052330603236,0.2773702616216472,1.9844674545084815,148307446392880.3,326725982710119.5,98.0,237516714551499.9,89209268158619.6,447284236834647.2,1.9844674545084815,16.578584154386768,17.036849175966026,98.0,16.807716665176397,0.22913251078962818,1.148842069193041,1.9844674545084815,5.9411515318794255,6.153889262910681,98.0,6.047520397395053,0.1063688655156276,0.5333203356239808,1.9844674545084815,99.0,0.5353535353535354,-0.02926675231132072,-0.002470136099082053,98.0,-0.015868444205201386,0.013398308106119333,0.06717745969471907,1.9844674545084815,LinearRegression,"{'mode': 'original', 'type': 'LinearRegression'}",6,"['z_re_T6W50', 'z_l1_T6W50', 'z_l2_T6W50', 'z_lsc_T6W50', 'z_diameter_T6W50', 'z_asp_T6W50']",0.07722652983774482,0.12552505391433066,98.0,0.10137579187603775,0.024149262038292926,0.12108141299524935,1.9844674545084815,7.550763111582505,7.686967119596087,98.0,7.618865115589296,0.06810200400679096,0.3414550249972472,1.9844674545084815,completed,False,COMPLETE
114,6.405454192703757,2026-06-12 15:37:21.051742,2026-06-12 15:37:23.425898,0 days 00:00:02.374156,,,,,,,,,,,,,,,LinearRegression,,,,,,7,,,,,,,,False,,,,,,,,,-0.006758289294055926,0.007728103531980779,98.0,0.0004849071189624265,0.0072431964130183525,0.03631649095114042,1.9844674545084815,6.3476721510499265,6.463236234357587,98.0,6.405454192703757,0.057782041653830114,0.2897120101683515,1.9844674545084815,149963075207890.8,330453893129617.7,98.0,240208484168754.25,90245408960863.42,452479318663598.25,1.9844674545084815,16.902393947793243,17.45857884626833,98.0,17.180486397030787,0.27809244923754567,1.3943211450353656,1.9844674545084815,5.929659494659768,6.135554229386592,98.0,6.03260686202318,0.10294736736341181,0.5161653670715668,1.9844674545084815,99.0,0.6161616161616161,-0.04412317093267554,-0.014645906333895894,98.0,-0.029384538633285717,0.014738632299389823,0.0738976794238177,1.9844674545084815,LinearRegression,"{'mode': 'original', 'type': 'LinearRegression'}",7,"['z_re_T6W50', 'z_l1_T6W50', 'z_l2_T6W50', 'z_l3_T6W50', 'z_lsc_T6W50', 'z_diameter_T6W50', 'z_asp_T6W50']",0.056535769037563334,0.10690543763307225,98.0,0.08172060333531779,0.025184834297754456,0.12627364422100937,1.9844674545084815,7.595270495315876,7.742896006136452,98.0,7.669083250726164,0.07381275541028799,0.37008802620877834,1.9844674545084815,completed,False,COMPLETE
115,6.413257946687587,2026-06-12 15:37:23.438934,2026-06-12 15:37:23.696309,0 days 00:00:00.257375,,,,,,,,,,,,,,,XGBRegressor,,,,,,6,,,,,,,,False,gblinear,0.7115467169215933,0.027648751379739503,6.0,57.0,6.651213654002334e-05,0.0003254214080995905,0.9871760507079378,,,,,,,,,,,,,,,,,,,,,,,,,,,,,,,,,,,,,,,,,,,,,XGBRegressor,"{'mode': 'original', 'type': 'XGBRegressor'}",6,"['z_pe_T6W50', 'z_l2_T6W50', 'z_l3_T6W50', 'z_lsc_T6W50', 'z_density_T6W50', 'z_asp_T6W50']",,,,,,,,,,,,,,,pruned,False,PRUNED
116,6.469474558795915,2026-06-12 15:37:23.706171,2026-06-12 15:37:25.968906,0 days 00:00:02.262735,,,,,,,,,,,,,,,LinearRegression,,,,,,5,,,,,,,,False,,,,,,,,,-0.014939333898285459,-0.003834168123719627,98.0,-0.009386751011002543,0.005552582887282916,0.02783996383406595,1.9844674545084815,6.415990106305477,6.522959011286353,98.0,6.469474558795915,0.05348445249043805,0.26816442964388404,1.9844674545084815,164012549966832.47,361046301055754.25,98.0,262529425511293.34,98516875544460.88,493951429069989.94,1.9844674545084815,16.680668763219025,17.12605332974806,98.0,16.903361046483543,0.2226922832645189,1.116551564931891,1.9844674545084815,5.945186760817173,6.110560361450005,98.0,6.027873561133589,0.08268680031641595,0.41458138979535447,1.9844674545084815,99.0,0.6161616161616161,-0.034683475892045595,-0.011318297052059185,98.0,-0.02300088647205239,0.011682589419993204,0.05857505840853925,1.9844674545084815,LinearRegression,"{'mode': 'original', 'type': 'LinearRegression'}",5,"['z_l1_T6W50', 'z_l2_T6W50', 'z_lsc_T6W50', 'z_diameter_T6W50', 'z_asp_T6W50']",0.03570224970645462,0.08687191865352047,98.0,0.061287084179987544,0.02558483447353292,0.1282791956289491,1.9844674545084815,7.58005692740428,7.714828145692573,98.0,7.647442536548427,0.06738560914414689,0.337863109762159,1.9844674545084815,completed,False,COMPLETE
117,6.320991656012346,2026-06-12 15:37:25.981078,2026-06-12 15:37:26.194326,0 days 00:00:00.213248,,,,,,,,,,,,,,0.00348001617625429,QuantileRegressor,,,,,,6,,,,,,,,False,,,,,,,,,,,,,,,,,,,,,,,,,,,,,,,,,,,,,,,,,,,,,,,,,,,,,QuantileRegressor,"{'mode': 'original', 'type': 'QuantileRegressor'}",6,"['z_re_T6W50', 'z_l1_T6W50', 'z_l2_T6W50', 'z_lsc_T6W50', 'z_diameter_T6W50', 'z_asp_T6W50']",,,,,,,,,,,,,,,pruned,False,PRUNED
118,6.3866150851888275,2026-06-12 15:37:26.240182,2026-06-12 15:37:28.633165,0 days 00:00:02.392983,,,,,,,,,,,,,,,LinearRegression,,,,,,6,,,,,,,,True,,,,,,,,,-0.0034648101052985373,0.010283457083393599,98.0,0.003409323489047531,0.006874133594346068,0.03446605562529108,1.9844674545084815,6.331294561882795,6.44193560849486,98.0,6.3866150851888275,0.05532052330603235,0.27737026162164713,1.9844674545084815,148307446392880.38,326725982710119.56,98.0,237516714551499.97,89209268158619.6,447284236834647.2,1.9844674545084815,16.578584154386764,17.036849175966022,98.0,16.807716665176393,0.22913251078962826,1.1488420691930414,1.9844674545084815,5.941151531879425,6.15388926291068,98.0,6.047520397395052,0.1063688655156275,0.5333203356239804,1.9844674545084815,99.0,0.5353535353535354,-0.029266752311320685,-0.0024701360990820095,98.0,-0.015868444205201348,0.013398308106119338,0.0671774596947191,1.9844674545084815,LinearRegression,"{'mode': 'original', 'type': 'LinearRegression'}",6,"['z_re_T6W50', 'z_l1_T6W50', 'z_l2_T6W50', 'z_lsc_T6W50', 'z_diameter_T6W50', 'z_asp_T6W50']",0.07722652983774482,0.12552505391433066,98.0,0.10137579187603775,0.024149262038292926,0.12108141299524935,1.9844674545084815,7.550763111582505,7.686967119596087,98.0,7.618865115589296,0.06810200400679091,0.3414550249972469,1.9844674545084815,completed,True,COMPLETE
