number,value,datetime_start,datetime_complete,duration,params_dt_max_depth,params_dt_min_samples_leaf,params_dt_min_samples_split,params_elastic_alpha,params_elastic_l1_ratio,params_et_max_depth,params_et_max_features,params_et_min_samples_leaf,params_et_min_samples_split,params_et_n_estimators,params_knn_metric,params_knn_n_neighbors,params_knn_weights,params_quantile_alpha,params_regressor,params_rf_max_depth,params_rf_max_features,params_rf_min_samples_leaf,params_rf_min_samples_split,params_rf_n_estimators,params_rfe_n_features,params_rfe_proxy_et_max_depth,params_rfe_proxy_et_min_samples_leaf,params_rfe_proxy_et_min_samples_split,params_rfe_proxy_et_n_estimators,params_rfe_proxy_lsvr_C,params_rfe_proxy_lsvr_epsilon,params_rfe_proxy_type,params_use_scaler,params_xgb_booster,params_xgb_colsample_bytree,params_xgb_learning_rate,params_xgb_max_depth,params_xgb_n_estimators,params_xgb_reg_alpha,params_xgb_reg_lambda,params_xgb_subsample,user_attrs_d2mae_ci_lower_val,user_attrs_d2mae_ci_upper_val,user_attrs_d2mae_df_val,user_attrs_d2mae_mean_val,user_attrs_d2mae_samperror_val,user_attrs_d2mae_std_val,user_attrs_d2mae_t_critical_val,user_attrs_mae_ci_lower_val,user_attrs_mae_ci_upper_val,user_attrs_mae_df_val,user_attrs_mae_mean_val,user_attrs_mae_samperror_val,user_attrs_mae_std_val,user_attrs_mae_t_critical_val,user_attrs_mape_ci_lower_val,user_attrs_mape_ci_upper_val,user_attrs_mape_df_val,user_attrs_mape_mean_val,user_attrs_mape_samperror_val,user_attrs_mape_std_val,user_attrs_mape_t_critical_val,user_attrs_max_error_ci_lower_val,user_attrs_max_error_ci_upper_val,user_attrs_max_error_df_val,user_attrs_max_error_mean_val,user_attrs_max_error_samperror_val,user_attrs_max_error_std_val,user_attrs_max_error_t_critical_val,user_attrs_median_ae_ci_lower_val,user_attrs_median_ae_ci_upper_val,user_attrs_median_ae_df_val,user_attrs_median_ae_mean_val,user_attrs_median_ae_samperror_val,user_attrs_median_ae_std_val,user_attrs_median_ae_t_critical_val,user_attrs_n_splits_val,user_attrs_r2_below_zero_val,user_attrs_r2_ci_lower_val,user_attrs_r2_ci_upper_val,user_attrs_r2_df_val,user_attrs_r2_mean_val,user_attrs_r2_samperror_val,user_attrs_r2_std_val,user_attrs_r2_t_critical_val,user_attrs_regressor_final,user_attrs_rfe_estimator,user_attrs_rfe_n_features,user_attrs_rfe_selected_features,user_attrs_rho_ci_lower_val,user_attrs_rho_ci_upper_val,user_attrs_rho_df_val,user_attrs_rho_mean_val,user_attrs_rho_samperror_val,user_attrs_rho_std_val,user_attrs_rho_t_critical_val,user_attrs_rmse_ci_lower_val,user_attrs_rmse_ci_upper_val,user_attrs_rmse_df_val,user_attrs_rmse_mean_val,user_attrs_rmse_samperror_val,user_attrs_rmse_std_val,user_attrs_rmse_t_critical_val,user_attrs_termination_reason,user_attrs_use_scaler_final,state
291,6.3866150851888275,2026-06-12 15:44:28.960463,2026-06-12 15:44:31.423987,0 days 00:00:02.463524,,,,,,,,,,,,,,,LinearRegression,,,,,,6,,,,,,,,True,,,,,,,,,-0.0034648101052985373,0.010283457083393599,98.0,0.003409323489047531,0.006874133594346068,0.03446605562529108,1.9844674545084815,6.331294561882795,6.44193560849486,98.0,6.3866150851888275,0.05532052330603235,0.27737026162164713,1.9844674545084815,148307446392880.38,326725982710119.56,98.0,237516714551499.97,89209268158619.6,447284236834647.2,1.9844674545084815,16.578584154386764,17.036849175966022,98.0,16.807716665176393,0.22913251078962826,1.1488420691930414,1.9844674545084815,5.941151531879425,6.15388926291068,98.0,6.047520397395052,0.1063688655156275,0.5333203356239804,1.9844674545084815,99.0,0.5353535353535354,-0.029266752311320685,-0.0024701360990820095,98.0,-0.015868444205201348,0.013398308106119338,0.0671774596947191,1.9844674545084815,LinearRegression,"{'mode': 'original', 'type': 'LinearRegression'}",6,"['z_re_T6W50', 'z_l1_T6W50', 'z_l2_T6W50', 'z_lsc_T6W50', 'z_diameter_T6W50', 'z_asp_T6W50']",0.07722652983774482,0.12552505391433066,98.0,0.10137579187603775,0.024149262038292926,0.12108141299524935,1.9844674545084815,7.550763111582505,7.686967119596087,98.0,7.618865115589296,0.06810200400679091,0.3414550249972469,1.9844674545084815,completed,True,COMPLETE
292,6.3866150851888275,2026-06-12 15:44:31.437853,2026-06-12 15:44:34.486763,0 days 00:00:03.048910,,,,,,,,,,,,,,,LinearRegression,,,,,,6,,,,,,,,False,,,,,,,,,-0.00346481010529852,0.010283457083393613,98.0,0.0034093234890475465,0.0068741335943460664,0.03446605562529107,1.9844674545084815,6.331294561882795,6.44193560849486,98.0,6.3866150851888275,0.05532052330603236,0.2773702616216472,1.9844674545084815,148307446392880.3,326725982710119.5,98.0,237516714551499.9,89209268158619.6,447284236834647.2,1.9844674545084815,16.578584154386768,17.036849175966026,98.0,16.807716665176397,0.22913251078962818,1.148842069193041,1.9844674545084815,5.9411515318794255,6.153889262910681,98.0,6.047520397395053,0.1063688655156276,0.5333203356239808,1.9844674545084815,99.0,0.5353535353535354,-0.02926675231132072,-0.002470136099082053,98.0,-0.015868444205201386,0.013398308106119333,0.06717745969471907,1.9844674545084815,LinearRegression,"{'mode': 'original', 'type': 'LinearRegression'}",6,"['z_re_T6W50', 'z_l1_T6W50', 'z_l2_T6W50', 'z_lsc_T6W50', 'z_diameter_T6W50', 'z_asp_T6W50']",0.07722652983774482,0.12552505391433066,98.0,0.10137579187603775,0.024149262038292926,0.12108141299524935,1.9844674545084815,7.550763111582505,7.686967119596087,98.0,7.618865115589296,0.06810200400679096,0.3414550249972472,1.9844674545084815,completed,False,COMPLETE
293,6.3866150851888275,2026-06-12 15:44:34.500389,2026-06-12 15:44:37.353448,0 days 00:00:02.853059,,,,,,,,,,,,,,,LinearRegression,,,,,,6,,,,,,,,False,,,,,,,,,-0.00346481010529852,0.010283457083393613,98.0,0.0034093234890475465,0.0068741335943460664,0.03446605562529107,1.9844674545084815,6.331294561882795,6.44193560849486,98.0,6.3866150851888275,0.05532052330603236,0.2773702616216472,1.9844674545084815,148307446392880.3,326725982710119.5,98.0,237516714551499.9,89209268158619.6,447284236834647.2,1.9844674545084815,16.578584154386768,17.036849175966026,98.0,16.807716665176397,0.22913251078962818,1.148842069193041,1.9844674545084815,5.9411515318794255,6.153889262910681,98.0,6.047520397395053,0.1063688655156276,0.5333203356239808,1.9844674545084815,99.0,0.5353535353535354,-0.02926675231132072,-0.002470136099082053,98.0,-0.015868444205201386,0.013398308106119333,0.06717745969471907,1.9844674545084815,LinearRegression,"{'mode': 'original', 'type': 'LinearRegression'}",6,"['z_re_T6W50', 'z_l1_T6W50', 'z_l2_T6W50', 'z_lsc_T6W50', 'z_diameter_T6W50', 'z_asp_T6W50']",0.07722652983774482,0.12552505391433066,98.0,0.10137579187603775,0.024149262038292926,0.12108141299524935,1.9844674545084815,7.550763111582505,7.686967119596087,98.0,7.618865115589296,0.06810200400679096,0.3414550249972472,1.9844674545084815,completed,False,COMPLETE
294,6.3866150851888275,2026-06-12 15:44:37.366138,2026-06-12 15:44:39.525054,0 days 00:00:02.158916,,,,,,,,,,,,,,,LinearRegression,,,,,,6,,,,,,,,False,,,,,,,,,-0.00346481010529852,0.010283457083393613,98.0,0.0034093234890475465,0.0068741335943460664,0.03446605562529107,1.9844674545084815,6.331294561882795,6.44193560849486,98.0,6.3866150851888275,0.05532052330603236,0.2773702616216472,1.9844674545084815,148307446392880.3,326725982710119.5,98.0,237516714551499.9,89209268158619.6,447284236834647.2,1.9844674545084815,16.578584154386768,17.036849175966026,98.0,16.807716665176397,0.22913251078962818,1.148842069193041,1.9844674545084815,5.9411515318794255,6.153889262910681,98.0,6.047520397395053,0.1063688655156276,0.5333203356239808,1.9844674545084815,99.0,0.5353535353535354,-0.02926675231132072,-0.002470136099082053,98.0,-0.015868444205201386,0.013398308106119333,0.06717745969471907,1.9844674545084815,LinearRegression,"{'mode': 'original', 'type': 'LinearRegression'}",6,"['z_re_T6W50', 'z_l1_T6W50', 'z_l2_T6W50', 'z_lsc_T6W50', 'z_diameter_T6W50', 'z_asp_T6W50']",0.07722652983774482,0.12552505391433066,98.0,0.10137579187603775,0.024149262038292926,0.12108141299524935,1.9844674545084815,7.550763111582505,7.686967119596087,98.0,7.618865115589296,0.06810200400679096,0.3414550249972472,1.9844674545084815,completed,False,COMPLETE
295,6.552156862745098,2026-06-12 15:44:39.543038,2026-06-12 15:44:39.828001,0 days 00:00:00.284963,,,,,,,,,,,minkowski,5.0,uniform,,KNeighborsRegressor,,,,,,7,,,,,7.605061031629499,0.03542417596686542,LinearSVR,,,,,,,,,,,,,,,,,,,,,,,,,,,,,,,,,,,,,,,,,,,,,,,,,,,,,,KNeighborsRegressor,"{'mode': 'proxy', 'type': 'LinearSVR'}",7,"['z_re_T6W50', 'z_pe_T6W50', 'z_l1_T6W50', 'z_l3_T6W50', 'z_lsc_T6W50', 'z_diameter_T6W50', 'z_asp_T6W50']",,,,,,,,,,,,,,,pruned,True,PRUNED
296,6.3866150851888275,2026-06-12 15:44:39.837890,2026-06-12 15:44:41.658764,0 days 00:00:01.820874,,,,,,,,,,,,,,,LinearRegression,,,,,,6,,,,,,,,False,,,,,,,,,-0.00346481010529852,0.010283457083393613,98.0,0.0034093234890475465,0.0068741335943460664,0.03446605562529107,1.9844674545084815,6.331294561882795,6.44193560849486,98.0,6.3866150851888275,0.05532052330603236,0.2773702616216472,1.9844674545084815,148307446392880.3,326725982710119.5,98.0,237516714551499.9,89209268158619.6,447284236834647.2,1.9844674545084815,16.578584154386768,17.036849175966026,98.0,16.807716665176397,0.22913251078962818,1.148842069193041,1.9844674545084815,5.9411515318794255,6.153889262910681,98.0,6.047520397395053,0.1063688655156276,0.5333203356239808,1.9844674545084815,99.0,0.5353535353535354,-0.02926675231132072,-0.002470136099082053,98.0,-0.015868444205201386,0.013398308106119333,0.06717745969471907,1.9844674545084815,LinearRegression,"{'mode': 'original', 'type': 'LinearRegression'}",6,"['z_re_T6W50', 'z_l1_T6W50', 'z_l2_T6W50', 'z_lsc_T6W50', 'z_diameter_T6W50', 'z_asp_T6W50']",0.07722652983774482,0.12552505391433066,98.0,0.10137579187603775,0.024149262038292926,0.12108141299524935,1.9844674545084815,7.550763111582505,7.686967119596087,98.0,7.618865115589296,0.06810200400679096,0.3414550249972472,1.9844674545084815,completed,False,COMPLETE
297,6.35686274509804,2026-06-12 15:44:41.671787,2026-06-12 15:44:41.843638,0 days 00:00:00.171851,,,,,,,,,,,,,,0.44184863459146134,QuantileRegressor,,,,,,5,,,,,,,,False,,,,,,,,,,,,,,,,,,,,,,,,,,,,,,,,,,,,,,,,,,,,,,,,,,,,,QuantileRegressor,"{'mode': 'original', 'type': 'QuantileRegressor'}",5,"['z_l3_T6W50', 'z_lsc_T6W50', 'z_density_T6W50', 'z_diameter_T6W50', 'z_asp_T6W50']",,,,,,,,,,,,,,,pruned,False,PRUNED
298,6.3866150851888275,2026-06-12 15:44:41.853400,2026-06-12 15:44:43.677060,0 days 00:00:01.823660,,,,,,,,,,,,,,,LinearRegression,,,,,,6,,,,,,,,False,,,,,,,,,-0.00346481010529852,0.010283457083393613,98.0,0.0034093234890475465,0.0068741335943460664,0.03446605562529107,1.9844674545084815,6.331294561882795,6.44193560849486,98.0,6.3866150851888275,0.05532052330603236,0.2773702616216472,1.9844674545084815,148307446392880.3,326725982710119.5,98.0,237516714551499.9,89209268158619.6,447284236834647.2,1.9844674545084815,16.578584154386768,17.036849175966026,98.0,16.807716665176397,0.22913251078962818,1.148842069193041,1.9844674545084815,5.9411515318794255,6.153889262910681,98.0,6.047520397395053,0.1063688655156276,0.5333203356239808,1.9844674545084815,99.0,0.5353535353535354,-0.02926675231132072,-0.002470136099082053,98.0,-0.015868444205201386,0.013398308106119333,0.06717745969471907,1.9844674545084815,LinearRegression,"{'mode': 'original', 'type': 'LinearRegression'}",6,"['z_re_T6W50', 'z_l1_T6W50', 'z_l2_T6W50', 'z_lsc_T6W50', 'z_diameter_T6W50', 'z_asp_T6W50']",0.07722652983774482,0.12552505391433066,98.0,0.10137579187603775,0.024149262038292926,0.12108141299524935,1.9844674545084815,7.550763111582505,7.686967119596087,98.0,7.618865115589296,0.06810200400679096,0.3414550249972472,1.9844674545084815,completed,False,COMPLETE
299,6.498985595133995,2026-06-12 15:44:43.690346,2026-06-12 15:45:08.590908,0 days 00:00:24.900562,,,,,,11.0,sqrt,2.0,10.0,481.0,,,,,ExtraTreesRegressor,,,,,,6,,,,,,,,False,,,,,,,,,-0.018991040028232587,-0.008941926720864173,98.0,-0.01396648337454838,0.005024556653684206,0.025192505606923755,1.9844674545084815,6.4465452220998225,6.551425968168167,98.0,6.498985595133995,0.05244037303417248,0.2629295443855483,1.9844674545084815,161033036775205.7,354684716628739.6,98.0,257858876701972.66,96825839926766.98,485472785636041.56,1.9844674545084815,16.602057865218377,17.238515431073992,98.0,16.920286648146185,0.31822878292780904,1.5955597579569494,1.9844674545084815,6.11692857469434,6.280061784892977,98.0,6.1984951797936585,0.08156660509931908,0.40896486952647265,1.9844674545084815,99.0,0.7676767676767676,-0.04406436085245512,-0.025880834149891466,98.0,-0.03497259750117329,0.009091763351281828,0.04558497694240285,1.9844674545084815,ExtraTreesRegressor,"{'mode': 'original', 'type': 'ExtraTreesRegressor'}",6,"['z_re_T6W50', 'z_l2_T6W50', 'z_l3_T6W50', 'z_lsc_T6W50', 'z_density_T6W50', 'z_asp_T6W50']",-0.016794663965917812,0.031319031842452445,98.0,0.0072621839382673165,0.02405684790418513,0.12061805995693452,1.9844674545084815,7.628280677528752,7.759177238616009,98.0,7.693728958072381,0.06544828054362826,0.32814958377470044,1.9844674545084815,completed,False,COMPLETE
