number,value,datetime_start,datetime_complete,duration,params_dt_max_depth,params_dt_min_samples_leaf,params_dt_min_samples_split,params_elastic_alpha,params_elastic_l1_ratio,params_et_max_depth,params_et_max_features,params_et_min_samples_leaf,params_et_min_samples_split,params_et_n_estimators,params_knn_metric,params_knn_n_neighbors,params_knn_weights,params_quantile_alpha,params_regressor,params_rf_max_depth,params_rf_max_features,params_rf_min_samples_leaf,params_rf_min_samples_split,params_rf_n_estimators,params_rfe_n_features,params_rfe_proxy_et_max_depth,params_rfe_proxy_et_min_samples_leaf,params_rfe_proxy_et_min_samples_split,params_rfe_proxy_et_n_estimators,params_rfe_proxy_lsvr_C,params_rfe_proxy_lsvr_epsilon,params_rfe_proxy_type,params_use_scaler,params_xgb_booster,params_xgb_colsample_bytree,params_xgb_learning_rate,params_xgb_max_depth,params_xgb_n_estimators,params_xgb_reg_alpha,params_xgb_reg_lambda,params_xgb_subsample,user_attrs_d2mae_ci_lower_val,user_attrs_d2mae_ci_upper_val,user_attrs_d2mae_df_val,user_attrs_d2mae_mean_val,user_attrs_d2mae_samperror_val,user_attrs_d2mae_std_val,user_attrs_d2mae_t_critical_val,user_attrs_mae_ci_lower_val,user_attrs_mae_ci_upper_val,user_attrs_mae_df_val,user_attrs_mae_mean_val,user_attrs_mae_samperror_val,user_attrs_mae_std_val,user_attrs_mae_t_critical_val,user_attrs_mape_ci_lower_val,user_attrs_mape_ci_upper_val,user_attrs_mape_df_val,user_attrs_mape_mean_val,user_attrs_mape_samperror_val,user_attrs_mape_std_val,user_attrs_mape_t_critical_val,user_attrs_max_error_ci_lower_val,user_attrs_max_error_ci_upper_val,user_attrs_max_error_df_val,user_attrs_max_error_mean_val,user_attrs_max_error_samperror_val,user_attrs_max_error_std_val,user_attrs_max_error_t_critical_val,user_attrs_median_ae_ci_lower_val,user_attrs_median_ae_ci_upper_val,user_attrs_median_ae_df_val,user_attrs_median_ae_mean_val,user_attrs_median_ae_samperror_val,user_attrs_median_ae_std_val,user_attrs_median_ae_t_critical_val,user_attrs_n_splits_val,user_attrs_r2_below_zero_val,user_attrs_r2_ci_lower_val,user_attrs_r2_ci_upper_val,user_attrs_r2_df_val,user_attrs_r2_mean_val,user_attrs_r2_samperror_val,user_attrs_r2_std_val,user_attrs_r2_t_critical_val,user_attrs_regressor_final,user_attrs_rfe_estimator,user_attrs_rfe_n_features,user_attrs_rfe_selected_features,user_attrs_rho_ci_lower_val,user_attrs_rho_ci_upper_val,user_attrs_rho_df_val,user_attrs_rho_mean_val,user_attrs_rho_samperror_val,user_attrs_rho_std_val,user_attrs_rho_t_critical_val,user_attrs_rmse_ci_lower_val,user_attrs_rmse_ci_upper_val,user_attrs_rmse_df_val,user_attrs_rmse_mean_val,user_attrs_rmse_samperror_val,user_attrs_rmse_std_val,user_attrs_rmse_t_critical_val,user_attrs_termination_reason,user_attrs_use_scaler_final,state
40,6.5022745412307765,2026-06-12 15:33:04.997173,2026-06-12 15:33:07.899493,0 days 00:00:02.902320,,,,,,,,,,,,,,,LinearRegression,,,,,,4,,,,,,,,True,,,,,,,,,-0.020423204179388046,-0.008671491456195033,98.0,-0.01454734781779154,0.005875856361596507,0.029460817050686226,1.9844674545084815,6.44838017549803,6.556168906963523,98.0,6.5022745412307765,0.053894365732746426,0.27021968394132223,1.9844674545084815,164551127228488.25,362223603108743.1,98.0,263387365168615.7,98836237940127.44,495552672622009.9,1.9844674545084815,16.371241841891653,16.818457270172885,98.0,16.59484955603227,0.22360771414061759,1.121141422120974,1.9844674545084815,6.17027213753671,6.320672615861911,98.0,6.24547237669931,0.07520023916260032,0.3770446981340544,1.9844674545084815,99.0,0.5353535353535354,-0.03223000177065383,-0.011246911405359213,98.0,-0.02173845658800652,0.010491545182647308,0.0526033099149822,1.9844674545084815,LinearRegression,"{'mode': 'original', 'type': 'LinearRegression'}",4,"['z_re_T6W50', 'z_l2_T6W50', 'z_diameter_T6W50', 'z_asp_T6W50']",0.014163776115094739,0.06720614953454629,98.0,0.040684962824820516,0.026521186709725777,0.13297394992991768,1.9844674545084815,7.578951438356307,7.706877498282695,98.0,7.642914468319501,0.06396302996319433,0.3207027210653641,1.9844674545084815,completed,True,COMPLETE
41,6.3866150851888275,2026-06-12 15:33:07.912341,2026-06-12 15:33:10.523907,0 days 00:00:02.611566,,,,,,,,,,,,,,,LinearRegression,,,,,,6,,,,,,,,False,,,,,,,,,-0.00346481010529852,0.010283457083393613,98.0,0.0034093234890475465,0.0068741335943460664,0.03446605562529107,1.9844674545084815,6.331294561882795,6.44193560849486,98.0,6.3866150851888275,0.05532052330603236,0.2773702616216472,1.9844674545084815,148307446392880.3,326725982710119.5,98.0,237516714551499.9,89209268158619.6,447284236834647.2,1.9844674545084815,16.578584154386768,17.036849175966026,98.0,16.807716665176397,0.22913251078962818,1.148842069193041,1.9844674545084815,5.9411515318794255,6.153889262910681,98.0,6.047520397395053,0.1063688655156276,0.5333203356239808,1.9844674545084815,99.0,0.5353535353535354,-0.02926675231132072,-0.002470136099082053,98.0,-0.015868444205201386,0.013398308106119333,0.06717745969471907,1.9844674545084815,LinearRegression,"{'mode': 'original', 'type': 'LinearRegression'}",6,"['z_re_T6W50', 'z_l1_T6W50', 'z_l2_T6W50', 'z_lsc_T6W50', 'z_diameter_T6W50', 'z_asp_T6W50']",0.07722652983774482,0.12552505391433066,98.0,0.10137579187603775,0.024149262038292926,0.12108141299524935,1.9844674545084815,7.550763111582505,7.686967119596087,98.0,7.618865115589296,0.06810200400679096,0.3414550249972472,1.9844674545084815,completed,False,COMPLETE
42,6.3866150851888275,2026-06-12 15:33:10.536456,2026-06-12 15:33:12.869082,0 days 00:00:02.332626,,,,,,,,,,,,,,,LinearRegression,,,,,,6,,,,,,,,False,,,,,,,,,-0.00346481010529852,0.010283457083393613,98.0,0.0034093234890475465,0.0068741335943460664,0.03446605562529107,1.9844674545084815,6.331294561882795,6.44193560849486,98.0,6.3866150851888275,0.05532052330603236,0.2773702616216472,1.9844674545084815,148307446392880.3,326725982710119.5,98.0,237516714551499.9,89209268158619.6,447284236834647.2,1.9844674545084815,16.578584154386768,17.036849175966026,98.0,16.807716665176397,0.22913251078962818,1.148842069193041,1.9844674545084815,5.9411515318794255,6.153889262910681,98.0,6.047520397395053,0.1063688655156276,0.5333203356239808,1.9844674545084815,99.0,0.5353535353535354,-0.02926675231132072,-0.002470136099082053,98.0,-0.015868444205201386,0.013398308106119333,0.06717745969471907,1.9844674545084815,LinearRegression,"{'mode': 'original', 'type': 'LinearRegression'}",6,"['z_re_T6W50', 'z_l1_T6W50', 'z_l2_T6W50', 'z_lsc_T6W50', 'z_diameter_T6W50', 'z_asp_T6W50']",0.07722652983774482,0.12552505391433066,98.0,0.10137579187603775,0.024149262038292926,0.12108141299524935,1.9844674545084815,7.550763111582505,7.686967119596087,98.0,7.618865115589296,0.06810200400679096,0.3414550249972472,1.9844674545084815,completed,False,COMPLETE
43,6.469474558795915,2026-06-12 15:33:12.883298,2026-06-12 15:33:15.882592,0 days 00:00:02.999294,,,,,,,,,,,,,,,LinearRegression,,,,,,5,,,,,,,,False,,,,,,,,,-0.014939333898285459,-0.003834168123719627,98.0,-0.009386751011002543,0.005552582887282916,0.02783996383406595,1.9844674545084815,6.415990106305477,6.522959011286353,98.0,6.469474558795915,0.05348445249043805,0.26816442964388404,1.9844674545084815,164012549966832.47,361046301055754.25,98.0,262529425511293.34,98516875544460.88,493951429069989.94,1.9844674545084815,16.680668763219025,17.12605332974806,98.0,16.903361046483543,0.2226922832645189,1.116551564931891,1.9844674545084815,5.945186760817173,6.110560361450005,98.0,6.027873561133589,0.08268680031641595,0.41458138979535447,1.9844674545084815,99.0,0.6161616161616161,-0.034683475892045595,-0.011318297052059185,98.0,-0.02300088647205239,0.011682589419993204,0.05857505840853925,1.9844674545084815,LinearRegression,"{'mode': 'original', 'type': 'LinearRegression'}",5,"['z_l1_T6W50', 'z_l2_T6W50', 'z_lsc_T6W50', 'z_diameter_T6W50', 'z_asp_T6W50']",0.03570224970645462,0.08687191865352047,98.0,0.061287084179987544,0.02558483447353292,0.1282791956289491,1.9844674545084815,7.58005692740428,7.714828145692573,98.0,7.647442536548427,0.06738560914414689,0.337863109762159,1.9844674545084815,completed,False,COMPLETE
44,6.524826698356111,2026-06-12 15:33:15.894977,2026-06-12 15:33:18.467985,0 days 00:00:02.573008,,,,,,,,,,,manhattan,20.0,uniform,,KNeighborsRegressor,,,,,,6,,,,,0.8167733336125024,0.0023413460581373433,LinearSVR,,,,,,,,,,-0.02489513898091677,-0.010935601523397606,98.0,-0.017915370252157187,0.006979768728759582,0.03499569712391948,1.9844674545084815,6.461755305117583,6.587898091594639,98.0,6.524826698356111,0.06307139323852805,0.3162321648086197,1.9844674545084815,167204963877080.16,368784938298982.25,98.0,267994951088031.22,100789987210951.06,505348529819412.0,1.9844674545084815,16.30435729965797,16.860289164988497,98.0,16.582323232323233,0.2779659326652645,1.393686806589958,1.9844674545084815,6.074855741286434,6.251406884976191,98.0,6.163131313131313,0.08827557184487866,0.4426027990003588,1.9844674545084815,99.0,0.7474747474747475,-0.06032290372024102,-0.03254373182550957,98.0,-0.04643331777287529,0.013889585947365725,0.06964066602777577,1.9844674545084815,KNeighborsRegressor,"{'mode': 'proxy', 'type': 'LinearSVR'}",6,"['z_re_T6W50', 'z_l1_T6W50', 'z_l2_T6W50', 'z_lsc_T6W50', 'z_diameter_T6W50', 'z_asp_T6W50']",0.0034982997864591477,0.056548075738834025,98.0,0.030023187762646585,0.026524887976187437,0.13299250762217094,1.9844674545084815,7.656672208035917,7.8119136854527005,98.0,7.734292946744309,0.07762073870839191,0.3891807834808479,1.9844674545084815,completed,True,COMPLETE
45,6.4931040458799645,2026-06-12 15:33:18.486012,2026-06-12 15:33:21.684412,0 days 00:00:03.198400,,,,0.03771649098336815,0.4958284019573974,,,,,,,,,,ElasticNet,,,,,,7,,,,,,,,False,,,,,,,,,-0.017626423922333472,-0.008481655859886722,98.0,-0.013054039891110097,0.004572384031223375,0.02292536800418834,1.9844674545084815,6.4424985892266715,6.5437095025332574,98.0,6.4931040458799645,0.050605456653292816,0.25372950060065985,1.9844674545084815,166638488708122.78,366868093595395.9,98.0,266753291151759.3,100114802443636.53,501963236905298.1,1.9844674545084815,16.53110139626249,17.039428227386647,98.0,16.785264811824568,0.2541634155620786,1.274343929812715,1.9844674545084815,6.177860642293098,6.325692330561996,98.0,6.251776486427547,0.07391584413444897,0.3706049003213494,1.9844674545084815,99.0,0.6565656565656566,-0.03529441353325455,-0.01926508284870686,98.0,-0.027279748190980703,0.008014665342273842,0.040184540744466105,1.9844674545084815,ElasticNet,"{'mode': 'original', 'type': 'ElasticNet'}",7,"['z_re_T6W50', 'z_l1_T6W50', 'z_l2_T6W50', 'z_l3_T6W50', 'z_lsc_T6W50', 'z_diameter_T6W50', 'z_asp_T6W50']",-0.02283537325208371,0.023949660617619977,98.0,0.0005571436827681344,0.023392516934851844,0.1172871866434631,1.9844674545084815,7.60248043843493,7.728293229988039,98.0,7.665386834211485,0.0629063957765545,0.3154048879417446,1.9844674545084815,completed,False,COMPLETE
46,6.469474558795915,2026-06-12 15:33:21.697397,2026-06-12 15:33:24.096657,0 days 00:00:02.399260,,,,,,,,,,,,,,,LinearRegression,,,,,,5,,,,,,,,False,,,,,,,,,-0.014939333898285459,-0.003834168123719627,98.0,-0.009386751011002543,0.005552582887282916,0.02783996383406595,1.9844674545084815,6.415990106305477,6.522959011286353,98.0,6.469474558795915,0.05348445249043805,0.26816442964388404,1.9844674545084815,164012549966832.47,361046301055754.25,98.0,262529425511293.34,98516875544460.88,493951429069989.94,1.9844674545084815,16.680668763219025,17.12605332974806,98.0,16.903361046483543,0.2226922832645189,1.116551564931891,1.9844674545084815,5.945186760817173,6.110560361450005,98.0,6.027873561133589,0.08268680031641595,0.41458138979535447,1.9844674545084815,99.0,0.6161616161616161,-0.034683475892045595,-0.011318297052059185,98.0,-0.02300088647205239,0.011682589419993204,0.05857505840853925,1.9844674545084815,LinearRegression,"{'mode': 'original', 'type': 'LinearRegression'}",5,"['z_l1_T6W50', 'z_l2_T6W50', 'z_lsc_T6W50', 'z_diameter_T6W50', 'z_asp_T6W50']",0.03570224970645462,0.08687191865352047,98.0,0.061287084179987544,0.02558483447353292,0.1282791956289491,1.9844674545084815,7.58005692740428,7.714828145692573,98.0,7.647442536548427,0.06738560914414689,0.337863109762159,1.9844674545084815,completed,False,COMPLETE
47,6.946305142832238,2026-06-12 15:33:24.111635,2026-06-12 15:33:27.374623,0 days 00:00:03.262988,3.0,1.0,20.0,,,,,,,,,,,,DecisionTreeRegressor,,,,,,6,,,,,,,,False,,,,,,,,,-0.09600013145037008,-0.07174523908660428,98.0,-0.08387268526848718,0.012127446181882894,0.06080551519122206,1.9844674545084815,6.859421959066013,7.033188326598464,98.0,6.946305142832238,0.086883183766226,0.4356215373893965,1.9844674545084815,152281348832875.44,338793508183067.0,98.0,245537428507971.22,93256079675095.78,467574449254530.3,1.9844674545084815,18.70734299062062,19.617795658291815,98.0,19.162569324456218,0.4552263338355972,2.2824485338748475,1.9844674545084815,6.056231637533104,6.347032477388998,98.0,6.201632057461051,0.14540041992794703,0.7290197218888984,1.9844674545084815,99.0,1.0,-0.2696914723438588,-0.21444059522884582,98.0,-0.24206603378635233,0.027625438557506515,0.13851053211697975,1.9844674545084815,DecisionTreeRegressor,"{'mode': 'original', 'type': 'DecisionTreeRegressor'}",6,"['z_l1_T6W50', 'z_l2_T6W50', 'z_l3_T6W50', 'z_lsc_T6W50', 'z_diameter_T6W50', 'z_asp_T6W50']",-0.04412512119245093,0.000451314937317978,98.0,-0.02183690312756648,0.022288218064884457,0.11175036869297306,1.9844674545084815,8.31417674338978,8.516115173927457,98.0,8.415145958658618,0.10096921526883879,0.5062471571341113,1.9844674545084815,completed,False,COMPLETE
48,6.405454192703757,2026-06-12 15:33:27.387447,2026-06-12 15:33:30.348516,0 days 00:00:02.961069,,,,,,,,,,,,,,,LinearRegression,,,,,,7,,,,,,,,False,,,,,,,,,-0.006758289294055926,0.007728103531980779,98.0,0.0004849071189624265,0.0072431964130183525,0.03631649095114042,1.9844674545084815,6.3476721510499265,6.463236234357587,98.0,6.405454192703757,0.057782041653830114,0.2897120101683515,1.9844674545084815,149963075207890.8,330453893129617.7,98.0,240208484168754.25,90245408960863.42,452479318663598.25,1.9844674545084815,16.902393947793243,17.45857884626833,98.0,17.180486397030787,0.27809244923754567,1.3943211450353656,1.9844674545084815,5.929659494659768,6.135554229386592,98.0,6.03260686202318,0.10294736736341181,0.5161653670715668,1.9844674545084815,99.0,0.6161616161616161,-0.04412317093267554,-0.014645906333895894,98.0,-0.029384538633285717,0.014738632299389823,0.0738976794238177,1.9844674545084815,LinearRegression,"{'mode': 'original', 'type': 'LinearRegression'}",7,"['z_re_T6W50', 'z_l1_T6W50', 'z_l2_T6W50', 'z_l3_T6W50', 'z_lsc_T6W50', 'z_diameter_T6W50', 'z_asp_T6W50']",0.056535769037563334,0.10690543763307225,98.0,0.08172060333531779,0.025184834297754456,0.12627364422100937,1.9844674545084815,7.595270495315876,7.742896006136452,98.0,7.669083250726164,0.07381275541028799,0.37008802620877834,1.9844674545084815,completed,False,COMPLETE
49,6.3866150851888275,2026-06-12 15:33:30.361269,2026-06-12 15:33:32.745078,0 days 00:00:02.383809,,,,,,,,,,,,,,,LinearRegression,,,,,,6,,,,,,,,False,,,,,,,,,-0.00346481010529852,0.010283457083393613,98.0,0.0034093234890475465,0.0068741335943460664,0.03446605562529107,1.9844674545084815,6.331294561882795,6.44193560849486,98.0,6.3866150851888275,0.05532052330603236,0.2773702616216472,1.9844674545084815,148307446392880.3,326725982710119.5,98.0,237516714551499.9,89209268158619.6,447284236834647.2,1.9844674545084815,16.578584154386768,17.036849175966026,98.0,16.807716665176397,0.22913251078962818,1.148842069193041,1.9844674545084815,5.9411515318794255,6.153889262910681,98.0,6.047520397395053,0.1063688655156276,0.5333203356239808,1.9844674545084815,99.0,0.5353535353535354,-0.02926675231132072,-0.002470136099082053,98.0,-0.015868444205201386,0.013398308106119333,0.06717745969471907,1.9844674545084815,LinearRegression,"{'mode': 'original', 'type': 'LinearRegression'}",6,"['z_re_T6W50', 'z_l1_T6W50', 'z_l2_T6W50', 'z_lsc_T6W50', 'z_diameter_T6W50', 'z_asp_T6W50']",0.07722652983774482,0.12552505391433066,98.0,0.10137579187603775,0.024149262038292926,0.12108141299524935,1.9844674545084815,7.550763111582505,7.686967119596087,98.0,7.618865115589296,0.06810200400679096,0.3414550249972472,1.9844674545084815,completed,False,COMPLETE
50,6.456148479499068,2026-06-12 15:33:32.759864,2026-06-12 15:33:34.150173,0 days 00:00:01.390309,,,,,,,,,,,,,,,XGBRegressor,,,,,,7,,,,,,,,True,gbtree,0.5028912684272712,0.006915011720212902,2.0,488.0,2.3805248364984654e-08,1.9775692383832936e-08,0.8624222123208655,,,,,,,,,,,,,,,,,,,,,,,,,,,,,,,,,,,,,,,,,,,,,XGBRegressor,"{'mode': 'original', 'type': 'XGBRegressor'}",7,"['z_re_T6W50', 'z_pe_T6W50', 'z_l2_T6W50', 'z_l3_T6W50', 'z_lsc_T6W50', 'z_density_T6W50', 'z_asp_T6W50']",,,,,,,,,,,,,,,pruned,True,PRUNED
51,6.3866150851888275,2026-06-12 15:33:34.203353,2026-06-12 15:33:36.837319,0 days 00:00:02.633966,,,,,,,,,,,,,,,LinearRegression,,,,,,6,,,,,,,,False,,,,,,,,,-0.00346481010529852,0.010283457083393613,98.0,0.0034093234890475465,0.0068741335943460664,0.03446605562529107,1.9844674545084815,6.331294561882795,6.44193560849486,98.0,6.3866150851888275,0.05532052330603236,0.2773702616216472,1.9844674545084815,148307446392880.3,326725982710119.5,98.0,237516714551499.9,89209268158619.6,447284236834647.2,1.9844674545084815,16.578584154386768,17.036849175966026,98.0,16.807716665176397,0.22913251078962818,1.148842069193041,1.9844674545084815,5.9411515318794255,6.153889262910681,98.0,6.047520397395053,0.1063688655156276,0.5333203356239808,1.9844674545084815,99.0,0.5353535353535354,-0.02926675231132072,-0.002470136099082053,98.0,-0.015868444205201386,0.013398308106119333,0.06717745969471907,1.9844674545084815,LinearRegression,"{'mode': 'original', 'type': 'LinearRegression'}",6,"['z_re_T6W50', 'z_l1_T6W50', 'z_l2_T6W50', 'z_lsc_T6W50', 'z_diameter_T6W50', 'z_asp_T6W50']",0.07722652983774482,0.12552505391433066,98.0,0.10137579187603775,0.024149262038292926,0.12108141299524935,1.9844674545084815,7.550763111582505,7.686967119596087,98.0,7.618865115589296,0.06810200400679096,0.3414550249972472,1.9844674545084815,completed,False,COMPLETE
52,6.3866150851888275,2026-06-12 15:33:36.851445,2026-06-12 15:33:39.130504,0 days 00:00:02.279059,,,,,,,,,,,,,,,LinearRegression,,,,,,6,,,,,,,,False,,,,,,,,,-0.00346481010529852,0.010283457083393613,98.0,0.0034093234890475465,0.0068741335943460664,0.03446605562529107,1.9844674545084815,6.331294561882795,6.44193560849486,98.0,6.3866150851888275,0.05532052330603236,0.2773702616216472,1.9844674545084815,148307446392880.3,326725982710119.5,98.0,237516714551499.9,89209268158619.6,447284236834647.2,1.9844674545084815,16.578584154386768,17.036849175966026,98.0,16.807716665176397,0.22913251078962818,1.148842069193041,1.9844674545084815,5.9411515318794255,6.153889262910681,98.0,6.047520397395053,0.1063688655156276,0.5333203356239808,1.9844674545084815,99.0,0.5353535353535354,-0.02926675231132072,-0.002470136099082053,98.0,-0.015868444205201386,0.013398308106119333,0.06717745969471907,1.9844674545084815,LinearRegression,"{'mode': 'original', 'type': 'LinearRegression'}",6,"['z_re_T6W50', 'z_l1_T6W50', 'z_l2_T6W50', 'z_lsc_T6W50', 'z_diameter_T6W50', 'z_asp_T6W50']",0.07722652983774482,0.12552505391433066,98.0,0.10137579187603775,0.024149262038292926,0.12108141299524935,1.9844674545084815,7.550763111582505,7.686967119596087,98.0,7.618865115589296,0.06810200400679096,0.3414550249972472,1.9844674545084815,completed,False,COMPLETE
53,6.591349899843675,2026-06-12 15:33:39.142802,2026-06-12 15:33:41.735808,0 days 00:00:02.593006,,,,,,,,,,,euclidean,10.0,distance,,KNeighborsRegressor,,,,,,5,,,,,0.001097877797826988,0.9527260601973234,LinearSVR,,,,,,,,,,-0.037532460120934606,-0.019331069381367146,98.0,-0.028431764751150876,0.009100695369783732,0.04562976097842827,1.9844674545084815,6.520866402204911,6.6618333974824395,98.0,6.591349899843675,0.07048349763876417,0.3533955395165425,1.9844674545084815,164618417689092.62,364240202390019.1,98.0,264429310039555.88,99810892350463.23,500439469286784.94,1.9844674545084815,18.02184822946629,18.828334381519323,98.0,18.425091305492806,0.403243076026517,2.0218109086903104,1.9844674545084815,5.830001722175468,6.031157751211668,98.0,5.930579736693568,0.10057801451810024,0.5042857249549781,1.9844674545084815,99.0,0.8686868686868687,-0.11267629697042042,-0.0778014908950799,98.0,-0.09523889393275016,0.017437403037670253,0.08742898211220103,1.9844674545084815,KNeighborsRegressor,"{'mode': 'proxy', 'type': 'LinearSVR'}",5,"['z_l1_T6W50', 'z_l3_T6W50', 'z_lsc_T6W50', 'z_diameter_T6W50', 'z_asp_T6W50']",0.001188054634284924,0.050572704907472545,98.0,0.025880379770878734,0.02469232513659381,0.12380426420219652,1.9844674545084815,7.822990794182665,7.998522878319513,98.0,7.910756836251089,0.08776604206842366,0.44004807972162896,1.9844674545084815,completed,True,COMPLETE
