number,value,datetime_start,datetime_complete,duration,params_regressor,params_rfe_n_features,params_use_scaler,user_attrs_d2mae_ci_lower_val,user_attrs_d2mae_ci_upper_val,user_attrs_d2mae_df_val,user_attrs_d2mae_mean_val,user_attrs_d2mae_samperror_val,user_attrs_d2mae_std_val,user_attrs_d2mae_t_critical_val,user_attrs_mae_ci_lower_val,user_attrs_mae_ci_upper_val,user_attrs_mae_df_val,user_attrs_mae_mean_val,user_attrs_mae_samperror_val,user_attrs_mae_std_val,user_attrs_mae_t_critical_val,user_attrs_mape_ci_lower_val,user_attrs_mape_ci_upper_val,user_attrs_mape_df_val,user_attrs_mape_mean_val,user_attrs_mape_samperror_val,user_attrs_mape_std_val,user_attrs_mape_t_critical_val,user_attrs_max_error_ci_lower_val,user_attrs_max_error_ci_upper_val,user_attrs_max_error_df_val,user_attrs_max_error_mean_val,user_attrs_max_error_samperror_val,user_attrs_max_error_std_val,user_attrs_max_error_t_critical_val,user_attrs_median_ae_ci_lower_val,user_attrs_median_ae_ci_upper_val,user_attrs_median_ae_df_val,user_attrs_median_ae_mean_val,user_attrs_median_ae_samperror_val,user_attrs_median_ae_std_val,user_attrs_median_ae_t_critical_val,user_attrs_n_splits_val,user_attrs_r2_below_zero_val,user_attrs_r2_ci_lower_val,user_attrs_r2_ci_upper_val,user_attrs_r2_df_val,user_attrs_r2_mean_val,user_attrs_r2_samperror_val,user_attrs_r2_std_val,user_attrs_r2_t_critical_val,user_attrs_regressor_final,user_attrs_rfe_estimator,user_attrs_rfe_n_features,user_attrs_rfe_selected_features,user_attrs_rho_ci_lower_val,user_attrs_rho_ci_upper_val,user_attrs_rho_df_val,user_attrs_rho_mean_val,user_attrs_rho_samperror_val,user_attrs_rho_std_val,user_attrs_rho_t_critical_val,user_attrs_rmse_ci_lower_val,user_attrs_rmse_ci_upper_val,user_attrs_rmse_df_val,user_attrs_rmse_mean_val,user_attrs_rmse_samperror_val,user_attrs_rmse_std_val,user_attrs_rmse_t_critical_val,user_attrs_termination_reason,user_attrs_trial_time_seconds,user_attrs_use_scaler_final,state
439,2.838103836844524,2026-06-13 17:11:37.845772,2026-06-13 17:11:40.325562,0 days 00:00:02.479790,LinearRegression,2,True,-0.00933470819845633,-0.0036250869931801267,298,-0.006479897595818228,0.0028548106026381015,0.02508403506902926,1.9679565064968196,2.8233731520302285,2.85283452165882,298,2.838103836844524,0.014730684814295415,0.1294324093273113,1.9679565064968196,929137686071701.0,1058181355868133.0,298,993659520969917.0,64521834898215.97,566926565219197.1,1.9679565064968196,8.207176405368854,8.495939045465212,298,8.351557725417033,0.1443813200481797,1.2686186929719723,1.9679565064968196,2.548265378643884,2.597249722118999,298,2.5727575503814415,0.02449217173755751,0.21520254065676153,1.9679565064968196,299,0.431438127090301,-0.007400224608535493,0.0032335958059081806,298,-0.0020833144013136565,0.005316910207221837,0.046717481703895426,1.9679565064968196,LinearRegression,"{'mode': 'original', 'type': 'LinearRegression'}",2,"['nodes_T6W30', 'lcc_T6W30']",0.12033636281774154,0.14827191796007796,298,0.13430414038890975,0.013967777571168204,0.12272906024231935,1.9679565064968196,3.4323998550655683,3.475933963558082,298,3.4541669093118252,0.021767054246257043,0.19125806509125887,1.9679565064968196,completed,2.472132921218872,True,COMPLETE
440,2.9685696426865005,2026-06-13 17:11:40.336751,2026-06-13 17:11:42.935852,0 days 00:00:02.599101,LinearRegression,12,True,-0.0584706951810886,-0.047138814421693535,298,-0.05280475480139107,0.0056659403796975325,0.049784264865776355,1.9679565064968196,2.9483312837877125,2.9888080015852885,298,2.9685696426865005,0.020238358898787816,0.17782605399029652,1.9679565064968196,953660927808996.9,1086912910368333.6,298,1020286919088665.2,66625991279668.43,585414913417953.8,1.9679565064968196,8.944056379601255,9.361583828701809,298,9.152820104151532,0.20876372455027709,1.834320141210486,1.9679565064968196,2.615529415003757,2.6645784337740546,298,2.640053924388906,0.024524509385148885,0.21548667813526268,1.9679565064968196,299,0.8695652173913043,-0.12173330978648783,-0.0961889801226613,298,-0.10896114495457457,0.012772164831913266,0.11222370767961876,1.9679565064968196,LinearRegression,"{'mode': 'original', 'type': 'LinearRegression'}",12,"['nodes_T6W30', 'edges_T6W30', 're_T6W30', 'pe_T6W30', 'l1_T6W30', 'l2_T6W30', 'lcc_T6W30', 'lsc_T6W30', 'atd_T6W30', 'density_T6W30', 'diameter_T6W30', 'asp_T6W30']",-0.011349534591648346,0.016939706333772342,298,0.002795085871061997,0.014144620462710344,0.12428290528165484,1.9679565064968196,3.6012180655718002,3.659045900619462,298,3.630131983095631,0.02891391752383075,0.2540545843848865,1.9679565064968196,completed,2.592026710510254,True,COMPLETE
441,2.861419690575908,2026-06-13 17:11:42.946723,2026-06-13 17:11:45.381738,0 days 00:00:02.435015,LinearRegression,6,False,-0.018696194627931914,-0.010919585729399724,298,-0.014807890178665819,0.0038883044492660944,0.03416491625550315,1.9679565064968196,2.845210356687317,2.8776290244644995,298,2.861419690575908,0.016209333888591335,0.14242468461175628,1.9679565064968196,927412878926755.6,1056274784570235.6,298,991843831748495.6,64430952821739.97,566128022159505.8,1.9679565064968196,8.122078994750225,8.354855322074954,298,8.23846715841259,0.11638816366236442,1.022654454284568,1.9679565064968196,2.547625998328651,2.5954318642430625,298,2.5715289312858567,0.023902932957205872,0.2100251442239775,1.9679565064968196,299,0.5652173913043478,-0.025864073387163133,-0.011367252246777319,298,-0.018615662816970226,0.007248410570192908,0.06368877317795577,1.9679565064968196,LinearRegression,"{'mode': 'original', 'type': 'LinearRegression'}",6,"['edges_T6W30', 're_T6W30', 'l1_T6W30', 'l2_T6W30', 'atd_T6W30', 'density_T6W30']",0.09246588152756556,0.12046546055270325,298,0.10646567104013441,0.013999789512568845,0.12301033587579899,1.9679565064968196,3.4592762752187745,3.5026855309150524,298,3.4809809030669134,0.021704627848139025,0.19070955025872374,1.9679565064968196,completed,2.4279351234436035,False,COMPLETE
442,2.9127620244346555,2026-06-13 17:11:45.393197,2026-06-13 17:11:47.833443,0 days 00:00:02.440246,LinearRegression,9,False,-0.037768928805715654,-0.028312533607448828,298,-0.03304073120658224,0.004728197599133414,0.0415447085282517,1.9679565064968196,2.8948623047994517,2.9306617440698592,298,2.9127620244346555,0.017899719635203568,0.1572774020946693,1.9679565064968196,931046323422172.6,1060440290641063.6,298,995743307031618.1,64696983609445.46,568465524199774.0,1.9679565064968196,8.383694709813417,8.65667427006967,298,8.520184489941544,0.13648978012812724,1.1992790093094852,1.9679565064968196,2.5320373009077173,2.5799409994509137,298,2.5559891501793155,0.023951849271598342,0.2104549515619965,1.9679565064968196,299,0.7391304347826086,-0.06964052046887204,-0.05028036921253583,298,-0.05996044484070393,0.009680075628168108,0.08505480409223683,1.9679565064968196,LinearRegression,"{'mode': 'original', 'type': 'LinearRegression'}",9,"['nodes_T6W30', 'edges_T6W30', 're_T6W30', 'l1_T6W30', 'l2_T6W30', 'lcc_T6W30', 'atd_T6W30', 'density_T6W30', 'asp_T6W30']",0.03817731063642941,0.06632187364558187,298,0.052249592141005635,0.014072281504576229,0.12364729290126913,1.9679565064968196,3.525554043809398,3.5744472280524078,298,3.550000635930903,0.02444659212150479,0.21480205150121373,1.9679565064968196,completed,2.4329941272735596,False,COMPLETE
443,2.93167490974165,2026-06-13 17:11:47.844354,2026-06-13 17:11:50.366028,0 days 00:00:02.521674,LinearRegression,10,False,-0.044833974075432034,-0.03468778605475051,298,-0.03976088006509127,0.00507309401034076,0.04457517004675409,1.9679565064968196,2.9130729708474856,2.9502768486358146,298,2.93167490974165,0.018601938894164696,0.16344751106850153,1.9679565064968196,944487325964714.5,1075942347517054.2,298,1010214836740884.4,65727510776169.836,577520338402094.1,1.9679565064968196,8.446776531753411,8.74340903727041,298,8.59509278451191,0.14831625275849955,1.3031933123911106,1.9679565064968196,2.548004180635115,2.5953774445662323,298,2.5716908126006737,0.023686631965558837,0.20812459724726168,1.9679565064968196,299,0.782608695652174,-0.0822060855944999,-0.06136952920959069,298,-0.0717878074020453,0.010418278192454604,0.09154108342491771,1.9679565064968196,LinearRegression,"{'mode': 'original', 'type': 'LinearRegression'}",10,"['nodes_T6W30', 'edges_T6W30', 're_T6W30', 'l1_T6W30', 'l2_T6W30', 'lcc_T6W30', 'atd_T6W30', 'density_T6W30', 'diameter_T6W30', 'asp_T6W30']",0.026840865334708322,0.05530376204173797,298,0.041072313688223144,0.014231448353514822,0.12504582589568672,1.9679565064968196,3.544141469037598,3.594719795688233,298,3.5694306323629155,0.02528916332531745,0.2222053747216965,1.9679565064968196,completed,2.5148189067840576,False,COMPLETE
444,2.989562255484223,2026-06-13 17:11:50.377002,2026-06-13 17:11:52.820007,0 days 00:00:02.443005,LinearRegression,13,False,-0.06600050139682655,-0.0544130371183266,298,-0.06020676925757658,0.005793732139249973,0.050907117980860124,1.9679565064968196,2.9687666382864077,3.010357872682038,298,2.989562255484223,0.020795617197815315,0.18272245121622674,1.9679565064968196,948956863422235.8,1082048517860805.5,298,1015502690641520.6,66545827219284.92,584710545114123.9,1.9679565064968196,8.971355104724463,9.380207443494577,298,9.17578127410952,0.20442616938505678,1.7962078455024306,1.9679565064968196,2.6308001316122294,2.681457263087056,298,2.6561286973496427,0.025328565737413385,0.2225515873516711,1.9679565064968196,299,0.9130434782608695,-0.13754609225802686,-0.11164212255737097,298,-0.12459410740769891,0.012951984850327947,0.11380371149628496,1.9679565064968196,LinearRegression,"{'mode': 'original', 'type': 'LinearRegression'}",13,"['nodes_T6W30', 'edges_T6W30', 're_T6W30', 'pe_T6W30', 'l1_T6W30', 'l2_T6W30', 'l3_T6W30', 'lcc_T6W30', 'lsc_T6W30', 'atd_T6W30', 'density_T6W30', 'diameter_T6W30', 'asp_T6W30']",-0.030525235684276973,-0.001937355873438502,298,-0.01623129577885774,0.014293939905419236,0.1255949132074824,1.9679565064968196,3.626419759092389,3.6849201281837938,298,3.6556699436380913,0.029250184545702277,0.2570092230433631,1.9679565064968196,completed,2.4361672401428223,False,COMPLETE
445,2.93167490974165,2026-06-13 17:11:52.831223,2026-06-13 17:11:55.232266,0 days 00:00:02.401043,LinearRegression,10,True,-0.044833974075432007,-0.034687786054750466,298,-0.039760880065091236,0.005073094010340769,0.044575170046754174,1.9679565064968196,2.913072970847485,2.950276848635815,298,2.93167490974165,0.01860193889416473,0.16344751106850183,1.9679565064968196,944487325964714.2,1075942347517054.0,298,1010214836740884.1,65727510776169.86,577520338402094.4,1.9679565064968196,8.446776531753413,8.743409037270412,298,8.595092784511912,0.14831625275849938,1.3031933123911092,1.9679565064968196,2.5480041806351137,2.595377444566232,298,2.571690812600673,0.023686631965558928,0.20812459724726248,1.9679565064968196,299,0.782608695652174,-0.08220608559450027,-0.06136952920959096,298,-0.07178780740204561,0.01041827819245465,0.09154108342491812,1.9679565064968196,LinearRegression,"{'mode': 'original', 'type': 'LinearRegression'}",10,"['nodes_T6W30', 'edges_T6W30', 're_T6W30', 'l1_T6W30', 'l2_T6W30', 'lcc_T6W30', 'atd_T6W30', 'density_T6W30', 'diameter_T6W30', 'asp_T6W30']",0.026840865334708322,0.05530376204173797,298,0.041072313688223144,0.014231448353514822,0.12504582589568672,1.9679565064968196,3.5441414690375987,3.594719795688234,298,3.5694306323629164,0.0252891633253175,0.22220537472169694,1.9679565064968196,completed,2.3931329250335693,True,COMPLETE
446,2.8532519471441886,2026-06-13 17:11:55.243746,2026-06-13 17:11:57.722745,0 days 00:00:02.478999,LinearRegression,5,True,-0.01571255127978564,-0.008046563589647834,298,-0.011879557434716737,0.0038329938450689027,0.03367892494872803,1.9679565064968196,2.8369572246335135,2.8695466696548637,298,2.8532519471441886,0.01629472251067518,0.1431749589693154,1.9679565064968196,929984868724453.2,1059090367084707.0,298,994537617904580.1,64552749180126.9,567198196174634.6,1.9679565064968196,8.248728735435938,8.525126469441018,298,8.386927602438478,0.13819886700254,1.2142960458351906,1.9679565064968196,2.5520664915079387,2.59397615586655,298,2.5730213236872443,0.02095483217930558,0.18412140713138486,1.9679565064968196,299,0.5518394648829431,-0.026515610869651436,-0.012194149377467161,298,-0.0193548801235593,0.007160730746092138,0.06291836697988519,1.9679565064968196,LinearRegression,"{'mode': 'original', 'type': 'LinearRegression'}",5,"['nodes_T6W30', 'l1_T6W30', 'lcc_T6W30', 'atd_T6W30', 'density_T6W30']",0.08624719978539255,0.11436778794193486,298,0.10030749386366371,0.014060294078271158,0.12354196436509725,1.9679565064968196,3.4602539411661466,3.5049988027473233,298,3.482626371956735,0.02237243079058845,0.19657725735359116,1.9679565064968196,completed,2.471848964691162,True,COMPLETE
447,2.93167490974165,2026-06-13 17:11:57.734034,2026-06-13 17:12:00.114576,0 days 00:00:02.380542,LinearRegression,10,False,-0.044833974075432034,-0.03468778605475051,298,-0.03976088006509127,0.00507309401034076,0.04457517004675409,1.9679565064968196,2.9130729708474856,2.9502768486358146,298,2.93167490974165,0.018601938894164696,0.16344751106850153,1.9679565064968196,944487325964714.5,1075942347517054.2,298,1010214836740884.4,65727510776169.836,577520338402094.1,1.9679565064968196,8.446776531753411,8.74340903727041,298,8.59509278451191,0.14831625275849955,1.3031933123911106,1.9679565064968196,2.548004180635115,2.5953774445662323,298,2.5716908126006737,0.023686631965558837,0.20812459724726168,1.9679565064968196,299,0.782608695652174,-0.0822060855944999,-0.06136952920959069,298,-0.0717878074020453,0.010418278192454604,0.09154108342491771,1.9679565064968196,LinearRegression,"{'mode': 'original', 'type': 'LinearRegression'}",10,"['nodes_T6W30', 'edges_T6W30', 're_T6W30', 'l1_T6W30', 'l2_T6W30', 'lcc_T6W30', 'atd_T6W30', 'density_T6W30', 'diameter_T6W30', 'asp_T6W30']",0.026840865334708322,0.05530376204173797,298,0.041072313688223144,0.014231448353514822,0.12504582589568672,1.9679565064968196,3.544141469037598,3.594719795688233,298,3.5694306323629155,0.02528916332531745,0.2222053747216965,1.9679565064968196,completed,2.3737757205963135,False,COMPLETE
448,2.8697778179684037,2026-06-13 17:12:00.125524,2026-06-13 17:12:02.497736,0 days 00:00:02.372212,LinearRegression,6,True,-0.02188338613558506,-0.01371077483910792,298,-0.01779708048734649,0.00408630564823857,0.03590467055449088,1.9679565064968196,2.853326526300382,2.8862291096364254,298,2.8697778179684037,0.016451291668021763,0.1445506671266204,1.9679565064968196,926635391508209.8,1055109651346042.5,298,990872521427126.1,64237129918916.41,564424980813395.2,1.9679565064968196,8.225535781412004,8.497766524443323,298,8.361651152927664,0.1361153715156597,1.1959892363358933,1.9679565064968196,2.5482489615773884,2.594024673839641,298,2.5711368177085148,0.022887856131126212,0.20110608574786992,1.9679565064968196,299,0.6187290969899666,-0.03759942779787792,-0.02196919973823063,298,-0.029784313768054276,0.007815114029823647,0.06866816110722208,1.9679565064968196,LinearRegression,"{'mode': 'original', 'type': 'LinearRegression'}",6,"['nodes_T6W30', 're_T6W30', 'l1_T6W30', 'lcc_T6W30', 'atd_T6W30', 'density_T6W30']",0.06595548061616258,0.09469246067061374,298,0.08032397064338816,0.014368490027225586,0.12624995416468734,1.9679565064968196,3.477381964550949,3.522392399710071,298,3.49988718213051,0.022505217579560897,0.1977439997175892,1.9679565064968196,completed,2.365173101425171,True,COMPLETE
449,2.8211340871354835,2026-06-13 17:12:02.508619,2026-06-13 17:12:05.036431,0 days 00:00:02.527812,LinearRegression,2,False,-0.00325627453120075,0.0023932117012925493,298,-0.00043153141495410013,0.0028247431162466497,0.02481984455411952,1.9679565064968196,2.8062875182437,2.835980656027267,298,2.8211340871354835,0.01484656889178317,0.13045063458574307,1.9679565064968196,919835376622568.9,1047468087642963.9,298,983651732132766.4,63816355510197.484,560727810845376.4,1.9679565064968196,8.162258262798387,8.39426874810256,298,8.278263505450473,0.11600524265208682,1.0192898864068967,1.9679565064968196,2.5126219797429687,2.556296652019781,298,2.534459315881375,0.021837336138406327,0.19187560288720273,1.9679565064968196,299,0.3779264214046823,0.0007003628758873439,0.010910671720937768,298,0.0058055172984125564,0.0051051544225252125,0.04485687157287956,1.9679565064968196,LinearRegression,"{'mode': 'original', 'type': 'LinearRegression'}",2,"['atd_T6W30', 'density_T6W30']",0.13540898637911586,0.16319262900358517,298,0.1493008076913505,0.013891821312234659,0.12206166414219255,1.9679565064968196,3.419195107917949,3.4616932666873104,298,3.4404441873026297,0.021249079384680795,0.18670683511451447,1.9679565064968196,completed,2.5209453105926514,False,COMPLETE
450,2.8793966795469723,2026-06-13 17:12:05.047309,2026-06-13 17:12:07.347489,0 days 00:00:02.300180,LinearRegression,7,True,-0.025392697510668846,-0.01700609939381871,298,-0.02119939845224378,0.004193299058425069,0.03684477721193186,1.9679565064968196,2.862643606910187,2.896149752183758,298,2.8793966795469723,0.016753072636785354,0.147202291159625,1.9679565064968196,931590125740631.8,1060555322272485.5,298,996072724006558.6,64482598265926.93,566581809227532.0,1.9679565064968196,8.310809516988794,8.603593125551392,298,8.457201321270093,0.1463918042812981,1.286283982908429,1.9679565064968196,2.5456984301885144,2.5901104825165207,298,2.5679044563525175,0.02220602616400326,0.19511512901307904,1.9679565064968196,299,0.6655518394648829,-0.04619814549144886,-0.02999320794306299,298,-0.03809567671725592,0.008102468774192932,0.07119302789815744,1.9679565064968196,LinearRegression,"{'mode': 'original', 'type': 'LinearRegression'}",7,"['nodes_T6W30', 're_T6W30', 'l1_T6W30', 'lcc_T6W30', 'atd_T6W30', 'density_T6W30', 'diameter_T6W30']",0.05316415266662755,0.0815419520595555,298,0.06735305236309153,0.014188899696463975,0.12467196851803186,1.9679565064968196,3.4908946734814847,3.537142301829925,298,3.514018487655705,0.023123814174219832,0.20317935107142954,1.9679565064968196,completed,2.2932329177856445,True,COMPLETE
451,2.9685696426865005,2026-06-13 17:12:07.359470,2026-06-13 17:12:09.692874,0 days 00:00:02.333404,LinearRegression,12,True,-0.0584706951810886,-0.047138814421693535,298,-0.05280475480139107,0.0056659403796975325,0.049784264865776355,1.9679565064968196,2.9483312837877125,2.9888080015852885,298,2.9685696426865005,0.020238358898787816,0.17782605399029652,1.9679565064968196,953660927808996.9,1086912910368333.6,298,1020286919088665.2,66625991279668.43,585414913417953.8,1.9679565064968196,8.944056379601255,9.361583828701809,298,9.152820104151532,0.20876372455027709,1.834320141210486,1.9679565064968196,2.615529415003757,2.6645784337740546,298,2.640053924388906,0.024524509385148885,0.21548667813526268,1.9679565064968196,299,0.8695652173913043,-0.12173330978648783,-0.0961889801226613,298,-0.10896114495457457,0.012772164831913266,0.11222370767961876,1.9679565064968196,LinearRegression,"{'mode': 'original', 'type': 'LinearRegression'}",12,"['nodes_T6W30', 'edges_T6W30', 're_T6W30', 'pe_T6W30', 'l1_T6W30', 'l2_T6W30', 'lcc_T6W30', 'lsc_T6W30', 'atd_T6W30', 'density_T6W30', 'diameter_T6W30', 'asp_T6W30']",-0.011349534591648346,0.016939706333772342,298,0.002795085871061997,0.014144620462710344,0.12428290528165484,1.9679565064968196,3.6012180655718002,3.659045900619462,298,3.630131983095631,0.02891391752383075,0.2540545843848865,1.9679565064968196,completed,2.3263449668884277,True,COMPLETE
452,2.8532519471441886,2026-06-13 17:12:09.704083,2026-06-13 17:12:12.220998,0 days 00:00:02.516915,LinearRegression,5,True,-0.01571255127978564,-0.008046563589647834,298,-0.011879557434716737,0.0038329938450689027,0.03367892494872803,1.9679565064968196,2.8369572246335135,2.8695466696548637,298,2.8532519471441886,0.01629472251067518,0.1431749589693154,1.9679565064968196,929984868724453.2,1059090367084707.0,298,994537617904580.1,64552749180126.9,567198196174634.6,1.9679565064968196,8.248728735435938,8.525126469441018,298,8.386927602438478,0.13819886700254,1.2142960458351906,1.9679565064968196,2.5520664915079387,2.59397615586655,298,2.5730213236872443,0.02095483217930558,0.18412140713138486,1.9679565064968196,299,0.5518394648829431,-0.026515610869651436,-0.012194149377467161,298,-0.0193548801235593,0.007160730746092138,0.06291836697988519,1.9679565064968196,LinearRegression,"{'mode': 'original', 'type': 'LinearRegression'}",5,"['nodes_T6W30', 'l1_T6W30', 'lcc_T6W30', 'atd_T6W30', 'density_T6W30']",0.08624719978539255,0.11436778794193486,298,0.10030749386366371,0.014060294078271158,0.12354196436509725,1.9679565064968196,3.4602539411661466,3.5049988027473233,298,3.482626371956735,0.02237243079058845,0.19657725735359116,1.9679565064968196,completed,2.5095250606536865,True,COMPLETE
453,2.8303381103917937,2026-06-13 17:12:12.232173,2026-06-13 17:12:14.702279,0 days 00:00:02.470106,LinearRegression,4,False,-0.00732065479325932,-0.00026746536701256025,298,-0.00379406008013594,0.00352659471312338,0.03098672303391823,1.9679565064968196,2.8149809994385806,2.845695221345007,298,2.8303381103917937,0.015357110953213227,0.1349365556346882,1.9679565064968196,922963218121322.9,1050847998316485.9,298,986905608218904.4,63942390097581.555,561835224418427.8,1.9679565064968196,8.124704444804035,8.360866988457378,298,8.242785716630706,0.11808127182667133,1.0375310925210548,1.9679565064968196,2.541678876894521,2.585369675163246,298,2.5635242760288834,0.0218453991343624,0.19194644908384242,1.9679565064968196,299,0.43812709030100333,-0.00846266543688897,0.0046310849356425874,298,-0.001915790250623192,0.0065468751862657795,0.05752467313001162,1.9679565064968196,LinearRegression,"{'mode': 'original', 'type': 'LinearRegression'}",4,"['edges_T6W30', 'l1_T6W30', 'atd_T6W30', 'density_T6W30']",0.1173669578554545,0.145412983716993,298,0.13138997078622375,0.014023012930769248,0.12321439040607966,1.9679565064968196,3.431415331587556,3.4740827635360905,298,3.452749047561823,0.021333715974267385,0.18745050167486396,1.9679565064968196,completed,2.462555170059204,False,COMPLETE
