number,value,datetime_start,datetime_complete,duration,params_regressor,params_rfe_n_features,params_use_scaler,user_attrs_d2mae_ci_lower_val,user_attrs_d2mae_ci_upper_val,user_attrs_d2mae_df_val,user_attrs_d2mae_mean_val,user_attrs_d2mae_samperror_val,user_attrs_d2mae_std_val,user_attrs_d2mae_t_critical_val,user_attrs_mae_ci_lower_val,user_attrs_mae_ci_upper_val,user_attrs_mae_df_val,user_attrs_mae_mean_val,user_attrs_mae_samperror_val,user_attrs_mae_std_val,user_attrs_mae_t_critical_val,user_attrs_mape_ci_lower_val,user_attrs_mape_ci_upper_val,user_attrs_mape_df_val,user_attrs_mape_mean_val,user_attrs_mape_samperror_val,user_attrs_mape_std_val,user_attrs_mape_t_critical_val,user_attrs_max_error_ci_lower_val,user_attrs_max_error_ci_upper_val,user_attrs_max_error_df_val,user_attrs_max_error_mean_val,user_attrs_max_error_samperror_val,user_attrs_max_error_std_val,user_attrs_max_error_t_critical_val,user_attrs_median_ae_ci_lower_val,user_attrs_median_ae_ci_upper_val,user_attrs_median_ae_df_val,user_attrs_median_ae_mean_val,user_attrs_median_ae_samperror_val,user_attrs_median_ae_std_val,user_attrs_median_ae_t_critical_val,user_attrs_n_splits_val,user_attrs_r2_below_zero_val,user_attrs_r2_ci_lower_val,user_attrs_r2_ci_upper_val,user_attrs_r2_df_val,user_attrs_r2_mean_val,user_attrs_r2_samperror_val,user_attrs_r2_std_val,user_attrs_r2_t_critical_val,user_attrs_regressor_final,user_attrs_rfe_estimator,user_attrs_rfe_n_features,user_attrs_rfe_selected_features,user_attrs_rho_ci_lower_val,user_attrs_rho_ci_upper_val,user_attrs_rho_df_val,user_attrs_rho_mean_val,user_attrs_rho_samperror_val,user_attrs_rho_std_val,user_attrs_rho_t_critical_val,user_attrs_rmse_ci_lower_val,user_attrs_rmse_ci_upper_val,user_attrs_rmse_df_val,user_attrs_rmse_mean_val,user_attrs_rmse_samperror_val,user_attrs_rmse_std_val,user_attrs_rmse_t_critical_val,user_attrs_termination_reason,user_attrs_trial_time_seconds,user_attrs_use_scaler_final,state
28,2.93167490974165,2026-06-13 16:55:11.269364,2026-06-13 16:55:13.627825,0 days 00:00:02.358461,LinearRegression,10,False,-0.044833974075432034,-0.03468778605475051,298,-0.03976088006509127,0.00507309401034076,0.04457517004675409,1.9679565064968196,2.9130729708474856,2.9502768486358146,298,2.93167490974165,0.018601938894164696,0.16344751106850153,1.9679565064968196,944487325964714.5,1075942347517054.2,298,1010214836740884.4,65727510776169.836,577520338402094.1,1.9679565064968196,8.446776531753411,8.74340903727041,298,8.59509278451191,0.14831625275849955,1.3031933123911106,1.9679565064968196,2.548004180635115,2.5953774445662323,298,2.5716908126006737,0.023686631965558837,0.20812459724726168,1.9679565064968196,299,0.782608695652174,-0.0822060855944999,-0.06136952920959069,298,-0.0717878074020453,0.010418278192454604,0.09154108342491771,1.9679565064968196,LinearRegression,"{'mode': 'original', 'type': 'LinearRegression'}",10,"['nodes_T6W30', 'edges_T6W30', 're_T6W30', 'l1_T6W30', 'l2_T6W30', 'lcc_T6W30', 'atd_T6W30', 'density_T6W30', 'diameter_T6W30', 'asp_T6W30']",0.026840865334708322,0.05530376204173797,298,0.041072313688223144,0.014231448353514822,0.12504582589568672,1.9679565064968196,3.544141469037598,3.594719795688233,298,3.5694306323629155,0.02528916332531745,0.2222053747216965,1.9679565064968196,completed,2.350154161453247,False,COMPLETE
29,2.885339678917415,2026-06-13 16:55:13.639732,2026-06-13 16:55:15.896647,0 days 00:00:02.256915,LinearRegression,7,False,-0.027583632386508107,-0.019029140629713732,298,-0.02330638650811092,0.004277245878397186,0.03758238305316288,1.9679565064968196,2.868380126544336,2.9022992312904936,298,2.885339678917415,0.016959552373078886,0.1490165428446386,1.9679565064968196,928211576797155.5,1057250949566053.8,298,992731263181604.6,64519686384449.15,566907687121076.2,1.9679565064968196,8.200091939080156,8.428001102561801,298,8.314046520820979,0.11395458174082208,1.0012715806862587,1.9679565064968196,2.5588410723348054,2.605207926959897,298,2.582024499647351,0.02318342731254579,0.20370314695861078,1.9679565064968196,299,0.6454849498327759,-0.0435504005554452,-0.027016211817569268,298,-0.035283306186507234,0.008267094368937966,0.07263952462478031,1.9679565064968196,LinearRegression,"{'mode': 'original', 'type': 'LinearRegression'}",7,"['edges_T6W30', 're_T6W30', 'l1_T6W30', 'l2_T6W30', 'lcc_T6W30', 'atd_T6W30', 'density_T6W30']",0.06638758120726694,0.09509146080207341,298,0.08073952100467018,0.014351939797403233,0.12610453416909087,1.9679565064968196,3.486251457435056,3.5314066998399993,298,3.5088290786375276,0.022577621202471972,0.19838018028051263,1.9679565064968196,completed,2.249835968017578,False,COMPLETE
30,2.9542633275617103,2026-06-13 16:55:15.907020,2026-06-13 16:55:18.151544,0 days 00:00:02.244524,LinearRegression,11,False,-0.05326701376251472,-0.04217627899243974,298,-0.04772164637747723,0.005545367385037492,0.048724840039612596,1.9679565064968196,2.9343040787864036,2.974222576337017,298,2.9542633275617103,0.019959248775306852,0.17537362925884573,1.9679565064968196,946585434623608.9,1077846655602459.1,298,1012216045113034.0,65630610489425.18,576668915828331.9,1.9679565064968196,8.970614538049494,9.398454616936467,298,9.18453457749298,0.21392003944348686,1.8796265385906517,1.9679565064968196,2.5781462617046893,2.6250917832760816,298,2.6016190224903855,0.02347276078569596,0.20624540001751285,1.9679565064968196,299,0.862876254180602,-0.11370277190307468,-0.08835398221831678,298,-0.10102837706069573,0.012674394842378952,0.11136464338865981,1.9679565064968196,LinearRegression,"{'mode': 'original', 'type': 'LinearRegression'}",11,"['nodes_T6W30', 'edges_T6W30', 're_T6W30', 'pe_T6W30', 'l1_T6W30', 'l2_T6W30', 'lcc_T6W30', 'atd_T6W30', 'density_T6W30', 'diameter_T6W30', 'asp_T6W30']",0.00834138473409573,0.03706634327396324,298,0.022703864004029486,0.014362479269933755,0.12619714013682842,1.9679565064968196,3.5882938120202246,3.646446117101079,298,3.617369964560652,0.029076152540427384,0.25548007609420476,1.9679565064968196,completed,2.2376718521118164,False,COMPLETE
31,2.885339678917415,2026-06-13 16:55:18.162732,2026-06-13 16:55:20.520316,0 days 00:00:02.357584,LinearRegression,7,False,-0.027583632386508107,-0.019029140629713732,298,-0.02330638650811092,0.004277245878397186,0.03758238305316288,1.9679565064968196,2.868380126544336,2.9022992312904936,298,2.885339678917415,0.016959552373078886,0.1490165428446386,1.9679565064968196,928211576797155.5,1057250949566053.8,298,992731263181604.6,64519686384449.15,566907687121076.2,1.9679565064968196,8.200091939080156,8.428001102561801,298,8.314046520820979,0.11395458174082208,1.0012715806862587,1.9679565064968196,2.5588410723348054,2.605207926959897,298,2.582024499647351,0.02318342731254579,0.20370314695861078,1.9679565064968196,299,0.6454849498327759,-0.0435504005554452,-0.027016211817569268,298,-0.035283306186507234,0.008267094368937966,0.07263952462478031,1.9679565064968196,LinearRegression,"{'mode': 'original', 'type': 'LinearRegression'}",7,"['edges_T6W30', 're_T6W30', 'l1_T6W30', 'l2_T6W30', 'lcc_T6W30', 'atd_T6W30', 'density_T6W30']",0.06638758120726694,0.09509146080207341,298,0.08073952100467018,0.014351939797403233,0.12610453416909087,1.9679565064968196,3.486251457435056,3.5314066998399993,298,3.5088290786375276,0.022577621202471972,0.19838018028051263,1.9679565064968196,completed,2.350059986114502,False,COMPLETE
32,2.838103836844524,2026-06-13 16:55:20.531398,2026-06-13 16:55:22.753974,0 days 00:00:02.222576,LinearRegression,2,True,-0.00933470819845633,-0.0036250869931801267,298,-0.006479897595818228,0.0028548106026381015,0.02508403506902926,1.9679565064968196,2.8233731520302285,2.85283452165882,298,2.838103836844524,0.014730684814295415,0.1294324093273113,1.9679565064968196,929137686071701.0,1058181355868133.0,298,993659520969917.0,64521834898215.97,566926565219197.1,1.9679565064968196,8.207176405368854,8.495939045465212,298,8.351557725417033,0.1443813200481797,1.2686186929719723,1.9679565064968196,2.548265378643884,2.597249722118999,298,2.5727575503814415,0.02449217173755751,0.21520254065676153,1.9679565064968196,299,0.431438127090301,-0.007400224608535493,0.0032335958059081806,298,-0.0020833144013136565,0.005316910207221837,0.046717481703895426,1.9679565064968196,LinearRegression,"{'mode': 'original', 'type': 'LinearRegression'}",2,"['nodes_T6W30', 'lcc_T6W30']",0.12033636281774154,0.14827191796007796,298,0.13430414038890975,0.013967777571168204,0.12272906024231935,1.9679565064968196,3.4323998550655683,3.475933963558082,298,3.4541669093118252,0.021767054246257043,0.19125806509125887,1.9679565064968196,completed,2.2148213386535645,True,COMPLETE
33,2.913900813720027,2026-06-13 16:55:22.764405,2026-06-13 16:55:24.984614,0 days 00:00:02.220209,LinearRegression,9,True,-0.03820914713255223,-0.028667046016422674,298,-0.03343809657448745,0.004771050558064777,0.04192123968014411,1.9679565064968196,2.8958704017512717,2.931931225688782,298,2.913900813720027,0.018030411968754937,0.1584257413487783,1.9679565064968196,935121634805522.9,1065016921449942.9,298,1000069278127732.9,64947643322210.01,570667966988647.1,1.9679565064968196,8.402777554230852,8.684755599765634,298,8.543766576998243,0.14098902276739006,1.2388119856978481,1.9679565064968196,2.5304061502337416,2.5781491369280602,298,2.554277643580901,0.023871493347159215,0.20974889742839736,1.9679565064968196,299,0.7290969899665551,-0.06946621941796867,-0.049973974096306856,298,-0.05972009675713776,0.00974612266083091,0.08563513193674885,1.9679565064968196,LinearRegression,"{'mode': 'original', 'type': 'LinearRegression'}",9,"['nodes_T6W30', 'edges_T6W30', 're_T6W30', 'l1_T6W30', 'l2_T6W30', 'lcc_T6W30', 'atd_T6W30', 'density_T6W30', 'diameter_T6W30']",0.041739749704734805,0.07008838034213705,298,0.055914065023435926,0.014174315318701117,0.12454382164799943,1.9679565064968196,3.524970086682756,3.574293149680816,298,3.549631618181786,0.024661531499030234,0.21669063454016607,1.9679565064968196,completed,2.2135298252105713,True,COMPLETE
34,2.9685696426865005,2026-06-13 16:55:24.995177,2026-06-13 16:55:27.279533,0 days 00:00:02.284356,LinearRegression,12,False,-0.0584706951810887,-0.04713881442169365,298,-0.05280475480139118,0.005665940379697528,0.04978426486577631,1.9679565064968196,2.9483312837877125,2.9888080015852885,298,2.9685696426865005,0.020238358898787844,0.17782605399029677,1.9679565064968196,953660927808997.6,1086912910368334.6,298,1020286919088666.1,66625991279668.5,585414913417954.4,1.9679565064968196,8.944056379601257,9.361583828701814,298,9.152820104151536,0.20876372455027836,1.8343201412104972,1.9679565064968196,2.6155294150037594,2.664578433774057,298,2.640053924388908,0.024524509385148833,0.2154866781352622,1.9679565064968196,299,0.8695652173913043,-0.12173330978648758,-0.09618898012266108,298,-0.10896114495457433,0.012772164831913251,0.11222370767961862,1.9679565064968196,LinearRegression,"{'mode': 'original', 'type': 'LinearRegression'}",12,"['nodes_T6W30', 'edges_T6W30', 're_T6W30', 'pe_T6W30', 'l1_T6W30', 'l2_T6W30', 'lcc_T6W30', 'lsc_T6W30', 'atd_T6W30', 'density_T6W30', 'diameter_T6W30', 'asp_T6W30']",-0.011349534591648346,0.016939706333772342,298,0.002795085871061997,0.014144620462710344,0.12428290528165484,1.9679565064968196,3.6012180655718002,3.659045900619462,298,3.630131983095631,0.028913917523830795,0.2540545843848869,1.9679565064968196,completed,2.277392864227295,False,COMPLETE
35,2.9542633275617103,2026-06-13 16:55:27.290139,2026-06-13 16:55:29.488882,0 days 00:00:02.198743,LinearRegression,11,False,-0.05326701376251472,-0.04217627899243974,298,-0.04772164637747723,0.005545367385037492,0.048724840039612596,1.9679565064968196,2.9343040787864036,2.974222576337017,298,2.9542633275617103,0.019959248775306852,0.17537362925884573,1.9679565064968196,946585434623608.9,1077846655602459.1,298,1012216045113034.0,65630610489425.18,576668915828331.9,1.9679565064968196,8.970614538049494,9.398454616936467,298,9.18453457749298,0.21392003944348686,1.8796265385906517,1.9679565064968196,2.5781462617046893,2.6250917832760816,298,2.6016190224903855,0.02347276078569596,0.20624540001751285,1.9679565064968196,299,0.862876254180602,-0.11370277190307468,-0.08835398221831678,298,-0.10102837706069573,0.012674394842378952,0.11136464338865981,1.9679565064968196,LinearRegression,"{'mode': 'original', 'type': 'LinearRegression'}",11,"['nodes_T6W30', 'edges_T6W30', 're_T6W30', 'pe_T6W30', 'l1_T6W30', 'l2_T6W30', 'lcc_T6W30', 'atd_T6W30', 'density_T6W30', 'diameter_T6W30', 'asp_T6W30']",0.00834138473409573,0.03706634327396324,298,0.022703864004029486,0.014362479269933755,0.12619714013682842,1.9679565064968196,3.5882938120202246,3.646446117101079,298,3.617369964560652,0.029076152540427384,0.25548007609420476,1.9679565064968196,completed,2.1918818950653076,False,COMPLETE
36,2.8532519471441886,2026-06-13 16:55:29.499226,2026-06-13 16:55:31.675601,0 days 00:00:02.176375,LinearRegression,5,True,-0.01571255127978564,-0.008046563589647834,298,-0.011879557434716737,0.0038329938450689027,0.03367892494872803,1.9679565064968196,2.8369572246335135,2.8695466696548637,298,2.8532519471441886,0.01629472251067518,0.1431749589693154,1.9679565064968196,929984868724453.2,1059090367084707.0,298,994537617904580.1,64552749180126.9,567198196174634.6,1.9679565064968196,8.248728735435938,8.525126469441018,298,8.386927602438478,0.13819886700254,1.2142960458351906,1.9679565064968196,2.5520664915079387,2.59397615586655,298,2.5730213236872443,0.02095483217930558,0.18412140713138486,1.9679565064968196,299,0.5518394648829431,-0.026515610869651436,-0.012194149377467161,298,-0.0193548801235593,0.007160730746092138,0.06291836697988519,1.9679565064968196,LinearRegression,"{'mode': 'original', 'type': 'LinearRegression'}",5,"['nodes_T6W30', 'l1_T6W30', 'lcc_T6W30', 'atd_T6W30', 'density_T6W30']",0.08624719978539255,0.11436778794193486,298,0.10030749386366371,0.014060294078271158,0.12354196436509725,1.9679565064968196,3.4602539411661466,3.5049988027473233,298,3.482626371956735,0.02237243079058845,0.19657725735359116,1.9679565064968196,completed,2.1694300174713135,True,COMPLETE
37,2.9542633275617103,2026-06-13 16:55:31.685994,2026-06-13 16:55:34.011469,0 days 00:00:02.325475,LinearRegression,11,False,-0.05326701376251472,-0.04217627899243974,298,-0.04772164637747723,0.005545367385037492,0.048724840039612596,1.9679565064968196,2.9343040787864036,2.974222576337017,298,2.9542633275617103,0.019959248775306852,0.17537362925884573,1.9679565064968196,946585434623608.9,1077846655602459.1,298,1012216045113034.0,65630610489425.18,576668915828331.9,1.9679565064968196,8.970614538049494,9.398454616936467,298,9.18453457749298,0.21392003944348686,1.8796265385906517,1.9679565064968196,2.5781462617046893,2.6250917832760816,298,2.6016190224903855,0.02347276078569596,0.20624540001751285,1.9679565064968196,299,0.862876254180602,-0.11370277190307468,-0.08835398221831678,298,-0.10102837706069573,0.012674394842378952,0.11136464338865981,1.9679565064968196,LinearRegression,"{'mode': 'original', 'type': 'LinearRegression'}",11,"['nodes_T6W30', 'edges_T6W30', 're_T6W30', 'pe_T6W30', 'l1_T6W30', 'l2_T6W30', 'lcc_T6W30', 'atd_T6W30', 'density_T6W30', 'diameter_T6W30', 'asp_T6W30']",0.00834138473409573,0.03706634327396324,298,0.022703864004029486,0.014362479269933755,0.12619714013682842,1.9679565064968196,3.5882938120202246,3.646446117101079,298,3.617369964560652,0.029076152540427384,0.25548007609420476,1.9679565064968196,completed,2.318679094314575,False,COMPLETE
38,2.9542633275617103,2026-06-13 16:55:34.021873,2026-06-13 16:55:36.246304,0 days 00:00:02.224431,LinearRegression,11,False,-0.05326701376251472,-0.04217627899243974,298,-0.04772164637747723,0.005545367385037492,0.048724840039612596,1.9679565064968196,2.9343040787864036,2.974222576337017,298,2.9542633275617103,0.019959248775306852,0.17537362925884573,1.9679565064968196,946585434623608.9,1077846655602459.1,298,1012216045113034.0,65630610489425.18,576668915828331.9,1.9679565064968196,8.970614538049494,9.398454616936467,298,9.18453457749298,0.21392003944348686,1.8796265385906517,1.9679565064968196,2.5781462617046893,2.6250917832760816,298,2.6016190224903855,0.02347276078569596,0.20624540001751285,1.9679565064968196,299,0.862876254180602,-0.11370277190307468,-0.08835398221831678,298,-0.10102837706069573,0.012674394842378952,0.11136464338865981,1.9679565064968196,LinearRegression,"{'mode': 'original', 'type': 'LinearRegression'}",11,"['nodes_T6W30', 'edges_T6W30', 're_T6W30', 'pe_T6W30', 'l1_T6W30', 'l2_T6W30', 'lcc_T6W30', 'atd_T6W30', 'density_T6W30', 'diameter_T6W30', 'asp_T6W30']",0.00834138473409573,0.03706634327396324,298,0.022703864004029486,0.014362479269933755,0.12619714013682842,1.9679565064968196,3.5882938120202246,3.646446117101079,298,3.617369964560652,0.029076152540427384,0.25548007609420476,1.9679565064968196,completed,2.217597007751465,False,COMPLETE
39,2.8906262484170657,2026-06-13 16:55:36.256544,2026-06-13 16:55:38.560542,0 days 00:00:02.303998,LinearRegression,8,False,-0.029666843297588254,-0.02068936010943097,298,-0.025178101703509613,0.004488741594078642,0.039440708065757626,1.9679565064968196,2.8732178853913117,2.9080346114428197,298,2.8906262484170657,0.01740836302575392,0.1529600556439294,1.9679565064968196,927752071403076.1,1056668983717976.9,298,992210527560526.5,64458456157450.38,566369682547357.0,1.9679565064968196,8.245375090165005,8.4657361872132,298,8.355555638689102,0.11018054852409628,0.9681107182905012,1.9679565064968196,2.5265960340540343,2.5722770013851712,298,2.549436517719603,0.022840483665568654,0.20068984356835226,1.9679565064968196,299,0.6622073578595318,-0.050355287130922445,-0.03321902625916285,298,-0.04178715669504265,0.0085681304358798,0.07528460351485923,1.9679565064968196,LinearRegression,"{'mode': 'original', 'type': 'LinearRegression'}",8,"['edges_T6W30', 're_T6W30', 'l1_T6W30', 'l2_T6W30', 'lcc_T6W30', 'atd_T6W30', 'density_T6W30', 'asp_T6W30']",0.056322762200826916,0.08508796031403064,298,0.07070536125742878,0.014382599056601863,0.12637392434587466,1.9679565064968196,3.4967101170433175,3.5428794167860236,298,3.5197947669146705,0.02308464987135328,0.20283523060835895,1.9679565064968196,completed,2.296858072280884,False,COMPLETE
40,2.8438037643288787,2026-06-13 16:55:38.570949,2026-06-13 16:55:40.813495,0 days 00:00:02.242546,LinearRegression,5,False,-0.012287754712931488,-0.004916602438530144,298,-0.008602178575730816,0.0036855761372006717,0.03238362677709258,1.9679565064968196,2.8283303966167614,2.859277132040996,298,2.8438037643288787,0.015473367712117055,0.13595805548993622,1.9679565064968196,922201789016081.5,1049925113995022.5,298,986063451505552.0,63861662489470.555,561125904454776.3,1.9679565064968196,8.111674173149735,8.348948755921361,298,8.230311464535548,0.1186372913858129,1.0424166054540966,1.9679565064968196,2.5500462304634834,2.5970796628036434,298,2.5735629466335634,0.02351671617007991,0.20663161772398375,1.9679565064968196,299,0.5217391304347826,-0.017188814375682607,-0.003488475881635333,298,-0.01033864512865897,0.0068501692470236365,0.06018959207393317,1.9679565064968196,LinearRegression,"{'mode': 'original', 'type': 'LinearRegression'}",5,"['edges_T6W30', 're_T6W30', 'l1_T6W30', 'atd_T6W30', 'density_T6W30']",0.09678684624373135,0.12502398614424273,298,0.11090541619398704,0.014118569950255696,0.12405401024834695,1.9679565064968196,3.445665762892395,3.4882318836756308,298,3.466948823284013,0.021283060391617918,0.18700541210904575,1.9679565064968196,completed,2.2349891662597656,False,COMPLETE
41,2.885339678917415,2026-06-13 16:55:40.824311,2026-06-13 16:55:43.097024,0 days 00:00:02.272713,LinearRegression,7,False,-0.027583632386508107,-0.019029140629713732,298,-0.02330638650811092,0.004277245878397186,0.03758238305316288,1.9679565064968196,2.868380126544336,2.9022992312904936,298,2.885339678917415,0.016959552373078886,0.1490165428446386,1.9679565064968196,928211576797155.5,1057250949566053.8,298,992731263181604.6,64519686384449.15,566907687121076.2,1.9679565064968196,8.200091939080156,8.428001102561801,298,8.314046520820979,0.11395458174082208,1.0012715806862587,1.9679565064968196,2.5588410723348054,2.605207926959897,298,2.582024499647351,0.02318342731254579,0.20370314695861078,1.9679565064968196,299,0.6454849498327759,-0.0435504005554452,-0.027016211817569268,298,-0.035283306186507234,0.008267094368937966,0.07263952462478031,1.9679565064968196,LinearRegression,"{'mode': 'original', 'type': 'LinearRegression'}",7,"['edges_T6W30', 're_T6W30', 'l1_T6W30', 'l2_T6W30', 'lcc_T6W30', 'atd_T6W30', 'density_T6W30']",0.06638758120726694,0.09509146080207341,298,0.08073952100467018,0.014351939797403233,0.12610453416909087,1.9679565064968196,3.486251457435056,3.5314066998399993,298,3.5088290786375276,0.022577621202471972,0.19838018028051263,1.9679565064968196,completed,2.265375852584839,False,COMPLETE
