number,value,datetime_start,datetime_complete,duration,params_regressor,params_rfe_n_features,params_use_scaler,user_attrs_d2mae_ci_lower_val,user_attrs_d2mae_ci_upper_val,user_attrs_d2mae_df_val,user_attrs_d2mae_mean_val,user_attrs_d2mae_samperror_val,user_attrs_d2mae_std_val,user_attrs_d2mae_t_critical_val,user_attrs_mae_ci_lower_val,user_attrs_mae_ci_upper_val,user_attrs_mae_df_val,user_attrs_mae_mean_val,user_attrs_mae_samperror_val,user_attrs_mae_std_val,user_attrs_mae_t_critical_val,user_attrs_mape_ci_lower_val,user_attrs_mape_ci_upper_val,user_attrs_mape_df_val,user_attrs_mape_mean_val,user_attrs_mape_samperror_val,user_attrs_mape_std_val,user_attrs_mape_t_critical_val,user_attrs_max_error_ci_lower_val,user_attrs_max_error_ci_upper_val,user_attrs_max_error_df_val,user_attrs_max_error_mean_val,user_attrs_max_error_samperror_val,user_attrs_max_error_std_val,user_attrs_max_error_t_critical_val,user_attrs_median_ae_ci_lower_val,user_attrs_median_ae_ci_upper_val,user_attrs_median_ae_df_val,user_attrs_median_ae_mean_val,user_attrs_median_ae_samperror_val,user_attrs_median_ae_std_val,user_attrs_median_ae_t_critical_val,user_attrs_n_splits_val,user_attrs_r2_below_zero_val,user_attrs_r2_ci_lower_val,user_attrs_r2_ci_upper_val,user_attrs_r2_df_val,user_attrs_r2_mean_val,user_attrs_r2_samperror_val,user_attrs_r2_std_val,user_attrs_r2_t_critical_val,user_attrs_regressor_final,user_attrs_rfe_estimator,user_attrs_rfe_n_features,user_attrs_rfe_selected_features,user_attrs_rho_ci_lower_val,user_attrs_rho_ci_upper_val,user_attrs_rho_df_val,user_attrs_rho_mean_val,user_attrs_rho_samperror_val,user_attrs_rho_std_val,user_attrs_rho_t_critical_val,user_attrs_rmse_ci_lower_val,user_attrs_rmse_ci_upper_val,user_attrs_rmse_df_val,user_attrs_rmse_mean_val,user_attrs_rmse_samperror_val,user_attrs_rmse_std_val,user_attrs_rmse_t_critical_val,user_attrs_termination_reason,user_attrs_trial_time_seconds,user_attrs_use_scaler_final,state
380,2.93167490974165,2026-06-13 17:09:11.959998,2026-06-13 17:09:14.447060,0 days 00:00:02.487062,LinearRegression,10,True,-0.044833974075432007,-0.034687786054750466,298,-0.039760880065091236,0.005073094010340769,0.044575170046754174,1.9679565064968196,2.913072970847485,2.950276848635815,298,2.93167490974165,0.01860193889416473,0.16344751106850183,1.9679565064968196,944487325964714.2,1075942347517054.0,298,1010214836740884.1,65727510776169.86,577520338402094.4,1.9679565064968196,8.446776531753413,8.743409037270412,298,8.595092784511912,0.14831625275849938,1.3031933123911092,1.9679565064968196,2.5480041806351137,2.595377444566232,298,2.571690812600673,0.023686631965558928,0.20812459724726248,1.9679565064968196,299,0.782608695652174,-0.08220608559450027,-0.06136952920959096,298,-0.07178780740204561,0.01041827819245465,0.09154108342491812,1.9679565064968196,LinearRegression,"{'mode': 'original', 'type': 'LinearRegression'}",10,"['nodes_T6W30', 'edges_T6W30', 're_T6W30', 'l1_T6W30', 'l2_T6W30', 'lcc_T6W30', 'atd_T6W30', 'density_T6W30', 'diameter_T6W30', 'asp_T6W30']",0.026840865334708322,0.05530376204173797,298,0.041072313688223144,0.014231448353514822,0.12504582589568672,1.9679565064968196,3.5441414690375987,3.594719795688234,298,3.5694306323629164,0.0252891633253175,0.22220537472169694,1.9679565064968196,completed,2.4797141551971436,True,COMPLETE
381,2.9685696426865005,2026-06-13 17:09:14.457940,2026-06-13 17:09:16.972483,0 days 00:00:02.514543,LinearRegression,12,True,-0.0584706951810886,-0.047138814421693535,298,-0.05280475480139107,0.0056659403796975325,0.049784264865776355,1.9679565064968196,2.9483312837877125,2.9888080015852885,298,2.9685696426865005,0.020238358898787816,0.17782605399029652,1.9679565064968196,953660927808996.9,1086912910368333.6,298,1020286919088665.2,66625991279668.43,585414913417953.8,1.9679565064968196,8.944056379601255,9.361583828701809,298,9.152820104151532,0.20876372455027709,1.834320141210486,1.9679565064968196,2.615529415003757,2.6645784337740546,298,2.640053924388906,0.024524509385148885,0.21548667813526268,1.9679565064968196,299,0.8695652173913043,-0.12173330978648783,-0.0961889801226613,298,-0.10896114495457457,0.012772164831913266,0.11222370767961876,1.9679565064968196,LinearRegression,"{'mode': 'original', 'type': 'LinearRegression'}",12,"['nodes_T6W30', 'edges_T6W30', 're_T6W30', 'pe_T6W30', 'l1_T6W30', 'l2_T6W30', 'lcc_T6W30', 'lsc_T6W30', 'atd_T6W30', 'density_T6W30', 'diameter_T6W30', 'asp_T6W30']",-0.011349534591648346,0.016939706333772342,298,0.002795085871061997,0.014144620462710344,0.12428290528165484,1.9679565064968196,3.6012180655718002,3.659045900619462,298,3.630131983095631,0.02891391752383075,0.2540545843848865,1.9679565064968196,completed,2.5064609050750732,True,COMPLETE
382,2.9685696426865005,2026-06-13 17:09:16.984542,2026-06-13 17:09:19.613404,0 days 00:00:02.628862,LinearRegression,12,True,-0.0584706951810886,-0.047138814421693535,298,-0.05280475480139107,0.0056659403796975325,0.049784264865776355,1.9679565064968196,2.9483312837877125,2.9888080015852885,298,2.9685696426865005,0.020238358898787816,0.17782605399029652,1.9679565064968196,953660927808996.9,1086912910368333.6,298,1020286919088665.2,66625991279668.43,585414913417953.8,1.9679565064968196,8.944056379601255,9.361583828701809,298,9.152820104151532,0.20876372455027709,1.834320141210486,1.9679565064968196,2.615529415003757,2.6645784337740546,298,2.640053924388906,0.024524509385148885,0.21548667813526268,1.9679565064968196,299,0.8695652173913043,-0.12173330978648783,-0.0961889801226613,298,-0.10896114495457457,0.012772164831913266,0.11222370767961876,1.9679565064968196,LinearRegression,"{'mode': 'original', 'type': 'LinearRegression'}",12,"['nodes_T6W30', 'edges_T6W30', 're_T6W30', 'pe_T6W30', 'l1_T6W30', 'l2_T6W30', 'lcc_T6W30', 'lsc_T6W30', 'atd_T6W30', 'density_T6W30', 'diameter_T6W30', 'asp_T6W30']",-0.011349534591648346,0.016939706333772342,298,0.002795085871061997,0.014144620462710344,0.12428290528165484,1.9679565064968196,3.6012180655718002,3.659045900619462,298,3.630131983095631,0.02891391752383075,0.2540545843848865,1.9679565064968196,completed,2.6210501194000244,True,COMPLETE
383,2.9685696426865005,2026-06-13 17:09:19.625743,2026-06-13 17:09:22.131078,0 days 00:00:02.505335,LinearRegression,12,True,-0.0584706951810886,-0.047138814421693535,298,-0.05280475480139107,0.0056659403796975325,0.049784264865776355,1.9679565064968196,2.9483312837877125,2.9888080015852885,298,2.9685696426865005,0.020238358898787816,0.17782605399029652,1.9679565064968196,953660927808996.9,1086912910368333.6,298,1020286919088665.2,66625991279668.43,585414913417953.8,1.9679565064968196,8.944056379601255,9.361583828701809,298,9.152820104151532,0.20876372455027709,1.834320141210486,1.9679565064968196,2.615529415003757,2.6645784337740546,298,2.640053924388906,0.024524509385148885,0.21548667813526268,1.9679565064968196,299,0.8695652173913043,-0.12173330978648783,-0.0961889801226613,298,-0.10896114495457457,0.012772164831913266,0.11222370767961876,1.9679565064968196,LinearRegression,"{'mode': 'original', 'type': 'LinearRegression'}",12,"['nodes_T6W30', 'edges_T6W30', 're_T6W30', 'pe_T6W30', 'l1_T6W30', 'l2_T6W30', 'lcc_T6W30', 'lsc_T6W30', 'atd_T6W30', 'density_T6W30', 'diameter_T6W30', 'asp_T6W30']",-0.011349534591648346,0.016939706333772342,298,0.002795085871061997,0.014144620462710344,0.12428290528165484,1.9679565064968196,3.6012180655718002,3.659045900619462,298,3.630131983095631,0.02891391752383075,0.2540545843848865,1.9679565064968196,completed,2.497821092605591,True,COMPLETE
384,2.913900813720027,2026-06-13 17:09:22.142849,2026-06-13 17:09:24.589605,0 days 00:00:02.446756,LinearRegression,9,True,-0.03820914713255223,-0.028667046016422674,298,-0.03343809657448745,0.004771050558064777,0.04192123968014411,1.9679565064968196,2.8958704017512717,2.931931225688782,298,2.913900813720027,0.018030411968754937,0.1584257413487783,1.9679565064968196,935121634805522.9,1065016921449942.9,298,1000069278127732.9,64947643322210.01,570667966988647.1,1.9679565064968196,8.402777554230852,8.684755599765634,298,8.543766576998243,0.14098902276739006,1.2388119856978481,1.9679565064968196,2.5304061502337416,2.5781491369280602,298,2.554277643580901,0.023871493347159215,0.20974889742839736,1.9679565064968196,299,0.7290969899665551,-0.06946621941796867,-0.049973974096306856,298,-0.05972009675713776,0.00974612266083091,0.08563513193674885,1.9679565064968196,LinearRegression,"{'mode': 'original', 'type': 'LinearRegression'}",9,"['nodes_T6W30', 'edges_T6W30', 're_T6W30', 'l1_T6W30', 'l2_T6W30', 'lcc_T6W30', 'atd_T6W30', 'density_T6W30', 'diameter_T6W30']",0.041739749704734805,0.07008838034213705,298,0.055914065023435926,0.014174315318701117,0.12454382164799943,1.9679565064968196,3.524970086682756,3.574293149680816,298,3.549631618181786,0.024661531499030234,0.21669063454016607,1.9679565064968196,completed,2.4392220973968506,True,COMPLETE
385,2.9685696426865005,2026-06-13 17:09:24.601448,2026-06-13 17:09:27.136889,0 days 00:00:02.535441,LinearRegression,12,True,-0.0584706951810886,-0.047138814421693535,298,-0.05280475480139107,0.0056659403796975325,0.049784264865776355,1.9679565064968196,2.9483312837877125,2.9888080015852885,298,2.9685696426865005,0.020238358898787816,0.17782605399029652,1.9679565064968196,953660927808996.9,1086912910368333.6,298,1020286919088665.2,66625991279668.43,585414913417953.8,1.9679565064968196,8.944056379601255,9.361583828701809,298,9.152820104151532,0.20876372455027709,1.834320141210486,1.9679565064968196,2.615529415003757,2.6645784337740546,298,2.640053924388906,0.024524509385148885,0.21548667813526268,1.9679565064968196,299,0.8695652173913043,-0.12173330978648783,-0.0961889801226613,298,-0.10896114495457457,0.012772164831913266,0.11222370767961876,1.9679565064968196,LinearRegression,"{'mode': 'original', 'type': 'LinearRegression'}",12,"['nodes_T6W30', 'edges_T6W30', 're_T6W30', 'pe_T6W30', 'l1_T6W30', 'l2_T6W30', 'lcc_T6W30', 'lsc_T6W30', 'atd_T6W30', 'density_T6W30', 'diameter_T6W30', 'asp_T6W30']",-0.011349534591648346,0.016939706333772342,298,0.002795085871061997,0.014144620462710344,0.12428290528165484,1.9679565064968196,3.6012180655718002,3.659045900619462,298,3.630131983095631,0.02891391752383075,0.2540545843848865,1.9679565064968196,completed,2.5280840396881104,True,COMPLETE
386,2.9446108882899074,2026-06-13 17:09:27.148239,2026-06-13 17:09:29.593903,0 days 00:00:02.445664,LinearRegression,11,True,-0.049615854378413024,-0.03909006039811733,298,-0.044352957388265175,0.005262896990147851,0.04624288999892455,1.9679565064968196,2.925554939893154,2.9636668366866608,298,2.9446108882899074,0.019055948396753314,0.16743670400273034,1.9679565064968196,951367977982883.9,1084847948764400.1,298,1018107963373642.0,66739985390758.12,586416532326610.6,1.9679565064968196,8.437343245444866,8.740638141202657,298,8.588990693323762,0.15164744787889506,1.3324631403595801,1.9679565064968196,2.585854377112604,2.6368344273328277,298,2.611344402222716,0.025490025110111707,0.22397026380020524,1.9679565064968196,299,0.8093645484949833,-0.09102982766433644,-0.06936103620134655,298,-0.0801954319328415,0.010834395731494946,0.09519733541322142,1.9679565064968196,LinearRegression,"{'mode': 'original', 'type': 'LinearRegression'}",11,"['nodes_T6W30', 'edges_T6W30', 're_T6W30', 'l1_T6W30', 'l2_T6W30', 'lcc_T6W30', 'lsc_T6W30', 'atd_T6W30', 'density_T6W30', 'diameter_T6W30', 'asp_T6W30']",0.007110390790379163,0.03544890184465273,298,0.021279646317515947,0.014169255527136784,0.12449936336102081,1.9679565064968196,3.557480817691372,3.6086288786956726,298,3.5830548481935223,0.02557403050215026,0.2247083842898571,1.9679565064968196,completed,2.4382951259613037,True,COMPLETE
387,2.93167490974165,2026-06-13 17:09:29.605312,2026-06-13 17:09:31.972184,0 days 00:00:02.366872,LinearRegression,10,False,-0.044833974075432034,-0.03468778605475051,298,-0.03976088006509127,0.00507309401034076,0.04457517004675409,1.9679565064968196,2.9130729708474856,2.9502768486358146,298,2.93167490974165,0.018601938894164696,0.16344751106850153,1.9679565064968196,944487325964714.5,1075942347517054.2,298,1010214836740884.4,65727510776169.836,577520338402094.1,1.9679565064968196,8.446776531753411,8.74340903727041,298,8.59509278451191,0.14831625275849955,1.3031933123911106,1.9679565064968196,2.548004180635115,2.5953774445662323,298,2.5716908126006737,0.023686631965558837,0.20812459724726168,1.9679565064968196,299,0.782608695652174,-0.0822060855944999,-0.06136952920959069,298,-0.0717878074020453,0.010418278192454604,0.09154108342491771,1.9679565064968196,LinearRegression,"{'mode': 'original', 'type': 'LinearRegression'}",10,"['nodes_T6W30', 'edges_T6W30', 're_T6W30', 'l1_T6W30', 'l2_T6W30', 'lcc_T6W30', 'atd_T6W30', 'density_T6W30', 'diameter_T6W30', 'asp_T6W30']",0.026840865334708322,0.05530376204173797,298,0.041072313688223144,0.014231448353514822,0.12504582589568672,1.9679565064968196,3.544141469037598,3.594719795688233,298,3.5694306323629155,0.02528916332531745,0.2222053747216965,1.9679565064968196,completed,2.360071897506714,False,COMPLETE
388,2.9542633275617103,2026-06-13 17:09:31.982868,2026-06-13 17:09:34.437262,0 days 00:00:02.454394,LinearRegression,11,False,-0.05326701376251472,-0.04217627899243974,298,-0.04772164637747723,0.005545367385037492,0.048724840039612596,1.9679565064968196,2.9343040787864036,2.974222576337017,298,2.9542633275617103,0.019959248775306852,0.17537362925884573,1.9679565064968196,946585434623608.9,1077846655602459.1,298,1012216045113034.0,65630610489425.18,576668915828331.9,1.9679565064968196,8.970614538049494,9.398454616936467,298,9.18453457749298,0.21392003944348686,1.8796265385906517,1.9679565064968196,2.5781462617046893,2.6250917832760816,298,2.6016190224903855,0.02347276078569596,0.20624540001751285,1.9679565064968196,299,0.862876254180602,-0.11370277190307468,-0.08835398221831678,298,-0.10102837706069573,0.012674394842378952,0.11136464338865981,1.9679565064968196,LinearRegression,"{'mode': 'original', 'type': 'LinearRegression'}",11,"['nodes_T6W30', 'edges_T6W30', 're_T6W30', 'pe_T6W30', 'l1_T6W30', 'l2_T6W30', 'lcc_T6W30', 'atd_T6W30', 'density_T6W30', 'diameter_T6W30', 'asp_T6W30']",0.00834138473409573,0.03706634327396324,298,0.022703864004029486,0.014362479269933755,0.12619714013682842,1.9679565064968196,3.5882938120202246,3.646446117101079,298,3.617369964560652,0.029076152540427384,0.25548007609420476,1.9679565064968196,completed,2.4465150833129883,False,COMPLETE
389,2.8532519471441886,2026-06-13 17:09:34.448519,2026-06-13 17:09:36.944235,0 days 00:00:02.495716,LinearRegression,5,True,-0.01571255127978564,-0.008046563589647834,298,-0.011879557434716737,0.0038329938450689027,0.03367892494872803,1.9679565064968196,2.8369572246335135,2.8695466696548637,298,2.8532519471441886,0.01629472251067518,0.1431749589693154,1.9679565064968196,929984868724453.2,1059090367084707.0,298,994537617904580.1,64552749180126.9,567198196174634.6,1.9679565064968196,8.248728735435938,8.525126469441018,298,8.386927602438478,0.13819886700254,1.2142960458351906,1.9679565064968196,2.5520664915079387,2.59397615586655,298,2.5730213236872443,0.02095483217930558,0.18412140713138486,1.9679565064968196,299,0.5518394648829431,-0.026515610869651436,-0.012194149377467161,298,-0.0193548801235593,0.007160730746092138,0.06291836697988519,1.9679565064968196,LinearRegression,"{'mode': 'original', 'type': 'LinearRegression'}",5,"['nodes_T6W30', 'l1_T6W30', 'lcc_T6W30', 'atd_T6W30', 'density_T6W30']",0.08624719978539255,0.11436778794193486,298,0.10030749386366371,0.014060294078271158,0.12354196436509725,1.9679565064968196,3.4602539411661466,3.5049988027473233,298,3.482626371956735,0.02237243079058845,0.19657725735359116,1.9679565064968196,completed,2.488529920578003,True,COMPLETE
390,2.9127620244346555,2026-06-13 17:09:36.955734,2026-06-13 17:09:39.439575,0 days 00:00:02.483841,LinearRegression,9,False,-0.037768928805715654,-0.028312533607448828,298,-0.03304073120658224,0.004728197599133414,0.0415447085282517,1.9679565064968196,2.8948623047994517,2.9306617440698592,298,2.9127620244346555,0.017899719635203568,0.1572774020946693,1.9679565064968196,931046323422172.6,1060440290641063.6,298,995743307031618.1,64696983609445.46,568465524199774.0,1.9679565064968196,8.383694709813417,8.65667427006967,298,8.520184489941544,0.13648978012812724,1.1992790093094852,1.9679565064968196,2.5320373009077173,2.5799409994509137,298,2.5559891501793155,0.023951849271598342,0.2104549515619965,1.9679565064968196,299,0.7391304347826086,-0.06964052046887204,-0.05028036921253583,298,-0.05996044484070393,0.009680075628168108,0.08505480409223683,1.9679565064968196,LinearRegression,"{'mode': 'original', 'type': 'LinearRegression'}",9,"['nodes_T6W30', 'edges_T6W30', 're_T6W30', 'l1_T6W30', 'l2_T6W30', 'lcc_T6W30', 'atd_T6W30', 'density_T6W30', 'asp_T6W30']",0.03817731063642941,0.06632187364558187,298,0.052249592141005635,0.014072281504576229,0.12364729290126913,1.9679565064968196,3.525554043809398,3.5744472280524078,298,3.550000635930903,0.02444659212150479,0.21480205150121373,1.9679565064968196,completed,2.4762558937072754,False,COMPLETE
391,2.8906262484170657,2026-06-13 17:09:39.451064,2026-06-13 17:09:41.967693,0 days 00:00:02.516629,LinearRegression,8,False,-0.029666843297588254,-0.02068936010943097,298,-0.025178101703509613,0.004488741594078642,0.039440708065757626,1.9679565064968196,2.8732178853913117,2.9080346114428197,298,2.8906262484170657,0.01740836302575392,0.1529600556439294,1.9679565064968196,927752071403076.1,1056668983717976.9,298,992210527560526.5,64458456157450.38,566369682547357.0,1.9679565064968196,8.245375090165005,8.4657361872132,298,8.355555638689102,0.11018054852409628,0.9681107182905012,1.9679565064968196,2.5265960340540343,2.5722770013851712,298,2.549436517719603,0.022840483665568654,0.20068984356835226,1.9679565064968196,299,0.6622073578595318,-0.050355287130922445,-0.03321902625916285,298,-0.04178715669504265,0.0085681304358798,0.07528460351485923,1.9679565064968196,LinearRegression,"{'mode': 'original', 'type': 'LinearRegression'}",8,"['edges_T6W30', 're_T6W30', 'l1_T6W30', 'l2_T6W30', 'lcc_T6W30', 'atd_T6W30', 'density_T6W30', 'asp_T6W30']",0.056322762200826916,0.08508796031403064,298,0.07070536125742878,0.014382599056601863,0.12637392434587466,1.9679565064968196,3.4967101170433175,3.5428794167860236,298,3.5197947669146705,0.02308464987135328,0.20283523060835895,1.9679565064968196,completed,2.508903980255127,False,COMPLETE
392,2.9446108882899074,2026-06-13 17:09:41.978806,2026-06-13 17:09:44.408148,0 days 00:00:02.429342,LinearRegression,11,True,-0.049615854378413024,-0.03909006039811733,298,-0.044352957388265175,0.005262896990147851,0.04624288999892455,1.9679565064968196,2.925554939893154,2.9636668366866608,298,2.9446108882899074,0.019055948396753314,0.16743670400273034,1.9679565064968196,951367977982883.9,1084847948764400.1,298,1018107963373642.0,66739985390758.12,586416532326610.6,1.9679565064968196,8.437343245444866,8.740638141202657,298,8.588990693323762,0.15164744787889506,1.3324631403595801,1.9679565064968196,2.585854377112604,2.6368344273328277,298,2.611344402222716,0.025490025110111707,0.22397026380020524,1.9679565064968196,299,0.8093645484949833,-0.09102982766433644,-0.06936103620134655,298,-0.0801954319328415,0.010834395731494946,0.09519733541322142,1.9679565064968196,LinearRegression,"{'mode': 'original', 'type': 'LinearRegression'}",11,"['nodes_T6W30', 'edges_T6W30', 're_T6W30', 'l1_T6W30', 'l2_T6W30', 'lcc_T6W30', 'lsc_T6W30', 'atd_T6W30', 'density_T6W30', 'diameter_T6W30', 'asp_T6W30']",0.007110390790379163,0.03544890184465273,298,0.021279646317515947,0.014169255527136784,0.12449936336102081,1.9679565064968196,3.557480817691372,3.6086288786956726,298,3.5830548481935223,0.02557403050215026,0.2247083842898571,1.9679565064968196,completed,2.4221181869506836,True,COMPLETE
393,2.861419690575908,2026-06-13 17:09:44.419484,2026-06-13 17:09:46.711513,0 days 00:00:02.292029,LinearRegression,6,False,-0.018696194627931914,-0.010919585729399724,298,-0.014807890178665819,0.0038883044492660944,0.03416491625550315,1.9679565064968196,2.845210356687317,2.8776290244644995,298,2.861419690575908,0.016209333888591335,0.14242468461175628,1.9679565064968196,927412878926755.6,1056274784570235.6,298,991843831748495.6,64430952821739.97,566128022159505.8,1.9679565064968196,8.122078994750225,8.354855322074954,298,8.23846715841259,0.11638816366236442,1.022654454284568,1.9679565064968196,2.547625998328651,2.5954318642430625,298,2.5715289312858567,0.023902932957205872,0.2100251442239775,1.9679565064968196,299,0.5652173913043478,-0.025864073387163133,-0.011367252246777319,298,-0.018615662816970226,0.007248410570192908,0.06368877317795577,1.9679565064968196,LinearRegression,"{'mode': 'original', 'type': 'LinearRegression'}",6,"['edges_T6W30', 're_T6W30', 'l1_T6W30', 'l2_T6W30', 'atd_T6W30', 'density_T6W30']",0.09246588152756556,0.12046546055270325,298,0.10646567104013441,0.013999789512568845,0.12301033587579899,1.9679565064968196,3.4592762752187745,3.5026855309150524,298,3.4809809030669134,0.021704627848139025,0.19070955025872374,1.9679565064968196,completed,2.284475088119507,False,COMPLETE
