number,value,datetime_start,datetime_complete,duration,params_regressor,params_rfe_n_features,params_use_scaler,user_attrs_d2mae_ci_lower_val,user_attrs_d2mae_ci_upper_val,user_attrs_d2mae_df_val,user_attrs_d2mae_mean_val,user_attrs_d2mae_samperror_val,user_attrs_d2mae_std_val,user_attrs_d2mae_t_critical_val,user_attrs_mae_ci_lower_val,user_attrs_mae_ci_upper_val,user_attrs_mae_df_val,user_attrs_mae_mean_val,user_attrs_mae_samperror_val,user_attrs_mae_std_val,user_attrs_mae_t_critical_val,user_attrs_mape_ci_lower_val,user_attrs_mape_ci_upper_val,user_attrs_mape_df_val,user_attrs_mape_mean_val,user_attrs_mape_samperror_val,user_attrs_mape_std_val,user_attrs_mape_t_critical_val,user_attrs_max_error_ci_lower_val,user_attrs_max_error_ci_upper_val,user_attrs_max_error_df_val,user_attrs_max_error_mean_val,user_attrs_max_error_samperror_val,user_attrs_max_error_std_val,user_attrs_max_error_t_critical_val,user_attrs_median_ae_ci_lower_val,user_attrs_median_ae_ci_upper_val,user_attrs_median_ae_df_val,user_attrs_median_ae_mean_val,user_attrs_median_ae_samperror_val,user_attrs_median_ae_std_val,user_attrs_median_ae_t_critical_val,user_attrs_n_splits_val,user_attrs_r2_below_zero_val,user_attrs_r2_ci_lower_val,user_attrs_r2_ci_upper_val,user_attrs_r2_df_val,user_attrs_r2_mean_val,user_attrs_r2_samperror_val,user_attrs_r2_std_val,user_attrs_r2_t_critical_val,user_attrs_regressor_final,user_attrs_rfe_estimator,user_attrs_rfe_n_features,user_attrs_rfe_selected_features,user_attrs_rho_ci_lower_val,user_attrs_rho_ci_upper_val,user_attrs_rho_df_val,user_attrs_rho_mean_val,user_attrs_rho_samperror_val,user_attrs_rho_std_val,user_attrs_rho_t_critical_val,user_attrs_rmse_ci_lower_val,user_attrs_rmse_ci_upper_val,user_attrs_rmse_df_val,user_attrs_rmse_mean_val,user_attrs_rmse_samperror_val,user_attrs_rmse_std_val,user_attrs_rmse_t_critical_val,user_attrs_termination_reason,user_attrs_trial_time_seconds,user_attrs_use_scaler_final,state
306,2.9685696426865005,2026-06-13 17:06:11.090889,2026-06-13 17:06:13.493532,0 days 00:00:02.402643,LinearRegression,12,True,-0.0584706951810886,-0.047138814421693535,298,-0.05280475480139107,0.0056659403796975325,0.049784264865776355,1.9679565064968196,2.9483312837877125,2.9888080015852885,298,2.9685696426865005,0.020238358898787816,0.17782605399029652,1.9679565064968196,953660927808996.9,1086912910368333.6,298,1020286919088665.2,66625991279668.43,585414913417953.8,1.9679565064968196,8.944056379601255,9.361583828701809,298,9.152820104151532,0.20876372455027709,1.834320141210486,1.9679565064968196,2.615529415003757,2.6645784337740546,298,2.640053924388906,0.024524509385148885,0.21548667813526268,1.9679565064968196,299,0.8695652173913043,-0.12173330978648783,-0.0961889801226613,298,-0.10896114495457457,0.012772164831913266,0.11222370767961876,1.9679565064968196,LinearRegression,"{'mode': 'original', 'type': 'LinearRegression'}",12,"['nodes_T6W30', 'edges_T6W30', 're_T6W30', 'pe_T6W30', 'l1_T6W30', 'l2_T6W30', 'lcc_T6W30', 'lsc_T6W30', 'atd_T6W30', 'density_T6W30', 'diameter_T6W30', 'asp_T6W30']",-0.011349534591648346,0.016939706333772342,298,0.002795085871061997,0.014144620462710344,0.12428290528165484,1.9679565064968196,3.6012180655718002,3.659045900619462,298,3.630131983095631,0.02891391752383075,0.2540545843848865,1.9679565064968196,completed,2.3955039978027344,True,COMPLETE
307,2.9542633275617103,2026-06-13 17:06:13.504521,2026-06-13 17:06:15.903143,0 days 00:00:02.398622,LinearRegression,11,False,-0.05326701376251472,-0.04217627899243974,298,-0.04772164637747723,0.005545367385037492,0.048724840039612596,1.9679565064968196,2.9343040787864036,2.974222576337017,298,2.9542633275617103,0.019959248775306852,0.17537362925884573,1.9679565064968196,946585434623608.9,1077846655602459.1,298,1012216045113034.0,65630610489425.18,576668915828331.9,1.9679565064968196,8.970614538049494,9.398454616936467,298,9.18453457749298,0.21392003944348686,1.8796265385906517,1.9679565064968196,2.5781462617046893,2.6250917832760816,298,2.6016190224903855,0.02347276078569596,0.20624540001751285,1.9679565064968196,299,0.862876254180602,-0.11370277190307468,-0.08835398221831678,298,-0.10102837706069573,0.012674394842378952,0.11136464338865981,1.9679565064968196,LinearRegression,"{'mode': 'original', 'type': 'LinearRegression'}",11,"['nodes_T6W30', 'edges_T6W30', 're_T6W30', 'pe_T6W30', 'l1_T6W30', 'l2_T6W30', 'lcc_T6W30', 'atd_T6W30', 'density_T6W30', 'diameter_T6W30', 'asp_T6W30']",0.00834138473409573,0.03706634327396324,298,0.022703864004029486,0.014362479269933755,0.12619714013682842,1.9679565064968196,3.5882938120202246,3.646446117101079,298,3.617369964560652,0.029076152540427384,0.25548007609420476,1.9679565064968196,completed,2.3913490772247314,False,COMPLETE
308,2.8532519471441886,2026-06-13 17:06:16.009855,2026-06-13 17:06:18.325739,0 days 00:00:02.315884,LinearRegression,5,True,-0.01571255127978564,-0.008046563589647834,298,-0.011879557434716737,0.0038329938450689027,0.03367892494872803,1.9679565064968196,2.8369572246335135,2.8695466696548637,298,2.8532519471441886,0.01629472251067518,0.1431749589693154,1.9679565064968196,929984868724453.2,1059090367084707.0,298,994537617904580.1,64552749180126.9,567198196174634.6,1.9679565064968196,8.248728735435938,8.525126469441018,298,8.386927602438478,0.13819886700254,1.2142960458351906,1.9679565064968196,2.5520664915079387,2.59397615586655,298,2.5730213236872443,0.02095483217930558,0.18412140713138486,1.9679565064968196,299,0.5518394648829431,-0.026515610869651436,-0.012194149377467161,298,-0.0193548801235593,0.007160730746092138,0.06291836697988519,1.9679565064968196,LinearRegression,"{'mode': 'original', 'type': 'LinearRegression'}",5,"['nodes_T6W30', 'l1_T6W30', 'lcc_T6W30', 'atd_T6W30', 'density_T6W30']",0.08624719978539255,0.11436778794193486,298,0.10030749386366371,0.014060294078271158,0.12354196436509725,1.9679565064968196,3.4602539411661466,3.5049988027473233,298,3.482626371956735,0.02237243079058845,0.19657725735359116,1.9679565064968196,completed,2.308149814605713,True,COMPLETE
309,2.8438037643288787,2026-06-13 17:06:18.336250,2026-06-13 17:06:20.632038,0 days 00:00:02.295788,LinearRegression,5,False,-0.012287754712931488,-0.004916602438530144,298,-0.008602178575730816,0.0036855761372006717,0.03238362677709258,1.9679565064968196,2.8283303966167614,2.859277132040996,298,2.8438037643288787,0.015473367712117055,0.13595805548993622,1.9679565064968196,922201789016081.5,1049925113995022.5,298,986063451505552.0,63861662489470.555,561125904454776.3,1.9679565064968196,8.111674173149735,8.348948755921361,298,8.230311464535548,0.1186372913858129,1.0424166054540966,1.9679565064968196,2.5500462304634834,2.5970796628036434,298,2.5735629466335634,0.02351671617007991,0.20663161772398375,1.9679565064968196,299,0.5217391304347826,-0.017188814375682607,-0.003488475881635333,298,-0.01033864512865897,0.0068501692470236365,0.06018959207393317,1.9679565064968196,LinearRegression,"{'mode': 'original', 'type': 'LinearRegression'}",5,"['edges_T6W30', 're_T6W30', 'l1_T6W30', 'atd_T6W30', 'density_T6W30']",0.09678684624373135,0.12502398614424273,298,0.11090541619398704,0.014118569950255696,0.12405401024834695,1.9679565064968196,3.445665762892395,3.4882318836756308,298,3.466948823284013,0.021283060391617918,0.18700541210904575,1.9679565064968196,completed,2.289051055908203,False,COMPLETE
310,2.989562255484223,2026-06-13 17:06:20.643136,2026-06-13 17:06:23.023134,0 days 00:00:02.379998,LinearRegression,13,False,-0.06600050139682655,-0.0544130371183266,298,-0.06020676925757658,0.005793732139249973,0.050907117980860124,1.9679565064968196,2.9687666382864077,3.010357872682038,298,2.989562255484223,0.020795617197815315,0.18272245121622674,1.9679565064968196,948956863422235.8,1082048517860805.5,298,1015502690641520.6,66545827219284.92,584710545114123.9,1.9679565064968196,8.971355104724463,9.380207443494577,298,9.17578127410952,0.20442616938505678,1.7962078455024306,1.9679565064968196,2.6308001316122294,2.681457263087056,298,2.6561286973496427,0.025328565737413385,0.2225515873516711,1.9679565064968196,299,0.9130434782608695,-0.13754609225802686,-0.11164212255737097,298,-0.12459410740769891,0.012951984850327947,0.11380371149628496,1.9679565064968196,LinearRegression,"{'mode': 'original', 'type': 'LinearRegression'}",13,"['nodes_T6W30', 'edges_T6W30', 're_T6W30', 'pe_T6W30', 'l1_T6W30', 'l2_T6W30', 'l3_T6W30', 'lcc_T6W30', 'lsc_T6W30', 'atd_T6W30', 'density_T6W30', 'diameter_T6W30', 'asp_T6W30']",-0.030525235684276973,-0.001937355873438502,298,-0.01623129577885774,0.014293939905419236,0.1255949132074824,1.9679565064968196,3.626419759092389,3.6849201281837938,298,3.6556699436380913,0.029250184545702277,0.2570092230433631,1.9679565064968196,completed,2.3730478286743164,False,COMPLETE
311,2.8532519471441886,2026-06-13 17:06:23.033683,2026-06-13 17:06:25.283079,0 days 00:00:02.249396,LinearRegression,5,True,-0.01571255127978564,-0.008046563589647834,298,-0.011879557434716737,0.0038329938450689027,0.03367892494872803,1.9679565064968196,2.8369572246335135,2.8695466696548637,298,2.8532519471441886,0.01629472251067518,0.1431749589693154,1.9679565064968196,929984868724453.2,1059090367084707.0,298,994537617904580.1,64552749180126.9,567198196174634.6,1.9679565064968196,8.248728735435938,8.525126469441018,298,8.386927602438478,0.13819886700254,1.2142960458351906,1.9679565064968196,2.5520664915079387,2.59397615586655,298,2.5730213236872443,0.02095483217930558,0.18412140713138486,1.9679565064968196,299,0.5518394648829431,-0.026515610869651436,-0.012194149377467161,298,-0.0193548801235593,0.007160730746092138,0.06291836697988519,1.9679565064968196,LinearRegression,"{'mode': 'original', 'type': 'LinearRegression'}",5,"['nodes_T6W30', 'l1_T6W30', 'lcc_T6W30', 'atd_T6W30', 'density_T6W30']",0.08624719978539255,0.11436778794193486,298,0.10030749386366371,0.014060294078271158,0.12354196436509725,1.9679565064968196,3.4602539411661466,3.5049988027473233,298,3.482626371956735,0.02237243079058845,0.19657725735359116,1.9679565064968196,completed,2.2424051761627197,True,COMPLETE
312,2.8161656965278454,2026-06-13 17:06:25.293674,2026-06-13 17:06:27.566678,0 days 00:00:02.273004,LinearRegression,3,False,-0.002074677594644434,0.004569166776383492,298,0.0012472445908695287,0.003321922185513963,0.02918835054101899,1.9679565064968196,2.801090604033481,2.83124078902221,298,2.8161656965278454,0.01507509249436449,0.13245857656828774,1.9679565064968196,922642226615120.9,1050443966917886.4,298,986543096766503.6,63900870151382.77,561470405895772.8,1.9679565064968196,8.132600981315466,8.3647143847111,298,8.248657683013283,0.116056701697816,1.0197420356690916,1.9679565064968196,2.52613128868246,2.568534842733657,298,2.5473330657080586,0.02120177702559843,0.18629120893147685,1.9679565064968196,299,0.3612040133779264,0.0015997432949173933,0.01366954921306315,298,0.007634646253990272,0.006034902959072878,0.053026185808503046,1.9679565064968196,LinearRegression,"{'mode': 'original', 'type': 'LinearRegression'}",3,"['l1_T6W30', 'atd_T6W30', 'density_T6W30']",0.13450833646712398,0.16255413322246423,298,0.1485312348447941,0.014022898377670111,0.1232133838755752,1.9679565064968196,3.415542658571912,3.4573746594997434,298,3.4364586590358277,0.020916000463915705,0.18378020897633732,1.9679565064968196,completed,2.265836715698242,False,COMPLETE
313,2.8986782290534054,2026-06-13 17:06:27.578102,2026-06-13 17:06:30.094892,0 days 00:00:02.516790,LinearRegression,8,True,-0.03264531238387544,-0.023419887954437283,298,-0.02803260016915636,0.004612712214719077,0.040529986420265764,1.9679565064968196,2.8809833595443073,2.9163730985625036,298,2.8986782290534054,0.017694869509098307,0.15547746911754956,1.9679565064968196,934442761240347.6,1064388490703214.1,298,999415625971780.9,64972864731433.29,570889577036214.8,1.9679565064968196,8.342195546192317,8.61959187621063,298,8.480893711201473,0.13869816500915658,1.2186831700445138,1.9679565064968196,2.5175391119003883,2.563670298733229,298,2.5406047053168086,0.023065593416420466,0.20266778945363423,1.9679565064968196,299,0.6923076923076923,-0.05650738636685145,-0.03861759290949109,298,-0.04756248963817127,0.008944896728680181,0.07859509244631392,1.9679565064968196,LinearRegression,"{'mode': 'original', 'type': 'LinearRegression'}",8,"['nodes_T6W30', 're_T6W30', 'l1_T6W30', 'l2_T6W30', 'lcc_T6W30', 'atd_T6W30', 'density_T6W30', 'diameter_T6W30']",0.05619696069921541,0.08486962587883272,298,0.07053329328902407,0.014336332589808655,0.12596740011814184,1.9679565064968196,3.505673680347639,3.553524879607218,298,3.5295992799774285,0.023925599629789577,0.21022430686175894,1.9679565064968196,completed,2.509315013885498,True,COMPLETE
314,2.8303381103917937,2026-06-13 17:06:30.105805,2026-06-13 17:06:32.529676,0 days 00:00:02.423871,LinearRegression,4,False,-0.00732065479325932,-0.00026746536701256025,298,-0.00379406008013594,0.00352659471312338,0.03098672303391823,1.9679565064968196,2.8149809994385806,2.845695221345007,298,2.8303381103917937,0.015357110953213227,0.1349365556346882,1.9679565064968196,922963218121322.9,1050847998316485.9,298,986905608218904.4,63942390097581.555,561835224418427.8,1.9679565064968196,8.124704444804035,8.360866988457378,298,8.242785716630706,0.11808127182667133,1.0375310925210548,1.9679565064968196,2.541678876894521,2.585369675163246,298,2.5635242760288834,0.0218453991343624,0.19194644908384242,1.9679565064968196,299,0.43812709030100333,-0.00846266543688897,0.0046310849356425874,298,-0.001915790250623192,0.0065468751862657795,0.05752467313001162,1.9679565064968196,LinearRegression,"{'mode': 'original', 'type': 'LinearRegression'}",4,"['edges_T6W30', 'l1_T6W30', 'atd_T6W30', 'density_T6W30']",0.1173669578554545,0.145412983716993,298,0.13138997078622375,0.014023012930769248,0.12321439040607966,1.9679565064968196,3.431415331587556,3.4740827635360905,298,3.452749047561823,0.021333715974267385,0.18745050167486396,1.9679565064968196,completed,2.4164769649505615,False,COMPLETE
315,2.9685696426865005,2026-06-13 17:06:32.540601,2026-06-13 17:06:34.971616,0 days 00:00:02.431015,LinearRegression,12,False,-0.0584706951810887,-0.04713881442169365,298,-0.05280475480139118,0.005665940379697528,0.04978426486577631,1.9679565064968196,2.9483312837877125,2.9888080015852885,298,2.9685696426865005,0.020238358898787844,0.17782605399029677,1.9679565064968196,953660927808997.6,1086912910368334.6,298,1020286919088666.1,66625991279668.5,585414913417954.4,1.9679565064968196,8.944056379601257,9.361583828701814,298,9.152820104151536,0.20876372455027836,1.8343201412104972,1.9679565064968196,2.6155294150037594,2.664578433774057,298,2.640053924388908,0.024524509385148833,0.2154866781352622,1.9679565064968196,299,0.8695652173913043,-0.12173330978648758,-0.09618898012266108,298,-0.10896114495457433,0.012772164831913251,0.11222370767961862,1.9679565064968196,LinearRegression,"{'mode': 'original', 'type': 'LinearRegression'}",12,"['nodes_T6W30', 'edges_T6W30', 're_T6W30', 'pe_T6W30', 'l1_T6W30', 'l2_T6W30', 'lcc_T6W30', 'lsc_T6W30', 'atd_T6W30', 'density_T6W30', 'diameter_T6W30', 'asp_T6W30']",-0.011349534591648346,0.016939706333772342,298,0.002795085871061997,0.014144620462710344,0.12428290528165484,1.9679565064968196,3.6012180655718002,3.659045900619462,298,3.630131983095631,0.028913917523830795,0.2540545843848869,1.9679565064968196,completed,2.4238359928131104,False,COMPLETE
316,2.913900813720027,2026-06-13 17:06:34.983042,2026-06-13 17:06:37.500175,0 days 00:00:02.517133,LinearRegression,9,True,-0.03820914713255223,-0.028667046016422674,298,-0.03343809657448745,0.004771050558064777,0.04192123968014411,1.9679565064968196,2.8958704017512717,2.931931225688782,298,2.913900813720027,0.018030411968754937,0.1584257413487783,1.9679565064968196,935121634805522.9,1065016921449942.9,298,1000069278127732.9,64947643322210.01,570667966988647.1,1.9679565064968196,8.402777554230852,8.684755599765634,298,8.543766576998243,0.14098902276739006,1.2388119856978481,1.9679565064968196,2.5304061502337416,2.5781491369280602,298,2.554277643580901,0.023871493347159215,0.20974889742839736,1.9679565064968196,299,0.7290969899665551,-0.06946621941796867,-0.049973974096306856,298,-0.05972009675713776,0.00974612266083091,0.08563513193674885,1.9679565064968196,LinearRegression,"{'mode': 'original', 'type': 'LinearRegression'}",9,"['nodes_T6W30', 'edges_T6W30', 're_T6W30', 'l1_T6W30', 'l2_T6W30', 'lcc_T6W30', 'atd_T6W30', 'density_T6W30', 'diameter_T6W30']",0.041739749704734805,0.07008838034213705,298,0.055914065023435926,0.014174315318701117,0.12454382164799943,1.9679565064968196,3.524970086682756,3.574293149680816,298,3.549631618181786,0.024661531499030234,0.21669063454016607,1.9679565064968196,completed,2.5093822479248047,True,COMPLETE
317,2.9685696426865005,2026-06-13 17:06:37.510947,2026-06-13 17:06:39.956915,0 days 00:00:02.445968,LinearRegression,12,True,-0.0584706951810886,-0.047138814421693535,298,-0.05280475480139107,0.0056659403796975325,0.049784264865776355,1.9679565064968196,2.9483312837877125,2.9888080015852885,298,2.9685696426865005,0.020238358898787816,0.17782605399029652,1.9679565064968196,953660927808996.9,1086912910368333.6,298,1020286919088665.2,66625991279668.43,585414913417953.8,1.9679565064968196,8.944056379601255,9.361583828701809,298,9.152820104151532,0.20876372455027709,1.834320141210486,1.9679565064968196,2.615529415003757,2.6645784337740546,298,2.640053924388906,0.024524509385148885,0.21548667813526268,1.9679565064968196,299,0.8695652173913043,-0.12173330978648783,-0.0961889801226613,298,-0.10896114495457457,0.012772164831913266,0.11222370767961876,1.9679565064968196,LinearRegression,"{'mode': 'original', 'type': 'LinearRegression'}",12,"['nodes_T6W30', 'edges_T6W30', 're_T6W30', 'pe_T6W30', 'l1_T6W30', 'l2_T6W30', 'lcc_T6W30', 'lsc_T6W30', 'atd_T6W30', 'density_T6W30', 'diameter_T6W30', 'asp_T6W30']",-0.011349534591648346,0.016939706333772342,298,0.002795085871061997,0.014144620462710344,0.12428290528165484,1.9679565064968196,3.6012180655718002,3.659045900619462,298,3.630131983095631,0.02891391752383075,0.2540545843848865,1.9679565064968196,completed,2.438163995742798,True,COMPLETE
318,2.8986782290534054,2026-06-13 17:06:39.967845,2026-06-13 17:06:42.365544,0 days 00:00:02.397699,LinearRegression,8,True,-0.03264531238387544,-0.023419887954437283,298,-0.02803260016915636,0.004612712214719077,0.040529986420265764,1.9679565064968196,2.8809833595443073,2.9163730985625036,298,2.8986782290534054,0.017694869509098307,0.15547746911754956,1.9679565064968196,934442761240347.6,1064388490703214.1,298,999415625971780.9,64972864731433.29,570889577036214.8,1.9679565064968196,8.342195546192317,8.61959187621063,298,8.480893711201473,0.13869816500915658,1.2186831700445138,1.9679565064968196,2.5175391119003883,2.563670298733229,298,2.5406047053168086,0.023065593416420466,0.20266778945363423,1.9679565064968196,299,0.6923076923076923,-0.05650738636685145,-0.03861759290949109,298,-0.04756248963817127,0.008944896728680181,0.07859509244631392,1.9679565064968196,LinearRegression,"{'mode': 'original', 'type': 'LinearRegression'}",8,"['nodes_T6W30', 're_T6W30', 'l1_T6W30', 'l2_T6W30', 'lcc_T6W30', 'atd_T6W30', 'density_T6W30', 'diameter_T6W30']",0.05619696069921541,0.08486962587883272,298,0.07053329328902407,0.014336332589808655,0.12596740011814184,1.9679565064968196,3.505673680347639,3.553524879607218,298,3.5295992799774285,0.023925599629789577,0.21022430686175894,1.9679565064968196,completed,2.3910090923309326,True,COMPLETE
319,2.93167490974165,2026-06-13 17:06:42.377046,2026-06-13 17:06:44.855963,0 days 00:00:02.478917,LinearRegression,10,False,-0.044833974075432034,-0.03468778605475051,298,-0.03976088006509127,0.00507309401034076,0.04457517004675409,1.9679565064968196,2.9130729708474856,2.9502768486358146,298,2.93167490974165,0.018601938894164696,0.16344751106850153,1.9679565064968196,944487325964714.5,1075942347517054.2,298,1010214836740884.4,65727510776169.836,577520338402094.1,1.9679565064968196,8.446776531753411,8.74340903727041,298,8.59509278451191,0.14831625275849955,1.3031933123911106,1.9679565064968196,2.548004180635115,2.5953774445662323,298,2.5716908126006737,0.023686631965558837,0.20812459724726168,1.9679565064968196,299,0.782608695652174,-0.0822060855944999,-0.06136952920959069,298,-0.0717878074020453,0.010418278192454604,0.09154108342491771,1.9679565064968196,LinearRegression,"{'mode': 'original', 'type': 'LinearRegression'}",10,"['nodes_T6W30', 'edges_T6W30', 're_T6W30', 'l1_T6W30', 'l2_T6W30', 'lcc_T6W30', 'atd_T6W30', 'density_T6W30', 'diameter_T6W30', 'asp_T6W30']",0.026840865334708322,0.05530376204173797,298,0.041072313688223144,0.014231448353514822,0.12504582589568672,1.9679565064968196,3.544141469037598,3.594719795688233,298,3.5694306323629155,0.02528916332531745,0.2222053747216965,1.9679565064968196,completed,2.4712460041046143,False,COMPLETE
