number,value,datetime_start,datetime_complete,duration,params_regressor,params_rfe_n_features,params_use_scaler,user_attrs_d2mae_ci_lower_val,user_attrs_d2mae_ci_upper_val,user_attrs_d2mae_df_val,user_attrs_d2mae_mean_val,user_attrs_d2mae_samperror_val,user_attrs_d2mae_std_val,user_attrs_d2mae_t_critical_val,user_attrs_mae_ci_lower_val,user_attrs_mae_ci_upper_val,user_attrs_mae_df_val,user_attrs_mae_mean_val,user_attrs_mae_samperror_val,user_attrs_mae_std_val,user_attrs_mae_t_critical_val,user_attrs_mape_ci_lower_val,user_attrs_mape_ci_upper_val,user_attrs_mape_df_val,user_attrs_mape_mean_val,user_attrs_mape_samperror_val,user_attrs_mape_std_val,user_attrs_mape_t_critical_val,user_attrs_max_error_ci_lower_val,user_attrs_max_error_ci_upper_val,user_attrs_max_error_df_val,user_attrs_max_error_mean_val,user_attrs_max_error_samperror_val,user_attrs_max_error_std_val,user_attrs_max_error_t_critical_val,user_attrs_median_ae_ci_lower_val,user_attrs_median_ae_ci_upper_val,user_attrs_median_ae_df_val,user_attrs_median_ae_mean_val,user_attrs_median_ae_samperror_val,user_attrs_median_ae_std_val,user_attrs_median_ae_t_critical_val,user_attrs_n_splits_val,user_attrs_r2_below_zero_val,user_attrs_r2_ci_lower_val,user_attrs_r2_ci_upper_val,user_attrs_r2_df_val,user_attrs_r2_mean_val,user_attrs_r2_samperror_val,user_attrs_r2_std_val,user_attrs_r2_t_critical_val,user_attrs_regressor_final,user_attrs_rfe_estimator,user_attrs_rfe_n_features,user_attrs_rfe_selected_features,user_attrs_rho_ci_lower_val,user_attrs_rho_ci_upper_val,user_attrs_rho_df_val,user_attrs_rho_mean_val,user_attrs_rho_samperror_val,user_attrs_rho_std_val,user_attrs_rho_t_critical_val,user_attrs_rmse_ci_lower_val,user_attrs_rmse_ci_upper_val,user_attrs_rmse_df_val,user_attrs_rmse_mean_val,user_attrs_rmse_samperror_val,user_attrs_rmse_std_val,user_attrs_rmse_t_critical_val,user_attrs_termination_reason,user_attrs_trial_time_seconds,user_attrs_use_scaler_final,state
335,2.9685696426865005,2026-06-13 17:07:21.245632,2026-06-13 17:07:23.685755,0 days 00:00:02.440123,LinearRegression,12,False,-0.0584706951810887,-0.04713881442169365,298,-0.05280475480139118,0.005665940379697528,0.04978426486577631,1.9679565064968196,2.9483312837877125,2.9888080015852885,298,2.9685696426865005,0.020238358898787844,0.17782605399029677,1.9679565064968196,953660927808997.6,1086912910368334.6,298,1020286919088666.1,66625991279668.5,585414913417954.4,1.9679565064968196,8.944056379601257,9.361583828701814,298,9.152820104151536,0.20876372455027836,1.8343201412104972,1.9679565064968196,2.6155294150037594,2.664578433774057,298,2.640053924388908,0.024524509385148833,0.2154866781352622,1.9679565064968196,299,0.8695652173913043,-0.12173330978648758,-0.09618898012266108,298,-0.10896114495457433,0.012772164831913251,0.11222370767961862,1.9679565064968196,LinearRegression,"{'mode': 'original', 'type': 'LinearRegression'}",12,"['nodes_T6W30', 'edges_T6W30', 're_T6W30', 'pe_T6W30', 'l1_T6W30', 'l2_T6W30', 'lcc_T6W30', 'lsc_T6W30', 'atd_T6W30', 'density_T6W30', 'diameter_T6W30', 'asp_T6W30']",-0.011349534591648346,0.016939706333772342,298,0.002795085871061997,0.014144620462710344,0.12428290528165484,1.9679565064968196,3.6012180655718002,3.659045900619462,298,3.630131983095631,0.028913917523830795,0.2540545843848869,1.9679565064968196,completed,2.4329800605773926,False,COMPLETE
336,2.8303381103917937,2026-06-13 17:07:23.696545,2026-06-13 17:07:26.206059,0 days 00:00:02.509514,LinearRegression,4,False,-0.00732065479325932,-0.00026746536701256025,298,-0.00379406008013594,0.00352659471312338,0.03098672303391823,1.9679565064968196,2.8149809994385806,2.845695221345007,298,2.8303381103917937,0.015357110953213227,0.1349365556346882,1.9679565064968196,922963218121322.9,1050847998316485.9,298,986905608218904.4,63942390097581.555,561835224418427.8,1.9679565064968196,8.124704444804035,8.360866988457378,298,8.242785716630706,0.11808127182667133,1.0375310925210548,1.9679565064968196,2.541678876894521,2.585369675163246,298,2.5635242760288834,0.0218453991343624,0.19194644908384242,1.9679565064968196,299,0.43812709030100333,-0.00846266543688897,0.0046310849356425874,298,-0.001915790250623192,0.0065468751862657795,0.05752467313001162,1.9679565064968196,LinearRegression,"{'mode': 'original', 'type': 'LinearRegression'}",4,"['edges_T6W30', 'l1_T6W30', 'atd_T6W30', 'density_T6W30']",0.1173669578554545,0.145412983716993,298,0.13138997078622375,0.014023012930769248,0.12321439040607966,1.9679565064968196,3.431415331587556,3.4740827635360905,298,3.452749047561823,0.021333715974267385,0.18745050167486396,1.9679565064968196,completed,2.5020079612731934,False,COMPLETE
337,2.838103836844524,2026-06-13 17:07:26.216877,2026-06-13 17:07:28.581937,0 days 00:00:02.365060,LinearRegression,2,True,-0.00933470819845633,-0.0036250869931801267,298,-0.006479897595818228,0.0028548106026381015,0.02508403506902926,1.9679565064968196,2.8233731520302285,2.85283452165882,298,2.838103836844524,0.014730684814295415,0.1294324093273113,1.9679565064968196,929137686071701.0,1058181355868133.0,298,993659520969917.0,64521834898215.97,566926565219197.1,1.9679565064968196,8.207176405368854,8.495939045465212,298,8.351557725417033,0.1443813200481797,1.2686186929719723,1.9679565064968196,2.548265378643884,2.597249722118999,298,2.5727575503814415,0.02449217173755751,0.21520254065676153,1.9679565064968196,299,0.431438127090301,-0.007400224608535493,0.0032335958059081806,298,-0.0020833144013136565,0.005316910207221837,0.046717481703895426,1.9679565064968196,LinearRegression,"{'mode': 'original', 'type': 'LinearRegression'}",2,"['nodes_T6W30', 'lcc_T6W30']",0.12033636281774154,0.14827191796007796,298,0.13430414038890975,0.013967777571168204,0.12272906024231935,1.9679565064968196,3.4323998550655683,3.475933963558082,298,3.4541669093118252,0.021767054246257043,0.19125806509125887,1.9679565064968196,completed,2.3581597805023193,True,COMPLETE
338,2.8303381103917937,2026-06-13 17:07:28.592964,2026-06-13 17:07:30.956773,0 days 00:00:02.363809,LinearRegression,4,False,-0.00732065479325932,-0.00026746536701256025,298,-0.00379406008013594,0.00352659471312338,0.03098672303391823,1.9679565064968196,2.8149809994385806,2.845695221345007,298,2.8303381103917937,0.015357110953213227,0.1349365556346882,1.9679565064968196,922963218121322.9,1050847998316485.9,298,986905608218904.4,63942390097581.555,561835224418427.8,1.9679565064968196,8.124704444804035,8.360866988457378,298,8.242785716630706,0.11808127182667133,1.0375310925210548,1.9679565064968196,2.541678876894521,2.585369675163246,298,2.5635242760288834,0.0218453991343624,0.19194644908384242,1.9679565064968196,299,0.43812709030100333,-0.00846266543688897,0.0046310849356425874,298,-0.001915790250623192,0.0065468751862657795,0.05752467313001162,1.9679565064968196,LinearRegression,"{'mode': 'original', 'type': 'LinearRegression'}",4,"['edges_T6W30', 'l1_T6W30', 'atd_T6W30', 'density_T6W30']",0.1173669578554545,0.145412983716993,298,0.13138997078622375,0.014023012930769248,0.12321439040607966,1.9679565064968196,3.431415331587556,3.4740827635360905,298,3.452749047561823,0.021333715974267385,0.18745050167486396,1.9679565064968196,completed,2.356957197189331,False,COMPLETE
339,2.8211340871354835,2026-06-13 17:07:30.967904,2026-06-13 17:07:33.477314,0 days 00:00:02.509410,LinearRegression,2,False,-0.00325627453120075,0.0023932117012925493,298,-0.00043153141495410013,0.0028247431162466497,0.02481984455411952,1.9679565064968196,2.8062875182437,2.835980656027267,298,2.8211340871354835,0.01484656889178317,0.13045063458574307,1.9679565064968196,919835376622568.9,1047468087642963.9,298,983651732132766.4,63816355510197.484,560727810845376.4,1.9679565064968196,8.162258262798387,8.39426874810256,298,8.278263505450473,0.11600524265208682,1.0192898864068967,1.9679565064968196,2.5126219797429687,2.556296652019781,298,2.534459315881375,0.021837336138406327,0.19187560288720273,1.9679565064968196,299,0.3779264214046823,0.0007003628758873439,0.010910671720937768,298,0.0058055172984125564,0.0051051544225252125,0.04485687157287956,1.9679565064968196,LinearRegression,"{'mode': 'original', 'type': 'LinearRegression'}",2,"['atd_T6W30', 'density_T6W30']",0.13540898637911586,0.16319262900358517,298,0.1493008076913505,0.013891821312234659,0.12206166414219255,1.9679565064968196,3.419195107917949,3.4616932666873104,298,3.4404441873026297,0.021249079384680795,0.18670683511451447,1.9679565064968196,completed,2.5018579959869385,False,COMPLETE
340,2.989562255484223,2026-06-13 17:07:33.488871,2026-06-13 17:07:35.883940,0 days 00:00:02.395069,LinearRegression,13,True,-0.06600050139682645,-0.0544130371183265,298,-0.060206769257576474,0.005793732139249978,0.05090711798086017,1.9679565064968196,2.9687666382864077,3.010357872682038,298,2.989562255484223,0.020795617197815305,0.18272245121622663,1.9679565064968196,948956863422235.2,1082048517860805.0,298,1015502690641520.1,66545827219284.9,584710545114123.6,1.9679565064968196,8.97135510472446,9.38020744349457,298,9.175781274109514,0.20442616938505517,1.7962078455024164,1.9679565064968196,2.630800131612229,2.6814572630870557,298,2.6561286973496423,0.02532856573741339,0.22255158735167116,1.9679565064968196,299,0.9130434782608695,-0.13754609225802736,-0.11164212255737141,298,-0.12459410740769938,0.012951984850327974,0.1138037114962852,1.9679565064968196,LinearRegression,"{'mode': 'original', 'type': 'LinearRegression'}",13,"['nodes_T6W30', 'edges_T6W30', 're_T6W30', 'pe_T6W30', 'l1_T6W30', 'l2_T6W30', 'l3_T6W30', 'lcc_T6W30', 'lsc_T6W30', 'atd_T6W30', 'density_T6W30', 'diameter_T6W30', 'asp_T6W30']",-0.030525235684276973,-0.001937355873438502,298,-0.01623129577885774,0.014293939905419236,0.1255949132074824,1.9679565064968196,3.6264197590923897,3.6849201281837947,298,3.655669943638092,0.029250184545702277,0.2570092230433631,1.9679565064968196,completed,2.3880228996276855,True,COMPLETE
341,2.8793966795469723,2026-06-13 17:07:35.894853,2026-06-13 17:07:38.224789,0 days 00:00:02.329936,LinearRegression,7,True,-0.025392697510668846,-0.01700609939381871,298,-0.02119939845224378,0.004193299058425069,0.03684477721193186,1.9679565064968196,2.862643606910187,2.896149752183758,298,2.8793966795469723,0.016753072636785354,0.147202291159625,1.9679565064968196,931590125740631.8,1060555322272485.5,298,996072724006558.6,64482598265926.93,566581809227532.0,1.9679565064968196,8.310809516988794,8.603593125551392,298,8.457201321270093,0.1463918042812981,1.286283982908429,1.9679565064968196,2.5456984301885144,2.5901104825165207,298,2.5679044563525175,0.02220602616400326,0.19511512901307904,1.9679565064968196,299,0.6655518394648829,-0.04619814549144886,-0.02999320794306299,298,-0.03809567671725592,0.008102468774192932,0.07119302789815744,1.9679565064968196,LinearRegression,"{'mode': 'original', 'type': 'LinearRegression'}",7,"['nodes_T6W30', 're_T6W30', 'l1_T6W30', 'lcc_T6W30', 'atd_T6W30', 'density_T6W30', 'diameter_T6W30']",0.05316415266662755,0.0815419520595555,298,0.06735305236309153,0.014188899696463975,0.12467196851803186,1.9679565064968196,3.4908946734814847,3.537142301829925,298,3.514018487655705,0.023123814174219832,0.20317935107142954,1.9679565064968196,completed,2.3230040073394775,True,COMPLETE
342,2.8532519471441886,2026-06-13 17:07:38.235541,2026-06-13 17:07:40.799135,0 days 00:00:02.563594,LinearRegression,5,True,-0.01571255127978564,-0.008046563589647834,298,-0.011879557434716737,0.0038329938450689027,0.03367892494872803,1.9679565064968196,2.8369572246335135,2.8695466696548637,298,2.8532519471441886,0.01629472251067518,0.1431749589693154,1.9679565064968196,929984868724453.2,1059090367084707.0,298,994537617904580.1,64552749180126.9,567198196174634.6,1.9679565064968196,8.248728735435938,8.525126469441018,298,8.386927602438478,0.13819886700254,1.2142960458351906,1.9679565064968196,2.5520664915079387,2.59397615586655,298,2.5730213236872443,0.02095483217930558,0.18412140713138486,1.9679565064968196,299,0.5518394648829431,-0.026515610869651436,-0.012194149377467161,298,-0.0193548801235593,0.007160730746092138,0.06291836697988519,1.9679565064968196,LinearRegression,"{'mode': 'original', 'type': 'LinearRegression'}",5,"['nodes_T6W30', 'l1_T6W30', 'lcc_T6W30', 'atd_T6W30', 'density_T6W30']",0.08624719978539255,0.11436778794193486,298,0.10030749386366371,0.014060294078271158,0.12354196436509725,1.9679565064968196,3.4602539411661466,3.5049988027473233,298,3.482626371956735,0.02237243079058845,0.19657725735359116,1.9679565064968196,completed,2.5566420555114746,True,COMPLETE
343,2.913900813720027,2026-06-13 17:07:40.810309,2026-06-13 17:07:43.343048,0 days 00:00:02.532739,LinearRegression,9,True,-0.03820914713255223,-0.028667046016422674,298,-0.03343809657448745,0.004771050558064777,0.04192123968014411,1.9679565064968196,2.8958704017512717,2.931931225688782,298,2.913900813720027,0.018030411968754937,0.1584257413487783,1.9679565064968196,935121634805522.9,1065016921449942.9,298,1000069278127732.9,64947643322210.01,570667966988647.1,1.9679565064968196,8.402777554230852,8.684755599765634,298,8.543766576998243,0.14098902276739006,1.2388119856978481,1.9679565064968196,2.5304061502337416,2.5781491369280602,298,2.554277643580901,0.023871493347159215,0.20974889742839736,1.9679565064968196,299,0.7290969899665551,-0.06946621941796867,-0.049973974096306856,298,-0.05972009675713776,0.00974612266083091,0.08563513193674885,1.9679565064968196,LinearRegression,"{'mode': 'original', 'type': 'LinearRegression'}",9,"['nodes_T6W30', 'edges_T6W30', 're_T6W30', 'l1_T6W30', 'l2_T6W30', 'lcc_T6W30', 'atd_T6W30', 'density_T6W30', 'diameter_T6W30']",0.041739749704734805,0.07008838034213705,298,0.055914065023435926,0.014174315318701117,0.12454382164799943,1.9679565064968196,3.524970086682756,3.574293149680816,298,3.549631618181786,0.024661531499030234,0.21669063454016607,1.9679565064968196,completed,2.5246269702911377,True,COMPLETE
344,2.838103836844524,2026-06-13 17:07:43.357404,2026-06-13 17:07:45.786696,0 days 00:00:02.429292,LinearRegression,2,True,-0.00933470819845633,-0.0036250869931801267,298,-0.006479897595818228,0.0028548106026381015,0.02508403506902926,1.9679565064968196,2.8233731520302285,2.85283452165882,298,2.838103836844524,0.014730684814295415,0.1294324093273113,1.9679565064968196,929137686071701.0,1058181355868133.0,298,993659520969917.0,64521834898215.97,566926565219197.1,1.9679565064968196,8.207176405368854,8.495939045465212,298,8.351557725417033,0.1443813200481797,1.2686186929719723,1.9679565064968196,2.548265378643884,2.597249722118999,298,2.5727575503814415,0.02449217173755751,0.21520254065676153,1.9679565064968196,299,0.431438127090301,-0.007400224608535493,0.0032335958059081806,298,-0.0020833144013136565,0.005316910207221837,0.046717481703895426,1.9679565064968196,LinearRegression,"{'mode': 'original', 'type': 'LinearRegression'}",2,"['nodes_T6W30', 'lcc_T6W30']",0.12033636281774154,0.14827191796007796,298,0.13430414038890975,0.013967777571168204,0.12272906024231935,1.9679565064968196,3.4323998550655683,3.475933963558082,298,3.4541669093118252,0.021767054246257043,0.19125806509125887,1.9679565064968196,completed,2.4209988117218018,True,COMPLETE
345,2.93167490974165,2026-06-13 17:07:45.798323,2026-06-13 17:07:48.259594,0 days 00:00:02.461271,LinearRegression,10,True,-0.044833974075432007,-0.034687786054750466,298,-0.039760880065091236,0.005073094010340769,0.044575170046754174,1.9679565064968196,2.913072970847485,2.950276848635815,298,2.93167490974165,0.01860193889416473,0.16344751106850183,1.9679565064968196,944487325964714.2,1075942347517054.0,298,1010214836740884.1,65727510776169.86,577520338402094.4,1.9679565064968196,8.446776531753413,8.743409037270412,298,8.595092784511912,0.14831625275849938,1.3031933123911092,1.9679565064968196,2.5480041806351137,2.595377444566232,298,2.571690812600673,0.023686631965558928,0.20812459724726248,1.9679565064968196,299,0.782608695652174,-0.08220608559450027,-0.06136952920959096,298,-0.07178780740204561,0.01041827819245465,0.09154108342491812,1.9679565064968196,LinearRegression,"{'mode': 'original', 'type': 'LinearRegression'}",10,"['nodes_T6W30', 'edges_T6W30', 're_T6W30', 'l1_T6W30', 'l2_T6W30', 'lcc_T6W30', 'atd_T6W30', 'density_T6W30', 'diameter_T6W30', 'asp_T6W30']",0.026840865334708322,0.05530376204173797,298,0.041072313688223144,0.014231448353514822,0.12504582589568672,1.9679565064968196,3.5441414690375987,3.594719795688234,298,3.5694306323629164,0.0252891633253175,0.22220537472169694,1.9679565064968196,completed,2.45406174659729,True,COMPLETE
346,2.8906262484170657,2026-06-13 17:07:48.270636,2026-06-13 17:07:50.589131,0 days 00:00:02.318495,LinearRegression,8,False,-0.029666843297588254,-0.02068936010943097,298,-0.025178101703509613,0.004488741594078642,0.039440708065757626,1.9679565064968196,2.8732178853913117,2.9080346114428197,298,2.8906262484170657,0.01740836302575392,0.1529600556439294,1.9679565064968196,927752071403076.1,1056668983717976.9,298,992210527560526.5,64458456157450.38,566369682547357.0,1.9679565064968196,8.245375090165005,8.4657361872132,298,8.355555638689102,0.11018054852409628,0.9681107182905012,1.9679565064968196,2.5265960340540343,2.5722770013851712,298,2.549436517719603,0.022840483665568654,0.20068984356835226,1.9679565064968196,299,0.6622073578595318,-0.050355287130922445,-0.03321902625916285,298,-0.04178715669504265,0.0085681304358798,0.07528460351485923,1.9679565064968196,LinearRegression,"{'mode': 'original', 'type': 'LinearRegression'}",8,"['edges_T6W30', 're_T6W30', 'l1_T6W30', 'l2_T6W30', 'lcc_T6W30', 'atd_T6W30', 'density_T6W30', 'asp_T6W30']",0.056322762200826916,0.08508796031403064,298,0.07070536125742878,0.014382599056601863,0.12637392434587466,1.9679565064968196,3.4967101170433175,3.5428794167860236,298,3.5197947669146705,0.02308464987135328,0.20283523060835895,1.9679565064968196,completed,2.3116371631622314,False,COMPLETE
347,2.913900813720027,2026-06-13 17:07:50.599781,2026-06-13 17:07:52.895536,0 days 00:00:02.295755,LinearRegression,9,True,-0.03820914713255223,-0.028667046016422674,298,-0.03343809657448745,0.004771050558064777,0.04192123968014411,1.9679565064968196,2.8958704017512717,2.931931225688782,298,2.913900813720027,0.018030411968754937,0.1584257413487783,1.9679565064968196,935121634805522.9,1065016921449942.9,298,1000069278127732.9,64947643322210.01,570667966988647.1,1.9679565064968196,8.402777554230852,8.684755599765634,298,8.543766576998243,0.14098902276739006,1.2388119856978481,1.9679565064968196,2.5304061502337416,2.5781491369280602,298,2.554277643580901,0.023871493347159215,0.20974889742839736,1.9679565064968196,299,0.7290969899665551,-0.06946621941796867,-0.049973974096306856,298,-0.05972009675713776,0.00974612266083091,0.08563513193674885,1.9679565064968196,LinearRegression,"{'mode': 'original', 'type': 'LinearRegression'}",9,"['nodes_T6W30', 'edges_T6W30', 're_T6W30', 'l1_T6W30', 'l2_T6W30', 'lcc_T6W30', 'atd_T6W30', 'density_T6W30', 'diameter_T6W30']",0.041739749704734805,0.07008838034213705,298,0.055914065023435926,0.014174315318701117,0.12454382164799943,1.9679565064968196,3.524970086682756,3.574293149680816,298,3.549631618181786,0.024661531499030234,0.21669063454016607,1.9679565064968196,completed,2.2888987064361572,True,COMPLETE
348,2.8563811634529714,2026-06-13 17:07:52.906238,2026-06-13 17:07:55.391803,0 days 00:00:02.485565,LinearRegression,4,True,-0.016219650598807735,-0.00963166040850607,298,-0.012925655503656902,0.0032939950951508335,0.02894296679703354,1.9679565064968196,2.8406353783465423,2.8721269485594005,298,2.8563811634529714,0.01574578510642931,0.1383516739898912,1.9679565064968196,925342615277752.8,1054030268160677.5,298,989686441719215.1,64343826441462.38,565362478842446.1,1.9679565064968196,8.279946734339505,8.558146398484512,298,8.419046566412009,0.13909983207250384,1.2222124517046582,1.9679565064968196,2.543056211780706,2.5876691848854154,298,2.5653626983330606,0.022306486552354583,0.19599783272103224,1.9679565064968196,299,0.5785953177257525,-0.026763224222727224,-0.014255383467246429,298,-0.020509303844986827,0.006253920377740398,0.05495060090122672,1.9679565064968196,LinearRegression,"{'mode': 'original', 'type': 'LinearRegression'}",4,"['nodes_T6W30', 'lcc_T6W30', 'atd_T6W30', 'density_T6W30']",0.07747730787782556,0.10535864767724257,298,0.09141797777753406,0.013940669899708505,0.12249087639190682,1.9679565064968196,3.4629869003192897,3.5077347349845645,298,3.485360817651927,0.02237391733263724,0.19659031898116425,1.9679565064968196,completed,2.478114128112793,True,COMPLETE
349,2.8211340871354835,2026-06-13 17:07:55.402661,2026-06-13 17:07:57.828067,0 days 00:00:02.425406,LinearRegression,2,False,-0.00325627453120075,0.0023932117012925493,298,-0.00043153141495410013,0.0028247431162466497,0.02481984455411952,1.9679565064968196,2.8062875182437,2.835980656027267,298,2.8211340871354835,0.01484656889178317,0.13045063458574307,1.9679565064968196,919835376622568.9,1047468087642963.9,298,983651732132766.4,63816355510197.484,560727810845376.4,1.9679565064968196,8.162258262798387,8.39426874810256,298,8.278263505450473,0.11600524265208682,1.0192898864068967,1.9679565064968196,2.5126219797429687,2.556296652019781,298,2.534459315881375,0.021837336138406327,0.19187560288720273,1.9679565064968196,299,0.3779264214046823,0.0007003628758873439,0.010910671720937768,298,0.0058055172984125564,0.0051051544225252125,0.04485687157287956,1.9679565064968196,LinearRegression,"{'mode': 'original', 'type': 'LinearRegression'}",2,"['atd_T6W30', 'density_T6W30']",0.13540898637911586,0.16319262900358517,298,0.1493008076913505,0.013891821312234659,0.12206166414219255,1.9679565064968196,3.419195107917949,3.4616932666873104,298,3.4404441873026297,0.021249079384680795,0.18670683511451447,1.9679565064968196,completed,2.417964220046997,False,COMPLETE
