number,value,datetime_start,datetime_complete,duration,params_regressor,params_rfe_n_features,params_use_scaler,user_attrs_d2mae_ci_lower_val,user_attrs_d2mae_ci_upper_val,user_attrs_d2mae_df_val,user_attrs_d2mae_mean_val,user_attrs_d2mae_samperror_val,user_attrs_d2mae_std_val,user_attrs_d2mae_t_critical_val,user_attrs_mae_ci_lower_val,user_attrs_mae_ci_upper_val,user_attrs_mae_df_val,user_attrs_mae_mean_val,user_attrs_mae_samperror_val,user_attrs_mae_std_val,user_attrs_mae_t_critical_val,user_attrs_mape_ci_lower_val,user_attrs_mape_ci_upper_val,user_attrs_mape_df_val,user_attrs_mape_mean_val,user_attrs_mape_samperror_val,user_attrs_mape_std_val,user_attrs_mape_t_critical_val,user_attrs_max_error_ci_lower_val,user_attrs_max_error_ci_upper_val,user_attrs_max_error_df_val,user_attrs_max_error_mean_val,user_attrs_max_error_samperror_val,user_attrs_max_error_std_val,user_attrs_max_error_t_critical_val,user_attrs_median_ae_ci_lower_val,user_attrs_median_ae_ci_upper_val,user_attrs_median_ae_df_val,user_attrs_median_ae_mean_val,user_attrs_median_ae_samperror_val,user_attrs_median_ae_std_val,user_attrs_median_ae_t_critical_val,user_attrs_n_splits_val,user_attrs_r2_below_zero_val,user_attrs_r2_ci_lower_val,user_attrs_r2_ci_upper_val,user_attrs_r2_df_val,user_attrs_r2_mean_val,user_attrs_r2_samperror_val,user_attrs_r2_std_val,user_attrs_r2_t_critical_val,user_attrs_regressor_final,user_attrs_rfe_estimator,user_attrs_rfe_n_features,user_attrs_rfe_selected_features,user_attrs_rho_ci_lower_val,user_attrs_rho_ci_upper_val,user_attrs_rho_df_val,user_attrs_rho_mean_val,user_attrs_rho_samperror_val,user_attrs_rho_std_val,user_attrs_rho_t_critical_val,user_attrs_rmse_ci_lower_val,user_attrs_rmse_ci_upper_val,user_attrs_rmse_df_val,user_attrs_rmse_mean_val,user_attrs_rmse_samperror_val,user_attrs_rmse_std_val,user_attrs_rmse_t_critical_val,user_attrs_termination_reason,user_attrs_trial_time_seconds,user_attrs_use_scaler_final,state
172,2.989562255484223,2026-06-13 17:00:49.001738,2026-06-13 17:00:51.459651,0 days 00:00:02.457913,LinearRegression,13,False,-0.06600050139682655,-0.0544130371183266,298,-0.06020676925757658,0.005793732139249973,0.050907117980860124,1.9679565064968196,2.9687666382864077,3.010357872682038,298,2.989562255484223,0.020795617197815315,0.18272245121622674,1.9679565064968196,948956863422235.8,1082048517860805.5,298,1015502690641520.6,66545827219284.92,584710545114123.9,1.9679565064968196,8.971355104724463,9.380207443494577,298,9.17578127410952,0.20442616938505678,1.7962078455024306,1.9679565064968196,2.6308001316122294,2.681457263087056,298,2.6561286973496427,0.025328565737413385,0.2225515873516711,1.9679565064968196,299,0.9130434782608695,-0.13754609225802686,-0.11164212255737097,298,-0.12459410740769891,0.012951984850327947,0.11380371149628496,1.9679565064968196,LinearRegression,"{'mode': 'original', 'type': 'LinearRegression'}",13,"['nodes_T6W30', 'edges_T6W30', 're_T6W30', 'pe_T6W30', 'l1_T6W30', 'l2_T6W30', 'l3_T6W30', 'lcc_T6W30', 'lsc_T6W30', 'atd_T6W30', 'density_T6W30', 'diameter_T6W30', 'asp_T6W30']",-0.030525235684276973,-0.001937355873438502,298,-0.01623129577885774,0.014293939905419236,0.1255949132074824,1.9679565064968196,3.626419759092389,3.6849201281837938,298,3.6556699436380913,0.029250184545702277,0.2570092230433631,1.9679565064968196,completed,2.45048189163208,False,COMPLETE
173,2.861419690575908,2026-06-13 17:00:51.470297,2026-06-13 17:00:53.805257,0 days 00:00:02.334960,LinearRegression,6,False,-0.018696194627931914,-0.010919585729399724,298,-0.014807890178665819,0.0038883044492660944,0.03416491625550315,1.9679565064968196,2.845210356687317,2.8776290244644995,298,2.861419690575908,0.016209333888591335,0.14242468461175628,1.9679565064968196,927412878926755.6,1056274784570235.6,298,991843831748495.6,64430952821739.97,566128022159505.8,1.9679565064968196,8.122078994750225,8.354855322074954,298,8.23846715841259,0.11638816366236442,1.022654454284568,1.9679565064968196,2.547625998328651,2.5954318642430625,298,2.5715289312858567,0.023902932957205872,0.2100251442239775,1.9679565064968196,299,0.5652173913043478,-0.025864073387163133,-0.011367252246777319,298,-0.018615662816970226,0.007248410570192908,0.06368877317795577,1.9679565064968196,LinearRegression,"{'mode': 'original', 'type': 'LinearRegression'}",6,"['edges_T6W30', 're_T6W30', 'l1_T6W30', 'l2_T6W30', 'atd_T6W30', 'density_T6W30']",0.09246588152756556,0.12046546055270325,298,0.10646567104013441,0.013999789512568845,0.12301033587579899,1.9679565064968196,3.4592762752187745,3.5026855309150524,298,3.4809809030669134,0.021704627848139025,0.19070955025872374,1.9679565064968196,completed,2.3279731273651123,False,COMPLETE
174,2.9685696426865005,2026-06-13 17:00:53.816419,2026-06-13 17:00:56.178978,0 days 00:00:02.362559,LinearRegression,12,True,-0.0584706951810886,-0.047138814421693535,298,-0.05280475480139107,0.0056659403796975325,0.049784264865776355,1.9679565064968196,2.9483312837877125,2.9888080015852885,298,2.9685696426865005,0.020238358898787816,0.17782605399029652,1.9679565064968196,953660927808996.9,1086912910368333.6,298,1020286919088665.2,66625991279668.43,585414913417953.8,1.9679565064968196,8.944056379601255,9.361583828701809,298,9.152820104151532,0.20876372455027709,1.834320141210486,1.9679565064968196,2.615529415003757,2.6645784337740546,298,2.640053924388906,0.024524509385148885,0.21548667813526268,1.9679565064968196,299,0.8695652173913043,-0.12173330978648783,-0.0961889801226613,298,-0.10896114495457457,0.012772164831913266,0.11222370767961876,1.9679565064968196,LinearRegression,"{'mode': 'original', 'type': 'LinearRegression'}",12,"['nodes_T6W30', 'edges_T6W30', 're_T6W30', 'pe_T6W30', 'l1_T6W30', 'l2_T6W30', 'lcc_T6W30', 'lsc_T6W30', 'atd_T6W30', 'density_T6W30', 'diameter_T6W30', 'asp_T6W30']",-0.011349534591648346,0.016939706333772342,298,0.002795085871061997,0.014144620462710344,0.12428290528165484,1.9679565064968196,3.6012180655718002,3.659045900619462,298,3.630131983095631,0.02891391752383075,0.2540545843848865,1.9679565064968196,completed,2.3553810119628906,True,COMPLETE
175,2.8532519471441886,2026-06-13 17:00:56.190797,2026-06-13 17:00:58.579511,0 days 00:00:02.388714,LinearRegression,5,True,-0.01571255127978564,-0.008046563589647834,298,-0.011879557434716737,0.0038329938450689027,0.03367892494872803,1.9679565064968196,2.8369572246335135,2.8695466696548637,298,2.8532519471441886,0.01629472251067518,0.1431749589693154,1.9679565064968196,929984868724453.2,1059090367084707.0,298,994537617904580.1,64552749180126.9,567198196174634.6,1.9679565064968196,8.248728735435938,8.525126469441018,298,8.386927602438478,0.13819886700254,1.2142960458351906,1.9679565064968196,2.5520664915079387,2.59397615586655,298,2.5730213236872443,0.02095483217930558,0.18412140713138486,1.9679565064968196,299,0.5518394648829431,-0.026515610869651436,-0.012194149377467161,298,-0.0193548801235593,0.007160730746092138,0.06291836697988519,1.9679565064968196,LinearRegression,"{'mode': 'original', 'type': 'LinearRegression'}",5,"['nodes_T6W30', 'l1_T6W30', 'lcc_T6W30', 'atd_T6W30', 'density_T6W30']",0.08624719978539255,0.11436778794193486,298,0.10030749386366371,0.014060294078271158,0.12354196436509725,1.9679565064968196,3.4602539411661466,3.5049988027473233,298,3.482626371956735,0.02237243079058845,0.19657725735359116,1.9679565064968196,completed,2.381890058517456,True,COMPLETE
176,2.9542633275617103,2026-06-13 17:00:58.589952,2026-06-13 17:01:00.815782,0 days 00:00:02.225830,LinearRegression,11,False,-0.05326701376251472,-0.04217627899243974,298,-0.04772164637747723,0.005545367385037492,0.048724840039612596,1.9679565064968196,2.9343040787864036,2.974222576337017,298,2.9542633275617103,0.019959248775306852,0.17537362925884573,1.9679565064968196,946585434623608.9,1077846655602459.1,298,1012216045113034.0,65630610489425.18,576668915828331.9,1.9679565064968196,8.970614538049494,9.398454616936467,298,9.18453457749298,0.21392003944348686,1.8796265385906517,1.9679565064968196,2.5781462617046893,2.6250917832760816,298,2.6016190224903855,0.02347276078569596,0.20624540001751285,1.9679565064968196,299,0.862876254180602,-0.11370277190307468,-0.08835398221831678,298,-0.10102837706069573,0.012674394842378952,0.11136464338865981,1.9679565064968196,LinearRegression,"{'mode': 'original', 'type': 'LinearRegression'}",11,"['nodes_T6W30', 'edges_T6W30', 're_T6W30', 'pe_T6W30', 'l1_T6W30', 'l2_T6W30', 'lcc_T6W30', 'atd_T6W30', 'density_T6W30', 'diameter_T6W30', 'asp_T6W30']",0.00834138473409573,0.03706634327396324,298,0.022703864004029486,0.014362479269933755,0.12619714013682842,1.9679565064968196,3.5882938120202246,3.646446117101079,298,3.617369964560652,0.029076152540427384,0.25548007609420476,1.9679565064968196,completed,2.219114065170288,False,COMPLETE
177,2.8986782290534054,2026-06-13 17:01:00.826294,2026-06-13 17:01:03.303288,0 days 00:00:02.476994,LinearRegression,8,True,-0.03264531238387544,-0.023419887954437283,298,-0.02803260016915636,0.004612712214719077,0.040529986420265764,1.9679565064968196,2.8809833595443073,2.9163730985625036,298,2.8986782290534054,0.017694869509098307,0.15547746911754956,1.9679565064968196,934442761240347.6,1064388490703214.1,298,999415625971780.9,64972864731433.29,570889577036214.8,1.9679565064968196,8.342195546192317,8.61959187621063,298,8.480893711201473,0.13869816500915658,1.2186831700445138,1.9679565064968196,2.5175391119003883,2.563670298733229,298,2.5406047053168086,0.023065593416420466,0.20266778945363423,1.9679565064968196,299,0.6923076923076923,-0.05650738636685145,-0.03861759290949109,298,-0.04756248963817127,0.008944896728680181,0.07859509244631392,1.9679565064968196,LinearRegression,"{'mode': 'original', 'type': 'LinearRegression'}",8,"['nodes_T6W30', 're_T6W30', 'l1_T6W30', 'l2_T6W30', 'lcc_T6W30', 'atd_T6W30', 'density_T6W30', 'diameter_T6W30']",0.05619696069921541,0.08486962587883272,298,0.07053329328902407,0.014336332589808655,0.12596740011814184,1.9679565064968196,3.505673680347639,3.553524879607218,298,3.5295992799774285,0.023925599629789577,0.21022430686175894,1.9679565064968196,completed,2.470102071762085,True,COMPLETE
178,2.9685696426865005,2026-06-13 17:01:03.314369,2026-06-13 17:01:05.862704,0 days 00:00:02.548335,LinearRegression,12,False,-0.0584706951810887,-0.04713881442169365,298,-0.05280475480139118,0.005665940379697528,0.04978426486577631,1.9679565064968196,2.9483312837877125,2.9888080015852885,298,2.9685696426865005,0.020238358898787844,0.17782605399029677,1.9679565064968196,953660927808997.6,1086912910368334.6,298,1020286919088666.1,66625991279668.5,585414913417954.4,1.9679565064968196,8.944056379601257,9.361583828701814,298,9.152820104151536,0.20876372455027836,1.8343201412104972,1.9679565064968196,2.6155294150037594,2.664578433774057,298,2.640053924388908,0.024524509385148833,0.2154866781352622,1.9679565064968196,299,0.8695652173913043,-0.12173330978648758,-0.09618898012266108,298,-0.10896114495457433,0.012772164831913251,0.11222370767961862,1.9679565064968196,LinearRegression,"{'mode': 'original', 'type': 'LinearRegression'}",12,"['nodes_T6W30', 'edges_T6W30', 're_T6W30', 'pe_T6W30', 'l1_T6W30', 'l2_T6W30', 'lcc_T6W30', 'lsc_T6W30', 'atd_T6W30', 'density_T6W30', 'diameter_T6W30', 'asp_T6W30']",-0.011349534591648346,0.016939706333772342,298,0.002795085871061997,0.014144620462710344,0.12428290528165484,1.9679565064968196,3.6012180655718002,3.659045900619462,298,3.630131983095631,0.028913917523830795,0.2540545843848869,1.9679565064968196,completed,2.5407581329345703,False,COMPLETE
179,2.8161656965278454,2026-06-13 17:01:05.873278,2026-06-13 17:01:08.251320,0 days 00:00:02.378042,LinearRegression,3,False,-0.002074677594644434,0.004569166776383492,298,0.0012472445908695287,0.003321922185513963,0.02918835054101899,1.9679565064968196,2.801090604033481,2.83124078902221,298,2.8161656965278454,0.01507509249436449,0.13245857656828774,1.9679565064968196,922642226615120.9,1050443966917886.4,298,986543096766503.6,63900870151382.77,561470405895772.8,1.9679565064968196,8.132600981315466,8.3647143847111,298,8.248657683013283,0.116056701697816,1.0197420356690916,1.9679565064968196,2.52613128868246,2.568534842733657,298,2.5473330657080586,0.02120177702559843,0.18629120893147685,1.9679565064968196,299,0.3612040133779264,0.0015997432949173933,0.01366954921306315,298,0.007634646253990272,0.006034902959072878,0.053026185808503046,1.9679565064968196,LinearRegression,"{'mode': 'original', 'type': 'LinearRegression'}",3,"['l1_T6W30', 'atd_T6W30', 'density_T6W30']",0.13450833646712398,0.16255413322246423,298,0.1485312348447941,0.014022898377670111,0.1232133838755752,1.9679565064968196,3.415542658571912,3.4573746594997434,298,3.4364586590358277,0.020916000463915705,0.18378020897633732,1.9679565064968196,completed,2.3704731464385986,False,COMPLETE
180,2.8563811634529714,2026-06-13 17:01:08.262365,2026-06-13 17:01:10.608840,0 days 00:00:02.346475,LinearRegression,4,True,-0.016219650598807735,-0.00963166040850607,298,-0.012925655503656902,0.0032939950951508335,0.02894296679703354,1.9679565064968196,2.8406353783465423,2.8721269485594005,298,2.8563811634529714,0.01574578510642931,0.1383516739898912,1.9679565064968196,925342615277752.8,1054030268160677.5,298,989686441719215.1,64343826441462.38,565362478842446.1,1.9679565064968196,8.279946734339505,8.558146398484512,298,8.419046566412009,0.13909983207250384,1.2222124517046582,1.9679565064968196,2.543056211780706,2.5876691848854154,298,2.5653626983330606,0.022306486552354583,0.19599783272103224,1.9679565064968196,299,0.5785953177257525,-0.026763224222727224,-0.014255383467246429,298,-0.020509303844986827,0.006253920377740398,0.05495060090122672,1.9679565064968196,LinearRegression,"{'mode': 'original', 'type': 'LinearRegression'}",4,"['nodes_T6W30', 'lcc_T6W30', 'atd_T6W30', 'density_T6W30']",0.07747730787782556,0.10535864767724257,298,0.09141797777753406,0.013940669899708505,0.12249087639190682,1.9679565064968196,3.4629869003192897,3.5077347349845645,298,3.485360817651927,0.02237391733263724,0.19659031898116425,1.9679565064968196,completed,2.339306116104126,True,COMPLETE
181,2.8697778179684037,2026-06-13 17:01:10.619651,2026-06-13 17:01:13.057140,0 days 00:00:02.437489,LinearRegression,6,True,-0.02188338613558506,-0.01371077483910792,298,-0.01779708048734649,0.00408630564823857,0.03590467055449088,1.9679565064968196,2.853326526300382,2.8862291096364254,298,2.8697778179684037,0.016451291668021763,0.1445506671266204,1.9679565064968196,926635391508209.8,1055109651346042.5,298,990872521427126.1,64237129918916.41,564424980813395.2,1.9679565064968196,8.225535781412004,8.497766524443323,298,8.361651152927664,0.1361153715156597,1.1959892363358933,1.9679565064968196,2.5482489615773884,2.594024673839641,298,2.5711368177085148,0.022887856131126212,0.20110608574786992,1.9679565064968196,299,0.6187290969899666,-0.03759942779787792,-0.02196919973823063,298,-0.029784313768054276,0.007815114029823647,0.06866816110722208,1.9679565064968196,LinearRegression,"{'mode': 'original', 'type': 'LinearRegression'}",6,"['nodes_T6W30', 're_T6W30', 'l1_T6W30', 'lcc_T6W30', 'atd_T6W30', 'density_T6W30']",0.06595548061616258,0.09469246067061374,298,0.08032397064338816,0.014368490027225586,0.12624995416468734,1.9679565064968196,3.477381964550949,3.522392399710071,298,3.49988718213051,0.022505217579560897,0.1977439997175892,1.9679565064968196,completed,2.429896831512451,True,COMPLETE
182,2.8906262484170657,2026-06-13 17:01:13.068027,2026-06-13 17:01:15.424783,0 days 00:00:02.356756,LinearRegression,8,False,-0.029666843297588254,-0.02068936010943097,298,-0.025178101703509613,0.004488741594078642,0.039440708065757626,1.9679565064968196,2.8732178853913117,2.9080346114428197,298,2.8906262484170657,0.01740836302575392,0.1529600556439294,1.9679565064968196,927752071403076.1,1056668983717976.9,298,992210527560526.5,64458456157450.38,566369682547357.0,1.9679565064968196,8.245375090165005,8.4657361872132,298,8.355555638689102,0.11018054852409628,0.9681107182905012,1.9679565064968196,2.5265960340540343,2.5722770013851712,298,2.549436517719603,0.022840483665568654,0.20068984356835226,1.9679565064968196,299,0.6622073578595318,-0.050355287130922445,-0.03321902625916285,298,-0.04178715669504265,0.0085681304358798,0.07528460351485923,1.9679565064968196,LinearRegression,"{'mode': 'original', 'type': 'LinearRegression'}",8,"['edges_T6W30', 're_T6W30', 'l1_T6W30', 'l2_T6W30', 'lcc_T6W30', 'atd_T6W30', 'density_T6W30', 'asp_T6W30']",0.056322762200826916,0.08508796031403064,298,0.07070536125742878,0.014382599056601863,0.12637392434587466,1.9679565064968196,3.4967101170433175,3.5428794167860236,298,3.5197947669146705,0.02308464987135328,0.20283523060835895,1.9679565064968196,completed,2.349278211593628,False,COMPLETE
183,2.9685696426865005,2026-06-13 17:01:15.435766,2026-06-13 17:01:17.764121,0 days 00:00:02.328355,LinearRegression,12,True,-0.0584706951810886,-0.047138814421693535,298,-0.05280475480139107,0.0056659403796975325,0.049784264865776355,1.9679565064968196,2.9483312837877125,2.9888080015852885,298,2.9685696426865005,0.020238358898787816,0.17782605399029652,1.9679565064968196,953660927808996.9,1086912910368333.6,298,1020286919088665.2,66625991279668.43,585414913417953.8,1.9679565064968196,8.944056379601255,9.361583828701809,298,9.152820104151532,0.20876372455027709,1.834320141210486,1.9679565064968196,2.615529415003757,2.6645784337740546,298,2.640053924388906,0.024524509385148885,0.21548667813526268,1.9679565064968196,299,0.8695652173913043,-0.12173330978648783,-0.0961889801226613,298,-0.10896114495457457,0.012772164831913266,0.11222370767961876,1.9679565064968196,LinearRegression,"{'mode': 'original', 'type': 'LinearRegression'}",12,"['nodes_T6W30', 'edges_T6W30', 're_T6W30', 'pe_T6W30', 'l1_T6W30', 'l2_T6W30', 'lcc_T6W30', 'lsc_T6W30', 'atd_T6W30', 'density_T6W30', 'diameter_T6W30', 'asp_T6W30']",-0.011349534591648346,0.016939706333772342,298,0.002795085871061997,0.014144620462710344,0.12428290528165484,1.9679565064968196,3.6012180655718002,3.659045900619462,298,3.630131983095631,0.02891391752383075,0.2540545843848865,1.9679565064968196,completed,2.321173906326294,True,COMPLETE
184,2.9685696426865005,2026-06-13 17:01:17.774702,2026-06-13 17:01:20.256178,0 days 00:00:02.481476,LinearRegression,12,False,-0.0584706951810887,-0.04713881442169365,298,-0.05280475480139118,0.005665940379697528,0.04978426486577631,1.9679565064968196,2.9483312837877125,2.9888080015852885,298,2.9685696426865005,0.020238358898787844,0.17782605399029677,1.9679565064968196,953660927808997.6,1086912910368334.6,298,1020286919088666.1,66625991279668.5,585414913417954.4,1.9679565064968196,8.944056379601257,9.361583828701814,298,9.152820104151536,0.20876372455027836,1.8343201412104972,1.9679565064968196,2.6155294150037594,2.664578433774057,298,2.640053924388908,0.024524509385148833,0.2154866781352622,1.9679565064968196,299,0.8695652173913043,-0.12173330978648758,-0.09618898012266108,298,-0.10896114495457433,0.012772164831913251,0.11222370767961862,1.9679565064968196,LinearRegression,"{'mode': 'original', 'type': 'LinearRegression'}",12,"['nodes_T6W30', 'edges_T6W30', 're_T6W30', 'pe_T6W30', 'l1_T6W30', 'l2_T6W30', 'lcc_T6W30', 'lsc_T6W30', 'atd_T6W30', 'density_T6W30', 'diameter_T6W30', 'asp_T6W30']",-0.011349534591648346,0.016939706333772342,298,0.002795085871061997,0.014144620462710344,0.12428290528165484,1.9679565064968196,3.6012180655718002,3.659045900619462,298,3.630131983095631,0.028913917523830795,0.2540545843848869,1.9679565064968196,completed,2.4745590686798096,False,COMPLETE
185,2.838103836844524,2026-06-13 17:01:20.266607,2026-06-13 17:01:22.533042,0 days 00:00:02.266435,LinearRegression,2,True,-0.00933470819845633,-0.0036250869931801267,298,-0.006479897595818228,0.0028548106026381015,0.02508403506902926,1.9679565064968196,2.8233731520302285,2.85283452165882,298,2.838103836844524,0.014730684814295415,0.1294324093273113,1.9679565064968196,929137686071701.0,1058181355868133.0,298,993659520969917.0,64521834898215.97,566926565219197.1,1.9679565064968196,8.207176405368854,8.495939045465212,298,8.351557725417033,0.1443813200481797,1.2686186929719723,1.9679565064968196,2.548265378643884,2.597249722118999,298,2.5727575503814415,0.02449217173755751,0.21520254065676153,1.9679565064968196,299,0.431438127090301,-0.007400224608535493,0.0032335958059081806,298,-0.0020833144013136565,0.005316910207221837,0.046717481703895426,1.9679565064968196,LinearRegression,"{'mode': 'original', 'type': 'LinearRegression'}",2,"['nodes_T6W30', 'lcc_T6W30']",0.12033636281774154,0.14827191796007796,298,0.13430414038890975,0.013967777571168204,0.12272906024231935,1.9679565064968196,3.4323998550655683,3.475933963558082,298,3.4541669093118252,0.021767054246257043,0.19125806509125887,1.9679565064968196,completed,2.259571075439453,True,COMPLETE
