number,value,datetime_start,datetime_complete,duration,params_regressor,params_rfe_n_features,params_use_scaler,user_attrs_d2mae_ci_lower_val,user_attrs_d2mae_ci_upper_val,user_attrs_d2mae_df_val,user_attrs_d2mae_mean_val,user_attrs_d2mae_samperror_val,user_attrs_d2mae_std_val,user_attrs_d2mae_t_critical_val,user_attrs_mae_ci_lower_val,user_attrs_mae_ci_upper_val,user_attrs_mae_df_val,user_attrs_mae_mean_val,user_attrs_mae_samperror_val,user_attrs_mae_std_val,user_attrs_mae_t_critical_val,user_attrs_mape_ci_lower_val,user_attrs_mape_ci_upper_val,user_attrs_mape_df_val,user_attrs_mape_mean_val,user_attrs_mape_samperror_val,user_attrs_mape_std_val,user_attrs_mape_t_critical_val,user_attrs_max_error_ci_lower_val,user_attrs_max_error_ci_upper_val,user_attrs_max_error_df_val,user_attrs_max_error_mean_val,user_attrs_max_error_samperror_val,user_attrs_max_error_std_val,user_attrs_max_error_t_critical_val,user_attrs_median_ae_ci_lower_val,user_attrs_median_ae_ci_upper_val,user_attrs_median_ae_df_val,user_attrs_median_ae_mean_val,user_attrs_median_ae_samperror_val,user_attrs_median_ae_std_val,user_attrs_median_ae_t_critical_val,user_attrs_n_splits_val,user_attrs_r2_below_zero_val,user_attrs_r2_ci_lower_val,user_attrs_r2_ci_upper_val,user_attrs_r2_df_val,user_attrs_r2_mean_val,user_attrs_r2_samperror_val,user_attrs_r2_std_val,user_attrs_r2_t_critical_val,user_attrs_regressor_final,user_attrs_rfe_estimator,user_attrs_rfe_n_features,user_attrs_rfe_selected_features,user_attrs_rho_ci_lower_val,user_attrs_rho_ci_upper_val,user_attrs_rho_df_val,user_attrs_rho_mean_val,user_attrs_rho_samperror_val,user_attrs_rho_std_val,user_attrs_rho_t_critical_val,user_attrs_rmse_ci_lower_val,user_attrs_rmse_ci_upper_val,user_attrs_rmse_df_val,user_attrs_rmse_mean_val,user_attrs_rmse_samperror_val,user_attrs_rmse_std_val,user_attrs_rmse_t_critical_val,user_attrs_termination_reason,user_attrs_trial_time_seconds,user_attrs_use_scaler_final,state
394,2.8161656965278454,2026-06-13 17:09:46.722920,2026-06-13 17:09:49.243145,0 days 00:00:02.520225,LinearRegression,3,False,-0.002074677594644434,0.004569166776383492,298,0.0012472445908695287,0.003321922185513963,0.02918835054101899,1.9679565064968196,2.801090604033481,2.83124078902221,298,2.8161656965278454,0.01507509249436449,0.13245857656828774,1.9679565064968196,922642226615120.9,1050443966917886.4,298,986543096766503.6,63900870151382.77,561470405895772.8,1.9679565064968196,8.132600981315466,8.3647143847111,298,8.248657683013283,0.116056701697816,1.0197420356690916,1.9679565064968196,2.52613128868246,2.568534842733657,298,2.5473330657080586,0.02120177702559843,0.18629120893147685,1.9679565064968196,299,0.3612040133779264,0.0015997432949173933,0.01366954921306315,298,0.007634646253990272,0.006034902959072878,0.053026185808503046,1.9679565064968196,LinearRegression,"{'mode': 'original', 'type': 'LinearRegression'}",3,"['l1_T6W30', 'atd_T6W30', 'density_T6W30']",0.13450833646712398,0.16255413322246423,298,0.1485312348447941,0.014022898377670111,0.1232133838755752,1.9679565064968196,3.415542658571912,3.4573746594997434,298,3.4364586590358277,0.020916000463915705,0.18378020897633732,1.9679565064968196,completed,2.5129027366638184,False,COMPLETE
395,2.838103836844524,2026-06-13 17:09:49.254942,2026-06-13 17:09:51.706931,0 days 00:00:02.451989,LinearRegression,2,True,-0.00933470819845633,-0.0036250869931801267,298,-0.006479897595818228,0.0028548106026381015,0.02508403506902926,1.9679565064968196,2.8233731520302285,2.85283452165882,298,2.838103836844524,0.014730684814295415,0.1294324093273113,1.9679565064968196,929137686071701.0,1058181355868133.0,298,993659520969917.0,64521834898215.97,566926565219197.1,1.9679565064968196,8.207176405368854,8.495939045465212,298,8.351557725417033,0.1443813200481797,1.2686186929719723,1.9679565064968196,2.548265378643884,2.597249722118999,298,2.5727575503814415,0.02449217173755751,0.21520254065676153,1.9679565064968196,299,0.431438127090301,-0.007400224608535493,0.0032335958059081806,298,-0.0020833144013136565,0.005316910207221837,0.046717481703895426,1.9679565064968196,LinearRegression,"{'mode': 'original', 'type': 'LinearRegression'}",2,"['nodes_T6W30', 'lcc_T6W30']",0.12033636281774154,0.14827191796007796,298,0.13430414038890975,0.013967777571168204,0.12272906024231935,1.9679565064968196,3.4323998550655683,3.475933963558082,298,3.4541669093118252,0.021767054246257043,0.19125806509125887,1.9679565064968196,completed,2.4449238777160645,True,COMPLETE
396,2.8211340871354835,2026-06-13 17:09:51.717813,2026-06-13 17:09:54.124630,0 days 00:00:02.406817,LinearRegression,2,False,-0.00325627453120075,0.0023932117012925493,298,-0.00043153141495410013,0.0028247431162466497,0.02481984455411952,1.9679565064968196,2.8062875182437,2.835980656027267,298,2.8211340871354835,0.01484656889178317,0.13045063458574307,1.9679565064968196,919835376622568.9,1047468087642963.9,298,983651732132766.4,63816355510197.484,560727810845376.4,1.9679565064968196,8.162258262798387,8.39426874810256,298,8.278263505450473,0.11600524265208682,1.0192898864068967,1.9679565064968196,2.5126219797429687,2.556296652019781,298,2.534459315881375,0.021837336138406327,0.19187560288720273,1.9679565064968196,299,0.3779264214046823,0.0007003628758873439,0.010910671720937768,298,0.0058055172984125564,0.0051051544225252125,0.04485687157287956,1.9679565064968196,LinearRegression,"{'mode': 'original', 'type': 'LinearRegression'}",2,"['atd_T6W30', 'density_T6W30']",0.13540898637911586,0.16319262900358517,298,0.1493008076913505,0.013891821312234659,0.12206166414219255,1.9679565064968196,3.419195107917949,3.4616932666873104,298,3.4404441873026297,0.021249079384680795,0.18670683511451447,1.9679565064968196,completed,2.3994412422180176,False,COMPLETE
397,2.913900813720027,2026-06-13 17:09:54.135839,2026-06-13 17:09:56.673271,0 days 00:00:02.537432,LinearRegression,9,True,-0.03820914713255223,-0.028667046016422674,298,-0.03343809657448745,0.004771050558064777,0.04192123968014411,1.9679565064968196,2.8958704017512717,2.931931225688782,298,2.913900813720027,0.018030411968754937,0.1584257413487783,1.9679565064968196,935121634805522.9,1065016921449942.9,298,1000069278127732.9,64947643322210.01,570667966988647.1,1.9679565064968196,8.402777554230852,8.684755599765634,298,8.543766576998243,0.14098902276739006,1.2388119856978481,1.9679565064968196,2.5304061502337416,2.5781491369280602,298,2.554277643580901,0.023871493347159215,0.20974889742839736,1.9679565064968196,299,0.7290969899665551,-0.06946621941796867,-0.049973974096306856,298,-0.05972009675713776,0.00974612266083091,0.08563513193674885,1.9679565064968196,LinearRegression,"{'mode': 'original', 'type': 'LinearRegression'}",9,"['nodes_T6W30', 'edges_T6W30', 're_T6W30', 'l1_T6W30', 'l2_T6W30', 'lcc_T6W30', 'atd_T6W30', 'density_T6W30', 'diameter_T6W30']",0.041739749704734805,0.07008838034213705,298,0.055914065023435926,0.014174315318701117,0.12454382164799943,1.9679565064968196,3.524970086682756,3.574293149680816,298,3.549631618181786,0.024661531499030234,0.21669063454016607,1.9679565064968196,completed,2.5297610759735107,True,COMPLETE
398,2.989562255484223,2026-06-13 17:09:56.684153,2026-06-13 17:09:59.150452,0 days 00:00:02.466299,LinearRegression,13,False,-0.06600050139682655,-0.0544130371183266,298,-0.06020676925757658,0.005793732139249973,0.050907117980860124,1.9679565064968196,2.9687666382864077,3.010357872682038,298,2.989562255484223,0.020795617197815315,0.18272245121622674,1.9679565064968196,948956863422235.8,1082048517860805.5,298,1015502690641520.6,66545827219284.92,584710545114123.9,1.9679565064968196,8.971355104724463,9.380207443494577,298,9.17578127410952,0.20442616938505678,1.7962078455024306,1.9679565064968196,2.6308001316122294,2.681457263087056,298,2.6561286973496427,0.025328565737413385,0.2225515873516711,1.9679565064968196,299,0.9130434782608695,-0.13754609225802686,-0.11164212255737097,298,-0.12459410740769891,0.012951984850327947,0.11380371149628496,1.9679565064968196,LinearRegression,"{'mode': 'original', 'type': 'LinearRegression'}",13,"['nodes_T6W30', 'edges_T6W30', 're_T6W30', 'pe_T6W30', 'l1_T6W30', 'l2_T6W30', 'l3_T6W30', 'lcc_T6W30', 'lsc_T6W30', 'atd_T6W30', 'density_T6W30', 'diameter_T6W30', 'asp_T6W30']",-0.030525235684276973,-0.001937355873438502,298,-0.01623129577885774,0.014293939905419236,0.1255949132074824,1.9679565064968196,3.626419759092389,3.6849201281837938,298,3.6556699436380913,0.029250184545702277,0.2570092230433631,1.9679565064968196,completed,2.4591081142425537,False,COMPLETE
399,2.8548104031311103,2026-06-13 17:09:59.162881,2026-06-13 17:10:01.585678,0 days 00:00:02.422797,LinearRegression,3,True,-0.015489320980832742,-0.00925537460183341,298,-0.012372347791333076,0.003116973189499667,0.027387548835072457,1.9679565064968196,2.8393742723340636,2.870246533928157,298,2.8548104031311103,0.015436130797046766,0.1356308701829241,1.9679565064968196,929289462006731.1,1058395457643571.1,298,993842459825151.1,64552997818419.984,567200380856048.4,1.9679565064968196,8.255330799231889,8.54913041491471,298,8.4022306070733,0.14689980784141013,1.2907475992006152,1.9679565064968196,2.552110007324307,2.6004924514831953,298,2.576301229403751,0.024191222079444408,0.21255822100517222,1.9679565064968196,299,0.5418060200668896,-0.021333965946775495,-0.009236866591803769,298,-0.015285416269289632,0.006048549677485863,0.05314609385526879,1.9679565064968196,LinearRegression,"{'mode': 'original', 'type': 'LinearRegression'}",3,"['nodes_T6W30', 'lcc_T6W30', 'atd_T6W30']",0.09715636075400322,0.12490596331117601,298,0.11103116203258961,0.013874801278586398,0.12191211617550274,1.9679565064968196,3.4541355376946883,3.4991910419047625,298,3.4766632897997254,0.02252775210503701,0.1979420012336212,1.9679565064968196,completed,2.415011167526245,True,COMPLETE
400,2.838103836844524,2026-06-13 17:10:01.597463,2026-06-13 17:10:04.137105,0 days 00:00:02.539642,LinearRegression,2,True,-0.00933470819845633,-0.0036250869931801267,298,-0.006479897595818228,0.0028548106026381015,0.02508403506902926,1.9679565064968196,2.8233731520302285,2.85283452165882,298,2.838103836844524,0.014730684814295415,0.1294324093273113,1.9679565064968196,929137686071701.0,1058181355868133.0,298,993659520969917.0,64521834898215.97,566926565219197.1,1.9679565064968196,8.207176405368854,8.495939045465212,298,8.351557725417033,0.1443813200481797,1.2686186929719723,1.9679565064968196,2.548265378643884,2.597249722118999,298,2.5727575503814415,0.02449217173755751,0.21520254065676153,1.9679565064968196,299,0.431438127090301,-0.007400224608535493,0.0032335958059081806,298,-0.0020833144013136565,0.005316910207221837,0.046717481703895426,1.9679565064968196,LinearRegression,"{'mode': 'original', 'type': 'LinearRegression'}",2,"['nodes_T6W30', 'lcc_T6W30']",0.12033636281774154,0.14827191796007796,298,0.13430414038890975,0.013967777571168204,0.12272906024231935,1.9679565064968196,3.4323998550655683,3.475933963558082,298,3.4541669093118252,0.021767054246257043,0.19125806509125887,1.9679565064968196,completed,2.5318710803985596,True,COMPLETE
401,2.9542633275617103,2026-06-13 17:10:04.149619,2026-06-13 17:10:06.649181,0 days 00:00:02.499562,LinearRegression,11,False,-0.05326701376251472,-0.04217627899243974,298,-0.04772164637747723,0.005545367385037492,0.048724840039612596,1.9679565064968196,2.9343040787864036,2.974222576337017,298,2.9542633275617103,0.019959248775306852,0.17537362925884573,1.9679565064968196,946585434623608.9,1077846655602459.1,298,1012216045113034.0,65630610489425.18,576668915828331.9,1.9679565064968196,8.970614538049494,9.398454616936467,298,9.18453457749298,0.21392003944348686,1.8796265385906517,1.9679565064968196,2.5781462617046893,2.6250917832760816,298,2.6016190224903855,0.02347276078569596,0.20624540001751285,1.9679565064968196,299,0.862876254180602,-0.11370277190307468,-0.08835398221831678,298,-0.10102837706069573,0.012674394842378952,0.11136464338865981,1.9679565064968196,LinearRegression,"{'mode': 'original', 'type': 'LinearRegression'}",11,"['nodes_T6W30', 'edges_T6W30', 're_T6W30', 'pe_T6W30', 'l1_T6W30', 'l2_T6W30', 'lcc_T6W30', 'atd_T6W30', 'density_T6W30', 'diameter_T6W30', 'asp_T6W30']",0.00834138473409573,0.03706634327396324,298,0.022703864004029486,0.014362479269933755,0.12619714013682842,1.9679565064968196,3.5882938120202246,3.646446117101079,298,3.617369964560652,0.029076152540427384,0.25548007609420476,1.9679565064968196,completed,2.4921998977661133,False,COMPLETE
402,2.8532519471441886,2026-06-13 17:10:06.660518,2026-06-13 17:10:09.092016,0 days 00:00:02.431498,LinearRegression,5,True,-0.01571255127978564,-0.008046563589647834,298,-0.011879557434716737,0.0038329938450689027,0.03367892494872803,1.9679565064968196,2.8369572246335135,2.8695466696548637,298,2.8532519471441886,0.01629472251067518,0.1431749589693154,1.9679565064968196,929984868724453.2,1059090367084707.0,298,994537617904580.1,64552749180126.9,567198196174634.6,1.9679565064968196,8.248728735435938,8.525126469441018,298,8.386927602438478,0.13819886700254,1.2142960458351906,1.9679565064968196,2.5520664915079387,2.59397615586655,298,2.5730213236872443,0.02095483217930558,0.18412140713138486,1.9679565064968196,299,0.5518394648829431,-0.026515610869651436,-0.012194149377467161,298,-0.0193548801235593,0.007160730746092138,0.06291836697988519,1.9679565064968196,LinearRegression,"{'mode': 'original', 'type': 'LinearRegression'}",5,"['nodes_T6W30', 'l1_T6W30', 'lcc_T6W30', 'atd_T6W30', 'density_T6W30']",0.08624719978539255,0.11436778794193486,298,0.10030749386366371,0.014060294078271158,0.12354196436509725,1.9679565064968196,3.4602539411661466,3.5049988027473233,298,3.482626371956735,0.02237243079058845,0.19657725735359116,1.9679565064968196,completed,2.42391300201416,True,COMPLETE
403,2.8793966795469723,2026-06-13 17:10:09.102899,2026-06-13 17:10:11.624852,0 days 00:00:02.521953,LinearRegression,7,True,-0.025392697510668846,-0.01700609939381871,298,-0.02119939845224378,0.004193299058425069,0.03684477721193186,1.9679565064968196,2.862643606910187,2.896149752183758,298,2.8793966795469723,0.016753072636785354,0.147202291159625,1.9679565064968196,931590125740631.8,1060555322272485.5,298,996072724006558.6,64482598265926.93,566581809227532.0,1.9679565064968196,8.310809516988794,8.603593125551392,298,8.457201321270093,0.1463918042812981,1.286283982908429,1.9679565064968196,2.5456984301885144,2.5901104825165207,298,2.5679044563525175,0.02220602616400326,0.19511512901307904,1.9679565064968196,299,0.6655518394648829,-0.04619814549144886,-0.02999320794306299,298,-0.03809567671725592,0.008102468774192932,0.07119302789815744,1.9679565064968196,LinearRegression,"{'mode': 'original', 'type': 'LinearRegression'}",7,"['nodes_T6W30', 're_T6W30', 'l1_T6W30', 'lcc_T6W30', 'atd_T6W30', 'density_T6W30', 'diameter_T6W30']",0.05316415266662755,0.0815419520595555,298,0.06735305236309153,0.014188899696463975,0.12467196851803186,1.9679565064968196,3.4908946734814847,3.537142301829925,298,3.514018487655705,0.023123814174219832,0.20317935107142954,1.9679565064968196,completed,2.5144808292388916,True,COMPLETE
404,2.93167490974165,2026-06-13 17:10:11.635997,2026-06-13 17:10:14.058077,0 days 00:00:02.422080,LinearRegression,10,False,-0.044833974075432034,-0.03468778605475051,298,-0.03976088006509127,0.00507309401034076,0.04457517004675409,1.9679565064968196,2.9130729708474856,2.9502768486358146,298,2.93167490974165,0.018601938894164696,0.16344751106850153,1.9679565064968196,944487325964714.5,1075942347517054.2,298,1010214836740884.4,65727510776169.836,577520338402094.1,1.9679565064968196,8.446776531753411,8.74340903727041,298,8.59509278451191,0.14831625275849955,1.3031933123911106,1.9679565064968196,2.548004180635115,2.5953774445662323,298,2.5716908126006737,0.023686631965558837,0.20812459724726168,1.9679565064968196,299,0.782608695652174,-0.0822060855944999,-0.06136952920959069,298,-0.0717878074020453,0.010418278192454604,0.09154108342491771,1.9679565064968196,LinearRegression,"{'mode': 'original', 'type': 'LinearRegression'}",10,"['nodes_T6W30', 'edges_T6W30', 're_T6W30', 'l1_T6W30', 'l2_T6W30', 'lcc_T6W30', 'atd_T6W30', 'density_T6W30', 'diameter_T6W30', 'asp_T6W30']",0.026840865334708322,0.05530376204173797,298,0.041072313688223144,0.014231448353514822,0.12504582589568672,1.9679565064968196,3.544141469037598,3.594719795688233,298,3.5694306323629155,0.02528916332531745,0.2222053747216965,1.9679565064968196,completed,2.4146881103515625,False,COMPLETE
405,2.93167490974165,2026-06-13 17:10:14.069445,2026-06-13 17:10:16.620880,0 days 00:00:02.551435,LinearRegression,10,True,-0.044833974075432007,-0.034687786054750466,298,-0.039760880065091236,0.005073094010340769,0.044575170046754174,1.9679565064968196,2.913072970847485,2.950276848635815,298,2.93167490974165,0.01860193889416473,0.16344751106850183,1.9679565064968196,944487325964714.2,1075942347517054.0,298,1010214836740884.1,65727510776169.86,577520338402094.4,1.9679565064968196,8.446776531753413,8.743409037270412,298,8.595092784511912,0.14831625275849938,1.3031933123911092,1.9679565064968196,2.5480041806351137,2.595377444566232,298,2.571690812600673,0.023686631965558928,0.20812459724726248,1.9679565064968196,299,0.782608695652174,-0.08220608559450027,-0.06136952920959096,298,-0.07178780740204561,0.01041827819245465,0.09154108342491812,1.9679565064968196,LinearRegression,"{'mode': 'original', 'type': 'LinearRegression'}",10,"['nodes_T6W30', 'edges_T6W30', 're_T6W30', 'l1_T6W30', 'l2_T6W30', 'lcc_T6W30', 'atd_T6W30', 'density_T6W30', 'diameter_T6W30', 'asp_T6W30']",0.026840865334708322,0.05530376204173797,298,0.041072313688223144,0.014231448353514822,0.12504582589568672,1.9679565064968196,3.5441414690375987,3.594719795688234,298,3.5694306323629164,0.0252891633253175,0.22220537472169694,1.9679565064968196,completed,2.544278860092163,True,COMPLETE
406,2.989562255484223,2026-06-13 17:10:16.661821,2026-06-13 17:10:19.115508,0 days 00:00:02.453687,LinearRegression,13,True,-0.06600050139682645,-0.0544130371183265,298,-0.060206769257576474,0.005793732139249978,0.05090711798086017,1.9679565064968196,2.9687666382864077,3.010357872682038,298,2.989562255484223,0.020795617197815305,0.18272245121622663,1.9679565064968196,948956863422235.2,1082048517860805.0,298,1015502690641520.1,66545827219284.9,584710545114123.6,1.9679565064968196,8.97135510472446,9.38020744349457,298,9.175781274109514,0.20442616938505517,1.7962078455024164,1.9679565064968196,2.630800131612229,2.6814572630870557,298,2.6561286973496423,0.02532856573741339,0.22255158735167116,1.9679565064968196,299,0.9130434782608695,-0.13754609225802736,-0.11164212255737141,298,-0.12459410740769938,0.012951984850327974,0.1138037114962852,1.9679565064968196,LinearRegression,"{'mode': 'original', 'type': 'LinearRegression'}",13,"['nodes_T6W30', 'edges_T6W30', 're_T6W30', 'pe_T6W30', 'l1_T6W30', 'l2_T6W30', 'l3_T6W30', 'lcc_T6W30', 'lsc_T6W30', 'atd_T6W30', 'density_T6W30', 'diameter_T6W30', 'asp_T6W30']",-0.030525235684276973,-0.001937355873438502,298,-0.01623129577885774,0.014293939905419236,0.1255949132074824,1.9679565064968196,3.6264197590923897,3.6849201281837947,298,3.655669943638092,0.029250184545702277,0.2570092230433631,1.9679565064968196,completed,2.4412801265716553,True,COMPLETE
407,2.989562255484223,2026-06-13 17:10:19.127179,2026-06-13 17:10:21.555299,0 days 00:00:02.428120,LinearRegression,13,False,-0.06600050139682655,-0.0544130371183266,298,-0.06020676925757658,0.005793732139249973,0.050907117980860124,1.9679565064968196,2.9687666382864077,3.010357872682038,298,2.989562255484223,0.020795617197815315,0.18272245121622674,1.9679565064968196,948956863422235.8,1082048517860805.5,298,1015502690641520.6,66545827219284.92,584710545114123.9,1.9679565064968196,8.971355104724463,9.380207443494577,298,9.17578127410952,0.20442616938505678,1.7962078455024306,1.9679565064968196,2.6308001316122294,2.681457263087056,298,2.6561286973496427,0.025328565737413385,0.2225515873516711,1.9679565064968196,299,0.9130434782608695,-0.13754609225802686,-0.11164212255737097,298,-0.12459410740769891,0.012951984850327947,0.11380371149628496,1.9679565064968196,LinearRegression,"{'mode': 'original', 'type': 'LinearRegression'}",13,"['nodes_T6W30', 'edges_T6W30', 're_T6W30', 'pe_T6W30', 'l1_T6W30', 'l2_T6W30', 'l3_T6W30', 'lcc_T6W30', 'lsc_T6W30', 'atd_T6W30', 'density_T6W30', 'diameter_T6W30', 'asp_T6W30']",-0.030525235684276973,-0.001937355873438502,298,-0.01623129577885774,0.014293939905419236,0.1255949132074824,1.9679565064968196,3.626419759092389,3.6849201281837938,298,3.6556699436380913,0.029250184545702277,0.2570092230433631,1.9679565064968196,completed,2.4203598499298096,False,COMPLETE
408,2.861419690575908,2026-06-13 17:10:21.566309,2026-06-13 17:10:24.096217,0 days 00:00:02.529908,LinearRegression,6,False,-0.018696194627931914,-0.010919585729399724,298,-0.014807890178665819,0.0038883044492660944,0.03416491625550315,1.9679565064968196,2.845210356687317,2.8776290244644995,298,2.861419690575908,0.016209333888591335,0.14242468461175628,1.9679565064968196,927412878926755.6,1056274784570235.6,298,991843831748495.6,64430952821739.97,566128022159505.8,1.9679565064968196,8.122078994750225,8.354855322074954,298,8.23846715841259,0.11638816366236442,1.022654454284568,1.9679565064968196,2.547625998328651,2.5954318642430625,298,2.5715289312858567,0.023902932957205872,0.2100251442239775,1.9679565064968196,299,0.5652173913043478,-0.025864073387163133,-0.011367252246777319,298,-0.018615662816970226,0.007248410570192908,0.06368877317795577,1.9679565064968196,LinearRegression,"{'mode': 'original', 'type': 'LinearRegression'}",6,"['edges_T6W30', 're_T6W30', 'l1_T6W30', 'l2_T6W30', 'atd_T6W30', 'density_T6W30']",0.09246588152756556,0.12046546055270325,298,0.10646567104013441,0.013999789512568845,0.12301033587579899,1.9679565064968196,3.4592762752187745,3.5026855309150524,298,3.4809809030669134,0.021704627848139025,0.19070955025872374,1.9679565064968196,completed,2.5226621627807617,False,COMPLETE
