number,value,datetime_start,datetime_complete,duration,params_regressor,params_rfe_n_features,params_use_scaler,user_attrs_d2mae_ci_lower_val,user_attrs_d2mae_ci_upper_val,user_attrs_d2mae_df_val,user_attrs_d2mae_mean_val,user_attrs_d2mae_samperror_val,user_attrs_d2mae_std_val,user_attrs_d2mae_t_critical_val,user_attrs_mae_ci_lower_val,user_attrs_mae_ci_upper_val,user_attrs_mae_df_val,user_attrs_mae_mean_val,user_attrs_mae_samperror_val,user_attrs_mae_std_val,user_attrs_mae_t_critical_val,user_attrs_mape_ci_lower_val,user_attrs_mape_ci_upper_val,user_attrs_mape_df_val,user_attrs_mape_mean_val,user_attrs_mape_samperror_val,user_attrs_mape_std_val,user_attrs_mape_t_critical_val,user_attrs_max_error_ci_lower_val,user_attrs_max_error_ci_upper_val,user_attrs_max_error_df_val,user_attrs_max_error_mean_val,user_attrs_max_error_samperror_val,user_attrs_max_error_std_val,user_attrs_max_error_t_critical_val,user_attrs_median_ae_ci_lower_val,user_attrs_median_ae_ci_upper_val,user_attrs_median_ae_df_val,user_attrs_median_ae_mean_val,user_attrs_median_ae_samperror_val,user_attrs_median_ae_std_val,user_attrs_median_ae_t_critical_val,user_attrs_n_splits_val,user_attrs_r2_below_zero_val,user_attrs_r2_ci_lower_val,user_attrs_r2_ci_upper_val,user_attrs_r2_df_val,user_attrs_r2_mean_val,user_attrs_r2_samperror_val,user_attrs_r2_std_val,user_attrs_r2_t_critical_val,user_attrs_regressor_final,user_attrs_rfe_estimator,user_attrs_rfe_n_features,user_attrs_rfe_selected_features,user_attrs_rho_ci_lower_val,user_attrs_rho_ci_upper_val,user_attrs_rho_df_val,user_attrs_rho_mean_val,user_attrs_rho_samperror_val,user_attrs_rho_std_val,user_attrs_rho_t_critical_val,user_attrs_rmse_ci_lower_val,user_attrs_rmse_ci_upper_val,user_attrs_rmse_df_val,user_attrs_rmse_mean_val,user_attrs_rmse_samperror_val,user_attrs_rmse_std_val,user_attrs_rmse_t_critical_val,user_attrs_termination_reason,user_attrs_trial_time_seconds,user_attrs_use_scaler_final,state
320,2.8303381103917937,2026-06-13 17:06:44.867735,2026-06-13 17:06:47.235568,0 days 00:00:02.367833,LinearRegression,4,False,-0.00732065479325932,-0.00026746536701256025,298,-0.00379406008013594,0.00352659471312338,0.03098672303391823,1.9679565064968196,2.8149809994385806,2.845695221345007,298,2.8303381103917937,0.015357110953213227,0.1349365556346882,1.9679565064968196,922963218121322.9,1050847998316485.9,298,986905608218904.4,63942390097581.555,561835224418427.8,1.9679565064968196,8.124704444804035,8.360866988457378,298,8.242785716630706,0.11808127182667133,1.0375310925210548,1.9679565064968196,2.541678876894521,2.585369675163246,298,2.5635242760288834,0.0218453991343624,0.19194644908384242,1.9679565064968196,299,0.43812709030100333,-0.00846266543688897,0.0046310849356425874,298,-0.001915790250623192,0.0065468751862657795,0.05752467313001162,1.9679565064968196,LinearRegression,"{'mode': 'original', 'type': 'LinearRegression'}",4,"['edges_T6W30', 'l1_T6W30', 'atd_T6W30', 'density_T6W30']",0.1173669578554545,0.145412983716993,298,0.13138997078622375,0.014023012930769248,0.12321439040607966,1.9679565064968196,3.431415331587556,3.4740827635360905,298,3.452749047561823,0.021333715974267385,0.18745050167486396,1.9679565064968196,completed,2.3603363037109375,False,COMPLETE
321,2.8697778179684037,2026-06-13 17:06:47.246907,2026-06-13 17:06:49.614400,0 days 00:00:02.367493,LinearRegression,6,True,-0.02188338613558506,-0.01371077483910792,298,-0.01779708048734649,0.00408630564823857,0.03590467055449088,1.9679565064968196,2.853326526300382,2.8862291096364254,298,2.8697778179684037,0.016451291668021763,0.1445506671266204,1.9679565064968196,926635391508209.8,1055109651346042.5,298,990872521427126.1,64237129918916.41,564424980813395.2,1.9679565064968196,8.225535781412004,8.497766524443323,298,8.361651152927664,0.1361153715156597,1.1959892363358933,1.9679565064968196,2.5482489615773884,2.594024673839641,298,2.5711368177085148,0.022887856131126212,0.20110608574786992,1.9679565064968196,299,0.6187290969899666,-0.03759942779787792,-0.02196919973823063,298,-0.029784313768054276,0.007815114029823647,0.06866816110722208,1.9679565064968196,LinearRegression,"{'mode': 'original', 'type': 'LinearRegression'}",6,"['nodes_T6W30', 're_T6W30', 'l1_T6W30', 'lcc_T6W30', 'atd_T6W30', 'density_T6W30']",0.06595548061616258,0.09469246067061374,298,0.08032397064338816,0.014368490027225586,0.12624995416468734,1.9679565064968196,3.477381964550949,3.522392399710071,298,3.49988718213051,0.022505217579560897,0.1977439997175892,1.9679565064968196,completed,2.359889030456543,True,COMPLETE
322,2.8986782290534054,2026-06-13 17:06:49.625273,2026-06-13 17:06:52.148890,0 days 00:00:02.523617,LinearRegression,8,True,-0.03264531238387544,-0.023419887954437283,298,-0.02803260016915636,0.004612712214719077,0.040529986420265764,1.9679565064968196,2.8809833595443073,2.9163730985625036,298,2.8986782290534054,0.017694869509098307,0.15547746911754956,1.9679565064968196,934442761240347.6,1064388490703214.1,298,999415625971780.9,64972864731433.29,570889577036214.8,1.9679565064968196,8.342195546192317,8.61959187621063,298,8.480893711201473,0.13869816500915658,1.2186831700445138,1.9679565064968196,2.5175391119003883,2.563670298733229,298,2.5406047053168086,0.023065593416420466,0.20266778945363423,1.9679565064968196,299,0.6923076923076923,-0.05650738636685145,-0.03861759290949109,298,-0.04756248963817127,0.008944896728680181,0.07859509244631392,1.9679565064968196,LinearRegression,"{'mode': 'original', 'type': 'LinearRegression'}",8,"['nodes_T6W30', 're_T6W30', 'l1_T6W30', 'l2_T6W30', 'lcc_T6W30', 'atd_T6W30', 'density_T6W30', 'diameter_T6W30']",0.05619696069921541,0.08486962587883272,298,0.07053329328902407,0.014336332589808655,0.12596740011814184,1.9679565064968196,3.505673680347639,3.553524879607218,298,3.5295992799774285,0.023925599629789577,0.21022430686175894,1.9679565064968196,completed,2.516066074371338,True,COMPLETE
323,2.989562255484223,2026-06-13 17:06:52.159872,2026-06-13 17:06:54.524460,0 days 00:00:02.364588,LinearRegression,13,False,-0.06600050139682655,-0.0544130371183266,298,-0.06020676925757658,0.005793732139249973,0.050907117980860124,1.9679565064968196,2.9687666382864077,3.010357872682038,298,2.989562255484223,0.020795617197815315,0.18272245121622674,1.9679565064968196,948956863422235.8,1082048517860805.5,298,1015502690641520.6,66545827219284.92,584710545114123.9,1.9679565064968196,8.971355104724463,9.380207443494577,298,9.17578127410952,0.20442616938505678,1.7962078455024306,1.9679565064968196,2.6308001316122294,2.681457263087056,298,2.6561286973496427,0.025328565737413385,0.2225515873516711,1.9679565064968196,299,0.9130434782608695,-0.13754609225802686,-0.11164212255737097,298,-0.12459410740769891,0.012951984850327947,0.11380371149628496,1.9679565064968196,LinearRegression,"{'mode': 'original', 'type': 'LinearRegression'}",13,"['nodes_T6W30', 'edges_T6W30', 're_T6W30', 'pe_T6W30', 'l1_T6W30', 'l2_T6W30', 'l3_T6W30', 'lcc_T6W30', 'lsc_T6W30', 'atd_T6W30', 'density_T6W30', 'diameter_T6W30', 'asp_T6W30']",-0.030525235684276973,-0.001937355873438502,298,-0.01623129577885774,0.014293939905419236,0.1255949132074824,1.9679565064968196,3.626419759092389,3.6849201281837938,298,3.6556699436380913,0.029250184545702277,0.2570092230433631,1.9679565064968196,completed,2.3572490215301514,False,COMPLETE
324,2.838103836844524,2026-06-13 17:06:54.535266,2026-06-13 17:06:56.865410,0 days 00:00:02.330144,LinearRegression,2,True,-0.00933470819845633,-0.0036250869931801267,298,-0.006479897595818228,0.0028548106026381015,0.02508403506902926,1.9679565064968196,2.8233731520302285,2.85283452165882,298,2.838103836844524,0.014730684814295415,0.1294324093273113,1.9679565064968196,929137686071701.0,1058181355868133.0,298,993659520969917.0,64521834898215.97,566926565219197.1,1.9679565064968196,8.207176405368854,8.495939045465212,298,8.351557725417033,0.1443813200481797,1.2686186929719723,1.9679565064968196,2.548265378643884,2.597249722118999,298,2.5727575503814415,0.02449217173755751,0.21520254065676153,1.9679565064968196,299,0.431438127090301,-0.007400224608535493,0.0032335958059081806,298,-0.0020833144013136565,0.005316910207221837,0.046717481703895426,1.9679565064968196,LinearRegression,"{'mode': 'original', 'type': 'LinearRegression'}",2,"['nodes_T6W30', 'lcc_T6W30']",0.12033636281774154,0.14827191796007796,298,0.13430414038890975,0.013967777571168204,0.12272906024231935,1.9679565064968196,3.4323998550655683,3.475933963558082,298,3.4541669093118252,0.021767054246257043,0.19125806509125887,1.9679565064968196,completed,2.32256817817688,True,COMPLETE
325,2.8211340871354835,2026-06-13 17:06:56.876936,2026-06-13 17:06:59.329813,0 days 00:00:02.452877,LinearRegression,2,False,-0.00325627453120075,0.0023932117012925493,298,-0.00043153141495410013,0.0028247431162466497,0.02481984455411952,1.9679565064968196,2.8062875182437,2.835980656027267,298,2.8211340871354835,0.01484656889178317,0.13045063458574307,1.9679565064968196,919835376622568.9,1047468087642963.9,298,983651732132766.4,63816355510197.484,560727810845376.4,1.9679565064968196,8.162258262798387,8.39426874810256,298,8.278263505450473,0.11600524265208682,1.0192898864068967,1.9679565064968196,2.5126219797429687,2.556296652019781,298,2.534459315881375,0.021837336138406327,0.19187560288720273,1.9679565064968196,299,0.3779264214046823,0.0007003628758873439,0.010910671720937768,298,0.0058055172984125564,0.0051051544225252125,0.04485687157287956,1.9679565064968196,LinearRegression,"{'mode': 'original', 'type': 'LinearRegression'}",2,"['atd_T6W30', 'density_T6W30']",0.13540898637911586,0.16319262900358517,298,0.1493008076913505,0.013891821312234659,0.12206166414219255,1.9679565064968196,3.419195107917949,3.4616932666873104,298,3.4404441873026297,0.021249079384680795,0.18670683511451447,1.9679565064968196,completed,2.445763111114502,False,COMPLETE
326,2.861419690575908,2026-06-13 17:06:59.340588,2026-06-13 17:07:01.725290,0 days 00:00:02.384702,LinearRegression,6,False,-0.018696194627931914,-0.010919585729399724,298,-0.014807890178665819,0.0038883044492660944,0.03416491625550315,1.9679565064968196,2.845210356687317,2.8776290244644995,298,2.861419690575908,0.016209333888591335,0.14242468461175628,1.9679565064968196,927412878926755.6,1056274784570235.6,298,991843831748495.6,64430952821739.97,566128022159505.8,1.9679565064968196,8.122078994750225,8.354855322074954,298,8.23846715841259,0.11638816366236442,1.022654454284568,1.9679565064968196,2.547625998328651,2.5954318642430625,298,2.5715289312858567,0.023902932957205872,0.2100251442239775,1.9679565064968196,299,0.5652173913043478,-0.025864073387163133,-0.011367252246777319,298,-0.018615662816970226,0.007248410570192908,0.06368877317795577,1.9679565064968196,LinearRegression,"{'mode': 'original', 'type': 'LinearRegression'}",6,"['edges_T6W30', 're_T6W30', 'l1_T6W30', 'l2_T6W30', 'atd_T6W30', 'density_T6W30']",0.09246588152756556,0.12046546055270325,298,0.10646567104013441,0.013999789512568845,0.12301033587579899,1.9679565064968196,3.4592762752187745,3.5026855309150524,298,3.4809809030669134,0.021704627848139025,0.19070955025872374,1.9679565064968196,completed,2.3777883052825928,False,COMPLETE
327,2.838103836844524,2026-06-13 17:07:01.736275,2026-06-13 17:07:04.107639,0 days 00:00:02.371364,LinearRegression,2,True,-0.00933470819845633,-0.0036250869931801267,298,-0.006479897595818228,0.0028548106026381015,0.02508403506902926,1.9679565064968196,2.8233731520302285,2.85283452165882,298,2.838103836844524,0.014730684814295415,0.1294324093273113,1.9679565064968196,929137686071701.0,1058181355868133.0,298,993659520969917.0,64521834898215.97,566926565219197.1,1.9679565064968196,8.207176405368854,8.495939045465212,298,8.351557725417033,0.1443813200481797,1.2686186929719723,1.9679565064968196,2.548265378643884,2.597249722118999,298,2.5727575503814415,0.02449217173755751,0.21520254065676153,1.9679565064968196,299,0.431438127090301,-0.007400224608535493,0.0032335958059081806,298,-0.0020833144013136565,0.005316910207221837,0.046717481703895426,1.9679565064968196,LinearRegression,"{'mode': 'original', 'type': 'LinearRegression'}",2,"['nodes_T6W30', 'lcc_T6W30']",0.12033636281774154,0.14827191796007796,298,0.13430414038890975,0.013967777571168204,0.12272906024231935,1.9679565064968196,3.4323998550655683,3.475933963558082,298,3.4541669093118252,0.021767054246257043,0.19125806509125887,1.9679565064968196,completed,2.3642759323120117,True,COMPLETE
328,2.93167490974165,2026-06-13 17:07:04.119147,2026-06-13 17:07:06.619889,0 days 00:00:02.500742,LinearRegression,10,True,-0.044833974075432007,-0.034687786054750466,298,-0.039760880065091236,0.005073094010340769,0.044575170046754174,1.9679565064968196,2.913072970847485,2.950276848635815,298,2.93167490974165,0.01860193889416473,0.16344751106850183,1.9679565064968196,944487325964714.2,1075942347517054.0,298,1010214836740884.1,65727510776169.86,577520338402094.4,1.9679565064968196,8.446776531753413,8.743409037270412,298,8.595092784511912,0.14831625275849938,1.3031933123911092,1.9679565064968196,2.5480041806351137,2.595377444566232,298,2.571690812600673,0.023686631965558928,0.20812459724726248,1.9679565064968196,299,0.782608695652174,-0.08220608559450027,-0.06136952920959096,298,-0.07178780740204561,0.01041827819245465,0.09154108342491812,1.9679565064968196,LinearRegression,"{'mode': 'original', 'type': 'LinearRegression'}",10,"['nodes_T6W30', 'edges_T6W30', 're_T6W30', 'l1_T6W30', 'l2_T6W30', 'lcc_T6W30', 'atd_T6W30', 'density_T6W30', 'diameter_T6W30', 'asp_T6W30']",0.026840865334708322,0.05530376204173797,298,0.041072313688223144,0.014231448353514822,0.12504582589568672,1.9679565064968196,3.5441414690375987,3.594719795688234,298,3.5694306323629164,0.0252891633253175,0.22220537472169694,1.9679565064968196,completed,2.492743968963623,True,COMPLETE
329,2.9446108882899074,2026-06-13 17:07:06.631764,2026-06-13 17:07:09.041911,0 days 00:00:02.410147,LinearRegression,11,True,-0.049615854378413024,-0.03909006039811733,298,-0.044352957388265175,0.005262896990147851,0.04624288999892455,1.9679565064968196,2.925554939893154,2.9636668366866608,298,2.9446108882899074,0.019055948396753314,0.16743670400273034,1.9679565064968196,951367977982883.9,1084847948764400.1,298,1018107963373642.0,66739985390758.12,586416532326610.6,1.9679565064968196,8.437343245444866,8.740638141202657,298,8.588990693323762,0.15164744787889506,1.3324631403595801,1.9679565064968196,2.585854377112604,2.6368344273328277,298,2.611344402222716,0.025490025110111707,0.22397026380020524,1.9679565064968196,299,0.8093645484949833,-0.09102982766433644,-0.06936103620134655,298,-0.0801954319328415,0.010834395731494946,0.09519733541322142,1.9679565064968196,LinearRegression,"{'mode': 'original', 'type': 'LinearRegression'}",11,"['nodes_T6W30', 'edges_T6W30', 're_T6W30', 'l1_T6W30', 'l2_T6W30', 'lcc_T6W30', 'lsc_T6W30', 'atd_T6W30', 'density_T6W30', 'diameter_T6W30', 'asp_T6W30']",0.007110390790379163,0.03544890184465273,298,0.021279646317515947,0.014169255527136784,0.12449936336102081,1.9679565064968196,3.557480817691372,3.6086288786956726,298,3.5830548481935223,0.02557403050215026,0.2247083842898571,1.9679565064968196,completed,2.402963161468506,True,COMPLETE
330,2.8532519471441886,2026-06-13 17:07:09.053257,2026-06-13 17:07:11.531861,0 days 00:00:02.478604,LinearRegression,5,True,-0.01571255127978564,-0.008046563589647834,298,-0.011879557434716737,0.0038329938450689027,0.03367892494872803,1.9679565064968196,2.8369572246335135,2.8695466696548637,298,2.8532519471441886,0.01629472251067518,0.1431749589693154,1.9679565064968196,929984868724453.2,1059090367084707.0,298,994537617904580.1,64552749180126.9,567198196174634.6,1.9679565064968196,8.248728735435938,8.525126469441018,298,8.386927602438478,0.13819886700254,1.2142960458351906,1.9679565064968196,2.5520664915079387,2.59397615586655,298,2.5730213236872443,0.02095483217930558,0.18412140713138486,1.9679565064968196,299,0.5518394648829431,-0.026515610869651436,-0.012194149377467161,298,-0.0193548801235593,0.007160730746092138,0.06291836697988519,1.9679565064968196,LinearRegression,"{'mode': 'original', 'type': 'LinearRegression'}",5,"['nodes_T6W30', 'l1_T6W30', 'lcc_T6W30', 'atd_T6W30', 'density_T6W30']",0.08624719978539255,0.11436778794193486,298,0.10030749386366371,0.014060294078271158,0.12354196436509725,1.9679565064968196,3.4602539411661466,3.5049988027473233,298,3.482626371956735,0.02237243079058845,0.19657725735359116,1.9679565064968196,completed,2.4712297916412354,True,COMPLETE
331,2.8548104031311103,2026-06-13 17:07:11.543072,2026-06-13 17:07:13.917921,0 days 00:00:02.374849,LinearRegression,3,True,-0.015489320980832742,-0.00925537460183341,298,-0.012372347791333076,0.003116973189499667,0.027387548835072457,1.9679565064968196,2.8393742723340636,2.870246533928157,298,2.8548104031311103,0.015436130797046766,0.1356308701829241,1.9679565064968196,929289462006731.1,1058395457643571.1,298,993842459825151.1,64552997818419.984,567200380856048.4,1.9679565064968196,8.255330799231889,8.54913041491471,298,8.4022306070733,0.14689980784141013,1.2907475992006152,1.9679565064968196,2.552110007324307,2.6004924514831953,298,2.576301229403751,0.024191222079444408,0.21255822100517222,1.9679565064968196,299,0.5418060200668896,-0.021333965946775495,-0.009236866591803769,298,-0.015285416269289632,0.006048549677485863,0.05314609385526879,1.9679565064968196,LinearRegression,"{'mode': 'original', 'type': 'LinearRegression'}",3,"['nodes_T6W30', 'lcc_T6W30', 'atd_T6W30']",0.09715636075400322,0.12490596331117601,298,0.11103116203258961,0.013874801278586398,0.12191211617550274,1.9679565064968196,3.4541355376946883,3.4991910419047625,298,3.4766632897997254,0.02252775210503701,0.1979420012336212,1.9679565064968196,completed,2.3670928478240967,True,COMPLETE
332,2.989562255484223,2026-06-13 17:07:13.929584,2026-06-13 17:07:16.345362,0 days 00:00:02.415778,LinearRegression,13,True,-0.06600050139682645,-0.0544130371183265,298,-0.060206769257576474,0.005793732139249978,0.05090711798086017,1.9679565064968196,2.9687666382864077,3.010357872682038,298,2.989562255484223,0.020795617197815305,0.18272245121622663,1.9679565064968196,948956863422235.2,1082048517860805.0,298,1015502690641520.1,66545827219284.9,584710545114123.6,1.9679565064968196,8.97135510472446,9.38020744349457,298,9.175781274109514,0.20442616938505517,1.7962078455024164,1.9679565064968196,2.630800131612229,2.6814572630870557,298,2.6561286973496423,0.02532856573741339,0.22255158735167116,1.9679565064968196,299,0.9130434782608695,-0.13754609225802736,-0.11164212255737141,298,-0.12459410740769938,0.012951984850327974,0.1138037114962852,1.9679565064968196,LinearRegression,"{'mode': 'original', 'type': 'LinearRegression'}",13,"['nodes_T6W30', 'edges_T6W30', 're_T6W30', 'pe_T6W30', 'l1_T6W30', 'l2_T6W30', 'l3_T6W30', 'lcc_T6W30', 'lsc_T6W30', 'atd_T6W30', 'density_T6W30', 'diameter_T6W30', 'asp_T6W30']",-0.030525235684276973,-0.001937355873438502,298,-0.01623129577885774,0.014293939905419236,0.1255949132074824,1.9679565064968196,3.6264197590923897,3.6849201281837947,298,3.655669943638092,0.029250184545702277,0.2570092230433631,1.9679565064968196,completed,2.4084222316741943,True,COMPLETE
333,2.8986782290534054,2026-06-13 17:07:16.356528,2026-06-13 17:07:18.829082,0 days 00:00:02.472554,LinearRegression,8,True,-0.03264531238387544,-0.023419887954437283,298,-0.02803260016915636,0.004612712214719077,0.040529986420265764,1.9679565064968196,2.8809833595443073,2.9163730985625036,298,2.8986782290534054,0.017694869509098307,0.15547746911754956,1.9679565064968196,934442761240347.6,1064388490703214.1,298,999415625971780.9,64972864731433.29,570889577036214.8,1.9679565064968196,8.342195546192317,8.61959187621063,298,8.480893711201473,0.13869816500915658,1.2186831700445138,1.9679565064968196,2.5175391119003883,2.563670298733229,298,2.5406047053168086,0.023065593416420466,0.20266778945363423,1.9679565064968196,299,0.6923076923076923,-0.05650738636685145,-0.03861759290949109,298,-0.04756248963817127,0.008944896728680181,0.07859509244631392,1.9679565064968196,LinearRegression,"{'mode': 'original', 'type': 'LinearRegression'}",8,"['nodes_T6W30', 're_T6W30', 'l1_T6W30', 'l2_T6W30', 'lcc_T6W30', 'atd_T6W30', 'density_T6W30', 'diameter_T6W30']",0.05619696069921541,0.08486962587883272,298,0.07053329328902407,0.014336332589808655,0.12596740011814184,1.9679565064968196,3.505673680347639,3.553524879607218,298,3.5295992799774285,0.023925599629789577,0.21022430686175894,1.9679565064968196,completed,2.4646801948547363,True,COMPLETE
334,2.9446108882899074,2026-06-13 17:07:18.839823,2026-06-13 17:07:21.234417,0 days 00:00:02.394594,LinearRegression,11,True,-0.049615854378413024,-0.03909006039811733,298,-0.044352957388265175,0.005262896990147851,0.04624288999892455,1.9679565064968196,2.925554939893154,2.9636668366866608,298,2.9446108882899074,0.019055948396753314,0.16743670400273034,1.9679565064968196,951367977982883.9,1084847948764400.1,298,1018107963373642.0,66739985390758.12,586416532326610.6,1.9679565064968196,8.437343245444866,8.740638141202657,298,8.588990693323762,0.15164744787889506,1.3324631403595801,1.9679565064968196,2.585854377112604,2.6368344273328277,298,2.611344402222716,0.025490025110111707,0.22397026380020524,1.9679565064968196,299,0.8093645484949833,-0.09102982766433644,-0.06936103620134655,298,-0.0801954319328415,0.010834395731494946,0.09519733541322142,1.9679565064968196,LinearRegression,"{'mode': 'original', 'type': 'LinearRegression'}",11,"['nodes_T6W30', 'edges_T6W30', 're_T6W30', 'l1_T6W30', 'l2_T6W30', 'lcc_T6W30', 'lsc_T6W30', 'atd_T6W30', 'density_T6W30', 'diameter_T6W30', 'asp_T6W30']",0.007110390790379163,0.03544890184465273,298,0.021279646317515947,0.014169255527136784,0.12449936336102081,1.9679565064968196,3.557480817691372,3.6086288786956726,298,3.5830548481935223,0.02557403050215026,0.2247083842898571,1.9679565064968196,completed,2.387542963027954,True,COMPLETE
