number,value,datetime_start,datetime_complete,duration,params_dt_max_depth,params_dt_min_samples_leaf,params_dt_min_samples_split,params_elastic_alpha,params_elastic_l1_ratio,params_et_max_depth,params_et_max_features,params_et_min_samples_leaf,params_et_min_samples_split,params_et_n_estimators,params_knn_metric,params_knn_n_neighbors,params_knn_weights,params_quantile_alpha,params_regressor,params_rf_max_depth,params_rf_max_features,params_rf_min_samples_leaf,params_rf_min_samples_split,params_rf_n_estimators,params_rfe_n_features,params_rfe_proxy_et_max_depth,params_rfe_proxy_et_min_samples_leaf,params_rfe_proxy_et_min_samples_split,params_rfe_proxy_et_n_estimators,params_rfe_proxy_lsvr_C,params_rfe_proxy_lsvr_epsilon,params_rfe_proxy_type,params_use_scaler,user_attrs_d2mae_ci_lower_val,user_attrs_d2mae_ci_upper_val,user_attrs_d2mae_df_val,user_attrs_d2mae_mean_val,user_attrs_d2mae_samperror_val,user_attrs_d2mae_std_val,user_attrs_d2mae_t_critical_val,user_attrs_mae_ci_lower_val,user_attrs_mae_ci_upper_val,user_attrs_mae_df_val,user_attrs_mae_mean_val,user_attrs_mae_samperror_val,user_attrs_mae_std_val,user_attrs_mae_t_critical_val,user_attrs_mape_ci_lower_val,user_attrs_mape_ci_upper_val,user_attrs_mape_df_val,user_attrs_mape_mean_val,user_attrs_mape_samperror_val,user_attrs_mape_std_val,user_attrs_mape_t_critical_val,user_attrs_max_error_ci_lower_val,user_attrs_max_error_ci_upper_val,user_attrs_max_error_df_val,user_attrs_max_error_mean_val,user_attrs_max_error_samperror_val,user_attrs_max_error_std_val,user_attrs_max_error_t_critical_val,user_attrs_median_ae_ci_lower_val,user_attrs_median_ae_ci_upper_val,user_attrs_median_ae_df_val,user_attrs_median_ae_mean_val,user_attrs_median_ae_samperror_val,user_attrs_median_ae_std_val,user_attrs_median_ae_t_critical_val,user_attrs_n_splits_val,user_attrs_r2_below_zero_val,user_attrs_r2_ci_lower_val,user_attrs_r2_ci_upper_val,user_attrs_r2_df_val,user_attrs_r2_mean_val,user_attrs_r2_samperror_val,user_attrs_r2_std_val,user_attrs_r2_t_critical_val,user_attrs_regressor_final,user_attrs_rfe_estimator,user_attrs_rfe_n_features,user_attrs_rfe_selected_features,user_attrs_rho_ci_lower_val,user_attrs_rho_ci_upper_val,user_attrs_rho_df_val,user_attrs_rho_mean_val,user_attrs_rho_samperror_val,user_attrs_rho_std_val,user_attrs_rho_t_critical_val,user_attrs_rmse_ci_lower_val,user_attrs_rmse_ci_upper_val,user_attrs_rmse_df_val,user_attrs_rmse_mean_val,user_attrs_rmse_samperror_val,user_attrs_rmse_std_val,user_attrs_rmse_t_critical_val,user_attrs_termination_reason,user_attrs_use_scaler_final,state
182,0.9934881526005105,2026-06-12 05:54:06.803042,2026-06-12 05:54:27.741624,0 days 00:00:20.938582,,,,,,2.0,log2,1.0,2.0,397.0,,,,,ExtraTreesRegressor,,,,,,2,,,,,,,,False,0.005843140612012399,0.015020811255726095,98.0,0.010431975933869247,0.004588835321856848,0.023007852740671703,1.9844674545084815,0.9828124786180267,1.0041638265829944,98.0,0.9934881526005105,0.01067567398248386,0.053526508943672065,1.9844674545084815,245083230059429.3,338080546327572.8,98.0,291581888193501.06,46498658134071.74,233138520768415.0,1.9844674545084815,2.9776222075723786,3.0498288664380877,98.0,3.013725537005233,0.03610332943285449,0.1810176283909339,1.9844674545084815,0.9329282179506742,0.9469527046826227,98.0,0.9399404613166484,0.00701224336597427,0.0351585209383378,1.9844674545084815,99.0,0.030303030303030304,0.04396147989320189,0.055509901157926735,98.0,0.04973569052556431,0.005774210632362423,0.028951177936203977,1.9844674545084815,ExtraTreesRegressor,"{'mode': 'original', 'type': 'ExtraTreesRegressor'}",2,"['edges_T2W40', 'lsc_T2W40']",0.2251130857379434,0.27214320916619106,98.0,0.2486281474520672,0.023515061714123826,0.11790161100996817,1.9844674545084815,1.2815092526040526,1.3096953317484528,98.0,1.2956022921762527,0.014093039572200169,0.07066075733884347,1.9844674545084815,completed,False,COMPLETE
183,0.9932152611685847,2026-06-12 05:54:27.755417,2026-06-12 05:54:50.326036,0 days 00:00:22.570619,,,,,,2.0,log2,1.0,2.0,434.0,,,,,ExtraTreesRegressor,,,,,,2,,,,,,,,False,0.00613525606324453,0.015281899515074419,98.0,0.010708577789159474,0.0045733217259149445,0.022930069489394522,1.9844674545084815,0.9825308798801871,1.0038996424569824,98.0,0.9932152611685847,0.010684381288397684,0.0535701662985741,1.9844674545084815,244961005529047.34,337997082951786.44,98.0,291479044240416.9,46518038711369.54,233235692585928.94,1.9844674545084815,2.9793374052020116,3.0519607469091694,98.0,3.0156490760555905,0.03631167085357873,0.18206222650605347,1.9844674545084815,0.9336985861146079,0.9476403908433206,98.0,0.9406694884789643,0.006970902364356399,0.03495124226942472,1.9844674545084815,99.0,0.030303030303030304,0.04395664337580847,0.05555560156063977,98.0,0.04975612246822412,0.005799479092415644,0.029077870869619778,1.9844674545084815,ExtraTreesRegressor,"{'mode': 'original', 'type': 'ExtraTreesRegressor'}",2,"['edges_T2W40', 'lsc_T2W40']",0.22445356172226852,0.2716449227952113,98.0,0.24804924225873992,0.0235956805364714,0.11830582381400245,1.9844674545084815,1.281479133113304,1.309703190087561,98.0,1.2955911616004325,0.014112028487128512,0.07075596540967911,1.9844674545084815,completed,False,COMPLETE
184,1.0021851893120648,2026-06-12 05:54:50.338924,2026-06-12 05:55:13.462188,0 days 00:00:23.123264,,,,,,3.0,log2,1.0,3.0,441.0,,,,,ExtraTreesRegressor,,,,,,2,,,,,,,,False,-0.003994166330919183,0.007200913060577324,98.0,0.0016033733648290703,0.005597539695748254,0.028065371711296666,1.9844674545084815,0.99155764993614,1.0128127286879895,98.0,1.0021851893120648,0.010627539375924797,0.05328516797984054,1.9844674545084815,236409729932501.94,327953711287808.06,98.0,282181720610155.0,45771990677653.07,229495100018691.1,1.9844674545084815,2.9690156025305776,3.0653609285794876,98.0,3.0171882655550326,0.048172663024454984,0.24153177424204741,1.9844674545084815,0.8987349338003053,0.9199620604437643,98.0,0.9093484971220348,0.010613563321729505,0.05321509377271236,1.9844674545084815,99.0,0.06060606060606061,0.046989493508426676,0.06245725626895734,98.0,0.05472337488869201,0.007733881380265334,0.0387767246872928,1.9844674545084815,ExtraTreesRegressor,"{'mode': 'original', 'type': 'ExtraTreesRegressor'}",2,"['edges_T2W40', 'lsc_T2W40']",0.21689287837109997,0.2664335821790237,98.0,0.2416632302750618,0.024770351903961846,0.12419548076315777,1.9844674545084815,1.2779762323194912,1.3058733364769097,98.0,1.2919247843982005,0.013948552078709308,0.06993631491719621,1.9844674545084815,completed,False,COMPLETE
185,0.9900069686699879,2026-06-12 05:55:13.475663,2026-06-12 05:55:15.667096,0 days 00:00:02.191433,,,,,,,,,,,,,,0.0045294561405642576,QuantileRegressor,,,,,,3,,,,,,,,False,0.008907979786806882,0.018584608508525814,98.0,0.013746294147666347,0.004838314360859465,0.02425870978579527,1.9844674545084815,0.9798647364212563,1.0001492009187196,98.0,0.9900069686699879,0.0101422322487317,0.050851898068568366,1.9844674545084815,233731754272294.12,323040804692936.75,98.0,278386279482615.44,44654525210321.31,223892266377506.66,1.9844674545084815,3.0221347868362667,3.105405387470338,98.0,3.0637700871533022,0.04163530031703567,0.20875424619081204,1.9844674545084815,0.9949725769952684,1.0000967047274583,98.0,0.9975346408613633,0.002562063866094868,0.012845871339626525,1.9844674545084815,99.0,0.13131313131313133,0.03491881414381369,0.05014074200373475,98.0,0.04252977807377422,0.007610963929960534,0.03816043179432245,1.9844674545084815,QuantileRegressor,"{'mode': 'original', 'type': 'QuantileRegressor'}",3,"['nodes_T2W40', 'edges_T2W40', 'l2_T2W40']",0.24148628697411806,0.30015888049269285,97.0,0.27082258373340545,0.029336296759287388,0.14632495013612262,1.9847231860139845,1.2864108304897075,1.3140183112096848,98.0,1.3002145708496962,0.01380374035998871,0.06921024687034835,1.9844674545084815,completed,False,COMPLETE
186,0.9912616272543909,2026-06-12 05:55:15.685402,2026-06-12 05:55:17.916838,0 days 00:00:02.231436,,,,,,,,,,,,,,0.0058491374854522556,QuantileRegressor,,,,,,3,,,,,,,,False,0.007996164348677382,0.016976356508216023,98.0,0.012486260428446702,0.004490096079769321,0.022512786393257846,1.9844674545084815,0.9812866364692413,1.0012366180395404,98.0,0.9912616272543909,0.009974990785149579,0.05001337005517372,1.9844674545084815,234558754996304.22,324024169068462.4,98.0,279291462032383.28,44732707036079.07,224284260382055.8,1.9844674545084815,3.011099191548724,3.0834802488301944,98.0,3.0472897201894593,0.03619052864073515,0.18145483443414614,1.9844674545084815,0.9925055858003224,0.9994367338835444,98.0,0.9959711598419334,0.003465574041610983,0.017375959610382238,1.9844674545084815,99.0,0.1111111111111111,0.037688073814965466,0.05149468679406879,98.0,0.04459138030451713,0.00690330648955166,0.034612324913646735,1.9844674545084815,QuantileRegressor,"{'mode': 'original', 'type': 'QuantileRegressor'}",3,"['edges_T2W40', 'l2_T2W40', 'l3_T2W40']",0.23124578479508678,0.2904910730039915,96.0,0.26086842889953915,0.029622644104452353,0.1469780933805956,1.984984311522457,1.2850915561854483,1.312706706433863,98.0,1.2988991313096556,0.013807575124207232,0.06922947390384303,1.9844674545084815,completed,False,COMPLETE
187,0.990044286158124,2026-06-12 05:55:17.929529,2026-06-12 05:55:20.178311,0 days 00:00:02.248782,,,,,,,,,,,,,,0.004888392603852835,QuantileRegressor,,,,,,3,,,,,,,,False,0.009119750853671687,0.01832825831981459,98.0,0.013724004586743138,0.004604253733071452,0.023085158747498984,1.9844674545084815,0.9799514330748821,1.0001371392413658,98.0,0.990044286158124,0.010092853083241917,0.0506043170401896,1.9844674545084815,234489974354617.75,323831924508928.56,98.0,279160949431773.16,44670975077155.414,223974743975236.1,1.9844674545084815,3.0198635879321123,3.0954452428444914,98.0,3.057654415388302,0.037790827456189585,0.1894785347643093,1.9844674545084815,0.9959436543770768,1.0001861896925268,98.0,0.9980649220348018,0.002121267657724987,0.010635773670068656,1.9844674545084815,99.0,0.13131313131313133,0.03527780864287297,0.049548966348136006,98.0,0.04241338749550449,0.007135578852631518,0.035776909813875137,1.9844674545084815,QuantileRegressor,"{'mode': 'original', 'type': 'QuantileRegressor'}",3,"['nodes_T2W40', 'edges_T2W40', 'l2_T2W40']",0.2407108648961666,0.2973987720235262,98.0,0.2690548184598464,0.028343953563679806,0.14211307748949673,1.9844674545084815,1.2865676975771487,1.31411989261834,98.0,1.3003437950977443,0.013776097520595533,0.06907164909259352,1.9844674545084815,completed,False,COMPLETE
188,0.9930151608093015,2026-06-12 05:55:20.191338,2026-06-12 05:55:22.399487,0 days 00:00:02.208149,,,,,,,,,,,,,,0.006271889340841387,QuantileRegressor,,,,,,4,,,,,,,,False,0.006000390773485064,0.015498069792249007,98.0,0.010749230282867036,0.004748839509381972,0.02381009394704806,1.9844674545084815,0.9828784594989268,1.0031518621196762,98.0,0.9930151608093015,0.010136701310374708,0.05082416662773212,1.9844674545084815,235627724350363.16,325519792942152.1,98.0,280573758646257.66,44946034295894.49,225353856877712.62,1.9844674545084815,3.013744269416105,3.0895560479268904,98.0,3.0516501586714977,0.037905889255392816,0.1900554403942706,1.9844674545084815,0.9883094425977779,0.9976961299613158,98.0,0.9930027862795469,0.004693343681769022,0.023531844731313777,1.9844674545084815,99.0,0.12121212121212122,0.03760425146230233,0.05197028977437848,98.0,0.044787270618340404,0.007183019156038078,0.03601476962757384,1.9844674545084815,QuantileRegressor,"{'mode': 'original', 'type': 'QuantileRegressor'}",4,"['nodes_T2W40', 'edges_T2W40', 'l2_T2W40', 'l3_T2W40']",0.19592482276710027,0.2562180133704345,97.0,0.22607141806876738,0.030146595301667096,0.1503665950234088,1.9847231860139845,1.2849243946902953,1.3125369895468908,98.0,1.298730692118593,0.013806297428297693,0.06922306769458249,1.9844674545084815,completed,False,COMPLETE
189,0.9929901460038414,2026-06-12 05:55:22.411966,2026-06-12 05:55:24.576292,0 days 00:00:02.164326,,,,,,,,,,,,,,0.0063164524872035485,QuantileRegressor,,,,,,4,,,,,,,,False,0.006022266995088851,0.015526143805719289,98.0,0.01077420540040407,0.004751938405315219,0.02382563142797513,1.9844674545084815,0.9828517663657875,1.0031285256418951,98.0,0.9929901460038414,0.01013837963805383,0.05083258155513383,1.9844674545084815,235607119782957.66,325487650308886.3,98.0,280547385045921.97,44940265262964.32,225324931660134.8,1.9844674545084815,3.013808896335249,3.089607147554378,98.0,3.0517080219448136,0.03789912560956427,0.1900215283106375,1.9844674545084815,0.9882266257974843,0.9975875331399846,98.0,0.9929070794687345,0.004680453671250119,0.023467215812853347,1.9844674545084815,99.0,0.12121212121212122,0.037604507973770504,0.051970692958923995,98.0,0.04478760046634725,0.007183092492576743,0.03601513732790819,1.9844674545084815,QuantileRegressor,"{'mode': 'original', 'type': 'QuantileRegressor'}",4,"['nodes_T2W40', 'edges_T2W40', 'l2_T2W40', 'l3_T2W40']",0.20462393923607738,0.2658302249299713,97.0,0.23522708208302434,0.030603142846946957,0.1526437841773771,1.9847231860139845,1.2849241546951835,1.3125367659008185,98.0,1.298730460298001,0.013806305602817575,0.06922310868061411,1.9844674545084815,completed,False,COMPLETE
190,0.9933119511962821,2026-06-12 05:55:24.588911,2026-06-12 05:55:27.091654,0 days 00:00:02.502743,,,,,,,,,,,,,,0.005687564054132457,QuantileRegressor,,,,,,4,,,,,,,,False,0.005692671560119861,0.015201922356680334,98.0,0.010447296958400097,0.004754625398280236,0.023839103678365087,1.9844674545084815,0.9831940200512177,1.0034298823413466,98.0,0.9933119511962821,0.010117931145064402,0.050730055340425594,1.9844674545084815,235536463091510.88,325397529017321.1,98.0,280466996054416.0,44930532962905.14,225276135111362.8,1.9844674545084815,3.0131212145293724,3.088926409704118,98.0,3.0510238121167452,0.03790259758737301,0.19003893637794425,1.9844674545084815,0.9869215606169459,0.9968461710744616,98.0,0.9918838658457038,0.004962305228757795,0.024880384661815552,1.9844674545084815,99.0,0.12121212121212122,0.03763003939422347,0.05198697196787041,98.0,0.04480850568104694,0.0071784662868234666,0.035991942104446485,1.9844674545084815,QuantileRegressor,"{'mode': 'original', 'type': 'QuantileRegressor'}",4,"['nodes_T2W40', 'edges_T2W40', 'l2_T2W40', 'l3_T2W40']",0.19705433042739304,0.2597251826640117,97.0,0.22838975654570237,0.031335426118309334,0.1562963008548168,1.9847231860139845,1.2849322146016797,1.3124861919390953,98.0,1.2987092032703875,0.013776988668707905,0.06907611719900865,1.9844674545084815,completed,False,COMPLETE
191,0.9931914453618708,2026-06-12 05:55:27.135354,2026-06-12 05:55:29.515032,0 days 00:00:02.379678,,,,,,,,,,,,,,0.0061298714843715995,QuantileRegressor,,,,,,4,,,,,,,,False,0.005802442814646588,0.015326246063068056,98.0,0.010564344438857322,0.004761901624210734,0.02387558577523167,1.9844674545084815,0.983082243331596,1.0033006473921455,98.0,0.9931914453618708,0.010109202030274732,0.05068628863851748,1.9844674545084815,235677073810818.3,325551906925505.2,98.0,280614490368161.75,44937416557343.445,225310648602489.56,1.9844674545084815,3.0131523418999775,3.089303659269002,98.0,3.05122800058449,0.038075658684512556,0.1909066433142033,1.9844674545084815,0.9879425814641424,0.997587791158283,98.0,0.9927651863112127,0.004822604847070263,0.024179944226663537,1.9844674545084815,99.0,0.12121212121212122,0.037453665843585705,0.05184959219389703,98.0,0.04465162901874137,0.0071979631751556625,0.03608969709110113,1.9844674545084815,QuantileRegressor,"{'mode': 'original', 'type': 'QuantileRegressor'}",4,"['nodes_T2W40', 'edges_T2W40', 'l2_T2W40', 'l3_T2W40']",0.19065923371858573,0.2566648061121525,98.0,0.2236620199153691,0.03300278619678337,0.16547188809124846,1.9844674545084815,1.285021935314539,1.3126139615571033,98.0,1.298817948435821,0.013796013121282279,0.06917150345120607,1.9844674545084815,completed,False,COMPLETE
192,0.9933056396827944,2026-06-12 05:55:29.528123,2026-06-12 05:55:31.889066,0 days 00:00:02.360943,,,,,,,,,,,,,,0.005548423347351337,QuantileRegressor,,,,,,4,,,,,,,,False,0.005698287297384392,0.015209203351567877,98.0,0.010453745324476134,0.004755458027091742,0.023843278376243546,1.9844674545084815,0.9831867151296708,1.003424564235918,98.0,0.9933056396827944,0.010118924553123599,0.05073503616556624,1.9844674545084815,235554318231897.88,325415589320204.0,98.0,280484953776050.94,44930635544153.05,225276649441052.2,1.9844674545084815,3.013510028349213,3.0898107687775767,98.0,3.0516603985633948,0.038150370214181994,0.19128123768338393,1.9844674545084815,0.9866939766322183,0.9966894952841636,98.0,0.9916917359581909,0.004997759325972658,0.02505814712016478,1.9844674545084815,99.0,0.12121212121212122,0.037583048858125676,0.05195171902009382,98.0,0.04476738393910975,0.0071843350809840745,0.03602136751249489,1.9844674545084815,QuantileRegressor,"{'mode': 'original', 'type': 'QuantileRegressor'}",4,"['nodes_T2W40', 'edges_T2W40', 'l2_T2W40', 'l3_T2W40']",0.1951646114029946,0.25913517700690425,98.0,0.2271498942049494,0.03198528280195482,0.16037025191793822,1.9844674545084815,1.2849601375732216,1.312512222037776,98.0,1.2987361798054988,0.01377604223227713,0.06907137188380329,1.9844674545084815,completed,False,COMPLETE
193,1.0023305056871554,2026-06-12 05:55:31.902220,2026-06-12 05:55:32.194107,0 days 00:00:00.291887,,,,,,,,,,,,,,0.005010916108131291,QuantileRegressor,,,,,,4,,,,,,,,False,,,,,,,,,,,,,,,,,,,,,,,,,,,,,,,,,,,,,,,,,,,,,QuantileRegressor,"{'mode': 'original', 'type': 'QuantileRegressor'}",4,"['nodes_T2W40', 'edges_T2W40', 'l2_T2W40', 'l3_T2W40']",,,,,,,,,,,,,,,pruned,False,PRUNED
194,1.0327137135032254,2026-06-12 05:55:32.203834,2026-06-12 05:55:32.412459,0 days 00:00:00.208625,,,,,,,,,,,,,,0.015926826279329013,QuantileRegressor,,,,,,5,,,,,,,,False,,,,,,,,,,,,,,,,,,,,,,,,,,,,,,,,,,,,,,,,,,,,,QuantileRegressor,"{'mode': 'original', 'type': 'QuantileRegressor'}",5,"['edges_T2W40', 're_T2W40', 'l3_T2W40', 'lsc_T2W40', 'z_l2_T2W40']",,,,,,,,,,,,,,,pruned,False,PRUNED
195,1.0273179906555798,2026-06-12 05:55:32.422134,2026-06-12 05:55:32.656173,0 days 00:00:00.234039,,,,,,,,,,,,,,0.001988491619365886,QuantileRegressor,,,,,,5,,,,,,,,False,,,,,,,,,,,,,,,,,,,,,,,,,,,,,,,,,,,,,,,,,,,,,QuantileRegressor,"{'mode': 'original', 'type': 'QuantileRegressor'}",5,"['edges_T2W40', 'l1_T2W40', 'l2_T2W40', 'l3_T2W40', 'z_l1_T2W40']",,,,,,,,,,,,,,,pruned,False,PRUNED
196,1.0412056838565529,2026-06-12 05:55:32.665909,2026-06-12 05:55:32.862794,0 days 00:00:00.196885,,,,,,,,,,,,,,0.02086390814897823,QuantileRegressor,,,,,,4,,,,,,,,False,,,,,,,,,,,,,,,,,,,,,,,,,,,,,,,,,,,,,,,,,,,,,QuantileRegressor,"{'mode': 'original', 'type': 'QuantileRegressor'}",4,"['edges_T2W40', 're_T2W40', 'l3_T2W40', 'lsc_T2W40']",,,,,,,,,,,,,,,pruned,False,PRUNED
197,0.9935692739794031,2026-06-12 05:55:32.872766,2026-06-12 05:55:35.359314,0 days 00:00:02.486548,,,,,,,,,,,,,,0.002052169659072043,QuantileRegressor,,,,,,3,,,,,,,,False,0.004772711108099757,0.0154362909991142,98.0,0.010104501053606978,0.005331789945507221,0.026732935332441865,1.9844674545084815,0.9835205127611297,1.0036180351976765,98.0,0.9935692739794031,0.010048761218273417,0.050383245882672796,1.9844674545084815,233908716836218.53,323493365049937.9,98.0,278701040943078.22,44792324106859.69,224583173001303.1,1.9844674545084815,3.0263039043636977,3.119132071416201,98.0,3.0727179878899493,0.04641408352625171,0.23271447414528715,1.9844674545084815,0.9888625905630032,0.9970809195182998,98.0,0.9929717550406515,0.0041091644776483135,0.020602842455169044,1.9844674545084815,99.0,0.13131313131313133,0.036539010232822675,0.052785460913166424,98.0,0.04466223557299455,0.008123225340171876,0.040728847146848594,1.9844674545084815,QuantileRegressor,"{'mode': 'original', 'type': 'QuantileRegressor'}",3,"['edges_T2W40', 'l2_T2W40', 'z_l1_T2W40']",0.24274455338266318,0.3016326526236736,98.0,0.2721886030031684,0.029444049620505206,0.14762882305471142,1.9844674545084815,1.285094790338932,1.312168928193421,98.0,1.2986318592661765,0.013537068927244423,0.06787318928941911,1.9844674545084815,completed,False,COMPLETE
198,1.0156806227672226,2026-06-12 05:55:35.372804,2026-06-12 05:55:35.607448,0 days 00:00:00.234644,,,,,,,,,,,,,,0.010786664856865568,QuantileRegressor,,,,,,4,,,,,,,,False,,,,,,,,,,,,,,,,,,,,,,,,,,,,,,,,,,,,,,,,,,,,,QuantileRegressor,"{'mode': 'original', 'type': 'QuantileRegressor'}",4,"['nodes_T2W40', 'edges_T2W40', 'l2_T2W40', 'l3_T2W40']",,,,,,,,,,,,,,,pruned,False,PRUNED
199,1.0477401947113452,2026-06-12 05:55:35.617760,2026-06-12 05:55:35.809144,0 days 00:00:00.191384,,,,,,,,,,,,,,0.05801884524082988,QuantileRegressor,,,,,,3,,,,,,,,False,,,,,,,,,,,,,,,,,,,,,,,,,,,,,,,,,,,,,,,,,,,,,QuantileRegressor,"{'mode': 'original', 'type': 'QuantileRegressor'}",3,"['nodes_T2W40', 'lsc_T2W40', 'z_l3_T2W40']",,,,,,,,,,,,,,,pruned,False,PRUNED
