number,value,datetime_start,datetime_complete,duration,params_dt_max_depth,params_dt_min_samples_leaf,params_dt_min_samples_split,params_elastic_alpha,params_elastic_l1_ratio,params_et_max_depth,params_et_max_features,params_et_min_samples_leaf,params_et_min_samples_split,params_et_n_estimators,params_knn_metric,params_knn_n_neighbors,params_knn_weights,params_quantile_alpha,params_regressor,params_rf_max_depth,params_rf_max_features,params_rf_min_samples_leaf,params_rf_min_samples_split,params_rf_n_estimators,params_rfe_n_features,params_rfe_proxy_et_max_depth,params_rfe_proxy_et_min_samples_leaf,params_rfe_proxy_et_min_samples_split,params_rfe_proxy_et_n_estimators,params_rfe_proxy_lsvr_C,params_rfe_proxy_lsvr_epsilon,params_rfe_proxy_type,params_use_scaler,user_attrs_d2mae_ci_lower_val,user_attrs_d2mae_ci_upper_val,user_attrs_d2mae_df_val,user_attrs_d2mae_mean_val,user_attrs_d2mae_samperror_val,user_attrs_d2mae_std_val,user_attrs_d2mae_t_critical_val,user_attrs_mae_ci_lower_val,user_attrs_mae_ci_upper_val,user_attrs_mae_df_val,user_attrs_mae_mean_val,user_attrs_mae_samperror_val,user_attrs_mae_std_val,user_attrs_mae_t_critical_val,user_attrs_mape_ci_lower_val,user_attrs_mape_ci_upper_val,user_attrs_mape_df_val,user_attrs_mape_mean_val,user_attrs_mape_samperror_val,user_attrs_mape_std_val,user_attrs_mape_t_critical_val,user_attrs_max_error_ci_lower_val,user_attrs_max_error_ci_upper_val,user_attrs_max_error_df_val,user_attrs_max_error_mean_val,user_attrs_max_error_samperror_val,user_attrs_max_error_std_val,user_attrs_max_error_t_critical_val,user_attrs_median_ae_ci_lower_val,user_attrs_median_ae_ci_upper_val,user_attrs_median_ae_df_val,user_attrs_median_ae_mean_val,user_attrs_median_ae_samperror_val,user_attrs_median_ae_std_val,user_attrs_median_ae_t_critical_val,user_attrs_n_splits_val,user_attrs_r2_below_zero_val,user_attrs_r2_ci_lower_val,user_attrs_r2_ci_upper_val,user_attrs_r2_df_val,user_attrs_r2_mean_val,user_attrs_r2_samperror_val,user_attrs_r2_std_val,user_attrs_r2_t_critical_val,user_attrs_regressor_final,user_attrs_rfe_estimator,user_attrs_rfe_n_features,user_attrs_rfe_selected_features,user_attrs_rho_ci_lower_val,user_attrs_rho_ci_upper_val,user_attrs_rho_df_val,user_attrs_rho_mean_val,user_attrs_rho_samperror_val,user_attrs_rho_std_val,user_attrs_rho_t_critical_val,user_attrs_rmse_ci_lower_val,user_attrs_rmse_ci_upper_val,user_attrs_rmse_df_val,user_attrs_rmse_mean_val,user_attrs_rmse_samperror_val,user_attrs_rmse_std_val,user_attrs_rmse_t_critical_val,user_attrs_termination_reason,user_attrs_use_scaler_final,state
257,0.9920590403075173,2026-06-12 05:57:04.512255,2026-06-12 05:57:06.663889,0 days 00:00:02.151634,,,,,,,,,,,,,,0.005144446452796656,QuantileRegressor,,,,,,3,,,,,,,,False,0.007113855273684761,0.01620330305542909,98.0,0.011658579164556926,0.004544723890872165,0.022786683481569762,1.9844674545084815,0.9821878290771071,1.0019302515379276,98.0,0.9920590403075173,0.009871211230410227,0.049493032203527014,1.9844674545084815,234099150967489.84,323434982635877.4,98.0,278767066801683.62,44667915834193.77,223959405309404.22,1.9844674545084815,3.0116249621489573,3.0856137944296185,98.0,3.048619378289288,0.03699441614033077,0.18548542692951564,1.9844674545084815,0.9894878223310446,0.9980058423025879,98.0,0.9937468323168163,0.00425900998577164,0.021354149299485595,1.9844674545084815,99.0,0.13131313131313133,0.037610693476127,0.05195756929877657,98.0,0.044784131387451784,0.007173437911324784,0.03596673045162307,1.9844674545084815,QuantileRegressor,"{'mode': 'original', 'type': 'QuantileRegressor'}",3,"['edges_T2W40', 'l2_T2W40', 'l3_T2W40']",0.2259568075674128,0.2866920493275896,98.0,0.2563244284475012,0.030367620880088403,0.1522594951197548,1.9844674545084815,1.284989760515226,1.3124403417192385,98.0,1.2987150511172323,0.013725290602006232,0.06881690948676322,1.9844674545084815,completed,False,COMPLETE
258,0.9920930710070975,2026-06-12 05:57:06.678138,2026-06-12 05:57:08.869289,0 days 00:00:02.191151,,,,,,,,,,,,,,0.004292609875053453,QuantileRegressor,,,,,,3,,,,,,,,False,0.006694703381692915,0.016619727758832907,98.0,0.011657215570262912,0.004962512188569997,0.024881422332716428,1.9844674545084815,0.9819074491947503,1.002278692819445,98.0,0.9920930710070975,0.010185621812347282,0.051069447973964704,1.9844674545084815,234797218588175.44,324617231713077.9,98.0,279707225150626.66,44910006562451.2,225173218278263.4,1.9844674545084815,3.0248275739417205,3.114002948364987,98.0,3.069415261153354,0.04458768721163313,0.22355714891884032,1.9844674545084815,0.989228529926862,0.9964422733632387,98.0,0.9928354016450504,0.0036068717181882513,0.018084408684552408,1.9844674545084815,99.0,0.12121212121212122,0.03648001579821342,0.05201165969237584,98.0,0.04424583774529463,0.00776582194708121,0.03893687073878717,1.9844674545084815,QuantileRegressor,"{'mode': 'original', 'type': 'QuantileRegressor'}",3,"['edges_T2W40', 'l2_T2W40', 'z_l1_T2W40']",0.24291055867322625,0.3021133863209728,97.0,0.2725119724970995,0.029601413823873268,0.1476473134041954,1.9847231860139845,1.2851817035804824,1.3129041076612262,98.0,1.2990429056208543,0.013861202040371796,0.06949835262872858,1.9844674545084815,completed,False,COMPLETE
259,0.9906833783008219,2026-06-12 05:57:08.894172,2026-06-12 05:57:11.113139,0 days 00:00:02.218967,,,,,,,,,,,,,,0.004640669088759846,QuantileRegressor,,,,,,3,,,,,,,,False,0.008343439671765185,0.01779733557347523,98.0,0.013070387622620206,0.004726947950855022,0.023700332380218056,1.9844674545084815,0.9806016647455167,1.000765091856127,98.0,0.9906833783008219,0.010081713555305214,0.05054846482489054,1.9844674545084815,234360001211943.1,323700474408326.1,98.0,279030237810134.62,44670236598191.53,223971041333048.84,1.9844674545084815,3.022071540090504,3.105349150020183,98.0,3.0637103450553433,0.04163880496483969,0.20877181806143436,1.9844674545084815,0.9962390466036101,1.000383529666042,98.0,0.998311288134826,0.002072241531215887,0.010389962735473931,1.9844674545084815,99.0,0.1414141414141414,0.03380131734403673,0.04891211929216116,98.0,0.041356718318098944,0.007555400974062215,0.037881846005667984,1.9844674545084815,QuantileRegressor,"{'mode': 'original', 'type': 'QuantileRegressor'}",3,"['nodes_T2W40', 'edges_T2W40', 'l2_T2W40']",0.22851242545822797,0.2933456260151774,97.0,0.2609290257367027,0.03241660027847471,0.16168903179058422,1.9847231860139845,1.2872093083079874,1.314830512817395,98.0,1.3010199105626912,0.013810602254703706,0.06924465156174632,1.9844674545084815,completed,False,COMPLETE
260,0.9925861258365147,2026-06-12 05:57:11.127233,2026-06-12 05:57:13.396590,0 days 00:00:02.269357,,,,,,,,,,,,,,0.002916295321477702,QuantileRegressor,,,,,,3,,,,,,,,False,0.0061031166413645765,0.01618889818549176,98.0,0.01114600741342817,0.005042890772063593,0.02528443060885045,1.9844674545084815,0.9824417894781315,1.0027304621948978,98.0,0.9925861258365147,0.010144336358383174,0.050862447814117265,1.9844674545084815,234291584805571.8,324134101975035.56,98.0,279212843390303.7,44921258584731.86,225229634526289.34,1.9844674545084815,3.024869988725376,3.116043007762224,98.0,3.0704564982438,0.04558650951842399,0.2285651204272716,1.9844674545084815,0.9892888428436167,0.9971009932814151,98.0,0.9931949180625159,0.003906075218899238,0.01958457803058731,1.9844674545084815,99.0,0.1111111111111111,0.03727033041261967,0.05279520405412055,98.0,0.04503276723337011,0.007762436820750439,0.038919898134048884,1.9844674545084815,QuantileRegressor,"{'mode': 'original', 'type': 'QuantileRegressor'}",3,"['edges_T2W40', 'l2_T2W40', 'z_l1_T2W40']",0.24520603166484323,0.30360084879123084,98.0,0.27440344022803703,0.02919740856319379,0.1463921952987761,1.9844674545084815,1.2847611647395427,1.3121858601145544,98.0,1.2984735124270486,0.013712347687505838,0.06875201531428295,1.9844674545084815,completed,False,COMPLETE
261,0.9921448909955711,2026-06-12 05:57:13.438288,2026-06-12 05:57:15.575736,0 days 00:00:02.137448,,,,,,,,,,,,,,0.004335624920660998,QuantileRegressor,,,,,,3,,,,,,,,False,0.006664788672739308,0.01653999564445978,98.0,0.011602392158599545,0.004937603485860236,0.024756533178124703,1.9844674545084815,0.9819863856423621,1.0023033963487802,98.0,0.9921448909955711,0.010158505353209023,0.050933489401703495,1.9844674545084815,234970799998116.0,324783565121848.2,98.0,279877182559982.1,44906382561866.1,225155047987558.72,1.9844674545084815,3.0234665386070683,3.1105624336824302,98.0,3.0670144861447493,0.043547947537681195,0.21834402279226575,1.9844674545084815,0.9893291786542038,0.9965028745783044,98.0,0.9929160266162541,0.00358684796205032,0.017984012047884645,1.9844674545084815,99.0,0.12121212121212122,0.03647221640008681,0.051985484595909445,98.0,0.04422885049799813,0.0077566340979113154,0.03889080399943446,1.9844674545084815,QuantileRegressor,"{'mode': 'original', 'type': 'QuantileRegressor'}",3,"['edges_T2W40', 'l2_T2W40', 'z_l1_T2W40']",0.23336717188567174,0.29795934521416817,98.0,0.26566325854991996,0.03229608666424822,0.16192858404217422,1.9844674545084815,1.2852025815755448,1.3129038147459233,98.0,1.299053198160734,0.013850616585189334,0.06944527846568965,1.9844674545084815,completed,False,COMPLETE
262,0.9920590403075173,2026-06-12 05:57:15.588453,2026-06-12 05:57:17.828818,0 days 00:00:02.240365,,,,,,,,,,,,,,0.0051756947691165385,QuantileRegressor,,,,,,3,,,,,,,,False,0.007113855273684777,0.016203303055429136,98.0,0.011658579164556955,0.004544723890872179,0.02278668348156983,1.9844674545084815,0.9821878290771071,1.0019302515379276,98.0,0.9920590403075173,0.00987121123041022,0.04949303220352698,1.9844674545084815,234099150967489.94,323434982635877.5,98.0,278767066801683.72,44667915834193.77,223959405309404.22,1.9844674545084815,3.0116249621489573,3.0856137944296185,98.0,3.048619378289288,0.036994416140330645,0.18548542692951503,1.9844674545084815,0.9894878223310445,0.9980058423025878,98.0,0.9937468323168162,0.004259009985771621,0.0213541492994855,1.9844674545084815,99.0,0.13131313131313133,0.037610693476127104,0.051957569298776644,98.0,0.044784131387451874,0.007173437911324771,0.035966730451623005,1.9844674545084815,QuantileRegressor,"{'mode': 'original', 'type': 'QuantileRegressor'}",3,"['edges_T2W40', 'l2_T2W40', 'l3_T2W40']",0.22681897358229974,0.2867896088802274,98.0,0.2568042912312636,0.02998531764896383,0.15034267400348997,1.9844674545084815,1.284989760515226,1.3124403417192385,98.0,1.2987150511172323,0.013725290602006208,0.0688169094867631,1.9844674545084815,completed,False,COMPLETE
263,0.9912140751882386,2026-06-12 05:57:17.841880,2026-06-12 05:57:20.105172,0 days 00:00:02.263292,,,,,,,,,,,,,,0.006032195855743062,QuantileRegressor,,,,,,3,,,,,,,,False,0.00804707191358351,0.017025604280315184,98.0,0.012536338096949347,0.004489266183365836,0.02250862539533525,1.9844674545084815,0.9812291178133121,1.001199032563165,98.0,0.9912140751882386,0.009984957374926495,0.050063341303612674,1.9844674545084815,234550520924078.94,324015482893814.4,98.0,279283001908946.66,44732480984867.72,224283126989240.88,1.9844674545084815,3.0110062508191113,3.083409180531092,98.0,3.0472077156751016,0.036201464855990476,0.18150966726480716,1.9844674545084815,0.992787483932486,0.9994476855846304,98.0,0.9961175847585582,0.003330100826072185,0.016696713663469354,1.9844674545084815,99.0,0.1111111111111111,0.03773472635348568,0.05153452358078334,98.0,0.04463462496713451,0.0068998986136488295,0.03459523824536789,1.9844674545084815,QuantileRegressor,"{'mode': 'original', 'type': 'QuantileRegressor'}",3,"['edges_T2W40', 'l2_T2W40', 'l3_T2W40']",0.2119895416827365,0.2795426786257876,97.0,0.24576611015426206,0.03377656847152554,0.16847234461522953,1.9847231860139845,1.2850584405731516,1.3126849558111031,98.0,1.2988716981921273,0.01381325761897575,0.06925796522978166,1.9844674545084815,completed,False,COMPLETE
264,0.9918755735411556,2026-06-12 05:57:20.117944,2026-06-12 05:57:22.397586,0 days 00:00:02.279642,,,,,,,,,,,,,,0.005475491063476359,QuantileRegressor,,,,,,3,,,,,,,,False,0.00729763251602145,0.016394292854546827,98.0,0.011845962685284138,0.004548330169262689,0.022804764915382792,1.9844674545084815,0.9819869518491781,1.001764195233133,98.0,0.9918755735411556,0.009888621691977559,0.04958032610443915,1.9844674545084815,234433757953770.38,323910312200157.7,98.0,279172035076964.03,44738277123193.66,224312188109920.6,1.9844674545084815,3.0115516157257964,3.0837586572791347,98.0,3.0476551365024656,0.03610352077666907,0.18101858776515417,1.9844674545084815,0.9903448235167309,0.9985758756258969,98.0,0.9944603495713139,0.0041155260545830035,0.020634738615097604,1.9844674545084815,99.0,0.12121212121212122,0.03729241005589962,0.05152571568859273,98.0,0.04440906287224618,0.007116652816346551,0.03568201700878033,1.9844674545084815,QuantileRegressor,"{'mode': 'original', 'type': 'QuantileRegressor'}",3,"['edges_T2W40', 'l2_T2W40', 'l3_T2W40']",0.21351040797529283,0.28014946814164843,97.0,0.24682993805847064,0.033319530083177805,0.16619270721129906,1.9847231860139845,1.2852150758800038,1.3127629865619543,98.0,1.298989031220979,0.013773955340975348,0.06906090846893014,1.9844674545084815,completed,False,COMPLETE
265,0.9920433472315481,2026-06-12 05:57:22.412580,2026-06-12 05:57:24.585991,0 days 00:00:02.173411,,,,,,,,,,,,,,0.00524765603791678,QuantileRegressor,,,,,,3,,,,,,,,False,0.007131763447711996,0.016217494354975583,98.0,0.011674628901343789,0.004542865453631793,0.022777365507104522,1.9844674545084815,0.9821713132729057,1.0019153811901904,98.0,0.9920433472315481,0.00987203395864228,0.04949715726112464,1.9844674545084815,234098342450114.22,323434229113146.1,98.0,278766285781630.16,44667943331515.945,223959543177576.66,1.9844674545084815,3.0117372484505744,3.085700381204038,98.0,3.048718814827306,0.03698156637673175,0.18542099980413362,1.9844674545084815,0.9894516315240625,0.9979776179429356,98.0,0.993714624733499,0.004262993209436546,0.021374120690282477,1.9844674545084815,99.0,0.13131313131313133,0.037591241319997026,0.05193409776520985,98.0,0.04476266954260344,0.007171428222606412,0.035956654120954445,1.9844674545084815,QuantileRegressor,"{'mode': 'original', 'type': 'QuantileRegressor'}",3,"['edges_T2W40', 'l2_T2W40', 'l3_T2W40']",0.21826213338152345,0.28281492590521784,97.0,0.25053852964337064,0.03227639626184719,0.16098971565295986,1.9847231860139845,1.2850054263149684,1.3124537761131012,98.0,1.2987296012140348,0.013724174899066462,0.06881131549021724,1.9844674545084815,completed,False,COMPLETE
266,0.9912385556174814,2026-06-12 05:57:24.599251,2026-06-12 05:57:26.795538,0 days 00:00:02.196287,,,,,,,,,,,,,,0.005638456151136292,QuantileRegressor,,,,,,3,,,,,,,,False,0.008019056268816485,0.016998843856395017,98.0,0.012508950062605752,0.004489893793789267,0.022511772156373292,1.9844674545084815,0.9812646945325114,1.0012124167024514,98.0,0.9912385556174814,0.009973861084970047,0.0500077058781988,1.9844674545084815,234359087200305.8,323832042599100.25,98.0,279095564899703.03,44736477699397.22,224303166021564.25,1.9844674545084815,3.0110527884265745,3.0832858457906567,98.0,3.0471693171086156,0.03611652868204103,0.18108380779382618,1.9844674545084815,0.992025238186145,0.9991156695640513,98.0,0.9955704538750981,0.003545215688953156,0.01777527297979985,1.9844674545084815,99.0,0.1111111111111111,0.03787935996428937,0.051669822764215334,98.0,0.04477459136425235,0.0068952313999629845,0.03457183741320429,1.9844674545084815,QuantileRegressor,"{'mode': 'original', 'type': 'QuantileRegressor'}",3,"['edges_T2W40', 'l2_T2W40', 'l3_T2W40']",0.2187207429101694,0.2841091695522987,97.0,0.25141495623123405,0.03269421332106466,0.16307372308094795,1.9847231860139845,1.284973258595514,1.312573998203307,98.0,1.2987736283994105,0.01380036980389646,0.06919334731898391,1.9844674545084815,completed,False,COMPLETE
267,0.9919637220511812,2026-06-12 05:57:26.809290,2026-06-12 05:57:29.085304,0 days 00:00:02.276014,,,,,,,,,,,,,,0.005294324025858274,QuantileRegressor,,,,,,3,,,,,,,,False,0.007194748866276282,0.016307773368286586,98.0,0.011751261117281434,0.004556512251005151,0.022845788861251163,1.9844674545084815,0.9820971849885283,1.0018302591138342,98.0,0.9919637220511812,0.009866537062652897,0.04946959650450909,1.9844674545084815,234572240739512.56,324115655403480.56,98.0,279343948071496.56,44771707331984.016,224479803042030.94,1.9844674545084815,3.0109526440237904,3.0832493799133767,98.0,3.0471010119685835,0.03614836794479335,0.1812434459192755,1.9844674545084815,0.9901977741417681,0.9984443642615287,98.0,0.9943210692016484,0.0041232950598803055,0.020673691446760675,1.9844674545084815,99.0,0.13131313131313133,0.03737813564783798,0.05166779471415071,98.0,0.04452296518099434,0.007144829533156364,0.03582329158187036,1.9844674545084815,QuantileRegressor,"{'mode': 'original', 'type': 'QuantileRegressor'}",3,"['edges_T2W40', 'l2_T2W40', 'l3_T2W40']",0.23009621532699764,0.288482025481375,97.0,0.25928912040418634,0.0291929050771887,0.14560973441188904,1.9847231860139845,1.2851335850307797,1.3126821855304656,98.0,1.2989078852806226,0.013774300249843004,0.06906263779933303,1.9844674545084815,completed,False,COMPLETE
268,0.9923653224041157,2026-06-12 05:57:29.098482,2026-06-12 05:57:31.528609,0 days 00:00:02.430127,,,,,,,,,,,,,,0.005027775404205304,QuantileRegressor,,,,,,3,,,,,,,,False,0.0066644877289258435,0.016000825762901613,98.0,0.011332656745913728,0.004668169016987885,0.023405622075791284,1.9844674545084815,0.9825207460520406,1.0022098987561907,98.0,0.9923653224041157,0.009844576352075063,0.04935948821784892,1.9844674545084815,233858116625330.12,323253529369249.44,98.0,278555822997289.78,44697706371959.64,224108771381164.94,1.9844674545084815,3.012506823554208,3.087575558166213,98.0,3.0500411908602105,0.03753436730600254,0.18819267529115508,1.9844674545084815,0.9894879627896946,0.9984436091251678,98.0,0.9939657859574312,0.004477823167736584,0.022451251530282167,1.9844674545084815,99.0,0.13131313131313133,0.03733382929157423,0.05208219117325736,98.0,0.044708010232415794,0.007374180940841568,0.03697323117302389,1.9844674545084815,QuantileRegressor,"{'mode': 'original', 'type': 'QuantileRegressor'}",3,"['edges_T2W40', 'l2_T2W40', 'l3_T2W40']",0.22554696743710861,0.2876216385121593,98.0,0.25658430297463397,0.03103733553752535,0.15561736157950468,1.9844674545084815,1.285023885744943,1.3124539484919637,98.0,1.2987389171184534,0.01371503137351041,0.06876547098398224,1.9844674545084815,completed,False,COMPLETE
269,0.9918755735411553,2026-06-12 05:57:31.542027,2026-06-12 05:57:33.830464,0 days 00:00:02.288437,,,,,,,,,,,,,,0.005497157199109231,QuantileRegressor,,,,,,3,,,,,,,,False,0.007297632516021669,0.016394292854547004,98.0,0.011845962685284336,0.004548330169262667,0.02280476491538268,1.9844674545084815,0.9819869518491778,1.0017641952331329,98.0,0.9918755735411553,0.009888621691977515,0.04958032610443894,1.9844674545084815,234433757953770.47,323910312200157.8,98.0,279172035076964.12,44738277123193.664,224312188109920.62,1.9844674545084815,3.011551615725796,3.0837586572791342,98.0,3.047655136502465,0.03610352077666905,0.18101858776515403,1.9844674545084815,0.9903448235167309,0.9985758756258969,98.0,0.9944603495713139,0.00411552605458298,0.02063473861509749,1.9844674545084815,99.0,0.12121212121212122,0.03729241005589977,0.05152571568859288,98.0,0.04440906287224632,0.007116652816346553,0.035682017008780334,1.9844674545084815,QuantileRegressor,"{'mode': 'original', 'type': 'QuantileRegressor'}",3,"['edges_T2W40', 'l2_T2W40', 'l3_T2W40']",0.21450351454912597,0.2816552559956836,96.0,0.24807938527240478,0.03357587072327882,0.16659274050958703,1.984984311522457,1.2852150758800034,1.312762986561954,98.0,1.2989890312209786,0.013773955340975351,0.06906090846893015,1.9844674545084815,completed,False,COMPLETE
270,0.992530968511544,2026-06-12 05:57:33.927501,2026-06-12 05:57:36.172155,0 days 00:00:02.244654,,,,,,,,,,,,,,0.0033004024406319016,QuantileRegressor,,,,,,3,,,,,,,,False,0.00614183741141039,0.016297737224931497,98.0,0.011219787318170943,0.005077949906760553,0.025460212773985243,1.9844674545084815,0.9822908568127133,1.0027710802103746,98.0,0.992530968511544,0.010240111698830677,0.051342653525293706,1.9844674545084815,234399265283618.88,324247087711355.56,98.0,279323176497487.22,44923911213868.336,225242934480693.25,1.9844674545084815,3.0257142916909783,3.1166669475421487,98.0,3.0711906196165635,0.04547632792558533,0.2280126835484213,1.9844674545084815,0.9891683345043859,0.9969411645025524,98.0,0.9930547495034692,0.003886414999083256,0.019486004120074365,1.9844674545084815,99.0,0.12121212121212122,0.03657996164731013,0.05221330956681705,98.0,0.04439663560706359,0.00781667395975346,0.03919183644077197,1.9844674545084815,QuantileRegressor,"{'mode': 'original', 'type': 'QuantileRegressor'}",3,"['edges_T2W40', 'l2_T2W40', 'z_l1_T2W40']",0.2447299055619214,0.30321259530511724,98.0,0.27397125043351933,0.029241344871597935,0.14661248651491898,1.9844674545084815,1.2850543064882871,1.3128277785628206,98.0,1.2989410425255539,0.013886736037266848,0.0696263769310268,1.9844674545084815,completed,False,COMPLETE
