number,value,datetime_start,datetime_complete,duration,params_dt_max_depth,params_dt_min_samples_leaf,params_dt_min_samples_split,params_elastic_alpha,params_elastic_l1_ratio,params_et_max_depth,params_et_max_features,params_et_min_samples_leaf,params_et_min_samples_split,params_et_n_estimators,params_knn_metric,params_knn_n_neighbors,params_knn_weights,params_quantile_alpha,params_regressor,params_rf_max_depth,params_rf_max_features,params_rf_min_samples_leaf,params_rf_min_samples_split,params_rf_n_estimators,params_rfe_n_features,params_rfe_proxy_et_max_depth,params_rfe_proxy_et_min_samples_leaf,params_rfe_proxy_et_min_samples_split,params_rfe_proxy_et_n_estimators,params_rfe_proxy_lsvr_C,params_rfe_proxy_lsvr_epsilon,params_rfe_proxy_type,params_use_scaler,user_attrs_d2mae_ci_lower_val,user_attrs_d2mae_ci_upper_val,user_attrs_d2mae_df_val,user_attrs_d2mae_mean_val,user_attrs_d2mae_samperror_val,user_attrs_d2mae_std_val,user_attrs_d2mae_t_critical_val,user_attrs_mae_ci_lower_val,user_attrs_mae_ci_upper_val,user_attrs_mae_df_val,user_attrs_mae_mean_val,user_attrs_mae_samperror_val,user_attrs_mae_std_val,user_attrs_mae_t_critical_val,user_attrs_mape_ci_lower_val,user_attrs_mape_ci_upper_val,user_attrs_mape_df_val,user_attrs_mape_mean_val,user_attrs_mape_samperror_val,user_attrs_mape_std_val,user_attrs_mape_t_critical_val,user_attrs_max_error_ci_lower_val,user_attrs_max_error_ci_upper_val,user_attrs_max_error_df_val,user_attrs_max_error_mean_val,user_attrs_max_error_samperror_val,user_attrs_max_error_std_val,user_attrs_max_error_t_critical_val,user_attrs_median_ae_ci_lower_val,user_attrs_median_ae_ci_upper_val,user_attrs_median_ae_df_val,user_attrs_median_ae_mean_val,user_attrs_median_ae_samperror_val,user_attrs_median_ae_std_val,user_attrs_median_ae_t_critical_val,user_attrs_n_splits_val,user_attrs_r2_below_zero_val,user_attrs_r2_ci_lower_val,user_attrs_r2_ci_upper_val,user_attrs_r2_df_val,user_attrs_r2_mean_val,user_attrs_r2_samperror_val,user_attrs_r2_std_val,user_attrs_r2_t_critical_val,user_attrs_regressor_final,user_attrs_rfe_estimator,user_attrs_rfe_n_features,user_attrs_rfe_selected_features,user_attrs_rho_ci_lower_val,user_attrs_rho_ci_upper_val,user_attrs_rho_df_val,user_attrs_rho_mean_val,user_attrs_rho_samperror_val,user_attrs_rho_std_val,user_attrs_rho_t_critical_val,user_attrs_rmse_ci_lower_val,user_attrs_rmse_ci_upper_val,user_attrs_rmse_df_val,user_attrs_rmse_mean_val,user_attrs_rmse_samperror_val,user_attrs_rmse_std_val,user_attrs_rmse_t_critical_val,user_attrs_termination_reason,user_attrs_use_scaler_final,state
216,0.9921362921225215,2026-06-12 05:56:08.753565,2026-06-12 05:56:11.012097,0 days 00:00:02.258532,,,,,,,,,,,,,,0.00797709873428688,QuantileRegressor,,,,,,4,,,,,,,,False,0.007029943809827557,0.016237738186436135,98.0,0.011633840998131846,0.004603897188304289,0.023083371076135124,1.9844674545084815,0.9820383930505547,1.0022341911944883,98.0,0.9921362921225215,0.010097899071966766,0.05062961700355055,1.9844674545084815,236369027590294.88,326445233204820.75,98.0,281407130397557.8,45038102807262.92,225815477006360.12,1.9844674545084815,3.014898314631575,3.0873816642620997,98.0,3.0511399894468374,0.0362416748152623,0.18171127502728843,1.9844674545084815,0.9902795994395516,0.9983476280871953,98.0,0.9943136137633735,0.004034014323821885,0.020226048878715826,1.9844674545084815,99.0,0.12121212121212122,0.03698758668837545,0.05048922515275544,98.0,0.043738405920565444,0.006750819232189996,0.033847772665389894,1.9844674545084815,QuantileRegressor,"{'mode': 'original', 'type': 'QuantileRegressor'}",4,"['nodes_T2W40', 'edges_T2W40', 'l2_T2W40', 'l3_T2W40']",0.20728803079062472,0.26973110493217767,97.0,0.23850956786140118,0.03122153707077647,0.15572823974819391,1.9847231860139845,1.285700013980583,1.3132860813987708,98.0,1.2994930476896769,0.013793033709093844,0.06915656504699733,1.9844674545084815,completed,False,COMPLETE
217,0.9922900853218241,2026-06-12 05:56:11.025307,2026-06-12 05:56:13.345098,0 days 00:00:02.319791,,,,,,,,,,,,,,0.007518905738616372,QuantileRegressor,,,,,,4,,,,,,,,False,0.0068590730872746305,0.016114973148712325,98.0,0.011487023117993477,0.004627950030718846,0.02320396905306248,1.9844674545084815,0.9821519238966605,1.0024282467469876,98.0,0.9922900853218241,0.010138161425163564,0.05083148746269136,1.9844674545084815,235998244506993.03,326005051208722.0,98.0,281001647857857.53,45003403350864.5,225641498223727.9,1.9844674545084815,3.01565908491643,3.0902375421076473,98.0,3.0529483135120388,0.03728922859560866,0.1869635801168488,1.9844674545084815,0.9905270067192745,0.9989618668416479,98.0,0.9947444367804612,0.004217430061186659,0.021145672700366245,1.9844674545084815,99.0,0.12121212121212122,0.03710252529596758,0.05077514227008387,98.0,0.043938833783025724,0.0068363084870581405,0.03427640521569028,1.9844674545084815,QuantileRegressor,"{'mode': 'original', 'type': 'QuantileRegressor'}",4,"['nodes_T2W40', 'edges_T2W40', 'l2_T2W40', 'l3_T2W40']",0.21812607445195048,0.2791513356072902,97.0,0.24863870502962035,0.030512630577669876,0.15219232285636072,1.9847231860139845,1.2855494729442571,1.3131462734938601,98.0,1.2993478732190586,0.01379840027480142,0.06918347234369959,1.9844674545084815,completed,False,COMPLETE
218,0.9920876785212082,2026-06-12 05:56:13.358226,2026-06-12 05:56:15.722184,0 days 00:00:02.363958,,,,,,,,,,,,,,0.008664241778578611,QuantileRegressor,,,,,,4,,,,,,,,False,0.007109811762107565,0.016263997342958633,98.0,0.011686904552533099,0.004577092790425534,0.022948977140432238,1.9844674545084815,0.9819841281490084,1.0021912288934078,98.0,0.9920876785212082,0.010103550372199748,0.05065795192394624,1.9844674545084815,236348224233555.22,326423816642351.9,98.0,281386020437953.53,45037796204398.32,225813939737518.7,1.9844674545084815,3.014916689306537,3.087405084112205,98.0,3.051160886709371,0.036244197402833925,0.18172392296937015,1.9844674545084815,0.990141889169657,0.9982884362959517,98.0,0.9942151627328043,0.004073273563147386,0.02042288984897457,1.9844674545084815,99.0,0.12121212121212122,0.03699322867144048,0.050457420851840025,98.0,0.043725324761640254,0.0067320960901997694,0.03375389714719424,1.9844674545084815,QuantileRegressor,"{'mode': 'original', 'type': 'QuantileRegressor'}",4,"['nodes_T2W40', 'edges_T2W40', 'l2_T2W40', 'l3_T2W40']",0.2064740353449499,0.269626763728414,97.0,0.23805039953668194,0.03157636419173203,0.1574980630223033,1.9847231860139845,1.2857072631580644,1.3133046574161142,98.0,1.2995059602870893,0.013798697129024848,0.0691849607340599,1.9844674545084815,completed,False,COMPLETE
219,1.0016200958141896,2026-06-12 05:56:15.735041,2026-06-12 05:56:16.020404,0 days 00:00:00.285363,,,,,,,,,,,,,,0.0074928169774843255,QuantileRegressor,,,,,,5,,,,,,,,False,,,,,,,,,,,,,,,,,,,,,,,,,,,,,,,,,,,,,,,,,,,,,QuantileRegressor,"{'mode': 'original', 'type': 'QuantileRegressor'}",5,"['nodes_T2W40', 'edges_T2W40', 'l2_T2W40', 'l3_T2W40', 'diameter_T2W40']",,,,,,,,,,,,,,,pruned,False,PRUNED
220,0.992135872429372,2026-06-12 05:56:16.030888,2026-06-12 05:56:18.360745,0 days 00:00:02.329857,,,,,,,,,,,,,,0.008087130671063583,QuantileRegressor,,,,,,4,,,,,,,,False,0.007030321220791878,0.01623826011793515,98.0,0.011634290669363513,0.004603969448571635,0.023083733380178197,1.9844674545084815,0.9820378283125432,1.0022339165462006,98.0,0.992135872429372,0.010098044116828797,0.050630344240549116,1.9844674545084815,236369479289171.16,326445945914790.75,98.0,281407712601980.94,45038233312809.79,225816131345030.72,1.9844674545084815,3.0149042288741654,3.0873877910076155,98.0,3.0511460099408905,0.03624178106672502,0.18171180775898096,1.9844674545084815,0.9902526433231542,0.9983375386094713,98.0,0.9942950909663127,0.0040424476431584954,0.02026833249880731,1.9844674545084815,99.0,0.12121212121212122,0.036988702443104995,0.05049079006709373,98.0,0.04373974625509936,0.006751043811994364,0.033848898680752186,1.9844674545084815,QuantileRegressor,"{'mode': 'original', 'type': 'QuantileRegressor'}",4,"['nodes_T2W40', 'edges_T2W40', 'l2_T2W40', 'l3_T2W40']",0.21393994799045785,0.2761315024650742,98.0,0.245035725227766,0.03109577723730815,0.1559103810339429,1.9844674545084815,1.285698871780963,1.313285513342183,98.0,1.299492192561573,0.013793320780610043,0.06915800438807354,1.9844674545084815,completed,False,COMPLETE
221,0.9921362921225211,2026-06-12 05:56:18.374098,2026-06-12 05:56:20.624986,0 days 00:00:02.250888,,,,,,,,,,,,,,0.00807368404564125,QuantileRegressor,,,,,,4,,,,,,,,False,0.007029943809827973,0.016237738186436517,98.0,0.011633840998132245,0.0046038971883042715,0.023083371076135038,1.9844674545084815,0.9820383930505543,1.0022341911944879,98.0,0.9921362921225211,0.010097899071966744,0.05062961700355043,1.9844674545084815,236369027590295.03,326445233204820.9,98.0,281407130397557.97,45038102807262.94,225815477006360.2,1.9844674545084815,3.0148983146315733,3.087381664262098,98.0,3.0511399894468356,0.036241674815262276,0.1817112750272883,1.9844674545084815,0.9902795994395526,0.9983476280871963,98.0,0.9943136137633745,0.00403401432382191,0.02022604887871595,1.9844674545084815,99.0,0.12121212121212122,0.03698758668837578,0.050489225152755786,98.0,0.043738405920565784,0.00675081923219,0.033847772665389915,1.9844674545084815,QuantileRegressor,"{'mode': 'original', 'type': 'QuantileRegressor'}",4,"['nodes_T2W40', 'edges_T2W40', 'l2_T2W40', 'l3_T2W40']",0.2159752551832029,0.27872875515356976,98.0,0.24735200516838635,0.031376749985183444,0.15731914364010258,1.9844674545084815,1.2857000139805828,1.3132860813987706,98.0,1.2994930476896767,0.01379303370909382,0.0691565650469972,1.9844674545084815,completed,False,COMPLETE
222,0.9921362921225215,2026-06-12 05:56:20.637304,2026-06-12 05:56:22.870169,0 days 00:00:02.232865,,,,,,,,,,,,,,0.008054052607666385,QuantileRegressor,,,,,,4,,,,,,,,False,0.007029943809827675,0.016237738186436233,98.0,0.011633840998131953,0.0046038971883042784,0.023083371076135076,1.9844674545084815,0.9820383930505548,1.0022341911944883,98.0,0.9921362921225215,0.010097899071966728,0.050629617003550356,1.9844674545084815,236369027590295.0,326445233204820.9,98.0,281407130397557.94,45038102807262.94,225815477006360.22,1.9844674545084815,3.0148983146315733,3.087381664262098,98.0,3.0511399894468356,0.036241674815262304,0.18171127502728848,1.9844674545084815,0.9902795994395519,0.9983476280871957,98.0,0.9943136137633738,0.004034014323821894,0.020226048878715867,1.9844674545084815,99.0,0.12121212121212122,0.03698758668837552,0.05048922515275552,98.0,0.04373840592056552,0.006750819232190004,0.033847772665389936,1.9844674545084815,QuantileRegressor,"{'mode': 'original', 'type': 'QuantileRegressor'}",4,"['nodes_T2W40', 'edges_T2W40', 'l2_T2W40', 'l3_T2W40']",0.1932202837947981,0.2659058334274252,98.0,0.22956305861111165,0.03634277481631354,0.18221817792815947,1.9844674545084815,1.285700013980583,1.3132860813987708,98.0,1.2994930476896769,0.01379303370909382,0.0691565650469972,1.9844674545084815,completed,False,COMPLETE
223,0.9920732930551648,2026-06-12 05:56:22.883232,2026-06-12 05:56:25.370122,0 days 00:00:02.486890,,,,,,,,,,,,,,0.008508236892903028,QuantileRegressor,,,,,,4,,,,,,,,False,0.007119423894146636,0.016284962550005156,98.0,0.011702193222075895,0.00458276932792926,0.022977438597382008,1.9844674545084815,0.9819635730817847,1.002183013028545,98.0,0.9920732930551648,0.010109719973380107,0.05068888554118682,1.9844674545084815,236354178695595.38,326429456485320.44,98.0,281391817590457.9,45037638894862.55,225813151006962.9,1.9844674545084815,3.014876169707718,3.087375780885149,98.0,3.0511259752964337,0.0362498055887157,0.18175204171974144,1.9844674545084815,0.9901447570023789,0.9982924867229164,98.0,0.9942186218626476,0.004073864860268746,0.020425854539607383,1.9844674545084815,99.0,0.12121212121212122,0.037024225644876826,0.050501617795284004,98.0,0.043762921720080415,0.006738696075203586,0.03378698865569427,1.9844674545084815,QuantileRegressor,"{'mode': 'original', 'type': 'QuantileRegressor'}",4,"['nodes_T2W40', 'edges_T2W40', 'l2_T2W40', 'l3_T2W40']",0.21147291058510628,0.27378676537780383,96.0,0.24262983798145504,0.031156927396348767,0.1545907167559257,1.984984311522457,1.285677142076974,1.3132849715371857,98.0,1.2994810568070798,0.013803914730105822,0.06921112114054884,1.9844674545084815,completed,False,COMPLETE
224,0.9916112299439449,2026-06-12 05:56:25.411375,2026-06-12 05:56:27.585176,0 days 00:00:02.173801,,,,,,,,,,,,,,0.009549441286589758,QuantileRegressor,,,,,,4,,,,,,,,False,0.007759652834598575,0.016592663762998637,98.0,0.012176158298798607,0.004416505464200032,0.02214381214873681,1.9844674545084815,0.9815200518811498,1.00170240800674,98.0,0.9916112299439449,0.010091178062795154,0.05059591869484188,1.9844674545084815,236493309943824.2,326784286005402.2,98.0,281638797974613.2,45145488030789.016,226353893235341.88,1.9844674545084815,3.014871088020835,3.087247908459212,98.0,3.0510594982400234,0.036188410219188706,0.181444212930526,1.9844674545084815,0.99151365454991,0.998772583598834,98.0,0.995143119074372,0.0036294645244619923,0.018197686220852057,1.9844674545084815,99.0,0.1111111111111111,0.03650719582331701,0.049190197250386127,98.0,0.04284869653685157,0.006341500713534557,0.03179550023879005,1.9844674545084815,QuantileRegressor,"{'mode': 'original', 'type': 'QuantileRegressor'}",4,"['nodes_T2W40', 'edges_T2W40', 'l2_T2W40', 'l3_T2W40']",0.21792568986931526,0.27804108907239894,96.0,0.2479833894708571,0.030057699601541844,0.14913669972415794,1.984984311522457,1.28634511163438,1.3139428766044843,98.0,1.3001439941194322,0.013798882485052013,0.06918589008625461,1.9844674545084815,completed,False,COMPLETE
225,1.0264203109095797,2026-06-12 05:56:27.597837,2026-06-12 05:56:27.795898,0 days 00:00:00.198061,,,,,,,,,,,,,,0.009939762191898696,QuantileRegressor,,,,,,5,,,,,,,,False,,,,,,,,,,,,,,,,,,,,,,,,,,,,,,,,,,,,,,,,,,,,,QuantileRegressor,"{'mode': 'original', 'type': 'QuantileRegressor'}",5,"['nodes_T2W40', 'edges_T2W40', 'l2_T2W40', 'l3_T2W40', 'lsc_T2W40']",,,,,,,,,,,,,,,pruned,False,PRUNED
226,0.9915419320365686,2026-06-12 05:56:27.805999,2026-06-12 05:56:30.111311,0 days 00:00:02.305312,,,,,,,,,,,,,,0.0099498714858277,QuantileRegressor,,,,,,4,,,,,,,,False,0.007829505125716882,0.016655308575799086,98.0,0.012242406850757984,0.004412901725041101,0.022125743446316928,1.9844674545084815,0.9814638111044808,1.0016200529686563,98.0,0.9915419320365686,0.01007812093208779,0.05053045185642652,1.9844674545084815,236782702169719.7,327062284669402.06,98.0,281922493419560.9,45139791249841.195,226325330280267.2,1.9844674545084815,3.0148054603319623,3.087152020786841,98.0,3.0509787405594015,0.03617328022743917,0.18136835302322385,1.9844674545084815,0.9915098878013391,0.9987822905994286,98.0,0.9951460892003838,0.0036362013990447447,0.01823146407676989,1.9844674545084815,99.0,0.1111111111111111,0.03641767473963353,0.04909957876851709,98.0,0.04275862675407531,0.0063409520144417815,0.031792749129403886,1.9844674545084815,QuantileRegressor,"{'mode': 'original', 'type': 'QuantileRegressor'}",4,"['nodes_T2W40', 'edges_T2W40', 'l2_T2W40', 'l3_T2W40']",0.20869597264779743,0.27198597082291676,97.0,0.2403409717353571,0.031644999087559675,0.15784040335898533,1.9847231860139845,1.286403189621885,1.3140094499486155,98.0,1.3002063197852503,0.013803130163365106,0.06920718741994884,1.9844674545084815,completed,False,COMPLETE
227,1.0147176126010922,2026-06-12 05:56:30.124540,2026-06-12 05:56:30.379024,0 days 00:00:00.254484,,,,,,,,,,,,,,0.011838899079397832,QuantileRegressor,,,,,,4,,,,,,,,False,,,,,,,,,,,,,,,,,,,,,,,,,,,,,,,,,,,,,,,,,,,,,QuantileRegressor,"{'mode': 'original', 'type': 'QuantileRegressor'}",4,"['edges_T2W40', 're_T2W40', 'l2_T2W40', 'l3_T2W40']",,,,,,,,,,,,,,,pruned,False,PRUNED
228,1.0264171236870783,2026-06-12 05:56:30.388881,2026-06-12 05:56:30.588580,0 days 00:00:00.199699,,,,,,,,,,,,,,0.00944752343925394,QuantileRegressor,,,,,,5,,,,,,,,False,,,,,,,,,,,,,,,,,,,,,,,,,,,,,,,,,,,,,,,,,,,,,QuantileRegressor,"{'mode': 'original', 'type': 'QuantileRegressor'}",5,"['nodes_T2W40', 'edges_T2W40', 'l2_T2W40', 'l3_T2W40', 'lsc_T2W40']",,,,,,,,,,,,,,,pruned,False,PRUNED
229,1.0028986582636625,2026-06-12 05:56:30.598782,2026-06-12 05:56:30.882905,0 days 00:00:00.284123,,,,,,,,,,,,,,0.003598029445095373,QuantileRegressor,,,,,,4,,,,,,,,False,,,,,,,,,,,,,,,,,,,,,,,,,,,,,,,,,,,,,,,,,,,,,QuantileRegressor,"{'mode': 'original', 'type': 'QuantileRegressor'}",4,"['edges_T2W40', 'l2_T2W40', 'l3_T2W40', 'asp_T2W40']",,,,,,,,,,,,,,,pruned,False,PRUNED
230,0.992060648240611,2026-06-12 05:56:30.893608,2026-06-12 05:56:33.207371,0 days 00:00:02.313763,,,,,,,,,,,,,,0.008551749706634542,QuantileRegressor,,,,,,4,,,,,,,,False,0.007131196432345359,0.016297929866368,98.0,0.01171456314935668,0.004583366717011321,0.022980433832352307,1.9844674545084815,0.9819515593905502,1.002169737090672,98.0,0.992060648240611,0.01010908885006084,0.05068572116692355,1.9844674545084815,236348736790314.7,326424300026859.0,98.0,281386518408586.84,45037781618272.14,225813866604486.12,1.9844674545084815,3.014916131175321,3.0874046277611593,98.0,3.0511603794682403,0.036244248292918876,0.18172417812596184,1.9844674545084815,0.9901443442089437,0.9982919524088083,98.0,0.994218148308876,0.0040738040999323,0.020425549894795496,1.9844674545084815,99.0,0.12121212121212122,0.03702778460374131,0.05050641216870349,98.0,0.0437670983862224,0.006739313782481092,0.0337900857635835,1.9844674545084815,QuantileRegressor,"{'mode': 'original', 'type': 'QuantileRegressor'}",4,"['nodes_T2W40', 'edges_T2W40', 'l2_T2W40', 'l3_T2W40']",0.21038854465846923,0.27187573665750675,96.0,0.241132140657988,0.030743595999518765,0.15253989845536484,1.984984311522457,1.2856741462170431,1.3132822003793931,98.0,1.2994781732982181,0.013804027081174926,0.06921168445491337,1.9844674545084815,completed,False,COMPLETE
231,0.9921362921225215,2026-06-12 05:56:33.221209,2026-06-12 05:56:35.550822,0 days 00:00:02.329613,,,,,,,,,,,,,,0.007978347919944038,QuantileRegressor,,,,,,4,,,,,,,,False,0.007029943809827553,0.016237738186436132,98.0,0.011633840998131842,0.004603897188304289,0.023083371076135128,1.9844674545084815,0.9820383930505547,1.0022341911944883,98.0,0.9921362921225215,0.010097899071966768,0.05062961700355056,1.9844674545084815,236369027590294.88,326445233204820.7,98.0,281407130397557.78,45038102807262.92,225815477006360.12,1.9844674545084815,3.014898314631575,3.0873816642620997,98.0,3.0511399894468374,0.03624167481526229,0.1817112750272884,1.9844674545084815,0.9902795994395518,0.9983476280871956,98.0,0.9943136137633737,0.004034014323821889,0.020226048878715847,1.9844674545084815,99.0,0.12121212121212122,0.036987586688375436,0.05048922515275541,98.0,0.043738405920565424,0.00675081923218999,0.033847772665389866,1.9844674545084815,QuantileRegressor,"{'mode': 'original', 'type': 'QuantileRegressor'}",4,"['nodes_T2W40', 'edges_T2W40', 'l2_T2W40', 'l3_T2W40']",0.20613635781713968,0.26873444698284393,97.0,0.2374354023999918,0.03129904458285212,0.1561148353342934,1.9847231860139845,1.285700013980583,1.3132860813987708,98.0,1.2994930476896769,0.01379303370909384,0.06915656504699731,1.9844674545084815,completed,False,COMPLETE
232,0.9915904923402592,2026-06-12 05:56:35.564014,2026-06-12 05:56:37.751896,0 days 00:00:02.187882,,,,,,,,,,,,,,0.009073492966029427,QuantileRegressor,,,,,,4,,,,,,,,False,0.007781421962143789,0.016616913185732975,98.0,0.012199167573938382,0.004417745611794592,0.022150030095390166,1.9844674545084815,0.9814903369132154,1.0016906477673029,98.0,0.9915904923402592,0.01010015542704374,0.05064093008883264,1.9844674545084815,236428930936584.7,326596244358635.7,98.0,281512587647610.2,45083656711025.5,226043878645560.38,1.9844674545084815,3.0151464109940656,3.0875182237664958,98.0,3.0513323173802807,0.03618590638621512,0.1814316590216792,1.9844674545084815,0.9901627184255746,0.9981448695981796,98.0,0.9941537940118771,0.003991075586302494,0.020010759359606053,1.9844674545084815,99.0,0.1111111111111111,0.03736530236433364,0.05032070776635133,98.0,0.043843005065342486,0.006477702701008846,0.03247840015805044,1.9844674545084815,QuantileRegressor,"{'mode': 'original', 'type': 'QuantileRegressor'}",4,"['nodes_T2W40', 'edges_T2W40', 'l2_T2W40', 'l3_T2W40']",0.2221439218279818,0.2819016579202192,97.0,0.2520227898741005,0.0298788680461187,0.14903121252303242,1.9847231860139845,1.285649247197455,1.3132674481770767,98.0,1.2994583476872659,0.01380910048981093,0.06923712189831745,1.9844674545084815,completed,False,COMPLETE
233,1.0210864878184744,2026-06-12 05:56:37.765457,2026-06-12 05:56:37.979701,0 days 00:00:00.214244,,,,,,,,,,,,,,0.013017146311281058,QuantileRegressor,,,,,,4,,,,,,,,False,,,,,,,,,,,,,,,,,,,,,,,,,,,,,,,,,,,,,,,,,,,,,QuantileRegressor,"{'mode': 'original', 'type': 'QuantileRegressor'}",4,"['edges_T2W40', 're_T2W40', 'l3_T2W40', 'lsc_T2W40']",,,,,,,,,,,,,,,pruned,False,PRUNED
