number,value,datetime_start,datetime_complete,duration,params_dt_max_depth,params_dt_min_samples_leaf,params_dt_min_samples_split,params_elastic_alpha,params_elastic_l1_ratio,params_et_max_depth,params_et_max_features,params_et_min_samples_leaf,params_et_min_samples_split,params_et_n_estimators,params_knn_metric,params_knn_n_neighbors,params_knn_weights,params_quantile_alpha,params_regressor,params_rf_max_depth,params_rf_max_features,params_rf_min_samples_leaf,params_rf_min_samples_split,params_rf_n_estimators,params_rfe_n_features,params_rfe_proxy_et_max_depth,params_rfe_proxy_et_min_samples_leaf,params_rfe_proxy_et_min_samples_split,params_rfe_proxy_et_n_estimators,params_rfe_proxy_lsvr_C,params_rfe_proxy_lsvr_epsilon,params_rfe_proxy_type,params_use_scaler,user_attrs_d2mae_ci_lower_val,user_attrs_d2mae_ci_upper_val,user_attrs_d2mae_df_val,user_attrs_d2mae_mean_val,user_attrs_d2mae_samperror_val,user_attrs_d2mae_std_val,user_attrs_d2mae_t_critical_val,user_attrs_mae_ci_lower_val,user_attrs_mae_ci_upper_val,user_attrs_mae_df_val,user_attrs_mae_mean_val,user_attrs_mae_samperror_val,user_attrs_mae_std_val,user_attrs_mae_t_critical_val,user_attrs_mape_ci_lower_val,user_attrs_mape_ci_upper_val,user_attrs_mape_df_val,user_attrs_mape_mean_val,user_attrs_mape_samperror_val,user_attrs_mape_std_val,user_attrs_mape_t_critical_val,user_attrs_max_error_ci_lower_val,user_attrs_max_error_ci_upper_val,user_attrs_max_error_df_val,user_attrs_max_error_mean_val,user_attrs_max_error_samperror_val,user_attrs_max_error_std_val,user_attrs_max_error_t_critical_val,user_attrs_median_ae_ci_lower_val,user_attrs_median_ae_ci_upper_val,user_attrs_median_ae_df_val,user_attrs_median_ae_mean_val,user_attrs_median_ae_samperror_val,user_attrs_median_ae_std_val,user_attrs_median_ae_t_critical_val,user_attrs_n_splits_val,user_attrs_r2_below_zero_val,user_attrs_r2_ci_lower_val,user_attrs_r2_ci_upper_val,user_attrs_r2_df_val,user_attrs_r2_mean_val,user_attrs_r2_samperror_val,user_attrs_r2_std_val,user_attrs_r2_t_critical_val,user_attrs_regressor_final,user_attrs_rfe_estimator,user_attrs_rfe_n_features,user_attrs_rfe_selected_features,user_attrs_rho_ci_lower_val,user_attrs_rho_ci_upper_val,user_attrs_rho_df_val,user_attrs_rho_mean_val,user_attrs_rho_samperror_val,user_attrs_rho_std_val,user_attrs_rho_t_critical_val,user_attrs_rmse_ci_lower_val,user_attrs_rmse_ci_upper_val,user_attrs_rmse_df_val,user_attrs_rmse_mean_val,user_attrs_rmse_samperror_val,user_attrs_rmse_std_val,user_attrs_rmse_t_critical_val,user_attrs_termination_reason,user_attrs_use_scaler_final,state
234,0.9920603335835585,2026-06-12 05:56:37.990192,2026-06-12 05:56:40.381306,0 days 00:00:02.391114,,,,,,,,,,,,,,0.00858736031842127,QuantileRegressor,,,,,,4,,,,,,,,False,0.007131478164517049,0.016298263767560127,98.0,0.011714870966038588,0.004583392801521539,0.022980564616860315,1.9844674545084815,0.9819512551234132,1.0021694120437037,98.0,0.9920603335835585,0.0101090784601453,0.050685669073172096,1.9844674545084815,236348224233555.2,326423816642351.9,98.0,281386020437953.53,45037796204398.33,225813939737518.75,1.9844674545084815,3.0149166893065376,3.0874050841122056,98.0,3.0511608867093716,0.03624419740283385,0.18172392296936976,1.9844674545084815,0.9901418891696574,0.9982884362959521,98.0,0.9942151627328047,0.004073273563147394,0.02042288984897461,1.9844674545084815,99.0,0.12121212121212122,0.03702811905043332,0.05050690363502715,98.0,0.043767511342730235,0.006739392292296914,0.033790479402089665,1.9844674545084815,QuantileRegressor,"{'mode': 'original', 'type': 'QuantileRegressor'}",4,"['nodes_T2W40', 'edges_T2W40', 'l2_T2W40', 'l3_T2W40']",0.2027168377155248,0.2692564934513141,98.0,0.23598666558341944,0.03326982786789464,0.1668108020015574,1.9844674545084815,1.2856738447953417,1.3132819294219775,98.0,1.2994778871086596,0.013804042313317975,0.06921176082699464,1.9844674545084815,completed,False,COMPLETE
235,1.0264045321078514,2026-06-12 05:56:40.394786,2026-06-12 05:56:40.593850,0 days 00:00:00.199064,,,,,,,,,,,,,,0.009197217842873013,QuantileRegressor,,,,,,5,,,,,,,,False,,,,,,,,,,,,,,,,,,,,,,,,,,,,,,,,,,,,,,,,,,,,,QuantileRegressor,"{'mode': 'original', 'type': 'QuantileRegressor'}",5,"['nodes_T2W40', 'edges_T2W40', 'l2_T2W40', 'l3_T2W40', 'lsc_T2W40']",,,,,,,,,,,,,,,pruned,False,PRUNED
236,1.0361871360890063,2026-06-12 05:56:40.604635,2026-06-12 05:56:40.795570,0 days 00:00:00.190935,,,,,,,,,,,,,,0.016114776635984554,QuantileRegressor,,,,,,4,,,,,,,,False,,,,,,,,,,,,,,,,,,,,,,,,,,,,,,,,,,,,,,,,,,,,,QuantileRegressor,"{'mode': 'original', 'type': 'QuantileRegressor'}",4,"['edges_T2W40', 're_T2W40', 'l3_T2W40', 'lsc_T2W40']",,,,,,,,,,,,,,,pruned,False,PRUNED
237,0.9920732930551648,2026-06-12 05:56:40.806115,2026-06-12 05:56:43.145205,0 days 00:00:02.339090,,,,,,,,,,,,,,0.008508251862021766,QuantileRegressor,,,,,,4,,,,,,,,False,0.007119423894146636,0.016284962550005156,98.0,0.011702193222075895,0.00458276932792926,0.022977438597382008,1.9844674545084815,0.9819635730817847,1.002183013028545,98.0,0.9920732930551648,0.010109719973380107,0.05068888554118682,1.9844674545084815,236354178695595.38,326429456485320.44,98.0,281391817590457.9,45037638894862.55,225813151006962.9,1.9844674545084815,3.014876169707718,3.087375780885149,98.0,3.0511259752964337,0.0362498055887157,0.18175204171974144,1.9844674545084815,0.9901447570023789,0.9982924867229164,98.0,0.9942186218626476,0.004073864860268746,0.020425854539607383,1.9844674545084815,99.0,0.12121212121212122,0.037024225644876826,0.050501617795284004,98.0,0.043762921720080415,0.006738696075203586,0.03378698865569427,1.9844674545084815,QuantileRegressor,"{'mode': 'original', 'type': 'QuantileRegressor'}",4,"['nodes_T2W40', 'edges_T2W40', 'l2_T2W40', 'l3_T2W40']",0.21147291058510628,0.27378676537780383,96.0,0.24262983798145504,0.031156927396348767,0.1545907167559257,1.984984311522457,1.285677142076974,1.3132849715371857,98.0,1.2994810568070798,0.013803914730105822,0.06921112114054884,1.9844674545084815,completed,False,COMPLETE
238,1.026550579955236,2026-06-12 05:56:43.158315,2026-06-12 05:56:43.354800,0 days 00:00:00.196485,,,,,,,,,,,,,,0.010386787353357801,QuantileRegressor,,,,,,5,,,,,,,,False,,,,,,,,,,,,,,,,,,,,,,,,,,,,,,,,,,,,,,,,,,,,,QuantileRegressor,"{'mode': 'original', 'type': 'QuantileRegressor'}",5,"['nodes_T2W40', 'edges_T2W40', 'l2_T2W40', 'l3_T2W40', 'lsc_T2W40']",,,,,,,,,,,,,,,pruned,False,PRUNED
239,0.9922430300667978,2026-06-12 05:56:43.364653,2026-06-12 05:56:45.753166,0 days 00:00:02.388513,,,,,,,,,,,,,,0.007626127815059109,QuantileRegressor,,,,,,4,,,,,,,,False,0.006916793955800222,0.01614690981230109,98.0,0.011531851884050655,0.004615057928250433,0.023139329645825945,1.9844674545084815,0.9821205630844111,1.0023654970491844,98.0,0.9922430300667978,0.010122466982386677,0.05075279746775135,1.9844674545084815,235957721989102.75,325956256181662.0,98.0,280956989085382.38,44999267096279.64,225620759554825.8,1.9844674545084815,3.015534670556335,3.0896983070504223,98.0,3.0526164888033787,0.03708181824704344,0.1859236502823763,1.9844674545084815,0.9903359213808851,0.9986667559367093,98.0,0.9945013386587972,0.004165417277912066,0.02088488703814944,1.9844674545084815,99.0,0.12121212121212122,0.037177010628490256,0.05079259942987614,98.0,0.0439848050291832,0.00680779440069294,0.03413343911337658,1.9844674545084815,QuantileRegressor,"{'mode': 'original', 'type': 'QuantileRegressor'}",4,"['nodes_T2W40', 'edges_T2W40', 'l2_T2W40', 'l3_T2W40']",0.19689683127694527,0.2653522499481399,98.0,0.23112454061254256,0.0342277093355973,0.17161350120650587,1.9844674545084815,1.2855359804282984,1.313095494690721,98.0,1.2993157375595097,0.013779757131211372,0.06908999792758795,1.9844674545084815,completed,False,COMPLETE
240,1.0019729959467147,2026-06-12 05:56:45.766406,2026-06-12 05:56:46.051228,0 days 00:00:00.284822,,,,,,,,,,,,,,0.00594754509428153,QuantileRegressor,,,,,,4,,,,,,,,False,,,,,,,,,,,,,,,,,,,,,,,,,,,,,,,,,,,,,,,,,,,,,QuantileRegressor,"{'mode': 'original', 'type': 'QuantileRegressor'}",4,"['nodes_T2W40', 'edges_T2W40', 'l2_T2W40', 'l3_T2W40']",,,,,,,,,,,,,,,pruned,False,PRUNED
241,0.9920892219116421,2026-06-12 05:56:46.060997,2026-06-12 05:56:48.270681,0 days 00:00:02.209684,,,,,,,,,,,,,,0.008301804423329952,QuantileRegressor,,,,,,4,,,,,,,,False,0.007101464117472016,0.016270473211998298,98.0,0.011685968664735157,0.004584504547263142,0.02298613877250413,1.9844674545084815,0.981980136644712,1.002198307178572,98.0,0.9920892219116421,0.010109085266930093,0.05068570320154916,1.9844674545084815,236357157002264.0,326432232461910.8,98.0,281394694732087.4,45037537729823.4,225812643777969.06,1.9844674545084815,3.0147832164399695,3.0872771528337584,98.0,3.051030184636864,0.036246968196894463,0.18173781538808828,1.9844674545084815,0.9902543221926287,0.998340107750545,98.0,0.9942972149715869,0.004042892778958248,0.020270564354651327,1.9844674545084815,99.0,0.12121212121212122,0.03702729766749306,0.05050509675892745,98.0,0.043766197213210255,0.006738899545717192,0.03378800883168355,1.9844674545084815,QuantileRegressor,"{'mode': 'original', 'type': 'QuantileRegressor'}",4,"['nodes_T2W40', 'edges_T2W40', 'l2_T2W40', 'l3_T2W40']",0.2010911190450736,0.2670412421087376,97.0,0.2340661805769056,0.03297506153183198,0.16447455089413596,1.9847231860139845,1.285674822104936,1.3132828422846108,98.0,1.2994788321947734,0.013804010089837369,0.0692115992624484,1.9844674545084815,completed,False,COMPLETE
242,1.0146711671803619,2026-06-12 05:56:48.320599,2026-06-12 05:56:48.548836,0 days 00:00:00.228237,,,,,,,,,,,,,,0.010894191412090335,QuantileRegressor,,,,,,4,,,,,,,,False,,,,,,,,,,,,,,,,,,,,,,,,,,,,,,,,,,,,,,,,,,,,,QuantileRegressor,"{'mode': 'original', 'type': 'QuantileRegressor'}",4,"['edges_T2W40', 're_T2W40', 'l2_T2W40', 'l3_T2W40']",,,,,,,,,,,,,,,pruned,False,PRUNED
243,1.0016339959174934,2026-06-12 05:56:48.558570,2026-06-12 05:56:48.844664,0 days 00:00:00.286094,,,,,,,,,,,,,,0.007105539926627399,QuantileRegressor,,,,,,5,,,,,,,,False,,,,,,,,,,,,,,,,,,,,,,,,,,,,,,,,,,,,,,,,,,,,,QuantileRegressor,"{'mode': 'original', 'type': 'QuantileRegressor'}",5,"['nodes_T2W40', 'edges_T2W40', 'l2_T2W40', 'l3_T2W40', 'diameter_T2W40']",,,,,,,,,,,,,,,pruned,False,PRUNED
244,1.0334765260847316,2026-06-12 05:56:48.854734,2026-06-12 05:56:49.042722,0 days 00:00:00.187988,,,,,,,,,,,,,,0.013570968043611437,QuantileRegressor,,,,,,4,,,,,,,,False,,,,,,,,,,,,,,,,,,,,,,,,,,,,,,,,,,,,,,,,,,,,,QuantileRegressor,"{'mode': 'original', 'type': 'QuantileRegressor'}",4,"['edges_T2W40', 're_T2W40', 'l3_T2W40', 'lsc_T2W40']",,,,,,,,,,,,,,,pruned,False,PRUNED
245,1.0027938743682585,2026-06-12 05:56:49.053375,2026-06-12 05:56:49.351056,0 days 00:00:00.297681,,,,,,,,,,,,,,0.00497554197910902,QuantileRegressor,,,,,,5,,,,,,,,False,,,,,,,,,,,,,,,,,,,,,,,,,,,,,,,,,,,,,,,,,,,,,QuantileRegressor,"{'mode': 'original', 'type': 'QuantileRegressor'}",5,"['nodes_T2W40', 'edges_T2W40', 'l2_T2W40', 'l3_T2W40', 'lcc_T2W40']",,,,,,,,,,,,,,,pruned,False,PRUNED
246,0.9923865774682177,2026-06-12 05:56:49.360631,2026-06-12 05:56:51.552532,0 days 00:00:02.191901,,,,,,,,,,,,,,0.007400755611905499,QuantileRegressor,,,,,,4,,,,,,,,False,0.0067498157248805975,0.0160315649126476,98.0,0.0113906903187641,0.004640874593883503,0.023268771214215125,1.9844674545084815,0.9822436078356209,1.0025295471008144,98.0,0.9923865774682177,0.01014296963259672,0.050855595220065386,1.9844674545084815,236044497855803.22,326079558681301.4,98.0,281062028268552.3,45017530412749.086,225712329564733.1,1.9844674545084815,3.0140986402972842,3.088952649305801,98.0,3.0515256448015426,0.03742700450425851,0.18765437148221537,1.9844674545084815,0.9905312723553097,0.9989640531070321,98.0,0.9947476627311709,0.004216390375861213,0.021140459846736362,1.9844674545084815,99.0,0.12121212121212122,0.03721457476357151,0.05094235339995955,98.0,0.04407846408176553,0.00686388931819402,0.034414692091712426,1.9844674545084815,QuantileRegressor,"{'mode': 'original', 'type': 'QuantileRegressor'}",4,"['nodes_T2W40', 'edges_T2W40', 'l2_T2W40', 'l3_T2W40']",0.21270806401424835,0.27436144138916985,96.0,0.2435347527017091,0.03082668868746076,0.15295217781856144,1.984984311522457,1.2854438989039094,1.313061192315542,98.0,1.2992525456097257,0.013808646705816253,0.06923484668149373,1.9844674545084815,completed,False,COMPLETE
247,0.9917325610563068,2026-06-12 05:56:51.565406,2026-06-12 05:56:53.926047,0 days 00:00:02.360641,,,,,,,,,,,,,,0.009459019627841517,QuantileRegressor,,,,,,4,,,,,,,,False,0.007655648307397581,0.016452177907726795,98.0,0.012053913107562188,0.004398264800164607,0.022052355715331984,1.9844674545084815,0.981654101538282,1.0018110205743316,98.0,0.9917325610563068,0.010078459518024753,0.05053214948443696,1.9844674545084815,236428453998787.3,326608118822652.3,98.0,281518286410719.8,45089832411932.49,226074842846075.88,1.9844674545084815,3.014819001141609,3.0872189586890735,98.0,3.0510189799153413,0.03619997877373202,0.1815022162321671,1.9844674545084815,0.990648000104079,0.9985450752026145,98.0,0.9945965376533468,0.003948537549267716,0.019797478903166094,1.9844674545084815,99.0,0.1111111111111111,0.03695749482138322,0.04974732345483071,98.0,0.043352409138106965,0.0063949143167237495,0.032063309438800376,1.9844674545084815,QuantileRegressor,"{'mode': 'original', 'type': 'QuantileRegressor'}",4,"['nodes_T2W40', 'edges_T2W40', 'l2_T2W40', 'l3_T2W40']",0.19248206221061875,0.26237692383383654,98.0,0.22742949302222765,0.03494743081160889,0.1752220956695717,1.9844674545084815,1.2860214470934914,1.3135554522112547,98.0,1.299788449652373,0.013767002558881584,0.06902604807945628,1.9844674545084815,completed,False,COMPLETE
248,1.0207826110074356,2026-06-12 05:56:53.955708,2026-06-12 05:56:54.232545,0 days 00:00:00.276837,,,,,,,,,,,,,,0.012505220383514115,QuantileRegressor,,,,,,5,,,,,,,,False,,,,,,,,,,,,,,,,,,,,,,,,,,,,,,,,,,,,,,,,,,,,,QuantileRegressor,"{'mode': 'original', 'type': 'QuantileRegressor'}",5,"['edges_T2W40', 're_T2W40', 'l2_T2W40', 'l3_T2W40', 'lsc_T2W40']",,,,,,,,,,,,,,,pruned,False,PRUNED
249,1.0023305056871568,2026-06-12 05:56:54.242977,2026-06-12 05:56:54.523765,0 days 00:00:00.280788,,,,,,,,,,,,,,0.005055506674790586,QuantileRegressor,,,,,,4,,,,,,,,False,,,,,,,,,,,,,,,,,,,,,,,,,,,,,,,,,,,,,,,,,,,,,QuantileRegressor,"{'mode': 'original', 'type': 'QuantileRegressor'}",4,"['nodes_T2W40', 'edges_T2W40', 'l2_T2W40', 'l3_T2W40']",,,,,,,,,,,,,,,pruned,False,PRUNED
250,1.039565888115841,2026-06-12 05:56:54.533699,2026-06-12 05:56:54.730309,0 days 00:00:00.196610,,,,,,,,,,,,,,0.017719474708635642,QuantileRegressor,,,,,,4,,,,,,,,False,,,,,,,,,,,,,,,,,,,,,,,,,,,,,,,,,,,,,,,,,,,,,QuantileRegressor,"{'mode': 'original', 'type': 'QuantileRegressor'}",4,"['edges_T2W40', 're_T2W40', 'l3_T2W40', 'lsc_T2W40']",,,,,,,,,,,,,,,pruned,False,PRUNED
251,0.9931515459080451,2026-06-12 05:56:54.742091,2026-06-12 05:56:57.066829,0 days 00:00:02.324738,,,,,,,,,,,,,,0.00912164452653793,QuantileRegressor,,,,,,5,,,,,,,,False,0.005816200853036806,0.015438378965386034,98.0,0.01062728990921142,0.004811089056174614,0.02412220547542583,1.9844674545084815,0.9829432265671705,1.0033598652489197,98.0,0.9931515459080451,0.010208319340874671,0.05118325057469174,1.9844674545084815,236528432557280.44,326678514980541.94,98.0,281603473768911.2,45075041211630.766,226000681597190.12,1.9844674545084815,3.0144134111895333,3.087708236899865,98.0,3.0510608240446992,0.03664741285516584,0.18374559537627233,1.9844674545084815,0.987661811053843,0.9968401627613684,98.0,0.9922509869076057,0.004589175853762768,0.023009560125529818,1.9844674545084815,99.0,0.1111111111111111,0.036165541530921115,0.05001017653104945,98.0,0.04308785903098528,0.00692231750006417,0.034707643769008534,1.9844674545084815,QuantileRegressor,"{'mode': 'original', 'type': 'QuantileRegressor'}",5,"['nodes_T2W40', 'edges_T2W40', 'l2_T2W40', 'l3_T2W40', 'diameter_T2W40']",0.20810136788795575,0.26478874735192415,97.0,0.23644505761993995,0.028343689731984215,0.1413739784791796,1.9847231860139845,1.286076042568446,1.3137902864148114,98.0,1.2999331644916288,0.013857121923182641,0.06947789542578525,1.9844674545084815,completed,False,COMPLETE
252,1.0019729959467147,2026-06-12 05:56:57.079636,2026-06-12 05:56:57.356352,0 days 00:00:00.276716,,,,,,,,,,,,,,0.00586846460562095,QuantileRegressor,,,,,,4,,,,,,,,False,,,,,,,,,,,,,,,,,,,,,,,,,,,,,,,,,,,,,,,,,,,,,QuantileRegressor,"{'mode': 'original', 'type': 'QuantileRegressor'}",4,"['nodes_T2W40', 'edges_T2W40', 'l2_T2W40', 'l3_T2W40']",,,,,,,,,,,,,,,pruned,False,PRUNED
253,1.0148844359716658,2026-06-12 05:56:57.366017,2026-06-12 05:56:57.591927,0 days 00:00:00.225910,,,,,,,,,,,,,,0.011408191173732643,QuantileRegressor,,,,,,4,,,,,,,,False,,,,,,,,,,,,,,,,,,,,,,,,,,,,,,,,,,,,,,,,,,,,,QuantileRegressor,"{'mode': 'original', 'type': 'QuantileRegressor'}",4,"['edges_T2W40', 're_T2W40', 'l2_T2W40', 'l3_T2W40']",,,,,,,,,,,,,,,pruned,False,PRUNED
254,0.9912140751882386,2026-06-12 05:56:57.601517,2026-06-12 05:56:59.809337,0 days 00:00:02.207820,,,,,,,,,,,,,,0.0059816899046339946,QuantileRegressor,,,,,,3,,,,,,,,False,0.008047071913583533,0.0170256042803152,98.0,0.012536338096949366,0.004489266183365833,0.022508625395335238,1.9844674545084815,0.981229117813312,1.001199032563165,98.0,0.9912140751882386,0.009984957374926516,0.050063341303612785,1.9844674545084815,234550520924078.94,324015482893814.4,98.0,279283001908946.66,44732480984867.71,224283126989240.84,1.9844674545084815,3.011006250819111,3.0834091805310915,98.0,3.047207715675101,0.03620146485599047,0.18150966726480713,1.9844674545084815,0.9927874839324863,0.9994476855846307,98.0,0.9961175847585585,0.0033301008260721962,0.01669671366346941,1.9844674545084815,99.0,0.1111111111111111,0.03773472635348572,0.051534523580783365,98.0,0.044634624967134544,0.006899898613648818,0.03459523824536784,1.9844674545084815,QuantileRegressor,"{'mode': 'original', 'type': 'QuantileRegressor'}",3,"['edges_T2W40', 'l2_T2W40', 'l3_T2W40']",0.2196264471103023,0.28476307971412007,97.0,0.2521947634122112,0.032568316301908894,0.16244576805303798,1.9847231860139845,1.2850584405731516,1.3126849558111031,98.0,1.2988716981921273,0.013813257618975746,0.06925796522978164,1.9844674545084815,completed,False,COMPLETE
255,0.9925530447876587,2026-06-12 05:56:59.821900,2026-06-12 05:57:02.123798,0 days 00:00:02.301898,,,,,,,,,,,,,,0.0030737976485653742,QuantileRegressor,,,,,,3,,,,,,,,False,0.006114619680430879,0.016280588657740066,98.0,0.011197604169085473,0.005082984488654594,0.025485455544907363,1.9844674545084815,0.9823111846291819,1.0027949049461355,98.0,0.9925530447876587,0.010241860158476793,0.05135142008570375,1.9844674545084815,234400844704484.0,324248201674976.7,98.0,279324523189730.34,44923678485246.35,225241767608167.3,1.9844674545084815,3.025661849895672,3.11662322358138,98.0,3.071142536738526,0.04548068684285408,0.22803453862048076,1.9844674545084815,0.9892229604104459,0.9969800127015822,98.0,0.993101486556014,0.0038785261455681857,0.01944645038427065,1.9844674545084815,99.0,0.12121212121212122,0.03662295433046077,0.052261426724307836,98.0,0.0444421905273843,0.007819236196923533,0.03920468318103631,1.9844674545084815,QuantileRegressor,"{'mode': 'original', 'type': 'QuantileRegressor'}",3,"['edges_T2W40', 'l2_T2W40', 'z_l1_T2W40']",0.2447591333856284,0.3031648853384322,98.0,0.2739620093620303,0.029202875976401897,0.14641960823237285,1.9844674545084815,1.2850259959685835,1.3127914843945965,98.0,1.29890874018159,0.013882744213006575,0.0696063624179085,1.9844674545084815,completed,False,COMPLETE
256,0.992013417587256,2026-06-12 05:57:02.136949,2026-06-12 05:57:04.482322,0 days 00:00:02.345373,,,,,,,,,,,,,,0.005270845365708525,QuantileRegressor,,,,,,3,,,,,,,,False,0.007155092881293348,0.016248038281119873,98.0,0.011701565581206611,0.004546472699913263,0.022795451793803042,1.9844674545084815,0.9821522652183694,1.0018745699561427,98.0,0.992013417587256,0.009861152368886638,0.04944259831596274,1.9844674545084815,234572240739512.56,324115655403480.56,98.0,279343948071496.56,44771707331984.016,224479803042030.94,1.9844674545084815,3.0105432063199,3.0824050855120397,98.0,3.04647414591597,0.03593093959606985,0.18015328707107053,1.9844674545084815,0.9894516315240621,0.9979776179429353,98.0,0.9937146247334987,0.004262993209436533,0.021374120690282408,1.9844674545084815,99.0,0.13131313131313133,0.03744973459898665,0.0517458767680266,98.0,0.044597805683506624,0.007148071084519974,0.03583954431948115,1.9844674545084815,QuantileRegressor,"{'mode': 'original', 'type': 'QuantileRegressor'}",3,"['edges_T2W40', 'l2_T2W40', 'l3_T2W40']",0.23117045636766811,0.2897676228329241,97.0,0.2604690396002961,0.029298583232628,0.14613684084771542,1.9847231860139845,1.285081142068556,1.3126328981553081,98.0,1.298857020111932,0.013775878043376015,0.06907054866096055,1.9844674545084815,completed,False,COMPLETE
