number,value,datetime_start,datetime_complete,duration,params_dt_max_depth,params_dt_min_samples_leaf,params_dt_min_samples_split,params_elastic_alpha,params_elastic_l1_ratio,params_et_max_depth,params_et_max_features,params_et_min_samples_leaf,params_et_min_samples_split,params_et_n_estimators,params_knn_metric,params_knn_n_neighbors,params_knn_weights,params_quantile_alpha,params_regressor,params_rf_max_depth,params_rf_max_features,params_rf_min_samples_leaf,params_rf_min_samples_split,params_rf_n_estimators,params_rfe_n_features,params_rfe_proxy_et_max_depth,params_rfe_proxy_et_min_samples_leaf,params_rfe_proxy_et_min_samples_split,params_rfe_proxy_et_n_estimators,params_rfe_proxy_lsvr_C,params_rfe_proxy_lsvr_epsilon,params_rfe_proxy_type,params_use_scaler,user_attrs_d2mae_ci_lower_val,user_attrs_d2mae_ci_upper_val,user_attrs_d2mae_df_val,user_attrs_d2mae_mean_val,user_attrs_d2mae_samperror_val,user_attrs_d2mae_std_val,user_attrs_d2mae_t_critical_val,user_attrs_mae_ci_lower_val,user_attrs_mae_ci_upper_val,user_attrs_mae_df_val,user_attrs_mae_mean_val,user_attrs_mae_samperror_val,user_attrs_mae_std_val,user_attrs_mae_t_critical_val,user_attrs_mape_ci_lower_val,user_attrs_mape_ci_upper_val,user_attrs_mape_df_val,user_attrs_mape_mean_val,user_attrs_mape_samperror_val,user_attrs_mape_std_val,user_attrs_mape_t_critical_val,user_attrs_max_error_ci_lower_val,user_attrs_max_error_ci_upper_val,user_attrs_max_error_df_val,user_attrs_max_error_mean_val,user_attrs_max_error_samperror_val,user_attrs_max_error_std_val,user_attrs_max_error_t_critical_val,user_attrs_median_ae_ci_lower_val,user_attrs_median_ae_ci_upper_val,user_attrs_median_ae_df_val,user_attrs_median_ae_mean_val,user_attrs_median_ae_samperror_val,user_attrs_median_ae_std_val,user_attrs_median_ae_t_critical_val,user_attrs_n_splits_val,user_attrs_r2_below_zero_val,user_attrs_r2_ci_lower_val,user_attrs_r2_ci_upper_val,user_attrs_r2_df_val,user_attrs_r2_mean_val,user_attrs_r2_samperror_val,user_attrs_r2_std_val,user_attrs_r2_t_critical_val,user_attrs_regressor_final,user_attrs_rfe_estimator,user_attrs_rfe_n_features,user_attrs_rfe_selected_features,user_attrs_rho_ci_lower_val,user_attrs_rho_ci_upper_val,user_attrs_rho_df_val,user_attrs_rho_mean_val,user_attrs_rho_samperror_val,user_attrs_rho_std_val,user_attrs_rho_t_critical_val,user_attrs_rmse_ci_lower_val,user_attrs_rmse_ci_upper_val,user_attrs_rmse_df_val,user_attrs_rmse_mean_val,user_attrs_rmse_samperror_val,user_attrs_rmse_std_val,user_attrs_rmse_t_critical_val,user_attrs_termination_reason,user_attrs_use_scaler_final,state
200,0.998178352990013,2026-06-12 05:55:35.818690,2026-06-12 05:55:38.315505,0 days 00:00:02.496815,,,,,,,,,,,,,,0.0017779667017776173,QuantileRegressor,,,,,,4,,,,,,,,False,-0.0004095744685659779,0.011741793516485126,98.0,0.005666109523959574,0.006075683992525552,0.03046272807678781,1.9844674545084815,0.9871112877267713,1.0092454182532549,98.0,0.998178352990013,0.011067065263241785,0.055488896416756944,1.9844674545084815,233109528175983.2,322510976501489.94,98.0,277810252338736.56,44700724162753.38,224123902210953.88,1.9844674545084815,3.0224842835581156,3.115666633969726,98.0,3.069075458763921,0.046591175205805316,0.23360238992325383,1.9844674545084815,0.983680855897018,0.9933285761832771,98.0,0.9885047160401476,0.004823860143129551,0.02418623812584542,1.9844674545084815,99.0,0.16161616161616163,0.034490730165191906,0.05081504491629419,98.0,0.04265288754074305,0.008162157375551142,0.04092404755699064,1.9844674545084815,QuantileRegressor,"{'mode': 'original', 'type': 'QuantileRegressor'}",4,"['edges_T2W40', 'l1_T2W40', 'asp_T2W40', 'z_l1_T2W40']",0.2263171997810233,0.28276776113369323,98.0,0.2545424804573583,0.028225280676334976,0.14151806631022537,1.9844674545084815,1.2863067162957418,1.31376556100977,98.0,1.300036138652756,0.013729422357014116,0.06883762559534291,1.9844674545084815,completed,False,COMPLETE
201,0.9960181075613537,2026-06-12 05:55:38.330123,2026-06-12 05:55:40.573583,0 days 00:00:02.243460,,,,,,,,,,,,,,0.0008703209479464367,QuantileRegressor,,,,,,3,,,,,,,,False,0.0021222142151719877,0.013531781754454148,98.0,0.007826997984813068,0.005704783769641081,0.028603080233475107,1.9844674545084815,0.985117374625214,1.0069188404974934,98.0,0.9960181075613537,0.010900732936139705,0.05465492670122805,1.9844674545084815,232975901350566.75,322344063852646.1,98.0,277659982601606.44,44684081251039.67,224040456710074.56,1.9844674545084815,3.017847239534954,3.11267925790133,98.0,3.065263248718142,0.04741600918318808,0.23773800546751483,1.9844674545084815,0.9846594323830669,0.9940263858477496,98.0,0.9893429091154082,0.004683476732341367,0.023482373067262148,1.9844674545084815,99.0,0.13131313131313133,0.036967915580716645,0.053315083878513816,98.0,0.04514149972961523,0.008173584148898587,0.04098133998525165,1.9844674545084815,QuantileRegressor,"{'mode': 'original', 'type': 'QuantileRegressor'}",3,"['edges_T2W40', 'l1_T2W40', 'z_l1_T2W40']",0.23879619751093922,0.29405261390762777,98.0,0.2664244057092835,0.027628208198344262,0.1385244187535814,1.9844674545084815,1.2846480180101485,1.3120212810920096,98.0,1.298334649551079,0.013686631540930597,0.06862307773601717,1.9844674545084815,completed,False,COMPLETE
202,0.9907647793242734,2026-06-12 05:55:40.586840,2026-06-12 05:55:42.880102,0 days 00:00:02.293262,,,,,,,,,,,,,,0.00798511947299233,QuantileRegressor,,,,,,3,,,,,,,,False,0.008646202603776278,0.017371336060593427,98.0,0.013008769332184852,0.004362566728408576,0.02187336999880896,1.9844674545084815,0.9807430754052,1.0007864832433468,98.0,0.9907647793242734,0.010021703919073447,0.05024758393102506,1.9844674545084815,235726876144996.97,325468726668487.25,98.0,280597801406742.1,44870925261745.13,224977269470234.4,1.9844674545084815,3.0120687764104432,3.083673091923514,98.0,3.0478709341669785,0.03580215775653531,0.17950759085583035,1.9844674545084815,0.9934744427739858,0.999477124412539,98.0,0.9964757835932624,0.0030013408192766425,0.015048351651577998,1.9844674545084815,99.0,0.10101010101010101,0.037254746033707334,0.05031393686267946,98.0,0.043784341448193397,0.0065295954144860635,0.032738583805153855,1.9844674545084815,QuantileRegressor,"{'mode': 'original', 'type': 'QuantileRegressor'}",3,"['edges_T2W40', 'l2_T2W40', 'l3_T2W40']",0.2350293553124616,0.2928155725459244,96.0,0.263922463929193,0.028893108616731375,0.14335837143205432,1.984984311522457,1.2856511963931228,1.3133557490998595,98.0,1.2995034727464911,0.01385227635336839,0.06945360033805353,1.9844674545084815,completed,False,COMPLETE
203,0.9903968260779652,2026-06-12 05:55:42.892951,2026-06-12 05:55:45.132083,0 days 00:00:02.239132,,,,,,,,,,,,,,0.009012050831836711,QuantileRegressor,,,,,,3,,,,,,,,False,0.00925352497903377,0.017550465670852316,98.0,0.013401995324943043,0.004148470345909272,0.020799917217142944,1.9844674545084815,0.9803583488291551,1.0004353033267754,98.0,0.9903968260779652,0.010038477248810157,0.050331683331741144,1.9844674545084815,236220100674787.75,326333911284282.1,98.0,281277005979534.94,45056905304747.195,225909750403187.97,1.9844674545084815,3.0127714656796933,3.0842713530226695,98.0,3.0485214093511814,0.035749943671488205,0.1792457958914239,1.9844674545084815,0.9933441416033542,0.9992967183361043,98.0,0.9963204299697292,0.002976288366375067,0.01492274175130404,1.9844674545084815,99.0,0.10101010101010101,0.03727765817043137,0.049681509052079575,98.0,0.04347958361125547,0.006201925440824106,0.0310956870845752,1.9844674545084815,QuantileRegressor,"{'mode': 'original', 'type': 'QuantileRegressor'}",3,"['edges_T2W40', 'l2_T2W40', 'l3_T2W40']",0.21419712207156177,0.281938221875747,97.0,0.2480676719736544,0.03387054990209262,0.16894110958083808,1.9847231860139845,1.2858361391024353,1.3136977592054977,98.0,1.2997669491539665,0.013930810051531193,0.06984735858732079,1.9844674545084815,completed,False,COMPLETE
204,0.9903968260779652,2026-06-12 05:55:45.144510,2026-06-12 05:55:47.390337,0 days 00:00:02.245827,,,,,,,,,,,,,,0.00902599891931151,QuantileRegressor,,,,,,3,,,,,,,,False,0.009253524979033846,0.01755046567085236,98.0,0.013401995324943104,0.004148470345909257,0.02079991721714287,1.9844674545084815,0.9803583488291551,1.0004353033267754,98.0,0.9903968260779652,0.010038477248810152,0.05033168333174112,1.9844674545084815,236220100674787.75,326333911284282.1,98.0,281277005979534.94,45056905304747.195,225909750403187.97,1.9844674545084815,3.0127714656796942,3.0842713530226704,98.0,3.0485214093511823,0.03574994367148826,0.17924579589142414,1.9844674545084815,0.9933441416033545,0.9992967183361047,98.0,0.9963204299697296,0.0029762883663750767,0.014922741751304086,1.9844674545084815,99.0,0.10101010101010101,0.03727765817043136,0.04968150905207957,98.0,0.043479583611255465,0.006201925440824105,0.031095687084575198,1.9844674545084815,QuantileRegressor,"{'mode': 'original', 'type': 'QuantileRegressor'}",3,"['edges_T2W40', 'l2_T2W40', 'l3_T2W40']",0.20442315723822646,0.2773075184417013,98.0,0.2408653378399639,0.03644218060173743,0.18271658624142142,1.9844674545084815,1.2858361391024353,1.3136977592054977,98.0,1.2997669491539665,0.013930810051531189,0.06984735858732077,1.9844674545084815,completed,False,COMPLETE
205,1.015680622767223,2026-06-12 05:55:47.402848,2026-06-12 05:55:47.674097,0 days 00:00:00.271249,,,,,,,,,,,,,,0.010696093685578337,QuantileRegressor,,,,,,4,,,,,,,,False,,,,,,,,,,,,,,,,,,,,,,,,,,,,,,,,,,,,,,,,,,,,,QuantileRegressor,"{'mode': 'original', 'type': 'QuantileRegressor'}",4,"['nodes_T2W40', 'edges_T2W40', 'l2_T2W40', 'l3_T2W40']",,,,,,,,,,,,,,,pruned,False,PRUNED
206,0.9924379193406191,2026-06-12 05:55:47.684853,2026-06-12 05:55:50.025225,0 days 00:00:02.340372,,,,,,,,,,,,,,0.0037779023366531325,QuantileRegressor,,,,,,3,,,,,,,,False,0.006268055921360808,0.01636085254982213,98.0,0.01131445423559147,0.005046398314230662,0.025302016991451112,1.9844674545084815,0.9822056267428992,1.0026702119383388,98.0,0.9924379193406191,0.010232292597719817,0.05130344951941748,1.9844674545084815,234393538592774.88,324245520332293.06,98.0,279319529462533.97,44925990869759.1,225253361618110.44,1.9844674545084815,3.0256532658256687,3.1164353721152644,98.0,3.0710443189704666,0.04539105314479798,0.22758512634463515,1.9844674545084815,0.9891917106491941,0.996965481368876,98.0,0.993078596009035,0.0038868853598408894,0.019488362450737283,1.9844674545084815,99.0,0.12121212121212122,0.0366764029095563,0.052237281981318745,98.0,0.044456842445437524,0.007780439535881219,0.03901016152107617,1.9844674545084815,QuantileRegressor,"{'mode': 'original', 'type': 'QuantileRegressor'}",3,"['edges_T2W40', 'l2_T2W40', 'z_l1_T2W40']",0.2350617041500736,0.2995587575259138,98.0,0.2673102308379937,0.0322485266879201,0.1616901242032484,1.9844674545084815,1.2850176914636258,1.31279192278775,98.0,1.298904807125688,0.013887115662062147,0.06962828032279711,1.9844674545084815,completed,False,COMPLETE
207,1.0023771592897508,2026-06-12 05:55:50.037787,2026-06-12 05:55:50.328092,0 days 00:00:00.290305,,,,,,,,,,,,,,0.004236981258097572,QuantileRegressor,,,,,,5,,,,,,,,False,,,,,,,,,,,,,,,,,,,,,,,,,,,,,,,,,,,,,,,,,,,,,QuantileRegressor,"{'mode': 'original', 'type': 'QuantileRegressor'}",5,"['nodes_T2W40', 'edges_T2W40', 'l1_T2W40', 'l2_T2W40', 'z_l1_T2W40']",,,,,,,,,,,,,,,pruned,False,PRUNED
208,0.9908382011779813,2026-06-12 05:55:50.338336,2026-06-12 05:55:52.655687,0 days 00:00:02.317351,,,,,,,,,,,,,,0.008537411272604548,QuantileRegressor,,,,,,3,,,,,,,,False,0.008631331202615986,0.017254242848202022,98.0,0.012942787025409004,0.004311455822793019,0.021617106239627197,1.9844674545084815,0.9808111808535336,1.000865221502429,98.0,0.9908382011779813,0.010027020324447732,0.05027423973002021,1.9844674545084815,235943959314463.7,325871265236835.7,98.0,280907612275649.7,44963652961186.016,225442194686346.5,1.9844674545084815,3.012447439970911,3.0839997486119914,98.0,3.0482235942914513,0.035776154320539946,0.17937721284394506,1.9844674545084815,0.993450310540172,0.9994346370273965,98.0,0.9964424737837843,0.0029921632436122497,0.015002336422311222,1.9844674545084815,99.0,0.1111111111111111,0.036941738728721654,0.049716968544486234,98.0,0.043329353636603944,0.006387614907882293,0.03202671110568559,1.9844674545084815,QuantileRegressor,"{'mode': 'original', 'type': 'QuantileRegressor'}",3,"['edges_T2W40', 'l2_T2W40', 'l3_T2W40']",0.22353702404590836,0.28668367730780664,96.0,0.2551103506768575,0.031573326630949146,0.15665675668709794,1.984984311522457,1.2859282450675664,1.3137646435497694,98.0,1.299846444308668,0.01391819924110144,0.06978412954357492,1.9844674545084815,completed,False,COMPLETE
209,0.9902693896239603,2026-06-12 05:55:52.668668,2026-06-12 05:55:54.893883,0 days 00:00:02.225215,,,,,,,,,,,,,,0.00886044559821647,QuantileRegressor,,,,,,3,,,,,,,,False,0.00935439743366693,0.01768853656747837,98.0,0.01352146700057265,0.004167069566905721,0.020893171410802772,1.9844674545084815,0.98025378907469,1.0002849901732305,98.0,0.9902693896239603,0.01001560054927027,0.050216982389717946,1.9844674545084815,236169347959676.34,326245722242979.94,98.0,281207535101328.16,45038187141651.805,225815899848555.22,1.9844674545084815,3.012805101726693,3.0843020546196254,98.0,3.048553578173159,0.03574847644646606,0.17923843940663434,1.9844674545084815,0.9933441416033542,0.9992967183361043,98.0,0.9963204299697292,0.0029762883663750623,0.014922741751304015,1.9844674545084815,99.0,0.10101010101010101,0.037410240247716935,0.04984798894050028,98.0,0.043629114594108606,0.006218874346391669,0.031180666800791353,1.9844674545084815,QuantileRegressor,"{'mode': 'original', 'type': 'QuantileRegressor'}",3,"['edges_T2W40', 'l2_T2W40', 'l3_T2W40']",0.22506941666118907,0.28597689097765444,97.0,0.25552315381942176,0.03045373715823269,0.15189857151026542,1.9847231860139845,1.2857531359140288,1.3135601113424873,98.0,1.299656623628258,0.013903487714229317,0.06971036776741092,1.9844674545084815,completed,False,COMPLETE
210,0.992089221911642,2026-06-12 05:55:54.906783,2026-06-12 05:55:57.146308,0 days 00:00:02.239525,,,,,,,,,,,,,,0.008265221394203217,QuantileRegressor,,,,,,4,,,,,,,,False,0.007101464117472196,0.01627047321199839,98.0,0.011685968664735294,0.004584504547263098,0.02298613877250391,1.9844674545084815,0.9819801366447118,1.002198307178572,98.0,0.992089221911642,0.010109085266930112,0.050685703201549255,1.9844674545084815,236357157002264.2,326432232461910.94,98.0,281394694732087.56,45037537729823.38,225812643777969.0,1.9844674545084815,3.0147832164399695,3.0872771528337584,98.0,3.051030184636864,0.03624696819689452,0.18173781538808856,1.9844674545084815,0.990254322192629,0.9983401077505456,98.0,0.9942972149715873,0.004042892778958258,0.02027056435465138,1.9844674545084815,99.0,0.12121212121212122,0.03702729766749326,0.050505096758927705,98.0,0.043766197213210484,0.006738899545717218,0.03378800883168368,1.9844674545084815,QuantileRegressor,"{'mode': 'original', 'type': 'QuantileRegressor'}",4,"['nodes_T2W40', 'edges_T2W40', 'l2_T2W40', 'l3_T2W40']",0.2188936059527357,0.2786103652777944,95.0,0.24875198561526504,0.029858379662529366,0.14736231255462803,1.9852510035054978,1.285674822104936,1.3132828422846108,98.0,1.2994788321947734,0.013804010089837365,0.06921159926244838,1.9844674545084815,completed,False,COMPLETE
211,0.9922425834902107,2026-06-12 05:55:57.159288,2026-06-12 05:55:59.534156,0 days 00:00:02.374868,,,,,,,,,,,,,,0.007808686453847713,QuantileRegressor,,,,,,4,,,,,,,,False,0.006916927746855259,0.016148892019544878,98.0,0.011532909883200068,0.004615982136344809,0.023143963510901873,1.9844674545084815,0.9821173043344213,1.002367862646,98.0,0.9922425834902107,0.010125279155789329,0.050766897357372845,1.9844674545084815,235957523889471.78,325956292652930.9,98.0,280956908271201.34,44999384381729.56,225621347609565.47,1.9844674545084815,3.015440262520762,3.0896079235517235,98.0,3.0525240930362427,0.03708383051548094,0.18593373954743758,1.9844674545084815,0.9904027676996352,0.9985496794380297,98.0,0.9944762235688325,0.004073455869197325,0.02042380390896072,1.9844674545084815,99.0,0.12121212121212122,0.03710428842340163,0.05072351243276613,98.0,0.04391390042808388,0.006809612004682245,0.034142552354971364,1.9844674545084815,QuantileRegressor,"{'mode': 'original', 'type': 'QuantileRegressor'}",4,"['nodes_T2W40', 'edges_T2W40', 'l2_T2W40', 'l3_T2W40']",0.21848006293502603,0.27717964308555504,97.0,0.24782985301029054,0.02934979007526449,0.14639225272730244,1.9847231860139845,1.2855778042424375,1.3131537362271861,98.0,1.2993657702348118,0.013787965992374397,0.06913115614215885,1.9844674545084815,completed,False,COMPLETE
212,0.9921263021772525,2026-06-12 05:55:59.547455,2026-06-12 05:56:01.813122,0 days 00:00:02.265667,,,,,,,,,,,,,,0.008088626735570134,QuantileRegressor,,,,,,4,,,,,,,,False,0.007045158925762395,0.01624393009607774,98.0,0.011644544510920066,0.0045993855851576716,0.02306075045596876,1.9844674545084815,0.9820274247184112,1.002225179636094,98.0,0.9921263021772525,0.010098877458841353,0.05063452251432943,1.9844674545084815,236362591749844.28,326439856758236.25,98.0,281401224254040.25,45038632504195.97,225818132841267.66,1.9844674545084815,3.0148318026507748,3.0873218207931115,98.0,3.051076811721943,0.03624500907116838,0.18172799257400915,1.9844674545084815,0.9903003169004281,0.9984023782329048,98.0,0.9943513475666664,0.004051030666238402,0.020311366714951803,1.9844674545084815,99.0,0.12121212121212122,0.03699796547265952,0.05050095973549936,98.0,0.04374946260407944,0.00675149713141992,0.033851171568283794,1.9844674545084815,QuantileRegressor,"{'mode': 'original', 'type': 'QuantileRegressor'}",4,"['nodes_T2W40', 'edges_T2W40', 'l2_T2W40', 'l3_T2W40']",0.20636269766970639,0.2720620620725958,98.0,0.2392123798711511,0.03284968220144473,0.16470424359505534,1.9844674545084815,1.2856909024862937,1.3132812261047964,98.0,1.299486064295545,0.013795161809251352,0.06916723507797623,1.9844674545084815,completed,False,COMPLETE
213,0.9920762110736504,2026-06-12 05:56:01.826128,2026-06-12 05:56:04.150533,0 days 00:00:02.324405,,,,,,,,,,,,,,0.008380817188131304,QuantileRegressor,,,,,,4,,,,,,,,False,0.0071171075461800536,0.016281442861000476,98.0,0.011699275203590265,0.004582167657410211,0.022974421895816204,1.9844674545084815,0.9819668076174294,1.0021856145298715,98.0,0.9920762110736504,0.010109403456221076,0.050687298563299385,1.9844674545084815,236354178695595.25,326429456485320.25,98.0,281391817590457.75,45037638894862.516,225813151006962.78,1.9844674545084815,3.01485439274867,3.08732924594788,98.0,3.051091819348275,0.03623742659960472,0.18168997499941547,1.9844674545084815,0.9901887963743229,0.9982996889421089,98.0,0.9942442426582159,0.004055446283892961,0.02033350607573281,1.9844674545084815,99.0,0.12121212121212122,0.03702660970705347,0.0505042590624684,98.0,0.04376543438476094,0.006738824677707461,0.033787633452742695,1.9844674545084815,QuantileRegressor,"{'mode': 'original', 'type': 'QuantileRegressor'}",4,"['nodes_T2W40', 'edges_T2W40', 'l2_T2W40', 'l3_T2W40']",0.21765753474141045,0.2771359582222769,95.0,0.24739674648184365,0.029739211740433202,0.14677417412310897,1.9852510035054978,1.2856753781711485,1.3132833198451714,98.0,1.29947934900816,0.01380397083701141,0.06921140245363397,1.9844674545084815,completed,False,COMPLETE
214,0.9937971990548489,2026-06-12 05:56:04.163537,2026-06-12 05:56:06.420442,0 days 00:00:02.256905,,,,,,,,,,,,,,0.008528575026977665,QuantileRegressor,,,,,,5,,,,,,,,False,0.005033045009401272,0.01490559026691056,98.0,0.009969317638155915,0.004936272628754643,0.024749860425202296,1.9844674545084815,0.9835866025544927,1.004007795555205,98.0,0.9937971990548489,0.010210596500356111,0.05119466797068467,1.9844674545084815,236643733758732.34,326820844033999.1,98.0,281732288896365.75,45088555137633.4,226068438750717.9,1.9844674545084815,3.0136605419887195,3.0870607393433174,98.0,3.0503606406660184,0.036700098677298995,0.18400975557208218,1.9844674545084815,0.9877501604004423,0.9969824313008039,98.0,0.9923662958506231,0.004616135450180855,0.023144732207513417,1.9844674545084815,99.0,0.12121212121212122,0.03562914723705716,0.049776273839083694,98.0,0.042702710538070426,0.0070735633010132705,0.035465971508360436,1.9844674545084815,QuantileRegressor,"{'mode': 'original', 'type': 'QuantileRegressor'}",5,"['nodes_T2W40', 'edges_T2W40', 'l2_T2W40', 'l3_T2W40', 'diameter_T2W40']",0.20281673220532187,0.26017206986091695,96.0,0.2314944010331194,0.028677668827797532,0.14228942804860212,1.984984311522457,1.2863251064849084,1.3140240594081976,98.0,1.300174582946553,0.01384947646164457,0.06943956202725064,1.9844674545084815,completed,False,COMPLETE
215,0.992242583490211,2026-06-12 05:56:06.432961,2026-06-12 05:56:08.740732,0 days 00:00:02.307771,,,,,,,,,,,,,,0.007776742149326555,QuantileRegressor,,,,,,4,,,,,,,,False,0.006916927746855205,0.016148892019544808,98.0,0.011532909883200007,0.004615982136344802,0.023143963510901838,1.9844674545084815,0.9821173043344217,1.0023678626460004,98.0,0.992242583490211,0.010125279155789323,0.050766897357372824,1.9844674545084815,235957523889471.9,325956292652931.06,98.0,280956908271201.47,44999384381729.57,225621347609565.5,1.9844674545084815,3.0154402625207615,3.089607923551724,98.0,3.0525240930362427,0.03708383051548112,0.1859337395474385,1.9844674545084815,0.9904027676996345,0.9985496794380291,98.0,0.9944762235688318,0.004073455869197293,0.02042380390896056,1.9844674545084815,99.0,0.12121212121212122,0.03710428842340154,0.05072351243276608,98.0,0.04391390042808381,0.006809612004682268,0.03414255235497148,1.9844674545084815,QuantileRegressor,"{'mode': 'original', 'type': 'QuantileRegressor'}",4,"['nodes_T2W40', 'edges_T2W40', 'l2_T2W40', 'l3_T2W40']",0.21116673137608585,0.2696274515286909,98.0,0.24039709145238836,0.029230360076302506,0.1465574101099454,1.9844674545084815,1.2855778042424375,1.3131537362271861,98.0,1.2993657702348118,0.013787965992374411,0.06913115614215892,1.9844674545084815,completed,False,COMPLETE
