number,value,datetime_start,datetime_complete,duration,params_dt_max_depth,params_dt_min_samples_leaf,params_dt_min_samples_split,params_elastic_alpha,params_elastic_l1_ratio,params_et_max_depth,params_et_max_features,params_et_min_samples_leaf,params_et_min_samples_split,params_et_n_estimators,params_knn_metric,params_knn_n_neighbors,params_knn_weights,params_quantile_alpha,params_regressor,params_rf_max_depth,params_rf_max_features,params_rf_min_samples_leaf,params_rf_min_samples_split,params_rf_n_estimators,params_rfe_n_features,params_rfe_proxy_et_max_depth,params_rfe_proxy_et_min_samples_leaf,params_rfe_proxy_et_min_samples_split,params_rfe_proxy_et_n_estimators,params_rfe_proxy_lsvr_C,params_rfe_proxy_lsvr_epsilon,params_rfe_proxy_type,params_use_scaler,user_attrs_d2mae_ci_lower_val,user_attrs_d2mae_ci_upper_val,user_attrs_d2mae_df_val,user_attrs_d2mae_mean_val,user_attrs_d2mae_samperror_val,user_attrs_d2mae_std_val,user_attrs_d2mae_t_critical_val,user_attrs_mae_ci_lower_val,user_attrs_mae_ci_upper_val,user_attrs_mae_df_val,user_attrs_mae_mean_val,user_attrs_mae_samperror_val,user_attrs_mae_std_val,user_attrs_mae_t_critical_val,user_attrs_mape_ci_lower_val,user_attrs_mape_ci_upper_val,user_attrs_mape_df_val,user_attrs_mape_mean_val,user_attrs_mape_samperror_val,user_attrs_mape_std_val,user_attrs_mape_t_critical_val,user_attrs_max_error_ci_lower_val,user_attrs_max_error_ci_upper_val,user_attrs_max_error_df_val,user_attrs_max_error_mean_val,user_attrs_max_error_samperror_val,user_attrs_max_error_std_val,user_attrs_max_error_t_critical_val,user_attrs_median_ae_ci_lower_val,user_attrs_median_ae_ci_upper_val,user_attrs_median_ae_df_val,user_attrs_median_ae_mean_val,user_attrs_median_ae_samperror_val,user_attrs_median_ae_std_val,user_attrs_median_ae_t_critical_val,user_attrs_n_splits_val,user_attrs_r2_below_zero_val,user_attrs_r2_ci_lower_val,user_attrs_r2_ci_upper_val,user_attrs_r2_df_val,user_attrs_r2_mean_val,user_attrs_r2_samperror_val,user_attrs_r2_std_val,user_attrs_r2_t_critical_val,user_attrs_regressor_final,user_attrs_rfe_estimator,user_attrs_rfe_n_features,user_attrs_rfe_selected_features,user_attrs_rho_ci_lower_val,user_attrs_rho_ci_upper_val,user_attrs_rho_df_val,user_attrs_rho_mean_val,user_attrs_rho_samperror_val,user_attrs_rho_std_val,user_attrs_rho_t_critical_val,user_attrs_rmse_ci_lower_val,user_attrs_rmse_ci_upper_val,user_attrs_rmse_df_val,user_attrs_rmse_mean_val,user_attrs_rmse_samperror_val,user_attrs_rmse_std_val,user_attrs_rmse_t_critical_val,user_attrs_termination_reason,user_attrs_use_scaler_final,state
165,1.0020994315170584,2026-06-12 05:49:11.288158,2026-06-12 05:49:34.312710,0 days 00:00:23.024552,,,,,,3.0,log2,1.0,2.0,438.0,,,,,ExtraTreesRegressor,,,,,,2,,,,,,,,False,-0.0039091801801968366,0.007276033477629725,98.0,0.0016834266487164439,0.005592606828913281,0.028040638927100247,1.9844674545084815,0.9914983204108803,1.0127005426232365,98.0,1.0020994315170584,0.010601111106178123,0.05315265990407108,1.9844674545084815,235495599806454.25,326821940231033.7,98.0,281158770018743.97,45663170212289.73,228949487664653.03,1.9844674545084815,2.9692803430453822,3.065635300316322,98.0,3.017457821680852,0.04817747863546999,0.2415559191200651,1.9844674545084815,0.8975396248189725,0.9188606048278319,98.0,0.9082001148234022,0.010660490004429687,0.053450378355715686,1.9844674545084815,99.0,0.0707070707070707,0.04712793387107396,0.06286649022417518,98.0,0.05499721204762457,0.007869278176550608,0.03945558747752031,1.9844674545084815,ExtraTreesRegressor,"{'mode': 'original', 'type': 'ExtraTreesRegressor'}",2,"['edges_T2W40', 'lsc_T2W40']",0.216287265509548,0.26576615528411546,98.0,0.24102671039683174,0.02473944488728374,0.12404051680422111,1.9844674545084815,1.277791141554583,1.3056317573441485,98.0,1.2917114494493658,0.013920307894782782,0.06979470207232755,1.9844674545084815,completed,False,COMPLETE
166,0.9960237340661348,2026-06-12 05:49:34.325538,2026-06-12 05:49:57.747373,0 days 00:00:23.421835,,,,,,2.0,log2,1.0,3.0,449.0,,,,,ExtraTreesRegressor,,,,,,3,,,,,,,,False,0.0041233849534992,0.011809159199894812,98.0,0.007966272076697006,0.0038428871231978067,0.019267760734063857,1.9844674545084815,0.9854310172804397,1.0066164508518298,98.0,0.9960237340661348,0.010592716785695074,0.05311057181940783,1.9844674545084815,247887057421158.0,341572885258793.0,98.0,294729971339975.5,46842913918817.5,234864576694377.0,1.9844674545084815,2.9858263937376406,3.0349887104987343,98.0,3.0104075521181874,0.024581158380546895,0.12324688783686845,1.9844674545084815,0.9498489989511996,0.9609108558953996,98.0,0.9553799274232996,0.005530928472100047,0.02773139127463246,1.9844674545084815,99.0,0.0707070707070707,0.03185436018949666,0.041354145539757185,98.0,0.03660425286462692,0.004749892675130264,0.02381537438985079,1.9844674545084815,ExtraTreesRegressor,"{'mode': 'original', 'type': 'ExtraTreesRegressor'}",3,"['edges_T2W40', 'lsc_T2W40', 'z_lsc_T2W40']",0.20762980643741227,0.2548821793509731,98.0,0.2312559928941927,0.023626186456780433,0.11845877672535357,1.9844674545084815,1.2905270354211966,1.3186734351327765,98.0,1.3046002352769865,0.01407319985578997,0.0705612834546079,1.9844674545084815,completed,False,COMPLETE
167,0.9931958662979167,2026-06-12 05:49:57.760821,2026-06-12 05:50:19.427499,0 days 00:00:21.666678,,,,,,2.0,log2,1.0,2.0,413.0,,,,,ExtraTreesRegressor,,,,,,2,,,,,,,,False,0.006143181474453458,0.015304307980122386,98.0,0.010723744727287921,0.004580563252834464,0.022966377609711746,1.9844674545084815,0.9825237543516809,1.0038679782441524,98.0,0.9931958662979167,0.010672111946235692,0.05350864933448879,1.9844674545084815,244933239022427.7,337927773432321.7,98.0,291430506227374.7,46497267204946.984,233131546821818.44,1.9844674545084815,2.9782885434098825,3.050891654722002,98.0,3.014590099065942,0.03630155565605983,0.18201151015677652,1.9844674545084815,0.9334090981838031,0.9473094527313674,98.0,0.9403592754575852,0.006950177273782142,0.0348473292286367,1.9844674545084815,99.0,0.030303030303030304,0.04406908416210738,0.055668534354372856,98.0,0.04986880925824012,0.005799725096132738,0.029079104301830687,1.9844674545084815,ExtraTreesRegressor,"{'mode': 'original', 'type': 'ExtraTreesRegressor'}",2,"['edges_T2W40', 'lsc_T2W40']",0.22452192693695538,0.27156416946068157,98.0,0.24804304819881848,0.023521121261863096,0.11793199283286691,1.9844674545084815,1.2814104739151877,1.3096119330755038,98.0,1.2955112034953458,0.01410072958015798,0.070699314087617,1.9844674545084815,completed,False,COMPLETE
168,1.045488969567937,2026-06-12 05:50:19.441547,2026-06-12 05:50:22.232536,0 days 00:00:02.790989,,,,,,3.0,,1.0,2.0,432.0,,,,,ExtraTreesRegressor,,,,,,3,,,,,,,,False,,,,,,,,,,,,,,,,,,,,,,,,,,,,,,,,,,,,,,,,,,,,,ExtraTreesRegressor,"{'mode': 'original', 'type': 'ExtraTreesRegressor'}",3,"['edges_T2W40', 'lsc_T2W40', 'z_lsc_T2W40']",,,,,,,,,,,,,,,pruned,False,PRUNED
169,0.9932314963314065,2026-06-12 05:50:22.243404,2026-06-12 05:50:44.137264,0 days 00:00:21.893860,,,,,,2.0,log2,1.0,3.0,417.0,,,,,ExtraTreesRegressor,,,,,,2,,,,,,,,False,0.006145726280244509,0.015233900653736952,98.0,0.01068981346699073,0.004544087186746221,0.022783491125832066,1.9844674545084815,0.9825687900199785,1.0038942026428346,98.0,0.9932314963314065,0.010662706311427978,0.05346149064488455,1.9844674545084815,244951350464150.3,337954823765831.7,98.0,291453087114991.0,46501736650840.67,233153956070732.75,1.9844674545084815,2.978364481876487,3.0504037290166446,98.0,3.014384105446566,0.03601962357007868,0.18059793754800835,1.9844674545084815,0.9337447048216866,0.9476082119974883,98.0,0.9406764584095875,0.006931753587900924,0.034754955146333845,1.9844674545084815,99.0,0.030303030303030304,0.04396784287485994,0.055525153975591726,98.0,0.049746498425225834,0.005778655550365894,0.02897346420531046,1.9844674545084815,ExtraTreesRegressor,"{'mode': 'original', 'type': 'ExtraTreesRegressor'}",2,"['edges_T2W40', 'lsc_T2W40']",0.22407597328516823,0.27125391107091446,98.0,0.24766494217804133,0.023588968892873104,0.11827217246312002,1.9844674545084815,1.2814949737803873,1.3096985476679621,98.0,1.2955967607241747,0.014101786943787312,0.07070461557807606,1.9844674545084815,completed,False,COMPLETE
170,1.038814801722673,2026-06-12 05:50:44.191744,2026-06-12 05:50:44.326139,0 days 00:00:00.134395,,,,0.2891802109409697,0.7499202983468637,,,,,,,,,,ElasticNet,,,,,,2,,,,,,,,False,,,,,,,,,,,,,,,,,,,,,,,,,,,,,,,,,,,,,,,,,,,,,ElasticNet,"{'mode': 'original', 'type': 'ElasticNet'}",2,"['lsc_T2W40', 'z_asp_T2W40']",,,,,,,,,,,,,,,pruned,False,PRUNED
171,0.993239355392734,2026-06-12 05:50:44.336837,2026-06-12 05:51:06.233420,0 days 00:00:21.896583,,,,,,2.0,log2,1.0,3.0,415.0,,,,,ExtraTreesRegressor,,,,,,2,,,,,,,,False,0.0061415911868954514,0.015221181148862204,98.0,0.010681386167878828,0.004539794980983377,0.022761970537012104,1.9844674545084815,0.9825806123015107,1.0038980984839574,98.0,0.993239355392734,0.010658743091223303,0.053441619548963176,1.9844674545084815,245023235136991.62,338035856955566.1,98.0,291529546046278.9,46506310909287.25,233176890836823.7,1.9844674545084815,2.9783088588984814,3.050228769953029,98.0,3.0142688144257552,0.03595995552727368,0.1802987693613352,1.9844674545084815,0.933909030633785,0.9477221718180574,98.0,0.9408156012259212,0.00690657059213614,0.034628690720289755,1.9844674545084815,99.0,0.030303030303030304,0.04389090877310905,0.05542396719174426,98.0,0.04965743798242665,0.005766529209317605,0.02891266423112239,1.9844674545084815,ExtraTreesRegressor,"{'mode': 'original', 'type': 'ExtraTreesRegressor'}",2,"['edges_T2W40', 'lsc_T2W40']",0.2241518037037056,0.27119549638582896,98.0,0.24767365004476727,0.023521846341061674,0.11793562829028825,1.9844674545084815,1.2815587153286117,1.309757054813048,98.0,1.2956578850708298,0.014099169742218174,0.070691493253113,1.9844674545084815,completed,False,COMPLETE
172,1.1390593933564357,2026-06-12 05:51:06.246749,2026-06-12 05:51:06.408483,0 days 00:00:00.161734,,,,,,,,,,,manhattan,14.0,distance,,KNeighborsRegressor,,,,,,2,,,,,0.001368347889980237,0.12526388403008487,LinearSVR,,,,,,,,,,,,,,,,,,,,,,,,,,,,,,,,,,,,,,,,,,,,,,KNeighborsRegressor,"{'mode': 'proxy', 'type': 'LinearSVR'}",2,"['edges_T2W40', 'lsc_T2W40']",,,,,,,,,,,,,,,pruned,True,PRUNED
173,0.9960973115049379,2026-06-12 05:51:06.421136,2026-06-12 05:51:28.176558,0 days 00:00:21.755422,,,,,,2.0,log2,1.0,3.0,418.0,,,,,ExtraTreesRegressor,,,,,,3,,,,,,,,False,0.0040628176194597194,0.011723855082839185,98.0,0.007893336351149452,0.0038305187316897324,0.01920574714880807,1.9844674545084815,0.9855073061914212,1.0066873168184545,98.0,0.9960973115049379,0.010590005313516613,0.05309697683326934,1.9844674545084815,247966489372298.6,341691574999618.06,98.0,294829032185958.3,46862542813659.73,234962993545345.94,1.9844674545084815,2.9863351075531046,3.0355260142556597,98.0,3.010930560904382,0.024595453351277646,0.12331856105206074,1.9844674545084815,0.9497577390546296,0.96071901002183,98.0,0.9552383745382298,0.005480635483600254,0.0274792284507063,1.9844674545084815,99.0,0.0707070707070707,0.031596914276497995,0.04113603040889635,98.0,0.03636647234269717,0.00476955806619918,0.02391397422838635,1.9844674545084815,ExtraTreesRegressor,"{'mode': 'original', 'type': 'ExtraTreesRegressor'}",3,"['edges_T2W40', 'lsc_T2W40', 'z_lsc_T2W40']",0.20715671788761475,0.25462247646853164,98.0,0.2308895971780732,0.023732879290458437,0.1189937213972742,1.9844674545084815,1.2906788966126679,1.31884491088163,98.0,1.304761903747149,0.014083007134481169,0.07061045593696721,1.9844674545084815,completed,False,COMPLETE
174,0.9932639462469208,2026-06-12 05:51:28.190766,2026-06-12 05:51:49.780097,0 days 00:00:21.589331,,,,,,2.0,log2,1.0,3.0,413.0,,,,,ExtraTreesRegressor,,,,,,2,,,,,,,,False,0.006110887520623056,0.015201774349975683,98.0,0.01065633093529937,0.004545443414676314,0.022790291084930556,1.9844674545084815,0.9826046893611629,1.0039232031326788,98.0,0.9932639462469208,0.010659256885757928,0.05344419565121189,1.9844674545084815,244985717304426.38,337993341591131.75,98.0,291489529447779.06,46503812143352.695,233164362333483.9,1.9844674545084815,2.9781770407011976,3.050193557168096,98.0,3.0141852989346467,0.03600825823344904,0.1805409531558517,1.9844674545084815,0.9337051668830092,0.9475627527788035,98.0,0.9406339598309064,0.00692879294789721,0.03474011086353748,1.9844674545084815,99.0,0.030303030303030304,0.04395759216267156,0.0555069302586904,98.0,0.04973226121068098,0.005774669048009417,0.028953476375559565,1.9844674545084815,ExtraTreesRegressor,"{'mode': 'original', 'type': 'ExtraTreesRegressor'}",2,"['edges_T2W40', 'lsc_T2W40']",0.22408260555080128,0.27107011045899193,98.0,0.2475763580048966,0.023493752454095324,0.11779476901578867,1.9844674545084815,1.281506124181239,1.3097067605136188,98.0,1.295606442347429,0.014100318166189913,0.07069725130886623,1.9844674545084815,completed,False,COMPLETE
175,1.0012815431069517,2026-06-12 05:51:49.793056,2026-06-12 05:52:11.637786,0 days 00:00:21.844730,,,,,,3.0,log2,1.0,4.0,414.0,,,,,ExtraTreesRegressor,,,,,,2,,,,,,,,False,-0.003049014777336292,0.008083018373496193,98.0,0.0025170017980799503,0.0055660165754162425,0.027907318684841163,1.9844674545084815,0.9906235584445429,1.0119395277693606,98.0,1.0012815431069517,0.010657984662408823,0.05343781688069248,1.9844674545084815,237026611689913.97,328569432016155.9,98.0,282798021853034.94,45771410163120.96,229492189390627.16,1.9844674545084815,2.9692593084056456,3.064478189910474,98.0,3.0168687491580597,0.04760944075241396,0.23870784743132392,1.9844674545084815,0.8994434481561621,0.9203699383094458,98.0,0.9099066932328039,0.010463245076641857,0.05246141668372645,1.9844674545084815,99.0,0.06060606060606061,0.04730824177508648,0.06266700158775422,98.0,0.05498762168142035,0.007679379906333869,0.038503461037932354,1.9844674545084815,ExtraTreesRegressor,"{'mode': 'original', 'type': 'ExtraTreesRegressor'}",2,"['edges_T2W40', 'lsc_T2W40']",0.2155315935908127,0.26425773537711583,98.0,0.23989466448396427,0.024363070893151567,0.12215342414888751,1.9844674545084815,1.277782316775498,1.3057357800503189,98.0,1.2917590484129085,0.013976731637410453,0.07007760373917789,1.9844674545084815,completed,False,COMPLETE
176,0.9961314064424346,2026-06-12 05:52:11.652933,2026-06-12 05:52:34.099876,0 days 00:00:22.446943,,,,,,2.0,log2,1.0,3.0,431.0,,,,,ExtraTreesRegressor,,,,,,3,,,,,,,,False,0.004017899118627304,0.011698010788743895,98.0,0.0078579549536856,0.003840055835058295,0.019253565005515914,1.9844674545084815,0.9855429217306066,1.0067198911542625,98.0,0.9961314064424346,0.010588484711827937,0.053089352724475625,1.9844674545084815,247902031613922.88,341587710829547.6,98.0,294744871221735.25,46842839607812.39,234864204108188.44,1.9844674545084815,2.9856700764696606,3.0349873083890015,98.0,3.010328692429331,0.02465861595967046,0.12363525055837112,1.9844674545084815,0.9495561160632577,0.9606648263546336,98.0,0.9551104712089457,0.005554355145687916,0.02784884971850954,1.9844674545084815,99.0,0.0707070707070707,0.03183355750302908,0.04131913367787834,98.0,0.03657634559045371,0.004742788087424625,0.023779752865814845,1.9844674545084815,ExtraTreesRegressor,"{'mode': 'original', 'type': 'ExtraTreesRegressor'}",3,"['edges_T2W40', 'lsc_T2W40', 'z_lsc_T2W40']",0.20782105447990118,0.2550139127465195,98.0,0.23141748361321035,0.02359642913330916,0.11830957718595793,1.9844674545084815,1.290547298714937,1.3186916096418075,98.0,1.3046194541783722,0.014072155463435241,0.07055604700051536,1.9844674545084815,completed,False,COMPLETE
177,0.9933166155276671,2026-06-12 05:52:34.136172,2026-06-12 05:52:57.599743,0 days 00:00:23.463571,,,,,,2.0,log2,1.0,3.0,453.0,,,,,ExtraTreesRegressor,,,,,,2,,,,,,,,False,0.0060679177668179285,0.015149020913136135,98.0,0.010608469339977031,0.004540551573159103,0.022765763996603242,1.9844674545084815,0.9826419499054484,1.003991281149886,98.0,0.9933166155276671,0.010674665622218802,0.053521453150020576,1.9844674545084815,244947444995820.75,337993095086154.0,98.0,291470270040987.4,46522825045166.63,233259690671597.12,1.9844674545084815,2.979617966802265,3.051683605614202,98.0,3.0156507862082336,0.036032819405968336,0.1806640998370522,1.9844674545084815,0.933570906896525,0.9474613635407514,98.0,0.9405161352186382,0.006945228322113236,0.034822515797072365,1.9844674545084815,99.0,0.030303030303030304,0.043877130841074724,0.05544916057969751,98.0,0.04966314571038612,0.005786014869311392,0.029010362920277012,1.9844674545084815,ExtraTreesRegressor,"{'mode': 'original', 'type': 'ExtraTreesRegressor'}",2,"['edges_T2W40', 'lsc_T2W40']",0.22417977287841678,0.271258040610324,98.0,0.2477189067443704,0.023539133865953618,0.11802230580191524,1.9844674545084815,1.2815405406830807,1.3097729754943375,98.0,1.295656758088709,0.01411621740562847,0.0707769681289379,1.9844674545084815,completed,False,COMPLETE
178,1.002214776833237,2026-06-12 05:52:57.612733,2026-06-12 05:53:20.631064,0 days 00:00:23.018331,,,,,,3.0,log2,1.0,3.0,440.0,,,,,ExtraTreesRegressor,,,,,,2,,,,,,,,False,-0.004026972690514724,0.007174658201634005,98.0,0.0015738427555596405,0.005600815446074364,0.02808179591827559,1.9844674545084815,0.9915854205844012,1.0128441330820728,98.0,1.002214776833237,0.010629356248835799,0.05329427755589915,1.9844674545084815,236378116871075.12,327916890201274.0,98.0,282147503536174.56,45769386665099.44,229482043821820.5,1.9844674545084815,2.9689245962755026,3.065280848678786,98.0,3.0171027224771443,0.04817812620164164,0.2415591659367565,1.9844674545084815,0.8986297612045849,0.9198935213892291,98.0,0.909261641296907,0.01063188009232204,0.05330693179498141,1.9844674545084815,99.0,0.06060606060606061,0.047027552516826665,0.06250170204873433,98.0,0.0547646272827805,0.007737074765953835,0.038792735928165886,1.9844674545084815,ExtraTreesRegressor,"{'mode': 'original', 'type': 'ExtraTreesRegressor'}",2,"['edges_T2W40', 'lsc_T2W40']",0.21694356315169022,0.2665339312514347,98.0,0.24173874720156246,0.024795184049872243,0.12431998607142632,1.9844674545084815,1.2779477397992254,1.3058442184427002,98.0,1.2918959791209628,0.013948239321737424,0.06993474679242205,1.9844674545084815,completed,False,COMPLETE
179,0.9960421776158872,2026-06-12 05:53:20.644284,2026-06-12 05:53:42.194645,0 days 00:00:21.550361,,,,,,2.0,log2,1.0,4.0,412.0,,,,,ExtraTreesRegressor,,,,,,3,,,,,,,,False,0.00414363776120005,0.011752839483139904,98.0,0.007948238622169977,0.0038046008609699264,0.019075798150631387,1.9844674545084815,0.985462846237128,1.0066215089946464,98.0,0.9960421776158872,0.010579331378759178,0.05304345904458495,1.9844674545084815,247999572685366.38,341737910561442.1,98.0,294868741623404.25,46869168938037.89,234996216113435.94,1.9844674545084815,2.985933202328045,3.0350034644125294,98.0,3.0104683333702873,0.024535131042242003,0.12301611245542907,1.9844674545084815,0.9496091858377317,0.9606257404331703,98.0,0.955117463135451,0.005508277297719291,0.027617821087863405,1.9844674545084815,99.0,0.0707070707070707,0.031592499609344356,0.041068599635103765,98.0,0.03633054962222406,0.004738050012879704,0.023755996746068157,1.9844674545084815,ExtraTreesRegressor,"{'mode': 'original', 'type': 'ExtraTreesRegressor'}",3,"['edges_T2W40', 'lsc_T2W40', 'z_lsc_T2W40']",0.20713580830948228,0.2546492673776115,98.0,0.2308925378435469,0.023756729534064627,0.11911330356883454,1.9844674545084815,1.290714019994475,1.3188576452541512,98.0,1.3047858326243131,0.014071812629837933,0.07055432807526131,1.9844674545084815,completed,False,COMPLETE
180,1.0337983276439844,2026-06-12 05:53:42.207277,2026-06-12 05:53:44.714313,0 days 00:00:02.507036,,,,,,2.0,log2,1.0,3.0,424.0,,,,,ExtraTreesRegressor,,,,,,4,,,,,,,,False,,,,,,,,,,,,,,,,,,,,,,,,,,,,,,,,,,,,,,,,,,,,,ExtraTreesRegressor,"{'mode': 'original', 'type': 'ExtraTreesRegressor'}",4,"['edges_T2W40', 'l3_T2W40', 'lsc_T2W40', 'z_lsc_T2W40']",,,,,,,,,,,,,,,pruned,False,PRUNED
181,0.993274250695416,2026-06-12 05:53:44.724886,2026-06-12 05:54:06.776308,0 days 00:00:22.051422,,,,,,2.0,log2,1.0,2.0,426.0,,,,,ExtraTreesRegressor,,,,,,2,,,,,,,,False,0.006076057459618396,0.015221372910731137,98.0,0.010648715185174766,0.00457265772555637,0.022926740273722504,1.9844674545084815,0.9825938222264144,1.0039546791644176,98.0,0.993274250695416,0.010680428469001548,0.05355034735102032,1.9844674545084815,244992699789207.94,338014483419385.7,98.0,291503591604296.8,46510891815088.875,233199858931930.7,1.9844674545084815,2.9788299410327808,3.051331202087698,98.0,3.0150805715602393,0.03625063052745854,0.18175617786056675,1.9844674545084815,0.9334958093241718,0.9474477921151662,98.0,0.940471800719669,0.006975991395497241,0.03497675804213582,1.9844674545084815,99.0,0.030303030303030304,0.043892475814136085,0.05550543396335147,98.0,0.04969895488874378,0.005806479074607691,0.029112967914548548,1.9844674545084815,ExtraTreesRegressor,"{'mode': 'original', 'type': 'ExtraTreesRegressor'}",2,"['edges_T2W40', 'lsc_T2W40']",0.2241773192239633,0.27142654979273373,98.0,0.2478019345083485,0.023624615284385198,0.11845089906129194,1.9844674545084815,1.2815191627713467,1.3097377417369527,98.0,1.2956284522541497,0.014109289482803053,0.07074223238076086,1.9844674545084815,completed,False,COMPLETE
