number,value,datetime_start,datetime_complete,duration,params_dt_max_depth,params_dt_min_samples_leaf,params_dt_min_samples_split,params_elastic_alpha,params_elastic_l1_ratio,params_et_max_depth,params_et_max_features,params_et_min_samples_leaf,params_et_min_samples_split,params_et_n_estimators,params_knn_metric,params_knn_n_neighbors,params_knn_weights,params_quantile_alpha,params_regressor,params_rf_max_depth,params_rf_max_features,params_rf_min_samples_leaf,params_rf_min_samples_split,params_rf_n_estimators,params_rfe_n_features,params_rfe_proxy_et_max_depth,params_rfe_proxy_et_min_samples_leaf,params_rfe_proxy_et_min_samples_split,params_rfe_proxy_et_n_estimators,params_rfe_proxy_lsvr_C,params_rfe_proxy_lsvr_epsilon,params_rfe_proxy_type,params_use_scaler,user_attrs_d2mae_ci_lower_val,user_attrs_d2mae_ci_upper_val,user_attrs_d2mae_df_val,user_attrs_d2mae_mean_val,user_attrs_d2mae_samperror_val,user_attrs_d2mae_std_val,user_attrs_d2mae_t_critical_val,user_attrs_mae_ci_lower_val,user_attrs_mae_ci_upper_val,user_attrs_mae_df_val,user_attrs_mae_mean_val,user_attrs_mae_samperror_val,user_attrs_mae_std_val,user_attrs_mae_t_critical_val,user_attrs_mape_ci_lower_val,user_attrs_mape_ci_upper_val,user_attrs_mape_df_val,user_attrs_mape_mean_val,user_attrs_mape_samperror_val,user_attrs_mape_std_val,user_attrs_mape_t_critical_val,user_attrs_max_error_ci_lower_val,user_attrs_max_error_ci_upper_val,user_attrs_max_error_df_val,user_attrs_max_error_mean_val,user_attrs_max_error_samperror_val,user_attrs_max_error_std_val,user_attrs_max_error_t_critical_val,user_attrs_median_ae_ci_lower_val,user_attrs_median_ae_ci_upper_val,user_attrs_median_ae_df_val,user_attrs_median_ae_mean_val,user_attrs_median_ae_samperror_val,user_attrs_median_ae_std_val,user_attrs_median_ae_t_critical_val,user_attrs_n_splits_val,user_attrs_r2_below_zero_val,user_attrs_r2_ci_lower_val,user_attrs_r2_ci_upper_val,user_attrs_r2_df_val,user_attrs_r2_mean_val,user_attrs_r2_samperror_val,user_attrs_r2_std_val,user_attrs_r2_t_critical_val,user_attrs_regressor_final,user_attrs_rfe_estimator,user_attrs_rfe_n_features,user_attrs_rfe_selected_features,user_attrs_rho_ci_lower_val,user_attrs_rho_ci_upper_val,user_attrs_rho_df_val,user_attrs_rho_mean_val,user_attrs_rho_samperror_val,user_attrs_rho_std_val,user_attrs_rho_t_critical_val,user_attrs_rmse_ci_lower_val,user_attrs_rmse_ci_upper_val,user_attrs_rmse_df_val,user_attrs_rmse_mean_val,user_attrs_rmse_samperror_val,user_attrs_rmse_std_val,user_attrs_rmse_t_critical_val,user_attrs_termination_reason,user_attrs_use_scaler_final,state
127,0.9933074416358986,2026-06-12 05:39:31.458599,2026-06-12 05:39:52.639822,0 days 00:00:21.181223,,,,,,2.0,log2,1.0,2.0,407.0,,,,,ExtraTreesRegressor,,,,,,2,,,,,,,,True,0.006039297690698479,0.015182404879460779,98.0,0.01061085128507963,0.00457155359438115,0.02292120429657274,1.9844674545084815,0.9826450908884393,1.0039697923833577,98.0,0.9933074416358986,0.01066235074745922,0.053459707891122595,1.9844674545084815,245017098854542.03,338004394210479.5,98.0,291510746532510.75,46493647677968.72,233113398961225.1,1.9844674545084815,2.977477695133776,3.0494930832356966,98.0,3.013485389184736,0.03600769405096037,0.18053812441463357,1.9844674545084815,0.93313437281359,0.9470986703789742,98.0,0.9401165215962821,0.006982148782692082,0.03500763041996368,1.9844674545084815,99.0,0.030303030303030304,0.04405889888207569,0.055612223497134836,98.0,0.04983556118960526,0.005776662307529573,0.028963470332260353,1.9844674545084815,ExtraTreesRegressor,"{'mode': 'original', 'type': 'ExtraTreesRegressor'}",2,"['edges_T2W40', 'lsc_T2W40']",0.22492400224036388,0.2719423137803958,98.0,0.24843315801037982,0.023509155770015947,0.11787199933667898,1.9844674545084815,1.2814426363620195,1.3096244603703056,98.0,1.2955335483661625,0.014090912004143098,0.07065008997575034,1.9844674545084815,completed,True,COMPLETE
128,1.3489082892416224,2026-06-12 05:39:52.682787,2026-06-12 05:39:52.814021,0 days 00:00:00.131234,12.0,3.0,10.0,,,,,,,,,,,,DecisionTreeRegressor,,,,,,3,,,,,,,,True,,,,,,,,,,,,,,,,,,,,,,,,,,,,,,,,,,,,,,,,,,,,,DecisionTreeRegressor,"{'mode': 'original', 'type': 'DecisionTreeRegressor'}",3,"['edges_T2W40', 'l3_T2W40', 'z_l3_T2W40']",,,,,,,,,,,,,,,pruned,True,PRUNED
129,1.0961111111111113,2026-06-12 05:39:52.824576,2026-06-12 05:39:53.118539,0 days 00:00:00.293963,,,,,,,,,,,euclidean,8.0,uniform,,KNeighborsRegressor,,,,,,2,4.0,1.0,2.0,20.0,,,ExtraTrees,,,,,,,,,,,,,,,,,,,,,,,,,,,,,,,,,,,,,,,,,,,,,,KNeighborsRegressor,"{'mode': 'proxy', 'type': 'ExtraTrees'}",2,"['edges_T2W40', 'z_lsc_T2W40']",,,,,,,,,,,,,,,pruned,True,PRUNED
130,1.0547045302573312,2026-06-12 05:39:53.128141,2026-06-12 05:39:55.784197,0 days 00:00:02.656056,,,,,,4.0,,1.0,3.0,405.0,,,,,ExtraTreesRegressor,,,,,,3,,,,,,,,True,,,,,,,,,,,,,,,,,,,,,,,,,,,,,,,,,,,,,,,,,,,,,ExtraTreesRegressor,"{'mode': 'original', 'type': 'ExtraTreesRegressor'}",3,"['edges_T2W40', 'lsc_T2W40', 'z_lsc_T2W40']",,,,,,,,,,,,,,,pruned,True,PRUNED
131,0.9931772505159885,2026-06-12 05:39:55.793976,2026-06-12 05:40:18.390870,0 days 00:00:22.596894,,,,,,2.0,log2,1.0,2.0,433.0,,,,,ExtraTreesRegressor,,,,,,2,,,,,,,,True,0.006174125886427321,0.015318952540141638,98.0,0.01074653921328448,0.0045724133268571585,0.02292551488887274,1.9844674545084815,0.98249320656082,1.0038612944711571,98.0,0.9931772505159885,0.010684043955168549,0.05356847495148576,1.9844674545084815,244952906455082.47,337987282590737.75,98.0,291470094522910.1,46517188067827.65,233231427564420.44,1.9844674545084815,2.979391639852338,3.051980961014668,98.0,3.015686300433503,0.03629466058116514,0.18197693910406143,1.9844674545084815,0.9337903488543072,0.947673891756795,98.0,0.9407321203055511,0.006941771451243863,0.034805183474091145,1.9844674545084815,99.0,0.030303030303030304,0.043934688437863134,0.055538145418318335,98.0,0.049736416928090735,0.0058017284902276,0.029089149072035574,1.9844674545084815,ExtraTreesRegressor,"{'mode': 'original', 'type': 'ExtraTreesRegressor'}",2,"['edges_T2W40', 'lsc_T2W40']",0.22419772583312567,0.2713700221653518,98.0,0.2477838739992387,0.023586148166113045,0.11825802968802239,1.9844674545084815,1.2814919535463885,1.3097169233902424,98.0,1.2956044384683154,0.014112484921926911,0.07075825391730485,1.9844674545084815,completed,True,COMPLETE
132,1.0021922370286445,2026-06-12 05:40:18.409891,2026-06-12 05:40:40.234635,0 days 00:00:21.824744,,,,,,3.0,log2,1.0,2.0,419.0,,,,,ExtraTreesRegressor,,,,,,2,,,,,,,,True,-0.004019129705609564,0.007199347452536559,98.0,0.0015901088734634977,0.005609238579073061,0.02812402846532866,1.9844674545084815,0.9915837503404301,1.0128007237168588,98.0,1.0021922370286445,0.01060848668821432,0.05318964016016292,1.9844674545084815,235477943798537.25,326804383989960.6,98.0,281141163894248.94,45663220095711.68,228949737773960.97,1.9844674545084815,2.96891923348876,3.0657773557380668,98.0,3.0173482946134134,0.04842906112465325,0.24281732260423236,1.9844674545084815,0.8970821931901136,0.9188807161412631,98.0,0.9079814546656884,0.010899261475574734,0.05464754897995064,1.9844674545084815,99.0,0.0707070707070707,0.04733701093531006,0.06313171735886522,98.0,0.05523436414708764,0.007897353211777583,0.03959635223173033,1.9844674545084815,ExtraTreesRegressor,"{'mode': 'original', 'type': 'ExtraTreesRegressor'}",2,"['edges_T2W40', 'lsc_T2W40']",0.21556043382584014,0.26506306663962326,98.0,0.24031175023273169,0.024751316406891554,0.12410003913522384,1.9844674545084815,1.2776186185173486,1.3054773907064694,98.0,1.291548004611909,0.013929386094560365,0.06984021904318902,1.9844674545084815,completed,True,COMPLETE
133,0.9932229826254084,2026-06-12 05:40:40.247098,2026-06-12 05:41:02.770075,0 days 00:00:22.522977,,,,,,2.0,log2,1.0,2.0,435.0,,,,,ExtraTreesRegressor,,,,,,2,,,,,,,,True,0.006125029542336273,0.015276969662645138,98.0,0.010700999602490706,0.004575970060154433,0.022943347909716125,1.9844674545084815,0.9825371244378285,1.0039088408129884,98.0,0.9932229826254084,0.010685858187579972,0.05357757128840605,1.9844674545084815,244878248970113.3,337906572966021.3,98.0,291392410968067.3,46514161997954.016,233216255224348.88,1.9844674545084815,2.979356645795173,3.0519391126398556,98.0,3.0156478792175143,0.03629123342234145,0.18195975575360235,1.9844674545084815,0.9336838332716051,0.9476333617883785,98.0,0.9406585975299918,0.006974764258386728,0.0349706053284403,1.9844674545084815,99.0,0.030303030303030304,0.04395497350777121,0.05556871753519768,98.0,0.049761845521484445,0.005806872013713236,0.02911493806262367,1.9844674545084815,ExtraTreesRegressor,"{'mode': 'original', 'type': 'ExtraTreesRegressor'}",2,"['edges_T2W40', 'lsc_T2W40']",0.22431405651759162,0.2715756850263646,98.0,0.2479448707719781,0.02363081425438647,0.11848197993016814,1.9844674545084815,1.2814741128082063,1.3096990973149392,98.0,1.2955866050615727,0.014112492253366306,0.07075829067623521,1.9844674545084815,completed,True,COMPLETE
134,0.9961344300065896,2026-06-12 05:41:02.785517,2026-06-12 05:41:25.224543,0 days 00:00:22.439026,,,,,,2.0,log2,1.0,2.0,433.0,,,,,ExtraTreesRegressor,,,,,,3,,,,,,,,True,0.00398306867933098,0.011735723603717475,98.0,0.007859396141524227,0.0038763274621932482,0.019435426457769526,1.9844674545084815,0.9855158721488702,1.0067529878643091,98.0,0.9961344300065896,0.010618557857719523,0.05324013575842472,1.9844674545084815,247991464061998.38,341694490278405.6,98.0,294842977170202.0,46851513108203.62,234907691966381.3,1.9844674545084815,2.9859499628965813,3.03556138150107,98.0,3.0107556721988256,0.024805709302244298,0.12437275838501996,1.9844674545084815,0.9494250387107189,0.9605864154480569,98.0,0.9550057270793879,0.005580688368669034,0.027980881241552222,1.9844674545084815,99.0,0.0707070707070707,0.031731257522819245,0.041222635832571394,98.0,0.03647694667769532,0.004745689154876072,0.023794298459202282,1.9844674545084815,ExtraTreesRegressor,"{'mode': 'original', 'type': 'ExtraTreesRegressor'}",3,"['edges_T2W40', 'lsc_T2W40', 'z_lsc_T2W40']",0.20762190266086636,0.2547875905602057,98.0,0.23120474661053605,0.023582843949669696,0.11824146275545243,1.9844674545084815,1.2906020008674557,1.3187800122235132,98.0,1.3046910065454844,0.014089005678028807,0.07064053189239433,1.9844674545084815,completed,True,COMPLETE
135,1.0001072806896942,2026-06-12 05:41:25.237723,2026-06-12 05:41:48.968906,0 days 00:00:23.731183,,,,,,3.0,log2,1.0,8.0,458.0,,,,,ExtraTreesRegressor,,,,,,2,,,,,,,,True,-0.0018730286417477202,0.009329703904329236,98.0,0.003728337631290758,0.005601366273038478,0.02808455769654546,1.9844674545084815,0.9892834655017765,1.010931095877612,98.0,1.0001072806896942,0.010823815187917791,0.054269270625098086,1.9844674545084815,237387417350552.78,329089338591642.75,98.0,283238377971097.75,45850960620544.97,229891045545073.75,1.9844674545084815,2.9717069709782726,3.066582793755003,98.0,3.019144882366638,0.047437911388365325,0.23784782041533262,1.9844674545084815,0.8993514876493645,0.9202610013964483,98.0,0.9098062445229064,0.010454756873541944,0.05241885788323398,1.9844674545084815,99.0,0.0707070707070707,0.04838647597749974,0.06365337704166443,98.0,0.05601992650958208,0.007633450532082344,0.03827317683614002,1.9844674545084815,ExtraTreesRegressor,"{'mode': 'original', 'type': 'ExtraTreesRegressor'}",2,"['edges_T2W40', 'lsc_T2W40']",0.22102384530629116,0.26819376940283385,98.0,0.2446088073545625,0.023584962048271353,0.11825208263986732,1.9844674545084815,1.2770304010515854,1.3051286311790615,98.0,1.2910795161153235,0.014049115063738179,0.07044052528615109,1.9844674545084815,completed,True,COMPLETE
136,0.9962017197724464,2026-06-12 05:41:48.981699,2026-06-12 05:42:08.899516,0 days 00:00:19.917817,,,,,,2.0,sqrt,1.0,2.0,400.0,,,,,ExtraTreesRegressor,,,,,,3,,,,,,,,True,0.003930896698172601,0.011656230488511587,98.0,0.007793563593342094,0.0038626668951694935,0.019366934064298878,1.9844674545084815,0.9855829058921,1.006820533652793,98.0,0.9962017197724464,0.010618813880346455,0.05324141942421039,1.9844674545084815,248088676797253.06,341820987545320.94,98.0,294954832171287.0,46866155374033.945,234981106476248.25,1.9844674545084815,2.9858616488312717,3.0357162037340637,98.0,3.0107889262826677,0.02492727745139594,0.12498228604889462,1.9844674545084815,0.9487767651431497,0.9600453773247458,98.0,0.9544110712339477,0.0056343060907980535,0.0282497138686807,1.9844674545084815,99.0,0.0707070707070707,0.031885736413737556,0.041376026566626145,98.0,0.03663088149018185,0.004745145076444292,0.023791570517238854,1.9844674545084815,ExtraTreesRegressor,"{'mode': 'original', 'type': 'ExtraTreesRegressor'}",3,"['edges_T2W40', 'lsc_T2W40', 'z_lsc_T2W40']",0.20685829196509667,0.2541553499555547,98.0,0.23050682096032568,0.023648528995229023,0.11857079944973192,1.9844674545084815,1.2904925424973661,1.3186856769085975,98.0,1.3045891097029818,0.01409656720561568,0.07067844445647888,1.9844674545084815,completed,True,COMPLETE
137,1.0440953492126204,2026-06-12 05:42:08.912826,2026-06-12 05:42:09.072077,0 days 00:00:00.159251,,,,0.002245698312750514,0.2999769499372542,,,,,,,,,,ElasticNet,,,,,,2,,,,,,,,True,,,,,,,,,,,,,,,,,,,,,,,,,,,,,,,,,,,,,,,,,,,,,ElasticNet,"{'mode': 'original', 'type': 'ElasticNet'}",2,"['nodes_T2W40', 'lcc_T2W40']",,,,,,,,,,,,,,,pruned,True,PRUNED
138,1.0383652805487642,2026-06-12 05:42:09.081808,2026-06-12 05:42:11.758825,0 days 00:00:02.677017,,,,,,3.0,log2,1.0,2.0,447.0,,,,,ExtraTreesRegressor,,,,,,4,,,,,,,,True,,,,,,,,,,,,,,,,,,,,,,,,,,,,,,,,,,,,,,,,,,,,,ExtraTreesRegressor,"{'mode': 'original', 'type': 'ExtraTreesRegressor'}",4,"['edges_T2W40', 'l3_T2W40', 'lsc_T2W40', 'z_lsc_T2W40']",,,,,,,,,,,,,,,pruned,True,PRUNED
139,0.9960928902062371,2026-06-12 05:42:11.768601,2026-06-12 05:42:33.375423,0 days 00:00:21.606822,,,,,,2.0,log2,1.0,2.0,416.0,,,,,ExtraTreesRegressor,,,,,,3,,,,,,,,True,0.004036887929387584,0.011768524349729855,98.0,0.00790270613955872,0.0038658182101711357,0.019382734367951508,1.9844674545084815,0.9854714172417547,1.0067143631707196,98.0,0.9960928902062371,0.010621472964482487,0.05325475174318367,1.9844674545084815,248095763219466.03,341842345305434.9,98.0,294969054262450.44,46873291042984.414,235016883837801.53,1.9844674545084815,2.9863639525031105,3.0356028409526474,98.0,3.010983396727879,0.024619444224768448,0.1234388483244689,1.9844674545084815,0.9496495320677433,0.9606651437944252,98.0,0.9551573379310843,0.0055078058633409345,0.02761545737419897,1.9844674545084815,99.0,0.0707070707070707,0.03155160044655129,0.041070217050909054,98.0,0.03631090874873017,0.00475930830217888,0.02386258317931504,1.9844674545084815,ExtraTreesRegressor,"{'mode': 'original', 'type': 'ExtraTreesRegressor'}",3,"['edges_T2W40', 'lsc_T2W40', 'z_lsc_T2W40']",0.20637649825457993,0.2536615238867426,98.0,0.23001901107066128,0.02364251281608135,0.11854063507158745,1.9844674545084815,1.290706005594236,1.3189031104573463,98.0,1.3048045580257912,0.014098552431555033,0.07068839813379914,1.9844674545084815,completed,True,COMPLETE
140,0.9932462651484677,2026-06-12 05:42:33.398180,2026-06-12 05:42:56.099461,0 days 00:00:22.701281,,,,,,2.0,log2,1.0,2.0,438.0,,,,,ExtraTreesRegressor,,,,,,2,,,,,,,,True,0.006099383195116307,0.015254569341163626,98.0,0.010676976268139966,0.00457759307302366,0.02295148549550255,1.9844674545084815,0.9825624778784664,1.003930052418469,98.0,0.9932462651484677,0.01068378727000131,0.053567187963804934,1.9844674545084815,244891909331040.22,337910786894596.25,98.0,291401348112818.25,46509438781778.03,233192573602626.3,1.9844674545084815,2.9793711467791044,3.0519343074782337,98.0,3.015652727128669,0.036281580349564614,0.18191135644062495,1.9844674545084815,0.9335126471563988,0.9474075283457923,98.0,0.9404600877510956,0.006947440594696724,0.03483360785818441,1.9844674545084815,99.0,0.030303030303030304,0.04394125560643886,0.05553975417345728,98.0,0.04974050488994807,0.005799249283509208,0.02907671863618647,1.9844674545084815,ExtraTreesRegressor,"{'mode': 'original', 'type': 'ExtraTreesRegressor'}",2,"['edges_T2W40', 'lsc_T2W40']",0.22400705329729323,0.27119552157476773,98.0,0.2476012874360305,0.02359423413873726,0.11829857175465897,1.9844674545084815,1.2814922375162099,1.3097094303896122,98.0,1.295600833952911,0.014108596436701051,0.07073875753332377,1.9844674545084815,completed,True,COMPLETE
141,0.9932135169534252,2026-06-12 05:42:56.112203,2026-06-12 05:43:18.616927,0 days 00:00:22.504724,,,,,,2.0,log2,1.0,2.0,437.0,,,,,ExtraTreesRegressor,,,,,,2,,,,,,,,True,0.006134074849073515,0.015287489912631097,98.0,0.010710782380852307,0.004576707531778791,0.0229470455012276,1.9844674545084815,0.9825260158070971,1.0039010180997532,98.0,0.9932135169534252,0.010687501146328104,0.05358580888036234,1.9844674545084815,244915273494465.22,337952599221116.44,98.0,291433936357790.8,46518662863325.6,233238822006639.34,1.9844674545084815,2.979703353485647,3.052279222430444,98.0,3.0159912879580455,0.036287934472398246,0.18194321522661275,1.9844674545084815,0.9338055276616896,0.9476408265044133,98.0,0.9407231770830514,0.006917649421361836,0.03468423859975925,1.9844674545084815,99.0,0.030303030303030304,0.043849458437508475,0.0554608182518802,98.0,0.04965513834469434,0.005805679907185862,0.0291089609879393,1.9844674545084815,ExtraTreesRegressor,"{'mode': 'original', 'type': 'ExtraTreesRegressor'}",2,"['edges_T2W40', 'lsc_T2W40']",0.2243290180757446,0.27158372449990364,98.0,0.2479563712878241,0.023627353212079517,0.11846462669211484,1.9844674545084815,1.2815454466835168,1.309774263647383,98.0,1.29565985516545,0.014114408481933164,0.0707678984092636,1.9844674545084815,completed,True,COMPLETE
142,1.002096533641055,2026-06-12 05:43:18.629721,2026-06-12 05:43:41.383243,0 days 00:00:22.753522,,,,,,3.0,log2,1.0,2.0,436.0,,,,,ExtraTreesRegressor,,,,,,2,,,,,,,,True,-0.003913283821257762,0.007285007894981591,98.0,0.0016858620368619146,0.005599145858119677,0.02807342481077123,1.9844674545084815,0.9914935805257669,1.0126994867563432,98.0,1.002096533641055,0.010602953115288154,0.053161895509922674,1.9844674545084815,235452785658633.8,326781883514101.56,98.0,281117334586367.7,45664548927733.88,228956400373365.72,1.9844674545084815,2.9692201255661854,3.065745709506578,98.0,3.0174829175363818,0.04826279197019651,0.24198366962853385,1.9844674545084815,0.897659116740309,0.9190451782734215,98.0,0.9083521475068652,0.01069303076655626,0.05361353371226364,1.9844674545084815,99.0,0.0707070707070707,0.047147188481147476,0.0629041724873004,98.0,0.05502568048422394,0.007878492003076465,0.03950178446412284,1.9844674545084815,ExtraTreesRegressor,"{'mode': 'original', 'type': 'ExtraTreesRegressor'}",2,"['edges_T2W40', 'lsc_T2W40']",0.21666768407128983,0.26603554168121013,98.0,0.24135161287624998,0.024683928804960138,0.1237621660338728,1.9844674545084815,1.2777678661122482,1.305615429686718,98.0,1.291691647899483,0.013923781787234895,0.06981211973941934,1.9844674545084815,completed,True,COMPLETE
143,0.9959470512868375,2026-06-12 05:43:41.395619,2026-06-12 05:44:05.078663,0 days 00:00:23.683044,,,,,,2.0,log2,1.0,2.0,458.0,,,,,ExtraTreesRegressor,,,,,,3,,,,,,,,True,0.004179722006093789,0.01191582628423624,98.0,0.008047774145165014,0.0038680521390712258,0.019393935011156462,1.9844674545084815,0.98532650632355,1.006567596250125,98.0,0.9959470512868375,0.01062054496328751,0.05325009885997048,1.9844674545084815,248120750742788.06,341859327510814.3,98.0,294990039126801.2,46869288384013.13,234996815000782.3,1.9844674545084815,2.986275796663853,3.035442220573959,98.0,3.010859008618906,0.024583211955052683,0.12325718420544725,1.9844674545084815,0.9502433911703285,0.9612097190663604,98.0,0.9557265551183445,0.005483163948015965,0.0274919058585574,1.9844674545084815,99.0,0.0707070707070707,0.03162460991051516,0.041091385502552175,98.0,0.03635799770653367,0.004733387796018505,0.023732620967365305,1.9844674545084815,ExtraTreesRegressor,"{'mode': 'original', 'type': 'ExtraTreesRegressor'}",3,"['edges_T2W40', 'lsc_T2W40', 'z_lsc_T2W40']",0.2061491073797754,0.25384576135057785,98.0,0.2299974343651766,0.02384832698540121,0.1195725618607447,1.9844674545084815,1.2906797093339912,1.3188673055998226,98.0,1.304773507466907,0.01409379813291557,0.07066456066844908,1.9844674545084815,completed,True,COMPLETE
144,0.9934488268147755,2026-06-12 05:44:05.091391,2026-06-12 05:44:24.150821,0 days 00:00:19.059430,,,,,,2.0,log2,1.0,2.0,364.0,,,,,ExtraTreesRegressor,,,,,,2,,,,,,,,True,0.005871797126547054,0.015080510097996753,98.0,0.010476153612271904,0.00460435648572485,0.023085673936594317,1.9844674545084815,0.9827469473142532,1.004150706315298,98.0,0.9934488268147755,0.010701879500522385,0.05365790016992758,1.9844674545084815,244983604418545.2,337982494053562.7,98.0,291483049236053.94,46499444817508.75,233142465101868.44,1.9844674545084815,2.9791885996874434,3.052220639310609,98.0,3.0157046194990262,0.036516019811582826,0.18308680690689588,1.9844674545084815,0.9336136402280778,0.9477172202341356,98.0,0.9406654302311067,0.007051790003028905,0.03535680288526408,1.9844674545084815,99.0,0.030303030303030304,0.043834115411846376,0.055468982884670136,98.0,0.049651549148258256,0.005817433736411878,0.029167893233924054,1.9844674545084815,ExtraTreesRegressor,"{'mode': 'original', 'type': 'ExtraTreesRegressor'}",2,"['edges_T2W40', 'lsc_T2W40']",0.2233210654235624,0.2704161645297904,98.0,0.2468686149766764,0.02354754955311401,0.11806450101645598,1.9844674545084815,1.281547781882393,1.309772796160044,98.0,1.2956602890212185,0.014112507138825548,0.07075836531008675,1.9844674545084815,completed,True,COMPLETE
145,1.016408383519498,2026-06-12 05:44:24.163675,2026-06-12 05:44:27.370858,0 days 00:00:03.207183,,,,,,3.0,log2,1.0,2.0,425.0,,,,,ExtraTreesRegressor,,,,,,3,,,,,,,,True,,,,,,,,,,,,,,,,,,,,,,,,,,,,,,,,,,,,,,,,,,,,,ExtraTreesRegressor,"{'mode': 'original', 'type': 'ExtraTreesRegressor'}",3,"['edges_T2W40', 'lsc_T2W40', 'z_lsc_T2W40']",,,,,,,,,,,,,,,pruned,True,PRUNED
