number,value,datetime_start,datetime_complete,duration,params_dt_max_depth,params_dt_min_samples_leaf,params_dt_min_samples_split,params_elastic_alpha,params_elastic_l1_ratio,params_et_max_depth,params_et_max_features,params_et_min_samples_leaf,params_et_min_samples_split,params_et_n_estimators,params_knn_metric,params_knn_n_neighbors,params_knn_weights,params_quantile_alpha,params_regressor,params_rf_max_depth,params_rf_max_features,params_rf_min_samples_leaf,params_rf_min_samples_split,params_rf_n_estimators,params_rfe_n_features,params_rfe_proxy_et_max_depth,params_rfe_proxy_et_min_samples_leaf,params_rfe_proxy_et_min_samples_split,params_rfe_proxy_et_n_estimators,params_rfe_proxy_lsvr_C,params_rfe_proxy_lsvr_epsilon,params_rfe_proxy_type,params_use_scaler,user_attrs_d2mae_ci_lower_val,user_attrs_d2mae_ci_upper_val,user_attrs_d2mae_df_val,user_attrs_d2mae_mean_val,user_attrs_d2mae_samperror_val,user_attrs_d2mae_std_val,user_attrs_d2mae_t_critical_val,user_attrs_mae_ci_lower_val,user_attrs_mae_ci_upper_val,user_attrs_mae_df_val,user_attrs_mae_mean_val,user_attrs_mae_samperror_val,user_attrs_mae_std_val,user_attrs_mae_t_critical_val,user_attrs_mape_ci_lower_val,user_attrs_mape_ci_upper_val,user_attrs_mape_df_val,user_attrs_mape_mean_val,user_attrs_mape_samperror_val,user_attrs_mape_std_val,user_attrs_mape_t_critical_val,user_attrs_max_error_ci_lower_val,user_attrs_max_error_ci_upper_val,user_attrs_max_error_df_val,user_attrs_max_error_mean_val,user_attrs_max_error_samperror_val,user_attrs_max_error_std_val,user_attrs_max_error_t_critical_val,user_attrs_median_ae_ci_lower_val,user_attrs_median_ae_ci_upper_val,user_attrs_median_ae_df_val,user_attrs_median_ae_mean_val,user_attrs_median_ae_samperror_val,user_attrs_median_ae_std_val,user_attrs_median_ae_t_critical_val,user_attrs_n_splits_val,user_attrs_r2_below_zero_val,user_attrs_r2_ci_lower_val,user_attrs_r2_ci_upper_val,user_attrs_r2_df_val,user_attrs_r2_mean_val,user_attrs_r2_samperror_val,user_attrs_r2_std_val,user_attrs_r2_t_critical_val,user_attrs_regressor_final,user_attrs_rfe_estimator,user_attrs_rfe_n_features,user_attrs_rfe_selected_features,user_attrs_rho_ci_lower_val,user_attrs_rho_ci_upper_val,user_attrs_rho_df_val,user_attrs_rho_mean_val,user_attrs_rho_samperror_val,user_attrs_rho_std_val,user_attrs_rho_t_critical_val,user_attrs_rmse_ci_lower_val,user_attrs_rmse_ci_upper_val,user_attrs_rmse_df_val,user_attrs_rmse_mean_val,user_attrs_rmse_samperror_val,user_attrs_rmse_std_val,user_attrs_rmse_t_critical_val,user_attrs_termination_reason,user_attrs_use_scaler_final,state
90,1.0417420511359676,2026-06-12 05:30:38.395188,2026-06-12 05:30:40.994919,0 days 00:00:02.599731,,,,,,5.0,log2,1.0,3.0,386.0,,,,,ExtraTreesRegressor,,,,,,3,,,,,,,,True,,,,,,,,,,,,,,,,,,,,,,,,,,,,,,,,,,,,,,,,,,,,,ExtraTreesRegressor,"{'mode': 'original', 'type': 'ExtraTreesRegressor'}",3,"['edges_T2W40', 'lsc_T2W40', 'z_lsc_T2W40']",,,,,,,,,,,,,,,pruned,True,PRUNED
91,0.9960736864411951,2026-06-12 05:30:41.004573,2026-06-12 05:31:03.711695,0 days 00:00:22.707122,,,,,,2.0,log2,1.0,2.0,437.0,,,,,ExtraTreesRegressor,,,,,,3,,,,,,,,True,0.0040460079790495835,0.01179498249643769,98.0,0.007920495237743637,0.003874487258694054,0.019426199905027336,1.9844674545084815,0.9854539296591733,1.0066934432232169,98.0,0.9960736864411951,0.010619756782021728,0.05324614701658884,1.9844674545084815,247942683980093.75,341643455191949.75,98.0,294793069586021.75,46850385605927.984,234902038809424.72,1.9844674545084815,2.9858673753000677,3.0352792332999523,98.0,3.01057330430001,0.024705928999942377,0.12387247229045308,1.9844674545084815,0.9494823778196074,0.9606021169851074,98.0,0.9550422474023574,0.005559869582750039,0.027876498423894256,1.9844674545084815,99.0,0.0707070707070707,0.03178126896602128,0.04127132147811839,98.0,0.036526295222069835,0.0047450262560485585,0.02379097476647076,1.9844674545084815,ExtraTreesRegressor,"{'mode': 'original', 'type': 'ExtraTreesRegressor'}",3,"['edges_T2W40', 'lsc_T2W40', 'z_lsc_T2W40']",0.20771596426819186,0.25506729188152666,98.0,0.23139162807485925,0.023675663806667385,0.11870685003815598,1.9844674545084815,1.290568505284068,1.3187468798656916,98.0,1.3046576925748798,0.01408918729081185,0.07064144247642601,1.9844674545084815,completed,True,COMPLETE
92,0.9961524633341452,2026-06-12 05:31:03.724785,2026-06-12 05:31:26.888374,0 days 00:00:23.163589,,,,,,2.0,log2,1.0,3.0,444.0,,,,,ExtraTreesRegressor,,,,,,3,,,,,,,,True,0.004002820016930332,0.01167191699432903,98.0,0.007837368505629681,0.0038345484886993493,0.01922595185203992,1.9844674545084815,0.9855646227141215,1.006740303954169,98.0,0.9961524633341452,0.010587840620023716,0.05308612332783278,1.9844674545084815,247979344033663.06,341683920394608.56,98.0,294831632214135.8,46852288180472.74,234911578082875.1,1.9844674545084815,2.986155696017349,3.0353183437207005,98.0,3.010737019869025,0.02458132385167548,0.12324771748864112,1.9844674545084815,0.949936940591357,0.9609962248098972,98.0,0.9554665827006271,0.005529642109270135,0.027724941610505115,1.9844674545084815,99.0,0.0707070707070707,0.031615827125702975,0.04110636932493916,98.0,0.03636109822532107,0.004745271099618091,0.023792202381845297,1.9844674545084815,ExtraTreesRegressor,"{'mode': 'original', 'type': 'ExtraTreesRegressor'}",3,"['edges_T2W40', 'lsc_T2W40', 'z_lsc_T2W40']",0.20751582437744823,0.25484365527267605,98.0,0.23117973982506212,0.023663915447613905,0.11864794521893975,1.9844674545084815,1.2906919115007947,1.3188380729177682,98.0,1.3047649922092814,0.014073080708486712,0.07056068606476591,1.9844674545084815,completed,True,COMPLETE
93,1.0004461212191516,2026-06-12 05:31:26.901831,2026-06-12 05:31:49.951084,0 days 00:00:23.049253,,,,,,3.0,log2,1.0,3.0,441.0,,,,,ExtraTreesRegressor,,,,,,3,,,,,,,,True,-0.0012621887937293813,0.008270263325385116,98.0,0.0035040372658278677,0.004766226059557249,0.023897267959197884,1.9844674545084815,0.9896439731904033,1.0112482692478997,98.0,1.0004461212191516,0.0108021480287482,0.054160634168891386,1.9844674545084815,239153969437680.34,331473590145538.75,98.0,285313779791609.56,46159810353929.21,231439579908652.78,1.9844674545084815,2.986818589779993,3.050375417597348,98.0,3.0185970036886705,0.03177841390867743,0.15933303687330982,1.9844674545084815,0.9232366325590986,0.9394157713391542,98.0,0.9313262019491264,0.008089569390027824,0.040560100375511325,1.9844674545084815,99.0,0.1111111111111111,0.037325447603402985,0.05060294905806454,98.0,0.04396419833073376,0.006638750727330775,0.033285875043048356,1.9844674545084815,ExtraTreesRegressor,"{'mode': 'original', 'type': 'ExtraTreesRegressor'}",3,"['edges_T2W40', 'lsc_T2W40', 'z_lsc_T2W40']",0.20554400736043238,0.2532929826879504,98.0,0.2294184950241914,0.023874487663759023,0.11970372826638705,1.9844674545084815,1.2852903828059408,1.3136053603284281,98.0,1.2994478715671844,0.014157488761243639,0.0709838976014075,1.9844674545084815,completed,True,COMPLETE
94,0.9932343696870576,2026-06-12 05:31:49.964252,2026-06-12 05:32:13.060865,0 days 00:00:23.096613,,,,,,2.0,log2,1.0,2.0,443.0,,,,,ExtraTreesRegressor,,,,,,2,,,,,,,,True,0.006117060753187809,0.015264212255792147,98.0,0.010690636504489977,0.004573575751302169,0.02293134314126732,1.9844674545084815,0.9825456191256191,1.003923120248496,98.0,0.9932343696870576,0.010688750561438472,0.053592073293193716,1.9844674545084815,244942672298326.97,337983912815405.6,98.0,291463292556866.3,46520620258539.336,233248636144143.56,1.9844674545084815,2.9797902291615435,3.0525123539384333,98.0,3.0161512915499884,0.036361062388445164,0.1823098695529569,1.9844674545084815,0.9335246331836079,0.9474684126255127,98.0,0.9404965229045603,0.006971889720952466,0.0349561927532777,1.9844674545084815,99.0,0.030303030303030304,0.04384974213113359,0.05545956318186128,98.0,0.04965465265649743,0.005804910525363848,0.029105103402643544,1.9844674545084815,ExtraTreesRegressor,"{'mode': 'original', 'type': 'ExtraTreesRegressor'}",2,"['edges_T2W40', 'lsc_T2W40']",0.22376554682549757,0.2709365435595968,98.0,0.24735104519254716,0.023585498367049606,0.11825477167588772,1.9844674545084815,1.28154488012661,1.3097763792367703,98.0,1.2956606296816902,0.014115749555079993,0.07077462238415322,1.9844674545084815,completed,True,COMPLETE
95,0.9932343696870576,2026-06-12 05:32:13.079831,2026-06-12 05:32:36.127785,0 days 00:00:23.047954,,,,,,2.0,log2,1.0,2.0,443.0,,,,,ExtraTreesRegressor,,,,,,2,,,,,,,,True,0.006117060753187809,0.015264212255792147,98.0,0.010690636504489977,0.004573575751302169,0.02293134314126732,1.9844674545084815,0.9825456191256191,1.003923120248496,98.0,0.9932343696870576,0.010688750561438472,0.053592073293193716,1.9844674545084815,244942672298326.97,337983912815405.6,98.0,291463292556866.3,46520620258539.336,233248636144143.56,1.9844674545084815,2.9797902291615435,3.0525123539384333,98.0,3.0161512915499884,0.036361062388445164,0.1823098695529569,1.9844674545084815,0.9335246331836079,0.9474684126255127,98.0,0.9404965229045603,0.006971889720952466,0.0349561927532777,1.9844674545084815,99.0,0.030303030303030304,0.04384974213113359,0.05545956318186128,98.0,0.04965465265649743,0.005804910525363848,0.029105103402643544,1.9844674545084815,ExtraTreesRegressor,"{'mode': 'original', 'type': 'ExtraTreesRegressor'}",2,"['edges_T2W40', 'lsc_T2W40']",0.22376554682549757,0.2709365435595968,98.0,0.24735104519254716,0.023585498367049606,0.11825477167588772,1.9844674545084815,1.28154488012661,1.3097763792367703,98.0,1.2956606296816902,0.014115749555079993,0.07077462238415322,1.9844674545084815,completed,True,COMPLETE
96,0.9932405181685188,2026-06-12 05:32:36.140994,2026-06-12 05:32:59.060667,0 days 00:00:22.919673,,,,,,2.0,log2,1.0,2.0,442.0,,,,,ExtraTreesRegressor,,,,,,2,,,,,,,,True,0.00610870651551321,0.015259516533742648,98.0,0.01068411152462793,0.00457540500911472,0.02294051481369048,1.9844674545084815,0.9825525165218018,1.0039285198152357,98.0,0.9932405181685188,0.010688001646716964,0.053588318327408443,1.9844674545084815,244924347581571.53,337959432352815.75,98.0,291441889967193.6,46517542385622.1,233233204070018.6,1.9844674545084815,2.979691176270894,3.0523782014770453,98.0,3.0160346888739697,0.03634351260307569,0.18222187709973287,1.9844674545084815,0.9335388611031142,0.9474632309681595,98.0,0.9405010460356369,0.0069621849325226595,0.034907534144412646,1.9844674545084815,99.0,0.030303030303030304,0.04386017732672865,0.05546776319932575,98.0,0.0496639702630272,0.005803792936298545,0.029099499949297423,1.9844674545084815,ExtraTreesRegressor,"{'mode': 'original', 'type': 'ExtraTreesRegressor'}",2,"['edges_T2W40', 'lsc_T2W40']",0.22385357027755506,0.2711245752642148,98.0,0.24748907277088492,0.023635502493329862,0.11850548618037261,1.9844674545084815,1.2815393726869322,1.3097689013255718,98.0,1.295654137006252,0.014114764319319842,0.07076968253390921,1.9844674545084815,completed,True,COMPLETE
97,0.9933017527034236,2026-06-12 05:32:59.075658,2026-06-12 05:33:22.278782,0 days 00:00:23.203124,,,,,,2.0,log2,1.0,2.0,445.0,,,,,ExtraTreesRegressor,,,,,,2,,,,,,,,True,0.006042646327205633,0.015203225531915304,98.0,0.010622935929560469,0.004580289602354836,0.022965005560052935,1.9844674545084815,0.9826116362937978,1.0039918691130494,98.0,0.9933017527034236,0.010690116409625753,0.053598921487071884,1.9844674545084815,244887625195695.03,337918006375923.1,98.0,291402815785809.06,46515190590114.03,233221412458219.34,1.9844674545084815,2.9796936184968197,3.0525884894373516,98.0,3.0161410539670857,0.036447435470265986,0.1827429335022832,1.9844674545084815,0.9331604494306207,0.9472392463006827,98.0,0.9401998478656517,0.007039398435030958,0.03529467309595462,1.9844674545084815,99.0,0.030303030303030304,0.043984658001127594,0.05561328879077092,98.0,0.049798973395949256,0.0058143153948216645,0.02915225825487806,1.9844674545084815,ExtraTreesRegressor,"{'mode': 'original', 'type': 'ExtraTreesRegressor'}",2,"['edges_T2W40', 'lsc_T2W40']",0.2235649995878392,0.2707563991382732,98.0,0.2471606993630562,0.02359569977521701,0.11830592027469343,1.9844674545084815,1.2814453666804615,1.3096778040992143,98.0,1.295561585389838,0.014116218709376445,0.07077697466576899,1.9844674545084815,completed,True,COMPLETE
98,0.9932405181685188,2026-06-12 05:33:22.291927,2026-06-12 05:33:45.249210,0 days 00:00:22.957283,,,,,,2.0,log2,1.0,2.0,442.0,,,,,ExtraTreesRegressor,,,,,,2,,,,,,,,True,0.00610870651551321,0.015259516533742648,98.0,0.01068411152462793,0.00457540500911472,0.02294051481369048,1.9844674545084815,0.9825525165218018,1.0039285198152357,98.0,0.9932405181685188,0.010688001646716964,0.053588318327408443,1.9844674545084815,244924347581571.53,337959432352815.75,98.0,291441889967193.6,46517542385622.1,233233204070018.6,1.9844674545084815,2.979691176270894,3.0523782014770453,98.0,3.0160346888739697,0.03634351260307569,0.18222187709973287,1.9844674545084815,0.9335388611031142,0.9474632309681595,98.0,0.9405010460356369,0.0069621849325226595,0.034907534144412646,1.9844674545084815,99.0,0.030303030303030304,0.04386017732672865,0.05546776319932575,98.0,0.0496639702630272,0.005803792936298545,0.029099499949297423,1.9844674545084815,ExtraTreesRegressor,"{'mode': 'original', 'type': 'ExtraTreesRegressor'}",2,"['edges_T2W40', 'lsc_T2W40']",0.22385357027755506,0.2711245752642148,98.0,0.24748907277088492,0.023635502493329862,0.11850548618037261,1.9844674545084815,1.2815393726869322,1.3097689013255718,98.0,1.295654137006252,0.014114764319319842,0.07076968253390921,1.9844674545084815,completed,True,COMPLETE
99,1.21920683020683,2026-06-12 05:33:45.284128,2026-06-12 05:33:45.534827,0 days 00:00:00.250699,11.0,3.0,12.0,,,,,,,,,,,,DecisionTreeRegressor,,,,,,2,,,,,,,,True,,,,,,,,,,,,,,,,,,,,,,,,,,,,,,,,,,,,,,,,,,,,,DecisionTreeRegressor,"{'mode': 'original', 'type': 'DecisionTreeRegressor'}",2,"['edges_T2W40', 'lsc_T2W40']",,,,,,,,,,,,,,,pruned,True,PRUNED
100,1.152816748711579,2026-06-12 05:33:45.544429,2026-06-12 05:33:46.033082,0 days 00:00:00.488653,,,,,,,,,,,minkowski,9.0,distance,,KNeighborsRegressor,,,,,,2,12.0,5.0,12.0,80.0,,,ExtraTrees,,,,,,,,,,,,,,,,,,,,,,,,,,,,,,,,,,,,,,,,,,,,,,KNeighborsRegressor,"{'mode': 'proxy', 'type': 'ExtraTrees'}",2,"['edges_T2W40', 'lsc_T2W40']",,,,,,,,,,,,,,,pruned,True,PRUNED
101,0.9932017510613256,2026-06-12 05:33:46.044858,2026-06-12 05:34:08.907565,0 days 00:00:22.862707,,,,,,2.0,log2,1.0,2.0,439.0,,,,,ExtraTreesRegressor,,,,,,2,,,,,,,,True,0.006141467197234372,0.01530108218242273,98.0,0.010721274689828551,0.004579807492594179,0.022962588321342015,1.9844674545084815,0.9825174314775458,1.0038860706451054,98.0,0.9932017510613256,0.010684319583779781,0.05356985691925177,1.9844674545084815,244864860936966.3,337880267930985.94,98.0,291372564433976.1,46507703497009.82,233183873099424.6,1.9844674545084815,2.9795891742143548,3.0523556535669414,98.0,3.015972413890648,0.03638323967629326,0.18242106373126313,1.9844674545084815,0.933528512833791,0.947420694410913,98.0,0.940474603622352,0.006946090788560982,0.03482684009716852,1.9844674545084815,99.0,0.030303030303030304,0.04394423156299491,0.055561386584420426,98.0,0.04975280907370767,0.005808577510712762,0.029123489213637492,1.9844674545084815,ExtraTreesRegressor,"{'mode': 'original', 'type': 'ExtraTreesRegressor'}",2,"['edges_T2W40', 'lsc_T2W40']",0.22395018634545816,0.2711773032871737,98.0,0.24756374481631593,0.02361355847085778,0.11839546156581063,1.9844674545084815,1.2814817387123065,1.3097020933448869,98.0,1.2955919160285967,0.014110177316290084,0.0707466838680545,1.9844674545084815,completed,True,COMPLETE
102,0.9932405181685188,2026-06-12 05:34:08.925375,2026-06-12 05:34:31.867498,0 days 00:00:22.942123,,,,,,2.0,log2,1.0,2.0,442.0,,,,,ExtraTreesRegressor,,,,,,2,,,,,,,,True,0.00610870651551321,0.015259516533742648,98.0,0.01068411152462793,0.00457540500911472,0.02294051481369048,1.9844674545084815,0.9825525165218018,1.0039285198152357,98.0,0.9932405181685188,0.010688001646716964,0.053588318327408443,1.9844674545084815,244924347581571.53,337959432352815.75,98.0,291441889967193.6,46517542385622.1,233233204070018.6,1.9844674545084815,2.979691176270894,3.0523782014770453,98.0,3.0160346888739697,0.03634351260307569,0.18222187709973287,1.9844674545084815,0.9335388611031142,0.9474632309681595,98.0,0.9405010460356369,0.0069621849325226595,0.034907534144412646,1.9844674545084815,99.0,0.030303030303030304,0.04386017732672865,0.05546776319932575,98.0,0.0496639702630272,0.005803792936298545,0.029099499949297423,1.9844674545084815,ExtraTreesRegressor,"{'mode': 'original', 'type': 'ExtraTreesRegressor'}",2,"['edges_T2W40', 'lsc_T2W40']",0.22385357027755506,0.2711245752642148,98.0,0.24748907277088492,0.023635502493329862,0.11850548618037261,1.9844674545084815,1.2815393726869322,1.3097689013255718,98.0,1.295654137006252,0.014114764319319842,0.07076968253390921,1.9844674545084815,completed,True,COMPLETE
103,0.9932152905609807,2026-06-12 05:34:31.899128,2026-06-12 05:34:54.505509,0 days 00:00:22.606381,,,,,,2.0,log2,1.0,2.0,434.0,,,,,ExtraTreesRegressor,,,,,,2,,,,,,,,True,0.0061352246093044115,0.015281870678324528,98.0,0.01070854764381447,0.004573323034510058,0.022930076050528568,1.9844674545084815,0.9825309119501966,1.0038996691717648,98.0,0.9932152905609807,0.010684378610784064,0.053570152873350575,1.9844674545084815,244961005529047.34,337997082951786.44,98.0,291479044240416.9,46518038711369.54,233235692585928.94,1.9844674545084815,2.9793371557745885,3.0519605454453393,98.0,3.015648850609964,0.03631169483537528,0.1820623467478152,1.9844674545084815,0.9336986950915832,0.9476405265303612,98.0,0.9406696108109722,0.0069709157193890495,0.03495130922990663,1.9844674545084815,99.0,0.030303030303030304,0.04395666448888299,0.05555563623811733,98.0,0.04975615036350016,0.005799485874617169,0.029077904874739376,1.9844674545084815,ExtraTreesRegressor,"{'mode': 'original', 'type': 'ExtraTreesRegressor'}",2,"['edges_T2W40', 'lsc_T2W40']",0.22445356172226852,0.2716449227952113,98.0,0.24804924225873992,0.0235956805364714,0.11830582381400245,1.9844674545084815,1.2814791118157625,1.3097031730343494,98.0,1.295591142425056,0.01411203060929349,0.07075597604995185,1.9844674545084815,completed,True,COMPLETE
104,0.993530238628302,2026-06-12 05:34:54.519004,2026-06-12 05:35:15.224274,0 days 00:00:20.705270,,,,,,2.0,log2,1.0,2.0,394.0,,,,,ExtraTreesRegressor,,,,,,2,,,,,,,,True,0.005800751404247581,0.014977772749457935,98.0,0.010389262076852758,0.004588510672605177,0.023006224989477575,1.9844674545084815,0.982857407600831,1.004203069655773,98.0,0.993530238628302,0.010672831027471037,0.05351225471886434,1.9844674545084815,245168491921075.3,338174712445563.94,98.0,291671602183319.6,46503110262244.305,233160843188417.53,1.9844674545084815,2.977552723168166,3.049937889105998,98.0,3.013745306137082,0.03619258296891608,0.18146513458155886,1.9844674545084815,0.932778270980569,0.9468251156244949,98.0,0.9398016933025319,0.007023422321962993,0.03521457084101309,1.9844674545084815,99.0,0.030303030303030304,0.04393669480076982,0.0554685327581995,98.0,0.04970261377948466,0.005765918978714843,0.028909604610355584,1.9844674545084815,ExtraTreesRegressor,"{'mode': 'original', 'type': 'ExtraTreesRegressor'}",2,"['edges_T2W40', 'lsc_T2W40']",0.22475967668975652,0.2717386063154136,98.0,0.24824914150258506,0.023489464812828532,0.11777327131278736,1.9844674545084815,1.281532724563805,1.3097184619016742,98.0,1.2956255932327396,0.01409286866893448,0.07065990045100723,1.9844674545084815,completed,True,COMPLETE
105,0.9934792293556814,2026-06-12 05:35:15.237863,2026-06-12 05:35:34.910469,0 days 00:00:19.672606,,,,,,2.0,log2,1.0,2.0,375.0,,,,,ExtraTreesRegressor,,,,,,2,,,,,,,,True,0.0058457681456583815,0.015043848638533256,98.0,0.01044480839209582,0.004599040246437438,0.0230590189703382,1.9844674545084815,0.982784006356205,1.004174452355158,98.0,0.9934792293556814,0.010695222999476414,0.05362452529698229,1.9844674545084815,245181584576155.94,338209948044097.2,98.0,291695766310126.56,46514181733970.61,233216354178295.06,1.9844674545084815,2.9788103782578323,3.051292632623584,98.0,3.015051505440708,0.03624112718287591,0.18170852926623615,1.9844674545084815,0.9336660112589924,0.9476447586678071,98.0,0.9406553849633997,0.006989373704407373,0.03504385528384069,1.9844674545084815,99.0,0.030303030303030304,0.04359515366021136,0.05518892011067545,98.0,0.049392036885443406,0.005796883225232044,0.02906485551262709,1.9844674545084815,ExtraTreesRegressor,"{'mode': 'original', 'type': 'ExtraTreesRegressor'}",2,"['edges_T2W40', 'lsc_T2W40']",0.22353398526295212,0.27067680613786604,98.0,0.24710539570040907,0.023571410437456957,0.11818413653935433,1.9844674545084815,1.2817297858587144,1.3099455980634191,98.0,1.2958376919610668,0.014107906102352291,0.07073529628228205,1.9844674545084815,completed,True,COMPLETE
106,1.0198692730961922,2026-06-12 05:35:34.922749,2026-06-12 05:35:38.216104,0 days 00:00:03.293355,,,,,,4.0,log2,1.0,2.0,377.0,,,,,ExtraTreesRegressor,,,,,,2,,,,,,,,True,,,,,,,,,,,,,,,,,,,,,,,,,,,,,,,,,,,,,,,,,,,,,ExtraTreesRegressor,"{'mode': 'original', 'type': 'ExtraTreesRegressor'}",2,"['edges_T2W40', 'lsc_T2W40']",,,,,,,,,,,,,,,pruned,True,PRUNED
