number,value,datetime_start,datetime_complete,duration,params_dt_max_depth,params_dt_min_samples_leaf,params_dt_min_samples_split,params_elastic_alpha,params_elastic_l1_ratio,params_et_max_depth,params_et_max_features,params_et_min_samples_leaf,params_et_min_samples_split,params_et_n_estimators,params_knn_metric,params_knn_n_neighbors,params_knn_weights,params_quantile_alpha,params_regressor,params_rf_max_depth,params_rf_max_features,params_rf_min_samples_leaf,params_rf_min_samples_split,params_rf_n_estimators,params_rfe_n_features,params_rfe_proxy_et_max_depth,params_rfe_proxy_et_min_samples_leaf,params_rfe_proxy_et_min_samples_split,params_rfe_proxy_et_n_estimators,params_rfe_proxy_lsvr_C,params_rfe_proxy_lsvr_epsilon,params_rfe_proxy_type,params_use_scaler,user_attrs_d2mae_ci_lower_val,user_attrs_d2mae_ci_upper_val,user_attrs_d2mae_df_val,user_attrs_d2mae_mean_val,user_attrs_d2mae_samperror_val,user_attrs_d2mae_std_val,user_attrs_d2mae_t_critical_val,user_attrs_mae_ci_lower_val,user_attrs_mae_ci_upper_val,user_attrs_mae_df_val,user_attrs_mae_mean_val,user_attrs_mae_samperror_val,user_attrs_mae_std_val,user_attrs_mae_t_critical_val,user_attrs_mape_ci_lower_val,user_attrs_mape_ci_upper_val,user_attrs_mape_df_val,user_attrs_mape_mean_val,user_attrs_mape_samperror_val,user_attrs_mape_std_val,user_attrs_mape_t_critical_val,user_attrs_max_error_ci_lower_val,user_attrs_max_error_ci_upper_val,user_attrs_max_error_df_val,user_attrs_max_error_mean_val,user_attrs_max_error_samperror_val,user_attrs_max_error_std_val,user_attrs_max_error_t_critical_val,user_attrs_median_ae_ci_lower_val,user_attrs_median_ae_ci_upper_val,user_attrs_median_ae_df_val,user_attrs_median_ae_mean_val,user_attrs_median_ae_samperror_val,user_attrs_median_ae_std_val,user_attrs_median_ae_t_critical_val,user_attrs_n_splits_val,user_attrs_r2_below_zero_val,user_attrs_r2_ci_lower_val,user_attrs_r2_ci_upper_val,user_attrs_r2_df_val,user_attrs_r2_mean_val,user_attrs_r2_samperror_val,user_attrs_r2_std_val,user_attrs_r2_t_critical_val,user_attrs_regressor_final,user_attrs_rfe_estimator,user_attrs_rfe_n_features,user_attrs_rfe_selected_features,user_attrs_rho_ci_lower_val,user_attrs_rho_ci_upper_val,user_attrs_rho_df_val,user_attrs_rho_mean_val,user_attrs_rho_samperror_val,user_attrs_rho_std_val,user_attrs_rho_t_critical_val,user_attrs_rmse_ci_lower_val,user_attrs_rmse_ci_upper_val,user_attrs_rmse_df_val,user_attrs_rmse_mean_val,user_attrs_rmse_samperror_val,user_attrs_rmse_std_val,user_attrs_rmse_t_critical_val,user_attrs_termination_reason,user_attrs_use_scaler_final,state
287,0.9910923718894608,2026-06-12 05:58:12.160538,2026-06-12 05:58:14.469796,0 days 00:00:02.309258,,,,,,,,,,,,,,0.006384106376696439,QuantileRegressor,,,,,,3,,,,,,,,False,0.008194143018396497,0.017142807771992733,98.0,0.012668475395194615,0.004474332376798118,0.022433749136269866,1.9844674545084815,0.9810734480456129,1.0011112957333086,98.0,0.9910923718894608,0.010018923843847853,0.050233644977693316,1.9844674545084815,234553927947845.16,324021102501669.3,98.0,279287515224757.25,44733587276912.086,224288673800721.34,1.9844674545084815,3.011359812825529,3.0836559861845845,98.0,3.0475078995050566,0.036148086679527756,0.18124203569002167,1.9844674545084815,0.9931402248899571,0.9993780822258144,98.0,0.9962591535578857,0.003118928667928649,0.015637922581044916,1.9844674545084815,99.0,0.1111111111111111,0.037827175251575564,0.051617961400440705,98.0,0.044722568326008134,0.006895393074432568,0.03457264802899832,1.9844674545084815,QuantileRegressor,"{'mode': 'original', 'type': 'QuantileRegressor'}",3,"['edges_T2W40', 'l2_T2W40', 'l3_T2W40']",0.2061455766732285,0.2769342483717904,97.0,0.24153991252250945,0.03539433584928096,0.1765415202451415,1.9847231860139845,1.2849872613762927,1.312647215047984,98.0,1.2988172382121383,0.01382997683584568,0.06934179331527658,1.9844674545084815,completed,False,COMPLETE
288,1.27993598993599,2026-06-12 05:58:14.517474,2026-06-12 05:58:14.740248,0 days 00:00:00.222774,16.0,2.0,16.0,,,,,,,,,,,,DecisionTreeRegressor,,,,,,3,,,,,,,,False,,,,,,,,,,,,,,,,,,,,,,,,,,,,,,,,,,,,,,,,,,,,,DecisionTreeRegressor,"{'mode': 'original', 'type': 'DecisionTreeRegressor'}",3,"['edges_T2W40', 're_T2W40', 'z_pe_T2W40']",,,,,,,,,,,,,,,pruned,False,PRUNED
289,0.9909989265623818,2026-06-12 05:58:14.749986,2026-06-12 05:58:17.004867,0 days 00:00:02.254881,,,,,,,,,,,,,,0.006600212898886316,QuantileRegressor,,,,,,3,,,,,,,,False,0.008268214796738848,0.017247222571327818,98.0,0.012757718684033333,0.004489503887294486,0.02250981721343345,1.9844674545084815,0.980988624720714,1.0010092284040495,98.0,0.9909989265623818,0.01001030184166769,0.0501904153251612,1.9844674545084815,234615451314917.97,324118709631129.75,98.0,279367080473023.84,44751629158105.88,224379133561544.4,1.9844674545084815,3.0116321680721128,3.0841791798546807,98.0,3.0479056739633967,0.03627350589128397,0.18187087210548286,1.9844674545084815,0.9931589763906105,0.999369192826007,98.0,0.9962640846083087,0.0031051082176983143,0.015568628552951385,1.9844674545084815,99.0,0.1111111111111111,0.0377817356928394,0.05157078104829591,98.0,0.044676258370567656,0.006894522677728254,0.03456828396757659,1.9844674545084815,QuantileRegressor,"{'mode': 'original', 'type': 'QuantileRegressor'}",3,"['edges_T2W40', 'l2_T2W40', 'l3_T2W40']",0.2257593701900913,0.2868282131276034,97.0,0.25629379165884736,0.030534421468756068,0.15230101247992744,1.9847231860139845,1.285013269933094,1.312688082248904,98.0,1.298850676090999,0.013837406157904884,0.06937904301719702,1.9844674545084815,completed,False,COMPLETE
290,0.992169747717531,2026-06-12 05:58:17.018310,2026-06-12 05:58:19.298549,0 days 00:00:02.280239,,,,,,,,,,,,,,0.004100520568386742,QuantileRegressor,,,,,,3,,,,,,,,False,0.006572816605844882,0.016583765861598584,98.0,0.011578291233721734,0.005005474627876852,0.025096830689657023,1.9844674545084815,0.9819729625718787,1.0023665328631832,98.0,0.992169747717531,0.01019678514565226,0.05112541954643596,1.9844674545084815,234821007214983.56,324638327285592.06,98.0,279729667250287.8,44908660035304.25,225166466957691.72,1.9844674545084815,3.024681943494334,3.1139204867819754,98.0,3.0693012151381547,0.04461927164382091,0.22371550935535742,1.9844674545084815,0.9893927252862449,0.9967270229592373,98.0,0.9930598741227411,0.0036671488364962215,0.018386630700464854,1.9844674545084815,99.0,0.12121212121212122,0.036515155450928136,0.05201755985326381,98.0,0.044266357652095974,0.007751202201167841,0.038863569140998575,1.9844674545084815,QuantileRegressor,"{'mode': 'original', 'type': 'QuantileRegressor'}",3,"['edges_T2W40', 'l2_T2W40', 'z_l1_T2W40']",0.23202353945980528,0.29593097680961866,98.0,0.26397725813471196,0.031953718674906685,0.1602119932888799,1.9844674545084815,1.2851737684343003,1.3128853667803686,98.0,1.2990295676073345,0.013855799173034141,0.06947126332014301,1.9844674545084815,completed,False,COMPLETE
291,1.2082039105686015,2026-06-12 05:58:19.311753,2026-06-12 05:58:19.474001,0 days 00:00:00.162248,,,,,,,,,,,minkowski,5.0,distance,,KNeighborsRegressor,,,,,,3,,,,,0.06411138102472179,0.008284759566211821,LinearSVR,,,,,,,,,,,,,,,,,,,,,,,,,,,,,,,,,,,,,,,,,,,,,,KNeighborsRegressor,"{'mode': 'proxy', 'type': 'LinearSVR'}",3,"['edges_T2W40', 'l2_T2W40', 'l3_T2W40']",,,,,,,,,,,,,,,pruned,True,PRUNED
292,0.9919113968119546,2026-06-12 05:58:19.485042,2026-06-12 05:58:21.840634,0 days 00:00:02.355592,,,,,,,,,,,,,,0.003578733022417634,QuantileRegressor,,,,,,3,,,,,,,,False,0.006663677332195879,0.016860718709858592,98.0,0.011762198021027235,0.005098520688831356,0.025563352131022357,1.9844674545084815,0.9819414180584229,1.0018813755654863,98.0,0.9919113968119546,0.009969978753531696,0.04998824034854717,1.9844674545084815,232220358636795.8,321518818765231.1,98.0,276869588701013.47,44649230064217.66,223865717169865.0,1.9844674545084815,3.015887830250736,3.1015786292993184,98.0,3.058733229775027,0.04284539952429112,0.21482153394671058,1.9844674545084815,0.9879048787432854,0.9976563775519629,98.0,0.9927806281476241,0.00487574940433875,0.024446404463703983,1.9844674545084815,99.0,0.12121212121212122,0.038438039755590195,0.05420401071979729,98.0,0.04632102523769374,0.007882985482103545,0.039524314212195495,1.9844674545084815,QuantileRegressor,"{'mode': 'original', 'type': 'QuantileRegressor'}",3,"['edges_T2W40', 'l2_T2W40', 'l3_T2W40']",0.2195867566472211,0.2842784912426907,98.0,0.2519326239449559,0.032345867297734816,0.16217817798143408,1.9844674545084815,1.2837908757011882,1.3114126114066962,98.0,1.2976017435539422,0.013810867852754066,0.06924598323752074,1.9844674545084815,completed,False,COMPLETE
293,0.9912117276347162,2026-06-12 05:58:21.853980,2026-06-12 05:58:24.325880,0 days 00:00:02.471900,,,,,,,,,,,,,,0.006190307627997538,QuantileRegressor,,,,,,3,,,,,,,,False,0.008049337492024737,0.017028369173707886,98.0,0.012538853332866312,0.0044895158408415755,0.022509877147040103,1.9844674545084815,0.9812260151150844,1.001197440154348,98.0,0.9912117276347162,0.009985712519631736,0.05006712750576583,1.9844674545084815,234552513974140.16,324018649445962.1,98.0,279285581710051.16,44733067735911.0,224286068886400.5,1.9844674545084815,3.010998875287692,3.0834011218816144,98.0,3.047199998584653,0.03620112329696105,0.18150795473007883,1.9844674545084815,0.9927775450234113,0.9994434897868476,98.0,0.9961105174051295,0.003332972381718144,0.0167111112883142,1.9844674545084815,99.0,0.1111111111111111,0.037740133382634766,0.05154137276129815,98.0,0.04464075307196646,0.006900619689331693,0.03459885362965662,1.9844674545084815,QuantileRegressor,"{'mode': 'original', 'type': 'QuantileRegressor'}",3,"['edges_T2W40', 'l2_T2W40', 'l3_T2W40']",0.21334597642615896,0.27971720434466657,98.0,0.24653159038541275,0.0331856139592538,0.16638856387950143,1.9844674545084815,1.2850532979125626,1.31268230856874,98.0,1.2988678032406513,0.013814505328088655,0.06926422108895276,1.9844674545084815,completed,False,COMPLETE
294,0.9910976744610289,2026-06-12 05:58:24.340053,2026-06-12 05:58:26.527164,0 days 00:00:02.187111,,,,,,,,,,,,,,0.006501317510965625,QuantileRegressor,,,,,,3,,,,,,,,False,0.008187574571138273,0.017138771076114875,98.0,0.012663172823626575,0.004475598252488302,0.022440096080412537,1.9844674545084815,0.9810782652097514,1.0011170837123065,98.0,0.9910976744610289,0.010019409251277521,0.05023607875050879,1.9844674545084815,234553927947845.2,324021102501669.3,98.0,279287515224757.25,44733587276912.08,224288673800721.28,1.9844674545084815,3.0113374422992716,3.0836020087251623,98.0,3.047469725512217,0.03613228321294527,0.18116279906320482,1.9844674545084815,0.9930856364006648,0.9992955943582997,98.0,0.9961906153794823,0.0031049789788174286,0.01556798056518734,1.9844674545084815,99.0,0.1111111111111111,0.03784185675646942,0.051625473071060704,98.0,0.04473366491376506,0.0068918081572956445,0.03455467369786881,1.9844674545084815,QuantileRegressor,"{'mode': 'original', 'type': 'QuantileRegressor'}",3,"['edges_T2W40', 'l2_T2W40', 'l3_T2W40']",0.2327263535685122,0.29105440468173915,98.0,0.2618903791251257,0.029164025556613488,0.14622481703270884,1.9844674545084815,1.2849803801810538,1.3126396599297214,98.0,1.2988100200553876,0.013829639874333787,0.06934010383193251,1.9844674545084815,completed,False,COMPLETE
295,0.9907970623321257,2026-06-12 05:58:26.539970,2026-06-12 05:58:28.783102,0 days 00:00:02.243132,,,,,,,,,,,,,,0.0068298373948522725,QuantileRegressor,,,,,,3,,,,,,,,False,0.008534399438213115,0.017403837358914022,98.0,0.012969118398563568,0.004434718960350453,0.022235132365726447,1.9844674545084815,0.9807689192821393,1.0008252053821123,98.0,0.9907970623321257,0.010028143049986489,0.05027986893700894,1.9844674545084815,234672299688302.56,324102171967550.06,98.0,279387235827926.3,44714936139623.75,224195159305195.12,1.9844674545084815,3.0106714827901735,3.0825317695748655,98.0,3.0466016261825195,0.03593014339234588,0.18014929500407584,1.9844674545084815,0.9931557192708241,0.9993447067320574,98.0,0.9962502130014408,0.003094493730616695,0.01551540882756084,1.9844674545084815,99.0,0.1111111111111111,0.03799870065767875,0.051611126614600426,98.0,0.04480491363613959,0.006806212978460837,0.03412551005790062,1.9844674545084815,QuantileRegressor,"{'mode': 'original', 'type': 'QuantileRegressor'}",3,"['edges_T2W40', 'l2_T2W40', 'l3_T2W40']",0.227968701755673,0.2855910139460871,97.0,0.25677985785088003,0.02881115609520705,0.1437056290228782,1.9847231860139845,1.2849326249810225,1.3126160577340378,98.0,1.2987743413575301,0.013841716376507584,0.06940065392016813,1.9844674545084815,completed,False,COMPLETE
296,1.1044575407126227,2026-06-12 05:58:28.815128,2026-06-12 05:58:28.948910,0 days 00:00:00.133782,,,,0.0011300011764871765,0.3492188235095628,,,,,,,,,,ElasticNet,,,,,,15,,,,,,,,False,,,,,,,,,,,,,,,,,,,,,,,,,,,,,,,,,,,,,,,,,,,,,ElasticNet,"{'mode': 'original', 'type': 'ElasticNet'}",15,"['nodes_T2W40', 'edges_T2W40', 're_T2W40', 'l1_T2W40', 'l3_T2W40', 'lcc_T2W40', 'asp_T2W40', 'z_pe_T2W40', 'z_l1_T2W40', 'z_l2_T2W40', 'z_l3_T2W40', 'z_lsc_T2W40', 'z_density_T2W40', 'z_diameter_T2W40', 'z_asp_T2W40']",,,,,,,,,,,,,,,pruned,False,PRUNED
297,0.9908147901255601,2026-06-12 05:58:28.958631,2026-06-12 05:58:31.215255,0 days 00:00:02.256624,,,,,,,,,,,,,,0.006643915728514612,QuantileRegressor,,,,,,3,,,,,,,,False,0.008500012671641622,0.01739523857913253,98.0,0.012947625625387076,0.004447612953745455,0.02229978125383502,1.9844674545084815,0.9807965843388213,1.0008329959122988,98.0,0.9908147901255601,0.010018205786738739,0.05023004472816001,1.9844674545084815,234633393134170.84,324066238801150.3,98.0,279349815967660.6,44716422833489.74,224202613404359.78,1.9844674545084815,3.0113166511790244,3.0838406446154893,98.0,3.047578647897257,0.036261996718232554,0.18181316653529764,1.9844674545084815,0.9932067921291271,0.9994165599982255,98.0,0.9963116760636763,0.003104883934549222,0.015567504024981957,1.9844674545084815,99.0,0.1111111111111111,0.038018662414668905,0.05168849528086114,98.0,0.04485357884776502,0.006834916433096118,0.03426942562929878,1.9844674545084815,QuantileRegressor,"{'mode': 'original', 'type': 'QuantileRegressor'}",3,"['edges_T2W40', 'l2_T2W40', 'l3_T2W40']",0.22865274279693232,0.2892953246724352,98.0,0.25897403373468375,0.030321290937751447,0.15202720251912577,1.9844674545084815,1.2848977011395353,1.3125776509163494,98.0,1.2987376760279423,0.013839974888407007,0.06939192231422514,1.9844674545084815,completed,False,COMPLETE
298,0.9908023679207714,2026-06-12 05:58:31.227883,2026-06-12 05:58:33.431757,0 days 00:00:02.203874,,,,,,,,,,,,,,0.0067210314934900905,QuantileRegressor,,,,,,3,,,,,,,,False,0.008528223364972325,0.01739991676506133,98.0,0.012964070065016828,0.004435846700044503,0.022240786713069643,1.9844674545084815,0.9807726199732744,1.0008321158682685,98.0,0.9908023679207714,0.010029747947497034,0.050287915694627504,1.9844674545084815,234671554249378.88,324100890951796.75,98.0,279386222600587.8,44714668351208.94,224193816647204.3,1.9844674545084815,3.010679190046646,3.08252744273037,98.0,3.046603316388508,0.03592412634186196,0.18011912625715917,1.9844674545084815,0.9932018685609327,0.9994024276852622,98.0,0.9963021481230975,0.003100279562164708,0.015544418271330802,1.9844674545084815,99.0,0.1111111111111111,0.037989287022877315,0.05160542834507719,98.0,0.04479735768397725,0.006808070661099941,0.03413482424888843,1.9844674545084815,QuantileRegressor,"{'mode': 'original', 'type': 'QuantileRegressor'}",3,"['edges_T2W40', 'l2_T2W40', 'l3_T2W40']",0.21819834600107138,0.28339074978777157,97.0,0.25079454789442146,0.03259620189335009,0.16258485710748233,1.9847231860139845,1.2849372157291519,1.3126215336957314,98.0,1.2987793747124416,0.01384215898328987,0.06940287309583136,1.9844674545084815,completed,False,COMPLETE
299,0.9908922697715988,2026-06-12 05:58:33.445066,2026-06-12 05:58:35.680842,0 days 00:00:02.235776,,,,,,,,,,,,,,0.007025634020957979,QuantileRegressor,,,,,,3,,,,,,,,False,0.008456289409601546,0.017295742453244365,98.0,0.012876015931422955,0.004419726521821409,0.02215996213325878,1.9844674545084815,0.9808637788496273,1.0009207606935704,98.0,0.9908922697715988,0.010028490921971592,0.05028161312411623,1.9844674545084815,235034792398196.7,324658022252325.8,98.0,279846407325261.25,44811614927064.55,224679894787854.5,1.9844674545084815,3.0108528945361885,3.082708496140494,98.0,3.046780695338341,0.03592780080215277,0.18013754954658726,1.9844674545084815,0.993230755661934,0.999336947701684,98.0,0.996283851681809,0.0030530960198750534,0.015307845826115149,1.9844674545084815,99.0,0.1111111111111111,0.0377427102491656,0.051208141621333435,98.0,0.044475425935249516,0.006732715686083921,0.0337570037243236,1.9844674545084815,QuantileRegressor,"{'mode': 'original', 'type': 'QuantileRegressor'}",3,"['edges_T2W40', 'l2_T2W40', 'l3_T2W40']",0.23242654539129898,0.28975203326357296,96.0,0.26108928932743597,0.028662743936137002,0.14221537550580945,1.984984311522457,1.2851710394306528,1.3128399009670735,98.0,1.2990054701988631,0.01383443076821031,0.06936412478127497,1.9844674545084815,completed,False,COMPLETE
