number,value,datetime_start,datetime_complete,duration,params_dt_max_depth,params_dt_min_samples_leaf,params_dt_min_samples_split,params_elastic_alpha,params_elastic_l1_ratio,params_et_max_depth,params_et_max_features,params_et_min_samples_leaf,params_et_min_samples_split,params_et_n_estimators,params_knn_metric,params_knn_n_neighbors,params_knn_weights,params_quantile_alpha,params_regressor,params_rf_max_depth,params_rf_max_features,params_rf_min_samples_leaf,params_rf_min_samples_split,params_rf_n_estimators,params_rfe_n_features,params_rfe_proxy_et_max_depth,params_rfe_proxy_et_min_samples_leaf,params_rfe_proxy_et_min_samples_split,params_rfe_proxy_et_n_estimators,params_rfe_proxy_lsvr_C,params_rfe_proxy_lsvr_epsilon,params_rfe_proxy_type,params_use_scaler,user_attrs_d2mae_ci_lower_val,user_attrs_d2mae_ci_upper_val,user_attrs_d2mae_df_val,user_attrs_d2mae_mean_val,user_attrs_d2mae_samperror_val,user_attrs_d2mae_std_val,user_attrs_d2mae_t_critical_val,user_attrs_mae_ci_lower_val,user_attrs_mae_ci_upper_val,user_attrs_mae_df_val,user_attrs_mae_mean_val,user_attrs_mae_samperror_val,user_attrs_mae_std_val,user_attrs_mae_t_critical_val,user_attrs_mape_ci_lower_val,user_attrs_mape_ci_upper_val,user_attrs_mape_df_val,user_attrs_mape_mean_val,user_attrs_mape_samperror_val,user_attrs_mape_std_val,user_attrs_mape_t_critical_val,user_attrs_max_error_ci_lower_val,user_attrs_max_error_ci_upper_val,user_attrs_max_error_df_val,user_attrs_max_error_mean_val,user_attrs_max_error_samperror_val,user_attrs_max_error_std_val,user_attrs_max_error_t_critical_val,user_attrs_median_ae_ci_lower_val,user_attrs_median_ae_ci_upper_val,user_attrs_median_ae_df_val,user_attrs_median_ae_mean_val,user_attrs_median_ae_samperror_val,user_attrs_median_ae_std_val,user_attrs_median_ae_t_critical_val,user_attrs_n_splits_val,user_attrs_r2_below_zero_val,user_attrs_r2_ci_lower_val,user_attrs_r2_ci_upper_val,user_attrs_r2_df_val,user_attrs_r2_mean_val,user_attrs_r2_samperror_val,user_attrs_r2_std_val,user_attrs_r2_t_critical_val,user_attrs_regressor_final,user_attrs_rfe_estimator,user_attrs_rfe_n_features,user_attrs_rfe_selected_features,user_attrs_rho_ci_lower_val,user_attrs_rho_ci_upper_val,user_attrs_rho_df_val,user_attrs_rho_mean_val,user_attrs_rho_samperror_val,user_attrs_rho_std_val,user_attrs_rho_t_critical_val,user_attrs_rmse_ci_lower_val,user_attrs_rmse_ci_upper_val,user_attrs_rmse_df_val,user_attrs_rmse_mean_val,user_attrs_rmse_samperror_val,user_attrs_rmse_std_val,user_attrs_rmse_t_critical_val,user_attrs_termination_reason,user_attrs_use_scaler_final,state
62,1.0394587995467723,2026-06-12 05:26:32.617734,2026-06-12 05:26:35.842585,0 days 00:00:03.224851,,,,,,3.0,log2,1.0,2.0,500.0,,,,,ExtraTreesRegressor,,,,,,4,,,,,,,,True,,,,,,,,,,,,,,,,,,,,,,,,,,,,,,,,,,,,,,,,,,,,,ExtraTreesRegressor,"{'mode': 'original', 'type': 'ExtraTreesRegressor'}",4,"['edges_T2W40', 'l3_T2W40', 'lsc_T2W40', 'z_lsc_T2W40']",,,,,,,,,,,,,,,pruned,True,PRUNED
63,1.0002850642804535,2026-06-12 05:26:35.852142,2026-06-12 05:26:59.692577,0 days 00:00:23.840435,,,,,,3.0,log2,1.0,2.0,457.0,,,,,ExtraTreesRegressor,,,,,,3,,,,,,,,True,-0.0010795240848671204,0.008423562524081295,98.0,0.003672019219607087,0.0047515433044742076,0.023823650441225745,1.9844674545084815,0.9894654115385358,1.011104717022371,98.0,1.0002850642804535,0.010819652741917603,0.05424840063567895,1.9844674545084815,238677623856587.34,330969747959005.6,98.0,284823685907796.5,46146062051209.15,231370647619252.28,1.9844674545084815,2.988427679759327,3.0520723003991708,98.0,3.020249990079249,0.0318223103199218,0.15955312805002825,1.9844674545084815,0.9244464979962776,0.9403981421462486,98.0,0.9324223200712631,0.007975822074985463,0.03998978540655262,1.9844674545084815,99.0,0.1111111111111111,0.037307324518563355,0.050730185647868416,98.0,0.044018755083215885,0.00671143056465253,0.03365028275808448,1.9844674545084815,ExtraTreesRegressor,"{'mode': 'original', 'type': 'ExtraTreesRegressor'}",3,"['edges_T2W40', 'lsc_T2W40', 'z_lsc_T2W40']",0.20705737554904158,0.2546795364698971,98.0,0.23086845600946934,0.023811080460427778,0.11938581239130769,1.9844674545084815,1.2852219997838068,1.313600747776074,98.0,1.2994113737799404,0.014189373996133618,0.07114376622546906,1.9844674545084815,completed,True,COMPLETE
64,1.5022222222222221,2026-06-12 05:26:59.704889,2026-06-12 05:26:59.926865,0 days 00:00:00.221976,,,,,,,,,,,euclidean,1.0,uniform,,KNeighborsRegressor,,,,,,3,2.0,1.0,3.0,20.0,,,ExtraTrees,,,,,,,,,,,,,,,,,,,,,,,,,,,,,,,,,,,,,,,,,,,,,,KNeighborsRegressor,"{'mode': 'proxy', 'type': 'ExtraTrees'}",3,"['edges_T2W40', 'l3_T2W40', 'lsc_T2W40']",,,,,,,,,,,,,,,pruned,True,PRUNED
65,1.0381754792654754,2026-06-12 05:26:59.936486,2026-06-12 05:27:02.896345,0 days 00:00:02.959859,,,,,,3.0,log2,1.0,3.0,456.0,,,,,ExtraTreesRegressor,,,,,,5,,,,,,,,True,,,,,,,,,,,,,,,,,,,,,,,,,,,,,,,,,,,,,,,,,,,,,ExtraTreesRegressor,"{'mode': 'original', 'type': 'ExtraTreesRegressor'}",5,"['edges_T2W40', 'l3_T2W40', 'lsc_T2W40', 'z_l3_T2W40', 'z_lsc_T2W40']",,,,,,,,,,,,,,,pruned,True,PRUNED
66,1.078084661397957,2026-06-12 05:27:02.906303,2026-06-12 05:27:05.804995,0 days 00:00:02.898692,,,,,,,,,,,,,,,RandomForestRegressor,10.0,,5.0,7.0,239.0,2,,,,,,,,True,,,,,,,,,,,,,,,,,,,,,,,,,,,,,,,,,,,,,,,,,,,,,RandomForestRegressor,"{'mode': 'original', 'type': 'RandomForestRegressor'}",2,"['lsc_T2W40', 'z_l2_T2W40']",,,,,,,,,,,,,,,pruned,True,PRUNED
67,1.055667267398483,2026-06-12 05:27:05.814436,2026-06-12 05:27:05.937205,0 days 00:00:00.122769,,,,0.022147540420060997,0.18950757895462328,,,,,,,,,,ElasticNet,,,,,,7,,,,,,,,True,,,,,,,,,,,,,,,,,,,,,,,,,,,,,,,,,,,,,,,,,,,,,ElasticNet,"{'mode': 'original', 'type': 'ElasticNet'}",7,"['edges_T2W40', 'l2_T2W40', 'l3_T2W40', 'atd_T2W40', 'z_pe_T2W40', 'z_l2_T2W40', 'z_lsc_T2W40']",,,,,,,,,,,,,,,pruned,True,PRUNED
68,1.0758028407175986,2026-06-12 05:27:05.946401,2026-06-12 05:27:06.057103,0 days 00:00:00.110702,,,,,,,,,,,,,,,LinearRegression,,,,,,5,,,,,,,,True,,,,,,,,,,,,,,,,,,,,,,,,,,,,,,,,,,,,,,,,,,,,,LinearRegression,"{'mode': 'original', 'type': 'LinearRegression'}",5,"['atd_T2W40', 'diameter_T2W40', 'asp_T2W40', 'z_diameter_T2W40', 'z_asp_T2W40']",,,,,,,,,,,,,,,pruned,True,PRUNED
69,1.0391539749850953,2026-06-12 05:27:06.067006,2026-06-12 05:27:08.941643,0 days 00:00:02.874637,,,,,,4.0,log2,1.0,2.0,405.0,,,,,ExtraTreesRegressor,,,,,,3,,,,,,,,True,,,,,,,,,,,,,,,,,,,,,,,,,,,,,,,,,,,,,,,,,,,,,ExtraTreesRegressor,"{'mode': 'original', 'type': 'ExtraTreesRegressor'}",3,"['edges_T2W40', 'lsc_T2W40', 'z_lsc_T2W40']",,,,,,,,,,,,,,,pruned,True,PRUNED
70,1.039590542939247,2026-06-12 05:27:08.951969,2026-06-12 05:27:11.953855,0 days 00:00:03.001886,,,,,,3.0,log2,3.0,3.0,467.0,,,,,ExtraTreesRegressor,,,,,,6,,,,,,,,True,,,,,,,,,,,,,,,,,,,,,,,,,,,,,,,,,,,,,,,,,,,,,ExtraTreesRegressor,"{'mode': 'original', 'type': 'ExtraTreesRegressor'}",6,"['edges_T2W40', 'l2_T2W40', 'l3_T2W40', 'lsc_T2W40', 'z_l3_T2W40', 'z_lsc_T2W40']",,,,,,,,,,,,,,,pruned,True,PRUNED
71,1.0007007938584125,2026-06-12 05:27:11.963211,2026-06-12 05:27:36.124987,0 days 00:00:24.161776,,,,,,2.0,log2,1.0,2.0,470.0,,,,,ExtraTreesRegressor,,,,,,4,,,,,,,,True,-0.0012472988320838862,0.007800574970563342,98.0,0.003276638069239728,0.004523936901323614,0.02268246008698052,1.9844674545084815,0.9899125342194834,1.0114890534973415,98.0,1.0007007938584125,0.010788259638929012,0.054090999500102356,1.9844674545084815,244806894376816.0,337647194536433.6,98.0,291227044456624.8,46420150079808.83,232744891094490.06,1.9844674545084815,2.980859189485916,3.0417733667739033,98.0,3.0113162781299097,0.030457088643993734,0.1527080754222918,1.9844674545084815,0.9271155972167399,0.9425665698331712,98.0,0.9348410835249555,0.007725486308215688,0.038734632834367594,1.9844674545084815,99.0,0.09090909090909091,0.03734285054943962,0.04886251535714085,98.0,0.043102682953290235,0.005759832403850611,0.028879087276795085,1.9844674545084815,ExtraTreesRegressor,"{'mode': 'original', 'type': 'ExtraTreesRegressor'}",4,"['edges_T2W40', 'l3_T2W40', 'lsc_T2W40', 'z_lsc_T2W40']",0.2087016982593964,0.25680240361723083,98.0,0.23275205093831364,0.02405035267891722,0.12058549370079327,1.9844674545084815,1.2860506102996416,1.314150483740997,98.0,1.3001005470203193,0.014049936720677697,0.07044464497242045,1.9844674545084815,completed,True,COMPLETE
72,1.0393348699145335,2026-06-12 05:27:36.137724,2026-06-12 05:27:39.275156,0 days 00:00:03.137432,,,,,,3.0,log2,1.0,2.0,469.0,,,,,ExtraTreesRegressor,,,,,,4,,,,,,,,True,,,,,,,,,,,,,,,,,,,,,,,,,,,,,,,,,,,,,,,,,,,,,ExtraTreesRegressor,"{'mode': 'original', 'type': 'ExtraTreesRegressor'}",4,"['edges_T2W40', 'l3_T2W40', 'lsc_T2W40', 'z_lsc_T2W40']",,,,,,,,,,,,,,,pruned,True,PRUNED
73,0.993563002862968,2026-06-12 05:27:39.284600,2026-06-12 05:28:03.729009,0 days 00:00:24.444409,,,,,,2.0,log2,1.0,3.0,473.0,,,,,ExtraTreesRegressor,,,,,,2,,,,,,,,True,0.005799280677031465,0.014926474117019348,98.0,0.010362877397025407,0.004563596719993942,0.022881309512529185,1.9844674545084815,0.9828765483606656,1.0042494573652703,98.0,0.993563002862968,0.010686454502302318,0.053580561136669626,1.9844674545084815,244977333108157.22,338043234969817.9,98.0,291510284038987.56,46532950930830.34,233310460609910.25,1.9844674545084815,2.9799839291834282,3.052330960533555,98.0,3.0161574448584916,0.03617351567506317,0.18136953352848958,1.9844674545084815,0.9328664773120972,0.9471014537397895,98.0,0.9399839655259433,0.007117488213846191,0.03568620558851865,1.9844674545084815,99.0,0.030303030303030304,0.043997571452638454,0.05558894146748555,98.0,0.049793256460062,0.00579568500742355,0.029058847796735045,1.9844674545084815,ExtraTreesRegressor,"{'mode': 'original', 'type': 'ExtraTreesRegressor'}",2,"['edges_T2W40', 'lsc_T2W40']",0.2231435427644827,0.2702233940382358,98.0,0.24668346840135927,0.023539925636876558,0.11802627564339388,1.9844674545084815,1.2814512904626714,1.3096830547792209,98.0,1.2955671726209461,0.014115882158274709,0.0707752872401707,1.9844674545084815,completed,True,COMPLETE
74,1.0095588935808952,2026-06-12 05:28:03.746743,2026-06-12 05:28:07.297791,0 days 00:00:03.551048,,,,,,4.0,sqrt,1.0,10.0,411.0,,,,,ExtraTreesRegressor,,,,,,2,,,,,,,,True,,,,,,,,,,,,,,,,,,,,,,,,,,,,,,,,,,,,,,,,,,,,,ExtraTreesRegressor,"{'mode': 'original', 'type': 'ExtraTreesRegressor'}",2,"['edges_T2W40', 'lsc_T2W40']",,,,,,,,,,,,,,,pruned,True,PRUNED
75,1.262897546897547,2026-06-12 05:28:07.308003,2026-06-12 05:28:07.464603,0 days 00:00:00.156600,20.0,3.0,12.0,,,,,,,,,,,,DecisionTreeRegressor,,,,,,3,,,,,,,,True,,,,,,,,,,,,,,,,,,,,,,,,,,,,,,,,,,,,,,,,,,,,,DecisionTreeRegressor,"{'mode': 'original', 'type': 'DecisionTreeRegressor'}",3,"['edges_T2W40', 'lsc_T2W40', 'z_l2_T2W40']",,,,,,,,,,,,,,,pruned,True,PRUNED
76,1.025109144609221,2026-06-12 05:28:07.474483,2026-06-12 05:28:09.096761,0 days 00:00:01.622278,,,,,,3.0,,2.0,3.0,211.0,,,,,ExtraTreesRegressor,,,,,,3,,,,,,,,True,,,,,,,,,,,,,,,,,,,,,,,,,,,,,,,,,,,,,,,,,,,,,ExtraTreesRegressor,"{'mode': 'original', 'type': 'ExtraTreesRegressor'}",3,"['edges_T2W40', 'lsc_T2W40', 'z_lsc_T2W40']",,,,,,,,,,,,,,,pruned,True,PRUNED
77,1.0087389569044012,2026-06-12 05:28:09.106977,2026-06-12 05:28:13.363812,0 days 00:00:04.256835,,,,,,19.0,sqrt,3.0,3.0,469.0,,,,,ExtraTreesRegressor,,,,,,2,,,,,,,,True,,,,,,,,,,,,,,,,,,,,,,,,,,,,,,,,,,,,,,,,,,,,,ExtraTreesRegressor,"{'mode': 'original', 'type': 'ExtraTreesRegressor'}",2,"['edges_T2W40', 'lsc_T2W40']",,,,,,,,,,,,,,,pruned,True,PRUNED
78,1.1013333333333333,2026-06-12 05:28:13.374434,2026-06-12 05:28:13.506711,0 days 00:00:00.132277,,,,,,,,,,,manhattan,10.0,uniform,,KNeighborsRegressor,,,,,,5,,,,,0.2209912225230706,0.00014504086346104093,LinearSVR,,,,,,,,,,,,,,,,,,,,,,,,,,,,,,,,,,,,,,,,,,,,,,KNeighborsRegressor,"{'mode': 'proxy', 'type': 'LinearSVR'}",5,"['edges_T2W40', 'l1_T2W40', 'l3_T2W40', 'density_T2W40', 'z_l1_T2W40']",,,,,,,,,,,,,,,pruned,True,PRUNED
79,1.0638382602734304,2026-06-12 05:28:13.516151,2026-06-12 05:28:14.915837,0 days 00:00:01.399686,,,,,,14.0,log2,5.0,4.0,443.0,,,,,ExtraTreesRegressor,,,,,,22,,,,,,,,True,,,,,,,,,,,,,,,,,,,,,,,,,,,,,,,,,,,,,,,,,,,,,ExtraTreesRegressor,"{'mode': 'original', 'type': 'ExtraTreesRegressor'}",22,"['nodes_T2W40', 'edges_T2W40', 're_T2W40', 'pe_T2W40', 'l1_T2W40', 'l2_T2W40', 'l3_T2W40', 'lcc_T2W40', 'lsc_T2W40', 'atd_T2W40', 'density_T2W40', 'diameter_T2W40', 'asp_T2W40', 'z_re_T2W40', 'z_pe_T2W40', 'z_l1_T2W40', 'z_l2_T2W40', 'z_l3_T2W40', 'z_lsc_T2W40', 'z_density_T2W40', 'z_diameter_T2W40', 'z_asp_T2W40']",,,,,,,,,,,,,,,pruned,True,PRUNED
80,1.0259470399021131,2026-06-12 05:28:14.926072,2026-06-12 05:28:15.077340,0 days 00:00:00.151268,,,,0.011603121518797223,0.5499370778400346,,,,,,,,,,ElasticNet,,,,,,2,,,,,,,,True,,,,,,,,,,,,,,,,,,,,,,,,,,,,,,,,,,,,,,,,,,,,,ElasticNet,"{'mode': 'original', 'type': 'ElasticNet'}",2,"['edges_T2W40', 'l3_T2W40']",,,,,,,,,,,,,,,pruned,True,PRUNED
81,1.0007341141440305,2026-06-12 05:28:15.087080,2026-06-12 05:28:39.738968,0 days 00:00:24.651888,,,,,,2.0,log2,1.0,2.0,479.0,,,,,ExtraTreesRegressor,,,,,,4,,,,,,,,True,-0.0012719599363843776,0.007759458954380729,98.0,0.003243749508998176,0.0045157094453825534,0.022641208640492422,1.9844674545084815,0.9899483630130047,1.0115198652750563,98.0,1.0007341141440305,0.010785751131025763,0.054078422151736444,1.9844674545084815,244703911074055.97,337499896528303.7,98.0,291101903801179.8,46397992727123.85,232633796868626.1,1.9844674545084815,2.980689898693607,3.0415403307988975,98.0,3.0111151147462523,0.030425216052645244,0.15254827019138348,1.9844674545084815,0.9271490541115265,0.9426885958015664,98.0,0.9349188249565464,0.007769770845019948,0.03895667002463856,1.9844674545084815,99.0,0.09090909090909091,0.03736241328760476,0.04888952717291814,98.0,0.04312597023026145,0.005763556942656694,0.02889776165370487,1.9844674545084815,ExtraTreesRegressor,"{'mode': 'original', 'type': 'ExtraTreesRegressor'}",4,"['edges_T2W40', 'l3_T2W40', 'lsc_T2W40', 'z_lsc_T2W40']",0.2088574231558267,0.25692683107822123,98.0,0.23289212711702398,0.02403470396119727,0.1205070329656333,1.9844674545084815,1.2860366238015546,1.3141304613751066,98.0,1.3000835425883306,0.014046918786775978,0.0704295134251058,1.9844674545084815,completed,True,COMPLETE
82,0.9963467401918721,2026-06-12 05:28:39.751774,2026-06-12 05:29:04.356887,0 days 00:00:24.605113,,,,,,2.0,log2,1.0,2.0,478.0,,,,,ExtraTreesRegressor,,,,,,3,,,,,,,,True,0.003777035429854828,0.011526648197298301,98.0,0.007651841813576565,0.003874806383721737,0.019427799958445645,1.9844674545084815,0.9857122457100485,1.0069812346736957,98.0,0.9963467401918721,0.010634494481823653,0.053320040020585706,1.9844674545084815,248035446064626.44,341777802069503.56,98.0,294906624067065.0,46871178002438.555,235006289313852.75,1.9844674545084815,2.9862640648574073,3.0356662280160385,98.0,3.010965146436723,0.02470108157931576,0.12384816792297706,1.9844674545084815,0.9493243502185797,0.9605881204445286,98.0,0.9549562353315542,0.0056318851129743925,0.028237575385307825,1.9844674545084815,99.0,0.0707070707070707,0.031488164680856814,0.041011659672961914,98.0,0.036249912176909364,0.004761747496052553,0.023874812995709656,1.9844674545084815,ExtraTreesRegressor,"{'mode': 'original', 'type': 'ExtraTreesRegressor'}",3,"['edges_T2W40', 'lsc_T2W40', 'z_lsc_T2W40']",0.20518924006239025,0.25284621822458675,98.0,0.2290177291434885,0.02382848908109825,0.11947309706219067,1.9844674545084815,1.2907482389968272,1.3189418153139536,98.0,1.3048450271553904,0.014096788158563097,0.070679552287229,1.9844674545084815,completed,True,COMPLETE
83,1.0359558052868356,2026-06-12 05:29:04.369417,2026-06-12 05:29:04.863369,0 days 00:00:00.493952,,,,,,3.0,log2,1.0,2.0,52.0,,,,,ExtraTreesRegressor,,,,,,3,,,,,,,,True,,,,,,,,,,,,,,,,,,,,,,,,,,,,,,,,,,,,,,,,,,,,,ExtraTreesRegressor,"{'mode': 'original', 'type': 'ExtraTreesRegressor'}",3,"['edges_T2W40', 'lsc_T2W40', 'z_lsc_T2W40']",,,,,,,,,,,,,,,pruned,True,PRUNED
84,0.9963467401918721,2026-06-12 05:29:04.879010,2026-06-12 05:29:29.593285,0 days 00:00:24.714275,,,,,,2.0,log2,1.0,2.0,478.0,,,,,ExtraTreesRegressor,,,,,,3,,,,,,,,True,0.003777035429854828,0.011526648197298301,98.0,0.007651841813576565,0.003874806383721737,0.019427799958445645,1.9844674545084815,0.9857122457100485,1.0069812346736957,98.0,0.9963467401918721,0.010634494481823653,0.053320040020585706,1.9844674545084815,248035446064626.44,341777802069503.56,98.0,294906624067065.0,46871178002438.555,235006289313852.75,1.9844674545084815,2.9862640648574073,3.0356662280160385,98.0,3.010965146436723,0.02470108157931576,0.12384816792297706,1.9844674545084815,0.9493243502185797,0.9605881204445286,98.0,0.9549562353315542,0.0056318851129743925,0.028237575385307825,1.9844674545084815,99.0,0.0707070707070707,0.031488164680856814,0.041011659672961914,98.0,0.036249912176909364,0.004761747496052553,0.023874812995709656,1.9844674545084815,ExtraTreesRegressor,"{'mode': 'original', 'type': 'ExtraTreesRegressor'}",3,"['edges_T2W40', 'lsc_T2W40', 'z_lsc_T2W40']",0.20518924006239025,0.25284621822458675,98.0,0.2290177291434885,0.02382848908109825,0.11947309706219067,1.9844674545084815,1.2907482389968272,1.3189418153139536,98.0,1.3048450271553904,0.014096788158563097,0.070679552287229,1.9844674545084815,completed,True,COMPLETE
85,0.9961252672287408,2026-06-12 05:29:29.606259,2026-06-12 05:29:52.082506,0 days 00:00:22.476247,,,,,,2.0,log2,1.0,3.0,430.0,,,,,ExtraTreesRegressor,,,,,,3,,,,,,,,True,0.0040220880154190584,0.011705624314855764,98.0,0.007863856165137411,0.003841768149718353,0.019262150339436408,1.9844674545084815,0.9855369155288218,1.0067136189286598,98.0,0.9961252672287408,0.010588351699919025,0.05308868581921572,1.9844674545084815,247902630980003.72,341586850203926.9,98.0,294744740591965.3,46842109611961.59,234860543999281.0,1.9844674545084815,2.9857035529097207,3.035076844646272,98.0,3.0103901987779964,0.02468664586827554,0.12377578905328038,1.9844674545084815,0.949570134293674,0.9607081149998604,98.0,0.9551391246467672,0.005568990353093231,0.027922228838306414,1.9844674545084815,99.0,0.0707070707070707,0.03182593834947244,0.04131835503392758,98.0,0.03657214669170001,0.0047462083422275675,0.023796901600367786,1.9844674545084815,ExtraTreesRegressor,"{'mode': 'original', 'type': 'ExtraTreesRegressor'}",3,"['edges_T2W40', 'lsc_T2W40', 'z_lsc_T2W40']",0.20773400226917677,0.2549812399393127,98.0,0.23135762110424474,0.02362361883506798,0.11844590298765972,1.9844674545084815,1.2905502877436092,1.3186934051149668,98.0,1.304621846429288,0.014071558685678729,0.07055305483065576,1.9844674545084815,completed,True,COMPLETE
86,1.0005003687412748,2026-06-12 05:29:52.095785,2026-06-12 05:30:14.042295,0 days 00:00:21.946510,,,,,,3.0,log2,1.0,3.0,418.0,,,,,ExtraTreesRegressor,,,,,,3,,,,,,,,True,-0.0013006334574926547,0.008207878992105858,98.0,0.003453622767306602,0.004754256224799257,0.023837252688192118,1.9844674545084815,0.9896901199762865,1.011310617506263,98.0,1.0005003687412748,0.010810248764988253,0.05420125025847177,1.9844674545084815,239239788941600.47,331619821370635.25,98.0,285429805156117.9,46190016214517.4,231591028357676.0,1.9844674545084815,2.9884081666376816,3.0516718244784538,98.0,3.0200399955580677,0.03163182892038614,0.1585980778721587,1.9844674545084815,0.9244912938884425,0.9408049325339921,98.0,0.9326481132112173,0.008156819322774827,0.040897283220599136,1.9844674545084815,99.0,0.1111111111111111,0.03676907048263915,0.05008724273448949,98.0,0.04342815660856432,0.006659086125925165,0.03338783421644778,1.9844674545084815,ExtraTreesRegressor,"{'mode': 'original', 'type': 'ExtraTreesRegressor'}",3,"['edges_T2W40', 'lsc_T2W40', 'z_lsc_T2W40']",0.20363151047531658,0.25131646425184107,98.0,0.22747398736357882,0.02384247688826223,0.11954323019725019,1.9844674545084815,1.2856421745701936,1.3139839449568411,98.0,1.2998130597635174,0.014170885193323702,0.0710510656549396,1.9844674545084815,completed,True,COMPLETE
87,1.000935896048427,2026-06-12 05:30:14.055347,2026-06-12 05:30:35.258685,0 days 00:00:21.203338,,,,,,3.0,sqrt,1.0,5.0,420.0,,,,,ExtraTreesRegressor,,,,,,2,,,,,,,,True,-0.002658942481187136,0.00840047029654824,98.0,0.002870763907680552,0.005529706388867688,0.027725263900456917,1.9844674545084815,0.9902643187600558,1.011607473336798,98.0,1.000935896048427,0.010671577288371056,0.05350596862608386,1.9844674545084815,237203248240338.1,328762616721715.9,98.0,282982932481027.0,45779684240688.9,229533674592186.1,1.9844674545084815,2.970504423636564,3.065191969575161,98.0,3.0178481966058626,0.04734377296929864,0.23737582202549945,1.9844674545084815,0.9000292487494073,0.9208417888496125,98.0,0.9104355187995099,0.010406270050102594,0.0521757509475281,1.9844674545084815,99.0,0.06060606060606061,0.047503760957622695,0.06282409432436284,98.0,0.05516392764099277,0.007660166683370071,0.038407128314350135,1.9844674545084815,ExtraTreesRegressor,"{'mode': 'original', 'type': 'ExtraTreesRegressor'}",2,"['edges_T2W40', 'lsc_T2W40']",0.21813294963177485,0.26556009574153955,98.0,0.24184652268665718,0.02371357305488234,0.11889692231995805,1.9844674545084815,1.2776538580074221,1.3056351073240033,98.0,1.2916444826657127,0.013990624658290644,0.070147261627534,1.9844674545084815,completed,True,COMPLETE
88,1.0861337973863812,2026-06-12 05:30:35.271070,2026-06-12 05:30:35.446833,0 days 00:00:00.175763,,,,,,,,,,,,,,,LinearRegression,,,,,,3,,,,,,,,True,,,,,,,,,,,,,,,,,,,,,,,,,,,,,,,,,,,,,,,,,,,,,LinearRegression,"{'mode': 'original', 'type': 'LinearRegression'}",3,"['atd_T2W40', 'diameter_T2W40', 'asp_T2W40']",,,,,,,,,,,,,,,pruned,True,PRUNED
89,1.0672881469170223,2026-06-12 05:30:35.456142,2026-06-12 05:30:38.385260,0 days 00:00:02.929118,,,,,,,,,,,,,,,RandomForestRegressor,9.0,log2,3.0,8.0,269.0,2,,,,,,,,True,,,,,,,,,,,,,,,,,,,,,,,,,,,,,,,,,,,,,,,,,,,,,RandomForestRegressor,"{'mode': 'original', 'type': 'RandomForestRegressor'}",2,"['lsc_T2W40', 'z_lsc_T2W40']",,,,,,,,,,,,,,,pruned,True,PRUNED
