number,value,datetime_start,datetime_complete,duration,params_dt_max_depth,params_dt_min_samples_leaf,params_dt_min_samples_split,params_elastic_alpha,params_elastic_l1_ratio,params_et_max_depth,params_et_max_features,params_et_min_samples_leaf,params_et_min_samples_split,params_et_n_estimators,params_knn_metric,params_knn_n_neighbors,params_knn_weights,params_quantile_alpha,params_regressor,params_rf_max_depth,params_rf_max_features,params_rf_min_samples_leaf,params_rf_min_samples_split,params_rf_n_estimators,params_rfe_n_features,params_rfe_proxy_et_max_depth,params_rfe_proxy_et_min_samples_leaf,params_rfe_proxy_et_min_samples_split,params_rfe_proxy_et_n_estimators,params_rfe_proxy_lsvr_C,params_rfe_proxy_lsvr_epsilon,params_rfe_proxy_type,params_use_scaler,user_attrs_d2mae_ci_lower_val,user_attrs_d2mae_ci_upper_val,user_attrs_d2mae_df_val,user_attrs_d2mae_mean_val,user_attrs_d2mae_samperror_val,user_attrs_d2mae_std_val,user_attrs_d2mae_t_critical_val,user_attrs_mae_ci_lower_val,user_attrs_mae_ci_upper_val,user_attrs_mae_df_val,user_attrs_mae_mean_val,user_attrs_mae_samperror_val,user_attrs_mae_std_val,user_attrs_mae_t_critical_val,user_attrs_mape_ci_lower_val,user_attrs_mape_ci_upper_val,user_attrs_mape_df_val,user_attrs_mape_mean_val,user_attrs_mape_samperror_val,user_attrs_mape_std_val,user_attrs_mape_t_critical_val,user_attrs_max_error_ci_lower_val,user_attrs_max_error_ci_upper_val,user_attrs_max_error_df_val,user_attrs_max_error_mean_val,user_attrs_max_error_samperror_val,user_attrs_max_error_std_val,user_attrs_max_error_t_critical_val,user_attrs_median_ae_ci_lower_val,user_attrs_median_ae_ci_upper_val,user_attrs_median_ae_df_val,user_attrs_median_ae_mean_val,user_attrs_median_ae_samperror_val,user_attrs_median_ae_std_val,user_attrs_median_ae_t_critical_val,user_attrs_n_splits_val,user_attrs_r2_below_zero_val,user_attrs_r2_ci_lower_val,user_attrs_r2_ci_upper_val,user_attrs_r2_df_val,user_attrs_r2_mean_val,user_attrs_r2_samperror_val,user_attrs_r2_std_val,user_attrs_r2_t_critical_val,user_attrs_regressor_final,user_attrs_rfe_estimator,user_attrs_rfe_n_features,user_attrs_rfe_selected_features,user_attrs_rho_ci_lower_val,user_attrs_rho_ci_upper_val,user_attrs_rho_df_val,user_attrs_rho_mean_val,user_attrs_rho_samperror_val,user_attrs_rho_std_val,user_attrs_rho_t_critical_val,user_attrs_rmse_ci_lower_val,user_attrs_rmse_ci_upper_val,user_attrs_rmse_df_val,user_attrs_rmse_mean_val,user_attrs_rmse_samperror_val,user_attrs_rmse_std_val,user_attrs_rmse_t_critical_val,user_attrs_termination_reason,user_attrs_use_scaler_final,state
271,0.9919227536847733,2026-06-12 05:57:36.185440,2026-06-12 05:57:38.439030,0 days 00:00:02.253590,,,,,,,,,,,,,,0.0054671100313858105,QuantileRegressor,,,,,,3,,,,,,,,False,0.007256208993545301,0.016341356089787557,98.0,0.01179878254166643,0.004542573548121129,0.02277590192897794,1.9844674545084815,0.9820374922025636,1.001808015166983,98.0,0.9919227536847733,0.009885261482209704,0.04956347842826556,1.9844674545084815,234574571653615.06,324122673658260.0,98.0,279348622655937.53,44774051002322.48,224491553915234.7,1.9844674545084815,3.0109829781662514,3.0832758834917104,98.0,3.047129430828981,0.03614645266272943,0.18123384293189573,1.9844674545084815,0.9902523204653764,0.9984816145631872,98.0,0.9943669675142818,0.0041146470489053545,0.020630331389348354,1.9844674545084815,99.0,0.12121212121212122,0.037399935119659264,0.05167928041630325,98.0,0.04453960776798126,0.0071396726483219965,0.0357974355991323,1.9844674545084815,QuantileRegressor,"{'mode': 'original', 'type': 'QuantileRegressor'}",3,"['edges_T2W40', 'l2_T2W40', 'l3_T2W40']",0.2163153248227029,0.28309445730701327,98.0,0.2497048910648581,0.03338956624215519,0.16741115540044105,1.9844674545084815,1.2851184835516392,1.312679685632043,98.0,1.2988990845918411,0.013780601040201958,0.06909422918288916,1.9844674545084815,completed,False,COMPLETE
272,0.9912385556174814,2026-06-12 05:57:38.451535,2026-06-12 05:57:40.623279,0 days 00:00:02.171744,,,,,,,,,,,,,,0.005607357427388318,QuantileRegressor,,,,,,3,,,,,,,,False,0.008019056268816573,0.016998843856395104,98.0,0.012508950062605838,0.004489893793789264,0.022511772156373278,1.9844674545084815,0.9812646945325114,1.0012124167024514,98.0,0.9912385556174814,0.009973861084970038,0.05000770587819875,1.9844674545084815,234359087200305.9,323832042599100.4,98.0,279095564899703.12,44736477699397.23,224303166021564.28,1.9844674545084815,3.0110527884265745,3.0832858457906567,98.0,3.0471693171086156,0.03611652868204097,0.18108380779382585,1.9844674545084815,0.992025238186145,0.9991156695640513,98.0,0.9955704538750981,0.0035452156889531398,0.01777527297979977,1.9844674545084815,99.0,0.1111111111111111,0.03787935996428949,0.05166982276421544,98.0,0.044774591364252464,0.006895231399962976,0.03457183741320425,1.9844674545084815,QuantileRegressor,"{'mode': 'original', 'type': 'QuantileRegressor'}",3,"['edges_T2W40', 'l2_T2W40', 'l3_T2W40']",0.22114532183257313,0.286278030647716,98.0,0.25371167624014457,0.03256635440757144,0.163283673079542,1.9844674545084815,1.2849732585955138,1.3125739982033067,98.0,1.2987736283994102,0.01380036980389645,0.06919334731898386,1.9844674545084815,completed,False,COMPLETE
273,0.9920590403075173,2026-06-12 05:57:40.635822,2026-06-12 05:57:42.940933,0 days 00:00:02.305111,,,,,,,,,,,,,,0.005106871085555071,QuantileRegressor,,,,,,3,,,,,,,,False,0.0071138552736847585,0.016203303055429105,98.0,0.011658579164556931,0.0045447238908721726,0.0227866834815698,1.9844674545084815,0.9821878290771071,1.0019302515379276,98.0,0.9920590403075173,0.009871211230410196,0.04949303220352686,1.9844674545084815,234099150967489.84,323434982635877.4,98.0,278767066801683.62,44667915834193.77,223959405309404.22,1.9844674545084815,3.0116249621489573,3.0856137944296185,98.0,3.048619378289288,0.03699441614033074,0.1854854269295155,1.9844674545084815,0.9894878223310448,0.9980058423025882,98.0,0.9937468323168165,0.004259009985771649,0.02135414929948564,1.9844674545084815,99.0,0.13131313131313133,0.037610693476127006,0.05195756929877653,98.0,0.04478413138745177,0.007173437911324762,0.03596673045162296,1.9844674545084815,QuantileRegressor,"{'mode': 'original', 'type': 'QuantileRegressor'}",3,"['edges_T2W40', 'l2_T2W40', 'l3_T2W40']",0.20399062473423646,0.27641702251554834,97.0,0.2402038236248924,0.036213198890655954,0.18062588354023182,1.9847231860139845,1.284989760515226,1.3124403417192385,98.0,1.2987150511172323,0.013725290602006189,0.068816909486763,1.9844674545084815,completed,False,COMPLETE
274,0.9934899737814376,2026-06-12 05:57:42.954300,2026-06-12 05:57:45.069289,0 days 00:00:02.114989,,,,,,,,,,,,,,0.0024976333018040973,QuantileRegressor,,,,,,3,,,,,,,,False,0.004854545609646077,0.015525493710784136,98.0,0.010190019660215106,0.00533547405056903,0.02675140697955884,1.9844674545084815,0.9834129920118458,1.0035669555510291,98.0,0.9934899737814376,0.010076981769591703,0.050524740236566716,1.9844674545084815,234271497828297.34,324223704579272.6,98.0,279247601203785.0,44976103375487.65,225504619523744.34,1.9844674545084815,3.0244042215175906,3.1156646650108044,98.0,3.0700344432641975,0.045630221746606865,0.22878428813290008,1.9844674545084815,0.989129754960383,0.9971186869330388,98.0,0.9931242209467109,0.003994465986327894,0.020027758405996937,1.9844674545084815,99.0,0.12121212121212122,0.03619705614258093,0.052380816456587466,98.0,0.0442889362995842,0.008091880157003266,0.0405716862753225,1.9844674545084815,QuantileRegressor,"{'mode': 'original', 'type': 'QuantileRegressor'}",3,"['edges_T2W40', 'l2_T2W40', 'z_l1_T2W40']",0.24501867916147566,0.3033145034657823,98.0,0.27416659131362897,0.029147912152153326,0.14614402641570753,1.9844674545084815,1.2853161446747436,1.3124876649919681,98.0,1.2989019048333559,0.01358576015861222,0.06811732110119635,1.9844674545084815,completed,False,COMPLETE
275,0.9923217160426144,2026-06-12 05:57:45.082241,2026-06-12 05:57:47.412302,0 days 00:00:02.330061,,,,,,,,,,,,,,0.004055072609980553,QuantileRegressor,,,,,,3,,,,,,,,False,0.006401457791607469,0.016464019500162585,98.0,0.011432738645885027,0.005031280854277558,0.025226219917026296,1.9844674545084815,0.9820872847879893,1.0025561472972395,98.0,0.9923217160426144,0.010234431254625073,0.05131417248062391,1.9844674545084815,234868956795761.8,324683176497414.1,98.0,279776066646587.97,44907109850826.17,225158694524450.88,1.9844674545084815,3.024955835266301,3.1141822065652294,98.0,3.069569020915765,0.04461318564946425,0.2236849949323901,1.9844674545084815,0.9894063362607683,0.9971612018828806,98.0,0.9932837690718245,0.003877432811056125,0.019440968540254597,1.9844674545084815,99.0,0.12121212121212122,0.03651294123652255,0.052037563775516056,98.0,0.044275252506019304,0.007762311269496751,0.0389192686355915,1.9844674545084815,QuantileRegressor,"{'mode': 'original', 'type': 'QuantileRegressor'}",3,"['edges_T2W40', 'l2_T2W40', 'z_l1_T2W40']",0.245096732655942,0.3036882407393672,98.0,0.2743924866976546,0.02929575404171257,0.1468852873643583,1.9844674545084815,1.2851588775027336,1.3128903624810766,98.0,1.299024619991905,0.013865742489171532,0.06952111787743195,1.9844674545084815,completed,False,COMPLETE
276,0.991261627254391,2026-06-12 05:57:47.425301,2026-06-12 05:57:49.728859,0 days 00:00:02.303558,,,,,,,,,,,,,,0.005876013539097288,QuantileRegressor,,,,,,3,,,,,,,,False,0.007996164348677202,0.016976356508215898,98.0,0.01248626042844655,0.004490096079769348,0.02251278639325798,1.9844674545084815,0.9812866364692414,1.0012366180395407,98.0,0.991261627254391,0.009974990785149587,0.05001337005517376,1.9844674545084815,234558754996304.22,324024169068462.4,98.0,279291462032383.28,44732707036079.07,224284260382055.8,1.9844674545084815,3.0110991915487246,3.083480248830195,98.0,3.0472897201894598,0.036190528640734985,0.18145483443414528,1.9844674545084815,0.9925055858003223,0.9994367338835443,98.0,0.9959711598419333,0.003465574041610985,0.017375959610382248,1.9844674545084815,99.0,0.1111111111111111,0.03768807381496542,0.051494686794068795,98.0,0.044591380304517106,0.006903306489551685,0.034612324913646866,1.9844674545084815,QuantileRegressor,"{'mode': 'original', 'type': 'QuantileRegressor'}",3,"['edges_T2W40', 'l2_T2W40', 'l3_T2W40']",0.22860886727170265,0.28734990106010644,95.0,0.25797938416590455,0.029370516894201906,0.14495452664787106,1.9852510035054978,1.2850915561854483,1.312706706433863,98.0,1.2988991313096556,0.013807575124207225,0.069229473903843,1.9844674545084815,completed,False,COMPLETE
277,0.991261627254391,2026-06-12 05:57:49.742282,2026-06-12 05:57:52.143188,0 days 00:00:02.400906,,,,,,,,,,,,,,0.005856776742168982,QuantileRegressor,,,,,,3,,,,,,,,False,0.007996164348677278,0.016976356508215915,98.0,0.012486260428446597,0.004490096079769318,0.022512786393257832,1.9844674545084815,0.9812866364692415,1.0012366180395407,98.0,0.991261627254391,0.009974990785149566,0.05001337005517366,1.9844674545084815,234558754996304.38,324024169068462.5,98.0,279291462032383.44,44732707036079.07,224284260382055.8,1.9844674545084815,3.0110991915487246,3.083480248830195,98.0,3.0472897201894598,0.036190528640735145,0.1814548344341461,1.9844674545084815,0.9925055858003221,0.999436733883544,98.0,0.9959711598419331,0.0034655740416109724,0.017375959610382186,1.9844674545084815,99.0,0.1111111111111111,0.037688073814965355,0.05149468679406872,98.0,0.044591380304517036,0.006903306489551683,0.03461232491364685,1.9844674545084815,QuantileRegressor,"{'mode': 'original', 'type': 'QuantileRegressor'}",3,"['edges_T2W40', 'l2_T2W40', 'l3_T2W40']",0.23111771799668684,0.2904214993471102,96.0,0.2607696086718985,0.029651890675211685,0.14712320551822144,1.984984311522457,1.2850915561854483,1.312706706433863,98.0,1.2988991313096556,0.013807575124207234,0.06922947390384304,1.9844674545084815,completed,False,COMPLETE
278,0.9909989265623818,2026-06-12 05:57:52.156286,2026-06-12 05:57:54.590402,0 days 00:00:02.434116,,,,,,,,,,,,,,0.006526237602700792,QuantileRegressor,,,,,,3,,,,,,,,False,0.008268214796738838,0.0172472225713278,98.0,0.012757718684033319,0.004489503887294481,0.02250981721343342,1.9844674545084815,0.980988624720714,1.0010092284040495,98.0,0.9909989265623818,0.010010301841667697,0.050190415325161226,1.9844674545084815,234615451314917.97,324118709631129.75,98.0,279367080473023.84,44751629158105.88,224379133561544.4,1.9844674545084815,3.011632168072113,3.084179179854681,98.0,3.047905673963397,0.03627350589128392,0.1818708721054826,1.9844674545084815,0.99315897639061,0.9993691928260066,98.0,0.9962640846083083,0.003105108217698311,0.015568628552951368,1.9844674545084815,99.0,0.1111111111111111,0.03778173569283949,0.051570781048295974,98.0,0.04467625837056773,0.006894522677728238,0.03456828396757651,1.9844674545084815,QuantileRegressor,"{'mode': 'original', 'type': 'QuantileRegressor'}",3,"['edges_T2W40', 'l2_T2W40', 'l3_T2W40']",0.223075888044741,0.2869446867676305,97.0,0.25501028740618575,0.03193439936144475,0.15928388755172712,1.9847231860139845,1.285013269933094,1.312688082248904,98.0,1.298850676090999,0.013837406157904882,0.06937904301719701,1.9844674545084815,completed,False,COMPLETE
279,1.0734147435901644,2026-06-12 05:57:54.603463,2026-06-12 05:57:54.766831,0 days 00:00:00.163368,,,,,,,,,,,,,,,LinearRegression,,,,,,3,,,,,,,,False,,,,,,,,,,,,,,,,,,,,,,,,,,,,,,,,,,,,,,,,,,,,,LinearRegression,"{'mode': 'original', 'type': 'LinearRegression'}",3,"['atd_T2W40', 'density_T2W40', 'asp_T2W40']",,,,,,,,,,,,,,,pruned,False,PRUNED
280,0.9910976744610289,2026-06-12 05:57:54.777013,2026-06-12 05:57:56.986969,0 days 00:00:02.209956,,,,,,,,,,,,,,0.006500472772139233,QuantileRegressor,,,,,,3,,,,,,,,False,0.008187574571138275,0.017138771076114875,98.0,0.012663172823626575,0.004475598252488301,0.022440096080412534,1.9844674545084815,0.9810782652097514,1.0011170837123065,98.0,0.9910976744610289,0.010019409251277521,0.05023607875050879,1.9844674545084815,234553927947845.16,324021102501669.3,98.0,279287515224757.25,44733587276912.086,224288673800721.3,1.9844674545084815,3.0113374422992716,3.0836020087251623,98.0,3.047469725512217,0.036132283212945274,0.18116279906320484,1.9844674545084815,0.9930856364006648,0.9992955943582997,98.0,0.9961906153794823,0.0031049789788174277,0.015567980565187337,1.9844674545084815,99.0,0.1111111111111111,0.037841856756469415,0.05162547307106071,98.0,0.04473366491376506,0.006891808157295645,0.03455467369786882,1.9844674545084815,QuantileRegressor,"{'mode': 'original', 'type': 'QuantileRegressor'}",3,"['edges_T2W40', 'l2_T2W40', 'l3_T2W40']",0.2327263535685122,0.29105440468173915,98.0,0.2618903791251257,0.029164025556613488,0.14622481703270884,1.9844674545084815,1.2849803801810538,1.3126396599297214,98.0,1.2988100200553876,0.013829639874333787,0.06934010383193251,1.9844674545084815,completed,False,COMPLETE
281,1.1161437665871552,2026-06-12 05:57:57.018664,2026-06-12 05:58:00.957967,0 days 00:00:03.939303,,,,,,,,,,,,,,,RandomForestRegressor,15.0,log2,2.0,4.0,359.0,3,,,,,,,,False,,,,,,,,,,,,,,,,,,,,,,,,,,,,,,,,,,,,,,,,,,,,,RandomForestRegressor,"{'mode': 'original', 'type': 'RandomForestRegressor'}",3,"['lsc_T2W40', 'z_l2_T2W40', 'z_lsc_T2W40']",,,,,,,,,,,,,,,pruned,False,PRUNED
282,0.991211727634716,2026-06-12 05:58:00.968453,2026-06-12 05:58:03.119145,0 days 00:00:02.150692,,,,,,,,,,,,,,0.00611054465059204,QuantileRegressor,,,,,,3,,,,,,,,False,0.00804933749202478,0.01702836917370791,98.0,0.012538853332866345,0.004489515840841564,0.022509877147040048,1.9844674545084815,0.9812260151150842,1.0011974401543478,98.0,0.991211727634716,0.00998571251963176,0.050067127505765946,1.9844674545084815,234552513974140.06,324018649445962.06,98.0,279285581710051.06,44733067735910.99,224286068886400.47,1.9844674545084815,3.010998875287693,3.0834011218816153,98.0,3.047199998584654,0.03620112329696105,0.18150795473007883,1.9844674545084815,0.9927775450234118,0.999443489786848,98.0,0.9961105174051299,0.0033329723817181623,0.01671111128831429,1.9844674545084815,99.0,0.1111111111111111,0.03774013338263501,0.05154137276129823,98.0,0.04464075307196662,0.006900619689331611,0.03459885362965621,1.9844674545084815,QuantileRegressor,"{'mode': 'original', 'type': 'QuantileRegressor'}",3,"['edges_T2W40', 'l2_T2W40', 'l3_T2W40']",0.23073327545205088,0.2887222976584353,97.0,0.2597277865552431,0.028994511103192212,0.14462017568910468,1.9847231860139845,1.2850532979125624,1.3126823085687398,98.0,1.298867803240651,0.013814505328088644,0.06926422108895271,1.9844674545084815,completed,False,COMPLETE
283,0.991211727634716,2026-06-12 05:58:03.132694,2026-06-12 05:58:05.360607,0 days 00:00:02.227913,,,,,,,,,,,,,,0.006113480082512777,QuantileRegressor,,,,,,3,,,,,,,,False,0.008049337492024775,0.017028369173707904,98.0,0.01253885333286634,0.004489515840841565,0.02250987714704005,1.9844674545084815,0.9812260151150842,1.0011974401543478,98.0,0.991211727634716,0.009985712519631759,0.05006712750576594,1.9844674545084815,234552513974140.16,324018649445962.2,98.0,279285581710051.16,44733067735911.01,224286068886400.56,1.9844674545084815,3.010998875287693,3.0834011218816153,98.0,3.047199998584654,0.036201123296961055,0.18150795473007886,1.9844674545084815,0.9927775450234118,0.999443489786848,98.0,0.9961105174051299,0.003332972381718158,0.01671111128831427,1.9844674545084815,99.0,0.1111111111111111,0.037740133382635,0.051541372761298235,98.0,0.04464075307196662,0.006900619689331615,0.034598853629656236,1.9844674545084815,QuantileRegressor,"{'mode': 'original', 'type': 'QuantileRegressor'}",3,"['edges_T2W40', 'l2_T2W40', 'l3_T2W40']",0.2177300932322942,0.28233939454705725,97.0,0.2500347438896757,0.032304650657381515,0.1611306442456725,1.9847231860139845,1.2850532979125624,1.3126823085687398,98.0,1.298867803240651,0.013814505328088644,0.06926422108895271,1.9844674545084815,completed,False,COMPLETE
284,0.9910923718894608,2026-06-12 05:58:05.374616,2026-06-12 05:58:07.630183,0 days 00:00:02.255567,,,,,,,,,,,,,,0.006450489126009996,QuantileRegressor,,,,,,3,,,,,,,,False,0.008194143018396575,0.017142807771992744,98.0,0.01266847539519466,0.004474332376798085,0.022433749136269703,1.9844674545084815,0.9810734480456129,1.0011112957333086,98.0,0.9910923718894608,0.010018923843847826,0.05023364497769318,1.9844674545084815,234553927947845.16,324021102501669.3,98.0,279287515224757.25,44733587276912.086,224288673800721.3,1.9844674545084815,3.0113598128255283,3.083655986184584,98.0,3.047507899505056,0.03614808667952791,0.18124203569002242,1.9844674545084815,0.9931402248899573,0.9993780822258146,98.0,0.996259153557886,0.0031189286679286746,0.015637922581045044,1.9844674545084815,99.0,0.1111111111111111,0.03782717525157587,0.05161796140044091,98.0,0.04472256832600839,0.006895393074432523,0.0345726480289981,1.9844674545084815,QuantileRegressor,"{'mode': 'original', 'type': 'QuantileRegressor'}",3,"['edges_T2W40', 'l2_T2W40', 'l3_T2W40']",0.21113501845124,0.27887278705249546,98.0,0.24500390275186773,0.03386888430062774,0.16981439686189723,1.9844674545084815,1.2849872613762923,1.3126472150479835,98.0,1.298817238212138,0.013829976835845666,0.06934179331527651,1.9844674545084815,completed,False,COMPLETE
285,0.9910923718894608,2026-06-12 05:58:07.643273,2026-06-12 05:58:09.861529,0 days 00:00:02.218256,,,,,,,,,,,,,,0.006454434312693143,QuantileRegressor,,,,,,3,,,,,,,,False,0.008194143018396612,0.0171428077719928,98.0,0.012668475395194705,0.004474332376798094,0.022433749136269745,1.9844674545084815,0.9810734480456129,1.0011112957333086,98.0,0.9910923718894608,0.010018923843847831,0.0502336449776932,1.9844674545084815,234553927947845.16,324021102501669.3,98.0,279287515224757.25,44733587276912.086,224288673800721.34,1.9844674545084815,3.0113598128255283,3.083655986184584,98.0,3.047507899505056,0.03614808667952792,0.1812420356900225,1.9844674545084815,0.9931402248899573,0.9993780822258146,98.0,0.996259153557886,0.003118928667928673,0.015637922581045034,1.9844674545084815,99.0,0.1111111111111111,0.037827175251575876,0.05161796140044095,98.0,0.04472256832600841,0.006895393074432533,0.03457264802899815,1.9844674545084815,QuantileRegressor,"{'mode': 'original', 'type': 'QuantileRegressor'}",3,"['edges_T2W40', 'l2_T2W40', 'l3_T2W40']",0.21690012479151644,0.2826264380554327,97.0,0.24976328142347456,0.032863156631958136,0.16391638641180936,1.9847231860139845,1.2849872613762923,1.3126472150479835,98.0,1.298817238212138,0.01382997683584567,0.06934179331527653,1.9844674545084815,completed,False,COMPLETE
286,0.9909989265623818,2026-06-12 05:58:09.874748,2026-06-12 05:58:12.147806,0 days 00:00:02.273058,,,,,,,,,,,,,,0.006559076685992903,QuantileRegressor,,,,,,3,,,,,,,,False,0.008268214796738813,0.01724722257132781,98.0,0.012757718684033312,0.004489503887294498,0.02250981721343351,1.9844674545084815,0.980988624720714,1.0010092284040495,98.0,0.9909989265623818,0.0100103018416677,0.05019041532516125,1.9844674545084815,234615451314917.97,324118709631129.75,98.0,279367080473023.84,44751629158105.88,224379133561544.4,1.9844674545084815,3.011632168072113,3.084179179854681,98.0,3.047905673963397,0.03627350589128392,0.1818708721054826,1.9844674545084815,0.9931589763906102,0.9993691928260068,98.0,0.9962640846083085,0.0031051082176983083,0.015568628552951356,1.9844674545084815,99.0,0.1111111111111111,0.03778173569283943,0.051570781048295954,98.0,0.04467625837056769,0.006894522677728263,0.034568283967576635,1.9844674545084815,QuantileRegressor,"{'mode': 'original', 'type': 'QuantileRegressor'}",3,"['edges_T2W40', 'l2_T2W40', 'l3_T2W40']",0.2099209425621437,0.2800587741807762,97.0,0.24498985837145995,0.03506891580931626,0.17491837498206209,1.9847231860139845,1.2850132699330943,1.3126880822489042,98.0,1.2988506760909992,0.01383740615790489,0.06937904301719705,1.9844674545084815,completed,False,COMPLETE
