number,value,datetime_start,datetime_complete,duration,params_dt_max_depth,params_dt_min_samples_leaf,params_dt_min_samples_split,params_elastic_alpha,params_elastic_l1_ratio,params_et_max_depth,params_et_max_features,params_et_min_samples_leaf,params_et_min_samples_split,params_et_n_estimators,params_knn_metric,params_knn_n_neighbors,params_knn_weights,params_quantile_alpha,params_regressor,params_rf_max_depth,params_rf_max_features,params_rf_min_samples_leaf,params_rf_min_samples_split,params_rf_n_estimators,params_rfe_n_features,params_rfe_proxy_et_max_depth,params_rfe_proxy_et_min_samples_leaf,params_rfe_proxy_et_min_samples_split,params_rfe_proxy_et_n_estimators,params_rfe_proxy_lsvr_C,params_rfe_proxy_lsvr_epsilon,params_rfe_proxy_type,params_use_scaler,user_attrs_d2mae_ci_lower_val,user_attrs_d2mae_ci_upper_val,user_attrs_d2mae_df_val,user_attrs_d2mae_mean_val,user_attrs_d2mae_samperror_val,user_attrs_d2mae_std_val,user_attrs_d2mae_t_critical_val,user_attrs_mae_ci_lower_val,user_attrs_mae_ci_upper_val,user_attrs_mae_df_val,user_attrs_mae_mean_val,user_attrs_mae_samperror_val,user_attrs_mae_std_val,user_attrs_mae_t_critical_val,user_attrs_mape_ci_lower_val,user_attrs_mape_ci_upper_val,user_attrs_mape_df_val,user_attrs_mape_mean_val,user_attrs_mape_samperror_val,user_attrs_mape_std_val,user_attrs_mape_t_critical_val,user_attrs_max_error_ci_lower_val,user_attrs_max_error_ci_upper_val,user_attrs_max_error_df_val,user_attrs_max_error_mean_val,user_attrs_max_error_samperror_val,user_attrs_max_error_std_val,user_attrs_max_error_t_critical_val,user_attrs_median_ae_ci_lower_val,user_attrs_median_ae_ci_upper_val,user_attrs_median_ae_df_val,user_attrs_median_ae_mean_val,user_attrs_median_ae_samperror_val,user_attrs_median_ae_std_val,user_attrs_median_ae_t_critical_val,user_attrs_n_splits_val,user_attrs_r2_below_zero_val,user_attrs_r2_ci_lower_val,user_attrs_r2_ci_upper_val,user_attrs_r2_df_val,user_attrs_r2_mean_val,user_attrs_r2_samperror_val,user_attrs_r2_std_val,user_attrs_r2_t_critical_val,user_attrs_regressor_final,user_attrs_rfe_estimator,user_attrs_rfe_n_features,user_attrs_rfe_selected_features,user_attrs_rho_ci_lower_val,user_attrs_rho_ci_upper_val,user_attrs_rho_df_val,user_attrs_rho_mean_val,user_attrs_rho_samperror_val,user_attrs_rho_std_val,user_attrs_rho_t_critical_val,user_attrs_rmse_ci_lower_val,user_attrs_rmse_ci_upper_val,user_attrs_rmse_df_val,user_attrs_rmse_mean_val,user_attrs_rmse_samperror_val,user_attrs_rmse_std_val,user_attrs_rmse_t_critical_val,user_attrs_termination_reason,user_attrs_use_scaler_final,state
41,1.0006810509499187,2026-06-12 05:21:25.434152,2026-06-12 05:21:50.841140,0 days 00:00:25.406988,,,,,,2.0,log2,1.0,2.0,494.0,,,,,ExtraTreesRegressor,,,,,,4,,,,,,,,True,-0.001233128348212341,0.007818663056318351,98.0,0.003292767354053005,0.004525895702265346,0.02269228127263105,1.9844674545084815,0.9899048956257627,1.0114572062740748,98.0,1.0006810509499187,0.010776155324156015,0.054030309962934314,1.9844674545084815,244631895617381.06,337382481929805.56,98.0,291007188773593.3,46375293156212.266,232519984027637.3,1.9844674545084815,2.979663842404138,3.040882640154572,98.0,3.010273241279355,0.030609398875216888,0.15347174008338538,1.9844674545084815,0.9261699770372981,0.9418986207160983,98.0,0.9340342988766982,0.00786432183940008,0.03943073701606458,1.9844674545084815,99.0,0.09090909090909091,0.03786993973740206,0.049390285324259986,98.0,0.043630112530831024,0.00576017279342896,0.02888079394804036,1.9844674545084815,ExtraTreesRegressor,"{'mode': 'original', 'type': 'ExtraTreesRegressor'}",4,"['edges_T2W40', 'l3_T2W40', 'lsc_T2W40', 'z_lsc_T2W40']",0.20979221148537217,0.2576149357341412,98.0,0.23370357360975666,0.023911362124384498,0.11988861225120158,1.9844674545084815,1.2857051456288986,1.3137708823822851,98.0,1.2997380140055919,0.014032868376693338,0.07035906640675504,1.9844674545084815,completed,True,COMPLETE
42,0.9963576198392675,2026-06-12 05:21:50.859519,2026-06-12 05:22:15.823449,0 days 00:00:24.963930,,,,,,2.0,log2,1.0,2.0,486.0,,,,,ExtraTreesRegressor,,,,,,3,,,,,,,,True,0.0037601988640799623,0.011521737415455442,98.0,0.0076409681397677015,0.003880769275687739,0.019457697161251956,1.9844674545084815,0.9857209112195823,1.0069943284589529,98.0,0.9963576198392675,0.010636708619685267,0.053331141433971566,1.9844674545084815,248151183039554.5,341929995157407.0,98.0,295040589098480.75,46889406058926.26,235097682534572.7,1.9844674545084815,2.9865760160732315,3.0362216680443583,98.0,3.011398842058795,0.024822825985563287,0.12445857931813041,1.9844674545084815,0.9494283258324685,0.9606674029829858,98.0,0.9550478644077272,0.005619538575258644,0.028175671372263806,1.9844674545084815,99.0,0.0707070707070707,0.03142233497314546,0.04094535795112013,98.0,0.036183846462132796,0.004761511488987333,0.02387362968547481,1.9844674545084815,ExtraTreesRegressor,"{'mode': 'original', 'type': 'ExtraTreesRegressor'}",3,"['edges_T2W40', 'lsc_T2W40', 'z_lsc_T2W40']",0.20514347318880788,0.2530107404504868,98.0,0.22907710681964735,0.023933633630839488,0.12000027882994949,1.9844674545084815,1.2907896666391097,1.3189920939057729,98.0,1.3048908802724413,0.014101213633331557,0.07070174107035994,1.9844674545084815,completed,True,COMPLETE
43,0.9962519167759197,2026-06-12 05:22:15.842134,2026-06-12 05:22:41.393522,0 days 00:00:25.551388,,,,,,2.0,log2,1.0,2.0,495.0,,,,,ExtraTreesRegressor,,,,,,3,,,,,,,,True,0.003853432927601042,0.011638213514873534,98.0,0.007745823221237288,0.003892390293636246,0.019515963507917837,1.9844674545084815,0.9856130561346604,1.0068907774171791,98.0,0.9962519167759197,0.010638860641259329,0.0533419314039744,1.9844674545084815,248162306025843.56,341948719360236.56,98.0,295055512693040.06,46893206667196.516,235116738314367.28,1.9844674545084815,2.987032380681455,3.0368766402490723,98.0,3.0119545104652636,0.024922129783808897,0.12495647628029465,1.9844674545084815,0.94975492104114,0.960957828137682,98.0,0.955356374589411,0.005601453548271033,0.028084995283766984,1.9844674545084815,99.0,0.0707070707070707,0.03153353003640727,0.04106627494005363,98.0,0.03629990248823045,0.004766372451823181,0.023898001951912957,1.9844674545084815,ExtraTreesRegressor,"{'mode': 'original', 'type': 'ExtraTreesRegressor'}",3,"['edges_T2W40', 'lsc_T2W40', 'z_lsc_T2W40']",0.20536080547211288,0.2532661982392399,98.0,0.2293135018556764,0.0239526963835635,0.1200958571143601,1.9844674545084815,1.2907080361882484,1.3189182501982728,98.0,1.3048131431932606,0.014105107005012234,0.07072126195442109,1.9844674545084815,completed,True,COMPLETE
44,1.0296492334029401,2026-06-12 05:22:41.411529,2026-06-12 05:23:04.457734,0 days 00:00:23.046205,,,,,,5.0,log2,1.0,2.0,433.0,,,,,ExtraTreesRegressor,,,,,,2,,,,,,,,True,-0.034383852023257215,-0.017878461062838122,98.0,-0.02613115654304767,0.008252695480209545,0.041377994415680075,1.9844674545084815,1.0185534688405251,1.0407449979653551,98.0,1.0296492334029401,0.01109576456241498,0.05563279115318216,1.9844674545084815,220631390324964.94,309618853757661.06,98.0,265125122041313.0,44493731716348.06,223086067686223.6,1.9844674545084815,2.977608752419345,3.1014743627399013,98.0,3.039541557579623,0.061932805160278,0.310523425008809,1.9844674545084815,0.8498401415755504,0.882567814283579,98.0,0.8662039779295647,0.016363836354014245,0.0820462515428125,1.9844674545084815,99.0,0.32323232323232326,0.01849324960647389,0.043455997839799164,98.0,0.030974623723136526,0.012481374116662638,0.0625800660811693,1.9844674545084815,ExtraTreesRegressor,"{'mode': 'original', 'type': 'ExtraTreesRegressor'}",2,"['edges_T2W40', 'lsc_T2W40']",0.1802179450377188,0.22818737524480662,98.0,0.2042026601412627,0.023984715103543913,0.12025639501615522,1.9844674545084815,1.2934804326354812,1.320780462896913,98.0,1.3071304477661971,0.013650015130715903,0.06843948758404571,1.9844674545084815,completed,True,COMPLETE
45,1.0355441944352417,2026-06-12 05:23:04.469958,2026-06-12 05:23:29.473275,0 days 00:00:25.003317,,,,,,4.0,,2.0,4.0,495.0,,,,,ExtraTreesRegressor,,,,,,3,,,,,,,,True,-0.040450862998340865,-0.02358500206137306,98.0,-0.03201793252985696,0.008432930468483901,0.04228167035479726,1.9844674545084815,1.0243308547440557,1.0467575341264277,98.0,1.0355441944352417,0.011213339691185934,0.05622229830673872,1.9844674545084815,230338198580979.2,319076419915346.25,98.0,274707309248162.72,44369110667183.53,222461233159277.56,1.9844674545084815,2.928518506658216,3.0625594335880755,98.0,2.9955389701231456,0.06702046346492992,0.3360323144890531,1.9844674545084815,0.8322479816832803,0.8752312129370022,98.0,0.8537395973101413,0.02149161562686099,0.10775630259528453,1.9844674545084815,99.0,0.23232323232323232,0.025796861139634458,0.050414307538297926,98.0,0.03810558433896619,0.012308723199331736,0.06171441573573831,1.9844674545084815,ExtraTreesRegressor,"{'mode': 'original', 'type': 'ExtraTreesRegressor'}",3,"['edges_T2W40', 'l3_T2W40', 'lsc_T2W40']",0.1828655561000427,0.2343774609137231,98.0,0.2086215085068829,0.02575595240684021,0.1291371597820905,1.9844674545084815,1.2888856991316753,1.3156845214446902,98.0,1.3022851102881827,0.0133994111565075,0.06718299025293623,1.9844674545084815,completed,True,COMPLETE
46,1.000560398009888,2026-06-12 05:23:29.486177,2026-06-12 05:23:51.502137,0 days 00:00:22.015960,,,,,,2.0,log2,2.0,4.0,424.0,,,,,ExtraTreesRegressor,,,,,,5,,,,,,,,True,-0.0007307882256313383,0.007524098211336082,98.0,0.0033966549928523718,0.00412744321848371,0.020694489800939457,1.9844674545084815,0.9899941825087982,1.011126613510978,98.0,1.000560398009888,0.010566215501089863,0.05297769765616839,1.9844674545084815,248645259532872.88,342487106467793.1,98.0,295566183000333.0,46920923467460.14,235255706922778.8,1.9844674545084815,2.978338221514815,3.036386914479938,98.0,3.0073625679973763,0.029024346482561313,0.14552448343140512,1.9844674545084815,0.9366771594429599,0.9513494346515488,98.0,0.9440132970472543,0.007336137604294452,0.036782486588908876,1.9844674545084815,99.0,0.04040404040404041,0.03769446505287353,0.04795500103701527,98.0,0.0428247330449444,0.005130267992070872,0.025722529182848362,1.9844674545084815,ExtraTreesRegressor,"{'mode': 'original', 'type': 'ExtraTreesRegressor'}",5,"['edges_T2W40', 'l2_T2W40', 'l3_T2W40', 'lsc_T2W40', 'z_lsc_T2W40']",0.19520922957360937,0.24337598360708085,98.0,0.2192926065903451,0.02408337701673575,0.12075107364605038,1.9844674545084815,1.2863254602255534,1.3143448931826467,98.0,1.3003351767041,0.014009716478546557,0.07024298565295439,1.9844674545084815,completed,True,COMPLETE
47,1.0312655853466277,2026-06-12 05:23:51.516356,2026-06-12 05:24:12.386515,0 days 00:00:20.870159,,,,,,7.0,log2,2.0,5.0,381.0,,,,,ExtraTreesRegressor,,,,,,5,,,,,,,,True,-0.03521001262054464,-0.019895484102521246,98.0,-0.027552748361532944,0.007657264259011696,0.03839257591759919,1.9844674545084815,1.0198980946411862,1.0426330760520692,98.0,1.0312655853466277,0.0113674907054415,0.05699519242628234,1.9844674545084815,236001207264544.25,327410471424338.6,98.0,281705839344441.44,45704632079897.19,229157372340688.8,1.9844674545084815,2.9816943193523113,3.0858058156453585,98.0,3.033750067498835,0.05205574814652379,0.26100108277062206,1.9844674545084815,0.8723399055430681,0.9108560810719191,98.0,0.8915979933074936,0.019258087764425454,0.09655767014352991,1.9844674545084815,99.0,0.2727272727272727,0.017165470061642308,0.03874132876398778,98.0,0.027953399412815043,0.010787929351172735,0.05408934347814352,1.9844674545084815,ExtraTreesRegressor,"{'mode': 'original', 'type': 'ExtraTreesRegressor'}",5,"['edges_T2W40', 'l2_T2W40', 'l3_T2W40', 'lsc_T2W40', 'z_lsc_T2W40']",0.15259438960978375,0.1995465336879443,98.0,0.17607046164886403,0.023476072039080288,0.11770612160167854,1.9844674545084815,1.2958529554449751,1.3231650797931742,98.0,1.3095090176190747,0.013656062174099455,0.06846980671165147,1.9844674545084815,completed,True,COMPLETE
48,1.0037183361946365,2026-06-12 05:24:12.398983,2026-06-12 05:24:33.639248,0 days 00:00:21.240265,,,,,,5.0,log2,2.0,4.0,402.0,,,,,ExtraTreesRegressor,,,,,,3,,,,,,,,True,-0.004590886859844462,0.005035459319471391,98.0,0.00022228622981346427,0.0048131730896579265,0.02413265456155065,1.9844674545084815,0.9929423840307434,1.0144942883585295,98.0,1.0037183361946365,0.010775952163893003,0.054029291342503144,1.9844674545084815,242227100242932.5,334591059328394.0,98.0,288409079785663.25,46181979542730.766,231550733479341.38,1.9844674545084815,2.975115345043896,3.0390867961971044,98.0,3.0071010706205,0.03198572557660418,0.1603724719352662,1.9844674545084815,0.915907878790971,0.9355207524289185,98.0,0.9257143156099448,0.009806436818973767,0.049168261316109185,1.9844674545084815,99.0,0.0707070707070707,0.038544091252984164,0.050207363019712556,98.0,0.04437572713634836,0.0058316358833641994,0.02923910104217204,1.9844674545084815,ExtraTreesRegressor,"{'mode': 'original', 'type': 'ExtraTreesRegressor'}",3,"['edges_T2W40', 'lsc_T2W40', 'z_lsc_T2W40']",0.19987835892473887,0.24502696576262306,98.0,0.22245266234368097,0.02257430341894208,0.11318476527418601,1.9844674545084815,1.2852539336657547,1.3131385367489143,98.0,1.2991962352073345,0.013942301541579927,0.06990497549711767,1.9844674545084815,completed,True,COMPLETE
49,1.012239726125033,2026-06-12 05:24:33.651400,2026-06-12 05:24:56.182207,0 days 00:00:22.530807,,,,,,4.0,log2,2.0,4.0,426.0,,,,,ExtraTreesRegressor,,,,,,5,,,,,,,,True,-0.01438611200944738,-0.002414001398622026,98.0,-0.008400056704034703,0.0059860553054126775,0.030013340925191725,1.9844674545084815,1.0012906334068516,1.0231888188432146,98.0,1.012239726125033,0.010949092718181461,0.05489739666707931,1.9844674545084815,239537911047664.6,331811194574690.2,98.0,285674552811177.4,46136641763512.79,231323415461876.7,1.9844674545084815,2.973468809431586,3.061686951240252,98.0,3.017577880335919,0.044109070904332665,0.2211574259509659,1.9844674545084815,0.8913352933143595,0.918711618320815,98.0,0.9050234558175873,0.013688162503227777,0.06863075379162048,1.9844674545084815,99.0,0.1414141414141414,0.03833861074035526,0.05462150744412665,98.0,0.046480059092240955,0.008141448351885697,0.040820215073696195,1.9844674545084815,ExtraTreesRegressor,"{'mode': 'original', 'type': 'ExtraTreesRegressor'}",5,"['edges_T2W40', 'l2_T2W40', 'l3_T2W40', 'lsc_T2W40', 'z_lsc_T2W40']",0.18399331719716328,0.23110350599043333,98.0,0.2075484115937983,0.023555094396635015,0.1181023299286978,1.9844674545084815,1.2836004420888452,1.3113093943490564,98.0,1.2974549182189508,0.0138544761301056,0.06946462974653786,1.9844674545084815,completed,True,COMPLETE
50,1.0119974177798945,2026-06-12 05:24:56.195273,2026-06-12 05:25:00.269396,0 days 00:00:04.074123,,,,,,8.0,log2,2.0,4.0,438.0,,,,,ExtraTreesRegressor,,,,,,3,,,,,,,,True,,,,,,,,,,,,,,,,,,,,,,,,,,,,,,,,,,,,,,,,,,,,,ExtraTreesRegressor,"{'mode': 'original', 'type': 'ExtraTreesRegressor'}",3,"['edges_T2W40', 'lsc_T2W40', 'z_lsc_T2W40']",,,,,,,,,,,,,,,pruned,True,PRUNED
51,1.0007437446008494,2026-06-12 05:25:00.282032,2026-06-12 05:25:25.813305,0 days 00:00:25.531273,,,,,,2.0,log2,1.0,3.0,499.0,,,,,ExtraTreesRegressor,,,,,,4,,,,,,,,True,-0.0012827621144813925,0.00774322161131398,98.0,0.003230229748416294,0.0045129918628976865,0.022627583018033356,1.9844674545084815,0.9899730883047115,1.0115144008969872,98.0,1.0007437446008494,0.010770656296137843,0.054002738516590126,1.9844674545084815,244524624772707.88,337240771631428.75,98.0,290882698202068.3,46358073429360.45,232433646446998.03,1.9844674545084815,2.978907760462549,3.0400795211986327,98.0,3.009493640830591,0.030585880368041687,0.1533538211972597,1.9844674545084815,0.9257942424202124,0.9415634018784778,98.0,0.9336788221493451,0.007884579729132753,0.03953230756961793,1.9844674545084815,99.0,0.09090909090909091,0.03806936968941917,0.04954690564511035,98.0,0.04380813766726476,0.005738767977845586,0.028773472850127386,1.9844674545084815,ExtraTreesRegressor,"{'mode': 'original', 'type': 'ExtraTreesRegressor'}",4,"['edges_T2W40', 'l3_T2W40', 'lsc_T2W40', 'z_lsc_T2W40']",0.20914318277596364,0.25689193899489154,98.0,0.23301756088542758,0.023874378109463943,0.11970317897470156,1.9844674545084815,1.2855930865100287,1.313641264765238,98.0,1.2996171756376333,0.01402408912760474,0.07031504833767288,1.9844674545084815,completed,True,COMPLETE
52,1.000876519567523,2026-06-12 05:25:25.826505,2026-06-12 05:25:48.781996,0 days 00:00:22.955491,,,,,,2.0,log2,1.0,3.0,448.0,,,,,ExtraTreesRegressor,,,,,,6,,,,,,,,True,-0.0008837683582232601,0.0070404624434357126,98.0,0.003078347042606226,0.003962115400829486,0.01986555657154089,1.9844674545084815,0.9904033186403846,1.0113497204946618,98.0,1.000876519567523,0.010473200927138573,0.05251133408674275,1.9844674545084815,249237653905959.28,343104097194328.1,98.0,296170875550143.7,46933221644184.41,235317368459793.0,1.9844674545084815,2.982260833572828,3.036905236393304,98.0,3.009583034983066,0.027322201410238167,0.13699013856600167,1.9844674545084815,0.9460415720030971,0.9595558801860039,98.0,0.9527987260945505,0.006757154091453404,0.03387953486621919,1.9844674545084815,99.0,0.08080808080808081,0.0332646811681633,0.04314398843547473,98.0,0.038204334801819013,0.004939653633655715,0.024766812365601822,1.9844674545084815,ExtraTreesRegressor,"{'mode': 'original', 'type': 'ExtraTreesRegressor'}",6,"['edges_T2W40', 'l2_T2W40', 'l3_T2W40', 'lsc_T2W40', 'z_l3_T2W40', 'z_lsc_T2W40']",0.18799173115672158,0.23782495835431677,98.0,0.21290834475551917,0.024916613598797613,0.12492881881090902,1.9844674545084815,1.289565988924908,1.3173355558971898,98.0,1.303450772411049,0.013884783486140891,0.06961658708117957,1.9844674545084815,completed,True,COMPLETE
53,1.012842864854553,2026-06-12 05:25:48.794859,2026-06-12 05:25:52.056358,0 days 00:00:03.261499,,,,,,4.0,log2,1.0,3.0,360.0,,,,,ExtraTreesRegressor,,,,,,2,,,,,,,,True,,,,,,,,,,,,,,,,,,,,,,,,,,,,,,,,,,,,,,,,,,,,,ExtraTreesRegressor,"{'mode': 'original', 'type': 'ExtraTreesRegressor'}",2,"['edges_T2W40', 'lsc_T2W40']",,,,,,,,,,,,,,,pruned,True,PRUNED
54,1.0758028407175986,2026-06-12 05:25:52.066010,2026-06-12 05:25:52.176592,0 days 00:00:00.110582,,,,,,,,,,,,,,,LinearRegression,,,,,,5,,,,,,,,True,,,,,,,,,,,,,,,,,,,,,,,,,,,,,,,,,,,,,,,,,,,,,LinearRegression,"{'mode': 'original', 'type': 'LinearRegression'}",5,"['atd_T2W40', 'diameter_T2W40', 'asp_T2W40', 'z_diameter_T2W40', 'z_asp_T2W40']",,,,,,,,,,,,,,,pruned,True,PRUNED
55,1.024360859832094,2026-06-12 05:25:52.185892,2026-06-12 05:25:55.352718,0 days 00:00:03.166826,,,,,,2.0,,1.0,2.0,463.0,,,,,ExtraTreesRegressor,,,,,,4,,,,,,,,True,,,,,,,,,,,,,,,,,,,,,,,,,,,,,,,,,,,,,,,,,,,,,ExtraTreesRegressor,"{'mode': 'original', 'type': 'ExtraTreesRegressor'}",4,"['edges_T2W40', 'l3_T2W40', 'lsc_T2W40', 'z_lsc_T2W40']",,,,,,,,,,,,,,,pruned,True,PRUNED
56,1.0568245395941975,2026-06-12 05:25:55.363873,2026-06-12 05:25:59.355751,0 days 00:00:03.991878,,,,,,,,,,,,,,,RandomForestRegressor,2.0,,1.0,12.0,373.0,3,,,,,,,,True,,,,,,,,,,,,,,,,,,,,,,,,,,,,,,,,,,,,,,,,,,,,,RandomForestRegressor,"{'mode': 'original', 'type': 'RandomForestRegressor'}",3,"['edges_T2W40', 'lsc_T2W40', 'z_lsc_T2W40']",,,,,,,,,,,,,,,pruned,True,PRUNED
57,1.040690869720264,2026-06-12 05:25:59.366322,2026-06-12 05:26:02.150978,0 days 00:00:02.784656,,,,,,4.0,log2,3.0,6.0,461.0,,,,,ExtraTreesRegressor,,,,,,4,,,,,,,,True,,,,,,,,,,,,,,,,,,,,,,,,,,,,,,,,,,,,,,,,,,,,,ExtraTreesRegressor,"{'mode': 'original', 'type': 'ExtraTreesRegressor'}",4,"['edges_T2W40', 'l3_T2W40', 'lsc_T2W40', 'z_lsc_T2W40']",,,,,,,,,,,,,,,pruned,True,PRUNED
58,1.0417612784997097,2026-06-12 05:26:02.161117,2026-06-12 05:26:04.975843,0 days 00:00:02.814726,,,,,,3.0,log2,1.0,3.0,469.0,,,,,ExtraTreesRegressor,,,,,,6,,,,,,,,True,,,,,,,,,,,,,,,,,,,,,,,,,,,,,,,,,,,,,,,,,,,,,ExtraTreesRegressor,"{'mode': 'original', 'type': 'ExtraTreesRegressor'}",6,"['edges_T2W40', 'l2_T2W40', 'l3_T2W40', 'lsc_T2W40', 'z_lsc_T2W40', 'z_asp_T2W40']",,,,,,,,,,,,,,,pruned,True,PRUNED
59,1.118982078865899,2026-06-12 05:26:04.985531,2026-06-12 05:26:05.107814,0 days 00:00:00.122283,3.0,1.0,18.0,,,,,,,,,,,,DecisionTreeRegressor,,,,,,2,,,,,,,,True,,,,,,,,,,,,,,,,,,,,,,,,,,,,,,,,,,,,,,,,,,,,,DecisionTreeRegressor,"{'mode': 'original', 'type': 'DecisionTreeRegressor'}",2,"['edges_T2W40', 'z_pe_T2W40']",,,,,,,,,,,,,,,pruned,True,PRUNED
60,1.0521789084325113,2026-06-12 05:26:05.117296,2026-06-12 05:26:07.298909,0 days 00:00:02.181613,,,,,,6.0,log2,2.0,3.0,342.0,,,,,ExtraTreesRegressor,,,,,,6,,,,,,,,True,,,,,,,,,,,,,,,,,,,,,,,,,,,,,,,,,,,,,,,,,,,,,ExtraTreesRegressor,"{'mode': 'original', 'type': 'ExtraTreesRegressor'}",6,"['edges_T2W40', 'l2_T2W40', 'l3_T2W40', 'lsc_T2W40', 'z_l2_T2W40', 'z_lsc_T2W40']",,,,,,,,,,,,,,,pruned,True,PRUNED
61,1.0006854880922647,2026-06-12 05:26:07.309311,2026-06-12 05:26:32.605048,0 days 00:00:25.295737,,,,,,2.0,log2,1.0,2.0,496.0,,,,,ExtraTreesRegressor,,,,,,4,,,,,,,,True,-0.0012383580189114442,0.007815166404823512,98.0,0.0032884041929560335,0.004526762211867478,0.022696625844603215,1.9844674545084815,0.9899086953820403,1.011462280802489,98.0,1.0006854880922647,0.010776792710224357,0.054033505737846856,1.9844674545084815,244635156438675.47,337391698728428.56,98.0,291013427583552.0,46378271144876.54,232534915294471.94,1.9844674545084815,2.9796015002815683,3.040839674617,98.0,3.0102205874492842,0.030619087167715987,0.15352031598369414,1.9844674545084815,0.9260492065229434,0.9418053122639075,98.0,0.9339272593934255,0.007878052870482011,0.03949958270760769,1.9844674545084815,99.0,0.09090909090909091,0.037909931689792946,0.04942708111296184,98.0,0.04366850640137739,0.005758574711584448,0.028872781363328298,1.9844674545084815,ExtraTreesRegressor,"{'mode': 'original', 'type': 'ExtraTreesRegressor'}",4,"['edges_T2W40', 'l3_T2W40', 'lsc_T2W40', 'z_lsc_T2W40']",0.20995267020890157,0.2577580857024553,98.0,0.23385537795567843,0.02390270774677686,0.11984522027228042,1.9844674545084815,1.2856781147375707,1.3137470351754634,98.0,1.299712574956517,0.014034460218946462,0.07036704770692762,1.9844674545084815,completed,True,COMPLETE
