number,value,datetime_start,datetime_complete,duration,params_dt_max_depth,params_dt_min_samples_leaf,params_dt_min_samples_split,params_elastic_alpha,params_elastic_l1_ratio,params_et_max_depth,params_et_max_features,params_et_min_samples_leaf,params_et_min_samples_split,params_et_n_estimators,params_knn_metric,params_knn_n_neighbors,params_knn_weights,params_quantile_alpha,params_regressor,params_rf_max_depth,params_rf_max_features,params_rf_min_samples_leaf,params_rf_min_samples_split,params_rf_n_estimators,params_rfe_n_features,params_rfe_proxy_et_max_depth,params_rfe_proxy_et_min_samples_leaf,params_rfe_proxy_et_min_samples_split,params_rfe_proxy_et_n_estimators,params_rfe_proxy_lsvr_C,params_rfe_proxy_lsvr_epsilon,params_rfe_proxy_type,params_use_scaler,user_attrs_d2mae_ci_lower_val,user_attrs_d2mae_ci_upper_val,user_attrs_d2mae_df_val,user_attrs_d2mae_mean_val,user_attrs_d2mae_samperror_val,user_attrs_d2mae_std_val,user_attrs_d2mae_t_critical_val,user_attrs_mae_ci_lower_val,user_attrs_mae_ci_upper_val,user_attrs_mae_df_val,user_attrs_mae_mean_val,user_attrs_mae_samperror_val,user_attrs_mae_std_val,user_attrs_mae_t_critical_val,user_attrs_mape_ci_lower_val,user_attrs_mape_ci_upper_val,user_attrs_mape_df_val,user_attrs_mape_mean_val,user_attrs_mape_samperror_val,user_attrs_mape_std_val,user_attrs_mape_t_critical_val,user_attrs_max_error_ci_lower_val,user_attrs_max_error_ci_upper_val,user_attrs_max_error_df_val,user_attrs_max_error_mean_val,user_attrs_max_error_samperror_val,user_attrs_max_error_std_val,user_attrs_max_error_t_critical_val,user_attrs_median_ae_ci_lower_val,user_attrs_median_ae_ci_upper_val,user_attrs_median_ae_df_val,user_attrs_median_ae_mean_val,user_attrs_median_ae_samperror_val,user_attrs_median_ae_std_val,user_attrs_median_ae_t_critical_val,user_attrs_n_splits_val,user_attrs_r2_below_zero_val,user_attrs_r2_ci_lower_val,user_attrs_r2_ci_upper_val,user_attrs_r2_df_val,user_attrs_r2_mean_val,user_attrs_r2_samperror_val,user_attrs_r2_std_val,user_attrs_r2_t_critical_val,user_attrs_regressor_final,user_attrs_rfe_estimator,user_attrs_rfe_n_features,user_attrs_rfe_selected_features,user_attrs_rho_ci_lower_val,user_attrs_rho_ci_upper_val,user_attrs_rho_df_val,user_attrs_rho_mean_val,user_attrs_rho_samperror_val,user_attrs_rho_std_val,user_attrs_rho_t_critical_val,user_attrs_rmse_ci_lower_val,user_attrs_rmse_ci_upper_val,user_attrs_rmse_df_val,user_attrs_rmse_mean_val,user_attrs_rmse_samperror_val,user_attrs_rmse_std_val,user_attrs_rmse_t_critical_val,user_attrs_termination_reason,user_attrs_use_scaler_final,state
27,1.0562350815896375,2026-06-12 05:18:39.984172,2026-06-12 05:18:41.866040,0 days 00:00:01.881868,,,,,,,,,,,minkowski,20.0,distance,,KNeighborsRegressor,,,,,,12,,,,,7.4910104974988885,0.6592318760277409,LinearSVR,,-0.05943148102379145,-0.04498568413217115,98.0,-0.0522085825779813,0.007222898445810148,0.03621471945408169,1.9844674545084815,1.0442841674712136,1.0681859957080615,98.0,1.0562350815896375,0.011950914118424026,0.05992040525913911,1.9844674545084815,249756782570200.9,343282134770300.94,98.0,296519458670250.94,46762676100050.02,234462274195169.5,1.9844674545084815,3.0324450503145157,3.136082908371026,98.0,3.084263979342771,0.0518189290282552,0.2598137010022359,1.9844674545084815,0.9035871720340517,0.932454338884554,98.0,0.9180207554593028,0.014433583425251155,0.07236820209839252,1.9844674545084815,99.0,0.5151515151515151,-0.017144648006450512,0.006973329135267805,98.0,-0.005085659435591353,0.012058988570859158,0.06046227719662456,1.9844674545084815,KNeighborsRegressor,"{'mode': 'proxy', 'type': 'LinearSVR'}",12,"['nodes_T2W40', 'edges_T2W40', 'l1_T2W40', 'l3_T2W40', 'atd_T2W40', 'density_T2W40', 'asp_T2W40', 'z_pe_T2W40', 'z_l1_T2W40', 'z_l2_T2W40', 'z_diameter_T2W40', 'z_asp_T2W40']",0.0809142815348514,0.13660390576770365,98.0,0.10875909365127752,0.027844812116426115,0.1396104440085176,1.9844674545084815,1.3169410073970442,1.3463930428840984,98.0,1.3316670251405713,0.014726017743527078,0.07383443160093404,1.9844674545084815,completed,True,COMPLETE
28,1.1837113640817345,2026-06-12 05:18:41.878273,2026-06-12 05:18:43.619111,0 days 00:00:01.740838,20.0,5.0,4.0,,,,,,,,,,,,DecisionTreeRegressor,,,,,,2,,,,,,,,False,-0.20199915699221085,-0.15990010394839319,98.0,-0.18094963047030202,0.021049526521908824,0.10553972250217306,1.9844674545084815,1.1639030807718271,1.2035196473916419,98.0,1.1837113640817345,0.01980828330990728,0.09931628255847642,1.9844674545084815,203935889796944.34,284074817299617.1,98.0,244005353548280.72,40069463751336.375,200903335318510.22,1.9844674545084815,3.497187384642517,3.7105406897522233,98.0,3.6038640371973703,0.10667665255485309,0.5348635417704856,1.9844674545084815,0.9633946528420569,1.036629397181993,98.0,1.000012025012025,0.03661737216996806,0.18359497509622716,1.9844674545084815,99.0,0.898989898989899,-0.3089965005523265,-0.22819172328607099,98.0,-0.26859411191919874,0.040402388633127756,0.2025725794985045,1.9844674545084815,DecisionTreeRegressor,"{'mode': 'original', 'type': 'DecisionTreeRegressor'}",2,"['edges_T2W40', 'z_re_T2W40']",0.03879876786095378,0.09791976256008196,98.0,0.06835926521051787,0.029560497349564094,0.1482126775655524,1.9844674545084815,1.4677182974717857,1.5110860367407712,98.0,1.4894021671062785,0.02168386963449265,0.10872024041090513,1.9844674545084815,completed,False,COMPLETE
29,1.137644645194466,2026-06-12 05:18:43.632768,2026-06-12 05:18:46.088310,0 days 00:00:02.455542,,,,0.00016377964907056237,0.8770241030575711,,,,,,,,,,ElasticNet,,,,,,20,,,,,,,,True,-0.14973418690528817,-0.11855544056063227,98.0,-0.13414481373296022,0.015589373172327944,0.07816318893813828,1.9844674545084815,1.1211154293813046,1.1541738610076273,98.0,1.137644645194466,0.01652921581316143,0.08287544369626958,1.9844674545084815,215088469982061.25,305490916540875.1,98.0,260289693261468.2,45201223279406.93,226633342878382.62,1.9844674545084815,3.285319089190909,3.589412559485422,98.0,3.4373658243381655,0.15204673514725636,0.7623435243591246,1.9844674545084815,0.9798157083337539,1.0294044878330335,98.0,1.0046100980833936,0.02479438974963982,0.12431600354830274,1.9844674545084815,99.0,0.797979797979798,-0.17146597245432993,-0.09358697426680868,98.0,-0.1325264733605693,0.03893949909376063,0.19523783228338573,1.9844674545084815,ElasticNet,"{'mode': 'original', 'type': 'ElasticNet'}",20,"['nodes_T2W40', 're_T2W40', 'pe_T2W40', 'l1_T2W40', 'l2_T2W40', 'l3_T2W40', 'lcc_T2W40', 'atd_T2W40', 'density_T2W40', 'diameter_T2W40', 'asp_T2W40', 'z_re_T2W40', 'z_pe_T2W40', 'z_l1_T2W40', 'z_l2_T2W40', 'z_l3_T2W40', 'z_lsc_T2W40', 'z_density_T2W40', 'z_diameter_T2W40', 'z_asp_T2W40']",0.10019914370393306,0.15649462672730655,98.0,0.1283468852156198,0.028147741511686742,0.14112929452899278,1.9844674545084815,1.384003937155336,1.4337950720679762,98.0,1.4088995046116561,0.024895567456320076,0.12482329605558677,1.9844674545084815,completed,True,COMPLETE
30,1.1059091887911856,2026-06-12 05:18:46.115673,2026-06-12 05:18:47.775000,0 days 00:00:01.659327,,,,,,,,,,,,,,,LinearRegression,,,,,,16,,,,,,,,False,-0.11820625791216653,-0.08638210641253481,98.0,-0.10229418216235067,0.015912075749815856,0.07978117974868512,1.9844674545084815,1.0884838819625404,1.1233344956198308,98.0,1.1059091887911856,0.0174253068286452,0.08736833321625063,1.9844674545084815,238945339521848.6,332847065069141.6,98.0,285896202295495.1,46950862773646.53,235405818900999.8,1.9844674545084815,3.208546879575236,3.4714124453894373,98.0,3.3399796624823366,0.13143278290710064,0.6589877174323189,1.9844674545084815,0.9378806390731668,0.9809763870682434,98.0,0.9594285130707051,0.021547873997538377,0.10803837510762994,1.9844674545084815,99.0,0.6767676767676768,-0.1301524822611289,-0.05215243185959717,98.0,-0.09115245706036304,0.03900002520076587,0.19554130269783052,1.9844674545084815,LinearRegression,"{'mode': 'original', 'type': 'LinearRegression'}",16,"['nodes_T2W40', 'edges_T2W40', 'pe_T2W40', 'l1_T2W40', 'l2_T2W40', 'atd_T2W40', 'density_T2W40', 'diameter_T2W40', 'asp_T2W40', 'z_re_T2W40', 'z_pe_T2W40', 'z_l1_T2W40', 'z_l2_T2W40', 'z_density_T2W40', 'z_diameter_T2W40', 'z_asp_T2W40']",0.11578053549131309,0.17081467394355085,98.0,0.14329760471743197,0.027517069226118882,0.13796718169289812,1.9844674545084815,1.3585253362272807,1.4072991249290208,98.0,1.3829122305781507,0.024386894350870072,0.12227287201931997,1.9844674545084815,completed,False,COMPLETE
31,1.0040404040404038,2026-06-12 05:18:47.786845,2026-06-12 05:18:49.916098,0 days 00:00:02.129253,,,,,,,,,,,,,,8.632405665578633,QuantileRegressor,,,,,,11,,,,,,,,False,0.0,0.0,98.0,0.0,0.0,0.0,1.9844674545084815,0.9940620287322439,1.0140187793485638,98.0,1.0040404040404038,0.009978375308159955,0.050030339634938165,1.9844674545084815,264040214663104.25,360701551827349.1,98.0,312370883245226.7,48330668582122.42,242323994565514.8,1.9844674545084815,2.969853864095874,3.009944115702106,98.0,2.98989898989899,0.02004512580311598,0.10050378152592122,1.9844674545084815,1.0,1.0,98.0,1.0,0.0,0.0,1.9844674545084815,99.0,0.8585858585858586,-0.0027121159306387815,-0.001484740783505017,98.0,-0.0020984283570718992,0.0006136875735668822,0.0030769535908500467,1.9844674545084815,QuantileRegressor,"{'mode': 'original', 'type': 'QuantileRegressor'}",11,"['diameter_T2W40', 'asp_T2W40', 'z_re_T2W40', 'z_pe_T2W40', 'z_l1_T2W40', 'z_l2_T2W40', 'z_l3_T2W40', 'z_lsc_T2W40', 'z_density_T2W40', 'z_diameter_T2W40', 'z_asp_T2W40']",,,,,,,,1.3165442642309395,1.3448607882107815,98.0,1.3307025262208605,0.014158261989920996,0.07098777447436015,1.9844674545084815,completed,False,COMPLETE
32,1.0040404040404038,2026-06-12 05:18:49.928889,2026-06-12 05:18:52.107557,0 days 00:00:02.178668,,,,,,,,,,,,,,2.2931680347694705,QuantileRegressor,,,,,,9,,,,,,,,False,0.0,0.0,98.0,0.0,0.0,0.0,1.9844674545084815,0.9940620287322439,1.0140187793485638,98.0,1.0040404040404038,0.009978375308159955,0.050030339634938165,1.9844674545084815,264040214663104.25,360701551827349.1,98.0,312370883245226.7,48330668582122.42,242323994565514.8,1.9844674545084815,2.969853864095874,3.009944115702106,98.0,2.98989898989899,0.02004512580311598,0.10050378152592122,1.9844674545084815,1.0,1.0,98.0,1.0,0.0,0.0,1.9844674545084815,99.0,0.8585858585858586,-0.0027121159306387815,-0.001484740783505017,98.0,-0.0020984283570718992,0.0006136875735668822,0.0030769535908500467,1.9844674545084815,QuantileRegressor,"{'mode': 'original', 'type': 'QuantileRegressor'}",9,"['z_re_T2W40', 'z_pe_T2W40', 'z_l1_T2W40', 'z_l2_T2W40', 'z_l3_T2W40', 'z_lsc_T2W40', 'z_density_T2W40', 'z_diameter_T2W40', 'z_asp_T2W40']",,,,,,,,1.3165442642309395,1.3448607882107815,98.0,1.3307025262208605,0.014158261989920996,0.07098777447436015,1.9844674545084815,completed,False,COMPLETE
33,1.0040404040404038,2026-06-12 05:18:52.120271,2026-06-12 05:18:54.450142,0 days 00:00:02.329871,,,,,,,,,,,,,,3.227908133236349,QuantileRegressor,,,,,,12,,,,,,,,False,0.0,0.0,98.0,0.0,0.0,0.0,1.9844674545084815,0.9940620287322439,1.0140187793485638,98.0,1.0040404040404038,0.009978375308159955,0.050030339634938165,1.9844674545084815,264040214663104.25,360701551827349.1,98.0,312370883245226.7,48330668582122.42,242323994565514.8,1.9844674545084815,2.969853864095874,3.009944115702106,98.0,2.98989898989899,0.02004512580311598,0.10050378152592122,1.9844674545084815,1.0,1.0,98.0,1.0,0.0,0.0,1.9844674545084815,99.0,0.8585858585858586,-0.0027121159306387815,-0.001484740783505017,98.0,-0.0020984283570718992,0.0006136875735668822,0.0030769535908500467,1.9844674545084815,QuantileRegressor,"{'mode': 'original', 'type': 'QuantileRegressor'}",12,"['density_T2W40', 'diameter_T2W40', 'asp_T2W40', 'z_re_T2W40', 'z_pe_T2W40', 'z_l1_T2W40', 'z_l2_T2W40', 'z_l3_T2W40', 'z_lsc_T2W40', 'z_density_T2W40', 'z_diameter_T2W40', 'z_asp_T2W40']",,,,,,,,1.3165442642309395,1.3448607882107815,98.0,1.3307025262208605,0.014158261989920996,0.07098777447436015,1.9844674545084815,completed,False,COMPLETE
34,1.029618880927489,2026-06-12 05:18:54.462789,2026-06-12 05:18:56.128581,0 days 00:00:01.665792,,,,0.000123469869878032,0.9566761854597826,,,,,,,,,,ElasticNet,,,,,,5,,,,,,,,False,-0.035227413358689,-0.017261745393754205,98.0,-0.026244579376221603,0.008982833982467396,0.045038818559930624,1.9844674545084815,1.0185225495856713,1.0407152122693069,98.0,1.029618880927489,0.011096331341817844,0.05563563291500688,1.9844674545084815,231584042881550.12,324101797589564.06,98.0,277842920235557.1,46258877354006.95,231936289594091.3,1.9844674545084815,3.0174607418534247,3.140625515078839,98.0,3.079043128466132,0.06158238661270711,0.30876646975227373,1.9844674545084815,0.8918076499495664,0.9214432832944943,98.0,0.9066254666220304,0.014817816672463993,0.07429470007661282,1.9844674545084815,99.0,0.2222222222222222,0.026716573243319594,0.05378681185648246,98.0,0.040251692549901026,0.013535119306581432,0.06786341413255075,1.9844674545084815,ElasticNet,"{'mode': 'original', 'type': 'ElasticNet'}",5,"['edges_T2W40', 'diameter_T2W40', 'asp_T2W40', 'z_pe_T2W40', 'z_l2_T2W40']",0.14789819913661284,0.19896234241744953,98.0,0.1734302707770312,0.02553207164041835,0.12801464930960343,1.9844674545084815,1.2862867727828033,1.3154819179773531,98.0,1.3008843453800782,0.01459757259727497,0.07319042352416857,1.9844674545084815,completed,False,COMPLETE
35,1.0025084676604252,2026-06-12 05:18:56.140861,2026-06-12 05:19:18.883031,0 days 00:00:22.742170,,,,,,2.0,log2,1.0,2.0,441.0,,,,,ExtraTreesRegressor,,,,,,8,,,,,,,,False,-0.0026991414739365974,0.0055693390340645944,98.0,0.0014350987800639983,0.004134240254000596,0.02072856929634012,1.9844674545084815,0.9920194134718151,1.0129975218490352,98.0,1.0025084676604252,0.010489054188610113,0.05259082037897452,1.9844674545084815,249138788050918.78,343026449981882.2,98.0,296082619016400.5,46943830965481.71,235370562284579.94,1.9844674545084815,2.984851400970335,3.035801663986935,98.0,3.010326532478635,0.025475131508299775,0.12772915852971456,1.9844674545084815,0.9471422690830291,0.959458546768468,98.0,0.9533004079257485,0.006158138842719401,0.03087614649735701,1.9844674545084815,99.0,0.1111111111111111,0.02991735897809838,0.040012123887710485,98.0,0.034964741432904435,0.0050473824548060535,0.025306951350574192,1.9844674545084815,ExtraTreesRegressor,"{'mode': 'original', 'type': 'ExtraTreesRegressor'}",8,"['edges_T2W40', 'l1_T2W40', 'l2_T2W40', 'l3_T2W40', 'lsc_T2W40', 'z_l3_T2W40', 'z_lsc_T2W40', 'z_asp_T2W40']",0.18353899527867426,0.23841788231736652,98.0,0.2109784387980204,0.02743944351934612,0.13757797600015698,1.9844674545084815,1.291781238050032,1.3194566593702892,98.0,1.3056189487101606,0.013837710660128594,0.06938056975368481,1.9844674545084815,completed,False,COMPLETE
36,1.002931859198604,2026-06-12 05:19:18.901598,2026-06-12 05:19:44.186178,0 days 00:00:25.284580,,,,,,2.0,log2,1.0,2.0,496.0,,,,,ExtraTreesRegressor,,,,,,7,,,,,,,,False,-0.002539859041218815,0.004582444790519362,98.0,0.001021292874650274,0.0035611519158690887,0.017855175250508348,1.9844674545084815,0.9926348437639387,1.0132288746332694,98.0,1.002931859198604,0.010297015434665366,0.0516279618187168,1.9844674545084815,250826442516085.97,345014342418648.75,98.0,297920392467367.4,47093949951281.41,236123240312141.12,1.9844674545084815,2.989565759546171,3.0402084756725443,98.0,3.0148871176093577,0.025321358063186385,0.12695815749515074,1.9844674545084815,0.9548720320658002,0.9665797999646142,98.0,0.9607259160152072,0.005853883949407024,0.02935065009359255,1.9844674545084815,99.0,0.09090909090909091,0.027584528287561194,0.03675096932925767,98.0,0.03216774880840943,0.00458322052084824,0.02297970082287267,1.9844674545084815,ExtraTreesRegressor,"{'mode': 'original', 'type': 'ExtraTreesRegressor'}",7,"['edges_T2W40', 'l1_T2W40', 'l2_T2W40', 'l3_T2W40', 'lsc_T2W40', 'z_l3_T2W40', 'z_lsc_T2W40']",0.17710558781646948,0.2300447233692379,98.0,0.2035751555928537,0.026469567776384206,0.13271513898255233,1.9844674545084815,1.2936769701386468,1.3214386482215588,98.0,1.3075578091801028,0.01388083904145599,0.06959681012339211,1.9844674545084815,completed,False,COMPLETE
37,1.0028275274226506,2026-06-12 05:19:44.199940,2026-06-12 05:20:09.528909,0 days 00:00:25.328969,,,,,,2.0,log2,1.0,2.0,495.0,,,,,ExtraTreesRegressor,,,,,,8,,,,,,,,True,-0.0029908439481763876,0.005232005648595384,98.0,0.0011205808502094982,0.004111424798385886,0.020614175423782896,1.9844674545084815,0.9923326114062281,1.013322443439073,98.0,1.0028275274226506,0.010494916016422514,0.05262021085861464,1.9844674545084815,249394230527387.9,343324711800861.0,98.0,296359471164124.44,46965240636736.53,235477907728228.97,1.9844674545084815,2.984203598944878,3.035472917299528,98.0,3.009838258122203,0.025634659177324784,0.1285290105312688,1.9844674545084815,0.9469398185996294,0.9594806272631669,98.0,0.9532102229313981,0.006270404331768742,0.03143903177406412,1.9844674545084815,99.0,0.1111111111111111,0.029807106905295942,0.0398227480059306,98.0,0.03481492745561327,0.005007820550317331,0.025108592854621737,1.9844674545084815,ExtraTreesRegressor,"{'mode': 'original', 'type': 'ExtraTreesRegressor'}",8,"['edges_T2W40', 'l1_T2W40', 'l2_T2W40', 'l3_T2W40', 'lsc_T2W40', 'z_l3_T2W40', 'z_lsc_T2W40', 'z_asp_T2W40']",0.18225458218015037,0.23705936462325164,98.0,0.209656973401701,0.02740239122155063,0.1373922003617675,1.9844674545084815,1.2918795769731841,1.3195729222157389,98.0,1.3057262495944615,0.013846672621277454,0.06942550391843866,1.9844674545084815,completed,True,COMPLETE
38,1.0006854880922647,2026-06-12 05:20:09.541675,2026-06-12 05:20:34.905236,0 days 00:00:25.363561,,,,,,2.0,log2,1.0,2.0,496.0,,,,,ExtraTreesRegressor,,,,,,4,,,,,,,,True,-0.0012383580189114442,0.007815166404823512,98.0,0.0032884041929560335,0.004526762211867478,0.022696625844603215,1.9844674545084815,0.9899086953820403,1.011462280802489,98.0,1.0006854880922647,0.010776792710224357,0.054033505737846856,1.9844674545084815,244635156438675.47,337391698728428.56,98.0,291013427583552.0,46378271144876.54,232534915294471.94,1.9844674545084815,2.9796015002815683,3.040839674617,98.0,3.0102205874492842,0.030619087167715987,0.15352031598369414,1.9844674545084815,0.9260492065229434,0.9418053122639075,98.0,0.9339272593934255,0.007878052870482011,0.03949958270760769,1.9844674545084815,99.0,0.09090909090909091,0.037909931689792946,0.04942708111296184,98.0,0.04366850640137739,0.005758574711584448,0.028872781363328298,1.9844674545084815,ExtraTreesRegressor,"{'mode': 'original', 'type': 'ExtraTreesRegressor'}",4,"['edges_T2W40', 'l3_T2W40', 'lsc_T2W40', 'z_lsc_T2W40']",0.20995267020890157,0.2577580857024553,98.0,0.23385537795567843,0.02390270774677686,0.11984522027228042,1.9844674545084815,1.2856781147375707,1.3137470351754634,98.0,1.299712574956517,0.014034460218946462,0.07036704770692762,1.9844674545084815,completed,True,COMPLETE
39,1.0006848053111528,2026-06-12 05:20:34.923273,2026-06-12 05:21:00.320280,0 days 00:00:25.397007,,,,,,2.0,log2,1.0,2.0,493.0,,,,,ExtraTreesRegressor,,,,,,4,,,,,,,,True,-0.0012331481427689086,0.007813206987843647,98.0,0.0032900294225373687,0.004523177565306277,0.022678652870106914,1.9844674545084815,0.9899063057112905,1.011463304911015,98.0,1.0006848053111528,0.01077849959986232,0.054042063871377555,1.9844674545084815,244655282989127.84,337419654812371.25,98.0,291037468900749.56,46382185911621.71,232554543450740.25,1.9844674545084815,2.980019986120043,3.0411500377418115,98.0,3.010585011930927,0.030565025810884317,0.15324925902703684,1.9844674545084815,0.9264277379030048,0.9421049725732071,98.0,0.934266355238106,0.00783861733510121,0.03930185781073258,1.9844674545084815,99.0,0.09090909090909091,0.03774954060298312,0.049277151607721476,98.0,0.0435133461053523,0.00576380550236918,0.028899007901360543,1.9844674545084815,ExtraTreesRegressor,"{'mode': 'original', 'type': 'ExtraTreesRegressor'}",4,"['edges_T2W40', 'l3_T2W40', 'lsc_T2W40', 'z_lsc_T2W40']",0.20956105736102215,0.25741751907859267,98.0,0.2334892882198074,0.02392823085878527,0.11997318999910328,1.9844674545084815,1.2857809381599405,1.3138550840080054,98.0,1.299818011083973,0.014037072924032421,0.07038014748708016,1.9844674545084815,completed,True,COMPLETE
40,1.00068521168088,2026-06-12 05:21:00.338130,2026-06-12 05:21:25.421136,0 days 00:00:25.083006,,,,,,2.0,log2,1.0,2.0,489.0,,,,,ExtraTreesRegressor,,,,,,4,,,,,,,,True,-0.0012378560050784696,0.007818063935579394,98.0,0.003290103965250462,0.004527959970328932,0.022702631257386013,1.9844674545084815,0.9899028704932659,1.0114675528684942,98.0,1.00068521168088,0.01078234118761415,0.05406132511722429,1.9844674545084815,244596126052324.3,337355968639219.06,98.0,290976047345771.7,46379921293447.36,232543188935309.9,1.9844674545084815,2.9800341646408217,3.0412863043281,98.0,3.010660234484461,0.030626069843639272,0.15355532625713184,1.9844674545084815,0.9263616532328648,0.9420229460180906,98.0,0.9341922996254777,0.00783064639261292,0.039261892490970195,1.9844674545084815,99.0,0.09090909090909091,0.03770315427751689,0.049247540930481296,98.0,0.04347534760399909,0.005772193326482202,0.028941063414027957,1.9844674545084815,ExtraTreesRegressor,"{'mode': 'original', 'type': 'ExtraTreesRegressor'}",4,"['edges_T2W40', 'l3_T2W40', 'lsc_T2W40', 'z_lsc_T2W40']",0.20921875727947656,0.2571009195009563,98.0,0.23315983839021642,0.023941081110739868,0.12003761957303978,1.9844674545084815,1.2858057201979542,1.313880326916821,98.0,1.2998430235573877,0.014037303359433413,0.07038130286167968,1.9844674545084815,completed,True,COMPLETE
