number,value,datetime_start,datetime_complete,duration,params_dt_max_depth,params_dt_min_samples_leaf,params_dt_min_samples_split,params_elastic_alpha,params_elastic_l1_ratio,params_et_max_depth,params_et_max_features,params_et_min_samples_leaf,params_et_min_samples_split,params_et_n_estimators,params_knn_metric,params_knn_n_neighbors,params_knn_weights,params_quantile_alpha,params_regressor,params_rf_max_depth,params_rf_max_features,params_rf_min_samples_leaf,params_rf_min_samples_split,params_rf_n_estimators,params_rfe_n_features,params_rfe_proxy_et_max_depth,params_rfe_proxy_et_min_samples_leaf,params_rfe_proxy_et_min_samples_split,params_rfe_proxy_et_n_estimators,params_rfe_proxy_lsvr_C,params_rfe_proxy_lsvr_epsilon,params_rfe_proxy_type,params_use_scaler,user_attrs_d2mae_ci_lower_val,user_attrs_d2mae_ci_upper_val,user_attrs_d2mae_df_val,user_attrs_d2mae_mean_val,user_attrs_d2mae_samperror_val,user_attrs_d2mae_std_val,user_attrs_d2mae_t_critical_val,user_attrs_mae_ci_lower_val,user_attrs_mae_ci_upper_val,user_attrs_mae_df_val,user_attrs_mae_mean_val,user_attrs_mae_samperror_val,user_attrs_mae_std_val,user_attrs_mae_t_critical_val,user_attrs_mape_ci_lower_val,user_attrs_mape_ci_upper_val,user_attrs_mape_df_val,user_attrs_mape_mean_val,user_attrs_mape_samperror_val,user_attrs_mape_std_val,user_attrs_mape_t_critical_val,user_attrs_max_error_ci_lower_val,user_attrs_max_error_ci_upper_val,user_attrs_max_error_df_val,user_attrs_max_error_mean_val,user_attrs_max_error_samperror_val,user_attrs_max_error_std_val,user_attrs_max_error_t_critical_val,user_attrs_median_ae_ci_lower_val,user_attrs_median_ae_ci_upper_val,user_attrs_median_ae_df_val,user_attrs_median_ae_mean_val,user_attrs_median_ae_samperror_val,user_attrs_median_ae_std_val,user_attrs_median_ae_t_critical_val,user_attrs_n_splits_val,user_attrs_r2_below_zero_val,user_attrs_r2_ci_lower_val,user_attrs_r2_ci_upper_val,user_attrs_r2_df_val,user_attrs_r2_mean_val,user_attrs_r2_samperror_val,user_attrs_r2_std_val,user_attrs_r2_t_critical_val,user_attrs_regressor_final,user_attrs_rfe_estimator,user_attrs_rfe_n_features,user_attrs_rfe_selected_features,user_attrs_rho_ci_lower_val,user_attrs_rho_ci_upper_val,user_attrs_rho_df_val,user_attrs_rho_mean_val,user_attrs_rho_samperror_val,user_attrs_rho_std_val,user_attrs_rho_t_critical_val,user_attrs_rmse_ci_lower_val,user_attrs_rmse_ci_upper_val,user_attrs_rmse_df_val,user_attrs_rmse_mean_val,user_attrs_rmse_samperror_val,user_attrs_rmse_std_val,user_attrs_rmse_t_critical_val,user_attrs_termination_reason,user_attrs_use_scaler_final,state
89,0.9893782650356401,2026-06-12 01:45:51.502473,2026-06-12 01:45:53.841182,0 days 00:00:02.338709,,,,,,,,,,,,,,0.021520187187454947,QuantileRegressor,,,,,,5,,,,,,,,True,0.01073582163905062,0.018399909401571546,98.0,0.014567865520311082,0.003832043881260463,0.019213394060119904,1.9844674545084815,0.9788925551310528,0.9998639749402274,98.0,0.9893782650356401,0.010485709904587274,0.05257405255251669,1.9844674545084815,238915849120107.5,329975802587213.0,98.0,284445825853660.25,45529976733552.734,228281672036098.66,1.9844674545084815,3.0145775141734616,3.086377456317727,98.0,3.0504774852455943,0.03589997107213253,0.1799980147223436,1.9844674545084815,0.9968160590327778,1.0000506469460784,98.0,0.9984333529894281,0.0016172939566502825,0.008108911866100911,1.9844674545084815,99.0,0.1111111111111111,0.034016652427812655,0.04589572674525877,98.0,0.03995618958653571,0.005939537158723058,0.0297801046912162,1.9844674545084815,QuantileRegressor,"{'mode': 'original', 'type': 'QuantileRegressor'}",5,"['edges_T2W40', 're_T2W40', 'l3_T2W40', 'lsc_T2W40', 'atd_T2W40']",0.2417004538458109,0.2968616149170747,92.0,0.2692810343814428,0.027580580535631893,0.1339204062789073,1.98608631695113,1.2881134477433758,1.3163411734290476,98.0,1.3022273105862117,0.014113862842835853,0.07076516264231623,1.9844674545084815,completed,True,COMPLETE
90,1.0040404040404038,2026-06-12 01:45:53.853600,2026-06-12 01:45:55.959907,0 days 00:00:02.106307,,,,,,,,,,,,,,0.10765417878407432,QuantileRegressor,,,,,,7,,,,,,,,True,-1.0748092418241248e-17,1.7765932293510936e-18,98.0,-4.485749594445077e-18,6.262342823796171e-18,3.1398612370165e-17,1.9844674545084815,0.9940620287322439,1.0140187793485638,98.0,1.0040404040404038,0.009978375308159955,0.050030339634938165,1.9844674545084815,264040214663104.25,360701551827349.1,98.0,312370883245226.7,48330668582122.42,242323994565514.8,1.9844674545084815,2.969853864095874,3.009944115702106,98.0,2.98989898989899,0.02004512580311598,0.10050378152592122,1.9844674545084815,1.0,1.0,98.0,1.0,2.1915894039307437e-17,1.098835820790608e-16,1.9844674545084815,99.0,0.8585858585858586,-0.0027121159306387845,-0.0014847407835050183,98.0,-0.0020984283570719014,0.000613687573566883,0.003076953590850051,1.9844674545084815,QuantileRegressor,"{'mode': 'original', 'type': 'QuantileRegressor'}",7,"['l3_T2W40', 'lcc_T2W40', 'lsc_T2W40', 'atd_T2W40', 'density_T2W40', 'diameter_T2W40', 'asp_T2W40']",,,,,,,,1.3165442642309395,1.3448607882107815,98.0,1.3307025262208605,0.014158261989920996,0.07098777447436015,1.9844674545084815,completed,True,COMPLETE
91,0.9907188712713821,2026-06-12 01:45:55.972579,2026-06-12 01:45:58.297817,0 days 00:00:02.325238,,,,,,,,,,,,,,0.024484664983625178,QuantileRegressor,,,,,,5,,,,,,,,True,0.009730755266038043,0.01676820813965879,98.0,0.013249481702848417,0.0035187264368103733,0.01764245914583881,1.9844674545084815,0.9802780857724818,1.0011596567702825,98.0,0.9907188712713821,0.01044078549890037,0.05234880713880936,1.9844674545084815,240923806967937.34,332017248500146.1,98.0,286470527734041.75,45546720766104.4,228365624544352.47,1.9844674545084815,3.0106415566158353,3.081109429642019,98.0,3.045875493128927,0.035233936513091944,0.1766585998207857,1.9844674545084815,0.9968228438495428,0.9998326418778323,98.0,0.9983277428636875,0.0015048990141447252,0.00754537752577559,1.9844674545084815,99.0,0.13131313131313133,0.03138347453080041,0.042555560864356204,98.0,0.03696951769757831,0.005586043166777896,0.028007729536969995,1.9844674545084815,QuantileRegressor,"{'mode': 'original', 'type': 'QuantileRegressor'}",5,"['edges_T2W40', 're_T2W40', 'l2_T2W40', 'l3_T2W40', 'lsc_T2W40']",0.23705759220210232,0.2898026984221408,89.0,0.26343014531212156,0.026372553110019244,0.1259157970271251,1.986978699506281,1.2902083898579728,1.3183352628540828,98.0,1.3042718263560278,0.01406343649805508,0.07051233118649121,1.9844674545084815,completed,True,COMPLETE
92,0.9910338755654369,2026-06-12 01:45:58.310998,2026-06-12 01:46:00.627410,0 days 00:00:02.316412,,,,,,,,,,,,,,0.034506233062853275,QuantileRegressor,,,,,,5,,,,,,,,True,0.009729132804605892,0.016211175451405397,98.0,0.012970154128005645,0.003241021323399753,0.016250080054732604,1.9844674545084815,0.9805618426635877,1.001505908467286,98.0,0.9910338755654369,0.010472032901849147,0.05250547775240699,1.9844674545084815,243541193479384.56,335081646952916.56,98.0,289311420216150.56,45770226736766.016,229486255837253.75,1.9844674545084815,3.0093295868157948,3.078435647732604,98.0,3.0438826172741993,0.03455303045840473,0.17324462107941394,1.9844674545084815,0.997494607079684,1.0000874905600292,98.0,0.9987910488198566,0.001296441740172574,0.006500198536800155,1.9844674545084815,99.0,0.15151515151515152,0.027957067908021847,0.03880886091038457,98.0,0.03338296440920321,0.00542589650118136,0.027204773963165764,1.9844674545084815,QuantileRegressor,"{'mode': 'original', 'type': 'QuantileRegressor'}",5,"['edges_T2W40', 're_T2W40', 'l2_T2W40', 'l3_T2W40', 'lsc_T2W40']",0.23372940588657395,0.2850271384249649,85.0,0.2593782721557694,0.025648866269195467,0.1196306592929464,1.9882679074772216,1.2925227540882793,1.3209957146649143,98.0,1.3067592343765968,0.014236480288317555,0.07137995134820921,1.9844674545084815,completed,True,COMPLETE
93,0.9897837957927289,2026-06-12 01:46:00.640487,2026-06-12 01:46:02.914264,0 days 00:00:02.273777,,,,,,,,,,,,,,0.02167958039830472,QuantileRegressor,,,,,,5,,,,,,,,True,0.01034819361131054,0.017957811013166743,98.0,0.014153002312238643,0.003804808700928102,0.01907684023447531,1.9844674545084815,0.9793482906694003,1.0002193009160576,98.0,0.9897837957927289,0.010435505123328597,0.052322331988787704,1.9844674545084815,239283409144695.94,330342750634445.94,98.0,284813079889570.94,45529670744875.01,228280137846714.3,1.9844674545084815,3.014579558862076,3.086381856231763,98.0,3.0504807075469196,0.03590114868484373,0.18000391912682637,1.9844674545084815,0.9968123515146693,1.0000466167573012,98.0,0.9984294841359852,0.0016171326213159478,0.008108102950689072,1.9844674545084815,99.0,0.12121212121212122,0.03311085901629722,0.04488781830382804,98.0,0.03899933866006263,0.005888479643765413,0.029524108626189666,1.9844674545084815,QuantileRegressor,"{'mode': 'original', 'type': 'QuantileRegressor'}",5,"['edges_T2W40', 're_T2W40', 'l3_T2W40', 'lsc_T2W40', 'atd_T2W40']",0.23970669061481914,0.29491150635302715,91.0,0.26730909848392315,0.027602407869104017,0.1332843538635327,1.9863771544186177,1.2888342471090877,1.316877952772464,98.0,1.302856099940776,0.014021852831688138,0.0703038358265399,1.9844674545084815,completed,True,COMPLETE
94,0.9939658156003025,2026-06-12 01:46:02.927737,2026-06-12 01:46:05.058043,0 days 00:00:02.130306,,,,,,,,,,,,,,0.04482772214061136,QuantileRegressor,,,,,,4,,,,,,,,True,0.007050227287799304,0.013031297668161572,98.0,0.010040762477980438,0.002990535190181134,0.014994173563770924,1.9844674545084815,0.9835987618023886,1.0043328693982165,98.0,0.9939658156003025,0.010367053797913929,0.051979125509456645,1.9844674545084815,246361627048779.97,338483422067293.6,98.0,292422524558036.8,46060897509256.84,230943643139350.28,1.9844674545084815,3.0011487130188867,3.0620950724534395,98.0,3.031621892736163,0.03047317971727639,0.15278875407353112,1.9844674545084815,0.9983624947821688,1.000298011754354,98.0,0.9993302532682614,0.0009677584860926988,0.004852221353532112,1.9844674545084815,99.0,0.2222222222222222,0.023360892479480783,0.03444310025904166,98.0,0.02890199636926122,0.00554110388978044,0.027782409560350888,1.9844674545084815,QuantileRegressor,"{'mode': 'original', 'type': 'QuantileRegressor'}",4,"['edges_T2W40', 'density_T2W40', 'diameter_T2W40', 'asp_T2W40']",0.23014441605843583,0.28462558282002226,75.0,0.25738499943922905,0.027240583380793215,0.119209700046173,1.9921021540022417,1.2955120857981424,1.3240534701832245,98.0,1.3097827779906834,0.01427069219254117,0.07155148560453907,1.9844674545084815,completed,True,COMPLETE
95,1.0724983106067718,2026-06-12 01:46:05.070620,2026-06-12 01:46:05.264551,0 days 00:00:00.193931,,,,,,,,,,,manhattan,10.0,distance,,KNeighborsRegressor,,,,,,5,12.0,5.0,12.0,20.0,,,ExtraTrees,,,,,,,,,,,,,,,,,,,,,,,,,,,,,,,,,,,,,,,,,,,,,,KNeighborsRegressor,"{'mode': 'proxy', 'type': 'ExtraTrees'}",5,"['edges_T2W40', 'l1_T2W40', 'l2_T2W40', 'l3_T2W40', 'lsc_T2W40']",,,,,,,,,,,,,,,pruned,True,PRUNED
96,0.9897978721178984,2026-06-12 01:46:05.274273,2026-06-12 01:46:07.422968,0 days 00:00:02.148695,,,,,,,,,,,,,,0.018758726880187926,QuantileRegressor,,,,,,6,,,,,,,,True,0.00997280058586148,0.018093938864239635,98.0,0.014033369725050558,0.004060569139189079,0.020359191438574977,1.9844674545084815,0.9796709978272096,0.9999247464085872,98.0,0.9897978721178984,0.010126874290688813,0.05077489516646702,1.9844674545084815,236952286073132.16,326879181788919.4,98.0,281915733931025.75,44963447857893.59,225441166323806.2,1.9844674545084815,3.0137829707854733,3.085488241985744,98.0,3.0496356063856087,0.03585263560013526,0.17976068052036517,1.9844674545084815,0.9959133197115662,1.0004449486017337,98.0,0.9981791341566499,0.0022658144450837902,0.011360513383836113,1.9844674545084815,99.0,0.10101010101010101,0.036466009941374396,0.04852675556437085,98.0,0.042496382752872625,0.0060303728114982314,0.03023554341936134,1.9844674545084815,QuantileRegressor,"{'mode': 'original', 'type': 'QuantileRegressor'}",6,"['edges_T2W40', 're_T2W40', 'l2_T2W40', 'l3_T2W40', 'lsc_T2W40', 'atd_T2W40']",0.23794011701255996,0.29482549727227775,95.0,0.26638280714241885,0.028442690129858898,0.14037535325705078,1.9852510035054978,1.286610083263458,1.314227086111745,98.0,1.3004185846876015,0.013808501424143678,0.06923411825715638,1.9844674545084815,completed,True,COMPLETE
97,1.0412093911505522,2026-06-12 01:46:07.435333,2026-06-12 01:46:07.572692,0 days 00:00:00.137359,,,,0.01312617742021626,0.5658666062988559,,,,,,,,,,ElasticNet,,,,,,6,,,,,,,,True,,,,,,,,,,,,,,,,,,,,,,,,,,,,,,,,,,,,,,,,,,,,,ElasticNet,"{'mode': 'original', 'type': 'ElasticNet'}",6,"['edges_T2W40', 're_T2W40', 'pe_T2W40', 'l2_T2W40', 'l3_T2W40', 'atd_T2W40']",,,,,,,,,,,,,,,pruned,True,PRUNED
98,1.0697939989952314,2026-06-12 01:46:07.583303,2026-06-12 01:46:07.692616,0 days 00:00:00.109313,,,,,,,,,,,,,,,LinearRegression,,,,,,6,,,,,,,,True,,,,,,,,,,,,,,,,,,,,,,,,,,,,,,,,,,,,,,,,,,,,,LinearRegression,"{'mode': 'original', 'type': 'LinearRegression'}",6,"['nodes_T2W40', 'pe_T2W40', 'l2_T2W40', 'l3_T2W40', 'lcc_T2W40', 'atd_T2W40']",,,,,,,,,,,,,,,pruned,True,PRUNED
99,0.9911422708634288,2026-06-12 01:46:07.712245,2026-06-12 01:46:10.142437,0 days 00:00:02.430192,,,,,,,,,,,,,,0.018353473508477318,QuantileRegressor,,,,,,7,,,,,,,,True,0.00853428326896453,0.016804141796490264,98.0,0.012669212532727398,0.004134929263762868,0.02073202390606903,1.9844674545084815,0.9810679623876457,1.0012165793392118,98.0,0.9911422708634288,0.010074308475783073,0.05051133667205253,1.9844674545084815,236784273371385.75,326865047388607.0,98.0,281824660379996.4,45040387008610.625,225826929709399.53,1.9844674545084815,3.011367134055491,3.0840102531746307,98.0,3.047688693615061,0.03632155955956964,0.18211180725482232,1.9844674545084815,0.9931624175061029,0.9991925967910378,98.0,0.9961775071485703,0.0030150896424674762,0.015117286550554552,1.9844674545084815,99.0,0.09090909090909091,0.03654617988136817,0.048575768240285574,98.0,0.04256097406082687,0.006014794179458701,0.03015743408513455,1.9844674545084815,QuantileRegressor,"{'mode': 'original', 'type': 'QuantileRegressor'}",7,"['edges_T2W40', 're_T2W40', 'l1_T2W40', 'l2_T2W40', 'l3_T2W40', 'lsc_T2W40', 'atd_T2W40']",0.22814368522814607,0.2864855758499924,96.0,0.2573146305390692,0.029170945310923162,0.14473690831888608,1.984984311522457,1.2865996488283322,1.3141279858195443,98.0,1.3003638173239382,0.01376416849560609,0.06901183843671975,1.9844674545084815,completed,True,COMPLETE
100,1.0040404040404038,2026-06-12 01:46:10.155208,2026-06-12 01:46:12.486815,0 days 00:00:02.331607,,,,,,,,,,,,,,0.07687073048589514,QuantileRegressor,,,,,,6,,,,,,,,True,-3.007413973965848e-17,-5.81185701590214e-18,98.0,-1.794299837778031e-17,1.2131141361878169e-17,6.082404236668564e-17,1.9844674545084815,0.9940620287322439,1.0140187793485638,98.0,1.0040404040404038,0.009978375308159954,0.05003033963493816,1.9844674545084815,264040214663104.28,360701551827349.1,98.0,312370883245226.7,48330668582122.414,242323994565514.78,1.9844674545084815,2.969853864095874,3.009944115702106,98.0,2.98989898989899,0.02004512580311597,0.10050378152592118,1.9844674545084815,1.0,1.0,98.0,1.0,4.981549082666069e-17,2.4976870965164834e-16,1.9844674545084815,99.0,0.8585858585858586,-0.002712115930638788,-0.0014847407835050191,98.0,-0.0020984283570719036,0.0006136875735668843,0.003076953590850057,1.9844674545084815,QuantileRegressor,"{'mode': 'original', 'type': 'QuantileRegressor'}",6,"['lcc_T2W40', 'lsc_T2W40', 'atd_T2W40', 'density_T2W40', 'diameter_T2W40', 'asp_T2W40']",,,,,,,,1.3165442642309395,1.3448607882107815,98.0,1.3307025262208605,0.014158261989920996,0.07098777447436015,1.9844674545084815,completed,True,COMPLETE
101,0.9892800149019347,2026-06-12 01:46:12.501443,2026-06-12 01:46:14.789462,0 days 00:00:02.288019,,,,,,,,,,,,,,0.019973761639080226,QuantileRegressor,,,,,,5,,,,,,,,True,0.010814489722246938,0.01848969169760504,98.0,0.014652090709925989,0.0038376009876790514,0.01924125670438045,1.9844674545084815,0.978837696076338,0.9997223337275315,98.0,0.9892800149019347,0.010442318825596715,0.05235649504921765,1.9844674545084815,237391759712199.44,327685454353054.3,98.0,282538607032626.9,45146847320427.445,226360708545467.28,1.9844674545084815,3.0142064385321237,3.0857973368531826,98.0,3.050001887692653,0.03579544916052957,0.17947395478520006,1.9844674545084815,0.996295574334662,0.9999583927301994,98.0,0.9981269835324307,0.0018314091977686907,0.009182459202550617,1.9844674545084815,99.0,0.10101010101010101,0.03597642776700796,0.048117506013295785,98.0,0.042046966890151874,0.006070539123143914,0.030436932338043624,1.9844674545084815,QuantileRegressor,"{'mode': 'original', 'type': 'QuantileRegressor'}",5,"['edges_T2W40', 're_T2W40', 'l3_T2W40', 'lsc_T2W40', 'atd_T2W40']",0.2314105452208105,0.2951183790785634,95.0,0.26326446214968696,0.03185391692887647,0.1572110380943762,1.9852510035054978,1.2866677525792152,1.314928589079016,98.0,1.3007981708291156,0.014130418249900563,0.07084816940570834,1.9844674545084815,completed,True,COMPLETE
102,0.9927193363317985,2026-06-12 01:46:14.802356,2026-06-12 01:46:17.158823,0 days 00:00:02.356467,,,,,,,,,,,,,,0.007803816677274762,QuantileRegressor,,,,,,4,,,,,,,,True,0.005766778120905889,0.01624268079293269,98.0,0.01100472945691929,0.005237951336013401,0.026262440150725562,1.9844674545084815,0.9824921153159193,1.002946557347678,98.0,0.9927193363317985,0.010227221015879258,0.0512780212353398,1.9844674545084815,233855383197565.97,323370124973529.25,98.0,278612754085547.6,44757370887981.625,224407921884984.22,1.9844674545084815,3.019078125054801,3.104430649556115,98.0,3.061754387305458,0.04267626225065703,0.21397350057619574,1.9844674545084815,0.9893913741683462,0.9985597656502716,98.0,0.9939755699093089,0.004584195740962664,0.022984590455907773,1.9844674545084815,99.0,0.12121212121212122,0.03662616274391786,0.052402620594574775,98.0,0.04451439166924632,0.007888228925328457,0.0395506041879979,1.9844674545084815,QuantileRegressor,"{'mode': 'original', 'type': 'QuantileRegressor'}",4,"['edges_T2W40', 'l2_T2W40', 'l3_T2W40', 'atd_T2W40']",0.21878923275508708,0.27940543781527105,97.0,0.24909733528517905,0.030308102530091984,0.15117216831508248,1.9847231860139845,1.2850008284778454,1.3126712473223938,98.0,1.2988360379001196,0.013835209422274177,0.06936802885644457,1.9844674545084815,completed,True,COMPLETE
103,0.9890834284074865,2026-06-12 01:46:17.171291,2026-06-12 01:46:19.515067,0 days 00:00:02.343776,,,,,,,,,,,,,,0.01860836900767043,QuantileRegressor,,,,,,5,,,,,,,,True,0.010650172849207318,0.018854097366673827,98.0,0.014752135107940573,0.004101962258733255,0.02056673142032443,1.9844674545084815,0.9789262206361884,0.9992406361787847,98.0,0.9890834284074865,0.01015720777129818,0.05092698348649197,1.9844674545084815,236781625060073.12,326732388814825.25,98.0,281757006937449.2,44975381877376.06,225501002021450.25,1.9844674545084815,3.0143470329135864,3.086014524027056,98.0,3.050180778470321,0.03583374555673497,0.17966596817914243,1.9844674545084815,0.9962306927070577,1.0003723279282482,98.0,0.9983015103176529,0.002070817610595217,0.010382823373597349,1.9844674545084815,99.0,0.09090909090909091,0.036788256836355865,0.048889067386867754,98.0,0.04283866211161181,0.006050405275255942,0.03033598371495769,1.9844674545084815,QuantileRegressor,"{'mode': 'original', 'type': 'QuantileRegressor'}",5,"['edges_T2W40', 're_T2W40', 'l3_T2W40', 'lsc_T2W40', 'atd_T2W40']",0.2432159617388875,0.2997550675570594,95.0,0.27148551464797344,0.028269552909085935,0.1395208560763346,1.9852510035054978,1.286352804493216,1.3140321224547558,98.0,1.3001924634739859,0.013839658980769972,0.0693903383924056,1.9844674545084815,completed,True,COMPLETE
104,1.0685868581084697,2026-06-12 01:46:19.528023,2026-06-12 01:46:21.841700,0 days 00:00:02.313677,,,,,,,,,,,,,,,RandomForestRegressor,20.0,sqrt,3.0,2.0,274.0,5,,,,,,,,True,,,,,,,,,,,,,,,,,,,,,,,,,,,,,,,,,,,,,,,,,,,,,RandomForestRegressor,"{'mode': 'original', 'type': 'RandomForestRegressor'}",5,"['edges_T2W40', 're_T2W40', 'l2_T2W40', 'l3_T2W40', 'lsc_T2W40']",,,,,,,,,,,,,,,pruned,True,PRUNED
105,0.992700539428678,2026-06-12 01:46:21.852529,2026-06-12 01:46:24.100904,0 days 00:00:02.248375,,,,,,,,,,,,,,0.038808943031952634,QuantileRegressor,,,,,,4,,,,,,,,True,0.008182335659645967,0.01439494324127612,98.0,0.011288639450461043,0.0031063037908150757,0.015574623008686185,1.9844674545084815,0.9823498998279064,1.0030511790294496,98.0,0.992700539428678,0.010350639600771545,0.05189682675514975,1.9844674545084815,245041629921434.5,336823109222869.75,98.0,290932369572152.1,45890739650717.64,230090492682350.7,1.9844674545084815,3.0046728041353634,3.0677426699141725,98.0,3.036207737024768,0.03153493288940474,0.1581122531572562,1.9844674545084815,0.9976977452580477,1.0001721512924626,98.0,0.9989349482752552,0.0012372030172074862,0.00620318290670457,1.9844674545084815,99.0,0.21212121212121213,0.0253198833834596,0.03630268081880228,98.0,0.03081128210113094,0.005491398717671342,0.027533193975104495,1.9844674545084815,QuantileRegressor,"{'mode': 'original', 'type': 'QuantileRegressor'}",4,"['edges_T2W40', 'density_T2W40', 'diameter_T2W40', 'asp_T2W40']",0.23102294031626644,0.2847294977552863,79.0,0.25787621903577634,0.026853278719509908,0.1206676888011791,1.9904502102301285,1.2942663776292367,1.322705555297044,98.0,1.3084859664631403,0.014219588833903701,0.071295259684972,1.9844674545084815,completed,True,COMPLETE
