number,value,datetime_start,datetime_complete,duration,params_dt_max_depth,params_dt_min_samples_leaf,params_dt_min_samples_split,params_elastic_alpha,params_elastic_l1_ratio,params_et_max_depth,params_et_max_features,params_et_min_samples_leaf,params_et_min_samples_split,params_et_n_estimators,params_knn_metric,params_knn_n_neighbors,params_knn_weights,params_quantile_alpha,params_regressor,params_rf_max_depth,params_rf_max_features,params_rf_min_samples_leaf,params_rf_min_samples_split,params_rf_n_estimators,params_rfe_n_features,params_rfe_proxy_et_max_depth,params_rfe_proxy_et_min_samples_leaf,params_rfe_proxy_et_min_samples_split,params_rfe_proxy_et_n_estimators,params_rfe_proxy_lsvr_C,params_rfe_proxy_lsvr_epsilon,params_rfe_proxy_type,params_use_scaler,user_attrs_d2mae_ci_lower_val,user_attrs_d2mae_ci_upper_val,user_attrs_d2mae_df_val,user_attrs_d2mae_mean_val,user_attrs_d2mae_samperror_val,user_attrs_d2mae_std_val,user_attrs_d2mae_t_critical_val,user_attrs_mae_ci_lower_val,user_attrs_mae_ci_upper_val,user_attrs_mae_df_val,user_attrs_mae_mean_val,user_attrs_mae_samperror_val,user_attrs_mae_std_val,user_attrs_mae_t_critical_val,user_attrs_mape_ci_lower_val,user_attrs_mape_ci_upper_val,user_attrs_mape_df_val,user_attrs_mape_mean_val,user_attrs_mape_samperror_val,user_attrs_mape_std_val,user_attrs_mape_t_critical_val,user_attrs_max_error_ci_lower_val,user_attrs_max_error_ci_upper_val,user_attrs_max_error_df_val,user_attrs_max_error_mean_val,user_attrs_max_error_samperror_val,user_attrs_max_error_std_val,user_attrs_max_error_t_critical_val,user_attrs_median_ae_ci_lower_val,user_attrs_median_ae_ci_upper_val,user_attrs_median_ae_df_val,user_attrs_median_ae_mean_val,user_attrs_median_ae_samperror_val,user_attrs_median_ae_std_val,user_attrs_median_ae_t_critical_val,user_attrs_n_splits_val,user_attrs_r2_below_zero_val,user_attrs_r2_ci_lower_val,user_attrs_r2_ci_upper_val,user_attrs_r2_df_val,user_attrs_r2_mean_val,user_attrs_r2_samperror_val,user_attrs_r2_std_val,user_attrs_r2_t_critical_val,user_attrs_regressor_final,user_attrs_rfe_estimator,user_attrs_rfe_n_features,user_attrs_rfe_selected_features,user_attrs_rho_ci_lower_val,user_attrs_rho_ci_upper_val,user_attrs_rho_df_val,user_attrs_rho_mean_val,user_attrs_rho_samperror_val,user_attrs_rho_std_val,user_attrs_rho_t_critical_val,user_attrs_rmse_ci_lower_val,user_attrs_rmse_ci_upper_val,user_attrs_rmse_df_val,user_attrs_rmse_mean_val,user_attrs_rmse_samperror_val,user_attrs_rmse_std_val,user_attrs_rmse_t_critical_val,user_attrs_termination_reason,user_attrs_use_scaler_final,state
277,0.9882029239152127,2026-06-12 01:51:47.533630,2026-06-12 01:51:49.755234,0 days 00:00:02.221604,,,,,,,,,,,,,,0.0021914192374228427,QuantileRegressor,,,,,,2,,,,,,,,True,0.010702024176471054,0.020501222332715143,98.0,0.015601623254593099,0.004899599078122044,0.024565983778242782,1.9844674545084815,0.9778254532217173,0.9985803946087081,98.0,0.9882029239152127,0.010377470693495403,0.05203135453550427,1.9844674545084815,231575250076571.3,320102139467536.75,98.0,275838694772054.03,44263444695482.72,221931437046304.72,1.9844674545084815,3.024919159180996,3.114561996074414,98.0,3.069740577627705,0.04482141844670918,0.22472904842281927,1.9844674545084815,0.9959902399727809,1.0003354615845041,98.0,0.9981628507786425,0.0021726108058616562,0.010893201864526714,1.9844674545084815,99.0,0.10101010101010101,0.03728178473126055,0.052680847631251984,98.0,0.04498131618125627,0.007699531449995716,0.03860449838543982,1.9844674545084815,QuantileRegressor,"{'mode': 'original', 'type': 'QuantileRegressor'}",2,"['edges_T2W40', 'atd_T2W40']",0.2559298908349561,0.30957181857005933,98.0,0.2827508547025077,0.026820963867551614,0.13447699552177453,1.9844674545084815,1.2848151975339688,1.3122106234642286,98.0,1.2985129104990987,0.013697712965129836,0.06867863862636304,1.9844674545084815,completed,True,COMPLETE
278,0.9882029239152127,2026-06-12 01:51:49.767881,2026-06-12 01:51:51.923361,0 days 00:00:02.155480,,,,,,,,,,,,,,0.0026736769846310193,QuantileRegressor,,,,,,2,,,,,,,,True,0.010702024176471033,0.020501222332715115,98.0,0.015601623254593074,0.00489959907812204,0.02456598377824276,1.9844674545084815,0.9778254532217173,0.9985803946087081,98.0,0.9882029239152127,0.010377470693495407,0.05203135453550428,1.9844674545084815,231575250076571.38,320102139467536.8,98.0,275838694772054.1,44263444695482.72,221931437046304.72,1.9844674545084815,3.024919159180996,3.114561996074414,98.0,3.069740577627705,0.04482141844670915,0.22472904842281913,1.9844674545084815,0.9959902399727809,1.0003354615845041,98.0,0.9981628507786425,0.0021726108058616584,0.010893201864526724,1.9844674545084815,99.0,0.10101010101010101,0.03728178473126052,0.05268084763125197,98.0,0.044981316181256246,0.007699531449995721,0.03860449838543985,1.9844674545084815,QuantileRegressor,"{'mode': 'original', 'type': 'QuantileRegressor'}",2,"['edges_T2W40', 'atd_T2W40']",0.2559298908349561,0.30957181857005933,98.0,0.2827508547025077,0.026820963867551614,0.13447699552177453,1.9844674545084815,1.2848151975339688,1.3122106234642286,98.0,1.2985129104990987,0.01369771296512984,0.06867863862636306,1.9844674545084815,completed,True,COMPLETE
279,0.989071082905676,2026-06-12 01:51:51.935649,2026-06-12 01:51:54.243586,0 days 00:00:02.307937,,,,,,,,,,,,,,0.005375758768890085,QuantileRegressor,,,,,,2,,,,,,,,True,0.00983096811096371,0.019570620497606946,98.0,0.014700794304285328,0.004869826193321619,0.02441670621626743,1.9844674545084815,0.9788209799260001,0.9993211858853519,98.0,0.989071082905676,0.01025010297967589,0.05139274857169522,1.9844674545084815,232049636110313.16,321038869384876.5,98.0,276544252747594.84,44494616637281.68,223090504570334.62,1.9844674545084815,3.018895329909927,3.105930239353649,98.0,3.062412784631788,0.04351745472186119,0.2181911355852018,1.9844674545084815,0.9911054215041785,0.9989161662123068,98.0,0.9950107938582426,0.0039053723540642183,0.019581053953237285,1.9844674545084815,99.0,0.09090909090909091,0.03939959160178367,0.05423986245966236,98.0,0.04681972703072301,0.007420135428939343,0.03720364129253515,1.9844674545084815,QuantileRegressor,"{'mode': 'original', 'type': 'QuantileRegressor'}",2,"['edges_T2W40', 'l3_T2W40']",0.24997170529937812,0.30447604647685284,98.0,0.2772238758881155,0.027252170588737367,0.13663901268865233,1.9844674545084815,1.2835193742440667,1.3111320245355553,98.0,1.297325699389811,0.01380632514574427,0.06922320666643143,1.9844674545084815,completed,True,COMPLETE
280,1.04,2026-06-12 01:51:54.257123,2026-06-12 01:51:54.496456,0 days 00:00:00.239333,,,,,,,,,,,,,,2.5454450433109326,QuantileRegressor,,,,,,2,,,,,,,,True,,,,,,,,,,,,,,,,,,,,,,,,,,,,,,,,,,,,,,,,,,,,,QuantileRegressor,"{'mode': 'original', 'type': 'QuantileRegressor'}",2,"['diameter_T2W40', 'asp_T2W40']",,,,,,,,,,,,,,,pruned,True,PRUNED
281,0.9881793136935689,2026-06-12 01:51:54.506419,2026-06-12 01:51:56.592166,0 days 00:00:02.085747,,,,,,,,,,,,,,0.003400722633627272,QuantileRegressor,,,,,,2,,,,,,,,True,0.01072475218629352,0.020526787958073056,98.0,0.015625770072183288,0.0049010178858897675,0.024573097504907066,1.9844674545084815,0.9777988550760196,0.9985597723111183,98.0,0.9881793136935689,0.010380458617549299,0.052046335617153654,1.9844674545084815,231579744414016.22,320106729335456.8,98.0,275843236874736.5,44263492460720.29,221931676535298.12,1.9844674545084815,3.024919159180996,3.114561996074414,98.0,3.069740577627705,0.04482141844670918,0.22472904842281927,1.9844674545084815,0.9959902399727809,1.0003354615845041,98.0,0.9981628507786425,0.0021726108058616697,0.010893201864526783,1.9844674545084815,99.0,0.10101010101010101,0.03729430968659649,0.05269267635537781,98.0,0.04499349302098715,0.00769918333439066,0.03860275297685222,1.9844674545084815,QuantileRegressor,"{'mode': 'original', 'type': 'QuantileRegressor'}",2,"['edges_T2W40', 'atd_T2W40']",0.2559298908349561,0.30957181857005933,98.0,0.2827508547025077,0.026820963867551614,0.13447699552177453,1.9844674545084815,1.2848062555894373,1.31220363240086,98.0,1.2985049439951486,0.013698688405711376,0.06868352936479301,1.9844674545084815,completed,True,COMPLETE
282,1.1714697123117057,2026-06-12 01:51:56.605311,2026-06-12 01:51:56.827760,0 days 00:00:00.222449,,,,,,,,,,,minkowski,14.0,distance,,KNeighborsRegressor,,,,,,2,,,,,9.394932740238614,0.0068632467031227344,LinearSVR,,,,,,,,,,,,,,,,,,,,,,,,,,,,,,,,,,,,,,,,,,,,,,KNeighborsRegressor,"{'mode': 'proxy', 'type': 'LinearSVR'}",2,"['nodes_T2W40', 'lcc_T2W40']",,,,,,,,,,,,,,,pruned,True,PRUNED
283,0.9992307604438648,2026-06-12 01:51:56.838071,2026-06-12 01:51:57.100839,0 days 00:00:00.262768,,,,,,,,,,,,,,0.005030109598986224,QuantileRegressor,,,,,,3,,,,,,,,True,,,,,,,,,,,,,,,,,,,,,,,,,,,,,,,,,,,,,,,,,,,,,QuantileRegressor,"{'mode': 'original', 'type': 'QuantileRegressor'}",3,"['edges_T2W40', 'l2_T2W40', 'l3_T2W40']",,,,,,,,,,,,,,,pruned,True,PRUNED
284,0.9881793136935689,2026-06-12 01:51:57.110658,2026-06-12 01:51:59.256117,0 days 00:00:02.145459,,,,,,,,,,,,,,0.0034322522752254004,QuantileRegressor,,,,,,2,,,,,,,,True,0.010724752186293542,0.020526787958073084,98.0,0.015625770072183312,0.00490101788588977,0.02457309750490708,1.9844674545084815,0.9777988550760196,0.9985597723111183,98.0,0.9881793136935689,0.010380458617549295,0.05204633561715364,1.9844674545084815,231579744414016.16,320106729335456.75,98.0,275843236874736.44,44263492460720.29,221931676535298.12,1.9844674545084815,3.024919159180996,3.114561996074414,98.0,3.069740577627705,0.0448214184467092,0.22472904842281938,1.9844674545084815,0.9959902399727809,1.0003354615845041,98.0,0.9981628507786425,0.002172610805861661,0.010893201864526738,1.9844674545084815,99.0,0.10101010101010101,0.037294309686596507,0.05269267635537784,98.0,0.04499349302098717,0.007699183334390665,0.03860275297685225,1.9844674545084815,QuantileRegressor,"{'mode': 'original', 'type': 'QuantileRegressor'}",2,"['edges_T2W40', 'atd_T2W40']",0.2559298908349561,0.30957181857005933,98.0,0.2827508547025077,0.026820963867551614,0.13447699552177453,1.9844674545084815,1.2848062555894373,1.31220363240086,98.0,1.2985049439951486,0.013698688405711376,0.06868352936479301,1.9844674545084815,completed,True,COMPLETE
285,0.9882029239152127,2026-06-12 01:51:59.269188,2026-06-12 01:52:01.492563,0 days 00:00:02.223375,,,,,,,,,,,,,,0.002648059458978472,QuantileRegressor,,,,,,2,,,,,,,,True,0.01070202417647104,0.020501222332715126,98.0,0.015601623254593083,0.004899599078122042,0.024565983778242772,1.9844674545084815,0.9778254532217173,0.9985803946087081,98.0,0.9882029239152127,0.010377470693495408,0.05203135453550429,1.9844674545084815,231575250076571.38,320102139467536.8,98.0,275838694772054.1,44263444695482.72,221931437046304.72,1.9844674545084815,3.024919159180996,3.114561996074414,98.0,3.069740577627705,0.04482141844670919,0.22472904842281932,1.9844674545084815,0.9959902399727809,1.0003354615845041,98.0,0.9981628507786425,0.0021726108058616692,0.010893201864526782,1.9844674545084815,99.0,0.10101010101010101,0.03728178473126054,0.052680847631251984,98.0,0.04498131618125626,0.007699531449995723,0.038604498385439855,1.9844674545084815,QuantileRegressor,"{'mode': 'original', 'type': 'QuantileRegressor'}",2,"['edges_T2W40', 'atd_T2W40']",0.2559298908349561,0.30957181857005933,98.0,0.2827508547025077,0.026820963867551614,0.13447699552177453,1.9844674545084815,1.2848151975339688,1.3122106234642286,98.0,1.2985129104990987,0.013697712965129833,0.06867863862636303,1.9844674545084815,completed,True,COMPLETE
286,0.9880319290768066,2026-06-12 01:52:01.505897,2026-06-12 01:52:03.718016,0 days 00:00:02.212119,,,,,,,,,,,,,,0.0035006190587707864,QuantileRegressor,,,,,,2,,,,,,,,True,0.010868417992982271,0.020676751214680572,98.0,0.01577258460383142,0.0049041666108491505,0.024588884822408154,1.9844674545084815,0.9776505294480733,0.9984133287055399,98.0,0.9880319290768066,0.010381399628733272,0.05205105373084256,1.9844674545084815,231540602353441.66,320045521132767.4,98.0,275793061743104.5,44252459389662.84,221876358081624.7,1.9844674545084815,3.025131827956602,3.1147463065206225,98.0,3.069939067238612,0.044807239282010414,0.2246579558447481,1.9844674545084815,0.9960081915772234,1.0003540373873798,98.0,0.9981811144823016,0.0021729229050782024,0.01089476669139696,1.9844674545084815,99.0,0.10101010101010101,0.03736984915548665,0.05278417368878961,98.0,0.04507701142213813,0.007707162266651482,0.038642758356345876,1.9844674545084815,QuantileRegressor,"{'mode': 'original', 'type': 'QuantileRegressor'}",2,"['edges_T2W40', 'atd_T2W40']",0.25734210049311157,0.31069504817311666,98.0,0.2840185743331141,0.02667647384000256,0.1337525403946729,1.9844674545084815,1.2847452562041695,1.3121509817372399,98.0,1.2984481189707047,0.013702862766535215,0.06870445909366427,1.9844674545084815,completed,True,COMPLETE
287,1.0291673466138493,2026-06-12 01:52:03.731410,2026-06-12 01:52:04.014235,0 days 00:00:00.282825,,,,,,,,,,,,,,0.002028298855113558,QuantileRegressor,,,,,,2,,,,,,,,True,,,,,,,,,,,,,,,,,,,,,,,,,,,,,,,,,,,,,,,,,,,,,QuantileRegressor,"{'mode': 'original', 'type': 'QuantileRegressor'}",2,"['lcc_T2W40', 'atd_T2W40']",,,,,,,,,,,,,,,pruned,True,PRUNED
288,1.0599566165268643,2026-06-12 01:52:04.024293,2026-06-12 01:52:04.137161,0 days 00:00:00.112868,,,,,,,,,,,,,,,LinearRegression,,,,,,2,,,,,,,,True,,,,,,,,,,,,,,,,,,,,,,,,,,,,,,,,,,,,,,,,,,,,,LinearRegression,"{'mode': 'original', 'type': 'LinearRegression'}",2,"['nodes_T2W40', 'lcc_T2W40']",,,,,,,,,,,,,,,pruned,True,PRUNED
289,1.0345121348338921,2026-06-12 01:52:04.146866,2026-06-12 01:52:04.377265,0 days 00:00:00.230399,,,,0.00010380915785768348,0.769628572642604,,,,,,,,,,ElasticNet,,,,,,3,,,,,,,,True,,,,,,,,,,,,,,,,,,,,,,,,,,,,,,,,,,,,,,,,,,,,,ElasticNet,"{'mode': 'original', 'type': 'ElasticNet'}",3,"['nodes_T2W40', 'lcc_T2W40', 'atd_T2W40']",,,,,,,,,,,,,,,pruned,True,PRUNED
290,0.989370461640082,2026-06-12 01:52:04.387840,2026-06-12 01:52:06.695180,0 days 00:00:02.307340,,,,,,,,,,,,,,0.006862965789716841,QuantileRegressor,,,,,,2,,,,,,,,False,0.010087566597936968,0.018803748864212676,98.0,0.014445657731074821,0.004358091133137853,0.021850929917678754,1.9844674545084815,0.9791817230194954,0.9995592002606687,98.0,0.989370461640082,0.010188738620586628,0.05108507526497911,1.9844674545084815,234992402546519.22,324223124937046.4,98.0,279607763741782.78,44615361195263.56,223695902849948.75,1.9844674545084815,3.0115777870222655,3.0827623654225556,98.0,3.0471700762224105,0.03559228920014511,0.17845533587136314,1.9844674545084815,0.9924025770594849,0.99938401089449,98.0,0.9958932939769874,0.003490716917502566,0.017502022880344265,1.9844674545084815,99.0,0.10101010101010101,0.038324970233869715,0.05147956857605407,98.0,0.04490226940496189,0.006577299171092176,0.032977764540610306,1.9844674545084815,QuantileRegressor,"{'mode': 'original', 'type': 'QuantileRegressor'}",2,"['edges_T2W40', 'l3_T2W40']",0.23406010032160945,0.29485027215322474,98.0,0.2644551862374171,0.030395085915807647,0.15239720141187993,1.9844674545084815,1.284806677070835,1.3127246045757839,98.0,1.2987656408233095,0.013958963752474391,0.0699885177617023,1.9844674545084815,completed,False,COMPLETE
291,0.9882029239152127,2026-06-12 01:52:06.708107,2026-06-12 01:52:08.937522,0 days 00:00:02.229415,,,,,,,,,,,,,,0.002742686631950734,QuantileRegressor,,,,,,2,,,,,,,,True,0.010702024176471044,0.02050122233271513,98.0,0.015601623254593086,0.004899599078122044,0.024565983778242782,1.9844674545084815,0.9778254532217173,0.9985803946087081,98.0,0.9882029239152127,0.010377470693495405,0.052031354535504275,1.9844674545084815,231575250076571.3,320102139467536.75,98.0,275838694772054.03,44263444695482.72,221931437046304.72,1.9844674545084815,3.024919159180996,3.114561996074414,98.0,3.069740577627705,0.04482141844670915,0.22472904842281913,1.9844674545084815,0.9959902399727808,1.0003354615845041,98.0,0.9981628507786425,0.002172610805861677,0.01089320186452682,1.9844674545084815,99.0,0.10101010101010101,0.03728178473126054,0.052680847631252,98.0,0.04498131618125627,0.00769953144999573,0.03860449838543989,1.9844674545084815,QuantileRegressor,"{'mode': 'original', 'type': 'QuantileRegressor'}",2,"['edges_T2W40', 'atd_T2W40']",0.2559298908349561,0.30957181857005933,98.0,0.2827508547025077,0.026820963867551614,0.13447699552177453,1.9844674545084815,1.2848151975339688,1.3122106234642286,98.0,1.2985129104990987,0.01369771296512984,0.06867863862636306,1.9844674545084815,completed,True,COMPLETE
292,0.9891379294296873,2026-06-12 01:52:08.951738,2026-06-12 01:52:11.184751,0 days 00:00:02.233013,,,,,,,,,,,,,,0.005049829502728549,QuantileRegressor,,,,,,2,,,,,,,,True,0.00975375332703958,0.019499553047448468,98.0,0.014626653187244024,0.004872899860204443,0.024432117201856098,1.9844674545084815,0.9789127815092774,0.9993630773500971,98.0,0.9891379294296873,0.010225147920409832,0.05126762699106376,1.9844674545084815,232055970258072.16,321045451039119.3,98.0,276550710648595.72,44494740390523.57,223091125053783.25,1.9844674545084815,3.018833073302603,3.1058779280265307,98.0,3.062355500664567,0.043522427361963885,0.2182160677876433,1.9844674545084815,0.9906033966790847,0.9985601491880204,98.0,0.9945817729335525,0.003978376254467853,0.019947086480484703,1.9844674545084815,99.0,0.09090909090909091,0.03941678150783969,0.05424133584771306,98.0,0.046829058677776376,0.007412277169936682,0.037164240953832625,1.9844674545084815,QuantileRegressor,"{'mode': 'original', 'type': 'QuantileRegressor'}",2,"['edges_T2W40', 'l3_T2W40']",0.2487828027033738,0.3036765405797501,98.0,0.2762296716415619,0.027446868938188134,0.1376152061318292,1.9844674545084815,1.2835094608164574,1.3111355585090392,98.0,1.2973225096627483,0.01381304884629077,0.0692569184693609,1.9844674545084815,completed,True,COMPLETE
293,1.1150619927844523,2026-06-12 01:52:11.203152,2026-06-12 01:52:14.900850,0 days 00:00:03.697698,,,,,,,,,,,,,,,RandomForestRegressor,12.0,log2,4.0,4.0,380.0,2,,,,,,,,True,,,,,,,,,,,,,,,,,,,,,,,,,,,,,,,,,,,,,,,,,,,,,RandomForestRegressor,"{'mode': 'original', 'type': 'RandomForestRegressor'}",2,"['l3_T2W40', 'lsc_T2W40']",,,,,,,,,,,,,,,pruned,True,PRUNED
294,0.9881793136935689,2026-06-12 01:52:14.910721,2026-06-12 01:52:17.179787,0 days 00:00:02.269066,,,,,,,,,,,,,,0.0032613696586881744,QuantileRegressor,,,,,,2,,,,,,,,True,0.010724752186293544,0.020526787958073067,98.0,0.015625770072183305,0.004901017885889761,0.02457309750490704,1.9844674545084815,0.9777988550760196,0.9985597723111183,98.0,0.9881793136935689,0.010380458617549295,0.05204633561715363,1.9844674545084815,231579744414016.16,320106729335456.75,98.0,275843236874736.44,44263492460720.29,221931676535298.12,1.9844674545084815,3.024919159180996,3.114561996074414,98.0,3.069740577627705,0.0448214184467092,0.22472904842281938,1.9844674545084815,0.9959902399727809,1.0003354615845041,98.0,0.9981628507786425,0.0021726108058616606,0.010893201864526737,1.9844674545084815,99.0,0.10101010101010101,0.037294309686596534,0.05269267635537785,98.0,0.044993493020987194,0.007699183334390657,0.03860275297685221,1.9844674545084815,QuantileRegressor,"{'mode': 'original', 'type': 'QuantileRegressor'}",2,"['edges_T2W40', 'atd_T2W40']",0.2559298908349561,0.30957181857005933,98.0,0.2827508547025077,0.026820963867551614,0.13447699552177453,1.9844674545084815,1.2848062555894373,1.31220363240086,98.0,1.2985049439951486,0.013698688405711376,0.06868352936479301,1.9844674545084815,completed,True,COMPLETE
295,0.9881510428632166,2026-06-12 01:52:17.193942,2026-06-12 01:52:19.379061,0 days 00:00:02.185119,,,,,,,,,,,,,,0.0034891757811405686,QuantileRegressor,,,,,,2,,,,,,,,True,0.010756499580295918,0.020555620914825427,98.0,0.015656060247560673,0.0048995606672647555,0.024565791190955123,1.9844674545084815,0.9777635872878244,0.9985384984386089,98.0,0.9881510428632166,0.010387455575392248,0.052081417498370114,1.9844674545084815,231584238770242.25,320111319184595.56,98.0,275847778977418.9,44263540207176.67,221931915930125.0,1.9844674545084815,3.024919159180996,3.114561996074414,98.0,3.069740577627705,0.044821418446709185,0.2247290484228193,1.9844674545084815,0.995990239972781,1.0003354615845044,98.0,0.9981628507786426,0.0021726108058616675,0.010893201864526773,1.9844674545084815,99.0,0.10101010101010101,0.03732542588617473,0.052715109949879775,98.0,0.045020267918027254,0.007694842031852522,0.0385809862228734,1.9844674545084815,QuantileRegressor,"{'mode': 'original', 'type': 'QuantileRegressor'}",2,"['edges_T2W40', 'atd_T2W40']",0.2559298908349561,0.30957181857005933,98.0,0.2827508547025077,0.026820963867551614,0.13447699552177453,1.9844674545084815,1.2847863765574468,1.3121899673822786,98.0,1.2984881719698627,0.01370179541241587,0.06869910751212394,1.9844674545084815,completed,True,COMPLETE
296,1.003328910556458,2026-06-12 01:52:19.412837,2026-06-12 01:52:19.635588,0 days 00:00:00.222751,,,,,,,,,,,,,,0.004940226042325596,QuantileRegressor,,,,,,3,,,,,,,,True,,,,,,,,,,,,,,,,,,,,,,,,,,,,,,,,,,,,,,,,,,,,,QuantileRegressor,"{'mode': 'original', 'type': 'QuantileRegressor'}",3,"['edges_T2W40', 'l2_T2W40', 'l3_T2W40']",,,,,,,,,,,,,,,pruned,True,PRUNED
297,1.034004804465472,2026-06-12 01:52:19.645559,2026-06-12 01:52:22.136936,0 days 00:00:02.491377,,,,,,5.0,log2,4.0,4.0,422.0,,,,,ExtraTreesRegressor,,,,,,2,,,,,,,,True,,,,,,,,,,,,,,,,,,,,,,,,,,,,,,,,,,,,,,,,,,,,,ExtraTreesRegressor,"{'mode': 'original', 'type': 'ExtraTreesRegressor'}",2,"['edges_T2W40', 'lsc_T2W40']",,,,,,,,,,,,,,,pruned,True,PRUNED
