number,value,datetime_start,datetime_complete,duration,params_dt_max_depth,params_dt_min_samples_leaf,params_dt_min_samples_split,params_elastic_alpha,params_elastic_l1_ratio,params_et_max_depth,params_et_max_features,params_et_min_samples_leaf,params_et_min_samples_split,params_et_n_estimators,params_knn_metric,params_knn_n_neighbors,params_knn_weights,params_quantile_alpha,params_regressor,params_rf_max_depth,params_rf_max_features,params_rf_min_samples_leaf,params_rf_min_samples_split,params_rf_n_estimators,params_rfe_n_features,params_rfe_proxy_et_max_depth,params_rfe_proxy_et_min_samples_leaf,params_rfe_proxy_et_min_samples_split,params_rfe_proxy_et_n_estimators,params_rfe_proxy_lsvr_C,params_rfe_proxy_lsvr_epsilon,params_rfe_proxy_type,params_use_scaler,user_attrs_d2mae_ci_lower_val,user_attrs_d2mae_ci_upper_val,user_attrs_d2mae_df_val,user_attrs_d2mae_mean_val,user_attrs_d2mae_samperror_val,user_attrs_d2mae_std_val,user_attrs_d2mae_t_critical_val,user_attrs_mae_ci_lower_val,user_attrs_mae_ci_upper_val,user_attrs_mae_df_val,user_attrs_mae_mean_val,user_attrs_mae_samperror_val,user_attrs_mae_std_val,user_attrs_mae_t_critical_val,user_attrs_mape_ci_lower_val,user_attrs_mape_ci_upper_val,user_attrs_mape_df_val,user_attrs_mape_mean_val,user_attrs_mape_samperror_val,user_attrs_mape_std_val,user_attrs_mape_t_critical_val,user_attrs_max_error_ci_lower_val,user_attrs_max_error_ci_upper_val,user_attrs_max_error_df_val,user_attrs_max_error_mean_val,user_attrs_max_error_samperror_val,user_attrs_max_error_std_val,user_attrs_max_error_t_critical_val,user_attrs_median_ae_ci_lower_val,user_attrs_median_ae_ci_upper_val,user_attrs_median_ae_df_val,user_attrs_median_ae_mean_val,user_attrs_median_ae_samperror_val,user_attrs_median_ae_std_val,user_attrs_median_ae_t_critical_val,user_attrs_n_splits_val,user_attrs_r2_below_zero_val,user_attrs_r2_ci_lower_val,user_attrs_r2_ci_upper_val,user_attrs_r2_df_val,user_attrs_r2_mean_val,user_attrs_r2_samperror_val,user_attrs_r2_std_val,user_attrs_r2_t_critical_val,user_attrs_regressor_final,user_attrs_rfe_estimator,user_attrs_rfe_n_features,user_attrs_rfe_selected_features,user_attrs_rho_ci_lower_val,user_attrs_rho_ci_upper_val,user_attrs_rho_df_val,user_attrs_rho_mean_val,user_attrs_rho_samperror_val,user_attrs_rho_std_val,user_attrs_rho_t_critical_val,user_attrs_rmse_ci_lower_val,user_attrs_rmse_ci_upper_val,user_attrs_rmse_df_val,user_attrs_rmse_mean_val,user_attrs_rmse_samperror_val,user_attrs_rmse_std_val,user_attrs_rmse_t_critical_val,user_attrs_termination_reason,user_attrs_use_scaler_final,state
54,0.9887913279993762,2026-06-12 01:44:44.366568,2026-06-12 01:44:46.507021,0 days 00:00:02.140453,,,,,,,,,,,,,,0.018350255206302034,QuantileRegressor,,,,,,4,,,,,,,,True,0.011028025462327649,0.01911276265745068,98.0,0.015070394059889164,0.004042368597561515,0.020267936173960686,1.9844674545084815,0.97855144250177,0.9990312134969824,98.0,0.9887913279993762,0.010239885497606193,0.0513415193803315,1.9844674545084815,236688206254775.3,326581530889694.94,98.0,281634868572235.1,44946662317459.805,225357005700165.2,1.9844674545084815,3.014111992584417,3.0858332028904725,98.0,3.049972597737445,0.035860605153027664,0.17980063887286565,1.9844674545084815,0.9953716262472148,1.0001695489307367,98.0,0.9977705875889757,0.0023989613417609865,0.012028095455704137,1.9844674545084815,99.0,0.09090909090909091,0.03688480224563857,0.04908971148121129,98.0,0.04298725686342493,0.00610245461778636,0.030596952680761423,1.9844674545084815,QuantileRegressor,"{'mode': 'original', 'type': 'QuantileRegressor'}",4,"['edges_T2W40', 'l3_T2W40', 'lsc_T2W40', 'atd_T2W40']",0.24698350876901187,0.30224730654544407,95.0,0.274615407657228,0.027631898888216093,0.13637379410622175,1.9852510035054978,1.2862452784087701,1.3139295588095232,98.0,1.3000874186091467,0.01384214020037665,0.06940277892062761,1.9844674545084815,completed,True,COMPLETE
55,1.2666666666666666,2026-06-12 01:44:46.524821,2026-06-12 01:44:46.722224,0 days 00:00:00.197403,,,,,,,,,,,euclidean,2.0,uniform,,KNeighborsRegressor,,,,,,4,2.0,1.0,2.0,20.0,,,ExtraTrees,,,,,,,,,,,,,,,,,,,,,,,,,,,,,,,,,,,,,,,,,,,,,,KNeighborsRegressor,"{'mode': 'proxy', 'type': 'ExtraTrees'}",4,"['edges_T2W40', 'l3_T2W40', 'lsc_T2W40', 'asp_T2W40']",,,,,,,,,,,,,,,pruned,True,PRUNED
56,1.0040404040404038,2026-06-12 01:44:46.732055,2026-06-12 01:44:48.869078,0 days 00:00:02.137023,,,,,,,,,,,,,,0.13846774469868198,QuantileRegressor,,,,,,3,,,,,,,,True,0.0,0.0,98.0,0.0,0.0,0.0,1.9844674545084815,0.9940620287322439,1.0140187793485638,98.0,1.0040404040404038,0.009978375308159955,0.050030339634938165,1.9844674545084815,264040214663104.25,360701551827349.1,98.0,312370883245226.7,48330668582122.42,242323994565514.8,1.9844674545084815,2.969853864095874,3.009944115702106,98.0,2.98989898989899,0.02004512580311598,0.10050378152592122,1.9844674545084815,1.0,1.0,98.0,1.0,0.0,0.0,1.9844674545084815,99.0,0.8585858585858586,-0.0027121159306387815,-0.001484740783505017,98.0,-0.0020984283570718992,0.0006136875735668822,0.0030769535908500467,1.9844674545084815,QuantileRegressor,"{'mode': 'original', 'type': 'QuantileRegressor'}",3,"['density_T2W40', 'diameter_T2W40', 'asp_T2W40']",,,,,,,,1.3165442642309395,1.3448607882107815,98.0,1.3307025262208605,0.014158261989920996,0.07098777447436015,1.9844674545084815,completed,True,COMPLETE
57,0.9893972385013077,2026-06-12 01:44:48.882241,2026-06-12 01:44:51.050764,0 days 00:00:02.168523,,,,,,,,,,,,,,0.02099484263943365,QuantileRegressor,,,,,,5,,,,,,,,True,0.010703563575196006,0.018340369866866706,98.0,0.014521966721031355,0.003818403145835349,0.019145001099832002,1.9844674545084815,0.9790113230685167,0.9997831539340987,98.0,0.9893972385013077,0.010385915432790962,0.052073695413857465,1.9844674545084815,237401258595299.03,327641071812666.25,98.0,282521165203982.6,45119906608683.59,226225631148904.56,1.9844674545084815,3.014054067791764,3.085938456859041,98.0,3.0499962623254024,0.035942194533638575,0.1802097179359903,1.9844674545084815,0.9964139965950708,0.9998607991029137,98.0,0.9981373978489922,0.001723401253921402,0.008640920730898598,1.9844674545084815,99.0,0.1111111111111111,0.035393651088206884,0.047649404923388566,98.0,0.041521528005797725,0.006127876917590838,0.030724416947662588,1.9844674545084815,QuantileRegressor,"{'mode': 'original', 'type': 'QuantileRegressor'}",5,"['edges_T2W40', 're_T2W40', 'l3_T2W40', 'lsc_T2W40', 'atd_T2W40']",0.2425832509534407,0.2977045943715513,93.0,0.270143922662496,0.0275606717090553,0.134560571085856,1.9858018143458227,1.2870584419529436,1.3152079285087361,98.0,1.3011331852308399,0.01407474327789627,0.07056902198215306,1.9844674545084815,completed,True,COMPLETE
58,1.0277981616469403,2026-06-12 01:44:51.063259,2026-06-12 01:44:54.014650,0 days 00:00:02.951391,,,,,,11.0,log2,3.0,2.0,478.0,,,,,ExtraTreesRegressor,,,,,,5,,,,,,,,True,,,,,,,,,,,,,,,,,,,,,,,,,,,,,,,,,,,,,,,,,,,,,ExtraTreesRegressor,"{'mode': 'original', 'type': 'ExtraTreesRegressor'}",5,"['edges_T2W40', 'l1_T2W40', 'l2_T2W40', 'l3_T2W40', 'lsc_T2W40']",,,,,,,,,,,,,,,pruned,True,PRUNED
59,0.9922224166508716,2026-06-12 01:44:54.025079,2026-06-12 01:44:56.130247,0 days 00:00:02.105168,,,,,,,,,,,,,,0.0035741418231542976,QuantileRegressor,,,,,,3,,,,,,,,True,0.0062369292520466635,0.01682892088245163,98.0,0.011532925067249147,0.005295995815202483,0.02655346799023648,1.9844674545084815,0.9818639889705247,1.0025808443312185,98.0,0.9922224166508716,0.010358427680346881,0.0519358752228837,1.9844674545084815,231913205581276.44,320689559391388.6,98.0,276301382486332.53,44388176905056.1,222556828917792.0,1.9844674545084815,3.018352505206785,3.106547846209997,98.0,3.062450175708391,0.044097670501605846,0.22110026574173516,1.9844674545084815,0.9864824431856565,0.9963697348065241,98.0,0.9914260889960903,0.004943645810433879,0.024786828646201218,1.9844674545084815,99.0,0.1111111111111111,0.03782199190952921,0.053499981666811976,98.0,0.04566098678817059,0.007838994878641386,0.039303750767347115,1.9844674545084815,QuantileRegressor,"{'mode': 'original', 'type': 'QuantileRegressor'}",3,"['edges_T2W40', 'l3_T2W40', 'atd_T2W40']",0.2248196953019245,0.2828625616883609,98.0,0.2538411284951427,0.029021433193218187,0.14550987655896444,1.9844674545084815,1.284332180269787,1.311731337693116,98.0,1.2980317589814514,0.01369957871166439,0.06868799324872528,1.9844674545084815,completed,True,COMPLETE
60,0.9925415313415952,2026-06-12 01:44:56.142483,2026-06-12 01:44:58.290983,0 days 00:00:02.148500,,,,,,,,,,,,,,0.00317242441903766,QuantileRegressor,,,,,,3,,,,,,,,True,0.00585782479266004,0.016596660367286402,98.0,0.01122724257997322,0.00536941778731318,0.026921596677314547,1.9844674545084815,0.9820922041803531,1.0029908585028373,98.0,0.9925415313415952,0.01044932716124204,0.05239163397732797,1.9844674545084815,231739175413711.75,320313187716466.2,98.0,276026181565088.97,44287006151377.22,222049571271996.9,1.9844674545084815,3.018164524177741,3.1063695188183553,98.0,3.062267021498048,0.04410249732030711,0.22112446681370557,1.9844674545084815,0.9863665939291654,0.996518992401867,98.0,0.9914427931655162,0.005076199236350797,0.025451435129079738,1.9844674545084815,99.0,0.1111111111111111,0.03774228729777693,0.05355807579533735,98.0,0.04565018154655714,0.007907894248780214,0.039649203687509384,1.9844674545084815,QuantileRegressor,"{'mode': 'original', 'type': 'QuantileRegressor'}",3,"['edges_T2W40', 'l3_T2W40', 'atd_T2W40']",0.22473527771639767,0.28292358921226113,98.0,0.2538294334643294,0.029094155747931717,0.1458744984537195,1.9844674545084815,1.2842974786636658,1.3117842427009527,98.0,1.2980408606823093,0.013743382018643469,0.06890761761217297,1.9844674545084815,completed,True,COMPLETE
61,0.9921911260147479,2026-06-12 01:44:58.368778,2026-06-12 01:45:00.571423,0 days 00:00:02.202645,,,,,,,,,,,,,,0.0036997092495769587,QuantileRegressor,,,,,,3,,,,,,,,True,0.00626966118422046,0.016858600535641637,98.0,0.011564130859931049,0.005294469675710589,0.026545816115582363,1.9844674545084815,0.981833286298327,1.0025489657311688,98.0,0.9921911260147479,0.010357839716420918,0.05193292724448035,1.9844674545084815,231903954320215.03,320674547807336.4,98.0,276289251063775.72,44385296743560.69,222542388144282.38,1.9844674545084815,3.0183218996637295,3.106518031514833,98.0,3.062419965589281,0.04409806592555154,0.22110224834849146,1.9844674545084815,0.9864447457282605,0.9963382732433336,98.0,0.991391509485797,0.00494676375753657,0.024802461647335565,1.9844674545084815,99.0,0.1111111111111111,0.037833532061686,0.05350824307638347,98.0,0.045670887569034736,0.007837355507348737,0.039295531162448924,1.9844674545084815,QuantileRegressor,"{'mode': 'original', 'type': 'QuantileRegressor'}",3,"['edges_T2W40', 'l3_T2W40', 'atd_T2W40']",0.22436575337645137,0.2822857586640788,98.0,0.2533257560202651,0.028960002643813695,0.1452018713821944,1.9844674545084815,1.2843256017262443,1.311724923794662,98.0,1.2980252627604532,0.013699661034208879,0.06868840600378141,1.9844674545084815,completed,True,COMPLETE
62,0.9921911260147479,2026-06-12 01:45:00.588522,2026-06-12 01:45:02.778186,0 days 00:00:02.189664,,,,,,,,,,,,,,0.0036818363598397153,QuantileRegressor,,,,,,3,,,,,,,,True,0.006269661184220476,0.016858600535641654,98.0,0.011564130859931064,0.005294469675710589,0.026545816115582363,1.9844674545084815,0.981833286298327,1.0025489657311688,98.0,0.9921911260147479,0.010357839716420915,0.05193292724448033,1.9844674545084815,231903954320215.06,320674547807336.44,98.0,276289251063775.75,44385296743560.695,222542388144282.4,1.9844674545084815,3.0183218996637295,3.106518031514833,98.0,3.062419965589281,0.044098065925551565,0.22110224834849157,1.9844674545084815,0.9864447457282606,0.9963382732433337,98.0,0.9913915094857971,0.00494676375753657,0.024802461647335565,1.9844674545084815,99.0,0.1111111111111111,0.037833532061686,0.05350824307638347,98.0,0.045670887569034736,0.007837355507348735,0.03929553116244891,1.9844674545084815,QuantileRegressor,"{'mode': 'original', 'type': 'QuantileRegressor'}",3,"['edges_T2W40', 'l3_T2W40', 'atd_T2W40']",0.22501823487366668,0.28298834451760757,98.0,0.2540032896956371,0.02898505482197044,0.14532747990493178,1.9844674545084815,1.2843256017262443,1.311724923794662,98.0,1.2980252627604532,0.013699661034208879,0.06868840600378141,1.9844674545084815,completed,True,COMPLETE
63,0.992732144797228,2026-06-12 01:45:02.790805,2026-06-12 01:45:04.994680,0 days 00:00:02.203875,,,,,,,,,,,,,,0.002779607029017716,QuantileRegressor,,,,,,3,,,,,,,,True,0.005674266581736437,0.016402338648040415,98.0,0.011038302614888426,0.00536403603315199,0.026894613227584418,1.9844674545084815,0.9822814782467282,1.003182811347728,98.0,0.992732144797228,0.010450666550499843,0.052398349509406264,1.9844674545084815,231814148471350.47,320453853194886.2,98.0,276134000833118.3,44319852361767.85,222214258108361.94,1.9844674545084815,3.0182080586811866,3.1064535120848413,98.0,3.062330785383014,0.044122726701827396,0.22122589443060794,1.9844674545084815,0.9862411479909621,0.9964589978530123,98.0,0.9913500729219872,0.005108924931025102,0.025615517714548924,1.9844674545084815,99.0,0.1111111111111111,0.037691115520860644,0.053500895822606684,98.0,0.045596005671733664,0.00790489015087302,0.03963414151215999,1.9844674545084815,QuantileRegressor,"{'mode': 'original', 'type': 'QuantileRegressor'}",3,"['edges_T2W40', 'l3_T2W40', 'atd_T2W40']",0.22438474332130245,0.2825679014861481,98.0,0.25347632240372525,0.029091579082422808,0.14586157937154878,1.9844674545084815,1.2843356892592552,1.311819668494181,98.0,1.298077678876718,0.013741989617462968,0.06890063628487096,1.9844674545084815,completed,True,COMPLETE
64,1.0077223251300964,2026-06-12 01:45:05.007777,2026-06-12 01:45:07.279290,0 days 00:00:02.271513,,,,,,,,,,,,,,0.0009371516666081205,QuantileRegressor,,,,,,2,,,,,,,,True,-0.005540291721500256,-0.001955369424017352,98.0,-0.003747830572758804,0.001792461148741452,0.008987178501958258,1.9844674545084815,0.9978576758866232,1.0175869743735695,98.0,1.0077223251300964,0.009864649243473144,0.04946013121263386,1.9844674545084815,256781787609230.94,352568687175281.56,98.0,304675237392256.25,47893449783025.3,240131833583584.1,1.9844674545084815,2.982267395341735,3.0289559492149434,98.0,3.0056116722783393,0.023344276936604003,0.11704531725873925,1.9844674545084815,0.9999999999999998,1.0,98.0,0.9999999999999999,6.676708681772473e-17,3.347619153184716e-16,1.9844674545084815,99.0,0.7070707070707071,-0.0030343127389282796,0.004345710454122105,98.0,0.000655698857596913,0.0036900115965251925,0.01850126175150441,1.9844674545084815,QuantileRegressor,"{'mode': 'original', 'type': 'QuantileRegressor'}",2,"['nodes_T2W40', 'lcc_T2W40']",0.05437456244022346,0.14562247492886407,41.0,0.09999851868454376,0.0456239562443203,0.14640803746126776,2.019540970441376,1.314709994829714,1.3427466900392357,98.0,1.328728342434475,0.014018347604760825,0.07028626105226501,1.9844674545084815,completed,True,COMPLETE
65,0.9953751624862539,2026-06-12 01:45:07.291922,2026-06-12 01:45:09.502088,0 days 00:00:02.210166,,,,,,,,,,,,,,0.003920993514422099,QuantileRegressor,,,,,,4,,,,,,,,True,0.0025331770280669933,0.01389630442486725,98.0,0.008214740726467122,0.005681563698400129,0.02848665766821218,1.9844674545084815,0.9854697141417571,1.0052806108307506,98.0,0.9953751624862539,0.009905448344496772,0.04966469285899156,1.9844674545084815,232840495147440.4,322255588684002.4,98.0,277548041915721.38,44707546768280.98,224158109911225.66,1.9844674545084815,3.0198956613766605,3.108602209945625,98.0,3.064248935661143,0.04435327428448213,0.22238183149511165,1.9844674545084815,0.9823997819392044,0.993834462500849,98.0,0.9881171222200267,0.005717340280822296,0.028666037027504736,1.9844674545084815,99.0,0.12121212121212122,0.03691842441251563,0.053809489944836454,98.0,0.04536395717867604,0.008445532766160412,0.04234485671665126,1.9844674545084815,QuantileRegressor,"{'mode': 'original', 'type': 'QuantileRegressor'}",4,"['edges_T2W40', 'l2_T2W40', 'l3_T2W40', 'atd_T2W40']",0.20684025940906808,0.26566918192392036,98.0,0.23625472066649422,0.029414461257426132,0.14748047066182463,1.9844674545084815,1.2847011314323802,1.311403226780807,98.0,1.2980521791065935,0.01335104767421335,0.06694050173447712,1.9844674545084815,completed,True,COMPLETE
66,1.2414391534391533,2026-06-12 01:45:09.565217,2026-06-12 01:45:09.714944,0 days 00:00:00.149727,20.0,3.0,10.0,,,,,,,,,,,,DecisionTreeRegressor,,,,,,2,,,,,,,,True,,,,,,,,,,,,,,,,,,,,,,,,,,,,,,,,,,,,,,,,,,,,,DecisionTreeRegressor,"{'mode': 'original', 'type': 'DecisionTreeRegressor'}",2,"['edges_T2W40', 'lsc_T2W40']",,,,,,,,,,,,,,,pruned,True,PRUNED
67,1.012004687455667,2026-06-12 01:45:09.725552,2026-06-12 01:45:11.982206,0 days 00:00:02.256654,,,,,,,,,,,,,,0.000834116103453402,QuantileRegressor,,,,,,3,,,,,,,,True,-0.01281325215313988,-0.003482356475408459,98.0,-0.008147804314274169,0.00466544783886571,0.023391978425251477,1.9844674545084815,1.00174704310295,1.0222623318083839,98.0,1.012004687455667,0.010257644352717027,0.05143056008338023,1.9844674545084815,241888039660116.78,333103510860227.75,98.0,287495775260172.25,45607735600055.48,228671545375256.25,1.9844674545084815,3.0065128136387504,3.060748638821996,98.0,3.033630726230373,0.027117912591622988,0.13596585969661704,1.9844674545084815,0.9784581565882694,0.9860606865092217,98.0,0.9822594215487456,0.0038012649604761907,0.019059072358151574,1.9844674545084815,99.0,0.3838383838383838,0.001876041343973886,0.018140226513067514,98.0,0.0100081339285207,0.008132092584546814,0.0407733064134129,1.9844674545084815,QuantileRegressor,"{'mode': 'original', 'type': 'QuantileRegressor'}",3,"['nodes_T2W40', 'lcc_T2W40', 'atd_T2W40']",0.13805603349084122,0.19383787246675427,88.0,0.16594695297879775,0.02789091948795652,0.13240263177583572,1.9872898648311692,1.3081939818562887,1.3359041227426374,98.0,1.322049052299463,0.013855070443174316,0.06946760955875769,1.9844674545084815,completed,True,COMPLETE
68,1.1177777777777778,2026-06-12 01:45:12.013505,2026-06-12 01:45:12.152787,0 days 00:00:00.139282,,,,,,,,,,,minkowski,10.0,uniform,,KNeighborsRegressor,,,,,,3,,,,,0.20337510816305113,0.00014151372109186315,LinearSVR,,,,,,,,,,,,,,,,,,,,,,,,,,,,,,,,,,,,,,,,,,,,,,KNeighborsRegressor,"{'mode': 'proxy', 'type': 'LinearSVR'}",3,"['edges_T2W40', 'l3_T2W40', 'density_T2W40']",,,,,,,,,,,,,,,pruned,True,PRUNED
69,0.9936813139535956,2026-06-12 01:45:12.162803,2026-06-12 01:45:14.384163,0 days 00:00:02.221360,,,,,,,,,,,,,,0.005072680707683067,QuantileRegressor,,,,,,4,,,,,,,,True,0.004719438114874618,0.01528068574508259,98.0,0.010000061929978604,0.005280623815103986,0.02647639468300507,1.9844674545084815,0.9836071551312353,1.003755472775956,98.0,0.9936813139535956,0.010074158822360317,0.05051058632830049,1.9844674545084815,232506925449304.16,322001078720688.9,98.0,277254002084996.53,44747076635692.375,224356307777234.88,1.9844674545084815,3.020939252249796,3.1090214837963406,98.0,3.0649803680230683,0.044041115773272264,0.2208167073287561,1.9844674545084815,0.9844488629250383,0.9952475827933949,98.0,0.9898482228592166,0.0053993599341782775,0.027071722898347243,1.9844674545084815,99.0,0.1111111111111111,0.03833680815893043,0.054142002311567676,98.0,0.046239405235249054,0.007902597076318622,0.03962264431995969,1.9844674545084815,QuantileRegressor,"{'mode': 'original', 'type': 'QuantileRegressor'}",4,"['edges_T2W40', 'l2_T2W40', 'l3_T2W40', 'atd_T2W40']",0.21360030654258297,0.2732794219257162,98.0,0.24343986423414957,0.029839557691566605,0.14961185160519896,1.9844674545084815,1.2840176045229659,1.3111704087356548,98.0,1.2975940066293103,0.013576402106344417,0.06807040098456205,1.9844674545084815,completed,True,COMPLETE
70,0.9918849931354734,2026-06-12 01:45:14.396481,2026-06-12 01:45:16.609394,0 days 00:00:02.212913,,,,,,,,,,,,,,0.0024948544005512475,QuantileRegressor,,,,,,3,,,,,,,,True,0.006149003154866162,0.017471448391692252,98.0,0.011810225773279207,0.005661222618413045,0.028384670009012482,1.9844674545084815,0.9815976181230653,1.0021723681478816,98.0,0.9918849931354734,0.01028737501240808,0.051579625933879734,1.9844674545084815,231154607122433.78,319647323552954.7,98.0,275400965337694.25,44246358215260.46,221845767547785.62,1.9844674545084815,3.0262986020960763,3.1130639564967653,98.0,3.0696812792964208,0.043382677200344465,0.21751537776206975,1.9844674545084815,0.9938767260373959,0.9984853446138312,98.0,0.9961810353256135,0.0023043092882177197,0.011553521766133503,1.9844674545084815,99.0,0.12121212121212122,0.030635247306002353,0.048605805861594645,98.0,0.0396205265837985,0.008985279277796148,0.04505107896826634,1.9844674545084815,QuantileRegressor,"{'mode': 'original', 'type': 'QuantileRegressor'}",3,"['edges_T2W40', 'lcc_T2W40', 'atd_T2W40']",0.2286910094708331,0.28698623378786847,98.0,0.2578386216293508,0.029147612158517692,0.14614252228472271,1.9844674545084815,1.2884440850406147,1.315388973737269,98.0,1.3019165293889419,0.013472444348327197,0.06754916964372092,1.9844674545084815,completed,True,COMPLETE
