number,value,datetime_start,datetime_complete,duration,params_dt_max_depth,params_dt_min_samples_leaf,params_dt_min_samples_split,params_elastic_alpha,params_elastic_l1_ratio,params_et_max_depth,params_et_max_features,params_et_min_samples_leaf,params_et_min_samples_split,params_et_n_estimators,params_knn_metric,params_knn_n_neighbors,params_knn_weights,params_quantile_alpha,params_regressor,params_rf_max_depth,params_rf_max_features,params_rf_min_samples_leaf,params_rf_min_samples_split,params_rf_n_estimators,params_rfe_n_features,params_rfe_proxy_et_max_depth,params_rfe_proxy_et_min_samples_leaf,params_rfe_proxy_et_min_samples_split,params_rfe_proxy_et_n_estimators,params_rfe_proxy_lsvr_C,params_rfe_proxy_lsvr_epsilon,params_rfe_proxy_type,params_use_scaler,user_attrs_d2mae_ci_lower_val,user_attrs_d2mae_ci_upper_val,user_attrs_d2mae_df_val,user_attrs_d2mae_mean_val,user_attrs_d2mae_samperror_val,user_attrs_d2mae_std_val,user_attrs_d2mae_t_critical_val,user_attrs_mae_ci_lower_val,user_attrs_mae_ci_upper_val,user_attrs_mae_df_val,user_attrs_mae_mean_val,user_attrs_mae_samperror_val,user_attrs_mae_std_val,user_attrs_mae_t_critical_val,user_attrs_mape_ci_lower_val,user_attrs_mape_ci_upper_val,user_attrs_mape_df_val,user_attrs_mape_mean_val,user_attrs_mape_samperror_val,user_attrs_mape_std_val,user_attrs_mape_t_critical_val,user_attrs_max_error_ci_lower_val,user_attrs_max_error_ci_upper_val,user_attrs_max_error_df_val,user_attrs_max_error_mean_val,user_attrs_max_error_samperror_val,user_attrs_max_error_std_val,user_attrs_max_error_t_critical_val,user_attrs_median_ae_ci_lower_val,user_attrs_median_ae_ci_upper_val,user_attrs_median_ae_df_val,user_attrs_median_ae_mean_val,user_attrs_median_ae_samperror_val,user_attrs_median_ae_std_val,user_attrs_median_ae_t_critical_val,user_attrs_n_splits_val,user_attrs_r2_below_zero_val,user_attrs_r2_ci_lower_val,user_attrs_r2_ci_upper_val,user_attrs_r2_df_val,user_attrs_r2_mean_val,user_attrs_r2_samperror_val,user_attrs_r2_std_val,user_attrs_r2_t_critical_val,user_attrs_regressor_final,user_attrs_rfe_estimator,user_attrs_rfe_n_features,user_attrs_rfe_selected_features,user_attrs_rho_ci_lower_val,user_attrs_rho_ci_upper_val,user_attrs_rho_df_val,user_attrs_rho_mean_val,user_attrs_rho_samperror_val,user_attrs_rho_std_val,user_attrs_rho_t_critical_val,user_attrs_rmse_ci_lower_val,user_attrs_rmse_ci_upper_val,user_attrs_rmse_df_val,user_attrs_rmse_mean_val,user_attrs_rmse_samperror_val,user_attrs_rmse_std_val,user_attrs_rmse_t_critical_val,user_attrs_termination_reason,user_attrs_use_scaler_final,state
122,0.9927207718831049,2026-06-12 01:46:55.792163,2026-06-12 01:46:57.967971,0 days 00:00:02.175808,,,,,,,,,,,,,,0.010472860117648742,QuantileRegressor,,,,,,5,,,,,,,,True,0.00625657131800751,0.015871985611014272,98.0,0.01106427846451089,0.00480770714650338,0.024105248998620626,1.9844674545084815,0.9824833214960766,1.0029582222701332,98.0,0.9927207718831049,0.010237450387028307,0.051329310037076935,1.9844674545084815,235161307312936.88,324818784173256.5,98.0,279990045743096.7,44828738430159.8,224765749914479.66,1.9844674545084815,3.012920662141643,3.088369503294933,98.0,3.050645082718288,0.03772442057664495,0.18914557888370637,1.9844674545084815,0.9911629669579698,0.9988606502682122,98.0,0.995011808613091,0.0038488416551212094,0.01929761602065057,1.9844674545084815,99.0,0.12121212121212122,0.036440069796152004,0.05076904355462206,98.0,0.043604556675387034,0.007164486879235032,0.035921851083819845,1.9844674545084815,QuantileRegressor,"{'mode': 'original', 'type': 'QuantileRegressor'}",5,"['edges_T2W40', 'l2_T2W40', 'l3_T2W40', 'atd_T2W40', 'asp_T2W40']",0.20786528890525388,0.2731077563971792,96.0,0.24048652265121656,0.03262123374596268,0.1618561369065531,1.984984311522457,1.2856660934978819,1.3134587222955583,98.0,1.29956240789672,0.013896314398838224,0.0696744016512606,1.9844674545084815,completed,True,COMPLETE
123,0.988839209355006,2026-06-12 01:46:57.981397,2026-06-12 01:47:00.081449,0 days 00:00:02.100052,,,,,,,,,,,,,,0.02055290851338229,QuantileRegressor,,,,,,4,,,,,,,,True,0.011307771797402794,0.018885238212511292,98.0,0.015096505004957043,0.003788733207554248,0.018996239698971757,1.9844674545084815,0.9783944695941984,0.9992839491158136,98.0,0.988839209355006,0.010444739760807658,0.05236863331893562,1.9844674545084815,237400409167898.06,327699122325141.7,98.0,282549765746519.9,45149356578621.8,226373289655700.0,1.9844674545084815,3.0142287648453827,3.0859486979132678,98.0,3.0500887313793252,0.03585996653394256,0.17979743691575956,1.9844674545084815,0.9961157960382538,0.9997681137823133,98.0,0.9979419549102836,0.001826158872029694,0.009156134718673842,1.9844674545084815,99.0,0.09090909090909091,0.03622386737711222,0.048282688188820935,98.0,0.04225327778296658,0.006029410405854354,0.030230718036496622,1.9844674545084815,QuantileRegressor,"{'mode': 'original', 'type': 'QuantileRegressor'}",4,"['edges_T2W40', 're_T2W40', 'l3_T2W40', 'lsc_T2W40']",0.24718176523601676,0.30152001225041203,94.0,0.2743508887432144,0.02716912350719762,0.13337130842656716,1.985523441866604,1.2865311983750682,1.314794429403965,98.0,1.3006628138895167,0.014131615514448468,0.0708541723420697,1.9844674545084815,completed,True,COMPLETE
124,0.9887913279993762,2026-06-12 01:47:00.093664,2026-06-12 01:47:02.244286,0 days 00:00:02.150622,,,,,,,,,,,,,,0.01827235102597152,QuantileRegressor,,,,,,4,,,,,,,,True,0.01102802546232767,0.01911276265745072,98.0,0.015070394059889195,0.004042368597561525,0.020267936173960735,1.9844674545084815,0.97855144250177,0.9990312134969824,98.0,0.9887913279993762,0.010239885497606193,0.0513415193803315,1.9844674545084815,236688206254775.25,326581530889694.9,98.0,281634868572235.06,44946662317459.8,225357005700165.16,1.9844674545084815,3.014111992584417,3.0858332028904725,98.0,3.049972597737445,0.03586060515302769,0.1798006388728658,1.9844674545084815,0.9953716262472149,1.000169548930737,98.0,0.9977705875889759,0.002398961341760997,0.012028095455704187,1.9844674545084815,99.0,0.09090909090909091,0.03688480224563857,0.04908971148121133,98.0,0.04298725686342495,0.006102454617786379,0.03059695268076152,1.9844674545084815,QuantileRegressor,"{'mode': 'original', 'type': 'QuantileRegressor'}",4,"['edges_T2W40', 'l3_T2W40', 'lsc_T2W40', 'atd_T2W40']",0.24560257760702145,0.3016343838448697,95.0,0.2736184807259456,0.028015903118924126,0.13826899914103852,1.9852510035054978,1.2862452784087701,1.3139295588095232,98.0,1.3000874186091467,0.013842140200376659,0.06940277892062766,1.9844674545084815,completed,True,COMPLETE
125,1.04,2026-06-12 01:47:02.257042,2026-06-12 01:47:02.427969,0 days 00:00:00.170927,,,,,,,,,,,,,,1.7482717385968276,QuantileRegressor,,,,,,4,,,,,,,,True,,,,,,,,,,,,,,,,,,,,,,,,,,,,,,,,,,,,,,,,,,,,,QuantileRegressor,"{'mode': 'original', 'type': 'QuantileRegressor'}",4,"['atd_T2W40', 'density_T2W40', 'diameter_T2W40', 'asp_T2W40']",,,,,,,,,,,,,,,pruned,True,PRUNED
126,1.04,2026-06-12 01:47:02.437479,2026-06-12 01:47:02.610945,0 days 00:00:00.173466,,,,,,,,,,,,,,0.06182008917792723,QuantileRegressor,,,,,,4,,,,,,,,True,,,,,,,,,,,,,,,,,,,,,,,,,,,,,,,,,,,,,,,,,,,,,QuantileRegressor,"{'mode': 'original', 'type': 'QuantileRegressor'}",4,"['atd_T2W40', 'density_T2W40', 'diameter_T2W40', 'asp_T2W40']",,,,,,,,,,,,,,,pruned,True,PRUNED
127,1.037754121970979,2026-06-12 01:47:02.620661,2026-06-12 01:47:02.867121,0 days 00:00:00.246460,,,,0.0005499621811677208,0.3374281365189723,,,,,,,,,,ElasticNet,,,,,,4,,,,,,,,True,,,,,,,,,,,,,,,,,,,,,,,,,,,,,,,,,,,,,,,,,,,,,ElasticNet,"{'mode': 'original', 'type': 'ElasticNet'}",4,"['nodes_T2W40', 'l2_T2W40', 'lcc_T2W40', 'atd_T2W40']",,,,,,,,,,,,,,,pruned,True,PRUNED
128,1.0384539047148582,2026-06-12 01:47:02.876595,2026-06-12 01:47:02.987585,0 days 00:00:00.110990,,,,,,,,,,,,,,,LinearRegression,,,,,,4,,,,,,,,True,,,,,,,,,,,,,,,,,,,,,,,,,,,,,,,,,,,,,,,,,,,,,LinearRegression,"{'mode': 'original', 'type': 'LinearRegression'}",4,"['nodes_T2W40', 'l2_T2W40', 'lcc_T2W40', 'atd_T2W40']",,,,,,,,,,,,,,,pruned,True,PRUNED
129,0.9909941593247316,2026-06-12 01:47:02.997217,2026-06-12 01:47:05.246456,0 days 00:00:02.249239,,,,,,,,,,,,,,0.0311611233314017,QuantileRegressor,,,,,,4,,,,,,,,True,0.00968291779890039,0.016333391211272693,98.0,0.013008154505086541,0.0033252367061861526,0.01667232556797206,1.9844674545084815,0.9805010684512622,1.0014872501982008,98.0,0.9909941593247316,0.010493090873469385,0.05261105981758769,1.9844674545084815,243231860091011.22,334771208027150.06,98.0,289001534059080.6,45769673968069.414,229483484323377.38,1.9844674545084815,3.010765453449272,3.0788148955146077,98.0,3.04479017448194,0.03402472103266789,0.17059574296191735,1.9844674545084815,0.9976210646341472,1.0001836964345605,98.0,0.9989023805343539,0.0012813159002066764,0.006424359446027659,1.9844674545084815,99.0,0.15151515151515152,0.028370289097735635,0.0393326067706865,98.0,0.03385144793421107,0.005481158836475433,0.02748185247729234,1.9844674545084815,QuantileRegressor,"{'mode': 'original', 'type': 'QuantileRegressor'}",4,"['edges_T2W40', 're_T2W40', 'l3_T2W40', 'lsc_T2W40']",0.2361190880222818,0.2882089286891334,85.0,0.2621640083557076,0.026044920333425786,0.1214779225724321,1.9882679074772216,1.2921777712161502,1.3207154981845415,98.0,1.3064466347003458,0.014268863484195562,0.0715423166870752,1.9844674545084815,completed,True,COMPLETE
130,1.057357068969869,2026-06-12 01:47:05.259390,2026-06-12 01:47:06.780219,0 days 00:00:01.520829,,,,,,,,,,,,,,,RandomForestRegressor,7.0,log2,4.0,9.0,178.0,6,,,,,,,,True,,,,,,,,,,,,,,,,,,,,,,,,,,,,,,,,,,,,,,,,,,,,,RandomForestRegressor,"{'mode': 'original', 'type': 'RandomForestRegressor'}",6,"['edges_T2W40', 're_T2W40', 'l2_T2W40', 'l3_T2W40', 'lsc_T2W40', 'density_T2W40']",,,,,,,,,,,,,,,pruned,True,PRUNED
131,0.9903636488967236,2026-06-12 01:47:06.790536,2026-06-12 01:47:09.122535,0 days 00:00:02.331999,,,,,,,,,,,,,,0.016843803243107285,QuantileRegressor,,,,,,5,,,,,,,,True,0.009301200345985385,0.017603979885755513,98.0,0.013452590115870449,0.004151389769885065,0.020814554847873052,1.9844674545084815,0.9802602426042631,1.0004670551891839,98.0,0.9903636488967236,0.010103406292460385,0.05065722952595336,1.9844674545084815,236488917244985.2,326548844276131.3,98.0,281518880760558.25,45029963515573.055,225774667604523.06,1.9844674545084815,3.014079480369256,3.0856373003847057,98.0,3.049858390376981,0.035778910007724984,0.17939102951865782,1.9844674545084815,0.9949649365260673,1.0003704369169977,98.0,0.9976676867215325,0.002702750195465202,0.013551255194514675,1.9844674545084815,99.0,0.10101010101010101,0.03653734308611984,0.048842871962719754,98.0,0.0426901075244198,0.006152764438299956,0.03084919989832295,1.9844674545084815,QuantileRegressor,"{'mode': 'original', 'type': 'QuantileRegressor'}",5,"['edges_T2W40', 'l2_T2W40', 'l3_T2W40', 'lsc_T2W40', 'atd_T2W40']",0.23047749322739222,0.2894884846408512,95.0,0.2599829889341217,0.029505495706729473,0.145620697759122,1.9852510035054978,1.2864134986779905,1.3141746435401473,98.0,1.300294071109069,0.01388057243107834,0.06959547337193388,1.9844674545084815,completed,True,COMPLETE
132,0.9890793268155748,2026-06-12 01:47:09.134874,2026-06-12 01:47:11.378286,0 days 00:00:02.243412,,,,,,,,,,,,,,0.020584970044096908,QuantileRegressor,,,,,,5,,,,,,,,True,0.011035081573386358,0.01867047601918573,98.0,0.014852778796286045,0.003817697222899686,0.01914146168954359,1.9844674545084815,0.9786412678478966,0.9995173857832529,98.0,0.9890793268155748,0.010438058967678174,0.05233513664848813,1.9844674545084815,237391759712199.3,327685454353054.2,98.0,282538607032626.75,45146847320427.43,226360708545467.22,1.9844674545084815,3.014415390095434,3.0862428690634554,98.0,3.0503291295794446,0.035913739484010804,0.1800670478365762,1.9844674545084815,0.9961962550760021,0.9998172265733493,98.0,0.9980067408246757,0.0018104857486735588,0.009077551616672608,1.9844674545084815,99.0,0.09090909090909091,0.03600183817625842,0.048131449139796584,98.0,0.0420666436580275,0.006064805481769082,0.030408184569346925,1.9844674545084815,QuantileRegressor,"{'mode': 'original', 'type': 'QuantileRegressor'}",5,"['edges_T2W40', 're_T2W40', 'l3_T2W40', 'lsc_T2W40', 'atd_T2W40']",0.2433333175881574,0.2987687789495678,94.0,0.2710510482688626,0.027717730680705214,0.13606438229490617,1.985523441866604,1.2866552038407417,1.3149154274055,98.0,1.3007853156231208,0.014130111782379114,0.07084663281546076,1.9844674545084815,completed,True,COMPLETE
133,0.9918548267352312,2026-06-12 01:47:11.392225,2026-06-12 01:47:13.613750,0 days 00:00:02.221525,,,,,,,,,,,,,,0.012893363177232315,QuantileRegressor,,,,,,5,,,,,,,,True,0.007486557531316732,0.0163786586021684,98.0,0.011932608066742565,0.004446050535425833,0.022291947481625773,1.9844674545084815,0.9817477737017746,1.0019618797686878,98.0,0.9918548267352312,0.01010705303345658,0.050675513834266675,1.9844674545084815,235380422768546.78,324880405788062.7,98.0,280130414278304.72,44749991509757.945,224370922595277.84,1.9844674545084815,3.0139527166935016,3.0862952401395054,98.0,3.0501239784165035,0.03617126172300195,0.18135823249163133,1.9844674545084815,0.9929879808751625,0.9998989530587314,98.0,0.996443466966947,0.003455486091784485,0.01732537987766491,1.9844674545084815,99.0,0.1111111111111111,0.03637939988691422,0.049714154092444306,98.0,0.043046776989679264,0.00666737710276504,0.03342940414886605,1.9844674545084815,QuantileRegressor,"{'mode': 'original', 'type': 'QuantileRegressor'}",5,"['edges_T2W40', 'l2_T2W40', 'l3_T2W40', 'lsc_T2W40', 'atd_T2W40']",0.21121053632002973,0.2774383501495451,96.0,0.24432444323478741,0.03311390691475767,0.16430062372393284,1.984984311522457,1.2861031520565782,1.3138880677621532,98.0,1.2999956099093657,0.013892457852787584,0.06965506540635372,1.9844674545084815,completed,True,COMPLETE
134,0.9910545437944238,2026-06-12 01:47:13.626954,2026-06-12 01:47:15.782954,0 days 00:00:02.156000,,,,,,,,,,,,,,0.030158432512056865,QuantileRegressor,,,,,,5,,,,,,,,True,0.00950018696733941,0.01634158783436268,98.0,0.012920887400851046,0.003420700433511635,0.017150968889496087,1.9844674545084815,0.9806347598277049,1.0014743277611426,98.0,0.9910545437944238,0.010419783966718922,0.052243508053994143,1.9844674545084815,242459248204384.16,333711166769450.2,98.0,288085207486917.2,45625959282533.02,228762916665230.2,1.9844674545084815,3.0102628889350878,3.0783866045971062,98.0,3.044324746766097,0.03406185783100922,0.17078194227559237,1.9844674545084815,0.9975792201625984,1.0001441401280922,98.0,0.9988616801453453,0.0012824599827468471,0.006430095734379966,1.9844674545084815,99.0,0.15151515151515152,0.02904312894465356,0.040116561376109396,98.0,0.03457984516038148,0.005536716215727916,0.027760410305334327,1.9844674545084815,QuantileRegressor,"{'mode': 'original', 'type': 'QuantileRegressor'}",5,"['edges_T2W40', 're_T2W40', 'l2_T2W40', 'l3_T2W40', 'lsc_T2W40']",0.2358922258720241,0.2875873817343603,86.0,0.26173980380319223,0.02584757793116812,0.12127672848105854,1.98793420623902,1.2917526676407949,1.3200923246393126,98.0,1.3059224961400537,0.014169828499258887,0.07104576752159422,1.9844674545084815,completed,True,COMPLETE
135,0.9935958274788047,2026-06-12 01:47:15.807063,2026-06-12 01:47:18.080867,0 days 00:00:02.273804,,,,,,,,,,,,,,0.009067700300913693,QuantileRegressor,,,,,,4,,,,,,,,True,0.00528222065391168,0.015023567081562196,98.0,0.010152893867736937,0.004870673213825258,0.024420953072310236,1.9844674545084815,0.9834723167609132,1.0037193381966962,98.0,0.9935958274788047,0.010123510717891485,0.050758030628479604,1.9844674545084815,234399052801485.44,323907695664348.2,98.0,279153374232916.8,44754321431431.37,224392632287008.62,1.9844674545084815,3.0186829996713898,3.10394122730076,98.0,3.061312113486075,0.042629113814685114,0.2137371041497152,1.9844674545084815,0.9909109566926542,0.9994712355180719,98.0,0.995191096105363,0.00428013941270885,0.021460089632787734,1.9844674545084815,99.0,0.1414141414141414,0.03506578246609141,0.05053709467734079,98.0,0.0428014385717161,0.007735656105624692,0.03878562294074041,1.9844674545084815,QuantileRegressor,"{'mode': 'original', 'type': 'QuantileRegressor'}",4,"['edges_T2W40', 'l2_T2W40', 'l3_T2W40', 'atd_T2W40']",0.21935253444024932,0.28099236563755997,95.0,0.25017245003890465,0.03081991559865532,0.15210785336271543,1.9852510035054978,1.286189449536635,1.313850996734051,98.0,1.300020223135343,0.013830773598708036,0.06934578818572203,1.9844674545084815,completed,True,COMPLETE
136,0.9896685095227088,2026-06-12 01:47:18.093997,2026-06-12 01:47:20.273552,0 days 00:00:02.179555,,,,,,,,,,,,,,0.0219798874171693,QuantileRegressor,,,,,,5,,,,,,,,True,0.010475814598300031,0.01806787257005695,98.0,0.01427184358417849,0.0037960289858784595,0.019032819829122107,1.9844674545084815,0.979221306182861,1.0001157128625566,98.0,0.9896685095227088,0.010447203339847784,0.05238098539953878,1.9844674545084815,239419362322771.94,330561841688533.06,98.0,284990602005652.5,45571239682880.57,228488559360483.28,1.9844674545084815,3.015212069459597,3.0869286602718162,98.0,3.0510703648657067,0.035858295406109596,0.17978905808749598,1.9844674545084815,0.9969849875799719,1.0001489964363088,98.0,0.9985669920081404,0.0015820044281684832,0.007931974535024835,1.9844674545084815,99.0,0.12121212121212122,0.033196313633439695,0.04480716221955937,98.0,0.03900173792649953,0.005805424293059837,0.029107679370326656,1.9844674545084815,QuantileRegressor,"{'mode': 'original', 'type': 'QuantileRegressor'}",5,"['edges_T2W40', 're_T2W40', 'l3_T2W40', 'lsc_T2W40', 'atd_T2W40']",0.23974293593149948,0.29510977986336223,91.0,0.26742635789743086,0.027683421965931373,0.13367554841440948,1.9863771544186177,1.2888449274462632,1.3168767994733115,98.0,1.3028608634597874,0.014015936013524194,0.07027416963207854,1.9844674545084815,completed,True,COMPLETE
137,0.9956301569199209,2026-06-12 01:47:20.286683,2026-06-12 01:47:22.643587,0 days 00:00:02.356904,,,,,,,,,,,,,,0.006665998049254272,QuantileRegressor,,,,,,6,,,,,,,,True,0.0019045369143293094,0.014206543085688493,98.0,0.0080555400000089,0.006151003085679591,0.030840368694134663,1.9844674545084815,0.9851137083380832,1.0061466055017585,98.0,0.9956301569199209,0.010516448581837623,0.052728172478383385,1.9844674545084815,233386801619392.72,323077987661277.75,98.0,278232394640335.22,44845593020942.5,224850256748029.7,1.9844674545084815,3.0186221310251127,3.109575964272539,98.0,3.064099047648826,0.04547691662371332,0.22801563520802284,1.9844674545084815,0.9842730919133873,0.9958625275403663,98.0,0.9900678097268768,0.005794717813489464,0.029053998405975452,1.9844674545084815,99.0,0.12121212121212122,0.035297584794708584,0.05286068120882144,98.0,0.04407913300176501,0.008781548207056431,0.04402959657774508,1.9844674545084815,QuantileRegressor,"{'mode': 'original', 'type': 'QuantileRegressor'}",6,"['edges_T2W40', 'l2_T2W40', 'l3_T2W40', 'atd_T2W40', 'density_T2W40', 'asp_T2W40']",0.20975499316939802,0.2676111860633445,98.0,0.23868308961637125,0.028928096446973226,0.14504189765750572,1.9844674545084815,1.2851102168670936,1.3129722656099911,98.0,1.2990412412385424,0.013931024371448697,0.06984843316087933,1.9844674545084815,completed,True,COMPLETE
138,1.0121591505590513,2026-06-12 01:47:22.656425,2026-06-12 01:47:22.877162,0 days 00:00:00.220737,,,,,,,,,,,,,,0.048933798365714404,QuantileRegressor,,,,,,4,,,,,,,,True,,,,,,,,,,,,,,,,,,,,,,,,,,,,,,,,,,,,,,,,,,,,,QuantileRegressor,"{'mode': 'original', 'type': 'QuantileRegressor'}",4,"['edges_T2W40', 'density_T2W40', 'diameter_T2W40', 'asp_T2W40']",,,,,,,,,,,,,,,pruned,True,PRUNED
139,1.045963133843406,2026-06-12 01:47:22.887290,2026-06-12 01:47:23.355236,0 days 00:00:00.467946,,,,,,15.0,sqrt,5.0,9.0,50.0,,,,,ExtraTreesRegressor,,,,,,5,,,,,,,,True,,,,,,,,,,,,,,,,,,,,,,,,,,,,,,,,,,,,,,,,,,,,,ExtraTreesRegressor,"{'mode': 'original', 'type': 'ExtraTreesRegressor'}",5,"['edges_T2W40', 'l1_T2W40', 'l2_T2W40', 'l3_T2W40', 'lsc_T2W40']",,,,,,,,,,,,,,,pruned,True,PRUNED
140,0.9918041825917311,2026-06-12 01:47:23.365579,2026-06-12 01:47:25.563943,0 days 00:00:02.198364,,,,,,,,,,,,,,0.013324201043051544,QuantileRegressor,,,,,,5,,,,,,,,True,0.00754559597500849,0.016413556848962528,98.0,0.011979576411985509,0.0044339804369770185,0.022231429500875186,1.9844674545084815,0.9817158761949865,1.0018924889884757,98.0,0.9918041825917311,0.010088306396744672,0.050581520516442414,1.9844674545084815,235986348026827.78,325770126815123.4,98.0,280878237420975.56,44891889394147.78,225082381037184.44,1.9844674545084815,3.0147092059465894,3.086847708615408,98.0,3.0507784572809986,0.03606925133440924,0.1808467650202272,1.9844674545084815,0.993025342611925,0.9998752007710382,98.0,0.9964502716914816,0.0034249290795565586,0.017172170797751678,1.9844674545084815,99.0,0.1111111111111111,0.035940354431921374,0.04904669145660253,98.0,0.04249352294426195,0.006553168512340579,0.03285677640219363,1.9844674545084815,QuantileRegressor,"{'mode': 'original', 'type': 'QuantileRegressor'}",5,"['edges_T2W40', 'l2_T2W40', 'l3_T2W40', 'lsc_T2W40', 'atd_T2W40']",0.22092403284920845,0.2823676880495254,95.0,0.25164586044936693,0.030721827600158486,0.1516237522676219,1.9852510035054978,1.2865139552504126,1.314241736903879,98.0,1.3003778460771458,0.013863890826733286,0.06951183387098664,1.9844674545084815,completed,True,COMPLETE
