number,value,datetime_start,datetime_complete,duration,params_dt_max_depth,params_dt_min_samples_leaf,params_dt_min_samples_split,params_elastic_alpha,params_elastic_l1_ratio,params_et_max_depth,params_et_max_features,params_et_min_samples_leaf,params_et_min_samples_split,params_et_n_estimators,params_knn_metric,params_knn_n_neighbors,params_knn_weights,params_quantile_alpha,params_regressor,params_rf_max_depth,params_rf_max_features,params_rf_min_samples_leaf,params_rf_min_samples_split,params_rf_n_estimators,params_rfe_n_features,params_rfe_proxy_et_max_depth,params_rfe_proxy_et_min_samples_leaf,params_rfe_proxy_et_min_samples_split,params_rfe_proxy_et_n_estimators,params_rfe_proxy_lsvr_C,params_rfe_proxy_lsvr_epsilon,params_rfe_proxy_type,params_use_scaler,user_attrs_d2mae_ci_lower_val,user_attrs_d2mae_ci_upper_val,user_attrs_d2mae_df_val,user_attrs_d2mae_mean_val,user_attrs_d2mae_samperror_val,user_attrs_d2mae_std_val,user_attrs_d2mae_t_critical_val,user_attrs_mae_ci_lower_val,user_attrs_mae_ci_upper_val,user_attrs_mae_df_val,user_attrs_mae_mean_val,user_attrs_mae_samperror_val,user_attrs_mae_std_val,user_attrs_mae_t_critical_val,user_attrs_mape_ci_lower_val,user_attrs_mape_ci_upper_val,user_attrs_mape_df_val,user_attrs_mape_mean_val,user_attrs_mape_samperror_val,user_attrs_mape_std_val,user_attrs_mape_t_critical_val,user_attrs_max_error_ci_lower_val,user_attrs_max_error_ci_upper_val,user_attrs_max_error_df_val,user_attrs_max_error_mean_val,user_attrs_max_error_samperror_val,user_attrs_max_error_std_val,user_attrs_max_error_t_critical_val,user_attrs_median_ae_ci_lower_val,user_attrs_median_ae_ci_upper_val,user_attrs_median_ae_df_val,user_attrs_median_ae_mean_val,user_attrs_median_ae_samperror_val,user_attrs_median_ae_std_val,user_attrs_median_ae_t_critical_val,user_attrs_n_splits_val,user_attrs_r2_below_zero_val,user_attrs_r2_ci_lower_val,user_attrs_r2_ci_upper_val,user_attrs_r2_df_val,user_attrs_r2_mean_val,user_attrs_r2_samperror_val,user_attrs_r2_std_val,user_attrs_r2_t_critical_val,user_attrs_regressor_final,user_attrs_rfe_estimator,user_attrs_rfe_n_features,user_attrs_rfe_selected_features,user_attrs_rho_ci_lower_val,user_attrs_rho_ci_upper_val,user_attrs_rho_df_val,user_attrs_rho_mean_val,user_attrs_rho_samperror_val,user_attrs_rho_std_val,user_attrs_rho_t_critical_val,user_attrs_rmse_ci_lower_val,user_attrs_rmse_ci_upper_val,user_attrs_rmse_df_val,user_attrs_rmse_mean_val,user_attrs_rmse_samperror_val,user_attrs_rmse_std_val,user_attrs_rmse_t_critical_val,user_attrs_termination_reason,user_attrs_use_scaler_final,state
298,0.9882029239152127,2026-06-12 01:52:22.146662,2026-06-12 01:52:24.266933,0 days 00:00:02.120271,,,,,,,,,,,,,,0.0026887874617005795,QuantileRegressor,,,,,,2,,,,,,,,True,0.01070202417647104,0.020501222332715126,98.0,0.015601623254593083,0.004899599078122043,0.024565983778242775,1.9844674545084815,0.9778254532217173,0.9985803946087081,98.0,0.9882029239152127,0.010377470693495401,0.05203135453550426,1.9844674545084815,231575250076571.34,320102139467536.75,98.0,275838694772054.06,44263444695482.72,221931437046304.72,1.9844674545084815,3.024919159180996,3.114561996074414,98.0,3.069740577627705,0.04482141844670912,0.224729048422819,1.9844674545084815,0.9959902399727809,1.0003354615845041,98.0,0.9981628507786425,0.0021726108058616584,0.010893201864526724,1.9844674545084815,99.0,0.10101010101010101,0.03728178473126054,0.052680847631252,98.0,0.04498131618125627,0.007699531449995727,0.038604498385439875,1.9844674545084815,QuantileRegressor,"{'mode': 'original', 'type': 'QuantileRegressor'}",2,"['edges_T2W40', 'atd_T2W40']",0.2559298908349561,0.30957181857005933,98.0,0.2827508547025077,0.026820963867551614,0.13447699552177453,1.9844674545084815,1.2848151975339688,1.3122106234642286,98.0,1.2985129104990987,0.013697712965129836,0.06867863862636304,1.9844674545084815,completed,True,COMPLETE
299,0.9897799377501677,2026-06-12 01:52:24.279861,2026-06-12 01:52:26.411057,0 days 00:00:02.131196,,,,,,,,,,,,,,0.007768490650195494,QuantileRegressor,,,,,,2,,,,,,,,True,0.009328769372033786,0.018674783129517158,98.0,0.014001776250775472,0.004673006878741687,0.023429878516261275,1.9844674545084815,0.9795922045185019,0.9999676709818335,98.0,0.9897799377501677,0.010187733231665745,0.05108003436927979,1.9844674545084815,233600248091447.94,322584533451665.2,98.0,278092390771556.56,44492142680108.625,223078100455056.56,1.9844674545084815,3.017361640482914,3.100924910394509,98.0,3.0591432754387116,0.04178163495579743,0.20948794997038625,1.9844674545084815,0.9913235427335078,0.9988433170596401,98.0,0.995083429896574,0.0037598871630661907,0.018851609199687785,1.9844674545084815,99.0,0.1111111111111111,0.03729921332736076,0.05194603278726895,98.0,0.044622623057314854,0.00732340972995409,0.03671867060119408,1.9844674545084815,QuantileRegressor,"{'mode': 'original', 'type': 'QuantileRegressor'}",2,"['edges_T2W40', 'l3_T2W40']",0.2473909403829052,0.3018375189865061,96.0,0.27461422968470567,0.027223289301800468,0.13507326162439376,1.984984311522457,1.2849605671505109,1.3127467702187845,98.0,1.2988536686846477,0.013893101534136776,0.06965829274502582,1.9844674545084815,completed,True,COMPLETE
