number,value,datetime_start,datetime_complete,duration,params_dt_max_depth,params_dt_min_samples_leaf,params_dt_min_samples_split,params_elastic_alpha,params_elastic_l1_ratio,params_et_max_depth,params_et_max_features,params_et_min_samples_leaf,params_et_min_samples_split,params_et_n_estimators,params_knn_metric,params_knn_n_neighbors,params_knn_weights,params_quantile_alpha,params_regressor,params_rf_max_depth,params_rf_max_features,params_rf_min_samples_leaf,params_rf_min_samples_split,params_rf_n_estimators,params_rfe_n_features,params_rfe_proxy_et_max_depth,params_rfe_proxy_et_min_samples_leaf,params_rfe_proxy_et_min_samples_split,params_rfe_proxy_et_n_estimators,params_rfe_proxy_lsvr_C,params_rfe_proxy_lsvr_epsilon,params_rfe_proxy_type,params_use_scaler,user_attrs_d2mae_ci_lower_val,user_attrs_d2mae_ci_upper_val,user_attrs_d2mae_df_val,user_attrs_d2mae_mean_val,user_attrs_d2mae_samperror_val,user_attrs_d2mae_std_val,user_attrs_d2mae_t_critical_val,user_attrs_mae_ci_lower_val,user_attrs_mae_ci_upper_val,user_attrs_mae_df_val,user_attrs_mae_mean_val,user_attrs_mae_samperror_val,user_attrs_mae_std_val,user_attrs_mae_t_critical_val,user_attrs_mape_ci_lower_val,user_attrs_mape_ci_upper_val,user_attrs_mape_df_val,user_attrs_mape_mean_val,user_attrs_mape_samperror_val,user_attrs_mape_std_val,user_attrs_mape_t_critical_val,user_attrs_max_error_ci_lower_val,user_attrs_max_error_ci_upper_val,user_attrs_max_error_df_val,user_attrs_max_error_mean_val,user_attrs_max_error_samperror_val,user_attrs_max_error_std_val,user_attrs_max_error_t_critical_val,user_attrs_median_ae_ci_lower_val,user_attrs_median_ae_ci_upper_val,user_attrs_median_ae_df_val,user_attrs_median_ae_mean_val,user_attrs_median_ae_samperror_val,user_attrs_median_ae_std_val,user_attrs_median_ae_t_critical_val,user_attrs_n_splits_val,user_attrs_r2_below_zero_val,user_attrs_r2_ci_lower_val,user_attrs_r2_ci_upper_val,user_attrs_r2_df_val,user_attrs_r2_mean_val,user_attrs_r2_samperror_val,user_attrs_r2_std_val,user_attrs_r2_t_critical_val,user_attrs_regressor_final,user_attrs_rfe_estimator,user_attrs_rfe_n_features,user_attrs_rfe_selected_features,user_attrs_rho_ci_lower_val,user_attrs_rho_ci_upper_val,user_attrs_rho_df_val,user_attrs_rho_mean_val,user_attrs_rho_samperror_val,user_attrs_rho_std_val,user_attrs_rho_t_critical_val,user_attrs_rmse_ci_lower_val,user_attrs_rmse_ci_upper_val,user_attrs_rmse_df_val,user_attrs_rmse_mean_val,user_attrs_rmse_samperror_val,user_attrs_rmse_std_val,user_attrs_rmse_t_critical_val,user_attrs_termination_reason,user_attrs_use_scaler_final,state
192,0.9882029239152127,2026-06-12 01:49:03.452694,2026-06-12 01:49:05.744494,0 days 00:00:02.291800,,,,,,,,,,,,,,0.0030574589392608313,QuantileRegressor,,,,,,2,,,,,,,,True,0.01070202417647104,0.020501222332715122,98.0,0.015601623254593081,0.00489959907812204,0.02456598377824276,1.9844674545084815,0.9778254532217173,0.9985803946087081,98.0,0.9882029239152127,0.010377470693495407,0.05203135453550428,1.9844674545084815,231575250076571.34,320102139467536.75,98.0,275838694772054.06,44263444695482.72,221931437046304.72,1.9844674545084815,3.024919159180996,3.114561996074414,98.0,3.069740577627705,0.04482141844670918,0.22472904842281927,1.9844674545084815,0.9959902399727809,1.0003354615845041,98.0,0.9981628507786425,0.002172610805861661,0.010893201864526738,1.9844674545084815,99.0,0.10101010101010101,0.037281784731260544,0.05268084763125199,98.0,0.04498131618125627,0.007699531449995721,0.03860449838543985,1.9844674545084815,QuantileRegressor,"{'mode': 'original', 'type': 'QuantileRegressor'}",2,"['edges_T2W40', 'atd_T2W40']",0.2559298908349561,0.30957181857005933,98.0,0.2827508547025077,0.026820963867551614,0.13447699552177453,1.9844674545084815,1.2848151975339688,1.3122106234642286,98.0,1.2985129104990987,0.01369771296512984,0.06867863862636306,1.9844674545084815,completed,True,COMPLETE
193,0.9881793136935689,2026-06-12 01:49:05.757847,2026-06-12 01:49:07.902253,0 days 00:00:02.144406,,,,,,,,,,,,,,0.0030923466644494644,QuantileRegressor,,,,,,2,,,,,,,,True,0.010724752186293549,0.020526787958073077,98.0,0.015625770072183312,0.004901017885889763,0.024573097504907045,1.9844674545084815,0.9777988550760196,0.9985597723111183,98.0,0.9881793136935689,0.010380458617549295,0.05204633561715364,1.9844674545084815,231579744414016.22,320106729335456.8,98.0,275843236874736.5,44263492460720.29,221931676535298.12,1.9844674545084815,3.024919159180996,3.114561996074414,98.0,3.069740577627705,0.044821418446709185,0.2247290484228193,1.9844674545084815,0.9959902399727809,1.0003354615845041,98.0,0.9981628507786425,0.0021726108058616645,0.010893201864526756,1.9844674545084815,99.0,0.10101010101010101,0.037294309686596534,0.05269267635537785,98.0,0.044993493020987194,0.007699183334390657,0.03860275297685221,1.9844674545084815,QuantileRegressor,"{'mode': 'original', 'type': 'QuantileRegressor'}",2,"['edges_T2W40', 'atd_T2W40']",0.2559298908349561,0.30957181857005933,98.0,0.2827508547025077,0.026820963867551614,0.13447699552177453,1.9844674545084815,1.2848062555894368,1.3122036324008595,98.0,1.2985049439951482,0.013698688405711376,0.06868352936479301,1.9844674545084815,completed,True,COMPLETE
194,0.9882029239152127,2026-06-12 01:49:07.915239,2026-06-12 01:49:10.143746,0 days 00:00:02.228507,,,,,,,,,,,,,,0.0030710557029717304,QuantileRegressor,,,,,,2,,,,,,,,True,0.010702024176471049,0.020501222332715133,98.0,0.015601623254593092,0.004899599078122043,0.024565983778242775,1.9844674545084815,0.9778254532217173,0.9985803946087081,98.0,0.9882029239152127,0.010377470693495407,0.05203135453550428,1.9844674545084815,231575250076571.34,320102139467536.75,98.0,275838694772054.06,44263444695482.72,221931437046304.72,1.9844674545084815,3.024919159180996,3.114561996074414,98.0,3.069740577627705,0.04482141844670917,0.22472904842281924,1.9844674545084815,0.995990239972781,1.0003354615845044,98.0,0.9981628507786426,0.0021726108058616653,0.01089320186452676,1.9844674545084815,99.0,0.10101010101010101,0.037281784731260544,0.05268084763125199,98.0,0.04498131618125627,0.007699531449995721,0.03860449838543985,1.9844674545084815,QuantileRegressor,"{'mode': 'original', 'type': 'QuantileRegressor'}",2,"['edges_T2W40', 'atd_T2W40']",0.2559298908349561,0.30957181857005933,98.0,0.2827508547025077,0.026820963867551614,0.13447699552177453,1.9844674545084815,1.2848151975339688,1.3122106234642286,98.0,1.2985129104990987,0.013697712965129836,0.06867863862636304,1.9844674545084815,completed,True,COMPLETE
195,0.9882029239152127,2026-06-12 01:49:10.156473,2026-06-12 01:49:12.239814,0 days 00:00:02.083341,,,,,,,,,,,,,,0.0029568577851742505,QuantileRegressor,,,,,,2,,,,,,,,True,0.010702024176471044,0.020501222332715122,98.0,0.015601623254593083,0.00489959907812204,0.024565983778242765,1.9844674545084815,0.9778254532217173,0.9985803946087081,98.0,0.9882029239152127,0.010377470693495405,0.052031354535504275,1.9844674545084815,231575250076571.3,320102139467536.75,98.0,275838694772054.03,44263444695482.71,221931437046304.7,1.9844674545084815,3.024919159180996,3.114561996074414,98.0,3.069740577627705,0.04482141844670917,0.22472904842281924,1.9844674545084815,0.995990239972781,1.0003354615845044,98.0,0.9981628507786426,0.002172610805861664,0.010893201864526754,1.9844674545084815,99.0,0.10101010101010101,0.037281784731260544,0.05268084763125199,98.0,0.04498131618125627,0.007699531449995721,0.03860449838543985,1.9844674545084815,QuantileRegressor,"{'mode': 'original', 'type': 'QuantileRegressor'}",2,"['edges_T2W40', 'atd_T2W40']",0.2559298908349561,0.30957181857005933,98.0,0.2827508547025077,0.026820963867551614,0.13447699552177453,1.9844674545084815,1.2848151975339688,1.3122106234642286,98.0,1.2985129104990987,0.013697712965129836,0.06867863862636304,1.9844674545084815,completed,True,COMPLETE
196,0.9882029239152127,2026-06-12 01:49:12.252916,2026-06-12 01:49:14.376095,0 days 00:00:02.123179,,,,,,,,,,,,,,0.002642212200899398,QuantileRegressor,,,,,,2,,,,,,,,True,0.01070202417647103,0.02050122233271512,98.0,0.015601623254593074,0.004899599078122044,0.02456598377824278,1.9844674545084815,0.9778254532217173,0.9985803946087081,98.0,0.9882029239152127,0.010377470693495407,0.05203135453550428,1.9844674545084815,231575250076571.34,320102139467536.75,98.0,275838694772054.06,44263444695482.72,221931437046304.72,1.9844674545084815,3.024919159180996,3.114561996074414,98.0,3.069740577627705,0.044821418446709206,0.2247290484228194,1.9844674545084815,0.9959902399727809,1.0003354615845041,98.0,0.9981628507786425,0.002172610805861669,0.01089320186452678,1.9844674545084815,99.0,0.10101010101010101,0.03728178473126052,0.052680847631251984,98.0,0.04498131618125625,0.007699531449995727,0.038604498385439875,1.9844674545084815,QuantileRegressor,"{'mode': 'original', 'type': 'QuantileRegressor'}",2,"['edges_T2W40', 'atd_T2W40']",0.2559298908349561,0.30957181857005933,98.0,0.2827508547025077,0.026820963867551614,0.13447699552177453,1.9844674545084815,1.2848151975339688,1.3122106234642286,98.0,1.2985129104990987,0.013697712965129836,0.06867863862636304,1.9844674545084815,completed,True,COMPLETE
197,0.9881793136935689,2026-06-12 01:49:14.388889,2026-06-12 01:49:16.525621,0 days 00:00:02.136732,,,,,,,,,,,,,,0.0032458472924823934,QuantileRegressor,,,,,,2,,,,,,,,True,0.010724752186293542,0.02052678795807307,98.0,0.015625770072183305,0.004901017885889763,0.024573097504907045,1.9844674545084815,0.9777988550760196,0.9985597723111183,98.0,0.9881793136935689,0.010380458617549295,0.05204633561715363,1.9844674545084815,231579744414016.16,320106729335456.75,98.0,275843236874736.44,44263492460720.29,221931676535298.12,1.9844674545084815,3.024919159180996,3.114561996074414,98.0,3.069740577627705,0.0448214184467092,0.22472904842281938,1.9844674545084815,0.9959902399727809,1.0003354615845041,98.0,0.9981628507786425,0.0021726108058616597,0.010893201864526731,1.9844674545084815,99.0,0.10101010101010101,0.037294309686596534,0.05269267635537785,98.0,0.044993493020987194,0.0076991833343906585,0.038602752976852214,1.9844674545084815,QuantileRegressor,"{'mode': 'original', 'type': 'QuantileRegressor'}",2,"['edges_T2W40', 'atd_T2W40']",0.2559298908349561,0.30957181857005933,98.0,0.2827508547025077,0.026820963867551614,0.13447699552177453,1.9844674545084815,1.2848062555894368,1.3122036324008595,98.0,1.2985049439951482,0.013698688405711376,0.06868352936479301,1.9844674545084815,completed,True,COMPLETE
198,0.9882029239152127,2026-06-12 01:49:16.538357,2026-06-12 01:49:18.753848,0 days 00:00:02.215491,,,,,,,,,,,,,,0.003068185128866084,QuantileRegressor,,,,,,2,,,,,,,,True,0.010702024176471047,0.020501222332715133,98.0,0.01560162325459309,0.004899599078122043,0.024565983778242775,1.9844674545084815,0.9778254532217173,0.9985803946087081,98.0,0.9882029239152127,0.010377470693495407,0.05203135453550428,1.9844674545084815,231575250076571.34,320102139467536.75,98.0,275838694772054.06,44263444695482.72,221931437046304.72,1.9844674545084815,3.024919159180996,3.114561996074414,98.0,3.069740577627705,0.04482141844670917,0.22472904842281924,1.9844674545084815,0.995990239972781,1.0003354615845044,98.0,0.9981628507786426,0.0021726108058616653,0.01089320186452676,1.9844674545084815,99.0,0.10101010101010101,0.037281784731260544,0.05268084763125199,98.0,0.04498131618125627,0.007699531449995721,0.03860449838543985,1.9844674545084815,QuantileRegressor,"{'mode': 'original', 'type': 'QuantileRegressor'}",2,"['edges_T2W40', 'atd_T2W40']",0.2559298908349561,0.30957181857005933,98.0,0.2827508547025077,0.026820963867551614,0.13447699552177453,1.9844674545084815,1.2848151975339688,1.3122106234642286,98.0,1.2985129104990987,0.01369771296512984,0.06867863862636306,1.9844674545084815,completed,True,COMPLETE
199,0.9882029239152127,2026-06-12 01:49:18.767169,2026-06-12 01:49:20.922568,0 days 00:00:02.155399,,,,,,,,,,,,,,0.0028510107104914627,QuantileRegressor,,,,,,2,,,,,,,,True,0.010702024176471021,0.020501222332715112,98.0,0.015601623254593066,0.0048995990781220446,0.024565983778242786,1.9844674545084815,0.9778254532217173,0.9985803946087081,98.0,0.9882029239152127,0.010377470693495401,0.05203135453550426,1.9844674545084815,231575250076571.38,320102139467536.8,98.0,275838694772054.1,44263444695482.72,221931437046304.72,1.9844674545084815,3.024919159180996,3.114561996074414,98.0,3.069740577627705,0.0448214184467092,0.22472904842281938,1.9844674545084815,0.9959902399727809,1.0003354615845041,98.0,0.9981628507786425,0.0021726108058616653,0.01089320186452676,1.9844674545084815,99.0,0.10101010101010101,0.03728178473126051,0.052680847631251956,98.0,0.04498131618125623,0.007699531449995727,0.038604498385439875,1.9844674545084815,QuantileRegressor,"{'mode': 'original', 'type': 'QuantileRegressor'}",2,"['edges_T2W40', 'atd_T2W40']",0.2559298908349561,0.30957181857005933,98.0,0.2827508547025077,0.026820963867551614,0.13447699552177453,1.9844674545084815,1.2848151975339688,1.3122106234642286,98.0,1.2985129104990987,0.013697712965129833,0.06867863862636303,1.9844674545084815,completed,True,COMPLETE
200,1.0646666666666669,2026-06-12 01:49:20.936842,2026-06-12 01:49:21.206831,0 days 00:00:00.269989,,,,,,,,,,,minkowski,20.0,uniform,,KNeighborsRegressor,,,,,,2,,,,,0.08061728103473462,0.008099394176133473,LinearSVR,,,,,,,,,,,,,,,,,,,,,,,,,,,,,,,,,,,,,,,,,,,,,,KNeighborsRegressor,"{'mode': 'proxy', 'type': 'LinearSVR'}",2,"['l2_T2W40', 'lsc_T2W40']",,,,,,,,,,,,,,,pruned,True,PRUNED
201,0.9882029239152127,2026-06-12 01:49:21.218968,2026-06-12 01:49:23.333460,0 days 00:00:02.114492,,,,,,,,,,,,,,0.0029815636629778874,QuantileRegressor,,,,,,2,,,,,,,,True,0.010702024176471047,0.020501222332715126,98.0,0.015601623254593086,0.00489959907812204,0.02456598377824276,1.9844674545084815,0.9778254532217173,0.9985803946087081,98.0,0.9882029239152127,0.010377470693495407,0.05203135453550428,1.9844674545084815,231575250076571.34,320102139467536.75,98.0,275838694772054.06,44263444695482.72,221931437046304.72,1.9844674545084815,3.024919159180996,3.114561996074414,98.0,3.069740577627705,0.04482141844670919,0.22472904842281935,1.9844674545084815,0.9959902399727809,1.0003354615845041,98.0,0.9981628507786425,0.002172610805861671,0.01089320186452679,1.9844674545084815,99.0,0.10101010101010101,0.03728178473126055,0.052680847631251984,98.0,0.04498131618125627,0.00769953144999572,0.03860449838543984,1.9844674545084815,QuantileRegressor,"{'mode': 'original', 'type': 'QuantileRegressor'}",2,"['edges_T2W40', 'atd_T2W40']",0.2559298908349561,0.30957181857005933,98.0,0.2827508547025077,0.026820963867551614,0.13447699552177453,1.9844674545084815,1.2848151975339688,1.3122106234642286,98.0,1.2985129104990987,0.013697712965129836,0.06867863862636304,1.9844674545084815,completed,True,COMPLETE
202,0.9882029239152127,2026-06-12 01:49:23.346220,2026-06-12 01:49:25.552970,0 days 00:00:02.206750,,,,,,,,,,,,,,0.002395128217828437,QuantileRegressor,,,,,,2,,,,,,,,True,0.010702024176471035,0.020501222332715112,98.0,0.015601623254593074,0.004899599078122039,0.024565983778242758,1.9844674545084815,0.9778254532217173,0.9985803946087081,98.0,0.9882029239152127,0.010377470693495405,0.052031354535504275,1.9844674545084815,231575250076571.3,320102139467536.75,98.0,275838694772054.03,44263444695482.72,221931437046304.72,1.9844674545084815,3.024919159180996,3.114561996074414,98.0,3.069740577627705,0.044821418446709185,0.2247290484228193,1.9844674545084815,0.9959902399727809,1.0003354615845041,98.0,0.9981628507786425,0.002172610805861663,0.010893201864526749,1.9844674545084815,99.0,0.10101010101010101,0.03728178473126056,0.052680847631252005,98.0,0.04498131618125628,0.007699531449995723,0.038604498385439855,1.9844674545084815,QuantileRegressor,"{'mode': 'original', 'type': 'QuantileRegressor'}",2,"['edges_T2W40', 'atd_T2W40']",0.2559298908349561,0.30957181857005933,98.0,0.2827508547025077,0.026820963867551614,0.13447699552177453,1.9844674545084815,1.2848151975339688,1.3122106234642286,98.0,1.2985129104990987,0.013697712965129836,0.06867863862636304,1.9844674545084815,completed,True,COMPLETE
203,0.9880540526997614,2026-06-12 01:49:25.566028,2026-06-12 01:49:27.666353,0 days 00:00:02.100325,,,,,,,,,,,,,,0.0036905234676349887,QuantileRegressor,,,,,,2,,,,,,,,True,0.010844930403169906,0.020656953455233305,98.0,0.015750941929201605,0.004906011526031699,0.024598134998947925,1.9844674545084815,0.9776701952643966,0.9984379101351263,98.0,0.9880540526997614,0.010383857435364874,0.05206337686930334,1.9844674545084815,231540602353441.66,320045521132767.4,98.0,275793061743104.5,44252459389662.84,221876358081624.72,1.9844674545084815,3.025131827956602,3.1147463065206225,98.0,3.069939067238612,0.04480723928201046,0.22465795584474835,1.9844674545084815,0.9960081915772234,1.0003540373873798,98.0,0.9981811144823016,0.0021729229050782,0.010894766691396949,1.9844674545084815,99.0,0.10101010101010101,0.03733914663567059,0.05275777339316877,98.0,0.04504846001441968,0.007709313378749089,0.03865354376634625,1.9844674545084815,QuantileRegressor,"{'mode': 'original', 'type': 'QuantileRegressor'}",2,"['edges_T2W40', 'atd_T2W40']",0.25734210049311157,0.31069504817311666,98.0,0.2840185743331141,0.02667647384000256,0.1337525403946729,1.9844674545084815,1.2847631032174267,1.3121722587630786,98.0,1.2984676809902527,0.013704577772825894,0.06871305792308778,1.9844674545084815,completed,True,COMPLETE
204,0.9880772011048664,2026-06-12 01:49:27.684485,2026-06-12 01:49:30.049776,0 days 00:00:02.365291,,,,,,,,,,,,,,0.004065733439598876,QuantileRegressor,,,,,,2,,,,,,,,True,0.010821847345602917,0.0206375190340363,98.0,0.01572968318981961,0.004907835844216693,0.024607281904689464,1.9844674545084815,0.9776848283790018,0.998469573830731,98.0,0.9880772011048664,0.010392372725864577,0.05210607148266809,1.9844674545084815,231680814072683.25,320469685933857.5,98.0,276075250003270.38,44394435930587.11,222588210897666.4,1.9844674545084815,3.025131827956602,3.1147463065206225,98.0,3.069939067238612,0.04480723928201043,0.22465795584474818,1.9844674545084815,0.9960081915772234,1.0003540373873798,98.0,0.9981811144823016,0.0021729229050781937,0.010894766691396916,1.9844674545084815,99.0,0.10101010101010101,0.03720819658802877,0.05260666196913439,98.0,0.04490742927858158,0.007699232690552811,0.03860300044254471,1.9844674545084815,QuantileRegressor,"{'mode': 'original', 'type': 'QuantileRegressor'}",2,"['edges_T2W40', 'atd_T2W40']",0.25734210049311157,0.31069504817311666,98.0,0.2840185743331141,0.02667647384000256,0.1337525403946729,1.9844674545084815,1.284830511447222,1.312318242669962,98.0,1.298574377058592,0.013743865611370023,0.06891004228629148,1.9844674545084815,completed,True,COMPLETE
205,0.9880772011048662,2026-06-12 01:49:30.063882,2026-06-12 01:49:32.210042,0 days 00:00:02.146160,,,,,,,,,,,,,,0.003995969937118753,QuantileRegressor,,,,,,2,,,,,,,,True,0.010821847345602927,0.020637519034036305,98.0,0.015729683189819616,0.00490783584421669,0.024607281904689447,1.9844674545084815,0.9776848283790016,0.9984695738307308,98.0,0.9880772011048662,0.010392372725864584,0.052106071482668125,1.9844674545084815,231680814072683.28,320469685933857.5,98.0,276075250003270.38,44394435930587.1,222588210897666.38,1.9844674545084815,3.025131827956602,3.1147463065206225,98.0,3.069939067238612,0.04480723928201042,0.22465795584474813,1.9844674545084815,0.9960081915772234,1.0003540373873798,98.0,0.9981811144823016,0.002172922905078189,0.010894766691396893,1.9844674545084815,99.0,0.10101010101010101,0.037208196588028764,0.0526066619691344,98.0,0.04490742927858158,0.007699232690552813,0.038603000442544715,1.9844674545084815,QuantileRegressor,"{'mode': 'original', 'type': 'QuantileRegressor'}",2,"['edges_T2W40', 'atd_T2W40']",0.25734210049311157,0.31069504817311666,98.0,0.2840185743331141,0.02667647384000256,0.1337525403946729,1.9844674545084815,1.284830511447222,1.312318242669962,98.0,1.298574377058592,0.013743865611370023,0.06891004228629148,1.9844674545084815,completed,True,COMPLETE
206,0.9880540526997614,2026-06-12 01:49:32.223226,2026-06-12 01:49:34.445261,0 days 00:00:02.222035,,,,,,,,,,,,,,0.003835928358073336,QuantileRegressor,,,,,,2,,,,,,,,True,0.010844930403169934,0.020656953455233332,98.0,0.015750941929201633,0.004906011526031698,0.024598134998947918,1.9844674545084815,0.9776701952643966,0.9984379101351263,98.0,0.9880540526997614,0.010383857435364876,0.052063376869303346,1.9844674545084815,231540602353441.66,320045521132767.3,98.0,275793061743104.5,44252459389662.836,221876358081624.66,1.9844674545084815,3.025131827956602,3.1147463065206225,98.0,3.069939067238612,0.044807239282010386,0.22465795584474796,1.9844674545084815,0.9960081915772234,1.0003540373873798,98.0,0.9981811144823016,0.002172922905078201,0.010894766691396954,1.9844674545084815,99.0,0.10101010101010101,0.03733914663567063,0.0527577733931688,98.0,0.045048460014419714,0.007709313378749086,0.038653543766346235,1.9844674545084815,QuantileRegressor,"{'mode': 'original', 'type': 'QuantileRegressor'}",2,"['edges_T2W40', 'atd_T2W40']",0.25734210049311157,0.31069504817311666,98.0,0.2840185743331141,0.02667647384000256,0.1337525403946729,1.9844674545084815,1.2847631032174267,1.3121722587630786,98.0,1.2984676809902527,0.013704577772825896,0.0687130579230878,1.9844674545084815,completed,True,COMPLETE
