number,value,datetime_start,datetime_complete,duration,params_dt_max_depth,params_dt_min_samples_leaf,params_dt_min_samples_split,params_elastic_alpha,params_elastic_l1_ratio,params_et_max_depth,params_et_max_features,params_et_min_samples_leaf,params_et_min_samples_split,params_et_n_estimators,params_knn_metric,params_knn_n_neighbors,params_knn_weights,params_quantile_alpha,params_regressor,params_rf_max_depth,params_rf_max_features,params_rf_min_samples_leaf,params_rf_min_samples_split,params_rf_n_estimators,params_rfe_n_features,params_rfe_proxy_et_max_depth,params_rfe_proxy_et_min_samples_leaf,params_rfe_proxy_et_min_samples_split,params_rfe_proxy_et_n_estimators,params_rfe_proxy_lsvr_C,params_rfe_proxy_lsvr_epsilon,params_rfe_proxy_type,params_use_scaler,user_attrs_d2mae_ci_lower_val,user_attrs_d2mae_ci_upper_val,user_attrs_d2mae_df_val,user_attrs_d2mae_mean_val,user_attrs_d2mae_samperror_val,user_attrs_d2mae_std_val,user_attrs_d2mae_t_critical_val,user_attrs_mae_ci_lower_val,user_attrs_mae_ci_upper_val,user_attrs_mae_df_val,user_attrs_mae_mean_val,user_attrs_mae_samperror_val,user_attrs_mae_std_val,user_attrs_mae_t_critical_val,user_attrs_mape_ci_lower_val,user_attrs_mape_ci_upper_val,user_attrs_mape_df_val,user_attrs_mape_mean_val,user_attrs_mape_samperror_val,user_attrs_mape_std_val,user_attrs_mape_t_critical_val,user_attrs_max_error_ci_lower_val,user_attrs_max_error_ci_upper_val,user_attrs_max_error_df_val,user_attrs_max_error_mean_val,user_attrs_max_error_samperror_val,user_attrs_max_error_std_val,user_attrs_max_error_t_critical_val,user_attrs_median_ae_ci_lower_val,user_attrs_median_ae_ci_upper_val,user_attrs_median_ae_df_val,user_attrs_median_ae_mean_val,user_attrs_median_ae_samperror_val,user_attrs_median_ae_std_val,user_attrs_median_ae_t_critical_val,user_attrs_n_splits_val,user_attrs_r2_below_zero_val,user_attrs_r2_ci_lower_val,user_attrs_r2_ci_upper_val,user_attrs_r2_df_val,user_attrs_r2_mean_val,user_attrs_r2_samperror_val,user_attrs_r2_std_val,user_attrs_r2_t_critical_val,user_attrs_regressor_final,user_attrs_rfe_estimator,user_attrs_rfe_n_features,user_attrs_rfe_selected_features,user_attrs_rho_ci_lower_val,user_attrs_rho_ci_upper_val,user_attrs_rho_df_val,user_attrs_rho_mean_val,user_attrs_rho_samperror_val,user_attrs_rho_std_val,user_attrs_rho_t_critical_val,user_attrs_rmse_ci_lower_val,user_attrs_rmse_ci_upper_val,user_attrs_rmse_df_val,user_attrs_rmse_mean_val,user_attrs_rmse_samperror_val,user_attrs_rmse_std_val,user_attrs_rmse_t_critical_val,user_attrs_termination_reason,user_attrs_use_scaler_final,state
71,0.9916040803168619,2026-06-12 01:45:16.621798,2026-06-12 01:45:18.720670,0 days 00:00:02.098872,,,,,,,,,,,,,,0.002681115281783777,QuantileRegressor,,,,,,3,,,,,,,,True,0.00643669986454843,0.017750871674832452,98.0,0.01209378576969044,0.005657085905142011,0.02836392904031461,1.9844674545084815,0.981304601570645,1.0019035590630787,98.0,0.9916040803168619,0.010299478746216855,0.05164031255816502,1.9844674545084815,231244568152326.22,319758878770573.1,98.0,275501723461449.7,44257155309123.47,221899902840992.62,1.9844674545084815,3.0264825304487006,3.1132120602500173,98.0,3.069847295349359,0.043364764900658465,0.21742556770689972,1.9844674545084815,0.994484871694057,0.998854441002263,98.0,0.99666965634816,0.0021847846541029523,0.010954240033904668,1.9844674545084815,99.0,0.12121212121212122,0.030905649460266832,0.048858825048592264,98.0,0.03988223725442955,0.008976587794162714,0.045007500944321245,1.9844674545084815,QuantileRegressor,"{'mode': 'original', 'type': 'QuantileRegressor'}",3,"['edges_T2W40', 'lcc_T2W40', 'atd_T2W40']",0.23049077869402015,0.28894245612100644,98.0,0.2597166174075133,0.029225838713493137,0.1465347405560371,1.9844674545084815,1.2882579803713197,1.3152299745598948,98.0,1.3017439774656072,0.013485997094287525,0.06761712143571523,1.9844674545084815,completed,True,COMPLETE
72,1.0012807991826087,2026-06-12 01:45:18.732630,2026-06-12 01:45:21.018885,0 days 00:00:02.286255,,,,,,,,,,,,,,0.001704460773986681,QuantileRegressor,,,,,,5,,,,,,,,True,-0.003951506968312692,0.008691919991535697,98.0,0.002370206511611503,0.006321713479924195,0.03169628949682159,1.9844674545084815,0.9908300338842114,1.0117315644810059,98.0,1.0012807991826087,0.01045076529839727,0.05239884461915048,1.9844674545084815,231787426697023.38,320452233855675.3,98.0,276119830276349.34,44332403579325.96,222277188360820.06,1.9844674545084815,3.0304720904251914,3.123778432824947,98.0,3.0771252616250693,0.04665317119987779,0.23391323016965296,1.9844674545084815,0.9794962938117937,0.9902312360468848,98.0,0.9848637649293392,0.005367471117545584,0.02691183631587071,1.9844674545084815,99.0,0.21212121212121213,0.02160846918803205,0.0423362523001064,98.0,0.03197236074406923,0.010363891556037178,0.0519632704198037,1.9844674545084815,QuantileRegressor,"{'mode': 'original', 'type': 'QuantileRegressor'}",5,"['nodes_T2W40', 'edges_T2W40', 'l3_T2W40', 'lcc_T2W40', 'atd_T2W40']",0.19444743960794175,0.25162215943379834,98.0,0.22303479952087005,0.028587359912928285,0.14333348681928446,1.9844674545084815,1.2931700974645362,1.3206932986939763,98.0,1.3069316980792562,0.013761600614720112,0.06899896339956191,1.9844674545084815,completed,True,COMPLETE
73,1.013423172981598,2026-06-12 01:45:21.033548,2026-06-12 01:45:23.342617,0 days 00:00:02.309069,,,,,,,,,,,,,,0.00043432206630192793,QuantileRegressor,,,,,,3,,,,,,,,True,-0.014881961353767289,-0.004360202095146465,98.0,-0.009621081724456877,0.0052608796293104115,0.02637739977746568,1.9844674545084815,1.0031208947123649,1.023725451250831,98.0,1.013423172981598,0.010302278269233066,0.051654349020313566,1.9844674545084815,241076387283572.72,332107216799781.0,98.0,286591802041676.9,45515414758104.16,228208660092275.28,1.9844674545084815,3.0115210286647662,3.0852287179803217,98.0,3.048374873322544,0.03685384465777759,0.18478061890236405,1.9844674545084815,0.9791002824623953,0.9867220708134505,98.0,0.9829111766379229,0.0038108941755276176,0.01910735205144461,1.9844674545084815,99.0,0.37373737373737376,-0.00406060382047428,0.01735819490267987,98.0,0.0066487955411027935,0.010709399361577073,0.05369560382317322,1.9844674545084815,QuantileRegressor,"{'mode': 'original', 'type': 'QuantileRegressor'}",3,"['nodes_T2W40', 'lcc_T2W40', 'atd_T2W40']",0.13967211801480012,0.19413525941272397,90.0,0.16690368871376204,0.02723157069896192,0.13075751600810534,1.9866745407037683,1.3098857402569,1.3381389832666846,98.0,1.3240123617617923,0.014126621504892316,0.07082913299583163,1.9844674545084815,completed,True,COMPLETE
74,0.9931764219235847,2026-06-12 01:45:23.355499,2026-06-12 01:45:25.612507,0 days 00:00:02.257008,,,,,,,,,,,,,,0.0061812597432895034,QuantileRegressor,,,,,,4,,,,,,,,True,0.005349834153210839,0.015743331645836314,98.0,0.010546582899523576,0.005196748746312737,0.02605585546204608,1.9844674545084815,0.9829765057014626,1.0033763381457068,98.0,0.9931764219235847,0.010199916222122173,0.05114111837659368,1.9844674545084815,232972516157628.3,322365134575031.0,98.0,277668825366329.66,44696309208701.35,224101766177393.84,1.9844674545084815,3.0203688583945305,3.1090845977829074,98.0,3.064726728088719,0.0443578696941884,0.22240487231100264,1.9844674545084815,0.9869329363687243,0.9970069978045304,98.0,0.9919699670866273,0.005037030717903029,0.025255049022081266,1.9844674545084815,99.0,0.12121212121212122,0.03763750381742634,0.05345310060074751,98.0,0.045545302209086924,0.007907798391660585,0.039648723071767505,1.9844674545084815,QuantileRegressor,"{'mode': 'original', 'type': 'QuantileRegressor'}",4,"['edges_T2W40', 'l2_T2W40', 'l3_T2W40', 'atd_T2W40']",0.21380224781781954,0.2738746116888241,97.0,0.24383842975332182,0.030036181935502296,0.1498158700825278,1.9847231860139845,1.2843266318997988,1.311915239395221,98.0,1.2981209356475099,0.01379430374771099,0.06916293286354089,1.9844674545084815,completed,True,COMPLETE
75,1.0225726654298082,2026-06-12 01:45:25.624541,2026-06-12 01:45:25.791282,0 days 00:00:00.166741,,,,9.738747003519206,0.5616787381338313,,,,,,,,,,ElasticNet,,,,,,2,,,,,,,,True,,,,,,,,,,,,,,,,,,,,,,,,,,,,,,,,,,,,,,,,,,,,,ElasticNet,"{'mode': 'original', 'type': 'ElasticNet'}",2,"['diameter_T2W40', 'asp_T2W40']",,,,,,,,,,,,,,,pruned,True,PRUNED
76,1.0378944006454156,2026-06-12 01:45:25.801261,2026-06-12 01:45:25.979934,0 days 00:00:00.178673,,,,,,,,,,,,,,,LinearRegression,,,,,,4,,,,,,,,True,,,,,,,,,,,,,,,,,,,,,,,,,,,,,,,,,,,,,,,,,,,,,LinearRegression,"{'mode': 'original', 'type': 'LinearRegression'}",4,"['nodes_T2W40', 'l2_T2W40', 'lcc_T2W40', 'atd_T2W40']",,,,,,,,,,,,,,,pruned,True,PRUNED
77,1.098639284270765,2026-06-12 01:45:25.989346,2026-06-12 01:45:30.114330,0 days 00:00:04.124984,,,,,,,,,,,,,,,RandomForestRegressor,9.0,log2,3.0,8.0,467.0,3,,,,,,,,True,,,,,,,,,,,,,,,,,,,,,,,,,,,,,,,,,,,,,,,,,,,,,RandomForestRegressor,"{'mode': 'original', 'type': 'RandomForestRegressor'}",3,"['l2_T2W40', 'l3_T2W40', 'lsc_T2W40']",,,,,,,,,,,,,,,pruned,True,PRUNED
78,0.9895610058733085,2026-06-12 01:45:30.123847,2026-06-12 01:45:32.345309,0 days 00:00:02.221462,,,,,,,,,,,,,,0.02260732385011088,QuantileRegressor,,,,,,5,,,,,,,,True,0.010602421600872906,0.018150714800561563,98.0,0.014376568200717236,0.003774146599844329,0.018923104252036617,1.9844674545084815,0.9791318163592916,0.9999901953873255,98.0,0.9895610058733085,0.010429189514016973,0.05229066630483575,1.9844674545084815,239751632468185.94,330846113562321.56,98.0,285298873015253.75,45547240547067.81,228368230661814.75,1.9844674545084815,3.0148804220332277,3.0864198227693347,98.0,3.050650122401281,0.035769700368053645,0.179344853524426,1.9844674545084815,0.9967386984441609,0.9996258739802719,98.0,0.9981822862122164,0.0014435877680555478,0.007237970521072693,1.9844674545084815,99.0,0.12121212121212122,0.03316036480267713,0.0447446817987107,98.0,0.03895252330069392,0.005792158498016789,0.029041166314740498,1.9844674545084815,QuantileRegressor,"{'mode': 'original', 'type': 'QuantileRegressor'}",5,"['edges_T2W40', 're_T2W40', 'l3_T2W40', 'lsc_T2W40', 'atd_T2W40']",0.22763316290174354,0.2914829688637168,92.0,0.25955806588273017,0.03192490298098662,0.15501472030673755,1.98608631695113,1.288888089926695,1.3168954370873065,98.0,1.3028917635070008,0.01400367358030577,0.07021268730858177,1.9844674545084815,completed,True,COMPLETE
79,0.9895482989867891,2026-06-12 01:45:32.358349,2026-06-12 01:45:34.630046,0 days 00:00:02.271697,,,,,,,,,,,,,,0.023167880121884067,QuantileRegressor,,,,,,5,,,,,,,,True,0.010626084152556708,0.018159139939986867,98.0,0.014392612046271788,0.00376652789371508,0.018884905001812644,1.9844674545084815,0.979107900328727,0.9999886976448512,98.0,0.9895482989867891,0.01044039865806213,0.052346867566692226,1.9844674545084815,239825098318222.12,330947257667112.4,98.0,285386177992667.25,45561079674445.11,228437618334813.1,1.9844674545084815,3.0148264160138765,3.086369656681724,98.0,3.0505980363478002,0.03577162033392364,0.17935447999583015,1.9844674545084815,0.9966919751182665,0.9996016755324223,98.0,0.9981468253253444,0.0014548502070778643,0.007294438997352944,1.9844674545084815,99.0,0.1111111111111111,0.033040363142079525,0.04455223881942775,98.0,0.03879630098075364,0.005755937838674113,0.028859560408693495,1.9844674545084815,QuantileRegressor,"{'mode': 'original', 'type': 'QuantileRegressor'}",5,"['edges_T2W40', 're_T2W40', 'l3_T2W40', 'lsc_T2W40', 'atd_T2W40']",0.24029776668222733,0.2949958941616835,91.0,0.2676468304219554,0.027349063739728088,0.1320610254948948,1.9863771544186177,1.2889774565149061,1.317038852925447,98.0,1.3030081547201766,0.01403069820527057,0.07034818543565564,1.9844674545084815,completed,True,COMPLETE
80,1.0447332167971433,2026-06-12 01:45:34.642887,2026-06-12 01:45:35.979958,0 days 00:00:01.337071,,,,,,13.0,,3.0,7.0,235.0,,,,,ExtraTreesRegressor,,,,,,5,,,,,,,,True,,,,,,,,,,,,,,,,,,,,,,,,,,,,,,,,,,,,,,,,,,,,,ExtraTreesRegressor,"{'mode': 'original', 'type': 'ExtraTreesRegressor'}",5,"['edges_T2W40', 'l1_T2W40', 'l2_T2W40', 'l3_T2W40', 'lsc_T2W40']",,,,,,,,,,,,,,,pruned,True,PRUNED
81,0.9890793268155748,2026-06-12 01:45:35.989612,2026-06-12 01:45:38.194943,0 days 00:00:02.205331,,,,,,,,,,,,,,0.020517498377357002,QuantileRegressor,,,,,,5,,,,,,,,True,0.011035081573386396,0.018670476019185783,98.0,0.01485277879628609,0.0038176972228996927,0.019141461689543626,1.9844674545084815,0.9786412678478965,0.999517385783253,98.0,0.9890793268155748,0.01043805896767819,0.0523351366484882,1.9844674545084815,237391759712199.38,327685454353054.25,98.0,282538607032626.8,45146847320427.445,226360708545467.28,1.9844674545084815,3.014415390095434,3.0862428690634554,98.0,3.0503291295794446,0.03591373948401078,0.1800670478365761,1.9844674545084815,0.9961962550760022,0.9998172265733491,98.0,0.9980067408246757,0.0018104857486735404,0.009077551616672517,1.9844674545084815,99.0,0.10101010101010101,0.03600183817625846,0.048131449139796625,98.0,0.04206664365802754,0.006064805481769082,0.030408184569346925,1.9844674545084815,QuantileRegressor,"{'mode': 'original', 'type': 'QuantileRegressor'}",5,"['edges_T2W40', 're_T2W40', 'l3_T2W40', 'lsc_T2W40', 'atd_T2W40']",0.24508669381738196,0.3002499287865305,94.0,0.27266831130195623,0.027581617484574276,0.13539621222834894,1.985523441866604,1.2866552038407417,1.3149154274055,98.0,1.3007853156231208,0.014130111782379114,0.07084663281546076,1.9844674545084815,completed,True,COMPLETE
82,0.990344240972012,2026-06-12 01:45:38.208271,2026-06-12 01:45:40.386425,0 days 00:00:02.178154,,,,,,,,,,,,,,0.02635378418496467,QuantileRegressor,,,,,,5,,,,,,,,True,0.01012927651198645,0.0171104551872293,98.0,0.013619865849607875,0.0034905893376214266,0.017501383210599755,1.9844674545084815,0.9799298714286334,1.0007586105153907,98.0,0.990344240972012,0.010414369543378614,0.05221636080504055,1.9844674545084815,241096415244529.03,332290281919470.0,98.0,286693348581999.5,45596933337470.47,228617384166716.47,1.9844674545084815,3.011568037980823,3.0816461336822507,98.0,3.046607085831537,0.03503904785071367,0.17568145217212888,1.9844674545084815,0.9973753429970673,1.0000132950924672,98.0,0.9986943190447672,0.0013189760476999188,0.006613182767620703,1.9844674545084815,99.0,0.13131313131313133,0.031129844950848525,0.04229762613528368,98.0,0.0367137355430661,0.005583890592217578,0.02799693679436247,1.9844674545084815,QuantileRegressor,"{'mode': 'original', 'type': 'QuantileRegressor'}",5,"['edges_T2W40', 're_T2W40', 'l2_T2W40', 'l3_T2W40', 'lsc_T2W40']",0.24016456192198762,0.2915380038931258,89.0,0.2658512829075567,0.025686720985569095,0.12264129045141786,1.986978699506281,1.290373173158562,1.3185226645467267,98.0,1.3044479188526443,0.014074745694082447,0.07056903409661172,1.9844674545084815,completed,True,COMPLETE
83,0.9906724729435095,2026-06-12 01:45:40.398708,2026-06-12 01:45:42.550199,0 days 00:00:02.151491,,,,,,,,,,,,,,0.02493571381682847,QuantileRegressor,,,,,,5,,,,,,,,True,0.009763719875649893,0.016834645919844647,98.0,0.01329918289774727,0.0035354630220973777,0.01772637431442875,1.9844674545084815,0.9802143601912147,1.0011305856958044,98.0,0.9906724729435095,0.010458112752294843,0.05243568384423425,1.9844674545084815,240902505483660.28,331983784349806.75,98.0,286443144916733.5,45540639433073.22,228335133492694.6,1.9844674545084815,3.010294337703934,3.080797895487139,98.0,3.0455461165955366,0.03525177889160253,0.17674805929983034,1.9844674545084815,0.9969845053143495,0.9998799594431781,98.0,0.9984322323787638,0.0014477270644143233,0.007258724441053017,1.9844674545084815,99.0,0.13131313131313133,0.03138294537643215,0.042554790054357576,98.0,0.036968867715394864,0.005585922338962712,0.028007123721249066,1.9844674545084815,QuantileRegressor,"{'mode': 'original', 'type': 'QuantileRegressor'}",5,"['edges_T2W40', 're_T2W40', 'l2_T2W40', 'l3_T2W40', 'lsc_T2W40']",0.23739424871575296,0.29005623699343697,89.0,0.263725242854595,0.026330994138842018,0.12571737365273367,1.986978699506281,1.2902089044774379,1.3183356016156875,98.0,1.3042722530465627,0.014063348569124728,0.07051189032170978,1.9844674545084815,completed,True,COMPLETE
84,0.9907188712713821,2026-06-12 01:45:42.637451,2026-06-12 01:45:44.746483,0 days 00:00:02.109032,,,,,,,,,,,,,,0.024459217923471263,QuantileRegressor,,,,,,5,,,,,,,,True,0.009730755266038001,0.016768208139658715,98.0,0.013249481702848358,0.003518726436810357,0.01764245914583873,1.9844674545084815,0.9802780857724818,1.0011596567702825,98.0,0.9907188712713821,0.01044078549890036,0.0523488071388093,1.9844674545084815,240923806967937.3,332017248500146.06,98.0,286470527734041.7,45546720766104.38,228365624544352.4,1.9844674545084815,3.0106415566158353,3.081109429642019,98.0,3.045875493128927,0.03523393651309189,0.17665859982078544,1.9844674545084815,0.9968228438495423,0.9998326418778318,98.0,0.9983277428636871,0.0015048990141447124,0.007545377525775527,1.9844674545084815,99.0,0.13131313131313133,0.031383474530800384,0.042555560864356176,98.0,0.03696951769757828,0.005586043166777894,0.028007729536969988,1.9844674545084815,QuantileRegressor,"{'mode': 'original', 'type': 'QuantileRegressor'}",5,"['edges_T2W40', 're_T2W40', 'l2_T2W40', 'l3_T2W40', 'lsc_T2W40']",0.23753718869084034,0.29042023201496153,89.0,0.26397871035290094,0.026441521662060607,0.12624508748921526,1.986978699506281,1.2902083898579726,1.318335262854083,98.0,1.3042718263560278,0.014063436498055084,0.07051233118649122,1.9844674545084815,completed,True,COMPLETE
85,0.9895482989867891,2026-06-12 01:45:44.777912,2026-06-12 01:45:46.922873,0 days 00:00:02.144961,,,,,,,,,,,,,,0.023360750078619475,QuantileRegressor,,,,,,5,,,,,,,,True,0.010626084152556727,0.01815913993998687,98.0,0.014392612046271798,0.003766527893715071,0.0188849050018126,1.9844674545084815,0.979107900328727,0.9999886976448512,98.0,0.9895482989867891,0.010440398658062122,0.05234686756669219,1.9844674545084815,239825098318222.25,330947257667112.5,98.0,285386177992667.4,45561079674445.11,228437618334813.1,1.9844674545084815,3.0148264160138765,3.086369656681724,98.0,3.0505980363478002,0.03577162033392363,0.17935447999583007,1.9844674545084815,0.9966919751182667,0.9996016755324225,98.0,0.9981468253253446,0.0014548502070778747,0.007294438997352995,1.9844674545084815,99.0,0.1111111111111111,0.033040363142079525,0.04455223881942772,98.0,0.03879630098075362,0.005755937838674101,0.028859560408693433,1.9844674545084815,QuantileRegressor,"{'mode': 'original', 'type': 'QuantileRegressor'}",5,"['edges_T2W40', 're_T2W40', 'l3_T2W40', 'lsc_T2W40', 'atd_T2W40']",0.2413772527127066,0.2963350605608427,91.0,0.26885615663677465,0.02747890392406805,0.13268798764824533,1.9863771544186177,1.2889774565149061,1.317038852925447,98.0,1.3030081547201766,0.014030698205270564,0.0703481854356556,1.9844674545084815,completed,True,COMPLETE
86,0.9896919357719361,2026-06-12 01:45:46.934853,2026-06-12 01:45:49.182280,0 days 00:00:02.247427,,,,,,,,,,,,,,0.02363853052609425,QuantileRegressor,,,,,,5,,,,,,,,True,0.01059946024567549,0.017922556155045774,98.0,0.014261008200360633,0.003661547954685143,0.018358548571800654,1.9844674545084815,0.9792441019158958,1.0001397696279766,98.0,0.9896919357719361,0.010447833856040326,0.05238414672974376,1.9844674545084815,240278158219298.75,331383523743622.0,98.0,285830840981460.4,45552682762161.64,228395517255183.06,1.9844674545084815,3.013793751716098,3.085357733282967,98.0,3.0495757424995324,0.03578199078343426,0.17940647614702307,1.9844674545084815,0.9967967247089008,0.9998270871378233,98.0,0.998311905923362,0.001515181214461302,0.007596931206424597,1.9844674545084815,99.0,0.1111111111111111,0.033097366898387985,0.04445437327360501,98.0,0.0387758700859965,0.005678503187608516,0.028471312645637653,1.9844674545084815,QuantileRegressor,"{'mode': 'original', 'type': 'QuantileRegressor'}",5,"['edges_T2W40', 're_T2W40', 'l2_T2W40', 'l3_T2W40', 'lsc_T2W40']",0.24380538069914087,0.29757265751802137,92.0,0.2706890191085811,0.02688363840944025,0.1305363305676695,1.98608631695113,1.2889826820543797,1.3170888378876808,98.0,1.3030357599710303,0.014053077916650489,0.07046039454051398,1.9844674545084815,completed,True,COMPLETE
87,1.3068578690735555,2026-06-12 01:45:49.194341,2026-06-12 01:45:49.321669,0 days 00:00:00.127328,10.0,3.0,10.0,,,,,,,,,,,,DecisionTreeRegressor,,,,,,5,,,,,,,,True,,,,,,,,,,,,,,,,,,,,,,,,,,,,,,,,,,,,,,,,,,,,,DecisionTreeRegressor,"{'mode': 'original', 'type': 'DecisionTreeRegressor'}",5,"['edges_T2W40', 'l1_T2W40', 'l2_T2W40', 'l3_T2W40', 'lsc_T2W40']",,,,,,,,,,,,,,,pruned,True,PRUNED
88,0.9981006267708779,2026-06-12 01:45:49.331077,2026-06-12 01:45:51.489623,0 days 00:00:02.158546,,,,,,,,,,,,,,0.05346065447217575,QuantileRegressor,,,,,,5,,,,,,,,True,0.003552478560842356,0.008368436289695897,98.0,0.005960457425269127,0.002407978864426771,0.012073308199031801,1.9844674545084815,0.9877020796713287,1.008499173870427,98.0,0.9981006267708779,0.010398547099549101,0.05213702902865428,1.9844674545084815,250094326837647.1,343897832598403.4,98.0,296996079718025.25,46901752880378.15,235159587970234.62,1.9844674545084815,2.992114526097114,3.0478640524582015,98.0,3.0199892892776576,0.02787476318054392,0.13976061493955244,1.9844674545084815,0.9987364342837804,1.0004168044527917,98.0,0.999576619368286,0.0008401850845055902,0.004212584096696523,1.9844674545084815,99.0,0.3333333333333333,0.016152619590578735,0.02663559898733008,98.0,0.021394109288954407,0.005241489698375671,0.026280181061973017,1.9844674545084815,QuantileRegressor,"{'mode': 'original', 'type': 'QuantileRegressor'}",5,"['edges_T2W40', 'atd_T2W40', 'density_T2W40', 'diameter_T2W40', 'asp_T2W40']",0.20917561208365015,0.2674925590751169,62.0,0.23833408557938351,0.02915847349573337,0.11577864240077188,1.9989715170333788,1.3003292148876666,1.3295704243694313,98.0,1.314949819628549,0.0146206047408824,0.07330590384352056,1.9844674545084815,completed,True,COMPLETE
