number,value,datetime_start,datetime_complete,duration,params_dt_max_depth,params_dt_min_samples_leaf,params_dt_min_samples_split,params_elastic_alpha,params_elastic_l1_ratio,params_et_max_depth,params_et_max_features,params_et_min_samples_leaf,params_et_min_samples_split,params_et_n_estimators,params_knn_metric,params_knn_n_neighbors,params_knn_weights,params_quantile_alpha,params_regressor,params_rf_max_depth,params_rf_max_features,params_rf_min_samples_leaf,params_rf_min_samples_split,params_rf_n_estimators,params_rfe_n_features,params_rfe_proxy_et_max_depth,params_rfe_proxy_et_min_samples_leaf,params_rfe_proxy_et_min_samples_split,params_rfe_proxy_et_n_estimators,params_rfe_proxy_lsvr_C,params_rfe_proxy_lsvr_epsilon,params_rfe_proxy_type,params_use_scaler,user_attrs_d2mae_ci_lower_val,user_attrs_d2mae_ci_upper_val,user_attrs_d2mae_df_val,user_attrs_d2mae_mean_val,user_attrs_d2mae_samperror_val,user_attrs_d2mae_std_val,user_attrs_d2mae_t_critical_val,user_attrs_mae_ci_lower_val,user_attrs_mae_ci_upper_val,user_attrs_mae_df_val,user_attrs_mae_mean_val,user_attrs_mae_samperror_val,user_attrs_mae_std_val,user_attrs_mae_t_critical_val,user_attrs_mape_ci_lower_val,user_attrs_mape_ci_upper_val,user_attrs_mape_df_val,user_attrs_mape_mean_val,user_attrs_mape_samperror_val,user_attrs_mape_std_val,user_attrs_mape_t_critical_val,user_attrs_max_error_ci_lower_val,user_attrs_max_error_ci_upper_val,user_attrs_max_error_df_val,user_attrs_max_error_mean_val,user_attrs_max_error_samperror_val,user_attrs_max_error_std_val,user_attrs_max_error_t_critical_val,user_attrs_median_ae_ci_lower_val,user_attrs_median_ae_ci_upper_val,user_attrs_median_ae_df_val,user_attrs_median_ae_mean_val,user_attrs_median_ae_samperror_val,user_attrs_median_ae_std_val,user_attrs_median_ae_t_critical_val,user_attrs_n_splits_val,user_attrs_r2_below_zero_val,user_attrs_r2_ci_lower_val,user_attrs_r2_ci_upper_val,user_attrs_r2_df_val,user_attrs_r2_mean_val,user_attrs_r2_samperror_val,user_attrs_r2_std_val,user_attrs_r2_t_critical_val,user_attrs_regressor_final,user_attrs_rfe_estimator,user_attrs_rfe_n_features,user_attrs_rfe_selected_features,user_attrs_rho_ci_lower_val,user_attrs_rho_ci_upper_val,user_attrs_rho_df_val,user_attrs_rho_mean_val,user_attrs_rho_samperror_val,user_attrs_rho_std_val,user_attrs_rho_t_critical_val,user_attrs_rmse_ci_lower_val,user_attrs_rmse_ci_upper_val,user_attrs_rmse_df_val,user_attrs_rmse_mean_val,user_attrs_rmse_samperror_val,user_attrs_rmse_std_val,user_attrs_rmse_t_critical_val,user_attrs_termination_reason,user_attrs_use_scaler_final,state
39,1.0907761628807988,2026-06-12 01:44:06.850067,2026-06-12 01:44:13.828122,0 days 00:00:06.978055,,,,,,20.0,,1.0,12.0,99.0,,,,,ExtraTreesRegressor,,,,,,11,,,,,,,,True,-0.10090886945440655,-0.07406856210597501,98.0,-0.08748871578019078,0.013420153674215767,0.06728699067121872,1.9844674545084815,1.0765854164623483,1.1049669092992493,98.0,1.0907761628807988,0.014190746418450553,0.0711506473812202,1.9844674545084815,221347941248778.72,307819758150535.5,98.0,264583849699657.1,43235908450878.375,216779497405116.38,1.9844674545084815,3.0596497610979796,3.195656815749766,98.0,3.127653288423873,0.06800352732589313,0.3409612750991639,1.9844674545084815,0.9074073041063999,0.9574652723436268,98.0,0.9324362882250133,0.025028984118613373,0.12549223069888837,1.9844674545084815,99.0,0.6363636363636364,-0.06588455165014283,-0.022698392437027416,98.0,-0.04429147204358512,0.021593079606557705,0.10826503044006584,1.9844674545084815,ExtraTreesRegressor,"{'mode': 'original', 'type': 'ExtraTreesRegressor'}",11,"['nodes_T2W40', 'edges_T2W40', 're_T2W40', 'l1_T2W40', 'l2_T2W40', 'l3_T2W40', 'lcc_T2W40', 'lsc_T2W40', 'atd_T2W40', 'density_T2W40', 'diameter_T2W40']",0.09387322311399018,0.14429868650703115,98.0,0.11908595481051067,0.025212731696520482,0.12641351832797487,1.9844674545084815,1.3396373929335894,1.3706173047398376,98.0,1.3551273488367135,0.015489955903124101,0.07766472304662397,1.9844674545084815,completed,True,COMPLETE
40,1.0313367496744066,2026-06-12 01:44:13.840887,2026-06-12 01:44:16.080512,0 days 00:00:02.239625,,,,,,,,,,,,,,0.0012553693898914185,QuantileRegressor,,,,,,10,,,,,,,,True,-0.037465849514993634,-0.018645220803839554,98.0,-0.028055535159416594,0.009410314355577041,0.0471821522784425,1.9844674545084815,1.0203909334634667,1.0422825658853465,98.0,1.0313367496744066,0.01094581621093991,0.05488096866501999,1.9844674545084815,234987978938874.22,324871251157681.9,98.0,279929615048278.06,44941636109403.84,225331804914631.5,1.9844674545084815,3.045255319987907,3.149864909503443,98.0,3.097560114745675,0.05230479475776816,0.26224977167644997,1.9844674545084815,0.9667611953720848,0.9873787146025758,98.0,0.9770699549873303,0.010308759615245426,0.05168684568758412,1.9844674545084815,99.0,0.3333333333333333,-0.005680044708119116,0.024445830935473742,98.0,0.009382893113677312,0.015062937821796428,0.07552370720192905,1.9844674545084815,QuantileRegressor,"{'mode': 'original', 'type': 'QuantileRegressor'}",10,"['nodes_T2W40', 'edges_T2W40', 're_T2W40', 'pe_T2W40', 'l1_T2W40', 'l2_T2W40', 'l3_T2W40', 'lcc_T2W40', 'atd_T2W40', 'asp_T2W40']",0.14362827316363447,0.20137178294330693,98.0,0.1725000280534707,0.02887175488983622,0.1447594080585406,1.9844674545084815,1.307204251915662,1.3353268272064074,98.0,1.3212655395610347,0.014061287645372718,0.07050155710491941,1.9844674545084815,completed,True,COMPLETE
41,0.9932952456595413,2026-06-12 01:44:16.093683,2026-06-12 01:44:18.349209,0 days 00:00:02.255526,,,,,,,,,,,,,,0.01393291894003387,QuantileRegressor,,,,,,9,,,,,,,,True,0.005584894531515157,0.015332776081307686,98.0,0.010458835306411422,0.0048739407748962646,0.024437336219376937,1.9844674545084815,0.9831542491093131,1.0034362422097693,98.0,0.9932952456595413,0.010140996550228131,0.05084570242910697,1.9844674545084815,236098461731693.2,326005155158830.7,98.0,281051808445261.94,44953346713568.74,225390520435506.06,1.9844674545084815,3.0154100403536543,3.0881555430904863,98.0,3.0517827917220703,0.03637275136841604,0.18236847665279715,1.9844674545084815,0.9929471625200218,0.9996563726616084,98.0,0.9963017675908151,0.0033546050707932884,0.01681957491573072,1.9844674545084815,99.0,0.13131313131313133,0.034212408601227845,0.048152811975765195,98.0,0.04118261028849652,0.006970201687268671,0.034947729161169026,1.9844674545084815,QuantileRegressor,"{'mode': 'original', 'type': 'QuantileRegressor'}",9,"['edges_T2W40', 're_T2W40', 'l2_T2W40', 'l3_T2W40', 'lsc_T2W40', 'atd_T2W40', 'density_T2W40', 'diameter_T2W40', 'asp_T2W40']",0.21117021507276337,0.272834462184365,96.0,0.24200233862856418,0.03083212355580082,0.15297914389841508,1.984984311522457,1.2873457757552196,1.3151063943069452,98.0,1.3012260850310824,0.01388030927586273,0.06959415394423077,1.9844674545084815,completed,True,COMPLETE
42,0.9940518698303824,2026-06-12 01:44:18.362205,2026-06-12 01:44:20.698756,0 days 00:00:02.336551,,,,,,,,,,,,,,0.011807445842653056,QuantileRegressor,,,,,,9,,,,,,,,True,0.004874152176971753,0.014594532753499048,98.0,0.0097343424652354,0.004860190288263648,0.024368392980109024,1.9844674545084815,0.9837927538594831,1.0043109858012818,98.0,0.9940518698303824,0.010259115970899388,0.051437938594931724,1.9844674545084815,235575947077148.75,325156593076260.6,98.0,280366270076704.7,44790322999555.94,224573139696786.0,1.9844674545084815,3.0145589747598027,3.0876732904141244,98.0,3.0511161325869636,0.036557157827160944,0.18329306782891167,1.9844674545084815,0.9894969631381473,0.9975689878434203,98.0,0.9935329754907838,0.004036012352636539,0.020236066748069347,1.9844674545084815,99.0,0.13131313131313133,0.03509021856370568,0.049439942309961286,98.0,0.04226508043683348,0.007174861873127804,0.03597387001998286,1.9844674545084815,QuantileRegressor,"{'mode': 'original', 'type': 'QuantileRegressor'}",9,"['edges_T2W40', 're_T2W40', 'l2_T2W40', 'l3_T2W40', 'lsc_T2W40', 'atd_T2W40', 'density_T2W40', 'diameter_T2W40', 'asp_T2W40']",0.19929339212988212,0.25889852320457074,96.0,0.22909595766722643,0.029802565537344297,0.14787080603215758,1.984984311522457,1.2865904039143894,1.3143383122342431,98.0,1.3004643580743163,0.013873954159926937,0.06956229017895155,1.9844674545084815,completed,True,COMPLETE
43,0.9939944629522423,2026-06-12 01:44:20.737682,2026-06-12 01:44:22.972129,0 days 00:00:02.234447,,,,,,,,,,,,,,0.009280125562547889,QuantileRegressor,,,,,,6,,,,,,,,True,0.004805583245246244,0.014727312387317578,98.0,0.009766447816281911,0.004960864571035667,0.024873161382182367,1.9844674545084815,0.9837874140405424,1.0042015118639422,98.0,0.9939944629522423,0.010207048911699903,0.05117688079994055,1.9844674545084815,234752841827835.44,324264501967078.8,98.0,279508671897457.12,44755830069621.69,224400196412301.28,1.9844674545084815,3.014671333144979,3.0924921822942295,98.0,3.0535817577196043,0.03891042457462512,0.195092056240478,1.9844674545084815,0.990083549839019,0.9987760202258913,98.0,0.9944297850324552,0.00434623519343611,0.02179148570239809,1.9844674545084815,99.0,0.13131313131313133,0.035719518702162785,0.050713986300896706,98.0,0.043216752501529745,0.007497233799366959,0.03759020298606452,1.9844674545084815,QuantileRegressor,"{'mode': 'original', 'type': 'QuantileRegressor'}",6,"['edges_T2W40', 'l2_T2W40', 'l3_T2W40', 'atd_T2W40', 'density_T2W40', 'asp_T2W40']",0.20597100041941752,0.2715114998269256,96.0,0.23874125012317154,0.03277024970375402,0.1625955064672927,1.984984311522457,1.2859339067504785,1.3136058734065912,98.0,1.2997698900785348,0.013835983328056385,0.06937190912431719,1.9844674545084815,completed,True,COMPLETE
44,1.003629798361222,2026-06-12 01:44:22.984994,2026-06-12 01:44:25.195647,0 days 00:00:02.210653,,,,,,,,,,,,,,0.002213371860910583,QuantileRegressor,,,,,,6,,,,,,,,True,-0.006307223941415248,0.006079340416028181,98.0,-0.00011394176269353359,0.006193282178721714,0.03105235083742254,1.9844674545084815,0.9937800697683,1.013479526954144,98.0,1.003629798361222,0.00984972859292191,0.049385320916207946,1.9844674545084815,232312965846999.12,321760583935815.3,98.0,277036774891407.22,44723809044408.086,224239646952352.1,1.9844674545084815,3.025810923610441,3.118626200832536,98.0,3.0722185622214884,0.046407638611047373,0.23268216013758214,1.9844674545084815,0.9779803244022596,0.99122307724185,98.0,0.9846017008220548,0.006621376419795212,0.03319876241397985,1.9844674545084815,99.0,0.2222222222222222,0.0228608593795426,0.043449135934268676,98.0,0.03315499765690564,0.01029413827736304,0.051613536107859764,1.9844674545084815,QuantileRegressor,"{'mode': 'original', 'type': 'QuantileRegressor'}",6,"['nodes_T2W40', 'edges_T2W40', 'l2_T2W40', 'l3_T2W40', 'lcc_T2W40', 'atd_T2W40']",0.18106410029164116,0.2377108355216891,98.0,0.20938746790666513,0.028323367615023964,0.1420098620890781,1.9844674545084815,1.2927254964850337,1.3192991162213883,98.0,1.306012306353211,0.013286809868177386,0.06661842132016815,1.9844674545084815,completed,True,COMPLETE
45,1.0771866269299983,2026-06-12 01:44:25.207508,2026-06-12 01:44:26.905251,0 days 00:00:01.697743,2.0,1.0,16.0,,,,,,,,,,,,DecisionTreeRegressor,,,,,,2,,,,,,,,True,-0.08585315154372752,-0.061814178411670834,98.0,-0.07383366497769918,0.012019486566028345,0.06026421903014826,1.9844674545084815,1.0639606288991708,1.090412624960826,98.0,1.0771866269299983,0.01322599803082758,0.06631351828911584,1.9844674545084815,211749145738594.88,292740898193159.1,98.0,252245021965877.0,40495876227282.13,203041314732723.6,1.9844674545084815,3.012893305631618,3.2497376677412557,98.0,3.1313154866864368,0.11842218105481897,0.5937541689414835,1.9844674545084815,0.7597114664482456,0.8363912750455051,98.0,0.7980513707468754,0.03833990429862972,0.19223153814056979,1.9844674545084815,99.0,0.43434343434343436,-0.02930666058911747,0.018022592861554616,98.0,-0.005642033863781427,0.023664626725336042,0.11865151147746525,1.9844674545084815,DecisionTreeRegressor,"{'mode': 'original', 'type': 'DecisionTreeRegressor'}",2,"['edges_T2W40', 'l3_T2W40']",0.159652332173286,0.21603252478464785,98.0,0.18784242847896693,0.028190096305680933,0.14134165622749137,1.9844674545084815,1.3120978041973272,1.3472333393772107,98.0,1.329665571787269,0.017567767589941715,0.08808261385334874,1.9844674545084815,completed,True,COMPLETE
46,0.993286936560765,2026-06-12 01:44:26.917984,2026-06-12 01:44:29.195861,0 days 00:00:02.277877,,,,,,,,,,,,,,0.011971712503226603,QuantileRegressor,,,,,,6,,,,,,,,True,0.005659886812199652,0.01533945054401611,98.0,0.01049966867810788,0.004839781865908228,0.024266067674603643,1.9844674545084815,0.9830297883948562,1.003544084726674,98.0,0.993286936560765,0.010257148165908852,0.051428072264094155,1.9844674545084815,235509235407227.28,325129124214865.94,98.0,280319179811046.6,44809944403819.32,224671518990919.06,1.9844674545084815,3.014973444161778,3.088120736079455,98.0,3.0515470901206165,0.03657364595883839,0.1833757372818329,1.9844674545084815,0.9909722196028373,0.9983659648088942,98.0,0.9946690922058657,0.0036968726030284027,0.018535661989518348,1.9844674545084815,99.0,0.12121212121212122,0.03507348862308917,0.04934069265596364,98.0,0.04220709063952641,0.007133602016437237,0.03576699820169899,1.9844674545084815,QuantileRegressor,"{'mode': 'original', 'type': 'QuantileRegressor'}",6,"['edges_T2W40', 'l2_T2W40', 'l3_T2W40', 'lsc_T2W40', 'atd_T2W40', 'asp_T2W40']",0.20756040098628128,0.2689460640553424,95.0,0.23825323252081185,0.030692831534530556,0.15148064579854315,1.9852510035054978,1.2866003520316436,1.3144415099169666,98.0,1.300520930974305,0.01392057894266146,0.0697960610728671,1.9844674545084815,completed,True,COMPLETE
47,1.0635039622484839,2026-06-12 01:44:29.207969,2026-06-12 01:44:30.850921,0 days 00:00:01.642952,,,,,,,,,,,,,,,LinearRegression,,,,,,6,,,,,,,,True,-0.07223031893227491,-0.04847739502947073,98.0,-0.06035385698087282,0.011876461951402089,0.05954711130219417,1.9844674545084815,1.0510634436266102,1.0759444808703575,98.0,1.0635039622484839,0.012440518621873616,0.06237522168344689,1.9844674545084815,225884059126798.28,315858189008792.4,98.0,270871124067795.34,44987064940997.055,225559579457443.9,1.9844674545084815,2.9928298930856227,3.190839376571918,98.0,3.0918346348287704,0.09900474174314784,0.49639752984921753,1.9844674545084815,0.9102459474956505,0.9403351044279572,98.0,0.9252905259618038,0.015044578466153388,0.07543165566348382,1.9844674545084815,99.0,0.3939393939393939,-0.034882044680354274,0.017897215795643004,98.0,-0.008492414442355635,0.02638963023799864,0.13231434205203996,1.9844674545084815,LinearRegression,"{'mode': 'original', 'type': 'LinearRegression'}",6,"['nodes_T2W40', 'pe_T2W40', 'l2_T2W40', 'l3_T2W40', 'lcc_T2W40', 'atd_T2W40']",0.14521559891140653,0.2012957706348977,98.0,0.17325568477315212,0.02804008586174558,0.14058952241541314,1.9844674545084815,1.312361505930233,1.3499322126324818,98.0,1.3311468592813573,0.018785353351124363,0.09418743826467525,1.9844674545084815,completed,True,COMPLETE
48,1.0275782404492577,2026-06-12 01:44:30.863632,2026-06-12 01:44:32.691615,0 days 00:00:01.827983,,,,0.04298348505330417,0.13307659129568478,,,,,,,,,,ElasticNet,,,,,,7,,,,,,,,True,-0.03267694329065077,-0.015696253772053102,98.0,-0.024186598531351935,0.008490344759298834,0.04256953850774408,1.9844674545084815,1.0167857531415345,1.038370727756981,98.0,1.0275782404492577,0.01079248730772314,0.05411219650854333,1.9844674545084815,232912398317763.28,325222561759965.5,98.0,279067480038864.38,46155081721101.09,231415871128506.34,1.9844674545084815,3.009866736446511,3.152646864826808,98.0,3.0812568006366594,0.07139006419014828,0.3579409520778771,1.9844674545084815,0.9166346151399484,0.9512893742959271,98.0,0.9339619947179377,0.01732737957798939,0.08687733809344549,1.9844674545084815,99.0,0.2222222222222222,0.03929618705070565,0.06695668388959244,98.0,0.05312643547014905,0.0138302484194434,0.06934315500184514,1.9844674545084815,ElasticNet,"{'mode': 'original', 'type': 'ElasticNet'}",7,"['edges_T2W40', 're_T2W40', 'pe_T2W40', 'l1_T2W40', 'l2_T2W40', 'l3_T2W40', 'lsc_T2W40']",0.1929151577426806,0.24802270638099116,98.0,0.22046893206183588,0.027553774319155275,0.13815121648956896,1.9844674545084815,1.27796237162249,1.3057491668277479,98.0,1.291855769225119,0.013893397602628928,0.06965977719582668,1.9844674545084815,completed,True,COMPLETE
49,1.0040404040404038,2026-06-12 01:44:32.704315,2026-06-12 01:44:34.782812,0 days 00:00:02.078497,,,,,,,,,,,,,,0.30552481636110623,QuantileRegressor,,,,,,5,,,,,,,,True,0.0,0.0,98.0,0.0,0.0,0.0,1.9844674545084815,0.9940620287322439,1.0140187793485638,98.0,1.0040404040404038,0.009978375308159955,0.050030339634938165,1.9844674545084815,264040214663104.25,360701551827349.1,98.0,312370883245226.7,48330668582122.42,242323994565514.8,1.9844674545084815,2.969853864095874,3.009944115702106,98.0,2.98989898989899,0.02004512580311598,0.10050378152592122,1.9844674545084815,1.0,1.0,98.0,1.0,0.0,0.0,1.9844674545084815,99.0,0.8585858585858586,-0.0027121159306387815,-0.001484740783505017,98.0,-0.0020984283570718992,0.0006136875735668822,0.0030769535908500467,1.9844674545084815,QuantileRegressor,"{'mode': 'original', 'type': 'QuantileRegressor'}",5,"['lsc_T2W40', 'atd_T2W40', 'density_T2W40', 'diameter_T2W40', 'asp_T2W40']",,,,,,,,1.3165442642309395,1.3448607882107815,98.0,1.3307025262208605,0.014158261989920996,0.07098777447436015,1.9844674545084815,completed,True,COMPLETE
50,1.0634448046252527,2026-06-12 01:44:34.795657,2026-06-12 01:44:37.259567,0 days 00:00:02.463910,,,,,,,,,,,,,,,RandomForestRegressor,11.0,,5.0,7.0,249.0,4,,,,,,,,True,,,,,,,,,,,,,,,,,,,,,,,,,,,,,,,,,,,,,,,,,,,,,RandomForestRegressor,"{'mode': 'original', 'type': 'RandomForestRegressor'}",4,"['edges_T2W40', 're_T2W40', 'l3_T2W40', 'lsc_T2W40']",,,,,,,,,,,,,,,pruned,True,PRUNED
51,0.9932652695110542,2026-06-12 01:44:37.270530,2026-06-12 01:44:39.718278,0 days 00:00:02.447748,,,,,,,,,,,,,,0.012169402506079396,QuantileRegressor,,,,,,6,,,,,,,,True,0.005681948823062398,0.015356145960101385,98.0,0.010519047391581892,0.004837098568519494,0.024252613953376086,1.9844674545084815,0.9830188641468434,1.003511674875265,98.0,0.9932652695110542,0.010246405364210821,0.05137420918508732,1.9844674545084815,235512312975029.7,325159167656710.94,98.0,280335740315870.3,44823427340840.625,224739120769527.3,1.9844674545084815,3.0150565978816593,3.088182222538526,98.0,3.0516194102100926,0.03656281232843331,0.18332141879892294,1.9844674545084815,0.9908548144157747,0.9982594787693861,98.0,0.9945571465925804,0.003702332176805694,0.018563035617178605,1.9844674545084815,99.0,0.12121212121212122,0.03502466845865606,0.04930502718500763,98.0,0.042164847821831844,0.007140179363175786,0.03579997620473695,1.9844674545084815,QuantileRegressor,"{'mode': 'original', 'type': 'QuantileRegressor'}",6,"['edges_T2W40', 'l2_T2W40', 'l3_T2W40', 'lsc_T2W40', 'atd_T2W40', 'asp_T2W40']",0.20841802884081026,0.27007537504918233,95.0,0.2392467019449963,0.03082867310418605,0.15215107494010188,1.9852510035054978,1.2866284352342428,1.3144685213865053,98.0,1.300548478310374,0.013920043076131209,0.06979337430436225,1.9844674545084815,completed,True,COMPLETE
52,0.9921960302338849,2026-06-12 01:44:39.731371,2026-06-12 01:44:42.096110,0 days 00:00:02.364739,,,,,,,,,,,,,,0.013549672534405545,QuantileRegressor,,,,,,6,,,,,,,,True,0.007191687331649284,0.015988988557267193,98.0,0.011590337944458238,0.004398650612808954,0.02205429013221209,1.9844674545084815,0.9821161062546511,1.0022759542131188,98.0,0.9921960302338849,0.0100799239792338,0.05053949211180946,1.9844674545084815,235818633379105.2,325502655193978.7,98.0,280660644286541.94,44842010907436.75,224832296473960.16,1.9844674545084815,3.0147603861348196,3.0870359946579122,98.0,3.050898190396366,0.03613780426154633,0.18119048091802803,1.9844674545084815,0.9927196090325223,0.9995347157996812,98.0,0.9961271624161018,0.0034075533835794245,0.01708505120720886,1.9844674545084815,99.0,0.1111111111111111,0.03609159470509718,0.04926594622910899,98.0,0.04267877046710308,0.0065871757620059035,0.03302728454588061,1.9844674545084815,QuantileRegressor,"{'mode': 'original', 'type': 'QuantileRegressor'}",6,"['edges_T2W40', 're_T2W40', 'l2_T2W40', 'l3_T2W40', 'lsc_T2W40', 'atd_T2W40']",0.21570111523859783,0.2763951290278705,95.0,0.24604812213323415,0.030347006894636326,0.1497738713771187,1.9852510035054978,1.2863761063580637,1.314125742882861,98.0,1.3002509246204623,0.013874818262398635,0.06956662268186943,1.9844674545084815,completed,True,COMPLETE
53,1.005227079291815,2026-06-12 01:44:42.114913,2026-06-12 01:44:44.353682,0 days 00:00:02.238769,,,,,,,,,,,,,,0.0018180481325374784,QuantileRegressor,,,,,,6,,,,,,,,True,-0.00806218306552197,0.004698405316068097,98.0,-0.0016818888747269364,0.006380294190795033,0.031990005935661835,1.9844674545084815,0.9951469901292059,1.0153071684544241,98.0,1.005227079291815,0.010080089162609067,0.050540320320822604,1.9844674545084815,232338235375510.97,321772467711380.3,98.0,277055351543445.62,44717116167934.664,224206089697512.6,1.9844674545084815,3.0341123506872902,3.129792467938284,98.0,3.081952409312787,0.047840058625496694,0.23986413692333983,1.9844674545084815,0.9775490810920944,0.9916626550978145,98.0,0.9846058680949544,0.007056787002860082,0.035381857224371274,1.9844674545084815,99.0,0.24242424242424243,0.020089200353485985,0.04132184608924052,98.0,0.030705523221363253,0.010616322867877268,0.05322892979578697,1.9844674545084815,QuantileRegressor,"{'mode': 'original', 'type': 'QuantileRegressor'}",6,"['nodes_T2W40', 'edges_T2W40', 'l2_T2W40', 'l3_T2W40', 'lcc_T2W40', 'atd_T2W40']",0.17779049840295996,0.23415813992261886,98.0,0.2059743191627894,0.02818382075982946,0.14131019141677345,1.9844674545084815,1.2941051078354162,1.3212529219502125,98.0,1.3076790148928144,0.013573907057398197,0.06805789111774203,1.9844674545084815,completed,True,COMPLETE
