number,value,datetime_start,datetime_complete,duration,params_dt_max_depth,params_dt_min_samples_leaf,params_dt_min_samples_split,params_elastic_alpha,params_elastic_l1_ratio,params_et_max_depth,params_et_max_features,params_et_min_samples_leaf,params_et_min_samples_split,params_et_n_estimators,params_knn_metric,params_knn_n_neighbors,params_knn_weights,params_quantile_alpha,params_regressor,params_rf_max_depth,params_rf_max_features,params_rf_min_samples_leaf,params_rf_min_samples_split,params_rf_n_estimators,params_rfe_n_features,params_rfe_proxy_et_max_depth,params_rfe_proxy_et_min_samples_leaf,params_rfe_proxy_et_min_samples_split,params_rfe_proxy_et_n_estimators,params_rfe_proxy_lsvr_C,params_rfe_proxy_lsvr_epsilon,params_rfe_proxy_type,params_use_scaler,user_attrs_d2mae_ci_lower_val,user_attrs_d2mae_ci_upper_val,user_attrs_d2mae_df_val,user_attrs_d2mae_mean_val,user_attrs_d2mae_samperror_val,user_attrs_d2mae_std_val,user_attrs_d2mae_t_critical_val,user_attrs_mae_ci_lower_val,user_attrs_mae_ci_upper_val,user_attrs_mae_df_val,user_attrs_mae_mean_val,user_attrs_mae_samperror_val,user_attrs_mae_std_val,user_attrs_mae_t_critical_val,user_attrs_mape_ci_lower_val,user_attrs_mape_ci_upper_val,user_attrs_mape_df_val,user_attrs_mape_mean_val,user_attrs_mape_samperror_val,user_attrs_mape_std_val,user_attrs_mape_t_critical_val,user_attrs_max_error_ci_lower_val,user_attrs_max_error_ci_upper_val,user_attrs_max_error_df_val,user_attrs_max_error_mean_val,user_attrs_max_error_samperror_val,user_attrs_max_error_std_val,user_attrs_max_error_t_critical_val,user_attrs_median_ae_ci_lower_val,user_attrs_median_ae_ci_upper_val,user_attrs_median_ae_df_val,user_attrs_median_ae_mean_val,user_attrs_median_ae_samperror_val,user_attrs_median_ae_std_val,user_attrs_median_ae_t_critical_val,user_attrs_n_splits_val,user_attrs_r2_below_zero_val,user_attrs_r2_ci_lower_val,user_attrs_r2_ci_upper_val,user_attrs_r2_df_val,user_attrs_r2_mean_val,user_attrs_r2_samperror_val,user_attrs_r2_std_val,user_attrs_r2_t_critical_val,user_attrs_regressor_final,user_attrs_rfe_estimator,user_attrs_rfe_n_features,user_attrs_rfe_selected_features,user_attrs_rho_ci_lower_val,user_attrs_rho_ci_upper_val,user_attrs_rho_df_val,user_attrs_rho_mean_val,user_attrs_rho_samperror_val,user_attrs_rho_std_val,user_attrs_rho_t_critical_val,user_attrs_rmse_ci_lower_val,user_attrs_rmse_ci_upper_val,user_attrs_rmse_df_val,user_attrs_rmse_mean_val,user_attrs_rmse_samperror_val,user_attrs_rmse_std_val,user_attrs_rmse_t_critical_val,user_attrs_termination_reason,user_attrs_use_scaler_final,state
175,0.9881793136935689,2026-06-12 01:48:32.464344,2026-06-12 01:48:34.789857,0 days 00:00:02.325513,,,,,,,,,,,,,,0.0033212303292465967,QuantileRegressor,,,,,,2,,,,,,,,True,0.010724752186293533,0.020526787958073056,98.0,0.015625770072183295,0.004901017885889762,0.024573097504907042,1.9844674545084815,0.9777988550760196,0.9985597723111183,98.0,0.9881793136935689,0.010380458617549297,0.05204633561715365,1.9844674545084815,231579744414016.22,320106729335456.8,98.0,275843236874736.5,44263492460720.29,221931676535298.12,1.9844674545084815,3.024919159180996,3.114561996074414,98.0,3.069740577627705,0.04482141844670919,0.22472904842281932,1.9844674545084815,0.9959902399727809,1.0003354615845041,98.0,0.9981628507786425,0.002172610805861668,0.010893201864526775,1.9844674545084815,99.0,0.10101010101010101,0.03729430968659649,0.052692676355377825,98.0,0.04499349302098716,0.007699183334390664,0.03860275297685224,1.9844674545084815,QuantileRegressor,"{'mode': 'original', 'type': 'QuantileRegressor'}",2,"['edges_T2W40', 'atd_T2W40']",0.2559298908349561,0.30957181857005933,98.0,0.2827508547025077,0.026820963867551614,0.13447699552177453,1.9844674545084815,1.2848062555894373,1.31220363240086,98.0,1.2985049439951486,0.013698688405711378,0.06868352936479302,1.9844674545084815,completed,True,COMPLETE
176,0.9880772011048664,2026-06-12 01:48:34.807973,2026-06-12 01:48:36.925077,0 days 00:00:02.117104,,,,,,,,,,,,,,0.0040708303861227155,QuantileRegressor,,,,,,2,,,,,,,,True,0.01082184734560292,0.020637519034036305,98.0,0.015729683189819613,0.0049078358442166915,0.024607281904689457,1.9844674545084815,0.9776848283790018,0.998469573830731,98.0,0.9880772011048664,0.010392372725864579,0.052106071482668104,1.9844674545084815,231680814072683.25,320469685933857.5,98.0,276075250003270.38,44394435930587.11,222588210897666.4,1.9844674545084815,3.025131827956602,3.1147463065206225,98.0,3.069939067238612,0.044807239282010414,0.2246579558447481,1.9844674545084815,0.9960081915772234,1.0003540373873798,98.0,0.9981811144823016,0.0021729229050781937,0.010894766691396916,1.9844674545084815,99.0,0.10101010101010101,0.03720819658802876,0.052606661969134376,98.0,0.044907429278581566,0.007699232690552809,0.038603000442544694,1.9844674545084815,QuantileRegressor,"{'mode': 'original', 'type': 'QuantileRegressor'}",2,"['edges_T2W40', 'atd_T2W40']",0.25734210049311157,0.31069504817311666,98.0,0.2840185743331141,0.02667647384000256,0.1337525403946729,1.9844674545084815,1.284830511447222,1.312318242669962,98.0,1.298574377058592,0.013743865611370023,0.06891004228629148,1.9844674545084815,completed,True,COMPLETE
177,0.9881793136935689,2026-06-12 01:48:36.968583,2026-06-12 01:48:39.125864,0 days 00:00:02.157281,,,,,,,,,,,,,,0.003250840850497895,QuantileRegressor,,,,,,2,,,,,,,,True,0.010724752186293528,0.020526787958073056,98.0,0.01562577007218329,0.004901017885889763,0.024573097504907045,1.9844674545084815,0.9777988550760196,0.9985597723111183,98.0,0.9881793136935689,0.010380458617549295,0.05204633561715364,1.9844674545084815,231579744414016.16,320106729335456.75,98.0,275843236874736.44,44263492460720.29,221931676535298.12,1.9844674545084815,3.024919159180996,3.114561996074414,98.0,3.069740577627705,0.0448214184467092,0.22472904842281938,1.9844674545084815,0.9959902399727809,1.0003354615845041,98.0,0.9981628507786425,0.00217261080586166,0.010893201864526735,1.9844674545084815,99.0,0.10101010101010101,0.03729430968659652,0.05269267635537784,98.0,0.04499349302098718,0.0076991833343906585,0.038602752976852214,1.9844674545084815,QuantileRegressor,"{'mode': 'original', 'type': 'QuantileRegressor'}",2,"['edges_T2W40', 'atd_T2W40']",0.2559298908349561,0.30957181857005933,98.0,0.2827508547025077,0.026820963867551614,0.13447699552177453,1.9844674545084815,1.2848062555894373,1.31220363240086,98.0,1.2985049439951486,0.013698688405711376,0.06868352936479301,1.9844674545084815,completed,True,COMPLETE
178,0.9881172872812977,2026-06-12 01:48:39.138793,2026-06-12 01:48:41.448415,0 days 00:00:02.309622,,,,,,,,,,,,,,0.004175738063513617,QuantileRegressor,,,,,,2,,,,,,,,True,0.010781515409304544,0.020601090206955584,98.0,0.015691302808130064,0.004909787398825521,0.024617066758123064,1.9844674545084815,0.9777177208676352,0.9985168536949601,98.0,0.9881172872812977,0.01039956641366251,0.05214213974354659,1.9844674545084815,231731590240414.2,320559524928791.4,98.0,276145557584602.78,44413967344188.61,222686138989751.16,1.9844674545084815,3.025131827956602,3.1147463065206225,98.0,3.069939067238612,0.04480723928201044,0.22465795584474824,1.9844674545084815,0.9960081915772234,1.0003540373873798,98.0,0.9981811144823016,0.0021729229050782037,0.010894766691396968,1.9844674545084815,99.0,0.10101010101010101,0.037078482200657355,0.05245783016923903,98.0,0.04476815618494819,0.007689673984290836,0.03855507427160121,1.9844674545084815,QuantileRegressor,"{'mode': 'original', 'type': 'QuantileRegressor'}",2,"['edges_T2W40', 'atd_T2W40']",0.25734210049311157,0.31069504817311666,98.0,0.2840185743331141,0.02667647384000256,0.1337525403946729,1.9844674545084815,1.2849192941079848,1.3124264443005476,98.0,1.2986728692042662,0.01375357509628144,0.06895872444273445,1.9844674545084815,completed,True,COMPLETE
179,1.034613178702278,2026-06-12 01:48:41.461540,2026-06-12 01:48:42.777082,0 days 00:00:01.315542,,,,,,8.0,,3.0,4.0,195.0,,,,,ExtraTreesRegressor,,,,,,2,,,,,,,,True,,,,,,,,,,,,,,,,,,,,,,,,,,,,,,,,,,,,,,,,,,,,,ExtraTreesRegressor,"{'mode': 'original', 'type': 'ExtraTreesRegressor'}",2,"['edges_T2W40', 'lsc_T2W40']",,,,,,,,,,,,,,,pruned,True,PRUNED
180,0.9882029239152127,2026-06-12 01:48:42.787057,2026-06-12 01:48:44.979306,0 days 00:00:02.192249,,,,,,,,,,,,,,0.0030147617879093124,QuantileRegressor,,,,,,2,,,,,,,,True,0.010702024176471047,0.020501222332715136,98.0,0.015601623254593092,0.004899599078122044,0.02456598377824278,1.9844674545084815,0.9778254532217173,0.9985803946087081,98.0,0.9882029239152127,0.010377470693495407,0.05203135453550428,1.9844674545084815,231575250076571.34,320102139467536.75,98.0,275838694772054.06,44263444695482.72,221931437046304.72,1.9844674545084815,3.024919159180996,3.114561996074414,98.0,3.069740577627705,0.04482141844670919,0.22472904842281935,1.9844674545084815,0.9959902399727809,1.0003354615845041,98.0,0.9981628507786425,0.0021726108058616666,0.01089320186452677,1.9844674545084815,99.0,0.10101010101010101,0.037281784731260544,0.05268084763125199,98.0,0.04498131618125627,0.007699531449995721,0.03860449838543985,1.9844674545084815,QuantileRegressor,"{'mode': 'original', 'type': 'QuantileRegressor'}",2,"['edges_T2W40', 'atd_T2W40']",0.2559298908349561,0.30957181857005933,98.0,0.2827508547025077,0.026820963867551614,0.13447699552177453,1.9844674545084815,1.2848151975339688,1.3122106234642286,98.0,1.2985129104990987,0.01369771296512984,0.06867863862636306,1.9844674545084815,completed,True,COMPLETE
181,0.9882029239152127,2026-06-12 01:48:44.992417,2026-06-12 01:48:47.197537,0 days 00:00:02.205120,,,,,,,,,,,,,,0.0020967579050321815,QuantileRegressor,,,,,,2,,,,,,,,True,0.010702024176471056,0.02050122233271514,98.0,0.015601623254593097,0.004899599078122041,0.02456598377824277,1.9844674545084815,0.9778254532217173,0.9985803946087081,98.0,0.9882029239152127,0.010377470693495405,0.052031354535504275,1.9844674545084815,231575250076571.34,320102139467536.75,98.0,275838694772054.06,44263444695482.72,221931437046304.72,1.9844674545084815,3.024919159180996,3.114561996074414,98.0,3.069740577627705,0.04482141844670917,0.22472904842281924,1.9844674545084815,0.9959902399727809,1.0003354615845041,98.0,0.9981628507786425,0.0021726108058616723,0.010893201864526797,1.9844674545084815,99.0,0.10101010101010101,0.03728178473126055,0.052680847631251984,98.0,0.04498131618125627,0.0076995314499957185,0.038604498385439834,1.9844674545084815,QuantileRegressor,"{'mode': 'original', 'type': 'QuantileRegressor'}",2,"['edges_T2W40', 'atd_T2W40']",0.2559298908349561,0.30957181857005933,98.0,0.2827508547025077,0.026820963867551614,0.13447699552177453,1.9844674545084815,1.2848151975339688,1.3122106234642286,98.0,1.2985129104990987,0.013697712965129833,0.06867863862636303,1.9844674545084815,completed,True,COMPLETE
182,0.996023522252636,2026-06-12 01:48:47.210990,2026-06-12 01:48:47.517252,0 days 00:00:00.306262,,,,,,,,,,,,,,0.002018957528312895,QuantileRegressor,,,,,,2,,,,,,,,True,,,,,,,,,,,,,,,,,,,,,,,,,,,,,,,,,,,,,,,,,,,,,QuantileRegressor,"{'mode': 'original', 'type': 'QuantileRegressor'}",2,"['lcc_T2W40', 'atd_T2W40']",,,,,,,,,,,,,,,pruned,True,PRUNED
183,0.9882029239152127,2026-06-12 01:48:47.527776,2026-06-12 01:48:49.775422,0 days 00:00:02.247646,,,,,,,,,,,,,,0.0030869387720177865,QuantileRegressor,,,,,,2,,,,,,,,True,0.010702024176471042,0.020501222332715126,98.0,0.015601623254593083,0.004899599078122041,0.02456598377824277,1.9844674545084815,0.9778254532217173,0.9985803946087081,98.0,0.9882029239152127,0.010377470693495405,0.052031354535504275,1.9844674545084815,231575250076571.34,320102139467536.75,98.0,275838694772054.06,44263444695482.72,221931437046304.72,1.9844674545084815,3.024919159180996,3.114561996074414,98.0,3.069740577627705,0.044821418446709185,0.2247290484228193,1.9844674545084815,0.9959902399727809,1.0003354615845041,98.0,0.9981628507786425,0.002172610805861665,0.010893201864526757,1.9844674545084815,99.0,0.10101010101010101,0.037281784731260564,0.052680847631252,98.0,0.04498131618125628,0.007699531449995716,0.03860449838543982,1.9844674545084815,QuantileRegressor,"{'mode': 'original', 'type': 'QuantileRegressor'}",2,"['edges_T2W40', 'atd_T2W40']",0.2559298908349561,0.30957181857005933,98.0,0.2827508547025077,0.026820963867551614,0.13447699552177453,1.9844674545084815,1.2848151975339688,1.3122106234642286,98.0,1.2985129104990987,0.013697712965129836,0.06867863862636304,1.9844674545084815,completed,True,COMPLETE
184,0.9882029239152127,2026-06-12 01:48:49.806476,2026-06-12 01:48:52.029833,0 days 00:00:02.223357,,,,,,,,,,,,,,0.0030140698266397235,QuantileRegressor,,,,,,2,,,,,,,,True,0.010702024176471047,0.020501222332715136,98.0,0.015601623254593092,0.004899599078122044,0.02456598377824278,1.9844674545084815,0.9778254532217173,0.9985803946087081,98.0,0.9882029239152127,0.010377470693495407,0.05203135453550428,1.9844674545084815,231575250076571.34,320102139467536.75,98.0,275838694772054.06,44263444695482.72,221931437046304.72,1.9844674545084815,3.024919159180996,3.114561996074414,98.0,3.069740577627705,0.04482141844670919,0.22472904842281935,1.9844674545084815,0.9959902399727809,1.0003354615845041,98.0,0.9981628507786425,0.0021726108058616666,0.01089320186452677,1.9844674545084815,99.0,0.10101010101010101,0.037281784731260544,0.05268084763125199,98.0,0.04498131618125627,0.007699531449995721,0.03860449838543985,1.9844674545084815,QuantileRegressor,"{'mode': 'original', 'type': 'QuantileRegressor'}",2,"['edges_T2W40', 'atd_T2W40']",0.2559298908349561,0.30957181857005933,98.0,0.2827508547025077,0.026820963867551614,0.13447699552177453,1.9844674545084815,1.2848151975339688,1.3122106234642286,98.0,1.2985129104990987,0.01369771296512984,0.06867863862636306,1.9844674545084815,completed,True,COMPLETE
185,1.0404345859761095,2026-06-12 01:48:52.043152,2026-06-12 01:48:52.227139,0 days 00:00:00.183987,,,,,,,,,,,,,,0.0014806819424342862,QuantileRegressor,,,,,,2,,,,,,,,True,,,,,,,,,,,,,,,,,,,,,,,,,,,,,,,,,,,,,,,,,,,,,QuantileRegressor,"{'mode': 'original', 'type': 'QuantileRegressor'}",2,"['nodes_T2W40', 'lcc_T2W40']",,,,,,,,,,,,,,,pruned,True,PRUNED
186,0.9881793136935689,2026-06-12 01:48:52.236733,2026-06-12 01:48:54.458614,0 days 00:00:02.221881,,,,,,,,,,,,,,0.0034828220582867556,QuantileRegressor,,,,,,2,,,,,,,,True,0.010724752186293544,0.02052678795807308,98.0,0.015625770072183312,0.0049010178858897675,0.02457309750490707,1.9844674545084815,0.9777988550760196,0.9985597723111183,98.0,0.9881793136935689,0.010380458617549299,0.052046335617153654,1.9844674545084815,231579744414016.22,320106729335456.8,98.0,275843236874736.5,44263492460720.29,221931676535298.12,1.9844674545084815,3.024919159180996,3.114561996074414,98.0,3.069740577627705,0.044821418446709185,0.2247290484228193,1.9844674545084815,0.995990239972781,1.0003354615845044,98.0,0.9981628507786426,0.0021726108058616675,0.010893201864526773,1.9844674545084815,99.0,0.10101010101010101,0.037294309686596507,0.05269267635537784,98.0,0.04499349302098717,0.007699183334390664,0.03860275297685224,1.9844674545084815,QuantileRegressor,"{'mode': 'original', 'type': 'QuantileRegressor'}",2,"['edges_T2W40', 'atd_T2W40']",0.2559298908349561,0.30957181857005933,98.0,0.2827508547025077,0.026820963867551614,0.13447699552177453,1.9844674545084815,1.2848062555894373,1.31220363240086,98.0,1.2985049439951486,0.013698688405711376,0.06868352936479301,1.9844674545084815,completed,True,COMPLETE
187,0.9882029239152127,2026-06-12 01:48:54.471918,2026-06-12 01:48:56.595199,0 days 00:00:02.123281,,,,,,,,,,,,,,0.0026254182316843163,QuantileRegressor,,,,,,2,,,,,,,,True,0.010702024176471033,0.020501222332715122,98.0,0.015601623254593078,0.004899599078122044,0.02456598377824278,1.9844674545084815,0.9778254532217173,0.9985803946087081,98.0,0.9882029239152127,0.010377470693495408,0.05203135453550429,1.9844674545084815,231575250076571.34,320102139467536.75,98.0,275838694772054.06,44263444695482.72,221931437046304.72,1.9844674545084815,3.024919159180996,3.114561996074414,98.0,3.069740577627705,0.0448214184467092,0.22472904842281938,1.9844674545084815,0.9959902399727809,1.0003354615845041,98.0,0.9981628507786425,0.0021726108058616658,0.010893201864526764,1.9844674545084815,99.0,0.10101010101010101,0.03728178473126052,0.05268084763125197,98.0,0.044981316181256246,0.007699531449995727,0.038604498385439875,1.9844674545084815,QuantileRegressor,"{'mode': 'original', 'type': 'QuantileRegressor'}",2,"['edges_T2W40', 'atd_T2W40']",0.2559298908349561,0.30957181857005933,98.0,0.2827508547025077,0.026820963867551614,0.13447699552177453,1.9844674545084815,1.2848151975339688,1.3122106234642286,98.0,1.2985129104990987,0.013697712965129836,0.06867863862636304,1.9844674545084815,completed,True,COMPLETE
188,0.9881793136935689,2026-06-12 01:48:56.607611,2026-06-12 01:48:58.740758,0 days 00:00:02.133147,,,,,,,,,,,,,,0.0033463248073400454,QuantileRegressor,,,,,,2,,,,,,,,True,0.01072475218629354,0.020526787958073063,98.0,0.0156257700721833,0.0049010178858897606,0.024573097504907035,1.9844674545084815,0.9777988550760196,0.9985597723111183,98.0,0.9881793136935689,0.010380458617549295,0.05204633561715364,1.9844674545084815,231579744414016.16,320106729335456.75,98.0,275843236874736.44,44263492460720.29,221931676535298.12,1.9844674545084815,3.024919159180996,3.114561996074414,98.0,3.069740577627705,0.044821418446709164,0.22472904842281918,1.9844674545084815,0.995990239972781,1.0003354615845044,98.0,0.9981628507786426,0.0021726108058616623,0.010893201864526745,1.9844674545084815,99.0,0.10101010101010101,0.0372943096865965,0.05269267635537782,98.0,0.04499349302098716,0.007699183334390661,0.03860275297685223,1.9844674545084815,QuantileRegressor,"{'mode': 'original', 'type': 'QuantileRegressor'}",2,"['edges_T2W40', 'atd_T2W40']",0.2559298908349561,0.30957181857005933,98.0,0.2827508547025077,0.026820963867551614,0.13447699552177453,1.9844674545084815,1.2848062555894373,1.31220363240086,98.0,1.2985049439951486,0.013698688405711378,0.06868352936479302,1.9844674545084815,completed,True,COMPLETE
189,1.2872592592592593,2026-06-12 01:48:58.753346,2026-06-12 01:48:58.894527,0 days 00:00:00.141181,16.0,2.0,6.0,,,,,,,,,,,,DecisionTreeRegressor,,,,,,3,,,,,,,,True,,,,,,,,,,,,,,,,,,,,,,,,,,,,,,,,,,,,,,,,,,,,,DecisionTreeRegressor,"{'mode': 'original', 'type': 'DecisionTreeRegressor'}",3,"['edges_T2W40', 'l1_T2W40', 'l2_T2W40']",,,,,,,,,,,,,,,pruned,True,PRUNED
190,0.9882029239152127,2026-06-12 01:48:58.904112,2026-06-12 01:49:01.169105,0 days 00:00:02.264993,,,,,,,,,,,,,,0.0028671753623077225,QuantileRegressor,,,,,,2,,,,,,,,True,0.010702024176471031,0.02050122233271512,98.0,0.015601623254593074,0.004899599078122043,0.024565983778242775,1.9844674545084815,0.9778254532217173,0.9985803946087081,98.0,0.9882029239152127,0.010377470693495405,0.052031354535504275,1.9844674545084815,231575250076571.34,320102139467536.75,98.0,275838694772054.06,44263444695482.72,221931437046304.72,1.9844674545084815,3.024919159180996,3.114561996074414,98.0,3.069740577627705,0.04482141844670917,0.22472904842281924,1.9844674545084815,0.995990239972781,1.0003354615845044,98.0,0.9981628507786426,0.002172610805861665,0.010893201864526757,1.9844674545084815,99.0,0.10101010101010101,0.03728178473126052,0.05268084763125197,98.0,0.044981316181256246,0.007699531449995721,0.03860449838543985,1.9844674545084815,QuantileRegressor,"{'mode': 'original', 'type': 'QuantileRegressor'}",2,"['edges_T2W40', 'atd_T2W40']",0.2559298908349561,0.30957181857005933,98.0,0.2827508547025077,0.026820963867551614,0.13447699552177453,1.9844674545084815,1.2848151975339688,1.3122106234642286,98.0,1.2985129104990987,0.013697712965129836,0.06867863862636304,1.9844674545084815,completed,True,COMPLETE
191,0.9882029239152127,2026-06-12 01:49:01.211281,2026-06-12 01:49:03.438542,0 days 00:00:02.227261,,,,,,,,,,,,,,0.0025413410171072925,QuantileRegressor,,,,,,2,,,,,,,,True,0.010702024176471057,0.020501222332715136,98.0,0.015601623254593097,0.004899599078122039,0.024565983778242758,1.9844674545084815,0.9778254532217173,0.9985803946087081,98.0,0.9882029239152127,0.010377470693495407,0.05203135453550428,1.9844674545084815,231575250076571.34,320102139467536.75,98.0,275838694772054.06,44263444695482.72,221931437046304.72,1.9844674545084815,3.024919159180996,3.114561996074414,98.0,3.069740577627705,0.04482141844670919,0.22472904842281935,1.9844674545084815,0.995990239972781,1.0003354615845044,98.0,0.9981628507786426,0.002172610805861668,0.010893201864526775,1.9844674545084815,99.0,0.10101010101010101,0.037281784731260544,0.05268084763125198,98.0,0.04498131618125626,0.0076995314499957185,0.038604498385439834,1.9844674545084815,QuantileRegressor,"{'mode': 'original', 'type': 'QuantileRegressor'}",2,"['edges_T2W40', 'atd_T2W40']",0.2559298908349561,0.30957181857005933,98.0,0.2827508547025077,0.026820963867551614,0.13447699552177453,1.9844674545084815,1.2848151975339688,1.3122106234642286,98.0,1.2985129104990987,0.01369771296512984,0.06867863862636306,1.9844674545084815,completed,True,COMPLETE
