number,value,datetime_start,datetime_complete,duration,params_dt_max_depth,params_dt_min_samples_leaf,params_dt_min_samples_split,params_elastic_alpha,params_elastic_l1_ratio,params_et_max_depth,params_et_max_features,params_et_min_samples_leaf,params_et_min_samples_split,params_et_n_estimators,params_knn_metric,params_knn_n_neighbors,params_knn_weights,params_quantile_alpha,params_regressor,params_rf_max_depth,params_rf_max_features,params_rf_min_samples_leaf,params_rf_min_samples_split,params_rf_n_estimators,params_rfe_n_features,params_rfe_proxy_et_max_depth,params_rfe_proxy_et_min_samples_leaf,params_rfe_proxy_et_min_samples_split,params_rfe_proxy_et_n_estimators,params_rfe_proxy_lsvr_C,params_rfe_proxy_lsvr_epsilon,params_rfe_proxy_type,params_use_scaler,user_attrs_d2mae_ci_lower_val,user_attrs_d2mae_ci_upper_val,user_attrs_d2mae_df_val,user_attrs_d2mae_mean_val,user_attrs_d2mae_samperror_val,user_attrs_d2mae_std_val,user_attrs_d2mae_t_critical_val,user_attrs_mae_ci_lower_val,user_attrs_mae_ci_upper_val,user_attrs_mae_df_val,user_attrs_mae_mean_val,user_attrs_mae_samperror_val,user_attrs_mae_std_val,user_attrs_mae_t_critical_val,user_attrs_mape_ci_lower_val,user_attrs_mape_ci_upper_val,user_attrs_mape_df_val,user_attrs_mape_mean_val,user_attrs_mape_samperror_val,user_attrs_mape_std_val,user_attrs_mape_t_critical_val,user_attrs_max_error_ci_lower_val,user_attrs_max_error_ci_upper_val,user_attrs_max_error_df_val,user_attrs_max_error_mean_val,user_attrs_max_error_samperror_val,user_attrs_max_error_std_val,user_attrs_max_error_t_critical_val,user_attrs_median_ae_ci_lower_val,user_attrs_median_ae_ci_upper_val,user_attrs_median_ae_df_val,user_attrs_median_ae_mean_val,user_attrs_median_ae_samperror_val,user_attrs_median_ae_std_val,user_attrs_median_ae_t_critical_val,user_attrs_n_splits_val,user_attrs_r2_below_zero_val,user_attrs_r2_ci_lower_val,user_attrs_r2_ci_upper_val,user_attrs_r2_df_val,user_attrs_r2_mean_val,user_attrs_r2_samperror_val,user_attrs_r2_std_val,user_attrs_r2_t_critical_val,user_attrs_regressor_final,user_attrs_rfe_estimator,user_attrs_rfe_n_features,user_attrs_rfe_selected_features,user_attrs_rho_ci_lower_val,user_attrs_rho_ci_upper_val,user_attrs_rho_df_val,user_attrs_rho_mean_val,user_attrs_rho_samperror_val,user_attrs_rho_std_val,user_attrs_rho_t_critical_val,user_attrs_rmse_ci_lower_val,user_attrs_rmse_ci_upper_val,user_attrs_rmse_df_val,user_attrs_rmse_mean_val,user_attrs_rmse_samperror_val,user_attrs_rmse_std_val,user_attrs_rmse_t_critical_val,user_attrs_termination_reason,user_attrs_use_scaler_final,state
26,1.0835301945607907,2026-06-12 01:42:09.970044,2026-06-12 01:42:54.237254,0 days 00:00:44.267210,,,,,,,,,,,,,,,RandomForestRegressor,19.0,log2,1.0,2.0,491.0,8,,,,,,,,False,-0.09234220216914163,-0.06793104042128961,98.0,-0.08013662129521562,0.012205580873926005,0.06119727287315565,1.9844674545084815,1.0701067787709184,1.096953610350663,98.0,1.0835301945607907,0.013423415789872176,0.06730334651565013,1.9844674545084815,222202590989569.6,310582143055131.9,98.0,266392367022350.75,44189776032781.16,221562071483115.56,1.9844674545084815,3.099982150515892,3.229245802444508,98.0,3.1646139764802,0.06463182596430801,0.32405598149593173,1.9844674545084815,0.9177760265895961,0.9601732829688695,98.0,0.9389746547792328,0.02119862818963664,0.10628729982274727,1.9844674545084815,99.0,0.5555555555555556,-0.04706171021683768,-0.006835796812065604,98.0,-0.02694875351445164,0.020112956702386036,0.10084387726529968,1.9844674545084815,RandomForestRegressor,"{'mode': 'original', 'type': 'RandomForestRegressor'}",8,"['edges_T2W40', 're_T2W40', 'l1_T2W40', 'l2_T2W40', 'l3_T2W40', 'lcc_T2W40', 'lsc_T2W40', 'density_T2W40']",0.10614624039052312,0.15566456889787622,98.0,0.13090540464419967,0.024759164253676552,0.12413938726835483,1.9844674545084815,1.3290106694944168,1.359277221598117,98.0,1.344143945546267,0.015133276051850096,0.07587637438774111,1.9844674545084815,completed,False,COMPLETE
27,1.049610960365289,2026-06-12 01:42:54.250043,2026-06-12 01:42:56.218938,0 days 00:00:01.968895,,,,,,,,,,,minkowski,20.0,distance,,KNeighborsRegressor,,,,,,12,,,,,7.4910104974988885,0.6592318760277409,LinearSVR,,-0.05246544903496662,-0.03854105203906579,98.0,-0.045503250537016204,0.006962198497950412,0.03490760215978958,1.9844674545084815,1.0373766215347553,1.0618452991958227,98.0,1.049610960365289,0.012234338830533615,0.061341461710702073,1.9844674545084815,238363835010883.4,330870336831125.0,98.0,284617085921004.2,46253250910120.79,231908079300344.25,1.9844674545084815,3.068544392034268,3.1749855993895646,98.0,3.1217649957119162,0.05322060367764829,0.26684152433029534,1.9844674545084815,0.8877999901635962,0.9210063163750828,98.0,0.9044031532693395,0.016603163105743245,0.08324620627521637,1.9844674545084815,99.0,0.5050505050505051,-0.010494457128555863,0.013698006726208144,98.0,0.0016017747988261407,0.012096231927382003,0.060649010779842194,1.9844674545084815,KNeighborsRegressor,"{'mode': 'proxy', 'type': 'LinearSVR'}",12,"['nodes_T2W40', 'edges_T2W40', 're_T2W40', 'pe_T2W40', 'l2_T2W40', 'l3_T2W40', 'lcc_T2W40', 'lsc_T2W40', 'atd_T2W40', 'density_T2W40', 'diameter_T2W40', 'asp_T2W40']",0.07831062938282955,0.13156957626842283,98.0,0.10494010282562619,0.026629473442796637,0.13351688621625507,1.9844674545084815,1.3114970313091887,1.3436449863807858,98.0,1.3275710088449872,0.01607397753579854,0.08059293527902611,1.9844674545084815,completed,True,COMPLETE
28,1.0536778644973714,2026-06-12 01:42:56.231416,2026-06-12 01:42:58.138090,0 days 00:00:01.906674,,,,0.0001188792504471683,0.9629635936766694,,,,,,,,,,ElasticNet,,,,,,8,,,,,,,,False,-0.06197906183578401,-0.03936122867072392,98.0,-0.050670145253253966,0.011308916582530044,0.05670150901865562,1.9844674545084815,1.0421535353453504,1.0652021936493925,98.0,1.0536778644973714,0.011524329152021026,0.05778156099910733,1.9844674545084815,220358668947297.16,310215977550411.5,98.0,265287323248854.34,44928654301557.18,225266715735723.5,1.9844674545084815,2.99082708769877,3.126992605865944,98.0,3.058909846782357,0.06808275908358691,0.3413585333325811,1.9844674545084815,0.9042356006979311,0.9405278186671411,98.0,0.9223817096825361,0.018146108984605013,0.0909823460749146,1.9844674545084815,99.0,0.36363636363636365,0.002267954050725114,0.041857401171001035,98.0,0.022062677610863075,0.01979472356013796,0.09924829565025006,1.9844674545084815,ElasticNet,"{'mode': 'original', 'type': 'ElasticNet'}",8,"['nodes_T2W40', 'edges_T2W40', 'pe_T2W40', 'l2_T2W40', 'l3_T2W40', 'lcc_T2W40', 'atd_T2W40', 'asp_T2W40']",0.16130829859598964,0.21561686101993335,98.0,0.1884625798079615,0.027154281211971866,0.13614820746084882,1.9844674545084815,1.2965722967644073,1.32674122071585,98.0,1.3116567587401287,0.015084461975721223,0.07563162664752572,1.9844674545084815,completed,False,COMPLETE
29,1.3346490477971962,2026-06-12 01:42:58.150962,2026-06-12 01:42:59.952038,0 days 00:00:01.801076,20.0,5.0,2.0,,,,,,,,,,,,DecisionTreeRegressor,,,,,,13,,,,,,,,True,-0.3562055354611134,-0.30863910982342596,98.0,-0.3324223226422697,0.023783212818843706,0.11924608748317202,1.9844674545084815,1.3145565573247573,1.354741538269635,98.0,1.3346490477971962,0.020092490472438898,0.10074126211967924,1.9844674545084815,214991734998907.84,306900470015786.7,98.0,260946102507347.28,45954367508439.43,230409514891252.9,1.9844674545084815,3.6793936096684754,3.859110478835612,98.0,3.7692520442520436,0.08985843458356818,0.4505390769981773,1.9844674545084815,1.1208845084904042,1.1887355011296057,98.0,1.154810004810005,0.03392549631960075,0.17009824252305644,1.9844674545084815,99.0,1.0,-0.5810609198162426,-0.4825016724798423,98.0,-0.5317812961480425,0.04927962366820018,0.2470819379970419,1.9844674545084815,DecisionTreeRegressor,"{'mode': 'original', 'type': 'DecisionTreeRegressor'}",13,"['nodes_T2W40', 'edges_T2W40', 're_T2W40', 'pe_T2W40', 'l1_T2W40', 'l2_T2W40', 'l3_T2W40', 'lcc_T2W40', 'lsc_T2W40', 'atd_T2W40', 'density_T2W40', 'diameter_T2W40', 'asp_T2W40']",0.017349588052097974,0.06980432739164885,98.0,0.043576957721873415,0.02622736966977544,0.13150078763192047,1.9844674545084815,1.6141233209456334,1.6574651606082225,98.0,1.635794240776928,0.021670919831294457,0.10865531169934609,1.9844674545084815,completed,True,COMPLETE
30,1.0827573419936503,2026-06-12 01:42:59.964003,2026-06-12 01:43:01.775276,0 days 00:00:01.811273,,,,,,,,,,,,,,,LinearRegression,,,,,,12,,,,,,,,False,-0.0926786367466154,-0.06665391771981648,98.0,-0.07966627723321594,0.013012359513399463,0.06524236118628642,1.9844674545084815,1.0695667675937388,1.0959479163935617,98.0,1.0827573419936503,0.013190574399911373,0.0661359085850199,1.9844674545084815,226877818196662.44,317639641683187.9,98.0,272258729939925.16,45380911743262.72,227534278611661.16,1.9844674545084815,3.0767790061165234,3.296563396227106,98.0,3.186671201171815,0.10989219505529145,0.5509858741581992,1.9844674545084815,0.9271778694323795,0.9653191934369721,98.0,0.9462485314346758,0.019070662002296342,0.0956179405536849,1.9844674545084815,99.0,0.5050505050505051,-0.05840529351775283,-0.0009053351213433591,98.0,-0.029655314319548095,0.028749979198204736,0.14414883980234158,1.9844674545084815,LinearRegression,"{'mode': 'original', 'type': 'LinearRegression'}",12,"['nodes_T2W40', 'edges_T2W40', 'pe_T2W40', 'l1_T2W40', 'l2_T2W40', 'l3_T2W40', 'lcc_T2W40', 'lsc_T2W40', 'atd_T2W40', 'density_T2W40', 'diameter_T2W40', 'asp_T2W40']",0.14655927367225505,0.20345184382256146,98.0,0.17500555874740825,0.028446285075153205,0.142626155031307,1.9844674545084815,1.3254850732638102,1.3634683868886643,98.0,1.3444767300762372,0.01899165681242718,0.09522181830331769,1.9844674545084815,completed,False,COMPLETE
31,1.0064955880867807,2026-06-12 01:43:01.788179,2026-06-12 01:43:04.198366,0 days 00:00:02.410187,,,,,,,,,,,,,,0.05384818741964675,QuantileRegressor,,,,,,10,,,,,,,,False,-0.004361282924527389,-0.00042818713952496625,98.0,-0.0023947350320261775,0.0019665478925012113,0.009860027903515523,1.9844674545084815,0.996077152405962,1.0169140237675995,98.0,1.0064955880867807,0.01041843568081878,0.05223674791525152,1.9844674545084815,253746384637906.53,348579130609313.8,98.0,301162757623610.2,47416372985703.65,237739829528331.53,1.9844674545084815,3.0019722738920285,3.052716748866022,98.0,3.027344511379025,0.025372237486996862,0.1272132606331923,1.9844674545084815,0.9816616238400173,0.9903518191398559,98.0,0.9860067214899366,0.004345097649919334,0.021785782199900308,1.9844674545084815,99.0,0.4444444444444444,0.008091049429014886,0.016834995075112515,98.0,0.0124630222520637,0.004371972823048815,0.02192053099395661,1.9844674545084815,QuantileRegressor,"{'mode': 'original', 'type': 'QuantileRegressor'}",10,"['nodes_T2W40', 're_T2W40', 'l2_T2W40', 'l3_T2W40', 'lcc_T2W40', 'lsc_T2W40', 'atd_T2W40', 'density_T2W40', 'diameter_T2W40', 'asp_T2W40']",0.1106227205711165,0.18241634317060107,57.0,0.14651953187085878,0.03589681129974229,0.13652268947482502,2.002465459291007,1.3062902270563355,1.335740323397675,98.0,1.3210152752270052,0.014725048170669792,0.07382957028254776,1.9844674545084815,completed,False,COMPLETE
32,1.0017956505373666,2026-06-12 01:43:04.210816,2026-06-12 01:43:06.504698,0 days 00:00:02.293882,,,,,,,,,,,,,,0.025704077328019093,QuantileRegressor,,,,,,10,,,,,,,,False,-0.001118643947797043,0.005602599762971705,98.0,0.002241977907587331,0.003360621855384374,0.016849742329493572,1.9844674545084815,0.9912141084292798,1.0123771926454534,98.0,1.0017956505373666,0.010581542108086848,0.05305454336800319,1.9844674545084815,244933227425634.44,336870241488353.56,98.0,290901734456994.0,45968507031359.57,230480408710349.12,1.9844674545084815,3.016683921362776,3.082771047497854,98.0,3.049727484430315,0.03304356306753883,0.16567633827779107,1.9844674545084815,0.9799368498601163,0.9894144740981968,98.0,0.9846756619791566,0.004738812119040247,0.023759817852097173,1.9844674545084815,99.0,0.16161616161616163,0.022705970238954674,0.03341392157215595,98.0,0.02805994590555531,0.005353975666600638,0.026844171793997076,1.9844674545084815,QuantileRegressor,"{'mode': 'original', 'type': 'QuantileRegressor'}",10,"['nodes_T2W40', 'edges_T2W40', 're_T2W40', 'l1_T2W40', 'l3_T2W40', 'lsc_T2W40', 'atd_T2W40', 'density_T2W40', 'diameter_T2W40', 'asp_T2W40']",0.15065829240914472,0.2085015152815025,92.0,0.1795799038453236,0.02892161143617888,0.14043192269901325,1.98608631695113,1.29610644005353,1.3245919954431913,98.0,1.3103492177483607,0.014242777694830604,0.07141152576558049,1.9844674545084815,completed,False,COMPLETE
33,1.004040404040404,2026-06-12 01:43:06.517425,2026-06-12 01:43:08.676206,0 days 00:00:02.158781,,,,,,,,,,,,,,0.2710223333056388,QuantileRegressor,,,,,,9,,,,,,,,False,-1.6619058927469467e-16,-8.501138801422963e-17,98.0,-1.2560098864446215e-16,4.058960063023253e-17,2.0351123729695667e-16,1.9844674545084815,0.9940620287322441,1.014018779348564,98.0,1.004040404040404,0.009978375308159955,0.050030339634938165,1.9844674545084815,264040214663104.28,360701551827349.1,98.0,312370883245226.7,48330668582122.414,242323994565514.75,1.9844674545084815,2.969853864095874,3.009944115702106,98.0,2.98989898989899,0.020045125803115973,0.1005037815259212,1.9844674545084815,0.9999999999999996,0.9999999999999998,98.0,0.9999999999999997,1.1411971004736192e-16,5.721821114546775e-16,1.9844674545084815,99.0,0.8585858585858586,-0.002712115930638801,-0.001484740783505033,98.0,-0.002098428357071917,0.000613687573566884,0.003076953590850056,1.9844674545084815,QuantileRegressor,"{'mode': 'original', 'type': 'QuantileRegressor'}",9,"['l1_T2W40', 'l2_T2W40', 'l3_T2W40', 'lcc_T2W40', 'lsc_T2W40', 'atd_T2W40', 'density_T2W40', 'diameter_T2W40', 'asp_T2W40']",,,,,,,,1.3165442642309395,1.3448607882107815,98.0,1.3307025262208605,0.014158261989920996,0.07098777447436015,1.9844674545084815,completed,False,COMPLETE
34,1.0654305141720073,2026-06-12 01:43:08.688256,2026-06-12 01:43:10.563630,0 days 00:00:01.875374,,,,0.002308227598485473,0.9566761854597826,,,,,,,,,,ElasticNet,,,,,,11,,,,,,,,False,-0.07393060966998523,-0.05100264887470515,98.0,-0.06246662927234519,0.011463980397640041,0.05747897980878498,1.9844674545084815,1.053990772593906,1.0768702557501086,98.0,1.0654305141720073,0.011439741578101311,0.057357449365559324,1.9844674545084815,227193967395123.16,318183262960008.25,98.0,272688615177565.7,45494647782442.53,228104537044839.7,1.9844674545084815,3.0205984848941343,3.192535017282988,98.0,3.106566751088561,0.08596826619442663,0.431034253844583,1.9844674545084815,0.9187747710153461,0.9575970709516531,98.0,0.9381859209834996,0.01941114996815356,0.09732510510175672,1.9844674545084815,99.0,0.4444444444444444,-0.015252191557200093,0.025489679005257938,98.0,0.005118743724028922,0.020370935281229016,0.10213734995193015,1.9844674545084815,ElasticNet,"{'mode': 'original', 'type': 'ElasticNet'}",11,"['nodes_T2W40', 'edges_T2W40', 're_T2W40', 'pe_T2W40', 'l1_T2W40', 'l2_T2W40', 'l3_T2W40', 'lcc_T2W40', 'lsc_T2W40', 'atd_T2W40', 'diameter_T2W40']",0.15110886576000904,0.20910380086303104,98.0,0.18010633331152004,0.028997467551511013,0.14538971579559862,1.9844674545084815,1.3077805835188934,1.337753716213184,98.0,1.3227671498660387,0.014986566347145363,0.0751407900739183,1.9844674545084815,completed,False,COMPLETE
35,1.0117662603737112,2026-06-12 01:43:10.576483,2026-06-12 01:43:32.503792,0 days 00:00:21.927309,,,,,,2.0,log2,1.0,2.0,441.0,,,,,ExtraTreesRegressor,,,,,,10,,,,,,,,False,-0.012172098287254136,-0.0036286472993576615,98.0,-0.0079003727933059,0.004271725493948238,0.021417903284784767,1.9844674545084815,1.001584444626469,1.0219480761209534,98.0,1.0117662603737112,0.010181815747242275,0.05105036483427558,1.9844674545084815,252951362055841.5,347884501087028.5,98.0,300417931571435.0,47466569515593.51,237991508720717.84,1.9844674545084815,2.977544397411339,3.030786453822451,98.0,3.004165425616895,0.02662102820555608,0.13347454284126725,1.9844674545084815,0.9581597713702051,0.9706013544929936,98.0,0.9643805629315993,0.006220791561394169,0.031190279479686063,1.9844674545084815,99.0,0.2222222222222222,0.0180024183318727,0.029420242210647724,98.0,0.02371133027126021,0.005708911939387513,0.028623778365997322,1.9844674545084815,ExtraTreesRegressor,"{'mode': 'original', 'type': 'ExtraTreesRegressor'}",10,"['nodes_T2W40', 'edges_T2W40', 'pe_T2W40', 'l1_T2W40', 'l2_T2W40', 'l3_T2W40', 'lcc_T2W40', 'lsc_T2W40', 'atd_T2W40', 'density_T2W40']",0.15940963825897864,0.21509642985955868,98.0,0.18725303405926866,0.027843395800290036,0.1396033427745862,1.9844674545084815,1.2993704374061172,1.3268549578661943,98.0,1.3131126976361558,0.013742260230038491,0.06890199310285433,1.9844674545084815,completed,False,COMPLETE
36,1.0528760135475348,2026-06-12 01:43:32.516155,2026-06-12 01:43:34.054371,0 days 00:00:01.538216,,,,,,,,,,,,,,,LinearRegression,,,,,,8,,,,,,,,False,-0.06176404137729888,-0.037917920080180426,98.0,-0.04984098072873965,0.01192306064855923,0.05978075140625109,1.9844674545084815,1.0406857018735478,1.0650663252215218,98.0,1.0528760135475348,0.012190311673986971,0.061120714993209105,1.9844674545084815,218999772315597.7,308629579651275.44,98.0,263814675983436.56,44814903667838.87,224696384127334.06,1.9844674545084815,2.9725282762398955,3.103660625758515,98.0,3.038094450999205,0.06556617475930968,0.3287406907905603,1.9844674545084815,0.9021285147280532,0.9374068511645953,98.0,0.9197676829463243,0.017639168218271075,0.08844060777271401,1.9844674545084815,99.0,0.36363636363636365,-0.0016866751793601434,0.0420093803406839,98.0,0.020161352580661877,0.02184802776002202,0.10954330894866125,1.9844674545084815,LinearRegression,"{'mode': 'original', 'type': 'LinearRegression'}",8,"['nodes_T2W40', 'edges_T2W40', 'pe_T2W40', 'l2_T2W40', 'l3_T2W40', 'lcc_T2W40', 'atd_T2W40', 'density_T2W40']",0.16758274135367152,0.22422381033439975,98.0,0.19590327584403563,0.028320534490364122,0.14199565715244436,1.9844674545084815,1.2966593861864748,1.3285700027101006,98.0,1.3126146944482877,0.01595530826181281,0.07999794221669033,1.9844674545084815,completed,False,COMPLETE
37,0.9926704321876657,2026-06-12 01:43:34.102242,2026-06-12 01:43:36.468641,0 days 00:00:02.366399,,,,,,,,,,,,,,0.01470400847516321,QuantileRegressor,,,,,,9,,,,,,,,True,0.006247420485805744,0.01590013885978119,98.0,0.011073779672793466,0.004826359186987722,0.024198768022659852,1.9844674545084815,0.9825914605840504,1.002749403791281,98.0,0.9926704321876657,0.010078971603615209,0.050534717018250984,1.9844674545084815,236045026673665.72,325947142323212.06,98.0,280996084498438.9,44951057824773.18,225379044230182.84,1.9844674545084815,3.014227526910902,3.0859362185529835,98.0,3.0500818727319428,0.03585434582104086,0.1797692553564598,1.9844674545084815,0.9930482566308905,0.9997418904211925,98.0,0.9963950735260415,0.0033468168951510547,0.016780525966329222,1.9844674545084815,99.0,0.13131313131313133,0.03468533909831257,0.048431621469864884,98.0,0.04155848028408873,0.006873141185776159,0.0344610798114661,1.9844674545084815,QuantileRegressor,"{'mode': 'original', 'type': 'QuantileRegressor'}",9,"['edges_T2W40', 're_T2W40', 'l2_T2W40', 'l3_T2W40', 'lsc_T2W40', 'atd_T2W40', 'density_T2W40', 'diameter_T2W40', 'asp_T2W40']",0.215874928370259,0.2770650284517411,95.0,0.24646997841100005,0.03059505004074103,0.15099805741924294,1.9852510035054978,1.2871323925764093,1.3148121360075433,98.0,1.3009722642919763,0.013839871715567095,0.0693914050183666,1.9844674545084815,completed,True,COMPLETE
38,1.0525794963374575,2026-06-12 01:43:36.486223,2026-06-12 01:44:06.837736,0 days 00:00:30.351513,,,,,,,,,,,,,,,RandomForestRegressor,2.0,,1.0,12.0,353.0,12,,,,,,,,True,-0.05945828203123506,-0.03872668689374743,98.0,-0.049092484462491245,0.01036579756874381,0.051972826931772464,1.9844674545084815,1.040135837116908,1.065023155558007,98.0,1.0525794963374575,0.012443659220549356,0.06239096825676688,1.9844674545084815,233523247984092.97,323044498096286.4,98.0,278283873040189.7,44760625056096.71,224424237881426.44,1.9844674545084815,2.932537961550745,3.050953503930628,98.0,2.9917457327406867,0.059207771189941624,0.29686044172322507,1.9844674545084815,0.8703774440196208,0.912486215502136,98.0,0.8914318297608784,0.021054385741257578,0.10556408602698254,1.9844674545084815,99.0,0.31313131313131315,0.005514387894128699,0.035191609452937596,98.0,0.020352998673533147,0.014838610779404448,0.07439895915692475,1.9844674545084815,RandomForestRegressor,"{'mode': 'original', 'type': 'RandomForestRegressor'}",12,"['nodes_T2W40', 'edges_T2W40', 're_T2W40', 'pe_T2W40', 'l1_T2W40', 'l2_T2W40', 'l3_T2W40', 'lsc_T2W40', 'atd_T2W40', 'density_T2W40', 'diameter_T2W40', 'asp_T2W40']",0.14926913899921962,0.204643033681442,98.0,0.1769560863403308,0.02768694734111119,0.13881892955035324,1.9844674545084815,1.3000746988174614,1.3275124647404597,98.0,1.3137935817789606,0.0137188829614992,0.06878478236978024,1.9844674545084815,completed,True,COMPLETE
