number,value,datetime_start,datetime_complete,duration,params_dt_max_depth,params_dt_min_samples_leaf,params_dt_min_samples_split,params_elastic_alpha,params_elastic_l1_ratio,params_et_max_depth,params_et_max_features,params_et_min_samples_leaf,params_et_min_samples_split,params_et_n_estimators,params_knn_metric,params_knn_n_neighbors,params_knn_weights,params_quantile_alpha,params_regressor,params_rf_max_depth,params_rf_max_features,params_rf_min_samples_leaf,params_rf_min_samples_split,params_rf_n_estimators,params_rfe_n_features,params_rfe_proxy_et_max_depth,params_rfe_proxy_et_min_samples_leaf,params_rfe_proxy_et_min_samples_split,params_rfe_proxy_et_n_estimators,params_rfe_proxy_lsvr_C,params_rfe_proxy_lsvr_epsilon,params_rfe_proxy_type,params_use_scaler,user_attrs_d2mae_ci_lower_val,user_attrs_d2mae_ci_upper_val,user_attrs_d2mae_df_val,user_attrs_d2mae_mean_val,user_attrs_d2mae_samperror_val,user_attrs_d2mae_std_val,user_attrs_d2mae_t_critical_val,user_attrs_mae_ci_lower_val,user_attrs_mae_ci_upper_val,user_attrs_mae_df_val,user_attrs_mae_mean_val,user_attrs_mae_samperror_val,user_attrs_mae_std_val,user_attrs_mae_t_critical_val,user_attrs_mape_ci_lower_val,user_attrs_mape_ci_upper_val,user_attrs_mape_df_val,user_attrs_mape_mean_val,user_attrs_mape_samperror_val,user_attrs_mape_std_val,user_attrs_mape_t_critical_val,user_attrs_max_error_ci_lower_val,user_attrs_max_error_ci_upper_val,user_attrs_max_error_df_val,user_attrs_max_error_mean_val,user_attrs_max_error_samperror_val,user_attrs_max_error_std_val,user_attrs_max_error_t_critical_val,user_attrs_median_ae_ci_lower_val,user_attrs_median_ae_ci_upper_val,user_attrs_median_ae_df_val,user_attrs_median_ae_mean_val,user_attrs_median_ae_samperror_val,user_attrs_median_ae_std_val,user_attrs_median_ae_t_critical_val,user_attrs_n_splits_val,user_attrs_r2_below_zero_val,user_attrs_r2_ci_lower_val,user_attrs_r2_ci_upper_val,user_attrs_r2_df_val,user_attrs_r2_mean_val,user_attrs_r2_samperror_val,user_attrs_r2_std_val,user_attrs_r2_t_critical_val,user_attrs_regressor_final,user_attrs_rfe_estimator,user_attrs_rfe_n_features,user_attrs_rfe_selected_features,user_attrs_rho_ci_lower_val,user_attrs_rho_ci_upper_val,user_attrs_rho_df_val,user_attrs_rho_mean_val,user_attrs_rho_samperror_val,user_attrs_rho_std_val,user_attrs_rho_t_critical_val,user_attrs_rmse_ci_lower_val,user_attrs_rmse_ci_upper_val,user_attrs_rmse_df_val,user_attrs_rmse_mean_val,user_attrs_rmse_samperror_val,user_attrs_rmse_std_val,user_attrs_rmse_t_critical_val,user_attrs_termination_reason,user_attrs_use_scaler_final,state
224,0.9880772011048664,2026-06-12 01:50:09.113484,2026-06-12 01:50:11.325556,0 days 00:00:02.212072,,,,,,,,,,,,,,0.00404781127578439,QuantileRegressor,,,,,,2,,,,,,,,True,0.010821847345602917,0.0206375190340363,98.0,0.01572968318981961,0.004907835844216692,0.02460728190468946,1.9844674545084815,0.9776848283790018,0.998469573830731,98.0,0.9880772011048664,0.010392372725864579,0.052106071482668104,1.9844674545084815,231680814072683.25,320469685933857.5,98.0,276075250003270.38,44394435930587.11,222588210897666.4,1.9844674545084815,3.025131827956602,3.1147463065206225,98.0,3.069939067238612,0.044807239282010414,0.2246579558447481,1.9844674545084815,0.9960081915772234,1.0003540373873798,98.0,0.9981811144823016,0.0021729229050781837,0.010894766691396867,1.9844674545084815,99.0,0.10101010101010101,0.03720819658802877,0.05260666196913439,98.0,0.04490742927858158,0.007699232690552807,0.03860300044254469,1.9844674545084815,QuantileRegressor,"{'mode': 'original', 'type': 'QuantileRegressor'}",2,"['edges_T2W40', 'atd_T2W40']",0.25734210049311157,0.31069504817311666,98.0,0.2840185743331141,0.02667647384000256,0.1337525403946729,1.9844674545084815,1.284830511447222,1.312318242669962,98.0,1.298574377058592,0.013743865611370023,0.06891004228629148,1.9844674545084815,completed,True,COMPLETE
225,0.9881592349990593,2026-06-12 01:50:11.338048,2026-06-12 01:50:13.638373,0 days 00:00:02.300325,,,,,,,,,,,,,,0.004399004657776632,QuantileRegressor,,,,,,2,,,,,,,,True,0.010735890737249447,0.02055891733020712,98.0,0.015647404033728284,0.004911513296478837,0.024625720195491765,1.9844674545084815,0.9777666350578755,0.9985518349402431,98.0,0.9881592349990593,0.010392599941183786,0.052107210712175826,1.9844674545084815,231731590240414.25,320559524928791.44,98.0,276145557584602.84,44413967344188.6,222686138989751.12,1.9844674545084815,3.025131827956602,3.1147463065206225,98.0,3.069939067238612,0.0448072392820104,0.22465795584474804,1.9844674545084815,0.9960081915772233,1.0003540373873798,98.0,0.9981811144823015,0.0021729229050782067,0.010894766691396983,1.9844674545084815,99.0,0.10101010101010101,0.037026126530857954,0.05241552707647875,98.0,0.04472082680366835,0.007694700272810399,0.03858027546056945,1.9844674545084815,QuantileRegressor,"{'mode': 'original', 'type': 'QuantileRegressor'}",2,"['edges_T2W40', 'atd_T2W40']",0.25734210049311157,0.31069504817311666,98.0,0.2840185743331141,0.02667647384000256,0.1337525403946729,1.9844674545084815,1.2849537323346913,1.3124528048865365,98.0,1.298703268610614,0.013749536275922482,0.06893847429698999,1.9844674545084815,completed,True,COMPLETE
226,0.9881592349990592,2026-06-12 01:50:13.652392,2026-06-12 01:50:15.921731,0 days 00:00:02.269339,,,,,,,,,,,,,,0.00424703351778107,QuantileRegressor,,,,,,2,,,,,,,,True,0.01073589073724949,0.020558917330207163,98.0,0.015647404033728326,0.004911513296478836,0.024625720195491755,1.9844674545084815,0.9777666350578754,0.998551834940243,98.0,0.9881592349990592,0.010392599941183786,0.052107210712175826,1.9844674545084815,231731590240414.25,320559524928791.44,98.0,276145557584602.84,44413967344188.6,222686138989751.12,1.9844674545084815,3.025131827956602,3.1147463065206225,98.0,3.069939067238612,0.044807239282010414,0.2246579558447481,1.9844674545084815,0.9960081915772234,1.0003540373873798,98.0,0.9981811144823016,0.0021729229050781976,0.010894766691396936,1.9844674545084815,99.0,0.10101010101010101,0.03702612653085799,0.05241552707647877,98.0,0.04472082680366838,0.00769470027281039,0.0385802754605694,1.9844674545084815,QuantileRegressor,"{'mode': 'original', 'type': 'QuantileRegressor'}",2,"['edges_T2W40', 'atd_T2W40']",0.25734210049311157,0.31069504817311666,98.0,0.2840185743331141,0.02667647384000256,0.1337525403946729,1.9844674545084815,1.2849537323346913,1.3124528048865365,98.0,1.298703268610614,0.013749536275922479,0.06893847429698997,1.9844674545084815,completed,True,COMPLETE
227,0.9881172872812977,2026-06-12 01:50:15.934741,2026-06-12 01:50:18.123882,0 days 00:00:02.189141,,,,,,,,,,,,,,0.004155905385652239,QuantileRegressor,,,,,,2,,,,,,,,True,0.010781515409304554,0.020601090206955594,98.0,0.015691302808130074,0.00490978739882552,0.024617066758123057,1.9844674545084815,0.9777177208676352,0.9985168536949601,98.0,0.9881172872812977,0.010399566413662506,0.05214213974354657,1.9844674545084815,231731590240414.2,320559524928791.4,98.0,276145557584602.78,44413967344188.61,222686138989751.16,1.9844674545084815,3.025131827956602,3.1147463065206225,98.0,3.069939067238612,0.04480723928201041,0.22465795584474807,1.9844674545084815,0.9960081915772234,1.0003540373873798,98.0,0.9981811144823016,0.0021729229050782015,0.010894766691396955,1.9844674545084815,99.0,0.10101010101010101,0.03707848220065738,0.05245783016923904,98.0,0.04476815618494821,0.007689673984290829,0.038555074271601174,1.9844674545084815,QuantileRegressor,"{'mode': 'original', 'type': 'QuantileRegressor'}",2,"['edges_T2W40', 'atd_T2W40']",0.25734210049311157,0.31069504817311666,98.0,0.2840185743331141,0.02667647384000256,0.1337525403946729,1.9844674545084815,1.2849192941079848,1.3124264443005476,98.0,1.2986728692042662,0.013753575096281436,0.06895872444273443,1.9844674545084815,completed,True,COMPLETE
228,0.9881172872812977,2026-06-12 01:50:18.137258,2026-06-12 01:50:20.279126,0 days 00:00:02.141868,,,,,,,,,,,,,,0.0042014498369522205,QuantileRegressor,,,,,,2,,,,,,,,True,0.010781515409304557,0.020601090206955597,98.0,0.015691302808130077,0.00490978739882552,0.024617066758123057,1.9844674545084815,0.9777177208676352,0.9985168536949601,98.0,0.9881172872812977,0.01039956641366251,0.05214213974354659,1.9844674545084815,231731590240414.25,320559524928791.44,98.0,276145557584602.84,44413967344188.6,222686138989751.12,1.9844674545084815,3.025131827956602,3.1147463065206225,98.0,3.069939067238612,0.044807239282010435,0.2246579558447482,1.9844674545084815,0.9960081915772234,1.0003540373873798,98.0,0.9981811144823016,0.0021729229050782037,0.010894766691396968,1.9844674545084815,99.0,0.10101010101010101,0.037078482200657376,0.05245783016923905,98.0,0.04476815618494821,0.007689673984290836,0.03855507427160121,1.9844674545084815,QuantileRegressor,"{'mode': 'original', 'type': 'QuantileRegressor'}",2,"['edges_T2W40', 'atd_T2W40']",0.25734210049311157,0.31069504817311666,98.0,0.2840185743331141,0.02667647384000256,0.1337525403946729,1.9844674545084815,1.2849192941079848,1.3124264443005476,98.0,1.2986728692042662,0.013753575096281442,0.06895872444273446,1.9844674545084815,completed,True,COMPLETE
229,1.0406608538795257,2026-06-12 01:50:20.292755,2026-06-12 01:50:22.386360,0 days 00:00:02.093605,,,,,,16.0,sqrt,2.0,10.0,374.0,,,,,ExtraTreesRegressor,,,,,,3,,,,,,,,True,,,,,,,,,,,,,,,,,,,,,,,,,,,,,,,,,,,,,,,,,,,,,ExtraTreesRegressor,"{'mode': 'original', 'type': 'ExtraTreesRegressor'}",3,"['edges_T2W40', 'l3_T2W40', 'lsc_T2W40']",,,,,,,,,,,,,,,pruned,True,PRUNED
230,0.9881172872812977,2026-06-12 01:50:22.396314,2026-06-12 01:50:24.537000,0 days 00:00:02.140686,,,,,,,,,,,,,,0.004169101024090721,QuantileRegressor,,,,,,2,,,,,,,,True,0.010781515409304557,0.020601090206955597,98.0,0.015691302808130077,0.004909787398825519,0.024617066758123054,1.9844674545084815,0.9777177208676352,0.9985168536949601,98.0,0.9881172872812977,0.010399566413662506,0.052142139743546576,1.9844674545084815,231731590240414.2,320559524928791.4,98.0,276145557584602.78,44413967344188.61,222686138989751.16,1.9844674545084815,3.025131827956602,3.1147463065206225,98.0,3.069939067238612,0.0448072392820104,0.22465795584474804,1.9844674545084815,0.9960081915772234,1.0003540373873798,98.0,0.9981811144823016,0.002172922905078204,0.010894766691396971,1.9844674545084815,99.0,0.10101010101010101,0.03707848220065737,0.052457830169239016,98.0,0.04476815618494819,0.007689673984290826,0.03855507427160116,1.9844674545084815,QuantileRegressor,"{'mode': 'original', 'type': 'QuantileRegressor'}",2,"['edges_T2W40', 'atd_T2W40']",0.25734210049311157,0.31069504817311666,98.0,0.2840185743331141,0.02667647384000256,0.1337525403946729,1.9844674545084815,1.2849192941079848,1.3124264443005476,98.0,1.2986728692042662,0.013753575096281436,0.06895872444273443,1.9844674545084815,completed,True,COMPLETE
231,0.9881592349990592,2026-06-12 01:50:24.583180,2026-06-12 01:50:26.765787,0 days 00:00:02.182607,,,,,,,,,,,,,,0.004322554082474138,QuantileRegressor,,,,,,2,,,,,,,,True,0.010735890737249471,0.020558917330207153,98.0,0.015647404033728312,0.00491151329647884,0.02462572019549178,1.9844674545084815,0.9777666350578754,0.998551834940243,98.0,0.9881592349990592,0.010392599941183788,0.05210721071217584,1.9844674545084815,231731590240414.16,320559524928791.4,98.0,276145557584602.78,44413967344188.62,222686138989751.2,1.9844674545084815,3.025131827956602,3.1147463065206225,98.0,3.069939067238612,0.04480723928201037,0.2246579558447479,1.9844674545084815,0.9960081915772234,1.0003540373873798,98.0,0.9981811144823016,0.002172922905078203,0.010894766691396962,1.9844674545084815,99.0,0.10101010101010101,0.03702612653085799,0.05241552707647877,98.0,0.04472082680366838,0.0076947002728103946,0.03858027546056942,1.9844674545084815,QuantileRegressor,"{'mode': 'original', 'type': 'QuantileRegressor'}",2,"['edges_T2W40', 'atd_T2W40']",0.25734210049311157,0.31069504817311666,98.0,0.2840185743331141,0.02667647384000256,0.1337525403946729,1.9844674545084815,1.2849537323346913,1.3124528048865365,98.0,1.298703268610614,0.013749536275922479,0.06893847429698997,1.9844674545084815,completed,True,COMPLETE
232,0.9881592349990592,2026-06-12 01:50:26.779214,2026-06-12 01:50:28.943197,0 days 00:00:02.163983,,,,,,,,,,,,,,0.004290088662781333,QuantileRegressor,,,,,,2,,,,,,,,True,0.010735890737249475,0.02055891733020715,98.0,0.015647404033728312,0.0049115132964788364,0.024625720195491762,1.9844674545084815,0.9777666350578754,0.998551834940243,98.0,0.9881592349990592,0.010392599941183786,0.052107210712175826,1.9844674545084815,231731590240414.25,320559524928791.44,98.0,276145557584602.84,44413967344188.61,222686138989751.16,1.9844674545084815,3.025131827956602,3.1147463065206225,98.0,3.069939067238612,0.0448072392820104,0.22465795584474804,1.9844674545084815,0.9960081915772234,1.0003540373873798,98.0,0.9981811144823016,0.0021729229050781993,0.010894766691396945,1.9844674545084815,99.0,0.10101010101010101,0.03702612653085801,0.05241552707647879,98.0,0.0447208268036684,0.007694700272810391,0.038580275460569406,1.9844674545084815,QuantileRegressor,"{'mode': 'original', 'type': 'QuantileRegressor'}",2,"['edges_T2W40', 'atd_T2W40']",0.25734210049311157,0.31069504817311666,98.0,0.2840185743331141,0.02667647384000256,0.1337525403946729,1.9844674545084815,1.2849537323346913,1.3124528048865365,98.0,1.298703268610614,0.013749536275922479,0.06893847429698997,1.9844674545084815,completed,True,COMPLETE
233,0.9881592349990593,2026-06-12 01:50:28.957511,2026-06-12 01:50:31.334728,0 days 00:00:02.377217,,,,,,,,,,,,,,0.004458584740470621,QuantileRegressor,,,,,,2,,,,,,,,True,0.010735890737249457,0.02055891733020714,98.0,0.015647404033728298,0.004911513296478841,0.024625720195491783,1.9844674545084815,0.9777666350578755,0.9985518349402431,98.0,0.9881592349990593,0.010392599941183786,0.052107210712175826,1.9844674545084815,231731590240414.2,320559524928791.4,98.0,276145557584602.78,44413967344188.61,222686138989751.16,1.9844674545084815,3.025131827956602,3.1147463065206225,98.0,3.069939067238612,0.04480723928201043,0.22465795584474818,1.9844674545084815,0.9960081915772234,1.0003540373873798,98.0,0.9981811144823016,0.002172922905078195,0.010894766691396923,1.9844674545084815,99.0,0.10101010101010101,0.037026126530857975,0.05241552707647877,98.0,0.04472082680366837,0.007694700272810399,0.03858027546056945,1.9844674545084815,QuantileRegressor,"{'mode': 'original', 'type': 'QuantileRegressor'}",2,"['edges_T2W40', 'atd_T2W40']",0.25734210049311157,0.31069504817311666,98.0,0.2840185743331141,0.02667647384000256,0.1337525403946729,1.9844674545084815,1.2849537323346913,1.3124528048865365,98.0,1.298703268610614,0.013749536275922477,0.06893847429698996,1.9844674545084815,completed,True,COMPLETE
234,0.9880772011048664,2026-06-12 01:50:31.348060,2026-06-12 01:50:33.618532,0 days 00:00:02.270472,,,,,,,,,,,,,,0.004058213487158941,QuantileRegressor,,,,,,2,,,,,,,,True,0.010821847345602915,0.020637519034036295,98.0,0.015729683189819606,0.004907835844216691,0.024607281904689454,1.9844674545084815,0.9776848283790018,0.998469573830731,98.0,0.9880772011048664,0.010392372725864577,0.05210607148266809,1.9844674545084815,231680814072683.25,320469685933857.5,98.0,276075250003270.38,44394435930587.11,222588210897666.4,1.9844674545084815,3.025131827956602,3.1147463065206225,98.0,3.069939067238612,0.04480723928201043,0.22465795584474818,1.9844674545084815,0.9960081915772234,1.0003540373873798,98.0,0.9981811144823016,0.0021729229050781863,0.010894766691396881,1.9844674545084815,99.0,0.10101010101010101,0.03720819658802877,0.05260666196913439,98.0,0.04490742927858158,0.007699232690552811,0.03860300044254471,1.9844674545084815,QuantileRegressor,"{'mode': 'original', 'type': 'QuantileRegressor'}",2,"['edges_T2W40', 'atd_T2W40']",0.25734210049311157,0.31069504817311666,98.0,0.2840185743331141,0.02667647384000256,0.1337525403946729,1.9844674545084815,1.284830511447222,1.312318242669962,98.0,1.298574377058592,0.013743865611370023,0.06891004228629148,1.9844674545084815,completed,True,COMPLETE
235,0.989157855646712,2026-06-12 01:50:33.631149,2026-06-12 01:50:35.898928,0 days 00:00:02.267779,,,,,,,,,,,,,,0.004938787256880439,QuantileRegressor,,,,,,2,,,,,,,,True,0.009736533585169127,0.01947601461813212,98.0,0.014606274101650624,0.0048697405164814965,0.024416276643187868,1.9844674545084815,0.9789361568591319,0.999379554434292,98.0,0.989157855646712,0.010221698787580002,0.05125033346565575,1.9844674545084815,232053109678244.8,321042509207552.9,98.0,276547809442898.84,44494699764654.05,223090921360698.16,1.9844674545084815,3.018833073302603,3.1058779280265307,98.0,3.062355500664567,0.043522427361963885,0.2182160677876433,1.9844674545084815,0.9906033966790847,0.9985601491880204,98.0,0.9945817729335525,0.003978376254467851,0.019947086480484696,1.9844674545084815,99.0,0.09090909090909091,0.039404237077319396,0.054229336316458876,98.0,0.046816786696889136,0.007412549619569744,0.03716560698259528,1.9844674545084815,QuantileRegressor,"{'mode': 'original', 'type': 'QuantileRegressor'}",2,"['edges_T2W40', 'l3_T2W40']",0.2487828027033738,0.3036765405797501,98.0,0.2762296716415619,0.027446868938188134,0.1376152061318292,1.9844674545084815,1.2835179896187219,1.3111435054835843,98.0,1.297330747551153,0.013812757932431266,0.06925545986325059,1.9844674545084815,completed,True,COMPLETE
236,0.9880772011048664,2026-06-12 01:50:35.912564,2026-06-12 01:50:38.126517,0 days 00:00:02.213953,,,,,,,,,,,,,,0.004087372612736934,QuantileRegressor,,,,,,2,,,,,,,,True,0.010821847345602919,0.0206375190340363,98.0,0.01572968318981961,0.004907835844216691,0.024607281904689454,1.9844674545084815,0.9776848283790018,0.998469573830731,98.0,0.9880772011048664,0.01039237272586458,0.05210607148266811,1.9844674545084815,231680814072683.25,320469685933857.5,98.0,276075250003270.38,44394435930587.11,222588210897666.4,1.9844674545084815,3.025131827956602,3.1147463065206225,98.0,3.069939067238612,0.044807239282010414,0.2246579558447481,1.9844674545084815,0.9960081915772234,1.0003540373873798,98.0,0.9981811144823016,0.0021729229050781998,0.010894766691396947,1.9844674545084815,99.0,0.10101010101010101,0.03720819658802878,0.05260666196913438,98.0,0.04490742927858158,0.007699232690552806,0.03860300044254468,1.9844674545084815,QuantileRegressor,"{'mode': 'original', 'type': 'QuantileRegressor'}",2,"['edges_T2W40', 'atd_T2W40']",0.25734210049311157,0.31069504817311666,98.0,0.2840185743331141,0.02667647384000256,0.1337525403946729,1.9844674545084815,1.284830511447222,1.312318242669962,98.0,1.298574377058592,0.013743865611370022,0.06891004228629147,1.9844674545084815,completed,True,COMPLETE
237,0.9880772011048664,2026-06-12 01:50:38.139814,2026-06-12 01:50:40.426300,0 days 00:00:02.286486,,,,,,,,,,,,,,0.003900452623140964,QuantileRegressor,,,,,,2,,,,,,,,True,0.010821847345602924,0.02063751903403631,98.0,0.015729683189819616,0.004907835844216692,0.02460728190468946,1.9844674545084815,0.9776848283790018,0.998469573830731,98.0,0.9880772011048664,0.010392372725864579,0.052106071482668104,1.9844674545084815,231680814072683.3,320469685933857.56,98.0,276075250003270.44,44394435930587.11,222588210897666.4,1.9844674545084815,3.025131827956602,3.1147463065206225,98.0,3.069939067238612,0.04480723928201039,0.22465795584474801,1.9844674545084815,0.9960081915772234,1.0003540373873798,98.0,0.9981811144823016,0.002172922905078192,0.010894766691396909,1.9844674545084815,99.0,0.10101010101010101,0.037208196588028764,0.05260666196913438,98.0,0.04490742927858157,0.0076992326905528105,0.0386030004425447,1.9844674545084815,QuantileRegressor,"{'mode': 'original', 'type': 'QuantileRegressor'}",2,"['edges_T2W40', 'atd_T2W40']",0.25734210049311157,0.31069504817311666,98.0,0.2840185743331141,0.02667647384000256,0.1337525403946729,1.9844674545084815,1.2848305114472223,1.3123182426699622,98.0,1.2985743770585922,0.013743865611370023,0.06891004228629148,1.9844674545084815,completed,True,COMPLETE
238,0.9880540526997614,2026-06-12 01:50:40.439754,2026-06-12 01:50:42.816385,0 days 00:00:02.376631,,,,,,,,,,,,,,0.003843925373365874,QuantileRegressor,,,,,,2,,,,,,,,True,0.010844930403169924,0.020656953455233322,98.0,0.015750941929201623,0.004906011526031698,0.024598134998947918,1.9844674545084815,0.9776701952643966,0.9984379101351263,98.0,0.9880540526997614,0.010383857435364876,0.052063376869303346,1.9844674545084815,231540602353441.66,320045521132767.4,98.0,275793061743104.5,44252459389662.84,221876358081624.7,1.9844674545084815,3.025131827956602,3.1147463065206225,98.0,3.069939067238612,0.04480723928201038,0.22465795584474793,1.9844674545084815,0.9960081915772234,1.0003540373873798,98.0,0.9981811144823016,0.0021729229050782037,0.010894766691396968,1.9844674545084815,99.0,0.10101010101010101,0.037339146635670624,0.05275777339316879,98.0,0.04504846001441971,0.007709313378749086,0.038653543766346235,1.9844674545084815,QuantileRegressor,"{'mode': 'original', 'type': 'QuantileRegressor'}",2,"['edges_T2W40', 'atd_T2W40']",0.25734210049311157,0.31069504817311666,98.0,0.2840185743331141,0.02667647384000256,0.1337525403946729,1.9844674545084815,1.2847631032174267,1.3121722587630786,98.0,1.2984676809902527,0.013704577772825896,0.0687130579230878,1.9844674545084815,completed,True,COMPLETE
239,1.0291673466138493,2026-06-12 01:50:42.830188,2026-06-12 01:50:43.031216,0 days 00:00:00.201028,,,,,,,,,,,,,,0.0017405841736796868,QuantileRegressor,,,,,,2,,,,,,,,True,,,,,,,,,,,,,,,,,,,,,,,,,,,,,,,,,,,,,,,,,,,,,QuantileRegressor,"{'mode': 'original', 'type': 'QuantileRegressor'}",2,"['lcc_T2W40', 'atd_T2W40']",,,,,,,,,,,,,,,pruned,True,PRUNED
