number,value,datetime_start,datetime_complete,duration,params_dt_max_depth,params_dt_min_samples_leaf,params_dt_min_samples_split,params_elastic_alpha,params_elastic_l1_ratio,params_et_max_depth,params_et_max_features,params_et_min_samples_leaf,params_et_min_samples_split,params_et_n_estimators,params_knn_metric,params_knn_n_neighbors,params_knn_weights,params_quantile_alpha,params_regressor,params_rf_max_depth,params_rf_max_features,params_rf_min_samples_leaf,params_rf_min_samples_split,params_rf_n_estimators,params_rfe_n_features,params_rfe_proxy_et_max_depth,params_rfe_proxy_et_min_samples_leaf,params_rfe_proxy_et_min_samples_split,params_rfe_proxy_et_n_estimators,params_rfe_proxy_lsvr_C,params_rfe_proxy_lsvr_epsilon,params_rfe_proxy_type,params_use_scaler,user_attrs_d2mae_ci_lower_val,user_attrs_d2mae_ci_upper_val,user_attrs_d2mae_df_val,user_attrs_d2mae_mean_val,user_attrs_d2mae_samperror_val,user_attrs_d2mae_std_val,user_attrs_d2mae_t_critical_val,user_attrs_mae_ci_lower_val,user_attrs_mae_ci_upper_val,user_attrs_mae_df_val,user_attrs_mae_mean_val,user_attrs_mae_samperror_val,user_attrs_mae_std_val,user_attrs_mae_t_critical_val,user_attrs_mape_ci_lower_val,user_attrs_mape_ci_upper_val,user_attrs_mape_df_val,user_attrs_mape_mean_val,user_attrs_mape_samperror_val,user_attrs_mape_std_val,user_attrs_mape_t_critical_val,user_attrs_max_error_ci_lower_val,user_attrs_max_error_ci_upper_val,user_attrs_max_error_df_val,user_attrs_max_error_mean_val,user_attrs_max_error_samperror_val,user_attrs_max_error_std_val,user_attrs_max_error_t_critical_val,user_attrs_median_ae_ci_lower_val,user_attrs_median_ae_ci_upper_val,user_attrs_median_ae_df_val,user_attrs_median_ae_mean_val,user_attrs_median_ae_samperror_val,user_attrs_median_ae_std_val,user_attrs_median_ae_t_critical_val,user_attrs_n_splits_val,user_attrs_r2_below_zero_val,user_attrs_r2_ci_lower_val,user_attrs_r2_ci_upper_val,user_attrs_r2_df_val,user_attrs_r2_mean_val,user_attrs_r2_samperror_val,user_attrs_r2_std_val,user_attrs_r2_t_critical_val,user_attrs_regressor_final,user_attrs_rfe_estimator,user_attrs_rfe_n_features,user_attrs_rfe_selected_features,user_attrs_rho_ci_lower_val,user_attrs_rho_ci_upper_val,user_attrs_rho_df_val,user_attrs_rho_mean_val,user_attrs_rho_samperror_val,user_attrs_rho_std_val,user_attrs_rho_t_critical_val,user_attrs_rmse_ci_lower_val,user_attrs_rmse_ci_upper_val,user_attrs_rmse_df_val,user_attrs_rmse_mean_val,user_attrs_rmse_samperror_val,user_attrs_rmse_std_val,user_attrs_rmse_t_critical_val,user_attrs_termination_reason,user_attrs_use_scaler_final,state
207,0.9880772011048664,2026-06-12 01:49:34.459330,2026-06-12 01:49:36.620935,0 days 00:00:02.161605,,,,,,,,,,,,,,0.003932975758964933,QuantileRegressor,,,,,,2,,,,,,,,True,0.010821847345602945,0.02063751903403633,98.0,0.015729683189819637,0.004907835844216692,0.02460728190468946,1.9844674545084815,0.9776848283790018,0.998469573830731,98.0,0.9880772011048664,0.010392372725864579,0.052106071482668104,1.9844674545084815,231680814072683.25,320469685933857.5,98.0,276075250003270.38,44394435930587.11,222588210897666.4,1.9844674545084815,3.025131827956602,3.1147463065206225,98.0,3.069939067238612,0.04480723928201039,0.22465795584474801,1.9844674545084815,0.9960081915772234,1.0003540373873798,98.0,0.9981811144823016,0.0021729229050782006,0.010894766691396952,1.9844674545084815,99.0,0.10101010101010101,0.037208196588028764,0.05260666196913438,98.0,0.04490742927858157,0.007699232690552813,0.038603000442544715,1.9844674545084815,QuantileRegressor,"{'mode': 'original', 'type': 'QuantileRegressor'}",2,"['edges_T2W40', 'atd_T2W40']",0.25734210049311157,0.31069504817311666,98.0,0.2840185743331141,0.02667647384000256,0.1337525403946729,1.9844674545084815,1.284830511447222,1.312318242669962,98.0,1.298574377058592,0.013743865611370022,0.06891004228629147,1.9844674545084815,completed,True,COMPLETE
208,0.9896402697170483,2026-06-12 01:49:36.634005,2026-06-12 01:49:38.714261,0 days 00:00:02.080256,,,,,,,,,,,,,,0.004265455317386241,QuantileRegressor,,,,,,2,,,,,,,,False,0.00941262947253511,0.01884613883082722,98.0,0.014129384151681166,0.004716754679146056,0.023649224576608615,1.9844674545084815,0.9794868002484161,0.9997937391856806,98.0,0.9896402697170483,0.010153469468632216,0.05090824009929111,1.9844674545084815,233698494080457.9,322991143579519.75,98.0,278344818829988.8,44646324749530.914,223851150281365.12,1.9844674545084815,3.021745981004855,3.1047937509665604,98.0,3.0632698659857076,0.04152388498085298,0.20819562347542844,1.9844674545084815,0.9956884423712301,1.000634623381273,98.0,0.9981615328762516,0.002473090505021531,0.012399769911739678,1.9844674545084815,99.0,0.12121212121212122,0.035318278879971104,0.05042827537320296,98.0,0.042873277126587034,0.0075549982466159285,0.03787982678006303,1.9844674545084815,QuantileRegressor,"{'mode': 'original', 'type': 'QuantileRegressor'}",2,"['edges_T2W40', 'l2_T2W40']",0.2373627711121175,0.2995621691161588,97.0,0.26846247011413815,0.031099699002020646,0.15512053014252486,1.9847231860139845,1.2861744091445633,1.313812161270094,98.0,1.2999932852073286,0.013818876062765256,0.06928613541203356,1.9844674545084815,completed,False,COMPLETE
209,1.0599566165268643,2026-06-12 01:49:38.727073,2026-06-12 01:49:38.840799,0 days 00:00:00.113726,,,,,,,,,,,,,,,LinearRegression,,,,,,2,,,,,,,,True,,,,,,,,,,,,,,,,,,,,,,,,,,,,,,,,,,,,,,,,,,,,,LinearRegression,"{'mode': 'original', 'type': 'LinearRegression'}",2,"['nodes_T2W40', 'lcc_T2W40']",,,,,,,,,,,,,,,pruned,True,PRUNED
210,1.0271701441836116,2026-06-12 01:49:38.851510,2026-06-12 01:49:38.993373,0 days 00:00:00.141863,,,,0.0067466635949990795,0.25249665436400703,,,,,,,,,,ElasticNet,,,,,,2,,,,,,,,True,,,,,,,,,,,,,,,,,,,,,,,,,,,,,,,,,,,,,,,,,,,,,ElasticNet,"{'mode': 'original', 'type': 'ElasticNet'}",2,"['edges_T2W40', 'l3_T2W40']",,,,,,,,,,,,,,,pruned,True,PRUNED
211,0.9880540526997614,2026-06-12 01:49:39.003875,2026-06-12 01:49:41.252606,0 days 00:00:02.248731,,,,,,,,,,,,,,0.0035873131370898425,QuantileRegressor,,,,,,2,,,,,,,,True,0.01084493040316992,0.02065695345523331,98.0,0.015750941929201616,0.004906011526031696,0.024598134998947908,1.9844674545084815,0.9776701952643966,0.9984379101351263,98.0,0.9880540526997614,0.010383857435364872,0.05206337686930333,1.9844674545084815,231540602353441.66,320045521132767.4,98.0,275793061743104.5,44252459389662.84,221876358081624.72,1.9844674545084815,3.025131827956602,3.1147463065206225,98.0,3.069939067238612,0.0448072392820104,0.22465795584474804,1.9844674545084815,0.9960081915772234,1.0003540373873798,98.0,0.9981811144823016,0.0021729229050782054,0.010894766691396978,1.9844674545084815,99.0,0.10101010101010101,0.037339146635670596,0.05275777339316876,98.0,0.04504846001441968,0.007709313378749085,0.03865354376634623,1.9844674545084815,QuantileRegressor,"{'mode': 'original', 'type': 'QuantileRegressor'}",2,"['edges_T2W40', 'atd_T2W40']",0.25734210049311157,0.31069504817311666,98.0,0.2840185743331141,0.02667647384000256,0.1337525403946729,1.9844674545084815,1.2847631032174267,1.3121722587630786,98.0,1.2984676809902527,0.013704577772825896,0.0687130579230878,1.9844674545084815,completed,True,COMPLETE
212,0.9880772011048662,2026-06-12 01:49:41.265566,2026-06-12 01:49:43.581206,0 days 00:00:02.315640,,,,,,,,,,,,,,0.004023784534246748,QuantileRegressor,,,,,,2,,,,,,,,True,0.010821847345602917,0.020637519034036295,98.0,0.015729683189819606,0.004907835844216689,0.024607281904689443,1.9844674545084815,0.9776848283790016,0.9984695738307308,98.0,0.9880772011048662,0.010392372725864584,0.052106071482668125,1.9844674545084815,231680814072683.25,320469685933857.44,98.0,276075250003270.34,44394435930587.1,222588210897666.38,1.9844674545084815,3.025131827956602,3.1147463065206225,98.0,3.069939067238612,0.044807239282010435,0.2246579558447482,1.9844674545084815,0.9960081915772234,1.0003540373873798,98.0,0.9981811144823016,0.0021729229050781954,0.010894766691396926,1.9844674545084815,99.0,0.10101010101010101,0.037208196588028764,0.05260666196913437,98.0,0.044907429278581566,0.007699232690552806,0.03860300044254468,1.9844674545084815,QuantileRegressor,"{'mode': 'original', 'type': 'QuantileRegressor'}",2,"['edges_T2W40', 'atd_T2W40']",0.25734210049311157,0.31069504817311666,98.0,0.2840185743331141,0.02667647384000256,0.1337525403946729,1.9844674545084815,1.284830511447222,1.312318242669962,98.0,1.298574377058592,0.013743865611370023,0.06891004228629148,1.9844674545084815,completed,True,COMPLETE
213,0.9880772011048664,2026-06-12 01:49:43.593772,2026-06-12 01:49:45.797931,0 days 00:00:02.204159,,,,,,,,,,,,,,0.0040744882798410455,QuantileRegressor,,,,,,2,,,,,,,,True,0.01082184734560292,0.020637519034036305,98.0,0.015729683189819613,0.0049078358442166915,0.024607281904689457,1.9844674545084815,0.9776848283790018,0.998469573830731,98.0,0.9880772011048664,0.01039237272586458,0.05210607148266811,1.9844674545084815,231680814072683.25,320469685933857.5,98.0,276075250003270.38,44394435930587.11,222588210897666.4,1.9844674545084815,3.025131827956602,3.1147463065206225,98.0,3.069939067238612,0.044807239282010414,0.2246579558447481,1.9844674545084815,0.9960081915772234,1.0003540373873798,98.0,0.9981811144823016,0.0021729229050781937,0.010894766691396916,1.9844674545084815,99.0,0.10101010101010101,0.03720819658802877,0.05260666196913439,98.0,0.04490742927858158,0.007699232690552807,0.03860300044254469,1.9844674545084815,QuantileRegressor,"{'mode': 'original', 'type': 'QuantileRegressor'}",2,"['edges_T2W40', 'atd_T2W40']",0.25734210049311157,0.31069504817311666,98.0,0.2840185743331141,0.02667647384000256,0.1337525403946729,1.9844674545084815,1.284830511447222,1.312318242669962,98.0,1.298574377058592,0.013743865611370023,0.06891004228629148,1.9844674545084815,completed,True,COMPLETE
214,0.9880772011048664,2026-06-12 01:49:45.810447,2026-06-12 01:49:48.053425,0 days 00:00:02.242978,,,,,,,,,,,,,,0.0038828939825574296,QuantileRegressor,,,,,,2,,,,,,,,True,0.01082184734560294,0.020637519034036315,98.0,0.015729683189819627,0.004907835844216687,0.024607281904689436,1.9844674545084815,0.9776848283790018,0.998469573830731,98.0,0.9880772011048664,0.010392372725864582,0.05210607148266812,1.9844674545084815,231680814072683.25,320469685933857.5,98.0,276075250003270.38,44394435930587.11,222588210897666.4,1.9844674545084815,3.025131827956602,3.1147463065206225,98.0,3.069939067238612,0.044807239282010386,0.22465795584474796,1.9844674545084815,0.9960081915772234,1.0003540373873798,98.0,0.9981811144823016,0.0021729229050782015,0.010894766691396955,1.9844674545084815,99.0,0.10101010101010101,0.037208196588028764,0.05260666196913438,98.0,0.04490742927858157,0.007699232690552809,0.038603000442544694,1.9844674545084815,QuantileRegressor,"{'mode': 'original', 'type': 'QuantileRegressor'}",2,"['edges_T2W40', 'atd_T2W40']",0.25734210049311157,0.31069504817311666,98.0,0.2840185743331141,0.02667647384000256,0.1337525403946729,1.9844674545084815,1.284830511447222,1.312318242669962,98.0,1.298574377058592,0.013743865611370027,0.0689100422862915,1.9844674545084815,completed,True,COMPLETE
215,0.9881592349990592,2026-06-12 01:49:48.066731,2026-06-12 01:49:50.308366,0 days 00:00:02.241635,,,,,,,,,,,,,,0.0042511801429904955,QuantileRegressor,,,,,,2,,,,,,,,True,0.01073589073724949,0.020558917330207163,98.0,0.015647404033728326,0.004911513296478836,0.024625720195491755,1.9844674545084815,0.9777666350578754,0.998551834940243,98.0,0.9881592349990592,0.010392599941183786,0.052107210712175826,1.9844674545084815,231731590240414.25,320559524928791.44,98.0,276145557584602.84,44413967344188.6,222686138989751.12,1.9844674545084815,3.025131827956602,3.1147463065206225,98.0,3.069939067238612,0.044807239282010414,0.2246579558447481,1.9844674545084815,0.9960081915772234,1.0003540373873798,98.0,0.9981811144823016,0.0021729229050782037,0.010894766691396968,1.9844674545084815,99.0,0.10101010101010101,0.03702612653085799,0.05241552707647877,98.0,0.04472082680366838,0.007694700272810391,0.038580275460569406,1.9844674545084815,QuantileRegressor,"{'mode': 'original', 'type': 'QuantileRegressor'}",2,"['edges_T2W40', 'atd_T2W40']",0.25734210049311157,0.31069504817311666,98.0,0.2840185743331141,0.02667647384000256,0.1337525403946729,1.9844674545084815,1.2849537323346913,1.3124528048865365,98.0,1.298703268610614,0.013749536275922482,0.06893847429698999,1.9844674545084815,completed,True,COMPLETE
216,0.9880772011048662,2026-06-12 01:49:50.321586,2026-06-12 01:49:52.565937,0 days 00:00:02.244351,,,,,,,,,,,,,,0.003995557263792381,QuantileRegressor,,,,,,2,,,,,,,,True,0.010821847345602927,0.020637519034036305,98.0,0.015729683189819616,0.00490783584421669,0.024607281904689447,1.9844674545084815,0.9776848283790016,0.9984695738307308,98.0,0.9880772011048662,0.010392372725864584,0.052106071482668125,1.9844674545084815,231680814072683.28,320469685933857.5,98.0,276075250003270.38,44394435930587.1,222588210897666.38,1.9844674545084815,3.025131827956602,3.1147463065206225,98.0,3.069939067238612,0.04480723928201042,0.22465795584474813,1.9844674545084815,0.9960081915772234,1.0003540373873798,98.0,0.9981811144823016,0.002172922905078189,0.010894766691396893,1.9844674545084815,99.0,0.10101010101010101,0.037208196588028764,0.0526066619691344,98.0,0.04490742927858158,0.007699232690552813,0.038603000442544715,1.9844674545084815,QuantileRegressor,"{'mode': 'original', 'type': 'QuantileRegressor'}",2,"['edges_T2W40', 'atd_T2W40']",0.25734210049311157,0.31069504817311666,98.0,0.2840185743331141,0.02667647384000256,0.1337525403946729,1.9844674545084815,1.284830511447222,1.312318242669962,98.0,1.298574377058592,0.013743865611370023,0.06891004228629148,1.9844674545084815,completed,True,COMPLETE
217,0.9880772011048664,2026-06-12 01:49:52.579374,2026-06-12 01:49:54.808328,0 days 00:00:02.228954,,,,,,,,,,,,,,0.004045722322518917,QuantileRegressor,,,,,,2,,,,,,,,True,0.010821847345602917,0.0206375190340363,98.0,0.01572968318981961,0.004907835844216692,0.02460728190468946,1.9844674545084815,0.9776848283790018,0.998469573830731,98.0,0.9880772011048664,0.010392372725864579,0.052106071482668104,1.9844674545084815,231680814072683.25,320469685933857.5,98.0,276075250003270.38,44394435930587.11,222588210897666.4,1.9844674545084815,3.025131827956602,3.1147463065206225,98.0,3.069939067238612,0.044807239282010414,0.2246579558447481,1.9844674545084815,0.9960081915772234,1.0003540373873798,98.0,0.9981811144823016,0.0021729229050781837,0.010894766691396867,1.9844674545084815,99.0,0.10101010101010101,0.03720819658802877,0.05260666196913439,98.0,0.04490742927858158,0.007699232690552809,0.038603000442544694,1.9844674545084815,QuantileRegressor,"{'mode': 'original', 'type': 'QuantileRegressor'}",2,"['edges_T2W40', 'atd_T2W40']",0.25734210049311157,0.31069504817311666,98.0,0.2840185743331141,0.02667647384000256,0.1337525403946729,1.9844674545084815,1.284830511447222,1.312318242669962,98.0,1.298574377058592,0.013743865611370023,0.06891004228629148,1.9844674545084815,completed,True,COMPLETE
218,0.9880772011048664,2026-06-12 01:49:54.821339,2026-06-12 01:49:57.065047,0 days 00:00:02.243708,,,,,,,,,,,,,,0.003908435736496675,QuantileRegressor,,,,,,2,,,,,,,,True,0.01082184734560293,0.020637519034036315,98.0,0.015729683189819623,0.004907835844216692,0.02460728190468946,1.9844674545084815,0.9776848283790018,0.998469573830731,98.0,0.9880772011048664,0.010392372725864579,0.052106071482668104,1.9844674545084815,231680814072683.25,320469685933857.5,98.0,276075250003270.38,44394435930587.11,222588210897666.4,1.9844674545084815,3.025131827956602,3.1147463065206225,98.0,3.069939067238612,0.044807239282010386,0.22465795584474796,1.9844674545084815,0.9960081915772234,1.0003540373873798,98.0,0.9981811144823016,0.0021729229050781924,0.01089476669139691,1.9844674545084815,99.0,0.10101010101010101,0.037208196588028764,0.05260666196913438,98.0,0.04490742927858157,0.007699232690552809,0.038603000442544694,1.9844674545084815,QuantileRegressor,"{'mode': 'original', 'type': 'QuantileRegressor'}",2,"['edges_T2W40', 'atd_T2W40']",0.25734210049311157,0.31069504817311666,98.0,0.2840185743331141,0.02667647384000256,0.1337525403946729,1.9844674545084815,1.2848305114472223,1.3123182426699622,98.0,1.2985743770585922,0.013743865611370022,0.06891004228629147,1.9844674545084815,completed,True,COMPLETE
219,1.1104309102639096,2026-06-12 01:49:57.078479,2026-06-12 01:50:00.017328,0 days 00:00:02.938849,,,,,,,,,,,,,,,RandomForestRegressor,6.0,sqrt,2.0,10.0,302.0,2,,,,,,,,True,,,,,,,,,,,,,,,,,,,,,,,,,,,,,,,,,,,,,,,,,,,,,RandomForestRegressor,"{'mode': 'original', 'type': 'RandomForestRegressor'}",2,"['l3_T2W40', 'lsc_T2W40']",,,,,,,,,,,,,,,pruned,True,PRUNED
220,0.9880772011048664,2026-06-12 01:50:00.028629,2026-06-12 01:50:02.241580,0 days 00:00:02.212951,,,,,,,,,,,,,,0.004075833239976343,QuantileRegressor,,,,,,2,,,,,,,,True,0.010821847345602924,0.0206375190340363,98.0,0.015729683189819613,0.00490783584421669,0.02460728190468945,1.9844674545084815,0.9776848283790018,0.998469573830731,98.0,0.9880772011048664,0.01039237272586458,0.05210607148266811,1.9844674545084815,231680814072683.25,320469685933857.5,98.0,276075250003270.38,44394435930587.11,222588210897666.4,1.9844674545084815,3.025131827956602,3.1147463065206225,98.0,3.069939067238612,0.044807239282010414,0.2246579558447481,1.9844674545084815,0.9960081915772234,1.0003540373873798,98.0,0.9981811144823016,0.0021729229050781946,0.01089476669139692,1.9844674545084815,99.0,0.10101010101010101,0.03720819658802878,0.05260666196913438,98.0,0.04490742927858158,0.007699232690552806,0.03860300044254468,1.9844674545084815,QuantileRegressor,"{'mode': 'original', 'type': 'QuantileRegressor'}",2,"['edges_T2W40', 'atd_T2W40']",0.25734210049311157,0.31069504817311666,98.0,0.2840185743331141,0.02667647384000256,0.1337525403946729,1.9844674545084815,1.284830511447222,1.312318242669962,98.0,1.298574377058592,0.013743865611370023,0.06891004228629148,1.9844674545084815,completed,True,COMPLETE
221,0.9880772011048664,2026-06-12 01:50:02.254582,2026-06-12 01:50:04.454622,0 days 00:00:02.200040,,,,,,,,,,,,,,0.004069475386970038,QuantileRegressor,,,,,,2,,,,,,,,True,0.010821847345602922,0.0206375190340363,98.0,0.015729683189819613,0.004907835844216691,0.024607281904689454,1.9844674545084815,0.9776848283790018,0.998469573830731,98.0,0.9880772011048664,0.010392372725864579,0.052106071482668104,1.9844674545084815,231680814072683.25,320469685933857.5,98.0,276075250003270.38,44394435930587.11,222588210897666.4,1.9844674545084815,3.025131827956602,3.1147463065206225,98.0,3.069939067238612,0.04480723928201042,0.22465795584474813,1.9844674545084815,0.9960081915772234,1.0003540373873798,98.0,0.9981811144823016,0.0021729229050781937,0.010894766691396916,1.9844674545084815,99.0,0.10101010101010101,0.03720819658802876,0.052606661969134376,98.0,0.044907429278581566,0.007699232690552809,0.038603000442544694,1.9844674545084815,QuantileRegressor,"{'mode': 'original', 'type': 'QuantileRegressor'}",2,"['edges_T2W40', 'atd_T2W40']",0.25734210049311157,0.31069504817311666,98.0,0.2840185743331141,0.02667647384000256,0.1337525403946729,1.9844674545084815,1.284830511447222,1.312318242669962,98.0,1.298574377058592,0.013743865611370023,0.06891004228629148,1.9844674545084815,completed,True,COMPLETE
222,0.9880772011048664,2026-06-12 01:50:04.468115,2026-06-12 01:50:06.841792,0 days 00:00:02.373677,,,,,,,,,,,,,,0.003925006602195322,QuantileRegressor,,,,,,2,,,,,,,,True,0.010821847345602938,0.020637519034036322,98.0,0.01572968318981963,0.004907835844216693,0.024607281904689467,1.9844674545084815,0.9776848283790018,0.998469573830731,98.0,0.9880772011048664,0.010392372725864579,0.052106071482668104,1.9844674545084815,231680814072683.25,320469685933857.5,98.0,276075250003270.38,44394435930587.11,222588210897666.4,1.9844674545084815,3.025131827956602,3.1147463065206225,98.0,3.069939067238612,0.04480723928201042,0.22465795584474813,1.9844674545084815,0.9960081915772234,1.0003540373873798,98.0,0.9981811144823016,0.0021729229050781998,0.010894766691396947,1.9844674545084815,99.0,0.10101010101010101,0.03720819658802875,0.05260666196913438,98.0,0.044907429278581566,0.00769923269055282,0.03860300044254475,1.9844674545084815,QuantileRegressor,"{'mode': 'original', 'type': 'QuantileRegressor'}",2,"['edges_T2W40', 'atd_T2W40']",0.25734210049311157,0.31069504817311666,98.0,0.2840185743331141,0.02667647384000256,0.1337525403946729,1.9844674545084815,1.284830511447222,1.312318242669962,98.0,1.298574377058592,0.013743865611370022,0.06891004228629147,1.9844674545084815,completed,True,COMPLETE
223,0.9880772011048662,2026-06-12 01:50:06.854712,2026-06-12 01:50:09.100312,0 days 00:00:02.245600,,,,,,,,,,,,,,0.003943515785564978,QuantileRegressor,,,,,,2,,,,,,,,True,0.010821847345602945,0.020637519034036322,98.0,0.015729683189819633,0.00490783584421669,0.024607281904689447,1.9844674545084815,0.9776848283790016,0.9984695738307308,98.0,0.9880772011048662,0.010392372725864579,0.052106071482668104,1.9844674545084815,231680814072683.25,320469685933857.44,98.0,276075250003270.34,44394435930587.1,222588210897666.38,1.9844674545084815,3.025131827956602,3.1147463065206225,98.0,3.069939067238612,0.04480723928201039,0.22465795584474801,1.9844674545084815,0.9960081915772234,1.0003540373873798,98.0,0.9981811144823016,0.0021729229050781998,0.010894766691396947,1.9844674545084815,99.0,0.10101010101010101,0.03720819658802877,0.05260666196913439,98.0,0.04490742927858158,0.007699232690552809,0.038603000442544694,1.9844674545084815,QuantileRegressor,"{'mode': 'original', 'type': 'QuantileRegressor'}",2,"['edges_T2W40', 'atd_T2W40']",0.25734210049311157,0.31069504817311666,98.0,0.2840185743331141,0.02667647384000256,0.1337525403946729,1.9844674545084815,1.284830511447222,1.312318242669962,98.0,1.298574377058592,0.013743865611370022,0.06891004228629147,1.9844674545084815,completed,True,COMPLETE
