number,value,datetime_start,datetime_complete,duration,params_regressor,params_rfe_n_features,params_use_scaler,user_attrs_d2mae_ci_lower_val,user_attrs_d2mae_ci_upper_val,user_attrs_d2mae_df_val,user_attrs_d2mae_mean_val,user_attrs_d2mae_samperror_val,user_attrs_d2mae_std_val,user_attrs_d2mae_t_critical_val,user_attrs_mae_ci_lower_val,user_attrs_mae_ci_upper_val,user_attrs_mae_df_val,user_attrs_mae_mean_val,user_attrs_mae_samperror_val,user_attrs_mae_std_val,user_attrs_mae_t_critical_val,user_attrs_mape_ci_lower_val,user_attrs_mape_ci_upper_val,user_attrs_mape_df_val,user_attrs_mape_mean_val,user_attrs_mape_samperror_val,user_attrs_mape_std_val,user_attrs_mape_t_critical_val,user_attrs_max_error_ci_lower_val,user_attrs_max_error_ci_upper_val,user_attrs_max_error_df_val,user_attrs_max_error_mean_val,user_attrs_max_error_samperror_val,user_attrs_max_error_std_val,user_attrs_max_error_t_critical_val,user_attrs_median_ae_ci_lower_val,user_attrs_median_ae_ci_upper_val,user_attrs_median_ae_df_val,user_attrs_median_ae_mean_val,user_attrs_median_ae_samperror_val,user_attrs_median_ae_std_val,user_attrs_median_ae_t_critical_val,user_attrs_n_splits_val,user_attrs_r2_below_zero_val,user_attrs_r2_ci_lower_val,user_attrs_r2_ci_upper_val,user_attrs_r2_df_val,user_attrs_r2_mean_val,user_attrs_r2_samperror_val,user_attrs_r2_std_val,user_attrs_r2_t_critical_val,user_attrs_regressor_final,user_attrs_rfe_estimator,user_attrs_rfe_n_features,user_attrs_rfe_selected_features,user_attrs_rho_ci_lower_val,user_attrs_rho_ci_upper_val,user_attrs_rho_df_val,user_attrs_rho_mean_val,user_attrs_rho_samperror_val,user_attrs_rho_std_val,user_attrs_rho_t_critical_val,user_attrs_rmse_ci_lower_val,user_attrs_rmse_ci_upper_val,user_attrs_rmse_df_val,user_attrs_rmse_mean_val,user_attrs_rmse_samperror_val,user_attrs_rmse_std_val,user_attrs_rmse_t_critical_val,user_attrs_termination_reason,user_attrs_trial_time_seconds,user_attrs_use_scaler_final,state
368,2.8672784710674493,2026-06-13 16:50:20.567999,2026-06-13 16:50:22.101866,0 days 00:00:01.533867,LinearRegression,6,True,-0.022709539403602416,-0.012369816468123282,198,-0.01753967793586285,0.005169861467739566,0.036982365316999236,1.9720174778363144,2.846201386815627,2.8883555553192717,198,2.8672784710674493,0.02107708425182227,0.15077394906654573,1.9720174778363144,911006500163452.0,1064749732011652.8,198,987878116087552.4,76871615924100.4,549897555350964.56,1.9720174778363144,8.149642539063494,8.481554707198535,198,8.315598623131015,0.16595608406752124,1.1871591851855174,1.9720174778363144,2.5394522553972374,2.597305265567668,198,2.5683787604824526,0.028926505085215368,0.2069244185905062,1.9720174778363144,199,0.6180904522613065,-0.040464408669608265,-0.020760010807061823,198,-0.030612209738335044,0.009852198931273223,0.07047725017889211,1.9720174778363144,LinearRegression,"{'mode': 'original', 'type': 'LinearRegression'}",6,"['nodes_T6W30', 're_T6W30', 'l1_T6W30', 'lcc_T6W30', 'atd_T6W30', 'density_T6W30']",0.06284980166391753,0.09838302515242901,198,0.08061641340817327,0.01776661174425574,0.12709263682816616,1.9720174778363144,3.4681543054588415,3.5269032053382423,198,3.497528755398542,0.029374449939700228,0.21012877142545217,1.9720174778363144,completed,1.5271432399749756,True,COMPLETE
369,2.852615032437553,2026-06-13 16:50:22.111476,2026-06-13 16:50:23.612365,0 days 00:00:01.500889,LinearRegression,3,True,-0.01626967816461508,-0.008232629138758597,198,-0.012251153651686839,0.004018524512928242,0.028746329567977343,1.9720174778363144,2.8329833023026665,2.87224676257244,198,2.852615032437553,0.019631730134886696,0.14043467512303878,1.9720174778363144,913677034700775.8,1067838423505994.8,198,990757729103385.2,77080694402609.44,551393188593826.7,1.9720174778363144,8.177105751945122,8.536554424347846,198,8.356830088146484,0.17972433620136236,1.285649741144824,1.9720174778363144,2.545295010615647,2.6046830836063077,198,2.5749890471109773,0.02969403649533042,0.2124149190958432,1.9720174778363144,199,0.5527638190954773,-0.023503183720000143,-0.008337194535626927,198,-0.015920189127813535,0.007582994592186608,0.05424460170838796,1.9720174778363144,LinearRegression,"{'mode': 'original', 'type': 'LinearRegression'}",3,"['nodes_T6W30', 'lcc_T6W30', 'atd_T6W30']",0.09230355284994202,0.12728537345464108,198,0.10979446315229155,0.01749091030234953,0.12512041929262416,1.9720174778363144,3.4449941452573523,3.5027540532723194,198,3.473874099264836,0.028879954007483614,0.2065914176052151,1.9720174778363144,completed,1.4943368434906006,True,COMPLETE
370,2.8570146195930795,2026-06-13 16:50:23.622434,2026-06-13 16:50:25.222747,0 days 00:00:01.600313,LinearRegression,4,True,-0.01807571774502828,-0.009539851130952792,198,-0.013807784437990536,0.004267933307037744,0.030530463861437006,1.9720174778363144,2.8369192412538404,2.8771099979323185,198,2.8570146195930795,0.020095378339238825,0.14375136114623666,1.9720174778363144,909306560346574.4,1063073034945352.9,198,986189797645963.6,76883237299389.27,549980688322534.56,1.9720174778363144,8.21049446866252,8.550266496383854,198,8.380380482523186,0.16988601386066654,1.2152717565159452,1.9720174778363144,2.5332617033135296,2.588111859474436,198,2.560686781393983,0.02742507808045315,0.1961840298328163,1.9720174778363144,199,0.592964824120603,-0.03029169020602427,-0.014542179015996174,198,-0.02241693461101022,0.007874755595014047,0.05633170057151013,1.9720174778363144,LinearRegression,"{'mode': 'original', 'type': 'LinearRegression'}",4,"['nodes_T6W30', 'lcc_T6W30', 'atd_T6W30', 'density_T6W30']",0.07111448130543241,0.10674329782581887,198,0.08892888956562564,0.017814408260193235,0.12743454699816015,1.9720174778363144,3.4559199354985486,3.5135929502085217,198,3.484756442853535,0.028836507354986697,0.2062806239825101,1.9720174778363144,completed,1.5930039882659912,True,COMPLETE
371,2.8853310932496763,2026-06-13 16:50:25.233596,2026-06-13 16:50:26.908370,0 days 00:00:01.674774,LinearRegression,8,False,-0.029588112182917008,-0.018435128519138262,198,-0.024011620351027635,0.005576491831889374,0.03989117685282319,1.9720174778363144,2.8638586280329283,2.9068035584664242,198,2.8853310932496763,0.0214724652167479,0.15360228854440425,1.9720174778363144,912168704197932.2,1066362007645484.5,198,989265355921708.4,77096651723776.06,551507338554042.75,1.9720174778363144,8.177123446395184,8.445120713473836,198,8.31112207993451,0.1339986335393265,0.9585530383073928,1.9720174778363144,2.516778746181965,2.5715479779865356,198,2.5441633620842503,0.02738461590228519,0.19589458550943034,1.9720174778363144,199,0.6482412060301508,-0.051310906195606576,-0.0302710082783101,198,-0.04079095723695834,0.010519948958648237,0.07525396916970416,1.9720174778363144,LinearRegression,"{'mode': 'original', 'type': 'LinearRegression'}",8,"['edges_T6W30', 're_T6W30', 'l1_T6W30', 'l2_T6W30', 'lcc_T6W30', 'atd_T6W30', 'density_T6W30', 'asp_T6W30']",0.05659430229148328,0.09192980420573278,198,0.07426205324860803,0.01766775095712475,0.12638544075182662,1.9720174778363144,3.484804783097328,3.5436774061581433,198,3.5142410946277356,0.029436311530407745,0.2105712954584291,1.9720174778363144,completed,1.6677818298339844,False,COMPLETE
372,2.8409389315605202,2026-06-13 16:50:26.918216,2026-06-13 16:50:28.479180,0 days 00:00:01.560964,LinearRegression,5,False,-0.012877661438792602,-0.0035951040372839806,198,-0.00823638273803829,0.00464127870075431,0.03320117289803367,1.9720174778363144,2.821335256218078,2.8605426069029627,198,2.8409389315605202,0.019603675342442454,0.14023398646057852,1.9720174778363144,905430489061586.4,1057708185433915.9,198,981569337247751.1,76138848186164.77,544655735169524.44,1.9720174778363144,8.04389663908718,8.329437811749752,198,8.186667225418466,0.14277058633128584,1.0213027976036615,1.9720174778363144,2.536636411297535,2.594434047024493,198,2.565535229161014,0.028898817863479174,0.2067263593281352,1.9720174778363144,199,0.507537688442211,-0.0185213242765348,-0.001552563565113187,198,-0.010036943920823993,0.008484380355710806,0.060692623150782526,1.9720174778363144,LinearRegression,"{'mode': 'original', 'type': 'LinearRegression'}",5,"['edges_T6W30', 're_T6W30', 'l1_T6W30', 'atd_T6W30', 'density_T6W30']",0.09549474604311675,0.12992637053507422,198,0.11271055828909549,0.017215812245978738,0.12315251804765144,1.9720174778363144,3.4351709494509572,3.490135250770405,198,3.462653100110681,0.027482150659723897,0.19659229589358893,1.9720174778363144,completed,1.5540411472320557,False,COMPLETE
373,2.986743338744696,2026-06-13 16:50:28.488836,2026-06-13 16:50:30.081946,0 days 00:00:01.593110,LinearRegression,13,False,-0.06723992683114847,-0.052383039282219185,198,-0.05981148305668383,0.007428443774464642,0.05313902956942428,1.9720174778363144,2.9596692224758168,3.0138174550135752,198,2.986743338744696,0.02707411626887903,0.19367344071762574,1.9720174778363144,933041686937859.4,1093095998501997.9,198,1013068842719928.6,80027155782069.22,572470564033686.4,1.9720174778363144,8.919638128135833,9.414145339984398,198,9.166891734060115,0.2472536059242817,1.768717254281713,1.9720174778363144,2.6188181271151634,2.6806865325686773,198,2.6497523298419203,0.030934202726756822,0.22128639097388383,1.9720174778363144,199,0.9095477386934674,-0.1419717391104994,-0.10939854012858309,198,-0.12568513961954125,0.01628659949095816,0.11650543750635957,1.9720174778363144,LinearRegression,"{'mode': 'original', 'type': 'LinearRegression'}",13,"['nodes_T6W30', 'edges_T6W30', 're_T6W30', 'pe_T6W30', 'l1_T6W30', 'l2_T6W30', 'l3_T6W30', 'lcc_T6W30', 'lsc_T6W30', 'atd_T6W30', 'density_T6W30', 'diameter_T6W30', 'asp_T6W30']",-0.03394459252056728,0.003141306687937091,198,-0.015401642916315095,0.018542949604252186,0.13264613386613597,1.9720174778363144,3.615363891121135,3.69215638805202,198,3.6537601395865775,0.03839624846544243,0.27466579064296026,1.9720174778363144,completed,1.5867419242858887,False,COMPLETE
374,2.909222772990927,2026-06-13 16:50:30.091577,2026-06-13 16:50:32.062905,0 days 00:00:01.971328,LinearRegression,9,True,-0.03854050407497041,-0.026378255224543328,198,-0.03245937964975687,0.006081124425213541,0.04350104281028354,1.9720174778363144,2.8863735812189875,2.9320719647628666,198,2.909222772990927,0.02284919177193949,0.1634506383935097,1.9720174778363144,919325871277758.0,1075082645873063.8,198,997204258575410.9,77878387297652.94,557099447889043.8,1.9720174778363144,8.332833198790727,8.678839566146436,198,8.505836382468582,0.17300318367785544,1.2375702868834926,1.9720174778363144,2.521489043301293,2.578096142372404,198,2.5497925928368486,0.028303549535555566,0.20246813482786916,1.9720174778363144,199,0.7185929648241206,-0.0730011709392559,-0.04791531291858493,198,-0.060458241928920416,0.012542929010335485,0.08972526356847094,1.9720174778363144,LinearRegression,"{'mode': 'original', 'type': 'LinearRegression'}",9,"['nodes_T6W30', 'edges_T6W30', 're_T6W30', 'l1_T6W30', 'l2_T6W30', 'lcc_T6W30', 'atd_T6W30', 'density_T6W30', 'diameter_T6W30']",0.04175854409177188,0.07676924381608363,198,0.05926389395392776,0.017505349862155878,0.12522371201702445,1.9720174778363144,3.5146723757996767,3.5790483520405605,198,3.5468603639201186,0.03218798812044194,0.23025528690034555,1.9720174778363144,completed,1.963179111480713,True,COMPLETE
375,2.8672784710674493,2026-06-13 16:50:32.076822,2026-06-13 16:50:33.745007,0 days 00:00:01.668185,LinearRegression,6,True,-0.022709539403602416,-0.012369816468123282,198,-0.01753967793586285,0.005169861467739566,0.036982365316999236,1.9720174778363144,2.846201386815627,2.8883555553192717,198,2.8672784710674493,0.02107708425182227,0.15077394906654573,1.9720174778363144,911006500163452.0,1064749732011652.8,198,987878116087552.4,76871615924100.4,549897555350964.56,1.9720174778363144,8.149642539063494,8.481554707198535,198,8.315598623131015,0.16595608406752124,1.1871591851855174,1.9720174778363144,2.5394522553972374,2.597305265567668,198,2.5683787604824526,0.028926505085215368,0.2069244185905062,1.9720174778363144,199,0.6180904522613065,-0.040464408669608265,-0.020760010807061823,198,-0.030612209738335044,0.009852198931273223,0.07047725017889211,1.9720174778363144,LinearRegression,"{'mode': 'original', 'type': 'LinearRegression'}",6,"['nodes_T6W30', 're_T6W30', 'l1_T6W30', 'lcc_T6W30', 'atd_T6W30', 'density_T6W30']",0.06284980166391753,0.09838302515242901,198,0.08061641340817327,0.01776661174425574,0.12709263682816616,1.9720174778363144,3.4681543054588415,3.5269032053382423,198,3.497528755398542,0.029374449939700228,0.21012877142545217,1.9720174778363144,completed,1.661099910736084,True,COMPLETE
376,2.9280851996588066,2026-06-13 16:50:33.755130,2026-06-13 16:50:35.366926,0 days 00:00:01.611796,LinearRegression,10,True,-0.0456436678786241,-0.032692545365608824,198,-0.039168106622116464,0.006475561256507641,0.046322628471799535,1.9720174778363144,2.904435019876201,2.9517353794414123,198,2.9280851996588066,0.02365017978260567,0.16918046914619816,1.9720174778363144,928868731930653.5,1086526188208227.8,198,1007697460069440.6,78828728138787.12,563897667218865.6,1.9720174778363144,8.367747705685566,8.73027725997639,198,8.549012482830978,0.18126477714541117,1.296669214315927,1.9720174778363144,2.537362120102505,2.5951017461745134,198,2.5662319331385093,0.028869813036004194,0.20651887463394566,1.9720174778363144,199,0.7738693467336684,-0.08592462297838685,-0.05907878786666351,198,-0.07250170542252518,0.013422917555861672,0.09602022099982616,1.9720174778363144,LinearRegression,"{'mode': 'original', 'type': 'LinearRegression'}",10,"['nodes_T6W30', 'edges_T6W30', 're_T6W30', 'l1_T6W30', 'l2_T6W30', 'lcc_T6W30', 'atd_T6W30', 'density_T6W30', 'diameter_T6W30', 'asp_T6W30']",0.026641187637317494,0.06260065267536488,198,0.04462092015634119,0.017979732519023697,0.1286171864506837,1.9720174778363144,3.533527926381462,3.5995917228629266,198,3.5665598246221943,0.03303189824073247,0.2362921589825182,1.9720174778363144,completed,1.6050851345062256,True,COMPLETE
377,2.8570146195930795,2026-06-13 16:50:35.376898,2026-06-13 16:50:36.985258,0 days 00:00:01.608360,LinearRegression,4,True,-0.01807571774502828,-0.009539851130952792,198,-0.013807784437990536,0.004267933307037744,0.030530463861437006,1.9720174778363144,2.8369192412538404,2.8771099979323185,198,2.8570146195930795,0.020095378339238825,0.14375136114623666,1.9720174778363144,909306560346574.4,1063073034945352.9,198,986189797645963.6,76883237299389.27,549980688322534.56,1.9720174778363144,8.21049446866252,8.550266496383854,198,8.380380482523186,0.16988601386066654,1.2152717565159452,1.9720174778363144,2.5332617033135296,2.588111859474436,198,2.560686781393983,0.02742507808045315,0.1961840298328163,1.9720174778363144,199,0.592964824120603,-0.03029169020602427,-0.014542179015996174,198,-0.02241693461101022,0.007874755595014047,0.05633170057151013,1.9720174778363144,LinearRegression,"{'mode': 'original', 'type': 'LinearRegression'}",4,"['nodes_T6W30', 'lcc_T6W30', 'atd_T6W30', 'density_T6W30']",0.07111448130543241,0.10674329782581887,198,0.08892888956562564,0.017814408260193235,0.12743454699816015,1.9720174778363144,3.4559199354985486,3.5135929502085217,198,3.484756442853535,0.028836507354986697,0.2062806239825101,1.9720174778363144,completed,1.601130723953247,True,COMPLETE
378,2.9647592771798874,2026-06-13 16:50:36.995428,2026-06-13 16:50:38.740044,0 days 00:00:01.744616,LinearRegression,12,True,-0.05925168026948253,-0.04488646722780205,198,-0.05206907374864229,0.0071826065208402375,0.051380444125926766,1.9720174778363144,2.938648507921749,2.990870046438026,198,2.9647592771798874,0.02611076925813859,0.18678218235402025,1.9720174778363144,937108165149014.2,1097411825361031.8,198,1017259995255023.0,80151830106008.81,573362416053775.5,1.9720174778363144,8.874762335712777,9.376274673663644,198,9.12551850468821,0.250756168975433,1.7937726773548068,1.9720174778363144,2.611179437273144,2.6710726039016235,198,2.6411260205873837,0.029946583314239928,0.21422150110482713,1.9720174778363144,199,0.8592964824120602,-0.12476184928713704,-0.09301783249030365,198,-0.10888984088872035,0.0158720083984167,0.11353967926753274,1.9720174778363144,LinearRegression,"{'mode': 'original', 'type': 'LinearRegression'}",12,"['nodes_T6W30', 'edges_T6W30', 're_T6W30', 'pe_T6W30', 'l1_T6W30', 'l2_T6W30', 'lcc_T6W30', 'lsc_T6W30', 'atd_T6W30', 'density_T6W30', 'diameter_T6W30', 'asp_T6W30']",-0.014138625441093122,0.021904102371988858,198,0.0038827384654478683,0.01802136390654099,0.12891499465916775,1.9720174778363144,3.5887205058887486,3.6641208048507194,198,3.626420655369734,0.037700149480985296,0.2696862786965325,1.9720174778363144,completed,1.7378969192504883,True,COMPLETE
379,2.909222772990927,2026-06-13 16:50:38.749939,2026-06-13 16:50:40.336579,0 days 00:00:01.586640,LinearRegression,9,True,-0.03854050407497041,-0.026378255224543328,198,-0.03245937964975687,0.006081124425213541,0.04350104281028354,1.9720174778363144,2.8863735812189875,2.9320719647628666,198,2.909222772990927,0.02284919177193949,0.1634506383935097,1.9720174778363144,919325871277758.0,1075082645873063.8,198,997204258575410.9,77878387297652.94,557099447889043.8,1.9720174778363144,8.332833198790727,8.678839566146436,198,8.505836382468582,0.17300318367785544,1.2375702868834926,1.9720174778363144,2.521489043301293,2.578096142372404,198,2.5497925928368486,0.028303549535555566,0.20246813482786916,1.9720174778363144,199,0.7185929648241206,-0.0730011709392559,-0.04791531291858493,198,-0.060458241928920416,0.012542929010335485,0.08972526356847094,1.9720174778363144,LinearRegression,"{'mode': 'original', 'type': 'LinearRegression'}",9,"['nodes_T6W30', 'edges_T6W30', 're_T6W30', 'l1_T6W30', 'l2_T6W30', 'lcc_T6W30', 'atd_T6W30', 'density_T6W30', 'diameter_T6W30']",0.04175854409177188,0.07676924381608363,198,0.05926389395392776,0.017505349862155878,0.12522371201702445,1.9720174778363144,3.5146723757996767,3.5790483520405605,198,3.5468603639201186,0.03218798812044194,0.23025528690034555,1.9720174778363144,completed,1.5799190998077393,True,COMPLETE
380,2.9280851996588066,2026-06-13 16:50:40.346155,2026-06-13 16:50:41.869730,0 days 00:00:01.523575,LinearRegression,10,True,-0.0456436678786241,-0.032692545365608824,198,-0.039168106622116464,0.006475561256507641,0.046322628471799535,1.9720174778363144,2.904435019876201,2.9517353794414123,198,2.9280851996588066,0.02365017978260567,0.16918046914619816,1.9720174778363144,928868731930653.5,1086526188208227.8,198,1007697460069440.6,78828728138787.12,563897667218865.6,1.9720174778363144,8.367747705685566,8.73027725997639,198,8.549012482830978,0.18126477714541117,1.296669214315927,1.9720174778363144,2.537362120102505,2.5951017461745134,198,2.5662319331385093,0.028869813036004194,0.20651887463394566,1.9720174778363144,199,0.7738693467336684,-0.08592462297838685,-0.05907878786666351,198,-0.07250170542252518,0.013422917555861672,0.09602022099982616,1.9720174778363144,LinearRegression,"{'mode': 'original', 'type': 'LinearRegression'}",10,"['nodes_T6W30', 'edges_T6W30', 're_T6W30', 'l1_T6W30', 'l2_T6W30', 'lcc_T6W30', 'atd_T6W30', 'density_T6W30', 'diameter_T6W30', 'asp_T6W30']",0.026641187637317494,0.06260065267536488,198,0.04462092015634119,0.017979732519023697,0.1286171864506837,1.9720174778363144,3.533527926381462,3.5995917228629266,198,3.5665598246221943,0.03303189824073247,0.2362921589825182,1.9720174778363144,completed,1.5170040130615234,True,COMPLETE
381,2.9647592771798874,2026-06-13 16:50:41.879712,2026-06-13 16:50:43.439673,0 days 00:00:01.559961,LinearRegression,12,True,-0.05925168026948253,-0.04488646722780205,198,-0.05206907374864229,0.0071826065208402375,0.051380444125926766,1.9720174778363144,2.938648507921749,2.990870046438026,198,2.9647592771798874,0.02611076925813859,0.18678218235402025,1.9720174778363144,937108165149014.2,1097411825361031.8,198,1017259995255023.0,80151830106008.81,573362416053775.5,1.9720174778363144,8.874762335712777,9.376274673663644,198,9.12551850468821,0.250756168975433,1.7937726773548068,1.9720174778363144,2.611179437273144,2.6710726039016235,198,2.6411260205873837,0.029946583314239928,0.21422150110482713,1.9720174778363144,199,0.8592964824120602,-0.12476184928713704,-0.09301783249030365,198,-0.10888984088872035,0.0158720083984167,0.11353967926753274,1.9720174778363144,LinearRegression,"{'mode': 'original', 'type': 'LinearRegression'}",12,"['nodes_T6W30', 'edges_T6W30', 're_T6W30', 'pe_T6W30', 'l1_T6W30', 'l2_T6W30', 'lcc_T6W30', 'lsc_T6W30', 'atd_T6W30', 'density_T6W30', 'diameter_T6W30', 'asp_T6W30']",-0.014138625441093122,0.021904102371988858,198,0.0038827384654478683,0.01802136390654099,0.12891499465916775,1.9720174778363144,3.5887205058887486,3.6641208048507194,198,3.626420655369734,0.037700149480985296,0.2696862786965325,1.9720174778363144,completed,1.553407907485962,True,COMPLETE
