number,value,datetime_start,datetime_complete,duration,params_regressor,params_rfe_n_features,params_use_scaler,user_attrs_d2mae_ci_lower_val,user_attrs_d2mae_ci_upper_val,user_attrs_d2mae_df_val,user_attrs_d2mae_mean_val,user_attrs_d2mae_samperror_val,user_attrs_d2mae_std_val,user_attrs_d2mae_t_critical_val,user_attrs_mae_ci_lower_val,user_attrs_mae_ci_upper_val,user_attrs_mae_df_val,user_attrs_mae_mean_val,user_attrs_mae_samperror_val,user_attrs_mae_std_val,user_attrs_mae_t_critical_val,user_attrs_mape_ci_lower_val,user_attrs_mape_ci_upper_val,user_attrs_mape_df_val,user_attrs_mape_mean_val,user_attrs_mape_samperror_val,user_attrs_mape_std_val,user_attrs_mape_t_critical_val,user_attrs_max_error_ci_lower_val,user_attrs_max_error_ci_upper_val,user_attrs_max_error_df_val,user_attrs_max_error_mean_val,user_attrs_max_error_samperror_val,user_attrs_max_error_std_val,user_attrs_max_error_t_critical_val,user_attrs_median_ae_ci_lower_val,user_attrs_median_ae_ci_upper_val,user_attrs_median_ae_df_val,user_attrs_median_ae_mean_val,user_attrs_median_ae_samperror_val,user_attrs_median_ae_std_val,user_attrs_median_ae_t_critical_val,user_attrs_n_splits_val,user_attrs_r2_below_zero_val,user_attrs_r2_ci_lower_val,user_attrs_r2_ci_upper_val,user_attrs_r2_df_val,user_attrs_r2_mean_val,user_attrs_r2_samperror_val,user_attrs_r2_std_val,user_attrs_r2_t_critical_val,user_attrs_regressor_final,user_attrs_rfe_estimator,user_attrs_rfe_n_features,user_attrs_rfe_selected_features,user_attrs_rho_ci_lower_val,user_attrs_rho_ci_upper_val,user_attrs_rho_df_val,user_attrs_rho_mean_val,user_attrs_rho_samperror_val,user_attrs_rho_std_val,user_attrs_rho_t_critical_val,user_attrs_rmse_ci_lower_val,user_attrs_rmse_ci_upper_val,user_attrs_rmse_df_val,user_attrs_rmse_mean_val,user_attrs_rmse_samperror_val,user_attrs_rmse_std_val,user_attrs_rmse_t_critical_val,user_attrs_termination_reason,user_attrs_trial_time_seconds,user_attrs_use_scaler_final,state
205,2.8513314967020507,2026-06-13 16:46:09.357889,2026-06-13 16:46:10.943441,0 days 00:00:01.585552,LinearRegression,5,True,-0.01660084914995754,-0.007059292545068688,198,-0.011830070847513115,0.004770778302444427,0.03412754231972802,1.9720174778363144,2.830665013114236,2.871997980289865,198,2.8513314967020507,0.020666483587814515,0.14783673617399667,1.9720174778363144,913912311968767.1,1068079662816220.9,198,990995987392494.0,77083675423726.83,551414513190756.25,1.9720174778363144,8.168328954867894,8.5083652276265,198,8.338347091247197,0.17001813637930344,1.2162168888529183,1.9720174778363144,2.5419422142935546,2.5939577831893703,198,2.5679499987414625,0.026007784447907977,0.18604548526884368,1.9720174778363144,199,0.5678391959798995,-0.0292468720350346,-0.011399749388781298,198,-0.02032331071190795,0.008923561323126652,0.06383428392420891,1.9720174778363144,LinearRegression,"{'mode': 'original', 'type': 'LinearRegression'}",5,"['nodes_T6W30', 'l1_T6W30', 'lcc_T6W30', 'atd_T6W30', 'density_T6W30']",0.08326702061241742,0.11777968273430067,198,0.10052335167335905,0.017256331060941626,0.123442367519735,1.9720174778363144,3.4515812529774124,3.509439992020985,198,3.4805106224991986,0.028929369521786426,0.20694490920526626,1.9720174778363144,completed,1.578766107559204,True,COMPLETE
206,2.8570146195930795,2026-06-13 16:46:10.952706,2026-06-13 16:46:12.451397,0 days 00:00:01.498691,LinearRegression,4,True,-0.01807571774502828,-0.009539851130952792,198,-0.013807784437990536,0.004267933307037744,0.030530463861437006,1.9720174778363144,2.8369192412538404,2.8771099979323185,198,2.8570146195930795,0.020095378339238825,0.14375136114623666,1.9720174778363144,909306560346574.4,1063073034945352.9,198,986189797645963.6,76883237299389.27,549980688322534.56,1.9720174778363144,8.21049446866252,8.550266496383854,198,8.380380482523186,0.16988601386066654,1.2152717565159452,1.9720174778363144,2.5332617033135296,2.588111859474436,198,2.560686781393983,0.02742507808045315,0.1961840298328163,1.9720174778363144,199,0.592964824120603,-0.03029169020602427,-0.014542179015996174,198,-0.02241693461101022,0.007874755595014047,0.05633170057151013,1.9720174778363144,LinearRegression,"{'mode': 'original', 'type': 'LinearRegression'}",4,"['nodes_T6W30', 'lcc_T6W30', 'atd_T6W30', 'density_T6W30']",0.07111448130543241,0.10674329782581887,198,0.08892888956562564,0.017814408260193235,0.12743454699816015,1.9720174778363144,3.4559199354985486,3.5135929502085217,198,3.484756442853535,0.028836507354986697,0.2062806239825101,1.9720174778363144,completed,1.4915270805358887,True,COMPLETE
207,2.880849914626629,2026-06-13 16:46:12.460950,2026-06-13 16:46:13.934052,0 days 00:00:01.473102,LinearRegression,7,False,-0.027659349051033566,-0.01712718104764306,198,-0.022393265049338314,0.005266084001695254,0.03767068877105738,1.9720174778363144,2.8597918396041093,2.901907989649149,198,2.880849914626629,0.02105807502251963,0.1506379674223853,1.9720174778363144,911850005852050.8,1066304009836229.8,198,989077007844140.2,77227001992089.53,552439793180151.94,1.9720174778363144,8.131393508686667,8.40804341747571,198,8.269718463081189,0.138324954394522,0.9895011747988236,1.9720174778363144,2.551191521991828,2.6085602392154885,198,2.5798758806036584,0.02868435861183037,0.20519223497304798,1.9720174778363144,199,0.6432160804020101,-0.044800877826781896,-0.024725288076228095,198,-0.034763082951504994,0.010037794875276899,0.07180490219535868,1.9720174778363144,LinearRegression,"{'mode': 'original', 'type': 'LinearRegression'}",7,"['edges_T6W30', 're_T6W30', 'l1_T6W30', 'l2_T6W30', 'lcc_T6W30', 'atd_T6W30', 'density_T6W30']",0.06497221465745014,0.0999380681005567,198,0.08245514137900342,0.017482926721553285,0.12506330911600008,1.9720174778363144,3.475376130427218,3.532935629188138,198,3.504155879807678,0.028779749380460164,0.20587460843224992,1.9720174778363144,completed,1.4660608768463135,False,COMPLETE
208,2.876164932006097,2026-06-13 16:46:13.944231,2026-06-13 16:46:15.459394,0 days 00:00:01.515163,LinearRegression,7,True,-0.026043925463083258,-0.015375794585298096,198,-0.020709860024190677,0.005334065438892581,0.038156990843345874,1.9720174778363144,2.854837446722717,2.897492417289477,198,2.876164932006097,0.02132748528338002,0.15256518128477983,1.9720174778363144,915863941061235.8,1070010860580924.8,198,992937400821080.2,77073459759844.52,551341435910831.3,1.9720174778363144,8.228524158240898,8.585059251394476,198,8.406791704817687,0.17826754657678825,1.2752286638254022,1.9720174778363144,2.5377127019379553,2.591525163968727,198,2.564618932953341,0.02690623101538559,0.19247248130802166,1.9720174778363144,199,0.6633165829145728,-0.04886465306905599,-0.028492371239671965,198,-0.03867851215436398,0.010186140914692013,0.07286608873917887,1.9720174778363144,LinearRegression,"{'mode': 'original', 'type': 'LinearRegression'}",7,"['nodes_T6W30', 're_T6W30', 'l1_T6W30', 'lcc_T6W30', 'atd_T6W30', 'density_T6W30', 'diameter_T6W30']",0.05135531474327504,0.08631531435634168,198,0.06883531454980836,0.01747999980653332,0.1250423715645404,1.9720174778363144,3.4811414390739377,3.541302457605124,198,3.511221948339531,0.030080509265593185,0.2151795342144722,1.9720174778363144,completed,1.5080292224884033,True,COMPLETE
209,2.8513314967020507,2026-06-13 16:46:15.469480,2026-06-13 16:46:16.988865,0 days 00:00:01.519385,LinearRegression,5,True,-0.01660084914995754,-0.007059292545068688,198,-0.011830070847513115,0.004770778302444427,0.03412754231972802,1.9720174778363144,2.830665013114236,2.871997980289865,198,2.8513314967020507,0.020666483587814515,0.14783673617399667,1.9720174778363144,913912311968767.1,1068079662816220.9,198,990995987392494.0,77083675423726.83,551414513190756.25,1.9720174778363144,8.168328954867894,8.5083652276265,198,8.338347091247197,0.17001813637930344,1.2162168888529183,1.9720174778363144,2.5419422142935546,2.5939577831893703,198,2.5679499987414625,0.026007784447907977,0.18604548526884368,1.9720174778363144,199,0.5678391959798995,-0.0292468720350346,-0.011399749388781298,198,-0.02032331071190795,0.008923561323126652,0.06383428392420891,1.9720174778363144,LinearRegression,"{'mode': 'original', 'type': 'LinearRegression'}",5,"['nodes_T6W30', 'l1_T6W30', 'lcc_T6W30', 'atd_T6W30', 'density_T6W30']",0.08326702061241742,0.11777968273430067,198,0.10052335167335905,0.017256331060941626,0.123442367519735,1.9720174778363144,3.4515812529774124,3.509439992020985,198,3.4805106224991986,0.028929369521786426,0.20694490920526626,1.9720174778363144,completed,1.5127058029174805,True,COMPLETE
210,2.8853310932496763,2026-06-13 16:46:16.998617,2026-06-13 16:46:18.508491,0 days 00:00:01.509874,LinearRegression,8,False,-0.029588112182917008,-0.018435128519138262,198,-0.024011620351027635,0.005576491831889374,0.03989117685282319,1.9720174778363144,2.8638586280329283,2.9068035584664242,198,2.8853310932496763,0.0214724652167479,0.15360228854440425,1.9720174778363144,912168704197932.2,1066362007645484.5,198,989265355921708.4,77096651723776.06,551507338554042.75,1.9720174778363144,8.177123446395184,8.445120713473836,198,8.31112207993451,0.1339986335393265,0.9585530383073928,1.9720174778363144,2.516778746181965,2.5715479779865356,198,2.5441633620842503,0.02738461590228519,0.19589458550943034,1.9720174778363144,199,0.6482412060301508,-0.051310906195606576,-0.0302710082783101,198,-0.04079095723695834,0.010519948958648237,0.07525396916970416,1.9720174778363144,LinearRegression,"{'mode': 'original', 'type': 'LinearRegression'}",8,"['edges_T6W30', 're_T6W30', 'l1_T6W30', 'l2_T6W30', 'lcc_T6W30', 'atd_T6W30', 'density_T6W30', 'asp_T6W30']",0.05659430229148328,0.09192980420573278,198,0.07426205324860803,0.01766775095712475,0.12638544075182662,1.9720174778363144,3.484804783097328,3.5436774061581433,198,3.5142410946277356,0.029436311530407745,0.2105712954584291,1.9720174778363144,completed,1.5027379989624023,False,COMPLETE
211,2.876164932006097,2026-06-13 16:46:18.518964,2026-06-13 16:46:20.033667,0 days 00:00:01.514703,LinearRegression,7,True,-0.026043925463083258,-0.015375794585298096,198,-0.020709860024190677,0.005334065438892581,0.038156990843345874,1.9720174778363144,2.854837446722717,2.897492417289477,198,2.876164932006097,0.02132748528338002,0.15256518128477983,1.9720174778363144,915863941061235.8,1070010860580924.8,198,992937400821080.2,77073459759844.52,551341435910831.3,1.9720174778363144,8.228524158240898,8.585059251394476,198,8.406791704817687,0.17826754657678825,1.2752286638254022,1.9720174778363144,2.5377127019379553,2.591525163968727,198,2.564618932953341,0.02690623101538559,0.19247248130802166,1.9720174778363144,199,0.6633165829145728,-0.04886465306905599,-0.028492371239671965,198,-0.03867851215436398,0.010186140914692013,0.07286608873917887,1.9720174778363144,LinearRegression,"{'mode': 'original', 'type': 'LinearRegression'}",7,"['nodes_T6W30', 're_T6W30', 'l1_T6W30', 'lcc_T6W30', 'atd_T6W30', 'density_T6W30', 'diameter_T6W30']",0.05135531474327504,0.08631531435634168,198,0.06883531454980836,0.01747999980653332,0.1250423715645404,1.9720174778363144,3.4811414390739377,3.541302457605124,198,3.511221948339531,0.030080509265593185,0.2151795342144722,1.9720174778363144,completed,1.5080230236053467,True,COMPLETE
212,2.8513314967020507,2026-06-13 16:46:20.043792,2026-06-13 16:46:21.639944,0 days 00:00:01.596152,LinearRegression,5,True,-0.01660084914995754,-0.007059292545068688,198,-0.011830070847513115,0.004770778302444427,0.03412754231972802,1.9720174778363144,2.830665013114236,2.871997980289865,198,2.8513314967020507,0.020666483587814515,0.14783673617399667,1.9720174778363144,913912311968767.1,1068079662816220.9,198,990995987392494.0,77083675423726.83,551414513190756.25,1.9720174778363144,8.168328954867894,8.5083652276265,198,8.338347091247197,0.17001813637930344,1.2162168888529183,1.9720174778363144,2.5419422142935546,2.5939577831893703,198,2.5679499987414625,0.026007784447907977,0.18604548526884368,1.9720174778363144,199,0.5678391959798995,-0.0292468720350346,-0.011399749388781298,198,-0.02032331071190795,0.008923561323126652,0.06383428392420891,1.9720174778363144,LinearRegression,"{'mode': 'original', 'type': 'LinearRegression'}",5,"['nodes_T6W30', 'l1_T6W30', 'lcc_T6W30', 'atd_T6W30', 'density_T6W30']",0.08326702061241742,0.11777968273430067,198,0.10052335167335905,0.017256331060941626,0.123442367519735,1.9720174778363144,3.4515812529774124,3.509439992020985,198,3.4805106224991986,0.028929369521786426,0.20694490920526626,1.9720174778363144,completed,1.5891869068145752,True,COMPLETE
213,2.8513314967020507,2026-06-13 16:46:21.649533,2026-06-13 16:46:23.148479,0 days 00:00:01.498946,LinearRegression,5,True,-0.01660084914995754,-0.007059292545068688,198,-0.011830070847513115,0.004770778302444427,0.03412754231972802,1.9720174778363144,2.830665013114236,2.871997980289865,198,2.8513314967020507,0.020666483587814515,0.14783673617399667,1.9720174778363144,913912311968767.1,1068079662816220.9,198,990995987392494.0,77083675423726.83,551414513190756.25,1.9720174778363144,8.168328954867894,8.5083652276265,198,8.338347091247197,0.17001813637930344,1.2162168888529183,1.9720174778363144,2.5419422142935546,2.5939577831893703,198,2.5679499987414625,0.026007784447907977,0.18604548526884368,1.9720174778363144,199,0.5678391959798995,-0.0292468720350346,-0.011399749388781298,198,-0.02032331071190795,0.008923561323126652,0.06383428392420891,1.9720174778363144,LinearRegression,"{'mode': 'original', 'type': 'LinearRegression'}",5,"['nodes_T6W30', 'l1_T6W30', 'lcc_T6W30', 'atd_T6W30', 'density_T6W30']",0.08326702061241742,0.11777968273430067,198,0.10052335167335905,0.017256331060941626,0.123442367519735,1.9720174778363144,3.4515812529774124,3.509439992020985,198,3.4805106224991986,0.028929369521786426,0.20694490920526626,1.9720174778363144,completed,1.4917120933532715,True,COMPLETE
214,2.8129839988620833,2026-06-13 16:46:23.158801,2026-06-13 16:46:24.703047,0 days 00:00:01.544246,LinearRegression,3,False,-0.0022413906914235705,0.00570767349925036,198,0.0017331414039133944,0.003974532095336965,0.028431631839867823,1.9720174778363144,2.794255537604273,2.8317124601198937,198,2.8129839988620833,0.018728461257810268,0.13397318291479168,1.9720174778363144,906991808599273.9,1058963686439454.9,198,982977747519364.4,75985938920090.45,543561905794481.7,1.9720174778363144,8.05873168711648,8.34048979791479,198,8.199610742515635,0.1408790553991562,1.007771818412645,1.9720174778363144,2.5160260860091577,2.5679998276696323,198,2.542012956839395,0.02598687083023729,0.18589588067041804,1.9720174778363144,199,0.35678391959798994,0.0011432016960663755,0.015417534042327423,198,0.008280367869196899,0.007137166173130523,0.05105538869656594,1.9720174778363144,LinearRegression,"{'mode': 'original', 'type': 'LinearRegression'}",3,"['l1_T6W30', 'atd_T6W30', 'density_T6W30']",0.13306924198883024,0.1656757824404677,198,0.14937251221464898,0.016303270225818747,0.11662469083849707,1.9720174778363144,3.405016039006464,3.4583258738566234,198,3.4316709564315437,0.026654917425079836,0.19067472114291656,1.9720174778363144,completed,1.537613868713379,False,COMPLETE
215,2.9280851996588066,2026-06-13 16:46:24.712420,2026-06-13 16:46:26.208185,0 days 00:00:01.495765,LinearRegression,10,True,-0.0456436678786241,-0.032692545365608824,198,-0.039168106622116464,0.006475561256507641,0.046322628471799535,1.9720174778363144,2.904435019876201,2.9517353794414123,198,2.9280851996588066,0.02365017978260567,0.16918046914619816,1.9720174778363144,928868731930653.5,1086526188208227.8,198,1007697460069440.6,78828728138787.12,563897667218865.6,1.9720174778363144,8.367747705685566,8.73027725997639,198,8.549012482830978,0.18126477714541117,1.296669214315927,1.9720174778363144,2.537362120102505,2.5951017461745134,198,2.5662319331385093,0.028869813036004194,0.20651887463394566,1.9720174778363144,199,0.7738693467336684,-0.08592462297838685,-0.05907878786666351,198,-0.07250170542252518,0.013422917555861672,0.09602022099982616,1.9720174778363144,LinearRegression,"{'mode': 'original', 'type': 'LinearRegression'}",10,"['nodes_T6W30', 'edges_T6W30', 're_T6W30', 'l1_T6W30', 'l2_T6W30', 'lcc_T6W30', 'atd_T6W30', 'density_T6W30', 'diameter_T6W30', 'asp_T6W30']",0.026641187637317494,0.06260065267536488,198,0.04462092015634119,0.017979732519023697,0.1286171864506837,1.9720174778363144,3.533527926381462,3.5995917228629266,198,3.5665598246221943,0.03303189824073247,0.2362921589825182,1.9720174778363144,completed,1.4893009662628174,True,COMPLETE
216,2.852615032437553,2026-06-13 16:46:26.217831,2026-06-13 16:46:27.726307,0 days 00:00:01.508476,LinearRegression,3,True,-0.01626967816461508,-0.008232629138758597,198,-0.012251153651686839,0.004018524512928242,0.028746329567977343,1.9720174778363144,2.8329833023026665,2.87224676257244,198,2.852615032437553,0.019631730134886696,0.14043467512303878,1.9720174778363144,913677034700775.8,1067838423505994.8,198,990757729103385.2,77080694402609.44,551393188593826.7,1.9720174778363144,8.177105751945122,8.536554424347846,198,8.356830088146484,0.17972433620136236,1.285649741144824,1.9720174778363144,2.545295010615647,2.6046830836063077,198,2.5749890471109773,0.02969403649533042,0.2124149190958432,1.9720174778363144,199,0.5527638190954773,-0.023503183720000143,-0.008337194535626927,198,-0.015920189127813535,0.007582994592186608,0.05424460170838796,1.9720174778363144,LinearRegression,"{'mode': 'original', 'type': 'LinearRegression'}",3,"['nodes_T6W30', 'lcc_T6W30', 'atd_T6W30']",0.09230355284994202,0.12728537345464108,198,0.10979446315229155,0.01749091030234953,0.12512041929262416,1.9720174778363144,3.4449941452573523,3.5027540532723194,198,3.473874099264836,0.028879954007483614,0.2065914176052151,1.9720174778363144,completed,1.5016131401062012,True,COMPLETE
217,2.9280851996588075,2026-06-13 16:46:27.735775,2026-06-13 16:46:29.268872,0 days 00:00:01.533097,LinearRegression,10,False,-0.04564366787862418,-0.032692545365608956,198,-0.03916810662211657,0.0064755612565076115,0.04632262847179932,1.9720174778363144,2.904435019876202,2.951735379441413,198,2.9280851996588075,0.023650179782605564,0.1691804691461974,1.9720174778363144,928868731930653.4,1086526188208227.6,198,1007697460069440.5,78828728138787.1,563897667218865.4,1.9720174778363144,8.367747705685565,8.730277259976388,198,8.549012482830976,0.18126477714541153,1.2966692143159297,1.9720174778363144,2.5373621201025087,2.595101746174516,198,2.5662319331385124,0.028869813036003836,0.2065188746339431,1.9720174778363144,199,0.7738693467336684,-0.08592462297838642,-0.059078787866663277,198,-0.07250170542252485,0.01342291755586157,0.09602022099982543,1.9720174778363144,LinearRegression,"{'mode': 'original', 'type': 'LinearRegression'}",10,"['nodes_T6W30', 'edges_T6W30', 're_T6W30', 'l1_T6W30', 'l2_T6W30', 'lcc_T6W30', 'atd_T6W30', 'density_T6W30', 'diameter_T6W30', 'asp_T6W30']",0.026641187637317494,0.06260065267536488,198,0.04462092015634119,0.017979732519023697,0.1286171864506837,1.9720174778363144,3.533527926381461,3.5995917228629257,198,3.5665598246221935,0.03303189824073235,0.23629215898251735,1.9720174778363144,completed,1.5264413356781006,False,COMPLETE
218,2.8513314967020507,2026-06-13 16:46:29.278595,2026-06-13 16:46:30.944908,0 days 00:00:01.666313,LinearRegression,5,True,-0.01660084914995754,-0.007059292545068688,198,-0.011830070847513115,0.004770778302444427,0.03412754231972802,1.9720174778363144,2.830665013114236,2.871997980289865,198,2.8513314967020507,0.020666483587814515,0.14783673617399667,1.9720174778363144,913912311968767.1,1068079662816220.9,198,990995987392494.0,77083675423726.83,551414513190756.25,1.9720174778363144,8.168328954867894,8.5083652276265,198,8.338347091247197,0.17001813637930344,1.2162168888529183,1.9720174778363144,2.5419422142935546,2.5939577831893703,198,2.5679499987414625,0.026007784447907977,0.18604548526884368,1.9720174778363144,199,0.5678391959798995,-0.0292468720350346,-0.011399749388781298,198,-0.02032331071190795,0.008923561323126652,0.06383428392420891,1.9720174778363144,LinearRegression,"{'mode': 'original', 'type': 'LinearRegression'}",5,"['nodes_T6W30', 'l1_T6W30', 'lcc_T6W30', 'atd_T6W30', 'density_T6W30']",0.08326702061241742,0.11777968273430067,198,0.10052335167335905,0.017256331060941626,0.123442367519735,1.9720174778363144,3.4515812529774124,3.509439992020985,198,3.4805106224991986,0.028929369521786426,0.20694490920526626,1.9720174778363144,completed,1.6593091487884521,True,COMPLETE
219,2.8853310932496763,2026-06-13 16:46:30.954908,2026-06-13 16:46:32.459616,0 days 00:00:01.504708,LinearRegression,8,False,-0.029588112182917008,-0.018435128519138262,198,-0.024011620351027635,0.005576491831889374,0.03989117685282319,1.9720174778363144,2.8638586280329283,2.9068035584664242,198,2.8853310932496763,0.0214724652167479,0.15360228854440425,1.9720174778363144,912168704197932.2,1066362007645484.5,198,989265355921708.4,77096651723776.06,551507338554042.75,1.9720174778363144,8.177123446395184,8.445120713473836,198,8.31112207993451,0.1339986335393265,0.9585530383073928,1.9720174778363144,2.516778746181965,2.5715479779865356,198,2.5441633620842503,0.02738461590228519,0.19589458550943034,1.9720174778363144,199,0.6482412060301508,-0.051310906195606576,-0.0302710082783101,198,-0.04079095723695834,0.010519948958648237,0.07525396916970416,1.9720174778363144,LinearRegression,"{'mode': 'original', 'type': 'LinearRegression'}",8,"['edges_T6W30', 're_T6W30', 'l1_T6W30', 'l2_T6W30', 'lcc_T6W30', 'atd_T6W30', 'density_T6W30', 'asp_T6W30']",0.05659430229148328,0.09192980420573278,198,0.07426205324860803,0.01766775095712475,0.12638544075182662,1.9720174778363144,3.484804783097328,3.5436774061581433,198,3.5142410946277356,0.029436311530407745,0.2105712954584291,1.9720174778363144,completed,1.4977710247039795,False,COMPLETE
