number,value,datetime_start,datetime_complete,duration,params_regressor,params_rfe_n_features,params_use_scaler,user_attrs_d2mae_ci_lower_val,user_attrs_d2mae_ci_upper_val,user_attrs_d2mae_df_val,user_attrs_d2mae_mean_val,user_attrs_d2mae_samperror_val,user_attrs_d2mae_std_val,user_attrs_d2mae_t_critical_val,user_attrs_mae_ci_lower_val,user_attrs_mae_ci_upper_val,user_attrs_mae_df_val,user_attrs_mae_mean_val,user_attrs_mae_samperror_val,user_attrs_mae_std_val,user_attrs_mae_t_critical_val,user_attrs_mape_ci_lower_val,user_attrs_mape_ci_upper_val,user_attrs_mape_df_val,user_attrs_mape_mean_val,user_attrs_mape_samperror_val,user_attrs_mape_std_val,user_attrs_mape_t_critical_val,user_attrs_max_error_ci_lower_val,user_attrs_max_error_ci_upper_val,user_attrs_max_error_df_val,user_attrs_max_error_mean_val,user_attrs_max_error_samperror_val,user_attrs_max_error_std_val,user_attrs_max_error_t_critical_val,user_attrs_median_ae_ci_lower_val,user_attrs_median_ae_ci_upper_val,user_attrs_median_ae_df_val,user_attrs_median_ae_mean_val,user_attrs_median_ae_samperror_val,user_attrs_median_ae_std_val,user_attrs_median_ae_t_critical_val,user_attrs_n_splits_val,user_attrs_r2_below_zero_val,user_attrs_r2_ci_lower_val,user_attrs_r2_ci_upper_val,user_attrs_r2_df_val,user_attrs_r2_mean_val,user_attrs_r2_samperror_val,user_attrs_r2_std_val,user_attrs_r2_t_critical_val,user_attrs_regressor_final,user_attrs_rfe_estimator,user_attrs_rfe_n_features,user_attrs_rfe_selected_features,user_attrs_rho_ci_lower_val,user_attrs_rho_ci_upper_val,user_attrs_rho_df_val,user_attrs_rho_mean_val,user_attrs_rho_samperror_val,user_attrs_rho_std_val,user_attrs_rho_t_critical_val,user_attrs_rmse_ci_lower_val,user_attrs_rmse_ci_upper_val,user_attrs_rmse_df_val,user_attrs_rmse_mean_val,user_attrs_rmse_samperror_val,user_attrs_rmse_std_val,user_attrs_rmse_t_critical_val,user_attrs_termination_reason,user_attrs_trial_time_seconds,user_attrs_use_scaler_final,state
323,2.986743338744696,2026-06-13 16:49:09.478455,2026-06-13 16:49:10.995485,0 days 00:00:01.517030,LinearRegression,13,False,-0.06723992683114847,-0.052383039282219185,198,-0.05981148305668383,0.007428443774464642,0.05313902956942428,1.9720174778363144,2.9596692224758168,3.0138174550135752,198,2.986743338744696,0.02707411626887903,0.19367344071762574,1.9720174778363144,933041686937859.4,1093095998501997.9,198,1013068842719928.6,80027155782069.22,572470564033686.4,1.9720174778363144,8.919638128135833,9.414145339984398,198,9.166891734060115,0.2472536059242817,1.768717254281713,1.9720174778363144,2.6188181271151634,2.6806865325686773,198,2.6497523298419203,0.030934202726756822,0.22128639097388383,1.9720174778363144,199,0.9095477386934674,-0.1419717391104994,-0.10939854012858309,198,-0.12568513961954125,0.01628659949095816,0.11650543750635957,1.9720174778363144,LinearRegression,"{'mode': 'original', 'type': 'LinearRegression'}",13,"['nodes_T6W30', 'edges_T6W30', 're_T6W30', 'pe_T6W30', 'l1_T6W30', 'l2_T6W30', 'l3_T6W30', 'lcc_T6W30', 'lsc_T6W30', 'atd_T6W30', 'density_T6W30', 'diameter_T6W30', 'asp_T6W30']",-0.03394459252056728,0.003141306687937091,198,-0.015401642916315095,0.018542949604252186,0.13264613386613597,1.9720174778363144,3.615363891121135,3.69215638805202,198,3.6537601395865775,0.03839624846544243,0.27466579064296026,1.9720174778363144,completed,1.5105438232421875,False,COMPLETE
324,2.8348647641186933,2026-06-13 16:49:11.005158,2026-06-13 16:49:12.616573,0 days 00:00:01.611415,LinearRegression,2,True,-0.009627419824185404,-0.002366648783510576,198,-0.00599703430384799,0.003630385520337414,0.025969795204854026,1.9720174778363144,2.8163303439882847,2.8533991842491018,198,2.8348647641186933,0.018534420130408593,0.1325851186688016,1.9720174778363144,913403662221971.5,1067026538855880.5,198,990215100538926.0,76811438316954.52,549467077616646.2,1.9720174778363144,8.124088327764781,8.470367333085829,198,8.297227830425305,0.173139502660524,1.2385454384321652,1.9720174778363144,2.5305394696765484,2.590213906123415,198,2.5603766878999816,0.02983721822343325,0.2134391629771272,1.9720174778363144,199,0.4271356783919598,-0.008170849692681401,0.00489456463681147,198,-0.001638142527934965,0.006532707164746436,0.046731419087959476,1.9720174778363144,LinearRegression,"{'mode': 'original', 'type': 'LinearRegression'}",2,"['nodes_T6W30', 'lcc_T6W30']",0.11669913183733446,0.1518473623414093,198,0.13427324708937188,0.017574115252037417,0.1257156220586444,1.9720174778363144,3.4218630453644514,3.4771810859804133,198,3.4495220656724324,0.027659020307981053,0.1978575247563258,1.9720174778363144,completed,1.604862928390503,True,COMPLETE
325,2.8201591688155343,2026-06-13 16:49:12.626372,2026-06-13 16:49:14.116199,0 days 00:00:01.489827,LinearRegression,2,False,-0.004372660562852513,0.0028540345074412163,198,-0.0007593130277056484,0.0036133475351468646,0.025847914764437117,1.9720174778363144,2.8015329934418753,2.8387853441891933,198,2.8201591688155343,0.018626175373659,0.1332414855650543,1.9720174778363144,904252217152114.0,1056194361600373.5,198,980223289376243.8,75971072224129.7,543455557571321.75,1.9720174778363144,8.100270254052393,8.379143722399682,198,8.239706988226038,0.1394367341736445,0.9974542401179101,1.9720174778363144,2.5008267155252653,2.552892208693971,198,2.526859462109618,0.0260327465843528,0.18622405075940004,1.9720174778363144,199,0.3869346733668342,-0.0007905147288403422,0.011644833790040623,198,0.005427159530600141,0.006217674259440483,0.04447784574492087,1.9720174778363144,LinearRegression,"{'mode': 'original', 'type': 'LinearRegression'}",2,"['atd_T6W30', 'density_T6W30']",0.13160073394041955,0.16612105317394776,198,0.14886089355718365,0.0172601596167641,0.12346975491704665,1.9720174778363144,3.4102200670090435,3.464309722207253,198,3.4372648946081483,0.02704482759910477,0.1934639255706533,1.9720174778363144,completed,1.48319673538208,False,COMPLETE
326,2.857004985969022,2026-06-13 16:49:14.125962,2026-06-13 16:49:15.581036,0 days 00:00:01.455074,LinearRegression,6,False,-0.018680740867336138,-0.009085521693643264,198,-0.0138831312804897,0.0047976095868464365,0.034319478673897535,1.9720174778363144,2.836581783450746,2.877428188487298,198,2.857004985969022,0.020423202518275917,0.14609643627533794,1.9720174778363144,910456878817284.0,1064532196948585.8,198,987494537882934.9,77037659065650.81,551085337297834.44,1.9720174778363144,8.04813479496856,8.328691905452468,198,8.188413350210514,0.14027855524195326,1.0034761682631825,1.9720174778363144,2.5405755272922885,2.5994572365731194,198,2.570016381932704,0.0294408546404155,0.2106037943861142,1.9720174778363144,199,0.5527638190954773,-0.026530108456956192,-0.009017676545760916,198,-0.017773892501358555,0.008756215955597639,0.06263718656392482,1.9720174778363144,LinearRegression,"{'mode': 'original', 'type': 'LinearRegression'}",6,"['edges_T6W30', 're_T6W30', 'l1_T6W30', 'l2_T6W30', 'atd_T6W30', 'density_T6W30']",0.09131345967350916,0.12517103090390302,198,0.1082422452887061,0.016928785615196937,0.12109928629637183,1.9720174778363144,3.4479857760727564,3.503693697860345,198,3.4758397369665506,0.027853960893794317,0.19925202323653518,1.9720174778363144,completed,1.4486510753631592,False,COMPLETE
327,2.8348647641186933,2026-06-13 16:49:15.590550,2026-06-13 16:49:17.038963,0 days 00:00:01.448413,LinearRegression,2,True,-0.009627419824185404,-0.002366648783510576,198,-0.00599703430384799,0.003630385520337414,0.025969795204854026,1.9720174778363144,2.8163303439882847,2.8533991842491018,198,2.8348647641186933,0.018534420130408593,0.1325851186688016,1.9720174778363144,913403662221971.5,1067026538855880.5,198,990215100538926.0,76811438316954.52,549467077616646.2,1.9720174778363144,8.124088327764781,8.470367333085829,198,8.297227830425305,0.173139502660524,1.2385454384321652,1.9720174778363144,2.5305394696765484,2.590213906123415,198,2.5603766878999816,0.02983721822343325,0.2134391629771272,1.9720174778363144,199,0.4271356783919598,-0.008170849692681401,0.00489456463681147,198,-0.001638142527934965,0.006532707164746436,0.046731419087959476,1.9720174778363144,LinearRegression,"{'mode': 'original', 'type': 'LinearRegression'}",2,"['nodes_T6W30', 'lcc_T6W30']",0.11669913183733446,0.1518473623414093,198,0.13427324708937188,0.017574115252037417,0.1257156220586444,1.9720174778363144,3.4218630453644514,3.4771810859804133,198,3.4495220656724324,0.027659020307981053,0.1978575247563258,1.9720174778363144,completed,1.441493034362793,True,COMPLETE
328,2.9280851996588066,2026-06-13 16:49:17.049136,2026-06-13 16:49:18.620917,0 days 00:00:01.571781,LinearRegression,10,True,-0.0456436678786241,-0.032692545365608824,198,-0.039168106622116464,0.006475561256507641,0.046322628471799535,1.9720174778363144,2.904435019876201,2.9517353794414123,198,2.9280851996588066,0.02365017978260567,0.16918046914619816,1.9720174778363144,928868731930653.5,1086526188208227.8,198,1007697460069440.6,78828728138787.12,563897667218865.6,1.9720174778363144,8.367747705685566,8.73027725997639,198,8.549012482830978,0.18126477714541117,1.296669214315927,1.9720174778363144,2.537362120102505,2.5951017461745134,198,2.5662319331385093,0.028869813036004194,0.20651887463394566,1.9720174778363144,199,0.7738693467336684,-0.08592462297838685,-0.05907878786666351,198,-0.07250170542252518,0.013422917555861672,0.09602022099982616,1.9720174778363144,LinearRegression,"{'mode': 'original', 'type': 'LinearRegression'}",10,"['nodes_T6W30', 'edges_T6W30', 're_T6W30', 'l1_T6W30', 'l2_T6W30', 'lcc_T6W30', 'atd_T6W30', 'density_T6W30', 'diameter_T6W30', 'asp_T6W30']",0.026641187637317494,0.06260065267536488,198,0.04462092015634119,0.017979732519023697,0.1286171864506837,1.9720174778363144,3.533527926381462,3.5995917228629266,198,3.5665598246221943,0.03303189824073247,0.2362921589825182,1.9720174778363144,completed,1.5646028518676758,True,COMPLETE
329,2.942259860630393,2026-06-13 16:49:18.631272,2026-06-13 16:49:20.218266,0 days 00:00:01.586994,LinearRegression,11,True,-0.05090278829096451,-0.037482726711585895,198,-0.0441927575012752,0.006710030789689303,0.047999895451957486,1.9720174778363144,2.9179773618223366,2.9665423594384497,198,2.942259860630393,0.024282498808056385,0.1737037341005939,1.9720174778363144,934701717387776.9,1095015086052072.9,198,1014858401719924.9,80156684332147.95,573397140536342.1,1.9720174778363144,8.373519174076295,8.742747923246656,198,8.558133548661475,0.18461437458518037,1.3206304049504205,1.9720174778363144,2.581197668735732,2.6421496756080485,198,2.6116736721718903,0.03047600343615835,0.2180086835036464,1.9720174778363144,199,0.7989949748743719,-0.09561080329680369,-0.06771476825766445,198,-0.08166278577723407,0.013948017519569613,0.09977649934634847,1.9720174778363144,LinearRegression,"{'mode': 'original', 'type': 'LinearRegression'}",11,"['nodes_T6W30', 'edges_T6W30', 're_T6W30', 'l1_T6W30', 'l2_T6W30', 'lcc_T6W30', 'lsc_T6W30', 'atd_T6W30', 'density_T6W30', 'diameter_T6W30', 'asp_T6W30']",0.0027093330000894644,0.03838858951249244,198,0.02054896125629095,0.017839628256201487,0.1276149570751981,1.9720174778363144,3.5479092522146893,3.615046558153003,198,3.581477905183846,0.033568652969156884,0.24013180915033935,1.9720174778363144,completed,1.5800342559814453,True,COMPLETE
330,2.8513314967020507,2026-06-13 16:49:20.227999,2026-06-13 16:49:21.745947,0 days 00:00:01.517948,LinearRegression,5,True,-0.01660084914995754,-0.007059292545068688,198,-0.011830070847513115,0.004770778302444427,0.03412754231972802,1.9720174778363144,2.830665013114236,2.871997980289865,198,2.8513314967020507,0.020666483587814515,0.14783673617399667,1.9720174778363144,913912311968767.1,1068079662816220.9,198,990995987392494.0,77083675423726.83,551414513190756.25,1.9720174778363144,8.168328954867894,8.5083652276265,198,8.338347091247197,0.17001813637930344,1.2162168888529183,1.9720174778363144,2.5419422142935546,2.5939577831893703,198,2.5679499987414625,0.026007784447907977,0.18604548526884368,1.9720174778363144,199,0.5678391959798995,-0.0292468720350346,-0.011399749388781298,198,-0.02032331071190795,0.008923561323126652,0.06383428392420891,1.9720174778363144,LinearRegression,"{'mode': 'original', 'type': 'LinearRegression'}",5,"['nodes_T6W30', 'l1_T6W30', 'lcc_T6W30', 'atd_T6W30', 'density_T6W30']",0.08326702061241742,0.11777968273430067,198,0.10052335167335905,0.017256331060941626,0.123442367519735,1.9720174778363144,3.4515812529774124,3.509439992020985,198,3.4805106224991986,0.028929369521786426,0.20694490920526626,1.9720174778363144,completed,1.51143217086792,True,COMPLETE
331,2.852615032437553,2026-06-13 16:49:21.755349,2026-06-13 16:49:23.357878,0 days 00:00:01.602529,LinearRegression,3,True,-0.01626967816461508,-0.008232629138758597,198,-0.012251153651686839,0.004018524512928242,0.028746329567977343,1.9720174778363144,2.8329833023026665,2.87224676257244,198,2.852615032437553,0.019631730134886696,0.14043467512303878,1.9720174778363144,913677034700775.8,1067838423505994.8,198,990757729103385.2,77080694402609.44,551393188593826.7,1.9720174778363144,8.177105751945122,8.536554424347846,198,8.356830088146484,0.17972433620136236,1.285649741144824,1.9720174778363144,2.545295010615647,2.6046830836063077,198,2.5749890471109773,0.02969403649533042,0.2124149190958432,1.9720174778363144,199,0.5527638190954773,-0.023503183720000143,-0.008337194535626927,198,-0.015920189127813535,0.007582994592186608,0.05424460170838796,1.9720174778363144,LinearRegression,"{'mode': 'original', 'type': 'LinearRegression'}",3,"['nodes_T6W30', 'lcc_T6W30', 'atd_T6W30']",0.09230355284994202,0.12728537345464108,198,0.10979446315229155,0.01749091030234953,0.12512041929262416,1.9720174778363144,3.4449941452573523,3.5027540532723194,198,3.473874099264836,0.028879954007483614,0.2065914176052151,1.9720174778363144,completed,1.595900058746338,True,COMPLETE
332,2.9867433387446956,2026-06-13 16:49:23.367525,2026-06-13 16:49:24.900906,0 days 00:00:01.533381,LinearRegression,13,True,-0.06723992683114832,-0.052383039282219,198,-0.05981148305668366,0.007428443774464665,0.05313902956942445,1.9720174778363144,2.9596692224758163,3.013817455013575,198,2.9867433387446956,0.02707411626887906,0.19367344071762596,1.9720174778363144,933041686937858.8,1093095998501997.2,198,1013068842719928.0,80027155782069.25,572470564033686.6,1.9720174778363144,8.91963812813583,9.41414533998439,198,9.16689173406011,0.2472536059242796,1.7687172542816978,1.9720174778363144,2.6188181271151643,2.6806865325686773,198,2.6497523298419208,0.030934202726756663,0.22128639097388272,1.9720174778363144,199,0.9095477386934674,-0.14197173911050004,-0.10939854012858352,198,-0.12568513961954178,0.01628659949095826,0.11650543750636029,1.9720174778363144,LinearRegression,"{'mode': 'original', 'type': 'LinearRegression'}",13,"['nodes_T6W30', 'edges_T6W30', 're_T6W30', 'pe_T6W30', 'l1_T6W30', 'l2_T6W30', 'l3_T6W30', 'lcc_T6W30', 'lsc_T6W30', 'atd_T6W30', 'density_T6W30', 'diameter_T6W30', 'asp_T6W30']",-0.03394459252056728,0.003141306687937091,198,-0.015401642916315095,0.018542949604252186,0.13264613386613597,1.9720174778363144,3.6153638911211354,3.6921563880520205,198,3.653760139586578,0.03839624846544249,0.27466579064296076,1.9720174778363144,completed,1.526381015777588,True,COMPLETE
333,2.8924753298402974,2026-06-13 16:49:24.910949,2026-06-13 16:49:26.462647,0 days 00:00:01.551698,LinearRegression,8,True,-0.03228880453421842,-0.020690789822841053,198,-0.026489797178529735,0.005799007355688683,0.04148293137878103,1.9720174778363144,2.8700868823678367,2.914863777312758,198,2.8924753298402974,0.02238844747246061,0.16015472531974936,1.9720174778363144,919332644971076.0,1075239165735049.8,198,997285905353062.9,77953260381986.83,557635049040936.3,1.9720174778363144,8.262591600226667,8.600814052195439,198,8.431702826211053,0.1691112259843865,1.209729347214928,1.9720174778363144,2.508375740174389,2.5631484608917092,198,2.535762100533049,0.027386360358660315,0.19590706439756828,1.9720174778363144,199,0.6884422110552764,-0.0582460623287968,-0.03576636913690402,198,-0.04700621573285041,0.011239846595946384,0.08040372368044646,1.9720174778363144,LinearRegression,"{'mode': 'original', 'type': 'LinearRegression'}",8,"['nodes_T6W30', 're_T6W30', 'l1_T6W30', 'l2_T6W30', 'lcc_T6W30', 'atd_T6W30', 'density_T6W30', 'diameter_T6W30']",0.056886636850288406,0.09207943395247634,198,0.07448303540138237,0.01759639855109397,0.12587502460962563,1.9720174778363144,3.493783920782436,3.5559143604098318,198,3.524849140596134,0.03106521981369778,0.2222236156562578,1.9720174778363144,completed,1.5447180271148682,True,COMPLETE
334,2.942259860630393,2026-06-13 16:49:26.472049,2026-06-13 16:49:27.929547,0 days 00:00:01.457498,LinearRegression,11,True,-0.05090278829096451,-0.037482726711585895,198,-0.0441927575012752,0.006710030789689303,0.047999895451957486,1.9720174778363144,2.9179773618223366,2.9665423594384497,198,2.942259860630393,0.024282498808056385,0.1737037341005939,1.9720174778363144,934701717387776.9,1095015086052072.9,198,1014858401719924.9,80156684332147.95,573397140536342.1,1.9720174778363144,8.373519174076295,8.742747923246656,198,8.558133548661475,0.18461437458518037,1.3206304049504205,1.9720174778363144,2.581197668735732,2.6421496756080485,198,2.6116736721718903,0.03047600343615835,0.2180086835036464,1.9720174778363144,199,0.7989949748743719,-0.09561080329680369,-0.06771476825766445,198,-0.08166278577723407,0.013948017519569613,0.09977649934634847,1.9720174778363144,LinearRegression,"{'mode': 'original', 'type': 'LinearRegression'}",11,"['nodes_T6W30', 'edges_T6W30', 're_T6W30', 'l1_T6W30', 'l2_T6W30', 'lcc_T6W30', 'lsc_T6W30', 'atd_T6W30', 'density_T6W30', 'diameter_T6W30', 'asp_T6W30']",0.0027093330000894644,0.03838858951249244,198,0.02054896125629095,0.017839628256201487,0.1276149570751981,1.9720174778363144,3.5479092522146893,3.615046558153003,198,3.581477905183846,0.033568652969156884,0.24013180915033935,1.9720174778363144,completed,1.4512090682983398,True,COMPLETE
335,2.9647592771798874,2026-06-13 16:49:27.939205,2026-06-13 16:49:29.458306,0 days 00:00:01.519101,LinearRegression,12,False,-0.059251680269482486,-0.04488646722780209,198,-0.05206907374864229,0.007182606520840198,0.05138044412592648,1.9720174778363144,2.938648507921749,2.990870046438026,198,2.9647592771798874,0.02611076925813858,0.18678218235402017,1.9720174778363144,937108165149014.8,1097411825361032.5,198,1017259995255023.6,80151830106008.9,573362416053776.1,1.9720174778363144,8.874762335712783,9.376274673663653,198,9.125518504688218,0.250756168975435,1.793772677354821,1.9720174778363144,2.611179437273145,2.6710726039016257,198,2.6411260205873854,0.02994658331424021,0.21422150110482913,1.9720174778363144,199,0.8592964824120602,-0.12476184928713652,-0.09301783249030326,198,-0.10888984088871989,0.015872008398416626,0.1135396792675322,1.9720174778363144,LinearRegression,"{'mode': 'original', 'type': 'LinearRegression'}",12,"['nodes_T6W30', 'edges_T6W30', 're_T6W30', 'pe_T6W30', 'l1_T6W30', 'l2_T6W30', 'lcc_T6W30', 'lsc_T6W30', 'atd_T6W30', 'density_T6W30', 'diameter_T6W30', 'asp_T6W30']",-0.014138625441093122,0.021904102371988858,198,0.0038827384654478683,0.01802136390654099,0.12891499465916775,1.9720174778363144,3.5887205058887477,3.6641208048507186,198,3.626420655369733,0.03770014948098531,0.2696862786965326,1.9720174778363144,completed,1.5119810104370117,False,COMPLETE
336,2.827300096608686,2026-06-13 16:49:29.468450,2026-06-13 16:49:31.031430,0 days 00:00:01.562980,LinearRegression,4,False,-0.007728018275767831,0.0010008096731314265,198,-0.0033636043013182022,0.004364413974449629,0.031220633861256036,1.9720174778363144,2.807997768947776,2.846602424269596,198,2.827300096608686,0.019302327660909942,0.1380783097339565,1.9720174778363144,905880331497303.1,1057885735688318.6,198,981883033592810.9,76002702095507.75,543681820395873.7,1.9720174778363144,8.052177907056711,8.338304491163745,198,8.195241199110228,0.14306329205351795,1.0233966544734272,1.9720174778363144,2.5253264967394764,2.5798115170874856,198,2.552569006913481,0.02724251017400478,0.19487803874319712,1.9720174778363144,199,0.4321608040201005,-0.00941361065182822,0.006623714868455488,198,-0.001394947891686365,0.008018662760141853,0.057361133833058874,1.9720174778363144,LinearRegression,"{'mode': 'original', 'type': 'LinearRegression'}",4,"['edges_T6W30', 'l1_T6W30', 'atd_T6W30', 'density_T6W30']",0.1164537354362241,0.14996103355865098,198,0.13320738449743755,0.016753649061213446,0.11984645504350465,1.9720174778363144,3.420690095267784,3.475535844114297,198,3.4481129696910404,0.027422874423256548,0.19616826607280324,1.9720174778363144,completed,1.5563628673553467,False,COMPLETE
337,2.8348647641186933,2026-06-13 16:49:31.040802,2026-06-13 16:49:32.590916,0 days 00:00:01.550114,LinearRegression,2,True,-0.009627419824185404,-0.002366648783510576,198,-0.00599703430384799,0.003630385520337414,0.025969795204854026,1.9720174778363144,2.8163303439882847,2.8533991842491018,198,2.8348647641186933,0.018534420130408593,0.1325851186688016,1.9720174778363144,913403662221971.5,1067026538855880.5,198,990215100538926.0,76811438316954.52,549467077616646.2,1.9720174778363144,8.124088327764781,8.470367333085829,198,8.297227830425305,0.173139502660524,1.2385454384321652,1.9720174778363144,2.5305394696765484,2.590213906123415,198,2.5603766878999816,0.02983721822343325,0.2134391629771272,1.9720174778363144,199,0.4271356783919598,-0.008170849692681401,0.00489456463681147,198,-0.001638142527934965,0.006532707164746436,0.046731419087959476,1.9720174778363144,LinearRegression,"{'mode': 'original', 'type': 'LinearRegression'}",2,"['nodes_T6W30', 'lcc_T6W30']",0.11669913183733446,0.1518473623414093,198,0.13427324708937188,0.017574115252037417,0.1257156220586444,1.9720174778363144,3.4218630453644514,3.4771810859804133,198,3.4495220656724324,0.027659020307981053,0.1978575247563258,1.9720174778363144,completed,1.5439443588256836,True,COMPLETE
