number,value,datetime_start,datetime_complete,duration,params_regressor,params_rfe_n_features,params_use_scaler,user_attrs_d2mae_ci_lower_val,user_attrs_d2mae_ci_upper_val,user_attrs_d2mae_df_val,user_attrs_d2mae_mean_val,user_attrs_d2mae_samperror_val,user_attrs_d2mae_std_val,user_attrs_d2mae_t_critical_val,user_attrs_mae_ci_lower_val,user_attrs_mae_ci_upper_val,user_attrs_mae_df_val,user_attrs_mae_mean_val,user_attrs_mae_samperror_val,user_attrs_mae_std_val,user_attrs_mae_t_critical_val,user_attrs_mape_ci_lower_val,user_attrs_mape_ci_upper_val,user_attrs_mape_df_val,user_attrs_mape_mean_val,user_attrs_mape_samperror_val,user_attrs_mape_std_val,user_attrs_mape_t_critical_val,user_attrs_max_error_ci_lower_val,user_attrs_max_error_ci_upper_val,user_attrs_max_error_df_val,user_attrs_max_error_mean_val,user_attrs_max_error_samperror_val,user_attrs_max_error_std_val,user_attrs_max_error_t_critical_val,user_attrs_median_ae_ci_lower_val,user_attrs_median_ae_ci_upper_val,user_attrs_median_ae_df_val,user_attrs_median_ae_mean_val,user_attrs_median_ae_samperror_val,user_attrs_median_ae_std_val,user_attrs_median_ae_t_critical_val,user_attrs_n_splits_val,user_attrs_r2_below_zero_val,user_attrs_r2_ci_lower_val,user_attrs_r2_ci_upper_val,user_attrs_r2_df_val,user_attrs_r2_mean_val,user_attrs_r2_samperror_val,user_attrs_r2_std_val,user_attrs_r2_t_critical_val,user_attrs_regressor_final,user_attrs_rfe_estimator,user_attrs_rfe_n_features,user_attrs_rfe_selected_features,user_attrs_rho_ci_lower_val,user_attrs_rho_ci_upper_val,user_attrs_rho_df_val,user_attrs_rho_mean_val,user_attrs_rho_samperror_val,user_attrs_rho_std_val,user_attrs_rho_t_critical_val,user_attrs_rmse_ci_lower_val,user_attrs_rmse_ci_upper_val,user_attrs_rmse_df_val,user_attrs_rmse_mean_val,user_attrs_rmse_samperror_val,user_attrs_rmse_std_val,user_attrs_rmse_t_critical_val,user_attrs_termination_reason,user_attrs_trial_time_seconds,user_attrs_use_scaler_final,state
42,2.8201591688155343,2026-06-13 16:42:03.287139,2026-06-13 16:42:04.774339,0 days 00:00:01.487200,LinearRegression,2,False,-0.004372660562852513,0.0028540345074412163,198,-0.0007593130277056484,0.0036133475351468646,0.025847914764437117,1.9720174778363144,2.8015329934418753,2.8387853441891933,198,2.8201591688155343,0.018626175373659,0.1332414855650543,1.9720174778363144,904252217152114.0,1056194361600373.5,198,980223289376243.8,75971072224129.7,543455557571321.75,1.9720174778363144,8.100270254052393,8.379143722399682,198,8.239706988226038,0.1394367341736445,0.9974542401179101,1.9720174778363144,2.5008267155252653,2.552892208693971,198,2.526859462109618,0.0260327465843528,0.18622405075940004,1.9720174778363144,199,0.3869346733668342,-0.0007905147288403422,0.011644833790040623,198,0.005427159530600141,0.006217674259440483,0.04447784574492087,1.9720174778363144,LinearRegression,"{'mode': 'original', 'type': 'LinearRegression'}",2,"['atd_T6W30', 'density_T6W30']",0.13160073394041955,0.16612105317394776,198,0.14886089355718365,0.0172601596167641,0.12346975491704665,1.9720174778363144,3.4102200670090435,3.464309722207253,198,3.4372648946081483,0.02704482759910477,0.1934639255706533,1.9720174778363144,completed,1.4800910949707031,False,COMPLETE
43,2.8570146195930795,2026-06-13 16:42:04.784684,2026-06-13 16:42:06.279987,0 days 00:00:01.495303,LinearRegression,4,True,-0.01807571774502828,-0.009539851130952792,198,-0.013807784437990536,0.004267933307037744,0.030530463861437006,1.9720174778363144,2.8369192412538404,2.8771099979323185,198,2.8570146195930795,0.020095378339238825,0.14375136114623666,1.9720174778363144,909306560346574.4,1063073034945352.9,198,986189797645963.6,76883237299389.27,549980688322534.56,1.9720174778363144,8.21049446866252,8.550266496383854,198,8.380380482523186,0.16988601386066654,1.2152717565159452,1.9720174778363144,2.5332617033135296,2.588111859474436,198,2.560686781393983,0.02742507808045315,0.1961840298328163,1.9720174778363144,199,0.592964824120603,-0.03029169020602427,-0.014542179015996174,198,-0.02241693461101022,0.007874755595014047,0.05633170057151013,1.9720174778363144,LinearRegression,"{'mode': 'original', 'type': 'LinearRegression'}",4,"['nodes_T6W30', 'lcc_T6W30', 'atd_T6W30', 'density_T6W30']",0.07111448130543241,0.10674329782581887,198,0.08892888956562564,0.017814408260193235,0.12743454699816015,1.9720174778363144,3.4559199354985486,3.5135929502085217,198,3.484756442853535,0.028836507354986697,0.2062806239825101,1.9720174778363144,completed,1.4885168075561523,True,COMPLETE
44,2.986743338744696,2026-06-13 16:42:06.289289,2026-06-13 16:42:07.700870,0 days 00:00:01.411581,LinearRegression,13,False,-0.06723992683114847,-0.052383039282219185,198,-0.05981148305668383,0.007428443774464642,0.05313902956942428,1.9720174778363144,2.9596692224758168,3.0138174550135752,198,2.986743338744696,0.02707411626887903,0.19367344071762574,1.9720174778363144,933041686937859.4,1093095998501997.9,198,1013068842719928.6,80027155782069.22,572470564033686.4,1.9720174778363144,8.919638128135833,9.414145339984398,198,9.166891734060115,0.2472536059242817,1.768717254281713,1.9720174778363144,2.6188181271151634,2.6806865325686773,198,2.6497523298419203,0.030934202726756822,0.22128639097388383,1.9720174778363144,199,0.9095477386934674,-0.1419717391104994,-0.10939854012858309,198,-0.12568513961954125,0.01628659949095816,0.11650543750635957,1.9720174778363144,LinearRegression,"{'mode': 'original', 'type': 'LinearRegression'}",13,"['nodes_T6W30', 'edges_T6W30', 're_T6W30', 'pe_T6W30', 'l1_T6W30', 'l2_T6W30', 'l3_T6W30', 'lcc_T6W30', 'lsc_T6W30', 'atd_T6W30', 'density_T6W30', 'diameter_T6W30', 'asp_T6W30']",-0.03394459252056728,0.003141306687937091,198,-0.015401642916315095,0.018542949604252186,0.13264613386613597,1.9720174778363144,3.615363891121135,3.69215638805202,198,3.6537601395865775,0.03839624846544243,0.27466579064296026,1.9720174778363144,completed,1.4052488803863525,False,COMPLETE
45,2.9280851996588075,2026-06-13 16:42:07.709950,2026-06-13 16:42:09.116849,0 days 00:00:01.406899,LinearRegression,10,False,-0.04564366787862418,-0.032692545365608956,198,-0.03916810662211657,0.0064755612565076115,0.04632262847179932,1.9720174778363144,2.904435019876202,2.951735379441413,198,2.9280851996588075,0.023650179782605564,0.1691804691461974,1.9720174778363144,928868731930653.4,1086526188208227.6,198,1007697460069440.5,78828728138787.1,563897667218865.4,1.9720174778363144,8.367747705685565,8.730277259976388,198,8.549012482830976,0.18126477714541153,1.2966692143159297,1.9720174778363144,2.5373621201025087,2.595101746174516,198,2.5662319331385124,0.028869813036003836,0.2065188746339431,1.9720174778363144,199,0.7738693467336684,-0.08592462297838642,-0.059078787866663277,198,-0.07250170542252485,0.01342291755586157,0.09602022099982543,1.9720174778363144,LinearRegression,"{'mode': 'original', 'type': 'LinearRegression'}",10,"['nodes_T6W30', 'edges_T6W30', 're_T6W30', 'l1_T6W30', 'l2_T6W30', 'lcc_T6W30', 'atd_T6W30', 'density_T6W30', 'diameter_T6W30', 'asp_T6W30']",0.026641187637317494,0.06260065267536488,198,0.04462092015634119,0.017979732519023697,0.1286171864506837,1.9720174778363144,3.533527926381461,3.5995917228629257,198,3.5665598246221935,0.03303189824073235,0.23629215898251735,1.9720174778363144,completed,1.4007658958435059,False,COMPLETE
46,2.986743338744696,2026-06-13 16:42:09.125805,2026-06-13 16:42:10.623139,0 days 00:00:01.497334,LinearRegression,13,False,-0.06723992683114847,-0.052383039282219185,198,-0.05981148305668383,0.007428443774464642,0.05313902956942428,1.9720174778363144,2.9596692224758168,3.0138174550135752,198,2.986743338744696,0.02707411626887903,0.19367344071762574,1.9720174778363144,933041686937859.4,1093095998501997.9,198,1013068842719928.6,80027155782069.22,572470564033686.4,1.9720174778363144,8.919638128135833,9.414145339984398,198,9.166891734060115,0.2472536059242817,1.768717254281713,1.9720174778363144,2.6188181271151634,2.6806865325686773,198,2.6497523298419203,0.030934202726756822,0.22128639097388383,1.9720174778363144,199,0.9095477386934674,-0.1419717391104994,-0.10939854012858309,198,-0.12568513961954125,0.01628659949095816,0.11650543750635957,1.9720174778363144,LinearRegression,"{'mode': 'original', 'type': 'LinearRegression'}",13,"['nodes_T6W30', 'edges_T6W30', 're_T6W30', 'pe_T6W30', 'l1_T6W30', 'l2_T6W30', 'l3_T6W30', 'lcc_T6W30', 'lsc_T6W30', 'atd_T6W30', 'density_T6W30', 'diameter_T6W30', 'asp_T6W30']",-0.03394459252056728,0.003141306687937091,198,-0.015401642916315095,0.018542949604252186,0.13264613386613597,1.9720174778363144,3.615363891121135,3.69215638805202,198,3.6537601395865775,0.03839624846544243,0.27466579064296026,1.9720174778363144,completed,1.4911491870880127,False,COMPLETE
47,2.8409389315605202,2026-06-13 16:42:10.632137,2026-06-13 16:42:12.068843,0 days 00:00:01.436706,LinearRegression,5,False,-0.012877661438792602,-0.0035951040372839806,198,-0.00823638273803829,0.00464127870075431,0.03320117289803367,1.9720174778363144,2.821335256218078,2.8605426069029627,198,2.8409389315605202,0.019603675342442454,0.14023398646057852,1.9720174778363144,905430489061586.4,1057708185433915.9,198,981569337247751.1,76138848186164.77,544655735169524.44,1.9720174778363144,8.04389663908718,8.329437811749752,198,8.186667225418466,0.14277058633128584,1.0213027976036615,1.9720174778363144,2.536636411297535,2.594434047024493,198,2.565535229161014,0.028898817863479174,0.2067263593281352,1.9720174778363144,199,0.507537688442211,-0.0185213242765348,-0.001552563565113187,198,-0.010036943920823993,0.008484380355710806,0.060692623150782526,1.9720174778363144,LinearRegression,"{'mode': 'original', 'type': 'LinearRegression'}",5,"['edges_T6W30', 're_T6W30', 'l1_T6W30', 'atd_T6W30', 'density_T6W30']",0.09549474604311675,0.12992637053507422,198,0.11271055828909549,0.017215812245978738,0.12315251804765144,1.9720174778363144,3.4351709494509572,3.490135250770405,198,3.462653100110681,0.027482150659723897,0.19659229589358893,1.9720174778363144,completed,1.4301769733428955,False,COMPLETE
48,2.909222772990927,2026-06-13 16:42:12.077860,2026-06-13 16:42:13.478415,0 days 00:00:01.400555,LinearRegression,9,True,-0.03854050407497041,-0.026378255224543328,198,-0.03245937964975687,0.006081124425213541,0.04350104281028354,1.9720174778363144,2.8863735812189875,2.9320719647628666,198,2.909222772990927,0.02284919177193949,0.1634506383935097,1.9720174778363144,919325871277758.0,1075082645873063.8,198,997204258575410.9,77878387297652.94,557099447889043.8,1.9720174778363144,8.332833198790727,8.678839566146436,198,8.505836382468582,0.17300318367785544,1.2375702868834926,1.9720174778363144,2.521489043301293,2.578096142372404,198,2.5497925928368486,0.028303549535555566,0.20246813482786916,1.9720174778363144,199,0.7185929648241206,-0.0730011709392559,-0.04791531291858493,198,-0.060458241928920416,0.012542929010335485,0.08972526356847094,1.9720174778363144,LinearRegression,"{'mode': 'original', 'type': 'LinearRegression'}",9,"['nodes_T6W30', 'edges_T6W30', 're_T6W30', 'l1_T6W30', 'l2_T6W30', 'lcc_T6W30', 'atd_T6W30', 'density_T6W30', 'diameter_T6W30']",0.04175854409177188,0.07676924381608363,198,0.05926389395392776,0.017505349862155878,0.12522371201702445,1.9720174778363144,3.5146723757996767,3.5790483520405605,198,3.5468603639201186,0.03218798812044194,0.23025528690034555,1.9720174778363144,completed,1.3939449787139893,True,COMPLETE
49,2.8513314967020507,2026-06-13 16:42:13.488417,2026-06-13 16:42:14.876691,0 days 00:00:01.388274,LinearRegression,5,True,-0.01660084914995754,-0.007059292545068688,198,-0.011830070847513115,0.004770778302444427,0.03412754231972802,1.9720174778363144,2.830665013114236,2.871997980289865,198,2.8513314967020507,0.020666483587814515,0.14783673617399667,1.9720174778363144,913912311968767.1,1068079662816220.9,198,990995987392494.0,77083675423726.83,551414513190756.25,1.9720174778363144,8.168328954867894,8.5083652276265,198,8.338347091247197,0.17001813637930344,1.2162168888529183,1.9720174778363144,2.5419422142935546,2.5939577831893703,198,2.5679499987414625,0.026007784447907977,0.18604548526884368,1.9720174778363144,199,0.5678391959798995,-0.0292468720350346,-0.011399749388781298,198,-0.02032331071190795,0.008923561323126652,0.06383428392420891,1.9720174778363144,LinearRegression,"{'mode': 'original', 'type': 'LinearRegression'}",5,"['nodes_T6W30', 'l1_T6W30', 'lcc_T6W30', 'atd_T6W30', 'density_T6W30']",0.08326702061241742,0.11777968273430067,198,0.10052335167335905,0.017256331060941626,0.123442367519735,1.9720174778363144,3.4515812529774124,3.509439992020985,198,3.4805106224991986,0.028929369521786426,0.20694490920526626,1.9720174778363144,completed,1.3816702365875244,True,COMPLETE
50,2.852615032437553,2026-06-13 16:42:14.885717,2026-06-13 16:42:16.290507,0 days 00:00:01.404790,LinearRegression,3,True,-0.01626967816461508,-0.008232629138758597,198,-0.012251153651686839,0.004018524512928242,0.028746329567977343,1.9720174778363144,2.8329833023026665,2.87224676257244,198,2.852615032437553,0.019631730134886696,0.14043467512303878,1.9720174778363144,913677034700775.8,1067838423505994.8,198,990757729103385.2,77080694402609.44,551393188593826.7,1.9720174778363144,8.177105751945122,8.536554424347846,198,8.356830088146484,0.17972433620136236,1.285649741144824,1.9720174778363144,2.545295010615647,2.6046830836063077,198,2.5749890471109773,0.02969403649533042,0.2124149190958432,1.9720174778363144,199,0.5527638190954773,-0.023503183720000143,-0.008337194535626927,198,-0.015920189127813535,0.007582994592186608,0.05424460170838796,1.9720174778363144,LinearRegression,"{'mode': 'original', 'type': 'LinearRegression'}",3,"['nodes_T6W30', 'lcc_T6W30', 'atd_T6W30']",0.09230355284994202,0.12728537345464108,198,0.10979446315229155,0.01749091030234953,0.12512041929262416,1.9720174778363144,3.4449941452573523,3.5027540532723194,198,3.473874099264836,0.028879954007483614,0.2065914176052151,1.9720174778363144,completed,1.3983888626098633,True,COMPLETE
51,2.827300096608686,2026-06-13 16:42:16.300587,2026-06-13 16:42:17.700718,0 days 00:00:01.400131,LinearRegression,4,False,-0.007728018275767831,0.0010008096731314265,198,-0.0033636043013182022,0.004364413974449629,0.031220633861256036,1.9720174778363144,2.807997768947776,2.846602424269596,198,2.827300096608686,0.019302327660909942,0.1380783097339565,1.9720174778363144,905880331497303.1,1057885735688318.6,198,981883033592810.9,76002702095507.75,543681820395873.7,1.9720174778363144,8.052177907056711,8.338304491163745,198,8.195241199110228,0.14306329205351795,1.0233966544734272,1.9720174778363144,2.5253264967394764,2.5798115170874856,198,2.552569006913481,0.02724251017400478,0.19487803874319712,1.9720174778363144,199,0.4321608040201005,-0.00941361065182822,0.006623714868455488,198,-0.001394947891686365,0.008018662760141853,0.057361133833058874,1.9720174778363144,LinearRegression,"{'mode': 'original', 'type': 'LinearRegression'}",4,"['edges_T6W30', 'l1_T6W30', 'atd_T6W30', 'density_T6W30']",0.1164537354362241,0.14996103355865098,198,0.13320738449743755,0.016753649061213446,0.11984645504350465,1.9720174778363144,3.420690095267784,3.475535844114297,198,3.4481129696910404,0.027422874423256548,0.19616826607280324,1.9720174778363144,completed,1.3937699794769287,False,COMPLETE
52,2.827300096608686,2026-06-13 16:42:17.709714,2026-06-13 16:42:19.204793,0 days 00:00:01.495079,LinearRegression,4,False,-0.007728018275767831,0.0010008096731314265,198,-0.0033636043013182022,0.004364413974449629,0.031220633861256036,1.9720174778363144,2.807997768947776,2.846602424269596,198,2.827300096608686,0.019302327660909942,0.1380783097339565,1.9720174778363144,905880331497303.1,1057885735688318.6,198,981883033592810.9,76002702095507.75,543681820395873.7,1.9720174778363144,8.052177907056711,8.338304491163745,198,8.195241199110228,0.14306329205351795,1.0233966544734272,1.9720174778363144,2.5253264967394764,2.5798115170874856,198,2.552569006913481,0.02724251017400478,0.19487803874319712,1.9720174778363144,199,0.4321608040201005,-0.00941361065182822,0.006623714868455488,198,-0.001394947891686365,0.008018662760141853,0.057361133833058874,1.9720174778363144,LinearRegression,"{'mode': 'original', 'type': 'LinearRegression'}",4,"['edges_T6W30', 'l1_T6W30', 'atd_T6W30', 'density_T6W30']",0.1164537354362241,0.14996103355865098,198,0.13320738449743755,0.016753649061213446,0.11984645504350465,1.9720174778363144,3.420690095267784,3.475535844114297,198,3.4481129696910404,0.027422874423256548,0.19616826607280324,1.9720174778363144,completed,1.48854398727417,False,COMPLETE
53,2.909222772990927,2026-06-13 16:42:19.214281,2026-06-13 16:42:20.658024,0 days 00:00:01.443743,LinearRegression,9,True,-0.03854050407497041,-0.026378255224543328,198,-0.03245937964975687,0.006081124425213541,0.04350104281028354,1.9720174778363144,2.8863735812189875,2.9320719647628666,198,2.909222772990927,0.02284919177193949,0.1634506383935097,1.9720174778363144,919325871277758.0,1075082645873063.8,198,997204258575410.9,77878387297652.94,557099447889043.8,1.9720174778363144,8.332833198790727,8.678839566146436,198,8.505836382468582,0.17300318367785544,1.2375702868834926,1.9720174778363144,2.521489043301293,2.578096142372404,198,2.5497925928368486,0.028303549535555566,0.20246813482786916,1.9720174778363144,199,0.7185929648241206,-0.0730011709392559,-0.04791531291858493,198,-0.060458241928920416,0.012542929010335485,0.08972526356847094,1.9720174778363144,LinearRegression,"{'mode': 'original', 'type': 'LinearRegression'}",9,"['nodes_T6W30', 'edges_T6W30', 're_T6W30', 'l1_T6W30', 'l2_T6W30', 'lcc_T6W30', 'atd_T6W30', 'density_T6W30', 'diameter_T6W30']",0.04175854409177188,0.07676924381608363,198,0.05926389395392776,0.017505349862155878,0.12522371201702445,1.9720174778363144,3.5146723757996767,3.5790483520405605,198,3.5468603639201186,0.03218798812044194,0.23025528690034555,1.9720174778363144,completed,1.4369792938232422,True,COMPLETE
54,2.852615032437553,2026-06-13 16:42:20.667445,2026-06-13 16:42:22.092946,0 days 00:00:01.425501,LinearRegression,3,True,-0.01626967816461508,-0.008232629138758597,198,-0.012251153651686839,0.004018524512928242,0.028746329567977343,1.9720174778363144,2.8329833023026665,2.87224676257244,198,2.852615032437553,0.019631730134886696,0.14043467512303878,1.9720174778363144,913677034700775.8,1067838423505994.8,198,990757729103385.2,77080694402609.44,551393188593826.7,1.9720174778363144,8.177105751945122,8.536554424347846,198,8.356830088146484,0.17972433620136236,1.285649741144824,1.9720174778363144,2.545295010615647,2.6046830836063077,198,2.5749890471109773,0.02969403649533042,0.2124149190958432,1.9720174778363144,199,0.5527638190954773,-0.023503183720000143,-0.008337194535626927,198,-0.015920189127813535,0.007582994592186608,0.05424460170838796,1.9720174778363144,LinearRegression,"{'mode': 'original', 'type': 'LinearRegression'}",3,"['nodes_T6W30', 'lcc_T6W30', 'atd_T6W30']",0.09230355284994202,0.12728537345464108,198,0.10979446315229155,0.01749091030234953,0.12512041929262416,1.9720174778363144,3.4449941452573523,3.5027540532723194,198,3.473874099264836,0.028879954007483614,0.2065914176052151,1.9720174778363144,completed,1.4189307689666748,True,COMPLETE
55,2.8570146195930795,2026-06-13 16:42:22.102307,2026-06-13 16:42:23.492471,0 days 00:00:01.390164,LinearRegression,4,True,-0.01807571774502828,-0.009539851130952792,198,-0.013807784437990536,0.004267933307037744,0.030530463861437006,1.9720174778363144,2.8369192412538404,2.8771099979323185,198,2.8570146195930795,0.020095378339238825,0.14375136114623666,1.9720174778363144,909306560346574.4,1063073034945352.9,198,986189797645963.6,76883237299389.27,549980688322534.56,1.9720174778363144,8.21049446866252,8.550266496383854,198,8.380380482523186,0.16988601386066654,1.2152717565159452,1.9720174778363144,2.5332617033135296,2.588111859474436,198,2.560686781393983,0.02742507808045315,0.1961840298328163,1.9720174778363144,199,0.592964824120603,-0.03029169020602427,-0.014542179015996174,198,-0.02241693461101022,0.007874755595014047,0.05633170057151013,1.9720174778363144,LinearRegression,"{'mode': 'original', 'type': 'LinearRegression'}",4,"['nodes_T6W30', 'lcc_T6W30', 'atd_T6W30', 'density_T6W30']",0.07111448130543241,0.10674329782581887,198,0.08892888956562564,0.017814408260193235,0.12743454699816015,1.9720174778363144,3.4559199354985486,3.5135929502085217,198,3.484756442853535,0.028836507354986697,0.2062806239825101,1.9720174778363144,completed,1.3837759494781494,True,COMPLETE
56,2.9280851996588075,2026-06-13 16:42:23.501660,2026-06-13 16:42:24.904271,0 days 00:00:01.402611,LinearRegression,10,False,-0.04564366787862418,-0.032692545365608956,198,-0.03916810662211657,0.0064755612565076115,0.04632262847179932,1.9720174778363144,2.904435019876202,2.951735379441413,198,2.9280851996588075,0.023650179782605564,0.1691804691461974,1.9720174778363144,928868731930653.4,1086526188208227.6,198,1007697460069440.5,78828728138787.1,563897667218865.4,1.9720174778363144,8.367747705685565,8.730277259976388,198,8.549012482830976,0.18126477714541153,1.2966692143159297,1.9720174778363144,2.5373621201025087,2.595101746174516,198,2.5662319331385124,0.028869813036003836,0.2065188746339431,1.9720174778363144,199,0.7738693467336684,-0.08592462297838642,-0.059078787866663277,198,-0.07250170542252485,0.01342291755586157,0.09602022099982543,1.9720174778363144,LinearRegression,"{'mode': 'original', 'type': 'LinearRegression'}",10,"['nodes_T6W30', 'edges_T6W30', 're_T6W30', 'l1_T6W30', 'l2_T6W30', 'lcc_T6W30', 'atd_T6W30', 'density_T6W30', 'diameter_T6W30', 'asp_T6W30']",0.026641187637317494,0.06260065267536488,198,0.04462092015634119,0.017979732519023697,0.1286171864506837,1.9720174778363144,3.533527926381461,3.5995917228629257,198,3.5665598246221935,0.03303189824073235,0.23629215898251735,1.9720174778363144,completed,1.3963189125061035,False,COMPLETE
