number,value,datetime_start,datetime_complete,duration,params_regressor,params_rfe_n_features,params_use_scaler,user_attrs_d2mae_ci_lower_val,user_attrs_d2mae_ci_upper_val,user_attrs_d2mae_df_val,user_attrs_d2mae_mean_val,user_attrs_d2mae_samperror_val,user_attrs_d2mae_std_val,user_attrs_d2mae_t_critical_val,user_attrs_mae_ci_lower_val,user_attrs_mae_ci_upper_val,user_attrs_mae_df_val,user_attrs_mae_mean_val,user_attrs_mae_samperror_val,user_attrs_mae_std_val,user_attrs_mae_t_critical_val,user_attrs_mape_ci_lower_val,user_attrs_mape_ci_upper_val,user_attrs_mape_df_val,user_attrs_mape_mean_val,user_attrs_mape_samperror_val,user_attrs_mape_std_val,user_attrs_mape_t_critical_val,user_attrs_max_error_ci_lower_val,user_attrs_max_error_ci_upper_val,user_attrs_max_error_df_val,user_attrs_max_error_mean_val,user_attrs_max_error_samperror_val,user_attrs_max_error_std_val,user_attrs_max_error_t_critical_val,user_attrs_median_ae_ci_lower_val,user_attrs_median_ae_ci_upper_val,user_attrs_median_ae_df_val,user_attrs_median_ae_mean_val,user_attrs_median_ae_samperror_val,user_attrs_median_ae_std_val,user_attrs_median_ae_t_critical_val,user_attrs_n_splits_val,user_attrs_r2_below_zero_val,user_attrs_r2_ci_lower_val,user_attrs_r2_ci_upper_val,user_attrs_r2_df_val,user_attrs_r2_mean_val,user_attrs_r2_samperror_val,user_attrs_r2_std_val,user_attrs_r2_t_critical_val,user_attrs_regressor_final,user_attrs_rfe_estimator,user_attrs_rfe_n_features,user_attrs_rfe_selected_features,user_attrs_rho_ci_lower_val,user_attrs_rho_ci_upper_val,user_attrs_rho_df_val,user_attrs_rho_mean_val,user_attrs_rho_samperror_val,user_attrs_rho_std_val,user_attrs_rho_t_critical_val,user_attrs_rmse_ci_lower_val,user_attrs_rmse_ci_upper_val,user_attrs_rmse_df_val,user_attrs_rmse_mean_val,user_attrs_rmse_samperror_val,user_attrs_rmse_std_val,user_attrs_rmse_t_critical_val,user_attrs_termination_reason,user_attrs_trial_time_seconds,user_attrs_use_scaler_final,state
279,2.9086142964898927,2026-06-13 16:48:01.704481,2026-06-13 16:48:03.294158,0 days 00:00:01.589677,LinearRegression,9,False,-0.03833169001536929,-0.02618724182137716,198,-0.032259465918373226,0.006072224096996063,0.043437374723307914,1.9720174778363144,2.8859053677203654,2.93132322525942,198,2.9086142964898927,0.022708928769527247,0.1624472734816958,1.9720174778363144,915348921002542.2,1070396108660374.5,198,992872514831458.4,77523593828916.17,554561449191247.8,1.9720174778363144,8.3145649166138,8.64994596112135,198,8.482255438867575,0.1676905222537756,1.1995664086718862,1.9720174778363144,2.5225464874094072,2.579883660910175,198,2.551215074159791,0.028668586750384115,0.20507941169037897,1.9720174778363144,199,0.7185929648241206,-0.07338003669139909,-0.04830014880605132,198,-0.0608400927487252,0.012539943942673881,0.08970391002477421,1.9720174778363144,LinearRegression,"{'mode': 'original', 'type': 'LinearRegression'}",9,"['nodes_T6W30', 'edges_T6W30', 're_T6W30', 'l1_T6W30', 'l2_T6W30', 'lcc_T6W30', 'atd_T6W30', 'density_T6W30', 'asp_T6W30']",0.03783440596652504,0.07289694459724944,198,0.05536567528188724,0.017531269315362193,0.12540912562883483,1.9720174778363144,3.5154637176090233,3.579323685865943,198,3.5473937017374833,0.03192998412845992,0.22840966725574505,1.9720174778363144,completed,1.5831701755523682,False,COMPLETE
280,2.827300096608686,2026-06-13 16:48:03.303567,2026-06-13 16:48:04.796545,0 days 00:00:01.492978,LinearRegression,4,False,-0.007728018275767831,0.0010008096731314265,198,-0.0033636043013182022,0.004364413974449629,0.031220633861256036,1.9720174778363144,2.807997768947776,2.846602424269596,198,2.827300096608686,0.019302327660909942,0.1380783097339565,1.9720174778363144,905880331497303.1,1057885735688318.6,198,981883033592810.9,76002702095507.75,543681820395873.7,1.9720174778363144,8.052177907056711,8.338304491163745,198,8.195241199110228,0.14306329205351795,1.0233966544734272,1.9720174778363144,2.5253264967394764,2.5798115170874856,198,2.552569006913481,0.02724251017400478,0.19487803874319712,1.9720174778363144,199,0.4321608040201005,-0.00941361065182822,0.006623714868455488,198,-0.001394947891686365,0.008018662760141853,0.057361133833058874,1.9720174778363144,LinearRegression,"{'mode': 'original', 'type': 'LinearRegression'}",4,"['edges_T6W30', 'l1_T6W30', 'atd_T6W30', 'density_T6W30']",0.1164537354362241,0.14996103355865098,198,0.13320738449743755,0.016753649061213446,0.11984645504350465,1.9720174778363144,3.420690095267784,3.475535844114297,198,3.4481129696910404,0.027422874423256548,0.19616826607280324,1.9720174778363144,completed,1.486482858657837,False,COMPLETE
281,2.8672784710674493,2026-06-13 16:48:04.806132,2026-06-13 16:48:06.314248,0 days 00:00:01.508116,LinearRegression,6,True,-0.022709539403602416,-0.012369816468123282,198,-0.01753967793586285,0.005169861467739566,0.036982365316999236,1.9720174778363144,2.846201386815627,2.8883555553192717,198,2.8672784710674493,0.02107708425182227,0.15077394906654573,1.9720174778363144,911006500163452.0,1064749732011652.8,198,987878116087552.4,76871615924100.4,549897555350964.56,1.9720174778363144,8.149642539063494,8.481554707198535,198,8.315598623131015,0.16595608406752124,1.1871591851855174,1.9720174778363144,2.5394522553972374,2.597305265567668,198,2.5683787604824526,0.028926505085215368,0.2069244185905062,1.9720174778363144,199,0.6180904522613065,-0.040464408669608265,-0.020760010807061823,198,-0.030612209738335044,0.009852198931273223,0.07047725017889211,1.9720174778363144,LinearRegression,"{'mode': 'original', 'type': 'LinearRegression'}",6,"['nodes_T6W30', 're_T6W30', 'l1_T6W30', 'lcc_T6W30', 'atd_T6W30', 'density_T6W30']",0.06284980166391753,0.09838302515242901,198,0.08061641340817327,0.01776661174425574,0.12709263682816616,1.9720174778363144,3.4681543054588415,3.5269032053382423,198,3.497528755398542,0.029374449939700228,0.21012877142545217,1.9720174778363144,completed,1.5014729499816895,True,COMPLETE
282,2.8853310932496763,2026-06-13 16:48:06.323738,2026-06-13 16:48:07.844395,0 days 00:00:01.520657,LinearRegression,8,False,-0.029588112182917008,-0.018435128519138262,198,-0.024011620351027635,0.005576491831889374,0.03989117685282319,1.9720174778363144,2.8638586280329283,2.9068035584664242,198,2.8853310932496763,0.0214724652167479,0.15360228854440425,1.9720174778363144,912168704197932.2,1066362007645484.5,198,989265355921708.4,77096651723776.06,551507338554042.75,1.9720174778363144,8.177123446395184,8.445120713473836,198,8.31112207993451,0.1339986335393265,0.9585530383073928,1.9720174778363144,2.516778746181965,2.5715479779865356,198,2.5441633620842503,0.02738461590228519,0.19589458550943034,1.9720174778363144,199,0.6482412060301508,-0.051310906195606576,-0.0302710082783101,198,-0.04079095723695834,0.010519948958648237,0.07525396916970416,1.9720174778363144,LinearRegression,"{'mode': 'original', 'type': 'LinearRegression'}",8,"['edges_T6W30', 're_T6W30', 'l1_T6W30', 'l2_T6W30', 'lcc_T6W30', 'atd_T6W30', 'density_T6W30', 'asp_T6W30']",0.05659430229148328,0.09192980420573278,198,0.07426205324860803,0.01766775095712475,0.12638544075182662,1.9720174778363144,3.484804783097328,3.5436774061581433,198,3.5142410946277356,0.029436311530407745,0.2105712954584291,1.9720174778363144,completed,1.5142929553985596,False,COMPLETE
283,2.9280851996588066,2026-06-13 16:48:07.854348,2026-06-13 16:48:09.370712,0 days 00:00:01.516364,LinearRegression,10,True,-0.0456436678786241,-0.032692545365608824,198,-0.039168106622116464,0.006475561256507641,0.046322628471799535,1.9720174778363144,2.904435019876201,2.9517353794414123,198,2.9280851996588066,0.02365017978260567,0.16918046914619816,1.9720174778363144,928868731930653.5,1086526188208227.8,198,1007697460069440.6,78828728138787.12,563897667218865.6,1.9720174778363144,8.367747705685566,8.73027725997639,198,8.549012482830978,0.18126477714541117,1.296669214315927,1.9720174778363144,2.537362120102505,2.5951017461745134,198,2.5662319331385093,0.028869813036004194,0.20651887463394566,1.9720174778363144,199,0.7738693467336684,-0.08592462297838685,-0.05907878786666351,198,-0.07250170542252518,0.013422917555861672,0.09602022099982616,1.9720174778363144,LinearRegression,"{'mode': 'original', 'type': 'LinearRegression'}",10,"['nodes_T6W30', 'edges_T6W30', 're_T6W30', 'l1_T6W30', 'l2_T6W30', 'lcc_T6W30', 'atd_T6W30', 'density_T6W30', 'diameter_T6W30', 'asp_T6W30']",0.026641187637317494,0.06260065267536488,198,0.04462092015634119,0.017979732519023697,0.1286171864506837,1.9720174778363144,3.533527926381462,3.5995917228629266,198,3.5665598246221943,0.03303189824073247,0.2362921589825182,1.9720174778363144,completed,1.5097129344940186,True,COMPLETE
284,2.827300096608686,2026-06-13 16:48:09.380091,2026-06-13 16:48:10.901729,0 days 00:00:01.521638,LinearRegression,4,False,-0.007728018275767831,0.0010008096731314265,198,-0.0033636043013182022,0.004364413974449629,0.031220633861256036,1.9720174778363144,2.807997768947776,2.846602424269596,198,2.827300096608686,0.019302327660909942,0.1380783097339565,1.9720174778363144,905880331497303.1,1057885735688318.6,198,981883033592810.9,76002702095507.75,543681820395873.7,1.9720174778363144,8.052177907056711,8.338304491163745,198,8.195241199110228,0.14306329205351795,1.0233966544734272,1.9720174778363144,2.5253264967394764,2.5798115170874856,198,2.552569006913481,0.02724251017400478,0.19487803874319712,1.9720174778363144,199,0.4321608040201005,-0.00941361065182822,0.006623714868455488,198,-0.001394947891686365,0.008018662760141853,0.057361133833058874,1.9720174778363144,LinearRegression,"{'mode': 'original', 'type': 'LinearRegression'}",4,"['edges_T6W30', 'l1_T6W30', 'atd_T6W30', 'density_T6W30']",0.1164537354362241,0.14996103355865098,198,0.13320738449743755,0.016753649061213446,0.11984645504350465,1.9720174778363144,3.420690095267784,3.475535844114297,198,3.4481129696910404,0.027422874423256548,0.19616826607280324,1.9720174778363144,completed,1.5153899192810059,False,COMPLETE
285,2.876164932006097,2026-06-13 16:48:10.911021,2026-06-13 16:48:12.492222,0 days 00:00:01.581201,LinearRegression,7,True,-0.026043925463083258,-0.015375794585298096,198,-0.020709860024190677,0.005334065438892581,0.038156990843345874,1.9720174778363144,2.854837446722717,2.897492417289477,198,2.876164932006097,0.02132748528338002,0.15256518128477983,1.9720174778363144,915863941061235.8,1070010860580924.8,198,992937400821080.2,77073459759844.52,551341435910831.3,1.9720174778363144,8.228524158240898,8.585059251394476,198,8.406791704817687,0.17826754657678825,1.2752286638254022,1.9720174778363144,2.5377127019379553,2.591525163968727,198,2.564618932953341,0.02690623101538559,0.19247248130802166,1.9720174778363144,199,0.6633165829145728,-0.04886465306905599,-0.028492371239671965,198,-0.03867851215436398,0.010186140914692013,0.07286608873917887,1.9720174778363144,LinearRegression,"{'mode': 'original', 'type': 'LinearRegression'}",7,"['nodes_T6W30', 're_T6W30', 'l1_T6W30', 'lcc_T6W30', 'atd_T6W30', 'density_T6W30', 'diameter_T6W30']",0.05135531474327504,0.08631531435634168,198,0.06883531454980836,0.01747999980653332,0.1250423715645404,1.9720174778363144,3.4811414390739377,3.541302457605124,198,3.511221948339531,0.030080509265593185,0.2151795342144722,1.9720174778363144,completed,1.5737519264221191,True,COMPLETE
286,2.942259860630393,2026-06-13 16:48:12.501702,2026-06-13 16:48:13.955006,0 days 00:00:01.453304,LinearRegression,11,True,-0.05090278829096451,-0.037482726711585895,198,-0.0441927575012752,0.006710030789689303,0.047999895451957486,1.9720174778363144,2.9179773618223366,2.9665423594384497,198,2.942259860630393,0.024282498808056385,0.1737037341005939,1.9720174778363144,934701717387776.9,1095015086052072.9,198,1014858401719924.9,80156684332147.95,573397140536342.1,1.9720174778363144,8.373519174076295,8.742747923246656,198,8.558133548661475,0.18461437458518037,1.3206304049504205,1.9720174778363144,2.581197668735732,2.6421496756080485,198,2.6116736721718903,0.03047600343615835,0.2180086835036464,1.9720174778363144,199,0.7989949748743719,-0.09561080329680369,-0.06771476825766445,198,-0.08166278577723407,0.013948017519569613,0.09977649934634847,1.9720174778363144,LinearRegression,"{'mode': 'original', 'type': 'LinearRegression'}",11,"['nodes_T6W30', 'edges_T6W30', 're_T6W30', 'l1_T6W30', 'l2_T6W30', 'lcc_T6W30', 'lsc_T6W30', 'atd_T6W30', 'density_T6W30', 'diameter_T6W30', 'asp_T6W30']",0.0027093330000894644,0.03838858951249244,198,0.02054896125629095,0.017839628256201487,0.1276149570751981,1.9720174778363144,3.5479092522146893,3.615046558153003,198,3.581477905183846,0.033568652969156884,0.24013180915033935,1.9720174778363144,completed,1.4470667839050293,True,COMPLETE
287,2.880849914626629,2026-06-13 16:48:13.964353,2026-06-13 16:48:15.447713,0 days 00:00:01.483360,LinearRegression,7,False,-0.027659349051033566,-0.01712718104764306,198,-0.022393265049338314,0.005266084001695254,0.03767068877105738,1.9720174778363144,2.8597918396041093,2.901907989649149,198,2.880849914626629,0.02105807502251963,0.1506379674223853,1.9720174778363144,911850005852050.8,1066304009836229.8,198,989077007844140.2,77227001992089.53,552439793180151.94,1.9720174778363144,8.131393508686667,8.40804341747571,198,8.269718463081189,0.138324954394522,0.9895011747988236,1.9720174778363144,2.551191521991828,2.6085602392154885,198,2.5798758806036584,0.02868435861183037,0.20519223497304798,1.9720174778363144,199,0.6432160804020101,-0.044800877826781896,-0.024725288076228095,198,-0.034763082951504994,0.010037794875276899,0.07180490219535868,1.9720174778363144,LinearRegression,"{'mode': 'original', 'type': 'LinearRegression'}",7,"['edges_T6W30', 're_T6W30', 'l1_T6W30', 'l2_T6W30', 'lcc_T6W30', 'atd_T6W30', 'density_T6W30']",0.06497221465745014,0.0999380681005567,198,0.08245514137900342,0.017482926721553285,0.12506330911600008,1.9720174778363144,3.475376130427218,3.532935629188138,198,3.504155879807678,0.028779749380460164,0.20587460843224992,1.9720174778363144,completed,1.4768550395965576,False,COMPLETE
288,2.8129839988620833,2026-06-13 16:48:15.457409,2026-06-13 16:48:16.962086,0 days 00:00:01.504677,LinearRegression,3,False,-0.0022413906914235705,0.00570767349925036,198,0.0017331414039133944,0.003974532095336965,0.028431631839867823,1.9720174778363144,2.794255537604273,2.8317124601198937,198,2.8129839988620833,0.018728461257810268,0.13397318291479168,1.9720174778363144,906991808599273.9,1058963686439454.9,198,982977747519364.4,75985938920090.45,543561905794481.7,1.9720174778363144,8.05873168711648,8.34048979791479,198,8.199610742515635,0.1408790553991562,1.007771818412645,1.9720174778363144,2.5160260860091577,2.5679998276696323,198,2.542012956839395,0.02598687083023729,0.18589588067041804,1.9720174778363144,199,0.35678391959798994,0.0011432016960663755,0.015417534042327423,198,0.008280367869196899,0.007137166173130523,0.05105538869656594,1.9720174778363144,LinearRegression,"{'mode': 'original', 'type': 'LinearRegression'}",3,"['l1_T6W30', 'atd_T6W30', 'density_T6W30']",0.13306924198883024,0.1656757824404677,198,0.14937251221464898,0.016303270225818747,0.11662469083849707,1.9720174778363144,3.405016039006464,3.4583258738566234,198,3.4316709564315437,0.026654917425079836,0.19067472114291656,1.9720174778363144,completed,1.4980950355529785,False,COMPLETE
289,2.986743338744696,2026-06-13 16:48:16.973053,2026-06-13 16:48:18.514930,0 days 00:00:01.541877,LinearRegression,13,False,-0.06723992683114847,-0.052383039282219185,198,-0.05981148305668383,0.007428443774464642,0.05313902956942428,1.9720174778363144,2.9596692224758168,3.0138174550135752,198,2.986743338744696,0.02707411626887903,0.19367344071762574,1.9720174778363144,933041686937859.4,1093095998501997.9,198,1013068842719928.6,80027155782069.22,572470564033686.4,1.9720174778363144,8.919638128135833,9.414145339984398,198,9.166891734060115,0.2472536059242817,1.768717254281713,1.9720174778363144,2.6188181271151634,2.6806865325686773,198,2.6497523298419203,0.030934202726756822,0.22128639097388383,1.9720174778363144,199,0.9095477386934674,-0.1419717391104994,-0.10939854012858309,198,-0.12568513961954125,0.01628659949095816,0.11650543750635957,1.9720174778363144,LinearRegression,"{'mode': 'original', 'type': 'LinearRegression'}",13,"['nodes_T6W30', 'edges_T6W30', 're_T6W30', 'pe_T6W30', 'l1_T6W30', 'l2_T6W30', 'l3_T6W30', 'lcc_T6W30', 'lsc_T6W30', 'atd_T6W30', 'density_T6W30', 'diameter_T6W30', 'asp_T6W30']",-0.03394459252056728,0.003141306687937091,198,-0.015401642916315095,0.018542949604252186,0.13264613386613597,1.9720174778363144,3.615363891121135,3.69215638805202,198,3.6537601395865775,0.03839624846544243,0.27466579064296026,1.9720174778363144,completed,1.5348072052001953,False,COMPLETE
290,2.909222772990927,2026-06-13 16:48:18.524626,2026-06-13 16:48:20.051834,0 days 00:00:01.527208,LinearRegression,9,True,-0.03854050407497041,-0.026378255224543328,198,-0.03245937964975687,0.006081124425213541,0.04350104281028354,1.9720174778363144,2.8863735812189875,2.9320719647628666,198,2.909222772990927,0.02284919177193949,0.1634506383935097,1.9720174778363144,919325871277758.0,1075082645873063.8,198,997204258575410.9,77878387297652.94,557099447889043.8,1.9720174778363144,8.332833198790727,8.678839566146436,198,8.505836382468582,0.17300318367785544,1.2375702868834926,1.9720174778363144,2.521489043301293,2.578096142372404,198,2.5497925928368486,0.028303549535555566,0.20246813482786916,1.9720174778363144,199,0.7185929648241206,-0.0730011709392559,-0.04791531291858493,198,-0.060458241928920416,0.012542929010335485,0.08972526356847094,1.9720174778363144,LinearRegression,"{'mode': 'original', 'type': 'LinearRegression'}",9,"['nodes_T6W30', 'edges_T6W30', 're_T6W30', 'l1_T6W30', 'l2_T6W30', 'lcc_T6W30', 'atd_T6W30', 'density_T6W30', 'diameter_T6W30']",0.04175854409177188,0.07676924381608363,198,0.05926389395392776,0.017505349862155878,0.12522371201702445,1.9720174778363144,3.5146723757996767,3.5790483520405605,198,3.5468603639201186,0.03218798812044194,0.23025528690034555,1.9720174778363144,completed,1.5207600593566895,True,COMPLETE
291,2.852615032437553,2026-06-13 16:48:20.061636,2026-06-13 16:48:21.678462,0 days 00:00:01.616826,LinearRegression,3,True,-0.01626967816461508,-0.008232629138758597,198,-0.012251153651686839,0.004018524512928242,0.028746329567977343,1.9720174778363144,2.8329833023026665,2.87224676257244,198,2.852615032437553,0.019631730134886696,0.14043467512303878,1.9720174778363144,913677034700775.8,1067838423505994.8,198,990757729103385.2,77080694402609.44,551393188593826.7,1.9720174778363144,8.177105751945122,8.536554424347846,198,8.356830088146484,0.17972433620136236,1.285649741144824,1.9720174778363144,2.545295010615647,2.6046830836063077,198,2.5749890471109773,0.02969403649533042,0.2124149190958432,1.9720174778363144,199,0.5527638190954773,-0.023503183720000143,-0.008337194535626927,198,-0.015920189127813535,0.007582994592186608,0.05424460170838796,1.9720174778363144,LinearRegression,"{'mode': 'original', 'type': 'LinearRegression'}",3,"['nodes_T6W30', 'lcc_T6W30', 'atd_T6W30']",0.09230355284994202,0.12728537345464108,198,0.10979446315229155,0.01749091030234953,0.12512041929262416,1.9720174778363144,3.4449941452573523,3.5027540532723194,198,3.473874099264836,0.028879954007483614,0.2065914176052151,1.9720174778363144,completed,1.6096961498260498,True,COMPLETE
292,2.8348647641186933,2026-06-13 16:48:21.689053,2026-06-13 16:48:23.198754,0 days 00:00:01.509701,LinearRegression,2,True,-0.009627419824185404,-0.002366648783510576,198,-0.00599703430384799,0.003630385520337414,0.025969795204854026,1.9720174778363144,2.8163303439882847,2.8533991842491018,198,2.8348647641186933,0.018534420130408593,0.1325851186688016,1.9720174778363144,913403662221971.5,1067026538855880.5,198,990215100538926.0,76811438316954.52,549467077616646.2,1.9720174778363144,8.124088327764781,8.470367333085829,198,8.297227830425305,0.173139502660524,1.2385454384321652,1.9720174778363144,2.5305394696765484,2.590213906123415,198,2.5603766878999816,0.02983721822343325,0.2134391629771272,1.9720174778363144,199,0.4271356783919598,-0.008170849692681401,0.00489456463681147,198,-0.001638142527934965,0.006532707164746436,0.046731419087959476,1.9720174778363144,LinearRegression,"{'mode': 'original', 'type': 'LinearRegression'}",2,"['nodes_T6W30', 'lcc_T6W30']",0.11669913183733446,0.1518473623414093,198,0.13427324708937188,0.017574115252037417,0.1257156220586444,1.9720174778363144,3.4218630453644514,3.4771810859804133,198,3.4495220656724324,0.027659020307981053,0.1978575247563258,1.9720174778363144,completed,1.502958059310913,True,COMPLETE
293,2.9280851996588075,2026-06-13 16:48:23.208877,2026-06-13 16:48:24.735893,0 days 00:00:01.527016,LinearRegression,10,False,-0.04564366787862418,-0.032692545365608956,198,-0.03916810662211657,0.0064755612565076115,0.04632262847179932,1.9720174778363144,2.904435019876202,2.951735379441413,198,2.9280851996588075,0.023650179782605564,0.1691804691461974,1.9720174778363144,928868731930653.4,1086526188208227.6,198,1007697460069440.5,78828728138787.1,563897667218865.4,1.9720174778363144,8.367747705685565,8.730277259976388,198,8.549012482830976,0.18126477714541153,1.2966692143159297,1.9720174778363144,2.5373621201025087,2.595101746174516,198,2.5662319331385124,0.028869813036003836,0.2065188746339431,1.9720174778363144,199,0.7738693467336684,-0.08592462297838642,-0.059078787866663277,198,-0.07250170542252485,0.01342291755586157,0.09602022099982543,1.9720174778363144,LinearRegression,"{'mode': 'original', 'type': 'LinearRegression'}",10,"['nodes_T6W30', 'edges_T6W30', 're_T6W30', 'l1_T6W30', 'l2_T6W30', 'lcc_T6W30', 'atd_T6W30', 'density_T6W30', 'diameter_T6W30', 'asp_T6W30']",0.026641187637317494,0.06260065267536488,198,0.04462092015634119,0.017979732519023697,0.1286171864506837,1.9720174778363144,3.533527926381461,3.5995917228629257,198,3.5665598246221935,0.03303189824073235,0.23629215898251735,1.9720174778363144,completed,1.5200538635253906,False,COMPLETE
