number,value,datetime_start,datetime_complete,duration,params_regressor,params_rfe_n_features,params_use_scaler,user_attrs_d2mae_ci_lower_val,user_attrs_d2mae_ci_upper_val,user_attrs_d2mae_df_val,user_attrs_d2mae_mean_val,user_attrs_d2mae_samperror_val,user_attrs_d2mae_std_val,user_attrs_d2mae_t_critical_val,user_attrs_mae_ci_lower_val,user_attrs_mae_ci_upper_val,user_attrs_mae_df_val,user_attrs_mae_mean_val,user_attrs_mae_samperror_val,user_attrs_mae_std_val,user_attrs_mae_t_critical_val,user_attrs_mape_ci_lower_val,user_attrs_mape_ci_upper_val,user_attrs_mape_df_val,user_attrs_mape_mean_val,user_attrs_mape_samperror_val,user_attrs_mape_std_val,user_attrs_mape_t_critical_val,user_attrs_max_error_ci_lower_val,user_attrs_max_error_ci_upper_val,user_attrs_max_error_df_val,user_attrs_max_error_mean_val,user_attrs_max_error_samperror_val,user_attrs_max_error_std_val,user_attrs_max_error_t_critical_val,user_attrs_median_ae_ci_lower_val,user_attrs_median_ae_ci_upper_val,user_attrs_median_ae_df_val,user_attrs_median_ae_mean_val,user_attrs_median_ae_samperror_val,user_attrs_median_ae_std_val,user_attrs_median_ae_t_critical_val,user_attrs_n_splits_val,user_attrs_r2_below_zero_val,user_attrs_r2_ci_lower_val,user_attrs_r2_ci_upper_val,user_attrs_r2_df_val,user_attrs_r2_mean_val,user_attrs_r2_samperror_val,user_attrs_r2_std_val,user_attrs_r2_t_critical_val,user_attrs_regressor_final,user_attrs_rfe_estimator,user_attrs_rfe_n_features,user_attrs_rfe_selected_features,user_attrs_rho_ci_lower_val,user_attrs_rho_ci_upper_val,user_attrs_rho_df_val,user_attrs_rho_mean_val,user_attrs_rho_samperror_val,user_attrs_rho_std_val,user_attrs_rho_t_critical_val,user_attrs_rmse_ci_lower_val,user_attrs_rmse_ci_upper_val,user_attrs_rmse_df_val,user_attrs_rmse_mean_val,user_attrs_rmse_samperror_val,user_attrs_rmse_std_val,user_attrs_rmse_t_critical_val,user_attrs_termination_reason,user_attrs_trial_time_seconds,user_attrs_use_scaler_final,state
411,2.857004985969022,2026-06-13 16:51:30.432057,2026-06-13 16:51:32.263405,0 days 00:00:01.831348,LinearRegression,6,False,-0.018680740867336138,-0.009085521693643264,198,-0.0138831312804897,0.0047976095868464365,0.034319478673897535,1.9720174778363144,2.836581783450746,2.877428188487298,198,2.857004985969022,0.020423202518275917,0.14609643627533794,1.9720174778363144,910456878817284.0,1064532196948585.8,198,987494537882934.9,77037659065650.81,551085337297834.44,1.9720174778363144,8.04813479496856,8.328691905452468,198,8.188413350210514,0.14027855524195326,1.0034761682631825,1.9720174778363144,2.5405755272922885,2.5994572365731194,198,2.570016381932704,0.0294408546404155,0.2106037943861142,1.9720174778363144,199,0.5527638190954773,-0.026530108456956192,-0.009017676545760916,198,-0.017773892501358555,0.008756215955597639,0.06263718656392482,1.9720174778363144,LinearRegression,"{'mode': 'original', 'type': 'LinearRegression'}",6,"['edges_T6W30', 're_T6W30', 'l1_T6W30', 'l2_T6W30', 'atd_T6W30', 'density_T6W30']",0.09131345967350916,0.12517103090390302,198,0.1082422452887061,0.016928785615196937,0.12109928629637183,1.9720174778363144,3.4479857760727564,3.503693697860345,198,3.4758397369665506,0.027853960893794317,0.19925202323653518,1.9720174778363144,completed,1.8247020244598389,False,COMPLETE
412,2.9867433387446956,2026-06-13 16:51:32.274155,2026-06-13 16:51:33.962150,0 days 00:00:01.687995,LinearRegression,13,True,-0.06723992683114832,-0.052383039282219,198,-0.05981148305668366,0.007428443774464665,0.05313902956942445,1.9720174778363144,2.9596692224758163,3.013817455013575,198,2.9867433387446956,0.02707411626887906,0.19367344071762596,1.9720174778363144,933041686937858.8,1093095998501997.2,198,1013068842719928.0,80027155782069.25,572470564033686.6,1.9720174778363144,8.91963812813583,9.41414533998439,198,9.16689173406011,0.2472536059242796,1.7687172542816978,1.9720174778363144,2.6188181271151643,2.6806865325686773,198,2.6497523298419208,0.030934202726756663,0.22128639097388272,1.9720174778363144,199,0.9095477386934674,-0.14197173911050004,-0.10939854012858352,198,-0.12568513961954178,0.01628659949095826,0.11650543750636029,1.9720174778363144,LinearRegression,"{'mode': 'original', 'type': 'LinearRegression'}",13,"['nodes_T6W30', 'edges_T6W30', 're_T6W30', 'pe_T6W30', 'l1_T6W30', 'l2_T6W30', 'l3_T6W30', 'lcc_T6W30', 'lsc_T6W30', 'atd_T6W30', 'density_T6W30', 'diameter_T6W30', 'asp_T6W30']",-0.03394459252056728,0.003141306687937091,198,-0.015401642916315095,0.018542949604252186,0.13264613386613597,1.9720174778363144,3.6153638911211354,3.6921563880520205,198,3.653760139586578,0.03839624846544249,0.27466579064296076,1.9720174778363144,completed,1.680481195449829,True,COMPLETE
413,2.9490422882348426,2026-06-13 16:51:33.971824,2026-06-13 16:51:35.647192,0 days 00:00:01.675368,LinearRegression,11,False,-0.05351898006136781,-0.03946548184375549,198,-0.04649223095256165,0.007026749108806157,0.05026552532487684,1.9720174778363144,2.923345478359843,2.974739098109842,198,2.9490422882348426,0.02569680987499926,0.18382094301923552,1.9720174778363144,930983445470297.0,1088774029200297.5,198,1009878737335297.2,78895291865000.28,564373827761084.6,1.9720174778363144,8.884132236457997,9.398595890037456,198,9.141364063247726,0.25723182678972845,1.8400959965482835,1.9720174778363144,2.5634430607129284,2.6209380652067127,198,2.5921905629598205,0.028747502246892098,0.20564393005112075,1.9720174778363144,199,0.8592964824120602,-0.11560126046577249,-0.08427782025615843,198,-0.09993954036096546,0.01566172010480702,0.11203539166820525,1.9720174778363144,LinearRegression,"{'mode': 'original', 'type': 'LinearRegression'}",11,"['nodes_T6W30', 'edges_T6W30', 're_T6W30', 'pe_T6W30', 'l1_T6W30', 'l2_T6W30', 'lcc_T6W30', 'atd_T6W30', 'density_T6W30', 'diameter_T6W30', 'asp_T6W30']",0.009553562332066844,0.04606723562000252,198,0.02781039897603468,0.018256836643967836,0.1305994380145757,1.9720174778363144,3.5742932350044088,3.6496974604925985,198,3.6119953477485036,0.03770211274409478,0.26970032280854234,1.9720174778363144,completed,1.668945074081421,False,COMPLETE
414,2.9490422882348426,2026-06-13 16:51:35.656765,2026-06-13 16:51:37.334750,0 days 00:00:01.677985,LinearRegression,11,False,-0.05351898006136781,-0.03946548184375549,198,-0.04649223095256165,0.007026749108806157,0.05026552532487684,1.9720174778363144,2.923345478359843,2.974739098109842,198,2.9490422882348426,0.02569680987499926,0.18382094301923552,1.9720174778363144,930983445470297.0,1088774029200297.5,198,1009878737335297.2,78895291865000.28,564373827761084.6,1.9720174778363144,8.884132236457997,9.398595890037456,198,9.141364063247726,0.25723182678972845,1.8400959965482835,1.9720174778363144,2.5634430607129284,2.6209380652067127,198,2.5921905629598205,0.028747502246892098,0.20564393005112075,1.9720174778363144,199,0.8592964824120602,-0.11560126046577249,-0.08427782025615843,198,-0.09993954036096546,0.01566172010480702,0.11203539166820525,1.9720174778363144,LinearRegression,"{'mode': 'original', 'type': 'LinearRegression'}",11,"['nodes_T6W30', 'edges_T6W30', 're_T6W30', 'pe_T6W30', 'l1_T6W30', 'l2_T6W30', 'lcc_T6W30', 'atd_T6W30', 'density_T6W30', 'diameter_T6W30', 'asp_T6W30']",0.009553562332066844,0.04606723562000252,198,0.02781039897603468,0.018256836643967836,0.1305994380145757,1.9720174778363144,3.5742932350044088,3.6496974604925985,198,3.6119953477485036,0.03770211274409478,0.26970032280854234,1.9720174778363144,completed,1.6712729930877686,False,COMPLETE
415,2.8348647641186933,2026-06-13 16:51:37.344995,2026-06-13 16:51:39.244446,0 days 00:00:01.899451,LinearRegression,2,True,-0.009627419824185404,-0.002366648783510576,198,-0.00599703430384799,0.003630385520337414,0.025969795204854026,1.9720174778363144,2.8163303439882847,2.8533991842491018,198,2.8348647641186933,0.018534420130408593,0.1325851186688016,1.9720174778363144,913403662221971.5,1067026538855880.5,198,990215100538926.0,76811438316954.52,549467077616646.2,1.9720174778363144,8.124088327764781,8.470367333085829,198,8.297227830425305,0.173139502660524,1.2385454384321652,1.9720174778363144,2.5305394696765484,2.590213906123415,198,2.5603766878999816,0.02983721822343325,0.2134391629771272,1.9720174778363144,199,0.4271356783919598,-0.008170849692681401,0.00489456463681147,198,-0.001638142527934965,0.006532707164746436,0.046731419087959476,1.9720174778363144,LinearRegression,"{'mode': 'original', 'type': 'LinearRegression'}",2,"['nodes_T6W30', 'lcc_T6W30']",0.11669913183733446,0.1518473623414093,198,0.13427324708937188,0.017574115252037417,0.1257156220586444,1.9720174778363144,3.4218630453644514,3.4771810859804133,198,3.4495220656724324,0.027659020307981053,0.1978575247563258,1.9720174778363144,completed,1.8920230865478516,True,COMPLETE
416,2.942259860630393,2026-06-13 16:51:39.255318,2026-06-13 16:51:41.164678,0 days 00:00:01.909360,LinearRegression,11,True,-0.05090278829096451,-0.037482726711585895,198,-0.0441927575012752,0.006710030789689303,0.047999895451957486,1.9720174778363144,2.9179773618223366,2.9665423594384497,198,2.942259860630393,0.024282498808056385,0.1737037341005939,1.9720174778363144,934701717387776.9,1095015086052072.9,198,1014858401719924.9,80156684332147.95,573397140536342.1,1.9720174778363144,8.373519174076295,8.742747923246656,198,8.558133548661475,0.18461437458518037,1.3206304049504205,1.9720174778363144,2.581197668735732,2.6421496756080485,198,2.6116736721718903,0.03047600343615835,0.2180086835036464,1.9720174778363144,199,0.7989949748743719,-0.09561080329680369,-0.06771476825766445,198,-0.08166278577723407,0.013948017519569613,0.09977649934634847,1.9720174778363144,LinearRegression,"{'mode': 'original', 'type': 'LinearRegression'}",11,"['nodes_T6W30', 'edges_T6W30', 're_T6W30', 'l1_T6W30', 'l2_T6W30', 'lcc_T6W30', 'lsc_T6W30', 'atd_T6W30', 'density_T6W30', 'diameter_T6W30', 'asp_T6W30']",0.0027093330000894644,0.03838858951249244,198,0.02054896125629095,0.017839628256201487,0.1276149570751981,1.9720174778363144,3.5479092522146893,3.615046558153003,198,3.581477905183846,0.033568652969156884,0.24013180915033935,1.9720174778363144,completed,1.9024879932403564,True,COMPLETE
417,2.852615032437553,2026-06-13 16:51:41.175151,2026-06-13 16:51:42.741390,0 days 00:00:01.566239,LinearRegression,3,True,-0.01626967816461508,-0.008232629138758597,198,-0.012251153651686839,0.004018524512928242,0.028746329567977343,1.9720174778363144,2.8329833023026665,2.87224676257244,198,2.852615032437553,0.019631730134886696,0.14043467512303878,1.9720174778363144,913677034700775.8,1067838423505994.8,198,990757729103385.2,77080694402609.44,551393188593826.7,1.9720174778363144,8.177105751945122,8.536554424347846,198,8.356830088146484,0.17972433620136236,1.285649741144824,1.9720174778363144,2.545295010615647,2.6046830836063077,198,2.5749890471109773,0.02969403649533042,0.2124149190958432,1.9720174778363144,199,0.5527638190954773,-0.023503183720000143,-0.008337194535626927,198,-0.015920189127813535,0.007582994592186608,0.05424460170838796,1.9720174778363144,LinearRegression,"{'mode': 'original', 'type': 'LinearRegression'}",3,"['nodes_T6W30', 'lcc_T6W30', 'atd_T6W30']",0.09230355284994202,0.12728537345464108,198,0.10979446315229155,0.01749091030234953,0.12512041929262416,1.9720174778363144,3.4449941452573523,3.5027540532723194,198,3.473874099264836,0.028879954007483614,0.2065914176052151,1.9720174778363144,completed,1.5597150325775146,True,COMPLETE
418,2.8570146195930795,2026-06-13 16:51:42.751647,2026-06-13 16:51:44.666395,0 days 00:00:01.914748,LinearRegression,4,True,-0.01807571774502828,-0.009539851130952792,198,-0.013807784437990536,0.004267933307037744,0.030530463861437006,1.9720174778363144,2.8369192412538404,2.8771099979323185,198,2.8570146195930795,0.020095378339238825,0.14375136114623666,1.9720174778363144,909306560346574.4,1063073034945352.9,198,986189797645963.6,76883237299389.27,549980688322534.56,1.9720174778363144,8.21049446866252,8.550266496383854,198,8.380380482523186,0.16988601386066654,1.2152717565159452,1.9720174778363144,2.5332617033135296,2.588111859474436,198,2.560686781393983,0.02742507808045315,0.1961840298328163,1.9720174778363144,199,0.592964824120603,-0.03029169020602427,-0.014542179015996174,198,-0.02241693461101022,0.007874755595014047,0.05633170057151013,1.9720174778363144,LinearRegression,"{'mode': 'original', 'type': 'LinearRegression'}",4,"['nodes_T6W30', 'lcc_T6W30', 'atd_T6W30', 'density_T6W30']",0.07111448130543241,0.10674329782581887,198,0.08892888956562564,0.017814408260193235,0.12743454699816015,1.9720174778363144,3.4559199354985486,3.5135929502085217,198,3.484756442853535,0.028836507354986697,0.2062806239825101,1.9720174778363144,completed,1.9033098220825195,True,COMPLETE
419,2.8924753298402974,2026-06-13 16:51:44.681321,2026-06-13 16:51:46.697211,0 days 00:00:02.015890,LinearRegression,8,True,-0.03228880453421842,-0.020690789822841053,198,-0.026489797178529735,0.005799007355688683,0.04148293137878103,1.9720174778363144,2.8700868823678367,2.914863777312758,198,2.8924753298402974,0.02238844747246061,0.16015472531974936,1.9720174778363144,919332644971076.0,1075239165735049.8,198,997285905353062.9,77953260381986.83,557635049040936.3,1.9720174778363144,8.262591600226667,8.600814052195439,198,8.431702826211053,0.1691112259843865,1.209729347214928,1.9720174778363144,2.508375740174389,2.5631484608917092,198,2.535762100533049,0.027386360358660315,0.19590706439756828,1.9720174778363144,199,0.6884422110552764,-0.0582460623287968,-0.03576636913690402,198,-0.04700621573285041,0.011239846595946384,0.08040372368044646,1.9720174778363144,LinearRegression,"{'mode': 'original', 'type': 'LinearRegression'}",8,"['nodes_T6W30', 're_T6W30', 'l1_T6W30', 'l2_T6W30', 'lcc_T6W30', 'atd_T6W30', 'density_T6W30', 'diameter_T6W30']",0.056886636850288406,0.09207943395247634,198,0.07448303540138237,0.01759639855109397,0.12587502460962563,1.9720174778363144,3.493783920782436,3.5559143604098318,198,3.524849140596134,0.03106521981369778,0.2222236156562578,1.9720174778363144,completed,2.0073740482330322,True,COMPLETE
420,2.8409389315605202,2026-06-13 16:51:46.706815,2026-06-13 16:51:48.600804,0 days 00:00:01.893989,LinearRegression,5,False,-0.012877661438792602,-0.0035951040372839806,198,-0.00823638273803829,0.00464127870075431,0.03320117289803367,1.9720174778363144,2.821335256218078,2.8605426069029627,198,2.8409389315605202,0.019603675342442454,0.14023398646057852,1.9720174778363144,905430489061586.4,1057708185433915.9,198,981569337247751.1,76138848186164.77,544655735169524.44,1.9720174778363144,8.04389663908718,8.329437811749752,198,8.186667225418466,0.14277058633128584,1.0213027976036615,1.9720174778363144,2.536636411297535,2.594434047024493,198,2.565535229161014,0.028898817863479174,0.2067263593281352,1.9720174778363144,199,0.507537688442211,-0.0185213242765348,-0.001552563565113187,198,-0.010036943920823993,0.008484380355710806,0.060692623150782526,1.9720174778363144,LinearRegression,"{'mode': 'original', 'type': 'LinearRegression'}",5,"['edges_T6W30', 're_T6W30', 'l1_T6W30', 'atd_T6W30', 'density_T6W30']",0.09549474604311675,0.12992637053507422,198,0.11271055828909549,0.017215812245978738,0.12315251804765144,1.9720174778363144,3.4351709494509572,3.490135250770405,198,3.462653100110681,0.027482150659723897,0.19659229589358893,1.9720174778363144,completed,1.8871996402740479,False,COMPLETE
421,2.8348647641186933,2026-06-13 16:51:48.610534,2026-06-13 16:51:50.182133,0 days 00:00:01.571599,LinearRegression,2,True,-0.009627419824185404,-0.002366648783510576,198,-0.00599703430384799,0.003630385520337414,0.025969795204854026,1.9720174778363144,2.8163303439882847,2.8533991842491018,198,2.8348647641186933,0.018534420130408593,0.1325851186688016,1.9720174778363144,913403662221971.5,1067026538855880.5,198,990215100538926.0,76811438316954.52,549467077616646.2,1.9720174778363144,8.124088327764781,8.470367333085829,198,8.297227830425305,0.173139502660524,1.2385454384321652,1.9720174778363144,2.5305394696765484,2.590213906123415,198,2.5603766878999816,0.02983721822343325,0.2134391629771272,1.9720174778363144,199,0.4271356783919598,-0.008170849692681401,0.00489456463681147,198,-0.001638142527934965,0.006532707164746436,0.046731419087959476,1.9720174778363144,LinearRegression,"{'mode': 'original', 'type': 'LinearRegression'}",2,"['nodes_T6W30', 'lcc_T6W30']",0.11669913183733446,0.1518473623414093,198,0.13427324708937188,0.017574115252037417,0.1257156220586444,1.9720174778363144,3.4218630453644514,3.4771810859804133,198,3.4495220656724324,0.027659020307981053,0.1978575247563258,1.9720174778363144,completed,1.5651311874389648,True,COMPLETE
422,2.9086142964898927,2026-06-13 16:51:50.192642,2026-06-13 16:51:51.842221,0 days 00:00:01.649579,LinearRegression,9,False,-0.03833169001536929,-0.02618724182137716,198,-0.032259465918373226,0.006072224096996063,0.043437374723307914,1.9720174778363144,2.8859053677203654,2.93132322525942,198,2.9086142964898927,0.022708928769527247,0.1624472734816958,1.9720174778363144,915348921002542.2,1070396108660374.5,198,992872514831458.4,77523593828916.17,554561449191247.8,1.9720174778363144,8.3145649166138,8.64994596112135,198,8.482255438867575,0.1676905222537756,1.1995664086718862,1.9720174778363144,2.5225464874094072,2.579883660910175,198,2.551215074159791,0.028668586750384115,0.20507941169037897,1.9720174778363144,199,0.7185929648241206,-0.07338003669139909,-0.04830014880605132,198,-0.0608400927487252,0.012539943942673881,0.08970391002477421,1.9720174778363144,LinearRegression,"{'mode': 'original', 'type': 'LinearRegression'}",9,"['nodes_T6W30', 'edges_T6W30', 're_T6W30', 'l1_T6W30', 'l2_T6W30', 'lcc_T6W30', 'atd_T6W30', 'density_T6W30', 'asp_T6W30']",0.03783440596652504,0.07289694459724944,198,0.05536567528188724,0.017531269315362193,0.12540912562883483,1.9720174778363144,3.5154637176090233,3.579323685865943,198,3.5473937017374833,0.03192998412845992,0.22840966725574505,1.9720174778363144,completed,1.6395211219787598,False,COMPLETE
423,2.9647592771798874,2026-06-13 16:51:51.855468,2026-06-13 16:51:53.963671,0 days 00:00:02.108203,LinearRegression,12,False,-0.059251680269482486,-0.04488646722780209,198,-0.05206907374864229,0.007182606520840198,0.05138044412592648,1.9720174778363144,2.938648507921749,2.990870046438026,198,2.9647592771798874,0.02611076925813858,0.18678218235402017,1.9720174778363144,937108165149014.8,1097411825361032.5,198,1017259995255023.6,80151830106008.9,573362416053776.1,1.9720174778363144,8.874762335712783,9.376274673663653,198,9.125518504688218,0.250756168975435,1.793772677354821,1.9720174778363144,2.611179437273145,2.6710726039016257,198,2.6411260205873854,0.02994658331424021,0.21422150110482913,1.9720174778363144,199,0.8592964824120602,-0.12476184928713652,-0.09301783249030326,198,-0.10888984088871989,0.015872008398416626,0.1135396792675322,1.9720174778363144,LinearRegression,"{'mode': 'original', 'type': 'LinearRegression'}",12,"['nodes_T6W30', 'edges_T6W30', 're_T6W30', 'pe_T6W30', 'l1_T6W30', 'l2_T6W30', 'lcc_T6W30', 'lsc_T6W30', 'atd_T6W30', 'density_T6W30', 'diameter_T6W30', 'asp_T6W30']",-0.014138625441093122,0.021904102371988858,198,0.0038827384654478683,0.01802136390654099,0.12891499465916775,1.9720174778363144,3.5887205058887477,3.6641208048507186,198,3.626420655369733,0.03770014948098531,0.2696862786965326,1.9720174778363144,completed,2.0978119373321533,False,COMPLETE
424,2.876164932006097,2026-06-13 16:51:53.980428,2026-06-13 16:51:55.648843,0 days 00:00:01.668415,LinearRegression,7,True,-0.026043925463083258,-0.015375794585298096,198,-0.020709860024190677,0.005334065438892581,0.038156990843345874,1.9720174778363144,2.854837446722717,2.897492417289477,198,2.876164932006097,0.02132748528338002,0.15256518128477983,1.9720174778363144,915863941061235.8,1070010860580924.8,198,992937400821080.2,77073459759844.52,551341435910831.3,1.9720174778363144,8.228524158240898,8.585059251394476,198,8.406791704817687,0.17826754657678825,1.2752286638254022,1.9720174778363144,2.5377127019379553,2.591525163968727,198,2.564618932953341,0.02690623101538559,0.19247248130802166,1.9720174778363144,199,0.6633165829145728,-0.04886465306905599,-0.028492371239671965,198,-0.03867851215436398,0.010186140914692013,0.07286608873917887,1.9720174778363144,LinearRegression,"{'mode': 'original', 'type': 'LinearRegression'}",7,"['nodes_T6W30', 're_T6W30', 'l1_T6W30', 'lcc_T6W30', 'atd_T6W30', 'density_T6W30', 'diameter_T6W30']",0.05135531474327504,0.08631531435634168,198,0.06883531454980836,0.01747999980653332,0.1250423715645404,1.9720174778363144,3.4811414390739377,3.541302457605124,198,3.511221948339531,0.030080509265593185,0.2151795342144722,1.9720174778363144,completed,1.6604270935058594,True,COMPLETE
