number,value,datetime_start,datetime_complete,duration,params_regressor,params_rfe_n_features,params_use_scaler,user_attrs_d2mae_ci_lower_val,user_attrs_d2mae_ci_upper_val,user_attrs_d2mae_df_val,user_attrs_d2mae_mean_val,user_attrs_d2mae_samperror_val,user_attrs_d2mae_std_val,user_attrs_d2mae_t_critical_val,user_attrs_mae_ci_lower_val,user_attrs_mae_ci_upper_val,user_attrs_mae_df_val,user_attrs_mae_mean_val,user_attrs_mae_samperror_val,user_attrs_mae_std_val,user_attrs_mae_t_critical_val,user_attrs_mape_ci_lower_val,user_attrs_mape_ci_upper_val,user_attrs_mape_df_val,user_attrs_mape_mean_val,user_attrs_mape_samperror_val,user_attrs_mape_std_val,user_attrs_mape_t_critical_val,user_attrs_max_error_ci_lower_val,user_attrs_max_error_ci_upper_val,user_attrs_max_error_df_val,user_attrs_max_error_mean_val,user_attrs_max_error_samperror_val,user_attrs_max_error_std_val,user_attrs_max_error_t_critical_val,user_attrs_median_ae_ci_lower_val,user_attrs_median_ae_ci_upper_val,user_attrs_median_ae_df_val,user_attrs_median_ae_mean_val,user_attrs_median_ae_samperror_val,user_attrs_median_ae_std_val,user_attrs_median_ae_t_critical_val,user_attrs_n_splits_val,user_attrs_r2_below_zero_val,user_attrs_r2_ci_lower_val,user_attrs_r2_ci_upper_val,user_attrs_r2_df_val,user_attrs_r2_mean_val,user_attrs_r2_samperror_val,user_attrs_r2_std_val,user_attrs_r2_t_critical_val,user_attrs_regressor_final,user_attrs_rfe_estimator,user_attrs_rfe_n_features,user_attrs_rfe_selected_features,user_attrs_rho_ci_lower_val,user_attrs_rho_ci_upper_val,user_attrs_rho_df_val,user_attrs_rho_mean_val,user_attrs_rho_samperror_val,user_attrs_rho_std_val,user_attrs_rho_t_critical_val,user_attrs_rmse_ci_lower_val,user_attrs_rmse_ci_upper_val,user_attrs_rmse_df_val,user_attrs_rmse_mean_val,user_attrs_rmse_samperror_val,user_attrs_rmse_std_val,user_attrs_rmse_t_critical_val,user_attrs_termination_reason,user_attrs_trial_time_seconds,user_attrs_use_scaler_final,state
116,2.8853310932496763,2026-06-13 16:43:53.915243,2026-06-13 16:43:55.389758,0 days 00:00:01.474515,LinearRegression,8,False,-0.029588112182917008,-0.018435128519138262,198,-0.024011620351027635,0.005576491831889374,0.03989117685282319,1.9720174778363144,2.8638586280329283,2.9068035584664242,198,2.8853310932496763,0.0214724652167479,0.15360228854440425,1.9720174778363144,912168704197932.2,1066362007645484.5,198,989265355921708.4,77096651723776.06,551507338554042.75,1.9720174778363144,8.177123446395184,8.445120713473836,198,8.31112207993451,0.1339986335393265,0.9585530383073928,1.9720174778363144,2.516778746181965,2.5715479779865356,198,2.5441633620842503,0.02738461590228519,0.19589458550943034,1.9720174778363144,199,0.6482412060301508,-0.051310906195606576,-0.0302710082783101,198,-0.04079095723695834,0.010519948958648237,0.07525396916970416,1.9720174778363144,LinearRegression,"{'mode': 'original', 'type': 'LinearRegression'}",8,"['edges_T6W30', 're_T6W30', 'l1_T6W30', 'l2_T6W30', 'lcc_T6W30', 'atd_T6W30', 'density_T6W30', 'asp_T6W30']",0.05659430229148328,0.09192980420573278,198,0.07426205324860803,0.01766775095712475,0.12638544075182662,1.9720174778363144,3.484804783097328,3.5436774061581433,198,3.5142410946277356,0.029436311530407745,0.2105712954584291,1.9720174778363144,completed,1.4679076671600342,False,COMPLETE
117,2.852615032437553,2026-06-13 16:43:55.399017,2026-06-13 16:43:56.823364,0 days 00:00:01.424347,LinearRegression,3,True,-0.01626967816461508,-0.008232629138758597,198,-0.012251153651686839,0.004018524512928242,0.028746329567977343,1.9720174778363144,2.8329833023026665,2.87224676257244,198,2.852615032437553,0.019631730134886696,0.14043467512303878,1.9720174778363144,913677034700775.8,1067838423505994.8,198,990757729103385.2,77080694402609.44,551393188593826.7,1.9720174778363144,8.177105751945122,8.536554424347846,198,8.356830088146484,0.17972433620136236,1.285649741144824,1.9720174778363144,2.545295010615647,2.6046830836063077,198,2.5749890471109773,0.02969403649533042,0.2124149190958432,1.9720174778363144,199,0.5527638190954773,-0.023503183720000143,-0.008337194535626927,198,-0.015920189127813535,0.007582994592186608,0.05424460170838796,1.9720174778363144,LinearRegression,"{'mode': 'original', 'type': 'LinearRegression'}",3,"['nodes_T6W30', 'lcc_T6W30', 'atd_T6W30']",0.09230355284994202,0.12728537345464108,198,0.10979446315229155,0.01749091030234953,0.12512041929262416,1.9720174778363144,3.4449941452573523,3.5027540532723194,198,3.473874099264836,0.028879954007483614,0.2065914176052151,1.9720174778363144,completed,1.4177618026733398,True,COMPLETE
118,2.8201591688155343,2026-06-13 16:43:56.832470,2026-06-13 16:43:58.280064,0 days 00:00:01.447594,LinearRegression,2,False,-0.004372660562852513,0.0028540345074412163,198,-0.0007593130277056484,0.0036133475351468646,0.025847914764437117,1.9720174778363144,2.8015329934418753,2.8387853441891933,198,2.8201591688155343,0.018626175373659,0.1332414855650543,1.9720174778363144,904252217152114.0,1056194361600373.5,198,980223289376243.8,75971072224129.7,543455557571321.75,1.9720174778363144,8.100270254052393,8.379143722399682,198,8.239706988226038,0.1394367341736445,0.9974542401179101,1.9720174778363144,2.5008267155252653,2.552892208693971,198,2.526859462109618,0.0260327465843528,0.18622405075940004,1.9720174778363144,199,0.3869346733668342,-0.0007905147288403422,0.011644833790040623,198,0.005427159530600141,0.006217674259440483,0.04447784574492087,1.9720174778363144,LinearRegression,"{'mode': 'original', 'type': 'LinearRegression'}",2,"['atd_T6W30', 'density_T6W30']",0.13160073394041955,0.16612105317394776,198,0.14886089355718365,0.0172601596167641,0.12346975491704665,1.9720174778363144,3.4102200670090435,3.464309722207253,198,3.4372648946081483,0.02704482759910477,0.1934639255706533,1.9720174778363144,completed,1.4412529468536377,False,COMPLETE
119,2.8853310932496763,2026-06-13 16:43:58.290060,2026-06-13 16:43:59.827134,0 days 00:00:01.537074,LinearRegression,8,False,-0.029588112182917008,-0.018435128519138262,198,-0.024011620351027635,0.005576491831889374,0.03989117685282319,1.9720174778363144,2.8638586280329283,2.9068035584664242,198,2.8853310932496763,0.0214724652167479,0.15360228854440425,1.9720174778363144,912168704197932.2,1066362007645484.5,198,989265355921708.4,77096651723776.06,551507338554042.75,1.9720174778363144,8.177123446395184,8.445120713473836,198,8.31112207993451,0.1339986335393265,0.9585530383073928,1.9720174778363144,2.516778746181965,2.5715479779865356,198,2.5441633620842503,0.02738461590228519,0.19589458550943034,1.9720174778363144,199,0.6482412060301508,-0.051310906195606576,-0.0302710082783101,198,-0.04079095723695834,0.010519948958648237,0.07525396916970416,1.9720174778363144,LinearRegression,"{'mode': 'original', 'type': 'LinearRegression'}",8,"['edges_T6W30', 're_T6W30', 'l1_T6W30', 'l2_T6W30', 'lcc_T6W30', 'atd_T6W30', 'density_T6W30', 'asp_T6W30']",0.05659430229148328,0.09192980420573278,198,0.07426205324860803,0.01766775095712475,0.12638544075182662,1.9720174778363144,3.484804783097328,3.5436774061581433,198,3.5142410946277356,0.029436311530407745,0.2105712954584291,1.9720174778363144,completed,1.5303411483764648,False,COMPLETE
120,2.880849914626629,2026-06-13 16:43:59.836592,2026-06-13 16:44:01.261820,0 days 00:00:01.425228,LinearRegression,7,False,-0.027659349051033566,-0.01712718104764306,198,-0.022393265049338314,0.005266084001695254,0.03767068877105738,1.9720174778363144,2.8597918396041093,2.901907989649149,198,2.880849914626629,0.02105807502251963,0.1506379674223853,1.9720174778363144,911850005852050.8,1066304009836229.8,198,989077007844140.2,77227001992089.53,552439793180151.94,1.9720174778363144,8.131393508686667,8.40804341747571,198,8.269718463081189,0.138324954394522,0.9895011747988236,1.9720174778363144,2.551191521991828,2.6085602392154885,198,2.5798758806036584,0.02868435861183037,0.20519223497304798,1.9720174778363144,199,0.6432160804020101,-0.044800877826781896,-0.024725288076228095,198,-0.034763082951504994,0.010037794875276899,0.07180490219535868,1.9720174778363144,LinearRegression,"{'mode': 'original', 'type': 'LinearRegression'}",7,"['edges_T6W30', 're_T6W30', 'l1_T6W30', 'l2_T6W30', 'lcc_T6W30', 'atd_T6W30', 'density_T6W30']",0.06497221465745014,0.0999380681005567,198,0.08245514137900342,0.017482926721553285,0.12506330911600008,1.9720174778363144,3.475376130427218,3.532935629188138,198,3.504155879807678,0.028779749380460164,0.20587460843224992,1.9720174778363144,completed,1.418752908706665,False,COMPLETE
121,2.857004985969022,2026-06-13 16:44:01.271134,2026-06-13 16:44:02.776828,0 days 00:00:01.505694,LinearRegression,6,False,-0.018680740867336138,-0.009085521693643264,198,-0.0138831312804897,0.0047976095868464365,0.034319478673897535,1.9720174778363144,2.836581783450746,2.877428188487298,198,2.857004985969022,0.020423202518275917,0.14609643627533794,1.9720174778363144,910456878817284.0,1064532196948585.8,198,987494537882934.9,77037659065650.81,551085337297834.44,1.9720174778363144,8.04813479496856,8.328691905452468,198,8.188413350210514,0.14027855524195326,1.0034761682631825,1.9720174778363144,2.5405755272922885,2.5994572365731194,198,2.570016381932704,0.0294408546404155,0.2106037943861142,1.9720174778363144,199,0.5527638190954773,-0.026530108456956192,-0.009017676545760916,198,-0.017773892501358555,0.008756215955597639,0.06263718656392482,1.9720174778363144,LinearRegression,"{'mode': 'original', 'type': 'LinearRegression'}",6,"['edges_T6W30', 're_T6W30', 'l1_T6W30', 'l2_T6W30', 'atd_T6W30', 'density_T6W30']",0.09131345967350916,0.12517103090390302,198,0.1082422452887061,0.016928785615196937,0.12109928629637183,1.9720174778363144,3.4479857760727564,3.503693697860345,198,3.4758397369665506,0.027853960893794317,0.19925202323653518,1.9720174778363144,completed,1.4992239475250244,False,COMPLETE
122,2.8570146195930795,2026-06-13 16:44:02.786396,2026-06-13 16:44:04.350982,0 days 00:00:01.564586,LinearRegression,4,True,-0.01807571774502828,-0.009539851130952792,198,-0.013807784437990536,0.004267933307037744,0.030530463861437006,1.9720174778363144,2.8369192412538404,2.8771099979323185,198,2.8570146195930795,0.020095378339238825,0.14375136114623666,1.9720174778363144,909306560346574.4,1063073034945352.9,198,986189797645963.6,76883237299389.27,549980688322534.56,1.9720174778363144,8.21049446866252,8.550266496383854,198,8.380380482523186,0.16988601386066654,1.2152717565159452,1.9720174778363144,2.5332617033135296,2.588111859474436,198,2.560686781393983,0.02742507808045315,0.1961840298328163,1.9720174778363144,199,0.592964824120603,-0.03029169020602427,-0.014542179015996174,198,-0.02241693461101022,0.007874755595014047,0.05633170057151013,1.9720174778363144,LinearRegression,"{'mode': 'original', 'type': 'LinearRegression'}",4,"['nodes_T6W30', 'lcc_T6W30', 'atd_T6W30', 'density_T6W30']",0.07111448130543241,0.10674329782581887,198,0.08892888956562564,0.017814408260193235,0.12743454699816015,1.9720174778363144,3.4559199354985486,3.5135929502085217,198,3.484756442853535,0.028836507354986697,0.2062806239825101,1.9720174778363144,completed,1.5576648712158203,True,COMPLETE
123,2.8201591688155343,2026-06-13 16:44:04.360599,2026-06-13 16:44:05.907217,0 days 00:00:01.546618,LinearRegression,2,False,-0.004372660562852513,0.0028540345074412163,198,-0.0007593130277056484,0.0036133475351468646,0.025847914764437117,1.9720174778363144,2.8015329934418753,2.8387853441891933,198,2.8201591688155343,0.018626175373659,0.1332414855650543,1.9720174778363144,904252217152114.0,1056194361600373.5,198,980223289376243.8,75971072224129.7,543455557571321.75,1.9720174778363144,8.100270254052393,8.379143722399682,198,8.239706988226038,0.1394367341736445,0.9974542401179101,1.9720174778363144,2.5008267155252653,2.552892208693971,198,2.526859462109618,0.0260327465843528,0.18622405075940004,1.9720174778363144,199,0.3869346733668342,-0.0007905147288403422,0.011644833790040623,198,0.005427159530600141,0.006217674259440483,0.04447784574492087,1.9720174778363144,LinearRegression,"{'mode': 'original', 'type': 'LinearRegression'}",2,"['atd_T6W30', 'density_T6W30']",0.13160073394041955,0.16612105317394776,198,0.14886089355718365,0.0172601596167641,0.12346975491704665,1.9720174778363144,3.4102200670090435,3.464309722207253,198,3.4372648946081483,0.02704482759910477,0.1934639255706533,1.9720174778363144,completed,1.539870262145996,False,COMPLETE
124,2.8201591688155343,2026-06-13 16:44:05.916888,2026-06-13 16:44:07.387431,0 days 00:00:01.470543,LinearRegression,2,False,-0.004372660562852513,0.0028540345074412163,198,-0.0007593130277056484,0.0036133475351468646,0.025847914764437117,1.9720174778363144,2.8015329934418753,2.8387853441891933,198,2.8201591688155343,0.018626175373659,0.1332414855650543,1.9720174778363144,904252217152114.0,1056194361600373.5,198,980223289376243.8,75971072224129.7,543455557571321.75,1.9720174778363144,8.100270254052393,8.379143722399682,198,8.239706988226038,0.1394367341736445,0.9974542401179101,1.9720174778363144,2.5008267155252653,2.552892208693971,198,2.526859462109618,0.0260327465843528,0.18622405075940004,1.9720174778363144,199,0.3869346733668342,-0.0007905147288403422,0.011644833790040623,198,0.005427159530600141,0.006217674259440483,0.04447784574492087,1.9720174778363144,LinearRegression,"{'mode': 'original', 'type': 'LinearRegression'}",2,"['atd_T6W30', 'density_T6W30']",0.13160073394041955,0.16612105317394776,198,0.14886089355718365,0.0172601596167641,0.12346975491704665,1.9720174778363144,3.4102200670090435,3.464309722207253,198,3.4372648946081483,0.02704482759910477,0.1934639255706533,1.9720174778363144,completed,1.4636421203613281,False,COMPLETE
125,2.8201591688155343,2026-06-13 16:44:07.396727,2026-06-13 16:44:08.993061,0 days 00:00:01.596334,LinearRegression,2,False,-0.004372660562852513,0.0028540345074412163,198,-0.0007593130277056484,0.0036133475351468646,0.025847914764437117,1.9720174778363144,2.8015329934418753,2.8387853441891933,198,2.8201591688155343,0.018626175373659,0.1332414855650543,1.9720174778363144,904252217152114.0,1056194361600373.5,198,980223289376243.8,75971072224129.7,543455557571321.75,1.9720174778363144,8.100270254052393,8.379143722399682,198,8.239706988226038,0.1394367341736445,0.9974542401179101,1.9720174778363144,2.5008267155252653,2.552892208693971,198,2.526859462109618,0.0260327465843528,0.18622405075940004,1.9720174778363144,199,0.3869346733668342,-0.0007905147288403422,0.011644833790040623,198,0.005427159530600141,0.006217674259440483,0.04447784574492087,1.9720174778363144,LinearRegression,"{'mode': 'original', 'type': 'LinearRegression'}",2,"['atd_T6W30', 'density_T6W30']",0.13160073394041955,0.16612105317394776,198,0.14886089355718365,0.0172601596167641,0.12346975491704665,1.9720174778363144,3.4102200670090435,3.464309722207253,198,3.4372648946081483,0.02704482759910477,0.1934639255706533,1.9720174778363144,completed,1.5899877548217773,False,COMPLETE
126,2.852615032437553,2026-06-13 16:44:09.002639,2026-06-13 16:44:10.526548,0 days 00:00:01.523909,LinearRegression,3,True,-0.01626967816461508,-0.008232629138758597,198,-0.012251153651686839,0.004018524512928242,0.028746329567977343,1.9720174778363144,2.8329833023026665,2.87224676257244,198,2.852615032437553,0.019631730134886696,0.14043467512303878,1.9720174778363144,913677034700775.8,1067838423505994.8,198,990757729103385.2,77080694402609.44,551393188593826.7,1.9720174778363144,8.177105751945122,8.536554424347846,198,8.356830088146484,0.17972433620136236,1.285649741144824,1.9720174778363144,2.545295010615647,2.6046830836063077,198,2.5749890471109773,0.02969403649533042,0.2124149190958432,1.9720174778363144,199,0.5527638190954773,-0.023503183720000143,-0.008337194535626927,198,-0.015920189127813535,0.007582994592186608,0.05424460170838796,1.9720174778363144,LinearRegression,"{'mode': 'original', 'type': 'LinearRegression'}",3,"['nodes_T6W30', 'lcc_T6W30', 'atd_T6W30']",0.09230355284994202,0.12728537345464108,198,0.10979446315229155,0.01749091030234953,0.12512041929262416,1.9720174778363144,3.4449941452573523,3.5027540532723194,198,3.473874099264836,0.028879954007483614,0.2065914176052151,1.9720174778363144,completed,1.5173008441925049,True,COMPLETE
127,2.9647592771798874,2026-06-13 16:44:10.536258,2026-06-13 16:44:12.065297,0 days 00:00:01.529039,LinearRegression,12,True,-0.05925168026948253,-0.04488646722780205,198,-0.05206907374864229,0.0071826065208402375,0.051380444125926766,1.9720174778363144,2.938648507921749,2.990870046438026,198,2.9647592771798874,0.02611076925813859,0.18678218235402025,1.9720174778363144,937108165149014.2,1097411825361031.8,198,1017259995255023.0,80151830106008.81,573362416053775.5,1.9720174778363144,8.874762335712777,9.376274673663644,198,9.12551850468821,0.250756168975433,1.7937726773548068,1.9720174778363144,2.611179437273144,2.6710726039016235,198,2.6411260205873837,0.029946583314239928,0.21422150110482713,1.9720174778363144,199,0.8592964824120602,-0.12476184928713704,-0.09301783249030365,198,-0.10888984088872035,0.0158720083984167,0.11353967926753274,1.9720174778363144,LinearRegression,"{'mode': 'original', 'type': 'LinearRegression'}",12,"['nodes_T6W30', 'edges_T6W30', 're_T6W30', 'pe_T6W30', 'l1_T6W30', 'l2_T6W30', 'lcc_T6W30', 'lsc_T6W30', 'atd_T6W30', 'density_T6W30', 'diameter_T6W30', 'asp_T6W30']",-0.014138625441093122,0.021904102371988858,198,0.0038827384654478683,0.01802136390654099,0.12891499465916775,1.9720174778363144,3.5887205058887486,3.6641208048507194,198,3.626420655369734,0.037700149480985296,0.2696862786965325,1.9720174778363144,completed,1.5224199295043945,True,COMPLETE
128,2.8409389315605202,2026-06-13 16:44:12.074870,2026-06-13 16:44:13.608691,0 days 00:00:01.533821,LinearRegression,5,False,-0.012877661438792602,-0.0035951040372839806,198,-0.00823638273803829,0.00464127870075431,0.03320117289803367,1.9720174778363144,2.821335256218078,2.8605426069029627,198,2.8409389315605202,0.019603675342442454,0.14023398646057852,1.9720174778363144,905430489061586.4,1057708185433915.9,198,981569337247751.1,76138848186164.77,544655735169524.44,1.9720174778363144,8.04389663908718,8.329437811749752,198,8.186667225418466,0.14277058633128584,1.0213027976036615,1.9720174778363144,2.536636411297535,2.594434047024493,198,2.565535229161014,0.028898817863479174,0.2067263593281352,1.9720174778363144,199,0.507537688442211,-0.0185213242765348,-0.001552563565113187,198,-0.010036943920823993,0.008484380355710806,0.060692623150782526,1.9720174778363144,LinearRegression,"{'mode': 'original', 'type': 'LinearRegression'}",5,"['edges_T6W30', 're_T6W30', 'l1_T6W30', 'atd_T6W30', 'density_T6W30']",0.09549474604311675,0.12992637053507422,198,0.11271055828909549,0.017215812245978738,0.12315251804765144,1.9720174778363144,3.4351709494509572,3.490135250770405,198,3.462653100110681,0.027482150659723897,0.19659229589358893,1.9720174778363144,completed,1.5269718170166016,False,COMPLETE
129,2.9490422882348426,2026-06-13 16:44:13.618957,2026-06-13 16:44:15.138663,0 days 00:00:01.519706,LinearRegression,11,False,-0.05351898006136781,-0.03946548184375549,198,-0.04649223095256165,0.007026749108806157,0.05026552532487684,1.9720174778363144,2.923345478359843,2.974739098109842,198,2.9490422882348426,0.02569680987499926,0.18382094301923552,1.9720174778363144,930983445470297.0,1088774029200297.5,198,1009878737335297.2,78895291865000.28,564373827761084.6,1.9720174778363144,8.884132236457997,9.398595890037456,198,9.141364063247726,0.25723182678972845,1.8400959965482835,1.9720174778363144,2.5634430607129284,2.6209380652067127,198,2.5921905629598205,0.028747502246892098,0.20564393005112075,1.9720174778363144,199,0.8592964824120602,-0.11560126046577249,-0.08427782025615843,198,-0.09993954036096546,0.01566172010480702,0.11203539166820525,1.9720174778363144,LinearRegression,"{'mode': 'original', 'type': 'LinearRegression'}",11,"['nodes_T6W30', 'edges_T6W30', 're_T6W30', 'pe_T6W30', 'l1_T6W30', 'l2_T6W30', 'lcc_T6W30', 'atd_T6W30', 'density_T6W30', 'diameter_T6W30', 'asp_T6W30']",0.009553562332066844,0.04606723562000252,198,0.02781039897603468,0.018256836643967836,0.1305994380145757,1.9720174778363144,3.5742932350044088,3.6496974604925985,198,3.6119953477485036,0.03770211274409478,0.26970032280854234,1.9720174778363144,completed,1.5130748748779297,False,COMPLETE
130,2.8672784710674493,2026-06-13 16:44:15.148517,2026-06-13 16:44:16.665582,0 days 00:00:01.517065,LinearRegression,6,True,-0.022709539403602416,-0.012369816468123282,198,-0.01753967793586285,0.005169861467739566,0.036982365316999236,1.9720174778363144,2.846201386815627,2.8883555553192717,198,2.8672784710674493,0.02107708425182227,0.15077394906654573,1.9720174778363144,911006500163452.0,1064749732011652.8,198,987878116087552.4,76871615924100.4,549897555350964.56,1.9720174778363144,8.149642539063494,8.481554707198535,198,8.315598623131015,0.16595608406752124,1.1871591851855174,1.9720174778363144,2.5394522553972374,2.597305265567668,198,2.5683787604824526,0.028926505085215368,0.2069244185905062,1.9720174778363144,199,0.6180904522613065,-0.040464408669608265,-0.020760010807061823,198,-0.030612209738335044,0.009852198931273223,0.07047725017889211,1.9720174778363144,LinearRegression,"{'mode': 'original', 'type': 'LinearRegression'}",6,"['nodes_T6W30', 're_T6W30', 'l1_T6W30', 'lcc_T6W30', 'atd_T6W30', 'density_T6W30']",0.06284980166391753,0.09838302515242901,198,0.08061641340817327,0.01776661174425574,0.12709263682816616,1.9720174778363144,3.4681543054588415,3.5269032053382423,198,3.497528755398542,0.029374449939700228,0.21012877142545217,1.9720174778363144,completed,1.5101139545440674,True,COMPLETE
