number,value,datetime_start,datetime_complete,duration,params_regressor,params_rfe_n_features,params_use_scaler,user_attrs_d2mae_ci_lower_val,user_attrs_d2mae_ci_upper_val,user_attrs_d2mae_df_val,user_attrs_d2mae_mean_val,user_attrs_d2mae_samperror_val,user_attrs_d2mae_std_val,user_attrs_d2mae_t_critical_val,user_attrs_mae_ci_lower_val,user_attrs_mae_ci_upper_val,user_attrs_mae_df_val,user_attrs_mae_mean_val,user_attrs_mae_samperror_val,user_attrs_mae_std_val,user_attrs_mae_t_critical_val,user_attrs_mape_ci_lower_val,user_attrs_mape_ci_upper_val,user_attrs_mape_df_val,user_attrs_mape_mean_val,user_attrs_mape_samperror_val,user_attrs_mape_std_val,user_attrs_mape_t_critical_val,user_attrs_max_error_ci_lower_val,user_attrs_max_error_ci_upper_val,user_attrs_max_error_df_val,user_attrs_max_error_mean_val,user_attrs_max_error_samperror_val,user_attrs_max_error_std_val,user_attrs_max_error_t_critical_val,user_attrs_median_ae_ci_lower_val,user_attrs_median_ae_ci_upper_val,user_attrs_median_ae_df_val,user_attrs_median_ae_mean_val,user_attrs_median_ae_samperror_val,user_attrs_median_ae_std_val,user_attrs_median_ae_t_critical_val,user_attrs_n_splits_val,user_attrs_r2_below_zero_val,user_attrs_r2_ci_lower_val,user_attrs_r2_ci_upper_val,user_attrs_r2_df_val,user_attrs_r2_mean_val,user_attrs_r2_samperror_val,user_attrs_r2_std_val,user_attrs_r2_t_critical_val,user_attrs_regressor_final,user_attrs_rfe_estimator,user_attrs_rfe_n_features,user_attrs_rfe_selected_features,user_attrs_rho_ci_lower_val,user_attrs_rho_ci_upper_val,user_attrs_rho_df_val,user_attrs_rho_mean_val,user_attrs_rho_samperror_val,user_attrs_rho_std_val,user_attrs_rho_t_critical_val,user_attrs_rmse_ci_lower_val,user_attrs_rmse_ci_upper_val,user_attrs_rmse_df_val,user_attrs_rmse_mean_val,user_attrs_rmse_samperror_val,user_attrs_rmse_std_val,user_attrs_rmse_t_critical_val,user_attrs_termination_reason,user_attrs_trial_time_seconds,user_attrs_use_scaler_final,state
496,2.827300096608686,2026-06-13 16:53:55.929126,2026-06-13 16:53:57.475038,0 days 00:00:01.545912,LinearRegression,4,False,-0.007728018275767831,0.0010008096731314265,198,-0.0033636043013182022,0.004364413974449629,0.031220633861256036,1.9720174778363144,2.807997768947776,2.846602424269596,198,2.827300096608686,0.019302327660909942,0.1380783097339565,1.9720174778363144,905880331497303.1,1057885735688318.6,198,981883033592810.9,76002702095507.75,543681820395873.7,1.9720174778363144,8.052177907056711,8.338304491163745,198,8.195241199110228,0.14306329205351795,1.0233966544734272,1.9720174778363144,2.5253264967394764,2.5798115170874856,198,2.552569006913481,0.02724251017400478,0.19487803874319712,1.9720174778363144,199,0.4321608040201005,-0.00941361065182822,0.006623714868455488,198,-0.001394947891686365,0.008018662760141853,0.057361133833058874,1.9720174778363144,LinearRegression,"{'mode': 'original', 'type': 'LinearRegression'}",4,"['edges_T6W30', 'l1_T6W30', 'atd_T6W30', 'density_T6W30']",0.1164537354362241,0.14996103355865098,198,0.13320738449743755,0.016753649061213446,0.11984645504350465,1.9720174778363144,3.420690095267784,3.475535844114297,198,3.4481129696910404,0.027422874423256548,0.19616826607280324,1.9720174778363144,completed,1.53944993019104,False,COMPLETE
497,2.8348647641186933,2026-06-13 16:53:57.484879,2026-06-13 16:53:59.068155,0 days 00:00:01.583276,LinearRegression,2,True,-0.009627419824185404,-0.002366648783510576,198,-0.00599703430384799,0.003630385520337414,0.025969795204854026,1.9720174778363144,2.8163303439882847,2.8533991842491018,198,2.8348647641186933,0.018534420130408593,0.1325851186688016,1.9720174778363144,913403662221971.5,1067026538855880.5,198,990215100538926.0,76811438316954.52,549467077616646.2,1.9720174778363144,8.124088327764781,8.470367333085829,198,8.297227830425305,0.173139502660524,1.2385454384321652,1.9720174778363144,2.5305394696765484,2.590213906123415,198,2.5603766878999816,0.02983721822343325,0.2134391629771272,1.9720174778363144,199,0.4271356783919598,-0.008170849692681401,0.00489456463681147,198,-0.001638142527934965,0.006532707164746436,0.046731419087959476,1.9720174778363144,LinearRegression,"{'mode': 'original', 'type': 'LinearRegression'}",2,"['nodes_T6W30', 'lcc_T6W30']",0.11669913183733446,0.1518473623414093,198,0.13427324708937188,0.017574115252037417,0.1257156220586444,1.9720174778363144,3.4218630453644514,3.4771810859804133,198,3.4495220656724324,0.027659020307981053,0.1978575247563258,1.9720174778363144,completed,1.5766420364379883,True,COMPLETE
498,2.9086142964898927,2026-06-13 16:53:59.079231,2026-06-13 16:54:00.767098,0 days 00:00:01.687867,LinearRegression,9,False,-0.03833169001536929,-0.02618724182137716,198,-0.032259465918373226,0.006072224096996063,0.043437374723307914,1.9720174778363144,2.8859053677203654,2.93132322525942,198,2.9086142964898927,0.022708928769527247,0.1624472734816958,1.9720174778363144,915348921002542.2,1070396108660374.5,198,992872514831458.4,77523593828916.17,554561449191247.8,1.9720174778363144,8.3145649166138,8.64994596112135,198,8.482255438867575,0.1676905222537756,1.1995664086718862,1.9720174778363144,2.5225464874094072,2.579883660910175,198,2.551215074159791,0.028668586750384115,0.20507941169037897,1.9720174778363144,199,0.7185929648241206,-0.07338003669139909,-0.04830014880605132,198,-0.0608400927487252,0.012539943942673881,0.08970391002477421,1.9720174778363144,LinearRegression,"{'mode': 'original', 'type': 'LinearRegression'}",9,"['nodes_T6W30', 'edges_T6W30', 're_T6W30', 'l1_T6W30', 'l2_T6W30', 'lcc_T6W30', 'atd_T6W30', 'density_T6W30', 'asp_T6W30']",0.03783440596652504,0.07289694459724944,198,0.05536567528188724,0.017531269315362193,0.12540912562883483,1.9720174778363144,3.5154637176090233,3.579323685865943,198,3.5473937017374833,0.03192998412845992,0.22840966725574505,1.9720174778363144,completed,1.6811668872833252,False,COMPLETE
499,2.9647592771798874,2026-06-13 16:54:00.777032,2026-06-13 16:54:02.374103,0 days 00:00:01.597071,LinearRegression,12,True,-0.05925168026948253,-0.04488646722780205,198,-0.05206907374864229,0.0071826065208402375,0.051380444125926766,1.9720174778363144,2.938648507921749,2.990870046438026,198,2.9647592771798874,0.02611076925813859,0.18678218235402025,1.9720174778363144,937108165149014.2,1097411825361031.8,198,1017259995255023.0,80151830106008.81,573362416053775.5,1.9720174778363144,8.874762335712777,9.376274673663644,198,9.12551850468821,0.250756168975433,1.7937726773548068,1.9720174778363144,2.611179437273144,2.6710726039016235,198,2.6411260205873837,0.029946583314239928,0.21422150110482713,1.9720174778363144,199,0.8592964824120602,-0.12476184928713704,-0.09301783249030365,198,-0.10888984088872035,0.0158720083984167,0.11353967926753274,1.9720174778363144,LinearRegression,"{'mode': 'original', 'type': 'LinearRegression'}",12,"['nodes_T6W30', 'edges_T6W30', 're_T6W30', 'pe_T6W30', 'l1_T6W30', 'l2_T6W30', 'lcc_T6W30', 'lsc_T6W30', 'atd_T6W30', 'density_T6W30', 'diameter_T6W30', 'asp_T6W30']",-0.014138625441093122,0.021904102371988858,198,0.0038827384654478683,0.01802136390654099,0.12891499465916775,1.9720174778363144,3.5887205058887486,3.6641208048507194,198,3.626420655369734,0.037700149480985296,0.2696862786965325,1.9720174778363144,completed,1.5899770259857178,True,COMPLETE
