number,value,datetime_start,datetime_complete,duration,params_regressor,params_rfe_n_features,params_use_scaler,user_attrs_d2mae_ci_lower_val,user_attrs_d2mae_ci_upper_val,user_attrs_d2mae_df_val,user_attrs_d2mae_mean_val,user_attrs_d2mae_samperror_val,user_attrs_d2mae_std_val,user_attrs_d2mae_t_critical_val,user_attrs_mae_ci_lower_val,user_attrs_mae_ci_upper_val,user_attrs_mae_df_val,user_attrs_mae_mean_val,user_attrs_mae_samperror_val,user_attrs_mae_std_val,user_attrs_mae_t_critical_val,user_attrs_mape_ci_lower_val,user_attrs_mape_ci_upper_val,user_attrs_mape_df_val,user_attrs_mape_mean_val,user_attrs_mape_samperror_val,user_attrs_mape_std_val,user_attrs_mape_t_critical_val,user_attrs_max_error_ci_lower_val,user_attrs_max_error_ci_upper_val,user_attrs_max_error_df_val,user_attrs_max_error_mean_val,user_attrs_max_error_samperror_val,user_attrs_max_error_std_val,user_attrs_max_error_t_critical_val,user_attrs_median_ae_ci_lower_val,user_attrs_median_ae_ci_upper_val,user_attrs_median_ae_df_val,user_attrs_median_ae_mean_val,user_attrs_median_ae_samperror_val,user_attrs_median_ae_std_val,user_attrs_median_ae_t_critical_val,user_attrs_n_splits_val,user_attrs_r2_below_zero_val,user_attrs_r2_ci_lower_val,user_attrs_r2_ci_upper_val,user_attrs_r2_df_val,user_attrs_r2_mean_val,user_attrs_r2_samperror_val,user_attrs_r2_std_val,user_attrs_r2_t_critical_val,user_attrs_regressor_final,user_attrs_rfe_estimator,user_attrs_rfe_n_features,user_attrs_rfe_selected_features,user_attrs_rho_ci_lower_val,user_attrs_rho_ci_upper_val,user_attrs_rho_df_val,user_attrs_rho_mean_val,user_attrs_rho_samperror_val,user_attrs_rho_std_val,user_attrs_rho_t_critical_val,user_attrs_rmse_ci_lower_val,user_attrs_rmse_ci_upper_val,user_attrs_rmse_df_val,user_attrs_rmse_mean_val,user_attrs_rmse_samperror_val,user_attrs_rmse_std_val,user_attrs_rmse_t_critical_val,user_attrs_termination_reason,user_attrs_trial_time_seconds,user_attrs_use_scaler_final,state
57,2.827300096608686,2026-06-13 16:42:24.913390,2026-06-13 16:42:26.336554,0 days 00:00:01.423164,LinearRegression,4,False,-0.007728018275767831,0.0010008096731314265,198,-0.0033636043013182022,0.004364413974449629,0.031220633861256036,1.9720174778363144,2.807997768947776,2.846602424269596,198,2.827300096608686,0.019302327660909942,0.1380783097339565,1.9720174778363144,905880331497303.1,1057885735688318.6,198,981883033592810.9,76002702095507.75,543681820395873.7,1.9720174778363144,8.052177907056711,8.338304491163745,198,8.195241199110228,0.14306329205351795,1.0233966544734272,1.9720174778363144,2.5253264967394764,2.5798115170874856,198,2.552569006913481,0.02724251017400478,0.19487803874319712,1.9720174778363144,199,0.4321608040201005,-0.00941361065182822,0.006623714868455488,198,-0.001394947891686365,0.008018662760141853,0.057361133833058874,1.9720174778363144,LinearRegression,"{'mode': 'original', 'type': 'LinearRegression'}",4,"['edges_T6W30', 'l1_T6W30', 'atd_T6W30', 'density_T6W30']",0.1164537354362241,0.14996103355865098,198,0.13320738449743755,0.016753649061213446,0.11984645504350465,1.9720174778363144,3.420690095267784,3.475535844114297,198,3.4481129696910404,0.027422874423256548,0.19616826607280324,1.9720174778363144,completed,1.416492223739624,False,COMPLETE
58,2.9280851996588066,2026-06-13 16:42:26.345855,2026-06-13 16:42:27.808510,0 days 00:00:01.462655,LinearRegression,10,True,-0.0456436678786241,-0.032692545365608824,198,-0.039168106622116464,0.006475561256507641,0.046322628471799535,1.9720174778363144,2.904435019876201,2.9517353794414123,198,2.9280851996588066,0.02365017978260567,0.16918046914619816,1.9720174778363144,928868731930653.5,1086526188208227.8,198,1007697460069440.6,78828728138787.12,563897667218865.6,1.9720174778363144,8.367747705685566,8.73027725997639,198,8.549012482830978,0.18126477714541117,1.296669214315927,1.9720174778363144,2.537362120102505,2.5951017461745134,198,2.5662319331385093,0.028869813036004194,0.20651887463394566,1.9720174778363144,199,0.7738693467336684,-0.08592462297838685,-0.05907878786666351,198,-0.07250170542252518,0.013422917555861672,0.09602022099982616,1.9720174778363144,LinearRegression,"{'mode': 'original', 'type': 'LinearRegression'}",10,"['nodes_T6W30', 'edges_T6W30', 're_T6W30', 'l1_T6W30', 'l2_T6W30', 'lcc_T6W30', 'atd_T6W30', 'density_T6W30', 'diameter_T6W30', 'asp_T6W30']",0.026641187637317494,0.06260065267536488,198,0.04462092015634119,0.017979732519023697,0.1286171864506837,1.9720174778363144,3.533527926381462,3.5995917228629266,198,3.5665598246221943,0.03303189824073247,0.2362921589825182,1.9720174778363144,completed,1.4561588764190674,True,COMPLETE
59,2.8129839988620833,2026-06-13 16:42:27.817605,2026-06-13 16:42:29.392573,0 days 00:00:01.574968,LinearRegression,3,False,-0.0022413906914235705,0.00570767349925036,198,0.0017331414039133944,0.003974532095336965,0.028431631839867823,1.9720174778363144,2.794255537604273,2.8317124601198937,198,2.8129839988620833,0.018728461257810268,0.13397318291479168,1.9720174778363144,906991808599273.9,1058963686439454.9,198,982977747519364.4,75985938920090.45,543561905794481.7,1.9720174778363144,8.05873168711648,8.34048979791479,198,8.199610742515635,0.1408790553991562,1.007771818412645,1.9720174778363144,2.5160260860091577,2.5679998276696323,198,2.542012956839395,0.02598687083023729,0.18589588067041804,1.9720174778363144,199,0.35678391959798994,0.0011432016960663755,0.015417534042327423,198,0.008280367869196899,0.007137166173130523,0.05105538869656594,1.9720174778363144,LinearRegression,"{'mode': 'original', 'type': 'LinearRegression'}",3,"['l1_T6W30', 'atd_T6W30', 'density_T6W30']",0.13306924198883024,0.1656757824404677,198,0.14937251221464898,0.016303270225818747,0.11662469083849707,1.9720174778363144,3.405016039006464,3.4583258738566234,198,3.4316709564315437,0.026654917425079836,0.19067472114291656,1.9720174778363144,completed,1.5686652660369873,False,COMPLETE
60,2.9867433387446956,2026-06-13 16:42:29.402222,2026-06-13 16:42:30.918191,0 days 00:00:01.515969,LinearRegression,13,True,-0.06723992683114832,-0.052383039282219,198,-0.05981148305668366,0.007428443774464665,0.05313902956942445,1.9720174778363144,2.9596692224758163,3.013817455013575,198,2.9867433387446956,0.02707411626887906,0.19367344071762596,1.9720174778363144,933041686937858.8,1093095998501997.2,198,1013068842719928.0,80027155782069.25,572470564033686.6,1.9720174778363144,8.91963812813583,9.41414533998439,198,9.16689173406011,0.2472536059242796,1.7687172542816978,1.9720174778363144,2.6188181271151643,2.6806865325686773,198,2.6497523298419208,0.030934202726756663,0.22128639097388272,1.9720174778363144,199,0.9095477386934674,-0.14197173911050004,-0.10939854012858352,198,-0.12568513961954178,0.01628659949095826,0.11650543750636029,1.9720174778363144,LinearRegression,"{'mode': 'original', 'type': 'LinearRegression'}",13,"['nodes_T6W30', 'edges_T6W30', 're_T6W30', 'pe_T6W30', 'l1_T6W30', 'l2_T6W30', 'l3_T6W30', 'lcc_T6W30', 'lsc_T6W30', 'atd_T6W30', 'density_T6W30', 'diameter_T6W30', 'asp_T6W30']",-0.03394459252056728,0.003141306687937091,198,-0.015401642916315095,0.018542949604252186,0.13264613386613597,1.9720174778363144,3.6153638911211354,3.6921563880520205,198,3.653760139586578,0.03839624846544249,0.27466579064296076,1.9720174778363144,completed,1.5091159343719482,True,COMPLETE
61,2.909222772990927,2026-06-13 16:42:30.928305,2026-06-13 16:42:32.432618,0 days 00:00:01.504313,LinearRegression,9,True,-0.03854050407497041,-0.026378255224543328,198,-0.03245937964975687,0.006081124425213541,0.04350104281028354,1.9720174778363144,2.8863735812189875,2.9320719647628666,198,2.909222772990927,0.02284919177193949,0.1634506383935097,1.9720174778363144,919325871277758.0,1075082645873063.8,198,997204258575410.9,77878387297652.94,557099447889043.8,1.9720174778363144,8.332833198790727,8.678839566146436,198,8.505836382468582,0.17300318367785544,1.2375702868834926,1.9720174778363144,2.521489043301293,2.578096142372404,198,2.5497925928368486,0.028303549535555566,0.20246813482786916,1.9720174778363144,199,0.7185929648241206,-0.0730011709392559,-0.04791531291858493,198,-0.060458241928920416,0.012542929010335485,0.08972526356847094,1.9720174778363144,LinearRegression,"{'mode': 'original', 'type': 'LinearRegression'}",9,"['nodes_T6W30', 'edges_T6W30', 're_T6W30', 'l1_T6W30', 'l2_T6W30', 'lcc_T6W30', 'atd_T6W30', 'density_T6W30', 'diameter_T6W30']",0.04175854409177188,0.07676924381608363,198,0.05926389395392776,0.017505349862155878,0.12522371201702445,1.9720174778363144,3.5146723757996767,3.5790483520405605,198,3.5468603639201186,0.03218798812044194,0.23025528690034555,1.9720174778363144,completed,1.497617244720459,True,COMPLETE
62,2.8924753298402974,2026-06-13 16:42:32.442245,2026-06-13 16:42:33.885575,0 days 00:00:01.443330,LinearRegression,8,True,-0.03228880453421842,-0.020690789822841053,198,-0.026489797178529735,0.005799007355688683,0.04148293137878103,1.9720174778363144,2.8700868823678367,2.914863777312758,198,2.8924753298402974,0.02238844747246061,0.16015472531974936,1.9720174778363144,919332644971076.0,1075239165735049.8,198,997285905353062.9,77953260381986.83,557635049040936.3,1.9720174778363144,8.262591600226667,8.600814052195439,198,8.431702826211053,0.1691112259843865,1.209729347214928,1.9720174778363144,2.508375740174389,2.5631484608917092,198,2.535762100533049,0.027386360358660315,0.19590706439756828,1.9720174778363144,199,0.6884422110552764,-0.0582460623287968,-0.03576636913690402,198,-0.04700621573285041,0.011239846595946384,0.08040372368044646,1.9720174778363144,LinearRegression,"{'mode': 'original', 'type': 'LinearRegression'}",8,"['nodes_T6W30', 're_T6W30', 'l1_T6W30', 'l2_T6W30', 'lcc_T6W30', 'atd_T6W30', 'density_T6W30', 'diameter_T6W30']",0.056886636850288406,0.09207943395247634,198,0.07448303540138237,0.01759639855109397,0.12587502460962563,1.9720174778363144,3.493783920782436,3.5559143604098318,198,3.524849140596134,0.03106521981369778,0.2222236156562578,1.9720174778363144,completed,1.436840295791626,True,COMPLETE
63,2.9647592771798874,2026-06-13 16:42:33.894575,2026-06-13 16:42:35.314595,0 days 00:00:01.420020,LinearRegression,12,True,-0.05925168026948253,-0.04488646722780205,198,-0.05206907374864229,0.0071826065208402375,0.051380444125926766,1.9720174778363144,2.938648507921749,2.990870046438026,198,2.9647592771798874,0.02611076925813859,0.18678218235402025,1.9720174778363144,937108165149014.2,1097411825361031.8,198,1017259995255023.0,80151830106008.81,573362416053775.5,1.9720174778363144,8.874762335712777,9.376274673663644,198,9.12551850468821,0.250756168975433,1.7937726773548068,1.9720174778363144,2.611179437273144,2.6710726039016235,198,2.6411260205873837,0.029946583314239928,0.21422150110482713,1.9720174778363144,199,0.8592964824120602,-0.12476184928713704,-0.09301783249030365,198,-0.10888984088872035,0.0158720083984167,0.11353967926753274,1.9720174778363144,LinearRegression,"{'mode': 'original', 'type': 'LinearRegression'}",12,"['nodes_T6W30', 'edges_T6W30', 're_T6W30', 'pe_T6W30', 'l1_T6W30', 'l2_T6W30', 'lcc_T6W30', 'lsc_T6W30', 'atd_T6W30', 'density_T6W30', 'diameter_T6W30', 'asp_T6W30']",-0.014138625441093122,0.021904102371988858,198,0.0038827384654478683,0.01802136390654099,0.12891499465916775,1.9720174778363144,3.5887205058887486,3.6641208048507194,198,3.626420655369734,0.037700149480985296,0.2696862786965325,1.9720174778363144,completed,1.413741111755371,True,COMPLETE
64,2.8672784710674493,2026-06-13 16:42:35.323660,2026-06-13 16:42:36.778278,0 days 00:00:01.454618,LinearRegression,6,True,-0.022709539403602416,-0.012369816468123282,198,-0.01753967793586285,0.005169861467739566,0.036982365316999236,1.9720174778363144,2.846201386815627,2.8883555553192717,198,2.8672784710674493,0.02107708425182227,0.15077394906654573,1.9720174778363144,911006500163452.0,1064749732011652.8,198,987878116087552.4,76871615924100.4,549897555350964.56,1.9720174778363144,8.149642539063494,8.481554707198535,198,8.315598623131015,0.16595608406752124,1.1871591851855174,1.9720174778363144,2.5394522553972374,2.597305265567668,198,2.5683787604824526,0.028926505085215368,0.2069244185905062,1.9720174778363144,199,0.6180904522613065,-0.040464408669608265,-0.020760010807061823,198,-0.030612209738335044,0.009852198931273223,0.07047725017889211,1.9720174778363144,LinearRegression,"{'mode': 'original', 'type': 'LinearRegression'}",6,"['nodes_T6W30', 're_T6W30', 'l1_T6W30', 'lcc_T6W30', 'atd_T6W30', 'density_T6W30']",0.06284980166391753,0.09838302515242901,198,0.08061641340817327,0.01776661174425574,0.12709263682816616,1.9720174778363144,3.4681543054588415,3.5269032053382423,198,3.497528755398542,0.029374449939700228,0.21012877142545217,1.9720174778363144,completed,1.4484107494354248,True,COMPLETE
65,2.9647592771798874,2026-06-13 16:42:36.787534,2026-06-13 16:42:38.238496,0 days 00:00:01.450962,LinearRegression,12,False,-0.059251680269482486,-0.04488646722780209,198,-0.05206907374864229,0.007182606520840198,0.05138044412592648,1.9720174778363144,2.938648507921749,2.990870046438026,198,2.9647592771798874,0.02611076925813858,0.18678218235402017,1.9720174778363144,937108165149014.8,1097411825361032.5,198,1017259995255023.6,80151830106008.9,573362416053776.1,1.9720174778363144,8.874762335712783,9.376274673663653,198,9.125518504688218,0.250756168975435,1.793772677354821,1.9720174778363144,2.611179437273145,2.6710726039016257,198,2.6411260205873854,0.02994658331424021,0.21422150110482913,1.9720174778363144,199,0.8592964824120602,-0.12476184928713652,-0.09301783249030326,198,-0.10888984088871989,0.015872008398416626,0.1135396792675322,1.9720174778363144,LinearRegression,"{'mode': 'original', 'type': 'LinearRegression'}",12,"['nodes_T6W30', 'edges_T6W30', 're_T6W30', 'pe_T6W30', 'l1_T6W30', 'l2_T6W30', 'lcc_T6W30', 'lsc_T6W30', 'atd_T6W30', 'density_T6W30', 'diameter_T6W30', 'asp_T6W30']",-0.014138625441093122,0.021904102371988858,198,0.0038827384654478683,0.01802136390654099,0.12891499465916775,1.9720174778363144,3.5887205058887477,3.6641208048507186,198,3.626420655369733,0.03770014948098531,0.2696862786965326,1.9720174778363144,completed,1.44443678855896,False,COMPLETE
66,2.909222772990927,2026-06-13 16:42:38.247637,2026-06-13 16:42:39.825651,0 days 00:00:01.578014,LinearRegression,9,True,-0.03854050407497041,-0.026378255224543328,198,-0.03245937964975687,0.006081124425213541,0.04350104281028354,1.9720174778363144,2.8863735812189875,2.9320719647628666,198,2.909222772990927,0.02284919177193949,0.1634506383935097,1.9720174778363144,919325871277758.0,1075082645873063.8,198,997204258575410.9,77878387297652.94,557099447889043.8,1.9720174778363144,8.332833198790727,8.678839566146436,198,8.505836382468582,0.17300318367785544,1.2375702868834926,1.9720174778363144,2.521489043301293,2.578096142372404,198,2.5497925928368486,0.028303549535555566,0.20246813482786916,1.9720174778363144,199,0.7185929648241206,-0.0730011709392559,-0.04791531291858493,198,-0.060458241928920416,0.012542929010335485,0.08972526356847094,1.9720174778363144,LinearRegression,"{'mode': 'original', 'type': 'LinearRegression'}",9,"['nodes_T6W30', 'edges_T6W30', 're_T6W30', 'l1_T6W30', 'l2_T6W30', 'lcc_T6W30', 'atd_T6W30', 'density_T6W30', 'diameter_T6W30']",0.04175854409177188,0.07676924381608363,198,0.05926389395392776,0.017505349862155878,0.12522371201702445,1.9720174778363144,3.5146723757996767,3.5790483520405605,198,3.5468603639201186,0.03218798812044194,0.23025528690034555,1.9720174778363144,completed,1.5715618133544922,True,COMPLETE
67,2.9647592771798874,2026-06-13 16:42:39.835024,2026-06-13 16:42:41.264688,0 days 00:00:01.429664,LinearRegression,12,False,-0.059251680269482486,-0.04488646722780209,198,-0.05206907374864229,0.007182606520840198,0.05138044412592648,1.9720174778363144,2.938648507921749,2.990870046438026,198,2.9647592771798874,0.02611076925813858,0.18678218235402017,1.9720174778363144,937108165149014.8,1097411825361032.5,198,1017259995255023.6,80151830106008.9,573362416053776.1,1.9720174778363144,8.874762335712783,9.376274673663653,198,9.125518504688218,0.250756168975435,1.793772677354821,1.9720174778363144,2.611179437273145,2.6710726039016257,198,2.6411260205873854,0.02994658331424021,0.21422150110482913,1.9720174778363144,199,0.8592964824120602,-0.12476184928713652,-0.09301783249030326,198,-0.10888984088871989,0.015872008398416626,0.1135396792675322,1.9720174778363144,LinearRegression,"{'mode': 'original', 'type': 'LinearRegression'}",12,"['nodes_T6W30', 'edges_T6W30', 're_T6W30', 'pe_T6W30', 'l1_T6W30', 'l2_T6W30', 'lcc_T6W30', 'lsc_T6W30', 'atd_T6W30', 'density_T6W30', 'diameter_T6W30', 'asp_T6W30']",-0.014138625441093122,0.021904102371988858,198,0.0038827384654478683,0.01802136390654099,0.12891499465916775,1.9720174778363144,3.5887205058887477,3.6641208048507186,198,3.626420655369733,0.03770014948098531,0.2696862786965326,1.9720174778363144,completed,1.423388957977295,False,COMPLETE
68,2.852615032437553,2026-06-13 16:42:41.273687,2026-06-13 16:42:42.665883,0 days 00:00:01.392196,LinearRegression,3,True,-0.01626967816461508,-0.008232629138758597,198,-0.012251153651686839,0.004018524512928242,0.028746329567977343,1.9720174778363144,2.8329833023026665,2.87224676257244,198,2.852615032437553,0.019631730134886696,0.14043467512303878,1.9720174778363144,913677034700775.8,1067838423505994.8,198,990757729103385.2,77080694402609.44,551393188593826.7,1.9720174778363144,8.177105751945122,8.536554424347846,198,8.356830088146484,0.17972433620136236,1.285649741144824,1.9720174778363144,2.545295010615647,2.6046830836063077,198,2.5749890471109773,0.02969403649533042,0.2124149190958432,1.9720174778363144,199,0.5527638190954773,-0.023503183720000143,-0.008337194535626927,198,-0.015920189127813535,0.007582994592186608,0.05424460170838796,1.9720174778363144,LinearRegression,"{'mode': 'original', 'type': 'LinearRegression'}",3,"['nodes_T6W30', 'lcc_T6W30', 'atd_T6W30']",0.09230355284994202,0.12728537345464108,198,0.10979446315229155,0.01749091030234953,0.12512041929262416,1.9720174778363144,3.4449941452573523,3.5027540532723194,198,3.473874099264836,0.028879954007483614,0.2065914176052151,1.9720174778363144,completed,1.3858599662780762,True,COMPLETE
69,2.852615032437553,2026-06-13 16:42:42.674958,2026-06-13 16:42:44.167926,0 days 00:00:01.492968,LinearRegression,3,True,-0.01626967816461508,-0.008232629138758597,198,-0.012251153651686839,0.004018524512928242,0.028746329567977343,1.9720174778363144,2.8329833023026665,2.87224676257244,198,2.852615032437553,0.019631730134886696,0.14043467512303878,1.9720174778363144,913677034700775.8,1067838423505994.8,198,990757729103385.2,77080694402609.44,551393188593826.7,1.9720174778363144,8.177105751945122,8.536554424347846,198,8.356830088146484,0.17972433620136236,1.285649741144824,1.9720174778363144,2.545295010615647,2.6046830836063077,198,2.5749890471109773,0.02969403649533042,0.2124149190958432,1.9720174778363144,199,0.5527638190954773,-0.023503183720000143,-0.008337194535626927,198,-0.015920189127813535,0.007582994592186608,0.05424460170838796,1.9720174778363144,LinearRegression,"{'mode': 'original', 'type': 'LinearRegression'}",3,"['nodes_T6W30', 'lcc_T6W30', 'atd_T6W30']",0.09230355284994202,0.12728537345464108,198,0.10979446315229155,0.01749091030234953,0.12512041929262416,1.9720174778363144,3.4449941452573523,3.5027540532723194,198,3.473874099264836,0.028879954007483614,0.2065914176052151,1.9720174778363144,completed,1.4866950511932373,True,COMPLETE
70,2.9086142964898927,2026-06-13 16:42:44.177793,2026-06-13 16:42:45.675304,0 days 00:00:01.497511,LinearRegression,9,False,-0.03833169001536929,-0.02618724182137716,198,-0.032259465918373226,0.006072224096996063,0.043437374723307914,1.9720174778363144,2.8859053677203654,2.93132322525942,198,2.9086142964898927,0.022708928769527247,0.1624472734816958,1.9720174778363144,915348921002542.2,1070396108660374.5,198,992872514831458.4,77523593828916.17,554561449191247.8,1.9720174778363144,8.3145649166138,8.64994596112135,198,8.482255438867575,0.1676905222537756,1.1995664086718862,1.9720174778363144,2.5225464874094072,2.579883660910175,198,2.551215074159791,0.028668586750384115,0.20507941169037897,1.9720174778363144,199,0.7185929648241206,-0.07338003669139909,-0.04830014880605132,198,-0.0608400927487252,0.012539943942673881,0.08970391002477421,1.9720174778363144,LinearRegression,"{'mode': 'original', 'type': 'LinearRegression'}",9,"['nodes_T6W30', 'edges_T6W30', 're_T6W30', 'l1_T6W30', 'l2_T6W30', 'lcc_T6W30', 'atd_T6W30', 'density_T6W30', 'asp_T6W30']",0.03783440596652504,0.07289694459724944,198,0.05536567528188724,0.017531269315362193,0.12540912562883483,1.9720174778363144,3.5154637176090233,3.579323685865943,198,3.5473937017374833,0.03192998412845992,0.22840966725574505,1.9720174778363144,completed,1.4900391101837158,False,COMPLETE
71,2.827300096608686,2026-06-13 16:42:45.685417,2026-06-13 16:42:47.193304,0 days 00:00:01.507887,LinearRegression,4,False,-0.007728018275767831,0.0010008096731314265,198,-0.0033636043013182022,0.004364413974449629,0.031220633861256036,1.9720174778363144,2.807997768947776,2.846602424269596,198,2.827300096608686,0.019302327660909942,0.1380783097339565,1.9720174778363144,905880331497303.1,1057885735688318.6,198,981883033592810.9,76002702095507.75,543681820395873.7,1.9720174778363144,8.052177907056711,8.338304491163745,198,8.195241199110228,0.14306329205351795,1.0233966544734272,1.9720174778363144,2.5253264967394764,2.5798115170874856,198,2.552569006913481,0.02724251017400478,0.19487803874319712,1.9720174778363144,199,0.4321608040201005,-0.00941361065182822,0.006623714868455488,198,-0.001394947891686365,0.008018662760141853,0.057361133833058874,1.9720174778363144,LinearRegression,"{'mode': 'original', 'type': 'LinearRegression'}",4,"['edges_T6W30', 'l1_T6W30', 'atd_T6W30', 'density_T6W30']",0.1164537354362241,0.14996103355865098,198,0.13320738449743755,0.016753649061213446,0.11984645504350465,1.9720174778363144,3.420690095267784,3.475535844114297,198,3.4481129696910404,0.027422874423256548,0.19616826607280324,1.9720174778363144,completed,1.5010850429534912,False,COMPLETE
