number,value,datetime_start,datetime_complete,duration,params_dt_max_depth,params_dt_min_samples_leaf,params_dt_min_samples_split,params_elastic_alpha,params_elastic_l1_ratio,params_et_max_depth,params_et_max_features,params_et_min_samples_leaf,params_et_min_samples_split,params_et_n_estimators,params_knn_metric,params_knn_n_neighbors,params_knn_weights,params_quantile_alpha,params_regressor,params_rf_max_depth,params_rf_max_features,params_rf_min_samples_leaf,params_rf_min_samples_split,params_rf_n_estimators,params_rfe_n_features,params_rfe_proxy_et_max_depth,params_rfe_proxy_et_min_samples_leaf,params_rfe_proxy_et_min_samples_split,params_rfe_proxy_et_n_estimators,params_rfe_proxy_lsvr_C,params_rfe_proxy_lsvr_epsilon,params_rfe_proxy_type,params_use_scaler,user_attrs_d2mae_ci_lower_val,user_attrs_d2mae_ci_upper_val,user_attrs_d2mae_df_val,user_attrs_d2mae_mean_val,user_attrs_d2mae_samperror_val,user_attrs_d2mae_std_val,user_attrs_d2mae_t_critical_val,user_attrs_mae_ci_lower_val,user_attrs_mae_ci_upper_val,user_attrs_mae_df_val,user_attrs_mae_mean_val,user_attrs_mae_samperror_val,user_attrs_mae_std_val,user_attrs_mae_t_critical_val,user_attrs_mape_ci_lower_val,user_attrs_mape_ci_upper_val,user_attrs_mape_df_val,user_attrs_mape_mean_val,user_attrs_mape_samperror_val,user_attrs_mape_std_val,user_attrs_mape_t_critical_val,user_attrs_max_error_ci_lower_val,user_attrs_max_error_ci_upper_val,user_attrs_max_error_df_val,user_attrs_max_error_mean_val,user_attrs_max_error_samperror_val,user_attrs_max_error_std_val,user_attrs_max_error_t_critical_val,user_attrs_median_ae_ci_lower_val,user_attrs_median_ae_ci_upper_val,user_attrs_median_ae_df_val,user_attrs_median_ae_mean_val,user_attrs_median_ae_samperror_val,user_attrs_median_ae_std_val,user_attrs_median_ae_t_critical_val,user_attrs_n_splits_val,user_attrs_r2_below_zero_val,user_attrs_r2_ci_lower_val,user_attrs_r2_ci_upper_val,user_attrs_r2_df_val,user_attrs_r2_mean_val,user_attrs_r2_samperror_val,user_attrs_r2_std_val,user_attrs_r2_t_critical_val,user_attrs_regressor_final,user_attrs_rfe_estimator,user_attrs_rfe_n_features,user_attrs_rfe_selected_features,user_attrs_rho_ci_lower_val,user_attrs_rho_ci_upper_val,user_attrs_rho_df_val,user_attrs_rho_mean_val,user_attrs_rho_samperror_val,user_attrs_rho_std_val,user_attrs_rho_t_critical_val,user_attrs_rmse_ci_lower_val,user_attrs_rmse_ci_upper_val,user_attrs_rmse_df_val,user_attrs_rmse_mean_val,user_attrs_rmse_samperror_val,user_attrs_rmse_std_val,user_attrs_rmse_t_critical_val,user_attrs_termination_reason,user_attrs_use_scaler_final,state
12,2.8308575955634785,2026-06-12 09:04:08.390816,2026-06-12 09:04:10.615596,0 days 00:00:02.224780,,,,,,,,,,,,,,6.88148506855692,QuantileRegressor,,,,,,11,,,,,,,,False,-0.0008710167252312757,5.380273699555165e-05,98.0,-0.00040860699411786203,0.0004624097311134137,0.002318465199358251,1.9844674545084815,2.805429745831736,2.856285445295221,98.0,2.8308575955634785,0.02542784973174255,0.12749209355003127,1.9844674545084815,813460468866446.8,1032935100287233.8,98.0,923197784576840.2,109737315710393.47,550209328278897.0,1.9844674545084815,8.622879029919044,8.932676525636513,98.0,8.777777777777779,0.154898747858735,0.7766431633476233,1.9844674545084815,2.487116641790159,2.684600529927013,98.0,2.585858585858586,0.09874194406842689,0.49507989481189746,1.9844674545084815,99.0,1.0,-0.026651425313173705,-0.023247098953300478,98.0,-0.02494926213323709,0.0017021631799366132,0.008534435654737752,1.9844674545084815,QuantileRegressor,"{'mode': 'original', 'type': 'QuantileRegressor'}",11,"['diameter_T6W30', 'asp_T6W30', 'z_re_T6W30', 'z_pe_T6W30', 'z_l1_T6W30', 'z_l2_T6W30', 'z_l3_T6W30', 'z_lsc_T6W30', 'z_density_T6W30', 'z_diameter_T6W30', 'z_asp_T6W30']",,,,,,,,3.4768582676552087,3.554941969341382,98.0,3.5159001184982954,0.03904185084308663,0.19575101129528585,1.9844674545084815,completed,False,COMPLETE
13,2.960289166171519,2026-06-12 09:04:10.628278,2026-06-12 09:04:12.542781,0 days 00:00:01.914503,,,,,,,,,,,euclidean,16.0,uniform,,KNeighborsRegressor,,,,,,8,,,,,0.0011396432463391681,0.00026430789875605035,LinearSVR,,-0.05394984212927952,-0.03825933566512648,98.0,-0.046104588897203,0.00784525323207652,0.03933512937741595,1.9844674545084815,2.9252170292157076,2.9953613031273307,98.0,2.960289166171519,0.035072136955811475,0.17584735685251363,1.9844674545084815,845768463091655.0,1082689131357745.0,98.0,964228797224700.0,118460334133045.0,593945463756803.2,1.9844674545084815,8.66822657128007,9.024955246901747,98.0,8.846590909090908,0.1783643378108389,0.8942967290616631,1.9844674545084815,2.6043196369888713,2.712599554930321,98.0,2.658459595959596,0.054139958970724766,0.27145105806071945,1.9844674545084815,99.0,0.8282828282828283,-0.08988469246259416,-0.060942294643009993,98.0,-0.07541349355280208,0.014471198909792085,0.07255680148546674,1.9844674545084815,KNeighborsRegressor,"{'mode': 'proxy', 'type': 'LinearSVR'}",8,"['nodes_T6W30', 'pe_T6W30', 'l2_T6W30', 'l3_T6W30', 'lcc_T6W30', 'atd_T6W30', 'density_T6W30', 'z_l3_T6W30']",-0.039140447099834955,0.010174667256424201,98.0,-0.014482889921705376,0.024657557178129577,0.12362994195867893,1.9844674545084815,3.5527278872963524,3.646180737176152,98.0,3.599454312236252,0.046726424939899716,0.23428051536184546,1.9844674545084815,completed,True,COMPLETE
14,2.8457475510085475,2026-06-12 09:04:12.555692,2026-06-12 09:04:14.885280,0 days 00:00:02.329588,,,,,,,,,,,,,,0.03377108460750236,QuantileRegressor,,,,,,14,,,,,,,,False,-0.009007153001023489,-0.0024266573205561845,98.0,-0.005716905160789837,0.0032902478402336522,0.016496895721630902,1.9844674545084815,2.8191224716140684,2.8723726304030266,98.0,2.8457475510085475,0.026625079394479136,0.1334948550014623,1.9844674545084815,810235964965203.8,1030063067439554.0,98.0,920149516202378.9,109913551237175.08,551092951412756.9,1.9844674545084815,8.540701493650799,8.878495309987278,98.0,8.709598401819038,0.16889690816823996,0.8468282077983104,1.9844674545084815,2.4975147158494932,2.6396269276146134,98.0,2.5685708217320533,0.0710561058825599,0.3562665264287544,1.9844674545084815,99.0,0.7474747474747475,-0.02567889777070504,-0.01211605657562219,98.0,-0.018897477173163615,0.006781420597541424,0.034001204126378616,1.9844674545084815,QuantileRegressor,"{'mode': 'original', 'type': 'QuantileRegressor'}",14,"['lsc_T6W30', 'atd_T6W30', 'density_T6W30', 'diameter_T6W30', 'asp_T6W30', 'z_re_T6W30', 'z_pe_T6W30', 'z_l1_T6W30', 'z_l2_T6W30', 'z_l3_T6W30', 'z_lsc_T6W30', 'z_density_T6W30', 'z_diameter_T6W30', 'z_asp_T6W30']",0.06152009717681339,0.12470723532599437,52.0,0.09311366625140388,0.03159356907459049,0.11462139429690149,2.006646805061688,3.4641877606934455,3.5461736381187055,98.0,3.5051806994060755,0.04099293871263016,0.20553352455584104,1.9844674545084815,completed,False,COMPLETE
15,2.8308575955634785,2026-06-12 09:04:14.898437,2026-06-12 09:04:17.197155,0 days 00:00:02.298718,,,,,,,,,,,,,,1.4657437167969012,QuantileRegressor,,,,,,13,,,,,,,,False,-0.0008710167252312757,5.380273699555165e-05,98.0,-0.00040860699411786203,0.0004624097311134137,0.002318465199358251,1.9844674545084815,2.805429745831736,2.856285445295221,98.0,2.8308575955634785,0.02542784973174255,0.12749209355003127,1.9844674545084815,813460468866446.8,1032935100287233.8,98.0,923197784576840.2,109737315710393.47,550209328278897.0,1.9844674545084815,8.622879029919044,8.932676525636513,98.0,8.777777777777779,0.154898747858735,0.7766431633476233,1.9844674545084815,2.487116641790159,2.684600529927013,98.0,2.585858585858586,0.09874194406842689,0.49507989481189746,1.9844674545084815,99.0,1.0,-0.026651425313173705,-0.023247098953300478,98.0,-0.02494926213323709,0.0017021631799366132,0.008534435654737752,1.9844674545084815,QuantileRegressor,"{'mode': 'original', 'type': 'QuantileRegressor'}",13,"['atd_T6W30', 'density_T6W30', 'diameter_T6W30', 'asp_T6W30', 'z_re_T6W30', 'z_pe_T6W30', 'z_l1_T6W30', 'z_l2_T6W30', 'z_l3_T6W30', 'z_lsc_T6W30', 'z_density_T6W30', 'z_diameter_T6W30', 'z_asp_T6W30']",,,,,,,,3.4768582676552087,3.554941969341382,98.0,3.5159001184982954,0.03904185084308663,0.19575101129528585,1.9844674545084815,completed,False,COMPLETE
16,2.8308575955634785,2026-06-12 09:04:17.210185,2026-06-12 09:04:19.751743,0 days 00:00:02.541558,,,,,,,,,,,,,,0.451394758168731,QuantileRegressor,,,,,,7,,,,,,,,False,-0.0008710167252312757,5.380273699555165e-05,98.0,-0.00040860699411786203,0.0004624097311134137,0.002318465199358251,1.9844674545084815,2.805429745831736,2.856285445295221,98.0,2.8308575955634785,0.02542784973174255,0.12749209355003127,1.9844674545084815,813460468866446.8,1032935100287233.8,98.0,923197784576840.2,109737315710393.47,550209328278897.0,1.9844674545084815,8.622879029919044,8.932676525636513,98.0,8.777777777777779,0.154898747858735,0.7766431633476233,1.9844674545084815,2.487116641790159,2.684600529927013,98.0,2.585858585858586,0.09874194406842689,0.49507989481189746,1.9844674545084815,99.0,1.0,-0.026651425313173705,-0.023247098953300478,98.0,-0.02494926213323709,0.0017021631799366132,0.008534435654737752,1.9844674545084815,QuantileRegressor,"{'mode': 'original', 'type': 'QuantileRegressor'}",7,"['z_l1_T6W30', 'z_l2_T6W30', 'z_l3_T6W30', 'z_lsc_T6W30', 'z_density_T6W30', 'z_diameter_T6W30', 'z_asp_T6W30']",,,,,,,,3.4768582676552087,3.554941969341382,98.0,3.5159001184982954,0.03904185084308663,0.19575101129528585,1.9844674545084815,completed,False,COMPLETE
17,3.647091054999629,2026-06-12 09:04:19.764507,2026-06-12 09:04:21.761642,0 days 00:00:01.997135,,,,,,,,,,,manhattan,2.0,distance,,KNeighborsRegressor,,,,,,11,11.0,4.0,8.0,80.0,,,ExtraTrees,,-0.30804698544125947,-0.2722708090110873,98.0,-0.2901588972261734,0.017888088215086063,0.0896886618494531,1.9844674545084815,3.59649513390747,3.697686976091788,98.0,3.647091054999629,0.05059592109215905,0.25368169047652656,1.9844674545084815,866814316415910.2,1103416364629754.8,98.0,985115340522832.5,118301024106922.3,593146702989842.4,1.9844674545084815,10.4519208294595,10.8029422683584,98.0,10.62743154890895,0.17551071944945076,0.8799890395431105,1.9844674545084815,3.098472359688529,3.252036108415229,98.0,3.175254234051879,0.07678187436335035,0.3849748214084704,1.9844674545084815,99.0,1.0,-0.7233250826187584,-0.6372980317096751,98.0,-0.6803115571642168,0.04301352545454162,0.21566449656658662,1.9844674545084815,KNeighborsRegressor,"{'mode': 'proxy', 'type': 'ExtraTrees'}",11,"['nodes_T6W30', 'l1_T6W30', 'l2_T6W30', 'l3_T6W30', 'lcc_T6W30', 'atd_T6W30', 'density_T6W30', 'asp_T6W30', 'z_l1_T6W30', 'z_l2_T6W30', 'z_diameter_T6W30']",-0.09038034755127511,-0.04836238017154625,98.0,-0.06937136386141068,0.02100898368986443,0.105336445756781,1.9844674545084815,4.429581776227476,4.541917910147294,98.0,4.485749843187385,0.05616806695990909,0.28161974067503714,1.9844674545084815,completed,True,COMPLETE
18,3.155544918138166,2026-06-12 09:04:21.774504,2026-06-12 09:04:23.445995,0 days 00:00:01.671491,3.0,1.0,20.0,,,,,,,,,,,,DecisionTreeRegressor,,,,,,18,,,,,,,,False,-0.13130778044218508,-0.10080618182934921,98.0,-0.11605698113576714,0.015250799306417933,0.07646562145045922,1.9844674545084815,3.1111029091988707,3.199986927077461,98.0,3.155544918138166,0.04444200893929514,0.22282673607933323,1.9844674545084815,842980807302494.2,1078025442681519.8,98.0,960503124992007.0,117522317689512.81,589242365326070.2,1.9844674545084815,9.25485257679776,9.804370413863069,98.0,9.529611495330414,0.27475891853265405,1.3776072343837154,1.9844674545084815,2.7150521253916833,2.8446314294905215,98.0,2.7798417774411024,0.06478965204941901,0.324847301966199,1.9844674545084815,99.0,0.9797979797979798,-0.26424234433684723,-0.2044855997487913,98.0,-0.23436397204281925,0.02987837229402796,0.1498064632212151,1.9844674545084815,DecisionTreeRegressor,"{'mode': 'original', 'type': 'DecisionTreeRegressor'}",18,"['re_T6W30', 'l2_T6W30', 'l3_T6W30', 'lcc_T6W30', 'lsc_T6W30', 'atd_T6W30', 'density_T6W30', 'diameter_T6W30', 'asp_T6W30', 'z_re_T6W30', 'z_pe_T6W30', 'z_l1_T6W30', 'z_l2_T6W30', 'z_l3_T6W30', 'z_lsc_T6W30', 'z_density_T6W30', 'z_diameter_T6W30', 'z_asp_T6W30']",-0.031091699423324605,0.018586553929179406,98.0,-0.006252572747072601,0.024839126676252005,0.12454030896511753,1.9844674545084815,3.7949822926081658,3.9016998806355816,98.0,3.8483410866218737,0.053358794013707925,0.2675343935834368,1.9844674545084815,completed,False,COMPLETE
19,2.9333889558805706,2026-06-12 09:04:23.458566,2026-06-12 09:04:25.778614,0 days 00:00:02.320048,,,,,,,,,,,,,,0.0006433288892232992,QuantileRegressor,,,,,,9,,,,,,,,False,-0.047965668176905486,-0.025833405683834083,98.0,-0.036899536930369785,0.0110661312465357,0.055484213372515065,1.9844674545084815,2.8945477943101103,2.972230117451031,98.0,2.9333889558805706,0.03884116157046004,0.19474478010428364,1.9844674545084815,768325828592292.4,983040375567276.9,98.0,875683102079784.6,107357273487492.28,538276090945173.44,1.9844674545084815,8.861941644171814,9.291790223729887,98.0,9.07686593395085,0.21492428977903535,1.077603806368138,1.9844674545084815,2.505923534505642,2.612908165031276,98.0,2.559415849768459,0.053492315262817114,0.2682038526120976,1.9844674545084815,99.0,0.7676767676767676,-0.11190302126284701,-0.0661242393199668,98.0,-0.08901363029140691,0.022889390971440108,0.11476457529128634,1.9844674545084815,QuantileRegressor,"{'mode': 'original', 'type': 'QuantileRegressor'}",9,"['nodes_T6W30', 're_T6W30', 'lcc_T6W30', 'diameter_T6W30', 'z_l1_T6W30', 'z_l2_T6W30', 'z_lsc_T6W30', 'z_diameter_T6W30', 'z_asp_T6W30']",0.0485888881670556,0.09739918968174459,98.0,0.0729940389244001,0.02440515075734449,0.12236440738336682,1.9844674545084815,3.5665869772213306,3.6702362802457706,98.0,3.6184116287335506,0.05182465151221986,0.25984239282905797,1.9844674545084815,completed,False,COMPLETE
20,2.8308575955634785,2026-06-12 09:04:25.790618,2026-06-12 09:04:28.093182,0 days 00:00:02.302564,,,,,,,,,,,,,,0.33860550288793867,QuantileRegressor,,,,,,14,,,,,,,,False,-0.0008710167252312757,5.380273699555165e-05,98.0,-0.00040860699411786203,0.0004624097311134137,0.002318465199358251,1.9844674545084815,2.805429745831736,2.856285445295221,98.0,2.8308575955634785,0.02542784973174255,0.12749209355003127,1.9844674545084815,813460468866446.8,1032935100287233.8,98.0,923197784576840.2,109737315710393.47,550209328278897.0,1.9844674545084815,8.622879029919044,8.932676525636513,98.0,8.777777777777779,0.154898747858735,0.7766431633476233,1.9844674545084815,2.487116641790159,2.684600529927013,98.0,2.585858585858586,0.09874194406842689,0.49507989481189746,1.9844674545084815,99.0,1.0,-0.026651425313173705,-0.023247098953300478,98.0,-0.02494926213323709,0.0017021631799366132,0.008534435654737752,1.9844674545084815,QuantileRegressor,"{'mode': 'original', 'type': 'QuantileRegressor'}",14,"['lsc_T6W30', 'atd_T6W30', 'density_T6W30', 'diameter_T6W30', 'asp_T6W30', 'z_re_T6W30', 'z_pe_T6W30', 'z_l1_T6W30', 'z_l2_T6W30', 'z_l3_T6W30', 'z_lsc_T6W30', 'z_density_T6W30', 'z_diameter_T6W30', 'z_asp_T6W30']",,,,,,,,3.4768582676552087,3.554941969341382,98.0,3.5159001184982954,0.03904185084308663,0.19575101129528585,1.9844674545084815,completed,False,COMPLETE
21,2.8308575955634785,2026-06-12 09:04:28.105522,2026-06-12 09:04:30.311249,0 days 00:00:02.205727,,,,,,,,,,,,,,7.650436292875533,QuantileRegressor,,,,,,12,,,,,,,,False,-0.0008710167252312757,5.380273699555165e-05,98.0,-0.00040860699411786203,0.0004624097311134137,0.002318465199358251,1.9844674545084815,2.805429745831736,2.856285445295221,98.0,2.8308575955634785,0.02542784973174255,0.12749209355003127,1.9844674545084815,813460468866446.8,1032935100287233.8,98.0,923197784576840.2,109737315710393.47,550209328278897.0,1.9844674545084815,8.622879029919044,8.932676525636513,98.0,8.777777777777779,0.154898747858735,0.7766431633476233,1.9844674545084815,2.487116641790159,2.684600529927013,98.0,2.585858585858586,0.09874194406842689,0.49507989481189746,1.9844674545084815,99.0,1.0,-0.026651425313173705,-0.023247098953300478,98.0,-0.02494926213323709,0.0017021631799366132,0.008534435654737752,1.9844674545084815,QuantileRegressor,"{'mode': 'original', 'type': 'QuantileRegressor'}",12,"['density_T6W30', 'diameter_T6W30', 'asp_T6W30', 'z_re_T6W30', 'z_pe_T6W30', 'z_l1_T6W30', 'z_l2_T6W30', 'z_l3_T6W30', 'z_lsc_T6W30', 'z_density_T6W30', 'z_diameter_T6W30', 'z_asp_T6W30']",,,,,,,,3.4768582676552087,3.554941969341382,98.0,3.5159001184982954,0.03904185084308663,0.19575101129528585,1.9844674545084815,completed,False,COMPLETE
22,2.8308575955634785,2026-06-12 09:04:30.323992,2026-06-12 09:04:32.646674,0 days 00:00:02.322682,,,,,,,,,,,,,,7.519102299872907,QuantileRegressor,,,,,,10,,,,,,,,False,-0.0008710167252312757,5.380273699555165e-05,98.0,-0.00040860699411786203,0.0004624097311134137,0.002318465199358251,1.9844674545084815,2.805429745831736,2.856285445295221,98.0,2.8308575955634785,0.02542784973174255,0.12749209355003127,1.9844674545084815,813460468866446.8,1032935100287233.8,98.0,923197784576840.2,109737315710393.47,550209328278897.0,1.9844674545084815,8.622879029919044,8.932676525636513,98.0,8.777777777777779,0.154898747858735,0.7766431633476233,1.9844674545084815,2.487116641790159,2.684600529927013,98.0,2.585858585858586,0.09874194406842689,0.49507989481189746,1.9844674545084815,99.0,1.0,-0.026651425313173705,-0.023247098953300478,98.0,-0.02494926213323709,0.0017021631799366132,0.008534435654737752,1.9844674545084815,QuantileRegressor,"{'mode': 'original', 'type': 'QuantileRegressor'}",10,"['asp_T6W30', 'z_re_T6W30', 'z_pe_T6W30', 'z_l1_T6W30', 'z_l2_T6W30', 'z_l3_T6W30', 'z_lsc_T6W30', 'z_density_T6W30', 'z_diameter_T6W30', 'z_asp_T6W30']",,,,,,,,3.4768582676552087,3.554941969341382,98.0,3.5159001184982954,0.03904185084308663,0.19575101129528585,1.9844674545084815,completed,False,COMPLETE
23,2.8308575955634785,2026-06-12 09:04:32.659103,2026-06-12 09:04:34.899960,0 days 00:00:02.240857,,,,,,,,,,,,,,1.1065975650776998,QuantileRegressor,,,,,,6,,,,,,,,False,-0.0008710167252312757,5.380273699555165e-05,98.0,-0.00040860699411786203,0.0004624097311134137,0.002318465199358251,1.9844674545084815,2.805429745831736,2.856285445295221,98.0,2.8308575955634785,0.02542784973174255,0.12749209355003127,1.9844674545084815,813460468866446.8,1032935100287233.8,98.0,923197784576840.2,109737315710393.47,550209328278897.0,1.9844674545084815,8.622879029919044,8.932676525636513,98.0,8.777777777777779,0.154898747858735,0.7766431633476233,1.9844674545084815,2.487116641790159,2.684600529927013,98.0,2.585858585858586,0.09874194406842689,0.49507989481189746,1.9844674545084815,99.0,1.0,-0.026651425313173705,-0.023247098953300478,98.0,-0.02494926213323709,0.0017021631799366132,0.008534435654737752,1.9844674545084815,QuantileRegressor,"{'mode': 'original', 'type': 'QuantileRegressor'}",6,"['z_l2_T6W30', 'z_l3_T6W30', 'z_lsc_T6W30', 'z_density_T6W30', 'z_diameter_T6W30', 'z_asp_T6W30']",,,,,,,,3.4768582676552087,3.554941969341382,98.0,3.5159001184982954,0.03904185084308663,0.19575101129528585,1.9844674545084815,completed,False,COMPLETE
24,2.8308575955634785,2026-06-12 09:04:34.914507,2026-06-12 09:04:37.054478,0 days 00:00:02.139971,,,,,,,,,,,,,,9.959327167494518,QuantileRegressor,,,,,,7,,,,,,,,False,-0.0008710167252312757,5.380273699555165e-05,98.0,-0.00040860699411786203,0.0004624097311134137,0.002318465199358251,1.9844674545084815,2.805429745831736,2.856285445295221,98.0,2.8308575955634785,0.02542784973174255,0.12749209355003127,1.9844674545084815,813460468866446.8,1032935100287233.8,98.0,923197784576840.2,109737315710393.47,550209328278897.0,1.9844674545084815,8.622879029919044,8.932676525636513,98.0,8.777777777777779,0.154898747858735,0.7766431633476233,1.9844674545084815,2.487116641790159,2.684600529927013,98.0,2.585858585858586,0.09874194406842689,0.49507989481189746,1.9844674545084815,99.0,1.0,-0.026651425313173705,-0.023247098953300478,98.0,-0.02494926213323709,0.0017021631799366132,0.008534435654737752,1.9844674545084815,QuantileRegressor,"{'mode': 'original', 'type': 'QuantileRegressor'}",7,"['z_l1_T6W30', 'z_l2_T6W30', 'z_l3_T6W30', 'z_lsc_T6W30', 'z_density_T6W30', 'z_diameter_T6W30', 'z_asp_T6W30']",,,,,,,,3.4768582676552087,3.554941969341382,98.0,3.5159001184982954,0.03904185084308663,0.19575101129528585,1.9844674545084815,completed,False,COMPLETE
25,2.8308575955634785,2026-06-12 09:04:37.066907,2026-06-12 09:04:39.408137,0 days 00:00:02.341230,,,,,,,,,,,,,,1.3358589404922976,QuantileRegressor,,,,,,14,,,,,,,,False,-0.0008710167252312757,5.380273699555165e-05,98.0,-0.00040860699411786203,0.0004624097311134137,0.002318465199358251,1.9844674545084815,2.805429745831736,2.856285445295221,98.0,2.8308575955634785,0.02542784973174255,0.12749209355003127,1.9844674545084815,813460468866446.8,1032935100287233.8,98.0,923197784576840.2,109737315710393.47,550209328278897.0,1.9844674545084815,8.622879029919044,8.932676525636513,98.0,8.777777777777779,0.154898747858735,0.7766431633476233,1.9844674545084815,2.487116641790159,2.684600529927013,98.0,2.585858585858586,0.09874194406842689,0.49507989481189746,1.9844674545084815,99.0,1.0,-0.026651425313173705,-0.023247098953300478,98.0,-0.02494926213323709,0.0017021631799366132,0.008534435654737752,1.9844674545084815,QuantileRegressor,"{'mode': 'original', 'type': 'QuantileRegressor'}",14,"['lsc_T6W30', 'atd_T6W30', 'density_T6W30', 'diameter_T6W30', 'asp_T6W30', 'z_re_T6W30', 'z_pe_T6W30', 'z_l1_T6W30', 'z_l2_T6W30', 'z_l3_T6W30', 'z_lsc_T6W30', 'z_density_T6W30', 'z_diameter_T6W30', 'z_asp_T6W30']",,,,,,,,3.4768582676552087,3.554941969341382,98.0,3.5159001184982954,0.03904185084308663,0.19575101129528585,1.9844674545084815,completed,False,COMPLETE
