number,value,datetime_start,datetime_complete,duration,params_dt_max_depth,params_dt_min_samples_leaf,params_dt_min_samples_split,params_elastic_alpha,params_elastic_l1_ratio,params_et_max_depth,params_et_max_features,params_et_min_samples_leaf,params_et_min_samples_split,params_et_n_estimators,params_knn_metric,params_knn_n_neighbors,params_knn_weights,params_quantile_alpha,params_regressor,params_rf_max_depth,params_rf_max_features,params_rf_min_samples_leaf,params_rf_min_samples_split,params_rf_n_estimators,params_rfe_n_features,params_rfe_proxy_et_max_depth,params_rfe_proxy_et_min_samples_leaf,params_rfe_proxy_et_min_samples_split,params_rfe_proxy_et_n_estimators,params_rfe_proxy_lsvr_C,params_rfe_proxy_lsvr_epsilon,params_rfe_proxy_type,params_use_scaler,user_attrs_d2mae_ci_lower_val,user_attrs_d2mae_ci_upper_val,user_attrs_d2mae_df_val,user_attrs_d2mae_mean_val,user_attrs_d2mae_samperror_val,user_attrs_d2mae_std_val,user_attrs_d2mae_t_critical_val,user_attrs_mae_ci_lower_val,user_attrs_mae_ci_upper_val,user_attrs_mae_df_val,user_attrs_mae_mean_val,user_attrs_mae_samperror_val,user_attrs_mae_std_val,user_attrs_mae_t_critical_val,user_attrs_mape_ci_lower_val,user_attrs_mape_ci_upper_val,user_attrs_mape_df_val,user_attrs_mape_mean_val,user_attrs_mape_samperror_val,user_attrs_mape_std_val,user_attrs_mape_t_critical_val,user_attrs_max_error_ci_lower_val,user_attrs_max_error_ci_upper_val,user_attrs_max_error_df_val,user_attrs_max_error_mean_val,user_attrs_max_error_samperror_val,user_attrs_max_error_std_val,user_attrs_max_error_t_critical_val,user_attrs_median_ae_ci_lower_val,user_attrs_median_ae_ci_upper_val,user_attrs_median_ae_df_val,user_attrs_median_ae_mean_val,user_attrs_median_ae_samperror_val,user_attrs_median_ae_std_val,user_attrs_median_ae_t_critical_val,user_attrs_n_splits_val,user_attrs_r2_below_zero_val,user_attrs_r2_ci_lower_val,user_attrs_r2_ci_upper_val,user_attrs_r2_df_val,user_attrs_r2_mean_val,user_attrs_r2_samperror_val,user_attrs_r2_std_val,user_attrs_r2_t_critical_val,user_attrs_regressor_final,user_attrs_rfe_estimator,user_attrs_rfe_n_features,user_attrs_rfe_selected_features,user_attrs_rho_ci_lower_val,user_attrs_rho_ci_upper_val,user_attrs_rho_df_val,user_attrs_rho_mean_val,user_attrs_rho_samperror_val,user_attrs_rho_std_val,user_attrs_rho_t_critical_val,user_attrs_rmse_ci_lower_val,user_attrs_rmse_ci_upper_val,user_attrs_rmse_df_val,user_attrs_rmse_mean_val,user_attrs_rmse_samperror_val,user_attrs_rmse_std_val,user_attrs_rmse_t_critical_val,user_attrs_termination_reason,user_attrs_use_scaler_final,state
108,2.8308575955634785,2026-06-12 09:08:59.470399,2026-06-12 09:09:01.661340,0 days 00:00:02.190941,,,,,,,,,,,,,,1.4298700844044137,QuantileRegressor,,,,,,4,,,,,,,,False,-0.0008710167252312757,5.380273699555165e-05,98.0,-0.00040860699411786203,0.0004624097311134137,0.002318465199358251,1.9844674545084815,2.805429745831736,2.856285445295221,98.0,2.8308575955634785,0.02542784973174255,0.12749209355003127,1.9844674545084815,813460468866446.8,1032935100287233.8,98.0,923197784576840.2,109737315710393.47,550209328278897.0,1.9844674545084815,8.622879029919044,8.932676525636513,98.0,8.777777777777779,0.154898747858735,0.7766431633476233,1.9844674545084815,2.487116641790159,2.684600529927013,98.0,2.585858585858586,0.09874194406842689,0.49507989481189746,1.9844674545084815,99.0,1.0,-0.026651425313173705,-0.023247098953300478,98.0,-0.02494926213323709,0.0017021631799366132,0.008534435654737752,1.9844674545084815,QuantileRegressor,"{'mode': 'original', 'type': 'QuantileRegressor'}",4,"['z_lsc_T6W30', 'z_density_T6W30', 'z_diameter_T6W30', 'z_asp_T6W30']",,,,,,,,3.4768582676552087,3.554941969341382,98.0,3.5159001184982954,0.03904185084308663,0.19575101129528585,1.9844674545084815,completed,False,COMPLETE
109,2.8606366071646363,2026-06-12 09:09:01.674116,2026-06-12 09:09:03.436749,0 days 00:00:01.762633,,,,,,,,,,,,,,,LinearRegression,,,,,,6,,,,,,,,True,-0.018525089320619054,-0.003607238475855398,98.0,-0.011066163898237226,0.007458925422381828,0.037398129521974424,1.9844674545084815,2.828770122892902,2.8925030914363705,98.0,2.8606366071646363,0.03186648427173403,0.15977461078082672,1.9844674545084815,875636283666544.2,1108874470056400.0,98.0,992255376861472.1,116619093194927.9,584713709424169.6,1.9844674545084815,8.274685206973043,8.683752152370396,98.0,8.47921867967172,0.20453347269867575,1.025505534699624,1.9844674545084815,2.480173455740763,2.5537033695733165,98.0,2.5169384126570398,0.036764956916276736,0.18433494676042392,1.9844674545084815,99.0,0.5353535353535354,-0.025037958916813503,0.0008486763832249652,98.0,-0.012094641266794269,0.012943317650019234,0.06489619382263583,1.9844674545084815,LinearRegression,"{'mode': 'original', 'type': 'LinearRegression'}",6,"['l1_T6W30', 'diameter_T6W30', 'asp_T6W30', 'z_l1_T6W30', 'z_diameter_T6W30', 'z_asp_T6W30']",0.10669097196840174,0.15000273180476129,98.0,0.12834685188658151,0.021655879918179778,0.10857990343517787,1.9844674545084815,3.448234075313572,3.5351886140066866,98.0,3.4917113446601293,0.04347726934655733,0.21798965108369533,1.9844674545084815,completed,True,COMPLETE
110,2.8650015585534443,2026-06-12 09:09:03.449952,2026-06-12 09:09:06.743747,0 days 00:00:03.293795,,,,,,,,,,,,,,,RandomForestRegressor,7.0,log2,4.0,9.0,348.0,9,,,,,,,,False,,,,,,,,,,,,,,,,,,,,,,,,,,,,,,,,,,,,,,,,,,,,,RandomForestRegressor,"{'mode': 'original', 'type': 'RandomForestRegressor'}",9,"['l1_T6W30', 'l3_T6W30', 'lsc_T6W30', 'atd_T6W30', 'density_T6W30', 'asp_T6W30', 'z_l1_T6W30', 'z_l3_T6W30', 'z_density_T6W30']",,,,,,,,,,,,,,,pruned,False,PRUNED
111,2.8308575955634785,2026-06-12 09:09:06.754388,2026-06-12 09:09:09.013858,0 days 00:00:02.259470,,,,,,,,,,,,,,4.301289945699476,QuantileRegressor,,,,,,14,,,,,,,,False,-0.0008710167252312757,5.380273699555165e-05,98.0,-0.00040860699411786203,0.0004624097311134137,0.002318465199358251,1.9844674545084815,2.805429745831736,2.856285445295221,98.0,2.8308575955634785,0.02542784973174255,0.12749209355003127,1.9844674545084815,813460468866446.8,1032935100287233.8,98.0,923197784576840.2,109737315710393.47,550209328278897.0,1.9844674545084815,8.622879029919044,8.932676525636513,98.0,8.777777777777779,0.154898747858735,0.7766431633476233,1.9844674545084815,2.487116641790159,2.684600529927013,98.0,2.585858585858586,0.09874194406842689,0.49507989481189746,1.9844674545084815,99.0,1.0,-0.026651425313173705,-0.023247098953300478,98.0,-0.02494926213323709,0.0017021631799366132,0.008534435654737752,1.9844674545084815,QuantileRegressor,"{'mode': 'original', 'type': 'QuantileRegressor'}",14,"['lsc_T6W30', 'atd_T6W30', 'density_T6W30', 'diameter_T6W30', 'asp_T6W30', 'z_re_T6W30', 'z_pe_T6W30', 'z_l1_T6W30', 'z_l2_T6W30', 'z_l3_T6W30', 'z_lsc_T6W30', 'z_density_T6W30', 'z_diameter_T6W30', 'z_asp_T6W30']",,,,,,,,3.4768582676552087,3.554941969341382,98.0,3.5159001184982954,0.03904185084308663,0.19575101129528585,1.9844674545084815,completed,False,COMPLETE
112,2.8308575955634785,2026-06-12 09:09:09.026281,2026-06-12 09:09:11.385946,0 days 00:00:02.359665,,,,,,,,,,,,,,0.3921385100909852,QuantileRegressor,,,,,,14,,,,,,,,False,-0.0008710167252312757,5.380273699555165e-05,98.0,-0.00040860699411786203,0.0004624097311134137,0.002318465199358251,1.9844674545084815,2.805429745831736,2.856285445295221,98.0,2.8308575955634785,0.02542784973174255,0.12749209355003127,1.9844674545084815,813460468866446.8,1032935100287233.8,98.0,923197784576840.2,109737315710393.47,550209328278897.0,1.9844674545084815,8.622879029919044,8.932676525636513,98.0,8.777777777777779,0.154898747858735,0.7766431633476233,1.9844674545084815,2.487116641790159,2.684600529927013,98.0,2.585858585858586,0.09874194406842689,0.49507989481189746,1.9844674545084815,99.0,1.0,-0.026651425313173705,-0.023247098953300478,98.0,-0.02494926213323709,0.0017021631799366132,0.008534435654737752,1.9844674545084815,QuantileRegressor,"{'mode': 'original', 'type': 'QuantileRegressor'}",14,"['lsc_T6W30', 'atd_T6W30', 'density_T6W30', 'diameter_T6W30', 'asp_T6W30', 'z_re_T6W30', 'z_pe_T6W30', 'z_l1_T6W30', 'z_l2_T6W30', 'z_l3_T6W30', 'z_lsc_T6W30', 'z_density_T6W30', 'z_diameter_T6W30', 'z_asp_T6W30']",,,,,,,,3.4768582676552087,3.554941969341382,98.0,3.5159001184982954,0.03904185084308663,0.19575101129528585,1.9844674545084815,completed,False,COMPLETE
113,2.8308575955634785,2026-06-12 09:09:11.400144,2026-06-12 09:09:13.765922,0 days 00:00:02.365778,,,,,,,,,,,,,,2.5826998482286414,QuantileRegressor,,,,,,13,,,,,,,,False,-0.0008710167252312757,5.380273699555165e-05,98.0,-0.00040860699411786203,0.0004624097311134137,0.002318465199358251,1.9844674545084815,2.805429745831736,2.856285445295221,98.0,2.8308575955634785,0.02542784973174255,0.12749209355003127,1.9844674545084815,813460468866446.8,1032935100287233.8,98.0,923197784576840.2,109737315710393.47,550209328278897.0,1.9844674545084815,8.622879029919044,8.932676525636513,98.0,8.777777777777779,0.154898747858735,0.7766431633476233,1.9844674545084815,2.487116641790159,2.684600529927013,98.0,2.585858585858586,0.09874194406842689,0.49507989481189746,1.9844674545084815,99.0,1.0,-0.026651425313173705,-0.023247098953300478,98.0,-0.02494926213323709,0.0017021631799366132,0.008534435654737752,1.9844674545084815,QuantileRegressor,"{'mode': 'original', 'type': 'QuantileRegressor'}",13,"['atd_T6W30', 'density_T6W30', 'diameter_T6W30', 'asp_T6W30', 'z_re_T6W30', 'z_pe_T6W30', 'z_l1_T6W30', 'z_l2_T6W30', 'z_l3_T6W30', 'z_lsc_T6W30', 'z_density_T6W30', 'z_diameter_T6W30', 'z_asp_T6W30']",,,,,,,,3.4768582676552087,3.554941969341382,98.0,3.5159001184982954,0.03904185084308663,0.19575101129528585,1.9844674545084815,completed,False,COMPLETE
114,2.8308575955634785,2026-06-12 09:09:13.778229,2026-06-12 09:09:16.099628,0 days 00:00:02.321399,,,,,,,,,,,,,,1.407482760592586,QuantileRegressor,,,,,,15,,,,,,,,False,-0.0008710167252312757,5.380273699555165e-05,98.0,-0.00040860699411786203,0.0004624097311134137,0.002318465199358251,1.9844674545084815,2.805429745831736,2.856285445295221,98.0,2.8308575955634785,0.02542784973174255,0.12749209355003127,1.9844674545084815,813460468866446.8,1032935100287233.8,98.0,923197784576840.2,109737315710393.47,550209328278897.0,1.9844674545084815,8.622879029919044,8.932676525636513,98.0,8.777777777777779,0.154898747858735,0.7766431633476233,1.9844674545084815,2.487116641790159,2.684600529927013,98.0,2.585858585858586,0.09874194406842689,0.49507989481189746,1.9844674545084815,99.0,1.0,-0.026651425313173705,-0.023247098953300478,98.0,-0.02494926213323709,0.0017021631799366132,0.008534435654737752,1.9844674545084815,QuantileRegressor,"{'mode': 'original', 'type': 'QuantileRegressor'}",15,"['lcc_T6W30', 'lsc_T6W30', 'atd_T6W30', 'density_T6W30', 'diameter_T6W30', 'asp_T6W30', 'z_re_T6W30', 'z_pe_T6W30', 'z_l1_T6W30', 'z_l2_T6W30', 'z_l3_T6W30', 'z_lsc_T6W30', 'z_density_T6W30', 'z_diameter_T6W30', 'z_asp_T6W30']",,,,,,,,3.4768582676552087,3.554941969341382,98.0,3.5159001184982954,0.03904185084308663,0.19575101129528585,1.9844674545084815,completed,False,COMPLETE
115,2.8308575955634785,2026-06-12 09:09:16.168489,2026-06-12 09:09:18.450624,0 days 00:00:02.282135,,,,,,,,,,,,,,7.585297478472263,QuantileRegressor,,,,,,12,,,,,,,,False,-0.0008710167252312757,5.380273699555165e-05,98.0,-0.00040860699411786203,0.0004624097311134137,0.002318465199358251,1.9844674545084815,2.805429745831736,2.856285445295221,98.0,2.8308575955634785,0.02542784973174255,0.12749209355003127,1.9844674545084815,813460468866446.8,1032935100287233.8,98.0,923197784576840.2,109737315710393.47,550209328278897.0,1.9844674545084815,8.622879029919044,8.932676525636513,98.0,8.777777777777779,0.154898747858735,0.7766431633476233,1.9844674545084815,2.487116641790159,2.684600529927013,98.0,2.585858585858586,0.09874194406842689,0.49507989481189746,1.9844674545084815,99.0,1.0,-0.026651425313173705,-0.023247098953300478,98.0,-0.02494926213323709,0.0017021631799366132,0.008534435654737752,1.9844674545084815,QuantileRegressor,"{'mode': 'original', 'type': 'QuantileRegressor'}",12,"['density_T6W30', 'diameter_T6W30', 'asp_T6W30', 'z_re_T6W30', 'z_pe_T6W30', 'z_l1_T6W30', 'z_l2_T6W30', 'z_l3_T6W30', 'z_lsc_T6W30', 'z_density_T6W30', 'z_diameter_T6W30', 'z_asp_T6W30']",,,,,,,,3.4768582676552087,3.554941969341382,98.0,3.5159001184982954,0.03904185084308663,0.19575101129528585,1.9844674545084815,completed,False,COMPLETE
116,2.8308575955634785,2026-06-12 09:09:18.496495,2026-06-12 09:09:20.901314,0 days 00:00:02.404819,,,,,,,,,,,,,,5.005504469028128,QuantileRegressor,,,,,,17,,,,,,,,False,-0.0008710167252312757,5.380273699555165e-05,98.0,-0.00040860699411786203,0.0004624097311134137,0.002318465199358251,1.9844674545084815,2.805429745831736,2.856285445295221,98.0,2.8308575955634785,0.02542784973174255,0.12749209355003127,1.9844674545084815,813460468866446.8,1032935100287233.8,98.0,923197784576840.2,109737315710393.47,550209328278897.0,1.9844674545084815,8.622879029919044,8.932676525636513,98.0,8.777777777777779,0.154898747858735,0.7766431633476233,1.9844674545084815,2.487116641790159,2.684600529927013,98.0,2.585858585858586,0.09874194406842689,0.49507989481189746,1.9844674545084815,99.0,1.0,-0.026651425313173705,-0.023247098953300478,98.0,-0.02494926213323709,0.0017021631799366132,0.008534435654737752,1.9844674545084815,QuantileRegressor,"{'mode': 'original', 'type': 'QuantileRegressor'}",17,"['l2_T6W30', 'l3_T6W30', 'lcc_T6W30', 'lsc_T6W30', 'atd_T6W30', 'density_T6W30', 'diameter_T6W30', 'asp_T6W30', 'z_re_T6W30', 'z_pe_T6W30', 'z_l1_T6W30', 'z_l2_T6W30', 'z_l3_T6W30', 'z_lsc_T6W30', 'z_density_T6W30', 'z_diameter_T6W30', 'z_asp_T6W30']",,,,,,,,3.4768582676552087,3.554941969341382,98.0,3.5159001184982954,0.03904185084308663,0.19575101129528585,1.9844674545084815,completed,False,COMPLETE
117,2.8308575955634785,2026-06-12 09:09:20.914166,2026-06-12 09:09:23.251744,0 days 00:00:02.337578,,,,,,,,,,,,,,0.83963277141917,QuantileRegressor,,,,,,11,,,,,,,,False,-0.0008710167252312757,5.380273699555165e-05,98.0,-0.00040860699411786203,0.0004624097311134137,0.002318465199358251,1.9844674545084815,2.805429745831736,2.856285445295221,98.0,2.8308575955634785,0.02542784973174255,0.12749209355003127,1.9844674545084815,813460468866446.8,1032935100287233.8,98.0,923197784576840.2,109737315710393.47,550209328278897.0,1.9844674545084815,8.622879029919044,8.932676525636513,98.0,8.777777777777779,0.154898747858735,0.7766431633476233,1.9844674545084815,2.487116641790159,2.684600529927013,98.0,2.585858585858586,0.09874194406842689,0.49507989481189746,1.9844674545084815,99.0,1.0,-0.026651425313173705,-0.023247098953300478,98.0,-0.02494926213323709,0.0017021631799366132,0.008534435654737752,1.9844674545084815,QuantileRegressor,"{'mode': 'original', 'type': 'QuantileRegressor'}",11,"['diameter_T6W30', 'asp_T6W30', 'z_re_T6W30', 'z_pe_T6W30', 'z_l1_T6W30', 'z_l2_T6W30', 'z_l3_T6W30', 'z_lsc_T6W30', 'z_density_T6W30', 'z_diameter_T6W30', 'z_asp_T6W30']",,,,,,,,3.4768582676552087,3.554941969341382,98.0,3.5159001184982954,0.03904185084308663,0.19575101129528585,1.9844674545084815,completed,False,COMPLETE
118,2.8308575955634785,2026-06-12 09:09:23.264960,2026-06-12 09:09:25.596275,0 days 00:00:02.331315,,,,,,,,,,,,,,7.312260858357425,QuantileRegressor,,,,,,13,,,,,,,,False,-0.0008710167252312757,5.380273699555165e-05,98.0,-0.00040860699411786203,0.0004624097311134137,0.002318465199358251,1.9844674545084815,2.805429745831736,2.856285445295221,98.0,2.8308575955634785,0.02542784973174255,0.12749209355003127,1.9844674545084815,813460468866446.8,1032935100287233.8,98.0,923197784576840.2,109737315710393.47,550209328278897.0,1.9844674545084815,8.622879029919044,8.932676525636513,98.0,8.777777777777779,0.154898747858735,0.7766431633476233,1.9844674545084815,2.487116641790159,2.684600529927013,98.0,2.585858585858586,0.09874194406842689,0.49507989481189746,1.9844674545084815,99.0,1.0,-0.026651425313173705,-0.023247098953300478,98.0,-0.02494926213323709,0.0017021631799366132,0.008534435654737752,1.9844674545084815,QuantileRegressor,"{'mode': 'original', 'type': 'QuantileRegressor'}",13,"['atd_T6W30', 'density_T6W30', 'diameter_T6W30', 'asp_T6W30', 'z_re_T6W30', 'z_pe_T6W30', 'z_l1_T6W30', 'z_l2_T6W30', 'z_l3_T6W30', 'z_lsc_T6W30', 'z_density_T6W30', 'z_diameter_T6W30', 'z_asp_T6W30']",,,,,,,,3.4768582676552087,3.554941969341382,98.0,3.5159001184982954,0.03904185084308663,0.19575101129528585,1.9844674545084815,completed,False,COMPLETE
119,2.815595217791774,2026-06-12 09:09:25.609353,2026-06-12 09:09:26.901466,0 days 00:00:01.292113,,,,,,15.0,,5.0,5.0,193.0,,,,,ExtraTreesRegressor,,,,,,7,,,,,,,,False,,,,,,,,,,,,,,,,,,,,,,,,,,,,,,,,,,,,,,,,,,,,,ExtraTreesRegressor,"{'mode': 'original', 'type': 'ExtraTreesRegressor'}",7,"['nodes_T6W30', 'l1_T6W30', 'lcc_T6W30', 'atd_T6W30', 'density_T6W30', 'asp_T6W30', 'z_l1_T6W30']",,,,,,,,,,,,,,,pruned,False,PRUNED
120,2.8308575955634785,2026-06-12 09:09:26.912431,2026-06-12 09:09:29.308328,0 days 00:00:02.395897,,,,,,,,,,,,,,0.1455904610309854,QuantileRegressor,,,,,,12,,,,,,,,False,-0.0008710167252312757,5.380273699555165e-05,98.0,-0.00040860699411786203,0.0004624097311134137,0.002318465199358251,1.9844674545084815,2.805429745831736,2.856285445295221,98.0,2.8308575955634785,0.02542784973174255,0.12749209355003127,1.9844674545084815,813460468866446.8,1032935100287233.8,98.0,923197784576840.2,109737315710393.47,550209328278897.0,1.9844674545084815,8.622879029919044,8.932676525636513,98.0,8.777777777777779,0.154898747858735,0.7766431633476233,1.9844674545084815,2.487116641790159,2.684600529927013,98.0,2.585858585858586,0.09874194406842689,0.49507989481189746,1.9844674545084815,99.0,1.0,-0.026651425313173705,-0.023247098953300478,98.0,-0.02494926213323709,0.0017021631799366132,0.008534435654737752,1.9844674545084815,QuantileRegressor,"{'mode': 'original', 'type': 'QuantileRegressor'}",12,"['density_T6W30', 'diameter_T6W30', 'asp_T6W30', 'z_re_T6W30', 'z_pe_T6W30', 'z_l1_T6W30', 'z_l2_T6W30', 'z_l3_T6W30', 'z_lsc_T6W30', 'z_density_T6W30', 'z_diameter_T6W30', 'z_asp_T6W30']",,,,,,,,3.4768582676552087,3.554941969341382,98.0,3.5159001184982954,0.03904185084308663,0.19575101129528585,1.9844674545084815,completed,False,COMPLETE
121,2.8308575955634785,2026-06-12 09:09:29.321330,2026-06-12 09:09:31.620800,0 days 00:00:02.299470,,,,,,,,,,,,,,4.468404744925182,QuantileRegressor,,,,,,11,,,,,,,,False,-0.0008710167252312757,5.380273699555165e-05,98.0,-0.00040860699411786203,0.0004624097311134137,0.002318465199358251,1.9844674545084815,2.805429745831736,2.856285445295221,98.0,2.8308575955634785,0.02542784973174255,0.12749209355003127,1.9844674545084815,813460468866446.8,1032935100287233.8,98.0,923197784576840.2,109737315710393.47,550209328278897.0,1.9844674545084815,8.622879029919044,8.932676525636513,98.0,8.777777777777779,0.154898747858735,0.7766431633476233,1.9844674545084815,2.487116641790159,2.684600529927013,98.0,2.585858585858586,0.09874194406842689,0.49507989481189746,1.9844674545084815,99.0,1.0,-0.026651425313173705,-0.023247098953300478,98.0,-0.02494926213323709,0.0017021631799366132,0.008534435654737752,1.9844674545084815,QuantileRegressor,"{'mode': 'original', 'type': 'QuantileRegressor'}",11,"['diameter_T6W30', 'asp_T6W30', 'z_re_T6W30', 'z_pe_T6W30', 'z_l1_T6W30', 'z_l2_T6W30', 'z_l3_T6W30', 'z_lsc_T6W30', 'z_density_T6W30', 'z_diameter_T6W30', 'z_asp_T6W30']",,,,,,,,3.4768582676552087,3.554941969341382,98.0,3.5159001184982954,0.03904185084308663,0.19575101129528585,1.9844674545084815,completed,False,COMPLETE
122,2.8308575955634785,2026-06-12 09:09:31.633503,2026-06-12 09:09:33.889305,0 days 00:00:02.255802,,,,,,,,,,,,,,7.591942586900507,QuantileRegressor,,,,,,10,,,,,,,,False,-0.0008710167252312757,5.380273699555165e-05,98.0,-0.00040860699411786203,0.0004624097311134137,0.002318465199358251,1.9844674545084815,2.805429745831736,2.856285445295221,98.0,2.8308575955634785,0.02542784973174255,0.12749209355003127,1.9844674545084815,813460468866446.8,1032935100287233.8,98.0,923197784576840.2,109737315710393.47,550209328278897.0,1.9844674545084815,8.622879029919044,8.932676525636513,98.0,8.777777777777779,0.154898747858735,0.7766431633476233,1.9844674545084815,2.487116641790159,2.684600529927013,98.0,2.585858585858586,0.09874194406842689,0.49507989481189746,1.9844674545084815,99.0,1.0,-0.026651425313173705,-0.023247098953300478,98.0,-0.02494926213323709,0.0017021631799366132,0.008534435654737752,1.9844674545084815,QuantileRegressor,"{'mode': 'original', 'type': 'QuantileRegressor'}",10,"['asp_T6W30', 'z_re_T6W30', 'z_pe_T6W30', 'z_l1_T6W30', 'z_l2_T6W30', 'z_l3_T6W30', 'z_lsc_T6W30', 'z_density_T6W30', 'z_diameter_T6W30', 'z_asp_T6W30']",,,,,,,,3.4768582676552087,3.554941969341382,98.0,3.5159001184982954,0.03904185084308663,0.19575101129528585,1.9844674545084815,completed,False,COMPLETE
