number,value,datetime_start,datetime_complete,duration,params_dt_max_depth,params_dt_min_samples_leaf,params_dt_min_samples_split,params_elastic_alpha,params_elastic_l1_ratio,params_et_max_depth,params_et_max_features,params_et_min_samples_leaf,params_et_min_samples_split,params_et_n_estimators,params_knn_metric,params_knn_n_neighbors,params_knn_weights,params_quantile_alpha,params_regressor,params_rf_max_depth,params_rf_max_features,params_rf_min_samples_leaf,params_rf_min_samples_split,params_rf_n_estimators,params_rfe_n_features,params_rfe_proxy_et_max_depth,params_rfe_proxy_et_min_samples_leaf,params_rfe_proxy_et_min_samples_split,params_rfe_proxy_et_n_estimators,params_rfe_proxy_lsvr_C,params_rfe_proxy_lsvr_epsilon,params_rfe_proxy_type,params_use_scaler,user_attrs_d2mae_ci_lower_val,user_attrs_d2mae_ci_upper_val,user_attrs_d2mae_df_val,user_attrs_d2mae_mean_val,user_attrs_d2mae_samperror_val,user_attrs_d2mae_std_val,user_attrs_d2mae_t_critical_val,user_attrs_mae_ci_lower_val,user_attrs_mae_ci_upper_val,user_attrs_mae_df_val,user_attrs_mae_mean_val,user_attrs_mae_samperror_val,user_attrs_mae_std_val,user_attrs_mae_t_critical_val,user_attrs_mape_ci_lower_val,user_attrs_mape_ci_upper_val,user_attrs_mape_df_val,user_attrs_mape_mean_val,user_attrs_mape_samperror_val,user_attrs_mape_std_val,user_attrs_mape_t_critical_val,user_attrs_max_error_ci_lower_val,user_attrs_max_error_ci_upper_val,user_attrs_max_error_df_val,user_attrs_max_error_mean_val,user_attrs_max_error_samperror_val,user_attrs_max_error_std_val,user_attrs_max_error_t_critical_val,user_attrs_median_ae_ci_lower_val,user_attrs_median_ae_ci_upper_val,user_attrs_median_ae_df_val,user_attrs_median_ae_mean_val,user_attrs_median_ae_samperror_val,user_attrs_median_ae_std_val,user_attrs_median_ae_t_critical_val,user_attrs_n_splits_val,user_attrs_r2_below_zero_val,user_attrs_r2_ci_lower_val,user_attrs_r2_ci_upper_val,user_attrs_r2_df_val,user_attrs_r2_mean_val,user_attrs_r2_samperror_val,user_attrs_r2_std_val,user_attrs_r2_t_critical_val,user_attrs_regressor_final,user_attrs_rfe_estimator,user_attrs_rfe_n_features,user_attrs_rfe_selected_features,user_attrs_rho_ci_lower_val,user_attrs_rho_ci_upper_val,user_attrs_rho_df_val,user_attrs_rho_mean_val,user_attrs_rho_samperror_val,user_attrs_rho_std_val,user_attrs_rho_t_critical_val,user_attrs_rmse_ci_lower_val,user_attrs_rmse_ci_upper_val,user_attrs_rmse_df_val,user_attrs_rmse_mean_val,user_attrs_rmse_samperror_val,user_attrs_rmse_std_val,user_attrs_rmse_t_critical_val,user_attrs_termination_reason,user_attrs_use_scaler_final,state
26,3.031690643424603,2026-06-12 09:04:39.422383,2026-06-12 09:05:26.608819,0 days 00:00:47.186436,,,,,,,,,,,,,,,RandomForestRegressor,19.0,log2,1.0,2.0,491.0,10,,,,,,,,False,-0.08149567898921264,-0.0620274352214125,98.0,-0.07176155710531257,0.009734121883900071,0.048805683175812443,1.9844674545084815,2.9966129360902216,3.0667683507589847,98.0,3.031690643424603,0.035077707334381356,0.17587528604169922,1.9844674545084815,901442159892131.0,1144017206621101.2,98.0,1022729683256616.1,121287523364485.1,608120640886643.1,1.9844674545084815,8.754975381618177,9.103539990693182,98.0,8.92925768615568,0.17428230453750282,0.8738299191092339,1.9844674545084815,2.61616785056068,2.7239171860048654,98.0,2.6700425182827727,0.053874667722092866,0.27012092055222375,1.9844674545084815,99.0,0.9494949494949495,-0.15640316229917922,-0.1195806410169617,98.0,-0.13799190165807046,0.018411260641108755,0.09231178368574496,1.9844674545084815,RandomForestRegressor,"{'mode': 'original', 'type': 'RandomForestRegressor'}",10,"['nodes_T6W30', 'l1_T6W30', 'l3_T6W30', 'lsc_T6W30', 'atd_T6W30', 'density_T6W30', 'diameter_T6W30', 'asp_T6W30', 'z_l1_T6W30', 'z_l3_T6W30']",-0.06480491344238559,-0.013850142107460613,98.0,-0.039327527774923106,0.025477385667462493,0.12774046060495417,1.9844674545084815,3.655820196476714,3.7435336137632915,98.0,3.6996769051200027,0.04385670864328881,0.21989211278713458,1.9844674545084815,completed,False,COMPLETE
27,2.9731495760005906,2026-06-12 09:05:26.623368,2026-06-12 09:05:28.285826,0 days 00:00:01.662458,,,,,,,,,,,minkowski,20.0,distance,,KNeighborsRegressor,,,,,,12,,,,,7.4910104974988885,0.6592318760277409,LinearSVR,,-0.05718685051700756,-0.044130918494931184,98.0,-0.05065888450596937,0.006527966011038184,0.03273041417779647,1.9844674545084815,2.9402632539763642,3.006035898024817,98.0,2.9731495760005906,0.0328863220242265,0.1648879511347424,1.9844674545084815,881592906691873.6,1125986588251679.5,98.0,1003789747471776.5,122196840779902.92,612679845940006.4,1.9844674545084815,8.527207130791963,8.911682105278603,98.0,8.719444618035283,0.19223748724332043,0.9638549844367349,1.9844674545084815,2.6045733594807876,2.6957639995762186,98.0,2.650168679528503,0.04559532004771538,0.22860929533142174,1.9844674545084815,99.0,0.9292929292929293,-0.08837576786961149,-0.065157477659255,98.0,-0.07676662276443325,0.011609145105178246,0.05820681769790545,1.9844674545084815,KNeighborsRegressor,"{'mode': 'proxy', 'type': 'LinearSVR'}",12,"['edges_T6W30', 're_T6W30', 'l2_T6W30', 'l3_T6W30', 'lcc_T6W30', 'lsc_T6W30', 'atd_T6W30', 'density_T6W30', 'diameter_T6W30', 'z_l2_T6W30', 'z_diameter_T6W30', 'z_asp_T6W30']",-0.05948736164450179,-0.012872845176382462,98.0,-0.03618010341044212,0.02330725823405966,0.11685971006278385,1.9844674545084815,3.558065998768432,3.646654428695172,98.0,3.602360213731802,0.04429421496336986,0.22208571536371707,1.9844674545084815,completed,True,COMPLETE
28,3.3081760650388103,2026-06-12 09:05:28.298559,2026-06-12 09:05:29.902714,0 days 00:00:01.604155,20.0,5.0,4.0,,,,,,,,,,,,DecisionTreeRegressor,,,,,,2,,,,,,,,False,-0.1866476660736545,-0.15158451732568226,98.0,-0.16911609169966837,0.017531574373986107,0.08790114554505019,1.9844674545084815,3.2511157894555844,3.3652363406220362,98.0,3.3081760650388103,0.057060275583225704,0.28609316436087984,1.9844674545084815,869307619673277.4,1127601540286338.8,98.0,998454579979808.0,129146960306530.66,647526885631553.2,1.9844674545084815,9.635857123046991,10.219842732652866,98.0,9.927849927849929,0.29199280480293843,1.4640158085959052,1.9844674545084815,2.719558396458064,2.863758903525903,98.0,2.7916586499919833,0.07210025353391937,0.3615017536088564,1.9844674545084815,99.0,1.0,-0.4287196027974949,-0.3550178677967193,98.0,-0.3918687352971071,0.03685086750038777,0.18476569180343666,1.9844674545084815,DecisionTreeRegressor,"{'mode': 'original', 'type': 'DecisionTreeRegressor'}",2,"['atd_T6W30', 'density_T6W30']",-0.012000068060488644,0.03508950601469705,98.0,0.011544718977104202,0.023544787037592847,0.1180506501053104,1.9844674545084815,4.019796473544608,4.154321550535339,98.0,4.0870590120399735,0.0672625384953652,0.33724604875097364,1.9844674545084815,completed,False,COMPLETE
29,3.1311954678435043,2026-06-12 09:05:29.915763,2026-06-12 09:05:34.028078,0 days 00:00:04.112315,,,,0.00016377964907056237,0.8770241030575711,,,,,,,,,,ElasticNet,,,,,,20,,,,,,,,True,-0.11997143144626404,-0.09314724234761304,98.0,-0.10655933689693854,0.013412094549325508,0.06724658321579957,1.9844674545084815,3.0843238666482953,3.1780670690387134,98.0,3.1311954678435043,0.04687160119520919,0.2350084111500628,1.9844674545084815,873662293040088.9,1109694657294185.4,98.0,991678475167137.1,118016182127048.2,591718540533000.8,1.9844674545084815,9.776139977772894,10.962268056544053,98.0,10.369204017158474,0.5930640393855794,2.9735497412554577,1.9844674545084815,2.7000747360375636,2.8146902317170235,98.0,2.7573824838772936,0.057307747839729785,0.2873339596467616,1.9844674545084815,99.0,0.9797979797979798,-0.28488819514936486,-0.21613561313282756,98.0,-0.2505119041410962,0.034376291008268646,0.17235847133618173,1.9844674545084815,ElasticNet,"{'mode': 'original', 'type': 'ElasticNet'}",20,"['nodes_T6W30', 'edges_T6W30', 're_T6W30', 'pe_T6W30', 'l1_T6W30', 'l2_T6W30', 'l3_T6W30', 'lcc_T6W30', 'lsc_T6W30', 'atd_T6W30', 'density_T6W30', 'diameter_T6W30', 'asp_T6W30', 'z_pe_T6W30', 'z_l1_T6W30', 'z_l2_T6W30', 'z_l3_T6W30', 'z_lsc_T6W30', 'z_diameter_T6W30', 'z_asp_T6W30']",-0.0755714031308404,-0.02767576500806886,98.0,-0.05162358406945463,0.02394781906138577,0.12007140282420514,1.9844674545084815,3.806785942722389,3.9451163958162083,98.0,3.8759511692692987,0.06916522654690975,0.3467858913103397,1.9844674545084815,completed,True,COMPLETE
30,3.035903736694804,2026-06-12 09:05:34.040874,2026-06-12 09:05:35.640197,0 days 00:00:01.599323,,,,,,,,,,,,,,,LinearRegression,,,,,,16,,,,,,,,False,-0.08468879552921833,-0.061433641796053914,98.0,-0.07306121866263612,0.011627576866582206,0.05829923226988052,1.9844674545084815,2.9949113335465314,3.0768961398430767,98.0,3.035903736694804,0.04099240314827261,0.20553083930239271,1.9844674545084815,866800863210196.1,1102131464642233.1,98.0,984466163926214.6,117665300716018.48,589959264536331.5,1.9844674545084815,8.626300235492016,9.0281580621251,98.0,8.827229148808557,0.20092891331654197,1.007432719782051,1.9844674545084815,2.642099759258095,2.745181888176226,98.0,2.6936408237171605,0.05154106445906534,0.2584205224195746,1.9844674545084815,99.0,0.898989898989899,-0.15648328816642887,-0.11068044982324093,98.0,-0.1335818689948349,0.02290141917159396,0.11482488319916813,1.9844674545084815,LinearRegression,"{'mode': 'original', 'type': 'LinearRegression'}",16,"['edges_T6W30', 're_T6W30', 'l1_T6W30', 'l2_T6W30', 'l3_T6W30', 'lcc_T6W30', 'lsc_T6W30', 'atd_T6W30', 'density_T6W30', 'diameter_T6W30', 'asp_T6W30', 'z_l1_T6W30', 'z_l3_T6W30', 'z_lsc_T6W30', 'z_diameter_T6W30', 'z_asp_T6W30']",-0.03608099927202857,0.01016102250205463,98.0,-0.012959988384986972,0.0231210108870416,0.11592588890055519,1.9844674545084815,3.640711019423832,3.743175250214674,98.0,3.691943134819253,0.0512321153954208,0.256871490026356,1.9844674545084815,completed,False,COMPLETE
31,2.8308575955634785,2026-06-12 09:05:35.681296,2026-06-12 09:05:38.069324,0 days 00:00:02.388028,,,,,,,,,,,,,,8.632405665578633,QuantileRegressor,,,,,,11,,,,,,,,False,-0.0008710167252312757,5.380273699555165e-05,98.0,-0.00040860699411786203,0.0004624097311134137,0.002318465199358251,1.9844674545084815,2.805429745831736,2.856285445295221,98.0,2.8308575955634785,0.02542784973174255,0.12749209355003127,1.9844674545084815,813460468866446.8,1032935100287233.8,98.0,923197784576840.2,109737315710393.47,550209328278897.0,1.9844674545084815,8.622879029919044,8.932676525636513,98.0,8.777777777777779,0.154898747858735,0.7766431633476233,1.9844674545084815,2.487116641790159,2.684600529927013,98.0,2.585858585858586,0.09874194406842689,0.49507989481189746,1.9844674545084815,99.0,1.0,-0.026651425313173705,-0.023247098953300478,98.0,-0.02494926213323709,0.0017021631799366132,0.008534435654737752,1.9844674545084815,QuantileRegressor,"{'mode': 'original', 'type': 'QuantileRegressor'}",11,"['diameter_T6W30', 'asp_T6W30', 'z_re_T6W30', 'z_pe_T6W30', 'z_l1_T6W30', 'z_l2_T6W30', 'z_l3_T6W30', 'z_lsc_T6W30', 'z_density_T6W30', 'z_diameter_T6W30', 'z_asp_T6W30']",,,,,,,,3.4768582676552087,3.554941969341382,98.0,3.5159001184982954,0.03904185084308663,0.19575101129528585,1.9844674545084815,completed,False,COMPLETE
32,2.8308575955634785,2026-06-12 09:05:38.082113,2026-06-12 09:05:40.282944,0 days 00:00:02.200831,,,,,,,,,,,,,,2.2931680347694705,QuantileRegressor,,,,,,9,,,,,,,,False,-0.0008710167252312757,5.380273699555165e-05,98.0,-0.00040860699411786203,0.0004624097311134137,0.002318465199358251,1.9844674545084815,2.805429745831736,2.856285445295221,98.0,2.8308575955634785,0.02542784973174255,0.12749209355003127,1.9844674545084815,813460468866446.8,1032935100287233.8,98.0,923197784576840.2,109737315710393.47,550209328278897.0,1.9844674545084815,8.622879029919044,8.932676525636513,98.0,8.777777777777779,0.154898747858735,0.7766431633476233,1.9844674545084815,2.487116641790159,2.684600529927013,98.0,2.585858585858586,0.09874194406842689,0.49507989481189746,1.9844674545084815,99.0,1.0,-0.026651425313173705,-0.023247098953300478,98.0,-0.02494926213323709,0.0017021631799366132,0.008534435654737752,1.9844674545084815,QuantileRegressor,"{'mode': 'original', 'type': 'QuantileRegressor'}",9,"['z_re_T6W30', 'z_pe_T6W30', 'z_l1_T6W30', 'z_l2_T6W30', 'z_l3_T6W30', 'z_lsc_T6W30', 'z_density_T6W30', 'z_diameter_T6W30', 'z_asp_T6W30']",,,,,,,,3.4768582676552087,3.554941969341382,98.0,3.5159001184982954,0.03904185084308663,0.19575101129528585,1.9844674545084815,completed,False,COMPLETE
33,2.8308575955634785,2026-06-12 09:05:40.295255,2026-06-12 09:05:42.593440,0 days 00:00:02.298185,,,,,,,,,,,,,,3.227908133236349,QuantileRegressor,,,,,,12,,,,,,,,False,-0.0008710167252312757,5.380273699555165e-05,98.0,-0.00040860699411786203,0.0004624097311134137,0.002318465199358251,1.9844674545084815,2.805429745831736,2.856285445295221,98.0,2.8308575955634785,0.02542784973174255,0.12749209355003127,1.9844674545084815,813460468866446.8,1032935100287233.8,98.0,923197784576840.2,109737315710393.47,550209328278897.0,1.9844674545084815,8.622879029919044,8.932676525636513,98.0,8.777777777777779,0.154898747858735,0.7766431633476233,1.9844674545084815,2.487116641790159,2.684600529927013,98.0,2.585858585858586,0.09874194406842689,0.49507989481189746,1.9844674545084815,99.0,1.0,-0.026651425313173705,-0.023247098953300478,98.0,-0.02494926213323709,0.0017021631799366132,0.008534435654737752,1.9844674545084815,QuantileRegressor,"{'mode': 'original', 'type': 'QuantileRegressor'}",12,"['density_T6W30', 'diameter_T6W30', 'asp_T6W30', 'z_re_T6W30', 'z_pe_T6W30', 'z_l1_T6W30', 'z_l2_T6W30', 'z_l3_T6W30', 'z_lsc_T6W30', 'z_density_T6W30', 'z_diameter_T6W30', 'z_asp_T6W30']",,,,,,,,3.4768582676552087,3.554941969341382,98.0,3.5159001184982954,0.03904185084308663,0.19575101129528585,1.9844674545084815,completed,False,COMPLETE
34,2.845807899239787,2026-06-12 09:05:42.605709,2026-06-12 09:05:44.356116,0 days 00:00:01.750407,,,,0.000123469869878032,0.9566761854597826,,,,,,,,,,ElasticNet,,,,,,5,,,,,,,,False,-0.013068321509811132,0.0012820402286426325,98.0,-0.0058931406405842495,0.007175180869226882,0.03597546942696909,1.9844674545084815,2.81528445804245,2.876331340437124,98.0,2.845807899239787,0.03052344119733678,0.1530407589180392,1.9844674545084815,857852886087257.2,1084969001588613.8,98.0,971410943837935.5,113558057750678.25,569366056306215.9,1.9844674545084815,8.219486033707732,8.621498571261991,98.0,8.420492302484861,0.20100626877712918,1.0078205704938428,1.9844674545084815,2.4880734441478443,2.564553300223984,98.0,2.526313372185914,0.03823992803806997,0.191730269535535,1.9844674545084815,99.0,0.46464646464646464,-0.014376918218160284,0.010734392796123142,98.0,-0.001821262711018571,0.012555655507141713,0.06295250378565057,1.9844674545084815,ElasticNet,"{'mode': 'original', 'type': 'ElasticNet'}",5,"['l1_T6W30', 'asp_T6W30', 'z_l1_T6W30', 'z_diameter_T6W30', 'z_asp_T6W30']",0.12428818865413543,0.16776744497215829,98.0,0.14602781681314686,0.021739628159011426,0.10899980675643393,1.9844674545084815,3.4316052829366397,3.5159078979649205,98.0,3.47375659045078,0.042151307514140375,0.21134144245552955,1.9844674545084815,completed,False,COMPLETE
35,2.8556395281870994,2026-06-12 09:05:44.370015,2026-06-12 09:06:07.320156,0 days 00:00:22.950141,,,,,,2.0,log2,1.0,2.0,441.0,,,,,ExtraTreesRegressor,,,,,,8,,,,,,,,False,-0.013362402430787797,-0.005266292205718313,98.0,-0.009314347318253055,0.004048055112534742,0.02029644765670849,1.9844674545084815,2.8293091949144835,2.8819698614597153,98.0,2.8556395281870994,0.026330333272615917,0.13201703440166598,1.9844674545084815,864491553579383.2,1097635773908240.2,98.0,981063663743811.8,116572110164428.52,584478142320270.4,1.9844674545084815,8.17308064262706,8.545877400167946,98.0,8.359479021397503,0.18639837877044382,0.9345784167549835,1.9844674545084815,2.5185898306361802,2.59487126399507,98.0,2.556730547315625,0.03814071667944491,0.19123283605419494,1.9844674545084815,99.0,0.42424242424242425,-0.0051916905713517165,0.006842520688457546,98.0,0.0008254150585529149,0.006017105629904631,0.03016902341178221,1.9844674545084815,ExtraTreesRegressor,"{'mode': 'original', 'type': 'ExtraTreesRegressor'}",8,"['nodes_T6W30', 'lcc_T6W30', 'atd_T6W30', 'density_T6W30', 'diameter_T6W30', 'asp_T6W30', 'z_l1_T6W30', 'z_l3_T6W30']",0.10464833198538946,0.14955371846741203,98.0,0.12710102522640074,0.02245269324101128,0.11257502688321089,1.9844674545084815,3.431632906954333,3.510084009149533,98.0,3.470858458051933,0.039225551097600196,0.19667206165073026,1.9844674545084815,completed,False,COMPLETE
36,2.9456349464776435,2026-06-12 09:06:07.332870,2026-06-12 09:06:08.977984,0 days 00:00:01.645114,,,,,,,,,,,,,,,LinearRegression,,,,,,10,,,,,,,,False,-0.05106283773801684,-0.03088877081748098,98.0,-0.04097580427774891,0.01008703346026793,0.05057513817038924,1.9844674545084815,2.9069467964943216,2.9843230964609653,98.0,2.9456349464776435,0.038688149983321624,0.1939775989313771,1.9844674545084815,862117890172572.0,1094733901231877.0,98.0,978425895702224.5,116308005529652.5,583153954346883.5,1.9844674545084815,8.45267129798071,8.799547305242616,98.0,8.626109301611663,0.1734380036309526,0.8695966987898648,1.9844674545084815,2.539650869464543,2.629527368521262,98.0,2.5845891189929024,0.044938249528359675,0.2253148250161402,1.9844674545084815,99.0,0.7676767676767676,-0.087089521718097,-0.05105028530855041,98.0,-0.0690699035133237,0.018019618204773293,0.09034813694965811,1.9844674545084815,LinearRegression,"{'mode': 'original', 'type': 'LinearRegression'}",10,"['l1_T6W30', 'l3_T6W30', 'atd_T6W30', 'density_T6W30', 'diameter_T6W30', 'asp_T6W30', 'z_l1_T6W30', 'z_l3_T6W30', 'z_diameter_T6W30', 'z_asp_T6W30']",0.03965027567300308,0.08688365502890333,98.0,0.0632669653509532,0.023616689677950126,0.11841116105089307,1.9844674545084815,3.5376675134310234,3.6383253091484042,98.0,3.587996411289714,0.05032889785869052,0.25234286901027786,1.9844674545084815,completed,False,COMPLETE
37,2.8308575955634785,2026-06-12 09:06:09.003176,2026-06-12 09:06:11.315785,0 days 00:00:02.312609,,,,,,,,,,,,,,0.21980426427532332,QuantileRegressor,,,,,,15,,,,,,,,True,-0.0008710167252312757,5.380273699555165e-05,98.0,-0.00040860699411786203,0.0004624097311134137,0.002318465199358251,1.9844674545084815,2.805429745831736,2.856285445295221,98.0,2.8308575955634785,0.02542784973174255,0.12749209355003127,1.9844674545084815,813460468866446.8,1032935100287233.8,98.0,923197784576840.2,109737315710393.47,550209328278897.0,1.9844674545084815,8.622879029919044,8.932676525636513,98.0,8.777777777777779,0.154898747858735,0.7766431633476233,1.9844674545084815,2.487116641790159,2.684600529927013,98.0,2.585858585858586,0.09874194406842689,0.49507989481189746,1.9844674545084815,99.0,1.0,-0.026651425313173705,-0.023247098953300478,98.0,-0.02494926213323709,0.0017021631799366132,0.008534435654737752,1.9844674545084815,QuantileRegressor,"{'mode': 'original', 'type': 'QuantileRegressor'}",15,"['lcc_T6W30', 'lsc_T6W30', 'atd_T6W30', 'density_T6W30', 'diameter_T6W30', 'asp_T6W30', 'z_re_T6W30', 'z_pe_T6W30', 'z_l1_T6W30', 'z_l2_T6W30', 'z_l3_T6W30', 'z_lsc_T6W30', 'z_density_T6W30', 'z_diameter_T6W30', 'z_asp_T6W30']",,,,,,,,3.4768582676552087,3.554941969341382,98.0,3.5159001184982954,0.03904185084308663,0.19575101129528585,1.9844674545084815,completed,True,COMPLETE
38,2.8929640422186997,2026-06-12 09:06:11.328652,2026-06-12 09:06:43.275563,0 days 00:00:31.946911,,,,,,,,,,,,,,,RandomForestRegressor,2.0,,1.0,12.0,353.0,11,,,,,,,,False,-0.029411339664198195,-0.015825739957421394,98.0,-0.022618539810809794,0.006792799853388399,0.034058258307769394,1.9844674545084815,2.86347763746916,2.9224504469682393,98.0,2.8929640422186997,0.029486404749539553,0.1478411864330599,1.9844674545084815,855258376530832.2,1086485168139711.0,98.0,970871772335271.6,115613395804439.36,579671267096412.4,1.9844674545084815,8.380776184207603,8.792347757302496,98.0,8.58656197075505,0.20578578654744661,1.031784481446827,1.9844674545084815,2.5200257572338978,2.6021508556433983,98.0,2.561088306438648,0.04106254920475007,0.20588254295366237,1.9844674545084815,99.0,0.6868686868686869,-0.045750480119981604,-0.022845675264605642,98.0,-0.03429807769229362,0.01145240242768798,0.057420929299448954,1.9844674545084815,RandomForestRegressor,"{'mode': 'original', 'type': 'RandomForestRegressor'}",11,"['l1_T6W30', 'l3_T6W30', 'lcc_T6W30', 'lsc_T6W30', 'atd_T6W30', 'density_T6W30', 'diameter_T6W30', 'asp_T6W30', 'z_l1_T6W30', 'z_l3_T6W30', 'z_diameter_T6W30']",0.01762355782330518,0.06758752647573821,98.0,0.0426055421495217,0.024981984326216518,0.1252565795529084,1.9844674545084815,3.4887708216254016,3.570880442250013,98.0,3.5298256319377073,0.04105481031230561,0.20584374110411902,1.9844674545084815,completed,False,COMPLETE
