number,value,datetime_start,datetime_complete,duration,params_dt_max_depth,params_dt_min_samples_leaf,params_dt_min_samples_split,params_elastic_alpha,params_elastic_l1_ratio,params_et_max_depth,params_et_max_features,params_et_min_samples_leaf,params_et_min_samples_split,params_et_n_estimators,params_knn_metric,params_knn_n_neighbors,params_knn_weights,params_quantile_alpha,params_regressor,params_rf_max_depth,params_rf_max_features,params_rf_min_samples_leaf,params_rf_min_samples_split,params_rf_n_estimators,params_rfe_n_features,params_rfe_proxy_et_max_depth,params_rfe_proxy_et_min_samples_leaf,params_rfe_proxy_et_min_samples_split,params_rfe_proxy_et_n_estimators,params_rfe_proxy_lsvr_C,params_rfe_proxy_lsvr_epsilon,params_rfe_proxy_type,params_use_scaler,user_attrs_d2mae_ci_lower_val,user_attrs_d2mae_ci_upper_val,user_attrs_d2mae_df_val,user_attrs_d2mae_mean_val,user_attrs_d2mae_samperror_val,user_attrs_d2mae_std_val,user_attrs_d2mae_t_critical_val,user_attrs_mae_ci_lower_val,user_attrs_mae_ci_upper_val,user_attrs_mae_df_val,user_attrs_mae_mean_val,user_attrs_mae_samperror_val,user_attrs_mae_std_val,user_attrs_mae_t_critical_val,user_attrs_mape_ci_lower_val,user_attrs_mape_ci_upper_val,user_attrs_mape_df_val,user_attrs_mape_mean_val,user_attrs_mape_samperror_val,user_attrs_mape_std_val,user_attrs_mape_t_critical_val,user_attrs_max_error_ci_lower_val,user_attrs_max_error_ci_upper_val,user_attrs_max_error_df_val,user_attrs_max_error_mean_val,user_attrs_max_error_samperror_val,user_attrs_max_error_std_val,user_attrs_max_error_t_critical_val,user_attrs_median_ae_ci_lower_val,user_attrs_median_ae_ci_upper_val,user_attrs_median_ae_df_val,user_attrs_median_ae_mean_val,user_attrs_median_ae_samperror_val,user_attrs_median_ae_std_val,user_attrs_median_ae_t_critical_val,user_attrs_n_splits_val,user_attrs_r2_below_zero_val,user_attrs_r2_ci_lower_val,user_attrs_r2_ci_upper_val,user_attrs_r2_df_val,user_attrs_r2_mean_val,user_attrs_r2_samperror_val,user_attrs_r2_std_val,user_attrs_r2_t_critical_val,user_attrs_regressor_final,user_attrs_rfe_estimator,user_attrs_rfe_n_features,user_attrs_rfe_selected_features,user_attrs_rho_ci_lower_val,user_attrs_rho_ci_upper_val,user_attrs_rho_df_val,user_attrs_rho_mean_val,user_attrs_rho_samperror_val,user_attrs_rho_std_val,user_attrs_rho_t_critical_val,user_attrs_rmse_ci_lower_val,user_attrs_rmse_ci_upper_val,user_attrs_rmse_df_val,user_attrs_rmse_mean_val,user_attrs_rmse_samperror_val,user_attrs_rmse_std_val,user_attrs_rmse_t_critical_val,user_attrs_termination_reason,user_attrs_use_scaler_final,state
157,2.8308575955634785,2026-06-12 09:10:40.481419,2026-06-12 09:10:42.884727,0 days 00:00:02.403308,,,,,,,,,,,,,,0.09357902143147845,QuantileRegressor,,,,,,6,,,,,,,,False,-0.0008710167252312757,5.380273699555165e-05,98.0,-0.00040860699411786203,0.0004624097311134137,0.002318465199358251,1.9844674545084815,2.805429745831736,2.856285445295221,98.0,2.8308575955634785,0.02542784973174255,0.12749209355003127,1.9844674545084815,813460468866446.8,1032935100287233.8,98.0,923197784576840.2,109737315710393.47,550209328278897.0,1.9844674545084815,8.622879029919044,8.932676525636513,98.0,8.777777777777779,0.154898747858735,0.7766431633476233,1.9844674545084815,2.487116641790159,2.684600529927013,98.0,2.585858585858586,0.09874194406842689,0.49507989481189746,1.9844674545084815,99.0,1.0,-0.026651425313173705,-0.023247098953300478,98.0,-0.02494926213323709,0.0017021631799366132,0.008534435654737752,1.9844674545084815,QuantileRegressor,"{'mode': 'original', 'type': 'QuantileRegressor'}",6,"['z_l2_T6W30', 'z_l3_T6W30', 'z_lsc_T6W30', 'z_density_T6W30', 'z_diameter_T6W30', 'z_asp_T6W30']",,,,,,,,3.4768582676552087,3.554941969341382,98.0,3.5159001184982954,0.03904185084308663,0.19575101129528585,1.9844674545084815,completed,False,COMPLETE
158,2.8308575955634785,2026-06-12 09:10:42.897648,2026-06-12 09:10:45.547359,0 days 00:00:02.649711,,,,,,,,,,,,,,1.555008393427645,QuantileRegressor,,,,,,11,,,,,,,,False,-0.0008710167252312757,5.380273699555165e-05,98.0,-0.00040860699411786203,0.0004624097311134137,0.002318465199358251,1.9844674545084815,2.805429745831736,2.856285445295221,98.0,2.8308575955634785,0.02542784973174255,0.12749209355003127,1.9844674545084815,813460468866446.8,1032935100287233.8,98.0,923197784576840.2,109737315710393.47,550209328278897.0,1.9844674545084815,8.622879029919044,8.932676525636513,98.0,8.777777777777779,0.154898747858735,0.7766431633476233,1.9844674545084815,2.487116641790159,2.684600529927013,98.0,2.585858585858586,0.09874194406842689,0.49507989481189746,1.9844674545084815,99.0,1.0,-0.026651425313173705,-0.023247098953300478,98.0,-0.02494926213323709,0.0017021631799366132,0.008534435654737752,1.9844674545084815,QuantileRegressor,"{'mode': 'original', 'type': 'QuantileRegressor'}",11,"['diameter_T6W30', 'asp_T6W30', 'z_re_T6W30', 'z_pe_T6W30', 'z_l1_T6W30', 'z_l2_T6W30', 'z_l3_T6W30', 'z_lsc_T6W30', 'z_density_T6W30', 'z_diameter_T6W30', 'z_asp_T6W30']",,,,,,,,3.4768582676552087,3.554941969341382,98.0,3.5159001184982954,0.03904185084308663,0.19575101129528585,1.9844674545084815,completed,False,COMPLETE
159,2.8308575955634785,2026-06-12 09:10:45.560680,2026-06-12 09:10:47.896293,0 days 00:00:02.335613,,,,,,,,,,,,,,3.085347110893283,QuantileRegressor,,,,,,12,,,,,,,,True,-0.0008710167252312757,5.380273699555165e-05,98.0,-0.00040860699411786203,0.0004624097311134137,0.002318465199358251,1.9844674545084815,2.805429745831736,2.856285445295221,98.0,2.8308575955634785,0.02542784973174255,0.12749209355003127,1.9844674545084815,813460468866446.8,1032935100287233.8,98.0,923197784576840.2,109737315710393.47,550209328278897.0,1.9844674545084815,8.622879029919044,8.932676525636513,98.0,8.777777777777779,0.154898747858735,0.7766431633476233,1.9844674545084815,2.487116641790159,2.684600529927013,98.0,2.585858585858586,0.09874194406842689,0.49507989481189746,1.9844674545084815,99.0,1.0,-0.026651425313173705,-0.023247098953300478,98.0,-0.02494926213323709,0.0017021631799366132,0.008534435654737752,1.9844674545084815,QuantileRegressor,"{'mode': 'original', 'type': 'QuantileRegressor'}",12,"['density_T6W30', 'diameter_T6W30', 'asp_T6W30', 'z_re_T6W30', 'z_pe_T6W30', 'z_l1_T6W30', 'z_l2_T6W30', 'z_l3_T6W30', 'z_lsc_T6W30', 'z_density_T6W30', 'z_diameter_T6W30', 'z_asp_T6W30']",,,,,,,,3.4768582676552087,3.554941969341382,98.0,3.5159001184982954,0.03904185084308663,0.19575101129528585,1.9844674545084815,completed,True,COMPLETE
160,2.8387443256940808,2026-06-12 09:10:47.909160,2026-06-12 09:10:48.095124,0 days 00:00:00.185964,,,,0.0013024366432403058,0.6843244327062211,,,,,,,,,,ElasticNet,,,,,,16,,,,,,,,False,,,,,,,,,,,,,,,,,,,,,,,,,,,,,,,,,,,,,,,,,,,,,ElasticNet,"{'mode': 'original', 'type': 'ElasticNet'}",16,"['edges_T6W30', 're_T6W30', 'pe_T6W30', 'l1_T6W30', 'l3_T6W30', 'lcc_T6W30', 'lsc_T6W30', 'diameter_T6W30', 'asp_T6W30', 'z_pe_T6W30', 'z_l1_T6W30', 'z_l3_T6W30', 'z_lsc_T6W30', 'z_density_T6W30', 'z_diameter_T6W30', 'z_asp_T6W30']",,,,,,,,,,,,,,,pruned,False,PRUNED
161,2.8308575955634785,2026-06-12 09:10:48.106056,2026-06-12 09:10:50.256345,0 days 00:00:02.150289,,,,,,,,,,,,,,4.851150327725516,QuantileRegressor,,,,,,8,,,,,,,,True,-0.0008710167252312757,5.380273699555165e-05,98.0,-0.00040860699411786203,0.0004624097311134137,0.002318465199358251,1.9844674545084815,2.805429745831736,2.856285445295221,98.0,2.8308575955634785,0.02542784973174255,0.12749209355003127,1.9844674545084815,813460468866446.8,1032935100287233.8,98.0,923197784576840.2,109737315710393.47,550209328278897.0,1.9844674545084815,8.622879029919044,8.932676525636513,98.0,8.777777777777779,0.154898747858735,0.7766431633476233,1.9844674545084815,2.487116641790159,2.684600529927013,98.0,2.585858585858586,0.09874194406842689,0.49507989481189746,1.9844674545084815,99.0,1.0,-0.026651425313173705,-0.023247098953300478,98.0,-0.02494926213323709,0.0017021631799366132,0.008534435654737752,1.9844674545084815,QuantileRegressor,"{'mode': 'original', 'type': 'QuantileRegressor'}",8,"['z_pe_T6W30', 'z_l1_T6W30', 'z_l2_T6W30', 'z_l3_T6W30', 'z_lsc_T6W30', 'z_density_T6W30', 'z_diameter_T6W30', 'z_asp_T6W30']",,,,,,,,3.4768582676552087,3.554941969341382,98.0,3.5159001184982954,0.03904185084308663,0.19575101129528585,1.9844674545084815,completed,True,COMPLETE
162,2.8308575955634785,2026-06-12 09:10:50.286108,2026-06-12 09:10:52.551008,0 days 00:00:02.264900,,,,,,,,,,,,,,0.2618735712526824,QuantileRegressor,,,,,,9,,,,,,,,True,-0.0008710167252312757,5.380273699555165e-05,98.0,-0.00040860699411786203,0.0004624097311134137,0.002318465199358251,1.9844674545084815,2.805429745831736,2.856285445295221,98.0,2.8308575955634785,0.02542784973174255,0.12749209355003127,1.9844674545084815,813460468866446.8,1032935100287233.8,98.0,923197784576840.2,109737315710393.47,550209328278897.0,1.9844674545084815,8.622879029919044,8.932676525636513,98.0,8.777777777777779,0.154898747858735,0.7766431633476233,1.9844674545084815,2.487116641790159,2.684600529927013,98.0,2.585858585858586,0.09874194406842689,0.49507989481189746,1.9844674545084815,99.0,1.0,-0.026651425313173705,-0.023247098953300478,98.0,-0.02494926213323709,0.0017021631799366132,0.008534435654737752,1.9844674545084815,QuantileRegressor,"{'mode': 'original', 'type': 'QuantileRegressor'}",9,"['z_re_T6W30', 'z_pe_T6W30', 'z_l1_T6W30', 'z_l2_T6W30', 'z_l3_T6W30', 'z_lsc_T6W30', 'z_density_T6W30', 'z_diameter_T6W30', 'z_asp_T6W30']",,,,,,,,3.4768582676552087,3.554941969341382,98.0,3.5159001184982954,0.03904185084308663,0.19575101129528585,1.9844674545084815,completed,True,COMPLETE
163,2.8308575955634785,2026-06-12 09:10:52.563692,2026-06-12 09:10:54.777463,0 days 00:00:02.213771,,,,,,,,,,,,,,2.4811807844231293,QuantileRegressor,,,,,,8,,,,,,,,True,-0.0008710167252312757,5.380273699555165e-05,98.0,-0.00040860699411786203,0.0004624097311134137,0.002318465199358251,1.9844674545084815,2.805429745831736,2.856285445295221,98.0,2.8308575955634785,0.02542784973174255,0.12749209355003127,1.9844674545084815,813460468866446.8,1032935100287233.8,98.0,923197784576840.2,109737315710393.47,550209328278897.0,1.9844674545084815,8.622879029919044,8.932676525636513,98.0,8.777777777777779,0.154898747858735,0.7766431633476233,1.9844674545084815,2.487116641790159,2.684600529927013,98.0,2.585858585858586,0.09874194406842689,0.49507989481189746,1.9844674545084815,99.0,1.0,-0.026651425313173705,-0.023247098953300478,98.0,-0.02494926213323709,0.0017021631799366132,0.008534435654737752,1.9844674545084815,QuantileRegressor,"{'mode': 'original', 'type': 'QuantileRegressor'}",8,"['z_pe_T6W30', 'z_l1_T6W30', 'z_l2_T6W30', 'z_l3_T6W30', 'z_lsc_T6W30', 'z_density_T6W30', 'z_diameter_T6W30', 'z_asp_T6W30']",,,,,,,,3.4768582676552087,3.554941969341382,98.0,3.5159001184982954,0.03904185084308663,0.19575101129528585,1.9844674545084815,completed,True,COMPLETE
164,2.8308575955634785,2026-06-12 09:10:54.819134,2026-06-12 09:10:57.174134,0 days 00:00:02.355000,,,,,,,,,,,,,,5.872529285636562,QuantileRegressor,,,,,,13,,,,,,,,True,-0.0008710167252312757,5.380273699555165e-05,98.0,-0.00040860699411786203,0.0004624097311134137,0.002318465199358251,1.9844674545084815,2.805429745831736,2.856285445295221,98.0,2.8308575955634785,0.02542784973174255,0.12749209355003127,1.9844674545084815,813460468866446.8,1032935100287233.8,98.0,923197784576840.2,109737315710393.47,550209328278897.0,1.9844674545084815,8.622879029919044,8.932676525636513,98.0,8.777777777777779,0.154898747858735,0.7766431633476233,1.9844674545084815,2.487116641790159,2.684600529927013,98.0,2.585858585858586,0.09874194406842689,0.49507989481189746,1.9844674545084815,99.0,1.0,-0.026651425313173705,-0.023247098953300478,98.0,-0.02494926213323709,0.0017021631799366132,0.008534435654737752,1.9844674545084815,QuantileRegressor,"{'mode': 'original', 'type': 'QuantileRegressor'}",13,"['atd_T6W30', 'density_T6W30', 'diameter_T6W30', 'asp_T6W30', 'z_re_T6W30', 'z_pe_T6W30', 'z_l1_T6W30', 'z_l2_T6W30', 'z_l3_T6W30', 'z_lsc_T6W30', 'z_density_T6W30', 'z_diameter_T6W30', 'z_asp_T6W30']",,,,,,,,3.4768582676552087,3.554941969341382,98.0,3.5159001184982954,0.03904185084308663,0.19575101129528585,1.9844674545084815,completed,True,COMPLETE
165,2.8308575955634785,2026-06-12 09:10:57.186920,2026-06-12 09:10:59.332789,0 days 00:00:02.145869,,,,,,,,,,,,,,8.46536081415938,QuantileRegressor,,,,,,7,,,,,,,,False,-0.0008710167252312757,5.380273699555165e-05,98.0,-0.00040860699411786203,0.0004624097311134137,0.002318465199358251,1.9844674545084815,2.805429745831736,2.856285445295221,98.0,2.8308575955634785,0.02542784973174255,0.12749209355003127,1.9844674545084815,813460468866446.8,1032935100287233.8,98.0,923197784576840.2,109737315710393.47,550209328278897.0,1.9844674545084815,8.622879029919044,8.932676525636513,98.0,8.777777777777779,0.154898747858735,0.7766431633476233,1.9844674545084815,2.487116641790159,2.684600529927013,98.0,2.585858585858586,0.09874194406842689,0.49507989481189746,1.9844674545084815,99.0,1.0,-0.026651425313173705,-0.023247098953300478,98.0,-0.02494926213323709,0.0017021631799366132,0.008534435654737752,1.9844674545084815,QuantileRegressor,"{'mode': 'original', 'type': 'QuantileRegressor'}",7,"['z_l1_T6W30', 'z_l2_T6W30', 'z_l3_T6W30', 'z_lsc_T6W30', 'z_density_T6W30', 'z_diameter_T6W30', 'z_asp_T6W30']",,,,,,,,3.4768582676552087,3.554941969341382,98.0,3.5159001184982954,0.03904185084308663,0.19575101129528585,1.9844674545084815,completed,False,COMPLETE
166,2.836472687468553,2026-06-12 09:10:59.345582,2026-06-12 09:10:59.462686,0 days 00:00:00.117104,,,,,,,,,,,,,,,LinearRegression,,,,,,14,,,,,,,,False,,,,,,,,,,,,,,,,,,,,,,,,,,,,,,,,,,,,,,,,,,,,,LinearRegression,"{'mode': 'original', 'type': 'LinearRegression'}",14,"['edges_T6W30', 're_T6W30', 'l1_T6W30', 'l3_T6W30', 'lcc_T6W30', 'atd_T6W30', 'density_T6W30', 'diameter_T6W30', 'asp_T6W30', 'z_l1_T6W30', 'z_l3_T6W30', 'z_lsc_T6W30', 'z_diameter_T6W30', 'z_asp_T6W30']",,,,,,,,,,,,,,,pruned,False,PRUNED
167,2.8308575955634785,2026-06-12 09:10:59.472229,2026-06-12 09:11:01.740717,0 days 00:00:02.268488,,,,,,,,,,,,,,4.108196708256391,QuantileRegressor,,,,,,10,,,,,,,,False,-0.0008710167252312757,5.380273699555165e-05,98.0,-0.00040860699411786203,0.0004624097311134137,0.002318465199358251,1.9844674545084815,2.805429745831736,2.856285445295221,98.0,2.8308575955634785,0.02542784973174255,0.12749209355003127,1.9844674545084815,813460468866446.8,1032935100287233.8,98.0,923197784576840.2,109737315710393.47,550209328278897.0,1.9844674545084815,8.622879029919044,8.932676525636513,98.0,8.777777777777779,0.154898747858735,0.7766431633476233,1.9844674545084815,2.487116641790159,2.684600529927013,98.0,2.585858585858586,0.09874194406842689,0.49507989481189746,1.9844674545084815,99.0,1.0,-0.026651425313173705,-0.023247098953300478,98.0,-0.02494926213323709,0.0017021631799366132,0.008534435654737752,1.9844674545084815,QuantileRegressor,"{'mode': 'original', 'type': 'QuantileRegressor'}",10,"['asp_T6W30', 'z_re_T6W30', 'z_pe_T6W30', 'z_l1_T6W30', 'z_l2_T6W30', 'z_l3_T6W30', 'z_lsc_T6W30', 'z_density_T6W30', 'z_diameter_T6W30', 'z_asp_T6W30']",,,,,,,,3.4768582676552087,3.554941969341382,98.0,3.5159001184982954,0.03904185084308663,0.19575101129528585,1.9844674545084815,completed,False,COMPLETE
168,2.8308575955634785,2026-06-12 09:11:01.752873,2026-06-12 09:11:03.898153,0 days 00:00:02.145280,,,,,,,,,,,,,,0.7952396701888313,QuantileRegressor,,,,,,6,,,,,,,,False,-0.0008710167252312757,5.380273699555165e-05,98.0,-0.00040860699411786203,0.0004624097311134137,0.002318465199358251,1.9844674545084815,2.805429745831736,2.856285445295221,98.0,2.8308575955634785,0.02542784973174255,0.12749209355003127,1.9844674545084815,813460468866446.8,1032935100287233.8,98.0,923197784576840.2,109737315710393.47,550209328278897.0,1.9844674545084815,8.622879029919044,8.932676525636513,98.0,8.777777777777779,0.154898747858735,0.7766431633476233,1.9844674545084815,2.487116641790159,2.684600529927013,98.0,2.585858585858586,0.09874194406842689,0.49507989481189746,1.9844674545084815,99.0,1.0,-0.026651425313173705,-0.023247098953300478,98.0,-0.02494926213323709,0.0017021631799366132,0.008534435654737752,1.9844674545084815,QuantileRegressor,"{'mode': 'original', 'type': 'QuantileRegressor'}",6,"['z_l2_T6W30', 'z_l3_T6W30', 'z_lsc_T6W30', 'z_density_T6W30', 'z_diameter_T6W30', 'z_asp_T6W30']",,,,,,,,3.4768582676552087,3.554941969341382,98.0,3.5159001184982954,0.03904185084308663,0.19575101129528585,1.9844674545084815,completed,False,COMPLETE
169,2.8784463797614372,2026-06-12 09:11:03.911669,2026-06-12 09:11:05.945438,0 days 00:00:02.033769,,,,,,,,,,,,,,,RandomForestRegressor,15.0,log2,2.0,10.0,204.0,9,,,,,,,,True,,,,,,,,,,,,,,,,,,,,,,,,,,,,,,,,,,,,,,,,,,,,,RandomForestRegressor,"{'mode': 'original', 'type': 'RandomForestRegressor'}",9,"['l1_T6W30', 'l3_T6W30', 'lsc_T6W30', 'atd_T6W30', 'density_T6W30', 'asp_T6W30', 'z_l1_T6W30', 'z_l3_T6W30', 'z_density_T6W30']",,,,,,,,,,,,,,,pruned,True,PRUNED
170,2.8308575955634785,2026-06-12 09:11:05.955275,2026-06-12 09:11:08.241062,0 days 00:00:02.285787,,,,,,,,,,,,,,2.236784083740534,QuantileRegressor,,,,,,10,,,,,,,,False,-0.0008710167252312757,5.380273699555165e-05,98.0,-0.00040860699411786203,0.0004624097311134137,0.002318465199358251,1.9844674545084815,2.805429745831736,2.856285445295221,98.0,2.8308575955634785,0.02542784973174255,0.12749209355003127,1.9844674545084815,813460468866446.8,1032935100287233.8,98.0,923197784576840.2,109737315710393.47,550209328278897.0,1.9844674545084815,8.622879029919044,8.932676525636513,98.0,8.777777777777779,0.154898747858735,0.7766431633476233,1.9844674545084815,2.487116641790159,2.684600529927013,98.0,2.585858585858586,0.09874194406842689,0.49507989481189746,1.9844674545084815,99.0,1.0,-0.026651425313173705,-0.023247098953300478,98.0,-0.02494926213323709,0.0017021631799366132,0.008534435654737752,1.9844674545084815,QuantileRegressor,"{'mode': 'original', 'type': 'QuantileRegressor'}",10,"['asp_T6W30', 'z_re_T6W30', 'z_pe_T6W30', 'z_l1_T6W30', 'z_l2_T6W30', 'z_l3_T6W30', 'z_lsc_T6W30', 'z_density_T6W30', 'z_diameter_T6W30', 'z_asp_T6W30']",,,,,,,,3.4768582676552087,3.554941969341382,98.0,3.5159001184982954,0.03904185084308663,0.19575101129528585,1.9844674545084815,completed,False,COMPLETE
171,2.8308575955634785,2026-06-12 09:11:08.254376,2026-06-12 09:11:10.487894,0 days 00:00:02.233518,,,,,,,,,,,,,,1.4470483723590055,QuantileRegressor,,,,,,13,,,,,,,,False,-0.0008710167252312757,5.380273699555165e-05,98.0,-0.00040860699411786203,0.0004624097311134137,0.002318465199358251,1.9844674545084815,2.805429745831736,2.856285445295221,98.0,2.8308575955634785,0.02542784973174255,0.12749209355003127,1.9844674545084815,813460468866446.8,1032935100287233.8,98.0,923197784576840.2,109737315710393.47,550209328278897.0,1.9844674545084815,8.622879029919044,8.932676525636513,98.0,8.777777777777779,0.154898747858735,0.7766431633476233,1.9844674545084815,2.487116641790159,2.684600529927013,98.0,2.585858585858586,0.09874194406842689,0.49507989481189746,1.9844674545084815,99.0,1.0,-0.026651425313173705,-0.023247098953300478,98.0,-0.02494926213323709,0.0017021631799366132,0.008534435654737752,1.9844674545084815,QuantileRegressor,"{'mode': 'original', 'type': 'QuantileRegressor'}",13,"['atd_T6W30', 'density_T6W30', 'diameter_T6W30', 'asp_T6W30', 'z_re_T6W30', 'z_pe_T6W30', 'z_l1_T6W30', 'z_l2_T6W30', 'z_l3_T6W30', 'z_lsc_T6W30', 'z_density_T6W30', 'z_diameter_T6W30', 'z_asp_T6W30']",,,,,,,,3.4768582676552087,3.554941969341382,98.0,3.5159001184982954,0.03904185084308663,0.19575101129528585,1.9844674545084815,completed,False,COMPLETE
172,2.8308575955634785,2026-06-12 09:11:10.500946,2026-06-12 09:11:12.745528,0 days 00:00:02.244582,,,,,,,,,,,,,,1.0199823512935813,QuantileRegressor,,,,,,14,,,,,,,,False,-0.0008710167252312757,5.380273699555165e-05,98.0,-0.00040860699411786203,0.0004624097311134137,0.002318465199358251,1.9844674545084815,2.805429745831736,2.856285445295221,98.0,2.8308575955634785,0.02542784973174255,0.12749209355003127,1.9844674545084815,813460468866446.8,1032935100287233.8,98.0,923197784576840.2,109737315710393.47,550209328278897.0,1.9844674545084815,8.622879029919044,8.932676525636513,98.0,8.777777777777779,0.154898747858735,0.7766431633476233,1.9844674545084815,2.487116641790159,2.684600529927013,98.0,2.585858585858586,0.09874194406842689,0.49507989481189746,1.9844674545084815,99.0,1.0,-0.026651425313173705,-0.023247098953300478,98.0,-0.02494926213323709,0.0017021631799366132,0.008534435654737752,1.9844674545084815,QuantileRegressor,"{'mode': 'original', 'type': 'QuantileRegressor'}",14,"['lsc_T6W30', 'atd_T6W30', 'density_T6W30', 'diameter_T6W30', 'asp_T6W30', 'z_re_T6W30', 'z_pe_T6W30', 'z_l1_T6W30', 'z_l2_T6W30', 'z_l3_T6W30', 'z_lsc_T6W30', 'z_density_T6W30', 'z_diameter_T6W30', 'z_asp_T6W30']",,,,,,,,3.4768582676552087,3.554941969341382,98.0,3.5159001184982954,0.03904185084308663,0.19575101129528585,1.9844674545084815,completed,False,COMPLETE
