number,value,datetime_start,datetime_complete,duration,params_dt_max_depth,params_dt_min_samples_leaf,params_dt_min_samples_split,params_elastic_alpha,params_elastic_l1_ratio,params_et_max_depth,params_et_max_features,params_et_min_samples_leaf,params_et_min_samples_split,params_et_n_estimators,params_knn_metric,params_knn_n_neighbors,params_knn_weights,params_quantile_alpha,params_regressor,params_rf_max_depth,params_rf_max_features,params_rf_min_samples_leaf,params_rf_min_samples_split,params_rf_n_estimators,params_rfe_n_features,params_rfe_proxy_et_max_depth,params_rfe_proxy_et_min_samples_leaf,params_rfe_proxy_et_min_samples_split,params_rfe_proxy_et_n_estimators,params_rfe_proxy_lsvr_C,params_rfe_proxy_lsvr_epsilon,params_rfe_proxy_type,params_use_scaler,user_attrs_d2mae_ci_lower_val,user_attrs_d2mae_ci_upper_val,user_attrs_d2mae_df_val,user_attrs_d2mae_mean_val,user_attrs_d2mae_samperror_val,user_attrs_d2mae_std_val,user_attrs_d2mae_t_critical_val,user_attrs_mae_ci_lower_val,user_attrs_mae_ci_upper_val,user_attrs_mae_df_val,user_attrs_mae_mean_val,user_attrs_mae_samperror_val,user_attrs_mae_std_val,user_attrs_mae_t_critical_val,user_attrs_mape_ci_lower_val,user_attrs_mape_ci_upper_val,user_attrs_mape_df_val,user_attrs_mape_mean_val,user_attrs_mape_samperror_val,user_attrs_mape_std_val,user_attrs_mape_t_critical_val,user_attrs_max_error_ci_lower_val,user_attrs_max_error_ci_upper_val,user_attrs_max_error_df_val,user_attrs_max_error_mean_val,user_attrs_max_error_samperror_val,user_attrs_max_error_std_val,user_attrs_max_error_t_critical_val,user_attrs_median_ae_ci_lower_val,user_attrs_median_ae_ci_upper_val,user_attrs_median_ae_df_val,user_attrs_median_ae_mean_val,user_attrs_median_ae_samperror_val,user_attrs_median_ae_std_val,user_attrs_median_ae_t_critical_val,user_attrs_n_splits_val,user_attrs_r2_below_zero_val,user_attrs_r2_ci_lower_val,user_attrs_r2_ci_upper_val,user_attrs_r2_df_val,user_attrs_r2_mean_val,user_attrs_r2_samperror_val,user_attrs_r2_std_val,user_attrs_r2_t_critical_val,user_attrs_regressor_final,user_attrs_rfe_estimator,user_attrs_rfe_n_features,user_attrs_rfe_selected_features,user_attrs_rho_ci_lower_val,user_attrs_rho_ci_upper_val,user_attrs_rho_df_val,user_attrs_rho_mean_val,user_attrs_rho_samperror_val,user_attrs_rho_std_val,user_attrs_rho_t_critical_val,user_attrs_rmse_ci_lower_val,user_attrs_rmse_ci_upper_val,user_attrs_rmse_df_val,user_attrs_rmse_mean_val,user_attrs_rmse_samperror_val,user_attrs_rmse_std_val,user_attrs_rmse_t_critical_val,user_attrs_termination_reason,user_attrs_use_scaler_final,state
111,1.7367624156000316,2026-06-12 00:18:14.788841,2026-06-12 00:18:35.504169,0 days 00:00:20.715328,,,,,,12.0,log2,4.0,5.0,390.0,,,,,ExtraTreesRegressor,,,,,,5,,,,,,,,False,-0.00011954740909050129,0.00820427183873745,98.0,0.004042362214823474,0.004161909623913975,0.020867300094841862,1.9844674545084815,1.7120545175931805,1.7614703136068828,98.0,1.7367624156000316,0.024707898006851078,0.12388234464755968,1.9844674545084815,0.25269541741568147,0.2716500816241,98.0,0.2621727495198907,0.009477332104209264,0.04751817098109614,1.9844674545084815,5.699467038718826,5.940240835166865,98.0,5.819853936942845,0.12038689822401988,0.6036050178248015,1.9844674545084815,1.3871319780606286,1.441184734476443,98.0,1.4141583562685358,0.02702637820790728,0.13550691761795752,1.9844674545084815,99.0,0.2727272727272727,0.008491487666463016,0.021604485108140354,98.0,0.015047986387301685,0.006556498720838668,0.03287347365571128,1.9844674545084815,ExtraTreesRegressor,"{'mode': 'original', 'type': 'ExtraTreesRegressor'}",5,"['edges_T2W40', 're_T2W40', 'l1_T2W40', 'l3_T2W40', 'lsc_T2W40']",0.13648644068467944,0.18817394635992477,98.0,0.1623301935223021,0.025843752837622663,0.12957738028257096,1.9844674545084815,2.1755214505694034,2.2500240228104746,98.0,2.212772736689939,0.037251286120535645,0.18677334123969003,1.9844674545084815,completed,False,COMPLETE
112,1.7367428649224494,2026-06-12 00:18:35.516976,2026-06-12 00:18:55.869245,0 days 00:00:20.352269,,,,,,12.0,log2,4.0,5.0,387.0,,,,,ExtraTreesRegressor,,,,,,5,,,,,,,,False,-0.0001034747625277034,0.00821257246864763,98.0,0.004054548853059964,0.004158023615587667,0.020847816129728785,1.9844674545084815,1.7120328307192985,1.7614528991256004,98.0,1.7367428649224494,0.024710034203150946,0.12389305527159503,1.9844674545084815,0.25269669922311483,0.27165361094815604,98.0,0.26217515508563544,0.009478455862520614,0.04752380536627891,1.9844674545084815,5.7000336533972895,5.940757249257354,98.0,5.820395451327322,0.12036179793003196,0.6034791680552377,1.9844674545084815,1.3871634775111445,1.4414088476910454,98.0,1.414286162601095,0.02712268508995036,0.13598978841295128,1.9844674545084815,99.0,0.2727272727272727,0.008464045066083453,0.02158003341728773,98.0,0.015022039241685593,0.00655799417560214,0.03288097168093228,1.9844674545084815,ExtraTreesRegressor,"{'mode': 'original', 'type': 'ExtraTreesRegressor'}",5,"['edges_T2W40', 're_T2W40', 'l1_T2W40', 'l3_T2W40', 'lsc_T2W40']",0.1352719925349056,0.1871927828151774,98.0,0.1612323876750415,0.025960395140135897,0.1301622103606465,1.9844674545084815,2.175548796876353,2.250055147705106,98.0,2.2128019722907295,0.03725317541437642,0.18678281392533325,1.9844674545084815,completed,False,COMPLETE
113,1.7367375820902118,2026-06-12 00:18:55.888625,2026-06-12 00:19:16.336048,0 days 00:00:20.447423,,,,,,12.0,log2,4.0,5.0,388.0,,,,,ExtraTreesRegressor,,,,,,5,,,,,,,,False,-9.526976437515024e-05,0.008212187351227829,98.0,0.004058458793426339,0.00415372855780149,0.02082628124121658,1.9844674545084815,1.7120249655643756,1.761450198616048,98.0,1.7367375820902118,0.024712616525836294,0.12390600271814871,1.9844674545084815,0.2526968427234547,0.2716561777015384,98.0,0.26217651021249655,0.009479667489041827,0.04752988031179809,1.9844674545084815,5.700199000043081,5.940971407117769,98.0,5.820585203580425,0.12038620353734397,0.6036015347517297,1.9844674545084815,1.3868679921187816,1.4410360925358086,98.0,1.413952042327295,0.02708405020851342,0.13579607789592302,1.9844674545084815,99.0,0.26262626262626265,0.008472372879679578,0.02156804215544548,98.0,0.015020207517562528,0.006547834637882951,0.03283003301537524,1.9844674545084815,ExtraTreesRegressor,"{'mode': 'original', 'type': 'ExtraTreesRegressor'}",5,"['edges_T2W40', 're_T2W40', 'l1_T2W40', 'l3_T2W40', 'lsc_T2W40']",0.13603841978699846,0.18778072641192392,98.0,0.1619095730994612,0.025871153312462727,0.12971476287443298,1.9844674545084815,2.1755491995594047,2.250066829823644,98.0,2.2128080146915243,0.03725881513211978,0.18681109077255853,1.9844674545084815,completed,False,COMPLETE
114,1.736784173037703,2026-06-12 00:19:16.353759,2026-06-12 00:19:36.772041,0 days 00:00:20.418282,,,,,,12.0,log2,4.0,5.0,389.0,,,,,ExtraTreesRegressor,,,,,,5,,,,,,,,False,-0.00013047299763060613,0.00819139840332502,98.0,0.004030462702847207,0.004160935700477813,0.020862416963191185,1.9844674545084815,1.7120729582853713,1.7614953877900346,98.0,1.736784173037703,0.024711214752331567,0.12389897439917223,1.9844674545084815,0.25270280240009674,0.27166260124798963,98.0,0.2621827018240432,0.00947989942394647,0.047531043204723455,1.9844674545084815,5.700094917670392,5.940850248428116,98.0,5.820472583049254,0.1203776653788619,0.6035587254811298,1.9844674545084815,1.3869401113171447,1.4411437461420544,98.0,1.4140419287295996,0.027101817412454862,0.1358851604589758,1.9844674545084815,99.0,0.26262626262626265,0.00844876846759941,0.021569570740221613,98.0,0.015009169603910511,0.006560401136311103,0.03289303988422574,1.9844674545084815,ExtraTreesRegressor,"{'mode': 'original', 'type': 'ExtraTreesRegressor'}",5,"['edges_T2W40', 're_T2W40', 'l1_T2W40', 'l3_T2W40', 'lsc_T2W40']",0.13573684754691626,0.18749387711858698,98.0,0.16161536233275162,0.02587851478583535,0.12975167239143068,1.9844674545084815,2.17556022470396,2.2500743206808145,98.0,2.212817272692387,0.037257047988427425,0.18680223053265155,1.9844674545084815,completed,False,COMPLETE
115,1.7406112795548494,2026-06-12 00:19:36.797418,2026-06-12 00:19:57.409270,0 days 00:00:20.611852,,,,,,12.0,log2,4.0,5.0,390.0,,,,,ExtraTreesRegressor,,,,,,6,,,,,,,,False,-0.0017264410600267511,0.0056300638572567485,98.0,0.0019518113986149988,0.00367825245864175,0.018442302888567914,1.9844674545084815,1.7155171250954484,1.7657054340142504,98.0,1.7406112795548494,0.025094154459400973,0.1258189867271029,1.9844674545084815,0.2532427127368306,0.2723338053102105,98.0,0.26278825902352054,0.009545546286689952,0.04786018845508688,1.9844674545084815,5.73060708009078,5.976788077606224,98.0,5.853697578848502,0.12309049875772154,0.617160536510061,1.9844674545084815,1.37584303609636,1.4317678754495338,98.0,1.403805455772947,0.027962419676586785,0.14020011376905095,1.9844674545084815,99.0,0.3434343434343434,0.0007919362115351054,0.012169178553777768,98.0,0.0064805573826564366,0.005688621171121331,0.028522042963543503,1.9844674545084815,ExtraTreesRegressor,"{'mode': 'original', 'type': 'ExtraTreesRegressor'}",6,"['edges_T2W40', 're_T2W40', 'pe_T2W40', 'l1_T2W40', 'l3_T2W40', 'lsc_T2W40']",0.10165240775826426,0.15099379176062952,98.0,0.1263230997594469,0.024670692001182628,0.12369579833690632,1.9844674545084815,2.184914275416093,2.260454762731628,98.0,2.2226845190738604,0.03777024365776731,0.18937533014489574,1.9844674545084815,completed,False,COMPLETE
116,1.7366816485729761,2026-06-12 00:19:57.421882,2026-06-12 00:20:18.717830,0 days 00:00:21.295948,,,,,,13.0,log2,4.0,5.0,405.0,,,,,ExtraTreesRegressor,,,,,,5,,,,,,,,False,-8.090113343557376e-05,0.008264285363825629,98.0,0.004091692115195027,0.004172593248630601,0.02092086646778315,1.9844674545084815,1.711952268362606,1.7614110287833462,98.0,1.7366816485729761,0.024729380210370144,0.12399005375901061,1.9844674545084815,0.25266839767820864,0.27162977165603636,98.0,0.2621490846671225,0.009480686988913842,0.04753499195806108,1.9844674545084815,5.698133852005475,5.938682015267831,98.0,5.818407933636653,0.12027408163117764,0.6030393693818392,1.9844674545084815,1.3859218216285798,1.4402098667405248,98.0,1.4130658441845523,0.02714402255597251,0.1360967718284943,1.9844674545084815,99.0,0.26262626262626265,0.008611589303234095,0.021688560262143747,98.0,0.015150074782688922,0.006538485479454827,0.03278315749135306,1.9844674545084815,ExtraTreesRegressor,"{'mode': 'original', 'type': 'ExtraTreesRegressor'}",5,"['edges_T2W40', 're_T2W40', 'l1_T2W40', 'l3_T2W40', 'lsc_T2W40']",0.13560794326834733,0.18774720898545957,98.0,0.16167757612690345,0.026069632858556114,0.1307099147699044,1.9844674545084815,2.175393004770131,2.249953168463255,98.0,2.212673086616693,0.03728008184656203,0.18691771944843072,1.9844674545084815,completed,False,COMPLETE
117,2.1426083155413176,2026-06-12 00:20:18.735597,2026-06-12 00:20:18.865268,0 days 00:00:00.129671,8.0,3.0,9.0,,,,,,,,,,,,DecisionTreeRegressor,,,,,,5,,,,,,,,False,,,,,,,,,,,,,,,,,,,,,,,,,,,,,,,,,,,,,,,,,,,,,DecisionTreeRegressor,"{'mode': 'original', 'type': 'DecisionTreeRegressor'}",5,"['edges_T2W40', 're_T2W40', 'l3_T2W40', 'lcc_T2W40', 'density_T2W40']",,,,,,,,,,,,,,,pruned,False,PRUNED
118,1.7369924018393161,2026-06-12 00:20:18.875056,2026-06-12 00:20:37.972344,0 days 00:00:19.097288,,,,,,13.0,log2,4.0,5.0,359.0,,,,,ExtraTreesRegressor,,,,,,5,,,,,,,,False,-0.00027474627263317404,0.008094221231207647,98.0,0.003909737479287237,0.004184483751920411,0.020980483980619438,1.9844674545084815,1.7122694264331906,1.7617153772454417,98.0,1.7369924018393161,0.024722975406125447,0.12395794086269617,1.9844674545084815,0.25271966248178157,0.2716714261377985,98.0,0.26219554430979003,0.009475881828008435,0.047510899475600395,1.9844674545084815,5.700272836666339,5.940557734347206,98.0,5.820415285506773,0.12014244884043379,0.602379378849851,1.9844674545084815,1.3882082102847717,1.442358709246094,98.0,1.415283459765433,0.027075249480661125,0.13575195213497626,1.9844674545084815,99.0,0.2727272727272727,0.008290911350543183,0.021439425098630328,98.0,0.014865168224586755,0.006574256874043572,0.03296251083949049,1.9844674545084815,ExtraTreesRegressor,"{'mode': 'original', 'type': 'ExtraTreesRegressor'}",5,"['edges_T2W40', 're_T2W40', 'l1_T2W40', 'l3_T2W40', 'lsc_T2W40']",0.1348151884292242,0.1867463909912373,98.0,0.16078078971023074,0.025965601281006553,0.13018831330705835,1.9844674545084815,2.175727477714762,2.2502039597158845,98.0,2.2129657187153233,0.03723824100056121,0.186707934621604,1.9844674545084815,completed,False,COMPLETE
119,1.7406997841304264,2026-06-12 00:20:37.984999,2026-06-12 00:20:58.092396,0 days 00:00:20.107397,,,,,,14.0,log2,4.0,5.0,380.0,,,,,ExtraTreesRegressor,,,,,,6,,,,,,,,False,-0.0017461609963581944,0.005550922059995963,98.0,0.0019023805318188845,0.003648541528177079,0.018293335957969305,1.9844674545084815,1.715616198346441,1.7657833699144116,98.0,1.7406997841304264,0.025083585783985233,0.12576599669573893,1.9844674545084815,0.25325753322381495,0.27235052112806146,98.0,0.2628040271759382,0.009546493952123274,0.047864939932359,1.9844674545084815,5.730053849266357,5.97566524052443,98.0,5.852859544895393,0.12280569562903658,0.6157325688482764,1.9844674545084815,1.3757456413040325,1.4310022303597079,98.0,1.4033739358318702,0.027628294527837726,0.1385248515989841,1.9844674545084815,99.0,0.36363636363636365,0.0006369128745952113,0.011919336150755327,98.0,0.006278124512675269,0.005641211638080058,0.02828433742865056,1.9844674545084815,ExtraTreesRegressor,"{'mode': 'original', 'type': 'ExtraTreesRegressor'}",6,"['edges_T2W40', 're_T2W40', 'pe_T2W40', 'l1_T2W40', 'l3_T2W40', 'lsc_T2W40']",0.10168730527914402,0.15127938324380794,98.0,0.12648334426147598,0.024796038982331955,0.12432427259703828,1.9844674545084815,2.185161799180316,2.2606579167098997,98.0,2.222909857945108,0.037748058764791946,0.18926409783542203,1.9844674545084815,completed,False,COMPLETE
120,1.7650749657290499,2026-06-12 00:20:58.104711,2026-06-12 00:21:17.282876,0 days 00:00:19.178165,,,,,,13.0,,4.0,5.0,355.0,,,,,ExtraTreesRegressor,,,,,,5,,,,,,,,False,-0.021274134987604085,-0.0034674147466552847,98.0,-0.012370774867129685,0.0089033601204744,0.04464034644550151,1.9844674545084815,1.7372880879287036,1.7928618435293961,98.0,1.7650749657290499,0.02778687780034619,0.13931996851321063,1.9844674545084815,0.25422670074355674,0.2729280240887723,98.0,0.26357736241616453,0.00935066167260777,0.04688306110408595,1.9844674545084815,5.585403891267376,5.848143751162841,98.0,5.716773821215108,0.13136992994773225,0.6586725804679184,1.9844674545084815,1.3961887265162456,1.4743203674679142,98.0,1.4352545469920799,0.039065820475834394,0.1958711920692356,1.9844674545084815,99.0,0.5353535353535354,-0.023539077459518075,0.004626642424005662,98.0,-0.009456217517756205,0.014082859941761868,0.07060971793087795,1.9844674545084815,ExtraTreesRegressor,"{'mode': 'original', 'type': 'ExtraTreesRegressor'}",5,"['nodes_T2W40', 'edges_T2W40', 're_T2W40', 'l1_T2W40', 'lsc_T2W40']",0.09830608564965146,0.14885554085673247,98.0,0.12358081325319197,0.0252747276035405,0.12672435813790375,1.9844674545084815,2.2003910275781484,2.2756423326131934,98.0,2.238016680095671,0.03762565251752261,0.18865036805124416,1.9844674545084815,completed,False,COMPLETE
121,1.7367684801418386,2026-06-12 00:21:17.295536,2026-06-12 00:21:38.093369,0 days 00:00:20.797833,,,,,,12.0,log2,4.0,5.0,397.0,,,,,ExtraTreesRegressor,,,,,,5,,,,,,,,False,-0.0001458090543405375,0.00822946880548364,98.0,0.004041829875571551,0.004187638929912089,0.02099630365282632,1.9844674545084815,1.7120345116472009,1.7615024486364763,98.0,1.7367684801418386,0.024733968494637784,0.1240130588488336,1.9844674545084815,0.25267396008188386,0.2716347807461407,98.0,0.2621543704140123,0.009480410332128422,0.04753360483515686,1.9844674545084815,5.698939106012127,5.93998417184624,98.0,5.819461638929184,0.12052253291705677,0.6042850733999177,1.9844674545084815,1.3870868920807333,1.4414272130449834,98.0,1.4142570525628584,0.027170160482125113,0.13622782415739382,1.9844674545084815,99.0,0.26262626262626265,0.008551139079334913,0.021726881329647018,98.0,0.015139010204490965,0.0065878711251560525,0.03303077101071052,1.9844674545084815,ExtraTreesRegressor,"{'mode': 'original', 'type': 'ExtraTreesRegressor'}",5,"['edges_T2W40', 're_T2W40', 'l1_T2W40', 'l3_T2W40', 'lsc_T2W40']",0.13720764997665755,0.18911214663252637,98.0,0.16315989830459196,0.02595224832793442,0.13012136325189438,1.9844674545084815,2.175396437276924,2.2499617463719277,98.0,2.212679091824426,0.03728265454750198,0.18693061865274305,1.9844674545084815,completed,False,COMPLETE
122,1.7367544777693062,2026-06-12 00:21:38.106126,2026-06-12 00:21:58.867113,0 days 00:00:20.760987,,,,,,12.0,log2,4.0,5.0,395.0,,,,,ExtraTreesRegressor,,,,,,5,,,,,,,,False,-0.000144341370888308,0.008242349900911619,98.0,0.004049004265011655,0.004193345635899963,0.021024916370824268,1.9844674545084815,1.7120217844827026,1.76148717105591,98.0,1.7367544777693062,0.02473269328660376,0.12400666511347316,1.9844674545084815,0.25267121349097804,0.27163036421530823,98.0,0.26215078885314314,0.009479575362165107,0.04752941839903279,1.9844674545084815,5.698917884499491,5.939938469571142,98.0,5.8194281770353165,0.12051029253582554,0.6042237016423573,1.9844674545084815,1.3872672835852833,1.4414515176100569,98.0,1.41435940059767,0.02709211701238678,0.1358365238528137,1.9844674545084815,99.0,0.26262626262626265,0.008557254342863559,0.021747347993074886,98.0,0.015152301167969222,0.006595046825105663,0.03306674908274233,1.9844674545084815,ExtraTreesRegressor,"{'mode': 'original', 'type': 'ExtraTreesRegressor'}",5,"['edges_T2W40', 're_T2W40', 'l1_T2W40', 'l3_T2W40', 'lsc_T2W40']",0.13689471784168217,0.18870503703653152,98.0,0.16279987743910684,0.02590515959742468,0.12988526618121657,1.9844674545084815,2.1753806899768513,2.249944911500396,98.0,2.2126628007386238,0.03728211076177229,0.18692789217835168,1.9844674545084815,completed,False,COMPLETE
123,1.7367684801418386,2026-06-12 00:21:58.880429,2026-06-12 00:22:19.660043,0 days 00:00:20.779614,,,,,,12.0,log2,4.0,5.0,397.0,,,,,ExtraTreesRegressor,,,,,,5,,,,,,,,False,-0.0001458090543405375,0.00822946880548364,98.0,0.004041829875571551,0.004187638929912089,0.02099630365282632,1.9844674545084815,1.7120345116472009,1.7615024486364763,98.0,1.7367684801418386,0.024733968494637784,0.1240130588488336,1.9844674545084815,0.25267396008188386,0.2716347807461407,98.0,0.2621543704140123,0.009480410332128422,0.04753360483515686,1.9844674545084815,5.698939106012127,5.93998417184624,98.0,5.819461638929184,0.12052253291705677,0.6042850733999177,1.9844674545084815,1.3870868920807333,1.4414272130449834,98.0,1.4142570525628584,0.027170160482125113,0.13622782415739382,1.9844674545084815,99.0,0.26262626262626265,0.008551139079334913,0.021726881329647018,98.0,0.015139010204490965,0.0065878711251560525,0.03303077101071052,1.9844674545084815,ExtraTreesRegressor,"{'mode': 'original', 'type': 'ExtraTreesRegressor'}",5,"['edges_T2W40', 're_T2W40', 'l1_T2W40', 'l3_T2W40', 'lsc_T2W40']",0.13720764997665755,0.18911214663252637,98.0,0.16315989830459196,0.02595224832793442,0.13012136325189438,1.9844674545084815,2.175396437276924,2.2499617463719277,98.0,2.212679091824426,0.03728265454750198,0.18693061865274305,1.9844674545084815,completed,False,COMPLETE
124,1.7405447907344545,2026-06-12 00:22:19.672827,2026-06-12 00:22:40.587614,0 days 00:00:20.914787,,,,,,13.0,log2,4.0,5.0,399.0,,,,,ExtraTreesRegressor,,,,,,6,,,,,,,,False,-0.0016724812525901705,0.005648742279304527,98.0,0.0019881305133571787,0.003660611765947349,0.018353854637260438,1.9844674545084815,1.7154694038433878,1.7656201776255211,98.0,1.7405447907344545,0.02507538689106661,0.12572488846071256,1.9844674545084815,0.2532349215161661,0.27232331349039973,98.0,0.2627791175032829,0.009544195987116826,0.04785341822003698,1.9844674545084815,5.729913110783643,5.975971261728116,98.0,5.85294218625588,0.12302907547223633,0.6168525677536838,1.9844674545084815,1.3757339223804768,1.4314329750504604,98.0,1.4035834487154686,0.027849526334991794,0.13963408051733495,1.9844674545084815,99.0,0.3333333333333333,0.0007973777149594885,0.012105729959132571,98.0,0.00645155383704603,0.005654176122086542,0.02834933974796658,1.9844674545084815,ExtraTreesRegressor,"{'mode': 'original', 'type': 'ExtraTreesRegressor'}",6,"['edges_T2W40', 're_T2W40', 'pe_T2W40', 'l1_T2W40', 'l3_T2W40', 'lsc_T2W40']",0.10189280862707367,0.15134390963059297,98.0,0.12661835912883332,0.024725550501759654,0.1239708520737093,1.9844674545084815,2.1849584061193315,2.2604794710345772,98.0,2.2227189385769544,0.037760532457622974,0.1893266393884871,1.9844674545084815,completed,False,COMPLETE
125,1.851766253589308,2026-06-12 00:22:40.600244,2026-06-12 00:22:42.379045,0 days 00:00:01.778801,,,,,,,,,,,manhattan,9.0,distance,,KNeighborsRegressor,,,,,,5,,,,,8.800065788748153,0.12805621497886607,LinearSVR,,-0.0716478071229078,-0.05283067519234027,98.0,-0.06223924115762404,0.009408565965283769,0.047173386065759035,1.9844674545084815,1.8234266164080637,1.8801058907705523,98.0,1.851766253589308,0.02833963718124428,0.14209143568183022,1.9844674545084815,0.2675768304824424,0.28676806326680626,98.0,0.27717244687462433,0.009595616392181913,0.04811123377117872,1.9844674545084815,6.295904354967659,6.700126560135486,98.0,6.498015457551572,0.20211110258391307,1.013360070551368,1.9844674545084815,1.4629599101360378,1.540595190801536,98.0,1.501777550468787,0.0388176403327491,0.19462684752758952,1.9844674545084815,99.0,0.9696969696969697,-0.17903368851331192,-0.13949303970740584,98.0,-0.15926336411035888,0.01977032440295304,0.09912596129389754,1.9844674545084815,KNeighborsRegressor,"{'mode': 'proxy', 'type': 'LinearSVR'}",5,"['lcc_T2W40', 'atd_T2W40', 'density_T2W40', 'diameter_T2W40', 'asp_T2W40']",-0.044867817298943284,0.004250546733307117,98.0,-0.020308635282818083,0.0245591820161252,0.12313670106377131,1.9844674545084815,2.356711179053252,2.437613152840341,98.0,2.3971621659467965,0.0404509868935444,0.2028162451654316,1.9844674545084815,completed,True,COMPLETE
